0. Flow F0 [E3-->E2] with period 64000, payload 492B, e2e delay 64000us, jitter 6400us
	('E3', 'S3'), Operation(0, None, 40)(0, 0)
	('S3', 'S2'), Operation(42, None, 211)(42, 171)
	('S2', 'E2'), Operation(84, None, 382)(84, 342)
1. Flow F1 [E1-->E2] with period 4000, payload 1132B, e2e delay 4000us, jitter 400us
	('E1', 'S1'), Operation(192, 192, 283)(192, 192)
	('S1', 'S2'), Operation(285, 290, 381)(290, 290)
	('S2', 'E2'), Operation(383, 388, 479)(388, 388)
2. Flow F2 [E5-->E2] with period 4000, payload 969B, e2e delay 4000us, jitter 400us
	('E5', 'S5'), Operation(145, None, 223)(145, 145)
	('S5', 'S4'), Operation(225, 230, 308)(230, 230)
	('S4', 'S3'), Operation(310, 315, 393)(315, 315)
	('S3', 'S2'), Operation(395, 400, 478)(400, 400)
	('S2', 'E2'), Operation(480, None, 687)(480, 609)
3. Flow F3 [E4-->E2] with period 8000, payload 338B, e2e delay 8000us, jitter 800us
	('E4', 'S4'), Operation(588, 588, 616)(588, 588)
	('S4', 'S3'), Operation(618, 623, 651)(623, 623)
	('S3', 'S2'), Operation(653, 658, 686)(658, 658)
	('S2', 'E2'), Operation(688, 693, 721)(693, 693)
4. Flow F4 [E2-->E3] with period 128000, payload 407B, e2e delay 128000us, jitter 12800us
	('E2', 'S2'), Operation(0, None, 33)(0, 0)
	('S2', 'S3'), Operation(35, None, 197)(35, 164)
	('S3', 'E3'), Operation(70, None, 361)(70, 328)
5. Flow F5 [E3-->E1] with period 8000, payload 1133B, e2e delay 8000us, jitter 800us
	('E3', 'S3'), Operation(119, 119, 210)(119, 119)
	('S3', 'S2'), Operation(212, 217, 308)(217, 217)
	('S2', 'S1'), Operation(310, 315, 406)(315, 315)
	('S1', 'E1'), Operation(408, 413, 504)(413, 413)
6. Flow F6 [E5-->E4] with period 8000, payload 1084B, e2e delay 8000us, jitter 800us
	('E5', 'S5'), Operation(0, None, 87)(0, 0)
	('S5', 'S4'), Operation(89, 94, 181)(94, 94)
	('S4', 'E4'), Operation(183, 188, 275)(188, 188)
7. Flow F7 [E3-->E2] with period 16000, payload 907B, e2e delay 16000us, jitter 1600us
	('E3', 'S3'), Operation(612, None, 685)(612, 612)
	('S3', 'S2'), Operation(687, 692, 765)(692, 692)
	('S2', 'E2'), Operation(767, 772, 845)(772, 772)
8. Flow F8 [E3-->E1] with period 8000, payload 493B, e2e delay 8000us, jitter 800us
	('E3', 'S3'), Operation(437, 437, 477)(437, 437)
	('S3', 'S2'), Operation(479, 484, 524)(484, 484)
	('S2', 'S1'), Operation(526, 531, 571)(531, 531)
	('S1', 'E1'), Operation(573, None, 742)(573, 702)
9. Flow F9 [E2-->E4] with period 32000, payload 471B, e2e delay 32000us, jitter 3200us
	('E2', 'S2'), Operation(158, None, 196)(158, 158)
	('S2', 'S3'), Operation(198, None, 365)(198, 327)
	('S3', 'S4'), Operation(238, 372, 410)(372, 372)
	('S4', 'E4'), Operation(412, 417, 455)(417, 417)
10. Flow F10 [E2-->E5] with period 2000, payload 550B, e2e delay 2000us, jitter 200us
	('E2', 'S2'), Operation(320, 320, 364)(320, 320)
	('S2', 'S3'), Operation(366, 371, 415)(371, 371)
	('S3', 'S4'), Operation(417, 422, 466)(422, 422)
	('S4', 'S5'), Operation(468, 473, 517)(473, 473)
	('S5', 'E5'), Operation(519, 524, 568)(524, 524)
11. Flow F11 [E4-->E5] with period 128000, payload 1128B, e2e delay 128000us, jitter 12800us
	('E4', 'S4'), Operation(425, None, 516)(425, 425)
	('S4', 'S5'), Operation(518, None, 738)(518, 647)
	('S5', 'E5'), Operation(611, None, 960)(611, 869)
12. Flow F12 [E5-->E3] with period 16000, payload 1094B, e2e delay 16000us, jitter 1600us
	('E5', 'S5'), Operation(224, None, 312)(224, 224)
	('S5', 'S4'), Operation(314, 319, 407)(319, 319)
	('S4', 'S3'), Operation(409, 414, 502)(414, 414)
	('S3', 'E3'), Operation(504, 509, 597)(509, 509)
13. Flow F13 [E5-->E2] with period 4000, payload 1319B, e2e delay 4000us, jitter 400us
	('E5', 'S5'), Operation(431, 431, 537)(431, 431)
	('S5', 'S4'), Operation(539, 544, 650)(544, 544)
	('S4', 'S3'), Operation(652, 657, 763)(657, 657)
	('S3', 'S2'), Operation(765, 770, 876)(770, 770)
	('S2', 'E2'), Operation(878, 883, 989)(883, 883)
14. Flow F14 [E1-->E2] with period 128000, payload 1264B, e2e delay 128000us, jitter 12800us
	('E1', 'S1'), Operation(777, None, 879)(777, 777)
	('S1', 'S2'), Operation(881, 886, 988)(886, 886)
	('S2', 'E2'), Operation(990, None, 1221)(990, 1119)
15. Flow F15 [E1-->E3] with period 4000, payload 1154B, e2e delay 4000us, jitter 400us
	('E1', 'S1'), Operation(303, 303, 396)(303, 303)
	('S1', 'S2'), Operation(398, 403, 496)(403, 403)
	('S2', 'S3'), Operation(498, 503, 596)(503, 503)
	('S3', 'E3'), Operation(598, 603, 696)(603, 603)
16. Flow F16 [E2-->E1] with period 8000, payload 1359B, e2e delay 8000us, jitter 800us
	('E2', 'S2'), Operation(34, 34, 143)(34, 34)
	('S2', 'S1'), Operation(145, 150, 259)(150, 150)
	('S1', 'E1'), Operation(261, 266, 375)(266, 266)
17. Flow F17 [E3-->E1] with period 8000, payload 634B, e2e delay 8000us, jitter 800us
	('E3', 'S3'), Operation(824, 824, 875)(824, 824)
	('S3', 'S2'), Operation(877, 882, 933)(882, 882)
	('S2', 'S1'), Operation(935, 940, 991)(940, 940)
	('S1', 'E1'), Operation(993, 998, 1049)(998, 998)
18. Flow F18 [E4-->E5] with period 128000, payload 468B, e2e delay 128000us, jitter 12800us
	('E4', 'S4'), Operation(0, None, 38)(0, 0)
	('S4', 'S5'), Operation(40, None, 207)(40, 169)
	('S5', 'E5'), Operation(80, None, 376)(80, 338)
19. Flow F19 [E3-->E1] with period 128000, payload 688B, e2e delay 128000us, jitter 12800us
	('E3', 'S3'), Operation(876, None, 932)(876, 876)
	('S3', 'S2'), Operation(934, None, 1119)(934, 1063)
	('S2', 'S1'), Operation(992, None, 1306)(992, 1250)
	('S1', 'E1'), Operation(1050, None, 1493)(1050, 1437)
20. Flow F20 [E4-->E2] with period 32000, payload 1322B, e2e delay 32000us, jitter 3200us
	('E4', 'S4'), Operation(899, None, 1005)(899, 899)
	('S4', 'S3'), Operation(1007, 1012, 1118)(1012, 1012)
	('S3', 'S2'), Operation(1120, None, 1355)(1120, 1249)
	('S2', 'E2'), Operation(1228, None, 1592)(1228, 1486)
21. Flow F21 [E4-->E5] with period 64000, payload 704B, e2e delay 64000us, jitter 6400us
	('E4', 'S4'), Operation(1006, None, 1063)(1006, 1006)
	('S4', 'S5'), Operation(1065, None, 1251)(1065, 1194)
	('S5', 'E5'), Operation(1124, 1258, 1315)(1258, 1258)
22. Flow F22 [E2-->E1] with period 2000, payload 970B, e2e delay 2000us, jitter 200us
	('E2', 'S2'), Operation(578, None, 656)(578, 578)
	('S2', 'S1'), Operation(658, 663, 741)(663, 663)
	('S1', 'E1'), Operation(743, 748, 826)(748, 748)
23. Flow F23 [E3-->E4] with period 64000, payload 1151B, e2e delay 64000us, jitter 6400us
	('E3', 'S3'), Operation(478, None, 571)(478, 478)
	('S3', 'S4'), Operation(573, None, 795)(573, 702)
	('S4', 'E4'), Operation(668, None, 1019)(668, 926)
24. Flow F24 [E1-->E2] with period 4000, payload 1254B, e2e delay 4000us, jitter 400us
	('E1', 'S1'), Operation(1382, 1382, 1483)(1382, 1382)
	('S1', 'S2'), Operation(1485, 1490, 1591)(1490, 1490)
	('S2', 'E2'), Operation(1593, None, 1823)(1593, 1722)
25. Flow F25 [E3-->E2] with period 8000, payload 112B, e2e delay 8000us, jitter 800us
	('E3', 'S3'), Operation(1797, 1797, 1806)(1797, 1797)
	('S3', 'S2'), Operation(1808, 1813, 1822)(1813, 1813)
	('S2', 'E2'), Operation(1824, 1829, 1838)(1829, 1829)
26. Flow F26 [E3-->E1] with period 2000, payload 392B, e2e delay 2000us, jitter 200us
	('E3', 'S3'), Operation(1382, 1382, 1414)(1382, 1382)
	('S3', 'S2'), Operation(1416, 1421, 1453)(1421, 1421)
	('S2', 'S1'), Operation(1455, 1460, 1492)(1460, 1460)
	('S1', 'E1'), Operation(1494, 1499, 1531)(1499, 1499)
27. Flow F27 [E2-->E1] with period 4000, payload 699B, e2e delay 4000us, jitter 400us
	('E2', 'S2'), Operation(384, 384, 440)(384, 384)
	('S2', 'S1'), Operation(442, 447, 503)(447, 447)
	('S1', 'E1'), Operation(505, 510, 566)(510, 510)
28. Flow F28 [E1-->E4] with period 4000, payload 1101B, e2e delay 4000us, jitter 400us
	('E1', 'S1'), Operation(517, 517, 606)(517, 517)
	('S1', 'S2'), Operation(608, None, 826)(608, 737)
	('S2', 'S3'), Operation(699, 833, 922)(833, 833)
	('S3', 'S4'), Operation(924, 929, 1018)(929, 929)
	('S4', 'E4'), Operation(1020, 1025, 1114)(1025, 1025)
29. Flow F29 [E1-->E4] with period 8000, payload 785B, e2e delay 8000us, jitter 800us
	('E1', 'S1'), Operation(924, None, 987)(924, 924)
	('S1', 'S2'), Operation(989, 994, 1057)(994, 994)
	('S2', 'S3'), Operation(1059, 1064, 1127)(1064, 1064)
	('S3', 'S4'), Operation(1129, 1134, 1197)(1134, 1134)
	('S4', 'E4'), Operation(1199, 1204, 1267)(1204, 1204)
30. Flow F30 [E3-->E2] with period 32000, payload 823B, e2e delay 32000us, jitter 3200us
	('E3', 'S3'), Operation(1807, None, 1873)(1807, 1807)
	('S3', 'S2'), Operation(1875, 1880, 1946)(1880, 1880)
	('S2', 'E2'), Operation(1948, None, 2143)(1948, 2077)
31. Flow F31 [E2-->E3] with period 8000, payload 928B, e2e delay 8000us, jitter 800us
	('E2', 'S2'), Operation(846, None, 921)(846, 846)
	('S2', 'S3'), Operation(923, 928, 1003)(928, 928)
	('S3', 'E3'), Operation(1005, 1010, 1085)(1010, 1010)
32. Flow F32 [E5-->E2] with period 32000, payload 660B, e2e delay 32000us, jitter 3200us
	('E5', 'S5'), Operation(1909, 1909, 1962)(1909, 1909)
	('S5', 'S4'), Operation(1964, 1969, 2022)(1969, 1969)
	('S4', 'S3'), Operation(2024, 2029, 2082)(2029, 2029)
	('S3', 'S2'), Operation(2084, 2089, 2142)(2089, 2089)
	('S2', 'E2'), Operation(2144, 2149, 2202)(2149, 2149)
33. Flow F33 [E5-->E3] with period 128000, payload 1164B, e2e delay 128000us, jitter 12800us
	('E5', 'S5'), Operation(927, None, 1021)(927, 927)
	('S5', 'S4'), Operation(1023, None, 1246)(1023, 1152)
	('S4', 'S3'), Operation(1119, None, 1471)(1119, 1377)
	('S3', 'E3'), Operation(1215, None, 1696)(1215, 1602)
34. Flow F34 [E1-->E5] with period 32000, payload 343B, e2e delay 32000us, jitter 3200us
	('E1', 'S1'), Operation(1068, None, 1096)(1068, 1068)
	('S1', 'S2'), Operation(1098, None, 1255)(1098, 1227)
	('S2', 'S3'), Operation(1128, 1262, 1290)(1262, 1262)
	('S3', 'S4'), Operation(1292, 1297, 1325)(1297, 1297)
	('S4', 'S5'), Operation(1327, 1332, 1360)(1332, 1332)
	('S5', 'E5'), Operation(1362, None, 1519)(1362, 1491)
35. Flow F35 [E3-->E1] with period 2000, payload 1411B, e2e delay 2000us, jitter 200us
	('E3', 'S3'), Operation(1415, 1415, 1528)(1415, 1415)
	('S3', 'S2'), Operation(1530, 1535, 1648)(1535, 1535)
	('S2', 'S1'), Operation(1650, 1655, 1768)(1655, 1655)
	('S1', 'E1'), Operation(1770, 1775, 1888)(1775, 1775)
36. Flow F36 [E1-->E5] with period 128000, payload 497B, e2e delay 128000us, jitter 12800us
	('E1', 'S1'), Operation(1550, None, 1590)(1550, 1550)
	('S1', 'S2'), Operation(1592, None, 1761)(1592, 1721)
	('S2', 'S3'), Operation(1634, None, 1932)(1634, 1892)
	('S3', 'S4'), Operation(1676, None, 2103)(1676, 2063)
	('S4', 'S5'), Operation(1718, None, 2274)(1718, 2234)
	('S5', 'E5'), Operation(1760, None, 2445)(1760, 2405)
37. Flow F37 [E4-->E2] with period 4000, payload 1297B, e2e delay 4000us, jitter 400us
	('E4', 'S4'), Operation(1977, 1977, 2081)(1977, 1977)
	('S4', 'S3'), Operation(2083, None, 2316)(2083, 2212)
	('S3', 'S2'), Operation(2189, 2323, 2427)(2323, 2323)
	('S2', 'E2'), Operation(2429, 2434, 2538)(2434, 2434)
38. Flow F38 [E4-->E1] with period 32000, payload 626B, e2e delay 32000us, jitter 3200us
	('E4', 'S4'), Operation(2578, None, 2629)(2578, 2578)
	('S4', 'S3'), Operation(2631, 2636, 2687)(2636, 2636)
	('S3', 'S2'), Operation(2689, None, 2869)(2689, 2818)
	('S2', 'S1'), Operation(2742, 2876, 2927)(2876, 2876)
	('S1', 'E1'), Operation(2929, 2934, 2985)(2934, 2934)
39. Flow F39 [E4-->E3] with period 32000, payload 573B, e2e delay 32000us, jitter 3200us
	('E4', 'S4'), Operation(716, 716, 762)(716, 716)
	('S4', 'S3'), Operation(764, None, 939)(764, 893)
	('S3', 'E3'), Operation(812, 946, 992)(946, 946)
40. Flow F40 [E5-->E3] with period 64000, payload 373B, e2e delay 64000us, jitter 6400us
	('E5', 'S5'), Operation(1467, None, 1497)(1467, 1467)
	('S5', 'S4'), Operation(1499, None, 1658)(1499, 1628)
	('S4', 'S3'), Operation(1531, 1665, 1695)(1665, 1665)
	('S3', 'E3'), Operation(1697, None, 1856)(1697, 1826)
41. Flow F41 [E2-->E1] with period 32000, payload 1150B, e2e delay 32000us, jitter 3200us
	('E2', 'S2'), Operation(1696, None, 1788)(1696, 1696)
	('S2', 'S1'), Operation(1790, 1795, 1887)(1795, 1795)
	('S1', 'E1'), Operation(1889, None, 2110)(1889, 2018)
42. Flow F42 [E5-->E2] with period 64000, payload 563B, e2e delay 64000us, jitter 6400us
	('E5', 'S5'), Operation(2221, None, 2267)(2221, 2221)
	('S5', 'S4'), Operation(2269, None, 2444)(2269, 2398)
	('S4', 'S3'), Operation(2317, 2451, 2497)(2451, 2451)
	('S3', 'S2'), Operation(2499, None, 2674)(2499, 2628)
	('S2', 'E2'), Operation(2547, None, 2851)(2547, 2805)
43. Flow F43 [E5-->E2] with period 2000, payload 416B, e2e delay 2000us, jitter 200us
	('E5', 'S5'), Operation(1705, 1705, 1739)(1705, 1705)
	('S5', 'S4'), Operation(1741, 1746, 1780)(1746, 1746)
	('S4', 'S3'), Operation(1782, 1787, 1821)(1787, 1787)
	('S3', 'S2'), Operation(1823, 1828, 1862)(1828, 1828)
	('S2', 'E2'), Operation(1864, 1869, 1903)(1869, 1869)
44. Flow F44 [E2-->E1] with period 2000, payload 593B, e2e delay 2000us, jitter 200us
	('E2', 'S2'), Operation(1443, 1443, 1491)(1443, 1443)
	('S2', 'S1'), Operation(1493, 1498, 1546)(1498, 1498)
	('S1', 'E1'), Operation(1548, 1553, 1601)(1553, 1553)
45. Flow F45 [E5-->E3] with period 16000, payload 1068B, e2e delay 16000us, jitter 1600us
	('E5', 'S5'), Operation(2512, 2512, 2598)(2512, 2512)
	('S5', 'S4'), Operation(2600, None, 2815)(2600, 2729)
	('S4', 'S3'), Operation(2688, None, 3032)(2688, 2946)
	('S3', 'E3'), Operation(2776, None, 3249)(2776, 3163)
46. Flow F46 [E1-->E2] with period 16000, payload 837B, e2e delay 16000us, jitter 1600us
	('E1', 'S1'), Operation(2060, None, 2127)(2060, 2060)
	('S1', 'S2'), Operation(2129, 2134, 2201)(2134, 2134)
	('S2', 'E2'), Operation(2203, None, 2399)(2203, 2332)
47. Flow F47 [E1-->E5] with period 4000, payload 1218B, e2e delay 4000us, jitter 400us
	('E1', 'S1'), Operation(2216, None, 2314)(2216, 2216)
	('S1', 'S2'), Operation(2316, None, 2543)(2316, 2445)
	('S2', 'S3'), Operation(2416, 2550, 2648)(2550, 2550)
	('S3', 'S4'), Operation(2650, 2655, 2753)(2655, 2655)
	('S4', 'S5'), Operation(2755, 2760, 2858)(2760, 2760)
	('S5', 'E5'), Operation(2860, 2865, 2963)(2865, 2865)
48. Flow F48 [E3-->E1] with period 32000, payload 423B, e2e delay 32000us, jitter 3200us
	('E3', 'S3'), Operation(2856, 2856, 2890)(2856, 2856)
	('S3', 'S2'), Operation(2892, None, 3055)(2892, 3021)
	('S2', 'S1'), Operation(2928, 3062, 3096)(3062, 3062)
	('S1', 'E1'), Operation(3098, 3103, 3137)(3103, 3103)
49. Flow F49 [E5-->E4] with period 16000, payload 1356B, e2e delay 16000us, jitter 1600us
	('E5', 'S5'), Operation(1136, None, 1245)(1136, 1136)
	('S5', 'S4'), Operation(1247, None, 1485)(1247, 1376)
	('S4', 'E4'), Operation(1358, None, 1725)(1358, 1616)
