0. Flow F0 [E4-->E3] with period 32000, payload 772B, e2e delay 32000us, jitter 3200us
	('E4', 'S4'), Operation(27938, None, 28000)(27938, 27938)
	('S4', 'S3'), Operation(28002, 28007, 28069)(28007, 28007)
	('S3', 'E3'), Operation(28071, None, 28262)(28071, 28200)
1. Flow F1 [E1-->E3] with period 16000, payload 858B, e2e delay 16000us, jitter 1600us
	('E1', 'S1'), Operation(4774, None, 4843)(4774, 4774)
	('S1', 'S2'), Operation(4845, 4850, 4919)(4850, 4850)
	('S2', 'S3'), Operation(4921, 4926, 4995)(4926, 4926)
	('S3', 'E3'), Operation(4997, None, 5195)(4997, 5126)
2. Flow F2 [E3-->E4] with period 128000, payload 275B, e2e delay 128000us, jitter 12800us
	('E3', 'S3'), Operation(102205, 102205, 102227)(102205, 102205)
	('S3', 'S4'), Operation(102229, 102234, 102256)(102234, 102234)
	('S4', 'E4'), Operation(102258, None, 102409)(102258, 102387)
3. Flow F3 [E1-->E2] with period 32000, payload 1350B, e2e delay 32000us, jitter 3200us
	('E1', 'S1'), Operation(3403, None, 3511)(3403, 3403)
	('S1', 'S2'), Operation(3513, 3518, 3626)(3518, 3518)
	('S2', 'E2'), Operation(3628, 3633, 3741)(3633, 3633)
4. Flow F4 [E5-->E1] with period 64000, payload 1200B, e2e delay 64000us, jitter 6400us
	('E5', 'S5'), Operation(286, None, 382)(286, 286)
	('S5', 'S4'), Operation(384, 389, 485)(389, 389)
	('S4', 'S3'), Operation(487, 492, 588)(492, 492)
	('S3', 'S2'), Operation(590, 595, 691)(595, 595)
	('S2', 'S1'), Operation(693, 698, 794)(698, 698)
	('S1', 'E1'), Operation(796, None, 1021)(796, 925)
5. Flow F5 [E4-->E3] with period 2000, payload 762B, e2e delay 2000us, jitter 200us
	('E4', 'S4'), Operation(1678, None, 1739)(1678, 1678)
	('S4', 'S3'), Operation(1741, None, 1931)(1741, 1870)
	('S3', 'E3'), Operation(1804, 1938, 1999)(1938, 1938)
6. Flow F6 [E4-->E2] with period 16000, payload 711B, e2e delay 16000us, jitter 1600us
	('E4', 'S4'), Operation(11134, None, 11191)(11134, 11134)
	('S4', 'S3'), Operation(11193, None, 11379)(11193, 11322)
	('S3', 'S2'), Operation(11252, 11386, 11443)(11386, 11386)
	('S2', 'E2'), Operation(11445, 11450, 11507)(11450, 11450)
7. Flow F7 [E5-->E2] with period 4000, payload 1329B, e2e delay 4000us, jitter 400us
	('E5', 'S5'), Operation(785, None, 892)(785, 785)
	('S5', 'S4'), Operation(894, 899, 1006)(899, 899)
	('S4', 'S3'), Operation(1008, 1013, 1120)(1013, 1013)
	('S3', 'S2'), Operation(1122, 1127, 1234)(1127, 1127)
	('S2', 'E2'), Operation(1236, None, 1472)(1236, 1365)
8. Flow F8 [E2-->E1] with period 32000, payload 1516B, e2e delay 32000us, jitter 3200us
	('E2', 'S2'), Operation(31371, None, 31493)(31371, 31371)
	('S2', 'S1'), Operation(31495, None, 31746)(31495, 31624)
	('S1', 'E1'), Operation(31619, None, 31999)(31619, 31877)
9. Flow F9 [E4-->E1] with period 16000, payload 409B, e2e delay 16000us, jitter 1600us
	('E4', 'S4'), Operation(12760, None, 12793)(12760, 12760)
	('S4', 'S3'), Operation(12795, None, 12957)(12795, 12924)
	('S3', 'S2'), Operation(12830, None, 13121)(12830, 13088)
	('S2', 'S1'), Operation(12865, 13128, 13161)(13128, 13128)
	('S1', 'E1'), Operation(13163, 13168, 13201)(13168, 13168)
10. Flow F10 [E2-->E3] with period 16000, payload 808B, e2e delay 16000us, jitter 1600us
	('E2', 'S2'), Operation(15124, None, 15189)(15124, 15124)
	('S2', 'S3'), Operation(15191, 15196, 15261)(15196, 15196)
	('S3', 'E3'), Operation(15263, None, 15457)(15263, 15392)
11. Flow F11 [E5-->E1] with period 32000, payload 180B, e2e delay 32000us, jitter 3200us
	('E5', 'S5'), Operation(27346, None, 27361)(27346, 27346)
	('S5', 'S4'), Operation(27363, None, 27507)(27363, 27492)
	('S4', 'S3'), Operation(27380, 27514, 27529)(27514, 27514)
	('S3', 'S2'), Operation(27531, None, 27675)(27531, 27660)
	('S2', 'S1'), Operation(27548, None, 27821)(27548, 27806)
	('S1', 'E1'), Operation(27565, None, 27967)(27565, 27952)
12. Flow F12 [E4-->E3] with period 16000, payload 942B, e2e delay 16000us, jitter 1600us
	('E4', 'S4'), Operation(10841, None, 10917)(10841, 10841)
	('S4', 'S3'), Operation(10919, None, 11124)(10919, 11048)
	('S3', 'E3'), Operation(10997, None, 11331)(10997, 11255)
13. Flow F13 [E2-->E3] with period 64000, payload 539B, e2e delay 64000us, jitter 6400us
	('E2', 'S2'), Operation(57409, None, 57453)(57409, 57409)
	('S2', 'S3'), Operation(57455, None, 57628)(57455, 57584)
	('S3', 'E3'), Operation(57501, None, 57803)(57501, 57759)
14. Flow F14 [E1-->E3] with period 16000, payload 772B, e2e delay 16000us, jitter 1600us
	('E1', 'S1'), Operation(2805, None, 2867)(2805, 2805)
	('S1', 'S2'), Operation(2869, None, 3060)(2869, 2998)
	('S2', 'S3'), Operation(2933, None, 3253)(2933, 3191)
	('S3', 'E3'), Operation(2997, None, 3446)(2997, 3384)
15. Flow F15 [E1-->E5] with period 2000, payload 1356B, e2e delay 2000us, jitter 200us
	('E1', 'S1'), Operation(246, None, 355)(246, 246)
	('S1', 'S2'), Operation(357, None, 595)(357, 486)
	('S2', 'S3'), Operation(468, 602, 711)(602, 602)
	('S3', 'S4'), Operation(713, None, 951)(713, 842)
	('S4', 'S5'), Operation(824, 958, 1067)(958, 958)
	('S5', 'E5'), Operation(1069, None, 1307)(1069, 1198)
16. Flow F16 [E5-->E2] with period 16000, payload 356B, e2e delay 16000us, jitter 1600us
	('E5', 'S5'), Operation(15097, None, 15126)(15097, 15097)
	('S5', 'S4'), Operation(15128, 15133, 15162)(15133, 15133)
	('S4', 'S3'), Operation(15164, None, 15322)(15164, 15293)
	('S3', 'S2'), Operation(15195, None, 15482)(15195, 15453)
	('S2', 'E2'), Operation(15226, None, 15642)(15226, 15613)
17. Flow F17 [E1-->E5] with period 8000, payload 110B, e2e delay 8000us, jitter 800us
	('E1', 'S1'), Operation(4182, None, 4191)(4182, 4182)
	('S1', 'S2'), Operation(4193, None, 4331)(4193, 4322)
	('S2', 'S3'), Operation(4204, 4338, 4347)(4338, 4338)
	('S3', 'S4'), Operation(4349, None, 4487)(4349, 4478)
	('S4', 'S5'), Operation(4360, None, 4627)(4360, 4618)
	('S5', 'E5'), Operation(4371, None, 4767)(4371, 4758)
18. Flow F18 [E4-->E2] with period 8000, payload 317B, e2e delay 8000us, jitter 800us
	('E4', 'S4'), Operation(4529, None, 4555)(4529, 4529)
	('S4', 'S3'), Operation(4557, 4562, 4588)(4562, 4562)
	('S3', 'S2'), Operation(4590, 4595, 4621)(4595, 4595)
	('S2', 'E2'), Operation(4623, None, 4778)(4623, 4752)
19. Flow F19 [E2-->E3] with period 128000, payload 1048B, e2e delay 128000us, jitter 12800us
	('E2', 'S2'), Operation(127286, None, 127370)(127286, 127286)
	('S2', 'S3'), Operation(127372, None, 127585)(127372, 127501)
	('S3', 'E3'), Operation(127458, None, 127800)(127458, 127716)
20. Flow F20 [E3-->E5] with period 2000, payload 82B, e2e delay 2000us, jitter 200us
	('E3', 'S3'), Operation(197, None, 204)(197, 197)
	('S3', 'S4'), Operation(206, 211, 218)(211, 211)
	('S4', 'S5'), Operation(220, 225, 232)(225, 225)
	('S5', 'E5'), Operation(234, None, 370)(234, 363)
21. Flow F21 [E3-->E2] with period 8000, payload 788B, e2e delay 8000us, jitter 800us
	('E3', 'S3'), Operation(3610, None, 3674)(3610, 3610)
	('S3', 'S2'), Operation(3676, None, 3869)(3676, 3805)
	('S2', 'E2'), Operation(3742, None, 4064)(3742, 4000)
22. Flow F22 [E5-->E1] with period 32000, payload 827B, e2e delay 32000us, jitter 3200us
	('E5', 'S5'), Operation(30657, None, 30724)(30657, 30657)
	('S5', 'S4'), Operation(30726, None, 30922)(30726, 30855)
	('S4', 'S3'), Operation(30795, 30929, 30996)(30929, 30929)
	('S3', 'S2'), Operation(30998, None, 31194)(30998, 31127)
	('S2', 'S1'), Operation(31067, None, 31392)(31067, 31325)
	('S1', 'E1'), Operation(31136, None, 31590)(31136, 31523)
23. Flow F23 [E5-->E3] with period 2000, payload 877B, e2e delay 2000us, jitter 200us
	('E5', 'S5'), Operation(443, None, 514)(443, 443)
	('S5', 'S4'), Operation(516, None, 716)(516, 645)
	('S4', 'S3'), Operation(589, 723, 794)(723, 723)
	('S3', 'E3'), Operation(796, None, 996)(796, 925)
24. Flow F24 [E1-->E2] with period 128000, payload 360B, e2e delay 128000us, jitter 12800us
	('E1', 'S1'), Operation(116003, None, 116032)(116003, 116003)
	('S1', 'S2'), Operation(116034, None, 116192)(116034, 116163)
	('S2', 'E2'), Operation(116065, None, 116352)(116065, 116323)
25. Flow F25 [E5-->E3] with period 32000, payload 336B, e2e delay 32000us, jitter 3200us
	('E5', 'S5'), Operation(28213, None, 28240)(28213, 28213)
	('S5', 'S4'), Operation(28242, None, 28398)(28242, 28371)
	('S4', 'S3'), Operation(28271, None, 28556)(28271, 28529)
	('S3', 'E3'), Operation(28300, None, 28714)(28300, 28687)
26. Flow F26 [E4-->E1] with period 4000, payload 862B, e2e delay 4000us, jitter 400us
	('E4', 'S4'), Operation(1, 1, 70)(1, 1)
	('S4', 'S3'), Operation(72, None, 270)(72, 201)
	('S3', 'S2'), Operation(143, 277, 346)(277, 277)
	('S2', 'S1'), Operation(348, None, 546)(348, 477)
	('S1', 'E1'), Operation(419, None, 746)(419, 677)
27. Flow F27 [E2-->E5] with period 32000, payload 672B, e2e delay 32000us, jitter 3200us
	('E2', 'S2'), Operation(31069, None, 31123)(31069, 31069)
	('S2', 'S3'), Operation(31125, 31130, 31184)(31130, 31130)
	('S3', 'S4'), Operation(31186, 31191, 31245)(31191, 31191)
	('S4', 'S5'), Operation(31247, 31252, 31306)(31252, 31252)
	('S5', 'E5'), Operation(31308, None, 31491)(31308, 31437)
28. Flow F28 [E5-->E4] with period 8000, payload 1250B, e2e delay 8000us, jitter 800us
	('E5', 'S5'), Operation(52, None, 152)(52, 52)
	('S5', 'S4'), Operation(154, None, 383)(154, 283)
	('S4', 'E4'), Operation(256, None, 614)(256, 514)
29. Flow F29 [E4-->E5] with period 64000, payload 96B, e2e delay 64000us, jitter 6400us
	('E4', 'S4'), Operation(28071, None, 28079)(28071, 28071)
	('S4', 'S5'), Operation(28081, 28086, 28094)(28086, 28086)
	('S5', 'E5'), Operation(28096, None, 28233)(28096, 28225)

SMT variables: 
	('S2', 'S3')_gcl_cycle: 32000
	F14_('S3', 'E3')_rr: 0
	F1_('S1', 'S2')_t5_min: 4919
	F11_('S5', 'S4')_t4_min: 27363
	F23_('E5', 'S5')_t5_max: 514
	F9_('S1', 'E1')_t5_max: 13201
	F11_('S2', 'S1')_rr: 0
	F15_('S5', 'E5')_rr: 0
	F16_('S5', 'S4')_rr: 4
	F16_('S2', 'E2')_tb: 15226
	F9_('E4', 'S4')_rr: 0
	F7_queue_index: 0
	('S4', 'S3')_gcl_cycle: 64000
	F7_('S5', 'S4')_rr: 16
	F12_('S4', 'S3')_t4_min: 10919
	F4_('E5', 'S5')_tb: 286
	F9_('S1', 'E1')_rr: 1
	F23_('S4', 'S3')_rr: 32
	F21_('E3', 'S3')_tb: 3610
	F19_('S2', 'S3')_t4_max: 127501
	F27_('S3', 'S4')_t4_min: 31191
	F0_('E4', 'S4')_rr: 0
	F8_('E2', 'S2')_t3_min: 31371
	F13_('E2', 'S2')_gc: False
	F9_('S2', 'S1')_rr: 4
	F22_queue_index: 0
	F13_('E2', 'S2')_rr: 0
	F26_('S4', 'S3')_t4_max: 201
	F15_('S4', 'S5')_t4_min: 958
	F5_('E4', 'S4')_gc: False
	F0_('S4', 'S3')_t4_max: 28007
	F7_('S4', 'S3')_rr: 16
	F24_('S1', 'S2')_rr: 0
	F1_('S1', 'S2')_t4_max: 4850
	F2_('E3', 'S3')_t3_max: 102205
	F7_('S3', 'S2')_gc: True
	F7_('E5', 'S5')_tb: 785
	F5_queue_index: 0
	F9_('S3', 'S2')_t4_min: 12830
	F18_('S4', 'S3')_t4_max: 4562
	F23_('S4', 'S3')_gc: True
	F9_('S2', 'S1')_t4_min: 13128
	F29_('S4', 'S5')_t4_max: 28086
	F26_('E4', 'S4')_tb: 1
	F21_('E3', 'S3')_t3_max: 3486
	F17_('S4', 'S5')_gc: False
	F5_('S3', 'E3')_t4_min: 1938
	F6_('S4', 'S3')_t4_min: 11193
	F11_('S5', 'S4')_t4_max: 27492
	F6_('S3', 'S2')_rr: 4
	F13_jitter: 258
	F1_jitter: 129
	F22_('S4', 'S3')_gc: True
	F8_('E2', 'S2')_gc: False
	F20_('S4', 'S5')_t4_max: 225
	F16_('S2', 'E2')_t4_min: 15226
	F22_('S2', 'S1')_tb: 31067
	F25_('S4', 'S3')_t4_max: 28529
	F15_jitter: 129
	F4_('S5', 'S4')_rr: 1
	F6_('E4', 'S4')_rr: 0
	F7_('E5', 'S5')_t3_max: 661
	F18_('E4', 'S4')_rr: 0
	F23_('S4', 'S3')_t4_min: 723
	F4_('S3', 'S2')_t4_min: 595
	F14_('S2', 'S3')_gc: False
	F18_('S2', 'E2')_rr: 0
	F20_('S3', 'S4')_rr: 64
	F7_('S5', 'S4')_t4_max: 899
	F28_('S5', 'S4')_rr: 0
	F25_('S5', 'S4')_t4_max: 28371
	F26_('S3', 'S2')_rr: 16
	F29_('E4', 'S4')_gc: False
	F6_queue_index: 0
	F25_('S4', 'S3')_tb: 28271
	F4_('S1', 'E1')_gc: False
	F14_('E1', 'S1')_rr: 0
	F21_('S3', 'S2')_tb: 3676
	F25_queue_index: 0
	F17_('E1', 'S1')_t3_max: 4058
	F22_('E5', 'S5')_t3_max: 30533
	F16_('S4', 'S3')_t4_max: 15293
	F5_('S4', 'S3')_rr: 0
	F17_('S2', 'S3')_gc: True
	F3_('S2', 'E2')_t3_max: 3633
	('E2', 'S2')_gcl_cycle: 1
	F28_('E5', 'S5')_t3_max: -72
	('S2', 'E2')_gcl_cycle: 32000
	F27_('E2', 'S2')_tb: 31069
	F5_('S3', 'E3')_rr: 1
	F24_('E1', 'S1')_rr: 0
	F15_('S3', 'S4')_t5_max: 951
	F14_('S2', 'S3')_rr: 0
	F24_('S2', 'E2')_t4_min: 116065
	F22_('S2', 'S1')_t4_max: 31325
	F5_('S4', 'S3')_t5_min: 1802
	F24_('S2', 'E2')_rr: 0
	F27_('S2', 'S3')_rr: 1
	F4_('E5', 'S5')_t5_min: 382
	F22_('S2', 'S1')_t4_min: 31067
	F16_('S5', 'S4')_gc: True
	F14_('S3', 'E3')_gc: False
	F4_('S5', 'S4')_t3_min: 384
	F9_('E4', 'S4')_t5_max: 12793
	F22_('S1', 'E1')_t5_max: 31590
	F1_('S2', 'S3')_gc: True
	F17_('S1', 'S2')_t4_max: 4322
	F4_('S2', 'S1')_gc: True
	F29_('E4', 'S4')_t5_min: 28079
	('S3', 'E3')_gcl_cycle: 2000
	F8_('S1', 'E1')_gc: False
	F17_('S3', 'S4')_rr: 0
	F21_('S3', 'S2')_rr: 0
	F9_('S3', 'S2')_t4_max: 13088
	F11_('S3', 'S2')_rr: 0
	F22_jitter: 387
	F4_('S1', 'E1')_rr: 0
	F6_('S2', 'E2')_t4_min: 11450
	F18_('S4', 'S3')_gc: True
	F16_('S4', 'S3')_t3_min: 15164
	F26_('S1', 'E1')_rr: 0
	F29_('S5', 'E5')_rr: 0
	F22_('S3', 'S2')_gc: False
	F1_('E1', 'S1')_gc: False
	F22_('S5', 'S4')_t4_min: 30726
	F8_('S2', 'S1')_rr: 0
	F28_jitter: 258
	F3_('S1', 'S2')_t4_max: 3518
	F10_('E2', 'S2')_tb: 15124
	F14_('E1', 'S1')_t3_max: 2681
	F14_('S1', 'S2')_t4_min: 2869
	F26_('S4', 'S3')_t4_min: 72
	F1_('S2', 'S3')_t3_min: 4921
	F21_('S2', 'E2')_t4_min: 3742
	F2_('S4', 'E4')_t4_min: 102258
	F11_('S2', 'S1')_t4_min: 27548
	F16_('S4', 'S3')_t4_min: 15164
	F26_('S1', 'E1')_t3_max: 553
	F27_('E2', 'S2')_t5_min: 31123
	F8_('S1', 'E1')_rr: 0
	F2_('S3', 'S4')_t4_max: 102234
	F4_('S3', 'S2')_rr: 1
	F6_('S2', 'E2')_rr: 2
	F13_('E2', 'S2')_tb: 57409
	F6_('S3', 'S2')_t5_min: 11443
	F24_('S2', 'E2')_tb: 116065
	F26_('S1', 'E1')_gc: False
	F26_('E4', 'S4')_t5_max: 70
	F11_('S4', 'S3')_t4_min: 27514
	F15_('S3', 'S4')_t3_max: 718
	F9_('S1', 'E1')_t4_min: 13168
	F20_('S5', 'E5')_gc: False
	F8_('S2', 'S1')_t4_min: 31495
	F27_('S3', 'S4')_gc: True
	F20_('S3', 'S4')_t5_min: 218
	('S3', 'S4')_gcl_length: 138
	F4_('E5', 'S5')_t3_max: 162
	F26_('S4', 'S3')_rr: 0
	F9_('S1', 'E1')_t5_min: 13201
	F18_('E4', 'S4')_tb: 4529
	F17_('E1', 'S1')_gc: False
	F11_('S3', 'S2')_gc: False
	F24_('E1', 'S1')_gc: False
	F7_('S4', 'S3')_t4_min: 1013
	F1_('E1', 'S1')_rr: 0
	F9_('S3', 'S2')_rr: 0
	F12_('S3', 'E3')_rr: 0
	F22_('S4', 'S3')_rr: 2
	F0_('E4', 'S4')_t3_max: 27814
	F11_('E5', 'S5')_t3_max: 27222
	F22_('S4', 'S3')_t4_min: 30929
	F3_('S2', 'E2')_t4_min: 3633
	F14_('S1', 'S2')_t4_max: 2998
	F24_('S1', 'S2')_t4_max: 116163
	F0_('S3', 'E3')_t3_max: 28076
	F3_('E1', 'S1')_rr: 0
	F8_('S1', 'E1')_t4_min: 31619
	F4_('S2', 'S1')_rr: 1
	F0_('S3', 'E3')_rr: 0
	F26_('E4', 'S4')_gc: True
	F9_('S4', 'S3')_t4_max: 12924
	F29_queue_index: 0
	F3_('E1', 'S1')_t3_max: 3279
	F6_('E4', 'S4')_gc: False
	F4_('S3', 'S2')_t4_max: 595
	F21_('S2', 'E2')_t3_max: 3876
	F23_('S5', 'S4')_rr: 0
	F5_('E4', 'S4')_t3_max: 1554
	F5_('S4', 'S3')_t4_max: 1870
	F29_('S4', 'S5')_rr: 1
	F9_('S4', 'S3')_gc: False
	F22_('E5', 'S5')_gc: False
	F8_jitter: 258
	F24_('S1', 'S2')_t4_min: 116034
	F4_('S5', 'S4')_t4_max: 389
	F23_queue_index: 0
	F17_('S3', 'S4')_t3_max: 4354
	F22_('E5', 'S5')_t5_max: 30724
	F4_('E5', 'S5')_t4_max: 286
	F25_('S5', 'S4')_t4_min: 28242
	('E1', 'S1')_gcl_cycle: 1
	F5_('S3', 'E3')_t5_max: 1999
	F10_('E2', 'S2')_t3_max: 15000
	F20_('E3', 'S3')_t5_min: 204
	F15_('S5', 'E5')_t4_min: 1069
	F20_('S3', 'S4')_t4_min: 211
	F27_('S2', 'S3')_t4_min: 31130
	F10_('S2', 'S3')_gc: True
	F18_jitter: 129
	F4_('E5', 'S5')_rr: 0
	F8_('E2', 'S2')_t3_max: 31247
	F19_('S3', 'E3')_t4_min: 127458
	('S1', 'S2')_gcl_cycle: 32000
	F4_('S4', 'S3')_gc: True
	F13_('S2', 'S3')_rr: 0
	F27_('E2', 'S2')_t3_max: 30945
	F3_('E1', 'S1')_gc: False
	F25_('S3', 'E3')_rr: 0
	F17_('S5', 'E5')_rr: 0
	F15_('S5', 'E5')_gc: False
	F13_('S3', 'E3')_t4_min: 57501
	F9_('S1', 'E1')_gc: True
	F7_('S3', 'S2')_t4_min: 1127
	F15_('E1', 'S1')_rr: 0
	F22_('S3', 'S2')_t3_min: 30998
	F21_jitter: 258
	F5_('S4', 'S3')_tb: 1741
	F5_('S3', 'E3')_gc: True
	F4_('S5', 'S4')_gc: True
	F28_('E5', 'S5')_t4_max: 52
	F4_('S2', 'S1')_t4_min: 698
	F23_('S3', 'E3')_gc: False
	F22_('S4', 'S3')_tb: 30929
	F8_('S2', 'S1')_gc: False
	F6_('S4', 'S3')_rr: 0
	F14_('S1', 'S2')_rr: 0
	F10_('E2', 'S2')_rr: 0
	F20_('S5', 'E5')_t4_min: 234
	F3_('E1', 'S1')_tb: 3403
	F11_queue_index: 0
	F10_('S2', 'S3')_t4_max: 15196
	F2_('S4', 'E4')_t3_min: 102258
	F5_jitter: 0
	F26_('S2', 'S1')_t4_min: 348
	F17_('S4', 'S5')_t5_max: 4627
	F9_('S3', 'S2')_gc: False
	F25_('E5', 'S5')_gc: False
	F11_('S5', 'S4')_rr: 0
	F17_('S4', 'S5')_t4_min: 4360
	F19_queue_index: 0
	F15_queue_index: 0
	F24_('E1', 'S1')_t3_max: 115879
	F26_jitter: 258
	F18_('S3', 'S2')_gc: True
	F23_('S5', 'S4')_t4_max: 645
	('S1', 'E1')_gcl_cycle: 16000
	F4_('S5', 'S4')_t4_min: 389
	F12_('E4', 'S4')_t3_max: 10717
	F28_('S4', 'E4')_tb: 256
	F28_('S5', 'S4')_tb: 154
	F22_('S2', 'S1')_gc: False
	F6_('S3', 'S2')_gc: True
	F1_('S3', 'E3')_t4_min: 4997
	F7_('S5', 'S4')_gc: True
	F27_('S2', 'S3')_t5_min: 31184
	F11_('S5', 'S4')_gc: False
	F21_('S3', 'S2')_t4_max: 3805
	F2_('S4', 'E4')_t5_min: 102280
	F12_queue_index: 0
	F4_jitter: 129
	F23_('S4', 'S3')_t4_max: 723
	F20_queue_index: 0
	F26_('S2', 'S1')_t4_max: 477
	F7_('S5', 'S4')_t3_min: 894
	F19_('S2', 'S3')_rr: 0
	F28_('S4', 'E4')_rr: 0
	F13_('S3', 'E3')_rr: 0
	F27_('S5', 'E5')_gc: False
	F28_('S5', 'S4')_gc: False
	F20_jitter: 129
	F10_jitter: 129
	F8_('S2', 'S1')_t5_max: 31746
	F14_queue_index: 0
	F6_('S2', 'E2')_tb: 11450
	F15_('S3', 'S4')_rr: 0
	F21_('S2', 'E2')_rr: 0
	F1_('S3', 'E3')_gc: False
	F11_('S3', 'S2')_t4_min: 27531
	F15_('S3', 'S4')_t4_max: 842
	F2_('S3', 'S4')_t4_min: 102234
	F0_jitter: 129
	F17_('S5', 'E5')_tb: 4371
	F15_('S1', 'S2')_t5_min: 466
	F3_('S2', 'E2')_rr: 1
	F11_('S1', 'E1')_t4_min: 27565
	F26_('S1', 'E1')_t3_min: 419
	F22_('S1', 'E1')_t5_min: 31203
	F13_('S2', 'S3')_tb: 57455
	F4_('E5', 'S5')_t3_min: 286
	F10_('S2', 'S3')_t4_min: 15196
	F11_('S2', 'S1')_t4_max: 27806
	F19_('E2', 'S2')_gc: False
	F4_('S1', 'E1')_t4_min: 796
	F18_('S3', 'S2')_rr: 8
	F26_('E4', 'S4')_rr: 1
	F29_('S4', 'S5')_gc: True
	F27_('S2', 'S3')_gc: True
	F14_('S2', 'S3')_t4_min: 2933
	F20_('S5', 'E5')_rr: 0
	F29_jitter: 129
	F1_('E1', 'S1')_t3_max: 4650
	F4_('S4', 'S3')_rr: 1
	F15_('S3', 'S4')_gc: False
	F20_('E3', 'S3')_t3_max: 73
	F2_('S4', 'E4')_gc: False
	F6_jitter: 0
	F17_('S1', 'S2')_t4_min: 4193
	F18_queue_index: 0
	F16_('E5', 'S5')_gc: False
	F10_('S3', 'E3')_t4_min: 15263
	F15_('S2', 'S3')_gc: True
	F6_('S3', 'S2')_t4_min: 11386
	F24_('S1', 'S2')_gc: False
	F9_jitter: 0
	F16_('S3', 'S2')_t3_min: 15195
	F3_queue_index: 0
	F10_('S3', 'E3')_t5_min: 15328
	F25_('E5', 'S5')_t5_min: 28240
	F17_('S2', 'S3')_tb: 4338
	F22_('S1', 'E1')_rr: 0
	F25_('E5', 'S5')_t3_max: 28089
	F7_('S4', 'S3')_t4_max: 1013
	F4_('S3', 'S2')_gc: True
	F27_('S3', 'S4')_t3_min: 31186
	F22_('S3', 'S2')_t4_min: 30998
	F26_('E4', 'S4')_t5_min: 70
	F0_queue_index: 0
	F28_('S5', 'S4')_t4_max: 283
	F16_queue_index: 0
	F28_queue_index: 0
	F17_('S4', 'S5')_t4_max: 4618
	F4_('S1', 'E1')_t3_max: 801
	F10_('S3', 'E3')_t5_max: 15457
	F11_('S1', 'E1')_rr: 0
	F23_('S3', 'E3')_t5_max: 996
	F1_('S2', 'S3')_t4_max: 4926
	F7_('S4', 'S3')_gc: True
	F20_('S3', 'S4')_t4_max: 211
	F26_('S3', 'S2')_t4_min: 277
	F13_('E2', 'S2')_t3_min: 57409
	F25_('S3', 'E3')_t4_min: 28300
	F18_('S2', 'E2')_t4_min: 4623
	F29_('S5', 'E5')_t4_min: 28096
	F28_('E5', 'S5')_t5_min: 152
	F15_('S2', 'S3')_t4_min: 602
	F12_('E4', 'S4')_t5_min: 10917
	F26_('S1', 'E1')_t4_min: 419
	F13_('S3', 'E3')_t5_min: 57545
	F7_('S2', 'E2')_t4_min: 1236
	F22_('S5', 'S4')_rr: 0
	F15_('S4', 'S5')_t4_max: 958
	F22_('E5', 'S5')_t3_min: 30657
	F25_('S5', 'S4')_gc: False
	F20_('S4', 'S5')_rr: 32
	F15_('S2', 'S3')_rr: 16
	('E5', 'S5')_gcl_cycle: 1
	F12_('E4', 'S4')_rr: 0
	F12_('E4', 'S4')_gc: False
	F19_('S3', 'E3')_gc: False
	F4_('S3', 'S2')_t5_min: 691
	F9_('S4', 'S3')_rr: 0
	F17_('S4', 'S5')_rr: 0
	F3_('S2', 'E2')_t4_max: 3633
	F6_('S3', 'S2')_t4_max: 11386
	F20_('S4', 'S5')_gc: True
	F1_('S3', 'E3')_rr: 0
	('E3', 'S3')_gcl_cycle: 128000
	F7_('E5', 'S5')_gc: False
	F23_('S3', 'E3')_rr: 0
	F24_jitter: 258
	F17_('S2', 'S3')_rr: 4
	F11_('S3', 'S2')_t5_max: 27675
	F22_('S4', 'S3')_t4_max: 30929
	F9_('S4', 'S3')_t4_min: 12795
	F27_('E2', 'S2')_t5_max: 31123
	F22_('S1', 'E1')_gc: False
	F9_('S1', 'E1')_t3_max: 13168
	F7_('S5', 'S4')_t4_min: 899
	F16_('S5', 'S4')_t4_max: 15133
	F16_('S4', 'S3')_rr: 0
	F19_('E2', 'S2')_t3_max: 127162
	F15_('S1', 'S2')_t4_min: 357
	F11_('E5', 'S5')_rr: 0
	F28_('E5', 'S5')_rr: 0
	F26_('S1', 'E1')_t4_max: 677
	F22_('S3', 'S2')_rr: 0
	F3_('E1', 'S1')_t5_min: 3511
	F27_('S4', 'S5')_t4_min: 31252
	F7_jitter: 129
	F18_('S2', 'E2')_gc: False
	F3_('S1', 'S2')_rr: 1
	F9_('S2', 'S1')_t4_max: 13128
	F18_('E4', 'S4')_t5_min: 4555
	F2_queue_index: 0
	F13_('E2', 'S2')_t5_min: 57453
	('S2', 'S1')_gcl_cycle: 64000
	F18_('S4', 'S3')_rr: 8
	F16_('S3', 'S2')_rr: 0
	F19_('E2', 'S2')_t4_min: 127286
	F12_('S3', 'E3')_gc: False
	F25_('S5', 'S4')_t3_min: 28242
	F27_('S4', 'S5')_t4_max: 31252
	F13_queue_index: 0
	F22_('E5', 'S5')_rr: 0
	F16_('S4', 'S3')_gc: False
	F29_('S4', 'S5')_t4_min: 28086
	F22_('S1', 'E1')_t3_min: 31136
	F20_('S4', 'S5')_t4_min: 225
	F23_('E5', 'S5')_rr: 0
	F6_('S4', 'S3')_gc: False
	F18_('S3', 'S2')_t5_max: 4621
	F6_('S4', 'S3')_t4_max: 11322
	F26_('S4', 'S3')_gc: False
	F11_jitter: 387
	F17_('S5', 'E5')_t4_min: 4371
	F21_('E3', 'S3')_rr: 0
	F2_('E3', 'S3')_t4_min: 102205
	F7_('S3', 'S2')_t4_max: 1127
	F15_('S4', 'S5')_rr: 32
	F9_('S2', 'S1')_gc: True
	F22_('S2', 'S1')_rr: 0
	F7_('S5', 'S4')_tb: 899
	F12_('S4', 'S3')_gc: False
	F22_('S5', 'S4')_gc: False
	F24_('S2', 'E2')_gc: False
	F23_('S5', 'S4')_t4_min: 516
	F21_('E3', 'S3')_t5_min: 3674
	F22_('E5', 'S5')_t5_min: 30724
	F4_('S2', 'S1')_t4_max: 698
	F27_jitter: 129
	F17_('S1', 'S2')_rr: 0
	F26_('S2', 'S1')_rr: 0
	F25_jitter: 387
	F17_('S3', 'S4')_t4_min: 4349
	F25_('S5', 'S4')_rr: 0
	F19_('S3', 'E3')_rr: 0
	F5_('E4', 'S4')_t4_min: 1678
	F21_queue_index: 0
	F2_('S3', 'S4')_gc: True
	F17_('S2', 'S3')_t4_max: 4338
	F26_queue_index: 0
	F29_('E4', 'S4')_t3_max: 27947
	F6_('E4', 'S4')_t3_max: 11010
	F16_('E5', 'S5')_t3_max: 14973
	F9_('E4', 'S4')_gc: False
	F3_('S1', 'S2')_gc: True
	F26_('S2', 'S1')_gc: False
	F26_('S2', 'S1')_t5_min: 417
	F17_('S5', 'E5')_gc: False
	F4_queue_index: 0
	F15_('S1', 'S2')_gc: False
	F5_('S4', 'S3')_gc: False
	F0_('S4', 'S3')_gc: True
	F14_('S2', 'S3')_t3_min: 2933
	F11_('E5', 'S5')_gc: False
	F22_('S3', 'S2')_t4_max: 31127
	F15_('S1', 'S2')_rr: 0
	F14_('S1', 'S2')_gc: False
	F26_('S3', 'S2')_gc: True
	F16_('E5', 'S5')_t5_max: 15126
	F10_('S3', 'E3')_gc: False
	F20_('E3', 'S3')_rr: 0
	F17_('S1', 'S2')_gc: False
	F28_('S4', 'E4')_gc: False
	F16_('S3', 'S2')_gc: False
	F13_('S2', 'S3')_t4_max: 57584
	F14_jitter: 387
	F24_('E1', 'S1')_t5_min: 116032
	F16_('S2', 'E2')_gc: False
	F11_('S5', 'S4')_t3_min: 27363
	F4_('S4', 'S3')_t4_max: 492
	F10_queue_index: 0
	F2_('E3', 'S3')_t5_min: 102227
	F6_('E4', 'S4')_t5_max: 11191
	F8_('S2', 'S1')_t4_max: 31624
	F27_('S5', 'E5')_t5_min: 31362
	F3_('S2', 'E2')_gc: True
	F22_('S1', 'E1')_t4_min: 31136
	F25_('S3', 'E3')_gc: False
	F27_('S5', 'E5')_rr: 0
	F29_('E4', 'S4')_rr: 0
	F28_('S5', 'S4')_t4_min: 154
	F27_('E2', 'S2')_rr: 0
	F14_('S3', 'E3')_t4_min: 2997
	F23_('E5', 'S5')_t4_max: 443
	F15_('S2', 'S3')_t4_max: 602
	F7_('S3', 'S2')_rr: 16
	('E4', 'S4')_gcl_cycle: 4000
	F15_('S3', 'S4')_t4_min: 713
	F1_('S1', 'S2')_gc: True
	F4_('E5', 'S5')_gc: False
	F26_('S3', 'S2')_t4_max: 277
	('S4', 'S5')_gcl_cycle: 64000
	F6_('S2', 'E2')_t5_max: 11507
	F23_('S3', 'E3')_t4_min: 796
	F23_('E5', 'S5')_t3_max: 319
	F22_('S5', 'S4')_t4_max: 30855
	F25_('S4', 'S3')_t4_min: 28271
	F27_('S3', 'S4')_rr: 4
	('S3', 'S4')_gcl_cycle: 128000
	F3_jitter: 0
	F27_queue_index: 0
	('S5', 'S4')_gcl_cycle: 64000
	F7_('S2', 'E2')_rr: 0
	F20_('E3', 'S3')_gc: False
	F10_('S3', 'E3')_rr: 0
	F2_('E3', 'S3')_gc: True
	F17_jitter: 387
	F13_('E2', 'S2')_t3_max: 57285
	F19_('S2', 'S3')_gc: False
	F27_('E2', 'S2')_gc: False
	F21_('S3', 'S2')_t4_min: 3676
	F0_('S4', 'S3')_rr: 2
	F21_('S2', 'E2')_t5_min: 3806
	F18_('S4', 'S3')_t4_min: 4562
	F2_('S4', 'E4')_rr: 0
	F9_queue_index: 0
	F16_('S2', 'E2')_t3_max: 15489
	F15_('E1', 'S1')_t3_max: 122
	F18_('E4', 'S4')_t3_max: 4405
	F6_('S4', 'S3')_t3_min: 11193
	F12_jitter: 258
	F13_('S2', 'S3')_gc: False
	F1_('E1', 'S1')_t5_min: 4843
	F7_('S2', 'E2')_gc: False
	F26_('S3', 'S2')_t5_max: 346
	F5_('S4', 'S3')_t4_min: 1741
	F6_('E4', 'S4')_t4_max: 11134
	F15_('S1', 'S2')_t4_max: 486
	F17_queue_index: 0
	F17_('S2', 'S3')_t4_min: 4338
	F0_('S3', 'E3')_gc: False
	F18_('S3', 'S2')_t4_max: 4595
	F5_('E4', 'S4')_rr: 0
	F16_('S2', 'E2')_rr: 0
	F15_('E1', 'S1')_gc: False
	F7_('S3', 'S2')_t3_max: 1127
	F8_queue_index: 0
	F1_('S1', 'S2')_rr: 2
	F29_('S5', 'E5')_gc: False
	F20_('S3', 'S4')_gc: True
	F2_('E3', 'S3')_rr: 1
	F0_('E4', 'S4')_gc: False
	F14_('S2', 'S3')_t4_max: 3191
	F28_('E5', 'S5')_t4_min: 52
	('S3', 'S2')_gcl_cycle: 64000
	F12_('S4', 'S3')_rr: 0
	F6_('S2', 'E2')_gc: True
	F19_('S3', 'E3')_t5_max: 127800
	F23_jitter: 129
	F26_('E4', 'S4')_t3_max: 1
	F10_('S2', 'S3')_rr: 2
	('S5', 'E5')_gcl_cycle: 1
	F14_('E1', 'S1')_gc: False
	F27_('S2', 'S3')_t4_max: 31130
	F27_('S4', 'S5')_rr: 2
	F15_('S3', 'S4')_tb: 713
	F23_('E5', 'S5')_gc: False
	F1_queue_index: 0
	F13_('S2', 'S3')_t4_min: 57455
	F16_('S5', 'S4')_t4_min: 15133
	F21_('S2', 'E2')_t3_min: 3742
	F8_('E2', 'S2')_rr: 0
	F2_('S3', 'S4')_rr: 1
	F25_('S4', 'S3')_gc: False
	F19_jitter: 258
	F2_jitter: 129
	F11_('S3', 'S2')_t4_max: 27660
	F3_('S1', 'S2')_t4_min: 3518
	F21_('S3', 'S2')_gc: False
	F19_('E2', 'S2')_tb: 127286
	F17_('S3', 'S4')_gc: False
	F19_('S2', 'S3')_t4_min: 127372
	F0_('S3', 'E3')_t4_min: 28071
	F23_('S5', 'S4')_gc: False
	F4_('S4', 'S3')_t4_min: 492
	F12_('S3', 'E3')_t4_min: 10997
	F15_('S4', 'S5')_gc: True
	F16_jitter: 387
	F0_('S4', 'S3')_t4_min: 28007
	F21_('E3', 'S3')_gc: False
	F13_('S3', 'E3')_gc: False
	F23_('S3', 'E3')_t3_min: 796
	F28_('E5', 'S5')_gc: False
	F16_('S3', 'S2')_t4_min: 15195
	F11_('S4', 'S3')_rr: 2
	F16_('E5', 'S5')_rr: 0
	F1_('S2', 'S3')_t4_min: 4926
	F11_('S4', 'S3')_gc: True
	F28_('S4', 'E4')_t4_min: 256
	F27_('S5', 'E5')_t4_min: 31308
	F17_('S3', 'S4')_t4_max: 4478
	F27_('S3', 'S4')_t4_max: 31191
	F1_('S1', 'S2')_t4_min: 4850
	F11_('S4', 'S3')_t4_max: 27514
	F18_('S3', 'S2')_t4_min: 4595
	F11_('S3', 'S2')_t5_min: 27546
	('S4', 'E4')_gcl_cycle: 1
	F10_('E2', 'S2')_gc: False
	F12_('S4', 'S3')_t4_max: 11048
	F15_('E1', 'S1')_t4_min: 246
	F1_('S2', 'S3')_rr: 2
	F9_('E4', 'S4')_t3_max: 12636
	F24_queue_index: 0
	F18_('E4', 'S4')_gc: False
	F27_('S4', 'S5')_gc: True
	F9_('E4', 'S4')_t4_max: 12760
	F11_('S2', 'S1')_gc: False
	F26_('S3', 'S2')_t3_min: 143
	F17_('E1', 'S1')_rr: 0
	F11_('S1', 'E1')_gc: False
	F19_('E2', 'S2')_rr: 0
	F21_('S2', 'E2')_gc: False
	F20_('E3', 'S3')_t5_max: 204
	F25_('E5', 'S5')_rr: 0
	F25_('S4', 'S3')_rr: 0
	F16_('S3', 'S2')_t4_max: 15453
	F7_('E5', 'S5')_rr: 0
	F5_('S4', 'S3')_t3_max: 1746
	F3_('S1', 'S2')_t3_max: 3518
	F15_('S1', 'S2')_t3_max: 362
	F14_('S1', 'S2')_t3_max: 2874
	F21_('S3', 'S2')_t3_max: 3681
	F1_('S1', 'S2')_t3_max: 4850
	F9_('S4', 'S3')_t3_max: 12800
	F25_('S5', 'S4')_t3_max: 28247
	F18_('S4', 'S3')_t3_max: 4562
	F29_('S4', 'S5')_t3_max: 28086
	F27_('S2', 'S3')_t3_max: 31130
	F26_('S4', 'S3')_t3_max: 77
	F8_('S2', 'S1')_t3_max: 31500
	F2_('S3', 'S4')_t3_max: 102234
	F13_('S2', 'S3')_t3_max: 57460
	F6_('S4', 'S3')_t3_max: 11198
	F12_('S4', 'S3')_t3_max: 10924
	F11_('S5', 'S4')_t3_max: 27368
	F10_('S2', 'S3')_t3_max: 15196
	F24_('S1', 'S2')_t3_max: 116039
	F19_('S2', 'S3')_t3_max: 127377
	F17_('S1', 'S2')_t3_max: 4198
	F16_('S5', 'S4')_t3_max: 15133
	F23_('S5', 'S4')_t3_max: 521
	F0_('S4', 'S3')_t3_max: 28007
	F20_('S3', 'S4')_t3_max: 211
	F7_('S5', 'S4')_t3_max: 899
	F4_('S5', 'S4')_t3_max: 389
	F28_('S5', 'S4')_t3_max: 159
	F22_('S5', 'S4')_t3_max: 30731
	F23_('S3', 'E3')_t4_max: 925
	F19_('S2', 'S3')_tb: 127372
	F22_('S1', 'E1')_t3_max: 31399
	F29_('E4', 'S4')_t3_min: 28071
	F25_('S3', 'E3')_t4_max: 28687
	F13_('S2', 'S3')_t3_min: 57455
	F15_('E1', 'S1')_t4_max: 246
	F12_('E4', 'S4')_t4_min: 10841
	F6_('E4', 'S4')_t5_min: 11191
	F4_('S4', 'S3')_t3_min: 487
	F23_('S3', 'E3')_tb: 796
	F12_('E4', 'S4')_t4_max: 10841
	F14_('S2', 'S3')_tb: 2933
	F23_('S3', 'E3')_t5_min: 867
	F6_('S3', 'S2')_t3_max: 11386
	F11_('S5', 'S4')_tb: 27363
	F17_('S4', 'S5')_t3_min: 4360
	F20_('E3', 'S3')_t4_min: 197
	F7_('S4', 'S3')_t5_max: 1120
	F4_('S4', 'S3')_t5_min: 588
	F9_('S3', 'S2')_t3_min: 12830
	F4_('S4', 'S3')_t3_max: 492
	F19_('E2', 'S2')_t3_min: 127286
	F27_('S3', 'S4')_t5_min: 31245
	F15_('S5', 'E5')_t3_max: 1074
	F6_('S4', 'S3')_t5_min: 11250
	F14_('S3', 'E3')_t3_max: 3260
	F25_('E5', 'S5')_t5_max: 28240
	F6_('S3', 'S2')_t3_min: 11252
	F20_('S4', 'S5')_t5_max: 232
	F11_('S1', 'E1')_t4_max: 27952
	F1_('S1', 'S2')_tb: 4850
	F25_('E5', 'S5')_t3_min: 28213
	F11_('S2', 'S1')_tb: 27548
	F14_('S1', 'S2')_t3_min: 2869
	F1_('S3', 'E3')_t3_max: 5002
	F12_('E4', 'S4')_t3_min: 10841
	F21_('S2', 'E2')_t5_max: 4064
	F17_('E1', 'S1')_t4_max: 4182
	F9_('E4', 'S4')_t3_min: 12760
	F11_('S1', 'E1')_t3_min: 27565
	F8_('S1', 'E1')_tb: 31619
	F12_('E4', 'S4')_tb: 10841
	F13_('S3', 'E3')_t3_min: 57501
	F16_('E5', 'S5')_tb: 15097
	F28_('S4', 'E4')_t4_max: 514
	F0_('S3', 'E3')_t3_min: 28071
	F9_('S2', 'S1')_tb: 13128
	F22_('S4', 'S3')_t3_max: 30929
	F20_('S5', 'E5')_t3_max: 239
	F15_('S2', 'S3')_tb: 602
	F14_('S3', 'E3')_tb: 2997
	F29_('S5', 'E5')_t4_max: 28225
	F25_('S4', 'S3')_t5_min: 28298
	F17_('E1', 'S1')_t3_min: 4182
	F20_('S5', 'E5')_t5_min: 241
	F19_('S3', 'E3')_t5_min: 127542
	F24_('E1', 'S1')_tb: 116003
	F25_('S4', 'S3')_t5_max: 28556
	F5_('S4', 'S3')_t5_max: 1931
	F4_('S3', 'S2')_t3_max: 595
	F9_('S2', 'S1')_t5_min: 13161
	F6_('S3', 'S2')_t5_max: 11443
	F7_('S5', 'S4')_t5_max: 1006
	('S5', 'E5')_gcl_length: 0
	F14_('S1', 'S2')_tb: 2869
	F18_('S3', 'S2')_tb: 4595
	F18_('S2', 'E2')_tb: 4623
	F8_('S2', 'S1')_t5_min: 31617
	F23_('S4', 'S3')_t3_min: 589
	F22_('S3', 'S2')_t5_max: 31194
	F4_('S1', 'E1')_tb: 796
	F15_('S2', 'S3')_t3_max: 602
	F4_('S2', 'S1')_tb: 698
	F18_('S3', 'S2')_t3_max: 4595
	F27_('S5', 'E5')_t3_min: 31308
	F14_('S2', 'S3')_t5_min: 2995
	F26_('S4', 'S3')_t5_max: 270
	F16_('S2', 'E2')_t5_min: 15255
	F17_('S1', 'S2')_tb: 4193
	F26_('S2', 'S1')_t3_max: 353
	F21_('E3', 'S3')_t4_min: 3610
	('S1', 'S2')_gcl_length: 6
	F10_('E2', 'S2')_t4_max: 15124
	('S1', 'E1')_gcl_length: 2
	F19_('S3', 'E3')_tb: 127458
	F9_('E4', 'S4')_tb: 12760
	F7_('S3', 'S2')_t3_min: 1122
	F25_('S3', 'E3')_t5_min: 28327
	F20_('E3', 'S3')_t3_min: 197
	F28_('S5', 'S4')_t5_max: 383
	F17_('E1', 'S1')_t4_min: 4182
	F10_('S3', 'E3')_t4_max: 15392
	F7_('S2', 'E2')_t4_max: 1365
	F19_('S3', 'E3')_t3_max: 127592
	F13_('S3', 'E3')_tb: 57501
	F20_('S3', 'S4')_t5_max: 218
	F15_('S5', 'E5')_tb: 1069
	F0_('S3', 'E3')_t5_min: 28133
	F26_('S3', 'S2')_tb: 277
	F28_('E5', 'S5')_t3_min: 52
	F15_('S2', 'S3')_t5_max: 711
	F3_('S1', 'S2')_t5_min: 3626
	F2_('S3', 'S4')_tb: 102234
	F10_('S3', 'E3')_t3_max: 15268
	F11_('S2', 'S1')_t3_min: 27548
	F24_('S1', 'S2')_t5_min: 116063
	F2_('S4', 'E4')_tb: 102258
	F18_('S4', 'S3')_t5_max: 4588
	F9_('S2', 'S1')_t5_max: 13161
	F26_('E4', 'S4')_t4_min: 1
	F13_('E2', 'S2')_t5_max: 57453
	F7_('S3', 'S2')_t5_min: 1234
	F4_('S3', 'S2')_t3_min: 590
	F28_('S5', 'S4')_t5_min: 254
	F11_('S2', 'S1')_t3_max: 27682
	F12_('S3', 'E3')_t3_min: 10997
	F24_('E1', 'S1')_t3_min: 116003
	F20_('E3', 'S3')_tb: 197
	F8_('S1', 'E1')_t3_min: 31619
	F27_('S2', 'S3')_tb: 31130
	F2_('S3', 'S4')_t3_min: 102229
	F21_('S3', 'S2')_t5_min: 3740
	F10_('E2', 'S2')_t5_max: 15189
	F26_('S4', 'S3')_tb: 72
	F19_('S2', 'S3')_t5_max: 127585
	F3_('S1', 'S2')_t5_max: 3626
	F18_('S3', 'S2')_t5_min: 4621
	F1_('S2', 'S3')_tb: 4926
	F0_('E4', 'S4')_t4_max: 27938
	('S2', 'S3')_gcl_length: 50
	F20_('S3', 'S4')_t3_min: 206
	F14_('S1', 'S2')_t5_min: 2931
	F6_('E4', 'S4')_t4_min: 11134
	F1_('S2', 'S3')_t5_max: 4995
	F1_('S1', 'S2')_t5_max: 4919
	F11_('E5', 'S5')_tb: 27346
	F4_('S2', 'S1')_t3_max: 698
	F29_('S4', 'S5')_t5_max: 28094
	F15_('S5', 'E5')_t5_max: 1307
	F16_('S2', 'E2')_t3_min: 15226
	F15_('S5', 'E5')_t5_min: 1178
	F9_('S4', 'S3')_t5_min: 12828
	F22_('S1', 'E1')_t4_max: 31523
	F28_('S5', 'S4')_t3_min: 154
	F19_('S3', 'E3')_t4_max: 127716
	F8_('E2', 'S2')_t4_max: 31371
	F29_('E4', 'S4')_t4_min: 28071
	F9_('E4', 'S4')_t4_min: 12760
	F4_('S2', 'S1')_t5_max: 794
	F6_('S4', 'S3')_tb: 11193
	F7_('S3', 'S2')_t5_max: 1234
	F12_('S4', 'S3')_t3_min: 10919
	F0_('S4', 'S3')_t3_min: 28002
	F4_('E5', 'S5')_t5_max: 382
	F0_('S3', 'E3')_tb: 28071
	F7_('S2', 'E2')_t3_min: 1236
	F29_('S4', 'S5')_t3_min: 28081
	F17_('S2', 'S3')_t3_max: 4338
	F15_('S4', 'S5')_t3_min: 824
	F4_('S2', 'S1')_t3_min: 693
	F23_('S5', 'S4')_t5_max: 716
	F22_('S1', 'E1')_tb: 31136
	('S2', 'S1')_gcl_length: 10
	F26_('E4', 'S4')_t3_min: 1
	F18_('S2', 'E2')_t3_min: 4623
	F23_('S4', 'S3')_t3_max: 723
	F16_('S2', 'E2')_t4_max: 15613
	F11_('S4', 'S3')_t5_min: 27529
	F3_('S2', 'E2')_tb: 3633
	F0_('E4', 'S4')_t3_min: 27938
	F24_('S1', 'S2')_t5_max: 116192
	F9_('S1', 'E1')_t3_min: 13163
	F21_('E3', 'S3')_t3_min: 3610
	F23_('S5', 'S4')_t3_min: 516
	F8_('S1', 'E1')_t4_max: 31877
	F12_('S3', 'E3')_t5_min: 11073
	F15_('S5', 'E5')_t4_max: 1198
	F25_('S5', 'S4')_tb: 28242
	F18_('S4', 'S3')_tb: 4562
	('S3', 'E3')_gcl_length: 2
	F11_('S3', 'S2')_tb: 27531
	F20_('E3', 'S3')_t4_max: 197
	F14_('S2', 'S3')_t5_max: 3253
	F17_('S4', 'S5')_tb: 4360
	F13_('S3', 'E3')_t3_max: 57635
	F17_('S4', 'S5')_t5_min: 4369
	F5_('E4', 'S4')_tb: 1678
	F7_('S2', 'E2')_t3_max: 1241
	F11_('E5', 'S5')_t5_min: 27361
	F17_('S3', 'S4')_tb: 4349
	F19_('S2', 'S3')_t5_min: 127456
	F3_('S1', 'S2')_t3_min: 3513
	('E2', 'S2')_gcl_length: 0
	F22_('S2', 'S1')_t5_max: 31392
	F18_('S4', 'S3')_t3_min: 4557
	F6_('S2', 'E2')_t4_max: 11450
	F27_('S4', 'S5')_t3_max: 31252
	F15_('S4', 'S5')_t5_min: 1067
	F22_('E5', 'S5')_t4_min: 30657
	F22_('S5', 'S4')_t5_min: 30793
	F24_('S2', 'E2')_t5_max: 116352
	F10_('S3', 'E3')_t3_min: 15263
	F25_('E5', 'S5')_t4_max: 28213
	F6_('E4', 'S4')_t3_min: 11134
	F18_('S4', 'S3')_t5_min: 4588
	F14_('E1', 'S1')_t3_min: 2805
	F4_('S1', 'E1')_t5_min: 892
	F7_('S4', 'S3')_t3_max: 1013
	F16_('S4', 'S3')_tb: 15164
	F20_('S4', 'S5')_t3_max: 225
	F13_('S3', 'E3')_t5_max: 57803
	F4_('S3', 'S2')_tb: 595
	F14_('S3', 'E3')_t5_min: 3059
	F13_('S2', 'S3')_t5_min: 57499
	F3_('E1', 'S1')_t4_max: 3403
	F15_('S3', 'S4')_t3_min: 713
	('S4', 'S5')_gcl_length: 134
	F27_('S3', 'S4')_tb: 31191
	F9_('E4', 'S4')_t5_min: 12793
	F8_('S2', 'S1')_tb: 31495
	F5_('S3', 'E3')_tb: 1938
	F9_('S1', 'E1')_t4_max: 13168
	F12_('S4', 'S3')_t5_max: 11124
	F9_('S4', 'S3')_tb: 12795
	F14_('S3', 'E3')_t5_max: 3446
	F5_('E4', 'S4')_t5_max: 1739
	F9_('S4', 'S3')_t5_max: 12957
	F9_('S4', 'S3')_t3_min: 12795
	('E4', 'S4')_gcl_length: 2
	F25_('E5', 'S5')_tb: 28213
	('S2', 'E2')_gcl_length: 6
	F1_('S3', 'E3')_t3_min: 4997
	F26_('S2', 'S1')_tb: 348
	F20_('S5', 'E5')_tb: 234
	F10_('E2', 'S2')_t3_min: 15124
	F26_('S2', 'S1')_t3_min: 348
	F26_('E4', 'S4')_t4_max: 1
	F23_('S4', 'S3')_t5_min: 794
	F0_('E4', 'S4')_t4_min: 27938
	F20_('S4', 'S5')_t3_min: 220
	F4_('S2', 'S1')_t5_min: 794
	F6_('S2', 'E2')_t3_max: 11450
	F17_('S2', 'S3')_t3_min: 4204
	F1_('E1', 'S1')_t3_min: 4774
	F15_('E1', 'S1')_t5_min: 355
	F13_('S3', 'E3')_t4_max: 57759
	F8_('S1', 'E1')_t5_max: 31999
	F11_('S5', 'S4')_t5_min: 27378
	F27_('S4', 'S5')_t5_min: 31306
	F18_('S2', 'E2')_t3_max: 4628
	F24_('S1', 'S2')_tb: 116034
	F25_('S5', 'S4')_t5_min: 28269
	F25_('S3', 'E3')_t3_max: 28563
	F17_('S5', 'E5')_t5_min: 4380
	F19_('S3', 'E3')_t3_min: 127458
	F23_('S4', 'S3')_tb: 723
	F22_('S3', 'S2')_tb: 30998
	F14_('E1', 'S1')_t5_min: 2867
	F3_('S2', 'E2')_t5_max: 3741
	F26_('S2', 'S1')_t5_max: 546
	F12_('S3', 'E3')_tb: 10997
	F10_('E2', 'S2')_t5_min: 15189
	F6_('E4', 'S4')_tb: 11134
	F4_('E5', 'S5')_t4_min: 286
	F15_('E1', 'S1')_t3_min: 246
	F21_('E3', 'S3')_t4_max: 3610
	F17_('S1', 'S2')_t5_max: 4331
	F4_('S5', 'S4')_t5_min: 485
	F10_('S2', 'S3')_tb: 15196
	F24_('E1', 'S1')_t5_max: 116032
	F7_('E5', 'S5')_t5_max: 892
	F25_('S3', 'E3')_t5_max: 28714
	F16_('S2', 'E2')_t5_max: 15642
	F29_('S5', 'E5')_t3_max: 28101
	F11_('S1', 'E1')_t3_max: 27828
	F2_('S4', 'E4')_t3_max: 102263
	F22_('E5', 'S5')_t4_max: 30657
	F2_('S4', 'E4')_t5_max: 102409
	F17_('S2', 'S3')_t5_max: 4347
	F5_('S3', 'E3')_t3_max: 1938
	F1_('S2', 'S3')_t5_min: 4995
	F5_('E4', 'S4')_t3_min: 1678
	F27_('E2', 'S2')_t4_min: 31069
	F6_('S3', 'S2')_tb: 11386
	F26_('S4', 'S3')_t3_min: 72
	F0_('E4', 'S4')_tb: 27938
	F17_('S5', 'E5')_t3_min: 4371
	F27_('S3', 'S4')_t5_max: 31245
	F10_('S2', 'S3')_t5_max: 15261
	F16_('E5', 'S5')_t4_min: 15097
	('E1', 'S1')_gcl_length: 0
	F16_('S3', 'S2')_t5_max: 15482
	F25_('S3', 'E3')_tb: 28300
	F5_('E4', 'S4')_t4_max: 1678
	F28_('S4', 'E4')_t5_min: 356
	F2_('E3', 'S3')_t4_max: 102205
	F23_('E5', 'S5')_t3_min: 443
	F21_('S3', 'S2')_t5_max: 3869
	F20_('S5', 'E5')_t5_max: 370
	F14_('E1', 'S1')_t4_max: 2805
	F8_('S1', 'E1')_t5_min: 31741
	F17_('E1', 'S1')_t5_max: 4191
	F17_('S3', 'S4')_t5_max: 4487
	F2_('E3', 'S3')_t3_min: 102205
	F22_('S2', 'S1')_t3_max: 31201
	F17_('S1', 'S2')_t3_min: 4193
	F17_('S5', 'E5')_t5_max: 4767
	F17_('E1', 'S1')_tb: 4182
	F8_('S2', 'S1')_t3_min: 31495
	F15_('S4', 'S5')_t5_max: 1067
	F29_('E4', 'S4')_t4_max: 28071
	F0_('S4', 'S3')_tb: 28007
	F16_('S5', 'S4')_t3_min: 15128
	F1_('S1', 'S2')_t3_min: 4845
	F26_('S4', 'S3')_t5_min: 141
	F8_('E2', 'S2')_t5_max: 31493
	F18_('E4', 'S4')_t4_max: 4529
	F7_('S4', 'S3')_t3_min: 1008
	F24_('S2', 'E2')_t3_min: 116065
	F4_('S3', 'S2')_t5_max: 691
	F22_('S5', 'S4')_t5_max: 30922
	F16_('S5', 'S4')_t5_max: 15162
	F25_('S5', 'S4')_t5_max: 28398
	F26_('S1', 'E1')_tb: 419
	F3_('S2', 'E2')_t3_min: 3628
	F25_('E5', 'S5')_t4_min: 28213
	F13_('S2', 'S3')_t5_max: 57628
	F27_('E2', 'S2')_t3_min: 31069
	F3_('E1', 'S1')_t3_min: 3403
	F21_('S2', 'E2')_tb: 3742
	F1_('E1', 'S1')_tb: 4774
	F10_('S2', 'S3')_t3_min: 15191
	F11_('S4', 'S3')_tb: 27514
	F15_('S3', 'S4')_t5_min: 822
	F28_('S4', 'E4')_t3_min: 256
	F19_('E2', 'S2')_t4_max: 127286
	F9_('S3', 'S2')_t5_min: 12863
	F23_('S4', 'S3')_t5_max: 794
	F11_('S1', 'E1')_t5_min: 27580
	F7_('E5', 'S5')_t4_min: 785
	F23_('S5', 'S4')_t5_min: 587
	F15_('S2', 'S3')_t5_min: 711
	F23_('E5', 'S5')_t4_min: 443
	F4_('S4', 'S3')_t5_max: 588
	F3_('S2', 'E2')_t5_min: 3741
	F14_('S3', 'E3')_t3_min: 2997
	F11_('S4', 'S3')_t5_max: 27529
	F7_('S5', 'S4')_t5_min: 1006
	F11_('S3', 'S2')_t3_min: 27531
	F17_('S5', 'E5')_t4_max: 4758
	F29_('E4', 'S4')_t5_max: 28079
	F7_('S2', 'E2')_t5_min: 1343
	F28_('E5', 'S5')_tb: 52
	F29_('S4', 'S5')_t5_min: 28094
	F10_('S2', 'S3')_t5_min: 15261
	F11_('E5', 'S5')_t4_min: 27346
	F15_('S1', 'S2')_tb: 357
	F11_('S4', 'S3')_t3_min: 27380
	F14_('E1', 'S1')_tb: 2805
	F17_('S1', 'S2')_t5_min: 4202
	F18_('E4', 'S4')_t3_min: 4529
	F10_('E2', 'S2')_t4_min: 15124
	F16_('S4', 'S3')_t5_min: 15193
	F24_('S1', 'S2')_t3_min: 116034
	F27_('S5', 'E5')_t4_max: 31437
	F27_('S2', 'S3')_t3_min: 31125
	F20_('S4', 'S5')_t5_min: 232
	F9_('S3', 'S2')_t5_max: 13121
	F26_('S3', 'S2')_t3_max: 277
	F26_('S1', 'E1')_t5_max: 746
	F22_('S4', 'S3')_t5_max: 30996
	F14_('S1', 'S2')_t5_max: 3060
	F18_('S2', 'E2')_t5_min: 4649
	F22_('S4', 'S3')_t5_min: 30996
	F18_('E4', 'S4')_t5_max: 4555
	F11_('E5', 'S5')_t5_max: 27361
	F14_('S3', 'E3')_t4_max: 3384
	F1_('E1', 'S1')_t4_max: 4774
	F1_('E1', 'S1')_t4_min: 4774
	F2_('S4', 'E4')_t4_max: 102387
	F16_('S3', 'S2')_t3_max: 15329
	F15_('S1', 'S2')_t5_max: 595
	F3_('E1', 'S1')_t4_min: 3403
	F4_('S1', 'E1')_t4_max: 925
	F19_('E2', 'S2')_t5_min: 127370
	F16_('S3', 'S2')_t5_min: 15224
	F27_('S5', 'E5')_tb: 31308
	F8_('E2', 'S2')_t4_min: 31371
	F16_('S3', 'S2')_tb: 15195
	F29_('S5', 'E5')_t3_min: 28096
	F18_('S2', 'E2')_t4_max: 4752
	F19_('S2', 'S3')_t3_min: 127372
	F2_('S3', 'S4')_t5_min: 102256
	F1_('S3', 'E3')_t5_min: 5066
	F22_('S3', 'S2')_t3_max: 31003
	F9_('S3', 'S2')_tb: 12830
	F6_('S2', 'E2')_t5_min: 11507
	F29_('E4', 'S4')_tb: 28071
	F29_('S4', 'S5')_tb: 28086
	F15_('S4', 'S5')_tb: 958
	F15_('S2', 'S3')_t3_min: 468
	F2_('E3', 'S3')_tb: 102205
	F12_('S3', 'E3')_t3_max: 11131
	F15_('S5', 'E5')_t3_min: 1069
	F17_('S2', 'S3')_t5_min: 4347
	F18_('E4', 'S4')_t4_min: 4529
	F29_('S5', 'E5')_t5_max: 28233
	F17_('S4', 'S5')_t3_max: 4494
	F0_('E4', 'S4')_t5_min: 28000
	F17_('E1', 'S1')_t5_min: 4191
	('S4', 'E4')_gcl_length: 0
	('S3', 'S2')_gcl_length: 90
	F7_('E5', 'S5')_t4_max: 785
	F24_('S2', 'E2')_t3_max: 116199
	F24_('S2', 'E2')_t4_max: 116323
	F28_('S4', 'E4')_t3_max: 390
	F28_('E5', 'S5')_t5_max: 152
	F5_('S3', 'E3')_t4_max: 1938
	F27_('S4', 'S5')_t3_min: 31247
	F23_('S5', 'S4')_tb: 516
	F23_('E5', 'S5')_tb: 443
	F22_('E5', 'S5')_tb: 30657
	F10_('S3', 'E3')_tb: 15263
	F22_('S2', 'S1')_t5_min: 31134
	F17_('S3', 'S4')_t5_min: 4358
	F13_('E2', 'S2')_t4_min: 57409
	F13_('E2', 'S2')_t4_max: 57409
	F1_('E1', 'S1')_t5_max: 4843
	F7_('S4', 'S3')_t5_min: 1120
	F7_('S4', 'S3')_tb: 1013
	F8_('S1', 'E1')_t3_max: 31753
	F11_('S2', 'S1')_t5_min: 27563
	F27_('S5', 'E5')_t3_max: 31313
	F25_('S4', 'S3')_t3_min: 28271
	F16_('E5', 'S5')_t3_min: 15097
	F3_('E1', 'S1')_t5_max: 3511
	('E5', 'S5')_gcl_length: 0
	F4_('S1', 'E1')_t3_min: 796
	F11_('S1', 'E1')_tb: 27565
	F1_('S3', 'E3')_t4_max: 5126
	F11_('E5', 'S5')_t3_min: 27346
	F24_('E1', 'S1')_t4_min: 116003
	F24_('S2', 'E2')_t5_min: 116094
	F11_('S3', 'S2')_t3_max: 27536
	F9_('S3', 'S2')_t3_max: 12964
	F22_('S3', 'S2')_t5_min: 31065
	('E3', 'S3')_gcl_length: 2
	F18_('S2', 'E2')_t5_max: 4778
	F16_('S5', 'S4')_t5_min: 15162
	F9_('S1', 'E1')_tb: 13168
	F5_('S3', 'E3')_t5_min: 1999
	F23_('E5', 'S5')_t5_min: 514
	F4_('S4', 'S3')_tb: 492
	F0_('S4', 'S3')_t5_max: 28069
	F16_('S4', 'S3')_t5_max: 15322
	F12_('S3', 'E3')_t5_max: 11331
	F11_('S4', 'S3')_t3_max: 27514
	F11_('S2', 'S1')_t5_max: 27821
	F23_('S3', 'E3')_t3_max: 801
	F28_('S4', 'E4')_t5_max: 614
	F21_('E3', 'S3')_t5_max: 3674
	F7_('E5', 'S5')_t3_min: 785
	F15_('S4', 'S5')_t3_max: 958
	F1_('S2', 'S3')_t3_max: 4926
	F22_('S5', 'S4')_t3_min: 30726
	F8_('E2', 'S2')_t5_min: 31493
	F1_('S3', 'E3')_tb: 4997
	F12_('S4', 'S3')_t5_min: 10995
	F0_('S3', 'E3')_t5_max: 28262
	F7_('S2', 'E2')_t5_max: 1472
	F7_('E5', 'S5')_t5_min: 892
	F2_('S3', 'S4')_t5_max: 102256
	F19_('E2', 'S2')_t5_max: 127370
	F27_('S5', 'E5')_t5_max: 31491
	('S5', 'S4')_gcl_length: 42
	F8_('E2', 'S2')_tb: 31371
	F24_('E1', 'S1')_t4_max: 116003
	F16_('S4', 'S3')_t3_max: 15169
	F18_('S3', 'S2')_t3_min: 4590
	F0_('S3', 'E3')_t4_max: 28200
	F2_('E3', 'S3')_t5_max: 102227
	F5_('E4', 'S4')_t5_min: 1739
	F29_('S5', 'E5')_tb: 28096
	F27_('E2', 'S2')_t4_max: 31069
	F25_('S4', 'S3')_t3_max: 28405
	F21_('S2', 'E2')_t4_max: 4000
	F17_('S5', 'E5')_t3_max: 4634
	F5_('S4', 'S3')_t3_min: 1741
	F12_('S4', 'S3')_tb: 10919
	F27_('S3', 'S4')_t3_max: 31191
	F20_('S5', 'E5')_t4_max: 363
	F9_('S2', 'S1')_t3_max: 13128
	F11_('S1', 'E1')_t5_max: 27967
	F7_('S3', 'S2')_tb: 1127
	F15_('S1', 'S2')_t3_min: 357
	F9_('S2', 'S1')_t3_min: 12865
	F22_('S4', 'S3')_t3_min: 30795
	F17_('S3', 'S4')_t3_min: 4349
	F26_('S1', 'E1')_t5_min: 488
	F7_('S2', 'E2')_tb: 1236
	F26_('S3', 'S2')_t5_min: 346
	F14_('E1', 'S1')_t5_max: 2867
	F12_('S3', 'E3')_t4_max: 11255
	F29_('S5', 'E5')_t5_min: 28104
	F14_('E1', 'S1')_t4_min: 2805
	F0_('E4', 'S4')_t5_max: 28000
	F25_('S3', 'E3')_t3_min: 28300
	F20_('S5', 'E5')_t3_min: 234
	F16_('S5', 'S4')_tb: 15133
	F11_('S5', 'S4')_t5_max: 27507
	F27_('S4', 'S5')_tb: 31252
	F6_('S4', 'S3')_t5_max: 11379
	F1_('S3', 'E3')_t5_max: 5195
	F5_('S3', 'E3')_t3_min: 1804
	F12_('E4', 'S4')_t5_max: 10917
	F16_('E5', 'S5')_t4_max: 15097
	F14_('S2', 'S3')_t3_max: 3067
	F6_('S2', 'E2')_t3_min: 11445
	F3_('S1', 'S2')_tb: 3518
	F15_('E1', 'S1')_t5_max: 355
	F4_('S1', 'E1')_t5_max: 1021
	F22_('S2', 'S1')_t3_min: 31067
	F16_('E5', 'S5')_t5_min: 15126
	F11_('E5', 'S5')_t4_max: 27346
	('S4', 'S3')_gcl_length: 126
	F22_('S5', 'S4')_tb: 30726
	F20_('S4', 'S5')_tb: 225
	F20_('S3', 'S4')_tb: 211
	F4_('S5', 'S4')_t5_max: 485
	F0_('S4', 'S3')_t5_min: 28069
	F21_('S3', 'S2')_t3_min: 3676
	F15_('E1', 'S1')_tb: 246
	F4_('S5', 'S4')_tb: 389
	F27_('S4', 'S5')_t5_max: 31306
	F27_('S2', 'S3')_t5_max: 31184
