0. Flow F0 [E2-->E1] with period 4000, payload 1049B, e2e delay 4000us, jitter 400us
	('E2', 'S2'), Operation(809, None, 893)(809, 809)
	('S2', 'S1'), Operation(895, 900, 984)(900, 900)
	('S1', 'E1'), Operation(986, 991, 1075)(991, 991)
1. Flow F1 [E3-->E2] with period 32000, payload 677B, e2e delay 32000us, jitter 3200us
	('E3', 'S3'), Operation(14820, None, 14875)(14820, 14820)
	('S3', 'S2'), Operation(14877, 14882, 14937)(14882, 14882)
	('S2', 'E2'), Operation(14939, None, 15123)(14939, 15068)
2. Flow F2 [E1-->E2] with period 4000, payload 1342B, e2e delay 4000us, jitter 400us
	('E1', 'S1'), Operation(3076, None, 3184)(3076, 3076)
	('S1', 'S2'), Operation(3186, 3315, 3423)(3315, 3315)
	('S2', 'E2'), Operation(3425, 3430, 3538)(3430, 3430)
3. Flow F3 [E1-->E3] with period 4000, payload 1441B, e2e delay 4000us, jitter 400us
	('E1', 'S1'), Operation(407, None, 523)(407, 407)
	('S1', 'S2'), Operation(525, 653, 769)(653, 653)
	('S2', 'S3'), Operation(771, None, 1016)(771, 900)
	('S3', 'E3'), Operation(889, None, 1263)(889, 1147)
4. Flow F4 [E5-->E3] with period 8000, payload 1032B, e2e delay 8000us, jitter 800us
	('E5', 'S5'), Operation(1112, None, 1195)(1112, 1112)
	('S5', 'S4'), Operation(1197, 1308, 1391)(1308, 1308)
	('S4', 'S3'), Operation(1393, 1398, 1481)(1398, 1398)
	('S3', 'E3'), Operation(1483, None, 1695)(1483, 1612)
5. Flow F5 [E2-->E3] with period 128000, payload 159B, e2e delay 128000us, jitter 12800us
	('E2', 'S2'), Operation(84170, None, 84183)(84170, 84170)
	('S2', 'S3'), Operation(84185, None, 84327)(84185, 84314)
	('S3', 'E3'), Operation(84200, None, 84471)(84200, 84458)
6. Flow F6 [E3-->E4] with period 4000, payload 720B, e2e delay 4000us, jitter 400us
	('E3', 'S3'), Operation(2491, None, 2549)(2491, 2491)
	('S3', 'S4'), Operation(2551, 2679, 2737)(2679, 2679)
	('S4', 'E4'), Operation(2739, 2867, 2925)(2867, 2867)
7. Flow F7 [E4-->E1] with period 8000, payload 1434B, e2e delay 8000us, jitter 800us
	('E4', 'S4'), Operation(4257, None, 4372)(4257, 4257)
	('S4', 'S3'), Operation(4374, 4379, 4494)(4379, 4379)
	('S3', 'S2'), Operation(4496, 4501, 4616)(4501, 4501)
	('S2', 'S1'), Operation(4618, 4748, 4863)(4748, 4748)
	('S1', 'E1'), Operation(4865, 4870, 4985)(4870, 4870)
8. Flow F8 [E1-->E4] with period 64000, payload 64B, e2e delay 64000us, jitter 6400us
	('E1', 'S1'), Operation(55740, None, 55746)(55740, 55740)
	('S1', 'S2'), Operation(55748, None, 55883)(55748, 55877)
	('S2', 'S3'), Operation(55756, 55890, 55896)(55890, 55890)
	('S3', 'S4'), Operation(55898, 56026, 56032)(56026, 56026)
	('S4', 'E4'), Operation(56034, 56042, 56048)(56042, 56042)
9. Flow F9 [E5-->E2] with period 8000, payload 127B, e2e delay 8000us, jitter 800us
	('E5', 'S5'), Operation(2571, None, 2582)(2571, 2571)
	('S5', 'S4'), Operation(2584, None, 2724)(2584, 2713)
	('S4', 'S3'), Operation(2597, 2731, 2742)(2731, 2731)
	('S3', 'S2'), Operation(2744, 2873, 2884)(2873, 2873)
	('S2', 'E2'), Operation(2886, None, 3026)(2886, 3015)
10. Flow F10 [E4-->E2] with period 32000, payload 855B, e2e delay 32000us, jitter 3200us
	('E4', 'S4'), Operation(30468, None, 30537)(30468, 30468)
	('S4', 'S3'), Operation(30539, None, 30737)(30539, 30668)
	('S3', 'S2'), Operation(30610, None, 30937)(30610, 30868)
	('S2', 'E2'), Operation(30681, None, 31137)(30681, 31068)
11. Flow F11 [E1-->E5] with period 4000, payload 441B, e2e delay 4000us, jitter 400us
	('E1', 'S1'), Operation(100, None, 136)(100, 100)
	('S1', 'S2'), Operation(138, 290, 326)(290, 290)
	('S2', 'S3'), Operation(328, None, 493)(328, 457)
	('S3', 'S4'), Operation(366, 500, 536)(500, 500)
	('S4', 'S5'), Operation(538, 666, 702)(666, 666)
	('S5', 'E5'), Operation(704, None, 869)(704, 833)
12. Flow F12 [E2-->E5] with period 4000, payload 208B, e2e delay 4000us, jitter 400us
	('E2', 'S2'), Operation(672, None, 689)(672, 672)
	('S2', 'S3'), Operation(691, 696, 713)(696, 696)
	('S3', 'S4'), Operation(715, 720, 737)(720, 720)
	('S4', 'S5'), Operation(739, 869, 886)(869, 869)
	('S5', 'E5'), Operation(888, 978, 995)(978, 978)
13. Flow F13 [E1-->E5] with period 64000, payload 1354B, e2e delay 64000us, jitter 6400us
	('E1', 'S1'), Operation(51313, None, 51422)(51313, 51313)
	('S1', 'S2'), Operation(51424, 51548, 51657)(51548, 51548)
	('S2', 'S3'), Operation(51659, 51787, 51896)(51787, 51787)
	('S3', 'S4'), Operation(51898, None, 52136)(51898, 52027)
	('S4', 'S5'), Operation(52009, 52143, 52252)(52143, 52143)
	('S5', 'E5'), Operation(52254, 52382, 52491)(52382, 52382)
14. Flow F14 [E1-->E2] with period 64000, payload 1134B, e2e delay 64000us, jitter 6400us
	('E1', 'S1'), Operation(59604, None, 59695)(59604, 59604)
	('S1', 'S2'), Operation(59697, 59825, 59916)(59825, 59825)
	('S2', 'E2'), Operation(59918, None, 60138)(59918, 60047)
15. Flow F15 [E1-->E2] with period 16000, payload 786B, e2e delay 16000us, jitter 1600us
	('E1', 'S1'), Operation(12004, None, 12067)(12004, 12004)
	('S1', 'S2'), Operation(12069, 12074, 12137)(12074, 12074)
	('S2', 'E2'), Operation(12139, None, 12331)(12139, 12268)
16. Flow F16 [E2-->E3] with period 4000, payload 1033B, e2e delay 4000us, jitter 400us
	('E2', 'S2'), Operation(1521, None, 1604)(1521, 1521)
	('S2', 'S3'), Operation(1606, 1611, 1694)(1611, 1611)
	('S3', 'E3'), Operation(1696, 1701, 1784)(1701, 1701)
17. Flow F17 [E4-->E5] with period 32000, payload 777B, e2e delay 32000us, jitter 3200us
	('E4', 'S4'), Operation(19875, None, 19938)(19875, 19875)
	('S4', 'S5'), Operation(19940, 19945, 20008)(19945, 19945)
	('S5', 'E5'), Operation(20010, 20139, 20202)(20139, 20139)
18. Flow F18 [E5-->E3] with period 2000, payload 422B, e2e delay 2000us, jitter 200us
	('E5', 'S5'), Operation(1521, None, 1555)(1521, 1521)
	('S5', 'S4'), Operation(1557, 1635, 1669)(1635, 1635)
	('S4', 'S3'), Operation(1671, 1749, 1783)(1749, 1749)
	('S3', 'E3'), Operation(1785, None, 1948)(1785, 1914)
19. Flow F19 [E5-->E2] with period 4000, payload 1499B, e2e delay 4000us, jitter 400us
	('E5', 'S5'), Operation(2916, None, 3036)(2916, 2916)
	('S5', 'S4'), Operation(3038, 3168, 3288)(3168, 3168)
	('S4', 'S3'), Operation(3290, 3295, 3415)(3295, 3295)
	('S3', 'S2'), Operation(3417, None, 3666)(3417, 3546)
	('S2', 'E2'), Operation(3539, None, 3917)(3539, 3797)
20. Flow F20 [E1-->E5] with period 32000, payload 951B, e2e delay 32000us, jitter 3200us
	('E1', 'S1'), Operation(26577, None, 26654)(26577, 26577)
	('S1', 'S2'), Operation(26656, None, 26862)(26656, 26785)
	('S2', 'S3'), Operation(26735, 26869, 26946)(26869, 26869)
	('S3', 'S4'), Operation(26948, 27078, 27155)(27078, 27078)
	('S4', 'S5'), Operation(27157, 27186, 27263)(27186, 27186)
	('S5', 'E5'), Operation(27265, None, 27471)(27265, 27394)
21. Flow F21 [E1-->E5] with period 4000, payload 1323B, e2e delay 4000us, jitter 400us
	('E1', 'S1'), Operation(2832, None, 2938)(2832, 2832)
	('S1', 'S2'), Operation(2940, None, 3175)(2940, 3069)
	('S2', 'S3'), Operation(3048, None, 3412)(3048, 3306)
	('S3', 'S4'), Operation(3156, None, 3649)(3156, 3543)
	('S4', 'S5'), Operation(3264, 3656, 3762)(3656, 3656)
	('S5', 'E5'), Operation(3764, None, 3999)(3764, 3893)
22. Flow F22 [E2-->E3] with period 4000, payload 556B, e2e delay 4000us, jitter 400us
	('E2', 'S2'), Operation(3850, None, 3895)(3850, 3850)
	('S2', 'S3'), Operation(3897, 3902, 3947)(3902, 3902)
	('S3', 'E3'), Operation(3949, 3954, 3999)(3954, 3954)
23. Flow F23 [E4-->E1] with period 32000, payload 705B, e2e delay 32000us, jitter 3200us
	('E4', 'S4'), Operation(21836, None, 21893)(21836, 21836)
	('S4', 'S3'), Operation(21895, None, 22081)(21895, 22024)
	('S3', 'S2'), Operation(21954, None, 22269)(21954, 22212)
	('S2', 'S1'), Operation(22013, None, 22457)(22013, 22400)
	('S1', 'E1'), Operation(22072, None, 22645)(22072, 22588)
24. Flow F24 [E1-->E2] with period 8000, payload 1235B, e2e delay 8000us, jitter 800us
	('E1', 'S1'), Operation(2326, None, 2425)(2326, 2326)
	('S1', 'S2'), Operation(2427, None, 2655)(2427, 2556)
	('S2', 'E2'), Operation(2528, None, 2885)(2528, 2786)
25. Flow F25 [E5-->E1] with period 2000, payload 837B, e2e delay 2000us, jitter 200us
	('E5', 'S5'), Operation(726, None, 793)(726, 726)
	('S5', 'S4'), Operation(795, 800, 867)(800, 800)
	('S4', 'S3'), Operation(869, None, 1065)(869, 998)
	('S3', 'S2'), Operation(938, None, 1263)(938, 1196)
	('S2', 'S1'), Operation(1007, None, 1461)(1007, 1394)
	('S1', 'E1'), Operation(1076, 1468, 1535)(1468, 1468)
26. Flow F26 [E5-->E2] with period 128000, payload 1390B, e2e delay 128000us, jitter 12800us
	('E5', 'S5'), Operation(25556, None, 25668)(25556, 25556)
	('S5', 'S4'), Operation(25670, None, 25911)(25670, 25799)
	('S4', 'S3'), Operation(25784, None, 26154)(25784, 26042)
	('S3', 'S2'), Operation(25898, 26286, 26398)(26286, 26286)
	('S2', 'E2'), Operation(26400, 26405, 26517)(26405, 26405)
27. Flow F27 [E5-->E2] with period 16000, payload 178B, e2e delay 16000us, jitter 1600us
	('E5', 'S5'), Operation(8445, None, 8460)(8445, 8445)
	('S5', 'S4'), Operation(8462, None, 8606)(8462, 8591)
	('S4', 'S3'), Operation(8479, None, 8752)(8479, 8737)
	('S3', 'S2'), Operation(8496, None, 8898)(8496, 8883)
	('S2', 'E2'), Operation(8513, 8905, 8920)(8905, 8905)
28. Flow F28 [E3-->E4] with period 128000, payload 593B, e2e delay 128000us, jitter 12800us
	('E3', 'S3'), Operation(120487, None, 120535)(120487, 120487)
	('S3', 'S4'), Operation(120537, None, 120714)(120537, 120666)
	('S4', 'E4'), Operation(120587, 120721, 120769)(120721, 120721)
29. Flow F29 [E2-->E5] with period 8000, payload 545B, e2e delay 8000us, jitter 800us
	('E2', 'S2'), Operation(3964, None, 4008)(3964, 3964)
	('S2', 'S3'), Operation(4010, 4140, 4184)(4140, 4140)
	('S3', 'S4'), Operation(4186, 4207, 4251)(4207, 4207)
	('S4', 'S5'), Operation(4253, 4484, 4528)(4484, 4484)
	('S5', 'E5'), Operation(4530, None, 4703)(4530, 4659)
30. Flow F30 [E4-->E1] with period 16000, payload 812B, e2e delay 16000us, jitter 1600us
	('E4', 'S4'), Operation(489, None, 554)(489, 489)
	('S4', 'S3'), Operation(556, None, 750)(556, 685)
	('S3', 'S2'), Operation(623, 757, 822)(757, 757)
	('S2', 'S1'), Operation(824, 829, 894)(829, 829)
	('S1', 'E1'), Operation(896, 920, 985)(920, 920)
31. Flow F31 [E2-->E1] with period 4000, payload 951B, e2e delay 4000us, jitter 400us
	('E2', 'S2'), Operation(1702, None, 1779)(1702, 1702)
	('S2', 'S1'), Operation(1781, None, 1987)(1781, 1910)
	('S1', 'E1'), Operation(1860, 1994, 2071)(1994, 1994)
32. Flow F32 [E5-->E3] with period 32000, payload 1442B, e2e delay 32000us, jitter 3200us
	('E5', 'S5'), Operation(31171, None, 31287)(31171, 31171)
	('S5', 'S4'), Operation(31289, 31298, 31414)(31298, 31298)
	('S4', 'S3'), Operation(31416, None, 31661)(31416, 31545)
	('S3', 'E3'), Operation(31534, 31668, 31784)(31668, 31668)
33. Flow F33 [E2-->E3] with period 128000, payload 829B, e2e delay 128000us, jitter 12800us
	('E2', 'S2'), Operation(20425, None, 20492)(20425, 20425)
	('S2', 'S3'), Operation(20494, None, 20690)(20494, 20623)
	('S3', 'E3'), Operation(20563, None, 20888)(20563, 20821)
34. Flow F34 [E2-->E1] with period 64000, payload 402B, e2e delay 64000us, jitter 6400us
	('E2', 'S2'), Operation(24697, None, 24730)(24697, 24697)
	('S2', 'S1'), Operation(24732, 24861, 24894)(24861, 24861)
	('S1', 'E1'), Operation(24896, 24901, 24934)(24901, 24901)
35. Flow F35 [E4-->E1] with period 64000, payload 199B, e2e delay 64000us, jitter 6400us
	('E4', 'S4'), Operation(51766, None, 51782)(51766, 51766)
	('S4', 'S3'), Operation(51784, 51789, 51805)(51789, 51789)
	('S3', 'S2'), Operation(51807, None, 51952)(51807, 51936)
	('S2', 'S1'), Operation(51825, 52076, 52092)(52076, 52076)
	('S1', 'E1'), Operation(52094, None, 52239)(52094, 52223)
36. Flow F36 [E1-->E4] with period 16000, payload 106B, e2e delay 16000us, jitter 1600us
	('E1', 'S1'), Operation(2178, None, 2187)(2178, 2178)
	('S1', 'S2'), Operation(2189, 2317, 2326)(2317, 2317)
	('S2', 'S3'), Operation(2328, 3007, 3016)(3007, 3007)
	('S3', 'S4'), Operation(3018, 3146, 3155)(3146, 3146)
	('S4', 'E4'), Operation(3157, None, 3295)(3157, 3286)
37. Flow F37 [E1-->E2] with period 32000, payload 1088B, e2e delay 32000us, jitter 3200us
	('E1', 'S1'), Operation(24741, None, 24829)(24741, 24741)
	('S1', 'S2'), Operation(24831, None, 25048)(24831, 24960)
	('S2', 'E2'), Operation(24921, None, 25267)(24921, 25179)
38. Flow F38 [E4-->E1] with period 4000, payload 669B, e2e delay 4000us, jitter 400us
	('E4', 'S4'), Operation(11, None, 65)(11, 11)
	('S4', 'S3'), Operation(67, 72, 126)(72, 72)
	('S3', 'S2'), Operation(128, None, 311)(128, 257)
	('S2', 'S1'), Operation(184, None, 496)(184, 442)
	('S1', 'E1'), Operation(240, 503, 557)(503, 503)
39. Flow F39 [E5-->E1] with period 16000, payload 1447B, e2e delay 16000us, jitter 1600us
	('E5', 'S5'), Operation(5916, 5916, 6032)(5916, 5916)
	('S5', 'S4'), Operation(6034, None, 6279)(6034, 6163)
	('S4', 'S3'), Operation(6152, None, 6526)(6152, 6410)
	('S3', 'S2'), Operation(6270, 6589, 6705)(6589, 6589)
	('S2', 'S1'), Operation(6707, None, 6952)(6707, 6836)
	('S1', 'E1'), Operation(6825, 6959, 7075)(6959, 6959)
40. Flow F40 [E5-->E4] with period 32000, payload 730B, e2e delay 32000us, jitter 3200us
	('E5', 'S5'), Operation(23927, None, 23986)(23927, 23927)
	('S5', 'S4'), Operation(23988, None, 24176)(23988, 24117)
	('S4', 'E4'), Operation(24049, None, 24366)(24049, 24307)
41. Flow F41 [E2-->E5] with period 64000, payload 81B, e2e delay 64000us, jitter 6400us
	('E2', 'S2'), Operation(11956, None, 11963)(11956, 11956)
	('S2', 'S3'), Operation(11965, 11970, 11977)(11970, 11970)
	('S3', 'S4'), Operation(11979, 11984, 11991)(11984, 11984)
	('S4', 'S5'), Operation(11993, 11998, 12005)(11998, 11998)
	('S5', 'E5'), Operation(12007, None, 12143)(12007, 12136)
42. Flow F42 [E4-->E1] with period 4000, payload 1420B, e2e delay 4000us, jitter 400us
	('E4', 'S4'), Operation(138, None, 252)(138, 138)
	('S4', 'S3'), Operation(254, 259, 373)(259, 259)
	('S3', 'S2'), Operation(375, 381, 495)(381, 381)
	('S2', 'S1'), Operation(497, 503, 617)(503, 503)
	('S1', 'E1'), Operation(619, None, 862)(619, 748)
43. Flow F43 [E5-->E1] with period 4000, payload 818B, e2e delay 4000us, jitter 400us
	('E5', 'S5'), Operation(933, None, 999)(933, 933)
	('S5', 'S4'), Operation(1001, None, 1196)(1001, 1130)
	('S4', 'S3'), Operation(1069, 1326, 1392)(1326, 1326)
	('S3', 'S2'), Operation(1394, None, 1589)(1394, 1523)
	('S2', 'S1'), Operation(1462, 1596, 1662)(1596, 1596)
	('S1', 'E1'), Operation(1664, None, 1859)(1664, 1793)
44. Flow F44 [E4-->E2] with period 16000, payload 703B, e2e delay 16000us, jitter 1600us
	('E4', 'S4'), Operation(4504, None, 4561)(4504, 4504)
	('S4', 'S3'), Operation(4563, None, 4749)(4563, 4692)
	('S3', 'S2'), Operation(4622, None, 4937)(4622, 4880)
	('S2', 'E2'), Operation(4681, None, 5125)(4681, 5068)
45. Flow F45 [E5-->E3] with period 32000, payload 230B, e2e delay 32000us, jitter 3200us
	('E5', 'S5'), Operation(15742, None, 15761)(15742, 15742)
	('S5', 'S4'), Operation(15763, None, 15911)(15763, 15892)
	('S4', 'S3'), Operation(15784, 16047, 16066)(16047, 16047)
	('S3', 'E3'), Operation(16068, None, 16216)(16068, 16197)
46. Flow F46 [E4-->E1] with period 16000, payload 127B, e2e delay 16000us, jitter 1600us
	('E4', 'S4'), Operation(13821, None, 13832)(13821, 13821)
	('S4', 'S3'), Operation(13834, 13962, 13973)(13962, 13962)
	('S3', 'S2'), Operation(13975, None, 14115)(13975, 14104)
	('S2', 'S1'), Operation(13988, 14922, 14933)(14922, 14922)
	('S1', 'E1'), Operation(14935, None, 15075)(14935, 15064)
47. Flow F47 [E1-->E2] with period 2000, payload 124B, e2e delay 2000us, jitter 200us
	('E1', 'S1'), Operation(315, None, 325)(315, 315)
	('S1', 'S2'), Operation(327, 332, 342)(332, 332)
	('S2', 'E2'), Operation(344, 349, 359)(349, 349)
48. Flow F48 [E3-->E5] with period 2000, payload 1331B, e2e delay 2000us, jitter 200us
	('E3', 'S3'), Operation(629, None, 736)(629, 629)
	('S3', 'S4'), Operation(738, 778, 885)(778, 778)
	('S4', 'S5'), Operation(887, None, 1123)(887, 1016)
	('S5', 'E5'), Operation(996, 1157, 1264)(1157, 1157)
49. Flow F49 [E3-->E4] with period 32000, payload 74B, e2e delay 32000us, jitter 3200us
	('E3', 'S3'), Operation(24221, None, 24227)(24221, 24221)
	('S3', 'S4'), Operation(24229, 24359, 24365)(24359, 24359)
	('S4', 'E4'), Operation(24367, None, 24502)(24367, 24496)

SMT variables: 
	F26_('S5', 'S4')_gc: False
	F27_('S5', 'S4')_rr: 0
	F0_('S2', 'S1')_rr: 16
	F32_jitter: 0
	F13_('S2', 'S3')_tb: 51787
	F27_('E5', 'S5')_rr: 0
	F38_('E4', 'S4')_rr: 0
	('S4', 'S3')_gcl_cycle: 64000
	F27_('S3', 'S2')_gc: False
	F38_('S2', 'S1')_t4_max: 442
	F7_queue_index: 0
	F3_('S3', 'E3')_gc: False
	F2_('S1', 'S2')_t4_min: 3315
	F14_('S2', 'E2')_t5_min: 60009
	F43_('S3', 'S2')_gc: False
	F46_('E4', 'S4')_rr: 0
	F49_('E3', 'S3')_gc: False
	F36_('S2', 'S3')_gc: True
	F43_('S5', 'S4')_gc: False
	F46_('S4', 'S3')_rr: 4
	F22_queue_index: 0
	F16_('S2', 'S3')_t4_max: 1611
	F34_('S2', 'S1')_t4_min: 24861
	F2_('S1', 'S2')_t3_max: 3191
	F26_('S4', 'S3')_t4_max: 26042
	F44_('S2', 'E2')_t4_min: 4681
	F7_('E4', 'S4')_rr: 0
	F2_('E1', 'S1')_tb: 3076
	F19_('E5', 'S5')_t3_max: 2792
	F7_('S4', 'S3')_rr: 8
	F22_('S3', 'E3')_rr: 8
	F48_('S4', 'S5')_t4_max: 1016
	F2_('E1', 'S1')_rr: 0
	F25_('S2', 'S1')_t4_max: 1394
	F9_('S3', 'S2')_t4_min: 2873
	F2_('S2', 'E2')_t4_max: 3430
	F18_('S4', 'S3')_t4_max: 1749
	F44_('E4', 'S4')_gc: False
	F39_('S2', 'S1')_rr: 0
	F40_('S4', 'E4')_t4_min: 24049
	F29_('S4', 'S5')_t4_max: 4484
	F41_('S2', 'S3')_t3_max: 11970
	F1_('S3', 'S2')_t3_min: 14877
	F7_('E4', 'S4')_t3_max: 4133
	F10_('S3', 'S2')_t4_min: 30610
	F44_('S4', 'S3')_rr: 0
	F44_('S2', 'E2')_rr: 0
	F8_('S4', 'E4')_t4_min: 56042
	F0_('E2', 'S2')_rr: 0
	F42_('E4', 'S4')_t3_max: 14
	F32_('S5', 'S4')_t4_min: 31298
	F12_('S3', 'S4')_gc: True
	F8_('S2', 'S3')_t4_max: 55890
	F1_jitter: 129
	F13_jitter: 0
	F12_('S3', 'S4')_t4_min: 720
	F13_('S3', 'S4')_t4_min: 51898
	F20_('S4', 'S5')_t4_max: 27186
	F25_('S4', 'S3')_t4_max: 998
	F23_('S1', 'E1')_t4_min: 22072
	F15_jitter: 129
	F4_('S5', 'S4')_rr: 4
	F34_('S1', 'E1')_rr: 1
	F18_('S3', 'E3')_gc: False
	F20_('S2', 'S3')_t4_max: 26869
	F26_('S2', 'E2')_t4_min: 26405
	F20_('S1', 'S2')_gc: False
	F10_('S2', 'E2')_gc: False
	F22_('S3', 'E3')_t4_min: 3954
	F36_('S2', 'S3')_t4_min: 3007
	F6_queue_index: 0
	F7_('E4', 'S4')_gc: False
	F43_('S1', 'E1')_t4_min: 1664
	F45_('S5', 'S4')_gc: False
	F48_jitter: 0
	F41_('S2', 'S3')_t4_max: 11970
	F11_('S2', 'S3')_rr: 0
	F42_('S3', 'S2')_rr: 32
	F42_('S4', 'S3')_t5_min: 373
	F0_('S2', 'S1')_t3_max: 900
	F28_('E3', 'S3')_gc: False
	F12_('E2', 'S2')_gc: False
	F32_('E5', 'S5')_t3_max: 31047
	F35_('E4', 'S4')_rr: 0
	F42_('S4', 'S3')_rr: 16
	F4_('E5', 'S5')_t3_min: 1112
	F21_('E1', 'S1')_gc: False
	F46_('S3', 'S2')_gc: False
	F25_('S1', 'E1')_t4_min: 1468
	F27_('E5', 'S5')_t3_min: 8445
	('E2', 'S2')_gcl_cycle: 1
	F7_('S2', 'S1')_t4_min: 4748
	F2_('S2', 'E2')_rr: 32
	('S2', 'E2')_gcl_cycle: 128000
	F16_('E2', 'S2')_gc: False
	F5_('S3', 'E3')_rr: 0
	F24_('E1', 'S1')_rr: 0
	F31_('S1', 'E1')_t3_max: 1994
	F48_('S3', 'S4')_t3_max: 743
	F41_('S3', 'S4')_t4_min: 11984
	F11_('S2', 'S3')_t4_max: 457
	F11_('S2', 'S3')_t4_min: 328
	F43_('S4', 'S3')_t4_min: 1326
	F35_('S1', 'E1')_gc: False
	F45_('S5', 'S4')_t3_max: 15768
	F6_('E3', 'S3')_t3_max: 2367
	F8_('E1', 'S1')_rr: 0
	F45_('S3', 'E3')_gc: False
	F37_('S2', 'E2')_rr: 0
	F2_('E1', 'S1')_t5_min: 3184
	('S3', 'E3')_gcl_cycle: 32000
	F13_('S1', 'S2')_t4_min: 51548
	F11_('S1', 'S2')_rr: 16
	F9_('S3', 'S2')_t4_max: 2873
	F5_('S2', 'S3')_gc: False
	F32_('E5', 'S5')_t5_min: 31287
	F25_('S2', 'S1')_rr: 0
	F30_('S4', 'S3')_rr: 0
	F46_('S2', 'S1')_gc: True
	F38_('S4', 'S3')_gc: True
	F11_('S1', 'S2')_gc: True
	F3_('S2', 'S3')_t4_min: 771
	F28_jitter: 0
	F48_('S5', 'E5')_tb: 1157
	F38_('S4', 'S3')_t4_min: 72
	F13_('S4', 'S5')_rr: 1
	F27_('E5', 'S5')_gc: False
	F22_('E2', 'S2')_gc: False
	F18_('S5', 'S4')_t5_min: 1669
	F43_('S2', 'S1')_t5_max: 1662
	F31_('S2', 'S1')_rr: 0
	F48_('S3', 'S4')_gc: True
	F38_('S4', 'S3')_t3_max: 72
	F14_('S1', 'S2')_t4_min: 59825
	F13_('S4', 'S5')_t4_max: 52143
	F31_('S1', 'E1')_t4_max: 1994
	F14_('E1', 'S1')_t3_max: 59480
	F49_('S3', 'S4')_rr: 2
	F13_('E1', 'S1')_gc: False
	F49_('E3', 'S3')_t4_min: 24221
	F16_('S2', 'S3')_gc: True
	F6_('S4', 'E4')_rr: 32
	F27_('S2', 'E2')_rr: 8
	F10_('E4', 'S4')_rr: 0
	F33_('S3', 'E3')_gc: False
	F43_('S4', 'S3')_gc: True
	F45_('S5', 'S4')_rr: 0
	F29_('E2', 'S2')_t3_max: 3840
	F47_('S2', 'E2')_t4_min: 349
	F18_('E5', 'S5')_gc: False
	F42_('S3', 'S2')_t5_max: 495
	F4_('E5', 'S5')_t5_min: 1195
	F4_('E5', 'S5')_t3_max: 988
	F41_('S3', 'S4')_gc: True
	F0_('S1', 'E1')_rr: 16
	F9_('S3', 'S2')_rr: 16
	F46_('S1', 'E1')_gc: False
	F41_('S2', 'S3')_gc: True
	F41_('S2', 'S3')_rr: 1
	F14_('S1', 'S2')_t4_max: 59825
	F48_('S3', 'S4')_rr: 32
	F3_('E1', 'S1')_rr: 0
	F23_('S2', 'S1')_gc: False
	F19_('S2', 'E2')_gc: False
	F9_('S2', 'E2')_t4_min: 2886
	F28_('S3', 'S4')_t4_min: 120537
	F20_('S2', 'S3')_t3_min: 26735
	F31_('S1', 'E1')_t3_min: 1860
	F42_('S4', 'S3')_t3_min: 254
	F31_('S2', 'S1')_gc: False
	F36_('S1', 'S2')_t3_max: 2194
	F18_('S3', 'E3')_rr: 0
	F3_('E1', 'S1')_t3_max: 283
	F32_('S3', 'E3')_gc: True
	F29_('S3', 'S4')_gc: True
	F33_('S3', 'E3')_rr: 0
	F49_queue_index: 0
	F29_('S4', 'S5')_rr: 8
	F30_('E4', 'S4')_rr: 0
	F38_queue_index: 0
	F9_('S2', 'E2')_t3_min: 2886
	F10_('S2', 'E2')_t4_max: 31068
	F27_('S3', 'S2')_rr: 0
	F41_('S5', 'E5')_t3_min: 12007
	F4_('S5', 'S4')_t4_max: 1308
	F23_queue_index: 0
	F6_('S3', 'S4')_t5_min: 2737
	F0_('S1', 'E1')_gc: True
	F35_('S4', 'S3')_t3_max: 51789
	F38_('S4', 'S3')_t4_max: 72
	('E1', 'S1')_gcl_cycle: 1
	F46_('S2', 'S1')_t4_max: 14922
	F11_('E1', 'S1')_gc: False
	F20_('S3', 'S4')_t4_min: 27078
	F11_('E1', 'S1')_t4_min: 100
	F18_jitter: 129
	F15_('S2', 'E2')_t4_min: 12139
	F4_('E5', 'S5')_rr: 0
	F11_('E1', 'S1')_t3_max: -24
	F24_('E1', 'S1')_t5_min: 2425
	('S1', 'S2')_gcl_cycle: 64000
	F4_('S4', 'S3')_gc: True
	F13_('S2', 'S3')_rr: 1
	F25_('S3', 'S2')_t4_max: 1196
	F10_('S4', 'S3')_gc: False
	F41_('E2', 'S2')_t3_max: 11832
	F43_('E5', 'S5')_t3_max: 809
	F11_('S3', 'S4')_t4_min: 500
	F18_('S3', 'E3')_t4_min: 1785
	F25_('S5', 'S4')_t3_max: 800
	F7_('S3', 'S2')_t4_min: 4501
	F21_jitter: 129
	F12_('S3', 'S4')_rr: 16
	F30_('S4', 'S3')_gc: False
	F12_('S4', 'S5')_gc: True
	F27_('S5', 'S4')_t3_max: 8467
	F5_('S3', 'E3')_gc: False
	F4_('S5', 'S4')_gc: True
	F19_('S3', 'S2')_t4_min: 3417
	F12_('S2', 'S3')_rr: 16
	F21_('S1', 'S2')_t4_min: 2940
	F14_('S1', 'S2')_rr: 1
	F39_('S1', 'E1')_t4_max: 6959
	F20_('S5', 'E5')_t4_min: 27265
	F11_queue_index: 0
	F41_('S5', 'E5')_t5_min: 12014
	F21_('S2', 'S3')_t3_min: 3048
	F31_('S2', 'S1')_t4_max: 1910
	F9_('S3', 'S2')_gc: True
	F25_('E5', 'S5')_gc: False
	F12_('S3', 'S4')_t3_min: 715
	F23_('S3', 'S2')_t4_max: 22212
	F15_queue_index: 0
	F24_('E1', 'S1')_t3_max: 2202
	F32_('E5', 'S5')_gc: False
	F26_jitter: 0
	F29_('S3', 'S4')_t4_max: 4207
	F20_('S4', 'S5')_tb: 27186
	F7_('S1', 'E1')_rr: 8
	F15_('S1', 'S2')_t3_max: 12074
	('S1', 'E1')_gcl_cycle: 64000
	F4_('S5', 'S4')_t4_min: 1308
	F19_('S5', 'S4')_t3_max: 3043
	F49_('E3', 'S3')_rr: 0
	F11_('S4', 'S5')_rr: 16
	F26_('S5', 'S4')_t3_max: 25675
	F27_('S2', 'E2')_gc: True
	F12_('S2', 'S3')_gc: True
	F12_queue_index: 0
	F30_jitter: 0
	F23_('S4', 'S3')_t4_max: 22024
	F22_('E2', 'S2')_t5_min: 3895
	F4_('S5', 'S4')_t3_max: 1202
	F28_('S4', 'E4')_rr: 1
	F20_('S3', 'S4')_t5_min: 27155
	F28_('S3', 'S4')_t4_max: 120666
	F9_('E5', 'S5')_t3_max: 2447
	F5_('S2', 'S3')_t5_min: 84198
	F14_('S2', 'E2')_rr: 0
	F1_('E3', 'S3')_gc: False
	F20_jitter: 129
	F41_('S5', 'E5')_t5_max: 12143
	F34_('E2', 'S2')_t3_max: 24573
	F10_jitter: 387
	F18_('S5', 'S4')_t4_min: 1635
	F4_('S5', 'S4')_tb: 1308
	F30_('S4', 'S3')_t4_min: 556
	F41_('S4', 'S5')_t4_min: 11998
	F26_('S2', 'E2')_t5_max: 26517
	F19_('S2', 'E2')_rr: 0
	F47_jitter: 0
	F33_('S2', 'S3')_rr: 0
	F49_('S3', 'S4')_t3_max: 24234
	F30_('S2', 'S1')_gc: True
	F7_('S2', 'S1')_gc: True
	F44_('S3', 'S2')_t4_min: 4622
	F19_('S4', 'S3')_gc: True
	F39_jitter: 0
	F23_('S1', 'E1')_rr: 0
	F23_('S2', 'S1')_t4_max: 22400
	F43_('S2', 'S1')_gc: True
	F20_('S5', 'E5')_rr: 0
	F29_jitter: 129
	F22_('S2', 'S3')_gc: True
	F11_('S4', 'S5')_t4_min: 666
	F4_('S4', 'S3')_rr: 8
	F20_('S3', 'S4')_tb: 27078
	F39_('S2', 'S1')_gc: False
	F32_('E5', 'S5')_rr: 0
	F33_queue_index: 0
	F30_('S2', 'S1')_t5_min: 894
	F11_('S5', 'E5')_rr: 0
	F24_('S1', 'S2')_gc: False
	F9_jitter: 129
	F43_('S1', 'E1')_gc: False
	F22_('S2', 'S3')_t4_max: 3902
	F30_('S1', 'E1')_t4_min: 920
	F40_('S4', 'E4')_t5_max: 24366
	F26_('E5', 'S5')_gc: False
	F17_('E4', 'S4')_t3_max: 19751
	F25_('E5', 'S5')_t3_max: 602
	F48_('S5', 'E5')_rr: 32
	F29_('S3', 'S4')_t4_min: 4207
	F4_('S5', 'S4')_t5_max: 1391
	F9_('E5', 'S5')_gc: False
	F0_queue_index: 0
	F16_queue_index: 0
	F0_('E2', 'S2')_t3_max: 685
	F34_('S2', 'S1')_t4_max: 24861
	F8_('S2', 'S3')_t5_max: 55896
	F8_('S1', 'S2')_t4_min: 55748
	F20_('E1', 'S1')_rr: 0
	F7_('S4', 'S3')_gc: True
	F20_('S3', 'S4')_t4_max: 27078
	F29_('S5', 'E5')_t4_min: 4530
	F10_('S2', 'E2')_rr: 0
	F35_('S3', 'S2')_t4_min: 51807
	F21_('E1', 'S1')_rr: 0
	F35_('S1', 'E1')_rr: 0
	F1_('S2', 'E2')_rr: 0
	F39_('S1', 'E1')_gc: True
	F45_('S5', 'S4')_t4_max: 15892
	F19_('S3', 'S2')_t4_max: 3546
	F25_('S5', 'S4')_gc: True
	F5_('E2', 'S2')_rr: 0
	F29_('S2', 'S3')_t5_min: 4184
	F16_('S2', 'S3')_t5_min: 1694
	F32_('S5', 'S4')_t3_max: 31294
	F43_('S2', 'S1')_t4_min: 1596
	F4_('E5', 'S5')_t4_max: 1112
	F39_('S3', 'S2')_rr: 8
	F22_('S2', 'S3')_t4_min: 3902
	F46_('S4', 'S3')_t3_max: 13839
	('E3', 'S3')_gcl_cycle: 1
	F43_('S2', 'S1')_t4_max: 1596
	F45_('S3', 'E3')_rr: 0
	F20_('S1', 'S2')_rr: 0
	F24_jitter: 258
	F16_('S3', 'E3')_t4_min: 1701
	F11_('S4', 'S5')_t3_max: 543
	F9_('S4', 'S3')_t4_min: 2731
	F38_('S1', 'E1')_t4_min: 503
	F33_('E2', 'S2')_t3_max: 20301
	F31_('S2', 'S1')_t3_max: 1786
	F40_('S5', 'S4')_t4_max: 24117
	F42_('S1', 'E1')_t4_min: 619
	F15_('S1', 'S2')_t4_min: 12074
	F46_('S4', 'S3')_t4_max: 13962
	F32_('S5', 'S4')_gc: True
	F34_('S2', 'S1')_tb: 24861
	F31_('E2', 'S2')_rr: 0
	F39_('S1', 'E1')_rr: 4
	F42_jitter: 129
	F35_('S2', 'S1')_t4_max: 52076
	F7_jitter: 0
	F3_('S3', 'E3')_tb: 889
	F40_('E5', 'S5')_rr: 0
	F36_('S4', 'E4')_gc: False
	F42_queue_index: 0
	F2_queue_index: 0
	('S2', 'S1')_gcl_cycle: 64000
	F43_('S5', 'S4')_t4_max: 1130
	F41_('S5', 'E5')_rr: 0
	F30_('S4', 'S3')_t3_max: 561
	F44_('E4', 'S4')_t5_max: 4561
	F21_('S1', 'S2')_rr: 0
	F14_('S2', 'E2')_gc: False
	F44_('S2', 'E2')_gc: False
	F13_('S3', 'S4')_gc: False
	F29_('S2', 'S3')_t3_max: 4015
	F33_('S2', 'S3')_t3_max: 20499
	F39_('S5', 'S4')_t4_min: 6034
	F6_('E3', 'S3')_tb: 2491
	F34_jitter: 0
	F39_('S5', 'S4')_t3_max: 6039
	F26_('S4', 'S3')_gc: False
	F17_('S5', 'E5')_t4_min: 20139
	F43_('S5', 'S4')_t4_min: 1001
	F11_('E1', 'S1')_rr: 0
	F18_('S3', 'E3')_t3_min: 1785
	F35_('S4', 'S3')_gc: True
	F41_('S4', 'S5')_t4_max: 11998
	F30_('E4', 'S4')_tb: 489
	F33_('S2', 'S3')_t4_min: 20494
	F47_('S1', 'S2')_tb: 332
	F45_('S5', 'S4')_t4_min: 15763
	F21_('S5', 'E5')_gc: False
	F24_('S2', 'E2')_gc: False
	F11_('S4', 'S5')_t4_max: 666
	F15_('S1', 'S2')_t5_min: 12137
	F23_('E4', 'S4')_tb: 21836
	F23_('S1', 'E1')_t3_max: 22464
	F1_('E3', 'S3')_rr: 0
	F47_('S2', 'E2')_gc: True
	F25_jitter: 0
	F20_('S1', 'S2')_t4_max: 26785
	F12_('S4', 'S5')_t3_min: 739
	F3_('S3', 'E3')_t3_min: 889
	F21_queue_index: 0
	F41_('S3', 'S4')_rr: 1
	F0_('S2', 'S1')_t4_min: 900
	F12_('S2', 'S3')_t3_max: 696
	F22_('S2', 'S3')_t5_min: 3947
	F36_('S2', 'S3')_t4_max: 3007
	F16_('S3', 'E3')_t3_min: 1696
	F1_('S3', 'S2')_gc: True
	F19_('S2', 'E2')_t3_max: 3673
	F10_('S4', 'S3')_t4_max: 30668
	F7_('S1', 'E1')_gc: True
	F19_('S5', 'S4')_gc: True
	F15_('S1', 'S2')_gc: True
	F23_('S4', 'S3')_t3_max: 21900
	F5_('S3', 'E3')_t3_min: 84200
	F38_('S4', 'S3')_rr: 16
	F21_('S4', 'S5')_t4_max: 3656
	F30_('S2', 'S1')_t4_max: 829
	F35_('S2', 'S1')_t4_min: 52076
	F23_('S3', 'S2')_gc: False
	F10_('E4', 'S4')_t4_max: 30468
	F35_jitter: 129
	F16_('E2', 'S2')_t3_max: 1397
	F35_('E4', 'S4')_t3_max: 51642
	F6_('E3', 'S3')_rr: 0
	F28_('S4', 'E4')_gc: True
	F14_jitter: 129
	F13_('S2', 'S3')_t4_max: 51787
	F17_('E4', 'S4')_gc: False
	F34_('S2', 'S1')_t3_max: 24737
	F4_('S4', 'S3')_t4_max: 1398
	F10_('E4', 'S4')_gc: False
	F30_('S3', 'S2')_t4_min: 757
	F25_('E5', 'S5')_t5_min: 793
	F37_('S2', 'E2')_t4_min: 24921
	F38_('S3', 'S2')_t4_max: 257
	F35_('S2', 'S1')_t5_min: 52092
	F19_('S3', 'S2')_rr: 0
	F16_('S3', 'E3')_rr: 8
	F30_('S3', 'S2')_gc: True
	F35_('S2', 'S1')_gc: True
	F38_jitter: 0
	F46_('S3', 'S2')_t4_min: 13975
	F38_('E4', 'S4')_gc: False
	F7_('S3', 'S2')_rr: 16
	F39_('S3', 'S2')_t4_max: 6589
	F30_('S1', 'E1')_gc: True
	('E4', 'S4')_gcl_cycle: 1
	F36_('S3', 'S4')_t3_min: 3018
	F22_('S2', 'S3')_rr: 16
	F31_('S1', 'E1')_t4_min: 1994
	F4_('E5', 'S5')_gc: False
	F1_('S3', 'S2')_t4_min: 14882
	F0_('S1', 'E1')_t5_min: 1075
	F45_('E5', 'S5')_t3_max: 15618
	F34_('E2', 'S2')_rr: 0
	F32_('S3', 'E3')_t4_min: 31668
	F25_('S4', 'S3')_t4_min: 869
	F46_('S4', 'S3')_t4_min: 13962
	F8_('S4', 'E4')_rr: 2
	F3_jitter: 258
	F27_queue_index: 0
	F21_('S1', 'S2')_t4_max: 3069
	F19_('S3', 'S2')_gc: False
	F1_('S2', 'E2')_t4_min: 14939
	F21_('S5', 'E5')_t4_min: 3764
	F0_('E2', 'S2')_gc: False
	F36_('S4', 'E4')_t4_min: 3157
	F15_('E1', 'S1')_t3_max: 11880
	F11_('S1', 'S2')_t3_max: 143
	F32_('S5', 'S4')_t4_max: 31298
	F37_('S2', 'E2')_gc: False
	F12_jitter: 0
	F13_('S2', 'S3')_gc: True
	F48_('S4', 'S5')_gc: False
	F47_('S1', 'S2')_rr: 32
	F32_('S4', 'S3')_rr: 0
	F15_('S1', 'S2')_t4_max: 12074
	F17_queue_index: 0
	F34_('S1', 'E1')_t4_min: 24901
	F8_('S1', 'S2')_t4_max: 55877
	F15_('E1', 'S1')_gc: False
	F25_('S2', 'S1')_t3_min: 1007
	F8_queue_index: 0
	F12_('S4', 'S5')_rr: 16
	F29_('S5', 'E5')_gc: False
	F34_('S2', 'S1')_gc: True
	F25_('S2', 'S1')_gc: False
	F27_('S4', 'S3')_gc: False
	F42_('S2', 'S1')_t4_max: 503
	F5_('E2', 'S2')_gc: False
	F8_('S3', 'S4')_rr: 1
	F49_('E3', 'S3')_t3_max: 24097
	F23_('S3', 'S2')_t4_min: 21954
	F43_('E5', 'S5')_t4_max: 933
	F42_('S4', 'S3')_t4_min: 259
	F43_jitter: 129
	F38_('S1', 'E1')_t5_min: 557
	('S3', 'S2')_gcl_cycle: 128000
	F2_('S2', 'E2')_t4_min: 3430
	F23_jitter: 516
	F12_('S3', 'S4')_t4_max: 720
	F28_('S3', 'S4')_t3_max: 120542
	F10_('S3', 'S2')_rr: 0
	F45_('E5', 'S5')_rr: 0
	F29_('E2', 'S2')_gc: False
	F39_('S3', 'S2')_t4_min: 6589
	F37_('E1', 'S1')_t3_max: 24617
	F40_('E5', 'S5')_gc: False
	F31_('E2', 'S2')_t4_min: 1702
	F6_('E3', 'S3')_gc: False
	F8_('E1', 'S1')_t3_max: 55616
	F44_('S2', 'E2')_t3_max: 4944
	F21_('S4', 'S5')_rr: 16
	F35_('S1', 'E1')_t4_min: 52094
	F37_('S1', 'S2')_gc: False
	F31_('S1', 'E1')_gc: True
	F37_queue_index: 0
	F31_queue_index: 0
	F19_('S5', 'S4')_t4_max: 3168
	F9_('S5', 'S4')_rr: 0
	F25_('S4', 'S3')_gc: False
	F19_jitter: 258
	F44_('E4', 'S4')_t3_min: 4504
	F47_('S1', 'S2')_gc: True
	F40_('S5', 'S4')_t5_max: 24176
	F3_('S1', 'S2')_t4_min: 653
	F7_('E4', 'S4')_t4_min: 4257
	F4_('S4', 'S3')_t4_min: 1398
	F47_('S2', 'E2')_t5_min: 359
	F36_('E1', 'S1')_rr: 0
	F13_('S4', 'S5')_tb: 52143
	F23_('S3', 'S2')_rr: 0
	F41_('S4', 'S5')_gc: True
	F37_('S1', 'S2')_t4_max: 24960
	F37_('E1', 'S1')_rr: 0
	F41_('S5', 'E5')_t3_max: 12012
	F28_('S3', 'S4')_rr: 0
	F43_('E5', 'S5')_rr: 0
	F37_('E1', 'S1')_gc: False
	F13_('S1', 'S2')_t3_max: 51429
	F36_('S3', 'S4')_gc: True
	F16_('S2', 'S3')_t4_min: 1611
	F28_('S4', 'E4')_t4_min: 120721
	F30_('S1', 'E1')_tb: 920
	F8_('S2', 'S3')_t4_min: 55890
	F35_('S3', 'S2')_gc: False
	F12_('S4', 'S5')_t4_max: 869
	F32_('E5', 'S5')_t4_max: 31171
	('S4', 'E4')_gcl_cycle: 128000
	F48_('E3', 'S3')_rr: 0
	F23_('E4', 'S4')_t3_max: 21712
	F11_('S5', 'E5')_gc: False
	F22_('E2', 'S2')_rr: 0
	F30_('S2', 'S1')_t4_min: 829
	F43_('S3', 'S2')_t4_max: 1523
	F6_('E3', 'S3')_t4_min: 2491
	F18_('S5', 'S4')_rr: 16
	F26_('E5', 'S5')_rr: 0
	F0_('S1', 'E1')_t4_min: 991
	F25_('S4', 'S3')_rr: 0
	F45_('S4', 'S3')_gc: True
	F35_queue_index: 0
	F29_('S2', 'S3')_t4_min: 4140
	F21_('S2', 'S3')_gc: False
	('S2', 'S3')_gcl_cycle: 64000
	F13_('S5', 'E5')_rr: 1
	F27_('S5', 'S4')_t4_min: 8462
	F29_('S2', 'S3')_rr: 8
	F37_('S1', 'S2')_t4_min: 24831
	F43_('S2', 'S1')_rr: 16
	F36_queue_index: 0
	F18_('S3', 'E3')_t3_max: 1790
	F5_('S2', 'S3')_rr: 0
	F44_('S3', 'S2')_t4_max: 4880
	F23_('S4', 'S3')_rr: 0
	F30_('E4', 'S4')_t3_max: 365
	F43_('S4', 'S3')_t4_max: 1326
	F19_('S2', 'E2')_t4_min: 3539
	F39_('S3', 'S2')_gc: True
	F5_('S2', 'S3')_t5_max: 84327
	F40_queue_index: 0
	F42_('S2', 'S1')_t4_min: 503
	F21_('S3', 'S4')_t4_min: 3156
	F11_('S4', 'S5')_gc: True
	F24_('S1', 'S2')_rr: 0
	F30_('S2', 'S1')_t5_max: 894
	F7_('S3', 'S2')_gc: True
	F3_('S2', 'S3')_t4_max: 900
	F38_('S2', 'S1')_t4_min: 184
	F36_('S3', 'S4')_t5_max: 3155
	F5_queue_index: 0
	F39_('S2', 'S1')_t3_max: 6712
	F23_('S4', 'S3')_gc: False
	F4_('S3', 'E3')_t4_min: 1483
	F21_('S3', 'S4')_t4_max: 3543
	F31_('S1', 'E1')_rr: 16
	F33_('S3', 'E3')_t4_min: 20563
	F19_('S4', 'S3')_t4_min: 3295
	F17_('S4', 'S5')_gc: True
	F5_('S3', 'E3')_t4_min: 84200
	F25_('S1', 'E1')_rr: 32
	F40_('S5', 'S4')_t4_min: 23988
	F20_('S1', 'S2')_t4_min: 26656
	F35_('S2', 'S1')_rr: 1
	F39_('S2', 'S1')_t4_max: 6836
	F20_('S3', 'S4')_rr: 2
	F5_('S2', 'S3')_t4_min: 84185
	F44_('S4', 'S3')_t3_max: 4568
	F14_('S2', 'E2')_t4_min: 59918
	F21_('S2', 'S3')_t4_max: 3306
	F36_('S1', 'S2')_t4_max: 2317
	F43_('S3', 'S2')_rr: 0
	F37_jitter: 258
	F29_('S2', 'S3')_gc: True
	F2_('S1', 'S2')_rr: 16
	F23_('S4', 'S3')_t4_min: 21895
	F10_('S3', 'S2')_t4_max: 30868
	F25_('S1', 'E1')_gc: True
	F9_('S5', 'S4')_t4_max: 2713
	F45_('S4', 'S3')_t4_min: 16047
	F46_('S1', 'E1')_rr: 0
	F25_('S5', 'S4')_t4_max: 800
	F16_('S2', 'S3')_t3_min: 1606
	F16_('S3', 'E3')_t5_max: 1784
	F26_('S3', 'S2')_rr: 1
	F45_('S4', 'S3')_rr: 2
	F36_('S4', 'E4')_t4_max: 3286
	F10_('S4', 'S3')_t3_max: 30544
	F14_('E1', 'S1')_rr: 0
	F38_('S3', 'S2')_rr: 0
	F25_queue_index: 0
	F21_('S4', 'S5')_t4_min: 3656
	F39_('S4', 'S3')_t4_min: 6152
	F32_queue_index: 0
	F12_('S5', 'E5')_t4_min: 978
	F31_('E2', 'S2')_gc: False
	F44_queue_index: 0
	F47_('E1', 'S1')_gc: False
	F42_('S3', 'S2')_t4_max: 381
	F28_('E3', 'S3')_rr: 0
	F2_('S1', 'S2')_t4_max: 3315
	F13_('S4', 'S5')_gc: True
	F26_('S5', 'S4')_rr: 0
	F48_('E3', 'S3')_t5_max: 736
	F8_('S2', 'S3')_gc: True
	F2_('S1', 'S2')_t5_min: 3423
	F20_('S2', 'S3')_rr: 2
	F30_('S4', 'S3')_t4_max: 685
	F46_('S2', 'S1')_t4_min: 14922
	F4_('S3', 'E3')_t3_max: 1488
	F21_('E1', 'S1')_t3_max: 2708
	F24_('S2', 'E2')_t4_min: 2528
	F6_('S3', 'S4')_gc: True
	F18_('E5', 'S5')_t3_max: 1397
	F5_('S2', 'S3')_t4_max: 84314
	F24_('S2', 'E2')_rr: 0
	F27_('E5', 'S5')_t4_min: 8445
	F39_('S4', 'S3')_rr: 0
	F11_('S3', 'S4')_rr: 16
	F2_('S1', 'S2')_t5_max: 3423
	F49_('S3', 'S4')_t4_min: 24359
	F8_('S4', 'E4')_gc: True
	F46_('S3', 'S2')_t4_max: 14104
	F36_('E1', 'S1')_gc: False
	F16_('S2', 'S3')_rr: 16
	F22_jitter: 0
	F16_('S3', 'E3')_gc: True
	F29_('S5', 'E5')_rr: 0
	F18_('S4', 'S3')_gc: True
	F17_('E4', 'S4')_rr: 0
	F49_('S4', 'E4')_rr: 0
	F27_('S4', 'S3')_t4_max: 8737
	F3_('S1', 'S2')_t4_max: 653
	F23_('E4', 'S4')_rr: 0
	F49_('S3', 'S4')_t4_max: 24359
	F46_('S3', 'S2')_t3_max: 13980
	F48_('S5', 'E5')_gc: True
	F3_('S3', 'E3')_t4_min: 889
	F45_jitter: 129
	F26_('S4', 'S3')_t4_min: 25784
	F49_('S4', 'E4')_t4_min: 24367
	F49_('S4', 'E4')_tb: 24367
	F10_('E4', 'S4')_t4_min: 30468
	F43_('S1', 'E1')_rr: 0
	F18_('S5', 'S4')_t4_max: 1635
	F10_('S3', 'S2')_gc: False
	F48_('E3', 'S3')_gc: False
	F1_('S2', 'E2')_gc: False
	F9_('S5', 'S4')_gc: False
	F19_('E5', 'S5')_rr: 0
	F39_('S5', 'S4')_gc: False
	F27_('S4', 'S3')_rr: 0
	F42_('S4', 'S3')_t3_max: 259
	F3_('S1', 'S2')_t3_max: 530
	F9_('S5', 'S4')_t4_min: 2584
	F40_jitter: 258
	F3_('S2', 'S3')_gc: False
	F6_('S4', 'E4')_gc: True
	F20_('S5', 'E5')_gc: False
	F36_jitter: 129
	F26_('S4', 'S3')_rr: 0
	F39_('E5', 'S5')_rr: 1
	F43_('S3', 'S2')_t4_min: 1394
	F16_('S2', 'S3')_t3_max: 1611
	F24_('E1', 'S1')_gc: False
	F39_queue_index: 0
	F7_('S4', 'S3')_t4_min: 4379
	F10_('S4', 'S3')_rr: 0
	F13_('S3', 'S4')_rr: 0
	F21_('S4', 'S5')_t5_max: 3762
	F19_('E5', 'S5')_t5_min: 3036
	F27_('S3', 'S2')_t4_max: 8883
	F24_('S1', 'S2')_t4_max: 2556
	F35_('S4', 'S3')_rr: 1
	F18_('E5', 'S5')_rr: 0
	F44_('S3', 'S2')_rr: 0
	F17_('E4', 'S4')_t4_min: 19875
	F20_('S5', 'E5')_t3_min: 27265
	F21_('S5', 'E5')_tb: 3764
	F23_('S2', 'S1')_tb: 22013
	F9_('E5', 'S5')_rr: 0
	F38_('S1', 'E1')_rr: 16
	F9_('S4', 'S3')_t4_max: 2731
	F29_queue_index: 0
	F4_('E5', 'S5')_tb: 1112
	F15_('E1', 'S1')_t4_min: 12004
	F20_('E1', 'S1')_gc: False
	F41_('S3', 'S4')_t5_min: 11991
	F48_('S4', 'S5')_rr: 0
	F48_('S3', 'S4')_t4_min: 778
	F12_('S2', 'S3')_t4_min: 696
	F43_('S4', 'S3')_rr: 16
	F9_('S4', 'S3')_gc: True
	F8_jitter: 0
	F22_('S2', 'S3')_t3_max: 3902
	F15_('S2', 'E2')_gc: False
	F24_('S1', 'S2')_t4_min: 2427
	F35_('S3', 'S2')_t4_max: 51936
	F28_('E3', 'S3')_t3_max: 120363
	F25_('S5', 'S4')_t4_min: 800
	F21_('S1', 'S2')_gc: False
	F4_('S3', 'E3')_t4_max: 1612
	F20_('E1', 'S1')_t3_max: 26453
	F43_('S4', 'S3')_t5_max: 1392
	F25_('S3', 'S2')_t4_min: 938
	F11_('S3', 'S4')_gc: True
	F18_('S5', 'S4')_gc: True
	F27_('S4', 'S3')_t4_min: 8479
	F13_('S4', 'S5')_t3_max: 52143
	F2_('E1', 'S1')_t3_max: 2952
	F21_('S2', 'S3')_rr: 0
	F3_('E1', 'S1')_gc: False
	F41_('S2', 'S3')_t3_min: 11965
	F11_('S2', 'S3')_gc: False
	F17_('S5', 'E5')_rr: 2
	F8_('S2', 'S3')_rr: 1
	F13_('S3', 'S4')_t4_max: 52027
	F47_('S2', 'E2')_rr: 64
	F15_('E1', 'S1')_rr: 0
	F47_('S1', 'S2')_t3_max: 332
	F1_('S3', 'S2')_rr: 4
	F23_('S2', 'S1')_rr: 0
	F2_('S2', 'E2')_gc: True
	F33_('S2', 'S3')_gc: False
	F46_('S2', 'S1')_rr: 4
	F17_('S4', 'S5')_t3_max: 19945
	F33_jitter: 258
	F14_('E1', 'S1')_t5_max: 59695
	F12_('S5', 'E5')_rr: 16
	F41_jitter: 129
	F41_('S3', 'S4')_t3_min: 11979
	F11_('S4', 'S5')_t5_max: 702
	F0_('S2', 'S1')_gc: True
	F21_('S4', 'S5')_gc: True
	F5_jitter: 258
	F15_('S2', 'E2')_rr: 0
	F25_('S2', 'S1')_t4_min: 1007
	F22_('S3', 'E3')_gc: True
	F45_('S5', 'S4')_tb: 15763
	F42_('S2', 'S1')_rr: 16
	F17_('S4', 'S5')_t4_min: 19945
	F19_queue_index: 0
	F30_('S1', 'E1')_rr: 4
	F40_('S5', 'S4')_t3_max: 23993
	F25_('S3', 'S2')_t3_max: 1072
	F19_('S4', 'S3')_t4_max: 3295
	F9_('S2', 'E2')_rr: 0
	F13_('S1', 'S2')_t5_max: 51657
	F48_('S5', 'E5')_t4_min: 1157
	F35_('E4', 'S4')_t5_max: 51782
	F12_('E2', 'S2')_rr: 0
	F16_('E2', 'S2')_rr: 0
	F22_('S3', 'E3')_tb: 3954
	F0_('S2', 'S1')_t4_max: 900
	F8_('S1', 'S2')_t3_max: 55753
	F13_('S4', 'S5')_t4_min: 52143
	F11_('S1', 'S2')_t4_max: 290
	F41_('S4', 'S5')_rr: 1
	F5_('S2', 'S3')_t3_max: 84190
	F4_jitter: 129
	F34_('S1', 'E1')_gc: True
	F20_queue_index: 0
	F38_('S3', 'S2')_t3_max: 133
	F25_('S3', 'S2')_gc: False
	F42_('S3', 'S2')_gc: True
	F45_('E5', 'S5')_gc: False
	F48_queue_index: 0
	F9_('S5', 'S4')_t3_max: 2589
	F1_('S3', 'S2')_t5_max: 14937
	F22_('S2', 'S3')_t5_max: 3947
	F30_('S3', 'S2')_rr: 8
	F14_queue_index: 0
	F26_('S2', 'E2')_gc: True
	F19_('E5', 'S5')_gc: False
	F41_('E2', 'S2')_t4_max: 11956
	F7_('S2', 'S1')_rr: 8
	F11_('S5', 'E5')_t4_min: 704
	F40_('S4', 'E4')_gc: False
	F46_('S3', 'S2')_rr: 0
	F0_jitter: 0
	F6_('S3', 'S4')_rr: 16
	F11_('S3', 'S4')_t5_min: 536
	F39_('S5', 'S4')_t4_max: 6163
	F36_('S3', 'S4')_rr: 4
	F40_('S5', 'S4')_gc: False
	F45_queue_index: 0
	F19_('S5', 'S4')_t4_min: 3168
	F29_('S4', 'S5')_gc: True
	F31_jitter: 0
	F42_('S1', 'E1')_gc: False
	F35_('S4', 'S3')_t4_min: 51789
	F34_queue_index: 0
	F19_('S2', 'E2')_t3_min: 3539
	F27_('S5', 'S4')_t4_max: 8591
	F41_('S5', 'E5')_t4_min: 12007
	F6_jitter: 0
	F18_queue_index: 0
	F13_('S1', 'S2')_rr: 1
	F40_('S4', 'E4')_rr: 0
	F11_('S3', 'S4')_t4_max: 500
	F3_queue_index: 0
	F9_('S2', 'E2')_gc: False
	F11_('S1', 'S2')_t4_min: 290
	F18_('S5', 'S4')_t3_max: 1562
	F46_('S1', 'E1')_t4_min: 14935
	F8_('S4', 'E4')_tb: 56042
	F6_('S3', 'S4')_t4_max: 2679
	F32_('S4', 'S3')_gc: False
	F7_('S4', 'S3')_t4_max: 4379
	F8_('S3', 'S4')_t4_max: 56026
	F42_('S1', 'E1')_tb: 619
	F14_('S1', 'S2')_t3_max: 59702
	F38_('S2', 'S1')_rr: 0
	F20_('S5', 'E5')_t4_max: 27394
	F10_('S2', 'E2')_t4_min: 30681
	F32_('S3', 'E3')_rr: 1
	F28_queue_index: 0
	F17_('S4', 'S5')_t4_max: 19945
	F43_('S5', 'S4')_rr: 0
	F20_('S2', 'S3')_t4_min: 26869
	F39_('S3', 'S2')_t5_max: 6705
	F26_('S3', 'S2')_t4_min: 26286
	F10_('E4', 'S4')_t3_max: 30344
	F42_('S3', 'S2')_t4_min: 381
	F27_('S5', 'S4')_gc: False
	F33_('S2', 'S3')_t5_min: 20561
	F43_('E5', 'S5')_gc: False
	F13_('E1', 'S1')_tb: 51313
	F13_('E1', 'S1')_rr: 0
	F42_('S1', 'E1')_rr: 0
	F46_('E4', 'S4')_t3_max: 13697
	F39_('S4', 'S3')_gc: False
	F12_('S4', 'S5')_t4_min: 869
	F37_('S1', 'S2')_rr: 0
	F27_('S2', 'E2')_t4_min: 8905
	F36_('S1', 'S2')_rr: 4
	F3_('S2', 'S3')_rr: 0
	F3_('S3', 'E3')_rr: 0
	F20_('S4', 'S5')_rr: 2
	('E5', 'S5')_gcl_cycle: 16000
	F39_('E5', 'S5')_gc: True
	F9_('S4', 'S3')_rr: 8
	F17_('S4', 'S5')_rr: 2
	F22_('E2', 'S2')_t3_max: 3726
	F23_('S2', 'S1')_t4_min: 22013
	F20_('S4', 'S5')_gc: True
	F39_('E5', 'S5')_t3_max: 5793
	F44_('S4', 'S3')_t4_max: 4692
	F20_('S1', 'S2')_t3_max: 26661
	F39_('S2', 'S1')_t4_min: 6707
	F36_('E1', 'S1')_t3_max: 2054
	F36_('S4', 'E4')_rr: 0
	F1_('S3', 'S2')_t3_max: 14882
	F35_('S4', 'S3')_t4_max: 51789
	F26_('S5', 'S4')_t4_min: 25670
	F17_('S5', 'E5')_t3_max: 20015
	F34_('S2', 'S1')_rr: 1
	F3_('S1', 'S2')_rr: 16
	F31_('S1', 'E1')_t5_max: 2071
	('S3', 'S4')_gcl_length: 196
	F18_('S4', 'S3')_rr: 32
	F31_('E2', 'S2')_t3_max: 1578
	F13_('S5', 'E5')_t4_min: 52382
	F13_('E1', 'S1')_t3_max: 51189
	F7_('S4', 'S3')_t3_max: 4379
	F23_('S2', 'S1')_t3_max: 22276
	F25_('S3', 'S2')_rr: 0
	F13_queue_index: 0
	F1_('S3', 'S2')_t4_max: 14882
	F41_('S2', 'S3')_t4_min: 11970
	F41_queue_index: 0
	F21_('S1', 'S2')_t3_max: 2945
	F8_('S1', 'S2')_gc: False
	F28_('S3', 'S4')_gc: False
	F29_('S4', 'S5')_t4_min: 4484
	F39_('S1', 'E1')_t4_min: 6959
	F20_('S4', 'S5')_t4_min: 27186
	F49_jitter: 129
	F41_('S5', 'E5')_gc: False
	F25_('S4', 'S3')_t3_max: 874
	F31_('S2', 'S1')_t4_min: 1781
	F10_('S4', 'S3')_t4_min: 30539
	F32_('S4', 'S3')_tb: 31416
	F45_('S4', 'S3')_t5_min: 16066
	F33_('E2', 'S2')_gc: False
	F49_('E3', 'S3')_t4_max: 24221
	F48_('E3', 'S3')_t3_max: 505
	F11_jitter: 129
	F5_('E2', 'S2')_t3_max: 84046
	F7_('S3', 'S2')_t4_max: 4501
	F38_('S1', 'E1')_gc: True
	F21_('S3', 'S4')_gc: False
	F27_jitter: 0
	F46_('S4', 'S3')_gc: True
	F25_('S5', 'S4')_rr: 16
	F44_jitter: 387
	F7_('S2', 'S1')_t4_max: 4748
	F46_('E4', 'S4')_gc: False
	F27_('S4', 'S3')_t3_min: 8479
	F39_('S4', 'S3')_t4_max: 6410
	F26_queue_index: 0
	F12_('S2', 'S3')_t5_max: 713
	F30_('S2', 'S1')_rr: 4
	F38_('S2', 'S1')_gc: False
	F38_('E4', 'S4')_t3_max: -113
	F3_('S1', 'S2')_gc: True
	F34_('E2', 'S2')_gc: False
	F12_('S5', 'E5')_gc: True
	F47_('S1', 'S2')_t4_max: 332
	F17_('S5', 'E5')_gc: True
	F4_queue_index: 0
	F36_('S3', 'S4')_t4_min: 3146
	F21_('S2', 'S3')_t4_min: 3048
	F26_('S2', 'E2')_rr: 1
	F44_('E4', 'S4')_t3_max: 4380
	F15_('S1', 'S2')_rr: 4
	F49_('S3', 'S4')_gc: True
	F14_('S1', 'S2')_gc: True
	F26_('S3', 'S2')_gc: True
	F23_('S1', 'E1')_gc: False
	F21_('S5', 'E5')_rr: 0
	F27_('E5', 'S5')_t3_max: 8321
	F45_('S3', 'E3')_t4_min: 16068
	F29_('E2', 'S2')_rr: 0
	F44_('E4', 'S4')_rr: 0
	F13_('S1', 'S2')_gc: True
	F10_queue_index: 0
	F41_('S3', 'S4')_t4_max: 11984
	F7_('S1', 'E1')_t4_min: 4870
	F4_('S3', 'E3')_gc: False
	F29_('S2', 'S3')_t4_max: 4140
	F43_('S5', 'S4')_t3_max: 1006
	F23_('E4', 'S4')_gc: False
	F36_('S2', 'S3')_rr: 4
	F8_('S3', 'S4')_t4_min: 56026
	F34_('S1', 'E1')_t5_min: 24934
	F27_('S3', 'S2')_t4_min: 8496
	F1_('E3', 'S3')_t5_max: 14875
	F36_('S3', 'S4')_t4_max: 3146
	F12_('S2', 'S3')_t4_max: 696
	F19_('S4', 'S3')_rr: 16
	F33_('E2', 'S2')_rr: 0
	('S4', 'S5')_gcl_cycle: 64000
	F26_('S3', 'S2')_t4_max: 26286
	F48_('S3', 'S4')_t4_max: 778
	F19_('S5', 'S4')_rr: 8
	F41_('S4', 'S5')_t5_min: 12005
	F47_('E1', 'S1')_rr: 0
	F2_('S1', 'S2')_gc: True
	F35_('E4', 'S4')_gc: False
	F30_queue_index: 0
	F1_('E3', 'S3')_t3_max: 14696
	F35_('S3', 'S2')_t5_min: 51823
	('S5', 'S4')_gcl_cycle: 32000
	F44_('S3', 'S2')_gc: False
	('S3', 'S4')_gcl_cycle: 64000
	F35_('S3', 'S2')_rr: 0
	F17_jitter: 0
	F38_('S3', 'S2')_gc: False
	F30_('S3', 'S2')_t4_max: 757
	F18_('S4', 'S3')_t4_min: 1749
	F25_('S3', 'S2')_t3_min: 938
	F9_queue_index: 0
	F45_('S4', 'S3')_t4_max: 16047
	F12_('E2', 'S2')_t3_max: 548
	F2_('E1', 'S1')_gc: False
	F30_('E4', 'S4')_t4_max: 489
	F40_('E5', 'S5')_t3_max: 23803
	F26_('E5', 'S5')_t3_max: 25432
	F41_('S4', 'S5')_t5_max: 12005
	F41_('E2', 'S2')_gc: False
	F6_('S4', 'E4')_t4_min: 2867
	F49_('S4', 'E4')_gc: False
	F37_('S1', 'S2')_t3_max: 24836
	F27_('S2', 'E2')_t5_min: 8920
	F47_('E1', 'S1')_t3_max: 191
	F26_('S5', 'S4')_t4_max: 25799
	F40_('S5', 'S4')_rr: 0
	F20_('S3', 'S4')_gc: True
	F42_('S2', 'S1')_gc: True
	F42_('E4', 'S4')_gc: False
	F42_('S4', 'S3')_gc: True
	F42_('S4', 'S3')_t4_max: 259
	F17_('S4', 'S5')_t5_max: 20008
	F14_('E1', 'S1')_gc: False
	F48_('E3', 'S3')_t4_min: 629
	('S5', 'E5')_gcl_cycle: 64000
	F20_('S2', 'S3')_tb: 26869
	F1_queue_index: 0
	F13_('S2', 'S3')_t4_min: 51787
	F13_('S5', 'E5')_gc: True
	F6_('S3', 'S4')_t3_max: 2556
	F48_('S4', 'S5')_t4_min: 887
	F8_('E1', 'S1')_t4_min: 55740
	F2_jitter: 0
	F47_queue_index: 0
	F38_('S3', 'S2')_t4_min: 128
	F47_('S1', 'S2')_t4_min: 332
	F32_('S4', 'S3')_t4_min: 31416
	F33_('S2', 'S3')_t4_max: 20623
	F8_('S1', 'S2')_rr: 0
	F16_jitter: 0
	F42_('E4', 'S4')_rr: 0
	F39_('S5', 'S4')_rr: 0
	F43_queue_index: 0
	F30_('E4', 'S4')_gc: False
	F32_('S4', 'S3')_t4_max: 31545
	F5_('E2', 'S2')_t5_max: 84183
	F44_('S4', 'S3')_gc: False
	F27_('S3', 'S2')_tb: 8496
	F4_('S3', 'E3')_rr: 0
	F13_('S1', 'S2')_t4_max: 51548
	F32_('S5', 'S4')_rr: 1
	F41_('E2', 'S2')_rr: 0
	F24_('S1', 'S2')_t3_max: 2432
	F46_jitter: 129
	F29_('S3', 'S4')_rr: 8
	F36_('S1', 'S2')_tb: 2317
	F36_('S1', 'S2')_gc: True
	F21_('S3', 'S4')_rr: 0
	F20_('S2', 'S3')_gc: True
	F46_queue_index: 0
	F36_('S1', 'S2')_t4_min: 2317
	F11_('E1', 'S1')_t5_max: 136
	F8_('E1', 'S1')_gc: False
	F24_queue_index: 0
	F6_('S3', 'S4')_t4_min: 2679
	F44_('S4', 'S3')_t4_min: 4563
	F19_('S3', 'S2')_tb: 3417
	F45_('S3', 'E3')_t4_max: 16197
	F24_('E1', 'S1')_t4_max: 2326
	F25_('E5', 'S5')_rr: 0
	F8_('S3', 'S4')_gc: True
	F25_('S1', 'E1')_t3_max: 1468
	F37_('S1', 'S2')_tb: 24831
	F34_('S2', 'S1')_t3_min: 24732
	F42_('S2', 'S1')_tb: 503
	F1_('E3', 'S3')_t3_min: 14820
	F13_('S2', 'S3')_t3_min: 51659
	F39_('S2', 'S1')_t3_min: 6707
	F15_('E1', 'S1')_t4_max: 12004
	F27_('S4', 'S3')_t5_max: 8752
	F7_('S2', 'S1')_t5_min: 4863
	F4_('S4', 'S3')_t3_min: 1393
	F10_('S4', 'S3')_t5_min: 30608
	F22_('S3', 'E3')_t4_max: 3954
	F38_('S3', 'S2')_t3_min: 128
	F29_('S4', 'S5')_t3_max: 4258
	F46_('S2', 'S1')_tb: 14922
	F13_('S3', 'S4')_tb: 51898
	F17_('E4', 'S4')_t5_min: 19938
	F16_('S2', 'S3')_t5_max: 1694
	F26_('E5', 'S5')_t3_min: 25556
	F46_('S2', 'S1')_t5_min: 14933
	F20_('E1', 'S1')_t4_max: 26577
	F7_('S1', 'E1')_t5_max: 4985
	F20_('S1', 'S2')_t5_min: 26733
	F9_('S3', 'S2')_t3_min: 2744
	F33_('S3', 'E3')_t5_max: 20888
	F2_('E1', 'S1')_t3_min: 3076
	F36_('S4', 'E4')_t5_max: 3295
	F25_('E5', 'S5')_t5_max: 793
	F27_('S5', 'S4')_t5_max: 8606
	F42_('S4', 'S3')_t5_max: 373
	F41_('E2', 'S2')_t3_min: 11956
	F41_('S3', 'S4')_t5_max: 11991
	F12_('E2', 'S2')_t4_min: 672
	F32_('S3', 'E3')_t4_max: 31668
	F11_('S5', 'E5')_t3_min: 704
	F14_('S1', 'S2')_t3_min: 59697
	F33_('E2', 'S2')_t4_min: 20425
	F23_('S1', 'E1')_t3_min: 22072
	F10_('S4', 'S3')_tb: 30539
	F10_('E4', 'S4')_tb: 30468
	F20_('S1', 'S2')_t3_min: 26656
	F7_('E4', 'S4')_t5_max: 4372
	F29_('S5', 'E5')_t4_max: 4659
	F10_('S2', 'E2')_t3_max: 30944
	F41_('E2', 'S2')_tb: 11956
	F9_('S5', 'S4')_t5_min: 2595
	F49_('S3', 'S4')_tb: 24359
	F30_('S1', 'E1')_t3_max: 901
	F31_('S2', 'S1')_t3_min: 1781
	F24_('E1', 'S1')_tb: 2326
	F10_('S3', 'S2')_t5_max: 30937
	F44_('S2', 'E2')_t3_min: 4681
	('S5', 'E5')_gcl_length: 102
	F27_('S2', 'E2')_t3_min: 8513
	F33_('E2', 'S2')_t3_min: 20425
	F1_('S2', 'E2')_tb: 14939
	F38_('S2', 'S1')_t3_min: 184
	F35_('S1', 'E1')_t3_min: 52094
	F0_('E2', 'S2')_t4_max: 809
	F6_('E3', 'S3')_t3_min: 2491
	F16_('E2', 'S2')_t3_min: 1521
	F26_('S4', 'S3')_t5_max: 26154
	F0_('S1', 'E1')_t3_max: 991
	F0_('S2', 'S1')_t3_min: 895
	('S1', 'S2')_gcl_length: 180
	F12_('E2', 'S2')_t5_max: 689
	F9_('E5', 'S5')_t4_min: 2571
	F19_('S5', 'S4')_t5_min: 3288
	F10_('E4', 'S4')_t5_min: 30537
	F9_('E5', 'S5')_t4_max: 2571
	('S1', 'E1')_gcl_length: 194
	F34_('E2', 'S2')_tb: 24697
	F32_('S3', 'E3')_tb: 31668
	F43_('S4', 'S3')_t5_min: 1392
	F7_('E4', 'S4')_t3_min: 4257
	F0_('E2', 'S2')_t3_min: 809
	F11_('S3', 'S4')_tb: 500
	F45_('S4', 'S3')_t5_max: 16066
	F20_('S3', 'S4')_t5_max: 27155
	F22_('S2', 'S3')_tb: 3902
	F29_('S3', 'S4')_t3_min: 4186
	F23_('S3', 'S2')_t5_min: 22011
	F48_('E3', 'S3')_t3_min: 629
	F2_('E1', 'S1')_t4_max: 3076
	F47_('E1', 'S1')_tb: 315
	F43_('S3', 'S2')_tb: 1394
	F3_('S1', 'S2')_t5_min: 769
	F29_('E2', 'S2')_tb: 3964
	F23_('S2', 'S1')_t3_min: 22013
	F35_('S4', 'S3')_t5_max: 51805
	F24_('S1', 'S2')_t5_min: 2526
	F46_('S3', 'S2')_t5_min: 13986
	F27_('E5', 'S5')_t5_min: 8460
	F43_('S5', 'S4')_t3_min: 1001
	F18_('S4', 'S3')_t5_max: 1783
	F44_('S3', 'S2')_t3_max: 4756
	F42_('S2', 'S1')_t3_min: 497
	F17_('E4', 'S4')_t5_max: 19938
	F28_('S3', 'S4')_t5_max: 120714
	F24_('E1', 'S1')_t3_min: 2326
	F13_('E1', 'S1')_t5_max: 51422
	F3_('S2', 'S3')_tb: 771
	F26_('S4', 'S3')_tb: 25784
	F9_('E5', 'S5')_tb: 2571
	F45_('E5', 'S5')_t5_max: 15761
	F36_('E1', 'S1')_t4_min: 2178
	F36_('S2', 'S3')_t3_max: 2333
	F18_('S5', 'S4')_t5_max: 1669
	F1_('S2', 'E2')_t3_max: 14944
	F20_('S3', 'S4')_t3_min: 26948
	('S2', 'S3')_gcl_length: 130
	F38_('E4', 'S4')_t5_max: 65
	F29_('S4', 'S5')_t5_max: 4528
	F43_('S4', 'S3')_tb: 1326
	F46_('S1', 'E1')_t3_max: 14940
	F29_('E2', 'S2')_t3_min: 3964
	F39_('S2', 'S1')_t5_max: 6952
	F5_('S2', 'S3')_tb: 84185
	F8_('S4', 'E4')_t3_min: 56034
	F36_('S1', 'S2')_t3_min: 2189
	F35_('S1', 'E1')_t4_max: 52223
	F11_('S5', 'E5')_t5_max: 869
	F6_('S4', 'E4')_t4_max: 2867
	F13_('S5', 'E5')_t5_min: 52491
	F22_('E2', 'S2')_t3_min: 3850
	F47_('S2', 'E2')_tb: 349
	F13_('S5', 'E5')_tb: 52382
	F33_('E2', 'S2')_t5_min: 20492
	F4_('S3', 'E3')_tb: 1483
	F41_('S3', 'S4')_t3_max: 11984
	F49_('E3', 'S3')_t5_min: 24227
	F24_('S1', 'S2')_t5_max: 2655
	('S3', 'E3')_gcl_length: 34
	F39_('S4', 'S3')_tb: 6152
	F16_('S3', 'E3')_tb: 1701
	F46_('E4', 'S4')_t5_min: 13832
	F46_('S1', 'E1')_t4_max: 15064
	F6_('S4', 'E4')_t5_min: 2925
	F29_('E2', 'S2')_t5_min: 4008
	F33_('S3', 'E3')_t3_min: 20563
	F23_('S1', 'E1')_t5_min: 22129
	F35_('S3', 'S2')_t3_min: 51807
	F5_('E2', 'S2')_t5_min: 84183
	F43_('S5', 'S4')_tb: 1001
	F30_('S1', 'E1')_t5_min: 985
	F25_('S5', 'S4')_tb: 800
	F18_('S4', 'S3')_tb: 1749
	F49_('S4', 'E4')_t5_max: 24502
	F46_('S2', 'S1')_t3_min: 13988
	F40_('E5', 'S5')_t5_max: 23986
	F11_('S2', 'S3')_tb: 328
	F30_('E4', 'S4')_t3_min: 489
	F47_('S2', 'E2')_t5_max: 359
	F14_('S2', 'E2')_t4_max: 60047
	F49_('E3', 'S3')_tb: 24221
	F7_('E4', 'S4')_tb: 4257
	F13_('E1', 'S1')_t3_min: 51313
	F17_('S4', 'S5')_t5_min: 20008
	F9_('S5', 'S4')_t3_min: 2584
	F1_('S2', 'E2')_t3_min: 14939
	F44_('S4', 'S3')_t3_min: 4563
	F45_('S3', 'E3')_tb: 16068
	F4_('S3', 'E3')_t5_min: 1566
	F3_('S1', 'S2')_t3_min: 525
	('E2', 'S2')_gcl_length: 0
	F36_('S4', 'E4')_tb: 3157
	F30_('S3', 'S2')_tb: 757
	F34_('S1', 'E1')_t4_max: 24901
	F26_('S2', 'E2')_t3_max: 26405
	F18_('S4', 'S3')_t3_min: 1671
	F31_('E2', 'S2')_t4_max: 1702
	F29_('E2', 'S2')_t4_min: 3964
	F11_('S4', 'S5')_t5_min: 702
	F27_('S4', 'S3')_t5_min: 8494
	F45_('S5', 'S4')_t5_max: 15911
	F31_('E2', 'S2')_tb: 1702
	F24_('S2', 'E2')_t5_max: 2885
	F40_('S4', 'E4')_t5_min: 24108
	F43_('S5', 'S4')_t5_min: 1067
	F1_('S3', 'S2')_tb: 14882
	F37_('E1', 'S1')_t5_min: 24829
	F2_('S1', 'S2')_tb: 3315
	F17_('E4', 'S4')_t3_min: 19875
	F14_('E1', 'S1')_t3_min: 59604
	F9_('S4', 'S3')_t3_max: 2731
	F36_('E1', 'S1')_t3_min: 2178
	F13_('S5', 'E5')_t5_max: 52491
	F20_('S4', 'S5')_t3_max: 27162
	F35_('S3', 'S2')_t5_max: 51952
	F3_('E1', 'S1')_t4_max: 407
	('S4', 'S5')_gcl_length: 124
	F42_('E4', 'S4')_t3_min: 138
	F37_('E1', 'S1')_t4_max: 24741
	F30_('E4', 'S4')_t5_min: 554
	F12_('E2', 'S2')_tb: 672
	F42_('E4', 'S4')_t5_min: 252
	F48_('S4', 'S5')_t5_max: 1123
	F11_('S4', 'S5')_tb: 666
	F5_('S3', 'E3')_tb: 84200
	F9_('S5', 'S4')_t5_max: 2724
	F46_('E4', 'S4')_tb: 13821
	F45_('E5', 'S5')_tb: 15742
	F28_('S3', 'S4')_tb: 120537
	F39_('S1', 'E1')_t5_max: 7075
	F11_('S4', 'S5')_t3_min: 538
	F12_('S3', 'S4')_t3_max: 720
	F2_('S2', 'E2')_tb: 3430
	F42_('S3', 'S2')_t3_max: 380
	F45_('E5', 'S5')_t4_max: 15742
	F32_('E5', 'S5')_t3_min: 31171
	F9_('S4', 'S3')_t5_max: 2742
	F9_('S4', 'S3')_t3_min: 2597
	F25_('E5', 'S5')_tb: 726
	F39_('S3', 'S2')_t3_max: 6533
	F43_('S1', 'E1')_t5_min: 1730
	F20_('S5', 'E5')_tb: 27265
	F37_('S1', 'S2')_t3_min: 24831
	('E4', 'S4')_gcl_length: 0
	F39_('S5', 'S4')_tb: 6034
	F44_('S3', 'S2')_t5_min: 4679
	F38_('E4', 'S4')_t4_min: 11
	F24_('S1', 'S2')_tb: 2427
	F35_('E4', 'S4')_t3_min: 51766
	F13_('S5', 'E5')_t3_max: 52259
	F25_('S5', 'S4')_t5_min: 867
	F23_('S4', 'S3')_tb: 21895
	F15_('E1', 'S1')_t3_min: 12004
	F17_('S5', 'E5')_t5_min: 20202
	F12_('S4', 'S5')_t3_max: 744
	F27_('S5', 'S4')_t3_min: 8462
	F47_('S1', 'S2')_t5_min: 342
	F45_('S5', 'S4')_t3_min: 15763
	F38_('S2', 'S1')_t3_max: 318
	F37_('E1', 'S1')_t4_min: 24741
	F22_('E2', 'S2')_t4_min: 3850
	F46_('S1', 'E1')_t5_min: 14946
	F34_('E2', 'S2')_t4_min: 24697
	F14_('S2', 'E2')_t3_min: 59918
	F6_('S4', 'E4')_t5_max: 2925
	F12_('S3', 'S4')_t5_max: 737
	F22_('S3', 'E3')_t5_min: 3999
	F40_('E5', 'S5')_t5_min: 23986
	F35_('E4', 'S4')_t4_min: 51766
	F8_('S2', 'S3')_tb: 55890
	F8_('S2', 'S3')_t3_min: 55756
	F47_('S1', 'S2')_t3_min: 327
	F21_('E1', 'S1')_tb: 2832
	F29_('S5', 'E5')_t3_max: 4535
	F22_('S3', 'E3')_t3_max: 3954
	F39_('S4', 'S3')_t3_max: 6286
	F49_('S3', 'S4')_t5_min: 24365
	F23_('E4', 'S4')_t5_min: 21893
	F7_('S2', 'S1')_t5_max: 4863
	F35_('S2', 'S1')_tb: 52076
	F42_('S4', 'S3')_tb: 259
	F21_('S2', 'S3')_t5_max: 3412
	F11_('S2', 'S3')_t3_max: 333
	F21_('S1', 'S2')_t3_min: 2940
	F46_('S3', 'S2')_tb: 13975
	F40_('E5', 'S5')_t3_min: 23927
	F26_('S4', 'S3')_t3_min: 25784
	F17_('S5', 'E5')_t3_min: 20010
	F43_('S2', 'S1')_t5_min: 1662
	F10_('S2', 'E2')_t5_max: 31137
	F7_('S2', 'S1')_t3_max: 4623
	F39_('S2', 'S1')_tb: 6707
	('E1', 'S1')_gcl_length: 0
	F35_('S3', 'S2')_tb: 51807
	F6_('S3', 'S4')_tb: 2679
	F28_('S4', 'E4')_t5_min: 120769
	F30_('S2', 'S1')_tb: 829
	F48_('S5', 'E5')_t5_max: 1264
	F32_('S4', 'S3')_t5_min: 31532
	F14_('E1', 'S1')_t4_max: 59604
	F7_('S1', 'E1')_t3_max: 4870
	F43_('S1', 'E1')_t3_max: 1669
	F13_('S5', 'E5')_t3_min: 52254
	F11_('S2', 'S3')_t3_min: 328
	F12_('E2', 'S2')_t3_min: 672
	F17_('S5', 'E5')_t5_max: 20202
	F8_('S4', 'E4')_t5_min: 56048
	F42_('S2', 'S1')_t3_max: 502
	F11_('S2', 'S3')_t5_min: 364
	F19_('S2', 'E2')_tb: 3539
	F20_('E1', 'S1')_t5_max: 26654
	F45_('E5', 'S5')_t3_min: 15742
	F11_('S5', 'E5')_t4_max: 833
	F8_('S4', 'E4')_t5_max: 56048
	F26_('S4', 'S3')_t5_min: 25896
	F30_('S3', 'S2')_t5_max: 822
	F36_('S3', 'S4')_t5_min: 3155
	F24_('S2', 'E2')_t3_min: 2528
	F27_('S2', 'E2')_t4_max: 8905
	F25_('S5', 'S4')_t5_max: 867
	F40_('S4', 'E4')_t4_max: 24307
	F47_('S2', 'E2')_t3_max: 349
	F45_('E5', 'S5')_t5_min: 15761
	F43_('E5', 'S5')_t3_min: 933
	F3_('E1', 'S1')_t3_min: 407
	F39_('S3', 'S2')_t5_min: 6705
	F37_('S2', 'E2')_t3_max: 25055
	F43_('S1', 'E1')_t5_max: 1859
	F46_('S2', 'S1')_t5_max: 14933
	F41_('E2', 'S2')_t4_min: 11956
	F8_('E1', 'S1')_tb: 55740
	F43_('S1', 'E1')_t3_min: 1664
	F9_('S3', 'S2')_t5_min: 2884
	F37_('E1', 'S1')_tb: 24741
	F41_('S5', 'E5')_t4_max: 12136
	F23_('S4', 'S3')_t5_max: 22081
	F4_('S4', 'S3')_t5_max: 1481
	F34_('E2', 'S2')_t5_max: 24730
	F27_('S4', 'S3')_tb: 8479
	F17_('S5', 'E5')_t4_max: 20139
	F43_('S3', 'S2')_t3_max: 1399
	F29_('S4', 'S5')_t5_min: 4528
	F41_('S4', 'S5')_t3_min: 11993
	F18_('E5', 'S5')_t4_max: 1521
	F8_('E1', 'S1')_t5_min: 55746
	F26_('S2', 'E2')_t4_max: 26405
	F16_('E2', 'S2')_t4_max: 1521
	F47_('E1', 'S1')_t4_min: 315
	F30_('S3', 'S2')_t5_min: 822
	F27_('S3', 'S2')_t5_max: 8898
	F9_('S3', 'S2')_t5_max: 2884
	F6_('S4', 'E4')_tb: 2867
	F26_('S3', 'S2')_t3_max: 26161
	F10_('S3', 'S2')_tb: 30610
	F45_('S3', 'E3')_t5_min: 16087
	F14_('E1', 'S1')_tb: 59604
	F12_('S5', 'E5')_t4_max: 978
	F40_('S5', 'S4')_t5_min: 24047
	F20_('E1', 'S1')_t3_min: 26577
	F3_('E1', 'S1')_t4_min: 407
	F15_('S2', 'E2')_tb: 12139
	F39_('S2', 'S1')_t5_min: 6823
	F35_('S1', 'E1')_t5_max: 52239
	F30_('S2', 'S1')_t3_max: 829
	F5_('S2', 'S3')_t3_min: 84185
	F0_('S1', 'E1')_t4_max: 991
	F49_('S3', 'S4')_t3_min: 24229
	F28_('S3', 'S4')_t3_min: 120537
	F29_('S5', 'E5')_t3_min: 4530
	F9_('S2', 'E2')_t4_max: 3015
	F13_('E1', 'S1')_t5_min: 51422
	F26_('S5', 'S4')_t3_min: 25670
	F21_('S3', 'S4')_t3_max: 3419
	F23_('S3', 'S2')_t3_min: 21954
	F43_('S2', 'S1')_t3_max: 1596
	F11_('S5', 'E5')_tb: 704
	F26_('E5', 'S5')_t4_max: 25556
	F6_('S3', 'S4')_t5_max: 2737
	F43_('S2', 'S1')_t3_min: 1462
	F36_('E1', 'S1')_t5_max: 2187
	F16_('S3', 'E3')_t5_min: 1784
	F48_('E3', 'S3')_t4_max: 629
	F8_('S4', 'E4')_t3_max: 56039
	F36_('S4', 'E4')_t3_min: 3157
	F23_('S1', 'E1')_t5_max: 22645
	F39_('S3', 'S2')_tb: 6589
	F39_('S1', 'E1')_t3_max: 6959
	F24_('S2', 'E2')_t3_max: 2662
	F33_('E2', 'S2')_t4_max: 20425
	F33_('E2', 'S2')_t5_max: 20492
	F28_('S4', 'E4')_t3_max: 120721
	F5_('S3', 'E3')_t4_max: 84458
	F36_('S3', 'S4')_tb: 3146
	F25_('S3', 'S2')_t5_min: 1005
	F34_('S1', 'E1')_tb: 24901
	F44_('S2', 'E2')_t4_max: 5068
	F39_('S3', 'S2')_t3_min: 6270
	F42_('E4', 'S4')_tb: 138
	F18_('S4', 'S3')_t3_max: 1676
	F49_('S4', 'E4')_t3_min: 24367
	F30_('S4', 'S3')_t5_min: 621
	F6_('S3', 'S4')_t3_min: 2551
	F7_('S4', 'S3')_tb: 4379
	F35_('S2', 'S1')_t3_max: 51959
	('E5', 'S5')_gcl_length: 2
	F48_('S3', 'S4')_t5_min: 885
	F40_('E5', 'S5')_t4_max: 23927
	F24_('E1', 'S1')_t4_min: 2326
	F33_('S3', 'E3')_t4_max: 20821
	F13_('S3', 'S4')_t3_min: 51898
	F13_('S5', 'E5')_t4_max: 52382
	F32_('S5', 'S4')_tb: 31298
	F26_('E5', 'S5')_t4_min: 25556
	F3_('S3', 'E3')_t5_min: 1005
	F39_('E5', 'S5')_t4_min: 5916
	F1_('E3', 'S3')_t4_max: 14820
	F9_('S3', 'S2')_t3_max: 2749
	('E3', 'S3')_gcl_length: 0
	F46_('E4', 'S4')_t5_max: 13832
	F4_('S4', 'S3')_tb: 1398
	F45_('S3', 'E3')_t3_min: 16068
	F29_('E2', 'S2')_t4_max: 3964
	F43_('S3', 'S2')_t5_min: 1460
	F34_('S1', 'E1')_t5_max: 24934
	F21_('S1', 'S2')_t5_min: 3046
	F15_('S2', 'E2')_t3_max: 12144
	F38_('S1', 'E1')_t3_max: 503
	F25_('S1', 'E1')_t5_min: 1535
	F0_('E2', 'S2')_t5_max: 893
	F21_('S1', 'S2')_t5_max: 3175
	F37_('S2', 'E2')_t5_max: 25267
	F11_('S1', 'S2')_tb: 290
	F22_('E2', 'S2')_t4_max: 3850
	F19_('E5', 'S5')_t4_min: 2916
	F27_('S3', 'S2')_t3_max: 8759
	F43_('E5', 'S5')_t4_min: 933
	F19_('S5', 'S4')_t3_min: 3038
	F46_('S3', 'S2')_t3_min: 13975
	F42_('S3', 'S2')_tb: 381
	F42_('E4', 'S4')_t5_max: 252
	F49_('S3', 'S4')_t5_max: 24365
	F20_('E1', 'S1')_t5_min: 26654
	F9_('E5', 'S5')_t3_min: 2571
	F23_('E4', 'S4')_t4_min: 21836
	F38_('S4', 'S3')_t5_min: 126
	F38_('E4', 'S4')_tb: 11
	F28_('S3', 'S4')_t5_min: 120585
	F13_('S4', 'S5')_t3_min: 52009
	F43_('S1', 'E1')_t4_max: 1793
	F36_('S1', 'S2')_t5_max: 2326
	F29_('S5', 'E5')_tb: 4530
	F20_('S2', 'S3')_t3_max: 26869
	F19_('S2', 'E2')_t4_max: 3797
	F6_('E3', 'S3')_t4_max: 2491
	F15_('S2', 'E2')_t4_max: 12268
	F45_('S4', 'S3')_tb: 16047
	F33_('S2', 'S3')_tb: 20494
	F10_('S2', 'E2')_t5_min: 30750
	F34_('E2', 'S2')_t5_min: 24730
	F7_('S3', 'S2')_tb: 4501
	F21_('E1', 'S1')_t3_min: 2832
	F2_('E1', 'S1')_t5_max: 3184
	F44_('S4', 'S3')_t5_min: 4620
	F39_('S1', 'E1')_t5_min: 7075
	F15_('S1', 'S2')_t3_min: 12069
	F10_('E4', 'S4')_t5_max: 30537
	F12_('S5', 'E5')_t5_min: 995
	F11_('S2', 'S3')_t5_max: 493
	F31_('E2', 'S2')_t3_min: 1702
	F48_('S3', 'S4')_t5_max: 885
	F42_('S3', 'S2')_t5_min: 495
	F26_('S3', 'S2')_t5_min: 26398
	F29_('S5', 'E5')_t5_min: 4574
	F14_('E1', 'S1')_t4_min: 59604
	F21_('S4', 'S5')_t3_max: 3656
	F5_('E2', 'S2')_t3_min: 84170
	F37_('S2', 'E2')_tb: 24921
	F10_('S4', 'S3')_t5_max: 30737
	F2_('S1', 'S2')_t3_min: 3186
	F23_('E4', 'S4')_t3_min: 21836
	F25_('S3', 'S2')_t5_max: 1263
	F18_('S3', 'E3')_tb: 1785
	F20_('S1', 'S2')_tb: 26656
	F32_('S3', 'E3')_t3_min: 31534
	F3_('S1', 'S2')_tb: 653
	F6_('S4', 'E4')_t3_min: 2739
	F8_('E1', 'S1')_t3_min: 55740
	F37_('S1', 'S2')_t5_max: 25048
	F43_('S3', 'S2')_t3_min: 1394
	F15_('E1', 'S1')_t5_max: 12067
	F20_('S1', 'S2')_t5_max: 26862
	('S4', 'S3')_gcl_length: 254
	F5_('E2', 'S2')_tb: 84170
	F44_('S3', 'S2')_t5_max: 4937
	F42_('S3', 'S2')_t3_min: 375
	F41_('E2', 'S2')_t5_max: 11963
	F19_('S4', 'S3')_t5_max: 3415
	F39_('S4', 'S3')_t5_max: 6526
	F3_('S2', 'S3')_t5_max: 1016
	F44_('S2', 'E2')_t5_min: 4738
	F40_('E5', 'S5')_t4_min: 23927
	F15_('E1', 'S1')_tb: 12004
	F42_('S1', 'E1')_t5_max: 862
	F7_('S3', 'S2')_t3_max: 4501
	F43_('E5', 'S5')_tb: 933
	F12_('S4', 'S5')_t5_max: 886
	F23_('S1', 'E1')_tb: 22072
	F19_('S5', 'S4')_tb: 3168
	F34_('S1', 'E1')_t3_max: 24901
	F36_('E1', 'S1')_t5_min: 2187
	F25_('S2', 'S1')_t3_max: 1270
	F15_('S2', 'E2')_t5_min: 12202
	F16_('E2', 'S2')_t4_min: 1521
	F3_('E1', 'S1')_t5_min: 523
	F42_('E4', 'S4')_t4_max: 138
	F26_('E5', 'S5')_t5_min: 25668
	F12_('S5', 'E5')_t5_max: 995
	F44_('S4', 'S3')_t5_max: 4749
	F0_('S1', 'E1')_tb: 991
	F28_('S4', 'E4')_tb: 120721
	F5_('S3', 'E3')_t5_max: 84471
	F1_('S2', 'E2')_t5_max: 15123
	F3_('E1', 'S1')_tb: 407
	F11_('E1', 'S1')_t5_min: 136
	F14_('S2', 'E2')_t3_max: 59923
	F24_('S2', 'E2')_tb: 2528
	F16_('S3', 'E3')_t3_max: 1701
	F43_('S4', 'S3')_t3_min: 1069
	F32_('E5', 'S5')_t5_max: 31287
	F6_('E3', 'S3')_t5_min: 2549
	F21_('S3', 'S4')_t5_max: 3649
	F46_('S4', 'S3')_t5_min: 13973
	F39_('S5', 'S4')_t3_min: 6034
	F19_('S5', 'S4')_t5_max: 3288
	F31_('S2', 'S1')_tb: 1781
	F30_('S1', 'E1')_t4_max: 920
	F47_('E1', 'S1')_t4_max: 315
	F36_('S2', 'S3')_t3_min: 2328
	F11_('S3', 'S4')_t3_max: 500
	F30_('S3', 'S2')_t3_min: 623
	F26_('S3', 'S2')_t3_min: 25898
	F48_('S5', 'E5')_t5_min: 1264
	F32_('S5', 'S4')_t5_min: 31414
	F26_('S2', 'E2')_t3_min: 26400
	F8_('S3', 'S4')_t5_max: 56032
	F6_('S4', 'E4')_t3_max: 2744
	F26_('S3', 'S2')_t5_max: 26398
	F46_('S4', 'S3')_t5_max: 13973
	F39_('E5', 'S5')_t5_min: 6032
	F31_('S1', 'E1')_t5_min: 2071
	F41_('S2', 'S3')_tb: 11970
	F32_('E5', 'S5')_tb: 31171
	F27_('S2', 'E2')_t3_max: 8905
	F7_('S1', 'E1')_t3_min: 4865
	F29_('S3', 'S4')_t5_min: 4251
	F32_('S5', 'S4')_t5_max: 31414
	F21_('E1', 'S1')_t5_max: 2938
	F22_('E2', 'S2')_tb: 3850
	F32_('S3', 'E3')_t5_max: 31784
	F25_('S5', 'S4')_t3_min: 795
	F48_('S5', 'E5')_t4_max: 1157
	F25_('S1', 'E1')_tb: 1468
	F44_('E4', 'S4')_tb: 4504
	F18_('S3', 'E3')_t5_min: 1819
	F26_('E5', 'S5')_tb: 25556
	F47_('S1', 'S2')_t5_max: 342
	F41_('S2', 'S3')_t5_min: 11977
	F46_('S1', 'E1')_t5_max: 15075
	F35_('S1', 'E1')_t3_max: 52099
	F9_('E5', 'S5')_t5_min: 2582
	F8_('S1', 'S2')_t5_min: 55754
	F38_('S1', 'E1')_tb: 503
	F23_('S3', 'S2')_t5_max: 22269
	F25_('S1', 'E1')_t5_max: 1535
	F17_('S5', 'E5')_tb: 20139
	F12_('S2', 'S3')_tb: 696
	F13_('S2', 'S3')_t3_max: 51664
	F41_('S4', 'S5')_tb: 11998
	F38_('S4', 'S3')_t5_max: 126
	F26_('S2', 'E2')_t5_min: 26517
	F44_('S4', 'S3')_tb: 4563
	F3_('S2', 'S3')_t5_min: 887
	F20_('S3', 'S4')_t3_max: 26953
	F9_('S5', 'S4')_tb: 2584
	F39_('S4', 'S3')_t3_min: 6152
	F4_('S5', 'S4')_t3_min: 1197
	F13_('S3', 'S4')_t5_min: 52007
	F25_('S4', 'S3')_tb: 869
	F47_('E1', 'S1')_t5_min: 325
	F21_('S4', 'S5')_tb: 3656
	F9_('S2', 'E2')_tb: 2886
	F21_('S5', 'E5')_t5_min: 3870
	F19_('E5', 'S5')_t3_min: 2916
	F0_('S2', 'S1')_tb: 900
	F18_('E5', 'S5')_t3_min: 1521
	F3_('S3', 'E3')_t4_max: 1147
	F35_('S2', 'S1')_t5_max: 52092
	F28_('E3', 'S3')_tb: 120487
	F8_('S1', 'S2')_tb: 55748
	F13_('S1', 'S2')_t5_min: 51657
	F1_('E3', 'S3')_t5_min: 14875
	F27_('E5', 'S5')_t4_max: 8445
	F38_('S4', 'S3')_t3_min: 67
	F42_('E4', 'S4')_t4_min: 138
	F21_('S5', 'E5')_t5_max: 3999
	F18_('S3', 'E3')_t4_max: 1914
	F17_('S4', 'S5')_t3_min: 19940
	F19_('E5', 'S5')_t5_max: 3036
	F7_('S4', 'S3')_t5_max: 4494
	F33_('S3', 'E3')_t5_min: 20630
	F35_('S3', 'S2')_t3_max: 51812
	F1_('E3', 'S3')_t4_min: 14820
	F33_('S3', 'E3')_t3_max: 20697
	F30_('S3', 'S2')_t3_max: 757
	F4_('S4', 'S3')_t5_min: 1481
	F8_('S3', 'S4')_t3_min: 55898
	F4_('S4', 'S3')_t3_max: 1398
	F40_('S4', 'E4')_t3_max: 24183
	F41_('S5', 'E5')_tb: 12007
	F0_('S2', 'S1')_t5_min: 984
	F43_('S5', 'S4')_t5_max: 1196
	F20_('S4', 'S5')_t5_max: 27263
	F25_('E5', 'S5')_t3_min: 726
	F45_('S3', 'E3')_t3_max: 16073
	F30_('S1', 'E1')_t3_min: 896
	F16_('E2', 'S2')_t5_max: 1604
	F21_('S2', 'S3')_t3_max: 3182
	F12_('S5', 'E5')_t3_max: 893
	F36_('S1', 'S2')_t5_min: 2326
	F23_('S2', 'S1')_t5_min: 22070
	F28_('S4', 'E4')_t4_max: 120721
	F19_('S2', 'E2')_t5_min: 3659
	F20_('S5', 'E5')_t3_max: 27270
	F25_('S4', 'S3')_t5_min: 936
	F20_('S5', 'E5')_t5_min: 27342
	F10_('S3', 'S2')_t5_min: 30679
	F25_('S3', 'S2')_tb: 938
	F21_('S2', 'S3')_tb: 3048
	F13_('S4', 'S5')_t5_min: 52252
	F31_('S2', 'S1')_t5_max: 1987
	F31_('E2', 'S2')_t5_max: 1779
	F14_('S2', 'E2')_t5_max: 60138
	F25_('S4', 'S3')_t5_max: 1065
	F40_('S5', 'S4')_tb: 23988
	F32_('S4', 'S3')_t3_max: 31421
	F14_('S1', 'S2')_tb: 59825
	F30_('S4', 'S3')_t3_min: 556
	F42_('S1', 'E1')_t5_min: 733
	F43_('E5', 'S5')_t5_min: 999
	F35_('S4', 'S3')_t5_min: 51805
	F27_('S3', 'S2')_t5_min: 8511
	F23_('S4', 'S3')_t3_min: 21895
	F21_('E1', 'S1')_t4_max: 2832
	F19_('S3', 'S2')_t3_max: 3422
	F47_('E1', 'S1')_t5_max: 325
	F32_('S5', 'S4')_t3_min: 31289
	F28_('E3', 'S3')_t5_min: 120535
	F29_('S2', 'S3')_t5_max: 4184
	F7_('E4', 'S4')_t4_max: 4257
	F33_('S3', 'E3')_tb: 20563
	F39_('S5', 'S4')_t5_max: 6279
	F25_('S1', 'E1')_t3_min: 1076
	F7_('S3', 'S2')_t3_min: 4496
	F16_('E2', 'S2')_tb: 1521
	F46_('S4', 'S3')_tb: 13962
	F44_('S2', 'E2')_t5_max: 5125
	F42_('S1', 'E1')_t4_max: 748
	F0_('E2', 'S2')_tb: 809
	F38_('S2', 'S1')_tb: 184
	F12_('S5', 'E5')_tb: 978
	F26_('S4', 'S3')_t3_max: 25918
	F36_('E1', 'S1')_t4_max: 2178
	F39_('E5', 'S5')_t5_max: 6032
	F38_('S4', 'S3')_tb: 72
	F26_('S3', 'S2')_tb: 26286
	F43_('S4', 'S3')_t3_max: 1203
	F25_('S2', 'S1')_tb: 1007
	F38_('E4', 'S4')_t4_max: 11
	F46_('S4', 'S3')_t3_min: 13834
	F43_('S1', 'E1')_tb: 1664
	F0_('E2', 'S2')_t5_min: 893
	F37_('S2', 'E2')_t4_max: 25179
	F36_('S2', 'S3')_tb: 3007
	F45_('S4', 'S3')_t3_min: 15784
	F7_('S3', 'S2')_t5_min: 4616
	F37_('S2', 'E2')_t3_min: 24921
	F3_('S3', 'E3')_t3_max: 1023
	F36_('S4', 'E4')_t5_min: 3166
	F37_('S2', 'E2')_t5_min: 25009
	F22_('S3', 'E3')_t3_min: 3949
	F32_('S4', 'S3')_t5_max: 31661
	F3_('S1', 'S2')_t5_max: 769
	F39_('E5', 'S5')_t4_max: 5916
	F13_('S1', 'S2')_tb: 51548
	F14_('S1', 'S2')_t5_min: 59916
	F36_('E1', 'S1')_tb: 2178
	F42_('S1', 'E1')_t3_min: 619
	F13_('E1', 'S1')_t4_max: 51313
	F9_('S4', 'S3')_t5_min: 2742
	F23_('S2', 'S1')_t5_max: 22457
	F12_('S5', 'E5')_t3_min: 888
	F34_('S1', 'E1')_t3_min: 24896
	F19_('S4', 'S3')_t5_min: 3415
	F1_('S2', 'E2')_t5_min: 14994
	F8_('E1', 'S1')_t4_max: 55740
	F7_('S3', 'S2')_t5_max: 4616
	F4_('E5', 'S5')_t5_max: 1195
	F31_('E2', 'S2')_t5_min: 1779
	F48_('E3', 'S3')_t5_min: 736
	F41_('S2', 'S3')_t5_max: 11977
	F45_('E5', 'S5')_t4_min: 15742
	F29_('S4', 'S5')_t3_min: 4253
	F37_('E1', 'S1')_t5_max: 24829
	F32_('S3', 'E3')_t5_min: 31784
	F27_('S2', 'E2')_tb: 8905
	F36_('S2', 'S3')_t5_min: 3016
	('S2', 'S1')_gcl_length: 132
	F6_('E3', 'S3')_t5_max: 2549
	F23_('E4', 'S4')_t4_max: 21836
	F26_('E5', 'S5')_t5_max: 25668
	F29_('S3', 'S4')_tb: 4207
	F35_('S1', 'E1')_tb: 52094
	F38_('S2', 'S1')_t5_min: 238
	F8_('S2', 'S3')_t5_min: 55896
	F20_('S2', 'S3')_t5_max: 26946
	F9_('S2', 'E2')_t5_max: 3026
	F22_('E2', 'S2')_t5_max: 3895
	F19_('E5', 'S5')_t4_max: 2916
	F39_('S5', 'S4')_t5_min: 6150
	F5_('E2', 'S2')_t4_min: 84170
	F39_('E5', 'S5')_tb: 5916
	F47_('E1', 'S1')_t3_min: 315
	F43_('E5', 'S5')_t5_max: 999
	F38_('E4', 'S4')_t5_min: 65
	F13_('S3', 'S4')_t5_max: 52136
	F31_('S1', 'E1')_tb: 1994
	F35_('S2', 'S1')_t3_min: 51825
	F13_('S1', 'S2')_t3_min: 51424
	F10_('S3', 'S2')_t3_min: 30610
	F19_('S4', 'S3')_t3_max: 3295
	F12_('S4', 'S5')_tb: 869
	F22_('S3', 'E3')_t5_max: 3999
	F8_('E1', 'S1')_t5_max: 55746
	F12_('E2', 'S2')_t4_max: 672
	F17_('S4', 'S5')_tb: 19945
	F15_('S2', 'E2')_t3_min: 12139
	F5_('E2', 'S2')_t4_max: 84170
	F44_('E4', 'S4')_t5_min: 4561
	F36_('S3', 'S4')_t3_max: 3023
	F30_('S1', 'E1')_t5_max: 985
	F26_('S5', 'S4')_tb: 25670
	F26_('S5', 'S4')_t5_max: 25911
	F19_('S4', 'S3')_tb: 3295
	F48_('S5', 'E5')_t3_max: 1130
	F30_('E4', 'S4')_t4_min: 489
	F10_('E4', 'S4')_t3_min: 30468
	F21_('S1', 'S2')_tb: 2940
	F25_('E5', 'S5')_t4_max: 726
	F13_('S3', 'S4')_t3_max: 51903
	F12_('S3', 'S4')_t5_min: 737
	F21_('S2', 'S3')_t5_min: 3154
	F11_('E1', 'S1')_tb: 100
	F35_('S1', 'E1')_t5_min: 52110
	F21_('S4', 'S5')_t5_min: 3762
	F18_('S4', 'S3')_t5_min: 1783
	F21_('S5', 'E5')_t3_min: 3764
	F40_('S5', 'S4')_t3_min: 23988
	F39_('S1', 'E1')_t3_min: 6825
	F8_('S1', 'S2')_t3_min: 55748
	F35_('S4', 'S3')_tb: 51789
	F43_('S2', 'S1')_tb: 1596
	F27_('E5', 'S5')_t5_max: 8460
	F27_('S2', 'E2')_t5_max: 8920
	F23_('S3', 'S2')_t3_max: 22088
	F28_('E3', 'S3')_t4_min: 120487
	F13_('S2', 'S3')_t5_min: 51896
	F2_('S2', 'E2')_t5_min: 3538
	F33_('S2', 'S3')_t5_max: 20690
	F38_('S2', 'S1')_t5_max: 496
	F19_('E5', 'S5')_tb: 2916
	F25_('S2', 'S1')_t5_max: 1461
	F40_('S4', 'E4')_t3_min: 24049
	F16_('S3', 'E3')_t4_max: 1701
	F9_('S4', 'S3')_tb: 2731
	F8_('S2', 'S3')_t3_max: 55890
	F9_('E5', 'S5')_t5_max: 2582
	F46_('S2', 'S1')_t3_max: 14122
	F21_('E1', 'S1')_t5_min: 2938
	F44_('S2', 'E2')_tb: 4681
	F41_('S3', 'S4')_tb: 11984
	F34_('S2', 'S1')_t5_min: 24894
	F12_('E2', 'S2')_t5_min: 689
	F46_('S3', 'S2')_t5_max: 14115
	F49_('S4', 'E4')_t4_max: 24496
	F25_('S2', 'S1')_t5_min: 1074
	F45_('S4', 'S3')_t3_max: 15918
	F23_('S4', 'S3')_t5_min: 21952
	F44_('S3', 'S2')_t3_min: 4622
	F20_('S4', 'S5')_t3_min: 27157
	F19_('S3', 'S2')_t5_max: 3666
	F11_('S3', 'S4')_t3_min: 366
	('S2', 'E2')_gcl_length: 210
	F15_('E1', 'S1')_t5_min: 12067
	F48_('S4', 'S5')_t3_min: 887
	F48_('S3', 'S4')_tb: 778
	F7_('S1', 'E1')_tb: 4870
	F42_('S2', 'S1')_t5_max: 617
	F30_('E4', 'S4')_t5_max: 554
	F31_('S2', 'S1')_t5_min: 1858
	F14_('E1', 'S1')_t5_min: 59695
	F16_('E2', 'S2')_t5_min: 1604
	F4_('E5', 'S5')_t4_min: 1112
	F27_('S4', 'S3')_t3_max: 8613
	F32_('S4', 'S3')_t3_min: 31416
	F4_('S5', 'S4')_t5_min: 1391
	F28_('E3', 'S3')_t5_max: 120535
	F24_('E1', 'S1')_t5_max: 2425
	F29_('E2', 'S2')_t5_max: 4008
	F27_('S5', 'S4')_t5_min: 8477
	F18_('E5', 'S5')_t4_min: 1521
	F45_('S3', 'E3')_t5_max: 16216
	F15_('S2', 'E2')_t5_max: 12331
	F21_('S3', 'S4')_tb: 3156
	F5_('S3', 'E3')_t3_max: 84334
	F2_('S2', 'E2')_t5_max: 3538
	F44_('E4', 'S4')_t4_max: 4504
	F22_('S2', 'S3')_t3_min: 3897
	F21_('S4', 'S5')_t3_min: 3264
	F27_('S5', 'S4')_tb: 8462
	F19_('S2', 'E2')_t5_max: 3917
	F46_('E4', 'S4')_t4_max: 13821
	F26_('S2', 'E2')_tb: 26405
	F38_('S1', 'E1')_t4_max: 503
	F0_('S1', 'E1')_t3_min: 986
	F34_('E2', 'S2')_t4_max: 24697
	F7_('S2', 'S1')_t3_min: 4618
	F46_('E4', 'S4')_t4_min: 13821
	F20_('S5', 'E5')_t5_max: 27471
	F48_('E3', 'S3')_tb: 629
	F21_('S5', 'E5')_t3_max: 3769
	F23_('S3', 'S2')_tb: 21954
	F34_('S2', 'S1')_t5_max: 24894
	F7_('S4', 'S3')_t3_min: 4374
	F18_('S3', 'E3')_t5_max: 1948
	F17_('E4', 'S4')_t4_max: 19875
	F46_('S1', 'E1')_tb: 14935
	F0_('S1', 'E1')_t5_max: 1075
	F12_('S3', 'S4')_tb: 720
	F25_('E5', 'S5')_t4_min: 726
	F46_('E4', 'S4')_t3_min: 13821
	F13_('S2', 'S3')_t5_max: 51896
	F7_('S2', 'S1')_tb: 4748
	F38_('S3', 'S2')_t5_max: 311
	F19_('S4', 'S3')_t3_min: 3290
	F21_('S5', 'E5')_t4_max: 3893
	F7_('E4', 'S4')_t5_min: 4372
	F3_('S3', 'E3')_t5_max: 1263
	F36_('S4', 'E4')_t3_max: 3162
	F8_('S4', 'E4')_t4_max: 56042
	F28_('S4', 'E4')_t3_min: 120587
	F19_('S3', 'S2')_t5_min: 3537
	F8_('S3', 'S4')_t3_max: 55903
	F7_('S1', 'E1')_t4_max: 4870
	F11_('S5', 'E5')_t3_max: 709
	F39_('E5', 'S5')_t3_min: 5916
	F30_('S4', 'S3')_tb: 556
	F4_('S3', 'E3')_t5_max: 1695
	F11_('S5', 'E5')_t5_min: 740
	F29_('S2', 'S3')_tb: 4140
	F20_('E1', 'S1')_t4_min: 26577
	F28_('E3', 'S3')_t3_min: 120487
	F12_('S4', 'S5')_t5_min: 886
	F19_('S3', 'S2')_t3_min: 3417
	F38_('S3', 'S2')_tb: 128
	F17_('E4', 'S4')_tb: 19875
	F11_('S1', 'S2')_t5_max: 326
	F0_('E2', 'S2')_t4_min: 809
	F24_('S1', 'S2')_t3_min: 2427
	F35_('E4', 'S4')_tb: 51766
	F18_('S5', 'S4')_t3_min: 1557
	F34_('E2', 'S2')_t3_min: 24697
	F20_('S4', 'S5')_t5_min: 27263
	F9_('S2', 'E2')_t5_min: 2897
	F18_('E5', 'S5')_tb: 1521
	F18_('E5', 'S5')_t5_min: 1555
	F14_('S1', 'S2')_t5_max: 59916
	F23_('S1', 'E1')_t4_max: 22588
	F48_('S4', 'S5')_tb: 887
	F15_('S1', 'S2')_tb: 12074
	F47_('S2', 'E2')_t3_min: 344
	F29_('S3', 'S4')_t3_max: 4191
	F1_('E3', 'S3')_tb: 14820
	F37_('E1', 'S1')_t3_min: 24741
	F39_('S4', 'S3')_t5_min: 6268
	F37_('S1', 'S2')_t5_min: 24919
	F15_('S1', 'S2')_t5_max: 12137
	F1_('S3', 'S2')_t5_min: 14937
	F48_('S4', 'S5')_t3_max: 892
	F41_('S4', 'S5')_t3_max: 11998
	F12_('S2', 'S3')_t3_min: 691
	F35_('E4', 'S4')_t4_max: 51766
	F48_('S4', 'S5')_t5_min: 994
	F12_('S2', 'S3')_t5_min: 713
	F30_('S2', 'S1')_t3_min: 824
	F30_('S4', 'S3')_t5_max: 750
	F9_('S3', 'S2')_tb: 2873
	F20_('S2', 'S3')_t5_min: 26946
	F0_('S2', 'S1')_t5_max: 984
	F40_('E5', 'S5')_tb: 23927
	F29_('S4', 'S5')_tb: 4484
	F11_('S1', 'S2')_t3_min: 138
	F46_('S1', 'E1')_t3_min: 14935
	F16_('S2', 'S3')_tb: 1611
	F10_('S4', 'S3')_t3_min: 30539
	F8_('S3', 'S4')_t5_min: 56032
	('S4', 'E4')_gcl_length: 70
	F29_('S5', 'E5')_t5_max: 4703
	F49_('E3', 'S3')_t5_max: 24227
	F45_('S5', 'S4')_t5_min: 15782
	F23_('E4', 'S4')_t5_max: 21893
	F35_('S4', 'S3')_t3_min: 51784
	F29_('S2', 'S3')_t3_min: 4010
	F8_('S1', 'S2')_t5_max: 55883
	F41_('E2', 'S2')_t5_min: 11963
	F9_('S2', 'E2')_t3_max: 2891
	F29_('S3', 'S4')_t5_max: 4251
	F1_('S2', 'E2')_t4_max: 15068
	F33_('S2', 'S3')_t3_min: 20494
	F24_('S2', 'E2')_t4_max: 2786
	F27_('S3', 'S2')_t3_min: 8496
	('S3', 'S2')_gcl_length: 170
	F49_('E3', 'S3')_t3_min: 24221
	F27_('E5', 'S5')_tb: 8445
	F38_('E4', 'S4')_t3_min: 11
	F10_('S2', 'E2')_tb: 30681
	F36_('S2', 'S3')_t5_max: 3016
	F10_('S2', 'E2')_t3_min: 30681
	F40_('S4', 'E4')_tb: 24049
	F38_('S1', 'E1')_t3_min: 240
	F7_('S4', 'S3')_t5_min: 4494
	F10_('S3', 'S2')_t3_max: 30744
	F49_('S4', 'E4')_t5_min: 24373
	F42_('S2', 'S1')_t5_min: 617
	F28_('E3', 'S3')_t4_max: 120487
	F25_('S4', 'S3')_t3_min: 869
	F25_('S1', 'E1')_t4_max: 1468
	F21_('S3', 'S4')_t3_min: 3156
	F3_('E1', 'S1')_t5_max: 523
	F13_('E1', 'S1')_t4_min: 51313
	F3_('S2', 'S3')_t3_max: 776
	F21_('E1', 'S1')_t4_min: 2832
	F2_('S2', 'E2')_t3_max: 3430
	F11_('E1', 'S1')_t3_min: 100
	F44_('E4', 'S4')_t4_min: 4504
	F24_('S2', 'E2')_t5_min: 2627
	F7_('S1', 'E1')_t5_min: 4985
	F38_('S1', 'E1')_t5_max: 557
	F35_('E4', 'S4')_t5_min: 51782
	F18_('E5', 'S5')_t5_max: 1555
	F48_('S3', 'S4')_t3_min: 738
	F4_('S3', 'E3')_t3_min: 1483
	F11_('E1', 'S1')_t4_max: 100
	F14_('S2', 'E2')_tb: 59918
	F48_('S5', 'E5')_t3_min: 996
	F47_('S2', 'E2')_t4_max: 349
	F13_('S4', 'S5')_t5_max: 52252
	F38_('S3', 'S2')_t5_min: 182
	F5_('S3', 'E3')_t5_min: 84213
	F3_('S2', 'S3')_t3_min: 771
	F42_('S1', 'E1')_t3_max: 624
	F11_('S1', 'S2')_t5_min: 326
	F28_('S4', 'E4')_t5_max: 120769
	F21_('S3', 'S4')_t5_min: 3262
	F2_('S2', 'E2')_t3_min: 3425
	F18_('S5', 'S4')_tb: 1635
	F26_('S5', 'S4')_t5_min: 25782
	F32_('E5', 'S5')_t4_min: 31171
	F8_('S3', 'S4')_tb: 56026
	F20_('E1', 'S1')_tb: 26577
	F44_('S3', 'S2')_tb: 4622
	F32_('S3', 'E3')_t3_max: 31668
	F11_('S3', 'S4')_t5_max: 536
	F39_('S1', 'E1')_tb: 6959
	F33_('E2', 'S2')_tb: 20425
	F2_('E1', 'S1')_t4_min: 3076
	('S5', 'S4')_gcl_length: 90
	F43_('S3', 'S2')_t5_max: 1589
	F49_('S4', 'E4')_t3_max: 24372
