0. Flow F0 [E2-->E1] with period 4000, payload 1049B, e2e delay 4000us, jitter 400us
	('E2', 'S2'), Operation(76, None, 160)(76, 76)
	('S2', 'S1'), Operation(162, 167, 251)(167, 167)
	('S1', 'E1'), Operation(253, 258, 342)(258, 258)
1. Flow F1 [E3-->E2] with period 32000, payload 677B, e2e delay 32000us, jitter 3200us
	('E3', 'S3'), Operation(28205, None, 28260)(28205, 28205)
	('S3', 'S2'), Operation(28262, None, 28446)(28262, 28391)
	('S2', 'E2'), Operation(28319, 28453, 28508)(28453, 28453)
2. Flow F2 [E1-->E2] with period 4000, payload 1342B, e2e delay 4000us, jitter 400us
	('E1', 'S1'), Operation(2385, None, 2493)(2385, 2385)
	('S1', 'S2'), Operation(2495, 2500, 2608)(2500, 2500)
	('S2', 'E2'), Operation(2610, 2615, 2723)(2615, 2615)
3. Flow F3 [E1-->E3] with period 4000, payload 1441B, e2e delay 4000us, jitter 400us
	('E1', 'S1'), Operation(2055, None, 2171)(2055, 2055)
	('S1', 'S2'), Operation(2173, 2178, 2294)(2178, 2178)
	('S2', 'S3'), Operation(2296, 2301, 2417)(2301, 2301)
	('S3', 'E3'), Operation(2419, None, 2664)(2419, 2548)
4. Flow F4 [E5-->E3] with period 8000, payload 1032B, e2e delay 8000us, jitter 800us
	('E5', 'S5'), Operation(2990, None, 3073)(2990, 2990)
	('S5', 'S4'), Operation(3075, None, 3287)(3075, 3204)
	('S4', 'S3'), Operation(3160, None, 3501)(3160, 3418)
	('S3', 'E3'), Operation(3245, None, 3715)(3245, 3632)
5. Flow F5 [E2-->E3] with period 128000, payload 159B, e2e delay 128000us, jitter 12800us
	('E2', 'S2'), Operation(111411, None, 111424)(111411, 111411)
	('S2', 'S3'), Operation(111426, 111431, 111444)(111431, 111431)
	('S3', 'E3'), Operation(111446, 111451, 111464)(111451, 111451)
6. Flow F6 [E3-->E4] with period 4000, payload 720B, e2e delay 4000us, jitter 400us
	('E3', 'S3'), Operation(2349, None, 2407)(2349, 2349)
	('S3', 'S4'), Operation(2409, None, 2596)(2409, 2538)
	('S4', 'E4'), Operation(2469, None, 2785)(2469, 2727)
7. Flow F7 [E4-->E1] with period 8000, payload 1434B, e2e delay 8000us, jitter 800us
	('E4', 'S4'), Operation(5351, None, 5466)(5351, 5351)
	('S4', 'S3'), Operation(5468, 5473, 5588)(5473, 5473)
	('S3', 'S2'), Operation(5590, None, 5834)(5590, 5719)
	('S2', 'S1'), Operation(5707, None, 6080)(5707, 5965)
	('S1', 'E1'), Operation(5824, None, 6326)(5824, 6211)
8. Flow F8 [E1-->E4] with period 64000, payload 64B, e2e delay 64000us, jitter 6400us
	('E1', 'S1'), Operation(63445, None, 63451)(63445, 63445)
	('S1', 'S2'), Operation(63453, None, 63588)(63453, 63582)
	('S2', 'S3'), Operation(63461, None, 63725)(63461, 63719)
	('S3', 'S4'), Operation(63469, None, 63862)(63469, 63856)
	('S4', 'E4'), Operation(63477, None, 63999)(63477, 63993)
9. Flow F9 [E5-->E2] with period 8000, payload 127B, e2e delay 8000us, jitter 800us
	('E5', 'S5'), Operation(1, None, 12)(1, 1)
	('S5', 'S4'), Operation(14, 19, 30)(19, 19)
	('S4', 'S3'), Operation(32, 37, 48)(37, 37)
	('S3', 'S2'), Operation(50, 55, 66)(55, 55)
	('S2', 'E2'), Operation(68, None, 208)(68, 197)
10. Flow F10 [E4-->E2] with period 32000, payload 855B, e2e delay 32000us, jitter 3200us
	('E4', 'S4'), Operation(7646, None, 7715)(7646, 7646)
	('S4', 'S3'), Operation(7717, 7722, 7791)(7722, 7722)
	('S3', 'S2'), Operation(7793, None, 7991)(7793, 7922)
	('S2', 'E2'), Operation(7864, 7998, 8067)(7998, 7998)
11. Flow F11 [E1-->E5] with period 4000, payload 441B, e2e delay 4000us, jitter 400us
	('E1', 'S1'), Operation(3055, None, 3091)(3055, 3055)
	('S1', 'S2'), Operation(3093, None, 3258)(3093, 3222)
	('S2', 'S3'), Operation(3131, None, 3425)(3131, 3389)
	('S3', 'S4'), Operation(3169, 3432, 3468)(3432, 3432)
	('S4', 'S5'), Operation(3470, 3475, 3511)(3475, 3475)
	('S5', 'E5'), Operation(3513, 3518, 3554)(3518, 3518)
12. Flow F12 [E2-->E5] with period 4000, payload 208B, e2e delay 4000us, jitter 400us
	('E2', 'S2'), Operation(2559, None, 2576)(2559, 2559)
	('S2', 'S3'), Operation(2578, None, 2724)(2578, 2707)
	('S3', 'S4'), Operation(2597, 2731, 2748)(2731, 2731)
	('S4', 'S5'), Operation(2750, None, 2896)(2750, 2879)
	('S5', 'E5'), Operation(2769, 2903, 2920)(2903, 2903)
13. Flow F13 [E1-->E5] with period 64000, payload 1354B, e2e delay 64000us, jitter 6400us
	('E1', 'S1'), Operation(58498, None, 58607)(58498, 58498)
	('S1', 'S2'), Operation(58609, 58614, 58723)(58614, 58614)
	('S2', 'S3'), Operation(58725, None, 58963)(58725, 58854)
	('S3', 'S4'), Operation(58836, 58970, 59079)(58970, 58970)
	('S4', 'S5'), Operation(59081, 59086, 59195)(59086, 59086)
	('S5', 'E5'), Operation(59197, 59202, 59311)(59202, 59202)
14. Flow F14 [E1-->E2] with period 64000, payload 1134B, e2e delay 64000us, jitter 6400us
	('E1', 'S1'), Operation(28324, None, 28415)(28324, 28324)
	('S1', 'S2'), Operation(28417, None, 28637)(28417, 28546)
	('S2', 'E2'), Operation(28510, 28644, 28735)(28644, 28644)
15. Flow F15 [E1-->E2] with period 16000, payload 786B, e2e delay 16000us, jitter 1600us
	('E1', 'S1'), Operation(9915, None, 9978)(9915, 9915)
	('S1', 'S2'), Operation(9980, None, 10172)(9980, 10109)
	('S2', 'E2'), Operation(10045, None, 10366)(10045, 10303)
16. Flow F16 [E2-->E3] with period 4000, payload 1033B, e2e delay 4000us, jitter 400us
	('E2', 'S2'), Operation(430, None, 513)(430, 430)
	('S2', 'S3'), Operation(515, None, 727)(515, 644)
	('S3', 'E3'), Operation(600, None, 941)(600, 858)
17. Flow F17 [E4-->E5] with period 32000, payload 777B, e2e delay 32000us, jitter 3200us
	('E4', 'S4'), Operation(31447, None, 31510)(31447, 31447)
	('S4', 'S5'), Operation(31512, 31517, 31580)(31517, 31517)
	('S5', 'E5'), Operation(31582, 31587, 31650)(31587, 31587)
18. Flow F18 [E5-->E3] with period 2000, payload 422B, e2e delay 2000us, jitter 200us
	('E5', 'S5'), Operation(13, None, 47)(13, 13)
	('S5', 'S4'), Operation(49, None, 212)(49, 178)
	('S4', 'S3'), Operation(85, None, 377)(85, 343)
	('S3', 'E3'), Operation(121, 384, 418)(384, 384)
19. Flow F19 [E5-->E2] with period 4000, payload 1499B, e2e delay 4000us, jitter 400us
	('E5', 'S5'), Operation(397, None, 517)(397, 397)
	('S5', 'S4'), Operation(519, 524, 644)(524, 524)
	('S4', 'S3'), Operation(646, 651, 771)(651, 651)
	('S3', 'S2'), Operation(773, 778, 898)(778, 778)
	('S2', 'E2'), Operation(900, None, 1149)(900, 1029)
20. Flow F20 [E1-->E5] with period 32000, payload 951B, e2e delay 32000us, jitter 3200us
	('E1', 'S1'), Operation(28021, None, 28098)(28021, 28021)
	('S1', 'S2'), Operation(28100, None, 28306)(28100, 28229)
	('S2', 'S3'), Operation(28179, None, 28514)(28179, 28437)
	('S3', 'S4'), Operation(28258, None, 28722)(28258, 28645)
	('S4', 'S5'), Operation(28337, 28729, 28806)(28729, 28729)
	('S5', 'E5'), Operation(28808, None, 29014)(28808, 28937)
21. Flow F21 [E1-->E5] with period 4000, payload 1323B, e2e delay 4000us, jitter 400us
	('E1', 'S1'), Operation(849, None, 955)(849, 849)
	('S1', 'S2'), Operation(957, 962, 1068)(962, 962)
	('S2', 'S3'), Operation(1070, 1075, 1181)(1075, 1075)
	('S3', 'S4'), Operation(1183, 1188, 1294)(1188, 1188)
	('S4', 'S5'), Operation(1296, None, 1531)(1296, 1425)
	('S5', 'E5'), Operation(1404, None, 1768)(1404, 1662)
22. Flow F22 [E2-->E3] with period 4000, payload 556B, e2e delay 4000us, jitter 400us
	('E2', 'S2'), Operation(1652, None, 1697)(1652, 1652)
	('S2', 'S3'), Operation(1699, 1704, 1749)(1704, 1704)
	('S3', 'E3'), Operation(1751, None, 1925)(1751, 1880)
23. Flow F23 [E4-->E1] with period 32000, payload 705B, e2e delay 32000us, jitter 3200us
	('E4', 'S4'), Operation(3443, None, 3500)(3443, 3443)
	('S4', 'S3'), Operation(3502, None, 3688)(3502, 3631)
	('S3', 'S2'), Operation(3561, None, 3876)(3561, 3819)
	('S2', 'S1'), Operation(3620, None, 4064)(3620, 4007)
	('S1', 'E1'), Operation(3679, None, 4252)(3679, 4195)
24. Flow F24 [E1-->E2] with period 8000, payload 1235B, e2e delay 8000us, jitter 800us
	('E1', 'S1'), Operation(2763, None, 2862)(2763, 2763)
	('S1', 'S2'), Operation(2864, None, 3092)(2864, 2993)
	('S2', 'E2'), Operation(2965, None, 3322)(2965, 3223)
25. Flow F25 [E5-->E1] with period 2000, payload 837B, e2e delay 2000us, jitter 200us
	('E5', 'S5'), Operation(235, None, 302)(235, 235)
	('S5', 'S4'), Operation(304, 309, 376)(309, 309)
	('S4', 'S3'), Operation(378, None, 574)(378, 507)
	('S3', 'S2'), Operation(447, None, 772)(447, 705)
	('S2', 'S1'), Operation(516, None, 970)(516, 903)
	('S1', 'E1'), Operation(585, 977, 1044)(977, 977)
26. Flow F26 [E5-->E2] with period 128000, payload 1390B, e2e delay 128000us, jitter 12800us
	('E5', 'S5'), Operation(120943, None, 121055)(120943, 120943)
	('S5', 'S4'), Operation(121057, 121062, 121174)(121062, 121062)
	('S4', 'S3'), Operation(121176, 121181, 121293)(121181, 121181)
	('S3', 'S2'), Operation(121295, 121300, 121412)(121300, 121300)
	('S2', 'E2'), Operation(121414, 121419, 121531)(121419, 121419)
27. Flow F27 [E5-->E2] with period 16000, payload 178B, e2e delay 16000us, jitter 1600us
	('E5', 'S5'), Operation(11719, None, 11734)(11719, 11719)
	('S5', 'S4'), Operation(11736, None, 11880)(11736, 11865)
	('S4', 'S3'), Operation(11753, None, 12026)(11753, 12011)
	('S3', 'S2'), Operation(11770, None, 12172)(11770, 12157)
	('S2', 'E2'), Operation(11787, None, 12318)(11787, 12303)
28. Flow F28 [E3-->E4] with period 128000, payload 593B, e2e delay 128000us, jitter 12800us
	('E3', 'S3'), Operation(96777, None, 96825)(96777, 96777)
	('S3', 'S4'), Operation(96827, None, 97004)(96827, 96956)
	('S4', 'E4'), Operation(96877, None, 97183)(96877, 97135)
29. Flow F29 [E2-->E5] with period 8000, payload 545B, e2e delay 8000us, jitter 800us
	('E2', 'S2'), Operation(1446, None, 1490)(1446, 1446)
	('S2', 'S3'), Operation(1492, None, 1665)(1492, 1621)
	('S3', 'S4'), Operation(1538, 1672, 1716)(1672, 1672)
	('S4', 'S5'), Operation(1718, 1723, 1767)(1723, 1723)
	('S5', 'E5'), Operation(1769, 1774, 1818)(1774, 1774)
30. Flow F30 [E4-->E1] with period 16000, payload 812B, e2e delay 16000us, jitter 1600us
	('E4', 'S4'), Operation(13057, None, 13122)(13057, 13057)
	('S4', 'S3'), Operation(13124, None, 13318)(13124, 13253)
	('S3', 'S2'), Operation(13191, 13325, 13390)(13325, 13325)
	('S2', 'S1'), Operation(13392, 13397, 13462)(13397, 13397)
	('S1', 'E1'), Operation(13464, 13469, 13534)(13469, 13469)
31. Flow F31 [E2-->E1] with period 4000, payload 951B, e2e delay 4000us, jitter 400us
	('E2', 'S2'), Operation(1094, None, 1171)(1094, 1094)
	('S2', 'S1'), Operation(1173, 1178, 1255)(1178, 1178)
	('S1', 'E1'), Operation(1257, None, 1463)(1257, 1386)
32. Flow F32 [E5-->E3] with period 32000, payload 1442B, e2e delay 32000us, jitter 3200us
	('E5', 'S5'), Operation(27266, None, 27382)(27266, 27266)
	('S5', 'S4'), Operation(27384, None, 27629)(27384, 27513)
	('S4', 'S3'), Operation(27502, 27636, 27752)(27636, 27636)
	('S3', 'E3'), Operation(27754, 27759, 27875)(27759, 27759)
33. Flow F33 [E2-->E3] with period 128000, payload 829B, e2e delay 128000us, jitter 12800us
	('E2', 'S2'), Operation(88804, None, 88871)(88804, 88804)
	('S2', 'S3'), Operation(88873, None, 89069)(88873, 89002)
	('S3', 'E3'), Operation(88942, 89076, 89143)(89076, 89076)
34. Flow F34 [E2-->E1] with period 64000, payload 402B, e2e delay 64000us, jitter 6400us
	('E2', 'S2'), Operation(43964, None, 43997)(43964, 43964)
	('S2', 'S1'), Operation(43999, None, 44161)(43999, 44128)
	('S1', 'E1'), Operation(44034, 44168, 44201)(44168, 44168)
35. Flow F35 [E4-->E1] with period 64000, payload 199B, e2e delay 64000us, jitter 6400us
	('E4', 'S4'), Operation(28963, None, 28979)(28963, 28963)
	('S4', 'S3'), Operation(28981, 28986, 29002)(28986, 28986)
	('S3', 'S2'), Operation(29004, 29009, 29025)(29009, 29009)
	('S2', 'S1'), Operation(29027, None, 29172)(29027, 29156)
	('S1', 'E1'), Operation(29045, 29179, 29195)(29179, 29179)
36. Flow F36 [E1-->E4] with period 16000, payload 106B, e2e delay 16000us, jitter 1600us
	('E1', 'S1'), Operation(13804, None, 13813)(13804, 13804)
	('S1', 'S2'), Operation(13815, None, 13953)(13815, 13944)
	('S2', 'S3'), Operation(13826, None, 14093)(13826, 14084)
	('S3', 'S4'), Operation(13837, 14100, 14109)(14100, 14100)
	('S4', 'E4'), Operation(14111, 14116, 14125)(14116, 14116)
37. Flow F37 [E1-->E2] with period 32000, payload 1088B, e2e delay 32000us, jitter 3200us
	('E1', 'S1'), Operation(27384, None, 27472)(27384, 27384)
	('S1', 'S2'), Operation(27474, 27479, 27567)(27479, 27479)
	('S2', 'E2'), Operation(27569, None, 27786)(27569, 27698)
38. Flow F38 [E4-->E1] with period 4000, payload 669B, e2e delay 4000us, jitter 400us
	('E4', 'S4'), Operation(1296, None, 1350)(1296, 1296)
	('S4', 'S3'), Operation(1352, 1357, 1411)(1357, 1357)
	('S3', 'S2'), Operation(1413, 1418, 1472)(1418, 1418)
	('S2', 'S1'), Operation(1474, 1479, 1533)(1479, 1479)
	('S1', 'E1'), Operation(1535, None, 1718)(1535, 1664)
39. Flow F39 [E5-->E1] with period 16000, payload 1447B, e2e delay 16000us, jitter 1600us
	('E5', 'S5'), Operation(1176, None, 1292)(1176, 1176)
	('S5', 'S4'), Operation(1294, None, 1539)(1294, 1423)
	('S4', 'S3'), Operation(1412, 1546, 1662)(1546, 1546)
	('S3', 'S2'), Operation(1664, None, 1909)(1664, 1793)
	('S2', 'S1'), Operation(1782, None, 2156)(1782, 2040)
	('S1', 'E1'), Operation(1900, 2163, 2279)(2163, 2163)
40. Flow F40 [E5-->E4] with period 32000, payload 730B, e2e delay 32000us, jitter 3200us
	('E5', 'S5'), Operation(6153, None, 6212)(6153, 6153)
	('S5', 'S4'), Operation(6214, 6219, 6278)(6219, 6219)
	('S4', 'E4'), Operation(6280, None, 6468)(6280, 6409)
41. Flow F41 [E2-->E5] with period 64000, payload 81B, e2e delay 64000us, jitter 6400us
	('E2', 'S2'), Operation(33741, None, 33748)(33741, 33741)
	('S2', 'S3'), Operation(33750, None, 33886)(33750, 33879)
	('S3', 'S4'), Operation(33759, None, 34024)(33759, 34017)
	('S4', 'S5'), Operation(33768, 34031, 34038)(34031, 34031)
	('S5', 'E5'), Operation(34040, None, 34176)(34040, 34169)
42. Flow F42 [E4-->E1] with period 4000, payload 1420B, e2e delay 4000us, jitter 400us
	('E4', 'S4'), Operation(1724, None, 1838)(1724, 1724)
	('S4', 'S3'), Operation(1840, None, 2083)(1840, 1969)
	('S3', 'S2'), Operation(1956, 2090, 2204)(2090, 2090)
	('S2', 'S1'), Operation(2206, 2211, 2325)(2211, 2211)
	('S1', 'E1'), Operation(2327, None, 2570)(2327, 2456)
43. Flow F43 [E5-->E1] with period 4000, payload 818B, e2e delay 4000us, jitter 400us
	('E5', 'S5'), Operation(2699, None, 2765)(2699, 2699)
	('S5', 'S4'), Operation(2767, None, 2962)(2767, 2896)
	('S4', 'S3'), Operation(2835, None, 3159)(2835, 3093)
	('S3', 'S2'), Operation(2903, None, 3356)(2903, 3290)
	('S2', 'S1'), Operation(2971, 3363, 3429)(3363, 3363)
	('S1', 'E1'), Operation(3431, None, 3626)(3431, 3560)
44. Flow F44 [E4-->E2] with period 16000, payload 703B, e2e delay 16000us, jitter 1600us
	('E4', 'S4'), Operation(15378, None, 15435)(15378, 15378)
	('S4', 'S3'), Operation(15437, None, 15623)(15437, 15566)
	('S3', 'S2'), Operation(15496, None, 15811)(15496, 15754)
	('S2', 'E2'), Operation(15555, None, 15999)(15555, 15942)
45. Flow F45 [E5-->E3] with period 32000, payload 230B, e2e delay 32000us, jitter 3200us
	('E5', 'S5'), Operation(18679, None, 18698)(18679, 18679)
	('S5', 'S4'), Operation(18700, 18705, 18724)(18705, 18705)
	('S4', 'S3'), Operation(18726, 18731, 18750)(18731, 18731)
	('S3', 'E3'), Operation(18752, 18757, 18776)(18757, 18757)
46. Flow F46 [E4-->E1] with period 16000, payload 127B, e2e delay 16000us, jitter 1600us
	('E4', 'S4'), Operation(9712, None, 9723)(9712, 9712)
	('S4', 'S3'), Operation(9725, 9730, 9741)(9730, 9730)
	('S3', 'S2'), Operation(9743, None, 9883)(9743, 9872)
	('S2', 'S1'), Operation(9756, 9890, 9901)(9890, 9890)
	('S1', 'E1'), Operation(9903, 9908, 9919)(9908, 9908)
47. Flow F47 [E1-->E2] with period 2000, payload 124B, e2e delay 2000us, jitter 200us
	('E1', 'S1'), Operation(712, None, 722)(712, 712)
	('S1', 'S2'), Operation(724, None, 863)(724, 853)
	('S2', 'E2'), Operation(736, 870, 880)(870, 870)
48. Flow F48 [E3-->E5] with period 2000, payload 1331B, e2e delay 2000us, jitter 200us
	('E3', 'S3'), Operation(1, 1, 108)(1, 1)
	('S3', 'S4'), Operation(110, 115, 222)(115, 115)
	('S4', 'S5'), Operation(224, 229, 336)(229, 229)
	('S5', 'E5'), Operation(338, None, 574)(338, 467)
49. Flow F49 [E3-->E4] with period 32000, payload 74B, e2e delay 32000us, jitter 3200us
	('E3', 'S3'), Operation(1163, 1163, 1169)(1163, 1163)
	('S3', 'S4'), Operation(1171, 1176, 1182)(1176, 1176)
	('S4', 'E4'), Operation(1184, None, 1319)(1184, 1313)

SMT variables: 
	F26_('S5', 'S4')_gc: True
	F27_('S5', 'S4')_rr: 0
	F0_('S2', 'S1')_rr: 4
	F32_jitter: 0
	F41_('S5', 'E5')_t3_min: 34040
	F27_('E5', 'S5')_rr: 0
	F38_('E4', 'S4')_rr: 0
	('S4', 'S3')_gcl_cycle: 128000
	F27_('S3', 'S2')_gc: False
	F38_('S2', 'S1')_t4_max: 1479
	F7_queue_index: 0
	F3_('S3', 'E3')_gc: False
	F2_('S1', 'S2')_t4_min: 2500
	F2_('E1', 'S1')_tb: 2385
	F6_('S3', 'S4')_t5_min: 2467
	F43_('S3', 'S2')_gc: False
	F11_('E1', 'S1')_t4_min: 3055
	F46_('E4', 'S4')_rr: 0
	F49_('E3', 'S3')_gc: True
	F36_('S2', 'S3')_gc: False
	F43_('S5', 'S4')_gc: False
	F24_('E1', 'S1')_t5_min: 2862
	F22_queue_index: 0
	F16_('S2', 'S3')_t4_max: 644
	F34_('S2', 'S1')_t4_min: 43999
	F26_('S4', 'S3')_t4_max: 121181
	F44_('S2', 'E2')_t4_min: 15555
	F7_('E4', 'S4')_rr: 0
	F19_('E5', 'S5')_t3_max: 273
	F22_('S3', 'E3')_rr: 0
	F20_('S4', 'S5')_tb: 28729
	F7_('S4', 'S3')_rr: 16
	F46_('S4', 'S3')_rr: 8
	F48_('S4', 'S5')_t4_max: 229
	F2_('E1', 'S1')_rr: 0
	F25_('S2', 'S1')_t4_max: 903
	F9_('S3', 'S2')_t4_min: 55
	F18_('S4', 'S3')_t4_max: 343
	F44_('E4', 'S4')_gc: False
	F39_('S2', 'S1')_rr: 0
	F40_('S4', 'E4')_t4_min: 6280
	F29_('S4', 'S5')_t4_max: 1723
	F7_('E4', 'S4')_t3_max: 5227
	F44_('S4', 'S3')_rr: 0
	F44_('S2', 'E2')_rr: 0
	F10_('S3', 'S2')_t4_min: 7793
	F8_('S4', 'E4')_t4_min: 63477
	F0_('E2', 'S2')_rr: 0
	F42_('E4', 'S4')_t3_max: 1600
	F32_('S5', 'S4')_t4_min: 27384
	F12_('S3', 'S4')_gc: True
	F8_('S2', 'S3')_t4_max: 63719
	F1_jitter: 0
	F13_jitter: 0
	F12_('S3', 'S4')_t4_min: 2731
	F13_('S3', 'S4')_t4_min: 58970
	F20_('S4', 'S5')_t4_max: 28729
	F25_('S4', 'S3')_t4_max: 507
	F23_('S1', 'E1')_t4_min: 3679
	F15_jitter: 258
	F4_('S5', 'S4')_tb: 3075
	F1_('S3', 'S2')_t3_min: 28262
	F27_('E5', 'S5')_t3_min: 11719
	F4_('S5', 'S4')_rr: 0
	F18_('S3', 'E3')_gc: True
	F34_('S1', 'E1')_rr: 1
	F20_('S2', 'S3')_t4_max: 28437
	F26_('S2', 'E2')_t4_min: 121419
	F20_('S1', 'S2')_gc: False
	F10_('S2', 'E2')_gc: True
	F22_('S3', 'E3')_t4_min: 1751
	F36_('S2', 'S3')_t4_min: 13826
	F26_('S2', 'E2')_t5_max: 121531
	F6_queue_index: 0
	F2_('E1', 'S1')_t5_min: 2493
	F7_('E4', 'S4')_gc: False
	F43_('S1', 'E1')_t4_min: 3431
	F20_('S3', 'S4')_tb: 28258
	F48_jitter: 129
	F45_('S5', 'S4')_gc: True
	F41_('S2', 'S3')_t4_max: 33879
	F11_('S2', 'S3')_rr: 0
	F42_('S3', 'S2')_rr: 32
	F32_('E5', 'S5')_t3_max: 27142
	F28_('E3', 'S3')_gc: False
	F12_('E2', 'S2')_gc: False
	F35_('E4', 'S4')_rr: 0
	F42_('S4', 'S3')_rr: 0
	F21_('E1', 'S1')_gc: False
	F46_('S3', 'S2')_gc: False
	F25_('S1', 'E1')_t4_min: 977
	F32_('E5', 'S5')_t5_min: 27382
	F18_('S5', 'S4')_t5_min: 83
	F7_('S2', 'S1')_t4_min: 5707
	('E2', 'S2')_gcl_cycle: 1
	F2_('S2', 'E2')_rr: 32
	('S2', 'E2')_gcl_cycle: 128000
	F16_('E2', 'S2')_gc: False
	F5_('S3', 'E3')_rr: 1
	F24_('E1', 'S1')_rr: 0
	F41_('S3', 'S4')_t4_min: 33759
	F11_('S2', 'S3')_t4_max: 3389
	F11_('S2', 'S3')_t4_min: 3131
	F43_('S4', 'S3')_t4_min: 2835
	F35_('S1', 'E1')_gc: True
	F6_('E3', 'S3')_t3_max: 2225
	F8_('E1', 'S1')_rr: 0
	F37_('S2', 'E2')_rr: 0
	F45_('S3', 'E3')_gc: True
	F43_('S2', 'S1')_t5_max: 3429
	('S3', 'E3')_gcl_cycle: 128000
	F13_('S1', 'S2')_t4_min: 58614
	F11_('S1', 'S2')_rr: 0
	F9_('S3', 'S2')_t4_max: 55
	F5_('S2', 'S3')_gc: True
	F31_('S1', 'E1')_t4_max: 1386
	F4_('E5', 'S5')_t5_min: 3073
	F25_('S2', 'S1')_rr: 0
	F30_('S4', 'S3')_rr: 0
	F46_('S2', 'S1')_gc: True
	F38_('S4', 'S3')_gc: True
	F11_('S1', 'S2')_gc: False
	F3_('S2', 'S3')_t4_min: 2301
	F28_jitter: 258
	F38_('S4', 'S3')_t4_min: 1357
	F13_('S4', 'S5')_rr: 1
	F27_('E5', 'S5')_gc: False
	F22_('E2', 'S2')_gc: False
	F31_('S2', 'S1')_rr: 4
	F48_('S3', 'S4')_gc: True
	F14_('E1', 'S1')_t3_max: 28200
	F14_('S1', 'S2')_t4_min: 28417
	F13_('S4', 'S5')_t4_max: 59086
	F49_('S3', 'S4')_rr: 2
	F30_('S2', 'S1')_t5_min: 13462
	F13_('E1', 'S1')_gc: False
	F40_('S4', 'E4')_t5_max: 6468
	F16_('S2', 'S3')_gc: False
	F6_('S4', 'E4')_rr: 0
	F27_('S2', 'E2')_rr: 0
	F10_('E4', 'S4')_rr: 0
	F33_('S3', 'E3')_gc: True
	F43_('S4', 'S3')_gc: False
	F45_('S5', 'S4')_rr: 4
	F29_('E2', 'S2')_t3_max: 1322
	F47_('S2', 'E2')_t4_min: 870
	F18_('E5', 'S5')_gc: False
	F4_('E5', 'S5')_t3_max: 2866
	F41_('S3', 'S4')_gc: False
	F0_('S1', 'E1')_rr: 16
	F9_('S3', 'S2')_rr: 16
	F46_('S1', 'E1')_gc: True
	F41_('S2', 'S3')_gc: False
	F4_('S5', 'S4')_t5_max: 3287
	F14_('S1', 'S2')_t4_max: 28546
	F41_('S2', 'S3')_rr: 0
	F48_('S3', 'S4')_rr: 32
	F3_('E1', 'S1')_rr: 0
	F23_('S2', 'S1')_gc: False
	F19_('S2', 'E2')_gc: False
	F9_('S2', 'E2')_t4_min: 68
	F28_('S3', 'S4')_t4_min: 96827
	F31_('S2', 'S1')_gc: True
	F20_('S2', 'S3')_t3_min: 28179
	F29_('S2', 'S3')_t5_min: 1536
	F3_('E1', 'S1')_t3_max: 1931
	F18_('S3', 'E3')_rr: 64
	F32_('S3', 'E3')_gc: True
	F29_('S3', 'S4')_gc: True
	F16_('S2', 'S3')_t5_min: 598
	F49_queue_index: 0
	F3_('S3', 'E3')_tb: 2419
	F29_('S4', 'S5')_rr: 8
	F31_('S1', 'E1')_t3_min: 1257
	F30_('E4', 'S4')_rr: 0
	F33_('S3', 'E3')_rr: 1
	F38_queue_index: 0
	F27_('S3', 'S2')_rr: 0
	F4_('S5', 'S4')_t4_max: 3204
	F23_queue_index: 0
	F42_('S4', 'S3')_t3_min: 1840
	F0_('S1', 'E1')_gc: True
	('E1', 'S1')_gcl_cycle: 1
	F38_('S4', 'S3')_t4_max: 1357
	F39_('S1', 'E1')_t4_max: 2163
	F46_('S2', 'S1')_t4_max: 9890
	F11_('E1', 'S1')_gc: False
	F20_('S3', 'S4')_t4_min: 28258
	F41_('S5', 'E5')_t5_min: 34047
	F18_jitter: 0
	F15_('S2', 'E2')_t4_min: 10045
	F21_('S2', 'S3')_t3_min: 1070
	F4_('E5', 'S5')_rr: 0
	('S1', 'S2')_gcl_cycle: 64000
	F11_('E1', 'S1')_t3_max: 2931
	F4_('S4', 'S3')_gc: False
	F13_('S2', 'S3')_rr: 0
	F25_('S3', 'S2')_t4_max: 705
	F10_('S4', 'S3')_gc: True
	F41_('E2', 'S2')_t3_max: 33617
	F12_('S3', 'S4')_t3_min: 2597
	F11_('S3', 'S4')_t4_min: 3432
	F18_('S3', 'E3')_t4_min: 384
	F43_('E5', 'S5')_t3_max: 2575
	F7_('S3', 'S2')_t4_min: 5590
	F21_jitter: 258
	F12_('S3', 'S4')_rr: 16
	F30_('S4', 'S3')_gc: False
	F12_('S4', 'S5')_gc: False
	F6_('E3', 'S3')_tb: 2349
	F23_('E4', 'S4')_tb: 3443
	F5_('S3', 'E3')_gc: True
	F4_('S5', 'S4')_gc: False
	F22_('E2', 'S2')_t5_min: 1697
	F23_('S1', 'E1')_t3_max: 4071
	F19_('S3', 'S2')_t4_min: 778
	F12_('S2', 'S3')_rr: 0
	F21_('S1', 'S2')_t4_min: 962
	F14_('S1', 'S2')_rr: 0
	F16_('S3', 'E3')_t3_min: 600
	F20_('S5', 'E5')_t4_min: 28808
	F11_queue_index: 0
	F20_('S3', 'S4')_t5_min: 28335
	F31_('S2', 'S1')_t4_max: 1178
	F9_('S3', 'S2')_gc: True
	F25_('E5', 'S5')_gc: False
	F23_('S3', 'S2')_t4_max: 3819
	F15_queue_index: 0
	F19_('S2', 'E2')_t3_max: 905
	F24_('E1', 'S1')_t3_max: 2639
	F5_('S3', 'E3')_t3_min: 111446
	F32_('E5', 'S5')_gc: False
	F26_jitter: 0
	F29_('S3', 'S4')_t4_max: 1672
	F0_('S1', 'E1')_t5_min: 342
	F7_('S1', 'E1')_rr: 0
	('S1', 'E1')_gcl_cycle: 64000
	F4_('S5', 'S4')_t4_min: 3075
	F49_('E3', 'S3')_rr: 1
	F11_('S4', 'S5')_rr: 16
	F27_('S2', 'E2')_gc: False
	F5_('S2', 'S3')_t5_min: 111444
	F12_('S2', 'S3')_gc: False
	F12_queue_index: 0
	F30_jitter: 0
	F23_('S4', 'S3')_t4_max: 3631
	F25_('S2', 'S1')_t3_min: 516
	F28_('S4', 'E4')_rr: 0
	F28_('S3', 'S4')_t4_max: 96956
	F9_('E5', 'S5')_t3_max: -123
	F14_('S2', 'E2')_rr: 2
	F1_('E3', 'S3')_gc: False
	F20_jitter: 129
	F41_('S5', 'E5')_t5_max: 34176
	F34_('E2', 'S2')_t3_max: 43840
	F10_jitter: 0
	F18_('S5', 'S4')_t4_min: 49
	F43_('E5', 'S5')_t4_max: 2699
	F30_('S4', 'S3')_t4_min: 13124
	F31_('E2', 'S2')_t4_min: 1094
	F41_('S4', 'S5')_t4_min: 34031
	F44_('S2', 'E2')_t3_max: 15818
	F47_jitter: 0
	F19_('S2', 'E2')_rr: 0
	F33_('S2', 'S3')_rr: 0
	F8_('S2', 'S3')_t5_max: 63725
	F30_('S2', 'S1')_gc: True
	F7_('S2', 'S1')_gc: False
	F44_('S3', 'S2')_t4_min: 15496
	F19_('S4', 'S3')_gc: True
	F39_jitter: 0
	F4_('E5', 'S5')_t4_max: 2990
	F23_('S1', 'E1')_rr: 0
	F23_('S2', 'S1')_t4_max: 4007
	F43_('S2', 'S1')_gc: True
	F40_('S5', 'S4')_t5_max: 6278
	F11_('S4', 'S5')_t3_max: 3475
	F34_('S2', 'S1')_tb: 43999
	F29_jitter: 0
	F22_('S2', 'S3')_gc: True
	F11_('S4', 'S5')_t4_min: 3475
	F4_('S4', 'S3')_rr: 0
	F20_('S5', 'E5')_rr: 0
	F39_('S2', 'S1')_gc: False
	F32_('E5', 'S5')_rr: 0
	F44_('E4', 'S4')_t5_max: 15435
	F33_queue_index: 0
	F44_('E4', 'S4')_t3_min: 15378
	F11_('S5', 'E5')_rr: 16
	F24_('S1', 'S2')_gc: False
	F9_jitter: 129
	F43_('S1', 'E1')_gc: False
	F22_('S2', 'S3')_t4_max: 1704
	F30_('S1', 'E1')_t4_min: 13469
	F18_('S3', 'E3')_t3_min: 121
	F26_('E5', 'S5')_gc: False
	F17_('E4', 'S4')_t3_max: 31323
	F25_('E5', 'S5')_t3_max: 111
	F48_('S5', 'E5')_rr: 0
	F29_('S3', 'S4')_t4_min: 1672
	F13_('S4', 'S5')_tb: 59086
	F9_('E5', 'S5')_gc: False
	F30_('E4', 'S4')_tb: 13057
	F47_('S1', 'S2')_tb: 724
	F5_('S2', 'S3')_t5_max: 111444
	F0_queue_index: 0
	F16_queue_index: 0
	F15_('S1', 'S2')_t5_min: 10043
	F34_('S2', 'S1')_t4_max: 44128
	F0_('E2', 'S2')_t3_max: -48
	F8_('S1', 'S2')_t4_min: 63453
	F20_('E1', 'S1')_rr: 0
	F7_('S4', 'S3')_gc: True
	F20_('S3', 'S4')_t4_max: 28645
	F29_('S5', 'E5')_t4_min: 1774
	F10_('S2', 'E2')_rr: 4
	F35_('S3', 'S2')_t4_min: 29009
	F21_('E1', 'S1')_rr: 0
	F35_('S1', 'E1')_rr: 1
	F1_('S2', 'E2')_rr: 4
	F39_('S1', 'E1')_gc: True
	F12_('S4', 'S5')_t3_min: 2750
	F45_('S5', 'S4')_t4_max: 18705
	F19_('S3', 'S2')_t4_max: 778
	F25_('S5', 'S4')_gc: True
	F5_('E2', 'S2')_rr: 0
	F43_('S2', 'S1')_t4_min: 3363
	F39_('S3', 'S2')_rr: 0
	F22_('S2', 'S3')_t4_min: 1704
	('E3', 'S3')_gcl_cycle: 32000
	F43_('S2', 'S1')_t4_max: 3363
	F45_('S3', 'E3')_rr: 4
	F20_('S1', 'S2')_rr: 0
	F24_jitter: 258
	F16_('S3', 'E3')_t4_min: 600
	F36_('S4', 'E4')_t4_max: 14116
	F9_('S4', 'S3')_t4_min: 37
	F38_('S1', 'E1')_t4_min: 1535
	F33_('E2', 'S2')_t3_max: 88680
	F40_('S5', 'S4')_t4_max: 6219
	F48_('E3', 'S3')_t5_max: 108
	F42_('S1', 'E1')_t4_min: 2327
	F2_('S1', 'S2')_t5_max: 2608
	F15_('S1', 'S2')_t4_min: 9980
	F46_('S4', 'S3')_t4_max: 9730
	F32_('S5', 'S4')_gc: False
	F31_('E2', 'S2')_rr: 0
	F19_('E5', 'S5')_t5_min: 517
	F20_('S5', 'E5')_t3_min: 28808
	F42_jitter: 129
	F39_('S1', 'E1')_rr: 4
	F35_('S2', 'S1')_t4_max: 29156
	F23_('S2', 'S1')_tb: 3620
	F7_jitter: 387
	F40_('E5', 'S5')_rr: 0
	F36_('S4', 'E4')_gc: True
	F42_queue_index: 0
	F2_queue_index: 0
	('S2', 'S1')_gcl_cycle: 16000
	F43_('S5', 'S4')_t4_max: 2896
	F41_('S5', 'E5')_rr: 0
	F21_('S1', 'S2')_rr: 16
	F14_('S2', 'E2')_gc: True
	F44_('S2', 'E2')_gc: False
	F13_('S3', 'S4')_gc: True
	F39_('S5', 'S4')_t4_min: 1294
	F34_jitter: 0
	F26_('S4', 'S3')_gc: True
	F17_('S5', 'E5')_t4_min: 31587
	F43_('S5', 'S4')_t4_min: 2767
	F3_('S3', 'E3')_t3_min: 2419
	F11_('E1', 'S1')_rr: 0
	F35_('S4', 'S3')_gc: True
	F41_('S4', 'S5')_t4_max: 34031
	F33_('S2', 'S3')_t4_min: 88873
	F45_('S5', 'S4')_t4_min: 18705
	F21_('S5', 'E5')_gc: False
	F24_('S2', 'E2')_gc: False
	F41_('S3', 'S4')_t5_min: 33766
	F11_('S4', 'S5')_t4_max: 3475
	F1_('E3', 'S3')_rr: 0
	F22_('S2', 'S3')_t5_min: 1749
	F47_('S2', 'E2')_gc: True
	F25_jitter: 0
	F20_('S1', 'S2')_t4_max: 28229
	F13_('S4', 'S5')_t3_max: 59086
	F10_('E4', 'S4')_t4_max: 7646
	F41_('S3', 'S4')_rr: 0
	F21_queue_index: 0
	F0_('S2', 'S1')_t4_min: 167
	F36_('S2', 'S3')_t4_max: 14084
	F1_('S3', 'S2')_gc: False
	F10_('S4', 'S3')_t4_max: 7722
	F7_('S1', 'E1')_gc: False
	F19_('S5', 'S4')_gc: True
	F25_('E5', 'S5')_t5_min: 302
	F15_('S1', 'S2')_gc: False
	F38_('S4', 'S3')_rr: 32
	F21_('S4', 'S5')_t4_max: 1425
	F30_('S2', 'S1')_t4_max: 13397
	F35_('S2', 'S1')_t4_min: 29027
	F23_('S3', 'S2')_gc: False
	F14_('E1', 'S1')_t5_max: 28415
	F35_jitter: 0
	F16_('E2', 'S2')_t3_max: 306
	F35_('E4', 'S4')_t3_max: 28839
	F6_('E3', 'S3')_rr: 0
	F28_('S4', 'E4')_gc: False
	F14_jitter: 0
	F13_('S2', 'S3')_t4_max: 58854
	F17_('E4', 'S4')_gc: False
	F35_('S2', 'S1')_t5_min: 29043
	F11_('S4', 'S5')_t5_max: 3511
	F4_('S4', 'S3')_t4_max: 3418
	F10_('E4', 'S4')_gc: False
	F30_('S3', 'S2')_t4_min: 13325
	F37_('S2', 'E2')_t4_min: 27569
	F38_('S3', 'S2')_t4_max: 1418
	F19_('S3', 'S2')_rr: 32
	F45_('S5', 'S4')_tb: 18705
	F16_('S3', 'E3')_rr: 0
	F30_('S3', 'S2')_gc: True
	F35_('S2', 'S1')_gc: False
	F38_jitter: 129
	F46_('S3', 'S2')_t4_min: 9743
	F38_('E4', 'S4')_gc: False
	F7_('S3', 'S2')_rr: 0
	F39_('S3', 'S2')_t4_max: 1793
	F30_('S1', 'E1')_gc: True
	F25_('S3', 'S2')_t3_max: 581
	F36_('S3', 'S4')_t3_min: 13837
	F38_('S1', 'E1')_t5_min: 1589
	('E4', 'S4')_gcl_cycle: 1
	F7_('E4', 'S4')_t4_min: 5351
	F13_('S1', 'S2')_t5_max: 58723
	F22_('S2', 'S3')_rr: 32
	F31_('S1', 'E1')_t4_min: 1257
	F4_('E5', 'S5')_gc: False
	F1_('S3', 'S2')_t4_min: 28262
	F45_('E5', 'S5')_t3_max: 18555
	F47_('S2', 'E2')_t5_min: 880
	F34_('E2', 'S2')_rr: 0
	F41_('S5', 'E5')_t3_max: 34045
	F32_('S3', 'E3')_t4_min: 27759
	F25_('S4', 'S3')_t4_min: 378
	F46_('S4', 'S3')_t4_min: 9730
	F8_('S4', 'E4')_rr: 0
	F3_jitter: 129
	F27_queue_index: 0
	F21_('S1', 'S2')_t4_max: 962
	F19_('S3', 'S2')_gc: True
	F1_('S2', 'E2')_t4_min: 28453
	F21_('S5', 'E5')_t4_min: 1404
	F0_('E2', 'S2')_gc: False
	F36_('S4', 'E4')_t4_min: 14116
	F30_('S1', 'E1')_tb: 13469
	F32_('E5', 'S5')_t4_max: 27266
	F15_('E1', 'S1')_t3_max: 9791
	F6_('E3', 'S3')_t4_min: 2349
	F32_('S5', 'S4')_t4_max: 27513
	F37_('S2', 'E2')_gc: False
	F12_jitter: 0
	F13_('S2', 'S3')_gc: False
	F48_('S4', 'S5')_gc: True
	F35_('E4', 'S4')_t5_max: 28979
	F32_('S4', 'S3')_rr: 4
	F47_('S1', 'S2')_rr: 0
	F15_('S1', 'S2')_t4_max: 10109
	F17_queue_index: 0
	F34_('S1', 'E1')_t4_min: 44168
	F8_('S1', 'S2')_t4_max: 63582
	F38_('S3', 'S2')_t3_max: 1418
	F15_('E1', 'S1')_gc: False
	F8_queue_index: 0
	F12_('S4', 'S5')_rr: 0
	F1_('S3', 'S2')_t5_max: 28446
	F29_('S5', 'E5')_gc: True
	F34_('S2', 'S1')_gc: False
	F18_('S3', 'E3')_t3_max: 384
	F25_('S2', 'S1')_gc: False
	F27_('S4', 'S3')_gc: False
	F42_('S2', 'S1')_t4_max: 2211
	F5_('E2', 'S2')_gc: False
	F8_('S3', 'S4')_rr: 0
	F49_('E3', 'S3')_t3_max: 1163
	F23_('S3', 'S2')_t4_min: 3561
	F42_('S4', 'S3')_t4_min: 1840
	F43_jitter: 129
	('S3', 'S2')_gcl_cycle: 128000
	F2_('S2', 'E2')_t4_min: 2615
	F23_jitter: 516
	F12_('S3', 'S4')_t4_max: 2731
	F30_('S2', 'S1')_t5_max: 13462
	F10_('S3', 'S2')_rr: 0
	F22_('S2', 'S3')_t5_max: 1749
	F45_('E5', 'S5')_rr: 0
	F29_('E2', 'S2')_gc: False
	F39_('S3', 'S2')_t4_min: 1664
	F37_('E1', 'S1')_t3_max: 27260
	F40_('E5', 'S5')_gc: False
	F8_('E1', 'S1')_t3_max: 63321
	F6_('E3', 'S3')_gc: False
	F41_('E2', 'S2')_t4_max: 33741
	F21_('S4', 'S5')_rr: 0
	F35_('S1', 'E1')_t4_min: 29179
	F37_('S1', 'S2')_gc: True
	F31_('S1', 'E1')_gc: False
	F37_queue_index: 0
	F31_queue_index: 0
	F19_('S5', 'S4')_t4_max: 524
	F9_('S5', 'S4')_rr: 16
	F25_('S4', 'S3')_gc: False
	F19_jitter: 129
	F19_('S2', 'E2')_t3_min: 900
	F47_('S1', 'S2')_gc: False
	F3_('S1', 'S2')_t4_min: 2178
	F36_('S3', 'S4')_t5_max: 14109
	F4_('S4', 'S3')_t4_min: 3160
	F36_('E1', 'S1')_rr: 0
	F23_('S3', 'S2')_rr: 0
	F41_('S4', 'S5')_gc: True
	F37_('S1', 'S2')_t4_max: 27479
	F37_('E1', 'S1')_rr: 0
	F28_('S3', 'S4')_rr: 0
	F43_('E5', 'S5')_rr: 0
	F37_('E1', 'S1')_gc: False
	F39_('S2', 'S1')_t3_max: 1916
	F16_('S2', 'S3')_t3_min: 515
	F48_('E3', 'S3')_rr: 16
	F36_('S3', 'S4')_gc: True
	F16_('S2', 'S3')_t4_min: 515
	F28_('S4', 'E4')_t4_min: 96877
	F16_('S3', 'E3')_t5_max: 941
	F8_('S2', 'S3')_t4_min: 63461
	F35_('S3', 'S2')_gc: True
	F12_('S4', 'S5')_t4_max: 2879
	('S4', 'E4')_gcl_cycle: 16000
	F2_('S1', 'S2')_t5_min: 2608
	F20_('S5', 'E5')_t4_max: 28937
	F33_('S2', 'S3')_t5_min: 88940
	F23_('E4', 'S4')_t3_max: 3319
	F11_('S5', 'E5')_gc: True
	F22_('E2', 'S2')_rr: 0
	F30_('S2', 'S1')_t4_min: 13397
	F43_('S3', 'S2')_t4_max: 3290
	F13_('E1', 'S1')_tb: 58498
	F17_('S5', 'E5')_t3_max: 31587
	F18_('S5', 'S4')_rr: 0
	F26_('E5', 'S5')_rr: 0
	F0_('S1', 'E1')_t4_min: 258
	F25_('S4', 'S3')_rr: 0
	F45_('S4', 'S3')_gc: True
	F35_queue_index: 0
	F29_('S2', 'S3')_t4_min: 1492
	F25_('S4', 'S3')_t3_max: 383
	('S2', 'S3')_gcl_cycle: 128000
	F13_('S5', 'E5')_rr: 1
	F21_('S2', 'S3')_gc: True
	F27_('S5', 'S4')_t4_min: 11736
	F29_('S2', 'S3')_rr: 0
	F4_('S3', 'E3')_t3_max: 3508
	F37_('S1', 'S2')_t4_min: 27479
	F43_('S2', 'S1')_rr: 4
	F36_queue_index: 0
	F5_('S2', 'S3')_rr: 1
	F44_('S3', 'S2')_t4_max: 15754
	F23_('S4', 'S3')_rr: 0
	F30_('E4', 'S4')_t3_max: 12933
	F32_('S4', 'S3')_tb: 27636
	F27_('E5', 'S5')_t4_min: 11719
	F43_('S4', 'S3')_t4_max: 3093
	F19_('S2', 'E2')_t4_min: 900
	F39_('S3', 'S2')_gc: False
	F40_queue_index: 0
	F49_('E3', 'S3')_t4_max: 1163
	F42_('S2', 'S1')_t4_min: 2211
	F21_('S3', 'S4')_t4_min: 1188
	F11_('S4', 'S5')_gc: True
	F24_('S1', 'S2')_rr: 0
	F46_('S3', 'S2')_t3_max: 9748
	F12_('S2', 'S3')_t5_max: 2724
	F7_('S3', 'S2')_gc: False
	F3_('S2', 'S3')_t4_max: 2301
	F38_('S2', 'S1')_t4_min: 1479
	F5_queue_index: 0
	F23_('S4', 'S3')_gc: False
	F4_('S3', 'E3')_t4_min: 3245
	F21_('S3', 'S4')_t4_max: 1188
	F31_('S1', 'E1')_rr: 0
	F33_('S3', 'E3')_t4_min: 89076
	F19_('S4', 'S3')_t4_min: 651
	F49_('S4', 'E4')_tb: 1184
	F17_('S4', 'S5')_gc: True
	F5_('S3', 'E3')_t4_min: 111451
	F34_('S1', 'E1')_t5_min: 44201
	F25_('S3', 'S2')_t3_min: 447
	F25_('S1', 'E1')_rr: 32
	F40_('S5', 'S4')_t4_min: 6219
	F20_('S1', 'S2')_t4_min: 28100
	F35_('S2', 'S1')_rr: 0
	F39_('S2', 'S1')_t4_max: 2040
	F20_('S3', 'S4')_rr: 0
	F5_('S2', 'S3')_t4_min: 111431
	F14_('S2', 'E2')_t4_min: 28644
	F21_('S2', 'S3')_t4_max: 1075
	F30_('E4', 'S4')_t4_max: 13057
	F36_('S1', 'S2')_t4_max: 13944
	F37_jitter: 129
	F29_('S2', 'S3')_gc: False
	F2_('S1', 'S2')_rr: 16
	F43_('S3', 'S2')_rr: 0
	F23_('S4', 'S3')_t4_min: 3502
	F10_('S3', 'S2')_t4_max: 7922
	F25_('S1', 'E1')_gc: True
	F9_('S5', 'S4')_t4_max: 19
	F45_('S4', 'S3')_t4_min: 18731
	F46_('S1', 'E1')_rr: 4
	F25_('S5', 'S4')_t4_max: 309
	F26_('S3', 'S2')_rr: 1
	F45_('S4', 'S3')_rr: 4
	F5_('E2', 'S2')_t5_max: 111424
	F38_('S3', 'S2')_rr: 32
	F14_('E1', 'S1')_rr: 0
	F25_queue_index: 0
	F21_('S4', 'S5')_t4_min: 1296
	F39_('S4', 'S3')_t4_min: 1546
	F27_('S3', 'S2')_tb: 11770
	F32_queue_index: 0
	F36_('S1', 'S2')_tb: 13815
	F12_('S5', 'E5')_t4_min: 2903
	F10_('E4', 'S4')_t4_min: 7646
	F31_('E2', 'S2')_gc: False
	F44_queue_index: 0
	F47_('E1', 'S1')_gc: False
	F42_('S3', 'S2')_t4_max: 2090
	F28_('E3', 'S3')_rr: 0
	F2_('S1', 'S2')_t4_max: 2500
	F13_('S4', 'S5')_gc: True
	F26_('S5', 'S4')_rr: 1
	F20_('S2', 'S3')_rr: 0
	F8_('S2', 'S3')_gc: False
	F30_('S4', 'S3')_t4_max: 13253
	F11_('E1', 'S1')_t5_max: 3091
	F46_('S2', 'S1')_t4_min: 9890
	F49_('S4', 'E4')_t3_max: 1189
	F24_('E1', 'S1')_t4_max: 2763
	F21_('E1', 'S1')_t3_max: 725
	F24_('S2', 'E2')_t4_min: 2965
	F6_('S3', 'S4')_gc: False
	F18_('E5', 'S5')_t3_max: -111
	F5_('S2', 'S3')_t4_max: 111431
	F43_('S3', 'S2')_t5_max: 3356
	F24_('S2', 'E2')_rr: 0
	('S5', 'S4')_gcl_length: 242
	F39_('S4', 'S3')_rr: 8
	F11_('S3', 'S4')_rr: 16
	F49_('S3', 'S4')_t4_min: 1176
	F8_('S4', 'E4')_gc: False
	F46_('S3', 'S2')_t4_max: 9872
	F36_('E1', 'S1')_gc: False
	F16_('S2', 'S3')_rr: 0
	F21_('S4', 'S5')_t5_max: 1531
	F22_jitter: 129
	F16_('S3', 'E3')_gc: False
	F29_('S5', 'E5')_rr: 8
	F18_('S4', 'S3')_gc: False
	F17_('E4', 'S4')_rr: 0
	F49_('S4', 'E4')_rr: 0
	F27_('S4', 'S3')_t4_max: 12011
	F3_('S1', 'S2')_t4_max: 2178
	F23_('E4', 'S4')_rr: 0
	F49_('S3', 'S4')_t4_max: 1176
	F48_('S5', 'E5')_gc: False
	F3_('S3', 'E3')_t4_min: 2419
	F45_jitter: 0
	F26_('S4', 'S3')_t4_min: 121181
	F49_('S4', 'E4')_t4_min: 1184
	F2_('E1', 'S1')_t4_min: 2385
	F43_('S1', 'E1')_rr: 0
	F17_('E4', 'S4')_t4_min: 31447
	F18_('S5', 'S4')_t4_max: 178
	F10_('S3', 'S2')_gc: False
	F48_('E3', 'S3')_gc: True
	F1_('S2', 'E2')_gc: True
	F9_('S5', 'S4')_gc: True
	F19_('E5', 'S5')_rr: 0
	F39_('S5', 'S4')_gc: False
	F27_('S4', 'S3')_rr: 0
	F21_('S5', 'E5')_tb: 1404
	F9_('S5', 'S4')_t4_min: 19
	F40_jitter: 129
	F3_('S2', 'S3')_gc: True
	F6_('S4', 'E4')_gc: False
	F20_('S5', 'E5')_gc: False
	F36_jitter: 0
	F26_('S4', 'S3')_rr: 1
	F39_('E5', 'S5')_rr: 0
	F4_('E5', 'S5')_tb: 2990
	F43_('S3', 'S2')_t4_min: 2903
	F33_('E2', 'S2')_tb: 88804
	F24_('E1', 'S1')_gc: False
	F39_queue_index: 0
	F7_('S4', 'S3')_t4_min: 5473
	F39_('S1', 'E1')_tb: 2163
	F10_('S4', 'S3')_rr: 4
	F13_('S3', 'S4')_rr: 1
	F15_('E1', 'S1')_t4_min: 9915
	F4_('S3', 'E3')_t4_max: 3632
	F27_('S3', 'S2')_t4_max: 12157
	F24_('S1', 'S2')_t4_max: 2993
	F11_('S3', 'S4')_t5_max: 3468
	F35_('S4', 'S3')_rr: 2
	F18_('E5', 'S5')_rr: 0
	F44_('S3', 'S2')_rr: 0
	F9_('E5', 'S5')_rr: 0
	F38_('S1', 'E1')_rr: 0
	F43_('S4', 'S3')_t5_max: 3159
	F9_('S4', 'S3')_t4_max: 37
	F29_queue_index: 0
	F41_('S2', 'S3')_t3_min: 33750
	F20_('E1', 'S1')_gc: False
	F48_('S4', 'S5')_rr: 32
	F48_('S3', 'S4')_t4_min: 115
	F12_('S2', 'S3')_t4_min: 2578
	F43_('S4', 'S3')_rr: 0
	F9_('S4', 'S3')_gc: True
	F8_jitter: 516
	F15_('S2', 'E2')_gc: False
	F24_('S1', 'S2')_t4_min: 2864
	F35_('S3', 'S2')_t4_max: 29009
	F32_('S3', 'E3')_t3_max: 27759
	F44_('S3', 'S2')_tb: 15496
	F28_('E3', 'S3')_t3_max: 96653
	F25_('S5', 'S4')_t4_min: 309
	F20_('E1', 'S1')_tb: 28021
	F21_('S1', 'S2')_gc: True
	F41_('S3', 'S4')_t3_min: 33759
	F20_('E1', 'S1')_t3_max: 27897
	F25_('S3', 'S2')_t4_min: 447
	F8_('S3', 'S4')_tb: 63469
	F11_('S3', 'S4')_gc: True
	F18_('S5', 'S4')_gc: False
	F27_('S4', 'S3')_t4_min: 11753
	F32_('E5', 'S5')_t4_min: 27266
	F2_('E1', 'S1')_t3_max: 2261
	F21_('S2', 'S3')_rr: 32
	F26_('S5', 'S4')_t5_min: 121174
	F3_('E1', 'S1')_gc: False
	F11_('S2', 'S3')_gc: False
	F17_('S5', 'E5')_rr: 2
	F8_('S2', 'S3')_rr: 0
	F13_('S3', 'S4')_t4_max: 58970
	F18_('S5', 'S4')_tb: 49
	F47_('S2', 'E2')_rr: 64
	F15_('E1', 'S1')_rr: 0
	F2_('S2', 'E2')_t3_min: 2610
	F1_('S3', 'S2')_rr: 0
	F23_('S2', 'S1')_rr: 0
	F2_('S2', 'E2')_gc: True
	F33_('S2', 'S3')_gc: False
	F46_('S2', 'S1')_rr: 1
	F33_jitter: 0
	F12_('S5', 'E5')_rr: 16
	F41_jitter: 129
	F22_('S3', 'E3')_tb: 1751
	F0_('S2', 'S1')_gc: True
	F21_('S4', 'S5')_gc: False
	F5_jitter: 0
	F15_('S2', 'E2')_rr: 0
	F25_('S2', 'S1')_t4_min: 516
	F22_('S3', 'E3')_gc: False
	F42_('S2', 'S1')_rr: 4
	F21_('S3', 'S4')_t5_min: 1294
	F11_('S3', 'S4')_t5_min: 3468
	F17_('S4', 'S5')_t4_min: 31517
	F19_queue_index: 0
	F28_('S4', 'E4')_t5_max: 97183
	F30_('S1', 'E1')_rr: 4
	F8_('S4', 'E4')_tb: 63477
	F42_('S1', 'E1')_tb: 2327
	F19_('S4', 'S3')_t4_max: 651
	F9_('S2', 'E2')_rr: 0
	F48_('S5', 'E5')_t4_min: 338
	F12_('E2', 'S2')_rr: 0
	F16_('E2', 'S2')_rr: 0
	F41_('S4', 'S5')_rr: 1
	F0_('S2', 'S1')_t4_max: 167
	F13_('S4', 'S5')_t4_min: 59086
	F11_('S1', 'S2')_t4_max: 3222
	F11_('S1', 'S2')_t5_min: 3129
	F39_('S3', 'S2')_t5_max: 1909
	F4_jitter: 387
	F34_('S1', 'E1')_gc: True
	F20_queue_index: 0
	F42_('S1', 'E1')_t3_max: 2332
	F3_('S2', 'S3')_t3_min: 2296
	F25_('S3', 'S2')_gc: False
	F42_('S3', 'S2')_gc: True
	F45_('E5', 'S5')_gc: False
	F48_queue_index: 0
	F30_('S3', 'S2')_rr: 8
	F14_queue_index: 0
	F26_('S2', 'E2')_gc: True
	F19_('E5', 'S5')_gc: False
	F7_('S2', 'S1')_rr: 0
	F11_('S5', 'E5')_t4_min: 3518
	F40_('S4', 'E4')_gc: False
	F46_('S3', 'S2')_rr: 0
	F0_jitter: 0
	F6_('S3', 'S4')_rr: 0
	F39_('S5', 'S4')_t4_max: 1423
	F36_('S3', 'S4')_rr: 4
	F40_('S5', 'S4')_gc: True
	F45_queue_index: 0
	F19_('S5', 'S4')_t4_min: 524
	F29_('S4', 'S5')_gc: True
	F31_jitter: 129
	F42_('S1', 'E1')_gc: False
	F35_('S4', 'S3')_t4_min: 28986
	F34_queue_index: 0
	F27_('S5', 'S4')_t4_max: 11865
	F41_('S5', 'E5')_t4_min: 34040
	F6_jitter: 258
	F18_queue_index: 0
	F13_('S1', 'S2')_rr: 1
	F40_('S4', 'E4')_rr: 0
	F11_('S3', 'S4')_t4_max: 3432
	F3_queue_index: 0
	F9_('S2', 'E2')_gc: False
	F11_('S1', 'S2')_t4_min: 3093
	F46_('S1', 'E1')_t4_min: 9908
	F6_('S3', 'S4')_t4_max: 2538
	F32_('S4', 'S3')_gc: True
	F7_('S4', 'S3')_t4_max: 5473
	F8_('S3', 'S4')_t4_max: 63856
	F38_('S2', 'S1')_rr: 4
	F5_('S3', 'E3')_t5_min: 111464
	F10_('S2', 'E2')_t4_min: 7998
	F31_('S1', 'E1')_t5_max: 1463
	F38_('S3', 'S2')_t5_min: 1472
	F32_('S3', 'E3')_rr: 4
	F28_queue_index: 0
	F17_('S4', 'S5')_t4_max: 31517
	F43_('S5', 'S4')_rr: 0
	F20_('S2', 'S3')_t4_min: 28179
	('S3', 'S4')_gcl_length: 190
	F13_('S4', 'S5')_t5_max: 59195
	F47_('S2', 'E2')_t4_max: 870
	F26_('S3', 'S2')_t4_min: 121300
	F10_('E4', 'S4')_t3_max: 7522
	F42_('S3', 'S2')_t4_min: 2090
	F27_('S5', 'S4')_gc: False
	F23_('S2', 'S1')_t3_max: 3883
	F43_('E5', 'S5')_gc: False
	F14_('S2', 'E2')_tb: 28644
	F48_('S5', 'E5')_t3_min: 338
	F13_('E1', 'S1')_rr: 0
	F42_('S1', 'E1')_rr: 0
	F39_('S4', 'S3')_gc: True
	F46_('E4', 'S4')_t3_max: 9588
	F12_('S4', 'S5')_t4_min: 2750
	F37_('S1', 'S2')_rr: 2
	F27_('S2', 'E2')_t4_min: 11787
	F36_('S1', 'S2')_rr: 0
	F11_('E1', 'S1')_t4_max: 3055
	F4_('S3', 'E3')_t3_min: 3245
	F3_('S2', 'S3')_rr: 32
	F48_('S3', 'S4')_t3_min: 110
	F3_('S3', 'E3')_rr: 0
	F20_('S4', 'S5')_rr: 2
	F18_('E5', 'S5')_t5_max: 47
	('E5', 'S5')_gcl_cycle: 1
	F39_('E5', 'S5')_gc: False
	F45_('S4', 'S3')_t5_min: 18750
	F9_('S4', 'S3')_rr: 16
	F35_('E4', 'S4')_t5_min: 28979
	F27_('S4', 'S3')_t3_min: 11753
	F23_('S2', 'S1')_t4_min: 3620
	F17_('S4', 'S5')_rr: 2
	F20_('S4', 'S5')_gc: True
	F22_('E2', 'S2')_t3_max: 1528
	F39_('E5', 'S5')_t3_max: 1052
	F44_('S4', 'S3')_t4_max: 15566
	F38_('S1', 'E1')_t5_max: 1718
	F39_('S2', 'S1')_t4_min: 1782
	F36_('E1', 'S1')_t3_max: 13680
	F36_('S4', 'E4')_rr: 1
	F1_('E3', 'S3')_t5_max: 28260
	F41_('S4', 'S5')_t5_min: 34038
	F35_('S4', 'S3')_t4_max: 28986
	F35_('S3', 'S2')_t5_min: 29025
	F26_('S5', 'S4')_t4_min: 121062
	F7_('S1', 'E1')_t5_min: 5939
	F41_('S4', 'S5')_t5_max: 34038
	F34_('S2', 'S1')_rr: 0
	F24_('S2', 'E2')_t5_min: 3064
	F44_('E4', 'S4')_t4_min: 15378
	F3_('S1', 'S2')_rr: 16
	F31_('E2', 'S2')_t3_max: 970
	F18_('S4', 'S3')_rr: 0
	F27_('S2', 'E2')_t5_min: 11802
	F13_('S5', 'E5')_t4_min: 59202
	F13_('E1', 'S1')_t3_max: 58374
	F25_('S3', 'S2')_rr: 0
	F11_('E1', 'S1')_t3_min: 3055
	F13_queue_index: 0
	F1_('S3', 'S2')_t4_max: 28391
	F41_('S2', 'S3')_t4_min: 33750
	F41_queue_index: 0
	F29_('S4', 'S5')_t4_min: 1723
	F8_('S1', 'S2')_gc: False
	F28_('S3', 'S4')_gc: False
	F39_('S1', 'E1')_t4_min: 2163
	F49_jitter: 129
	F20_('S4', 'S5')_t4_min: 28729
	F48_('E3', 'S3')_t3_max: 1
	F41_('S5', 'E5')_gc: False
	F31_('S2', 'S1')_t4_min: 1178
	F10_('S4', 'S3')_t4_min: 7722
	F17_('S4', 'S5')_t5_max: 31580
	F33_('E2', 'S2')_gc: False
	F11_jitter: 0
	F48_('E3', 'S3')_t4_min: 1
	F5_('E2', 'S2')_t3_max: 111287
	F7_('S3', 'S2')_t4_max: 5719
	F38_('S1', 'E1')_gc: False
	F21_('S3', 'S4')_gc: True
	F27_jitter: 516
	F46_('S4', 'S3')_gc: True
	F20_('S2', 'S3')_tb: 28179
	F2_('S2', 'E2')_t3_max: 2615
	F25_('S5', 'S4')_rr: 64
	F44_jitter: 387
	F7_('S2', 'S1')_t4_max: 5965
	F46_('E4', 'S4')_gc: False
	F39_('S4', 'S3')_t4_max: 1546
	F26_queue_index: 0
	F21_('E1', 'S1')_t4_min: 849
	F38_('S2', 'S1')_gc: True
	F30_('S2', 'S1')_rr: 1
	F38_('E4', 'S4')_t3_max: 1172
	F3_('S1', 'S2')_gc: True
	F34_('E2', 'S2')_gc: False
	F12_('S5', 'E5')_gc: True
	F47_('S1', 'S2')_t4_max: 853
	F17_('S5', 'E5')_gc: True
	F4_queue_index: 0
	F36_('S3', 'S4')_t4_min: 14100
	F21_('S2', 'S3')_t4_min: 1075
	F26_('S2', 'E2')_rr: 1
	F44_('E4', 'S4')_t3_max: 15254
	F15_('S1', 'S2')_rr: 0
	F49_('S3', 'S4')_gc: True
	F14_('S1', 'S2')_gc: False
	F26_('S3', 'S2')_gc: True
	F23_('S1', 'E1')_gc: False
	F8_('E1', 'S1')_t4_min: 63445
	F19_('S3', 'S2')_tb: 778
	F21_('S5', 'E5')_rr: 0
	F27_('E5', 'S5')_t3_max: 11595
	F45_('S3', 'E3')_t4_min: 18757
	F45_('S3', 'E3')_t4_max: 18757
	F29_('E2', 'S2')_rr: 0
	F44_('E4', 'S4')_rr: 0
	F13_('S1', 'S2')_gc: True
	F3_('S2', 'S3')_t3_max: 2301
	F10_queue_index: 0
	F41_('S3', 'S4')_t4_max: 34017
	F7_('S1', 'E1')_t4_min: 5824
	F4_('S3', 'E3')_gc: False
	F29_('S2', 'S3')_t4_max: 1621
	F36_('S2', 'S3')_rr: 0
	F23_('E4', 'S4')_gc: False
	F25_('S1', 'E1')_t3_max: 977
	F8_('S3', 'S4')_t4_min: 63469
	F27_('S3', 'S2')_t4_min: 11770
	F13_('E1', 'S1')_t4_min: 58498
	F36_('S3', 'S4')_t4_max: 14100
	F12_('S2', 'S3')_t4_max: 2707
	F13_('S2', 'S3')_tb: 58725
	F3_('E1', 'S1')_t5_max: 2171
	F19_('S4', 'S3')_rr: 32
	F33_('E2', 'S2')_rr: 0
	F14_('S2', 'E2')_t5_min: 28735
	('S4', 'S5')_gcl_cycle: 64000
	F26_('S3', 'S2')_t4_max: 121300
	F48_('S3', 'S4')_t4_max: 115
	F19_('S5', 'S4')_rr: 32
	F47_('E1', 'S1')_rr: 0
	F2_('S1', 'S2')_gc: True
	F35_('E4', 'S4')_gc: False
	F21_('S3', 'S4')_t3_min: 1183
	F25_('S1', 'E1')_t4_max: 977
	F30_queue_index: 0
	F1_('E3', 'S3')_t3_max: 28081
	('S3', 'S4')_gcl_cycle: 64000
	('S5', 'S4')_gcl_cycle: 128000
	F44_('S3', 'S2')_gc: False
	F2_('S2', 'E2')_t4_max: 2615
	F35_('S3', 'S2')_rr: 2
	F17_jitter: 0
	F38_('S3', 'S2')_gc: True
	F42_('S4', 'S3')_t5_min: 1954
	F30_('S3', 'S2')_t4_max: 13325
	F18_('S4', 'S3')_t4_min: 85
	F9_queue_index: 0
	F45_('S4', 'S3')_t4_max: 18731
	F12_('E2', 'S2')_t3_max: 2435
	F2_('E1', 'S1')_gc: False
	F40_('E5', 'S5')_t3_max: 6029
	F25_('S4', 'S3')_t3_min: 378
	F26_('E5', 'S5')_t3_max: 120819
	F4_('E5', 'S5')_t3_min: 2990
	F41_('E2', 'S2')_gc: False
	F6_('S4', 'E4')_t4_min: 2469
	F49_('S4', 'E4')_gc: False
	F47_('E1', 'S1')_t3_max: 588
	F26_('S5', 'S4')_t4_max: 121062
	F40_('S5', 'S4')_rr: 4
	F20_('S3', 'S4')_gc: False
	F42_('S2', 'S1')_gc: True
	F42_('E4', 'S4')_gc: False
	F42_('S4', 'S3')_gc: False
	F42_('S4', 'S3')_t4_max: 1969
	F31_('S1', 'E1')_t3_max: 1262
	F14_('E1', 'S1')_gc: False
	('S5', 'E5')_gcl_cycle: 64000
	F1_queue_index: 0
	F13_('S2', 'S3')_t4_min: 58725
	F13_('S5', 'E5')_gc: True
	F48_('S4', 'S5')_t4_min: 229
	F28_('E3', 'S3')_t4_max: 96777
	F48_('S5', 'E5')_tb: 338
	F42_('S2', 'S1')_t5_min: 2325
	F49_('S4', 'E4')_t5_min: 1190
	F2_jitter: 0
	F47_queue_index: 0
	F38_('S3', 'S2')_t4_min: 1418
	F47_('S1', 'S2')_t4_min: 724
	F32_('S4', 'S3')_t4_min: 27636
	F49_('E3', 'S3')_t4_min: 1163
	F10_('S3', 'S2')_t3_max: 7798
	F33_('S2', 'S3')_t4_max: 89002
	F8_('S1', 'S2')_rr: 0
	F16_jitter: 258
	F42_('E4', 'S4')_rr: 0
	F39_('S5', 'S4')_rr: 0
	F43_queue_index: 0
	F30_('E4', 'S4')_gc: False
	F32_('S4', 'S3')_t4_max: 27636
	F44_('S4', 'S3')_gc: False
	F4_('S3', 'E3')_rr: 0
	F13_('S1', 'S2')_t4_max: 58614
	F32_('S5', 'S4')_rr: 0
	F41_('E2', 'S2')_rr: 0
	F46_jitter: 0
	F29_('S3', 'S4')_rr: 8
	F42_('S3', 'S2')_t5_max: 2204
	F36_('S1', 'S2')_gc: False
	F21_('S3', 'S4')_rr: 16
	F20_('S2', 'S3')_gc: False
	F46_queue_index: 0
	F36_('S1', 'S2')_t4_min: 13815
	F8_('E1', 'S1')_gc: False
	F24_queue_index: 0
	F6_('S3', 'S4')_t4_min: 2409
	F44_('S4', 'S3')_t4_min: 15437
	F10_('S2', 'E2')_t4_max: 7998
	F7_('S4', 'S3')_t5_min: 5588
	F9_('S2', 'E2')_t3_min: 68
	F25_('E5', 'S5')_rr: 0
	F8_('S3', 'S4')_gc: False
	F38_('S1', 'E1')_t3_min: 1535
	F46_('S4', 'S3')_t3_max: 9730
	F37_('S1', 'S2')_t3_max: 27479
	F3_('S1', 'S2')_t3_max: 2178
	F42_('S4', 'S3')_t3_max: 1845
	F32_('S5', 'S4')_t3_max: 27389
	F47_('S1', 'S2')_t3_max: 729
	F49_('S3', 'S4')_t3_max: 1176
	F12_('S2', 'S3')_t3_max: 2583
	F25_('S5', 'S4')_t3_max: 309
	F11_('S1', 'S2')_t3_max: 3098
	F44_('S4', 'S3')_t3_max: 15442
	F38_('S4', 'S3')_t3_max: 1357
	F9_('S5', 'S4')_t3_max: 19
	F24_('S1', 'S2')_t3_max: 2869
	F13_('S1', 'S2')_t3_max: 58614
	F4_('S5', 'S4')_t3_max: 3080
	F41_('S2', 'S3')_t3_max: 33755
	F35_('S4', 'S3')_t3_max: 28986
	F22_('S2', 'S3')_t3_max: 1704
	F5_('S2', 'S3')_t3_max: 111431
	F26_('S5', 'S4')_t3_max: 121062
	F39_('S5', 'S4')_t3_max: 1299
	F8_('S1', 'S2')_t3_max: 63458
	F19_('S5', 'S4')_t3_max: 524
	F33_('S2', 'S3')_t3_max: 88878
	F15_('S1', 'S2')_t3_max: 9985
	F29_('S2', 'S3')_t3_max: 1497
	F21_('S1', 'S2')_t3_max: 962
	F14_('S1', 'S2')_t3_max: 28422
	F30_('S4', 'S3')_t3_max: 13129
	F45_('S5', 'S4')_t3_max: 18705
	F2_('S1', 'S2')_t3_max: 2500
	F36_('S1', 'S2')_t3_max: 13820
	F18_('S5', 'S4')_t3_max: 54
	F7_('S4', 'S3')_t3_max: 5473
	F40_('S5', 'S4')_t3_max: 6219
	F6_('S3', 'S4')_t3_max: 2414
	F43_('S5', 'S4')_t3_max: 2772
	F48_('S3', 'S4')_t3_max: 115
	F28_('S3', 'S4')_t3_max: 96832
	F34_('S2', 'S1')_t3_max: 44004
	F16_('S2', 'S3')_t3_max: 520
	F31_('S2', 'S1')_t3_max: 1178
	F1_('S3', 'S2')_t3_max: 28267
	F0_('S2', 'S1')_t3_max: 167
	F17_('S4', 'S5')_t3_max: 31517
	F20_('S1', 'S2')_t3_max: 28105
	F10_('S4', 'S3')_t3_max: 7722
	F23_('S4', 'S3')_t3_max: 3507
	F27_('S5', 'S4')_t3_max: 11741
	F37_('S1', 'S2')_tb: 27479
	F34_('S2', 'S1')_t3_min: 43999
	F42_('S2', 'S1')_tb: 2211
	F1_('E3', 'S3')_t3_min: 28205
	F13_('S2', 'S3')_t3_min: 58725
	F39_('S2', 'S1')_t3_min: 1782
	F15_('E1', 'S1')_t4_max: 9915
	F27_('S4', 'S3')_t5_max: 12026
	F7_('S2', 'S1')_t5_min: 5822
	F4_('S4', 'S3')_t3_min: 3160
	F10_('S4', 'S3')_t5_min: 7791
	F22_('S3', 'E3')_t4_max: 1880
	F38_('S3', 'S2')_t3_min: 1413
	F29_('S4', 'S5')_t3_max: 1723
	F46_('S2', 'S1')_tb: 9890
	F13_('S3', 'S4')_tb: 58970
	F17_('E4', 'S4')_t5_min: 31510
	F16_('S2', 'S3')_t5_max: 727
	F26_('E5', 'S5')_t3_min: 120943
	F46_('S2', 'S1')_t5_min: 9901
	F20_('E1', 'S1')_t4_max: 28021
	F7_('S1', 'E1')_t5_max: 6326
	F20_('S1', 'S2')_t5_min: 28177
	F9_('S3', 'S2')_t3_min: 50
	F33_('S3', 'E3')_t5_max: 89143
	F2_('E1', 'S1')_t3_min: 2385
	F36_('S4', 'E4')_t5_max: 14125
	F25_('E5', 'S5')_t5_max: 302
	F27_('S5', 'S4')_t5_max: 11880
	F42_('S4', 'S3')_t5_max: 2083
	F41_('E2', 'S2')_t3_min: 33741
	F41_('S3', 'S4')_t5_max: 34024
	F12_('E2', 'S2')_t4_min: 2559
	F32_('S3', 'E3')_t4_max: 27759
	F11_('S5', 'E5')_t3_min: 3513
	F14_('S1', 'S2')_t3_min: 28417
	F33_('E2', 'S2')_t4_min: 88804
	F23_('S1', 'E1')_t3_min: 3679
	F10_('S4', 'S3')_tb: 7722
	F10_('E4', 'S4')_tb: 7646
	F20_('S1', 'S2')_t3_min: 28100
	F7_('E4', 'S4')_t5_max: 5466
	F29_('S5', 'E5')_t4_max: 1774
	F10_('S2', 'E2')_t3_max: 7998
	F41_('E2', 'S2')_tb: 33741
	F9_('S5', 'S4')_t5_min: 30
	F49_('S3', 'S4')_tb: 1176
	F30_('S1', 'E1')_t3_max: 13469
	F31_('S2', 'S1')_t3_min: 1173
	F24_('E1', 'S1')_tb: 2763
	F10_('S3', 'S2')_t5_max: 7991
	F44_('S2', 'E2')_t3_min: 15555
	('S5', 'E5')_gcl_length: 86
	F27_('S2', 'E2')_t3_min: 11787
	F33_('E2', 'S2')_t3_min: 88804
	F1_('S2', 'E2')_tb: 28453
	F38_('S2', 'S1')_t3_min: 1474
	F35_('S1', 'E1')_t3_min: 29045
	F0_('E2', 'S2')_t4_max: 76
	F6_('E3', 'S3')_t3_min: 2349
	F16_('E2', 'S2')_t3_min: 430
	F26_('S4', 'S3')_t5_max: 121293
	F0_('S1', 'E1')_t3_max: 258
	F0_('S2', 'S1')_t3_min: 162
	('S1', 'S2')_gcl_length: 102
	F12_('E2', 'S2')_t5_max: 2576
	F9_('E5', 'S5')_t4_min: 1
	F19_('S5', 'S4')_t5_min: 644
	F10_('E4', 'S4')_t5_min: 7715
	F9_('E5', 'S5')_t4_max: 1
	('S1', 'E1')_gcl_length: 124
	F34_('E2', 'S2')_tb: 43964
	F32_('S3', 'E3')_tb: 27759
	F43_('S4', 'S3')_t5_min: 2901
	F7_('E4', 'S4')_t3_min: 5351
	F0_('E2', 'S2')_t3_min: 76
	F11_('S3', 'S4')_tb: 3432
	F45_('S4', 'S3')_t5_max: 18750
	F20_('S3', 'S4')_t5_max: 28722
	F22_('S2', 'S3')_tb: 1704
	F29_('S3', 'S4')_t3_min: 1538
	F23_('S3', 'S2')_t5_min: 3618
	F48_('E3', 'S3')_t3_min: 1
	F2_('E1', 'S1')_t4_max: 2385
	F47_('E1', 'S1')_tb: 712
	F43_('S3', 'S2')_tb: 2903
	F3_('S1', 'S2')_t5_min: 2294
	F29_('E2', 'S2')_tb: 1446
	F23_('S2', 'S1')_t3_min: 3620
	F35_('S4', 'S3')_t5_max: 29002
	F24_('S1', 'S2')_t5_min: 2963
	F46_('S3', 'S2')_t5_min: 9754
	F27_('E5', 'S5')_t5_min: 11734
	F43_('S5', 'S4')_t3_min: 2767
	F18_('S4', 'S3')_t5_max: 377
	F44_('S3', 'S2')_t3_max: 15630
	F42_('S2', 'S1')_t3_min: 2206
	F17_('E4', 'S4')_t5_max: 31510
	F28_('S3', 'S4')_t5_max: 97004
	F24_('E1', 'S1')_t3_min: 2763
	F13_('E1', 'S1')_t5_max: 58607
	F3_('S2', 'S3')_tb: 2301
	F26_('S4', 'S3')_tb: 121181
	F9_('E5', 'S5')_tb: 1
	F45_('E5', 'S5')_t5_max: 18698
	F36_('E1', 'S1')_t4_min: 13804
	F36_('S2', 'S3')_t3_max: 13960
	F18_('S5', 'S4')_t5_max: 212
	F1_('S2', 'E2')_t3_max: 28453
	F20_('S3', 'S4')_t3_min: 28258
	('S2', 'S3')_gcl_length: 194
	F38_('E4', 'S4')_t5_max: 1350
	F29_('S4', 'S5')_t5_max: 1767
	F43_('S4', 'S3')_tb: 2835
	F46_('S1', 'E1')_t3_max: 9908
	F29_('E2', 'S2')_t3_min: 1446
	F39_('S2', 'S1')_t5_max: 2156
	F5_('S2', 'S3')_tb: 111431
	F8_('S4', 'E4')_t3_min: 63477
	F36_('S1', 'S2')_t3_min: 13815
	F35_('S1', 'E1')_t4_max: 29179
	F11_('S5', 'E5')_t5_max: 3554
	F6_('S4', 'E4')_t4_max: 2727
	F13_('S5', 'E5')_t5_min: 59311
	F22_('E2', 'S2')_t3_min: 1652
	F47_('S2', 'E2')_tb: 870
	F13_('S5', 'E5')_tb: 59202
	F33_('E2', 'S2')_t5_min: 88871
	F4_('S3', 'E3')_tb: 3245
	F41_('S3', 'S4')_t3_max: 33893
	F49_('E3', 'S3')_t5_min: 1169
	F24_('S1', 'S2')_t5_max: 3092
	('S3', 'E3')_gcl_length: 148
	F39_('S4', 'S3')_tb: 1546
	F16_('S3', 'E3')_tb: 600
	F46_('E4', 'S4')_t5_min: 9723
	F46_('S1', 'E1')_t4_max: 9908
	F6_('S4', 'E4')_t5_min: 2527
	F29_('E2', 'S2')_t5_min: 1490
	F33_('S3', 'E3')_t3_min: 88942
	F23_('S1', 'E1')_t5_min: 3736
	F35_('S3', 'S2')_t3_min: 29004
	F5_('E2', 'S2')_t5_min: 111424
	F43_('S5', 'S4')_tb: 2767
	F30_('S1', 'E1')_t5_min: 13534
	F25_('S5', 'S4')_tb: 309
	F18_('S4', 'S3')_tb: 85
	F49_('S4', 'E4')_t5_max: 1319
	F46_('S2', 'S1')_t3_min: 9756
	F40_('E5', 'S5')_t5_max: 6212
	F11_('S2', 'S3')_tb: 3131
	F30_('E4', 'S4')_t3_min: 13057
	F47_('S2', 'E2')_t5_max: 880
	F14_('S2', 'E2')_t4_max: 28644
	F49_('E3', 'S3')_tb: 1163
	F7_('E4', 'S4')_tb: 5351
	F13_('E1', 'S1')_t3_min: 58498
	F17_('S4', 'S5')_t5_min: 31580
	F9_('S5', 'S4')_t3_min: 14
	F1_('S2', 'E2')_t3_min: 28319
	F44_('S4', 'S3')_t3_min: 15437
	F45_('S3', 'E3')_tb: 18757
	F4_('S3', 'E3')_t5_min: 3328
	F3_('S1', 'S2')_t3_min: 2173
	('E2', 'S2')_gcl_length: 0
	F36_('S4', 'E4')_tb: 14116
	F30_('S3', 'S2')_tb: 13325
	F34_('S1', 'E1')_t4_max: 44168
	F26_('S2', 'E2')_t3_max: 121419
	F18_('S4', 'S3')_t3_min: 85
	F31_('E2', 'S2')_t4_max: 1094
	F29_('E2', 'S2')_t4_min: 1446
	F11_('S4', 'S5')_t5_min: 3511
	F27_('S4', 'S3')_t5_min: 11768
	F45_('S5', 'S4')_t5_max: 18724
	F31_('E2', 'S2')_tb: 1094
	F24_('S2', 'E2')_t5_max: 3322
	F40_('S4', 'E4')_t5_min: 6339
	F43_('S5', 'S4')_t5_min: 2833
	F1_('S3', 'S2')_tb: 28262
	F37_('E1', 'S1')_t5_min: 27472
	F2_('S1', 'S2')_tb: 2500
	F17_('E4', 'S4')_t3_min: 31447
	F14_('E1', 'S1')_t3_min: 28324
	F9_('S4', 'S3')_t3_max: 37
	F36_('E1', 'S1')_t3_min: 13804
	F13_('S5', 'E5')_t5_max: 59311
	F20_('S4', 'S5')_t3_max: 28729
	F35_('S3', 'S2')_t5_max: 29025
	F3_('E1', 'S1')_t4_max: 2055
	('S4', 'S5')_gcl_length: 124
	F42_('E4', 'S4')_t3_min: 1724
	F37_('E1', 'S1')_t4_max: 27384
	F30_('E4', 'S4')_t5_min: 13122
	F12_('E2', 'S2')_tb: 2559
	F42_('E4', 'S4')_t5_min: 1838
	F48_('S4', 'S5')_t5_max: 336
	F11_('S4', 'S5')_tb: 3475
	F5_('S3', 'E3')_tb: 111451
	F9_('S5', 'S4')_t5_max: 30
	F46_('E4', 'S4')_tb: 9712
	F45_('E5', 'S5')_tb: 18679
	F28_('S3', 'S4')_tb: 96827
	F39_('S1', 'E1')_t5_max: 2279
	F11_('S4', 'S5')_t3_min: 3470
	F12_('S3', 'S4')_t3_max: 2731
	F2_('S2', 'E2')_tb: 2615
	F42_('S3', 'S2')_t3_max: 2090
	F45_('E5', 'S5')_t4_max: 18679
	F32_('E5', 'S5')_t3_min: 27266
	F9_('S4', 'S3')_t5_max: 48
	F9_('S4', 'S3')_t3_min: 32
	F25_('E5', 'S5')_tb: 235
	F39_('S3', 'S2')_t3_max: 1669
	F43_('S1', 'E1')_t5_min: 3497
	F20_('S5', 'E5')_tb: 28808
	F37_('S1', 'S2')_t3_min: 27474
	('E4', 'S4')_gcl_length: 0
	F39_('S5', 'S4')_tb: 1294
	F44_('S3', 'S2')_t5_min: 15553
	F38_('E4', 'S4')_t4_min: 1296
	F24_('S1', 'S2')_tb: 2864
	F35_('E4', 'S4')_t3_min: 28963
	F13_('S5', 'E5')_t3_max: 59202
	F25_('S5', 'S4')_t5_min: 376
	F23_('S4', 'S3')_tb: 3502
	F15_('E1', 'S1')_t3_min: 9915
	F17_('S5', 'E5')_t5_min: 31650
	F12_('S4', 'S5')_t3_max: 2755
	F27_('S5', 'S4')_t3_min: 11736
	F47_('S1', 'S2')_t5_min: 734
	F45_('S5', 'S4')_t3_min: 18700
	F38_('S2', 'S1')_t3_max: 1479
	F37_('E1', 'S1')_t4_min: 27384
	F22_('E2', 'S2')_t4_min: 1652
	F46_('S1', 'E1')_t5_min: 9919
	F34_('E2', 'S2')_t4_min: 43964
	F14_('S2', 'E2')_t3_min: 28510
	F6_('S4', 'E4')_t5_max: 2785
	F12_('S3', 'S4')_t5_max: 2748
	F22_('S3', 'E3')_t5_min: 1796
	F40_('E5', 'S5')_t5_min: 6212
	F35_('E4', 'S4')_t4_min: 28963
	F8_('S2', 'S3')_tb: 63461
	F8_('S2', 'S3')_t3_min: 63461
	F47_('S1', 'S2')_t3_min: 724
	F21_('E1', 'S1')_tb: 849
	F29_('S5', 'E5')_t3_max: 1774
	F22_('S3', 'E3')_t3_max: 1756
	F39_('S4', 'S3')_t3_max: 1546
	F49_('S3', 'S4')_t5_min: 1182
	F23_('E4', 'S4')_t5_min: 3500
	F7_('S2', 'S1')_t5_max: 6080
	F35_('S2', 'S1')_tb: 29027
	F42_('S4', 'S3')_tb: 1840
	F21_('S2', 'S3')_t5_max: 1181
	F11_('S2', 'S3')_t3_max: 3265
	F21_('S1', 'S2')_t3_min: 957
	F46_('S3', 'S2')_tb: 9743
	F40_('E5', 'S5')_t3_min: 6153
	F26_('S4', 'S3')_t3_min: 121176
	F17_('S5', 'E5')_t3_min: 31582
	F43_('S2', 'S1')_t5_min: 3429
	F10_('S2', 'E2')_t5_max: 8067
	F7_('S2', 'S1')_t3_max: 5841
	F39_('S2', 'S1')_tb: 1782
	('E1', 'S1')_gcl_length: 0
	F35_('S3', 'S2')_tb: 29009
	F6_('S3', 'S4')_tb: 2409
	F28_('S4', 'E4')_t5_min: 96925
	F30_('S2', 'S1')_tb: 13397
	F48_('S5', 'E5')_t5_max: 574
	F32_('S4', 'S3')_t5_min: 27752
	F14_('E1', 'S1')_t4_max: 28324
	F7_('S1', 'E1')_t3_max: 6087
	F43_('S1', 'E1')_t3_max: 3436
	F13_('S5', 'E5')_t3_min: 59197
	F11_('S2', 'S3')_t3_min: 3131
	F12_('E2', 'S2')_t3_min: 2559
	F17_('S5', 'E5')_t5_max: 31650
	F8_('S4', 'E4')_t5_min: 63483
	F42_('S2', 'S1')_t3_max: 2211
	F11_('S2', 'S3')_t5_min: 3167
	F19_('S2', 'E2')_tb: 900
	F20_('E1', 'S1')_t5_max: 28098
	F45_('E5', 'S5')_t3_min: 18679
	F11_('S5', 'E5')_t4_max: 3518
	F8_('S4', 'E4')_t5_max: 63999
	F26_('S4', 'S3')_t5_min: 121293
	F30_('S3', 'S2')_t5_max: 13390
	F36_('S3', 'S4')_t5_min: 14109
	F24_('S2', 'E2')_t3_min: 2965
	F27_('S2', 'E2')_t4_max: 12303
	F25_('S5', 'S4')_t5_max: 376
	F40_('S4', 'E4')_t4_max: 6409
	F47_('S2', 'E2')_t3_max: 870
	F45_('E5', 'S5')_t5_min: 18698
	F43_('E5', 'S5')_t3_min: 2699
	F3_('E1', 'S1')_t3_min: 2055
	F39_('S3', 'S2')_t5_min: 1780
	F37_('S2', 'E2')_t3_max: 27574
	F43_('S1', 'E1')_t5_max: 3626
	F46_('S2', 'S1')_t5_max: 9901
	F41_('E2', 'S2')_t4_min: 33741
	F8_('E1', 'S1')_tb: 63445
	F43_('S1', 'E1')_t3_min: 3431
	F9_('S3', 'S2')_t5_min: 66
	F37_('E1', 'S1')_tb: 27384
	F41_('S5', 'E5')_t4_max: 34169
	F23_('S4', 'S3')_t5_max: 3688
	F4_('S4', 'S3')_t5_max: 3501
	F34_('E2', 'S2')_t5_max: 43997
	F27_('S4', 'S3')_tb: 11753
	F17_('S5', 'E5')_t4_max: 31587
	F43_('S3', 'S2')_t3_max: 3166
	F29_('S4', 'S5')_t5_min: 1767
	F41_('S4', 'S5')_t3_min: 33768
	F18_('E5', 'S5')_t4_max: 13
	F8_('E1', 'S1')_t5_min: 63451
	F26_('S2', 'E2')_t4_max: 121419
	F16_('E2', 'S2')_t4_max: 430
	F47_('E1', 'S1')_t4_min: 712
	F30_('S3', 'S2')_t5_min: 13390
	F27_('S3', 'S2')_t5_max: 12172
	F9_('S3', 'S2')_t5_max: 66
	F6_('S4', 'E4')_tb: 2469
	F26_('S3', 'S2')_t3_max: 121300
	F10_('S3', 'S2')_tb: 7793
	F45_('S3', 'E3')_t5_min: 18776
	F14_('E1', 'S1')_tb: 28324
	F12_('S5', 'E5')_t4_max: 2903
	F40_('S5', 'S4')_t5_min: 6278
	F20_('E1', 'S1')_t3_min: 28021
	F3_('E1', 'S1')_t4_min: 2055
	F15_('S2', 'E2')_tb: 10045
	F39_('S2', 'S1')_t5_min: 1898
	F35_('S1', 'E1')_t5_max: 29195
	F30_('S2', 'S1')_t3_max: 13397
	F5_('S2', 'S3')_t3_min: 111426
	F0_('S1', 'E1')_t4_max: 258
	F49_('S3', 'S4')_t3_min: 1171
	F28_('S3', 'S4')_t3_min: 96827
	F29_('S5', 'E5')_t3_min: 1769
	F9_('S2', 'E2')_t4_max: 197
	F13_('E1', 'S1')_t5_min: 58607
	F26_('S5', 'S4')_t3_min: 121057
	F21_('S3', 'S4')_t3_max: 1188
	F23_('S3', 'S2')_t3_min: 3561
	F43_('S2', 'S1')_t3_max: 3363
	F11_('S5', 'E5')_tb: 3518
	F26_('E5', 'S5')_t4_max: 120943
	F6_('S3', 'S4')_t5_max: 2596
	F43_('S2', 'S1')_t3_min: 2971
	F36_('E1', 'S1')_t5_max: 13813
	F16_('S3', 'E3')_t5_min: 683
	F48_('E3', 'S3')_t4_max: 1
	F8_('S4', 'E4')_t3_max: 63869
	F36_('S4', 'E4')_t3_min: 14111
	F23_('S1', 'E1')_t5_max: 4252
	F39_('S3', 'S2')_tb: 1664
	F39_('S1', 'E1')_t3_max: 2163
	F24_('S2', 'E2')_t3_max: 3099
	F33_('E2', 'S2')_t4_max: 88804
	F33_('E2', 'S2')_t5_max: 88871
	F28_('S4', 'E4')_t3_max: 97011
	F5_('S3', 'E3')_t4_max: 111451
	F36_('S3', 'S4')_tb: 14100
	F25_('S3', 'S2')_t5_min: 514
	F34_('S1', 'E1')_tb: 44168
	F44_('S2', 'E2')_t4_max: 15942
	F39_('S3', 'S2')_t3_min: 1664
	F42_('E4', 'S4')_tb: 1724
	F18_('S4', 'S3')_t3_max: 219
	F49_('S4', 'E4')_t3_min: 1184
	F30_('S4', 'S3')_t5_min: 13189
	F6_('S3', 'S4')_t3_min: 2409
	F7_('S4', 'S3')_tb: 5473
	F35_('S2', 'S1')_t3_max: 29032
	('E5', 'S5')_gcl_length: 0
	F48_('S3', 'S4')_t5_min: 222
	F40_('E5', 'S5')_t4_max: 6153
	F24_('E1', 'S1')_t4_min: 2763
	F33_('S3', 'E3')_t4_max: 89076
	F13_('S3', 'S4')_t3_min: 58836
	F13_('S5', 'E5')_t4_max: 59202
	F32_('S5', 'S4')_tb: 27384
	F26_('E5', 'S5')_t4_min: 120943
	F3_('S3', 'E3')_t5_min: 2535
	F39_('E5', 'S5')_t4_min: 1176
	F1_('E3', 'S3')_t4_max: 28205
	F9_('S3', 'S2')_t3_max: 55
	('E3', 'S3')_gcl_length: 34
	F46_('E4', 'S4')_t5_max: 9723
	F4_('S4', 'S3')_tb: 3160
	F45_('S3', 'E3')_t3_min: 18752
	F29_('E2', 'S2')_t4_max: 1446
	F43_('S3', 'S2')_t5_min: 2969
	F34_('S1', 'E1')_t5_max: 44201
	F21_('S1', 'S2')_t5_min: 1068
	F15_('S2', 'E2')_t3_max: 10179
	F38_('S1', 'E1')_t3_max: 1540
	F25_('S1', 'E1')_t5_min: 1044
	F0_('E2', 'S2')_t5_max: 160
	F21_('S1', 'S2')_t5_max: 1068
	F37_('S2', 'E2')_t5_max: 27786
	F11_('S1', 'S2')_tb: 3093
	F22_('E2', 'S2')_t4_max: 1652
	F19_('E5', 'S5')_t4_min: 397
	F27_('S3', 'S2')_t3_max: 12033
	F43_('E5', 'S5')_t4_min: 2699
	F19_('S5', 'S4')_t3_min: 519
	F46_('S3', 'S2')_t3_min: 9743
	F42_('S3', 'S2')_tb: 2090
	F42_('E4', 'S4')_t5_max: 1838
	F49_('S3', 'S4')_t5_max: 1182
	F20_('E1', 'S1')_t5_min: 28098
	F9_('E5', 'S5')_t3_min: 1
	F23_('E4', 'S4')_t4_min: 3443
	F38_('S4', 'S3')_t5_min: 1411
	F38_('E4', 'S4')_tb: 1296
	F28_('S3', 'S4')_t5_min: 96875
	F13_('S4', 'S5')_t3_min: 59081
	F43_('S1', 'E1')_t4_max: 3560
	F36_('S1', 'S2')_t5_max: 13953
	F29_('S5', 'E5')_tb: 1774
	F20_('S2', 'S3')_t3_max: 28313
	F19_('S2', 'E2')_t4_max: 1029
	F6_('E3', 'S3')_t4_max: 2349
	F15_('S2', 'E2')_t4_max: 10303
	F45_('S4', 'S3')_tb: 18731
	F33_('S2', 'S3')_tb: 88873
	F10_('S2', 'E2')_t5_min: 8067
	F34_('E2', 'S2')_t5_min: 43997
	F7_('S3', 'S2')_tb: 5590
	F21_('E1', 'S1')_t3_min: 849
	F2_('E1', 'S1')_t5_max: 2493
	F44_('S4', 'S3')_t5_min: 15494
	F39_('S1', 'E1')_t5_min: 2279
	F15_('S1', 'S2')_t3_min: 9980
	F10_('E4', 'S4')_t5_max: 7715
	F12_('S5', 'E5')_t5_min: 2920
	F11_('S2', 'S3')_t5_max: 3425
	F31_('E2', 'S2')_t3_min: 1094
	F48_('S3', 'S4')_t5_max: 222
	F42_('S3', 'S2')_t5_min: 2204
	F26_('S3', 'S2')_t5_min: 121412
	F29_('S5', 'E5')_t5_min: 1818
	F14_('E1', 'S1')_t4_min: 28324
	F21_('S4', 'S5')_t3_max: 1301
	F5_('E2', 'S2')_t3_min: 111411
	F37_('S2', 'E2')_tb: 27569
	F10_('S4', 'S3')_t5_max: 7791
	F2_('S1', 'S2')_t3_min: 2495
	F23_('E4', 'S4')_t3_min: 3443
	F25_('S3', 'S2')_t5_max: 772
	F18_('S3', 'E3')_tb: 384
	F20_('S1', 'S2')_tb: 28100
	F32_('S3', 'E3')_t3_min: 27754
	F3_('S1', 'S2')_tb: 2178
	F6_('S4', 'E4')_t3_min: 2469
	F8_('E1', 'S1')_t3_min: 63445
	F37_('S1', 'S2')_t5_max: 27567
	F43_('S3', 'S2')_t3_min: 2903
	F15_('E1', 'S1')_t5_max: 9978
	F20_('S1', 'S2')_t5_max: 28306
	('S4', 'S3')_gcl_length: 254
	F5_('E2', 'S2')_tb: 111411
	F44_('S3', 'S2')_t5_max: 15811
	F42_('S3', 'S2')_t3_min: 1956
	F41_('E2', 'S2')_t5_max: 33748
	F19_('S4', 'S3')_t5_max: 771
	F39_('S4', 'S3')_t5_max: 1662
	F3_('S2', 'S3')_t5_max: 2417
	F44_('S2', 'E2')_t5_min: 15612
	F40_('E5', 'S5')_t4_min: 6153
	F15_('E1', 'S1')_tb: 9915
	F42_('S1', 'E1')_t5_max: 2570
	F7_('S3', 'S2')_t3_max: 5595
	F43_('E5', 'S5')_tb: 2699
	F12_('S4', 'S5')_t5_max: 2896
	F23_('S1', 'E1')_tb: 3679
	F19_('S5', 'S4')_tb: 524
	F34_('S1', 'E1')_t3_max: 44168
	F36_('E1', 'S1')_t5_min: 13813
	F25_('S2', 'S1')_t3_max: 779
	F15_('S2', 'E2')_t5_min: 10108
	F16_('E2', 'S2')_t4_min: 430
	F3_('E1', 'S1')_t5_min: 2171
	F42_('E4', 'S4')_t4_max: 1724
	F26_('E5', 'S5')_t5_min: 121055
	F12_('S5', 'E5')_t5_max: 2920
	F44_('S4', 'S3')_t5_max: 15623
	F0_('S1', 'E1')_tb: 258
	F28_('S4', 'E4')_tb: 96877
	F5_('S3', 'E3')_t5_max: 111464
	F1_('S2', 'E2')_t5_max: 28508
	F3_('E1', 'S1')_tb: 2055
	F11_('E1', 'S1')_t5_min: 3091
	F14_('S2', 'E2')_t3_max: 28644
	F24_('S2', 'E2')_tb: 2965
	F16_('S3', 'E3')_t3_max: 734
	F43_('S4', 'S3')_t3_min: 2835
	F32_('E5', 'S5')_t5_max: 27382
	F6_('E3', 'S3')_t5_min: 2407
	F21_('S3', 'S4')_t5_max: 1294
	F46_('S4', 'S3')_t5_min: 9741
	F39_('S5', 'S4')_t3_min: 1294
	F19_('S5', 'S4')_t5_max: 644
	F31_('S2', 'S1')_tb: 1178
	F30_('S1', 'E1')_t4_max: 13469
	F47_('E1', 'S1')_t4_max: 712
	F36_('S2', 'S3')_t3_min: 13826
	F11_('S3', 'S4')_t3_max: 3432
	F30_('S3', 'S2')_t3_min: 13191
	F26_('S3', 'S2')_t3_min: 121295
	F48_('S5', 'E5')_t5_min: 445
	F32_('S5', 'S4')_t5_min: 27500
	F26_('S2', 'E2')_t3_min: 121414
	F8_('S3', 'S4')_t5_max: 63862
	F6_('S4', 'E4')_t3_max: 2603
	F26_('S3', 'S2')_t5_max: 121412
	F46_('S4', 'S3')_t5_max: 9741
	F39_('E5', 'S5')_t5_min: 1292
	F31_('S1', 'E1')_t5_min: 1334
	F41_('S2', 'S3')_tb: 33750
	F32_('E5', 'S5')_tb: 27266
	F27_('S2', 'E2')_t3_max: 12179
	F7_('S1', 'E1')_t3_min: 5824
	F29_('S3', 'S4')_t5_min: 1716
	F32_('S5', 'S4')_t5_max: 27629
	F21_('E1', 'S1')_t5_max: 955
	F22_('E2', 'S2')_tb: 1652
	F32_('S3', 'E3')_t5_max: 27875
	F25_('S5', 'S4')_t3_min: 304
	F48_('S5', 'E5')_t4_max: 467
	F25_('S1', 'E1')_tb: 977
	F44_('E4', 'S4')_tb: 15378
	F18_('S3', 'E3')_t5_min: 418
	F26_('E5', 'S5')_tb: 120943
	F47_('S1', 'S2')_t5_max: 863
	F41_('S2', 'S3')_t5_min: 33757
	F46_('S1', 'E1')_t5_max: 9919
	F35_('S1', 'E1')_t3_max: 29179
	F9_('E5', 'S5')_t5_min: 12
	F8_('S1', 'S2')_t5_min: 63459
	F38_('S1', 'E1')_tb: 1535
	F23_('S3', 'S2')_t5_max: 3876
	F25_('S1', 'E1')_t5_max: 1044
	F17_('S5', 'E5')_tb: 31587
	F12_('S2', 'S3')_tb: 2578
	F13_('S2', 'S3')_t3_max: 58730
	F41_('S4', 'S5')_tb: 34031
	F38_('S4', 'S3')_t5_max: 1411
	F26_('S2', 'E2')_t5_min: 121531
	F44_('S4', 'S3')_tb: 15437
	F3_('S2', 'S3')_t5_min: 2417
	F20_('S3', 'S4')_t3_max: 28521
	F9_('S5', 'S4')_tb: 19
	F39_('S4', 'S3')_t3_min: 1412
	F4_('S5', 'S4')_t3_min: 3075
	F13_('S3', 'S4')_t5_min: 59079
	F25_('S4', 'S3')_tb: 378
	F47_('E1', 'S1')_t5_min: 722
	F21_('S4', 'S5')_tb: 1296
	F9_('S2', 'E2')_tb: 68
	F21_('S5', 'E5')_t5_min: 1510
	F19_('E5', 'S5')_t3_min: 397
	F0_('S2', 'S1')_tb: 167
	F18_('E5', 'S5')_t3_min: 13
	F3_('S3', 'E3')_t4_max: 2548
	F35_('S2', 'S1')_t5_max: 29172
	F28_('E3', 'S3')_tb: 96777
	F8_('S1', 'S2')_tb: 63453
	F13_('S1', 'S2')_t5_min: 58723
	F1_('E3', 'S3')_t5_min: 28260
	F27_('E5', 'S5')_t4_max: 11719
	F38_('S4', 'S3')_t3_min: 1352
	F42_('E4', 'S4')_t4_min: 1724
	F21_('S5', 'E5')_t5_max: 1768
	F18_('S3', 'E3')_t4_max: 384
	F17_('S4', 'S5')_t3_min: 31512
	F19_('E5', 'S5')_t5_max: 517
	F7_('S4', 'S3')_t5_max: 5588
	F33_('S3', 'E3')_t5_min: 89143
	F35_('S3', 'S2')_t3_max: 29009
	F1_('E3', 'S3')_t4_min: 28205
	F33_('S3', 'E3')_t3_max: 89076
	F30_('S3', 'S2')_t3_max: 13325
	F4_('S4', 'S3')_t5_min: 3243
	F8_('S3', 'S4')_t3_min: 63469
	F4_('S4', 'S3')_t3_max: 3294
	F40_('S4', 'E4')_t3_max: 6285
	F41_('S5', 'E5')_tb: 34040
	F0_('S2', 'S1')_t5_min: 251
	F43_('S5', 'S4')_t5_max: 2962
	F20_('S4', 'S5')_t5_max: 28806
	F25_('E5', 'S5')_t3_min: 235
	F45_('S3', 'E3')_t3_max: 18757
	F30_('S1', 'E1')_t3_min: 13464
	F16_('E2', 'S2')_t5_max: 513
	F21_('S2', 'S3')_t3_max: 1075
	F12_('S5', 'E5')_t3_max: 2903
	F36_('S1', 'S2')_t5_min: 13824
	F23_('S2', 'S1')_t5_min: 3677
	F28_('S4', 'E4')_t4_max: 97135
	F19_('S2', 'E2')_t5_min: 1020
	F20_('S5', 'E5')_t3_max: 28813
	F25_('S4', 'S3')_t5_min: 445
	F20_('S5', 'E5')_t5_min: 28885
	F10_('S3', 'S2')_t5_min: 7862
	F25_('S3', 'S2')_tb: 447
	F21_('S2', 'S3')_tb: 1075
	F13_('S4', 'S5')_t5_min: 59195
	F31_('S2', 'S1')_t5_max: 1255
	F31_('E2', 'S2')_t5_max: 1171
	F14_('S2', 'E2')_t5_max: 28735
	F25_('S4', 'S3')_t5_max: 574
	F40_('S5', 'S4')_tb: 6219
	F32_('S4', 'S3')_t3_max: 27636
	F14_('S1', 'S2')_tb: 28417
	F30_('S4', 'S3')_t3_min: 13124
	F42_('S1', 'E1')_t5_min: 2441
	F43_('E5', 'S5')_t5_min: 2765
	F35_('S4', 'S3')_t5_min: 29002
	F27_('S3', 'S2')_t5_min: 11785
	F23_('S4', 'S3')_t3_min: 3502
	F21_('E1', 'S1')_t4_max: 849
	F19_('S3', 'S2')_t3_max: 778
	F47_('E1', 'S1')_t5_max: 722
	F32_('S5', 'S4')_t3_min: 27384
	F28_('E3', 'S3')_t5_min: 96825
	F29_('S2', 'S3')_t5_max: 1665
	F7_('E4', 'S4')_t4_max: 5351
	F33_('S3', 'E3')_tb: 89076
	F39_('S5', 'S4')_t5_max: 1539
	F25_('S1', 'E1')_t3_min: 585
	F7_('S3', 'S2')_t3_min: 5590
	F16_('E2', 'S2')_tb: 430
	F46_('S4', 'S3')_tb: 9730
	F44_('S2', 'E2')_t5_max: 15999
	F42_('S1', 'E1')_t4_max: 2456
	F0_('E2', 'S2')_tb: 76
	F38_('S2', 'S1')_tb: 1479
	F12_('S5', 'E5')_tb: 2903
	F26_('S4', 'S3')_t3_max: 121181
	F36_('E1', 'S1')_t4_max: 13804
	F39_('E5', 'S5')_t5_max: 1292
	F38_('S4', 'S3')_tb: 1357
	F26_('S3', 'S2')_tb: 121300
	F43_('S4', 'S3')_t3_max: 2969
	F25_('S2', 'S1')_tb: 516
	F38_('E4', 'S4')_t4_max: 1296
	F46_('S4', 'S3')_t3_min: 9725
	F43_('S1', 'E1')_tb: 3431
	F0_('E2', 'S2')_t5_min: 160
	F37_('S2', 'E2')_t4_max: 27698
	F36_('S2', 'S3')_tb: 13826
	F45_('S4', 'S3')_t3_min: 18726
	F7_('S3', 'S2')_t5_min: 5705
	F37_('S2', 'E2')_t3_min: 27569
	F3_('S3', 'E3')_t3_max: 2424
	F36_('S4', 'E4')_t5_min: 14125
	F37_('S2', 'E2')_t5_min: 27657
	F22_('S3', 'E3')_t3_min: 1751
	F32_('S4', 'S3')_t5_max: 27752
	F3_('S1', 'S2')_t5_max: 2294
	F39_('E5', 'S5')_t4_max: 1176
	F13_('S1', 'S2')_tb: 58614
	F14_('S1', 'S2')_t5_min: 28508
	F36_('E1', 'S1')_tb: 13804
	F42_('S1', 'E1')_t3_min: 2327
	F13_('E1', 'S1')_t4_max: 58498
	F9_('S4', 'S3')_t5_min: 48
	F23_('S2', 'S1')_t5_max: 4064
	F12_('S5', 'E5')_t3_min: 2769
	F34_('S1', 'E1')_t3_min: 44034
	F19_('S4', 'S3')_t5_min: 771
	F1_('S2', 'E2')_t5_min: 28508
	F8_('E1', 'S1')_t4_max: 63445
	F7_('S3', 'S2')_t5_max: 5834
	F4_('E5', 'S5')_t5_max: 3073
	F31_('E2', 'S2')_t5_min: 1171
	F48_('E3', 'S3')_t5_min: 108
	F41_('S2', 'S3')_t5_max: 33886
	F45_('E5', 'S5')_t4_min: 18679
	F29_('S4', 'S5')_t3_min: 1718
	F37_('E1', 'S1')_t5_max: 27472
	F32_('S3', 'E3')_t5_min: 27875
	F27_('S2', 'E2')_tb: 11787
	F36_('S2', 'S3')_t5_min: 13835
	('S2', 'S1')_gcl_length: 44
	F6_('E3', 'S3')_t5_max: 2407
	F23_('E4', 'S4')_t4_max: 3443
	F26_('E5', 'S5')_t5_max: 121055
	F29_('S3', 'S4')_tb: 1672
	F35_('S1', 'E1')_tb: 29179
	F38_('S2', 'S1')_t5_min: 1533
	F8_('S2', 'S3')_t5_min: 63467
	F20_('S2', 'S3')_t5_max: 28514
	F9_('S2', 'E2')_t5_max: 208
	F22_('E2', 'S2')_t5_max: 1697
	F19_('E5', 'S5')_t4_max: 397
	F39_('S5', 'S4')_t5_min: 1410
	F5_('E2', 'S2')_t4_min: 111411
	F39_('E5', 'S5')_tb: 1176
	F47_('E1', 'S1')_t3_min: 712
	F43_('E5', 'S5')_t5_max: 2765
	F38_('E4', 'S4')_t5_min: 1350
	F13_('S3', 'S4')_t5_max: 59079
	F31_('S1', 'E1')_tb: 1257
	F35_('S2', 'S1')_t3_min: 29027
	F13_('S1', 'S2')_t3_min: 58609
	F10_('S3', 'S2')_t3_min: 7793
	F19_('S4', 'S3')_t3_max: 651
	F12_('S4', 'S5')_tb: 2750
	F22_('S3', 'E3')_t5_max: 1925
	F8_('E1', 'S1')_t5_max: 63451
	F12_('E2', 'S2')_t4_max: 2559
	F17_('S4', 'S5')_tb: 31517
	F15_('S2', 'E2')_t3_min: 10045
	F5_('E2', 'S2')_t4_max: 111411
	F44_('E4', 'S4')_t5_min: 15435
	F36_('S3', 'S4')_t3_max: 14100
	F30_('S1', 'E1')_t5_max: 13534
	F26_('S5', 'S4')_tb: 121062
	F26_('S5', 'S4')_t5_max: 121174
	F19_('S4', 'S3')_tb: 651
	F48_('S5', 'E5')_t3_max: 343
	F30_('E4', 'S4')_t4_min: 13057
	F10_('E4', 'S4')_t3_min: 7646
	F21_('S1', 'S2')_tb: 962
	F25_('E5', 'S5')_t4_max: 235
	F13_('S3', 'S4')_t3_max: 58970
	F12_('S3', 'S4')_t5_min: 2748
	F21_('S2', 'S3')_t5_min: 1181
	F11_('E1', 'S1')_tb: 3055
	F35_('S1', 'E1')_t5_min: 29195
	F21_('S4', 'S5')_t5_min: 1402
	F18_('S4', 'S3')_t5_min: 119
	F21_('S5', 'E5')_t3_min: 1404
	F40_('S5', 'S4')_t3_min: 6214
	F39_('S1', 'E1')_t3_min: 1900
	F8_('S1', 'S2')_t3_min: 63453
	F35_('S4', 'S3')_tb: 28986
	F43_('S2', 'S1')_tb: 3363
	F27_('E5', 'S5')_t5_max: 11734
	F27_('S2', 'E2')_t5_max: 12318
	F23_('S3', 'S2')_t3_max: 3695
	F28_('E3', 'S3')_t4_min: 96777
	F13_('S2', 'S3')_t5_min: 58834
	F2_('S2', 'E2')_t5_min: 2723
	F33_('S2', 'S3')_t5_max: 89069
	F38_('S2', 'S1')_t5_max: 1533
	F19_('E5', 'S5')_tb: 397
	F25_('S2', 'S1')_t5_max: 970
	F40_('S4', 'E4')_t3_min: 6280
	F16_('S3', 'E3')_t4_max: 858
	F9_('S4', 'S3')_tb: 37
	F8_('S2', 'S3')_t3_max: 63595
	F9_('E5', 'S5')_t5_max: 12
	F46_('S2', 'S1')_t3_max: 9890
	F21_('E1', 'S1')_t5_min: 955
	F44_('S2', 'E2')_tb: 15555
	F41_('S3', 'S4')_tb: 33759
	F34_('S2', 'S1')_t5_min: 44032
	F12_('E2', 'S2')_t5_min: 2576
	F46_('S3', 'S2')_t5_max: 9883
	F49_('S4', 'E4')_t4_max: 1313
	F25_('S2', 'S1')_t5_min: 583
	F45_('S4', 'S3')_t3_max: 18731
	F23_('S4', 'S3')_t5_min: 3559
	F44_('S3', 'S2')_t3_min: 15496
	F20_('S4', 'S5')_t3_min: 28337
	F19_('S3', 'S2')_t5_max: 898
	F11_('S3', 'S4')_t3_min: 3169
	('S2', 'E2')_gcl_length: 214
	F15_('E1', 'S1')_t5_min: 9978
	F48_('S4', 'S5')_t3_min: 224
	F48_('S3', 'S4')_tb: 115
	F7_('S1', 'E1')_tb: 5824
	F42_('S2', 'S1')_t5_max: 2325
	F30_('E4', 'S4')_t5_max: 13122
	F31_('S2', 'S1')_t5_min: 1255
	F14_('E1', 'S1')_t5_min: 28415
	F16_('E2', 'S2')_t5_min: 513
	F4_('E5', 'S5')_t4_min: 2990
	F27_('S4', 'S3')_t3_max: 11887
	F32_('S4', 'S3')_t3_min: 27502
	F4_('S5', 'S4')_t5_min: 3158
	F28_('E3', 'S3')_t5_max: 96825
	F24_('E1', 'S1')_t5_max: 2862
	F29_('E2', 'S2')_t5_max: 1490
	F27_('S5', 'S4')_t5_min: 11751
	F18_('E5', 'S5')_t4_min: 13
	F45_('S3', 'E3')_t5_max: 18776
	F15_('S2', 'E2')_t5_max: 10366
	F21_('S3', 'S4')_tb: 1188
	F5_('S3', 'E3')_t3_max: 111451
	F2_('S2', 'E2')_t5_max: 2723
	F44_('E4', 'S4')_t4_max: 15378
	F22_('S2', 'S3')_t3_min: 1699
	F21_('S4', 'S5')_t3_min: 1296
	F27_('S5', 'S4')_tb: 11736
	F19_('S2', 'E2')_t5_max: 1149
	F46_('E4', 'S4')_t4_max: 9712
	F26_('S2', 'E2')_tb: 121419
	F38_('S1', 'E1')_t4_max: 1664
	F0_('S1', 'E1')_t3_min: 253
	F34_('E2', 'S2')_t4_max: 43964
	F7_('S2', 'S1')_t3_min: 5707
	F46_('E4', 'S4')_t4_min: 9712
	F20_('S5', 'E5')_t5_max: 29014
	F48_('E3', 'S3')_tb: 1
	F21_('S5', 'E5')_t3_max: 1538
	F23_('S3', 'S2')_tb: 3561
	F34_('S2', 'S1')_t5_max: 44161
	F7_('S4', 'S3')_t3_min: 5468
	F18_('S3', 'E3')_t5_max: 418
	F17_('E4', 'S4')_t4_max: 31447
	F46_('S1', 'E1')_tb: 9908
	F0_('S1', 'E1')_t5_max: 342
	F12_('S3', 'S4')_tb: 2731
	F25_('E5', 'S5')_t4_min: 235
	F46_('E4', 'S4')_t3_min: 9712
	F13_('S2', 'S3')_t5_max: 58963
	F7_('S2', 'S1')_tb: 5707
	F38_('S3', 'S2')_t5_max: 1472
	F19_('S4', 'S3')_t3_min: 646
	F21_('S5', 'E5')_t4_max: 1662
	F7_('E4', 'S4')_t5_min: 5466
	F3_('S3', 'E3')_t5_max: 2664
	F36_('S4', 'E4')_t3_max: 14116
	F8_('S4', 'E4')_t4_max: 63993
	F28_('S4', 'E4')_t3_min: 96877
	F19_('S3', 'S2')_t5_min: 898
	F8_('S3', 'S4')_t3_max: 63732
	F7_('S1', 'E1')_t4_max: 6211
	F11_('S5', 'E5')_t3_max: 3518
	F39_('E5', 'S5')_t3_min: 1176
	F30_('S4', 'S3')_tb: 13124
	F4_('S3', 'E3')_t5_max: 3715
	F11_('S5', 'E5')_t5_min: 3554
	F29_('S2', 'S3')_tb: 1492
	F20_('E1', 'S1')_t4_min: 28021
	F28_('E3', 'S3')_t3_min: 96777
	F12_('S4', 'S5')_t5_min: 2767
	F19_('S3', 'S2')_t3_min: 773
	F38_('S3', 'S2')_tb: 1418
	F17_('E4', 'S4')_tb: 31447
	F11_('S1', 'S2')_t5_max: 3258
	F0_('E2', 'S2')_t4_min: 76
	F24_('S1', 'S2')_t3_min: 2864
	F35_('E4', 'S4')_tb: 28963
	F18_('S5', 'S4')_t3_min: 49
	F34_('E2', 'S2')_t3_min: 43964
	F20_('S4', 'S5')_t5_min: 28806
	F9_('S2', 'E2')_t5_min: 79
	F18_('E5', 'S5')_tb: 13
	F18_('E5', 'S5')_t5_min: 47
	F14_('S1', 'S2')_t5_max: 28637
	F23_('S1', 'E1')_t4_max: 4195
	F48_('S4', 'S5')_tb: 229
	F15_('S1', 'S2')_tb: 9980
	F47_('S2', 'E2')_t3_min: 736
	F29_('S3', 'S4')_t3_max: 1672
	F1_('E3', 'S3')_tb: 28205
	F37_('E1', 'S1')_t3_min: 27384
	F39_('S4', 'S3')_t5_min: 1662
	F37_('S1', 'S2')_t5_min: 27567
	F15_('S1', 'S2')_t5_max: 10172
	F1_('S3', 'S2')_t5_min: 28317
	F48_('S4', 'S5')_t3_max: 229
	F41_('S4', 'S5')_t3_max: 34031
	F12_('S2', 'S3')_t3_min: 2578
	F35_('E4', 'S4')_t4_max: 28963
	F48_('S4', 'S5')_t5_min: 336
	F12_('S2', 'S3')_t5_min: 2595
	F30_('S2', 'S1')_t3_min: 13392
	F30_('S4', 'S3')_t5_max: 13318
	F9_('S3', 'S2')_tb: 55
	F20_('S2', 'S3')_t5_min: 28256
	F0_('S2', 'S1')_t5_max: 251
	F40_('E5', 'S5')_tb: 6153
	F29_('S4', 'S5')_tb: 1723
	F11_('S1', 'S2')_t3_min: 3093
	F46_('S1', 'E1')_t3_min: 9903
	F16_('S2', 'S3')_tb: 515
	F10_('S4', 'S3')_t3_min: 7717
	F8_('S3', 'S4')_t5_min: 63475
	('S4', 'E4')_gcl_length: 2
	F29_('S5', 'E5')_t5_max: 1818
	F49_('E3', 'S3')_t5_max: 1169
	F45_('S5', 'S4')_t5_min: 18724
	F23_('E4', 'S4')_t5_max: 3500
	F35_('S4', 'S3')_t3_min: 28981
	F29_('S2', 'S3')_t3_min: 1492
	F8_('S1', 'S2')_t5_max: 63588
	F41_('E2', 'S2')_t5_min: 33748
	F9_('S2', 'E2')_t3_max: 73
	F29_('S3', 'S4')_t5_max: 1716
	F1_('S2', 'E2')_t4_max: 28453
	F33_('S2', 'S3')_t3_min: 88873
	F24_('S2', 'E2')_t4_max: 3223
	F27_('S3', 'S2')_t3_min: 11770
	('S3', 'S2')_gcl_length: 246
	F49_('E3', 'S3')_t3_min: 1163
	F27_('E5', 'S5')_tb: 11719
	F38_('E4', 'S4')_t3_min: 1296
	F10_('S2', 'E2')_tb: 7998
	F36_('S2', 'S3')_t5_max: 14093
	F10_('S2', 'E2')_t3_min: 7864
	F40_('S4', 'E4')_tb: 6280
