0. Flow F0 [E1-->E3] with period 4000, payload 890B, e2e delay 4000us, jitter 400us
	('E1', 'S1'), Operation(1310, None, 1382)(1310, 1310)
	('S1', 'S2'), Operation(1384, 1424, 1496)(1424, 1424)
	('S2', 'S3'), Operation(1498, None, 1699)(1498, 1627)
	('S3', 'E3'), Operation(1572, 1706, 1778)(1706, 1706)
1. Flow F1 [E1-->E2] with period 4000, payload 894B, e2e delay 4000us, jitter 400us
	('E1', 'S1'), Operation(3642, None, 3714)(3642, 3642)
	('S1', 'S2'), Operation(3716, 3721, 3793)(3721, 3721)
	('S2', 'E2'), Operation(3795, None, 3996)(3795, 3924)
2. Flow F2 [E3-->E2] with period 32000, payload 161B, e2e delay 32000us, jitter 3200us
	('E3', 'S3'), Operation(28028, None, 28041)(28028, 28028)
	('S3', 'S2'), Operation(28043, None, 28185)(28043, 28172)
	('S2', 'E2'), Operation(28058, None, 28329)(28058, 28316)
3. Flow F3 [E5-->E2] with period 4000, payload 762B, e2e delay 4000us, jitter 400us
	('E5', 'S5'), Operation(73, None, 134)(73, 73)
	('S5', 'S4'), Operation(136, 264, 325)(264, 264)
	('S4', 'S3'), Operation(327, 332, 393)(332, 332)
	('S3', 'S2'), Operation(395, 400, 461)(400, 400)
	('S2', 'E2'), Operation(463, 592, 653)(592, 592)
4. Flow F4 [E2-->E3] with period 8000, payload 1284B, e2e delay 8000us, jitter 800us
	('E2', 'S2'), Operation(6950, None, 7053)(6950, 6950)
	('S2', 'S3'), Operation(7055, None, 7287)(7055, 7184)
	('S3', 'E3'), Operation(7160, None, 7521)(7160, 7418)
5. Flow F5 [E5-->E4] with period 64000, payload 1432B, e2e delay 64000us, jitter 6400us
	('E5', 'S5'), Operation(6658, None, 6773)(6658, 6658)
	('S5', 'S4'), Operation(6775, None, 7019)(6775, 6904)
	('S4', 'E4'), Operation(6892, None, 7265)(6892, 7150)
6. Flow F6 [E1-->E4] with period 16000, payload 326B, e2e delay 16000us, jitter 1600us
	('E1', 'S1'), Operation(12604, None, 12631)(12604, 12604)
	('S1', 'S2'), Operation(12633, None, 12789)(12633, 12762)
	('S2', 'S3'), Operation(12662, None, 12947)(12662, 12920)
	('S3', 'S4'), Operation(12691, 12954, 12981)(12954, 12954)
	('S4', 'E4'), Operation(12983, None, 13139)(12983, 13112)
7. Flow F7 [E1-->E2] with period 16000, payload 273B, e2e delay 16000us, jitter 1600us
	('E1', 'S1'), Operation(606, None, 628)(606, 606)
	('S1', 'S2'), Operation(630, None, 781)(630, 759)
	('S2', 'E2'), Operation(654, None, 934)(654, 912)
8. Flow F8 [E4-->E1] with period 16000, payload 954B, e2e delay 16000us, jitter 1600us
	('E4', 'S4'), Operation(5006, None, 5083)(5006, 5006)
	('S4', 'S3'), Operation(5085, None, 5291)(5085, 5214)
	('S3', 'S2'), Operation(5164, 5298, 5375)(5298, 5298)
	('S2', 'S1'), Operation(5377, 5382, 5459)(5382, 5382)
	('S1', 'E1'), Operation(5461, None, 5667)(5461, 5590)
9. Flow F9 [E4-->E3] with period 2000, payload 805B, e2e delay 2000us, jitter 200us
	('E4', 'S4'), Operation(823, None, 888)(823, 823)
	('S4', 'S3'), Operation(890, None, 1084)(890, 1019)
	('S3', 'E3'), Operation(957, 1091, 1156)(1091, 1091)
10. Flow F10 [E3-->E4] with period 128000, payload 568B, e2e delay 128000us, jitter 12800us
	('E3', 'S3'), Operation(85649, None, 85695)(85649, 85649)
	('S3', 'S4'), Operation(85697, None, 85872)(85697, 85826)
	('S4', 'E4'), Operation(85745, None, 86049)(85745, 86003)
11. Flow F11 [E4-->E2] with period 16000, payload 734B, e2e delay 16000us, jitter 1600us
	('E4', 'S4'), Operation(15088, None, 15147)(15088, 15088)
	('S4', 'S3'), Operation(15149, None, 15337)(15149, 15278)
	('S3', 'S2'), Operation(15210, None, 15527)(15210, 15468)
	('S2', 'E2'), Operation(15271, None, 15717)(15271, 15658)
12. Flow F12 [E3-->E5] with period 32000, payload 923B, e2e delay 32000us, jitter 3200us
	('E3', 'S3'), Operation(29884, None, 29958)(29884, 29884)
	('S3', 'S4'), Operation(29960, None, 30163)(29960, 30089)
	('S4', 'S5'), Operation(30036, None, 30368)(30036, 30294)
	('S5', 'E5'), Operation(30112, None, 30573)(30112, 30499)
13. Flow F13 [E3-->E4] with period 4000, payload 442B, e2e delay 4000us, jitter 400us
	('E3', 'S3'), Operation(2126, None, 2162)(2126, 2126)
	('S3', 'S4'), Operation(2164, 2169, 2205)(2169, 2169)
	('S4', 'E4'), Operation(2207, None, 2372)(2207, 2336)
14. Flow F14 [E3-->E4] with period 16000, payload 1318B, e2e delay 16000us, jitter 1600us
	('E3', 'S3'), Operation(15477, None, 15583)(15477, 15477)
	('S3', 'S4'), Operation(15585, 15656, 15762)(15656, 15656)
	('S4', 'E4'), Operation(15764, None, 15999)(15764, 15893)
15. Flow F15 [E1-->E3] with period 128000, payload 155B, e2e delay 128000us, jitter 12800us
	('E1', 'S1'), Operation(125952, None, 125965)(125952, 125952)
	('S1', 'S2'), Operation(125967, None, 126109)(125967, 126096)
	('S2', 'S3'), Operation(125982, 126798, 126811)(126798, 126798)
	('S3', 'E3'), Operation(126813, 126943, 126956)(126943, 126943)
16. Flow F16 [E5-->E4] with period 16000, payload 148B, e2e delay 16000us, jitter 1600us
	('E5', 'S5'), Operation(2381, None, 2393)(2381, 2381)
	('S5', 'S4'), Operation(2395, None, 2536)(2395, 2524)
	('S4', 'E4'), Operation(2409, None, 2679)(2409, 2667)
17. Flow F17 [E1-->E5] with period 128000, payload 1457B, e2e delay 128000us, jitter 12800us
	('E1', 'S1'), Operation(25849, None, 25966)(25849, 25849)
	('S1', 'S2'), Operation(25968, None, 26214)(25968, 26097)
	('S2', 'S3'), Operation(26087, None, 26462)(26087, 26345)
	('S3', 'S4'), Operation(26206, None, 26710)(26206, 26593)
	('S4', 'S5'), Operation(26325, None, 26958)(26325, 26841)
	('S5', 'E5'), Operation(26444, 26965, 27082)(26965, 26965)
18. Flow F18 [E4-->E2] with period 32000, payload 148B, e2e delay 32000us, jitter 3200us
	('E4', 'S4'), Operation(3271, None, 3283)(3271, 3271)
	('S4', 'S3'), Operation(3285, 3373, 3385)(3373, 3373)
	('S3', 'S2'), Operation(3387, 3515, 3527)(3515, 3515)
	('S2', 'E2'), Operation(3529, None, 3670)(3529, 3658)
19. Flow F19 [E5-->E3] with period 128000, payload 1483B, e2e delay 128000us, jitter 12800us
	('E5', 'S5'), Operation(15480, None, 15599)(15480, 15480)
	('S5', 'S4'), Operation(15601, None, 15849)(15601, 15730)
	('S4', 'S3'), Operation(15722, None, 16099)(15722, 15980)
	('S3', 'E3'), Operation(15843, None, 16349)(15843, 16230)
20. Flow F20 [E5-->E3] with period 8000, payload 532B, e2e delay 8000us, jitter 800us
	('E5', 'S5'), Operation(3017, None, 3060)(3017, 3017)
	('S5', 'S4'), Operation(3062, 3067, 3110)(3067, 3067)
	('S4', 'S3'), Operation(3112, None, 3284)(3112, 3241)
	('S3', 'E3'), Operation(3157, None, 3458)(3157, 3415)
21. Flow F21 [E5-->E4] with period 16000, payload 442B, e2e delay 16000us, jitter 1600us
	('E5', 'S5'), Operation(1527, None, 1563)(1527, 1527)
	('S5', 'S4'), Operation(1565, None, 1730)(1565, 1694)
	('S4', 'E4'), Operation(1603, None, 1897)(1603, 1861)
22. Flow F22 [E1-->E2] with period 64000, payload 495B, e2e delay 64000us, jitter 6400us
	('E1', 'S1'), Operation(37161, None, 37201)(37161, 37161)
	('S1', 'S2'), Operation(37203, None, 37372)(37203, 37332)
	('S2', 'E2'), Operation(37245, None, 37543)(37245, 37503)
23. Flow F23 [E2-->E1] with period 64000, payload 872B, e2e delay 64000us, jitter 6400us
	('E2', 'S2'), Operation(20119, None, 20189)(20119, 20119)
	('S2', 'S1'), Operation(20191, 20196, 20266)(20196, 20196)
	('S1', 'E1'), Operation(20268, None, 20467)(20268, 20397)
24. Flow F24 [E1-->E5] with period 16000, payload 1373B, e2e delay 16000us, jitter 1600us
	('E1', 'S1'), Operation(11768, None, 11878)(11768, 11768)
	('S1', 'S2'), Operation(11880, 12008, 12118)(12008, 12008)
	('S2', 'S3'), Operation(12120, None, 12359)(12120, 12249)
	('S3', 'S4'), Operation(12232, None, 12600)(12232, 12490)
	('S4', 'S5'), Operation(12344, None, 12841)(12344, 12731)
	('S5', 'E5'), Operation(12456, None, 13082)(12456, 12972)
25. Flow F25 [E4-->E1] with period 4000, payload 978B, e2e delay 4000us, jitter 400us
	('E4', 'S4'), Operation(19, None, 98)(19, 19)
	('S4', 'S3'), Operation(100, 105, 184)(105, 105)
	('S3', 'S2'), Operation(186, None, 394)(186, 315)
	('S2', 'S1'), Operation(267, 401, 480)(401, 401)
	('S1', 'E1'), Operation(482, 487, 566)(487, 487)
26. Flow F26 [E2-->E5] with period 2000, payload 466B, e2e delay 2000us, jitter 200us
	('E2', 'S2'), Operation(908, None, 946)(908, 908)
	('S2', 'S3'), Operation(948, 953, 991)(953, 953)
	('S3', 'S4'), Operation(993, 998, 1036)(998, 998)
	('S4', 'S5'), Operation(1038, 1043, 1081)(1043, 1043)
	('S5', 'E5'), Operation(1083, None, 1250)(1083, 1212)
27. Flow F27 [E2-->E3] with period 64000, payload 483B, e2e delay 64000us, jitter 6400us
	('E2', 'S2'), Operation(24701, None, 24740)(24701, 24701)
	('S2', 'S3'), Operation(24742, None, 24910)(24742, 24871)
	('S3', 'E3'), Operation(24783, 24917, 24956)(24917, 24917)
28. Flow F28 [E5-->E1] with period 4000, payload 1027B, e2e delay 4000us, jitter 400us
	('E5', 'S5'), Operation(250, None, 333)(250, 250)
	('S5', 'S4'), Operation(335, 344, 427)(344, 344)
	('S4', 'S3'), Operation(429, 454, 537)(454, 454)
	('S3', 'S2'), Operation(539, 564, 647)(564, 564)
	('S2', 'S1'), Operation(649, None, 861)(649, 778)
	('S1', 'E1'), Operation(734, None, 1075)(734, 992)
29. Flow F29 [E5-->E2] with period 2000, payload 1346B, e2e delay 2000us, jitter 200us
	('E5', 'S5'), Operation(427, None, 535)(427, 427)
	('S5', 'S4'), Operation(537, None, 774)(537, 666)
	('S4', 'S3'), Operation(647, 781, 889)(781, 781)
	('S3', 'S2'), Operation(891, 1021, 1129)(1021, 1021)
	('S2', 'E2'), Operation(1131, 1136, 1244)(1136, 1136)
30. Flow F30 [E3-->E1] with period 64000, payload 444B, e2e delay 64000us, jitter 6400us
	('E3', 'S3'), Operation(4443, None, 4479)(4443, 4443)
	('S3', 'S2'), Operation(4481, 4486, 4522)(4486, 4486)
	('S2', 'S1'), Operation(4524, 4529, 4565)(4529, 4529)
	('S1', 'E1'), Operation(4567, 4697, 4733)(4697, 4697)
31. Flow F31 [E3-->E5] with period 128000, payload 85B, e2e delay 128000us, jitter 12800us
	('E3', 'S3'), Operation(127224, None, 127231)(127224, 127224)
	('S3', 'S4'), Operation(127233, None, 127369)(127233, 127362)
	('S4', 'S5'), Operation(127242, None, 127507)(127242, 127500)
	('S5', 'E5'), Operation(127251, None, 127645)(127251, 127638)
32. Flow F32 [E5-->E1] with period 32000, payload 767B, e2e delay 32000us, jitter 3200us
	('E5', 'S5'), Operation(829, None, 891)(829, 829)
	('S5', 'S4'), Operation(893, 1021, 1083)(1021, 1021)
	('S4', 'S3'), Operation(1085, 1090, 1152)(1090, 1090)
	('S3', 'S2'), Operation(1154, 1170, 1232)(1170, 1170)
	('S2', 'S1'), Operation(1234, None, 1425)(1234, 1363)
	('S1', 'E1'), Operation(1298, None, 1618)(1298, 1556)
33. Flow F33 [E3-->E4] with period 64000, payload 1113B, e2e delay 64000us, jitter 6400us
	('E3', 'S3'), Operation(24945, None, 25035)(24945, 24945)
	('S3', 'S4'), Operation(25037, 25042, 25132)(25042, 25042)
	('S4', 'E4'), Operation(25134, None, 25353)(25134, 25263)
34. Flow F34 [E1-->E4] with period 32000, payload 933B, e2e delay 32000us, jitter 3200us
	('E1', 'S1'), Operation(22299, None, 22374)(22299, 22299)
	('S1', 'S2'), Operation(22376, None, 22580)(22376, 22505)
	('S2', 'S3'), Operation(22453, None, 22786)(22453, 22711)
	('S3', 'S4'), Operation(22530, None, 22992)(22530, 22917)
	('S4', 'E4'), Operation(22607, None, 23198)(22607, 23123)
35. Flow F35 [E5-->E1] with period 32000, payload 1140B, e2e delay 32000us, jitter 3200us
	('E5', 'S5'), Operation(334, None, 426)(334, 334)
	('S5', 'S4'), Operation(428, 444, 536)(444, 444)
	('S4', 'S3'), Operation(538, 554, 646)(554, 554)
	('S3', 'S2'), Operation(648, 776, 868)(776, 776)
	('S2', 'S1'), Operation(870, 982, 1074)(982, 982)
	('S1', 'E1'), Operation(1076, None, 1297)(1076, 1205)
36. Flow F36 [E1-->E3] with period 16000, payload 1391B, e2e delay 16000us, jitter 1600us
	('E1', 'S1'), Operation(13383, None, 13495)(13383, 13383)
	('S1', 'S2'), Operation(13497, 13626, 13738)(13626, 13626)
	('S2', 'S3'), Operation(13740, None, 13981)(13740, 13869)
	('S3', 'E3'), Operation(13854, None, 14224)(13854, 14112)
37. Flow F37 [E5-->E1] with period 2000, payload 849B, e2e delay 2000us, jitter 200us
	('E5', 'S5'), Operation(1308, None, 1376)(1308, 1308)
	('S5', 'S4'), Operation(1378, 1383, 1451)(1383, 1383)
	('S4', 'S3'), Operation(1453, 1458, 1526)(1458, 1458)
	('S3', 'S2'), Operation(1528, None, 1725)(1528, 1657)
	('S2', 'S1'), Operation(1598, None, 1924)(1598, 1856)
	('S1', 'E1'), Operation(1668, 1931, 1999)(1931, 1931)
38. Flow F38 [E1-->E2] with period 8000, payload 124B, e2e delay 8000us, jitter 800us
	('E1', 'S1'), Operation(1771, None, 1781)(1771, 1771)
	('S1', 'S2'), Operation(1783, None, 1922)(1783, 1912)
	('S2', 'E2'), Operation(1795, None, 2063)(1795, 2053)
39. Flow F39 [E4-->E1] with period 32000, payload 778B, e2e delay 32000us, jitter 3200us
	('E4', 'S4'), Operation(29933, None, 29996)(29933, 29933)
	('S4', 'S3'), Operation(29998, None, 30190)(29998, 30127)
	('S3', 'S2'), Operation(30063, None, 30384)(30063, 30321)
	('S2', 'S1'), Operation(30128, 30391, 30454)(30391, 30391)
	('S1', 'E1'), Operation(30456, None, 30648)(30456, 30585)
40. Flow F40 [E4-->E3] with period 8000, payload 485B, e2e delay 8000us, jitter 800us
	('E4', 'S4'), Operation(4144, None, 4183)(4144, 4144)
	('S4', 'S3'), Operation(4185, 4287, 4326)(4287, 4287)
	('S3', 'E3'), Operation(4328, 4456, 4495)(4456, 4456)
41. Flow F41 [E3-->E2] with period 16000, payload 183B, e2e delay 16000us, jitter 1600us
	('E3', 'S3'), Operation(14368, None, 14383)(14368, 14368)
	('S3', 'S2'), Operation(14385, 14390, 14405)(14390, 14390)
	('S2', 'E2'), Operation(14407, 14412, 14427)(14412, 14412)
42. Flow F42 [E1-->E2] with period 64000, payload 817B, e2e delay 64000us, jitter 6400us
	('E1', 'S1'), Operation(62794, None, 62860)(62794, 62794)
	('S1', 'S2'), Operation(62862, 62867, 62933)(62867, 62867)
	('S2', 'E2'), Operation(62935, None, 63130)(62935, 63064)
43. Flow F43 [E2-->E1] with period 64000, payload 142B, e2e delay 64000us, jitter 6400us
	('E2', 'S2'), Operation(61972, None, 61984)(61972, 61972)
	('S2', 'S1'), Operation(61986, None, 62127)(61986, 62115)
	('S1', 'E1'), Operation(62000, None, 62270)(62000, 62258)
44. Flow F44 [E3-->E2] with period 16000, payload 1111B, e2e delay 16000us, jitter 1600us
	('E3', 'S3'), Operation(13794, None, 13883)(13794, 13794)
	('S3', 'S2'), Operation(13885, 13973, 14062)(13973, 13973)
	('S2', 'E2'), Operation(14064, None, 14282)(14064, 14193)
45. Flow F45 [E3-->E2] with period 2000, payload 344B, e2e delay 2000us, jitter 200us
	('E3', 'S3'), Operation(1696, None, 1724)(1696, 1696)
	('S3', 'S2'), Operation(1726, 1731, 1759)(1731, 1731)
	('S2', 'E2'), Operation(1761, 1766, 1794)(1766, 1766)
46. Flow F46 [E2-->E5] with period 2000, payload 994B, e2e delay 2000us, jitter 200us
	('E2', 'S2'), Operation(1206, None, 1286)(1206, 1206)
	('S2', 'S3'), Operation(1288, None, 1497)(1288, 1417)
	('S3', 'S4'), Operation(1370, 1504, 1584)(1504, 1504)
	('S4', 'S5'), Operation(1586, 1708, 1788)(1708, 1708)
	('S5', 'E5'), Operation(1790, None, 1999)(1790, 1919)
47. Flow F47 [E1-->E3] with period 8000, payload 514B, e2e delay 8000us, jitter 800us
	('E1', 'S1'), Operation(7405, None, 7447)(7405, 7405)
	('S1', 'S2'), Operation(7449, 7454, 7496)(7454, 7454)
	('S2', 'S3'), Operation(7498, None, 7669)(7498, 7627)
	('S3', 'E3'), Operation(7542, None, 7842)(7542, 7800)
48. Flow F48 [E5-->E4] with period 128000, payload 414B, e2e delay 128000us, jitter 12800us
	('E5', 'S5'), Operation(53842, None, 53876)(53842, 53842)
	('S5', 'S4'), Operation(53878, None, 54041)(53878, 54007)
	('S4', 'E4'), Operation(53914, None, 54206)(53914, 54172)
49. Flow F49 [E3-->E4] with period 128000, payload 619B, e2e delay 128000us, jitter 12800us
	('E3', 'S3'), Operation(1794, None, 1844)(1794, 1794)
	('S3', 'S4'), Operation(1846, None, 2025)(1846, 1975)
	('S4', 'E4'), Operation(1898, None, 2206)(1898, 2156)

SMT variables: 
	F6_('S1', 'S2')_gc: False
	F32_jitter: 258
	F47_('S2', 'S3')_rr: 0
	('S4', 'S3')_gcl_cycle: 32000
	F1_('S1', 'S2')_t5_min: 3793
	F48_('S4', 'E4')_t5_max: 54206
	F7_queue_index: 0
	F46_('S2', 'S3')_gc: False
	F32_('S2', 'S1')_t4_min: 1234
	F8_('S3', 'S2')_t3_max: 5298
	F8_('S3', 'S2')_t3_min: 5164
	F35_('S5', 'S4')_rr: 1
	F37_('S2', 'S1')_gc: False
	F10_('S3', 'S4')_rr: 0
	F27_('S3', 'E3')_t4_min: 24917
	F11_('S2', 'E2')_t3_max: 15534
	F37_('S2', 'S1')_t4_max: 1856
	F49_('E3', 'S3')_gc: False
	F26_('S2', 'S3')_t4_min: 953
	F36_('S2', 'S3')_gc: False
	F28_('S2', 'S1')_t4_min: 649
	F22_queue_index: 0
	F44_('S2', 'E2')_t4_min: 14064
	F32_('E5', 'S5')_t5_min: 891
	F0_('S2', 'S3')_rr: 0
	F0_('E1', 'S1')_gc: False
	F41_('S3', 'S2')_t4_max: 14390
	F25_('S1', 'E1')_t3_max: 487
	F19_('E5', 'S5')_t3_max: 15356
	F29_('S5', 'S4')_gc: False
	F1_('S1', 'S2')_t4_max: 3721
	F17_('S2', 'S3')_tb: 26087
	F32_('S1', 'E1')_t4_min: 1298
	F2_('E3', 'S3')_t3_max: 27904
	F30_('E3', 'S3')_rr: 0
	F25_('S2', 'S1')_t4_max: 401
	F10_('S3', 'S4')_t4_min: 85697
	F18_('S4', 'S3')_t4_max: 3373
	F39_('S2', 'S1')_rr: 2
	F11_('S2', 'E2')_t4_min: 15271
	F33_('S3', 'S4')_t5_min: 25132
	F0_('S1', 'S2')_gc: True
	F35_('E5', 'S5')_gc: False
	F44_('S2', 'E2')_rr: 0
	F29_('S4', 'S3')_t4_max: 781
	F32_('S5', 'S4')_t4_min: 1021
	F12_('S3', 'S4')_gc: False
	F13_jitter: 129
	F13_('E3', 'S3')_gc: False
	F1_jitter: 129
	F12_('S3', 'S4')_t4_min: 29960
	F13_('S3', 'S4')_t4_min: 2169
	F28_('S5', 'S4')_rr: 8
	F25_('S4', 'S3')_t4_max: 105
	F23_('S1', 'E1')_t4_min: 20268
	F15_jitter: 0
	F43_('S2', 'S1')_t5_max: 62127
	F2_('S3', 'S2')_tb: 28043
	F18_('S2', 'E2')_rr: 0
	F23_('S2', 'S1')_t3_max: 20196
	F24_('S3', 'S4')_gc: False
	F29_('E5', 'S5')_gc: False
	F36_('S2', 'S3')_t4_min: 13740
	F27_('E2', 'S2')_tb: 24701
	F42_('S1', 'S2')_rr: 1
	F6_queue_index: 0
	F43_('S1', 'E1')_t4_min: 62000
	F48_jitter: 258
	F37_('S5', 'S4')_rr: 16
	F17_('E1', 'S1')_t3_max: 25725
	F26_('S4', 'S5')_t4_max: 1043
	F37_('S1', 'E1')_t4_min: 1931
	F47_('S2', 'S3')_gc: False
	F32_('E5', 'S5')_t3_max: 705
	F34_('S1', 'S2')_t3_max: 22381
	F37_('E5', 'S5')_t3_max: 1184
	('E2', 'S2')_gcl_cycle: 1
	F25_('S1', 'E1')_t4_min: 487
	F2_('S2', 'E2')_rr: 0
	F22_('S1', 'S2')_t4_min: 37203
	('S2', 'E2')_gcl_cycle: 16000
	F28_('S2', 'S1')_t4_max: 778
	F24_('E1', 'S1')_rr: 0
	F34_('S1', 'S2')_tb: 22376
	F29_('S5', 'S4')_t4_min: 537
	F16_('S4', 'E4')_gc: False
	F13_('E3', 'S3')_t3_max: 2002
	F35_('S1', 'E1')_gc: False
	F0_('S1', 'S2')_rr: 16
	F24_('S4', 'S5')_tb: 12344
	F27_('S2', 'S3')_rr: 0
	F35_('E5', 'S5')_t4_min: 334
	F10_('S4', 'E4')_gc: False
	('S3', 'E3')_gcl_cycle: 128000
	F28_('S2', 'S1')_gc: False
	F17_('S1', 'S2')_t4_max: 26097
	F24_('S3', 'S4')_t4_min: 12232
	F17_('S3', 'S4')_rr: 0
	F40_('S3', 'E3')_t4_min: 4456
	F8_('S1', 'E1')_gc: False
	F24_('S5', 'E5')_rr: 0
	F4_('S2', 'S3')_t4_max: 7184
	F11_('S3', 'S2')_rr: 0
	F23_('E2', 'S2')_gc: False
	F2_('S2', 'E2')_t4_max: 28316
	F41_('E3', 'S3')_gc: False
	F6_('E1', 'S1')_rr: 0
	F24_('S2', 'S3')_gc: False
	F24_('S2', 'S3')_rr: 0
	F25_('S2', 'S1')_rr: 16
	F1_('E1', 'S1')_gc: False
	F8_('S3', 'S2')_gc: True
	F9_('E4', 'S4')_t5_max: 888
	F28_jitter: 258
	F37_('S4', 'S3')_t4_min: 1458
	F5_('E5', 'S5')_t3_max: 6534
	F26_('S3', 'S4')_t3_max: 998
	F8_('S3', 'S2')_rr: 4
	F8_('E4', 'S4')_gc: False
	F3_('E5', 'S5')_rr: 0
	F49_('S3', 'S4')_rr: 0
	F42_('S2', 'E2')_t3_min: 62935
	F31_('E3', 'S3')_t3_min: 127224
	F28_('S2', 'S1')_tb: 649
	F8_('S1', 'E1')_rr: 0
	F6_('S2', 'S3')_gc: False
	F27_('S3', 'E3')_t3_max: 24917
	F20_('E5', 'S5')_gc: False
	F6_('S4', 'E4')_rr: 0
	F5_('S5', 'S4')_t4_max: 6904
	F25_('S4', 'S3')_t3_max: 105
	F29_('S2', 'E2')_t4_min: 1136
	F32_('S1', 'E1')_gc: False
	F26_('E2', 'S2')_rr: 0
	F29_('S3', 'S2')_tb: 1021
	F11_('S4', 'S3')_t4_min: 15149
	F39_('E4', 'S4')_rr: 0
	F42_('E1', 'S1')_rr: 0
	F33_('E3', 'S3')_t3_max: 24821
	F38_('S2', 'E2')_t5_max: 2063
	F1_('E1', 'S1')_rr: 0
	F17_('E1', 'S1')_gc: False
	F11_('S3', 'S2')_gc: False
	F46_('S4', 'S5')_t4_max: 1708
	F37_('S5', 'S4')_t3_max: 1383
	F26_('S3', 'S4')_tb: 998
	F48_('S4', 'E4')_t5_min: 53948
	F38_('E1', 'S1')_t3_max: 1647
	F23_('S2', 'S1')_gc: True
	F32_('S2', 'S1')_gc: False
	F39_('E4', 'S4')_gc: False
	F37_('S4', 'S3')_gc: True
	F6_('S2', 'S3')_t4_max: 12920
	F26_('S3', 'S4')_t4_max: 998
	F36_('S1', 'S2')_t3_max: 13502
	F34_('S3', 'S4')_rr: 0
	F33_('S4', 'E4')_rr: 0
	F31_('S4', 'S5')_t4_min: 127242
	F49_queue_index: 0
	F49_('E3', 'S3')_t4_min: 1794
	F11_('S3', 'S2')_t5_max: 15527
	F26_('E2', 'S2')_t3_max: 784
	F38_queue_index: 0
	F44_('E3', 'S3')_t3_max: 13670
	F23_queue_index: 0
	F7_('S1', 'S2')_t3_max: 635
	F36_('S3', 'E3')_t4_min: 13854
	F37_('S5', 'S4')_t4_max: 1383
	('E1', 'S1')_gcl_cycle: 1
	F26_('E2', 'S2')_gc: False
	F31_('S3', 'S4')_rr: 0
	F39_('S1', 'E1')_t4_max: 30585
	F28_('S3', 'S2')_rr: 16
	F27_('S2', 'S3')_t4_min: 24742
	F18_jitter: 129
	F34_('S1', 'S2')_t4_min: 22376
	F26_('S3', 'S4')_t4_min: 998
	F19_('S3', 'E3')_t4_min: 15843
	('S1', 'S2')_gcl_cycle: 64000
	F6_('S3', 'S4')_t5_min: 12981
	F25_('S3', 'S2')_t4_max: 315
	F37_('S2', 'S1')_t4_min: 1598
	F46_('S4', 'S5')_gc: True
	F40_('S4', 'S3')_t4_min: 4287
	F31_('S4', 'S5')_gc: False
	F31_('S4', 'S5')_t4_max: 127500
	F37_('S5', 'S4')_t4_min: 1383
	F40_('E4', 'S4')_gc: False
	F22_('S1', 'S2')_rr: 0
	F8_('S4', 'S3')_gc: False
	F21_jitter: 258
	F12_('S3', 'S4')_rr: 0
	F12_('S4', 'S5')_gc: False
	F18_('E4', 'S4')_t5_min: 3283
	F37_('S1', 'E1')_t4_max: 1931
	F33_('E3', 'S3')_gc: False
	F30_('E3', 'S3')_t5_max: 4479
	F34_('E1', 'S1')_t3_max: 22175
	F45_('S3', 'S2')_t4_min: 1731
	F11_queue_index: 0
	F45_('E3', 'S3')_t5_min: 1724
	F26_('E2', 'S2')_tb: 908
	F3_('S4', 'S3')_t4_min: 332
	F4_('S2', 'S3')_t4_min: 7055
	F27_('S2', 'S3')_t3_max: 24747
	F33_('S3', 'S4')_t3_max: 25042
	F25_('E4', 'S4')_t4_max: 19
	F12_('S3', 'S4')_t3_min: 29960
	F38_('S1', 'S2')_t4_max: 1912
	F26_('S3', 'S4')_gc: True
	F15_queue_index: 0
	F47_('S2', 'S3')_t4_min: 7498
	F2_('S3', 'S2')_rr: 0
	F24_('E1', 'S1')_t3_max: 11644
	F32_('E5', 'S5')_gc: False
	F26_jitter: 129
	F0_('S2', 'S3')_t4_min: 1498
	F18_('S3', 'S2')_gc: True
	F29_('E5', 'S5')_rr: 0
	F15_('S1', 'S2')_t3_max: 125972
	('S1', 'E1')_gcl_cycle: 64000
	F31_('E3', 'S3')_rr: 0
	F19_('S5', 'S4')_t3_max: 15606
	F49_('E3', 'S3')_rr: 0
	F4_('S2', 'S3')_gc: False
	F24_('S3', 'S4')_rr: 0
	F40_('S3', 'E3')_gc: True
	F26_('S5', 'E5')_t4_min: 1083
	F12_queue_index: 0
	F30_jitter: 0
	F24_('E1', 'S1')_t5_min: 11878
	F6_('S2', 'S3')_rr: 0
	F28_('S5', 'S4')_gc: True
	F20_jitter: 258
	F22_('S1', 'S2')_t4_max: 37332
	F10_jitter: 258
	F24_('S2', 'S3')_t4_max: 12249
	F24_('S5', 'E5')_t5_min: 12566
	F46_('S2', 'S3')_t4_min: 1288
	F0_('S2', 'S3')_t4_max: 1627
	F14_('S3', 'S4')_rr: 4
	F19_('S3', 'E3')_t5_max: 16349
	F47_jitter: 258
	F11_('S3', 'S2')_t4_min: 15210
	F49_('S3', 'S4')_t3_max: 1851
	F30_('S2', 'S1')_gc: True
	F10_('S4', 'E4')_t4_min: 85745
	F20_('S4', 'S3')_t5_max: 3284
	F38_('S1', 'S2')_t3_max: 1788
	F44_('S3', 'S2')_t4_min: 13973
	F21_('S5', 'S4')_t3_max: 1570
	F19_('S4', 'S3')_gc: False
	F5_('E5', 'S5')_t5_min: 6773
	F28_('S1', 'E1')_rr: 0
	F24_('S5', 'E5')_gc: False
	F35_('S5', 'S4')_gc: True
	F39_jitter: 129
	F23_('S1', 'E1')_rr: 0
	F23_('S2', 'S1')_t4_max: 20196
	F30_('S2', 'S1')_t5_min: 4565
	F43_('S2', 'S1')_gc: False
	F14_('E3', 'S3')_rr: 0
	F47_('S3', 'E3')_tb: 7542
	F32_('S1', 'E1')_rr: 0
	F29_jitter: 0
	F1_('E1', 'S1')_t3_max: 3518
	F39_('S2', 'S1')_gc: True
	F32_('E5', 'S5')_rr: 0
	F8_('S2', 'S1')_t3_max: 5382
	F33_queue_index: 0
	F47_('S1', 'S2')_tb: 7454
	F16_('E5', 'S5')_gc: False
	F24_('S1', 'S2')_gc: True
	F9_jitter: 0
	F43_('S1', 'E1')_gc: False
	F30_('S1', 'E1')_t4_min: 4697
	F38_('S1', 'S2')_t4_min: 1783
	F21_('E5', 'S5')_t5_min: 1563
	F29_('S4', 'S3')_t4_min: 781
	F24_('S2', 'S3')_t4_min: 12120
	F15_('S1', 'S2')_t5_min: 125980
	F9_('S3', 'E3')_rr: 64
	F0_queue_index: 0
	F28_('S5', 'S4')_t4_max: 344
	F34_('E1', 'S1')_gc: False
	F16_queue_index: 0
	F20_('S3', 'E3')_t4_min: 3157
	F7_('S1', 'S2')_t5_max: 781
	F2_('S3', 'S2')_gc: False
	F38_('E1', 'S1')_gc: False
	F38_('S1', 'S2')_rr: 0
	F18_('S2', 'E2')_t4_min: 3529
	F5_('S4', 'E4')_rr: 0
	F15_('S2', 'S3')_t4_min: 126798
	F35_('S3', 'S2')_t4_min: 776
	F24_('S4', 'S5')_rr: 0
	F4_('S2', 'S3')_tb: 7055
	F35_('S1', 'E1')_rr: 0
	F22_('S1', 'S2')_t3_max: 37208
	F21_('S5', 'S4')_rr: 0
	F7_('S1', 'S2')_rr: 0
	F12_('S4', 'S5')_t3_min: 30036
	F1_('S2', 'E2')_rr: 0
	F39_('S1', 'E1')_gc: False
	F37_('S5', 'S4')_gc: True
	F20_('E5', 'S5')_rr: 0
	F34_('S2', 'S3')_t4_max: 22711
	F9_('S3', 'E3')_gc: True
	F40_('S3', 'E3')_rr: 16
	F42_('E1', 'S1')_t3_max: 62670
	F20_('S5', 'S4')_t4_max: 3067
	F22_('E1', 'S1')_rr: 0
	F41_('S3', 'S2')_rr: 4
	F19_('S3', 'E3')_gc: False
	F32_('S5', 'S4')_t3_max: 898
	F22_('E1', 'S1')_t3_max: 37037
	F43_('S2', 'S1')_t4_min: 61986
	F39_('S3', 'S2')_rr: 0
	F30_('E3', 'S3')_tb: 4443
	F48_('S5', 'S4')_t3_max: 53883
	('E3', 'S3')_gcl_cycle: 1
	F43_('S2', 'S1')_t4_max: 62115
	F48_('E5', 'S5')_t3_max: 53718
	F8_('S4', 'S3')_t4_max: 5214
	F24_jitter: 516
	F17_('S2', 'S3')_rr: 0
	F0_('S1', 'S2')_t4_min: 1424
	F26_('S4', 'S5')_rr: 1
	F9_('S4', 'S3')_t4_min: 890
	F5_('S5', 'S4')_t4_min: 6775
	F16_('S5', 'S4')_t4_max: 2524
	F15_('S1', 'S2')_t4_min: 125967
	F15_('S3', 'E3')_rr: 1
	F32_('S5', 'S4')_gc: True
	F39_('S1', 'E1')_rr: 0
	F3_('E5', 'S5')_t3_max: -51
	F31_('S3', 'S4')_gc: False
	F42_jitter: 129
	F35_('S2', 'S1')_t4_max: 982
	F29_('S5', 'S4')_t5_max: 774
	F7_jitter: 258
	F18_('S2', 'E2')_gc: False
	F42_queue_index: 0
	F24_('S2', 'S3')_tb: 12120
	F2_queue_index: 0
	F38_('S1', 'S2')_gc: False
	F6_('E1', 'S1')_t3_max: 12480
	('S2', 'S1')_gcl_cycle: 64000
	F28_('S3', 'S2')_gc: True
	F6_('S2', 'S3')_t4_min: 12662
	F8_('S4', 'S3')_rr: 0
	F7_('S1', 'S2')_tb: 630
	F44_('S2', 'E2')_gc: False
	F13_('S3', 'S4')_gc: True
	F26_('S4', 'S5')_t3_min: 1038
	F13_('S3', 'S4')_t3_max: 2169
	F34_jitter: 516
	F3_('S3', 'S2')_rr: 16
	F2_('S3', 'S2')_t4_max: 28172
	F16_('E5', 'S5')_t5_min: 2393
	F17_('S5', 'E5')_t4_min: 26965
	F22_('E1', 'S1')_gc: False
	F46_('S5', 'E5')_t4_min: 1790
	F26_('S2', 'S3')_rr: 64
	F14_('E3', 'S3')_t3_max: 15353
	F35_('S4', 'S3')_gc: True
	F29_('S3', 'S2')_rr: 32
	F20_('S4', 'S3')_t4_min: 3112
	F3_('E5', 'S5')_gc: False
	F25_jitter: 0
	F10_('S3', 'S4')_gc: False
	F17_('S3', 'S4')_t4_min: 26206
	F31_('S5', 'E5')_t4_min: 127251
	F21_queue_index: 0
	F13_('S4', 'E4')_gc: False
	F45_('S2', 'E2')_rr: 8
	F46_('S5', 'E5')_t4_max: 1919
	F38_('S1', 'S2')_t3_min: 1783
	F36_('S2', 'S3')_t4_max: 13869
	F9_('E4', 'S4')_gc: False
	F40_('S4', 'S3')_gc: True
	F3_('S5', 'S4')_gc: True
	F19_('S5', 'S4')_gc: False
	F15_('S1', 'S2')_gc: False
	F30_('S2', 'S1')_t4_max: 4529
	F35_('S2', 'S1')_t4_min: 982
	F13_('S4', 'E4')_rr: 0
	F35_jitter: 129
	F17_('S1', 'S2')_gc: False
	F35_('S2', 'S1')_t5_min: 1074
	F14_jitter: 129
	F33_('S3', 'S4')_gc: True
	F34_('S3', 'S4')_t4_min: 22530
	F48_('S4', 'E4')_t4_min: 53914
	F30_('S3', 'S2')_t4_min: 4486
	F31_('S3', 'S4')_t4_max: 127362
	F33_('S3', 'S4')_rr: 1
	F40_('E4', 'S4')_rr: 0
	F8_('S2', 'S1')_t4_max: 5382
	F38_('S2', 'E2')_t4_min: 1795
	F21_('S5', 'S4')_gc: False
	F3_('S2', 'E2')_gc: True
	F31_('S3', 'S4')_t3_max: 127238
	F30_('S3', 'S2')_gc: True
	F20_('S5', 'S4')_t4_min: 3067
	F48_('E5', 'S5')_tb: 53842
	F37_('S1', 'E1')_rr: 32
	F35_('S2', 'S1')_gc: True
	F38_jitter: 258
	F35_('E5', 'S5')_rr: 0
	F15_('S2', 'S3')_t4_max: 126798
	F39_('S3', 'S2')_t4_max: 30321
	F30_('S1', 'E1')_gc: True
	('E4', 'S4')_gcl_cycle: 1
	F1_('S1', 'S2')_gc: True
	F33_('S4', 'E4')_gc: False
	F23_('S1', 'E1')_t3_max: 20273
	F31_('S4', 'S5')_t3_min: 127242
	F33_('E3', 'S3')_t3_min: 24945
	F16_('E5', 'S5')_t4_max: 2381
	F41_('S3', 'S2')_t3_max: 14390
	F48_('S5', 'S4')_t4_min: 53878
	F25_('S4', 'S3')_t4_min: 105
	F34_('S4', 'E4')_t4_min: 22607
	F3_jitter: 0
	F27_queue_index: 0
	F26_('S2', 'S3')_t3_max: 953
	F7_('S2', 'E2')_rr: 0
	F1_('S2', 'E2')_t4_min: 3795
	F33_('S4', 'E4')_t5_max: 25353
	F18_('E4', 'S4')_t3_max: 3147
	F41_('E3', 'S3')_t4_min: 14368
	F22_('S2', 'E2')_gc: False
	F23_('E2', 'S2')_rr: 0
	F15_('E1', 'S1')_t3_max: 125828
	F32_('S5', 'S4')_t4_max: 1021
	F12_jitter: 387
	F47_('S1', 'S2')_rr: 8
	F7_('S2', 'E2')_gc: False
	F36_('S3', 'E3')_gc: False
	F15_('S1', 'S2')_t4_max: 126096
	F28_('S4', 'S3')_rr: 8
	F32_('S4', 'S3')_rr: 1
	F17_queue_index: 0
	F18_('S3', 'S2')_t4_max: 3515
	F3_('S5', 'S4')_t4_max: 264
	F15_('E1', 'S1')_gc: False
	F6_('E1', 'S1')_gc: False
	F14_('S3', 'S4')_t4_min: 15656
	F8_queue_index: 0
	F12_('S4', 'S5')_rr: 0
	F22_('E1', 'S1')_tb: 37161
	F25_('S2', 'S1')_gc: True
	F20_('S4', 'S3')_t4_max: 3241
	F49_('E3', 'S3')_t3_max: 1670
	F43_jitter: 258
	('S3', 'S2')_gcl_cycle: 64000
	F25_('S2', 'S1')_t3_min: 267
	F13_('E3', 'S3')_rr: 0
	F2_('S2', 'E2')_t4_min: 28058
	F23_jitter: 129
	F12_('S3', 'S4')_t4_max: 30089
	F26_('S2', 'S3')_t4_max: 953
	F16_('S4', 'E4')_t3_max: 2543
	F16_('S4', 'E4')_t4_min: 2409
	F39_('S3', 'S2')_t4_min: 30063
	F27_('S2', 'S3')_t4_max: 24871
	F25_('E4', 'S4')_t3_max: -105
	F14_('S3', 'S4')_t3_min: 15585
	F16_('S5', 'S4')_t4_min: 2395
	F35_('S1', 'E1')_t4_min: 1076
	F38_('E1', 'S1')_rr: 0
	F40_('S4', 'S3')_rr: 4
	F48_('S4', 'E4')_rr: 0
	F37_queue_index: 0
	F31_queue_index: 0
	F19_('S5', 'S4')_t4_max: 15730
	F25_('S4', 'S3')_gc: True
	F19_jitter: 387
	F47_('S1', 'S2')_gc: True
	F22_('S2', 'E2')_t4_min: 37245
	F3_('S3', 'S2')_t4_max: 400
	F6_('S1', 'S2')_t3_min: 12633
	F41_('S2', 'E2')_rr: 1
	F9_('S3', 'E3')_t4_min: 1091
	F36_('E1', 'S1')_rr: 0
	F3_('S3', 'S2')_t4_min: 400
	F21_('E5', 'S5')_gc: False
	F12_('E3', 'S3')_gc: False
	F46_('S3', 'S4')_t4_min: 1504
	F28_('E5', 'S5')_gc: False
	F11_('S4', 'S3')_rr: 0
	F16_('E5', 'S5')_rr: 0
	F21_('S4', 'E4')_t4_min: 1603
	F35_('S3', 'S2')_gc: True
	F1_('S1', 'S2')_t4_min: 3721
	F11_('S4', 'S3')_t4_max: 15278
	F12_('S4', 'S5')_t4_max: 30294
	F43_('E2', 'S2')_gc: False
	F18_('S3', 'S2')_t4_min: 3515
	F30_('S3', 'S2')_t3_max: 4486
	F29_('S2', 'E2')_t5_min: 1244
	F44_('S2', 'E2')_t3_max: 14069
	('S4', 'E4')_gcl_cycle: 1
	F14_('S4', 'E4')_rr: 0
	F31_('S4', 'S5')_rr: 0
	F20_('E5', 'S5')_t3_max: 2893
	F32_('S2', 'S1')_rr: 0
	F46_('E2', 'S2')_rr: 0
	F33_('S4', 'E4')_t4_min: 25134
	F14_('S4', 'E4')_t4_min: 15764
	F27_('E2', 'S2')_t5_max: 24740
	F18_('E4', 'S4')_gc: False
	F30_('S2', 'S1')_t4_min: 4529
	F1_('S1', 'S2')_t3_max: 3721
	F9_('E4', 'S4')_t3_max: 699
	F17_('E1', 'S1')_rr: 0
	F47_('S2', 'S3')_t4_max: 7627
	F25_('S4', 'S3')_rr: 8
	F7_('S1', 'S2')_t4_max: 759
	F35_queue_index: 0
	F28_('S4', 'S3')_gc: True
	('S2', 'S3')_gcl_cycle: 128000
	F5_('E5', 'S5')_gc: False
	F30_('E3', 'S3')_t3_max: 4319
	F8_('S3', 'S2')_t4_max: 5298
	F9_('E4', 'S4')_rr: 0
	F16_('S5', 'S4')_rr: 0
	F7_('S1', 'S2')_t4_min: 630
	F43_('S2', 'S1')_rr: 0
	F21_('S4', 'E4')_tb: 1603
	F36_queue_index: 0
	F39_('E4', 'S4')_t3_max: 29809
	F14_('S3', 'S4')_t3_max: 15590
	F17_('S1', 'S2')_t3_max: 25973
	F44_('S3', 'S2')_t4_max: 13973
	F26_('E2', 'S2')_t3_min: 908
	F44_('E3', 'S3')_gc: False
	F29_('S3', 'S2')_gc: True
	F39_('S3', 'S2')_gc: False
	F45_('S2', 'E2')_gc: True
	F3_('S5', 'S4')_t3_max: 141
	F45_('S3', 'S2')_t3_max: 1731
	F40_queue_index: 0
	F24_('S1', 'S2')_rr: 4
	F41_('S2', 'E2')_gc: True
	F41_('S3', 'S2')_tb: 14390
	F15_('S3', 'E3')_t3_max: 126818
	F20_('S4', 'S3')_rr: 0
	F43_('E2', 'S2')_rr: 0
	F5_queue_index: 0
	F30_('S1', 'E1')_tb: 4697
	F24_('S3', 'S4')_t4_max: 12490
	F16_('S5', 'S4')_tb: 2395
	F46_('S4', 'S5')_rr: 1
	F32_('S1', 'E1')_tb: 1298
	F4_('S3', 'E3')_t4_min: 7160
	F19_('E5', 'S5')_t5_min: 15599
	F20_('S5', 'S4')_t3_max: 3067
	F37_('S4', 'S3')_tb: 1458
	F23_('S2', 'S1')_tb: 20196
	F19_('S4', 'S3')_t4_min: 15722
	F34_('S1', 'S2')_gc: False
	F17_('S4', 'S5')_gc: False
	F48_('E5', 'S5')_rr: 0
	F13_('S4', 'E4')_t4_min: 2207
	F25_('S3', 'S2')_t3_max: 191
	F25_('S1', 'E1')_rr: 16
	F20_('S4', 'S3')_gc: False
	F35_('S2', 'S1')_rr: 2
	F39_('S2', 'S1')_t4_max: 30391
	F18_('E4', 'S4')_rr: 0
	F36_('S1', 'S2')_t4_max: 13626
	F12_('E3', 'S3')_t3_max: 29760
	F37_jitter: 0
	F45_('S2', 'E2')_t5_max: 1794
	F32_('E5', 'S5')_t4_max: 829
	F25_('S1', 'E1')_gc: True
	F2_('E3', 'S3')_t4_min: 28028
	F11_('E4', 'S4')_rr: 0
	F5_('E5', 'S5')_tb: 6658
	F33_('E3', 'S3')_rr: 0
	F34_('S3', 'S4')_t4_max: 22917
	F24_('S5', 'E5')_t4_min: 12456
	F7_('S1', 'S2')_t5_min: 652
	F25_queue_index: 0
	F10_('E3', 'S3')_rr: 0
	F39_('S4', 'S3')_t4_min: 29998
	F21_('S4', 'E4')_rr: 0
	F32_queue_index: 0
	F12_('S5', 'E5')_t4_min: 30112
	F17_('S2', 'S3')_gc: False
	F10_('E3', 'S3')_gc: False
	F44_queue_index: 0
	F47_('E1', 'S1')_gc: False
	F31_('S3', 'S4')_t4_min: 127233
	F28_('E5', 'S5')_t3_max: 126
	F10_('S4', 'E4')_rr: 0
	F15_('S3', 'E3')_t4_min: 126943
	F16_('S4', 'E4')_rr: 0
	F41_('E3', 'S3')_rr: 0
	F6_('S3', 'S4')_gc: True
	F14_('S4', 'E4')_gc: False
	F20_('E5', 'S5')_t4_max: 3017
	F48_('S5', 'S4')_gc: False
	F38_('S2', 'E2')_gc: False
	F16_('S5', 'S4')_gc: False
	F39_('S4', 'S3')_rr: 0
	F46_('S3', 'S4')_gc: True
	F40_('E4', 'S4')_t3_max: 4020
	F42_('E1', 'S1')_gc: False
	F34_('E1', 'S1')_rr: 0
	F48_('S4', 'E4')_gc: False
	F49_('S3', 'S4')_t4_min: 1846
	F35_('S5', 'S4')_t4_min: 444
	F46_('S3', 'S4')_t3_max: 1504
	F34_('S4', 'E4')_rr: 0
	F36_('E1', 'S1')_gc: False
	F30_('S2', 'S1')_t5_max: 4565
	F22_jitter: 258
	F34_('S2', 'S3')_rr: 0
	F18_('S4', 'S3')_gc: True
	F27_('S3', 'E3')_rr: 2
	F32_('S2', 'S1')_t4_max: 1363
	F8_('S2', 'S1')_rr: 4
	F49_('S4', 'E4')_rr: 0
	F37_('S5', 'S4')_tb: 1383
	F37_('S3', 'S2')_t4_max: 1657
	F49_('S3', 'S4')_t4_max: 1975
	F4_('E2', 'S2')_gc: False
	F45_jitter: 0
	F7_('E1', 'S1')_t5_min: 628
	F49_('S4', 'E4')_t4_min: 1898
	F43_('S1', 'E1')_rr: 0
	F41_('S3', 'S2')_gc: True
	F42_('E1', 'S1')_t4_max: 62794
	F19_('E5', 'S5')_rr: 0
	F1_('S2', 'E2')_gc: False
	F2_('S3', 'S2')_t3_max: 28048
	F40_jitter: 0
	F6_('S4', 'E4')_gc: False
	F36_jitter: 258
	F10_('S3', 'S4')_t3_max: 85702
	F6_('S1', 'S2')_t3_max: 12638
	F8_('S2', 'S1')_t4_min: 5382
	F11_('S2', 'E2')_gc: False
	F29_('S3', 'S2')_t4_max: 1021
	F24_('E1', 'S1')_gc: False
	F39_queue_index: 0
	F0_('S1', 'S2')_t4_max: 1424
	F12_('E3', 'S3')_rr: 0
	F13_('S3', 'S4')_rr: 16
	F31_('S5', 'E5')_gc: False
	F37_('S5', 'S4')_t5_min: 1451
	F39_('S2', 'S1')_t3_max: 30391
	F37_('S4', 'S3')_rr: 16
	F8_('E4', 'S4')_t3_max: 4882
	F3_('S2', 'E2')_t4_min: 592
	F35_('S4', 'S3')_rr: 1
	F24_('S1', 'S2')_t4_max: 12008
	F8_('S1', 'E1')_t4_min: 5461
	F17_('S5', 'E5')_t3_max: 26965
	F44_('S3', 'S2')_rr: 4
	F3_('E5', 'S5')_t5_max: 134
	F32_('S4', 'S3')_tb: 1090
	F0_('S3', 'E3')_rr: 32
	F47_('S3', 'E3')_rr: 0
	F23_('E2', 'S2')_t3_max: 19995
	F1_('E1', 'S1')_t5_min: 3714
	F9_('S4', 'S3')_t4_max: 1019
	F40_('S4', 'S3')_t3_max: 4190
	F29_queue_index: 0
	F11_('S4', 'S3')_t3_max: 15154
	F29_('S2', 'E2')_rr: 8
	F9_('S4', 'S3')_gc: False
	F8_jitter: 129
	F24_('S1', 'S2')_t4_min: 12008
	F35_('S3', 'S2')_t4_max: 776
	F4_('S3', 'E3')_t3_max: 7294
	F26_('S3', 'S4')_rr: 32
	F25_('S3', 'S2')_t4_min: 186
	F27_('E2', 'S2')_t3_max: 24577
	F49_('E3', 'S3')_t4_max: 1794
	F17_('S5', 'E5')_rr: 1
	F34_('S2', 'S3')_gc: False
	F42_('S2', 'E2')_gc: False
	F18_('S4', 'S3')_t3_max: 3290
	F13_('S3', 'S4')_t4_max: 2169
	F4_('S2', 'S3')_t3_min: 7055
	F7_('S1', 'S2')_gc: False
	F34_('S1', 'S2')_rr: 0
	F15_('E1', 'S1')_rr: 0
	F47_('S1', 'S2')_t3_max: 7454
	F23_('S2', 'S1')_rr: 1
	F41_('S2', 'E2')_t4_min: 14412
	F2_('S2', 'E2')_gc: False
	F35_('S5', 'S4')_t4_max: 444
	F8_('E4', 'S4')_rr: 0
	F33_jitter: 129
	F5_('S5', 'S4')_rr: 0
	F12_('S5', 'E5')_rr: 0
	F7_('E1', 'S1')_rr: 0
	F42_('S2', 'E2')_rr: 0
	F8_('S2', 'S1')_gc: True
	F41_jitter: 0
	F45_('E3', 'S3')_t3_max: 1572
	F11_('E4', 'S4')_t3_max: 14964
	F43_('S2', 'S1')_t3_max: 61991
	F28_('S1', 'E1')_gc: False
	F5_jitter: 258
	F10_('E3', 'S3')_t3_max: 85525
	F25_('S2', 'S1')_t4_min: 401
	F30_('E3', 'S3')_gc: False
	F28_('S1', 'E1')_t4_min: 734
	F17_('S4', 'S5')_t4_min: 26325
	F19_queue_index: 0
	F6_('S1', 'S2')_t4_min: 12633
	F49_('S4', 'E4')_tb: 1898
	F30_('S1', 'E1')_rr: 1
	F21_('S4', 'E4')_gc: False
	F10_('S4', 'E4')_t4_max: 86003
	F28_('S1', 'E1')_t5_max: 1075
	F20_('S5', 'S4')_rr: 4
	F19_('S4', 'S3')_t4_max: 15980
	F37_('S1', 'E1')_gc: True
	F25_('S3', 'S2')_t3_min: 186
	F28_('S3', 'S2')_t4_min: 564
	F4_jitter: 258
	F6_('S1', 'S2')_t5_max: 12789
	F35_('E5', 'S5')_t3_max: 210
	F20_queue_index: 0
	F18_('S3', 'S2')_t3_min: 3387
	F24_('S2', 'S3')_t3_min: 12120
	F3_('S4', 'S3')_gc: True
	F29_('E5', 'S5')_t3_max: 303
	F42_('S1', 'S2')_t3_max: 62867
	F25_('S3', 'S2')_gc: False
	F48_queue_index: 0
	F3_('S5', 'S4')_rr: 8
	F30_('S3', 'S2')_rr: 1
	F10_('S3', 'S4')_t4_max: 85826
	F14_queue_index: 0
	F15_('S3', 'E3')_gc: True
	F26_('S5', 'E5')_gc: False
	F19_('E5', 'S5')_gc: False
	F5_('S4', 'E4')_gc: False
	F0_jitter: 0
	F6_('S3', 'S4')_rr: 4
	F3_('S2', 'E2')_rr: 4
	F31_('E3', 'S3')_t5_min: 127231
	F37_('S3', 'S2')_rr: 0
	F36_('S1', 'S2')_tb: 13626
	F14_('E3', 'S3')_gc: False
	F18_('S3', 'S2')_rr: 2
	F45_queue_index: 0
	F19_('S5', 'S4')_t4_min: 15601
	F35_('S4', 'S3')_t4_min: 554
	F27_('S2', 'S3')_gc: False
	F31_jitter: 387
	F41_('S3', 'S2')_t4_min: 14390
	F34_queue_index: 0
	F7_('E1', 'S1')_gc: False
	F44_('E3', 'S3')_rr: 0
	F31_('E3', 'S3')_gc: False
	F6_jitter: 129
	F17_('S1', 'S2')_t4_min: 25968
	F46_('S3', 'S4')_t4_max: 1504
	F18_queue_index: 0
	F46_('E2', 'S2')_gc: False
	F40_('S4', 'S3')_t4_max: 4287
	F27_('S3', 'E3')_gc: True
	F15_('S2', 'S3')_gc: True
	F2_('S3', 'S2')_t4_min: 28043
	F32_('S3', 'S2')_t4_min: 1170
	F3_queue_index: 0
	F6_('S3', 'S4')_t4_max: 12954
	F32_('S4', 'S3')_gc: True
	F8_('S4', 'S3')_t3_max: 5090
	F24_('E1', 'S1')_t4_max: 11768
	F4_('E2', 'S2')_t3_max: 6826
	F28_queue_index: 0
	F25_('E4', 'S4')_gc: False
	F47_('S3', 'E3')_gc: False
	F17_('S4', 'S5')_t4_max: 26841
	F11_('S3', 'S2')_t5_min: 15269
	F24_('S4', 'S5')_gc: False
	F39_('S4', 'S3')_t3_max: 30003
	F34_('S4', 'E4')_gc: False
	F39_('S4', 'S3')_gc: False
	F29_('S5', 'S4')_t3_min: 537
	F15_('E1', 'S1')_t4_min: 125952
	F34_('S3', 'S4')_gc: False
	F26_('S2', 'S3')_gc: True
	F12_('S4', 'S5')_t4_min: 30036
	F7_('S2', 'E2')_t4_min: 654
	F4_('S3', 'E3')_t4_max: 7418
	F36_('S1', 'S2')_rr: 4
	F48_('E5', 'S5')_gc: False
	F26_('S5', 'E5')_rr: 0
	F41_('E3', 'S3')_t3_max: 14244
	F15_('S2', 'S3')_rr: 1
	F45_('E3', 'S3')_rr: 0
	F46_('S2', 'S3')_t4_max: 1417
	('E5', 'S5')_gcl_cycle: 1
	F46_('S5', 'E5')_rr: 0
	F8_('S3', 'S2')_tb: 5298
	F9_('S4', 'S3')_rr: 0
	F22_('S1', 'S2')_gc: False
	F23_('S2', 'S1')_t4_min: 20196
	F17_('S4', 'S5')_rr: 0
	F32_('S3', 'S2')_rr: 2
	F49_('S4', 'E4')_t3_max: 2032
	('S5', 'S4')_gcl_length: 76
	F37_('E5', 'S5')_gc: False
	F24_('S4', 'S5')_t4_max: 12731
	F39_('S2', 'S1')_t4_min: 30391
	F36_('E1', 'S1')_t3_max: 13259
	F28_('E5', 'S5')_rr: 0
	F12_('S3', 'S4')_t3_max: 29965
	F35_('S4', 'S3')_t4_max: 554
	F45_('S3', 'S2')_gc: True
	F42_('S2', 'E2')_t4_min: 62935
	F0_('E1', 'S1')_t3_max: 1186
	F18_('S4', 'S3')_rr: 1
	F5_('S4', 'E4')_t4_min: 6892
	F46_('S4', 'S5')_t4_min: 1708
	F28_('S4', 'S3')_t4_min: 454
	F37_('S4', 'S3')_t4_max: 1458
	F9_('S4', 'S3')_t3_max: 895
	F25_('S3', 'S2')_rr: 0
	F13_queue_index: 0
	F41_queue_index: 0
	F49_jitter: 258
	F39_('S1', 'E1')_t4_min: 30456
	F46_('S5', 'E5')_t3_min: 1790
	F46_('S2', 'S3')_tb: 1288
	F48_('S5', 'S4')_rr: 0
	F11_jitter: 387
	F11_('E4', 'S4')_gc: False
	F38_('S2', 'E2')_rr: 0
	F46_('S2', 'S3')_rr: 0
	F26_('S4', 'S5')_gc: True
	F29_('S5', 'S4')_t4_max: 666
	F33_('S3', 'S4')_t4_max: 25042
	F0_('S1', 'S2')_t3_max: 1389
	F36_('S3', 'E3')_tb: 13854
	F14_('S3', 'S4')_t4_max: 15656
	F17_('S1', 'S2')_rr: 0
	F27_jitter: 0
	F7_('E1', 'S1')_t3_max: 482
	F25_('E4', 'S4')_rr: 0
	F4_('S2', 'S3')_t3_max: 7060
	F44_jitter: 129
	F19_('S3', 'E3')_rr: 0
	F17_('S2', 'S3')_t4_max: 26345
	F39_('S4', 'S3')_t4_max: 30127
	F26_queue_index: 0
	F45_('S2', 'E2')_t4_min: 1766
	F16_('E5', 'S5')_t3_max: 2257
	F30_('S2', 'S1')_rr: 1
	F12_('S5', 'E5')_gc: False
	F3_('S5', 'S4')_t4_min: 264
	F47_('S1', 'S2')_t4_max: 7454
	F17_('S5', 'E5')_gc: True
	F4_queue_index: 0
	F39_('S3', 'S2')_t5_max: 30384
	F26_('S4', 'S5')_t4_min: 1043
	F28_('S2', 'S1')_rr: 0
	F14_('S3', 'S4')_gc: True
	F49_('S3', 'S4')_gc: False
	F45_('S3', 'S2')_t4_max: 1731
	F15_('S1', 'S2')_rr: 0
	F29_('S5', 'S4')_rr: 0
	F23_('S1', 'E1')_gc: False
	F37_('S3', 'S2')_t4_min: 1528
	F16_('S5', 'S4')_t3_max: 2400
	F10_queue_index: 0
	F47_('S3', 'E3')_t4_min: 7542
	F32_('S3', 'S2')_t4_max: 1170
	F30_('E3', 'S3')_t4_min: 4443
	F3_('S4', 'S3')_t4_max: 332
	F8_('S4', 'S3')_t4_min: 5085
	F36_('S2', 'S3')_rr: 0
	F4_('S3', 'E3')_gc: False
	F33_('S3', 'S4')_t4_min: 25042
	F28_('S5', 'S4')_t4_min: 344
	F27_('E2', 'S2')_rr: 0
	F5_('S5', 'S4')_gc: False
	F19_('S4', 'S3')_rr: 0
	F45_('E3', 'S3')_gc: False
	F21_('S4', 'E4')_t4_max: 1861
	F21_('S5', 'S4')_t4_max: 1694
	F37_('S2', 'S1')_rr: 0
	('S4', 'S5')_gcl_cycle: 2000
	F28_('S3', 'S2')_t4_max: 564
	F29_('S3', 'S2')_t4_min: 1021
	F36_('S3', 'E3')_rr: 0
	F24_('S4', 'S5')_t4_min: 12344
	F20_('S5', 'S4')_gc: True
	F19_('S5', 'S4')_rr: 0
	F47_('E1', 'S1')_rr: 0
	F35_('S5', 'S4')_t3_max: 433
	F29_('S4', 'S3')_rr: 16
	F30_queue_index: 0
	('S3', 'S4')_gcl_cycle: 64000
	('S5', 'S4')_gcl_cycle: 32000
	F44_('S3', 'S2')_gc: True
	F44_('S3', 'S2')_t3_max: 13890
	F29_('E5', 'S5')_t3_min: 427
	F21_('S5', 'S4')_t4_min: 1565
	F37_('S3', 'S2')_gc: False
	F2_('E3', 'S3')_gc: False
	F17_jitter: 0
	F30_('S3', 'S2')_t4_max: 4486
	F27_('E2', 'S2')_gc: False
	F34_('S2', 'S3')_t4_min: 22453
	F48_('S5', 'S4')_t4_max: 54007
	F35_('S3', 'S2')_rr: 2
	F18_('S4', 'S3')_t4_min: 3373
	F4_('S2', 'S3')_rr: 0
	F9_queue_index: 0
	('S3', 'S4')_gcl_length: 178
	F29_('S2', 'E2')_gc: True
	F0_('S3', 'E3')_t3_max: 1706
	F17_('S2', 'S3')_t4_min: 26087
	F0_('S3', 'E3')_gc: True
	F5_('S5', 'S4')_t3_max: 6780
	F6_('S4', 'E4')_t4_min: 12983
	F20_('S4', 'S3')_t5_min: 3155
	F49_('S4', 'E4')_gc: False
	F47_('E1', 'S1')_t3_max: 7281
	F3_('S3', 'S2')_gc: True
	F1_('S1', 'S2')_rr: 16
	F45_('S3', 'S2')_rr: 32
	F28_('S5', 'S4')_t3_max: 340
	F2_('S3', 'S2')_t3_min: 28043
	F29_('S4', 'S3')_gc: True
	F2_('E3', 'S3')_rr: 0
	F0_('E1', 'S1')_rr: 0
	F46_('S5', 'E5')_gc: False
	F36_('S3', 'E3')_t5_min: 13966
	F8_('S4', 'S3')_t3_min: 5085
	F17_('S3', 'S4')_t3_max: 26469
	F42_('S1', 'S2')_gc: True
	F20_('S3', 'E3')_gc: False
	F39_('S1', 'E1')_tb: 30456
	('S5', 'E5')_gcl_cycle: 128000
	F22_('S2', 'E2')_rr: 0
	F32_('S3', 'S2')_gc: True
	F46_('E2', 'S2')_t3_max: 1082
	F6_('S1', 'S2')_rr: 0
	F1_queue_index: 0
	F42_('S1', 'S2')_t4_max: 62867
	F43_('E2', 'S2')_t3_max: 61848
	F28_('E5', 'S5')_t4_max: 250
	F20_('S3', 'E3')_t5_min: 3200
	F29_('S2', 'E2')_t3_min: 1131
	F21_('E5', 'S5')_rr: 0
	F5_('E5', 'S5')_rr: 0
	F2_jitter: 258
	F47_queue_index: 0
	F8_('S3', 'S2')_t4_min: 5298
	F11_('S3', 'S2')_t4_max: 15468
	F47_('S1', 'S2')_t4_min: 7454
	F32_('S4', 'S3')_t4_min: 1090
	F6_('S1', 'S2')_t4_max: 12762
	F21_('E5', 'S5')_t3_max: 1403
	F17_('S3', 'S4')_gc: False
	F0_('S3', 'E3')_t4_min: 1706
	F16_jitter: 258
	F42_('S1', 'S2')_t4_min: 62867
	F29_('S5', 'S4')_t3_max: 542
	F37_('E5', 'S5')_rr: 0
	F43_queue_index: 0
	F32_('S4', 'S3')_t4_max: 1090
	F7_('S2', 'E2')_t5_max: 934
	F11_('S2', 'E2')_rr: 0
	F11_('S4', 'S3')_gc: False
	F28_('S4', 'S3')_t4_max: 454
	F26_('E2', 'S2')_t4_min: 908
	F4_('E2', 'S2')_rr: 0
	F4_('S3', 'E3')_rr: 0
	F32_('S5', 'S4')_rr: 1
	F17_('S3', 'S4')_t4_max: 26593
	F24_('S1', 'S2')_t3_max: 11885
	F46_jitter: 129
	F31_('E3', 'S3')_t3_max: 127100
	F35_('S3', 'S2')_t5_min: 868
	F36_('S1', 'S2')_gc: True
	F20_('S3', 'E3')_rr: 0
	F46_queue_index: 0
	F0_('S2', 'S3')_gc: False
	F36_('S1', 'S2')_t4_min: 13626
	F24_queue_index: 0
	F6_('S3', 'S4')_t4_min: 12954
	F44_('S3', 'S2')_tb: 13973
	F3_('S4', 'S3')_rr: 8
	F46_('S3', 'S4')_rr: 32
	F46_('S2', 'S3')_t3_max: 1293
	F34_('S1', 'S2')_t4_max: 22505
	F31_('S5', 'E5')_rr: 0
	F17_('S4', 'S5')_t5_max: 26958
	F11_('E4', 'S4')_t4_min: 15088
	F34_('S3', 'S4')_t3_min: 22530
	F40_('S3', 'E3')_t5_max: 4495
	F45_('S2', 'E2')_t4_max: 1766
	F32_('S3', 'S2')_t5_min: 1232
	F15_('E1', 'S1')_t4_max: 125952
	F39_('S2', 'S1')_t3_min: 30128
	F11_('E4', 'S4')_t4_max: 15088
	F23_('E2', 'S2')_t4_min: 20119
	F40_('E4', 'S4')_t4_max: 4144
	F29_('S2', 'E2')_t3_max: 1136
	F46_('S3', 'S4')_tb: 1504
	F13_('S3', 'S4')_tb: 2169
	F45_('S3', 'S2')_tb: 1731
	F40_('S4', 'S3')_t5_min: 4326
	F9_('S3', 'E3')_t4_max: 1091
	F31_('S5', 'E5')_tb: 127251
	F31_('E3', 'S3')_t4_max: 127224
	F3_('S5', 'S4')_tb: 264
	F26_('S4', 'S5')_t3_max: 1043
	F35_('S5', 'S4')_t3_min: 428
	F28_('S4', 'S3')_t5_min: 537
	F43_('E2', 'S2')_t5_min: 61984
	F23_('S1', 'E1')_t3_min: 20268
	F8_('S1', 'E1')_tb: 5461
	F48_('S4', 'E4')_t4_max: 54172
	F48_('S4', 'E4')_t3_min: 53914
	F0_('S3', 'E3')_t3_min: 1572
	F32_('S2', 'S1')_tb: 1234
	F49_('S3', 'S4')_tb: 1846
	F44_('E3', 'S3')_t5_max: 13883
	F14_('S4', 'E4')_t4_max: 15893
	F34_('S2', 'S3')_t3_min: 22453
	F6_('S3', 'S4')_t3_max: 12954
	F17_('E1', 'S1')_t3_min: 25849
	F37_('S3', 'S2')_t3_max: 1533
	F47_('S3', 'E3')_t5_min: 7584
	F41_('S2', 'E2')_t3_max: 14412
	F30_('S1', 'E1')_t3_max: 4572
	F28_('S2', 'S1')_t5_min: 732
	F8_('E4', 'S4')_t3_min: 5006
	F24_('E1', 'S1')_tb: 11768
	F5_('E5', 'S5')_t4_max: 6658
	F39_('E4', 'S4')_tb: 29933
	F44_('S2', 'E2')_t3_min: 14064
	('S5', 'E5')_gcl_length: 2
	F37_('S4', 'S3')_t3_min: 1453
	F18_('S3', 'S2')_tb: 3515
	F34_('S4', 'E4')_tb: 22607
	F8_('S2', 'S1')_t5_min: 5459
	F41_('E3', 'S3')_t3_min: 14368
	F1_('S2', 'E2')_tb: 3795
	F36_('S3', 'E3')_t5_max: 14224
	F32_('S3', 'S2')_t3_max: 1159
	F35_('S1', 'E1')_t3_min: 1076
	F12_('E3', 'S3')_t4_min: 29884
	F18_('S3', 'S2')_t3_max: 3392
	F3_('S3', 'S2')_t5_min: 461
	F10_('E3', 'S3')_t5_min: 85695
	F14_('E3', 'S3')_t4_min: 15477
	F46_('E2', 'S2')_t5_min: 1286
	F11_('E4', 'S4')_t5_min: 15147
	F47_('S2', 'S3')_tb: 7498
	F37_('S4', 'S3')_t5_max: 1526
	('S1', 'S2')_gcl_length: 98
	F19_('S5', 'S4')_t5_min: 15720
	('S1', 'E1')_gcl_length: 98
	F10_('E3', 'S3')_t3_min: 85649
	F19_('S3', 'E3')_tb: 15843
	F42_('E1', 'S1')_t3_min: 62794
	F46_('S4', 'S5')_t3_min: 1586
	F28_('S5', 'S4')_t5_max: 427
	F30_('E3', 'S3')_t4_max: 4443
	F3_('E5', 'S5')_t3_min: 73
	F15_('S3', 'E3')_t4_max: 126943
	F28_('S4', 'S3')_t3_max: 434
	F41_('E3', 'S3')_t5_max: 14383
	F40_('S4', 'S3')_tb: 4287
	F8_('E4', 'S4')_t5_max: 5083
	F3_('E5', 'S5')_t5_min: 134
	F0_('S3', 'E3')_t5_min: 1778
	F47_('E1', 'S1')_tb: 7405
	F28_('E5', 'S5')_t3_min: 250
	F6_('S1', 'S2')_tb: 12633
	F35_('S5', 'S4')_t5_max: 536
	F23_('S2', 'S1')_t3_min: 20191
	F35_('S4', 'S3')_t5_max: 646
	F24_('S1', 'S2')_t5_min: 12118
	F41_('S2', 'E2')_t4_max: 14412
	F11_('E4', 'S4')_t3_min: 15088
	F18_('S4', 'S3')_t5_max: 3385
	F24_('E1', 'S1')_t3_min: 11768
	F16_('S4', 'E4')_t3_min: 2409
	F0_('S2', 'S3')_t3_max: 1503
	F8_('S1', 'E1')_t3_min: 5461
	F29_('S5', 'S4')_tb: 537
	F36_('E1', 'S1')_t4_min: 13383
	F36_('S2', 'S3')_t3_max: 13745
	F1_('S2', 'E2')_t3_max: 3800
	('S2', 'S3')_gcl_length: 130
	F5_('S5', 'S4')_t5_max: 7019
	F1_('S1', 'S2')_t5_max: 3793
	F14_('S4', 'E4')_tb: 15764
	F8_('S4', 'S3')_tb: 5085
	F25_('E4', 'S4')_t4_min: 19
	F28_('S5', 'S4')_t3_min: 335
	F20_('S3', 'E3')_t3_min: 3157
	F39_('S2', 'S1')_t5_max: 30454
	F48_('E5', 'S5')_t5_min: 53876
	F9_('E4', 'S4')_t4_min: 823
	F15_('S3', 'E3')_t5_min: 126956
	F36_('S1', 'S2')_t3_min: 13497
	F33_('S3', 'S4')_t5_max: 25132
	F26_('S5', 'E5')_t3_min: 1083
	F6_('S4', 'E4')_t4_max: 13112
	F35_('S1', 'E1')_t4_max: 1205
	F6_('S2', 'S3')_t3_max: 12796
	F47_('S3', 'E3')_t5_max: 7842
	F39_('E4', 'S4')_t3_min: 29933
	F46_('S2', 'S3')_t5_max: 1497
	F48_('S4', 'E4')_tb: 53914
	F4_('S3', 'E3')_tb: 7160
	F45_('E3', 'S3')_tb: 1696
	F3_('S3', 'S2')_t5_max: 461
	F49_('E3', 'S3')_t5_min: 1844
	F31_('E3', 'S3')_t4_min: 127224
	F3_('S2', 'E2')_tb: 592
	F3_('E5', 'S5')_t4_max: 73
	F8_('E4', 'S4')_t5_min: 5083
	F24_('S1', 'S2')_t5_max: 12118
	F8_('S1', 'E1')_t4_max: 5590
	F39_('S4', 'S3')_tb: 29998
	F6_('S4', 'E4')_t5_min: 13010
	F23_('S1', 'E1')_t5_min: 20338
	F10_('S3', 'S4')_t5_min: 85743
	F35_('S3', 'S2')_t3_min: 648
	F4_('E2', 'S2')_tb: 6950
	F30_('S1', 'E1')_t5_min: 4733
	F25_('E4', 'S4')_t5_max: 98
	F14_('E3', 'S3')_t5_min: 15583
	F3_('E5', 'S5')_tb: 73
	F49_('S4', 'E4')_t5_max: 2206
	F18_('S4', 'S3')_tb: 3373
	('S3', 'E3')_gcl_length: 230
	F45_('S2', 'E2')_t5_min: 1794
	F28_('S1', 'E1')_t3_max: 868
	F49_('E3', 'S3')_tb: 1794
	F17_('S4', 'S5')_t5_min: 26442
	F1_('S2', 'E2')_t3_min: 3795
	F42_('S2', 'E2')_t3_max: 62940
	F7_('S2', 'E2')_t3_max: 788
	F4_('S3', 'E3')_t5_min: 7263
	('E2', 'S2')_gcl_length: 0
	F30_('S3', 'S2')_tb: 4486
	F0_('E1', 'S1')_t5_min: 1382
	F18_('S4', 'S3')_t3_min: 3285
	F32_('S1', 'E1')_t3_min: 1298
	F28_('S3', 'S2')_t3_max: 544
	F0_('S2', 'S3')_t3_min: 1498
	F22_('E1', 'S1')_t4_min: 37161
	F38_('S1', 'S2')_t5_max: 1922
	F43_('E2', 'S2')_t4_max: 61972
	F40_('S3', 'E3')_t5_min: 4495
	F28_('S1', 'E1')_tb: 734
	F26_('E2', 'S2')_t4_max: 908
	F36_('E1', 'S1')_t3_min: 13383
	F35_('S3', 'S2')_t5_max: 868
	('S4', 'S5')_gcl_length: 4
	F28_('S1', 'E1')_t5_min: 817
	F26_('S2', 'S3')_t3_min: 948
	F5_('E5', 'S5')_t5_max: 6773
	F26_('S2', 'S3')_t5_max: 991
	F5_('S4', 'E4')_t4_max: 7150
	F3_('S3', 'S2')_tb: 400
	F9_('E4', 'S4')_t5_min: 888
	F6_('E1', 'S1')_tb: 12604
	F31_('E3', 'S3')_tb: 127224
	F34_('S1', 'S2')_t5_min: 22451
	F39_('S1', 'E1')_t5_max: 30648
	F13_('E3', 'S3')_t4_min: 2126
	F36_('S3', 'E3')_t3_max: 13988
	F2_('S2', 'E2')_tb: 28058
	F32_('E5', 'S5')_t3_min: 829
	F9_('S4', 'S3')_t5_max: 1084
	F9_('S4', 'S3')_t3_min: 890
	F39_('S3', 'S2')_t3_max: 30197
	F0_('E1', 'S1')_tb: 1310
	F43_('S1', 'E1')_t5_min: 62012
	F46_('S4', 'S5')_t3_max: 1591
	F44_('E3', 'S3')_t3_min: 13794
	F37_('E5', 'S5')_t3_min: 1308
	F17_('S2', 'S3')_t3_min: 26087
	F20_('E5', 'S5')_t5_min: 3060
	('E4', 'S4')_gcl_length: 0
	F44_('S3', 'S2')_t5_min: 14062
	F24_('S1', 'S2')_tb: 12008
	F10_('E3', 'S3')_t4_min: 85649
	F17_('S5', 'E5')_t5_min: 27082
	F12_('S4', 'S5')_t3_max: 30170
	F33_('E3', 'S3')_t5_max: 25035
	F29_('S2', 'E2')_t4_max: 1136
	F47_('S3', 'E3')_t3_min: 7542
	F47_('S1', 'S2')_t5_min: 7496
	F13_('S4', 'E4')_t4_max: 2336
	F6_('S4', 'E4')_t5_max: 13139
	F12_('S3', 'S4')_t5_max: 30163
	F15_('E1', 'S1')_t3_min: 125952
	F32_('S2', 'S1')_t5_max: 1425
	F20_('S3', 'E3')_t5_max: 3458
	F47_('S1', 'S2')_t3_min: 7449
	F5_('S4', 'E4')_tb: 6892
	F47_('S2', 'S3')_t5_max: 7669
	F37_('E5', 'S5')_tb: 1308
	F49_('S3', 'S4')_t5_min: 1896
	F20_('E5', 'S5')_t5_max: 3060
	F17_('S2', 'S3')_t5_max: 26462
	F44_('E3', 'S3')_t4_min: 13794
	F35_('S2', 'S1')_tb: 982
	F10_('E3', 'S3')_tb: 85649
	F27_('E2', 'S2')_t4_min: 24701
	F24_('S2', 'S3')_t3_max: 12125
	F37_('S4', 'S3')_t5_min: 1526
	F46_('E2', 'S2')_t3_min: 1206
	F43_('S2', 'S1')_t5_min: 61998
	F17_('S5', 'E5')_t3_min: 26444
	F21_('E5', 'S5')_t5_max: 1563
	F20_('S3', 'E3')_t3_max: 3291
	F16_('E5', 'S5')_t4_min: 2381
	('E1', 'S1')_gcl_length: 0
	F39_('S2', 'S1')_tb: 30391
	F35_('S3', 'S2')_tb: 776
	F33_('E3', 'S3')_tb: 24945
	F30_('S2', 'S1')_tb: 4529
	F6_('S3', 'S4')_tb: 12954
	F2_('E3', 'S3')_t4_max: 28028
	F40_('S3', 'E3')_t3_max: 4333
	F43_('S1', 'E1')_t3_max: 62134
	F22_('S2', 'E2')_t4_max: 37503
	F32_('S4', 'S3')_t5_min: 1152
	F8_('S1', 'E1')_t5_min: 5538
	F17_('E1', 'S1')_t5_max: 25966
	F21_('E5', 'S5')_tb: 1527
	F29_('S4', 'S3')_t5_min: 889
	F2_('E3', 'S3')_t3_min: 28028
	F17_('S5', 'E5')_t5_max: 27082
	F17_('E1', 'S1')_tb: 25849
	F41_('S2', 'E2')_t5_max: 14427
	F28_('S2', 'S1')_t5_max: 861
	F27_('S3', 'E3')_t4_max: 24917
	F37_('S1', 'E1')_t3_min: 1668
	F34_('S4', 'E4')_t3_min: 22607
	F28_('S4', 'S3')_t3_min: 429
	F1_('S1', 'S2')_t3_min: 3716
	F30_('S3', 'S2')_t5_max: 4522
	F42_('S1', 'S2')_t3_min: 62862
	F18_('E4', 'S4')_t4_max: 3271
	F7_('S1', 'S2')_t3_min: 630
	F46_('S5', 'E5')_t3_max: 1795
	F29_('S3', 'S2')_t5_min: 1129
	F16_('S5', 'S4')_t5_max: 2536
	F37_('S2', 'S1')_t5_min: 1666
	F3_('S2', 'E2')_t3_min: 463
	F31_('S5', 'E5')_t5_max: 127645
	F34_('S2', 'S3')_tb: 22453
	F27_('E2', 'S2')_t3_min: 24701
	F39_('S3', 'S2')_t5_min: 30126
	F43_('S1', 'E1')_t5_max: 62270
	F1_('E1', 'S1')_tb: 3642
	F41_('S3', 'S2')_t5_min: 14405
	F11_('S4', 'S3')_tb: 15149
	F43_('S1', 'E1')_t3_min: 62000
	F45_('E3', 'S3')_t3_min: 1696
	F34_('E1', 'S1')_t4_max: 22299
	F15_('S2', 'S3')_t5_min: 126811
	F38_('E1', 'S1')_t5_max: 1781
	F29_('E5', 'S5')_t5_min: 535
	F11_('S4', 'S3')_t5_max: 15337
	F33_('S4', 'E4')_tb: 25134
	F33_('E3', 'S3')_t4_min: 24945
	F17_('S5', 'E5')_t4_max: 26965
	F30_('E3', 'S3')_t5_min: 4479
	F44_('E3', 'S3')_tb: 13794
	F7_('S2', 'E2')_t5_min: 676
	F28_('S2', 'S1')_t3_max: 654
	F46_('E2', 'S2')_t4_max: 1206
	F17_('S1', 'S2')_t5_min: 26085
	F25_('E4', 'S4')_t3_min: 19
	F18_('E4', 'S4')_t3_min: 3271
	F30_('S3', 'S2')_t5_min: 4522
	F47_('E1', 'S1')_t4_min: 7405
	F5_('E5', 'S5')_t3_min: 6658
	F6_('S4', 'E4')_tb: 12983
	F14_('E3', 'S3')_t4_max: 15477
	F27_('S2', 'S3')_t3_min: 24742
	F47_('S3', 'E3')_t3_max: 7676
	F34_('S2', 'S3')_t5_max: 22786
	F1_('E1', 'S1')_t4_max: 3642
	F1_('E1', 'S1')_t4_min: 3642
	F12_('S5', 'E5')_t4_max: 30499
	F10_('S3', 'S4')_t3_min: 85697
	F39_('S2', 'S1')_t5_min: 30454
	F35_('S1', 'E1')_t5_max: 1297
	F40_('S3', 'E3')_tb: 4456
	F30_('S2', 'S1')_t3_max: 4529
	F38_('S2', 'E2')_t3_min: 1795
	F49_('S3', 'S4')_t3_min: 1846
	F32_('S2', 'S1')_t5_min: 1296
	F42_('S2', 'E2')_tb: 62935
	F4_('E2', 'S2')_t3_min: 6950
	F21_('S5', 'S4')_t3_min: 1565
	F14_('S4', 'E4')_t3_max: 15769
	F24_('S3', 'S4')_tb: 12232
	F5_('S4', 'E4')_t3_max: 7026
	F35_('E5', 'S5')_t5_min: 426
	F43_('S2', 'S1')_t3_min: 61986
	F6_('S3', 'S4')_t5_max: 12981
	F36_('E1', 'S1')_t5_max: 13495
	F28_('S3', 'S2')_t5_max: 647
	F6_('E1', 'S1')_t5_max: 12631
	F46_('E2', 'S2')_t5_max: 1286
	F17_('S2', 'S3')_t5_min: 26204
	F9_('S3', 'E3')_t5_max: 1156
	F42_('S2', 'E2')_t5_min: 63001
	F22_('S2', 'E2')_t3_min: 37245
	F45_('S2', 'E2')_tb: 1766
	F42_('S1', 'S2')_t5_min: 62933
	F17_('S4', 'S5')_t3_max: 26717
	F22_('S1', 'S2')_t3_min: 37203
	F34_('S1', 'S2')_t3_min: 22376
	F31_('S5', 'E5')_t5_min: 127258
	F17_('E1', 'S1')_t5_min: 25966
	F21_('S5', 'S4')_t5_min: 1601
	F23_('S1', 'E1')_t5_max: 20467
	F39_('S3', 'S2')_tb: 30063
	F39_('S1', 'E1')_t3_max: 30461
	F26_('S4', 'S5')_t5_max: 1081
	F33_('S3', 'S4')_tb: 25042
	F5_('S4', 'E4')_t3_min: 6892
	F42_('E1', 'S1')_t4_min: 62794
	F31_('S4', 'S5')_t5_min: 127249
	F25_('S3', 'S2')_t5_min: 265
	F39_('E4', 'S4')_t5_max: 29996
	F12_('E3', 'S3')_tb: 29884
	F7_('E1', 'S1')_tb: 606
	F44_('S2', 'E2')_t4_max: 14193
	F39_('S3', 'S2')_t3_min: 30063
	F22_('S1', 'S2')_t5_min: 37243
	F16_('S4', 'E4')_tb: 2409
	F20_('S4', 'S3')_t3_max: 3117
	F49_('S4', 'E4')_t3_min: 1898
	F46_('S2', 'S3')_t5_min: 1368
	F29_('E5', 'S5')_t4_max: 427
	F1_('E1', 'S1')_t5_max: 3714
	F41_('E3', 'S3')_t5_min: 14383
	F14_('S4', 'E4')_t3_min: 15764
	F6_('S3', 'S4')_t3_min: 12691
	F25_('E4', 'S4')_t5_min: 98
	F35_('S2', 'S1')_t3_max: 875
	F8_('E4', 'S4')_tb: 5006
	F42_('S1', 'S2')_t5_max: 62933
	F24_('S2', 'S3')_t5_max: 12359
	('E5', 'S5')_gcl_length: 0
	F21_('S5', 'S4')_t5_max: 1730
	F13_('E3', 'S3')_t4_max: 2126
	F22_('E1', 'S1')_t3_min: 37161
	F24_('E1', 'S1')_t4_min: 11768
	F13_('S3', 'S4')_t3_min: 2164
	F32_('S5', 'S4')_tb: 1021
	F6_('S1', 'S2')_t5_min: 12660
	F7_('E1', 'S1')_t3_min: 606
	F13_('E3', 'S3')_t5_min: 2162
	('E3', 'S3')_gcl_length: 0
	F16_('S5', 'S4')_t5_min: 2407
	F12_('E3', 'S3')_t5_max: 29958
	F31_('S4', 'S5')_tb: 127242
	F46_('S5', 'E5')_t5_max: 1999
	F25_('S1', 'E1')_t5_min: 566
	F46_('S5', 'E5')_tb: 1790
	F47_('S2', 'S3')_t3_max: 7503
	F22_('S1', 'S2')_t5_max: 37372
	F24_('S4', 'S5')_t5_max: 12841
	F44_('E3', 'S3')_t5_min: 13883
	F42_('E1', 'S1')_t5_max: 62860
	F19_('E5', 'S5')_t4_min: 15480
	F48_('S5', 'S4')_tb: 53878
	F20_('S5', 'S4')_t5_min: 3110
	F2_('S3', 'S2')_t5_max: 28185
	F34_('S4', 'E4')_t5_max: 23198
	F11_('E4', 'S4')_t5_max: 15147
	F19_('S5', 'S4')_t3_min: 15601
	F0_('S3', 'E3')_t5_max: 1778
	F49_('S3', 'S4')_t5_max: 2025
	F27_('S3', 'E3')_t5_min: 24956
	F37_('E5', 'S5')_t4_min: 1308
	F46_('S4', 'S5')_t5_max: 1788
	F8_('S3', 'S2')_t5_max: 5375
	F48_('E5', 'S5')_t4_max: 53842
	F14_('S4', 'E4')_t5_min: 15870
	F38_('S2', 'E2')_tb: 1795
	F43_('S1', 'E1')_t4_max: 62258
	F34_('E1', 'S1')_t5_min: 22374
	F0_('S3', 'E3')_t4_max: 1706
	F2_('E3', 'S3')_t5_max: 28041
	F36_('S1', 'S2')_t5_max: 13738
	F0_('S1', 'S2')_t3_min: 1384
	F45_('S2', 'E2')_t3_max: 1766
	F6_('E1', 'S1')_t4_min: 12604
	F10_('S4', 'E4')_t5_min: 85791
	F27_('E2', 'S2')_t4_max: 24701
	F29_('S3', 'S2')_t3_min: 891
	F15_('S3', 'E3')_t5_max: 126956
	F39_('S1', 'E1')_t5_min: 30519
	F15_('S3', 'E3')_tb: 126943
	F12_('S5', 'E5')_t5_min: 30186
	F15_('S1', 'S2')_t3_min: 125967
	F40_('S4', 'S3')_t5_max: 4326
	F24_('S4', 'S5')_t3_min: 12344
	F14_('S4', 'E4')_t5_max: 15999
	F17_('S3', 'S4')_t3_min: 26206
	F7_('S2', 'E2')_tb: 654
	F37_('S3', 'S2')_t3_min: 1528
	F34_('S1', 'S2')_t5_max: 22580
	F42_('E1', 'S1')_tb: 62794
	F11_('E4', 'S4')_tb: 15088
	F26_('S2', 'S3')_tb: 953
	F25_('S3', 'S2')_t5_max: 394
	F28_('S3', 'S2')_t3_min: 539
	F26_('S4', 'S5')_tb: 1043
	F14_('S3', 'S4')_tb: 15656
	F6_('S4', 'E4')_t3_min: 12983
	F3_('S5', 'S4')_t3_min: 136
	F15_('E1', 'S1')_t5_max: 125965
	F20_('E5', 'S5')_tb: 3017
	F30_('E3', 'S3')_t3_min: 4443
	F47_('S3', 'E3')_t4_max: 7800
	('S4', 'S3')_gcl_length: 126
	F11_('S2', 'E2')_tb: 15271
	F44_('S3', 'S2')_t5_max: 14062
	F19_('S4', 'S3')_t5_max: 16099
	F5_('S4', 'E4')_t5_max: 7265
	F39_('S4', 'S3')_t5_max: 30190
	F10_('S3', 'S4')_tb: 85697
	F44_('S2', 'E2')_t5_min: 14153
	F15_('E1', 'S1')_tb: 125952
	F3_('S5', 'S4')_t5_max: 325
	F46_('S3', 'S4')_t3_min: 1370
	F29_('S2', 'E2')_tb: 1136
	F27_('S2', 'S3')_t5_max: 24910
	F12_('S4', 'S5')_t5_max: 30368
	F26_('S5', 'E5')_tb: 1083
	F2_('E3', 'S3')_t5_min: 28041
	F23_('S1', 'E1')_tb: 20268
	F19_('S5', 'S4')_tb: 15601
	F41_('S3', 'S2')_t5_max: 14405
	F36_('E1', 'S1')_t5_min: 13495
	F25_('S2', 'S1')_t3_max: 401
	F0_('S1', 'S2')_t5_min: 1496
	F40_('S4', 'S3')_t3_min: 4185
	F18_('S3', 'S2')_t5_max: 3527
	F11_('S2', 'E2')_t5_min: 15330
	F28_('S2', 'S1')_t3_min: 649
	F22_('S2', 'E2')_t5_max: 37543
	F13_('E3', 'S3')_tb: 2126
	F6_('S2', 'S3')_t5_min: 12689
	F12_('S5', 'E5')_t5_max: 30573
	F13_('S4', 'E4')_t3_max: 2212
	F37_('E5', 'S5')_t5_max: 1376
	F24_('S4', 'S5')_t3_max: 12607
	F38_('S1', 'S2')_tb: 1783
	F28_('S5', 'S4')_tb: 344
	F37_('S3', 'S2')_t5_min: 1596
	F8_('S2', 'S1')_t5_max: 5459
	F2_('S3', 'S2')_t5_min: 28056
	F31_('E3', 'S3')_t5_max: 127231
	F21_('S4', 'E4')_t5_max: 1897
	F28_('S4', 'S3')_t5_max: 537
	F4_('E2', 'S2')_t4_min: 6950
	F0_('S2', 'S3')_t5_min: 1570
	F26_('E2', 'S2')_t5_min: 946
	F40_('E4', 'S4')_tb: 4144
	F1_('S2', 'E2')_t5_max: 3996
	F11_('S2', 'E2')_t3_min: 15271
	F18_('E4', 'S4')_tb: 3271
	F27_('E2', 'S2')_t5_min: 24740
	F3_('S2', 'E2')_t3_max: 468
	F32_('E5', 'S5')_t5_max: 891
	F34_('E1', 'S1')_t5_max: 22374
	F38_('S2', 'E2')_t5_min: 1805
	F19_('S5', 'S4')_t5_max: 15849
	F30_('S1', 'E1')_t4_max: 4697
	F29_('S5', 'S4')_t5_min: 645
	F36_('S2', 'S3')_t3_min: 13740
	F9_('E4', 'S4')_t4_max: 823
	F30_('S3', 'S2')_t3_min: 4481
	F47_('E1', 'S1')_t4_max: 7405
	F46_('E2', 'S2')_t4_min: 1206
	F32_('S5', 'S4')_t5_min: 1083
	F6_('S4', 'E4')_t3_max: 12988
	F28_('E5', 'S5')_t4_min: 250
	F33_('S4', 'E4')_t5_min: 25224
	F32_('E5', 'S5')_tb: 829
	F34_('S2', 'S3')_t3_max: 22587
	F32_('S5', 'S4')_t5_max: 1083
	F16_('E5', 'S5')_t5_max: 2393
	F10_('S4', 'E4')_t5_max: 86049
	F34_('S3', 'S4')_t3_max: 22793
	F8_('S4', 'S3')_t5_max: 5291
	F11_('S2', 'E2')_t5_max: 15717
	F25_('S1', 'E1')_tb: 487
	F3_('S2', 'E2')_t4_max: 592
	F28_('E5', 'S5')_t5_min: 333
	F47_('S1', 'S2')_t5_max: 7496
	F8_('E4', 'S4')_t4_max: 5006
	F35_('E5', 'S5')_tb: 334
	F46_('E2', 'S2')_tb: 1206
	F35_('S1', 'E1')_t3_max: 1081
	F43_('E2', 'S2')_tb: 61972
	F17_('S5', 'E5')_tb: 26965
	F0_('E1', 'S1')_t5_max: 1382
	F25_('S1', 'E1')_t5_max: 566
	F29_('E5', 'S5')_t5_max: 535
	F27_('S2', 'S3')_t5_min: 24781
	F45_('S3', 'S2')_t3_min: 1726
	F28_('S3', 'S2')_t5_min: 647
	F16_('S4', 'E4')_t4_max: 2667
	F6_('E1', 'S1')_t5_min: 12631
	F41_('S3', 'S2')_t3_min: 14385
	F29_('S4', 'S3')_t5_max: 889
	F37_('S2', 'S1')_t5_max: 1924
	F32_('S1', 'E1')_t3_max: 1432
	F0_('S2', 'S3')_tb: 1498
	F9_('S3', 'E3')_t3_max: 1091
	F24_('S5', 'E5')_t3_max: 12848
	F25_('S4', 'S3')_tb: 105
	F39_('S4', 'S3')_t3_min: 29998
	F20_('E5', 'S5')_t4_min: 3017
	F37_('E5', 'S5')_t5_min: 1376
	F13_('S3', 'S4')_t5_min: 2205
	F47_('E1', 'S1')_t5_min: 7447
	F3_('E5', 'S5')_t4_min: 73
	F10_('S4', 'E4')_t3_min: 85745
	F45_('E3', 'S3')_t5_max: 1724
	F29_('S3', 'S2')_t3_max: 896
	F19_('E5', 'S5')_t3_min: 15480
	F35_('S2', 'S1')_t5_max: 1074
	F23_('E2', 'S2')_t3_min: 20119
	F38_('E1', 'S1')_t4_min: 1771
	F3_('S5', 'S4')_t5_min: 325
	F24_('S3', 'S4')_t3_min: 12232
	F3_('S4', 'S3')_tb: 332
	F31_('S3', 'S4')_t5_max: 127369
	F24_('S5', 'E5')_tb: 12456
	F0_('S1', 'S2')_tb: 1424
	F17_('S4', 'S5')_t3_min: 26325
	F19_('E5', 'S5')_t5_max: 15599
	F28_('S1', 'E1')_t4_max: 992
	F37_('S1', 'E1')_t5_max: 1999
	F29_('E5', 'S5')_t4_min: 427
	F13_('S4', 'E4')_t5_max: 2372
	F8_('S4', 'S3')_t5_min: 5162
	F35_('S3', 'S2')_t3_max: 653
	F9_('S3', 'E3')_t3_min: 957
	F24_('S3', 'S4')_t5_min: 12342
	F1_('S1', 'S2')_tb: 3721
	F38_('S2', 'E2')_t4_max: 2053
	F45_('E3', 'S3')_t4_max: 1696
	F40_('E4', 'S4')_t5_max: 4183
	F24_('S3', 'S4')_t5_max: 12600
	F30_('S1', 'E1')_t3_min: 4567
	F25_('E4', 'S4')_tb: 19
	F12_('S5', 'E5')_t3_max: 30375
	F14_('E3', 'S3')_t3_min: 15477
	F17_('E1', 'S1')_t4_max: 25849
	F9_('E4', 'S4')_t3_min: 823
	F13_('S4', 'E4')_tb: 2207
	F36_('S1', 'S2')_t5_min: 13738
	F37_('S1', 'E1')_tb: 1931
	F41_('E3', 'S3')_tb: 14368
	F21_('S4', 'E4')_t3_max: 1737
	F23_('S2', 'S1')_t5_min: 20266
	F16_('E5', 'S5')_tb: 2381
	F39_('E4', 'S4')_t5_min: 29996
	F33_('E3', 'S3')_t4_max: 24945
	F15_('S2', 'S3')_tb: 126798
	F25_('S4', 'S3')_t5_min: 184
	F41_('S2', 'E2')_tb: 14412
	F25_('S3', 'S2')_tb: 186
	F19_('S3', 'E3')_t5_min: 15962
	F5_('E5', 'S5')_t4_min: 6658
	F22_('S1', 'S2')_tb: 37203
	F25_('S4', 'S3')_t5_max: 184
	F20_('S5', 'S4')_tb: 3067
	F13_('E3', 'S3')_t3_min: 2126
	F31_('S3', 'S4')_t5_min: 127240
	F39_('E4', 'S4')_t4_max: 29933
	F13_('E3', 'S3')_t5_max: 2162
	F32_('S4', 'S3')_t3_max: 1090
	F34_('S4', 'E4')_t4_max: 23123
	F42_('S1', 'S2')_tb: 62867
	F18_('S2', 'E2')_tb: 3529
	F9_('S3', 'E3')_t5_min: 1156
	F33_('S4', 'E4')_t4_max: 25263
	F35_('S4', 'S3')_t5_min: 646
	F15_('S2', 'S3')_t3_max: 126116
	F47_('E1', 'S1')_t5_max: 7447
	F35_('E5', 'S5')_t4_max: 334
	F37_('S1', 'E1')_t5_min: 1999
	F32_('S5', 'S4')_t3_min: 893
	F39_('E4', 'S4')_t4_min: 29933
	F17_('S1', 'S2')_tb: 25968
	F7_('E1', 'S1')_t5_max: 628
	F6_('S2', 'S3')_tb: 12662
	F31_('S3', 'S4')_t3_min: 127233
	F40_('E4', 'S4')_t3_min: 4144
	F25_('S1', 'E1')_t3_min: 482
	F9_('E4', 'S4')_tb: 823
	F3_('S4', 'S3')_t3_min: 327
	F44_('S2', 'E2')_t5_max: 14282
	F17_('E1', 'S1')_t4_min: 25849
	F7_('S2', 'E2')_t4_max: 912
	F19_('S3', 'E3')_t3_max: 16106
	F16_('S4', 'E4')_t5_min: 2421
	F15_('S3', 'E3')_t3_min: 126813
	F12_('S5', 'E5')_tb: 30112
	F36_('E1', 'S1')_t4_max: 13383
	F27_('S3', 'E3')_t3_min: 24783
	F24_('S4', 'S5')_t5_min: 12454
	F15_('S2', 'S3')_t5_max: 126811
	F22_('S2', 'E2')_tb: 37245
	F31_('S5', 'E5')_t3_min: 127251
	F31_('S4', 'S5')_t3_max: 127376
	F23_('E2', 'S2')_tb: 20119
	F43_('S1', 'E1')_tb: 62000
	F25_('S2', 'S1')_tb: 401
	F21_('S4', 'E4')_t5_min: 1639
	F14_('S3', 'S4')_t5_min: 15762
	F37_('S3', 'S2')_tb: 1528
	F42_('S2', 'E2')_t4_max: 63064
	F26_('S3', 'S4')_t3_min: 993
	F37_('S4', 'S3')_t3_max: 1458
	F14_('E3', 'S3')_tb: 15477
	F36_('S2', 'S3')_tb: 13740
	F28_('S5', 'S4')_t5_min: 427
	F38_('E1', 'S1')_t5_min: 1781
	F31_('S3', 'S4')_tb: 127233
	F23_('E2', 'S2')_t5_max: 20189
	F27_('S2', 'S3')_tb: 24742
	F20_('S3', 'E3')_tb: 3157
	F40_('E4', 'S4')_t4_min: 4144
	F29_('S4', 'S3')_t3_max: 781
	F21_('S5', 'S4')_tb: 1565
	F12_('E3', 'S3')_t3_min: 29884
	F33_('S3', 'S4')_t3_min: 25037
	F40_('S3', 'E3')_t4_max: 4456
	F6_('S2', 'S3')_t5_max: 12947
	F32_('S4', 'S3')_t5_max: 1152
	F34_('S2', 'S3')_t5_min: 22528
	F24_('S5', 'E5')_t5_max: 13082
	F18_('S3', 'S2')_t5_min: 3527
	F10_('S4', 'E4')_tb: 85745
	F32_('S1', 'E1')_t5_max: 1618
	F47_('S2', 'S3')_t5_min: 7540
	F22_('E1', 'S1')_t5_min: 37201
	F4_('S2', 'S3')_t5_min: 7158
	F36_('E1', 'S1')_tb: 13383
	F43_('E2', 'S2')_t3_min: 61972
	F9_('S4', 'S3')_t5_min: 955
	F44_('E3', 'S3')_t4_max: 13794
	F37_('S1', 'E1')_t3_max: 1931
	F33_('E3', 'S3')_t5_min: 25035
	F23_('S2', 'S1')_t5_max: 20266
	F19_('S3', 'E3')_t4_max: 16230
	F12_('S5', 'E5')_t3_min: 30112
	F21_('E5', 'S5')_t3_min: 1527
	F1_('S2', 'E2')_t5_min: 3867
	F19_('S4', 'S3')_t5_min: 15841
	F38_('E1', 'S1')_t4_max: 1771
	F0_('S3', 'E3')_tb: 1706
	F26_('S5', 'E5')_t4_max: 1212
	F7_('S2', 'E2')_t3_min: 654
	F34_('S3', 'S4')_tb: 22530
	F17_('S2', 'S3')_t3_max: 26221
	F37_('S2', 'S1')_t3_max: 1732
	F24_('S5', 'E5')_t4_max: 12972
	('S2', 'S1')_gcl_length: 52
	F29_('E5', 'S5')_tb: 427
	F38_('S1', 'S2')_t5_min: 1793
	F36_('S2', 'S3')_t5_min: 13852
	F14_('E3', 'S3')_t5_max: 15583
	F18_('S2', 'E2')_t3_min: 3529
	F11_('S4', 'S3')_t5_min: 15208
	F32_('S3', 'S2')_t3_min: 1154
	F35_('S1', 'E1')_tb: 1076
	F19_('E5', 'S5')_t4_max: 15480
	F22_('S2', 'E2')_t3_max: 37379
	F45_('S2', 'E2')_t3_min: 1761
	F47_('E1', 'S1')_t3_min: 7405
	F13_('S3', 'S4')_t5_max: 2205
	F37_('S5', 'S4')_t5_max: 1451
	F36_('S3', 'E3')_t4_max: 14112
	F11_('S3', 'S2')_tb: 15210
	F23_('E2', 'S2')_t4_max: 20119
	F35_('S2', 'S1')_t3_min: 870
	F19_('S4', 'S3')_t3_max: 15856
	F12_('S4', 'S5')_tb: 30036
	F17_('S4', 'S5')_tb: 26325
	F24_('S3', 'S4')_t3_max: 12366
	F3_('S4', 'S3')_t5_min: 393
	F43_('E2', 'S2')_t4_min: 61972
	F17_('S3', 'S4')_tb: 26206
	F21_('E5', 'S5')_t4_max: 1527
	F32_('S1', 'E1')_t5_min: 1360
	F34_('S4', 'E4')_t3_max: 22999
	F30_('S1', 'E1')_t5_max: 4733
	F10_('S3', 'S4')_t5_max: 85872
	F19_('S4', 'S3')_tb: 15722
	F4_('S2', 'S3')_t5_max: 7287
	F26_('E2', 'S2')_t5_max: 946
	F48_('S5', 'S4')_t5_min: 53912
	F22_('E1', 'S1')_t4_max: 37161
	F12_('S3', 'S4')_t5_min: 30034
	F35_('S1', 'E1')_t5_min: 1168
	F18_('S4', 'S3')_t5_min: 3385
	F39_('S1', 'E1')_t3_min: 30456
	F35_('S4', 'S3')_tb: 554
	F41_('S2', 'E2')_t3_min: 14407
	F32_('S1', 'E1')_t4_max: 1556
	F3_('S3', 'S2')_t3_max: 400
	F7_('E1', 'S1')_t4_min: 606
	F20_('S4', 'S3')_tb: 3112
	F43_('S2', 'S1')_tb: 61986
	F2_('S2', 'E2')_t5_min: 28071
	F26_('S4', 'S5')_t5_min: 1081
	F19_('E5', 'S5')_tb: 15480
	F13_('S4', 'E4')_t5_min: 2243
	F26_('S5', 'E5')_t5_max: 1250
	F25_('S2', 'S1')_t5_max: 480
	F3_('S3', 'S2')_t3_min: 395
	F22_('E1', 'S1')_t5_max: 37201
	F8_('S2', 'S1')_tb: 5382
	F28_('S4', 'S3')_tb: 454
	F26_('S3', 'S4')_t5_max: 1036
	F20_('E5', 'S5')_t3_min: 3017
	F9_('S4', 'S3')_tb: 890
	F0_('E1', 'S1')_t4_max: 1310
	F28_('S3', 'S2')_tb: 564
	F44_('S2', 'E2')_tb: 14064
	F47_('S2', 'S3')_t3_min: 7498
	F31_('S4', 'S5')_t5_max: 127507
	F25_('S2', 'S1')_t5_min: 480
	F49_('S4', 'E4')_t4_max: 2156
	F10_('E3', 'S3')_t4_max: 85649
	F31_('S5', 'E5')_t3_max: 127514
	F44_('S3', 'S2')_t3_min: 13885
	F1_('E1', 'S1')_t3_min: 3642
	F8_('S1', 'E1')_t5_max: 5667
	F15_('E1', 'S1')_t5_min: 125965
	('S2', 'E2')_gcl_length: 42
	F18_('S2', 'E2')_t3_max: 3534
	F42_('E1', 'S1')_t5_min: 62860
	F26_('S3', 'S4')_t5_min: 1036
	F24_('S2', 'S3')_t5_min: 12230
	F19_('S3', 'E3')_t3_min: 15843
	F46_('S4', 'S5')_tb: 1708
	F23_('E2', 'S2')_t5_min: 20189
	F3_('S2', 'E2')_t5_max: 653
	F21_('S4', 'E4')_t3_min: 1603
	F20_('S5', 'S4')_t3_min: 3062
	F29_('S3', 'S2')_t5_max: 1129
	F35_('E5', 'S5')_t3_min: 334
	F17_('S1', 'S2')_t5_max: 26214
	F32_('S4', 'S3')_t3_min: 1085
	F38_('S2', 'E2')_t3_max: 1929
	F24_('E1', 'S1')_t5_max: 11878
	F16_('S4', 'E4')_t5_max: 2679
	F48_('E5', 'S5')_t5_max: 53876
	F2_('S2', 'E2')_t5_max: 28329
	F46_('S2', 'S3')_t3_min: 1288
	F48_('E5', 'S5')_t3_min: 53842
	F26_('S5', 'E5')_t5_min: 1121
	F13_('S4', 'E4')_t3_min: 2207
	F34_('E1', 'S1')_t4_min: 22299
	F8_('S3', 'S2')_t5_min: 5375
	F8_('E4', 'S4')_t4_min: 5006
	F33_('S4', 'E4')_t3_min: 25134
	F0_('E1', 'S1')_t3_min: 1310
	F29_('S2', 'E2')_t5_max: 1244
	F35_('E5', 'S5')_t5_max: 426
	F20_('S5', 'S4')_t5_max: 3110
	F17_('S3', 'S4')_t5_max: 26710
	F31_('S5', 'E5')_t4_max: 127638
	F17_('S1', 'S2')_t3_min: 25968
	F11_('S2', 'E2')_t4_max: 15658
	F22_('S2', 'E2')_t5_min: 37285
	F8_('S2', 'S1')_t3_min: 5377
	F4_('E2', 'S2')_t5_min: 7053
	F41_('S2', 'E2')_t5_min: 14427
	F32_('S2', 'S1')_t3_min: 1234
	F16_('S5', 'S4')_t3_min: 2395
	F4_('E2', 'S2')_t5_max: 7053
	F0_('S1', 'S2')_t5_max: 1496
	F0_('S2', 'S3')_t5_max: 1699
	F0_('E1', 'S1')_t4_min: 1310
	F3_('S4', 'S3')_t5_max: 393
	F32_('S3', 'S2')_tb: 1170
	F37_('S3', 'S2')_t5_max: 1725
	F10_('E3', 'S3')_t5_max: 85695
	F12_('S3', 'S4')_tb: 29960
	F42_('S2', 'E2')_t5_max: 63130
	F19_('S4', 'S3')_t3_min: 15722
	F5_('S4', 'E4')_t5_min: 7007
	F37_('S5', 'S4')_t3_min: 1378
	F37_('E5', 'S5')_t4_max: 1308
	F36_('S3', 'E3')_t3_min: 13854
	F10_('S4', 'E4')_t3_max: 85879
	F26_('S5', 'E5')_t3_max: 1088
	F3_('S2', 'E2')_t5_min: 653
	F48_('S5', 'S4')_t3_min: 53878
	F4_('S3', 'E3')_t5_max: 7521
	F6_('E1', 'S1')_t4_max: 12604
	F11_('S3', 'S2')_t3_min: 15210
	F26_('S2', 'S3')_t5_min: 991
	F28_('E5', 'S5')_tb: 250
	F40_('E4', 'S4')_t5_min: 4183
	F24_('S5', 'E5')_t3_min: 12456
	F12_('S4', 'S5')_t5_min: 30110
	F7_('E1', 'S1')_t4_max: 606
	F3_('S4', 'S3')_t3_max: 332
	F6_('E1', 'S1')_t3_min: 12604
	F37_('S2', 'S1')_tb: 1598
	F11_('S4', 'S3')_t3_min: 15149
	F5_('S5', 'S4')_tb: 6775
	F24_('S1', 'S2')_t3_min: 11880
	F43_('E2', 'S2')_t5_max: 61984
	F34_('E1', 'S1')_tb: 22299
	F20_('S3', 'E3')_t4_max: 3415
	F46_('S3', 'S4')_t5_min: 1584
	F41_('E3', 'S3')_t4_max: 14368
	F23_('S1', 'E1')_t4_max: 20397
	F18_('S2', 'E2')_t5_min: 3541
	F38_('E1', 'S1')_t3_min: 1771
	F15_('S1', 'S2')_tb: 125967
	F39_('S4', 'S3')_t5_min: 30061
	F21_('E5', 'S5')_t4_min: 1527
	F18_('E4', 'S4')_t5_max: 3283
	F15_('S1', 'S2')_t5_max: 126109
	F4_('E2', 'S2')_t4_max: 6950
	F9_('S3', 'E3')_tb: 1091
	F37_('S2', 'S1')_t3_min: 1598
	F18_('S2', 'E2')_t4_max: 3658
	F5_('S5', 'S4')_t5_min: 6890
	F34_('S3', 'S4')_t5_min: 22605
	F30_('S2', 'S1')_t3_min: 4524
	F6_('S2', 'S3')_t3_min: 12662
	F34_('S3', 'S4')_t5_max: 22992
	F15_('S2', 'S3')_t3_min: 125982
	F2_('E3', 'S3')_tb: 28028
	F28_('S1', 'E1')_t3_min: 734
	F27_('S3', 'E3')_t5_max: 24956
	F18_('E4', 'S4')_t4_min: 3271
	F27_('S3', 'E3')_tb: 24917
	F46_('S3', 'S4')_t5_max: 1584
	F35_('S4', 'S3')_t3_min: 538
	('S4', 'E4')_gcl_length: 0
	F1_('S2', 'E2')_t4_max: 3924
	F49_('E3', 'S3')_t5_max: 1844
	('S3', 'S2')_gcl_length: 230
	F28_('E5', 'S5')_t5_max: 333
	F34_('E1', 'S1')_t3_min: 22299
	F49_('E3', 'S3')_t3_min: 1794
	F35_('S5', 'S4')_tb: 444
	F36_('S2', 'S3')_t5_max: 13981
	F17_('S3', 'S4')_t5_min: 26323
	F29_('S4', 'S3')_tb: 781
	F8_('S1', 'E1')_t3_max: 5466
	F49_('S4', 'E4')_t5_min: 1948
	F45_('S3', 'S2')_t5_min: 1759
	F25_('S4', 'S3')_t3_min: 100
	F48_('E5', 'S5')_t4_min: 53842
	F38_('E1', 'S1')_tb: 1771
	F29_('S4', 'S3')_t3_min: 647
	F25_('S1', 'E1')_t4_max: 487
	F16_('E5', 'S5')_t3_min: 2381
	F40_('S3', 'E3')_t3_min: 4328
	F12_('E3', 'S3')_t4_max: 29884
	F48_('S4', 'E4')_t3_max: 54048
	F46_('S5', 'E5')_t5_min: 1870
	F2_('S2', 'E2')_t3_max: 28192
	F14_('S3', 'S4')_t5_max: 15762
	F5_('S5', 'S4')_t3_min: 6775
	F48_('S5', 'S4')_t5_max: 54041
	F35_('S4', 'S3')_t3_max: 543
	F11_('S3', 'S2')_t3_max: 15344
	F46_('S4', 'S5')_t5_min: 1788
	F4_('S3', 'E3')_t3_min: 7160
	F18_('S2', 'E2')_t5_max: 3670
	F45_('E3', 'S3')_t4_min: 1696
	F20_('S4', 'S3')_t3_min: 3112
	F32_('S3', 'S2')_t5_max: 1232
	F35_('S5', 'S4')_t5_min: 536
	F33_('S4', 'E4')_t3_max: 25139
	F32_('S2', 'S1')_t3_max: 1239
	F34_('S4', 'E4')_t5_min: 22682
	F2_('S2', 'E2')_t3_min: 28058
	F45_('S3', 'S2')_t5_max: 1759
	F32_('E5', 'S5')_t4_min: 829
	F12_('E3', 'S3')_t5_min: 29958
