0. Flow F0 [E1-->E2] with period 64000, payload 861B, e2e delay 64000us, jitter 6400us
	('E1', 'S1'), Operation(18251, None, 18320)(18251, 18251)
	('S1', 'S2'), Operation(18322, 18327, 18396)(18327, 18327)
	('S2', 'E2'), Operation(18398, None, 18596)(18398, 18527)
1. Flow F1 [E2-->E3] with period 2000, payload 253B, e2e delay 2000us, jitter 200us
	('E2', 'S2'), Operation(1475, None, 1496)(1475, 1475)
	('S2', 'S3'), Operation(1498, None, 1648)(1498, 1627)
	('S3', 'E3'), Operation(1521, 1655, 1676)(1655, 1655)
2. Flow F2 [E4-->E2] with period 64000, payload 1393B, e2e delay 64000us, jitter 6400us
	('E4', 'S4'), Operation(31339, None, 31451)(31339, 31339)
	('S4', 'S3'), Operation(31453, None, 31694)(31453, 31582)
	('S3', 'S2'), Operation(31567, None, 31937)(31567, 31825)
	('S2', 'E2'), Operation(31681, None, 32180)(31681, 32068)
3. Flow F3 [E1-->E5] with period 4000, payload 483B, e2e delay 4000us, jitter 400us
	('E1', 'S1'), Operation(1987, None, 2026)(1987, 1987)
	('S1', 'S2'), Operation(2028, 2033, 2072)(2033, 2033)
	('S2', 'S3'), Operation(2074, 2079, 2118)(2079, 2079)
	('S3', 'S4'), Operation(2120, None, 2288)(2120, 2249)
	('S4', 'S5'), Operation(2161, None, 2458)(2161, 2419)
	('S5', 'E5'), Operation(2202, None, 2628)(2202, 2589)
4. Flow F4 [E3-->E2] with period 32000, payload 819B, e2e delay 32000us, jitter 3200us
	('E3', 'S3'), Operation(3766, None, 3832)(3766, 3766)
	('S3', 'S2'), Operation(3834, None, 4029)(3834, 3963)
	('S2', 'E2'), Operation(3902, None, 4226)(3902, 4160)
5. Flow F5 [E3-->E4] with period 128000, payload 448B, e2e delay 128000us, jitter 12800us
	('E3', 'S3'), Operation(38771, None, 38807)(38771, 38771)
	('S3', 'S4'), Operation(38809, 38814, 38850)(38814, 38814)
	('S4', 'E4'), Operation(38852, None, 39017)(38852, 38981)
6. Flow F6 [E5-->E1] with period 8000, payload 378B, e2e delay 8000us, jitter 800us
	('E5', 'S5'), Operation(7173, None, 7204)(7173, 7173)
	('S5', 'S4'), Operation(7206, 7211, 7242)(7211, 7211)
	('S4', 'S3'), Operation(7244, None, 7404)(7244, 7373)
	('S3', 'S2'), Operation(7277, None, 7566)(7277, 7535)
	('S2', 'S1'), Operation(7310, None, 7728)(7310, 7697)
	('S1', 'E1'), Operation(7343, None, 7890)(7343, 7859)
7. Flow F7 [E4-->E2] with period 2000, payload 1220B, e2e delay 2000us, jitter 200us
	('E4', 'S4'), Operation(881, None, 979)(881, 881)
	('S4', 'S3'), Operation(981, 986, 1084)(986, 986)
	('S3', 'S2'), Operation(1086, 1091, 1189)(1091, 1091)
	('S2', 'E2'), Operation(1191, None, 1418)(1191, 1320)
8. Flow F8 [E5-->E4] with period 64000, payload 765B, e2e delay 64000us, jitter 6400us
	('E5', 'S5'), Operation(60392, None, 60454)(60392, 60392)
	('S5', 'S4'), Operation(60456, 60461, 60523)(60461, 60461)
	('S4', 'E4'), Operation(60525, None, 60716)(60525, 60654)
9. Flow F9 [E1-->E2] with period 128000, payload 679B, e2e delay 128000us, jitter 12800us
	('E1', 'S1'), Operation(102763, None, 102818)(102763, 102763)
	('S1', 'S2'), Operation(102820, None, 103004)(102820, 102949)
	('S2', 'E2'), Operation(102877, None, 103190)(102877, 103135)
10. Flow F10 [E3-->E5] with period 32000, payload 1149B, e2e delay 32000us, jitter 3200us
	('E3', 'S3'), Operation(5529, None, 5621)(5529, 5529)
	('S3', 'S4'), Operation(5623, 5628, 5720)(5628, 5628)
	('S4', 'S5'), Operation(5722, None, 5943)(5722, 5851)
	('S5', 'E5'), Operation(5816, None, 6166)(5816, 6074)
11. Flow F11 [E4-->E3] with period 32000, payload 1383B, e2e delay 32000us, jitter 3200us
	('E4', 'S4'), Operation(8190, None, 8301)(8190, 8190)
	('S4', 'S3'), Operation(8303, None, 8543)(8303, 8432)
	('S3', 'E3'), Operation(8416, None, 8785)(8416, 8674)
12. Flow F12 [E4-->E3] with period 2000, payload 1446B, e2e delay 2000us, jitter 200us
	('E4', 'S4'), Operation(1577, None, 1693)(1577, 1577)
	('S4', 'S3'), Operation(1695, 1700, 1816)(1700, 1700)
	('S3', 'E3'), Operation(1818, 1823, 1939)(1823, 1823)
13. Flow F13 [E5-->E4] with period 8000, payload 1327B, e2e delay 8000us, jitter 800us
	('E5', 'S5'), Operation(307, None, 414)(307, 307)
	('S5', 'S4'), Operation(416, None, 652)(416, 545)
	('S4', 'E4'), Operation(525, None, 890)(525, 783)
14. Flow F14 [E1-->E5] with period 8000, payload 1321B, e2e delay 8000us, jitter 800us
	('E1', 'S1'), Operation(3433, None, 3539)(3433, 3433)
	('S1', 'S2'), Operation(3541, None, 3776)(3541, 3670)
	('S2', 'S3'), Operation(3649, 3783, 3889)(3783, 3783)
	('S3', 'S4'), Operation(3891, None, 4126)(3891, 4020)
	('S4', 'S5'), Operation(3999, None, 4363)(3999, 4257)
	('S5', 'E5'), Operation(4107, None, 4600)(4107, 4494)
15. Flow F15 [E2-->E4] with period 128000, payload 1309B, e2e delay 128000us, jitter 12800us
	('E2', 'S2'), Operation(5542, None, 5647)(5542, 5542)
	('S2', 'S3'), Operation(5649, None, 5883)(5649, 5778)
	('S3', 'S4'), Operation(5756, None, 6119)(5756, 6014)
	('S4', 'E4'), Operation(5863, None, 6355)(5863, 6250)
16. Flow F16 [E1-->E5] with period 4000, payload 1417B, e2e delay 4000us, jitter 400us
	('E1', 'S1'), Operation(3017, None, 3131)(3017, 3017)
	('S1', 'S2'), Operation(3133, None, 3376)(3133, 3262)
	('S2', 'S3'), Operation(3249, 3383, 3497)(3383, 3383)
	('S3', 'S4'), Operation(3499, None, 3742)(3499, 3628)
	('S4', 'S5'), Operation(3615, 3749, 3863)(3749, 3749)
	('S5', 'E5'), Operation(3865, 3870, 3984)(3870, 3870)
17. Flow F17 [E4-->E3] with period 4000, payload 664B, e2e delay 4000us, jitter 400us
	('E4', 'S4'), Operation(3823, None, 3877)(3823, 3823)
	('S4', 'S3'), Operation(3879, 3884, 3938)(3884, 3884)
	('S3', 'E3'), Operation(3940, 3945, 3999)(3945, 3945)
18. Flow F18 [E4-->E3] with period 128000, payload 221B, e2e delay 128000us, jitter 12800us
	('E4', 'S4'), Operation(124754, None, 124772)(124754, 124754)
	('S4', 'S3'), Operation(124774, None, 124921)(124774, 124903)
	('S3', 'E3'), Operation(124794, None, 125070)(124794, 125052)
19. Flow F19 [E4-->E1] with period 2000, payload 1250B, e2e delay 2000us, jitter 200us
	('E4', 'S4'), Operation(442, None, 542)(442, 442)
	('S4', 'S3'), Operation(544, None, 773)(544, 673)
	('S3', 'S2'), Operation(646, None, 1004)(646, 904)
	('S2', 'S1'), Operation(748, 1011, 1111)(1011, 1011)
	('S1', 'E1'), Operation(1113, None, 1342)(1113, 1242)
20. Flow F20 [E3-->E5] with period 16000, payload 1195B, e2e delay 16000us, jitter 1600us
	('E3', 'S3'), Operation(15048, None, 15144)(15048, 15048)
	('S3', 'S4'), Operation(15146, 15151, 15247)(15151, 15151)
	('S4', 'S5'), Operation(15249, 15254, 15350)(15254, 15254)
	('S5', 'E5'), Operation(15352, None, 15577)(15352, 15481)
21. Flow F21 [E1-->E3] with period 32000, payload 1338B, e2e delay 32000us, jitter 3200us
	('E1', 'S1'), Operation(28819, None, 28927)(28819, 28819)
	('S1', 'S2'), Operation(28929, 28934, 29042)(28934, 28934)
	('S2', 'S3'), Operation(29044, None, 29281)(29044, 29173)
	('S3', 'E3'), Operation(29154, None, 29520)(29154, 29412)
22. Flow F22 [E2-->E4] with period 16000, payload 474B, e2e delay 16000us, jitter 1600us
	('E2', 'S2'), Operation(12587, None, 12625)(12587, 12587)
	('S2', 'S3'), Operation(12627, 12632, 12670)(12632, 12632)
	('S3', 'S4'), Operation(12672, 12677, 12715)(12677, 12677)
	('S4', 'E4'), Operation(12717, None, 12884)(12717, 12846)
23. Flow F23 [E3-->E4] with period 128000, payload 1172B, e2e delay 128000us, jitter 12800us
	('E3', 'S3'), Operation(127179, None, 127273)(127179, 127179)
	('S3', 'S4'), Operation(127275, None, 127498)(127275, 127404)
	('S4', 'E4'), Operation(127371, None, 127723)(127371, 127629)
24. Flow F24 [E3-->E1] with period 128000, payload 1405B, e2e delay 128000us, jitter 12800us
	('E3', 'S3'), Operation(57075, None, 57188)(57075, 57075)
	('S3', 'S2'), Operation(57190, 57195, 57308)(57195, 57195)
	('S2', 'S1'), Operation(57310, 57315, 57428)(57315, 57315)
	('S1', 'E1'), Operation(57430, None, 57672)(57430, 57559)
25. Flow F25 [E5-->E4] with period 4000, payload 1077B, e2e delay 4000us, jitter 400us
	('E5', 'S5'), Operation(1, None, 88)(1, 1)
	('S5', 'S4'), Operation(90, None, 306)(90, 219)
	('S4', 'E4'), Operation(179, None, 524)(179, 437)
26. Flow F26 [E1-->E4] with period 8000, payload 1163B, e2e delay 8000us, jitter 800us
	('E1', 'S1'), Operation(6500, None, 6594)(6500, 6500)
	('S1', 'S2'), Operation(6596, None, 6819)(6596, 6725)
	('S2', 'S3'), Operation(6692, 6826, 6920)(6826, 6826)
	('S3', 'S4'), Operation(6922, None, 7145)(6922, 7051)
	('S4', 'E4'), Operation(7018, None, 7370)(7018, 7276)
27. Flow F27 [E1-->E2] with period 4000, payload 1383B, e2e delay 4000us, jitter 400us
	('E1', 'S1'), Operation(1, None, 112)(1, 1)
	('S1', 'S2'), Operation(114, None, 354)(114, 243)
	('S2', 'E2'), Operation(227, None, 596)(227, 485)
28. Flow F28 [E4-->E5] with period 2000, payload 934B, e2e delay 2000us, jitter 200us
	('E4', 'S4'), Operation(1452, None, 1527)(1452, 1452)
	('S4', 'S5'), Operation(1529, 1534, 1609)(1534, 1534)
	('S5', 'E5'), Operation(1611, None, 1815)(1611, 1740)
29. Flow F29 [E1-->E2] with period 2000, payload 1257B, e2e delay 2000us, jitter 200us
	('E1', 'S1'), Operation(386, None, 487)(386, 386)
	('S1', 'S2'), Operation(489, 494, 595)(494, 494)
	('S2', 'E2'), Operation(597, 602, 703)(602, 602)

SMT variables: 
	F6_('S2', 'S1')_gc: False
	F13_('S5', 'S4')_t4_min: 416
	('S2', 'S3')_gcl_cycle: 16000
	F3_('S5', 'E5')_t3_min: 2202
	F13_('S5', 'S4')_rr: 0
	F19_('E4', 'S4')_t3_min: 442
	F22_('S3', 'S4')_gc: True
	F2_('S3', 'S2')_tb: 31567
	('S4', 'S3')_gcl_cycle: 4000
	F16_('S1', 'S2')_t4_min: 3133
	F24_('S1', 'E1')_gc: False
	F3_('S4', 'S5')_gc: False
	F7_queue_index: 0
	F9_('S2', 'E2')_tb: 102877
	F12_('S4', 'S3')_t4_min: 1700
	F8_('S5', 'S4')_tb: 60461
	F14_('S4', 'S5')_t3_max: 4133
	F10_('S3', 'S4')_rr: 4
	F15_('S4', 'E4')_t3_min: 5863
	F19_('E4', 'S4')_gc: False
	F18_('E4', 'S4')_tb: 124754
	F29_('S2', 'E2')_t3_min: 597
	F3_('S4', 'S5')_t3_min: 2161
	F26_('S2', 'S3')_t4_min: 6826
	F2_('S3', 'S2')_t3_min: 31567
	F22_queue_index: 0
	F15_('S4', 'E4')_t4_min: 5863
	F16_('S2', 'S3')_t4_max: 3383
	F2_('E4', 'S4')_rr: 0
	F24_('S3', 'S2')_t4_max: 57195
	F7_('E4', 'S4')_rr: 0
	F0_('E1', 'S1')_gc: False
	F29_('S1', 'S2')_gc: True
	F6_('E5', 'S5')_gc: False
	F3_('S5', 'E5')_t4_min: 2202
	F7_('S4', 'S3')_rr: 2
	F14_('S5', 'E5')_rr: 0
	F7_('S3', 'S2')_gc: True
	F3_('S2', 'S3')_t4_max: 2079
	F29_('S1', 'S2')_rr: 32
	F16_('E1', 'S1')_t3_max: 2893
	F5_queue_index: 0
	F10_('S3', 'S4')_t4_min: 5628
	F4_('E3', 'S3')_t4_min: 3766
	F24_('E3', 'S3')_rr: 0
	F18_('S4', 'S3')_t4_max: 124903
	F13_('S5', 'S4')_tb: 416
	F14_('S5', 'E5')_t3_max: 4370
	F5_('E3', 'S3')_gc: False
	F8_('E5', 'S5')_tb: 60392
	F0_('S1', 'S2')_gc: True
	F19_('S4', 'S3')_t4_min: 544
	F27_('E1', 'S1')_t5_max: 112
	F7_('E4', 'S4')_t3_max: 757
	F5_('S3', 'S4')_t4_min: 38814
	F6_('S4', 'S3')_t4_min: 7244
	F8_('S4', 'E4')_t4_min: 60525
	F13_('S4', 'E4')_t4_min: 525
	F16_('S1', 'S2')_t3_min: 3133
	F9_('S1', 'S2')_t4_min: 102820
	F13_('S5', 'S4')_gc: False
	F19_('S1', 'E1')_tb: 1113
	F28_('S5', 'E5')_rr: 0
	F21_('S3', 'E3')_t5_min: 29262
	F6_('S3', 'S2')_rr: 0
	F13_jitter: 258
	F1_jitter: 0
	F10_('S5', 'E5')_rr: 0
	F3_('E1', 'S1')_tb: 1987
	F20_('S4', 'S5')_t4_max: 15254
	F18_('E4', 'S4')_rr: 0
	F21_('S2', 'S3')_t4_max: 29173
	F20_('S3', 'S4')_rr: 8
	F15_jitter: 387
	F10_('S4', 'S5')_t4_max: 5851
	F21_('S3', 'E3')_rr: 0
	F18_('S3', 'E3')_gc: False
	F4_('S3', 'S2')_t4_min: 3834
	F14_('S2', 'S3')_gc: True
	F5_('E3', 'S3')_t3_max: 38647
	F10_('S5', 'E5')_gc: False
	F26_('E1', 'S1')_t3_max: 6376
	F11_('E4', 'S4')_rr: 0
	F25_('S5', 'S4')_t4_max: 219
	F8_('E5', 'S5')_gc: False
	F6_queue_index: 0
	F7_('E4', 'S4')_gc: False
	F1_('S2', 'S3')_t3_min: 1498
	F14_('E1', 'S1')_rr: 0
	F25_queue_index: 0
	F10_('E3', 'S3')_rr: 0
	('S3', 'S4')_gcl_length: 42
	F6_('S1', 'E1')_rr: 0
	F16_('S4', 'S5')_gc: True
	F16_('S3', 'S4')_t4_max: 3628
	F10_('E3', 'S3')_gc: False
	F21_('E1', 'S1')_gc: False
	F16_('S5', 'E5')_t4_min: 3870
	F23_('S3', 'S4')_t4_min: 127275
	F27_('S2', 'E2')_t5_min: 338
	('E2', 'S2')_gcl_cycle: 1
	F2_('S2', 'E2')_rr: 0
	F16_('S1', 'S2')_gc: False
	F19_('E4', 'S4')_rr: 0
	('S2', 'E2')_gcl_cycle: 2000
	F21_('E1', 'S1')_t3_max: 28695
	F14_('S2', 'S3')_rr: 2
	F11_('E4', 'S4')_t4_min: 8190
	F19_('E4', 'S4')_t5_max: 542
	F2_('S4', 'S3')_gc: False
	F0_('S1', 'S2')_rr: 1
	F0_('S2', 'E2')_t5_min: 18467
	F19_('S3', 'S2')_tb: 646
	F4_('E3', 'S3')_t3_max: 3642
	F16_('S3', 'S4')_gc: False
	F23_('S3', 'S4')_t5_min: 127369
	F14_('S4', 'S5')_gc: False
	('S3', 'E3')_gcl_cycle: 4000
	F1_('S2', 'S3')_gc: False
	F28_('S5', 'E5')_gc: False
	F2_('S3', 'S2')_t5_min: 31679
	F8_('S4', 'E4')_gc: False
	F3_('S2', 'S3')_t5_min: 2118
	F16_('S2', 'S3')_rr: 4
	F14_('S5', 'E5')_gc: False
	F15_('E2', 'S2')_t3_max: 5418
	F22_jitter: 129
	F18_('S4', 'S3')_gc: False
	F17_('E4', 'S4')_rr: 0
	F3_('S2', 'S3')_t4_min: 2079
	F27_('S1', 'S2')_t4_min: 114
	F28_jitter: 129
	F3_('S1', 'S2')_t4_max: 2033
	F6_('S3', 'S2')_t5_min: 7308
	F14_('S3', 'S4')_t3_max: 3896
	F16_('S5', 'E5')_gc: True
	F22_('E2', 'S2')_gc: False
	F10_('S5', 'E5')_t3_min: 5816
	F16_('S3', 'S4')_t3_min: 3499
	F2_('S2', 'E2')_t4_max: 32068
	F15_('S4', 'E4')_rr: 0
	F14_('E1', 'S1')_t3_max: 3309
	F16_('S3', 'S4')_rr: 0
	F14_('S1', 'S2')_t4_min: 3541
	F16_('S2', 'S3')_gc: True
	F28_('E4', 'S4')_rr: 0
	F26_('S3', 'S4')_t3_max: 6927
	F4_('S3', 'S2')_rr: 0
	F5_('S3', 'S4')_gc: True
	F15_('S3', 'S4')_t3_max: 5890
	F17_('S4', 'S3')_t4_max: 3884
	F27_('S2', 'E2')_rr: 0
	F29_('S2', 'E2')_t4_min: 602
	F20_('S3', 'S4')_t5_min: 15247
	F21_('S2', 'S3')_t3_min: 29044
	F11_('S4', 'S3')_t4_min: 8303
	F22_('E2', 'S2')_t5_min: 12625
	F3_('S2', 'S3')_gc: True
	F20_('S5', 'E5')_gc: False
	F28_('S4', 'S5')_gc: True
	F12_('S3', 'E3')_rr: 2
	F2_('S4', 'S3')_t4_min: 31453
	F0_('S1', 'S2')_t4_max: 18327
	F7_('S4', 'S3')_t4_min: 986
	F22_('S3', 'S4')_t4_max: 12677
	F27_('E1', 'S1')_t4_min: 1
	F29_('S1', 'S2')_t3_min: 489
	F17_('S3', 'E3')_rr: 1
	F14_('S1', 'S2')_t4_max: 3670
	F3_('E1', 'S1')_rr: 0
	F26_('E1', 'S1')_rr: 0
	F16_('S5', 'E5')_tb: 3870
	F9_('S2', 'E2')_t4_min: 102877
	F17_('S4', 'S3')_tb: 3884
	F26_('S3', 'S4')_t4_max: 7051
	F27_('S1', 'S2')_rr: 0
	F4_('S2', 'E2')_gc: False
	F18_('S3', 'E3')_rr: 0
	F29_queue_index: 0
	F8_('S5', 'S4')_t4_max: 60461
	F3_('E1', 'S1')_t3_max: 1863
	F4_('S3', 'S2')_t4_max: 3963
	F3_('S3', 'S4')_rr: 0
	F11_('S3', 'E3')_gc: False
	F29_('S2', 'E2')_rr: 1
	F2_('S4', 'S3')_tb: 31453
	F9_('E1', 'S1')_gc: False
	F11_('S3', 'E3')_t5_min: 8527
	F8_jitter: 129
	F17_('S4', 'S3')_rr: 1
	F23_queue_index: 0
	F10_('S5', 'E5')_tb: 5816
	F15_('E2', 'S2')_t4_max: 5542
	('E1', 'S1')_gcl_cycle: 1
	F25_('S5', 'S4')_t4_min: 90
	F26_('S3', 'S4')_rr: 0
	F21_('S1', 'S2')_gc: True
	F16_('S3', 'S4')_t5_max: 3742
	F20_('S3', 'S4')_t4_min: 15151
	F3_('S3', 'S4')_gc: False
	F20_('E3', 'S3')_t5_min: 15144
	F18_jitter: 258
	F26_('S3', 'S4')_t4_min: 6922
	('S1', 'S2')_gcl_cycle: 64000
	F12_('E4', 'S4')_t5_min: 1693
	F21_('S2', 'S3')_rr: 0
	F3_('E1', 'S1')_gc: False
	F27_('S1', 'S2')_gc: False
	F5_('E3', 'S3')_t4_max: 38771
	F9_('S1', 'S2')_t4_max: 102949
	F24_('S3', 'S2')_t3_min: 57190
	F19_('S2', 'S1')_t4_min: 1011
	F18_('S3', 'E3')_t3_min: 124794
	F18_('S3', 'E3')_t4_min: 124794
	F7_('S3', 'S2')_t4_min: 1091
	F19_('E4', 'S4')_t3_max: 318
	F24_('E3', 'S3')_gc: False
	F29_('E1', 'S1')_rr: 0
	F17_('S4', 'S3')_gc: True
	F16_('S5', 'E5')_rr: 1
	F21_jitter: 258
	F13_('S4', 'E4')_t3_max: 659
	F2_('S2', 'E2')_gc: False
	F1_('E2', 'S2')_gc: False
	F19_('S1', 'E1')_t4_min: 1113
	F15_('S4', 'E4')_gc: False
	F19_('S3', 'S2')_t4_min: 646
	F21_('S1', 'S2')_t4_min: 28934
	F6_('S4', 'S3')_rr: 0
	F14_('S1', 'S2')_rr: 0
	F11_('E4', 'S4')_t3_max: 8066
	F24_('S2', 'S1')_gc: True
	F0_('S2', 'E2')_t3_max: 18403
	F29_('E1', 'S1')_gc: False
	F20_('S5', 'E5')_t4_min: 15352
	F22_('S3', 'S4')_rr: 8
	F11_queue_index: 0
	F15_('E2', 'S2')_gc: False
	F5_jitter: 129
	F26_('S4', 'E4')_gc: False
	F10_('E3', 'S3')_t3_max: 5405
	F6_('S2', 'S1')_t4_max: 7697
	F25_('E5', 'S5')_gc: False
	F27_('E1', 'S1')_gc: False
	F28_('S5', 'E5')_t4_min: 1611
	F26_('S4', 'E4')_t4_min: 7018
	F2_('S3', 'S2')_rr: 0
	F19_queue_index: 0
	F19_('S2', 'S1')_rr: 64
	F1_('E2', 'S2')_t3_max: 1351
	F26_('S3', 'S4')_gc: False
	F15_queue_index: 0
	F26_('S3', 'S4')_tb: 6922
	F2_('E4', 'S4')_tb: 31339
	F26_jitter: 258
	F19_('S4', 'S3')_t4_max: 673
	F6_('E5', 'S5')_t3_min: 7173
	F9_('S2', 'E2')_rr: 0
	F5_('S3', 'S4')_t4_max: 38814
	F3_('S3', 'S4')_t4_min: 2120
	F3_('S5', 'E5')_gc: False
	F23_('S4', 'E4')_gc: False
	F14_('S5', 'E5')_t4_min: 4107
	F2_('S4', 'S3')_rr: 0
	('S1', 'E1')_gcl_cycle: 1
	F12_('E4', 'S4')_t3_max: 1453
	F4_('S3', 'S2')_t5_min: 3900
	F6_('S3', 'S2')_gc: False
	F1_('S3', 'E3')_t4_min: 1655
	F8_('E5', 'S5')_t4_min: 60392
	F6_('S5', 'S4')_gc: True
	F27_('S2', 'E2')_gc: False
	F12_queue_index: 0
	F4_jitter: 258
	F3_('S4', 'S5')_rr: 0
	F20_queue_index: 0
	F5_('S3', 'S4')_rr: 1
	F23_('S3', 'S4')_gc: False
	F8_('S5', 'S4')_t4_min: 60461
	F16_('S3', 'S4')_t4_min: 3499
	F0_('E1', 'S1')_t5_max: 18320
	F9_('S2', 'E2')_t3_min: 102877
	F4_('S2', 'E2')_rr: 0
	F20_jitter: 129
	F3_('S4', 'S5')_t4_min: 2161
	F19_('S1', 'E1')_gc: False
	F6_('S1', 'E1')_t4_min: 7343
	F10_jitter: 258
	F22_('S4', 'E4')_gc: False
	F10_('S3', 'S4')_t4_max: 5628
	F14_('S3', 'S4')_rr: 0
	F14_queue_index: 0
	F8_('E5', 'S5')_t3_max: 60268
	F15_('S3', 'S4')_rr: 0
	F3_('E1', 'S1')_t5_min: 2026
	F1_('S3', 'E3')_gc: True
	F15_('S3', 'S4')_t4_max: 6014
	F5_('S4', 'E4')_gc: False
	F0_jitter: 129
	F26_('S1', 'S2')_rr: 0
	F10_('S5', 'E5')_t5_min: 5908
	F16_('E1', 'S1')_t4_min: 3017
	F26_('E1', 'S1')_gc: False
	F19_('S4', 'S3')_gc: False
	F22_('S2', 'S3')_t5_min: 12670
	F6_('S5', 'S4')_t4_max: 7211
	F1_('E2', 'S2')_rr: 0
	F28_('E4', 'S4')_t3_max: 1328
	F25_('E5', 'S5')_t5_min: 88
	F14_('S2', 'S3')_t4_min: 3783
	F20_('S5', 'E5')_rr: 0
	F29_jitter: 0
	F22_('S2', 'S3')_gc: True
	F15_('S3', 'S4')_gc: False
	F20_('E3', 'S3')_t3_max: 14924
	F2_('E4', 'S4')_t3_max: 31215
	F6_jitter: 516
	F25_('S4', 'E4')_gc: False
	F18_queue_index: 0
	F29_('S1', 'S2')_t4_max: 494
	F15_('S2', 'S3')_gc: False
	F18_('E4', 'S4')_t5_min: 124772
	F2_('S3', 'S2')_t4_min: 31567
	F6_('S3', 'S2')_t4_min: 7277
	F9_jitter: 258
	F22_('S2', 'S3')_t4_max: 12632
	F3_queue_index: 0
	F9_('S2', 'E2')_gc: False
	F21_('S3', 'E3')_gc: False
	F23_('E3', 'S3')_tb: 127179
	F27_('S1', 'S2')_t3_min: 114
	F7_('E4', 'S4')_t4_min: 881
	F7_('S4', 'S3')_t4_max: 986
	F18_('S3', 'E3')_t5_min: 124812
	F16_('S4', 'S5')_tb: 3749
	F0_('S1', 'S2')_t5_min: 18396
	F29_('S2', 'E2')_tb: 602
	F28_('S4', 'S5')_t4_max: 1534
	F4_('S3', 'S2')_gc: False
	F17_('E4', 'S4')_t3_max: 3699
	F14_('S3', 'S4')_t3_min: 3891
	F25_('E5', 'S5')_t3_max: -123
	F23_('S4', 'E4')_rr: 0
	F9_('E1', 'S1')_t3_max: 102639
	F0_queue_index: 0
	F16_queue_index: 0
	F28_queue_index: 0
	F0_('S2', 'E2')_tb: 18398
	F2_('S3', 'S2')_gc: False
	F1_('S2', 'S3')_t4_max: 1627
	F7_('S4', 'S3')_gc: True
	F20_('S3', 'S4')_t4_max: 15151
	F4_('S2', 'E2')_t4_min: 3902
	F25_('S5', 'S4')_t3_min: 90
	F10_('S5', 'E5')_t4_min: 5816
	F5_('S4', 'E4')_rr: 0
	F15_('S2', 'S3')_t4_min: 5649
	F21_('E1', 'S1')_rr: 0
	F23_('E3', 'S3')_rr: 0
	F26_('S2', 'S3')_gc: True
	F14_('S4', 'S5')_t4_max: 4257
	F7_('S2', 'E2')_t4_min: 1191
	F24_('S2', 'S1')_t4_min: 57315
	F27_('S2', 'E2')_t4_min: 227
	F17_('S3', 'E3')_gc: True
	F21_('S3', 'E3')_tb: 29154
	F27_('E1', 'S1')_t3_max: -123
	F6_('S4', 'S3')_t3_min: 7244
	F19_('S3', 'S2')_t4_max: 904
	F25_('S5', 'S4')_gc: False
	F7_('S3', 'S2')_t3_max: 1091
	F3_('S2', 'S3')_rr: 4
	F6_('E5', 'S5')_rr: 0
	('E5', 'S5')_gcl_cycle: 1
	F14_('S5', 'E5')_t5_max: 4600
	F12_('E4', 'S4')_gc: False
	F20_('S4', 'S5')_tb: 15254
	F28_('S5', 'E5')_t5_max: 1815
	F12_('E4', 'S4')_rr: 0
	F15_('S2', 'S3')_rr: 0
	F24_('S2', 'S1')_t4_max: 57315
	F20_('S4', 'S5')_rr: 1
	F22_('E2', 'S2')_t3_max: 12463
	F6_('S3', 'S2')_t4_max: 7535
	F20_('S4', 'S5')_gc: True
	F16_('E1', 'S1')_rr: 0
	F23_('E3', 'S3')_gc: False
	F22_('S2', 'S3')_t4_min: 12632
	F1_('S3', 'E3')_rr: 2
	F24_('S1', 'E1')_rr: 0
	('E3', 'S3')_gcl_cycle: 1
	F17_('S3', 'E3')_t4_min: 3945
	F24_jitter: 129
	F0_('S1', 'S2')_t4_min: 18327
	F23_('E3', 'S3')_t3_max: 127055
	F16_('S3', 'S4')_t3_max: 3504
	F15_('E2', 'S2')_rr: 0
	F4_('S2', 'E2')_t3_max: 4036
	F20_('E3', 'S3')_t5_max: 15144
	F0_('E1', 'S1')_t3_max: 18127
	F7_jitter: 129
	F9_('S1', 'S2')_gc: False
	F3_('S1', 'S2')_rr: 16
	F18_('S4', 'S3')_rr: 0
	F2_queue_index: 0
	F16_('S1', 'S2')_t4_max: 3262
	('S2', 'S1')_gcl_cycle: 128000
	F27_('E1', 'S1')_rr: 0
	F5_('S4', 'E4')_t4_min: 38852
	F4_('E3', 'S3')_tb: 3766
	F3_('S4', 'S5')_t5_max: 2458
	F12_('S3', 'E3')_gc: True
	F22_('E2', 'S2')_tb: 12587
	F24_('S3', 'S2')_rr: 1
	F13_queue_index: 0
	F21_('S1', 'S2')_rr: 2
	F22_('S3', 'S4')_t4_min: 12677
	F28_('S4', 'S5')_rr: 8
	F20_('S4', 'S5')_t4_min: 15254
	F6_('S2', 'S1')_t3_min: 7310
	F2_('E4', 'S4')_gc: False
	F21_('S3', 'E3')_t4_min: 29154
	F6_('S4', 'S3')_gc: False
	F3_('S4', 'S5')_t4_max: 2419
	F6_('S4', 'S3')_t4_max: 7373
	F2_('S3', 'S2')_t4_max: 31825
	F21_('E1', 'S1')_t5_max: 28927
	F24_('E3', 'S3')_t3_max: 56951
	F11_jitter: 258
	F11_('E4', 'S4')_gc: False
	F26_('S2', 'S3')_rr: 2
	F7_('S3', 'S2')_t4_max: 1091
	F0_('S2', 'E2')_rr: 0
	F12_('S4', 'S3')_gc: True
	F24_('S1', 'E1')_t3_min: 57430
	F14_('S3', 'S4')_t4_max: 4020
	F4_('E3', 'S3')_gc: False
	F10_('S5', 'E5')_t4_max: 6074
	F18_('S3', 'E3')_t3_max: 124928
	F27_jitter: 258
	F13_('E5', 'S5')_gc: False
	F25_jitter: 258
	F28_('S4', 'S5')_t4_min: 1534
	F10_('S3', 'S4')_gc: True
	F14_('S2', 'S3')_t3_min: 3649
	F6_('S2', 'S1')_rr: 0
	F8_('S5', 'S4')_gc: True
	F25_('S5', 'S4')_rr: 0
	F26_('S4', 'E4')_rr: 0
	F21_queue_index: 0
	F13_('S4', 'E4')_gc: False
	F23_('S4', 'E4')_t5_min: 127465
	F26_queue_index: 0
	F11_('S3', 'E3')_rr: 0
	F8_('S5', 'S4')_rr: 1
	F19_('S1', 'E1')_rr: 0
	F3_('S1', 'S2')_gc: True
	F23_('S3', 'S4')_rr: 0
	F24_('S3', 'S2')_t4_min: 57195
	F2_('S4', 'S3')_t4_max: 31582
	F0_('S2', 'E2')_gc: False
	F4_queue_index: 0
	F17_('S4', 'S3')_t4_min: 3884
	F4_('E3', 'S3')_rr: 0
	F21_('S2', 'S3')_t4_min: 29044
	F9_('E1', 'S1')_rr: 0
	F14_('S3', 'S4')_gc: False
	F13_('S4', 'E4')_rr: 0
	F6_('S5', 'S4')_t4_min: 7211
	F14_('S1', 'S2')_gc: False
	F16_('E1', 'S1')_gc: False
	F20_('E3', 'S3')_rr: 0
	F9_('S1', 'S2')_rr: 0
	F24_('S2', 'S1')_rr: 1
	F14_jitter: 387
	F17_('E4', 'S4')_gc: False
	F27_('S2', 'E2')_t3_max: 361
	F24_('S3', 'S2')_gc: True
	F10_queue_index: 0
	F29_('S1', 'S2')_t4_min: 494
	F23_('S3', 'S4')_t4_max: 127404
	F19_('S3', 'S2')_rr: 0
	F16_('S4', 'S5')_rr: 4
	F16_('S4', 'S5')_t5_max: 3863
	F6_('S1', 'E1')_gc: False
	F13_('E5', 'S5')_t3_max: 183
	F7_('S3', 'S2')_rr: 64
	F10_('S4', 'S5')_rr: 0
	F15_('S2', 'S3')_t4_max: 5778
	F13_('E5', 'S5')_rr: 0
	F14_('S4', 'S5')_t4_min: 3999
	('E4', 'S4')_gcl_cycle: 1
	F19_('S4', 'S3')_rr: 0
	F19_('S2', 'S1')_gc: True
	F28_('E4', 'S4')_gc: False
	F3_('S3', 'S4')_t4_max: 2249
	F15_('S3', 'S4')_t4_min: 5756
	F16_('S2', 'S3')_t3_min: 3249
	F23_('S4', 'E4')_t4_min: 127371
	('S4', 'S5')_gcl_cycle: 16000
	F22_('S2', 'S3')_rr: 1
	F3_('S2', 'S3')_t5_max: 2118
	F5_('S4', 'E4')_t5_max: 39017
	F14_('S4', 'S5')_rr: 0
	F8_('S4', 'E4')_rr: 0
	('S3', 'S4')_gcl_cycle: 128000
	F3_jitter: 387
	F27_queue_index: 0
	F26_('S1', 'S2')_gc: False
	F19_('S3', 'S2')_gc: False
	F20_('E3', 'S3')_gc: False
	F6_('S2', 'S1')_t4_min: 7310
	F21_('S1', 'S2')_t4_max: 28934
	F17_jitter: 0
	F25_('S4', 'E4')_t4_min: 179
	('S5', 'S4')_gcl_cycle: 64000
	F7_('S2', 'E2')_rr: 0
	F18_('E4', 'S4')_t3_max: 124630
	F29_('E1', 'S1')_t3_max: 262
	F18_('S4', 'S3')_t4_min: 124774
	F9_queue_index: 0
	F26_('S1', 'S2')_t4_min: 6596
	F12_jitter: 0
	F15_('S3', 'S4')_tb: 5756
	F7_('S2', 'E2')_gc: False
	F29_('S2', 'E2')_gc: True
	F17_queue_index: 0
	F0_('S2', 'E2')_t4_min: 18398
	F22_('S4', 'E4')_rr: 0
	F14_('S3', 'S4')_t4_min: 3891
	F8_('E5', 'S5')_rr: 0
	F8_queue_index: 0
	F19_('S2', 'S1')_t4_max: 1011
	F16_('S2', 'S3')_t5_min: 3497
	F10_('S4', 'S5')_gc: False
	F17_('E4', 'S4')_t4_min: 3823
	F27_('S1', 'S2')_t4_max: 243
	F20_('S3', 'S4')_gc: True
	F5_('E3', 'S3')_rr: 0
	F14_('S2', 'S3')_t4_max: 3783
	F0_('E1', 'S1')_rr: 0
	F12_('S4', 'S3')_rr: 2
	('S3', 'S2')_gcl_cycle: 128000
	F19_('S4', 'S3')_t5_max: 773
	F2_('S2', 'E2')_t4_min: 31681
	F23_jitter: 258
	F26_('S2', 'S3')_t4_max: 6826
	('S5', 'E5')_gcl_cycle: 4000
	F14_('E1', 'S1')_gc: False
	F1_queue_index: 0
	F3_('S5', 'E5')_rr: 0
	F19_jitter: 129
	F21_('S3', 'E3')_t3_max: 29288
	F2_jitter: 387
	F3_('S1', 'S2')_t4_min: 2033
	F11_('S3', 'E3')_t4_min: 8416
	F16_('S4', 'S5')_t4_max: 3749
	F23_('E3', 'S3')_t5_max: 127273
	F12_('S3', 'E3')_t4_min: 1823
	F16_jitter: 0
	F16_('S1', 'S2')_rr: 0
	F26_('S1', 'S2')_t4_max: 6725
	F25_('S4', 'E4')_rr: 0
	F11_('S4', 'S3')_rr: 0
	F1_('S2', 'S3')_t4_min: 1498
	F8_('S4', 'E4')_tb: 60525
	F2_('E4', 'S4')_t3_min: 31339
	F11_('S4', 'S3')_gc: False
	F16_('S2', 'S3')_t4_min: 3383
	F11_('S4', 'S3')_t4_max: 8432
	('S4', 'E4')_gcl_cycle: 1
	F24_('S1', 'E1')_t4_min: 57430
	F22_('S4', 'E4')_t5_max: 12884
	F12_('S4', 'S3')_t4_max: 1700
	F6_('E5', 'S5')_t3_max: 7049
	F15_('S3', 'S4')_t5_max: 6119
	F22_('S4', 'E4')_t4_min: 12717
	F24_queue_index: 0
	F1_('S2', 'S3')_rr: 0
	F18_('E4', 'S4')_gc: False
	F22_('E2', 'S2')_rr: 0
	F25_('E5', 'S5')_rr: 0
	F22_('S3', 'S4')_t5_max: 12715
	F6_('S5', 'S4')_rr: 8
	F13_('S5', 'S4')_t4_max: 545
	F10_('S4', 'S5')_t4_min: 5722
	F16_('S4', 'S5')_t4_min: 3749
	F21_('S2', 'S3')_gc: False
	F2_('S4', 'S3')_t3_max: 31458
	F5_('S3', 'S4')_t3_max: 38814
	F3_('S1', 'S2')_t3_max: 2033
	F16_('S1', 'S2')_t3_max: 3138
	F11_('S4', 'S3')_t3_max: 8308
	F21_('S1', 'S2')_t3_max: 28934
	F14_('S1', 'S2')_t3_max: 3546
	F13_('S5', 'S4')_t3_max: 421
	F25_('S5', 'S4')_t3_max: 95
	F24_('S3', 'S2')_t3_max: 57195
	F7_('S4', 'S3')_t3_max: 986
	F18_('S4', 'S3')_t3_max: 124779
	F27_('S1', 'S2')_t3_max: 119
	F8_('S5', 'S4')_t3_max: 60461
	F26_('S1', 'S2')_t3_max: 6601
	F1_('S2', 'S3')_t3_max: 1503
	F19_('S4', 'S3')_t3_max: 549
	F12_('S4', 'S3')_t3_max: 1700
	F4_('S3', 'S2')_t3_max: 3839
	F9_('S1', 'S2')_t3_max: 102825
	F23_('S3', 'S4')_t3_max: 127280
	F29_('S1', 'S2')_t3_max: 494
	F20_('S3', 'S4')_t3_max: 15151
	F0_('S1', 'S2')_t3_max: 18327
	F6_('S5', 'S4')_t3_max: 7211
	F15_('S2', 'S3')_t3_max: 5654
	F17_('S4', 'S3')_t3_max: 3884
	F22_('S2', 'S3')_t3_max: 12632
	F10_('S3', 'S4')_t3_max: 5628
	F28_('S4', 'S5')_t3_max: 1534
	F26_('E1', 'S1')_t3_min: 6500
	F14_('S5', 'E5')_t5_min: 4213
	F9_('E1', 'S1')_t4_min: 102763
	F3_('S5', 'E5')_t5_max: 2628
	F24_('S2', 'S1')_t3_max: 57315
	F22_('S3', 'S4')_t3_max: 12677
	F28_('S4', 'S5')_tb: 1534
	F13_('E5', 'S5')_t3_min: 307
	F12_('E4', 'S4')_t4_min: 1577
	F18_('S3', 'E3')_t4_max: 125052
	F17_('S3', 'E3')_t3_min: 3940
	F15_('E2', 'S2')_t5_max: 5647
	F11_('E4', 'S4')_t4_max: 8190
	F12_('E4', 'S4')_t4_max: 1577
	F14_('S2', 'S3')_tb: 3783
	F8_('E5', 'S5')_t3_min: 60392
	F6_('S3', 'S2')_t3_max: 7411
	F0_('S1', 'S2')_tb: 18327
	F29_('S2', 'E2')_t3_max: 602
	F20_('E3', 'S3')_t4_min: 15048
	F7_('S4', 'S3')_t5_max: 1084
	F19_('E4', 'S4')_t5_min: 542
	F10_('S4', 'S5')_t5_min: 5814
	F17_('E4', 'S4')_t5_min: 3877
	F16_('S2', 'S3')_t5_max: 3497
	F26_('E1', 'S1')_t4_min: 6500
	F13_('S4', 'E4')_t5_max: 890
	F22_('S3', 'S4')_tb: 12677
	F5_('S3', 'S4')_t5_max: 38850
	F17_('S3', 'E3')_t3_max: 3945
	F16_('S3', 'S4')_t5_min: 3613
	F0_('S2', 'E2')_t3_min: 18398
	F23_('S4', 'E4')_t5_max: 127723
	F5_('E3', 'S3')_t5_min: 38807
	F6_('S4', 'S3')_t5_min: 7275
	F28_('E4', 'S4')_t4_min: 1452
	F25_('E5', 'S5')_t5_max: 88
	F6_('S3', 'S2')_t3_min: 7277
	F5_('S3', 'S4')_tb: 38814
	F20_('S4', 'S5')_t5_max: 15350
	F25_('E5', 'S5')_t3_min: 1
	F8_('E5', 'S5')_t4_max: 60392
	F28_('S5', 'E5')_t5_min: 1686
	F25_('S4', 'E4')_t3_max: 313
	F14_('S1', 'S2')_t3_min: 3541
	F1_('S3', 'E3')_t3_max: 1655
	F12_('E4', 'S4')_t3_min: 1577
	F26_('S4', 'E4')_t3_max: 7152
	F22_('S4', 'E4')_t4_max: 12846
	F19_('S2', 'S1')_t3_min: 748
	F21_('S2', 'S3')_t3_max: 29049
	F28_('S5', 'E5')_t3_min: 1611
	F3_('S3', 'S4')_t3_max: 2125
	F4_('S2', 'E2')_t3_min: 3902
	F13_('S4', 'E4')_tb: 525
	F12_('E4', 'S4')_tb: 1577
	F24_('E3', 'S3')_t3_min: 57075
	F14_('S5', 'E5')_tb: 4107
	F16_('S4', 'S5')_t3_min: 3615
	F14_('S4', 'S5')_t5_min: 4105
	F20_('S5', 'E5')_t3_max: 15357
	F7_('E4', 'S4')_t5_max: 979
	F15_('S2', 'S3')_tb: 5649
	F14_('S4', 'S5')_t5_max: 4363
	F20_('S5', 'E5')_t5_min: 15448
	F14_('S4', 'S5')_tb: 3999
	F13_('E5', 'S5')_t4_max: 307
	F21_('S2', 'S3')_tb: 29044
	F28_('E4', 'S4')_t5_max: 1527
	F19_('E4', 'S4')_t4_min: 442
	('S5', 'E5')_gcl_length: 2
	F6_('S3', 'S2')_t5_max: 7566
	F13_('S5', 'S4')_t3_min: 416
	F5_('E3', 'S3')_t5_max: 38807
	F22_('S3', 'S4')_t3_min: 12672
	F16_('S4', 'S5')_t5_min: 3863
	F14_('S1', 'S2')_tb: 3541
	F27_('S2', 'E2')_t3_min: 227
	F17_('S4', 'S3')_t3_min: 3879
	F21_('E1', 'S1')_t4_max: 28819
	F19_('S3', 'S2')_t3_max: 780
	F14_('S2', 'S3')_t5_min: 3889
	F10_('E3', 'S3')_t5_min: 5621
	F10_('S4', 'S5')_t5_max: 5943
	F6_('S2', 'S1')_t5_min: 7341
	F11_('E4', 'S4')_t5_min: 8301
	F26_('S4', 'E4')_tb: 7018
	F7_('E4', 'S4')_t4_max: 881
	('S1', 'S2')_gcl_length: 102
	F17_('S3', 'E3')_t4_max: 3945
	('S1', 'E1')_gcl_length: 0
	F20_('E3', 'S3')_t3_min: 15048
	F27_('S1', 'S2')_t5_min: 225
	F14_('S5', 'E5')_t4_max: 4494
	F6_('E5', 'S5')_t4_min: 7173
	F21_('S3', 'E3')_t3_min: 29154
	F7_('S3', 'S2')_t3_min: 1086
	F10_('E3', 'S3')_t3_min: 5529
	F19_('S2', 'S1')_t5_max: 1111
	F3_('S5', 'E5')_tb: 2202
	F7_('E4', 'S4')_t3_min: 881
	F16_('E1', 'S1')_t5_max: 3131
	F7_('S2', 'E2')_t4_max: 1320
	F23_('S4', 'E4')_t3_max: 127505
	F20_('S3', 'S4')_t5_max: 15247
	F22_('S2', 'S3')_tb: 12632
	F15_('S2', 'S3')_t5_max: 5883
	F3_('S1', 'S2')_t5_min: 2072
	F5_('E3', 'S3')_tb: 38771
	F11_('E4', 'S4')_t3_min: 8190
	F26_('S2', 'S3')_t3_max: 6826
	F18_('S4', 'S3')_t5_max: 124921
	F15_('E2', 'S2')_t5_min: 5647
	F14_('S3', 'S4')_t5_min: 3997
	F24_('S2', 'S1')_tb: 57315
	F19_('S2', 'S1')_tb: 1011
	F26_('S3', 'S4')_t3_min: 6922
	F17_('E4', 'S4')_t5_max: 3877
	F7_('S3', 'S2')_t5_min: 1189
	F4_('S3', 'S2')_t3_min: 3834
	F6_('S5', 'S4')_tb: 7211
	F12_('S3', 'E3')_t3_min: 1818
	F22_('S3', 'S4')_t5_min: 12715
	F4_('S2', 'E2')_t5_max: 4226
	F20_('E3', 'S3')_tb: 15048
	F3_('S2', 'S3')_tb: 2079
	F24_('S2', 'S1')_t5_max: 57428
	F28_('S5', 'E5')_t4_max: 1740
	F9_('S1', 'S2')_tb: 102820
	F3_('S1', 'S2')_t5_max: 2072
	F1_('S2', 'S3')_tb: 1498
	F2_('S4', 'S3')_t5_max: 31694
	('S2', 'S3')_gcl_length: 26
	F28_('S5', 'E5')_tb: 1611
	F20_('S3', 'S4')_t3_min: 15146
	F14_('S1', 'S2')_t5_min: 3647
	F1_('S2', 'S3')_t5_max: 1648
	F4_('S2', 'E2')_t5_min: 3968
	F3_('S3', 'S4')_t5_max: 2288
	F9_('E1', 'S1')_t4_max: 102763
	F25_('S4', 'E4')_tb: 179
	F2_('E4', 'S4')_t5_max: 31451
	F19_('S4', 'S3')_t5_min: 644
	F6_('S4', 'S3')_tb: 7244
	F7_('S3', 'S2')_t5_max: 1189
	F12_('S4', 'S3')_t3_min: 1695
	F4_('S2', 'E2')_t4_max: 4160
	F8_('S4', 'E4')_t3_min: 60525
	F7_('S2', 'E2')_t3_min: 1191
	F11_('S3', 'E3')_t3_max: 8550
	F22_('E2', 'S2')_t3_min: 12587
	F1_('E2', 'S2')_t5_max: 1496
	F27_('S2', 'E2')_tb: 227
	('S2', 'S1')_gcl_length: 130
	F19_('E4', 'S4')_tb: 442
	F11_('S4', 'S3')_t5_min: 8414
	F15_('S4', 'E4')_tb: 5863
	F6_('E5', 'S5')_t4_max: 7173
	F26_('E1', 'S1')_t5_max: 6594
	F25_('S4', 'E4')_t4_max: 437
	F17_('S4', 'S3')_t5_max: 3938
	F9_('S2', 'E2')_t5_max: 103190
	F29_('S1', 'S2')_t5_max: 595
	F22_('E2', 'S2')_t5_max: 12625
	F12_('S3', 'E3')_t5_min: 1939
	F17_('S4', 'S3')_t5_min: 3938
	F8_('E5', 'S5')_t5_max: 60454
	F10_('S3', 'S4')_t5_min: 5720
	F24_('S3', 'S2')_tb: 57195
	F16_('S5', 'E5')_t3_max: 3870
	F25_('S5', 'S4')_tb: 90
	F18_('S4', 'S3')_tb: 124774
	F28_('S4', 'S5')_t3_min: 1529
	F24_('E3', 'S3')_t5_min: 57188
	('S3', 'E3')_gcl_length: 10
	F26_('S4', 'E4')_t5_min: 7112
	F24_('S2', 'S1')_t3_min: 57310
	F20_('E3', 'S3')_t4_max: 15048
	F14_('S2', 'S3')_t5_max: 3889
	F25_('S4', 'E4')_t5_max: 524
	F7_('E4', 'S4')_tb: 881
	F19_('S2', 'S1')_t3_max: 1011
	F7_('S2', 'E2')_t3_max: 1196
	F3_('S3', 'S4')_t3_min: 2120
	F6_('S1', 'E1')_tb: 7343
	('E2', 'S2')_gcl_length: 0
	F3_('S1', 'S2')_t3_min: 2028
	F19_('S4', 'S3')_tb: 544
	F29_('E1', 'S1')_t5_max: 487
	F0_('E1', 'S1')_t5_min: 18320
	F13_('E5', 'S5')_t4_min: 307
	F26_('S4', 'E4')_t4_max: 7276
	F18_('S4', 'S3')_t3_min: 124774
	F10_('S3', 'S4')_t5_max: 5720
	F24_('S1', 'E1')_t3_max: 57435
	F13_('S5', 'S4')_t5_max: 652
	F6_('E5', 'S5')_t5_min: 7204
	F27_('E1', 'S1')_t5_min: 112
	F29_('S1', 'S2')_tb: 494
	F21_('S1', 'S2')_tb: 28934
	F16_('S5', 'E5')_t5_max: 3984
	F29_('S1', 'S2')_t5_min: 595
	F25_('E5', 'S5')_t4_max: 1
	F21_('S3', 'E3')_t4_max: 29412
	F0_('S2', 'E2')_t5_max: 18596
	F21_('S2', 'S3')_t5_min: 29152
	F17_('E4', 'S4')_t3_min: 3823
	F6_('S5', 'S4')_t5_max: 7242
	F18_('S4', 'S3')_t5_min: 124792
	F14_('E1', 'S1')_t3_min: 3433
	F19_('S1', 'E1')_t3_max: 1118
	F24_('S1', 'E1')_tb: 57430
	F4_('S2', 'E2')_tb: 3902
	F20_('S4', 'S5')_t3_max: 15254
	F27_('S2', 'E2')_t5_max: 596
	F6_('S4', 'S3')_t3_max: 7249
	F4_('S3', 'S2')_tb: 3834
	F3_('E1', 'S1')_t4_max: 1987
	F2_('S2', 'E2')_t5_min: 31793
	F15_('S3', 'S4')_t3_min: 5756
	F26_('S2', 'S3')_t3_min: 6692
	('S4', 'S5')_gcl_length: 26
	F26_('S2', 'S3')_t5_max: 6920
	F5_('S4', 'E4')_t4_max: 38981
	F19_('S1', 'E1')_t5_max: 1342
	F13_('S4', 'E4')_t5_min: 632
	F8_('S5', 'S4')_t3_min: 60456
	F23_('E3', 'S3')_t4_min: 127179
	F16_('S5', 'E5')_t4_max: 3870
	F15_('S4', 'E4')_t5_min: 5968
	F16_('E1', 'S1')_tb: 3017
	F24_('S3', 'S2')_t5_max: 57308
	F2_('S4', 'S3')_t3_min: 31453
	F19_('S1', 'E1')_t5_min: 1213
	F12_('S4', 'S3')_t5_max: 1816
	F26_('S3', 'S4')_t5_max: 7145
	F22_('S4', 'E4')_tb: 12717
	F2_('S2', 'E2')_tb: 31681
	F1_('E2', 'S2')_t4_max: 1475
	F0_('E1', 'S1')_t4_max: 18251
	F21_('E1', 'S1')_t5_min: 28927
	F25_('E5', 'S5')_tb: 1
	F1_('S3', 'E3')_t3_min: 1521
	F0_('E1', 'S1')_tb: 18251
	F20_('S5', 'E5')_tb: 15352
	F10_('E3', 'S3')_t4_max: 5529
	F14_('S4', 'S5')_t3_min: 3999
	F20_('S4', 'S5')_t3_min: 15249
	F19_('S3', 'S2')_t5_max: 1004
	F29_('E1', 'S1')_t4_min: 386
	('E4', 'S4')_gcl_length: 0
	('S2', 'E2')_gcl_length: 2
	F6_('S1', 'E1')_t4_max: 7859
	F28_('S4', 'S5')_t5_max: 1609
	F26_('S3', 'S4')_t5_min: 7016
	F25_('S5', 'S4')_t5_min: 177
	F10_('E3', 'S3')_t4_min: 5529
	F11_('S3', 'E3')_t4_max: 8674
	F23_('E3', 'S3')_t3_min: 127179
	F24_('S1', 'E1')_t4_max: 57559
	F29_('S2', 'E2')_t4_max: 602
	F14_('E1', 'S1')_t5_min: 3539
	F22_('E2', 'S2')_t4_min: 12587
	F12_('S3', 'E3')_tb: 1823
	F13_('S4', 'E4')_t4_max: 783
	F3_('S3', 'S4')_t5_min: 2159
	F5_('S3', 'S4')_t5_min: 38850
	F6_('S1', 'E1')_t5_min: 7374
	F24_('S1', 'E1')_t5_max: 57672
	F28_('E4', 'S4')_t3_min: 1452
	F3_('S4', 'S5')_tb: 2161
	F21_('E1', 'S1')_tb: 28819
	F5_('S4', 'E4')_tb: 38852
	F27_('E1', 'S1')_tb: 1
	F10_('E3', 'S3')_tb: 5529
	F5_('E3', 'S3')_t4_min: 38771
	F26_('E1', 'S1')_t5_min: 6594
	F19_('E4', 'S4')_t4_max: 442
	F1_('S2', 'S3')_t5_min: 1519
	F2_('S2', 'E2')_t5_max: 32180
	F16_('S1', 'S2')_t5_min: 3247
	F15_('E2', 'S2')_t3_min: 5542
	F22_('S2', 'S3')_t3_min: 12627
	F21_('S2', 'S3')_t5_max: 29281
	F21_('S1', 'S2')_t3_min: 28929
	F6_('S3', 'S2')_tb: 7277
	F13_('S4', 'E4')_t3_min: 525
	F16_('E1', 'S1')_t5_min: 3131
	('E1', 'S1')_gcl_length: 0
	F29_('S2', 'E2')_t5_max: 703
	F14_('E1', 'S1')_t4_max: 3433
	F20_('S5', 'E5')_t5_max: 15577
	F3_('S5', 'E5')_t3_max: 2465
	F10_('S5', 'E5')_t5_max: 6166
	F0_('E1', 'S1')_t3_min: 18251
	F8_('S4', 'E4')_t5_min: 60587
	F24_('E3', 'S3')_t5_max: 57188
	F8_('S4', 'E4')_t5_max: 60716
	F0_('S1', 'S2')_t5_max: 18396
	F6_('S1', 'E1')_t5_max: 7890
	F6_('S2', 'S1')_tb: 7310
	F1_('E2', 'S2')_t3_min: 1475
	F26_('S4', 'E4')_t3_min: 7018
	F18_('E4', 'S4')_t4_max: 124754
	F18_('S3', 'E3')_t5_max: 125070
	F7_('S4', 'S3')_t3_min: 981
	F17_('E4', 'S4')_t4_max: 3823
	F0_('E1', 'S1')_t4_min: 18251
	F4_('S3', 'S2')_t5_max: 4029
	F27_('S2', 'E2')_t4_max: 485
	F27_('E1', 'S1')_t4_max: 1
	F10_('E3', 'S3')_t5_max: 5621
	F25_('S5', 'S4')_t5_max: 306
	F28_('E4', 'S4')_t5_min: 1527
	F25_('E5', 'S5')_t4_min: 1
	F15_('E2', 'S2')_t4_min: 5542
	F6_('S1', 'E1')_t3_min: 7343
	F3_('E1', 'S1')_t3_min: 1987
	F19_('S4', 'S3')_t3_min: 544
	F5_('S4', 'E4')_t5_min: 38888
	F15_('S3', 'S4')_t5_min: 5861
	F8_('E5', 'S5')_t5_min: 60454
	F9_('S1', 'S2')_t3_min: 102820
	F7_('E4', 'S4')_t5_min: 979
	F21_('S3', 'E3')_t5_max: 29520
	F11_('S4', 'S3')_tb: 8303
	F8_('S4', 'E4')_t4_max: 60654
	F16_('E1', 'S1')_t4_max: 3017
	F19_('S3', 'S2')_t5_min: 746
	F24_('S1', 'E1')_t5_min: 57543
	F15_('S2', 'S3')_t5_min: 5754
	F11_('S4', 'S3')_t5_max: 8543
	F26_('S2', 'S3')_t5_min: 6920
	F7_('S2', 'E2')_t5_min: 1289
	F2_('E4', 'S4')_t4_max: 31339
	F19_('S3', 'S2')_t3_min: 646
	F16_('S1', 'S2')_tb: 3133
	F6_('S5', 'S4')_t3_min: 7206
	F16_('S3', 'S4')_tb: 3499
	F11_('S4', 'S3')_t3_min: 8303
	F4_('E3', 'S3')_t5_min: 3832
	F17_('E4', 'S4')_tb: 3823
	F22_('S4', 'E4')_t5_min: 12755
	F18_('E4', 'S4')_t3_min: 124754
	F20_('S4', 'S5')_t5_min: 15350
	F9_('S2', 'E2')_t5_min: 102932
	F14_('S1', 'S2')_t5_max: 3776
	F16_('S5', 'E5')_t3_min: 3865
	F6_('S1', 'E1')_t3_max: 7735
	F14_('E1', 'S1')_tb: 3433
	F13_('E5', 'S5')_tb: 307
	F18_('E4', 'S4')_t5_max: 124772
	F3_('E1', 'S1')_t4_min: 1987
	F10_('S3', 'S4')_t3_min: 5623
	F23_('S3', 'S4')_t3_min: 127275
	F2_('E4', 'S4')_t4_min: 31339
	F26_('S1', 'S2')_t3_min: 6596
	F16_('S5', 'E5')_t5_min: 3984
	F26_('E1', 'S1')_tb: 6500
	F9_('S2', 'E2')_t4_max: 103135
	F1_('S3', 'E3')_t5_min: 1676
	F2_('S4', 'S3')_t5_min: 31565
	F10_('S4', 'S5')_t3_max: 5727
	F23_('S4', 'E4')_t4_max: 127629
	F10_('S4', 'S5')_tb: 5722
	F8_('S5', 'S4')_t5_max: 60523
	F5_('E3', 'S3')_t3_min: 38771
	F3_('S5', 'E5')_t5_min: 2241
	F5_('S4', 'E4')_t3_max: 38857
	F26_('S1', 'S2')_t5_max: 6819
	F15_('S2', 'S3')_t3_min: 5649
	F12_('S3', 'E3')_t3_max: 1823
	F16_('S2', 'S3')_tb: 3383
	F22_('S4', 'E4')_t3_max: 12722
	F29_('E1', 'S1')_tb: 386
	F4_('E3', 'S3')_t3_min: 3766
	F18_('E4', 'S4')_t4_min: 124754
	F8_('S4', 'E4')_t3_max: 60530
	F26_('S4', 'E4')_t5_max: 7370
	('S4', 'E4')_gcl_length: 0
	F9_('S2', 'E2')_t3_max: 103011
	('S3', 'S2')_gcl_length: 130
	F15_('S4', 'E4')_t3_max: 6126
	F26_('S1', 'S2')_t5_min: 6690
	F5_('S4', 'E4')_t3_min: 38852
	F6_('E5', 'S5')_t5_max: 7204
	F2_('E4', 'S4')_t5_min: 31451
	F16_('E1', 'S1')_t3_min: 3017
	F0_('S2', 'E2')_t4_max: 18527
	F9_('S1', 'S2')_t5_max: 103004
	F7_('S4', 'S3')_t5_min: 1084
	F28_('E4', 'S4')_tb: 1452
	F7_('S4', 'S3')_tb: 986
	F9_('E1', 'S1')_tb: 102763
	F17_('S3', 'E3')_t5_max: 3999
	F4_('E3', 'S3')_t4_max: 3766
	F3_('E1', 'S1')_t5_max: 2026
	('E5', 'S5')_gcl_length: 0
	F23_('S4', 'E4')_tb: 127371
	F3_('S2', 'S3')_t3_max: 2079
	F21_('E1', 'S1')_t4_min: 28819
	F2_('S2', 'E2')_t3_max: 31944
	F5_('S3', 'S4')_t3_min: 38809
	F1_('S3', 'E3')_t4_max: 1655
	F27_('S1', 'S2')_t5_max: 354
	F13_('S5', 'S4')_t5_min: 523
	F6_('E5', 'S5')_tb: 7173
	F14_('S3', 'S4')_t5_max: 4126
	F25_('S4', 'E4')_t5_min: 266
	F28_('S4', 'S5')_t5_min: 1609
	('E3', 'S3')_gcl_length: 0
	F24_('S2', 'S1')_t5_min: 57428
	F24_('E3', 'S3')_t4_min: 57075
	F3_('S2', 'S3')_t3_min: 2074
	F15_('S4', 'E4')_t4_max: 6250
	F21_('S1', 'S2')_t5_min: 29042
	F12_('S3', 'E3')_t5_max: 1939
	F21_('S1', 'S2')_t5_max: 29042
	F22_('E2', 'S2')_t4_max: 12587
	F10_('S5', 'E5')_t3_max: 5950
	F2_('S2', 'E2')_t3_min: 31681
	F1_('E2', 'S2')_t5_min: 1496
	F17_('S3', 'E3')_tb: 3945
	F29_('E1', 'S1')_t4_max: 386
	F17_('S3', 'E3')_t5_min: 3999
	F2_('S3', 'S2')_t5_max: 31937
	F9_('E1', 'S1')_t5_max: 102818
	F6_('S2', 'S1')_t5_max: 7728
	F16_('S1', 'S2')_t5_max: 3376
	F11_('E4', 'S4')_t5_max: 8301
	F1_('S3', 'E3')_tb: 1655
	F19_('S1', 'E1')_t3_min: 1113
	F19_('S2', 'S1')_t5_min: 1111
	F12_('S4', 'S3')_t5_min: 1816
	F10_('S4', 'S5')_t3_min: 5722
	F3_('S4', 'S5')_t5_min: 2200
	F16_('S4', 'S5')_t3_max: 3749
	F7_('S2', 'E2')_t5_max: 1418
	F11_('S3', 'E3')_tb: 8416
	F23_('E3', 'S3')_t4_max: 127179
	F27_('E1', 'S1')_t3_min: 1
	F22_('S4', 'E4')_t3_min: 12717
	F14_('S5', 'E5')_t3_min: 4107
	F24_('S3', 'S2')_t5_min: 57308
	F6_('S2', 'S1')_t3_max: 7573
	F16_('S2', 'S3')_t3_max: 3383
	('S5', 'S4')_gcl_length: 18
	F23_('S4', 'E4')_t3_min: 127371
	F11_('S3', 'E3')_t3_min: 8416
	F4_('E3', 'S3')_t5_max: 3832
	F0_('S1', 'S2')_t3_min: 18322
	F15_('E2', 'S2')_tb: 5542
	F8_('S5', 'S4')_t5_min: 60523
	F25_('S4', 'E4')_t3_min: 179
	F12_('S4', 'S3')_tb: 1700
	F21_('E1', 'S1')_t3_min: 28819
	F20_('S5', 'E5')_t4_max: 15481
	F24_('E3', 'S3')_t4_max: 57075
	F15_('S4', 'E4')_t5_max: 6355
	F9_('E1', 'S1')_t5_min: 102818
	F22_('S2', 'S3')_t5_max: 12670
	F2_('S3', 'S2')_t3_max: 31701
	F7_('S3', 'S2')_tb: 1091
	F11_('S3', 'E3')_t5_max: 8785
	F13_('E5', 'S5')_t5_min: 414
	F1_('E2', 'S2')_tb: 1475
	F23_('S3', 'S4')_t5_max: 127498
	F29_('E1', 'S1')_t3_min: 386
	F7_('S2', 'E2')_tb: 1191
	F14_('E1', 'S1')_t5_max: 3539
	F12_('S3', 'E3')_t4_max: 1823
	F26_('S2', 'S3')_tb: 6826
	F9_('E1', 'S1')_t3_min: 102763
	F6_('S5', 'S4')_t5_min: 7242
	F14_('E1', 'S1')_t4_min: 3433
	F20_('S5', 'E5')_t3_min: 15352
	F19_('S1', 'E1')_t4_max: 1242
	F3_('S5', 'E5')_t4_max: 2589
	F23_('S3', 'S4')_tb: 127275
	F11_('E4', 'S4')_tb: 8190
	F23_('E3', 'S3')_t5_min: 127273
	F26_('S1', 'S2')_tb: 6596
	F6_('S4', 'S3')_t5_max: 7404
	F24_('E3', 'S3')_tb: 57075
	F3_('S4', 'S5')_t3_max: 2295
	F1_('S3', 'E3')_t5_max: 1676
	F29_('S2', 'E2')_t5_min: 703
	F1_('E2', 'S2')_t4_min: 1475
	F18_('S3', 'E3')_tb: 124794
	F28_('E4', 'S4')_t4_max: 1452
	F12_('E4', 'S4')_t5_max: 1693
	F9_('S1', 'S2')_t5_min: 102875
	F14_('S2', 'S3')_t3_max: 3783
	F14_('S3', 'S4')_tb: 3891
	F26_('E1', 'S1')_t4_max: 6500
	F13_('E5', 'S5')_t5_max: 414
	F3_('S1', 'S2')_tb: 2033
	F27_('S1', 'S2')_tb: 114
	F3_('S3', 'S4')_tb: 2120
	('S4', 'S3')_gcl_length: 10
	F20_('S3', 'S4')_tb: 15151
	F10_('S3', 'S4')_tb: 5628
	F29_('E1', 'S1')_t5_min: 487
	F28_('S5', 'E5')_t3_max: 1616
