0. Flow F0 [E4-->E3] with period 32000, payload 772B, e2e delay 32000us, jitter 3200us
	('E4', 'S4'), Operation(1467, None, 1529)(1467, 1467)
	('S4', 'S3'), Operation(1531, 1543, 1605)(1543, 1543)
	('S3', 'E3'), Operation(1607, None, 1798)(1607, 1736)
1. Flow F1 [E1-->E3] with period 16000, payload 858B, e2e delay 16000us, jitter 1600us
	('E1', 'S1'), Operation(8748, None, 8817)(8748, 8748)
	('S1', 'S2'), Operation(8819, 8947, 9016)(8947, 8947)
	('S2', 'S3'), Operation(9018, 9146, 9215)(9146, 9146)
	('S3', 'E3'), Operation(9217, None, 9415)(9217, 9346)
2. Flow F2 [E3-->E4] with period 128000, payload 275B, e2e delay 128000us, jitter 12800us
	('E3', 'S3'), Operation(59672, None, 59694)(59672, 59672)
	('S3', 'S4'), Operation(59696, None, 59847)(59696, 59825)
	('S4', 'E4'), Operation(59720, 59977, 59999)(59977, 59977)
3. Flow F3 [E1-->E2] with period 32000, payload 1350B, e2e delay 32000us, jitter 3200us
	('E1', 'S1'), Operation(3997, None, 4105)(3997, 3997)
	('S1', 'S2'), Operation(4107, 4235, 4343)(4235, 4235)
	('S2', 'E2'), Operation(4345, None, 4582)(4345, 4474)
4. Flow F4 [E5-->E1] with period 64000, payload 1200B, e2e delay 64000us, jitter 6400us
	('E5', 'S5'), Operation(1661, None, 1757)(1661, 1661)
	('S5', 'S4'), Operation(1759, None, 1984)(1759, 1888)
	('S4', 'S3'), Operation(1857, None, 2211)(1857, 2115)
	('S3', 'S2'), Operation(1955, 2229, 2325)(2229, 2229)
	('S2', 'S1'), Operation(2327, None, 2552)(2327, 2456)
	('S1', 'E1'), Operation(2425, None, 2779)(2425, 2683)
5. Flow F5 [E4-->E3] with period 2000, payload 762B, e2e delay 2000us, jitter 200us
	('E4', 'S4'), Operation(1227, None, 1288)(1227, 1227)
	('S4', 'S3'), Operation(1290, 1353, 1414)(1353, 1353)
	('S3', 'E3'), Operation(1416, None, 1606)(1416, 1545)
6. Flow F6 [E4-->E2] with period 16000, payload 711B, e2e delay 16000us, jitter 1600us
	('E4', 'S4'), Operation(7739, None, 7796)(7739, 7739)
	('S4', 'S3'), Operation(7798, None, 7984)(7798, 7927)
	('S3', 'S2'), Operation(7857, None, 8172)(7857, 8115)
	('S2', 'E2'), Operation(7916, None, 8360)(7916, 8303)
7. Flow F7 [E5-->E2] with period 4000, payload 1329B, e2e delay 4000us, jitter 400us
	('E5', 'S5'), Operation(1989, None, 2096)(1989, 1989)
	('S5', 'S4'), Operation(2098, 2103, 2210)(2103, 2103)
	('S4', 'S3'), Operation(2212, 2217, 2324)(2217, 2217)
	('S3', 'S2'), Operation(2326, 2454, 2561)(2454, 2454)
	('S2', 'E2'), Operation(2563, None, 2799)(2563, 2692)
8. Flow F8 [E2-->E1] with period 32000, payload 1516B, e2e delay 32000us, jitter 3200us
	('E2', 'S2'), Operation(16208, None, 16330)(16208, 16208)
	('S2', 'S1'), Operation(16332, None, 16583)(16332, 16461)
	('S1', 'E1'), Operation(16456, None, 16836)(16456, 16714)
9. Flow F9 [E4-->E1] with period 16000, payload 409B, e2e delay 16000us, jitter 1600us
	('E4', 'S4'), Operation(15092, None, 15125)(15092, 15092)
	('S4', 'S3'), Operation(15127, None, 15289)(15127, 15256)
	('S3', 'S2'), Operation(15162, 15419, 15452)(15419, 15419)
	('S2', 'S1'), Operation(15454, None, 15616)(15454, 15583)
	('S1', 'E1'), Operation(15489, None, 15780)(15489, 15747)
10. Flow F10 [E2-->E3] with period 16000, payload 808B, e2e delay 16000us, jitter 1600us
	('E2', 'S2'), Operation(121, None, 186)(121, 121)
	('S2', 'S3'), Operation(188, None, 382)(188, 317)
	('S3', 'E3'), Operation(255, None, 578)(255, 513)
11. Flow F11 [E5-->E1] with period 32000, payload 180B, e2e delay 32000us, jitter 3200us
	('E5', 'S5'), Operation(28139, None, 28154)(28139, 28139)
	('S5', 'S4'), Operation(28156, 28224, 28239)(28224, 28224)
	('S4', 'S3'), Operation(28241, 28309, 28324)(28309, 28309)
	('S3', 'S2'), Operation(28326, 28331, 28346)(28331, 28331)
	('S2', 'S1'), Operation(28348, None, 28492)(28348, 28477)
	('S1', 'E1'), Operation(28365, None, 28638)(28365, 28623)
12. Flow F12 [E4-->E3] with period 16000, payload 942B, e2e delay 16000us, jitter 1600us
	('E4', 'S4'), Operation(8726, None, 8802)(8726, 8726)
	('S4', 'S3'), Operation(8804, None, 9009)(8804, 8933)
	('S3', 'E3'), Operation(8882, None, 9216)(8882, 9140)
13. Flow F13 [E2-->E3] with period 64000, payload 539B, e2e delay 64000us, jitter 6400us
	('E2', 'S2'), Operation(56197, None, 56241)(56197, 56197)
	('S2', 'S3'), Operation(56243, None, 56416)(56243, 56372)
	('S3', 'E3'), Operation(56289, None, 56591)(56289, 56547)
14. Flow F14 [E1-->E3] with period 16000, payload 772B, e2e delay 16000us, jitter 1600us
	('E1', 'S1'), Operation(1675, None, 1737)(1675, 1675)
	('S1', 'S2'), Operation(1739, 1867, 1929)(1867, 1867)
	('S2', 'S3'), Operation(1931, 1936, 1998)(1936, 1936)
	('S3', 'E3'), Operation(2000, 2129, 2191)(2129, 2129)
15. Flow F15 [E1-->E5] with period 2000, payload 1356B, e2e delay 2000us, jitter 200us
	('E1', 'S1'), Operation(512, None, 621)(512, 512)
	('S1', 'S2'), Operation(623, 628, 737)(628, 628)
	('S2', 'S3'), Operation(739, None, 977)(739, 868)
	('S3', 'S4'), Operation(850, 984, 1093)(984, 984)
	('S4', 'S5'), Operation(1095, None, 1333)(1095, 1224)
	('S5', 'E5'), Operation(1206, 1340, 1449)(1340, 1340)
16. Flow F16 [E5-->E2] with period 16000, payload 356B, e2e delay 16000us, jitter 1600us
	('E5', 'S5'), Operation(15608, None, 15637)(15608, 15608)
	('S5', 'S4'), Operation(15639, 15767, 15796)(15767, 15767)
	('S4', 'S3'), Operation(15798, 15803, 15832)(15803, 15803)
	('S3', 'S2'), Operation(15834, 15839, 15868)(15839, 15839)
	('S2', 'E2'), Operation(15870, 15875, 15904)(15875, 15875)
17. Flow F17 [E1-->E5] with period 8000, payload 110B, e2e delay 8000us, jitter 800us
	('E1', 'S1'), Operation(3390, None, 3399)(3390, 3390)
	('S1', 'S2'), Operation(3401, 3406, 3415)(3406, 3406)
	('S2', 'S3'), Operation(3417, None, 3555)(3417, 3546)
	('S3', 'S4'), Operation(3428, None, 3695)(3428, 3686)
	('S4', 'S5'), Operation(3439, None, 3835)(3439, 3826)
	('S5', 'E5'), Operation(3450, None, 3975)(3450, 3966)
18. Flow F18 [E4-->E2] with period 8000, payload 317B, e2e delay 8000us, jitter 800us
	('E4', 'S4'), Operation(1387, None, 1413)(1387, 1387)
	('S4', 'S3'), Operation(1415, 1504, 1530)(1504, 1504)
	('S3', 'S2'), Operation(1532, 1660, 1686)(1660, 1660)
	('S2', 'E2'), Operation(1688, 1816, 1842)(1816, 1816)
19. Flow F19 [E2-->E3] with period 128000, payload 1048B, e2e delay 128000us, jitter 12800us
	('E2', 'S2'), Operation(79025, None, 79109)(79025, 79025)
	('S2', 'S3'), Operation(79111, 79116, 79200)(79116, 79116)
	('S3', 'E3'), Operation(79202, None, 79415)(79202, 79331)
20. Flow F20 [E3-->E5] with period 2000, payload 82B, e2e delay 2000us, jitter 200us
	('E3', 'S3'), Operation(705, None, 712)(705, 705)
	('S3', 'S4'), Operation(714, 842, 849)(842, 842)
	('S4', 'S5'), Operation(851, 979, 986)(979, 979)
	('S5', 'E5'), Operation(988, 1116, 1123)(1116, 1116)
21. Flow F21 [E3-->E2] with period 8000, payload 788B, e2e delay 8000us, jitter 800us
	('E3', 'S3'), Operation(4138, None, 4202)(4138, 4138)
	('S3', 'S2'), Operation(4204, 4209, 4273)(4209, 4209)
	('S2', 'E2'), Operation(4275, 4280, 4344)(4280, 4280)
22. Flow F22 [E5-->E1] with period 32000, payload 827B, e2e delay 32000us, jitter 3200us
	('E5', 'S5'), Operation(29660, None, 29727)(29660, 29660)
	('S5', 'S4'), Operation(29729, None, 29925)(29729, 29858)
	('S4', 'S3'), Operation(29798, 29943, 30010)(29943, 29943)
	('S3', 'S2'), Operation(30012, 30140, 30207)(30140, 30140)
	('S2', 'S1'), Operation(30209, 30247, 30314)(30247, 30247)
	('S1', 'E1'), Operation(30316, 30444, 30511)(30444, 30444)
23. Flow F23 [E5-->E3] with period 2000, payload 877B, e2e delay 2000us, jitter 200us
	('E5', 'S5'), Operation(1332, None, 1403)(1332, 1332)
	('S5', 'S4'), Operation(1405, 1533, 1604)(1533, 1533)
	('S4', 'S3'), Operation(1606, 1726, 1797)(1726, 1726)
	('S3', 'E3'), Operation(1799, None, 1999)(1799, 1928)
24. Flow F24 [E1-->E2] with period 128000, payload 360B, e2e delay 128000us, jitter 12800us
	('E1', 'S1'), Operation(71109, None, 71138)(71109, 71109)
	('S1', 'S2'), Operation(71140, None, 71298)(71140, 71269)
	('S2', 'E2'), Operation(71171, 71429, 71458)(71429, 71429)
25. Flow F25 [E5-->E3] with period 32000, payload 336B, e2e delay 32000us, jitter 3200us
	('E5', 'S5'), Operation(667, None, 694)(667, 667)
	('S5', 'S4'), Operation(696, 824, 851)(824, 824)
	('S4', 'S3'), Operation(853, None, 1009)(853, 982)
	('S3', 'E3'), Operation(882, None, 1167)(882, 1140)
26. Flow F26 [E4-->E1] with period 4000, payload 862B, e2e delay 4000us, jitter 400us
	('E4', 'S4'), Operation(2816, None, 2885)(2816, 2816)
	('S4', 'S3'), Operation(2887, 2892, 2961)(2892, 2892)
	('S3', 'S2'), Operation(2963, None, 3161)(2963, 3092)
	('S2', 'S1'), Operation(3034, None, 3361)(3034, 3292)
	('S1', 'E1'), Operation(3105, 3419, 3488)(3419, 3419)
27. Flow F27 [E2-->E5] with period 32000, payload 672B, e2e delay 32000us, jitter 3200us
	('E2', 'S2'), Operation(13781, None, 13835)(13781, 13781)
	('S2', 'S3'), Operation(13837, None, 14020)(13837, 13966)
	('S3', 'S4'), Operation(13893, 14150, 14204)(14150, 14150)
	('S4', 'S5'), Operation(14206, None, 14389)(14206, 14335)
	('S5', 'E5'), Operation(14262, None, 14574)(14262, 14520)
28. Flow F28 [E5-->E4] with period 8000, payload 1250B, e2e delay 8000us, jitter 800us
	('E5', 'S5'), Operation(2351, None, 2451)(2351, 2351)
	('S5', 'S4'), Operation(2453, 2458, 2558)(2458, 2458)
	('S4', 'E4'), Operation(2560, None, 2789)(2560, 2689)
29. Flow F29 [E4-->E5] with period 64000, payload 96B, e2e delay 64000us, jitter 6400us
	('E4', 'S4'), Operation(35827, None, 35835)(35827, 35827)
	('S4', 'S5'), Operation(35837, 35966, 35974)(35966, 35966)
	('S5', 'E5'), Operation(35976, 35981, 35989)(35981, 35981)
30. Flow F30 [E1-->E5] with period 8000, payload 1048B, e2e delay 8000us, jitter 800us
	('E1', 'S1'), Operation(1418, None, 1502)(1418, 1418)
	('S1', 'S2'), Operation(1504, 1632, 1716)(1632, 1632)
	('S2', 'S3'), Operation(1718, 1846, 1930)(1846, 1846)
	('S3', 'S4'), Operation(1932, 2060, 2144)(2060, 2060)
	('S4', 'S5'), Operation(2146, None, 2359)(2146, 2275)
	('S5', 'E5'), Operation(2232, None, 2574)(2232, 2490)
31. Flow F31 [E4-->E5] with period 8000, payload 502B, e2e delay 8000us, jitter 800us
	('E4', 'S4'), Operation(5719, None, 5760)(5719, 5719)
	('S4', 'S5'), Operation(5762, 5890, 5931)(5890, 5890)
	('S5', 'E5'), Operation(5933, 5938, 5979)(5938, 5938)
32. Flow F32 [E2-->E1] with period 16000, payload 239B, e2e delay 16000us, jitter 1600us
	('E2', 'S2'), Operation(187, None, 207)(187, 187)
	('S2', 'S1'), Operation(209, 311, 331)(311, 311)
	('S1', 'E1'), Operation(333, 435, 455)(435, 435)
33. Flow F33 [E3-->E5] with period 64000, payload 1044B, e2e delay 64000us, jitter 6400us
	('E3', 'S3'), Operation(1502, None, 1586)(1502, 1502)
	('S3', 'S4'), Operation(1588, None, 1801)(1588, 1717)
	('S4', 'S5'), Operation(1674, None, 2016)(1674, 1932)
	('S5', 'E5'), Operation(1760, None, 2231)(1760, 2147)
34. Flow F34 [E2-->E5] with period 2000, payload 918B, e2e delay 2000us, jitter 200us
	('E2', 'S2'), Operation(341, None, 415)(341, 341)
	('S2', 'S3'), Operation(417, None, 620)(417, 546)
	('S3', 'S4'), Operation(493, 627, 701)(627, 627)
	('S4', 'S5'), Operation(703, 708, 782)(708, 708)
	('S5', 'E5'), Operation(784, None, 987)(784, 913)
35. Flow F35 [E2-->E1] with period 2000, payload 1247B, e2e delay 2000us, jitter 200us
	('E2', 'S2'), Operation(1, None, 101)(1, 1)
	('S2', 'S1'), Operation(103, 108, 208)(108, 108)
	('S1', 'E1'), Operation(210, 215, 315)(215, 215)
36. Flow F36 [E3-->E2] with period 8000, payload 1244B, e2e delay 8000us, jitter 800us
	('E3', 'S3'), Operation(5093, None, 5193)(5093, 5093)
	('S3', 'S2'), Operation(5195, 5200, 5300)(5200, 5200)
	('S2', 'E2'), Operation(5302, 5432, 5532)(5432, 5432)
37. Flow F37 [E4-->E3] with period 32000, payload 761B, e2e delay 32000us, jitter 3200us
	('E4', 'S4'), Operation(8070, None, 8131)(8070, 8070)
	('S4', 'S3'), Operation(8133, 8263, 8324)(8263, 8263)
	('S3', 'E3'), Operation(8326, None, 8516)(8326, 8455)
38. Flow F38 [E1-->E4] with period 4000, payload 1188B, e2e delay 4000us, jitter 400us
	('E1', 'S1'), Operation(2640, None, 2736)(2640, 2640)
	('S1', 'S2'), Operation(2738, 2880, 2976)(2880, 2880)
	('S2', 'S3'), Operation(2978, 2996, 3092)(2996, 2996)
	('S3', 'S4'), Operation(3094, 3099, 3195)(3099, 3099)
	('S4', 'E4'), Operation(3197, 3325, 3421)(3325, 3325)
39. Flow F39 [E1-->E2] with period 32000, payload 1100B, e2e delay 32000us, jitter 3200us
	('E1', 'S1'), Operation(28037, None, 28125)(28037, 28037)
	('S1', 'S2'), Operation(28127, 28255, 28343)(28255, 28255)
	('S2', 'E2'), Operation(28345, 28350, 28438)(28350, 28350)
40. Flow F40 [E3-->E4] with period 128000, payload 253B, e2e delay 128000us, jitter 12800us
	('E3', 'S3'), Operation(68319, None, 68340)(68319, 68319)
	('S3', 'S4'), Operation(68342, None, 68492)(68342, 68471)
	('S4', 'E4'), Operation(68365, 68499, 68520)(68499, 68499)
41. Flow F41 [E1-->E4] with period 8000, payload 405B, e2e delay 8000us, jitter 800us
	('E1', 'S1'), Operation(3859, None, 3892)(3859, 3859)
	('S1', 'S2'), Operation(3894, None, 4056)(3894, 4023)
	('S2', 'S3'), Operation(3929, None, 4220)(3929, 4187)
	('S3', 'S4'), Operation(3964, 4291, 4324)(4291, 4291)
	('S4', 'E4'), Operation(4326, 4331, 4364)(4331, 4331)
42. Flow F42 [E4-->E5] with period 32000, payload 753B, e2e delay 32000us, jitter 3200us
	('E4', 'S4'), Operation(29973, None, 30034)(29973, 29973)
	('S4', 'S5'), Operation(30036, 30164, 30225)(30164, 30164)
	('S5', 'E5'), Operation(30227, 30232, 30293)(30232, 30232)
43. Flow F43 [E3-->E5] with period 128000, payload 232B, e2e delay 128000us, jitter 12800us
	('E3', 'S3'), Operation(117917, None, 117936)(117917, 117917)
	('S3', 'S4'), Operation(117938, None, 118086)(117938, 118067)
	('S4', 'S5'), Operation(117959, None, 118236)(117959, 118217)
	('S5', 'E5'), Operation(117980, None, 118386)(117980, 118367)
44. Flow F44 [E4-->E5] with period 8000, payload 679B, e2e delay 8000us, jitter 800us
	('E4', 'S4'), Operation(7289, None, 7344)(7289, 7289)
	('S4', 'S5'), Operation(7346, 7476, 7531)(7476, 7476)
	('S5', 'E5'), Operation(7533, 7538, 7593)(7538, 7538)
45. Flow F45 [E4-->E5] with period 2000, payload 896B, e2e delay 2000us, jitter 200us
	('E4', 'S4'), Operation(427, None, 499)(427, 427)
	('S4', 'S5'), Operation(501, None, 702)(501, 630)
	('S5', 'E5'), Operation(575, 711, 783)(711, 711)
46. Flow F46 [E4-->E5] with period 32000, payload 1049B, e2e delay 32000us, jitter 3200us
	('E4', 'S4'), Operation(25414, None, 25498)(25414, 25414)
	('S4', 'S5'), Operation(25500, 25505, 25589)(25505, 25505)
	('S5', 'E5'), Operation(25591, 25596, 25680)(25596, 25596)
47. Flow F47 [E2-->E5] with period 64000, payload 987B, e2e delay 64000us, jitter 6400us
	('E2', 'S2'), Operation(21689, None, 21768)(21689, 21689)
	('S2', 'S3'), Operation(21770, None, 21978)(21770, 21899)
	('S3', 'S4'), Operation(21851, None, 22188)(21851, 22109)
	('S4', 'S5'), Operation(21932, None, 22398)(21932, 22319)
	('S5', 'E5'), Operation(22013, 22405, 22484)(22405, 22405)
48. Flow F48 [E3-->E2] with period 4000, payload 370B, e2e delay 4000us, jitter 400us
	('E3', 'S3'), Operation(1341, None, 1371)(1341, 1341)
	('S3', 'S2'), Operation(1373, 1501, 1531)(1501, 1501)
	('S2', 'E2'), Operation(1533, 1657, 1687)(1657, 1657)
49. Flow F49 [E2-->E1] with period 8000, payload 1101B, e2e delay 8000us, jitter 800us
	('E2', 'S2'), Operation(1794, None, 1883)(1794, 1794)
	('S2', 'S1'), Operation(1885, 2013, 2102)(2013, 2013)
	('S1', 'E1'), Operation(2104, 2120, 2209)(2120, 2120)
50. Flow F50 [E4-->E5] with period 8000, payload 584B, e2e delay 8000us, jitter 800us
	('E4', 'S4'), Operation(5529, None, 5576)(5529, 5529)
	('S4', 'S5'), Operation(5578, None, 5754)(5578, 5707)
	('S5', 'E5'), Operation(5627, None, 5932)(5627, 5885)
51. Flow F51 [E3-->E5] with period 8000, payload 218B, e2e delay 8000us, jitter 800us
	('E3', 'S3'), Operation(7534, None, 7552)(7534, 7534)
	('S3', 'S4'), Operation(7554, None, 7701)(7554, 7683)
	('S4', 'S5'), Operation(7574, None, 7850)(7574, 7832)
	('S5', 'E5'), Operation(7594, None, 7999)(7594, 7981)
52. Flow F52 [E4-->E2] with period 32000, payload 133B, e2e delay 32000us, jitter 3200us
	('E4', 'S4'), Operation(3836, None, 3847)(3836, 3836)
	('S4', 'S3'), Operation(3849, None, 3989)(3849, 3978)
	('S3', 'S2'), Operation(3862, 4121, 4132)(4121, 4121)
	('S2', 'E2'), Operation(4134, None, 4274)(4134, 4263)
53. Flow F53 [E3-->E5] with period 8000, payload 480B, e2e delay 8000us, jitter 800us
	('E3', 'S3'), Operation(5053, None, 5092)(5053, 5053)
	('S3', 'S4'), Operation(5094, 5368, 5407)(5368, 5368)
	('S4', 'S5'), Operation(5409, None, 5577)(5409, 5538)
	('S5', 'E5'), Operation(5450, 5584, 5623)(5584, 5584)
54. Flow F54 [E3-->E5] with period 64000, payload 1322B, e2e delay 64000us, jitter 6400us
	('E3', 'S3'), Operation(43620, None, 43726)(43620, 43620)
	('S3', 'S4'), Operation(43728, None, 43963)(43728, 43857)
	('S4', 'S5'), Operation(43836, 44093, 44199)(44093, 44093)
	('S5', 'E5'), Operation(44201, 44206, 44312)(44206, 44206)
55. Flow F55 [E3-->E5] with period 16000, payload 556B, e2e delay 16000us, jitter 1600us
	('E3', 'S3'), Operation(1, None, 46)(1, 1)
	('S3', 'S4'), Operation(48, None, 222)(48, 177)
	('S4', 'S5'), Operation(95, None, 398)(95, 353)
	('S5', 'E5'), Operation(142, None, 574)(142, 529)
56. Flow F56 [E3-->E2] with period 64000, payload 1166B, e2e delay 64000us, jitter 6400us
	('E3', 'S3'), Operation(43066, None, 43160)(43066, 43066)
	('S3', 'S2'), Operation(43162, None, 43385)(43162, 43291)
	('S2', 'E2'), Operation(43258, 43515, 43609)(43515, 43515)
57. Flow F57 [E4-->E2] with period 8000, payload 942B, e2e delay 8000us, jitter 800us
	('E4', 'S4'), Operation(6596, None, 6672)(6596, 6596)
	('S4', 'S3'), Operation(6674, 6679, 6755)(6679, 6679)
	('S3', 'S2'), Operation(6757, None, 6962)(6757, 6886)
	('S2', 'E2'), Operation(6835, 7094, 7170)(7094, 7094)
58. Flow F58 [E4-->E5] with period 128000, payload 268B, e2e delay 128000us, jitter 12800us
	('E4', 'S4'), Operation(126246, None, 126268)(126246, 126246)
	('S4', 'S5'), Operation(126270, None, 126421)(126270, 126399)
	('S5', 'E5'), Operation(126294, None, 126574)(126294, 126552)
59. Flow F59 [E5-->E3] with period 2000, payload 1035B, e2e delay 2000us, jitter 200us
	('E5', 'S5'), Operation(155, None, 238)(155, 155)
	('S5', 'S4'), Operation(240, None, 452)(240, 369)
	('S4', 'S3'), Operation(325, 584, 667)(584, 584)
	('S3', 'E3'), Operation(669, None, 881)(669, 798)

SMT variables: 
	F14_('S3', 'E3')_rr: 1
	F54_jitter: 0
	F11_('S5', 'S4')_t4_min: 28224
	F32_jitter: 0
	F1_('S1', 'S2')_t5_min: 9016
	F47_('S2', 'S3')_rr: 0
	F41_('S4', 'E4')_rr: 16
	F15_('S5', 'E5')_rr: 32
	F48_('S3', 'S2')_t4_min: 1501
	('S4', 'S3')_gcl_cycle: 32000
	F36_('E3', 'S3')_gc: False
	F7_queue_index: 0
	F32_('S2', 'S1')_t4_min: 311
	F56_('S2', 'E2')_gc: True
	F9_('S1', 'E1')_rr: 0
	F43_('E3', 'S3')_t3_max: 117793
	F9_('S2', 'S1')_rr: 0
	F19_('S2', 'S3')_t4_max: 79116
	F8_('S2', 'S1')_t3_max: 16337
	F23_('E5', 'S5')_t5_max: 1403
	F13_('E2', 'S2')_rr: 0
	F46_('E4', 'S4')_rr: 0
	F22_queue_index: 0
	F26_('S4', 'S3')_t4_max: 2892
	F51_('S4', 'S5')_rr: 0
	F37_('S3', 'E3')_gc: False
	F11_('S3', 'S2')_t5_max: 28346
	F0_('S4', 'S3')_t4_max: 1543
	F7_('S4', 'S3')_rr: 8
	F1_('S1', 'S2')_t4_max: 8947
	F2_('E3', 'S3')_t3_max: 59548
	F32_('S1', 'E1')_t4_min: 435
	F32_('E2', 'S2')_gc: False
	F9_('S3', 'S2')_t4_min: 15419
	F39_('S1', 'S2')_rr: 1
	F34_('S4', 'S5')_gc: True
	F18_('S4', 'S3')_t4_max: 1504
	F44_('E4', 'S4')_gc: False
	F40_('S4', 'E4')_t4_min: 68499
	F21_('E3', 'S3')_tb: 4138
	F29_('S4', 'S5')_t4_max: 35966
	F34_('S5', 'E5')_rr: 0
	F21_('E3', 'S3')_t3_max: 4014
	F6_('S4', 'S3')_t4_min: 7798
	F54_queue_index: 0
	F42_('E4', 'S4')_t3_max: 29849
	F58_('E4', 'S4')_gc: False
	F56_('E3', 'S3')_gc: False
	F11_('S5', 'S4')_t4_max: 28224
	F48_('S2', 'E2')_t4_min: 1657
	F59_('S5', 'S4')_gc: False
	F1_jitter: 129
	F13_jitter: 258
	F6_('E4', 'S4')_rr: 0
	F20_('S4', 'S5')_t4_max: 979
	F6_('S3', 'S2')_rr: 0
	F25_('S4', 'S3')_t4_max: 982
	F4_('S5', 'S4')_rr: 0
	F15_jitter: 0
	F7_('E5', 'S5')_t3_max: 1865
	F28_('S5', 'S4')_rr: 4
	F51_('E3', 'S3')_t3_max: 7410
	F50_('S4', 'S5')_tb: 5578
	F51_('S5', 'E5')_rr: 0
	F18_('S2', 'E2')_rr: 16
	F7_('S5', 'S4')_t4_max: 2103
	F36_('S3', 'S2')_gc: True
	F32_('E2', 'S2')_t3_max: 63
	F18_('E4', 'S4')_t5_min: 1413
	F29_('E4', 'S4')_gc: False
	F6_queue_index: 0
	F26_('E4', 'S4')_tb: 2816
	F48_jitter: 0
	F41_('S2', 'S3')_t4_max: 4187
	F53_('S5', 'E5')_t4_min: 5584
	F27_('E2', 'S2')_tb: 13781
	F17_('E1', 'S1')_t3_max: 3266
	F42_('S5', 'E5')_t4_min: 30232
	F22_('E5', 'S5')_t3_max: 29536
	F47_('S2', 'S3')_gc: False
	F37_('S3', 'E3')_t4_max: 8455
	F39_('S1', 'S2')_gc: True
	('E2', 'S2')_gcl_cycle: 1
	F51_('E3', 'S3')_rr: 0
	F55_('S3', 'S4')_rr: 0
	F57_('E4', 'S4')_t3_max: 6472
	F45_('S5', 'E5')_rr: 32
	('S2', 'E2')_gcl_cycle: 128000
	F39_('S1', 'S2')_t4_min: 28255
	F5_('S3', 'E3')_rr: 0
	F24_('E1', 'S1')_rr: 0
	F5_('S4', 'S3')_t5_min: 1414
	F22_('S2', 'S1')_t4_max: 30247
	F41_('S3', 'S4')_t4_min: 4291
	F30_('S2', 'S3')_t4_max: 1846
	F35_('S1', 'E1')_gc: True
	F4_('E5', 'S5')_t5_min: 1757
	F27_('S2', 'S3')_rr: 0
	F9_('E4', 'S4')_t5_max: 15125
	F22_('E5', 'S5')_t5_min: 29727
	F22_('S2', 'S1')_t4_min: 30247
	F5_('E4', 'S4')_t4_min: 1227
	F33_('S4', 'S5')_t4_max: 1932
	F39_('S2', 'E2')_rr: 4
	F52_jitter: 129
	('S3', 'E3')_gcl_cycle: 16000
	F54_('S3', 'S4')_t4_max: 43857
	F17_('S1', 'S2')_t4_max: 3406
	F17_('S3', 'S4')_rr: 0
	F4_('S2', 'S1')_gc: False
	F26_('S1', 'E1')_rr: 8
	F52_('S4', 'S3')_rr: 0
	F8_('S1', 'E1')_gc: False
	F36_('S3', 'S2')_t4_max: 5200
	F56_('S3', 'S2')_rr: 0
	F9_('S3', 'S2')_t4_max: 15419
	F59_('S4', 'S3')_t4_max: 584
	F11_('S3', 'S2')_rr: 2
	F30_('S1', 'S2')_t4_max: 1632
	F6_('S2', 'E2')_t4_min: 7916
	F36_('E3', 'S3')_t3_max: 4969
	F22_('S3', 'S2')_gc: True
	F1_('E1', 'S1')_gc: False
	F22_('S5', 'S4')_t4_min: 29729
	F39_('S1', 'S2')_t3_min: 28127
	F28_jitter: 129
	F37_('S4', 'S3')_t4_min: 8263
	F53_('S3', 'S4')_t4_max: 5368
	F56_('E3', 'S3')_rr: 0
	F10_('S2', 'S3')_t3_max: 193
	F52_('E4', 'S4')_gc: False
	F57_('S4', 'S3')_t4_max: 6679
	F14_('E1', 'S1')_t3_max: 1551
	F14_('S1', 'S2')_t4_min: 1867
	F29_('E4', 'S4')_t5_min: 35835
	F52_('E4', 'S4')_tb: 3836
	F21_('S2', 'E2')_t4_min: 4280
	F16_('S4', 'S3')_t4_min: 15803
	F36_('E3', 'S3')_tb: 5093
	F8_('S1', 'E1')_rr: 0
	F59_('S5', 'S4')_rr: 0
	F30_('S3', 'S4')_rr: 4
	F6_('S2', 'E2')_rr: 0
	F53_('S4', 'S5')_t4_min: 5409
	F32_('S1', 'E1')_gc: True
	F40_('S3', 'S4')_rr: 0
	F26_('S1', 'E1')_gc: True
	F11_('S4', 'S3')_t4_min: 28309
	F9_('S1', 'E1')_t4_min: 15489
	F4_('E5', 'S5')_t3_max: 1537
	F33_('E3', 'S3')_t3_max: 1378
	F41_('S3', 'S4')_gc: True
	F50_('S4', 'S5')_t3_max: 5583
	F1_('E1', 'S1')_rr: 0
	F30_('S4', 'S5')_t3_max: 2151
	F17_('E1', 'S1')_gc: False
	F11_('S3', 'S2')_gc: True
	F9_('S3', 'S2')_rr: 4
	F39_('S2', 'E2')_gc: True
	F12_('S3', 'E3')_rr: 0
	F46_('S4', 'S5')_t4_max: 25505
	F22_('S4', 'S3')_rr: 1
	F33_('S4', 'S5')_rr: 0
	F0_('S4', 'S3')_t3_max: 1536
	F38_('S4', 'E4')_tb: 3325
	F41_('S2', 'S3')_gc: False
	F38_('S3', 'S4')_rr: 8
	F14_('S1', 'S2')_t4_max: 1867
	F41_('S2', 'S3')_rr: 0
	F54_('S4', 'S5')_rr: 1
	F3_('E1', 'S1')_rr: 0
	F45_('S4', 'S5')_t4_max: 630
	F34_('S5', 'E5')_t3_max: 789
	F32_('S2', 'S1')_gc: True
	F20_('S3', 'S4')_t5_min: 849
	F4_('S2', 'S1')_rr: 0
	F38_('E1', 'S1')_t3_max: 2516
	F38_('S2', 'S3')_gc: True
	F37_('S4', 'S3')_gc: True
	F52_('E4', 'S4')_rr: 0
	F21_('S2', 'E2')_t3_max: 4280
	F34_('S3', 'S4')_rr: 16
	F30_('S2', 'S3')_t5_max: 1930
	F59_('E5', 'S5')_rr: 0
	F31_('S4', 'S5')_t4_min: 5890
	F3_('E1', 'S1')_t3_max: 3873
	F32_('S2', 'S1')_t3_max: 214
	F58_jitter: 258
	F49_queue_index: 0
	F5_('E4', 'S4')_t3_max: 1103
	F5_('S4', 'S3')_t4_max: 1353
	F23_('S5', 'S4')_rr: 16
	F29_('S4', 'S5')_rr: 1
	F47_('S5', 'E5')_rr: 1
	F57_('S4', 'S3')_rr: 4
	F38_queue_index: 0
	F22_('E5', 'S5')_gc: False
	F4_('S5', 'S4')_t4_max: 1888
	F23_queue_index: 0
	('E1', 'S1')_gcl_cycle: 1
	F10_('E2', 'S2')_t3_max: -3
	F4_('E5', 'S5')_t4_max: 1661
	F53_jitter: 0
	F15_('S5', 'E5')_t4_min: 1340
	F20_('S3', 'S4')_t4_min: 842
	F27_('S2', 'S3')_t4_min: 13837
	F18_jitter: 0
	F8_('E2', 'S2')_t3_max: 16084
	F55_('E3', 'S3')_gc: False
	F4_('E5', 'S5')_rr: 0
	F19_('S3', 'E3')_t4_min: 79202
	('S1', 'S2')_gcl_cycle: 32000
	F4_('S4', 'S3')_gc: False
	F30_('S4', 'S5')_t4_min: 2146
	F13_('S2', 'S3')_rr: 0
	F46_('S4', 'S5')_gc: True
	F52_('S2', 'E2')_gc: False
	F31_('S4', 'S5')_gc: True
	F20_('E3', 'S3')_t5_min: 712
	F58_('S5', 'E5')_rr: 0
	F31_('S4', 'S5')_t4_max: 5890
	F57_('S4', 'S3')_t3_max: 6679
	F15_('S5', 'E5')_gc: True
	F13_('S3', 'E3')_t4_min: 56289
	F9_('S1', 'E1')_gc: False
	F30_('S1', 'S2')_gc: True
	F25_('S5', 'S4')_t3_max: 701
	F7_('S3', 'S2')_t4_min: 2454
	F24_('E1', 'S1')_t5_min: 71138
	F30_('S5', 'E5')_rr: 0
	F21_('S3', 'S2')_t3_max: 4209
	F45_('S4', 'S5')_gc: False
	F21_jitter: 0
	F47_('S5', 'E5')_gc: True
	F50_('S4', 'S5')_t4_min: 5578
	F40_('S3', 'S4')_t3_min: 68342
	F5_('S3', 'E3')_gc: False
	F4_('S5', 'S4')_gc: False
	F33_('E3', 'S3')_gc: False
	F4_('S2', 'S1')_t4_min: 2327
	F51_('S3', 'S4')_t3_min: 7554
	F49_('E2', 'S2')_rr: 0
	F23_('S3', 'E3')_gc: False
	F50_('S4', 'S5')_rr: 0
	F58_('S4', 'S5')_t4_max: 126399
	F14_('S1', 'S2')_rr: 2
	F42_('S5', 'E5')_gc: True
	F41_('E1', 'S1')_gc: False
	F20_('S5', 'E5')_t4_min: 1116
	F10_('E2', 'S2')_rr: 0
	F11_queue_index: 0
	F10_('S2', 'S3')_t4_max: 317
	F50_jitter: 258
	F44_('E4', 'S4')_t5_max: 7344
	F40_('E3', 'S3')_t3_max: 68195
	F26_('S2', 'S1')_t4_min: 3034
	F30_('S3', 'S4')_gc: True
	F9_('S3', 'S2')_gc: True
	F25_('E5', 'S5')_gc: False
	F40_('S3', 'S4')_gc: False
	F36_('S3', 'S2')_t5_max: 5300
	F44_('S4', 'S5')_rr: 8
	F27_('S2', 'S3')_t3_max: 13842
	F2_('S3', 'S4')_t3_max: 59701
	F33_('S3', 'S4')_t3_max: 1593
	F38_('S1', 'S2')_t4_max: 2880
	F15_queue_index: 0
	F47_('S2', 'S3')_t4_min: 21770
	F6_('E4', 'S4')_t5_max: 7796
	F24_('E1', 'S1')_t3_max: 70985
	F26_jitter: 0
	F18_('S3', 'S2')_gc: True
	F23_('S5', 'S4')_t4_max: 1533
	F15_('S1', 'S2')_t3_max: 628
	('S1', 'E1')_gcl_cycle: 32000
	F4_('S5', 'S4')_t4_min: 1759
	F42_('S4', 'S5')_gc: True
	F1_('S3', 'E3')_t4_min: 9217
	F7_('S5', 'S4')_gc: True
	F47_('S3', 'S4')_t4_max: 22109
	F11_('S5', 'S4')_gc: True
	F21_('S3', 'S2')_t4_max: 4209
	F23_('E5', 'S5')_t4_max: 1332
	F12_queue_index: 0
	F30_jitter: 258
	F30_('S1', 'S2')_rr: 4
	F23_('S4', 'S3')_t4_max: 1726
	F26_('S2', 'S1')_t4_max: 3292
	F19_('S2', 'S3')_rr: 1
	F30_('S2', 'S3')_rr: 16
	F4_('S5', 'S4')_t3_max: 1764
	F32_('E2', 'S2')_t5_min: 207
	F28_('S4', 'E4')_rr: 0
	F22_('S4', 'S3')_tb: 29943
	F57_('S3', 'S2')_gc: False
	F27_('S5', 'E5')_gc: False
	F28_('S5', 'S4')_gc: True
	F20_jitter: 0
	F34_('E2', 'S2')_t3_max: 217
	F10_jitter: 258
	F58_('S4', 'S5')_gc: False
	F51_('S3', 'S4')_t4_min: 7554
	F45_('E4', 'S4')_gc: False
	F21_('S2', 'E2')_rr: 16
	F36_('S3', 'S2')_t3_max: 5200
	F47_jitter: 0
	F1_('S3', 'E3')_gc: False
	F11_('S3', 'S2')_t4_min: 28331
	F16_('S2', 'E2')_t3_max: 15875
	F15_('S1', 'S2')_t5_min: 737
	F27_('S4', 'S5')_t5_max: 14389
	F45_('S4', 'S5')_t3_min: 501
	F51_('E3', 'S3')_t4_min: 7534
	F38_('S1', 'S2')_t3_max: 2743
	F19_('S3', 'E3')_t5_max: 79415
	F22_('S5', 'S4')_t3_max: 29734
	F11_('S2', 'S1')_t4_max: 28477
	F39_jitter: 0
	F22_('S1', 'E1')_t5_min: 30511
	F33_('E3', 'S3')_t3_min: 1502
	F25_('E5', 'S5')_t5_min: 694
	F31_('E4', 'S4')_rr: 0
	F33_('S4', 'S5')_gc: False
	F35_('S2', 'S1')_t5_min: 208
	F32_('S1', 'E1')_rr: 2
	F52_('E4', 'S4')_t3_max: 3712
	F14_('S2', 'S3')_t4_min: 1936
	F20_('S5', 'E5')_rr: 32
	F29_jitter: 0
	F1_('E1', 'S1')_t3_max: 8624
	F4_('S4', 'S3')_rr: 0
	F15_('S3', 'S4')_gc: True
	F51_('S4', 'S5')_t4_min: 7574
	F10_('S3', 'E3')_t5_max: 578
	F20_('E3', 'S3')_t3_max: 581
	F56_('S3', 'S2')_gc: False
	F33_queue_index: 0
	F16_('E5', 'S5')_gc: False
	F6_('S3', 'S2')_t4_min: 7857
	F24_('S1', 'S2')_gc: False
	F9_jitter: 258
	F30_('S5', 'E5')_t4_min: 2232
	F38_('S1', 'S2')_t4_min: 2880
	F51_('S3', 'S4')_rr: 0
	F25_('E5', 'S5')_t3_max: 543
	F53_('S5', 'E5')_rr: 8
	F53_('S5', 'E5')_gc: True
	F22_('S3', 'S2')_t4_min: 30140
	F54_('S3', 'S4')_t4_min: 43728
	F0_queue_index: 0
	F28_('S5', 'S4')_t4_max: 2458
	F45_('S4', 'S5')_rr: 0
	F16_queue_index: 0
	F46_('S5', 'E5')_t4_max: 25596
	F11_('S1', 'E1')_rr: 0
	F38_('E1', 'S1')_gc: False
	F13_('E2', 'S2')_t3_min: 56197
	F35_('E2', 'S2')_t5_min: 101
	F7_('S4', 'S3')_gc: True
	F20_('S3', 'S4')_t4_max: 842
	F51_('S4', 'S5')_t4_max: 7832
	F38_('S1', 'S2')_rr: 8
	F29_('S5', 'E5')_t4_min: 35981
	F18_('S2', 'E2')_t4_min: 1816
	F52_('S4', 'S3')_t4_min: 3849
	F45_('E4', 'S4')_rr: 0
	F15_('S2', 'S3')_t4_min: 739
	F37_('S3', 'E3')_t4_min: 8326
	F33_('S5', 'E5')_gc: False
	F23_('S3', 'E3')_t3_min: 1799
	F43_('S4', 'S5')_t4_max: 118217
	F35_('S1', 'E1')_rr: 16
	F52_('S3', 'S2')_gc: True
	F22_('S5', 'S4')_rr: 0
	F34_('S2', 'S3')_t4_max: 546
	F4_('S5', 'S4')_tb: 1759
	F39_('S1', 'S2')_t3_max: 28132
	F40_('S4', 'E4')_t5_max: 68520
	F25_('S5', 'S4')_gc: True
	F12_('E4', 'S4')_rr: 0
	F22_('E5', 'S5')_t3_min: 29660
	F19_('S3', 'E3')_gc: False
	F30_('E1', 'S1')_t3_max: 1294
	F44_('S4', 'S5')_t3_max: 7351
	F20_('S3', 'S4')_tb: 842
	F59_('S4', 'S3')_tb: 584
	F6_('S3', 'S2')_t4_max: 8115
	F20_('S4', 'S5')_tb: 979
	F30_('E1', 'S1')_rr: 0
	('E3', 'S3')_gcl_cycle: 1
	F23_('S3', 'E3')_rr: 0
	F49_('E2', 'S2')_t5_max: 1883
	F24_jitter: 0
	F17_('S2', 'S3')_rr: 0
	F54_('S3', 'S4')_gc: False
	F22_('S4', 'S3')_t4_max: 29943
	F9_('S4', 'S3')_t4_min: 15127
	F59_jitter: 129
	F16_('S4', 'S3')_rr: 2
	F19_('E2', 'S2')_t3_max: 78901
	F16_('S5', 'S4')_t4_max: 15767
	F56_jitter: 0
	F40_('E3', 'S3')_rr: 0
	F15_('S1', 'S2')_t4_min: 628
	F57_('S2', 'E2')_gc: True
	F59_('E5', 'S5')_t3_min: 155
	F42_jitter: 0
	F22_('S3', 'S2')_rr: 2
	F35_('S2', 'S1')_t4_max: 108
	F22_('S5', 'S4')_tb: 29729
	F27_('E2', 'S2')_t5_max: 13835
	F7_jitter: 129
	F50_('E4', 'S4')_t3_max: 5405
	F18_('S2', 'E2')_gc: True
	F9_('S1', 'E1')_t3_max: 15623
	F58_('E4', 'S4')_t3_max: 126122
	F42_queue_index: 0
	F2_queue_index: 0
	F38_('S1', 'S2')_gc: True
	F36_('S2', 'E2')_t4_min: 5432
	F57_('S2', 'E2')_t4_min: 7094
	F4_('S5', 'S4')_t5_max: 1984
	('S2', 'S1')_gcl_cycle: 32000
	F34_('S4', 'S5')_rr: 32
	F49_('S2', 'S1')_rr: 4
	F52_('S4', 'S3')_tb: 3849
	F19_('E2', 'S2')_t4_min: 79025
	F22_('E5', 'S5')_rr: 0
	F47_('E2', 'S2')_t4_max: 21689
	F23_('E5', 'S5')_rr: 0
	F34_jitter: 129
	F44_('S4', 'S5')_tb: 7476
	F26_('S4', 'S3')_gc: True
	F51_('S5', 'E5')_t5_max: 7999
	F17_('S5', 'E5')_t4_min: 3450
	F46_('S5', 'E5')_t4_min: 25596
	F21_('E3', 'S3')_rr: 0
	F9_('S2', 'S1')_gc: False
	F58_('S5', 'E5')_t4_min: 126294
	F22_('S2', 'S1')_rr: 1
	F42_('S4', 'S5')_rr: 2
	F16_('E5', 'S5')_t5_min: 15637
	F12_('S4', 'S3')_gc: False
	F22_('S5', 'S4')_gc: False
	F24_('S2', 'E2')_gc: True
	F59_queue_index: 0
	F23_('S5', 'S4')_t4_min: 1533
	F50_('S4', 'S5')_t4_max: 5707
	F59_('S5', 'S4')_t3_max: 245
	F48_('S2', 'E2')_rr: 32
	F52_('S4', 'S3')_gc: False
	F38_('S3', 'S4')_t4_max: 3099
	F25_jitter: 258
	F32_('S1', 'E1')_tb: 435
	F17_('S3', 'S4')_t4_min: 3428
	F31_('S5', 'E5')_t4_min: 5938
	F41_('S1', 'S2')_t4_max: 4023
	F2_('E3', 'S3')_t4_min: 59672
	F41_('S3', 'S4')_rr: 4
	F21_queue_index: 0
	F2_('S3', 'S4')_gc: False
	F59_('S3', 'E3')_t4_min: 669
	F6_('E4', 'S4')_t3_max: 7615
	F9_('E4', 'S4')_gc: False
	F43_('S5', 'E5')_rr: 0
	F15_('S1', 'S2')_gc: True
	F0_('S4', 'S3')_gc: True
	F22_('S2', 'S1')_t3_min: 30209
	F35_('S2', 'S1')_t4_min: 108
	F22_('S3', 'S2')_t4_max: 30140
	F35_jitter: 0
	F36_('S3', 'S2')_rr: 8
	F59_('E5', 'S5')_gc: False
	F10_('S3', 'E3')_gc: False
	F17_('S1', 'S2')_gc: True
	F28_('S4', 'E4')_gc: False
	F16_('S3', 'S2')_gc: True
	F13_('S2', 'S3')_t4_max: 56372
	F14_jitter: 0
	F16_('S2', 'E2')_gc: True
	F33_('S3', 'S4')_gc: False
	F34_('S3', 'S4')_t4_min: 627
	F4_('S4', 'S3')_t4_max: 2115
	F59_('S4', 'S3')_gc: True
	F38_('S1', 'S2')_t3_min: 2738
	F33_('S3', 'S4')_rr: 0
	F43_('S4', 'S5')_rr: 0
	F8_('S2', 'S1')_t4_max: 16461
	F39_('S1', 'S2')_t4_max: 28255
	F3_('S2', 'E2')_gc: False
	F51_queue_index: 0
	F25_('S3', 'E3')_gc: False
	F36_('S3', 'S2')_t4_min: 5200
	F42_('S4', 'S5')_t4_min: 30164
	F4_('S1', 'E1')_t5_max: 2779
	F29_('E4', 'S4')_rr: 0
	F35_('S2', 'S1')_gc: True
	F38_jitter: 0
	F14_('S3', 'E3')_t4_min: 2129
	F33_('S4', 'S5')_t4_min: 1674
	F15_('S2', 'S3')_t4_max: 868
	F26_('S2', 'S1')_t5_min: 3103
	F7_('S3', 'S2')_rr: 16
	('E4', 'S4')_gcl_cycle: 1
	F39_('E1', 'S1')_rr: 0
	F56_('S2', 'E2')_rr: 2
	F1_('S1', 'S2')_gc: True
	F4_('E5', 'S5')_gc: False
	F31_('S4', 'S5')_t3_min: 5762
	F34_('E2', 'S2')_rr: 0
	F27_('S5', 'E5')_t5_min: 14316
	F22_('S5', 'S4')_t4_max: 29858
	F25_('S4', 'S3')_t4_min: 853
	F27_('S3', 'S4')_rr: 1
	F37_('S4', 'S3')_t3_max: 8138
	F3_jitter: 129
	F27_queue_index: 0
	F7_('S2', 'E2')_rr: 0
	F10_('S3', 'E3')_rr: 0
	F20_('E3', 'S3')_gc: False
	F18_('E4', 'S4')_t3_max: 1263
	F31_('S4', 'S5')_t3_max: 5767
	F19_('S2', 'S3')_gc: True
	F12_('S4', 'S3')_t3_max: 8809
	F48_('S3', 'S2')_t4_max: 1501
	F15_('E1', 'S1')_t3_max: 388
	F26_('S4', 'S3')_t3_max: 2892
	F12_jitter: 258
	F13_('S2', 'S3')_gc: False
	F57_jitter: 0
	F7_('S2', 'E2')_gc: False
	F16_('S2', 'E2')_rr: 8
	F5_('S4', 'S3')_t4_min: 1353
	F50_('E4', 'S4')_gc: False
	F15_('S1', 'S2')_t4_max: 628
	F17_queue_index: 0
	F18_('S3', 'S2')_t4_max: 1660
	F33_('S5', 'E5')_t4_min: 1760
	F15_('E1', 'S1')_gc: False
	F53_('S4', 'S5')_gc: False
	F5_('S4', 'S3')_t3_max: 1295
	F8_queue_index: 0
	F29_('S5', 'E5')_gc: True
	F14_('S2', 'S3')_t4_max: 1936
	F43_jitter: 387
	('S3', 'S2')_gcl_cycle: 64000
	F6_('S2', 'E2')_t3_min: 7916
	F23_jitter: 129
	F34_('S5', 'E5')_t4_min: 784
	F14_('S2', 'S3')_t3_max: 1936
	F10_('S2', 'S3')_rr: 0
	F26_('E4', 'S4')_t3_max: 2692
	F43_('E3', 'S3')_rr: 0
	F16_('E5', 'S5')_t4_max: 15608
	F41_('S4', 'E4')_t4_min: 4331
	F12_('E4', 'S4')_t5_max: 8802
	F27_('S2', 'S3')_t4_max: 13966
	F55_('S5', 'E5')_rr: 0
	F11_('S5', 'S4')_t3_min: 28156
	F23_('E5', 'S5')_gc: False
	F16_('S5', 'S4')_t4_min: 15767
	F36_('S2', 'E2')_gc: True
	F35_('S1', 'E1')_t4_min: 215
	F38_('E1', 'S1')_rr: 0
	F8_('E2', 'S2')_rr: 0
	F37_queue_index: 0
	F31_queue_index: 0
	F53_('S3', 'S4')_t3_max: 5099
	F30_('S5', 'E5')_gc: False
	F2_('S3', 'S4')_rr: 0
	F25_('S4', 'S3')_gc: False
	F19_jitter: 129
	F48_('S3', 'S2')_rr: 16
	F3_('S1', 'S2')_t4_min: 4235
	F52_('S4', 'S3')_t4_max: 3978
	F5_('S3', 'E3')_t3_min: 1416
	F23_('S5', 'S4')_gc: True
	F4_('S4', 'S3')_t4_min: 1857
	F48_('S3', 'S2')_t3_max: 1378
	F0_('S4', 'S3')_t4_min: 1543
	F21_('E3', 'S3')_gc: False
	F13_('S3', 'E3')_gc: False
	F21_('S2', 'E2')_t5_min: 4344
	F33_('S4', 'S5')_t5_max: 2016
	F28_('E5', 'S5')_gc: False
	F16_('S3', 'S2')_t4_min: 15839
	F11_('S4', 'S3')_rr: 1
	F16_('E5', 'S5')_rr: 0
	F1_('S2', 'S3')_t4_min: 9146
	F52_('S3', 'S2')_t4_max: 4121
	F31_('E4', 'S4')_gc: False
	F48_('E3', 'S3')_rr: 0
	F28_('S4', 'E4')_t4_min: 2560
	F53_('S3', 'S4')_t4_min: 5368
	F30_('S2', 'S3')_gc: True
	F1_('S1', 'S2')_t4_min: 8947
	F11_('S4', 'S3')_t4_max: 28309
	F18_('S3', 'S2')_t4_min: 1660
	('S4', 'E4')_gcl_cycle: 128000
	F32_('S2', 'S1')_rr: 2
	F41_('S2', 'S3')_t3_max: 4063
	F31_('S4', 'S5')_rr: 8
	F43_('S3', 'S4')_t4_min: 117938
	F1_('S2', 'S3')_rr: 8
	F9_('E4', 'S4')_t3_max: 14968
	F18_('E4', 'S4')_gc: False
	F27_('S4', 'S5')_gc: False
	F1_('S1', 'S2')_t3_max: 8824
	F55_queue_index: 0
	F49_('S2', 'S1')_t4_max: 2013
	F17_('E1', 'S1')_rr: 0
	F21_('S2', 'E2')_gc: True
	F44_('S4', 'S5')_t4_min: 7476
	F47_('S2', 'S3')_t4_max: 21899
	F7_('E5', 'S5')_rr: 0
	F25_('S4', 'S3')_rr: 0
	F35_queue_index: 0
	('S2', 'S3')_gcl_cycle: 128000
	F34_('S5', 'E5')_t3_min: 784
	F48_('S2', 'E2')_gc: True
	F9_('E4', 'S4')_rr: 0
	F11_('S2', 'S1')_rr: 0
	F58_queue_index: 0
	F16_('S5', 'S4')_rr: 2
	F1_('E1', 'S1')_t5_min: 8817
	F7_('S5', 'S4')_rr: 8
	F12_('S4', 'S3')_t4_min: 8804
	F36_queue_index: 0
	F20_('S3', 'S4')_t3_max: 719
	F44_('S5', 'E5')_gc: True
	F17_('S1', 'S2')_t3_max: 3406
	F49_('S1', 'E1')_rr: 4
	F11_('S5', 'S4')_t3_max: 28161
	F59_('S3', 'E3')_gc: False
	F23_('S4', 'S3')_rr: 16
	F50_('S5', 'E5')_gc: False
	F13_('S2', 'S3')_t3_max: 56248
	F47_('S4', 'S5')_t4_min: 21932
	F52_queue_index: 0
	F27_('S3', 'S4')_t4_min: 14150
	F45_('S4', 'S5')_t4_min: 501
	F49_('S1', 'E1')_t4_min: 2120
	F13_('E2', 'S2')_gc: False
	F0_('E4', 'S4')_rr: 0
	F39_('E1', 'S1')_t3_max: 27913
	F40_queue_index: 0
	F15_('S4', 'S5')_t4_min: 1095
	F5_('E4', 'S4')_gc: False
	F47_('S5', 'E5')_t3_min: 22013
	F24_('S1', 'S2')_rr: 0
	F44_('E4', 'S4')_t3_min: 7289
	F7_('S3', 'S2')_gc: True
	F42_('S5', 'E5')_rr: 2
	F47_('S4', 'S5')_gc: False
	F5_queue_index: 0
	F58_('S5', 'E5')_gc: False
	F56_('E3', 'S3')_t4_min: 43066
	F43_('S5', 'E5')_gc: False
	F23_('S4', 'S3')_gc: True
	F34_('S2', 'S3')_t3_max: 422
	F9_('S2', 'S1')_t4_min: 15454
	F46_('S4', 'S5')_rr: 2
	F17_('S4', 'S5')_gc: False
	F5_('S3', 'E3')_t4_min: 1416
	F34_('S4', 'S5')_t4_max: 708
	F35_('S2', 'S1')_rr: 16
	F32_('E2', 'S2')_t3_min: 187
	F53_('E3', 'S3')_t3_max: 4929
	F18_('E4', 'S4')_rr: 0
	F20_('S3', 'S4')_rr: 16
	F22_('S4', 'S3')_gc: True
	F8_('E2', 'S2')_gc: False
	F16_('S2', 'E2')_t4_min: 15875
	F57_('E4', 'S4')_gc: False
	F37_jitter: 129
	F53_('S3', 'S4')_rr: 4
	F23_('S4', 'S3')_t4_min: 1726
	F4_('S3', 'S2')_t4_min: 2229
	F14_('S2', 'S3')_gc: True
	F47_('E2', 'S2')_t3_max: 21565
	F33_('E3', 'S3')_rr: 0
	F25_('S5', 'S4')_t4_max: 824
	F26_('S3', 'S2')_rr: 0
	F35_('E2', 'S2')_tb: 1
	F34_('S3', 'S4')_t4_max: 627
	F35_('E2', 'S2')_rr: 0
	F4_('S1', 'E1')_gc: False
	F53_('E3', 'S3')_rr: 0
	F51_jitter: 387
	F14_('E1', 'S1')_rr: 0
	F25_queue_index: 0
	F32_queue_index: 0
	F43_('S5', 'E5')_t3_min: 117980
	F16_('S4', 'S3')_t4_max: 15803
	F43_('S5', 'E5')_t4_min: 117980
	F5_('S4', 'S3')_rr: 16
	F17_('S2', 'S3')_gc: False
	F37_('E4', 'S4')_rr: 0
	F58_('S5', 'E5')_t4_max: 126552
	F44_queue_index: 0
	F55_jitter: 387
	F28_('E5', 'S5')_t3_max: 2227
	F38_('S4', 'E4')_rr: 32
	F38_('S4', 'E4')_gc: True
	F59_('E5', 'S5')_t3_max: 31
	F14_('S2', 'S3')_rr: 8
	F24_('S2', 'E2')_t4_min: 71429
	F24_('S2', 'E2')_rr: 1
	F19_('E2', 'S2')_tb: 79025
	F40_('S3', 'S4')_t4_min: 68342
	F59_('S5', 'S4')_t4_max: 369
	F16_('S5', 'S4')_gc: True
	F14_('S3', 'E3')_gc: True
	F54_('E3', 'S3')_gc: False
	F49_('E2', 'S2')_gc: False
	F1_('S2', 'S3')_gc: True
	F53_('S4', 'S5')_rr: 0
	F30_('S1', 'S2')_t3_max: 1509
	F21_('S3', 'S2')_rr: 8
	F22_jitter: 0
	F49_('E2', 'S2')_tb: 1794
	F4_('S1', 'E1')_rr: 0
	F18_('S4', 'S3')_gc: True
	F29_('S5', 'E5')_rr: 1
	F32_('S2', 'S1')_t4_max: 311
	F34_('S2', 'S3')_rr: 0
	F8_('S2', 'S1')_rr: 0
	F33_('S5', 'E5')_rr: 0
	F3_('S1', 'S2')_t4_max: 4235
	F37_('S3', 'E3')_rr: 0
	F56_('S3', 'S2')_t4_max: 43291
	F51_('S4', 'S5')_gc: False
	F58_('S4', 'S5')_t3_max: 126275
	F45_jitter: 0
	F26_('S4', 'S3')_t4_min: 2892
	F6_('S4', 'S3')_t5_max: 7984
	F47_('E2', 'S2')_gc: False
	F2_('S4', 'E4')_t4_min: 59977
	F11_('S2', 'S1')_t4_min: 28348
	F48_('E3', 'S3')_gc: False
	F51_('S3', 'S4')_t3_max: 7559
	F54_('S4', 'S5')_t4_max: 44093
	F2_('S3', 'S4')_t4_max: 59825
	F41_('S1', 'S2')_t4_min: 3894
	F44_('S4', 'S5')_gc: True
	F4_('S3', 'S2')_rr: 1
	F3_('S1', 'S2')_t3_max: 4112
	F40_jitter: 0
	F47_('S3', 'S4')_gc: False
	F38_('S3', 'S4')_t4_min: 3099
	F36_jitter: 0
	F20_('S5', 'E5')_gc: True
	F8_('S2', 'S1')_t4_min: 16332
	F27_('S3', 'S4')_gc: True
	F49_('S2', 'S1')_t3_max: 1890
	F48_('E3', 'S3')_t5_max: 1371
	F26_('S4', 'S3')_rr: 8
	F11_('S3', 'S2')_t5_min: 28346
	F47_('S4', 'S5')_t4_max: 22319
	F24_('E1', 'S1')_gc: False
	F39_queue_index: 0
	F7_('S4', 'S3')_t4_min: 2217
	F58_('S4', 'S5')_t4_min: 126270
	F51_('S3', 'S4')_tb: 7554
	F27_('S4', 'S5')_tb: 14206
	F31_('S5', 'E5')_gc: True
	F0_('E4', 'S4')_t3_max: 1343
	F58_('S4', 'S5')_rr: 0
	F23_('S5', 'S4')_t3_max: 1410
	F22_('S4', 'S3')_t4_min: 29943
	F3_('S2', 'E2')_t4_min: 4345
	F11_('E5', 'S5')_t3_max: 28015
	F37_('S4', 'S3')_rr: 1
	F11_('S5', 'S4')_t5_max: 28239
	F24_('S1', 'S2')_t4_max: 71269
	F8_('S1', 'E1')_t4_min: 16456
	F0_('S3', 'E3')_rr: 0
	F26_('E4', 'S4')_gc: False
	F15_('E1', 'S1')_t4_min: 512
	F47_('S2', 'S3')_t3_max: 21775
	F34_('S5', 'E5')_t4_max: 913
	F9_('S4', 'S3')_t4_max: 15256
	F29_queue_index: 0
	F4_('E5', 'S5')_tb: 1661
	F6_('E4', 'S4')_gc: False
	F4_('S3', 'S2')_t4_max: 2229
	F16_('S5', 'S4')_tb: 15767
	F38_('S3', 'S4')_t5_min: 3195
	F54_('S3', 'S4')_t3_max: 43733
	F52_('S2', 'E2')_rr: 0
	F30_('S3', 'S4')_t4_max: 2060
	F9_('S4', 'S3')_gc: False
	F8_jitter: 258
	F47_('E2', 'S2')_rr: 0
	F24_('S1', 'S2')_t4_min: 71140
	F41_('S1', 'S2')_gc: False
	F34_('S4', 'S5')_t4_min: 708
	F55_('S3', 'S4')_t4_max: 177
	F25_('S5', 'S4')_t4_min: 824
	F39_('E1', 'S1')_t4_min: 28037
	F55_('S4', 'S5')_gc: False
	F54_('S5', 'E5')_t4_min: 44206
	F27_('E2', 'S2')_t3_max: 13657
	F10_('S2', 'S3')_gc: False
	F20_('S5', 'E5')_t3_min: 988
	F3_('E1', 'S1')_gc: False
	F35_('S2', 'S1')_t3_max: 108
	F25_('S3', 'E3')_rr: 0
	F17_('S5', 'E5')_rr: 0
	F35_('E2', 'S2')_gc: False
	F34_('S2', 'S3')_gc: False
	F51_('E3', 'S3')_gc: False
	F18_('S4', 'S3')_t3_max: 1420
	F15_('E1', 'S1')_rr: 0
	F31_('E4', 'S4')_t3_max: 5595
	F50_('S5', 'E5')_t4_min: 5627
	F41_('S2', 'S3')_t3_min: 3929
	F25_('S3', 'E3')_t3_min: 882
	F43_('S4', 'S5')_gc: False
	F54_('E3', 'S3')_t5_max: 43726
	F47_('S3', 'S4')_t4_min: 21851
	F33_jitter: 387
	F41_('E1', 'S1')_rr: 0
	F8_('S2', 'S1')_gc: False
	F41_('S1', 'S2')_t3_max: 3899
	F41_jitter: 0
	F6_('S4', 'S3')_rr: 0
	F41_('S3', 'S4')_t3_min: 3964
	F5_jitter: 129
	F11_('S5', 'S4')_rr: 1
	F17_('S4', 'S5')_t4_min: 3439
	F19_queue_index: 0
	F30_('S4', 'S5')_gc: False
	F59_('S3', 'E3')_rr: 0
	F54_('S4', 'S5')_gc: True
	F38_('S3', 'S4')_t3_max: 3099
	F59_('S4', 'S3')_t4_min: 584
	F37_('S4', 'S3')_tb: 8263
	F54_('S3', 'S4')_rr: 0
	F12_('E4', 'S4')_t3_max: 8602
	F22_('S2', 'S1')_gc: True
	F6_('S3', 'S2')_gc: False
	F49_('S2', 'S1')_gc: True
	F37_('E4', 'S4')_t3_max: 7946
	F4_jitter: 258
	F20_queue_index: 0
	F41_('S3', 'S4')_t5_min: 4324
	F13_('S3', 'E3')_rr: 0
	F39_('S2', 'E2')_t4_min: 28350
	F48_queue_index: 0
	F54_('S4', 'S5')_t5_max: 44199
	F51_('S4', 'S5')_t3_max: 7708
	F22_('S2', 'S1')_tb: 30247
	F52_('S2', 'E2')_t4_min: 4134
	F43_('S3', 'S4')_gc: False
	F14_queue_index: 0
	F15_('S3', 'S4')_rr: 16
	F30_('S4', 'S5')_rr: 0
	F47_('S3', 'S4')_t3_max: 21985
	F15_('S3', 'S4')_t4_max: 984
	F40_('S4', 'E4')_gc: True
	F50_queue_index: 0
	F0_jitter: 129
	F2_('S3', 'S4')_t4_min: 59696
	F3_('S2', 'E2')_rr: 0
	('S3', 'S4')_gcl_length: 138
	F11_('S1', 'E1')_t4_min: 28365
	F0_('S3', 'E3')_t3_max: 1612
	F39_('E1', 'S1')_gc: False
	F10_('S2', 'S3')_t4_min: 188
	F55_('E3', 'S3')_t3_max: -123
	F19_('E2', 'S2')_gc: False
	F4_('S1', 'E1')_t4_min: 2425
	F35_('E2', 'S2')_t3_max: -123
	F18_('S3', 'S2')_rr: 8
	F45_queue_index: 0
	F12_('S3', 'E3')_t4_max: 9140
	F29_('S4', 'S5')_gc: True
	F27_('S2', 'S3')_gc: False
	F31_jitter: 0
	F33_('S4', 'S5')_t5_min: 1758
	F34_queue_index: 0
	F57_queue_index: 0
	F14_('E1', 'S1')_t5_max: 1737
	F17_('S3', 'S4')_t3_max: 3562
	F26_('E4', 'S4')_rr: 0
	F30_('S2', 'S3')_t3_min: 1718
	F2_('S4', 'E4')_gc: True
	F6_jitter: 387
	F17_('S1', 'S2')_t4_min: 3406
	F55_('S3', 'S4')_gc: False
	F56_queue_index: 0
	F18_queue_index: 0
	F55_('S4', 'S5')_rr: 0
	F10_('S3', 'E3')_t4_min: 255
	F40_('S4', 'E4')_rr: 1
	F15_('S2', 'S3')_gc: False
	F55_('S3', 'S4')_t3_max: 53
	F35_('E2', 'S2')_t4_max: 1
	F3_queue_index: 0
	F22_('S4', 'S3')_t3_min: 29798
	F22_('S1', 'E1')_rr: 1
	F9_('S2', 'S1')_t3_min: 15454
	F50_('S4', 'S5')_gc: False
	F7_('S4', 'S3')_t4_max: 2217
	F14_('S1', 'S2')_t3_max: 1744
	F4_('S3', 'S2')_gc: True
	F57_('S3', 'S2')_t4_max: 6886
	F28_queue_index: 0
	F17_('S4', 'S5')_t4_max: 3826
	F1_('S2', 'S3')_t4_max: 9146
	F26_('S3', 'S2')_t4_min: 2963
	F25_('S3', 'E3')_t4_min: 882
	F47_('S3', 'S4')_rr: 0
	F54_('S5', 'E5')_rr: 1
	F46_('E4', 'S4')_t3_max: 25290
	F53_queue_index: 0
	F26_('S1', 'E1')_t4_min: 3419
	F34_('S3', 'S4')_gc: True
	F7_('S2', 'E2')_t4_min: 2563
	F43_('S3', 'S4')_t3_max: 117943
	F15_('S4', 'S5')_t4_max: 1224
	F43_('S3', 'S4')_t4_max: 118067
	F40_('E3', 'S3')_gc: False
	F20_('S4', 'S5')_rr: 32
	F15_('S2', 'S3')_rr: 0
	F57_('E4', 'S4')_rr: 0
	('E5', 'S5')_gcl_cycle: 1
	F46_('S5', 'E5')_rr: 2
	F12_('E4', 'S4')_gc: False
	F39_('E1', 'S1')_t5_max: 28125
	F9_('S4', 'S3')_rr: 0
	F17_('S4', 'S5')_rr: 0
	F30_('S1', 'S2')_t4_min: 1632
	F20_('S4', 'S5')_gc: True
	F41_('S1', 'S2')_rr: 0
	F46_('S4', 'S5')_t3_max: 25505
	F22_('S3', 'S2')_t3_min: 30012
	F28_('E5', 'S5')_t4_max: 2351
	F1_('S3', 'E3')_rr: 0
	F7_('E5', 'S5')_gc: False
	F30_('S3', 'S4')_t5_max: 2144
	F9_('S2', 'S1')_t3_max: 15459
	F44_('S5', 'E5')_rr: 8
	F28_('E5', 'S5')_rr: 0
	F22_('S1', 'E1')_gc: True
	F7_('S5', 'S4')_t4_min: 2103
	F43_('S4', 'S5')_t4_min: 117959
	F50_('E4', 'S4')_rr: 0
	F56_('S2', 'E2')_t4_min: 43515
	F55_('S4', 'S5')_t4_min: 95
	F11_('E5', 'S5')_rr: 0
	F31_('E4', 'S4')_t4_max: 5719
	F30_('S3', 'S4')_t4_min: 2060
	F20_('S5', 'E5')_t4_max: 1116
	F44_('S5', 'E5')_t3_max: 7538
	F30_('S4', 'S5')_t3_min: 2146
	F27_('S4', 'S5')_t4_min: 14206
	F41_('E1', 'S1')_t3_max: 3735
	F53_('E3', 'S3')_gc: False
	F3_('S1', 'S2')_rr: 1
	F55_('E3', 'S3')_rr: 0
	F53_('S3', 'S4')_gc: True
	F9_('S2', 'S1')_t4_max: 15583
	F18_('S4', 'S3')_rr: 4
	F6_('S4', 'S3')_t3_max: 7803
	F46_('S4', 'S5')_t4_min: 25505
	F38_('S3', 'S4')_gc: True
	F12_('S4', 'S3')_tb: 8804
	F16_('S3', 'S2')_rr: 4
	F12_('S3', 'E3')_gc: False
	F9_('S4', 'S3')_t3_max: 15132
	F37_('S4', 'S3')_t4_max: 8263
	F27_('S4', 'S5')_t4_max: 14335
	F13_queue_index: 0
	F48_('E3', 'S3')_t3_max: 1217
	F41_('S2', 'S3')_t4_min: 3929
	F41_queue_index: 0
	F16_('S4', 'S3')_gc: True
	F29_('S4', 'S5')_t4_min: 35966
	F49_jitter: 0
	F49_('S1', 'E1')_gc: True
	F20_('S4', 'S5')_t4_min: 979
	F39_('S2', 'E2')_tb: 28350
	F6_('S4', 'S3')_gc: False
	F6_('S4', 'S3')_t4_max: 7927
	F49_('S2', 'S1')_t4_min: 2013
	F5_('S4', 'S3')_t3_min: 1290
	F11_jitter: 258
	F52_('S3', 'S2')_t4_min: 4121
	F17_('S4', 'S5')_t5_max: 3835
	F7_('S3', 'S2')_t4_max: 2454
	F57_('S2', 'E2')_rr: 16
	F15_('S4', 'S5')_rr: 0
	F33_('S3', 'S4')_t4_max: 1717
	F17_('S5', 'E5')_t3_max: 3842
	F26_('S2', 'S1')_rr: 0
	F48_('E3', 'S3')_t4_min: 1341
	F30_('S4', 'S5')_t4_max: 2275
	F40_('S3', 'S4')_t4_max: 68471
	F4_('S2', 'S1')_t4_max: 2456
	F27_jitter: 258
	F44_('S4', 'S5')_t4_max: 7476
	F56_('S2', 'E2')_t3_min: 43258
	F17_('S1', 'S2')_rr: 4
	F51_('S5', 'E5')_gc: False
	F58_('E4', 'S4')_rr: 0
	F25_('S5', 'S4')_rr: 1
	F44_jitter: 0
	F19_('S3', 'E3')_rr: 0
	F46_('E4', 'S4')_gc: False
	F17_('S2', 'S3')_t4_max: 3546
	F29_('E4', 'S4')_t3_max: 35703
	F26_queue_index: 0
	F57_('S3', 'S2')_t4_min: 6757
	F54_('S4', 'S5')_t4_min: 44093
	F16_('E5', 'S5')_t3_max: 15484
	F45_('S5', 'E5')_t4_min: 711
	F3_('S1', 'S2')_gc: True
	F26_('S2', 'S1')_gc: False
	F34_('E2', 'S2')_gc: False
	F57_('S4', 'S3')_t4_min: 6679
	F17_('S5', 'E5')_gc: False
	F4_queue_index: 0
	F5_('S4', 'S3')_gc: True
	F2_('S4', 'E4')_t5_min: 59999
	F43_('S3', 'S4')_rr: 0
	F11_('E5', 'S5')_gc: False
	F44_('E4', 'S4')_t3_max: 7165
	F15_('S1', 'S2')_rr: 16
	F30_('E1', 'S1')_gc: False
	F14_('S1', 'S2')_gc: True
	F26_('S3', 'S2')_gc: False
	F21_('S2', 'E2')_t4_max: 4280
	F20_('E3', 'S3')_rr: 0
	F37_('E4', 'S4')_gc: False
	F43_('E3', 'S3')_gc: False
	F7_('S5', 'S4')_t3_max: 2103
	F52_('S3', 'S2')_rr: 2
	F44_('E4', 'S4')_rr: 0
	F16_('S5', 'S4')_t3_max: 15644
	F36_('S2', 'E2')_rr: 16
	F10_queue_index: 0
	F38_('S2', 'S3')_t4_max: 2996
	F41_('S3', 'S4')_t4_max: 4291
	F57_('S4', 'S3')_gc: True
	F51_('S3', 'S4')_t4_max: 7683
	F22_('S1', 'E1')_t4_min: 30444
	F27_('S5', 'E5')_rr: 0
	F33_('S3', 'S4')_t4_min: 1588
	F28_('S5', 'S4')_t4_min: 2458
	F27_('E2', 'S2')_rr: 0
	F49_('E2', 'S2')_t3_max: 1670
	F32_('E2', 'S2')_t4_min: 187
	F15_('S3', 'S4')_t4_min: 984
	('S4', 'S5')_gcl_cycle: 64000
	F26_('S3', 'S2')_t4_max: 3092
	F25_('S4', 'S3')_t3_max: 858
	F42_('S4', 'S5')_t3_max: 30041
	F56_('E3', 'S3')_t5_max: 43160
	F23_('S3', 'E3')_t4_min: 1799
	F38_('S4', 'E4')_t4_min: 3325
	F23_('E5', 'S5')_t3_max: 1208
	F55_('S5', 'E5')_t4_min: 142
	F52_('S4', 'S3')_t3_max: 3854
	F41_('E1', 'S1')_t3_min: 3859
	F30_queue_index: 0
	('S3', 'S4')_gcl_cycle: 32000
	('S5', 'S4')_gcl_cycle: 32000
	F47_('S4', 'S5')_t5_max: 22398
	F2_('E3', 'S3')_gc: False
	F17_jitter: 516
	F34_('S2', 'S3')_t4_min: 417
	F27_('E2', 'S2')_gc: False
	F19_('S2', 'S3')_t3_max: 79116
	F21_('S3', 'S2')_t4_min: 4209
	F0_('S4', 'S3')_rr: 1
	F2_('S4', 'E4')_rr: 1
	F55_('S5', 'E5')_gc: False
	F18_('S4', 'S3')_t4_min: 1504
	F9_queue_index: 0
	F13_('E2', 'S2')_t3_max: 56073
	F47_('S4', 'S5')_rr: 0
	F17_('S2', 'S3')_tb: 3417
	F32_('E2', 'S2')_rr: 0
	F55_('S3', 'S4')_t4_min: 48
	F17_('S2', 'S3')_t4_min: 3417
	F13_('S2', 'S3')_tb: 56243
	F0_('S3', 'E3')_gc: False
	F42_('S4', 'S5')_t4_max: 30164
	F26_('S1', 'E1')_t3_min: 3105
	F51_('S3', 'S4')_t5_min: 7572
	F5_('E4', 'S4')_rr: 0
	F34_('S5', 'E5')_gc: False
	F1_('S1', 'S2')_rr: 2
	F33_('S3', 'S4')_t5_min: 1672
	F59_('S4', 'S3')_rr: 16
	F28_('S5', 'S4')_t3_max: 2458
	F51_('S5', 'E5')_t4_min: 7594
	F20_('S3', 'S4')_gc: True
	F2_('E3', 'S3')_rr: 0
	F0_('E4', 'S4')_gc: False
	F12_('S4', 'S3')_rr: 0
	F54_('E3', 'S3')_t3_max: 43496
	F6_('S2', 'E2')_gc: False
	F46_('S5', 'E5')_gc: True
	F50_('S5', 'E5')_rr: 0
	F42_('E4', 'S4')_gc: False
	F5_('E4', 'S4')_t5_min: 1288
	F45_('S4', 'S5')_t3_max: 506
	F53_('E3', 'S3')_tb: 5053
	F4_('E5', 'S5')_t3_min: 1661
	F56_('S3', 'S2')_t4_min: 43162
	F14_('E1', 'S1')_gc: False
	('S5', 'E5')_gcl_cycle: 64000
	F27_('S4', 'S5')_rr: 0
	F18_('S3', 'S2')_t3_min: 1532
	F30_('S2', 'S3')_t4_min: 1846
	F1_queue_index: 0
	F13_('S2', 'S3')_t4_min: 56243
	F51_('S3', 'S4')_gc: False
	F24_('E1', 'S1')_t4_max: 71109
	F36_('E3', 'S3')_rr: 0
	F38_('S2', 'S3')_t4_min: 2996
	F2_jitter: 0
	F47_queue_index: 0
	F11_('S3', 'S2')_t4_max: 28331
	F56_('S3', 'S2')_t3_max: 43167
	F21_('S3', 'S2')_gc: True
	F19_('S2', 'S3')_t4_min: 79116
	F17_('S3', 'S4')_gc: False
	F0_('S3', 'E3')_t4_min: 1607
	F12_('S3', 'E3')_t4_min: 8882
	F41_('S4', 'E4')_gc: True
	F54_('S5', 'E5')_gc: True
	F15_('S4', 'S5')_gc: False
	F16_jitter: 0
	F8_('E2', 'S2')_tb: 16208
	F42_('E4', 'S4')_rr: 0
	F45_('E4', 'S4')_t3_max: 303
	F57_('S3', 'S2')_rr: 0
	F59_('S5', 'S4')_t4_min: 240
	F38_('S2', 'S3')_rr: 32
	F43_queue_index: 0
	F40_('S3', 'S4')_t3_max: 68347
	F55_('S4', 'S5')_t4_max: 353
	F16_('S3', 'S2')_t3_min: 15834
	F53_('S4', 'S5')_t4_max: 5538
	F11_('S4', 'S3')_gc: True
	F10_('S3', 'E3')_t5_min: 320
	F27_('S5', 'E5')_t4_min: 14262
	F17_('S3', 'S4')_t4_max: 3686
	F45_('S5', 'E5')_gc: True
	F24_('S1', 'S2')_t3_max: 71145
	F27_('S3', 'S4')_t4_max: 14150
	F46_jitter: 0
	F4_('S1', 'E1')_t3_max: 2559
	F43_('S4', 'S5')_t3_min: 117959
	F48_('S3', 'S2')_gc: True
	F10_('E2', 'S2')_gc: False
	F47_('S5', 'E5')_t4_min: 22405
	F38_('S4', 'E4')_t5_min: 3421
	F12_('S4', 'S3')_t4_max: 8933
	('S5', 'S4')_gcl_length: 64
	F46_('S5', 'E5')_t3_min: 25591
	F46_queue_index: 0
	F29_('S4', 'S5')_t3_max: 35842
	F55_('E3', 'S3')_t5_min: 46
	F56_('E3', 'S3')_t3_max: 42942
	F24_queue_index: 0
	F25_('E5', 'S5')_rr: 0
	F11_('S2', 'S1')_gc: False
	F19_('E2', 'S2')_rr: 0
	F11_('S1', 'E1')_gc: False
	F31_('S5', 'E5')_rr: 8
	F44_('S5', 'E5')_t4_min: 7538
	F16_('S3', 'S2')_t4_max: 15839
	F54_('E3', 'S3')_rr: 0
	F47_('S5', 'E5')_tb: 22405
	F42_('S5', 'E5')_t4_max: 30232
	F34_('S3', 'S4')_t3_min: 493
	F19_('S2', 'S3')_tb: 79116
	F13_('S2', 'S3')_t3_min: 56243
	F29_('E4', 'S4')_t3_min: 35827
	F15_('E1', 'S1')_t4_max: 512
	F12_('E4', 'S4')_t4_min: 8726
	F4_('S4', 'S3')_t3_min: 1857
	F23_('S3', 'E3')_tb: 1799
	F12_('E4', 'S4')_t4_max: 8726
	F51_('S5', 'E5')_t4_max: 7981
	F23_('S3', 'E3')_t5_min: 1870
	F52_('S2', 'E2')_t3_min: 4134
	F30_('E1', 'S1')_t3_min: 1418
	F58_('E4', 'S4')_t5_max: 126268
	F49_('S1', 'E1')_tb: 2120
	F31_('S5', 'E5')_tb: 5938
	F19_('E2', 'S2')_t3_min: 79025
	F59_('S3', 'E3')_t4_max: 798
	F45_('E4', 'S4')_t4_min: 427
	F9_('S3', 'S2')_t3_min: 15162
	F48_('S2', 'E2')_t3_max: 1538
	F51_('S3', 'S4')_t5_max: 7701
	F49_('S2', 'S1')_t5_max: 2102
	F43_('S3', 'S4')_t5_max: 118086
	F37_('S3', 'E3')_t3_max: 8331
	F34_('S4', 'S5')_t3_min: 703
	F27_('S3', 'S4')_t5_min: 14204
	F6_('S4', 'S3')_t5_min: 7855
	F14_('S3', 'E3')_t3_max: 2005
	F25_('E5', 'S5')_t5_max: 694
	F36_('E3', 'S3')_t4_min: 5093
	F11_('S1', 'E1')_t4_max: 28623
	F11_('S2', 'S1')_tb: 28348
	F41_('S3', 'S4')_t5_max: 4324
	F14_('S1', 'S2')_t3_min: 1739
	F1_('S3', 'E3')_t3_max: 9222
	F12_('E4', 'S4')_t3_min: 8726
	F21_('S2', 'E2')_t5_max: 4344
	F12_('E4', 'S4')_tb: 8726
	F8_('S1', 'E1')_tb: 16456
	F11_('S1', 'E1')_t3_min: 28365
	F54_('S3', 'S4')_t5_min: 43834
	F49_('S1', 'E1')_t4_max: 2120
	F13_('S3', 'E3')_t3_min: 56289
	F0_('S3', 'E3')_t3_min: 1607
	F22_('S4', 'S3')_t3_max: 29932
	F9_('S2', 'S1')_tb: 15454
	F32_('S2', 'S1')_tb: 311
	F59_('S4', 'S3')_t3_min: 325
	F34_('S2', 'S3')_t3_min: 417
	F29_('S5', 'E5')_t4_max: 35981
	F30_('S5', 'E5')_t3_min: 2232
	F17_('E1', 'S1')_t3_min: 3390
	F51_('E3', 'S3')_t5_max: 7552
	F47_('E2', 'S2')_tb: 21689
	F30_('E1', 'S1')_t5_max: 1502
	F57_('S3', 'S2')_tb: 6757
	F41_('S4', 'E4')_t4_max: 4331
	F30_('S5', 'E5')_t5_max: 2574
	F24_('E1', 'S1')_tb: 71109
	F4_('S3', 'S2')_t3_max: 2218
	('S5', 'E5')_gcl_length: 254
	F37_('S4', 'S3')_t3_min: 8133
	F43_('S5', 'E5')_t3_max: 118243
	F18_('S3', 'S2')_tb: 1660
	F8_('S2', 'S1')_t5_min: 16454
	F52_('S3', 'S2')_t3_min: 3862
	F35_('S1', 'E1')_t3_min: 210
	F18_('S3', 'S2')_t3_max: 1537
	F58_('S5', 'E5')_t3_min: 126294
	F45_('E4', 'S4')_t5_max: 499
	F26_('S4', 'S3')_t5_max: 2961
	F16_('S2', 'E2')_t5_min: 15904
	F47_('S2', 'S3')_tb: 21770
	F53_('E3', 'S3')_t4_max: 5053
	F37_('S4', 'S3')_t5_max: 8324
	F30_('S2', 'S3')_t5_min: 1930
	F52_('S2', 'E2')_t4_max: 4263
	F21_('E3', 'S3')_t4_min: 4138
	('S1', 'S2')_gcl_length: 76
	F37_('E4', 'S4')_t5_min: 8131
	F34_('E2', 'S2')_tb: 341
	F19_('S3', 'E3')_tb: 79202
	F43_('E3', 'S3')_t5_min: 117936
	F20_('E3', 'S3')_t3_min: 705
	F47_('S3', 'S4')_t5_max: 22188
	F46_('S4', 'S5')_t3_min: 25500
	F28_('S5', 'S4')_t5_max: 2558
	('S1', 'E1')_gcl_length: 62
	F57_('S3', 'S2')_t5_min: 6833
	F52_('E4', 'S4')_t5_min: 3847
	F30_('S5', 'E5')_t4_max: 2490
	F20_('S3', 'S4')_t5_max: 849
	F48_('E3', 'S3')_t3_min: 1341
	F33_('S5', 'E5')_t3_min: 1760
	F56_('S3', 'S2')_tb: 43162
	F0_('S3', 'E3')_t5_min: 1669
	F37_('S3', 'E3')_t3_min: 8326
	F28_('E5', 'S5')_t3_min: 2351
	F3_('S1', 'S2')_t5_min: 4343
	F2_('S4', 'E4')_tb: 59977
	F42_('S5', 'E5')_t5_max: 30293
	F24_('S1', 'S2')_t5_min: 71169
	F45_('E4', 'S4')_t3_min: 427
	F59_('S3', 'E3')_t5_max: 881
	F48_('S2', 'E2')_t4_max: 1657
	F18_('S4', 'S3')_t5_max: 1530
	F9_('S2', 'S1')_t5_max: 15616
	F40_('E3', 'S3')_t5_max: 68340
	F13_('E2', 'S2')_t5_max: 56241
	F24_('E1', 'S1')_t3_min: 71109
	F12_('S3', 'E3')_t3_min: 8882
	F50_('S5', 'E5')_t5_min: 5674
	F55_('E3', 'S3')_t5_max: 46
	F36_('E3', 'S3')_t4_max: 5093
	F50_('E4', 'S4')_t4_max: 5529
	F8_('S1', 'E1')_t3_min: 16456
	F49_('S1', 'E1')_t5_max: 2209
	F2_('S3', 'S4')_t3_min: 59696
	F21_('S3', 'S2')_t5_min: 4273
	F10_('E2', 'S2')_t5_max: 186
	F26_('S4', 'S3')_tb: 2892
	F35_('E2', 'S2')_t4_min: 1
	F1_('S2', 'S3')_tb: 9146
	F59_('S4', 'S3')_t3_max: 459
	('S2', 'S3')_gcl_length: 130
	F59_('S3', 'E3')_tb: 669
	F20_('S3', 'S4')_t3_min: 714
	F43_('S3', 'S4')_tb: 117938
	F1_('S2', 'S3')_t5_max: 9215
	F1_('S1', 'S2')_t5_max: 9016
	F45_('S5', 'E5')_t3_max: 709
	F53_('S5', 'E5')_t5_min: 5623
	F51_('S5', 'E5')_t5_min: 7612
	F15_('S5', 'E5')_t5_max: 1449
	F50_('S5', 'E5')_t3_min: 5627
	F16_('S2', 'E2')_t3_min: 15870
	F29_('S4', 'S5')_t5_max: 35974
	F22_('S1', 'E1')_t4_max: 30444
	F28_('S5', 'S4')_t3_min: 2453
	F57_('S2', 'E2')_t5_min: 7170
	F59_('S3', 'E3')_t3_min: 669
	F54_('S3', 'S4')_t5_max: 43963
	F9_('E4', 'S4')_t4_min: 15092
	F4_('S2', 'S1')_t5_max: 2552
	F33_('S5', 'E5')_t5_max: 2231
	F12_('S4', 'S3')_t3_min: 8804
	F0_('S4', 'S3')_t3_min: 1531
	F33_('S3', 'S4')_t5_max: 1801
	F44_('S4', 'S5')_t3_min: 7346
	F35_('S1', 'E1')_t4_max: 215
	F15_('S4', 'S5')_t3_min: 1095
	F4_('S2', 'S1')_t3_min: 2327
	F37_('S3', 'E3')_tb: 8326
	F44_('S5', 'E5')_t5_min: 7593
	F45_('S5', 'E5')_t5_min: 783
	F22_('S1', 'E1')_tb: 30444
	F36_('S2', 'E2')_t3_max: 5307
	F41_('S3', 'S4')_t3_max: 4227
	F38_('S4', 'E4')_t3_min: 3197
	F16_('S2', 'E2')_t4_max: 15875
	F3_('S2', 'E2')_tb: 4345
	F0_('E4', 'S4')_t3_min: 1467
	F24_('S1', 'S2')_t5_max: 71298
	F9_('S1', 'E1')_t3_min: 15489
	F23_('S5', 'S4')_t3_min: 1405
	F46_('E4', 'S4')_t5_min: 25498
	F8_('S1', 'E1')_t4_max: 16714
	F34_('S5', 'E5')_t5_min: 858
	F54_('S5', 'E5')_t5_max: 44312
	F52_('S4', 'S3')_t3_min: 3849
	F15_('S5', 'E5')_t4_max: 1340
	F48_('S3', 'S2')_tb: 1501
	F36_('S3', 'S2')_t5_min: 5300
	F25_('S5', 'S4')_tb: 824
	F18_('S4', 'S3')_tb: 1504
	('S3', 'E3')_gcl_length: 2
	F58_('S4', 'S5')_t5_min: 126292
	F48_('S2', 'E2')_t5_max: 1687
	F13_('S3', 'E3')_t3_max: 56423
	F17_('S4', 'S5')_t5_min: 3448
	F5_('E4', 'S4')_tb: 1227
	F55_('S3', 'S4')_t5_max: 222
	F47_('S5', 'E5')_t3_max: 22405
	F7_('S2', 'E2')_t3_max: 2568
	F11_('E5', 'S5')_t5_min: 28154
	F51_('S4', 'S5')_tb: 7574
	F19_('S2', 'S3')_t5_min: 79200
	F3_('S1', 'S2')_t3_min: 4107
	('E2', 'S2')_gcl_length: 0
	F18_('S4', 'S3')_t3_min: 1415
	F6_('S2', 'E2')_t4_max: 8303
	F47_('S3', 'S4')_t3_min: 21851
	F38_('S1', 'S2')_t5_max: 2976
	F32_('S1', 'E1')_t3_min: 333
	F15_('S4', 'S5')_t5_min: 1204
	F22_('S5', 'S4')_t5_min: 29796
	F56_('E3', 'S3')_tb: 43066
	F24_('S2', 'E2')_t5_max: 71458
	F10_('S3', 'E3')_t3_min: 255
	F40_('S4', 'E4')_t5_min: 68520
	F6_('E4', 'S4')_t3_min: 7739
	F14_('E1', 'S1')_t3_min: 1675
	F59_('S3', 'E3')_t3_max: 674
	F4_('S1', 'E1')_t5_min: 2521
	F7_('S4', 'S3')_t3_max: 2217
	F58_('S4', 'S5')_t3_min: 126270
	F56_('E3', 'S3')_t5_min: 43160
	F20_('S4', 'S5')_t3_max: 856
	F14_('S3', 'E3')_t5_min: 2191
	F3_('E1', 'S1')_t4_max: 3997
	('S4', 'S5')_gcl_length: 172
	F42_('E4', 'S4')_t3_min: 29973
	F27_('S3', 'S4')_tb: 14150
	F36_('E3', 'S3')_t5_min: 5193
	F45_('S5', 'E5')_t4_max: 711
	F42_('E4', 'S4')_t5_min: 30034
	F59_('E5', 'S5')_t4_min: 155
	F38_('S4', 'E4')_t3_max: 3202
	F36_('S2', 'E2')_t5_max: 5532
	F9_('E4', 'S4')_t5_min: 15125
	F5_('S3', 'E3')_tb: 1416
	F55_('S4', 'S5')_t5_max: 398
	F9_('S1', 'E1')_t4_max: 15747
	F12_('S4', 'S3')_t5_max: 9009
	F46_('E4', 'S4')_tb: 25414
	F58_('E4', 'S4')_t5_min: 126268
	F53_('S5', 'E5')_t4_max: 5584
	F14_('S3', 'E3')_t5_max: 2191
	F5_('E4', 'S4')_t5_max: 1288
	F9_('S4', 'S3')_t5_max: 15289
	F9_('S4', 'S3')_t3_min: 15127
	F59_('E5', 'S5')_t5_min: 238
	F30_('S3', 'S4')_t5_min: 2144
	F25_('E5', 'S5')_tb: 667
	F1_('S3', 'E3')_t3_min: 9217
	F20_('S5', 'E5')_tb: 1116
	F55_('S5', 'E5')_t3_min: 142
	F10_('E2', 'S2')_t3_min: 121
	F4_('S2', 'S1')_t5_min: 2423
	F17_('S2', 'S3')_t3_min: 3417
	F45_('S4', 'S5')_t5_min: 573
	('E4', 'S4')_gcl_length: 0
	F53_('S4', 'S5')_t3_min: 5409
	F13_('S3', 'E3')_t4_max: 56547
	F11_('S5', 'S4')_t5_min: 28239
	F27_('S4', 'S5')_t5_min: 14260
	F24_('S1', 'S2')_tb: 71140
	F25_('S5', 'S4')_t5_min: 851
	F23_('S4', 'S3')_tb: 1726
	F25_('S3', 'E3')_t3_max: 1016
	F45_('E4', 'S4')_t4_max: 427
	F17_('S5', 'E5')_t5_min: 3459
	F57_('S3', 'S2')_t3_min: 6757
	F52_('S2', 'E2')_t3_max: 4139
	F52_('E4', 'S4')_t5_max: 3847
	F40_('E3', 'S3')_t5_min: 68340
	F33_('E3', 'S3')_t5_max: 1586
	F12_('S3', 'E3')_tb: 8882
	F44_('S5', 'E5')_t4_max: 7538
	F10_('E2', 'S2')_t5_min: 186
	F6_('E4', 'S4')_tb: 7739
	F15_('E1', 'S1')_t3_min: 512
	F34_('E2', 'S2')_t4_min: 341
	F56_('S3', 'S2')_t5_min: 43256
	F32_('S2', 'S1')_t5_max: 331
	F36_('E3', 'S3')_t5_max: 5193
	F44_('S4', 'S5')_t5_max: 7531
	F25_('S3', 'E3')_t5_max: 1167
	F29_('S5', 'E5')_t3_max: 35981
	F47_('S2', 'S3')_t5_max: 21978
	F30_('E1', 'S1')_t5_min: 1502
	F2_('S4', 'E4')_t3_max: 59854
	F22_('E5', 'S5')_t4_max: 29660
	F54_('S5', 'E5')_t5_min: 44312
	F17_('S2', 'S3')_t5_max: 3555
	F1_('S2', 'S3')_t5_min: 9215
	F35_('S2', 'S1')_tb: 108
	F57_('E4', 'S4')_t4_min: 6596
	F27_('E2', 'S2')_t4_min: 13781
	F37_('S4', 'S3')_t5_min: 8324
	F26_('S4', 'S3')_t3_min: 2887
	F17_('S5', 'E5')_t3_min: 3450
	F0_('E4', 'S4')_tb: 1467
	F27_('S3', 'S4')_t5_max: 14204
	F16_('E5', 'S5')_t4_min: 15608
	F53_('S3', 'S4')_t5_max: 5407
	F33_('E3', 'S3')_tb: 1502
	F57_('E4', 'S4')_t5_max: 6672
	F28_('S4', 'E4')_t5_min: 2660
	F2_('E3', 'S3')_t4_max: 59672
	F41_('S4', 'E4')_t3_max: 4331
	('E1', 'S1')_gcl_length: 0
	F21_('S3', 'S2')_t5_max: 4273
	F14_('E1', 'S1')_t4_max: 1675
	F8_('S1', 'E1')_t5_min: 16578
	F17_('E1', 'S1')_t5_max: 3399
	F25_('S3', 'E3')_tb: 882
	F17_('E1', 'S1')_tb: 3390
	F2_('E3', 'S3')_t3_min: 59672
	F22_('S2', 'S1')_t3_max: 30214
	F17_('S5', 'E5')_t5_max: 3975
	F54_('S4', 'S5')_t3_max: 43970
	F43_('S4', 'S5')_t5_max: 118236
	F43_('S3', 'S4')_t5_min: 117957
	F33_('S5', 'E5')_t3_max: 2023
	F1_('S1', 'S2')_t3_min: 8819
	F26_('S4', 'S3')_t5_min: 2961
	F8_('E2', 'S2')_t5_max: 16330
	F54_('E3', 'S3')_tb: 43620
	F18_('E4', 'S4')_t4_max: 1387
	F53_('S5', 'E5')_t3_max: 5584
	F46_('S5', 'E5')_t3_max: 25596
	F24_('S2', 'E2')_t3_min: 71171
	F59_('S5', 'S4')_t5_max: 452
	F16_('S5', 'S4')_t5_max: 15796
	F25_('S5', 'S4')_t5_max: 851
	F40_('S4', 'E4')_t4_max: 68499
	F3_('S2', 'E2')_t3_min: 4345
	F31_('S5', 'E5')_t5_max: 5979
	F34_('S2', 'S3')_tb: 417
	F30_('S4', 'S5')_tb: 2146
	F27_('E2', 'S2')_t3_min: 13781
	F3_('E1', 'S1')_t3_min: 3997
	F51_('S5', 'E5')_tb: 7594
	F1_('E1', 'S1')_tb: 8748
	F11_('S4', 'S3')_tb: 28309
	F9_('S3', 'S2')_t5_min: 15452
	F53_('S4', 'S5')_t3_max: 5414
	F41_('E1', 'S1')_t5_min: 3892
	F7_('E5', 'S5')_t4_min: 1989
	F38_('E1', 'S1')_t5_max: 2736
	F15_('S2', 'S3')_t5_min: 848
	F23_('S4', 'S3')_t5_max: 1797
	F23_('E5', 'S5')_t4_min: 1332
	F4_('S4', 'S3')_t5_max: 2211
	F34_('E2', 'S2')_t5_max: 415
	F14_('S3', 'E3')_t3_min: 2000
	F11_('S4', 'S3')_t5_max: 28324
	F7_('S5', 'S4')_t5_min: 2210
	F33_('E3', 'S3')_t4_min: 1502
	F17_('S5', 'E5')_t4_max: 3966
	F29_('E4', 'S4')_t5_max: 35835
	F7_('S2', 'E2')_t5_min: 2670
	F38_('S2', 'S3')_t5_min: 3092
	F48_('S3', 'S2')_t5_min: 1531
	F39_('S2', 'E2')_t3_min: 28345
	F56_('E3', 'S3')_t4_max: 43066
	F30_('S5', 'E5')_t3_max: 2366
	F29_('S4', 'S5')_t5_min: 35974
	F47_('S3', 'S4')_tb: 21851
	F39_('S2', 'E2')_t3_max: 28350
	F10_('S2', 'S3')_t5_min: 253
	F11_('E5', 'S5')_t4_min: 28139
	F47_('S3', 'S4')_t5_min: 21930
	F55_('S4', 'S5')_t3_min: 95
	F55_('E3', 'S3')_t3_min: 1
	F17_('S1', 'S2')_t5_min: 3415
	F18_('E4', 'S4')_t3_min: 1387
	F10_('E2', 'S2')_t4_min: 121
	F9_('S3', 'S2')_t5_max: 15452
	F37_('E4', 'S4')_t3_min: 8070
	F27_('S2', 'S3')_t3_min: 13837
	F26_('S3', 'S2')_t3_max: 2968
	F14_('E1', 'S1')_tb: 1675
	F58_('E4', 'S4')_t4_min: 126246
	F11_('E5', 'S5')_t5_max: 28154
	F34_('S2', 'S3')_t5_max: 620
	F1_('E1', 'S1')_t4_max: 8748
	F1_('E1', 'S1')_t4_min: 8748
	F26_('S1', 'E1')_t5_max: 3488
	F22_('S4', 'S3')_t5_min: 30010
	F57_('S2', 'E2')_tb: 7094
	F56_('S2', 'E2')_t5_max: 43609
	F3_('E1', 'S1')_t4_min: 3997
	F4_('S1', 'E1')_t4_max: 2683
	F42_('S5', 'E5')_tb: 30232
	F35_('S1', 'E1')_t5_max: 315
	F19_('E2', 'S2')_t5_min: 79109
	F16_('S3', 'S2')_t5_min: 15868
	F58_('E4', 'S4')_tb: 126246
	F45_('S5', 'E5')_tb: 711
	F32_('S2', 'S1')_t5_min: 331
	F29_('S5', 'E5')_t3_min: 35976
	F44_('S5', 'E5')_tb: 7538
	F43_('S4', 'S5')_t3_max: 118093
	F1_('S3', 'E3')_t5_min: 9286
	F53_('E3', 'S3')_t5_max: 5092
	F22_('S3', 'S2')_t3_max: 30017
	F45_('S5', 'E5')_t3_min: 575
	F42_('S4', 'S5')_t5_min: 30225
	F6_('S2', 'E2')_t5_min: 7973
	F15_('S4', 'S5')_tb: 1095
	F52_('S2', 'E2')_tb: 4134
	F58_('E4', 'S4')_t3_min: 126246
	F12_('S3', 'E3')_t3_max: 9016
	F17_('S2', 'S3')_t5_min: 3426
	F48_('E3', 'S3')_t4_max: 1341
	F17_('S4', 'S5')_t3_max: 3702
	F41_('S4', 'E4')_t5_min: 4364
	F17_('E1', 'S1')_t5_min: 3399
	F31_('S5', 'E5')_t5_min: 5979
	F7_('E5', 'S5')_t4_max: 1989
	F24_('S2', 'E2')_t3_max: 71305
	F45_('S5', 'E5')_t5_max: 783
	F28_('S4', 'E4')_t3_max: 2565
	F5_('S3', 'E3')_t4_max: 1545
	F31_('S4', 'S5')_t5_min: 5931
	F33_('S3', 'S4')_tb: 1588
	F49_('S2', 'S1')_tb: 2013
	F23_('E5', 'S5')_tb: 1332
	F54_('S5', 'E5')_t3_max: 44206
	F52_('S3', 'S2')_t5_min: 4132
	F52_('S2', 'E2')_t5_max: 4274
	F42_('E4', 'S4')_tb: 29973
	F13_('E2', 'S2')_t4_min: 56197
	F47_('E2', 'S2')_t5_max: 21768
	F1_('E1', 'S1')_t5_max: 8817
	F22_('E5', 'S5')_tb: 29660
	F11_('S2', 'S1')_t5_min: 28363
	F7_('S4', 'S3')_tb: 2217
	F52_('S3', 'S2')_t5_max: 4132
	F49_('E2', 'S2')_t4_min: 1794
	('E5', 'S5')_gcl_length: 0
	F39_('S1', 'S2')_tb: 28255
	F11_('S1', 'E1')_tb: 28365
	F11_('E5', 'S5')_t3_min: 28139
	F1_('S3', 'E3')_t4_max: 9346
	F53_('E3', 'S3')_t4_min: 5053
	F24_('E1', 'S1')_t4_min: 71109
	F53_('E3', 'S3')_t3_min: 5053
	F9_('S3', 'S2')_t3_max: 15296
	F22_('S3', 'S2')_t5_min: 30207
	('E3', 'S3')_gcl_length: 0
	F43_('S4', 'S5')_t5_min: 117978
	F55_('S3', 'S4')_tb: 48
	F47_('S4', 'S5')_t5_min: 22011
	F46_('E4', 'S4')_t5_max: 25498
	F54_('S3', 'S4')_tb: 43728
	F16_('S5', 'S4')_t5_min: 15796
	F31_('S4', 'S5')_tb: 5890
	F9_('S1', 'E1')_tb: 15489
	F33_('S5', 'E5')_t5_min: 1844
	F23_('E5', 'S5')_t5_min: 1403
	F4_('S4', 'S3')_tb: 1857
	F0_('S4', 'S3')_t5_max: 1605
	F16_('S4', 'S3')_t5_max: 15832
	F12_('S3', 'E3')_t5_max: 9216
	F46_('S5', 'E5')_t5_max: 25680
	F11_('S4', 'S3')_t3_max: 28246
	F11_('S2', 'S1')_t5_max: 28492
	F46_('S5', 'E5')_tb: 25596
	F54_('S5', 'E5')_tb: 44206
	F7_('E5', 'S5')_t3_min: 1989
	F53_('S5', 'E5')_t3_min: 5450
	F43_('E3', 'S3')_t3_min: 117917
	F22_('S5', 'S4')_t3_min: 29729
	F8_('E2', 'S2')_t5_min: 16330
	F1_('S3', 'E3')_tb: 9217
	F34_('S4', 'S5')_t5_min: 782
	F0_('S3', 'E3')_t5_max: 1798
	F51_('S4', 'S5')_t5_min: 7592
	F42_('E4', 'S4')_t5_max: 30034
	F7_('E5', 'S5')_t5_min: 2096
	F19_('E2', 'S2')_t5_max: 79109
	F27_('S5', 'E5')_t5_max: 14574
	F46_('S4', 'S5')_t5_max: 25589
	F38_('S2', 'S3')_t3_min: 2978
	F58_('S5', 'E5')_t5_max: 126574
	F16_('S4', 'S3')_t3_max: 15803
	F0_('S3', 'E3')_t4_max: 1736
	F2_('E3', 'S3')_t5_max: 59694
	F29_('S5', 'E5')_tb: 35981
	F27_('E2', 'S2')_t4_max: 13781
	F40_('E3', 'S3')_t4_min: 68319
	F34_('E2', 'S2')_t5_min: 415
	F30_('S3', 'S4')_t3_max: 1937
	F27_('S3', 'S4')_t3_max: 14027
	F55_('S4', 'S5')_t5_min: 140
	F37_('E4', 'S4')_t4_min: 8070
	F11_('S1', 'E1')_t5_max: 28638
	F7_('S3', 'S2')_tb: 2454
	F15_('S1', 'S2')_t3_min: 623
	F48_('S2', 'E2')_t3_min: 1533
	F38_('S2', 'S3')_tb: 2996
	F52_('E4', 'S4')_t4_min: 3836
	F17_('S3', 'S4')_t3_min: 3428
	F26_('S1', 'E1')_t5_min: 3488
	F7_('S2', 'E2')_tb: 2563
	F26_('S3', 'S2')_t5_min: 3032
	F14_('E1', 'S1')_t4_min: 1675
	F0_('E4', 'S4')_t5_max: 1529
	F29_('S5', 'E5')_t5_min: 35989
	F30_('S3', 'S4')_tb: 2060
	F1_('S3', 'E3')_t5_max: 9415
	F39_('S2', 'E2')_t5_max: 28438
	F54_('E3', 'S3')_t5_min: 43726
	F58_('S4', 'S5')_t5_max: 126421
	F30_('E1', 'S1')_t4_max: 1418
	F3_('S1', 'S2')_tb: 4235
	F15_('E1', 'S1')_t5_max: 621
	F11_('E5', 'S5')_t4_max: 28139
	('S4', 'S3')_gcl_length: 156
	F54_('S4', 'S5')_t3_min: 43836
	F49_('S2', 'S1')_t5_min: 2102
	F30_('S3', 'S4')_t3_min: 1932
	F39_('S2', 'E2')_t4_max: 28350
	F33_('S4', 'S5')_t3_max: 1808
	F0_('S4', 'S3')_t5_min: 1605
	F21_('S3', 'S2')_t3_min: 4204
	F15_('E1', 'S1')_tb: 512
	F50_('S5', 'E5')_t3_max: 5761
	F20_('E3', 'S3')_t5_max: 712
	F34_('S4', 'S5')_t3_max: 708
	F30_('S5', 'E5')_t5_min: 2316
	F21_('S2', 'E2')_t3_min: 4275
	F7_('S3', 'S2')_t3_max: 2331
	F6_('E4', 'S4')_t4_max: 7739
	F6_('S4', 'S3')_t3_min: 7798
	F27_('S2', 'S3')_t5_max: 14020
	F31_('E4', 'S4')_t3_min: 5719
	F59_('E5', 'S5')_t5_max: 238
	F2_('E3', 'S3')_t5_min: 59694
	F50_('E4', 'S4')_t5_max: 5576
	F58_('S4', 'S5')_tb: 126270
	F55_('E3', 'S3')_tb: 1
	F7_('S5', 'S4')_tb: 2103
	F40_('S3', 'S4')_t5_max: 68492
	F18_('S3', 'S2')_t5_max: 1686
	F43_('S3', 'S4')_t3_min: 117938
	F3_('E1', 'S1')_t5_min: 4105
	F42_('E4', 'S4')_t4_max: 29973
	F26_('S1', 'E1')_t4_max: 3419
	F4_('S3', 'S2')_t5_min: 2325
	F42_('S5', 'E5')_t3_min: 30227
	F12_('E4', 'S4')_t5_min: 8802
	F26_('E4', 'S4')_t5_min: 2885
	F38_('S1', 'S2')_tb: 2880
	F40_('E3', 'S3')_t3_min: 68319
	F56_('S3', 'S2')_t5_max: 43385
	F6_('S2', 'E2')_tb: 7916
	F8_('S2', 'S1')_t5_max: 16583
	F51_('E3', 'S3')_t3_min: 7534
	F7_('S5', 'S4')_t3_min: 2098
	F28_('S5', 'S4')_tb: 2458
	F57_('S4', 'S3')_tb: 6679
	F47_('S5', 'E5')_t4_max: 22405
	F28_('S4', 'E4')_tb: 2560
	F51_('E3', 'S3')_tb: 7534
	F55_('S3', 'S4')_t3_min: 48
	F33_('S5', 'E5')_tb: 1760
	F5_('S3', 'E3')_t5_max: 1606
	F22_('E5', 'S5')_t5_max: 29727
	F3_('E1', 'S1')_tb: 3997
	F52_('S4', 'S3')_t5_min: 3860
	F18_('E4', 'S4')_tb: 1387
	F53_('S5', 'E5')_tb: 5584
	F24_('S2', 'E2')_tb: 71429
	F13_('E2', 'S2')_tb: 56197
	F27_('E2', 'S2')_t5_min: 13835
	F26_('S1', 'E1')_t3_max: 3368
	F15_('S3', 'S4')_t5_max: 1093
	F3_('S2', 'E2')_t3_max: 4350
	F21_('S3', 'S2')_tb: 4209
	F8_('E2', 'S2')_t3_min: 16208
	F9_('S1', 'E1')_t5_max: 15780
	F9_('E4', 'S4')_t4_max: 15092
	F26_('S3', 'S2')_t3_min: 2963
	F38_('S3', 'S4')_tb: 3099
	F31_('E4', 'S4')_t5_max: 5760
	F15_('S3', 'S4')_tb: 984
	F28_('E5', 'S5')_t4_min: 2351
	F26_('S3', 'S2')_t5_max: 3161
	F55_('S5', 'E5')_t3_max: 405
	F55_('S5', 'E5')_t5_min: 187
	F41_('S2', 'S3')_tb: 3929
	F6_('S2', 'E2')_t5_max: 8360
	F57_('S2', 'E2')_t4_max: 7094
	F16_('E5', 'S5')_t5_max: 15637
	F14_('S2', 'S3')_t3_min: 1931
	F21_('E3', 'S3')_t5_min: 4202
	F34_('S3', 'S4')_t3_max: 627
	F33_('S4', 'S5')_t3_min: 1674
	F22_('S1', 'E1')_t3_min: 30316
	F25_('S5', 'S4')_t3_min: 696
	F13_('E2', 'S2')_t5_min: 56241
	F48_('S3', 'S2')_t5_max: 1531
	F3_('S2', 'E2')_t4_max: 4474
	F44_('E4', 'S4')_tb: 7289
	F13_('S3', 'E3')_t5_min: 56333
	F28_('E5', 'S5')_t5_min: 2451
	F49_('E2', 'S2')_t4_max: 1794
	F41_('S2', 'S3')_t5_min: 3962
	F23_('S3', 'E3')_t5_max: 1999
	F48_('S2', 'E2')_tb: 1657
	F27_('S3', 'S4')_t3_min: 13893
	F35_('S1', 'E1')_t3_max: 215
	F17_('S5', 'E5')_tb: 3450
	F27_('S2', 'S3')_t5_min: 13891
	F2_('S4', 'E4')_t3_min: 59720
	F5_('S4', 'S3')_tb: 1353
	F34_('S4', 'S5')_t5_max: 782
	F9_('S1', 'E1')_t5_min: 15522
	F15_('S3', 'S4')_t3_max: 984
	F10_('E2', 'S2')_tb: 121
	F52_('S4', 'S3')_t5_max: 3989
	F26_('E4', 'S4')_t5_max: 2885
	F6_('S3', 'S2')_t5_min: 7914
	F1_('S2', 'S3')_t3_min: 9018
	F57_('E4', 'S4')_t4_max: 6596
	F32_('S1', 'E1')_t3_max: 338
	F55_('S5', 'E5')_t5_max: 574
	F16_('S4', 'S3')_t3_min: 15798
	F30_('S1', 'S2')_t5_max: 1716
	F22_('S1', 'E1')_t5_max: 30511
	F4_('S5', 'S4')_t3_min: 1759
	F57_('S4', 'S3')_t5_min: 6755
	F36_('S3', 'S2')_tb: 5200
	F25_('S4', 'S3')_tb: 853
	F40_('S3', 'S4')_tb: 68342
	F7_('E5', 'S5')_tb: 1989
	F35_('S2', 'S1')_t5_max: 208
	F16_('S2', 'E2')_tb: 15875
	F30_('S2', 'S3')_tb: 1846
	F38_('E1', 'S1')_t4_min: 2640
	F51_('S5', 'E5')_t3_min: 7594
	F23_('S3', 'E3')_t4_max: 1928
	F45_('E4', 'S4')_t5_min: 499
	F22_('S1', 'E1')_t3_max: 30321
	F31_('E4', 'S4')_tb: 5719
	F42_('E4', 'S4')_t4_min: 29973
	F14_('S2', 'S3')_tb: 1936
	F11_('S5', 'S4')_tb: 28224
	F25_('S3', 'E3')_t4_max: 1140
	F6_('E4', 'S4')_t5_min: 7796
	F58_('S5', 'E5')_t3_max: 126428
	F57_('S2', 'E2')_t3_max: 6969
	F53_('S4', 'S5')_t5_min: 5448
	F53_('E3', 'S3')_t5_min: 5092
	F43_('S5', 'E5')_t5_max: 118386
	F39_('E1', 'S1')_t4_max: 28037
	F31_('E4', 'S4')_t4_min: 5719
	F6_('S3', 'S2')_t3_max: 7991
	F30_('S1', 'S2')_t3_min: 1504
	F17_('S4', 'S5')_t3_min: 3439
	F20_('E3', 'S3')_t4_min: 705
	F7_('S4', 'S3')_t5_max: 2324
	F36_('E3', 'S3')_t3_min: 5093
	F55_('S5', 'E5')_tb: 142
	F4_('S4', 'S3')_t5_min: 1953
	F41_('S1', 'S2')_t5_max: 4056
	F40_('S4', 'E4')_t3_max: 68499
	F4_('S4', 'S3')_t3_max: 1991
	F38_('S2', 'S3')_t5_max: 3092
	F15_('S5', 'E5')_t3_max: 1340
	F6_('S3', 'S2')_t3_min: 7857
	F20_('S4', 'S5')_t5_max: 986
	F36_('S2', 'E2')_t4_max: 5432
	F1_('S1', 'S2')_tb: 8947
	F25_('E5', 'S5')_t3_min: 667
	F57_('E4', 'S4')_t5_min: 6672
	F57_('S3', 'S2')_t5_max: 6962
	F47_('S4', 'S5')_t3_max: 22195
	F9_('E4', 'S4')_t3_min: 15092
	F52_('S2', 'E2')_t5_min: 4145
	F54_('S5', 'E5')_t3_min: 44201
	F44_('S5', 'E5')_t5_max: 7593
	F17_('E1', 'S1')_t4_max: 3390
	F43_('S5', 'E5')_t5_min: 117999
	F16_('E5', 'S5')_tb: 15608
	F28_('S4', 'E4')_t4_max: 2689
	F30_('S5', 'E5')_tb: 2232
	F33_('E3', 'S3')_t4_max: 1502
	F20_('S5', 'E5')_t3_max: 993
	F47_('S4', 'S5')_t3_min: 21932
	F15_('S2', 'S3')_tb: 739
	F25_('S4', 'S3')_t5_min: 880
	F14_('S3', 'E3')_tb: 2129
	F20_('S5', 'E5')_t5_min: 1123
	F19_('S3', 'E3')_t5_min: 79286
	F41_('S1', 'S2')_tb: 3894
	F44_('S4', 'S5')_t5_min: 7531
	F25_('S4', 'S3')_t5_max: 1009
	F5_('S4', 'S3')_t5_max: 1414
	F9_('S2', 'S1')_t5_min: 15487
	F6_('S3', 'S2')_t5_max: 8172
	F7_('S5', 'S4')_t5_max: 2210
	F14_('S1', 'S2')_tb: 1867
	F18_('S2', 'E2')_tb: 1816
	F23_('S4', 'S3')_t3_min: 1606
	F22_('S3', 'S2')_t5_max: 30207
	F32_('E2', 'S2')_tb: 187
	F4_('S1', 'E1')_tb: 2425
	F33_('S5', 'E5')_t4_max: 2147
	F15_('S2', 'S3')_t3_max: 744
	F4_('S2', 'S1')_tb: 2327
	F30_('S4', 'S5')_t5_min: 2230
	F27_('S5', 'E5')_t3_min: 14262
	F14_('S2', 'S3')_t5_min: 1998
	F38_('S4', 'E4')_t5_max: 3421
	F39_('S1', 'S2')_t5_max: 28343
	F17_('S1', 'S2')_tb: 3406
	F53_('S3', 'S4')_t5_min: 5407
	F26_('S2', 'S1')_t3_max: 3168
	F37_('S3', 'E3')_t5_min: 8387
	F55_('S5', 'E5')_t4_max: 529
	F55_('E3', 'S3')_t4_min: 1
	F10_('E2', 'S2')_t4_max: 121
	F9_('E4', 'S4')_tb: 15092
	F7_('S3', 'S2')_t3_min: 2326
	F25_('S3', 'E3')_t5_min: 909
	F47_('E2', 'S2')_t5_min: 21768
	F30_('S4', 'S5')_t5_max: 2359
	F17_('E1', 'S1')_t4_min: 3390
	F10_('S3', 'E3')_t4_max: 513
	F7_('S2', 'E2')_t4_max: 2692
	F38_('S4', 'E4')_t4_max: 3325
	F49_('S1', 'E1')_t5_min: 2209
	F19_('S3', 'E3')_t3_max: 79207
	F34_('S5', 'E5')_tb: 784
	F13_('S3', 'E3')_tb: 56289
	F15_('S5', 'E5')_tb: 1340
	F26_('S3', 'S2')_tb: 2963
	F15_('S2', 'S3')_t5_max: 977
	F2_('S3', 'S4')_tb: 59696
	F31_('S5', 'E5')_t3_min: 5933
	F10_('S3', 'E3')_t3_max: 389
	F11_('S2', 'S1')_t3_min: 28348
	F41_('E1', 'S1')_t4_max: 3859
	F59_('S5', 'S4')_tb: 240
	F41_('S4', 'E4')_tb: 4331
	F58_('S5', 'E5')_t5_min: 126316
	F59_('S3', 'E3')_t5_min: 752
	F59_('S5', 'S4')_t5_min: 323
	F39_('S2', 'E2')_t5_min: 28438
	F26_('E4', 'S4')_t4_min: 2816
	F7_('S3', 'S2')_t5_min: 2561
	F4_('S3', 'S2')_t3_min: 1955
	F28_('S5', 'S4')_t5_min: 2558
	F11_('S2', 'S1')_t3_max: 28353
	F38_('E1', 'S1')_t5_min: 2736
	F36_('S2', 'E2')_t3_min: 5302
	F20_('E3', 'S3')_tb: 705
	F27_('S2', 'S3')_tb: 13837
	F33_('S3', 'S4')_t3_min: 1588
	F54_('E3', 'S3')_t4_min: 43620
	F19_('S2', 'S3')_t5_max: 79200
	F34_('S2', 'S3')_t5_min: 491
	F3_('S1', 'S2')_t5_max: 4343
	F18_('S3', 'S2')_t5_min: 1686
	F39_('E1', 'S1')_t3_min: 28037
	F0_('E4', 'S4')_t4_max: 1467
	F14_('S1', 'S2')_t5_min: 1929
	F6_('E4', 'S4')_t4_min: 7739
	F11_('E5', 'S5')_tb: 28139
	F32_('S1', 'E1')_t5_max: 455
	F4_('S2', 'S1')_t3_max: 2332
	F58_('S5', 'E5')_tb: 126294
	F59_('E5', 'S5')_tb: 155
	F47_('S2', 'S3')_t5_min: 21849
	F41_('S1', 'S2')_t3_min: 3894
	F38_('S3', 'S4')_t3_min: 3094
	F15_('S5', 'E5')_t5_min: 1449
	F9_('S4', 'S3')_t5_min: 15160
	F41_('E1', 'S1')_t5_max: 3892
	F33_('E3', 'S3')_t5_min: 1586
	F49_('S2', 'S1')_t3_min: 1885
	F19_('S3', 'E3')_t4_max: 79331
	F35_('E2', 'S2')_t5_max: 101
	F8_('E2', 'S2')_t4_max: 16208
	F29_('E4', 'S4')_t4_min: 35827
	F6_('S4', 'S3')_tb: 7798
	F41_('E1', 'S1')_t4_min: 3859
	F7_('S3', 'S2')_t5_max: 2561
	F38_('E1', 'S1')_t4_max: 2640
	F50_('S5', 'E5')_tb: 5627
	F4_('E5', 'S5')_t5_max: 1757
	F0_('S3', 'E3')_tb: 1607
	F48_('E3', 'S3')_t5_min: 1371
	F41_('S2', 'S3')_t5_max: 4220
	F7_('S2', 'E2')_t3_min: 2563
	F34_('S3', 'S4')_tb: 627
	F29_('S4', 'S5')_t3_min: 35837
	F49_('S1', 'E1')_t3_max: 2109
	F17_('S2', 'S3')_t3_max: 3422
	F38_('S3', 'S4')_t5_max: 3195
	('S2', 'S1')_gcl_length: 46
	F23_('S5', 'S4')_t5_max: 1604
	F57_('S2', 'E2')_t3_min: 6835
	F38_('S2', 'S3')_t3_max: 2983
	F48_('S3', 'S2')_t3_min: 1373
	F38_('S1', 'S2')_t5_min: 2976
	F26_('E4', 'S4')_t3_min: 2816
	F47_('E2', 'S2')_t4_min: 21689
	F18_('S2', 'E2')_t3_min: 1688
	F53_('S5', 'E5')_t5_max: 5623
	F23_('S4', 'S3')_t3_max: 1611
	F51_('S4', 'S5')_t5_max: 7850
	F11_('S4', 'S3')_t5_min: 28324
	F35_('S1', 'E1')_tb: 215
	F21_('E3', 'S3')_t3_min: 4138
	F43_('E3', 'S3')_t4_min: 117917
	F12_('S3', 'E3')_t5_min: 8958
	F42_('S4', 'S5')_tb: 30164
	F43_('E3', 'S3')_tb: 117917
	F56_('S2', 'E2')_tb: 43515
	F56_('S2', 'E2')_t5_min: 43609
	F35_('S2', 'S1')_t3_min: 103
	F11_('S3', 'S2')_tb: 28331
	F51_('S4', 'S5')_t3_min: 7574
	F20_('E3', 'S3')_t4_max: 705
	F14_('S2', 'S3')_t5_max: 1998
	F17_('S4', 'S5')_tb: 3439
	F50_('E4', 'S4')_t5_min: 5576
	F44_('S5', 'E5')_t3_min: 7533
	F37_('E4', 'S4')_t5_max: 8131
	F40_('S3', 'S4')_t5_min: 68363
	F44_('E4', 'S4')_t5_min: 7344
	F32_('S1', 'E1')_t5_min: 455
	F17_('S3', 'S4')_tb: 3428
	F36_('S2', 'E2')_tb: 5432
	F22_('S2', 'S1')_t5_max: 30314
	F59_('E5', 'S5')_t4_max: 155
	F45_('S4', 'S5')_t5_max: 702
	F52_('S3', 'S2')_t3_max: 3996
	F27_('S4', 'S5')_t3_max: 14211
	F37_('S3', 'E3')_t5_max: 8516
	F22_('E5', 'S5')_t4_min: 29660
	F54_('E3', 'S3')_t4_max: 43620
	F25_('E5', 'S5')_t4_max: 667
	F48_('S2', 'E2')_t5_min: 1687
	F35_('S1', 'E1')_t5_min: 315
	F18_('S4', 'S3')_t5_min: 1530
	F32_('S1', 'E1')_t4_max: 435
	F16_('S4', 'S3')_tb: 15803
	F13_('S3', 'E3')_t5_max: 56591
	F4_('S3', 'S2')_tb: 2229
	F13_('S2', 'S3')_t5_min: 56287
	F43_('S5', 'E5')_t4_max: 118367
	F15_('S3', 'S4')_t3_min: 850
	F56_('S2', 'E2')_t3_max: 43392
	F50_('E4', 'S4')_t3_min: 5529
	F39_('S1', 'S2')_t5_min: 28343
	F8_('S2', 'S1')_tb: 16332
	F40_('S4', 'E4')_t3_min: 68365
	F9_('S4', 'S3')_tb: 15127
	F52_('S3', 'S2')_tb: 4121
	F41_('S3', 'S4')_tb: 4291
	F35_('E2', 'S2')_t3_min: 1
	F47_('S2', 'S3')_t3_min: 21770
	F55_('E3', 'S3')_t4_max: 1
	F42_('S4', 'S5')_t5_max: 30225
	F31_('S5', 'E5')_t3_max: 5938
	F31_('S4', 'S5')_t5_max: 5931
	F26_('S2', 'S1')_t3_min: 3034
	F26_('E4', 'S4')_t4_max: 2816
	F23_('S4', 'S3')_t5_min: 1797
	F0_('E4', 'S4')_t4_min: 1467
	F57_('E4', 'S4')_t3_min: 6596
	F41_('S4', 'E4')_t3_min: 4326
	F6_('S2', 'E2')_t3_max: 8179
	F20_('S4', 'S5')_t3_min: 851
	F1_('E1', 'S1')_t3_min: 8748
	F26_('S2', 'S1')_tb: 3034
	F8_('S1', 'E1')_t5_max: 16836
	F15_('E1', 'S1')_t5_min: 621
	('S2', 'E2')_gcl_length: 222
	F18_('S2', 'E2')_t3_max: 1693
	F43_('E3', 'S3')_t5_max: 117936
	F50_('S4', 'S5')_t3_min: 5578
	F46_('S4', 'S5')_tb: 25505
	F19_('S3', 'E3')_t3_min: 79202
	F33_('S4', 'S5')_tb: 1674
	F22_('S3', 'S2')_tb: 30140
	F14_('E1', 'S1')_t5_min: 1737
	F3_('S2', 'E2')_t5_max: 4582
	F26_('S2', 'S1')_t5_max: 3361
	F47_('S5', 'E5')_t5_max: 22484
	F30_('S1', 'S2')_tb: 1632
	F50_('S4', 'S5')_t5_max: 5754
	F4_('E5', 'S5')_t4_min: 1661
	F21_('E3', 'S3')_t4_max: 4138
	F17_('S1', 'S2')_t5_max: 3415
	F4_('S5', 'S4')_t5_min: 1855
	F10_('S2', 'S3')_tb: 188
	F24_('E1', 'S1')_t5_max: 71138
	F7_('E5', 'S5')_t5_max: 2096
	F16_('S2', 'E2')_t5_max: 15904
	F11_('S1', 'E1')_t3_max: 28499
	F2_('S4', 'E4')_t5_max: 59999
	F5_('S3', 'E3')_t3_max: 1421
	F59_('S4', 'S3')_t5_min: 667
	F5_('E4', 'S4')_t3_min: 1227
	F44_('E4', 'S4')_t4_max: 7289
	F30_('S2', 'S3')_t3_max: 1723
	F43_('S5', 'E5')_tb: 117980
	F39_('E1', 'S1')_tb: 28037
	F6_('S3', 'S2')_tb: 7857
	F54_('S3', 'S4')_t3_min: 43728
	F10_('S2', 'S3')_t5_max: 382
	F46_('E4', 'S4')_t4_max: 25414
	F16_('S3', 'S2')_t5_max: 15868
	F5_('E4', 'S4')_t4_max: 1227
	F23_('E5', 'S5')_t3_min: 1332
	F34_('E2', 'S2')_t4_max: 341
	F46_('E4', 'S4')_t4_min: 25414
	F20_('S5', 'E5')_t5_max: 1123
	F17_('S3', 'S4')_t5_max: 3695
	F31_('S5', 'E5')_t4_max: 5938
	F17_('S1', 'S2')_t3_min: 3401
	F8_('S2', 'S1')_t3_min: 16332
	F15_('S4', 'S5')_t5_max: 1333
	F32_('S2', 'S1')_t3_min: 209
	F29_('E4', 'S4')_t4_max: 35827
	F0_('S4', 'S3')_tb: 1543
	F16_('S5', 'S4')_t3_min: 15639
	F45_('E4', 'S4')_tb: 427
	F50_('S5', 'E5')_t4_max: 5885
	F43_('E3', 'S3')_t4_max: 117917
	F57_('S3', 'S2')_t3_max: 6762
	F42_('S4', 'S5')_t3_min: 30036
	F48_('E3', 'S3')_tb: 1341
	F49_('E2', 'S2')_t5_min: 1883
	F7_('S4', 'S3')_t3_min: 2212
	F47_('E2', 'S2')_t3_min: 21689
	F4_('S3', 'S2')_t5_max: 2325
	F22_('S5', 'S4')_t5_max: 29925
	F31_('E4', 'S4')_t5_min: 5760
	F51_('E3', 'S3')_t5_min: 7552
	F26_('S1', 'E1')_tb: 3419
	F25_('E5', 'S5')_t4_min: 667
	F46_('E4', 'S4')_t3_min: 25414
	F13_('S2', 'S3')_t5_max: 56416
	F54_('S4', 'S5')_tb: 44093
	F55_('S4', 'S5')_tb: 95
	F21_('S2', 'E2')_tb: 4280
	F30_('S1', 'S2')_t5_min: 1716
	F10_('S2', 'S3')_t3_min: 188
	F15_('S3', 'S4')_t5_min: 1093
	F28_('S4', 'E4')_t3_min: 2560
	F19_('E2', 'S2')_t4_max: 79025
	F53_('S3', 'S4')_t3_min: 5094
	F11_('S1', 'E1')_t5_min: 28380
	F23_('S5', 'S4')_t5_min: 1604
	F3_('S2', 'E2')_t5_min: 4453
	F30_('E1', 'S1')_t4_min: 1418
	F11_('S3', 'S2')_t3_min: 28326
	F41_('S1', 'S2')_t5_min: 3927
	F28_('E5', 'S5')_tb: 2351
	F50_('E4', 'S4')_tb: 5529
	F32_('E2', 'S2')_t5_max: 207
	F43_('S4', 'S5')_tb: 117959
	F11_('S4', 'S3')_t3_min: 28241
	F53_('S3', 'S4')_tb: 5368
	F55_('S3', 'S4')_t5_min: 93
	F16_('S4', 'S3')_t5_min: 15832
	F24_('S1', 'S2')_t3_min: 71140
	F54_('S5', 'E5')_t4_max: 44206
	F34_('E2', 'S2')_t3_min: 341
	F20_('S4', 'S5')_t5_min: 986
	F27_('S5', 'E5')_t4_max: 14520
	F15_('S1', 'S2')_tb: 628
	F57_('S4', 'S3')_t3_min: 6674
	F14_('S1', 'S2')_t5_max: 1929
	F18_('S2', 'E2')_t5_min: 1842
	F38_('E1', 'S1')_t3_min: 2640
	F56_('S3', 'S2')_t3_min: 43162
	F50_('S5', 'E5')_t5_max: 5932
	F14_('S3', 'E3')_t4_max: 2129
	F22_('S4', 'S3')_t5_max: 30010
	F18_('E4', 'S4')_t5_max: 1413
	F2_('S4', 'E4')_t4_max: 59977
	F16_('S3', 'S2')_t3_max: 15839
	F15_('S1', 'S2')_t5_max: 737
	F39_('E1', 'S1')_t5_min: 28125
	F57_('E4', 'S4')_tb: 6596
	F27_('S5', 'E5')_tb: 14262
	F16_('S3', 'S2')_tb: 15839
	F8_('E2', 'S2')_t4_min: 16208
	F55_('S4', 'S5')_t3_max: 229
	F54_('S4', 'S5')_t5_min: 44199
	F18_('S2', 'E2')_t4_max: 1816
	F19_('S2', 'S3')_t3_min: 79111
	F2_('S3', 'S4')_t5_min: 59718
	F50_('E4', 'S4')_t4_min: 5529
	F40_('E3', 'S3')_tb: 68319
	F40_('E3', 'S3')_t4_max: 68319
	F53_('S4', 'S5')_t5_max: 5577
	F49_('E2', 'S2')_t3_min: 1794
	F34_('S3', 'S4')_t5_min: 701
	F59_('S4', 'S3')_t5_max: 667
	F9_('S3', 'S2')_tb: 15419
	F29_('S4', 'S5')_tb: 35966
	F29_('E4', 'S4')_tb: 35827
	F49_('S1', 'E1')_t3_min: 2104
	F32_('E2', 'S2')_t4_max: 187
	F42_('S5', 'E5')_t3_max: 30232
	F34_('S3', 'S4')_t5_max: 701
	F15_('S2', 'S3')_t3_min: 739
	F57_('S2', 'E2')_t5_max: 7170
	F2_('E3', 'S3')_tb: 59672
	F15_('S5', 'E5')_t3_min: 1206
	F52_('E4', 'S4')_t4_max: 3836
	F18_('E4', 'S4')_t4_min: 1387
	F29_('S5', 'E5')_t5_max: 35989
	F0_('E4', 'S4')_t5_min: 1529
	('S4', 'E4')_gcl_length: 100
	F58_('E4', 'S4')_t4_max: 126246
	F24_('S2', 'E2')_t4_max: 71429
	F50_('S4', 'S5')_t5_min: 5625
	('S3', 'S2')_gcl_length: 142
	F28_('E5', 'S5')_t5_max: 2451
	F27_('S4', 'S5')_t3_min: 14206
	F47_('S4', 'S5')_tb: 21932
	F40_('S4', 'E4')_tb: 68499
	F23_('S5', 'S4')_tb: 1533
	F10_('S3', 'E3')_tb: 255
	F47_('S5', 'E5')_t5_min: 22484
	F22_('S2', 'S1')_t5_min: 30314
	F17_('S3', 'S4')_t5_min: 3437
	F13_('E2', 'S2')_t4_max: 56197
	F7_('S4', 'S3')_t5_min: 2324
	F57_('S4', 'S3')_t5_max: 6755
	F8_('S1', 'E1')_t3_max: 16590
	F27_('S5', 'E5')_t3_max: 14396
	F25_('S4', 'S3')_t3_min: 853
	F52_('E4', 'S4')_t3_min: 3836
	F53_('S4', 'S5')_tb: 5409
	F30_('E1', 'S1')_tb: 1418
	F16_('E5', 'S5')_t3_min: 15608
	F3_('E1', 'S1')_t5_max: 4105
	F38_('E1', 'S1')_tb: 2640
	F41_('S4', 'E4')_t5_max: 4364
	F59_('S5', 'S4')_t3_min: 240
	F46_('S5', 'E5')_t5_min: 25680
	F4_('S1', 'E1')_t3_min: 2425
	F37_('E4', 'S4')_tb: 8070
	F54_('E3', 'S3')_t3_min: 43620
	F44_('E4', 'S4')_t4_min: 7289
	F34_('S4', 'S5')_tb: 708
	F37_('E4', 'S4')_t4_max: 8070
	F24_('S2', 'E2')_t5_min: 71458
	F41_('E1', 'S1')_tb: 3859
	F56_('S2', 'E2')_t4_max: 43515
	F11_('S3', 'S2')_t3_max: 28331
	F46_('S4', 'S5')_t5_min: 25589
	F18_('S2', 'E2')_t5_max: 1842
	F45_('S4', 'S5')_tb: 501
	F5_('S3', 'E3')_t5_min: 1477
	F56_('E3', 'S3')_t3_min: 43066
	F23_('S3', 'E3')_t3_max: 1804
	F28_('S4', 'E4')_t5_max: 2789
	F21_('E3', 'S3')_t5_max: 4202
	F51_('E3', 'S3')_t4_max: 7534
	F36_('S3', 'S2')_t3_min: 5195
	F15_('S4', 'S5')_t3_max: 1100
	F1_('S2', 'S3')_t3_max: 9023
	F34_('S5', 'E5')_t5_max: 987
	F12_('S4', 'S3')_t5_min: 8880
	F42_('S5', 'E5')_t5_min: 30293
	F7_('S2', 'E2')_t5_max: 2799
	F2_('S3', 'S4')_t5_max: 59847
	F36_('S2', 'E2')_t5_min: 5532
	F51_('S5', 'E5')_t3_max: 7857
