0. Flow F0 [E4-->E5] with period 128000, payload 1204B, e2e delay 128000us, jitter 12800us
	('E4', 'S4'), Operation(123738, None, 123835)(123738, 123738)
	('S4', 'S5'), Operation(123837, None, 124063)(123837, 123966)
	('S5', 'E5'), Operation(123936, None, 124291)(123936, 124194)
1. Flow F1 [E2-->E3] with period 64000, payload 1270B, e2e delay 64000us, jitter 6400us
	('E2', 'S2'), Operation(26627, None, 26729)(26627, 26627)
	('S2', 'S3'), Operation(26731, None, 26962)(26731, 26860)
	('S3', 'E3'), Operation(26835, None, 27195)(26835, 27093)
2. Flow F2 [E2-->E1] with period 2000, payload 1411B, e2e delay 2000us, jitter 200us
	('E2', 'S2'), Operation(325, None, 438)(325, 325)
	('S2', 'S1'), Operation(440, 445, 558)(445, 445)
	('S1', 'E1'), Operation(560, 565, 678)(565, 565)
3. Flow F3 [E1-->E2] with period 2000, payload 1043B, e2e delay 2000us, jitter 200us
	('E1', 'S1'), Operation(1218, None, 1302)(1218, 1218)
	('S1', 'S2'), Operation(1304, 1309, 1393)(1309, 1309)
	('S2', 'E2'), Operation(1395, 1400, 1484)(1400, 1400)
4. Flow F4 [E4-->E2] with period 8000, payload 1083B, e2e delay 8000us, jitter 800us
	('E4', 'S4'), Operation(1228, None, 1315)(1228, 1228)
	('S4', 'S3'), Operation(1317, None, 1533)(1317, 1446)
	('S3', 'S2'), Operation(1406, None, 1751)(1406, 1664)
	('S2', 'E2'), Operation(1495, None, 1969)(1495, 1882)
5. Flow F5 [E3-->E4] with period 16000, payload 137B, e2e delay 16000us, jitter 1600us
	('E3', 'S3'), Operation(1166, None, 1177)(1166, 1166)
	('S3', 'S4'), Operation(1179, None, 1319)(1179, 1308)
	('S4', 'E4'), Operation(1192, None, 1461)(1192, 1450)
6. Flow F6 [E4-->E5] with period 64000, payload 1495B, e2e delay 64000us, jitter 6400us
	('E4', 'S4'), Operation(29738, None, 29858)(29738, 29738)
	('S4', 'S5'), Operation(29860, 29865, 29985)(29865, 29865)
	('S5', 'E5'), Operation(29987, 29992, 30112)(29992, 29992)
7. Flow F7 [E2-->E1] with period 16000, payload 1025B, e2e delay 16000us, jitter 1600us
	('E2', 'S2'), Operation(15269, None, 15351)(15269, 15269)
	('S2', 'S1'), Operation(15353, None, 15564)(15353, 15482)
	('S1', 'E1'), Operation(15437, None, 15777)(15437, 15695)
8. Flow F8 [E1-->E5] with period 16000, payload 499B, e2e delay 16000us, jitter 1600us
	('E1', 'S1'), Operation(15352, None, 15392)(15352, 15352)
	('S1', 'S2'), Operation(15394, None, 15563)(15394, 15523)
	('S2', 'S3'), Operation(15436, None, 15734)(15436, 15694)
	('S3', 'S4'), Operation(15478, 15741, 15781)(15741, 15741)
	('S4', 'S5'), Operation(15783, None, 15952)(15783, 15912)
	('S5', 'E5'), Operation(15825, 15959, 15999)(15959, 15959)
9. Flow F9 [E4-->E3] with period 4000, payload 1493B, e2e delay 4000us, jitter 400us
	('E4', 'S4'), Operation(3491, None, 3611)(3491, 3491)
	('S4', 'S3'), Operation(3613, 3618, 3738)(3618, 3618)
	('S3', 'E3'), Operation(3740, 3745, 3865)(3745, 3745)
10. Flow F10 [E5-->E3] with period 32000, payload 629B, e2e delay 32000us, jitter 3200us
	('E5', 'S5'), Operation(27103, None, 27154)(27103, 27103)
	('S5', 'S4'), Operation(27156, None, 27336)(27156, 27285)
	('S4', 'S3'), Operation(27209, None, 27518)(27209, 27467)
	('S3', 'E3'), Operation(27262, 27525, 27576)(27525, 27525)
11. Flow F11 [E5-->E1] with period 4000, payload 1263B, e2e delay 4000us, jitter 400us
	('E5', 'S5'), Operation(2381, None, 2483)(2381, 2381)
	('S5', 'S4'), Operation(2485, None, 2716)(2485, 2614)
	('S4', 'S3'), Operation(2589, 2723, 2825)(2723, 2723)
	('S3', 'S2'), Operation(2827, 2832, 2934)(2832, 2832)
	('S2', 'S1'), Operation(2936, None, 3167)(2936, 3065)
	('S1', 'E1'), Operation(3040, 3174, 3276)(3174, 3174)
12. Flow F12 [E4-->E1] with period 16000, payload 777B, e2e delay 16000us, jitter 1600us
	('E4', 'S4'), Operation(2414, None, 2477)(2414, 2414)
	('S4', 'S3'), Operation(2479, 2484, 2547)(2484, 2484)
	('S3', 'S2'), Operation(2549, None, 2741)(2549, 2678)
	('S2', 'S1'), Operation(2614, None, 2935)(2614, 2872)
	('S1', 'E1'), Operation(2679, 2942, 3005)(2942, 2942)
13. Flow F13 [E1-->E4] with period 128000, payload 1035B, e2e delay 128000us, jitter 12800us
	('E1', 'S1'), Operation(97343, None, 97426)(97343, 97343)
	('S1', 'S2'), Operation(97428, 97433, 97516)(97433, 97433)
	('S2', 'S3'), Operation(97518, None, 97730)(97518, 97647)
	('S3', 'S4'), Operation(97603, None, 97944)(97603, 97861)
	('S4', 'E4'), Operation(97688, None, 98158)(97688, 98075)
14. Flow F14 [E5-->E2] with period 32000, payload 194B, e2e delay 32000us, jitter 3200us
	('E5', 'S5'), Operation(30871, None, 30887)(30871, 30871)
	('S5', 'S4'), Operation(30889, 30894, 30910)(30894, 30894)
	('S4', 'S3'), Operation(30912, 30917, 30933)(30917, 30917)
	('S3', 'S2'), Operation(30935, None, 31080)(30935, 31064)
	('S2', 'E2'), Operation(30953, 31087, 31103)(31087, 31087)
15. Flow F15 [E2-->E1] with period 32000, payload 494B, e2e delay 32000us, jitter 3200us
	('E2', 'S2'), Operation(23872, None, 23912)(23872, 23872)
	('S2', 'S1'), Operation(23914, None, 24083)(23914, 24043)
	('S1', 'E1'), Operation(23956, None, 24254)(23956, 24214)
16. Flow F16 [E3-->E5] with period 64000, payload 1381B, e2e delay 64000us, jitter 6400us
	('E3', 'S3'), Operation(34449, None, 34560)(34449, 34449)
	('S3', 'S4'), Operation(34562, 34567, 34678)(34567, 34567)
	('S4', 'S5'), Operation(34680, 34685, 34796)(34685, 34685)
	('S5', 'E5'), Operation(34798, None, 35038)(34798, 34927)
17. Flow F17 [E2-->E5] with period 64000, payload 666B, e2e delay 64000us, jitter 6400us
	('E2', 'S2'), Operation(57349, None, 57403)(57349, 57349)
	('S2', 'S3'), Operation(57405, None, 57588)(57405, 57534)
	('S3', 'S4'), Operation(57461, 57595, 57649)(57595, 57595)
	('S4', 'S5'), Operation(57651, None, 57834)(57651, 57780)
	('S5', 'E5'), Operation(57707, 57841, 57895)(57841, 57841)
18. Flow F18 [E2-->E1] with period 128000, payload 219B, e2e delay 128000us, jitter 12800us
	('E2', 'S2'), Operation(120215, None, 120233)(120215, 120215)
	('S2', 'S1'), Operation(120235, None, 120382)(120235, 120364)
	('S1', 'E1'), Operation(120255, None, 120531)(120255, 120513)
19. Flow F19 [E1-->E2] with period 16000, payload 824B, e2e delay 16000us, jitter 1600us
	('E1', 'S1'), Operation(11877, None, 11943)(11877, 11877)
	('S1', 'S2'), Operation(11945, 11950, 12016)(11950, 11950)
	('S2', 'E2'), Operation(12018, None, 12213)(12018, 12147)
20. Flow F20 [E4-->E2] with period 8000, payload 226B, e2e delay 8000us, jitter 800us
	('E4', 'S4'), Operation(7412, None, 7431)(7412, 7412)
	('S4', 'S3'), Operation(7433, 7438, 7457)(7438, 7438)
	('S3', 'S2'), Operation(7459, 7464, 7483)(7464, 7464)
	('S2', 'E2'), Operation(7485, None, 7633)(7485, 7614)
21. Flow F21 [E2-->E1] with period 128000, payload 349B, e2e delay 128000us, jitter 12800us
	('E2', 'S2'), Operation(125747, None, 125775)(125747, 125747)
	('S2', 'S1'), Operation(125777, None, 125934)(125777, 125906)
	('S1', 'E1'), Operation(125807, None, 126093)(125807, 126065)
22. Flow F22 [E2-->E3] with period 8000, payload 216B, e2e delay 8000us, jitter 800us
	('E2', 'S2'), Operation(711, None, 729)(711, 711)
	('S2', 'S3'), Operation(731, None, 878)(731, 860)
	('S3', 'E3'), Operation(751, None, 1027)(751, 1009)
23. Flow F23 [E3-->E1] with period 4000, payload 1188B, e2e delay 4000us, jitter 400us
	('E3', 'S3'), Operation(1000, None, 1096)(1000, 1000)
	('S3', 'S2'), Operation(1098, None, 1323)(1098, 1227)
	('S2', 'S1'), Operation(1196, None, 1550)(1196, 1454)
	('S1', 'E1'), Operation(1294, None, 1777)(1294, 1681)
24. Flow F24 [E3-->E1] with period 8000, payload 1183B, e2e delay 8000us, jitter 800us
	('E3', 'S3'), Operation(388, None, 483)(388, 388)
	('S3', 'S2'), Operation(485, None, 709)(485, 614)
	('S2', 'S1'), Operation(582, None, 935)(582, 840)
	('S1', 'E1'), Operation(679, None, 1161)(679, 1066)
25. Flow F25 [E3-->E5] with period 8000, payload 566B, e2e delay 8000us, jitter 800us
	('E3', 'S3'), Operation(2761, None, 2807)(2761, 2761)
	('S3', 'S4'), Operation(2809, None, 2984)(2809, 2938)
	('S4', 'S5'), Operation(2857, 2991, 3037)(2991, 2991)
	('S5', 'E5'), Operation(3039, 3044, 3090)(3044, 3044)
26. Flow F26 [E5-->E2] with period 16000, payload 581B, e2e delay 16000us, jitter 1600us
	('E5', 'S5'), Operation(13219, None, 13266)(13219, 13219)
	('S5', 'S4'), Operation(13268, None, 13444)(13268, 13397)
	('S4', 'S3'), Operation(13317, 13451, 13498)(13451, 13451)
	('S3', 'S2'), Operation(13500, None, 13676)(13500, 13629)
	('S2', 'E2'), Operation(13549, None, 13854)(13549, 13807)
27. Flow F27 [E5-->E3] with period 2000, payload 412B, e2e delay 2000us, jitter 200us
	('E5', 'S5'), Operation(176, None, 209)(176, 176)
	('S5', 'S4'), Operation(211, None, 373)(211, 340)
	('S4', 'S3'), Operation(246, 380, 413)(380, 380)
	('S3', 'E3'), Operation(415, None, 577)(415, 544)
28. Flow F28 [E1-->E4] with period 2000, payload 123B, e2e delay 2000us, jitter 200us
	('E1', 'S1'), Operation(562, None, 572)(562, 562)
	('S1', 'S2'), Operation(574, None, 713)(574, 703)
	('S2', 'S3'), Operation(586, 720, 730)(720, 720)
	('S3', 'S4'), Operation(732, 737, 747)(737, 737)
	('S4', 'E4'), Operation(749, None, 888)(749, 878)
29. Flow F29 [E4-->E2] with period 64000, payload 1210B, e2e delay 64000us, jitter 6400us
	('E4', 'S4'), Operation(53218, None, 53315)(53218, 53218)
	('S4', 'S3'), Operation(53317, None, 53543)(53317, 53446)
	('S3', 'S2'), Operation(53416, 53550, 53647)(53550, 53550)
	('S2', 'E2'), Operation(53649, None, 53875)(53649, 53778)
30. Flow F30 [E1-->E2] with period 64000, payload 320B, e2e delay 64000us, jitter 6400us
	('E1', 'S1'), Operation(50390, None, 50416)(50390, 50390)
	('S1', 'S2'), Operation(50418, None, 50573)(50418, 50547)
	('S2', 'E2'), Operation(50446, None, 50730)(50446, 50704)
31. Flow F31 [E3-->E2] with period 64000, payload 469B, e2e delay 64000us, jitter 6400us
	('E3', 'S3'), Operation(23837, None, 23875)(23837, 23837)
	('S3', 'S2'), Operation(23877, None, 24044)(23877, 24006)
	('S2', 'E2'), Operation(23917, None, 24213)(23917, 24175)
32. Flow F32 [E4-->E3] with period 2000, payload 215B, e2e delay 2000us, jitter 200us
	('E4', 'S4'), Operation(21, None, 39)(21, 21)
	('S4', 'S3'), Operation(41, None, 188)(41, 170)
	('S3', 'E3'), Operation(61, 195, 213)(195, 195)
33. Flow F33 [E3-->E5] with period 16000, payload 1133B, e2e delay 16000us, jitter 1600us
	('E3', 'S3'), Operation(14655, None, 14746)(14655, 14655)
	('S3', 'S4'), Operation(14748, 14753, 14844)(14753, 14753)
	('S4', 'S5'), Operation(14846, 14851, 14942)(14851, 14851)
	('S5', 'E5'), Operation(14944, 14949, 15040)(14949, 14949)
34. Flow F34 [E2-->E4] with period 2000, payload 784B, e2e delay 2000us, jitter 200us
	('E2', 'S2'), Operation(234, None, 297)(234, 234)
	('S2', 'S3'), Operation(299, 304, 367)(304, 304)
	('S3', 'S4'), Operation(369, None, 561)(369, 498)
	('S4', 'E4'), Operation(434, 568, 631)(568, 568)
35. Flow F35 [E5-->E3] with period 4000, payload 790B, e2e delay 4000us, jitter 400us
	('E5', 'S5'), Operation(862, None, 926)(862, 862)
	('S5', 'S4'), Operation(928, None, 1121)(928, 1057)
	('S4', 'S3'), Operation(994, None, 1316)(994, 1252)
	('S3', 'E3'), Operation(1060, 1323, 1387)(1323, 1323)
36. Flow F36 [E1-->E2] with period 128000, payload 410B, e2e delay 128000us, jitter 12800us
	('E1', 'S1'), Operation(100376, None, 100409)(100376, 100376)
	('S1', 'S2'), Operation(100411, None, 100573)(100411, 100540)
	('S2', 'E2'), Operation(100446, None, 100737)(100446, 100704)
37. Flow F37 [E3-->E5] with period 16000, payload 696B, e2e delay 16000us, jitter 1600us
	('E3', 'S3'), Operation(14862, None, 14918)(14862, 14862)
	('S3', 'S4'), Operation(14920, 14925, 14981)(14925, 14925)
	('S4', 'S5'), Operation(14983, None, 15168)(14983, 15112)
	('S5', 'E5'), Operation(15041, 15175, 15231)(15175, 15175)
38. Flow F38 [E4-->E1] with period 64000, payload 556B, e2e delay 64000us, jitter 6400us
	('E4', 'S4'), Operation(62367, None, 62412)(62367, 62367)
	('S4', 'S3'), Operation(62414, None, 62588)(62414, 62543)
	('S3', 'S2'), Operation(62461, 62595, 62640)(62595, 62595)
	('S2', 'S1'), Operation(62642, 62647, 62692)(62647, 62647)
	('S1', 'E1'), Operation(62694, None, 62868)(62694, 62823)
39. Flow F39 [E5-->E4] with period 128000, payload 1176B, e2e delay 128000us, jitter 12800us
	('E5', 'S5'), Operation(108690, None, 108785)(108690, 108690)
	('S5', 'S4'), Operation(108787, 108792, 108887)(108792, 108792)
	('S4', 'E4'), Operation(108889, 108894, 108989)(108894, 108894)
40. Flow F40 [E1-->E3] with period 32000, payload 1276B, e2e delay 32000us, jitter 3200us
	('E1', 'S1'), Operation(25379, None, 25482)(25379, 25379)
	('S1', 'S2'), Operation(25484, None, 25716)(25484, 25613)
	('S2', 'S3'), Operation(25589, None, 25950)(25589, 25847)
	('S3', 'E3'), Operation(25694, 25957, 26060)(25957, 25957)
41. Flow F41 [E4-->E1] with period 2000, payload 70B, e2e delay 2000us, jitter 200us
	('E4', 'S4'), Operation(1731, None, 1737)(1731, 1731)
	('S4', 'S3'), Operation(1739, 1744, 1750)(1744, 1744)
	('S3', 'S2'), Operation(1752, 1757, 1763)(1757, 1757)
	('S2', 'S1'), Operation(1765, 1770, 1776)(1770, 1770)
	('S1', 'E1'), Operation(1778, 1783, 1789)(1783, 1783)
42. Flow F42 [E4-->E2] with period 16000, payload 680B, e2e delay 16000us, jitter 1600us
	('E4', 'S4'), Operation(3799, None, 3854)(3799, 3799)
	('S4', 'S3'), Operation(3856, None, 4040)(3856, 3985)
	('S3', 'S2'), Operation(3913, 4047, 4102)(4047, 4047)
	('S2', 'E2'), Operation(4104, 4109, 4164)(4109, 4109)
43. Flow F43 [E5-->E1] with period 32000, payload 300B, e2e delay 32000us, jitter 3200us
	('E5', 'S5'), Operation(132, None, 156)(132, 132)
	('S5', 'S4'), Operation(158, 163, 187)(163, 163)
	('S4', 'S3'), Operation(189, 194, 218)(194, 194)
	('S3', 'S2'), Operation(220, None, 373)(220, 349)
	('S2', 'S1'), Operation(246, 380, 404)(380, 380)
	('S1', 'E1'), Operation(406, None, 559)(406, 535)
44. Flow F44 [E1-->E3] with period 128000, payload 323B, e2e delay 128000us, jitter 12800us
	('E1', 'S1'), Operation(92686, None, 92712)(92686, 92686)
	('S1', 'S2'), Operation(92714, 92719, 92745)(92719, 92719)
	('S2', 'S3'), Operation(92747, None, 92902)(92747, 92876)
	('S3', 'E3'), Operation(92775, None, 93059)(92775, 93033)
45. Flow F45 [E1-->E2] with period 16000, payload 1183B, e2e delay 16000us, jitter 1600us
	('E1', 'S1'), Operation(11303, None, 11398)(11303, 11303)
	('S1', 'S2'), Operation(11400, None, 11624)(11400, 11529)
	('S2', 'E2'), Operation(11497, None, 11850)(11497, 11755)
46. Flow F46 [E2-->E5] with period 32000, payload 1478B, e2e delay 32000us, jitter 3200us
	('E2', 'S2'), Operation(29495, None, 29614)(29495, 29495)
	('S2', 'S3'), Operation(29616, None, 29864)(29616, 29745)
	('S3', 'S4'), Operation(29737, 29871, 29990)(29871, 29871)
	('S4', 'S5'), Operation(29992, None, 30240)(29992, 30121)
	('S5', 'E5'), Operation(30113, 30247, 30366)(30247, 30247)
47. Flow F47 [E2-->E4] with period 64000, payload 928B, e2e delay 64000us, jitter 6400us
	('E2', 'S2'), Operation(40802, None, 40877)(40802, 40802)
	('S2', 'S3'), Operation(40879, None, 41083)(40879, 41008)
	('S3', 'S4'), Operation(40956, 41090, 41165)(41090, 41090)
	('S4', 'E4'), Operation(41167, None, 41371)(41167, 41296)
48. Flow F48 [E1-->E2] with period 32000, payload 942B, e2e delay 32000us, jitter 3200us
	('E1', 'S1'), Operation(23674, None, 23750)(23674, 23674)
	('S1', 'S2'), Operation(23752, 23757, 23833)(23757, 23757)
	('S2', 'E2'), Operation(23835, 23840, 23916)(23840, 23840)
49. Flow F49 [E5-->E4] with period 2000, payload 763B, e2e delay 2000us, jitter 200us
	('E5', 'S5'), Operation(26, None, 88)(26, 26)
	('S5', 'S4'), Operation(90, 95, 157)(95, 95)
	('S4', 'E4'), Operation(159, None, 350)(159, 288)
50. Flow F50 [E3-->E2] with period 8000, payload 966B, e2e delay 8000us, jitter 800us
	('E3', 'S3'), Operation(6576, None, 6654)(6576, 6576)
	('S3', 'S2'), Operation(6656, 6661, 6739)(6661, 6661)
	('S2', 'E2'), Operation(6741, 6746, 6824)(6746, 6746)
51. Flow F51 [E4-->E5] with period 4000, payload 284B, e2e delay 4000us, jitter 400us
	('E4', 'S4'), Operation(3388, None, 3411)(3388, 3388)
	('S4', 'S5'), Operation(3413, None, 3565)(3413, 3542)
	('S5', 'E5'), Operation(3438, None, 3719)(3438, 3696)
52. Flow F52 [E5-->E4] with period 32000, payload 1400B, e2e delay 32000us, jitter 3200us
	('E5', 'S5'), Operation(23684, None, 23796)(23684, 23684)
	('S5', 'S4'), Operation(23798, None, 24039)(23798, 23927)
	('S4', 'E4'), Operation(23912, 24046, 24158)(24046, 24046)
53. Flow F53 [E4-->E3] with period 8000, payload 801B, e2e delay 8000us, jitter 800us
	('E4', 'S4'), Operation(5477, None, 5542)(5477, 5477)
	('S4', 'S3'), Operation(5544, None, 5738)(5544, 5673)
	('S3', 'E3'), Operation(5611, None, 5934)(5611, 5869)
54. Flow F54 [E3-->E5] with period 64000, payload 99B, e2e delay 64000us, jitter 6400us
	('E3', 'S3'), Operation(62221, None, 62229)(62221, 62221)
	('S3', 'S4'), Operation(62231, None, 62368)(62231, 62360)
	('S4', 'S5'), Operation(62241, 62375, 62383)(62375, 62375)
	('S5', 'E5'), Operation(62385, 62390, 62398)(62390, 62390)
55. Flow F55 [E3-->E2] with period 32000, payload 635B, e2e delay 32000us, jitter 3200us
	('E3', 'S3'), Operation(17871, None, 17922)(17871, 17871)
	('S3', 'S2'), Operation(17924, None, 18104)(17924, 18053)
	('S2', 'E2'), Operation(17977, 18111, 18162)(18111, 18111)
56. Flow F56 [E4-->E2] with period 4000, payload 294B, e2e delay 4000us, jitter 400us
	('E4', 'S4'), Operation(3029, None, 3053)(3029, 3029)
	('S4', 'S3'), Operation(3055, None, 3208)(3055, 3184)
	('S3', 'S2'), Operation(3081, None, 3363)(3081, 3339)
	('S2', 'E2'), Operation(3107, 3370, 3394)(3370, 3370)
57. Flow F57 [E3-->E2] with period 2000, payload 1272B, e2e delay 2000us, jitter 200us
	('E3', 'S3'), Operation(1, None, 103)(1, 1)
	('S3', 'S2'), Operation(105, 110, 212)(110, 110)
	('S2', 'E2'), Operation(214, None, 445)(214, 343)
58. Flow F58 [E5-->E2] with period 4000, payload 1459B, e2e delay 4000us, jitter 400us
	('E5', 'S5'), Operation(353, None, 470)(353, 353)
	('S5', 'S4'), Operation(472, None, 718)(472, 601)
	('S4', 'S3'), Operation(591, None, 966)(591, 849)
	('S3', 'S2'), Operation(710, 973, 1090)(973, 973)
	('S2', 'E2'), Operation(1092, 1097, 1214)(1097, 1097)
59. Flow F59 [E1-->E4] with period 4000, payload 1167B, e2e delay 4000us, jitter 400us
	('E1', 'S1'), Operation(939, None, 1033)(939, 939)
	('S1', 'S2'), Operation(1035, None, 1258)(1035, 1164)
	('S2', 'S3'), Operation(1131, 1265, 1359)(1265, 1265)
	('S3', 'S4'), Operation(1361, 1366, 1460)(1366, 1366)
	('S4', 'E4'), Operation(1462, 1467, 1561)(1467, 1467)

SMT variables: 
	F26_('S5', 'S4')_gc: False
	F29_('E4', 'S4')_t3_min: 53218
	F27_('E5', 'S5')_t3_min: 176
	F15_('S1', 'E1')_t3_min: 23956
	F54_jitter: 0
	F11_('S5', 'S4')_t4_min: 2485
	F32_jitter: 0
	F26_('S2', 'E2')_t5_max: 13854
	F27_('S5', 'S4')_rr: 0
	F47_('S2', 'S3')_rr: 0
	F27_('E5', 'S5')_rr: 0
	F38_('S2', 'S1')_t4_max: 62647
	('S4', 'S3')_gcl_cycle: 32000
	F50_('S2', 'E2')_gc: True
	F38_('E4', 'S4')_rr: 0
	F7_queue_index: 0
	F46_('S2', 'S3')_gc: False
	F56_('S2', 'E2')_gc: True
	F35_('S5', 'S4')_rr: 0
	F59_('S3', 'S4')_rr: 16
	F16_('E3', 'S3')_t3_max: 34325
	F2_('S2', 'S1')_t4_min: 445
	F52_('E5', 'S5')_t3_max: 23560
	F27_('S3', 'E3')_t4_min: 415
	F43_('S3', 'S2')_gc: False
	F45_('S1', 'S2')_t4_max: 11529
	F53_('S4', 'S3')_rr: 0
	F20_('S4', 'S3')_t5_max: 7457
	F0_('S4', 'S5')_tb: 123837
	F43_('S5', 'S4')_gc: True
	F22_queue_index: 0
	F22_('S3', 'E3')_rr: 0
	F26_('S4', 'S3')_t4_max: 13451
	F24_('S3', 'S2')_t4_max: 614
	F51_('S4', 'S5')_rr: 0
	F41_('S3', 'S2')_t4_max: 1757
	F4_('S2', 'E2')_t3_max: 1758
	F21_('E2', 'S2')_rr: 0
	F45_('S1', 'S2')_gc: False
	F24_('E3', 'S3')_rr: 0
	F16_('S4', 'S5')_t5_max: 34796
	F25_('S3', 'S4')_t4_min: 2809
	F0_('S4', 'S5')_gc: False
	F41_('S4', 'S3')_t4_max: 1744
	F5_('E3', 'S3')_gc: False
	F35_('E5', 'S5')_gc: False
	F44_('S3', 'E3')_rr: 0
	F5_('S3', 'S4')_t4_min: 1179
	F25_('S5', 'E5')_gc: True
	F29_('S4', 'S3')_t4_max: 53446
	F54_queue_index: 0
	F12_('S3', 'S2')_rr: 0
	F42_('E4', 'S4')_t3_max: 3675
	F59_('S1', 'S2')_t4_max: 1164
	F11_('S5', 'S4')_t4_max: 2614
	F48_('S2', 'E2')_t4_min: 23840
	F44_('E1', 'S1')_t3_max: 92562
	F8_('S2', 'S3')_t4_max: 15694
	F52_('E5', 'S5')_gc: False
	F1_jitter: 258
	F13_jitter: 387
	F13_('S3', 'S4')_t4_min: 97603
	F30_('S2', 'E2')_t4_min: 50446
	F6_('E4', 'S4')_rr: 0
	F23_('S1', 'E1')_t4_min: 1294
	F15_jitter: 258
	F51_('E4', 'S4')_t3_max: 3264
	F14_('S3', 'S2')_t4_min: 30935
	F51_('S5', 'E5')_rr: 0
	F40_('S2', 'S3')_tb: 25589
	F26_('S2', 'E2')_t4_min: 13549
	F49_('E5', 'S5')_gc: False
	F12_('S1', 'E1')_t4_min: 2942
	F22_('S3', 'E3')_t4_min: 751
	F40_('S1', 'S2')_t3_min: 25484
	F29_('E4', 'S4')_gc: False
	F6_queue_index: 0
	F43_('S1', 'E1')_t4_min: 406
	F48_jitter: 0
	F47_('S4', 'E4')_rr: 0
	F8_('S5', 'E5')_t4_min: 15959
	F59_('E1', 'S1')_rr: 0
	F42_('S3', 'S2')_rr: 4
	F47_('S2', 'S3')_gc: False
	F25_('E3', 'S3')_rr: 0
	F42_('S4', 'S3')_rr: 0
	F16_('S3', 'S4')_t4_max: 34567
	F37_('S3', 'S4')_rr: 4
	('E2', 'S2')_gcl_cycle: 1
	F43_('S2', 'S1')_t5_max: 404
	F56_('E4', 'S4')_t5_min: 3053
	F7_('S2', 'S1')_t4_min: 15353
	F45_('E1', 'S1')_tb: 11303
	('S2', 'E2')_gcl_cycle: 32000
	F37_('S4', 'S5')_rr: 0
	F43_('S4', 'S3')_t4_min: 194
	F8_('E1', 'S1')_rr: 0
	F41_('S2', 'S1')_rr: 32
	F16_('S3', 'S4')_gc: True
	F28_('E1', 'S1')_gc: False
	F37_('S4', 'S5')_gc: False
	F33_('S4', 'S5')_t4_max: 14851
	F52_jitter: 0
	F55_('S3', 'S2')_t5_min: 17975
	F54_('S3', 'S4')_t4_max: 62360
	F23_('S1', 'E1')_t3_max: 1557
	('S3', 'E3')_gcl_cycle: 32000
	F13_('S1', 'S2')_t4_min: 97433
	F17_('S3', 'S4')_rr: 1
	F40_('S3', 'E3')_t4_min: 25957
	F56_('S3', 'S2')_rr: 0
	F12_('E4', 'S4')_t5_max: 2477
	F11_('S3', 'S2')_rr: 16
	F15_('E2', 'S2')_t3_max: 23748
	F41_('E4', 'S4')_gc: False
	F30_('S1', 'S2')_t4_max: 50547
	F21_('S1', 'E1')_t4_min: 125807
	F38_('S4', 'S3')_gc: False
	F8_('S5', 'E5')_gc: True
	F21_('S2', 'S1')_gc: False
	F28_jitter: 129
	F38_('S4', 'S3')_t4_min: 62414
	F27_('E5', 'S5')_gc: False
	F31_('S2', 'E2')_tb: 23917
	F16_('S5', 'E5')_gc: False
	F22_('E2', 'S2')_gc: False
	F6_('S4', 'S5')_t4_min: 29865
	F15_('S1', 'E1')_t4_min: 23956
	F37_('S4', 'S5')_t4_max: 15112
	F16_('E3', 'S3')_tb: 34449
	F10_('E5', 'S5')_t3_min: 27103
	F16_('S3', 'S4')_rr: 1
	F19_('S2', 'E2')_t3_max: 12023
	F13_('E1', 'S1')_gc: False
	F48_('E1', 'S1')_rr: 0
	F33_('S4', 'S5')_t5_max: 14942
	F15_('S1', 'E1')_rr: 0
	F31_('S2', 'E2')_rr: 0
	F43_('E5', 'S5')_t4_max: 132
	F29_('S2', 'E2')_t5_min: 53746
	F43_('S4', 'S3')_gc: True
	F51_('E4', 'S4')_gc: False
	F55_('S3', 'S2')_gc: False
	F29_('S2', 'E2')_t4_min: 53649
	F11_('S4', 'S3')_t4_min: 2723
	F33_('E3', 'S3')_t3_max: 14531
	F53_('S4', 'S3')_t3_min: 5544
	F49_('E5', 'S5')_t3_max: -98
	F11_('S3', 'S2')_gc: True
	F2_('E2', 'S2')_t4_max: 325
	F46_('S4', 'S5')_t4_max: 30121
	F33_('S4', 'S5')_rr: 4
	F18_('S2', 'S1')_t4_max: 120364
	F41_('S3', 'S2')_tb: 1757
	F11_('S5', 'S4')_t5_max: 2716
	F54_('S4', 'S5')_rr: 1
	F3_('E1', 'S1')_rr: 0
	F23_('S2', 'S1')_gc: False
	F19_('S2', 'E2')_gc: False
	F28_('S3', 'S4')_t4_min: 737
	F50_('E3', 'S3')_rr: 0
	F14_('E5', 'S5')_tb: 30871
	F25_('S5', 'E5')_t5_min: 3090
	F34_('S3', 'S4')_rr: 0
	F58_('S4', 'S3')_gc: False
	F19_('S1', 'S2')_t4_max: 11950
	F37_('S5', 'E5')_rr: 4
	F3_('E1', 'S1')_t3_max: 1094
	F32_('S3', 'E3')_gc: True
	F58_jitter: 0
	F31_('S2', 'E2')_t5_max: 24213
	F49_queue_index: 0
	F47_('S4', 'E4')_gc: False
	F14_('S3', 'S2')_rr: 0
	F37_('E3', 'S3')_t3_max: 14738
	F19_('E1', 'S1')_t3_min: 11877
	F38_queue_index: 0
	F45_('E1', 'S1')_t3_max: 11179
	F23_queue_index: 0
	('E1', 'S1')_gcl_cycle: 1
	F35_('S3', 'E3')_t4_min: 1323
	F38_('S4', 'S3')_t4_max: 62543
	F35_('E5', 'S5')_t4_min: 862
	F53_jitter: 258
	F49_('S5', 'S4')_rr: 64
	F50_('S2', 'E2')_tb: 6746
	F17_('E2', 'S2')_rr: 0
	F6_('S4', 'S5')_gc: True
	F18_jitter: 258
	F13_('S2', 'S3')_rr: 0
	F55_('E3', 'S3')_gc: False
	F9_('E4', 'S4')_t5_max: 3611
	('S1', 'S2')_gcl_cycle: 128000
	F4_('S4', 'S3')_gc: False
	F2_('S1', 'E1')_t4_min: 565
	F46_('S4', 'S5')_gc: False
	F10_('S4', 'S3')_gc: False
	F54_('E3', 'S3')_t5_max: 62229
	F43_('E5', 'S5')_t3_max: 8
	F30_('S1', 'S2')_gc: False
	F40_('E1', 'S1')_gc: False
	F24_('E3', 'S3')_gc: False
	F40_('E1', 'S1')_t3_max: 25255
	F16_('S5', 'E5')_rr: 0
	F23_('S2', 'S1')_tb: 1196
	F21_jitter: 258
	F58_('S4', 'S3')_t3_max: 725
	F19_('E1', 'S1')_gc: False
	F1_('E2', 'S2')_gc: False
	F8_('S4', 'S5')_gc: False
	F41_('E4', 'S4')_tb: 1731
	F35_('S3', 'E3')_rr: 8
	F40_('S1', 'S2')_t4_min: 25484
	F58_('E5', 'S5')_rr: 0
	F33_('E3', 'S3')_gc: False
	F51_('E4', 'S4')_tb: 3388
	F45_('S2', 'E2')_t5_max: 11850
	F24_('S2', 'S1')_gc: False
	F11_queue_index: 0
	F2_('S2', 'S1')_t4_max: 445
	F50_jitter: 0
	F28_('S1', 'S2')_rr: 0
	F6_('S5', 'E5')_rr: 1
	F18_('S1', 'E1')_rr: 0
	F48_('S1', 'S2')_gc: True
	F23_('S3', 'S2')_t4_max: 1227
	F35_('S3', 'E3')_t5_min: 1387
	F15_queue_index: 0
	F47_('S2', 'S3')_t4_min: 40879
	F26_jitter: 258
	F50_('S2', 'E2')_t4_min: 6746
	F29_('E4', 'S4')_t5_min: 53315
	F5_('S3', 'S4')_t4_max: 1308
	F27_('S3', 'E3')_t3_max: 420
	F7_('S1', 'E1')_rr: 0
	F50_('S2', 'E2')_rr: 4
	('S1', 'E1')_gcl_cycle: 16000
	F31_('E3', 'S3')_rr: 0
	F1_('S3', 'E3')_t4_min: 26835
	F47_('S3', 'S4')_t4_max: 41090
	F11_('S5', 'S4')_gc: False
	F40_('S3', 'E3')_gc: True
	F12_queue_index: 0
	F30_jitter: 258
	F41_('S1', 'E1')_t4_min: 1783
	F30_('S1', 'S2')_rr: 0
	F20_('S2', 'E2')_rr: 0
	F28_('S4', 'E4')_rr: 0
	F40_('S2', 'S3')_rr: 0
	F45_('E1', 'S1')_gc: False
	F42_('S4', 'S3')_t3_min: 3856
	F28_('S3', 'S4')_t4_max: 737
	F57_('S3', 'S2')_gc: True
	F31_('E3', 'S3')_t3_min: 23837
	F44_('S2', 'S3')_t4_max: 92876
	F19_('S1', 'S2')_gc: True
	F20_jitter: 129
	F14_('S2', 'E2')_rr: 1
	F34_('E2', 'S2')_t3_max: 110
	F52_('S4', 'E4')_gc: True
	F44_('E1', 'S1')_rr: 0
	F10_jitter: 0
	F46_('S2', 'S3')_t4_min: 29616
	F32_('E4', 'S4')_rr: 0
	F59_('S4', 'E4')_tb: 1467
	F47_jitter: 129
	F0_('S4', 'S5')_t4_max: 123966
	F11_('S3', 'S2')_t4_min: 2832
	F1_('S3', 'E3')_gc: False
	F19_('S2', 'E2')_rr: 0
	F7_('S2', 'S1')_gc: False
	F32_('E4', 'S4')_t3_max: -103
	F11_('S2', 'S1')_t4_max: 3065
	F8_('S5', 'E5')_rr: 4
	F39_jitter: 0
	F35_('S5', 'S4')_gc: False
	F53_('S3', 'E3')_t4_min: 5611
	F23_('S1', 'E1')_rr: 0
	F23_('S2', 'S1')_t4_max: 1454
	F33_('S4', 'S5')_gc: True
	F43_('S2', 'S1')_gc: True
	F29_jitter: 129
	F22_('S2', 'S3')_gc: False
	F58_('S2', 'E2')_t4_min: 1097
	F13_('S1', 'S2')_t5_max: 97516
	F51_('S4', 'S5')_t4_min: 3413
	F38_('S3', 'S2')_t3_max: 62595
	F4_('S4', 'S3')_rr: 0
	F56_('S3', 'S2')_gc: False
	F33_queue_index: 0
	F16_('S3', 'S4')_t3_min: 34562
	F1_('E2', 'S2')_tb: 26627
	F19_('E1', 'S1')_t4_max: 11877
	F6_('S4', 'S5')_t4_max: 29865
	F9_jitter: 0
	F22_('S2', 'S3')_t4_max: 860
	F43_('S1', 'E1')_gc: False
	F44_('S1', 'S2')_t4_max: 92719
	F8_('S2', 'S3')_t5_max: 15734
	F22_('E2', 'S2')_t5_min: 729
	F26_('E5', 'S5')_gc: False
	F49_('S5', 'S4')_gc: True
	F46_('S3', 'S4')_t3_max: 29871
	F29_('S4', 'S3')_t4_min: 53317
	F59_('S1', 'S2')_t4_min: 1035
	F53_('S4', 'S3')_gc: False
	F45_('S1', 'S2')_t4_min: 11400
	F9_('S3', 'E3')_rr: 8
	F15_('E2', 'S2')_t4_max: 23872
	F54_('S3', 'S4')_t4_min: 62231
	F0_queue_index: 0
	F52_('E5', 'S5')_rr: 0
	F16_queue_index: 0
	F31_('S3', 'S2')_t4_min: 23877
	F15_('S2', 'S1')_t4_max: 24043
	F45_('E1', 'S1')_t5_max: 11398
	F18_('S2', 'S1')_t3_min: 120235
	F11_('S1', 'E1')_rr: 4
	F8_('S1', 'S2')_t4_min: 15394
	F14_('E5', 'S5')_t3_max: 30747
	F51_('S4', 'S5')_t4_max: 3542
	F24_('S3', 'S2')_t3_min: 485
	F5_('S4', 'E4')_rr: 0
	F33_('S5', 'E5')_gc: True
	F40_('S1', 'S2')_rr: 0
	F23_('E3', 'S3')_rr: 0
	F24_('S2', 'S1')_t4_min: 582
	F25_('S4', 'S5')_t4_max: 2991
	F34_('S2', 'S3')_t4_max: 304
	F9_('S3', 'E3')_gc: True
	F41_('S2', 'S1')_t4_max: 1770
	F40_('S3', 'E3')_rr: 1
	F48_('E1', 'S1')_t5_min: 23750
	F12_('E4', 'S4')_rr: 0
	F6_('S5', 'E5')_t4_min: 29992
	F24_('S1', 'E1')_rr: 0
	F30_('E1', 'S1')_t3_max: 50266
	F22_('S2', 'S3')_t5_max: 878
	F41_('S3', 'S2')_rr: 32
	F10_('E5', 'S5')_rr: 0
	F43_('S2', 'S1')_t4_min: 380
	F14_('S4', 'S3')_t5_min: 30933
	F30_('E1', 'S1')_rr: 0
	F22_('S2', 'S3')_t4_min: 731
	F59_('E1', 'S1')_t4_max: 939
	F0_('S5', 'E5')_rr: 0
	F41_('S4', 'S3')_tb: 1744
	F43_('S2', 'S1')_t4_max: 380
	F19_('S2', 'E2')_t3_min: 12018
	('E3', 'S3')_gcl_cycle: 1
	F41_('S2', 'S1')_gc: True
	F24_jitter: 387
	F17_('S2', 'S3')_rr: 0
	F54_('S3', 'S4')_gc: False
	F55_('S3', 'S2')_rr: 0
	F9_('S4', 'S3')_t4_min: 3618
	F38_('S1', 'E1')_t4_min: 62694
	F59_jitter: 0
	F56_('E4', 'S4')_gc: False
	F56_jitter: 0
	F15_('E2', 'S2')_rr: 0
	F57_('S2', 'E2')_gc: False
	F50_('S3', 'S2')_rr: 8
	F42_jitter: 0
	F38_('S1', 'E1')_t5_min: 62739
	F7_jitter: 258
	F42_queue_index: 0
	F2_queue_index: 0
	F12_('S4', 'S3')_tb: 2484
	F36_('S2', 'E2')_t4_min: 100446
	F57_('S2', 'E2')_t4_min: 214
	('S2', 'S1')_gcl_cycle: 64000
	F55_('S3', 'S2')_t4_min: 17924
	F10_('S5', 'S4')_rr: 0
	F43_('S5', 'S4')_t4_max: 163
	F6_('S4', 'S5')_rr: 1
	F18_('E2', 'S2')_rr: 0
	F24_('S3', 'S2')_rr: 0
	F14_('S2', 'E2')_gc: True
	F13_('S3', 'S4')_gc: False
	F22_('S2', 'S3')_t5_min: 749
	F25_('S3', 'S4')_t4_max: 2938
	F39_('S5', 'S4')_t4_min: 108792
	F34_jitter: 0
	F59_('E1', 'S1')_gc: False
	F44_('S1', 'S2')_t4_min: 92719
	F26_('S4', 'S3')_gc: True
	F17_('S5', 'E5')_t4_min: 57841
	F46_('S5', 'E5')_t4_min: 30247
	F43_('S5', 'S4')_t4_min: 163
	F35_('S4', 'S3')_gc: False
	F29_('S3', 'S2')_rr: 1
	F21_('E2', 'S2')_gc: False
	F20_('S4', 'S3')_t4_min: 7438
	F12_('S4', 'S3')_gc: True
	F59_queue_index: 0
	F55_('S3', 'S2')_t4_max: 18053
	F46_('S5', 'E5')_t4_max: 30247
	F48_('S2', 'E2')_rr: 1
	F25_jitter: 0
	F17_('S3', 'S4')_t4_min: 57595
	F18_('S1', 'E1')_gc: False
	F13_('E1', 'S1')_tb: 97343
	F21_queue_index: 0
	F13_('S4', 'E4')_gc: False
	F45_('S2', 'E2')_rr: 0
	F6_('E4', 'S4')_t3_max: 29614
	F52_('S4', 'E4')_t5_max: 24158
	F9_('E4', 'S4')_gc: False
	F10_('S4', 'S3')_t4_max: 27467
	F7_('S1', 'E1')_gc: False
	F24_('S3', 'S2')_t4_min: 485
	F53_('S3', 'E3')_gc: False
	F7_('E2', 'S2')_t3_min: 15269
	F19_('E1', 'S1')_rr: 0
	F16_('E3', 'S3')_gc: False
	F38_('S4', 'S3')_rr: 0
	F12_('S2', 'S1')_t4_min: 2614
	F23_('S3', 'S2')_gc: False
	F17_('S5', 'E5')_t3_max: 57841
	F35_jitter: 0
	F13_('S4', 'E4')_rr: 0
	F25_('S5', 'E5')_rr: 8
	F10_('S3', 'E3')_gc: True
	F24_('S2', 'S1')_rr: 0
	F28_('S4', 'E4')_gc: False
	F14_jitter: 0
	F13_('S2', 'S3')_t4_max: 97647
	F41_('E4', 'S4')_t4_max: 1731
	F10_('S3', 'E3')_t5_max: 27576
	F12_('S2', 'S1')_t3_max: 2748
	F15_('S2', 'S1')_gc: False
	F33_('S3', 'S4')_gc: True
	F34_('S3', 'S4')_t4_min: 369
	F4_('S4', 'S3')_t4_max: 1446
	F24_('S3', 'S2')_gc: False
	F33_('S3', 'S4')_rr: 4
	F59_('S2', 'S3')_t3_min: 1131
	F52_('S4', 'E4')_t3_max: 24046
	F38_('S3', 'S2')_t4_max: 62595
	F7_('E2', 'S2')_rr: 0
	F59_('S1', 'S2')_rr: 0
	F16_('S4', 'S5')_rr: 1
	F3_('S2', 'E2')_gc: True
	F51_queue_index: 0
	F56_('S2', 'E2')_rr: 8
	F29_('E4', 'S4')_rr: 0
	F20_('S3', 'S2')_gc: True
	F58_('E5', 'S5')_t5_max: 470
	F38_jitter: 129
	F33_('S4', 'S5')_t4_min: 14851
	F38_('E4', 'S4')_gc: False
	F2_('E2', 'S2')_t5_min: 438
	F35_('E5', 'S5')_rr: 0
	F52_('S5', 'S4')_rr: 0
	('E4', 'S4')_gcl_cycle: 1
	F52_('S4', 'E4')_rr: 4
	F22_('S2', 'S3')_rr: 0
	F10_('E5', 'S5')_tb: 27103
	F15_('E2', 'S2')_tb: 23872
	F52_('S4', 'E4')_t4_min: 24046
	F10_('S5', 'S4')_t4_max: 27285
	F35_('S3', 'E3')_t3_min: 1060
	F32_('S4', 'S3')_tb: 41
	F34_('E2', 'S2')_rr: 0
	F32_('E4', 'S4')_gc: False
	F32_('S3', 'E3')_t4_min: 195
	F36_('S1', 'S2')_tb: 100411
	F34_('S4', 'E4')_t4_min: 568
	F3_jitter: 0
	F27_queue_index: 0
	F10_('S3', 'E3')_rr: 1
	F21_('E2', 'S2')_t3_max: 125623
	F33_('E3', 'S3')_t3_min: 14655
	F41_('E4', 'S4')_t3_max: 1607
	F12_jitter: 0
	F13_('S2', 'S3')_gc: False
	F48_('S1', 'S2')_t4_max: 23757
	F57_jitter: 129
	F32_('S4', 'S3')_rr: 0
	F6_('S5', 'E5')_gc: True
	F17_queue_index: 0
	F2_('E2', 'S2')_tb: 325
	F49_('S4', 'E4')_t3_max: 164
	F33_('S5', 'E5')_t4_min: 14949
	F8_('S1', 'S2')_t4_max: 15523
	F58_('S3', 'S2')_t4_max: 973
	F37_('S4', 'S5')_t5_max: 15168
	F20_('E4', 'S4')_t3_max: 7288
	F8_queue_index: 0
	F20_('S3', 'S2')_t4_min: 7464
	F27_('S4', 'S3')_gc: True
	F20_('S4', 'S3')_t4_max: 7438
	F8_('S3', 'S4')_rr: 4
	F17_('E2', 'S2')_t5_min: 57403
	F23_('S3', 'S2')_t4_min: 1098
	F42_('S4', 'S3')_t4_min: 3856
	F43_jitter: 129
	('S3', 'S2')_gcl_cycle: 64000
	F25_('S3', 'S4')_gc: False
	F2_('S2', 'S1')_tb: 445
	F43_('S3', 'S2')_t5_max: 373
	F23_jitter: 387
	('S5', 'S4')_gcl_length: 146
	F21_('S2', 'S1')_t4_max: 125906
	F47_('E2', 'S2')_t4_max: 40802
	F37_('E3', 'S3')_rr: 0
	F23_('E3', 'S3')_tb: 1000
	F41_('S1', 'E1')_t3_max: 1783
	F45_('E1', 'S1')_rr: 0
	F12_('S3', 'S2')_t4_max: 2678
	F8_('E1', 'S1')_t3_max: 15228
	F36_('S2', 'E2')_gc: False
	F51_('S5', 'E5')_t5_max: 3719
	F37_queue_index: 0
	F31_queue_index: 0
	F41_('S1', 'E1')_gc: True
	F14_('S4', 'S3')_t5_max: 30933
	F18_('E2', 'S2')_t5_min: 120233
	F19_jitter: 129
	F30_('S2', 'E2')_t4_max: 50704
	F3_('S1', 'S2')_t4_min: 1309
	F16_('S4', 'S5')_t4_max: 34685
	F24_('S3', 'S2')_t5_min: 580
	F4_('S4', 'S3')_t4_min: 1317
	F9_('S3', 'E3')_t4_min: 3745
	F14_('S3', 'S2')_t4_max: 31064
	F36_('E1', 'S1')_rr: 0
	F23_('S3', 'S2')_rr: 0
	F46_('S3', 'S4')_t4_min: 29871
	F46_('S5', 'E5')_t3_min: 30113
	F44_('S3', 'E3')_t4_min: 92775
	F43_('E5', 'S5')_rr: 0
	F20_('E4', 'S4')_tb: 7412
	F53_('S4', 'S3')_t4_min: 5544
	F11_('S4', 'S3')_rr: 8
	F28_('S3', 'S4')_rr: 32
	F1_('S2', 'S3')_t4_min: 26731
	F44_('S3', 'E3')_t5_min: 92801
	F25_('E3', 'S3')_t5_max: 2807
	F53_('E4', 'S4')_gc: False
	F28_('S4', 'E4')_t4_min: 749
	F18_('E2', 'S2')_gc: False
	F51_('S5', 'E5')_t3_max: 3572
	F8_('S2', 'S3')_t4_min: 15436
	F11_('S4', 'S3')_t4_max: 2723
	('S4', 'E4')_gcl_cycle: 128000
	F48_('E1', 'S1')_t3_max: 23550
	F37_('S5', 'E5')_tb: 15175
	F28_('E1', 'S1')_t3_max: 438
	F1_('S2', 'S3')_rr: 0
	F39_('S4', 'E4')_t5_max: 108989
	F9_('E4', 'S4')_t3_max: 3367
	F46_('E2', 'S2')_rr: 0
	F59_('S2', 'S3')_t4_min: 1265
	F43_('S3', 'S2')_t4_max: 349
	F22_('E2', 'S2')_rr: 0
	F14_('S4', 'S3')_gc: True
	F55_queue_index: 0
	F52_('S5', 'S4')_t4_max: 23927
	F25_('E3', 'S3')_t3_max: 2637
	F57_('E3', 'S3')_rr: 0
	F26_('E5', 'S5')_rr: 0
	F47_('S2', 'S3')_t4_max: 41008
	F20_('E4', 'S4')_t5_max: 7431
	F35_queue_index: 0
	('S2', 'S3')_gcl_cycle: 4000
	F48_('S2', 'E2')_gc: True
	F9_('E4', 'S4')_rr: 0
	F27_('S5', 'S4')_t4_min: 211
	F58_queue_index: 0
	F11_('S2', 'S1')_rr: 0
	F40_('S1', 'S2')_t4_max: 25613
	F43_('S2', 'S1')_rr: 2
	F24_('S1', 'E1')_gc: False
	F37_('S3', 'S4')_gc: True
	F12_('S4', 'S3')_t4_min: 2484
	F36_queue_index: 0
	F39_('S4', 'E4')_t4_min: 108894
	F21_('S2', 'S1')_rr: 0
	F11_('S5', 'S4')_t3_min: 2485
	F15_('S2', 'S1')_rr: 0
	F52_queue_index: 0
	F29_('S3', 'S2')_gc: True
	F19_('S2', 'E2')_t4_min: 12018
	F43_('S4', 'S3')_t4_max: 194
	F0_('E4', 'S4')_rr: 0
	F45_('S2', 'E2')_gc: False
	F40_queue_index: 0
	F53_('S3', 'E3')_tb: 5611
	F7_('E2', 'S2')_t3_max: 15145
	F56_('E4', 'S4')_t3_max: 2905
	F20_('S4', 'S3')_rr: 4
	F38_('S2', 'S1')_t4_min: 62647
	F44_('S2', 'S3')_t4_min: 92747
	F5_queue_index: 0
	F20_('S4', 'S3')_t5_min: 7457
	F27_('E5', 'S5')_t4_min: 176
	F46_('S4', 'S5')_rr: 0
	F39_('S4', 'E4')_rr: 1
	F44_('S1', 'S2')_gc: True
	F17_('S4', 'S5')_gc: False
	F49_('S4', 'E4')_tb: 159
	F13_('S4', 'E4')_t4_min: 97688
	F20_('S4', 'S3')_gc: True
	F59_('S2', 'S3')_t5_min: 1359
	F28_('S1', 'S2')_t4_min: 574
	F49_('S5', 'S4')_t4_min: 95
	F50_('E3', 'S3')_t3_max: 6452
	F56_('S4', 'S3')_rr: 0
	F52_('S5', 'S4')_gc: False
	F31_('S2', 'E2')_t4_min: 23917
	F31_('E3', 'S3')_t5_min: 23875
	F14_('S2', 'E2')_t4_min: 31087
	F36_('S1', 'S2')_t4_max: 100540
	F43_('S3', 'S2')_rr: 0
	F37_jitter: 0
	F48_('E1', 'S1')_gc: False
	F19_('E1', 'S1')_t3_max: 11753
	F4_('S3', 'S2')_t4_min: 1406
	F31_('S3', 'S2')_gc: False
	F5_('E3', 'S3')_t3_max: 1042
	F47_('E2', 'S2')_t3_max: 40678
	F59_('S3', 'S4')_gc: True
	F59_('S3', 'S4')_t4_max: 1366
	F52_('S5', 'S4')_t5_max: 24039
	F26_('S3', 'S2')_rr: 0
	F33_('E3', 'S3')_rr: 0
	F11_('S3', 'S2')_t5_min: 2934
	F34_('S3', 'S4')_t4_max: 498
	F38_('S3', 'S2')_rr: 1
	F51_jitter: 258
	F25_queue_index: 0
	F35_('S3', 'E3')_t4_max: 1323
	F43_('S4', 'S3')_t5_max: 218
	F32_queue_index: 0
	F16_('S4', 'S5')_gc: True
	F17_('S2', 'S3')_gc: False
	F2_('E2', 'S2')_t3_max: 201
	F50_('E3', 'S3')_t4_min: 6576
	F44_queue_index: 0
	F16_('S5', 'E5')_t4_min: 34798
	F42_('S3', 'S2')_t4_max: 4047
	F55_jitter: 0
	F58_('S5', 'S4')_t4_min: 472
	F36_('S2', 'E2')_t5_min: 100479
	F12_('S1', 'E1')_rr: 1
	F26_('S5', 'S4')_rr: 0
	F8_('S2', 'S3')_gc: False
	F57_('E3', 'S3')_t3_max: -123
	F59_('S4', 'E4')_t5_max: 1561
	F22_('S3', 'E3')_tb: 751
	F41_('S1', 'E1')_t5_min: 1789
	F58_('S5', 'S4')_t4_max: 601
	F4_('E4', 'S4')_t3_max: 1104
	F48_('S1', 'S2')_t5_max: 23833
	F32_('S3', 'E3')_t3_max: 195
	F56_('S4', 'S3')_t4_max: 3184
	F46_('S3', 'S4')_gc: True
	F54_('E3', 'S3')_gc: False
	F34_('S4', 'E4')_rr: 64
	F1_('S2', 'S3')_gc: False
	F35_('S5', 'S4')_t4_min: 928
	F47_('S4', 'E4')_t4_max: 41296
	F46_('S2', 'S3')_tb: 29616
	F36_('E1', 'S1')_gc: False
	F37_('S3', 'S4')_t4_min: 14925
	F22_jitter: 258
	F34_('S2', 'S3')_rr: 2
	F41_('S1', 'E1')_rr: 8
	F27_('S3', 'E3')_rr: 0
	F25_('E3', 'S3')_t3_min: 2761
	F20_('S2', 'E2')_t5_max: 7633
	F25_('S3', 'S4')_rr: 0
	F33_('S5', 'E5')_rr: 4
	F49_('S4', 'E4')_rr: 0
	F58_('S2', 'E2')_rr: 8
	F27_('S4', 'S3')_t4_max: 380
	F3_('S1', 'S2')_t4_max: 1309
	F10_('E5', 'S5')_t3_max: 26979
	F56_('S3', 'S2')_t4_max: 3339
	F12_('S2', 'S1')_rr: 0
	F8_('S4', 'S5')_t4_min: 15783
	F51_('S4', 'S5')_gc: False
	F53_('S4', 'S3')_t4_max: 5673
	F54_('S4', 'S5')_t5_max: 62383
	F20_('E4', 'S4')_rr: 0
	F18_('S2', 'S1')_t4_min: 120235
	F45_jitter: 258
	F26_('S4', 'S3')_t4_min: 13451
	F49_('S4', 'E4')_t4_min: 159
	F4_('E4', 'S4')_rr: 0
	F51_('E4', 'S4')_rr: 0
	F43_('S1', 'E1')_rr: 0
	F41_('S3', 'S2')_gc: True
	F47_('E2', 'S2')_gc: False
	F11_('S2', 'S1')_t4_min: 2936
	F54_('S4', 'S5')_t4_max: 62375
	F12_('S4', 'S3')_t5_min: 2547
	F27_('S4', 'S3')_rr: 16
	F25_('S4', 'S5')_t5_max: 3037
	F8_('S3', 'S4')_tb: 15741
	F39_('S5', 'S4')_gc: True
	F58_('S2', 'E2')_gc: True
	F5_('S3', 'S4')_gc: False
	F58_('S4', 'S3')_t4_max: 849
	F4_('S3', 'S2')_rr: 0
	F14_('E5', 'S5')_rr: 0
	F59_('S4', 'E4')_rr: 32
	F26_('S5', 'S4')_t5_min: 13315
	F4_('E4', 'S4')_gc: False
	F12_('S3', 'S2')_t3_min: 2549
	F40_jitter: 0
	F47_('S3', 'S4')_gc: True
	F39_('E5', 'S5')_rr: 0
	F36_jitter: 258
	F31_('S3', 'S2')_t4_max: 24006
	F26_('S4', 'S3')_rr: 2
	F29_('S3', 'S2')_t4_max: 53550
	F43_('S3', 'S2')_t4_min: 220
	F1_('E2', 'S2')_t5_min: 26729
	F34_('S4', 'E4')_t5_min: 631
	F39_queue_index: 0
	F10_('S4', 'S3')_rr: 0
	F52_('S5', 'S4')_t5_min: 23910
	F13_('S3', 'S4')_rr: 0
	F0_('E4', 'S4')_t3_max: 123614
	F6_('S4', 'S5')_tb: 29865
	F11_('E5', 'S5')_t3_max: 2257
	F3_('S2', 'E2')_t4_min: 1400
	F14_('S5', 'S4')_rr: 4
	F35_('S4', 'S3')_rr: 0
	F37_('E3', 'S3')_gc: False
	F14_('E5', 'S5')_t4_min: 30871
	F14_('E5', 'S5')_t5_max: 30887
	F28_('S2', 'S3')_t4_min: 720
	F21_('S1', 'E1')_rr: 0
	F28_('S4', 'E4')_t5_max: 888
	F38_('S1', 'E1')_rr: 0
	F49_('S5', 'S4')_tb: 95
	F56_('S4', 'S3')_t4_min: 3055
	F19_('E1', 'S1')_t5_max: 11943
	F4_('S2', 'E2')_gc: False
	F9_('S4', 'S3')_t4_max: 3618
	F29_queue_index: 0
	F45_('E1', 'S1')_t4_min: 11303
	F6_('E4', 'S4')_gc: False
	F4_('S3', 'S2')_t4_max: 1664
	F35_('S5', 'S4')_t5_min: 992
	F47_('S3', 'S4')_t3_max: 41090
	F2_('S2', 'S1')_rr: 32
	F29_('S2', 'E2')_rr: 0
	F44_('S2', 'S3')_gc: False
	F23_('S2', 'S1')_t3_max: 1330
	F35_('S3', 'E3')_gc: True
	F43_('S4', 'S3')_rr: 1
	F0_('S5', 'E5')_t4_min: 123936
	F37_('S3', 'S4')_t5_min: 14981
	F9_('S4', 'S3')_gc: True
	F8_jitter: 0
	('S3', 'S4')_gcl_length: 130
	F45_('E1', 'S1')_t5_min: 11398
	F47_('E2', 'S2')_rr: 0
	F27_('S4', 'S3')_t3_min: 246
	F54_('S5', 'E5')_t4_min: 62390
	F58_('E5', 'S5')_t3_max: 229
	F28_('S2', 'S3')_t4_max: 720
	F27_('S4', 'S3')_t4_min: 380
	F29_('S2', 'E2')_t3_min: 53649
	F10_('E5', 'S5')_gc: False
	F20_('S4', 'S3')_t3_min: 7433
	F17_('S3', 'S4')_t3_max: 57595
	F33_('S4', 'S5')_t5_min: 14942
	F3_('E1', 'S1')_gc: False
	F45_('S1', 'S2')_rr: 0
	F50_('S3', 'S2')_tb: 6661
	F17_('S5', 'E5')_rr: 1
	F34_('S2', 'S3')_gc: True
	F42_('S2', 'E2')_gc: True
	F8_('S2', 'S3')_rr: 0
	F30_('S2', 'E2')_t3_min: 50446
	F13_('S3', 'S4')_t4_max: 97861
	F14_('S4', 'S3')_rr: 1
	F25_('S4', 'S5')_rr: 8
	F23_('S2', 'S1')_rr: 0
	F10_('S5', 'S4')_gc: False
	F49_('E5', 'S5')_rr: 0
	F35_('S5', 'S4')_t4_max: 1057
	F47_('S3', 'S4')_t4_min: 41090
	F17_('S4', 'S5')_t5_max: 57834
	F33_jitter: 0
	F50_('S3', 'S2')_t4_max: 6661
	F42_('S2', 'E2')_rr: 2
	F41_jitter: 0
	F56_('S2', 'E2')_t3_min: 3107
	F19_('S1', 'S2')_t4_min: 11950
	F15_('E2', 'S2')_gc: False
	F5_jitter: 258
	F59_('S4', 'E4')_t3_max: 1467
	F59_('S2', 'S3')_t4_max: 1265
	F8_('E1', 'S1')_t4_min: 15352
	F28_('E1', 'S1')_tb: 562
	F22_('S3', 'E3')_gc: False
	F50_('E3', 'S3')_gc: False
	F59_('S1', 'S2')_gc: False
	F11_('S5', 'S4')_rr: 0
	F17_('S4', 'S5')_t4_min: 57651
	F19_queue_index: 0
	F17_('S2', 'S3')_tb: 57405
	F30_('S2', 'E2')_gc: False
	F1_('E2', 'S2')_t3_max: 26503
	F54_('S4', 'S5')_gc: True
	F59_('E1', 'S1')_t3_max: 815
	F41_('S4', 'S3')_rr: 16
	F13_('S2', 'S3')_tb: 97518
	F25_('S4', 'S5')_t4_min: 2991
	F14_('S2', 'E2')_t5_min: 31103
	F54_('S3', 'S4')_rr: 0
	F12_('E4', 'S4')_t3_max: 2290
	F38_('S3', 'S2')_t5_min: 62640
	F19_('S1', 'S2')_rr: 8
	F37_('S3', 'S4')_t4_max: 14925
	F14_('S5', 'S4')_gc: True
	F4_jitter: 387
	F35_('E5', 'S5')_t3_max: 738
	F20_queue_index: 0
	F5_('S3', 'S4')_rr: 0
	F24_('E3', 'S3')_t4_min: 388
	F14_('S2', 'E2')_tb: 31087
	F16_('S3', 'S4')_t4_min: 34567
	F48_queue_index: 0
	F42_('S3', 'S2')_gc: True
	F40_('E1', 'S1')_t4_max: 25379
	F4_('S2', 'E2')_rr: 0
	F46_('S4', 'S5')_t5_min: 30111
	F30_('S2', 'E2')_rr: 0
	F44_('S2', 'S3')_rr: 0
	F33_('S3', 'S4')_t5_min: 14844
	F53_('S3', 'E3')_rr: 0
	F40_('S1', 'S2')_t5_min: 25587
	F14_queue_index: 0
	F26_('S2', 'E2')_gc: False
	F8_('S4', 'S5')_t4_max: 15912
	F10_('S5', 'S4')_t4_min: 27156
	F40_('S2', 'S3')_t4_max: 25847
	F42_('S4', 'S3')_t5_min: 3911
	F7_('S2', 'S1')_rr: 0
	F5_('S4', 'E4')_gc: False
	F50_queue_index: 0
	F0_jitter: 258
	F11_('S3', 'S2')_t3_max: 2832
	F3_('S2', 'E2')_rr: 16
	F2_('S1', 'E1')_rr: 8
	F11_('S1', 'E1')_t4_min: 3174
	F39_('S5', 'S4')_t4_max: 108792
	F35_('S4', 'S3')_t3_max: 1128
	F37_('S5', 'E5')_t4_min: 15175
	F55_('E3', 'S3')_t3_max: 17747
	F41_('S4', 'S3')_gc: True
	F52_('S4', 'E4')_t5_min: 24158
	F20_('S2', 'E2')_gc: False
	F53_('E4', 'S4')_t4_min: 5477
	F1_('E2', 'S2')_rr: 0
	F18_('S2', 'S1')_rr: 0
	F45_queue_index: 0
	F35_('S4', 'S3')_t4_min: 994
	F28_('E1', 'S1')_rr: 0
	F31_jitter: 258
	F41_('S3', 'S2')_t4_min: 1757
	F34_queue_index: 0
	F57_queue_index: 0
	F17_('E2', 'S2')_t4_min: 57349
	F27_('S5', 'S4')_t4_max: 340
	F41_('E4', 'S4')_t5_min: 1737
	F31_('E3', 'S3')_gc: False
	F25_('S4', 'S5')_gc: True
	F6_jitter: 0
	F46_('S3', 'S4')_t4_max: 29871
	F12_('S2', 'S1')_gc: False
	F56_queue_index: 0
	F18_queue_index: 0
	F46_('E2', 'S2')_gc: False
	F58_('S4', 'S3')_t4_min: 591
	F10_('S3', 'E3')_t4_min: 27525
	F27_('S3', 'E3')_gc: False
	F12_('S2', 'S1')_t4_max: 2872
	F42_('S2', 'E2')_t3_min: 4104
	F13_('S1', 'S2')_rr: 1
	F53_('E4', 'S4')_rr: 0
	F3_queue_index: 0
	F7_('E2', 'S2')_gc: False
	F16_('S5', 'E5')_tb: 34798
	F38_('S1', 'E1')_t5_max: 62868
	F50_('S3', 'S2')_gc: True
	F32_('S4', 'S3')_gc: False
	F8_('S3', 'S4')_t4_max: 15741
	F15_('S2', 'S1')_t4_min: 23914
	F7_('S1', 'E1')_t5_min: 15519
	F38_('S2', 'S1')_rr: 1
	F4_('S3', 'S2')_gc: False
	F56_('S2', 'E2')_t4_max: 3370
	F20_('S3', 'S2')_rr: 8
	F57_('S3', 'S2')_t4_max: 110
	F32_('S3', 'E3')_rr: 16
	F28_queue_index: 0
	F17_('S4', 'S5')_t4_max: 57780
	F41_('S4', 'S3')_t4_min: 1744
	F43_('S5', 'S4')_rr: 4
	F57_('E3', 'S3')_gc: False
	F58_('S5', 'S4')_gc: False
	F1_('S2', 'S3')_t4_max: 26860
	F21_('S1', 'E1')_gc: False
	F26_('S3', 'S2')_t4_min: 13500
	F4_('S2', 'E2')_t4_min: 1495
	F42_('S3', 'S2')_t4_min: 4047
	F27_('S5', 'S4')_gc: False
	F58_('S5', 'S4')_t5_min: 589
	F34_('S4', 'E4')_gc: True
	F43_('E5', 'S5')_gc: False
	F13_('E1', 'S1')_rr: 0
	F47_('S3', 'S4')_rr: 1
	F14_('S5', 'S4')_t4_max: 30894
	F54_('S5', 'E5')_rr: 1
	F53_queue_index: 0
	F34_('S3', 'S4')_gc: False
	F54_('E3', 'S3')_t3_min: 62221
	F36_('S1', 'S2')_rr: 0
	F58_('S2', 'E2')_t3_max: 1097
	F28_('S2', 'S3')_gc: True
	F46_('S2', 'S3')_t4_max: 29745
	('E5', 'S5')_gcl_cycle: 1
	F12_('E4', 'S4')_gc: False
	F39_('E5', 'S5')_gc: False
	F59_('S2', 'S3')_gc: True
	F46_('S5', 'E5')_rr: 2
	F9_('S4', 'S3')_rr: 8
	F24_('S2', 'S1')_t4_max: 840
	F17_('S4', 'S5')_rr: 0
	F44_('S3', 'E3')_gc: False
	F23_('S2', 'S1')_t4_min: 1196
	F30_('S1', 'S2')_t4_min: 50418
	F10_('E5', 'S5')_t4_min: 27103
	F23_('E3', 'S3')_gc: False
	F10_('S3', 'E3')_t5_min: 27576
	F46_('S5', 'E5')_t5_min: 30366
	F1_('S3', 'E3')_rr: 0
	F22_('E2', 'S2')_t3_max: 587
	F39_('E5', 'S5')_t3_max: 108566
	F25_('S5', 'E5')_t4_min: 3044
	F48_('S1', 'S2')_rr: 4
	F37_('S5', 'E5')_gc: True
	F56_('S4', 'S3')_gc: False
	F23_('E3', 'S3')_t3_max: 876
	F36_('E1', 'S1')_t3_max: 100252
	F2_('E2', 'S2')_rr: 0
	F35_('S4', 'S3')_t4_max: 1252
	F56_('S2', 'E2')_t4_min: 3370
	F11_('E5', 'S5')_rr: 0
	F26_('S5', 'S4')_t4_min: 13268
	F20_('S3', 'S2')_t4_max: 7464
	F42_('S2', 'E2')_t4_min: 4109
	F48_('S1', 'S2')_t4_min: 23757
	F47_('S4', 'E4')_t4_min: 41167
	F55_('E3', 'S3')_rr: 0
	F14_('E5', 'S5')_gc: False
	F3_('S1', 'S2')_rr: 64
	F40_('S3', 'E3')_t3_min: 25694
	F0_('S4', 'S5')_t4_min: 123837
	F5_('S4', 'E4')_t4_min: 1192
	F46_('S4', 'S5')_t4_min: 29992
	F40_('S1', 'S2')_gc: False
	F13_('E1', 'S1')_t3_max: 97219
	F19_('S1', 'S2')_tb: 11950
	F56_('E4', 'S4')_rr: 0
	F13_queue_index: 0
	F41_('E4', 'S4')_rr: 0
	F13_('E1', 'S1')_t4_min: 97343
	F41_queue_index: 0
	F28_('S2', 'S3')_t5_min: 730
	F8_('S1', 'S2')_gc: False
	F28_('S3', 'S4')_gc: True
	F49_jitter: 129
	F37_('S4', 'S5')_t4_min: 14983
	F10_('S4', 'S3')_t4_min: 27209
	F24_('E3', 'S3')_t3_max: 264
	F8_('S4', 'S5')_rr: 0
	F11_jitter: 0
	F52_('S5', 'S4')_t4_min: 23798
	F29_('S3', 'S2')_tb: 53550
	F46_('S2', 'S3')_rr: 0
	F31_('S3', 'S2')_rr: 0
	F57_('S2', 'E2')_rr: 0
	F33_('S3', 'S4')_t4_max: 14753
	F38_('S1', 'E1')_gc: False
	F3_('E1', 'S1')_t5_max: 1302
	F18_('E2', 'S2')_t3_max: 120091
	F27_jitter: 129
	F45_('S1', 'S2')_tb: 11400
	F51_('S5', 'E5')_gc: False
	F12_('S1', 'E1')_gc: True
	F29_('S4', 'S3')_t3_min: 53317
	F30_('E1', 'S1')_tb: 50390
	F44_jitter: 258
	F7_('S2', 'S1')_t4_max: 15482
	F58_('S5', 'S4')_rr: 0
	F58_('S4', 'S3')_rr: 0
	F17_('S2', 'S3')_t4_max: 57534
	F29_('E4', 'S4')_t3_max: 53094
	F26_queue_index: 0
	F45_('S2', 'E2')_t4_min: 11497
	F57_('S3', 'S2')_t4_min: 110
	F38_('S2', 'S1')_gc: True
	F54_('S4', 'S5')_t4_min: 62375
	F49_('S4', 'E4')_t5_min: 221
	F38_('E4', 'S4')_t3_max: 62243
	F3_('S1', 'S2')_gc: True
	F34_('E2', 'S2')_gc: False
	F0_('S5', 'E5')_t5_min: 124033
	F14_('S5', 'S4')_t4_min: 30894
	F17_('S5', 'E5')_gc: True
	F4_queue_index: 0
	F55_('S2', 'E2')_t4_min: 18111
	F38_('S1', 'E1')_t3_min: 62694
	F2_('S1', 'E1')_tb: 565
	F17_('S3', 'S4')_t5_min: 57649
	F11_('E5', 'S5')_gc: False
	F58_('E5', 'S5')_gc: False
	F58_('S3', 'S2')_gc: True
	F10_('S3', 'E3')_tb: 27525
	F26_('S2', 'E2')_rr: 0
	F30_('E1', 'S1')_gc: False
	F26_('S3', 'S2')_gc: False
	F23_('S1', 'E1')_gc: False
	F58_('S3', 'S2')_rr: 16
	F27_('E5', 'S5')_t3_max: 52
	F59_('S4', 'E4')_t4_min: 1467
	F13_('S1', 'S2')_gc: True
	F29_('S4', 'S3')_tb: 53317
	F36_('S2', 'E2')_rr: 0
	F10_queue_index: 0
	F40_('E1', 'S1')_rr: 0
	F44_('S1', 'S2')_rr: 1
	F7_('S1', 'E1')_t4_min: 15437
	F33_('S3', 'S4')_t4_min: 14753
	F28_('S2', 'S3')_rr: 2
	F8_('S3', 'S4')_t4_min: 15741
	F39_('S4', 'E4')_gc: True
	F55_('E3', 'S3')_t5_min: 17922
	F59_('S2', 'S3')_rr: 1
	F27_('E5', 'S5')_tb: 176
	F14_('S3', 'S2')_gc: False
	F26_('S3', 'S2')_t4_max: 13629
	F25_('E3', 'S3')_gc: False
	F29_('S3', 'S2')_t4_min: 53550
	('S4', 'S5')_gcl_cycle: 64000
	F55_('S2', 'E2')_rr: 1
	F38_('E4', 'S4')_t3_min: 62367
	F29_('S4', 'S3')_rr: 0
	F14_('S4', 'S3')_t4_min: 30917
	F59_('S4', 'E4')_gc: True
	F30_queue_index: 0
	F12_('S3', 'S2')_gc: False
	F2_('E2', 'S2')_gc: False
	F28_('S1', 'S2')_t4_max: 703
	F49_('S5', 'S4')_t4_max: 95
	F35_('S5', 'S4')_tb: 928
	F14_('E5', 'S5')_t3_min: 30871
	('S3', 'S4')_gcl_cycle: 64000
	F34_('S2', 'S3')_t4_min: 304
	F17_jitter: 0
	F38_('S3', 'S2')_gc: True
	('S5', 'S4')_gcl_cycle: 128000
	F53_('E4', 'S4')_t3_max: 5353
	F12_('S3', 'S2')_t4_min: 2549
	F41_('S2', 'S1')_t4_min: 1770
	F9_queue_index: 0
	F11_('S3', 'S2')_t5_max: 2934
	F20_('E4', 'S4')_gc: False
	F55_('S2', 'E2')_gc: True
	F37_('S4', 'S5')_t3_max: 14988
	F26_('E5', 'S5')_t3_max: 13095
	F29_('S2', 'E2')_gc: False
	F17_('E2', 'S2')_t3_max: 57225
	F42_('S3', 'S2')_t5_max: 4102
	F17_('S2', 'S3')_t4_min: 57405
	F19_('S1', 'S2')_t5_min: 12016
	F58_('E5', 'S5')_t3_min: 353
	F17_('E2', 'S2')_gc: False
	F49_('S4', 'E4')_gc: False
	F50_('S3', 'S2')_t4_min: 6661
	F47_('S4', 'E4')_t3_max: 41172
	F15_('S1', 'E1')_gc: False
	F26_('S5', 'S4')_t4_max: 13397
	F0_('S5', 'E5')_gc: False
	F51_('S5', 'E5')_t4_min: 3438
	F29_('S4', 'S3')_gc: False
	F5_('E3', 'S3')_rr: 0
	F0_('E4', 'S4')_gc: False
	F12_('S4', 'S3')_rr: 2
	F0_('S4', 'S5')_rr: 0
	F46_('S5', 'E5')_gc: True
	F54_('E3', 'S3')_t3_max: 62097
	F42_('E4', 'S4')_gc: False
	F31_('S2', 'E2')_gc: False
	('S3', 'S2')_gcl_length: 236
	F59_('S3', 'S4')_t4_min: 1366
	F42_('S4', 'S3')_gc: False
	F42_('S4', 'S3')_t4_max: 3985
	F56_('S3', 'S2')_t4_min: 3081
	F53_('S3', 'E3')_t5_min: 5676
	('S5', 'E5')_gcl_cycle: 64000
	F46_('E2', 'S2')_t3_max: 29371
	F1_queue_index: 0
	F13_('S2', 'S3')_t4_min: 97518
	('S4', 'E4')_gcl_length: 202
	F2_jitter: 0
	F47_queue_index: 0
	F11_('S3', 'S2')_t4_max: 2832
	F44_('E1', 'S1')_gc: False
	F38_('S3', 'S2')_t4_min: 62595
	F32_('S4', 'S3')_t4_min: 41
	F18_('S1', 'E1')_t4_min: 120255
	F40_('S2', 'S3')_t4_min: 25589
	F17_('S3', 'S4')_gc: True
	F20_('S2', 'E2')_t3_max: 7490
	F8_('S1', 'S2')_rr: 0
	F54_('S5', 'E5')_gc: True
	F16_jitter: 129
	F42_('E4', 'S4')_rr: 0
	F18_('S2', 'S1')_gc: False
	F39_('S5', 'S4')_rr: 1
	F8_('S1', 'S2')_t5_max: 15563
	F57_('S3', 'S2')_rr: 32
	F43_queue_index: 0
	F32_('S4', 'S3')_t4_max: 170
	F35_('S4', 'S3')_t3_min: 994
	F21_('S2', 'S1')_t4_min: 125777
	F14_('S4', 'S3')_t4_max: 30917
	F16_('E3', 'S3')_rr: 0
	F11_('S4', 'S3')_gc: True
	F13_('S1', 'S2')_t4_max: 97433
	F0_('E4', 'S4')_t5_min: 123835
	F20_('S2', 'E2')_t4_min: 7485
	F2_('S1', 'E1')_gc: True
	F17_('S3', 'S4')_t4_max: 57595
	F46_('S3', 'S4')_t5_max: 29990
	F6_('E4', 'S4')_t5_max: 29858
	F46_jitter: 0
	F31_('E3', 'S3')_t3_max: 23713
	F24_('S1', 'E1')_t4_min: 679
	F28_('S1', 'S2')_tb: 574
	F36_('S1', 'S2')_gc: False
	F12_('S4', 'S3')_t4_max: 2484
	F58_('S3', 'S2')_t4_min: 973
	F46_queue_index: 0
	F40_('S2', 'S3')_gc: False
	F36_('S1', 'S2')_t4_min: 100411
	F8_('E1', 'S1')_gc: False
	F24_queue_index: 0
	F11_('S2', 'S1')_gc: False
	F2_('S2', 'S1')_gc: True
	F46_('S3', 'S4')_rr: 2
	F8_('S3', 'S4')_gc: True
	F11_('S1', 'E1')_gc: True
	F47_('S4', 'E4')_t5_max: 41371
	F28_('S1', 'S2')_gc: False
	F16_('S4', 'S5')_t4_min: 34685
	F54_('E3', 'S3')_rr: 0
	F49_('S5', 'S4')_t3_max: 95
	F27_('S5', 'S4')_t3_max: 216
	F3_('S1', 'S2')_t3_max: 1309
	F5_('S3', 'S4')_t3_max: 1184
	F42_('S4', 'S3')_t3_max: 3861
	F41_('S4', 'S3')_t3_max: 1744
	F44_('S1', 'S2')_t3_max: 92719
	F52_('S5', 'S4')_t3_max: 23803
	F46_('S2', 'S3')_t3_max: 29621
	F31_('S3', 'S2')_t3_max: 23882
	F24_('S3', 'S2')_t3_max: 490
	F20_('S4', 'S3')_t3_max: 7438
	F0_('S4', 'S5')_t3_max: 123842
	F51_('S4', 'S5')_t3_max: 3418
	F18_('S2', 'S1')_t3_max: 120240
	F55_('S3', 'S2')_t3_max: 17929
	F58_('S5', 'S4')_t3_max: 477
	F38_('S4', 'S3')_t3_max: 62419
	F25_('S3', 'S4')_t3_max: 2814
	F12_('S4', 'S3')_t3_max: 2484
	F4_('S4', 'S3')_t3_max: 1322
	F56_('S4', 'S3')_t3_max: 3060
	F40_('S1', 'S2')_t3_max: 25489
	F13_('S1', 'S2')_t3_max: 97433
	F59_('S1', 'S2')_t3_max: 1040
	F21_('S2', 'S1')_t3_max: 125782
	F35_('S5', 'S4')_t3_max: 933
	F34_('S2', 'S3')_t3_max: 304
	F53_('S4', 'S3')_t3_max: 5549
	F22_('S2', 'S3')_t3_max: 736
	F29_('S4', 'S3')_t3_max: 53322
	F26_('S5', 'S4')_t3_max: 13273
	F30_('S1', 'S2')_t3_max: 50423
	F39_('S5', 'S4')_t3_max: 108792
	F2_('S2', 'S1')_t3_max: 445
	F8_('S1', 'S2')_t3_max: 15399
	F54_('S3', 'S4')_t3_max: 62236
	F14_('S5', 'S4')_t3_max: 30894
	F7_('S2', 'S1')_t3_max: 15358
	F28_('S1', 'S2')_t3_max: 579
	F19_('S1', 'S2')_t3_max: 11950
	F36_('S1', 'S2')_t3_max: 100416
	F48_('S1', 'S2')_t3_max: 23757
	F47_('S2', 'S3')_t3_max: 40884
	F9_('S4', 'S3')_t3_max: 3618
	F6_('S4', 'S5')_t3_max: 29865
	F16_('S3', 'S4')_t3_max: 34567
	F15_('S2', 'S1')_t3_max: 23919
	F33_('S3', 'S4')_t3_max: 14753
	F1_('S2', 'S3')_t3_max: 26736
	F23_('S3', 'S2')_t3_max: 1103
	F43_('S5', 'S4')_t3_max: 163
	F11_('S5', 'S4')_t3_max: 2490
	F10_('S5', 'S4')_t3_max: 27161
	F32_('S4', 'S3')_t3_max: 46
	F50_('S3', 'S2')_t3_max: 6661
	F57_('S3', 'S2')_t3_max: 110
	F17_('S2', 'S3')_t3_max: 57410
	F37_('S3', 'S4')_t3_max: 14925
	F45_('S1', 'S2')_t3_max: 11405
	F50_('S2', 'E2')_t5_max: 6824
	F53_('S3', 'E3')_t3_min: 5611
	F34_('S3', 'S4')_t3_min: 369
	F27_('S4', 'S3')_t5_max: 413
	F13_('S2', 'S3')_t3_min: 97518
	F40_('S3', 'E3')_t5_max: 26060
	F45_('S2', 'E2')_t4_max: 11755
	F12_('S1', 'E1')_t4_max: 2942
	F12_('E4', 'S4')_t4_min: 2414
	F7_('S2', 'S1')_t5_min: 15435
	F4_('S4', 'S3')_t3_min: 1317
	F15_('E2', 'S2')_t5_max: 23912
	F10_('S4', 'S3')_t5_min: 27260
	F22_('S3', 'E3')_t4_max: 1009
	F12_('E4', 'S4')_t4_max: 2414
	F38_('S3', 'S2')_t3_min: 62461
	F51_('S5', 'E5')_t4_max: 3696
	F46_('S3', 'S4')_tb: 29871
	F14_('S4', 'S3')_tb: 30917
	F52_('E5', 'S5')_t3_min: 23684
	F30_('E1', 'S1')_t3_min: 50390
	F53_('S4', 'S3')_t5_min: 5609
	F29_('S2', 'E2')_t3_max: 53654
	F21_('S2', 'S1')_t5_max: 125934
	F6_('S4', 'S5')_t3_min: 29860
	F26_('E5', 'S5')_t3_min: 13219
	F13_('S3', 'S4')_tb: 97603
	F40_('E1', 'S1')_t4_min: 25379
	F7_('S1', 'E1')_t5_max: 15777
	F5_('S3', 'S4')_t5_max: 1319
	F48_('S2', 'E2')_t3_max: 23840
	F5_('E3', 'S3')_t5_min: 1177
	F21_('S2', 'S1')_t3_min: 125777
	F18_('S1', 'E1')_tb: 120255
	F9_('S3', 'E3')_t4_max: 3745
	F59_('S4', 'E4')_t4_max: 1467
	F31_('E3', 'S3')_t4_max: 23837
	F27_('S5', 'S4')_t5_max: 373
	F42_('S4', 'S3')_t5_max: 4040
	F11_('S1', 'E1')_t4_max: 3174
	F58_('E5', 'S5')_t4_min: 353
	F35_('S5', 'S4')_t3_min: 928
	F32_('S3', 'E3')_t4_max: 195
	F11_('S2', 'S1')_tb: 2936
	F0_('S4', 'S5')_t5_max: 124063
	F1_('S3', 'E3')_t3_max: 26969
	F53_('S3', 'E3')_t3_max: 5745
	F12_('E4', 'S4')_t3_min: 2414
	F52_('E5', 'S5')_t5_max: 23796
	F23_('S1', 'E1')_t3_min: 1294
	F28_('S1', 'S2')_t5_max: 713
	F28_('E1', 'S1')_t3_min: 562
	F11_('S1', 'E1')_t3_min: 3040
	F54_('S3', 'S4')_t5_min: 62239
	F12_('E4', 'S4')_tb: 2414
	F10_('S4', 'S3')_tb: 27209
	F58_('S5', 'S4')_tb: 472
	F24_('E3', 'S3')_t3_min: 388
	F56_('S3', 'S2')_t3_max: 3215
	F40_('S2', 'S3')_t5_min: 25692
	F44_('S1', 'S2')_t5_min: 92745
	F21_('E2', 'S2')_t5_max: 125775
	F21_('E2', 'S2')_t4_min: 125747
	F16_('S4', 'S5')_t3_min: 34680
	F53_('E4', 'S4')_tb: 5477
	F10_('E5', 'S5')_t5_min: 27154
	F34_('S2', 'S3')_t3_min: 299
	F47_('E2', 'S2')_tb: 40802
	F30_('E1', 'S1')_t5_max: 50416
	F57_('S3', 'S2')_tb: 110
	F4_('S3', 'S2')_t3_max: 1540
	F18_('S2', 'S1')_tb: 120235
	('S5', 'E5')_gcl_length: 50
	F16_('S4', 'S5')_t5_min: 34796
	F14_('E5', 'S5')_t4_max: 30871
	F14_('S4', 'S3')_t3_max: 30917
	F28_('S1', 'S2')_t5_min: 584
	F34_('S4', 'E4')_tb: 568
	F14_('S5', 'S4')_t3_min: 30889
	F53_('S3', 'E3')_t4_max: 5869
	F39_('S4', 'E4')_t3_min: 108889
	F28_('E1', 'S1')_t4_max: 562
	F37_('E3', 'S3')_t4_min: 14862
	F18_('S2', 'S1')_t5_min: 120253
	F38_('S2', 'S1')_t3_min: 62642
	F0_('S5', 'E5')_t3_max: 124070
	F18_('E2', 'S2')_tb: 120215
	F14_('S3', 'S2')_t3_min: 30935
	F8_('S4', 'S5')_t5_min: 15823
	F2_('S2', 'S1')_t5_max: 558
	F46_('E2', 'S2')_t5_min: 29614
	F26_('S4', 'S3')_t5_max: 13498
	F16_('E3', 'S3')_t3_min: 34449
	F47_('S2', 'S3')_tb: 40879
	F25_('E3', 'S3')_tb: 2761
	F48_('E1', 'S1')_tb: 23674
	('S1', 'S2')_gcl_length: 156
	F21_('S2', 'S1')_tb: 125777
	('S1', 'E1')_gcl_length: 42
	F34_('E2', 'S2')_tb: 234
	F32_('S3', 'E3')_tb: 195
	F47_('S3', 'S4')_t5_max: 41165
	F21_('E2', 'S2')_t4_max: 125747
	F20_('S3', 'S2')_t3_min: 7459
	F46_('S4', 'S5')_t3_min: 29992
	F43_('S4', 'S3')_t5_min: 218
	F59_('S3', 'S4')_t3_max: 1366
	F57_('S3', 'S2')_t5_min: 212
	F52_('S5', 'S4')_t3_min: 23798
	F22_('S2', 'S3')_tb: 731
	F23_('S3', 'S2')_t5_min: 1194
	F33_('S5', 'E5')_t3_min: 14944
	F56_('S3', 'S2')_tb: 3081
	F43_('S3', 'S2')_tb: 220
	F12_('S1', 'E1')_tb: 2942
	F3_('S1', 'S2')_t5_min: 1393
	F35_('S5', 'S4')_t5_max: 1121
	F23_('S2', 'S1')_t3_min: 1196
	F35_('S4', 'S3')_t5_max: 1316
	F37_('E3', 'S3')_t5_max: 14918
	F43_('S5', 'S4')_t3_min: 158
	F27_('E5', 'S5')_t5_min: 209
	F15_('E2', 'S2')_t5_min: 23912
	F48_('S2', 'E2')_t4_max: 23840
	F8_('S5', 'E5')_t5_min: 15999
	F55_('S2', 'E2')_t3_min: 17977
	F15_('S2', 'S1')_t3_min: 23914
	F28_('S3', 'S4')_t5_max: 747
	F2_('S1', 'E1')_t5_max: 678
	F4_('S2', 'E2')_t5_max: 1969
	F55_('E3', 'S3')_t5_max: 17922
	F19_('S1', 'S2')_t5_max: 12016
	F13_('E1', 'S1')_t5_max: 97426
	F24_('S2', 'S1')_t5_max: 935
	F26_('S4', 'S3')_tb: 13451
	F36_('E1', 'S1')_t4_min: 100376
	F1_('S2', 'S3')_tb: 26731
	('S2', 'S3')_gcl_length: 10
	F49_('S5', 'S4')_t5_min: 157
	F1_('S2', 'S3')_t5_max: 26962
	F51_('S5', 'E5')_t5_min: 3461
	F30_('S2', 'E2')_t5_max: 50730
	F38_('E4', 'S4')_t5_max: 62412
	F57_('S2', 'E2')_t5_min: 316
	F56_('E4', 'S4')_t4_min: 3029
	F43_('S4', 'S3')_tb: 194
	F28_('S2', 'S3')_t5_max: 730
	F54_('S3', 'S4')_t5_max: 62368
	F57_('E3', 'S3')_t4_min: 1
	F9_('E4', 'S4')_t4_min: 3491
	F33_('S5', 'E5')_t5_max: 15040
	F12_('S4', 'S3')_t3_min: 2479
	F8_('S4', 'S5')_t3_min: 15783
	F4_('S2', 'E2')_t4_max: 1882
	F25_('E3', 'S3')_t4_min: 2761
	F36_('S1', 'S2')_t3_min: 100411
	F15_('S2', 'S1')_tb: 23914
	F59_('S2', 'S3')_t5_max: 1359
	F33_('S3', 'S4')_t5_max: 14844
	F58_('S3', 'S2')_t3_min: 710
	F59_('S3', 'S4')_t5_max: 1460
	F6_('S5', 'E5')_t3_min: 29987
	F37_('S4', 'S5')_t3_min: 14983
	F22_('E2', 'S2')_t3_min: 711
	F6_('S5', 'E5')_tb: 29992
	F46_('S2', 'S3')_t5_max: 29864
	F36_('S2', 'E2')_t3_max: 100580
	F31_('E3', 'S3')_t4_min: 23837
	F3_('S2', 'E2')_tb: 1400
	F0_('E4', 'S4')_t3_min: 123738
	F37_('S5', 'E5')_t4_max: 15175
	F59_('S1', 'S2')_t5_min: 1129
	F54_('S5', 'E5')_t5_max: 62398
	F50_('E3', 'S3')_tb: 6576
	F23_('S1', 'E1')_t5_min: 1390
	F24_('S3', 'S2')_tb: 485
	F43_('S5', 'S4')_tb: 163
	F49_('S4', 'E4')_t5_max: 350
	F4_('E4', 'S4')_t4_min: 1228
	('S3', 'E3')_gcl_length: 68
	F47_('S4', 'E4')_t3_min: 41167
	F45_('S2', 'E2')_t5_min: 11592
	F14_('S2', 'E2')_t4_max: 31087
	F59_('S2', 'S3')_tb: 1265
	F48_('S2', 'E2')_t5_max: 23916
	F17_('S4', 'S5')_t5_min: 57705
	F15_('S2', 'S1')_t5_min: 23954
	F13_('E1', 'S1')_t3_min: 97343
	F42_('S2', 'E2')_t3_max: 4109
	F10_('E5', 'S5')_t5_max: 27154
	F16_('E3', 'S3')_t5_min: 34560
	F11_('E5', 'S5')_t5_min: 2483
	F51_('S4', 'S5')_tb: 3413
	F44_('E1', 'S1')_t3_min: 92686
	F50_('E3', 'S3')_t5_min: 6654
	F3_('S1', 'S2')_t3_min: 1304
	('E2', 'S2')_gcl_length: 0
	F26_('S2', 'E2')_t3_max: 13683
	F47_('S3', 'S4')_t3_min: 40956
	F59_('E1', 'S1')_t5_max: 1033
	F59_('S1', 'S2')_t5_max: 1258
	F27_('S4', 'S3')_t5_min: 413
	F48_('E1', 'S1')_t4_max: 23674
	F16_('S5', 'E5')_t5_max: 35038
	F10_('S3', 'E3')_t3_min: 27262
	F43_('S5', 'S4')_t5_min: 187
	F40_('S3', 'E3')_t5_min: 26060
	F6_('E4', 'S4')_t3_min: 29738
	F12_('S3', 'S2')_t5_min: 2612
	F37_('E3', 'S3')_tb: 14862
	F36_('E1', 'S1')_t3_min: 100376
	F58_('S3', 'S2')_t3_max: 973
	F52_('S4', 'E4')_tb: 24046
	F4_('S2', 'E2')_tb: 1495
	F3_('E1', 'S1')_t4_max: 1218
	F37_('S5', 'E5')_t3_max: 15175
	('S4', 'S5')_gcl_length: 30
	F42_('E4', 'S4')_t3_min: 3799
	F5_('S4', 'E4')_t4_max: 1450
	F42_('E4', 'S4')_t5_min: 3854
	F36_('S2', 'E2')_t5_max: 100737
	F9_('E4', 'S4')_t5_min: 3611
	F45_('S1', 'S2')_t3_min: 11400
	F12_('S4', 'S3')_t5_max: 2547
	F31_('E3', 'S3')_tb: 23837
	F28_('S3', 'S4')_tb: 737
	F42_('S3', 'S2')_t3_max: 4047
	F12_('S3', 'S2')_t3_max: 2554
	F1_('E2', 'S2')_t4_max: 26627
	F9_('S4', 'S3')_t5_max: 3738
	F9_('S4', 'S3')_t3_min: 3613
	F58_('S3', 'S2')_tb: 973
	F1_('S3', 'E3')_t3_min: 26835
	F43_('S1', 'E1')_t5_min: 430
	F46_('S4', 'S5')_t3_max: 29997
	F10_('S5', 'S4')_tb: 27156
	F17_('S2', 'S3')_t3_min: 57405
	('E4', 'S4')_gcl_length: 0
	F39_('S5', 'S4')_tb: 108792
	F18_('S1', 'E1')_t3_min: 120255
	F11_('S5', 'S4')_t5_min: 2587
	F38_('E4', 'S4')_t4_min: 62367
	F25_('S4', 'S5')_t5_min: 3037
	F48_('S1', 'S2')_tb: 23757
	F15_('S1', 'E1')_tb: 23956
	F6_('E4', 'S4')_tb: 29738
	F17_('E2', 'S2')_t3_min: 57349
	F17_('S5', 'E5')_t5_min: 57895
	F57_('S3', 'S2')_t3_min: 105
	F27_('S5', 'S4')_t3_min: 211
	F24_('S1', 'E1')_t4_max: 1066
	F33_('E3', 'S3')_t5_max: 14746
	F29_('S2', 'E2')_t4_max: 53778
	F38_('S2', 'S1')_t3_max: 62647
	F22_('E2', 'S2')_t4_min: 711
	F52_('S4', 'E4')_t4_max: 24046
	F41_('S1', 'E1')_t3_min: 1778
	F13_('S4', 'E4')_t4_max: 98075
	F34_('E2', 'S2')_t4_min: 234
	F14_('S2', 'E2')_t3_min: 30953
	F22_('S3', 'E3')_t5_min: 769
	F56_('S3', 'S2')_t5_min: 3105
	F21_('S1', 'E1')_t4_max: 126065
	F58_('S5', 'S4')_t5_max: 718
	F8_('S2', 'S3')_tb: 15436
	F10_('S5', 'S4')_t3_min: 27156
	F8_('S2', 'S3')_t3_min: 15436
	F39_('S4', 'E4')_tb: 108894
	F5_('S4', 'E4')_tb: 1192
	F22_('S3', 'E3')_t3_max: 885
	F47_('S2', 'S3')_t5_max: 41083
	F6_('S4', 'S5')_t5_min: 29985
	F30_('E1', 'S1')_t5_min: 50416
	F54_('S5', 'E5')_t5_min: 62398
	F17_('S2', 'S3')_t5_max: 57588
	F7_('E2', 'S2')_t4_min: 15269
	F37_('S4', 'S5')_t5_min: 15039
	F7_('S2', 'S1')_t5_max: 15564
	F1_('S2', 'S3')_t5_min: 26833
	F42_('S4', 'S3')_tb: 3856
	F15_('E2', 'S2')_t3_min: 23872
	F26_('S4', 'S3')_t3_min: 13317
	F46_('E2', 'S2')_t3_min: 29495
	F17_('S5', 'E5')_t3_min: 57707
	F0_('E4', 'S4')_tb: 123738
	F43_('S2', 'S1')_t5_min: 404
	F41_('S2', 'S1')_t3_min: 1765
	('E1', 'S1')_gcl_length: 0
	F17_('E2', 'S2')_tb: 57349
	F33_('E3', 'S3')_tb: 14655
	F53_('S4', 'S3')_t5_max: 5738
	F40_('S3', 'E3')_t3_max: 25957
	F28_('S4', 'E4')_t5_min: 759
	F32_('S4', 'S3')_t5_min: 59
	F18_('S1', 'E1')_t5_max: 120531
	F28_('S2', 'S3')_t3_max: 720
	F16_('E3', 'S3')_t4_min: 34449
	F7_('S1', 'E1')_t3_max: 15571
	F43_('S1', 'E1')_t3_max: 411
	F7_('E2', 'S2')_t5_max: 15351
	F29_('S4', 'S3')_t5_min: 53414
	F17_('S5', 'E5')_t5_max: 57895
	F54_('S4', 'S5')_t3_max: 62375
	F55_('S3', 'S2')_t5_max: 18104
	F27_('S3', 'E3')_t4_max: 544
	F34_('S4', 'E4')_t3_min: 434
	F19_('S2', 'E2')_tb: 12018
	F33_('S5', 'E5')_t3_max: 14949
	F24_('E3', 'S3')_t5_max: 483
	F26_('S4', 'S3')_t5_min: 13498
	F54_('E3', 'S3')_tb: 62221
	F46_('S5', 'E5')_t3_max: 30247
	F49_('S5', 'S4')_t3_min: 90
	F29_('S3', 'S2')_t5_min: 53647
	F59_('S4', 'E4')_t5_min: 1561
	F3_('S2', 'E2')_t3_min: 1395
	F15_('E2', 'S2')_t4_min: 23872
	F50_('S2', 'E2')_t3_max: 6746
	F59_('S1', 'S2')_tb: 1035
	F51_('S5', 'E5')_tb: 3438
	F34_('S2', 'S3')_tb: 304
	F45_('E1', 'S1')_t4_max: 11303
	F25_('S4', 'S5')_t3_min: 2857
	F8_('E1', 'S1')_tb: 15352
	F43_('E5', 'S5')_t3_min: 132
	F3_('E1', 'S1')_t3_min: 1218
	F4_('E4', 'S4')_t4_max: 1228
	F43_('S1', 'E1')_t5_max: 559
	F41_('S3', 'S2')_t5_min: 1763
	F2_('S1', 'E1')_t3_min: 560
	F15_('S1', 'E1')_t4_max: 24214
	F55_('S2', 'E2')_tb: 18111
	F43_('S1', 'E1')_t3_min: 406
	F11_('S4', 'S3')_tb: 2723
	F20_('S3', 'S2')_t3_max: 7464
	F58_('S4', 'S3')_tb: 591
	F59_('S2', 'S3')_t3_max: 1265
	F51_('E4', 'S4')_t4_max: 3388
	F24_('S1', 'E1')_t5_min: 774
	F27_('S4', 'S3')_tb: 380
	F45_('S1', 'S2')_t5_max: 11624
	F4_('S4', 'S3')_t5_max: 1533
	F44_('S2', 'S3')_t5_max: 92902
	F34_('E2', 'S2')_t5_max: 297
	F11_('S4', 'S3')_t5_max: 2825
	F25_('S4', 'S5')_t3_max: 2991
	F33_('E3', 'S3')_t4_min: 14655
	F17_('S5', 'E5')_t4_max: 57841
	F29_('E4', 'S4')_t5_max: 53315
	F12_('S2', 'S1')_t5_max: 2935
	F25_('S3', 'S4')_tb: 2809
	F43_('S3', 'S2')_t3_max: 225
	F58_('E5', 'S5')_t4_max: 353
	F47_('S3', 'S4')_tb: 41090
	F58_('S3', 'S2')_t5_max: 1090
	F4_('E4', 'S4')_t5_min: 1315
	F50_('E3', 'S3')_t4_max: 6576
	F40_('E1', 'S1')_tb: 25379
	F16_('S3', 'S4')_tb: 34567
	F59_('S3', 'S4')_t5_min: 1460
	F55_('S3', 'S2')_t3_min: 17924
	F11_('E5', 'S5')_t4_min: 2381
	F47_('S3', 'S4')_t5_min: 41165
	F46_('E2', 'S2')_t4_max: 29495
	F8_('E1', 'S1')_t5_min: 15392
	F26_('S2', 'E2')_t4_max: 13807
	F55_('E3', 'S3')_t3_min: 17871
	F58_('E5', 'S5')_tb: 353
	F19_('S1', 'S2')_t3_min: 11945
	F58_('S5', 'S4')_t3_min: 472
	F53_('E4', 'S4')_t4_max: 5477
	F28_('S2', 'S3')_t3_min: 586
	F26_('S3', 'S2')_t3_max: 13505
	F55_('S2', 'E2')_t3_max: 18111
	F15_('S1', 'E1')_t5_min: 23996
	F11_('E5', 'S5')_t5_max: 2483
	F34_('S2', 'S3')_t5_max: 367
	F16_('E3', 'S3')_t4_max: 34449
	F57_('S2', 'E2')_tb: 214
	F3_('E1', 'S1')_t4_min: 1218
	F56_('S2', 'E2')_t5_max: 3394
	F40_('S3', 'E3')_tb: 25957
	F55_('S2', 'E2')_t5_min: 18162
	F31_('S2', 'E2')_t4_max: 24175
	F40_('E1', 'S1')_t5_min: 25482
	F44_('E1', 'S1')_t4_min: 92686
	F28_('S3', 'S4')_t3_min: 732
	F16_('S5', 'E5')_t5_min: 34909
	F56_('S4', 'S3')_t5_max: 3208
	F1_('S3', 'E3')_t5_min: 26937
	F13_('E1', 'S1')_t5_min: 97426
	F42_('S2', 'E2')_tb: 4109
	F26_('S5', 'S4')_t3_min: 13268
	F4_('E4', 'S4')_t5_max: 1315
	F15_('S1', 'E1')_t5_max: 24254
	F56_('S4', 'S3')_tb: 3055
	F20_('S2', 'E2')_tb: 7485
	F31_('S2', 'E2')_t3_max: 24051
	F5_('E3', 'S3')_t3_min: 1166
	F5_('S4', 'E4')_t3_max: 1326
	F35_('E5', 'S5')_t5_min: 926
	F23_('S3', 'S2')_t3_min: 1098
	F43_('S2', 'S1')_t3_max: 380
	F43_('S2', 'S1')_t3_min: 246
	F41_('S2', 'S1')_t5_max: 1776
	F26_('E5', 'S5')_t4_max: 13219
	F2_('S1', 'E1')_t3_max: 565
	F36_('E1', 'S1')_t5_max: 100409
	F46_('E2', 'S2')_t5_max: 29614
	F44_('E1', 'S1')_t4_max: 92686
	F17_('S2', 'S3')_t5_min: 57459
	F9_('S3', 'E3')_t5_max: 3865
	F42_('S2', 'E2')_t5_min: 4164
	F17_('S4', 'S5')_t3_max: 57656
	F0_('S5', 'E5')_tb: 123936
	F48_('E1', 'S1')_t3_min: 23674
	F23_('S1', 'E1')_t5_max: 1777
	F45_('S2', 'E2')_tb: 11497
	F35_('S3', 'E3')_tb: 1323
	F49_('E5', 'S5')_t5_max: 88
	F0_('S5', 'E5')_t3_min: 123936
	F56_('E4', 'S4')_t5_max: 3053
	F28_('S4', 'E4')_t3_max: 754
	F5_('S4', 'E4')_t3_min: 1192
	F37_('S3', 'S4')_tb: 14925
	F33_('S3', 'S4')_tb: 14753
	F54_('S5', 'E5')_t3_max: 62390
	F42_('E4', 'S4')_tb: 3799
	F49_('S4', 'E4')_t3_min: 159
	F47_('E2', 'S2')_t5_max: 40877
	F46_('S2', 'S3')_t5_min: 29735
	F0_('S4', 'S5')_t3_min: 123837
	F14_('S3', 'S2')_t5_max: 31080
	F11_('S2', 'S1')_t5_min: 3038
	F15_('S2', 'S1')_t5_max: 24083
	F48_('S1', 'S2')_t5_min: 23833
	F40_('S1', 'S2')_tb: 25484
	F25_('S5', 'E5')_tb: 3044
	('E5', 'S5')_gcl_length: 0
	F56_('E4', 'S4')_tb: 3029
	F11_('S1', 'E1')_tb: 3174
	F5_('S3', 'S4')_t3_min: 1179
	F59_('E1', 'S1')_t4_min: 939
	F1_('S3', 'E3')_t4_max: 27093
	F11_('E5', 'S5')_t3_min: 2381
	F40_('S2', 'S3')_t3_max: 25723
	F13_('S3', 'S4')_t3_min: 97603
	F41_('E4', 'S4')_t3_min: 1731
	F26_('E5', 'S5')_t4_min: 13219
	F39_('E5', 'S5')_t4_min: 108690
	F20_('S2', 'E2')_t3_min: 7485
	('E3', 'S3')_gcl_length: 0
	F59_('E1', 'S1')_t5_min: 1033
	F47_('S4', 'E4')_tb: 41167
	F21_('S1', 'E1')_tb: 125807
	F48_('S1', 'S2')_t3_min: 23752
	F24_('S2', 'S1')_t5_min: 677
	F54_('S3', 'S4')_tb: 62231
	F43_('S3', 'S2')_t5_min: 244
	F33_('S5', 'E5')_t5_min: 15040
	F4_('S4', 'S3')_tb: 1317
	F46_('S5', 'E5')_t5_max: 30366
	F45_('S1', 'S2')_t5_min: 11495
	F41_('S2', 'S1')_t3_max: 1770
	F18_('E2', 'S2')_t4_max: 120215
	F11_('S4', 'S3')_t3_max: 2723
	F11_('S2', 'S1')_t5_max: 3167
	F14_('S5', 'S4')_t5_min: 30910
	F46_('S5', 'E5')_tb: 30247
	F38_('S1', 'E1')_t3_max: 62699
	F54_('S5', 'E5')_tb: 62390
	F22_('E2', 'S2')_t4_max: 711
	F44_('S3', 'E3')_t3_min: 92775
	F44_('S1', 'S2')_t5_max: 92745
	F34_('S4', 'E4')_t5_max: 631
	F43_('E5', 'S5')_t4_min: 132
	F53_('E4', 'S4')_t5_min: 5542
	F42_('S3', 'S2')_tb: 4047
	F1_('S3', 'E3')_tb: 26835
	F56_('S4', 'S3')_t5_min: 3079
	F51_('S4', 'S5')_t5_min: 3436
	F31_('S2', 'E2')_t5_min: 23955
	F44_('S2', 'S3')_t3_min: 92747
	F25_('S5', 'E5')_t4_max: 3044
	F42_('E4', 'S4')_t5_max: 3854
	F16_('S4', 'S5')_t3_max: 34685
	F19_('E1', 'S1')_t5_min: 11943
	F23_('E3', 'S3')_t4_max: 1000
	F27_('S3', 'E3')_t5_min: 448
	F46_('S4', 'S5')_t5_max: 30240
	F8_('S4', 'S5')_t3_max: 15788
	F38_('S4', 'S3')_t5_min: 62459
	F38_('E4', 'S4')_tb: 62367
	F21_('E2', 'S2')_tb: 125747
	F28_('S3', 'S4')_t5_min: 747
	F18_('E2', 'S2')_t3_min: 120215
	F43_('S1', 'E1')_t4_max: 535
	F36_('S1', 'S2')_t5_max: 100573
	F45_('S2', 'E2')_t3_max: 11631
	F19_('S2', 'E2')_t4_max: 12147
	F0_('S5', 'E5')_t5_max: 124291
	F29_('S3', 'S2')_t3_min: 53416
	F34_('E2', 'S2')_t5_min: 297
	F24_('E3', 'S3')_t4_max: 388
	F11_('S1', 'E1')_t5_max: 3276
	F48_('S2', 'E2')_t3_min: 23835
	F21_('S1', 'E1')_t3_min: 125807
	F30_('S2', 'E2')_tb: 50446
	F44_('S3', 'E3')_t3_max: 92909
	F20_('E4', 'S4')_t4_min: 7412
	F17_('E2', 'S2')_t5_max: 57403
	F17_('S3', 'S4')_t3_min: 57461
	F25_('E3', 'S3')_t4_max: 2761
	F50_('S3', 'S2')_t5_max: 6739
	F42_('S3', 'S2')_t5_min: 4102
	F26_('S3', 'S2')_t5_min: 13547
	F37_('S5', 'E5')_t5_min: 15231
	F0_('E4', 'S4')_t5_max: 123835
	F10_('S4', 'S3')_t5_max: 27518
	F59_('E1', 'S1')_t3_min: 939
	F23_('E3', 'S3')_t5_min: 1096
	F56_('E4', 'S4')_t4_max: 3029
	F41_('S1', 'E1')_t4_max: 1783
	F18_('E2', 'S2')_t5_max: 120233
	F31_('S2', 'E2')_t3_min: 23917
	F1_('S3', 'E3')_t5_max: 27195
	F24_('E3', 'S3')_tb: 388
	F1_('E2', 'S2')_t4_min: 26627
	F54_('E3', 'S3')_t5_min: 62229
	F35_('S3', 'E3')_t3_max: 1323
	F30_('E1', 'S1')_t4_max: 50390
	F32_('S3', 'E3')_t3_min: 61
	F3_('S1', 'S2')_tb: 1309
	F8_('E1', 'S1')_t3_min: 15352
	F43_('S3', 'S2')_t3_min: 220
	F44_('E1', 'S1')_t5_max: 92712
	F11_('E5', 'S5')_t4_max: 2381
	F54_('S4', 'S5')_t3_min: 62241
	F42_('S3', 'S2')_t3_min: 3913
	F23_('E3', 'S3')_t5_max: 1096
	F33_('S4', 'S5')_t3_max: 14851
	F5_('S4', 'E4')_t5_max: 1461
	('S4', 'S3')_gcl_length: 116
	F31_('S3', 'S2')_t5_min: 23915
	F24_('S1', 'E1')_t3_min: 679
	F2_('E2', 'S2')_t5_max: 438
	F55_('S3', 'S2')_tb: 17924
	F46_('S3', 'S4')_t3_min: 29737
	F6_('E4', 'S4')_t4_max: 29738
	F43_('E5', 'S5')_tb: 132
	F29_('S2', 'E2')_tb: 53649
	F49_('E5', 'S5')_t4_min: 26
	F23_('S1', 'E1')_tb: 1294
	F41_('S3', 'S2')_t5_max: 1763
	F36_('E1', 'S1')_t5_min: 100409
	F55_('E3', 'S3')_tb: 17871
	F8_('S4', 'S5')_tb: 15783
	F58_('S4', 'S3')_t5_min: 708
	F57_('E3', 'S3')_t4_max: 1
	F12_('S1', 'E1')_t3_max: 2942
	F3_('E1', 'S1')_t5_min: 1302
	F42_('E4', 'S4')_t4_max: 3799
	F4_('S3', 'S2')_t5_min: 1493
	F26_('E5', 'S5')_t5_min: 13266
	F28_('E1', 'S1')_t5_min: 572
	F16_('S3', 'S4')_t5_max: 34678
	F13_('S4', 'E4')_t3_max: 97951
	F12_('E4', 'S4')_t5_min: 2477
	F12_('S1', 'E1')_t3_min: 2679
	F50_('S3', 'S2')_t5_min: 6739
	F14_('S4', 'S3')_t3_min: 30912
	F56_('S3', 'S2')_t5_max: 3363
	F31_('E3', 'S3')_t5_max: 23875
	F10_('S4', 'S3')_t3_max: 27343
	F28_('S4', 'E4')_tb: 749
	F33_('S5', 'E5')_tb: 14949
	F3_('E1', 'S1')_tb: 1218
	F41_('S4', 'S3')_t5_min: 1750
	F21_('S1', 'E1')_t5_min: 125835
	F59_('S1', 'S2')_t3_min: 1035
	F14_('S2', 'E2')_t3_max: 31087
	F57_('E3', 'S3')_tb: 1
	F0_('S4', 'S5')_t5_min: 123934
	F43_('S4', 'S3')_t3_min: 189
	F3_('S2', 'E2')_t3_max: 1400
	F2_('S2', 'S1')_t5_min: 558
	F7_('E2', 'S2')_t4_max: 15269
	F39_('S5', 'S4')_t3_min: 108787
	F7_('E2', 'S2')_t5_min: 15351
	F9_('E4', 'S4')_t4_max: 3491
	F26_('S3', 'S2')_t3_min: 13500
	F46_('E2', 'S2')_t4_min: 29495
	F44_('S3', 'E3')_t5_max: 93059
	F26_('S2', 'E2')_t3_min: 13549
	F8_('S3', 'S4')_t5_max: 15781
	F20_('S3', 'S2')_t5_min: 7483
	F26_('S3', 'S2')_t5_max: 13676
	F14_('E5', 'S5')_t5_min: 30887
	F12_('S2', 'S1')_t3_min: 2614
	F44_('E1', 'S1')_tb: 92686
	F39_('E5', 'S5')_t5_min: 108785
	F25_('S5', 'E5')_t3_max: 3044
	F7_('S1', 'E1')_t3_min: 15437
	F57_('S2', 'E2')_t4_max: 343
	F52_('S5', 'S4')_tb: 23798
	F58_('S2', 'E2')_t3_min: 1092
	F10_('E5', 'S5')_t4_max: 27103
	F34_('S3', 'S4')_t3_max: 374
	F50_('S2', 'E2')_t3_min: 6741
	F33_('S4', 'S5')_t3_min: 14846
	F22_('E2', 'S2')_tb: 711
	F32_('S3', 'E3')_t5_max: 213
	F3_('S2', 'E2')_t4_max: 1400
	F39_('S4', 'E4')_t5_min: 108989
	F48_('S2', 'E2')_tb: 23840
	F16_('S4', 'S5')_tb: 34685
	F46_('E2', 'S2')_tb: 29495
	F35_('E5', 'S5')_tb: 862
	F26_('E5', 'S5')_tb: 13219
	F25_('S5', 'E5')_t3_min: 3039
	F8_('S1', 'S2')_t5_min: 15434
	F59_('S3', 'S4')_t3_min: 1361
	F23_('S3', 'S2')_t5_max: 1323
	F38_('S1', 'E1')_tb: 62694
	F17_('S5', 'E5')_tb: 57841
	F37_('S5', 'E5')_t3_min: 15041
	F41_('S1', 'E1')_t5_max: 1789
	F5_('E3', 'S3')_t4_max: 1166
	F13_('S2', 'S3')_t3_max: 97523
	F18_('S1', 'E1')_t3_max: 120389
	F38_('S4', 'S3')_t5_max: 62588
	F41_('S3', 'S2')_t3_min: 1752
	F29_('S4', 'S3')_t5_max: 53543
	F26_('S2', 'E2')_t5_min: 13596
	F12_('S1', 'E1')_t5_min: 3005
	F56_('E4', 'S4')_t3_min: 3029
	F49_('E5', 'S5')_t3_min: 26
	F39_('S4', 'E4')_t4_max: 108894
	F1_('S2', 'S3')_t3_min: 26731
	F41_('S4', 'S3')_t3_min: 1739
	F9_('S3', 'E3')_t3_max: 3745
	F30_('S1', 'S2')_t5_max: 50573
	F57_('E3', 'S3')_t5_min: 103
	F44_('S2', 'S3')_t3_max: 92752
	F19_('E1', 'S1')_t4_min: 11877
	F13_('S3', 'S4')_t5_min: 97686
	F58_('S4', 'S3')_t5_max: 966
	F29_('S3', 'S2')_t3_max: 53550
	F14_('S3', 'S2')_t5_min: 30951
	F32_('E4', 'S4')_t5_max: 39
	F28_('E1', 'S1')_t4_min: 562
	F2_('E2', 'S2')_t3_min: 325
	F51_('S5', 'E5')_t3_min: 3438
	F13_('S1', 'S2')_t5_min: 97516
	F8_('S1', 'S2')_tb: 15394
	F30_('S2', 'E2')_t5_min: 50472
	F27_('E5', 'S5')_t4_max: 176
	F38_('S4', 'S3')_t3_min: 62414
	F42_('E4', 'S4')_t4_min: 3799
	F24_('S2', 'S1')_t3_max: 716
	F6_('E4', 'S4')_t5_min: 29858
	F53_('S3', 'E3')_t5_max: 5934
	F25_('S4', 'S5')_tb: 2991
	F11_('S5', 'S4')_tb: 2485
	F57_('S2', 'E2')_t3_max: 219
	F41_('S2', 'S1')_t5_min: 1776
	F25_('S5', 'E5')_t5_max: 3090
	F17_('S4', 'S5')_t3_min: 57651
	F30_('S1', 'S2')_t3_min: 50418
	F13_('S4', 'E4')_t5_max: 98158
	F4_('S4', 'S3')_t5_min: 1404
	F8_('S3', 'S4')_t3_min: 15478
	F16_('S3', 'S4')_t5_min: 34678
	F57_('E3', 'S3')_t3_min: 1
	F9_('S3', 'E3')_t3_min: 3740
	F43_('S5', 'S4')_t5_max: 187
	F5_('S3', 'S4')_tb: 1179
	F36_('S2', 'E2')_t4_max: 100704
	F37_('E3', 'S3')_t5_min: 14918
	F21_('S2', 'S1')_t5_min: 125805
	F57_('S3', 'S2')_t5_max: 212
	F39_('S4', 'E4')_t3_max: 108894
	F44_('S2', 'S3')_tb: 92747
	F52_('S4', 'E4')_t3_min: 23912
	F41_('S2', 'S1')_tb: 1770
	F20_('S3', 'S2')_tb: 7464
	F13_('S4', 'E4')_tb: 97688
	F9_('E4', 'S4')_t3_min: 3491
	F54_('S5', 'E5')_t3_min: 62385
	F55_('S2', 'E2')_t4_max: 18111
	F36_('S1', 'S2')_t5_min: 100444
	F4_('S2', 'E2')_t3_min: 1495
	F8_('S5', 'E5')_t4_max: 15959
	F53_('S4', 'S3')_tb: 5544
	F37_('E3', 'S3')_t3_min: 14862
	F23_('S2', 'S1')_t5_min: 1292
	F41_('E4', 'S4')_t5_max: 1737
	F28_('S4', 'E4')_t4_max: 878
	F19_('S2', 'E2')_t5_min: 12084
	F8_('S4', 'S5')_t5_max: 15952
	F33_('E3', 'S3')_t4_max: 14655
	F14_('S2', 'E2')_t5_max: 31103
	F28_('S3', 'S4')_t3_max: 737
	F5_('E3', 'S3')_t5_max: 1177
	F34_('S4', 'E4')_t4_max: 568
	F9_('S3', 'E3')_t5_min: 3865
	F43_('E5', 'S5')_t5_min: 156
	F35_('S4', 'S3')_t5_min: 1058
	F33_('S5', 'E5')_t4_max: 14949
	F25_('S3', 'S4')_t3_min: 2809
	F35_('E5', 'S5')_t4_max: 862
	F58_('S4', 'S3')_t3_min: 591
	F55_('E3', 'S3')_t4_min: 17871
	F21_('E2', 'S2')_t5_min: 125775
	F32_('E4', 'S4')_t5_min: 39
	F39_('S5', 'S4')_t5_max: 108887
	F32_('E4', 'S4')_t4_min: 21
	F9_('E4', 'S4')_tb: 3491
	F47_('E2', 'S2')_t5_min: 40877
	F44_('S3', 'E3')_tb: 92775
	F10_('S3', 'E3')_t4_max: 27525
	F40_('E1', 'S1')_t3_min: 25379
	F38_('S2', 'S1')_tb: 62647
	F26_('S4', 'S3')_t3_max: 13451
	F36_('E1', 'S1')_t4_max: 100376
	F27_('S3', 'E3')_t3_min: 415
	F39_('E5', 'S5')_t5_max: 108785
	F38_('S4', 'S3')_tb: 62414
	F26_('S3', 'S2')_tb: 13500
	F5_('E3', 'S3')_tb: 1166
	F43_('S4', 'S3')_t3_max: 194
	F31_('S3', 'S2')_t5_max: 24044
	F11_('S2', 'S1')_t3_min: 2936
	F10_('S3', 'E3')_t3_max: 27525
	F8_('S5', 'E5')_t5_max: 15999
	F38_('E4', 'S4')_t4_max: 62367
	F43_('S1', 'E1')_tb: 406
	F24_('S2', 'S1')_tb: 582
	F42_('S2', 'E2')_t4_max: 4109
	F4_('S3', 'S2')_t3_min: 1406
	F11_('S2', 'S1')_t3_max: 2941
	F36_('S2', 'E2')_t3_min: 100446
	F41_('S3', 'S2')_t3_max: 1757
	F16_('E3', 'S3')_t5_max: 34560
	F33_('S3', 'S4')_t3_min: 14748
	F22_('S3', 'E3')_t3_min: 751
	F54_('E3', 'S3')_t4_min: 62221
	F40_('S3', 'E3')_t4_max: 25957
	F32_('S4', 'S3')_t5_max: 188
	F34_('S2', 'S3')_t5_min: 367
	F3_('S1', 'S2')_t5_max: 1393
	F52_('E5', 'S5')_tb: 23684
	F56_('S4', 'S3')_t3_min: 3055
	F39_('E5', 'S5')_t4_max: 108690
	F0_('E4', 'S4')_t4_max: 123738
	F13_('S1', 'S2')_tb: 97433
	F12_('S2', 'S1')_t5_min: 2677
	F6_('E4', 'S4')_t4_min: 29738
	F40_('E1', 'S1')_t5_max: 25482
	F11_('E5', 'S5')_tb: 2381
	F20_('S2', 'E2')_t4_max: 7614
	F47_('S2', 'S3')_t5_min: 40954
	F44_('S1', 'S2')_t3_min: 92714
	F36_('E1', 'S1')_tb: 100376
	F13_('E1', 'S1')_t4_max: 97343
	F6_('S5', 'E5')_t5_max: 30112
	F9_('S4', 'S3')_t5_min: 3738
	F4_('S2', 'E2')_t5_min: 1582
	F59_('S3', 'S4')_tb: 1366
	F33_('E3', 'S3')_t5_min: 14746
	F59_('S4', 'E4')_t3_min: 1462
	F23_('S2', 'S1')_t5_max: 1550
	F14_('S3', 'S2')_t3_max: 30940
	F49_('E5', 'S5')_t4_max: 26
	F29_('E4', 'S4')_t4_min: 53218
	F8_('E1', 'S1')_t4_max: 15352
	F32_('E4', 'S4')_tb: 21
	F45_('E1', 'S1')_t3_min: 11303
	F2_('S2', 'S1')_t3_min: 440
	F6_('S5', 'E5')_t3_max: 29992
	F32_('E4', 'S4')_t3_min: 21
	F53_('E4', 'S4')_t3_min: 5477
	F34_('S3', 'S4')_tb: 369
	F32_('S3', 'E3')_t5_min: 213
	F21_('S1', 'E1')_t3_max: 125941
	F58_('S2', 'E2')_t5_min: 1214
	F1_('E2', 'S2')_t5_max: 26729
	F58_('S2', 'E2')_t5_max: 1214
	F57_('S2', 'E2')_t3_min: 214
	F47_('E2', 'S2')_t4_min: 40802
	('S2', 'S1')_gcl_length: 134
	F51_('S4', 'S5')_t5_max: 3565
	F50_('S2', 'E2')_t5_min: 6824
	F26_('E5', 'S5')_t5_max: 13266
	F11_('S4', 'S3')_t5_min: 2825
	F8_('S2', 'S3')_t5_min: 15476
	F14_('S3', 'S2')_tb: 30935
	F38_('S2', 'S1')_t5_min: 62692
	F22_('E2', 'S2')_t5_max: 729
	F39_('S5', 'S4')_t5_min: 108887
	F56_('S2', 'E2')_tb: 3370
	F45_('S2', 'E2')_t3_min: 11497
	F39_('E5', 'S5')_tb: 108690
	F58_('E5', 'S5')_t5_min: 470
	F43_('E5', 'S5')_t5_max: 156
	F38_('E4', 'S4')_t5_min: 62412
	F13_('S3', 'S4')_t5_max: 97944
	F16_('S5', 'E5')_t3_max: 34803
	F11_('S3', 'S2')_tb: 2832
	F25_('S3', 'S4')_t5_min: 2855
	F20_('E4', 'S4')_t3_min: 7412
	F56_('S2', 'E2')_t5_min: 3394
	F24_('E3', 'S3')_t5_min: 483
	F13_('S1', 'S2')_t3_min: 97428
	F8_('S5', 'E5')_t3_max: 15959
	F50_('S3', 'S2')_t3_min: 6656
	F22_('S3', 'E3')_t5_max: 1027
	F8_('E1', 'S1')_t5_max: 15392
	F51_('S4', 'S5')_t3_min: 3413
	F24_('S2', 'S1')_t3_min: 582
	F17_('S4', 'S5')_tb: 57651
	F48_('E1', 'S1')_t5_max: 23750
	F4_('E4', 'S4')_t3_min: 1228
	F58_('S2', 'E2')_tb: 1097
	F51_('E4', 'S4')_t3_min: 3388
	F30_('S2', 'E2')_t3_max: 50580
	F17_('S3', 'S4')_tb: 57595
	F34_('S4', 'E4')_t3_max: 568
	F36_('S2', 'E2')_tb: 100446
	F58_('S2', 'E2')_t4_max: 1097
	F26_('S5', 'S4')_tb: 13268
	F20_('E4', 'S4')_t4_max: 7412
	F31_('S3', 'S2')_tb: 23877
	F26_('S5', 'S4')_t5_max: 13444
	F24_('S1', 'E1')_t3_max: 942
	F44_('S3', 'E3')_t4_max: 93033
	F54_('E3', 'S3')_t4_max: 62221
	F49_('E5', 'S5')_tb: 26
	F17_('E2', 'S2')_t4_max: 57349
	F13_('S3', 'S4')_t3_max: 97737
	F6_('S4', 'S5')_t5_max: 29985
	F8_('S5', 'E5')_t3_min: 15825
	F48_('S2', 'E2')_t5_min: 23916
	F44_('S1', 'S2')_tb: 92719
	F37_('E3', 'S3')_t4_max: 14862
	F49_('E5', 'S5')_t5_min: 88
	F41_('S1', 'E1')_tb: 1783
	F35_('S4', 'S3')_tb: 994
	F24_('S1', 'E1')_tb: 679
	F8_('S1', 'S2')_t3_min: 15394
	F20_('S4', 'S3')_tb: 7438
	F14_('S5', 'S4')_tb: 30894
	F4_('S3', 'S2')_tb: 1406
	F50_('E3', 'S3')_t3_min: 6576
	F27_('E5', 'S5')_t5_max: 209
	F0_('S5', 'E5')_t4_max: 124194
	F31_('S3', 'S2')_t3_min: 23877
	F13_('S2', 'S3')_t5_min: 97601
	F43_('S2', 'S1')_tb: 380
	F56_('S2', 'E2')_t3_max: 3370
	F38_('S2', 'S1')_t5_max: 62692
	F10_('S5', 'S4')_t5_max: 27336
	F14_('S5', 'S4')_t5_max: 30910
	F13_('S4', 'E4')_t5_min: 97771
	F53_('E4', 'S4')_t5_max: 5542
	F23_('E3', 'S3')_t4_min: 1000
	F16_('S5', 'E5')_t4_max: 34927
	F52_('E5', 'S5')_t5_min: 23796
	F24_('S3', 'S2')_t5_max: 709
	F28_('S2', 'S3')_tb: 720
	F9_('S4', 'S3')_tb: 3618
	F52_('E5', 'S5')_t4_max: 23684
	F8_('S2', 'S3')_t3_max: 15570
	F21_('E2', 'S2')_t3_min: 125747
	F47_('S2', 'S3')_t3_min: 40879
	F8_('S5', 'E5')_tb: 15959
	F18_('S1', 'E1')_t5_min: 120273
	F49_('S4', 'E4')_t4_max: 288
	F55_('E3', 'S3')_t4_max: 17871
	F0_('E4', 'S4')_t4_min: 123738
	F12_('S2', 'S1')_tb: 2614
	F20_('S3', 'S2')_t5_max: 7483
	F7_('E2', 'S2')_tb: 15269
	('S2', 'E2')_gcl_length: 82
	F7_('S1', 'E1')_tb: 15437
	F59_('E1', 'S1')_tb: 939
	F46_('S4', 'S5')_tb: 29992
	F6_('S5', 'E5')_t5_min: 30112
	F33_('S4', 'S5')_tb: 14851
	F23_('E3', 'S3')_t3_min: 1000
	F3_('S2', 'E2')_t5_max: 1484
	F30_('S1', 'S2')_tb: 50418
	F35_('E5', 'S5')_t3_min: 862
	F29_('S3', 'S2')_t5_max: 53647
	F5_('S3', 'S4')_t5_min: 1190
	F41_('E4', 'S4')_t4_min: 1731
	F27_('S4', 'S3')_t3_max: 380
	F24_('S1', 'E1')_t5_max: 1161
	F32_('S4', 'S3')_t3_min: 41
	F2_('S1', 'E1')_t4_max: 565
	F27_('S5', 'S4')_t5_min: 244
	F18_('S2', 'S1')_t5_max: 120382
	F11_('S1', 'E1')_t3_max: 3174
	F5_('E3', 'S3')_t4_min: 1166
	F2_('S1', 'E1')_t5_min: 678
	F51_('E4', 'S4')_t4_min: 3388
	F46_('S2', 'S3')_t3_min: 29616
	F22_('S2', 'S3')_t3_min: 731
	F55_('S2', 'E2')_t5_max: 18162
	F27_('S5', 'S4')_tb: 211
	F54_('S3', 'S4')_t3_min: 62231
	F25_('S3', 'S4')_t5_max: 2984
	F13_('S4', 'E4')_t3_min: 97688
	F12_('S3', 'S2')_tb: 2549
	F20_('S2', 'E2')_t5_min: 7504
	F50_('E3', 'S3')_t5_max: 6654
	F19_('S2', 'E2')_t5_max: 12213
	F26_('S2', 'E2')_tb: 13549
	F19_('E1', 'S1')_tb: 11877
	F40_('S2', 'S3')_t3_min: 25589
	F52_('E5', 'S5')_t4_min: 23684
	F38_('S1', 'E1')_t4_max: 62823
	F37_('S3', 'S4')_t5_max: 14981
	F12_('S1', 'E1')_t5_max: 3005
	F28_('S1', 'S2')_t3_min: 574
	F34_('E2', 'S2')_t4_max: 234
	F7_('S2', 'S1')_t3_min: 15353
	F29_('S2', 'E2')_t5_max: 53875
	F40_('S1', 'S2')_t5_max: 25716
	F35_('E5', 'S5')_t5_max: 926
	F17_('S3', 'S4')_t5_max: 57649
	F41_('S4', 'S3')_t5_max: 1750
	F29_('E4', 'S4')_t4_max: 53218
	F18_('S1', 'E1')_t4_max: 120513
	F49_('S5', 'S4')_t5_max: 157
	F23_('S3', 'S2')_tb: 1098
	F47_('E2', 'S2')_t3_min: 40802
	F28_('E1', 'S1')_t5_max: 572
	F51_('E4', 'S4')_t5_max: 3411
	F4_('S3', 'S2')_t5_max: 1751
	F1_('E2', 'S2')_t3_min: 26627
	F42_('S2', 'E2')_t5_max: 4164
	F13_('S2', 'S3')_t5_max: 97730
	F7_('S2', 'S1')_tb: 15353
	F32_('E4', 'S4')_t4_max: 21
	F54_('S4', 'S5')_tb: 62375
	F38_('S3', 'S2')_t5_max: 62640
	F5_('S4', 'E4')_t5_min: 1203
	F37_('S4', 'S5')_tb: 14983
	F44_('E1', 'S1')_t5_min: 92712
	F30_('S1', 'S2')_t5_min: 50444
	F28_('S4', 'E4')_t3_min: 749
	F35_('S3', 'E3')_t5_max: 1387
	F11_('S1', 'E1')_t5_min: 3276
	F8_('S3', 'S4')_t3_max: 15741
	F7_('S1', 'E1')_t4_max: 15695
	F39_('E5', 'S5')_t3_min: 108690
	F3_('S2', 'E2')_t5_min: 1484
	F30_('E1', 'S1')_t4_min: 50390
	F11_('S3', 'S2')_t3_min: 2827
	F2_('E2', 'S2')_t4_min: 325
	F37_('S3', 'S4')_t3_min: 14920
	F4_('E4', 'S4')_tb: 1228
	F51_('E4', 'S4')_t5_min: 3411
	F50_('S2', 'E2')_t4_max: 6746
	F38_('S3', 'S2')_tb: 62595
	F47_('S4', 'E4')_t5_min: 41242
	F11_('S4', 'S3')_t3_min: 2589
	F48_('E1', 'S1')_t4_min: 23674
	F44_('S2', 'S3')_t5_min: 92773
	F18_('E2', 'S2')_t4_min: 120215
	F10_('S5', 'S4')_t5_min: 27207
	F54_('S5', 'E5')_t4_max: 62390
	F34_('E2', 'S2')_t3_min: 234
	F46_('S3', 'S4')_t5_min: 29990
	F37_('S5', 'E5')_t5_max: 15231
	F23_('S1', 'E1')_t4_max: 1681
	F16_('S5', 'E5')_t3_min: 34798
	F21_('S1', 'E1')_t5_max: 126093
	F56_('S3', 'S2')_t3_min: 3081
	F9_('S3', 'E3')_tb: 3745
	F6_('S5', 'E5')_t4_max: 29992
	F25_('E3', 'S3')_t5_min: 2807
	F54_('S4', 'S5')_t5_min: 62383
	F40_('S2', 'S3')_t5_max: 25950
	F15_('S1', 'E1')_t3_max: 24090
	F34_('S3', 'S4')_t5_min: 432
	F12_('S3', 'S2')_t5_max: 2741
	F57_('E3', 'S3')_t5_max: 103
	F29_('E4', 'S4')_tb: 53218
	F58_('S3', 'S2')_t5_min: 1090
	F34_('S3', 'S4')_t5_max: 561
	F57_('S2', 'E2')_t5_max: 445
	F10_('S4', 'S3')_t3_min: 27209
	F8_('S3', 'S4')_t5_min: 15781
	F27_('S3', 'E3')_t5_max: 577
	F27_('S3', 'E3')_tb: 415
	F20_('E4', 'S4')_t5_min: 7431
