0. Flow F0 [E2-->E1] with period 32000, payload 1247B, e2e delay 32000us, jitter 3200us
	('E2', 'S2'), Operation(21166, None, 21266)(21166, 21166)
	('S2', 'S1'), Operation(21268, None, 21497)(21268, 21397)
	('S1', 'E1'), Operation(21370, None, 21728)(21370, 21628)
1. Flow F1 [E2-->E3] with period 128000, payload 834B, e2e delay 128000us, jitter 12800us
	('E2', 'S2'), Operation(40295, None, 40362)(40295, 40295)
	('S2', 'S3'), Operation(40364, None, 40560)(40364, 40493)
	('S3', 'E3'), Operation(40433, None, 40758)(40433, 40691)
2. Flow F2 [E4-->E2] with period 64000, payload 325B, e2e delay 64000us, jitter 6400us
	('E4', 'S4'), Operation(63481, None, 63507)(63481, 63481)
	('S4', 'S3'), Operation(63509, None, 63664)(63509, 63638)
	('S3', 'S2'), Operation(63537, None, 63821)(63537, 63795)
	('S2', 'E2'), Operation(63565, None, 63978)(63565, 63952)
3. Flow F3 [E2-->E4] with period 2000, payload 1032B, e2e delay 2000us, jitter 200us
	('E2', 'S2'), Operation(1082, None, 1165)(1082, 1082)
	('S2', 'S3'), Operation(1167, 1172, 1255)(1172, 1172)
	('S3', 'S4'), Operation(1257, 1262, 1345)(1262, 1262)
	('S4', 'E4'), Operation(1347, 1352, 1435)(1352, 1352)
4. Flow F4 [E2-->E5] with period 32000, payload 1383B, e2e delay 32000us, jitter 3200us
	('E2', 'S2'), Operation(504, None, 615)(504, 504)
	('S2', 'S3'), Operation(617, 622, 733)(622, 622)
	('S3', 'S4'), Operation(735, 740, 851)(740, 740)
	('S4', 'S5'), Operation(853, 858, 969)(858, 858)
	('S5', 'E5'), Operation(971, 976, 1087)(976, 976)
5. Flow F5 [E1-->E3] with period 64000, payload 1223B, e2e delay 64000us, jitter 6400us
	('E1', 'S1'), Operation(59511, None, 59609)(59511, 59511)
	('S1', 'S2'), Operation(59611, None, 59838)(59611, 59740)
	('S2', 'S3'), Operation(59711, None, 60067)(59711, 59969)
	('S3', 'E3'), Operation(59811, None, 60296)(59811, 60198)
6. Flow F6 [E3-->E5] with period 8000, payload 569B, e2e delay 8000us, jitter 800us
	('E3', 'S3'), Operation(4985, None, 5031)(4985, 4985)
	('S3', 'S4'), Operation(5033, None, 5208)(5033, 5162)
	('S4', 'S5'), Operation(5081, 5215, 5261)(5215, 5215)
	('S5', 'E5'), Operation(5263, None, 5438)(5263, 5392)
7. Flow F7 [E1-->E5] with period 8000, payload 541B, e2e delay 8000us, jitter 800us
	('E1', 'S1'), Operation(4708, None, 4752)(4708, 4708)
	('S1', 'S2'), Operation(4754, 4759, 4803)(4759, 4759)
	('S2', 'S3'), Operation(4805, 4810, 4854)(4810, 4810)
	('S3', 'S4'), Operation(4856, 4861, 4905)(4861, 4861)
	('S4', 'S5'), Operation(4907, None, 5080)(4907, 5036)
	('S5', 'E5'), Operation(4953, None, 5255)(4953, 5211)
8. Flow F8 [E5-->E1] with period 8000, payload 809B, e2e delay 8000us, jitter 800us
	('E5', 'S5'), Operation(7022, None, 7087)(7022, 7022)
	('S5', 'S4'), Operation(7089, None, 7283)(7089, 7218)
	('S4', 'S3'), Operation(7156, 7290, 7355)(7290, 7290)
	('S3', 'S2'), Operation(7357, 7362, 7427)(7362, 7362)
	('S2', 'S1'), Operation(7429, 7434, 7499)(7434, 7434)
	('S1', 'E1'), Operation(7501, None, 7695)(7501, 7630)
9. Flow F9 [E5-->E4] with period 16000, payload 505B, e2e delay 16000us, jitter 1600us
	('E5', 'S5'), Operation(15441, None, 15482)(15441, 15441)
	('S5', 'S4'), Operation(15484, 15489, 15530)(15489, 15489)
	('S4', 'E4'), Operation(15532, None, 15702)(15532, 15661)
10. Flow F10 [E1-->E3] with period 4000, payload 220B, e2e delay 4000us, jitter 400us
	('E1', 'S1'), Operation(689, None, 707)(689, 689)
	('S1', 'S2'), Operation(709, 714, 732)(714, 714)
	('S2', 'S3'), Operation(734, 739, 757)(739, 739)
	('S3', 'E3'), Operation(759, None, 906)(759, 888)
11. Flow F11 [E5-->E4] with period 2000, payload 1170B, e2e delay 2000us, jitter 200us
	('E5', 'S5'), Operation(1703, None, 1797)(1703, 1703)
	('S5', 'S4'), Operation(1799, 1804, 1898)(1804, 1804)
	('S4', 'E4'), Operation(1900, 1905, 1999)(1905, 1905)
12. Flow F12 [E1-->E3] with period 64000, payload 915B, e2e delay 64000us, jitter 6400us
	('E1', 'S1'), Operation(60069, None, 60143)(60069, 60069)
	('S1', 'S2'), Operation(60145, None, 60348)(60145, 60274)
	('S2', 'S3'), Operation(60221, None, 60553)(60221, 60479)
	('S3', 'E3'), Operation(60297, None, 60758)(60297, 60684)
13. Flow F13 [E5-->E3] with period 32000, payload 217B, e2e delay 32000us, jitter 3200us
	('E5', 'S5'), Operation(31316, None, 31334)(31316, 31316)
	('S5', 'S4'), Operation(31336, None, 31483)(31336, 31465)
	('S4', 'S3'), Operation(31356, 31490, 31508)(31490, 31490)
	('S3', 'E3'), Operation(31510, None, 31657)(31510, 31639)
14. Flow F14 [E5-->E2] with period 16000, payload 1158B, e2e delay 16000us, jitter 1600us
	('E5', 'S5'), Operation(12768, None, 12861)(12768, 12768)
	('S5', 'S4'), Operation(12863, 12868, 12961)(12868, 12868)
	('S4', 'S3'), Operation(12963, 12968, 13061)(12968, 12968)
	('S3', 'S2'), Operation(13063, 13068, 13161)(13068, 13068)
	('S2', 'E2'), Operation(13163, None, 13385)(13163, 13292)
15. Flow F15 [E5-->E4] with period 128000, payload 326B, e2e delay 128000us, jitter 12800us
	('E5', 'S5'), Operation(118994, None, 119021)(118994, 118994)
	('S5', 'S4'), Operation(119023, 119028, 119055)(119028, 119028)
	('S4', 'E4'), Operation(119057, None, 119213)(119057, 119186)
16. Flow F16 [E3-->E2] with period 16000, payload 417B, e2e delay 16000us, jitter 1600us
	('E3', 'S3'), Operation(12922, None, 12956)(12922, 12922)
	('S3', 'S2'), Operation(12958, 12963, 12997)(12963, 12963)
	('S2', 'E2'), Operation(12999, None, 13162)(12999, 13128)
17. Flow F17 [E2-->E3] with period 32000, payload 435B, e2e delay 32000us, jitter 3200us
	('E2', 'S2'), Operation(31632, None, 31667)(31632, 31632)
	('S2', 'S3'), Operation(31669, None, 31833)(31669, 31798)
	('S3', 'E3'), Operation(31706, None, 31999)(31706, 31964)
18. Flow F18 [E1-->E5] with period 4000, payload 198B, e2e delay 4000us, jitter 400us
	('E1', 'S1'), Operation(3220, None, 3236)(3220, 3220)
	('S1', 'S2'), Operation(3238, None, 3383)(3238, 3367)
	('S2', 'S3'), Operation(3256, 3390, 3406)(3390, 3390)
	('S3', 'S4'), Operation(3408, 3413, 3429)(3413, 3413)
	('S4', 'S5'), Operation(3431, 3436, 3452)(3436, 3436)
	('S5', 'E5'), Operation(3454, None, 3599)(3454, 3583)
19. Flow F19 [E1-->E4] with period 64000, payload 105B, e2e delay 64000us, jitter 6400us
	('E1', 'S1'), Operation(32429, None, 32438)(32429, 32429)
	('S1', 'S2'), Operation(32440, 32445, 32454)(32445, 32445)
	('S2', 'S3'), Operation(32456, None, 32594)(32456, 32585)
	('S3', 'S4'), Operation(32467, None, 32734)(32467, 32725)
	('S4', 'E4'), Operation(32478, None, 32874)(32478, 32865)
20. Flow F20 [E5-->E1] with period 4000, payload 606B, e2e delay 4000us, jitter 400us
	('E5', 'S5'), Operation(392, None, 441)(392, 392)
	('S5', 'S4'), Operation(443, None, 621)(443, 572)
	('S4', 'S3'), Operation(494, 628, 677)(628, 628)
	('S3', 'S2'), Operation(679, 684, 733)(684, 684)
	('S2', 'S1'), Operation(735, 740, 789)(740, 740)
	('S1', 'E1'), Operation(791, None, 969)(791, 920)
21. Flow F21 [E3-->E5] with period 8000, payload 303B, e2e delay 8000us, jitter 800us
	('E3', 'S3'), Operation(5358, None, 5383)(5358, 5358)
	('S3', 'S4'), Operation(5385, None, 5539)(5385, 5514)
	('S4', 'S5'), Operation(5412, None, 5695)(5412, 5670)
	('S5', 'E5'), Operation(5439, None, 5851)(5439, 5826)
22. Flow F22 [E5-->E2] with period 32000, payload 464B, e2e delay 32000us, jitter 3200us
	('E5', 'S5'), Operation(22815, None, 22853)(22815, 22815)
	('S5', 'S4'), Operation(22855, None, 23022)(22855, 22984)
	('S4', 'S3'), Operation(22895, 23029, 23067)(23029, 23029)
	('S3', 'S2'), Operation(23069, None, 23236)(23069, 23198)
	('S2', 'E2'), Operation(23109, None, 23405)(23109, 23367)
23. Flow F23 [E1-->E3] with period 4000, payload 223B, e2e delay 4000us, jitter 400us
	('E1', 'S1'), Operation(2847, None, 2865)(2847, 2847)
	('S1', 'S2'), Operation(2867, None, 3014)(2867, 2996)
	('S2', 'S3'), Operation(2887, None, 3163)(2887, 3145)
	('S3', 'E3'), Operation(2907, None, 3312)(2907, 3294)
24. Flow F24 [E2-->E3] with period 16000, payload 1394B, e2e delay 16000us, jitter 1600us
	('E2', 'S2'), Operation(7457, None, 7569)(7457, 7457)
	('S2', 'S3'), Operation(7571, None, 7812)(7571, 7700)
	('S3', 'E3'), Operation(7685, None, 8055)(7685, 7943)
25. Flow F25 [E1-->E2] with period 4000, payload 1384B, e2e delay 4000us, jitter 400us
	('E1', 'S1'), Operation(2637, None, 2748)(2637, 2637)
	('S1', 'S2'), Operation(2750, 2755, 2866)(2755, 2755)
	('S2', 'E2'), Operation(2868, None, 3108)(2868, 2997)
26. Flow F26 [E2-->E4] with period 64000, payload 580B, e2e delay 64000us, jitter 6400us
	('E2', 'S2'), Operation(45442, None, 45489)(45442, 45442)
	('S2', 'S3'), Operation(45491, None, 45667)(45491, 45620)
	('S3', 'S4'), Operation(45540, 45674, 45721)(45674, 45674)
	('S4', 'E4'), Operation(45723, None, 45899)(45723, 45852)
27. Flow F27 [E5-->E2] with period 2000, payload 1468B, e2e delay 2000us, jitter 200us
	('E5', 'S5'), Operation(1, None, 119)(1, 1)
	('S5', 'S4'), Operation(121, None, 368)(121, 250)
	('S4', 'S3'), Operation(241, 375, 493)(375, 375)
	('S3', 'S2'), Operation(495, 500, 618)(500, 500)
	('S2', 'E2'), Operation(620, None, 867)(620, 749)
28. Flow F28 [E3-->E2] with period 64000, payload 311B, e2e delay 64000us, jitter 6400us
	('E3', 'S3'), Operation(61332, None, 61357)(61332, 61332)
	('S3', 'S2'), Operation(61359, None, 61513)(61359, 61488)
	('S2', 'E2'), Operation(61386, None, 61669)(61386, 61644)
29. Flow F29 [E1-->E5] with period 4000, payload 141B, e2e delay 4000us, jitter 400us
	('E1', 'S1'), Operation(3396, None, 3408)(3396, 3396)
	('S1', 'S2'), Operation(3410, None, 3551)(3410, 3539)
	('S2', 'S3'), Operation(3424, 3558, 3570)(3558, 3558)
	('S3', 'S4'), Operation(3572, None, 3713)(3572, 3701)
	('S4', 'S5'), Operation(3586, None, 3856)(3586, 3844)
	('S5', 'E5'), Operation(3600, None, 3999)(3600, 3987)

SMT variables: 
	F9_('S4', 'E4')_gc: False
	F13_('S5', 'S4')_t4_min: 31336
	F29_('S2', 'S3')_t4_min: 3558
	F8_('S3', 'S2')_t3_min: 7357
	F0_('S2', 'S1')_rr: 0
	F11_('S5', 'S4')_t4_min: 1804
	('S2', 'S3')_gcl_cycle: 32000
	F13_('S5', 'S4')_rr: 0
	F27_('S5', 'S4')_rr: 0
	F29_('S3', 'S4')_t5_min: 3584
	F20_('S2', 'S1')_t4_min: 740
	F15_('E5', 'S5')_gc: False
	F8_('S3', 'S2')_t4_max: 7362
	F27_('S5', 'S4')_t4_min: 121
	F27_('S3', 'S2')_gc: True
	F7_('S1', 'S2')_t4_min: 4759
	('S4', 'S3')_gcl_cycle: 32000
	F24_('E2', 'S2')_rr: 0
	F7_queue_index: 0
	F12_('E1', 'S1')_rr: 0
	F27_('E5', 'S5')_rr: 0
	F28_('S2', 'E2')_rr: 0
	F29_('S2', 'S3')_rr: 8
	F16_('E3', 'S3')_t3_max: 12798
	F24_('E2', 'S2')_gc: False
	F7_('S1', 'S2')_t4_max: 4759
	F12_('S1', 'S2')_rr: 0
	F5_('S2', 'S3')_rr: 0
	F18_('S1', 'S2')_t5_min: 3254
	F25_('S2', 'E2')_rr: 0
	F27_('E5', 'S5')_t3_min: 1
	F19_('S2', 'S3')_t4_max: 32585
	F26_('S2', 'S3')_t4_min: 45491
	F14_('E5', 'S5')_t5_min: 12861
	F7_('S3', 'S4')_rr: 8
	F22_queue_index: 0
	F15_('S4', 'E4')_t4_min: 119057
	F23_('S2', 'S3')_t4_min: 2887
	F2_('E4', 'S4')_rr: 0
	F21_('S3', 'S4')_t4_min: 5385
	F29_('S1', 'S2')_gc: False
	F20_('S1', 'E1')_rr: 0
	F27_('E5', 'S5')_t4_min: 1
	F20_('S4', 'S3')_rr: 8
	F5_('S1', 'S2')_t4_min: 59611
	F3_('S2', 'S3')_t4_max: 1172
	F29_('S1', 'S2')_rr: 0
	F19_('S4', 'E4')_gc: False
	F5_queue_index: 0
	F10_('S1', 'S2')_rr: 16
	F16_('S2', 'E2')_tb: 12999
	F5_('E1', 'S1')_t3_max: 59387
	F7_('S3', 'S4')_t5_max: 4905
	F21_('S3', 'S4')_t4_max: 5514
	F14_('S3', 'S2')_t5_min: 13161
	F7_('S5', 'E5')_gc: False
	F18_('S5', 'E5')_t4_min: 3454
	F29_('S4', 'S5')_t4_max: 3844
	F0_('S2', 'S1')_tb: 21268
	F11_('S4', 'E4')_rr: 1
	F21_('E3', 'S3')_t3_max: 5234
	F5_('S3', 'E3')_t4_min: 59811
	F20_('S4', 'S3')_gc: True
	F4_('S3', 'S4')_gc: True
	F0_('E2', 'S2')_rr: 0
	F13_('S5', 'S4')_gc: False
	F20_('S3', 'S2')_t5_min: 733
	F11_('S5', 'S4')_t4_max: 1804
	F2_('S3', 'S2')_tb: 63537
	F13_jitter: 129
	F1_jitter: 258
	F22_('S4', 'S3')_gc: True
	F5_('S2', 'S3')_t4_min: 59711
	F21_('S5', 'E5')_t5_min: 5464
	F14_('S2', 'E2')_t4_min: 13163
	F16_('S2', 'E2')_t4_min: 12999
	F21_('S4', 'S5')_t5_max: 5695
	F15_jitter: 129
	F21_('S5', 'E5')_tb: 5439
	F29_('S2', 'S3')_gc: True
	F14_('S3', 'S2')_t4_min: 13068
	F19_('E1', 'S1')_t3_max: 32305
	F9_('S5', 'S4')_t4_max: 15489
	F3_('E2', 'S2')_t5_min: 1165
	F8_('E5', 'S5')_gc: False
	F6_queue_index: 0
	F25_queue_index: 0
	F21_('S4', 'S5')_t4_min: 5412
	F24_('S2', 'S3')_t3_min: 7571
	F22_('E5', 'S5')_t3_max: 22691
	F28_('E3', 'S3')_gc: False
	F19_('S3', 'S4')_rr: 0
	F18_('S2', 'S3')_t4_max: 3390
	F17_('S2', 'S3')_gc: False
	F28_('E3', 'S3')_rr: 0
	F12_('S1', 'S2')_t3_min: 60145
	('E2', 'S2')_gcl_cycle: 1
	F2_('S2', 'E2')_rr: 0
	F13_('S4', 'S3')_rr: 1
	('S2', 'E2')_gcl_cycle: 1
	F18_('S3', 'S4')_t4_max: 3413
	F5_('S3', 'E3')_rr: 0
	F25_('E1', 'S1')_t4_min: 2637
	F16_('E3', 'S3')_tb: 12922
	F28_('S2', 'E2')_t4_min: 61386
	F6_('S3', 'S4')_gc: False
	F25_('S2', 'E2')_t3_max: 2873
	F2_('S4', 'S3')_gc: False
	F5_('S2', 'S3')_t4_max: 59969
	F6_('E3', 'S3')_t3_max: 4861
	F23_('S2', 'S3')_rr: 0
	F4_('S5', 'E5')_rr: 1
	('S3', 'E3')_gcl_cycle: 1
	F18_('S1', 'S2')_gc: False
	F1_('S2', 'S3')_gc: False
	F14_('E5', 'S5')_tb: 12768
	F7_('S3', 'S4')_t5_min: 4905
	F8_('S1', 'E1')_gc: False
	F4_('S2', 'S3')_t4_max: 622
	F8_('S3', 'S2')_tb: 7362
	F5_('S2', 'S3')_gc: False
	F10_('E1', 'S1')_gc: False
	F15_('S4', 'E4')_t3_min: 119057
	F10_('S1', 'S2')_t4_min: 714
	F2_('E4', 'S4')_t3_min: 63481
	F24_('S2', 'S3')_gc: False
	F22_jitter: 258
	F18_('S1', 'S2')_t4_max: 3367
	F22_('S3', 'S2')_gc: False
	F8_('S3', 'S2')_gc: True
	F22_('S5', 'S4')_t4_min: 22855
	F3_('S2', 'S3')_t4_min: 1172
	F8_('S2', 'S1')_rr: 1
	F18_('S1', 'S2')_t4_min: 3238
	F28_jitter: 258
	F27_('S4', 'S3')_t4_max: 375
	F8_('S3', 'S2')_rr: 2
	F18_('S3', 'S4')_rr: 16
	F24_('S2', 'S3')_rr: 0
	F27_('E5', 'S5')_gc: False
	F29_('S5', 'E5')_rr: 0
	F6_('S4', 'S5')_t4_min: 5215
	F19_('E1', 'S1')_t4_min: 32429
	F4_('E2', 'S2')_gc: False
	F5_('S1', 'S2')_rr: 0
	F15_('S4', 'E4')_rr: 0
	F7_('S5', 'E5')_t5_min: 4997
	F4_('S5', 'E5')_t4_min: 976
	F4_('S4', 'S5')_rr: 1
	F8_('S1', 'E1')_rr: 0
	F27_('S4', 'S3')_rr: 16
	F9_('S5', 'S4')_gc: True
	F7_('S5', 'E5')_rr: 0
	F20_('E5', 'S5')_gc: False
	F14_('E5', 'S5')_rr: 0
	F21_('S3', 'S4')_t5_max: 5539
	F27_('S2', 'E2')_rr: 0
	F6_('E3', 'S3')_t5_min: 5031
	F26_('E2', 'S2')_rr: 0
	F9_('S5', 'S4')_t4_min: 15489
	F3_('S2', 'S3')_gc: True
	F4_('S5', 'E5')_t3_max: 976
	F8_('S2', 'S1')_t4_min: 7434
	F5_('S1', 'S2')_gc: False
	F23_('S1', 'S2')_t4_min: 2867
	F0_('S1', 'E1')_rr: 0
	F12_('S3', 'E3')_rr: 0
	F23_('S2', 'S3')_t4_max: 3145
	F2_('S4', 'S3')_t4_min: 63509
	F18_('S5', 'E5')_rr: 0
	F20_('E5', 'S5')_t4_min: 392
	F22_('S4', 'S3')_rr: 1
	F11_('E5', 'S5')_t3_max: 1579
	F22_('S4', 'S3')_t4_min: 23029
	F14_('S5', 'S4')_rr: 8
	F17_('S3', 'E3')_rr: 0
	F3_('E2', 'S2')_rr: 0
	F18_('S4', 'S5')_t4_min: 3436
	F27_('S3', 'S2')_t4_max: 500
	F13_('S4', 'S3')_gc: True
	F7_('S2', 'S3')_rr: 4
	F8_('S1', 'E1')_t4_min: 7501
	F9_('S5', 'S4')_tb: 15489
	F24_('S3', 'E3')_gc: False
	F13_('S5', 'S4')_tb: 31336
	F9_('E5', 'S5')_rr: 0
	F26_('S3', 'S4')_t4_max: 45674
	F21_('E3', 'S3')_tb: 5358
	F12_('S1', 'S2')_t4_max: 60274
	F19_('S1', 'S2')_t4_max: 32445
	F29_queue_index: 0
	F8_('S5', 'S4')_t4_max: 7218
	F8_('E5', 'S5')_tb: 7022
	F29_('S3', 'S4')_gc: False
	F7_('S2', 'S3')_t4_min: 4810
	F3_('S3', 'S4')_rr: 32
	F14_('S3', 'S2')_rr: 1
	F29_('S4', 'S5')_rr: 0
	F14_('E5', 'S5')_t4_min: 12768
	F26_('E2', 'S2')_t3_max: 45318
	F12_('S2', 'S3')_t4_min: 60221
	F27_('S3', 'S2')_rr: 8
	F22_('E5', 'S5')_gc: False
	F8_jitter: 129
	F14_('E5', 'S5')_t5_max: 12861
	F28_('E3', 'S3')_t3_max: 61208
	F23_queue_index: 0
	('E1', 'S1')_gcl_cycle: 1
	F0_('S1', 'E1')_gc: False
	F26_('S3', 'S4')_rr: 1
	F25_('S2', 'E2')_t4_max: 2997
	F26_('E2', 'S2')_gc: False
	F25_('S1', 'S2')_gc: True
	F17_('E2', 'S2')_rr: 0
	F3_('S3', 'S4')_gc: True
	F6_('S4', 'S5')_gc: True
	F10_('S2', 'S3')_gc: True
	F19_('S3', 'S4')_gc: False
	F18_jitter: 129
	F26_('S3', 'S4')_t4_min: 45674
	F20_('S1', 'E1')_t5_max: 969
	F27_('S4', 'S3')_t4_min: 375
	('S1', 'S2')_gcl_cycle: 64000
	F13_('S4', 'S3')_t4_min: 31490
	F28_('S3', 'S2')_rr: 0
	('S3', 'S4')_gcl_length: 118
	F28_('S2', 'E2')_gc: False
	F10_('S1', 'S2')_gc: True
	F21_('S4', 'S5')_tb: 5412
	F13_('S3', 'E3')_t4_min: 31510
	F8_('S5', 'S4')_tb: 7089
	F26_('E2', 'S2')_tb: 45442
	F7_('S1', 'S2')_gc: True
	F14_('S4', 'S3')_rr: 2
	F29_('E1', 'S1')_rr: 0
	F8_('S4', 'S3')_gc: True
	F21_jitter: 387
	F14_('S2', 'E2')_t3_max: 13168
	F19_('E1', 'S1')_gc: False
	F2_('S2', 'E2')_gc: False
	F1_('E2', 'S2')_gc: False
	F4_('S3', 'S4')_t3_max: 740
	F15_('S4', 'E4')_gc: False
	F4_('S4', 'S5')_t4_max: 858
	F5_('S3', 'E3')_gc: False
	F1_('S2', 'S3')_t3_min: 40364
	F18_('E1', 'S1')_gc: False
	F2_('S3', 'S2')_t3_min: 63537
	F23_('S3', 'E3')_gc: False
	F15_('S5', 'S4')_t4_max: 119028
	F7_('E1', 'S1')_rr: 0
	F12_('S2', 'S3')_rr: 0
	F8_('S2', 'S1')_gc: True
	F23_('S1', 'S2')_gc: False
	F24_('S3', 'E3')_t4_min: 7685
	F3_('E2', 'S2')_gc: False
	F12_('E1', 'S1')_gc: False
	F15_('S5', 'S4')_t4_min: 119028
	F29_('E1', 'S1')_gc: False
	F8_('S4', 'S3')_t3_min: 7156
	F19_('S1', 'S2')_t4_min: 32445
	F11_queue_index: 0
	F10_('S2', 'S3')_t4_max: 739
	F0_('S2', 'S1')_gc: False
	F21_('S4', 'S5')_gc: False
	F5_jitter: 387
	F26_('S4', 'E4')_gc: False
	F3_('S2', 'S3')_t5_min: 1255
	F15_('S5', 'S4')_t3_min: 119023
	F5_('S3', 'E3')_t5_max: 60296
	F6_('S5', 'E5')_rr: 0
	F12_('E1', 'S1')_t3_max: 59945
	F11_('S5', 'S4')_rr: 64
	F4_('S2', 'S3')_t4_min: 622
	F26_('S4', 'E4')_t4_min: 45723
	F19_queue_index: 0
	F2_('S3', 'S2')_rr: 0
	F1_('E2', 'S2')_t3_max: 40171
	F23_('S2', 'S3')_gc: False
	F26_('S3', 'S4')_gc: True
	F15_queue_index: 0
	F25_('S1', 'S2')_t4_min: 2755
	F28_('E3', 'S3')_tb: 61332
	F19_('E1', 'S1')_t4_max: 32429
	F18_('S1', 'S2')_rr: 0
	F26_jitter: 129
	F29_('S3', 'S4')_t4_max: 3701
	F19_('S3', 'S4')_t3_min: 32467
	F5_('S2', 'S3')_t5_min: 59809
	F18_('S2', 'S3')_rr: 8
	F4_('S5', 'E5')_gc: True
	F20_('S5', 'S4')_rr: 0
	F18_('S2', 'S3')_t4_min: 3390
	F3_('S3', 'S4')_t4_min: 1262
	('S1', 'E1')_gcl_cycle: 1
	F2_('S4', 'S3')_rr: 0
	F22_('E5', 'S5')_t5_max: 22853
	F0_('S2', 'S1')_t4_max: 21397
	F9_('S4', 'E4')_rr: 0
	F23_('E1', 'S1')_gc: False
	F4_('S2', 'S3')_gc: True
	F1_('S3', 'E3')_t4_min: 40433
	F19_('S1', 'S2')_rr: 1
	F29_('S1', 'S2')_t3_min: 3410
	F28_('S3', 'S2')_t4_min: 61359
	F11_('S5', 'S4')_gc: True
	F14_('S5', 'S4')_gc: True
	F27_('S2', 'E2')_gc: False
	F12_('S2', 'S3')_gc: False
	F12_queue_index: 0
	F4_jitter: 0
	F3_('S4', 'E4')_t3_min: 1347
	F20_queue_index: 0
	F10_('E1', 'S1')_t3_max: 565
	F19_('S2', 'S3')_rr: 0
	F13_('S3', 'E3')_rr: 0
	F8_('S5', 'S4')_t4_min: 7089
	F18_('S4', 'S5')_t4_max: 3436
	F9_('E5', 'S5')_t3_max: 15317
	F14_('S2', 'E2')_rr: 0
	F18_('S5', 'E5')_gc: False
	F19_('S1', 'S2')_gc: True
	F20_jitter: 129
	F7_('S2', 'S3')_gc: True
	F10_jitter: 129
	F24_('S2', 'S3')_t4_max: 7700
	F22_('S3', 'S2')_t3_min: 23069
	F15_('E5', 'S5')_rr: 0
	F14_queue_index: 0
	F8_('E5', 'S5')_t3_max: 6898
	F1_('S3', 'E3')_gc: False
	F0_jitter: 258
	F6_('S3', 'S4')_rr: 0
	F4_('S4', 'S5')_t4_min: 858
	F10_('S2', 'S3')_t4_min: 739
	F26_('E2', 'S2')_t4_min: 45442
	F19_('S3', 'S4')_t4_min: 32467
	F26_('E2', 'S2')_t5_min: 45489
	F1_('E2', 'S2')_rr: 0
	F27_('S2', 'E2')_t5_min: 738
	F23_('E1', 'S1')_t3_max: 2723
	F29_('S4', 'S5')_gc: False
	F11_('S4', 'E4')_gc: True
	F4_('E2', 'S2')_t4_min: 504
	F7_('E1', 'S1')_gc: False
	F13_('S4', 'S3')_t4_max: 31490
	F27_('S5', 'S4')_t4_max: 250
	F29_jitter: 387
	F2_('S4', 'S3')_tb: 63509
	F23_('S1', 'S2')_rr: 0
	F2_('E4', 'S4')_t3_max: 63357
	F6_jitter: 129
	F18_queue_index: 0
	F10_('S3', 'E3')_t4_min: 759
	F6_('S4', 'S5')_t4_max: 5215
	F2_('S3', 'S2')_t4_min: 63537
	F28_('S3', 'S2')_t5_min: 61384
	F25_('E1', 'S1')_gc: False
	F9_jitter: 129
	F10_('S1', 'S2')_t4_max: 714
	F29_('S1', 'S2')_t4_max: 3539
	F3_queue_index: 0
	F20_('S2', 'S1')_t4_max: 740
	F6_('S3', 'S4')_t4_max: 5162
	F24_('S2', 'S3')_t4_min: 7571
	F29_('S3', 'S4')_t4_min: 3572
	F8_('S3', 'S2')_t3_max: 7362
	F9_('E5', 'S5')_gc: False
	F4_('S3', 'S4')_rr: 2
	F22_('S3', 'S2')_t4_min: 23069
	F20_('S3', 'S2')_rr: 4
	F0_queue_index: 0
	F12_('S2', 'S3')_tb: 60221
	F4_('E2', 'S2')_t3_max: 380
	F16_queue_index: 0
	F28_queue_index: 0
	F20_('S1', 'E1')_gc: False
	F27_('S4', 'S3')_t3_min: 241
	F2_('S3', 'S2')_gc: False
	F0_('S1', 'E1')_tb: 21370
	F0_('E2', 'S2')_t3_max: 21042
	F14_('E5', 'S5')_t3_max: 12644
	F1_('S2', 'S3')_t4_max: 40493
	F29_('S5', 'E5')_t4_min: 3600
	F27_('S5', 'S4')_gc: False
	F2_('E4', 'S4')_tb: 63481
	F8_('S2', 'S1')_t3_max: 7434
	F4_('S3', 'S4')_t4_min: 740
	F5_('S1', 'S2')_t4_max: 59740
	F14_('S5', 'S4')_t4_max: 12868
	F15_('S5', 'S4')_tb: 119028
	F2_('S3', 'S2')_t5_min: 63563
	F20_('S2', 'S1')_gc: True
	F22_('S4', 'S3')_tb: 23029
	F26_('S2', 'S3')_gc: False
	F27_('S2', 'E2')_t4_min: 620
	F7_('S1', 'S2')_rr: 8
	F20_('E5', 'S5')_rr: 0
	F22_('S5', 'S4')_rr: 0
	F17_('S3', 'E3')_gc: False
	F25_('S1', 'S2')_t4_max: 2755
	F3_('S2', 'S3')_rr: 16
	F20_('S5', 'S4')_t4_max: 572
	F3_('S4', 'E4')_t3_max: 1352
	('E5', 'S5')_gcl_cycle: 1
	F6_('S5', 'E5')_t4_min: 5263
	F19_('S4', 'E4')_t4_min: 32478
	F1_('S3', 'E3')_rr: 0
	('E3', 'S3')_gcl_cycle: 1
	F17_('S3', 'E3')_t4_min: 31706
	F9_('E5', 'S5')_t5_min: 15482
	F8_('S4', 'S3')_t4_max: 7290
	F23_('S3', 'E3')_rr: 0
	F20_('S1', 'E1')_t4_min: 791
	F24_jitter: 258
	F17_('S2', 'S3')_rr: 0
	F7_('S2', 'S3')_t4_max: 4810
	F22_('S4', 'S3')_t4_max: 23029
	F25_('E1', 'S1')_rr: 0
	F7_('S3', 'S4')_t4_max: 4861
	F8_('S2', 'S1')_t5_max: 7499
	F14_('S2', 'E2')_t5_min: 13256
	F22_('E5', 'S5')_t3_min: 22815
	F11_('E5', 'S5')_rr: 0
	F18_('S4', 'S5')_gc: True
	F10_('S3', 'E3')_t5_max: 906
	F23_('S3', 'E3')_t5_max: 3312
	F15_('S5', 'S4')_gc: True
	F20_('S3', 'S2')_t4_max: 684
	F22_('S3', 'S2')_rr: 0
	F7_jitter: 258
	F14_('E5', 'S5')_gc: False
	F2_('S2', 'E2')_t4_max: 63952
	F14_('S4', 'S3')_t3_min: 12963
	F2_queue_index: 0
	('S2', 'S1')_gcl_cycle: 8000
	F4_('S3', 'S4')_t4_max: 740
	F18_('S3', 'S4')_t4_min: 3413
	F28_('S3', 'S2')_gc: False
	F23_('S1', 'S2')_t4_max: 2996
	F6_('S4', 'S5')_rr: 4
	F16_('S3', 'S2')_rr: 1
	F12_('S3', 'E3')_gc: False
	F13_('S3', 'E3')_t5_min: 31528
	F13_queue_index: 0
	F8_('S4', 'S3')_rr: 4
	F22_('E5', 'S5')_rr: 0
	F14_('S2', 'E2')_gc: False
	F29_('S4', 'S5')_t4_min: 3586
	F16_('S3', 'S2')_t3_min: 12958
	F2_('E4', 'S4')_gc: False
	F3_('S4', 'E4')_gc: True
	F2_('S3', 'S2')_t4_max: 63795
	F18_('E1', 'S1')_t3_max: 3096
	F18_('S2', 'S3')_gc: True
	F11_jitter: 0
	F21_('E3', 'S3')_rr: 0
	F9_('S4', 'E4')_t4_min: 15532
	F17_('E2', 'S2')_t4_min: 31632
	F26_('S2', 'S3')_rr: 0
	F20_('S4', 'S3')_t4_min: 628
	F21_('S5', 'E5')_gc: False
	F22_('S5', 'S4')_gc: False
	F18_('S1', 'S2')_t3_min: 3238
	F21_('S3', 'S4')_gc: False
	F26_('S3', 'S4')_t3_max: 45674
	F27_jitter: 129
	F3_('E2', 'S2')_t3_max: 958
	F10_('E1', 'S1')_rr: 0
	F17_('S2', 'S3')_tb: 31669
	F13_('E5', 'S5')_gc: False
	F7_('E1', 'S1')_t3_max: 4584
	F25_jitter: 129
	F26_('S4', 'E4')_rr: 0
	F24_('S3', 'E3')_rr: 0
	F8_('S5', 'S4')_gc: False
	F3_('E2', 'S2')_t4_max: 1082
	F12_('E1', 'S1')_t4_min: 60069
	F24_('E2', 'S2')_t3_max: 7333
	F21_queue_index: 0
	F17_('S2', 'S3')_t4_max: 31798
	F19_('S4', 'E4')_rr: 0
	F26_queue_index: 0
	F0_('S2', 'S1')_t4_min: 21268
	F19_('S3', 'S4')_t3_max: 32601
	F10_('S3', 'E3')_t5_min: 777
	F8_('S5', 'S4')_rr: 0
	F4_('S4', 'S5')_gc: True
	F15_('S5', 'S4')_t5_max: 119055
	F7_('S3', 'S4')_t4_min: 4861
	F2_('S4', 'S3')_t4_max: 63638
	F4_queue_index: 0
	F14_('S5', 'S4')_t4_min: 12868
	F19_('E1', 'S1')_rr: 0
	F16_('E3', 'S3')_gc: False
	F11_('E5', 'S5')_gc: False
	F21_('S4', 'S5')_t4_max: 5670
	F25_('S2', 'E2')_t4_min: 2868
	F22_('S3', 'S2')_t4_max: 23198
	F21_('S5', 'E5')_rr: 0
	F10_('S3', 'E3')_gc: False
	F24_('E2', 'S2')_tb: 7457
	F6_('E3', 'S3')_rr: 0
	F27_('E5', 'S5')_t3_max: -123
	F16_('S3', 'S2')_gc: True
	F14_jitter: 129
	F16_('S2', 'E2')_gc: False
	F7_('S4', 'S5')_t4_min: 4907
	F10_queue_index: 0
	F24_('E2', 'S2')_t5_min: 7569
	F26_('E2', 'S2')_t3_min: 45442
	F29_('S1', 'S2')_t4_min: 3410
	F8_('S2', 'S1')_t4_max: 7434
	F11_('S4', 'E4')_t5_max: 1999
	F8_('S4', 'S3')_t4_min: 7290
	F18_('S3', 'S4')_t3_max: 3413
	F29_('S2', 'S3')_t4_max: 3558
	F23_('E1', 'S1')_rr: 0
	F20_('S5', 'S4')_t4_min: 443
	F20_('S3', 'S2')_gc: True
	F13_('E5', 'S5')_t3_max: 31192
	F27_('S3', 'S2')_t4_min: 500
	F12_('E1', 'S1')_t5_max: 60143
	F8_('S4', 'S3')_t5_max: 7355
	F12_('S2', 'S3')_t4_max: 60479
	F13_('E5', 'S5')_rr: 0
	F14_('S4', 'S3')_t5_max: 13061
	('E4', 'S4')_gcl_cycle: 1
	F19_('S1', 'S2')_tb: 32445
	F7_('S4', 'S5')_rr: 0
	F3_('S3', 'S4')_t4_max: 1262
	F26_('S3', 'S4')_tb: 45674
	F14_('S3', 'S2')_gc: True
	F28_('S3', 'S2')_t4_max: 61488
	F8_('E5', 'S5')_t4_min: 7022
	('S4', 'S5')_gcl_cycle: 32000
	F20_('S5', 'S4')_gc: False
	F23_('S3', 'E3')_t4_min: 2907
	F6_('E3', 'S3')_t4_min: 4985
	F14_('S4', 'S3')_t4_min: 12968
	F22_('S5', 'S4')_t4_max: 22984
	F9_('S4', 'E4')_t5_max: 15702
	F4_('S3', 'S4')_t5_min: 851
	('S3', 'S4')_gcl_cycle: 64000
	F3_jitter: 0
	F27_queue_index: 0
	('S5', 'S4')_gcl_cycle: 128000
	F10_('S3', 'E3')_rr: 0
	F21_('S5', 'E5')_t4_min: 5439
	F0_('E2', 'S2')_gc: False
	F17_jitter: 258
	F19_('S2', 'S3')_gc: False
	F29_('E1', 'S1')_t3_max: 3272
	F3_('S4', 'E4')_t4_min: 1352
	F22_('S2', 'E2')_gc: False
	F9_queue_index: 0
	F4_('S2', 'S3')_rr: 1
	F7_('S4', 'S5')_gc: False
	F11_('S4', 'E4')_t4_min: 1905
	F12_jitter: 387
	F16_('S2', 'E2')_rr: 0
	F17_('E2', 'S2')_t3_max: 31508
	F6_('S5', 'E5')_gc: False
	F17_queue_index: 0
	F17_('S2', 'S3')_t4_min: 31669
	F7_('S1', 'S2')_t5_min: 4803
	F15_('S5', 'S4')_rr: 1
	F13_('S4', 'S3')_t5_min: 31508
	F20_('S1', 'E1')_t5_min: 840
	F17_('E2', 'S2')_gc: False
	F8_queue_index: 0
	F8_('E5', 'S5')_rr: 0
	F29_('S5', 'E5')_gc: False
	F20_('S2', 'S1')_rr: 2
	F20_('S3', 'S2')_t4_min: 684
	F27_('S4', 'S3')_gc: True
	F20_('S4', 'S3')_t4_max: 628
	F6_('S3', 'S4')_t5_min: 5079
	F21_('E3', 'S3')_t5_min: 5383
	('S3', 'S2')_gcl_cycle: 16000
	F22_('S2', 'E2')_t5_max: 23405
	F12_('S1', 'S2')_t4_min: 60145
	F2_('S2', 'E2')_t4_min: 63565
	F23_jitter: 387
	F26_('S2', 'S3')_t4_max: 45620
	F22_('E5', 'S5')_t5_min: 22853
	F10_('S2', 'S3')_rr: 8
	F18_('S4', 'S5')_rr: 8
	F22_('S2', 'E2')_rr: 0
	('S5', 'E5')_gcl_cycle: 32000
	F15_('E5', 'S5')_t4_min: 118994
	F7_('S4', 'S5')_t4_max: 5036
	F6_('E3', 'S3')_gc: False
	F21_('S4', 'S5')_rr: 0
	F1_queue_index: 0
	F25_('S1', 'S2')_t5_min: 2866
	F12_('S1', 'S2')_gc: False
	F25_('E1', 'S1')_t3_max: 2513
	F9_('S5', 'S4')_rr: 8
	F19_jitter: 387
	F2_jitter: 387
	F8_('S3', 'S2')_t4_min: 7362
	F11_('S5', 'S4')_t3_min: 1799
	F22_('S2', 'E2')_t4_min: 23109
	F19_('S2', 'S3')_t4_min: 32456
	F7_('S3', 'S4')_gc: True
	F12_('S3', 'E3')_t4_min: 60297
	F18_('S4', 'S5')_t5_min: 3452
	F14_('S3', 'S2')_t4_max: 13068
	F16_jitter: 129
	F21_('E3', 'S3')_gc: False
	F13_('S3', 'E3')_gc: False
	F25_('S2', 'E2')_gc: False
	F16_('S3', 'S2')_t4_min: 12963
	F5_('E1', 'S1')_gc: False
	F18_('S1', 'S2')_tb: 3238
	F5_('E1', 'S1')_rr: 0
	F1_('S2', 'S3')_t4_min: 40364
	F14_('S4', 'S3')_t4_max: 12968
	F16_('E3', 'S3')_rr: 0
	F4_('E2', 'S2')_rr: 0
	F18_('S3', 'S4')_gc: True
	('S4', 'E4')_gcl_cycle: 2000
	F25_('S1', 'S2')_rr: 16
	F29_('S3', 'S4')_rr: 0
	F7_('S5', 'E5')_t4_min: 4953
	F21_('S3', 'S4')_rr: 0
	F24_('S3', 'E3')_tb: 7685
	F7_('S4', 'S5')_t3_max: 4912
	F19_('S3', 'S4')_t4_max: 32725
	F27_('S2', 'E2')_t3_max: 625
	F15_('E5', 'S5')_t3_max: 118870
	F1_('S2', 'S3')_rr: 0
	F20_('E5', 'S5')_t3_max: 268
	F24_queue_index: 0
	F6_('S3', 'S4')_t4_min: 5033
	F14_('S4', 'S3')_gc: True
	F22_('S5', 'S4')_tb: 22855
	F13_('S5', 'S4')_t4_max: 31465
	F0_('S1', 'E1')_t4_min: 21370
	F18_('E1', 'S1')_rr: 0
	F16_('S3', 'S2')_t4_max: 12963
	F3_('S4', 'E4')_rr: 1
	F2_('S4', 'S3')_t3_max: 63514
	F27_('S5', 'S4')_t3_max: 126
	F14_('S5', 'S4')_t3_max: 12868
	F16_('S3', 'S2')_t3_max: 12963
	F13_('S5', 'S4')_t3_max: 31341
	F12_('S1', 'S2')_t3_max: 60150
	F19_('S1', 'S2')_t3_max: 32445
	F10_('S1', 'S2')_t3_max: 714
	F6_('S3', 'S4')_t3_max: 5038
	F8_('S5', 'S4')_t3_max: 7094
	F4_('S2', 'S3')_t3_max: 622
	F1_('S2', 'S3')_t3_max: 40369
	F25_('S1', 'S2')_t3_max: 2755
	F21_('S3', 'S4')_t3_max: 5390
	F9_('S5', 'S4')_t3_max: 15489
	F11_('S5', 'S4')_t3_max: 1804
	F3_('S2', 'S3')_t3_max: 1172
	F29_('S1', 'S2')_t3_max: 3415
	F15_('S5', 'S4')_t3_max: 119028
	F5_('S1', 'S2')_t3_max: 59616
	F26_('S2', 'S3')_t3_max: 45496
	F23_('S1', 'S2')_t3_max: 2872
	F17_('S2', 'S3')_t3_max: 31674
	F20_('S5', 'S4')_t3_max: 448
	F7_('S1', 'S2')_t3_max: 4759
	F0_('S2', 'S1')_t3_max: 21273
	F28_('S3', 'S2')_t3_max: 61364
	F18_('S1', 'S2')_t3_max: 3243
	F22_('S5', 'S4')_t3_max: 22860
	F24_('S2', 'S3')_t3_max: 7576
	F23_('S3', 'E3')_t4_max: 3294
	F7_('S2', 'S3')_t5_min: 4854
	F27_('E5', 'S5')_t4_max: 1
	F19_('S2', 'S3')_tb: 32456
	F13_('E5', 'S5')_t3_min: 31316
	F21_('S5', 'E5')_t5_max: 5851
	F12_('S1', 'S2')_t5_max: 60348
	F23_('S3', 'E3')_tb: 2907
	F23_('E1', 'S1')_t3_min: 2847
	F27_('S4', 'S3')_t5_max: 493
	F23_('E1', 'S1')_t5_max: 2865
	F18_('S2', 'S3')_t3_max: 3390
	F17_('S3', 'E3')_t3_min: 31706
	F8_('E5', 'S5')_t3_min: 7022
	F23_('S3', 'E3')_t5_min: 2925
	F11_('S5', 'S4')_tb: 1804
	F29_('S4', 'S5')_t3_max: 3720
	F14_('S4', 'S3')_tb: 12968
	F3_('S4', 'E4')_tb: 1352
	F6_('S4', 'S5')_t3_min: 5081
	F28_('S2', 'E2')_t3_min: 61386
	F10_('E1', 'S1')_tb: 689
	F17_('S3', 'E3')_t3_max: 31840
	F8_('S4', 'S3')_t5_min: 7355
	F0_('S2', 'S1')_t5_min: 21368
	F27_('S5', 'S4')_t5_max: 368
	F25_('E1', 'S1')_t5_max: 2748
	F8_('E5', 'S5')_t4_max: 7022
	F18_('S2', 'S3')_t5_max: 3406
	F1_('S3', 'E3')_t3_max: 40567
	F25_('S1', 'S2')_t3_min: 2750
	F26_('S4', 'E4')_t3_max: 45728
	F20_('S3', 'S2')_tb: 684
	F25_('E1', 'S1')_t4_max: 2637
	F3_('S3', 'S4')_t3_max: 1262
	F8_('S1', 'E1')_tb: 7501
	F4_('S5', 'E5')_t5_min: 1087
	F13_('S3', 'E3')_t3_min: 31510
	F22_('S4', 'S3')_t3_max: 23029
	F7_('S3', 'S4')_tb: 4861
	F29_('S5', 'E5')_t4_max: 3987
	F9_('S5', 'S4')_t5_min: 15530
	F20_('S1', 'E1')_tb: 791
	F7_('S5', 'E5')_t3_max: 5087
	F13_('E5', 'S5')_t4_max: 31316
	F14_('S2', 'E2')_t5_max: 13385
	F20_('S5', 'S4')_tb: 443
	F19_('S4', 'E4')_t3_min: 32478
	F13_('S5', 'S4')_t3_min: 31336
	F7_('S4', 'S5')_t3_min: 4907
	('S5', 'E5')_gcl_length: 2
	F14_('E5', 'S5')_t4_max: 12768
	F14_('S4', 'S3')_t3_max: 12968
	F27_('S2', 'E2')_t3_min: 620
	F12_('S1', 'S2')_t5_min: 60219
	F14_('S5', 'S4')_t3_min: 12863
	F8_('S2', 'S1')_t5_min: 7499
	F27_('S3', 'S2')_t5_min: 618
	F22_('S3', 'S2')_t5_max: 23236
	F20_('S1', 'E1')_t4_max: 920
	F0_('E2', 'S2')_t4_max: 21166
	F6_('E3', 'S3')_t3_min: 4985
	F24_('S3', 'E3')_t5_max: 8055
	F14_('S3', 'S2')_t3_min: 13063
	F28_('E3', 'S3')_t5_min: 61357
	F16_('S2', 'E2')_t5_min: 13033
	F16_('E3', 'S3')_t3_min: 12922
	F26_('S4', 'E4')_tb: 45723
	F29_('S2', 'S3')_t5_max: 3570
	F7_('E1', 'S1')_t5_max: 4752
	F0_('S1', 'E1')_t3_max: 21504
	F21_('E3', 'S3')_t4_min: 5358
	F17_('S3', 'E3')_t4_max: 31964
	F0_('S2', 'S1')_t3_min: 21268
	('S1', 'S2')_gcl_length: 82
	F5_('E1', 'S1')_t4_max: 59511
	F9_('E5', 'S5')_t4_min: 15441
	F19_('S3', 'S4')_tb: 32467
	F9_('E5', 'S5')_t4_max: 15441
	('S1', 'E1')_gcl_length: 0
	F20_('S3', 'S2')_t3_min: 679
	F10_('S3', 'E3')_t4_max: 888
	F0_('E2', 'S2')_tb: 21166
	F23_('S2', 'S3')_t3_min: 2887
	F0_('E2', 'S2')_t3_min: 21166
	F4_('S3', 'S4')_tb: 740
	F13_('S3', 'E3')_tb: 31510
	F29_('S3', 'S4')_t3_min: 3572
	F18_('S3', 'S4')_t5_max: 3429
	F22_('S2', 'E2')_tb: 23109
	F19_('S2', 'S3')_t3_max: 32461
	F10_('S3', 'E3')_t3_max: 764
	F5_('S1', 'S2')_t5_min: 59709
	F27_('E5', 'S5')_t5_min: 119
	F0_('E2', 'S2')_t5_min: 21266
	F26_('S3', 'S4')_t3_min: 45540
	F19_('S4', 'E4')_t5_min: 32487
	F15_('E5', 'S5')_t4_max: 118994
	F12_('S3', 'E3')_t3_min: 60297
	F4_('S3', 'S4')_t5_max: 851
	F25_('S2', 'E2')_tb: 2868
	F24_('E2', 'S2')_t5_max: 7569
	F23_('S2', 'S3')_t3_max: 3021
	F19_('S1', 'S2')_t5_max: 32454
	F8_('S1', 'E1')_t3_min: 7501
	F16_('E3', 'S3')_t5_max: 12956
	F23_('S2', 'S3')_t5_max: 3163
	F9_('E5', 'S5')_tb: 15441
	F3_('S2', 'S3')_tb: 1172
	F19_('S2', 'S3')_t5_max: 32594
	F5_('S1', 'S2')_t5_max: 59838
	F3_('E2', 'S2')_tb: 1082
	F10_('S1', 'S2')_tb: 714
	F1_('S2', 'S3')_tb: 40364
	F2_('S4', 'S3')_t5_max: 63664
	F11_('S4', 'E4')_tb: 1905
	F3_('S4', 'E4')_t5_max: 1435
	('S2', 'S3')_gcl_length: 90
	F1_('S2', 'S3')_t5_max: 40560
	F23_('E1', 'S1')_t5_min: 2865
	F11_('E5', 'S5')_tb: 1703
	F8_('S4', 'S3')_tb: 7290
	F20_('S2', 'S1')_t5_min: 789
	F4_('S2', 'S3')_t5_min: 733
	F18_('S5', 'E5')_t3_min: 3454
	F16_('S2', 'E2')_t3_min: 12999
	F6_('S5', 'E5')_t5_max: 5438
	F12_('E1', 'S1')_tb: 60069
	F3_('S3', 'S4')_t5_max: 1345
	F29_('S4', 'S5')_t5_max: 3856
	F3_('S4', 'E4')_t4_max: 1352
	F14_('S3', 'S2')_t3_max: 13068
	F2_('E4', 'S4')_t5_max: 63507
	F5_('S2', 'S3')_tb: 59711
	F18_('S5', 'E5')_tb: 3454
	F6_('S5', 'E5')_t3_max: 5268
	F18_('S5', 'E5')_t4_max: 3583
	F18_('E1', 'S1')_t4_min: 3220
	F29_('S4', 'S5')_t3_min: 3586
	F6_('S5', 'E5')_t3_min: 5263
	F6_('S5', 'E5')_tb: 5263
	F1_('E2', 'S2')_t5_max: 40362
	F28_('S2', 'E2')_tb: 61386
	F27_('S2', 'E2')_tb: 620
	('S2', 'S1')_gcl_length: 6
	F6_('E3', 'S3')_t5_max: 5031
	F5_('E1', 'S1')_t3_min: 59511
	F16_('S2', 'E2')_t4_max: 13128
	F19_('S4', 'E4')_t3_max: 32741
	F29_('S3', 'S4')_tb: 3572
	F15_('S4', 'E4')_tb: 119057
	F7_('S5', 'E5')_t4_max: 5211
	F14_('S3', 'S2')_tb: 13068
	F10_('S1', 'S2')_t5_max: 732
	F21_('E3', 'S3')_t3_min: 5358
	F29_('S1', 'S2')_t5_max: 3551
	F22_('S2', 'E2')_t3_max: 23243
	F8_('S1', 'E1')_t4_max: 7630
	F12_('S3', 'E3')_t5_min: 60371
	F8_('E5', 'S5')_t5_max: 7087
	F12_('S2', 'S3')_t3_max: 60355
	F4_('E2', 'S2')_tb: 504
	('S3', 'E3')_gcl_length: 0
	F14_('S2', 'E2')_t4_max: 13292
	F26_('S4', 'E4')_t5_min: 45770
	F13_('S3', 'E3')_t3_max: 31515
	F18_('E1', 'S1')_t5_min: 3236
	F9_('S5', 'S4')_t3_min: 15484
	F25_('S1', 'S2')_tb: 2755
	F19_('S4', 'E4')_tb: 32478
	F16_('E3', 'S3')_t5_min: 12956
	F11_('E5', 'S5')_t5_min: 1797
	F3_('S3', 'S4')_t3_min: 1257
	F7_('S5', 'E5')_tb: 4953
	F4_('S4', 'S5')_t5_max: 969
	('E2', 'S2')_gcl_length: 0
	F19_('S2', 'S3')_t5_min: 32465
	F29_('S1', 'S2')_tb: 3410
	F18_('S3', 'S4')_tb: 3413
	F9_('S4', 'E4')_tb: 15532
	F13_('E5', 'S5')_t4_min: 31316
	F29_('E1', 'S1')_t5_max: 3408
	F26_('S4', 'E4')_t4_max: 45852
	F7_('S3', 'S4')_t3_min: 4856
	F13_('S5', 'S4')_t5_max: 31483
	F4_('S2', 'S3')_t5_max: 733
	F27_('S4', 'S3')_t5_min: 493
	F26_('E2', 'S2')_t5_max: 45489
	F25_('S2', 'E2')_t3_min: 2868
	F25_('S2', 'E2')_t5_max: 3108
	F19_('S4', 'E4')_t5_max: 32874
	F22_('E5', 'S5')_t4_min: 22815
	F22_('S5', 'S4')_t5_min: 22893
	F4_('S4', 'S5')_t5_min: 969
	F17_('E2', 'S2')_t4_max: 31632
	F10_('S3', 'E3')_t3_min: 759
	F10_('E1', 'S1')_t3_min: 689
	F6_('S4', 'S5')_t5_max: 5261
	F20_('S2', 'S1')_tb: 740
	F29_('S1', 'S2')_t5_min: 3422
	F29_('S2', 'S3')_t3_max: 3558
	F25_('E1', 'S1')_t5_min: 2748
	F4_('S5', 'E5')_t3_min: 971
	F9_('S4', 'E4')_t3_max: 15537
	F21_('S4', 'S5')_t5_min: 5437
	F24_('E2', 'S2')_t4_max: 7457
	F21_('S5', 'E5')_t3_min: 5439
	F26_('E2', 'S2')_t4_max: 45442
	F20_('S4', 'S3')_tb: 628
	F18_('S2', 'S3')_tb: 3390
	F18_('E1', 'S1')_tb: 3220
	F14_('S5', 'S4')_tb: 12868
	F28_('E3', 'S3')_t4_min: 61332
	F27_('E5', 'S5')_t5_max: 119
	F13_('S3', 'E3')_t5_max: 31657
	F7_('E1', 'S1')_t4_min: 4708
	F27_('S2', 'E2')_t5_max: 867
	F13_('S4', 'S3')_t3_max: 31490
	F2_('S2', 'E2')_t5_min: 63591
	F26_('S2', 'S3')_t3_min: 45491
	('S4', 'S5')_gcl_length: 26
	F26_('S2', 'S3')_t5_max: 45667
	F14_('S5', 'S4')_t5_max: 12961
	F8_('S5', 'S4')_t3_min: 7089
	F15_('E5', 'S5')_tb: 118994
	F8_('S2', 'S1')_tb: 7434
	F5_('S3', 'E3')_tb: 59811
	F5_('S1', 'S2')_tb: 59611
	F15_('S4', 'E4')_t5_min: 119084
	F7_('S4', 'S5')_t5_min: 4951
	F9_('S5', 'S4')_t5_max: 15530
	F2_('S4', 'S3')_t3_min: 63509
	F4_('S5', 'E5')_t5_max: 1087
	F26_('S3', 'S4')_t5_max: 45721
	F28_('S2', 'E2')_t3_max: 61520
	F20_('E5', 'S5')_t3_min: 392
	F28_('S3', 'S2')_tb: 61359
	F2_('S2', 'E2')_tb: 63565
	F1_('E2', 'S2')_t4_max: 40295
	F9_('E5', 'S5')_t5_max: 15482
	F10_('S1', 'S2')_t3_min: 709
	F1_('S3', 'E3')_t3_min: 40433
	F24_('S3', 'E3')_t3_max: 7819
	('E4', 'S4')_gcl_length: 0
	F4_('S5', 'E5')_t4_max: 976
	F9_('S4', 'E4')_t5_min: 15573
	F20_('S3', 'S2')_t5_max: 733
	F29_('E1', 'S1')_t4_min: 3396
	F17_('S2', 'S3')_t3_min: 31669
	F20_('E5', 'S5')_t5_min: 441
	F13_('S3', 'E3')_t4_max: 31639
	F11_('S4', 'E4')_t4_max: 1905
	F8_('S1', 'E1')_t5_max: 7695
	F11_('S5', 'S4')_t5_min: 1898
	('S2', 'E2')_gcl_length: 0
	F19_('S3', 'S4')_t5_max: 32734
	F10_('E1', 'S1')_t4_min: 689
	F26_('S3', 'S4')_t5_min: 45721
	F17_('E2', 'S2')_t3_min: 31632
	F18_('S1', 'S2')_t5_max: 3383
	F24_('S2', 'S3')_t5_min: 7683
	F6_('S5', 'E5')_t5_min: 5309
	F27_('S5', 'S4')_t3_min: 121
	F22_('S3', 'S2')_tb: 23069
	F12_('S3', 'E3')_tb: 60297
	F18_('E1', 'S1')_t3_min: 3220
	F20_('S5', 'S4')_t3_min: 443
	F3_('S3', 'S4')_t5_min: 1345
	F14_('S2', 'E2')_t3_min: 13163
	F27_('S4', 'S3')_t3_max: 375
	F21_('E3', 'S3')_t4_max: 5358
	F28_('E3', 'S3')_t5_max: 61357
	F10_('S2', 'S3')_tb: 739
	F16_('S2', 'E2')_t5_max: 13162
	F27_('S5', 'S4')_t5_min: 239
	F29_('S5', 'E5')_t3_max: 3863
	F6_('S4', 'S5')_t5_min: 5261
	F4_('S4', 'S5')_t3_max: 858
	F21_('S3', 'S4')_tb: 5385
	F22_('E5', 'S5')_t4_max: 22815
	F20_('E5', 'S5')_t5_max: 441
	F17_('S2', 'S3')_t5_max: 31833
	F5_('S3', 'E3')_t3_max: 60074
	F1_('S2', 'S3')_t5_min: 40431
	F2_('S2', 'E2')_t5_max: 63978
	F23_('S1', 'S2')_t3_min: 2867
	F21_('S4', 'S5')_t3_min: 5412
	F12_('E1', 'S1')_t5_min: 60143
	F7_('S2', 'S3')_t3_max: 4810
	('E1', 'S1')_gcl_length: 0
	F27_('S5', 'S4')_tb: 121
	F10_('S2', 'S3')_t5_max: 757
	F8_('S3', 'S2')_t5_min: 7427
	F17_('E2', 'S2')_tb: 31632
	F16_('S3', 'S2')_t5_max: 12997
	F15_('S5', 'S4')_t5_min: 119055
	F8_('S4', 'S3')_t3_max: 7290
	F19_('E1', 'S1')_tb: 32429
	F6_('S3', 'S4')_tb: 5033
	F23_('E1', 'S1')_tb: 2847
	F0_('S1', 'E1')_t3_min: 21370
	F3_('E2', 'S2')_t3_min: 1082
	F22_('S2', 'E2')_t4_max: 23367
	F16_('E3', 'S3')_t4_min: 12922
	F8_('S1', 'E1')_t5_min: 7566
	F20_('S5', 'S4')_t5_max: 621
	F18_('S5', 'E5')_t5_min: 3470
	F22_('S2', 'E2')_t5_min: 23147
	F5_('E1', 'S1')_t5_min: 59609
	F8_('S2', 'S1')_t3_min: 7429
	F4_('E2', 'S2')_t5_min: 615
	F18_('S3', 'S4')_t5_min: 3429
	F4_('E2', 'S2')_t5_max: 615
	F12_('E1', 'S1')_t3_min: 60069
	F26_('S4', 'E4')_t3_min: 45723
	F21_('S5', 'E5')_t3_max: 5702
	F18_('S2', 'S3')_t3_min: 3256
	F7_('S1', 'S2')_t3_min: 4754
	F10_('S1', 'S2')_t5_min: 732
	F27_('S2', 'E2')_t4_max: 749
	F4_('S3', 'S4')_t3_min: 735
	F22_('S5', 'S4')_t5_max: 23022
	F18_('S5', 'E5')_t3_max: 3459
	F0_('S1', 'E1')_t5_max: 21728
	F1_('E2', 'S2')_t3_min: 40295
	F28_('S2', 'E2')_t5_min: 61411
	F21_('S5', 'E5')_t4_max: 5826
	F18_('S4', 'S5')_tb: 3436
	F8_('E5', 'S5')_t5_min: 7087
	F10_('S2', 'S3')_t3_min: 734
	F20_('S3', 'S2')_t3_max: 684
	F13_('S4', 'S3')_t5_max: 31508
	F23_('S1', 'S2')_tb: 2867
	F4_('S5', 'E5')_tb: 976
	F29_('S2', 'S3')_tb: 3558
	F27_('S4', 'S3')_tb: 375
	F26_('S2', 'S3')_t5_min: 45538
	F20_('S1', 'E1')_t3_max: 796
	F28_('E3', 'S3')_t3_min: 61332
	F29_('S4', 'S5')_t5_min: 3598
	F20_('S1', 'E1')_t3_min: 791
	F2_('E4', 'S4')_t4_max: 63481
	F7_('E1', 'S1')_t4_max: 4708
	F10_('S2', 'S3')_t5_min: 757
	F11_('E5', 'S5')_t4_min: 1703
	F19_('S4', 'E4')_t4_max: 32865
	F28_('S2', 'E2')_t5_max: 61669
	F19_('S1', 'S2')_t3_min: 32440
	F0_('E2', 'S2')_t4_min: 21166
	F27_('S3', 'S2')_t5_max: 618
	F20_('S2', 'S1')_t5_max: 789
	F5_('S2', 'S3')_t3_max: 59845
	F7_('S5', 'E5')_t3_min: 4953
	F13_('E5', 'S5')_tb: 31316
	F29_('S3', 'S4')_t3_max: 3577
	F28_('S2', 'E2')_t4_max: 61644
	F25_('S2', 'E2')_t5_min: 2979
	F4_('S4', 'S5')_t3_min: 853
	F23_('S1', 'S2')_t5_max: 3014
	F11_('E5', 'S5')_t5_max: 1797
	F22_('S4', 'S3')_t5_max: 23067
	F22_('S4', 'S3')_t5_min: 23067
	F18_('E1', 'S1')_t5_max: 3236
	F16_('E3', 'S3')_t4_max: 12922
	F5_('S1', 'S2')_t3_min: 59611
	F4_('E2', 'S2')_t4_max: 504
	F24_('E2', 'S2')_t4_min: 7457
	F16_('S3', 'S2')_tb: 12963
	F2_('E4', 'S4')_t4_min: 63481
	F16_('S3', 'S2')_t5_min: 12997
	F5_('S2', 'S3')_t3_min: 59711
	F0_('S1', 'E1')_t4_max: 21628
	F29_('S5', 'E5')_t3_min: 3600
	F6_('S5', 'E5')_t4_max: 5392
	F19_('S2', 'S3')_t3_min: 32456
	F12_('S2', 'S3')_t3_min: 60221
	F10_('E1', 'S1')_t5_max: 707
	F1_('S3', 'E3')_t5_min: 40500
	F2_('S4', 'S3')_t5_min: 63535
	F11_('S4', 'E4')_t3_min: 1900
	F22_('S3', 'S2')_t3_max: 23074
	F4_('E2', 'S2')_t3_min: 504
	F12_('S2', 'S3')_t5_min: 60295
	F8_('S5', 'S4')_t5_max: 7283
	F24_('E2', 'S2')_t3_min: 7457
	F25_('E1', 'S1')_tb: 2637
	F13_('S4', 'S3')_tb: 31490
	F0_('S2', 'S1')_t5_max: 21497
	F29_('S4', 'S5')_tb: 3586
	F6_('S3', 'S4')_t5_max: 5208
	F28_('S3', 'S2')_t5_max: 61513
	F12_('S3', 'E3')_t3_max: 60560
	F17_('S2', 'S3')_t5_min: 31704
	F29_('E1', 'S1')_tb: 3396
	F29_('S5', 'E5')_t5_max: 3999
	F23_('E1', 'S1')_t4_min: 2847
	F22_('S2', 'E2')_t3_min: 23109
	F9_('S4', 'E4')_t3_min: 15532
	F12_('E1', 'S1')_t4_max: 60069
	F26_('S4', 'E4')_t5_max: 45899
	F29_('S2', 'S3')_t3_min: 3424
	('S4', 'E4')_gcl_length: 4
	F11_('S4', 'E4')_t5_min: 1999
	F29_('S3', 'S4')_t5_max: 3713
	F27_('S3', 'S2')_t3_min: 495
	F15_('S4', 'E4')_t3_max: 119062
	F10_('E1', 'S1')_t5_min: 707
	('S3', 'S2')_gcl_length: 32
	F5_('S3', 'E3')_t4_max: 60198
	F7_('S2', 'S3')_tb: 4810
	F27_('E5', 'S5')_tb: 1
	F7_('S2', 'S3')_t5_max: 4854
	F7_('E1', 'S1')_tb: 4708
	F19_('S1', 'S2')_t5_min: 32454
	F14_('E5', 'S5')_t3_min: 12768
	F2_('E4', 'S4')_t5_min: 63507
	F23_('S1', 'S2')_t5_min: 2885
	F20_('S4', 'S3')_t3_max: 628
	F15_('E5', 'S5')_t5_max: 119021
	F18_('S4', 'S5')_t3_max: 3436
	F22_('E5', 'S5')_tb: 22815
	F10_('S3', 'E3')_tb: 759
	F14_('S3', 'S2')_t5_max: 13161
	F8_('S1', 'E1')_t3_max: 7506
	F6_('S3', 'S4')_t3_min: 5033
	F7_('S4', 'S5')_t5_max: 5080
	F28_('E3', 'S3')_t4_max: 61332
	F17_('S3', 'E3')_t5_max: 31999
	F5_('E1', 'S1')_tb: 59511
	F21_('S3', 'S4')_t3_min: 5385
	F24_('S2', 'S3')_t5_max: 7812
	('E5', 'S5')_gcl_length: 0
	F2_('S2', 'E2')_t3_max: 63828
	F5_('E1', 'S1')_t5_max: 59609
	F1_('S3', 'E3')_t4_max: 40691
	F11_('E5', 'S5')_t3_min: 1703
	F13_('S5', 'S4')_t5_min: 31354
	F18_('S4', 'S5')_t5_max: 3452
	F3_('S4', 'E4')_t5_min: 1435
	F7_('E1', 'S1')_t3_min: 4708
	F22_('S3', 'S2')_t5_min: 23107
	F15_('E5', 'S5')_t3_min: 118994
	F14_('S2', 'E2')_tb: 13163
	('E3', 'S3')_gcl_length: 0
	F20_('S4', 'S3')_t3_min: 494
	F18_('E1', 'S1')_t4_max: 3220
	F18_('S5', 'E5')_t5_max: 3599
	F5_('S3', 'E3')_t5_min: 59909
	F3_('S2', 'S3')_t3_min: 1167
	F15_('S4', 'E4')_t4_max: 119186
	F12_('S3', 'E3')_t5_max: 60758
	F5_('E1', 'S1')_t4_min: 59511
	F17_('S3', 'E3')_tb: 31706
	F24_('S3', 'E3')_t4_max: 7943
	F19_('E1', 'S1')_t5_max: 32438
	F14_('S5', 'S4')_t5_min: 12961
	F0_('E2', 'S2')_t5_max: 21266
	F23_('S3', 'E3')_t3_max: 3170
	F7_('S5', 'E5')_t5_max: 5255
	F21_('E3', 'S3')_t5_max: 5383
	F6_('S4', 'S5')_tb: 5215
	F21_('S3', 'S4')_t5_min: 5410
	F6_('S4', 'S5')_t3_max: 5215
	F2_('S2', 'E2')_t3_min: 63565
	F1_('E2', 'S2')_t5_min: 40362
	F27_('S3', 'S2')_t3_max: 500
	F20_('S5', 'S4')_t5_min: 492
	F29_('E1', 'S1')_t4_max: 3396
	F2_('S3', 'S2')_t5_max: 63821
	F23_('S2', 'S3')_tb: 2887
	F17_('S3', 'E3')_t5_min: 31741
	F22_('S5', 'S4')_t3_min: 22855
	F1_('S3', 'E3')_tb: 40433
	F7_('S2', 'S3')_t3_min: 4805
	F19_('E1', 'S1')_t5_min: 32438
	F20_('S4', 'S3')_t5_min: 677
	F9_('E5', 'S5')_t3_min: 15441
	F23_('S2', 'S3')_t5_min: 2905
	F3_('E2', 'S2')_t4_min: 1082
	('S5', 'S4')_gcl_length: 162
	F17_('E2', 'S2')_t5_min: 31667
	F9_('S4', 'E4')_t4_max: 15661
	F15_('E5', 'S5')_t5_min: 119021
	F8_('S3', 'S2')_t5_max: 7427
	F27_('S3', 'S2')_tb: 500
	F13_('S4', 'S3')_t3_min: 31356
	F12_('S2', 'S3')_t5_max: 60553
	F11_('S4', 'E4')_t3_max: 1905
	F4_('S2', 'S3')_t3_min: 617
	F29_('S5', 'E5')_tb: 3600
	F6_('E3', 'S3')_t4_max: 4985
	F18_('S4', 'S5')_t3_min: 3431
	F8_('S5', 'S4')_t5_min: 7154
	F24_('S3', 'E3')_t3_min: 7685
	F23_('E1', 'S1')_t4_max: 2847
	F7_('E1', 'S1')_t5_min: 4752
	F14_('S4', 'S3')_t5_min: 13061
	F15_('S4', 'E4')_t5_max: 119213
	F7_('S4', 'S5')_tb: 4907
	F2_('S3', 'S2')_t3_max: 63671
	F1_('E2', 'S2')_tb: 40295
	F22_('S4', 'S3')_t3_min: 22895
	F20_('E5', 'S5')_t4_max: 392
	F18_('S3', 'S4')_t3_min: 3408
	F13_('E5', 'S5')_t5_min: 31334
	F19_('S3', 'S4')_t5_min: 32476
	F29_('E1', 'S1')_t3_min: 3396
	F17_('E2', 'S2')_t5_max: 31667
	F10_('E1', 'S1')_t4_max: 689
	F12_('S3', 'E3')_t4_max: 60684
	F29_('S5', 'E5')_t5_min: 3612
	F10_('S2', 'S3')_t3_max: 739
	F21_('S4', 'S5')_t3_max: 5546
	F19_('E1', 'S1')_t3_min: 32429
	F25_('S1', 'S2')_t5_max: 2866
	F11_('S5', 'S4')_t5_max: 1898
	F5_('S2', 'S3')_t5_max: 60067
	F4_('S4', 'S5')_tb: 858
	F26_('S2', 'S3')_tb: 45491
	F20_('S2', 'S1')_t3_max: 740
	F1_('S3', 'E3')_t5_max: 40758
	F1_('E2', 'S2')_t4_min: 40295
	F28_('S3', 'S2')_t3_min: 61359
	F20_('S2', 'S1')_t3_min: 735
	F0_('S1', 'E1')_t5_min: 21470
	F5_('S3', 'E3')_t3_min: 59811
	F13_('E5', 'S5')_t5_max: 31334
	F3_('E2', 'S2')_t5_max: 1165
	F6_('E3', 'S3')_tb: 4985
	F3_('S3', 'S4')_tb: 1262
	F11_('E5', 'S5')_t4_max: 1703
	F7_('S1', 'S2')_tb: 4759
	F20_('E5', 'S5')_tb: 392
	F24_('S2', 'S3')_tb: 7571
	('S4', 'S3')_gcl_length: 64
	F12_('S1', 'S2')_tb: 60145
	F29_('S2', 'S3')_t5_min: 3570
	F3_('S2', 'S3')_t5_max: 1255
	F4_('S2', 'S3')_tb: 622
	F7_('S1', 'S2')_t5_max: 4803
	F29_('E1', 'S1')_t5_min: 3408
	F18_('S2', 'S3')_t5_min: 3406
	F20_('S4', 'S3')_t5_max: 677
	F23_('S3', 'E3')_t3_min: 2907
	F25_('E1', 'S1')_t3_min: 2637
	F16_('S2', 'E2')_t3_max: 13004
	F24_('S3', 'E3')_t5_min: 7797
	F7_('S3', 'S4')_t3_max: 4861
