0. Flow F0 [E3-->E2] with period 4000, payload 414B, e2e delay 4000us, jitter 400us
	('E3', 'S3'), Operation(2661, None, 2695)(2661, 2661)
	('S3', 'S2'), Operation(2697, None, 2860)(2697, 2826)
	('S2', 'E2'), Operation(2733, None, 3025)(2733, 2991)
1. Flow F1 [E1-->E3] with period 16000, payload 1045B, e2e delay 16000us, jitter 1600us
	('E1', 'S1'), Operation(15379, None, 15463)(15379, 15379)
	('S1', 'S2'), Operation(15465, 15470, 15554)(15470, 15470)
	('S2', 'S3'), Operation(15556, None, 15769)(15556, 15685)
	('S3', 'E3'), Operation(15642, None, 15984)(15642, 15900)
2. Flow F2 [E4-->E3] with period 2000, payload 270B, e2e delay 2000us, jitter 200us
	('E4', 'S4'), Operation(58, None, 80)(58, 58)
	('S4', 'S3'), Operation(82, 87, 109)(87, 87)
	('S3', 'E3'), Operation(111, None, 262)(111, 240)
3. Flow F3 [E2-->E3] with period 16000, payload 1192B, e2e delay 16000us, jitter 1600us
	('E2', 'S2'), Operation(15084, None, 15180)(15084, 15084)
	('S2', 'S3'), Operation(15182, 15187, 15283)(15187, 15187)
	('S3', 'E3'), Operation(15285, 15355, 15451)(15355, 15355)
4. Flow F4 [E4-->E1] with period 128000, payload 1084B, e2e delay 128000us, jitter 12800us
	('E4', 'S4'), Operation(122173, None, 122260)(122173, 122173)
	('S4', 'S3'), Operation(122262, None, 122478)(122262, 122391)
	('S3', 'S2'), Operation(122351, None, 122696)(122351, 122609)
	('S2', 'S1'), Operation(122440, None, 122914)(122440, 122827)
	('S1', 'E1'), Operation(122529, 123046, 123133)(123046, 123046)
5. Flow F5 [E2-->E4] with period 32000, payload 1239B, e2e delay 32000us, jitter 3200us
	('E2', 'S2'), Operation(29841, None, 29941)(29841, 29841)
	('S2', 'S3'), Operation(29943, None, 30172)(29943, 30072)
	('S3', 'S4'), Operation(30045, None, 30403)(30045, 30303)
	('S4', 'E4'), Operation(30147, None, 30634)(30147, 30534)
6. Flow F6 [E2-->E3] with period 8000, payload 967B, e2e delay 8000us, jitter 800us
	('E2', 'S2'), Operation(4652, None, 4730)(4652, 4652)
	('S2', 'S3'), Operation(4732, 4860, 4938)(4860, 4860)
	('S3', 'E3'), Operation(4940, None, 5147)(4940, 5069)
7. Flow F7 [E3-->E4] with period 8000, payload 364B, e2e delay 8000us, jitter 800us
	('E3', 'S3'), Operation(2744, None, 2774)(2744, 2744)
	('S3', 'S4'), Operation(2776, 2781, 2811)(2781, 2781)
	('S4', 'E4'), Operation(2813, None, 2972)(2813, 2942)
8. Flow F8 [E4-->E2] with period 2000, payload 867B, e2e delay 2000us, jitter 200us
	('E4', 'S4'), Operation(1228, None, 1298)(1228, 1228)
	('S4', 'S3'), Operation(1300, None, 1499)(1300, 1429)
	('S3', 'S2'), Operation(1372, None, 1700)(1372, 1630)
	('S2', 'E2'), Operation(1444, 1707, 1777)(1707, 1707)
9. Flow F9 [E3-->E4] with period 2000, payload 507B, e2e delay 2000us, jitter 200us
	('E3', 'S3'), Operation(1613, None, 1654)(1613, 1613)
	('S3', 'S4'), Operation(1656, None, 1826)(1656, 1785)
	('S4', 'E4'), Operation(1699, 1958, 1999)(1958, 1958)
10. Flow F10 [E5-->E1] with period 4000, payload 1331B, e2e delay 4000us, jitter 400us
	('E5', 'S5'), Operation(674, None, 781)(674, 674)
	('S5', 'S4'), Operation(783, None, 1019)(783, 912)
	('S4', 'S3'), Operation(892, 1026, 1133)(1026, 1026)
	('S3', 'S2'), Operation(1135, None, 1371)(1135, 1264)
	('S2', 'S1'), Operation(1244, 1840, 1947)(1840, 1840)
	('S1', 'E1'), Operation(1949, None, 2185)(1949, 2078)
11. Flow F11 [E2-->E1] with period 2000, payload 1097B, e2e delay 2000us, jitter 200us
	('E2', 'S2'), Operation(1, None, 89)(1, 1)
	('S2', 'S1'), Operation(91, 96, 184)(96, 96)
	('S1', 'E1'), Operation(186, None, 403)(186, 315)
12. Flow F12 [E3-->E4] with period 32000, payload 252B, e2e delay 32000us, jitter 3200us
	('E3', 'S3'), Operation(31074, None, 31095)(31074, 31074)
	('S3', 'S4'), Operation(31097, 31102, 31123)(31102, 31102)
	('S4', 'E4'), Operation(31125, None, 31275)(31125, 31254)
13. Flow F13 [E3-->E4] with period 2000, payload 593B, e2e delay 2000us, jitter 200us
	('E3', 'S3'), Operation(407, None, 455)(407, 407)
	('S3', 'S4'), Operation(457, 585, 633)(585, 585)
	('S4', 'E4'), Operation(635, None, 812)(635, 764)
14. Flow F14 [E2-->E3] with period 32000, payload 1458B, e2e delay 32000us, jitter 3200us
	('E2', 'S2'), Operation(11497, None, 11614)(11497, 11497)
	('S2', 'S3'), Operation(11616, None, 11862)(11616, 11745)
	('S3', 'E3'), Operation(11735, None, 12110)(11735, 11993)
15. Flow F15 [E3-->E2] with period 4000, payload 1094B, e2e delay 4000us, jitter 400us
	('E3', 'S3'), Operation(456, None, 544)(456, 456)
	('S3', 'S2'), Operation(546, None, 763)(546, 675)
	('S2', 'E2'), Operation(636, None, 982)(636, 894)
16. Flow F16 [E1-->E2] with period 2000, payload 1082B, e2e delay 2000us, jitter 200us
	('E1', 'S1'), Operation(1600, None, 1687)(1600, 1600)
	('S1', 'S2'), Operation(1689, None, 1905)(1689, 1818)
	('S2', 'E2'), Operation(1778, 1912, 1999)(1912, 1912)
17. Flow F17 [E1-->E3] with period 4000, payload 726B, e2e delay 4000us, jitter 400us
	('E1', 'S1'), Operation(3259, None, 3318)(3259, 3259)
	('S1', 'S2'), Operation(3320, 3325, 3384)(3325, 3325)
	('S2', 'S3'), Operation(3386, 3391, 3450)(3391, 3391)
	('S3', 'E3'), Operation(3452, 3582, 3641)(3582, 3582)
18. Flow F18 [E2-->E1] with period 32000, payload 1428B, e2e delay 32000us, jitter 3200us
	('E2', 'S2'), Operation(31246, None, 31361)(31246, 31246)
	('S2', 'S1'), Operation(31363, None, 31607)(31363, 31492)
	('S1', 'E1'), Operation(31480, None, 31853)(31480, 31738)
19. Flow F19 [E2-->E5] with period 8000, payload 1162B, e2e delay 8000us, jitter 800us
	('E2', 'S2'), Operation(7362, None, 7455)(7362, 7362)
	('S2', 'S3'), Operation(7457, 7462, 7555)(7462, 7462)
	('S3', 'S4'), Operation(7557, 7562, 7655)(7562, 7562)
	('S4', 'S5'), Operation(7657, 7682, 7775)(7682, 7682)
	('S5', 'E5'), Operation(7777, None, 7999)(7777, 7906)
20. Flow F20 [E1-->E2] with period 32000, payload 1499B, e2e delay 32000us, jitter 3200us
	('E1', 'S1'), Operation(30945, None, 31065)(30945, 30945)
	('S1', 'S2'), Operation(31067, None, 31316)(31067, 31196)
	('S2', 'E2'), Operation(31189, 31323, 31443)(31323, 31323)
21. Flow F21 [E4-->E2] with period 128000, payload 1470B, e2e delay 128000us, jitter 12800us
	('E4', 'S4'), Operation(64524, None, 64642)(64524, 64524)
	('S4', 'S3'), Operation(64644, None, 64891)(64644, 64773)
	('S3', 'S2'), Operation(64764, 65016, 65134)(65016, 65016)
	('S2', 'E2'), Operation(65136, None, 65383)(65136, 65265)
22. Flow F22 [E1-->E4] with period 2000, payload 1130B, e2e delay 2000us, jitter 200us
	('E1', 'S1'), Operation(753, None, 844)(753, 753)
	('S1', 'S2'), Operation(846, None, 1066)(846, 975)
	('S2', 'S3'), Operation(939, 1090, 1181)(1090, 1090)
	('S3', 'S4'), Operation(1183, None, 1403)(1183, 1312)
	('S4', 'E4'), Operation(1276, 1410, 1501)(1410, 1410)
23. Flow F23 [E5-->E1] with period 8000, payload 941B, e2e delay 8000us, jitter 800us
	('E5', 'S5'), Operation(6101, None, 6177)(6101, 6101)
	('S5', 'S4'), Operation(6179, 6184, 6260)(6184, 6184)
	('S4', 'S3'), Operation(6262, 6267, 6343)(6267, 6267)
	('S3', 'S2'), Operation(6345, 6350, 6426)(6350, 6350)
	('S2', 'S1'), Operation(6428, 6433, 6509)(6433, 6433)
	('S1', 'E1'), Operation(6511, None, 6716)(6511, 6640)
24. Flow F24 [E5-->E1] with period 64000, payload 164B, e2e delay 64000us, jitter 6400us
	('E5', 'S5'), Operation(62742, None, 62756)(62742, 62742)
	('S5', 'S4'), Operation(62758, 62886, 62900)(62886, 62886)
	('S4', 'S3'), Operation(62902, 63030, 63044)(63030, 63030)
	('S3', 'S2'), Operation(63046, None, 63189)(63046, 63175)
	('S2', 'S1'), Operation(63062, None, 63334)(63062, 63320)
	('S1', 'E1'), Operation(63078, None, 63479)(63078, 63465)
25. Flow F25 [E2-->E4] with period 64000, payload 290B, e2e delay 64000us, jitter 6400us
	('E2', 'S2'), Operation(62633, None, 62657)(62633, 62633)
	('S2', 'S3'), Operation(62659, 62789, 62813)(62789, 62789)
	('S3', 'S4'), Operation(62815, 62945, 62969)(62945, 62945)
	('S4', 'E4'), Operation(62971, None, 63124)(62971, 63100)
26. Flow F26 [E4-->E5] with period 16000, payload 700B, e2e delay 16000us, jitter 1600us
	('E4', 'S4'), Operation(1, None, 57)(1, 1)
	('S4', 'S5'), Operation(59, None, 244)(59, 188)
	('S5', 'E5'), Operation(117, None, 431)(117, 375)
27. Flow F27 [E5-->E3] with period 2000, payload 946B, e2e delay 2000us, jitter 200us
	('E5', 'S5'), Operation(1, None, 77)(1, 1)
	('S5', 'S4'), Operation(79, 84, 160)(84, 84)
	('S4', 'S3'), Operation(162, 185, 261)(185, 185)
	('S3', 'E3'), Operation(263, None, 468)(263, 392)
28. Flow F28 [E2-->E1] with period 16000, payload 1011B, e2e delay 16000us, jitter 1600us
	('E2', 'S2'), Operation(14551, None, 14632)(14551, 14551)
	('S2', 'S1'), Operation(14634, None, 14844)(14634, 14763)
	('S1', 'E1'), Operation(14717, None, 15056)(14717, 14975)
29. Flow F29 [E4-->E5] with period 4000, payload 69B, e2e delay 4000us, jitter 400us
	('E4', 'S4'), Operation(517, None, 523)(517, 517)
	('S4', 'S5'), Operation(525, None, 660)(525, 654)
	('S5', 'E5'), Operation(533, None, 797)(533, 791)

SMT variables: 
	F9_('S4', 'E4')_gc: True
	F1_('S1', 'S2')_t5_min: 15554
	('S2', 'S3')_gcl_cycle: 64000
	F14_('S3', 'E3')_rr: 0
	F27_('S5', 'S4')_rr: 32
	F24_('S5', 'S4')_t4_max: 62886
	F22_('S3', 'S4')_gc: False
	F27_('E5', 'S5')_rr: 0
	F8_('S3', 'S2')_t4_max: 1630
	F27_('S5', 'S4')_t4_min: 84
	F11_('S2', 'S1')_rr: 4
	('S4', 'S3')_gcl_cycle: 64000
	F16_('S1', 'S2')_t4_min: 1689
	F24_('S1', 'E1')_gc: False
	F25_('S2', 'S3')_gc: True
	F7_queue_index: 0
	F3_('S3', 'E3')_gc: True
	F17_('S1', 'S2')_t3_max: 3325
	F5_('S2', 'S3')_rr: 0
	F27_('S3', 'E3')_t4_min: 263
	F23_('S4', 'S3')_rr: 8
	F19_('S2', 'S3')_t4_max: 7462
	F28_('S2', 'S1')_t4_min: 14634
	F19_('E2', 'S2')_t4_min: 7362
	F7_('S3', 'S4')_rr: 8
	F22_queue_index: 0
	F8_('S4', 'S3')_t5_max: 1499
	F18_('E2', 'S2')_t5_min: 31361
	F2_('E4', 'S4')_rr: 0
	F24_('S3', 'S2')_t4_max: 63175
	F9_('S3', 'S4')_rr: 0
	F2_('S3', 'E3')_t5_min: 133
	F1_('S1', 'S2')_t4_max: 15470
	F8_('S3', 'S2')_t3_min: 1372
	F3_('S2', 'S3')_t4_max: 15187
	F16_('E1', 'S1')_t3_max: 1476
	F5_queue_index: 0
	F9_('S3', 'S4')_t4_min: 1656
	F25_('S2', 'S3')_t4_min: 62789
	F9_('E3', 'S3')_t5_max: 1654
	F23_('E5', 'S5')_t5_max: 6177
	F24_('E5', 'S5')_t3_max: 62618
	F23_('S4', 'S3')_gc: True
	F25_('S3', 'S4')_t4_min: 62945
	F15_('S3', 'S2')_t4_max: 675
	F9_('E3', 'S3')_rr: 0
	F12_('S4', 'E4')_gc: False
	F29_('S4', 'S5')_t4_max: 654
	F0_('S3', 'S2')_t3_max: 2702
	F10_('S3', 'S2')_t4_min: 1135
	F5_('S3', 'S4')_t4_min: 30045
	F13_('S4', 'E4')_t4_min: 635
	F9_('S3', 'S4')_t3_max: 1661
	F20_('S1', 'S2')_t4_min: 31067
	F12_('S3', 'S4')_gc: True
	F13_jitter: 129
	F13_('E3', 'S3')_gc: False
	F1_jitter: 258
	F5_('S2', 'S3')_t4_min: 29943
	F12_('S3', 'S4')_t4_min: 31102
	F13_('S3', 'S4')_t4_min: 585
	F16_('S2', 'E2')_t4_min: 1912
	F23_('S1', 'E1')_t4_min: 6511
	F15_jitter: 258
	F18_('S2', 'S1')_t3_max: 31368
	F24_('S4', 'S3')_t4_max: 63030
	F12_('E3', 'S3')_t3_max: 30950
	F14_('E2', 'S2')_t3_max: 11373
	F23_('S4', 'S3')_t4_min: 6267
	F4_('S3', 'S2')_t4_min: 122351
	F14_('S2', 'S3')_gc: False
	F10_('S3', 'S2')_t4_max: 1264
	F24_('S4', 'S3')_rr: 1
	F20_('S1', 'S2')_gc: False
	F10_('E5', 'S5')_t4_max: 674
	F3_('S3', 'E3')_t4_max: 15355
	F29_('E4', 'S4')_gc: False
	F6_queue_index: 0
	F4_('S1', 'E1')_gc: True
	F17_('E1', 'S1')_t3_max: 3135
	F25_queue_index: 0
	F26_('S4', 'S5')_t4_max: 188
	F10_('S1', 'E1')_t5_min: 2056
	F25_('S2', 'S3')_t4_max: 62789
	F19_('S3', 'S4')_rr: 8
	F21_('E4', 'S4')_t3_max: 64400
	F17_('S2', 'S3')_gc: True
	F9_('E3', 'S3')_gc: False
	('E2', 'S2')_gcl_cycle: 1
	F16_('S1', 'S2')_gc: False
	F22_('S1', 'S2')_t4_min: 846
	F7_('S4', 'E4')_t4_min: 2813
	('S2', 'E2')_gcl_cycle: 32000
	F28_('S2', 'S1')_t4_max: 14763
	F24_('S4', 'S3')_t4_min: 63030
	F13_('E3', 'S3')_t3_max: 283
	F7_('S3', 'S4')_t3_max: 2781
	F14_('S2', 'S3')_rr: 0
	F7_('S3', 'S4')_t5_max: 2811
	F2_('S4', 'S3')_gc: True
	F5_('S2', 'S3')_t4_max: 30072
	F4_('E4', 'S4')_t3_max: 122049
	F9_('S3', 'S4')_t4_max: 1785
	F14_('S3', 'E3')_gc: False
	('S3', 'E3')_gcl_cycle: 16000
	F28_('S2', 'S1')_gc: False
	F1_('S2', 'S3')_gc: False
	F17_('S1', 'S2')_t4_max: 3325
	F4_('S2', 'S1')_gc: False
	F7_('E3', 'S3')_gc: False
	F24_('S5', 'S4')_t4_min: 62886
	F27_('E5', 'S5')_t3_min: 1
	F21_('S3', 'S2')_rr: 1
	F5_('S2', 'S3')_gc: False
	F14_('S2', 'S3')_t3_max: 11621
	F22_jitter: 0
	F4_('S1', 'E1')_rr: 1
	F27_('S3', 'E3')_rr: 0
	F29_('S5', 'E5')_rr: 0
	F25_('S3', 'S4')_rr: 1
	F1_('E1', 'S1')_gc: False
	F8_('S3', 'S2')_gc: False
	F3_('S2', 'S3')_t4_min: 15187
	F11_('E2', 'S2')_t4_max: 1
	F28_jitter: 258
	F15_('S3', 'S2')_rr: 0
	F27_('S4', 'S3')_t4_max: 185
	F8_('S3', 'S2')_rr: 0
	F10_('E5', 'S5')_t3_max: 550
	F27_('E5', 'S5')_gc: False
	F6_('E2', 'S2')_gc: False
	F8_('E4', 'S4')_gc: False
	F3_('S3', 'E3')_t4_min: 15355
	F18_('S2', 'S1')_t4_min: 31363
	F4_('E4', 'S4')_rr: 0
	F7_('E3', 'S3')_t3_max: 2620
	F21_('S2', 'E2')_t4_min: 65136
	F11_('S2', 'S1')_t4_min: 96
	F16_('S2', 'E2')_tb: 1912
	F10_('S3', 'S2')_gc: False
	F6_('S2', 'S3')_gc: True
	F27_('S4', 'S3')_rr: 32
	F14_('S2', 'S3')_t3_min: 11616
	F4_('S3', 'S2')_rr: 0
	F5_('S3', 'S4')_gc: False
	F24_('E5', 'S5')_gc: False
	F25_('E2', 'S2')_t4_min: 62633
	F4_('E4', 'S4')_gc: False
	F2_('S4', 'S3')_t3_max: 87
	F3_('S2', 'S3')_gc: True
	F10_('E5', 'S5')_t3_min: 674
	F21_('S2', 'E2')_t5_min: 65254
	F1_('E1', 'S1')_rr: 0
	F17_('E1', 'S1')_gc: False
	F6_('S3', 'E3')_t4_min: 4940
	F2_('S4', 'S3')_t4_min: 87
	F12_('E3', 'S3')_rr: 0
	F8_('S2', 'E2')_gc: True
	F22_('S3', 'S4')_t4_max: 1312
	F10_('S4', 'S3')_rr: 16
	F18_('S2', 'S1')_t4_max: 31492
	F13_('S3', 'S4')_rr: 32
	F1_('E1', 'S1')_t5_min: 15463
	F25_('E2', 'S2')_t3_max: 62509
	F23_('S5', 'S4')_t3_max: 6184
	F8_('E4', 'S4')_t3_max: 1104
	F17_('S3', 'E3')_rr: 4
	F8_('S2', 'E2')_t4_min: 1707
	F24_('S4', 'S3')_gc: True
	F0_('E3', 'S3')_t4_min: 2661
	F3_('E2', 'S2')_rr: 0
	F23_('S2', 'S1')_gc: True
	F4_('S2', 'S1')_rr: 0
	F6_('S2', 'S3')_t4_max: 4860
	F26_('E4', 'S4')_gc: False
	F6_('E2', 'S2')_t3_max: 4528
	F14_('E2', 'S2')_gc: False
	F29_queue_index: 0
	F4_('S3', 'S2')_t4_max: 122609
	F6_('S3', 'E3')_gc: False
	F20_('E1', 'S1')_gc: False
	F23_('S5', 'S4')_rr: 8
	F29_('S4', 'S5')_rr: 0
	F8_jitter: 0
	F2_('S3', 'E3')_rr: 0
	F15_('S2', 'E2')_gc: False
	F7_('S4', 'E4')_rr: 0
	F23_queue_index: 0
	('E1', 'S1')_gcl_cycle: 1
	F3_('E2', 'S2')_t5_min: 15180
	F26_('E4', 'S4')_tb: 1
	F27_('E5', 'S5')_t4_min: 1
	F7_('S3', 'S4')_t5_min: 2811
	F20_('E1', 'S1')_t3_max: 30821
	F19_('S3', 'S4')_gc: True
	F21_('S4', 'S3')_t4_min: 64644
	F18_jitter: 258
	F15_('S2', 'E2')_t4_min: 636
	F28_('S1', 'E1')_t5_max: 15056
	F27_('S4', 'S3')_t4_min: 185
	F3_('S2', 'S3')_t3_max: 15187
	('S1', 'S2')_gcl_cycle: 16000
	F4_('S4', 'S3')_gc: False
	F10_('E5', 'S5')_gc: False
	F19_('S5', 'E5')_gc: False
	F11_('E2', 'S2')_gc: False
	F10_('S4', 'S3')_gc: True
	F21_('S4', 'S3')_t4_max: 64773
	F10_('S2', 'S1')_gc: True
	F13_('S3', 'S4')_t4_max: 585
	F21_('S4', 'S3')_t3_max: 64649
	F22_('S1', 'S2')_rr: 0
	F23_('S2', 'S1')_rr: 1
	F8_('S4', 'S3')_gc: False
	F19_('E2', 'S2')_tb: 7362
	F21_jitter: 129
	F12_('S3', 'S4')_rr: 2
	F27_('S5', 'S4')_t3_max: 84
	F10_('S5', 'S4')_gc: False
	F13_('S3', 'S4')_t5_min: 633
	F8_('E4', 'S4')_rr: 0
	F4_('S2', 'S1')_t4_min: 122440
	F10_('S2', 'S1')_t3_min: 1244
	F14_('E2', 'S2')_rr: 0
	F25_('S2', 'S3')_t5_min: 62813
	F8_('S2', 'E2')_t5_max: 1777
	F24_('S5', 'S4')_t3_max: 62763
	F3_('E2', 'S2')_gc: False
	F24_('S2', 'S1')_gc: False
	F22_('S3', 'S4')_rr: 0
	F25_('S2', 'S3')_rr: 1
	F11_queue_index: 0
	F28_('S1', 'E1')_gc: False
	F5_jitter: 387
	F15_('S2', 'E2')_rr: 0
	F28_('S1', 'E1')_t4_min: 14717
	F28_('S2', 'S1')_tb: 14634
	F18_('S1', 'E1')_rr: 0
	F19_queue_index: 0
	F23_('S3', 'S2')_t4_max: 6350
	F15_queue_index: 0
	F26_jitter: 258
	F24_('S5', 'S4')_t3_min: 62758
	F5_('S3', 'S4')_t4_max: 30303
	F19_('S4', 'S5')_gc: True
	F23_('S5', 'S4')_t4_max: 6184
	F29_('E4', 'S4')_t5_min: 523
	('S1', 'E1')_gcl_cycle: 128000
	F2_('S4', 'S3')_rr: 32
	F12_('S4', 'E4')_t4_min: 31125
	F9_('S4', 'E4')_rr: 1
	F15_('E3', 'S3')_tb: 456
	F1_('S3', 'E3')_t4_min: 15642
	F5_('S2', 'S3')_t3_max: 29948
	F21_('S3', 'S2')_t4_max: 65016
	F26_('S5', 'E5')_t4_min: 117
	F12_queue_index: 0
	F4_jitter: 0
	F19_('S4', 'S5')_t4_min: 7682
	F23_('S4', 'S3')_t4_max: 6267
	F20_queue_index: 0
	F25_('S2', 'S3')_tb: 62789
	F27_('S3', 'E3')_t3_max: 268
	F5_('S3', 'S4')_rr: 0
	F19_('S2', 'S3')_rr: 8
	F9_('E3', 'S3')_t3_max: 1489
	F20_('S2', 'E2')_rr: 1
	F6_('S2', 'S3')_rr: 8
	F28_('S2', 'S1')_t3_max: 14639
	F8_('S3', 'S2')_tb: 1372
	F25_('E2', 'S2')_rr: 0
	F15_('S3', 'S2')_t4_min: 546
	F20_jitter: 0
	F22_('S1', 'S2')_t4_max: 975
	F10_jitter: 129
	F15_('S3', 'S2')_t3_max: 551
	F22_('S4', 'E4')_gc: True
	F14_queue_index: 0
	F21_('S2', 'E2')_rr: 0
	F26_('S5', 'E5')_gc: False
	F10_('S5', 'S4')_t4_min: 783
	F2_('E4', 'S4')_t3_min: 58
	F1_('S3', 'E3')_gc: False
	F1_('S2', 'S3')_t3_min: 15556
	F5_('S4', 'E4')_gc: False
	F0_jitter: 258
	F20_('S2', 'E2')_t5_max: 31443
	F11_('S1', 'E1')_t4_min: 186
	F0_('S3', 'S2')_t4_max: 2826
	F28_('S1', 'E1')_rr: 0
	F11_('S2', 'S1')_t4_max: 96
	F19_('S3', 'S4')_t4_min: 7562
	F19_('E2', 'S2')_gc: False
	F20_('S2', 'E2')_gc: True
	F4_('S1', 'E1')_t4_min: 123046
	F19_('S4', 'S5')_t4_max: 7682
	F3_('S2', 'S3')_t5_min: 15283
	F10_('S2', 'S1')_rr: 2
	F23_('S2', 'S1')_t4_max: 6433
	F29_('S4', 'S5')_gc: False
	F18_('S2', 'S1')_rr: 0
	F19_('S5', 'E5')_rr: 0
	F23_('S1', 'E1')_rr: 0
	F14_('S2', 'S3')_t4_min: 11616
	F26_('E4', 'S4')_rr: 0
	F29_jitter: 258
	F22_('S2', 'S3')_gc: True
	F27_('S5', 'S4')_t4_max: 84
	F26_('E4', 'S4')_t5_max: 57
	F1_('E1', 'S1')_t3_max: 15255
	F4_('S4', 'S3')_rr: 0
	F12_('S3', 'S4')_t3_min: 31097
	F2_('E4', 'S4')_t3_max: -66
	F6_jitter: 129
	F17_('S1', 'S2')_t4_min: 3325
	F22_('S4', 'E4')_t5_max: 1501
	F25_('S4', 'E4')_gc: False
	F18_queue_index: 0
	F11_('E2', 'S2')_rr: 0
	F15_('E3', 'S3')_t3_max: 332
	F27_('S3', 'E3')_gc: False
	F9_jitter: 0
	F22_('S2', 'S3')_t4_max: 1090
	F3_queue_index: 0
	F8_('S4', 'S3')_t3_max: 1305
	F21_('E4', 'S4')_rr: 0
	F4_('S3', 'S2')_gc: False
	F24_('S4', 'S3')_t5_min: 63044
	F0_queue_index: 0
	F5_('S2', 'S3')_t5_min: 30043
	F16_queue_index: 0
	F28_queue_index: 0
	F11_('S1', 'E1')_rr: 0
	F22_('S3', 'S4')_t5_max: 1403
	F20_('E1', 'S1')_rr: 0
	F1_('S2', 'S3')_t4_max: 15685
	F29_('S5', 'E5')_t4_min: 533
	F27_('S5', 'S4')_gc: True
	F5_('S4', 'E4')_rr: 0
	F21_('S3', 'S2')_tb: 65016
	F6_('S3', 'E3')_rr: 0
	F7_('E3', 'S3')_rr: 0
	F22_('S1', 'S2')_t3_max: 851
	F0_('S3', 'S2')_gc: False
	F24_('S2', 'S1')_t4_min: 63062
	F0_('S3', 'S2')_t4_min: 2697
	F17_('S3', 'E3')_gc: True
	F26_('S5', 'E5')_rr: 0
	F3_('S2', 'S3')_rr: 4
	F3_('S3', 'E3')_rr: 1
	F5_('E2', 'S2')_rr: 0
	('E5', 'S5')_gcl_cycle: 1
	F22_('E1', 'S1')_rr: 0
	F24_('S1', 'E1')_rr: 0
	F21_('S2', 'E2')_t3_max: 65141
	F24_('S2', 'S1')_t4_max: 63320
	F22_('S1', 'S2')_gc: False
	F23_('S2', 'S1')_t4_min: 6433
	F10_('S1', 'E1')_gc: False
	F6_('E2', 'S2')_rr: 0
	F10_('E5', 'S5')_rr: 0
	F16_('E1', 'S1')_rr: 0
	F22_('S2', 'S3')_t4_min: 1090
	F6_('E2', 'S2')_t5_min: 4730
	F1_('S3', 'E3')_rr: 0
	F21_('S4', 'S3')_gc: False
	F17_('S3', 'E3')_t4_min: 3582
	('E3', 'S3')_gcl_cycle: 1
	F8_('S4', 'S3')_t4_max: 1429
	F20_('S1', 'S2')_t3_max: 31072
	F24_jitter: 387
	F17_('S2', 'S3')_rr: 16
	F20_('S1', 'S2')_rr: 0
	F22_('E1', 'S1')_t3_max: 629
	F10_('S2', 'S1')_t4_min: 1840
	F15_('E3', 'S3')_rr: 0
	F7_('S3', 'S4')_t4_max: 2781
	F19_('E2', 'S2')_t3_max: 7238
	F26_('S4', 'S5')_rr: 0
	F12_('S3', 'S4')_t3_max: 31102
	F25_('E2', 'S2')_tb: 62633
	F9_('S3', 'S4')_gc: False
	F25_('S2', 'S3')_t3_max: 62664
	F7_jitter: 129
	F10_('S5', 'S4')_t3_max: 788
	F23_('S2', 'S1')_t3_max: 6433
	F2_queue_index: 0
	F16_('S1', 'S2')_t4_max: 1818
	('S3', 'S4')_gcl_length: 102
	('S2', 'S1')_gcl_cycle: 8000
	F5_('S4', 'E4')_t4_min: 30147
	F10_('S5', 'S4')_rr: 0
	F6_('S2', 'S3')_t4_min: 4860
	F18_('S1', 'E1')_t3_max: 31614
	F9_('S3', 'S4')_t5_min: 1697
	F18_('E2', 'S2')_rr: 0
	F24_('S3', 'S2')_rr: 0
	F13_queue_index: 0
	F8_('S4', 'S3')_rr: 0
	F2_('S4', 'S3')_tb: 87
	F22_('S3', 'S4')_t4_min: 1183
	F13_('S3', 'S4')_gc: True
	F29_('S4', 'S5')_t4_min: 525
	F10_('S1', 'E1')_rr: 0
	F25_('S3', 'S4')_t4_max: 62945
	F16_('S1', 'S2')_t3_max: 1694
	F10_('S1', 'E1')_t4_min: 1949
	F2_('E4', 'S4')_gc: False
	F13_('S3', 'S4')_t3_max: 462
	F23_('E5', 'S5')_rr: 0
	F10_('S4', 'S3')_t4_min: 1026
	F19_('S5', 'E5')_t4_min: 7777
	F27_('S4', 'S3')_t3_min: 162
	F11_jitter: 129
	F22_('E1', 'S1')_gc: False
	F5_('E2', 'S2')_t3_max: 29717
	F26_('S4', 'S5')_gc: False
	F9_('S4', 'E4')_t4_min: 1958
	F0_('S2', 'E2')_rr: 0
	F23_('S5', 'S4')_t4_min: 6184
	F18_('E2', 'S2')_t3_max: 31122
	F3_('E2', 'S2')_t3_max: 14960
	F17_('S1', 'S2')_rr: 4
	F4_('S2', 'S1')_t4_max: 122827
	F27_jitter: 129
	F15_('E3', 'S3')_t5_min: 544
	F11_('E2', 'S2')_t3_max: -123
	F25_jitter: 129
	F20_('S1', 'S2')_t4_max: 31196
	F18_('S1', 'E1')_gc: False
	F24_('S3', 'S2')_t3_min: 63046
	F21_queue_index: 0
	F13_('S4', 'E4')_gc: False
	F17_('S2', 'S3')_t4_max: 3391
	F26_queue_index: 0
	F2_('E4', 'S4')_tb: 58
	F29_('E4', 'S4')_t3_max: 393
	F8_('S4', 'S3')_t3_min: 1300
	F28_('E2', 'S2')_gc: False
	F7_('S3', 'S4')_t4_min: 2781
	F10_('S4', 'S3')_t4_max: 1026
	F2_('S4', 'S3')_t4_max: 87
	F0_('S2', 'E2')_gc: False
	F4_queue_index: 0
	F24_('S3', 'S2')_t4_min: 63046
	F26_('S4', 'S5')_t4_min: 59
	F19_('S3', 'S4')_t3_min: 7557
	F28_('S2', 'S1')_rr: 0
	F23_('S3', 'S2')_gc: True
	F13_('S4', 'E4')_rr: 0
	F16_('E1', 'S1')_gc: False
	F0_('S3', 'S2')_rr: 0
	F23_('S1', 'E1')_gc: False
	F6_('S2', 'S3')_t3_max: 4737
	F25_('E2', 'S2')_t3_min: 62633
	F17_('S1', 'S2')_gc: True
	F24_('S2', 'S1')_rr: 0
	F14_jitter: 258
	F27_('E5', 'S5')_t3_max: -123
	F16_('S2', 'E2')_gc: True
	F4_('S4', 'S3')_t4_max: 122391
	F24_('S3', 'S2')_gc: False
	F10_queue_index: 0
	F16_('S1', 'S2')_t3_min: 1689
	F8_('S4', 'S3')_t4_min: 1300
	F29_('E4', 'S4')_rr: 0
	F14_('S3', 'E3')_t4_min: 11735
	('E4', 'S4')_gcl_cycle: 1
	F16_('E1', 'S1')_t4_min: 1600
	F25_('E2', 'S2')_gc: False
	F28_('E2', 'S2')_t4_max: 14551
	F22_('S2', 'S3')_rr: 32
	F1_('S1', 'S2')_gc: True
	('S4', 'S5')_gcl_cycle: 8000
	F23_('S3', 'S2')_t5_max: 6426
	F10_('S5', 'S4')_t4_max: 912
	F23_('E5', 'S5')_t3_max: 5977
	F19_('S4', 'S5')_rr: 1
	F11_('S2', 'S1')_t3_max: 96
	('S3', 'S4')_gcl_cycle: 64000
	F3_jitter: 0
	F27_queue_index: 0
	F25_('S4', 'E4')_t4_min: 62971
	('S5', 'S4')_gcl_cycle: 64000
	F0_('S2', 'E2')_t5_min: 2767
	F2_('S3', 'E3')_t4_min: 111
	F17_jitter: 0
	F19_('S2', 'S3')_gc: True
	F19_('S2', 'S3')_t3_max: 7462
	F21_('S3', 'S2')_t4_min: 65016
	F8_('S3', 'S2')_t3_max: 1506
	F26_('S4', 'S5')_t3_min: 59
	F0_('E3', 'S3')_t3_max: 2537
	F3_('S3', 'E3')_t3_min: 15285
	F9_queue_index: 0
	F12_jitter: 129
	F10_('S4', 'S3')_t3_max: 1026
	F16_('S2', 'E2')_rr: 16
	F22_('S2', 'S3')_t5_min: 1181
	F17_queue_index: 0
	F17_('S2', 'S3')_t4_min: 3391
	F0_('S2', 'E2')_t4_min: 2733
	F22_('S4', 'E4')_rr: 1
	F24_('E5', 'S5')_rr: 0
	F21_('E4', 'S4')_gc: False
	F8_queue_index: 0
	F1_('S1', 'S2')_rr: 1
	F29_('S5', 'E5')_gc: False
	F27_('S4', 'S3')_gc: True
	F5_('E2', 'S2')_gc: False
	F14_('S2', 'S3')_t4_max: 11745
	F23_('S3', 'S2')_t4_min: 6350
	F13_('E3', 'S3')_rr: 0
	('S3', 'S2')_gcl_cycle: 128000
	F12_('S4', 'E4')_rr: 0
	F25_('S3', 'S4')_gc: True
	F24_('S5', 'S4')_rr: 1
	F23_jitter: 129
	F15_('S3', 'S2')_gc: False
	F12_('S3', 'S4')_t4_max: 31102
	F26_('E4', 'S4')_t3_max: -123
	F17_('S2', 'S3')_tb: 3391
	F0_('E3', 'S3')_rr: 0
	F10_('S3', 'S2')_rr: 0
	('S5', 'E5')_gcl_cycle: 1
	F28_('E2', 'S2')_rr: 0
	F23_('E5', 'S5')_gc: False
	F1_queue_index: 0
	F10_('S2', 'S1')_t4_max: 1840
	F2_('S3', 'E3')_gc: False
	F19_jitter: 129
	F2_jitter: 129
	F8_('S3', 'S2')_t4_min: 1372
	F10_('S1', 'E1')_tb: 1949
	F21_('S3', 'S2')_gc: True
	F7_('S4', 'E4')_gc: False
	F7_('S3', 'S4')_gc: True
	F18_('S1', 'E1')_t4_min: 31480
	F19_('S2', 'S3')_t4_min: 7462
	F23_('S5', 'S4')_gc: True
	F4_('S4', 'S3')_t4_min: 122262
	F16_jitter: 0
	F8_('E4', 'S4')_t4_max: 1228
	F16_('S1', 'S2')_rr: 0
	F24_('S5', 'S4')_gc: True
	F12_('E3', 'S3')_gc: False
	F18_('S2', 'S1')_gc: False
	F23_('S3', 'S2')_rr: 16
	F25_('S4', 'E4')_rr: 0
	F1_('S2', 'S3')_t4_min: 15556
	F26_('S4', 'S5')_t3_max: 64
	F8_('S2', 'E2')_rr: 16
	F28_('E2', 'S2')_t3_max: 14427
	F18_('E2', 'S2')_gc: False
	F20_('S2', 'E2')_t4_min: 31323
	F0_('E3', 'S3')_gc: False
	F1_('S1', 'S2')_t4_min: 15470
	F4_('S4', 'S3')_t3_max: 122267
	F22_('E1', 'S1')_tb: 753
	F3_('E2', 'S2')_t4_max: 15084
	F24_('S1', 'E1')_t4_min: 63078
	('S4', 'E4')_gcl_cycle: 2000
	F6_('E2', 'S2')_t5_max: 4730
	F19_('S3', 'S4')_t4_max: 7562
	F29_('S4', 'S5')_t3_max: 530
	F7_('S4', 'E4')_t4_max: 2942
	F22_('S4', 'E4')_t4_min: 1410
	F24_queue_index: 0
	F1_('S2', 'S3')_rr: 0
	F1_('S1', 'S2')_t3_max: 15470
	F11_('S2', 'S1')_gc: True
	F15_('E3', 'S3')_gc: False
	F17_('E1', 'S1')_rr: 0
	F11_('S1', 'E1')_gc: False
	F19_('E2', 'S2')_rr: 0
	F21_('S2', 'E2')_gc: False
	F19_('S3', 'S4')_t3_max: 7562
	F21_('S4', 'S3')_rr: 0
	F6_('S3', 'E3')_t3_min: 4940
	F27_('E5', 'S5')_t4_max: 1
	F24_('S2', 'S1')_t3_max: 63196
	F24_('E5', 'S5')_t5_max: 62756
	F22_('S3', 'S4')_t3_max: 1188
	F19_('S2', 'S3')_tb: 7462
	F14_('S2', 'S3')_tb: 11616
	F29_('E4', 'S4')_t3_min: 517
	F27_('S4', 'S3')_t5_max: 261
	F4_('S4', 'S3')_t3_min: 122262
	F0_('E3', 'S3')_tb: 2661
	F10_('S4', 'S3')_t5_min: 1133
	F17_('S3', 'E3')_t3_min: 3452
	F6_('S3', 'E3')_t5_min: 5018
	F28_('S1', 'E1')_t4_max: 14975
	F13_('S3', 'S4')_tb: 585
	F20_('S1', 'S2')_t5_min: 31187
	F20_('E1', 'S1')_t4_max: 30945
	F17_('S3', 'E3')_t3_max: 3457
	F13_('S4', 'E4')_t5_max: 812
	F8_('S2', 'E2')_t3_max: 1707
	F4_('S4', 'S3')_t5_min: 122349
	F5_('S3', 'S4')_t5_max: 30403
	F8_('S4', 'S3')_t5_min: 1370
	F22_('S3', 'S4')_tb: 1183
	F0_('S2', 'E2')_t3_min: 2733
	F10_('S1', 'E1')_t5_max: 2185
	F18_('S1', 'E1')_tb: 31480
	F19_('E2', 'S2')_t3_min: 7362
	F14_('S3', 'E3')_t3_max: 11869
	F5_('S3', 'S4')_tb: 30045
	F1_('S1', 'S2')_tb: 15470
	F27_('S5', 'S4')_t5_max: 160
	F25_('E2', 'S2')_t5_min: 62657
	F11_('S1', 'E1')_t4_max: 315
	F14_('E2', 'S2')_t5_min: 11614
	F7_('S4', 'E4')_t3_max: 2818
	F25_('S4', 'E4')_t3_max: 62976
	F11_('S2', 'S1')_tb: 96
	F1_('S3', 'E3')_t3_max: 15776
	F22_('S4', 'E4')_t4_max: 1410
	F21_('S2', 'E2')_t5_max: 65383
	F23_('S1', 'E1')_t3_min: 6511
	F17_('E1', 'S1')_t4_max: 3259
	F9_('S3', 'S4')_t3_min: 1656
	F0_('E3', 'S3')_t5_min: 2695
	F24_('S5', 'S4')_tb: 62886
	F11_('S1', 'E1')_t3_min: 186
	F13_('S4', 'E4')_tb: 635
	F10_('S4', 'S3')_tb: 1026
	F28_('E2', 'S2')_tb: 14551
	F23_('S2', 'S1')_t5_min: 6509
	F6_('S3', 'E3')_t5_max: 5147
	F15_('S3', 'S2')_t5_max: 763
	F20_('S1', 'S2')_t3_min: 31067
	F7_('S3', 'S4')_tb: 2781
	('S5', 'E5')_gcl_length: 0
	F12_('S4', 'E4')_t4_max: 31254
	F10_('E5', 'S5')_t5_min: 781
	F29_('S5', 'E5')_t4_max: 791
	F21_('S4', 'S3')_tb: 64644
	F14_('S3', 'E3')_tb: 11735
	F17_('E1', 'S1')_t3_min: 3259
	F10_('S3', 'S2')_t5_min: 1242
	F22_('S1', 'S2')_tb: 846
	F18_('S2', 'S1')_tb: 31363
	F21_('E4', 'S4')_t3_min: 64524
	F8_('E4', 'S4')_t3_min: 1228
	F28_('S2', 'S1')_t5_min: 14715
	F19_('S4', 'S5')_t3_max: 7662
	F10_('S1', 'E1')_t4_max: 2078
	F4_('S3', 'S2')_t3_max: 122485
	F13_('E3', 'S3')_t3_min: 407
	F10_('S3', 'S2')_t5_max: 1371
	F6_('S3', 'E3')_t3_max: 4945
	F22_('S3', 'S4')_t3_min: 1183
	F13_('E3', 'S3')_t5_max: 455
	F8_('S2', 'E2')_t3_min: 1444
	F0_('E3', 'S3')_t5_max: 2695
	F19_('S4', 'S5')_tb: 7682
	F14_('E2', 'S2')_t4_min: 11497
	F23_('S4', 'S3')_t3_min: 6262
	F18_('S2', 'S1')_t5_min: 31478
	F18_('E2', 'S2')_tb: 31246
	F12_('E3', 'S3')_t4_min: 31074
	F4_('S1', 'E1')_tb: 123046
	F4_('S2', 'S1')_tb: 122440
	F0_('S3', 'S2')_tb: 2697
	F25_('S3', 'S4')_t3_min: 62815
	F14_('S2', 'S3')_t5_min: 11733
	F16_('S2', 'E2')_t5_min: 1999
	F17_('S1', 'S2')_tb: 3325
	F6_('S2', 'S3')_tb: 4860
	F17_('S3', 'E3')_t4_max: 3582
	('S1', 'S2')_gcl_length: 10
	F5_('S3', 'S4')_t3_max: 30179
	F19_('S3', 'S4')_tb: 7562
	F21_('E4', 'S4')_t4_min: 64524
	('S1', 'E1')_gcl_length: 2
	F17_('E1', 'S1')_t4_min: 3259
	F16_('E1', 'S1')_t5_max: 1687
	F22_('S2', 'S3')_tb: 1090
	F8_('E4', 'S4')_t5_max: 1298
	F23_('S3', 'S2')_t5_min: 6426
	F27_('S3', 'E3')_t3_min: 263
	F25_('S3', 'S4')_t3_max: 62820
	F23_('S2', 'S1')_t3_min: 6428
	F11_('S2', 'S1')_t3_min: 91
	F15_('E3', 'S3')_t4_min: 456
	F27_('E5', 'S5')_t5_min: 77
	F28_('E2', 'S2')_t5_max: 14632
	F9_('E3', 'S3')_t4_max: 1613
	F24_('S2', 'S1')_tb: 63062
	F26_('E4', 'S4')_t4_min: 1
	F7_('E3', 'S3')_t5_max: 2774
	F4_('S3', 'S2')_t3_min: 122351
	F11_('E2', 'S2')_t4_min: 1
	F22_('S3', 'S4')_t5_min: 1274
	F19_('S5', 'E5')_t3_max: 7782
	F3_('S3', 'E3')_t3_max: 15290
	F3_('S2', 'S3')_tb: 15187
	F3_('E2', 'S2')_tb: 15084
	F24_('S2', 'S1')_t5_max: 63334
	F21_('S3', 'S2')_t5_min: 65134
	F6_('S2', 'S3')_t5_max: 4938
	F19_('S2', 'S3')_t5_max: 7555
	F1_('S2', 'S3')_tb: 15556
	F12_('E3', 'S3')_t3_min: 31074
	F19_('S5', 'E5')_t3_min: 7777
	F2_('S4', 'S3')_t5_max: 109
	('S2', 'S3')_gcl_length: 138
	F24_('S4', 'S3')_tb: 63030
	F1_('S2', 'S3')_t5_max: 15769
	F1_('S1', 'S2')_t5_max: 15554
	F8_('S4', 'S3')_tb: 1300
	F4_('S2', 'S1')_t3_max: 122703
	F20_('S2', 'E2')_t4_max: 31323
	F22_('E1', 'S1')_t5_min: 844
	F16_('S2', 'E2')_t3_min: 1778
	F10_('S2', 'S1')_tb: 1840
	F29_('S4', 'S5')_t5_max: 660
	F23_('S2', 'S1')_t5_max: 6509
	F9_('E3', 'S3')_t3_min: 1613
	F25_('S4', 'E4')_tb: 62971
	F29_('E4', 'S4')_t4_min: 517
	F2_('E4', 'S4')_t5_max: 80
	F5_('S2', 'S3')_tb: 29943
	F4_('S2', 'S1')_t5_max: 122914
	F26_('S5', 'E5')_t4_max: 375
	F2_('S3', 'E3')_t3_min: 111
	F10_('S1', 'E1')_t3_min: 1949
	F26_('S5', 'E5')_t3_min: 117
	F29_('S4', 'S5')_t3_min: 525
	F15_('E3', 'S3')_t3_min: 456
	F17_('S2', 'S3')_t3_max: 3391
	F4_('S2', 'S1')_t3_min: 122440
	F21_('S4', 'S3')_t5_min: 64762
	F23_('S5', 'S4')_t5_max: 6260
	('S2', 'S1')_gcl_length: 14
	F26_('E4', 'S4')_t3_min: 1
	F15_('S3', 'S2')_tb: 546
	F23_('S4', 'S3')_t3_max: 6267
	F16_('S2', 'E2')_t4_max: 1912
	F7_('S4', 'E4')_tb: 2813
	F25_('S4', 'E4')_t4_max: 63100
	F8_('E4', 'S4')_t5_min: 1298
	F23_('S5', 'S4')_t3_min: 6179
	F5_('E2', 'S2')_t4_min: 29841
	F14_('E2', 'S2')_t4_max: 11497
	F24_('S3', 'S2')_tb: 63046
	F23_('S1', 'E1')_t5_min: 6587
	F13_('S3', 'S4')_t5_max: 633
	F5_('E2', 'S2')_t5_min: 29941
	F24_('S3', 'S2')_t3_max: 63051
	F25_('S3', 'S4')_t5_min: 62969
	F24_('S4', 'S3')_t3_min: 62902
	F10_('S3', 'S2')_t3_min: 1135
	F4_('E4', 'S4')_t4_min: 122173
	('S3', 'E3')_gcl_length: 10
	F28_('S1', 'E1')_t3_max: 14851
	F24_('S2', 'S1')_t3_min: 63062
	F14_('S2', 'S3')_t5_max: 11862
	F25_('S4', 'E4')_t5_max: 63124
	F4_('E4', 'S4')_t3_min: 122173
	F15_('S2', 'E2')_t3_min: 636
	F10_('E5', 'S5')_t5_max: 781
	F5_('E2', 'S2')_t4_max: 29841
	F19_('S2', 'S3')_t5_min: 7555
	('E2', 'S2')_gcl_length: 0
	F7_('S3', 'S4')_t3_min: 2776
	F24_('S1', 'E1')_t3_max: 63341
	F22_('E1', 'S1')_t4_min: 753
	F8_('S2', 'E2')_t4_max: 1707
	F27_('S4', 'S3')_t5_min: 261
	F15_('S3', 'S2')_t3_min: 546
	F22_('E1', 'S1')_t4_max: 753
	F9_('S4', 'E4')_tb: 1958
	F12_('S3', 'S4')_t5_min: 31123
	F12_('S4', 'E4')_t5_min: 31146
	F0_('S2', 'E2')_t5_max: 3025
	F28_('S1', 'E1')_tb: 14717
	F9_('S4', 'E4')_t3_max: 1833
	F4_('S1', 'E1')_t5_min: 123133
	('S4', 'S5')_gcl_length: 2
	F24_('S1', 'E1')_tb: 63078
	F27_('E5', 'S5')_t5_max: 77
	F23_('S3', 'S2')_t3_max: 6350
	F4_('S3', 'S2')_tb: 122351
	F14_('S3', 'E3')_t5_min: 11852
	F28_('S1', 'E1')_t5_min: 14798
	F26_('S4', 'S5')_t5_min: 115
	F25_('S2', 'S3')_t3_min: 62659
	F19_('S4', 'S5')_t5_min: 7775
	F10_('S5', 'S4')_t5_max: 1019
	F5_('S4', 'E4')_t4_max: 30534
	F13_('S4', 'E4')_t5_min: 683
	F2_('S3', 'E3')_t3_max: 116
	F26_('S5', 'E5')_t5_max: 431
	F22_('E1', 'S1')_t5_max: 844
	F16_('E1', 'S1')_tb: 1600
	F24_('E5', 'S5')_t3_min: 62742
	F11_('E2', 'S2')_t5_min: 89
	F2_('S4', 'S3')_t3_min: 82
	F24_('S3', 'S2')_t5_max: 63189
	F21_('E4', 'S4')_t5_max: 64642
	F15_('E3', 'S3')_t4_max: 456
	F13_('E3', 'S3')_t4_min: 407
	F14_('S3', 'E3')_t5_max: 12110
	F22_('S4', 'E4')_tb: 1410
	F1_('S3', 'E3')_t3_min: 15642
	F18_('S1', 'E1')_t5_min: 31595
	F10_('S5', 'S4')_tb: 783
	F26_('E4', 'S4')_t4_max: 1
	F23_('S4', 'S3')_t5_min: 6343
	F15_('E3', 'S3')_t5_max: 544
	F9_('S4', 'E4')_t5_min: 1999
	F4_('S2', 'S1')_t5_min: 122527
	F17_('S2', 'S3')_t3_min: 3386
	F1_('E1', 'S1')_t3_min: 15379
	F24_('E5', 'S5')_t4_max: 62742
	('E4', 'S4')_gcl_length: 0
	F18_('S1', 'E1')_t3_min: 31480
	('S2', 'E2')_gcl_length: 66
	F19_('S3', 'S4')_t5_max: 7655
	F6_('S3', 'E3')_tb: 4940
	F23_('S4', 'S3')_tb: 6267
	F7_('S4', 'E4')_t5_max: 2972
	F27_('S5', 'S4')_t3_min: 79
	F24_('S1', 'E1')_t4_max: 63465
	F27_('S4', 'S3')_t3_max: 167
	F24_('S1', 'E1')_t5_max: 63479
	F13_('S4', 'E4')_t4_max: 764
	F12_('S3', 'S4')_t5_max: 31123
	F5_('S3', 'S4')_t5_min: 30145
	F0_('S3', 'S2')_t3_min: 2697
	F10_('S2', 'S1')_t5_max: 1947
	F17_('S1', 'S2')_t5_max: 3384
	F5_('S4', 'E4')_tb: 30147
	F10_('S5', 'S4')_t3_min: 783
	F29_('S5', 'E5')_t3_max: 667
	F27_('S5', 'S4')_t5_min: 160
	F16_('S2', 'E2')_t5_max: 1999
	F7_('S4', 'E4')_t5_min: 2843
	F18_('S2', 'S1')_t5_max: 31607
	F11_('S1', 'E1')_t3_max: 191
	F15_('S2', 'E2')_t5_max: 982
	F17_('S2', 'S3')_t5_max: 3450
	F1_('S2', 'S3')_t5_min: 15640
	F16_('S1', 'S2')_t5_min: 1776
	F22_('S2', 'S3')_t3_min: 939
	F26_('S5', 'E5')_t5_min: 173
	F25_('S3', 'S4')_t5_max: 62969
	F13_('S4', 'E4')_t3_min: 635
	F20_('S2', 'E2')_t5_min: 31443
	F27_('S5', 'S4')_tb: 84
	F8_('S3', 'S2')_t5_min: 1442
	F6_('E2', 'S2')_t4_min: 4652
	('E1', 'S1')_gcl_length: 0
	F8_('E4', 'S4')_t4_min: 1228
	F23_('E5', 'S5')_t3_min: 6101
	F16_('E1', 'S1')_t5_min: 1687
	F10_('S1', 'E1')_t3_max: 1954
	F18_('S1', 'E1')_t5_max: 31853
	F3_('E2', 'S2')_t3_min: 15084
	F28_('E2', 'S2')_t4_min: 14551
	F21_('S3', 'S2')_t5_max: 65134
	F17_('E1', 'S1')_t5_max: 3318
	F17_('S1', 'S2')_t3_min: 3320
	F17_('E1', 'S1')_tb: 3259
	F25_('E2', 'S2')_t5_max: 62657
	F28_('S2', 'S1')_t5_max: 14844
	F27_('S3', 'E3')_t4_max: 392
	F12_('S4', 'E4')_t3_min: 31125
	F29_('E4', 'S4')_t4_max: 517
	F18_('S1', 'E1')_t4_max: 31738
	F20_('E1', 'S1')_t5_max: 31065
	F1_('S1', 'S2')_t3_min: 15465
	F24_('E5', 'S5')_tb: 62742
	F23_('S3', 'S2')_tb: 6350
	F4_('S3', 'S2')_t5_max: 122696
	F12_('S3', 'S4')_tb: 31102
	F28_('E2', 'S2')_t5_min: 14632
	F21_('S2', 'E2')_tb: 65136
	F5_('S4', 'E4')_t5_min: 30247
	F0_('S3', 'S2')_t5_max: 2860
	F4_('E4', 'S4')_t4_max: 122173
	F2_('S3', 'E3')_tb: 111
	F1_('E1', 'S1')_tb: 15379
	F3_('S3', 'E3')_t5_max: 15451
	F8_('S2', 'E2')_tb: 1707
	F19_('E2', 'S2')_t4_max: 7362
	F26_('S5', 'E5')_t3_max: 251
	F16_('E1', 'S1')_t4_max: 1600
	F11_('S1', 'E1')_t5_min: 274
	F24_('S1', 'E1')_t5_min: 63092
	F23_('S5', 'S4')_t5_min: 6260
	F23_('S4', 'S3')_t5_max: 6343
	F23_('E5', 'S5')_t4_min: 6101
	F4_('S4', 'S3')_t5_max: 122478
	F14_('S3', 'E3')_t3_min: 11735
	F27_('S4', 'S3')_tb: 185
	F29_('E4', 'S4')_t5_max: 523
	F7_('E3', 'S3')_tb: 2744
	F4_('E4', 'S4')_tb: 122173
	F25_('S3', 'S4')_tb: 62945
	F20_('E1', 'S1')_t4_min: 30945
	F4_('E4', 'S4')_t5_min: 122260
	F2_('E4', 'S4')_t4_max: 58
	F29_('S4', 'S5')_t5_min: 531
	F16_('S1', 'S2')_tb: 1689
	F9_('E3', 'S3')_t4_min: 1613
	F22_('S4', 'E4')_t5_min: 1501
	F17_('S1', 'S2')_t5_min: 3384
	F19_('S5', 'E5')_t5_max: 7999
	F18_('E2', 'S2')_t4_min: 31246
	F10_('S5', 'S4')_t5_min: 890
	F12_('S4', 'E4')_t3_max: 31130
	F23_('S1', 'E1')_t4_max: 6640
	F10_('S3', 'S2')_tb: 1135
	F14_('S3', 'E3')_t4_max: 11993
	F0_('S3', 'S2')_t5_min: 2731
	F1_('E1', 'S1')_t4_max: 15379
	F1_('E1', 'S1')_t4_min: 15379
	F24_('S4', 'S3')_t3_max: 62907
	F20_('E1', 'S1')_t3_min: 30945
	F15_('S2', 'E2')_tb: 636
	F4_('S1', 'E1')_t4_max: 123046
	F9_('S3', 'S4')_tb: 1656
	F19_('E2', 'S2')_t5_min: 7455
	F2_('E4', 'S4')_t4_min: 58
	F14_('E2', 'S2')_t3_min: 11497
	F7_('S4', 'E4')_t3_min: 2813
	F5_('S2', 'S3')_t3_min: 29943
	F21_('E4', 'S4')_t4_max: 64524
	F29_('S5', 'E5')_t3_min: 533
	F7_('E3', 'S3')_t4_max: 2744
	F19_('S2', 'S3')_t3_min: 7457
	F2_('S3', 'E3')_t4_max: 240
	F1_('S3', 'E3')_t5_min: 15726
	F2_('S4', 'S3')_t5_min: 109
	F4_('E4', 'S4')_t5_max: 122260
	F12_('S4', 'E4')_tb: 31125
	F29_('S4', 'S5')_tb: 525
	F29_('E4', 'S4')_tb: 517
	F6_('S2', 'S3')_t3_min: 4732
	F0_('E3', 'S3')_t4_max: 2661
	F5_('S4', 'E4')_t3_max: 30410
	F23_('S3', 'S2')_t3_min: 6345
	F2_('S3', 'E3')_t5_max: 262
	F20_('S2', 'E2')_tb: 31323
	F28_('S1', 'E1')_t3_min: 14717
	F22_('S4', 'E4')_t3_max: 1410
	F17_('S2', 'S3')_t5_min: 3450
	F10_('S4', 'S3')_t3_min: 892
	F9_('S3', 'S4')_t5_max: 1826
	F27_('S3', 'E3')_t5_max: 468
	F29_('S5', 'E5')_t5_max: 797
	F9_('S4', 'E4')_t3_min: 1699
	F22_('S1', 'S2')_t3_min: 846
	F21_('S4', 'S3')_t5_max: 64891
	F27_('S3', 'E3')_tb: 263
	F17_('E1', 'S1')_t5_min: 3318
	('S4', 'E4')_gcl_length: 4
	F23_('S1', 'E1')_t5_max: 6716
	F14_('E2', 'S2')_t5_max: 11614
	F6_('E2', 'S2')_tb: 4652
	F26_('S4', 'S5')_t5_max: 244
	('S3', 'S2')_gcl_length: 34
	F5_('S4', 'E4')_t3_min: 30147
	F23_('S5', 'S4')_tb: 6184
	F21_('S3', 'S2')_t3_max: 64898
	F7_('E3', 'S3')_t5_min: 2774
	F23_('E5', 'S5')_tb: 6101
	F12_('E3', 'S3')_tb: 31074
	F16_('E1', 'S1')_t3_min: 1600
	F2_('E4', 'S4')_t5_min: 80
	F22_('S1', 'S2')_t5_min: 937
	F0_('S2', 'E2')_t4_max: 2991
	F27_('E5', 'S5')_tb: 1
	F19_('S5', 'E5')_tb: 7777
	F1_('E1', 'S1')_t5_max: 15463
	F10_('S3', 'S2')_t3_max: 1140
	F11_('S2', 'S1')_t5_min: 184
	F8_('E4', 'S4')_tb: 1228
	F17_('S3', 'E3')_t5_max: 3641
	F10_('S2', 'S1')_t3_max: 1378
	F24_('S5', 'S4')_t5_max: 62900
	('E5', 'S5')_gcl_length: 0
	F21_('E4', 'S4')_tb: 64524
	F12_('E3', 'S3')_t4_max: 31074
	F11_('S1', 'E1')_tb: 186
	F10_('E5', 'S5')_t4_min: 674
	F5_('S3', 'S4')_t3_min: 30045
	F4_('S1', 'E1')_t3_min: 122529
	F13_('E3', 'S3')_t4_max: 407
	F1_('S3', 'E3')_t4_max: 15900
	F22_('E1', 'S1')_t3_min: 753
	F13_('S3', 'S4')_t3_min: 457
	F25_('S4', 'E4')_t5_min: 62995
	F3_('S3', 'E3')_t5_min: 15451
	F14_('E2', 'S2')_tb: 11497
	F20_('S2', 'E2')_t3_min: 31189
	F13_('E3', 'S3')_t5_min: 455
	F22_('S2', 'S3')_t3_max: 1073
	('E3', 'S3')_gcl_length: 0
	F11_('E2', 'S2')_t3_min: 1
	F24_('S2', 'S1')_t5_min: 63076
	F4_('S4', 'S3')_tb: 122262
	F19_('S5', 'E5')_t4_max: 7906
	F3_('S2', 'S3')_t3_min: 15182
	F23_('E5', 'S5')_t5_min: 6177
	F12_('E3', 'S3')_t5_max: 31095
	F15_('S2', 'E2')_t3_max: 770
	F6_('E2', 'S2')_t4_max: 4652
	F11_('S2', 'S1')_t5_max: 184
	F18_('E2', 'S2')_t4_max: 31246
	F22_('S1', 'S2')_t5_max: 1066
	F10_('S2', 'S1')_t5_min: 1947
	F11_('E2', 'S2')_t5_max: 89
	F25_('S2', 'S3')_t5_max: 62813
	F17_('S3', 'E3')_tb: 3582
	F7_('E3', 'S3')_t3_min: 2744
	F8_('S2', 'E2')_t5_min: 1777
	F17_('S3', 'E3')_t5_min: 3641
	F16_('S1', 'S2')_t5_max: 1905
	F1_('S2', 'S3')_t3_max: 15561
	F12_('E3', 'S3')_t5_min: 31095
	F20_('E1', 'S1')_tb: 30945
	F1_('S3', 'E3')_tb: 15642
	F22_('S4', 'E4')_t3_min: 1276
	F19_('E2', 'S2')_t5_max: 7455
	F20_('E1', 'S1')_t5_min: 31065
	F27_('S3', 'E3')_t5_min: 339
	F3_('E2', 'S2')_t4_min: 15084
	F24_('S3', 'S2')_t5_min: 63060
	('S5', 'S4')_gcl_length: 82
	F7_('E3', 'S3')_t4_min: 2744
	F9_('S4', 'E4')_t4_max: 1958
	F8_('S3', 'S2')_t5_max: 1700
	F19_('S5', 'E5')_t5_min: 7870
	F25_('E2', 'S2')_t4_max: 62633
	F19_('S4', 'S5')_t3_min: 7657
	F5_('E2', 'S2')_t5_max: 29941
	F18_('E2', 'S2')_t3_min: 31246
	F29_('S5', 'E5')_tb: 533
	F10_('E5', 'S5')_tb: 674
	F24_('S4', 'S3')_t5_max: 63044
	F24_('E5', 'S5')_t5_min: 62756
	F15_('S2', 'E2')_t4_max: 894
	F19_('S4', 'S5')_t5_max: 7775
	F25_('S4', 'E4')_t3_min: 62971
	F21_('S2', 'E2')_t4_max: 65265
	F21_('S4', 'S3')_t3_min: 64644
	F22_('S2', 'S3')_t5_max: 1181
	F6_('E2', 'S2')_t3_min: 4652
	F11_('S1', 'E1')_t5_max: 403
	F18_('S2', 'S1')_t3_min: 31363
	F19_('S3', 'S4')_t5_min: 7655
	F9_('E3', 'S3')_tb: 1613
	F28_('E2', 'S2')_t3_min: 14551
	F9_('E3', 'S3')_t5_min: 1654
	F21_('E4', 'S4')_t5_min: 64642
	F23_('S2', 'S1')_tb: 6433
	F29_('S5', 'E5')_t5_min: 539
	F5_('E2', 'S2')_t3_min: 29841
	F10_('S4', 'S3')_t5_max: 1133
	F5_('S2', 'S3')_t5_max: 30172
	F18_('E2', 'S2')_t5_max: 31361
	F1_('S3', 'E3')_t5_max: 15984
	F24_('E5', 'S5')_t4_min: 62742
	F20_('S1', 'S2')_tb: 31067
	F26_('S4', 'S5')_tb: 59
	F23_('S1', 'E1')_t3_max: 6516
	F3_('E2', 'S2')_t5_max: 15180
	F4_('S1', 'E1')_t5_max: 123133
	F20_('S1', 'S2')_t5_max: 31316
	F3_('S3', 'E3')_tb: 15355
	('S4', 'S3')_gcl_length: 178
	F5_('E2', 'S2')_tb: 29841
	F5_('S4', 'E4')_t5_max: 30634
	F3_('S2', 'S3')_t5_max: 15283
	F21_('S3', 'S2')_t3_min: 64764
	F15_('S3', 'S2')_t5_min: 634
	F24_('S1', 'E1')_t3_min: 63078
	F24_('S5', 'S4')_t5_min: 62900
	F21_('S2', 'E2')_t3_min: 65136
	F16_('S2', 'E2')_t3_max: 1912
	F0_('S2', 'E2')_tb: 2733
	F23_('E5', 'S5')_t4_max: 6101
	F0_('E3', 'S3')_t3_min: 2661
	F26_('S5', 'E5')_tb: 117
	F20_('S2', 'E2')_t3_max: 31323
	F23_('S1', 'E1')_tb: 6511
	F15_('S2', 'E2')_t5_min: 724
	F12_('S4', 'E4')_t5_max: 31275
	F13_('E3', 'S3')_tb: 407
	F11_('E2', 'S2')_tb: 1
	F28_('S2', 'S1')_t3_min: 14634
	F6_('S3', 'E3')_t4_max: 5069
	F9_('S4', 'E4')_t5_max: 1999
	F6_('S2', 'S3')_t5_min: 4938
	F4_('S3', 'S2')_t5_min: 122438
	F0_('S2', 'E2')_t3_max: 2867
	F13_('S4', 'E4')_t3_max: 640
	F4_('S1', 'E1')_t3_max: 122921
	F26_('E4', 'S4')_t5_min: 57
