0. Flow F0 [E1-->E2] with period 64000, payload 861B, e2e delay 64000us, jitter 6400us
	('E1', 'S1'), Operation(40110, None, 40179)(40110, 40110)
	('S1', 'S2'), Operation(40181, None, 40379)(40181, 40310)
	('S2', 'E2'), Operation(40252, None, 40579)(40252, 40510)
1. Flow F1 [E2-->E3] with period 2000, payload 253B, e2e delay 2000us, jitter 200us
	('E2', 'S2'), Operation(636, None, 657)(636, 636)
	('S2', 'S3'), Operation(659, 695, 716)(695, 695)
	('S3', 'E3'), Operation(718, None, 868)(718, 847)
2. Flow F2 [E4-->E2] with period 64000, payload 1393B, e2e delay 64000us, jitter 6400us
	('E4', 'S4'), Operation(63175, None, 63287)(63175, 63175)
	('S4', 'S3'), Operation(63289, None, 63530)(63289, 63418)
	('S3', 'S2'), Operation(63403, 63537, 63649)(63537, 63537)
	('S2', 'E2'), Operation(63651, None, 63892)(63651, 63780)
3. Flow F3 [E1-->E5] with period 4000, payload 483B, e2e delay 4000us, jitter 400us
	('E1', 'S1'), Operation(1, None, 40)(1, 1)
	('S1', 'S2'), Operation(42, 47, 86)(47, 47)
	('S2', 'S3'), Operation(88, 93, 132)(93, 93)
	('S3', 'S4'), Operation(134, 264, 303)(264, 264)
	('S4', 'S5'), Operation(305, None, 473)(305, 434)
	('S5', 'E5'), Operation(346, None, 643)(346, 604)
4. Flow F4 [E3-->E2] with period 32000, payload 819B, e2e delay 32000us, jitter 3200us
	('E3', 'S3'), Operation(8444, None, 8510)(8444, 8444)
	('S3', 'S2'), Operation(8512, None, 8707)(8512, 8641)
	('S2', 'E2'), Operation(8580, None, 8904)(8580, 8838)
5. Flow F5 [E3-->E4] with period 128000, payload 448B, e2e delay 128000us, jitter 12800us
	('E3', 'S3'), Operation(117698, None, 117734)(117698, 117698)
	('S3', 'S4'), Operation(117736, None, 117901)(117736, 117865)
	('S4', 'E4'), Operation(117774, None, 118068)(117774, 118032)
6. Flow F6 [E5-->E1] with period 8000, payload 378B, e2e delay 8000us, jitter 800us
	('E5', 'S5'), Operation(1304, None, 1335)(1304, 1304)
	('S5', 'S4'), Operation(1337, None, 1497)(1337, 1466)
	('S4', 'S3'), Operation(1370, None, 1659)(1370, 1628)
	('S3', 'S2'), Operation(1403, None, 1821)(1403, 1790)
	('S2', 'S1'), Operation(1436, None, 1983)(1436, 1952)
	('S1', 'E1'), Operation(1469, None, 2145)(1469, 2114)
7. Flow F7 [E4-->E2] with period 2000, payload 1220B, e2e delay 2000us, jitter 200us
	('E4', 'S4'), Operation(1076, None, 1174)(1076, 1076)
	('S4', 'S3'), Operation(1176, 1190, 1288)(1190, 1190)
	('S3', 'S2'), Operation(1290, 1304, 1402)(1304, 1304)
	('S2', 'E2'), Operation(1404, None, 1631)(1404, 1533)
8. Flow F8 [E5-->E4] with period 64000, payload 765B, e2e delay 64000us, jitter 6400us
	('E5', 'S5'), Operation(24192, None, 24254)(24192, 24192)
	('S5', 'S4'), Operation(24256, 24261, 24323)(24261, 24261)
	('S4', 'E4'), Operation(24325, None, 24516)(24325, 24454)
9. Flow F9 [E1-->E2] with period 128000, payload 679B, e2e delay 128000us, jitter 12800us
	('E1', 'S1'), Operation(6976, None, 7031)(6976, 6976)
	('S1', 'S2'), Operation(7033, None, 7217)(7033, 7162)
	('S2', 'E2'), Operation(7090, None, 7403)(7090, 7348)
10. Flow F10 [E3-->E5] with period 32000, payload 1149B, e2e delay 32000us, jitter 3200us
	('E3', 'S3'), Operation(12362, None, 12454)(12362, 12362)
	('S3', 'S4'), Operation(12456, None, 12677)(12456, 12585)
	('S4', 'S5'), Operation(12550, None, 12900)(12550, 12808)
	('S5', 'E5'), Operation(12644, None, 13123)(12644, 13031)
11. Flow F11 [E4-->E3] with period 32000, payload 1383B, e2e delay 32000us, jitter 3200us
	('E4', 'S4'), Operation(2122, None, 2233)(2122, 2122)
	('S4', 'S3'), Operation(2235, None, 2475)(2235, 2364)
	('S3', 'E3'), Operation(2348, None, 2717)(2348, 2606)
12. Flow F12 [E4-->E3] with period 2000, payload 1446B, e2e delay 2000us, jitter 200us
	('E4', 'S4'), Operation(751, None, 867)(751, 751)
	('S4', 'S3'), Operation(869, 997, 1113)(997, 997)
	('S3', 'E3'), Operation(1115, None, 1360)(1115, 1244)
13. Flow F13 [E5-->E4] with period 8000, payload 1327B, e2e delay 8000us, jitter 800us
	('E5', 'S5'), Operation(3933, None, 4040)(3933, 3933)
	('S5', 'S4'), Operation(4042, None, 4278)(4042, 4171)
	('S4', 'E4'), Operation(4151, None, 4516)(4151, 4409)
14. Flow F14 [E1-->E5] with period 8000, payload 1321B, e2e delay 8000us, jitter 800us
	('E1', 'S1'), Operation(4817, None, 4923)(4817, 4817)
	('S1', 'S2'), Operation(4925, None, 5160)(4925, 5054)
	('S2', 'S3'), Operation(5033, None, 5397)(5033, 5291)
	('S3', 'S4'), Operation(5141, None, 5634)(5141, 5528)
	('S4', 'S5'), Operation(5249, None, 5871)(5249, 5765)
	('S5', 'E5'), Operation(5357, None, 6108)(5357, 6002)
15. Flow F15 [E2-->E4] with period 128000, payload 1309B, e2e delay 128000us, jitter 12800us
	('E2', 'S2'), Operation(96658, None, 96763)(96658, 96658)
	('S2', 'S3'), Operation(96765, None, 96999)(96765, 96894)
	('S3', 'S4'), Operation(96872, None, 97235)(96872, 97130)
	('S4', 'E4'), Operation(96979, None, 97471)(96979, 97366)
16. Flow F16 [E1-->E5] with period 4000, payload 1417B, e2e delay 4000us, jitter 400us
	('E1', 'S1'), Operation(1534, None, 1648)(1534, 1534)
	('S1', 'S2'), Operation(1650, 1670, 1784)(1670, 1670)
	('S2', 'S3'), Operation(1786, None, 2029)(1786, 1915)
	('S3', 'S4'), Operation(1902, None, 2274)(1902, 2160)
	('S4', 'S5'), Operation(2018, None, 2519)(2018, 2405)
	('S5', 'E5'), Operation(2134, 2649, 2763)(2649, 2649)
17. Flow F17 [E4-->E3] with period 4000, payload 664B, e2e delay 4000us, jitter 400us
	('E4', 'S4'), Operation(236, None, 290)(236, 236)
	('S4', 'S3'), Operation(292, None, 475)(292, 421)
	('S3', 'E3'), Operation(348, None, 660)(348, 606)
18. Flow F18 [E4-->E3] with period 128000, payload 221B, e2e delay 128000us, jitter 12800us
	('E4', 'S4'), Operation(31, None, 49)(31, 31)
	('S4', 'S3'), Operation(51, None, 198)(51, 180)
	('S3', 'E3'), Operation(71, None, 347)(71, 329)
19. Flow F19 [E4-->E1] with period 2000, payload 1250B, e2e delay 2000us, jitter 200us
	('E4', 'S4'), Operation(374, None, 474)(374, 374)
	('S4', 'S3'), Operation(476, 606, 706)(606, 606)
	('S3', 'S2'), Operation(708, 838, 938)(838, 838)
	('S2', 'S1'), Operation(940, 945, 1045)(945, 945)
	('S1', 'E1'), Operation(1047, None, 1276)(1047, 1176)
20. Flow F20 [E3-->E5] with period 16000, payload 1195B, e2e delay 16000us, jitter 1600us
	('E3', 'S3'), Operation(374, None, 470)(374, 374)
	('S3', 'S4'), Operation(472, None, 697)(472, 601)
	('S4', 'S5'), Operation(570, None, 924)(570, 828)
	('S5', 'E5'), Operation(668, None, 1151)(668, 1055)
21. Flow F21 [E1-->E3] with period 32000, payload 1338B, e2e delay 32000us, jitter 3200us
	('E1', 'S1'), Operation(9810, None, 9918)(9810, 9810)
	('S1', 'S2'), Operation(9920, None, 10157)(9920, 10049)
	('S2', 'S3'), Operation(10030, None, 10396)(10030, 10288)
	('S3', 'E3'), Operation(10140, None, 10635)(10140, 10527)
22. Flow F22 [E2-->E4] with period 16000, payload 474B, e2e delay 16000us, jitter 1600us
	('E2', 'S2'), Operation(94, None, 132)(94, 94)
	('S2', 'S3'), Operation(134, 264, 302)(264, 264)
	('S3', 'S4'), Operation(304, 433, 471)(433, 433)
	('S4', 'E4'), Operation(473, 478, 516)(478, 478)
23. Flow F23 [E3-->E4] with period 128000, payload 1172B, e2e delay 128000us, jitter 12800us
	('E3', 'S3'), Operation(671, None, 765)(671, 671)
	('S3', 'S4'), Operation(767, None, 990)(767, 896)
	('S4', 'E4'), Operation(863, None, 1215)(863, 1121)
24. Flow F24 [E3-->E1] with period 128000, payload 1405B, e2e delay 128000us, jitter 12800us
	('E3', 'S3'), Operation(122932, None, 123045)(122932, 122932)
	('S3', 'S2'), Operation(123047, None, 123289)(123047, 123176)
	('S2', 'S1'), Operation(123162, None, 123533)(123162, 123420)
	('S1', 'E1'), Operation(123277, None, 123777)(123277, 123664)
25. Flow F25 [E5-->E4] with period 4000, payload 1077B, e2e delay 4000us, jitter 400us
	('E5', 'S5'), Operation(339, None, 426)(339, 339)
	('S5', 'S4'), Operation(428, None, 644)(428, 557)
	('S4', 'E4'), Operation(517, None, 862)(517, 775)
26. Flow F26 [E1-->E4] with period 8000, payload 1163B, e2e delay 8000us, jitter 800us
	('E1', 'S1'), Operation(1088, None, 1182)(1088, 1088)
	('S1', 'S2'), Operation(1184, None, 1407)(1184, 1313)
	('S2', 'S3'), Operation(1280, None, 1632)(1280, 1538)
	('S3', 'S4'), Operation(1376, None, 1857)(1376, 1763)
	('S4', 'E4'), Operation(1472, None, 2082)(1472, 1988)
27. Flow F27 [E1-->E2] with period 4000, payload 1383B, e2e delay 4000us, jitter 400us
	('E1', 'S1'), Operation(1295, None, 1406)(1295, 1295)
	('S1', 'S2'), Operation(1408, 1538, 1649)(1538, 1538)
	('S2', 'E2'), Operation(1651, 1781, 1892)(1781, 1781)
28. Flow F28 [E4-->E5] with period 2000, payload 934B, e2e delay 2000us, jitter 200us
	('E4', 'S4'), Operation(868, None, 943)(868, 868)
	('S4', 'S5'), Operation(945, 1075, 1150)(1075, 1075)
	('S5', 'E5'), Operation(1152, None, 1356)(1152, 1281)
29. Flow F29 [E1-->E2] with period 2000, payload 1257B, e2e delay 2000us, jitter 200us
	('E1', 'S1'), Operation(1682, None, 1783)(1682, 1682)
	('S1', 'S2'), Operation(1785, 1790, 1891)(1790, 1790)
	('S2', 'E2'), Operation(1893, 1898, 1999)(1898, 1898)

SMT variables: 
	F6_('S2', 'S1')_gc: False
	F13_('S5', 'S4')_t4_min: 4042
	('S2', 'S3')_gcl_cycle: 16000
	F13_('S5', 'S4')_rr: 0
	F22_('S3', 'S4')_gc: True
	('S4', 'S3')_gcl_cycle: 2000
	F16_('S1', 'S2')_t4_min: 1670
	F24_('S1', 'E1')_gc: False
	F3_('S4', 'S5')_gc: False
	F7_queue_index: 0
	F12_('S4', 'S3')_t4_min: 997
	F20_('S3', 'S4')_t3_max: 477
	F10_('S3', 'S4')_rr: 0
	F19_('E4', 'S4')_gc: False
	F26_('S2', 'S3')_t4_min: 1280
	F22_queue_index: 0
	F15_('S4', 'E4')_t4_min: 96979
	F16_('S2', 'S3')_t4_max: 1915
	F2_('S3', 'S2')_tb: 63537
	F24_('S3', 'S2')_t4_max: 123176
	F2_('E4', 'S4')_rr: 0
	F7_('E4', 'S4')_rr: 0
	F0_('E1', 'S1')_gc: False
	F29_('S1', 'S2')_gc: True
	F6_('E5', 'S5')_gc: False
	F3_('S5', 'E5')_t4_min: 346
	F7_('S4', 'S3')_rr: 1
	F14_('S5', 'E5')_rr: 0
	F7_('S3', 'S2')_gc: True
	F3_('S2', 'S3')_t4_max: 93
	F29_('S1', 'S2')_rr: 2
	F16_('E1', 'S1')_t3_max: 1410
	F5_queue_index: 0
	F10_('S3', 'S4')_t4_min: 12456
	F24_('E3', 'S3')_rr: 0
	F18_('S4', 'S3')_t4_max: 180
	F5_('E3', 'S3')_gc: False
	F0_('S1', 'S2')_gc: False
	F19_('S4', 'S3')_t4_min: 606
	F9_('S2', 'E2')_tb: 7090
	F7_('E4', 'S4')_t3_max: 952
	F5_('S3', 'S4')_t4_min: 117736
	F6_('S4', 'S3')_t4_min: 1370
	F8_('S4', 'E4')_t4_min: 24325
	F13_('S4', 'E4')_t4_min: 4151
	F28_('S5', 'E5')_rr: 0
	F9_('S1', 'S2')_t4_min: 7033
	F13_('S5', 'S4')_gc: False
	F25_('S5', 'S4')_t3_min: 428
	F4_('E3', 'S3')_tb: 8444
	F13_jitter: 258
	F1_jitter: 129
	F6_('S3', 'S2')_rr: 0
	F10_('S5', 'E5')_rr: 0
	F20_('S4', 'S5')_t4_max: 828
	F18_('E4', 'S4')_rr: 0
	F21_('S2', 'S3')_t4_max: 10288
	F22_('E2', 'S2')_tb: 94
	F15_jitter: 387
	F10_('S4', 'S5')_t4_max: 12808
	F20_('S3', 'S4')_rr: 0
	F21_('S3', 'E3')_rr: 0
	F18_('S3', 'E3')_gc: False
	F4_('S3', 'S2')_t4_min: 8512
	F14_('S2', 'S3')_gc: False
	F5_('E3', 'S3')_t3_max: 117574
	F10_('S5', 'E5')_gc: False
	F26_('E1', 'S1')_t3_max: 964
	F13_('S5', 'S4')_t3_max: 4047
	F11_('E4', 'S4')_rr: 0
	F25_('S5', 'S4')_t4_max: 557
	F14_('S4', 'S5')_t3_max: 5641
	F8_('E5', 'S5')_gc: False
	F6_queue_index: 0
	F7_('E4', 'S4')_gc: False
	F15_('S4', 'E4')_t3_min: 96979
	F14_('E1', 'S1')_rr: 0
	F25_queue_index: 0
	F10_('E3', 'S3')_rr: 0
	F6_('S1', 'E1')_rr: 0
	F16_('S4', 'S5')_gc: False
	F16_('S3', 'S4')_t4_max: 2160
	F10_('E3', 'S3')_gc: False
	F21_('E1', 'S1')_gc: False
	F16_('S5', 'E5')_t4_min: 2649
	F23_('S3', 'S4')_t4_min: 767
	F3_('S4', 'S5')_t3_min: 305
	('E2', 'S2')_gcl_cycle: 1
	F2_('S2', 'E2')_rr: 0
	F16_('S1', 'S2')_gc: True
	F19_('E4', 'S4')_rr: 0
	('S2', 'E2')_gcl_cycle: 4000
	F21_('E1', 'S1')_t5_max: 9918
	F10_('S5', 'E5')_t4_max: 13031
	F21_('E1', 'S1')_t3_max: 9686
	F14_('S2', 'S3')_rr: 0
	F2_('S4', 'S3')_gc: False
	F13_('S5', 'S4')_tb: 4042
	F18_('S3', 'E3')_t3_max: 205
	F14_('S2', 'S3')_t3_min: 5033
	F0_('S1', 'S2')_rr: 0
	F4_('E3', 'S3')_t3_max: 8320
	F8_('E5', 'S5')_tb: 24192
	F16_('S3', 'S4')_gc: False
	F14_('S4', 'S5')_gc: False
	('S3', 'E3')_gcl_cycle: 1
	F1_('S2', 'S3')_gc: True
	F28_('S5', 'E5')_gc: False
	F8_('S4', 'E4')_gc: False
	F16_('S2', 'S3')_rr: 0
	F14_('S5', 'E5')_gc: False
	F15_('E2', 'S2')_t3_max: 96534
	F22_jitter: 0
	F18_('S4', 'S3')_gc: False
	F17_('E4', 'S4')_rr: 0
	F23_('S4', 'E4')_t5_min: 957
	F27_('S2', 'E2')_t3_max: 1656
	F3_('S2', 'S3')_t4_min: 93
	F16_('S2', 'S3')_t3_min: 1786
	F27_('S1', 'S2')_t4_min: 1538
	F28_jitter: 129
	F3_('S1', 'S2')_t4_max: 47
	F27_('E1', 'S1')_t5_max: 1406
	F16_('S5', 'E5')_gc: True
	F22_('E2', 'S2')_gc: False
	F15_('S4', 'E4')_rr: 0
	F16_('S3', 'S4')_rr: 0
	F15_('S3', 'S4')_tb: 96872
	F14_('E1', 'S1')_t3_max: 4693
	F14_('S1', 'S2')_t4_min: 4925
	F26_('S1', 'S2')_t3_max: 1189
	F17_('E4', 'S4')_t4_min: 236
	F16_('S2', 'S3')_gc: False
	F19_('S1', 'E1')_tb: 1047
	F28_('E4', 'S4')_rr: 0
	F4_('S3', 'S2')_rr: 0
	F21_('S3', 'E3')_t5_min: 10248
	F5_('S3', 'S4')_gc: False
	F27_('S2', 'E2')_rr: 1
	F17_('S4', 'S3')_t4_max: 421
	F3_('S1', 'S2')_t3_max: 47
	F29_('S2', 'E2')_t4_min: 1898
	F2_('S4', 'S3')_t3_max: 63294
	F1_('S2', 'S3')_t3_min: 659
	F11_('S4', 'S3')_t4_min: 2235
	F21_('S3', 'E3')_t3_max: 10403
	F3_('S2', 'S3')_gc: True
	F20_('S5', 'E5')_gc: False
	F10_('S3', 'S4')_t3_max: 12461
	F28_('S4', 'S5')_gc: True
	F17_('S4', 'S3')_t3_max: 297
	F8_('S4', 'E4')_tb: 24325
	F12_('S3', 'E3')_rr: 0
	F2_('S4', 'S3')_t4_min: 63289
	F0_('S1', 'S2')_t4_max: 40310
	F7_('S4', 'S3')_t4_min: 1190
	F22_('S3', 'S4')_t4_max: 433
	F2_('E4', 'S4')_t3_min: 63175
	F3_('S2', 'S3')_t5_min: 132
	F14_('S1', 'S2')_t4_max: 5054
	F17_('S3', 'E3')_rr: 0
	F3_('E1', 'S1')_rr: 0
	F26_('E1', 'S1')_rr: 0
	F9_('S2', 'E2')_t4_min: 7090
	F1_('S2', 'S3')_t3_max: 664
	F26_('S3', 'S4')_t4_max: 1763
	F22_('S4', 'E4')_t5_max: 516
	F27_('S1', 'S2')_rr: 1
	F4_('S2', 'E2')_gc: False
	F18_('S3', 'E3')_rr: 0
	F29_queue_index: 0
	F8_('S5', 'S4')_t4_max: 24261
	F3_('E1', 'S1')_t3_max: -123
	F4_('S3', 'S2')_t4_max: 8641
	F11_('S4', 'S3')_t3_max: 2240
	F11_('S3', 'E3')_gc: False
	F3_('S3', 'S4')_rr: 4
	F29_('S2', 'E2')_rr: 2
	F9_('E1', 'S1')_gc: False
	F6_('S3', 'S2')_t5_min: 1434
	F14_('S3', 'S4')_t3_max: 5404
	F8_jitter: 129
	F22_('S2', 'S3')_t3_max: 139
	F16_('S3', 'S4')_t3_min: 1902
	F17_('S4', 'S3')_rr: 0
	F23_queue_index: 0
	F15_('S3', 'S4')_t5_max: 97235
	('E1', 'S1')_gcl_cycle: 1
	F26_('S3', 'S4')_rr: 0
	F25_('S5', 'S4')_t4_min: 428
	F21_('S1', 'S2')_gc: False
	F22_('S3', 'S4')_t5_max: 471
	F15_('S3', 'S4')_t3_max: 97006
	F20_('S3', 'S4')_t4_min: 472
	F3_('S3', 'S4')_gc: True
	F3_('S5', 'E5')_t3_min: 346
	F18_jitter: 258
	F26_('S3', 'S4')_t4_min: 1376
	('S1', 'S2')_gcl_cycle: 4000
	F19_('E4', 'S4')_t3_min: 374
	F21_('S2', 'S3')_rr: 0
	F3_('E1', 'S1')_gc: False
	F27_('S1', 'S2')_gc: True
	F8_('S5', 'S4')_t3_max: 24261
	F9_('S1', 'S2')_t4_max: 7162
	F19_('S2', 'S1')_t4_min: 945
	F18_('S4', 'S3')_t3_max: 56
	F18_('S3', 'E3')_t4_min: 71
	F25_('S5', 'S4')_t3_max: 433
	F7_('S3', 'S2')_t4_min: 1304
	F8_('S5', 'S4')_tb: 24261
	F24_('E3', 'S3')_gc: False
	F19_('E4', 'S4')_t3_max: 250
	F18_('E4', 'S4')_tb: 31
	F29_('E1', 'S1')_rr: 0
	F17_('S4', 'S3')_gc: False
	F16_('S5', 'E5')_rr: 1
	F21_jitter: 387
	F2_('S2', 'E2')_gc: False
	F29_('S2', 'E2')_t3_min: 1893
	F1_('E2', 'S2')_gc: False
	F19_('S1', 'E1')_t4_min: 1047
	F15_('S4', 'E4')_gc: False
	F19_('S3', 'S2')_t4_min: 838
	F20_('S3', 'S4')_t5_min: 568
	F21_('S1', 'S2')_t4_min: 9920
	F6_('S4', 'S3')_rr: 0
	F14_('S1', 'S2')_rr: 0
	F11_('E4', 'S4')_t3_max: 1998
	F24_('S2', 'S1')_gc: False
	F22_('S3', 'S4')_rr: 1
	F29_('E1', 'S1')_gc: False
	F20_('S5', 'E5')_t4_min: 668
	F11_queue_index: 0
	F15_('E2', 'S2')_gc: False
	F5_jitter: 258
	F26_('S4', 'E4')_gc: False
	F10_('E3', 'S3')_t3_max: 12238
	F6_('S2', 'S1')_t4_max: 1952
	F25_('E5', 'S5')_gc: False
	F27_('E1', 'S1')_gc: False
	F28_('S5', 'E5')_t4_min: 1152
	F26_('S4', 'E4')_t4_min: 1472
	F2_('S3', 'S2')_t3_min: 63403
	F19_queue_index: 0
	F4_('E3', 'S3')_t4_min: 8444
	F1_('E2', 'S2')_t3_max: 512
	F2_('S3', 'S2')_rr: 1
	F26_('S3', 'S4')_gc: False
	F15_queue_index: 0
	F19_('S2', 'S1')_rr: 1
	F26_jitter: 516
	F19_('S4', 'S3')_t4_max: 606
	F9_('S2', 'E2')_rr: 0
	F5_('S3', 'S4')_t4_max: 117865
	F3_('S3', 'S4')_t4_min: 264
	F3_('S5', 'E5')_gc: False
	F23_('S4', 'E4')_gc: False
	F14_('S5', 'E5')_t4_min: 5357
	F2_('S4', 'S3')_rr: 0
	('S1', 'E1')_gcl_cycle: 1
	F12_('E4', 'S4')_t3_max: 627
	F6_('S3', 'S2')_gc: False
	F1_('S3', 'E3')_t4_min: 718
	F6_('S5', 'S4')_gc: False
	F27_('S2', 'E2')_gc: True
	F12_queue_index: 0
	F4_jitter: 258
	F14_('S5', 'E5')_t3_max: 5878
	F3_('S4', 'S5')_rr: 0
	F20_queue_index: 0
	F5_('S3', 'S4')_rr: 0
	F23_('S3', 'S4')_gc: False
	F6_('S5', 'S4')_t3_max: 1342
	F8_('S5', 'S4')_t4_min: 24261
	F16_('S3', 'S4')_t4_min: 1902
	F23_('S3', 'S4')_t3_max: 772
	F20_jitter: 387
	F4_('S2', 'E2')_rr: 0
	F3_('S4', 'S5')_t4_min: 305
	F19_('S1', 'E1')_gc: False
	F6_('S1', 'E1')_t4_min: 1469
	F10_jitter: 387
	F22_('S4', 'E4')_gc: True
	F10_('S3', 'S4')_t4_max: 12585
	F14_('S3', 'S4')_rr: 0
	F14_queue_index: 0
	F8_('E5', 'S5')_t3_max: 24068
	F15_('S3', 'S4')_rr: 0
	F21_('S2', 'S3')_t3_min: 10030
	F1_('S3', 'E3')_gc: False
	F22_('E2', 'S2')_t5_min: 132
	F15_('S3', 'S4')_t4_max: 97130
	F5_('S4', 'E4')_gc: False
	F0_jitter: 258
	F26_('S1', 'S2')_rr: 0
	F26_('E1', 'S1')_gc: False
	F19_('S4', 'S3')_gc: True
	F27_('E1', 'S1')_t4_min: 1295
	F6_('S5', 'S4')_t4_max: 1466
	F1_('E2', 'S2')_rr: 0
	F28_('E4', 'S4')_t3_max: 744
	F16_('S1', 'S2')_t3_min: 1650
	F14_('S2', 'S3')_t4_min: 5033
	F20_('S5', 'E5')_rr: 0
	F29_jitter: 0
	F22_('S2', 'S3')_gc: True
	F3_('E1', 'S1')_tb: 1
	F15_('S3', 'S4')_gc: False
	F20_('E3', 'S3')_t3_max: 250
	F2_('E4', 'S4')_t3_max: 63051
	F6_jitter: 645
	F25_('S4', 'E4')_gc: False
	F18_queue_index: 0
	F29_('S1', 'S2')_t4_max: 1790
	F15_('S2', 'S3')_gc: False
	F2_('S3', 'S2')_t4_min: 63537
	F6_('S3', 'S2')_t4_min: 1403
	F9_jitter: 258
	F22_('S2', 'S3')_t4_max: 264
	('S3', 'S4')_gcl_length: 10
	F3_queue_index: 0
	F9_('S2', 'E2')_gc: False
	F21_('S3', 'E3')_gc: False
	F17_('E4', 'S4')_t3_max: 112
	F27_('S2', 'E2')_t5_min: 1892
	F25_('E5', 'S5')_t3_max: 215
	F7_('S4', 'S3')_t4_max: 1190
	F14_('S1', 'S2')_t3_max: 4930
	F4_('S3', 'S2')_gc: False
	F28_('S4', 'S5')_t4_max: 1075
	F23_('S4', 'E4')_rr: 0
	F9_('E1', 'S1')_t3_max: 6852
	F0_queue_index: 0
	F16_queue_index: 0
	F28_queue_index: 0
	F2_('S3', 'S2')_gc: True
	F29_('S1', 'S2')_t3_min: 1785
	F1_('S2', 'S3')_t4_max: 695
	F7_('S4', 'S3')_gc: True
	F20_('S3', 'S4')_t4_max: 601
	F4_('S2', 'E2')_t4_min: 8580
	F10_('S5', 'E5')_t4_min: 12644
	F5_('S4', 'E4')_rr: 0
	F15_('S2', 'S3')_t4_min: 96765
	F21_('E1', 'S1')_rr: 0
	F23_('E3', 'S3')_rr: 0
	F26_('S2', 'S3')_gc: False
	F14_('S4', 'S5')_t4_max: 5765
	F7_('S2', 'E2')_t4_min: 1404
	F24_('S2', 'S1')_t4_min: 123162
	F27_('S2', 'E2')_t4_min: 1781
	F17_('S3', 'E3')_gc: False
	F11_('E4', 'S4')_t4_min: 2122
	F2_('S4', 'S3')_tb: 63289
	F27_('E1', 'S1')_t3_max: 1171
	F19_('S3', 'S2')_t4_max: 838
	F25_('S5', 'S4')_gc: False
	F3_('S2', 'S3')_rr: 4
	F15_('S2', 'S3')_rr: 0
	F6_('E5', 'S5')_rr: 0
	('E5', 'S5')_gcl_cycle: 1
	F12_('E4', 'S4')_rr: 0
	F12_('E4', 'S4')_gc: False
	F20_('S4', 'S5')_rr: 0
	F24_('S1', 'E1')_rr: 0
	F24_('S2', 'S1')_t4_max: 123420
	F22_('E2', 'S2')_t3_max: -30
	F6_('S3', 'S2')_t4_max: 1790
	F20_('S4', 'S5')_gc: False
	F16_('E1', 'S1')_rr: 0
	F23_('E3', 'S3')_gc: False
	F22_('S2', 'S3')_t4_min: 264
	F1_('S3', 'E3')_rr: 0
	('E3', 'S3')_gcl_cycle: 1
	F17_('S3', 'E3')_t4_min: 348
	F24_jitter: 387
	F0_('S1', 'S2')_t4_min: 40181
	F10_('S5', 'E5')_tb: 12644
	F23_('E3', 'S3')_t3_max: 547
	F15_('E2', 'S2')_rr: 0
	F15_('E2', 'S2')_t4_max: 96658
	F0_('E1', 'S1')_t3_max: 39986
	F7_jitter: 129
	F9_('S1', 'S2')_gc: False
	F3_('S1', 'S2')_rr: 1
	F18_('S4', 'S3')_rr: 0
	F2_queue_index: 0
	F16_('S1', 'S2')_t4_max: 1670
	('S2', 'S1')_gcl_cycle: 2000
	F27_('E1', 'S1')_rr: 0
	F5_('S4', 'E4')_t4_min: 117774
	F7_('S4', 'S3')_t3_max: 1181
	F12_('S3', 'E3')_gc: False
	F24_('S3', 'S2')_rr: 0
	F13_queue_index: 0
	F21_('S1', 'S2')_rr: 0
	F21_('S1', 'S2')_t3_max: 9925
	F22_('S3', 'S4')_t4_min: 433
	F28_('S4', 'S5')_rr: 1
	F16_('S1', 'S2')_t3_max: 1655
	F20_('S4', 'S5')_t4_min: 570
	F2_('E4', 'S4')_gc: False
	F21_('S3', 'E3')_t4_min: 10140
	F6_('S4', 'S3')_gc: False
	F3_('S4', 'S5')_t4_max: 434
	F6_('S4', 'S3')_t4_max: 1628
	F2_('S3', 'S2')_t4_max: 63537
	F24_('E3', 'S3')_t3_max: 122808
	F11_jitter: 258
	F11_('E4', 'S4')_gc: False
	F20_('E3', 'S3')_t5_min: 470
	F5_('E3', 'S3')_t4_max: 117698
	F26_('S2', 'S3')_rr: 0
	F7_('S3', 'S2')_t4_max: 1304
	F0_('S2', 'E2')_rr: 0
	F0_('S1', 'S2')_t3_max: 40186
	F12_('S4', 'S3')_gc: True
	F19_('E4', 'S4')_t5_max: 474
	F14_('S3', 'S4')_t4_max: 5528
	F4_('E3', 'S3')_gc: False
	F27_jitter: 0
	F13_('E5', 'S5')_gc: False
	F25_jitter: 258
	F28_('S4', 'S5')_t4_min: 1075
	F10_('S3', 'S4')_gc: False
	F19_('S4', 'S3')_t3_max: 481
	F0_('S2', 'E2')_t5_min: 40321
	F8_('S5', 'S4')_gc: True
	F6_('S2', 'S1')_rr: 0
	F25_('S5', 'S4')_rr: 0
	F26_('S4', 'E4')_rr: 0
	F21_queue_index: 0
	F13_('S4', 'E4')_gc: False
	F24_('S3', 'S2')_t3_max: 123052
	F26_queue_index: 0
	F24_('S3', 'S2')_t3_min: 123047
	F8_('S5', 'S4')_rr: 1
	F11_('S3', 'E3')_rr: 0
	F19_('S1', 'E1')_rr: 0
	F3_('S1', 'S2')_gc: True
	F23_('S3', 'S4')_rr: 0
	F24_('S3', 'S2')_t4_min: 123047
	F2_('S4', 'S3')_t4_max: 63418
	F0_('S2', 'E2')_gc: False
	F4_queue_index: 0
	F17_('S4', 'S3')_t4_min: 292
	F4_('E3', 'S3')_rr: 0
	F21_('S2', 'S3')_t4_min: 10030
	F9_('E1', 'S1')_rr: 0
	F28_('S4', 'S5')_t3_max: 950
	F14_('S3', 'S4')_gc: False
	F13_('S4', 'E4')_rr: 0
	F6_('S5', 'S4')_t4_min: 1337
	F14_('S1', 'S2')_gc: False
	F16_('E1', 'S1')_gc: False
	F20_('E3', 'S3')_rr: 0
	F9_('S1', 'S2')_rr: 0
	F24_('S2', 'S1')_rr: 0
	F14_jitter: 645
	F17_('E4', 'S4')_gc: False
	F18_('S3', 'E3')_t3_min: 71
	F19_('S3', 'S2')_tb: 838
	F29_('S1', 'S2')_t3_max: 1790
	F24_('S3', 'S2')_gc: False
	F10_queue_index: 0
	F9_('S1', 'S2')_t3_max: 7038
	F29_('S1', 'S2')_t4_min: 1790
	F23_('S3', 'S4')_t4_max: 896
	F19_('S3', 'S2')_rr: 32
	F16_('S4', 'S5')_rr: 0
	F6_('S1', 'E1')_gc: False
	F13_('E5', 'S5')_t3_max: 3809
	F7_('S3', 'S2')_rr: 32
	F10_('S4', 'S5')_rr: 0
	F15_('S2', 'S3')_t4_max: 96894
	F2_('E4', 'S4')_tb: 63175
	F14_('S4', 'S5')_t4_min: 5249
	('E4', 'S4')_gcl_cycle: 1
	F13_('E5', 'S5')_rr: 0
	F19_('S4', 'S3')_rr: 1
	F6_('E5', 'S5')_t3_min: 1304
	F19_('S2', 'S1')_gc: True
	F28_('E4', 'S4')_gc: False
	F3_('S3', 'S4')_t4_max: 264
	F15_('S3', 'S4')_t4_min: 96872
	F23_('S4', 'E4')_t4_min: 863
	F0_('E1', 'S1')_t5_max: 40179
	('S4', 'S5')_gcl_cycle: 2000
	F22_('S2', 'S3')_rr: 1
	F23_('S3', 'S4')_t5_min: 861
	F14_('S4', 'S5')_rr: 0
	F8_('S4', 'E4')_rr: 0
	('S3', 'S4')_gcl_cycle: 16000
	F3_jitter: 258
	F27_queue_index: 0
	F26_('S1', 'S2')_gc: False
	F19_('S3', 'S2')_gc: True
	F20_('E3', 'S3')_gc: False
	F6_('S2', 'S1')_t4_min: 1436
	F21_('S1', 'S2')_t4_max: 10049
	F17_jitter: 258
	F25_('S4', 'E4')_t4_min: 517
	F2_('S3', 'S2')_t5_min: 63649
	F10_('S5', 'E5')_t5_min: 12736
	('S5', 'S4')_gcl_cycle: 64000
	F7_('S2', 'E2')_rr: 0
	F18_('E4', 'S4')_t3_max: -93
	F18_('S4', 'S3')_t4_min: 51
	F12_('S4', 'S3')_t3_max: 874
	F9_queue_index: 0
	F26_('S1', 'S2')_t4_min: 1184
	F29_('E1', 'S1')_t3_max: 1558
	F12_jitter: 129
	F10_('S5', 'E5')_t3_min: 12644
	F7_('S2', 'E2')_gc: False
	F29_('S2', 'E2')_gc: True
	F2_('S2', 'E2')_t4_max: 63780
	F17_queue_index: 0
	F0_('S2', 'E2')_t4_min: 40252
	F22_('S4', 'E4')_rr: 1
	F5_('S3', 'S4')_t3_max: 117741
	F14_('S3', 'S4')_t4_min: 5141
	F8_queue_index: 0
	F8_('E5', 'S5')_rr: 0
	F19_('S2', 'S1')_t4_max: 945
	F10_('S4', 'S5')_gc: False
	F26_('S3', 'S4')_t3_max: 1639
	F27_('S1', 'S2')_t4_max: 1538
	F20_('S3', 'S4')_gc: False
	F15_('S2', 'S3')_t3_max: 96770
	F14_('S2', 'S3')_t4_max: 5291
	F0_('E1', 'S1')_rr: 0
	F5_('E3', 'S3')_rr: 0
	('S3', 'S2')_gcl_cycle: 64000
	F12_('S4', 'S3')_rr: 1
	F2_('S2', 'E2')_t4_min: 63651
	F23_jitter: 258
	F26_('S2', 'S3')_t4_max: 1538
	F16_('E1', 'S1')_t4_min: 1534
	F22_('S2', 'S3')_t5_min: 302
	F25_('E5', 'S5')_t5_min: 426
	('S5', 'E5')_gcl_cycle: 4000
	F4_('S3', 'S2')_t3_max: 8517
	F14_('E1', 'S1')_gc: False
	F16_('S4', 'S5')_tb: 2018
	F1_queue_index: 0
	F16_('S5', 'E5')_tb: 2649
	F3_('S5', 'E5')_rr: 0
	F23_('E3', 'S3')_tb: 671
	F19_jitter: 129
	F2_jitter: 129
	F17_('S4', 'S3')_tb: 292
	F11_('S3', 'E3')_t5_min: 2459
	F3_('S1', 'S2')_t4_min: 47
	F11_('S3', 'E3')_t4_min: 2348
	F16_('S4', 'S5')_t4_max: 2405
	F7_('E4', 'S4')_t4_min: 1076
	F12_('S3', 'E3')_t4_min: 1115
	F18_('S3', 'E3')_t5_min: 89
	F16_jitter: 0
	F16_('S1', 'S2')_rr: 1
	F26_('S1', 'S2')_t4_max: 1313
	F25_('S4', 'E4')_rr: 0
	F11_('S4', 'S3')_rr: 0
	F1_('S2', 'S3')_t4_min: 695
	F16_('S3', 'S4')_t5_max: 2274
	F11_('S4', 'S3')_gc: False
	F16_('S2', 'S3')_t4_min: 1786
	F11_('S4', 'S3')_t4_max: 2364
	('S4', 'E4')_gcl_cycle: 16000
	F24_('S1', 'E1')_t4_min: 123277
	F12_('S4', 'S3')_t4_max: 997
	F6_('E5', 'S5')_t3_max: 1180
	F27_('S1', 'S2')_t3_max: 1413
	F14_('S3', 'S4')_t3_min: 5141
	F22_('S4', 'E4')_t4_min: 478
	F24_queue_index: 0
	F1_('S2', 'S3')_rr: 8
	F18_('E4', 'S4')_gc: False
	F22_('E2', 'S2')_rr: 0
	F25_('E5', 'S5')_rr: 0
	F6_('S5', 'S4')_rr: 0
	F13_('S5', 'S4')_t4_max: 4171
	F10_('S4', 'S5')_t4_min: 12550
	F16_('S4', 'S5')_t4_min: 2018
	F12_('E4', 'S4')_t5_min: 867
	F21_('S2', 'S3')_gc: False
	F26_('E1', 'S1')_t3_min: 1088
	F14_('S5', 'E5')_t5_min: 5463
	F9_('E1', 'S1')_t4_min: 6976
	F3_('S5', 'E5')_t5_max: 643
	F24_('S2', 'S1')_t3_max: 123296
	F22_('S3', 'S4')_t3_max: 309
	F28_('S4', 'S5')_tb: 1075
	F13_('E5', 'S5')_t3_min: 3933
	F12_('E4', 'S4')_t4_min: 751
	F18_('S3', 'E3')_t4_max: 329
	F17_('S3', 'E3')_t3_min: 348
	F15_('E2', 'S2')_t5_max: 96763
	F11_('E4', 'S4')_t4_max: 2122
	F12_('E4', 'S4')_t4_max: 751
	F14_('S2', 'S3')_tb: 5033
	F8_('E5', 'S5')_t3_min: 24192
	F6_('S3', 'S2')_t3_max: 1666
	F0_('S1', 'S2')_tb: 40181
	F29_('S2', 'E2')_t3_max: 1898
	F20_('E3', 'S3')_t4_min: 374
	F7_('S4', 'S3')_t5_max: 1288
	F19_('E4', 'S4')_t5_min: 474
	F10_('S4', 'S5')_t5_min: 12642
	F17_('E4', 'S4')_t5_min: 290
	F16_('S2', 'S3')_t5_max: 2029
	F26_('E1', 'S1')_t4_min: 1088
	F13_('S4', 'E4')_t5_max: 4516
	F22_('S3', 'S4')_tb: 433
	F5_('S3', 'S4')_t5_max: 117901
	F17_('S3', 'E3')_t3_max: 482
	F16_('S3', 'S4')_t5_min: 2016
	F0_('S2', 'E2')_t3_min: 40252
	F23_('S4', 'E4')_t5_max: 1215
	F5_('E3', 'S3')_t5_min: 117734
	F6_('S4', 'S3')_t5_min: 1401
	F28_('E4', 'S4')_t4_min: 868
	F25_('E5', 'S5')_t5_max: 426
	F6_('S3', 'S2')_t3_min: 1403
	F5_('S3', 'S4')_tb: 117736
	F20_('S4', 'S5')_t5_max: 924
	F25_('E5', 'S5')_t3_min: 339
	F8_('E5', 'S5')_t4_max: 24192
	F28_('S5', 'E5')_t5_min: 1227
	F25_('S4', 'E4')_t3_max: 651
	F14_('S1', 'S2')_t3_min: 4925
	F1_('S3', 'E3')_t3_max: 723
	F12_('E4', 'S4')_t3_min: 751
	F26_('S4', 'E4')_t3_max: 1864
	F22_('S4', 'E4')_t4_max: 478
	F19_('S2', 'S1')_t3_min: 940
	F21_('S2', 'S3')_t3_max: 10164
	F28_('S5', 'E5')_t3_min: 1152
	F3_('S3', 'S4')_t3_max: 139
	F4_('S2', 'E2')_t3_min: 8580
	F13_('S4', 'E4')_tb: 4151
	F12_('E4', 'S4')_tb: 751
	F24_('E3', 'S3')_t3_min: 122932
	F14_('S5', 'E5')_tb: 5357
	F16_('S4', 'S5')_t3_min: 2018
	F14_('S4', 'S5')_t5_min: 5355
	F20_('S5', 'E5')_t3_max: 931
	F7_('E4', 'S4')_t5_max: 1174
	F15_('S2', 'S3')_tb: 96765
	F14_('S4', 'S5')_t5_max: 5871
	F20_('S5', 'E5')_t5_min: 764
	F14_('S4', 'S5')_tb: 5249
	F13_('E5', 'S5')_t4_max: 3933
	F21_('S2', 'S3')_tb: 10030
	F28_('E4', 'S4')_t5_max: 943
	F19_('E4', 'S4')_t4_min: 374
	('S5', 'E5')_gcl_length: 2
	F6_('S3', 'S2')_t5_max: 1821
	F13_('S5', 'S4')_t3_min: 4042
	F5_('E3', 'S3')_t5_max: 117734
	F22_('S3', 'S4')_t3_min: 304
	F16_('S4', 'S5')_t5_min: 2132
	F14_('S1', 'S2')_tb: 4925
	F27_('S2', 'E2')_t3_min: 1651
	F17_('S4', 'S3')_t3_min: 292
	F21_('E1', 'S1')_t4_max: 9810
	F19_('S3', 'S2')_t3_max: 713
	F14_('S2', 'S3')_t5_min: 5139
	F10_('E3', 'S3')_t5_min: 12454
	F10_('S4', 'S5')_t5_max: 12900
	F6_('S2', 'S1')_t5_min: 1467
	F11_('E4', 'S4')_t5_min: 2233
	F26_('S4', 'E4')_tb: 1472
	F7_('E4', 'S4')_t4_max: 1076
	('S1', 'S2')_gcl_length: 10
	F17_('S3', 'E3')_t4_max: 606
	('S1', 'E1')_gcl_length: 0
	F20_('E3', 'S3')_t3_min: 374
	F27_('S1', 'S2')_t5_min: 1649
	F14_('S5', 'E5')_t4_max: 6002
	F6_('E5', 'S5')_t4_min: 1304
	F21_('S3', 'E3')_t3_min: 10140
	F7_('S3', 'S2')_t3_min: 1290
	F10_('E3', 'S3')_t3_min: 12362
	F19_('S2', 'S1')_t5_max: 1045
	F3_('S5', 'E5')_tb: 346
	F7_('E4', 'S4')_t3_min: 1076
	F16_('E1', 'S1')_t5_max: 1648
	F7_('S2', 'E2')_t4_max: 1533
	F23_('S4', 'E4')_t3_max: 997
	F20_('S3', 'S4')_t5_max: 697
	F22_('S2', 'S3')_tb: 264
	F15_('S2', 'S3')_t5_max: 96999
	F3_('S1', 'S2')_t5_min: 86
	F5_('E3', 'S3')_tb: 117698
	F11_('E4', 'S4')_t3_min: 2122
	F26_('S2', 'S3')_t3_max: 1414
	F18_('S4', 'S3')_t5_max: 198
	F15_('E2', 'S2')_t5_min: 96763
	F14_('S3', 'S4')_t5_min: 5247
	F24_('S2', 'S1')_tb: 123162
	F19_('S2', 'S1')_tb: 945
	F26_('S3', 'S4')_t3_min: 1376
	F17_('E4', 'S4')_t5_max: 290
	F7_('S3', 'S2')_t5_min: 1402
	F4_('S3', 'S2')_t3_min: 8512
	F6_('S5', 'S4')_tb: 1337
	F12_('S3', 'E3')_t3_min: 1115
	F22_('S3', 'S4')_t5_min: 471
	F4_('S2', 'E2')_t5_max: 8904
	F20_('E3', 'S3')_tb: 374
	F3_('S2', 'S3')_tb: 93
	F24_('S2', 'S1')_t5_max: 123533
	F28_('S5', 'E5')_t4_max: 1281
	F9_('S1', 'S2')_tb: 7033
	F3_('S1', 'S2')_t5_max: 86
	F1_('S2', 'S3')_tb: 695
	F2_('S4', 'S3')_t5_max: 63530
	('S2', 'S3')_gcl_length: 26
	F28_('S5', 'E5')_tb: 1152
	F20_('S3', 'S4')_t3_min: 472
	F14_('S1', 'S2')_t5_min: 5031
	F1_('S2', 'S3')_t5_max: 716
	F4_('S2', 'E2')_t5_min: 8646
	F3_('S3', 'S4')_t5_max: 303
	F9_('E1', 'S1')_t4_max: 6976
	F25_('S4', 'E4')_tb: 517
	F2_('E4', 'S4')_t5_max: 63287
	F19_('S4', 'S3')_t5_min: 706
	F6_('S4', 'S3')_tb: 1370
	F7_('S3', 'S2')_t5_max: 1402
	F12_('S4', 'S3')_t3_min: 869
	F4_('S2', 'E2')_t4_max: 8838
	F8_('S4', 'E4')_t3_min: 24325
	F7_('S2', 'E2')_t3_min: 1404
	F11_('S3', 'E3')_t3_max: 2482
	F22_('E2', 'S2')_t3_min: 94
	F1_('E2', 'S2')_t5_max: 657
	F27_('S2', 'E2')_tb: 1781
	('S2', 'S1')_gcl_length: 2
	F19_('E4', 'S4')_tb: 374
	F11_('S4', 'S3')_t5_min: 2346
	F15_('S4', 'E4')_tb: 96979
	F6_('E5', 'S5')_t4_max: 1304
	F26_('E1', 'S1')_t5_max: 1182
	F25_('S4', 'E4')_t4_max: 775
	F17_('S4', 'S3')_t5_max: 475
	F9_('S2', 'E2')_t5_max: 7403
	F29_('S1', 'S2')_t5_max: 1891
	F22_('E2', 'S2')_t5_max: 132
	F12_('S3', 'E3')_t5_min: 1231
	F17_('S4', 'S3')_t5_min: 346
	F8_('E5', 'S5')_t5_max: 24254
	F10_('S3', 'S4')_t5_min: 12548
	F24_('S3', 'S2')_tb: 123047
	F16_('S5', 'E5')_t3_max: 2526
	F25_('S5', 'S4')_tb: 428
	F18_('S4', 'S3')_tb: 51
	F28_('S4', 'S5')_t3_min: 945
	F24_('E3', 'S3')_t5_min: 123045
	('S3', 'E3')_gcl_length: 0
	F26_('S4', 'E4')_t5_min: 1566
	F24_('S2', 'S1')_t3_min: 123162
	F20_('E3', 'S3')_t4_max: 374
	F14_('S2', 'S3')_t5_max: 5397
	F25_('S4', 'E4')_t5_max: 862
	F7_('E4', 'S4')_tb: 1076
	F19_('S2', 'S1')_t3_max: 945
	F7_('S2', 'E2')_t3_max: 1409
	F3_('S3', 'S4')_t3_min: 134
	F6_('S1', 'E1')_tb: 1469
	('E2', 'S2')_gcl_length: 0
	F3_('S1', 'S2')_t3_min: 42
	F19_('S4', 'S3')_tb: 606
	F29_('E1', 'S1')_t5_max: 1783
	F0_('E1', 'S1')_t5_min: 40179
	F13_('E5', 'S5')_t4_min: 3933
	F26_('S4', 'E4')_t4_max: 1988
	F18_('S4', 'S3')_t3_min: 51
	F10_('S3', 'S4')_t5_max: 12677
	F24_('S1', 'E1')_t3_max: 123540
	F13_('S5', 'S4')_t5_max: 4278
	F6_('E5', 'S5')_t5_min: 1335
	F27_('E1', 'S1')_t5_min: 1406
	F29_('S1', 'S2')_tb: 1790
	F21_('S1', 'S2')_tb: 9920
	F16_('S5', 'E5')_t5_max: 2763
	F29_('S1', 'S2')_t5_min: 1891
	F25_('E5', 'S5')_t4_max: 339
	F21_('S3', 'E3')_t4_max: 10527
	F0_('S2', 'E2')_t5_max: 40579
	F21_('S2', 'S3')_t5_min: 10138
	F17_('E4', 'S4')_t3_min: 236
	F6_('S5', 'S4')_t5_max: 1497
	F18_('S4', 'S3')_t5_min: 69
	F14_('E1', 'S1')_t3_min: 4817
	F19_('S1', 'E1')_t3_max: 1052
	F24_('S1', 'E1')_tb: 123277
	F4_('S2', 'E2')_tb: 8580
	F20_('S4', 'S5')_t3_max: 704
	F27_('S2', 'E2')_t5_max: 1892
	F6_('S4', 'S3')_t3_max: 1504
	F4_('S3', 'S2')_tb: 8512
	F3_('E1', 'S1')_t4_max: 1
	F2_('S2', 'E2')_t5_min: 63763
	F15_('S3', 'S4')_t3_min: 96872
	F26_('S2', 'S3')_t3_min: 1280
	('S4', 'S5')_gcl_length: 2
	F26_('S2', 'S3')_t5_max: 1632
	F5_('S4', 'E4')_t4_max: 118032
	F19_('S1', 'E1')_t5_max: 1276
	F13_('S4', 'E4')_t5_min: 4258
	F8_('S5', 'S4')_t3_min: 24256
	F23_('E3', 'S3')_t4_min: 671
	F16_('S5', 'E5')_t4_max: 2649
	F15_('S4', 'E4')_t5_min: 97084
	F16_('E1', 'S1')_tb: 1534
	F24_('S3', 'S2')_t5_max: 123289
	F2_('S4', 'S3')_t3_min: 63289
	F19_('S1', 'E1')_t5_min: 1147
	F12_('S4', 'S3')_t5_max: 1113
	F26_('S3', 'S4')_t5_max: 1857
	F22_('S4', 'E4')_tb: 478
	F2_('S2', 'E2')_tb: 63651
	F1_('E2', 'S2')_t4_max: 636
	F0_('E1', 'S1')_t4_max: 40110
	F21_('E1', 'S1')_t5_min: 9918
	F25_('E5', 'S5')_tb: 339
	F1_('S3', 'E3')_t3_min: 718
	F0_('E1', 'S1')_tb: 40110
	F20_('S5', 'E5')_tb: 668
	F10_('E3', 'S3')_t4_max: 12362
	F14_('S4', 'S5')_t3_min: 5249
	F20_('S4', 'S5')_t3_min: 570
	F19_('S3', 'S2')_t5_max: 938
	F29_('E1', 'S1')_t4_min: 1682
	('E4', 'S4')_gcl_length: 0
	('S2', 'E2')_gcl_length: 6
	F6_('S1', 'E1')_t4_max: 2114
	F28_('S4', 'S5')_t5_max: 1150
	F26_('S3', 'S4')_t5_min: 1470
	F25_('S5', 'S4')_t5_min: 515
	F10_('E3', 'S3')_t4_min: 12362
	F11_('S3', 'E3')_t4_max: 2606
	F23_('E3', 'S3')_t3_min: 671
	F24_('S1', 'E1')_t4_max: 123664
	F29_('S2', 'E2')_t4_max: 1898
	F14_('E1', 'S1')_t5_min: 4923
	F22_('E2', 'S2')_t4_min: 94
	F12_('S3', 'E3')_tb: 1115
	F13_('S4', 'E4')_t4_max: 4409
	F3_('S3', 'S4')_t5_min: 303
	F5_('S3', 'S4')_t5_min: 117772
	F6_('S1', 'E1')_t5_min: 1500
	F24_('S1', 'E1')_t5_max: 123777
	F28_('E4', 'S4')_t3_min: 868
	F3_('S4', 'S5')_tb: 305
	F21_('E1', 'S1')_tb: 9810
	F5_('S4', 'E4')_tb: 117774
	F27_('E1', 'S1')_tb: 1295
	F10_('E3', 'S3')_tb: 12362
	F5_('E3', 'S3')_t4_min: 117698
	F26_('E1', 'S1')_t5_min: 1182
	F19_('E4', 'S4')_t4_max: 374
	F1_('S2', 'S3')_t5_min: 716
	F2_('S2', 'E2')_t5_max: 63892
	F16_('S1', 'S2')_t5_min: 1784
	F15_('E2', 'S2')_t3_min: 96658
	F22_('S2', 'S3')_t3_min: 134
	F21_('S2', 'S3')_t5_max: 10396
	F21_('S1', 'S2')_t3_min: 9920
	F6_('S3', 'S2')_tb: 1403
	F13_('S4', 'E4')_t3_min: 4151
	F16_('E1', 'S1')_t5_min: 1648
	('E1', 'S1')_gcl_length: 0
	F29_('S2', 'E2')_t5_max: 1999
	F14_('E1', 'S1')_t4_max: 4817
	F20_('S5', 'E5')_t5_max: 1151
	F3_('S5', 'E5')_t3_max: 480
	F10_('S5', 'E5')_t5_max: 13123
	F0_('E1', 'S1')_t3_min: 40110
	F8_('S4', 'E4')_t5_min: 24387
	F24_('E3', 'S3')_t5_max: 123045
	F8_('S4', 'E4')_t5_max: 24516
	F0_('S1', 'S2')_t5_max: 40379
	F6_('S1', 'E1')_t5_max: 2145
	F6_('S2', 'S1')_tb: 1436
	F1_('E2', 'S2')_t3_min: 636
	F26_('S4', 'E4')_t3_min: 1472
	F18_('E4', 'S4')_t4_max: 31
	F18_('S3', 'E3')_t5_max: 347
	F7_('S4', 'S3')_t3_min: 1176
	F17_('E4', 'S4')_t4_max: 236
	F0_('E1', 'S1')_t4_min: 40110
	F4_('S3', 'S2')_t5_max: 8707
	F27_('S2', 'E2')_t4_max: 1781
	F27_('E1', 'S1')_t4_max: 1295
	F10_('E3', 'S3')_t5_max: 12454
	F25_('S5', 'S4')_t5_max: 644
	F28_('E4', 'S4')_t5_min: 943
	F25_('E5', 'S5')_t4_min: 339
	F15_('E2', 'S2')_t4_min: 96658
	F6_('S1', 'E1')_t3_min: 1469
	F3_('E1', 'S1')_t3_min: 1
	F19_('S4', 'S3')_t3_min: 476
	F5_('S4', 'E4')_t5_min: 117810
	F15_('S3', 'S4')_t5_min: 96977
	F8_('E5', 'S5')_t5_min: 24254
	F9_('S1', 'S2')_t3_min: 7033
	F7_('E4', 'S4')_t5_min: 1174
	F21_('S3', 'E3')_t5_max: 10635
	F11_('S4', 'S3')_tb: 2235
	F8_('S4', 'E4')_t4_max: 24454
	F16_('E1', 'S1')_t4_max: 1534
	F19_('S3', 'S2')_t5_min: 938
	F24_('S1', 'E1')_t5_min: 123390
	F15_('S2', 'S3')_t5_min: 96870
	F11_('S4', 'S3')_t5_max: 2475
	F26_('S2', 'S3')_t5_min: 1374
	F7_('S2', 'E2')_t5_min: 1502
	F2_('E4', 'S4')_t4_max: 63175
	F19_('S3', 'S2')_t3_min: 708
	F16_('S1', 'S2')_tb: 1670
	F6_('S5', 'S4')_t3_min: 1337
	F16_('S3', 'S4')_tb: 1902
	F11_('S4', 'S3')_t3_min: 2235
	F4_('E3', 'S3')_t5_min: 8510
	F17_('E4', 'S4')_tb: 236
	F22_('S4', 'E4')_t5_min: 516
	F18_('E4', 'S4')_t3_min: 31
	F20_('S4', 'S5')_t5_min: 666
	F9_('S2', 'E2')_t5_min: 7145
	F14_('S1', 'S2')_t5_max: 5160
	F16_('S5', 'E5')_t3_min: 2134
	F6_('S1', 'E1')_t3_max: 1990
	F14_('E1', 'S1')_tb: 4817
	F13_('E5', 'S5')_tb: 3933
	F18_('E4', 'S4')_t5_max: 49
	F3_('E1', 'S1')_t4_min: 1
	F10_('S3', 'S4')_t3_min: 12456
	F23_('S3', 'S4')_t3_min: 767
	F2_('E4', 'S4')_t4_min: 63175
	F26_('S1', 'S2')_t3_min: 1184
	F16_('S5', 'E5')_t5_min: 2763
	F26_('E1', 'S1')_tb: 1088
	F9_('S2', 'E2')_t4_max: 7348
	F1_('S3', 'E3')_t5_min: 739
	F2_('S4', 'S3')_t5_min: 63401
	F10_('S4', 'S5')_t3_max: 12684
	F23_('S4', 'E4')_t4_max: 1121
	F10_('S4', 'S5')_tb: 12550
	F8_('S5', 'S4')_t5_max: 24323
	F5_('E3', 'S3')_t3_min: 117698
	F3_('S5', 'E5')_t5_min: 385
	F5_('S4', 'E4')_t3_max: 117908
	F26_('S1', 'S2')_t5_max: 1407
	F15_('S2', 'S3')_t3_min: 96765
	F12_('S3', 'E3')_t3_max: 1120
	F16_('S2', 'S3')_tb: 1786
	F22_('S4', 'E4')_t3_max: 478
	F29_('E1', 'S1')_tb: 1682
	F4_('E3', 'S3')_t3_min: 8444
	F18_('E4', 'S4')_t4_min: 31
	F8_('S4', 'E4')_t3_max: 24330
	F26_('S4', 'E4')_t5_max: 2082
	('S4', 'E4')_gcl_length: 2
	F9_('S2', 'E2')_t3_max: 7224
	('S3', 'S2')_gcl_length: 130
	F15_('S4', 'E4')_t3_max: 97242
	F26_('S1', 'S2')_t5_min: 1278
	F5_('S4', 'E4')_t3_min: 117774
	F6_('E5', 'S5')_t5_max: 1335
	F2_('E4', 'S4')_t5_min: 63287
	F16_('E1', 'S1')_t3_min: 1534
	F0_('S2', 'E2')_t4_max: 40510
	F9_('S1', 'S2')_t5_max: 7217
	F7_('S4', 'S3')_t5_min: 1288
	F28_('E4', 'S4')_tb: 868
	F7_('S4', 'S3')_tb: 1190
	F9_('E1', 'S1')_tb: 6976
	F17_('S3', 'E3')_t5_max: 660
	F4_('E3', 'S3')_t4_max: 8444
	F3_('E1', 'S1')_t5_max: 40
	('E5', 'S5')_gcl_length: 0
	F23_('S4', 'E4')_tb: 863
	F3_('S2', 'S3')_t3_max: 93
	F21_('E1', 'S1')_t4_min: 9810
	F2_('S2', 'E2')_t3_max: 63656
	F5_('S3', 'S4')_t3_min: 117736
	F1_('S3', 'E3')_t4_max: 847
	F27_('S1', 'S2')_t5_max: 1649
	F13_('S5', 'S4')_t5_min: 4149
	F6_('E5', 'S5')_tb: 1304
	F14_('S3', 'S4')_t5_max: 5634
	F25_('S4', 'E4')_t5_min: 604
	F28_('S4', 'S5')_t5_min: 1150
	('E3', 'S3')_gcl_length: 0
	F24_('S2', 'S1')_t5_min: 123275
	F24_('E3', 'S3')_t4_min: 122932
	F3_('S2', 'S3')_t3_min: 88
	F15_('S4', 'E4')_t4_max: 97366
	F21_('S1', 'S2')_t5_min: 10028
	F12_('S3', 'E3')_t5_max: 1360
	F21_('S1', 'S2')_t5_max: 10157
	F22_('E2', 'S2')_t4_max: 94
	F10_('S5', 'E5')_t3_max: 12907
	F2_('S2', 'E2')_t3_min: 63651
	F1_('E2', 'S2')_t5_min: 657
	F17_('S3', 'E3')_tb: 348
	F29_('E1', 'S1')_t4_max: 1682
	F17_('S3', 'E3')_t5_min: 402
	F2_('S3', 'S2')_t5_max: 63649
	F9_('E1', 'S1')_t5_max: 7031
	F6_('S2', 'S1')_t5_max: 1983
	F16_('S1', 'S2')_t5_max: 1784
	F11_('E4', 'S4')_t5_max: 2233
	F1_('S3', 'E3')_tb: 718
	F19_('S1', 'E1')_t3_min: 1047
	F19_('S2', 'S1')_t5_min: 1045
	F12_('S4', 'S3')_t5_min: 1113
	F10_('S4', 'S5')_t3_min: 12550
	F3_('S4', 'S5')_t5_min: 344
	F16_('S4', 'S5')_t3_max: 2281
	F7_('S2', 'E2')_t5_max: 1631
	F11_('S3', 'E3')_tb: 2348
	F23_('E3', 'S3')_t4_max: 671
	F27_('E1', 'S1')_t3_min: 1295
	F22_('S4', 'E4')_t3_min: 473
	F14_('S5', 'E5')_t3_min: 5357
	F24_('S3', 'S2')_t5_min: 123160
	F6_('S2', 'S1')_t3_max: 1828
	F16_('S2', 'S3')_t3_max: 1791
	('S5', 'S4')_gcl_length: 2
	F23_('S4', 'E4')_t3_min: 863
	F11_('S3', 'E3')_t3_min: 2348
	F4_('E3', 'S3')_t5_max: 8510
	F0_('S1', 'S2')_t3_min: 40181
	F15_('E2', 'S2')_tb: 96658
	F8_('S5', 'S4')_t5_min: 24323
	F25_('S4', 'E4')_t3_min: 517
	F12_('S4', 'S3')_tb: 997
	F21_('E1', 'S1')_t3_min: 9810
	F20_('S5', 'E5')_t4_max: 1055
	F24_('E3', 'S3')_t4_max: 122932
	F15_('S4', 'E4')_t5_max: 97471
	F9_('E1', 'S1')_t5_min: 7031
	F22_('S2', 'S3')_t5_max: 302
	F2_('S3', 'S2')_t3_max: 63537
	F7_('S3', 'S2')_tb: 1304
	F11_('S3', 'E3')_t5_max: 2717
	F13_('E5', 'S5')_t5_min: 4040
	F1_('E2', 'S2')_tb: 636
	F23_('S3', 'S4')_t5_max: 990
	F29_('E1', 'S1')_t3_min: 1682
	F7_('S2', 'E2')_tb: 1404
	F14_('E1', 'S1')_t5_max: 4923
	F12_('S3', 'E3')_t4_max: 1244
	F26_('S2', 'S3')_tb: 1280
	F9_('E1', 'S1')_t3_min: 6976
	F6_('S5', 'S4')_t5_min: 1368
	F14_('E1', 'S1')_t4_min: 4817
	F20_('S5', 'E5')_t3_min: 668
	F19_('S1', 'E1')_t4_max: 1176
	F3_('S5', 'E5')_t4_max: 604
	F23_('S3', 'S4')_tb: 767
	F11_('E4', 'S4')_tb: 2122
	F23_('E3', 'S3')_t5_min: 765
	F26_('S1', 'S2')_tb: 1184
	F6_('S4', 'S3')_t5_max: 1659
	F24_('E3', 'S3')_tb: 122932
	F3_('S4', 'S5')_t3_max: 310
	F1_('S3', 'E3')_t5_max: 868
	F29_('S2', 'E2')_t5_min: 1999
	F1_('E2', 'S2')_t4_min: 636
	F18_('S3', 'E3')_tb: 71
	F28_('E4', 'S4')_t4_max: 868
	F12_('E4', 'S4')_t5_max: 867
	F9_('S1', 'S2')_t5_min: 7088
	F14_('S2', 'S3')_t3_max: 5167
	F14_('S3', 'S4')_tb: 5141
	F26_('E1', 'S1')_t4_max: 1088
	F13_('E5', 'S5')_t5_max: 4040
	F3_('S1', 'S2')_tb: 47
	F27_('S1', 'S2')_tb: 1538
	F3_('S3', 'S4')_tb: 264
	('S4', 'S3')_gcl_length: 6
	F20_('S3', 'S4')_tb: 472
	F10_('S3', 'S4')_tb: 12456
	F29_('E1', 'S1')_t5_min: 1783
	F28_('S5', 'E5')_t3_max: 1157
	F23_('E3', 'S3')_t5_max: 765
	F19_('S4', 'S3')_t5_max: 706
	F16_('S2', 'S3')_t5_min: 1900
	F5_('S4', 'E4')_t5_max: 118068
	F3_('S2', 'S3')_t5_max: 132
	F16_('S4', 'S5')_t5_max: 2519
	F24_('S1', 'E1')_t3_min: 123277
	F6_('S2', 'S1')_t3_min: 1436
	F3_('S4', 'S5')_t5_max: 473
	F20_('E3', 'S3')_t5_max: 470
	F4_('S2', 'E2')_t3_max: 8714
	F16_('S3', 'S4')_t3_max: 2036
	F28_('S5', 'E5')_t5_max: 1356
	F20_('S4', 'S5')_tb: 570
	F14_('S5', 'E5')_t5_max: 6108
	F7_('S3', 'S2')_t3_max: 1295
	F6_('S4', 'S3')_t3_min: 1370
	F21_('S3', 'E3')_tb: 10140
	F0_('S2', 'E2')_tb: 40252
	F29_('S2', 'E2')_tb: 1898
	F0_('S1', 'S2')_t5_min: 40250
	F27_('S1', 'S2')_t3_min: 1408
	F18_('E4', 'S4')_t5_min: 49
	F3_('E1', 'S1')_t5_min: 40
	F9_('S2', 'E2')_t3_min: 7090
	F8_('E5', 'S5')_t4_min: 24192
	F4_('S3', 'S2')_t5_min: 8578
	F26_('S3', 'S4')_tb: 1376
	F0_('S2', 'E2')_t3_max: 40386
	F13_('S4', 'E4')_t3_max: 4285
