0. Flow F0 [E4-->E2] with period 64000, payload 874B, e2e delay 64000us, jitter 6400us
	('E4', 'S4'), Operation(42097, None, 42167)(42097, 42097)
	('S4', 'S3'), Operation(42169, None, 42368)(42169, 42298)
	('S3', 'S2'), Operation(42241, None, 42569)(42241, 42499)
	('S2', 'E2'), Operation(42313, None, 42770)(42313, 42700)
1. Flow F1 [E5-->E1] with period 64000, payload 529B, e2e delay 64000us, jitter 6400us
	('E5', 'S5'), Operation(41675, None, 41718)(41675, 41675)
	('S5', 'S4'), Operation(41720, None, 41892)(41720, 41849)
	('S4', 'S3'), Operation(41765, None, 42066)(41765, 42023)
	('S3', 'S2'), Operation(41810, None, 42240)(41810, 42197)
	('S2', 'S1'), Operation(41855, None, 42414)(41855, 42371)
	('S1', 'E1'), Operation(41900, None, 42588)(41900, 42545)
2. Flow F2 [E1-->E4] with period 64000, payload 971B, e2e delay 64000us, jitter 6400us
	('E1', 'S1'), Operation(14596, None, 14674)(14596, 14596)
	('S1', 'S2'), Operation(14676, 14681, 14759)(14681, 14681)
	('S2', 'S3'), Operation(14761, 14889, 14967)(14889, 14889)
	('S3', 'S4'), Operation(14969, 15050, 15128)(15050, 15050)
	('S4', 'E4'), Operation(15130, None, 15337)(15130, 15259)
3. Flow F3 [E2-->E3] with period 8000, payload 1108B, e2e delay 8000us, jitter 800us
	('E2', 'S2'), Operation(33, None, 122)(33, 33)
	('S2', 'S3'), Operation(124, None, 342)(124, 253)
	('S3', 'E3'), Operation(215, None, 562)(215, 473)
4. Flow F4 [E5-->E1] with period 64000, payload 790B, e2e delay 64000us, jitter 6400us
	('E5', 'S5'), Operation(40046, None, 40110)(40046, 40046)
	('S5', 'S4'), Operation(40112, 40191, 40255)(40191, 40191)
	('S4', 'S3'), Operation(40257, None, 40450)(40257, 40386)
	('S3', 'S2'), Operation(40323, 40457, 40521)(40457, 40457)
	('S2', 'S1'), Operation(40523, None, 40716)(40523, 40652)
	('S1', 'E1'), Operation(40589, None, 40911)(40589, 40847)
5. Flow F5 [E1-->E5] with period 64000, payload 253B, e2e delay 64000us, jitter 6400us
	('E1', 'S1'), Operation(24235, None, 24256)(24235, 24235)
	('S1', 'S2'), Operation(24258, 24320, 24341)(24320, 24320)
	('S2', 'S3'), Operation(24343, None, 24493)(24343, 24472)
	('S3', 'S4'), Operation(24366, None, 24645)(24366, 24624)
	('S4', 'S5'), Operation(24389, None, 24797)(24389, 24776)
	('S5', 'E5'), Operation(24412, None, 24949)(24412, 24928)
6. Flow F6 [E2-->E3] with period 32000, payload 225B, e2e delay 32000us, jitter 3200us
	('E2', 'S2'), Operation(21228, None, 21246)(21228, 21228)
	('S2', 'S3'), Operation(21248, None, 21395)(21248, 21377)
	('S3', 'E3'), Operation(21268, None, 21544)(21268, 21526)
7. Flow F7 [E1-->E5] with period 16000, payload 666B, e2e delay 16000us, jitter 1600us
	('E1', 'S1'), Operation(4825, None, 4879)(4825, 4825)
	('S1', 'S2'), Operation(4881, 5009, 5063)(5009, 5009)
	('S2', 'S3'), Operation(5065, 5193, 5247)(5193, 5193)
	('S3', 'S4'), Operation(5249, 5254, 5308)(5254, 5254)
	('S4', 'S5'), Operation(5310, 5438, 5492)(5438, 5438)
	('S5', 'E5'), Operation(5494, None, 5677)(5494, 5623)
8. Flow F8 [E3-->E4] with period 4000, payload 366B, e2e delay 4000us, jitter 400us
	('E3', 'S3'), Operation(2901, None, 2931)(2901, 2901)
	('S3', 'S4'), Operation(2933, 2938, 2968)(2938, 2938)
	('S4', 'E4'), Operation(2970, None, 3129)(2970, 3099)
9. Flow F9 [E3-->E4] with period 16000, payload 1340B, e2e delay 16000us, jitter 1600us
	('E3', 'S3'), Operation(4901, None, 5009)(4901, 4901)
	('S3', 'S4'), Operation(5011, None, 5248)(5011, 5140)
	('S4', 'E4'), Operation(5121, None, 5487)(5121, 5379)
10. Flow F10 [E4-->E2] with period 128000, payload 1488B, e2e delay 128000us, jitter 12800us
	('E4', 'S4'), Operation(125997, None, 126117)(125997, 125997)
	('S4', 'S3'), Operation(126119, None, 126368)(126119, 126248)
	('S3', 'S2'), Operation(126241, 126375, 126495)(126375, 126375)
	('S2', 'E2'), Operation(126497, None, 126746)(126497, 126626)
11. Flow F11 [E4-->E2] with period 128000, payload 1385B, e2e delay 128000us, jitter 12800us
	('E4', 'S4'), Operation(38105, None, 38216)(38105, 38105)
	('S4', 'S3'), Operation(38218, 38223, 38334)(38223, 38223)
	('S3', 'S2'), Operation(38336, None, 38576)(38336, 38465)
	('S2', 'E2'), Operation(38449, None, 38818)(38449, 38707)
12. Flow F12 [E5-->E1] with period 4000, payload 349B, e2e delay 4000us, jitter 400us
	('E5', 'S5'), Operation(2353, None, 2381)(2353, 2353)
	('S5', 'S4'), Operation(2383, None, 2540)(2383, 2512)
	('S4', 'S3'), Operation(2413, 2547, 2575)(2547, 2547)
	('S3', 'S2'), Operation(2577, None, 2734)(2577, 2706)
	('S2', 'S1'), Operation(2607, None, 2893)(2607, 2865)
	('S1', 'E1'), Operation(2637, None, 3052)(2637, 3024)
13. Flow F13 [E2-->E1] with period 8000, payload 660B, e2e delay 8000us, jitter 800us
	('E2', 'S2'), Operation(6215, None, 6268)(6215, 6215)
	('S2', 'S1'), Operation(6270, None, 6452)(6270, 6399)
	('S1', 'E1'), Operation(6325, None, 6636)(6325, 6583)
14. Flow F14 [E4-->E2] with period 2000, payload 1477B, e2e delay 2000us, jitter 200us
	('E4', 'S4'), Operation(1165, None, 1284)(1165, 1165)
	('S4', 'S3'), Operation(1286, 1394, 1513)(1394, 1394)
	('S3', 'S2'), Operation(1515, 1623, 1742)(1623, 1623)
	('S2', 'E2'), Operation(1744, None, 1992)(1744, 1873)
15. Flow F15 [E3-->E4] with period 8000, payload 1089B, e2e delay 8000us, jitter 800us
	('E3', 'S3'), Operation(7473, None, 7561)(7473, 7473)
	('S3', 'S4'), Operation(7563, None, 7780)(7563, 7692)
	('S4', 'E4'), Operation(7653, None, 7999)(7653, 7911)
16. Flow F16 [E4-->E5] with period 32000, payload 774B, e2e delay 32000us, jitter 3200us
	('E4', 'S4'), Operation(10034, None, 10096)(10034, 10034)
	('S4', 'S5'), Operation(10098, 10226, 10288)(10226, 10226)
	('S5', 'E5'), Operation(10290, None, 10481)(10290, 10419)
17. Flow F17 [E3-->E2] with period 2000, payload 1392B, e2e delay 2000us, jitter 200us
	('E3', 'S3'), Operation(788, None, 900)(788, 788)
	('S3', 'S2'), Operation(902, None, 1143)(902, 1031)
	('S2', 'E2'), Operation(1016, 1274, 1386)(1274, 1274)
18. Flow F18 [E4-->E5] with period 128000, payload 303B, e2e delay 128000us, jitter 12800us
	('E4', 'S4'), Operation(127786, None, 127811)(127786, 127786)
	('S4', 'S5'), Operation(127813, 127818, 127843)(127818, 127818)
	('S5', 'E5'), Operation(127845, None, 127999)(127845, 127974)
19. Flow F19 [E5-->E2] with period 32000, payload 116B, e2e delay 32000us, jitter 3200us
	('E5', 'S5'), Operation(30566, None, 30576)(30566, 30566)
	('S5', 'S4'), Operation(30578, 30706, 30716)(30706, 30706)
	('S4', 'S3'), Operation(30718, 30723, 30733)(30723, 30723)
	('S3', 'S2'), Operation(30735, None, 30874)(30735, 30864)
	('S2', 'E2'), Operation(30747, None, 31015)(30747, 31005)
20. Flow F20 [E4-->E3] with period 2000, payload 1501B, e2e delay 2000us, jitter 200us
	('E4', 'S4'), Operation(1391, None, 1512)(1391, 1391)
	('S4', 'S3'), Operation(1514, None, 1764)(1514, 1643)
	('S3', 'E3'), Operation(1637, 1878, 1999)(1878, 1878)
21. Flow F21 [E4-->E5] with period 16000, payload 772B, e2e delay 16000us, jitter 1600us
	('E4', 'S4'), Operation(15520, None, 15582)(15520, 15520)
	('S4', 'S5'), Operation(15584, 15589, 15651)(15589, 15589)
	('S5', 'E5'), Operation(15653, None, 15844)(15653, 15782)
22. Flow F22 [E5-->E2] with period 32000, payload 1216B, e2e delay 32000us, jitter 3200us
	('E5', 'S5'), Operation(16731, None, 16829)(16731, 16731)
	('S5', 'S4'), Operation(16831, 16959, 17057)(16959, 16959)
	('S4', 'S3'), Operation(17059, 17187, 17285)(17187, 17187)
	('S3', 'S2'), Operation(17287, None, 17514)(17287, 17416)
	('S2', 'E2'), Operation(17387, None, 17743)(17387, 17645)
23. Flow F23 [E2-->E1] with period 16000, payload 1504B, e2e delay 16000us, jitter 1600us
	('E2', 'S2'), Operation(5699, None, 5820)(5699, 5699)
	('S2', 'S1'), Operation(5822, None, 6072)(5822, 5951)
	('S1', 'E1'), Operation(5945, None, 6324)(5945, 6203)
24. Flow F24 [E1-->E2] with period 16000, payload 672B, e2e delay 16000us, jitter 1600us
	('E1', 'S1'), Operation(4151, None, 4205)(4151, 4151)
	('S1', 'S2'), Operation(4207, None, 4390)(4207, 4336)
	('S2', 'E2'), Operation(4263, None, 4575)(4263, 4521)
25. Flow F25 [E1-->E5] with period 64000, payload 1188B, e2e delay 64000us, jitter 6400us
	('E1', 'S1'), Operation(56472, None, 56568)(56472, 56472)
	('S1', 'S2'), Operation(56570, None, 56795)(56570, 56699)
	('S2', 'S3'), Operation(56668, None, 57022)(56668, 56926)
	('S3', 'S4'), Operation(56766, None, 57249)(56766, 57153)
	('S4', 'S5'), Operation(56864, None, 57476)(56864, 57380)
	('S5', 'E5'), Operation(56962, None, 57703)(56962, 57607)
26. Flow F26 [E5-->E1] with period 8000, payload 545B, e2e delay 8000us, jitter 800us
	('E5', 'S5'), Operation(1, None, 45)(1, 1)
	('S5', 'S4'), Operation(47, 52, 96)(52, 52)
	('S4', 'S3'), Operation(98, 103, 147)(103, 103)
	('S3', 'S2'), Operation(149, None, 322)(149, 278)
	('S2', 'S1'), Operation(195, 329, 373)(329, 329)
	('S1', 'E1'), Operation(375, None, 548)(375, 504)
27. Flow F27 [E4-->E2] with period 4000, payload 645B, e2e delay 4000us, jitter 400us
	('E4', 'S4'), Operation(414, None, 466)(414, 414)
	('S4', 'S3'), Operation(468, None, 649)(468, 597)
	('S3', 'S2'), Operation(522, None, 832)(522, 780)
	('S2', 'E2'), Operation(576, None, 1015)(576, 963)
28. Flow F28 [E1-->E5] with period 16000, payload 444B, e2e delay 16000us, jitter 1600us
	('E1', 'S1'), Operation(1, None, 37)(1, 1)
	('S1', 'S2'), Operation(39, 44, 80)(44, 44)
	('S2', 'S3'), Operation(82, 87, 123)(87, 87)
	('S3', 'S4'), Operation(125, 130, 166)(130, 130)
	('S4', 'S5'), Operation(168, None, 333)(168, 297)
	('S5', 'E5'), Operation(206, None, 500)(206, 464)
29. Flow F29 [E1-->E4] with period 32000, payload 1423B, e2e delay 32000us, jitter 3200us
	('E1', 'S1'), Operation(24257, None, 24371)(24257, 24257)
	('S1', 'S2'), Operation(24373, 24378, 24492)(24378, 24378)
	('S2', 'S3'), Operation(24494, 24530, 24644)(24530, 24530)
	('S3', 'S4'), Operation(24646, 24651, 24765)(24651, 24651)
	('S4', 'E4'), Operation(24767, 24772, 24886)(24772, 24772)

SMT variables: 
	F9_('S4', 'E4')_gc: False
	F26_('S5', 'S4')_gc: True
	F29_('S2', 'S3')_t4_min: 24530
	('S2', 'S3')_gcl_cycle: 64000
	F3_('E2', 'S2')_t4_max: 33
	F2_('S2', 'S3')_gc: True
	F7_('S1', 'S2')_t4_max: 5009
	F27_('S3', 'S2')_gc: False
	F7_('S1', 'S2')_t4_min: 5009
	F7_('S2', 'S3')_t5_min: 5247
	F1_('S4', 'S3')_gc: False
	F7_queue_index: 0
	F25_('S2', 'S3')_gc: False
	F6_('E2', 'S2')_t5_max: 21246
	('S4', 'S3')_gcl_cycle: 128000
	F12_('S4', 'S3')_t4_min: 2547
	F29_('S2', 'S3')_rr: 2
	F3_('S3', 'E3')_gc: False
	F2_('S1', 'S2')_t4_min: 14681
	F26_('E5', 'S5')_tb: 1
	F5_('S2', 'S3')_rr: 0
	F15_('S3', 'S4')_t3_max: 7568
	F17_('E3', 'S3')_rr: 0
	F16_('E4', 'S4')_gc: False
	F0_('E4', 'S4')_rr: 0
	F19_('S2', 'E2')_t4_min: 30747
	F13_('E2', 'S2')_rr: 0
	F13_('E2', 'S2')_gc: False
	F7_('S3', 'S4')_rr: 4
	F22_queue_index: 0
	F15_('S4', 'E4')_t4_min: 7653
	F1_('S3', 'S2')_t3_min: 41810
	F2_('S1', 'S2')_t3_max: 14681
	F26_('S4', 'S3')_t4_max: 103
	F1_('S4', 'S3')_t5_max: 42066
	F9_('S3', 'S4')_rr: 0
	F29_('S1', 'S2')_gc: True
	F0_('S4', 'S3')_t4_max: 42298
	F5_('S5', 'E5')_t4_min: 24412
	F19_('E5', 'S5')_t3_max: 30442
	F24_('S1', 'S2')_rr: 0
	F12_('S5', 'S4')_t3_max: 2388
	F20_('S4', 'S3')_rr: 0
	F11_('S2', 'E2')_t3_max: 38583
	F5_('S1', 'S2')_t4_min: 24320
	F3_('S2', 'S3')_t4_max: 253
	F2_('E1', 'S1')_rr: 0
	F5_queue_index: 0
	F9_('S3', 'S4')_t4_min: 5011
	F13_('S2', 'S1')_gc: False
	F29_('S1', 'S2')_rr: 2
	F25_('S2', 'S3')_t4_min: 56668
	F14_('E4', 'S4')_t3_max: 1041
	F5_('E1', 'S1')_t3_max: 24111
	F1_('S4', 'S3')_rr: 0
	F13_('S2', 'S1')_rr: 0
	F1_('S2', 'S1')_t4_max: 42371
	F11_('S2', 'E2')_t4_min: 38449
	F25_('S3', 'S4')_t4_min: 56766
	F7_('S5', 'E5')_gc: False
	F13_('E2', 'S2')_t5_min: 6268
	F9_('E3', 'S3')_rr: 0
	F18_('S5', 'E5')_t4_min: 127845
	F19_('S4', 'S3')_t4_min: 30723
	F1_('S1', 'E1')_gc: False
	F10_('S3', 'S2')_t4_min: 126375
	F5_('S3', 'S4')_t4_min: 24366
	F25_('S5', 'E5')_gc: False
	F8_('S4', 'E4')_t4_min: 2970
	F20_('S4', 'S3')_gc: False
	F28_('S5', 'E5')_rr: 0
	F9_('S3', 'S4')_t3_max: 5016
	F12_('S3', 'S2')_rr: 0
	F28_('S1', 'S2')_t4_min: 44
	F11_('S2', 'E2')_t5_max: 38818
	F13_jitter: 258
	F13_('S1', 'E1')_gc: False
	F22_('S4', 'S3')_gc: True
	F1_jitter: 645
	F5_('S2', 'S3')_t4_min: 24343
	F14_('S2', 'E2')_t4_min: 1744
	F17_('S3', 'S2')_t5_max: 1143
	F23_('S1', 'E1')_t4_min: 5945
	F15_jitter: 258
	F2_('S1', 'S2')_rr: 1
	F29_('S2', 'S3')_gc: True
	F14_('S3', 'S2')_t4_min: 1623
	F4_('S5', 'S4')_rr: 1
	F18_('E4', 'S4')_rr: 0
	F4_('S3', 'S2')_t4_min: 40457
	F14_('S4', 'S3')_t5_max: 1513
	F10_('S3', 'S2')_t4_max: 126375
	F12_('S1', 'E1')_t4_min: 2637
	F10_('S2', 'E2')_gc: False
	F23_('S2', 'S1')_t3_max: 5827
	F9_('E3', 'S3')_t5_max: 5009
	F11_('E4', 'S4')_rr: 0
	F26_('S3', 'S2')_rr: 0
	F6_queue_index: 0
	F17_('S2', 'E2')_rr: 1
	F4_('S1', 'E1')_gc: False
	F10_('S4', 'S3')_t3_max: 126124
	F25_queue_index: 0
	F21_('S4', 'S5')_t4_min: 15589
	F22_('E5', 'S5')_t3_max: 16607
	F25_('S2', 'S3')_t4_max: 56926
	F21_('E4', 'S4')_t3_max: 15396
	F16_('S4', 'S5')_gc: True
	F9_('E3', 'S3')_gc: False
	('E2', 'S2')_gcl_cycle: 1
	F16_('S5', 'E5')_t4_min: 10290
	F12_('S1', 'E1')_rr: 0
	F2_('S1', 'S2')_t4_max: 14681
	F12_('E5', 'S5')_t5_min: 2381
	F26_('S5', 'S4')_rr: 8
	('S2', 'E2')_gcl_cycle: 2000
	F7_('S1', 'S2')_t5_min: 5063
	F1_('S1', 'E1')_rr: 0
	F24_('E1', 'S1')_rr: 0
	F24_('S2', 'E2')_t4_min: 4263
	F2_('E1', 'S1')_t5_min: 14674
	F26_('S2', 'S1')_t5_min: 373
	F29_('S3', 'S4')_t5_min: 24765
	F13_('S1', 'E1')_rr: 0
	F5_('S2', 'S3')_t4_max: 24472
	F24_('S2', 'E2')_rr: 0
	F1_('E5', 'S5')_gc: False
	F9_('S3', 'S4')_t4_max: 5140
	F18_('S4', 'S5')_t5_min: 127843
	F20_('E4', 'S4')_tb: 1391
	F28_('E1', 'S1')_gc: False
	F27_('S2', 'E2')_t3_max: 839
	F25_('S5', 'E5')_t3_max: 57483
	('S3', 'E3')_gcl_cycle: 2000
	F27_('E4', 'S4')_rr: 0
	F28_('S5', 'E5')_gc: False
	F0_('S3', 'S2')_t3_max: 42375
	F4_('S2', 'S1')_gc: False
	F8_('S4', 'E4')_gc: False
	F1_('S4', 'S3')_t4_min: 41765
	F26_('S1', 'E1')_rr: 0
	F11_('S3', 'S2')_rr: 0
	F5_('S2', 'S3')_gc: False
	F23_('E2', 'S2')_gc: False
	F22_jitter: 258
	F4_('S1', 'E1')_rr: 0
	F25_('S3', 'S4')_rr: 0
	F22_('S3', 'S2')_gc: False
	F22_('S5', 'S4')_t4_min: 16959
	F3_('S2', 'S3')_t4_min: 124
	F1_('S2', 'S1')_rr: 0
	F28_jitter: 258
	F1_('S5', 'S4')_gc: False
	F27_('S4', 'S3')_t4_max: 597
	F12_('S2', 'S1')_t3_min: 2607
	F26_('S3', 'S2')_t5_max: 322
	F2_('S1', 'S2')_t5_min: 14759
	F3_('S3', 'E3')_t4_max: 473
	F21_('S4', 'S5')_t3_max: 15589
	F5_('S5', 'E5')_t5_max: 24949
	F16_('S5', 'E5')_gc: False
	F12_('S2', 'S1')_rr: 0
	F6_('E2', 'S2')_gc: False
	F7_('S3', 'S4')_t5_max: 5308
	F3_('S3', 'E3')_t4_min: 215
	F5_('S1', 'S2')_rr: 1
	F15_('S4', 'E4')_rr: 0
	F20_('E4', 'S4')_rr: 0
	F26_('S4', 'S3')_t4_min: 103
	F2_('S4', 'E4')_t4_min: 15130
	F15_('S3', 'S4')_tb: 7563
	F10_('S3', 'S2')_gc: True
	F6_('S2', 'S3')_gc: False
	F19_('E5', 'S5')_rr: 0
	F27_('S4', 'S3')_rr: 0
	F2_('S3', 'S4')_t4_max: 15050
	F8_('E3', 'S3')_t5_min: 2931
	F4_('S3', 'S2')_rr: 2
	F5_('S3', 'S4')_gc: False
	F7_('S5', 'E5')_rr: 0
	F10_('E4', 'S4')_rr: 0
	F8_('S3', 'S4')_t5_max: 2968
	F16_('E4', 'S4')_t3_max: 9910
	F29_('S4', 'E4')_gc: True
	F27_('S2', 'E2')_rr: 0
	F5_('S5', 'E5')_gc: False
	F26_('S1', 'E1')_gc: False
	F13_('S2', 'S1')_t3_max: 6275
	F11_('S4', 'S3')_t4_min: 38223
	F3_('S2', 'S3')_gc: False
	F14_('S3', 'S2')_t5_min: 1742
	F10_('E4', 'S4')_t4_min: 125997
	F4_('E5', 'S5')_t3_max: 39922
	F5_('S1', 'S2')_gc: True
	F28_('S4', 'S5')_gc: False
	F26_('S4', 'S3')_rr: 16
	F11_('S2', 'E2')_gc: False
	F6_('S3', 'E3')_t4_min: 21268
	F11_('S3', 'S2')_gc: False
	F24_('E1', 'S1')_gc: False
	F21_('S4', 'S5')_t5_max: 15651
	F10_('S4', 'S3')_rr: 0
	F18_('S5', 'E5')_rr: 0
	F22_('S4', 'S3')_rr: 4
	F0_('E4', 'S4')_t3_max: 41973
	F0_('S4', 'S3')_t3_max: 42174
	F16_('S4', 'S5')_t3_max: 10103
	F22_('S4', 'S3')_t4_min: 17187
	F3_('E2', 'S2')_rr: 0
	F18_('S4', 'S5')_t4_min: 127818
	F24_('S1', 'S2')_t4_max: 4336
	F27_('S3', 'S2')_t4_max: 780
	F23_('S2', 'S1')_gc: False
	F19_('S2', 'E2')_gc: False
	F28_('S2', 'S3')_t4_min: 87
	F28_('S3', 'S4')_t4_min: 130
	F21_('S5', 'E5')_tb: 15653
	F4_('S2', 'S1')_rr: 0
	F7_('S2', 'S3')_rr: 4
	F6_('S2', 'S3')_t4_max: 21377
	F21_('S5', 'E5')_t5_min: 15715
	F6_('E2', 'S2')_t3_max: 21104
	F23_('E2', 'S2')_t3_max: 5575
	F17_('S3', 'S2')_t4_max: 1031
	F11_('S3', 'S2')_t5_min: 38447
	F29_queue_index: 0
	F29_('S3', 'S4')_gc: True
	F4_('S3', 'S2')_t4_max: 40457
	F6_('S3', 'E3')_gc: False
	F7_('S2', 'S3')_t4_min: 5193
	F11_('S4', 'S3')_t3_max: 38223
	F14_('S3', 'S2')_rr: 64
	F26_('S3', 'S2')_t3_min: 149
	F3_('E2', 'S2')_t5_min: 122
	F27_('S3', 'S2')_rr: 0
	F22_('E5', 'S5')_gc: False
	F8_jitter: 129
	F24_('S1', 'S2')_t4_min: 4207
	F4_('S5', 'S4')_t4_max: 40191
	F23_queue_index: 0
	F7_('S1', 'S2')_t3_max: 4886
	F28_('E1', 'S1')_t4_min: 1
	('E1', 'S1')_gcl_cycle: 1
	F25_('S1', 'S2')_gc: False
	F18_jitter: 129
	F28_('S2', 'S3')_t4_max: 87
	F4_('E5', 'S5')_rr: 0
	F27_('S4', 'S3')_t4_min: 468
	F3_('S2', 'S3')_t3_max: 129
	('S1', 'S2')_gcl_cycle: 64000
	F4_('S4', 'S3')_gc: False
	F1_('E5', 'S5')_rr: 0
	F2_('E1', 'S1')_t3_max: 14472
	F8_('E3', 'S3')_gc: False
	F10_('S4', 'S3')_gc: False
	F18_('S4', 'S5')_t3_max: 127818
	F20_('S4', 'S3')_t3_max: 1519
	F14_('S4', 'S3')_rr: 64
	F7_('S1', 'S2')_gc: True
	F25_('S4', 'S5')_rr: 0
	F1_('S3', 'S2')_rr: 0
	F23_('S2', 'S1')_rr: 0
	F29_('E1', 'S1')_rr: 0
	F16_('S5', 'E5')_rr: 0
	F21_jitter: 129
	F15_('S4', 'E4')_gc: False
	F4_('S5', 'S4')_gc: True
	F4_('S2', 'S1')_t4_min: 40523
	F19_('S3', 'S2')_t4_min: 30735
	F19_('E5', 'S5')_t3_min: 30566
	F7_('S3', 'S4')_t5_min: 5308
	F15_('S4', 'E4')_t3_min: 7653
	F7_('E1', 'S1')_rr: 0
	F3_('E2', 'S2')_gc: False
	F11_('E4', 'S4')_t3_max: 37981
	F29_('E1', 'S1')_gc: False
	F4_('E5', 'S5')_tb: 40046
	F11_queue_index: 0
	F12_('S5', 'S4')_t4_min: 2383
	F25_('E1', 'S1')_t4_min: 56472
	F21_('S4', 'S5')_gc: True
	F5_jitter: 516
	F25_('S2', 'S3')_rr: 0
	F28_('S1', 'S2')_rr: 4
	F26_('S2', 'S1')_t4_min: 329
	F28_('S5', 'E5')_t4_min: 206
	F19_queue_index: 0
	F25_('S1', 'S2')_t4_min: 56570
	F15_queue_index: 0
	F24_('E1', 'S1')_t3_max: 4027
	F15_('E3', 'S3')_tb: 7473
	F26_jitter: 129
	F19_('S4', 'S3')_t4_max: 30723
	F29_('S3', 'S4')_t4_max: 24651
	F25_('S4', 'S5')_t4_min: 56864
	F5_('S3', 'S4')_t4_max: 24624
	F5_('S4', 'S5')_rr: 0
	('S1', 'E1')_gcl_cycle: 1
	F4_('S5', 'S4')_t4_min: 40191
	F19_('S5', 'S4')_t3_max: 30583
	F9_('S4', 'E4')_rr: 0
	F4_('E5', 'S5')_t5_min: 40110
	F4_('S5', 'S4')_t3_min: 40112
	F26_('S5', 'S4')_t3_max: 52
	F27_('S2', 'E2')_gc: False
	F12_queue_index: 0
	F4_jitter: 258
	F20_queue_index: 0
	F26_('S2', 'S1')_t4_max: 329
	F5_('S3', 'S4')_rr: 0
	F17_('S2', 'E2')_t4_min: 1274
	F4_('S5', 'S4')_t3_max: 40117
	F9_('E3', 'S3')_t3_max: 4777
	F18_('S4', 'S5')_t4_max: 127818
	F6_('S2', 'S3')_rr: 0
	F28_('S3', 'S4')_t4_max: 130
	F14_('S2', 'E2')_rr: 0
	F18_('S5', 'E5')_gc: False
	F20_jitter: 0
	F7_('S2', 'S3')_gc: True
	F12_('S5', 'S4')_gc: False
	F8_('E3', 'S3')_t3_max: 2777
	F10_jitter: 129
	F14_queue_index: 0
	F15_('S3', 'S4')_rr: 0
	F8_('S3', 'S4')_t3_max: 2938
	F19_('E5', 'S5')_gc: False
	F7_('S5', 'E5')_t5_min: 5548
	F25_('S2', 'S3')_tb: 56668
	F11_('S3', 'S2')_t4_min: 38336
	F1_('S1', 'E1')_t4_min: 41900
	F15_('S3', 'S4')_t4_max: 7692
	F2_('S3', 'S4')_t4_min: 15050
	F13_('S2', 'S1')_t4_max: 6399
	F0_jitter: 387
	F25_('S2', 'S3')_t5_min: 56764
	F2_('E1', 'S1')_tb: 14596
	F23_('E2', 'S2')_t3_min: 5699
	F19_('S2', 'E2')_rr: 0
	F12_('E5', 'S5')_gc: False
	F21_('S4', 'S5')_tb: 15589
	F19_('S5', 'S4')_t5_max: 30716
	F19_('S4', 'S3')_gc: True
	F0_('S3', 'S2')_t4_max: 42499
	F22_('S5', 'S4')_t3_max: 16836
	F27_('E4', 'S4')_gc: False
	F4_('S1', 'E1')_t4_min: 40589
	F5_('S4', 'S5')_t4_max: 24776
	F23_('S1', 'E1')_rr: 0
	F19_('S5', 'S4')_t4_min: 30706
	F17_('S2', 'E2')_gc: True
	F23_('S2', 'S1')_t4_max: 5951
	F8_('S4', 'E4')_tb: 2970
	F1_('S2', 'S1')_t3_min: 41855
	F28_('E1', 'S1')_rr: 0
	F7_('E1', 'S1')_gc: False
	F29_jitter: 0
	F4_('S4', 'S3')_rr: 0
	F15_('S3', 'S4')_gc: False
	F5_('S5', 'E5')_t5_min: 24433
	F2_('S4', 'E4')_gc: False
	F25_('S4', 'S5')_gc: False
	F6_jitter: 258
	F1_('S5', 'S4')_rr: 0
	F12_('S2', 'S1')_gc: False
	F15_('E3', 'S3')_t3_max: 7349
	F18_queue_index: 0
	F29_('S1', 'S2')_t4_max: 24378
	F3_('S2', 'S3')_t5_min: 213
	F12_('S2', 'S1')_t4_max: 2865
	F25_('E1', 'S1')_gc: False
	F24_('S1', 'S2')_gc: False
	F9_jitter: 258
	F3_queue_index: 0
	F26_('E5', 'S5')_gc: False
	F8_('S3', 'S4')_t4_max: 2938
	F29_('S3', 'S4')_t4_min: 24651
	F17_('S2', 'E2')_t4_max: 1274
	F28_('S4', 'S5')_t4_max: 297
	F4_('S3', 'S2')_gc: True
	F21_('E4', 'S4')_rr: 0
	F22_('S3', 'S2')_t4_min: 17287
	F10_('S2', 'E2')_t4_min: 126497
	F0_queue_index: 0
	F16_queue_index: 0
	F28_queue_index: 0
	F20_('S3', 'E3')_t4_min: 1878
	F12_('S5', 'S4')_rr: 0
	F26_('S3', 'S2')_t4_min: 149
	F10_('E4', 'S4')_t3_max: 125873
	F10_('S2', 'E2')_rr: 0
	F12_('S5', 'S4')_t4_max: 2512
	F25_('S4', 'S5')_t5_max: 57476
	F12_('E5', 'S5')_rr: 0
	F5_('S1', 'S2')_t4_max: 24320
	F6_('S3', 'E3')_rr: 0
	F27_('S4', 'S3')_t3_max: 473
	F26_('S1', 'E1')_t4_min: 375
	F12_('S1', 'E1')_t5_min: 2665
	F0_('S3', 'S2')_gc: False
	F15_('S3', 'S4')_t5_max: 7780
	F27_('S2', 'E2')_t4_min: 576
	F7_('S1', 'S2')_rr: 4
	F0_('S3', 'S2')_t4_min: 42241
	F25_('S4', 'S5')_t4_max: 57380
	F12_('E5', 'S5')_t3_max: 2229
	F22_('S5', 'S4')_rr: 2
	F25_('S1', 'S2')_t4_max: 56699
	F26_('S1', 'E1')_t3_max: 380
	F28_('S2', 'S3')_gc: True
	F19_('S3', 'S2')_t4_max: 30864
	F3_('S2', 'S3')_rr: 0
	F3_('S3', 'E3')_rr: 0
	F5_('S2', 'S3')_t5_min: 24364
	F1_('S5', 'S4')_t3_max: 41725
	('E5', 'S5')_gcl_cycle: 1
	F2_('S2', 'S3')_t4_min: 14889
	F23_('S2', 'S1')_t4_min: 5822
	F6_('E2', 'S2')_rr: 0
	F29_('S1', 'S2')_t3_min: 24373
	F6_('E2', 'S2')_t5_min: 21246
	F14_('E4', 'S4')_t5_max: 1284
	('E3', 'S3')_gcl_cycle: 1
	F25_('E1', 'S1')_rr: 0
	F25_('S5', 'E5')_t4_min: 56962
	F24_jitter: 258
	F1_('S2', 'S1')_gc: False
	F7_('S2', 'S3')_t4_max: 5193
	F22_('S4', 'S3')_t4_max: 17187
	F7_('S3', 'S4')_t4_max: 5254
	F15_('E3', 'S3')_rr: 0
	F13_('E2', 'S2')_tb: 6215
	F1_('S5', 'S4')_t4_min: 41720
	F4_('E5', 'S5')_t4_max: 40046
	F26_('S5', 'S4')_t4_min: 52
	F18_('S4', 'S5')_gc: True
	F5_('S4', 'S5')_t4_min: 24389
	F9_('S3', 'S4')_gc: False
	F29_('S4', 'E4')_t4_min: 24772
	F22_('S3', 'S2')_rr: 0
	F7_jitter: 129
	F2_queue_index: 0
	F15_('E3', 'S3')_t5_min: 7561
	('S2', 'S1')_gcl_cycle: 8000
	F13_('S2', 'S1')_t5_min: 6323
	F6_('S2', 'S3')_t4_min: 21248
	F29_('S4', 'E4')_rr: 1
	F13_queue_index: 0
	F1_('S3', 'S2')_t4_max: 42197
	F22_('E5', 'S5')_rr: 0
	F14_('S2', 'E2')_gc: False
	F28_('S3', 'S4')_gc: True
	F28_('S4', 'S5')_rr: 0
	F25_('S3', 'S4')_t4_max: 57153
	F10_('S4', 'S3')_t4_min: 126119
	F17_('S2', 'E2')_tb: 1274
	F17_('S2', 'E2')_t3_min: 1016
	F26_('S4', 'S3')_gc: True
	F11_jitter: 258
	F11_('E4', 'S4')_gc: False
	F2_('S2', 'S3')_rr: 1
	F17_('S3', 'S2')_gc: False
	F9_('S4', 'E4')_t4_min: 5121
	F0_('S2', 'E2')_rr: 0
	F13_('S1', 'E1')_t4_min: 6325
	F2_('S4', 'E4')_t3_min: 15130
	F20_('S4', 'S3')_t4_min: 1514
	F26_('S2', 'S1')_rr: 1
	F12_('S4', 'S3')_gc: True
	F21_('S5', 'E5')_gc: False
	F22_('S5', 'S4')_gc: True
	F24_('S2', 'E2')_gc: False
	F3_('E2', 'S2')_t3_max: -91
	F22_('S4', 'S3')_tb: 17187
	F4_('S2', 'S1')_t4_max: 40652
	F27_jitter: 387
	F1_('S4', 'S3')_t4_max: 42023
	F7_('E1', 'S1')_t3_max: 4701
	F25_jitter: 645
	F12_('S1', 'E1')_gc: False
	F28_('S4', 'S5')_t4_min: 168
	F21_queue_index: 0
	F2_('S3', 'S4')_gc: True
	F5_('S5', 'E5')_rr: 0
	F26_queue_index: 0
	F17_('S3', 'S2')_t3_max: 907
	F1_('S3', 'S2')_gc: False
	F26_('S2', 'S1')_gc: True
	F7_('S3', 'S4')_t4_min: 5254
	F0_('S2', 'E2')_gc: False
	F4_queue_index: 0
	F19_('S5', 'S4')_gc: True
	F10_('S4', 'S3')_t4_max: 126248
	F16_('E4', 'S4')_rr: 0
	F0_('S4', 'S3')_gc: False
	F24_('S2', 'E2')_tb: 4263
	F12_('S2', 'S1')_t4_min: 2607
	F21_('S4', 'S5')_t4_max: 15589
	F22_('S3', 'S2')_t4_max: 17416
	F25_('S5', 'E5')_rr: 0
	F26_('S3', 'S2')_gc: False
	F0_('S3', 'S2')_rr: 0
	F23_('S1', 'E1')_gc: False
	F6_('S2', 'S3')_t3_max: 21253
	F17_('S3', 'S2')_rr: 0
	F21_('S5', 'E5')_rr: 0
	F14_jitter: 129
	F7_('S4', 'S5')_t4_min: 5438
	F4_('S4', 'S3')_t4_max: 40386
	F10_('E4', 'S4')_gc: False
	F10_queue_index: 0
	F29_('S1', 'S2')_t3_max: 24378
	F29_('S1', 'S2')_t4_min: 24378
	F19_('S3', 'S2')_rr: 0
	F16_('S4', 'S5')_rr: 4
	F29_('S2', 'S3')_t4_max: 24530
	F14_('S2', 'E2')_t3_max: 1749
	F28_('S2', 'S3')_rr: 4
	F8_('S3', 'S4')_t4_min: 2938
	F27_('S3', 'S2')_t4_min: 522
	F19_('S4', 'S3')_rr: 4
	('E4', 'S4')_gcl_cycle: 1
	F28_('S1', 'S2')_t3_max: 44
	F1_('S5', 'S4')_t4_max: 41849
	F13_('S2', 'S1')_t5_max: 6452
	F15_('S3', 'S4')_t4_min: 7563
	F7_('S4', 'S5')_rr: 8
	F4_('E5', 'S5')_gc: False
	F14_('S3', 'S2')_gc: True
	F1_('S3', 'S2')_t4_min: 41810
	F1_('S2', 'S1')_t4_min: 41855
	F26_('S3', 'S2')_t4_max: 278
	('S4', 'S5')_gcl_cycle: 128000
	F17_('E3', 'S3')_t3_max: 664
	F27_('E4', 'S4')_t3_max: 290
	F19_('S5', 'S4')_rr: 2
	F2_('S1', 'S2')_gc: True
	F14_('S4', 'S3')_t4_min: 1394
	F22_('S5', 'S4')_t4_max: 16959
	F3_('S3', 'E3')_t3_min: 215
	F25_('S5', 'E5')_t3_min: 56962
	('S3', 'S4')_gcl_cycle: 64000
	F8_('S4', 'E4')_rr: 0
	F12_('S3', 'S2')_gc: False
	F3_jitter: 258
	F27_queue_index: 0
	F2_('S2', 'S3')_t4_max: 14889
	F19_('S3', 'S2')_gc: False
	F28_('S1', 'S2')_t4_max: 44
	F5_('S1', 'S2')_t3_max: 24263
	F21_('S5', 'E5')_t4_min: 15653
	F17_jitter: 0
	('S5', 'S4')_gcl_cycle: 64000
	F13_('E2', 'S2')_t3_max: 6091
	F0_('S4', 'S3')_rr: 0
	F8_('E3', 'S3')_rr: 0
	F2_('S4', 'E4')_rr: 0
	F12_('S3', 'S2')_t4_min: 2577
	F25_('S1', 'S2')_t3_max: 56575
	F22_('S2', 'E2')_gc: False
	F9_queue_index: 0
	F18_('E4', 'S4')_t3_max: 127662
	F7_('S4', 'S5')_gc: True
	F2_('E1', 'S1')_gc: False
	F20_('E4', 'S4')_gc: False
	F23_('E2', 'S2')_rr: 0
	F29_('E1', 'S1')_t3_max: 24133
	F26_('E5', 'S5')_t3_max: -123
	F12_jitter: 387
	F9_('S3', 'S4')_t5_min: 5119
	F27_('S4', 'S3')_t3_min: 468
	F17_queue_index: 0
	F20_('E4', 'S4')_t3_max: 1267
	F0_('S2', 'E2')_t4_min: 42313
	F18_('E4', 'S4')_tb: 127786
	F21_('E4', 'S4')_gc: False
	F8_queue_index: 0
	F26_('S5', 'S4')_t4_max: 52
	F22_('S3', 'S2')_t3_min: 17287
	F27_('S4', 'S3')_gc: False
	F20_('S4', 'S3')_t4_max: 1643
	F11_('S2', 'E2')_t3_min: 38449
	F8_('S3', 'S4')_rr: 16
	F0_('E4', 'S4')_gc: False
	F12_('S4', 'S3')_rr: 32
	('S3', 'S2')_gcl_cycle: 128000
	F17_('E3', 'S3')_gc: False
	F25_('S3', 'S4')_gc: False
	F13_('S2', 'S1')_t4_min: 6270
	F5_('S4', 'S5')_gc: False
	F23_jitter: 258
	F10_('E4', 'S4')_t4_max: 125997
	F18_('S4', 'S5')_rr: 1
	F14_('S4', 'S3')_t3_max: 1291
	F10_('S3', 'S2')_rr: 1
	F22_('S2', 'E2')_rr: 0
	F20_('S3', 'E3')_gc: True
	('S5', 'E5')_gcl_cycle: 1
	F13_('E2', 'S2')_t3_min: 6215
	F12_('S3', 'S2')_t4_max: 2706
	F7_('S4', 'S5')_t4_max: 5438
	F21_('S4', 'S5')_rr: 8
	F22_('E5', 'S5')_t3_min: 16731
	F1_queue_index: 0
	F12_('S2', 'S1')_t3_max: 2741
	F14_('E4', 'S4')_tb: 1165
	F25_('E1', 'S1')_t3_max: 56348
	F19_('S5', 'S4')_t4_max: 30706
	F2_('S3', 'S4')_rr: 1
	F19_jitter: 258
	F2_jitter: 129
	F11_('S3', 'S2')_t4_max: 38465
	F22_('S2', 'E2')_t4_min: 17387
	F13_('S1', 'E1')_t4_max: 6583
	F16_('S4', 'S5')_t4_max: 10226
	F7_('S3', 'S4')_gc: True
	F4_('S4', 'S3')_t4_min: 40257
	F14_('S3', 'S2')_t4_max: 1623
	F16_jitter: 129
	F22_('E5', 'S5')_t5_max: 16829
	F0_('S4', 'S3')_t4_min: 42169
	F16_('S4', 'S5')_tb: 10226
	F5_('E1', 'S1')_gc: False
	F5_('E1', 'S1')_rr: 0
	F11_('S4', 'S3')_rr: 1
	F11_('S2', 'E2')_rr: 0
	F28_('S3', 'S4')_rr: 4
	F14_('S4', 'S3')_t4_max: 1394
	F11_('S4', 'S3')_gc: True
	F17_('S3', 'S2')_t4_min: 902
	('S3', 'S4')_gcl_length: 54
	F14_('E4', 'S4')_gc: False
	F24_('S1', 'S2')_t3_max: 4212
	F11_('S4', 'S3')_t4_max: 38223
	('S4', 'E4')_gcl_cycle: 32000
	F25_('S1', 'S2')_rr: 0
	F29_('S3', 'S4')_rr: 2
	F7_('S5', 'E5')_t4_min: 5494
	F20_('S3', 'E3')_rr: 1
	F27_('S2', 'E2')_t5_min: 628
	F12_('S4', 'S3')_t4_max: 2547
	F11_('E4', 'S4')_t4_min: 38105
	F28_('E1', 'S1')_t3_max: -123
	F14_('E4', 'S4')_rr: 0
	F24_queue_index: 0
	F18_('E4', 'S4')_gc: False
	F14_('S4', 'S3')_gc: True
	F15_('E3', 'S3')_gc: False
	F8_('S3', 'S4')_gc: True
	F28_('S1', 'S2')_gc: True
	F16_('S4', 'S5')_t4_min: 10226
	F26_('E5', 'S5')_rr: 0
	F1_('E5', 'S5')_t3_max: 41551
	F6_('S3', 'E3')_t3_min: 21268
	F1_('S4', 'S3')_t5_min: 41808
	F25_('S4', 'S5')_tb: 56864
	F8_('E3', 'S3')_tb: 2901
	F21_('S5', 'E5')_t5_max: 15844
	F27_('S4', 'S3')_t5_max: 649
	F12_('S1', 'E1')_t4_max: 3024
	F23_('E2', 'S2')_t4_min: 5699
	F4_('S4', 'S3')_t3_min: 40257
	F17_('E3', 'S3')_t5_min: 900
	F10_('S4', 'S3')_t5_min: 126239
	F11_('E4', 'S4')_t4_max: 38105
	F6_('S3', 'E3')_t5_min: 21286
	F25_('S5', 'E5')_t5_max: 57703
	F19_('E5', 'S5')_t5_max: 30576
	F1_('E5', 'S5')_t4_max: 41675
	F14_('S4', 'S3')_tb: 1394
	F28_('S4', 'S5')_tb: 168
	F26_('E5', 'S5')_t3_min: 1
	F8_('S3', 'S4')_t3_min: 2933
	F4_('S4', 'S3')_t5_min: 40321
	F5_('S3', 'S4')_t5_max: 24645
	F4_('S4', 'S3')_t3_max: 40262
	F0_('S2', 'E2')_t3_min: 42313
	F1_('E5', 'S5')_t5_max: 41718
	F2_('E1', 'S1')_t3_min: 14596
	F5_('S3', 'S4')_tb: 24366
	F25_('E1', 'S1')_t5_max: 56568
	F29_('S4', 'E4')_t3_min: 24767
	F28_('S5', 'E5')_t5_min: 242
	F25_('S1', 'S2')_t3_min: 56570
	F28_('S5', 'E5')_t3_min: 206
	F23_('S1', 'E1')_t3_min: 5945
	F25_('E1', 'S1')_t4_max: 56472
	F1_('S5', 'S4')_t5_min: 41763
	F9_('S3', 'S4')_t3_min: 5011
	F28_('S1', 'S2')_t5_max: 80
	F28_('E1', 'S1')_t3_min: 1
	F14_('E4', 'S4')_t5_min: 1284
	F10_('S4', 'S3')_tb: 126119
	F23_('S2', 'S1')_t5_min: 5943
	F6_('S3', 'E3')_t5_max: 21544
	F10_('E4', 'S4')_tb: 125997
	F19_('S2', 'E2')_t5_min: 30757
	F22_('S4', 'S3')_t3_max: 17064
	F16_('S4', 'S5')_t3_min: 10098
	F7_('S3', 'S4')_tb: 5254
	F10_('S2', 'E2')_t3_max: 126502
	F10_('S3', 'S2')_t5_min: 126495
	F17_('E3', 'S3')_t5_max: 900
	F24_('E1', 'S1')_tb: 4151
	F7_('S5', 'E5')_t3_max: 5499
	F1_('S1', 'E1')_t3_min: 41900
	F21_('E4', 'S4')_t3_min: 15520
	F14_('S2', 'E2')_t5_max: 1992
	F10_('S3', 'S2')_t5_max: 126495
	F4_('S3', 'S2')_t3_max: 40457
	F7_('S4', 'S5')_t3_min: 5310
	F6_('S3', 'E3')_t3_max: 21402
	F1_('S1', 'E1')_t3_max: 42421
	F28_('S3', 'S4')_t3_max: 130
	('S5', 'E5')_gcl_length: 0
	F16_('S4', 'S5')_t5_min: 10288
	F28_('S1', 'S2')_t5_min: 80
	F27_('S2', 'E2')_t3_min: 576
	F29_('S4', 'E4')_t5_min: 24886
	F1_('S2', 'S1')_t3_max: 42247
	F28_('E1', 'S1')_t4_max: 1
	F22_('S3', 'S2')_t5_max: 17514
	F27_('S3', 'S2')_t5_min: 574
	F19_('S3', 'S2')_t3_max: 30740
	F4_('S1', 'E1')_tb: 40589
	F4_('S2', 'S1')_tb: 40523
	F0_('S3', 'S2')_tb: 42241
	F16_('E4', 'S4')_t4_min: 10034
	F25_('S3', 'S4')_t3_min: 56766
	F14_('S3', 'S2')_t3_min: 1515
	F26_('S4', 'S3')_t5_max: 147
	F11_('E4', 'S4')_t5_min: 38216
	F6_('S2', 'S3')_tb: 21248
	F29_('S2', 'S3')_t5_max: 24644
	F7_('E1', 'S1')_t5_max: 4879
	F26_('S2', 'S1')_t3_max: 329
	F27_('E4', 'S4')_t4_min: 414
	('S1', 'S2')_gcl_length: 24
	F5_('S3', 'S4')_t3_max: 24500
	F5_('E1', 'S1')_t4_max: 24235
	F19_('S5', 'S4')_t5_min: 30716
	F2_('S2', 'S3')_t5_max: 14967
	F21_('E4', 'S4')_t4_min: 15520
	F10_('E4', 'S4')_t5_min: 126117
	F5_('S4', 'S5')_t5_min: 24410
	('S1', 'E1')_gcl_length: 0
	F17_('S2', 'E2')_t3_max: 1150
	F29_('S3', 'S4')_t3_min: 24646
	F1_('S1', 'E1')_t5_min: 41943
	F26_('S4', 'S3')_t3_max: 103
	F17_('S2', 'E2')_t5_min: 1386
	F26_('S3', 'S2')_tb: 149
	F27_('E4', 'S4')_t3_min: 414
	F25_('S3', 'S4')_t3_max: 57029
	F12_('S4', 'S3')_t3_max: 2547
	F23_('E2', 'S2')_tb: 5699
	F2_('E1', 'S1')_t4_max: 14596
	F22_('S2', 'E2')_tb: 17387
	F2_('S3', 'S4')_tb: 15050
	F29_('S4', 'E4')_t3_max: 24772
	F24_('S1', 'S2')_t5_min: 4261
	F23_('S2', 'S1')_t3_min: 5822
	F5_('S1', 'S2')_t5_min: 24341
	F15_('E3', 'S3')_t4_min: 7473
	F2_('S4', 'E4')_tb: 15130
	F12_('S1', 'E1')_tb: 2637
	F11_('E4', 'S4')_t3_min: 38105
	F9_('E3', 'S3')_t4_max: 4901
	F13_('E2', 'S2')_t5_max: 6268
	F4_('S3', 'S2')_t3_min: 40323
	F28_('S3', 'S4')_t5_max: 166
	F24_('E1', 'S1')_t3_min: 4151
	F23_('E2', 'S2')_t5_max: 5820
	F20_('S3', 'E3')_tb: 1878
	F3_('S3', 'E3')_t3_max: 349
	F26_('S4', 'S3')_tb: 103
	F2_('S3', 'S4')_t3_min: 14969
	F3_('S2', 'S3')_tb: 124
	F28_('S5', 'E5')_t4_max: 464
	F6_('S2', 'S3')_t5_max: 21395
	F5_('S1', 'S2')_t5_max: 24341
	F3_('E2', 'S2')_tb: 33
	F0_('E4', 'S4')_t4_max: 42097
	F28_('S5', 'E5')_tb: 206
	F12_('S2', 'S1')_t5_min: 2635
	('S2', 'S3')_gcl_length: 22
	F4_('S2', 'S1')_t3_max: 40528
	F18_('S5', 'E5')_t3_min: 127845
	F5_('S5', 'E5')_t3_max: 24804
	F20_('S3', 'E3')_t3_min: 1637
	F9_('E3', 'S3')_t3_min: 4901
	F28_('S2', 'S3')_t5_max: 123
	F23_('S2', 'S1')_t5_max: 6072
	F14_('S3', 'S2')_t3_max: 1520
	F1_('S4', 'S3')_t3_min: 41765
	F5_('S2', 'S3')_tb: 24343
	F19_('S4', 'S3')_t5_min: 30733
	F4_('S2', 'S1')_t5_max: 40716
	F18_('S5', 'E5')_tb: 127845
	F29_('S4', 'E4')_t4_max: 24772
	F12_('S4', 'S3')_t3_min: 2413
	F0_('S4', 'S3')_t3_min: 42169
	F4_('E5', 'S5')_t5_max: 40110
	F18_('S5', 'E5')_t4_max: 127974
	F8_('S4', 'E4')_t3_min: 2970
	F5_('S4', 'S5')_tb: 24389
	F14_('E4', 'S4')_t3_min: 1165
	F15_('E3', 'S3')_t3_min: 7473
	F4_('S2', 'S1')_t3_min: 40523
	F27_('S2', 'E2')_tb: 576
	F28_('S4', 'S5')_t3_max: 173
	('S2', 'S1')_gcl_length: 2
	F5_('E1', 'S1')_t3_min: 24235
	F29_('S3', 'S4')_tb: 24651
	F26_('E5', 'S5')_t5_max: 45
	F11_('S4', 'S3')_t5_min: 38334
	F1_('S4', 'S3')_t3_max: 41899
	F0_('E4', 'S4')_t3_min: 42097
	F7_('S5', 'E5')_t4_max: 5623
	F15_('S4', 'E4')_tb: 7653
	F24_('S1', 'S2')_t5_max: 4390
	F14_('S3', 'S2')_tb: 1623
	F29_('S1', 'S2')_t5_max: 24492
	F19_('E5', 'S5')_t4_max: 30566
	F22_('S2', 'E2')_t3_max: 17521
	F23_('S1', 'E1')_t5_min: 6066
	F16_('S5', 'E5')_t3_max: 10295
	('S3', 'E3')_gcl_length: 2
	F25_('S3', 'S4')_t5_min: 56862
	F11_('S3', 'S2')_tb: 38336
	F28_('S4', 'S5')_t3_min: 168
	F23_('E2', 'S2')_t4_max: 5699
	F10_('S3', 'S2')_t3_min: 126241
	F19_('S4', 'S3')_t3_max: 30723
	F14_('S2', 'E2')_t4_max: 1873
	F20_('E4', 'S4')_t3_min: 1391
	F25_('S1', 'S2')_tb: 56570
	F17_('E3', 'S3')_tb: 788
	F7_('S5', 'E5')_tb: 5494
	('E2', 'S2')_gcl_length: 0
	F26_('S5', 'S4')_tb: 52
	F20_('E4', 'S4')_t4_max: 1391
	F13_('S1', 'E1')_t5_max: 6636
	F29_('E1', 'S1')_t5_max: 24371
	F26_('S5', 'S4')_t5_max: 96
	F7_('S3', 'S4')_t3_min: 5249
	F19_('S4', 'S3')_tb: 30723
	F29_('S1', 'S2')_tb: 24378
	F13_('S2', 'S1')_tb: 6270
	F27_('S4', 'S3')_t5_min: 520
	F22_('E5', 'S5')_t4_min: 16731
	F22_('S5', 'S4')_t5_min: 17057
	F10_('E4', 'S4')_t3_min: 125997
	F16_('S5', 'E5')_t5_max: 10481
	F24_('S2', 'E2')_t5_max: 4575
	F9_('S4', 'E4')_tb: 5121
	F1_('S3', 'S2')_tb: 41810
	F0_('S2', 'E2')_t5_max: 42770
	F29_('S1', 'S2')_t5_min: 24492
	F2_('S1', 'S2')_tb: 14681
	F29_('S2', 'S3')_t3_max: 24499
	F25_('E1', 'S1')_t5_min: 56568
	F9_('S4', 'E4')_t3_max: 5255
	F21_('S4', 'S5')_t5_min: 15651
	F27_('E4', 'S4')_t5_max: 466
	F21_('S5', 'E5')_t3_min: 15653
	F12_('S3', 'S2')_t5_min: 2605
	F4_('S1', 'E1')_t5_min: 40653
	F27_('E4', 'S4')_t4_max: 414
	F20_('S4', 'S3')_tb: 1514
	F7_('E1', 'S1')_t4_min: 4825
	F27_('S2', 'E2')_t5_max: 1015
	F4_('S3', 'S2')_tb: 40457
	F1_('S1', 'E1')_tb: 41900
	F15_('S3', 'S4')_t3_min: 7563
	F25_('S2', 'S3')_t3_min: 56668
	('S4', 'S5')_gcl_length: 42
	F16_('E4', 'S4')_t4_max: 10034
	F17_('S2', 'E2')_t5_max: 1386
	F25_('S2', 'S3')_t3_max: 56802
	F12_('E5', 'S5')_t3_min: 2353
	F19_('E5', 'S5')_tb: 30566
	F16_('S5', 'E5')_t4_max: 10419
	F5_('S1', 'S2')_tb: 24320
	F15_('S4', 'E4')_t5_min: 7741
	F7_('S4', 'S5')_t5_min: 5492
	F28_('S2', 'S3')_tb: 87
	F12_('S5', 'S4')_t5_max: 2540
	F21_('E4', 'S4')_t5_max: 15582
	F12_('S4', 'S3')_t5_max: 2575
	F15_('E3', 'S3')_t4_max: 7473
	F28_('S3', 'S4')_tb: 130
	F1_('S3', 'S2')_t3_max: 42073
	F12_('S3', 'S2')_t3_max: 2582
	F1_('S5', 'S4')_t5_max: 41892
	F1_('E5', 'S5')_t5_min: 41718
	F1_('S1', 'E1')_t5_max: 42588
	F2_('S2', 'S3')_tb: 14889
	F12_('S2', 'S1')_tb: 2607
	F26_('S2', 'S1')_t3_min: 195
	F15_('E3', 'S3')_t5_max: 7561
	F0_('E4', 'S4')_t4_min: 42097
	F9_('S4', 'E4')_t5_min: 5229
	F4_('S2', 'S1')_t5_min: 40587
	('E4', 'S4')_gcl_length: 0
	F8_('E3', 'S3')_t5_max: 2931
	F19_('S3', 'S2')_t5_max: 30874
	F29_('E1', 'S1')_t4_min: 24257
	F26_('S2', 'S1')_tb: 329
	('S2', 'E2')_gcl_length: 2
	F28_('S4', 'S5')_t5_max: 333
	F25_('S4', 'S5')_t5_min: 56960
	F24_('S1', 'S2')_tb: 4207
	F6_('S3', 'E3')_tb: 21268
	F17_('S3', 'S2')_t5_min: 1014
	F23_('E2', 'S2')_t5_min: 5820
	F22_('S3', 'S2')_tb: 17287
	F26_('S2', 'S1')_t5_max: 373
	F12_('S5', 'S4')_t5_min: 2411
	F14_('S2', 'E2')_t3_min: 1744
	F8_('E3', 'S3')_t4_max: 2901
	F5_('S3', 'S4')_t5_min: 24387
	F4_('E5', 'S5')_t4_min: 40046
	F0_('S3', 'S2')_t3_min: 42241
	F4_('S5', 'S4')_t5_min: 40255
	F20_('S3', 'E3')_t5_max: 1999
	F24_('E1', 'S1')_t5_max: 4205
	F5_('S4', 'S5')_t3_min: 24389
	F27_('E4', 'S4')_t5_min: 466
	F2_('S4', 'E4')_t3_max: 15135
	F22_('E5', 'S5')_t4_max: 16731
	F2_('S4', 'E4')_t5_max: 15337
	F12_('S3', 'S2')_tb: 2577
	F0_('E4', 'S4')_tb: 42097
	F25_('S3', 'S4')_t5_max: 57249
	F21_('S4', 'S5')_t3_min: 15584
	F26_('S4', 'S3')_t3_min: 98
	F7_('S2', 'S3')_t3_max: 5070
	F20_('S3', 'E3')_t3_max: 1771
	F19_('S2', 'E2')_t5_max: 31015
	F10_('S2', 'E2')_t5_max: 126746
	F6_('E2', 'S2')_t4_min: 21228
	F12_('S1', 'E1')_t5_max: 3052
	F28_('S1', 'S2')_t3_min: 39
	F28_('S2', 'S3')_t3_max: 87
	F22_('S2', 'E2')_t4_max: 17645
	F3_('E2', 'S2')_t3_min: 33
	('E1', 'S1')_gcl_length: 0
	F18_('S5', 'E5')_t5_min: 127870
	F1_('S2', 'S1')_t5_min: 41898
	F22_('S2', 'E2')_t5_min: 17485
	F11_('S2', 'E2')_t4_max: 38707
	F8_('S4', 'E4')_t5_min: 3000
	F5_('E1', 'S1')_t5_min: 24256
	F19_('S2', 'E2')_tb: 30747
	F0_('S4', 'S3')_tb: 42169
	F1_('E5', 'S5')_t3_min: 41675
	F8_('S4', 'E4')_t5_max: 3129
	F26_('S4', 'S3')_t5_min: 147
	F21_('S5', 'E5')_t3_max: 15658
	F17_('E3', 'S3')_t4_min: 788
	F5_('S4', 'S5')_t5_max: 24797
	F18_('E4', 'S4')_t4_max: 127786
	F7_('S1', 'S2')_t3_min: 4881
	F28_('E1', 'S1')_t5_max: 37
	F24_('S2', 'E2')_t3_min: 4263
	F4_('S3', 'S2')_t5_max: 40521
	F22_('S5', 'S4')_t5_max: 17057
	F18_('S5', 'E5')_t3_max: 127850
	F27_('S2', 'E2')_t4_max: 963
	F26_('S1', 'E1')_tb: 375
	F18_('S4', 'S5')_tb: 127818
	F17_('S3', 'S2')_tb: 902
	F8_('E3', 'S3')_t3_min: 2901
	F25_('S4', 'S5')_t3_min: 56864
	F0_('S3', 'S2')_t5_max: 42569
	F21_('S5', 'E5')_t4_max: 15782
	F19_('S4', 'S3')_t3_min: 30718
	F8_('E3', 'S3')_t4_min: 2901
	F1_('S5', 'S4')_t3_min: 41720
	F16_('E4', 'S4')_t3_min: 10034
	F15_('S3', 'S4')_t5_min: 7651
	F3_('S3', 'E3')_t5_max: 562
	F11_('S4', 'S3')_tb: 38223
	F8_('S4', 'E4')_t4_max: 3099
	F19_('S3', 'S2')_t5_min: 30745
	F4_('S4', 'S3')_t5_max: 40450
	F29_('S2', 'S3')_tb: 24530
	F27_('S4', 'S3')_tb: 468
	F11_('S4', 'S3')_t5_max: 38334
	F25_('S4', 'S5')_t3_max: 57256
	F11_('S3', 'S2')_t3_min: 38336
	F13_('S1', 'E1')_t5_min: 6378
	F1_('S5', 'S4')_tb: 41720
	F12_('S2', 'S1')_t5_max: 2893
	F25_('S3', 'S4')_tb: 56766
	F1_('S2', 'S1')_tb: 41855
	F7_('E1', 'S1')_t4_max: 4825
	F19_('S3', 'S2')_t3_min: 30735
	F14_('E4', 'S4')_t4_min: 1165
	F13_('S1', 'E1')_t3_min: 6325
	F9_('E3', 'S3')_t4_min: 4901
	F1_('S2', 'S1')_t5_max: 42414
	F11_('S4', 'S3')_t3_min: 38218
	F2_('S2', 'S3')_t3_min: 14761
	F18_('E4', 'S4')_t3_min: 127786
	F27_('S3', 'S2')_t5_max: 832
	F24_('S1', 'S2')_t3_min: 4207
	F29_('S4', 'E4')_t5_max: 24886
	F28_('S2', 'S3')_t3_min: 82
	F5_('S2', 'S3')_t3_max: 24348
	F7_('S5', 'E5')_t3_min: 5494
	F20_('S3', 'E3')_t4_max: 1878
	F26_('S3', 'S2')_t3_max: 154
	F5_('S4', 'S5')_t3_max: 24652
	F23_('S1', 'E1')_t4_max: 6203
	F16_('S5', 'E5')_t3_min: 10290
	F10_('S3', 'S2')_tb: 126375
	F29_('S3', 'S4')_t3_max: 24651
	F26_('S1', 'E1')_t5_max: 548
	F22_('S4', 'S3')_t5_max: 17285
	F22_('S4', 'S3')_t5_min: 17285
	F0_('S3', 'S2')_t5_min: 42311
	F2_('S4', 'E4')_t4_max: 15259
	F18_('E4', 'S4')_t5_max: 127811
	F5_('S1', 'S2')_t3_min: 24258
	F1_('S3', 'S2')_t5_min: 41853
	F12_('E5', 'S5')_t4_max: 2353
	F4_('S1', 'E1')_t4_max: 40847
	F28_('S3', 'S4')_t3_min: 125
	F21_('E4', 'S4')_t4_max: 15520
	F5_('S2', 'S3')_t3_min: 24343
	F1_('S1', 'E1')_t4_max: 42545
	F16_('S5', 'E5')_t5_min: 10352
	F9_('S3', 'S4')_tb: 5011
	F2_('S3', 'S4')_t5_min: 15128
	F2_('S3', 'S4')_t3_max: 14974
	F22_('S3', 'S2')_t3_max: 17292
	F16_('E4', 'S4')_t5_max: 10096
	F1_('E5', 'S5')_tb: 41675
	F26_('S5', 'S4')_t3_min: 47
	F12_('S3', 'S2')_t5_max: 2734
	F25_('E1', 'S1')_tb: 56472
	F6_('S2', 'S3')_t3_min: 21248
	F26_('E5', 'S5')_t4_max: 1
	F29_('E1', 'S1')_tb: 24257
	F22_('S2', 'E2')_t3_min: 17387
	F12_('E5', 'S5')_t4_min: 2353
	F10_('S4', 'S3')_t3_min: 126119
	F8_('S3', 'S4')_t5_min: 2968
	F9_('S3', 'S4')_t5_max: 5248
	F20_('E4', 'S4')_t5_min: 1512
	F18_('E4', 'S4')_t4_min: 127786
	F9_('S4', 'E4')_t3_min: 5121
	F8_('S4', 'E4')_t3_max: 2975
	F0_('E4', 'S4')_t5_min: 42167
	('S4', 'E4')_gcl_length: 2
	F29_('S2', 'S3')_t3_min: 24494
	F6_('E2', 'S2')_tb: 21228
	F1_('S4', 'S3')_tb: 41765
	F23_('S1', 'E1')_t5_max: 6324
	F29_('S3', 'S4')_t5_max: 24765
	F27_('S3', 'S2')_t3_min: 522
	F24_('S2', 'E2')_t3_max: 4397
	F24_('S2', 'E2')_t4_max: 4521
	F15_('S4', 'E4')_t3_max: 7787
	('S3', 'S2')_gcl_length: 134
	F7_('S2', 'S3')_tb: 5193
	F17_('S3', 'S2')_t3_min: 902
	F7_('S2', 'S3')_t5_max: 5247
	F7_('E1', 'S1')_tb: 4825
	F0_('S2', 'E2')_t4_max: 42700
	F10_('S2', 'E2')_tb: 126497
	F13_('E2', 'S2')_t4_min: 6215
	F10_('S2', 'E2')_t3_min: 126497
	F22_('E5', 'S5')_tb: 16731
	F14_('S3', 'S2')_t5_max: 1742
	F13_('E2', 'S2')_t4_max: 6215
	F10_('S3', 'S2')_t3_max: 126375
	F7_('S4', 'S5')_t5_max: 5492
	F12_('E5', 'S5')_tb: 2353
	F13_('S1', 'E1')_t3_max: 6459
	F16_('E4', 'S4')_t5_min: 10096
	F25_('S5', 'E5')_tb: 56962
	F5_('E1', 'S1')_tb: 24235
	('E5', 'S5')_gcl_length: 0
	F5_('S3', 'S4')_t3_min: 24366
	F5_('E1', 'S1')_t5_max: 24256
	F4_('S1', 'E1')_t3_min: 40589
	F13_('S1', 'E1')_tb: 6325
	F21_('E4', 'S4')_tb: 15520
	F24_('E1', 'S1')_t4_min: 4151
	F24_('S2', 'E2')_t5_min: 4317
	F26_('E5', 'S5')_t4_min: 1
	F18_('S4', 'S5')_t5_max: 127843
	F3_('S3', 'E3')_t5_min: 304
	F11_('S3', 'S2')_t3_max: 38341
	F7_('E1', 'S1')_t3_min: 4825
	F22_('S3', 'S2')_t5_min: 17385
	F28_('S4', 'S5')_t5_min: 204
	F14_('S2', 'E2')_tb: 1744
	('E3', 'S3')_gcl_length: 0
	F17_('E3', 'S3')_t3_min: 788
	F20_('S4', 'S3')_t3_min: 1514
	F18_('S5', 'E5')_t5_max: 127999
	F3_('S2', 'S3')_t3_min: 124
	F4_('S4', 'S3')_tb: 40257
	F15_('S4', 'E4')_t4_max: 7911
	F0_('S4', 'S3')_t5_max: 42368
	F6_('E2', 'S2')_t4_max: 21228
	F5_('E1', 'S1')_t4_min: 24235
	F5_('S5', 'E5')_tb: 24412
	F2_('S2', 'S3')_t5_min: 14967
	F7_('S5', 'E5')_t5_max: 5677
	F19_('E5', 'S5')_t4_min: 30566
	F25_('S2', 'S3')_t5_max: 57022
	F27_('S3', 'S2')_t3_max: 656
	F12_('S3', 'S2')_t3_min: 2577
	F29_('E1', 'S1')_t4_max: 24257
	F26_('S5', 'S4')_t5_min: 96
	F8_('S3', 'S4')_tb: 2938
	F11_('E4', 'S4')_t5_max: 38216
	F22_('S5', 'S4')_t3_min: 16831
	F12_('S5', 'S4')_t3_min: 2383
	F19_('S5', 'S4')_t3_min: 30578
	F12_('S4', 'S3')_t5_min: 2575
	F7_('S2', 'S3')_t3_min: 5065
	F25_('S5', 'E5')_t4_max: 57607
	F20_('S3', 'E3')_t5_min: 1999
	F27_('E4', 'S4')_tb: 414
	F20_('S4', 'S3')_t5_min: 1635
	F2_('S3', 'S4')_t5_max: 15128
	F20_('E4', 'S4')_t5_max: 1512
	F2_('E1', 'S1')_t4_min: 14596
	F3_('E2', 'S2')_t4_min: 33
	F13_('S2', 'S1')_t3_min: 6270
	('S5', 'S4')_gcl_length: 26
	F9_('S4', 'E4')_t4_max: 5379
	F24_('E1', 'S1')_t4_max: 4151
	F27_('S3', 'S2')_tb: 522
	F28_('S3', 'S4')_t5_min: 166
	F19_('S2', 'E2')_t4_max: 31005
	F18_('S4', 'S5')_t3_min: 127813
	F12_('S4', 'S3')_tb: 2547
	F1_('E5', 'S5')_t4_min: 41675
	F12_('S5', 'S4')_tb: 2383
	F19_('S2', 'E2')_t3_min: 30747
	F10_('S2', 'E2')_t5_min: 126617
	F15_('S4', 'E4')_t5_max: 7999
	F7_('E1', 'S1')_t5_min: 4879
	F14_('S4', 'S3')_t5_min: 1513
	F2_('E1', 'S1')_t5_max: 14674
	F7_('S4', 'S5')_tb: 5438
	F6_('E2', 'S2')_t3_min: 21228
	F10_('E4', 'S4')_t5_max: 126117
	F22_('S4', 'S3')_t3_min: 17059
	F1_('S3', 'S2')_t5_max: 42240
	F2_('S2', 'S3')_t3_max: 14766
	F9_('E3', 'S3')_tb: 4901
	F29_('E1', 'S1')_t3_min: 24257
	F20_('E4', 'S4')_t4_min: 1391
	F26_('S1', 'E1')_t5_min: 419
	F26_('S3', 'S2')_t5_min: 193
	F9_('E3', 'S3')_t5_min: 5009
	F21_('E4', 'S4')_t5_min: 15582
	F29_('S4', 'E4')_tb: 24772
	F23_('S2', 'S1')_tb: 5822
	F25_('S1', 'S2')_t5_max: 56795
	F0_('E4', 'S4')_t5_max: 42167
	F25_('S5', 'E5')_t5_min: 57058
	F19_('E5', 'S5')_t5_min: 30576
	F2_('S1', 'S2')_t5_max: 14759
	F10_('S4', 'S3')_t5_max: 126368
	F11_('E4', 'S4')_tb: 38105
	F5_('S2', 'S3')_t5_max: 24493
	F2_('S1', 'S2')_t3_min: 14676
	F17_('E3', 'S3')_t4_max: 788
	F19_('S2', 'E2')_t3_max: 30881
	F5_('S5', 'E5')_t4_max: 24928
	F23_('S1', 'E1')_t3_max: 6079
	F3_('E2', 'S2')_t5_max: 122
	F4_('S1', 'E1')_t5_max: 40911
	F14_('E4', 'S4')_t4_max: 1165
	F3_('S3', 'E3')_tb: 215
	('S4', 'S3')_gcl_length: 242
	F7_('S1', 'S2')_tb: 5009
	F16_('E4', 'S4')_tb: 10034
	F11_('S2', 'E2')_tb: 38449
	F29_('S2', 'S3')_t5_min: 24644
	F19_('S4', 'S3')_t5_max: 30733
	F4_('S5', 'S4')_t5_max: 40255
	F3_('S2', 'S3')_t5_max: 342
	F0_('S4', 'S3')_t5_min: 42239
	F16_('S4', 'S5')_t5_max: 10288
	F28_('S1', 'S2')_tb: 44
	F7_('S1', 'S2')_t5_max: 5063
	F29_('E1', 'S1')_t5_min: 24371
	F23_('S1', 'E1')_tb: 5945
	F28_('S5', 'E5')_t3_max: 340
	F28_('S5', 'E5')_t5_max: 500
	F20_('S4', 'S3')_t5_max: 1764
	F22_('S5', 'S4')_tb: 16959
	F4_('S5', 'S4')_tb: 40191
	F19_('S5', 'S4')_tb: 30706
	F0_('S2', 'E2')_tb: 42313
	F25_('E1', 'S1')_t3_min: 56472
	F26_('S1', 'E1')_t4_max: 504
	F24_('E1', 'S1')_t5_min: 4205
	F7_('S3', 'S4')_t3_max: 5254
	F5_('S5', 'E5')_t3_min: 24412
	F7_('S4', 'S5')_t3_max: 5315
	F25_('S1', 'S2')_t5_min: 56666
	F22_('E5', 'S5')_t5_min: 16829
	F22_('S2', 'E2')_t5_max: 17743
	F18_('E4', 'S4')_t5_min: 127811
	F12_('S1', 'E1')_t3_max: 2900
	F11_('S3', 'S2')_t5_max: 38576
	F11_('S2', 'E2')_t5_min: 38560
	F10_('S2', 'E2')_t4_max: 126626
	F6_('S3', 'E3')_t4_max: 21526
	F9_('S4', 'E4')_t5_max: 5487
	F6_('S2', 'S3')_t5_min: 21266
	F4_('S3', 'S2')_t5_min: 40521
	F26_('E5', 'S5')_t5_min: 45
	F28_('S2', 'S3')_t5_min: 123
	F0_('S2', 'E2')_t3_max: 42576
	F28_('E1', 'S1')_t5_min: 37
	F4_('S1', 'E1')_t3_max: 40723
	F12_('S1', 'E1')_t3_min: 2637
	F16_('S5', 'E5')_tb: 10290
	F4_('E5', 'S5')_t3_min: 40046
	F26_('S1', 'E1')_t3_min: 375
	F14_('S4', 'S3')_t3_min: 1286
	F14_('S2', 'E2')_t5_min: 1863
	F28_('E1', 'S1')_tb: 1
	F12_('E5', 'S5')_t5_max: 2381
	F2_('S4', 'E4')_t5_min: 15208
	F19_('S3', 'S2')_tb: 30735
	F0_('S2', 'E2')_t5_min: 42383
