0. Flow F0 [E2-->E4] with period 128000, payload 651B, e2e delay 128000us, jitter 12800us
	('E2', 'S2'), Operation(81412, None, 81465)(81412, 81412)
	('S2', 'S3'), Operation(81467, 81472, 81525)(81472, 81472)
	('S3', 'S4'), Operation(81527, 81532, 81585)(81532, 81532)
	('S4', 'E4'), Operation(81587, 81592, 81645)(81592, 81592)
1. Flow F1 [E5-->E3] with period 64000, payload 340B, e2e delay 64000us, jitter 6400us
	('E5', 'S5'), Operation(17178, None, 17206)(17178, 17178)
	('S5', 'S4'), Operation(17208, 17213, 17241)(17213, 17213)
	('S4', 'S3'), Operation(17243, None, 17400)(17243, 17372)
	('S3', 'E3'), Operation(17273, 17407, 17435)(17407, 17407)
2. Flow F2 [E1-->E5] with period 64000, payload 1264B, e2e delay 64000us, jitter 6400us
	('E1', 'S1'), Operation(25223, None, 25325)(25223, 25223)
	('S1', 'S2'), Operation(25327, None, 25558)(25327, 25456)
	('S2', 'S3'), Operation(25431, 25565, 25667)(25565, 25565)
	('S3', 'S4'), Operation(25669, None, 25900)(25669, 25798)
	('S4', 'S5'), Operation(25773, None, 26133)(25773, 26031)
	('S5', 'E5'), Operation(25877, None, 26366)(25877, 26264)
3. Flow F3 [E4-->E2] with period 128000, payload 1307B, e2e delay 128000us, jitter 12800us
	('E4', 'S4'), Operation(118864, None, 118969)(118864, 118864)
	('S4', 'S3'), Operation(118971, None, 119205)(118971, 119100)
	('S3', 'S2'), Operation(119078, 119212, 119317)(119212, 119212)
	('S2', 'E2'), Operation(119319, None, 119553)(119319, 119448)
4. Flow F4 [E2-->E1] with period 2000, payload 212B, e2e delay 2000us, jitter 200us
	('E2', 'S2'), Operation(498, None, 515)(498, 498)
	('S2', 'S1'), Operation(517, 522, 539)(522, 522)
	('S1', 'E1'), Operation(541, 546, 563)(546, 546)
5. Flow F5 [E1-->E2] with period 8000, payload 291B, e2e delay 8000us, jitter 800us
	('E1', 'S1'), Operation(3850, None, 3874)(3850, 3850)
	('S1', 'S2'), Operation(3876, None, 4029)(3876, 4005)
	('S2', 'E2'), Operation(3902, None, 4184)(3902, 4160)
6. Flow F6 [E3-->E5] with period 8000, payload 825B, e2e delay 8000us, jitter 800us
	('E3', 'S3'), Operation(5693, None, 5759)(5693, 5693)
	('S3', 'S4'), Operation(5761, None, 5956)(5761, 5890)
	('S4', 'S5'), Operation(5829, None, 6153)(5829, 6087)
	('S5', 'E5'), Operation(5897, None, 6350)(5897, 6284)
7. Flow F7 [E2-->E1] with period 32000, payload 694B, e2e delay 32000us, jitter 3200us
	('E2', 'S2'), Operation(16516, None, 16572)(16516, 16516)
	('S2', 'S1'), Operation(16574, 16579, 16635)(16579, 16579)
	('S1', 'E1'), Operation(16637, 16642, 16698)(16642, 16642)
8. Flow F8 [E1-->E4] with period 4000, payload 524B, e2e delay 4000us, jitter 400us
	('E1', 'S1'), Operation(965, None, 1007)(965, 965)
	('S1', 'S2'), Operation(1009, None, 1180)(1009, 1138)
	('S2', 'S3'), Operation(1053, None, 1353)(1053, 1311)
	('S3', 'S4'), Operation(1097, None, 1526)(1097, 1484)
	('S4', 'E4'), Operation(1141, 1533, 1575)(1533, 1533)
9. Flow F9 [E2-->E5] with period 16000, payload 566B, e2e delay 16000us, jitter 1600us
	('E2', 'S2'), Operation(308, None, 354)(308, 308)
	('S2', 'S3'), Operation(356, None, 531)(356, 485)
	('S3', 'S4'), Operation(404, 538, 584)(538, 538)
	('S4', 'S5'), Operation(586, None, 761)(586, 715)
	('S5', 'E5'), Operation(634, 768, 814)(768, 768)
10. Flow F10 [E1-->E2] with period 4000, payload 1179B, e2e delay 4000us, jitter 400us
	('E1', 'S1'), Operation(1586, None, 1681)(1586, 1586)
	('S1', 'S2'), Operation(1683, None, 1907)(1683, 1812)
	('S2', 'E2'), Operation(1780, 1914, 2009)(1914, 1914)
11. Flow F11 [E5-->E4] with period 64000, payload 742B, e2e delay 64000us, jitter 6400us
	('E5', 'S5'), Operation(61559, None, 61619)(61559, 61559)
	('S5', 'S4'), Operation(61621, None, 61810)(61621, 61750)
	('S4', 'E4'), Operation(61683, None, 62001)(61683, 61941)
12. Flow F12 [E4-->E5] with period 2000, payload 1187B, e2e delay 2000us, jitter 200us
	('E4', 'S4'), Operation(1261, None, 1356)(1261, 1261)
	('S4', 'S5'), Operation(1358, None, 1582)(1358, 1487)
	('S5', 'E5'), Operation(1455, 1589, 1684)(1589, 1589)
13. Flow F13 [E5-->E4] with period 64000, payload 692B, e2e delay 64000us, jitter 6400us
	('E5', 'S5'), Operation(48194, None, 48250)(48194, 48194)
	('S5', 'S4'), Operation(48252, 48257, 48313)(48257, 48257)
	('S4', 'E4'), Operation(48315, None, 48500)(48315, 48444)
14. Flow F14 [E4-->E5] with period 4000, payload 714B, e2e delay 4000us, jitter 400us
	('E4', 'S4'), Operation(62, None, 120)(62, 62)
	('S4', 'S5'), Operation(122, None, 309)(122, 251)
	('S5', 'E5'), Operation(182, None, 498)(182, 440)
15. Flow F15 [E5-->E4] with period 32000, payload 654B, e2e delay 32000us, jitter 3200us
	('E5', 'S5'), Operation(2475, None, 2528)(2475, 2475)
	('S5', 'S4'), Operation(2530, 2535, 2588)(2535, 2535)
	('S4', 'E4'), Operation(2590, None, 2772)(2590, 2719)
16. Flow F16 [E4-->E3] with period 4000, payload 652B, e2e delay 4000us, jitter 400us
	('E4', 'S4'), Operation(2711, None, 2764)(2711, 2711)
	('S4', 'S3'), Operation(2766, 2771, 2824)(2771, 2771)
	('S3', 'E3'), Operation(2826, None, 3008)(2826, 2955)
17. Flow F17 [E2-->E5] with period 4000, payload 242B, e2e delay 4000us, jitter 400us
	('E2', 'S2'), Operation(2314, None, 2334)(2314, 2314)
	('S2', 'S3'), Operation(2336, 2341, 2361)(2341, 2341)
	('S3', 'S4'), Operation(2363, None, 2512)(2363, 2492)
	('S4', 'S5'), Operation(2385, None, 2663)(2385, 2643)
	('S5', 'E5'), Operation(2407, None, 2814)(2407, 2794)
18. Flow F18 [E3-->E5] with period 2000, payload 1372B, e2e delay 2000us, jitter 200us
	('E3', 'S3'), Operation(745, None, 855)(745, 745)
	('S3', 'S4'), Operation(857, None, 1096)(857, 986)
	('S4', 'S5'), Operation(969, 1103, 1213)(1103, 1103)
	('S5', 'E5'), Operation(1215, None, 1454)(1215, 1344)
19. Flow F19 [E3-->E2] with period 16000, payload 441B, e2e delay 16000us, jitter 1600us
	('E3', 'S3'), Operation(7490, None, 7526)(7490, 7490)
	('S3', 'S2'), Operation(7528, None, 7693)(7528, 7657)
	('S2', 'E2'), Operation(7566, None, 7860)(7566, 7824)
20. Flow F20 [E5-->E2] with period 2000, payload 1446B, e2e delay 2000us, jitter 200us
	('E5', 'S5'), Operation(12, None, 128)(12, 12)
	('S5', 'S4'), Operation(130, 135, 251)(135, 135)
	('S4', 'S3'), Operation(253, 258, 374)(258, 258)
	('S3', 'S2'), Operation(376, None, 621)(376, 505)
	('S2', 'E2'), Operation(494, 628, 744)(628, 628)
21. Flow F21 [E3-->E1] with period 32000, payload 1161B, e2e delay 32000us, jitter 3200us
	('E3', 'S3'), Operation(19775, None, 19868)(19775, 19775)
	('S3', 'S2'), Operation(19870, None, 20092)(19870, 19999)
	('S2', 'S1'), Operation(19965, None, 20316)(19965, 20223)
	('S1', 'E1'), Operation(20060, None, 20540)(20060, 20447)
22. Flow F22 [E1-->E2] with period 64000, payload 124B, e2e delay 64000us, jitter 6400us
	('E1', 'S1'), Operation(9169, None, 9179)(9169, 9169)
	('S1', 'S2'), Operation(9181, None, 9320)(9181, 9310)
	('S2', 'E2'), Operation(9193, None, 9461)(9193, 9451)
23. Flow F23 [E3-->E4] with period 64000, payload 1125B, e2e delay 64000us, jitter 6400us
	('E3', 'S3'), Operation(92, None, 182)(92, 92)
	('S3', 'S4'), Operation(184, None, 403)(184, 313)
	('S4', 'E4'), Operation(276, None, 624)(276, 534)
24. Flow F24 [E2-->E3] with period 4000, payload 569B, e2e delay 4000us, jitter 400us
	('E2', 'S2'), Operation(2956, None, 3002)(2956, 2956)
	('S2', 'S3'), Operation(3004, None, 3179)(3004, 3133)
	('S3', 'E3'), Operation(3052, 3186, 3232)(3186, 3186)
25. Flow F25 [E3-->E2] with period 4000, payload 1118B, e2e delay 4000us, jitter 400us
	('E3', 'S3'), Operation(1, None, 91)(1, 1)
	('S3', 'S2'), Operation(93, None, 312)(93, 222)
	('S2', 'E2'), Operation(185, 319, 409)(319, 319)
26. Flow F26 [E1-->E5] with period 128000, payload 999B, e2e delay 128000us, jitter 12800us
	('E1', 'S1'), Operation(1452, None, 1532)(1452, 1452)
	('S1', 'S2'), Operation(1534, 1539, 1619)(1539, 1539)
	('S2', 'S3'), Operation(1621, 1626, 1706)(1626, 1626)
	('S3', 'S4'), Operation(1708, 1713, 1793)(1713, 1713)
	('S4', 'S5'), Operation(1795, None, 2004)(1795, 1924)
	('S5', 'E5'), Operation(1877, 2011, 2091)(2011, 2011)
27. Flow F27 [E1-->E3] with period 64000, payload 1456B, e2e delay 64000us, jitter 6400us
	('E1', 'S1'), Operation(5789, None, 5906)(5789, 5789)
	('S1', 'S2'), Operation(5908, None, 6154)(5908, 6037)
	('S2', 'S3'), Operation(6027, 6161, 6278)(6161, 6161)
	('S3', 'E3'), Operation(6280, None, 6526)(6280, 6409)
28. Flow F28 [E4-->E5] with period 2000, payload 773B, e2e delay 2000us, jitter 200us
	('E4', 'S4'), Operation(1552, None, 1614)(1552, 1552)
	('S4', 'S5'), Operation(1616, 1621, 1683)(1621, 1621)
	('S5', 'E5'), Operation(1685, None, 1876)(1685, 1814)
29. Flow F29 [E4-->E1] with period 64000, payload 138B, e2e delay 64000us, jitter 6400us
	('E4', 'S4'), Operation(43918, None, 43930)(43918, 43918)
	('S4', 'S3'), Operation(43932, 43937, 43949)(43937, 43937)
	('S3', 'S2'), Operation(43951, None, 44092)(43951, 44080)
	('S2', 'S1'), Operation(43965, 44099, 44111)(44099, 44099)
	('S1', 'E1'), Operation(44113, None, 44254)(44113, 44242)
30. Flow F30 [E5-->E2] with period 4000, payload 1304B, e2e delay 4000us, jitter 400us
	('E5', 'S5'), Operation(2312, None, 2417)(2312, 2312)
	('S5', 'S4'), Operation(2419, 2424, 2529)(2424, 2424)
	('S4', 'S3'), Operation(2531, None, 2765)(2531, 2660)
	('S3', 'S2'), Operation(2638, None, 3001)(2638, 2896)
	('S2', 'E2'), Operation(2745, 3008, 3113)(3008, 3008)
31. Flow F31 [E3-->E1] with period 2000, payload 674B, e2e delay 2000us, jitter 200us
	('E3', 'S3'), Operation(1638, None, 1692)(1638, 1638)
	('S3', 'S2'), Operation(1694, 1699, 1753)(1699, 1699)
	('S2', 'S1'), Operation(1755, None, 1938)(1755, 1884)
	('S1', 'E1'), Operation(1811, 1945, 1999)(1945, 1945)
32. Flow F32 [E5-->E4] with period 64000, payload 303B, e2e delay 64000us, jitter 6400us
	('E5', 'S5'), Operation(61948, None, 61973)(61948, 61948)
	('S5', 'S4'), Operation(61975, None, 62129)(61975, 62104)
	('S4', 'E4'), Operation(62002, 62136, 62161)(62136, 62136)
33. Flow F33 [E3-->E5] with period 128000, payload 571B, e2e delay 128000us, jitter 12800us
	('E3', 'S3'), Operation(51728, None, 51774)(51728, 51728)
	('S3', 'S4'), Operation(51776, 51781, 51827)(51781, 51781)
	('S4', 'S5'), Operation(51829, None, 52004)(51829, 51958)
	('S5', 'E5'), Operation(51877, None, 52181)(51877, 52135)
34. Flow F34 [E5-->E4] with period 128000, payload 75B, e2e delay 128000us, jitter 12800us
	('E5', 'S5'), Operation(127197, None, 127203)(127197, 127197)
	('S5', 'S4'), Operation(127205, None, 127340)(127205, 127334)
	('S4', 'E4'), Operation(127213, None, 127477)(127213, 127471)
35. Flow F35 [E3-->E5] with period 16000, payload 1243B, e2e delay 16000us, jitter 1600us
	('E3', 'S3'), Operation(12106, None, 12206)(12106, 12106)
	('S3', 'S4'), Operation(12208, None, 12437)(12208, 12337)
	('S4', 'S5'), Operation(12310, 12444, 12544)(12444, 12444)
	('S5', 'E5'), Operation(12546, None, 12775)(12546, 12675)
36. Flow F36 [E4-->E3] with period 128000, payload 127B, e2e delay 128000us, jitter 12800us
	('E4', 'S4'), Operation(125974, None, 125985)(125974, 125974)
	('S4', 'S3'), Operation(125987, None, 126127)(125987, 126116)
	('S3', 'E3'), Operation(126000, None, 126269)(126000, 126258)
37. Flow F37 [E3-->E4] with period 8000, payload 1011B, e2e delay 8000us, jitter 800us
	('E3', 'S3'), Operation(1852, None, 1933)(1852, 1852)
	('S3', 'S4'), Operation(1935, None, 2145)(1935, 2064)
	('S4', 'E4'), Operation(2018, 2152, 2233)(2152, 2152)
38. Flow F38 [E2-->E3] with period 16000, payload 914B, e2e delay 16000us, jitter 1600us
	('E2', 'S2'), Operation(13490, None, 13564)(13490, 13490)
	('S2', 'S3'), Operation(13566, 13571, 13645)(13571, 13571)
	('S3', 'E3'), Operation(13647, None, 13850)(13647, 13776)
39. Flow F39 [E2-->E5] with period 64000, payload 101B, e2e delay 64000us, jitter 6400us
	('E2', 'S2'), Operation(31940, None, 31949)(31940, 31940)
	('S2', 'S3'), Operation(31951, 31956, 31965)(31956, 31956)
	('S3', 'S4'), Operation(31967, 31972, 31981)(31972, 31972)
	('S4', 'S5'), Operation(31983, None, 32121)(31983, 32112)
	('S5', 'E5'), Operation(31994, 32128, 32137)(32128, 32128)
40. Flow F40 [E5-->E4] with period 64000, payload 1310B, e2e delay 64000us, jitter 6400us
	('E5', 'S5'), Operation(63422, None, 63527)(63422, 63422)
	('S5', 'S4'), Operation(63529, None, 63763)(63529, 63658)
	('S4', 'E4'), Operation(63636, None, 63999)(63636, 63894)
41. Flow F41 [E4-->E3] with period 2000, payload 231B, e2e delay 2000us, jitter 200us
	('E4', 'S4'), Operation(1804, None, 1823)(1804, 1804)
	('S4', 'S3'), Operation(1825, 1830, 1849)(1830, 1830)
	('S3', 'E3'), Operation(1851, None, 1999)(1851, 1980)
42. Flow F42 [E2-->E3] with period 32000, payload 971B, e2e delay 32000us, jitter 3200us
	('E2', 'S2'), Operation(29274, None, 29352)(29274, 29274)
	('S2', 'S3'), Operation(29354, None, 29561)(29354, 29483)
	('S3', 'E3'), Operation(29434, 29568, 29646)(29568, 29568)
43. Flow F43 [E4-->E5] with period 2000, payload 1220B, e2e delay 2000us, jitter 200us
	('E4', 'S4'), Operation(765, None, 863)(765, 765)
	('S4', 'S5'), Operation(865, 870, 968)(870, 870)
	('S5', 'E5'), Operation(970, None, 1197)(970, 1099)
44. Flow F44 [E4-->E3] with period 32000, payload 1461B, e2e delay 32000us, jitter 3200us
	('E4', 'S4'), Operation(31143, None, 31260)(31143, 31143)
	('S4', 'S3'), Operation(31262, None, 31508)(31262, 31391)
	('S3', 'E3'), Operation(31381, 31515, 31632)(31515, 31515)
45. Flow F45 [E1-->E5] with period 32000, payload 838B, e2e delay 32000us, jitter 3200us
	('E1', 'S1'), Operation(17517, None, 17585)(17517, 17517)
	('S1', 'S2'), Operation(17587, 17592, 17660)(17592, 17592)
	('S2', 'S3'), Operation(17662, 17667, 17735)(17667, 17667)
	('S3', 'S4'), Operation(17737, None, 17934)(17737, 17866)
	('S4', 'S5'), Operation(17807, None, 18133)(17807, 18065)
	('S5', 'E5'), Operation(17877, None, 18332)(17877, 18264)
46. Flow F46 [E1-->E5] with period 2000, payload 280B, e2e delay 2000us, jitter 200us
	('E1', 'S1'), Operation(670, None, 693)(670, 670)
	('S1', 'S2'), Operation(695, 700, 723)(700, 700)
	('S2', 'S3'), Operation(725, 730, 753)(730, 730)
	('S3', 'S4'), Operation(755, 760, 783)(760, 760)
	('S4', 'S5'), Operation(785, 790, 813)(790, 790)
	('S5', 'E5'), Operation(815, None, 967)(815, 944)
47. Flow F47 [E2-->E1] with period 64000, payload 426B, e2e delay 64000us, jitter 6400us
	('E2', 'S2'), Operation(62516, None, 62551)(62516, 62516)
	('S2', 'S1'), Operation(62553, 62558, 62593)(62558, 62558)
	('S1', 'E1'), Operation(62595, None, 62759)(62595, 62724)
48. Flow F48 [E5-->E3] with period 32000, payload 1352B, e2e delay 32000us, jitter 3200us
	('E5', 'S5'), Operation(30189, None, 30298)(30189, 30189)
	('S5', 'S4'), Operation(30300, 30305, 30414)(30305, 30305)
	('S4', 'S3'), Operation(30416, 30421, 30530)(30421, 30421)
	('S3', 'E3'), Operation(30532, None, 30770)(30532, 30661)
49. Flow F49 [E5-->E3] with period 2000, payload 250B, e2e delay 2000us, jitter 200us
	('E5', 'S5'), Operation(1157, None, 1177)(1157, 1157)
	('S5', 'S4'), Operation(1179, 1184, 1204)(1184, 1184)
	('S4', 'S3'), Operation(1206, 1211, 1231)(1211, 1211)
	('S3', 'E3'), Operation(1233, 1238, 1258)(1238, 1238)

SMT variables: 
	F37_('S4', 'E4')_gc: True
	F11_('S5', 'S4')_t4_min: 61621
	F32_jitter: 0
	F13_('S5', 'S4')_rr: 1
	F28_('S5', 'E5')_t5_max: 1876
	F15_('E5', 'S5')_gc: False
	F28_('S5', 'E5')_t3_max: 1690
	F24_('E2', 'S2')_rr: 0
	F40_('S4', 'E4')_t5_max: 63999
	('S4', 'S3')_gcl_cycle: 64000
	F35_('S5', 'E5')_t4_min: 12546
	F7_queue_index: 0
	F46_('S2', 'S3')_gc: True
	F2_('E1', 'S1')_tb: 25223
	F24_('E2', 'S2')_gc: False
	F2_('S1', 'S2')_t4_min: 25327
	F2_('E1', 'S1')_t5_min: 25325
	F47_('S1', 'E1')_t3_min: 62595
	F9_('S4', 'S5')_gc: False
	F27_('S3', 'E3')_t4_min: 6280
	F35_('S5', 'E5')_gc: False
	F16_('E4', 'S4')_gc: False
	F45_('S1', 'S2')_t4_max: 17592
	F9_('S2', 'S3')_t4_min: 356
	F26_('S2', 'S3')_t4_min: 1626
	F22_queue_index: 0
	F35_('S5', 'E5')_rr: 0
	F0_('S2', 'S3')_rr: 1
	F39_('S2', 'S3')_gc: True
	F35_('E3', 'S3')_t4_min: 12106
	F2_('E1', 'S1')_rr: 0
	F5_('S1', 'S2')_t4_min: 3876
	F45_('S1', 'S2')_gc: True
	F34_('S5', 'S4')_rr: 0
	F36_('S4', 'S3')_tb: 125987
	F39_('S5', 'E5')_rr: 2
	F14_('E4', 'S4')_t3_max: -62
	F5_('E1', 'S1')_t3_max: 3726
	F44_('E4', 'S4')_gc: False
	F41_('S4', 'S3')_t4_max: 1830
	F40_('S4', 'E4')_t4_min: 63636
	F42_('E2', 'S2')_gc: False
	F9_('S5', 'E5')_rr: 8
	F11_('S4', 'E4')_rr: 0
	F21_('E3', 'S3')_t3_max: 19651
	F44_('S4', 'S3')_rr: 0
	F44_('S3', 'E3')_rr: 2
	F16_('E4', 'S4')_tb: 2711
	F8_('S4', 'E4')_t4_min: 1533
	F29_('S4', 'S3')_t4_max: 43937
	F24_('S2', 'S3')_tb: 3004
	F47_('S1', 'E1')_t4_min: 62595
	F14_('E4', 'S4')_t4_max: 62
	F0_('E2', 'S2')_rr: 0
	F32_('S5', 'S4')_t4_min: 61975
	F28_('S5', 'E5')_rr: 0
	F11_('S5', 'S4')_t4_max: 61750
	F8_('S2', 'S3')_t4_max: 1311
	F1_jitter: 0
	F13_jitter: 129
	F30_('S2', 'E2')_t4_min: 3008
	F15_jitter: 129
	F4_('S1', 'E1')_t5_max: 563
	F26_('E1', 'S1')_t3_max: 1328
	F49_('E5', 'S5')_gc: False
	F10_('S2', 'E2')_gc: True
	F6_('E3', 'S3')_tb: 5693
	F29_('E4', 'S4')_gc: False
	F6_queue_index: 0
	F27_('S1', 'S2')_tb: 5908
	F32_('E5', 'S5')_t5_min: 61973
	F48_jitter: 129
	F18_('E3', 'S3')_rr: 0
	F26_('S4', 'S5')_t4_max: 1924
	F25_('E3', 'S3')_rr: 0
	F32_('E5', 'S5')_t3_max: 61824
	F37_('S3', 'S4')_rr: 0
	('E2', 'S2')_gcl_cycle: 1
	F7_('S2', 'S1')_t4_min: 16579
	F45_('S5', 'E5')_rr: 0
	F22_('S1', 'S2')_t4_min: 9181
	('S2', 'E2')_gcl_cycle: 4000
	F21_('E3', 'S3')_tb: 19775
	F45_('E1', 'S1')_tb: 17517
	F6_('E3', 'S3')_t3_max: 5569
	F8_('E1', 'S1')_rr: 0
	F27_('S2', 'S3')_rr: 2
	F9_('S2', 'S3')_rr: 0
	F3_('E4', 'S4')_t5_max: 118969
	F14_('S4', 'S5')_gc: False
	F33_('S4', 'S5')_t4_max: 51958
	F31_('S1', 'E1')_t4_max: 1945
	('S3', 'E3')_gcl_cycle: 64000
	F48_('S4', 'S3')_rr: 2
	F17_('S3', 'S4')_rr: 0
	F4_('S2', 'S1')_gc: True
	F14_('S5', 'E5')_gc: False
	F10_('E1', 'S1')_gc: False
	F10_('S1', 'S2')_t4_min: 1683
	F41_('E4', 'S4')_gc: False
	F24_('S2', 'S3')_gc: False
	F21_('S1', 'E1')_t4_min: 20060
	F0_('S3', 'S4')_t3_min: 81527
	F24_('S2', 'S3')_rr: 0
	F30_('S4', 'S3')_rr: 0
	F47_('S1', 'E1')_rr: 0
	F21_('S2', 'S1')_gc: False
	F1_('S5', 'S4')_gc: True
	F48_('E5', 'S5')_tb: 30189
	F27_('S1', 'S2')_t4_min: 5908
	F28_jitter: 129
	F18_('S3', 'S4')_rr: 0
	F9_('S4', 'S5')_t4_min: 586
	F6_('S4', 'S5')_t4_min: 5829
	F0_('S3', 'S4')_gc: True
	F15_('S4', 'E4')_rr: 0
	F31_('S2', 'S1')_rr: 0
	F16_('S4', 'S3')_t4_min: 2771
	F28_('E4', 'S4')_rr: 0
	F20_('E5', 'S5')_gc: False
	F3_('E4', 'S4')_t4_min: 118864
	F33_('E3', 'S3')_t3_max: 51604
	F5_('S1', 'S2')_gc: False
	F32_('S4', 'E4')_rr: 2
	F49_('E5', 'S5')_t3_max: 1033
	F46_('S4', 'S5')_t4_max: 790
	F33_('S4', 'S5')_rr: 0
	F46_('S1', 'S2')_t4_min: 700
	F13_('E5', 'S5')_t5_max: 48250
	F30_('S5', 'S4')_rr: 16
	F31_('E3', 'S3')_t3_min: 1638
	F45_('S4', 'S5')_t4_max: 18065
	F4_('S2', 'S1')_rr: 32
	F19_('S2', 'E2')_gc: False
	F45_('S3', 'S4')_gc: False
	F24_('S3', 'E3')_gc: True
	F38_('S2', 'S3')_gc: True
	F31_('S2', 'S1')_gc: False
	F0_('S3', 'S4')_t4_min: 81532
	F26_('S3', 'S4')_t4_max: 1713
	F49_('S4', 'S3')_t5_max: 1231
	F27_('S1', 'S2')_rr: 0
	F37_('E3', 'S3')_t3_max: 1728
	F49_queue_index: 0
	F38_queue_index: 0
	F47_('S2', 'S1')_t4_min: 62558
	F45_('E1', 'S1')_t3_max: 17393
	F43_('E4', 'S4')_rr: 0
	F23_queue_index: 0
	('E1', 'S1')_gcl_cycle: 1
	F36_('S3', 'E3')_t4_min: 126000
	F45_('S3', 'S4')_tb: 17737
	F49_('S5', 'S4')_rr: 32
	F17_('E2', 'S2')_rr: 0
	F27_('S2', 'S3')_t4_min: 6161
	F6_('S4', 'S5')_gc: False
	F18_jitter: 129
	F29_('E4', 'S4')_t5_min: 43930
	F26_('S3', 'S4')_t4_min: 1713
	F16_('S3', 'E3')_t3_min: 2826
	F27_('S3', 'E3')_t3_max: 6285
	('S1', 'S2')_gcl_cycle: 128000
	F25_('S3', 'S2')_t4_max: 222
	F12_('E4', 'S4')_t5_max: 1356
	F46_('S4', 'S5')_gc: True
	F27_('S1', 'S2')_gc: False
	F10_('S1', 'S2')_gc: False
	F31_('S1', 'E1')_t3_min: 1811
	F30_('E5', 'S5')_t3_max: 2188
	F3_('E4', 'S4')_t5_min: 118969
	F30_('E5', 'S5')_rr: 0
	F8_('S2', 'S3')_t5_max: 1353
	F22_('S1', 'S2')_rr: 0
	F45_('S4', 'S5')_gc: False
	F19_('S2', 'E2')_t3_max: 7700
	F28_('E4', 'S4')_t4_max: 1552
	F21_jitter: 387
	F30_('S4', 'S3')_gc: False
	F12_('S4', 'S5')_gc: False
	F15_('S4', 'E4')_gc: False
	F45_('E1', 'S1')_t5_max: 17585
	F49_('S3', 'E3')_t4_min: 1238
	F33_('E3', 'S3')_gc: False
	F4_('S2', 'S1')_t4_min: 522
	F15_('S5', 'S4')_t4_max: 2535
	F19_('S3', 'S2')_t4_min: 7528
	F35_('S4', 'S5')_rr: 1
	F33_('S4', 'S5')_t5_max: 52004
	F15_('S5', 'S4')_t4_min: 2535
	F42_('S2', 'S3')_gc: False
	F41_('S4', 'S3')_tb: 1830
	F11_queue_index: 0
	F31_('S2', 'S1')_t4_max: 1884
	F44_('E4', 'S4')_t5_max: 31260
	F44_('E4', 'S4')_t3_min: 31143
	F12_('S4', 'S5')_t3_min: 1358
	F27_('E1', 'S1')_gc: False
	F3_('S4', 'S3')_t4_min: 118971
	F28_('S5', 'E5')_t4_min: 1685
	F26_('S4', 'S5')_t3_min: 1795
	F30_('E5', 'S5')_t5_min: 2417
	F6_('S5', 'E5')_rr: 0
	F29_('S2', 'S1')_t4_max: 44099
	F39_('S2', 'S3')_t4_min: 31956
	F26_('S3', 'S4')_gc: True
	F15_queue_index: 0
	F41_('S3', 'E3')_t4_min: 1851
	F29_('S2', 'S1')_gc: True
	F32_('E5', 'S5')_gc: False
	F0_('S2', 'S3')_t4_min: 81472
	F26_jitter: 0
	F7_('S1', 'E1')_rr: 1
	F39_('S3', 'S4')_t4_min: 31972
	('S1', 'E1')_gcl_cycle: 32000
	F19_('E3', 'S3')_t3_max: 7366
	F31_('E3', 'S3')_rr: 0
	F1_('S3', 'E3')_t4_min: 17407
	F11_('S5', 'S4')_gc: False
	F21_('S3', 'S2')_t4_max: 19999
	F26_('S5', 'E5')_t4_min: 2011
	F12_queue_index: 0
	F30_jitter: 0
	F45_('S2', 'S3')_gc: True
	F19_('E3', 'S3')_gc: False
	F42_('S3', 'E3')_t5_max: 29646
	F49_('S4', 'S3')_gc: True
	F10_('E1', 'S1')_t3_max: 1462
	F20_('S2', 'E2')_rr: 2
	F41_('E4', 'S4')_t4_max: 1804
	F18_('S4', 'S5')_t4_max: 1103
	F45_('E1', 'S1')_gc: False
	F20_jitter: 0
	F22_('S1', 'S2')_t4_max: 9310
	F9_('S5', 'E5')_gc: True
	F9_('S5', 'E5')_t3_max: 768
	F10_jitter: 0
	F24_('S2', 'S3')_t4_max: 3133
	F48_('S4', 'S3')_t4_max: 30421
	F46_('S2', 'S3')_t4_min: 730
	F0_('S2', 'S3')_t4_max: 81472
	F30_('S4', 'S3')_t4_min: 2531
	F15_('E5', 'S5')_rr: 0
	F19_('S2', 'E2')_rr: 0
	F47_jitter: 129
	F1_('S3', 'E3')_gc: True
	F29_('S1', 'E1')_t3_max: 44118
	F7_('S2', 'S1')_gc: True
	F26_('S1', 'S2')_rr: 1
	F40_('S5', 'S4')_t5_max: 63763
	F26_('E1', 'S1')_gc: False
	F39_jitter: 0
	F43_('S5', 'E5')_t3_min: 970
	F23_('S3', 'S4')_tb: 184
	F33_('S4', 'S5')_gc: False
	F2_('S5', 'E5')_t4_min: 25877
	F29_jitter: 129
	F46_('E1', 'S1')_t4_min: 670
	F32_('E5', 'S5')_rr: 0
	F1_('S5', 'S4')_rr: 1
	F37_('S4', 'E4')_rr: 16
	F42_('S2', 'S3')_t4_min: 29354
	F33_queue_index: 0
	F6_('S4', 'S5')_t4_max: 6087
	F11_('S5', 'S4')_t5_max: 61810
	F9_jitter: 0
	F46_('S5', 'E5')_t4_max: 944
	F33_('E3', 'S3')_t3_min: 51728
	F39_('E2', 'S2')_gc: False
	F22_('E1', 'S1')_tb: 9169
	F49_('S5', 'S4')_gc: True
	F29_('S4', 'S3')_t4_min: 43937
	F38_('S3', 'E3')_gc: False
	F24_('S2', 'S3')_t4_min: 3004
	F36_('S4', 'S3')_rr: 0
	F49_('S4', 'S3')_t4_max: 1211
	F45_('S1', 'S2')_t4_min: 17592
	F39_('S3', 'S4')_gc: True
	F45_('S4', 'S5')_rr: 0
	F0_queue_index: 0
	F16_queue_index: 0
	F31_('S3', 'S2')_t4_min: 1699
	F0_('E2', 'S2')_t3_max: 81288
	F8_('S1', 'S2')_t4_min: 1009
	F47_('S2', 'S1')_t4_max: 62558
	F23_('E3', 'S3')_tb: 92
	F39_('S3', 'S4')_tb: 31972
	F47_('S1', 'E1')_tb: 62595
	F10_('S2', 'E2')_rr: 1
	F33_('S5', 'E5')_gc: False
	F43_('S4', 'S5')_t4_max: 870
	F48_('S4', 'S3')_t4_min: 30421
	F2_('S1', 'S2')_t5_max: 25558
	F23_('E3', 'S3')_rr: 0
	F20_('E5', 'S5')_rr: 0
	F29_('S2', 'S1')_t4_min: 44099
	F32_('S4', 'E4')_t3_min: 62002
	F27_('E1', 'S1')_t3_max: 5665
	F19_('S3', 'S2')_t4_max: 7657
	F46_('E1', 'S1')_rr: 0
	F47_('E2', 'S2')_t4_max: 62516
	F35_('S3', 'S4')_rr: 0
	F20_('S5', 'S4')_t4_max: 135
	F22_('E1', 'S1')_rr: 0
	F29_('S1', 'E1')_t4_max: 44242
	F6_('S5', 'E5')_t4_min: 5897
	F12_('E4', 'S4')_rr: 0
	F41_('E4', 'S4')_tb: 1804
	F0_('S3', 'S4')_t4_max: 81532
	F42_('S3', 'E3')_gc: True
	F39_('S2', 'S3')_t4_max: 31956
	F22_('E1', 'S1')_t3_max: 9045
	F42_('S3', 'E3')_rr: 2
	F34_('E5', 'S5')_tb: 127197
	('E3', 'S3')_gcl_cycle: 1
	F48_('E5', 'S5')_t3_max: 30065
	F2_('S5', 'E5')_t5_max: 26366
	F24_jitter: 0
	F16_('S3', 'E3')_t4_min: 2826
	F17_('S2', 'S3')_rr: 32
	F26_('S4', 'S5')_rr: 0
	F16_('S4', 'S3')_rr: 16
	F23_('S3', 'S4')_t5_max: 403
	F40_('S5', 'S4')_t4_max: 63658
	F29_('S2', 'S1')_rr: 1
	F32_('S5', 'S4')_gc: False
	F18_('S4', 'S5')_gc: True
	F2_('S2', 'S3')_t3_max: 25565
	F9_('S3', 'S4')_gc: True
	F15_('S5', 'S4')_gc: True
	F42_jitter: 0
	F7_jitter: 0
	F40_('E5', 'S5')_rr: 0
	F30_('S2', 'E2')_t4_max: 3008
	F42_queue_index: 0
	F2_queue_index: 0
	('S2', 'S1')_gcl_cycle: 64000
	F18_('S3', 'S4')_t4_min: 857
	F6_('S4', 'S5')_rr: 0
	F18_('S3', 'S4')_t3_min: 857
	F20_('E5', 'S5')_t4_max: 12
	F34_jitter: 258
	F3_('S3', 'S2')_rr: 1
	F17_('S5', 'E5')_t4_min: 2407
	F22_('E1', 'S1')_gc: False
	F32_('E5', 'S5')_t4_max: 61948
	F46_('S5', 'E5')_t4_min: 815
	F21_('E3', 'S3')_rr: 0
	F26_('S2', 'S3')_rr: 1
	F29_('S3', 'S2')_rr: 0
	F20_('S4', 'S3')_t4_min: 258
	F9_('S4', 'S5')_t4_max: 715
	F1_('S4', 'S3')_t4_max: 17372
	F25_jitter: 0
	F17_('S3', 'S4')_t4_min: 2363
	F24_('S3', 'E3')_rr: 16
	F35_('E3', 'S3')_gc: False
	F39_('E2', 'S2')_t5_max: 31949
	F21_queue_index: 0
	F2_('S3', 'S4')_gc: False
	F13_('S4', 'E4')_gc: False
	F34_('S5', 'S4')_gc: False
	F39_('S3', 'S4')_t5_min: 31981
	F3_('E4', 'S4')_t4_max: 118864
	F6_('E3', 'S3')_t4_min: 5693
	F46_('S3', 'S4')_t3_max: 760
	F36_('E4', 'S4')_t3_max: 125850
	F43_('S5', 'E5')_rr: 0
	F7_('S1', 'E1')_gc: True
	F49_('S3', 'E3')_t5_min: 1258
	F16_('E4', 'S4')_rr: 0
	F13_('S4', 'E4')_rr: 0
	F35_jitter: 129
	F5_('S2', 'E2')_rr: 0
	F6_('E3', 'S3')_rr: 0
	F14_jitter: 258
	F33_('S3', 'S4')_gc: True
	F43_('S4', 'S5')_rr: 8
	F30_('S3', 'S2')_t4_min: 2638
	F33_('S3', 'S4')_rr: 1
	F7_('E2', 'S2')_rr: 0
	F19_('S3', 'S2')_rr: 0
	F16_('S3', 'E3')_rr: 0
	F3_('S2', 'E2')_gc: False
	F30_('S3', 'S2')_gc: False
	F20_('S5', 'S4')_t4_min: 135
	F29_('E4', 'S4')_rr: 0
	F20_('S3', 'S2')_gc: False
	F36_('S4', 'S3')_t3_min: 125987
	F38_jitter: 129
	F33_('S4', 'S5')_t4_min: 51829
	F13_('E5', 'S5')_t3_max: 48070
	F39_('S2', 'S3')_rr: 2
	F11_('S5', 'S4')_t3_min: 61621
	F15_('S4', 'E4')_t5_max: 2772
	('E4', 'S4')_gcl_cycle: 1
	F24_('S3', 'E3')_t3_min: 3052
	F1_('S5', 'S4')_t4_max: 17213
	F28_('E4', 'S4')_gc: False
	F35_('E3', 'S3')_rr: 0
	F30_('S5', 'S4')_gc: True
	F31_('S1', 'E1')_t4_min: 1945
	F19_('S2', 'E2')_t3_min: 7566
	F48_('S5', 'S4')_t4_min: 30305
	F18_('S4', 'S5')_t5_min: 1213
	F36_('S4', 'S3')_gc: False
	F14_('S4', 'S5')_rr: 0
	F8_('S4', 'E4')_rr: 32
	F34_('S4', 'E4')_t4_min: 127213
	F3_jitter: 129
	F27_queue_index: 0
	F26_('S1', 'S2')_gc: True
	F19_('S3', 'S2')_gc: False
	F0_('E2', 'S2')_gc: False
	F46_('S1', 'S2')_rr: 64
	F22_('S2', 'E2')_gc: False
	F26_('S1', 'S2')_t4_min: 1539
	F23_('S4', 'E4')_t5_min: 366
	F36_('S4', 'S3')_t4_max: 126116
	F32_('S5', 'S4')_t4_max: 62104
	F41_('E4', 'S4')_t3_max: 1680
	F12_jitter: 0
	F16_('S3', 'E3')_t5_max: 3008
	F36_('S3', 'E3')_gc: False
	F6_('S5', 'E5')_gc: False
	F17_queue_index: 0
	F33_('S5', 'E5')_t4_min: 51877
	F8_('S1', 'S2')_t4_max: 1138
	F8_queue_index: 0
	F3_('E4', 'S4')_t3_max: 118740
	F12_('S4', 'S5')_rr: 0
	F2_('S1', 'S2')_t5_min: 25429
	F18_('E3', 'S3')_t3_max: 621
	F20_('S3', 'S2')_t4_min: 376
	F39_('S5', 'E5')_gc: True
	F20_('S4', 'S3')_t4_max: 258
	F27_('S1', 'S2')_t4_max: 6037
	F8_('S3', 'S4')_rr: 0
	F32_('S4', 'E4')_t3_max: 62136
	F9_('S5', 'E5')_t3_min: 634
	F43_jitter: 129
	('S3', 'S2')_gcl_cycle: 128000
	F43_('E4', 'S4')_t3_max: 641
	F23_jitter: 258
	F26_('S2', 'S3')_t4_max: 1626
	F18_('S4', 'S5')_rr: 8
	F21_('S2', 'S1')_t4_max: 20223
	F19_('E3', 'S3')_rr: 0
	F49_('S3', 'E3')_gc: True
	F37_('E3', 'S3')_rr: 0
	F45_('E1', 'S1')_rr: 0
	F27_('S2', 'S3')_t4_max: 6161
	F40_('E5', 'S5')_gc: False
	F8_('E1', 'S1')_t3_max: 841
	F6_('E3', 'S3')_gc: False
	F31_('S1', 'E1')_gc: True
	F37_queue_index: 0
	F31_queue_index: 0
	F2_('S3', 'S4')_rr: 0
	F0_('S4', 'E4')_gc: True
	F19_jitter: 258
	F22_('S2', 'E2')_t4_min: 9193
	F34_('S5', 'S4')_t4_max: 127334
	F17_('S5', 'E5')_t3_max: 2670
	F3_('S3', 'S2')_t4_max: 119212
	F3_('S3', 'S2')_t4_min: 119212
	F26_('S1', 'S2')_t4_max: 1539
	F21_('E3', 'S3')_gc: False
	F25_('S2', 'E2')_gc: True
	F46_('S3', 'S4')_t4_min: 760
	F44_('S3', 'E3')_t4_min: 31515
	F7_('E2', 'S2')_t3_min: 16516
	F18_('S4', 'S5')_t3_min: 969
	F5_('E1', 'S1')_gc: False
	F5_('E1', 'S1')_rr: 0
	F9_('S3', 'S4')_t3_max: 538
	F2_('S5', 'E5')_rr: 0
	F35_('S3', 'S4')_t4_max: 12337
	F18_('S3', 'S4')_gc: False
	F14_('E4', 'S4')_gc: False
	F8_('S2', 'S3')_t4_min: 1053
	F12_('S4', 'S5')_t4_max: 1487
	('S4', 'E4')_gcl_cycle: 128000
	F11_('S4', 'E4')_t3_max: 61817
	F24_('S2', 'S3')_t3_min: 3004
	F31_('E3', 'S3')_t5_min: 1692
	F5_('S2', 'E2')_t4_min: 3902
	F39_('E2', 'S2')_t4_max: 31940
	F15_('E5', 'S5')_t3_max: 2351
	F20_('E5', 'S5')_t3_max: -112
	F25_('E3', 'S3')_t3_max: -123
	F25_('S2', 'E2')_t3_max: 319
	F9_('E2', 'S2')_gc: False
	F35_queue_index: 0
	F2_('S2', 'S3')_gc: True
	F13_('S5', 'S4')_t4_min: 48257
	('S2', 'S3')_gcl_cycle: 128000
	F48_('S3', 'E3')_rr: 0
	F9_('S5', 'E5')_t4_min: 768
	F29_('S2', 'S1')_t5_max: 44111
	F1_('S4', 'S3')_gc: False
	F37_('S3', 'S4')_gc: False
	F36_queue_index: 0
	F30_('E5', 'S5')_gc: False
	F49_('S3', 'E3')_t3_min: 1233
	F21_('S2', 'S1')_rr: 0
	F25_('S2', 'E2')_rr: 1
	F29_('S3', 'S2')_gc: False
	F46_('S1', 'S2')_gc: True
	F19_('S2', 'E2')_t4_min: 7566
	F45_('S4', 'S5')_t4_min: 17807
	F25_('S3', 'S2')_t3_min: 93
	F15_('S4', 'E4')_t4_min: 2590
	F45_('S2', 'S3')_t3_min: 17662
	F40_queue_index: 0
	F9_('S3', 'S4')_rr: 8
	F7_('E2', 'S2')_t3_max: 16392
	F17_('E2', 'S2')_t5_min: 2334
	F14_('S5', 'E5')_rr: 0
	F20_('S4', 'S3')_rr: 32
	F5_queue_index: 0
	F9_('S3', 'S4')_t4_min: 538
	F10_('S1', 'S2')_rr: 0
	F43_('S5', 'E5')_gc: False
	F1_('S4', 'S3')_rr: 0
	F46_('S4', 'S5')_rr: 8
	F8_('S4', 'E4')_tb: 1533
	F31_('S1', 'E1')_rr: 16
	F18_('S5', 'E5')_t4_min: 1215
	F17_('S4', 'S5')_gc: False
	F48_('E5', 'S5')_rr: 0
	F13_('S4', 'E4')_t4_min: 48315
	F20_('S4', 'S3')_gc: True
	F30_('S5', 'S4')_t4_max: 2424
	F13_('S5', 'S4')_gc: True
	F40_('S5', 'S4')_t4_min: 63529
	F49_('S5', 'S4')_t4_min: 1184
	F45_('S2', 'S3')_t4_max: 17667
	F3_('E4', 'S4')_rr: 0
	F36_('S3', 'E3')_tb: 126000
	F37_jitter: 0
	F2_('S1', 'S2')_rr: 0
	F42_('S2', 'S3')_rr: 0
	F31_('S3', 'S2')_gc: True
	F43_('S4', 'S5')_t3_min: 865
	F47_('E2', 'S2')_t3_max: 62392
	('S5', 'S4')_gcl_length: 172
	F33_('E3', 'S3')_rr: 0
	F37_('S4', 'E4')_t5_min: 2233
	F4_('S1', 'E1')_gc: True
	F46_('S5', 'E5')_t3_min: 815
	F14_('S5', 'E5')_t3_min: 182
	F25_queue_index: 0
	F25_('E3', 'S3')_t5_max: 91
	F32_queue_index: 0
	F16_('S4', 'S3')_t4_max: 2771
	F12_('S5', 'E5')_t4_min: 1589
	F43_('S5', 'E5')_t4_min: 970
	F20_('S4', 'S3')_t5_min: 374
	F17_('S2', 'S3')_gc: True
	F2_('E1', 'S1')_t4_min: 25223
	F44_queue_index: 0
	F23_('S3', 'S4')_t4_min: 184
	F20_('S2', 'E2')_t5_max: 744
	F2_('S1', 'S2')_t4_max: 25456
	F2_('S3', 'S4')_t5_max: 25900
	F8_('S2', 'S3')_gc: False
	F18_('S3', 'S4')_t4_max: 986
	F36_('S4', 'S3')_t4_min: 125987
	F30_('S4', 'S3')_t4_max: 2660
	F9_('S2', 'S3')_gc: False
	F6_('S3', 'S4')_gc: False
	F46_('S2', 'S3')_tb: 730
	F1_('E5', 'S5')_gc: False
	F48_('S5', 'S4')_gc: True
	F9_('S3', 'S4')_t4_max: 538
	F46_('S3', 'S4')_gc: True
	F31_('S1', 'E1')_t5_max: 1999
	F29_('S1', 'E1')_t4_min: 44113
	F34_('S4', 'E4')_rr: 0
	F28_('S5', 'E5')_gc: False
	F1_('S4', 'S3')_t4_min: 17243
	F8_('S4', 'E4')_gc: True
	F36_('S3', 'E3')_t5_min: 126011
	F21_('S3', 'S2')_rr: 0
	F44_('S3', 'E3')_t5_min: 31632
	F22_jitter: 258
	F16_('S3', 'E3')_gc: False
	F37_('S3', 'S4')_t4_min: 1935
	F4_('S1', 'E1')_rr: 16
	F27_('S3', 'E3')_rr: 0
	F47_('S2', 'S1')_t3_min: 62553
	F33_('S5', 'E5')_rr: 0
	F27_('E1', 'S1')_t3_min: 5789
	F35_('S3', 'S4')_gc: False
	F4_('E2', 'S2')_gc: False
	F39_('S4', 'S5')_gc: False
	F34_('E5', 'S5')_t5_max: 127203
	F5_('S1', 'S2')_rr: 0
	F45_jitter: 387
	F42_('E2', 'S2')_t3_max: 29150
	F38_('E2', 'S2')_t3_max: 13366
	F47_('E2', 'S2')_gc: False
	F48_('S3', 'E3')_gc: False
	F35_('S3', 'S4')_tb: 12208
	F2_('S3', 'S4')_t4_max: 25798
	F16_('E4', 'S4')_t3_max: 2587
	F35_('S5', 'E5')_t3_max: 12551
	F41_('S3', 'E3')_tb: 1851
	F40_jitter: 258
	F36_jitter: 258
	F31_('S3', 'S2')_t4_max: 1699
	F28_('S4', 'S5')_gc: True
	F25_('E3', 'S3')_t3_min: 1
	F29_('S3', 'S2')_t4_max: 44080
	F18_('S5', 'E5')_rr: 0
	F39_queue_index: 0
	F46_('E1', 'S1')_gc: False
	F14_('E4', 'S4')_t5_max: 120
	F11_('E5', 'S5')_t3_max: 61435
	F3_('S2', 'E2')_t4_min: 119319
	F45_('S3', 'S4')_t5_max: 17934
	F18_('S4', 'S5')_t4_min: 1103
	F37_('E3', 'S3')_gc: False
	F26_('E1', 'S1')_rr: 0
	F21_('S1', 'E1')_rr: 0
	F29_queue_index: 0
	F42_('E2', 'S2')_rr: 0
	F30_('S5', 'S4')_t4_min: 2424
	F8_jitter: 0
	F47_('E2', 'S2')_rr: 0
	F0_('S4', 'E4')_rr: 1
	F45_('E1', 'S1')_t4_min: 17517
	F26_('S3', 'S4')_rr: 1
	('S3', 'S4')_gcl_length: 154
	F25_('S3', 'S2')_t4_min: 93
	F46_('S1', 'S2')_t4_max: 700
	F1_('E5', 'S5')_rr: 0
	F2_('E1', 'S1')_t3_max: 25099
	F45_('S1', 'S2')_rr: 4
	F17_('S5', 'E5')_rr: 0
	F8_('S2', 'S3')_rr: 0
	F35_('S4', 'S5')_t4_max: 12444
	F34_('E5', 'S5')_t3_max: 127073
	F43_('S4', 'S5')_gc: True
	F49_('E5', 'S5')_rr: 0
	F33_jitter: 258
	F42_('S3', 'E3')_t4_min: 29568
	F12_('S5', 'E5')_rr: 64
	F9_('E2', 'S2')_t5_min: 354
	F41_jitter: 129
	F24_('S3', 'E3')_t4_min: 3186
	F5_jitter: 258
	F45_('S2', 'S3')_t4_min: 17667
	F11_('S5', 'S4')_rr: 0
	F45_('E1', 'S1')_t5_min: 17585
	F34_('E5', 'S5')_gc: False
	F19_queue_index: 0
	F17_('S4', 'S5')_t4_min: 2385
	F30_('S2', 'E2')_gc: True
	F9_('S4', 'S5')_t3_max: 591
	F34_('S5', 'S4')_t3_min: 127205
	F20_('S5', 'S4')_rr: 32
	F2_('S4', 'S5')_t3_min: 25773
	F34_('E5', 'S5')_rr: 0
	F41_('S4', 'S3')_rr: 32
	F0_('S3', 'S4')_rr: 1
	F9_('S3', 'S4')_t5_min: 584
	F23_('S4', 'E4')_gc: False
	F14_('S5', 'E5')_t4_min: 182
	F12_('E4', 'S4')_t3_max: 1137
	F33_('S4', 'S5')_t5_min: 51875
	F37_('S3', 'S4')_t4_max: 2064
	F4_jitter: 0
	F20_queue_index: 0
	F23_('S3', 'S4')_gc: False
	F3_('S4', 'S3')_gc: False
	F14_('S5', 'E5')_t3_max: 316
	F18_('S5', 'E5')_gc: False
	F25_('S3', 'S2')_gc: False
	F48_queue_index: 0
	F49_('S4', 'S3')_t4_min: 1211
	F30_('S3', 'S2')_rr: 0
	F30_('S2', 'E2')_rr: 1
	F15_('S5', 'S4')_t3_min: 2530
	F45_('S3', 'S4')_t4_max: 17866
	F14_queue_index: 0
	F17_('S3', 'S4')_t3_max: 2368
	F8_('S3', 'S4')_tb: 1097
	F26_('S5', 'E5')_gc: True
	F30_('S2', 'E2')_t3_min: 2745
	F49_('S4', 'S3')_rr: 32
	F7_('S2', 'S1')_rr: 2
	F40_('S4', 'E4')_gc: False
	F2_('S3', 'S4')_t4_min: 25669
	F0_jitter: 0
	F6_('S3', 'S4')_rr: 0
	F3_('S2', 'E2')_rr: 0
	F35_('E3', 'S3')_t3_max: 11982
	F17_('S4', 'S5')_t5_max: 2663
	F41_('S4', 'S3')_gc: True
	F20_('S2', 'E2')_gc: True
	F40_('S5', 'S4')_gc: False
	F4_('S1', 'E1')_t4_min: 546
	F46_('E1', 'S1')_t3_max: 546
	F45_queue_index: 0
	F27_('S2', 'S3')_gc: True
	F11_('S4', 'E4')_gc: False
	F31_jitter: 0
	F34_queue_index: 0
	F32_('E5', 'S5')_t4_min: 61948
	F28_('E4', 'S4')_t3_max: 1428
	F2_('S4', 'S5')_gc: False
	F31_('E3', 'S3')_gc: False
	F6_jitter: 387
	F46_('S3', 'S4')_t4_max: 760
	F18_queue_index: 0
	F34_('E5', 'S5')_t5_min: 127203
	F39_('S4', 'S5')_t4_max: 32112
	F27_('S3', 'E3')_gc: False
	F10_('S1', 'S2')_t4_max: 1812
	F45_('S3', 'S4')_t4_min: 17737
	F40_('S4', 'E4')_rr: 0
	F3_queue_index: 0
	F7_('E2', 'S2')_gc: False
	F6_('S3', 'S4')_t4_max: 5890
	F8_('S3', 'S4')_t4_max: 1484
	F28_('S4', 'S5')_t4_max: 1621
	F38_('E2', 'S2')_rr: 0
	F48_('S4', 'S3')_gc: True
	F10_('S2', 'E2')_t4_min: 1914
	F4_('E2', 'S2')_t3_max: 374
	F20_('S3', 'S2')_rr: 0
	F23_('S4', 'E4')_rr: 0
	F28_queue_index: 0
	F17_('S4', 'S5')_t4_max: 2643
	F41_('S4', 'S3')_t4_min: 1830
	F29_('S2', 'S1')_tb: 44099
	F2_('S5', 'E5')_t3_max: 26140
	F21_('S1', 'E1')_gc: False
	F5_('S2', 'E2')_t3_min: 3902
	F34_('S4', 'E4')_gc: False
	F8_('E1', 'S1')_t4_min: 965
	F19_('S3', 'S2')_tb: 7528
	F5_('S1', 'S2')_t4_max: 4005
	F17_('S2', 'S3')_tb: 2341
	F12_('S4', 'S5')_t4_min: 1358
	F26_('S2', 'S3')_gc: True
	F14_('S4', 'S5')_t4_max: 251
	F6_('S4', 'S5')_t3_max: 5963
	F48_('E5', 'S5')_gc: False
	F49_('S4', 'S3')_t3_max: 1211
	F39_('S3', 'S4')_t4_max: 31972
	F33_('S3', 'S4')_t5_min: 51827
	F26_('S5', 'E5')_rr: 1
	F45_('S3', 'S4')_rr: 0
	F46_('S2', 'S3')_t4_max: 730
	('E5', 'S5')_gcl_cycle: 1
	F12_('E4', 'S4')_gc: False
	F2_('S2', 'S3')_t4_min: 25565
	F34_('S4', 'E4')_t5_min: 127219
	F46_('S5', 'E5')_rr: 0
	F43_('E4', 'S4')_gc: False
	F17_('S4', 'S5')_rr: 0
	F22_('S1', 'S2')_gc: False
	F44_('S3', 'E3')_gc: True
	F49_('S3', 'E3')_rr: 32
	F42_('E2', 'S2')_t4_max: 29274
	F23_('E3', 'S3')_gc: False
	F1_('S3', 'E3')_rr: 1
	F44_('S4', 'S3')_t4_max: 31391
	F18_('E3', 'S3')_gc: False
	F26_('S3', 'S4')_t3_max: 1713
	F29_('S3', 'S2')_tb: 43951
	F23_('E3', 'S3')_t3_max: -32
	F34_('S5', 'S4')_t4_min: 127205
	F43_('S4', 'S5')_t4_min: 870
	F1_('S5', 'S4')_t4_min: 17213
	F11_('E5', 'S5')_rr: 0
	F48_('S4', 'S3')_tb: 30421
	F32_('S4', 'E4')_gc: True
	F17_('E2', 'S2')_t4_min: 2314
	F20_('S3', 'S2')_t4_max: 505
	F2_('S4', 'S5')_t4_max: 26031
	F27_('E1', 'S1')_rr: 0
	F46_('S4', 'S5')_t4_min: 790
	F25_('S3', 'S2')_rr: 0
	F13_queue_index: 0
	F41_('E4', 'S4')_rr: 0
	F41_queue_index: 0
	F16_('S4', 'S3')_gc: True
	F8_('S1', 'S2')_gc: False
	F31_('S1', 'E1')_t3_max: 1945
	F35_('S4', 'S5')_t4_min: 12444
	F49_jitter: 0
	F6_('S4', 'S5')_tb: 5829
	F21_('E3', 'S3')_t5_max: 19868
	F28_('S4', 'S5')_rr: 8
	F39_('S3', 'S4')_rr: 2
	F31_('S2', 'S1')_t4_min: 1755
	F48_('S5', 'S4')_rr: 2
	F11_jitter: 258
	F2_('S2', 'S3')_rr: 2
	F29_('S1', 'E1')_rr: 0
	F41_('E4', 'S4')_t5_min: 1823
	F26_('S4', 'S5')_gc: False
	F9_('E2', 'S2')_rr: 0
	F31_('S3', 'S2')_rr: 64
	F46_('S2', 'S3')_rr: 64
	F3_('E4', 'S4')_gc: False
	F33_('S3', 'S4')_t4_max: 51781
	F4_('S2', 'S1')_t4_max: 522
	F27_jitter: 129
	F10_('E1', 'S1')_rr: 0
	F13_('E5', 'S5')_gc: False
	F49_('S5', 'S4')_tb: 1184
	F28_('S4', 'S5')_t4_min: 1621
	F44_jitter: 0
	F29_('S1', 'E1')_gc: False
	F7_('S2', 'S1')_t4_max: 16579
	F24_('E2', 'S2')_t3_max: 2832
	F17_('S2', 'S3')_t4_max: 2341
	F29_('E4', 'S4')_t3_max: 43794
	F26_queue_index: 0
	F2_('S2', 'S3')_t5_min: 25667
	F45_('S5', 'E5')_t4_min: 17877
	F9_('S2', 'S3')_t3_min: 356
	F23_('S3', 'S4')_rr: 0
	F12_('S5', 'E5')_gc: True
	F37_('S3', 'S4')_t5_min: 2016
	F4_queue_index: 0
	F17_('S5', 'E5')_gc: False
	F2_('S4', 'S5')_t4_min: 25773
	F26_('S4', 'S5')_t4_min: 1795
	F11_('E5', 'S5')_gc: False
	F4_('S1', 'E1')_t3_max: 546
	F25_('S2', 'E2')_t4_min: 319
	F11_('S4', 'E4')_t5_max: 62001
	F44_('E4', 'S4')_t3_max: 31019
	F36_('E4', 'S4')_gc: False
	F41_('S3', 'E3')_gc: False
	F44_('E4', 'S4')_rr: 0
	F10_queue_index: 0
	F38_('S2', 'S3')_t4_max: 13571
	F3_('S4', 'S3')_t4_max: 119100
	F23_('S3', 'S4')_t4_max: 313
	F26_('S3', 'S4')_tb: 1713
	F7_('S1', 'E1')_t4_min: 16642
	F33_('S3', 'S4')_t4_min: 51781
	F43_('E4', 'S4')_t5_min: 863
	F8_('S3', 'S4')_t4_min: 1097
	F10_('S2', 'E2')_t4_max: 1914
	F39_('S4', 'S5')_t4_min: 31983
	F13_('E5', 'S5')_rr: 0
	F14_('S4', 'S5')_t4_min: 122
	F39_('E2', 'S2')_rr: 0
	F23_('S4', 'E4')_t4_min: 276
	F29_('S3', 'S2')_t4_min: 43951
	F25_('E3', 'S3')_gc: False
	('S4', 'S5')_gcl_cycle: 16000
	F36_('E4', 'S4')_rr: 0
	F36_('S3', 'E3')_rr: 0
	F20_('S5', 'S4')_gc: True
	F37_('S4', 'E4')_t4_min: 2152
	F2_('S1', 'S2')_gc: False
	F32_('S4', 'E4')_t4_max: 62136
	F29_('S4', 'S3')_rr: 1
	F9_('S2', 'S3')_t4_max: 485
	F30_queue_index: 0
	F49_('S5', 'S4')_t4_max: 1184
	('S3', 'S4')_gcl_cycle: 128000
	('S5', 'S4')_gcl_cycle: 64000
	F2_('S2', 'S3')_t4_max: 25565
	F39_('E2', 'S2')_t3_max: 31816
	F39_('S4', 'S5')_rr: 0
	F6_('S3', 'S4')_t5_min: 5827
	F17_jitter: 387
	F38_('E2', 'S2')_gc: False
	F21_('S3', 'S2')_t4_min: 19870
	F30_('S3', 'S2')_t4_max: 2896
	F48_('S5', 'S4')_t4_max: 30305
	F27_('S1', 'S2')_t3_min: 5908
	F9_queue_index: 0
	F20_('S2', 'E2')_t3_max: 628
	F2_('E1', 'S1')_gc: False
	F40_('E5', 'S5')_t3_max: 63298
	F11_('S4', 'E4')_t4_min: 61683
	F17_('E2', 'S2')_t3_max: 2190
	F38_('S3', 'E3')_t4_min: 13647
	F17_('S2', 'S3')_t4_min: 2341
	F45_('S3', 'S4')_t3_min: 17737
	F15_('S5', 'S4')_rr: 2
	F15_('S4', 'E4')_t4_max: 2719
	F17_('E2', 'S2')_gc: False
	F2_('S5', 'E5')_gc: False
	F45_('S2', 'S3')_rr: 4
	F20_('S4', 'S3')_t3_min: 253
	F3_('S3', 'S2')_gc: True
	F47_('S2', 'S1')_rr: 1
	F40_('S5', 'S4')_rr: 0
	F29_('S4', 'S3')_gc: True
	F45_('S4', 'S5')_tb: 17807
	F46_('S5', 'E5')_gc: False
	F9_('S4', 'S5')_rr: 0
	F22_('S2', 'E2')_rr: 0
	('S5', 'E5')_gcl_cycle: 128000
	F0_('S4', 'E4')_t4_min: 81592
	F39_('S5', 'E5')_t4_min: 32128
	F9_('E2', 'S2')_t3_max: 184
	F1_queue_index: 0
	F42_('S3', 'E3')_t3_min: 29434
	F38_('S2', 'S3')_t4_min: 13571
	F35_('S3', 'S4')_t4_min: 12208
	F2_jitter: 387
	F47_queue_index: 0
	F38_('S3', 'E3')_rr: 0
	F21_('S3', 'S2')_gc: False
	F24_('S3', 'E3')_t5_min: 3232
	F17_('S3', 'S4')_gc: False
	F8_('S1', 'S2')_rr: 0
	F2_('S4', 'S5')_rr: 0
	F16_jitter: 129
	F45_('S4', 'S5')_t3_min: 17807
	F32_('S4', 'E4')_t4_min: 62136
	F42_('S2', 'S3')_t4_max: 29483
	F41_('S3', 'E3')_rr: 0
	F35_('S4', 'S5')_gc: True
	F38_('S2', 'S3')_rr: 8
	F43_queue_index: 0
	F48_('S3', 'E3')_t4_min: 30532
	F46_('S4', 'S5')_t5_min: 813
	F21_('S2', 'S1')_t4_min: 19965
	F44_('S4', 'S3')_gc: False
	F4_('E2', 'S2')_rr: 0
	F48_('S5', 'S4')_t5_max: 30414
	F36_('E4', 'S4')_tb: 125974
	F20_('S2', 'E2')_t4_min: 628
	F17_('S3', 'S4')_t4_max: 2492
	F45_('S5', 'E5')_gc: False
	F32_('S5', 'S4')_rr: 0
	F46_jitter: 129
	F31_('E3', 'S3')_t3_max: 1514
	F46_queue_index: 0
	F20_('S4', 'S3')_t5_max: 374
	F0_('S2', 'S3')_gc: True
	F14_('E4', 'S4')_rr: 0
	F8_('E1', 'S1')_gc: False
	F47_('S1', 'E1')_gc: False
	F24_queue_index: 0
	F6_('S3', 'S4')_t4_min: 5761
	F7_('S1', 'E1')_t5_min: 16698
	F44_('S4', 'S3')_t4_min: 31262
	F3_('S4', 'S3')_rr: 0
	F46_('S3', 'S4')_rr: 64
	F8_('S3', 'S4')_gc: False
	F13_('S5', 'S4')_t4_max: 48257
	F47_('S2', 'S1')_gc: True
	F5_('S2', 'E2')_gc: False
	F1_('E5', 'S5')_t3_max: 17054
	F48_('S5', 'S4')_t3_max: 30305
	F49_('S5', 'S4')_t3_max: 1184
	F42_('S2', 'S3')_t3_max: 29359
	F41_('S4', 'S3')_t3_max: 1830
	F32_('S5', 'S4')_t3_max: 61980
	F13_('S5', 'S4')_t3_max: 48257
	F21_('S3', 'S2')_t3_max: 19875
	F10_('S1', 'S2')_t3_max: 1688
	F31_('S3', 'S2')_t3_max: 1699
	F1_('S5', 'S4')_t3_max: 17213
	F27_('S1', 'S2')_t3_max: 5913
	F26_('S1', 'S2')_t3_max: 1539
	F25_('S3', 'S2')_t3_max: 98
	F12_('S4', 'S5')_t3_max: 1363
	F44_('S4', 'S3')_t3_max: 31267
	F23_('S3', 'S4')_t3_max: 189
	F35_('S3', 'S4')_t3_max: 12213
	F22_('S1', 'S2')_t3_max: 9186
	F5_('S1', 'S2')_t3_max: 3881
	F3_('S4', 'S3')_t3_max: 118976
	F20_('S5', 'S4')_t3_max: 135
	F0_('S2', 'S3')_t3_max: 81472
	F29_('S4', 'S3')_t3_max: 43937
	F47_('S2', 'S1')_t3_max: 62558
	F24_('S2', 'S3')_t3_max: 3009
	F8_('S1', 'S2')_t3_max: 1014
	F7_('S2', 'S1')_t3_max: 16579
	F30_('S5', 'S4')_t3_max: 2424
	F4_('S2', 'S1')_t3_max: 522
	F2_('S1', 'S2')_t3_max: 25332
	F40_('S5', 'S4')_t3_max: 63534
	F36_('S4', 'S3')_t3_max: 125992
	F6_('S3', 'S4')_t3_max: 5766
	F43_('S4', 'S5')_t3_max: 870
	F39_('S2', 'S3')_t3_max: 31956
	F33_('S3', 'S4')_t3_max: 51781
	F46_('S1', 'S2')_t3_max: 700
	F11_('S5', 'S4')_t3_max: 61626
	F15_('S5', 'S4')_t3_max: 2535
	F9_('S2', 'S3')_t3_max: 361
	F18_('S3', 'S4')_t3_max: 862
	F19_('S3', 'S2')_t3_max: 7533
	F17_('S2', 'S3')_t3_max: 2341
	F38_('S2', 'S3')_t3_max: 13571
	F16_('S4', 'S3')_t3_max: 2771
	F14_('S4', 'S5')_t3_max: 127
	F37_('S3', 'S4')_t3_max: 1940
	F34_('S5', 'S4')_t3_max: 127210
	F28_('S4', 'S5')_t3_max: 1621
	F45_('S1', 'S2')_t3_max: 17592
	F26_('E1', 'S1')_t3_min: 1452
	F39_('S5', 'E5')_t4_max: 32128
	F48_('S3', 'E3')_t3_min: 30532
	F35_('S5', 'E5')_tb: 12546
	F29_('E4', 'S4')_t3_min: 43918
	F46_('S2', 'S3')_t3_max: 730
	F12_('E4', 'S4')_t4_min: 1261
	F7_('S2', 'S1')_t5_min: 16635
	F19_('E3', 'S3')_t4_min: 7490
	F48_('S4', 'S3')_t3_max: 30421
	F12_('E4', 'S4')_t4_max: 1261
	F49_('S4', 'S3')_tb: 1211
	F46_('S3', 'S4')_tb: 760
	F1_('E5', 'S5')_t4_max: 17178
	F21_('S2', 'S1')_t5_max: 20316
	F9_('E2', 'S2')_t5_max: 354
	F6_('S4', 'S5')_t3_min: 5829
	F28_('S4', 'S5')_tb: 1621
	F0_('S4', 'E4')_t5_min: 81645
	F7_('S1', 'E1')_t5_max: 16698
	F49_('S3', 'E3')_tb: 1238
	F5_('S2', 'E2')_t3_max: 4036
	F23_('S4', 'E4')_t5_max: 624
	F21_('S2', 'S1')_t3_min: 19965
	F1_('E5', 'S5')_t5_max: 17206
	F2_('E1', 'S1')_t3_min: 25223
	F28_('E4', 'S4')_t4_min: 1552
	F31_('E3', 'S3')_t4_max: 1638
	F26_('S4', 'S5')_t3_max: 1800
	F35_('E3', 'S3')_t3_min: 12106
	F30_('S5', 'S4')_t5_max: 2529
	F28_('S5', 'E5')_t5_min: 1747
	F1_('S3', 'E3')_t3_max: 17407
	F12_('E4', 'S4')_t3_min: 1261
	F36_('E4', 'S4')_t3_min: 125974
	F14_('E4', 'S4')_t5_min: 120
	F12_('E4', 'S4')_tb: 1261
	F14_('S4', 'S5')_t5_min: 180
	F36_('E4', 'S4')_t5_max: 125985
	F10_('S2', 'E2')_t3_max: 1914
	F14_('S4', 'S5')_t5_max: 309
	F47_('E2', 'S2')_tb: 62516
	F14_('S4', 'S5')_tb: 122
	F9_('S5', 'E5')_t4_max: 768
	F13_('E5', 'S5')_t4_max: 48194
	F31_('S2', 'S1')_t3_min: 1755
	F38_('E2', 'S2')_t5_max: 13564
	F45_('S4', 'S5')_t3_max: 17941
	F13_('S5', 'S4')_t3_min: 48252
	('S5', 'E5')_gcl_length: 150
	F35_('E3', 'S3')_t5_max: 12206
	F43_('S5', 'E5')_t3_max: 975
	F34_('S4', 'E4')_tb: 127213
	F37_('E3', 'S3')_t4_min: 1852
	F36_('S3', 'E3')_t5_max: 126269
	F39_('S3', 'S4')_t3_max: 31972
	F9_('S2', 'S3')_t5_min: 402
	F0_('E2', 'S2')_t4_max: 81412
	F6_('E3', 'S3')_t3_min: 5693
	F16_('E4', 'S4')_t4_min: 2711
	F3_('S3', 'S2')_t5_min: 119317
	F19_('E3', 'S3')_t3_min: 7490
	F19_('E3', 'S3')_t5_max: 7526
	F25_('E3', 'S3')_tb: 1
	F35_('S4', 'S5')_t5_min: 12544
	F21_('E3', 'S3')_t4_min: 19775
	('S1', 'S2')_gcl_length: 138
	F5_('E1', 'S1')_t4_max: 3850
	F21_('S2', 'S1')_tb: 19965
	F2_('S2', 'S3')_t5_max: 25667
	('S1', 'E1')_gcl_length: 66
	F46_('S4', 'S5')_t3_min: 785
	F42_('S2', 'S3')_t5_max: 29561
	F20_('S3', 'S2')_t3_min: 376
	F23_('S4', 'E4')_t3_max: 410
	F19_('E3', 'S3')_t5_min: 7526
	F18_('E3', 'S3')_t4_max: 745
	F0_('E2', 'S2')_t3_min: 81412
	F33_('S5', 'E5')_t3_min: 51877
	F41_('S3', 'E3')_t3_min: 1851
	F2_('E1', 'S1')_t4_max: 25223
	F47_('S1', 'E1')_t4_max: 62724
	F42_('S2', 'S3')_t5_min: 29432
	F37_('E3', 'S3')_t5_max: 1933
	F48_('S3', 'E3')_tb: 30532
	F48_('S3', 'E3')_t5_max: 30770
	F25_('S2', 'E2')_tb: 319
	F24_('E2', 'S2')_t5_max: 3002
	F2_('S3', 'S4')_t3_min: 25669
	F21_('S3', 'S2')_t5_min: 19963
	F28_('S5', 'E5')_t4_max: 1814
	F5_('S1', 'S2')_t5_max: 4029
	F39_('S4', 'S5')_t5_min: 31992
	('S2', 'S3')_gcl_length: 232
	F36_('S4', 'S3')_t5_min: 125998
	F10_('S1', 'S2')_tb: 1683
	F9_('S5', 'E5')_tb: 768
	F49_('S5', 'S4')_t5_min: 1204
	F42_('E2', 'S2')_t4_min: 29274
	F42_('S3', 'E3')_t3_max: 29568
	F34_('S5', 'S4')_t5_min: 127211
	F9_('S5', 'E5')_t5_max: 814
	F0_('S4', 'E4')_t3_max: 81592
	F45_('S5', 'E5')_t3_max: 18140
	F30_('S2', 'E2')_t5_max: 3113
	F9_('S4', 'S5')_t3_min: 586
	F1_('S4', 'S3')_t3_min: 17243
	F48_('E5', 'S5')_t5_min: 30298
	F4_('S2', 'S1')_t5_max: 539
	F33_('S5', 'E5')_t5_max: 52181
	F25_('E3', 'S3')_t4_min: 1
	F18_('S5', 'E5')_t4_max: 1344
	F8_('S4', 'E4')_t3_min: 1141
	F14_('E4', 'S4')_t3_min: 62
	F42_('S2', 'S3')_t3_min: 29354
	F33_('S3', 'S4')_t5_max: 51827
	F26_('S5', 'E5')_t3_min: 1877
	F9_('S2', 'S3')_t5_max: 531
	F41_('S3', 'E3')_t4_max: 1980
	F6_('S5', 'E5')_t3_min: 5897
	F4_('S2', 'S1')_t3_min: 517
	F6_('S5', 'E5')_tb: 5897
	F45_('S5', 'E5')_t5_min: 17945
	F46_('S2', 'S3')_t5_max: 753
	F3_('S3', 'S2')_t5_max: 119317
	F31_('E3', 'S3')_t4_min: 1638
	F3_('S2', 'E2')_tb: 119319
	F26_('E1', 'S1')_t5_max: 1532
	F10_('S1', 'S2')_t5_max: 1907
	F32_('S4', 'E4')_tb: 62136
	F35_('E3', 'S3')_t5_min: 12206
	F2_('S4', 'S5')_t5_max: 26133
	F16_('S3', 'E3')_tb: 2826
	F4_('E2', 'S2')_tb: 498
	F40_('E5', 'S5')_t5_max: 63527
	F43_('E4', 'S4')_tb: 765
	('S3', 'E3')_gcl_length: 106
	F17_('S4', 'S5')_t5_min: 2405
	F30_('E5', 'S5')_tb: 2312
	F44_('S4', 'S3')_t3_min: 31262
	F11_('E5', 'S5')_t5_min: 61619
	('E2', 'S2')_gcl_length: 0
	F30_('S3', 'S2')_tb: 2638
	F13_('S5', 'S4')_t5_max: 48313
	F0_('S2', 'S3')_t3_min: 81467
	F22_('E1', 'S1')_t4_min: 9169
	F27_('E1', 'S1')_t5_min: 5906
	F40_('S4', 'E4')_t5_min: 63741
	F30_('S5', 'S4')_t5_min: 2529
	F5_('S2', 'E2')_t4_max: 4160
	F2_('S1', 'S2')_tb: 25327
	F4_('S1', 'E1')_t5_min: 563
	F37_('E3', 'S3')_tb: 1852
	F46_('S1', 'S2')_t5_max: 723
	F36_('E4', 'S4')_t5_min: 125985
	('S4', 'S5')_gcl_length: 66
	F26_('S2', 'S3')_t3_min: 1621
	F42_('S3', 'E3')_tb: 29568
	F16_('E4', 'S4')_t4_max: 2711
	F26_('S2', 'S3')_t5_max: 1706
	F3_('S3', 'S2')_tb: 119212
	F45_('S5', 'E5')_t4_max: 18264
	F48_('S4', 'S3')_t5_max: 30530
	F29_('S1', 'E1')_tb: 44113
	F5_('S1', 'S2')_tb: 3876
	F39_('S4', 'S5')_t3_min: 31983
	F15_('E5', 'S5')_tb: 2475
	F45_('S1', 'S2')_t3_min: 17587
	F31_('E3', 'S3')_tb: 1638
	F36_('S3', 'E3')_t3_max: 126134
	F38_('E2', 'S2')_tb: 13490
	F32_('E5', 'S5')_t3_min: 61948
	F1_('S3', 'E3')_t3_min: 17273
	F2_('S2', 'S3')_tb: 25565
	F46_('S4', 'S5')_t3_max: 790
	F36_('E4', 'S4')_t4_max: 125974
	F45_('S4', 'S5')_t5_min: 17875
	F4_('S2', 'S1')_t5_min: 539
	F41_('S3', 'E3')_t5_max: 1999
	F17_('S2', 'S3')_t3_min: 2336
	F20_('E5', 'S5')_t5_min: 128
	('E4', 'S4')_gcl_length: 0
	F11_('S5', 'S4')_t5_min: 61681
	F10_('E1', 'S1')_t4_min: 1586
	F35_('S4', 'S5')_tb: 12444
	F17_('E2', 'S2')_t3_min: 2314
	F17_('S5', 'E5')_t5_min: 2427
	F45_('S2', 'S3')_tb: 17667
	F33_('E3', 'S3')_t5_max: 51774
	F13_('S4', 'E4')_t4_max: 48444
	F40_('E5', 'S5')_t5_min: 63527
	F21_('S1', 'E1')_t4_max: 20447
	F28_('E4', 'S4')_t3_min: 1552
	F8_('S2', 'S3')_tb: 1053
	F8_('S2', 'S3')_t3_min: 1053
	F0_('S4', 'E4')_t4_max: 81592
	F6_('S4', 'S5')_t5_min: 5895
	F20_('E5', 'S5')_t5_max: 128
	F17_('S2', 'S3')_t5_max: 2361
	F7_('E2', 'S2')_t4_min: 16516
	F7_('S2', 'S1')_t5_max: 16635
	F19_('E3', 'S3')_tb: 7490
	F43_('E4', 'S4')_t3_min: 765
	F40_('E5', 'S5')_t3_min: 63422
	F17_('S5', 'E5')_t3_min: 2407
	F0_('S3', 'S4')_t3_max: 81532
	F10_('S2', 'E2')_t5_max: 2009
	F17_('E2', 'S2')_tb: 2314
	F15_('S5', 'S4')_t5_min: 2588
	F6_('S3', 'S4')_tb: 5761
	('E1', 'S1')_gcl_length: 0
	F33_('E3', 'S3')_tb: 51728
	F9_('S4', 'S5')_tb: 586
	F22_('S2', 'E2')_t4_max: 9451
	F21_('S3', 'S2')_t5_max: 20092
	F7_('S1', 'E1')_t3_max: 16642
	F2_('S4', 'S5')_tb: 25773
	F7_('E2', 'S2')_t5_max: 16572
	F29_('S4', 'S3')_t5_min: 43949
	F17_('S5', 'E5')_t5_max: 2814
	F8_('S4', 'E4')_t5_min: 1575
	F48_('S4', 'S3')_t3_min: 30416
	F43_('S4', 'S5')_t5_max: 968
	F27_('S3', 'E3')_t4_max: 6409
	F34_('S4', 'E4')_t3_min: 127213
	F19_('S2', 'E2')_tb: 7566
	F33_('S5', 'E5')_t3_max: 52011
	F8_('S4', 'E4')_t5_max: 1575
	F1_('E5', 'S5')_t3_min: 17178
	F30_('S3', 'S2')_t5_max: 3001
	F35_('S5', 'E5')_t5_min: 12646
	F46_('S5', 'E5')_t3_max: 820
	F49_('S5', 'S4')_t3_min: 1179
	F29_('S3', 'S2')_t5_min: 43963
	F27_('E1', 'S1')_t4_max: 5789
	F18_('S5', 'E5')_t3_max: 1220
	F40_('S4', 'E4')_t4_max: 63894
	F3_('S2', 'E2')_t3_min: 119319
	F28_('E4', 'S4')_t5_min: 1614
	F45_('E1', 'S1')_t4_max: 17517
	F47_('S1', 'E1')_t5_min: 62630
	F18_('S4', 'S5')_tb: 1103
	F8_('E1', 'S1')_tb: 965
	F38_('E2', 'S2')_t3_min: 13490
	F20_('S3', 'S2')_t3_max: 381
	F45_('S1', 'S2')_t5_max: 17660
	F33_('E3', 'S3')_t4_min: 51728
	F17_('S5', 'E5')_t4_max: 2794
	F29_('E4', 'S4')_t5_max: 43930
	F38_('S2', 'S3')_t5_min: 13645
	F41_('S3', 'E3')_t5_min: 1870
	F35_('S4', 'S5')_t5_max: 12544
	F11_('E5', 'S5')_t4_min: 61559
	F14_('E4', 'S4')_t4_min: 62
	F8_('E1', 'S1')_t5_min: 1007
	F39_('S5', 'E5')_t3_min: 31994
	F30_('S3', 'S2')_t5_min: 2743
	F43_('E4', 'S4')_t5_max: 863
	F27_('S2', 'S3')_t3_min: 6027
	F11_('E5', 'S5')_t5_max: 61619
	F13_('E5', 'S5')_tb: 48194
	F18_('E3', 'S3')_t3_min: 745
	F40_('S5', 'S4')_t5_min: 63634
	F12_('S5', 'E5')_t4_max: 1589
	F25_('S2', 'E2')_t5_min: 409
	F24_('E2', 'S2')_t4_min: 2956
	F4_('S1', 'E1')_t4_max: 546
	F45_('S5', 'E5')_tb: 17877
	F26_('E1', 'S1')_tb: 1452
	F9_('S3', 'S4')_tb: 538
	F10_('E1', 'S1')_t5_max: 1681
	F1_('S3', 'E3')_t5_min: 17435
	F42_('E2', 'S2')_t5_max: 29352
	F11_('S4', 'E4')_t3_min: 61683
	F35_('E3', 'S3')_t4_max: 12106
	F23_('S4', 'E4')_t4_max: 534
	F4_('E2', 'S2')_t3_min: 498
	F46_('E1', 'S1')_t5_min: 693
	F45_('S5', 'E5')_t3_min: 17877
	F39_('S4', 'S5')_tb: 31983
	F24_('E2', 'S2')_t3_min: 2956
	F20_('S2', 'E2')_tb: 628
	F6_('S3', 'S4')_t5_max: 5956
	F17_('S2', 'S3')_t5_min: 2361
	F16_('S3', 'E3')_t5_min: 2879
	F22_('S2', 'E2')_t3_min: 9193
	F37_('S4', 'E4')_t4_max: 2152
	F8_('S4', 'E4')_t3_max: 1533
	F17_('S4', 'S5')_t3_max: 2519
	F22_('S1', 'S2')_t3_min: 9181
	F1_('S4', 'S3')_tb: 17243
	F11_('S4', 'E4')_t5_min: 61743
	F0_('S3', 'S4')_tb: 81532
	F49_('E5', 'S5')_t5_max: 1177
	F26_('S4', 'S5')_t5_max: 2004
	F45_('S5', 'E5')_t5_max: 18332
	F10_('E1', 'S1')_t5_min: 1681
	F26_('S1', 'S2')_t5_min: 1619
	F30_('E5', 'S5')_t4_max: 2312
	F37_('S3', 'S4')_tb: 1935
	F25_('S3', 'S2')_t5_min: 183
	F33_('S3', 'S4')_tb: 51781
	F22_('S1', 'S2')_t5_min: 9191
	F20_('S4', 'S3')_t3_max: 258
	F18_('S4', 'S5')_t3_max: 1103
	F47_('E2', 'S2')_t5_max: 62551
	F30_('S4', 'S3')_t5_min: 2636
	F46_('S2', 'S3')_t5_min: 753
	F47_('S2', 'S1')_tb: 62558
	F6_('S3', 'S4')_t3_min: 5761
	F9_('E2', 'S2')_t4_max: 308
	F16_('E4', 'S4')_t5_min: 2764
	F23_('S4', 'E4')_tb: 276
	F24_('S2', 'S3')_t5_max: 3179
	('E5', 'S5')_gcl_length: 0
	F40_('E5', 'S5')_t4_max: 63422
	F22_('E1', 'S1')_t3_min: 9169
	F5_('E1', 'S1')_t5_max: 3874
	F39_('S2', 'S3')_t3_min: 31951
	F1_('S3', 'E3')_t4_max: 17407
	F11_('E5', 'S5')_t3_min: 61559
	F13_('S5', 'S4')_t5_min: 48313
	F32_('S5', 'S4')_tb: 61975
	F41_('E4', 'S4')_t3_min: 1804
	F18_('S4', 'S5')_t5_max: 1213
	F15_('E5', 'S5')_t3_min: 2475
	F20_('S2', 'E2')_t3_min: 494
	F28_('S4', 'S5')_t5_min: 1683
	F43_('S4', 'S5')_t5_min: 968
	('E3', 'S3')_gcl_length: 0
	F21_('S1', 'E1')_tb: 20060
	F48_('S3', 'E3')_t4_max: 30661
	F18_('S5', 'E5')_t5_max: 1454
	F33_('S5', 'E5')_t5_min: 51923
	F45_('S1', 'S2')_t5_min: 17660
	F16_('S4', 'S3')_t5_max: 2824
	F5_('E1', 'S1')_t4_min: 3850
	F46_('S5', 'E5')_t5_max: 967
	F46_('S5', 'E5')_tb: 815
	F0_('E2', 'S2')_t5_max: 81465
	F24_('S3', 'E3')_t4_max: 3186
	F22_('S1', 'S2')_t5_max: 9320
	F48_('S5', 'S4')_tb: 30305
	F44_('S3', 'E3')_t3_min: 31381
	F42_('S3', 'E3')_t5_min: 29646
	F39_('E2', 'S2')_t4_min: 31940
	F20_('S5', 'S4')_t5_min: 251
	F34_('S4', 'E4')_t5_max: 127477
	F1_('S3', 'E3')_tb: 17407
	F49_('S3', 'E3')_t5_max: 1258
	F23_('E3', 'S3')_t4_max: 92
	F27_('S3', 'E3')_t5_min: 6397
	F46_('S4', 'S5')_t5_max: 813
	F38_('S2', 'S3')_t3_min: 13566
	F15_('E5', 'S5')_t5_min: 2528
	F48_('E5', 'S5')_t4_max: 30189
	F23_('S4', 'E4')_t3_min: 276
	F2_('S5', 'E5')_t5_min: 25979
	F45_('S3', 'S4')_t5_min: 17805
	F19_('S2', 'E2')_t4_max: 7824
	F6_('E3', 'S3')_t4_max: 5693
	F1_('E5', 'S5')_t4_min: 17178
	F30_('E5', 'S5')_t4_min: 2312
	F29_('S3', 'S2')_t3_min: 43951
	F10_('S2', 'E2')_t5_min: 2009
	F2_('E1', 'S1')_t5_max: 25325
	F38_('S2', 'S3')_tb: 13571
	F44_('S4', 'S3')_t5_min: 31379
	F42_('S3', 'E3')_t4_max: 29568
	F12_('S5', 'E5')_t5_min: 1684
	F30_('S2', 'E2')_tb: 3008
	F21_('S1', 'E1')_t3_min: 20060
	F45_('S2', 'S3')_t5_min: 17735
	F44_('S3', 'E3')_t3_max: 31515
	F13_('E5', 'S5')_t5_min: 48250
	F42_('E2', 'S2')_t5_min: 29352
	F17_('S3', 'S4')_t3_min: 2363
	F17_('E2', 'S2')_t5_max: 2334
	F10_('E1', 'S1')_t4_max: 1586
	F25_('E3', 'S3')_t4_max: 1
	F23_('E3', 'S3')_t5_min: 182
	F26_('S2', 'S3')_tb: 1626
	F19_('E3', 'S3')_t4_max: 7490
	F26_('S1', 'S2')_tb: 1539
	F2_('S1', 'S2')_t3_min: 25327
	F1_('S3', 'E3')_t5_max: 17435
	F25_('S3', 'S2')_t5_max: 312
	F39_('E2', 'S2')_t3_min: 31940
	F9_('E2', 'S2')_t4_min: 308
	F26_('S4', 'S5')_tb: 1795
	F26_('E1', 'S1')_t4_max: 1452
	F8_('E1', 'S1')_t3_min: 965
	F29_('S1', 'E1')_t5_max: 44254
	F2_('S5', 'E5')_tb: 25877
	F11_('E5', 'S5')_t4_max: 61559
	F20_('E5', 'S5')_tb: 12
	F23_('E3', 'S3')_t5_max: 182
	('S4', 'S3')_gcl_length: 230
	F33_('S4', 'S5')_t3_max: 51834
	F37_('S4', 'E4')_tb: 2152
	F21_('S3', 'S2')_t3_min: 19870
	F31_('S3', 'S2')_t5_min: 1753
	F40_('E5', 'S5')_t4_min: 63422
	F46_('S3', 'S4')_t3_min: 755
	F38_('E2', 'S2')_t5_min: 13564
	F14_('S5', 'E5')_t5_max: 498
	F27_('S2', 'S3')_t5_max: 6278
	F12_('S4', 'S5')_t5_max: 1582
	F26_('S5', 'E5')_tb: 2011
	F34_('E5', 'S5')_t4_min: 127197
	F49_('E5', 'S5')_t4_min: 1157
	F24_('S3', 'E3')_tb: 3186
	F15_('E5', 'S5')_t4_min: 2475
	F46_('E1', 'S1')_tb: 670
	F22_('S2', 'E2')_t5_max: 9461
	F12_('S5', 'E5')_t5_max: 1684
	F13_('S4', 'E4')_t3_max: 48320
	F12_('E4', 'S4')_t5_min: 1356
	F0_('S4', 'E4')_t5_max: 81645
	F15_('S5', 'S4')_t5_max: 2588
	F44_('S4', 'S3')_t5_max: 31508
	F23_('S3', 'S4')_t5_min: 274
	F5_('S2', 'E2')_tb: 3902
	F31_('E3', 'S3')_t5_max: 1692
	F4_('E2', 'S2')_t4_min: 498
	F0_('S2', 'S3')_t5_min: 81525
	F39_('S5', 'E5')_t3_max: 32128
	F33_('S5', 'E5')_tb: 51877
	F41_('S4', 'S3')_t5_min: 1849
	F21_('S1', 'E1')_t5_min: 20153
	F45_('S2', 'S3')_t5_max: 17735
	F16_('S3', 'E3')_t3_max: 2831
	F21_('S3', 'S2')_tb: 19870
	F3_('S2', 'E2')_t3_max: 119324
	F47_('S1', 'E1')_t3_max: 62600
	F32_('E5', 'S5')_t5_max: 61973
	F6_('E3', 'S3')_t5_min: 5759
	F7_('E2', 'S2')_t4_max: 16516
	F7_('E2', 'S2')_t5_min: 16572
	F30_('S3', 'S2')_t3_min: 2638
	F2_('S5', 'E5')_t4_max: 26264
	F31_('S2', 'S1')_tb: 1755
	F44_('S3', 'E3')_t5_max: 31632
	F32_('S5', 'S4')_t5_min: 62000
	F8_('S3', 'S4')_t5_max: 1526
	F20_('S3', 'S2')_t5_min: 492
	F31_('S1', 'E1')_t5_min: 1999
	F18_('E3', 'S3')_t5_max: 855
	F32_('E5', 'S5')_tb: 61948
	F7_('S1', 'E1')_t3_min: 16637
	F21_('S2', 'S1')_t3_max: 20099
	F32_('S5', 'S4')_t5_max: 62129
	F21_('E3', 'S3')_t5_min: 19868
	F35_('S3', 'S4')_t5_max: 12437
	F33_('S4', 'S5')_t3_min: 51829
	F37_('S4', 'E4')_t3_max: 2152
	F2_('S4', 'S5')_t3_max: 25907
	F24_('E2', 'S2')_t5_min: 3002
	F1_('S4', 'S3')_t5_max: 17400
	F24_('E2', 'S2')_tb: 2956
	F3_('S2', 'E2')_t4_max: 119448
	F44_('E4', 'S4')_tb: 31143
	F14_('E4', 'S4')_tb: 62
	F46_('E1', 'S1')_t5_max: 693
	F39_('S5', 'E5')_t5_min: 32137
	F47_('S2', 'S1')_t5_max: 62593
	F8_('S1', 'S2')_t5_min: 1051
	F17_('S5', 'E5')_tb: 2407
	F0_('S4', 'E4')_t3_min: 81587
	F27_('S2', 'S3')_t5_min: 6278
	F9_('S4', 'S5')_t5_min: 632
	F35_('S5', 'E5')_t3_min: 12546
	F15_('S5', 'S4')_tb: 2535
	F29_('S4', 'S3')_t5_max: 43949
	F44_('S4', 'S3')_tb: 31262
	F49_('E5', 'S5')_t3_min: 1157
	F0_('S2', 'S3')_tb: 81472
	F30_('S5', 'S4')_t3_min: 2419
	F41_('S4', 'S3')_t3_min: 1825
	F27_('E1', 'S1')_t4_min: 5789
	F27_('E1', 'S1')_t5_max: 5906
	F25_('S2', 'E2')_t4_max: 319
	F16_('S4', 'S3')_t3_min: 2766
	F13_('S5', 'S4')_tb: 48257
	F48_('S3', 'E3')_t5_min: 30641
	F39_('S2', 'S3')_t5_min: 31965
	F20_('E5', 'S5')_t4_min: 12
	F15_('S4', 'E4')_t3_min: 2590
	F39_('E2', 'S2')_tb: 31940
	F9_('E2', 'S2')_t3_min: 308
	F29_('S3', 'S2')_t3_max: 43956
	F8_('S1', 'S2')_tb: 1009
	F47_('S2', 'S1')_t5_min: 62593
	F1_('S4', 'S3')_t5_min: 17271
	F3_('S4', 'S3')_tb: 118971
	F30_('S2', 'E2')_t5_min: 3113
	F14_('S5', 'E5')_t5_min: 240
	F13_('E5', 'S5')_t3_min: 48194
	F42_('S2', 'S3')_tb: 29354
	F11_('S5', 'S4')_tb: 61621
	F17_('S4', 'S5')_t3_min: 2385
	F43_('S5', 'E5')_t5_max: 1197
	F26_('E1', 'S1')_t4_min: 1452
	F13_('S4', 'E4')_t5_max: 48500
	F10_('E1', 'S1')_tb: 1586
	F8_('S3', 'S4')_t3_min: 1097
	F30_('S3', 'S2')_t3_max: 2772
	F40_('S4', 'E4')_t3_max: 63770
	F38_('S2', 'S3')_t5_max: 13645
	F43_('E4', 'S4')_t4_min: 765
	F42_('E2', 'S2')_tb: 29274
	F37_('E3', 'S3')_t5_min: 1933
	F36_('S4', 'S3')_t5_max: 126127
	F21_('S2', 'S1')_t5_min: 20058
	F9_('E2', 'S2')_tb: 308
	F39_('S5', 'E5')_tb: 32128
	F20_('S3', 'S2')_tb: 376
	F34_('S5', 'S4')_t5_max: 127340
	F28_('S5', 'E5')_t3_min: 1685
	F12_('S5', 'E5')_t3_max: 1589
	F1_('S5', 'S4')_t5_min: 17241
	F9_('S3', 'S4')_t3_min: 404
	F43_('S5', 'E5')_t5_min: 1068
	F13_('S4', 'E4')_tb: 48315
	F30_('E5', 'S5')_t3_min: 2312
	F37_('E3', 'S3')_t3_min: 1852
	F39_('S2', 'S3')_tb: 31956
	F14_('S5', 'E5')_tb: 182
	F41_('E4', 'S4')_t5_max: 1823
	F19_('S2', 'E2')_t5_min: 7602
	F33_('E3', 'S3')_t4_max: 51728
	F25_('S3', 'S2')_tb: 93
	F31_('S2', 'S1')_t5_max: 1938
	F28_('E4', 'S4')_t5_max: 1614
	F20_('S5', 'S4')_tb: 135
	F40_('S5', 'S4')_tb: 63529
	F3_('E4', 'S4')_t3_min: 118864
	F22_('S1', 'S2')_tb: 9181
	F34_('S4', 'E4')_t4_max: 127471
	F30_('S4', 'S3')_t3_min: 2531
	F0_('S3', 'S4')_t5_min: 81585
	F39_('S3', 'S4')_t5_max: 31981
	F33_('S5', 'E5')_t4_max: 52135
	F4_('S2', 'S1')_tb: 522
	F4_('S1', 'E1')_tb: 546
	F24_('S3', 'E3')_t5_max: 3232
	F32_('S5', 'S4')_t3_min: 61975
	F46_('S1', 'S2')_t3_min: 695
	F27_('S1', 'S2')_t5_min: 6025
	F14_('S5', 'E5')_t4_max: 440
	F44_('S3', 'E3')_tb: 31515
	F47_('E2', 'S2')_t5_min: 62551
	F3_('S4', 'S3')_t3_min: 118971
	F3_('E4', 'S4')_tb: 118864
	F48_('S3', 'E3')_t3_max: 30537
	F0_('E2', 'S2')_tb: 81412
	F35_('S4', 'S5')_t3_min: 12310
	F12_('S5', 'E5')_tb: 1589
	F27_('S3', 'E3')_t3_min: 6280
	F18_('S3', 'S4')_t5_max: 1096
	F49_('S3', 'E3')_t4_max: 1238
	F38_('S3', 'E3')_t5_max: 13850
	F29_('S1', 'E1')_t5_min: 44125
	F31_('S3', 'S2')_t5_max: 1753
	F2_('S3', 'S4')_tb: 25669
	F22_('S2', 'E2')_tb: 9193
	F5_('S1', 'S2')_t5_min: 3900
	F45_('S2', 'S3')_t3_max: 17667
	F26_('S2', 'S3')_t3_max: 1626
	F0_('E2', 'S2')_t5_min: 81465
	F26_('S3', 'S4')_t3_min: 1708
	F2_('S5', 'E5')_t3_min: 25877
	F15_('E5', 'S5')_t4_max: 2475
	F27_('S2', 'S3')_tb: 6161
	F42_('E2', 'S2')_t3_min: 29274
	F33_('S3', 'S4')_t3_min: 51776
	F28_('S5', 'E5')_tb: 1685
	F11_('S4', 'E4')_tb: 61683
	F36_('E4', 'S4')_t4_min: 125974
	F11_('E5', 'S5')_tb: 61559
	F20_('S2', 'E2')_t4_max: 628
	F22_('E1', 'S1')_t5_min: 9179
	F18_('S5', 'E5')_t3_min: 1215
	F6_('S5', 'E5')_t5_max: 6350
	F33_('E3', 'S3')_t5_min: 51774
	F32_('S4', 'E4')_t5_min: 62161
	F12_('S5', 'E5')_t3_min: 1455
	F49_('E5', 'S5')_t4_max: 1157
	F29_('E4', 'S4')_t4_min: 43918
	F8_('E1', 'S1')_t4_max: 965
	F18_('S5', 'E5')_tb: 1215
	F45_('E1', 'S1')_t3_min: 17517
	F32_('S4', 'E4')_t5_max: 62161
	F30_('E5', 'S5')_t5_max: 2417
	F6_('S5', 'E5')_t3_max: 6160
	F18_('E3', 'S3')_tb: 745
	F26_('S5', 'E5')_t4_max: 2011
	F35_('E3', 'S3')_tb: 12106
	F39_('S4', 'S5')_t5_max: 32121
	F21_('S1', 'E1')_t3_max: 20323
	('S2', 'S1')_gcl_length: 72
	F47_('E2', 'S2')_t4_min: 62516
	F6_('E3', 'S3')_t5_max: 5759
	F5_('E1', 'S1')_t3_min: 3850
	F1_('S4', 'S3')_t3_max: 17248
	F15_('S4', 'E4')_tb: 2590
	F5_('S2', 'E2')_t5_max: 4184
	F8_('S2', 'S3')_t5_min: 1095
	F21_('E3', 'S3')_t3_min: 19775
	F48_('S4', 'S3')_t5_min: 30530
	F22_('S2', 'E2')_t3_max: 9327
	F46_('S1', 'S2')_t5_min: 723
	F36_('S3', 'E3')_t4_max: 126258
	F28_('S4', 'S5')_t3_min: 1616
	F31_('S1', 'E1')_tb: 1945
	F12_('S4', 'S5')_tb: 1358
	F8_('E1', 'S1')_t5_max: 1007
	F17_('S4', 'S5')_tb: 2385
	F35_('S4', 'S5')_t3_max: 12444
	F3_('S4', 'S3')_t5_min: 119076
	F38_('E2', 'S2')_t4_min: 13490
	F30_('S2', 'E2')_t3_max: 3008
	F17_('S3', 'S4')_tb: 2363
	F44_('E4', 'S4')_t5_min: 31260
	F34_('S4', 'E4')_t3_max: 127347
	F31_('S3', 'S2')_tb: 1699
	F13_('E5', 'S5')_t4_min: 48194
	F45_('S4', 'S5')_t5_max: 18133
	F9_('S5', 'E5')_t5_min: 814
	F18_('S3', 'S4')_tb: 857
	F44_('S3', 'E3')_t4_max: 31515
	F10_('E1', 'S1')_t3_min: 1586
	F48_('S5', 'S4')_t5_min: 30414
	F25_('S2', 'E2')_t5_max: 409
	F25_('S2', 'E2')_t3_min: 185
	F22_('E1', 'S1')_t4_max: 9169
	F17_('E2', 'S2')_t4_max: 2314
	F29_('S2', 'S1')_t3_max: 44099
	F6_('S4', 'S5')_t5_max: 6153
	F49_('E5', 'S5')_tb: 1157
	F37_('E3', 'S3')_t4_max: 1852
	F24_('E2', 'S2')_t4_max: 2956
	F49_('E5', 'S5')_t5_min: 1177
	F30_('S4', 'S3')_t3_max: 2536
	F40_('S5', 'S4')_t3_min: 63529
	F35_('S5', 'E5')_t5_max: 12775
	F8_('S1', 'S2')_t3_min: 1009
	F39_('S5', 'E5')_t5_max: 32137
	F16_('S4', 'S3')_tb: 2771
	F39_('E2', 'S2')_t5_min: 31949
	F3_('S3', 'S2')_t3_max: 119212
	F38_('S3', 'E3')_t5_min: 13721
	F20_('S4', 'S3')_tb: 258
	F31_('S3', 'S2')_t3_min: 1694
	F43_('S5', 'E5')_t4_max: 1099
	F26_('S4', 'S5')_t5_min: 1875
	F39_('S4', 'S5')_t3_max: 31988
	F35_('S5', 'E5')_t4_max: 12675
	F13_('S4', 'E4')_t5_min: 48371
	F26_('S5', 'E5')_t5_max: 2091
	F23_('E3', 'S3')_t4_min: 92
	F3_('S3', 'S2')_t3_min: 119078
	F22_('E1', 'S1')_t5_max: 9179
	F38_('S3', 'E3')_t4_max: 13776
	F15_('S4', 'E4')_t5_min: 2643
	F40_('S4', 'E4')_t3_min: 63636
	F16_('S3', 'E3')_t4_max: 2955
	F41_('S3', 'E3')_t3_max: 1856
	F26_('S3', 'S4')_t5_max: 1793
	F31_('S2', 'S1')_t3_max: 1760
	F20_('E5', 'S5')_t3_min: 12
	F8_('S2', 'S3')_t3_max: 1187
	F18_('E3', 'S3')_t5_min: 855
	F10_('S1', 'S2')_t3_min: 1683
	F29_('S2', 'S1')_t5_min: 44111
	F1_('S5', 'S4')_t5_max: 17241
	F1_('E5', 'S5')_t5_min: 17206
	F24_('S3', 'E3')_t3_max: 3186
	F14_('S4', 'S5')_t3_min: 122
	F49_('S4', 'S3')_t5_min: 1231
	F20_('S3', 'S2')_t5_max: 621
	F19_('S3', 'S2')_t5_max: 7693
	('S2', 'E2')_gcl_length: 10
	F7_('S1', 'E1')_tb: 16642
	F11_('S4', 'E4')_t4_max: 61941
	F7_('E2', 'S2')_tb: 16516
	F28_('S4', 'S5')_t5_max: 1683
	F35_('S3', 'S4')_t5_min: 12308
	F29_('S2', 'S1')_t3_min: 43965
	F26_('S3', 'S4')_t5_min: 1793
	F46_('S4', 'S5')_tb: 790
	F24_('S2', 'S3')_t5_min: 3050
	F6_('S5', 'E5')_t5_min: 5963
	F33_('S4', 'S5')_tb: 51829
	F23_('E3', 'S3')_t3_min: 92
	F31_('S2', 'S1')_t5_min: 1809
	F3_('S2', 'E2')_t5_max: 119553
	F2_('S4', 'S5')_t5_min: 25875
	F20_('S5', 'S4')_t3_min: 130
	F41_('E4', 'S4')_t4_min: 1804
	F29_('S3', 'S2')_t5_max: 44092
	F0_('S3', 'S4')_t5_max: 81585
	F5_('S2', 'E2')_t5_min: 3926
	F21_('E3', 'S3')_t4_max: 19775
	F29_('S1', 'E1')_t3_min: 44113
	F9_('S4', 'S5')_t5_max: 761
	F38_('S3', 'E3')_t3_min: 13647
	F27_('E1', 'S1')_tb: 5789
	F48_('E5', 'S5')_t5_max: 30298
	F26_('E1', 'S1')_t5_min: 1532
	F46_('S2', 'S3')_t3_min: 725
	F44_('E4', 'S4')_t4_max: 31143
	F43_('S5', 'E5')_tb: 970
	F48_('E5', 'S5')_t3_min: 30189
	F39_('S2', 'S3')_t5_max: 31965
	F26_('S5', 'E5')_t5_min: 2091
	F13_('S4', 'E4')_t3_min: 48315
	F20_('S2', 'E2')_t5_min: 744
	F19_('S2', 'E2')_t5_max: 7860
	F37_('S3', 'S4')_t5_max: 2145
	F7_('S2', 'S1')_t3_min: 16574
	F30_('S5', 'S4')_tb: 2424
	F20_('S5', 'S4')_t5_max: 251
	F18_('S5', 'E5')_t5_min: 1325
	F17_('S3', 'S4')_t5_max: 2512
	F22_('S2', 'E2')_t5_min: 9203
	F5_('E1', 'S1')_t5_min: 3874
	F4_('E2', 'S2')_t5_min: 515
	F34_('S5', 'S4')_tb: 127205
	F41_('S4', 'S3')_t5_max: 1849
	F29_('E4', 'S4')_t4_max: 43918
	F18_('S3', 'S4')_t5_min: 967
	F4_('E2', 'S2')_t5_max: 515
	F9_('S2', 'S3')_tb: 356
	F0_('S2', 'S3')_t5_max: 81525
	F49_('S5', 'S4')_t5_max: 1204
	F47_('E2', 'S2')_t3_min: 62516
	F10_('S1', 'S2')_t5_min: 1778
	F3_('S4', 'S3')_t5_max: 119205
	F34_('E5', 'S5')_t4_max: 127197
	F7_('S2', 'S1')_tb: 16579
	F46_('S1', 'S2')_tb: 700
	F1_('S5', 'S4')_t3_min: 17208
	F36_('S3', 'E3')_t3_min: 126000
	F16_('E4', 'S4')_t3_min: 2711
	F37_('S4', 'E4')_t5_max: 2233
	F8_('S4', 'E4')_t4_max: 1533
	F26_('S5', 'E5')_t3_max: 2011
	F8_('S3', 'S4')_t3_max: 1360
	F19_('S3', 'S2')_t5_min: 7564
	F7_('S1', 'E1')_t4_max: 16642
	F3_('S2', 'E2')_t5_min: 119424
	F30_('S4', 'S3')_tb: 2531
	F48_('S5', 'S4')_t3_min: 30300
	F49_('S3', 'E3')_t3_max: 1238
	F26_('S2', 'S3')_t5_min: 1706
	F1_('S5', 'S4')_tb: 17213
	F37_('S3', 'S4')_t3_min: 1935
	F12_('S4', 'S5')_t5_min: 1453
	F19_('S3', 'S2')_t3_min: 7528
	F43_('S4', 'S5')_tb: 870
	F2_('S2', 'S3')_t3_min: 25431
	F0_('E2', 'S2')_t4_min: 81412
	F16_('S4', 'S3')_t5_min: 2824
	F0_('S4', 'E4')_tb: 81592
	F37_('S4', 'E4')_t3_min: 2018
	F49_('S4', 'S3')_t3_min: 1206
	F46_('S3', 'S4')_t5_min: 783
	F21_('S1', 'E1')_t5_max: 20540
	F34_('E5', 'S5')_t3_min: 127197
	F46_('E1', 'S1')_t3_min: 670
	F5_('S1', 'S2')_t3_min: 3876
	F4_('E2', 'S2')_t4_max: 498
	F23_('S3', 'S4')_t3_min: 184
	F38_('S3', 'E3')_tb: 13647
	F26_('S1', 'S2')_t3_min: 1534
	F6_('S5', 'E5')_t4_max: 6284
	F25_('E3', 'S3')_t5_min: 91
	F2_('S3', 'S4')_t5_min: 25771
	F2_('S3', 'S4')_t3_max: 25674
	F27_('S2', 'S3')_t3_max: 6161
	F16_('E4', 'S4')_t5_max: 2764
	F1_('E5', 'S5')_tb: 17178
	F30_('S4', 'S3')_t5_max: 2765
	F29_('E4', 'S4')_tb: 43918
	F35_('S3', 'S4')_t3_min: 12208
	F40_('E5', 'S5')_tb: 63422
	F43_('E4', 'S4')_t4_max: 765
	F26_('S1', 'S2')_t5_max: 1619
	F46_('E1', 'S1')_t4_max: 670
	F8_('S3', 'S4')_t5_min: 1139
	F9_('S3', 'S4')_t5_max: 584
	F27_('S3', 'E3')_t5_max: 6526
	F46_('S3', 'S4')_t5_max: 783
	F27_('S3', 'E3')_tb: 6280
	F38_('E2', 'S2')_t4_max: 13490
	F8_('S1', 'S2')_t5_max: 1180
	('S4', 'E4')_gcl_length: 102
	F38_('S3', 'E3')_t3_max: 13652
	F15_('S4', 'E4')_t3_max: 2595
	('S3', 'S2')_gcl_length: 130
	F18_('E3', 'S3')_t4_min: 745
	F39_('S3', 'S4')_t3_min: 31967
	F15_('E5', 'S5')_t5_max: 2528
	F10_('S2', 'E2')_tb: 1914
	F10_('S2', 'E2')_t3_min: 1780
	F17_('S3', 'S4')_t5_min: 2383
	F40_('S4', 'E4')_tb: 63636
	F29_('S4', 'S3')_tb: 43937
	F28_('E4', 'S4')_tb: 1552
	F48_('E5', 'S5')_t4_min: 30189
	F29_('S4', 'S3')_t3_min: 43932
	F45_('S1', 'S2')_tb: 17592
	F47_('S1', 'E1')_t5_max: 62759
	F5_('E1', 'S1')_tb: 3850
	F46_('S5', 'E5')_t5_min: 838
	F4_('S1', 'E1')_t3_min: 541
	F44_('E4', 'S4')_t4_min: 31143
	F27_('S1', 'S2')_t5_max: 6154
	F45_('S3', 'S4')_t3_max: 17742
