0. Flow F0 [E4-->E3] with period 64000, payload 1180B, e2e delay 64000us, jitter 6400us
	('E4', 'S4'), Operation(31776, None, 31871)(31776, 31776)
	('S4', 'S3'), Operation(31873, 31878, 31973)(31878, 31878)
	('S3', 'E3'), Operation(31975, None, 32199)(31975, 32104)
1. Flow F1 [E4-->E3] with period 128000, payload 355B, e2e delay 128000us, jitter 12800us
	('E4', 'S4'), Operation(39234, None, 39263)(39234, 39234)
	('S4', 'S3'), Operation(39265, None, 39423)(39265, 39394)
	('S3', 'E3'), Operation(39296, None, 39583)(39296, 39554)
2. Flow F2 [E5-->E3] with period 64000, payload 377B, e2e delay 64000us, jitter 6400us
	('E5', 'S5'), Operation(58471, None, 58502)(58471, 58471)
	('S5', 'S4'), Operation(58504, 58509, 58540)(58509, 58509)
	('S4', 'S3'), Operation(58542, None, 58702)(58542, 58671)
	('S3', 'E3'), Operation(58575, None, 58864)(58575, 58833)
3. Flow F3 [E5-->E1] with period 8000, payload 97B, e2e delay 8000us, jitter 800us
	('E5', 'S5'), Operation(1225, None, 1233)(1225, 1225)
	('S5', 'S4'), Operation(1235, 1240, 1248)(1240, 1240)
	('S4', 'S3'), Operation(1250, 1255, 1263)(1255, 1255)
	('S3', 'S2'), Operation(1265, 1270, 1278)(1270, 1270)
	('S2', 'S1'), Operation(1280, None, 1417)(1280, 1409)
	('S1', 'E1'), Operation(1290, None, 1556)(1290, 1548)
4. Flow F4 [E2-->E3] with period 32000, payload 1121B, e2e delay 32000us, jitter 3200us
	('E2', 'S2'), Operation(6763, None, 6853)(6763, 6763)
	('S2', 'S3'), Operation(6855, None, 7074)(6855, 6984)
	('S3', 'E3'), Operation(6947, None, 7295)(6947, 7205)
5. Flow F5 [E5-->E4] with period 128000, payload 1286B, e2e delay 128000us, jitter 12800us
	('E5', 'S5'), Operation(127129, None, 127232)(127129, 127129)
	('S5', 'S4'), Operation(127234, 127362, 127465)(127362, 127362)
	('S4', 'E4'), Operation(127467, None, 127699)(127467, 127596)
6. Flow F6 [E3-->E4] with period 128000, payload 1048B, e2e delay 128000us, jitter 12800us
	('E3', 'S3'), Operation(126072, None, 126156)(126072, 126072)
	('S3', 'S4'), Operation(126158, None, 126371)(126158, 126287)
	('S4', 'E4'), Operation(126244, None, 126586)(126244, 126502)
7. Flow F7 [E3-->E2] with period 128000, payload 555B, e2e delay 128000us, jitter 12800us
	('E3', 'S3'), Operation(101468, None, 101513)(101468, 101468)
	('S3', 'S2'), Operation(101515, None, 101689)(101515, 101644)
	('S2', 'E2'), Operation(101562, None, 101865)(101562, 101820)
8. Flow F8 [E2-->E5] with period 64000, payload 1289B, e2e delay 64000us, jitter 6400us
	('E2', 'S2'), Operation(50493, None, 50597)(50493, 50493)
	('S2', 'S3'), Operation(50599, None, 50832)(50599, 50728)
	('S3', 'S4'), Operation(50705, None, 51067)(50705, 50963)
	('S4', 'S5'), Operation(50811, None, 51302)(50811, 51198)
	('S5', 'E5'), Operation(50917, None, 51537)(50917, 51433)
9. Flow F9 [E4-->E2] with period 32000, payload 699B, e2e delay 32000us, jitter 3200us
	('E4', 'S4'), Operation(31074, None, 31130)(31074, 31074)
	('S4', 'S3'), Operation(31132, 31137, 31193)(31137, 31137)
	('S3', 'S2'), Operation(31195, 31323, 31379)(31323, 31323)
	('S2', 'E2'), Operation(31381, None, 31566)(31381, 31510)
10. Flow F10 [E3-->E4] with period 128000, payload 1082B, e2e delay 128000us, jitter 12800us
	('E3', 'S3'), Operation(127067, None, 127154)(127067, 127067)
	('S3', 'S4'), Operation(127156, None, 127372)(127156, 127285)
	('S4', 'E4'), Operation(127245, 127379, 127466)(127379, 127379)
11. Flow F11 [E2-->E4] with period 4000, payload 508B, e2e delay 4000us, jitter 400us
	('E2', 'S2'), Operation(3566, None, 3607)(3566, 3566)
	('S2', 'S3'), Operation(3609, 3614, 3655)(3614, 3614)
	('S3', 'S4'), Operation(3657, None, 3827)(3657, 3786)
	('S4', 'E4'), Operation(3700, None, 3999)(3700, 3958)
12. Flow F12 [E5-->E3] with period 128000, payload 1244B, e2e delay 128000us, jitter 12800us
	('E5', 'S5'), Operation(126985, None, 127085)(126985, 126985)
	('S5', 'S4'), Operation(127087, 127092, 127192)(127092, 127092)
	('S4', 'S3'), Operation(127194, None, 127423)(127194, 127323)
	('S3', 'E3'), Operation(127296, None, 127654)(127296, 127554)
13. Flow F13 [E1-->E4] with period 2000, payload 204B, e2e delay 2000us, jitter 200us
	('E1', 'S1'), Operation(270, None, 287)(270, 270)
	('S1', 'S2'), Operation(289, 371, 388)(371, 371)
	('S2', 'S3'), Operation(390, 469, 486)(469, 469)
	('S3', 'S4'), Operation(488, 568, 585)(568, 568)
	('S4', 'E4'), Operation(587, None, 733)(587, 716)
14. Flow F14 [E2-->E5] with period 32000, payload 1149B, e2e delay 32000us, jitter 3200us
	('E2', 'S2'), Operation(28393, None, 28485)(28393, 28393)
	('S2', 'S3'), Operation(28487, 28492, 28584)(28492, 28492)
	('S3', 'S4'), Operation(28586, 28591, 28683)(28591, 28591)
	('S4', 'S5'), Operation(28685, None, 28906)(28685, 28814)
	('S5', 'E5'), Operation(28779, None, 29129)(28779, 29037)
15. Flow F15 [E3-->E1] with period 8000, payload 113B, e2e delay 8000us, jitter 800us
	('E3', 'S3'), Operation(7690, None, 7700)(7690, 7690)
	('S3', 'S2'), Operation(7702, 7707, 7717)(7707, 7707)
	('S2', 'S1'), Operation(7719, None, 7858)(7719, 7848)
	('S1', 'E1'), Operation(7731, None, 7999)(7731, 7989)
16. Flow F16 [E3-->E4] with period 2000, payload 177B, e2e delay 2000us, jitter 200us
	('E3', 'S3'), Operation(1051, None, 1066)(1051, 1051)
	('S3', 'S4'), Operation(1068, 1083, 1098)(1083, 1083)
	('S4', 'E4'), Operation(1100, None, 1244)(1100, 1229)
17. Flow F17 [E4-->E1] with period 2000, payload 481B, e2e delay 2000us, jitter 200us
	('E4', 'S4'), Operation(1383, None, 1422)(1383, 1383)
	('S4', 'S3'), Operation(1424, 1429, 1468)(1429, 1429)
	('S3', 'S2'), Operation(1470, 1475, 1514)(1475, 1475)
	('S2', 'S1'), Operation(1516, None, 1684)(1516, 1645)
	('S1', 'E1'), Operation(1557, 1691, 1730)(1691, 1691)
18. Flow F18 [E3-->E5] with period 8000, payload 916B, e2e delay 8000us, jitter 800us
	('E3', 'S3'), Operation(6332, None, 6406)(6332, 6332)
	('S3', 'S4'), Operation(6408, 6413, 6487)(6413, 6413)
	('S4', 'S5'), Operation(6489, 6518, 6592)(6518, 6518)
	('S5', 'E5'), Operation(6594, None, 6797)(6594, 6723)
19. Flow F19 [E1-->E2] with period 128000, payload 627B, e2e delay 128000us, jitter 12800us
	('E1', 'S1'), Operation(126965, None, 127016)(126965, 126965)
	('S1', 'S2'), Operation(127018, None, 127198)(127018, 127147)
	('S2', 'E2'), Operation(127071, None, 127380)(127071, 127329)
20. Flow F20 [E3-->E1] with period 32000, payload 994B, e2e delay 32000us, jitter 3200us
	('E3', 'S3'), Operation(30251, None, 30331)(30251, 30251)
	('S3', 'S2'), Operation(30333, None, 30542)(30333, 30462)
	('S2', 'S1'), Operation(30415, None, 30753)(30415, 30673)
	('S1', 'E1'), Operation(30497, None, 30964)(30497, 30884)
21. Flow F21 [E4-->E5] with period 32000, payload 818B, e2e delay 32000us, jitter 3200us
	('E4', 'S4'), Operation(1, None, 67)(1, 1)
	('S4', 'S5'), Operation(69, None, 264)(69, 198)
	('S5', 'E5'), Operation(137, None, 461)(137, 395)
22. Flow F22 [E4-->E5] with period 4000, payload 275B, e2e delay 4000us, jitter 400us
	('E4', 'S4'), Operation(1116, None, 1138)(1116, 1116)
	('S4', 'S5'), Operation(1140, None, 1291)(1140, 1269)
	('S5', 'E5'), Operation(1164, None, 1444)(1164, 1422)
23. Flow F23 [E1-->E3] with period 4000, payload 686B, e2e delay 4000us, jitter 400us
	('E1', 'S1'), Operation(2171, None, 2226)(2171, 2171)
	('S1', 'S2'), Operation(2228, 2233, 2288)(2233, 2233)
	('S2', 'S3'), Operation(2290, 2334, 2389)(2334, 2334)
	('S3', 'E3'), Operation(2391, 2519, 2574)(2519, 2519)
24. Flow F24 [E5-->E3] with period 2000, payload 759B, e2e delay 2000us, jitter 200us
	('E5', 'S5'), Operation(1, None, 62)(1, 1)
	('S5', 'S4'), Operation(64, 69, 130)(69, 69)
	('S4', 'S3'), Operation(132, 137, 198)(137, 137)
	('S3', 'E3'), Operation(200, None, 390)(200, 329)
25. Flow F25 [E2-->E5] with period 128000, payload 200B, e2e delay 128000us, jitter 12800us
	('E2', 'S2'), Operation(127342, None, 127358)(127342, 127342)
	('S2', 'S3'), Operation(127360, None, 127505)(127360, 127489)
	('S3', 'S4'), Operation(127378, None, 127652)(127378, 127636)
	('S4', 'S5'), Operation(127396, None, 127799)(127396, 127783)
	('S5', 'E5'), Operation(127414, None, 127946)(127414, 127930)
26. Flow F26 [E1-->E5] with period 64000, payload 988B, e2e delay 64000us, jitter 6400us
	('E1', 'S1'), Operation(54943, None, 55023)(54943, 54943)
	('S1', 'S2'), Operation(55025, None, 55234)(55025, 55154)
	('S2', 'S3'), Operation(55107, None, 55445)(55107, 55365)
	('S3', 'S4'), Operation(55189, None, 55656)(55189, 55576)
	('S4', 'S5'), Operation(55271, None, 55867)(55271, 55787)
	('S5', 'E5'), Operation(55353, None, 56078)(55353, 55998)
27. Flow F27 [E3-->E5] with period 16000, payload 764B, e2e delay 16000us, jitter 1600us
	('E3', 'S3'), Operation(522, None, 584)(522, 522)
	('S3', 'S4'), Operation(586, None, 777)(586, 715)
	('S4', 'S5'), Operation(650, None, 970)(650, 908)
	('S5', 'E5'), Operation(714, None, 1163)(714, 1101)
28. Flow F28 [E2-->E1] with period 2000, payload 1476B, e2e delay 2000us, jitter 200us
	('E2', 'S2'), Operation(1, None, 120)(1, 1)
	('S2', 'S1'), Operation(122, None, 370)(122, 251)
	('S1', 'E1'), Operation(243, 377, 496)(377, 377)
29. Flow F29 [E1-->E5] with period 128000, payload 1233B, e2e delay 128000us, jitter 12800us
	('E1', 'S1'), Operation(126288, None, 126387)(126288, 126288)
	('S1', 'S2'), Operation(126389, 126394, 126493)(126394, 126394)
	('S2', 'S3'), Operation(126495, None, 126723)(126495, 126624)
	('S3', 'S4'), Operation(126596, None, 126953)(126596, 126854)
	('S4', 'S5'), Operation(126697, None, 127183)(126697, 127084)
	('S5', 'E5'), Operation(126798, None, 127413)(126798, 127314)

SMT variables: 
	F29_('S2', 'S3')_t4_min: 126495
	('S2', 'S3')_gcl_cycle: 32000
	F1_('E4', 'S4')_t3_max: 39110
	F5_('E5', 'S5')_gc: False
	F24_('S5', 'S4')_t4_max: 69
	F20_('S2', 'S1')_t4_min: 30415
	F9_('E4', 'S4')_rr: 0
	F29_('S2', 'S3')_rr: 0
	F2_('S5', 'S4')_t4_max: 58509
	('S4', 'S3')_gcl_cycle: 64000
	F1_('S4', 'S3')_gc: False
	F7_queue_index: 0
	F25_('S2', 'S3')_gc: False
	F12_('S4', 'S3')_t4_min: 127194
	F16_('E3', 'S3')_t3_max: 927
	F17_('S2', 'S1')_t4_min: 1516
	F2_('E5', 'S5')_rr: 0
	F2_('S5', 'S4')_gc: True
	F22_('S5', 'E5')_gc: False
	F10_('S3', 'S4')_rr: 0
	F3_('S1', 'E1')_t4_min: 1290
	F15_('S2', 'S1')_rr: 0
	F27_('S3', 'S4')_t4_min: 586
	F19_('S2', 'E2')_t4_min: 127071
	F26_('S2', 'S3')_t4_min: 55107
	F28_('S2', 'S1')_t4_min: 122
	F3_('S5', 'S4')_t5_min: 1248
	F3_('S5', 'S4')_t3_max: 1240
	F22_queue_index: 0
	F23_('S2', 'S3')_t4_min: 2334
	F0_('E4', 'S4')_rr: 0
	F29_('S1', 'S2')_gc: True
	F0_('S4', 'S3')_t4_max: 31878
	F22_('E4', 'S4')_tb: 1116
	F2_('S3', 'E3')_t5_min: 58606
	F14_('S5', 'E5')_rr: 0
	F12_('S5', 'S4')_t3_max: 127092
	F20_('S1', 'E1')_rr: 0
	F7_('S3', 'S2')_gc: False
	F29_('S1', 'S2')_rr: 1
	F5_queue_index: 0
	F10_('S3', 'S4')_t4_min: 127156
	F14_('S3', 'S4')_t3_min: 28586
	F9_('S3', 'S2')_t4_min: 31323
	F25_('S2', 'S3')_t4_min: 127360
	F1_('S4', 'S3')_t5_max: 39423
	F24_('E5', 'S5')_t3_max: -123
	F1_('S4', 'S3')_rr: 0
	F25_('S3', 'S4')_t4_min: 127378
	F4_('S3', 'E3')_t4_min: 6947
	F15_('S3', 'S2')_t4_max: 7707
	F18_('S5', 'E5')_t4_min: 6594
	F29_('S4', 'S5')_t4_max: 127084
	F1_('E4', 'S4')_t5_min: 39263
	F11_('S4', 'E4')_rr: 0
	F17_('S3', 'S2')_t5_max: 1514
	F13_('S1', 'S2')_t5_min: 388
	F22_('S5', 'E5')_tb: 1164
	F25_('S5', 'E5')_gc: False
	F13_('S4', 'E4')_t4_min: 587
	F22_('S5', 'E5')_t4_min: 1164
	F26_('E1', 'S1')_t3_min: 54943
	F8_('S2', 'S3')_t4_max: 50728
	F1_jitter: 258
	F13_jitter: 129
	F8_('E2', 'S2')_gc: False
	F13_('S3', 'S4')_t4_min: 568
	F24_('S4', 'S3')_t4_max: 137
	F14_('E2', 'S2')_t3_max: 28269
	F15_jitter: 258
	F29_('S2', 'S3')_gc: False
	F24_('S4', 'S3')_rr: 32
	F19_('E1', 'S1')_t3_max: 126841
	F14_('S2', 'S3')_gc: True
	F26_('E1', 'S1')_t3_max: 54819
	F6_queue_index: 0
	F8_('S5', 'E5')_t4_min: 50917
	F25_queue_index: 0
	F21_('S4', 'S5')_t4_min: 69
	F26_('S4', 'S5')_t4_max: 55787
	F12_('E5', 'S5')_t5_min: 127085
	F27_('E3', 'S3')_gc: False
	F25_('S2', 'S3')_t4_max: 127489
	F10_('E3', 'S3')_rr: 0
	F11_('S2', 'S3')_rr: 8
	F18_('E3', 'S3')_rr: 0
	F21_('E4', 'S4')_t3_max: -123
	F16_('S3', 'S4')_t4_max: 1083
	F6_('E3', 'S3')_t4_min: 126072
	F10_('E3', 'S3')_gc: False
	F18_('S3', 'S4')_t3_max: 6413
	('E2', 'S2')_gcl_cycle: 1
	F22_('E4', 'S4')_rr: 0
	F8_('S2', 'S3')_gc: False
	F18_('S3', 'S4')_t4_max: 6413
	F28_('S2', 'S1')_t4_max: 251
	F11_('E2', 'S2')_t4_max: 3566
	('S2', 'E2')_gcl_cycle: 1
	F24_('S4', 'S3')_t4_min: 137
	F10_('S4', 'E4')_rr: 1
	F16_('S4', 'E4')_gc: False
	F10_('S4', 'E4')_t5_max: 127466
	F14_('S2', 'S3')_rr: 1
	F16_('S4', 'E4')_rr: 0
	F11_('S2', 'S3')_t4_max: 3614
	F6_('S3', 'S4')_gc: False
	F7_('S3', 'S2')_t3_max: 101520
	F2_('S4', 'S3')_gc: False
	F11_('S2', 'S3')_t4_min: 3614
	F16_('S3', 'S4')_t3_max: 1073
	F6_('E3', 'S3')_t3_max: 125948
	F10_('S4', 'E4')_gc: True
	F16_('S3', 'S4')_gc: True
	F23_('S2', 'S3')_rr: 8
	F14_('S4', 'S5')_gc: False
	F11_('S3', 'S4')_rr: 0
	F9_('S2', 'E2')_tb: 31381
	('S3', 'E3')_gcl_cycle: 4000
	F28_('S2', 'S1')_gc: False
	F7_('E3', 'S3')_gc: False
	F1_('S4', 'S3')_t4_min: 39265
	F22_('E4', 'S4')_gc: False
	F13_('S1', 'S2')_t4_min: 371
	F24_('S5', 'S4')_t4_min: 69
	F14_('S5', 'E5')_gc: False
	F4_('S2', 'S3')_t4_max: 6984
	F9_('S3', 'S2')_t4_max: 31323
	F14_('S2', 'S3')_t3_max: 28492
	F22_jitter: 258
	F14_('S2', 'S3')_t3_min: 28487
	F21_('S4', 'S5')_tb: 69
	F14_('S4', 'S5')_t3_max: 28690
	F21_('S5', 'E5')_t5_min: 203
	F17_('E4', 'S4')_rr: 0
	F23_('S1', 'S2')_t3_max: 2233
	F25_('S3', 'S4')_rr: 0
	F29_('S5', 'E5')_rr: 0
	F8_('S5', 'E5')_gc: False
	F28_jitter: 0
	F5_('E5', 'S5')_t3_max: 127005
	F15_('S3', 'S2')_rr: 4
	F18_('S3', 'S4')_rr: 4
	F21_('S4', 'S5')_t3_max: 74
	F15_('S1', 'E1')_t4_min: 7731
	F8_('S4', 'S5')_t4_min: 50811
	F4_('E2', 'S2')_gc: False
	F3_('E5', 'S5')_rr: 0
	F16_('S3', 'S4')_rr: 16
	F2_('E5', 'S5')_gc: False
	F17_('S2', 'S1')_t5_max: 1684
	F26_('S1', 'S2')_t3_max: 55030
	F7_('E3', 'S3')_t3_max: 101344
	F13_('E1', 'S1')_gc: False
	F3_('S2', 'S1')_rr: 0
	F15_('S1', 'E1')_rr: 0
	F10_('S4', 'E4')_t3_min: 127245
	F3_('S1', 'E1')_gc: False
	F6_('S4', 'E4')_rr: 0
	F27_('S3', 'S4')_t3_max: 591
	F24_('E5', 'S5')_gc: False
	F5_('S5', 'S4')_t4_max: 127362
	F17_('S4', 'S3')_t4_max: 1429
	F18_('S4', 'S5')_t5_min: 6592
	F6_('S4', 'E4')_gc: False
	F10_('S3', 'S4')_t3_max: 127161
	F23_('S1', 'S2')_t4_min: 2233
	F27_('S3', 'S4')_gc: False
	F17_('S4', 'S3')_t3_max: 1429
	F17_('S1', 'E1')_t4_min: 1691
	F3_('E5', 'S5')_t4_min: 1225
	F1_('E4', 'S4')_t5_max: 39263
	F9_('S3', 'S2')_rr: 1
	F23_('S2', 'S3')_t4_max: 2334
	F2_('S4', 'S3')_t4_min: 58542
	F13_('S3', 'S4')_t5_min: 585
	F20_('S1', 'E1')_t5_min: 30577
	F12_('S3', 'E3')_rr: 0
	F25_('E2', 'S2')_t4_min: 127342
	F13_('S3', 'S4')_rr: 16
	F0_('E4', 'S4')_t3_max: 31652
	F18_('S5', 'E5')_rr: 0
	F0_('S4', 'S3')_t3_max: 31878
	F25_('E2', 'S2')_t3_max: 127218
	F27_('E3', 'S3')_rr: 0
	F24_('S4', 'S3')_gc: True
	F18_('S4', 'S5')_t4_min: 6518
	F26_('E1', 'S1')_rr: 0
	F19_('S2', 'E2')_gc: False
	F9_('S2', 'E2')_t4_min: 31381
	F24_('S3', 'E3')_gc: False
	F19_('E1', 'S1')_t4_min: 126965
	F27_('S5', 'E5')_t5_min: 776
	F26_('S3', 'S4')_t4_max: 55576
	F0_('S3', 'E3')_rr: 0
	F18_('E3', 'S3')_t5_max: 6406
	F17_('S1', 'E1')_rr: 1
	F17_('S3', 'S2')_t4_max: 1475
	F9_('S4', 'S3')_t4_max: 31137
	F14_('E2', 'S2')_gc: False
	F29_queue_index: 0
	F19_('S1', 'S2')_t4_max: 127147
	F29_('S3', 'S4')_gc: False
	F22_('S4', 'S5')_t4_max: 1269
	F29_('S4', 'S5')_rr: 0
	F27_('E3', 'S3')_t3_max: 398
	F22_('S4', 'S5')_gc: False
	F9_('E4', 'S4')_t5_max: 31130
	F9_('S4', 'S3')_gc: True
	F8_jitter: 516
	F2_('S3', 'E3')_rr: 0
	F17_('S4', 'S3')_rr: 32
	F23_queue_index: 0
	('E1', 'S1')_gcl_cycle: 1
	F26_('S3', 'S4')_rr: 0
	F8_('E2', 'S2')_t3_max: 50369
	F18_jitter: 129
	F13_('S2', 'S3')_rr: 16
	F25_('S5', 'E5')_t3_max: 127806
	F3_('S2', 'S1')_gc: False
	F11_('S3', 'S4')_gc: False
	F26_('S3', 'S4')_t4_min: 55189
	('S1', 'S2')_gcl_cycle: 128000
	F11_('E2', 'S2')_gc: False
	F25_('S2', 'S3')_t5_min: 127376
	F5_('E5', 'S5')_tb: 127129
	F29_('S3', 'S4')_t5_min: 126695
	F11_('S2', 'S3')_gc: True
	F8_('S2', 'S3')_rr: 0
	F11_('S3', 'S4')_t4_min: 3657
	F13_('S3', 'S4')_t4_max: 568
	F25_('S4', 'S5')_rr: 0
	F7_('S3', 'S2')_t4_min: 101515
	F29_('E1', 'S1')_rr: 0
	F17_('S1', 'E1')_gc: True
	F17_('S4', 'S3')_gc: True
	F21_jitter: 258
	F19_('E1', 'S1')_gc: False
	F16_('E3', 'S3')_tb: 1051
	F8_('S4', 'S5')_gc: False
	F22_('E4', 'S4')_t3_max: 992
	F28_('S2', 'S1')_tb: 122
	F5_('S5', 'S4')_rr: 1
	F23_('S3', 'E3')_gc: True
	F14_('E2', 'S2')_rr: 0
	F23_('S1', 'S2')_gc: True
	F2_('S5', 'S4')_t4_min: 58509
	F24_('S5', 'S4')_t3_max: 69
	F24_('S3', 'E3')_t4_min: 200
	F29_('E1', 'S1')_gc: False
	F19_('S1', 'S2')_t4_min: 127018
	F25_('S2', 'S3')_rr: 0
	F11_queue_index: 0
	F28_('S1', 'E1')_gc: True
	F12_('S5', 'S4')_t4_min: 127092
	F21_('S4', 'S5')_gc: False
	F5_jitter: 129
	F4_('S3', 'E3')_t3_max: 7081
	F10_('S4', 'E4')_t4_max: 127379
	F28_('S1', 'E1')_t4_min: 377
	F10_('E3', 'S3')_t3_max: 126943
	F9_('S3', 'S2')_gc: True
	F3_('S4', 'S3')_t4_min: 1255
	F4_('S2', 'S3')_t4_min: 6855
	F19_queue_index: 0
	F23_('S2', 'S3')_gc: True
	F26_('S3', 'S4')_gc: False
	F15_queue_index: 0
	F26_jitter: 645
	F29_('S3', 'S4')_t4_max: 126854
	F9_('S2', 'E2')_rr: 0
	F25_('S4', 'S5')_t4_min: 127396
	('S1', 'E1')_gcl_cycle: 2000
	F2_('S4', 'S3')_rr: 0
	F14_('S5', 'E5')_t4_min: 28779
	F23_('E1', 'S1')_gc: False
	F4_('S2', 'S3')_gc: False
	F1_('S3', 'E3')_t4_min: 39296
	F2_('S5', 'S4')_t3_max: 58509
	F19_('S1', 'S2')_rr: 0
	F26_('S5', 'E5')_t4_min: 55353
	F12_queue_index: 0
	F4_jitter: 258
	F20_queue_index: 0
	F3_('S4', 'S3')_gc: True
	F16_('S3', 'S4')_t3_min: 1068
	F16_('S3', 'S4')_t4_min: 1083
	F18_('S4', 'S5')_t4_max: 6518
	F28_('S2', 'S1')_t3_max: 127
	F2_('S5', 'S4')_rr: 2
	F25_('E2', 'S2')_rr: 0
	F18_('S5', 'E5')_gc: False
	F27_('S5', 'E5')_gc: False
	F19_('S1', 'S2')_gc: False
	F15_('S3', 'S2')_t4_min: 7707
	F20_jitter: 387
	F12_('S5', 'S4')_gc: True
	F3_('S5', 'S4')_rr: 16
	F10_jitter: 0
	F10_('S3', 'S4')_t4_max: 127285
	F15_('S3', 'S2')_t3_max: 7707
	F14_('S3', 'S4')_rr: 1
	F14_queue_index: 0
	F28_('S1', 'E1')_t5_max: 496
	F26_('S5', 'E5')_gc: False
	F8_('S4', 'S5')_t4_max: 51198
	F6_('S4', 'E4')_t3_max: 126378
	F19_('S2', 'E2')_rr: 0
	F1_('S3', 'E3')_gc: False
	F20_('S3', 'S2')_t3_max: 30338
	F5_('S4', 'E4')_gc: False
	F0_jitter: 129
	F6_('S3', 'S4')_rr: 0
	F26_('S1', 'S2')_rr: 0
	F10_('S4', 'E4')_t4_min: 127379
	F12_('E5', 'S5')_gc: False
	F14_('S3', 'S4')_t3_max: 28591
	F19_('E1', 'S1')_t4_max: 126965
	F8_('S3', 'S4')_t5_max: 51067
	F26_('E1', 'S1')_gc: False
	F28_('S1', 'E1')_rr: 1
	F8_('S5', 'E5')_rr: 0
	F23_('E1', 'S1')_t3_max: 2047
	F29_('S4', 'S5')_gc: False
	F11_('S4', 'E4')_gc: False
	F14_('S2', 'S3')_t4_min: 28492
	F29_jitter: 516
	F23_('S1', 'S2')_rr: 32
	F20_('E3', 'S3')_t3_max: 30127
	F24_('S4', 'S3')_t5_min: 198
	F22_('E4', 'S4')_t4_min: 1116
	F25_('S4', 'S5')_gc: False
	F6_jitter: 258
	F20_('S3', 'S2')_t5_min: 30413
	F15_('E3', 'S3')_t3_max: 7566
	F18_queue_index: 0
	F11_('E2', 'S2')_rr: 0
	F29_('S1', 'S2')_t4_max: 126394
	F13_('S1', 'S2')_rr: 64
	F5_('E5', 'S5')_t5_min: 127232
	F9_jitter: 129
	F11_('S3', 'S4')_t4_max: 3786
	F3_queue_index: 0
	F9_('S2', 'E2')_gc: False
	F20_('S2', 'S1')_t4_max: 30673
	F17_('E4', 'S4')_t3_max: 1259
	F17_('E4', 'S4')_t4_min: 1383
	F6_('S3', 'S4')_t4_max: 126287
	F15_('S2', 'S1')_t4_min: 7719
	F8_('S3', 'S4')_t4_max: 50963
	F29_('S3', 'S4')_t4_min: 126596
	F21_('E4', 'S4')_rr: 0
	F17_('S2', 'S1')_gc: False
	F0_queue_index: 0
	F4_('E2', 'S2')_t3_max: 6639
	F20_('S3', 'S2')_rr: 0
	F16_queue_index: 0
	F28_queue_index: 0
	F20_('S1', 'E1')_gc: False
	F11_('S2', 'S3')_t3_max: 3614
	F15_('S2', 'S1')_t4_max: 7848
	F12_('S5', 'S4')_rr: 1
	F21_('S4', 'S5')_t5_max: 264
	F29_('S5', 'E5')_t4_min: 126798
	F1_('E4', 'S4')_gc: False
	F12_('S5', 'S4')_t4_max: 127092
	F5_('S4', 'E4')_rr: 0
	F12_('E5', 'S5')_rr: 0
	F29_('S1', 'S2')_t3_min: 126389
	F7_('E3', 'S3')_rr: 0
	F13_('E1', 'S1')_rr: 0
	F20_('S2', 'S1')_gc: False
	F12_('E5', 'S5')_t3_max: 126861
	F26_('S2', 'S3')_gc: False
	F14_('S4', 'S5')_t4_max: 28814
	F7_('S2', 'E2')_t4_min: 101562
	F22_('S4', 'S5')_t4_min: 1140
	F25_('S4', 'S5')_t4_max: 127783
	F2_('S4', 'S3')_tb: 58542
	F26_('S5', 'E5')_rr: 0
	F8_('S2', 'S3')_t5_max: 50832
	F21_('S5', 'E5')_tb: 137
	F4_('S3', 'E3')_t4_max: 7205
	('E5', 'S5')_gcl_cycle: 1
	F9_('E4', 'S4')_t4_max: 31074
	F16_('S4', 'E4')_t4_max: 1229
	F9_('S4', 'S3')_rr: 2
	F1_('S3', 'E3')_rr: 0
	('E3', 'S3')_gcl_cycle: 1
	F20_('E3', 'S3')_t5_min: 30331
	F25_('S5', 'E5')_t4_min: 127414
	F23_('S3', 'E3')_rr: 1
	F20_('S1', 'E1')_t4_min: 30497
	F24_jitter: 129
	F18_('E3', 'S3')_gc: False
	F26_('S4', 'S5')_rr: 0
	F15_('E3', 'S3')_rr: 0
	F9_('S4', 'S3')_t4_min: 31137
	F8_('S2', 'S3')_t3_max: 50604
	F5_('S5', 'S4')_t4_min: 127362
	F18_('S4', 'S5')_gc: True
	F20_('S3', 'S2')_t4_max: 30462
	F3_('E5', 'S5')_t3_max: 1101
	F25_('S2', 'S3')_t3_max: 127365
	F27_('S4', 'S5')_t4_min: 650
	F7_jitter: 258
	F2_('S5', 'S4')_t3_min: 58504
	F13_('S2', 'S3')_t3_max: 395
	F2_queue_index: 0
	F11_('S3', 'S4')_t3_max: 3662
	F18_('S3', 'S4')_t4_min: 6413
	('S2', 'S1')_gcl_cycle: 1
	F5_('S4', 'E4')_t4_min: 127467
	F23_('S1', 'S2')_t4_max: 2233
	F24_('S5', 'S4')_t3_min: 64
	F13_('E1', 'S1')_t3_max: 146
	F12_('S3', 'E3')_gc: False
	F9_('S4', 'S3')_t3_max: 31137
	F27_('S4', 'S5')_t4_max: 908
	F13_queue_index: 0
	F19_('S1', 'S2')_t3_max: 127023
	F29_('S4', 'S5')_t4_min: 126697
	F13_('S3', 'S4')_gc: True
	F15_('E3', 'S3')_tb: 7690
	F25_('S3', 'S4')_t4_max: 127636
	F11_('S3', 'S4')_t5_min: 3698
	F25_('S2', 'S3')_tb: 127360
	F3_('S3', 'S2')_rr: 4
	F8_('S4', 'S5')_rr: 0
	F11_jitter: 258
	F3_('S2', 'S1')_t4_min: 1280
	F17_('S3', 'S2')_gc: True
	F26_('S4', 'S5')_gc: False
	F8_('E2', 'S2')_t3_min: 50493
	F7_('S3', 'S2')_t4_max: 101644
	F26_('S2', 'S3')_rr: 0
	F6_('E3', 'S3')_t5_min: 126156
	F17_('S2', 'S1')_t4_max: 1645
	F3_('E5', 'S5')_gc: False
	F12_('S4', 'S3')_gc: False
	F21_('S5', 'E5')_gc: False
	F14_('S3', 'S4')_t4_max: 28591
	F27_jitter: 387
	F15_('E3', 'S3')_t5_min: 7700
	F11_('E2', 'S2')_t3_max: 3442
	F1_('S4', 'S3')_t4_max: 39394
	F25_jitter: 516
	F10_('S3', 'S4')_gc: False
	F24_('S3', 'E3')_rr: 0
	F4_('S2', 'S3')_t3_max: 6860
	F22_('S4', 'S5')_t3_max: 1145
	F21_queue_index: 0
	F13_('S4', 'E4')_gc: False
	F26_queue_index: 0
	F25_('E2', 'S2')_t3_min: 127342
	F9_('E4', 'S4')_gc: False
	F3_('S5', 'S4')_gc: True
	F28_('E2', 'S2')_gc: False
	F3_('S5', 'S4')_t4_min: 1240
	F2_('S4', 'S3')_t4_max: 58671
	F1_('S4', 'S3')_t3_max: 39270
	F4_queue_index: 0
	F17_('S4', 'S3')_t4_min: 1429
	F26_('S4', 'S5')_t4_min: 55271
	F0_('S4', 'S3')_gc: True
	F16_('E3', 'S3')_gc: False
	F21_('S4', 'S5')_t4_max: 198
	F1_('E4', 'S4')_rr: 0
	F19_('E1', 'S1')_rr: 0
	F22_('S5', 'E5')_rr: 0
	F14_('S3', 'S4')_gc: True
	F13_('S4', 'E4')_rr: 0
	F25_('S5', 'E5')_rr: 0
	F20_('E3', 'S3')_rr: 0
	F21_('S5', 'E5')_rr: 0
	F28_('S2', 'S1')_rr: 0
	F6_('E3', 'S3')_rr: 0
	F17_('S3', 'S2')_rr: 16
	F14_jitter: 258
	F13_('S2', 'S3')_t4_max: 469
	F17_('E4', 'S4')_gc: False
	F15_('S2', 'S1')_gc: False
	F13_('S1', 'S2')_gc: True
	F29_('S1', 'S2')_t3_max: 126394
	F25_('S4', 'S5')_t5_max: 127799
	F10_queue_index: 0
	F29_('S1', 'S2')_t4_min: 126394
	F3_('S4', 'S3')_t4_max: 1255
	F23_('E1', 'S1')_rr: 0
	F29_('S2', 'S3')_t4_max: 126624
	F4_('S3', 'E3')_gc: False
	F27_('S5', 'E5')_rr: 0
	F20_('S3', 'S2')_gc: False
	F8_('S3', 'S4')_t4_min: 50705
	F7_('S3', 'S2')_rr: 0
	F5_('S5', 'S4')_gc: True
	F14_('S4', 'S5')_t4_min: 28685
	('E4', 'S4')_gcl_cycle: 1
	F25_('E2', 'S2')_gc: False
	F26_('S4', 'S5')_t3_min: 55271
	F25_('S5', 'E5')_t3_min: 127414
	F17_('S2', 'S1')_rr: 0
	('S4', 'S5')_gcl_cycle: 8000
	F23_('S3', 'E3')_t4_min: 2519
	F20_('S1', 'E1')_t5_max: 30964
	F14_('S4', 'S5')_rr: 0
	F27_('S3', 'S4')_rr: 0
	('S3', 'S4')_gcl_cycle: 32000
	F3_jitter: 258
	F27_queue_index: 0
	F26_('S1', 'S2')_gc: False
	('S5', 'S4')_gcl_cycle: 128000
	F20_('E3', 'S3')_gc: False
	F21_('S5', 'E5')_t4_min: 137
	F27_('S3', 'S4')_t3_min: 586
	F2_('S3', 'E3')_t4_min: 58575
	F17_jitter: 0
	F7_('S2', 'E2')_rr: 0
	F0_('S4', 'S3')_rr: 1
	F29_('E1', 'S1')_t3_max: 126164
	F25_('E2', 'S2')_tb: 127342
	F4_('S2', 'S3')_rr: 0
	F9_queue_index: 0
	F26_('S1', 'S2')_t4_min: 55025
	F11_('S4', 'E4')_t4_min: 3700
	('S3', 'S4')_gcl_length: 74
	F12_jitter: 258
	F13_('S2', 'S3')_gc: True
	F7_('S2', 'E2')_gc: False
	F17_queue_index: 0
	F0_('S3', 'E3')_gc: False
	F3_('S5', 'S4')_t4_max: 1240
	F5_('S5', 'S4')_t3_max: 127239
	F6_('S4', 'E4')_t4_min: 126244
	F0_('S3', 'E3')_t3_max: 31980
	F14_('S3', 'S4')_t4_min: 28591
	F21_('E4', 'S4')_gc: False
	F8_queue_index: 0
	F14_('S5', 'E5')_t3_max: 28913
	F22_('S4', 'S5')_rr: 0
	F3_('S3', 'S2')_gc: True
	F15_('S1', 'E1')_gc: False
	F28_('E2', 'S2')_t4_max: 1
	F24_('E5', 'S5')_rr: 0
	F29_('S5', 'E5')_gc: False
	F23_('S3', 'E3')_t5_max: 2574
	F20_('S3', 'S2')_t4_min: 30333
	F4_('E2', 'S2')_t4_min: 6763
	F3_('S1', 'E1')_rr: 0
	F16_('S4', 'E4')_t3_max: 1105
	F8_('S3', 'S4')_rr: 0
	F18_('E3', 'S3')_t3_max: 6208
	F20_('S2', 'S1')_rr: 0
	F0_('E4', 'S4')_gc: False
	F14_('S2', 'S3')_t4_max: 28492
	F12_('S4', 'S3')_rr: 0
	('S3', 'S2')_gcl_cycle: 32000
	F12_('E5', 'S5')_t5_max: 127085
	F25_('S3', 'S4')_gc: False
	F13_('S2', 'S3')_tb: 469
	F24_('S5', 'S4')_rr: 64
	F23_jitter: 0
	F15_('S3', 'S2')_gc: True
	F26_('S2', 'S3')_t4_max: 55365
	F2_('E5', 'S5')_t3_max: 58347
	F18_('S4', 'S5')_rr: 1
	F16_('S4', 'E4')_t4_min: 1100
	('S5', 'E5')_gcl_cycle: 1
	F28_('E2', 'S2')_rr: 0
	F27_('S4', 'S5')_rr: 0
	F6_('E3', 'S3')_gc: False
	F21_('S4', 'S5')_rr: 0
	F1_queue_index: 0
	F13_('S2', 'S3')_t4_min: 469
	F6_('S3', 'S4')_t3_max: 126163
	F8_('E2', 'S2')_rr: 0
	F2_('S3', 'E3')_gc: False
	F19_jitter: 258
	F2_jitter: 258
	F3_('S2', 'S1')_t4_max: 1409
	F5_('E5', 'S5')_rr: 0
	F3_('S3', 'S2')_t4_max: 1270
	F0_('S3', 'E3')_t4_min: 31975
	F12_('S3', 'E3')_t4_min: 127296
	F16_jitter: 129
	F3_('S3', 'S2')_t4_min: 1270
	F24_('S5', 'S4')_gc: True
	F0_('S4', 'S3')_t4_min: 31878
	F26_('S1', 'S2')_t4_max: 55154
	F16_('E3', 'S3')_rr: 0
	F4_('S3', 'E3')_rr: 0
	F4_('E2', 'S2')_rr: 0
	F13_('S1', 'S2')_t3_max: 294
	F13_('S1', 'S2')_t4_max: 371
	F17_('S3', 'S2')_t4_min: 1475
	F18_('S3', 'S4')_gc: True
	F27_('S5', 'E5')_t4_min: 714
	F8_('S2', 'S3')_t4_min: 50599
	F27_('S3', 'S4')_t4_max: 715
	('S4', 'E4')_gcl_cycle: 128000
	F28_('E2', 'S2')_t3_max: -123
	F29_('S3', 'S4')_rr: 0
	F12_('S4', 'S3')_t4_max: 127323
	F26_('S3', 'S4')_t3_max: 55452
	F17_('S4', 'S3')_tb: 1429
	F9_('E4', 'S4')_t3_max: 30950
	F6_('S3', 'S4')_t4_min: 126158
	F24_queue_index: 0
	F3_('S4', 'S3')_rr: 8
	F27_('S4', 'S5')_gc: False
	F15_('E3', 'S3')_gc: False
	F8_('S3', 'S4')_gc: False
	F17_('S2', 'S1')_t3_max: 1521
	F19_('S1', 'S2')_tb: 127018
	F1_('S4', 'S3')_t5_min: 39294
	F23_('S3', 'E3')_t4_max: 2519
	F3_('S4', 'S3')_tb: 1255
	F24_('E5', 'S5')_t5_max: 62
	F14_('S5', 'E5')_t5_min: 28871
	F13_('S2', 'S3')_t3_min: 390
	F21_('S5', 'E5')_t5_max: 461
	F25_('S4', 'S5')_tb: 127396
	F23_('E1', 'S1')_t3_min: 2171
	F23_('E1', 'S1')_t5_max: 2226
	F23_('S3', 'E3')_tb: 2519
	F14_('S2', 'S3')_tb: 28492
	F29_('S4', 'S5')_t3_max: 126960
	F23_('S3', 'E3')_t5_min: 2574
	F22_('S4', 'S5')_t3_min: 1140
	F25_('S5', 'E5')_t5_max: 127946
	F22_('S5', 'E5')_t4_max: 1422
	F20_('E3', 'S3')_t4_min: 30251
	F28_('S1', 'E1')_t4_max: 377
	F17_('E4', 'S4')_t5_min: 1422
	F26_('E1', 'S1')_t4_min: 54943
	F13_('S4', 'E4')_t5_max: 733
	F13_('S3', 'S4')_tb: 568
	F8_('S3', 'S4')_t3_min: 50705
	F9_('S3', 'S2')_t3_min: 31195
	F16_('S3', 'S4')_t5_min: 1098
	F3_('S1', 'E1')_tb: 1290
	F27_('S3', 'S4')_t5_min: 648
	F3_('S5', 'S4')_tb: 1240
	F26_('S4', 'S5')_t3_max: 55663
	F3_('S1', 'E1')_t3_max: 1424
	F25_('E2', 'S2')_t5_min: 127358
	F14_('E2', 'S2')_t5_min: 28485
	F1_('S3', 'E3')_t3_max: 39430
	F20_('S3', 'S2')_tb: 30333
	F24_('S5', 'S4')_tb: 69
	F9_('E4', 'S4')_t3_min: 31074
	F13_('S4', 'E4')_tb: 587
	F8_('S5', 'E5')_t4_max: 51433
	F28_('E2', 'S2')_tb: 1
	F14_('S5', 'E5')_tb: 28779
	F19_('S2', 'E2')_t5_min: 127122
	F15_('S3', 'S2')_t5_max: 7717
	F8_('S4', 'S5')_t5_max: 51302
	F0_('S3', 'E3')_t3_min: 31975
	F14_('S4', 'S5')_t5_min: 28777
	F29_('S5', 'E5')_t4_max: 127314
	F15_('S2', 'S1')_t3_max: 7724
	F14_('S4', 'S5')_t5_max: 28906
	F14_('S4', 'S5')_tb: 28685
	F5_('E5', 'S5')_t4_min: 127129
	F20_('S1', 'E1')_tb: 30497
	F28_('S2', 'S1')_t5_min: 241
	F21_('E4', 'S4')_t3_min: 1
	F5_('E5', 'S5')_t4_max: 127129
	('S5', 'E5')_gcl_length: 0
	F17_('S4', 'S3')_t3_min: 1424
	F14_('E2', 'S2')_t4_min: 28393
	F20_('S1', 'E1')_t4_max: 30884
	F6_('E3', 'S3')_t3_min: 126072
	F27_('S5', 'E5')_t3_min: 714
	F25_('S3', 'S4')_t3_min: 127378
	F24_('S3', 'E3')_t5_max: 390
	F3_('S3', 'S2')_t5_min: 1278
	F10_('E3', 'S3')_t5_min: 127154
	F14_('S2', 'S3')_t5_min: 28584
	F8_('S4', 'S5')_t5_min: 50915
	F16_('E3', 'S3')_t3_min: 1051
	F29_('S2', 'S3')_t5_max: 126723
	('S1', 'S2')_gcl_length: 194
	('S1', 'E1')_gcl_length: 4
	F9_('E4', 'S4')_tb: 31074
	F14_('S5', 'E5')_t4_max: 29037
	F21_('E4', 'S4')_t4_min: 1
	F7_('S3', 'S2')_t3_min: 101515
	F10_('E3', 'S3')_t3_min: 127067
	F20_('E3', 'S3')_t3_min: 30251
	F3_('S4', 'S3')_t3_min: 1250
	F20_('S3', 'S2')_t3_min: 30333
	F3_('E5', 'S5')_t3_min: 1225
	F7_('S2', 'E2')_t4_max: 101820
	F18_('E3', 'S3')_t4_max: 6332
	F23_('S2', 'S3')_t3_min: 2290
	F11_('S3', 'S4')_tb: 3657
	F16_('S4', 'E4')_t5_min: 1115
	F1_('E4', 'S4')_t3_min: 39234
	F3_('E5', 'S5')_t5_min: 1233
	F29_('S3', 'S4')_t3_min: 126596
	F18_('S3', 'S4')_t5_max: 6487
	F25_('S3', 'S4')_t3_max: 127512
	F12_('S4', 'S3')_t3_max: 127199
	F0_('S3', 'E3')_t5_min: 32070
	F17_('S2', 'S1')_tb: 1516
	F8_('S5', 'E5')_t5_max: 51537
	F15_('E3', 'S3')_t4_min: 7690
	F28_('E2', 'S2')_t5_max: 120
	F26_('S2', 'S3')_t3_max: 55241
	F14_('S3', 'S4')_t5_min: 28683
	F8_('S5', 'E5')_t5_min: 51021
	F26_('S3', 'S4')_t3_min: 55189
	F17_('E4', 'S4')_t5_max: 1422
	F15_('S2', 'S1')_t3_min: 7719
	F7_('E3', 'S3')_t5_max: 101513
	F2_('S5', 'S4')_t5_max: 58540
	F7_('S3', 'S2')_t5_min: 101560
	F12_('S3', 'E3')_t3_min: 127296
	F11_('E2', 'S2')_t4_min: 3566
	F20_('E3', 'S3')_tb: 30251
	F16_('S4', 'E4')_t3_min: 1100
	F23_('S2', 'S3')_t5_max: 2389
	F2_('E5', 'S5')_t5_max: 58502
	F23_('S2', 'S3')_t3_max: 2295
	F19_('S1', 'S2')_t5_max: 127198
	F16_('E3', 'S3')_t5_max: 1066
	F13_('E1', 'S1')_t5_max: 287
	F2_('S4', 'S3')_t5_max: 58702
	F10_('S4', 'E4')_tb: 127379
	F0_('E4', 'S4')_t4_max: 31776
	F11_('S4', 'E4')_tb: 3700
	F13_('S1', 'S2')_tb: 371
	('S2', 'S3')_gcl_length: 66
	F5_('S5', 'S4')_t5_max: 127465
	F23_('E1', 'S1')_t5_min: 2226
	F24_('S4', 'S3')_tb: 137
	F20_('S2', 'S1')_t5_min: 30495
	F4_('S2', 'S3')_t5_min: 6945
	F18_('S5', 'E5')_t3_min: 6594
	F13_('E1', 'S1')_t4_max: 270
	F9_('S4', 'S3')_t5_min: 31193
	F29_('S4', 'S5')_t5_max: 127183
	F18_('S5', 'E5')_tb: 6594
	F17_('S1', 'E1')_tb: 1691
	F18_('E3', 'S3')_tb: 6332
	F8_('E2', 'S2')_t4_max: 50493
	F1_('S4', 'S3')_t3_min: 39265
	F22_('E4', 'S4')_t5_max: 1138
	F12_('S4', 'S3')_t3_min: 127194
	F9_('E4', 'S4')_t4_min: 31074
	F3_('S1', 'E1')_t4_max: 1548
	F7_('S3', 'S2')_t5_max: 101689
	F8_('S4', 'S5')_t3_min: 50811
	F0_('S4', 'S3')_t3_min: 31873
	F0_('S3', 'E3')_tb: 31975
	F18_('S5', 'E5')_t4_max: 6723
	F26_('S5', 'E5')_t4_max: 55998
	F2_('S3', 'E3')_t3_min: 58575
	F15_('S2', 'S1')_tb: 7719
	F7_('S2', 'E2')_t3_min: 101562
	F2_('S5', 'S4')_tb: 58509
	F26_('S5', 'E5')_t3_min: 55353
	F29_('S4', 'S5')_t3_min: 126697
	F6_('S4', 'E4')_t4_max: 126502
	F15_('E3', 'S3')_t3_min: 7690
	('S2', 'S1')_gcl_length: 0
	F15_('S3', 'S2')_tb: 7707
	F4_('S3', 'E3')_tb: 6947
	F6_('E3', 'S3')_t5_max: 126156
	F29_('S3', 'S4')_tb: 126596
	F3_('S3', 'S2')_t5_max: 1278
	F0_('E4', 'S4')_t3_min: 31776
	F29_('S1', 'S2')_t5_max: 126493
	F26_('E1', 'S1')_t5_max: 55023
	F3_('E5', 'S5')_t4_max: 1225
	F22_('E4', 'S4')_t5_min: 1138
	F8_('S2', 'S3')_t5_min: 50703
	F17_('S4', 'S3')_t5_max: 1468
	F9_('S2', 'E2')_t5_max: 31566
	F27_('E3', 'S3')_t5_max: 584
	F22_('S4', 'S5')_t5_max: 1291
	F17_('S3', 'S2')_t3_max: 1475
	F12_('S3', 'E3')_t5_min: 127396
	F6_('S4', 'E4')_t5_min: 126328
	F14_('E2', 'S2')_t4_max: 28393
	F17_('S4', 'S3')_t5_min: 1468
	F10_('S3', 'S4')_t5_min: 127243
	F3_('S1', 'E1')_t5_max: 1556
	F13_('S3', 'S4')_t5_max: 585
	F4_('E2', 'S2')_tb: 6763
	('S3', 'E3')_gcl_length: 2
	F25_('S3', 'S4')_t5_min: 127394
	F24_('S4', 'S3')_t3_min: 132
	F11_('S2', 'S3')_tb: 3614
	F3_('E5', 'S5')_tb: 1225
	F22_('S5', 'E5')_t3_min: 1164
	F13_('S1', 'S2')_t3_min: 289
	F8_('S5', 'E5')_t3_max: 51309
	F28_('S1', 'E1')_t3_max: 377
	F20_('E3', 'S3')_t4_max: 30251
	F14_('S2', 'S3')_t5_max: 28584
	F15_('S2', 'S1')_t5_min: 7729
	F3_('S4', 'S3')_t5_min: 1263
	F13_('E1', 'S1')_t3_min: 270
	F7_('S2', 'E2')_t3_max: 101696
	F16_('E3', 'S3')_t5_min: 1066
	F4_('S3', 'E3')_t5_min: 7037
	F2_('E5', 'S5')_tb: 58471
	F3_('S1', 'E1')_t5_min: 1298
	('E2', 'S2')_gcl_length: 0
	F29_('E1', 'S1')_t5_max: 126387
	F10_('S3', 'S4')_t5_max: 127372
	F4_('S2', 'S3')_t5_max: 7074
	F27_('S4', 'S5')_t3_max: 784
	F1_('E4', 'S4')_t4_max: 39234
	F29_('S1', 'S2')_tb: 126394
	F15_('S3', 'S2')_t3_min: 7702
	F18_('S3', 'S4')_tb: 6413
	F22_('S5', 'E5')_t5_min: 1186
	F28_('S1', 'E1')_tb: 377
	F13_('S3', 'S4')_t3_max: 493
	F8_('S5', 'E5')_t3_min: 50917
	F29_('S1', 'S2')_t5_min: 126493
	F20_('S2', 'S1')_tb: 30415
	F17_('E4', 'S4')_t3_min: 1383
	F29_('S2', 'S3')_t3_max: 126500
	F21_('S4', 'S5')_t5_min: 135
	F2_('E5', 'S5')_t5_min: 58502
	F21_('S5', 'E5')_t3_min: 137
	('S4', 'S5')_gcl_length: 2
	F27_('S3', 'S4')_tb: 586
	F3_('S3', 'S2')_t3_max: 1270
	F3_('S3', 'S2')_tb: 1270
	F28_('S1', 'E1')_t5_min: 496
	F13_('S2', 'S3')_t5_min: 486
	F2_('E5', 'S5')_t4_max: 58471
	F26_('S4', 'S5')_t5_min: 55351
	F26_('S2', 'S3')_t3_min: 55107
	F25_('S2', 'S3')_t3_min: 127360
	F5_('E5', 'S5')_t5_max: 127232
	F26_('S2', 'S3')_t5_max: 55445
	F5_('S4', 'E4')_t4_max: 127596
	F12_('E5', 'S5')_t3_min: 126985
	F13_('S4', 'E4')_t5_min: 604
	F26_('S5', 'E5')_t5_max: 56078
	F2_('S3', 'E3')_t3_max: 58709
	F3_('S3', 'S2')_t3_min: 1265
	F3_('S2', 'S1')_tb: 1280
	F9_('E4', 'S4')_t5_min: 31130
	F24_('E5', 'S5')_t3_min: 1
	F12_('S5', 'S4')_t5_max: 127192
	F11_('E2', 'S2')_t5_min: 3607
	F2_('S4', 'S3')_t3_min: 58542
	F21_('E4', 'S4')_t5_max: 67
	F12_('S4', 'S3')_t5_max: 127423
	F26_('S3', 'S4')_t5_max: 55656
	F15_('E3', 'S3')_t4_max: 7690
	F22_('S4', 'S5')_t5_min: 1162
	F9_('S4', 'S3')_tb: 31137
	F18_('E3', 'S3')_t5_min: 6406
	F9_('S4', 'S3')_t5_max: 31193
	F9_('S4', 'S3')_t3_min: 31132
	F22_('E4', 'S4')_t3_min: 1116
	F2_('E5', 'S5')_t3_min: 58471
	F1_('S3', 'E3')_t3_min: 39296
	F8_('S5', 'E5')_tb: 50917
	F24_('S3', 'E3')_t3_max: 205
	F17_('S1', 'E1')_t5_max: 1730
	F15_('E3', 'S3')_t5_max: 7700
	F10_('E3', 'S3')_t4_max: 127067
	F14_('S4', 'S5')_t3_min: 28685
	F0_('E4', 'S4')_t4_min: 31776
	F20_('S3', 'S2')_t5_max: 30542
	F29_('E1', 'S1')_t4_min: 126288
	F24_('E5', 'S5')_t4_max: 1
	F11_('S3', 'S4')_t3_min: 3657
	('E4', 'S4')_gcl_length: 0
	F11_('S4', 'E4')_t4_max: 3958
	F27_('S4', 'S5')_t5_min: 712
	('S2', 'E2')_gcl_length: 0
	F26_('S3', 'S4')_t5_min: 55269
	F25_('S4', 'S5')_t5_min: 127412
	F17_('S1', 'E1')_t3_min: 1557
	F10_('E3', 'S3')_t4_min: 127067
	F17_('S3', 'S2')_t5_min: 1514
	F12_('S5', 'S4')_t5_min: 127192
	F12_('S3', 'E3')_tb: 127296
	F15_('S1', 'E1')_tb: 7731
	F13_('S4', 'E4')_t4_max: 716
	F6_('S4', 'E4')_t5_max: 126586
	F8_('S2', 'S3')_tb: 50599
	F8_('S2', 'S3')_t3_min: 50599
	F5_('S4', 'E4')_tb: 127467
	F29_('S5', 'E5')_t3_max: 127190
	F16_('S4', 'E4')_t5_max: 1244
	F26_('E1', 'S1')_t5_min: 55023
	F22_('S4', 'S5')_tb: 1140
	F10_('E3', 'S3')_tb: 127067
	F26_('S5', 'E5')_t5_min: 55433
	F25_('S3', 'S4')_t5_max: 127652
	F21_('S4', 'S5')_t3_min: 69
	F13_('S4', 'E4')_t3_min: 587
	F23_('S1', 'S2')_t3_min: 2228
	F27_('S3', 'S4')_t5_max: 777
	F19_('S2', 'E2')_t5_max: 127380
	F0_('E4', 'S4')_tb: 31776
	F19_('E1', 'S1')_tb: 126965
	F6_('S3', 'S4')_tb: 126158
	('E1', 'S1')_gcl_length: 0
	F23_('E1', 'S1')_tb: 2171
	F16_('E3', 'S3')_t4_min: 1051
	F28_('E2', 'S2')_t4_min: 1
	F18_('S5', 'E5')_t5_min: 6668
	F11_('S2', 'S3')_t3_min: 3609
	F3_('S2', 'S1')_t5_max: 1417
	F25_('E2', 'S2')_t5_max: 127358
	F19_('S2', 'E2')_tb: 127071
	F4_('E2', 'S2')_t5_min: 6853
	F28_('S2', 'S1')_t5_max: 370
	F0_('S4', 'S3')_tb: 31878
	F11_('S2', 'S3')_t5_min: 3655
	F18_('S3', 'S4')_t5_min: 6487
	F4_('E2', 'S2')_t5_max: 6853
	F27_('E3', 'S3')_tb: 522
	F8_('E2', 'S2')_t5_max: 50597
	F21_('S5', 'E5')_t3_max: 271
	F24_('E5', 'S5')_tb: 1
	F17_('E4', 'S4')_t4_max: 1383
	F3_('S4', 'S3')_t5_max: 1263
	F18_('S5', 'E5')_t3_max: 6599
	F10_('E3', 'S3')_t5_max: 127154
	F28_('E2', 'S2')_t5_min: 120
	F13_('S2', 'S3')_t5_max: 486
	F17_('S3', 'S2')_tb: 1475
	F25_('S4', 'S5')_t3_min: 127396
	F18_('S4', 'S5')_tb: 6518
	F21_('S5', 'E5')_t4_max: 395
	F5_('S4', 'E4')_t5_min: 127570
	F2_('S3', 'E3')_tb: 58575
	F15_('S1', 'E1')_t4_max: 7989
	F10_('S4', 'E4')_t3_max: 127379
	F9_('S3', 'S2')_t5_min: 31379
	F8_('S3', 'S4')_t3_max: 50839
	F26_('S5', 'E5')_t3_max: 55874
	F23_('S1', 'S2')_tb: 2233
	F2_('E5', 'S5')_t4_min: 58471
	F22_('E4', 'S4')_t4_max: 1116
	F4_('S3', 'E3')_t5_max: 7295
	F29_('S2', 'S3')_tb: 126495
	F25_('S4', 'S5')_t3_max: 127659
	F26_('S2', 'S3')_t5_min: 55187
	F7_('S2', 'E2')_t5_min: 101607
	F20_('S1', 'E1')_t3_max: 30760
	F7_('E3', 'S3')_tb: 101468
	F25_('S3', 'S4')_tb: 127378
	F29_('S4', 'S5')_t5_min: 126796
	F20_('S1', 'E1')_t3_min: 30497
	F17_('S2', 'S1')_t3_min: 1516
	F3_('S4', 'S3')_t3_max: 1255
	F1_('E4', 'S4')_tb: 39234
	F16_('S3', 'S4')_tb: 1083
	F5_('S5', 'S4')_tb: 127362
	F17_('E4', 'S4')_tb: 1383
	F19_('S1', 'S2')_t3_min: 127018
	F6_('S4', 'E4')_tb: 126244
	F5_('E5', 'S5')_t3_min: 127129
	F27_('S5', 'E5')_t4_max: 1101
	F20_('S2', 'S1')_t5_max: 30753
	F9_('S3', 'S2')_t5_max: 31379
	F9_('S2', 'E2')_t5_min: 31437
	F27_('S5', 'E5')_tb: 714
	F26_('E1', 'S1')_tb: 54943
	F27_('E3', 'S3')_t3_min: 522
	F18_('E3', 'S3')_t3_min: 6332
	F29_('S3', 'S4')_t3_max: 126730
	F15_('S1', 'E1')_t5_min: 7741
	F23_('S1', 'S2')_t5_max: 2288
	F14_('E2', 'S2')_t3_min: 28393
	F24_('S4', 'S3')_t3_max: 137
	F16_('E3', 'S3')_t4_max: 1051
	F29_('S5', 'E5')_t3_min: 126798
	F4_('E2', 'S2')_t4_max: 6763
	F27_('E3', 'S3')_t4_max: 522
	F12_('E5', 'S5')_t4_max: 126985
	F10_('S3', 'S4')_t3_min: 127156
	F26_('S1', 'S2')_t3_min: 55025
	F22_('S5', 'E5')_t5_max: 1444
	F21_('E4', 'S4')_t4_max: 1
	F17_('S1', 'E1')_t3_max: 1691
	F15_('S1', 'E1')_t3_max: 7865
	F8_('E2', 'S2')_t4_min: 50493
	F13_('E1', 'S1')_t5_min: 287
	F9_('S2', 'E2')_t4_max: 31510
	F7_('E3', 'S3')_t4_max: 101468
	F5_('S5', 'S4')_t5_min: 127465
	F2_('S3', 'E3')_t4_max: 58833
	F1_('S3', 'E3')_t5_min: 39325
	F2_('S4', 'S3')_t5_min: 58573
	F11_('S4', 'E4')_t3_min: 3700
	F4_('E2', 'S2')_t3_min: 6763
	F9_('S3', 'S2')_tb: 31323
	F15_('S1', 'E1')_t5_max: 7999
	F29_('S4', 'S5')_tb: 126697
	F5_('S4', 'E4')_t3_max: 127472
	F26_('S1', 'S2')_t5_max: 55234
	F2_('S3', 'E3')_t5_max: 58864
	F6_('S3', 'S4')_t5_max: 126371
	F2_('S5', 'S4')_t5_min: 58540
	F12_('S3', 'E3')_t3_max: 127430
	F29_('E1', 'S1')_tb: 126288
	F28_('S1', 'E1')_t3_min: 243
	F12_('E5', 'S5')_t4_min: 126985
	F8_('S3', 'S4')_t5_min: 50809
	('S4', 'E4')_gcl_length: 2
	F29_('S5', 'E5')_t5_max: 127413
	F23_('E1', 'S1')_t4_min: 2171
	F1_('S4', 'S3')_tb: 39265
	F0_('E4', 'S4')_t5_min: 31871
	F29_('S3', 'S4')_t5_max: 126953
	F29_('S2', 'S3')_t3_min: 126495
	F14_('E2', 'S2')_t5_max: 28485
	F11_('S4', 'E4')_t5_min: 3741
	F9_('S2', 'E2')_t3_max: 31386
	F3_('S2', 'S1')_t5_min: 1288
	F26_('S4', 'S5')_t5_max: 55867
	('S3', 'S2')_gcl_length: 50
	F26_('S1', 'S2')_t5_min: 55105
	F5_('S4', 'E4')_t3_min: 127467
	F27_('S4', 'S5')_t3_min: 650
	F17_('S3', 'S2')_t3_min: 1470
	F18_('E3', 'S3')_t4_min: 6332
	F7_('E3', 'S3')_t5_min: 101513
	F19_('S1', 'S2')_t5_min: 127069
	F23_('S1', 'S2')_t5_min: 2288
	F16_('S4', 'E4')_tb: 1100
	F18_('S4', 'S5')_t3_max: 6494
	F6_('S3', 'S4')_t3_min: 126158
	F15_('S2', 'S1')_t5_max: 7858
	F27_('S5', 'E5')_t3_max: 977
	F12_('E5', 'S5')_tb: 126985
	F24_('S5', 'S4')_t5_max: 130
	F25_('S5', 'E5')_tb: 127414
	F13_('E1', 'S1')_t4_min: 270
	('E5', 'S5')_gcl_length: 0
	F3_('S2', 'S1')_t3_min: 1280
	F21_('E4', 'S4')_tb: 1
	F1_('S3', 'E3')_t4_max: 39554
	F14_('S3', 'S4')_t5_max: 28683
	F13_('S3', 'S4')_t3_min: 488
	F5_('S5', 'S4')_t3_min: 127234
	F18_('S4', 'S5')_t5_max: 6592
	F14_('E2', 'S2')_tb: 28393
	F27_('E3', 'S3')_t4_min: 522
	F9_('S3', 'S2')_t3_max: 31200
	F4_('S3', 'E3')_t3_min: 6947
	('E3', 'S3')_gcl_length: 0
	F11_('E2', 'S2')_t3_min: 3566
	F18_('S5', 'E5')_t5_max: 6797
	F0_('S4', 'S3')_t5_max: 31973
	F12_('S3', 'E3')_t5_max: 127654
	F24_('S3', 'E3')_t4_max: 329
	F19_('E1', 'S1')_t5_max: 127016
	F23_('S3', 'E3')_t3_max: 2396
	F11_('E2', 'S2')_t5_max: 3607
	F25_('S2', 'S3')_t5_max: 127505
	F29_('E1', 'S1')_t4_max: 126288
	F7_('E3', 'S3')_t3_min: 101468
	F23_('S2', 'S3')_tb: 2334
	F8_('S3', 'S4')_tb: 50705
	F12_('S5', 'S4')_t3_min: 127087
	F8_('E2', 'S2')_t5_min: 50597
	F1_('S3', 'E3')_tb: 39296
	F12_('S4', 'S3')_t5_min: 127294
	F25_('S5', 'E5')_t4_max: 127930
	F0_('S3', 'E3')_t5_max: 32199
	F11_('S3', 'S4')_t5_max: 3827
	F7_('S2', 'E2')_t5_max: 101865
	F3_('S1', 'E1')_t3_min: 1290
	F19_('E1', 'S1')_t5_min: 127016
	F27_('S5', 'E5')_t5_max: 1163
	F23_('S2', 'S3')_t5_min: 2389
	F14_('S5', 'E5')_t3_min: 28779
	F7_('E3', 'S3')_t4_min: 101468
	('S5', 'S4')_gcl_length: 168
	F8_('S4', 'S5')_t3_max: 51074
	F8_('E2', 'S2')_tb: 50493
	F29_('S5', 'E5')_tb: 126798
	F27_('E3', 'S3')_t5_min: 584
	F25_('E2', 'S2')_t4_max: 127342
	F24_('S4', 'S3')_t5_max: 198
	F0_('S3', 'E3')_t4_max: 32104
	F24_('E5', 'S5')_t5_min: 62
	F19_('S2', 'E2')_t4_max: 127329
	F11_('S4', 'E4')_t3_max: 3834
	F4_('S2', 'S3')_t3_min: 6855
	F6_('E3', 'S3')_t4_max: 126072
	F10_('S4', 'E4')_t5_min: 127466
	F2_('S4', 'S3')_t3_max: 58547
	F18_('S4', 'S5')_t3_min: 6489
	F3_('E5', 'S5')_t5_max: 1233
	F13_('E1', 'S1')_tb: 270
	F12_('S4', 'S3')_tb: 127194
	F12_('S5', 'S4')_tb: 127092
	F23_('E1', 'S1')_t4_max: 2171
	F19_('S2', 'E2')_t3_min: 127071
	F24_('S3', 'E3')_t3_min: 200
	F7_('S3', 'S2')_tb: 101515
	F11_('S2', 'S3')_t5_max: 3655
	F18_('S3', 'S4')_t3_min: 6408
	F3_('S2', 'S1')_t3_max: 1285
	F13_('S1', 'S2')_t5_max: 388
	F29_('E1', 'S1')_t3_min: 126288
	F7_('S2', 'E2')_tb: 101562
	F28_('E2', 'S2')_t3_min: 1
	F21_('E4', 'S4')_t5_min: 67
	F12_('S3', 'E3')_t4_max: 127554
	F0_('E4', 'S4')_t5_max: 31871
	F29_('S5', 'E5')_t5_min: 126897
	F19_('E1', 'S1')_t3_min: 126965
	F25_('S5', 'E5')_t5_min: 127430
	F27_('S4', 'S5')_tb: 650
	F26_('S2', 'S3')_tb: 55107
	F26_('S1', 'S2')_tb: 55025
	F20_('S2', 'S1')_t3_max: 30549
	F1_('S3', 'E3')_t5_max: 39583
	F24_('E5', 'S5')_t4_min: 1
	F20_('S2', 'S1')_t3_min: 30415
	F19_('S2', 'E2')_t3_max: 127205
	F26_('S4', 'S5')_tb: 55271
	F14_('S3', 'S4')_tb: 28591
	F26_('E1', 'S1')_t4_max: 54943
	F6_('S4', 'E4')_t3_min: 126244
	F6_('E3', 'S3')_tb: 126072
	F3_('S5', 'S4')_t3_min: 1235
	F1_('E4', 'S4')_t4_min: 39234
	F17_('S1', 'E1')_t4_max: 1691
	F22_('S5', 'E5')_t3_max: 1298
	('S4', 'S3')_gcl_length: 150
	F10_('S3', 'S4')_tb: 127156
	F29_('S2', 'S3')_t5_min: 126594
	F5_('S4', 'E4')_t5_max: 127699
	F0_('S4', 'S3')_t5_min: 31973
	F17_('S1', 'E1')_t5_min: 1730
	F4_('S2', 'S3')_tb: 6855
	F15_('S3', 'S2')_t5_min: 7717
	F29_('E1', 'S1')_t5_min: 126387
	F24_('S5', 'S4')_t5_min: 130
	F20_('E3', 'S3')_t5_max: 30331
	F27_('S4', 'S5')_t5_max: 970
	F23_('S3', 'E3')_t3_min: 2391
	F3_('S5', 'S4')_t5_max: 1248
	F17_('S2', 'S1')_t5_min: 1555
	F15_('S1', 'E1')_t3_min: 7731
	F14_('S5', 'E5')_t5_max: 29129
	F24_('S3', 'E3')_t5_min: 261
	F26_('S5', 'E5')_tb: 55353
	F24_('S3', 'E3')_tb: 200
	F11_('E2', 'S2')_tb: 3566
	F8_('S4', 'S5')_tb: 50811
	F6_('S3', 'S4')_t5_min: 126242
	F28_('S2', 'S1')_t3_min: 122
	F9_('S2', 'E2')_t3_min: 31381
	F26_('S3', 'S4')_tb: 55189
	F13_('S4', 'E4')_t3_max: 592
	F11_('S4', 'E4')_t5_max: 3999
	F16_('S3', 'S4')_t5_max: 1098
