0. Flow F0 [E2-->E3] with period 8000, payload 905B, e2e delay 8000us, jitter 800us
	('E2', 'S2'), Operation(6684, None, 6757)(6684, 6684)
	('S2', 'S3'), Operation(6759, 6764, 6837)(6764, 6764)
	('S3', 'E3'), Operation(6839, 6844, 6917)(6844, 6844)
1. Flow F1 [E4-->E1] with period 2000, payload 944B, e2e delay 2000us, jitter 200us
	('E4', 'S4'), Operation(483, None, 559)(483, 483)
	('S4', 'S3'), Operation(561, None, 766)(561, 690)
	('S3', 'S2'), Operation(639, 773, 849)(773, 773)
	('S2', 'S1'), Operation(851, 856, 932)(856, 856)
	('S1', 'E1'), Operation(934, 939, 1015)(939, 939)
2. Flow F2 [E4-->E3] with period 2000, payload 461B, e2e delay 2000us, jitter 200us
	('E4', 'S4'), Operation(1750, None, 1787)(1750, 1750)
	('S4', 'S3'), Operation(1789, None, 1955)(1789, 1918)
	('S3', 'E3'), Operation(1828, 1962, 1999)(1962, 1962)
3. Flow F3 [E2-->E3] with period 4000, payload 995B, e2e delay 4000us, jitter 400us
	('E2', 'S2'), Operation(154, None, 234)(154, 154)
	('S2', 'S3'), Operation(236, 241, 321)(241, 241)
	('S3', 'E3'), Operation(323, 328, 408)(328, 328)
4. Flow F4 [E1-->E2] with period 16000, payload 1209B, e2e delay 16000us, jitter 1600us
	('E1', 'S1'), Operation(2099, None, 2196)(2099, 2099)
	('S1', 'S2'), Operation(2198, 2203, 2300)(2203, 2203)
	('S2', 'E2'), Operation(2302, None, 2528)(2302, 2431)
5. Flow F5 [E3-->E2] with period 128000, payload 1411B, e2e delay 128000us, jitter 12800us
	('E3', 'S3'), Operation(126914, None, 127027)(126914, 126914)
	('S3', 'S2'), Operation(127029, None, 127271)(127029, 127158)
	('S2', 'E2'), Operation(127144, None, 127515)(127144, 127402)
6. Flow F6 [E1-->E5] with period 2000, payload 1504B, e2e delay 2000us, jitter 200us
	('E1', 'S1'), Operation(257, None, 378)(257, 257)
	('S1', 'S2'), Operation(380, None, 630)(380, 509)
	('S2', 'S3'), Operation(503, 637, 758)(637, 637)
	('S3', 'S4'), Operation(760, None, 1010)(760, 889)
	('S4', 'S5'), Operation(883, 1017, 1138)(1017, 1017)
	('S5', 'E5'), Operation(1140, None, 1390)(1140, 1269)
7. Flow F7 [E1-->E2] with period 32000, payload 1315B, e2e delay 32000us, jitter 3200us
	('E1', 'S1'), Operation(16523, None, 16629)(16523, 16523)
	('S1', 'S2'), Operation(16631, None, 16866)(16631, 16760)
	('S2', 'E2'), Operation(16739, None, 17103)(16739, 16997)
8. Flow F8 [E5-->E4] with period 4000, payload 1235B, e2e delay 4000us, jitter 400us
	('E5', 'S5'), Operation(154, None, 253)(154, 154)
	('S5', 'S4'), Operation(255, 260, 359)(260, 260)
	('S4', 'E4'), Operation(361, None, 589)(361, 490)
9. Flow F9 [E1-->E5] with period 16000, payload 957B, e2e delay 16000us, jitter 1600us
	('E1', 'S1'), Operation(159, None, 236)(159, 159)
	('S1', 'S2'), Operation(238, 243, 320)(243, 243)
	('S2', 'S3'), Operation(322, 327, 404)(327, 327)
	('S3', 'S4'), Operation(406, 411, 488)(411, 411)
	('S4', 'S5'), Operation(490, None, 696)(490, 619)
	('S5', 'E5'), Operation(569, None, 904)(569, 827)
10. Flow F10 [E5-->E3] with period 16000, payload 773B, e2e delay 16000us, jitter 1600us
	('E5', 'S5'), Operation(14215, None, 14277)(14215, 14215)
	('S5', 'S4'), Operation(14279, 14284, 14346)(14284, 14284)
	('S4', 'S3'), Operation(14348, 14353, 14415)(14353, 14353)
	('S3', 'E3'), Operation(14417, None, 14608)(14417, 14546)
11. Flow F11 [E5-->E4] with period 16000, payload 136B, e2e delay 16000us, jitter 1600us
	('E5', 'S5'), Operation(14334, None, 14345)(14334, 14334)
	('S5', 'S4'), Operation(14347, None, 14487)(14347, 14476)
	('S4', 'E4'), Operation(14360, None, 14629)(14360, 14618)
12. Flow F12 [E1-->E4] with period 4000, payload 219B, e2e delay 4000us, jitter 400us
	('E1', 'S1'), Operation(2931, None, 2949)(2931, 2931)
	('S1', 'S2'), Operation(2951, None, 3098)(2951, 3080)
	('S2', 'S3'), Operation(2971, 3105, 3123)(3105, 3105)
	('S3', 'S4'), Operation(3125, None, 3272)(3125, 3254)
	('S4', 'E4'), Operation(3145, None, 3421)(3145, 3403)
13. Flow F13 [E3-->E5] with period 4000, payload 243B, e2e delay 4000us, jitter 400us
	('E3', 'S3'), Operation(3251, None, 3271)(3251, 3251)
	('S3', 'S4'), Operation(3273, None, 3422)(3273, 3402)
	('S4', 'S5'), Operation(3295, 3429, 3449)(3429, 3429)
	('S5', 'E5'), Operation(3451, None, 3600)(3451, 3580)
14. Flow F14 [E5-->E3] with period 16000, payload 1474B, e2e delay 16000us, jitter 1600us
	('E5', 'S5'), Operation(14848, None, 14966)(14848, 14848)
	('S5', 'S4'), Operation(14968, None, 15215)(14968, 15097)
	('S4', 'S3'), Operation(15088, None, 15464)(15088, 15346)
	('S3', 'E3'), Operation(15208, None, 15713)(15208, 15595)
15. Flow F15 [E2-->E5] with period 16000, payload 127B, e2e delay 16000us, jitter 1600us
	('E2', 'S2'), Operation(15544, None, 15555)(15544, 15544)
	('S2', 'S3'), Operation(15557, 15562, 15573)(15562, 15562)
	('S3', 'S4'), Operation(15575, None, 15715)(15575, 15704)
	('S4', 'S5'), Operation(15588, None, 15857)(15588, 15846)
	('S5', 'E5'), Operation(15601, None, 15999)(15601, 15988)
16. Flow F16 [E4-->E2] with period 128000, payload 260B, e2e delay 128000us, jitter 12800us
	('E4', 'S4'), Operation(113948, None, 113969)(113948, 113948)
	('S4', 'S3'), Operation(113971, 113976, 113997)(113976, 113976)
	('S3', 'S2'), Operation(113999, None, 114149)(113999, 114128)
	('S2', 'E2'), Operation(114022, None, 114301)(114022, 114280)
17. Flow F17 [E4-->E1] with period 2000, payload 546B, e2e delay 2000us, jitter 200us
	('E4', 'S4'), Operation(758, None, 802)(758, 758)
	('S4', 'S3'), Operation(804, None, 977)(804, 933)
	('S3', 'S2'), Operation(850, 984, 1028)(984, 984)
	('S2', 'S1'), Operation(1030, 1035, 1079)(1035, 1035)
	('S1', 'E1'), Operation(1081, None, 1254)(1081, 1210)
18. Flow F18 [E4-->E5] with period 32000, payload 445B, e2e delay 32000us, jitter 3200us
	('E4', 'S4'), Operation(30803, None, 30839)(30803, 30803)
	('S4', 'S5'), Operation(30841, 30846, 30882)(30846, 30846)
	('S5', 'E5'), Operation(30884, None, 31049)(30884, 31013)
19. Flow F19 [E5-->E4] with period 32000, payload 904B, e2e delay 32000us, jitter 3200us
	('E5', 'S5'), Operation(31518, None, 31591)(31518, 31518)
	('S5', 'S4'), Operation(31593, None, 31795)(31593, 31722)
	('S4', 'E4'), Operation(31668, None, 31999)(31668, 31926)
20. Flow F20 [E5-->E1] with period 2000, payload 78B, e2e delay 2000us, jitter 200us
	('E5', 'S5'), Operation(1447, None, 1454)(1447, 1447)
	('S5', 'S4'), Operation(1456, None, 1592)(1456, 1585)
	('S4', 'S3'), Operation(1465, 1599, 1606)(1599, 1599)
	('S3', 'S2'), Operation(1608, None, 1744)(1608, 1737)
	('S2', 'S1'), Operation(1617, 1751, 1758)(1751, 1751)
	('S1', 'E1'), Operation(1760, None, 1896)(1760, 1889)
21. Flow F21 [E3-->E4] with period 64000, payload 538B, e2e delay 64000us, jitter 6400us
	('E3', 'S3'), Operation(62538, None, 62582)(62538, 62538)
	('S3', 'S4'), Operation(62584, None, 62757)(62584, 62713)
	('S4', 'E4'), Operation(62630, None, 62932)(62630, 62888)
22. Flow F22 [E5-->E2] with period 4000, payload 753B, e2e delay 4000us, jitter 400us
	('E5', 'S5'), Operation(1, None, 62)(1, 1)
	('S5', 'S4'), Operation(64, None, 254)(64, 193)
	('S4', 'S3'), Operation(127, None, 446)(127, 385)
	('S3', 'S2'), Operation(190, None, 638)(190, 577)
	('S2', 'E2'), Operation(253, 645, 706)(645, 645)
23. Flow F23 [E3-->E5] with period 32000, payload 198B, e2e delay 32000us, jitter 3200us
	('E3', 'S3'), Operation(30420, None, 30436)(30420, 30420)
	('S3', 'S4'), Operation(30438, None, 30583)(30438, 30567)
	('S4', 'S5'), Operation(30456, None, 30730)(30456, 30714)
	('S5', 'E5'), Operation(30474, None, 30877)(30474, 30861)
24. Flow F24 [E5-->E4] with period 4000, payload 1013B, e2e delay 4000us, jitter 400us
	('E5', 'S5'), Operation(2760, None, 2842)(2760, 2760)
	('S5', 'S4'), Operation(2844, 2849, 2931)(2849, 2849)
	('S4', 'E4'), Operation(2933, None, 3144)(2933, 3062)
25. Flow F25 [E3-->E1] with period 64000, payload 1237B, e2e delay 64000us, jitter 6400us
	('E3', 'S3'), Operation(2952, None, 3051)(2952, 2952)
	('S3', 'S2'), Operation(3053, None, 3281)(3053, 3182)
	('S2', 'S1'), Operation(3154, None, 3511)(3154, 3412)
	('S1', 'E1'), Operation(3255, None, 3741)(3255, 3642)
26. Flow F26 [E5-->E2] with period 8000, payload 1417B, e2e delay 8000us, jitter 800us
	('E5', 'S5'), Operation(1006, None, 1120)(1006, 1006)
	('S5', 'S4'), Operation(1122, 1127, 1241)(1127, 1127)
	('S4', 'S3'), Operation(1243, 1248, 1362)(1248, 1248)
	('S3', 'S2'), Operation(1364, None, 1607)(1364, 1493)
	('S2', 'E2'), Operation(1480, None, 1852)(1480, 1738)
27. Flow F27 [E3-->E2] with period 64000, payload 669B, e2e delay 64000us, jitter 6400us
	('E3', 'S3'), Operation(52973, None, 53027)(52973, 52973)
	('S3', 'S2'), Operation(53029, None, 53212)(53029, 53158)
	('S2', 'E2'), Operation(53085, None, 53397)(53085, 53343)
28. Flow F28 [E2-->E1] with period 16000, payload 1120B, e2e delay 16000us, jitter 1600us
	('E2', 'S2'), Operation(15227, None, 15317)(15227, 15227)
	('S2', 'S1'), Operation(15319, None, 15538)(15319, 15448)
	('S1', 'E1'), Operation(15411, None, 15759)(15411, 15669)
29. Flow F29 [E1-->E5] with period 2000, payload 384B, e2e delay 2000us, jitter 200us
	('E1', 'S1'), Operation(4, None, 35)(4, 4)
	('S1', 'S2'), Operation(37, None, 197)(37, 166)
	('S2', 'S3'), Operation(70, 204, 235)(204, 204)
	('S3', 'S4'), Operation(237, 242, 273)(242, 242)
	('S4', 'S5'), Operation(275, 280, 311)(280, 280)
	('S5', 'E5'), Operation(313, None, 473)(313, 442)

SMT variables: 
	F26_('S5', 'S4')_gc: True
	F29_('S2', 'S3')_t4_min: 204
	('S2', 'S3')_gcl_cycle: 16000
	F1_('E4', 'S4')_t3_max: 359
	F13_('S5', 'E5')_rr: 0
	F6_('S1', 'S2')_gc: False
	F11_('S5', 'S4')_t4_min: 14347
	F24_('S5', 'S4')_t4_max: 2849
	F14_('S3', 'E3')_rr: 0
	F20_('S2', 'S1')_t4_min: 1751
	F9_('S5', 'E5')_t4_min: 569
	F27_('S3', 'S2')_gc: False
	F7_('S1', 'S2')_t4_min: 16631
	('S4', 'S3')_gcl_cycle: 128000
	F1_('S4', 'S3')_gc: False
	F7_queue_index: 0
	F1_('S3', 'S2')_t3_min: 639
	F12_('E1', 'S1')_rr: 0
	F15_('S5', 'E5')_rr: 0
	F29_('S2', 'S3')_rr: 8
	F3_('S3', 'E3')_gc: True
	F17_('S2', 'S1')_t4_min: 1035
	F12_('S1', 'S2')_rr: 0
	F2_('S3', 'E3')_t5_min: 1999
	F9_('S4', 'S5')_gc: False
	F16_('E4', 'S4')_gc: False
	F9_('S2', 'S3')_t4_min: 327
	F28_('S2', 'S1')_t4_min: 15319
	F22_queue_index: 0
	F2_('E4', 'S4')_rr: 0
	F9_('S3', 'S4')_rr: 1
	F26_('S4', 'S3')_t4_max: 1248
	F15_('S4', 'S5')_t4_min: 15588
	F21_('S3', 'S4')_t4_min: 62584
	F29_('S1', 'S2')_gc: False
	F26_('S3', 'S2')_t5_max: 1607
	F0_('S2', 'S3')_rr: 2
	F19_('E5', 'S5')_t3_max: 31394
	F20_('S1', 'E1')_rr: 0
	F20_('S3', 'S2')_t5_min: 1615
	F20_('S4', 'S3')_rr: 64
	F3_('S2', 'S3')_t4_max: 241
	F29_('S1', 'S2')_rr: 0
	F19_('S4', 'E4')_gc: False
	F5_queue_index: 0
	F9_('S3', 'S4')_t4_min: 411
	F25_('S2', 'S1')_t4_max: 3412
	F24_('E5', 'S5')_t3_max: 2636
	F1_('S4', 'S3')_rr: 0
	F1_('S2', 'S1')_t4_max: 856
	F21_('S3', 'S4')_t4_max: 62713
	F5_('E3', 'S3')_gc: False
	F9_('S5', 'E5')_rr: 0
	F18_('S5', 'E5')_t4_min: 30884
	F12_('S4', 'E4')_gc: False
	F29_('S4', 'S5')_t4_max: 280
	F11_('S4', 'E4')_rr: 0
	F1_('S1', 'E1')_gc: True
	F16_('S2', 'E2')_tb: 114022
	F21_('E3', 'S3')_t3_max: 62414
	F8_('S4', 'E4')_t4_min: 361
	F25_('S1', 'E1')_rr: 0
	F20_('S4', 'S3')_gc: True
	F0_('E2', 'S2')_rr: 0
	F9_('S1', 'S2')_t4_min: 243
	F12_('S3', 'S4')_gc: False
	F11_('S5', 'S4')_t4_max: 14476
	F13_jitter: 129
	F13_('E3', 'S3')_gc: False
	F22_('S4', 'S3')_gc: False
	F1_jitter: 0
	F12_('S3', 'S4')_t4_min: 3125
	F13_('S3', 'S4')_t4_min: 3273
	F16_('S2', 'E2')_t4_min: 114022
	F18_('E4', 'S4')_rr: 0
	F15_jitter: 387
	F29_('S2', 'S3')_gc: True
	F24_('S4', 'E4')_rr: 0
	F26_('S2', 'E2')_t4_min: 1480
	F5_('E3', 'S3')_t3_max: 126790
	F25_('S1', 'E1')_gc: False
	F26_('S3', 'S2')_rr: 0
	F8_('E5', 'S5')_gc: False
	F6_queue_index: 0
	F3_('S3', 'E3')_t4_max: 328
	F25_queue_index: 0
	F4_('S1', 'S2')_t4_min: 2203
	F24_('S4', 'E4')_t4_min: 2933
	F21_('S4', 'E4')_rr: 0
	F27_('E3', 'S3')_gc: False
	F22_('E5', 'S5')_t3_max: -123
	F16_('S4', 'S3')_t4_max: 113976
	F25_('E3', 'S3')_rr: 0
	F21_('E3', 'S3')_tb: 62538
	('E2', 'S2')_gcl_cycle: 1
	F23_('S3', 'S4')_t4_min: 30438
	F25_('S1', 'E1')_t4_min: 3255
	F26_('S5', 'S4')_rr: 2
	F13_('S4', 'S5')_gc: True
	('S2', 'E2')_gcl_cycle: 4000
	F28_('S2', 'S1')_t4_max: 15448
	F26_('S2', 'E2')_t3_min: 1480
	F1_('S1', 'E1')_rr: 1
	F9_('S3', 'S4')_t3_max: 411
	F13_('E3', 'S3')_t3_max: 3127
	F9_('S2', 'S3')_gc: True
	F19_('E5', 'S5')_t3_min: 31518
	F6_('S3', 'S4')_gc: False
	F2_('S4', 'S3')_gc: False
	F17_('E4', 'S4')_t4_min: 758
	F28_('S1', 'E1')_t5_max: 15759
	F26_('S3', 'S2')_t3_min: 1364
	F10_('E5', 'S5')_t3_min: 14215
	F9_('S3', 'S4')_t4_max: 411
	F9_('S2', 'S3')_rr: 1
	F12_('S1', 'S2')_t3_min: 2951
	F14_('S3', 'E3')_gc: False
	F23_('S4', 'S5')_gc: False
	F3_('E2', 'S2')_t5_min: 234
	('S3', 'E3')_gcl_cycle: 8000
	F28_('S2', 'S1')_gc: False
	F1_('S4', 'S3')_t4_min: 561
	F8_('S4', 'E4')_gc: False
	F24_('S5', 'S4')_t4_min: 2849
	F24_('S5', 'S4')_t3_min: 2844
	F22_jitter: 0
	F15_('E2', 'S2')_t3_max: 15420
	F29_('S5', 'E5')_rr: 0
	F6_('E1', 'S1')_rr: 0
	F17_('E4', 'S4')_rr: 0
	F25_('S2', 'S1')_rr: 0
	F22_('S3', 'S2')_gc: False
	F22_('S5', 'S4')_t4_min: 64
	F3_('S2', 'S3')_t4_min: 241
	F1_('S2', 'S1')_rr: 1
	F28_jitter: 258
	F10_('E5', 'S5')_t3_max: 14091
	F13_('S4', 'S5')_rr: 8
	F9_('S4', 'S5')_t4_min: 490
	F6_('S4', 'S5')_t4_min: 1017
	F3_('S3', 'E3')_t4_min: 328
	F13_('S4', 'S5')_t4_max: 3429
	F26_('S4', 'S3')_t4_min: 1248
	F14_('E5', 'S5')_tb: 14848
	F16_('S4', 'S3')_t4_min: 113976
	F6_('S2', 'S3')_gc: True
	F19_('E5', 'S5')_rr: 0
	F14_('E5', 'S5')_rr: 0
	F20_('E5', 'S5')_gc: False
	F27_('S2', 'E2')_rr: 0
	F24_('E5', 'S5')_gc: False
	F17_('S4', 'S3')_t4_max: 933
	F1_('E4', 'S4')_t5_max: 559
	F16_('E4', 'S4')_t3_max: 113824
	F13_('S3', 'S4')_t5_min: 3293
	F3_('S2', 'S3')_gc: True
	F26_('S4', 'S3')_rr: 16
	F17_('S1', 'E1')_t4_min: 1081
	F18_('S5', 'E5')_rr: 0
	F2_('S4', 'S3')_t4_min: 1789
	F10_('S4', 'S3')_rr: 8
	F13_('S3', 'S4')_rr: 0
	F22_('S4', 'S3')_rr: 0
	F15_('S3', 'S4')_tb: 15575
	F27_('E3', 'S3')_rr: 0
	F19_('S5', 'S4')_t5_max: 31795
	F22_('S4', 'S3')_t4_min: 127
	F11_('E5', 'S5')_t3_max: 14210
	F14_('S5', 'S4')_rr: 0
	F3_('E2', 'S2')_rr: 0
	F18_('S4', 'S5')_t4_min: 30846
	F27_('S3', 'S2')_t4_max: 53158
	F8_('S4', 'E4')_tb: 361
	F6_('S2', 'S3')_t4_max: 637
	F0_('S3', 'E3')_rr: 1
	F23_('S5', 'E5')_rr: 0
	F2_('E4', 'S4')_t3_min: 1750
	F20_('E5', 'S5')_t4_min: 1447
	F17_('S1', 'E1')_rr: 0
	F12_('S1', 'S2')_t4_max: 3080
	F17_('S3', 'S2')_t4_max: 984
	F4_('S2', 'E2')_gc: False
	F28_('S2', 'S1')_tb: 15319
	F29_queue_index: 0
	F8_('S5', 'S4')_t4_max: 260
	F29_('S3', 'S4')_gc: True
	F29_('S4', 'S5')_rr: 16
	F27_('E3', 'S3')_t3_max: 52849
	F9_('E1', 'S1')_gc: False
	F21_('S3', 'S4')_t5_max: 62757
	F16_('S4', 'S3')_t3_min: 113971
	F15_('S3', 'S4')_t5_max: 15715
	F12_('S2', 'S3')_t4_min: 3105
	F1_('S2', 'S1')_t3_min: 851
	F27_('S3', 'S2')_rr: 0
	F22_('E5', 'S5')_gc: False
	F8_jitter: 129
	F0_('S2', 'S3')_tb: 6764
	F2_('S3', 'E3')_rr: 4
	F23_queue_index: 0
	('E1', 'S1')_gcl_cycle: 1
	F14_('E5', 'S5')_t4_min: 14848
	F14_('E5', 'S5')_t5_max: 14966
	F8_('E5', 'S5')_tb: 154
	F17_('S4', 'S3')_rr: 0
	F15_('S5', 'E5')_t4_min: 15601
	F25_('S3', 'S2')_t4_min: 3053
	F6_('S4', 'S5')_gc: True
	F18_jitter: 129
	F3_('S2', 'S3')_t5_min: 321
	F20_('S1', 'E1')_t5_max: 1896
	F5_('S3', 'S2')_t4_max: 127158
	('S1', 'S2')_gcl_cycle: 16000
	F10_('E5', 'S5')_gc: False
	F25_('S3', 'S2')_t4_max: 3182
	F10_('S4', 'S3')_gc: True
	F21_('S4', 'E4')_t4_max: 62888
	F9_('S1', 'S2')_t4_max: 243
	F15_('S5', 'E5')_gc: False
	F12_('S3', 'S4')_t3_min: 3125
	F13_('S3', 'S4')_t4_max: 3402
	F14_('S4', 'S3')_rr: 0
	F7_('S1', 'S2')_gc: False
	F1_('S3', 'S2')_rr: 1
	F17_('S1', 'E1')_gc: False
	F17_('S4', 'S3')_gc: False
	F29_('E1', 'S1')_rr: 0
	F15_('S3', 'S4')_t3_max: 15580
	F21_jitter: 258
	F26_('S2', 'E2')_t5_min: 1594
	F12_('S3', 'S4')_rr: 0
	F10_('S5', 'S4')_gc: True
	F6_('E1', 'S1')_t5_min: 378
	F29_('S1', 'S2')_t3_min: 37
	F7_('E1', 'S1')_rr: 0
	F12_('S2', 'S3')_rr: 4
	F3_('E2', 'S2')_gc: False
	F12_('E1', 'S1')_gc: False
	F29_('E1', 'S1')_gc: False
	F24_('S4', 'E4')_t5_max: 3144
	F5_('S3', 'S2')_rr: 0
	F11_queue_index: 0
	F15_('E2', 'S2')_gc: False
	F28_('S1', 'E1')_gc: False
	F5_jitter: 258
	F2_('S4', 'S3')_tb: 1789
	F25_('S2', 'S1')_t4_min: 3154
	F28_('S1', 'E1')_t4_min: 15411
	F6_('S5', 'E5')_rr: 0
	F12_('E1', 'S1')_t3_max: 2807
	F15_('E2', 'S2')_t4_max: 15544
	F11_('S5', 'S4')_rr: 0
	F19_queue_index: 0
	F6_('S1', 'S2')_t4_min: 380
	F21_('S4', 'E4')_gc: False
	F15_queue_index: 0
	F20_('S5', 'S4')_rr: 0
	F26_jitter: 258
	F0_('S2', 'S3')_t4_min: 6764
	F29_('S3', 'S4')_t4_max: 242
	F12_('S2', 'S3')_tb: 3105
	F5_('E3', 'S3')_t4_max: 126914
	F9_('S4', 'S5')_t5_min: 567
	('S1', 'E1')_gcl_cycle: 2000
	F2_('S4', 'S3')_rr: 0
	F12_('S4', 'E4')_t4_min: 3145
	F13_('S4', 'S5')_t4_min: 3429
	F23_('S5', 'E5')_t4_min: 30474
	F11_('S5', 'S4')_gc: False
	F14_('S5', 'S4')_gc: False
	F27_('S2', 'E2')_gc: False
	F12_('S2', 'S3')_gc: True
	F12_queue_index: 0
	F4_jitter: 129
	F9_('S4', 'S5')_t3_max: 495
	F20_queue_index: 0
	F5_('S3', 'S2')_t5_min: 127142
	F24_('S4', 'E4')_t3_max: 2938
	F23_('S3', 'S4')_gc: False
	F9_('S3', 'S4')_t5_min: 488
	F5_('S3', 'S2')_gc: False
	F8_('S5', 'S4')_t4_min: 260
	F18_('S4', 'S5')_t4_max: 30846
	F6_('S2', 'S3')_rr: 8
	F4_('E1', 'S1')_t3_max: 1975
	F18_('S5', 'E5')_gc: False
	F25_('S3', 'S2')_gc: False
	F20_jitter: 129
	F2_('E4', 'S4')_tb: 1750
	F4_('S2', 'E2')_rr: 0
	F9_('S5', 'E5')_gc: False
	F10_jitter: 129
	F4_('S1', 'S2')_gc: True
	F0_('S2', 'S3')_t4_max: 6764
	F14_queue_index: 0
	F22_('S4', 'S3')_tb: 127
	F26_('S2', 'E2')_gc: False
	F0_('S3', 'E3')_t3_max: 6844
	F8_('E5', 'S5')_t3_max: 30
	F19_('E5', 'S5')_gc: False
	F10_('S5', 'S4')_t4_min: 14284
	F15_('S3', 'S4')_rr: 0
	F1_('S1', 'E1')_t4_min: 939
	F15_('S3', 'S4')_t4_max: 15704
	F0_jitter: 0
	F8_('S5', 'S4')_tb: 260
	F6_('S3', 'S4')_rr: 0
	F23_('S4', 'S5')_t4_min: 30456
	F22_('S3', 'S2')_t3_min: 190
	F23_('S4', 'S5')_rr: 0
	F22_('E5', 'S5')_t5_max: 62
	F25_('S1', 'E1')_t5_max: 3741
	F28_('S1', 'E1')_rr: 0
	F3_('S3', 'E3')_t3_min: 323
	F19_('S5', 'S4')_t4_min: 31593
	F18_('E4', 'S4')_tb: 30803
	F29_('S4', 'S5')_gc: True
	F11_('S4', 'E4')_gc: False
	F26_('E5', 'S5')_tb: 1006
	F7_('E1', 'S1')_gc: False
	F29_jitter: 129
	F15_('S3', 'S4')_gc: False
	F2_('E4', 'S4')_t3_max: 1626
	F6_jitter: 129
	F18_queue_index: 0
	F10_('S3', 'E3')_t4_min: 14417
	F6_('S4', 'S5')_t4_max: 1017
	F15_('S2', 'S3')_gc: True
	('S3', 'S4')_gcl_length: 18
	F29_('S1', 'S2')_t4_max: 166
	F22_('E5', 'S5')_t3_min: 1
	F9_jitter: 258
	F27_('S2', 'E2')_t5_min: 53139
	F3_queue_index: 0
	F20_('S2', 'S1')_t4_max: 1751
	F26_('E5', 'S5')_gc: False
	F10_('S3', 'E3')_t5_max: 14608
	F28_('E2', 'S2')_t4_max: 15227
	F6_('S3', 'S4')_t4_max: 889
	F17_('E4', 'S4')_t3_max: 634
	F0_('S2', 'S3')_t5_min: 6837
	F29_('S3', 'S4')_t4_min: 242
	F22_('S3', 'S2')_t4_min: 190
	F17_('S2', 'S1')_gc: True
	F0_queue_index: 0
	F9_('E1', 'S1')_t3_max: 35
	F20_('S3', 'S2')_rr: 0
	F16_queue_index: 0
	F28_queue_index: 0
	F20_('S1', 'E1')_gc: False
	F0_('E2', 'S2')_t3_max: 6560
	F14_('E5', 'S5')_t3_max: 14724
	F26_('S3', 'S2')_t4_min: 1364
	F4_('S2', 'E2')_t4_min: 2302
	F23_('E3', 'S3')_tb: 30420
	F29_('S5', 'E5')_t4_min: 313
	F1_('E4', 'S4')_gc: False
	F15_('S2', 'S3')_t4_min: 15562
	F3_('E2', 'S2')_t4_max: 154
	F14_('S5', 'S4')_t4_max: 15097
	F20_('S2', 'S1')_gc: True
	F23_('E3', 'S3')_rr: 0
	F10_('S4', 'S3')_t3_max: 14353
	F7_('S1', 'S2')_rr: 0
	F27_('S2', 'E2')_t4_min: 53085
	F7_('S2', 'E2')_t4_min: 16739
	F12_('E1', 'S1')_t4_min: 2931
	F15_('S4', 'S5')_t4_max: 15846
	F20_('E5', 'S5')_rr: 0
	F23_('S4', 'S5')_t4_max: 30714
	F22_('S5', 'S4')_rr: 0
	F3_('S2', 'S3')_rr: 4
	F3_('S3', 'E3')_rr: 2
	F15_('S2', 'S3')_rr: 1
	F20_('S5', 'S4')_t4_max: 1585
	('E5', 'S5')_gcl_cycle: 1
	F5_('S2', 'E2')_tb: 127144
	F6_('S5', 'E5')_t4_min: 1140
	F4_('S1', 'S2')_rr: 1
	F21_('S4', 'E4')_t5_max: 62932
	F10_('E5', 'S5')_rr: 0
	F23_('E3', 'S3')_gc: False
	F19_('S4', 'E4')_t4_min: 31668
	('E3', 'S3')_gcl_cycle: 1
	F1_('S4', 'S3')_t5_max: 766
	F23_('S3', 'S4')_t5_min: 30454
	F20_('S1', 'E1')_t4_min: 1760
	F24_jitter: 129
	F1_('S2', 'S1')_gc: True
	F25_('S1', 'E1')_t3_max: 3518
	F22_('S4', 'S3')_t4_max: 385
	F23_('E3', 'S3')_t3_max: 30296
	F16_('S4', 'S3')_rr: 1
	F15_('E2', 'S2')_rr: 0
	F11_('E5', 'S5')_rr: 0
	F26_('S5', 'S4')_t4_min: 1127
	F18_('S4', 'S5')_gc: True
	F20_('S3', 'S2')_t4_max: 1737
	F9_('S3', 'S4')_gc: True
	F25_('S1', 'E1')_tb: 3255
	F21_('S4', 'E4')_tb: 62630
	F22_('S3', 'S2')_rr: 0
	F7_jitter: 258
	F9_('S1', 'S2')_gc: True
	F14_('E5', 'S5')_gc: False
	F1_('E4', 'S4')_t5_min: 559
	F2_queue_index: 0
	('S2', 'S1')_gcl_cycle: 2000
	F6_('E1', 'S1')_t3_max: 133
	F14_('S4', 'S3')_t3_min: 15088
	F10_('S5', 'S4')_rr: 1
	F6_('S2', 'S3')_t4_min: 637
	F13_('S5', 'E5')_t4_min: 3451
	F17_('S4', 'S3')_tb: 804
	F6_('S4', 'S5')_rr: 16
	F16_('S3', 'S2')_rr: 0
	F25_('S3', 'S2')_rr: 0
	F16_('S3', 'S2')_t3_min: 113999
	F13_queue_index: 0
	F1_('S3', 'S2')_t4_max: 773
	F22_('E5', 'S5')_rr: 0
	F16_('S4', 'S3')_gc: True
	F13_('S3', 'S4')_gc: False
	F29_('S4', 'S5')_t4_min: 280
	F17_('S2', 'S1')_t3_max: 1035
	F2_('E4', 'S4')_gc: False
	F10_('S4', 'S3')_t4_min: 14353
	F10_('S3', 'E3')_t5_min: 14479
	F26_('S4', 'S3')_gc: True
	F11_jitter: 258
	F9_('S2', 'S3')_t3_min: 322
	F11_('S4', 'E4')_t5_max: 14629
	F17_('S3', 'S2')_gc: True
	F21_('E3', 'S3')_rr: 0
	F12_('E1', 'S1')_t5_max: 2949
	F15_('S4', 'S5')_rr: 0
	F17_('S2', 'S1')_t4_max: 1035
	F20_('S4', 'S3')_t4_min: 1599
	F22_('S5', 'S4')_gc: False
	F17_('S3', 'S2')_t5_max: 1028
	F21_('S3', 'S4')_gc: False
	F3_('E2', 'S2')_t3_max: 30
	F27_jitter: 258
	F9_('S4', 'S5')_t4_max: 619
	F14_('S4', 'S3')_t5_max: 15464
	F1_('S4', 'S3')_t4_max: 690
	F7_('E1', 'S1')_t3_max: 16399
	F25_jitter: 387
	F8_('S5', 'S4')_gc: True
	F21_queue_index: 0
	F19_('S4', 'E4')_rr: 0
	F26_queue_index: 0
	F26_('E5', 'S5')_t5_min: 1120
	F23_('S5', 'E5')_t5_max: 30877
	F8_('S5', 'S4')_rr: 4
	F5_('S3', 'S2')_t4_min: 127029
	F6_('S2', 'S3')_t5_min: 758
	F1_('S3', 'S2')_gc: True
	F28_('E2', 'S2')_gc: False
	F10_('S4', 'S3')_t4_max: 14353
	F10_('E5', 'S5')_t4_max: 14215
	F2_('S4', 'S3')_t4_max: 1918
	F19_('S5', 'S4')_gc: False
	F4_queue_index: 0
	F8_('E5', 'S5')_t4_min: 154
	F14_('S5', 'S4')_t4_min: 14968
	F17_('S4', 'S3')_t4_min: 804
	F1_('E4', 'S4')_rr: 0
	F11_('E5', 'S5')_gc: False
	F9_('E1', 'S1')_rr: 0
	F16_('E4', 'S4')_rr: 0
	F22_('S3', 'S2')_t4_max: 577
	F23_('S3', 'S4')_rr: 0
	F26_('S2', 'E2')_rr: 0
	F28_('S2', 'S1')_rr: 0
	F26_('S3', 'S2')_gc: False
	F23_('S5', 'E5')_gc: False
	F24_('S4', 'E4')_gc: False
	F10_('S3', 'E3')_gc: False
	F5_('S2', 'E2')_rr: 0
	F9_('S1', 'S2')_rr: 1
	F17_('S3', 'S2')_rr: 1
	F16_('S3', 'S2')_gc: False
	F14_jitter: 387
	F17_('E4', 'S4')_gc: False
	F16_('S2', 'E2')_gc: False
	F10_queue_index: 0
	F29_('S1', 'S2')_t4_min: 37
	F23_('S3', 'S4')_t4_max: 30567
	F29_('S2', 'S3')_t4_max: 204
	F20_('S5', 'S4')_t4_min: 1456
	F20_('S3', 'S2')_gc: False
	F22_('S2', 'E2')_t5_max: 706
	F27_('S3', 'S2')_t4_min: 53029
	F14_('S3', 'E3')_t4_min: 15208
	F28_('S2', 'S1')_t3_min: 15319
	F12_('S2', 'S3')_t4_max: 3105
	F15_('S2', 'S3')_t4_max: 15562
	F7_('S1', 'S2')_t5_min: 16737
	('E4', 'S4')_gcl_cycle: 1
	F17_('S2', 'S1')_rr: 1
	F15_('S3', 'S4')_t4_min: 15575
	F6_('S3', 'S4')_t5_min: 881
	F1_('S3', 'S2')_t4_min: 773
	F1_('S2', 'S1')_t4_min: 856
	F25_('E3', 'S3')_gc: False
	F26_('S3', 'S2')_t4_max: 1493
	F18_('E4', 'S4')_t5_min: 30839
	F20_('S1', 'E1')_t5_min: 1767
	F17_('S2', 'S1')_t5_max: 1079
	F10_('S5', 'S4')_t4_max: 14284
	('S4', 'S5')_gcl_cycle: 32000
	F20_('S5', 'S4')_gc: False
	F4_('S1', 'S2')_t4_max: 2203
	F19_('S5', 'S4')_rr: 0
	F14_('S4', 'S3')_t4_min: 15088
	F9_('S2', 'S3')_t4_max: 327
	F22_('S5', 'S4')_t4_max: 193
	F13_('E3', 'S3')_tb: 3251
	('S3', 'S4')_gcl_cycle: 16000
	F8_('S4', 'E4')_rr: 0
	F3_jitter: 0
	F27_queue_index: 0
	F11_('S5', 'S4')_t3_min: 14347
	F7_('S2', 'E2')_rr: 0
	('S5', 'S4')_gcl_cycle: 16000
	F10_('S3', 'E3')_rr: 0
	F0_('E2', 'S2')_gc: False
	F2_('S3', 'E3')_t4_min: 1962
	F17_jitter: 129
	F18_('E4', 'S4')_t3_max: 30679
	F29_('E1', 'S1')_t3_max: -120
	F22_('S2', 'E2')_gc: True
	F9_queue_index: 0
	F11_('S4', 'E4')_t4_min: 14360
	F26_('E5', 'S5')_t3_max: 882
	F12_jitter: 258
	F12_('S4', 'E4')_t5_max: 3421
	F7_('S2', 'E2')_gc: False
	F16_('S2', 'E2')_rr: 0
	F6_('S5', 'E5')_gc: False
	F17_queue_index: 0
	F0_('S3', 'E3')_gc: True
	F18_('S4', 'S5')_t5_min: 30882
	F22_('E5', 'S5')_t5_min: 62
	F6_('E1', 'S1')_gc: False
	F8_('E5', 'S5')_rr: 0
	F8_queue_index: 0
	F24_('E5', 'S5')_rr: 0
	F26_('S5', 'S4')_t4_max: 1127
	F29_('S5', 'E5')_gc: False
	F20_('S2', 'S1')_rr: 1
	F20_('S3', 'S2')_t4_min: 1608
	F25_('S2', 'S1')_gc: False
	F20_('S4', 'S3')_t4_max: 1599
	F5_('E3', 'S3')_rr: 0
	F24_('S5', 'S4')_rr: 4
	F13_('E3', 'S3')_rr: 0
	('S3', 'S2')_gcl_cycle: 2000
	F12_('S4', 'E4')_rr: 0
	F12_('S1', 'S2')_t4_min: 2951
	F23_jitter: 387
	F9_('S4', 'S5')_rr: 0
	F12_('S3', 'S4')_t4_max: 3254
	F18_('S4', 'S5')_rr: 1
	F21_('E3', 'S3')_t5_min: 62582
	F25_('S2', 'S1')_t3_max: 3288
	F22_('S2', 'E2')_rr: 1
	('S5', 'E5')_gcl_cycle: 1
	F4_('E1', 'S1')_rr: 0
	F28_('E2', 'S2')_rr: 0
	F27_('S2', 'E2')_t3_max: 53219
	F19_('S5', 'S4')_tb: 31593
	F6_('S1', 'S2')_rr: 0
	F1_queue_index: 0
	F12_('S1', 'S2')_gc: False
	F13_('S5', 'E5')_gc: False
	F4_('S1', 'S2')_t5_max: 2300
	F19_('S5', 'S4')_t4_max: 31722
	F2_('S3', 'E3')_gc: True
	F19_jitter: 258
	F2_jitter: 0
	F29_('S3', 'S4')_t5_min: 273
	F22_('S2', 'E2')_t4_min: 645
	F22_('S5', 'S4')_tb: 64
	F6_('S1', 'S2')_t4_max: 509
	F0_('S3', 'E3')_t4_min: 6844
	F16_jitter: 258
	F15_('S4', 'S5')_gc: False
	F16_('S2', 'E2')_t3_max: 114156
	F4_('E1', 'S1')_gc: False
	F21_('E3', 'S3')_gc: False
	F24_('S5', 'S4')_gc: True
	F16_('S3', 'S2')_t4_min: 113999
	F14_('S4', 'S3')_t4_max: 15346
	F9_('S5', 'E5')_t3_min: 569
	F28_('E2', 'S2')_t3_max: 15103
	F17_('S3', 'S2')_t4_min: 984
	F21_('S4', 'E4')_t4_min: 62630
	('S4', 'E4')_gcl_cycle: 1
	F29_('S3', 'S4')_rr: 8
	F21_('S3', 'S4')_rr: 0
	F17_('S2', 'S1')_t5_min: 1079
	F26_('S2', 'E2')_t5_max: 1852
	F20_('E5', 'S5')_t3_max: 1323
	F0_('S2', 'S3')_gc: True
	F5_('S2', 'E2')_t4_min: 127144
	F24_queue_index: 0
	F6_('S3', 'S4')_t4_min: 760
	F18_('E4', 'S4')_gc: False
	F14_('E5', 'S5')_t5_min: 14966
	F20_('S4', 'S3')_t5_max: 1606
	F14_('S4', 'S3')_gc: False
	F25_('E3', 'S3')_t3_max: 2828
	F26_('E5', 'S5')_rr: 0
	F16_('S3', 'S2')_t4_max: 114128
	F5_('S2', 'E2')_gc: False
	F7_('S1', 'S2')_t4_max: 16760
	F2_('S4', 'S3')_t3_max: 1794
	F13_('S3', 'S4')_t3_max: 3278
	F19_('S5', 'S4')_t3_max: 31598
	F14_('S5', 'S4')_t3_max: 14973
	F12_('S1', 'S2')_t3_max: 2956
	F4_('S1', 'S2')_t3_max: 2203
	F27_('S3', 'S2')_t3_max: 53034
	F18_('S4', 'S5')_t3_max: 30846
	F8_('S5', 'S4')_t3_max: 260
	F5_('S3', 'S2')_t3_max: 127034
	F25_('S3', 'S2')_t3_max: 3058
	F21_('S3', 'S4')_t3_max: 62589
	F11_('S5', 'S4')_t3_max: 14352
	F10_('S5', 'S4')_t3_max: 14284
	F9_('S1', 'S2')_t3_max: 243
	F23_('S3', 'S4')_t3_max: 30443
	F3_('S2', 'S3')_t3_max: 241
	F29_('S1', 'S2')_t3_max: 42
	F28_('S2', 'S1')_t3_max: 15324
	F24_('S5', 'S4')_t3_max: 2849
	F15_('S2', 'S3')_t3_max: 15562
	F20_('S5', 'S4')_t3_max: 1461
	F7_('S1', 'S2')_t3_max: 16636
	F17_('S4', 'S3')_t3_max: 809
	F16_('S4', 'S3')_t3_max: 113976
	F0_('S2', 'S3')_t3_max: 6764
	F6_('S1', 'S2')_t3_max: 385
	F26_('S5', 'S4')_t3_max: 1127
	F22_('S5', 'S4')_t3_max: 69
	F1_('S4', 'S3')_t3_max: 566
	F1_('S4', 'S3')_t5_min: 637
	F23_('S5', 'E5')_tb: 30474
	F9_('E1', 'S1')_t4_min: 159
	F24_('E5', 'S5')_t5_max: 2842
	F12_('S1', 'S2')_t5_max: 3098
	F15_('E2', 'S2')_t5_max: 15555
	F10_('S4', 'S3')_t5_min: 14415
	F8_('E5', 'S5')_t3_min: 154
	F11_('S5', 'S4')_tb: 14347
	F29_('S4', 'S5')_t3_max: 280
	F19_('E5', 'S5')_t5_max: 31591
	F28_('S1', 'E1')_t4_max: 15669
	F14_('S4', 'S3')_tb: 15088
	F6_('S4', 'S5')_t3_min: 883
	F17_('E4', 'S4')_t5_min: 802
	F26_('E5', 'S5')_t3_min: 1006
	F13_('S3', 'S4')_tb: 3273
	F5_('S2', 'E2')_t3_max: 127278
	F5_('E3', 'S3')_t5_min: 127027
	F15_('S5', 'E5')_t3_max: 15864
	F14_('S3', 'E3')_t3_max: 15471
	F8_('E5', 'S5')_t4_max: 154
	F20_('S3', 'S2')_tb: 1608
	F9_('S3', 'S4')_t3_min: 406
	F4_('S2', 'E2')_t3_min: 2302
	F24_('S5', 'S4')_tb: 2849
	F10_('S4', 'S3')_tb: 14353
	F21_('S4', 'E4')_t3_max: 62764
	F28_('E2', 'S2')_tb: 15227
	F0_('S3', 'E3')_t3_min: 6839
	F22_('S4', 'S3')_t3_max: 261
	F15_('S2', 'S3')_tb: 15562
	F12_('S4', 'E4')_t4_max: 3403
	F10_('E5', 'S5')_t5_min: 14277
	F29_('S5', 'E5')_t4_max: 442
	F14_('S3', 'E3')_tb: 15208
	F6_('S3', 'S4')_t3_max: 765
	F4_('S1', 'S2')_t3_min: 2198
	F25_('S3', 'S2')_tb: 3053
	F9_('S5', 'E5')_t4_max: 827
	F20_('S1', 'E1')_tb: 1760
	F13_('S4', 'S5')_t5_min: 3449
	F1_('S1', 'E1')_t3_min: 934
	F28_('S2', 'S1')_t5_min: 15409
	('S5', 'E5')_gcl_length: 0
	F20_('S5', 'S4')_tb: 1456
	F13_('E3', 'S3')_t3_min: 3251
	F19_('S4', 'E4')_t3_min: 31668
	F14_('E5', 'S5')_t4_max: 14848
	F1_('S1', 'E1')_t3_max: 939
	F5_('E3', 'S3')_t5_max: 127027
	F13_('E3', 'S3')_t5_max: 3271
	F14_('S4', 'S3')_t3_max: 15222
	F27_('S2', 'E2')_t3_min: 53085
	F17_('S4', 'S3')_t3_min: 804
	F12_('S1', 'S2')_t5_min: 2969
	F14_('S5', 'S4')_t3_min: 14968
	F1_('S2', 'S1')_t3_max: 856
	F27_('S3', 'S2')_t5_min: 53083
	F22_('S3', 'S2')_t5_max: 638
	F4_('E1', 'S1')_t4_max: 2099
	F20_('S1', 'E1')_t4_max: 1889
	F9_('S2', 'S3')_t5_min: 404
	F0_('E2', 'S2')_t4_max: 6684
	F4_('E1', 'S1')_t4_min: 2099
	F16_('E4', 'S4')_t4_min: 113948
	F26_('S4', 'S3')_t5_max: 1362
	F16_('S2', 'E2')_t5_min: 114043
	F25_('E3', 'S3')_tb: 2952
	F29_('S2', 'S3')_t5_max: 235
	F7_('E1', 'S1')_t5_max: 16629
	F6_('S2', 'S3')_tb: 637
	F21_('E3', 'S3')_t4_min: 62538
	('S1', 'S2')_gcl_length: 4
	F19_('S5', 'S4')_t5_min: 31666
	F25_('S1', 'E1')_t3_min: 3255
	('S1', 'E1')_gcl_length: 2
	F0_('E2', 'S2')_tb: 6684
	F20_('S3', 'S2')_t3_min: 1608
	F10_('S3', 'E3')_t4_max: 14546
	F7_('S2', 'E2')_t4_max: 16997
	F0_('E2', 'S2')_t3_min: 6684
	F1_('E4', 'S4')_t3_min: 483
	F24_('S4', 'E4')_t3_min: 2933
	F1_('S1', 'E1')_t5_min: 1015
	F29_('S3', 'S4')_t3_min: 237
	F26_('S4', 'S3')_t3_max: 1248
	F15_('S5', 'E5')_tb: 15601
	F0_('S3', 'E3')_t5_min: 6917
	F26_('S3', 'S2')_tb: 1364
	F25_('S2', 'S1')_tb: 3154
	F15_('S2', 'S3')_t5_max: 15573
	F22_('S2', 'E2')_tb: 645
	F5_('E3', 'S3')_tb: 126914
	F10_('S3', 'E3')_t3_max: 14422
	F17_('S2', 'S1')_tb: 1035
	F6_('S1', 'S2')_tb: 380
	F24_('S4', 'E4')_t5_min: 3015
	F28_('E2', 'S2')_t5_max: 15317
	F15_('E2', 'S2')_t5_min: 15555
	F21_('S4', 'E4')_t5_min: 62674
	F0_('E2', 'S2')_t5_min: 6757
	F19_('S4', 'E4')_t5_min: 31741
	F17_('E4', 'S4')_t5_max: 802
	F4_('S2', 'E2')_t5_max: 2528
	F3_('S3', 'E3')_t3_max: 328
	F26_('S4', 'S3')_tb: 1248
	F3_('S2', 'S3')_tb: 241
	F6_('S2', 'S3')_t5_max: 758
	F4_('E1', 'S1')_tb: 2099
	F3_('E2', 'S2')_tb: 154
	F9_('S1', 'S2')_tb: 243
	F2_('S4', 'S3')_t5_max: 1955
	F9_('S5', 'E5')_tb: 569
	F11_('S4', 'E4')_tb: 14360
	('S2', 'S3')_gcl_length: 56
	F9_('S5', 'E5')_t5_max: 904
	F11_('E5', 'S5')_tb: 14334
	F12_('E1', 'S1')_tb: 2931
	F20_('S2', 'S1')_t5_min: 1758
	F18_('S5', 'E5')_t3_min: 30884
	F15_('S5', 'E5')_t5_max: 15999
	F16_('S2', 'E2')_t3_min: 114022
	F6_('S5', 'E5')_t5_max: 1390
	F15_('S5', 'E5')_t5_min: 15612
	F4_('S2', 'E2')_t5_min: 2399
	F29_('S4', 'S5')_t5_max: 311
	F9_('S4', 'S5')_t3_min: 490
	F17_('S1', 'E1')_tb: 1081
	F9_('E1', 'S1')_t4_max: 159
	F2_('E4', 'S4')_t5_max: 1787
	F1_('S4', 'S3')_t3_min: 561
	F18_('S5', 'E5')_tb: 30884
	F0_('S3', 'E3')_tb: 6844
	F25_('E3', 'S3')_t4_min: 2952
	F4_('S2', 'E2')_t4_max: 2431
	F6_('S5', 'E5')_t3_max: 1145
	F18_('S5', 'E5')_t4_max: 31013
	F8_('S4', 'E4')_t3_min: 361
	F2_('S3', 'E3')_t3_min: 1828
	F9_('S2', 'S3')_t3_max: 327
	F7_('S2', 'E2')_t3_min: 16739
	F29_('S4', 'S5')_t3_min: 275
	F9_('S2', 'S3')_t5_max: 404
	F15_('S4', 'S5')_t3_min: 15588
	F13_('S5', 'E5')_t5_min: 3471
	F6_('S5', 'E5')_t3_min: 1140
	F6_('S2', 'S3')_t3_max: 637
	F6_('S5', 'E5')_tb: 1140
	F27_('S2', 'E2')_tb: 53085
	('S2', 'S1')_gcl_length: 6
	F13_('S5', 'E5')_tb: 3451
	F26_('E5', 'S5')_t5_max: 1120
	F16_('S2', 'E2')_t4_max: 114280
	F19_('S4', 'E4')_t3_max: 31802
	F29_('S3', 'S4')_tb: 242
	F21_('E3', 'S3')_t3_min: 62538
	F5_('S2', 'E2')_t5_max: 127515
	F29_('S1', 'S2')_t5_max: 197
	F17_('S4', 'S3')_t5_max: 977
	F27_('E3', 'S3')_t5_max: 53027
	F19_('E5', 'S5')_t4_max: 31518
	F22_('S2', 'E2')_t3_max: 645
	F17_('S3', 'S2')_t3_max: 984
	F17_('S4', 'S3')_t5_min: 848
	F15_('S5', 'E5')_t4_max: 15988
	F8_('E5', 'S5')_t5_max: 253
	F12_('S2', 'S3')_t3_max: 3105
	F13_('S3', 'S4')_t5_max: 3422
	('S3', 'E3')_gcl_length: 14
	F28_('S1', 'E1')_t3_max: 15545
	F10_('E5', 'S5')_t5_max: 14277
	F19_('S4', 'E4')_tb: 31668
	F7_('S2', 'E2')_t3_max: 16873
	F11_('E5', 'S5')_t5_min: 14345
	('E2', 'S2')_gcl_length: 0
	F24_('S4', 'E4')_tb: 2933
	F26_('S5', 'S4')_tb: 1127
	F29_('E1', 'S1')_t5_max: 35
	F26_('S2', 'E2')_t3_max: 1614
	F26_('S5', 'S4')_t5_max: 1241
	F9_('S5', 'E5')_t5_min: 646
	F29_('S1', 'S2')_tb: 37
	F0_('S2', 'S3')_t3_min: 6759
	F15_('S4', 'S5')_t5_min: 15599
	F1_('E4', 'S4')_t4_max: 483
	F19_('S4', 'E4')_t5_max: 31999
	F22_('E5', 'S5')_t4_min: 1
	F22_('S5', 'S4')_t5_min: 125
	F28_('S1', 'E1')_tb: 15411
	F12_('S3', 'S4')_t5_min: 3143
	F10_('S3', 'E3')_t3_min: 14417
	F12_('S4', 'E4')_t5_min: 3163
	F6_('S4', 'S5')_t5_max: 1138
	F1_('S3', 'S2')_tb: 773
	F29_('S1', 'S2')_t5_min: 68
	F20_('S2', 'S1')_tb: 1751
	F17_('E4', 'S4')_t3_min: 758
	F5_('S2', 'E2')_t4_max: 127402
	F29_('S2', 'S3')_t3_max: 204
	('S4', 'S5')_gcl_length: 82
	F20_('S4', 'S3')_tb: 1599
	F13_('S5', 'E5')_t5_max: 3600
	F16_('S4', 'S3')_tb: 113976
	F5_('S3', 'S2')_t5_max: 127271
	F14_('S5', 'S4')_tb: 14968
	F7_('E1', 'S1')_t4_min: 16523
	F27_('S2', 'E2')_t5_max: 53397
	F4_('S2', 'E2')_tb: 2302
	F14_('S3', 'E3')_t5_min: 15326
	F1_('S1', 'E1')_tb: 939
	F15_('S3', 'S4')_t3_min: 15575
	F28_('S1', 'E1')_t5_min: 15501
	F16_('E4', 'S4')_t4_max: 113948
	F10_('S5', 'S4')_t5_max: 14346
	F14_('S5', 'S4')_t5_max: 15215
	F19_('E5', 'S5')_tb: 31518
	F8_('S5', 'S4')_t3_min: 255
	F2_('S3', 'E3')_t3_max: 1962
	F25_('S2', 'S1')_t5_max: 3511
	F23_('E3', 'S3')_t4_min: 30420
	F6_('E1', 'S1')_tb: 257
	F24_('E5', 'S5')_t3_min: 2760
	F23_('S5', 'E5')_t5_min: 30490
	F2_('S4', 'S3')_t3_min: 1789
	F20_('E5', 'S5')_t3_min: 1447
	F12_('S3', 'S4')_t3_max: 3130
	F13_('E3', 'S3')_t4_min: 3251
	F1_('S3', 'S2')_t3_max: 773
	F14_('S3', 'E3')_t5_max: 15713
	F1_('S1', 'E1')_t5_max: 1015
	F25_('S2', 'S1')_t5_min: 3253
	F17_('S1', 'E1')_t5_max: 1254
	F10_('S5', 'S4')_tb: 14284
	F20_('S3', 'S2')_t5_max: 1744
	F29_('E1', 'S1')_t4_min: 4
	F20_('E5', 'S5')_t5_min: 1454
	F24_('E5', 'S5')_t4_max: 2760
	('E4', 'S4')_gcl_length: 0
	F11_('S4', 'E4')_t4_max: 14618
	F11_('S5', 'S4')_t5_min: 14358
	('S2', 'E2')_gcl_length: 2
	F13_('S5', 'E5')_t3_max: 3456
	F17_('S1', 'E1')_t3_min: 1081
	F17_('S3', 'S2')_t5_min: 1028
	F6_('S5', 'E5')_t5_min: 1261
	F23_('E3', 'S3')_t3_min: 30420
	F4_('E1', 'S1')_t5_min: 2196
	F22_('S3', 'S2')_tb: 190
	F21_('S4', 'E4')_t3_min: 62630
	F20_('S5', 'S4')_t3_min: 1456
	F12_('S3', 'S4')_t5_max: 3272
	F5_('S2', 'E2')_t5_min: 127257
	F21_('E3', 'S3')_t4_max: 62538
	F10_('S5', 'S4')_t3_min: 14279
	F9_('S4', 'S5')_t5_max: 696
	F16_('S2', 'E2')_t5_max: 114301
	F29_('S5', 'E5')_t3_max: 318
	F21_('S3', 'S4')_tb: 62584
	F6_('S4', 'S5')_t5_min: 1138
	F4_('S1', 'S2')_tb: 2203
	F22_('E5', 'S5')_t4_max: 1
	F20_('E5', 'S5')_t5_max: 1454
	F5_('E3', 'S3')_t4_min: 126914
	F23_('S5', 'E5')_t3_min: 30474
	F15_('E2', 'S2')_t3_min: 15544
	F26_('S4', 'S3')_t3_min: 1243
	F12_('E1', 'S1')_t5_min: 2949
	F16_('S3', 'S2')_t5_max: 114149
	('E1', 'S1')_gcl_length: 0
	F6_('S3', 'S4')_tb: 760
	F26_('S2', 'E2')_tb: 1480
	F9_('S4', 'S5')_tb: 490
	F3_('E2', 'S2')_t3_min: 154
	F22_('S2', 'E2')_t4_max: 645
	F28_('E2', 'S2')_t4_min: 15227
	F20_('S5', 'S4')_t5_max: 1592
	F18_('S5', 'E5')_t5_min: 30920
	F13_('S5', 'E5')_t3_min: 3451
	F1_('S2', 'S1')_t5_min: 932
	F22_('S2', 'E2')_t5_min: 706
	F8_('S4', 'E4')_t5_min: 460
	F28_('S2', 'S1')_t5_max: 15538
	F15_('S4', 'S5')_t5_max: 15857
	F12_('S4', 'E4')_t3_min: 3145
	F27_('E3', 'S3')_tb: 52973
	F9_('S2', 'S3')_tb: 327
	F12_('E1', 'S1')_t3_min: 2931
	F8_('S4', 'E4')_t5_max: 589
	F0_('S2', 'S3')_t5_max: 6837
	F26_('S4', 'S3')_t5_min: 1362
	F18_('E4', 'S4')_t4_max: 30803
	F7_('S1', 'S2')_t3_min: 16631
	F24_('E5', 'S5')_tb: 2760
	F17_('E4', 'S4')_t4_max: 758
	F22_('S5', 'S4')_t5_max: 254
	F18_('S5', 'E5')_t3_max: 30889
	F27_('S2', 'E2')_t4_max: 53343
	F12_('S3', 'S4')_tb: 3125
	F15_('E2', 'S2')_t4_min: 15544
	F28_('E2', 'S2')_t5_min: 15317
	F17_('S3', 'S2')_tb: 984
	F18_('S4', 'S5')_tb: 30846
	F2_('S3', 'E3')_tb: 1962
	F16_('E4', 'S4')_t3_min: 113948
	F23_('S4', 'S5')_t5_max: 30730
	F23_('S4', 'S5')_t3_max: 30590
	F8_('E5', 'S5')_t5_min: 253
	F15_('S3', 'S4')_t5_min: 15586
	F9_('S1', 'S2')_t3_min: 238
	F3_('S3', 'E3')_t5_max: 408
	F20_('S3', 'S2')_t3_max: 1613
	F8_('S4', 'E4')_t4_max: 490
	F15_('S2', 'S3')_t5_min: 15573
	F14_('S3', 'E3')_t3_min: 15208
	F6_('E1', 'S1')_t4_max: 257
	F29_('S2', 'S3')_tb: 204
	F7_('S2', 'E2')_t5_min: 16845
	F20_('S1', 'E1')_t3_max: 1765
	F1_('S2', 'S1')_tb: 856
	F29_('S4', 'S5')_t5_min: 311
	F20_('S1', 'E1')_t3_min: 1760
	F2_('E4', 'S4')_t4_max: 1750
	F7_('E1', 'S1')_t4_max: 16523
	F1_('E4', 'S4')_tb: 483
	F17_('S2', 'S1')_t3_min: 1030
	F11_('E5', 'S5')_t4_min: 14334
	F6_('E1', 'S1')_t3_min: 257
	F19_('S4', 'E4')_t4_max: 31926
	F1_('S2', 'S1')_t5_max: 932
	F26_('S2', 'E2')_t4_max: 1738
	F17_('E4', 'S4')_tb: 758
	F18_('E4', 'S4')_t3_min: 30803
	F0_('E2', 'S2')_t4_min: 6684
	F16_('S4', 'S3')_t5_min: 113997
	F10_('S5', 'S4')_t5_min: 14346
	F27_('S3', 'S2')_t5_max: 53212
	F20_('S2', 'S1')_t5_max: 1758
	F12_('S4', 'E4')_t3_max: 3279
	F26_('S3', 'S2')_t3_max: 1369
	F4_('E1', 'S1')_t3_min: 2099
	F29_('S3', 'S4')_t3_max: 242
	F11_('E5', 'S5')_t5_max: 14345
	F14_('S3', 'E3')_t4_max: 15595
	F22_('S4', 'S3')_t5_max: 446
	F22_('S4', 'S3')_t5_min: 188
	F18_('E4', 'S4')_t5_max: 30839
	F16_('S3', 'S2')_t3_max: 114004
	F16_('S3', 'S2')_tb: 113999
	F1_('S3', 'S2')_t5_min: 849
	F9_('S3', 'S4')_tb: 411
	F27_('E3', 'S3')_t3_min: 52973
	F23_('S3', 'S4')_t3_min: 30438
	F29_('S5', 'E5')_t3_min: 313
	F2_('E4', 'S4')_t4_min: 1750
	F16_('S3', 'S2')_t5_min: 114020
	F4_('S1', 'S2')_t5_min: 2300
	F27_('E3', 'S3')_t4_max: 52973
	F1_('S1', 'E1')_t4_max: 939
	F6_('S5', 'E5')_t4_max: 1269
	F25_('E3', 'S3')_t5_min: 3051
	F17_('S1', 'E1')_t3_max: 1086
	F2_('S3', 'E3')_t4_max: 1962
	F12_('S2', 'S3')_t3_min: 2971
	F2_('S4', 'S3')_t5_min: 1826
	F11_('S4', 'E4')_t3_min: 14360
	F22_('S3', 'S2')_t3_max: 453
	F16_('E4', 'S4')_t5_max: 113969
	F12_('S2', 'S3')_t5_min: 3123
	F12_('S4', 'E4')_tb: 3145
	F26_('S5', 'S4')_t3_min: 1122
	F8_('S5', 'S4')_t5_max: 359
	F6_('S2', 'S3')_t3_min: 503
	F29_('S4', 'S5')_tb: 280
	F15_('S4', 'S5')_tb: 15588
	F5_('E3', 'S3')_t3_min: 126914
	F26_('E5', 'S5')_t4_max: 1006
	F2_('S3', 'E3')_t5_max: 1999
	F15_('S2', 'S3')_t3_min: 15557
	F23_('S4', 'S5')_t3_min: 30456
	F6_('S3', 'S4')_t5_max: 1010
	F29_('E1', 'S1')_tb: 4
	F29_('S5', 'E5')_t5_max: 473
	F6_('E1', 'S1')_t5_max: 378
	F15_('S5', 'E5')_t3_min: 15601
	F28_('S1', 'E1')_t3_min: 15411
	F10_('S4', 'S3')_t3_min: 14348
	F23_('S5', 'E5')_t3_max: 30737
	F9_('S3', 'S4')_t5_max: 488
	F22_('S2', 'E2')_t3_min: 253
	F18_('E4', 'S4')_t4_min: 30803
	F12_('E1', 'S1')_t4_max: 2931
	F8_('S4', 'E4')_t3_max: 366
	F29_('S2', 'S3')_t3_min: 70
	('S4', 'E4')_gcl_length: 0
	F1_('S4', 'S3')_tb: 561
	F11_('S4', 'E4')_t5_min: 14371
	F29_('S3', 'S4')_t5_max: 273
	F27_('S3', 'S2')_t3_min: 53029
	('S3', 'S2')_gcl_length: 4
	F25_('S3', 'S2')_t5_min: 3152
	F17_('S3', 'S2')_t3_min: 850
	F7_('E1', 'S1')_tb: 16523
	F14_('E5', 'S5')_t3_min: 14848
	F2_('E4', 'S4')_t5_min: 1787
	F20_('S4', 'S3')_t3_max: 1599
	F9_('S1', 'S2')_t5_max: 320
	F22_('E5', 'S5')_tb: 1
	F10_('S3', 'E3')_tb: 14417
	F6_('S3', 'S4')_t3_min: 760
	F9_('E1', 'S1')_tb: 159
	F25_('S1', 'E1')_t4_max: 3642
	F24_('S5', 'S4')_t5_max: 2931
	F16_('E4', 'S4')_t5_min: 113969
	F21_('S3', 'S4')_t3_min: 62584
	('E5', 'S5')_gcl_length: 0
	F10_('E5', 'S5')_t4_min: 14215
	F13_('E3', 'S3')_t4_max: 3251
	F11_('E5', 'S5')_t3_min: 14334
	F26_('E5', 'S5')_t4_min: 1006
	F13_('S3', 'S4')_t3_min: 3273
	F13_('S5', 'E5')_t4_max: 3580
	F6_('S1', 'S2')_t5_min: 501
	F18_('S4', 'S5')_t5_max: 30882
	F3_('S3', 'E3')_t5_min: 408
	F7_('E1', 'S1')_t3_min: 16523
	F27_('E3', 'S3')_t4_min: 52973
	F22_('S3', 'S2')_t5_min: 251
	F13_('E3', 'S3')_t5_min: 3271
	('E3', 'S3')_gcl_length: 0
	F13_('S4', 'S5')_t5_max: 3449
	F20_('S4', 'S3')_t3_min: 1465
	F18_('S5', 'E5')_t5_max: 31049
	F3_('S2', 'S3')_t3_min: 236
	F16_('S4', 'S3')_t5_max: 113997
	F25_('S1', 'E1')_t5_min: 3354
	F14_('S5', 'S4')_t5_min: 15086
	F0_('E2', 'S2')_t5_max: 6757
	F21_('E3', 'S3')_t5_max: 62582
	F6_('S4', 'S5')_tb: 1017
	F21_('S3', 'S4')_t5_min: 62628
	F19_('E5', 'S5')_t4_min: 31518
	F6_('S4', 'S5')_t3_max: 1017
	F5_('S2', 'E2')_t3_min: 127144
	F20_('S5', 'S4')_t5_min: 1463
	F29_('E1', 'S1')_t4_max: 4
	F9_('E1', 'S1')_t5_max: 236
	F26_('S5', 'S4')_t5_min: 1241
	F15_('S4', 'S5')_t3_max: 15722
	F22_('S5', 'S4')_t3_min: 64
	F19_('S5', 'S4')_t3_min: 31593
	F25_('E3', 'S3')_t3_min: 2952
	F0_('S3', 'E3')_t5_max: 6917
	F7_('S2', 'E2')_t5_max: 17103
	F23_('E3', 'S3')_t4_max: 30420
	F20_('S4', 'S3')_t5_min: 1606
	F25_('E3', 'S3')_t5_max: 3051
	F3_('E2', 'S2')_t4_min: 154
	('S5', 'S4')_gcl_length: 22
	F29_('S5', 'E5')_tb: 313
	F27_('S3', 'S2')_tb: 53029
	F5_('S3', 'S2')_tb: 127029
	F13_('S4', 'S5')_t3_min: 3295
	F6_('S1', 'S2')_t5_max: 630
	F0_('S3', 'E3')_t4_max: 6844
	F15_('E2', 'S2')_tb: 15544
	F25_('S3', 'S2')_t3_min: 3053
	F12_('S2', 'S3')_t5_max: 3123
	F11_('S4', 'E4')_t3_max: 14494
	F27_('E3', 'S3')_t5_min: 53027
	F24_('E5', 'S5')_t5_min: 2842
	F6_('E1', 'S1')_t4_min: 257
	F18_('S4', 'S5')_t3_min: 30841
	F10_('E5', 'S5')_tb: 14215
	F8_('S5', 'S4')_t5_min: 359
	F5_('S3', 'S2')_t3_min: 127029
	F7_('E1', 'S1')_t5_min: 16629
	F14_('S4', 'S3')_t5_min: 15206
	F9_('E1', 'S1')_t5_min: 236
	F22_('S4', 'S3')_t3_min: 127
	F1_('S3', 'S2')_t5_max: 849
	F20_('E5', 'S5')_t4_max: 1447
	F4_('E1', 'S1')_t5_max: 2196
	F23_('S4', 'S5')_tb: 30456
	F23_('S3', 'S4')_t5_max: 30583
	F7_('S2', 'E2')_tb: 16739
	F29_('E1', 'S1')_t3_min: 4
	F25_('E3', 'S3')_t4_max: 2952
	F28_('E2', 'S2')_t3_min: 15227
	F26_('S3', 'S2')_t5_min: 1478
	F23_('S5', 'E5')_t4_max: 30861
	F13_('S4', 'S5')_t3_max: 3429
	F9_('E1', 'S1')_t3_min: 159
	F29_('S5', 'E5')_t5_min: 344
	F19_('E5', 'S5')_t5_min: 31591
	F11_('S5', 'S4')_t5_max: 14487
	F10_('S4', 'S3')_t5_max: 14415
	F23_('S3', 'S4')_tb: 30438
	F23_('E3', 'S3')_t5_min: 30436
	F20_('S2', 'S1')_t3_max: 1751
	F24_('E5', 'S5')_t4_min: 2760
	F9_('S5', 'E5')_t3_max: 703
	F25_('S3', 'S2')_t5_max: 3281
	F13_('S4', 'S5')_tb: 3429
	F20_('S2', 'S1')_t3_min: 1617
	F6_('S1', 'S2')_t3_min: 380
	F25_('S2', 'S1')_t3_min: 3154
	F9_('S1', 'S2')_t5_min: 320
	F3_('E2', 'S2')_t5_max: 234
	('S4', 'S3')_gcl_length: 178
	F1_('E4', 'S4')_t4_min: 483
	F3_('S3', 'E3')_tb: 328
	F17_('S1', 'E1')_t4_max: 1210
	F11_('E5', 'S5')_t4_max: 14334
	F7_('S1', 'S2')_tb: 16631
	F20_('E5', 'S5')_tb: 1447
	F16_('E4', 'S4')_tb: 113948
	F12_('S1', 'S2')_tb: 2951
	F23_('E3', 'S3')_t5_max: 30436
	F29_('S2', 'S3')_t5_min: 235
	F23_('S4', 'S5')_t5_min: 30472
	F3_('S2', 'S3')_t5_max: 321
	F17_('S1', 'E1')_t5_min: 1125
	F29_('E1', 'S1')_t5_min: 35
	F7_('S1', 'S2')_t5_max: 16866
	F24_('S4', 'E4')_t4_max: 3062
	F24_('S5', 'S4')_t5_min: 2931
	F4_('S2', 'E2')_t3_max: 2307
