0. Flow F0 [E1-->E5] with period 4000, payload 494B, e2e delay 4000us, jitter 400us
	('E1', 'S1'), Operation(926, None, 966)(926, 926)
	('S1', 'S2'), Operation(968, None, 1137)(968, 1097)
	('S2', 'S3'), Operation(1010, 1144, 1184)(1144, 1144)
	('S3', 'S4'), Operation(1186, 1191, 1231)(1191, 1191)
	('S4', 'S5'), Operation(1233, None, 1402)(1233, 1362)
	('S5', 'E5'), Operation(1275, 1482, 1522)(1482, 1482)
1. Flow F1 [E3-->E5] with period 4000, payload 1067B, e2e delay 4000us, jitter 400us
	('E3', 'S3'), Operation(661, None, 747)(661, 661)
	('S3', 'S4'), Operation(749, None, 964)(749, 878)
	('S4', 'S5'), Operation(837, 971, 1057)(971, 971)
	('S5', 'E5'), Operation(1059, None, 1274)(1059, 1188)
2. Flow F2 [E3-->E2] with period 128000, payload 1256B, e2e delay 128000us, jitter 12800us
	('E3', 'S3'), Operation(125889, None, 125990)(125889, 125889)
	('S3', 'S2'), Operation(125992, None, 126222)(125992, 126121)
	('S2', 'E2'), Operation(126095, None, 126454)(126095, 126353)
3. Flow F3 [E2-->E1] with period 32000, payload 171B, e2e delay 32000us, jitter 3200us
	('E2', 'S2'), Operation(20888, None, 20902)(20888, 20888)
	('S2', 'S1'), Operation(20904, None, 21047)(20904, 21033)
	('S1', 'E1'), Operation(20920, None, 21192)(20920, 21178)
4. Flow F4 [E5-->E2] with period 128000, payload 502B, e2e delay 128000us, jitter 12800us
	('E5', 'S5'), Operation(112816, None, 112857)(112816, 112816)
	('S5', 'S4'), Operation(112859, 112987, 113028)(112987, 112987)
	('S4', 'S3'), Operation(113030, None, 113200)(113030, 113159)
	('S3', 'S2'), Operation(113073, None, 113372)(113073, 113331)
	('S2', 'E2'), Operation(113116, None, 113544)(113116, 113503)
5. Flow F5 [E3-->E4] with period 32000, payload 107B, e2e delay 32000us, jitter 3200us
	('E3', 'S3'), Operation(18884, None, 18893)(18884, 18884)
	('S3', 'S4'), Operation(18895, 18900, 18909)(18900, 18900)
	('S4', 'E4'), Operation(18911, None, 19049)(18911, 19040)
6. Flow F6 [E1-->E5] with period 2000, payload 810B, e2e delay 2000us, jitter 200us
	('E1', 'S1'), Operation(1, None, 66)(1, 1)
	('S1', 'S2'), Operation(68, 90, 155)(90, 90)
	('S2', 'S3'), Operation(157, None, 351)(157, 286)
	('S3', 'S4'), Operation(224, None, 547)(224, 482)
	('S4', 'S5'), Operation(291, 554, 619)(554, 554)
	('S5', 'E5'), Operation(621, 626, 691)(626, 626)
7. Flow F7 [E4-->E5] with period 64000, payload 1403B, e2e delay 64000us, jitter 6400us
	('E4', 'S4'), Operation(57288, None, 57401)(57288, 57288)
	('S4', 'S5'), Operation(57403, 57408, 57521)(57408, 57408)
	('S5', 'E5'), Operation(57523, 57528, 57641)(57528, 57528)
8. Flow F8 [E2-->E1] with period 32000, payload 130B, e2e delay 32000us, jitter 3200us
	('E2', 'S2'), Operation(7253, None, 7264)(7253, 7253)
	('S2', 'S1'), Operation(7266, None, 7406)(7266, 7395)
	('S1', 'E1'), Operation(7279, None, 7548)(7279, 7537)
9. Flow F9 [E1-->E3] with period 128000, payload 866B, e2e delay 128000us, jitter 12800us
	('E1', 'S1'), Operation(117808, None, 117878)(117808, 117808)
	('S1', 'S2'), Operation(117880, 117885, 117955)(117885, 117885)
	('S2', 'S3'), Operation(117957, None, 118156)(117957, 118086)
	('S3', 'E3'), Operation(118029, None, 118357)(118029, 118287)
10. Flow F10 [E3-->E2] with period 16000, payload 1452B, e2e delay 16000us, jitter 1600us
	('E3', 'S3'), Operation(5520, None, 5637)(5520, 5520)
	('S3', 'S2'), Operation(5639, None, 5885)(5639, 5768)
	('S2', 'E2'), Operation(5758, None, 6133)(5758, 6016)
11. Flow F11 [E4-->E2] with period 4000, payload 563B, e2e delay 4000us, jitter 400us
	('E4', 'S4'), Operation(1, None, 47)(1, 1)
	('S4', 'S3'), Operation(49, 54, 100)(54, 54)
	('S3', 'S2'), Operation(102, None, 277)(102, 231)
	('S2', 'E2'), Operation(150, None, 454)(150, 408)
12. Flow F12 [E3-->E4] with period 2000, payload 653B, e2e delay 2000us, jitter 200us
	('E3', 'S3'), Operation(1466, None, 1519)(1466, 1466)
	('S3', 'S4'), Operation(1521, 1651, 1704)(1651, 1651)
	('S4', 'E4'), Operation(1706, 1711, 1764)(1711, 1711)
13. Flow F13 [E2-->E4] with period 4000, payload 486B, e2e delay 4000us, jitter 400us
	('E2', 'S2'), Operation(439, None, 478)(439, 439)
	('S2', 'S3'), Operation(480, 970, 1009)(970, 970)
	('S3', 'S4'), Operation(1011, None, 1179)(1011, 1140)
	('S4', 'E4'), Operation(1052, None, 1349)(1052, 1310)
14. Flow F14 [E4-->E5] with period 64000, payload 1313B, e2e delay 64000us, jitter 6400us
	('E4', 'S4'), Operation(5295, None, 5401)(5295, 5295)
	('S4', 'S5'), Operation(5403, 5415, 5521)(5415, 5415)
	('S5', 'E5'), Operation(5523, 5528, 5634)(5528, 5528)
15. Flow F15 [E4-->E2] with period 128000, payload 768B, e2e delay 128000us, jitter 12800us
	('E4', 'S4'), Operation(16945, None, 17007)(16945, 16945)
	('S4', 'S3'), Operation(17009, None, 17200)(17009, 17138)
	('S3', 'S2'), Operation(17073, 17331, 17393)(17331, 17331)
	('S2', 'E2'), Operation(17395, None, 17586)(17395, 17524)
16. Flow F16 [E2-->E1] with period 4000, payload 1503B, e2e delay 4000us, jitter 400us
	('E2', 'S2'), Operation(2411, None, 2532)(2411, 2411)
	('S2', 'S1'), Operation(2534, 2648, 2769)(2648, 2648)
	('S1', 'E1'), Operation(2771, None, 3021)(2771, 2900)
17. Flow F17 [E2-->E1] with period 128000, payload 819B, e2e delay 128000us, jitter 12800us
	('E2', 'S2'), Operation(28810, None, 28876)(28810, 28810)
	('S2', 'S1'), Operation(28878, None, 29073)(28878, 29007)
	('S1', 'E1'), Operation(28946, 29080, 29146)(29080, 29080)
18. Flow F18 [E5-->E1] with period 128000, payload 102B, e2e delay 128000us, jitter 12800us
	('E5', 'S5'), Operation(50038, None, 50047)(50038, 50038)
	('S5', 'S4'), Operation(50049, 50054, 50063)(50054, 50054)
	('S4', 'S3'), Operation(50065, None, 50203)(50065, 50194)
	('S3', 'S2'), Operation(50076, None, 50343)(50076, 50334)
	('S2', 'S1'), Operation(50087, None, 50483)(50087, 50474)
	('S1', 'E1'), Operation(50098, None, 50623)(50098, 50614)
19. Flow F19 [E4-->E1] with period 16000, payload 576B, e2e delay 16000us, jitter 1600us
	('E4', 'S4'), Operation(52, None, 99)(52, 52)
	('S4', 'S3'), Operation(101, 231, 278)(231, 231)
	('S3', 'S2'), Operation(280, 296, 343)(296, 296)
	('S2', 'S1'), Operation(345, None, 521)(345, 474)
	('S1', 'E1'), Operation(394, None, 699)(394, 652)
20. Flow F20 [E3-->E4] with period 4000, payload 570B, e2e delay 4000us, jitter 400us
	('E3', 'S3'), Operation(525, None, 571)(525, 525)
	('S3', 'S4'), Operation(573, None, 748)(573, 702)
	('S4', 'E4'), Operation(621, 878, 924)(878, 878)
21. Flow F21 [E3-->E1] with period 64000, payload 1375B, e2e delay 64000us, jitter 6400us
	('E3', 'S3'), Operation(51658, None, 51768)(51658, 51658)
	('S3', 'S2'), Operation(51770, None, 52009)(51770, 51899)
	('S2', 'S1'), Operation(51882, None, 52250)(51882, 52140)
	('S1', 'E1'), Operation(51994, None, 52491)(51994, 52381)
22. Flow F22 [E4-->E5] with period 128000, payload 793B, e2e delay 128000us, jitter 12800us
	('E4', 'S4'), Operation(60560, None, 60624)(60560, 60560)
	('S4', 'S5'), Operation(60626, None, 60819)(60626, 60755)
	('S5', 'E5'), Operation(60692, None, 61014)(60692, 60950)
23. Flow F23 [E1-->E5] with period 8000, payload 425B, e2e delay 8000us, jitter 800us
	('E1', 'S1'), Operation(6591, None, 6625)(6591, 6591)
	('S1', 'S2'), Operation(6627, 6755, 6789)(6755, 6755)
	('S2', 'S3'), Operation(6791, 6919, 6953)(6919, 6919)
	('S3', 'S4'), Operation(6955, 6969, 7003)(6969, 6969)
	('S4', 'S5'), Operation(7005, 7010, 7044)(7010, 7010)
	('S5', 'E5'), Operation(7046, 7174, 7208)(7174, 7174)
24. Flow F24 [E5-->E3] with period 64000, payload 829B, e2e delay 64000us, jitter 6400us
	('E5', 'S5'), Operation(63020, None, 63087)(63020, 63020)
	('S5', 'S4'), Operation(63089, 63218, 63285)(63218, 63218)
	('S4', 'S3'), Operation(63287, None, 63483)(63287, 63416)
	('S3', 'E3'), Operation(63356, None, 63681)(63356, 63614)
25. Flow F25 [E3-->E1] with period 64000, payload 851B, e2e delay 64000us, jitter 6400us
	('E3', 'S3'), Operation(59003, None, 59072)(59003, 59003)
	('S3', 'S2'), Operation(59074, 59079, 59148)(59079, 59079)
	('S2', 'S1'), Operation(59150, None, 59348)(59150, 59279)
	('S1', 'E1'), Operation(59221, None, 59548)(59221, 59479)
26. Flow F26 [E5-->E3] with period 32000, payload 82B, e2e delay 32000us, jitter 3200us
	('E5', 'S5'), Operation(17860, None, 17867)(17860, 17860)
	('S5', 'S4'), Operation(17869, None, 18005)(17869, 17998)
	('S4', 'S3'), Operation(17878, 18012, 18019)(18012, 18012)
	('S3', 'E3'), Operation(18021, None, 18157)(18021, 18150)
27. Flow F27 [E2-->E1] with period 4000, payload 700B, e2e delay 4000us, jitter 400us
	('E2', 'S2'), Operation(2906, None, 2962)(2906, 2906)
	('S2', 'S1'), Operation(2964, None, 3149)(2964, 3093)
	('S1', 'E1'), Operation(3022, 3164, 3220)(3164, 3164)
28. Flow F28 [E5-->E2] with period 128000, payload 876B, e2e delay 128000us, jitter 12800us
	('E5', 'S5'), Operation(105390, None, 105461)(105390, 105390)
	('S5', 'S4'), Operation(105463, 105468, 105539)(105468, 105468)
	('S4', 'S3'), Operation(105541, 105546, 105617)(105546, 105546)
	('S3', 'S2'), Operation(105619, 105624, 105695)(105624, 105624)
	('S2', 'E2'), Operation(105697, 105825, 105896)(105825, 105825)
29. Flow F29 [E5-->E1] with period 4000, payload 270B, e2e delay 4000us, jitter 400us
	('E5', 'S5'), Operation(592, None, 614)(592, 592)
	('S5', 'S4'), Operation(616, None, 767)(616, 745)
	('S4', 'S3'), Operation(640, None, 920)(640, 898)
	('S3', 'S2'), Operation(664, 1050, 1072)(1050, 1050)
	('S2', 'S1'), Operation(1074, 1169, 1191)(1169, 1169)
	('S1', 'E1'), Operation(1193, None, 1344)(1193, 1322)
30. Flow F30 [E4-->E1] with period 64000, payload 142B, e2e delay 64000us, jitter 6400us
	('E4', 'S4'), Operation(50851, None, 50863)(50851, 50851)
	('S4', 'S3'), Operation(50865, None, 51006)(50865, 50994)
	('S3', 'S2'), Operation(50879, 51136, 51148)(51136, 51136)
	('S2', 'S1'), Operation(51150, 51278, 51290)(51278, 51278)
	('S1', 'E1'), Operation(51292, None, 51433)(51292, 51421)
31. Flow F31 [E1-->E2] with period 64000, payload 1413B, e2e delay 64000us, jitter 6400us
	('E1', 'S1'), Operation(6067, None, 6181)(6067, 6067)
	('S1', 'S2'), Operation(6183, 6219, 6333)(6219, 6219)
	('S2', 'E2'), Operation(6335, 6340, 6454)(6340, 6340)
32. Flow F32 [E5-->E3] with period 4000, payload 704B, e2e delay 4000us, jitter 400us
	('E5', 'S5'), Operation(3488, None, 3545)(3488, 3488)
	('S5', 'S4'), Operation(3547, 3559, 3616)(3559, 3559)
	('S4', 'S3'), Operation(3618, 3623, 3680)(3623, 3623)
	('S3', 'E3'), Operation(3682, 3687, 3744)(3687, 3687)
33. Flow F33 [E1-->E3] with period 64000, payload 1481B, e2e delay 64000us, jitter 6400us
	('E1', 'S1'), Operation(11537, None, 11656)(11537, 11537)
	('S1', 'S2'), Operation(11658, None, 11906)(11658, 11787)
	('S2', 'S3'), Operation(11779, None, 12156)(11779, 12037)
	('S3', 'E3'), Operation(11900, None, 12406)(11900, 12287)
34. Flow F34 [E5-->E4] with period 4000, payload 1301B, e2e delay 4000us, jitter 400us
	('E5', 'S5'), Operation(3546, None, 3651)(3546, 3546)
	('S5', 'S4'), Operation(3653, 3658, 3763)(3658, 3658)
	('S4', 'E4'), Operation(3765, None, 3999)(3765, 3894)
35. Flow F35 [E3-->E5] with period 8000, payload 1031B, e2e delay 8000us, jitter 800us
	('E3', 'S3'), Operation(1291, None, 1374)(1291, 1291)
	('S3', 'S4'), Operation(1376, 1437, 1520)(1437, 1437)
	('S4', 'S5'), Operation(1522, 1557, 1640)(1557, 1557)
	('S5', 'E5'), Operation(1642, 1647, 1730)(1647, 1647)
36. Flow F36 [E1-->E3] with period 4000, payload 306B, e2e delay 4000us, jitter 400us
	('E1', 'S1'), Operation(3511, None, 3536)(3511, 3511)
	('S1', 'S2'), Operation(3538, 3632, 3657)(3632, 3632)
	('S2', 'S3'), Operation(3659, 3718, 3743)(3718, 3718)
	('S3', 'E3'), Operation(3745, None, 3899)(3745, 3874)
37. Flow F37 [E3-->E4] with period 4000, payload 1339B, e2e delay 4000us, jitter 400us
	('E3', 'S3'), Operation(2894, None, 3002)(2894, 2894)
	('S3', 'S4'), Operation(3004, None, 3241)(3004, 3133)
	('S4', 'E4'), Operation(3114, None, 3480)(3114, 3372)
38. Flow F38 [E1-->E3] with period 32000, payload 75B, e2e delay 32000us, jitter 3200us
	('E1', 'S1'), Operation(30938, None, 30944)(30938, 30938)
	('S1', 'S2'), Operation(30946, None, 31081)(30946, 31075)
	('S2', 'S3'), Operation(30954, None, 31218)(30954, 31212)
	('S3', 'E3'), Operation(30962, None, 31355)(30962, 31349)
39. Flow F39 [E5-->E1] with period 128000, payload 112B, e2e delay 128000us, jitter 12800us
	('E5', 'S5'), Operation(81795, None, 81804)(81795, 81795)
	('S5', 'S4'), Operation(81806, 81811, 81820)(81811, 81811)
	('S4', 'S3'), Operation(81822, 81827, 81836)(81827, 81827)
	('S3', 'S2'), Operation(81838, 81843, 81852)(81843, 81843)
	('S2', 'S1'), Operation(81854, 81983, 81992)(81983, 81983)
	('S1', 'E1'), Operation(81994, None, 82132)(81994, 82123)
40. Flow F40 [E3-->E1] with period 2000, payload 689B, e2e delay 2000us, jitter 200us
	('E3', 'S3'), Operation(1375, None, 1431)(1375, 1375)
	('S3', 'S2'), Operation(1433, None, 1618)(1433, 1562)
	('S2', 'S1'), Operation(1491, None, 1805)(1491, 1749)
	('S1', 'E1'), Operation(1549, 1937, 1993)(1937, 1937)
41. Flow F41 [E5-->E2] with period 8000, payload 724B, e2e delay 8000us, jitter 800us
	('E5', 'S5'), Operation(7423, None, 7481)(7423, 7423)
	('S5', 'S4'), Operation(7483, 7488, 7546)(7488, 7488)
	('S4', 'S3'), Operation(7548, 7559, 7617)(7559, 7559)
	('S3', 'S2'), Operation(7619, None, 7806)(7619, 7748)
	('S2', 'E2'), Operation(7679, 7936, 7994)(7936, 7936)
42. Flow F42 [E3-->E2] with period 2000, payload 1300B, e2e delay 2000us, jitter 200us
	('E3', 'S3'), Operation(238, None, 342)(238, 238)
	('S3', 'S2'), Operation(344, 349, 453)(349, 349)
	('S2', 'E2'), Operation(455, None, 688)(455, 584)
43. Flow F43 [E2-->E1] with period 16000, payload 850B, e2e delay 16000us, jitter 1600us
	('E2', 'S2'), Operation(12479, None, 12547)(12479, 12479)
	('S2', 'S1'), Operation(12549, None, 12746)(12549, 12678)
	('S1', 'E1'), Operation(12619, None, 12945)(12619, 12877)
44. Flow F44 [E4-->E1] with period 128000, payload 856B, e2e delay 128000us, jitter 12800us
	('E4', 'S4'), Operation(120913, None, 120982)(120913, 120913)
	('S4', 'S3'), Operation(120984, 121002, 121071)(121002, 121002)
	('S3', 'S2'), Operation(121073, 121203, 121272)(121203, 121203)
	('S2', 'S1'), Operation(121274, None, 121472)(121274, 121403)
	('S1', 'E1'), Operation(121345, 121479, 121548)(121479, 121479)
45. Flow F45 [E4-->E1] with period 128000, payload 84B, e2e delay 128000us, jitter 12800us
	('E4', 'S4'), Operation(108308, None, 108315)(108308, 108308)
	('S4', 'S3'), Operation(108317, 108445, 108452)(108445, 108445)
	('S3', 'S2'), Operation(108454, 108459, 108466)(108459, 108459)
	('S2', 'S1'), Operation(108468, 108473, 108480)(108473, 108473)
	('S1', 'E1'), Operation(108482, None, 108618)(108482, 108611)
46. Flow F46 [E5-->E1] with period 64000, payload 1325B, e2e delay 64000us, jitter 6400us
	('E5', 'S5'), Operation(9479, None, 9585)(9479, 9479)
	('S5', 'S4'), Operation(9587, None, 9822)(9587, 9716)
	('S4', 'S3'), Operation(9695, None, 10059)(9695, 9953)
	('S3', 'S2'), Operation(9803, None, 10296)(9803, 10190)
	('S2', 'S1'), Operation(9911, None, 10533)(9911, 10427)
	('S1', 'E1'), Operation(10019, None, 10770)(10019, 10664)
47. Flow F47 [E4-->E3] with period 128000, payload 1076B, e2e delay 128000us, jitter 12800us
	('E4', 'S4'), Operation(120983, None, 121070)(120983, 120983)
	('S4', 'S3'), Operation(121072, 121200, 121287)(121200, 121200)
	('S3', 'E3'), Operation(121289, None, 121505)(121289, 121418)
48. Flow F48 [E2-->E3] with period 16000, payload 557B, e2e delay 16000us, jitter 1600us
	('E2', 'S2'), Operation(2059, None, 2104)(2059, 2059)
	('S2', 'S3'), Operation(2106, 2111, 2156)(2111, 2111)
	('S3', 'E3'), Operation(2158, 2288, 2333)(2288, 2288)
49. Flow F49 [E4-->E5] with period 32000, payload 1462B, e2e delay 32000us, jitter 3200us
	('E4', 'S4'), Operation(9522, None, 9639)(9522, 9522)
	('S4', 'S5'), Operation(9641, None, 9887)(9641, 9770)
	('S5', 'E5'), Operation(9760, None, 10135)(9760, 10018)

SMT variables: 
	F26_('S5', 'S4')_gc: False
	F37_('S4', 'E4')_gc: False
	F6_('S1', 'S2')_gc: True
	F32_jitter: 0
	F14_('S4', 'S5')_t3_max: 5408
	F11_('S2', 'E2')_t3_max: 284
	('S4', 'S3')_gcl_cycle: 128000
	F35_('S5', 'E5')_t4_min: 1647
	F31_('S1', 'S2')_t4_max: 6219
	F7_queue_index: 0
	F17_('S2', 'S1')_t4_min: 28878
	F13_('S2', 'S3')_tb: 970
	F35_('S5', 'E5')_gc: True
	F3_('S1', 'E1')_t4_min: 20920
	F46_('S5', 'S4')_t4_max: 9716
	F9_('S2', 'S3')_t4_min: 117957
	F8_('S2', 'S1')_t3_max: 7271
	F36_('S2', 'S3')_gc: True
	F13_('E2', 'S2')_rr: 0
	F46_('S4', 'S3')_rr: 0
	F22_queue_index: 0
	F45_('S1', 'E1')_t4_max: 108611
	F1_('S3', 'S4')_t3_max: 754
	F26_('S4', 'S3')_t4_max: 18012
	F7_('E4', 'S4')_rr: 0
	F0_('S2', 'S3')_rr: 4
	F35_('S5', 'E5')_rr: 8
	F0_('E1', 'S1')_gc: False
	F41_('S3', 'S2')_t4_max: 7748
	F29_('S5', 'S4')_gc: False
	F2_('E3', 'S3')_t3_max: 125765
	F34_('S5', 'S4')_rr: 32
	F25_('S2', 'S1')_t4_max: 59279
	F14_('E4', 'S4')_t3_max: 5171
	F24_('E5', 'S5')_t3_max: 62896
	F18_('S4', 'S3')_t4_max: 50194
	F29_('S3', 'S2')_tb: 1050
	F44_('E4', 'S4')_gc: False
	F41_('S4', 'S3')_t4_max: 7559
	F0_('S4', 'S5')_gc: False
	F11_('S2', 'E2')_t4_min: 150
	F15_('S3', 'S2')_t4_max: 17331
	F5_('E3', 'S3')_gc: False
	F32_('E5', 'S5')_t5_min: 3545
	F0_('S1', 'S2')_gc: False
	F39_('S2', 'S1')_rr: 1
	F7_('E4', 'S4')_t3_max: 57164
	F40_('S2', 'S1')_t4_min: 1491
	F21_('E3', 'S3')_t3_max: 51534
	F10_('S3', 'S2')_t4_min: 5639
	F5_('S3', 'S4')_t4_min: 18900
	F44_('S4', 'S3')_rr: 1
	F29_('S4', 'S3')_t4_max: 898
	F9_('S1', 'S2')_t4_min: 117885
	F32_('S5', 'S4')_t4_min: 3559
	F12_('S3', 'S4')_gc: True
	F2_('S2', 'E2')_t4_max: 126353
	F13_jitter: 258
	F1_jitter: 129
	F13_('S3', 'S4')_t4_min: 1011
	F12_('S3', 'S4')_t4_min: 1651
	F24_('S4', 'S3')_t4_max: 63416
	F28_('S5', 'S4')_rr: 1
	F4_('S5', 'S4')_rr: 1
	F42_('S2', 'E2')_t3_min: 455
	F15_jitter: 129
	F4_('E5', 'S5')_t3_min: 112816
	F24_('S4', 'S3')_rr: 0
	F17_('E2', 'S2')_t4_min: 28810
	F47_('S4', 'S3')_t3_max: 121077
	F10_('S2', 'E2')_gc: False
	F29_('E5', 'S5')_gc: False
	F36_('S2', 'S3')_t4_min: 3718
	F6_queue_index: 0
	F18_('S5', 'S4')_t5_min: 50063
	F7_('E4', 'S4')_gc: False
	F43_('S2', 'S1')_t5_max: 12746
	F43_('S1', 'E1')_t4_min: 12619
	F48_jitter: 0
	F1_('S5', 'E5')_t4_min: 1059
	F41_('E5', 'S5')_gc: False
	F22_('E4', 'S4')_rr: 0
	F2_('S3', 'S2')_tb: 125992
	F42_('S3', 'S2')_rr: 64
	F25_('E3', 'S3')_rr: 0
	F46_('E5', 'S5')_tb: 9479
	F17_('S2', 'S1')_t3_max: 28883
	F32_('E5', 'S5')_t3_max: 3364
	F42_('E3', 'S3')_t3_max: 114
	F37_('S3', 'S4')_rr: 0
	F46_('S3', 'S2')_gc: False
	('E2', 'S2')_gcl_cycle: 1
	F25_('S1', 'E1')_t4_min: 59221
	F33_('E1', 'S1')_gc: False
	F2_('S2', 'E2')_rr: 0
	F48_('S2', 'S3')_rr: 1
	('S2', 'E2')_gcl_cycle: 128000
	F16_('E2', 'S2')_gc: False
	F46_('E5', 'S5')_gc: False
	F24_('S4', 'S3')_t4_min: 63287
	F29_('S5', 'S4')_t4_min: 616
	F33_('S1', 'S2')_t3_max: 11663
	F0_('S1', 'S2')_rr: 0
	F21_('E3', 'S3')_tb: 51658
	F3_('E2', 'S2')_t5_min: 20902
	F9_('S2', 'S3')_rr: 0
	F23_('S2', 'S3')_rr: 2
	F14_('S4', 'S5')_gc: True
	('S3', 'E3')_gcl_cycle: 16000
	F9_('S2', 'S3')_t3_min: 117957
	F22_('E4', 'S4')_gc: False
	F8_('S1', 'E1')_gc: False
	F24_('S5', 'S4')_t4_min: 63218
	F14_('S5', 'E5')_gc: True
	F11_('S3', 'S2')_rr: 0
	F6_('E1', 'S1')_rr: 0
	F25_('S2', 'S1')_rr: 0
	F21_('S1', 'E1')_t4_min: 51994
	F11_('S3', 'S2')_t5_max: 277
	F30_('S4', 'S3')_rr: 0
	F46_('S2', 'S1')_gc: False
	F21_('S2', 'S1')_gc: False
	F28_jitter: 0
	F15_('S3', 'S2')_rr: 1
	F6_('S4', 'S5')_t4_min: 554
	F0_('S3', 'S4')_gc: True
	F42_('S3', 'S2')_t5_max: 453
	F25_('S3', 'S2')_t3_max: 59079
	F8_('S1', 'E1')_rr: 0
	F6_('S2', 'S3')_gc: False
	F10_('S2', 'E2')_t4_max: 6016
	F31_('S2', 'E2')_rr: 2
	F24_('E5', 'S5')_gc: False
	F33_('S3', 'E3')_gc: False
	F11_('S4', 'S3')_t4_min: 54
	F18_('E5', 'S5')_gc: False
	F4_('E5', 'S5')_t3_max: 112692
	F23_('S1', 'S2')_t4_min: 6755
	F49_('S5', 'E5')_gc: False
	F42_('E3', 'S3')_gc: False
	F11_('S3', 'S2')_gc: False
	F23_('S2', 'S3')_t4_max: 6919
	F15_('S4', 'S3')_t4_max: 17138
	F18_('S2', 'S1')_t4_max: 50474
	F46_('S1', 'E1')_gc: False
	F3_('E2', 'S2')_rr: 0
	F38_('E1', 'S1')_t3_max: 30814
	F24_('S3', 'E3')_gc: False
	F38_('S2', 'S3')_gc: False
	F40_('S1', 'E1')_gc: True
	F6_('S2', 'S3')_t4_max: 286
	F0_('S3', 'S4')_t4_min: 1191
	F27_('E2', 'S2')_tb: 2906
	F23_('S5', 'E5')_rr: 8
	F36_('S1', 'S2')_t3_max: 3543
	F17_('S1', 'E1')_rr: 1
	F1_('S4', 'S5')_gc: True
	F32_('S3', 'E3')_gc: True
	F33_('S3', 'E3')_rr: 0
	F49_queue_index: 0
	F37_('E3', 'S3')_t3_max: 2770
	F41_('S5', 'S4')_gc: True
	F30_('E4', 'S4')_rr: 0
	F22_('S4', 'S5')_gc: False
	F38_queue_index: 0
	F4_('S5', 'S4')_t4_max: 112987
	F23_queue_index: 0
	F47_('S4', 'S3')_tb: 121200
	F36_('S3', 'E3')_t4_min: 3745
	('E1', 'S1')_gcl_cycle: 1
	F46_('S2', 'S1')_t4_max: 10427
	F20_('S3', 'S4')_t4_min: 573
	F17_('E2', 'S2')_rr: 0
	F6_('S4', 'S5')_gc: True
	F18_jitter: 516
	F15_('S2', 'E2')_t4_min: 17395
	F6_('S3', 'S4')_t5_min: 289
	F3_('S2', 'S1')_gc: False
	('S1', 'S2')_gcl_cycle: 128000
	F44_('S1', 'E1')_gc: True
	F4_('S4', 'S3')_gc: False
	F4_('E5', 'S5')_rr: 0
	F25_('S3', 'S2')_t4_max: 59079
	F8_('E2', 'S2')_t3_max: 7129
	F13_('S2', 'S3')_rr: 4
	F31_('S2', 'E2')_tb: 6340
	F27_('S2', 'S1')_rr: 0
	F28_('S3', 'S2')_rr: 1
	F10_('S3', 'S2')_t3_max: 5644
	F20_('S4', 'E4')_t4_min: 878
	F9_('S1', 'S2')_t4_max: 117885
	F31_('S1', 'S2')_tb: 6219
	F19_('S2', 'S1')_t4_min: 345
	F46_('S5', 'S4')_tb: 9587
	F0_('S3', 'S4')_t3_min: 1186
	F21_('S3', 'S2')_t3_max: 51775
	F17_('S1', 'E1')_gc: True
	F48_('S2', 'S3')_t4_max: 2111
	F21_jitter: 387
	F12_('S3', 'S4')_rr: 16
	F30_('S4', 'S3')_gc: False
	F19_('S1', 'E1')_t4_min: 394
	F4_('S5', 'S4')_gc: True
	F42_('E3', 'S3')_t3_min: 238
	F19_('S3', 'S2')_t4_min: 296
	F33_('S1', 'S2')_rr: 0
	F35_('S4', 'S5')_rr: 8
	F4_('E5', 'S5')_t5_min: 112857
	F3_('E2', 'S2')_gc: False
	F45_('S3', 'S2')_t4_min: 108459
	F40_('S1', 'E1')_t4_min: 1937
	F1_('S5', 'E5')_t3_max: 1064
	F11_queue_index: 0
	F31_('E1', 'S1')_gc: False
	F48_('S2', 'S3')_t4_min: 2111
	F40_('E3', 'S3')_t3_max: 1251
	F15_('E4', 'S4')_gc: False
	F26_('S3', 'E3')_t5_max: 18157
	F6_('S5', 'E5')_rr: 32
	F2_('S3', 'S2')_rr: 0
	F18_('S1', 'E1')_rr: 0
	F29_('S2', 'S1')_t4_max: 1169
	F23_('S2', 'S3')_gc: True
	F15_queue_index: 0
	F38_('S1', 'S2')_t4_max: 31075
	F29_('S2', 'S1')_gc: True
	F32_('E5', 'S5')_gc: False
	F0_('S2', 'S3')_t4_min: 1144
	F26_jitter: 129
	F5_('S3', 'S4')_t4_max: 18900
	F18_('S3', 'S2')_gc: False
	F29_('E5', 'S5')_rr: 0
	('S1', 'E1')_gcl_cycle: 128000
	F4_('S5', 'S4')_t4_min: 112987
	F12_('S4', 'E4')_t4_min: 1711
	F44_('S1', 'E1')_rr: 1
	F23_('S5', 'E5')_t4_min: 7174
	F46_('S5', 'S4')_t3_max: 9592
	F26_('S5', 'S4')_t3_max: 17874
	F21_('S3', 'S2')_t4_max: 51899
	F12_queue_index: 0
	F30_jitter: 129
	F31_('S2', 'E2')_t5_max: 6454
	F24_('S3', 'E3')_t5_min: 63423
	F48_('S2', 'S3')_gc: True
	F4_('S5', 'S4')_t3_max: 112864
	F6_('S2', 'S3')_rr: 0
	F1_('E3', 'S3')_gc: False
	F28_('S5', 'S4')_gc: True
	F15_('S3', 'S2')_t4_min: 17331
	F20_jitter: 0
	F10_jitter: 258
	F47_('S4', 'S3')_rr: 1
	F18_('S5', 'S4')_t4_min: 50054
	F0_('S2', 'S3')_t4_max: 1144
	F30_('S4', 'S3')_t4_min: 50865
	F45_('E4', 'S4')_gc: False
	F47_jitter: 129
	F0_('S4', 'S5')_t4_max: 1362
	F11_('S3', 'S2')_t4_min: 102
	F33_('S2', 'S3')_rr: 0
	F30_('S2', 'S1')_gc: True
	F23_('S4', 'S5')_t4_min: 7010
	F39_('S1', 'E1')_t4_max: 82123
	F44_('S3', 'S2')_t4_min: 121203
	F38_('S1', 'S2')_t3_max: 30951
	F19_('S4', 'S3')_gc: True
	F39_jitter: 129
	F40_('S3', 'S2')_gc: False
	F1_('S5', 'E5')_rr: 0
	F46_('S5', 'S4')_t4_min: 9587
	F43_('S2', 'S1')_gc: False
	F16_('S2', 'S1')_tb: 2648
	F16_('S1', 'E1')_gc: False
	F29_jitter: 129
	F4_('S4', 'S3')_rr: 0
	F23_('S1', 'S2')_rr: 16
	F20_('E3', 'S3')_t3_max: 401
	F49_('S5', 'E5')_t4_min: 9760
	F39_('S2', 'S1')_gc: True
	F32_('E5', 'S5')_rr: 0
	F12_('S3', 'S4')_t3_min: 1521
	F24_('S4', 'S3')_t5_min: 63354
	F37_('S4', 'E4')_rr: 0
	F33_queue_index: 0
	F15_('S4', 'S3')_t3_max: 17014
	F17_('S2', 'S1')_t5_min: 28944
	F6_('S4', 'S5')_t4_max: 554
	F20_('S3', 'S4')_t5_min: 619
	F22_('E4', 'S4')_t4_min: 60560
	F9_jitter: 258
	F38_('S1', 'S2')_t4_min: 30946
	F43_('S1', 'E1')_gc: False
	F30_('S1', 'E1')_t4_min: 51292
	F26_('E5', 'S5')_gc: False
	F29_('S4', 'S3')_t4_min: 640
	F38_('S3', 'E3')_gc: False
	F4_('S5', 'S4')_tb: 112987
	F9_('S3', 'E3')_rr: 0
	F27_('S2', 'S1')_t5_max: 3149
	F0_queue_index: 0
	F28_('S5', 'S4')_t4_max: 105468
	F9_('E1', 'S1')_t3_max: 117684
	F16_queue_index: 0
	F41_('S5', 'S4')_t4_min: 7488
	F2_('S3', 'S2')_gc: False
	F47_('E4', 'S4')_t3_max: 120859
	F1_('S5', 'E5')_gc: False
	F38_('E1', 'S1')_gc: False
	F45_('E4', 'S4')_rr: 0
	F20_('S3', 'S4')_tb: 573
	F20_('S3', 'S4')_t4_max: 702
	F38_('S1', 'S2')_rr: 0
	F26_('S3', 'E3')_gc: False
	F10_('S2', 'E2')_rr: 0
	F5_('S4', 'E4')_rr: 0
	F4_('E5', 'S5')_t4_max: 112816
	F39_('S1', 'E1')_gc: False
	F16_('S1', 'E1')_t4_min: 2771
	F29_('S2', 'S1')_t4_min: 1169
	F20_('E3', 'S3')_t5_min: 571
	F9_('S3', 'E3')_gc: False
	F19_('S3', 'S2')_t4_max: 296
	F4_('S2', 'E2')_t3_max: 113379
	F16_('S1', 'E1')_rr: 0
	F15_('S4', 'S3')_gc: False
	F35_('S3', 'S4')_rr: 4
	F6_('S5', 'E5')_t4_min: 626
	F41_('S3', 'S2')_rr: 0
	F0_('S3', 'S4')_t4_max: 1191
	F32_('S5', 'S4')_t3_max: 3552
	F43_('S2', 'S1')_t4_min: 12549
	F39_('S3', 'S2')_rr: 1
	F45_('S4', 'S3')_t3_max: 108322
	F0_('S5', 'E5')_rr: 16
	('E3', 'S3')_gcl_cycle: 1
	F43_('S2', 'S1')_t4_max: 12678
	F24_jitter: 258
	F0_('S1', 'S2')_t4_min: 968
	F40_('S2', 'S1')_t4_max: 1749
	F45_('S2', 'S1')_gc: True
	F47_('E4', 'S4')_t4_max: 120983
	F29_('S2', 'S1')_rr: 32
	F40_('E3', 'S3')_rr: 0
	F24_('S5', 'S4')_t5_min: 63285
	F46_('S4', 'S3')_t4_max: 9953
	F32_('S5', 'S4')_gc: True
	F39_('S1', 'E1')_rr: 0
	F42_jitter: 129
	F7_jitter: 0
	F42_queue_index: 0
	F2_queue_index: 0
	F38_('S1', 'S2')_gc: False
	('S2', 'S1')_gcl_cycle: 128000
	F6_('E1', 'S1')_t3_max: -123
	F28_('S3', 'S2')_gc: True
	F6_('S2', 'S3')_t4_min: 157
	F23_('S1', 'S2')_t4_max: 6755
	F6_('S4', 'S5')_rr: 32
	F15_('E4', 'S4')_t3_max: 16821
	F30_('S4', 'S3')_t3_max: 50870
	F13_('S3', 'S4')_gc: False
	F39_('S5', 'S4')_t4_min: 81811
	F34_jitter: 129
	F2_('S3', 'S2')_t4_max: 126121
	F39_('S5', 'S4')_t3_max: 81811
	F26_('S4', 'S3')_gc: True
	F30_('S2', 'S1')_t5_min: 51290
	F3_('S2', 'S1')_t4_min: 20904
	F33_('E1', 'S1')_rr: 0
	F21_('E3', 'S3')_rr: 0
	F17_('S2', 'S1')_t4_max: 29007
	F33_('S2', 'S3')_t4_min: 11779
	F29_('S3', 'S2')_rr: 32
	F3_('E2', 'S2')_t3_max: 20764
	F35_('S3', 'S4')_t3_max: 1381
	F1_('E3', 'S3')_rr: 0
	F25_jitter: 258
	F19_('S4', 'S3')_t3_max: 106
	F24_('S3', 'E3')_rr: 0
	F18_('S1', 'E1')_gc: False
	F35_('E3', 'S3')_gc: False
	F21_queue_index: 0
	F13_('S4', 'E4')_gc: False
	F34_('S5', 'S4')_gc: True
	F1_('S4', 'S5')_t4_min: 971
	F41_('S4', 'S3')_tb: 7559
	F36_('S2', 'S3')_t4_max: 3718
	F22_('S5', 'E5')_rr: 0
	F9_('E1', 'S1')_rr: 0
	F30_('S2', 'S1')_t4_max: 51278
	F16_('E2', 'S2')_t3_max: 2287
	F13_('S4', 'E4')_rr: 0
	F35_jitter: 0
	F44_('E4', 'S4')_t5_max: 120982
	F9_('S1', 'S2')_rr: 1
	F14_jitter: 0
	F13_('S2', 'S3')_t4_max: 970
	F30_('E4', 'S4')_tb: 50851
	F15_('S3', 'S2')_t5_min: 17393
	F44_('S2', 'S1')_t4_min: 121274
	F4_('S4', 'S3')_t4_max: 113159
	F30_('S3', 'S2')_t4_min: 51136
	F15_('S4', 'S3')_rr: 0
	F8_('S2', 'S1')_t4_max: 7395
	F19_('S3', 'S2')_rr: 8
	F30_('S3', 'S2')_gc: True
	F38_jitter: 387
	F46_('S3', 'S2')_t4_min: 9803
	F39_('S3', 'S2')_t4_max: 81843
	F30_('S1', 'E1')_gc: False
	('E4', 'S4')_gcl_cycle: 1
	F35_('E3', 'S3')_rr: 0
	F19_('S2', 'S1')_gc: False
	F26_('S3', 'E3')_rr: 0
	F4_('E5', 'S5')_gc: False
	F44_('S2', 'S1')_t4_max: 121403
	F27_('S1', 'E1')_t4_min: 3164
	F14_('S4', 'S5')_rr: 1
	F32_('S3', 'E3')_t4_min: 3687
	F46_('S4', 'S3')_t4_min: 9695
	F42_('E3', 'S3')_rr: 0
	F34_('S4', 'E4')_t4_min: 3765
	F3_jitter: 258
	F27_queue_index: 0
	F35_('E3', 'S3')_t4_min: 1291
	F19_('S3', 'S2')_gc: True
	F20_('E3', 'S3')_gc: False
	F44_('S2', 'S1')_rr: 0
	F47_('S3', 'E3')_tb: 121289
	F44_('S2', 'S1')_gc: False
	F4_('S5', 'S4')_t5_max: 113028
	F1_('S3', 'S4')_gc: False
	F32_('S5', 'S4')_t4_max: 3559
	F12_jitter: 0
	F13_('S2', 'S3')_gc: True
	F15_('S4', 'S3')_t5_min: 17071
	F48_('E2', 'S2')_rr: 0
	F32_('S4', 'S3')_rr: 32
	F36_('S3', 'E3')_gc: False
	F33_('S1', 'S2')_t4_max: 11787
	F28_('S4', 'S3')_rr: 1
	F6_('S5', 'E5')_gc: True
	F17_queue_index: 0
	F18_('S3', 'S2')_t4_max: 50334
	F22_('S4', 'S5')_rr: 0
	F45_('S1', 'E1')_rr: 0
	F6_('E1', 'S1')_gc: False
	F8_queue_index: 0
	F49_('E4', 'S4')_t3_max: 9398
	F25_('S2', 'S1')_gc: False
	F13_('E2', 'S2')_t3_min: 439
	F29_('S5', 'S4')_t5_max: 767
	F43_jitter: 258
	F49_('E4', 'S4')_t4_min: 9522
	('S3', 'S2')_gcl_cycle: 128000
	F12_('S4', 'E4')_rr: 2
	F27_('S2', 'S1')_gc: False
	F31_('E1', 'S1')_t3_max: 5943
	F2_('S2', 'E2')_t4_min: 126095
	F15_('S3', 'S2')_gc: True
	F12_('S3', 'S4')_t4_max: 1651
	F21_('S2', 'S1')_t4_max: 52140
	F23_jitter: 0
	F10_('S3', 'S2')_rr: 0
	F37_('E3', 'S3')_rr: 0
	F39_('S3', 'S2')_t4_min: 81843
	F22_('S5', 'E5')_t3_max: 60826
	F38_('S1', 'S2')_t3_min: 30946
	F7_('S4', 'S5')_t4_max: 57408
	F7_('E4', 'S4')_t4_min: 57288
	F38_('E1', 'S1')_rr: 0
	F14_('E4', 'S4')_t4_max: 5295
	F8_('E2', 'S2')_rr: 0
	F37_queue_index: 0
	F31_queue_index: 0
	F19_jitter: 258
	F3_('E2', 'S2')_t4_max: 20888
	F3_('S2', 'S1')_t4_max: 21033
	F34_('S5', 'S4')_t4_max: 3658
	F31_('S1', 'S2')_t4_min: 6219
	F15_('E4', 'S4')_rr: 0
	F4_('S4', 'S3')_t4_min: 113030
	F9_('S3', 'E3')_t4_min: 118029
	F36_('E1', 'S1')_rr: 0
	F41_('S2', 'E2')_rr: 16
	F24_('S5', 'S4')_gc: True
	F12_('E3', 'S3')_gc: False
	F21_('E3', 'S3')_gc: False
	F28_('E5', 'S5')_gc: False
	F11_('S4', 'S3')_rr: 32
	F35_('S3', 'S4')_t4_max: 1437
	F9_('S1', 'S2')_t5_min: 117955
	F1_('S4', 'S5')_t5_max: 1057
	F14_('E4', 'S4')_gc: False
	F11_('S4', 'S3')_t4_max: 54
	F18_('S3', 'S2')_t4_min: 50076
	('S4', 'E4')_gcl_cycle: 4000
	F43_('E2', 'S2')_gc: False
	F7_('S5', 'E5')_t4_min: 57528
	F30_('S2', 'S1')_t4_min: 51278
	F25_('E3', 'S3')_t3_max: 58879
	F18_('S5', 'S4')_rr: 1
	F26_('E5', 'S5')_rr: 0
	F45_('S4', 'S3')_gc: True
	F35_queue_index: 0
	F27_('E2', 'S2')_t5_max: 2962
	F28_('S4', 'S3')_gc: True
	('S2', 'S3')_gcl_cycle: 16000
	F25_('S2', 'S1')_t3_min: 59150
	F24_('S5', 'S4')_t4_max: 63218
	F29_('S1', 'E1')_t4_max: 1322
	F45_('S1', 'E1')_t4_min: 108482
	F48_('S3', 'E3')_rr: 1
	F47_('E4', 'S4')_gc: False
	F16_('S2', 'S1')_rr: 32
	F28_('S2', 'E2')_rr: 1
	F43_('S2', 'S1')_rr: 0
	F1_('S3', 'S4')_rr: 0
	F37_('S3', 'S4')_gc: False
	F36_queue_index: 0
	F20_('S3', 'S4')_t3_max: 578
	F41_('S5', 'S4')_rr: 16
	F22_('S5', 'E5')_gc: False
	F6_('S1', 'S2')_t3_min: 68
	F44_('S3', 'S2')_t4_max: 121203
	F19_('E4', 'S4')_gc: False
	F44_('E4', 'S4')_t3_min: 120913
	F21_('S2', 'S1')_rr: 0
	F29_('S1', 'E1')_t3_max: 1198
	F30_('E4', 'S4')_t3_max: 50727
	F47_('E4', 'S4')_rr: 0
	F13_('S2', 'S3')_t3_max: 485
	F29_('S3', 'S2')_gc: True
	F39_('S3', 'S2')_gc: True
	F46_('S5', 'S4')_t3_min: 9587
	F13_('E2', 'S2')_gc: False
	F15_('S4', 'S3')_t4_min: 17009
	F23_('S2', 'S3')_t4_min: 6919
	F30_('S1', 'E1')_tb: 51292
	F40_queue_index: 0
	F1_('S3', 'S4')_t5_min: 835
	F41_('S3', 'S2')_tb: 7619
	F23_('S5', 'E5')_t5_max: 7208
	F40_('S1', 'E1')_rr: 64
	F41_('S2', 'E2')_gc: True
	F14_('S5', 'E5')_rr: 1
	F43_('E2', 'S2')_rr: 0
	F23_('S3', 'S4')_tb: 6969
	F5_queue_index: 0
	F2_('E3', 'S3')_t4_min: 125889
	F9_('E1', 'S1')_t3_min: 117808
	F40_('S2', 'S1')_gc: False
	F7_('S5', 'E5')_gc: True
	F17_('S2', 'S1')_t5_max: 29073
	F12_('S4', 'E4')_gc: True
	F19_('S4', 'S3')_t4_min: 231
	F33_('S3', 'E3')_t4_min: 11900
	F13_('S4', 'E4')_t4_min: 1052
	F22_('S5', 'E5')_t4_min: 60692
	F25_('S1', 'E1')_rr: 0
	F39_('S2', 'S1')_t4_max: 81983
	F31_('S2', 'E2')_t4_min: 6340
	F20_('S3', 'S4')_rr: 0
	F8_('E2', 'S2')_gc: False
	F31_('S1', 'S2')_t3_max: 6188
	F36_('S1', 'S2')_t4_max: 3632
	F44_('S4', 'S3')_t3_max: 120989
	F12_('E3', 'S3')_t3_max: 1342
	F33_('E1', 'S1')_tb: 11537
	F37_jitter: 258
	F34_('E5', 'S5')_tb: 3546
	F4_('S3', 'S2')_t4_min: 113073
	F5_('E3', 'S3')_t3_max: 18760
	F10_('S3', 'S2')_t4_max: 5768
	F25_('S1', 'E1')_gc: False
	F27_('S2', 'S1')_t3_max: 2969
	F45_('S4', 'S3')_t4_min: 108445
	F46_('E5', 'S5')_t3_min: 9479
	F11_('E4', 'S4')_rr: 0
	F45_('S4', 'S3')_rr: 1
	F46_('S1', 'E1')_rr: 0
	F23_('S3', 'S4')_t5_max: 7003
	F25_queue_index: 0
	F49_('S4', 'S5')_gc: False
	F39_('S4', 'S3')_t4_min: 81827
	F49_('S4', 'S5')_t3_max: 9646
	F32_queue_index: 0
	F10_('E3', 'S3')_rr: 0
	F32_('E5', 'S5')_t4_max: 3488
	F26_('S3', 'E3')_t4_max: 18150
	F10_('E3', 'S3')_gc: False
	F44_queue_index: 0
	F23_('S3', 'S4')_t4_min: 6969
	F42_('S3', 'S2')_t4_max: 349
	F19_('E4', 'S4')_rr: 0
	F26_('S5', 'S4')_rr: 0
	F28_('E5', 'S5')_t3_max: 105266
	F27_('S2', 'S1')_t4_max: 3093
	F30_('S4', 'S3')_t4_max: 50994
	F46_('S2', 'S1')_t4_min: 9911
	F18_('S2', 'S1')_t3_min: 50087
	F7_('S4', 'S5')_t3_max: 57408
	F30_('S2', 'S1')_t5_max: 51290
	F9_('S2', 'S3')_gc: False
	F28_('S2', 'E2')_t4_min: 105825
	F6_('S3', 'S4')_gc: False
	F18_('E5', 'S5')_t3_max: 49914
	F24_('S3', 'E3')_t3_min: 63356
	F48_('S2', 'S3')_t3_max: 2111
	F46_('S5', 'S4')_gc: False
	F39_('S4', 'S3')_rr: 1
	F29_('S1', 'E1')_t4_min: 1193
	F23_('S4', 'S5')_gc: True
	F34_('S4', 'E4')_rr: 0
	F49_('S5', 'E5')_rr: 0
	F46_('S3', 'S2')_t4_max: 10190
	F36_('E1', 'S1')_gc: False
	F33_('S2', 'S3')_t5_min: 11898
	F37_('S3', 'S4')_t4_min: 3004
	F22_jitter: 258
	F21_('S3', 'S2')_rr: 0
	F18_('S4', 'S3')_gc: False
	F23_('S1', 'S2')_t3_max: 6632
	F41_('E5', 'S5')_t3_min: 7423
	F8_('S2', 'S1')_rr: 0
	F1_('S3', 'S4')_tb: 749
	F46_('E5', 'S5')_t3_max: 9355
	F35_('S3', 'S4')_gc: True
	F33_('S1', 'S2')_t4_min: 11658
	F48_('E2', 'S2')_t3_max: 1935
	F18_('S2', 'S1')_t4_min: 50087
	F45_jitter: 129
	F26_('S4', 'S3')_t4_min: 18012
	F39_('S2', 'S1')_t3_max: 81859
	F3_('S2', 'S1')_t3_max: 20909
	F43_('S1', 'E1')_rr: 0
	F41_('S3', 'S2')_gc: False
	F18_('S5', 'S4')_t4_max: 50054
	F10_('S3', 'S2')_gc: False
	F48_('S3', 'E3')_gc: True
	F2_('S3', 'S2')_t3_max: 125997
	F3_('S2', 'S1')_rr: 0
	F3_('S1', 'E1')_gc: False
	F39_('S5', 'S4')_gc: True
	F44_('S1', 'E1')_tb: 121479
	F5_('S3', 'S4')_gc: True
	F4_('S3', 'S2')_rr: 0
	F7_('S5', 'E5')_rr: 1
	F32_('S4', 'S3')_tb: 3623
	F40_jitter: 0
	F39_('E5', 'S5')_rr: 0
	F36_jitter: 129
	F6_('S1', 'S2')_t3_max: 73
	F8_('S2', 'S1')_t4_min: 7266
	F17_('S1', 'E1')_t4_min: 29080
	F26_('S4', 'S3')_rr: 4
	F25_('S3', 'S2')_t3_min: 59074
	F11_('S2', 'E2')_gc: False
	F29_('S3', 'S2')_t4_max: 1050
	F39_queue_index: 0
	F0_('S1', 'S2')_t4_max: 1097
	F12_('E3', 'S3')_rr: 0
	F13_('S3', 'S4')_rr: 0
	F31_('E1', 'S1')_rr: 0
	F26_('S3', 'E3')_t4_min: 18021
	F45_('S2', 'S1')_t4_max: 108473
	F30_('E4', 'S4')_t4_max: 50851
	F46_('S3', 'S2')_t3_max: 10066
	F24_('S4', 'S3')_gc: False
	F37_('E3', 'S3')_gc: False
	F8_('S1', 'E1')_t4_min: 7279
	F18_('E5', 'S5')_rr: 0
	F21_('S1', 'E1')_rr: 0
	F6_('S1', 'S2')_t5_max: 155
	F44_('S3', 'S2')_rr: 1
	F31_('S1', 'S2')_gc: True
	F1_('S3', 'S4')_t4_max: 878
	F47_('S3', 'E3')_rr: 0
	F4_('S2', 'E2')_gc: False
	F29_queue_index: 0
	F4_('S3', 'S2')_t4_max: 113331
	F11_('S4', 'S3')_t3_max: 54
	F22_('S4', 'S5')_t4_max: 60755
	F40_('S3', 'S2')_rr: 0
	F18_('S3', 'S2')_t3_min: 50076
	F9_('E1', 'S1')_gc: False
	F0_('S5', 'E5')_t4_min: 1482
	F8_jitter: 258
	F15_('S2', 'E2')_gc: False
	F48_('E2', 'S2')_gc: False
	F33_('S1', 'S2')_gc: False
	F25_('S3', 'S2')_t4_min: 59079
	F27_('E2', 'S2')_t3_max: 2782
	F18_('S5', 'S4')_gc: True
	F28_('S2', 'E2')_gc: True
	F33_('S1', 'S2')_t3_min: 11658
	F42_('S2', 'E2')_gc: False
	F45_('S1', 'E1')_gc: False
	F35_('S4', 'S5')_t4_max: 1557
	F13_('S3', 'S4')_t4_max: 1140
	F34_('E5', 'S5')_t3_max: 3422
	F19_('E4', 'S4')_t3_max: -72
	F11_('S3', 'S2')_t5_min: 148
	F41_('S2', 'E2')_t4_min: 7936
	F2_('S2', 'E2')_gc: False
	F22_('E4', 'S4')_t3_max: 60436
	F33_('S2', 'S3')_gc: False
	F46_('S2', 'S1')_rr: 0
	F33_jitter: 387
	F41_('S5', 'S4')_t4_max: 7488
	F42_('S2', 'E2')_rr: 0
	F8_('S2', 'S1')_gc: False
	F41_jitter: 0
	F23_('S1', 'S2')_gc: True
	F24_('S5', 'S4')_t3_max: 63094
	F24_('S3', 'E3')_t4_min: 63356
	F11_('E4', 'S4')_t3_max: -123
	F48_('S2', 'S3')_t5_max: 2156
	F43_('S2', 'S1')_t3_max: 12554
	F5_jitter: 129
	F15_('S2', 'E2')_rr: 0
	F10_('E3', 'S3')_t3_max: 5396
	F25_('S2', 'S1')_t4_min: 59150
	F19_('S2', 'S1')_rr: 0
	F34_('E5', 'S5')_gc: False
	F19_queue_index: 0
	F6_('S1', 'S2')_t4_min: 90
	F4_('E5', 'S5')_tb: 112816
	F30_('S1', 'E1')_rr: 0
	F34_('E5', 'S5')_rr: 0
	F19_('S4', 'S3')_t4_max: 231
	F49_('S4', 'S5')_t4_max: 9770
	F41_('S4', 'S3')_rr: 16
	F45_('S2', 'S1')_rr: 1
	F36_('S1', 'S2')_tb: 3632
	F0_('S3', 'S4')_rr: 8
	F14_('S5', 'E5')_t4_min: 5528
	F16_('E2', 'S2')_rr: 0
	F23_('E1', 'S1')_gc: False
	F40_('S3', 'S2')_t3_max: 1438
	F1_('S4', 'S5')_t3_min: 837
	F1_('S4', 'S5')_t4_max: 971
	F16_('S2', 'S1')_t4_min: 2648
	F28_('S3', 'S2')_t4_min: 105624
	F29_('S2', 'S1')_t5_max: 1191
	F37_('S3', 'S4')_t4_max: 3133
	F29_('S5', 'S4')_t3_min: 616
	F4_jitter: 387
	F20_queue_index: 0
	F5_('S3', 'S4')_rr: 1
	F23_('S3', 'S4')_gc: True
	F29_('E5', 'S5')_t3_max: 468
	F25_('S3', 'S2')_gc: True
	F42_('S3', 'S2')_gc: True
	F48_queue_index: 0
	F4_('S2', 'E2')_rr: 0
	F30_('S3', 'S2')_rr: 2
	F19_('S1', 'E1')_gc: False
	F14_queue_index: 0
	F5_('S4', 'E4')_gc: False
	F46_('S3', 'S2')_rr: 0
	F16_('S2', 'S1')_gc: True
	F0_jitter: 0
	F6_('S3', 'S4')_rr: 0
	F23_('S4', 'S5')_rr: 8
	F49_('S4', 'S5')_rr: 0
	F35_('E3', 'S3')_t3_max: 1167
	F39_('S5', 'S4')_t4_max: 81811
	F17_('E2', 'S2')_t5_min: 28876
	F41_('S4', 'S3')_gc: True
	F37_('S3', 'S4')_t3_max: 3009
	F23_('E1', 'S1')_t3_max: 6467
	F18_('S3', 'S2')_rr: 0
	F45_queue_index: 0
	F8_('E2', 'S2')_tb: 7253
	F18_('S2', 'S1')_rr: 0
	F31_jitter: 0
	F41_('S3', 'S2')_t4_min: 7619
	('S5', 'S4')_gcl_length: 172
	F34_queue_index: 0
	F37_('S4', 'E4')_t5_min: 3222
	F46_('E5', 'S5')_rr: 0
	F20_('S4', 'E4')_rr: 1
	F36_('S3', 'E3')_tb: 3745
	F6_jitter: 0
	F39_('S3', 'S2')_t5_max: 81852
	F34_('E5', 'S5')_t5_max: 3651
	F18_queue_index: 0
	F2_('S3', 'S2')_t4_min: 125992
	F3_queue_index: 0
	F46_('S1', 'E1')_t4_min: 10019
	F18_('S5', 'S4')_t3_max: 50054
	F6_('S3', 'S4')_t4_max: 482
	F32_('S4', 'S3')_gc: True
	F4_('S3', 'S2')_gc: False
	F47_('S4', 'S3')_t4_min: 121200
	F17_('S2', 'S1')_gc: False
	F10_('S2', 'E2')_t4_min: 5758
	F32_('S3', 'E3')_rr: 4
	F28_queue_index: 0
	F41_('S4', 'S3')_t4_min: 7559
	F47_('S3', 'E3')_gc: False
	F46_('S5', 'S4')_rr: 0
	F35_('S5', 'E5')_t3_max: 1647
	F21_('S1', 'E1')_gc: False
	F4_('S2', 'E2')_t4_min: 113116
	F42_('S3', 'S2')_t4_min: 349
	F14_('E4', 'S4')_t5_max: 5401
	F49_('E4', 'S4')_rr: 0
	F34_('S4', 'E4')_gc: False
	F19_('E4', 'S4')_t3_min: 52
	F20_('S4', 'E4')_gc: True
	F39_('S4', 'S3')_gc: True
	F22_('S4', 'S5')_t4_min: 60626
	F14_('S4', 'S5')_t4_max: 5415
	F23_('S4', 'S5')_t4_max: 7010
	('S3', 'S4')_gcl_length: 66
	F36_('S1', 'S2')_rr: 32
	F40_('E3', 'S3')_gc: False
	('E5', 'S5')_gcl_cycle: 1
	F39_('E5', 'S5')_gc: False
	F39_('E5', 'S5')_t3_max: 81671
	F44_('S4', 'S3')_t4_max: 121002
	F39_('S2', 'S1')_t4_min: 81983
	F36_('E1', 'S1')_t3_max: 3387
	F42_('S3', 'S2')_t3_max: 349
	F28_('E5', 'S5')_rr: 0
	F12_('S3', 'S4')_t3_max: 1526
	F34_('S5', 'S4')_t4_min: 3658
	F26_('S5', 'S4')_t4_min: 17869
	F45_('S4', 'S3')_t5_min: 108452
	F45_('S3', 'S2')_gc: True
	F29_('E5', 'S5')_t3_min: 592
	F42_('S2', 'E2')_t4_min: 455
	F14_('S5', 'E5')_t3_min: 5523
	F0_('E1', 'S1')_t3_max: 802
	F9_('S1', 'S2')_gc: True
	F18_('S4', 'S3')_rr: 0
	F0_('S4', 'S5')_t4_min: 1233
	F5_('S4', 'E4')_t4_min: 18911
	F28_('S4', 'S3')_t4_min: 105546
	F25_('S3', 'S2')_rr: 2
	F23_('S2', 'S3')_t5_min: 6953
	F13_queue_index: 0
	F41_queue_index: 0
	F49_jitter: 258
	F39_('S1', 'E1')_t4_min: 81994
	F35_('S4', 'S5')_t4_min: 1557
	F25_('E3', 'S3')_t5_max: 59072
	F11_jitter: 258
	F11_('E4', 'S4')_gc: False
	F29_('S1', 'E1')_rr: 0
	F42_('E3', 'S3')_tb: 238
	F29_('S5', 'S4')_t4_max: 745
	F0_('S1', 'S2')_t3_max: 973
	F2_('S3', 'S2')_t3_min: 125992
	F14_('S5', 'E5')_t3_max: 5528
	F40_('S2', 'S1')_rr: 0
	F27_jitter: 0
	F44_('S1', 'E1')_t4_min: 121479
	F46_('S4', 'S3')_gc: False
	F27_('S2', 'S1')_tb: 2964
	F44_jitter: 0
	F29_('S1', 'E1')_gc: False
	F22_('S4', 'S5')_t3_max: 60631
	F27_('S1', 'E1')_gc: True
	F39_('S4', 'S3')_t4_max: 81827
	F26_queue_index: 0
	F31_('S1', 'S2')_rr: 2
	F30_('S2', 'S1')_rr: 2
	F19_('S1', 'E1')_rr: 0
	F23_('S3', 'S4')_rr: 4
	F35_('S3', 'S4')_tb: 1437
	F4_queue_index: 0
	F1_('E3', 'S3')_t5_max: 747
	F41_('E5', 'S5')_rr: 0
	F44_('E4', 'S4')_t3_max: 120789
	F45_('S3', 'S2')_t4_max: 108459
	F20_('E3', 'S3')_rr: 0
	F23_('S5', 'E5')_gc: True
	F29_('S5', 'S4')_rr: 0
	F7_('S4', 'S5')_t4_min: 57408
	F45_('S2', 'S1')_t4_min: 108473
	F44_('E4', 'S4')_rr: 0
	F10_queue_index: 0
	F9_('S1', 'S2')_t3_max: 117885
	F38_('S2', 'S3')_t4_max: 31212
	F47_('S3', 'E3')_t4_min: 121289
	F36_('S3', 'E3')_t5_min: 3770
	F23_('S3', 'S4')_t4_max: 6969
	F23_('E1', 'S1')_rr: 0
	F36_('S2', 'S3')_rr: 4
	F40_('S3', 'S2')_t4_max: 1562
	F28_('S5', 'S4')_t4_min: 105468
	F49_('S4', 'S5')_t4_min: 9641
	F1_('S4', 'S5')_rr: 16
	F27_('E2', 'S2')_rr: 0
	F19_('S4', 'S3')_rr: 8
	F41_('S5', 'S4')_t3_max: 7488
	F14_('S4', 'S5')_t4_min: 5415
	F17_('S2', 'S1')_rr: 0
	F28_('E5', 'S5')_t4_max: 105390
	F7_('S4', 'S5')_rr: 1
	F39_('S1', 'E1')_tb: 81994
	('S4', 'S5')_gcl_cycle: 64000
	F28_('S3', 'S2')_t4_max: 105624
	F25_('E3', 'S3')_gc: False
	F29_('S3', 'S2')_t4_min: 1050
	F49_('S5', 'E5')_t5_min: 9877
	F36_('S3', 'E3')_rr: 0
	F37_('S4', 'E4')_t4_min: 3114
	F29_('S4', 'S3')_rr: 0
	F9_('S2', 'S3')_t4_max: 118086
	F30_queue_index: 0
	('S3', 'S4')_gcl_cycle: 32000
	F1_('E3', 'S3')_t3_max: 537
	('S5', 'S4')_gcl_cycle: 128000
	F44_('S3', 'S2')_gc: True
	F2_('E3', 'S3')_gc: False
	F17_jitter: 0
	F30_('S3', 'S2')_t4_max: 51136
	F27_('E2', 'S2')_gc: False
	F21_('S3', 'S2')_t4_min: 51770
	F13_('E2', 'S2')_t3_max: 315
	F18_('S4', 'S3')_t4_min: 50065
	F11_('E4', 'S4')_t4_min: 1
	F9_queue_index: 0
	F45_('S4', 'S3')_t4_max: 108445
	F7_('S4', 'S5')_gc: True
	F3_('S1', 'E1')_t3_min: 20920
	F33_('E1', 'S1')_t3_max: 11413
	F40_('S3', 'S2')_t4_min: 1433
	F26_('E5', 'S5')_t3_max: 17736
	F47_('S4', 'S3')_gc: True
	F27_('S2', 'S1')_t4_min: 2964
	F17_('E2', 'S2')_t3_max: 28686
	F38_('S3', 'E3')_t4_min: 30962
	F1_('S3', 'S4')_t4_min: 749
	F32_('S3', 'E3')_t3_max: 3687
	F24_('E5', 'S5')_rr: 0
	F5_('S3', 'S4')_t3_max: 18900
	F17_('E2', 'S2')_gc: False
	F41_('E5', 'S5')_t3_max: 7299
	F19_('S2', 'S1')_t4_max: 474
	F26_('S5', 'S4')_t4_max: 17998
	F19_('E4', 'S4')_t5_max: 99
	F0_('S5', 'E5')_gc: True
	F34_('S5', 'S4')_t3_max: 3658
	F45_('S3', 'S2')_rr: 1
	F28_('S5', 'S4')_t3_max: 105468
	F3_('S1', 'E1')_rr: 0
	F29_('S4', 'S3')_gc: False
	F20_('S3', 'S4')_gc: False
	F2_('E3', 'S3')_rr: 0
	F5_('E3', 'S3')_rr: 0
	F49_('E4', 'S4')_gc: False
	F0_('E1', 'S1')_rr: 0
	F24_('S5', 'S4')_rr: 2
	F0_('S4', 'S5')_rr: 0
	F31_('S2', 'E2')_gc: True
	('S5', 'E5')_gcl_cycle: 64000
	F16_('S2', 'S1')_t4_max: 2648
	F6_('S1', 'S2')_rr: 64
	F1_queue_index: 0
	F13_('S2', 'S3')_t4_min: 970
	F47_('S4', 'S3')_t4_max: 121200
	F34_('E5', 'S5')_t5_min: 3651
	F47_('E4', 'S4')_t4_min: 120983
	F43_('E2', 'S2')_t3_max: 12355
	F38_('S2', 'S3')_t4_min: 30954
	F35_('S3', 'S4')_t4_min: 1437
	F2_jitter: 258
	F47_queue_index: 0
	F11_('S3', 'S2')_t4_max: 231
	F32_('S4', 'S3')_t4_min: 3623
	F21_('S3', 'S2')_gc: False
	F6_('S1', 'S2')_t4_max: 90
	F18_('S1', 'E1')_t4_min: 50098
	F38_('S3', 'E3')_rr: 0
	F33_('S2', 'S3')_t4_max: 12037
	F25_('E3', 'S3')_t3_min: 59003
	F44_('S3', 'S2')_tb: 121203
	F16_jitter: 129
	F45_('E4', 'S4')_t3_max: 108184
	F29_('S5', 'S4')_t3_max: 621
	F19_('S2', 'S1')_t5_min: 392
	F18_('S2', 'S1')_gc: False
	F19_('S3', 'S2')_tb: 296
	F35_('S4', 'S5')_gc: True
	F34_('S5', 'S4')_t3_min: 3653
	F43_queue_index: 0
	F30_('E4', 'S4')_gc: False
	F16_('S2', 'S1')_t3_max: 2539
	F32_('S4', 'S3')_t4_max: 3623
	F48_('S3', 'E3')_t4_min: 2288
	F21_('S2', 'S1')_t4_min: 51882
	F11_('S2', 'E2')_rr: 0
	F38_('S2', 'S3')_rr: 0
	F11_('S4', 'S3')_gc: True
	F44_('S4', 'S3')_gc: True
	F28_('S4', 'S3')_t4_max: 105546
	F12_('E3', 'S3')_t5_min: 1519
	F39_('S5', 'S4')_rr: 1
	F32_('S5', 'S4')_rr: 32
	F32_('E5', 'S5')_t4_min: 3488
	F46_jitter: 645
	F36_('S1', 'S2')_gc: True
	F46_queue_index: 0
	F0_('S2', 'S3')_gc: True
	F36_('S1', 'S2')_t4_min: 3632
	F14_('E4', 'S4')_rr: 0
	F24_queue_index: 0
	F6_('S3', 'S4')_t4_min: 224
	F44_('S4', 'S3')_t4_min: 121002
	F25_('S1', 'E1')_t3_max: 59355
	F26_('S5', 'S4')_t5_min: 17876
	F27_('S1', 'E1')_rr: 32
	F48_('S3', 'E3')_t3_min: 2158
	F1_('E3', 'S3')_t3_min: 661
	F13_('S2', 'S3')_t3_min: 480
	F24_('E5', 'S5')_t5_max: 63087
	F47_('E4', 'S4')_tb: 120983
	F35_('S5', 'E5')_tb: 1647
	F0_('S4', 'S5')_tb: 1233
	F39_('S2', 'S1')_t3_min: 81854
	F4_('S4', 'S3')_t3_min: 113030
	F23_('E1', 'S1')_t5_max: 6625
	F11_('E4', 'S4')_t4_max: 1
	F22_('S5', 'E5')_t4_max: 60950
	F21_('S2', 'S1')_t5_max: 52250
	F6_('S4', 'S5')_t3_min: 291
	F46_('S2', 'S1')_tb: 9911
	F19_('E4', 'S4')_t5_min: 99
	F26_('E5', 'S5')_t3_min: 17860
	F13_('S3', 'S4')_tb: 1011
	F28_('S2', 'E2')_t3_min: 105697
	F46_('S2', 'S1')_t5_min: 10017
	F5_('S3', 'S4')_t5_max: 18909
	F45_('E4', 'S4')_t4_min: 108308
	F40_('S1', 'E1')_t3_max: 1812
	F5_('E3', 'S3')_t5_min: 18893
	F21_('S2', 'S1')_t3_min: 51882
	F45_('S3', 'S2')_tb: 108459
	F33_('S3', 'E3')_t5_max: 12406
	F9_('S3', 'E3')_t4_max: 118287
	F1_('S5', 'E5')_t4_max: 1188
	F18_('S1', 'E1')_tb: 50098
	F35_('E3', 'S3')_t3_min: 1291
	F28_('S4', 'S3')_t5_min: 105617
	F43_('E2', 'S2')_t5_min: 12547
	F32_('S3', 'E3')_t4_max: 3687
	F0_('S4', 'S5')_t5_max: 1402
	F40_('S1', 'E1')_t5_max: 1993
	F19_('S2', 'S1')_t3_min: 345
	F46_('S5', 'S4')_t5_min: 9693
	F8_('S1', 'E1')_tb: 7279
	F14_('E4', 'S4')_t5_min: 5401
	F47_('E4', 'S4')_t3_min: 120983
	F15_('S3', 'S2')_t5_max: 17393
	F14_('S4', 'S5')_t5_min: 5521
	F7_('E4', 'S4')_t5_max: 57401
	F14_('S4', 'S5')_t5_max: 5521
	F10_('S2', 'E2')_t3_max: 5892
	F6_('S3', 'S4')_t3_max: 358
	F14_('S4', 'S5')_tb: 5415
	F47_('S3', 'E3')_t5_min: 121376
	F41_('S2', 'E2')_t3_max: 7813
	F1_('S3', 'S4')_t5_max: 964
	F30_('S1', 'E1')_t3_max: 51297
	F7_('S5', 'E5')_t3_max: 57528
	F41_('S5', 'S4')_t5_max: 7546
	F4_('S3', 'S2')_t3_max: 113207
	F18_('S2', 'S1')_tb: 50087
	F10_('S3', 'S2')_t5_max: 5885
	('S5', 'E5')_gcl_length: 132
	F35_('E3', 'S3')_t5_max: 1374
	F18_('S3', 'S2')_tb: 50076
	F34_('S4', 'E4')_tb: 3765
	F8_('S2', 'S1')_t5_min: 7277
	F40_('S1', 'E1')_tb: 1937
	F37_('E3', 'S3')_t4_min: 2894
	F36_('S3', 'E3')_t5_max: 3899
	F18_('S2', 'S1')_t5_min: 50096
	F12_('E3', 'S3')_t4_min: 1466
	F9_('S2', 'S3')_t5_min: 118027
	F0_('S5', 'E5')_t3_max: 1409
	F16_('E2', 'S2')_t3_min: 2411
	F18_('S3', 'S2')_t3_max: 50210
	F10_('E3', 'S3')_t5_min: 5637
	F45_('E4', 'S4')_t5_max: 108315
	F15_('E4', 'S4')_t3_min: 16945
	F26_('S4', 'S3')_t5_max: 18019
	F11_('E4', 'S4')_t5_min: 47
	F25_('E3', 'S3')_tb: 59003
	F35_('S4', 'S5')_t5_min: 1640
	F21_('E3', 'S3')_t4_min: 51658
	('S1', 'S2')_gcl_length: 230
	F44_('S1', 'E1')_t3_max: 121479
	F21_('S2', 'S1')_tb: 51882
	F49_('S5', 'E5')_t3_max: 9894
	F20_('E3', 'S3')_t3_min: 525
	F10_('E3', 'S3')_t3_min: 5520
	F19_('S2', 'S1')_t5_max: 521
	F32_('S3', 'E3')_tb: 3687
	F28_('S5', 'S4')_t5_max: 105539
	('S1', 'E1')_gcl_length: 196
	F7_('E4', 'S4')_t3_min: 57288
	F23_('S2', 'S3')_t3_min: 6791
	F28_('S4', 'S3')_t3_max: 105546
	F45_('S4', 'S3')_t5_max: 108452
	F20_('S3', 'S4')_t5_max: 748
	F48_('S2', 'S3')_t5_min: 2156
	F28_('E5', 'S5')_t3_min: 105390
	F31_('E1', 'S1')_t5_min: 6181
	F6_('S1', 'S2')_tb: 90
	F45_('E4', 'S4')_t3_min: 108308
	F37_('E3', 'S3')_t5_max: 3002
	F41_('S2', 'E2')_t4_max: 7936
	F11_('E4', 'S4')_t3_min: 1
	F46_('S3', 'S2')_t5_min: 9909
	F18_('S4', 'S3')_t5_max: 50203
	F44_('S3', 'S2')_t3_max: 121078
	F40_('E3', 'S3')_t5_max: 1431
	F13_('E2', 'S2')_t5_max: 478
	F48_('S3', 'E3')_tb: 2288
	F48_('S3', 'E3')_t5_max: 2333
	F23_('S2', 'S3')_t3_max: 6796
	F0_('S2', 'S3')_t3_max: 1144
	F4_('S2', 'E2')_t5_max: 113544
	F8_('S1', 'E1')_t3_min: 7279
	F23_('S2', 'S3')_t5_max: 6953
	F21_('S3', 'S2')_t5_min: 51880
	F26_('S4', 'S3')_tb: 18012
	F29_('S5', 'S4')_tb: 616
	F3_('E2', 'S2')_tb: 20888
	F36_('E1', 'S1')_t4_min: 3511
	F48_('E2', 'S2')_t4_max: 2059
	F44_('S1', 'E1')_t3_min: 121345
	F36_('S2', 'S3')_t3_max: 3664
	F18_('S5', 'S4')_t5_max: 50063
	F20_('S3', 'S4')_t3_min: 573
	('S2', 'S3')_gcl_length: 30
	F34_('S5', 'S4')_t5_min: 3763
	F24_('S4', 'S3')_tb: 63287
	F28_('S5', 'S4')_t3_min: 105463
	F46_('S1', 'E1')_t3_max: 10540
	F39_('S2', 'S1')_t5_max: 81992
	F22_('E4', 'S4')_t5_max: 60624
	F3_('S1', 'E1')_t4_max: 21178
	F4_('S2', 'E2')_t4_max: 113503
	F25_('E3', 'S3')_t4_min: 59003
	F36_('S1', 'S2')_t3_min: 3538
	F14_('E4', 'S4')_t3_min: 5295
	F9_('S2', 'S3')_t3_max: 117962
	F9_('S2', 'S3')_t5_max: 118156
	F46_('E5', 'S5')_t5_min: 9585
	F40_('S3', 'S2')_t5_max: 1618
	F6_('S5', 'E5')_t3_min: 621
	F6_('S2', 'S3')_t3_max: 162
	F47_('S3', 'E3')_t5_max: 121505
	F6_('S5', 'E5')_tb: 626
	F28_('S2', 'E2')_tb: 105825
	F15_('S3', 'S2')_tb: 17331
	F49_('S5', 'E5')_t3_min: 9760
	F49_('S4', 'S5')_tb: 9641
	F22_('E4', 'S4')_t5_min: 60624
	F35_('E3', 'S3')_t5_min: 1374
	F8_('S1', 'E1')_t4_max: 7537
	F39_('S4', 'S3')_tb: 81827
	F22_('S4', 'S5')_t5_max: 60819
	F46_('S1', 'E1')_t4_max: 10664
	F33_('S3', 'E3')_t3_min: 11900
	F3_('S1', 'E1')_t5_max: 21192
	F30_('S1', 'E1')_t5_min: 51304
	F24_('S4', 'S3')_t3_min: 63287
	F18_('S4', 'S3')_tb: 50065
	F46_('S2', 'S1')_t3_min: 9911
	F22_('S5', 'E5')_t3_min: 60692
	('S3', 'E3')_gcl_length: 10
	F30_('E4', 'S4')_t3_min: 50851
	F7_('E4', 'S4')_tb: 57288
	F44_('S4', 'S3')_t3_min: 120984
	F42_('S2', 'E2')_t3_max: 460
	F19_('S2', 'S1')_t3_max: 350
	F3_('S1', 'E1')_t5_min: 20934
	('E2', 'S2')_gcl_length: 0
	F30_('S3', 'S2')_tb: 51136
	F0_('E1', 'S1')_t5_min: 966
	F18_('S4', 'S3')_t3_min: 50065
	F48_('S2', 'S3')_t3_min: 2106
	F33_('S1', 'S2')_t5_min: 11777
	F28_('S3', 'S2')_t3_max: 105624
	F0_('S2', 'S3')_t3_min: 1010
	F38_('S1', 'S2')_t5_max: 31081
	F15_('S3', 'S2')_t3_min: 17073
	F22_('S5', 'E5')_t5_min: 60756
	F40_('S3', 'S2')_t3_min: 1433
	F43_('E2', 'S2')_t4_max: 12479
	F44_('S1', 'E1')_t4_max: 121479
	F37_('E3', 'S3')_tb: 2894
	F36_('E1', 'S1')_t3_min: 3511
	F19_('S1', 'E1')_t3_max: 528
	F4_('S2', 'E2')_tb: 113116
	('S4', 'S5')_gcl_length: 132
	F33_('S1', 'S2')_tb: 11658
	F5_('S4', 'E4')_t4_max: 19040
	F30_('E4', 'S4')_t5_min: 50863
	F29_('S1', 'E1')_tb: 1193
	F6_('E1', 'S1')_tb: 1
	F7_('S4', 'S5')_t5_min: 57521
	F46_('E5', 'S5')_t5_max: 9585
	F49_('S4', 'S5')_t3_min: 9641
	F39_('S1', 'E1')_t5_max: 82132
	F28_('S2', 'E2')_t3_max: 105702
	F22_('S4', 'S5')_t5_min: 60690
	F36_('S3', 'E3')_t3_max: 3750
	F2_('S2', 'E2')_tb: 126095
	F32_('E5', 'S5')_t3_min: 3488
	F39_('S3', 'S2')_t3_max: 81843
	F0_('E1', 'S1')_tb: 926
	F47_('S4', 'S3')_t5_max: 121287
	F16_('S1', 'E1')_t3_max: 2776
	F43_('S1', 'E1')_t5_min: 12687
	F17_('S1', 'E1')_t5_max: 29146
	F24_('E5', 'S5')_t4_max: 63020
	('E4', 'S4')_gcl_length: 0
	F44_('S3', 'S2')_t5_min: 121272
	F18_('S1', 'E1')_t3_min: 50098
	F39_('S5', 'S4')_tb: 81811
	F47_('S4', 'S3')_t5_min: 121287
	F35_('S4', 'S5')_tb: 1557
	F44_('S2', 'S1')_t5_max: 121472
	F10_('E3', 'S3')_t4_min: 5520
	F17_('E2', 'S2')_t3_min: 28810
	F45_('E4', 'S4')_t4_max: 108308
	F40_('E3', 'S3')_t5_min: 1431
	F45_('S1', 'E1')_tb: 108482
	F47_('S3', 'E3')_t3_min: 121289
	F41_('E5', 'S5')_t5_max: 7481
	F13_('S4', 'E4')_t4_max: 1310
	F46_('S1', 'E1')_t5_min: 10125
	F12_('S3', 'S4')_t5_max: 1704
	F21_('S1', 'E1')_t4_max: 52381
	F45_('S2', 'S1')_t5_max: 108480
	F5_('S4', 'E4')_tb: 18911
	F39_('S4', 'S3')_t3_max: 81827
	F6_('S4', 'S5')_t5_min: 619
	F49_('E4', 'S4')_t3_min: 9522
	F1_('S5', 'E5')_tb: 1059
	F10_('E3', 'S3')_tb: 5520
	F19_('E4', 'S4')_t4_max: 52
	F49_('S4', 'S5')_t5_max: 9887
	F27_('E2', 'S2')_t4_min: 2906
	F46_('S3', 'S2')_tb: 9803
	F26_('S4', 'S3')_t3_min: 17878
	F0_('S3', 'S4')_t3_max: 1191
	F43_('S2', 'S1')_t5_min: 12617
	F10_('S2', 'E2')_t5_max: 6133
	F39_('S2', 'S1')_tb: 81983
	F17_('E2', 'S2')_tb: 28810
	('E1', 'S1')_gcl_length: 0
	F30_('S2', 'S1')_tb: 51278
	F6_('S3', 'S4')_tb: 224
	F2_('E3', 'S3')_t4_max: 125889
	F3_('E2', 'S2')_t3_min: 20888
	F18_('S1', 'E1')_t5_max: 50623
	F32_('S4', 'S3')_t5_min: 3680
	F21_('S3', 'S2')_t5_max: 52009
	F8_('S1', 'E1')_t5_min: 7290
	F43_('S1', 'E1')_t3_max: 12753
	F29_('S4', 'S3')_t5_min: 662
	F2_('E3', 'S3')_t3_min: 125889
	F12_('S4', 'E4')_t3_min: 1706
	F41_('S2', 'E2')_t5_max: 7994
	F34_('S4', 'E4')_t3_min: 3765
	F28_('S4', 'S3')_t3_min: 105541
	F30_('S3', 'S2')_t5_max: 51148
	F26_('S4', 'S3')_t5_min: 18019
	F8_('E2', 'S2')_t5_max: 7264
	F35_('S5', 'E5')_t5_min: 1730
	F45_('S1', 'E1')_t5_max: 108618
	F24_('E5', 'S5')_tb: 63020
	F29_('S3', 'S2')_t5_min: 1072
	F46_('E5', 'S5')_t4_max: 9479
	F48_('E2', 'S2')_t4_min: 2059
	F28_('S2', 'E2')_t5_min: 105896
	F27_('E2', 'S2')_t3_min: 2906
	F20_('S4', 'E4')_t3_max: 755
	F39_('S3', 'S2')_t5_min: 81852
	F43_('S1', 'E1')_t5_max: 12945
	F23_('S4', 'S5')_t5_max: 7044
	F46_('S2', 'S1')_t5_max: 10533
	F41_('S3', 'S2')_t5_min: 7677
	F11_('S4', 'S3')_tb: 54
	F9_('S1', 'S2')_t3_min: 117880
	F43_('S1', 'E1')_t3_min: 12619
	F15_('E4', 'S4')_t4_min: 16945
	F38_('E1', 'S1')_t5_max: 30944
	F31_('S1', 'S2')_t5_min: 6333
	F29_('E5', 'S5')_t5_min: 614
	F4_('S4', 'S3')_t5_max: 113200
	F11_('S4', 'S3')_t5_max: 100
	F38_('S2', 'S3')_t5_min: 30960
	F35_('S4', 'S5')_t5_max: 1640
	F28_('S2', 'E2')_t5_max: 105896
	F14_('E4', 'S4')_t4_min: 5295
	F18_('E5', 'S5')_t4_max: 50038
	F16_('E2', 'S2')_t4_max: 2411
	F41_('E5', 'S5')_t5_min: 7481
	F30_('S3', 'S2')_t5_min: 51148
	F41_('S5', 'S4')_t5_min: 7546
	F12_('S4', 'E4')_t3_max: 1711
	F33_('E1', 'S1')_t4_min: 11537
	F10_('S3', 'S2')_tb: 5639
	F47_('S3', 'E3')_t3_max: 121294
	F24_('S4', 'S3')_t3_max: 63292
	F26_('S3', 'E3')_t3_min: 18021
	F15_('S2', 'E2')_tb: 17395
	F48_('E2', 'S2')_tb: 2059
	F39_('S2', 'S1')_t5_min: 81992
	F31_('S2', 'E2')_t4_max: 6340
	F30_('S2', 'S1')_t3_max: 51155
	F17_('S1', 'E1')_t3_max: 29080
	F42_('S2', 'E2')_tb: 455
	F35_('E3', 'S3')_t4_max: 1291
	F12_('S4', 'E4')_tb: 1711
	F44_('S1', 'E1')_t5_min: 121548
	F26_('S5', 'S4')_t3_min: 17869
	F1_('S4', 'S5')_t5_min: 1057
	F31_('S2', 'E2')_t3_max: 6340
	F5_('S4', 'E4')_t3_max: 18916
	F5_('E3', 'S3')_t3_min: 18884
	F43_('S2', 'S1')_t3_min: 12549
	F36_('E1', 'S1')_t5_max: 3536
	F26_('E5', 'S5')_t4_max: 17860
	F23_('S4', 'S5')_t3_min: 7005
	F6_('S3', 'S4')_t5_max: 547
	F16_('S1', 'E1')_t5_min: 2892
	F28_('S3', 'S2')_t5_max: 105695
	F6_('E1', 'S1')_t5_max: 66
	F9_('S3', 'E3')_t5_max: 118357
	F42_('S2', 'E2')_t5_min: 559
	F37_('S4', 'E4')_t4_max: 3372
	F23_('S5', 'E5')_t3_max: 7051
	F0_('S5', 'E5')_tb: 1482
	F39_('S3', 'S2')_tb: 81843
	F3_('S2', 'S1')_t5_min: 20918
	F39_('S1', 'E1')_t3_max: 81999
	F0_('S5', 'E5')_t3_min: 1275
	F0_('S3', 'S4')_tb: 1191
	F5_('S4', 'E4')_t3_min: 18911
	F37_('S3', 'S4')_tb: 3004
	F25_('S3', 'S2')_t5_min: 59148
	F12_('E3', 'S3')_tb: 1466
	F45_('S2', 'S1')_t3_min: 108468
	F39_('S3', 'S2')_t3_min: 81838
	F23_('S1', 'S2')_t5_min: 6789
	F9_('S1', 'S2')_t5_max: 117955
	F18_('S4', 'S3')_t3_max: 50070
	F13_('E2', 'S2')_t4_min: 439
	F30_('S4', 'S3')_t5_min: 50877
	F29_('E5', 'S5')_t4_max: 592
	F0_('S4', 'S5')_t3_min: 1233
	F6_('S3', 'S4')_t3_min: 224
	F9_('E1', 'S1')_tb: 117808
	F24_('S5', 'S4')_t5_max: 63285
	('E5', 'S5')_gcl_length: 0
	F3_('S2', 'S1')_t3_min: 20904
	F5_('S3', 'S4')_t3_min: 18895
	F32_('S5', 'S4')_tb: 3559
	F33_('S3', 'E3')_t4_max: 12287
	F13_('S3', 'S4')_t3_min: 1011
	F16_('S2', 'S1')_t5_min: 2769
	F6_('S1', 'S2')_t5_min: 155
	F39_('E5', 'S5')_t4_min: 81795
	F26_('E5', 'S5')_t4_min: 17860
	F27_('S2', 'S1')_t5_min: 3020
	F1_('E3', 'S3')_t4_max: 661
	('E3', 'S3')_gcl_length: 0
	F21_('S1', 'E1')_tb: 51994
	F48_('S3', 'E3')_t4_max: 2288
	F16_('S1', 'E1')_tb: 2771
	F4_('S4', 'S3')_tb: 113030
	F12_('E3', 'S3')_t5_max: 1519
	F16_('S2', 'S1')_t5_max: 2769
	F15_('S2', 'E2')_t3_max: 17400
	F27_('S1', 'E1')_t5_min: 3220
	F25_('S1', 'E1')_t5_min: 59290
	F24_('S3', 'E3')_t4_max: 63614
	F7_('S5', 'E5')_t5_max: 57641
	F26_('S3', 'E3')_t3_max: 18026
	F15_('S4', 'S3')_tb: 17009
	F2_('S3', 'S2')_t5_max: 126222
	F34_('S4', 'E4')_t5_max: 3999
	F23_('S2', 'S3')_tb: 6919
	F11_('E4', 'S4')_t5_max: 47
	F42_('E3', 'S3')_t4_max: 238
	F40_('S2', 'S1')_t3_max: 1625
	F19_('S1', 'E1')_t3_min: 394
	F8_('E2', 'S2')_t5_min: 7264
	F46_('S3', 'S2')_t3_min: 9803
	F31_('S2', 'E2')_t5_min: 6454
	F42_('S3', 'S2')_tb: 349
	F1_('S5', 'E5')_t3_min: 1059
	F31_('S1', 'S2')_t3_min: 6183
	F16_('S1', 'E1')_t3_min: 2771
	F3_('E2', 'S2')_t4_min: 20888
	F38_('S2', 'S3')_t3_min: 30954
	F43_('S1', 'E1')_t4_max: 12877
	F2_('E3', 'S3')_t5_max: 125990
	F36_('S1', 'S2')_t5_max: 3657
	F0_('S1', 'S2')_t3_min: 968
	F20_('S4', 'E4')_t5_min: 924
	F24_('S4', 'S3')_t5_max: 63483
	F24_('E5', 'S5')_t5_min: 63087
	F6_('E1', 'S1')_t4_min: 1
	F15_('S2', 'E2')_t4_max: 17524
	F40_('E3', 'S3')_t4_min: 1375
	F27_('E2', 'S2')_t4_max: 2906
	F29_('S3', 'S2')_t3_min: 664
	F0_('S5', 'E5')_t5_max: 1522
	F10_('S2', 'E2')_t5_min: 5875
	F23_('E1', 'S1')_t4_max: 6591
	F45_('S4', 'S3')_tb: 108445
	F33_('S2', 'S3')_tb: 11779
	F9_('E1', 'S1')_t5_min: 117878
	F39_('S1', 'E1')_t5_min: 82003
	F7_('S4', 'S5')_tb: 57408
	F44_('S4', 'S3')_t5_min: 121071
	F21_('S1', 'E1')_t3_min: 51994
	F38_('S2', 'S3')_tb: 30954
	F17_('E2', 'S2')_t5_max: 28876
	F25_('E3', 'S3')_t4_max: 59003
	F23_('S4', 'S5')_tb: 7010
	F42_('S3', 'S2')_t5_min: 453
	F23_('S5', 'E5')_t4_max: 7174
	F19_('S1', 'E1')_t4_max: 652
	F11_('E4', 'S4')_tb: 1
	F15_('S4', 'S3')_t5_max: 17200
	F44_('S2', 'S1')_tb: 121274
	F31_('S2', 'E2')_t3_min: 6335
	F24_('E5', 'S5')_t4_min: 63020
	F25_('S3', 'S2')_t5_max: 59148
	F15_('E4', 'S4')_t4_max: 16945
	F28_('S3', 'S2')_t3_min: 105619
	F49_('E4', 'S4')_tb: 9522
	F49_('S5', 'E5')_t5_max: 10135
	F32_('S3', 'E3')_t3_min: 3682
	F3_('E2', 'S2')_t5_max: 20902
	F1_('S4', 'S5')_tb: 971
	('S4', 'S3')_gcl_length: 194
	F29_('S1', 'E1')_t5_max: 1344
	F37_('S4', 'E4')_tb: 3114
	F11_('S2', 'E2')_tb: 150
	F45_('S2', 'S1')_t3_max: 108473
	F48_('E2', 'S2')_t5_min: 2104
	F17_('S1', 'E1')_t4_max: 29080
	F47_('S3', 'E3')_t4_max: 121418
	F44_('S3', 'S2')_t5_max: 121272
	F42_('S3', 'S2')_t3_min: 344
	F39_('S4', 'S3')_t5_max: 81836
	F23_('S4', 'S5')_t5_min: 7044
	F19_('S4', 'S3')_t5_max: 278
	F5_('S4', 'E4')_t5_max: 19049
	F21_('S3', 'S2')_t3_min: 51770
	F17_('S1', 'E1')_t5_min: 29146
	F20_('E3', 'S3')_t5_max: 571
	F49_('E4', 'S4')_t5_max: 9639
	F14_('S5', 'E5')_t5_max: 5634
	F1_('S5', 'E5')_t5_min: 1145
	F24_('S3', 'E3')_tb: 63356
	F41_('S3', 'S2')_t5_max: 7806
	F2_('E3', 'S3')_t5_min: 125990
	F34_('E5', 'S5')_t4_min: 3546
	F26_('S3', 'E3')_t5_min: 18028
	F36_('E1', 'S1')_t5_min: 3536
	F25_('S2', 'S1')_t3_max: 59155
	F15_('S2', 'E2')_t5_min: 17457
	F0_('S1', 'S2')_t5_min: 1008
	F12_('S4', 'E4')_t5_max: 1764
	F18_('S3', 'S2')_t5_max: 50343
	F16_('E2', 'S2')_t4_min: 2411
	F11_('S2', 'E2')_t5_min: 196
	F6_('S2', 'S3')_t5_min: 222
	F4_('S3', 'S2')_t5_min: 113114
	F26_('E5', 'S5')_t5_min: 17867
	F13_('S4', 'E4')_t3_max: 1186
	F44_('S4', 'S3')_t5_max: 121071
	F33_('S1', 'S2')_t5_max: 11906
	F38_('S1', 'S2')_tb: 30946
	F40_('E3', 'S3')_t3_min: 1375
	F8_('S2', 'S1')_t5_max: 7406
	F2_('S3', 'S2')_t5_min: 126093
	F23_('S3', 'S4')_t5_min: 7003
	F28_('S5', 'S4')_tb: 105468
	F28_('S4', 'S3')_t5_max: 105617
	F0_('S2', 'S3')_t5_min: 1184
	F41_('S4', 'S3')_t5_min: 7617
	F11_('S2', 'E2')_t3_min: 150
	F21_('S1', 'E1')_t5_min: 52104
	F0_('S4', 'S5')_t5_min: 1273
	F13_('E2', 'S2')_tb: 439
	F27_('E2', 'S2')_t5_min: 2962
	F21_('S3', 'S2')_tb: 51770
	F32_('E5', 'S5')_t5_max: 3545
	F18_('S2', 'S1')_t3_max: 50350
	F8_('E2', 'S2')_t3_min: 7253
	F44_('S1', 'E1')_t5_max: 121548
	F39_('S5', 'S4')_t3_min: 81806
	F46_('S4', 'S3')_t5_min: 9801
	F41_('E5', 'S5')_t4_max: 7423
	F30_('S1', 'E1')_t4_max: 51421
	F29_('S5', 'S4')_t5_min: 638
	F36_('S2', 'S3')_t3_min: 3659
	F24_('S5', 'S4')_t3_min: 63089
	F30_('S3', 'S2')_t3_min: 50879
	F41_('S5', 'S4')_tb: 7488
	F27_('S1', 'E1')_tb: 3164
	F47_('S4', 'S3')_t3_min: 121072
	F32_('S5', 'S4')_t5_min: 3616
	F28_('E5', 'S5')_t4_min: 105390
	F45_('S2', 'S1')_tb: 108473
	F46_('S4', 'S3')_t5_max: 10059
	F47_('E4', 'S4')_t5_min: 121070
	F39_('E5', 'S5')_t5_min: 81804
	F32_('E5', 'S5')_tb: 3488
	F20_('S4', 'E4')_t3_min: 621
	F21_('S2', 'S1')_t3_max: 52016
	F32_('S5', 'S4')_t5_max: 3616
	F21_('E3', 'S3')_t5_min: 51768
	F35_('S3', 'S4')_t5_max: 1520
	F26_('S3', 'E3')_tb: 18021
	F37_('S4', 'E4')_t3_max: 3248
	F22_('S5', 'E5')_tb: 60692
	F32_('S3', 'E3')_t5_max: 3744
	F11_('S2', 'E2')_t5_max: 454
	F13_('E2', 'S2')_t5_min: 478
	F25_('S1', 'E1')_tb: 59221
	F31_('E1', 'S1')_tb: 6067
	F1_('S4', 'S5')_t3_max: 971
	F22_('E4', 'S4')_tb: 60560
	F28_('E5', 'S5')_t5_min: 105461
	F14_('E4', 'S4')_tb: 5295
	F44_('E4', 'S4')_tb: 120913
	F46_('S1', 'E1')_t5_max: 10770
	F26_('E5', 'S5')_tb: 17860
	F43_('E2', 'S2')_tb: 12479
	F45_('S3', 'S2')_t3_max: 108459
	F0_('E1', 'S1')_t5_max: 966
	F25_('S1', 'E1')_t5_max: 59548
	F40_('S3', 'S2')_tb: 1433
	F29_('E5', 'S5')_t5_max: 614
	F45_('S3', 'S2')_t3_min: 108454
	F35_('S5', 'E5')_t3_min: 1642
	F5_('E3', 'S3')_t4_max: 18884
	F28_('S3', 'S2')_t5_min: 105695
	F18_('S1', 'E1')_t3_max: 50490
	F6_('E1', 'S1')_t5_min: 66
	F41_('S3', 'S2')_t3_min: 7619
	F29_('S4', 'S3')_t5_max: 920
	F44_('S4', 'S3')_tb: 121002
	F19_('S1', 'E1')_tb: 394
	F0_('S2', 'S3')_tb: 1144
	F31_('E1', 'S1')_t3_min: 6067
	F41_('S4', 'S3')_t3_min: 7548
	F9_('S3', 'E3')_t3_max: 118163
	F48_('S3', 'E3')_t5_min: 2333
	F39_('S4', 'S3')_t3_min: 81822
	F7_('S5', 'E5')_t5_min: 57641
	F4_('S5', 'S4')_t3_min: 112859
	F13_('S3', 'S4')_t5_min: 1050
	F29_('S3', 'S2')_t3_max: 927
	F18_('E5', 'S5')_t3_min: 50038
	F38_('E1', 'S1')_t4_min: 30938
	F1_('E3', 'S3')_t5_min: 747
	F23_('S5', 'E5')_tb: 7174
	F45_('E4', 'S4')_t5_min: 108315
	F9_('E1', 'S1')_t4_min: 117808
	F14_('S5', 'E5')_t5_min: 5634
	F23_('E1', 'S1')_t3_min: 6591
	F22_('S4', 'S5')_t3_min: 60626
	F0_('S1', 'S2')_tb: 968
	F20_('E3', 'S3')_t4_min: 525
	F33_('S3', 'E3')_t5_min: 12019
	F29_('E5', 'S5')_t4_min: 592
	F1_('E3', 'S3')_t4_min: 661
	F33_('S3', 'E3')_t3_max: 12163
	F13_('S4', 'E4')_t5_max: 1349
	F4_('S4', 'S3')_t5_min: 113071
	F30_('S3', 'S2')_t3_max: 51013
	F4_('S4', 'S3')_t3_max: 113035
	F38_('S2', 'S3')_t5_max: 31218
	F3_('S1', 'E1')_tb: 20920
	F9_('S3', 'E3')_t3_min: 118029
	F5_('S3', 'S4')_tb: 18900
	F3_('S1', 'E1')_t3_max: 21054
	F37_('E3', 'S3')_t5_min: 3002
	F21_('S2', 'S1')_t5_min: 51992
	F30_('S1', 'E1')_t3_min: 51292
	F16_('E2', 'S2')_t5_max: 2532
	F34_('S5', 'S4')_t5_max: 3763
	F24_('S5', 'S4')_tb: 63218
	F40_('S1', 'E1')_t5_min: 1993
	F13_('S4', 'E4')_tb: 1052
	F49_('S4', 'S5')_t5_min: 9758
	F4_('S2', 'E2')_t3_min: 113116
	F36_('S1', 'S2')_t5_min: 3657
	F40_('S2', 'S1')_t3_min: 1491
	F37_('E3', 'S3')_t3_min: 2894
	F14_('S5', 'E5')_tb: 5528
	F12_('S4', 'E4')_t4_max: 1711
	F41_('S2', 'E2')_tb: 7936
	F10_('S3', 'S2')_t5_min: 5756
	F25_('S3', 'S2')_tb: 59079
	F19_('E4', 'S4')_t4_min: 52
	F45_('S1', 'E1')_t5_min: 108489
	F40_('S2', 'S1')_t5_max: 1805
	F7_('S4', 'S5')_t3_min: 57403
	F5_('E3', 'S3')_t5_max: 18893
	F40_('S1', 'E1')_t3_min: 1549
	F32_('S4', 'S3')_t3_max: 3623
	F34_('S4', 'E4')_t4_max: 3894
	F30_('S4', 'S3')_t3_min: 50865
	F9_('S3', 'E3')_t5_min: 118099
	F0_('S3', 'S4')_t5_min: 1231
	F19_('S3', 'S2')_t3_max: 285
	F20_('S4', 'E4')_t5_max: 924
	F15_('S4', 'S3')_t3_min: 17009
	F24_('S3', 'E3')_t5_max: 63681
	F32_('S5', 'S4')_t3_min: 3547
	F6_('S2', 'S3')_tb: 157
	F7_('E4', 'S4')_t4_max: 57288
	F33_('S3', 'E3')_tb: 11900
	F39_('S5', 'S4')_t5_max: 81820
	F14_('S5', 'E5')_t4_max: 5528
	F25_('S1', 'E1')_t3_min: 59221
	F16_('E2', 'S2')_tb: 2411
	F1_('S3', 'S4')_t3_min: 749
	F46_('S4', 'S3')_tb: 9695
	F48_('S3', 'E3')_t3_max: 2163
	F35_('S4', 'S5')_t3_min: 1522
	F26_('S4', 'S3')_t3_max: 18012
	F36_('E1', 'S1')_t4_max: 3511
	F39_('E5', 'S5')_t5_max: 81804
	F38_('S3', 'E3')_t5_max: 31355
	F29_('S1', 'E1')_t5_min: 1215
	F5_('E3', 'S3')_tb: 18884
	F15_('E4', 'S4')_tb: 16945
	F17_('S2', 'S1')_tb: 28878
	F25_('S2', 'S1')_tb: 59150
	F46_('S4', 'S3')_t3_min: 9695
	F43_('S1', 'E1')_tb: 12619
	F42_('S2', 'E2')_t4_max: 584
	F15_('E4', 'S4')_t5_max: 17007
	F19_('S2', 'S1')_tb: 345
	F36_('S2', 'S3')_tb: 3718
	F45_('S4', 'S3')_t3_min: 108317
	F4_('S3', 'S2')_t3_min: 113073
	F28_('S5', 'S4')_t5_min: 105539
	F42_('E3', 'S3')_t5_min: 342
	F38_('E1', 'S1')_t5_min: 30944
	F48_('S2', 'S3')_tb: 2111
	F41_('S3', 'S2')_t3_max: 7624
	F20_('E3', 'S3')_tb: 525
	F29_('S4', 'S3')_t3_max: 774
	F6_('S2', 'S3')_t5_max: 351
	F32_('S4', 'S3')_t5_max: 3680
	F12_('E3', 'S3')_t3_min: 1466
	F18_('S3', 'S2')_t5_min: 50085
	F9_('S1', 'S2')_tb: 117885
	F39_('E5', 'S5')_t4_max: 81795
	F23_('E1', 'S1')_t5_min: 6625
	F36_('E1', 'S1')_tb: 3511
	F45_('S2', 'S1')_t5_min: 108480
	F33_('E1', 'S1')_t5_max: 11656
	F6_('S5', 'E5')_t5_max: 691
	F43_('E2', 'S2')_t3_min: 12479
	F4_('S2', 'E2')_t5_min: 113157
	F17_('S1', 'E1')_tb: 29080
	F9_('E1', 'S1')_t4_max: 117808
	F8_('E2', 'S2')_t4_max: 7253
	F19_('S4', 'S3')_t5_min: 278
	F38_('E1', 'S1')_t4_max: 30938
	F6_('S5', 'E5')_t3_max: 626
	F4_('E5', 'S5')_t5_max: 112857
	F35_('E3', 'S3')_tb: 1291
	F32_('S3', 'E3')_t5_min: 3744
	F21_('S1', 'E1')_t3_max: 52257
	F38_('S2', 'S3')_t3_max: 31088
	F29_('E5', 'S5')_tb: 592
	F38_('S1', 'S2')_t5_min: 30952
	F36_('S2', 'S3')_t5_min: 3743
	('S2', 'S1')_gcl_length: 136
	F19_('E4', 'S4')_tb: 52
	F26_('E5', 'S5')_t5_max: 17867
	F11_('S4', 'S3')_t5_min: 100
	F7_('S5', 'E5')_t4_max: 57528
	F21_('E3', 'S3')_t3_min: 51658
	F31_('S1', 'S2')_t5_max: 6333
	F39_('S5', 'S4')_t5_min: 81820
	F39_('E5', 'S5')_tb: 81795
	F13_('S3', 'S4')_t5_max: 1179
	F36_('S3', 'E3')_t4_max: 3874
	F10_('S3', 'S2')_t3_min: 5639
	F11_('S3', 'S2')_tb: 102
	F20_('E3', 'S3')_t4_max: 525
	F35_('S4', 'S5')_t3_max: 1527
	F43_('E2', 'S2')_t4_min: 12479
	F15_('S2', 'E2')_t3_min: 17395
	F7_('S5', 'E5')_tb: 57528
	F44_('E4', 'S4')_t5_min: 120982
	F34_('S4', 'E4')_t3_max: 3770
	F20_('S4', 'E4')_t4_max: 878
	F30_('S1', 'E1')_t5_max: 51433
	F26_('S5', 'S4')_tb: 17869
	F27_('S1', 'E1')_t5_max: 3220
	F26_('S5', 'S4')_t5_max: 18005
	F19_('S4', 'S3')_tb: 231
	F42_('E3', 'S3')_t4_min: 238
	F30_('E4', 'S4')_t4_min: 50851
	F29_('S2', 'S1')_t3_max: 1079
	F27_('S1', 'E1')_t3_max: 3156
	F17_('E2', 'S2')_t4_max: 28810
	F13_('S3', 'S4')_t3_max: 1016
	F12_('S3', 'S4')_t5_min: 1704
	F12_('S4', 'E4')_t5_min: 1764
	F6_('S4', 'S5')_t5_max: 619
	F33_('S2', 'S3')_t3_max: 11913
	F15_('E4', 'S4')_t5_min: 17007
	F37_('E3', 'S3')_t4_max: 2894
	F18_('S4', 'S3')_t5_min: 50074
	F16_('S1', 'E1')_t4_max: 2900
	F41_('E5', 'S5')_tb: 7423
	F35_('S5', 'E5')_t5_max: 1730
	F39_('S1', 'E1')_t3_min: 81994
	F41_('S2', 'E2')_t3_min: 7679
	F43_('S2', 'S1')_tb: 12549
	F31_('E1', 'S1')_t4_min: 6067
	F38_('S3', 'E3')_t5_min: 30968
	F0_('S5', 'E5')_t4_max: 1482
	F4_('S3', 'S2')_tb: 113073
	F13_('S2', 'S3')_t5_min: 1009
	F2_('S2', 'E2')_t5_min: 126196
	F35_('S5', 'E5')_t4_max: 1647
	F33_('S2', 'S3')_t5_max: 12156
	F19_('S1', 'E1')_t5_max: 699
	F16_('S1', 'E1')_t5_max: 3021
	F13_('S4', 'E4')_t5_min: 1091
	F25_('S2', 'S1')_t5_max: 59348
	F38_('S3', 'E3')_t4_max: 31349
	F8_('S2', 'S1')_tb: 7266
	F23_('S5', 'E5')_t5_min: 7208
	F24_('E5', 'S5')_t3_min: 63020
	F28_('S4', 'S3')_tb: 105546
	F19_('S1', 'E1')_t5_min: 441
	F3_('S2', 'S1')_tb: 20904
	F44_('S2', 'S1')_t5_min: 121343
	F0_('E1', 'S1')_t4_max: 926
	F28_('S3', 'S2')_tb: 105624
	F22_('E4', 'S4')_t3_min: 60560
	F46_('S2', 'S1')_t3_max: 10303
	F29_('S2', 'S1')_t5_min: 1191
	F46_('S3', 'S2')_t5_max: 10296
	F18_('S1', 'E1')_t5_min: 50107
	F46_('S4', 'S3')_t3_max: 9829
	F25_('S2', 'S1')_t5_min: 59219
	F24_('S3', 'E3')_t3_max: 63490
	F10_('E3', 'S3')_t4_max: 5520
	F14_('S4', 'S5')_t3_min: 5403
	F44_('S3', 'S2')_t3_min: 121073
	F41_('S4', 'S3')_t3_max: 7553
	F45_('S1', 'E1')_t3_min: 108482
	F19_('S3', 'S2')_t5_max: 343
	F8_('S1', 'E1')_t5_max: 7548
	F40_('S1', 'E1')_t4_max: 1937
	('S2', 'E2')_gcl_length: 38
	F35_('S3', 'S4')_t5_min: 1520
	F29_('S2', 'S1')_t3_min: 1074
	F17_('S1', 'E1')_t3_min: 28946
	F30_('E4', 'S4')_t5_max: 50863
	F6_('S5', 'E5')_t5_min: 691
	F16_('E2', 'S2')_t5_min: 2532
	F49_('S5', 'E5')_t4_max: 10018
	F29_('S3', 'S2')_t5_max: 1072
	F5_('S3', 'S4')_t5_min: 18909
	F4_('E5', 'S5')_t4_min: 112816
	F0_('S3', 'S4')_t5_max: 1231
	F32_('S4', 'S3')_t3_min: 3618
	F21_('E3', 'S3')_t4_max: 51658
	F4_('S5', 'S4')_t5_min: 113028
	F29_('S1', 'E1')_t3_min: 1193
	F18_('S2', 'S1')_t5_max: 50483
	F18_('E5', 'S5')_t4_min: 50038
	F38_('S3', 'E3')_t3_min: 30962
	F15_('S2', 'E2')_t5_max: 17586
	F16_('S2', 'S1')_t3_min: 2534
	F5_('E3', 'S3')_t4_min: 18884
	F22_('S4', 'S5')_tb: 60626
	F44_('E4', 'S4')_t4_max: 120913
	F2_('S2', 'E2')_t5_max: 126454
	F23_('S5', 'E5')_t3_min: 7046
	F44_('S2', 'S1')_t3_min: 121274
	F13_('S4', 'E4')_t3_min: 1052
	F23_('S1', 'S2')_t3_min: 6627
	F1_('S5', 'E5')_t5_max: 1274
	F48_('E2', 'S2')_t5_max: 2104
	F37_('S3', 'S4')_t5_max: 3241
	F23_('E1', 'S1')_tb: 6591
	F49_('E4', 'S4')_t4_max: 9522
	F46_('E5', 'S5')_t4_min: 9479
	F3_('S2', 'S1')_t5_max: 21047
	F11_('S2', 'E2')_t4_max: 408
	F0_('E1', 'S1')_t3_min: 926
	F8_('S2', 'S1')_t3_min: 7266
	F41_('S4', 'S3')_t5_max: 7617
	F41_('S2', 'E2')_t5_min: 7994
	F34_('S5', 'S4')_tb: 3658
	F18_('S1', 'E1')_t4_max: 50614
	F45_('E4', 'S4')_tb: 108308
	F9_('S2', 'S3')_tb: 117957
	F0_('S1', 'S2')_t5_max: 1137
	F0_('S2', 'S3')_t5_max: 1184
	F49_('E4', 'S4')_t5_min: 9639
	F47_('E4', 'S4')_t5_max: 121070
	F0_('E1', 'S1')_t4_min: 926
	F4_('S3', 'S2')_t5_max: 113372
	F46_('S1', 'E1')_tb: 10019
	F10_('E3', 'S3')_t5_max: 5637
	F34_('E5', 'S5')_t4_max: 3546
	F12_('S3', 'S4')_tb: 1651
	F42_('S2', 'E2')_t5_max: 688
	F13_('S2', 'S3')_t5_max: 1009
	F19_('S4', 'S3')_t3_min: 101
	F5_('S4', 'E4')_t5_min: 18920
	F31_('E1', 'S1')_t4_max: 6067
	F37_('S4', 'E4')_t5_max: 3480
	F36_('S3', 'E3')_t3_min: 3745
	F7_('E4', 'S4')_t5_min: 57401
	F23_('S4', 'S5')_t3_max: 7010
	F19_('S3', 'S2')_t5_min: 343
	F30_('S4', 'S3')_tb: 50865
	F39_('E5', 'S5')_t3_min: 81795
	F23_('S1', 'S2')_tb: 6755
	F31_('E1', 'S1')_t5_max: 6181
	F22_('E4', 'S4')_t4_max: 60560
	F6_('E1', 'S1')_t4_max: 1
	F15_('S3', 'S2')_t3_max: 17207
	F11_('S3', 'S2')_t3_min: 102
	F27_('S2', 'S1')_t3_min: 2964
	F37_('S3', 'S4')_t3_min: 3004
	F23_('S3', 'S4')_t3_max: 6960
	F28_('E5', 'S5')_tb: 105390
	F19_('S3', 'S2')_t3_min: 280
	F20_('S4', 'E4')_tb: 878
	F17_('S2', 'S1')_t3_min: 28878
	F6_('E1', 'S1')_t3_min: 1
	F11_('S4', 'S3')_t3_min: 49
	F40_('S2', 'S1')_tb: 1491
	F43_('E2', 'S2')_t5_max: 12547
	F18_('S5', 'S4')_t3_min: 50049
	F37_('S4', 'E4')_t3_min: 3114
	F7_('S5', 'E5')_t3_min: 57523
	F18_('E5', 'S5')_tb: 50038
	F18_('E5', 'S5')_t5_min: 50047
	F48_('E2', 'S2')_t3_min: 2059
	F38_('E1', 'S1')_t3_min: 30938
	F23_('S1', 'S2')_t5_max: 6789
	F21_('S1', 'E1')_t5_max: 52491
	F34_('E5', 'S5')_t3_min: 3546
	F1_('E3', 'S3')_tb: 661
	F39_('S4', 'S3')_t5_min: 81836
	F28_('S2', 'E2')_t4_max: 105825
	F23_('S3', 'S4')_t3_min: 6955
	F38_('S3', 'E3')_tb: 30962
	F9_('S3', 'E3')_tb: 118029
	F8_('E2', 'S2')_t4_min: 7253
	F27_('S1', 'E1')_t4_max: 3164
	F6_('S5', 'E5')_t4_max: 626
	F25_('E3', 'S3')_t5_min: 59072
	F40_('E3', 'S3')_tb: 1375
	F22_('S5', 'E5')_t5_max: 61014
	F40_('E3', 'S3')_t4_max: 1375
	F30_('S2', 'S1')_t3_min: 51150
	F30_('S4', 'S3')_t5_max: 51006
	F44_('S2', 'S1')_t3_max: 121279
	F35_('S3', 'S4')_t3_min: 1376
	F6_('S2', 'S3')_t3_min: 157
	F40_('S3', 'S2')_t5_min: 1489
	F2_('E3', 'S3')_tb: 125889
	F46_('S1', 'E1')_t3_min: 10019
	F41_('S5', 'S4')_t3_min: 7483
	F46_('S5', 'S4')_t5_max: 9822
	F23_('E1', 'S1')_t4_min: 6591
	('S4', 'E4')_gcl_length: 6
	F38_('S3', 'E3')_t3_max: 31225
	F33_('S2', 'S3')_t3_min: 11779
	('S3', 'S2')_gcl_length: 226
	F28_('E5', 'S5')_t5_max: 105461
	F10_('S2', 'E2')_tb: 5758
	F36_('S2', 'S3')_t5_max: 3743
	F0_('S4', 'S5')_t3_max: 1238
	F10_('S2', 'E2')_t3_min: 5758
	F29_('S4', 'S3')_tb: 640
	F13_('E2', 'S2')_t4_max: 439
	F8_('S1', 'E1')_t3_max: 7413
	F0_('S5', 'E5')_t5_min: 1522
	F45_('S3', 'S2')_t5_min: 108466
	F7_('S4', 'S5')_t5_max: 57521
	F29_('S4', 'S3')_t3_min: 640
	F25_('S1', 'E1')_t4_max: 59479
	F33_('E1', 'S1')_t5_min: 11656
	F12_('E3', 'S3')_t4_max: 1466
	F38_('E1', 'S1')_tb: 30938
	F2_('S2', 'E2')_t3_max: 126229
	F49_('S5', 'E5')_tb: 9760
	F44_('E4', 'S4')_t4_min: 120913
	F42_('E3', 'S3')_t5_max: 342
	F40_('S2', 'S1')_t5_min: 1547
	F18_('E5', 'S5')_t5_max: 50047
	F11_('S3', 'S2')_t3_max: 107
	F45_('S1', 'E1')_t3_max: 108487
	F27_('S1', 'E1')_t3_min: 3022
	F37_('S3', 'S4')_t5_min: 3112
	F29_('S2', 'S1')_tb: 1169
	F21_('E3', 'S3')_t5_max: 51768
	F6_('S4', 'S5')_tb: 554
	F45_('S3', 'S2')_t5_max: 108466
	F34_('S4', 'E4')_t5_min: 3870
	F6_('S4', 'S5')_t3_max: 554
	F2_('S2', 'E2')_t3_min: 126095
	F33_('E1', 'S1')_t4_max: 11537
	F41_('E5', 'S5')_t4_min: 7423
	F18_('S5', 'S4')_tb: 50054
	F33_('E1', 'S1')_t3_min: 11537
	F9_('E1', 'S1')_t5_max: 117878
