0. Flow F0 [E4-->E2] with period 64000, payload 874B, e2e delay 64000us, jitter 6400us
	('E4', 'S4'), Operation(48584, None, 48654)(48584, 48584)
	('S4', 'S3'), Operation(48656, 48661, 48731)(48661, 48661)
	('S3', 'S2'), Operation(48733, 48738, 48808)(48738, 48738)
	('S2', 'E2'), Operation(48810, 48815, 48885)(48815, 48815)
1. Flow F1 [E5-->E1] with period 64000, payload 529B, e2e delay 64000us, jitter 6400us
	('E5', 'S5'), Operation(45994, None, 46037)(45994, 45994)
	('S5', 'S4'), Operation(46039, None, 46211)(46039, 46168)
	('S4', 'S3'), Operation(46084, 46218, 46261)(46218, 46218)
	('S3', 'S2'), Operation(46263, None, 46435)(46263, 46392)
	('S2', 'S1'), Operation(46308, None, 46609)(46308, 46566)
	('S1', 'E1'), Operation(46353, 46616, 46659)(46616, 46616)
2. Flow F2 [E1-->E4] with period 64000, payload 971B, e2e delay 64000us, jitter 6400us
	('E1', 'S1'), Operation(54773, None, 54851)(54773, 54773)
	('S1', 'S2'), Operation(54853, None, 55060)(54853, 54982)
	('S2', 'S3'), Operation(54933, 55067, 55145)(55067, 55067)
	('S3', 'S4'), Operation(55147, 55152, 55230)(55152, 55152)
	('S4', 'E4'), Operation(55232, 55237, 55315)(55237, 55237)
3. Flow F3 [E2-->E3] with period 8000, payload 1108B, e2e delay 8000us, jitter 800us
	('E2', 'S2'), Operation(6598, None, 6687)(6598, 6598)
	('S2', 'S3'), Operation(6689, 6694, 6783)(6694, 6694)
	('S3', 'E3'), Operation(6785, 6790, 6879)(6790, 6790)
4. Flow F4 [E5-->E1] with period 64000, payload 790B, e2e delay 64000us, jitter 6400us
	('E5', 'S5'), Operation(6948, None, 7012)(6948, 6948)
	('S5', 'S4'), Operation(7014, 7019, 7083)(7019, 7019)
	('S4', 'S3'), Operation(7085, None, 7278)(7085, 7214)
	('S3', 'S2'), Operation(7151, None, 7473)(7151, 7409)
	('S2', 'S1'), Operation(7217, 7480, 7544)(7480, 7480)
	('S1', 'E1'), Operation(7546, 7551, 7615)(7551, 7551)
5. Flow F5 [E1-->E5] with period 64000, payload 253B, e2e delay 64000us, jitter 6400us
	('E1', 'S1'), Operation(44276, None, 44297)(44276, 44276)
	('S1', 'S2'), Operation(44299, None, 44449)(44299, 44428)
	('S2', 'S3'), Operation(44322, None, 44601)(44322, 44580)
	('S3', 'S4'), Operation(44345, None, 44753)(44345, 44732)
	('S4', 'S5'), Operation(44368, None, 44905)(44368, 44884)
	('S5', 'E5'), Operation(44391, None, 45057)(44391, 45036)
6. Flow F6 [E2-->E3] with period 32000, payload 225B, e2e delay 32000us, jitter 3200us
	('E2', 'S2'), Operation(26217, None, 26235)(26217, 26217)
	('S2', 'S3'), Operation(26237, None, 26384)(26237, 26366)
	('S3', 'E3'), Operation(26257, None, 26533)(26257, 26515)
7. Flow F7 [E1-->E5] with period 16000, payload 666B, e2e delay 16000us, jitter 1600us
	('E1', 'S1'), Operation(9549, None, 9603)(9549, 9549)
	('S1', 'S2'), Operation(9605, None, 9788)(9605, 9734)
	('S2', 'S3'), Operation(9661, 9795, 9849)(9795, 9795)
	('S3', 'S4'), Operation(9851, 9856, 9910)(9856, 9856)
	('S4', 'S5'), Operation(9912, 9917, 9971)(9917, 9917)
	('S5', 'E5'), Operation(9973, 9978, 10032)(9978, 9978)
8. Flow F8 [E3-->E4] with period 4000, payload 366B, e2e delay 4000us, jitter 400us
	('E3', 'S3'), Operation(3257, None, 3287)(3257, 3257)
	('S3', 'S4'), Operation(3289, None, 3448)(3289, 3418)
	('S4', 'E4'), Operation(3321, 3455, 3485)(3455, 3455)
9. Flow F9 [E3-->E4] with period 16000, payload 1340B, e2e delay 16000us, jitter 1600us
	('E3', 'S3'), Operation(7892, None, 8000)(7892, 7892)
	('S3', 'S4'), Operation(8002, None, 8239)(8002, 8131)
	('S4', 'E4'), Operation(8112, None, 8478)(8112, 8370)
10. Flow F10 [E4-->E2] with period 128000, payload 1488B, e2e delay 128000us, jitter 12800us
	('E4', 'S4'), Operation(21266, None, 21386)(21266, 21266)
	('S4', 'S3'), Operation(21388, None, 21637)(21388, 21517)
	('S3', 'S2'), Operation(21510, None, 21888)(21510, 21768)
	('S2', 'E2'), Operation(21632, None, 22139)(21632, 22019)
11. Flow F11 [E4-->E2] with period 128000, payload 1385B, e2e delay 128000us, jitter 12800us
	('E4', 'S4'), Operation(121075, None, 121186)(121075, 121075)
	('S4', 'S3'), Operation(121188, None, 121428)(121188, 121317)
	('S3', 'S2'), Operation(121301, None, 121670)(121301, 121559)
	('S2', 'E2'), Operation(121414, None, 121912)(121414, 121801)
12. Flow F12 [E5-->E1] with period 4000, payload 349B, e2e delay 4000us, jitter 400us
	('E5', 'S5'), Operation(965, None, 993)(965, 965)
	('S5', 'S4'), Operation(995, None, 1152)(995, 1124)
	('S4', 'S3'), Operation(1025, 1159, 1187)(1159, 1159)
	('S3', 'S2'), Operation(1189, 1194, 1222)(1194, 1194)
	('S2', 'S1'), Operation(1224, None, 1381)(1224, 1353)
	('S1', 'E1'), Operation(1254, 1388, 1416)(1388, 1388)
13. Flow F13 [E2-->E1] with period 8000, payload 660B, e2e delay 8000us, jitter 800us
	('E2', 'S2'), Operation(4363, None, 4416)(4363, 4363)
	('S2', 'S1'), Operation(4418, 4423, 4476)(4423, 4423)
	('S1', 'E1'), Operation(4478, 4483, 4536)(4483, 4483)
14. Flow F14 [E4-->E2] with period 2000, payload 1477B, e2e delay 2000us, jitter 200us
	('E4', 'S4'), Operation(655, None, 774)(655, 655)
	('S4', 'S3'), Operation(776, None, 1024)(776, 905)
	('S3', 'S2'), Operation(897, 1031, 1150)(1031, 1031)
	('S2', 'E2'), Operation(1152, None, 1400)(1152, 1281)
15. Flow F15 [E3-->E4] with period 8000, payload 1089B, e2e delay 8000us, jitter 800us
	('E3', 'S3'), Operation(1667, None, 1755)(1667, 1667)
	('S3', 'S4'), Operation(1757, 1762, 1850)(1762, 1762)
	('S4', 'E4'), Operation(1852, 1857, 1945)(1857, 1857)
16. Flow F16 [E4-->E5] with period 32000, payload 774B, e2e delay 32000us, jitter 3200us
	('E4', 'S4'), Operation(27574, None, 27636)(27574, 27574)
	('S4', 'S5'), Operation(27638, None, 27829)(27638, 27767)
	('S5', 'E5'), Operation(27702, None, 28022)(27702, 27960)
17. Flow F17 [E3-->E2] with period 2000, payload 1392B, e2e delay 2000us, jitter 200us
	('E3', 'S3'), Operation(1, None, 113)(1, 1)
	('S3', 'S2'), Operation(115, 120, 232)(120, 120)
	('S2', 'E2'), Operation(234, 239, 351)(239, 239)
18. Flow F18 [E4-->E5] with period 128000, payload 303B, e2e delay 128000us, jitter 12800us
	('E4', 'S4'), Operation(54257, None, 54282)(54257, 54257)
	('S4', 'S5'), Operation(54284, 54289, 54314)(54289, 54289)
	('S5', 'E5'), Operation(54316, None, 54470)(54316, 54445)
19. Flow F19 [E5-->E2] with period 32000, payload 116B, e2e delay 32000us, jitter 3200us
	('E5', 'S5'), Operation(20587, None, 20597)(20587, 20587)
	('S5', 'S4'), Operation(20599, 20604, 20614)(20604, 20604)
	('S4', 'S3'), Operation(20616, None, 20755)(20616, 20745)
	('S3', 'S2'), Operation(20628, None, 20896)(20628, 20886)
	('S2', 'E2'), Operation(20640, None, 21037)(20640, 21027)
20. Flow F20 [E4-->E3] with period 2000, payload 1501B, e2e delay 2000us, jitter 200us
	('E4', 'S4'), Operation(283, None, 404)(283, 283)
	('S4', 'S3'), Operation(406, 411, 532)(411, 411)
	('S3', 'E3'), Operation(534, None, 784)(534, 663)
21. Flow F21 [E4-->E5] with period 16000, payload 772B, e2e delay 16000us, jitter 1600us
	('E4', 'S4'), Operation(1366, None, 1428)(1366, 1366)
	('S4', 'S5'), Operation(1430, 1435, 1497)(1435, 1435)
	('S5', 'E5'), Operation(1499, None, 1690)(1499, 1628)
22. Flow F22 [E5-->E2] with period 32000, payload 1216B, e2e delay 32000us, jitter 3200us
	('E5', 'S5'), Operation(25973, None, 26071)(25973, 25973)
	('S5', 'S4'), Operation(26073, 26078, 26176)(26078, 26078)
	('S4', 'S3'), Operation(26178, None, 26405)(26178, 26307)
	('S3', 'S2'), Operation(26278, None, 26634)(26278, 26536)
	('S2', 'E2'), Operation(26378, None, 26863)(26378, 26765)
23. Flow F23 [E2-->E1] with period 16000, payload 1504B, e2e delay 16000us, jitter 1600us
	('E2', 'S2'), Operation(12100, None, 12221)(12100, 12100)
	('S2', 'S1'), Operation(12223, 12228, 12349)(12228, 12228)
	('S1', 'E1'), Operation(12351, 12356, 12477)(12356, 12356)
24. Flow F24 [E1-->E2] with period 16000, payload 672B, e2e delay 16000us, jitter 1600us
	('E1', 'S1'), Operation(2727, None, 2781)(2727, 2727)
	('S1', 'S2'), Operation(2783, None, 2966)(2783, 2912)
	('S2', 'E2'), Operation(2839, None, 3151)(2839, 3097)
25. Flow F25 [E1-->E5] with period 64000, payload 1188B, e2e delay 64000us, jitter 6400us
	('E1', 'S1'), Operation(59438, None, 59534)(59438, 59438)
	('S1', 'S2'), Operation(59536, None, 59761)(59536, 59665)
	('S2', 'S3'), Operation(59634, None, 59988)(59634, 59892)
	('S3', 'S4'), Operation(59732, None, 60215)(59732, 60119)
	('S4', 'S5'), Operation(59830, 60222, 60318)(60222, 60222)
	('S5', 'E5'), Operation(60320, 60325, 60421)(60325, 60325)
26. Flow F26 [E5-->E1] with period 8000, payload 545B, e2e delay 8000us, jitter 800us
	('E5', 'S5'), Operation(3726, None, 3770)(3726, 3726)
	('S5', 'S4'), Operation(3772, 3777, 3821)(3777, 3777)
	('S4', 'S3'), Operation(3823, 3828, 3872)(3828, 3828)
	('S3', 'S2'), Operation(3874, None, 4047)(3874, 4003)
	('S2', 'S1'), Operation(3920, None, 4222)(3920, 4178)
	('S1', 'E1'), Operation(3966, 4229, 4273)(4229, 4229)
27. Flow F27 [E4-->E2] with period 4000, payload 645B, e2e delay 4000us, jitter 400us
	('E4', 'S4'), Operation(185, None, 237)(185, 185)
	('S4', 'S3'), Operation(239, 244, 296)(244, 244)
	('S3', 'S2'), Operation(298, None, 479)(298, 427)
	('S2', 'E2'), Operation(352, 486, 538)(486, 486)
28. Flow F28 [E1-->E5] with period 16000, payload 444B, e2e delay 16000us, jitter 1600us
	('E1', 'S1'), Operation(7415, None, 7451)(7415, 7415)
	('S1', 'S2'), Operation(7453, 7458, 7494)(7458, 7458)
	('S2', 'S3'), Operation(7496, 7501, 7537)(7501, 7501)
	('S3', 'S4'), Operation(7539, 7544, 7580)(7544, 7544)
	('S4', 'S5'), Operation(7582, None, 7747)(7582, 7711)
	('S5', 'E5'), Operation(7620, 7754, 7790)(7754, 7754)
29. Flow F29 [E1-->E4] with period 32000, payload 1423B, e2e delay 32000us, jitter 3200us
	('E1', 'S1'), Operation(24051, None, 24165)(24051, 24051)
	('S1', 'S2'), Operation(24167, None, 24410)(24167, 24296)
	('S2', 'S3'), Operation(24283, None, 24655)(24283, 24541)
	('S3', 'S4'), Operation(24399, None, 24900)(24399, 24786)
	('S4', 'E4'), Operation(24515, None, 25145)(24515, 25031)
30. Flow F30 [E1-->E5] with period 2000, payload 1370B, e2e delay 2000us, jitter 200us
	('E1', 'S1'), Operation(555, None, 665)(555, 555)
	('S1', 'S2'), Operation(667, 672, 782)(672, 672)
	('S2', 'S3'), Operation(784, 789, 899)(789, 789)
	('S3', 'S4'), Operation(901, None, 1140)(901, 1030)
	('S4', 'S5'), Operation(1013, None, 1381)(1013, 1271)
	('S5', 'E5'), Operation(1125, 1388, 1498)(1388, 1388)
31. Flow F31 [E4-->E1] with period 32000, payload 1364B, e2e delay 32000us, jitter 3200us
	('E4', 'S4'), Operation(14922, None, 15032)(14922, 14922)
	('S4', 'S3'), Operation(15034, 15039, 15149)(15039, 15039)
	('S3', 'S2'), Operation(15151, 15156, 15266)(15156, 15156)
	('S2', 'S1'), Operation(15268, None, 15507)(15268, 15397)
	('S1', 'E1'), Operation(15380, 15514, 15624)(15514, 15514)
32. Flow F32 [E3-->E5] with period 64000, payload 1226B, e2e delay 64000us, jitter 6400us
	('E3', 'S3'), Operation(31348, None, 31447)(31348, 31348)
	('S3', 'S4'), Operation(31449, None, 31677)(31449, 31578)
	('S4', 'S5'), Operation(31550, 31684, 31783)(31684, 31684)
	('S5', 'E5'), Operation(31785, None, 32013)(31785, 31914)
33. Flow F33 [E4-->E1] with period 128000, payload 554B, e2e delay 128000us, jitter 12800us
	('E4', 'S4'), Operation(119057, None, 119102)(119057, 119057)
	('S4', 'S3'), Operation(119104, None, 119278)(119104, 119233)
	('S3', 'S2'), Operation(119151, None, 119454)(119151, 119409)
	('S2', 'S1'), Operation(119198, None, 119630)(119198, 119585)
	('S1', 'E1'), Operation(119245, None, 119806)(119245, 119761)
34. Flow F34 [E1-->E3] with period 2000, payload 1026B, e2e delay 2000us, jitter 200us
	('E1', 'S1'), Operation(976, None, 1059)(976, 976)
	('S1', 'S2'), Operation(1061, None, 1273)(1061, 1190)
	('S2', 'S3'), Operation(1146, None, 1487)(1146, 1404)
	('S3', 'E3'), Operation(1231, 1494, 1577)(1494, 1494)
35. Flow F35 [E1-->E2] with period 128000, payload 657B, e2e delay 128000us, jitter 12800us
	('E1', 'S1'), Operation(91291, None, 91344)(91291, 91291)
	('S1', 'S2'), Operation(91346, None, 91528)(91346, 91475)
	('S2', 'E2'), Operation(91401, None, 91712)(91401, 91659)
36. Flow F36 [E1-->E4] with period 8000, payload 984B, e2e delay 8000us, jitter 800us
	('E1', 'S1'), Operation(7452, None, 7531)(7452, 7452)
	('S1', 'S2'), Operation(7533, 7538, 7617)(7538, 7538)
	('S2', 'S3'), Operation(7619, 7624, 7703)(7624, 7624)
	('S3', 'S4'), Operation(7705, 7710, 7789)(7710, 7710)
	('S4', 'E4'), Operation(7791, None, 7999)(7791, 7920)
37. Flow F37 [E4-->E5] with period 16000, payload 1084B, e2e delay 16000us, jitter 1600us
	('E4', 'S4'), Operation(13321, None, 13408)(13321, 13321)
	('S4', 'S5'), Operation(13410, None, 13626)(13410, 13539)
	('S5', 'E5'), Operation(13499, 13633, 13720)(13633, 13633)
38. Flow F38 [E1-->E2] with period 128000, payload 815B, e2e delay 128000us, jitter 12800us
	('E1', 'S1'), Operation(115523, None, 115589)(115523, 115523)
	('S1', 'S2'), Operation(115591, 115596, 115662)(115596, 115596)
	('S2', 'E2'), Operation(115664, 115669, 115735)(115669, 115669)
39. Flow F39 [E5-->E4] with period 8000, payload 400B, e2e delay 8000us, jitter 800us
	('E5', 'S5'), Operation(1617, None, 1649)(1617, 1617)
	('S5', 'S4'), Operation(1651, 1656, 1688)(1656, 1656)
	('S4', 'E4'), Operation(1690, None, 1851)(1690, 1819)
40. Flow F40 [E1-->E5] with period 16000, payload 942B, e2e delay 16000us, jitter 1600us
	('E1', 'S1'), Operation(3808, None, 3884)(3808, 3808)
	('S1', 'S2'), Operation(3886, 3891, 3967)(3891, 3891)
	('S2', 'S3'), Operation(3969, 3974, 4050)(3974, 3974)
	('S3', 'S4'), Operation(4052, None, 4257)(4052, 4181)
	('S4', 'S5'), Operation(4130, 4264, 4340)(4264, 4264)
	('S5', 'E5'), Operation(4342, 4347, 4423)(4347, 4347)
41. Flow F41 [E3-->E2] with period 128000, payload 976B, e2e delay 128000us, jitter 12800us
	('E3', 'S3'), Operation(115288, None, 115367)(115288, 115288)
	('S3', 'S2'), Operation(115369, None, 115577)(115369, 115498)
	('S2', 'E2'), Operation(115450, 115584, 115663)(115584, 115584)
42. Flow F42 [E1-->E5] with period 16000, payload 476B, e2e delay 16000us, jitter 1600us
	('E1', 'S1'), Operation(5406, None, 5445)(5406, 5406)
	('S1', 'S2'), Operation(5447, None, 5615)(5447, 5576)
	('S2', 'S3'), Operation(5488, None, 5785)(5488, 5746)
	('S3', 'S4'), Operation(5529, None, 5955)(5529, 5916)
	('S4', 'S5'), Operation(5570, 5962, 6001)(5962, 5962)
	('S5', 'E5'), Operation(6003, None, 6171)(6003, 6132)
43. Flow F43 [E1-->E2] with period 32000, payload 1078B, e2e delay 32000us, jitter 3200us
	('E1', 'S1'), Operation(12361, None, 12448)(12361, 12361)
	('S1', 'S2'), Operation(12450, None, 12666)(12450, 12579)
	('S2', 'E2'), Operation(12539, None, 12884)(12539, 12797)
44. Flow F44 [E4-->E5] with period 128000, payload 838B, e2e delay 128000us, jitter 12800us
	('E4', 'S4'), Operation(119678, None, 119746)(119678, 119678)
	('S4', 'S5'), Operation(119748, None, 119945)(119748, 119877)
	('S5', 'E5'), Operation(119818, 119952, 120020)(119952, 119952)
45. Flow F45 [E4-->E1] with period 8000, payload 1078B, e2e delay 8000us, jitter 800us
	('E4', 'S4'), Operation(5110, None, 5197)(5110, 5110)
	('S4', 'S3'), Operation(5199, 5204, 5291)(5204, 5204)
	('S3', 'S2'), Operation(5293, None, 5509)(5293, 5422)
	('S2', 'S1'), Operation(5382, None, 5727)(5382, 5640)
	('S1', 'E1'), Operation(5471, 5734, 5821)(5734, 5734)
46. Flow F46 [E4-->E1] with period 8000, payload 294B, e2e delay 8000us, jitter 800us
	('E4', 'S4'), Operation(5832, None, 5856)(5832, 5832)
	('S4', 'S3'), Operation(5858, 5863, 5887)(5863, 5863)
	('S3', 'S2'), Operation(5889, None, 6042)(5889, 6018)
	('S2', 'S1'), Operation(5915, None, 6197)(5915, 6173)
	('S1', 'E1'), Operation(5941, None, 6352)(5941, 6328)
47. Flow F47 [E2-->E3] with period 16000, payload 1185B, e2e delay 16000us, jitter 1600us
	('E2', 'S2'), Operation(3986, None, 4081)(3986, 3986)
	('S2', 'S3'), Operation(4083, None, 4307)(4083, 4212)
	('S3', 'E3'), Operation(4180, None, 4533)(4180, 4438)
48. Flow F48 [E2-->E3] with period 128000, payload 908B, e2e delay 128000us, jitter 12800us
	('E2', 'S2'), Operation(121775, None, 121848)(121775, 121775)
	('S2', 'S3'), Operation(121850, None, 122052)(121850, 121979)
	('S3', 'E3'), Operation(121925, 122059, 122132)(122059, 122059)
49. Flow F49 [E4-->E2] with period 32000, payload 667B, e2e delay 32000us, jitter 3200us
	('E4', 'S4'), Operation(23747, None, 23801)(23747, 23747)
	('S4', 'S3'), Operation(23803, 23808, 23862)(23808, 23808)
	('S3', 'S2'), Operation(23864, None, 24047)(23864, 23993)
	('S2', 'E2'), Operation(23920, None, 24232)(23920, 24178)
50. Flow F50 [E4-->E1] with period 16000, payload 607B, e2e delay 16000us, jitter 1600us
	('E4', 'S4'), Operation(15406, None, 15455)(15406, 15406)
	('S4', 'S3'), Operation(15457, 15462, 15511)(15462, 15462)
	('S3', 'S2'), Operation(15513, 15518, 15567)(15518, 15518)
	('S2', 'S1'), Operation(15569, 15574, 15623)(15574, 15574)
	('S1', 'E1'), Operation(15625, None, 15803)(15625, 15754)
51. Flow F51 [E2-->E4] with period 4000, payload 663B, e2e delay 4000us, jitter 400us
	('E2', 'S2'), Operation(1997, None, 2051)(1997, 1997)
	('S2', 'S3'), Operation(2053, None, 2236)(2053, 2182)
	('S3', 'S4'), Operation(2109, None, 2421)(2109, 2367)
	('S4', 'E4'), Operation(2165, 2428, 2482)(2428, 2428)
52. Flow F52 [E4-->E1] with period 4000, payload 358B, e2e delay 4000us, jitter 400us
	('E4', 'S4'), Operation(3544, None, 3573)(3544, 3544)
	('S4', 'S3'), Operation(3575, 3580, 3609)(3580, 3580)
	('S3', 'S2'), Operation(3611, None, 3769)(3611, 3740)
	('S2', 'S1'), Operation(3642, 3776, 3805)(3776, 3776)
	('S1', 'E1'), Operation(3807, None, 3965)(3807, 3936)
53. Flow F53 [E3-->E5] with period 32000, payload 1414B, e2e delay 32000us, jitter 3200us
	('E3', 'S3'), Operation(30399, None, 30513)(30399, 30399)
	('S3', 'S4'), Operation(30515, 30520, 30634)(30520, 30520)
	('S4', 'S5'), Operation(30636, None, 30879)(30636, 30765)
	('S5', 'E5'), Operation(30752, None, 31124)(30752, 31010)
54. Flow F54 [E5-->E4] with period 32000, payload 1174B, e2e delay 32000us, jitter 3200us
	('E5', 'S5'), Operation(1145, None, 1239)(1145, 1145)
	('S5', 'S4'), Operation(1241, None, 1464)(1241, 1370)
	('S4', 'E4'), Operation(1337, None, 1689)(1337, 1595)
55. Flow F55 [E4-->E3] with period 32000, payload 263B, e2e delay 32000us, jitter 3200us
	('E4', 'S4'), Operation(31586, None, 31608)(31586, 31586)
	('S4', 'S3'), Operation(31610, 31615, 31637)(31615, 31615)
	('S3', 'E3'), Operation(31639, None, 31790)(31639, 31768)
56. Flow F56 [E4-->E5] with period 64000, payload 1398B, e2e delay 64000us, jitter 6400us
	('E4', 'S4'), Operation(31781, 31781, 31893)(31781, 31781)
	('S4', 'S5'), Operation(31895, 31900, 32012)(31900, 31900)
	('S5', 'E5'), Operation(32014, None, 32255)(32014, 32143)
57. Flow F57 [E1-->E3] with period 128000, payload 995B, e2e delay 128000us, jitter 12800us
	('E1', 'S1'), Operation(115590, None, 115670)(115590, 115590)
	('S1', 'S2'), Operation(115672, None, 115881)(115672, 115801)
	('S2', 'S3'), Operation(115754, 115888, 115968)(115888, 115888)
	('S3', 'E3'), Operation(115970, None, 116179)(115970, 116099)
58. Flow F58 [E2-->E4] with period 64000, payload 843B, e2e delay 64000us, jitter 6400us
	('E2', 'S2'), Operation(62296, None, 62364)(62296, 62296)
	('S2', 'S3'), Operation(62366, 62371, 62439)(62371, 62371)
	('S3', 'S4'), Operation(62441, 62446, 62514)(62446, 62446)
	('S4', 'E4'), Operation(62516, 62521, 62589)(62521, 62521)
59. Flow F59 [E4-->E3] with period 32000, payload 1096B, e2e delay 32000us, jitter 3200us
	('E4', 'S4'), Operation(25398, None, 25486)(25398, 25398)
	('S4', 'S3'), Operation(25488, None, 25705)(25488, 25617)
	('S3', 'E3'), Operation(25578, None, 25924)(25578, 25836)

SMT variables: 
	F26_('S5', 'S4')_gc: True
	F2_('E1', 'S1')_tb: 54773
	F54_jitter: 258
	F32_jitter: 129
	F47_('S2', 'S3')_rr: 0
	F1_('S3', 'S2')_t3_min: 46263
	F27_('S3', 'S2')_gc: False
	('S4', 'S3')_gcl_cycle: 64000
	F33_('E4', 'S4')_gc: False
	F7_queue_index: 0
	F3_('S3', 'E3')_gc: True
	F2_('S1', 'S2')_t4_min: 54853
	F11_('S2', 'E2')_t3_max: 121677
	F4_('S5', 'S4')_tb: 7019
	F2_('E1', 'S1')_t5_min: 54851
	F42_('S3', 'S4')_gc: False
	F45_('S1', 'E1')_t4_max: 5734
	F17_('E3', 'S3')_rr: 0
	F54_('S5', 'S4')_t4_min: 1241
	F3_('E2', 'S2')_t5_min: 6687
	F16_('E4', 'S4')_gc: False
	F46_('E4', 'S4')_rr: 0
	F36_('S2', 'S3')_gc: True
	F13_('E2', 'S2')_rr: 0
	F46_('S4', 'S3')_rr: 8
	F57_('S2', 'S3')_t5_max: 115968
	F22_queue_index: 0
	F7_('S3', 'S4')_rr: 4
	F26_('S4', 'S3')_t4_max: 3828
	F19_('E5', 'S5')_t3_max: 20463
	F41_('S3', 'S2')_t4_max: 115498
	F0_('S4', 'S3')_t4_max: 48661
	F5_('S5', 'E5')_t4_min: 44391
	F31_('S1', 'E1')_t4_max: 15514
	F34_('S1', 'S2')_tb: 1061
	F25_('S2', 'S3')_t5_min: 59730
	F4_('E5', 'S5')_t5_min: 7012
	F5_('S1', 'S2')_t4_min: 44299
	F57_('S2', 'S3')_gc: True
	F2_('E1', 'S1')_rr: 0
	F25_('S2', 'S3')_t4_min: 59634
	F14_('E4', 'S4')_t3_max: 531
	F5_('E1', 'S1')_t3_max: 44152
	F20_('S4', 'S3')_t5_max: 532
	F44_('E4', 'S4')_gc: False
	F1_('S2', 'S1')_t4_max: 46566
	F11_('S2', 'E2')_t4_min: 121414
	F25_('S3', 'S4')_t4_min: 59732
	F9_('E3', 'S3')_rr: 0
	F28_('S5', 'E5')_t5_max: 7790
	F13_('S2', 'S1')_rr: 8
	F28_('S5', 'E5')_t3_max: 7754
	F10_('S3', 'S2')_t4_min: 21510
	F5_('S3', 'S4')_t4_min: 44345
	F25_('S5', 'E5')_gc: True
	F8_('S4', 'E4')_t4_min: 3455
	F51_('S2', 'S3')_t4_max: 2182
	F54_queue_index: 0
	F28_('S5', 'E5')_rr: 8
	F43_('E1', 'S1')_t4_max: 12361
	F12_('S3', 'S2')_rr: 16
	F50_('S2', 'S1')_gc: True
	F13_jitter: 0
	F1_jitter: 0
	F31_('S1', 'E1')_t3_min: 15380
	F4_('S5', 'S4')_rr: 1
	F23_('S1', 'E1')_t4_min: 12356
	F15_jitter: 0
	F14_('S3', 'S2')_t4_min: 1031
	F51_('S2', 'S3')_t4_min: 2053
	F12_('S1', 'E1')_t4_min: 1388
	F10_('S2', 'E2')_gc: False
	F36_('S2', 'S3')_t4_min: 7624
	F42_('S1', 'S2')_rr: 0
	F6_queue_index: 0
	F17_('S2', 'E2')_rr: 64
	F48_jitter: 0
	F53_('S5', 'E5')_t4_min: 30752
	F55_('E4', 'S4')_rr: 0
	F42_('S5', 'E5')_t4_min: 6003
	F38_('S2', 'E2')_t5_max: 115735
	F47_('S2', 'S3')_gc: False
	F30_('S4', 'S5')_t3_max: 1147
	F22_('E5', 'S5')_t3_max: 25849
	F21_('E4', 'S4')_t3_max: 1242
	F54_('E5', 'S5')_t3_max: 1021
	F46_('S3', 'S2')_gc: False
	F5_('S5', 'E5')_t5_min: 44412
	('E2', 'S2')_gcl_cycle: 1
	F29_('E1', 'S1')_t5_min: 24165
	F48_('S2', 'S3')_rr: 0
	F7_('S1', 'S2')_t5_max: 9788
	('S2', 'E2')_gcl_cycle: 128000
	F1_('S1', 'E1')_rr: 1
	F24_('E1', 'S1')_rr: 0
	F37_('S4', 'S5')_rr: 0
	F30_('S2', 'S3')_t4_max: 789
	F58_('S2', 'S3')_gc: True
	F50_('S2', 'S1')_t3_max: 15574
	F16_('S4', 'S5')_t5_max: 27829
	F56_('S4', 'S5')_t5_min: 32012
	F28_('E1', 'S1')_gc: False
	F37_('S4', 'S5')_gc: False
	F5_('S2', 'S3')_t5_min: 44343
	F32_('S4', 'S5')_gc: True
	F52_jitter: 129
	F29_('S1', 'S2')_t3_min: 24167
	('S3', 'E3')_gcl_cycle: 128000
	F26_('S1', 'E1')_rr: 8
	F52_('S4', 'S3')_rr: 16
	F4_('S2', 'S1')_gc: True
	F32_('E3', 'S3')_gc: False
	F4_('S5', 'S4')_t5_max: 7083
	F30_('S2', 'S3')_t5_max: 899
	F59_('S4', 'S3')_t4_max: 25617
	F5_('S2', 'S3')_gc: False
	F23_('E2', 'S2')_gc: False
	F30_('S1', 'S2')_t4_max: 672
	F41_('E3', 'S3')_gc: False
	F47_('S3', 'E3')_tb: 4180
	F32_('S3', 'S4')_t4_min: 31449
	F4_('E5', 'S5')_t4_max: 6948
	F52_('S4', 'S3')_tb: 3580
	F22_('S3', 'S2')_gc: False
	F22_('S5', 'S4')_t4_min: 26078
	F46_('S2', 'S1')_gc: False
	F3_('S2', 'S3')_t4_min: 6694
	F29_('S2', 'S3')_t5_min: 24397
	F28_jitter: 0
	F1_('S5', 'S4')_gc: False
	F53_('S3', 'S4')_t4_max: 30520
	F35_('S1', 'S2')_t4_max: 91475
	F1_('S2', 'S1')_rr: 0
	F11_('S3', 'S2')_rr: 0
	F16_('E4', 'S4')_tb: 27574
	F16_('S5', 'E5')_gc: False
	F52_('E4', 'S4')_gc: False
	F37_('S4', 'S5')_t4_max: 13539
	F15_('S4', 'E4')_rr: 8
	F31_('S2', 'S1')_rr: 0
	F15_('E3', 'S3')_t5_min: 1755
	F40_('S3', 'S4')_t3_min: 4052
	F40_('S1', 'S2')_t3_min: 3886
	F6_('S2', 'S3')_gc: False
	F7_('S1', 'S2')_tb: 9605
	F30_('S3', 'S4')_rr: 0
	F51_('S3', 'S4')_t3_min: 2109
	F27_('S2', 'E2')_rr: 32
	F10_('E4', 'S4')_rr: 0
	F53_('S4', 'S5')_t4_min: 30636
	F33_('S2', 'S1')_rr: 0
	F3_('S3', 'E3')_tb: 6790
	F26_('S1', 'E1')_gc: True
	F40_('S3', 'S4')_rr: 0
	F11_('S4', 'S3')_t4_min: 121188
	F42_('E1', 'S1')_rr: 0
	F17_('S2', 'E2')_t3_min: 234
	F4_('E5', 'S5')_t3_max: 6824
	F5_('S5', 'E5')_gc: False
	F58_('S2', 'S3')_rr: 2
	F5_('S1', 'S2')_gc: False
	F6_('S3', 'E3')_t4_min: 26257
	F11_('S3', 'S2')_gc: False
	F22_('S4', 'S3')_rr: 0
	F54_('S4', 'E4')_rr: 0
	F46_('S1', 'E1')_gc: False
	F44_('E4', 'S4')_t5_max: 119746
	F42_('S3', 'S4')_rr: 0
	F3_('E2', 'S2')_rr: 0
	F38_('S1', 'S2')_t3_min: 115591
	F4_('S2', 'S1')_rr: 1
	F23_('S2', 'S1')_gc: True
	F19_('S2', 'E2')_gc: False
	F28_('S3', 'S4')_t4_min: 7544
	F38_('E1', 'S1')_t3_max: 115399
	F6_('S2', 'S3')_t4_max: 26366
	F52_('E4', 'S4')_rr: 0
	F31_('S2', 'S1')_gc: False
	F33_('S1', 'E1')_gc: False
	F6_('E2', 'S2')_t3_max: 26093
	F17_('S3', 'S2')_t4_max: 120
	F37_('S5', 'E5')_rr: 8
	F58_jitter: 0
	F29_('S3', 'S4')_gc: False
	F49_queue_index: 0
	F22_('S4', 'S3')_tb: 26178
	F14_('S3', 'S2')_rr: 32
	F38_queue_index: 0
	F27_('S3', 'S2')_rr: 0
	F22_('E5', 'S5')_gc: False
	F4_('S5', 'S4')_t4_max: 7019
	F23_queue_index: 0
	('E1', 'S1')_gcl_cycle: 1
	F53_jitter: 258
	F46_('S2', 'S1')_t4_max: 6173
	F18_jitter: 129
	F14_('E4', 'S4')_t4_max: 655
	F34_('S1', 'S2')_t4_min: 1061
	F4_('E5', 'S5')_rr: 0
	('S1', 'S2')_gcl_cycle: 128000
	F35_('E1', 'S1')_t3_max: 91167
	F4_('S4', 'S3')_gc: False
	F30_('S4', 'S5')_t4_min: 1013
	F10_('S4', 'S3')_gc: False
	F52_('S2', 'S1')_gc: True
	F50_('S2', 'S1')_rr: 4
	F50_('S1', 'E1')_gc: False
	F30_('S5', 'E5')_rr: 64
	F30_('S1', 'S2')_gc: True
	F4_('S1', 'E1')_t5_max: 7615
	F40_('E1', 'S1')_gc: False
	F54_('S5', 'S4')_gc: False
	F54_('E5', 'S5')_rr: 0
	F48_('S2', 'S3')_t4_max: 121979
	F16_('S5', 'E5')_rr: 0
	F40_('E1', 'S1')_t3_max: 3684
	F21_jitter: 129
	F35_('E1', 'S1')_tb: 91291
	F13_('S2', 'S1')_t5_max: 4476
	F15_('S4', 'E4')_gc: True
	F40_('S1', 'S2')_t4_min: 3891
	F4_('S5', 'S4')_gc: True
	F3_('S3', 'E3')_t3_min: 6785
	F4_('S2', 'S1')_t4_min: 7480
	F34_('E1', 'S1')_t3_max: 852
	F13_('E2', 'S2')_t3_min: 4363
	F19_('S3', 'S2')_t4_min: 20628
	F3_('E2', 'S2')_gc: False
	F45_('S3', 'S2')_t4_min: 5293
	F42_('S5', 'E5')_gc: False
	F29_('E1', 'S1')_gc: False
	F42_('S2', 'S3')_gc: False
	F11_queue_index: 0
	F12_('S5', 'S4')_t4_min: 995
	F31_('S2', 'S1')_t4_max: 15397
	F48_('S2', 'S3')_t4_min: 121850
	F50_jitter: 129
	F10_('E4', 'S4')_t4_max: 21266
	F56_('E4', 'S4')_t5_min: 31893
	F28_('S1', 'S2')_rr: 8
	F26_('S2', 'S1')_t4_min: 3920
	F30_('S3', 'S4')_gc: False
	F36_('S3', 'S4')_t3_min: 7705
	F55_('S3', 'E3')_rr: 0
	F40_('S3', 'S4')_gc: False
	F28_('S5', 'E5')_t4_min: 7754
	F44_('S4', 'S5')_rr: 0
	F38_('S1', 'S2')_t4_max: 115596
	F15_queue_index: 0
	F47_('S2', 'S3')_t4_min: 4083
	F33_('S2', 'S1')_t3_max: 119461
	F41_('E3', 'S3')_t4_min: 115288
	F12_('S2', 'S1')_t3_max: 1229
	F24_('E1', 'S1')_t3_max: 2603
	F26_jitter: 0
	F29_('S3', 'S4')_t4_max: 24786
	F58_('S3', 'S4')_rr: 1
	F5_('S3', 'S4')_t4_max: 44732
	F5_('S4', 'S5')_rr: 0
	F49_('S3', 'S2')_t3_max: 23869
	F4_('S5', 'S4')_t4_min: 7019
	('S1', 'E1')_gcl_cycle: 64000
	F42_('S4', 'S5')_gc: True
	F32_('S5', 'E5')_t4_min: 31785
	F58_('S2', 'S3')_t4_min: 62371
	F44_('S4', 'S5')_tb: 119748
	F27_('S2', 'E2')_gc: True
	F12_queue_index: 0
	F30_jitter: 0
	F30_('S1', 'S2')_rr: 64
	F26_('S2', 'S1')_t4_max: 4178
	F30_('S2', 'S3')_rr: 64
	F49_('S4', 'S3')_gc: True
	F48_('S2', 'S3')_gc: False
	F17_('S2', 'E2')_t4_min: 239
	F23_('S1', 'E1')_t3_max: 12356
	F49_('E4', 'S4')_t4_min: 23747
	F40_('S2', 'S3')_rr: 8
	F18_('S4', 'S5')_t4_max: 54289
	F6_('S2', 'S3')_rr: 0
	F28_('S3', 'S4')_t4_max: 7544
	F49_('S4', 'S3')_t5_max: 23862
	F14_('S2', 'E2')_rr: 0
	F20_jitter: 129
	F7_('S2', 'S3')_gc: True
	F12_('S5', 'S4')_gc: False
	F8_('E3', 'S3')_t3_max: 3133
	F10_jitter: 387
	F33_('S3', 'S2')_t4_max: 119409
	F43_('S1', 'S2')_t4_max: 12579
	F45_('E4', 'S4')_gc: False
	F51_('S3', 'S4')_t4_min: 2109
	F19_('S2', 'E2')_rr: 0
	F47_jitter: 258
	F11_('S3', 'S2')_t4_min: 121301
	F1_('S1', 'E1')_t4_min: 46616
	F22_('E5', 'S5')_t3_min: 25973
	F19_('S4', 'S3')_gc: False
	F31_('S4', 'S3')_gc: True
	F0_('S3', 'S2')_t4_max: 48738
	F39_jitter: 129
	F23_('S1', 'E1')_rr: 4
	F3_('E2', 'S2')_t4_max: 6598
	F31_('E4', 'S4')_rr: 0
	F17_('S2', 'E2')_gc: True
	F23_('S2', 'S1')_t4_max: 12228
	F52_('E4', 'S4')_t3_max: 3420
	F57_('S1', 'S2')_t4_min: 115672
	F31_('S4', 'S3')_rr: 2
	F43_('E1', 'S1')_gc: False
	F29_jitter: 516
	F54_('E5', 'S5')_tb: 1145
	F15_('S3', 'S4')_gc: True
	F4_('S4', 'S3')_rr: 0
	F15_('E3', 'S3')_t3_max: 1543
	F1_('S5', 'S4')_rr: 0
	F42_('S2', 'S3')_t4_min: 5488
	F33_queue_index: 0
	F50_('S2', 'S1')_t4_min: 15574
	F29_('S1', 'S2')_t4_max: 24296
	F43_('E1', 'S1')_rr: 0
	F25_('E1', 'S1')_gc: False
	F24_('S1', 'S2')_gc: False
	F9_jitter: 258
	F30_('S5', 'E5')_t4_min: 1388
	F38_('S1', 'S2')_t4_min: 115596
	F44_('E4', 'S4')_t3_min: 119678
	F43_('E1', 'S1')_t3_max: 12237
	F26_('E5', 'S5')_gc: False
	F51_('S3', 'S4')_rr: 0
	F53_('S5', 'E5')_rr: 0
	F5_('S5', 'E5')_t4_max: 45036
	F19_('S2', 'E2')_t3_max: 20903
	F53_('S5', 'E5')_gc: False
	F29_('S3', 'S4')_t4_min: 24399
	F32_('S5', 'E5')_gc: False
	F49_('S4', 'S3')_t4_max: 23808
	F22_('S3', 'S2')_t4_min: 26278
	F0_queue_index: 0
	F34_('E1', 'S1')_gc: False
	F16_queue_index: 0
	F20_('S3', 'E3')_t4_min: 534
	F31_('S3', 'S2')_t4_min: 15156
	F12_('S5', 'S4')_rr: 0
	F6_('E2', 'S2')_t5_max: 26235
	F38_('E1', 'S1')_gc: False
	F32_('S3', 'S4')_rr: 0
	F38_('S1', 'S2')_rr: 1
	F45_('E4', 'S4')_rr: 0
	F10_('S2', 'E2')_rr: 0
	F52_('S4', 'S3')_t4_min: 3580
	F31_('S4', 'S3')_t4_min: 15039
	F59_('S4', 'S3')_tb: 25488
	F6_('S3', 'E3')_rr: 0
	F57_('S3', 'E3')_t5_max: 116179
	F52_('S2', 'S1')_tb: 3776
	F47_('E2', 'S2')_t4_max: 3986
	F33_('S1', 'E1')_rr: 0
	F33_('S3', 'S2')_gc: False
	F0_('S3', 'S2')_gc: True
	F52_('S3', 'S2')_gc: False
	F17_('E3', 'S3')_t4_max: 1
	F7_('S1', 'S2')_rr: 0
	F0_('S3', 'S2')_t4_min: 48738
	F25_('S4', 'S5')_t4_max: 60222
	F22_('S5', 'S4')_rr: 2
	F34_('S2', 'S3')_t4_max: 1404
	F25_('S1', 'S2')_t4_max: 59665
	F5_('S2', 'S3')_t5_max: 44601
	F35_('S2', 'E2')_rr: 0
	F40_('S1', 'S2')_rr: 8
	F19_('S3', 'S2')_t4_max: 20886
	F40_('S5', 'E5')_rr: 8
	F42_('E1', 'S1')_t3_max: 5282
	F41_('S3', 'S2')_rr: 0
	F30_('E1', 'S1')_t3_max: 431
	F36_('S4', 'E4')_t4_max: 7920
	F30_('E1', 'S1')_rr: 0
	('E3', 'S3')_gcl_cycle: 1
	F25_('E1', 'S1')_rr: 0
	F24_jitter: 258
	F7_('S2', 'S3')_t4_max: 9795
	F22_('S4', 'S3')_t4_max: 26307
	F45_('S2', 'S1')_gc: False
	F7_('S3', 'S4')_t4_max: 9856
	F59_jitter: 258
	F56_('E4', 'S4')_gc: True
	F15_('E3', 'S3')_rr: 0
	F56_jitter: 129
	F41_('S3', 'S2')_tb: 115369
	F46_('S4', 'S3')_t4_max: 5863
	F25_('S5', 'E5')_t5_min: 60421
	F50_('S3', 'S2')_rr: 4
	F18_('S4', 'S5')_gc: True
	F5_('S4', 'S5')_t4_min: 44368
	F17_('S3', 'S2')_t5_max: 232
	F9_('S3', 'S4')_gc: False
	F29_('S4', 'E4')_t4_min: 24515
	F42_jitter: 129
	F58_('S4', 'E4')_t4_min: 62521
	F40_('S4', 'S5')_t5_max: 4340
	F7_jitter: 0
	F22_('S3', 'S2')_rr: 0
	F42_('S3', 'S4')_t4_max: 5916
	F50_('E4', 'S4')_t3_max: 15282
	F36_('S4', 'E4')_gc: False
	F42_queue_index: 0
	F2_queue_index: 0
	F38_('S1', 'S2')_gc: True
	F2_('S1', 'S2')_t5_max: 55060
	F19_('E5', 'S5')_t5_min: 20597
	('S2', 'S1')_gcl_cycle: 64000
	F49_('S3', 'S2')_gc: False
	F6_('S2', 'S3')_t4_min: 26237
	F29_('S4', 'E4')_rr: 0
	F14_('S4', 'S3')_t5_max: 1024
	F22_('E5', 'S5')_rr: 0
	F14_('S2', 'E2')_gc: False
	F25_('S3', 'S4')_t4_max: 60119
	F33_('S4', 'S3')_gc: False
	F39_('S5', 'S4')_t4_min: 1656
	F34_jitter: 0
	F25_('S1', 'S2')_t5_max: 59761
	F34_('S3', 'E3')_t4_min: 1494
	F26_('S4', 'S3')_gc: True
	F37_('S5', 'E5')_tb: 13633
	F9_('S4', 'E4')_t4_min: 8112
	F51_('S3', 'S4')_tb: 2109
	F0_('S2', 'E2')_rr: 2
	F42_('S4', 'S5')_rr: 8
	F52_('S1', 'E1')_rr: 0
	F20_('S4', 'S3')_t4_min: 411
	F12_('S4', 'S3')_gc: True
	F21_('S5', 'E5')_gc: False
	F22_('S5', 'S4')_gc: True
	F24_('S2', 'E2')_gc: False
	F59_queue_index: 0
	F20_('E4', 'S4')_tb: 283
	F26_('S2', 'S1')_t5_min: 3964
	F3_('E2', 'S2')_t3_max: 6474
	F52_('S4', 'S3')_gc: True
	F1_('S4', 'S3')_t4_max: 46218
	F55_('S3', 'E3')_t4_min: 31639
	F25_jitter: 0
	F23_('S2', 'S1')_tb: 12228
	F52_('S1', 'E1')_tb: 3807
	F21_queue_index: 0
	F2_('S3', 'S4')_gc: True
	F59_('S3', 'E3')_t4_min: 25578
	F36_('S2', 'S3')_t4_max: 7624
	F7_('S1', 'S2')_t5_min: 9659
	F1_('S3', 'S2')_gc: False
	F10_('S4', 'S3')_t4_max: 21517
	F29_('S4', 'E4')_tb: 24515
	F19_('S5', 'S4')_gc: True
	F9_('E3', 'S3')_t5_min: 8000
	F16_('E4', 'S4')_rr: 0
	F0_('S4', 'S3')_gc: True
	F12_('S2', 'S1')_t4_min: 1224
	F21_('S4', 'S5')_t4_max: 1435
	F22_('S3', 'S2')_t4_max: 26536
	F30_('S2', 'S3')_t3_min: 784
	F35_jitter: 258
	F29_('E1', 'S1')_t3_min: 24051
	F25_('S5', 'E5')_rr: 2
	F36_('S3', 'S4')_t5_max: 7789
	F17_('S3', 'S2')_rr: 32
	F35_('E1', 'S1')_gc: False
	F14_jitter: 129
	F39_('S4', 'E4')_t5_max: 1851
	F4_('S4', 'S3')_t4_max: 7214
	F10_('E4', 'S4')_gc: False
	F59_('S4', 'S3')_gc: False
	F38_('S2', 'E2')_t4_min: 115669
	F19_('S3', 'S2')_rr: 0
	F16_('S4', 'S5')_rr: 0
	F42_('S4', 'S5')_t4_min: 5962
	F51_queue_index: 0
	F32_('E3', 'S3')_t3_max: 31224
	F51_('S4', 'E4')_t3_max: 2428
	F38_jitter: 0
	F46_('S3', 'S2')_t4_min: 5889
	F43_('E1', 'S1')_t4_min: 12361
	F59_('E4', 'S4')_gc: False
	('E4', 'S4')_gcl_cycle: 64000
	F32_('E3', 'S3')_rr: 0
	F1_('S5', 'S4')_t4_max: 46168
	F33_('S4', 'S3')_t4_min: 119104
	F32_('S5', 'E5')_rr: 0
	F57_('S1', 'S2')_gc: False
	F55_('S3', 'E3')_t5_min: 31661
	F4_('E5', 'S5')_gc: False
	F1_('S3', 'S2')_t4_min: 46263
	F1_('S2', 'S1')_t4_min: 46308
	F56_('S4', 'S5')_gc: True
	F31_('S1', 'E1')_t4_min: 15514
	F52_('S1', 'E1')_gc: False
	F46_('S4', 'S3')_t4_min: 5863
	F22_('S5', 'S4')_t4_max: 26078
	F18_('S4', 'S5')_t5_min: 54314
	F42_('E1', 'S1')_t4_max: 5406
	F8_('S4', 'E4')_rr: 16
	F51_('S4', 'E4')_rr: 16
	F3_jitter: 0
	F27_queue_index: 0
	F57_('S2', 'S3')_t4_min: 115888
	F19_('S3', 'S2')_gc: False
	F2_('S2', 'S3')_t3_max: 55067
	F21_('S5', 'E5')_t4_min: 1499
	F18_('E4', 'S4')_t3_max: 54133
	F36_('S4', 'E4')_t4_min: 7791
	F8_('E3', 'S3')_rr: 0
	F22_('S2', 'E2')_gc: False
	F23_('E2', 'S2')_rr: 0
	F57_('S2', 'S3')_t3_min: 115754
	F49_('S2', 'E2')_t4_min: 23920
	F48_('E2', 'S2')_rr: 0
	F12_jitter: 0
	F32_('S3', 'S4')_t4_max: 31578
	F57_jitter: 129
	F1_('S3', 'S2')_t5_max: 46435
	F50_('E4', 'S4')_gc: False
	F17_queue_index: 0
	F20_('E4', 'S4')_t3_max: 159
	F45_('S1', 'E1')_rr: 8
	F51_('E2', 'S2')_gc: False
	F0_('S2', 'E2')_t4_min: 48815
	F58_('S2', 'S3')_t4_max: 62371
	F53_('S4', 'S5')_gc: False
	F21_('E4', 'S4')_gc: False
	F8_queue_index: 0
	F22_('S4', 'S3')_t3_min: 26178
	F50_('S4', 'S3')_t4_max: 15462
	F49_('E4', 'S4')_t3_max: 23623
	F55_('S3', 'E3')_t3_max: 31644
	F55_('S3', 'E3')_gc: False
	F58_('S4', 'E4')_t3_max: 62521
	F54_('S4', 'E4')_t3_min: 1337
	F27_('S4', 'S3')_gc: True
	F20_('S4', 'S3')_t4_max: 411
	F8_('S3', 'S4')_rr: 0
	F52_('S1', 'E1')_t3_min: 3807
	F43_jitter: 258
	F30_('S3', 'S4')_t5_max: 1140
	F17_('E3', 'S3')_gc: False
	F25_('S3', 'S4')_gc: False
	F13_('S2', 'S1')_t4_min: 4423
	F49_('S3', 'S2')_t4_min: 23864
	F23_jitter: 0
	('S3', 'S2')_gcl_cycle: 64000
	F18_('S4', 'S5')_rr: 1
	F0_('S3', 'S2')_t3_max: 48738
	F9_('E3', 'S3')_tb: 7892
	F51_('E2', 'S2')_t4_min: 1997
	F10_('S3', 'S2')_rr: 0
	F33_('S3', 'S2')_rr: 0
	F15_('S4', 'E4')_t5_max: 1945
	F58_('S4', 'E4')_gc: True
	F12_('S3', 'S2')_t4_max: 1194
	F7_('S4', 'S5')_t4_max: 9917
	F14_('S4', 'S3')_t5_min: 895
	F21_('S4', 'S5')_rr: 8
	F38_('E1', 'S1')_rr: 0
	F31_('S1', 'E1')_gc: True
	F37_queue_index: 0
	F31_queue_index: 0
	F19_('S5', 'S4')_t4_max: 20604
	F30_('S5', 'E5')_gc: True
	F2_('S3', 'S4')_rr: 1
	F19_jitter: 387
	F22_('S2', 'E2')_t4_min: 26378
	F7_('E1', 'S1')_t5_min: 9603
	F2_('S1', 'S2')_t5_min: 54931
	F52_('S4', 'S3')_t4_max: 3580
	F16_('S4', 'S5')_t4_max: 27767
	F57_('S3', 'E3')_t4_min: 115970
	F46_('S3', 'S2')_t3_max: 5894
	F4_('S4', 'S3')_t4_min: 7085
	F14_('S3', 'S2')_t4_max: 1031
	F36_('E1', 'S1')_rr: 0
	F41_('S2', 'E2')_rr: 1
	F0_('S4', 'S3')_t4_min: 48661
	F49_('S3', 'S2')_rr: 0
	F19_('S2', 'E2')_t3_min: 20640
	F12_('S4', 'S3')_tb: 1159
	F54_('E5', 'S5')_t5_max: 1239
	F5_('E1', 'S1')_gc: False
	F5_('E1', 'S1')_rr: 0
	F11_('S4', 'S3')_rr: 0
	F28_('S3', 'S4')_rr: 4
	F52_('S3', 'S2')_t4_max: 3740
	F32_('S3', 'S4')_tb: 31449
	F18_('S4', 'S5')_t3_min: 54284
	F31_('E4', 'S4')_gc: False
	F51_('S3', 'S4')_t5_min: 2163
	F36_('S3', 'S4')_gc: True
	F53_('E3', 'S3')_tb: 30399
	F53_('S3', 'S4')_t4_min: 30520
	F5_('S5', 'E5')_t5_max: 45057
	F14_('E4', 'S4')_gc: False
	F30_('S2', 'S3')_gc: True
	F11_('S4', 'S3')_t4_max: 121317
	F56_('S4', 'S5')_t4_max: 31900
	('S4', 'E4')_gcl_cycle: 64000
	F55_('S4', 'S3')_rr: 2
	F7_('S5', 'E5')_t4_min: 9978
	F10_('E4', 'S4')_t4_min: 21266
	F48_('S2', 'S3')_t5_max: 122052
	F27_('S3', 'S2')_tb: 298
	F33_('S2', 'S1')_t4_min: 119198
	F28_('E1', 'S1')_t3_max: 7291
	F59_('E4', 'S4')_rr: 0
	F18_('E4', 'S4')_gc: False
	F14_('S4', 'S3')_gc: False
	F55_queue_index: 0
	F40_('S5', 'E5')_t4_max: 4347
	F32_('S4', 'S5')_t4_min: 31684
	F24_('E1', 'S1')_t4_max: 2727
	F26_('E5', 'S5')_rr: 0
	F44_('S4', 'S5')_t4_min: 119748
	F47_('S2', 'S3')_t4_max: 4212
	F35_('E1', 'S1')_t4_min: 91291
	F2_('S2', 'S3')_gc: True
	F9_('S4', 'E4')_gc: False
	F29_('S2', 'S3')_t4_min: 24283
	F35_queue_index: 0
	('S2', 'S3')_gcl_cycle: 128000
	F21_('S4', 'S5')_t5_max: 1497
	F45_('S4', 'S3')_gc: True
	F7_('S1', 'S2')_t4_max: 9734
	F37_('S4', 'S5')_t5_max: 13626
	F21_('S5', 'E5')_tb: 1499
	F58_('S4', 'E4')_rr: 1
	F45_('S1', 'E1')_t4_min: 5734
	F48_('S3', 'E3')_rr: 1
	F36_('S1', 'S2')_tb: 7538
	F58_queue_index: 0
	F7_('S1', 'S2')_t4_min: 9605
	F40_('S1', 'S2')_t4_max: 3891
	F1_('S4', 'S3')_gc: True
	F51_('S4', 'E4')_tb: 2428
	F25_('S2', 'S3')_gc: False
	('S5', 'S4')_gcl_length: 42
	F11_('S3', 'S2')_t5_min: 121412
	F12_('S4', 'S3')_t4_min: 1159
	F36_queue_index: 0
	F39_('S4', 'E4')_t4_min: 1690
	F44_('S5', 'E5')_gc: True
	F29_('S2', 'S3')_rr: 0
	F35_('E1', 'S1')_rr: 0
	F5_('S2', 'S3')_rr: 0
	F56_('S4', 'S5')_t4_min: 31900
	F59_('S3', 'E3')_gc: False
	F52_queue_index: 0
	F19_('S2', 'E2')_t4_min: 20640
	F4_('E5', 'S5')_tb: 6948
	F0_('E4', 'S4')_rr: 0
	F13_('E2', 'S2')_gc: False
	F15_('E3', 'S3')_tb: 1667
	F15_('S4', 'E4')_t4_min: 1857
	F9_('S3', 'S4')_rr: 0
	F40_queue_index: 0
	F49_('S2', 'E2')_rr: 0
	F40_('S5', 'E5')_gc: True
	F29_('S1', 'S2')_gc: False
	F24_('S1', 'S2')_rr: 0
	F56_('E4', 'S4')_t3_max: 31781
	F41_('S2', 'E2')_gc: True
	F2_('E1', 'S1')_t4_min: 54773
	F20_('E4', 'S4')_t5_max: 404
	F25_('S2', 'S3')_tb: 59634
	F3_('S2', 'S3')_t4_max: 6694
	F20_('S4', 'S3')_rr: 32
	F29_('S1', 'S2')_rr: 0
	F5_queue_index: 0
	F9_('S3', 'S4')_t4_min: 8002
	F13_('S2', 'S1')_gc: True
	F8_('S4', 'E4')_tb: 3455
	F31_('S1', 'E1')_t5_max: 15624
	F25_('S4', 'S5')_t5_max: 60318
	F33_('S1', 'E1')_t4_max: 119761
	F42_('S5', 'E5')_rr: 0
	F2_('S3', 'S4')_t5_max: 55230
	F1_('S4', 'S3')_rr: 1
	F39_('S4', 'E4')_rr: 0
	F7_('S5', 'E5')_gc: True
	F20_('S4', 'S3')_t5_min: 532
	F31_('S1', 'E1')_rr: 2
	F18_('S5', 'E5')_t4_min: 54316
	F14_('E4', 'S4')_t5_max: 774
	F19_('S4', 'S3')_t4_min: 20616
	F34_('S1', 'S2')_gc: False
	F1_('S1', 'E1')_gc: True
	F20_('S4', 'S3')_gc: True
	('S3', 'S4')_gcl_length: 56
	F53_('E3', 'S3')_t3_max: 30275
	F28_('S1', 'S2')_t4_min: 7458
	F54_('E5', 'S5')_gc: False
	F33_('S2', 'S1')_gc: False
	F27_('E4', 'S4')_tb: 185
	F45_('S4', 'S3')_t5_min: 5291
	F13_('S1', 'E1')_gc: True
	F22_('S4', 'S3')_gc: False
	F5_('S2', 'S3')_t4_min: 44322
	F18_('E4', 'S4')_rr: 0
	F14_('S2', 'E2')_t4_min: 1152
	F36_('S1', 'S2')_t4_max: 7538
	F37_jitter: 0
	F29_('S2', 'S3')_gc: False
	F2_('S1', 'S2')_rr: 0
	F53_('S3', 'S4')_rr: 2
	F42_('S2', 'S3')_rr: 0
	F4_('S3', 'S2')_t4_min: 7151
	F31_('S3', 'S2')_gc: True
	F10_('S3', 'S2')_t4_max: 21768
	F42_('S3', 'S4')_t4_min: 5529
	F45_('S4', 'S3')_t4_min: 5204
	F20_('S3', 'E3')_t5_min: 655
	F11_('E4', 'S4')_rr: 0
	F35_('S1', 'S2')_t4_min: 91346
	F26_('S3', 'S2')_rr: 0
	F45_('S4', 'S3')_rr: 8
	F46_('S1', 'E1')_rr: 0
	F47_('E2', 'S2')_t3_max: 3862
	F54_('S5', 'S4')_rr: 0
	F53_('E3', 'S3')_rr: 0
	F4_('S1', 'E1')_gc: True
	F51_jitter: 0
	F50_('S1', 'E1')_t4_min: 15625
	F25_queue_index: 0
	F21_('S4', 'S5')_t4_min: 1435
	F35_('S1', 'S2')_rr: 0
	F32_queue_index: 0
	F25_('S2', 'S3')_t4_max: 59892
	F16_('S4', 'S5')_gc: False
	F37_('E4', 'S4')_rr: 0
	F9_('E3', 'S3')_gc: False
	F9_('S3', 'S4')_t5_min: 8110
	F44_queue_index: 0
	F42_('S5', 'E5')_t5_min: 6042
	F16_('S5', 'E5')_t4_min: 27702
	F55_jitter: 129
	F2_('S1', 'S2')_t4_max: 54982
	F12_('S1', 'E1')_rr: 16
	F26_('S5', 'S4')_rr: 8
	F40_('S4', 'S5')_t4_max: 4264
	F55_('E4', 'S4')_gc: False
	F43_('S1', 'S2')_gc: False
	F22_('S3', 'S2')_t3_min: 26278
	F46_('S2', 'S1')_t4_min: 5915
	F43_('S2', 'E2')_t4_min: 12539
	F13_('S1', 'E1')_t4_max: 4483
	F54_('S5', 'S4')_t4_max: 1370
	F27_('S4', 'S3')_t3_min: 239
	F24_('S2', 'E2')_t4_min: 2839
	F41_('E3', 'S3')_rr: 0
	F44_('S5', 'E5')_t3_max: 119952
	F13_('S1', 'E1')_rr: 8
	F50_('S4', 'S3')_gc: True
	F58_('E2', 'S2')_t3_max: 62172
	F5_('S2', 'S3')_t4_max: 44580
	F24_('S2', 'E2')_rr: 0
	F1_('E5', 'S5')_gc: False
	F40_('S3', 'S4')_t4_min: 4052
	F9_('S3', 'S4')_t4_max: 8131
	F38_('S2', 'E2')_gc: True
	F50_('S1', 'E1')_t4_max: 15754
	F35_('S2', 'E2')_gc: False
	F42_('E1', 'S1')_gc: False
	F27_('E4', 'S4')_rr: 0
	F28_('S5', 'E5')_gc: True
	F7_('S2', 'S3')_t3_min: 9661
	F1_('S4', 'S3')_t4_min: 46218
	F8_('S4', 'E4')_gc: True
	F34_('E1', 'S1')_rr: 0
	F53_('S4', 'S5')_rr: 0
	F46_('S3', 'S2')_t4_max: 6018
	F36_('E1', 'S1')_gc: False
	F54_('S4', 'E4')_gc: False
	F55_('E4', 'S4')_t3_max: 31462
	F22_jitter: 387
	F4_('S1', 'E1')_rr: 1
	F34_('S2', 'S3')_rr: 0
	F43_('S1', 'S2')_t4_min: 12450
	F55_('S4', 'S3')_gc: True
	F25_('S3', 'S4')_rr: 0
	F12_('S4', 'S3')_t5_min: 1187
	F27_('S4', 'S3')_t4_max: 244
	F12_('S2', 'S1')_rr: 0
	F57_('S3', 'E3')_gc: False
	F50_('S4', 'S3')_rr: 4
	F35_('S2', 'E2')_t4_min: 91401
	F56_('S5', 'E5')_tb: 32014
	F6_('E2', 'S2')_gc: False
	F5_('S1', 'S2')_rr: 0
	F3_('S3', 'E3')_t4_min: 6790
	F31_('E4', 'S4')_t4_max: 14922
	F20_('E4', 'S4')_rr: 0
	F45_jitter: 0
	F26_('S4', 'S3')_t4_min: 3828
	F12_('S5', 'S4')_t3_min: 995
	F48_('E2', 'S2')_t3_max: 121651
	F41_('S3', 'S2')_gc: False
	F47_('E2', 'S2')_gc: False
	F2_('S4', 'E4')_t4_min: 55237
	F10_('S3', 'S2')_gc: False
	F48_('S3', 'E3')_gc: True
	F19_('E5', 'S5')_rr: 0
	F27_('S4', 'S3')_rr: 16
	F2_('S3', 'S4')_t4_max: 55152
	F39_('S5', 'S4')_gc: True
	F44_('S4', 'S5')_gc: False
	F5_('S3', 'S4')_gc: False
	F4_('S3', 'S2')_rr: 0
	F7_('S5', 'E5')_rr: 8
	F16_('E4', 'S4')_t3_max: 27450
	F29_('S4', 'E4')_gc: False
	F33_('E4', 'S4')_t3_max: 118933
	F52_('S1', 'E1')_t4_min: 3807
	F8_('S3', 'S4')_tb: 3289
	F40_jitter: 0
	F3_('S2', 'S3')_gc: True
	F36_jitter: 129
	F39_('E5', 'S5')_rr: 0
	F31_('S3', 'S2')_t4_max: 15156
	F26_('S4', 'S3')_rr: 8
	F28_('S4', 'S5')_gc: False
	F11_('S2', 'E2')_gc: False
	F18_('S5', 'E5')_rr: 0
	F24_('E1', 'S1')_gc: False
	F39_queue_index: 0
	F10_('S4', 'S3')_rr: 0
	F0_('E4', 'S4')_t3_max: 48460
	F58_('E2', 'S2')_t4_max: 62296
	F22_('S4', 'S3')_t4_min: 26178
	F45_('S2', 'S1')_t4_max: 5640
	F26_('S5', 'S4')_t5_min: 3821
	F18_('S4', 'S5')_t4_min: 54289
	F24_('S1', 'S2')_t4_max: 2912
	F49_('S2', 'E2')_gc: False
	F27_('S3', 'S2')_t4_max: 427
	F28_('S2', 'S3')_t4_min: 7501
	F7_('S2', 'S3')_rr: 8
	F43_('S2', 'E2')_rr: 0
	F47_('S3', 'E3')_rr: 0
	F23_('E2', 'S2')_t3_max: 11976
	F34_('S3', 'E3')_rr: 64
	F29_queue_index: 0
	F4_('S3', 'S2')_t4_max: 7409
	F7_('S2', 'S3')_t4_min: 9795
	F6_('S3', 'E3')_gc: False
	F56_('S5', 'E5')_t4_min: 32014
	F33_('E4', 'S4')_tb: 119057
	F33_('S1', 'E1')_t4_min: 119245
	F29_('E1', 'S1')_t4_max: 24051
	F30_('S3', 'S4')_t4_max: 1030
	F8_jitter: 0
	F47_('E2', 'S2')_rr: 0
	F24_('S1', 'S2')_t4_min: 2783
	F48_('E2', 'S2')_gc: False
	F12_('S3', 'S2')_t3_min: 1189
	F25_('S1', 'S2')_gc: False
	F40_('S4', 'S5')_t4_min: 4264
	F28_('S2', 'S3')_t4_max: 7501
	F27_('S4', 'S3')_t4_min: 244
	F45_('S3', 'S2')_t5_max: 5509
	F1_('E5', 'S5')_rr: 0
	F2_('E1', 'S1')_t3_max: 54649
	F8_('E3', 'S3')_gc: False
	F34_('S2', 'S3')_gc: False
	F45_('S1', 'E1')_gc: True
	F27_('S2', 'E2')_t5_min: 538
	F25_('S2', 'S3')_t5_max: 59988
	F14_('S4', 'S3')_rr: 0
	F7_('S1', 'S2')_gc: False
	F58_('S3', 'S4')_gc: True
	F25_('S4', 'S5')_rr: 2
	F34_('S1', 'S2')_rr: 0
	F1_('S3', 'S2')_rr: 0
	F30_('S4', 'S5')_t3_min: 1013
	F23_('S2', 'S1')_rr: 4
	F29_('E1', 'S1')_rr: 0
	F41_('S2', 'E2')_t4_min: 115584
	F31_('E4', 'S4')_t3_max: 14798
	F40_('S4', 'S5')_t3_min: 4130
	F2_('S2', 'S3')_t5_min: 55145
	F46_('S2', 'S1')_rr: 0
	F5_('S5', 'E5')_tb: 44391
	F33_jitter: 516
	F11_('E4', 'S4')_t4_min: 121075
	F50_('S3', 'S2')_t4_max: 15518
	F7_('E1', 'S1')_rr: 0
	F57_('S1', 'S2')_rr: 0
	F41_jitter: 0
	F11_('E4', 'S4')_t3_max: 120951
	F25_('S2', 'S3')_rr: 0
	F21_('S4', 'S5')_gc: True
	F40_('S4', 'S5')_gc: True
	F5_jitter: 645
	F43_('S1', 'S2')_t3_min: 12450
	F19_queue_index: 0
	F30_('S4', 'S5')_gc: False
	F25_('S1', 'S2')_t4_min: 59536
	F58_('E2', 'S2')_rr: 0
	F59_('S3', 'E3')_rr: 0
	F19_('S4', 'S3')_t4_max: 20745
	F33_('S2', 'S1')_t5_max: 119630
	F25_('S4', 'S5')_t4_min: 60222
	F59_('S4', 'S3')_t4_min: 25488
	F45_('S2', 'S1')_rr: 0
	F40_('S4', 'S5')_tb: 4264
	F9_('S4', 'E4')_rr: 0
	F55_('S4', 'S3')_t4_min: 31615
	F59_('E4', 'S4')_t3_max: 25274
	F37_('E4', 'S4')_t3_max: 13197
	F19_('S3', 'S2')_tb: 20628
	F4_jitter: 0
	F2_('S4', 'E4')_t5_min: 55315
	F20_queue_index: 0
	F5_('S3', 'S4')_rr: 0
	F51_('S2', 'S3')_rr: 0
	F35_('S1', 'S2')_gc: False
	F12_('E5', 'S5')_t5_max: 993
	F28_('E1', 'S1')_tb: 7415
	F9_('E3', 'S3')_t3_max: 7768
	F18_('S5', 'E5')_gc: False
	F48_queue_index: 0
	F49_('S4', 'S3')_t4_min: 23808
	F56_('S4', 'S5')_rr: 2
	F14_queue_index: 0
	F6_('E2', 'S2')_t4_max: 26217
	F15_('S3', 'S4')_rr: 8
	F49_('S4', 'S3')_rr: 2
	F19_('E5', 'S5')_gc: False
	F50_('S3', 'S2')_tb: 15518
	F40_('S2', 'S3')_t4_max: 3974
	F56_('S5', 'E5')_gc: False
	F57_('S2', 'S3')_t4_max: 115888
	F15_('S3', 'S4')_t4_max: 1762
	F2_('S3', 'S4')_t4_min: 55152
	F50_queue_index: 0
	F0_jitter: 0
	F13_('S2', 'S1')_t4_max: 4423
	F14_('S2', 'E2')_t5_min: 1271
	F15_('S4', 'E4')_t4_max: 1857
	F26_('S1', 'E1')_t3_min: 3966
	F12_('E5', 'S5')_gc: False
	F52_('S2', 'S1')_t4_max: 3776
	F40_('S1', 'S2')_t5_min: 3967
	F30_('S4', 'S5')_rr: 0
	F46_('S3', 'S2')_rr: 0
	F39_('S5', 'S4')_t4_max: 1656
	F50_('S1', 'E1')_rr: 0
	F37_('S5', 'E5')_t4_min: 13633
	F36_('S3', 'S4')_rr: 8
	F33_('E4', 'S4')_rr: 0
	F27_('E4', 'S4')_gc: False
	F4_('S1', 'E1')_t4_min: 7551
	F5_('S4', 'S5')_t4_max: 44884
	F3_('S2', 'S3')_t3_min: 6689
	F45_queue_index: 0
	F19_('S5', 'S4')_t4_min: 20604
	F28_('E1', 'S1')_rr: 0
	F31_jitter: 0
	F41_('S3', 'S2')_t4_min: 115369
	F34_queue_index: 0
	F7_('E1', 'S1')_gc: False
	F57_queue_index: 0
	F2_('S4', 'E4')_gc: True
	F25_('S4', 'S5')_gc: True
	F6_jitter: 258
	F40_('S5', 'E5')_t4_min: 4347
	F12_('S2', 'S1')_gc: False
	F56_queue_index: 0
	F18_queue_index: 0
	F33_('S4', 'S3')_t4_max: 119233
	F12_('S2', 'S1')_t4_max: 1353
	F3_queue_index: 0
	F46_('S1', 'E1')_t4_min: 5941
	F50_('S3', 'S2')_gc: True
	F8_('S3', 'S4')_t4_max: 3418
	F33_('S4', 'S3')_rr: 0
	F20_('S4', 'S3')_t3_min: 406
	F4_('S3', 'S2')_gc: False
	F28_('S4', 'S5')_t4_max: 7711
	F57_('S1', 'S2')_t4_max: 115801
	F21_('E4', 'S4')_rr: 0
	F10_('S2', 'E2')_t4_min: 21632
	F28_queue_index: 0
	F47_('S3', 'E3')_gc: False
	F14_('S2', 'E2')_tb: 1152
	F26_('S3', 'S2')_t4_min: 3874
	F40_('E1', 'S1')_t4_max: 3808
	F10_('E4', 'S4')_t3_max: 21142
	F49_('E4', 'S4')_rr: 0
	F12_('S5', 'S4')_t4_max: 1124
	F45_('S1', 'E1')_t3_max: 5734
	F12_('E5', 'S5')_rr: 0
	F5_('S1', 'S2')_t4_max: 44428
	F57_('E1', 'S1')_gc: False
	F11_('S3', 'S2')_t3_max: 121435
	F46_('E4', 'S4')_t3_max: 5708
	F53_queue_index: 0
	F26_('S1', 'E1')_t4_min: 4229
	F32_('S5', 'E5')_tb: 31785
	F12_('E5', 'S5')_t3_max: 841
	F27_('S2', 'E2')_t4_min: 486
	F36_('S1', 'S2')_rr: 16
	F4_('E5', 'S5')_t3_min: 6948
	F28_('S2', 'S3')_gc: True
	F57_('S2', 'S3')_rr: 1
	F41_('E3', 'S3')_t3_max: 115164
	F3_('S2', 'S3')_rr: 16
	F3_('S3', 'E3')_rr: 16
	F24_('S2', 'E2')_t5_min: 2893
	('E5', 'S5')_gcl_cycle: 1
	F39_('E5', 'S5')_gc: False
	F2_('S2', 'S3')_t4_min: 55067
	F23_('S2', 'S1')_t4_min: 12228
	F30_('S1', 'S2')_t4_min: 672
	F6_('E2', 'S2')_rr: 0
	F51_('S2', 'S3')_gc: False
	F39_('E5', 'S5')_t3_max: 1493
	F25_('S5', 'E5')_t4_min: 60325
	F31_('S1', 'E1')_t3_max: 15514
	F37_('S5', 'E5')_gc: True
	F1_('S2', 'S1')_gc: False
	F44_('S5', 'E5')_rr: 1
	F36_('E1', 'S1')_t3_max: 7328
	F36_('S4', 'E4')_rr: 0
	F58_('S3', 'S4')_t4_max: 62446
	F54_('E5', 'S5')_t3_min: 1145
	F50_('E4', 'S4')_rr: 0
	F1_('S5', 'S4')_t4_min: 46039
	F51_('S4', 'E4')_gc: True
	F26_('S5', 'S4')_t4_min: 3777
	F30_('S3', 'S4')_t4_min: 901
	F45_('S3', 'S2')_gc: False
	F54_('S4', 'E4')_t4_min: 1337
	F16_('S5', 'E5')_tb: 27702
	F53_('E3', 'S3')_gc: False
	F53_('S3', 'S4')_gc: True
	F37_('E4', 'S4')_t4_max: 13321
	F40_('S1', 'S2')_gc: True
	F32_('S4', 'S5')_t4_max: 31684
	F13_queue_index: 0
	F1_('S3', 'S2')_t4_max: 46392
	F32_('S4', 'S5')_rr: 2
	F41_queue_index: 0
	F52_('S2', 'S1')_t4_min: 3776
	F49_jitter: 258
	F28_('S3', 'S4')_gc: True
	F4_('S1', 'E1')_t3_max: 7551
	F44_('E4', 'S4')_t4_min: 119678
	F28_('S4', 'S5')_rr: 0
	F56_('E4', 'S4')_rr: 1
	F57_('E1', 'S1')_rr: 0
	F31_('S2', 'S1')_t4_min: 15268
	F10_('S4', 'S3')_t4_min: 21388
	F37_('S4', 'S5')_t4_min: 13410
	F57_('S3', 'E3')_t3_max: 115975
	F11_jitter: 387
	F11_('E4', 'S4')_gc: False
	F52_('S3', 'S2')_t4_min: 3611
	F2_('S2', 'S3')_rr: 2
	F17_('S3', 'S2')_gc: True
	F28_('S2', 'S3')_t5_min: 7537
	F11_('S3', 'S2')_t5_max: 121670
	F31_('S3', 'S2')_rr: 2
	F38_('S2', 'E2')_rr: 1
	F13_('S1', 'E1')_t4_min: 4483
	F43_('S1', 'S2')_t5_min: 12537
	F26_('S2', 'S1')_rr: 0
	F58_('S3', 'S4')_t4_min: 62446
	F30_('S4', 'S5')_t4_max: 1271
	F40_('S3', 'S4')_t4_max: 4181
	F4_('S2', 'S1')_t4_max: 7480
	F27_jitter: 0
	F46_('S4', 'S3')_gc: True
	F44_('S4', 'S5')_t4_max: 119877
	F7_('E1', 'S1')_t3_max: 9425
	F12_('S1', 'E1')_gc: True
	F28_('S4', 'S5')_t4_min: 7582
	F44_jitter: 0
	F9_('S4', 'E4')_t5_max: 8478
	F4_('S1', 'E1')_t3_min: 7546
	F46_('E4', 'S4')_gc: False
	F13_('S1', 'E1')_tb: 4483
	F5_('S5', 'E5')_rr: 0
	F26_queue_index: 0
	F10_('S2', 'E2')_t4_max: 22019
	F52_('S2', 'S1')_rr: 16
	F26_('S2', 'S1')_gc: False
	F7_('S3', 'S4')_t4_min: 9856
	F0_('S2', 'E2')_gc: True
	F4_queue_index: 0
	F21_('E4', 'S4')_tb: 1366
	F36_('S3', 'S4')_t4_min: 7710
	F43_('S2', 'E2')_gc: False
	F44_('E4', 'S4')_t3_max: 119554
	F32_('S3', 'S4')_gc: False
	F30_('E1', 'S1')_gc: False
	F26_('S3', 'S2')_gc: False
	F45_('S3', 'S2')_t4_max: 5422
	F23_('S1', 'E1')_gc: True
	F0_('S3', 'S2')_rr: 1
	F21_('S5', 'E5')_rr: 0
	F37_('E4', 'S4')_gc: False
	F52_('S2', 'S1')_t3_min: 3642
	F52_('S3', 'S2')_rr: 0
	F7_('S4', 'S5')_t4_min: 9917
	F45_('S2', 'S1')_t4_min: 5382
	F5_('E1', 'S1')_tb: 44276
	F55_('S4', 'S3')_t4_max: 31615
	F44_('E4', 'S4')_rr: 0
	F10_queue_index: 0
	F40_('E1', 'S1')_rr: 0
	F57_('E1', 'S1')_t3_max: 115466
	F47_('S3', 'E3')_t4_min: 4180
	F29_('S1', 'S2')_t4_min: 24167
	F6_('S3', 'E3')_t4_max: 26515
	F51_('S3', 'S4')_t4_max: 2367
	F29_('S2', 'S3')_t4_max: 24541
	F37_('E4', 'S4')_tb: 13321
	F33_('S3', 'S2')_t4_min: 119151
	F50_('S2', 'S1')_t4_max: 15574
	F36_('S2', 'S3')_rr: 16
	F28_('S2', 'S3')_rr: 8
	F8_('S3', 'S4')_t4_min: 3289
	F38_('E1', 'S1')_tb: 115523
	F27_('S3', 'S2')_t4_min: 298
	F39_('S4', 'E4')_gc: False
	F36_('S3', 'S4')_t4_max: 7710
	F19_('S4', 'S3')_rr: 0
	F57_('S3', 'E3')_rr: 0
	F18_('E4', 'S4')_t5_min: 54282
	F7_('S4', 'S5')_rr: 8
	F15_('S3', 'S4')_t4_min: 1762
	F40_('S4', 'S5')_rr: 8
	F14_('S3', 'S2')_gc: True
	F26_('S3', 'S2')_t4_max: 4003
	('S4', 'S5')_gcl_cycle: 128000
	F17_('E3', 'S3')_t3_max: -123
	F43_('S1', 'S2')_tb: 12450
	F27_('E4', 'S4')_t3_max: 61
	F19_('S5', 'S4')_rr: 2
	F2_('S1', 'S2')_gc: False
	F14_('S4', 'S3')_t4_min: 776
	F30_queue_index: 0
	F57_('S1', 'S2')_t5_max: 115881
	F12_('S3', 'S2')_gc: True
	('S5', 'S4')_gcl_cycle: 64000
	F2_('S2', 'S3')_t4_max: 55067
	F28_('S1', 'S2')_t4_max: 7458
	('S3', 'S4')_gcl_cycle: 64000
	F34_('S2', 'S3')_t4_min: 1146
	F17_jitter: 0
	F49_('S3', 'S2')_t4_max: 23993
	F22_('E5', 'S5')_t5_min: 26071
	F0_('S4', 'S3')_rr: 1
	F13_('E2', 'S2')_t3_max: 4239
	F2_('S4', 'E4')_rr: 1
	F12_('S3', 'S2')_t4_min: 1194
	F29_('E1', 'S1')_t3_max: 23927
	F52_('E4', 'S4')_tb: 3544
	F9_queue_index: 0
	F45_('S4', 'S3')_t4_max: 5204
	F7_('S4', 'S5')_gc: True
	F2_('E1', 'S1')_gc: False
	F20_('E4', 'S4')_gc: False
	F33_('S1', 'E1')_t5_max: 119806
	F26_('E5', 'S5')_t3_max: 3602
	F30_('E1', 'S1')_tb: 555
	F5_('S5', 'E5')_t3_min: 44391
	F42_('S4', 'S5')_t4_max: 5962
	F51_('E2', 'S2')_rr: 0
	F50_('S3', 'S2')_t4_min: 15518
	F13_('S1', 'E1')_t3_max: 4483
	F26_('S5', 'S4')_t4_max: 3777
	F59_('S4', 'S3')_rr: 0
	F52_('E4', 'S4')_t3_min: 3544
	F45_('S3', 'S2')_rr: 0
	F7_('S4', 'S5')_t5_max: 9971
	F45_('S3', 'S2')_t5_min: 5380
	F50_('S4', 'S3')_t4_min: 15462
	F0_('E4', 'S4')_gc: False
	F49_('E4', 'S4')_gc: False
	F7_('S3', 'S4')_t3_max: 9856
	F12_('S4', 'S3')_rr: 16
	F5_('S4', 'S5')_gc: False
	F53_('S4', 'S5')_tb: 30636
	F42_('S1', 'S2')_gc: False
	F20_('S3', 'E3')_gc: False
	('S5', 'E5')_gcl_cycle: 128000
	F22_('S2', 'E2')_rr: 0
	F30_('S2', 'S3')_t4_min: 789
	F1_queue_index: 0
	F42_('S1', 'S2')_t4_max: 5576
	F51_('S3', 'S4')_gc: False
	F25_('E1', 'S1')_t3_max: 59314
	F51_('S4', 'E4')_t4_min: 2428
	F24_('E1', 'S1')_t5_min: 2781
	F2_jitter: 0
	F47_queue_index: 0
	F11_('S3', 'S2')_t4_max: 121559
	F40_('S2', 'S3')_t4_min: 3974
	F7_('S3', 'S4')_gc: True
	F43_('S1', 'S2')_rr: 0
	F22_('S5', 'S4')_tb: 26078
	F16_jitter: 258
	F33_('S2', 'S1')_t4_max: 119585
	F42_('S2', 'S3')_t4_max: 5746
	F42_('S1', 'S2')_t4_min: 5447
	F45_('E4', 'S4')_t3_max: 4986
	F39_('S5', 'S4')_rr: 8
	F10_('S3', 'S2')_t3_max: 21644
	F43_queue_index: 0
	F48_('S3', 'E3')_t4_min: 122059
	F53_('S4', 'S5')_t4_max: 30765
	F11_('S2', 'E2')_rr: 0
	F14_('S4', 'S3')_t4_max: 905
	F13_('E2', 'S2')_t4_max: 4363
	F11_('S4', 'S3')_gc: False
	F10_('S2', 'E2')_t3_min: 21632
	F36_('S2', 'S3')_t5_max: 7703
	F17_('S3', 'S2')_t4_min: 120
	F31_('S4', 'S3')_t4_max: 15039
	F28_('S1', 'S2')_tb: 7458
	F46_jitter: 387
	F25_('S1', 'S2')_rr: 0
	F29_('S3', 'S4')_rr: 0
	F36_('S1', 'S2')_gc: True
	F10_('S2', 'E2')_tb: 21632
	F12_('S4', 'S3')_t4_max: 1159
	F20_('S3', 'E3')_rr: 0
	F56_('S5', 'E5')_rr: 0
	F58_('E2', 'S2')_gc: False
	F40_('S2', 'S3')_gc: True
	F46_queue_index: 0
	F36_('S1', 'S2')_t4_min: 7538
	F0_('S2', 'E2')_t4_max: 48815
	F24_queue_index: 0
	F14_('E4', 'S4')_rr: 0
	F15_('E3', 'S3')_gc: False
	F34_('S3', 'E3')_gc: True
	F34_('S1', 'S2')_t4_max: 1190
	F8_('S3', 'S4')_gc: False
	F59_('E4', 'S4')_t3_min: 25398
	F28_('S1', 'S2')_gc: True
	F16_('S4', 'S5')_t4_min: 27638
	F44_('S5', 'E5')_t4_min: 119952
	F51_('E2', 'S2')_t3_max: 1873
	F1_('E5', 'S5')_t3_max: 45870
	F38_('S1', 'S2')_t3_max: 115596
	F46_('S4', 'S3')_t3_max: 5863
	F45_('S4', 'S3')_t3_max: 5204
	F44_('S4', 'S5')_t3_max: 119753
	F17_('S3', 'S2')_t3_max: 120
	F23_('S2', 'S1')_t3_max: 12228
	F55_('S4', 'S3')_t3_max: 31615
	F20_('S4', 'S3')_t3_max: 411
	F1_('S5', 'S4')_t3_max: 46044
	F8_('S3', 'S4')_t3_max: 3294
	F50_('S4', 'S3')_t3_max: 15462
	F18_('S4', 'S5')_t3_max: 54289
	F32_('S3', 'S4')_t3_max: 31454
	F33_('S4', 'S3')_t3_max: 119109
	F25_('S1', 'S2')_t3_max: 59541
	F57_('S1', 'S2')_t3_max: 115677
	F3_('S2', 'S3')_t3_max: 6694
	F24_('S1', 'S2')_t3_max: 2788
	F9_('S3', 'S4')_t3_max: 8007
	F21_('S4', 'S5')_t3_max: 1435
	F40_('S1', 'S2')_t3_max: 3891
	F27_('S4', 'S3')_t3_max: 244
	F5_('S1', 'S2')_t3_max: 44304
	F42_('S1', 'S2')_t3_max: 5452
	F4_('S5', 'S4')_t3_max: 7019
	F58_('S2', 'S3')_t3_max: 62371
	F52_('S4', 'S3')_t3_max: 3580
	F54_('S5', 'S4')_t3_max: 1246
	F7_('S1', 'S2')_t3_max: 9610
	F56_('S4', 'S5')_t3_max: 31900
	F51_('S2', 'S3')_t3_max: 2058
	F41_('S3', 'S2')_t3_max: 115374
	F26_('S5', 'S4')_t3_max: 3777
	F30_('S1', 'S2')_t3_max: 672
	F39_('S5', 'S4')_t3_max: 1656
	F19_('S5', 'S4')_t3_max: 20604
	F59_('S4', 'S3')_t3_max: 25493
	F11_('S4', 'S3')_t3_max: 121193
	F12_('S5', 'S4')_t3_max: 1000
	F28_('S1', 'S2')_t3_max: 7458
	F48_('S2', 'S3')_t3_max: 121855
	F47_('S2', 'S3')_t3_max: 4088
	F2_('S1', 'S2')_t3_max: 54858
	F53_('S3', 'S4')_t3_max: 30520
	F36_('S1', 'S2')_t3_max: 7538
	F15_('S3', 'S4')_t3_max: 1762
	F14_('S4', 'S3')_t3_max: 781
	F16_('S4', 'S5')_t3_max: 27643
	F29_('S1', 'S2')_t3_max: 24172
	F0_('S4', 'S3')_t3_max: 48661
	F37_('S4', 'S5')_t3_max: 13415
	F31_('S4', 'S3')_t3_max: 15039
	F43_('S1', 'S2')_t3_max: 12455
	F34_('S1', 'S2')_t3_max: 1066
	F6_('S2', 'S3')_t3_max: 26242
	F49_('S4', 'S3')_t3_max: 23808
	F35_('S1', 'S2')_t3_max: 91351
	F22_('S5', 'S4')_t3_max: 26078
	F10_('S4', 'S3')_t3_max: 21393
	F13_('S2', 'S1')_t3_max: 4423
	F6_('S3', 'E3')_t3_min: 26257
	F48_('S3', 'E3')_t3_min: 121925
	F42_('S5', 'E5')_t4_max: 6132
	F40_('S2', 'S3')_tb: 3974
	F43_('S2', 'E2')_t5_min: 12626
	F27_('S4', 'S3')_t5_max: 296
	F12_('S1', 'E1')_t4_max: 1388
	F23_('E2', 'S2')_t4_min: 12100
	F4_('S4', 'S3')_t3_min: 7085
	F17_('E3', 'S3')_t5_min: 113
	F10_('S4', 'S3')_t5_min: 21508
	F11_('E4', 'S4')_t4_max: 121075
	F6_('S3', 'E3')_t5_min: 26275
	F49_('S4', 'S3')_tb: 23808
	F1_('E5', 'S5')_t4_max: 45994
	F14_('S4', 'S3')_tb: 776
	F30_('E1', 'S1')_t3_min: 555
	F46_('S2', 'S1')_tb: 5915
	F28_('S4', 'S5')_tb: 7582
	F26_('E5', 'S5')_t3_min: 3726
	F59_('S3', 'E3')_t4_max: 25836
	F46_('S2', 'S1')_t5_min: 5939
	F40_('E1', 'S1')_t4_min: 3808
	F34_('S3', 'E3')_t3_min: 1231
	F5_('S3', 'S4')_t5_max: 44753
	F45_('E4', 'S4')_t4_min: 5110
	F51_('S4', 'E4')_t4_max: 2428
	F0_('S2', 'E2')_t3_min: 48810
	F45_('S3', 'S2')_tb: 5293
	F54_('S5', 'S4')_t5_min: 1335
	F51_('S3', 'S4')_t5_max: 2421
	F1_('E5', 'S5')_t5_max: 46037
	F54_('S5', 'S4')_tb: 1241
	F2_('E1', 'S1')_t3_min: 54773
	F36_('S4', 'E4')_t5_max: 7999
	F40_('S3', 'S4')_t3_max: 4057
	F28_('S5', 'E5')_t5_min: 7790
	F57_('S1', 'S2')_tb: 115672
	F55_('S3', 'E3')_t3_min: 31639
	F25_('S1', 'S2')_t3_min: 59536
	F23_('S1', 'E1')_t3_min: 12351
	F35_('S1', 'S2')_tb: 91346
	F28_('S1', 'S2')_t5_max: 7494
	F28_('E1', 'S1')_t3_min: 7415
	F14_('E4', 'S4')_t5_min: 774
	F10_('S4', 'S3')_tb: 21388
	F6_('S3', 'E3')_t5_max: 26533
	F40_('S2', 'S3')_t5_min: 4050
	F10_('E4', 'S4')_tb: 21266
	F22_('S4', 'S3')_t3_max: 26183
	F16_('S4', 'S5')_t3_min: 27638
	('S5', 'E5')_gcl_length: 198
	F34_('S3', 'E3')_tb: 1494
	F59_('S4', 'S3')_t3_min: 25488
	F34_('S2', 'S3')_t3_min: 1146
	F30_('S5', 'E5')_t3_min: 1125
	F10_('S2', 'E2')_t3_max: 21895
	F47_('E2', 'S2')_tb: 3986
	F35_('S2', 'E2')_tb: 91401
	F47_('S3', 'E3')_t5_min: 4275
	F30_('E1', 'S1')_t5_max: 665
	F41_('S2', 'E2')_t3_max: 115584
	F35_('S1', 'S2')_t3_min: 91346
	F7_('S5', 'E5')_t3_max: 9978
	F24_('E1', 'S1')_tb: 2727
	F30_('S5', 'E5')_t5_max: 1498
	F31_('S2', 'S1')_t3_min: 15268
	F4_('S3', 'S2')_t3_max: 7285
	F41_('E3', 'S3')_t3_min: 115288
	F10_('S3', 'S2')_t5_max: 21888
	F1_('S1', 'E1')_t3_max: 46616
	F59_('E4', 'S4')_t5_max: 25486
	F52_('S3', 'S2')_t3_min: 3611
	F16_('S4', 'S5')_t5_min: 27700
	F28_('S1', 'S2')_t5_min: 7494
	F27_('S2', 'E2')_t3_min: 352
	F42_('S3', 'S4')_t5_min: 5568
	F29_('S4', 'E4')_t5_min: 24629
	F39_('S4', 'E4')_t3_min: 1690
	F1_('S2', 'S1')_t3_max: 46442
	F28_('E1', 'S1')_t4_max: 7415
	F54_('E5', 'S5')_t5_min: 1239
	F32_('S4', 'S5')_t5_min: 31783
	F16_('E4', 'S4')_t4_min: 27574
	F14_('S3', 'S2')_t3_min: 897
	F45_('E4', 'S4')_t5_max: 5197
	F26_('S4', 'S3')_t5_max: 3872
	F11_('E4', 'S4')_t5_min: 121186
	F53_('E3', 'S3')_t4_max: 30399
	F47_('S2', 'S3')_tb: 4083
	F30_('S2', 'S3')_t5_min: 899
	('S1', 'S2')_gcl_length: 194
	F37_('E4', 'S4')_t5_min: 13408
	F31_('S4', 'S3')_t3_min: 15034
	F5_('S3', 'S4')_t3_max: 44608
	F5_('E1', 'S1')_t4_max: 44276
	F19_('S5', 'S4')_t5_min: 20614
	F2_('S2', 'S3')_t5_max: 55145
	F10_('E4', 'S4')_t5_min: 21386
	F42_('S2', 'S3')_t5_max: 5785
	('S1', 'E1')_gcl_length: 96
	F42_('E1', 'S1')_t3_min: 5406
	F58_('S3', 'S4')_t3_min: 62441
	F52_('E4', 'S4')_t5_min: 3573
	F41_('E3', 'S3')_t5_max: 115367
	F30_('S5', 'E5')_t4_max: 1388
	F45_('S4', 'S3')_t5_max: 5291
	F1_('S1', 'E1')_t5_min: 46659
	F48_('S2', 'S3')_t5_min: 121923
	F29_('S3', 'S4')_t3_min: 24399
	F27_('E4', 'S4')_t3_min: 185
	F25_('S3', 'S4')_t3_max: 59995
	F12_('S1', 'E1')_tb: 1388
	F50_('S1', 'E1')_t5_min: 15674
	F2_('E1', 'S1')_t4_max: 54773
	F2_('S4', 'E4')_tb: 55237
	F42_('S2', 'S3')_t5_min: 5527
	F40_('S4', 'S5')_t5_min: 4340
	F42_('S5', 'E5')_t5_max: 6171
	F23_('S2', 'S1')_t3_min: 12223
	F29_('S4', 'E4')_t3_max: 24907
	F24_('S1', 'S2')_t5_min: 2837
	F41_('S2', 'E2')_t4_max: 115584
	F45_('E4', 'S4')_t3_min: 5110
	F11_('E4', 'S4')_t3_min: 121075
	F59_('S3', 'E3')_t5_max: 25924
	F46_('S3', 'S2')_t5_min: 5913
	F58_('S3', 'S4')_tb: 62446
	F13_('E2', 'S2')_t5_max: 4416
	F48_('S3', 'E3')_tb: 122059
	F28_('S3', 'S4')_t5_max: 7580
	F24_('E1', 'S1')_t3_min: 2727
	F48_('S3', 'E3')_t5_max: 122132
	F57_('S3', 'E3')_t5_min: 116050
	F40_('S5', 'E5')_t3_min: 4342
	F32_('E3', 'S3')_t5_max: 31447
	F33_('E4', 'S4')_t5_min: 119102
	F26_('S4', 'S3')_tb: 3828
	F3_('S2', 'S3')_tb: 6694
	F33_('S2', 'S1')_t5_min: 119243
	F55_('S4', 'S3')_t5_max: 31637
	F2_('S3', 'S4')_t3_min: 55147
	F50_('E4', 'S4')_t4_max: 15406
	F42_('S4', 'S5')_t3_max: 5962
	F28_('S5', 'E5')_t4_max: 7754
	F5_('S1', 'S2')_t5_max: 44449
	F3_('E2', 'S2')_tb: 6598
	F36_('E1', 'S1')_t4_min: 7452
	F48_('E2', 'S2')_t4_max: 121775
	F36_('S2', 'S3')_t3_max: 7624
	F59_('S3', 'E3')_tb: 25578
	('S2', 'S3')_gcl_length: 250
	F53_('S5', 'E5')_t5_min: 30866
	F5_('S5', 'E5')_t3_max: 44912
	F20_('S3', 'E3')_t3_min: 534
	F33_('S2', 'S1')_t3_min: 119198
	F56_('E4', 'S4')_t4_min: 31781
	F59_('S3', 'E3')_t3_min: 25578
	F28_('S2', 'S3')_t5_max: 7537
	F46_('S1', 'E1')_t3_max: 6204
	F5_('S4', 'S5')_tb: 44368
	F1_('S4', 'S3')_t3_min: 46084
	F56_('S5', 'E5')_t5_min: 32126
	F5_('S2', 'S3')_tb: 44322
	F4_('S2', 'S1')_t5_max: 7544
	F50_('S2', 'S1')_t3_min: 15569
	F50_('S3', 'S2')_t3_max: 15518
	F12_('S4', 'S3')_t3_min: 1025
	F0_('S4', 'S3')_t3_min: 48656
	F29_('S4', 'E4')_t4_max: 25031
	F18_('S5', 'E5')_t4_max: 54445
	F8_('S4', 'E4')_t3_min: 3321
	F36_('S1', 'S2')_t3_min: 7533
	F14_('E4', 'S4')_t3_min: 655
	F59_('E4', 'S4')_t4_max: 25398
	F42_('S2', 'S3')_t3_min: 5488
	F15_('E3', 'S3')_t3_min: 1667
	F44_('S4', 'S5')_t3_min: 119748
	F37_('S4', 'S5')_t3_min: 13410
	F4_('S2', 'S1')_t3_min: 7217
	F47_('S3', 'E3')_t5_max: 4533
	F44_('S5', 'E5')_t5_min: 120020
	F0_('E4', 'S4')_t3_min: 48584
	F37_('S5', 'E5')_t4_max: 13633
	F42_('S3', 'S4')_t3_min: 5529
	F24_('S1', 'S2')_t5_max: 2966
	F31_('S4', 'S3')_tb: 15039
	F29_('S1', 'S2')_t5_max: 24410
	F46_('E4', 'S4')_t5_min: 5856
	F57_('S1', 'S2')_t3_min: 115672
	F52_('S4', 'S3')_t3_min: 3575
	F23_('S1', 'E1')_t5_min: 12477
	F46_('S1', 'E1')_t4_max: 6328
	F46_('S2', 'S1')_t3_min: 5915
	('S3', 'E3')_gcl_length: 162
	F56_('S4', 'S5')_t3_min: 31895
	F51_('E2', 'S2')_t5_min: 2051
	F14_('S2', 'E2')_t4_max: 1281
	F17_('E3', 'S3')_tb: 1
	F55_('E4', 'S4')_t4_min: 31586
	F58_('S3', 'S4')_t3_max: 62446
	F35_('S2', 'E2')_t5_max: 91712
	F54_('S4', 'E4')_t5_max: 1689
	('E2', 'S2')_gcl_length: 0
	F36_('S4', 'E4')_tb: 7791
	F13_('S1', 'E1')_t5_max: 4536
	F29_('E1', 'S1')_t5_max: 24165
	F48_('S2', 'S3')_t3_min: 121850
	F7_('S3', 'S4')_t3_min: 9851
	F55_('S3', 'E3')_t5_max: 31790
	F29_('S1', 'S2')_tb: 24167
	F9_('S4', 'E4')_tb: 8112
	F38_('S1', 'S2')_t5_max: 115662
	F27_('S4', 'S3')_t5_min: 296
	F51_('E2', 'S2')_t4_max: 1997
	F22_('S5', 'S4')_t5_min: 26176
	F1_('S3', 'S2')_tb: 46263
	F16_('S5', 'E5')_t5_max: 28022
	F24_('S2', 'E2')_t5_max: 3151
	F42_('S3', 'S4')_t5_max: 5955
	F32_('E3', 'S3')_t5_min: 31447
	F0_('S2', 'E2')_t5_max: 48885
	F29_('S1', 'S2')_t5_min: 24281
	F43_('S2', 'E2')_tb: 12539
	F2_('S1', 'S2')_tb: 54853
	F27_('E4', 'S4')_t5_max: 237
	F59_('S3', 'E3')_t3_max: 25712
	F12_('S3', 'S2')_t5_min: 1222
	F4_('S1', 'E1')_t5_min: 7615
	F36_('E1', 'S1')_t3_min: 7452
	F27_('E4', 'S4')_t4_max: 185
	F57_('S3', 'E3')_t3_min: 115970
	F37_('S5', 'E5')_t3_max: 13633
	('S4', 'S5')_gcl_length: 78
	F16_('E4', 'S4')_t4_max: 27574
	F12_('E5', 'S5')_t3_min: 965
	F55_('E4', 'S4')_t5_max: 31608
	F35_('S2', 'E2')_t4_max: 91659
	F5_('S1', 'S2')_tb: 44299
	F50_('S2', 'S1')_t5_min: 15623
	F35_('E1', 'S1')_t4_max: 91291
	F7_('S4', 'S5')_t5_min: 9971
	F46_('E4', 'S4')_tb: 5832
	F54_('S5', 'S4')_t5_max: 1464
	F49_('S2', 'E2')_t4_max: 24178
	F12_('S4', 'S3')_t5_max: 1187
	F34_('S1', 'S2')_t5_min: 1144
	F15_('E3', 'S3')_t4_max: 1667
	F28_('S3', 'S4')_tb: 7544
	F1_('S3', 'S2')_t3_max: 46268
	F53_('S5', 'E5')_t4_max: 31010
	F12_('S3', 'S2')_t3_max: 1194
	F33_('E4', 'S4')_t3_min: 119057
	F30_('S3', 'S4')_t5_min: 1011
	F2_('S2', 'S3')_tb: 55067
	F9_('S4', 'E4')_t5_min: 8220
	F4_('S2', 'S1')_t5_min: 7544
	('E4', 'S4')_gcl_length: 2
	F29_('E1', 'S1')_t4_min: 24051
	F53_('S4', 'S5')_t3_min: 30636
	F39_('S5', 'S4')_tb: 1656
	F52_('S1', 'E1')_t3_max: 3812
	F40_('S5', 'E5')_t3_max: 4347
	F25_('S4', 'S5')_t5_min: 60318
	F24_('S1', 'S2')_tb: 2783
	F6_('S3', 'E3')_tb: 26257
	F56_('S5', 'E5')_t5_max: 32255
	F45_('E4', 'S4')_t4_max: 5110
	F52_('E4', 'S4')_t5_max: 3573
	F45_('S1', 'E1')_tb: 5734
	F44_('S5', 'E5')_t4_max: 119952
	F47_('S3', 'E3')_t3_min: 4180
	F40_('S5', 'E5')_t5_min: 4423
	F46_('S1', 'E1')_t5_min: 5965
	F14_('S2', 'E2')_t3_min: 1152
	F57_('E1', 'S1')_t4_min: 115590
	F45_('S2', 'S1')_t5_max: 5727
	F20_('S3', 'E3')_t5_max: 784
	F44_('S4', 'S5')_t5_max: 119945
	F39_('S4', 'E4')_tb: 1690
	F49_('E4', 'S4')_t3_min: 23747
	F47_('S2', 'S3')_t5_max: 4307
	F30_('E1', 'S1')_t5_min: 665
	F2_('S4', 'E4')_t3_max: 55237
	F22_('E5', 'S5')_t4_max: 25973
	F27_('E4', 'S4')_t5_min: 237
	F37_('S4', 'S5')_t5_min: 13497
	F35_('S1', 'S2')_t5_max: 91528
	F49_('S3', 'S2')_t5_max: 24047
	F51_('E2', 'S2')_tb: 1997
	F46_('S3', 'S2')_tb: 5889
	F26_('S4', 'S3')_t3_min: 3823
	F0_('E4', 'S4')_tb: 48584
	F20_('S3', 'E3')_t3_max: 539
	F10_('S2', 'E2')_t5_max: 22139
	F6_('E2', 'S2')_t4_min: 26217
	F53_('S3', 'S4')_t5_max: 30634
	F58_('E2', 'S2')_t5_min: 62364
	F28_('S2', 'S3')_t3_max: 7501
	F22_('S2', 'E2')_t4_max: 26765
	F3_('E2', 'S2')_t3_min: 6598
	('E1', 'S1')_gcl_length: 0
	F55_('S3', 'E3')_tb: 31639
	F54_('S4', 'E4')_t4_max: 1595
	F57_('S1', 'S2')_t5_min: 115752
	F8_('S4', 'E4')_t5_min: 3485
	F57_('S2', 'S3')_tb: 115888
	F41_('S2', 'E2')_t5_max: 115663
	F19_('S2', 'E2')_tb: 20640
	F31_('S4', 'S3')_t5_max: 15149
	F1_('E5', 'S5')_t3_min: 45994
	F53_('S5', 'E5')_t3_max: 30886
	F49_('S2', 'E2')_t5_min: 23974
	F45_('S1', 'E1')_t5_max: 5821
	F8_('S4', 'E4')_t5_max: 3485
	F26_('S4', 'S3')_t5_min: 3872
	F42_('S1', 'S2')_t3_min: 5447
	F36_('S3', 'S4')_t5_min: 7789
	F5_('S4', 'S5')_t5_max: 44905
	F18_('E4', 'S4')_t4_max: 54257
	F7_('S1', 'S2')_t3_min: 9605
	F24_('S2', 'E2')_t3_min: 2839
	F57_('S2', 'S3')_t3_max: 115888
	F18_('S5', 'E5')_t3_max: 54321
	F27_('S2', 'E2')_t4_max: 486
	F43_('S2', 'E2')_t3_max: 12673
	F51_('S2', 'S3')_t5_min: 2107
	F48_('E2', 'S2')_t4_min: 121775
	F34_('S2', 'S3')_tb: 1146
	F30_('S4', 'S5')_tb: 1013
	F25_('S4', 'S5')_t3_min: 59830
	F18_('S4', 'S5')_tb: 54289
	F0_('S3', 'S2')_t5_max: 48808
	F46_('S2', 'S1')_t5_max: 6197
	F41_('S3', 'S2')_t5_min: 115448
	F11_('S4', 'S3')_tb: 121188
	F34_('E1', 'S1')_t4_max: 976
	F53_('S4', 'S5')_t3_max: 30641
	F38_('E1', 'S1')_t5_max: 115589
	F4_('S4', 'S3')_t5_max: 7278
	F11_('S4', 'S3')_t5_max: 121428
	F25_('S4', 'S5')_t3_max: 60222
	F27_('S4', 'S3')_tb: 244
	F12_('S2', 'S1')_t5_max: 1381
	F25_('S3', 'S4')_tb: 59732
	F51_('E2', 'S2')_t5_max: 2051
	F30_('S5', 'E5')_t3_max: 1388
	F40_('E1', 'S1')_tb: 3808
	F14_('E4', 'S4')_t4_min: 655
	F13_('S1', 'E1')_t3_min: 4478
	F9_('E3', 'S3')_t4_min: 7892
	F1_('S2', 'S1')_t5_max: 46609
	F32_('E3', 'S3')_t3_min: 31348
	F18_('E4', 'S4')_t3_min: 54257
	F27_('S3', 'S2')_t5_max: 479
	F5_('S2', 'S3')_t3_max: 44456
	F28_('S2', 'S3')_t3_min: 7496
	F37_('E4', 'S4')_t3_min: 13321
	F29_('S4', 'E4')_t5_max: 25145
	F10_('S3', 'S2')_tb: 21510
	F26_('S3', 'S2')_t3_max: 3879
	F47_('S3', 'E3')_t3_max: 4314
	F34_('S2', 'S3')_t5_max: 1487
	F0_('S3', 'S2')_t5_min: 48808
	F26_('S1', 'E1')_t5_max: 4273
	F22_('S4', 'S3')_t5_min: 26276
	F48_('E2', 'S2')_tb: 121775
	F42_('S5', 'E5')_tb: 6003
	F12_('E5', 'S5')_t4_max: 965
	F4_('S1', 'E1')_t4_max: 7551
	F33_('S1', 'E1')_t3_min: 119245
	F52_('S1', 'E1')_t4_max: 3936
	F40_('E1', 'S1')_t5_min: 3884
	F38_('S2', 'E2')_t3_min: 115664
	F28_('S3', 'S4')_t3_min: 7539
	F5_('S2', 'S3')_t3_min: 44322
	F21_('E4', 'S4')_t4_max: 1366
	F16_('S5', 'E5')_t5_min: 27764
	F58_('E2', 'S2')_t4_min: 62296
	F44_('S5', 'E5')_tb: 119952
	F9_('S3', 'S4')_tb: 8002
	F33_('S4', 'S3')_t3_min: 119104
	F53_('E3', 'S3')_t5_max: 30513
	F22_('S3', 'S2')_t3_max: 26412
	F42_('S4', 'S5')_t5_min: 6001
	F26_('S5', 'S4')_t3_min: 3772
	F25_('E1', 'S1')_tb: 59438
	F26_('E5', 'S5')_t4_max: 3726
	F36_('E1', 'S1')_t5_max: 7531
	F12_('E5', 'S5')_t4_min: 965
	F29_('E1', 'S1')_tb: 24051
	F22_('S2', 'E2')_t3_min: 26378
	F8_('S4', 'E4')_t3_max: 3455
	F42_('S1', 'S2')_t5_min: 5486
	F34_('S1', 'S2')_t3_min: 1061
	F36_('S4', 'E4')_t3_min: 7791
	F1_('S4', 'S3')_tb: 46218
	F23_('S1', 'E1')_t5_max: 12477
	F24_('S2', 'E2')_t3_max: 2973
	F56_('E4', 'S4')_t5_max: 31893
	F59_('E4', 'S4')_t5_min: 25486
	F36_('S3', 'S4')_tb: 7710
	F42_('E1', 'S1')_t4_min: 5406
	F33_('S1', 'E1')_t3_max: 119637
	F7_('E1', 'S1')_tb: 9549
	F52_('S3', 'S2')_t5_min: 3640
	F47_('E2', 'S2')_t5_max: 4081
	F13_('E2', 'S2')_t4_min: 4363
	F45_('S2', 'S1')_t3_min: 5382
	F22_('E5', 'S5')_tb: 25973
	F14_('S3', 'S2')_t5_max: 1150
	('E5', 'S5')_gcl_length: 0
	F41_('E3', 'S3')_t5_min: 115367
	F56_('E4', 'S4')_tb: 31781
	F52_('S3', 'S2')_t5_max: 3769
	F12_('E5', 'S5')_tb: 965
	F40_('S1', 'S2')_tb: 3891
	F55_('E4', 'S4')_t4_max: 31586
	F16_('E4', 'S4')_t5_min: 27636
	F25_('S5', 'E5')_tb: 60325
	F42_('S1', 'S2')_t5_max: 5615
	F58_('S2', 'S3')_t5_max: 62439
	F53_('E3', 'S3')_t4_min: 30399
	F32_('S3', 'S4')_t3_min: 31449
	F5_('S3', 'S4')_t3_min: 44345
	F5_('E1', 'S1')_t5_max: 44297
	F33_('S3', 'S2')_t5_min: 119196
	F40_('S2', 'S3')_t3_max: 3974
	F34_('S3', 'E3')_t3_max: 1494
	F24_('E1', 'S1')_t4_min: 2727
	F26_('E5', 'S5')_t4_min: 3726
	F18_('S4', 'S5')_t5_max: 54314
	F3_('S3', 'E3')_t5_min: 6879
	F39_('E5', 'S5')_t4_min: 1617
	F53_('E3', 'S3')_t3_min: 30399
	F7_('E1', 'S1')_t3_min: 9549
	F22_('S3', 'S2')_t5_min: 26376
	F28_('S4', 'S5')_t5_min: 7618
	('E3', 'S3')_gcl_length: 0
	F17_('E3', 'S3')_t3_min: 1
	F55_('S4', 'S3')_t5_min: 31637
	F46_('E4', 'S4')_t5_max: 5856
	F48_('S3', 'E3')_t4_max: 122059
	F18_('S5', 'E5')_t5_max: 54470
	F4_('S4', 'S3')_tb: 7085
	F0_('S4', 'S3')_t5_max: 48731
	F5_('E1', 'S1')_t4_min: 44276
	F58_('S4', 'E4')_tb: 62521
	F7_('S5', 'E5')_t5_max: 10032
	F42_('E1', 'S1')_t5_max: 5445
	F19_('E5', 'S5')_t4_min: 20587
	F27_('S3', 'S2')_t3_max: 303
	F59_('E4', 'S4')_tb: 25398
	F53_('S5', 'E5')_t3_min: 30752
	F11_('E4', 'S4')_t5_max: 121186
	F22_('S5', 'S4')_t3_min: 26073
	F19_('S5', 'S4')_t3_min: 20599
	F46_('S3', 'S2')_t3_min: 5889
	F25_('S5', 'E5')_t4_max: 60325
	F43_('E1', 'S1')_t5_min: 12448
	F3_('E2', 'S2')_t4_min: 6598
	F13_('S2', 'S1')_t3_min: 4418
	F9_('S4', 'E4')_t4_max: 8370
	F57_('E1', 'S1')_t4_max: 115590
	F55_('S4', 'S3')_tb: 31615
	F28_('S3', 'S4')_t5_min: 7580
	F38_('S2', 'E2')_tb: 115669
	F34_('E1', 'S1')_t5_min: 1059
	F36_('S1', 'S2')_t5_max: 7617
	F32_('S5', 'E5')_t5_min: 31884
	F19_('S2', 'E2')_t4_max: 21027
	F45_('S4', 'S3')_tb: 5204
	F50_('S1', 'E1')_t3_min: 15625
	F1_('E5', 'S5')_t4_min: 45994
	F56_('S4', 'S5')_t5_max: 32012
	F30_('S3', 'S4')_t3_max: 906
	F10_('S2', 'E2')_t5_min: 21752
	F12_('S5', 'S4')_tb: 995
	F7_('S4', 'S5')_tb: 9917
	F33_('S4', 'S3')_t5_min: 119149
	F2_('E1', 'S1')_t5_max: 54851
	F6_('E2', 'S2')_t3_min: 26217
	F37_('E4', 'S4')_t4_min: 13321
	F51_('S3', 'S4')_t3_max: 2243
	F10_('E4', 'S4')_t5_max: 21386
	F55_('E4', 'S4')_tb: 31586
	F50_('S1', 'E1')_tb: 15625
	F52_('E4', 'S4')_t4_min: 3544
	F20_('E4', 'S4')_t4_min: 283
	F26_('S1', 'E1')_t5_min: 4273
	F50_('S3', 'S2')_t5_max: 15567
	F26_('S3', 'S2')_t5_min: 3918
	F21_('E4', 'S4')_t5_min: 1428
	F37_('S5', 'E5')_t5_min: 13720
	F57_('S2', 'S3')_t5_min: 115968
	F0_('E4', 'S4')_t5_max: 48654
	F34_('S1', 'S2')_t5_max: 1273
	F34_('S3', 'E3')_t4_max: 1494
	F30_('S3', 'S4')_tb: 901
	F10_('S4', 'S3')_t5_max: 21637
	F42_('E1', 'S1')_tb: 5406
	F11_('E4', 'S4')_tb: 121075
	F54_('S4', 'E4')_t5_min: 1431
	F56_('E4', 'S4')_t4_max: 31781
	F2_('S1', 'S2')_t3_min: 54853
	F30_('E1', 'S1')_t4_max: 555
	F49_('E4', 'S4')_tb: 23747
	F3_('E2', 'S2')_t5_max: 6687
	F45_('S2', 'S1')_t3_max: 5516
	F33_('S4', 'S3')_t5_max: 119278
	('S4', 'S3')_gcl_length: 232
	F47_('S3', 'E3')_t4_max: 4438
	F11_('S2', 'E2')_tb: 121414
	F55_('S4', 'S3')_t3_min: 31610
	F30_('S3', 'S4')_t3_min: 901
	F19_('S4', 'S3')_t5_max: 20755
	F3_('S2', 'S3')_t5_max: 6783
	F0_('S4', 'S3')_t5_min: 48731
	F48_('E2', 'S2')_t5_min: 121848
	F31_('S3', 'S2')_t5_min: 15266
	F51_('S2', 'S3')_tb: 2053
	F32_('S4', 'S5')_tb: 31684
	F49_('E4', 'S4')_t5_max: 23801
	F23_('S1', 'E1')_tb: 12356
	F0_('S2', 'E2')_tb: 48815
	F25_('E1', 'S1')_t3_min: 59438
	F57_('E1', 'S1')_t5_min: 115670
	F50_('S1', 'E1')_t5_max: 15803
	F30_('S5', 'E5')_t5_min: 1498
	F31_('E4', 'S4')_t3_min: 14922
	F19_('S5', 'S4')_tb: 20604
	F35_('S2', 'E2')_t3_min: 91401
	F50_('E4', 'S4')_t5_max: 15455
	F7_('S4', 'S5')_t3_max: 9917
	F50_('S1', 'E1')_t3_max: 15630
	F41_('S3', 'S2')_t5_max: 115577
	F36_('E1', 'S1')_t5_min: 7531
	F25_('S1', 'S2')_t5_min: 59632
	F42_('S5', 'E5')_t3_min: 6003
	F40_('S3', 'S4')_t5_max: 4257
	F12_('S1', 'E1')_t3_max: 1388
	F11_('S2', 'E2')_t5_min: 121525
	F26_('S1', 'E1')_t4_max: 4229
	F22_('S2', 'E2')_t5_max: 26863
	F6_('S2', 'S3')_t5_min: 26255
	F4_('S3', 'S2')_t5_min: 7215
	F26_('E5', 'S5')_t5_min: 3770
	F49_('S3', 'S2')_t3_min: 23864
	F0_('S2', 'E2')_t3_max: 48815
	F28_('E1', 'S1')_t5_min: 7451
	F12_('S1', 'E1')_t3_min: 1254
	F52_('S2', 'S1')_t5_min: 3805
	F50_('S3', 'S2')_t5_min: 15567
	F38_('S1', 'S2')_tb: 115596
	F14_('S4', 'S3')_t3_min: 776
	F0_('S2', 'E2')_t5_min: 48885
	F50_('S4', 'S3')_t5_max: 15511
	F22_('E5', 'S5')_t5_max: 26071
	F11_('S2', 'E2')_t3_min: 121414
	F54_('S4', 'E4')_tb: 1337
	F52_('S4', 'S3')_t5_min: 3609
	F18_('E4', 'S4')_tb: 54257
	F14_('S2', 'E2')_t3_max: 1157
	F43_('S2', 'E2')_t4_max: 12797
	F24_('S2', 'E2')_tb: 2839
	F17_('S2', 'E2')_tb: 239
	F13_('E2', 'S2')_tb: 4363
	F6_('E2', 'S2')_t5_min: 26235
	F26_('S1', 'E1')_t3_max: 4229
	F15_('S3', 'S4')_t5_max: 1850
	F53_('S5', 'E5')_tb: 30752
	F51_('S2', 'S3')_t3_min: 2053
	F34_('E1', 'S1')_t5_max: 1059
	F17_('S2', 'E2')_t4_max: 239
	F46_('S4', 'S3')_t5_min: 5887
	F39_('S5', 'S4')_t3_min: 1651
	F38_('S2', 'E2')_t5_min: 115735
	F19_('S5', 'S4')_t5_max: 20614
	F57_('S3', 'E3')_t4_max: 116099
	F25_('E1', 'S1')_t4_min: 59438
	F36_('S2', 'S3')_t3_min: 7619
	F26_('S3', 'S2')_t3_min: 3874
	F31_('S2', 'S1')_tb: 15268
	F31_('E4', 'S4')_t5_max: 15032
	F15_('S3', 'S4')_tb: 1762
	F8_('S3', 'S4')_t5_max: 3448
	F40_('S5', 'E5')_t5_max: 4423
	F45_('S2', 'S1')_tb: 5382
	F26_('S3', 'S2')_t5_max: 4047
	F12_('S2', 'S1')_t3_min: 1224
	F58_('E2', 'S2')_t5_max: 62364
	F46_('S4', 'S3')_t5_max: 5887
	F39_('E5', 'S5')_t5_min: 1649
	F31_('S1', 'E1')_t5_min: 15624
	F25_('S5', 'E5')_t3_max: 60325
	F27_('S2', 'E2')_t3_max: 486
	F51_('S4', 'E4')_t5_max: 2482
	F29_('S3', 'S4')_t5_min: 24513
	F34_('S2', 'S3')_t3_max: 1280
	F12_('E5', 'S5')_t5_min: 993
	F9_('E3', 'S3')_t5_max: 8000
	F11_('S2', 'E2')_t5_max: 121912
	F13_('E2', 'S2')_t5_min: 4416
	F1_('S4', 'S3')_t5_max: 46261
	F44_('E4', 'S4')_tb: 119678
	F26_('E5', 'S5')_tb: 3726
	F39_('S4', 'E4')_t5_min: 1722
	F16_('S4', 'S5')_tb: 27638
	F14_('E4', 'S4')_tb: 655
	F35_('E1', 'S1')_t3_min: 91291
	F46_('S1', 'E1')_t5_max: 6352
	F33_('S3', 'S2')_t5_max: 119454
	F25_('S5', 'E5')_t3_min: 60320
	F45_('S3', 'S2')_t3_max: 5298
	F37_('S5', 'E5')_t3_min: 13499
	F32_('S4', 'S5')_t3_min: 31550
	F2_('S4', 'E4')_t3_min: 55232
	F45_('S3', 'S2')_t3_min: 5293
	F13_('S2', 'S1')_t5_min: 4476
	F32_('S5', 'E5')_t3_max: 31790
	F41_('S3', 'S2')_t3_min: 115369
	F12_('S1', 'E1')_t5_min: 1416
	F56_('E4', 'S4')_t3_min: 31781
	F52_('S4', 'S3')_t5_max: 3609
	F39_('S4', 'E4')_t4_max: 1819
	F3_('S2', 'S3')_t5_min: 6783
	F40_('S3', 'S4')_tb: 4052
	F1_('S2', 'S1')_t3_min: 46308
	F21_('S4', 'S5')_tb: 1435
	F30_('S1', 'S2')_t5_max: 782
	F51_('S2', 'S3')_t5_max: 2236
	F32_('S4', 'S5')_t5_max: 31783
	F48_('S3', 'E3')_t5_min: 122132
	F7_('S5', 'E5')_t5_min: 10032
	F4_('S5', 'S4')_t3_min: 7014
	F15_('S4', 'E4')_t3_min: 1852
	F7_('S3', 'S4')_t5_min: 9910
	F43_('E1', 'S1')_t5_max: 12448
	F23_('E2', 'S2')_t3_min: 12100
	F19_('E5', 'S5')_t3_min: 20587
	F21_('S5', 'E5')_t5_min: 1561
	F14_('S3', 'S2')_t5_min: 1150
	F8_('E3', 'S3')_t5_min: 3287
	F7_('S3', 'S4')_t5_max: 9910
	F3_('S3', 'E3')_t4_max: 6790
	F28_('E1', 'S1')_t4_min: 7415
	F43_('S1', 'S2')_t5_max: 12666
	F30_('S2', 'S3')_tb: 789
	F38_('E1', 'S1')_t4_min: 115523
	F1_('S4', 'S3')_t5_min: 46261
	F7_('S2', 'S3')_t5_min: 9849
	F45_('E4', 'S4')_t5_min: 5197
	F54_('E5', 'S5')_t4_max: 1145
	F58_('S2', 'S3')_tb: 62371
	F21_('S5', 'E5')_t5_max: 1690
	F8_('E3', 'S3')_tb: 3257
	F42_('S2', 'S3')_tb: 5488
	F35_('S2', 'E2')_t5_min: 91454
	F31_('E4', 'S4')_tb: 14922
	F25_('S4', 'S5')_tb: 60222
	F58_('S4', 'E4')_t3_min: 62516
	F54_('S5', 'S4')_t3_min: 1241
	F53_('E3', 'S3')_t5_min: 30513
	F53_('S4', 'S5')_t5_min: 30750
	F31_('E4', 'S4')_t4_min: 14922
	F25_('S5', 'E5')_t5_max: 60421
	F30_('S1', 'S2')_t3_min: 667
	F19_('E5', 'S5')_t5_max: 20597
	F51_('E2', 'S2')_t3_min: 1997
	F43_('E1', 'S1')_t3_min: 12361
	F58_('S3', 'S4')_t5_min: 62514
	F4_('S4', 'S3')_t5_min: 7149
	F8_('S3', 'S4')_t3_min: 3289
	F4_('S4', 'S3')_t3_max: 7090
	F56_('S5', 'E5')_t4_max: 32143
	F33_('E4', 'S4')_t4_min: 119057
	F57_('E1', 'S1')_t5_max: 115670
	F5_('S3', 'S4')_tb: 44345
	F38_('S2', 'E2')_t4_max: 115669
	F25_('E1', 'S1')_t5_max: 59534
	F29_('S4', 'E4')_t3_min: 24515
	F39_('S4', 'E4')_t3_max: 1695
	F44_('S5', 'E5')_t5_max: 120020
	F28_('S5', 'E5')_t3_min: 7620
	F25_('E1', 'S1')_t4_max: 59438
	F1_('S5', 'S4')_t5_min: 46082
	F9_('S3', 'S4')_t3_min: 8002
	F36_('S1', 'S2')_t5_min: 7617
	F41_('E3', 'S3')_tb: 115288
	F32_('S3', 'S4')_t5_min: 31548
	F23_('S2', 'S1')_t5_min: 12349
	F57_('S3', 'E3')_tb: 115970
	F30_('S5', 'E5')_tb: 1388
	F19_('S2', 'E2')_t5_min: 20650
	F7_('S3', 'S4')_tb: 9856
	F41_('S2', 'E2')_tb: 115584
	F10_('S3', 'S2')_t5_min: 21630
	F17_('E3', 'S3')_t5_max: 113
	F21_('E4', 'S4')_t3_min: 1366
	F1_('S1', 'E1')_t3_min: 46353
	F33_('S3', 'S2')_t3_max: 119285
	F31_('S2', 'S1')_t5_max: 15507
	F14_('S2', 'E2')_t5_max: 1400
	F44_('S4', 'S5')_t5_min: 119816
	F45_('S1', 'E1')_t5_min: 5821
	F7_('S4', 'S5')_t3_min: 9912
	F6_('S3', 'E3')_t3_max: 26391
	F28_('S3', 'S4')_t3_max: 7544
	F40_('S4', 'S5')_t3_max: 4264
	F42_('S1', 'S2')_tb: 5447
	F22_('S3', 'S2')_t5_max: 26634
	F27_('S3', 'S2')_t5_min: 350
	F19_('S3', 'S2')_t3_max: 20762
	F58_('E2', 'S2')_tb: 62296
	F4_('S1', 'E1')_tb: 7551
	F4_('S2', 'S1')_tb: 7480
	F0_('S3', 'S2')_tb: 48738
	F25_('S3', 'S4')_t3_min: 59732
	F30_('S4', 'S5')_t5_min: 1123
	F34_('S3', 'E3')_t5_min: 1577
	F50_('S2', 'S1')_t5_max: 15623
	F6_('S2', 'S3')_tb: 26237
	F53_('S3', 'S4')_t5_min: 30634
	F29_('S2', 'S3')_t5_max: 24655
	F7_('E1', 'S1')_t5_max: 9603
	F26_('S2', 'S1')_t3_max: 4054
	F49_('S2', 'E2')_t3_min: 23920
	F27_('E4', 'S4')_t4_min: 185
	F42_('S2', 'S3')_t3_max: 5622
	F39_('S5', 'S4')_t5_max: 1688
	F21_('E4', 'S4')_t4_min: 1366
	F46_('S4', 'S3')_tb: 5863
	F31_('S4', 'S3')_t5_min: 15149
	F48_('S3', 'E3')_t3_max: 122059
	F47_('E2', 'S2')_t5_min: 4081
	F30_('S4', 'S5')_t5_max: 1381
	F5_('S4', 'S5')_t5_min: 44389
	F33_('S4', 'S3')_tb: 119104
	F40_('E1', 'S1')_t3_min: 3808
	F17_('S2', 'E2')_t3_max: 239
	F26_('S4', 'S3')_t3_max: 3828
	F17_('S2', 'E2')_t5_min: 351
	F36_('E1', 'S1')_t4_max: 7452
	F39_('E5', 'S5')_t5_max: 1649
	F12_('S4', 'S3')_t3_max: 1159
	F26_('S3', 'S2')_tb: 3874
	F23_('E2', 'S2')_tb: 12100
	F2_('S3', 'S4')_tb: 55152
	F42_('S3', 'S4')_t3_max: 5792
	F31_('S3', 'S2')_t5_max: 15266
	F56_('S5', 'E5')_t3_min: 32014
	F22_('S2', 'E2')_tb: 26378
	F5_('S1', 'S2')_t5_min: 44320
	F15_('E3', 'S3')_t4_min: 1667
	F46_('S4', 'S3')_t3_min: 5858
	F9_('E3', 'S3')_t4_max: 7892
	F59_('S3', 'E3')_t5_min: 25666
	F36_('S2', 'S3')_tb: 7624
	F45_('S4', 'S3')_t3_min: 5199
	F4_('S3', 'S2')_t3_min: 7151
	F35_('S1', 'S2')_t5_min: 91399
	F38_('E1', 'S1')_t5_min: 115589
	F48_('S2', 'S3')_tb: 121850
	F23_('E2', 'S2')_t5_max: 12221
	F20_('S3', 'E3')_tb: 534
	F3_('S3', 'E3')_t3_max: 6790
	F36_('S4', 'E4')_t5_min: 7870
	F49_('S3', 'S2')_tb: 23864
	F6_('S2', 'S3')_t5_max: 26384
	F58_('S4', 'E4')_t4_max: 62521
	F34_('S2', 'S3')_t5_min: 1229
	F39_('E5', 'S5')_t4_max: 1617
	F0_('E4', 'S4')_t4_max: 48584
	F28_('S5', 'E5')_tb: 7754
	F12_('S2', 'S1')_t5_min: 1252
	F40_('E1', 'S1')_t5_max: 3884
	F4_('S2', 'S1')_t3_max: 7480
	F47_('S2', 'S3')_t5_min: 4178
	F50_('S4', 'S3')_t3_min: 15457
	F45_('S2', 'S1')_t5_min: 5469
	F18_('S5', 'E5')_t3_min: 54316
	F36_('E1', 'S1')_tb: 7452
	F9_('E3', 'S3')_t3_min: 7892
	F23_('S2', 'S1')_t5_max: 12349
	F14_('S3', 'S2')_t3_max: 1031
	F35_('E1', 'S1')_t5_max: 91344
	F19_('S4', 'S3')_t5_min: 20626
	F54_('E5', 'S5')_t4_min: 1145
	F18_('S5', 'E5')_tb: 54316
	F38_('E1', 'S1')_t4_max: 115523
	F4_('E5', 'S5')_t5_max: 7012
	F58_('S2', 'S3')_t5_min: 62439
	F32_('S5', 'E5')_t3_min: 31785
	F32_('S3', 'S4')_t5_max: 31677
	('S2', 'S1')_gcl_length: 66
	F27_('S2', 'E2')_tb: 486
	F47_('E2', 'S2')_t4_min: 3986
	F38_('S1', 'S2')_t5_min: 115662
	F36_('S2', 'S3')_t5_min: 7703
	F28_('S4', 'S5')_t3_max: 7587
	F5_('E1', 'S1')_t3_min: 44276
	F53_('S5', 'E5')_t5_max: 31124
	F29_('S3', 'S4')_tb: 24399
	F26_('E5', 'S5')_t5_max: 3770
	F11_('S4', 'S3')_t5_min: 121299
	F1_('S4', 'S3')_t3_max: 46218
	F7_('S5', 'E5')_t4_max: 9978
	F15_('S4', 'E4')_tb: 1857
	F43_('E1', 'S1')_tb: 12361
	F14_('S3', 'S2')_tb: 1031
	F39_('S5', 'S4')_t5_min: 1688
	F19_('E5', 'S5')_t4_max: 20587
	F22_('S2', 'E2')_t3_max: 26641
	F39_('E5', 'S5')_tb: 1617
	F42_('S4', 'S5')_tb: 5962
	F16_('S5', 'E5')_t3_max: 27836
	F31_('S1', 'E1')_tb: 15514
	F25_('S3', 'S4')_t5_min: 59828
	F11_('S3', 'S2')_tb: 121301
	F28_('S4', 'S5')_t3_min: 7582
	F23_('E2', 'S2')_t4_max: 12100
	F10_('S3', 'S2')_t3_min: 21510
	F19_('S4', 'S3')_t3_max: 20621
	F32_('E3', 'S3')_tb: 31348
	F50_('S3', 'S2')_t3_min: 15513
	F20_('E4', 'S4')_t3_min: 283
	F50_('E4', 'S4')_t5_min: 15455
	F25_('S1', 'S2')_tb: 59536
	F7_('S5', 'E5')_tb: 9978
	F54_('S4', 'E4')_t3_max: 1471
	F49_('S3', 'S2')_t5_min: 23918
	F37_('E4', 'S4')_t5_max: 13408
	F40_('S3', 'S4')_t5_min: 4128
	F44_('S5', 'E5')_t3_min: 119818
	F44_('E4', 'S4')_t5_min: 119746
	F36_('S3', 'S4')_t3_max: 7710
	F56_('S4', 'S5')_tb: 31900
	F26_('S5', 'S4')_tb: 3777
	F20_('E4', 'S4')_t4_max: 283
	F31_('S3', 'S2')_tb: 15156
	F26_('S5', 'S4')_t5_max: 3821
	F59_('E4', 'S4')_t4_min: 25398
	F52_('S3', 'S2')_t3_max: 3616
	F19_('S4', 'S3')_tb: 20616
	F58_('S4', 'E4')_t5_max: 62589
	F33_('S1', 'E1')_t5_min: 119290
	F22_('E5', 'S5')_t4_min: 25973
	F58_('S3', 'S4')_t5_max: 62514
	F10_('E4', 'S4')_t3_min: 21266
	F29_('S2', 'S3')_t3_max: 24417
	F25_('E1', 'S1')_t5_min: 59534
	F9_('S4', 'E4')_t3_max: 8246
	F21_('S4', 'S5')_t5_min: 1497
	F13_('S2', 'S1')_tb: 4423
	F21_('S5', 'E5')_t3_min: 1499
	F32_('S5', 'E5')_t4_max: 31914
	F41_('S2', 'E2')_t3_min: 115450
	F35_('S2', 'E2')_t3_max: 91535
	F35_('E1', 'S1')_t5_min: 91344
	F51_('S4', 'E4')_t5_min: 2482
	F20_('S4', 'S3')_tb: 411
	F4_('S3', 'S2')_tb: 7151
	F7_('E1', 'S1')_t4_min: 9549
	F27_('S2', 'E2')_t5_max: 538
	F1_('S1', 'E1')_tb: 46616
	F31_('S3', 'S2')_t3_min: 15151
	F52_('S2', 'S1')_t5_max: 3805
	F15_('S3', 'S4')_t3_min: 1757
	F25_('S2', 'S3')_t3_min: 59634
	F17_('S2', 'E2')_t5_max: 351
	F19_('E5', 'S5')_tb: 20587
	F25_('S2', 'S3')_t3_max: 59768
	F50_('E4', 'S4')_t3_min: 15406
	F49_('S2', 'E2')_t3_max: 24054
	F49_('S2', 'E2')_t5_max: 24232
	F16_('S5', 'E5')_t4_max: 27960
	F52_('S1', 'E1')_t5_max: 3965
	F15_('S4', 'E4')_t5_min: 1945
	F50_('S4', 'S3')_t5_min: 15511
	F12_('S5', 'S4')_t5_max: 1152
	F28_('S2', 'S3')_tb: 7501
	F21_('E4', 'S4')_t5_max: 1428
	F49_('S2', 'E2')_tb: 23920
	F31_('S2', 'S1')_t3_max: 15273
	F52_('S3', 'S2')_tb: 3611
	F46_('S2', 'S1')_t3_max: 6049
	F58_('S2', 'S3')_t3_min: 62366
	F1_('S5', 'S4')_t5_max: 46211
	F1_('E5', 'S5')_t5_min: 46037
	F47_('S2', 'S3')_t3_min: 4083
	F1_('S1', 'E1')_t5_max: 46659
	F46_('S3', 'S2')_t5_max: 6042
	F33_('S3', 'S2')_tb: 119151
	F42_('S4', 'S5')_t5_max: 6001
	F49_('S4', 'S3')_t5_min: 23862
	F26_('S2', 'S1')_t3_min: 3920
	F15_('E3', 'S3')_t5_max: 1755
	F0_('E4', 'S4')_t4_min: 48584
	F12_('S2', 'S1')_tb: 1224
	F45_('S1', 'E1')_t3_min: 5471
	F8_('E3', 'S3')_t5_max: 3287
	F19_('S3', 'S2')_t5_max: 20896
	F26_('S2', 'S1')_tb: 3920
	('S2', 'E2')_gcl_length: 200
	F31_('S3', 'S2')_t3_max: 15156
	F28_('S4', 'S5')_t5_max: 7747
	F42_('E1', 'S1')_t5_min: 5445
	F17_('S3', 'S2')_t5_min: 232
	F31_('S2', 'S1')_t5_min: 15378
	F23_('E2', 'S2')_t5_min: 12221
	F22_('S3', 'S2')_tb: 26278
	F26_('S2', 'S1')_t5_max: 4222
	F12_('S5', 'S4')_t5_min: 1023
	F30_('S1', 'S2')_tb: 672
	F33_('E4', 'S4')_t4_max: 119057
	F8_('E3', 'S3')_t4_max: 3257
	F5_('S3', 'S4')_t5_min: 44366
	F4_('E5', 'S5')_t4_min: 6948
	F0_('S3', 'S2')_t3_min: 48733
	F33_('E4', 'S4')_t5_max: 119102
	F32_('E3', 'S3')_t4_max: 31348
	F4_('S5', 'S4')_t5_min: 7083
	F38_('S2', 'E2')_t3_max: 115669
	F24_('E1', 'S1')_t5_max: 2781
	F5_('S4', 'S5')_t3_min: 44368
	F2_('S4', 'E4')_t5_max: 55315
	F59_('S4', 'S3')_t5_min: 25576
	F44_('E4', 'S4')_t4_max: 119678
	F30_('S2', 'S3')_t3_max: 789
	F25_('S3', 'S4')_t5_max: 60215
	F21_('S4', 'S5')_t3_min: 1430
	F34_('E1', 'S1')_t4_min: 976
	F7_('S2', 'S3')_t3_max: 9795
	F33_('S3', 'S2')_t3_min: 119151
	F12_('S3', 'S2')_tb: 1194
	F19_('S2', 'E2')_t5_max: 21037
	F58_('E2', 'S2')_t3_min: 62296
	F48_('E2', 'S2')_t5_max: 121848
	F46_('E4', 'S4')_t4_max: 5832
	F40_('S2', 'S3')_t3_min: 3969
	F12_('S1', 'E1')_t5_max: 1416
	F28_('S1', 'S2')_t3_min: 7453
	F46_('E4', 'S4')_t4_min: 5832
	F40_('S1', 'S2')_t5_max: 3967
	F52_('S1', 'E1')_t5_min: 3836
	F18_('S5', 'E5')_t5_min: 54341
	F1_('S2', 'S1')_t5_min: 46351
	F49_('E4', 'S4')_t4_max: 23747
	F11_('S2', 'E2')_t4_max: 121801
	F22_('S2', 'E2')_t5_min: 26476
	F5_('E1', 'S1')_t5_min: 44297
	F43_('S2', 'E2')_t3_min: 12539
	F41_('S2', 'E2')_t5_min: 115663
	F58_('S4', 'E4')_t5_min: 62589
	F0_('S4', 'S3')_tb: 48661
	F45_('E4', 'S4')_tb: 5110
	F42_('S4', 'S5')_t3_min: 5570
	F51_('S4', 'E4')_t3_min: 2165
	F49_('E4', 'S4')_t5_min: 23801
	F17_('E3', 'S3')_t4_min: 1
	F21_('S5', 'E5')_t3_max: 1504
	F28_('E1', 'S1')_t5_max: 7451
	F47_('E2', 'S2')_t3_min: 3986
	F4_('S3', 'S2')_t5_max: 7473
	F46_('S1', 'E1')_tb: 5941
	F22_('S5', 'S4')_t5_max: 26176
	F31_('E4', 'S4')_t5_min: 15032
	F26_('S1', 'E1')_tb: 4229
	F43_('S2', 'E2')_t5_max: 12884
	F46_('E4', 'S4')_t3_min: 5832
	F17_('S3', 'S2')_tb: 120
	F50_('S4', 'S3')_tb: 15462
	F8_('E3', 'S3')_t3_min: 3257
	F55_('S3', 'E3')_t4_max: 31768
	F21_('S5', 'E5')_t4_max: 1628
	F19_('S4', 'S3')_t3_min: 20616
	F8_('E3', 'S3')_t4_min: 3257
	F1_('S5', 'S4')_t3_min: 46039
	F37_('S4', 'S5')_tb: 13410
	F57_('E1', 'S1')_t3_min: 115590
	F30_('S1', 'S2')_t5_min: 782
	F16_('E4', 'S4')_t3_min: 27574
	F15_('S3', 'S4')_t5_min: 1850
	F3_('S3', 'E3')_t5_max: 6879
	F36_('S4', 'E4')_t3_max: 7796
	F8_('S4', 'E4')_t4_max: 3455
	F53_('S3', 'S4')_t3_min: 30515
	F19_('S3', 'S2')_t5_min: 20638
	F39_('E5', 'S5')_t3_min: 1617
	F33_('S2', 'S1')_tb: 119198
	F29_('S2', 'S3')_tb: 24283
	F30_('E1', 'S1')_t4_min: 555
	F11_('S3', 'S2')_t3_min: 121301
	F13_('S1', 'E1')_t5_min: 4536
	F1_('S5', 'S4')_tb: 46039
	F1_('S2', 'S1')_tb: 46308
	F50_('E4', 'S4')_tb: 15406
	F7_('E1', 'S1')_t4_max: 9549
	F19_('S3', 'S2')_t3_min: 20628
	F53_('S3', 'S4')_tb: 30520
	F34_('E1', 'S1')_tb: 976
	F33_('S1', 'E1')_tb: 119245
	F11_('S4', 'S3')_t3_min: 121188
	F32_('S4', 'S5')_t3_max: 31684
	F2_('S2', 'S3')_t3_min: 54933
	F55_('E4', 'S4')_t3_min: 31586
	F52_('S2', 'S1')_t3_max: 3776
	F48_('E2', 'S2')_t3_min: 121775
	F24_('S1', 'S2')_t3_min: 2783
	F49_('S4', 'S3')_t3_min: 23803
	F41_('E3', 'S3')_t4_max: 115288
	F34_('S3', 'E3')_t5_max: 1577
	F7_('S5', 'E5')_t3_min: 9973
	F20_('S3', 'E3')_t4_max: 663
	F37_('S5', 'E5')_t5_max: 13720
	F5_('S4', 'S5')_t3_max: 44760
	F23_('S1', 'E1')_t4_max: 12356
	F16_('S5', 'E5')_t3_min: 27702
	F38_('E1', 'S1')_t3_min: 115523
	F29_('S3', 'S4')_t3_max: 24662
	F22_('S4', 'S3')_t5_max: 26405
	F2_('S4', 'E4')_t4_max: 55237
	F18_('E4', 'S4')_t5_max: 54282
	F5_('S1', 'S2')_t3_min: 44299
	F1_('S3', 'S2')_t5_min: 46306
	F32_('E3', 'S3')_t4_min: 31348
	F1_('S1', 'E1')_t4_max: 46616
	F42_('S3', 'S4')_tb: 5529
	F50_('E4', 'S4')_t4_min: 15406
	F2_('S3', 'S4')_t5_min: 55230
	F40_('S2', 'S3')_t5_max: 4050
	F2_('S3', 'S4')_t3_max: 55152
	F56_('S5', 'E5')_t3_max: 32019
	F53_('S4', 'S5')_t5_max: 30879
	F16_('E4', 'S4')_t5_max: 27636
	F1_('E5', 'S5')_tb: 45994
	F59_('S4', 'S3')_t5_max: 25705
	F12_('S3', 'S2')_t5_max: 1222
	F57_('E1', 'S1')_tb: 115590
	F6_('S2', 'S3')_t3_min: 26237
	F42_('S5', 'E5')_t3_max: 6008
	F40_('S5', 'E5')_tb: 4347
	F46_('S1', 'E1')_t3_min: 5941
	F52_('E4', 'S4')_t4_max: 3544
	F10_('S4', 'S3')_t3_min: 21388
	F8_('S3', 'S4')_t5_min: 3319
	F9_('S3', 'S4')_t5_max: 8239
	F20_('E4', 'S4')_t5_min: 404
	F18_('E4', 'S4')_t4_min: 54257
	F9_('S4', 'E4')_t3_min: 8112
	F32_('S5', 'E5')_t5_max: 32013
	F55_('E4', 'S4')_t5_min: 31608
	F0_('E4', 'S4')_t5_min: 48654
	F29_('S2', 'S3')_t3_min: 24283
	('S4', 'E4')_gcl_length: 84
	F50_('S2', 'S1')_tb: 15574
	F29_('S3', 'S4')_t5_max: 24900
	F6_('E2', 'S2')_tb: 26217
	F27_('S3', 'S2')_t3_min: 298
	F24_('S2', 'E2')_t4_max: 3097
	F15_('S4', 'E4')_t3_max: 1857
	('S3', 'S2')_gcl_length: 174
	F7_('S2', 'S3')_tb: 9795
	F34_('E1', 'S1')_t3_min: 976
	F17_('S3', 'S2')_t3_min: 115
	F7_('S2', 'S3')_t5_max: 9849
