0. Flow F0 [BFCU-->LCM2] with period 128000, payload 623B, e2e delay 128000us, jitter 12800us
	('BFCU', 'SW22'), Operation(1, 1, 51)(1, 1)
	('SW22', 'SW32'), Operation(53, None, 232)(53, 182)
	('SW32', 'LCM2'), Operation(105, None, 413)(105, 363)
1. Flow F1 [MIMU3-->SMRIU1] with period 32000, payload 589B, e2e delay 32000us, jitter 3200us
	('MIMU3', 'SW13'), Operation(1, 1, 49)(1, 1)
	('SW13', 'SW21'), Operation(51, None, 228)(51, 180)
	('SW21', 'SW31'), Operation(101, None, 407)(101, 359)
	('SW31', 'SW6'), Operation(151, None, 586)(151, 538)
	('SW6', 'SMRIU1'), Operation(201, None, 765)(201, 717)
2. Flow F2 [LCM1-->CM1CA] with period 16000, payload 1172B, e2e delay 16000us, jitter 1600us
	('LCM1', 'SW31'), Operation(1, 1, 95)(1, 1)
	('SW31', 'SW41'), Operation(97, None, 320)(97, 226)
	('SW41', 'CM1CA'), Operation(193, None, 545)(193, 451)
3. Flow F3 [StarTr2-->SM2CB] with period 32000, payload 621B, e2e delay 32000us, jitter 3200us
	('StarTr2', 'SW13'), Operation(129, 129, 179)(129, 129)
	('SW13', 'SW22'), Operation(181, None, 360)(181, 310)
	('SW22', 'SW32'), Operation(233, None, 541)(233, 491)
	('SW32', 'SW42'), Operation(285, None, 722)(285, 672)
	('SW42', 'SW52'), Operation(337, None, 903)(337, 853)
	('SW52', 'SM2CB'), Operation(389, 910, 960)(910, 910)
4. Flow F4 [CM2CA-->CMRIU2] with period 128000, payload 569B, e2e delay 128000us, jitter 12800us
	('CM2CA', 'SW42'), Operation(1, 1, 47)(1, 1)
	('SW42', 'SW32'), Operation(49, None, 224)(49, 178)
	('SW32', 'SW22'), Operation(97, None, 401)(97, 355)
	('SW22', 'CMRIU2'), Operation(145, None, 578)(145, 532)
5. Flow F5 [SBAND1-->SM1CB] with period 32000, payload 879B, e2e delay 32000us, jitter 3200us
	('SBAND1', 'SW12'), Operation(16555, 16555, 16626)(16555, 16555)
	('SW12', 'SW21'), Operation(16628, None, 16828)(16628, 16757)
	('SW21', 'SW31'), Operation(16701, None, 17030)(16701, 16959)
	('SW31', 'SW41'), Operation(16774, None, 17232)(16774, 17161)
	('SW41', 'SW51'), Operation(16847, None, 17434)(16847, 17363)
	('SW51', 'SM1CB'), Operation(16920, None, 17636)(16920, 17565)
6. Flow F6 [FCM1-->SMRIU1] with period 128000, payload 195B, e2e delay 128000us, jitter 12800us
	('FCM1', 'SW31'), Operation(96730, 96730, 96746)(96730, 96730)
	('SW31', 'SW6'), Operation(96748, None, 96893)(96748, 96877)
	('SW6', 'SMRIU1'), Operation(96766, None, 97040)(96766, 97024)
7. Flow F7 [RCM1-->MIMU3] with period 4000, payload 205B, e2e delay 4000us, jitter 400us
	('RCM1', 'SW31'), Operation(1023, 1023, 1040)(1023, 1023)
	('SW31', 'SW21'), Operation(1042, None, 1188)(1042, 1171)
	('SW21', 'SW13'), Operation(1061, None, 1336)(1061, 1319)
	('SW13', 'MIMU3'), Operation(1080, None, 1484)(1080, 1467)
8. Flow F8 [DU2-->FCM1] with period 16000, payload 425B, e2e delay 16000us, jitter 1600us
	('DU2', 'SW11'), Operation(336, 336, 370)(336, 336)
	('SW11', 'SW21'), Operation(372, None, 535)(372, 501)
	('SW21', 'SW31'), Operation(408, None, 700)(408, 666)
	('SW31', 'FCM1'), Operation(444, None, 865)(444, 831)
9. Flow F9 [SM1CB-->StarTr1] with period 64000, payload 1330B, e2e delay 64000us, jitter 6400us
	('SM1CB', 'SW51'), Operation(1, 1, 108)(1, 1)
	('SW51', 'SW41'), Operation(110, None, 346)(110, 239)
	('SW41', 'SW31'), Operation(219, None, 584)(219, 477)
	('SW31', 'SW21'), Operation(328, None, 822)(328, 715)
	('SW21', 'SW13'), Operation(437, None, 1060)(437, 953)
	('SW13', 'StarTr1'), Operation(546, None, 1298)(546, 1191)

SMT variables: 
	F5_('SW31', 'SW41')_rr: 0
	F0_('BFCU', 'SW22')_gc: True
	F7_('SW13', 'MIMU3')_t4_min: 1080
	F2_('SW31', 'SW41')_rr: 0
	('LCM1', 'SW31')_gcl_cycle: 16000
	F7_queue_index: 0
	F5_('SBAND1', 'SW12')_t4_min: 16555
	F3_('StarTr2', 'SW13')_t5_min: 179
	F1_('SW31', 'SW6')_t4_max: 538
	F5_('SBAND1', 'SW12')_t4_max: 16555
	F6_('SW31', 'SW6')_t4_min: 96748
	('SW21', 'SW13')_gcl_cycle: 1
	('SW41', 'SW31')_gcl_cycle: 1
	F4_('CM2CA', 'SW42')_t3_min: 1
	F4_('CM2CA', 'SW42')_t3_max: 1
	('SW51', 'SM1CB')_gcl_cycle: 1
	F6_jitter: 258
	F3_('SW13', 'SW22')_rr: 0
	F4_('CM2CA', 'SW42')_t5_max: 47
	F1_('SW13', 'SW21')_t4_min: 51
	F5_('SW41', 'SW51')_t3_min: 16847
	F9_('SW13', 'StarTr1')_t3_min: 546
	F9_jitter: 645
	F7_('SW21', 'SW13')_t4_max: 1319
	F3_queue_index: 0
	F4_('SW32', 'SW22')_gc: False
	F7_('SW31', 'SW21')_t4_min: 1042
	F9_('SW31', 'SW21')_t4_max: 715
	F4_('SW42', 'SW32')_rr: 0
	F3_('SW32', 'SW42')_gc: False
	F5_('SW41', 'SW51')_gc: False
	('SM1CB', 'SW51')_gcl_cycle: 64000
	F9_('SW31', 'SW21')_gc: False
	F3_('SW13', 'SW22')_gc: False
	F0_('SW32', 'LCM2')_t4_min: 105
	F3_('SW22', 'SW32')_gc: False
	F5_('SW12', 'SW21')_t4_min: 16628
	F9_('SW41', 'SW31')_t4_min: 219
	F4_('SW32', 'SW22')_rr: 0
	F5_('SW41', 'SW51')_tb: 16847
	('SW51', 'SW41')_gcl_cycle: 1
	F0_queue_index: 0
	F5_('SW21', 'SW31')_rr: 0
	F5_queue_index: 0
	F9_('SM1CB', 'SW51')_t3_min: 1
	F3_('SW42', 'SW52')_t4_max: 853
	F4_('SW42', 'SW32')_gc: False
	F8_('DU2', 'SW11')_gc: True
	F1_('SW13', 'SW21')_rr: 0
	F9_('SW51', 'SW41')_t4_max: 239
	F3_('SW42', 'SW52')_rr: 0
	F9_('SW41', 'SW31')_rr: 0
	F9_('SW21', 'SW13')_t4_max: 953
	F1_jitter: 516
	F5_('SW41', 'SW51')_t3_max: 17239
	('SW32', 'LCM2')_gcl_cycle: 1
	F1_('SW6', 'SMRIU1')_t4_min: 201
	('SW41', 'CM1CA')_gcl_length: 0
	F6_('SW6', 'SMRIU1')_t4_min: 96766
	F5_('SW12', 'SW21')_gc: False
	F0_('SW22', 'SW32')_t4_max: 182
	F1_('SW21', 'SW31')_t4_min: 101
	F8_('SW21', 'SW31')_t3_min: 408
	F6_('SW31', 'SW6')_gc: False
	F3_('SW22', 'SW32')_t4_min: 233
	F1_('SW31', 'SW6')_rr: 0
	F1_('SW6', 'SMRIU1')_rr: 0
	F6_queue_index: 0
	F7_('RCM1', 'SW31')_t3_max: 1023
	F8_('DU2', 'SW11')_rr: 1
	('SW42', 'SW52')_gcl_cycle: 1
	F1_('MIMU3', 'SW13')_rr: 1
	F6_('SW6', 'SMRIU1')_gc: False
	F3_('SW22', 'SW32')_t4_max: 491
	F3_('StarTr2', 'SW13')_gc: True
	F5_('SW41', 'SW51')_t5_min: 16918
	F3_('SW32', 'SW42')_t4_max: 672
	F0_('SW32', 'LCM2')_tb: 105
	F9_('SM1CB', 'SW51')_rr: 1
	F8_('SW11', 'SW21')_t4_max: 501
	F4_('SW32', 'SW22')_t4_max: 355
	F3_('SW32', 'SW42')_t4_min: 285
	F5_('SW51', 'SM1CB')_t3_max: 17441
	F7_('SW13', 'MIMU3')_t3_max: 1343
	F9_('SW31', 'SW21')_t4_min: 328
	F7_jitter: 387
	('SW31', 'FCM1')_gcl_cycle: 1
	F0_('SW22', 'SW32')_t4_min: 53
	F4_('SW22', 'CMRIU2')_t4_min: 145
	F0_('SW32', 'LCM2')_gc: False
	F3_('SW52', 'SM2CB')_gc: True
	F4_('SW22', 'CMRIU2')_gc: False
	F2_queue_index: 0
	F5_('SBAND1', 'SW12')_t3_max: 16555
	F5_('SW51', 'SM1CB')_rr: 0
	F7_('SW31', 'SW21')_rr: 0
	('SW31', 'SW41')_gcl_cycle: 1
	F8_('SW21', 'SW31')_t4_max: 666
	F3_('SW22', 'SW32')_rr: 0
	('FCM1', 'SW31')_gcl_cycle: 128000
	F9_('SW51', 'SW41')_rr: 0
	F3_('SW32', 'SW42')_t3_max: 548
	F2_('LCM1', 'SW31')_gc: True
	F9_('SW51', 'SW41')_gc: False
	F1_('SW31', 'SW6')_t4_min: 151
	F5_('SW21', 'SW31')_gc: False
	F9_('SW51', 'SW41')_t4_min: 110
	F1_('MIMU3', 'SW13')_t3_max: 1
	F3_('SW42', 'SW52')_tb: 337
	F3_('SW42', 'SW52')_gc: False
	('SW13', 'SW21')_gcl_cycle: 1
	F8_('SW11', 'SW21')_gc: False
	('StarTr2', 'SW13')_gcl_cycle: 32000
	('SW51', 'SM1CB')_gcl_length: 0
	F6_('SW31', 'SW6')_rr: 0
	F9_('SW41', 'SW31')_t4_max: 477
	F5_('SW31', 'SW41')_gc: False
	('SW21', 'SW31')_gcl_cycle: 1
	F0_('SW22', 'SW32')_rr: 0
	F6_('SW6', 'SMRIU1')_rr: 0
	F9_('SM1CB', 'SW51')_gc: True
	F4_('SW22', 'CMRIU2')_rr: 0
	F5_('SBAND1', 'SW12')_gc: True
	F0_('SW32', 'LCM2')_rr: 0
	('FCM1', 'SW31')_gcl_length: 2
	F1_('SW21', 'SW31')_gc: False
	('SW41', 'SW51')_gcl_cycle: 1
	F1_('MIMU3', 'SW13')_gc: True
	F5_('SW21', 'SW31')_t4_max: 16959
	F9_('SW31', 'SW21')_t3_min: 328
	F4_queue_index: 0
	F3_('SW42', 'SW52')_t4_min: 337
	F9_('SW21', 'SW13')_gc: False
	F2_('SW41', 'CM1CA')_gc: False
	F7_('SW31', 'SW21')_gc: False
	F5_('SW41', 'SW51')_t4_max: 17363
	F1_('SW6', 'SMRIU1')_gc: False
	F2_('SW41', 'CM1CA')_t4_min: 193
	F8_('SW21', 'SW31')_rr: 0
	F7_('RCM1', 'SW31')_tb: 1023
	F5_('SW21', 'SW31')_t4_min: 16701
	('SW13', 'SW22')_gcl_cycle: 1
	F3_('SW13', 'SW22')_t4_min: 181
	F5_('SW12', 'SW21')_t4_max: 16757
	F9_('SW13', 'StarTr1')_gc: False
	F8_('SW21', 'SW31')_t4_min: 408
	F8_('DU2', 'SW11')_t5_min: 370
	F3_('SW32', 'SW42')_rr: 0
	F5_('SW12', 'SW21')_rr: 0
	F9_('SW41', 'SW31')_gc: False
	('SW31', 'SW6')_gcl_length: 0
	F3_('SW13', 'SW22')_t5_min: 231
	F6_('FCM1', 'SW31')_t3_max: 96730
	F8_('SW11', 'SW21')_t4_min: 372
	('SW11', 'SW21')_gcl_cycle: 1
	F1_('SW13', 'SW21')_t4_max: 180
	F5_('SBAND1', 'SW12')_t5_min: 16626
	F5_('SW31', 'SW41')_t4_min: 16774
	F3_('SW13', 'SW22')_t4_max: 310
	F7_('SW21', 'SW13')_rr: 0
	F3_('SW32', 'SW42')_tb: 285
	F4_('SW22', 'CMRIU2')_t4_max: 532
	F9_('SW13', 'StarTr1')_t4_min: 546
	F4_('SW42', 'SW32')_t4_max: 178
	F7_('SW21', 'SW13')_t4_min: 1061
	F6_('FCM1', 'SW31')_rr: 1
	F1_('SW13', 'SW21')_gc: False
	('SBAND1', 'SW12')_gcl_cycle: 32000
	F2_('SW31', 'SW41')_t4_min: 97
	F8_jitter: 387
	F4_('CM2CA', 'SW42')_rr: 1
	('SW12', 'SW21')_gcl_cycle: 1
	F7_('SW13', 'MIMU3')_tb: 1080
	('SW42', 'SW32')_gcl_length: 0
	F3_jitter: 0
	('CM2CA', 'SW42')_gcl_cycle: 128000
	F0_('SW22', 'SW32')_gc: False
	F9_('SM1CB', 'SW51')_t5_min: 108
	('RCM1', 'SW31')_gcl_cycle: 4000
	F8_('SW31', 'FCM1')_t4_min: 444
	F2_('SW31', 'SW41')_t3_min: 97
	('SW13', 'StarTr1')_gcl_cycle: 1
	F9_queue_index: 0
	F2_('LCM1', 'SW31')_rr: 1
	F3_('SW52', 'SM2CB')_rr: 1
	('SW32', 'SW22')_gcl_length: 0
	F1_('SW31', 'SW6')_gc: False
	F7_('RCM1', 'SW31')_rr: 1
	('DU2', 'SW11')_gcl_cycle: 16000
	F9_('SW21', 'SW13')_rr: 0
	F2_('SW31', 'SW41')_gc: False
	F1_('MIMU3', 'SW13')_t5_min: 49
	('SW13', 'MIMU3')_gcl_cycle: 1
	F8_queue_index: 0
	F8_('SW11', 'SW21')_rr: 0
	F5_('SW31', 'SW41')_t4_max: 17161
	('SW32', 'SW42')_gcl_cycle: 1
	F5_('SW41', 'SW51')_rr: 0
	F0_('BFCU', 'SW22')_rr: 1
	('SW31', 'SW21')_gcl_cycle: 1
	('SW42', 'SW32')_gcl_cycle: 1
	F7_('SW13', 'MIMU3')_rr: 0
	F5_jitter: 645
	F5_('SW51', 'SM1CB')_t4_min: 16920
	F3_('SW52', 'SM2CB')_t4_min: 910
	('SW31', 'SW41')_gcl_length: 0
	F8_('SW31', 'FCM1')_rr: 0
	F9_('SM1CB', 'SW51')_t5_max: 108
	F1_queue_index: 0
	F7_('SW31', 'SW21')_t4_max: 1171
	F2_('SW41', 'CM1CA')_rr: 0
	('SW22', 'CMRIU2')_gcl_cycle: 1
	F5_('SBAND1', 'SW12')_rr: 1
	F5_('SW51', 'SM1CB')_gc: False
	F9_('SW31', 'SW21')_rr: 0
	F2_('LCM1', 'SW31')_t3_max: 1
	F5_('SW41', 'SW51')_t4_min: 16847
	F6_('SW31', 'SW6')_t3_min: 96748
	F2_jitter: 258
	F4_('SW42', 'SW32')_t4_min: 49
	('SW6', 'SMRIU1')_gcl_cycle: 1
	F6_('SW6', 'SMRIU1')_t5_max: 97040
	('SW41', 'CM1CA')_gcl_cycle: 1
	F3_('StarTr2', 'SW13')_t3_max: 129
	F4_('SW32', 'SW22')_t4_min: 97
	F8_('DU2', 'SW11')_t3_max: 336
	F1_('SW6', 'SMRIU1')_t5_min: 249
	F8_('SW31', 'FCM1')_gc: False
	F4_jitter: 387
	F0_('BFCU', 'SW22')_t3_max: 1
	F8_('SW21', 'SW31')_gc: False
	F4_('CM2CA', 'SW42')_gc: True
	F1_('SW21', 'SW31')_rr: 0
	F7_('SW21', 'SW13')_gc: False
	F6_('FCM1', 'SW31')_gc: True
	F3_('StarTr2', 'SW13')_rr: 1
	('SW31', 'SW6')_gcl_cycle: 1
	('SW52', 'SM2CB')_gcl_cycle: 32000
	F7_('SW13', 'MIMU3')_gc: False
	F7_('RCM1', 'SW31')_gc: True
	F4_('SW22', 'CMRIU2')_t5_max: 578
	F9_('SW21', 'SW13')_t4_min: 437
	F6_('SW31', 'SW6')_t4_max: 96877
	F6_('SW31', 'SW6')_t5_min: 96764
	('BFCU', 'SW22')_gcl_cycle: 128000
	F1_('SW21', 'SW31')_t4_max: 359
	F4_('SW32', 'SW22')_t3_max: 231
	F3_('SW42', 'SW52')_t3_max: 729
	F2_('SW31', 'SW41')_t4_max: 226
	('MIMU3', 'SW13')_gcl_cycle: 32000
	('SW32', 'SW22')_gcl_cycle: 1
	F0_jitter: 258
	('SW22', 'SW32')_gcl_cycle: 1
	('DU2', 'SW11')_gcl_length: 2
	F9_('SM1CB', 'SW51')_t3_max: 1
	F9_('SW13', 'StarTr1')_rr: 0
	F5_('SW12', 'SW21')_t3_max: 16633
	F2_('SW31', 'SW41')_t3_max: 102
	F4_('SW42', 'SW32')_t3_max: 54
	F3_('SW13', 'SW22')_t3_max: 186
	F1_('SW13', 'SW21')_t3_max: 56
	F6_('SW31', 'SW6')_t3_max: 96753
	F9_('SW51', 'SW41')_t3_max: 115
	F0_('SW22', 'SW32')_t3_max: 58
	F7_('SW31', 'SW21')_t3_max: 1047
	F8_('SW11', 'SW21')_t3_max: 377
	F6_('SW6', 'SMRIU1')_t4_max: 97024
	F1_('SW6', 'SMRIU1')_tb: 201
	F5_('SW51', 'SM1CB')_t4_max: 17565
	('SW51', 'SW41')_gcl_length: 0
	F1_('SW31', 'SW6')_t5_max: 586
	('SW13', 'SW22')_gcl_length: 0
	F1_('SW21', 'SW31')_t3_max: 235
	F6_('SW31', 'SW6')_tb: 96748
	('SW32', 'SW42')_gcl_length: 0
	F1_('SW13', 'SW21')_t3_min: 51
	F9_('SW31', 'SW21')_t5_min: 435
	F0_('BFCU', 'SW22')_tb: 1
	F8_('SW21', 'SW31')_tb: 408
	F3_('SW32', 'SW42')_t5_max: 722
	F2_('SW41', 'CM1CA')_t3_max: 327
	F1_('SW6', 'SMRIU1')_t4_max: 717
	F1_('MIMU3', 'SW13')_t5_max: 49
	F5_('SW12', 'SW21')_t5_max: 16828
	F9_('SW21', 'SW13')_t5_max: 1060
	F1_('SW31', 'SW6')_tb: 151
	F5_('SBAND1', 'SW12')_t3_min: 16555
	F3_('StarTr2', 'SW13')_t5_max: 179
	F1_('MIMU3', 'SW13')_t3_min: 1
	F5_('SW21', 'SW31')_t5_max: 17030
	F3_('SW32', 'SW42')_t3_min: 285
	F5_('SW31', 'SW41')_t5_min: 16845
	F5_('SW12', 'SW21')_tb: 16628
	F2_('LCM1', 'SW31')_tb: 1
	F0_('BFCU', 'SW22')_t5_max: 51
	F9_('SW41', 'SW31')_t3_max: 353
	F4_('SW22', 'CMRIU2')_t3_max: 408
	F0_('SW22', 'SW32')_t5_min: 103
	F3_('SW52', 'SM2CB')_tb: 910
	F9_('SW13', 'StarTr1')_t4_max: 1191
	F9_('SW41', 'SW31')_t5_min: 326
	F1_('SW13', 'SW21')_tb: 51
	F3_('SW52', 'SM2CB')_t3_min: 389
	F7_('SW13', 'MIMU3')_t5_max: 1484
	F4_('CM2CA', 'SW42')_tb: 1
	F5_('SW31', 'SW41')_tb: 16774
	F6_('FCM1', 'SW31')_t4_min: 96730
	F6_('SW6', 'SMRIU1')_t5_min: 96782
	F3_('SW22', 'SW32')_t3_min: 233
	F1_('SW31', 'SW6')_t3_max: 414
	F0_('BFCU', 'SW22')_t3_min: 1
	F2_('LCM1', 'SW31')_t5_min: 95
	F3_('SW32', 'SW42')_t5_min: 335
	F1_('MIMU3', 'SW13')_t4_max: 1
	F8_('SW31', 'FCM1')_t4_max: 831
	F8_('SW11', 'SW21')_t5_min: 406
	F6_('SW31', 'SW6')_t5_max: 96893
	F4_('SW32', 'SW22')_t3_min: 97
	F3_('SW42', 'SW52')_t5_min: 387
	F1_('SW21', 'SW31')_t5_min: 149
	F3_('SW22', 'SW32')_t5_min: 283
	F2_('SW41', 'CM1CA')_tb: 193
	F7_('RCM1', 'SW31')_t4_max: 1023
	F2_('SW41', 'CM1CA')_t4_max: 451
	F1_('MIMU3', 'SW13')_t4_min: 1
	F5_('SW51', 'SM1CB')_t3_min: 16920
	('SW22', 'SW32')_gcl_length: 0
	F7_('SW13', 'MIMU3')_t5_min: 1097
	F5_('SW21', 'SW31')_t3_min: 16701
	F9_('SW21', 'SW13')_tb: 437
	F9_('SW51', 'SW41')_tb: 110
	F0_('SW22', 'SW32')_t3_min: 53
	F4_('SW42', 'SW32')_t5_max: 224
	F3_('SW42', 'SW52')_t3_min: 337
	('CM2CA', 'SW42')_gcl_length: 2
	('SW52', 'SM2CB')_gcl_length: 2
	F7_('SW21', 'SW13')_t5_max: 1336
	F4_('SW32', 'SW22')_t5_max: 401
	F1_('SW6', 'SMRIU1')_t3_min: 201
	F6_('FCM1', 'SW31')_tb: 96730
	F8_('SW11', 'SW21')_tb: 372
	F2_('SW41', 'CM1CA')_t5_min: 287
	('SW42', 'SW52')_gcl_length: 0
	F6_('FCM1', 'SW31')_t3_min: 96730
	F9_('SM1CB', 'SW51')_tb: 1
	F3_('SW22', 'SW32')_tb: 233
	F6_('SW6', 'SMRIU1')_t3_max: 96900
	F8_('SW31', 'FCM1')_tb: 444
	F9_('SW41', 'SW31')_t5_max: 584
	F9_('SW13', 'StarTr1')_tb: 546
	F6_('SW6', 'SMRIU1')_tb: 96766
	F8_('SW11', 'SW21')_t3_min: 372
	F7_('SW13', 'MIMU3')_t3_min: 1080
	F1_('SW13', 'SW21')_t5_max: 228
	F7_('SW21', 'SW13')_t3_max: 1195
	F4_('SW22', 'CMRIU2')_t5_min: 191
	F8_('DU2', 'SW11')_t5_max: 370
	F3_('SW42', 'SW52')_t5_max: 903
	F0_('BFCU', 'SW22')_t5_min: 51
	F9_('SW31', 'SW21')_tb: 328
	F1_('MIMU3', 'SW13')_tb: 1
	F9_('SM1CB', 'SW51')_t4_max: 1
	F0_('SW32', 'LCM2')_t5_max: 413
	F2_('SW31', 'SW41')_t5_min: 191
	F3_('SW52', 'SM2CB')_t3_max: 910
	F8_('DU2', 'SW11')_t3_min: 336
	F9_('SW31', 'SW21')_t5_max: 822
	('SW41', 'SW51')_gcl_length: 0
	F2_('SW31', 'SW41')_tb: 97
	F7_('RCM1', 'SW31')_t5_max: 1040
	F1_('SW6', 'SMRIU1')_t3_max: 593
	F5_('SW21', 'SW31')_t5_min: 16772
	F5_('SW31', 'SW41')_t5_max: 17232
	F7_('RCM1', 'SW31')_t5_min: 1040
	F2_('SW31', 'SW41')_t5_max: 320
	F7_('SW21', 'SW13')_tb: 1061
	F2_('SW41', 'CM1CA')_t5_max: 545
	F0_('BFCU', 'SW22')_t4_max: 1
	('SW31', 'FCM1')_gcl_length: 0
	F5_('SW12', 'SW21')_t5_min: 16699
	F3_('SW13', 'SW22')_tb: 181
	('SW12', 'SW21')_gcl_length: 0
	('SW11', 'SW21')_gcl_length: 0
	('StarTr2', 'SW13')_gcl_length: 2
	F4_('SW42', 'SW32')_t3_min: 49
	F7_('SW21', 'SW13')_t3_min: 1061
	F5_('SW51', 'SM1CB')_tb: 16920
	F4_('SW32', 'SW22')_t5_min: 143
	F8_('SW11', 'SW21')_t5_max: 535
	F8_('SW31', 'FCM1')_t5_min: 478
	F6_('FCM1', 'SW31')_t5_min: 96746
	F5_('SW41', 'SW51')_t5_max: 17434
	F9_('SW21', 'SW13')_t5_min: 544
	F8_('DU2', 'SW11')_tb: 336
	F5_('SW51', 'SM1CB')_t5_max: 17636
	F9_('SW41', 'SW31')_tb: 219
	F4_('SW42', 'SW32')_t5_min: 95
	F7_('SW31', 'SW21')_tb: 1042
	('BFCU', 'SW22')_gcl_length: 2
	('LCM1', 'SW31')_gcl_length: 2
	('SW22', 'CMRIU2')_gcl_length: 0
	F0_('SW32', 'LCM2')_t3_max: 239
	F4_('SW32', 'SW22')_tb: 97
	F6_('FCM1', 'SW31')_t5_max: 96746
	('SW13', 'StarTr1')_gcl_length: 0
	F7_('SW21', 'SW13')_t5_min: 1078
	F4_('CM2CA', 'SW42')_t5_min: 47
	('SW21', 'SW13')_gcl_length: 0
	F6_('FCM1', 'SW31')_t4_max: 96730
	F8_('SW21', 'SW31')_t5_min: 442
	F7_('SW31', 'SW21')_t5_max: 1188
	F0_('SW32', 'LCM2')_t5_min: 155
	F8_('SW31', 'FCM1')_t3_max: 707
	('SW21', 'SW31')_gcl_length: 0
	F2_('LCM1', 'SW31')_t4_min: 1
	F1_('SW21', 'SW31')_t5_max: 407
	F9_('SW41', 'SW31')_t3_min: 219
	F0_('SW22', 'SW32')_t5_max: 232
	F9_('SW31', 'SW21')_t3_max: 591
	F5_('SBAND1', 'SW12')_t5_max: 16626
	F7_('SW31', 'SW21')_t5_min: 1059
	F3_('SW52', 'SM2CB')_t4_max: 910
	F3_('SW52', 'SM2CB')_t5_min: 960
	('SW13', 'MIMU3')_gcl_length: 0
	F4_('CM2CA', 'SW42')_t4_max: 1
	F9_('SW13', 'StarTr1')_t5_min: 653
	('SBAND1', 'SW12')_gcl_length: 2
	F1_('SW31', 'SW6')_t5_min: 199
	('SW41', 'SW31')_gcl_length: 0
	F0_('SW32', 'LCM2')_t4_max: 363
	F9_('SW13', 'StarTr1')_t5_max: 1298
	('RCM1', 'SW31')_gcl_length: 2
	F7_('RCM1', 'SW31')_t3_min: 1023
	F2_('LCM1', 'SW31')_t3_min: 1
	F3_('SW22', 'SW32')_t5_max: 541
	('SW32', 'LCM2')_gcl_length: 0
	F5_('SBAND1', 'SW12')_tb: 16555
	F3_('SW22', 'SW32')_t3_max: 367
	('MIMU3', 'SW13')_gcl_length: 2
	F0_('SW32', 'LCM2')_t3_min: 105
	F3_('SW52', 'SM2CB')_t5_max: 960
	('SM1CB', 'SW51')_gcl_length: 2
	F3_('SW13', 'SW22')_t3_min: 181
	F9_('SW51', 'SW41')_t3_min: 110
	F1_('SW31', 'SW6')_t3_min: 151
	F5_('SW21', 'SW31')_t3_max: 16835
	F8_('DU2', 'SW11')_t4_min: 336
	F6_('SW6', 'SMRIU1')_t3_min: 96766
	F3_('StarTr2', 'SW13')_t4_max: 129
	('SW6', 'SMRIU1')_gcl_length: 0
	F8_('DU2', 'SW11')_t4_max: 336
	F1_('SW6', 'SMRIU1')_t5_max: 765
	F0_('SW22', 'SW32')_tb: 53
	F9_('SW51', 'SW41')_t5_max: 346
	F8_('SW21', 'SW31')_t3_max: 542
	F2_('LCM1', 'SW31')_t5_max: 95
	F7_('SW13', 'MIMU3')_t4_max: 1467
	F4_('SW22', 'CMRIU2')_t3_min: 145
	F0_('BFCU', 'SW22')_t4_min: 1
	F1_('SW21', 'SW31')_tb: 101
	F4_('SW42', 'SW32')_tb: 49
	F9_('SW13', 'StarTr1')_t3_max: 1067
	F5_('SW31', 'SW41')_t3_max: 17037
	F5_('SW31', 'SW41')_t3_min: 16774
	('SW31', 'SW21')_gcl_length: 0
	('SW13', 'SW21')_gcl_length: 0
	F5_('SW21', 'SW31')_tb: 16701
	F9_('SM1CB', 'SW51')_t4_min: 1
	F8_('SW21', 'SW31')_t5_max: 700
	F5_('SW12', 'SW21')_t3_min: 16628
	F1_('SW21', 'SW31')_t3_min: 101
	F1_('SW13', 'SW21')_t5_min: 99
	F2_('LCM1', 'SW31')_t4_max: 1
	F8_('SW31', 'FCM1')_t3_min: 444
	F7_('RCM1', 'SW31')_t4_min: 1023
	F4_('SW22', 'CMRIU2')_tb: 145
	F9_('SW51', 'SW41')_t5_min: 217
	F3_('StarTr2', 'SW13')_tb: 129
	F3_('StarTr2', 'SW13')_t3_min: 129
	F9_('SW21', 'SW13')_t3_max: 829
	F2_('SW41', 'CM1CA')_t3_min: 193
	F9_('SW21', 'SW13')_t3_min: 437
	F3_('StarTr2', 'SW13')_t4_min: 129
	F8_('SW31', 'FCM1')_t5_max: 865
	F5_('SW51', 'SM1CB')_t5_min: 16991
	F3_('SW13', 'SW22')_t5_max: 360
	F7_('SW31', 'SW21')_t3_min: 1042
	F4_('CM2CA', 'SW42')_t4_min: 1
