0. Flow F0 [SM1CA-->FCM2] with period 128000, payload 1042B, e2e delay 128000us, jitter 12800us
	('SM1CA', 'SW51'), Operation(36800, None, 36884)(36800, 36800)
	('SW51', 'SW8'), Operation(36886, None, 37099)(36886, 37015)
	('SW8', 'SW32'), Operation(36972, 37106, 37190)(37106, 37106)
	('SW32', 'FCM2'), Operation(37192, None, 37405)(37192, 37321)
1. Flow F1 [DU5-->SM1CB] with period 8000, payload 904B, e2e delay 8000us, jitter 800us
	('DU5', 'SW14'), Operation(5589, None, 5662)(5589, 5589)
	('SW14', 'SW21'), Operation(5664, 5669, 5742)(5669, 5669)
	('SW21', 'SW31'), Operation(5744, 5874, 5947)(5874, 5874)
	('SW31', 'SW41'), Operation(5949, 6077, 6150)(6077, 6077)
	('SW41', 'SW51'), Operation(6152, 6280, 6353)(6280, 6280)
	('SW51', 'SM1CB'), Operation(6355, None, 6557)(6355, 6484)
2. Flow F2 [CM2CA-->StarTr1] with period 32000, payload 1431B, e2e delay 32000us, jitter 3200us
	('CM2CA', 'SW42'), Operation(1, None, 116)(1, 1)
	('SW42', 'SW32'), Operation(118, None, 362)(118, 247)
	('SW32', 'SW22'), Operation(235, None, 608)(235, 493)
	('SW22', 'SW13'), Operation(352, None, 854)(352, 739)
	('SW13', 'StarTr1'), Operation(469, None, 1100)(469, 985)
3. Flow F3 [StarTr1-->SMRIU2] with period 2000, payload 733B, e2e delay 2000us, jitter 200us
	('StarTr1', 'SW13'), Operation(1530, None, 1589)(1530, 1530)
	('SW13', 'SW21'), Operation(1591, 1596, 1655)(1596, 1596)
	('SW21', 'SW31'), Operation(1657, 1684, 1743)(1684, 1684)
	('SW31', 'SW6'), Operation(1745, None, 1933)(1745, 1874)
	('SW6', 'SMRIU2'), Operation(1806, 1940, 1999)(1940, 1940)
4. Flow F4 [SBAND1-->LCM2] with period 8000, payload 1172B, e2e delay 8000us, jitter 800us
	('SBAND1', 'SW12'), Operation(579, None, 673)(579, 579)
	('SW12', 'SW22'), Operation(675, None, 898)(675, 804)
	('SW22', 'SW32'), Operation(771, None, 1123)(771, 1029)
	('SW32', 'LCM2'), Operation(867, None, 1348)(867, 1254)
5. Flow F5 [LCM1-->CM1CA] with period 8000, payload 1436B, e2e delay 8000us, jitter 800us
	('LCM1', 'SW31'), Operation(1, None, 116)(1, 1)
	('SW31', 'SW41'), Operation(118, None, 362)(118, 247)
	('SW41', 'CM1CA'), Operation(235, None, 608)(235, 493)
6. Flow F6 [SM1CA-->SBAND2] with period 32000, payload 580B, e2e delay 32000us, jitter 3200us
	('SM1CA', 'SW51'), Operation(12562, None, 12609)(12562, 12562)
	('SW51', 'SW41'), Operation(12611, None, 12787)(12611, 12740)
	('SW41', 'SW31'), Operation(12660, None, 12965)(12660, 12918)
	('SW31', 'SW21'), Operation(12709, None, 13143)(12709, 13096)
	('SW21', 'SW12'), Operation(12758, None, 13321)(12758, 13274)
	('SW12', 'SBAND2'), Operation(12807, None, 13499)(12807, 13452)
7. Flow F7 [MIMU1-->FCM2] with period 2000, payload 201B, e2e delay 2000us, jitter 200us
	('MIMU1', 'SW13'), Operation(1349, None, 1366)(1349, 1349)
	('SW13', 'SW22'), Operation(1368, None, 1514)(1368, 1497)
	('SW22', 'SW32'), Operation(1387, None, 1662)(1387, 1645)
	('SW32', 'FCM2'), Operation(1406, 1669, 1686)(1669, 1669)
8. Flow F8 [DU5-->DU1] with period 8000, payload 838B, e2e delay 8000us, jitter 800us
	('DU5', 'SW14'), Operation(5673, None, 5741)(5673, 5673)
	('SW14', 'SW21'), Operation(5743, 5748, 5816)(5748, 5748)
	('SW21', 'SW11'), Operation(5818, 5823, 5891)(5823, 5823)
	('SW11', 'DU1'), Operation(5893, None, 6090)(5893, 6022)
9. Flow F9 [SM1CB-->LCM2] with period 4000, payload 1468B, e2e delay 4000us, jitter 400us
	('SM1CB', 'SW51'), Operation(1, None, 119)(1, 1)
	('SW51', 'SW8'), Operation(121, None, 368)(121, 250)
	('SW8', 'SW32'), Operation(241, None, 617)(241, 499)
	('SW32', 'LCM2'), Operation(361, None, 866)(361, 748)
10. Flow F10 [StarTr1-->FCM2] with period 64000, payload 376B, e2e delay 64000us, jitter 6400us
	('StarTr1', 'SW13'), Operation(63498, None, 63529)(63498, 63498)
	('SW13', 'SW22'), Operation(63531, 63659, 63690)(63659, 63659)
	('SW22', 'SW32'), Operation(63692, 63697, 63728)(63697, 63697)
	('SW32', 'FCM2'), Operation(63730, None, 63890)(63730, 63859)
11. Flow F11 [DU4-->BFCU] with period 2000, payload 971B, e2e delay 2000us, jitter 200us
	('DU4', 'SW14'), Operation(247, None, 325)(247, 247)
	('SW14', 'SW22'), Operation(327, None, 534)(327, 456)
	('SW22', 'BFCU'), Operation(407, 541, 619)(541, 541)
12. Flow F12 [SM1CA-->RCM2] with period 8000, payload 651B, e2e delay 8000us, jitter 800us
	('SM1CA', 'SW51'), Operation(4508, None, 4561)(4508, 4508)
	('SW51', 'SW8'), Operation(4563, None, 4745)(4563, 4692)
	('SW8', 'SW32'), Operation(4618, None, 4929)(4618, 4876)
	('SW32', 'RCM2'), Operation(4673, None, 5113)(4673, 5060)
13. Flow F13 [LCM2-->BFCU] with period 4000, payload 101B, e2e delay 4000us, jitter 400us
	('LCM2', 'SW32'), Operation(598, None, 607)(598, 598)
	('SW32', 'SW22'), Operation(609, None, 747)(609, 738)
	('SW22', 'BFCU'), Operation(620, None, 887)(620, 878)
14. Flow F14 [SM1CA-->DU5] with period 16000, payload 1452B, e2e delay 16000us, jitter 1600us
	('SM1CA', 'SW51'), Operation(12669, None, 12786)(12669, 12669)
	('SW51', 'SW41'), Operation(12788, 12906, 13023)(12906, 12906)
	('SW41', 'SW31'), Operation(13025, None, 13271)(13025, 13154)
	('SW31', 'SW21'), Operation(13144, None, 13519)(13144, 13402)
	('SW21', 'SW14'), Operation(13263, None, 13767)(13263, 13650)
	('SW14', 'DU5'), Operation(13382, None, 14015)(13382, 13898)
15. Flow F15 [SBAND1-->BFCU] with period 32000, payload 807B, e2e delay 32000us, jitter 3200us
	('SBAND1', 'SW12'), Operation(28626, None, 28691)(28626, 28626)
	('SW12', 'SW22'), Operation(28693, 28821, 28886)(28821, 28821)
	('SW22', 'BFCU'), Operation(28888, None, 29082)(28888, 29017)
16. Flow F16 [BFCU-->SMRIU1] with period 16000, payload 278B, e2e delay 16000us, jitter 1600us
	('BFCU', 'SW22'), Operation(15638, None, 15661)(15638, 15638)
	('SW22', 'SW32'), Operation(15663, 15668, 15691)(15668, 15668)
	('SW32', 'SW6'), Operation(15693, None, 15845)(15693, 15822)
	('SW6', 'SMRIU1'), Operation(15718, None, 15999)(15718, 15976)
17. Flow F17 [LCM2-->CMRIU1] with period 32000, payload 862B, e2e delay 32000us, jitter 3200us
	('LCM2', 'SW32'), Operation(1, None, 70)(1, 1)
	('SW32', 'SW7'), Operation(72, 77, 146)(77, 77)
	('SW7', 'SW21'), Operation(148, 153, 222)(153, 153)
	('SW21', 'CMRIU1'), Operation(224, None, 422)(224, 353)
18. Flow F18 [CMRIU2-->DU4] with period 8000, payload 1124B, e2e delay 8000us, jitter 800us
	('CMRIU2', 'SW22'), Operation(1, None, 91)(1, 1)
	('SW22', 'SW14'), Operation(93, None, 312)(93, 222)
	('SW14', 'DU4'), Operation(185, None, 533)(185, 443)
19. Flow F19 [RCM1-->CMRIU2] with period 16000, payload 503B, e2e delay 16000us, jitter 1600us
	('RCM1', 'SW31'), Operation(1, None, 42)(1, 1)
	('SW31', 'SW7'), Operation(44, None, 214)(44, 173)
	('SW7', 'SW22'), Operation(87, None, 386)(87, 345)
	('SW22', 'CMRIU2'), Operation(130, None, 558)(130, 517)

SMT variables: 
	F0_('SW8', 'SW32')_gc: True
	F12_('SM1CA', 'SW51')_t3_max: 4384
	F5_('LCM1', 'SW31')_gc: False
	('SW32', 'SW22')_gcl_length: 0
	F3_('SW21', 'SW31')_rr: 4
	F3_('StarTr1', 'SW13')_gc: False
	F3_('SW21', 'SW31')_t4_max: 1684
	F9_('SW32', 'LCM2')_rr: 0
	F4_('SW22', 'SW32')_t4_max: 1029
	F14_('SW51', 'SW41')_t5_min: 13023
	F14_('SW21', 'SW14')_rr: 0
	F7_queue_index: 0
	F12_('SM1CA', 'SW51')_t5_min: 4561
	F10_('SW32', 'FCM2')_rr: 0
	F16_('SW6', 'SMRIU1')_rr: 0
	F6_('SW21', 'SW12')_gc: False
	F13_('SW22', 'BFCU')_t4_min: 620
	F17_('SW7', 'SW21')_gc: True
	F10_('SW13', 'SW22')_rr: 1
	('SW51', 'SM1CB')_gcl_cycle: 1
	F15_('SBAND1', 'SW12')_gc: False
	F0_('SM1CA', 'SW51')_t5_max: 36884
	('SM1CB', 'SW51')_gcl_cycle: 1
	F18_('CMRIU2', 'SW22')_t3_max: -123
	F4_('SW32', 'LCM2')_t5_min: 961
	F6_('SW31', 'SW21')_t4_min: 12709
	('SW13', 'SW21')_gcl_length: 2
	F14_('SW31', 'SW21')_rr: 0
	F19_('SW31', 'SW7')_t3_max: 49
	F7_('SW13', 'SW22')_t4_max: 1497
	F17_('SW7', 'SW21')_rr: 1
	F0_('SW32', 'FCM2')_t4_min: 37192
	('SW51', 'SW41')_gcl_cycle: 16000
	F10_('SW22', 'SW32')_gc: True
	F18_('SW22', 'SW14')_t3_max: 98
	F19_('SW22', 'CMRIU2')_tb: 130
	F1_('SW31', 'SW41')_gc: True
	F8_('SW11', 'DU1')_gc: False
	F5_queue_index: 0
	F1_('DU5', 'SW14')_t3_max: 5465
	F12_('SW51', 'SW8')_t3_min: 4563
	('DU4', 'SW14')_gcl_cycle: 1
	('SW32', 'SW7')_gcl_cycle: 32000
	F1_('SW41', 'SW51')_gc: True
	F10_('StarTr1', 'SW13')_gc: False
	F12_('SW32', 'RCM2')_gc: False
	F1_('DU5', 'SW14')_gc: False
	F15_('SW12', 'SW22')_gc: True
	F16_('SW6', 'SMRIU1')_t4_min: 15718
	F19_('SW7', 'SW22')_rr: 0
	F15_('SBAND1', 'SW12')_rr: 0
	F6_('SW41', 'SW31')_gc: False
	F15_('SW22', 'BFCU')_gc: False
	F8_('SW21', 'SW11')_t4_min: 5823
	F18_('SW22', 'SW14')_t4_max: 222
	F13_jitter: 258
	F1_jitter: 129
	F15_('SW12', 'SW22')_t4_max: 28821
	F5_('SW31', 'SW41')_t3_max: 123
	F14_('SW41', 'SW31')_t5_max: 13271
	F6_('SW31', 'SW21')_gc: False
	F6_('SW31', 'SW21')_t4_max: 13096
	F7_('SW13', 'SW22')_t3_max: 1373
	F15_jitter: 129
	F14_('SW14', 'DU5')_t5_min: 13499
	F5_('SW41', 'CM1CA')_t3_max: 369
	('SW32', 'LCM2')_gcl_cycle: 1
	F8_('SW14', 'SW21')_t4_min: 5748
	F0_('SW51', 'SW8')_gc: False
	F6_('SW51', 'SW41')_t3_max: 12616
	F1_('SW14', 'SW21')_gc: True
	F6_queue_index: 0
	F9_('SW8', 'SW32')_gc: False
	F11_('SW22', 'BFCU')_t4_min: 541
	F7_('SW13', 'SW22')_t4_min: 1368
	F4_('SW12', 'SW22')_gc: False
	F19_('SW22', 'CMRIU2')_rr: 0
	('SW31', 'SW6')_gcl_length: 0
	F9_('SM1CB', 'SW51')_rr: 0
	F14_('SW14', 'DU5')_t4_min: 13382
	F19_('SW22', 'CMRIU2')_gc: False
	F16_('SW32', 'SW6')_t4_min: 15693
	F10_('SW32', 'FCM2')_t4_min: 63730
	F8_('SW14', 'SW21')_t4_max: 5748
	('SW31', 'SW21')_gcl_length: 0
	F12_('SW51', 'SW8')_t4_min: 4563
	F17_('SW7', 'SW21')_t4_min: 153
	F8_('DU5', 'SW14')_rr: 0
	F8_('DU5', 'SW14')_gc: False
	F17_('LCM2', 'SW32')_rr: 0
	('SW31', 'SW41')_gcl_cycle: 8000
	F7_('SW22', 'SW32')_t3_max: 1521
	F3_('SW6', 'SMRIU2')_gc: True
	('SW32', 'RCM2')_gcl_cycle: 1
	F13_('SW32', 'SW22')_rr: 0
	F19_('SW22', 'CMRIU2')_t3_max: 393
	F1_('SW21', 'SW31')_t3_min: 5744
	F17_('SW21', 'CMRIU1')_rr: 0
	F15_('SW12', 'SW22')_t4_min: 28821
	F6_('SM1CA', 'SW51')_rr: 0
	F14_('SW51', 'SW41')_gc: True
	F12_('SW51', 'SW8')_t3_max: 4568
	('SW13', 'SW21')_gcl_cycle: 2000
	F14_('SW14', 'DU5')_gc: False
	F1_('SW14', 'SW21')_t3_max: 5669
	F4_('SW32', 'LCM2')_t4_min: 867
	F18_('SW22', 'SW14')_t4_min: 93
	F7_('SW13', 'SW22')_gc: False
	F5_('SW31', 'SW41')_gc: False
	F16_('SW22', 'SW32')_t3_min: 15663
	F18_('SW22', 'SW14')_rr: 0
	F19_('SW22', 'CMRIU2')_t4_min: 130
	F4_('SW22', 'SW32')_rr: 0
	F1_('SW21', 'SW31')_gc: True
	F15_('SW22', 'BFCU')_t4_max: 29017
	F0_('SM1CA', 'SW51')_gc: False
	F0_('SW32', 'FCM2')_t5_min: 37276
	F4_('SBAND1', 'SW12')_gc: False
	F17_('LCM2', 'SW32')_t5_min: 70
	F17_('LCM2', 'SW32')_t3_max: -123
	F1_('SW51', 'SM1CB')_gc: False
	F2_('SW22', 'SW13')_t4_min: 352
	F11_('DU4', 'SW14')_rr: 0
	('SW22', 'SW14')_gcl_cycle: 1
	('SW32', 'RCM2')_gcl_length: 0
	F18_('SW14', 'DU4')_gc: False
	F5_('LCM1', 'SW31')_rr: 0
	F11_('SW22', 'BFCU')_rr: 1
	F1_('SW14', 'SW21')_t4_max: 5669
	F1_('SW31', 'SW41')_t5_max: 6150
	F19_('SW7', 'SW22')_gc: False
	F17_('LCM2', 'SW32')_gc: False
	('SW22', 'SW13')_gcl_cycle: 1
	F13_('SW22', 'BFCU')_rr: 0
	F9_('SW8', 'SW32')_rr: 0
	F0_('SM1CA', 'SW51')_t5_min: 36884
	F19_('RCM1', 'SW31')_rr: 0
	('SW8', 'SW32')_gcl_cycle: 128000
	('SW14', 'DU4')_gcl_cycle: 1
	F6_('SM1CA', 'SW51')_t3_max: 12438
	F10_('SW13', 'SW22')_t4_max: 63659
	F2_('SW22', 'SW13')_rr: 0
	F3_('SW31', 'SW6')_gc: False
	('SBAND1', 'SW12')_gcl_cycle: 1
	F10_('StarTr1', 'SW13')_rr: 0
	F6_('SW21', 'SW12')_t4_min: 12758
	F0_('SW8', 'SW32')_t4_min: 37106
	F5_('SW41', 'CM1CA')_t4_min: 235
	F8_jitter: 129
	F12_('SM1CA', 'SW51')_gc: False
	F5_('SW31', 'SW41')_t3_min: 118
	('SW31', 'SW41')_gcl_length: 2
	('LCM2', 'SW32')_gcl_cycle: 1
	F18_('SW14', 'DU4')_t4_min: 185
	F14_('SW31', 'SW21')_t4_min: 13144
	F8_('SW14', 'SW21')_rr: 1
	('SW21', 'CMRIU1')_gcl_cycle: 1
	F7_('SW32', 'FCM2')_t4_min: 1669
	('RCM1', 'SW31')_gcl_cycle: 1
	F11_('SW14', 'SW22')_t4_min: 327
	F18_jitter: 258
	F12_('SW8', 'SW32')_gc: False
	F3_('SW13', 'SW21')_t4_min: 1596
	('SW7', 'SW21')_gcl_cycle: 32000
	F16_('SW32', 'SW6')_t4_max: 15822
	F19_('RCM1', 'SW31')_t3_max: -123
	F13_('SW32', 'SW22')_t3_max: 614
	F9_('SM1CB', 'SW51')_t5_max: 119
	F16_('SW22', 'SW32')_rr: 4
	F7_('SW32', 'FCM2')_rr: 1
	F18_('CMRIU2', 'SW22')_rr: 0
	F7_('MIMU1', 'SW13')_gc: False
	F7_('SW13', 'SW22')_tb: 1368
	F2_('SW42', 'SW32')_t3_max: 123
	F6_('SW12', 'SBAND2')_rr: 0
	F16_('BFCU', 'SW22')_t3_max: 15514
	F1_('SW51', 'SM1CB')_t4_min: 6355
	F1_('SW14', 'SW21')_t4_min: 5669
	F1_('SW41', 'SW51')_t4_max: 6280
	F9_('SW8', 'SW32')_t4_min: 241
	F2_('SW13', 'StarTr1')_t4_min: 469
	F6_('SW51', 'SW41')_rr: 0
	('SW12', 'SBAND2')_gcl_cycle: 1
	F14_('SW51', 'SW41')_rr: 1
	F8_('SW21', 'SW11')_gc: True
	('SW32', 'SW6')_gcl_length: 0
	F14_('SW31', 'SW21')_t3_min: 13144
	('SW42', 'SW32')_gcl_cycle: 1
	('SW21', 'SW14')_gcl_cycle: 1
	F14_('SW51', 'SW41')_t4_min: 12906
	F6_('SM1CA', 'SW51')_t5_min: 12609
	F11_queue_index: 0
	F2_('CM2CA', 'SW42')_gc: False
	F9_('SW51', 'SW8')_gc: False
	F5_jitter: 258
	F14_('SW41', 'SW31')_t4_min: 13025
	F14_('SW31', 'SW21')_tb: 13144
	F12_('SW51', 'SW8')_t4_max: 4692
	F1_('DU5', 'SW14')_t3_min: 5589
	F8_('SW14', 'SW21')_gc: True
	F19_queue_index: 0
	F6_('SW41', 'SW31')_t4_min: 12660
	F2_('CM2CA', 'SW42')_rr: 0
	F1_('SW41', 'SW51')_t4_min: 6280
	F15_queue_index: 0
	('SW22', 'CMRIU2')_gcl_cycle: 1
	F4_('SW12', 'SW22')_rr: 0
	F19_('SW31', 'SW7')_gc: False
	F3_('SW31', 'SW6')_t4_max: 1874
	F15_('SW22', 'BFCU')_t4_min: 28888
	F1_('SW41', 'SW51')_rr: 1
	F15_('SW12', 'SW22')_tb: 28821
	F10_('SW22', 'SW32')_rr: 1
	F0_('SW32', 'FCM2')_gc: False
	F12_queue_index: 0
	F4_jitter: 387
	F12_('SW32', 'RCM2')_rr: 0
	F8_('SW14', 'SW21')_t5_min: 5816
	F1_('SW31', 'SW41')_t4_max: 6077
	F3_('SW13', 'SW21')_gc: True
	F19_('SW31', 'SW7')_t4_min: 44
	F17_('SW32', 'SW7')_t3_max: 77
	F1_('SW21', 'SW31')_rr: 1
	F13_('LCM2', 'SW32')_rr: 0
	('CMRIU2', 'SW22')_gcl_cycle: 1
	F10_jitter: 129
	F9_('SW51', 'SW8')_t3_max: 126
	F14_queue_index: 0
	F2_('SW13', 'StarTr1')_rr: 0
	F4_('SBAND1', 'SW12')_t3_max: 455
	F16_('SW22', 'SW32')_t3_max: 15668
	F1_('SW21', 'SW31')_t4_max: 5874
	F7_('MIMU1', 'SW13')_t3_min: 1349
	F18_('CMRIU2', 'SW22')_gc: False
	F12_('SW32', 'RCM2')_t4_min: 4673
	F3_('SW6', 'SMRIU2')_rr: 1
	('SW12', 'SW22')_gcl_cycle: 32000
	F8_('SW11', 'DU1')_rr: 0
	F0_jitter: 129
	F14_('SW51', 'SW41')_t4_max: 12906
	F3_('SW31', 'SW6')_rr: 0
	F12_('SW8', 'SW32')_rr: 0
	('SW14', 'DU5')_gcl_cycle: 1
	F9_('SW32', 'LCM2')_gc: False
	F5_('SW31', 'SW41')_rr: 0
	F5_('SW41', 'CM1CA')_gc: False
	F12_('SW51', 'SW8')_rr: 0
	F2_('SW13', 'StarTr1')_t4_max: 985
	F17_('SW32', 'SW7')_rr: 1
	F10_('SW13', 'SW22')_gc: True
	F6_('SW51', 'SW41')_gc: False
	F3_('StarTr1', 'SW13')_t3_max: 1406
	('LCM1', 'SW31')_gcl_cycle: 1
	F6_('SW31', 'SW21')_t5_min: 12756
	F0_('SW51', 'SW8')_rr: 0
	F6_('SW21', 'SW12')_t4_max: 13274
	F10_('SW13', 'SW22')_t3_max: 63536
	('SW41', 'SW31')_gcl_cycle: 1
	F6_jitter: 645
	F6_('SW31', 'SW21')_rr: 0
	F18_queue_index: 0
	F10_('SW22', 'SW32')_t4_max: 63697
	F9_jitter: 387
	F8_('SW21', 'SW11')_rr: 1
	F11_('SW22', 'BFCU')_gc: True
	F3_queue_index: 0
	F13_('LCM2', 'SW32')_t5_max: 607
	F13_('LCM2', 'SW32')_gc: False
	F16_('SW32', 'SW6')_rr: 0
	F10_('SW32', 'FCM2')_gc: False
	F17_('SW7', 'SW21')_t4_max: 153
	F14_('SW21', 'SW14')_t4_min: 13263
	F7_('SW22', 'SW32')_rr: 0
	F0_queue_index: 0
	F14_('SW41', 'SW31')_t5_min: 13142
	F6_('SW41', 'SW31')_t4_max: 12918
	F16_queue_index: 0
	('SW31', 'SW7')_gcl_cycle: 1
	F16_('SW6', 'SMRIU1')_gc: False
	F1_('SW21', 'SW31')_tb: 5874
	F13_('LCM2', 'SW32')_t3_min: 598
	F14_('SW41', 'SW31')_t4_max: 13154
	F13_('SW32', 'SW22')_t3_min: 609
	F13_('LCM2', 'SW32')_t5_min: 607
	F3_('SW21', 'SW31')_t4_min: 1684
	F1_('SW31', 'SW41')_t4_min: 6077
	F7_('SW13', 'SW22')_t5_min: 1385
	F13_('SW32', 'SW22')_gc: False
	('SW6', 'SMRIU2')_gcl_cycle: 2000
	F14_('SW51', 'SW41')_t3_max: 12793
	F3_('SW21', 'SW31')_gc: True
	F6_('SW12', 'SBAND2')_gc: False
	F1_('SW21', 'SW31')_t4_min: 5874
	F14_('SM1CA', 'SW51')_tb: 12669
	('SW21', 'SW11')_gcl_cycle: 8000
	F11_('DU4', 'SW14')_t3_max: 123
	F9_('SW51', 'SW8')_rr: 0
	F0_('SW51', 'SW8')_t4_min: 36886
	F14_('SW31', 'SW21')_t4_max: 13402
	F14_('SW31', 'SW21')_gc: False
	F7_('SW22', 'SW32')_t4_min: 1387
	F1_('SW31', 'SW41')_rr: 1
	('SW32', 'SW6')_gcl_cycle: 1
	F2_('SW13', 'StarTr1')_gc: False
	('SW32', 'FCM2')_gcl_cycle: 2000
	F4_('SW22', 'SW32')_gc: False
	F4_('SW32', 'LCM2')_gc: False
	F2_('SW32', 'SW22')_t4_min: 235
	F7_jitter: 0
	F2_('SW32', 'SW22')_gc: False
	F13_('SW32', 'SW22')_t4_min: 609
	F2_queue_index: 0
	('SW51', 'SW8')_gcl_cycle: 1
	F6_('SM1CA', 'SW51')_gc: False
	F13_queue_index: 0
	F10_('StarTr1', 'SW13')_t3_max: 63374
	F18_('CMRIU2', 'SW22')_t3_min: 1
	F16_('SW22', 'SW32')_t4_min: 15668
	('SW22', 'BFCU')_gcl_length: 2
	F2_('CM2CA', 'SW42')_t3_max: -123
	F2_('SW42', 'SW32')_t4_min: 118
	F7_('SW32', 'FCM2')_gc: True
	F0_('SW51', 'SW8')_t5_min: 36970
	F18_('SW14', 'DU4')_rr: 0
	F14_('SW41', 'SW31')_gc: False
	F16_('SW22', 'SW32')_tb: 15668
	F15_('SW12', 'SW22')_t3_max: 28698
	F9_('SW51', 'SW8')_t4_min: 121
	F9_('SM1CB', 'SW51')_t3_min: 1
	('DU5', 'SW14')_gcl_cycle: 1
	F11_jitter: 0
	F5_('LCM1', 'SW31')_tb: 1
	F2_('SW42', 'SW32')_rr: 0
	F6_('SW51', 'SW41')_t4_min: 12611
	F2_('SW22', 'SW13')_gc: False
	F18_('SW22', 'SW14')_gc: False
	F8_('SW11', 'DU1')_t4_min: 5893
	F1_('DU5', 'SW14')_rr: 0
	F1_('SW14', 'SW21')_rr: 1
	F19_('SW7', 'SW22')_t4_max: 345
	F2_('SW32', 'SW22')_rr: 0
	F14_('SM1CA', 'SW51')_rr: 0
	('SW21', 'SW31')_gcl_cycle: 8000
	F11_('SW14', 'SW22')_tb: 327
	F17_('SW32', 'SW7')_t4_min: 77
	('SW7', 'SW22')_gcl_cycle: 1
	F9_('SM1CB', 'SW51')_gc: False
	F4_('SBAND1', 'SW12')_rr: 0
	F10_('SW22', 'SW32')_t4_min: 63697
	F5_('LCM1', 'SW31')_t3_max: -123
	('SW41', 'SW51')_gcl_cycle: 8000
	F14_('SW21', 'SW14')_gc: False
	F2_('SW32', 'SW22')_t4_max: 493
	F4_queue_index: 0
	F17_('SW32', 'SW7')_gc: True
	F6_('SW41', 'SW31')_rr: 0
	F17_('SW32', 'SW7')_t4_max: 77
	F15_('SW22', 'BFCU')_rr: 0
	F3_('SW31', 'SW6')_t4_min: 1745
	('SW12', 'SBAND2')_gcl_length: 0
	F0_('SW8', 'SW32')_rr: 1
	F11_('DU4', 'SW14')_t4_max: 247
	F7_('SW22', 'SW32')_gc: False
	F4_('SW22', 'SW32')_t4_min: 771
	F14_jitter: 516
	F7_('MIMU1', 'SW13')_t3_max: 1225
	('SW13', 'SW22')_gcl_cycle: 64000
	F7_('MIMU1', 'SW13')_rr: 0
	F3_('SW6', 'SMRIU2')_t4_min: 1940
	F9_('SW8', 'SW32')_t5_max: 617
	F14_('SW21', 'SW14')_t4_max: 13650
	F10_queue_index: 0
	F6_('SW21', 'SW12')_rr: 0
	F16_('SW22', 'SW32')_gc: True
	F5_('SW31', 'SW41')_t4_min: 118
	F3_('StarTr1', 'SW13')_t5_max: 1589
	F0_('SW8', 'SW32')_t4_max: 37106
	F6_('SW21', 'SW12')_t3_min: 12758
	F3_('StarTr1', 'SW13')_rr: 0
	F4_('SW32', 'LCM2')_rr: 0
	('SW21', 'SW12')_gcl_cycle: 1
	F3_('SW13', 'SW21')_rr: 1
	F7_('SW13', 'SW22')_rr: 0
	F4_('SW12', 'SW22')_t4_max: 804
	F14_('SM1CA', 'SW51')_t3_max: 12545
	('SW11', 'DU1')_gcl_cycle: 1
	F0_('SM1CA', 'SW51')_t3_max: 36676
	('SW14', 'SW21')_gcl_cycle: 8000
	F3_jitter: 0
	('CM2CA', 'SW42')_gcl_cycle: 1
	F8_('SW14', 'SW21')_t3_max: 5748
	F17_jitter: 129
	F11_('SW14', 'SW22')_t4_max: 456
	F17_('SW21', 'CMRIU1')_t4_min: 224
	F11_('SW14', 'SW22')_t3_max: 332
	F15_('SW12', 'SW22')_rr: 1
	('SW13', 'StarTr1')_gcl_cycle: 1
	F9_queue_index: 0
	F13_('SW32', 'SW22')_t4_max: 738
	F12_('SM1CA', 'SW51')_t3_min: 4508
	F15_('SBAND1', 'SW12')_t3_max: 28502
	F12_jitter: 387
	F16_('SW22', 'SW32')_t4_max: 15668
	F12_('SW8', 'SW32')_t4_max: 4876
	F8_('DU5', 'SW14')_t3_max: 5549
	F16_('BFCU', 'SW22')_gc: False
	('SW14', 'SW22')_gcl_cycle: 1
	F0_('SW51', 'SW8')_t4_max: 37015
	F17_queue_index: 0
	F8_queue_index: 0
	F16_('SW32', 'SW6')_gc: False
	F6_('SW12', 'SBAND2')_t4_min: 12807
	F2_('SW42', 'SW32')_gc: False
	F19_('SW31', 'SW7')_rr: 0
	F5_('SW31', 'SW41')_t4_max: 247
	F13_('SW22', 'BFCU')_gc: False
	F19_('RCM1', 'SW31')_gc: False
	F3_('SW13', 'SW21')_t4_max: 1596
	F16_('BFCU', 'SW22')_rr: 0
	('SW31', 'SW21')_gcl_cycle: 1
	F14_('SW14', 'DU5')_rr: 0
	F13_('SW32', 'SW22')_t5_max: 747
	F14_('SW41', 'SW31')_rr: 0
	F0_('SW32', 'FCM2')_rr: 0
	F8_('SW21', 'SW11')_t4_max: 5823
	F11_('SW14', 'SW22')_gc: False
	F1_queue_index: 0
	F4_('SW12', 'SW22')_t4_min: 675
	('SM1CB', 'SW51')_gcl_length: 0
	F15_('SW12', 'SW22')_t5_min: 28886
	F4_('SW12', 'SW22')_t3_max: 680
	F19_jitter: 387
	F5_('SW41', 'CM1CA')_rr: 0
	F2_jitter: 516
	('MIMU1', 'SW13')_gcl_cycle: 1
	('SW6', 'SMRIU1')_gcl_cycle: 1
	F19_('SW7', 'SW22')_t4_min: 87
	('SW41', 'CM1CA')_gcl_cycle: 1
	F1_('SW51', 'SM1CB')_rr: 0
	('SW22', 'BFCU')_gcl_cycle: 2000
	F0_('SW51', 'SW8')_t3_max: 36891
	F2_('SW22', 'SW13')_t4_max: 739
	F16_jitter: 258
	F0_('SM1CA', 'SW51')_rr: 0
	F14_('SM1CA', 'SW51')_gc: False
	F3_('SW13', 'SW21')_t3_max: 1596
	F12_('SM1CA', 'SW51')_rr: 0
	F12_('SM1CA', 'SW51')_tb: 4508
	F17_('SW21', 'CMRIU1')_gc: False
	F2_('SW42', 'SW32')_t4_max: 247
	F6_('SW51', 'SW41')_t4_max: 12740
	F7_('SW22', 'SW32')_t4_max: 1645
	F19_('SW31', 'SW7')_t4_max: 173
	F13_('LCM2', 'SW32')_t3_max: 474
	('SW31', 'SW6')_gcl_cycle: 1
	F17_('SW21', 'CMRIU1')_t5_max: 422
	F10_('SW13', 'SW22')_t4_min: 63659
	F11_('SW14', 'SW22')_rr: 0
	('BFCU', 'SW22')_gcl_cycle: 1
	F12_('SW8', 'SW32')_t4_min: 4618
	F11_('DU4', 'SW14')_gc: False
	('SW32', 'SW22')_gcl_cycle: 1
	('StarTr1', 'SW13')_gcl_cycle: 1
	F9_('SW8', 'SW32')_t4_max: 499
	('SW22', 'SW32')_gcl_cycle: 64000
	F9_('SW32', 'LCM2')_t4_min: 361
	F9_('SW51', 'SW8')_t4_max: 250
	F9_('SM1CB', 'SW51')_t3_max: -123
	F12_('SW51', 'SW8')_gc: False
	('SM1CA', 'SW51')_gcl_cycle: 1
	F14_('SW51', 'SW41')_t3_min: 12788
	('SW14', 'DU5')_gcl_length: 0
	F0_('SM1CA', 'SW51')_t4_min: 36800
	F13_('SW22', 'BFCU')_t5_max: 887
	F2_('SW32', 'SW22')_t3_min: 235
	F6_('SW41', 'SW31')_tb: 12660
	F10_('SW13', 'SW22')_t5_min: 63690
	F5_('SW41', 'CM1CA')_t3_min: 235
	F18_('SW14', 'DU4')_t4_max: 443
	F7_('SW13', 'SW22')_t5_max: 1514
	F9_('SW32', 'LCM2')_t5_max: 866
	F13_('SW22', 'BFCU')_tb: 620
	F12_('SW8', 'SW32')_t3_max: 4752
	F16_('SW6', 'SMRIU1')_t5_min: 15741
	F0_('SM1CA', 'SW51')_t4_max: 36800
	F3_('SW31', 'SW6')_t5_max: 1933
	F10_('StarTr1', 'SW13')_t4_min: 63498
	F12_('SW32', 'RCM2')_t5_min: 4726
	F19_('SW22', 'CMRIU2')_t4_max: 517
	F14_('SM1CA', 'SW51')_t3_min: 12669
	F5_('SW31', 'SW41')_t5_min: 233
	F18_('SW22', 'SW14')_t3_min: 93
	F14_('SW21', 'SW14')_t3_max: 13526
	F14_('SW31', 'SW21')_t5_max: 13519
	F4_('SW32', 'LCM2')_t4_max: 1254
	F17_('SW7', 'SW21')_t5_max: 222
	F13_('SW22', 'BFCU')_t4_max: 878
	('SW11', 'DU1')_gcl_length: 0
	F1_('SW51', 'SM1CB')_tb: 6355
	F16_('BFCU', 'SW22')_t3_min: 15638
	F16_('SW22', 'SW32')_t5_min: 15691
	F17_('SW32', 'SW7')_t5_max: 146
	F0_('SW8', 'SW32')_t5_min: 37190
	F2_('CM2CA', 'SW42')_t4_min: 1
	F14_('SW14', 'DU5')_t5_max: 14015
	F15_('SBAND1', 'SW12')_t3_min: 28626
	F5_('LCM1', 'SW31')_t4_min: 1
	('SW31', 'SW7')_gcl_length: 0
	F11_('DU4', 'SW14')_t3_min: 247
	F3_('SW6', 'SMRIU2')_t3_max: 1940
	F17_('SW7', 'SW21')_t3_max: 153
	F17_('SW21', 'CMRIU1')_t3_min: 224
	F2_('CM2CA', 'SW42')_tb: 1
	F12_('SW32', 'RCM2')_tb: 4673
	F9_('SW32', 'LCM2')_tb: 361
	F14_('SW41', 'SW31')_t3_max: 13030
	F13_('SW22', 'BFCU')_t5_min: 629
	F1_('SW41', 'SW51')_t3_max: 6157
	F11_('SW22', 'BFCU')_t3_min: 407
	F10_('StarTr1', 'SW13')_t5_min: 63529
	F1_('SW31', 'SW41')_t5_min: 6150
	F2_('SW42', 'SW32')_t3_min: 118
	F1_('SW41', 'SW51')_t5_min: 6353
	F6_('SW21', 'SW12')_tb: 12758
	F2_('SW42', 'SW32')_t5_min: 233
	F16_('SW32', 'SW6')_t5_max: 15845
	F18_('CMRIU2', 'SW22')_tb: 1
	('SW14', 'SW22')_gcl_length: 0
	F10_('SW22', 'SW32')_t3_max: 63697
	F1_('SW14', 'SW21')_t3_min: 5664
	F3_('StarTr1', 'SW13')_t4_max: 1530
	F8_('SW21', 'SW11')_t3_max: 5823
	F17_('SW21', 'CMRIU1')_tb: 224
	F9_('SW8', 'SW32')_t5_min: 359
	F19_('SW31', 'SW7')_t5_min: 85
	F10_('SW22', 'SW32')_tb: 63697
	F14_('SW21', 'SW14')_t3_min: 13263
	F19_('SW31', 'SW7')_tb: 44
	F4_('SW32', 'LCM2')_t5_max: 1348
	F2_('SW32', 'SW22')_t5_max: 608
	F1_('DU5', 'SW14')_t4_min: 5589
	('SW32', 'SW7')_gcl_length: 2
	F5_('LCM1', 'SW31')_t5_max: 116
	F8_('SW21', 'SW11')_t5_max: 5891
	F10_('SW13', 'SW22')_t3_min: 63531
	F7_('MIMU1', 'SW13')_t5_min: 1366
	F3_('SW21', 'SW31')_t3_max: 1662
	F15_('SBAND1', 'SW12')_tb: 28626
	F2_('CM2CA', 'SW42')_t5_min: 116
	F14_('SW51', 'SW41')_tb: 12906
	F7_('SW32', 'FCM2')_t4_max: 1669
	F17_('SW21', 'CMRIU1')_t5_min: 293
	F0_('SW8', 'SW32')_tb: 37106
	F9_('SM1CB', 'SW51')_t4_max: 1
	F1_('SW14', 'SW21')_t5_min: 5742
	F1_('SW51', 'SM1CB')_t5_max: 6557
	('SW41', 'SW51')_gcl_length: 2
	F5_('LCM1', 'SW31')_t4_max: 1
	F3_('SW6', 'SMRIU2')_t3_min: 1806
	F12_('SW32', 'RCM2')_t3_min: 4673
	F16_('SW6', 'SMRIU1')_t4_max: 15976
	F11_('DU4', 'SW14')_t4_min: 247
	F5_('SW31', 'SW41')_t5_max: 362
	F10_('StarTr1', 'SW13')_t3_min: 63498
	F2_('SW22', 'SW13')_t5_min: 467
	F9_('SW51', 'SW8')_t5_max: 368
	F8_('DU5', 'SW14')_tb: 5673
	F1_('SW51', 'SM1CB')_t3_min: 6355
	F3_('StarTr1', 'SW13')_t3_min: 1530
	F19_('SW31', 'SW7')_t5_max: 214
	F7_('SW13', 'SW22')_t3_min: 1368
	F12_('SM1CA', 'SW51')_t5_max: 4561
	F1_('SW51', 'SM1CB')_t3_max: 6360
	F17_('SW7', 'SW21')_t5_min: 222
	F14_('SM1CA', 'SW51')_t4_min: 12669
	('SW51', 'SW8')_gcl_length: 0
	F7_('MIMU1', 'SW13')_t5_max: 1366
	F3_('SW13', 'SW21')_t5_min: 1655
	F4_('SW12', 'SW22')_t5_max: 898
	F4_('SW32', 'LCM2')_t3_max: 1130
	F7_('MIMU1', 'SW13')_tb: 1349
	F16_('BFCU', 'SW22')_t5_min: 15661
	F0_('SM1CA', 'SW51')_t3_min: 36800
	F9_('SW8', 'SW32')_t3_min: 241
	('SW22', 'SW14')_gcl_length: 0
	F2_('SW13', 'StarTr1')_tb: 469
	F13_('SW22', 'BFCU')_t3_max: 754
	F4_('SW22', 'SW32')_t3_max: 905
	F10_('StarTr1', 'SW13')_tb: 63498
	F12_('SW51', 'SW8')_tb: 4563
	F4_('SBAND1', 'SW12')_tb: 579
	F8_('DU5', 'SW14')_t5_max: 5741
	F2_('SW32', 'SW22')_tb: 235
	F6_('SW31', 'SW21')_t3_min: 12709
	F2_('CM2CA', 'SW42')_t4_max: 1
	F15_('SBAND1', 'SW12')_t4_min: 28626
	('BFCU', 'SW22')_gcl_length: 0
	F1_('DU5', 'SW14')_t4_max: 5589
	('SW13', 'StarTr1')_gcl_length: 0
	F17_('SW7', 'SW21')_tb: 153
	F17_('LCM2', 'SW32')_t3_min: 1
	F18_('SW14', 'DU4')_t3_max: 319
	F12_('SM1CA', 'SW51')_t4_min: 4508
	F17_('SW21', 'CMRIU1')_t3_max: 229
	F14_('SW51', 'SW41')_t5_max: 13023
	('SW21', 'SW31')_gcl_length: 10
	F6_('SW12', 'SBAND2')_tb: 12807
	F16_('SW32', 'SW6')_t3_max: 15698
	F2_('SW22', 'SW13')_t5_max: 854
	F1_('SW21', 'SW31')_t5_max: 5947
	F0_('SW51', 'SW8')_t3_min: 36886
	F12_('SW8', 'SW32')_t5_max: 4929
	F12_('SW51', 'SW8')_t5_min: 4616
	F6_('SW51', 'SW41')_t5_max: 12787
	F10_('SW32', 'FCM2')_t3_min: 63730
	F9_('SW32', 'LCM2')_t3_min: 361
	F3_('StarTr1', 'SW13')_t5_min: 1589
	F7_('MIMU1', 'SW13')_t4_max: 1349
	F7_('SW32', 'FCM2')_t5_max: 1686
	F3_('SW13', 'SW21')_t5_max: 1655
	F3_('StarTr1', 'SW13')_t4_min: 1530
	F19_('SW7', 'SW22')_t5_max: 386
	F18_('CMRIU2', 'SW22')_t5_min: 91
	F11_('SW22', 'BFCU')_t3_max: 541
	F15_('SW22', 'BFCU')_t5_max: 29082
	F3_('SW6', 'SMRIU2')_tb: 1940
	F0_('SW8', 'SW32')_t5_max: 37190
	('DU4', 'SW14')_gcl_length: 0
	F4_('SW22', 'SW32')_t5_max: 1123
	F11_('SW14', 'SW22')_t5_max: 534
	('SW41', 'SW31')_gcl_length: 0
	F8_('SW11', 'DU1')_tb: 5893
	F2_('CM2CA', 'SW42')_t3_min: 1
	F8_('SW11', 'DU1')_t3_min: 5893
	('RCM1', 'SW31')_gcl_length: 0
	('SW32', 'LCM2')_gcl_length: 0
	F3_('SW13', 'SW21')_tb: 1596
	F1_('DU5', 'SW14')_tb: 5589
	F3_('SW31', 'SW6')_t3_max: 1750
	F1_('SW51', 'SM1CB')_t4_max: 6484
	F10_('SW32', 'FCM2')_t4_max: 63859
	('SW21', 'SW12')_gcl_length: 0
	F1_('SW41', 'SW51')_t3_min: 6152
	F8_('SW14', 'SW21')_t3_min: 5743
	F0_('SM1CA', 'SW51')_tb: 36800
	F11_('SW22', 'BFCU')_tb: 541
	F6_('SW31', 'SW21')_t5_max: 13143
	F0_('SW32', 'FCM2')_t4_max: 37321
	F8_('SW11', 'DU1')_t5_max: 6090
	F0_('SW51', 'SW8')_t5_max: 37099
	F6_('SW51', 'SW41')_tb: 12611
	F18_('SW22', 'SW14')_t5_min: 183
	F3_('SW6', 'SMRIU2')_t5_max: 1999
	('SW6', 'SMRIU1')_gcl_length: 0
	F18_('SW14', 'DU4')_t5_min: 275
	F2_('SW13', 'StarTr1')_t3_min: 469
	F12_('SW32', 'RCM2')_t4_max: 5060
	F6_('SW21', 'SW12')_t3_max: 13150
	F17_('SW7', 'SW21')_t3_min: 148
	F2_('SW42', 'SW32')_t5_max: 362
	F4_('SBAND1', 'SW12')_t4_min: 579
	F12_('SW32', 'RCM2')_t5_max: 5113
	F1_('SW41', 'SW51')_tb: 6280
	F18_('SW14', 'DU4')_t5_max: 533
	F14_('SM1CA', 'SW51')_t5_max: 12786
	F10_('SW22', 'SW32')_t5_max: 63728
	F2_('SW13', 'StarTr1')_t5_max: 1100
	F14_('SW14', 'DU5')_t3_min: 13382
	F9_('SM1CB', 'SW51')_t4_min: 1
	F6_('SW41', 'SW31')_t3_max: 12794
	F5_('SW41', 'CM1CA')_tb: 235
	F2_('SW22', 'SW13')_tb: 352
	('SW7', 'SW21')_gcl_length: 2
	F4_('SW22', 'SW32')_t3_min: 771
	('SW22', 'SW13')_gcl_length: 0
	F13_('SW32', 'SW22')_tb: 609
	F9_('SM1CB', 'SW51')_t5_min: 119
	F18_('SW14', 'DU4')_tb: 185
	F1_('SW41', 'SW51')_t5_max: 6353
	F0_('SW8', 'SW32')_t3_min: 36972
	F17_('SW21', 'CMRIU1')_t4_max: 353
	('MIMU1', 'SW13')_gcl_length: 0
	F15_('SBAND1', 'SW12')_t5_min: 28691
	F6_('SW12', 'SBAND2')_t5_max: 13499
	F8_('SW11', 'DU1')_t5_min: 5961
	F14_('SW14', 'DU5')_t3_max: 13774
	F18_('SW22', 'SW14')_tb: 93
	('SW41', 'CM1CA')_gcl_length: 0
	F17_('LCM2', 'SW32')_t4_min: 1
	F6_('SM1CA', 'SW51')_tb: 12562
	F1_('SW14', 'SW21')_tb: 5669
	('StarTr1', 'SW13')_gcl_length: 0
	F15_('SBAND1', 'SW12')_t5_max: 28691
	F8_('DU5', 'SW14')_t5_min: 5741
	F15_('SW22', 'BFCU')_tb: 28888
	F2_('SW13', 'StarTr1')_t5_min: 584
	F2_('CM2CA', 'SW42')_t5_max: 116
	('SW42', 'SW32')_gcl_length: 0
	F19_('RCM1', 'SW31')_t5_max: 42
	F9_('SW8', 'SW32')_t3_max: 375
	F19_('SW31', 'SW7')_t3_min: 44
	F14_('SW21', 'SW14')_tb: 13263
	F6_('SW41', 'SW31')_t3_min: 12660
	('SW51', 'SM1CB')_gcl_length: 0
	F15_('SBAND1', 'SW12')_t4_max: 28626
	F5_('SW41', 'CM1CA')_t5_max: 608
	('SW21', 'SW14')_gcl_length: 0
	F10_('SW13', 'SW22')_t5_max: 63690
	F6_('SW12', 'SBAND2')_t5_min: 12854
	F4_('SBAND1', 'SW12')_t5_max: 673
	F12_('SW51', 'SW8')_t5_max: 4745
	('SW12', 'SW22')_gcl_length: 2
	F7_('SW32', 'FCM2')_t3_min: 1406
	F4_('SW22', 'SW32')_tb: 771
	F10_('SW13', 'SW22')_tb: 63659
	F15_('SW12', 'SW22')_t5_max: 28886
	F18_('CMRIU2', 'SW22')_t4_max: 1
	F16_('SW6', 'SMRIU1')_t5_max: 15999
	F3_('SW21', 'SW31')_t5_max: 1743
	F14_('SW21', 'SW14')_t5_max: 13767
	F11_('SW22', 'BFCU')_t4_max: 541
	F7_('SW22', 'SW32')_tb: 1387
	('SW51', 'SW41')_gcl_length: 2
	F4_('SBAND1', 'SW12')_t4_max: 579
	('SW13', 'SW22')_gcl_length: 2
	F8_('SW14', 'SW21')_t5_max: 5816
	F13_('SW32', 'SW22')_t5_min: 618
	F1_('SW21', 'SW31')_t3_max: 5749
	F10_('SW32', 'FCM2')_t3_max: 63735
	F6_('SM1CA', 'SW51')_t4_max: 12562
	F6_('SW41', 'SW31')_t5_min: 12707
	F19_('SW22', 'CMRIU2')_t5_min: 171
	F14_('SW41', 'SW31')_t3_min: 13025
	F6_('SW21', 'SW12')_t5_min: 12805
	F4_('SW12', 'SW22')_t3_min: 675
	F8_('DU5', 'SW14')_t3_min: 5673
	F8_('DU5', 'SW14')_t4_min: 5673
	F3_('SW21', 'SW31')_tb: 1684
	F14_('SW31', 'SW21')_t5_min: 13261
	F1_('SW14', 'SW21')_t5_max: 5742
	F4_('SW22', 'SW32')_t5_min: 865
	F16_('BFCU', 'SW22')_t5_max: 15661
	F4_('SW32', 'LCM2')_t3_min: 867
	F10_('SW22', 'SW32')_t5_min: 63728
	('SW14', 'SW21')_gcl_length: 4
	F19_('SW7', 'SW22')_t5_min: 128
	F0_('SW32', 'FCM2')_t3_max: 37197
	F10_('SW32', 'FCM2')_t5_min: 63761
	F5_('SW41', 'CM1CA')_t5_min: 350
	F16_('BFCU', 'SW22')_t4_min: 15638
	F10_('SW22', 'SW32')_t3_min: 63692
	F1_('SW31', 'SW41')_t3_min: 5949
	F5_('SW31', 'SW41')_tb: 118
	F19_('RCM1', 'SW31')_t5_min: 42
	F17_('LCM2', 'SW32')_t5_max: 70
	F7_('SW32', 'FCM2')_t5_min: 1686
	F19_('RCM1', 'SW31')_t4_max: 1
	F11_('DU4', 'SW14')_t5_min: 325
	F16_('SW6', 'SMRIU1')_t3_min: 15718
	F9_('SW51', 'SW8')_t5_min: 239
	F8_('SW11', 'DU1')_t4_max: 6022
	F7_('SW32', 'FCM2')_tb: 1669
	F13_('LCM2', 'SW32')_tb: 598
	F14_('SW31', 'SW21')_t3_max: 13278
	F1_('SW21', 'SW31')_t5_min: 5947
	F19_('RCM1', 'SW31')_t4_min: 1
	F7_('SW22', 'SW32')_t3_min: 1387
	F5_('SW41', 'CM1CA')_t4_max: 493
	('SM1CA', 'SW51')_gcl_length: 0
	F2_('SW32', 'SW22')_t5_min: 350
	('SW32', 'FCM2')_gcl_length: 2
	('SW22', 'SW32')_gcl_length: 10
	F14_('SW14', 'DU5')_t4_max: 13898
	F9_('SW32', 'LCM2')_t3_max: 624
	F10_('StarTr1', 'SW13')_t5_max: 63529
	F4_('SBAND1', 'SW12')_t3_min: 579
	F4_('SW12', 'SW22')_t5_min: 769
	F16_('SW32', 'SW6')_t5_min: 15716
	F3_('StarTr1', 'SW13')_tb: 1530
	('SW21', 'SW11')_gcl_length: 2
	F12_('SM1CA', 'SW51')_t4_max: 4508
	F3_('SW31', 'SW6')_t5_min: 1804
	('CM2CA', 'SW42')_gcl_length: 0
	F10_('SW32', 'FCM2')_t5_max: 63890
	F9_('SW32', 'LCM2')_t5_min: 479
	F7_('SW22', 'SW32')_t5_max: 1662
	F8_('SW14', 'SW21')_tb: 5748
	F0_('SW8', 'SW32')_t3_max: 37106
	F18_('CMRIU2', 'SW22')_t5_max: 91
	F15_('SW22', 'BFCU')_t3_max: 28893
	F11_('SW14', 'SW22')_t5_min: 405
	F12_('SW8', 'SW32')_t5_min: 4671
	F18_('SW14', 'DU4')_t3_min: 185
	F3_('SW6', 'SMRIU2')_t5_min: 1999
	F10_('SW32', 'FCM2')_tb: 63730
	F15_('SW22', 'BFCU')_t5_min: 28953
	F1_('SW31', 'SW41')_tb: 6077
	F2_('SW32', 'SW22')_t3_max: 369
	('LCM2', 'SW32')_gcl_length: 0
	F3_('SW6', 'SMRIU2')_t4_max: 1940
	F9_('SM1CB', 'SW51')_tb: 1
	F19_('SW22', 'CMRIU2')_t3_min: 130
	F19_('RCM1', 'SW31')_tb: 1
	F6_('SW41', 'SW31')_t5_max: 12965
	F3_('SW31', 'SW6')_t3_min: 1745
	F6_('SM1CA', 'SW51')_t4_min: 12562
	F17_('LCM2', 'SW32')_t4_max: 1
	F14_('SW41', 'SW31')_tb: 13025
	F12_('SW8', 'SW32')_t3_min: 4618
	F6_('SW31', 'SW21')_tb: 12709
	F2_('SW22', 'SW13')_t3_min: 352
	('DU5', 'SW14')_gcl_length: 0
	F2_('SW42', 'SW32')_tb: 118
	F19_('RCM1', 'SW31')_t3_min: 1
	('SW7', 'SW22')_gcl_length: 0
	F18_('CMRIU2', 'SW22')_t4_min: 1
	F16_('BFCU', 'SW22')_t4_max: 15638
	F2_('SW22', 'SW13')_t3_max: 615
	F8_('SW21', 'SW11')_tb: 5823
	F11_('DU4', 'SW14')_t5_max: 325
	F14_('SW21', 'SW14')_t5_min: 13380
	('SW21', 'CMRIU1')_gcl_length: 0
	F19_('SW7', 'SW22')_tb: 87
	F4_('SBAND1', 'SW12')_t5_min: 673
	F6_('SM1CA', 'SW51')_t5_max: 12609
	F14_('SM1CA', 'SW51')_t5_min: 12786
	F0_('SW32', 'FCM2')_t3_min: 37192
	F7_('SW22', 'SW32')_t5_min: 1404
	F9_('SW8', 'SW32')_tb: 241
	F2_('SW13', 'StarTr1')_t3_max: 861
	F7_('SW32', 'FCM2')_t3_max: 1669
	F6_('SW51', 'SW41')_t5_min: 12658
	F6_('SW31', 'SW21')_t3_max: 12972
	F0_('SW51', 'SW8')_tb: 36886
	F8_('DU5', 'SW14')_t4_max: 5673
	('SW8', 'SW32')_gcl_length: 2
	('SW14', 'DU4')_gcl_length: 0
	F16_('SW32', 'SW6')_t3_min: 15693
	F18_('SW22', 'SW14')_t5_max: 312
	F11_('DU4', 'SW14')_tb: 247
	F19_('SW22', 'CMRIU2')_t5_max: 558
	F16_('BFCU', 'SW22')_tb: 15638
	F0_('SW32', 'FCM2')_t5_max: 37405
	F6_('SW21', 'SW12')_t5_max: 13321
	F15_('SW22', 'BFCU')_t3_min: 28888
	F11_('SW22', 'BFCU')_t5_max: 619
	F9_('SW32', 'LCM2')_t4_max: 748
	('CMRIU2', 'SW22')_gcl_length: 0
	F14_('SW14', 'DU5')_tb: 13382
	F3_('SW31', 'SW6')_tb: 1745
	F9_('SW51', 'SW8')_tb: 121
	F19_('SW7', 'SW22')_t3_min: 87
	F1_('SW51', 'SM1CB')_t5_min: 6428
	F4_('SW12', 'SW22')_tb: 675
	F6_('SW12', 'SBAND2')_t3_max: 13328
	F3_('SW13', 'SW21')_t3_min: 1591
	('LCM1', 'SW31')_gcl_length: 0
	('SW22', 'CMRIU2')_gcl_length: 0
	F16_('SW6', 'SMRIU1')_tb: 15718
	F17_('LCM2', 'SW32')_tb: 1
	F16_('SW22', 'SW32')_t5_max: 15691
	F15_('SW12', 'SW22')_t3_min: 28693
	F8_('SW21', 'SW11')_t5_min: 5891
	F3_('SW21', 'SW31')_t3_min: 1657
	F5_('LCM1', 'SW31')_t3_min: 1
	F9_('SW51', 'SW8')_t3_min: 121
	F17_('SW32', 'SW7')_tb: 77
	F3_('SW21', 'SW31')_t5_min: 1743
	F13_('LCM2', 'SW32')_t4_max: 598
	F1_('DU5', 'SW14')_t5_max: 5662
	F7_('MIMU1', 'SW13')_t4_min: 1349
	F1_('SW31', 'SW41')_t3_max: 5954
	F17_('SW32', 'SW7')_t3_min: 72
	F6_('SW51', 'SW41')_t3_min: 12611
	('SBAND1', 'SW12')_gcl_length: 0
	F6_('SM1CA', 'SW51')_t3_min: 12562
	F16_('SW32', 'SW6')_tb: 15693
	F19_('SW7', 'SW22')_t3_max: 221
	('SW6', 'SMRIU2')_gcl_length: 2
	F8_('SW21', 'SW11')_t3_min: 5818
	F4_('SW32', 'LCM2')_tb: 867
	F6_('SW12', 'SBAND2')_t3_min: 12807
	F5_('LCM1', 'SW31')_t5_min: 116
	F11_('SW14', 'SW22')_t3_min: 327
	F17_('SW32', 'SW7')_t5_min: 146
	F13_('LCM2', 'SW32')_t4_min: 598
	F0_('SW32', 'FCM2')_tb: 37192
	F11_('SW22', 'BFCU')_t5_min: 619
	F6_('SW12', 'SBAND2')_t4_max: 13452
	F1_('DU5', 'SW14')_t5_min: 5662
	F12_('SW32', 'RCM2')_t3_max: 4936
	F10_('StarTr1', 'SW13')_t4_max: 63498
	F14_('SM1CA', 'SW51')_t4_max: 12669
	F13_('SW22', 'BFCU')_t3_min: 620
	F16_('SW6', 'SMRIU1')_t3_max: 15852
	F12_('SW8', 'SW32')_tb: 4618
	F8_('SW11', 'DU1')_t3_max: 5898
