0. Flow F0 [BFCU-->LCM2] with period 128000, payload 623B, e2e delay 128000us, jitter 12800us
	('BFCU', 'SW22'), Operation(127293, None, 127343)(127293, 127293)
	('SW22', 'SW32'), Operation(127345, None, 127524)(127345, 127474)
	('SW32', 'LCM2'), Operation(127397, None, 127705)(127397, 127655)
1. Flow F1 [MIMU3-->SMRIU1] with period 32000, payload 589B, e2e delay 32000us, jitter 3200us
	('MIMU3', 'SW13'), Operation(29250, None, 29298)(29250, 29250)
	('SW13', 'SW21'), Operation(29300, None, 29477)(29300, 29429)
	('SW21', 'SW31'), Operation(29350, None, 29656)(29350, 29608)
	('SW31', 'SW6'), Operation(29400, None, 29835)(29400, 29787)
	('SW6', 'SMRIU1'), Operation(29450, None, 30014)(29450, 29966)
2. Flow F2 [LCM1-->CM1CA] with period 16000, payload 1172B, e2e delay 16000us, jitter 1600us
	('LCM1', 'SW31'), Operation(9786, None, 9880)(9786, 9786)
	('SW31', 'SW41'), Operation(9882, None, 10105)(9882, 10011)
	('SW41', 'CM1CA'), Operation(9978, None, 10330)(9978, 10236)
3. Flow F3 [StarTr2-->SM2CB] with period 32000, payload 621B, e2e delay 32000us, jitter 3200us
	('StarTr2', 'SW13'), Operation(31416, None, 31466)(31416, 31416)
	('SW13', 'SW22'), Operation(31468, 31473, 31523)(31473, 31473)
	('SW22', 'SW32'), Operation(31525, 31530, 31580)(31530, 31530)
	('SW32', 'SW42'), Operation(31582, 31587, 31637)(31587, 31587)
	('SW42', 'SW52'), Operation(31639, None, 31818)(31639, 31768)
	('SW52', 'SM2CB'), Operation(31691, None, 31999)(31691, 31949)
4. Flow F4 [CM2CA-->CMRIU2] with period 128000, payload 569B, e2e delay 128000us, jitter 12800us
	('CM2CA', 'SW42'), Operation(14979, None, 15025)(14979, 14979)
	('SW42', 'SW32'), Operation(15027, None, 15202)(15027, 15156)
	('SW32', 'SW22'), Operation(15075, None, 15379)(15075, 15333)
	('SW22', 'CMRIU2'), Operation(15123, None, 15556)(15123, 15510)
5. Flow F5 [SBAND1-->SM1CB] with period 32000, payload 879B, e2e delay 32000us, jitter 3200us
	('SBAND1', 'SW12'), Operation(25204, None, 25275)(25204, 25204)
	('SW12', 'SW21'), Operation(25277, None, 25477)(25277, 25406)
	('SW21', 'SW31'), Operation(25350, None, 25679)(25350, 25608)
	('SW31', 'SW41'), Operation(25423, None, 25881)(25423, 25810)
	('SW41', 'SW51'), Operation(25496, None, 26083)(25496, 26012)
	('SW51', 'SM1CB'), Operation(25569, None, 26285)(25569, 26214)
6. Flow F6 [FCM1-->SMRIU1] with period 128000, payload 195B, e2e delay 128000us, jitter 12800us
	('FCM1', 'SW31'), Operation(124422, None, 124438)(124422, 124422)
	('SW31', 'SW6'), Operation(124440, None, 124585)(124440, 124569)
	('SW6', 'SMRIU1'), Operation(124458, None, 124732)(124458, 124716)
7. Flow F7 [RCM1-->MIMU3] with period 4000, payload 205B, e2e delay 4000us, jitter 400us
	('RCM1', 'SW31'), Operation(246, None, 263)(246, 246)
	('SW31', 'SW21'), Operation(265, 270, 287)(270, 270)
	('SW21', 'SW13'), Operation(289, 419, 436)(419, 419)
	('SW13', 'MIMU3'), Operation(438, None, 584)(438, 567)
8. Flow F8 [DU2-->FCM1] with period 16000, payload 425B, e2e delay 16000us, jitter 1600us
	('DU2', 'SW11'), Operation(12804, None, 12838)(12804, 12804)
	('SW11', 'SW21'), Operation(12840, 12968, 13002)(12968, 12968)
	('SW21', 'SW31'), Operation(13004, None, 13167)(13004, 13133)
	('SW31', 'FCM1'), Operation(13040, None, 13332)(13040, 13298)
9. Flow F9 [SM1CB-->StarTr1] with period 64000, payload 1330B, e2e delay 64000us, jitter 6400us
	('SM1CB', 'SW51'), Operation(1, None, 108)(1, 1)
	('SW51', 'SW41'), Operation(110, None, 346)(110, 239)
	('SW41', 'SW31'), Operation(219, None, 584)(219, 477)
	('SW31', 'SW21'), Operation(328, None, 822)(328, 715)
	('SW21', 'SW13'), Operation(437, None, 1060)(437, 953)
	('SW13', 'StarTr1'), Operation(546, None, 1298)(546, 1191)
10. Flow F10 [RCM1-->SM2CB] with period 128000, payload 1469B, e2e delay 128000us, jitter 12800us
	('RCM1', 'SW31'), Operation(60127, None, 60245)(60127, 60127)
	('SW31', 'SW8'), Operation(60247, None, 60494)(60247, 60376)
	('SW8', 'SW52'), Operation(60367, None, 60743)(60367, 60625)
	('SW52', 'SM2CB'), Operation(60487, None, 60992)(60487, 60874)
11. Flow F11 [RCM1-->CM1CB] with period 32000, payload 1190B, e2e delay 32000us, jitter 3200us
	('RCM1', 'SW31'), Operation(26008, None, 26104)(26008, 26008)
	('SW31', 'SW41'), Operation(26106, 26111, 26207)(26111, 26111)
	('SW41', 'CM1CB'), Operation(26209, None, 26434)(26209, 26338)
12. Flow F12 [DU3-->MIMU2] with period 16000, payload 331B, e2e delay 16000us, jitter 1600us
	('DU3', 'SW11'), Operation(15498, None, 15525)(15498, 15498)
	('SW11', 'SW21'), Operation(15527, None, 15683)(15527, 15656)
	('SW21', 'SW13'), Operation(15556, None, 15841)(15556, 15814)
	('SW13', 'MIMU2'), Operation(15585, None, 15999)(15585, 15972)
13. Flow F13 [SBAND1-->CMRIU2] with period 8000, payload 657B, e2e delay 8000us, jitter 800us
	('SBAND1', 'SW12'), Operation(1150, None, 1203)(1150, 1150)
	('SW12', 'SW22'), Operation(1205, None, 1387)(1205, 1334)
	('SW22', 'CMRIU2'), Operation(1260, 1517, 1570)(1517, 1517)
14. Flow F14 [MIMU2-->LCM1] with period 4000, payload 649B, e2e delay 4000us, jitter 400us
	('MIMU2', 'SW13'), Operation(1055, None, 1107)(1055, 1055)
	('SW13', 'SW21'), Operation(1109, 1114, 1166)(1114, 1114)
	('SW21', 'SW31'), Operation(1168, None, 1349)(1168, 1297)
	('SW31', 'LCM1'), Operation(1222, None, 1532)(1222, 1480)
15. Flow F15 [CM1CA-->SMRIU2] with period 128000, payload 1004B, e2e delay 128000us, jitter 12800us
	('CM1CA', 'SW41'), Operation(124292, None, 124373)(124292, 124292)
	('SW41', 'SW31'), Operation(124375, 124503, 124584)(124503, 124503)
	('SW31', 'SW6'), Operation(124586, 124714, 124795)(124714, 124714)
	('SW6', 'SMRIU2'), Operation(124797, None, 125007)(124797, 124926)
16. Flow F16 [CM1CA-->FCM1] with period 4000, payload 1206B, e2e delay 4000us, jitter 400us
	('CM1CA', 'SW41'), Operation(486, None, 583)(486, 486)
	('SW41', 'SW31'), Operation(585, None, 811)(585, 714)
	('SW31', 'FCM1'), Operation(684, None, 1039)(684, 942)
17. Flow F17 [SMRIU1-->StarTr1] with period 128000, payload 90B, e2e delay 128000us, jitter 12800us
	('SMRIU1', 'SW6'), Operation(109396, None, 109404)(109396, 109396)
	('SW6', 'SW31'), Operation(109406, None, 109543)(109406, 109535)
	('SW31', 'SW21'), Operation(109416, None, 109682)(109416, 109674)
	('SW21', 'SW13'), Operation(109426, None, 109821)(109426, 109813)
	('SW13', 'StarTr1'), Operation(109436, None, 109960)(109436, 109952)
18. Flow F18 [LCM1-->CMRIU1] with period 2000, payload 1116B, e2e delay 2000us, jitter 200us
	('LCM1', 'SW31'), Operation(1591, None, 1681)(1591, 1591)
	('SW31', 'SW21'), Operation(1683, None, 1902)(1683, 1812)
	('SW21', 'CMRIU1'), Operation(1775, 1909, 1999)(1909, 1909)
19. Flow F19 [SM2CB-->CMRIU2] with period 16000, payload 687B, e2e delay 16000us, jitter 1600us
	('SM2CB', 'SW52'), Operation(15324, None, 15379)(15324, 15324)
	('SW52', 'SW42'), Operation(15381, 15386, 15441)(15386, 15386)
	('SW42', 'SW32'), Operation(15443, None, 15627)(15443, 15572)
	('SW32', 'SW22'), Operation(15500, None, 15813)(15500, 15758)
	('SW22', 'CMRIU2'), Operation(15557, None, 15999)(15557, 15944)

SMT variables: 
	F19_('SW32', 'SW22')_rr: 0
	F14_('MIMU2', 'SW13')_rr: 0
	F17_('SW6', 'SW31')_rr: 0
	F10_('SW8', 'SW52')_t4_max: 60625
	F10_('SW31', 'SW8')_tb: 60247
	F13_('SW22', 'CMRIU2')_rr: 1
	F4_('SW42', 'SW32')_t3_max: 15032
	('SW13', 'MIMU2')_gcl_cycle: 1
	F7_queue_index: 0
	F0_('SW32', 'LCM2')_tb: 127397
	('SW21', 'SW13')_gcl_cycle: 4000
	F4_('CM2CA', 'SW42')_t3_max: 14855
	('SW51', 'SM1CB')_gcl_cycle: 1
	F3_('SW13', 'SW22')_rr: 1
	('SW31', 'LCM1')_gcl_cycle: 1
	F17_('SW21', 'SW13')_gc: False
	F13_('SW22', 'CMRIU2')_gc: True
	F4_('SW42', 'SW32')_rr: 0
	('SM1CB', 'SW51')_gcl_cycle: 1
	F9_('SW31', 'SW21')_t4_max: 715
	F3_('SW32', 'SW42')_gc: True
	F10_('SW52', 'SM2CB')_t3_min: 60487
	F0_('SW32', 'LCM2')_t4_min: 127397
	F5_('SW12', 'SW21')_t4_min: 25277
	F11_('SW31', 'SW41')_rr: 1
	F3_('SW22', 'SW32')_gc: True
	F4_('SW32', 'SW22')_rr: 0
	('SW51', 'SW41')_gcl_cycle: 1
	F1_('SW13', 'SW21')_t3_max: 29305
	F12_('SW21', 'SW13')_tb: 15556
	('MIMU2', 'SW13')_gcl_cycle: 1
	F5_('SW21', 'SW31')_rr: 0
	F5_queue_index: 0
	F4_('CM2CA', 'SW42')_t3_min: 14979
	F13_('SW12', 'SW22')_t4_max: 1334
	F10_('SW31', 'SW8')_gc: False
	('FCM1', 'SW31')_gcl_length: 0
	F7_('RCM1', 'SW31')_tb: 246
	F3_('SW42', 'SW52')_t4_max: 31768
	F17_('SW21', 'SW13')_rr: 0
	F8_('DU2', 'SW11')_gc: False
	F12_('SW11', 'SW21')_gc: False
	F11_('SW31', 'SW41')_gc: True
	F5_('SW41', 'SW51')_t5_min: 25567
	F0_('SW22', 'SW32')_t3_max: 127350
	F19_('SW52', 'SW42')_rr: 1
	F3_('SW42', 'SW52')_rr: 0
	F9_('SW41', 'SW31')_rr: 0
	F11_('SW41', 'CM1CB')_t4_min: 26209
	F11_('SW31', 'SW41')_t4_min: 26111
	F10_('SW8', 'SW52')_rr: 0
	F19_('SW32', 'SW22')_gc: False
	F1_jitter: 516
	F13_jitter: 0
	F18_('SW21', 'CMRIU1')_t4_min: 1909
	F10_('SW31', 'SW8')_t3_min: 60247
	('SW32', 'LCM2')_gcl_cycle: 1
	F15_jitter: 129
	F17_('SW6', 'SW31')_t3_max: 109411
	F1_('SW6', 'SMRIU1')_t4_min: 29450
	F14_('SW21', 'SW31')_t4_max: 1297
	F5_('SW12', 'SW21')_gc: False
	F0_('SW22', 'SW32')_t4_max: 127474
	F4_('SW22', 'CMRIU2')_t4_max: 15510
	F7_('RCM1', 'SW31')_t3_max: 122
	F6_('SW31', 'SW6')_gc: False
	F3_('SW22', 'SW32')_t4_min: 31530
	F14_('SW13', 'SW21')_t3_min: 1109
	F18_('SW21', 'CMRIU1')_rr: 1
	F6_queue_index: 0
	F7_('SW13', 'MIMU3')_tb: 438
	F19_('SW52', 'SW42')_t3_max: 15386
	F1_('MIMU3', 'SW13')_rr: 0
	F19_('SW22', 'CMRIU2')_rr: 0
	F3_('StarTr2', 'SW13')_gc: False
	F3_('SW32', 'SW42')_t4_max: 31587
	F14_('MIMU2', 'SW13')_t3_max: 931
	F9_('SM1CB', 'SW51')_rr: 0
	F18_('SW31', 'SW21')_gc: False
	F8_('SW11', 'SW21')_t4_max: 12968
	F15_('SW6', 'SMRIU2')_t4_min: 124797
	F19_('SW22', 'CMRIU2')_gc: False
	F14_('MIMU2', 'SW13')_t4_min: 1055
	F16_('SW31', 'FCM1')_rr: 0
	F15_('CM1CA', 'SW41')_tb: 124292
	F13_('SW12', 'SW22')_gc: False
	F9_('SW31', 'SW21')_t4_min: 328
	F18_('LCM1', 'SW31')_gc: False
	F16_('CM1CA', 'SW41')_t3_max: 362
	F3_('SW32', 'SW42')_t3_max: 31587
	F10_('SW31', 'SW8')_rr: 0
	F12_('SW13', 'MIMU2')_rr: 0
	F4_('SW22', 'CMRIU2')_gc: False
	F5_('SW51', 'SM1CB')_rr: 0
	F17_('SW6', 'SW31')_t4_max: 109535
	('SW6', 'SW31')_gcl_cycle: 1
	('SW31', 'SW41')_gcl_cycle: 32000
	F3_('SW22', 'SW32')_rr: 1
	F15_('SW31', 'SW6')_t3_min: 124586
	F14_('SW21', 'SW31')_gc: False
	F13_('SW12', 'SW22')_t4_min: 1205
	F9_('SW51', 'SW41')_gc: False
	F1_('SW31', 'SW6')_t4_min: 29400
	F9_('SW51', 'SW41')_t4_min: 110
	F1_('MIMU3', 'SW13')_t3_max: 29126
	F17_('SW31', 'SW21')_t4_min: 109416
	('SW32', 'SW22')_gcl_length: 0
	F9_('SW51', 'SW41')_t3_max: 115
	F14_('MIMU2', 'SW13')_gc: False
	F19_('SW32', 'SW22')_t5_min: 15555
	F15_('SW6', 'SMRIU2')_rr: 0
	F3_('SW42', 'SW52')_gc: False
	F17_('SW6', 'SW31')_gc: False
	('SW13', 'SW21')_gcl_cycle: 4000
	F7_('SW31', 'SW21')_t3_max: 270
	F8_('SW11', 'SW21')_gc: True
	F11_('SW31', 'SW41')_t5_min: 26207
	('SW31', 'SW8')_gcl_cycle: 1
	F5_('SW31', 'SW41')_gc: False
	F19_('SW22', 'CMRIU2')_t4_min: 15557
	F6_('SW6', 'SMRIU1')_rr: 0
	F4_('SW22', 'CMRIU2')_rr: 0
	F5_('SBAND1', 'SW12')_gc: False
	F0_('SW32', 'LCM2')_rr: 0
	F1_('SW21', 'SW31')_gc: False
	('SM2CB', 'SW52')_gcl_cycle: 1
	F10_('SW8', 'SW52')_gc: False
	F1_('MIMU3', 'SW13')_gc: False
	F18_('SW31', 'SW21')_rr: 0
	F2_('SW41', 'CM1CA')_gc: False
	F1_('SW6', 'SMRIU1')_gc: False
	F2_('SW41', 'CM1CA')_t4_min: 9978
	F19_('SW42', 'SW32')_t4_min: 15443
	F9_('SW31', 'SW21')_t3_min: 328
	F3_('SW13', 'SW22')_t3_max: 31473
	F5_('SW21', 'SW31')_t4_min: 25350
	F5_('SW12', 'SW21')_rr: 0
	F3_('SW13', 'SW22')_t4_min: 31473
	F8_('SW21', 'SW31')_t4_min: 13004
	F9_('SW13', 'StarTr1')_gc: False
	F10_('SW8', 'SW52')_t4_min: 60367
	F17_('SW21', 'SW13')_t4_max: 109813
	F6_('FCM1', 'SW31')_t3_max: 124298
	F9_('SW41', 'SW31')_gc: False
	('SW11', 'SW21')_gcl_cycle: 16000
	F8_('SW11', 'SW21')_t4_min: 12968
	F14_('SW31', 'LCM1')_t3_min: 1222
	F1_('SW13', 'SW21')_t4_max: 29429
	F3_('StarTr2', 'SW13')_tb: 31416
	F3_('SW13', 'SW22')_t4_max: 31473
	F11_('RCM1', 'SW31')_gc: False
	F1_('SW6', 'SMRIU1')_t5_min: 29498
	F7_('SW21', 'SW13')_t4_min: 419
	F15_('CM1CA', 'SW41')_rr: 0
	F6_('FCM1', 'SW31')_rr: 0
	F3_('SW42', 'SW52')_tb: 31639
	F16_('SW41', 'SW31')_t3_max: 590
	F19_('SW32', 'SW22')_t4_min: 15500
	('SW21', 'CMRIU1')_gcl_cycle: 2000
	('SBAND1', 'SW12')_gcl_cycle: 1
	F8_jitter: 258
	F13_('SBAND1', 'SW12')_gc: False
	('SW12', 'SW21')_gcl_cycle: 1
	F19_('SW22', 'CMRIU2')_tb: 15557
	('SW31', 'SW6')_gcl_length: 2
	F13_('SBAND1', 'SW12')_t5_max: 1203
	F0_('SW22', 'SW32')_gc: False
	F15_('SW31', 'SW6')_t4_min: 124714
	F18_jitter: 0
	('RCM1', 'SW31')_gcl_cycle: 1
	F5_('SBAND1', 'SW12')_t5_min: 25275
	F16_('SW41', 'SW31')_t4_max: 714
	F19_('SW42', 'SW32')_gc: False
	F3_('SW52', 'SM2CB')_rr: 0
	F4_('CM2CA', 'SW42')_t4_min: 14979
	F18_('LCM1', 'SW31')_rr: 0
	F14_('SW21', 'SW31')_t4_min: 1168
	F1_('SW31', 'SW6')_gc: False
	F13_('SBAND1', 'SW12')_t4_max: 1150
	F17_('SW13', 'StarTr1')_t4_min: 109436
	F7_('RCM1', 'SW31')_rr: 0
	F10_('RCM1', 'SW31')_t3_max: 60003
	F9_('SW21', 'SW13')_rr: 0
	F13_('SBAND1', 'SW12')_t3_max: 1026
	F13_('SW12', 'SW22')_t3_max: 1210
	F18_('SW31', 'SW21')_t4_min: 1683
	F5_('SW41', 'SW51')_rr: 0
	F14_('SW13', 'SW21')_gc: True
	('SW42', 'SW32')_gcl_cycle: 1
	F9_('SW21', 'SW13')_t3_min: 437
	F17_('SW31', 'SW21')_t3_min: 109416
	F11_queue_index: 0
	F7_('SW13', 'MIMU3')_rr: 0
	F5_jitter: 645
	F5_('SW51', 'SM1CB')_t4_min: 25569
	F14_('SW31', 'LCM1')_t4_min: 1222
	F19_queue_index: 0
	('SW22', 'CMRIU2')_gcl_cycle: 8000
	F15_queue_index: 0
	F12_('SW11', 'SW21')_t3_max: 15532
	F3_('SW13', 'SW22')_t5_max: 31523
	F5_('SBAND1', 'SW12')_rr: 0
	F17_('SW13', 'StarTr1')_gc: False
	F2_('LCM1', 'SW31')_t3_max: 9662
	F4_('SW42', 'SW32')_t4_min: 15027
	F5_('SW51', 'SM1CB')_t5_min: 25640
	F3_('SW32', 'SW42')_tb: 31587
	F19_('SM2CB', 'SW52')_rr: 0
	F3_('StarTr2', 'SW13')_t3_max: 31292
	F12_('SW21', 'SW13')_t4_min: 15556
	F4_('SW32', 'SW22')_t4_min: 15075
	F17_('SW31', 'SW21')_t4_max: 109674
	F12_('SW13', 'MIMU2')_gc: False
	F12_queue_index: 0
	F4_jitter: 387
	('SW31', 'SW41')_gcl_length: 2
	F0_('BFCU', 'SW22')_t3_max: 127169
	F4_('CM2CA', 'SW42')_gc: False
	F1_('SW21', 'SW31')_rr: 0
	F3_('StarTr2', 'SW13')_rr: 0
	F10_jitter: 387
	F7_('SW13', 'MIMU3')_gc: False
	F9_('SW21', 'SW13')_t4_min: 437
	F14_queue_index: 0
	('CM1CA', 'SW41')_gcl_cycle: 1
	F15_('SW6', 'SMRIU2')_gc: False
	F1_('SW21', 'SW31')_t4_max: 29608
	F14_('SW13', 'SW21')_rr: 1
	F11_('SW31', 'SW41')_t3_max: 26111
	('SW12', 'SW22')_gcl_cycle: 1
	F0_jitter: 258
	F9_('SM1CB', 'SW51')_t5_max: 108
	F17_('SW31', 'SW21')_gc: False
	F9_('SW13', 'StarTr1')_rr: 0
	F10_('SW52', 'SM2CB')_t4_min: 60487
	F5_('SW31', 'SW41')_rr: 0
	F17_('SMRIU1', 'SW6')_t3_max: 109272
	F17_('SW13', 'StarTr1')_rr: 0
	F0_('BFCU', 'SW22')_gc: False
	F7_('SW13', 'MIMU3')_t4_min: 438
	F14_('SW31', 'LCM1')_gc: False
	('LCM1', 'SW31')_gcl_cycle: 1
	F2_('SW31', 'SW41')_rr: 0
	F1_('SW31', 'SW6')_t4_max: 29787
	F6_('SW31', 'SW6')_t4_min: 124440
	('SW41', 'SW31')_gcl_cycle: 128000
	F6_jitter: 258
	F15_('SW41', 'SW31')_gc: True
	F18_queue_index: 0
	F12_('DU3', 'SW11')_t4_max: 15498
	F1_('SW13', 'SW21')_t4_min: 29300
	F10_('SW52', 'SM2CB')_rr: 0
	F9_jitter: 645
	F19_('SW52', 'SW42')_t4_max: 15386
	F7_('SW21', 'SW13')_t4_max: 419
	F3_queue_index: 0
	F4_('SW32', 'SW22')_gc: False
	F7_('SW31', 'SW21')_t4_min: 270
	F5_('SW41', 'SW51')_gc: False
	F15_('SW31', 'SW6')_rr: 1
	F9_('SW31', 'SW21')_gc: False
	F3_('SW13', 'SW22')_gc: True
	F9_('SW41', 'SW31')_t4_min: 219
	F0_queue_index: 0
	('SMRIU1', 'SW6')_gcl_cycle: 1
	F16_queue_index: 0
	('DU3', 'SW11')_gcl_cycle: 1
	F15_('SW41', 'SW31')_t4_max: 124503
	F3_('StarTr2', 'SW13')_t3_min: 31416
	F4_('SW42', 'SW32')_gc: False
	F14_('SW13', 'SW21')_t3_max: 1114
	F19_('SW52', 'SW42')_t4_min: 15386
	F1_('SW13', 'SW21')_rr: 0
	F19_('SW42', 'SW32')_rr: 0
	F9_('SW51', 'SW41')_t4_max: 239
	('SW13', 'MIMU2')_gcl_length: 0
	F9_('SW21', 'SW13')_t4_max: 953
	F17_('SW21', 'SW13')_t4_min: 109426
	F19_('SM2CB', 'SW52')_t3_max: 15200
	F12_('SW21', 'SW13')_gc: False
	('SW6', 'SMRIU2')_gcl_cycle: 1
	F6_('SW6', 'SMRIU1')_t4_min: 124458
	F1_('SW6', 'SMRIU1')_rr: 0
	F1_('SW21', 'SW31')_t4_min: 29350
	F10_('SW31', 'SW8')_t3_max: 60252
	F10_('SW31', 'SW8')_t4_min: 60247
	F1_('SW31', 'SW6')_rr: 0
	F6_('SW31', 'SW6')_t3_max: 124445
	F4_('SW22', 'CMRIU2')_tb: 15123
	F8_('DU2', 'SW11')_rr: 0
	('SW42', 'SW52')_gcl_cycle: 1
	F6_('SW6', 'SMRIU1')_t5_max: 124732
	F6_('SW6', 'SMRIU1')_gc: False
	F3_('SW22', 'SW32')_t4_max: 31530
	F15_('SW41', 'SW31')_rr: 1
	F16_('CM1CA', 'SW41')_rr: 0
	F4_('SW32', 'SW22')_t4_max: 15333
	F3_('SW32', 'SW42')_t4_min: 31587
	F2_('SW31', 'SW41')_t3_max: 9887
	F18_('SW21', 'CMRIU1')_gc: True
	F7_jitter: 129
	F11_('SW31', 'SW41')_t4_max: 26111
	('SW31', 'FCM1')_gcl_cycle: 1
	F12_('SW11', 'SW21')_t4_max: 15656
	F0_('SW22', 'SW32')_t4_min: 127345
	F4_('SW22', 'CMRIU2')_t4_min: 15123
	F0_('SW32', 'LCM2')_gc: False
	F3_('SW52', 'SM2CB')_gc: False
	F2_queue_index: 0
	F11_('RCM1', 'SW31')_tb: 26008
	F5_('SBAND1', 'SW12')_t3_max: 25080
	F7_('SW31', 'SW21')_rr: 1
	F8_('SW21', 'SW31')_t4_max: 13133
	F13_queue_index: 0
	('FCM1', 'SW31')_gcl_cycle: 1
	F13_('SW12', 'SW22')_rr: 0
	F19_('SW42', 'SW32')_t4_max: 15572
	F9_('SW51', 'SW41')_rr: 0
	F3_('SW42', 'SW52')_t3_max: 31644
	F2_('LCM1', 'SW31')_gc: False
	F16_('SW31', 'FCM1')_t4_min: 684
	F16_('SW41', 'SW31')_rr: 0
	F5_('SW21', 'SW31')_gc: False
	F11_jitter: 129
	('SW52', 'SW42')_gcl_cycle: 16000
	F15_('SW41', 'SW31')_t3_max: 124380
	('StarTr2', 'SW13')_gcl_cycle: 1
	F6_('SW31', 'SW6')_rr: 0
	F17_('SW31', 'SW21')_rr: 0
	F13_('SBAND1', 'SW12')_rr: 0
	F5_('SW12', 'SW21')_t3_max: 25282
	F9_('SW41', 'SW31')_t4_max: 477
	('SW21', 'SW31')_gcl_cycle: 1
	F0_('SW22', 'SW32')_rr: 0
	F9_('SM1CB', 'SW51')_gc: False
	F12_('DU3', 'SW11')_t3_max: 15374
	('SW41', 'SW51')_gcl_cycle: 1
	('DU2', 'SW11')_gcl_length: 0
	F14_('SW31', 'LCM1')_rr: 0
	F5_('SW21', 'SW31')_t4_max: 25608
	F12_('DU3', 'SW11')_rr: 0
	F10_('RCM1', 'SW31')_rr: 0
	F4_queue_index: 0
	F5_('SW41', 'SW51')_t4_max: 26012
	F9_('SW21', 'SW13')_gc: False
	F7_('SW31', 'SW21')_gc: True
	F3_('SW42', 'SW52')_t4_min: 31639
	F15_('SW41', 'SW31')_t4_min: 124503
	F8_('SW21', 'SW31')_rr: 0
	F13_('SW22', 'CMRIU2')_t4_min: 1517
	('SW13', 'SW22')_gcl_cycle: 32000
	F5_('SW12', 'SW21')_t4_max: 25406
	F8_('SW11', 'SW21')_t3_max: 12845
	F14_jitter: 258
	F3_('SW32', 'SW42')_rr: 1
	F9_('SW21', 'SW13')_t3_max: 829
	F10_queue_index: 0
	F12_('SW21', 'SW13')_rr: 0
	F10_('SW31', 'SW8')_t4_max: 60376
	F5_('SW31', 'SW41')_t4_min: 25423
	('SW8', 'SW52')_gcl_cycle: 1
	F19_('SW32', 'SW22')_t4_max: 15758
	F7_('SW21', 'SW13')_rr: 1
	F17_('SMRIU1', 'SW6')_gc: False
	F16_('SW31', 'FCM1')_gc: False
	F18_('LCM1', 'SW31')_t3_max: 1467
	F9_('SW13', 'StarTr1')_t4_min: 546
	F14_('SW13', 'SW21')_t4_min: 1114
	F10_('SW52', 'SM2CB')_gc: False
	F4_('SW42', 'SW32')_t4_max: 15156
	('SW13', 'SW21')_gcl_length: 2
	F3_('StarTr2', 'SW13')_t5_min: 31466
	F1_('SW13', 'SW21')_gc: False
	F2_('SW31', 'SW41')_t4_min: 9882
	F4_('CM2CA', 'SW42')_rr: 0
	F15_('SW41', 'SW31')_t5_max: 124584
	F17_('SMRIU1', 'SW6')_rr: 0
	F16_('SW41', 'SW31')_gc: False
	F18_('SW31', 'SW21')_t3_max: 1688
	F3_jitter: 258
	('CM2CA', 'SW42')_gcl_cycle: 1
	F12_('SW21', 'SW13')_t4_max: 15814
	F17_jitter: 516
	('SW31', 'SW21')_gcl_length: 2
	F8_('SW31', 'FCM1')_t4_min: 13040
	F16_('CM1CA', 'SW41')_gc: False
	F11_('SW41', 'CM1CB')_rr: 0
	('SW13', 'StarTr1')_gcl_cycle: 1
	F9_queue_index: 0
	F2_('LCM1', 'SW31')_rr: 0
	F9_('SW51', 'SW41')_t5_min: 217
	F12_jitter: 387
	F7_('RCM1', 'SW31')_t4_min: 246
	F19_('SW22', 'CMRIU2')_t3_max: 15820
	F5_('SW41', 'SW51')_t3_min: 25496
	F15_('SW31', 'SW6')_t4_max: 124714
	F11_('SW41', 'CM1CB')_gc: False
	F17_queue_index: 0
	F11_('RCM1', 'SW31')_t3_max: 25884
	F4_('CM2CA', 'SW42')_t5_max: 15025
	('DU2', 'SW11')_gcl_cycle: 1
	F2_('SW31', 'SW41')_gc: False
	('SW13', 'MIMU3')_gcl_cycle: 1
	F8_queue_index: 0
	F10_('RCM1', 'SW31')_gc: False
	F15_('CM1CA', 'SW41')_gc: False
	F16_('SW41', 'SW31')_t4_min: 585
	F8_('SW11', 'SW21')_rr: 1
	F5_('SW31', 'SW41')_t4_max: 25810
	('SW32', 'SW42')_gcl_cycle: 32000
	F0_('BFCU', 'SW22')_rr: 0
	('SW31', 'SW21')_gcl_cycle: 4000
	F11_('RCM1', 'SW31')_rr: 0
	F13_('SW22', 'CMRIU2')_t3_min: 1260
	F15_('SW6', 'SMRIU2')_tb: 124797
	F19_('SW52', 'SW42')_gc: True
	F15_('CM1CA', 'SW41')_t3_max: 124168
	F17_('SW6', 'SW31')_t4_min: 109406
	F3_('SW52', 'SM2CB')_t4_min: 31691
	F19_('SM2CB', 'SW52')_gc: False
	F8_('SW31', 'FCM1')_rr: 0
	F1_queue_index: 0
	F7_('SW31', 'SW21')_t4_max: 270
	F2_('SW41', 'CM1CA')_rr: 0
	F1_('SW21', 'SW31')_t3_min: 29350
	F12_('DU3', 'SW11')_gc: False
	F5_('SW51', 'SM1CB')_gc: False
	F9_('SW31', 'SW21')_rr: 0
	F5_('SW41', 'SW51')_t4_min: 25496
	F12_('SW13', 'MIMU2')_t4_min: 15585
	F2_jitter: 258
	F19_jitter: 387
	('SW6', 'SMRIU1')_gcl_cycle: 1
	('SW41', 'CM1CA')_gcl_cycle: 1
	F9_('SW13', 'StarTr1')_t3_min: 546
	F9_('SM1CB', 'SW51')_t3_min: 1
	F15_('SW31', 'SW6')_gc: True
	F16_jitter: 258
	F12_('DU3', 'SW11')_t5_min: 15525
	F8_('DU2', 'SW11')_t3_max: 12680
	F8_('SW31', 'FCM1')_gc: False
	F14_('SW21', 'SW31')_rr: 0
	F12_('SW11', 'SW21')_t4_min: 15527
	F14_('SW13', 'SW21')_t4_max: 1114
	('SW41', 'CM1CB')_gcl_cycle: 1
	F8_('SW21', 'SW31')_gc: False
	F12_('SW11', 'SW21')_rr: 0
	F7_('SW21', 'SW13')_gc: True
	F6_('FCM1', 'SW31')_gc: False
	('SW31', 'SW6')_gcl_cycle: 128000
	('SW52', 'SM2CB')_gcl_cycle: 1
	F7_('RCM1', 'SW31')_gc: False
	('SW31', 'SW8')_gcl_length: 0
	F6_('SW31', 'SW6')_t4_max: 124569
	('BFCU', 'SW22')_gcl_cycle: 1
	F2_('SW31', 'SW41')_t4_max: 10011
	('MIMU3', 'SW13')_gcl_cycle: 1
	('SW32', 'SW22')_gcl_cycle: 1
	F18_('SW31', 'SW21')_t4_max: 1812
	('SW22', 'SW32')_gcl_cycle: 32000
	F9_('SM1CB', 'SW51')_t3_max: -123
	F1_('SW6', 'SMRIU1')_tb: 29450
	F5_('SW51', 'SM1CB')_t4_max: 26214
	F1_('SW31', 'SW6')_t5_max: 29835
	F13_('SW22', 'CMRIU2')_t5_min: 1570
	F15_('CM1CA', 'SW41')_t5_min: 124373
	F9_('SW31', 'SW21')_t5_min: 435
	F15_('SW41', 'SW31')_t3_min: 124375
	F12_('SW11', 'SW21')_tb: 15527
	F8_('SW21', 'SW31')_tb: 13004
	F17_('SMRIU1', 'SW6')_t3_min: 109396
	F1_('SW6', 'SMRIU1')_t4_max: 29966
	F1_('MIMU3', 'SW13')_t5_max: 29298
	F5_('SW12', 'SW21')_t5_max: 25477
	F9_('SW21', 'SW13')_t5_max: 1060
	F1_('SW31', 'SW6')_tb: 29400
	F17_('SMRIU1', 'SW6')_t5_min: 109404
	('CM1CA', 'SW41')_gcl_length: 0
	F3_('StarTr2', 'SW13')_t5_max: 31466
	F19_('SW22', 'CMRIU2')_t4_max: 15944
	F5_('SW21', 'SW31')_t5_max: 25679
	F3_('SW32', 'SW42')_t3_min: 31582
	F5_('SW31', 'SW41')_t5_min: 25494
	F5_('SW12', 'SW21')_tb: 25277
	F2_('LCM1', 'SW31')_tb: 9786
	F9_('SW41', 'SW31')_t3_max: 353
	F4_('SW22', 'CMRIU2')_t3_max: 15386
	F0_('SW22', 'SW32')_t5_min: 127395
	F9_('SW13', 'StarTr1')_t4_max: 1191
	F11_('SW41', 'CM1CB')_t5_min: 26305
	F7_('SW13', 'MIMU3')_t5_max: 584
	F4_('CM2CA', 'SW42')_tb: 14979
	F6_('FCM1', 'SW31')_t4_min: 124422
	F16_('CM1CA', 'SW41')_tb: 486
	F16_('CM1CA', 'SW41')_t4_max: 486
	F3_('SW22', 'SW32')_t3_min: 31525
	F0_('BFCU', 'SW22')_t3_min: 127293
	F2_('LCM1', 'SW31')_t5_min: 9880
	F18_('SW21', 'CMRIU1')_tb: 1909
	F17_('SMRIU1', 'SW6')_t4_max: 109396
	F17_('SW13', 'StarTr1')_t3_max: 109828
	F17_('SW6', 'SW31')_t3_min: 109406
	F14_('SW21', 'SW31')_t5_min: 1220
	F3_('SW42', 'SW52')_t5_min: 31689
	F3_('SW22', 'SW32')_t5_min: 31580
	('SW52', 'SW42')_gcl_length: 2
	F10_('SW52', 'SM2CB')_t5_max: 60992
	F1_('MIMU3', 'SW13')_t4_min: 29250
	F5_('SW51', 'SM1CB')_t3_min: 25569
	F18_('LCM1', 'SW31')_t5_max: 1681
	F7_('SW13', 'MIMU3')_t5_min: 455
	F15_('SW31', 'SW6')_t5_max: 124795
	F0_('SW22', 'SW32')_t3_min: 127345
	F17_('SW21', 'SW13')_t3_min: 109426
	F7_('SW21', 'SW13')_t5_max: 436
	F12_('DU3', 'SW11')_t3_min: 15498
	F13_('SBAND1', 'SW12')_t4_min: 1150
	F13_('SW12', 'SW22')_t3_min: 1205
	('DU3', 'SW11')_gcl_length: 0
	F17_('SW13', 'StarTr1')_t5_min: 109444
	F15_('SW31', 'SW6')_t5_min: 124795
	F11_('RCM1', 'SW31')_t4_min: 26008
	F4_('SW32', 'SW22')_t5_max: 15379
	F6_('FCM1', 'SW31')_tb: 124422
	F10_('RCM1', 'SW31')_t5_min: 60245
	F17_('SW31', 'SW21')_tb: 109416
	F2_('SW41', 'CM1CA')_t5_min: 10072
	('SW42', 'SW52')_gcl_length: 0
	F6_('FCM1', 'SW31')_t3_min: 124422
	F6_('SW6', 'SMRIU1')_t3_max: 124592
	F8_('SW31', 'FCM1')_tb: 13040
	F9_('SW13', 'StarTr1')_tb: 546
	F18_('SW21', 'CMRIU1')_t4_max: 1909
	F6_('SW6', 'SMRIU1')_tb: 124458
	F8_('SW11', 'SW21')_t3_min: 12840
	F7_('SW13', 'MIMU3')_t3_min: 438
	F1_('SW13', 'SW21')_t5_max: 29477
	F7_('SW21', 'SW13')_t3_max: 294
	F4_('SW22', 'CMRIU2')_t5_min: 15169
	F9_('SW31', 'SW21')_tb: 328
	F1_('MIMU3', 'SW13')_tb: 29250
	F9_('SM1CB', 'SW51')_t4_max: 1
	F0_('SW32', 'LCM2')_t5_max: 127705
	F2_('SW31', 'SW41')_t5_min: 9976
	F15_('CM1CA', 'SW41')_t4_max: 124292
	('SW41', 'SW51')_gcl_length: 0
	F14_('SW31', 'LCM1')_t3_max: 1356
	F14_('SW13', 'SW21')_tb: 1114
	F1_('SW6', 'SMRIU1')_t3_max: 29842
	F10_('RCM1', 'SW31')_t3_min: 60127
	F5_('SW31', 'SW41')_t5_max: 25881
	F19_('SM2CB', 'SW52')_t4_max: 15324
	F7_('RCM1', 'SW31')_t5_min: 263
	F2_('SW31', 'SW41')_t5_max: 10105
	F16_('SW31', 'FCM1')_t3_min: 684
	F19_('SM2CB', 'SW52')_t4_min: 15324
	F2_('SW41', 'CM1CA')_t5_max: 10330
	F14_('SW21', 'SW31')_t5_max: 1349
	F0_('BFCU', 'SW22')_t4_max: 127293
	('SW31', 'FCM1')_gcl_length: 0
	F15_('CM1CA', 'SW41')_t4_min: 124292
	F3_('SW13', 'SW22')_tb: 31473
	('SW12', 'SW21')_gcl_length: 0
	('SW11', 'SW21')_gcl_length: 2
	('StarTr2', 'SW13')_gcl_length: 0
	F4_('SW42', 'SW32')_t3_min: 15027
	F7_('SW21', 'SW13')_t3_min: 289
	F17_('SW21', 'SW13')_t3_max: 109689
	F5_('SW51', 'SM1CB')_tb: 25569
	F16_('SW31', 'FCM1')_t5_min: 781
	F19_('SW42', 'SW32')_t5_min: 15498
	F9_('SW21', 'SW13')_t5_min: 544
	F10_('SW52', 'SM2CB')_t4_max: 60874
	F5_('SW51', 'SM1CB')_t5_max: 26285
	F7_('SW31', 'SW21')_tb: 270
	F11_('SW41', 'CM1CB')_t3_min: 26209
	F19_('SW52', 'SW42')_t5_max: 15441
	F14_('SW31', 'LCM1')_t4_max: 1480
	('BFCU', 'SW22')_gcl_length: 0
	F4_('SW32', 'SW22')_tb: 15075
	('SW13', 'StarTr1')_gcl_length: 0
	F19_('SW32', 'SW22')_tb: 15500
	F4_('CM2CA', 'SW42')_t5_min: 15025
	F19_('SW42', 'SW32')_tb: 15443
	('SW21', 'SW13')_gcl_length: 2
	('SW21', 'SW31')_gcl_length: 0
	F2_('LCM1', 'SW31')_t4_min: 9786
	F1_('SW21', 'SW31')_t5_max: 29656
	F16_('SW41', 'SW31')_t5_min: 682
	F0_('SW22', 'SW32')_t5_max: 127524
	F9_('SW31', 'SW21')_t3_max: 591
	F14_('MIMU2', 'SW13')_t5_min: 1107
	F3_('SW52', 'SM2CB')_t5_min: 31741
	F10_('SW52', 'SM2CB')_tb: 60487
	F19_('SW52', 'SW42')_t3_min: 15381
	F9_('SW13', 'StarTr1')_t5_min: 653
	F11_('SW41', 'CM1CB')_t4_max: 26338
	('SW41', 'SW31')_gcl_length: 2
	F10_('SW8', 'SW52')_t5_min: 60485
	F9_('SW13', 'StarTr1')_t5_max: 1298
	('RCM1', 'SW31')_gcl_length: 0
	F7_('RCM1', 'SW31')_t3_min: 246
	F2_('LCM1', 'SW31')_t3_min: 9786
	F3_('SW22', 'SW32')_t5_max: 31580
	('SW32', 'LCM2')_gcl_length: 0
	F15_('SW41', 'SW31')_tb: 124503
	F13_('SW22', 'CMRIU2')_tb: 1517
	('SMRIU1', 'SW6')_gcl_length: 0
	F3_('SW13', 'SW22')_t3_min: 31468
	F9_('SW51', 'SW41')_t3_min: 110
	F1_('SW31', 'SW6')_t3_min: 29400
	F5_('SW21', 'SW31')_t3_max: 25484
	F18_('SW21', 'CMRIU1')_t5_min: 1999
	F8_('DU2', 'SW11')_t4_min: 12804
	F6_('SW6', 'SMRIU1')_t3_min: 124458
	('SW6', 'SMRIU1')_gcl_length: 0
	F10_('RCM1', 'SW31')_t4_min: 60127
	F10_('SW8', 'SW52')_tb: 60367
	F14_('SW13', 'SW21')_t5_min: 1166
	F9_('SW51', 'SW41')_t5_max: 346
	F17_('SW21', 'SW13')_t5_max: 109821
	F15_('SW6', 'SMRIU2')_t5_max: 125007
	F14_('SW21', 'SW31')_t3_max: 1173
	F0_('BFCU', 'SW22')_t4_min: 127293
	F17_('SW6', 'SW31')_tb: 109406
	F4_('SW42', 'SW32')_tb: 15027
	F19_('SM2CB', 'SW52')_t5_min: 15379
	F11_('RCM1', 'SW31')_t4_max: 26008
	F17_('SW31', 'SW21')_t5_min: 109424
	F18_('LCM1', 'SW31')_t4_max: 1591
	F9_('SM1CB', 'SW51')_t4_min: 1
	F1_('SW13', 'SW21')_t5_min: 29348
	F2_('LCM1', 'SW31')_t4_max: 9786
	F8_('SW31', 'FCM1')_t3_min: 13040
	F12_('SW13', 'MIMU2')_t5_min: 15612
	F2_('SW41', 'CM1CA')_t3_min: 9978
	F18_('SW31', 'SW21')_t5_min: 1773
	F3_('StarTr2', 'SW13')_t4_min: 31416
	F5_('SW21', 'SW31')_tb: 25350
	F15_('SW31', 'SW6')_tb: 124714
	F7_('SW31', 'SW21')_t3_min: 265
	F4_('SW22', 'CMRIU2')_t5_max: 15556
	F8_('SW31', 'FCM1')_t5_max: 13332
	F6_('SW31', 'SW6')_t3_min: 124440
	F12_('SW13', 'MIMU2')_t3_max: 15848
	F1_('MIMU3', 'SW13')_t5_min: 29298
	F12_('SW21', 'SW13')_t5_max: 15841
	F2_('SW31', 'SW41')_t3_min: 9882
	F9_('SM1CB', 'SW51')_t5_min: 108
	('SW41', 'CM1CB')_gcl_length: 0
	F16_('CM1CA', 'SW41')_t5_min: 583
	F8_('DU2', 'SW11')_t5_min: 12838
	F3_('SW13', 'SW22')_t5_min: 31523
	F8_('SW21', 'SW31')_t3_min: 13004
	F14_('SW21', 'SW31')_tb: 1168
	('SW41', 'CM1CA')_gcl_length: 0
	F10_('SW8', 'SW52')_t3_min: 60367
	F12_('DU3', 'SW11')_tb: 15498
	F16_('SW41', 'SW31')_t3_min: 585
	F5_('SBAND1', 'SW12')_t4_max: 25204
	F4_('SW32', 'SW22')_t3_max: 15209
	F6_('SW31', 'SW6')_t5_min: 124456
	('SW42', 'SW32')_gcl_length: 0
	F15_('SW6', 'SMRIU2')_t5_min: 124878
	F10_('SW31', 'SW8')_t5_min: 60365
	F17_('SW13', 'StarTr1')_t4_max: 109952
	F13_('SW22', 'CMRIU2')_t5_max: 1570
	('SW51', 'SM1CB')_gcl_length: 0
	('SW12', 'SW22')_gcl_length: 0
	F7_('SW13', 'MIMU3')_t3_max: 443
	F5_('SW51', 'SM1CB')_t3_max: 26090
	F5_('SW41', 'SW51')_t3_max: 25888
	F17_('SW21', 'SW13')_t5_min: 109434
	F5_('SW41', 'SW51')_tb: 25496
	F5_('SBAND1', 'SW12')_t4_min: 25204
	F19_('SW42', 'SW32')_t5_max: 15627
	F19_('SM2CB', 'SW52')_tb: 15324
	F18_('LCM1', 'SW31')_t5_min: 1681
	F6_('SW6', 'SMRIU1')_t4_max: 124716
	('SW51', 'SW41')_gcl_length: 0
	('SW32', 'SW42')_gcl_length: 2
	('SW13', 'SW22')_gcl_length: 2
	F18_('SW21', 'CMRIU1')_t3_max: 1909
	F11_('RCM1', 'SW31')_t5_max: 26104
	F16_('SW41', 'SW31')_tb: 585
	F10_('RCM1', 'SW31')_tb: 60127
	F1_('SW21', 'SW31')_t3_max: 29484
	F6_('SW31', 'SW6')_tb: 124440
	F10_('SW8', 'SW52')_t5_max: 60743
	F19_('SW22', 'CMRIU2')_t5_min: 15612
	F1_('SW13', 'SW21')_t3_min: 29300
	F12_('SW21', 'SW13')_t5_min: 15583
	F0_('BFCU', 'SW22')_tb: 127293
	F15_('SW6', 'SMRIU2')_t3_max: 124802
	F3_('SW32', 'SW42')_t5_max: 31637
	F2_('SW41', 'CM1CA')_t3_max: 10112
	F12_('SW13', 'MIMU2')_t5_max: 15999
	F5_('SBAND1', 'SW12')_t3_min: 25204
	F1_('MIMU3', 'SW13')_t3_min: 29250
	F12_('SW21', 'SW13')_t3_max: 15690
	F15_('CM1CA', 'SW41')_t3_min: 124292
	F14_('MIMU2', 'SW13')_t4_max: 1055
	F16_('SW31', 'FCM1')_t3_max: 818
	F0_('BFCU', 'SW22')_t5_max: 127343
	F9_('SW41', 'SW31')_t5_min: 326
	F1_('SW13', 'SW21')_tb: 29300
	F3_('SW52', 'SM2CB')_t3_min: 31691
	F3_('SW52', 'SM2CB')_tb: 31691
	F5_('SW31', 'SW41')_tb: 25423
	F17_('SW31', 'SW21')_t5_max: 109682
	F6_('SW6', 'SMRIU1')_t5_min: 124474
	F1_('SW31', 'SW6')_t3_max: 29663
	F14_('MIMU2', 'SW13')_t3_min: 1055
	F3_('SW32', 'SW42')_t5_min: 31637
	F1_('MIMU3', 'SW13')_t4_max: 29250
	F13_('SBAND1', 'SW12')_t3_min: 1150
	F8_('SW11', 'SW21')_t5_min: 13002
	F8_('SW31', 'FCM1')_t4_max: 13298
	F6_('SW31', 'SW6')_t5_max: 124585
	F4_('SW32', 'SW22')_t3_min: 15075
	F1_('SW21', 'SW31')_t5_min: 29398
	F2_('SW41', 'CM1CA')_tb: 9978
	F17_('SMRIU1', 'SW6')_t4_min: 109396
	F7_('RCM1', 'SW31')_t4_max: 246
	F2_('SW41', 'CM1CA')_t4_max: 10236
	F12_('DU3', 'SW11')_t5_max: 15525
	F11_('SW41', 'CM1CB')_tb: 26209
	('SW22', 'SW32')_gcl_length: 2
	F5_('SW21', 'SW31')_t3_min: 25350
	F9_('SW21', 'SW13')_tb: 437
	F9_('SW51', 'SW41')_tb: 110
	F18_('LCM1', 'SW31')_t3_min: 1591
	F19_('SW32', 'SW22')_t3_max: 15634
	F4_('SW42', 'SW32')_t5_max: 15202
	F16_('SW31', 'FCM1')_tb: 684
	F3_('SW42', 'SW52')_t3_min: 31639
	F15_('SW6', 'SMRIU2')_t3_min: 124797
	('CM2CA', 'SW42')_gcl_length: 0
	('SW52', 'SM2CB')_gcl_length: 0
	F17_('SW31', 'SW21')_t3_max: 109550
	('SW6', 'SW31')_gcl_length: 0
	F10_('RCM1', 'SW31')_t4_max: 60127
	F19_('SM2CB', 'SW52')_t5_max: 15379
	F15_('SW31', 'SW6')_t3_max: 124591
	F1_('SW6', 'SMRIU1')_t3_min: 29450
	F8_('SW11', 'SW21')_tb: 12968
	F19_('SM2CB', 'SW52')_t3_min: 15324
	F10_('SW52', 'SM2CB')_t5_min: 60605
	F9_('SM1CB', 'SW51')_tb: 1
	F19_('SW22', 'CMRIU2')_t3_min: 15557
	F3_('SW22', 'SW32')_tb: 31530
	F9_('SW41', 'SW31')_t5_max: 584
	F12_('DU3', 'SW11')_t4_min: 15498
	F11_('SW41', 'CM1CB')_t5_max: 26434
	F13_('SBAND1', 'SW12')_tb: 1150
	F19_('SW32', 'SW22')_t5_max: 15813
	F8_('DU2', 'SW11')_t5_max: 12838
	F3_('SW42', 'SW52')_t5_max: 31818
	F0_('BFCU', 'SW22')_t5_min: 127343
	F13_('SW22', 'CMRIU2')_t3_max: 1394
	F14_('MIMU2', 'SW13')_tb: 1055
	F12_('SW13', 'MIMU2')_t3_min: 15585
	F3_('SW52', 'SM2CB')_t3_max: 31825
	F17_('SMRIU1', 'SW6')_tb: 109396
	F8_('DU2', 'SW11')_t3_min: 12804
	F9_('SW31', 'SW21')_t5_max: 822
	F16_('SW31', 'FCM1')_t4_max: 942
	('SW8', 'SW52')_gcl_length: 0
	F2_('SW31', 'SW41')_tb: 9882
	('SW21', 'CMRIU1')_gcl_length: 2
	F7_('RCM1', 'SW31')_t5_max: 263
	F10_('SW52', 'SM2CB')_t3_max: 60750
	F12_('SW11', 'SW21')_t5_min: 15554
	F5_('SW21', 'SW31')_t5_min: 25421
	F11_('SW31', 'SW41')_tb: 26111
	F12_('SW21', 'SW13')_t3_min: 15556
	F17_('SW13', 'StarTr1')_tb: 109436
	('SM2CB', 'SW52')_gcl_length: 0
	F7_('SW21', 'SW13')_tb: 419
	F13_('SW22', 'CMRIU2')_t4_max: 1517
	('SW31', 'LCM1')_gcl_length: 0
	F15_('CM1CA', 'SW41')_t5_max: 124373
	F17_('SMRIU1', 'SW6')_t5_max: 109404
	F5_('SW12', 'SW21')_t5_min: 25348
	F11_('SW31', 'SW41')_t3_min: 26106
	F19_('SW22', 'CMRIU2')_t5_max: 15999
	F15_('SW41', 'SW31')_t5_min: 124584
	F11_('SW31', 'SW41')_t5_max: 26207
	F17_('SW21', 'SW13')_tb: 109426
	F19_('SW42', 'SW32')_t3_max: 15448
	F4_('SW32', 'SW22')_t5_min: 15121
	F8_('SW11', 'SW21')_t5_max: 13002
	F8_('SW31', 'FCM1')_t5_min: 13074
	F6_('FCM1', 'SW31')_t5_min: 124438
	F5_('SW41', 'SW51')_t5_max: 26083
	F10_('SW31', 'SW8')_t5_max: 60494
	F8_('DU2', 'SW11')_tb: 12804
	F18_('SW31', 'SW21')_tb: 1683
	F14_('SW31', 'LCM1')_t5_min: 1274
	F9_('SW41', 'SW31')_tb: 219
	F16_('CM1CA', 'SW41')_t5_max: 583
	F4_('SW42', 'SW32')_t5_min: 15073
	F17_('SW13', 'StarTr1')_t3_min: 109436
	F17_('SW6', 'SW31')_t5_max: 109543
	F17_('SW6', 'SW31')_t5_min: 109414
	F0_('SW32', 'LCM2')_t3_max: 127531
	('SW22', 'CMRIU2')_gcl_length: 2
	F6_('FCM1', 'SW31')_t5_max: 124438
	('LCM1', 'SW31')_gcl_length: 0
	F7_('SW21', 'SW13')_t5_min: 436
	F6_('FCM1', 'SW31')_t4_max: 124422
	F8_('SW21', 'SW31')_t5_min: 13038
	F7_('SW31', 'SW21')_t5_max: 287
	F0_('SW32', 'LCM2')_t5_min: 127447
	F8_('SW31', 'FCM1')_t3_max: 13174
	F15_('SW6', 'SMRIU2')_t4_max: 124926
	F14_('MIMU2', 'SW13')_t5_max: 1107
	F14_('SW31', 'LCM1')_tb: 1222
	F9_('SW41', 'SW31')_t3_min: 219
	F10_('SW8', 'SW52')_t3_max: 60501
	F5_('SBAND1', 'SW12')_t5_max: 25275
	F7_('SW31', 'SW21')_t5_min: 287
	F18_('SW21', 'CMRIU1')_t5_max: 1999
	F3_('SW52', 'SM2CB')_t4_max: 31949
	F14_('SW31', 'LCM1')_t5_max: 1532
	('SW13', 'MIMU3')_gcl_length: 0
	F14_('SW13', 'SW21')_t5_max: 1166
	F11_('RCM1', 'SW31')_t5_min: 26104
	('MIMU2', 'SW13')_gcl_length: 0
	F4_('CM2CA', 'SW42')_t4_max: 14979
	F12_('SW11', 'SW21')_t3_min: 15527
	F14_('SW21', 'SW31')_t3_min: 1168
	F16_('CM1CA', 'SW41')_t4_min: 486
	F13_('SW12', 'SW22')_t5_max: 1387
	F12_('SW11', 'SW21')_t5_max: 15683
	('SBAND1', 'SW12')_gcl_length: 0
	F16_('SW41', 'SW31')_t5_max: 811
	F1_('SW31', 'SW6')_t5_min: 29448
	F0_('SW32', 'LCM2')_t4_max: 127655
	('SW6', 'SMRIU2')_gcl_length: 0
	F12_('SW13', 'MIMU2')_tb: 15585
	F5_('SBAND1', 'SW12')_tb: 25204
	F3_('SW22', 'SW32')_t3_max: 31530
	('MIMU3', 'SW13')_gcl_length: 0
	F13_('SBAND1', 'SW12')_t5_min: 1203
	F18_('SW31', 'SW21')_t3_min: 1683
	F0_('SW32', 'LCM2')_t3_min: 127397
	F16_('CM1CA', 'SW41')_t3_min: 486
	F11_('SW41', 'CM1CB')_t3_max: 26214
	F3_('SW52', 'SM2CB')_t5_max: 31999
	F12_('SW13', 'MIMU2')_t4_max: 15972
	F17_('SW13', 'StarTr1')_t5_max: 109960
	F13_('SW12', 'SW22')_t5_min: 1258
	F10_('RCM1', 'SW31')_t5_max: 60245
	F16_('SW31', 'FCM1')_t5_max: 1039
	('SM1CB', 'SW51')_gcl_length: 0
	F19_('SW52', 'SW42')_tb: 15386
	F18_('SW31', 'SW21')_t5_max: 1902
	F3_('StarTr2', 'SW13')_t4_max: 31416
	F18_('LCM1', 'SW31')_t4_min: 1591
	F0_('SW22', 'SW32')_tb: 127345
	F8_('DU2', 'SW11')_t4_max: 12804
	F1_('SW6', 'SMRIU1')_t5_max: 30014
	F18_('SW21', 'CMRIU1')_t3_min: 1775
	F11_('RCM1', 'SW31')_t3_min: 26008
	F13_('SW12', 'SW22')_tb: 1205
	F8_('SW21', 'SW31')_t3_max: 13009
	F2_('LCM1', 'SW31')_t5_max: 9880
	F19_('SW42', 'SW32')_t3_min: 15443
	F18_('LCM1', 'SW31')_tb: 1591
	F7_('SW13', 'MIMU3')_t4_max: 567
	F4_('SW22', 'CMRIU2')_t3_min: 15123
	F1_('SW21', 'SW31')_tb: 29350
	F19_('SW52', 'SW42')_t5_min: 15441
	F9_('SW13', 'StarTr1')_t3_max: 1067
	F5_('SW31', 'SW41')_t3_max: 25686
	F5_('SW31', 'SW41')_t3_min: 25423
	F19_('SW32', 'SW22')_t3_min: 15500
	F8_('SW21', 'SW31')_t5_max: 13167
	F5_('SW12', 'SW21')_t3_min: 25277
