0. Flow F0 [LCM1-->SMRIU2] with period 8000, payload 1376B, e2e delay 8000us, jitter 800us
	('LCM1', 'SW31'), Operation(429, None, 540)(429, 429)
	('SW31', 'SW6'), Operation(542, None, 782)(542, 671)
	('SW6', 'SMRIU2'), Operation(655, 789, 900)(789, 789)
1. Flow F1 [MIMU2-->SM2CA] with period 2000, payload 161B, e2e delay 2000us, jitter 200us
	('MIMU2', 'SW13'), Operation(553, None, 566)(553, 553)
	('SW13', 'SW22'), Operation(568, 573, 586)(573, 573)
	('SW22', 'SW32'), Operation(588, None, 730)(588, 717)
	('SW32', 'SW42'), Operation(603, 737, 750)(737, 737)
	('SW42', 'SW52'), Operation(752, None, 894)(752, 881)
	('SW52', 'SM2CA'), Operation(767, 901, 914)(901, 901)
2. Flow F2 [RCM2-->CMRIU1] with period 32000, payload 1272B, e2e delay 32000us, jitter 3200us
	('RCM2', 'SW32'), Operation(30673, None, 30775)(30673, 30673)
	('SW32', 'SW7'), Operation(30777, None, 31008)(30777, 30906)
	('SW7', 'SW21'), Operation(30881, 31015, 31117)(31015, 31015)
	('SW21', 'CMRIU1'), Operation(31119, None, 31350)(31119, 31248)
3. Flow F3 [StarTr2-->CMRIU2] with period 8000, payload 640B, e2e delay 8000us, jitter 800us
	('StarTr2', 'SW13'), Operation(533, None, 585)(533, 533)
	('SW13', 'SW22'), Operation(587, 592, 644)(592, 592)
	('SW22', 'CMRIU2'), Operation(646, None, 827)(646, 775)
4. Flow F4 [SM2CA-->DU2] with period 128000, payload 888B, e2e delay 128000us, jitter 12800us
	('SM2CA', 'SW52'), Operation(127010, None, 127082)(127010, 127010)
	('SW52', 'SW8'), Operation(127084, 127089, 127161)(127089, 127089)
	('SW8', 'SW31'), Operation(127163, 127168, 127240)(127168, 127168)
	('SW31', 'SW21'), Operation(127242, None, 127443)(127242, 127371)
	('SW21', 'SW11'), Operation(127316, None, 127646)(127316, 127574)
	('SW11', 'DU2'), Operation(127390, None, 127849)(127390, 127777)
5. Flow F5 [CMRIU2-->LCM2] with period 64000, payload 75B, e2e delay 64000us, jitter 6400us
	('CMRIU2', 'SW22'), Operation(40723, None, 40729)(40723, 40723)
	('SW22', 'SW32'), Operation(40731, None, 40866)(40731, 40860)
	('SW32', 'LCM2'), Operation(40739, None, 41003)(40739, 40997)
6. Flow F6 [CM2CB-->LCM1] with period 32000, payload 326B, e2e delay 32000us, jitter 3200us
	('CM2CB', 'SW42'), Operation(30951, None, 30978)(30951, 30951)
	('SW42', 'SW32'), Operation(30980, None, 31136)(30980, 31109)
	('SW32', 'SW7'), Operation(31009, 31143, 31170)(31143, 31143)
	('SW7', 'SW31'), Operation(31172, 31177, 31204)(31177, 31177)
	('SW31', 'LCM1'), Operation(31206, None, 31362)(31206, 31335)
7. Flow F7 [StarTr1-->MIMU1] with period 4000, payload 598B, e2e delay 4000us, jitter 400us
	('StarTr1', 'SW13'), Operation(773, None, 821)(773, 773)
	('SW13', 'MIMU1'), Operation(823, 828, 876)(828, 828)
8. Flow F8 [FCM1-->CM1CA] with period 8000, payload 1368B, e2e delay 8000us, jitter 800us
	('FCM1', 'SW31'), Operation(1, None, 111)(1, 1)
	('SW31', 'SW41'), Operation(113, None, 352)(113, 242)
	('SW41', 'CM1CA'), Operation(225, None, 593)(225, 483)
9. Flow F9 [SBAND2-->FCM1] with period 32000, payload 975B, e2e delay 32000us, jitter 3200us
	('SBAND2', 'SW12'), Operation(1, None, 79)(1, 1)
	('SW12', 'SW21'), Operation(81, None, 288)(81, 210)
	('SW21', 'SW31'), Operation(161, None, 497)(161, 419)
	('SW31', 'FCM1'), Operation(241, None, 706)(241, 628)
10. Flow F10 [DU4-->DU2] with period 64000, payload 244B, e2e delay 64000us, jitter 6400us
	('DU4', 'SW14'), Operation(63650, None, 63670)(63650, 63650)
	('SW14', 'SW21'), Operation(63672, None, 63821)(63672, 63801)
	('SW21', 'SW11'), Operation(63694, 63828, 63848)(63828, 63828)
	('SW11', 'DU2'), Operation(63850, None, 63999)(63850, 63979)
11. Flow F11 [FCM1-->DU3] with period 32000, payload 265B, e2e delay 32000us, jitter 3200us
	('FCM1', 'SW31'), Operation(8112, None, 8134)(8112, 8112)
	('SW31', 'SW21'), Operation(8136, None, 8287)(8136, 8265)
	('SW21', 'SW11'), Operation(8160, None, 8440)(8160, 8418)
	('SW11', 'DU3'), Operation(8184, None, 8593)(8184, 8571)
12. Flow F12 [LCM1-->CMRIU2] with period 8000, payload 1142B, e2e delay 8000us, jitter 800us
	('LCM1', 'SW31'), Operation(541, None, 633)(541, 541)
	('SW31', 'SW7'), Operation(635, 640, 732)(640, 640)
	('SW7', 'SW22'), Operation(734, None, 955)(734, 863)
	('SW22', 'CMRIU2'), Operation(828, None, 1178)(828, 1086)
13. Flow F13 [SBAND1-->SM2CA] with period 64000, payload 1438B, e2e delay 64000us, jitter 6400us
	('SBAND1', 'SW12'), Operation(58490, None, 58606)(58490, 58490)
	('SW12', 'SW22'), Operation(58608, 58613, 58729)(58613, 58613)
	('SW22', 'SW32'), Operation(58731, 58736, 58852)(58736, 58736)
	('SW32', 'SW42'), Operation(58854, None, 59099)(58854, 58983)
	('SW42', 'SW52'), Operation(58972, None, 59346)(58972, 59230)
	('SW52', 'SM2CA'), Operation(59090, None, 59593)(59090, 59477)
14. Flow F14 [StarTr1-->FCM2] with period 8000, payload 1137B, e2e delay 8000us, jitter 800us
	('StarTr1', 'SW13'), Operation(681, None, 772)(681, 681)
	('SW13', 'SW22'), Operation(774, None, 994)(774, 903)
	('SW22', 'SW32'), Operation(867, None, 1216)(867, 1125)
	('SW32', 'FCM2'), Operation(960, None, 1438)(960, 1347)
15. Flow F15 [LCM1-->RCM2] with period 8000, payload 618B, e2e delay 8000us, jitter 800us
	('LCM1', 'SW31'), Operation(310, None, 360)(310, 310)
	('SW31', 'SW6'), Operation(362, None, 541)(362, 491)
	('SW6', 'SW32'), Operation(414, 548, 598)(548, 548)
	('SW32', 'RCM2'), Operation(600, None, 779)(600, 729)
16. Flow F16 [DU3-->FCM2] with period 16000, payload 121B, e2e delay 16000us, jitter 1600us
	('DU3', 'SW11'), Operation(14707, None, 14717)(14707, 14707)
	('SW11', 'SW22'), Operation(14719, None, 14858)(14719, 14848)
	('SW22', 'SW32'), Operation(14731, None, 14999)(14731, 14989)
	('SW32', 'FCM2'), Operation(14743, None, 15140)(14743, 15130)
17. Flow F17 [LCM2-->DU5] with period 16000, payload 368B, e2e delay 16000us, jitter 1600us
	('LCM2', 'SW32'), Operation(15187, None, 15217)(15187, 15187)
	('SW32', 'SW22'), Operation(15219, 15224, 15254)(15224, 15224)
	('SW22', 'SW14'), Operation(15256, 15261, 15291)(15261, 15261)
	('SW14', 'DU5'), Operation(15293, None, 15452)(15293, 15422)
18. Flow F18 [SM1CA-->CM2CB] with period 8000, payload 639B, e2e delay 8000us, jitter 800us
	('SM1CA', 'SW51'), Operation(1, None, 53)(1, 1)
	('SW51', 'SW8'), Operation(55, None, 236)(55, 184)
	('SW8', 'SW32'), Operation(109, None, 419)(109, 367)
	('SW32', 'SW42'), Operation(163, None, 602)(163, 550)
	('SW42', 'CM2CB'), Operation(217, None, 785)(217, 733)
19. Flow F19 [CM2CA-->StarTr1] with period 64000, payload 1446B, e2e delay 64000us, jitter 6400us
	('CM2CA', 'SW42'), Operation(63019, None, 63135)(63019, 63019)
	('SW42', 'SW32'), Operation(63137, None, 63382)(63137, 63266)
	('SW32', 'SW22'), Operation(63255, 63389, 63505)(63389, 63389)
	('SW22', 'SW13'), Operation(63507, None, 63752)(63507, 63636)
	('SW13', 'StarTr1'), Operation(63625, None, 63999)(63625, 63883)

SMT variables: 
	F19_('SW32', 'SW22')_rr: 1
	F2_('SW32', 'SW7')_t5_max: 31008
	F5_('CMRIU2', 'SW22')_t3_min: 40723
	F15_('SW6', 'SW32')_rr: 1
	F7_('SW13', 'MIMU1')_rr: 1
	F16_('SW32', 'FCM2')_gc: False
	F7_queue_index: 0
	F15_('SW32', 'RCM2')_t4_min: 600
	('RCM2', 'SW32')_gcl_cycle: 1
	F3_('SW13', 'SW22')_rr: 1
	F5_('SW32', 'LCM2')_rr: 0
	F10_('SW14', 'SW21')_t4_max: 63801
	('SW31', 'LCM1')_gcl_cycle: 1
	F14_('SW32', 'FCM2')_t4_min: 960
	F13_('SW42', 'SW52')_t4_min: 58972
	F14_('SW13', 'SW22')_t4_min: 774
	F16_('SW11', 'SW22')_t4_max: 14848
	F16_('SW32', 'FCM2')_t4_min: 14743
	F19_('SW13', 'StarTr1')_gc: False
	F10_('DU4', 'SW14')_rr: 0
	F16_('SW11', 'SW22')_rr: 0
	F12_('LCM1', 'SW31')_gc: False
	('MIMU2', 'SW13')_gcl_cycle: 1
	F1_('SW52', 'SM2CA')_t4_min: 901
	F14_('SW13', 'SW22')_t4_max: 903
	F13_('SW52', 'SM2CA')_t4_min: 59090
	F15_('LCM1', 'SW31')_t3_min: 310
	F5_queue_index: 0
	F13_('SW12', 'SW22')_t4_max: 58613
	F4_('SW8', 'SW31')_gc: True
	F11_('SW21', 'SW11')_rr: 0
	F0_('SW6', 'SMRIU2')_gc: True
	F0_('SW31', 'SW6')_t4_max: 671
	('SW32', 'SW7')_gcl_cycle: 32000
	('DU4', 'SW14')_gcl_cycle: 1
	F6_('SW7', 'SW31')_t4_max: 31177
	F4_('SM2CA', 'SW52')_t5_min: 127082
	F4_('SM2CA', 'SW52')_rr: 0
	F15_('SW32', 'RCM2')_rr: 0
	F18_('SM1CA', 'SW51')_rr: 0
	F4_('SW11', 'DU2')_rr: 0
	F13_('SW22', 'SW32')_t4_min: 58736
	F15_('SW6', 'SW32')_gc: True
	F19_('SW32', 'SW22')_gc: True
	F1_jitter: 0
	F13_jitter: 387
	F19_('SW22', 'SW13')_t4_max: 63636
	F19_('SW13', 'StarTr1')_rr: 0
	F9_('SW31', 'FCM1')_t3_max: 504
	('SW32', 'LCM2')_gcl_cycle: 1
	F15_jitter: 129
	F18_('SW42', 'CM2CB')_gc: False
	F5_('SW22', 'SW32')_t5_max: 40866
	F19_('CM2CA', 'SW42')_t3_max: 62895
	F5_('CMRIU2', 'SW22')_gc: False
	F6_('SW32', 'SW7')_rr: 1
	F17_('SW32', 'SW22')_t4_max: 15224
	F9_('SW21', 'SW31')_rr: 0
	F16_('SW11', 'SW22')_t3_min: 14719
	F6_queue_index: 0
	F13_('SW52', 'SM2CA')_rr: 0
	F14_('StarTr1', 'SW13')_t4_min: 681
	F18_('SW8', 'SW32')_t4_max: 367
	F3_('StarTr2', 'SW13')_gc: False
	F6_('SW31', 'LCM1')_rr: 0
	F14_('SW22', 'SW32')_t4_max: 1125
	F13_('SW12', 'SW22')_gc: True
	F6_('SW7', 'SW31')_rr: 1
	F15_('SW31', 'SW6')_t3_min: 362
	F8_('FCM1', 'SW31')_t3_max: -123
	F13_('SW42', 'SW52')_rr: 0
	('SW6', 'SW32')_gcl_cycle: 8000
	('SBAND2', 'SW12')_gcl_cycle: 1
	F1_('SW42', 'SW52')_gc: False
	F1_('SW32', 'SW42')_rr: 1
	F18_('SW51', 'SW8')_t5_min: 107
	F11_('SW31', 'SW21')_t4_min: 8136
	('SW31', 'SW41')_gcl_cycle: 1
	F17_('LCM2', 'SW32')_rr: 0
	F9_('SW12', 'SW21')_rr: 0
	F13_('SW12', 'SW22')_t4_min: 58613
	F1_('MIMU2', 'SW13')_tb: 553
	('SW32', 'RCM2')_gcl_cycle: 1
	F2_('SW21', 'CMRIU1')_gc: False
	F3_('SW22', 'CMRIU2')_gc: False
	F19_('SW32', 'SW22')_t3_min: 63255
	F17_('SW22', 'SW14')_t3_max: 15261
	F4_('SW21', 'SW11')_t4_min: 127316
	('SW11', 'SW22')_gcl_cycle: 1
	F18_('SW51', 'SW8')_rr: 0
	F5_('CMRIU2', 'SW22')_t4_max: 40723
	('SW13', 'MIMU1')_gcl_cycle: 4000
	F11_('FCM1', 'SW31')_gc: False
	F18_('SW32', 'SW42')_t4_max: 550
	F11_('SW21', 'SW11')_t4_min: 8160
	F9_('SW12', 'SW21')_t4_min: 81
	F19_('SW32', 'SW22')_t5_min: 63505
	F16_('DU3', 'SW11')_rr: 0
	F12_('SW31', 'SW7')_gc: True
	F19_('CM2CA', 'SW42')_t3_min: 63019
	F19_('SW22', 'SW13')_t3_max: 63512
	F11_('SW11', 'DU3')_rr: 0
	F11_('SW11', 'DU3')_gc: False
	F14_('StarTr1', 'SW13')_gc: False
	F0_('SW6', 'SMRIU2')_t4_min: 789
	F17_('SW14', 'DU5')_gc: False
	F7_('SW13', 'MIMU1')_t4_min: 828
	F13_('SW22', 'SW32')_gc: True
	F0_('SW6', 'SMRIU2')_rr: 1
	F13_('SW42', 'SW52')_t4_max: 59230
	F8_('SW41', 'CM1CA')_gc: False
	F17_('SW22', 'SW14')_t4_min: 15261
	F4_('SW11', 'DU2')_gc: False
	F17_('LCM2', 'SW32')_t3_max: 15063
	('SW22', 'SW14')_gcl_cycle: 16000
	F6_('SW7', 'SW31')_gc: True
	F18_('SW8', 'SW32')_rr: 0
	F2_('SW21', 'CMRIU1')_t4_min: 31119
	F12_('SW31', 'SW7')_t4_max: 640
	F19_('SW42', 'SW32')_t4_min: 63137
	('SW31', 'SW6')_gcl_length: 0
	F17_('SW22', 'SW14')_gc: True
	F11_('SW31', 'SW21')_t4_max: 8265
	F12_('SW31', 'SW7')_t4_min: 640
	('SW8', 'SW31')_gcl_cycle: 128000
	F10_('SW21', 'SW11')_rr: 1
	F19_('SW22', 'SW13')_t4_min: 63507
	F3_('SW13', 'SW22')_t4_min: 592
	F1_('SW22', 'SW32')_t4_max: 717
	F10_('SW21', 'SW11')_t4_max: 63828
	F14_('SW32', 'FCM2')_gc: False
	F12_('SW22', 'CMRIU2')_t4_min: 828
	F5_('SW22', 'SW32')_t4_min: 40731
	F12_('SW7', 'SW22')_rr: 0
	F4_('SW21', 'SW11')_gc: False
	F2_('SW32', 'SW7')_t4_max: 30906
	F3_('SW13', 'SW22')_t4_max: 592
	F4_('SW31', 'SW21')_t4_max: 127371
	F0_('LCM1', 'SW31')_gc: False
	F17_('LCM2', 'SW32')_gc: False
	('SW22', 'SW13')_gcl_cycle: 1
	F0_('LCM1', 'SW31')_rr: 0
	F13_('SBAND1', 'SW12')_t5_max: 58606
	F9_('SW12', 'SW21')_t4_max: 210
	F7_('StarTr1', 'SW13')_t3_max: 649
	F16_('SW11', 'SW22')_gc: False
	F1_('MIMU2', 'SW13')_t5_max: 566
	F17_('LCM2', 'SW32')_t5_min: 15217
	F16_('DU3', 'SW11')_gc: False
	F4_('SW31', 'SW21')_rr: 0
	('SW8', 'SW32')_gcl_cycle: 1
	F14_('SW32', 'FCM2')_rr: 0
	F19_('SW32', 'SW22')_t4_min: 63389
	('SW21', 'CMRIU1')_gcl_cycle: 1
	('SBAND1', 'SW12')_gcl_cycle: 1
	F0_('SW31', 'SW6')_gc: False
	F8_jitter: 258
	F8_('FCM1', 'SW31')_t5_max: 111
	F13_('SBAND1', 'SW12')_gc: False
	('SW12', 'SW21')_gcl_cycle: 1
	('LCM2', 'SW32')_gcl_cycle: 1
	F2_('SW7', 'SW21')_t4_max: 31015
	F2_('RCM2', 'SW32')_gc: False
	F9_('SW31', 'FCM1')_gc: False
	F15_('SW31', 'SW6')_t4_min: 362
	F10_('SW21', 'SW11')_gc: True
	F18_jitter: 516
	('SW7', 'SW21')_gcl_cycle: 32000
	F4_('SW52', 'SW8')_gc: True
	F18_('SW42', 'CM2CB')_t4_min: 217
	F19_('SW42', 'SW32')_gc: False
	('CM2CB', 'SW42')_gcl_cycle: 1
	F2_('SW21', 'CMRIU1')_t5_max: 31350
	F4_('SW8', 'SW31')_t4_min: 127168
	F16_('SW22', 'SW32')_rr: 0
	F0_('LCM1', 'SW31')_t3_min: 429
	F13_('SBAND1', 'SW12')_t4_max: 58490
	F11_('SW31', 'SW21')_rr: 0
	F13_('SBAND1', 'SW12')_t3_max: 58366
	F19_('SW22', 'SW13')_rr: 0
	F10_('SW11', 'DU2')_t5_min: 63870
	F8_('SW31', 'SW41')_rr: 0
	F10_('SW14', 'SW21')_rr: 0
	('SW42', 'SW32')_gcl_cycle: 1
	F12_('SW22', 'CMRIU2')_t5_min: 920
	F12_('SW7', 'SW22')_t4_min: 734
	('SW31', 'SW41')_gcl_length: 0
	F18_('SW8', 'SW32')_t4_min: 109
	F15_('LCM1', 'SW31')_rr: 0
	F13_('SW32', 'SW42')_t4_min: 58854
	F15_('LCM1', 'SW31')_gc: False
	F11_queue_index: 0
	F13_('SW52', 'SM2CA')_gc: False
	F18_('SM1CA', 'SW51')_t3_max: -123
	F5_jitter: 258
	F0_('SW6', 'SMRIU2')_t5_max: 900
	F6_('CM2CB', 'SW42')_rr: 0
	F14_('SW13', 'SW22')_tb: 774
	F19_queue_index: 0
	('SW22', 'CMRIU2')_gcl_cycle: 1
	F15_queue_index: 0
	F12_('SW22', 'CMRIU2')_rr: 0
	F1_('SW32', 'SW42')_t4_max: 737
	F6_('SW32', 'SW7')_t4_min: 31143
	F9_('SBAND2', 'SW12')_rr: 0
	F4_('SM2CA', 'SW52')_gc: False
	F3_('StarTr2', 'SW13')_t3_max: 409
	F9_('SBAND2', 'SW12')_gc: False
	F14_('StarTr1', 'SW13')_t3_max: 557
	('SW52', 'SW8')_gcl_cycle: 128000
	F19_('CM2CA', 'SW42')_gc: False
	F1_('SW52', 'SM2CA')_t3_max: 901
	F12_queue_index: 0
	F10_('SW14', 'SW21')_gc: False
	F4_jitter: 387
	F6_('SW42', 'SW32')_t4_max: 31109
	F5_('SW22', 'SW32')_gc: False
	F4_('SW8', 'SW31')_rr: 1
	F1_('SW32', 'SW42')_tb: 737
	F14_('SW13', 'SW22')_rr: 0
	F18_('SW8', 'SW32')_gc: False
	F3_('StarTr2', 'SW13')_rr: 0
	('CMRIU2', 'SW22')_gcl_cycle: 1
	F18_('SW32', 'SW42')_rr: 0
	F1_('SW42', 'SW52')_t4_min: 752
	F10_jitter: 129
	F2_('SW32', 'SW7')_t4_min: 30777
	F19_('SW42', 'SW32')_t3_min: 63137
	F17_('SW14', 'DU5')_t3_max: 15298
	F14_queue_index: 0
	F11_('SW21', 'SW11')_t5_max: 8440
	F1_('SW22', 'SW32')_t4_min: 588
	F18_('SM1CA', 'SW51')_t4_max: 1
	F15_('SW6', 'SW32')_t4_max: 548
	('SW11', 'DU2')_gcl_cycle: 1
	F15_('SW32', 'RCM2')_t5_max: 779
	('SW12', 'SW22')_gcl_cycle: 64000
	F0_jitter: 0
	('CM2CB', 'SW42')_gcl_length: 0
	F14_('SW22', 'SW32')_t4_min: 867
	F16_('DU3', 'SW11')_t3_max: 14583
	('SW14', 'DU5')_gcl_cycle: 1
	F7_('StarTr1', 'SW13')_rr: 0
	F1_('SW13', 'SW22')_gc: True
	F6_('CM2CB', 'SW42')_gc: False
	F6_('SW7', 'SW31')_t4_min: 31177
	F13_('SW12', 'SW22')_tb: 58613
	F6_('SW42', 'SW32')_gc: False
	('LCM1', 'SW31')_gcl_cycle: 1
	F14_('StarTr1', 'SW13')_rr: 0
	F3_('StarTr2', 'SW13')_t5_min: 585
	F4_('SW31', 'SW21')_gc: False
	F17_('SW32', 'SW22')_t4_min: 15224
	F6_jitter: 129
	F9_('SW31', 'FCM1')_rr: 0
	F18_queue_index: 0
	F11_('SW11', 'DU3')_t4_min: 8184
	F11_('SW11', 'DU3')_t4_max: 8571
	F16_('SW22', 'SW32')_tb: 14731
	F9_jitter: 387
	F8_('SW41', 'CM1CA')_rr: 0
	F3_queue_index: 0
	F13_('SW32', 'SW42')_t4_max: 58983
	F2_('SW7', 'SW21')_rr: 1
	F3_('SW22', 'CMRIU2')_rr: 0
	F15_('SW31', 'SW6')_rr: 0
	F3_('SW22', 'CMRIU2')_t5_min: 698
	F3_('SW13', 'SW22')_gc: True
	F12_('SW22', 'CMRIU2')_gc: False
	('SW52', 'SM2CA')_gcl_cycle: 2000
	F4_('SW52', 'SW8')_t4_min: 127089
	F2_('SW32', 'SW7')_gc: False
	F0_queue_index: 0
	F16_queue_index: 0
	('SW31', 'SW7')_gcl_cycle: 8000
	F1_('SW13', 'SW22')_t4_max: 573
	F4_('SW11', 'DU2')_t4_min: 127390
	F3_('StarTr2', 'SW13')_t4_max: 533
	('DU3', 'SW11')_gcl_cycle: 1
	F13_('SW32', 'SW42')_rr: 0
	F1_('SW52', 'SM2CA')_t5_min: 914
	F16_('SW32', 'FCM2')_rr: 0
	F19_('SW42', 'SW32')_rr: 0
	F1_('SW42', 'SW52')_t4_max: 881
	F9_('SW21', 'SW31')_t4_max: 419
	F4_('SW8', 'SW31')_t4_max: 127168
	F2_('RCM2', 'SW32')_rr: 0
	F11_('FCM1', 'SW31')_rr: 0
	F6_('CM2CB', 'SW42')_t3_max: 30827
	F10_('SW11', 'DU2')_t4_min: 63850
	('SW6', 'SMRIU2')_gcl_cycle: 8000
	F1_('SW42', 'SW52')_rr: 0
	F8_('FCM1', 'SW31')_gc: False
	F4_('SW52', 'SW8')_t4_max: 127089
	F3_('SW22', 'CMRIU2')_t3_max: 651
	F15_('SW6', 'SW32')_t5_max: 598
	F12_('SW22', 'CMRIU2')_t3_max: 962
	F4_('SM2CA', 'SW52')_t3_max: 126886
	('SW21', 'SW11')_gcl_cycle: 64000
	F1_('SW52', 'SM2CA')_t3_min: 767
	F9_('SW31', 'FCM1')_t3_min: 241
	('SW42', 'SW52')_gcl_cycle: 1
	F2_('SW21', 'CMRIU1')_t3_max: 31124
	('SW7', 'SW31')_gcl_cycle: 32000
	F9_('SW12', 'SW21')_gc: False
	F6_('SW31', 'LCM1')_gc: False
	F11_('SW21', 'SW11')_t4_max: 8418
	F1_('SW22', 'SW32')_t5_max: 730
	F0_('SW31', 'SW6')_rr: 0
	('FCM1', 'SW31')_gcl_length: 0
	F1_('SW22', 'SW32')_rr: 0
	('SW32', 'FCM2')_gcl_cycle: 1
	F1_('MIMU2', 'SW13')_rr: 0
	F7_jitter: 0
	('SW31', 'FCM1')_gcl_cycle: 1
	F10_('DU4', 'SW14')_gc: False
	F2_queue_index: 0
	F1_('SW52', 'SM2CA')_rr: 1
	F5_('SW32', 'LCM2')_gc: False
	('SW51', 'SW8')_gcl_cycle: 1
	F10_('SW11', 'DU2')_gc: False
	F18_('SW51', 'SW8')_t4_max: 184
	F15_('LCM1', 'SW31')_t4_max: 310
	F1_('SW32', 'SW42')_gc: True
	F13_queue_index: 0
	('FCM1', 'SW31')_gcl_cycle: 1
	F16_('SW22', 'SW32')_t4_min: 14731
	F19_('SW42', 'SW32')_t4_max: 63266
	F13_('SW12', 'SW22')_rr: 1
	F13_('SW22', 'SW32')_rr: 1
	F1_('SW52', 'SM2CA')_gc: True
	F19_('CM2CA', 'SW42')_t5_min: 63135
	F10_('SW14', 'SW21')_t4_min: 63672
	F9_('SBAND2', 'SW12')_t3_max: -123
	F8_('FCM1', 'SW31')_rr: 0
	F10_('DU4', 'SW14')_t3_max: 63526
	('SW32', 'SW22')_gcl_length: 10
	F11_('SW31', 'SW21')_gc: False
	F11_jitter: 387
	F1_('MIMU2', 'SW13')_t3_max: 429
	F13_('SW42', 'SW52')_t5_min: 59088
	F13_('SW12', 'SW22')_t5_min: 58729
	('StarTr2', 'SW13')_gcl_cycle: 1
	F13_('SBAND1', 'SW12')_rr: 0
	F1_('SW13', 'SW22')_t4_min: 573
	F3_('SW22', 'CMRIU2')_t4_min: 646
	F8_('SW41', 'CM1CA')_t4_min: 225
	F6_('SW32', 'SW7')_t3_min: 31009
	('SW21', 'SW31')_gcl_cycle: 1
	('SW7', 'SW22')_gcl_cycle: 1
	F13_('SW52', 'SM2CA')_t5_max: 59593
	F8_('SW31', 'SW41')_gc: False
	F14_('SW13', 'SW22')_gc: False
	F12_('SW7', 'SW22')_t4_max: 863
	F4_('SW11', 'DU2')_t5_min: 127462
	F4_('SW21', 'SW11')_t4_max: 127574
	F1_('SW32', 'SW42')_t4_min: 737
	F4_queue_index: 0
	F4_('SW11', 'DU2')_t3_max: 127653
	F13_('SW32', 'SW42')_gc: False
	F13_('SW52', 'SM2CA')_t3_min: 59090
	F19_('SW22', 'SW13')_t5_min: 63623
	('SW13', 'SW22')_gcl_cycle: 8000
	F14_jitter: 387
	F5_('SW32', 'LCM2')_t4_min: 40739
	F10_queue_index: 0
	F18_('SW51', 'SW8')_t3_min: 55
	F14_('SW22', 'SW32')_rr: 0
	F10_('SW11', 'DU2')_t5_max: 63999
	F16_('SW22', 'SW32')_gc: False
	F6_('SW42', 'SW32')_tb: 30980
	F3_('StarTr2', 'SW13')_tb: 533
	F19_('SW32', 'SW22')_t4_max: 63389
	F3_('SW13', 'SW22')_t5_max: 644
	F6_('SW32', 'SW7')_t4_max: 31143
	F6_('SW7', 'SW31')_t5_max: 31204
	F1_('SW13', 'SW22')_rr: 4
	F3_('StarTr2', 'SW13')_t3_min: 533
	F6_('SW42', 'SW32')_rr: 0
	('SW14', 'SW21')_gcl_cycle: 1
	F17_('SW14', 'DU5')_rr: 0
	F12_('SW7', 'SW22')_gc: False
	F7_('SW13', 'MIMU1')_gc: True
	F13_('SW42', 'SW52')_gc: False
	('SW42', 'CM2CB')_gcl_cycle: 1
	F3_jitter: 129
	F0_('SW31', 'SW6')_t4_min: 542
	F2_('RCM2', 'SW32')_t3_max: 30549
	F18_('SW42', 'CM2CB')_rr: 0
	('CM2CA', 'SW42')_gcl_cycle: 1
	F17_jitter: 129
	F2_('SW7', 'SW21')_gc: True
	F9_('SBAND2', 'SW12')_t4_max: 1
	F5_('CMRIU2', 'SW22')_t3_max: 40599
	F6_('SW31', 'LCM1')_t4_min: 31206
	('SW13', 'StarTr1')_gcl_cycle: 1
	F9_queue_index: 0
	F10_('SW11', 'DU2')_rr: 0
	F12_jitter: 258
	F16_('SW22', 'SW32')_t4_max: 14989
	F18_('SW8', 'SW32')_t3_max: 243
	F13_('SW22', 'SW32')_t5_min: 58852
	F15_('SW31', 'SW6')_t4_max: 491
	F17_queue_index: 0
	F6_('SW42', 'SW32')_t3_min: 30980
	F4_('SW31', 'SW21')_t4_min: 127242
	F5_('SW22', 'SW32')_rr: 0
	F15_('LCM1', 'SW31')_t3_max: 186
	('SW31', 'SW21')_gcl_length: 0
	F8_queue_index: 0
	F9_('SW21', 'SW31')_t4_min: 161
	F19_('CM2CA', 'SW42')_rr: 0
	F13_('SW22', 'SW32')_t4_max: 58736
	('SW32', 'SW42')_gcl_cycle: 2000
	F8_('SW31', 'SW41')_t4_min: 113
	F4_('SW21', 'SW11')_rr: 0
	F17_('SW32', 'SW22')_gc: True
	('SW31', 'SW21')_gcl_cycle: 1
	F5_('CMRIU2', 'SW22')_rr: 0
	F19_('SW13', 'StarTr1')_t4_min: 63625
	F18_('SW32', 'SW42')_t4_min: 163
	F1_('MIMU2', 'SW13')_gc: False
	F6_('SW32', 'SW7')_gc: True
	('SM2CA', 'SW52')_gcl_cycle: 1
	F11_('FCM1', 'SW31')_t3_max: 7988
	F2_('SW21', 'CMRIU1')_rr: 0
	F2_('SW32', 'SW7')_rr: 0
	F6_('SW42', 'SW32')_t4_min: 30980
	F9_('SW31', 'FCM1')_t4_min: 241
	F9_('SW21', 'SW31')_gc: False
	F11_('SW31', 'SW21')_tb: 8136
	F1_queue_index: 0
	F17_('SW32', 'SW22')_rr: 4
	F0_('LCM1', 'SW31')_t3_max: 305
	F5_('SW32', 'LCM2')_t5_max: 41003
	F15_('SW32', 'RCM2')_gc: False
	F17_('SW22', 'SW14')_rr: 1
	F19_jitter: 258
	F2_jitter: 129
	('SW41', 'CM1CA')_gcl_cycle: 1
	F12_('LCM1', 'SW31')_t3_max: 417
	F2_('SW7', 'SW21')_t4_min: 31015
	F15_('SW31', 'SW6')_gc: False
	F16_jitter: 387
	F1_('SW42', 'SW52')_tb: 752
	F4_('SW52', 'SW8')_rr: 1
	F5_('SW22', 'SW32')_t4_max: 40860
	F18_('SW32', 'SW42')_gc: False
	F12_('SW31', 'SW7')_rr: 1
	F18_('SM1CA', 'SW51')_gc: False
	('SW11', 'DU3')_gcl_cycle: 1
	F8_('SW31', 'SW41')_t4_max: 242
	F14_('SW32', 'FCM2')_t4_max: 1347
	F18_('SW51', 'SW8')_gc: False
	F17_('SW22', 'SW14')_t4_max: 15261
	F15_('SW6', 'SW32')_t4_min: 548
	('SW32', 'RCM2')_gcl_length: 0
	F16_('SW11', 'SW22')_t4_min: 14719
	F1_('SW22', 'SW32')_gc: False
	F14_('SW22', 'SW32')_gc: False
	('SW31', 'SW6')_gcl_cycle: 1
	F19_('SW22', 'SW13')_gc: False
	F13_('SW42', 'SW52')_t3_max: 59106
	F18_('SW51', 'SW8')_t4_min: 55
	F10_('SW21', 'SW11')_t4_min: 63828
	F17_('SW14', 'DU5')_t4_min: 15293
	F12_('LCM1', 'SW31')_rr: 0
	('StarTr1', 'SW13')_gcl_cycle: 1
	('SW32', 'SW22')_gcl_cycle: 64000
	F11_('SW21', 'SW11')_gc: False
	('SW22', 'SW32')_gcl_cycle: 64000
	F7_('StarTr1', 'SW13')_gc: False
	F16_('SW22', 'SW32')_t3_min: 14731
	('SM1CA', 'SW51')_gcl_cycle: 1
	F7_('SW13', 'MIMU1')_t3_max: 828
	F0_('SW31', 'SW6')_t3_max: 547
	F19_('SW42', 'SW32')_t3_max: 63142
	F16_('SW11', 'SW22')_t3_max: 14724
	F2_('SW32', 'SW7')_t3_max: 30782
	F10_('SW14', 'SW21')_t3_max: 63677
	F8_('SW31', 'SW41')_t3_max: 118
	F17_('SW32', 'SW22')_t3_max: 15224
	F9_('SW12', 'SW21')_t3_max: 86
	F15_('SW31', 'SW6')_t3_max: 367
	F3_('SW13', 'SW22')_t3_max: 592
	F18_('SW51', 'SW8')_t3_max: 60
	F11_('SW31', 'SW21')_t3_max: 8141
	F1_('SW13', 'SW22')_t3_max: 573
	F5_('SW22', 'SW32')_t3_max: 40736
	F6_('SW42', 'SW32')_t3_max: 30985
	F14_('SW13', 'SW22')_t3_max: 779
	F12_('SW31', 'SW7')_t3_max: 640
	F13_('SW12', 'SW22')_t3_max: 58613
	F4_('SW52', 'SW8')_t3_max: 127089
	F14_('SW32', 'FCM2')_t3_min: 960
	F12_('SW22', 'CMRIU2')_t5_max: 1178
	('SW14', 'DU5')_gcl_length: 0
	F1_('SW42', 'SW52')_t3_max: 757
	F6_('SW32', 'SW7')_t3_max: 31143
	F6_('CM2CB', 'SW42')_t3_min: 30951
	F18_('SW42', 'CM2CB')_t5_max: 785
	F12_('SW7', 'SW22')_t3_min: 734
	F9_('SW21', 'SW31')_t3_max: 295
	F2_('SW21', 'CMRIU1')_t4_max: 31248
	F0_('LCM1', 'SW31')_t5_min: 540
	F17_('SW14', 'DU5')_tb: 15293
	F14_('SW32', 'FCM2')_t5_min: 1051
	F3_('SW22', 'CMRIU2')_t5_max: 827
	F4_('SW52', 'SW8')_tb: 127089
	F14_('SW13', 'SW22')_t5_min: 865
	F0_('LCM1', 'SW31')_t5_max: 540
	F2_('RCM2', 'SW32')_t5_min: 30775
	F15_('SW32', 'RCM2')_t3_max: 605
	F9_('SBAND2', 'SW12')_t5_max: 79
	F11_('SW11', 'DU3')_t3_min: 8184
	F1_('SW22', 'SW32')_t5_min: 601
	F10_('SW21', 'SW11')_t5_max: 63848
	F1_('SW42', 'SW52')_t5_max: 894
	F14_('SW22', 'SW32')_t5_max: 1216
	F18_('SW42', 'CM2CB')_t5_min: 269
	F3_('StarTr2', 'SW13')_t5_max: 585
	F1_('MIMU2', 'SW13')_t4_max: 553
	('SM2CA', 'SW52')_gcl_length: 0
	F6_('SW32', 'SW7')_tb: 31143
	F5_('SW32', 'LCM2')_t4_max: 40997
	('SW13', 'MIMU1')_gcl_length: 2
	F0_('SW31', 'SW6')_tb: 542
	F18_('SM1CA', 'SW51')_t5_max: 53
	F11_('FCM1', 'SW31')_t5_max: 8134
	F18_('SM1CA', 'SW51')_tb: 1
	F8_('SW31', 'SW41')_t3_min: 113
	F16_('SW22', 'SW32')_t5_min: 14741
	F5_('SW22', 'SW32')_t5_min: 40737
	F0_('SW6', 'SMRIU2')_t5_min: 900
	F1_('SW22', 'SW32')_tb: 588
	F0_('SW31', 'SW6')_t5_max: 782
	F0_('LCM1', 'SW31')_t4_max: 429
	F4_('SW11', 'DU2')_t3_min: 127390
	('SW31', 'SW7')_gcl_length: 2
	F9_('SW31', 'FCM1')_t5_min: 319
	F0_('SW6', 'SMRIU2')_tb: 789
	F15_('SW32', 'RCM2')_tb: 600
	F7_('StarTr1', 'SW13')_tb: 773
	F11_('FCM1', 'SW31')_t5_min: 8134
	F9_('SW31', 'FCM1')_t5_max: 706
	F6_('SW31', 'LCM1')_t4_max: 31335
	F2_('SW7', 'SW21')_tb: 31015
	F17_('SW14', 'DU5')_t5_max: 15452
	F14_('StarTr1', 'SW13')_t3_min: 681
	F1_('SW52', 'SM2CA')_t5_max: 914
	F0_('SW31', 'SW6')_t3_min: 542
	F3_('SW22', 'CMRIU2')_t3_min: 646
	F15_('SW31', 'SW6')_t5_max: 541
	F13_('SW32', 'SW42')_t3_max: 58859
	F4_('SW11', 'DU2')_t5_max: 127849
	F11_('SW11', 'DU3')_t3_max: 8447
	F9_('SW31', 'FCM1')_t4_max: 628
	F19_('SW13', 'StarTr1')_t3_min: 63625
	F1_('SW32', 'SW42')_t5_min: 750
	F19_('CM2CA', 'SW42')_t4_max: 63019
	F0_('SW6', 'SMRIU2')_t4_max: 789
	F9_('SW12', 'SW21')_t5_min: 159
	F11_('SW21', 'SW11')_t3_min: 8160
	('DU3', 'SW11')_gcl_length: 0
	F13_('SBAND1', 'SW12')_t4_min: 58490
	F1_('SW52', 'SM2CA')_tb: 901
	F13_('SW12', 'SW22')_t3_min: 58608
	F19_('CM2CA', 'SW42')_t5_max: 63135
	F17_('SW32', 'SW22')_t5_min: 15254
	F15_('SW32', 'RCM2')_t3_min: 600
	F15_('SW31', 'SW6')_t5_min: 412
	F8_('SW31', 'SW41')_t5_max: 352
	F8_('SW41', 'CM1CA')_t3_max: 359
	F12_('SW31', 'SW7')_t5_min: 732
	F8_('SW41', 'CM1CA')_t3_min: 225
	F16_('SW11', 'SW22')_t5_max: 14858
	F19_('CM2CA', 'SW42')_t4_min: 63019
	F19_('SW13', 'StarTr1')_t5_max: 63999
	F2_('SW32', 'SW7')_t3_min: 30777
	F5_('SW32', 'LCM2')_t5_min: 40745
	('SW32', 'SW7')_gcl_length: 2
	F8_('SW41', 'CM1CA')_tb: 225
	F8_('FCM1', 'SW31')_t3_min: 1
	F2_('RCM2', 'SW32')_t5_max: 30775
	F16_('SW32', 'FCM2')_t4_max: 15130
	F15_('LCM1', 'SW31')_t5_min: 360
	F0_('SW31', 'SW6')_t5_min: 653
	('SW42', 'SW52')_gcl_length: 0
	F4_('SW8', 'SW31')_tb: 127168
	F9_('SBAND2', 'SW12')_t5_min: 79
	F16_('DU3', 'SW11')_t5_max: 14717
	F8_('SW31', 'SW41')_t5_min: 223
	F7_('StarTr1', 'SW13')_t4_min: 773
	F6_('SW31', 'LCM1')_t5_min: 31233
	F15_('SW6', 'SW32')_tb: 548
	F4_('SM2CA', 'SW52')_t5_max: 127082
	F10_('DU4', 'SW14')_t5_min: 63670
	F4_('SW21', 'SW11')_t5_min: 127388
	F10_('SW11', 'DU2')_t3_max: 63855
	F3_('SW22', 'CMRIU2')_tb: 646
	('SBAND2', 'SW12')_gcl_length: 0
	F7_('SW13', 'MIMU1')_t4_max: 828
	F15_('SW32', 'RCM2')_t5_min: 650
	F11_('SW11', 'DU3')_t5_min: 8206
	F4_('SW8', 'SW31')_t5_max: 127240
	F4_('SW8', 'SW31')_t5_min: 127240
	F17_('SW22', 'SW14')_t3_min: 15256
	('SW31', 'FCM1')_gcl_length: 0
	F13_('SW22', 'SW32')_t3_min: 58731
	F15_('SW6', 'SW32')_t3_max: 548
	F17_('SW14', 'DU5')_t4_max: 15422
	F6_('SW32', 'SW7')_t5_max: 31170
	F6_('SW31', 'LCM1')_tb: 31206
	('SW51', 'SW8')_gcl_length: 0
	F3_('SW13', 'SW22')_tb: 592
	F1_('SW32', 'SW42')_t5_max: 750
	('SW12', 'SW21')_gcl_length: 0
	('StarTr2', 'SW13')_gcl_length: 0
	F9_('SW21', 'SW31')_t5_max: 497
	('SW22', 'SW14')_gcl_length: 2
	F19_('SW42', 'SW32')_t5_min: 63253
	F15_('LCM1', 'SW31')_t4_min: 310
	F1_('MIMU2', 'SW13')_t5_min: 566
	F2_('RCM2', 'SW32')_tb: 30673
	F13_('SW42', 'SW52')_tb: 58972
	F4_('SW21', 'SW11')_tb: 127316
	F17_('SW14', 'DU5')_t5_min: 15323
	F17_('SW22', 'SW14')_t5_min: 15291
	F9_('SBAND2', 'SW12')_tb: 1
	F4_('SW52', 'SW8')_t5_max: 127161
	('SW13', 'StarTr1')_gcl_length: 0
	F19_('SW32', 'SW22')_tb: 63389
	F12_('LCM1', 'SW31')_t5_min: 633
	F17_('LCM2', 'SW32')_t3_min: 15187
	F19_('SW42', 'SW32')_tb: 63137
	F15_('LCM1', 'SW31')_t5_max: 360
	F6_('SW32', 'SW7')_t5_min: 31170
	F14_('SW32', 'FCM2')_t5_max: 1438
	F9_('SW12', 'SW21')_t3_min: 81
	('SW21', 'SW31')_gcl_length: 0
	F5_('CMRIU2', 'SW22')_t5_min: 40729
	F18_('SW32', 'SW42')_tb: 163
	F6_('SW42', 'SW32')_t5_max: 31136
	F1_('SW13', 'SW22')_t5_max: 586
	F10_('SW14', 'SW21')_tb: 63672
	F6_('CM2CB', 'SW42')_t4_min: 30951
	F19_('SW13', 'StarTr1')_t5_min: 63741
	F17_('SW22', 'SW14')_t5_max: 15291
	F9_('SW12', 'SW21')_tb: 81
	F8_('FCM1', 'SW31')_t5_min: 111
	F4_('SM2CA', 'SW52')_t4_max: 127010
	F14_('SW22', 'SW32')_t5_min: 958
	F16_('DU3', 'SW11')_t5_min: 14717
	F1_('SW13', 'SW22')_tb: 573
	F13_('SW22', 'SW32')_t5_max: 58852
	('DU4', 'SW14')_gcl_length: 0
	F15_('SW32', 'RCM2')_t4_max: 729
	F14_('StarTr1', 'SW13')_tb: 681
	F18_('SW8', 'SW32')_t5_min: 161
	F9_('SBAND2', 'SW12')_t3_min: 1
	F17_('SW32', 'SW22')_t5_max: 15254
	('SW32', 'LCM2')_gcl_length: 0
	F19_('SW22', 'SW13')_t5_max: 63752
	('SW11', 'DU3')_gcl_length: 0
	F16_('SW32', 'FCM2')_t3_max: 15006
	F4_('SW52', 'SW8')_t5_min: 127161
	F14_('SW22', 'SW32')_t3_min: 867
	F18_('SW51', 'SW8')_tb: 55
	F6_('CM2CB', 'SW42')_t5_max: 30978
	F0_('SW6', 'SMRIU2')_t3_min: 655
	F11_('SW31', 'SW21')_t3_min: 8136
	F4_('SM2CA', 'SW52')_t4_min: 127010
	F16_('DU3', 'SW11')_tb: 14707
	F12_('SW31', 'SW7')_tb: 640
	F18_('SM1CA', 'SW51')_t3_min: 1
	F19_('SW13', 'StarTr1')_t3_max: 63759
	F10_('SW11', 'DU2')_t3_min: 63850
	F3_('SW13', 'SW22')_t3_min: 587
	('SW8', 'SW31')_gcl_length: 2
	F2_('SW32', 'SW7')_t5_min: 30879
	F11_('SW31', 'SW21')_t5_min: 8158
	F12_('SW22', 'CMRIU2')_t3_min: 828
	F18_('SW8', 'SW32')_t3_min: 109
	F18_('SW32', 'SW42')_t3_max: 426
	F6_('CM2CB', 'SW42')_t5_min: 30978
	F8_('FCM1', 'SW31')_t4_min: 1
	F14_('SW13', 'SW22')_t5_max: 994
	F1_('SW52', 'SM2CA')_t4_max: 901
	F10_('DU4', 'SW14')_tb: 63650
	F12_('SW7', 'SW22')_t5_max: 955
	F14_('StarTr1', 'SW13')_t4_max: 681
	F3_('StarTr2', 'SW13')_t4_min: 533
	F2_('RCM2', 'SW32')_t4_max: 30673
	('SW7', 'SW21')_gcl_length: 2
	F4_('SW31', 'SW21')_t3_max: 127247
	F15_('SW31', 'SW6')_tb: 362
	F9_('SW21', 'SW31')_tb: 161
	F18_('SW42', 'CM2CB')_t3_max: 609
	('SW22', 'SW13')_gcl_length: 0
	('SW52', 'SM2CA')_gcl_length: 2
	F7_('StarTr1', 'SW13')_t4_max: 773
	F13_('SW32', 'SW42')_t5_max: 59099
	('SW41', 'CM1CA')_gcl_length: 0
	F3_('SW13', 'SW22')_t5_min: 644
	F18_('SW51', 'SW8')_t5_max: 236
	F19_('SW13', 'StarTr1')_tb: 63625
	F18_('SW8', 'SW32')_t5_max: 419
	F11_('SW11', 'DU3')_tb: 8184
	F5_('SW32', 'LCM2')_t3_max: 40873
	F5_('SW22', 'SW32')_tb: 40731
	F10_('DU4', 'SW14')_t4_min: 63650
	F18_('SW42', 'CM2CB')_t3_min: 217
	F17_('LCM2', 'SW32')_t4_min: 15187
	F14_('SW32', 'FCM2')_t3_max: 1223
	F13_('SW52', 'SM2CA')_t3_max: 59353
	F1_('SW32', 'SW42')_t3_min: 603
	F4_('SW52', 'SW8')_t3_min: 127084
	F12_('LCM1', 'SW31')_t3_min: 541
	F8_('SW41', 'CM1CA')_t4_max: 483
	F1_('SW22', 'SW32')_t3_min: 588
	F18_('SW42', 'CM2CB')_t4_max: 733
	('StarTr1', 'SW13')_gcl_length: 0
	F4_('SW11', 'DU2')_t4_max: 127777
	F6_('SW7', 'SW31')_t3_min: 31172
	F6_('SW31', 'LCM1')_t3_max: 31211
	F2_('RCM2', 'SW32')_t3_min: 30673
	('SW42', 'SW32')_gcl_length: 0
	F11_('FCM1', 'SW31')_t4_min: 8112
	F6_('SW7', 'SW31')_t5_min: 31204
	F18_('SW8', 'SW32')_tb: 109
	F16_('SW11', 'SW22')_tb: 14719
	F6_('CM2CB', 'SW42')_t4_max: 30951
	F14_('StarTr1', 'SW13')_t5_max: 772
	F2_('SW21', 'CMRIU1')_tb: 31119
	F12_('SW7', 'SW22')_t5_min: 826
	('SW12', 'SW22')_gcl_length: 2
	F8_('FCM1', 'SW31')_t4_max: 1
	F17_('SW14', 'DU5')_t3_min: 15293
	F4_('SW31', 'SW21')_t5_min: 127314
	F19_('SW42', 'SW32')_t5_max: 63382
	F8_('SW31', 'SW41')_tb: 113
	F17_('SW22', 'SW14')_tb: 15261
	('SW13', 'SW22')_gcl_length: 10
	F5_('CMRIU2', 'SW22')_t4_min: 40723
	('SW42', 'CM2CB')_gcl_length: 0
	F16_('SW22', 'SW32')_t3_max: 14865
	F0_('LCM1', 'SW31')_t4_min: 429
	F1_('SW13', 'SW22')_t5_min: 586
	F4_('SW21', 'SW11')_t5_max: 127646
	('SW32', 'SW42')_gcl_length: 2
	F2_('SW7', 'SW21')_t3_max: 31015
	F13_('SW42', 'SW52')_t5_max: 59346
	F1_('MIMU2', 'SW13')_t4_min: 553
	F19_('SW13', 'StarTr1')_t4_max: 63883
	F4_('SW21', 'SW11')_t3_max: 127450
	F15_('SW6', 'SW32')_t5_min: 598
	F18_('SM1CA', 'SW51')_t4_min: 1
	('SW14', 'SW21')_gcl_length: 0
	F9_('SW31', 'FCM1')_tb: 241
	F9_('SW21', 'SW31')_t5_min: 239
	F5_('SW32', 'LCM2')_t3_min: 40739
	F6_('SW7', 'SW31')_t3_max: 31177
	F8_('FCM1', 'SW31')_tb: 1
	F12_('SW7', 'SW22')_tb: 734
	F10_('SW14', 'SW21')_t3_min: 63672
	F0_('SW6', 'SMRIU2')_t3_max: 789
	F9_('SW12', 'SW21')_t5_max: 288
	F13_('SW22', 'SW32')_tb: 58736
	F17_('LCM2', 'SW32')_t5_max: 15217
	F5_('CMRIU2', 'SW22')_tb: 40723
	F13_('SW32', 'SW42')_t3_min: 58854
	F11_('FCM1', 'SW31')_tb: 8112
	F15_('LCM1', 'SW31')_tb: 310
	F11_('SW21', 'SW11')_t5_min: 8182
	F14_('SW22', 'SW32')_t3_max: 1001
	F12_('LCM1', 'SW31')_tb: 541
	F2_('SW7', 'SW21')_t5_max: 31117
	F17_('SW32', 'SW22')_tb: 15224
	F7_('SW13', 'MIMU1')_t3_min: 823
	F13_('SBAND1', 'SW12')_t3_min: 58490
	F17_('SW32', 'SW22')_t3_min: 15219
	F14_('StarTr1', 'SW13')_t5_min: 772
	F2_('RCM2', 'SW32')_t4_min: 30673
	F1_('SW42', 'SW52')_t3_min: 752
	F18_('SW32', 'SW42')_t3_min: 163
	F14_('SW13', 'SW22')_t3_min: 774
	('SM1CA', 'SW51')_gcl_length: 0
	F16_('SW32', 'FCM2')_tb: 14743
	F0_('LCM1', 'SW31')_tb: 429
	F2_('SW21', 'CMRIU1')_t3_min: 31119
	F13_('SW42', 'SW52')_t3_min: 58972
	F12_('LCM1', 'SW31')_t4_max: 541
	F6_('SW31', 'LCM1')_t3_min: 31206
	('SW22', 'SW32')_gcl_length: 2
	('SW32', 'FCM2')_gcl_length: 0
	F10_('SW11', 'DU2')_tb: 63850
	F10_('DU4', 'SW14')_t3_min: 63650
	F12_('SW31', 'SW7')_t5_max: 732
	F7_('StarTr1', 'SW13')_t5_max: 821
	F1_('SW42', 'SW52')_t5_min: 765
	F7_('StarTr1', 'SW13')_t5_min: 821
	F19_('SW32', 'SW22')_t3_max: 63389
	('SW21', 'SW11')_gcl_length: 2
	F1_('MIMU2', 'SW13')_t3_min: 553
	F13_('SW52', 'SM2CA')_t4_max: 59477
	F12_('LCM1', 'SW31')_t4_min: 541
	('CM2CA', 'SW42')_gcl_length: 0
	F13_('SW22', 'SW32')_t3_max: 58736
	F10_('SW11', 'DU2')_t4_max: 63979
	F13_('SW52', 'SM2CA')_tb: 59090
	F10_('SW21', 'SW11')_t3_max: 63828
	F7_('SW13', 'MIMU1')_tb: 828
	('SW11', 'SW22')_gcl_length: 0
	F11_('SW21', 'SW11')_t3_max: 8294
	F19_('CM2CA', 'SW42')_tb: 63019
	F11_('SW21', 'SW11')_tb: 8160
	F7_('SW13', 'MIMU1')_t5_max: 876
	F1_('SW13', 'SW22')_t3_min: 568
	F10_('SW14', 'SW21')_t5_min: 63692
	F10_('SW21', 'SW11')_t5_min: 63848
	F12_('SW31', 'SW7')_t3_min: 635
	F4_('SM2CA', 'SW52')_tb: 127010
	F13_('SW52', 'SM2CA')_t5_min: 59206
	('LCM2', 'SW32')_gcl_length: 0
	F14_('SW22', 'SW32')_tb: 867
	F13_('SW32', 'SW42')_tb: 58854
	F17_('LCM2', 'SW32')_t4_max: 15187
	F8_('SW41', 'CM1CA')_t5_min: 335
	F1_('SW32', 'SW42')_t3_max: 737
	F18_('SW32', 'SW42')_t5_max: 602
	F3_('SW22', 'CMRIU2')_t4_max: 775
	F19_('SW32', 'SW22')_t5_max: 63505
	('SW7', 'SW22')_gcl_length: 0
	F13_('SBAND1', 'SW12')_tb: 58490
	F16_('SW32', 'FCM2')_t5_min: 14753
	F16_('DU3', 'SW11')_t4_min: 14707
	F2_('SW7', 'SW21')_t3_min: 30881
	F11_('SW31', 'SW21')_t5_max: 8287
	('SW21', 'CMRIU1')_gcl_length: 0
	('RCM2', 'SW32')_gcl_length: 0
	('SW11', 'DU2')_gcl_length: 0
	F18_('SW42', 'CM2CB')_tb: 217
	F10_('SW14', 'SW21')_t5_max: 63821
	F6_('SW42', 'SW32')_t5_min: 31007
	F12_('SW22', 'CMRIU2')_t4_max: 1086
	F2_('SW21', 'CMRIU1')_t5_min: 31221
	('SW6', 'SW32')_gcl_length: 2
	F16_('DU3', 'SW11')_t3_min: 14707
	F12_('SW7', 'SW22')_t3_max: 739
	('SW31', 'LCM1')_gcl_length: 0
	F10_('DU4', 'SW14')_t4_max: 63650
	('SW8', 'SW32')_gcl_length: 0
	F14_('SW32', 'FCM2')_tb: 960
	F11_('SW11', 'DU3')_t5_max: 8593
	F6_('CM2CB', 'SW42')_tb: 30951
	F18_('SW32', 'SW42')_t5_min: 215
	F15_('SW6', 'SW32')_t3_min: 414
	F4_('SM2CA', 'SW52')_t3_min: 127010
	F16_('SW11', 'SW22')_t5_min: 14729
	F4_('SW11', 'DU2')_tb: 127390
	('CMRIU2', 'SW22')_gcl_length: 0
	('SW7', 'SW31')_gcl_length: 2
	F6_('SW7', 'SW31')_tb: 31177
	F9_('SW21', 'SW31')_t3_min: 161
	F2_('SW32', 'SW7')_tb: 30777
	F12_('SW22', 'CMRIU2')_tb: 828
	F5_('SW32', 'LCM2')_tb: 40739
	F4_('SW31', 'SW21')_t5_max: 127443
	F10_('SW21', 'SW11')_t3_min: 63694
	F8_('SW41', 'CM1CA')_t5_max: 593
	F4_('SW8', 'SW31')_t3_min: 127163
	F19_('SW22', 'SW13')_tb: 63507
	('SW22', 'CMRIU2')_gcl_length: 0
	('LCM1', 'SW31')_gcl_length: 0
	F17_('LCM2', 'SW32')_tb: 15187
	F16_('SW22', 'SW32')_t5_max: 14999
	F4_('SW21', 'SW11')_t3_min: 127316
	F9_('SBAND2', 'SW12')_t4_min: 1
	F2_('SW7', 'SW21')_t5_min: 31117
	F5_('CMRIU2', 'SW22')_t5_max: 40729
	F16_('SW32', 'FCM2')_t3_min: 14743
	F13_('SW32', 'SW42')_t5_min: 58970
	F18_('SM1CA', 'SW51')_t5_min: 53
	F11_('FCM1', 'SW31')_t3_min: 8112
	('SW52', 'SW8')_gcl_length: 2
	F16_('SW32', 'FCM2')_t5_max: 15140
	('MIMU2', 'SW13')_gcl_length: 0
	F13_('SW12', 'SW22')_t5_max: 58729
	F12_('LCM1', 'SW31')_t5_max: 633
	F4_('SW31', 'SW21')_t3_min: 127242
	('SBAND1', 'SW12')_gcl_length: 0
	F7_('StarTr1', 'SW13')_t3_min: 773
	('SW6', 'SMRIU2')_gcl_length: 2
	F7_('SW13', 'MIMU1')_t5_min: 876
	F11_('FCM1', 'SW31')_t4_max: 8112
	F6_('SW31', 'LCM1')_t5_max: 31362
	F5_('SW22', 'SW32')_t3_min: 40731
	F4_('SW8', 'SW31')_t3_max: 127168
	F1_('SW22', 'SW32')_t3_max: 593
	F10_('DU4', 'SW14')_t5_max: 63670
	F10_('SW21', 'SW11')_tb: 63828
	F4_('SW31', 'SW21')_tb: 127242
	F19_('SW22', 'SW13')_t3_min: 63507
	F13_('SBAND1', 'SW12')_t5_min: 58606
	F16_('DU3', 'SW11')_t4_max: 14707
