0. Flow F0 [CM2CB-->CMRIU1] with period 128000, payload 200B, e2e delay 128000us, jitter 12800us
	('CM2CB', 'SW42'), Operation(46270, None, 46286)(46270, 46270)
	('SW42', 'SW32'), Operation(46288, None, 46433)(46288, 46417)
	('SW32', 'SW7'), Operation(46306, None, 46580)(46306, 46564)
	('SW7', 'SW21'), Operation(46324, 46587, 46603)(46587, 46587)
	('SW21', 'CMRIU1'), Operation(46605, 46610, 46626)(46610, 46610)
1. Flow F1 [SM1CA-->BFCU] with period 2000, payload 592B, e2e delay 2000us, jitter 200us
	('SM1CA', 'SW51'), Operation(166, None, 214)(166, 166)
	('SW51', 'SW8'), Operation(216, None, 393)(216, 345)
	('SW8', 'SW32'), Operation(266, None, 572)(266, 524)
	('SW32', 'SW22'), Operation(316, 579, 627)(579, 579)
	('SW22', 'BFCU'), Operation(629, None, 806)(629, 758)
2. Flow F2 [SM2CB-->StarTr1] with period 2000, payload 260B, e2e delay 2000us, jitter 200us
	('SM2CB', 'SW52'), Operation(86, None, 107)(86, 86)
	('SW52', 'SW42'), Operation(109, None, 259)(109, 238)
	('SW42', 'SW32'), Operation(132, 266, 287)(266, 266)
	('SW32', 'SW22'), Operation(289, 294, 315)(294, 294)
	('SW22', 'SW13'), Operation(317, 322, 343)(322, 322)
	('SW13', 'StarTr1'), Operation(345, None, 495)(345, 474)
3. Flow F3 [StarTr2-->SBAND2] with period 16000, payload 1483B, e2e delay 16000us, jitter 1600us
	('StarTr2', 'SW13'), Operation(12124, None, 12243)(12124, 12124)
	('SW13', 'SW21'), Operation(12245, None, 12493)(12245, 12374)
	('SW21', 'SW12'), Operation(12366, 12500, 12619)(12500, 12500)
	('SW12', 'SBAND2'), Operation(12621, None, 12869)(12621, 12750)
4. Flow F4 [LCM1-->CM2CB] with period 8000, payload 1294B, e2e delay 8000us, jitter 800us
	('LCM1', 'SW31'), Operation(6578, None, 6682)(6578, 6578)
	('SW31', 'SW8'), Operation(6684, 6689, 6793)(6689, 6689)
	('SW8', 'SW52'), Operation(6795, 6800, 6904)(6800, 6800)
	('SW52', 'SW42'), Operation(6906, None, 7139)(6906, 7035)
	('SW42', 'CM2CB'), Operation(7012, None, 7374)(7012, 7270)
5. Flow F5 [SMRIU1-->DU2] with period 16000, payload 1230B, e2e delay 16000us, jitter 1600us
	('SMRIU1', 'SW6'), Operation(14719, None, 14818)(14719, 14719)
	('SW6', 'SW31'), Operation(14820, None, 15048)(14820, 14949)
	('SW31', 'SW21'), Operation(14921, None, 15278)(14921, 15179)
	('SW21', 'SW11'), Operation(15022, None, 15508)(15022, 15409)
	('SW11', 'DU2'), Operation(15123, None, 15738)(15123, 15639)
6. Flow F6 [RCM1-->CMRIU1] with period 2000, payload 210B, e2e delay 2000us, jitter 200us
	('RCM1', 'SW31'), Operation(1, None, 18)(1, 1)
	('SW31', 'SW21'), Operation(20, 25, 42)(25, 25)
	('SW21', 'CMRIU1'), Operation(44, 49, 66)(49, 49)
7. Flow F7 [RCM2-->LCM1] with period 4000, payload 878B, e2e delay 4000us, jitter 400us
	('RCM2', 'SW32'), Operation(2903, None, 2974)(2903, 2903)
	('SW32', 'SW6'), Operation(2976, None, 3176)(2976, 3105)
	('SW6', 'SW31'), Operation(3049, None, 3378)(3049, 3307)
	('SW31', 'LCM1'), Operation(3122, None, 3580)(3122, 3509)
8. Flow F8 [CM1CB-->CM2CB] with period 16000, payload 841B, e2e delay 16000us, jitter 1600us
	('CM1CB', 'SW41'), Operation(6413, None, 6481)(6413, 6413)
	('SW41', 'SW31'), Operation(6483, 6488, 6556)(6488, 6488)
	('SW31', 'SW8'), Operation(6558, 6563, 6631)(6563, 6563)
	('SW8', 'SW52'), Operation(6633, 6638, 6706)(6638, 6638)
	('SW52', 'SW42'), Operation(6708, None, 6905)(6708, 6837)
	('SW42', 'CM2CB'), Operation(6778, 6912, 6980)(6912, 6912)
9. Flow F9 [FCM2-->CMRIU1] with period 64000, payload 1165B, e2e delay 64000us, jitter 6400us
	('FCM2', 'SW32'), Operation(47398, None, 47492)(47398, 47398)
	('SW32', 'SW7'), Operation(47494, 47499, 47593)(47499, 47499)
	('SW7', 'SW21'), Operation(47595, None, 47818)(47595, 47724)
	('SW21', 'CMRIU1'), Operation(47691, None, 48043)(47691, 47949)
10. Flow F10 [SBAND1-->SM2CA] with period 128000, payload 1263B, e2e delay 128000us, jitter 12800us
	('SBAND1', 'SW12'), Operation(124604, None, 124706)(124604, 124604)
	('SW12', 'SW22'), Operation(124708, None, 124939)(124708, 124837)
	('SW22', 'SW32'), Operation(124812, 124946, 125048)(124946, 124946)
	('SW32', 'SW42'), Operation(125050, None, 125281)(125050, 125179)
	('SW42', 'SW52'), Operation(125154, 125288, 125390)(125288, 125288)
	('SW52', 'SM2CA'), Operation(125392, None, 125623)(125392, 125521)
11. Flow F11 [StarTr2-->FCM1] with period 4000, payload 1473B, e2e delay 4000us, jitter 400us
	('StarTr2', 'SW13'), Operation(1, None, 119)(1, 1)
	('SW13', 'SW21'), Operation(121, 126, 244)(126, 126)
	('SW21', 'SW31'), Operation(246, None, 493)(246, 375)
	('SW31', 'FCM1'), Operation(366, None, 742)(366, 624)
12. Flow F12 [SM2CB-->FCM2] with period 128000, payload 1396B, e2e delay 128000us, jitter 12800us
	('SM2CB', 'SW52'), Operation(119026, None, 119138)(119026, 119026)
	('SW52', 'SW42'), Operation(119140, None, 119381)(119140, 119269)
	('SW42', 'SW32'), Operation(119254, None, 119624)(119254, 119512)
	('SW32', 'FCM2'), Operation(119368, None, 119867)(119368, 119755)
13. Flow F13 [SM2CA-->LCM2] with period 16000, payload 1188B, e2e delay 16000us, jitter 1600us
	('SM2CA', 'SW52'), Operation(162, None, 258)(162, 162)
	('SW52', 'SW42'), Operation(260, None, 485)(260, 389)
	('SW42', 'SW32'), Operation(358, 492, 588)(492, 492)
	('SW32', 'LCM2'), Operation(590, None, 815)(590, 719)
14. Flow F14 [SM2CB-->DU1] with period 128000, payload 1435B, e2e delay 128000us, jitter 12800us
	('SM2CB', 'SW52'), Operation(127026, None, 127141)(127026, 127026)
	('SW52', 'SW8'), Operation(127143, 127148, 127263)(127148, 127148)
	('SW8', 'SW31'), Operation(127265, 127270, 127385)(127270, 127270)
	('SW31', 'SW21'), Operation(127387, 127392, 127507)(127392, 127392)
	('SW21', 'SW11'), Operation(127509, None, 127753)(127509, 127638)
	('SW11', 'DU1'), Operation(127626, None, 127999)(127626, 127884)
15. Flow F15 [DU4-->CM1CA] with period 2000, payload 645B, e2e delay 2000us, jitter 200us
	('DU4', 'SW14'), Operation(1587, None, 1639)(1587, 1587)
	('SW14', 'SW21'), Operation(1641, 1646, 1698)(1646, 1646)
	('SW21', 'SW31'), Operation(1700, 1705, 1757)(1705, 1705)
	('SW31', 'SW41'), Operation(1759, None, 1940)(1759, 1888)
	('SW41', 'CM1CA'), Operation(1813, 1947, 1999)(1947, 1947)
16. Flow F16 [StarTr1-->FCM1] with period 4000, payload 102B, e2e delay 4000us, jitter 400us
	('StarTr1', 'SW13'), Operation(949, None, 958)(949, 949)
	('SW13', 'SW21'), Operation(960, 965, 974)(965, 965)
	('SW21', 'SW31'), Operation(976, 981, 990)(981, 981)
	('SW31', 'FCM1'), Operation(992, 997, 1006)(997, 997)
17. Flow F17 [CM2CA-->BFCU] with period 8000, payload 381B, e2e delay 8000us, jitter 800us
	('CM2CA', 'SW42'), Operation(7606, None, 7637)(7606, 7606)
	('SW42', 'SW32'), Operation(7639, None, 7799)(7639, 7768)
	('SW32', 'SW22'), Operation(7672, 7806, 7837)(7806, 7806)
	('SW22', 'BFCU'), Operation(7839, None, 7999)(7839, 7968)
18. Flow F18 [SM2CB-->MIMU2] with period 16000, payload 178B, e2e delay 16000us, jitter 1600us
	('SM2CB', 'SW52'), Operation(1191, None, 1206)(1191, 1191)
	('SW52', 'SW42'), Operation(1208, 1213, 1228)(1213, 1213)
	('SW42', 'SW32'), Operation(1230, None, 1374)(1230, 1359)
	('SW32', 'SW22'), Operation(1247, None, 1520)(1247, 1505)
	('SW22', 'SW13'), Operation(1264, None, 1666)(1264, 1651)
	('SW13', 'MIMU2'), Operation(1281, None, 1812)(1281, 1797)
19. Flow F19 [SM2CB-->SM1CB] with period 128000, payload 805B, e2e delay 128000us, jitter 12800us
	('SM2CB', 'SW52'), Operation(97207, None, 97272)(97207, 97207)
	('SW52', 'SW8'), Operation(97274, None, 97468)(97274, 97403)
	('SW8', 'SW51'), Operation(97341, 97475, 97540)(97475, 97475)
	('SW51', 'SM1CB'), Operation(97542, None, 97736)(97542, 97671)
20. Flow F20 [CMRIU1-->FCM1] with period 16000, payload 1487B, e2e delay 16000us, jitter 1600us
	('CMRIU1', 'SW21'), Operation(496, None, 615)(496, 496)
	('SW21', 'SW31'), Operation(617, 622, 741)(622, 622)
	('SW31', 'FCM1'), Operation(743, None, 991)(743, 872)
21. Flow F21 [FCM1-->SM1CB] with period 128000, payload 1300B, e2e delay 128000us, jitter 12800us
	('FCM1', 'SW31'), Operation(97419, None, 97523)(97419, 97419)
	('SW31', 'SW41'), Operation(97525, None, 97758)(97525, 97654)
	('SW41', 'SW51'), Operation(97631, None, 97993)(97631, 97889)
	('SW51', 'SM1CB'), Operation(97737, None, 98228)(97737, 98124)
22. Flow F22 [SM1CA-->SM2CB] with period 64000, payload 1495B, e2e delay 64000us, jitter 6400us
	('SM1CA', 'SW51'), Operation(56272, 56272, 56392)(56272, 56272)
	('SW51', 'SW8'), Operation(56394, None, 56643)(56394, 56523)
	('SW8', 'SW52'), Operation(56516, None, 56894)(56516, 56774)
	('SW52', 'SM2CB'), Operation(56638, None, 57145)(56638, 57025)
23. Flow F23 [CM1CA-->MIMU3] with period 8000, payload 1466B, e2e delay 8000us, jitter 800us
	('CM1CA', 'SW41'), Operation(6239, None, 6357)(6239, 6239)
	('SW41', 'SW31'), Operation(6359, 6364, 6482)(6364, 6364)
	('SW31', 'SW21'), Operation(6484, 6489, 6607)(6489, 6489)
	('SW21', 'SW13'), Operation(6609, 6614, 6732)(6614, 6614)
	('SW13', 'MIMU3'), Operation(6734, 6739, 6857)(6739, 6739)
24. Flow F24 [DU3-->CMRIU1] with period 64000, payload 122B, e2e delay 64000us, jitter 6400us
	('DU3', 'SW11'), Operation(49751, None, 49761)(49751, 49751)
	('SW11', 'SW21'), Operation(49763, None, 49902)(49763, 49892)
	('SW21', 'CMRIU1'), Operation(49775, None, 50043)(49775, 50033)
25. Flow F25 [SBAND1-->MIMU1] with period 8000, payload 963B, e2e delay 8000us, jitter 800us
	('SBAND1', 'SW12'), Operation(6236, None, 6314)(6236, 6236)
	('SW12', 'SW21'), Operation(6316, None, 6523)(6316, 6445)
	('SW21', 'SW13'), Operation(6396, 6530, 6608)(6530, 6530)
	('SW13', 'MIMU1'), Operation(6610, None, 6817)(6610, 6739)
26. Flow F26 [SM1CB-->DU3] with period 16000, payload 148B, e2e delay 16000us, jitter 1600us
	('SM1CB', 'SW51'), Operation(14561, None, 14573)(14561, 14561)
	('SW51', 'SW41'), Operation(14575, 14580, 14592)(14580, 14580)
	('SW41', 'SW31'), Operation(14594, None, 14735)(14594, 14723)
	('SW31', 'SW21'), Operation(14608, None, 14878)(14608, 14866)
	('SW21', 'SW11'), Operation(14622, None, 15021)(14622, 15009)
	('SW11', 'DU3'), Operation(14636, None, 15164)(14636, 15152)
27. Flow F27 [StarTr2-->RCM2] with period 32000, payload 1419B, e2e delay 32000us, jitter 3200us
	('StarTr2', 'SW13'), Operation(20120, None, 20234)(20120, 20120)
	('SW13', 'SW22'), Operation(20236, 20241, 20355)(20241, 20241)
	('SW22', 'SW32'), Operation(20357, 20362, 20476)(20362, 20362)
	('SW32', 'RCM2'), Operation(20478, None, 20721)(20478, 20607)
28. Flow F28 [DU5-->LCM2] with period 8000, payload 949B, e2e delay 8000us, jitter 800us
	('DU5', 'SW14'), Operation(4321, None, 4397)(4321, 4321)
	('SW14', 'SW22'), Operation(4399, None, 4604)(4399, 4528)
	('SW22', 'SW32'), Operation(4477, None, 4811)(4477, 4735)
	('SW32', 'LCM2'), Operation(4555, None, 5018)(4555, 4942)
29. Flow F29 [SMRIU2-->StarTr1] with period 32000, payload 1172B, e2e delay 32000us, jitter 3200us
	('SMRIU2', 'SW6'), Operation(5846, None, 5940)(5846, 5846)
	('SW6', 'SW31'), Operation(5942, 5947, 6041)(5947, 5947)
	('SW31', 'SW21'), Operation(6043, 6048, 6142)(6048, 6048)
	('SW21', 'SW13'), Operation(6144, 6149, 6243)(6149, 6149)
	('SW13', 'StarTr1'), Operation(6245, 6250, 6344)(6250, 6250)

SMT variables: 
	F19_('SW51', 'SM1CB')_t3_min: 97542
	F7_('SW31', 'LCM1')_t3_max: 3385
	F12_('SW32', 'FCM2')_tb: 119368
	F23_('SW41', 'SW31')_rr: 2
	F28_('SW22', 'SW32')_t4_max: 4735
	('SW13', 'MIMU2')_gcl_cycle: 1
	F1_('SW8', 'SW32')_gc: False
	F0_('CM2CB', 'SW42')_t3_min: 46270
	F7_queue_index: 0
	F26_('SW31', 'SW21')_t4_max: 14866
	F5_('SW31', 'SW21')_rr: 0
	F1_('SM1CA', 'SW51')_t3_max: 42
	F10_('SBAND1', 'SW12')_t3_min: 124604
	('RCM2', 'SW32')_gcl_cycle: 1
	('SW21', 'SW13')_gcl_cycle: 32000
	F16_('SW21', 'SW31')_rr: 4
	F9_('FCM2', 'SW32')_rr: 0
	F26_('SW21', 'SW11')_t4_max: 15009
	('SW31', 'LCM1')_gcl_cycle: 1
	('SW51', 'SM1CB')_gcl_cycle: 1
	F25_('SW12', 'SW21')_t4_min: 6316
	F22_('SW8', 'SW52')_t4_min: 56516
	F9_('SW32', 'SW7')_rr: 1
	F4_('SW8', 'SW52')_gc: True
	F22_('SW51', 'SW8')_t4_max: 56523
	F20_('SW21', 'SW31')_tb: 622
	F11_('SW13', 'SW21')_t5_max: 244
	F15_('SW21', 'SW31')_rr: 8
	F22_queue_index: 0
	F3_('SW21', 'SW12')_t4_max: 12500
	F5_('SW6', 'SW31')_t4_max: 14949
	F6_('SW31', 'SW21')_t4_min: 25
	F8_('SW31', 'SW8')_t4_max: 6563
	F10_('SW42', 'SW52')_t4_max: 125288
	F3_('SW12', 'SBAND2')_gc: False
	F16_('SW13', 'SW21')_t5_min: 974
	F10_('SW32', 'SW42')_t4_max: 125179
	F20_('CMRIU1', 'SW21')_t4_min: 496
	F14_('SW31', 'SW21')_rr: 1
	('SM1CB', 'SW51')_gcl_cycle: 1
	F10_('SW22', 'SW32')_gc: True
	('SW51', 'SW41')_gcl_cycle: 16000
	F26_('SW51', 'SW41')_rr: 1
	F15_('DU4', 'SW14')_t3_max: 1463
	F5_queue_index: 0
	F0_('SW21', 'CMRIU1')_t4_min: 46610
	F5_('SW6', 'SW31')_t4_min: 14820
	F12_('SW32', 'FCM2')_rr: 0
	F12_('SW52', 'SW42')_gc: False
	F6_('RCM1', 'SW31')_t5_min: 18
	F19_('SW51', 'SM1CB')_gc: False
	F8_('SW52', 'SW42')_t4_min: 6708
	F27_('SW32', 'RCM2')_t4_min: 20478
	F2_('SW13', 'StarTr1')_t3_max: 350
	F0_('SW32', 'SW7')_rr: 0
	F10_('SW12', 'SW22')_gc: False
	F12_('SW42', 'SW32')_t4_min: 119254
	F21_('SW31', 'SW41')_gc: False
	F21_('SW51', 'SM1CB')_t5_min: 97841
	('SW32', 'SW7')_gcl_cycle: 64000
	F14_('SW8', 'SW31')_rr: 1
	F23_('SW31', 'SW21')_t4_min: 6489
	('DU4', 'SW14')_gcl_cycle: 1
	('CMRIU1', 'SW21')_gcl_cycle: 1
	F15_('SW14', 'SW21')_gc: True
	F0_('SW42', 'SW32')_t4_min: 46288
	F7_('SW6', 'SW31')_t4_max: 3307
	F15_('SW31', 'SW41')_t3_max: 1764
	F23_('SW31', 'SW21')_t4_max: 6489
	F23_('SW41', 'SW31')_t4_min: 6364
	F17_('CM2CA', 'SW42')_gc: False
	F20_('CMRIU1', 'SW21')_gc: False
	F26_('SW21', 'SW11')_t4_min: 14622
	F12_('SW42', 'SW32')_t3_max: 119388
	F13_('SW52', 'SW42')_rr: 0
	('SW8', 'SW51')_gcl_cycle: 128000
	F0_('SW32', 'SW7')_gc: False
	F7_('RCM2', 'SW32')_rr: 0
	F10_('SBAND1', 'SW12')_gc: False
	F12_('SM2CB', 'SW52')_gc: False
	F25_('SBAND1', 'SW12')_gc: False
	F1_jitter: 129
	F13_jitter: 129
	F11_('SW13', 'SW21')_t4_max: 126
	F13_('SM2CA', 'SW52')_t5_max: 258
	F27_('StarTr2', 'SW13')_t5_min: 20234
	F6_('SW31', 'SW21')_gc: True
	F2_('SM2CB', 'SW52')_t3_min: 86
	F6_('SW31', 'SW21')_t4_max: 25
	F15_jitter: 0
	F11_('SW31', 'FCM1')_t5_max: 742
	('SW32', 'LCM2')_gcl_cycle: 1
	F21_('FCM1', 'SW31')_t3_max: 97295
	F5_('SW31', 'SW21')_gc: False
	F21_('SW41', 'SW51')_rr: 0
	F23_('CM1CA', 'SW41')_t3_max: 6115
	F29_('SW31', 'SW21')_rr: 4
	F10_('SW12', 'SW22')_t4_min: 124708
	F17_('SW32', 'SW22')_t4_max: 7806
	F14_('SW21', 'SW11')_gc: False
	F29_('SW21', 'SW13')_t4_max: 6149
	F7_('SW32', 'SW6')_t4_max: 3105
	F6_queue_index: 0
	F14_('SW52', 'SW8')_rr: 1
	F18_('SW22', 'SW13')_t4_max: 1651
	F12_('SW32', 'FCM2')_t4_min: 119368
	('RCM2', 'SW32')_gcl_length: 0
	F14_('SW21', 'SW11')_t4_max: 127638
	F11_('SW21', 'SW31')_tb: 246
	F8_('SW52', 'SW42')_t4_max: 6837
	F17_('CM2CA', 'SW42')_t5_min: 7637
	F25_queue_index: 0
	F16_('SW13', 'SW21')_t4_min: 965
	F28_('SW32', 'LCM2')_gc: False
	F3_('StarTr2', 'SW13')_gc: False
	F2_('SW52', 'SW42')_t4_min: 109
	F14_('SW31', 'SW21')_tb: 127392
	F29_('SW13', 'StarTr1')_gc: True
	F0_('SW42', 'SW32')_t4_max: 46417
	F6_('SW21', 'CMRIU1')_tb: 49
	F29_('SW6', 'SW31')_t3_min: 5942
	F14_('SM2CB', 'SW52')_t4_max: 127026
	F18_('SM2CB', 'SW52')_t3_max: 1067
	F21_('FCM1', 'SW31')_rr: 0
	F26_('SW41', 'SW31')_t4_min: 14594
	F16_('SW31', 'FCM1')_rr: 1
	F20_('SW31', 'FCM1')_t4_min: 743
	F14_('SW52', 'SW8')_t5_min: 127263
	F7_('SW31', 'LCM1')_gc: False
	F25_('SW21', 'SW13')_gc: True
	F26_('SW11', 'DU3')_gc: False
	F0_('SW7', 'SW21')_rr: 1
	F27_('SW22', 'SW32')_rr: 4
	F4_('SW52', 'SW42')_rr: 0
	F23_('SW21', 'SW13')_t4_min: 6614
	('SW6', 'SW31')_gcl_cycle: 32000
	('SW31', 'SW41')_gcl_cycle: 1
	F0_('CM2CB', 'SW42')_t3_max: 46146
	F11_('StarTr2', 'SW13')_rr: 0
	F16_('StarTr1', 'SW13')_t3_max: 825
	F10_('SW42', 'SW52')_gc: True
	F18_('SW13', 'MIMU2')_gc: False
	F13_('SW52', 'SW42')_t4_max: 389
	F14_('SW8', 'SW31')_gc: True
	F24_('SW11', 'SW21')_t4_min: 49763
	('SW21', 'CMRIU1')_gcl_length: 130
	F0_('SW7', 'SW21')_gc: True
	F5_('SW21', 'SW11')_t4_max: 15409
	F28_('SW22', 'SW32')_t5_min: 4553
	F10_('SW12', 'SW22')_rr: 0
	F19_('SW51', 'SM1CB')_rr: 0
	F4_('SW52', 'SW42')_t4_min: 6906
	('SW8', 'SW52')_gcl_length: 6
	F16_('SW13', 'SW21')_rr: 1
	F14_('SW31', 'SW21')_t3_min: 127387
	F22_jitter: 387
	F21_('SW31', 'SW41')_t5_max: 97758
	F18_('SW22', 'SW13')_t4_min: 1264
	('SW13', 'MIMU1')_gcl_cycle: 1
	F9_('FCM2', 'SW32')_gc: False
	F12_('SW42', 'SW32')_gc: False
	F20_('SW21', 'SW31')_t4_min: 622
	F26_('SW21', 'SW11')_rr: 0
	F9_('SW7', 'SW21')_t4_min: 47595
	('SW13', 'SW21')_gcl_cycle: 4000
	('SW32', 'RCM2')_gcl_cycle: 1
	F7_('RCM2', 'SW32')_t4_max: 2903
	F15_('SW41', 'CM1CA')_t4_min: 1947
	F28_jitter: 387
	F5_('SW11', 'DU2')_rr: 0
	('SW31', 'SW8')_gcl_cycle: 16000
	F16_('SW21', 'SW31')_gc: True
	F8_('SW41', 'SW31')_t5_max: 6556
	F8_('SW41', 'SW31')_t4_max: 6488
	F28_('SW14', 'SW22')_t4_min: 4399
	F0_('SW7', 'SW21')_t5_max: 46603
	('SM2CB', 'SW52')_gcl_cycle: 1
	F8_('SW42', 'CM2CB')_t3_min: 6778
	F23_('SW41', 'SW31')_t4_max: 6364
	F12_('SW32', 'FCM2')_gc: False
	F0_('SW32', 'SW7')_t4_min: 46306
	F27_('SW22', 'SW32')_t4_max: 20362
	F11_('StarTr2', 'SW13')_t4_max: 1
	F22_('SW52', 'SM2CB')_rr: 0
	F2_('SW22', 'SW13')_t4_min: 322
	F18_('SM2CB', 'SW52')_gc: False
	('FCM2', 'SW32')_gcl_cycle: 1
	F16_('SW13', 'SW21')_t4_max: 965
	F11_('SW13', 'SW21')_rr: 1
	F21_('FCM1', 'SW31')_gc: False
	F19_('SW8', 'SW51')_t4_min: 97475
	F1_('SW51', 'SW8')_t4_max: 345
	F4_('SW8', 'SW52')_t4_max: 6800
	F29_('SW31', 'SW21')_t5_max: 6142
	F12_('SW42', 'SW32')_t4_max: 119512
	F4_('SW42', 'CM2CB')_t5_min: 7116
	('SW8', 'SW31')_gcl_cycle: 128000
	F21_('SW31', 'SW41')_t4_max: 97654
	F25_('SW12', 'SW21')_gc: False
	F1_('SW22', 'BFCU')_tb: 629
	F17_('SW42', 'SW32')_t5_max: 7799
	('SW11', 'SW21')_gcl_cycle: 1
	F26_('SW41', 'SW31')_t4_max: 14723
	F23_('SW13', 'MIMU3')_rr: 1
	F21_('SW31', 'SW41')_rr: 0
	F9_('SW7', 'SW21')_rr: 0
	F10_('SBAND1', 'SW12')_rr: 0
	F22_('SW8', 'SW52')_t5_max: 56894
	('SW22', 'SW13')_gcl_cycle: 2000
	F11_('SW13', 'SW21')_tb: 126
	F1_('SW32', 'SW22')_rr: 4
	F13_('SW42', 'SW32')_t4_min: 492
	F7_('SW6', 'SW31')_rr: 0
	F24_('DU3', 'SW11')_t5_max: 49761
	F8_('SW8', 'SW52')_gc: True
	F28_('SW14', 'SW22')_rr: 0
	F29_queue_index: 0
	F21_('SW51', 'SM1CB')_t4_min: 97737
	('SW8', 'SW32')_gcl_cycle: 1
	F29_('SW13', 'StarTr1')_t4_min: 6250
	F13_('SW42', 'SW32')_t4_max: 492
	F18_('SW32', 'SW22')_rr: 0
	F1_('SW22', 'BFCU')_rr: 0
	F14_('SW8', 'SW31')_t5_min: 127385
	F2_('SW22', 'SW13')_rr: 1
	('SW21', 'CMRIU1')_gcl_cycle: 128000
	('SBAND1', 'SW12')_gcl_cycle: 1
	('SBAND1', 'SW12')_gcl_length: 0
	F27_('SW13', 'SW22')_rr: 1
	F29_('SMRIU2', 'SW6')_gc: False
	F8_jitter: 0
	F7_('SW6', 'SW31')_t4_min: 3049
	F22_('SM1CA', 'SW51')_t4_max: 56272
	F23_queue_index: 0
	F27_('SW22', 'SW32')_t4_min: 20362
	F2_('SW52', 'SW42')_gc: False
	F7_('SW32', 'SW6')_gc: False
	F28_('DU5', 'SW14')_gc: False
	F14_('SW31', 'SW21')_t4_min: 127392
	F6_('SW21', 'CMRIU1')_gc: True
	F21_('SW31', 'SW41')_t4_min: 97525
	('SW13', 'MIMU3')_gcl_length: 2
	F5_('SW31', 'SW21')_t4_min: 14921
	F5_('SW31', 'SW21')_t5_min: 15020
	('RCM1', 'SW31')_gcl_cycle: 1
	F5_('SW31', 'SW21')_t4_max: 15179
	F18_jitter: 516
	F18_('SW13', 'MIMU2')_t5_max: 1812
	F4_('SW8', 'SW52')_rr: 2
	F7_('SW31', 'LCM1')_rr: 0
	F3_('SW13', 'SW21')_t4_min: 12245
	('SW7', 'SW21')_gcl_cycle: 128000
	F6_('RCM1', 'SW31')_t3_max: -123
	F15_('SW41', 'CM1CA')_rr: 1
	('SW12', 'SW21')_gcl_cycle: 1
	F4_('SW42', 'CM2CB')_t3_min: 7012
	('CM2CB', 'SW42')_gcl_cycle: 1
	F13_('SW42', 'SW32')_rr: 1
	('CM2CB', 'SW42')_gcl_length: 0
	F27_('StarTr2', 'SW13')_rr: 0
	F10_('SW52', 'SM2CA')_t4_min: 125392
	F15_('DU4', 'SW14')_gc: False
	F18_('SW32', 'SW22')_t4_max: 1505
	('CM1CB', 'SW41')_gcl_cycle: 1
	F12_('SM2CB', 'SW52')_t3_max: 118902
	F11_('SW31', 'FCM1')_gc: False
	F9_('SW32', 'SW7')_t4_min: 47499
	F1_('SM1CA', 'SW51')_t5_min: 214
	F0_('CM2CB', 'SW42')_gc: False
	F29_('SW13', 'StarTr1')_rr: 1
	F10_('SW52', 'SM2CA')_tb: 125392
	F11_('SW13', 'SW21')_t4_min: 126
	F14_('SM2CB', 'SW52')_gc: False
	F24_('SW11', 'SW21')_rr: 0
	F2_('SW13', 'StarTr1')_t4_min: 345
	F3_('SW12', 'SBAND2')_t3_min: 12621
	F24_('SW21', 'CMRIU1')_gc: False
	('SW52', 'SW8')_gcl_length: 2
	F23_('SW13', 'MIMU3')_gc: True
	F14_('SW21', 'SW11')_t4_min: 127509
	F21_jitter: 387
	F11_('SW21', 'SW31')_t3_max: 251
	('SW12', 'SBAND2')_gcl_cycle: 1
	F15_('SW14', 'SW21')_rr: 1
	F23_('SW21', 'SW13')_rr: 4
	F12_('SW52', 'SW42')_t4_max: 119269
	('SW42', 'SW32')_gcl_cycle: 16000
	F17_('SW22', 'BFCU')_t4_min: 7839
	F15_('SW14', 'SW21')_t4_max: 1646
	F11_('StarTr2', 'SW13')_gc: False
	F4_('LCM1', 'SW31')_rr: 0
	F16_('StarTr1', 'SW13')_rr: 0
	F26_('SW41', 'SW31')_rr: 0
	F11_queue_index: 0
	F5_jitter: 516
	F23_('CM1CA', 'SW41')_rr: 0
	F14_('SW21', 'SW11')_rr: 0
	F19_('SW8', 'SW51')_tb: 97475
	F29_('SMRIU2', 'SW6')_rr: 0
	F3_('SW12', 'SBAND2')_t4_min: 12621
	F19_queue_index: 0
	F16_('SW21', 'SW31')_t4_min: 981
	F26_('SW31', 'SW21')_gc: False
	F26_('SM1CB', 'SW51')_t4_min: 14561
	F15_queue_index: 0
	F25_('SW13', 'MIMU1')_gc: False
	F18_('SW42', 'SW32')_rr: 0
	F28_('SW32', 'LCM2')_t4_min: 4555
	F18_('SW22', 'SW13')_t3_min: 1264
	F15_('SW31', 'SW41')_t4_max: 1888
	F7_('RCM2', 'SW32')_gc: False
	F26_jitter: 516
	F18_('SW32', 'SW22')_t4_min: 1247
	F4_('LCM1', 'SW31')_t3_max: 6454
	F23_('SW21', 'SW13')_t4_max: 6614
	F7_('SW6', 'SW31')_gc: False
	F28_('SW14', 'SW22')_t4_max: 4528
	F19_('SM2CB', 'SW52')_rr: 0
	F29_('SW31', 'SW21')_t4_max: 6048
	F12_('SW52', 'SW42')_t4_min: 119140
	F5_('SW11', 'DU2')_t4_max: 15639
	F15_('SW41', 'CM1CA')_t5_max: 1999
	F3_('StarTr2', 'SW13')_t3_max: 12000
	F10_('SW22', 'SW32')_rr: 1
	('SW52', 'SW8')_gcl_cycle: 128000
	F5_('SW31', 'SW21')_t5_max: 15278
	F10_('SW32', 'SW42')_t3_min: 125050
	F12_queue_index: 0
	F4_jitter: 258
	F8_('CM1CB', 'SW41')_t3_max: 6289
	F20_queue_index: 0
	F24_('SW11', 'SW21')_t4_max: 49892
	('SW13', 'MIMU2')_gcl_length: 0
	F11_('SW31', 'FCM1')_t5_min: 484
	F3_('SW13', 'SW21')_gc: False
	F20_jitter: 129
	F19_('SW8', 'SW51')_t5_max: 97540
	F3_('StarTr2', 'SW13')_rr: 0
	F26_('SW51', 'SW41')_gc: True
	F4_('SW31', 'SW8')_rr: 2
	F14_('SW8', 'SW31')_t3_min: 127265
	F10_jitter: 129
	F29_('SW6', 'SW31')_rr: 1
	F15_('SW31', 'SW41')_t4_min: 1759
	F14_('SM2CB', 'SW52')_rr: 0
	F20_('SW21', 'SW31')_gc: True
	F5_('SW21', 'SW11')_gc: False
	F14_queue_index: 0
	F22_('SW8', 'SW52')_gc: False
	F13_('SW32', 'LCM2')_t4_min: 590
	F21_('SW41', 'SW51')_gc: False
	F26_('SM1CB', 'SW51')_t3_max: 14437
	F27_('SW32', 'RCM2')_rr: 0
	F5_('SW11', 'DU2')_t4_min: 15123
	F4_('SW52', 'SW42')_t3_min: 6906
	F9_('SW7', 'SW21')_t4_max: 47724
	F4_('SW42', 'CM2CB')_t3_max: 7146
	F26_('SW41', 'SW31')_gc: False
	F19_('SW51', 'SM1CB')_t4_min: 97542
	F27_('SW13', 'SW22')_t4_max: 20241
	F2_('SW13', 'StarTr1')_rr: 0
	F0_jitter: 0
	('SW11', 'DU2')_gcl_cycle: 1
	('SW12', 'SW22')_gcl_cycle: 1
	('SW32', 'SW6')_gcl_length: 0
	F8_('SW52', 'SW42')_gc: False
	F19_('SW52', 'SW8')_rr: 0
	F26_('SW51', 'SW41')_t4_min: 14580
	('CM1CA', 'SW41')_gcl_cycle: 1
	F1_('SW22', 'BFCU')_gc: False
	F8_('SW42', 'CM2CB')_t4_min: 6912
	F20_('SW31', 'FCM1')_gc: False
	F8_('SW41', 'SW31')_t5_min: 6556
	F5_('SW6', 'SW31')_tb: 14820
	F24_('DU3', 'SW11')_t3_max: 49627
	F11_('SW21', 'SW31')_t4_max: 375
	F19_('SW8', 'SW51')_t3_max: 97475
	F19_('SW8', 'SW51')_rr: 1
	F1_('SW51', 'SW8')_gc: False
	F23_('SW41', 'SW31')_gc: True
	F22_('SW52', 'SM2CB')_gc: False
	F29_('SW6', 'SW31')_t4_max: 5947
	F5_('SW6', 'SW31')_gc: False
	('LCM1', 'SW31')_gcl_cycle: 1
	F29_jitter: 0
	F24_('DU3', 'SW11')_rr: 0
	F11_('SW21', 'SW31')_t5_max: 493
	F28_('DU5', 'SW14')_t3_max: 4197
	F3_('SW12', 'SBAND2')_rr: 0
	F3_('SW13', 'SW21')_t3_min: 12245
	F5_('SW21', 'SW11')_t4_min: 15022
	F6_jitter: 0
	F17_('SW32', 'SW22')_t4_min: 7806
	F26_('SW21', 'SW11')_t3_max: 14885
	F18_('SW13', 'MIMU2')_t4_min: 1281
	F18_queue_index: 0
	F10_('SW22', 'SW32')_t4_max: 124946
	F16_('SW21', 'SW31')_t4_max: 981
	F24_('DU3', 'SW11')_gc: False
	F1_('SW8', 'SW32')_rr: 0
	F5_('SMRIU1', 'SW6')_rr: 0
	F6_('SW31', 'SW21')_rr: 64
	F27_('SW22', 'SW32')_t3_max: 20362
	F9_jitter: 258
	F8_('SW41', 'SW31')_rr: 1
	F9_('SW21', 'CMRIU1')_t4_min: 47691
	F3_queue_index: 0
	F4_('SW31', 'SW8')_t4_max: 6689
	F26_('SW31', 'SW21')_t5_min: 14620
	F22_('SW51', 'SW8')_t4_min: 56394
	('SW41', 'SW31')_gcl_cycle: 16000
	F23_('CM1CA', 'SW41')_gc: False
	F9_('SW21', 'CMRIU1')_rr: 0
	F14_('SW11', 'DU1')_rr: 0
	F17_('SW22', 'BFCU')_gc: False
	('SW52', 'SM2CA')_gcl_cycle: 1
	F2_('SW52', 'SW42')_rr: 0
	F8_('SW41', 'SW31')_gc: True
	F27_('SW32', 'RCM2')_gc: False
	F29_('SW21', 'SW13')_t4_min: 6149
	F21_('SW41', 'SW51')_tb: 97631
	F0_queue_index: 0
	F14_('SW11', 'DU1')_gc: False
	F3_('SW21', 'SW12')_gc: True
	F16_queue_index: 0
	F28_queue_index: 0
	F7_('SW31', 'LCM1')_t4_min: 3122
	F18_('SW52', 'SW42')_t4_max: 1213
	F10_('SW42', 'SW52')_t4_min: 125288
	('SMRIU1', 'SW6')_gcl_cycle: 1
	F13_('SW32', 'LCM2')_rr: 0
	F22_('SW52', 'SM2CB')_t3_max: 56901
	('DU3', 'SW11')_gcl_cycle: 1
	F15_('SW31', 'SW41')_rr: 0
	F13_('SW42', 'SW32')_t3_max: 492
	F9_('SW7', 'SW21')_t3_min: 47595
	F18_('SM2CB', 'SW52')_rr: 0
	F17_('SW42', 'SW32')_rr: 0
	F27_('StarTr2', 'SW13')_t3_max: 19996
	F8_('SW42', 'CM2CB')_gc: True
	F25_('SW12', 'SW21')_t4_max: 6445
	F0_('SW21', 'CMRIU1')_t4_max: 46610
	F6_('RCM1', 'SW31')_gc: False
	F15_('SW14', 'SW21')_t4_min: 1646
	F9_('SW21', 'CMRIU1')_t5_max: 48043
	F17_('CM2CA', 'SW42')_rr: 0
	F17_('SW22', 'BFCU')_rr: 0
	F20_('CMRIU1', 'SW21')_t3_max: 372
	F8_('SW31', 'SW8')_rr: 1
	F19_('SW52', 'SW8')_gc: False
	F14_('SW52', 'SW8')_gc: True
	F16_('SW21', 'SW31')_t5_max: 990
	F18_('SW22', 'SW13')_rr: 0
	F19_('SM2CB', 'SW52')_t3_max: 97083
	F21_('SW41', 'SW51')_t4_min: 97631
	F23_('CM1CA', 'SW41')_t4_max: 6239
	F29_('SW31', 'SW21')_gc: True
	F1_('SM1CA', 'SW51')_gc: False
	F22_('SM1CA', 'SW51')_gc: True
	F19_('SW52', 'SW8')_t3_min: 97274
	F14_('SW8', 'SW31')_t4_min: 127270
	F27_('SW13', 'SW22')_t4_min: 20241
	F15_('SW31', 'SW41')_gc: False
	F15_('SW14', 'SW21')_t5_min: 1698
	F12_('SW42', 'SW32')_rr: 0
	F22_('SM1CA', 'SW51')_t3_max: 56272
	F13_('SW32', 'LCM2')_gc: False
	F6_('RCM1', 'SW31')_rr: 0
	F0_('SW32', 'SW7')_t4_max: 46564
	F9_('SW32', 'SW7')_t4_max: 47499
	('SW21', 'SW11')_gcl_cycle: 1
	F20_('CMRIU1', 'SW21')_rr: 0
	('SW42', 'SW52')_gcl_cycle: 128000
	F24_('SW21', 'CMRIU1')_rr: 0
	F8_('CM1CB', 'SW41')_rr: 0
	F17_('CM2CA', 'SW42')_tb: 7606
	F24_jitter: 258
	F14_('SW31', 'SW21')_t4_max: 127392
	F14_('SW31', 'SW21')_gc: True
	F18_('SW42', 'SW32')_t4_max: 1359
	F23_('SW13', 'MIMU3')_tb: 6739
	F8_('SW8', 'SW52')_t4_max: 6638
	('FCM1', 'SW31')_gcl_length: 0
	F13_('SW42', 'SW32')_gc: True
	('SW32', 'SW6')_gcl_cycle: 1
	F2_('SW13', 'StarTr1')_gc: False
	F21_('FCM1', 'SW31')_t3_min: 97419
	F28_('SW14', 'SW22')_gc: False
	('SW32', 'FCM2')_gcl_cycle: 1
	F15_('SW21', 'SW31')_t4_max: 1705
	F10_('SW52', 'SM2CA')_rr: 0
	F1_('SM1CA', 'SW51')_rr: 0
	F26_('SM1CB', 'SW51')_gc: False
	F2_('SW32', 'SW22')_t4_min: 294
	F4_('SW52', 'SW42')_t4_max: 7035
	F4_('SW8', 'SW52')_t4_min: 6800
	F7_jitter: 387
	F11_('SW21', 'SW31')_t4_min: 246
	F2_('SW32', 'SW22')_gc: True
	F8_('CM1CB', 'SW41')_gc: False
	('SW31', 'FCM1')_gcl_cycle: 4000
	F2_queue_index: 0
	F4_('SW42', 'CM2CB')_t4_max: 7270
	('SW51', 'SW8')_gcl_cycle: 1
	F22_('SW51', 'SW8')_rr: 0
	F22_('SW51', 'SW8')_gc: False
	F10_('SW52', 'SM2CA')_t5_min: 125494
	F11_('SW21', 'SW31')_gc: False
	F28_('SW22', 'SW32')_t4_min: 4477
	F28_('DU5', 'SW14')_rr: 0
	F14_('SW52', 'SW8')_t4_min: 127148
	F7_('SW6', 'SW31')_t3_min: 3049
	F5_('SW21', 'SW11')_rr: 0
	F0_('SW21', 'CMRIU1')_gc: True
	F0_('CM2CB', 'SW42')_rr: 0
	F23_('SW31', 'SW21')_gc: True
	F13_queue_index: 0
	('FCM1', 'SW31')_gcl_cycle: 1
	F14_('SM2CB', 'SW52')_t3_max: 126902
	F5_('SMRIU1', 'SW6')_gc: False
	('SMRIU2', 'SW6')_gcl_cycle: 1
	F15_('SW41', 'CM1CA')_gc: True
	F23_('SW21', 'SW13')_gc: True
	F29_('SW21', 'SW13')_gc: True
	F2_('SW42', 'SW32')_t4_min: 266
	F18_('SW32', 'SW22')_gc: False
	F16_('SW31', 'FCM1')_t4_min: 997
	F26_('SW41', 'SW31')_tb: 14594
	F20_('SW21', 'SW31')_t4_max: 622
	F10_('SW12', 'SW22')_t4_max: 124837
	F21_('SW51', 'SM1CB')_gc: False
	F27_('StarTr2', 'SW13')_gc: False
	F11_jitter: 258
	F19_('SW52', 'SW8')_t4_max: 97403
	F17_('SW42', 'SW32')_t4_min: 7639
	F4_('SW31', 'SW8')_t4_min: 6689
	F2_('SW22', 'SW13')_gc: True
	('SM1CB', 'SW51')_gcl_length: 0
	('DU5', 'SW14')_gcl_length: 0
	F29_('SMRIU2', 'SW6')_t4_min: 5846
	F10_('SW52', 'SM2CA')_gc: False
	F22_('SW8', 'SW52')_t4_max: 56774
	('SW52', 'SW42')_gcl_cycle: 16000
	F2_('SW42', 'SW32')_rr: 8
	F2_('SW22', 'SW13')_t3_min: 317
	('StarTr2', 'SW13')_gcl_cycle: 1
	F10_('SW42', 'SW52')_rr: 1
	('DU5', 'SW14')_gcl_cycle: 1
	F16_('StarTr1', 'SW13')_gc: False
	F26_('SW31', 'SW21')_t4_min: 14608
	F14_('SW21', 'SW11')_t5_min: 127624
	F1_('SW32', 'SW22')_t5_min: 627
	F2_('SW32', 'SW22')_rr: 4
	F27_jitter: 129
	F16_('SW13', 'SW21')_gc: True
	F17_('SW42', 'SW32')_gc: False
	F6_('SW31', 'SW21')_tb: 25
	F1_('SW22', 'BFCU')_t4_min: 629
	('SW21', 'SW31')_gcl_cycle: 16000
	F25_jitter: 129
	F10_('SW22', 'SW32')_t4_min: 124946
	F10_('SBAND1', 'SW12')_t3_max: 124480
	F13_('SW42', 'SW32')_tb: 492
	F24_('SW11', 'SW21')_gc: False
	F0_('SW7', 'SW21')_t4_max: 46587
	F21_queue_index: 0
	F13_('SW52', 'SW42')_t5_min: 356
	F19_('SW8', 'SW51')_t4_max: 97475
	F26_queue_index: 0
	F10_('SW32', 'SW42')_rr: 0
	('SW41', 'SW51')_gcl_cycle: 1
	F2_('SW32', 'SW22')_t4_max: 294
	F29_('SW21', 'SW13')_rr: 1
	F15_('SW21', 'SW31')_gc: True
	F4_queue_index: 0
	F2_('SW52', 'SW42')_tb: 109
	F7_('SW32', 'SW6')_rr: 0
	F25_('SW21', 'SW13')_t5_min: 6608
	F6_('SW21', 'CMRIU1')_rr: 64
	F5_('SW31', 'SW21')_tb: 14921
	F18_('SW52', 'SW42')_gc: True
	('SW13', 'SW22')_gcl_cycle: 32000
	F14_('SM2CB', 'SW52')_t4_min: 127026
	F14_jitter: 258
	F14_('SW8', 'SW31')_t4_max: 127270
	F26_('SM1CB', 'SW51')_t3_min: 14561
	F0_('SW21', 'CMRIU1')_rr: 1
	F20_('SW21', 'SW31')_rr: 1
	F25_('SBAND1', 'SW12')_rr: 0
	F18_('SW52', 'SW42')_t4_min: 1213
	F10_('SW32', 'SW42')_tb: 125050
	F10_queue_index: 0
	F9_('FCM2', 'SW32')_t3_max: 47274
	F28_('SW22', 'SW32')_gc: False
	F13_('SW52', 'SW42')_gc: False
	F21_('SW51', 'SM1CB')_rr: 0
	F29_('SMRIU2', 'SW6')_t3_max: 5722
	('SW8', 'SW52')_gcl_cycle: 16000
	F17_('SW42', 'SW32')_t4_max: 7768
	F10_('SW32', 'SW42')_gc: False
	F16_('SW31', 'FCM1')_gc: True
	F5_('SW11', 'DU2')_gc: False
	F29_('SW6', 'SW31')_t4_min: 5947
	F3_('SW21', 'SW12')_t4_min: 12500
	('SW21', 'SW12')_gcl_cycle: 16000
	F13_('SM2CA', 'SW52')_t3_max: 38
	F8_('SW8', 'SW52')_t4_min: 6638
	F20_('SW31', 'FCM1')_rr: 0
	F25_('SW21', 'SW13')_t4_min: 6530
	F15_('DU4', 'SW14')_t5_max: 1639
	F2_('SM2CB', 'SW52')_t3_max: -38
	F28_('SW32', 'LCM2')_rr: 0
	F3_('SW13', 'SW21')_rr: 0
	F25_('SW12', 'SW21')_rr: 0
	F26_('SM1CB', 'SW51')_rr: 0
	F8_('SW31', 'SW8')_t4_min: 6563
	F1_('SW51', 'SW8')_t4_min: 216
	F1_('SW32', 'SW22')_t4_max: 579
	F16_('StarTr1', 'SW13')_t4_min: 949
	('SW11', 'DU1')_gcl_cycle: 1
	F25_('SW13', 'MIMU1')_t4_min: 6610
	('SW14', 'SW21')_gcl_cycle: 2000
	('SW32', 'SW22')_gcl_length: 18
	F8_('SW41', 'SW31')_t4_min: 6488
	F24_('SW21', 'CMRIU1')_t4_min: 49775
	F16_('SW13', 'SW21')_t5_max: 974
	F12_('SW42', 'SW32')_tb: 119254
	F27_('SW22', 'SW32')_gc: True
	F18_('SW22', 'SW13')_t3_max: 1527
	F3_jitter: 129
	F27_queue_index: 0
	F0_('SW7', 'SW21')_t4_min: 46587
	F29_('SW31', 'SW21')_t4_min: 6048
	('SW42', 'CM2CB')_gcl_cycle: 16000
	F27_('SW13', 'SW22')_gc: True
	F2_('SW32', 'SW22')_t3_max: 294
	F7_('SW31', 'LCM1')_t5_min: 3193
	F7_('SW32', 'SW6')_t4_min: 2976
	F4_('SW31', 'SW8')_gc: True
	F17_jitter: 129
	F3_('SW21', 'SW12')_rr: 1
	F7_('RCM2', 'SW32')_t3_max: 2779
	('CM2CA', 'SW42')_gcl_cycle: 1
	F1_('SW51', 'SW8')_rr: 0
	F23_('SW13', 'MIMU3')_t4_min: 6739
	F9_queue_index: 0
	F14_('SW11', 'DU1')_t4_min: 127626
	F3_('SW21', 'SW12')_t3_min: 12366
	('SW13', 'StarTr1')_gcl_cycle: 32000
	F12_('SM2CB', 'SW52')_rr: 0
	F17_('CM2CA', 'SW42')_t3_max: 7482
	F22_('SM1CA', 'SW51')_rr: 1
	F23_('SW31', 'SW21')_rr: 16
	F12_jitter: 387
	('SW14', 'SW22')_gcl_cycle: 1
	F28_('SW22', 'SW32')_rr: 0
	F10_('SW32', 'SW42')_t4_min: 125050
	F10_('SW42', 'SW52')_t3_max: 125288
	F11_('StarTr2', 'SW13')_t3_max: -123
	F17_queue_index: 0
	F13_('SW42', 'SW32')_t5_min: 588
	F21_('SW41', 'SW51')_t4_max: 97889
	F0_('SW42', 'SW32')_gc: False
	('SW13', 'MIMU3')_gcl_cycle: 8000
	F8_queue_index: 0
	F26_('SW31', 'SW21')_rr: 0
	F18_('SW22', 'SW13')_gc: False
	F2_('SW42', 'SW32')_gc: True
	F28_('DU5', 'SW14')_tb: 4321
	F3_('SW13', 'SW21')_t4_max: 12374
	F18_('SW42', 'SW32')_t4_min: 1230
	F19_('SW51', 'SM1CB')_t5_max: 97736
	('SW32', 'SW42')_gcl_cycle: 1
	F17_('SW32', 'SW22')_gc: True
	('SW31', 'SW21')_gcl_cycle: 128000
	F19_('SM2CB', 'SW52')_t3_min: 97207
	F15_('SW21', 'SW31')_t4_min: 1705
	F0_('SW42', 'SW32')_rr: 0
	F25_('SW13', 'MIMU1')_rr: 0
	F23_jitter: 0
	('SM2CA', 'SW52')_gcl_cycle: 1
	F11_('SW21', 'SW31')_rr: 0
	F29_('SW6', 'SW31')_gc: True
	F19_('SW8', 'SW51')_gc: True
	F26_('SW51', 'SW41')_t4_max: 14580
	F26_('SW21', 'SW11')_gc: False
	F29_('SMRIU2', 'SW6')_tb: 5846
	F19_('SM2CB', 'SW52')_gc: False
	F8_('SW31', 'SW8')_gc: True
	F25_('SW21', 'SW13')_t4_max: 6530
	F26_('SW11', 'DU3')_t4_min: 14636
	F5_('SMRIU1', 'SW6')_t3_max: 14595
	F1_queue_index: 0
	('SW13', 'SW21')_gcl_length: 4
	F4_('SW52', 'SW42')_gc: False
	F17_('SW32', 'SW22')_rr: 1
	F4_('SW42', 'CM2CB')_t4_min: 7012
	F15_('DU4', 'SW14')_rr: 0
	F15_('DU4', 'SW14')_t4_max: 1587
	F19_('SW52', 'SW8')_t4_min: 97274
	F1_('SW22', 'BFCU')_t3_max: 634
	F19_jitter: 129
	F2_jitter: 129
	F9_('SW32', 'SW7')_gc: True
	F22_('SW52', 'SM2CB')_t4_min: 56638
	F11_('SW31', 'FCM1')_t4_min: 366
	F14_('SW52', 'SW8')_t4_max: 127148
	F12_('SW52', 'SW42')_t5_min: 119252
	F8_('SW42', 'CM2CB')_rr: 1
	F2_('SW52', 'SW42')_t4_max: 238
	F22_('SW51', 'SW8')_tb: 56394
	('SW41', 'CM1CA')_gcl_cycle: 2000
	F13_('SM2CA', 'SW52')_gc: False
	('SW22', 'BFCU')_gcl_cycle: 1
	F9_('SW21', 'CMRIU1')_gc: False
	F1_('SW32', 'SW22')_t4_min: 579
	F2_('SW22', 'SW13')_t4_max: 322
	F16_jitter: 0
	F13_('SM2CA', 'SW52')_rr: 0
	F18_('SW13', 'MIMU2')_rr: 0
	F5_('SW6', 'SW31')_rr: 0
	F22_('SW8', 'SW52')_rr: 0
	F8_('SW52', 'SW42')_rr: 0
	F4_('SW42', 'CM2CB')_rr: 0
	F11_('SW21', 'SW31')_t3_min: 246
	F9_('SW7', 'SW21')_gc: False
	F28_('SW14', 'SW22')_t3_min: 4399
	('SW11', 'DU3')_gcl_cycle: 1
	F18_('SW42', 'SW32')_gc: False
	F2_('SM2CB', 'SW52')_rr: 0
	F11_('SW31', 'FCM1')_rr: 0
	F25_('SW21', 'SW13')_rr: 4
	F2_('SW42', 'SW32')_t4_max: 266
	F4_('SW42', 'CM2CB')_gc: False
	F24_('SW21', 'CMRIU1')_t3_max: 49909
	F8_('SW8', 'SW52')_rr: 1
	F28_('DU5', 'SW14')_t3_min: 4321
	F13_('SW52', 'SW42')_t4_min: 260
	('SW52', 'SM2CB')_gcl_cycle: 1
	F1_('SW8', 'SW32')_t4_min: 266
	F2_('SM2CB', 'SW52')_gc: False
	F12_('SW52', 'SW42')_rr: 0
	F18_('SW52', 'SW42')_rr: 1
	F1_('SW32', 'SW22')_gc: True
	F24_queue_index: 0
	F25_('SBAND1', 'SW12')_t3_max: 6112
	('SW32', 'SW22')_gcl_cycle: 8000
	F1_('SW8', 'SW32')_t4_max: 524
	('StarTr1', 'SW13')_gcl_cycle: 1
	F18_('SW52', 'SW42')_t5_max: 1228
	('SW22', 'SW32')_gcl_cycle: 128000
	F4_('LCM1', 'SW31')_gc: False
	F6_('SW21', 'CMRIU1')_t4_min: 49
	F11_('SW13', 'SW21')_gc: True
	F26_('SW11', 'DU3')_rr: 0
	('SM1CA', 'SW51')_gcl_cycle: 64000
	F9_('SW32', 'SW7')_t3_max: 47499
	F26_('SW51', 'SW41')_t3_max: 14580
	F17_('SW42', 'SW32')_t3_max: 7644
	F7_('SW32', 'SW6')_t3_max: 2981
	F12_('SW52', 'SW42')_t3_max: 119145
	F19_('SW52', 'SW8')_t3_max: 97279
	F8_('SW41', 'SW31')_t3_max: 6488
	F18_('SW52', 'SW42')_t3_max: 1213
	F0_('SW42', 'SW32')_t3_max: 46293
	F11_('SW13', 'SW21')_t3_max: 126
	F14_('SW52', 'SW8')_t3_max: 127148
	F4_('SW31', 'SW8')_t3_max: 6689
	F27_('SW13', 'SW22')_t3_max: 20241
	F15_('SW14', 'SW21')_t3_max: 1646
	F23_('SW41', 'SW31')_t3_max: 6364
	F25_('SW12', 'SW21')_t3_max: 6321
	F5_('SW6', 'SW31')_t3_max: 14825
	F24_('SW11', 'SW21')_t3_max: 49768
	F22_('SW51', 'SW8')_t3_max: 56399
	F21_('SW31', 'SW41')_t3_max: 97530
	F10_('SW12', 'SW22')_t3_max: 124713
	F6_('SW31', 'SW21')_t3_max: 25
	F13_('SW52', 'SW42')_t3_max: 265
	F3_('SW13', 'SW21')_t3_max: 12250
	F1_('SW51', 'SW8')_t3_max: 221
	F28_('SW14', 'SW22')_t3_max: 4404
	F20_('SW21', 'SW31')_t3_max: 622
	F16_('SW13', 'SW21')_t3_max: 965
	F29_('SW6', 'SW31')_t3_max: 5947
	F2_('SW52', 'SW42')_t3_max: 114
	F23_('SW21', 'SW13')_tb: 6614
	F23_('SW41', 'SW31')_t5_max: 6482
	F12_('SW32', 'FCM2')_t4_max: 119755
	F27_('SW13', 'SW22')_t3_min: 20236
	F2_('SW32', 'SW22')_t3_min: 289
	F0_('SW7', 'SW21')_t5_min: 46603
	F24_('DU3', 'SW11')_tb: 49751
	F26_('SW51', 'SW41')_t5_max: 14592
	F10_('SW42', 'SW52')_t5_max: 125390
	F9_('SW21', 'CMRIU1')_tb: 47691
	F26_('SW41', 'SW31')_t5_max: 14735
	F11_('SW31', 'FCM1')_t4_max: 624
	F7_('SW6', 'SW31')_t5_max: 3378
	F0_('SW21', 'CMRIU1')_t5_max: 46626
	F25_('SW21', 'SW13')_tb: 6530
	F7_('SW31', 'LCM1')_tb: 3122
	F10_('SW12', 'SW22')_t5_min: 124810
	F13_('SW52', 'SW42')_t3_min: 260
	F20_('SW31', 'FCM1')_t3_max: 748
	F25_('SW12', 'SW21')_t5_min: 6394
	F23_('SW13', 'MIMU3')_t3_max: 6739
	F19_('SW52', 'SW8')_t5_max: 97468
	F18_('SM2CB', 'SW52')_t3_min: 1191
	F28_('SW22', 'SW32')_t3_min: 4477
	F14_('SW8', 'SW31')_tb: 127270
	F8_('SW8', 'SW52')_t3_min: 6633
	F7_('SW31', 'LCM1')_t5_max: 3580
	F25_('SW13', 'MIMU1')_t3_max: 6615
	F29_('SW21', 'SW13')_t5_min: 6243
	F3_('SW12', 'SBAND2')_tb: 12621
	F23_('CM1CA', 'SW41')_t3_min: 6239
	F19_('SW51', 'SM1CB')_tb: 97542
	F10_('SW12', 'SW22')_t5_max: 124939
	F2_('SW42', 'SW32')_t5_min: 287
	F29_('SW31', 'SW21')_tb: 6048
	F8_('CM1CB', 'SW41')_t5_min: 6481
	F10_('SW32', 'SW42')_t3_max: 125055
	F1_('SM1CA', 'SW51')_t5_max: 214
	F11_('StarTr2', 'SW13')_t4_min: 1
	('CMRIU1', 'SW21')_gcl_length: 0
	F0_('SW21', 'CMRIU1')_tb: 46610
	F8_('SW8', 'SW52')_t3_max: 6638
	F2_('SW32', 'SW22')_t5_max: 315
	F24_('SW21', 'CMRIU1')_t5_min: 49785
	F21_('FCM1', 'SW31')_tb: 97419
	F0_('SW21', 'CMRIU1')_t3_min: 46605
	F12_('SW42', 'SW32')_t5_max: 119624
	F7_('SW32', 'SW6')_tb: 2976
	F25_('SBAND1', 'SW12')_t5_max: 6314
	F24_('SW21', 'CMRIU1')_t5_max: 50043
	F10_('SW12', 'SW22')_t3_min: 124708
	F1_('SW22', 'BFCU')_t4_max: 758
	F25_('SW13', 'MIMU1')_t4_max: 6739
	F29_('SMRIU2', 'SW6')_t5_max: 5940
	F1_('SM1CA', 'SW51')_t3_min: 166
	F26_('SM1CB', 'SW51')_tb: 14561
	F18_('SW52', 'SW42')_tb: 1213
	F8_('SW52', 'SW42')_t5_max: 6905
	F29_('SW13', 'StarTr1')_t5_min: 6344
	F28_('DU5', 'SW14')_t5_max: 4397
	F8_('SW31', 'SW8')_tb: 6563
	('SW41', 'SW51')_gcl_length: 0
	F24_('DU3', 'SW11')_t4_min: 49751
	F10_('SW52', 'SM2CA')_t4_max: 125521
	F29_('SW6', 'SW31')_t5_max: 6041
	F28_('SW22', 'SW32')_t3_max: 4611
	F20_('SW31', 'FCM1')_tb: 743
	F15_('SW21', 'SW31')_tb: 1705
	F0_('CM2CB', 'SW42')_t4_min: 46270
	F1_('SW32', 'SW22')_tb: 579
	F29_('SW13', 'StarTr1')_t4_max: 6250
	F26_('SM1CB', 'SW51')_t5_min: 14573
	F19_('SM2CB', 'SW52')_t4_max: 97207
	F16_('SW31', 'FCM1')_t3_min: 992
	F0_('SW32', 'SW7')_t3_max: 46440
	F19_('SM2CB', 'SW52')_t4_min: 97207
	('SW8', 'SW51')_gcl_length: 2
	F8_('SW8', 'SW52')_t5_min: 6706
	('SW31', 'FCM1')_gcl_length: 2
	F25_('SBAND1', 'SW12')_t4_max: 6236
	F20_('SW21', 'SW31')_t5_min: 741
	F13_('SW52', 'SW42')_t5_max: 485
	F12_('SM2CB', 'SW52')_t5_min: 119138
	F17_('SW22', 'BFCU')_t3_max: 7844
	F17_('SW22', 'BFCU')_t5_max: 7999
	F3_('SW13', 'SW21')_t5_min: 12364
	('SW12', 'SW21')_gcl_length: 0
	('StarTr2', 'SW13')_gcl_length: 0
	F27_('SW32', 'RCM2')_t5_min: 20592
	F4_('LCM1', 'SW31')_t4_max: 6578
	F16_('SW31', 'FCM1')_t5_min: 1006
	F26_('SW11', 'DU3')_t5_min: 14648
	F12_('SW52', 'SW42')_tb: 119140
	F11_('StarTr2', 'SW13')_t3_min: 1
	F1_('SW8', 'SW32')_t3_min: 266
	F5_('SW31', 'SW21')_t3_max: 15055
	F4_('LCM1', 'SW31')_t5_max: 6682
	F18_('SW22', 'SW13')_t5_min: 1279
	F0_('SW32', 'SW7')_t3_min: 46306
	F4_('LCM1', 'SW31')_tb: 6578
	('SW21', 'SW13')_gcl_length: 18
	F23_('SW13', 'MIMU3')_t3_min: 6734
	F4_('SW31', 'SW8')_t5_min: 6793
	F2_('SW22', 'SW13')_t5_max: 343
	('SW21', 'SW31')_gcl_length: 26
	F5_('SW21', 'SW11')_t5_min: 15121
	F24_('SW11', 'SW21')_tb: 49763
	F29_('SW31', 'SW21')_t3_min: 6043
	F7_('SW6', 'SW31')_t3_max: 3183
	F15_('SW21', 'SW31')_t5_min: 1757
	F14_('SW52', 'SW8')_t5_max: 127263
	F6_('RCM1', 'SW31')_t4_min: 1
	F11_('SW31', 'FCM1')_tb: 366
	F25_('SW12', 'SW21')_t3_min: 6316
	F28_('SW14', 'SW22')_t5_min: 4475
	F17_('SW42', 'SW32')_t5_min: 7670
	F0_('CM2CB', 'SW42')_t5_max: 46286
	('RCM1', 'SW31')_gcl_length: 0
	F28_('DU5', 'SW14')_t4_min: 4321
	F8_('SW42', 'CM2CB')_t5_min: 6980
	F21_('SW51', 'SM1CB')_t3_min: 97737
	('SW11', 'DU3')_gcl_length: 0
	F7_('SW32', 'SW6')_t5_max: 3176
	F24_('DU3', 'SW11')_t3_min: 49751
	F15_('SW41', 'CM1CA')_t4_max: 1947
	F12_('SM2CB', 'SW52')_t5_max: 119138
	F23_('SW21', 'SW13')_t3_min: 6609
	F25_('SW21', 'SW13')_t5_max: 6608
	('SMRIU1', 'SW6')_gcl_length: 0
	F0_('SW21', 'CMRIU1')_t5_min: 46626
	F3_('SW12', 'SBAND2')_t5_max: 12869
	F15_('SW41', 'CM1CA')_tb: 1947
	F15_('SW14', 'SW21')_t3_min: 1641
	F10_('SW52', 'SM2CA')_t3_max: 125397
	F5_('SW11', 'DU2')_tb: 15123
	F15_('DU4', 'SW14')_t5_min: 1639
	F26_('SW41', 'SW31')_t3_min: 14594
	F9_('SW32', 'SW7')_t5_min: 47593
	F12_('SM2CB', 'SW52')_t4_max: 119026
	F5_('SMRIU1', 'SW6')_t5_min: 14818
	F11_('SW13', 'SW21')_t5_min: 244
	('SMRIU2', 'SW6')_gcl_length: 0
	F21_('SW41', 'SW51')_t3_max: 97765
	F2_('SW13', 'StarTr1')_t5_max: 495
	F13_('SW32', 'LCM2')_t4_max: 719
	F2_('SW22', 'SW13')_tb: 322
	F17_('SW42', 'SW32')_t3_min: 7639
	F28_('SW32', 'LCM2')_t4_max: 4942
	F23_('SW13', 'MIMU3')_t5_max: 6857
	F3_('StarTr2', 'SW13')_t4_min: 12124
	('SW7', 'SW21')_gcl_length: 2
	F27_('SW13', 'SW22')_t5_max: 20355
	F19_('SW8', 'SW51')_t3_min: 97341
	('SW22', 'SW13')_gcl_length: 2
	F14_('SW21', 'SW11')_t3_max: 127514
	F4_('SW8', 'SW52')_t5_min: 6904
	F28_('SW14', 'SW22')_tb: 4399
	('SW52', 'SM2CA')_gcl_length: 0
	F12_('SM2CB', 'SW52')_tb: 119026
	('SW41', 'CM1CA')_gcl_length: 2
	F10_('SW42', 'SW52')_t5_min: 125390
	F23_('SW13', 'MIMU3')_t5_min: 6857
	F1_('SW22', 'BFCU')_t5_max: 806
	('FCM2', 'SW32')_gcl_length: 0
	F23_('CM1CA', 'SW41')_tb: 6239
	F2_('SM2CB', 'SW52')_tb: 86
	F25_('SW13', 'MIMU1')_t5_min: 6688
	F0_('SW21', 'CMRIU1')_t3_max: 46610
	F8_('SW41', 'SW31')_t3_min: 6483
	('SW42', 'SW32')_gcl_length: 18
	F2_('SW52', 'SW42')_t3_min: 109
	('SW51', 'SM1CB')_gcl_length: 0
	F15_('DU4', 'SW14')_t4_min: 1587
	F5_('SW21', 'SW11')_t5_max: 15508
	('SW12', 'SW22')_gcl_length: 0
	F7_('SW31', 'LCM1')_t3_min: 3122
	F19_('SM2CB', 'SW52')_tb: 97207
	F12_('SW32', 'FCM2')_t3_min: 119368
	F2_('SM2CB', 'SW52')_t5_min: 107
	('SW42', 'CM2CB')_gcl_length: 2
	('SW32', 'SW42')_gcl_length: 0
	F4_('LCM1', 'SW31')_t4_min: 6578
	F16_('StarTr1', 'SW13')_t4_max: 949
	F21_('SW51', 'SM1CB')_t4_max: 98124
	F14_('SM2CB', 'SW52')_tb: 127026
	F5_('SMRIU1', 'SW6')_t4_min: 14719
	F14_('SW31', 'SW21')_t5_min: 127507
	F20_('CMRIU1', 'SW21')_t5_min: 615
	F14_('SW11', 'DU1')_t3_min: 127626
	F14_('SW21', 'SW11')_t5_max: 127753
	F16_('SW31', 'FCM1')_t3_max: 997
	F9_('FCM2', 'SW32')_t5_max: 47492
	F9_('SW7', 'SW21')_t5_max: 47818
	F22_('SW8', 'SW52')_t3_max: 56650
	F10_('SW22', 'SW32')_t3_min: 124812
	F17_('SW22', 'BFCU')_t4_max: 7968
	F9_('FCM2', 'SW32')_t4_max: 47398
	F5_('SW6', 'SW31')_t5_max: 15048
	F5_('SW6', 'SW31')_t3_min: 14820
	F7_('SW6', 'SW31')_t5_min: 3120
	F8_('SW31', 'SW8')_t3_max: 6563
	F25_('SW13', 'MIMU1')_t3_min: 6610
	F17_('SW32', 'SW22')_t3_max: 7806
	F22_('SW8', 'SW52')_tb: 56516
	F18_('SM2CB', 'SW52')_t4_max: 1191
	F4_('SW8', 'SW52')_t3_min: 6795
	F26_('SW31', 'SW21')_tb: 14608
	F8_('SW42', 'CM2CB')_t5_max: 6980
	F17_('SW22', 'BFCU')_t3_min: 7839
	F27_('StarTr2', 'SW13')_t4_max: 20120
	F22_('SM1CA', 'SW51')_t4_min: 56272
	F27_('SW32', 'RCM2')_t3_min: 20478
	F10_('SW42', 'SW52')_t3_min: 125154
	F27_('SW22', 'SW32')_t3_min: 20357
	F12_('SW52', 'SW42')_t3_min: 119140
	('SW22', 'SW32')_gcl_length: 10
	F9_('SW32', 'SW7')_t5_max: 47593
	('SW32', 'FCM2')_gcl_length: 0
	F19_('SW8', 'SW51')_t5_min: 97540
	F4_('SW31', 'SW8')_tb: 6689
	F7_('RCM2', 'SW32')_t5_max: 2974
	F12_('SW42', 'SW32')_t3_min: 119254
	F20_('SW21', 'SW31')_t3_min: 617
	F16_('SW31', 'FCM1')_tb: 997
	('SW52', 'SM2CB')_gcl_length: 0
	F23_('SW31', 'SW21')_t5_min: 6607
	F10_('SBAND1', 'SW12')_t4_min: 124604
	F7_('RCM2', 'SW32')_tb: 2903
	F15_('DU4', 'SW14')_tb: 1587
	F2_('SW42', 'SW32')_t3_max: 266
	('SW6', 'SW31')_gcl_length: 2
	F19_('SM2CB', 'SW52')_t5_max: 97272
	F6_('RCM1', 'SW31')_t5_max: 18
	F16_('SW21', 'SW31')_t3_min: 976
	F6_('RCM1', 'SW31')_t4_max: 1
	F21_('FCM1', 'SW31')_t5_min: 97523
	F18_('SW22', 'SW13')_t5_max: 1666
	F20_('CMRIU1', 'SW21')_t5_max: 615
	F17_('CM2CA', 'SW42')_t4_max: 7606
	F12_('SW32', 'FCM2')_t5_max: 119867
	F24_('DU3', 'SW11')_t4_max: 49751
	F2_('SW42', 'SW32')_tb: 266
	F29_('SW21', 'SW13')_t3_min: 6144
	F26_('SW11', 'DU3')_tb: 14636
	F15_('SW21', 'SW31')_t5_max: 1757
	F14_('SW8', 'SW31')_t3_max: 127270
	F26_('SW51', 'SW41')_tb: 14580
	F3_('SW12', 'SBAND2')_t3_max: 12626
	F16_('SW21', 'SW31')_t5_min: 990
	F2_('SW22', 'SW13')_t3_max: 322
	F10_('SW12', 'SW22')_tb: 124708
	F28_('SW14', 'SW22')_t5_max: 4604
	F16_('SW31', 'FCM1')_t4_max: 997
	F18_('SW52', 'SW42')_t5_min: 1228
	F23_('SW21', 'SW13')_t5_min: 6732
	F15_('SW21', 'SW31')_t3_max: 1705
	('SW11', 'DU2')_gcl_length: 0
	F0_('SW7', 'SW21')_t3_max: 46587
	F29_('SW31', 'SW21')_t5_min: 6142
	F12_('SW52', 'SW42')_t5_max: 119381
	F22_('SW52', 'SM2CB')_t5_min: 56758
	F18_('SM2CB', 'SW52')_tb: 1191
	F5_('SW21', 'SW11')_t3_min: 15022
	F26_('SW21', 'SW11')_tb: 14622
	('SM2CB', 'SW52')_gcl_length: 0
	F10_('SW32', 'SW42')_t5_min: 125152
	('SW31', 'LCM1')_gcl_length: 0
	('SW8', 'SW32')_gcl_length: 0
	F2_('SW52', 'SW42')_t5_min: 130
	F9_('SW21', 'CMRIU1')_t5_min: 47785
	F5_('SW11', 'DU2')_t3_min: 15123
	F4_('LCM1', 'SW31')_t5_min: 6682
	F15_('SW31', 'SW41')_t5_min: 1811
	F14_('SW52', 'SW8')_t3_min: 127143
	F5_('SW11', 'DU2')_t5_min: 15222
	F27_('SW32', 'RCM2')_t4_max: 20607
	F4_('SW42', 'CM2CB')_tb: 7012
	F22_('SW52', 'SM2CB')_t5_max: 57145
	F18_('SW32', 'SW22')_t5_max: 1520
	F18_('SM2CB', 'SW52')_t5_max: 1206
	F12_('SW42', 'SW32')_t5_min: 119366
	('LCM1', 'SW31')_gcl_length: 0
	F0_('CM2CB', 'SW42')_tb: 46270
	F29_('SMRIU2', 'SW6')_t5_min: 5940
	F20_('CMRIU1', 'SW21')_tb: 496
	F15_('SW14', 'SW21')_t5_max: 1698
	F13_('SW52', 'SW42')_tb: 260
	F18_('SW13', 'MIMU2')_t3_min: 1281
	F27_('SW22', 'SW32')_t5_min: 20476
	F4_('SW52', 'SW42')_tb: 6906
	F28_('SW32', 'LCM2')_t3_max: 4818
	F6_('RCM1', 'SW31')_tb: 1
	F26_('SW21', 'SW11')_t5_max: 15021
	F18_('SW42', 'SW32')_tb: 1230
	F3_('SW12', 'SBAND2')_t5_min: 12740
	F0_('SW42', 'SW32')_t5_max: 46433
	F11_('SW31', 'FCM1')_t3_min: 366
	F18_('SW13', 'MIMU2')_t5_min: 1296
	F15_('SW14', 'SW21')_tb: 1646
	F29_('SW13', 'StarTr1')_t3_max: 6250
	F18_('SW13', 'MIMU2')_t4_max: 1797
	F1_('SW51', 'SW8')_t3_min: 216
	F24_('SW21', 'CMRIU1')_t4_max: 50033
	F29_('SW6', 'SW31')_tb: 5947
	F22_('SW8', 'SW52')_t5_min: 56636
	F19_('SW52', 'SW8')_t5_min: 97339
	F11_('SW13', 'SW21')_t3_min: 121
	F10_('SW52', 'SM2CA')_t3_min: 125392
	F24_('SW21', 'CMRIU1')_tb: 49775
	F12_('SM2CB', 'SW52')_t3_min: 119026
	F16_('SW31', 'FCM1')_t5_max: 1006
	('SW12', 'SBAND2')_gcl_length: 0
	F25_('SW21', 'SW13')_t3_min: 6396
	F3_('StarTr2', 'SW13')_t4_max: 12124
	F10_('SW52', 'SM2CA')_t5_max: 125623
	('SW22', 'BFCU')_gcl_length: 0
	F23_('SW31', 'SW21')_t5_max: 6607
	F16_('StarTr1', 'SW13')_t5_min: 958
	F28_('SW32', 'LCM2')_tb: 4555
	F20_('SW31', 'FCM1')_t5_min: 862
	F8_('SW42', 'CM2CB')_tb: 6912
	F15_('SW41', 'CM1CA')_t5_min: 1999
	F8_('SW42', 'CM2CB')_t4_max: 6912
	F17_('CM2CA', 'SW42')_t4_min: 7606
	F6_('SW31', 'SW21')_t5_min: 42
	F11_('StarTr2', 'SW13')_t5_min: 119
	F2_('SW13', 'StarTr1')_t4_max: 474
	F29_('SW21', 'SW13')_t3_max: 6149
	F1_('SW51', 'SW8')_t5_max: 393
	F13_('SM2CA', 'SW52')_tb: 162
	('SW31', 'SW8')_gcl_length: 6
	F8_('SW42', 'CM2CB')_t3_max: 6912
	F25_('SBAND1', 'SW12')_t3_min: 6236
	('SW32', 'RCM2')_gcl_length: 0
	F18_('SM2CB', 'SW52')_t5_min: 1206
	F6_('SW21', 'CMRIU1')_t4_max: 49
	F3_('SW12', 'SBAND2')_t4_max: 12750
	('SW31', 'SW21')_gcl_length: 170
	F3_('StarTr2', 'SW13')_t3_min: 12124
	F0_('SW32', 'SW7')_t5_max: 46580
	F13_('SM2CA', 'SW52')_t4_min: 162
	F4_('SW42', 'CM2CB')_t5_max: 7374
	F3_('StarTr2', 'SW13')_tb: 12124
	F4_('SW31', 'SW8')_t3_min: 6684
	F1_('SW8', 'SW32')_t5_max: 572
	F29_('SW13', 'StarTr1')_t5_max: 6344
	F21_('FCM1', 'SW31')_t4_min: 97419
	F23_('CM1CA', 'SW41')_t5_max: 6357
	F9_('FCM2', 'SW32')_t5_min: 47492
	F0_('SW42', 'SW32')_t3_min: 46288
	F1_('SW8', 'SW32')_tb: 266
	F13_('SW32', 'LCM2')_t3_max: 595
	F3_('StarTr2', 'SW13')_t5_min: 12243
	F1_('SW22', 'BFCU')_t5_min: 677
	F18_('SW42', 'SW32')_t5_max: 1374
	('SW31', 'SW41')_gcl_length: 0
	F5_('SW31', 'SW21')_t3_min: 14921
	F25_('SW12', 'SW21')_tb: 6316
	F1_('SW32', 'SW22')_t3_min: 316
	F21_('SW31', 'SW41')_t5_min: 97629
	('CM1CB', 'SW41')_gcl_length: 0
	F26_('SW21', 'SW11')_t5_min: 14634
	F14_('SW11', 'DU1')_t5_min: 127741
	F20_('SW21', 'SW31')_t5_max: 741
	F20_('SW31', 'FCM1')_t5_max: 991
	F14_('SW11', 'DU1')_t5_max: 127999
	F27_('StarTr2', 'SW13')_t4_min: 20120
	F8_('SW52', 'SW42')_tb: 6708
	F0_('SW42', 'SW32')_tb: 46288
	F15_('SW41', 'CM1CA')_t3_max: 1947
	F22_('SW52', 'SM2CB')_t4_max: 57025
	F10_('SBAND1', 'SW12')_t5_min: 124706
	F20_('SW31', 'FCM1')_t3_min: 743
	F8_('SW31', 'SW8')_t3_min: 6558
	F2_('SW52', 'SW42')_t5_max: 259
	F18_('SW32', 'SW22')_t3_min: 1247
	F26_('SW21', 'SW11')_t3_min: 14622
	F4_('SW8', 'SW52')_tb: 6800
	F21_('FCM1', 'SW31')_t5_max: 97523
	F4_('SW8', 'SW52')_t5_max: 6904
	('CM1CA', 'SW41')_gcl_length: 0
	F3_('StarTr2', 'SW13')_t5_max: 12243
	('SM2CA', 'SW52')_gcl_length: 0
	F17_('CM2CA', 'SW42')_t3_min: 7606
	F5_('SW11', 'DU2')_t5_max: 15738
	F1_('SW51', 'SW8')_tb: 216
	F8_('CM1CB', 'SW41')_t4_max: 6413
	F4_('SW31', 'SW8')_t5_max: 6793
	F5_('SMRIU1', 'SW6')_tb: 14719
	F9_('SW7', 'SW21')_t3_max: 47600
	F14_('SW21', 'SW11')_tb: 127509
	F15_('DU4', 'SW14')_t3_min: 1587
	F14_('SW31', 'SW21')_t5_max: 127507
	F16_('SW21', 'SW31')_t3_max: 981
	F29_('SMRIU2', 'SW6')_t4_max: 5846
	('SW13', 'MIMU1')_gcl_length: 0
	F5_('SMRIU1', 'SW6')_t5_max: 14818
	F0_('SW7', 'SW21')_t3_min: 46324
	('SW11', 'DU1')_gcl_length: 0
	F14_('SW11', 'DU1')_t3_max: 127760
	F15_('SW31', 'SW41')_tb: 1759
	F9_('FCM2', 'SW32')_t3_min: 47398
	F0_('SW7', 'SW21')_tb: 46587
	F16_('StarTr1', 'SW13')_t3_min: 949
	F28_('SW22', 'SW32')_t5_max: 4811
	F24_('SW11', 'SW21')_t3_min: 49763
	F28_('SW32', 'LCM2')_t3_min: 4555
	F29_('SW13', 'StarTr1')_t3_min: 6245
	F1_('SM1CA', 'SW51')_t4_min: 166
	F26_('SW51', 'SW41')_t5_min: 14592
	F10_('SBAND1', 'SW12')_t5_max: 124706
	F7_('SW32', 'SW6')_t5_min: 3047
	F18_('SW52', 'SW42')_t3_min: 1208
	F12_('SW32', 'FCM2')_t3_max: 119631
	('SW52', 'SW42')_gcl_length: 2
	F13_('SM2CA', 'SW52')_t4_max: 162
	F22_('SW52', 'SM2CB')_tb: 56638
	F27_('StarTr2', 'SW13')_t3_min: 20120
	F23_('CM1CA', 'SW41')_t5_min: 6357
	F10_('SW32', 'SW42')_t5_max: 125281
	F5_('SW6', 'SW31')_t5_min: 14919
	F29_('SMRIU2', 'SW6')_t3_min: 5846
	F22_('SM1CA', 'SW51')_t3_min: 56272
	F3_('SW21', 'SW12')_t3_max: 12500
	F2_('SW42', 'SW32')_t3_min: 132
	F13_('SW42', 'SW32')_t3_min: 358
	F21_('SW51', 'SM1CB')_tb: 97737
	F27_('StarTr2', 'SW13')_t5_max: 20234
	F8_('SW52', 'SW42')_t3_min: 6708
	F8_('CM1CB', 'SW41')_t4_min: 6413
	F9_('SW7', 'SW21')_tb: 47595
	F13_('SW32', 'LCM2')_tb: 590
	('SW14', 'SW22')_gcl_length: 0
	F15_('SW31', 'SW41')_t3_min: 1759
	F10_('SW22', 'SW32')_t3_max: 124946
	F4_('SW8', 'SW52')_t3_max: 6800
	F3_('SW21', 'SW12')_t5_min: 12619
	('DU3', 'SW11')_gcl_length: 0
	F17_('SW32', 'SW22')_t5_min: 7837
	F10_('SW22', 'SW32')_tb: 124946
	F18_('SW42', 'SW32')_t5_min: 1245
	F8_('SW41', 'SW31')_tb: 6488
	('SW32', 'SW7')_gcl_length: 2
	F12_('SM2CB', 'SW52')_t4_min: 119026
	('SW42', 'SW52')_gcl_length: 2
	F29_('SW13', 'StarTr1')_tb: 6250
	F26_('SW41', 'SW31')_t3_max: 14599
	F18_('SW42', 'SW32')_t3_max: 1235
	F21_('SW41', 'SW51')_t5_max: 97993
	F1_('SM1CA', 'SW51')_tb: 166
	F22_('SM1CA', 'SW51')_t5_min: 56392
	F23_('SW31', 'SW21')_t3_min: 6484
	F19_('SW52', 'SW8')_tb: 97274
	F17_('CM2CA', 'SW42')_t5_max: 7637
	F16_('SW13', 'SW21')_t3_min: 960
	F25_('SW21', 'SW13')_t3_max: 6530
	F13_('SW32', 'LCM2')_t5_max: 815
	F19_('SW51', 'SM1CB')_t5_min: 97607
	F26_('SW11', 'DU3')_t5_max: 15164
	F7_('SW32', 'SW6')_t3_min: 2976
	F9_('SW21', 'CMRIU1')_t4_max: 47949
	F28_('SW22', 'SW32')_tb: 4477
	F2_('SW22', 'SW13')_t5_min: 343
	F2_('SM2CB', 'SW52')_t5_max: 107
	F26_('SM1CB', 'SW51')_t4_max: 14561
	F22_('SM1CA', 'SW51')_tb: 56272
	F4_('LCM1', 'SW31')_t3_min: 6578
	('SW51', 'SW8')_gcl_length: 0
	F27_('SW32', 'RCM2')_tb: 20478
	F15_('SW31', 'SW41')_t5_max: 1940
	('SW11', 'SW21')_gcl_length: 0
	F6_('SW21', 'CMRIU1')_t3_max: 49
	F8_('CM1CB', 'SW41')_tb: 6413
	F2_('SW13', 'StarTr1')_tb: 345
	F14_('SW11', 'DU1')_tb: 127626
	F2_('SW32', 'SW22')_tb: 294
	F13_('SM2CA', 'SW52')_t3_min: 162
	F26_('SW11', 'DU3')_t4_max: 15152
	F14_('SM2CB', 'SW52')_t5_max: 127141
	F6_('SW31', 'SW21')_t3_min: 20
	F1_('SW8', 'SW32')_t5_min: 314
	F29_('SW21', 'SW13')_tb: 6149
	F0_('SW32', 'SW7')_tb: 46306
	F22_('SW51', 'SW8')_t5_max: 56643
	('SW13', 'StarTr1')_gcl_length: 2
	F0_('SW32', 'SW7')_t5_min: 46322
	F20_('CMRIU1', 'SW21')_t4_max: 496
	F23_('SW31', 'SW21')_tb: 6489
	F14_('SW11', 'DU1')_t4_max: 127884
	F22_('SW52', 'SM2CB')_t3_min: 56638
	F25_('SBAND1', 'SW12')_t4_min: 6236
	F3_('SW13', 'SW21')_t5_max: 12493
	F18_('SW22', 'SW13')_tb: 1264
	F23_('SW41', 'SW31')_t3_min: 6359
	F16_('SW13', 'SW21')_tb: 965
	F14_('SM2CB', 'SW52')_t5_min: 127141
	F21_('SW41', 'SW51')_t5_min: 97735
	F9_('FCM2', 'SW32')_tb: 47398
	F17_('SW22', 'BFCU')_t5_min: 7870
	F5_('SW11', 'DU2')_t3_max: 15515
	('DU4', 'SW14')_gcl_length: 0
	F19_('SW51', 'SM1CB')_t3_max: 97547
	('SW41', 'SW31')_gcl_length: 6
	F3_('SW13', 'SW21')_tb: 12245
	F17_('SW32', 'SW22')_t5_max: 7837
	('SW32', 'LCM2')_gcl_length: 0
	F16_('StarTr1', 'SW13')_tb: 949
	F20_('CMRIU1', 'SW21')_t3_min: 496
	F15_('SW21', 'SW31')_t3_min: 1700
	F26_('SW31', 'SW21')_t3_max: 14742
	('SW21', 'SW12')_gcl_length: 2
	F18_('SW32', 'SW22')_tb: 1247
	F8_('SW52', 'SW42')_t5_min: 6776
	F1_('SW8', 'SW32')_t3_max: 400
	F17_('SW42', 'SW32')_tb: 7639
	F6_('SW31', 'SW21')_t5_max: 42
	F22_('SM1CA', 'SW51')_t5_max: 56392
	F9_('SW7', 'SW21')_t5_min: 47689
	F11_('SW21', 'SW31')_t5_min: 364
	F28_('SW32', 'LCM2')_t5_min: 4631
	F27_('SW22', 'SW32')_tb: 20362
	('SW8', 'SW31')_gcl_length: 2
	F2_('SW13', 'StarTr1')_t3_min: 345
	F25_('SBAND1', 'SW12')_tb: 6236
	F7_('SW6', 'SW31')_tb: 3049
	F26_('SW11', 'DU3')_t3_min: 14636
	F25_('SW13', 'MIMU1')_t5_max: 6817
	F23_('SW13', 'MIMU3')_t4_max: 6739
	F9_('SW21', 'CMRIU1')_t3_min: 47691
	F2_('SW42', 'SW32')_t5_max: 287
	F8_('CM1CB', 'SW41')_t3_min: 6413
	F21_('SW31', 'SW41')_t3_min: 97525
	F10_('SW42', 'SW52')_tb: 125288
	F21_('FCM1', 'SW31')_t4_max: 97419
	F6_('SW21', 'CMRIU1')_t5_min: 66
	F14_('SW8', 'SW31')_t5_max: 127385
	F26_('SW51', 'SW41')_t3_min: 14575
	F19_('SM2CB', 'SW52')_t5_min: 97272
	F10_('SW22', 'SW32')_t5_max: 125048
	F26_('SW31', 'SW21')_t3_min: 14608
	F28_('DU5', 'SW14')_t4_max: 4321
	F15_('SW41', 'CM1CA')_t3_min: 1813
	F6_('RCM1', 'SW31')_t3_min: 1
	F23_('SW41', 'SW31')_t5_min: 6482
	F27_('SW13', 'SW22')_tb: 20241
	F4_('SW52', 'SW42')_t5_max: 7139
	F25_('SW13', 'MIMU1')_tb: 6610
	F1_('SW22', 'BFCU')_t3_min: 629
	F24_('SW21', 'CMRIU1')_t3_min: 49775
	F18_('SM2CB', 'SW52')_t4_min: 1191
	F8_('SW31', 'SW8')_t5_min: 6631
	F2_('SM2CB', 'SW52')_t4_min: 86
	F0_('SW42', 'SW32')_t5_min: 46304
	F16_('SW21', 'SW31')_tb: 981
	F8_('SW52', 'SW42')_t3_max: 6713
	F13_('SM2CA', 'SW52')_t5_min: 258
	F23_('SW21', 'SW13')_t5_max: 6732
	F13_('SW32', 'LCM2')_t5_min: 686
	F22_('SW8', 'SW52')_t3_min: 56516
	F28_('SW32', 'LCM2')_t5_max: 5018
	F12_('SW32', 'FCM2')_t5_min: 119480
	('StarTr1', 'SW13')_gcl_length: 0
	F7_('RCM2', 'SW32')_t3_min: 2903
	F25_('SW12', 'SW21')_t5_max: 6523
	F18_('SW13', 'MIMU2')_tb: 1281
	F2_('SW13', 'StarTr1')_t5_min: 366
	F3_('SW21', 'SW12')_tb: 12500
	F21_('SW51', 'SM1CB')_t3_max: 98000
	F26_('SW31', 'SW21')_t5_max: 14878
	F19_('SW51', 'SM1CB')_t4_max: 97671
	F27_('SW32', 'RCM2')_t5_max: 20721
	F10_('SBAND1', 'SW12')_tb: 124604
	F14_('SW21', 'SW11')_t3_min: 127509
	F7_('RCM2', 'SW32')_t4_min: 2903
	F1_('SW32', 'SW22')_t3_max: 579
	F18_('SW32', 'SW22')_t3_max: 1381
	F29_('SW21', 'SW13')_t5_max: 6243
	F4_('SW52', 'SW42')_t5_min: 7010
	F6_('SW21', 'CMRIU1')_t3_min: 44
	F28_('DU5', 'SW14')_t5_min: 4397
	F23_('CM1CA', 'SW41')_t4_min: 6239
	F1_('SW32', 'SW22')_t5_max: 627
	F21_('SW31', 'SW41')_tb: 97525
	F25_('SBAND1', 'SW12')_t5_min: 6314
	F21_('SW41', 'SW51')_t3_min: 97631
	F27_('SW13', 'SW22')_t5_min: 20355
	F23_('SW21', 'SW13')_t3_max: 6614
	('SW51', 'SW41')_gcl_length: 2
	F22_('SW51', 'SW8')_t3_min: 56394
	F21_('SW51', 'SM1CB')_t5_max: 98228
	('SW13', 'SW22')_gcl_length: 2
	F9_('FCM2', 'SW32')_t4_min: 47398
	F27_('StarTr2', 'SW13')_tb: 20120
	F22_('SW51', 'SW8')_t5_min: 56514
	F8_('SW8', 'SW52')_t5_max: 6706
	F5_('SMRIU1', 'SW6')_t4_max: 14719
	F8_('SW31', 'SW8')_t5_max: 6631
	F20_('SW31', 'FCM1')_t4_max: 872
	F14_('SM2CB', 'SW52')_t3_min: 127026
	F10_('SW22', 'SW32')_t5_min: 125048
	F1_('SW51', 'SW8')_t5_min: 264
	('SW14', 'SW21')_gcl_length: 2
	F5_('SW21', 'SW11')_t3_max: 15285
	F5_('SMRIU1', 'SW6')_t3_min: 14719
	F16_('StarTr1', 'SW13')_t5_max: 958
	F24_('SW11', 'SW21')_t5_max: 49902
	F27_('SW22', 'SW32')_t5_max: 20476
	F18_('SW42', 'SW32')_t3_min: 1230
	F23_('SW41', 'SW31')_tb: 6364
	F5_('SW21', 'SW11')_tb: 15022
	F7_('SW31', 'LCM1')_t4_max: 3509
	F8_('SW8', 'SW52')_tb: 6638
	F4_('SW52', 'SW42')_t3_max: 6911
	F10_('SBAND1', 'SW12')_t4_max: 124604
	F18_('SW13', 'MIMU2')_t3_max: 1673
	F8_('CM1CB', 'SW41')_t5_max: 6481
	F6_('SW21', 'CMRIU1')_t5_max: 66
	F24_('DU3', 'SW11')_t5_min: 49761
	F26_('SM1CB', 'SW51')_t5_max: 14573
	F3_('SW21', 'SW12')_t5_max: 12619
	F9_('SW32', 'SW7')_t3_min: 47494
	F0_('CM2CB', 'SW42')_t4_max: 46270
	F24_('SW11', 'SW21')_t5_min: 49773
	F13_('SW42', 'SW32')_t5_max: 588
	F17_('SW32', 'SW22')_tb: 7806
	F29_('SW6', 'SW31')_t5_min: 6041
	F26_('SW11', 'DU3')_t3_max: 15028
	F14_('SW31', 'SW21')_t3_max: 127392
	F17_('SW32', 'SW22')_t3_min: 7672
	('SM1CA', 'SW51')_gcl_length: 2
	F13_('SW32', 'LCM2')_t3_min: 590
	F2_('SW32', 'SW22')_t5_min: 315
	F17_('SW22', 'BFCU')_tb: 7839
	F27_('SW32', 'RCM2')_t3_max: 20483
	F14_('SW52', 'SW8')_tb: 127148
	F26_('SW41', 'SW31')_t5_min: 14606
	F2_('SM2CB', 'SW52')_t4_max: 86
	F9_('SW21', 'CMRIU1')_t3_max: 47825
	('SW21', 'SW11')_gcl_length: 0
	('CM2CA', 'SW42')_gcl_length: 0
	F11_('SW31', 'FCM1')_t3_max: 500
	F29_('SW31', 'SW21')_t3_max: 6048
	F1_('SM1CA', 'SW51')_t4_max: 166
	F9_('SW32', 'SW7')_tb: 47499
	F11_('StarTr2', 'SW13')_t5_max: 119
	F23_('SW31', 'SW21')_t3_max: 6489
	F11_('StarTr2', 'SW13')_tb: 1
	F7_('RCM2', 'SW32')_t5_min: 2974
	F0_('CM2CB', 'SW42')_t5_min: 46286
	F18_('SW32', 'SW22')_t5_min: 1262
