0. Flow F0 [E2-->E4] with period 128000, payload 651B, e2e delay 128000us, jitter 12800us
	('E2', 'S2'), Operation(2012, None, 2065)(2012, 2012)
	('S2', 'S3'), Operation(2067, None, 2249)(2067, 2196)
	('S3', 'S4'), Operation(2122, None, 2433)(2122, 2380)
	('S4', 'E4'), Operation(2177, None, 2617)(2177, 2564)
1. Flow F1 [E5-->E3] with period 64000, payload 340B, e2e delay 64000us, jitter 6400us
	('E5', 'S5'), Operation(47555, None, 47583)(47555, 47555)
	('S5', 'S4'), Operation(47585, None, 47742)(47585, 47714)
	('S4', 'S3'), Operation(47615, None, 47901)(47615, 47873)
	('S3', 'E3'), Operation(47645, None, 48060)(47645, 48032)
2. Flow F2 [E1-->E5] with period 64000, payload 1264B, e2e delay 64000us, jitter 6400us
	('E1', 'S1'), Operation(15241, None, 15343)(15241, 15241)
	('S1', 'S2'), Operation(15345, None, 15576)(15345, 15474)
	('S2', 'S3'), Operation(15449, 15583, 15685)(15583, 15583)
	('S3', 'S4'), Operation(15687, 15693, 15795)(15693, 15693)
	('S4', 'S5'), Operation(15797, None, 16028)(15797, 15926)
	('S5', 'E5'), Operation(15901, None, 16261)(15901, 16159)
3. Flow F3 [E4-->E2] with period 128000, payload 1307B, e2e delay 128000us, jitter 12800us
	('E4', 'S4'), Operation(11674, None, 11779)(11674, 11674)
	('S4', 'S3'), Operation(11781, 11786, 11891)(11786, 11786)
	('S3', 'S2'), Operation(11893, None, 12127)(11893, 12022)
	('S2', 'E2'), Operation(12000, None, 12363)(12000, 12258)
4. Flow F4 [E2-->E1] with period 2000, payload 212B, e2e delay 2000us, jitter 200us
	('E2', 'S2'), Operation(142, None, 159)(142, 142)
	('S2', 'S1'), Operation(161, 289, 306)(289, 289)
	('S1', 'E1'), Operation(308, None, 454)(308, 437)
5. Flow F5 [E1-->E2] with period 8000, payload 291B, e2e delay 8000us, jitter 800us
	('E1', 'S1'), Operation(7551, None, 7575)(7551, 7551)
	('S1', 'S2'), Operation(7577, 7595, 7619)(7595, 7595)
	('S2', 'E2'), Operation(7621, None, 7774)(7621, 7750)
6. Flow F6 [E3-->E5] with period 8000, payload 825B, e2e delay 8000us, jitter 800us
	('E3', 'S3'), Operation(1, None, 67)(1, 1)
	('S3', 'S4'), Operation(69, 74, 140)(74, 74)
	('S4', 'S5'), Operation(142, 194, 260)(194, 194)
	('S5', 'E5'), Operation(262, None, 457)(262, 391)
7. Flow F7 [E2-->E1] with period 32000, payload 694B, e2e delay 32000us, jitter 3200us
	('E2', 'S2'), Operation(1, None, 57)(1, 1)
	('S2', 'S1'), Operation(59, 64, 120)(64, 64)
	('S1', 'E1'), Operation(122, None, 307)(122, 251)
8. Flow F8 [E1-->E4] with period 4000, payload 524B, e2e delay 4000us, jitter 400us
	('E1', 'S1'), Operation(1, None, 43)(1, 1)
	('S1', 'S2'), Operation(45, 50, 92)(50, 50)
	('S2', 'S3'), Operation(94, 99, 141)(99, 99)
	('S3', 'S4'), Operation(143, None, 314)(143, 272)
	('S4', 'E4'), Operation(187, None, 487)(187, 445)
9. Flow F9 [E2-->E5] with period 16000, payload 566B, e2e delay 16000us, jitter 1600us
	('E2', 'S2'), Operation(14773, None, 14819)(14773, 14773)
	('S2', 'S3'), Operation(14821, 14949, 14995)(14949, 14949)
	('S3', 'S4'), Operation(14997, 15125, 15171)(15125, 15125)
	('S4', 'S5'), Operation(15173, 15301, 15347)(15301, 15301)
	('S5', 'E5'), Operation(15349, None, 15524)(15349, 15478)
10. Flow F10 [E1-->E2] with period 4000, payload 1179B, e2e delay 4000us, jitter 400us
	('E1', 'S1'), Operation(3576, None, 3671)(3576, 3576)
	('S1', 'S2'), Operation(3673, 3678, 3773)(3678, 3678)
	('S2', 'E2'), Operation(3775, None, 3999)(3775, 3904)
11. Flow F11 [E5-->E4] with period 64000, payload 742B, e2e delay 64000us, jitter 6400us
	('E5', 'S5'), Operation(236, None, 296)(236, 236)
	('S5', 'S4'), Operation(298, 426, 486)(426, 426)
	('S4', 'E4'), Operation(488, None, 677)(488, 617)
12. Flow F12 [E4-->E5] with period 2000, payload 1187B, e2e delay 2000us, jitter 200us
	('E4', 'S4'), Operation(1251, None, 1346)(1251, 1251)
	('S4', 'S5'), Operation(1348, 1428, 1523)(1428, 1428)
	('S5', 'E5'), Operation(1525, None, 1749)(1525, 1654)
13. Flow F13 [E5-->E4] with period 64000, payload 692B, e2e delay 64000us, jitter 6400us
	('E5', 'S5'), Operation(557, None, 613)(557, 557)
	('S5', 'S4'), Operation(615, 620, 676)(620, 620)
	('S4', 'E4'), Operation(678, None, 863)(678, 807)
14. Flow F14 [E4-->E5] with period 4000, payload 714B, e2e delay 4000us, jitter 400us
	('E4', 'S4'), Operation(2912, None, 2970)(2912, 2912)
	('S4', 'S5'), Operation(2972, None, 3159)(2972, 3101)
	('S5', 'E5'), Operation(3032, None, 3348)(3032, 3290)
15. Flow F15 [E5-->E4] with period 32000, payload 654B, e2e delay 32000us, jitter 3200us
	('E5', 'S5'), Operation(749, None, 802)(749, 749)
	('S5', 'S4'), Operation(804, 809, 862)(809, 809)
	('S4', 'E4'), Operation(864, None, 1046)(864, 993)
16. Flow F16 [E4-->E3] with period 4000, payload 652B, e2e delay 4000us, jitter 400us
	('E4', 'S4'), Operation(3347, None, 3400)(3347, 3347)
	('S4', 'S3'), Operation(3402, 3407, 3460)(3407, 3407)
	('S3', 'E3'), Operation(3462, None, 3644)(3462, 3591)
17. Flow F17 [E2-->E5] with period 4000, payload 242B, e2e delay 4000us, jitter 400us
	('E2', 'S2'), Operation(3278, None, 3298)(3278, 3278)
	('S2', 'S3'), Operation(3300, 3428, 3448)(3428, 3428)
	('S3', 'S4'), Operation(3450, 3578, 3598)(3578, 3578)
	('S4', 'S5'), Operation(3600, 3728, 3748)(3728, 3728)
	('S5', 'E5'), Operation(3750, 3880, 3900)(3880, 3880)
18. Flow F18 [E3-->E5] with period 2000, payload 1372B, e2e delay 2000us, jitter 200us
	('E3', 'S3'), Operation(322, None, 432)(322, 322)
	('S3', 'S4'), Operation(434, None, 673)(434, 563)
	('S4', 'S5'), Operation(546, None, 914)(546, 804)
	('S5', 'E5'), Operation(658, 921, 1031)(921, 921)
19. Flow F19 [E3-->E2] with period 16000, payload 441B, e2e delay 16000us, jitter 1600us
	('E3', 'S3'), Operation(15374, None, 15410)(15374, 15374)
	('S3', 'S2'), Operation(15412, 15417, 15453)(15417, 15417)
	('S2', 'E2'), Operation(15455, None, 15620)(15455, 15584)

SMT variables: 
	F1_('E5', 'S5')_t3_max: 47431
	F13_('S5', 'S4')_t4_min: 620
	('S2', 'S3')_gcl_cycle: 64000
	F11_('S5', 'S4')_t4_min: 426
	F13_('S5', 'S4')_rr: 1
	F14_('S4', 'S5')_t3_max: 2977
	F15_('E5', 'S5')_gc: False
	F9_('S5', 'E5')_t4_min: 15349
	('S4', 'S3')_gcl_cycle: 128000
	F1_('S4', 'S3')_gc: False
	F7_queue_index: 0
	F7_('S1', 'E1')_t3_min: 122
	F2_('S1', 'S2')_t4_min: 15345
	F18_('S4', 'S5')_t5_min: 656
	F9_('S4', 'S5')_gc: True
	F11_('S5', 'S4')_t3_max: 303
	F16_('E4', 'S4')_gc: False
	F9_('S2', 'S3')_t4_min: 14949
	F19_('S2', 'E2')_t4_min: 15455
	F15_('S4', 'E4')_t4_min: 864
	F9_('S3', 'S4')_rr: 4
	F2_('S1', 'S2')_t3_max: 15350
	F0_('S2', 'S3')_rr: 0
	F18_('E3', 'S3')_t5_max: 432
	F7_('E2', 'S2')_t3_max: -123
	F14_('S5', 'E5')_rr: 0
	F2_('E1', 'S1')_rr: 0
	F5_('S1', 'S2')_t4_min: 7595
	F5_queue_index: 0
	F9_('S3', 'S4')_t4_min: 15125
	F10_('S1', 'S2')_rr: 2
	F14_('E4', 'S4')_t3_max: 2788
	F5_('E1', 'S1')_t3_max: 7427
	F1_('S4', 'S3')_rr: 0
	F9_('S5', 'E5')_rr: 0
	F18_('S5', 'E5')_t4_min: 921
	F11_('S4', 'E4')_rr: 0
	F17_('S4', 'S5')_gc: True
	F13_('S4', 'E4')_t4_min: 678
	F8_('S4', 'E4')_t4_min: 187
	F0_('E2', 'S2')_rr: 0
	F13_('S5', 'S4')_gc: True
	F16_('S3', 'E3')_t5_max: 3644
	F11_('S5', 'S4')_t4_max: 426
	F8_('S2', 'S3')_t4_max: 99
	F1_jitter: 387
	F13_jitter: 129
	F3_('E4', 'S4')_rr: 0
	F15_jitter: 129
	F2_('S1', 'S2')_rr: 0
	F2_('S1', 'S2')_t5_min: 15447
	F10_('S2', 'E2')_gc: False
	F13_('S5', 'S4')_t3_max: 620
	F6_queue_index: 0
	F4_('S1', 'E1')_gc: False
	F18_('E3', 'S3')_rr: 0
	F16_('S4', 'S3')_t4_max: 3407
	F12_('S5', 'E5')_t4_min: 1525
	F17_('S2', 'S3')_gc: True
	F18_('S3', 'S4')_t3_max: 439
	('E2', 'S2')_gcl_cycle: 1
	F9_('S5', 'E5')_t3_min: 15349
	F2_('S1', 'S2')_t4_max: 15474
	F7_('S2', 'S1')_t4_min: 64
	F2_('E1', 'S1')_tb: 15241
	F8_('S3', 'S4')_t5_max: 314
	F8_('S2', 'S3')_gc: True
	F18_('S3', 'S4')_t4_max: 563
	('S2', 'E2')_gcl_cycle: 1
	F9_('S2', 'S3')_gc: True
	F9_('S3', 'S4')_t3_max: 15002
	F6_('S3', 'S4')_gc: True
	F6_('E3', 'S3')_t3_max: -123
	F1_('E5', 'S5')_gc: False
	F8_('E1', 'S1')_rr: 0
	F9_('S3', 'S4')_t4_max: 15125
	F9_('S2', 'S3')_rr: 4
	F14_('S4', 'S5')_gc: False
	('S3', 'E3')_gcl_cycle: 1
	F17_('S3', 'S4')_rr: 16
	F4_('S2', 'S1')_gc: True
	F8_('S4', 'E4')_gc: False
	F1_('S4', 'S3')_t4_min: 47615
	F14_('S5', 'E5')_gc: False
	F10_('E1', 'S1')_gc: False
	F10_('S1', 'S2')_t4_min: 3678
	F16_('S3', 'E3')_gc: False
	F2_('E1', 'S1')_t5_min: 15343
	F4_('S1', 'E1')_rr: 0
	F1_('S5', 'S4')_gc: False
	F2_('S5', 'E5')_t4_max: 16159
	F18_('S3', 'S4')_rr: 0
	F9_('S4', 'S5')_t4_min: 15301
	F7_('E2', 'S2')_t5_min: 57
	F6_('S4', 'S5')_t4_min: 194
	F0_('S3', 'S4')_gc: False
	F4_('E2', 'S2')_gc: False
	F5_('S1', 'S2')_rr: 1
	F15_('S4', 'E4')_rr: 0
	F9_('E2', 'S2')_t3_min: 14773
	F16_('S4', 'S3')_t4_min: 3407
	F2_('S3', 'S4')_t4_max: 15693
	F16_('E4', 'S4')_t3_max: 3223
	F3_('E4', 'S4')_t5_max: 11779
	F8_('S4', 'E4')_tb: 187
	F0_('S3', 'S4')_t3_min: 2122
	F5_('S1', 'S2')_gc: True
	F16_('S4', 'S3')_t3_max: 3407
	F18_('S5', 'E5')_rr: 2
	F11_('E5', 'S5')_t3_max: 112
	F3_('S2', 'E2')_t4_min: 12000
	F18_('S4', 'S5')_t4_min: 546
	F7_('E2', 'S2')_t4_max: 1
	F4_('S2', 'S1')_rr: 16
	F19_('S2', 'E2')_gc: False
	F0_('S3', 'S4')_t4_min: 2122
	F8_jitter: 258
	F0_('S4', 'E4')_rr: 0
	('E1', 'S1')_gcl_cycle: 1
	F6_('E3', 'S3')_t5_min: 67
	F17_('E2', 'S2')_rr: 0
	F6_('S4', 'S5')_gc: True
	F18_jitter: 0
	('S1', 'S2')_gcl_cycle: 8000
	F1_('E5', 'S5')_rr: 0
	F2_('E1', 'S1')_t3_max: 15117
	F17_('S5', 'E5')_rr: 1
	F10_('S1', 'S2')_gc: True
	F8_('S2', 'S3')_rr: 16
	F12_('S4', 'S5')_gc: True
	F15_('S4', 'E4')_gc: False
	F4_('S2', 'S1')_t4_min: 289
	F12_('S5', 'E5')_rr: 0
	F15_('S5', 'S4')_t4_max: 809
	F19_('S3', 'S2')_t4_min: 15417
	F15_('S5', 'S4')_t4_min: 809
	F11_queue_index: 0
	F15_('S5', 'S4')_t3_max: 809
	F5_jitter: 129
	F6_('S5', 'E5')_rr: 0
	F3_('S4', 'S3')_t4_min: 11786
	F11_('S5', 'S4')_rr: 1
	F3_('E4', 'S4')_t4_min: 11674
	F17_('S4', 'S5')_t4_min: 3728
	F19_queue_index: 0
	F15_queue_index: 0
	F0_('S2', 'S3')_t4_min: 2067
	F3_('S2', 'E2')_t3_max: 12134
	F7_('S1', 'E1')_rr: 0
	F0_('S3', 'S4')_rr: 0
	('S1', 'E1')_gcl_cycle: 1
	F14_('S5', 'E5')_t4_min: 3032
	F12_('E4', 'S4')_t3_max: 1127
	F8_('S1', 'S2')_t3_max: 50
	F19_('E3', 'S3')_t3_max: 15250
	F1_('S3', 'E3')_t4_min: 47645
	F11_('S5', 'S4')_gc: True
	F12_queue_index: 0
	F4_jitter: 129
	F19_('E3', 'S3')_gc: False
	F10_('E1', 'S1')_t3_max: 3452
	F3_('S4', 'S3')_t3_max: 11786
	F3_('S4', 'S3')_gc: True
	F18_('S4', 'S5')_t4_max: 804
	F18_('S5', 'E5')_gc: True
	F9_('S5', 'E5')_gc: False
	F10_jitter: 129
	F15_('E5', 'S5')_rr: 0
	F0_('S2', 'S3')_t4_max: 2196
	F14_queue_index: 0
	F19_('S2', 'E2')_rr: 0
	F14_('E4', 'S4')_t5_max: 2970
	F15_('S4', 'E4')_t3_min: 864
	F1_('S3', 'E3')_gc: False
	F7_('S2', 'S1')_rr: 1
	F2_('S3', 'S4')_t4_min: 15693
	F0_jitter: 387
	F6_('S3', 'S4')_rr: 8
	F7_('S2', 'S1')_gc: True
	F3_('S2', 'E2')_rr: 0
	F4_('S1', 'E1')_t4_min: 308
	F11_('S4', 'E4')_gc: False
	F2_('S5', 'E5')_t4_min: 15901
	F2_('S4', 'S5')_gc: False
	F16_('S3', 'E3')_t3_max: 3467
	F6_jitter: 129
	('S3', 'S4')_gcl_length: 58
	F1_('S5', 'S4')_rr: 0
	F18_queue_index: 0
	F6_('S4', 'S5')_t4_max: 194
	F10_('S1', 'S2')_t4_max: 3678
	F9_('S4', 'S5')_t3_max: 15178
	F9_jitter: 129
	F3_queue_index: 0
	F7_('E2', 'S2')_gc: False
	F13_('S5', 'S4')_tb: 620
	F6_('S3', 'S4')_t4_max: 74
	F8_('S3', 'S4')_t4_max: 272
	F7_('S2', 'S1')_t3_max: 64
	F2_('S4', 'S5')_t3_min: 15797
	F16_('S4', 'S3')_t3_min: 3402
	F10_('S2', 'E2')_t4_min: 3775
	F0_queue_index: 0
	F4_('E2', 'S2')_t3_max: 18
	F16_queue_index: 0
	F17_('S4', 'S5')_t4_max: 3728
	F0_('S2', 'S3')_tb: 2067
	F0_('E2', 'S2')_t3_max: 1888
	F3_('E4', 'S4')_t5_min: 11779
	F8_('S1', 'S2')_t4_min: 50
	F10_('S2', 'E2')_rr: 0
	F5_('S1', 'S2')_t4_max: 7595
	F12_('S4', 'S5')_t4_min: 1428
	F14_('S4', 'S5')_t4_max: 3101
	F12_('S4', 'S5')_t3_max: 1353
	F19_('S3', 'S2')_t4_max: 15417
	F1_('S5', 'S4')_t3_max: 47590
	F8_('S2', 'S3')_t5_max: 141
	F12_('E4', 'S4')_gc: False
	F2_('S2', 'S3')_t4_min: 15583
	F6_('S5', 'E5')_t4_min: 262
	F15_('S5', 'S4')_tb: 809
	('E5', 'S5')_gcl_cycle: 1
	F12_('E4', 'S4')_rr: 0
	F0_('S3', 'S4')_t4_max: 2380
	F17_('S4', 'S5')_rr: 4
	F1_('S3', 'E3')_rr: 0
	('E3', 'S3')_gcl_cycle: 1
	F17_('S2', 'S3')_rr: 16
	F16_('S3', 'E3')_t4_min: 3462
	F18_('E3', 'S3')_gc: False
	F16_('S4', 'S3')_rr: 32
	F9_('S3', 'S4')_t5_min: 15171
	F1_('S5', 'S4')_t4_min: 47585
	F11_('E5', 'S5')_rr: 0
	F18_('S4', 'S5')_gc: False
	F9_('S3', 'S4')_gc: True
	F15_('S5', 'S4')_gc: True
	F2_('S4', 'S5')_t4_max: 15926
	F7_jitter: 129
	F2_queue_index: 0
	('S2', 'S1')_gcl_cycle: 32000
	F18_('S3', 'S4')_t4_min: 434
	F6_('S4', 'S5')_rr: 2
	F9_('S4', 'S5')_t5_min: 15347
	F13_queue_index: 0
	F16_('S4', 'S3')_gc: True
	F8_('S1', 'S2')_gc: True
	F3_('S3', 'S2')_rr: 0
	F11_jitter: 129
	F17_('S5', 'E5')_t4_min: 3880
	F2_('S2', 'S3')_rr: 1
	F9_('E2', 'S2')_rr: 0
	F3_('E4', 'S4')_gc: False
	F0_('S4', 'E4')_t3_min: 2177
	F4_('S2', 'S1')_t4_max: 289
	F9_('S4', 'S5')_t4_max: 15301
	F10_('E1', 'S1')_rr: 0
	F1_('S4', 'S3')_t4_max: 47873
	F13_('E5', 'S5')_gc: False
	F14_('S5', 'E5')_t3_max: 3166
	F17_('S3', 'S4')_t4_min: 3578
	F17_('S5', 'E5')_tb: 3880
	F7_('S2', 'S1')_t4_max: 64
	F12_('S4', 'S5')_t3_min: 1348
	F2_('S3', 'S4')_gc: True
	F13_('S4', 'E4')_gc: False
	F17_('S2', 'S3')_t4_max: 3428
	F12_('S5', 'E5')_gc: False
	F7_('S1', 'E1')_gc: False
	F4_queue_index: 0
	F17_('S5', 'E5')_gc: True
	F16_('E4', 'S4')_rr: 0
	F2_('S4', 'S5')_t4_min: 15797
	F11_('E5', 'S5')_gc: False
	F13_('S4', 'E4')_rr: 0
	F5_('S2', 'E2')_rr: 0
	F17_('S2', 'S3')_t3_max: 3305
	F15_('S5', 'S4')_t3_min: 804
	F6_('E3', 'S3')_rr: 0
	F8_('S1', 'S2')_t5_min: 92
	F14_jitter: 258
	F9_('S2', 'S3')_t3_max: 14826
	F10_queue_index: 0
	F7_('E2', 'S2')_rr: 0
	F3_('S4', 'S3')_t4_max: 11786
	F19_('S3', 'S2')_rr: 1
	F16_('S3', 'E3')_rr: 0
	F3_('S2', 'E2')_gc: False
	F7_('S1', 'E1')_t4_min: 122
	F14_('E4', 'S4')_tb: 2912
	F8_('S3', 'S4')_t4_min: 143
	F13_('E5', 'S5')_t3_max: 433
	F4_('S2', 'S1')_t3_max: 166
	F14_('S4', 'S5')_t4_min: 2972
	('E4', 'S4')_gcl_cycle: 1
	F13_('E5', 'S5')_rr: 0
	F1_('S5', 'S4')_t4_max: 47714
	('S4', 'S5')_gcl_cycle: 16000
	F0_('S2', 'S3')_t3_max: 2072
	F2_('S1', 'S2')_gc: False
	F14_('S4', 'S5')_rr: 0
	F3_('S2', 'E2')_t4_max: 12258
	F9_('S2', 'S3')_t4_max: 14949
	F8_('S4', 'E4')_rr: 0
	('S3', 'S4')_gcl_cycle: 64000
	F3_jitter: 258
	F2_('S2', 'S3')_t4_max: 15583
	('S5', 'S4')_gcl_cycle: 64000
	F19_('S3', 'S2')_gc: True
	F5_('S1', 'S2')_t3_max: 7582
	F0_('E2', 'S2')_gc: False
	F17_jitter: 0
	F1_('S4', 'S3')_t5_max: 47901
	F9_queue_index: 0
	F2_('E1', 'S1')_gc: False
	F11_('S4', 'E4')_t4_min: 488
	F12_jitter: 129
	F10_('S1', 'S2')_t3_max: 3678
	F17_('E2', 'S2')_t3_max: 3154
	F6_('S5', 'E5')_gc: False
	F17_queue_index: 0
	F17_('S2', 'S3')_t4_min: 3428
	F15_('S5', 'S4')_rr: 2
	F8_('S1', 'S2')_t4_max: 50
	F17_('S3', 'S4')_t3_max: 3455
	F17_('E2', 'S2')_gc: False
	F8_queue_index: 0
	F2_('S5', 'E5')_gc: False
	F17_('S4', 'S5')_t5_max: 3748
	F3_('S3', 'S2')_gc: False
	F3_('E4', 'S4')_t3_max: 11550
	F12_('S4', 'S5')_rr: 8
	F2_('S5', 'E5')_t5_max: 16261
	F18_('E3', 'S3')_t3_max: 198
	F8_('S3', 'S4')_rr: 0
	F2_('S4', 'S5')_t3_max: 15802
	F19_('S3', 'S2')_t3_max: 15417
	('S3', 'S2')_gcl_cycle: 16000
	F9_('S4', 'S5')_rr: 1
	F18_('S4', 'S5')_rr: 0
	F19_('E3', 'S3')_rr: 0
	F3_('E4', 'S4')_t4_max: 11674
	('S5', 'E5')_gcl_cycle: 4000
	F0_('S4', 'E4')_t4_min: 2177
	F8_('E1', 'S1')_t3_max: -123
	F6_('E3', 'S3')_gc: False
	F9_('E2', 'S2')_t3_max: 14649
	F1_queue_index: 0
	F6_('S3', 'S4')_t3_max: 74
	F2_('S3', 'S4')_rr: 1
	F0_('S4', 'E4')_gc: False
	F19_jitter: 129
	F2_jitter: 258
	F17_('S3', 'S4')_gc: True
	F3_('S3', 'S2')_t4_max: 12022
	F8_('S1', 'S2')_rr: 2
	F2_('S4', 'S5')_rr: 0
	F16_jitter: 129
	F3_('S3', 'S2')_t4_min: 11893
	F6_('E3', 'S3')_t4_min: 1
	F0_('S2', 'S3')_t5_min: 2120
	F5_('E1', 'S1')_gc: False
	F5_('E1', 'S1')_rr: 0
	F2_('S5', 'E5')_rr: 0
	F4_('E2', 'S2')_rr: 0
	F18_('S3', 'S4')_gc: False
	F17_('S3', 'S4')_t4_max: 3578
	F14_('E4', 'S4')_gc: False
	F8_('S2', 'S3')_t4_min: 99
	F12_('S4', 'S5')_t4_max: 1428
	F11_('S5', 'S4')_t3_min: 298
	('S4', 'E4')_gcl_cycle: 1
	F4_('E2', 'S2')_t4_min: 142
	F2_('S5', 'E5')_t3_max: 16035
	F15_('E5', 'S5')_t3_max: 625
	F14_('E4', 'S4')_rr: 0
	F0_('S2', 'S3')_gc: False
	F5_('S2', 'E2')_t4_min: 7621
	F8_('E1', 'S1')_gc: False
	F6_('S3', 'S4')_t4_min: 74
	F8_('E1', 'S1')_t4_min: 1
	F3_('S4', 'S3')_rr: 1
	F9_('E2', 'S2')_gc: False
	F8_('S3', 'S4')_gc: False
	F13_('S5', 'S4')_t4_max: 620
	F5_('S2', 'E2')_gc: False
	F2_('S2', 'S3')_gc: True
	F8_('S1', 'S2')_tb: 50
	F1_('S4', 'S3')_t5_min: 47643
	F3_('S4', 'S3')_tb: 11786
	F14_('S5', 'E5')_t5_min: 3090
	F13_('E5', 'S5')_t3_min: 557
	F12_('E4', 'S4')_t4_min: 1251
	F7_('S2', 'S1')_t5_min: 120
	F19_('E3', 'S3')_t4_min: 15374
	F12_('E4', 'S4')_t4_max: 1251
	F11_('S5', 'S4')_tb: 426
	F17_('S4', 'S5')_t3_min: 3600
	F1_('E5', 'S5')_t4_max: 47555
	F9_('E2', 'S2')_t5_max: 14819
	F6_('S4', 'S5')_t3_min: 142
	F0_('S4', 'E4')_t5_min: 2230
	F13_('S4', 'E4')_t5_max: 863
	F7_('S1', 'E1')_t5_max: 307
	F8_('S3', 'S4')_t3_min: 143
	F10_('E1', 'S1')_tb: 3576
	F5_('S2', 'E2')_t3_max: 7626
	F1_('E5', 'S5')_t5_max: 47583
	F2_('E1', 'S1')_t3_min: 15241
	F1_('S3', 'E3')_t3_max: 47908
	F9_('E2', 'S2')_tb: 14773
	F12_('E4', 'S4')_t3_min: 1251
	F12_('S5', 'E5')_t3_max: 1530
	F1_('S5', 'S4')_t5_min: 47613
	F9_('S3', 'S4')_t3_min: 14997
	F13_('S4', 'E4')_tb: 678
	F14_('E4', 'S4')_t5_min: 2970
	F12_('E4', 'S4')_tb: 1251
	F14_('S5', 'E5')_tb: 3032
	F19_('S2', 'E2')_t5_min: 15491
	F14_('S4', 'S5')_t5_min: 3030
	F10_('S2', 'E2')_t3_max: 3780
	F14_('S4', 'S5')_t5_max: 3159
	F14_('S4', 'S5')_tb: 2972
	F9_('S5', 'E5')_t4_max: 15478
	F13_('E5', 'S5')_t4_max: 557
	F13_('S5', 'S4')_t3_min: 615
	('S5', 'E5')_gcl_length: 6
	F3_('E4', 'S4')_t3_min: 11674
	F0_('S3', 'S4')_t5_min: 2175
	F4_('S2', 'S1')_tb: 289
	F9_('S2', 'S3')_t5_min: 14995
	F0_('E2', 'S2')_t4_max: 2012
	F6_('E3', 'S3')_t3_min: 1
	F16_('E4', 'S4')_t4_min: 3347
	F3_('S3', 'S2')_t5_min: 11998
	F4_('S1', 'E1')_tb: 308
	F19_('E3', 'S3')_t3_min: 15374
	F19_('E3', 'S3')_t5_max: 15410
	('S1', 'S2')_gcl_length: 10
	F5_('E1', 'S1')_t4_max: 7551
	F14_('S5', 'E5')_t4_max: 3290
	F2_('S2', 'S3')_t5_max: 15685
	('S1', 'E1')_gcl_length: 0
	F3_('S4', 'S3')_t3_min: 11781
	F3_('E4', 'S4')_tb: 11674
	F0_('E2', 'S2')_tb: 2012
	F19_('E3', 'S3')_t5_min: 15410
	F18_('E3', 'S3')_t4_max: 322
	F0_('E2', 'S2')_t3_min: 2012
	F12_('S5', 'E5')_tb: 1525
	F18_('S3', 'S4')_t5_max: 673
	F2_('E1', 'S1')_t4_max: 15241
	F2_('S3', 'S4')_tb: 15693
	F5_('S1', 'S2')_t5_min: 7619
	F0_('E2', 'S2')_t5_min: 2065
	F2_('S5', 'E5')_t3_min: 15901
	F15_('E5', 'S5')_t4_max: 749
	F2_('S3', 'S4')_t3_min: 15687
	F5_('S1', 'S2')_t5_max: 7619
	F10_('S1', 'S2')_tb: 3678
	F9_('S5', 'E5')_tb: 15349
	F11_('S4', 'E4')_tb: 488
	('S2', 'S3')_gcl_length: 74
	F9_('S5', 'E5')_t5_max: 15524
	F0_('S4', 'E4')_t3_max: 2440
	F11_('E5', 'S5')_tb: 236
	F18_('S5', 'E5')_t3_min: 658
	F6_('S5', 'E5')_t5_max: 457
	F9_('S4', 'S5')_t3_min: 15173
	F12_('S5', 'E5')_t3_min: 1525
	F1_('S4', 'S3')_t3_min: 47615
	F8_('E1', 'S1')_t4_max: 1
	F4_('S2', 'S1')_t5_max: 306
	F18_('S5', 'E5')_tb: 921
	F6_('S5', 'E5')_t3_max: 267
	F18_('S5', 'E5')_t4_max: 921
	F8_('S4', 'E4')_t3_min: 187
	F18_('E3', 'S3')_tb: 322
	F14_('E4', 'S4')_t3_min: 2912
	F9_('S2', 'S3')_t5_max: 14995
	F6_('S5', 'E5')_t3_min: 262
	F4_('S2', 'S1')_t3_min: 161
	F6_('S5', 'E5')_tb: 262
	('S2', 'S1')_gcl_length: 34
	F6_('E3', 'S3')_t5_max: 67
	F5_('E1', 'S1')_t3_min: 7551
	F3_('S3', 'S2')_t5_max: 12127
	F3_('S2', 'E2')_tb: 12000
	F1_('S4', 'S3')_t3_max: 47749
	F15_('S4', 'E4')_tb: 864
	F5_('S2', 'E2')_t5_max: 7774
	F8_('S2', 'S3')_t5_min: 141
	F10_('S1', 'S2')_t5_max: 3773
	F2_('S4', 'S5')_t5_max: 16028
	F16_('S3', 'E3')_tb: 3462
	F4_('E2', 'S2')_tb: 142
	('S3', 'E3')_gcl_length: 0
	F12_('S4', 'S5')_tb: 1428
	F8_('E1', 'S1')_t5_max: 43
	F17_('S4', 'S5')_tb: 3728
	F17_('S4', 'S5')_t5_min: 3748
	F3_('S4', 'S3')_t5_min: 11891
	F11_('E5', 'S5')_t5_min: 296
	F17_('S3', 'S4')_tb: 3578
	('E2', 'S2')_gcl_length: 0
	F13_('E5', 'S5')_t4_min: 557
	F13_('S5', 'S4')_t5_max: 676
	F9_('S5', 'E5')_t5_min: 15395
	F0_('S2', 'S3')_t3_min: 2067
	F18_('S3', 'S4')_tb: 434
	F17_('E2', 'S2')_t4_max: 3278
	F10_('E1', 'S1')_t3_min: 3576
	F6_('S4', 'S5')_t5_max: 260
	F5_('S2', 'E2')_t4_max: 7750
	F2_('S1', 'S2')_tb: 15345
	F4_('S1', 'E1')_t5_min: 325
	F8_('S1', 'S2')_t3_min: 45
	F16_('S4', 'S3')_tb: 3407
	F3_('S3', 'S2')_t3_max: 11898
	('S4', 'S5')_gcl_length: 30
	F16_('E4', 'S4')_t4_max: 3347
	F13_('S4', 'E4')_t5_min: 734
	F3_('S3', 'S2')_tb: 11893
	F3_('S3', 'S2')_t3_min: 11893
	F5_('S1', 'S2')_tb: 7595
	F15_('S4', 'E4')_t5_min: 917
	F15_('E5', 'S5')_tb: 749
	F16_('S3', 'E3')_t4_max: 3591
	F8_('S2', 'S3')_t3_max: 99
	F18_('E3', 'S3')_t5_min: 432
	F10_('S1', 'S2')_t3_min: 3673
	F1_('S5', 'S4')_t5_max: 47742
	F1_('E5', 'S5')_t5_min: 47583
	F1_('S3', 'E3')_t3_min: 47645
	F2_('S2', 'S3')_tb: 15583
	F14_('S4', 'S5')_t3_min: 2972
	F4_('S2', 'S1')_t5_min: 306
	F17_('S2', 'S3')_t3_min: 3300
	F19_('S3', 'S2')_t5_max: 15453
	('E4', 'S4')_gcl_length: 0
	F11_('S4', 'E4')_t4_max: 617
	F11_('S5', 'S4')_t5_min: 486
	F7_('E2', 'S2')_tb: 1
	('S2', 'E2')_gcl_length: 0
	F10_('E1', 'S1')_t4_min: 3576
	F7_('S1', 'E1')_tb: 122
	F17_('E2', 'S2')_t3_min: 3278
	F17_('S5', 'E5')_t5_min: 3900
	F6_('S5', 'E5')_t5_min: 328
	F3_('S2', 'E2')_t5_max: 12363
	F2_('S4', 'S5')_t5_min: 15899
	F13_('S4', 'E4')_t4_max: 807
	F0_('S3', 'S4')_t5_max: 2433
	F5_('S2', 'E2')_t5_min: 7645
	F8_('S2', 'S3')_tb: 99
	F8_('S2', 'S3')_t3_min: 94
	F9_('S4', 'S5')_t5_max: 15347
	F0_('S4', 'E4')_t4_max: 2564
	F6_('S4', 'S5')_t5_min: 260
	F17_('S2', 'S3')_t5_max: 3448
	F7_('E2', 'S2')_t4_min: 1
	F7_('S2', 'S1')_t5_max: 120
	F19_('E3', 'S3')_tb: 15374
	F13_('S4', 'E4')_t3_min: 678
	F17_('S5', 'E5')_t3_min: 3750
	F0_('S3', 'S4')_t3_max: 2256
	F19_('S2', 'E2')_t5_max: 15620
	F10_('S2', 'E2')_t5_max: 3999
	F17_('E2', 'S2')_tb: 3278
	F15_('S5', 'S4')_t5_min: 862
	F6_('S3', 'S4')_tb: 74
	('E1', 'S1')_gcl_length: 0
	F9_('S4', 'S5')_tb: 15301
	F2_('S4', 'S5')_tb: 15797
	F7_('S2', 'S1')_t3_min: 59
	F18_('S5', 'E5')_t5_min: 1031
	F7_('S1', 'E1')_t3_max: 127
	F17_('S3', 'S4')_t5_max: 3598
	F7_('E2', 'S2')_t5_max: 57
	F17_('S5', 'E5')_t5_max: 3900
	F8_('S4', 'E4')_t5_min: 229
	F5_('E1', 'S1')_t5_min: 7575
	F4_('E2', 'S2')_t5_min: 159
	F19_('S2', 'E2')_tb: 15455
	F18_('S3', 'S4')_t5_min: 544
	F4_('E2', 'S2')_t5_max: 159
	F9_('S2', 'S3')_tb: 14949
	F8_('S4', 'E4')_t5_max: 487
	F0_('S2', 'S3')_t5_max: 2249
	F1_('E5', 'S5')_t3_min: 47555
	F10_('S1', 'S2')_t5_min: 3773
	F3_('S4', 'S3')_t5_max: 11891
	F18_('S5', 'E5')_t3_max: 921
	F3_('S2', 'E2')_t3_min: 12000
	F7_('S2', 'S1')_tb: 64
	F18_('S4', 'S5')_tb: 546
	F1_('S5', 'S4')_t3_min: 47585
	F8_('E1', 'S1')_tb: 1
	F16_('E4', 'S4')_t3_min: 3347
	F8_('S4', 'E4')_t4_max: 445
	F8_('S3', 'S4')_t3_max: 148
	F19_('S3', 'S2')_t5_min: 15453
	F7_('S1', 'E1')_t4_max: 251
	F3_('S2', 'E2')_t5_min: 12105
	F17_('S5', 'E5')_t4_max: 3880
	F1_('S5', 'S4')_tb: 47585
	F12_('S4', 'S5')_t5_min: 1523
	F19_('S3', 'S2')_t3_min: 15412
	F11_('E5', 'S5')_t4_min: 236
	F14_('E4', 'S4')_t4_min: 2912
	F8_('E1', 'S1')_t5_min: 43
	F2_('S2', 'S3')_t3_min: 15449
	F0_('E2', 'S2')_t4_min: 2012
	F16_('S4', 'S3')_t5_min: 3460
	F0_('S4', 'E4')_tb: 2177
	F11_('E5', 'S5')_t5_max: 296
	F13_('E5', 'S5')_tb: 557
	F18_('E3', 'S3')_t3_min: 322
	F12_('S5', 'E5')_t4_max: 1654
	F5_('S1', 'S2')_t3_min: 7577
	F4_('E2', 'S2')_t4_max: 142
	F4_('S1', 'E1')_t4_max: 437
	F6_('S5', 'E5')_t4_max: 391
	F9_('S3', 'S4')_tb: 15125
	F10_('E1', 'S1')_t5_max: 3671
	F2_('S3', 'S4')_t5_min: 15795
	F1_('S3', 'E3')_t5_min: 47673
	F2_('S3', 'S4')_t3_max: 15692
	F11_('S4', 'E4')_t3_min: 488
	F1_('E5', 'S5')_tb: 47555
	F16_('E4', 'S4')_t5_max: 3400
	F4_('E2', 'S2')_t3_min: 142
	F6_('S3', 'S4')_t5_max: 140
	F17_('S2', 'S3')_t5_min: 3448
	F16_('S3', 'E3')_t5_min: 3515
	F8_('S3', 'S4')_t5_min: 185
	F9_('S3', 'S4')_t5_max: 15171
	F8_('S4', 'E4')_t3_max: 321
	F17_('S4', 'S5')_t3_max: 3605
	('S4', 'E4')_gcl_length: 0
	F8_('S1', 'S2')_t5_max: 92
	F1_('S4', 'S3')_tb: 47615
	F11_('S4', 'E4')_t5_min: 548
	F15_('S4', 'E4')_t3_max: 869
	F10_('E1', 'S1')_t5_min: 3671
	F0_('S3', 'S4')_tb: 2122
	('S3', 'S2')_gcl_length: 2
	F18_('E3', 'S3')_t4_min: 322
	F10_('S2', 'E2')_tb: 3775
	F15_('E5', 'S5')_t5_max: 802
	F18_('S4', 'S5')_t3_max: 680
	F10_('S2', 'E2')_t3_min: 3775
	F17_('S3', 'S4')_t5_min: 3598
	F6_('S3', 'S4')_t3_min: 69
	F9_('E2', 'S2')_t4_max: 14773
	F16_('E4', 'S4')_t5_min: 3400
	F5_('E1', 'S1')_tb: 7551
	('E5', 'S5')_gcl_length: 0
	F5_('E1', 'S1')_t5_max: 7575
	F4_('S1', 'E1')_t3_min: 308
	F1_('S3', 'E3')_t4_max: 48032
	F11_('E5', 'S5')_t3_min: 236
	F13_('S5', 'S4')_t5_min: 676
	F7_('S1', 'E1')_t5_min: 178
	F18_('S4', 'S5')_t5_max: 914
	F15_('E5', 'S5')_t3_min: 749
	('E3', 'S3')_gcl_length: 0
	F18_('S5', 'E5')_t5_max: 1031
	F15_('S4', 'E4')_t4_max: 993
	F16_('S4', 'S3')_t5_max: 3460
	F5_('E1', 'S1')_t4_min: 7551
	F2_('S2', 'S3')_t5_min: 15685
	F0_('E2', 'S2')_t5_max: 2065
	F6_('S4', 'S5')_tb: 194
	F6_('S4', 'S5')_t3_max: 147
	F5_('S2', 'E2')_t3_min: 7621
	F8_('S3', 'S4')_tb: 143
	F1_('S3', 'E3')_tb: 47645
	F9_('E2', 'S2')_t5_min: 14819
	F2_('S3', 'S4')_t5_max: 15795
	F2_('E1', 'S1')_t4_min: 15241
	F14_('S5', 'E5')_t3_min: 3032
	('S5', 'S4')_gcl_length: 8
	F17_('E2', 'S2')_t5_min: 3298
	F15_('E5', 'S5')_t5_min: 802
	F2_('S5', 'E5')_t5_min: 16003
	F11_('S4', 'E4')_t3_max: 493
	F19_('S2', 'E2')_t4_max: 15584
	F6_('E3', 'S3')_t4_max: 1
	F18_('S4', 'S5')_t3_min: 546
	F1_('E5', 'S5')_t4_min: 47555
	F17_('S5', 'E5')_t3_max: 3755
	F7_('E2', 'S2')_t3_min: 1
	F10_('S2', 'E2')_t5_min: 3870
	F19_('S2', 'E2')_t3_min: 15455
	F15_('S4', 'E4')_t5_max: 1046
	F2_('E1', 'S1')_t5_max: 15343
	F12_('S5', 'E5')_t5_min: 1620
	F18_('S3', 'S4')_t3_min: 434
	F13_('E5', 'S5')_t5_min: 613
	F2_('S2', 'S3')_t3_max: 15583
	F17_('S3', 'S4')_t3_min: 3450
	F17_('E2', 'S2')_t5_max: 3298
	F10_('E1', 'S1')_t4_max: 3576
	F2_('S1', 'S2')_t5_max: 15576
	F11_('S5', 'S4')_t5_max: 486
	F19_('E3', 'S3')_t4_max: 15374
	F2_('S1', 'S2')_t3_min: 15345
	F1_('S3', 'E3')_t5_max: 48060
	F9_('S5', 'E5')_t3_max: 15354
	F19_('S2', 'E2')_t3_max: 15460
	F12_('E4', 'S4')_t5_max: 1346
	F9_('E2', 'S2')_t4_min: 14773
	F16_('S3', 'E3')_t3_min: 3462
	F13_('E5', 'S5')_t5_max: 613
	F8_('E1', 'S1')_t3_min: 1
	F6_('E3', 'S3')_tb: 1
	F4_('S1', 'E1')_t5_max: 454
	F14_('E4', 'S4')_t4_max: 2912
	F2_('S5', 'E5')_tb: 15901
	F11_('E5', 'S5')_t4_max: 236
	F16_('E4', 'S4')_tb: 3347
	('S4', 'S3')_gcl_length: 66
	F14_('S5', 'E5')_t5_max: 3348
	F12_('S4', 'S5')_t5_max: 1523
	F15_('E5', 'S5')_t4_min: 749
	F6_('S3', 'S4')_t5_min: 140
	F10_('S2', 'E2')_t4_max: 3904
	F13_('S4', 'E4')_t3_max: 683
	F12_('E4', 'S4')_t5_min: 1346
	F12_('S5', 'E5')_t5_max: 1749
	F11_('S4', 'E4')_t5_max: 677
	F4_('S1', 'E1')_t3_max: 313
	F0_('S4', 'E4')_t5_max: 2617
	F9_('S2', 'S3')_t3_min: 14821
	F15_('S5', 'S4')_t5_max: 862
	F17_('E2', 'S2')_t4_min: 3278
	F19_('S3', 'S2')_tb: 15417
	F17_('S2', 'S3')_tb: 3428
	F5_('S2', 'E2')_tb: 7621
