0. Flow F0 [E4-->E3] with period 64000, payload 1180B, e2e delay 64000us, jitter 6400us
	('E4', 'S4'), Operation(34886, None, 34981)(34886, 34886)
	('S4', 'S3'), Operation(34983, 34988, 35083)(34988, 34988)
	('S3', 'E3'), Operation(35085, None, 35309)(35085, 35214)
1. Flow F1 [E4-->E3] with period 128000, payload 355B, e2e delay 128000us, jitter 12800us
	('E4', 'S4'), Operation(15938, None, 15967)(15938, 15938)
	('S4', 'S3'), Operation(15969, None, 16127)(15969, 16098)
	('S3', 'E3'), Operation(16000, None, 16287)(16000, 16258)
2. Flow F2 [E5-->E3] with period 64000, payload 377B, e2e delay 64000us, jitter 6400us
	('E5', 'S5'), Operation(35211, None, 35242)(35211, 35211)
	('S5', 'S4'), Operation(35244, None, 35404)(35244, 35373)
	('S4', 'S3'), Operation(35277, None, 35566)(35277, 35535)
	('S3', 'E3'), Operation(35310, None, 35728)(35310, 35697)
3. Flow F3 [E5-->E1] with period 8000, payload 97B, e2e delay 8000us, jitter 800us
	('E5', 'S5'), Operation(3788, None, 3796)(3788, 3788)
	('S5', 'S4'), Operation(3798, None, 3935)(3798, 3927)
	('S4', 'S3'), Operation(3808, 3942, 3950)(3942, 3942)
	('S3', 'S2'), Operation(3952, 3957, 3965)(3957, 3957)
	('S2', 'S1'), Operation(3967, 3972, 3980)(3972, 3972)
	('S1', 'E1'), Operation(3982, 3987, 3995)(3987, 3987)
4. Flow F4 [E2-->E3] with period 32000, payload 1121B, e2e delay 32000us, jitter 3200us
	('E2', 'S2'), Operation(1048, None, 1138)(1048, 1048)
	('S2', 'S3'), Operation(1140, None, 1359)(1140, 1269)
	('S3', 'E3'), Operation(1232, 1366, 1456)(1366, 1366)
5. Flow F5 [E5-->E4] with period 128000, payload 1286B, e2e delay 128000us, jitter 12800us
	('E5', 'S5'), Operation(123975, None, 124078)(123975, 123975)
	('S5', 'S4'), Operation(124080, None, 124312)(124080, 124209)
	('S4', 'E4'), Operation(124185, None, 124546)(124185, 124443)
6. Flow F6 [E3-->E4] with period 128000, payload 1048B, e2e delay 128000us, jitter 12800us
	('E3', 'S3'), Operation(39282, None, 39366)(39282, 39282)
	('S3', 'S4'), Operation(39368, 39373, 39457)(39373, 39373)
	('S4', 'E4'), Operation(39459, None, 39672)(39459, 39588)
7. Flow F7 [E3-->E2] with period 128000, payload 555B, e2e delay 128000us, jitter 12800us
	('E3', 'S3'), Operation(56017, None, 56062)(56017, 56017)
	('S3', 'S2'), Operation(56064, None, 56238)(56064, 56193)
	('S2', 'E2'), Operation(56111, 56245, 56290)(56245, 56245)
8. Flow F8 [E2-->E5] with period 64000, payload 1289B, e2e delay 64000us, jitter 6400us
	('E2', 'S2'), Operation(44121, None, 44225)(44121, 44121)
	('S2', 'S3'), Operation(44227, 44232, 44336)(44232, 44232)
	('S3', 'S4'), Operation(44338, 44343, 44447)(44343, 44343)
	('S4', 'S5'), Operation(44449, 44454, 44558)(44454, 44454)
	('S5', 'E5'), Operation(44560, None, 44793)(44560, 44689)
9. Flow F9 [E4-->E2] with period 32000, payload 699B, e2e delay 32000us, jitter 3200us
	('E4', 'S4'), Operation(29750, None, 29806)(29750, 29750)
	('S4', 'S3'), Operation(29808, None, 29993)(29808, 29937)
	('S3', 'S2'), Operation(29866, 30000, 30056)(30000, 30000)
	('S2', 'E2'), Operation(30058, None, 30243)(30058, 30187)
10. Flow F10 [E3-->E4] with period 128000, payload 1082B, e2e delay 128000us, jitter 12800us
	('E3', 'S3'), Operation(3635, None, 3722)(3635, 3635)
	('S3', 'S4'), Operation(3724, None, 3940)(3724, 3853)
	('S4', 'E4'), Operation(3813, 3947, 4034)(3947, 3947)
11. Flow F11 [E2-->E4] with period 4000, payload 508B, e2e delay 4000us, jitter 400us
	('E2', 'S2'), Operation(1317, None, 1358)(1317, 1317)
	('S2', 'S3'), Operation(1360, None, 1530)(1360, 1489)
	('S3', 'S4'), Operation(1403, 1537, 1578)(1537, 1537)
	('S4', 'E4'), Operation(1580, None, 1750)(1580, 1709)
12. Flow F12 [E5-->E3] with period 128000, payload 1244B, e2e delay 128000us, jitter 12800us
	('E5', 'S5'), Operation(56178, None, 56278)(56178, 56178)
	('S5', 'S4'), Operation(56280, None, 56509)(56280, 56409)
	('S4', 'S3'), Operation(56382, None, 56740)(56382, 56640)
	('S3', 'E3'), Operation(56484, None, 56971)(56484, 56871)
13. Flow F13 [E1-->E4] with period 2000, payload 204B, e2e delay 2000us, jitter 200us
	('E1', 'S1'), Operation(1074, None, 1091)(1074, 1074)
	('S1', 'S2'), Operation(1093, 1098, 1115)(1098, 1098)
	('S2', 'S3'), Operation(1117, 1122, 1139)(1122, 1122)
	('S3', 'S4'), Operation(1141, 1146, 1163)(1146, 1146)
	('S4', 'E4'), Operation(1165, None, 1311)(1165, 1294)
14. Flow F14 [E2-->E5] with period 32000, payload 1149B, e2e delay 32000us, jitter 3200us
	('E2', 'S2'), Operation(31263, None, 31355)(31263, 31263)
	('S2', 'S3'), Operation(31357, None, 31578)(31357, 31486)
	('S3', 'S4'), Operation(31451, 31585, 31677)(31585, 31585)
	('S4', 'S5'), Operation(31679, 31684, 31776)(31684, 31684)
	('S5', 'E5'), Operation(31778, None, 31999)(31778, 31907)
15. Flow F15 [E3-->E1] with period 8000, payload 113B, e2e delay 8000us, jitter 800us
	('E3', 'S3'), Operation(7163, None, 7173)(7163, 7163)
	('S3', 'S2'), Operation(7175, None, 7314)(7175, 7304)
	('S2', 'S1'), Operation(7187, None, 7455)(7187, 7445)
	('S1', 'E1'), Operation(7199, None, 7596)(7199, 7586)
16. Flow F16 [E3-->E4] with period 2000, payload 177B, e2e delay 2000us, jitter 200us
	('E3', 'S3'), Operation(1, None, 16)(1, 1)
	('S3', 'S4'), Operation(18, None, 162)(18, 147)
	('S4', 'E4'), Operation(35, 169, 184)(169, 169)
17. Flow F17 [E4-->E1] with period 2000, payload 481B, e2e delay 2000us, jitter 200us
	('E4', 'S4'), Operation(1526, None, 1565)(1526, 1526)
	('S4', 'S3'), Operation(1567, 1572, 1611)(1572, 1572)
	('S3', 'S2'), Operation(1613, 1618, 1657)(1618, 1618)
	('S2', 'S1'), Operation(1659, None, 1827)(1659, 1788)
	('S1', 'E1'), Operation(1700, 1834, 1873)(1834, 1834)
18. Flow F18 [E3-->E5] with period 8000, payload 916B, e2e delay 8000us, jitter 800us
	('E3', 'S3'), Operation(7088, None, 7162)(7088, 7088)
	('S3', 'S4'), Operation(7164, None, 7367)(7164, 7293)
	('S4', 'S5'), Operation(7240, None, 7572)(7240, 7498)
	('S5', 'E5'), Operation(7316, None, 7777)(7316, 7703)
19. Flow F19 [E1-->E2] with period 128000, payload 627B, e2e delay 128000us, jitter 12800us
	('E1', 'S1'), Operation(124859, None, 124910)(124859, 124859)
	('S1', 'S2'), Operation(124912, None, 125092)(124912, 125041)
	('S2', 'E2'), Operation(124965, None, 125274)(124965, 125223)
20. Flow F20 [E3-->E1] with period 32000, payload 994B, e2e delay 32000us, jitter 3200us
	('E3', 'S3'), Operation(30589, None, 30669)(30589, 30589)
	('S3', 'S2'), Operation(30671, 30676, 30756)(30676, 30676)
	('S2', 'S1'), Operation(30758, None, 30967)(30758, 30887)
	('S1', 'E1'), Operation(30840, None, 31178)(30840, 31098)
21. Flow F21 [E4-->E5] with period 32000, payload 818B, e2e delay 32000us, jitter 3200us
	('E4', 'S4'), Operation(1, None, 67)(1, 1)
	('S4', 'S5'), Operation(69, None, 264)(69, 198)
	('S5', 'E5'), Operation(137, None, 461)(137, 395)
22. Flow F22 [E4-->E5] with period 4000, payload 275B, e2e delay 4000us, jitter 400us
	('E4', 'S4'), Operation(741, None, 763)(741, 741)
	('S4', 'S5'), Operation(765, 770, 792)(770, 770)
	('S5', 'E5'), Operation(794, None, 945)(794, 923)
23. Flow F23 [E1-->E3] with period 4000, payload 686B, e2e delay 4000us, jitter 400us
	('E1', 'S1'), Operation(667, None, 722)(667, 667)
	('S1', 'S2'), Operation(724, None, 908)(724, 853)
	('S2', 'S3'), Operation(781, 915, 970)(915, 915)
	('S3', 'E3'), Operation(972, None, 1156)(972, 1101)
24. Flow F24 [E5-->E3] with period 2000, payload 759B, e2e delay 2000us, jitter 200us
	('E5', 'S5'), Operation(1486, None, 1547)(1486, 1486)
	('S5', 'S4'), Operation(1549, None, 1739)(1549, 1678)
	('S4', 'S3'), Operation(1612, 1746, 1807)(1746, 1746)
	('S3', 'E3'), Operation(1809, None, 1999)(1809, 1938)
25. Flow F25 [E2-->E5] with period 128000, payload 200B, e2e delay 128000us, jitter 12800us
	('E2', 'S2'), Operation(127077, None, 127093)(127077, 127077)
	('S2', 'S3'), Operation(127095, 127100, 127116)(127100, 127100)
	('S3', 'S4'), Operation(127118, 127123, 127139)(127123, 127123)
	('S4', 'S5'), Operation(127141, 127146, 127162)(127146, 127146)
	('S5', 'E5'), Operation(127164, None, 127309)(127164, 127293)
26. Flow F26 [E1-->E5] with period 64000, payload 988B, e2e delay 64000us, jitter 6400us
	('E1', 'S1'), Operation(402, None, 482)(402, 402)
	('S1', 'S2'), Operation(484, None, 693)(484, 613)
	('S2', 'S3'), Operation(566, 700, 780)(700, 700)
	('S3', 'S4'), Operation(782, None, 991)(782, 911)
	('S4', 'S5'), Operation(864, None, 1202)(864, 1122)
	('S5', 'E5'), Operation(946, None, 1413)(946, 1333)
27. Flow F27 [E3-->E5] with period 16000, payload 764B, e2e delay 16000us, jitter 1600us
	('E3', 'S3'), Operation(14526, None, 14588)(14526, 14526)
	('S3', 'S4'), Operation(14590, None, 14781)(14590, 14719)
	('S4', 'S5'), Operation(14654, 14788, 14850)(14788, 14788)
	('S5', 'E5'), Operation(14852, None, 15043)(14852, 14981)
28. Flow F28 [E2-->E1] with period 2000, payload 1476B, e2e delay 2000us, jitter 200us
	('E2', 'S2'), Operation(1, None, 120)(1, 1)
	('S2', 'S1'), Operation(122, 127, 246)(127, 127)
	('S1', 'E1'), Operation(248, None, 496)(248, 377)
29. Flow F29 [E1-->E5] with period 128000, payload 1233B, e2e delay 128000us, jitter 12800us
	('E1', 'S1'), Operation(13726, None, 13825)(13726, 13726)
	('S1', 'S2'), Operation(13827, None, 14055)(13827, 13956)
	('S2', 'S3'), Operation(13928, 14062, 14161)(14062, 14062)
	('S3', 'S4'), Operation(14163, None, 14391)(14163, 14292)
	('S4', 'S5'), Operation(14264, None, 14621)(14264, 14522)
	('S5', 'E5'), Operation(14365, None, 14851)(14365, 14752)

SMT variables: 
	F29_('S2', 'S3')_t4_min: 14062
	('S2', 'S3')_gcl_cycle: 128000
	F3_('S5', 'S4')_t5_min: 3806
	F1_('E4', 'S4')_t3_max: 15814
	F18_('E3', 'S3')_t5_max: 7162
	F5_('E5', 'S5')_gc: False
	F24_('S5', 'S4')_t4_max: 1678
	F20_('S2', 'S1')_t4_min: 30758
	F9_('E4', 'S4')_rr: 0
	F2_('S5', 'S4')_t4_max: 35373
	('S4', 'S3')_gcl_cycle: 64000
	F25_('S5', 'E5')_t3_max: 127169
	F1_('S4', 'S3')_gc: False
	F7_queue_index: 0
	F25_('S2', 'S3')_gc: True
	F29_('S2', 'S3')_rr: 1
	F12_('S4', 'S3')_t4_min: 56382
	F16_('E3', 'S3')_t3_max: -123
	F17_('S2', 'S1')_t4_min: 1659
	F2_('E5', 'S5')_rr: 0
	F2_('S5', 'S4')_gc: False
	F22_('S5', 'E5')_gc: False
	F10_('S3', 'S4')_rr: 0
	F29_('S3', 'S4')_t5_min: 14262
	F3_('S1', 'E1')_t4_min: 3987
	F15_('S2', 'S1')_rr: 0
	F27_('S3', 'S4')_t4_min: 14590
	F19_('S2', 'E2')_t4_min: 124965
	F26_('S2', 'S3')_t4_min: 700
	F28_('S2', 'S1')_t4_min: 127
	F0_('E4', 'S4')_rr: 0
	F22_queue_index: 0
	F23_('S2', 'S3')_t4_min: 915
	F5_('E5', 'S5')_tb: 123975
	F29_('S1', 'S2')_gc: False
	F0_('S4', 'S3')_t4_max: 34988
	F2_('S3', 'E3')_t5_min: 35341
	F20_('S1', 'E1')_rr: 0
	F14_('S5', 'E5')_rr: 0
	F7_('S3', 'S2')_gc: False
	F29_('S1', 'S2')_rr: 0
	F5_queue_index: 0
	F10_('S3', 'S4')_t4_min: 3724
	F9_('S3', 'S2')_t4_min: 30000
	F25_('S2', 'S3')_t4_min: 127100
	F24_('E5', 'S5')_t3_max: 1362
	F13_('S1', 'S2')_t5_min: 1115
	F1_('S4', 'S3')_rr: 0
	F25_('S3', 'S4')_t4_min: 127123
	F4_('S3', 'E3')_t4_min: 1366
	F15_('S3', 'S2')_t4_max: 7304
	F18_('S5', 'E5')_t4_min: 7316
	F29_('S4', 'S5')_t4_max: 14522
	F26_('E1', 'S1')_t3_min: 402
	F11_('S4', 'E4')_rr: 0
	F4_('S3', 'E3')_t3_max: 1366
	F25_('S5', 'E5')_gc: False
	F13_('S4', 'E4')_t4_min: 1165
	F22_('S5', 'E5')_t4_min: 794
	F8_('S2', 'S3')_t4_max: 44232
	F1_jitter: 258
	F13_jitter: 129
	F8_('E2', 'S2')_gc: False
	F13_('S3', 'S4')_t4_min: 1146
	F24_('S4', 'S3')_t4_max: 1746
	F9_('S2', 'E2')_tb: 30058
	F10_('S4', 'E4')_t4_max: 3947
	F15_jitter: 387
	F14_('E2', 'S2')_t3_max: 31139
	F29_('S2', 'S3')_gc: True
	F24_('S4', 'S3')_rr: 32
	F21_('S4', 'S5')_tb: 69
	F19_('E1', 'S1')_t3_max: 124735
	F14_('S2', 'S3')_gc: False
	F26_('E1', 'S1')_t3_max: 278
	F14_('S4', 'S5')_t3_max: 31684
	F28_('S1', 'E1')_t5_max: 496
	F6_queue_index: 0
	F8_('S5', 'E5')_t4_min: 44560
	F25_queue_index: 0
	F21_('S4', 'S5')_t4_min: 69
	F26_('S4', 'S5')_t4_max: 1122
	F10_('E3', 'S3')_rr: 0
	F27_('E3', 'S3')_gc: False
	F25_('S2', 'S3')_t4_max: 127100
	F11_('S2', 'S3')_rr: 0
	F18_('E3', 'S3')_rr: 0
	F21_('S5', 'E5')_t5_min: 203
	F21_('E4', 'S4')_t3_max: -123
	F16_('S3', 'S4')_t4_max: 147
	F22_('E4', 'S4')_rr: 0
	F10_('E3', 'S3')_gc: False
	('E2', 'S2')_gcl_cycle: 1
	F8_('S2', 'S3')_gc: True
	F18_('S3', 'S4')_t4_max: 7293
	F28_('S2', 'S1')_t4_max: 127
	F10_('S4', 'E4')_t3_min: 3813
	('S2', 'E2')_gcl_cycle: 128000
	F24_('S4', 'S3')_t4_min: 1746
	F10_('S4', 'E4')_rr: 1
	F16_('S4', 'E4')_gc: True
	F14_('S2', 'S3')_rr: 0
	F16_('S4', 'E4')_rr: 64
	F11_('S2', 'S3')_t4_max: 1489
	F6_('S3', 'S4')_gc: True
	F2_('S4', 'S3')_gc: False
	F11_('S2', 'S3')_t4_min: 1360
	F3_('E5', 'S5')_t4_min: 3788
	F1_('E4', 'S4')_t5_max: 15967
	F13_('S3', 'S4')_t5_min: 1163
	F6_('E3', 'S3')_t3_max: 39158
	F6_('S4', 'E4')_t3_max: 39464
	F10_('S4', 'E4')_gc: True
	F16_('S3', 'S4')_gc: False
	F23_('S2', 'S3')_rr: 32
	F14_('S4', 'S5')_gc: True
	F11_('S3', 'S4')_rr: 32
	F19_('E1', 'S1')_t4_min: 124859
	('S3', 'E3')_gcl_cycle: 32000
	F8_('S3', 'S4')_t5_max: 44447
	F28_('S2', 'S1')_gc: True
	F7_('E3', 'S3')_gc: False
	F1_('S4', 'S3')_t4_min: 15969
	F22_('E4', 'S4')_gc: False
	F20_('S3', 'S2')_t5_min: 30756
	F13_('S1', 'S2')_t4_min: 1098
	F14_('S5', 'E5')_gc: False
	F4_('S2', 'S3')_t4_max: 1269
	F9_('S3', 'S2')_t4_max: 30000
	F22_jitter: 129
	F24_('S5', 'S4')_t4_min: 1549
	F17_('E4', 'S4')_t4_min: 1526
	F29_('S5', 'E5')_rr: 0
	F17_('E4', 'S4')_rr: 0
	F25_('S3', 'S4')_rr: 1
	F8_('S5', 'E5')_gc: False
	F28_jitter: 129
	F5_('E5', 'S5')_t3_max: 123851
	F15_('S3', 'S2')_rr: 0
	F18_('S3', 'S4')_rr: 0
	F15_('S1', 'E1')_t4_min: 7199
	F8_('S4', 'S5')_t4_min: 44454
	F4_('E2', 'S2')_gc: False
	F3_('E5', 'S5')_rr: 0
	F16_('S3', 'S4')_rr: 0
	F2_('E5', 'S5')_gc: False
	F9_('E4', 'S4')_t5_max: 29806
	F7_('E3', 'S3')_t3_max: 55893
	F13_('E1', 'S1')_gc: False
	F3_('S2', 'S1')_rr: 1
	F15_('S1', 'E1')_rr: 0
	F21_('S4', 'S5')_t5_max: 264
	F3_('S1', 'E1')_gc: True
	F21_('S5', 'E5')_tb: 137
	F6_('S4', 'E4')_rr: 0
	F24_('E5', 'S5')_gc: False
	F5_('S5', 'S4')_t4_max: 124209
	F17_('S4', 'S3')_t4_max: 1572
	F6_('S4', 'E4')_gc: False
	F23_('S1', 'S2')_t4_min: 724
	F27_('S3', 'S4')_gc: False
	F17_('S1', 'E1')_t4_min: 1834
	F12_('S3', 'E3')_rr: 0
	F9_('S3', 'S2')_rr: 1
	F23_('S2', 'S3')_t4_max: 915
	F2_('S4', 'S3')_t4_min: 35277
	F18_('S5', 'E5')_rr: 0
	F13_('S3', 'S4')_rr: 64
	F0_('E4', 'S4')_t3_max: 34762
	F27_('E3', 'S3')_rr: 0
	F25_('E2', 'S2')_t3_max: 126953
	F25_('S2', 'S3')_t5_min: 127116
	F24_('S4', 'S3')_gc: True
	F18_('S4', 'S5')_t4_min: 7240
	F26_('E1', 'S1')_rr: 0
	F19_('S2', 'E2')_gc: False
	F9_('S2', 'E2')_t4_min: 30058
	F24_('S3', 'E3')_gc: False
	F26_('S3', 'S4')_t4_max: 911
	F4_('S3', 'E3')_t4_max: 1366
	F0_('S3', 'E3')_rr: 0
	F17_('S1', 'E1')_rr: 4
	F9_('E4', 'S4')_t4_max: 29750
	F17_('S3', 'S2')_t4_max: 1618
	F9_('S4', 'S3')_t4_max: 29937
	F14_('E2', 'S2')_gc: False
	F29_queue_index: 0
	F19_('S1', 'S2')_t4_max: 125041
	F29_('S3', 'S4')_gc: False
	F11_('S3', 'S4')_t3_max: 1537
	F22_('S4', 'S5')_t4_max: 770
	F29_('S4', 'S5')_rr: 0
	F27_('E3', 'S3')_t3_max: 14402
	F22_('S4', 'S5')_gc: True
	F9_('S4', 'S3')_gc: False
	F8_jitter: 129
	F2_('S3', 'E3')_rr: 0
	F17_('S4', 'S3')_rr: 32
	F23_queue_index: 0
	('E1', 'S1')_gcl_cycle: 1
	F26_('S3', 'S4')_rr: 0
	F24_('S5', 'S4')_t3_min: 1549
	F16_('E3', 'S3')_tb: 1
	F18_jitter: 387
	F8_('E2', 'S2')_t3_max: 43997
	F13_('S2', 'S3')_rr: 64
	F3_('S2', 'S1')_gc: True
	F11_('S3', 'S4')_gc: True
	F26_('S3', 'S4')_t4_min: 782
	('S1', 'S2')_gcl_cycle: 2000
	F11_('E2', 'S2')_gc: False
	F11_('S2', 'S3')_gc: False
	F8_('S2', 'S3')_rr: 2
	F28_('S2', 'S1')_tb: 127
	F15_('E3', 'S3')_tb: 7163
	F11_('S3', 'S4')_t5_min: 1578
	F11_('S3', 'S4')_t4_min: 1537
	F13_('S3', 'S4')_t4_max: 1146
	F25_('S4', 'S5')_rr: 1
	F7_('S3', 'S2')_t4_min: 56064
	F25_('S2', 'S3')_tb: 127100
	F8_('E2', 'S2')_t3_min: 44121
	F29_('E1', 'S1')_rr: 0
	F17_('S1', 'E1')_gc: True
	F17_('S4', 'S3')_gc: True
	F21_jitter: 258
	F6_('E3', 'S3')_t5_min: 39366
	F19_('E1', 'S1')_gc: False
	F25_('S4', 'S5')_t5_max: 127162
	F8_('S4', 'S5')_gc: True
	F22_('E4', 'S4')_t3_max: 617
	F16_('S3', 'S4')_t3_min: 18
	F20_('S1', 'E1')_t5_max: 31178
	F5_('S5', 'S4')_rr: 0
	F23_('S3', 'E3')_gc: False
	F14_('E2', 'S2')_rr: 0
	F23_('S1', 'S2')_gc: False
	F2_('S5', 'S4')_t4_min: 35244
	F25_('E2', 'S2')_tb: 127077
	F24_('S3', 'E3')_t4_min: 1809
	F29_('E1', 'S1')_gc: False
	F19_('S1', 'S2')_t4_min: 124912
	F25_('S2', 'S3')_rr: 1
	F11_queue_index: 0
	F28_('S1', 'E1')_gc: False
	F12_('S5', 'S4')_t4_min: 56280
	F21_('S4', 'S5')_gc: False
	F5_jitter: 258
	F14_('S3', 'S4')_t3_max: 31585
	('S3', 'S4')_gcl_length: 208
	F10_('E3', 'S3')_t3_max: 3511
	F28_('S1', 'E1')_t4_min: 248
	F9_('S3', 'S2')_gc: True
	F3_('S4', 'S3')_t4_min: 3942
	F19_('E1', 'S1')_t4_max: 124859
	F4_('S2', 'S3')_t4_min: 1140
	F19_queue_index: 0
	F23_('S2', 'S3')_gc: True
	F26_('S3', 'S4')_gc: False
	F15_queue_index: 0
	F0_('S3', 'E3')_t3_max: 35090
	F26_jitter: 387
	F29_('S3', 'S4')_t4_max: 14292
	F9_('S2', 'E2')_rr: 0
	F25_('S4', 'S5')_t4_min: 127146
	('S1', 'E1')_gcl_cycle: 8000
	F2_('S4', 'S3')_rr: 0
	F14_('S5', 'E5')_t4_min: 31778
	F23_('E1', 'S1')_gc: False
	F4_('S2', 'S3')_gc: False
	F1_('S3', 'E3')_t4_min: 16000
	F19_('S1', 'S2')_rr: 0
	F14_('S5', 'E5')_t3_max: 31783
	F26_('S5', 'E5')_t4_min: 946
	F24_('S4', 'S3')_t5_min: 1807
	F12_queue_index: 0
	F4_jitter: 0
	F20_queue_index: 0
	F3_('S4', 'S3')_gc: True
	F16_('S3', 'S4')_t4_min: 18
	F18_('S4', 'S5')_t4_max: 7498
	F25_('E2', 'S2')_rr: 0
	F2_('S5', 'S4')_rr: 0
	F18_('S5', 'E5')_gc: False
	F27_('S5', 'E5')_gc: False
	F19_('S1', 'S2')_gc: False
	F15_('S3', 'S2')_t4_min: 7175
	F20_jitter: 258
	F12_('S5', 'S4')_gc: False
	F3_('S5', 'S4')_rr: 0
	F10_jitter: 0
	F10_('S3', 'S4')_t4_max: 3853
	F14_('S3', 'S4')_rr: 4
	F14_queue_index: 0
	F26_('S5', 'E5')_gc: False
	F8_('S4', 'S5')_t4_max: 44454
	F19_('S2', 'E2')_rr: 0
	F1_('S3', 'E3')_gc: False
	F5_('S4', 'E4')_gc: False
	F0_jitter: 129
	F6_('S3', 'S4')_rr: 1
	F26_('S1', 'S2')_rr: 0
	F10_('S4', 'E4')_t4_min: 3947
	F12_('E5', 'S5')_gc: False
	F22_('E4', 'S4')_t4_min: 741
	F5_('E5', 'S5')_t5_min: 124078
	F26_('E1', 'S1')_gc: False
	F28_('S1', 'E1')_rr: 0
	F8_('S5', 'E5')_rr: 0
	F28_('E2', 'S2')_t4_max: 1
	F23_('E1', 'S1')_t3_max: 543
	F29_('S4', 'S5')_gc: False
	F11_('S4', 'E4')_gc: False
	F14_('S2', 'S3')_t4_min: 31357
	F4_('E2', 'S2')_t4_min: 1048
	F29_jitter: 387
	F23_('S1', 'S2')_rr: 0
	F20_('E3', 'S3')_t3_max: 30465
	F12_('E5', 'S5')_t5_max: 56278
	F25_('S4', 'S5')_gc: True
	F6_jitter: 129
	F13_('S2', 'S3')_tb: 1122
	F26_('S3', 'S4')_t3_max: 787
	F15_('E3', 'S3')_t3_max: 7039
	F18_queue_index: 0
	F11_('E2', 'S2')_rr: 0
	F29_('S1', 'S2')_t4_max: 13956
	F13_('S1', 'S2')_rr: 1
	F9_jitter: 129
	F29_('S1', 'S2')_t3_min: 13827
	F11_('S3', 'S4')_t4_max: 1537
	F3_queue_index: 0
	F9_('S2', 'E2')_gc: False
	F20_('S2', 'S1')_t4_max: 30887
	F17_('E4', 'S4')_t3_max: 1402
	F2_('S4', 'S3')_tb: 35277
	F6_('S3', 'S4')_t4_max: 39373
	F15_('S2', 'S1')_t4_min: 7187
	F8_('S3', 'S4')_t4_max: 44343
	F29_('S3', 'S4')_t4_min: 14163
	F17_('S4', 'S3')_tb: 1572
	F21_('E4', 'S4')_rr: 0
	F17_('S2', 'S1')_gc: False
	F0_queue_index: 0
	F17_('S2', 'S1')_t3_max: 1664
	F4_('E2', 'S2')_t3_max: 924
	F16_queue_index: 0
	F28_queue_index: 0
	F20_('S1', 'E1')_gc: False
	F8_('S2', 'S3')_t5_max: 44336
	F15_('S2', 'S1')_t4_max: 7445
	F19_('S1', 'S2')_tb: 124912
	F12_('S5', 'S4')_rr: 0
	F20_('S3', 'S2')_rr: 1
	F29_('S5', 'E5')_t4_min: 14365
	F1_('E4', 'S4')_gc: False
	F12_('S5', 'S4')_t4_max: 56409
	F16_('S3', 'S4')_t5_max: 162
	F5_('S4', 'E4')_rr: 0
	F12_('E5', 'S5')_rr: 0
	F16_('S4', 'E4')_t4_max: 169
	F7_('E3', 'S3')_rr: 0
	F20_('E3', 'S3')_t5_min: 30669
	F13_('E1', 'S1')_rr: 0
	F20_('S2', 'S1')_gc: False
	F12_('E5', 'S5')_t3_max: 56054
	F26_('S2', 'S3')_gc: True
	F14_('S4', 'S5')_t4_max: 31684
	F7_('S2', 'E2')_t4_min: 56245
	F22_('S4', 'S5')_t4_min: 770
	F25_('S4', 'S5')_t4_max: 127146
	F11_('S4', 'E4')_t5_max: 1750
	F26_('S5', 'E5')_rr: 0
	F13_('S4', 'E4')_t3_max: 1170
	F2_('S5', 'S4')_t3_min: 35244
	('E5', 'S5')_gcl_cycle: 1
	F13_('S2', 'S3')_t3_max: 1122
	F15_('E3', 'S3')_t5_min: 7173
	F26_('S3', 'S4')_tb: 782
	F9_('S2', 'E2')_t3_min: 30058
	F9_('S4', 'S3')_rr: 0
	F1_('S3', 'E3')_rr: 0
	('E3', 'S3')_gcl_cycle: 1
	F25_('E2', 'S2')_t3_min: 127077
	F25_('S5', 'E5')_t4_min: 127164
	F28_('S2', 'S1')_t3_min: 122
	F23_('S3', 'E3')_rr: 0
	F20_('S1', 'E1')_t4_min: 30840
	F24_jitter: 129
	F18_('E3', 'S3')_gc: False
	F26_('S4', 'S5')_rr: 0
	F15_('E3', 'S3')_rr: 0
	F9_('S4', 'S3')_t4_min: 29808
	F5_('S5', 'S4')_t4_min: 124080
	F26_('S4', 'S5')_t3_min: 864
	F6_('S3', 'S4')_t5_min: 39457
	F18_('S4', 'S5')_gc: False
	F20_('S3', 'S2')_t4_max: 30676
	F3_('E5', 'S5')_t3_max: 3664
	F8_('S4', 'S5')_tb: 44454
	F27_('S4', 'S5')_t4_min: 14788
	F7_jitter: 0
	F11_('E2', 'S2')_tb: 1317
	F2_queue_index: 0
	F24_('S3', 'E3')_tb: 1809
	F18_('S3', 'S4')_t4_min: 7164
	F26_('S5', 'E5')_tb: 946
	('S2', 'S1')_gcl_cycle: 8000
	F5_('S4', 'E4')_t4_min: 124185
	F23_('S1', 'S2')_t4_max: 853
	F13_('E1', 'S1')_t3_max: 950
	F12_('S3', 'E3')_gc: False
	F25_('S5', 'E5')_t3_min: 127164
	F27_('S4', 'S5')_t4_max: 14788
	F13_queue_index: 0
	F29_('S4', 'S5')_t4_min: 14264
	F13_('S3', 'S4')_gc: True
	F25_('S3', 'S4')_t4_max: 127123
	F3_('S3', 'S2')_rr: 4
	F8_('S4', 'S5')_rr: 2
	F11_jitter: 129
	F3_('S2', 'S1')_t4_min: 3972
	F17_('S3', 'S2')_gc: True
	F26_('S4', 'S5')_gc: False
	F27_('S3', 'S4')_t3_min: 14590
	F7_('S3', 'S2')_t4_max: 56193
	F26_('S2', 'S3')_rr: 2
	F17_('S2', 'S1')_t4_max: 1788
	F3_('E5', 'S5')_gc: False
	F12_('S4', 'S3')_gc: False
	F21_('S5', 'E5')_gc: False
	F14_('S3', 'S4')_t4_max: 31585
	F23_('S3', 'E3')_t5_max: 1156
	F16_('S4', 'E4')_t3_max: 169
	F27_jitter: 129
	F24_('S3', 'E3')_t5_min: 1870
	F11_('E2', 'S2')_t3_max: 1193
	F1_('S4', 'S3')_t4_max: 16098
	F25_jitter: 129
	F10_('S3', 'S4')_gc: False
	F24_('S3', 'E3')_rr: 0
	F21_queue_index: 0
	F13_('S4', 'E4')_gc: False
	F26_queue_index: 0
	F14_('S5', 'E5')_t5_max: 31999
	F15_('S1', 'E1')_t3_min: 7199
	F22_('E4', 'S4')_tb: 741
	F9_('E4', 'S4')_gc: False
	F3_('S5', 'S4')_gc: False
	F28_('E2', 'S2')_gc: False
	F3_('S5', 'S4')_t4_min: 3798
	F2_('S4', 'S3')_t4_max: 35535
	F4_queue_index: 0
	F1_('E4', 'S4')_rr: 0
	F17_('S4', 'S3')_t4_min: 1572
	F26_('S4', 'S5')_t4_min: 864
	F0_('S4', 'S3')_gc: True
	F16_('E3', 'S3')_gc: False
	F21_('S4', 'S5')_t4_max: 198
	F19_('E1', 'S1')_rr: 0
	F22_('S5', 'E5')_rr: 0
	F28_('S2', 'S1')_rr: 4
	F14_('S3', 'S4')_gc: True
	F17_('S2', 'S1')_t5_min: 1698
	F13_('S4', 'E4')_rr: 0
	F20_('E3', 'S3')_rr: 0
	F21_('S5', 'E5')_rr: 0
	F25_('S5', 'E5')_rr: 0
	F6_('E3', 'S3')_rr: 0
	F17_('S3', 'S2')_rr: 16
	F14_jitter: 129
	F13_('S2', 'S3')_t4_max: 1122
	F17_('E4', 'S4')_gc: False
	F15_('S2', 'S1')_gc: False
	F13_('S1', 'S2')_gc: True
	F14_('S3', 'S4')_t3_min: 31451
	F10_queue_index: 0
	F3_('S5', 'S4')_t5_max: 3935
	F1_('S4', 'S3')_t5_max: 16127
	F29_('S1', 'S2')_t4_min: 13827
	F3_('S4', 'S3')_t4_max: 3942
	F23_('E1', 'S1')_rr: 0
	F29_('S2', 'S3')_t4_max: 14062
	F4_('S3', 'E3')_gc: True
	F1_('E4', 'S4')_t5_min: 15967
	F27_('S5', 'E5')_rr: 0
	F23_('S3', 'E3')_t3_min: 972
	F20_('S3', 'S2')_gc: True
	F8_('S3', 'S4')_t4_min: 44343
	F27_('S4', 'S5')_t5_max: 14850
	F7_('S3', 'S2')_rr: 0
	F5_('S5', 'S4')_gc: False
	F14_('S4', 'S5')_t4_min: 31684
	F17_('S3', 'S2')_t5_max: 1657
	('E4', 'S4')_gcl_cycle: 1
	F25_('E2', 'S2')_gc: False
	F17_('S2', 'S1')_rr: 0
	('S4', 'S5')_gcl_cycle: 128000
	F22_('S5', 'E5')_tb: 794
	F23_('S3', 'E3')_t4_min: 972
	F14_('S4', 'S5')_rr: 4
	F27_('S3', 'S4')_rr: 0
	('S3', 'S4')_gcl_cycle: 128000
	F3_jitter: 0
	F27_queue_index: 0
	F26_('S1', 'S2')_gc: False
	('S5', 'S4')_gcl_cycle: 1
	F20_('E3', 'S3')_gc: False
	F21_('S5', 'E5')_t4_min: 137
	F7_('S2', 'E2')_rr: 1
	F2_('S3', 'E3')_t4_min: 35310
	F17_jitter: 0
	F12_('E5', 'S5')_t5_min: 56278
	F20_('E3', 'S3')_t5_max: 30669
	F0_('S4', 'S3')_rr: 1
	F29_('E1', 'S1')_t3_max: 13602
	F4_('S2', 'S3')_rr: 0
	F9_queue_index: 0
	F26_('S1', 'S2')_t4_min: 484
	F6_('E3', 'S3')_t4_min: 39282
	F11_('S4', 'E4')_t4_min: 1580
	F12_jitter: 387
	F13_('S2', 'S3')_gc: True
	F7_('S2', 'E2')_gc: True
	F17_queue_index: 0
	F0_('S3', 'E3')_gc: False
	F3_('S5', 'S4')_t4_max: 3927
	F22_('S4', 'S5')_rr: 32
	F6_('S4', 'E4')_t4_min: 39459
	F24_('S5', 'S4')_t5_min: 1610
	F14_('S3', 'S4')_t4_min: 31585
	F21_('E4', 'S4')_gc: False
	F8_queue_index: 0
	F24_('E5', 'S5')_rr: 0
	F3_('S3', 'S2')_gc: True
	F15_('S1', 'E1')_gc: False
	F29_('S5', 'E5')_gc: False
	F18_('E3', 'S3')_t3_max: 6964
	F20_('S3', 'S2')_t4_min: 30676
	F3_('S1', 'E1')_rr: 1
	F20_('S2', 'S1')_rr: 0
	F8_('S3', 'S4')_rr: 2
	F0_('E4', 'S4')_gc: False
	F14_('S2', 'S3')_t4_max: 31486
	F12_('S4', 'S3')_rr: 0
	('S3', 'S2')_gcl_cycle: 32000
	F24_('S5', 'S4')_rr: 0
	F25_('S3', 'S4')_gc: True
	F23_jitter: 129
	F15_('S3', 'S2')_gc: False
	F26_('S2', 'S3')_t4_max: 700
	F11_('E2', 'S2')_t4_max: 1317
	F10_('S4', 'E4')_t5_max: 4034
	F2_('E5', 'S5')_t3_max: 35087
	F18_('S4', 'S5')_rr: 0
	F29_('E1', 'S1')_t5_min: 13825
	F16_('S4', 'E4')_t4_min: 169
	('S5', 'E5')_gcl_cycle: 1
	F28_('E2', 'S2')_rr: 0
	F27_('S4', 'S5')_rr: 8
	F6_('E3', 'S3')_gc: False
	F21_('S4', 'S5')_rr: 0
	F1_queue_index: 0
	F13_('S2', 'S3')_t4_min: 1122
	F8_('E2', 'S2')_rr: 0
	F15_('S3', 'S2')_t5_min: 7185
	F2_('S3', 'E3')_gc: False
	F19_jitter: 258
	F2_jitter: 387
	F3_('S2', 'S1')_t4_max: 3972
	F5_('E5', 'S5')_rr: 0
	F14_('S2', 'S3')_t3_min: 31357
	F4_('S2', 'S3')_tb: 1140
	F3_('S3', 'S2')_t4_max: 3957
	F17_('S1', 'E1')_t5_min: 1873
	F0_('S3', 'E3')_t4_min: 35085
	F12_('S3', 'E3')_t4_min: 56484
	F17_('S2', 'S1')_t5_max: 1827
	F16_jitter: 0
	F3_('S3', 'S2')_t4_min: 3957
	F24_('S5', 'S4')_gc: False
	F0_('S4', 'S3')_t4_min: 34988
	F26_('S1', 'S2')_t4_max: 613
	F18_('S4', 'S5')_t5_min: 7314
	F20_('S1', 'E1')_t5_min: 30920
	F0_('S4', 'S3')_t5_min: 35083
	F5_('S4', 'E4')_t5_max: 124546
	F16_('E3', 'S3')_rr: 0
	F4_('S3', 'E3')_rr: 1
	F4_('E2', 'S2')_rr: 0
	F13_('S1', 'S2')_t4_max: 1098
	F17_('S3', 'S2')_t4_min: 1618
	F29_('S2', 'S3')_t5_min: 14161
	F18_('S3', 'S4')_gc: False
	F27_('S5', 'E5')_t4_min: 14852
	F8_('S2', 'S3')_t4_min: 44232
	F27_('S3', 'S4')_t4_max: 14719
	('S4', 'E4')_gcl_cycle: 128000
	F28_('E2', 'S2')_t3_max: -123
	F29_('S3', 'S4')_rr: 0
	F12_('S4', 'S3')_t4_max: 56640
	F25_('E2', 'S2')_t4_min: 127077
	F9_('E4', 'S4')_t3_max: 29626
	F6_('S3', 'S4')_t4_min: 39373
	F24_queue_index: 0
	F3_('S4', 'S3')_rr: 8
	F27_('S4', 'S5')_gc: True
	F15_('E3', 'S3')_gc: False
	F10_('S3', 'S4')_tb: 3724
	F8_('S3', 'S4')_gc: True
	F27_('S5', 'E5')_t5_min: 14914
	('S4', 'S3')_gcl_length: 146
	F22_('S5', 'E5')_t3_max: 799
	F1_('S4', 'S3')_t3_max: 15974
	F12_('S5', 'S4')_t3_max: 56285
	F27_('S3', 'S4')_t3_max: 14595
	F5_('S5', 'S4')_t3_max: 124085
	F19_('S1', 'S2')_t3_max: 124917
	F20_('S3', 'S2')_t3_max: 30676
	F9_('S4', 'S3')_t3_max: 29813
	F26_('S1', 'S2')_t3_max: 489
	F16_('S3', 'S4')_t3_max: 23
	F3_('S5', 'S4')_t3_max: 3803
	F22_('S4', 'S5')_t3_max: 770
	F6_('S3', 'S4')_t3_max: 39373
	F7_('S3', 'S2')_t3_max: 56069
	F4_('S2', 'S3')_t3_max: 1145
	F15_('S3', 'S2')_t3_max: 7180
	F25_('S2', 'S3')_t3_max: 127100
	F21_('S4', 'S5')_t3_max: 74
	F29_('S1', 'S2')_t3_max: 13832
	F28_('S2', 'S1')_t3_max: 127
	F0_('S4', 'S3')_t3_max: 34988
	F13_('S1', 'S2')_t3_max: 1098
	F24_('S5', 'S4')_t3_max: 1554
	F18_('S3', 'S4')_t3_max: 7169
	F23_('S1', 'S2')_t3_max: 729
	F8_('S2', 'S3')_t3_max: 44232
	F17_('S4', 'S3')_t3_max: 1572
	F14_('S2', 'S3')_t3_max: 31362
	F10_('S3', 'S4')_t3_max: 3729
	F11_('S2', 'S3')_t3_max: 1365
	F2_('S5', 'S4')_t3_max: 35249
	F1_('S4', 'S3')_t5_min: 15998
	F23_('S3', 'E3')_t4_max: 1101
	F3_('S4', 'S3')_tb: 3942
	F24_('E5', 'S5')_t5_max: 1547
	F14_('S5', 'E5')_t5_min: 31870
	F13_('S2', 'S3')_t3_min: 1117
	F21_('S5', 'E5')_t5_max: 461
	F25_('S4', 'S5')_tb: 127146
	F23_('E1', 'S1')_t3_min: 667
	F23_('E1', 'S1')_t5_max: 722
	F23_('S3', 'E3')_tb: 972
	F14_('S2', 'S3')_tb: 31357
	F29_('S4', 'S5')_t3_max: 14398
	F23_('S3', 'E3')_t5_min: 1027
	F22_('S4', 'S5')_t3_min: 765
	F25_('S5', 'E5')_t5_max: 127309
	F22_('S5', 'E5')_t4_max: 923
	F20_('E3', 'S3')_t4_min: 30589
	F28_('S1', 'E1')_t4_max: 377
	F17_('E4', 'S4')_t5_min: 1565
	F26_('E1', 'S1')_t4_min: 402
	F13_('S4', 'E4')_t5_max: 1311
	F13_('S3', 'S4')_tb: 1146
	F8_('S3', 'S4')_t3_min: 44338
	F9_('S3', 'S2')_t3_min: 29866
	F16_('S3', 'S4')_t5_min: 33
	F3_('S1', 'E1')_tb: 3987
	F27_('S3', 'S4')_t5_min: 14652
	F3_('S5', 'S4')_tb: 3798
	F26_('S4', 'S5')_t3_max: 998
	F3_('S1', 'E1')_t3_max: 3987
	F25_('E2', 'S2')_t5_min: 127093
	F14_('E2', 'S2')_t5_min: 31355
	F1_('S3', 'E3')_t3_max: 16134
	F20_('S3', 'S2')_tb: 30676
	F24_('S5', 'S4')_tb: 1549
	F9_('E4', 'S4')_t3_min: 29750
	F13_('S4', 'E4')_tb: 1165
	F8_('S5', 'E5')_t4_max: 44689
	F28_('E2', 'S2')_tb: 1
	F14_('S5', 'E5')_tb: 31778
	F19_('S2', 'E2')_t5_min: 125016
	F15_('S3', 'S2')_t5_max: 7314
	F8_('S4', 'S5')_t5_max: 44558
	F0_('S3', 'E3')_t3_min: 35085
	F14_('S4', 'S5')_t5_min: 31776
	F29_('S5', 'E5')_t4_max: 14752
	F15_('S2', 'S1')_t3_max: 7321
	F14_('S4', 'S5')_t5_max: 31776
	F14_('S4', 'S5')_tb: 31684
	F5_('E5', 'S5')_t4_min: 123975
	F20_('S1', 'E1')_tb: 30840
	F28_('S2', 'S1')_t5_min: 246
	F21_('E4', 'S4')_t3_min: 1
	F5_('E5', 'S5')_t4_max: 123975
	('S5', 'E5')_gcl_length: 0
	F17_('S4', 'S3')_t3_min: 1567
	F14_('E2', 'S2')_t4_min: 31263
	F20_('S1', 'E1')_t4_max: 31098
	F6_('E3', 'S3')_t3_min: 39282
	F27_('S5', 'E5')_t3_min: 14852
	F25_('S3', 'S4')_t3_min: 127118
	F24_('S3', 'E3')_t5_max: 1999
	F3_('S3', 'S2')_t5_min: 3965
	F10_('E3', 'S3')_t5_min: 3722
	F14_('S2', 'S3')_t5_min: 31449
	F8_('S4', 'S5')_t5_min: 44558
	F16_('E3', 'S3')_t3_min: 1
	F29_('S2', 'S3')_t5_max: 14161
	('S1', 'S2')_gcl_length: 2
	('S1', 'E1')_gcl_length: 10
	F9_('E4', 'S4')_tb: 29750
	F14_('S5', 'E5')_t4_max: 31907
	F21_('E4', 'S4')_t4_min: 1
	F7_('S3', 'S2')_t3_min: 56064
	F10_('E3', 'S3')_t3_min: 3635
	F20_('E3', 'S3')_t3_min: 30589
	F3_('S4', 'S3')_t3_min: 3808
	F20_('S3', 'S2')_t3_min: 30671
	F3_('E5', 'S5')_t3_min: 3788
	F7_('S2', 'E2')_t4_max: 56245
	F18_('E3', 'S3')_t4_max: 7088
	F23_('S2', 'S3')_t3_min: 781
	F11_('S3', 'S4')_tb: 1537
	F16_('S4', 'E4')_t5_min: 184
	F1_('E4', 'S4')_t3_min: 15938
	F3_('E5', 'S5')_t5_min: 3796
	F29_('S3', 'S4')_t3_min: 14163
	F18_('S3', 'S4')_t5_max: 7367
	F25_('S3', 'S4')_t3_max: 127123
	F12_('S4', 'S3')_t3_max: 56516
	F0_('S3', 'E3')_t5_min: 35180
	F17_('S2', 'S1')_tb: 1659
	F8_('S5', 'E5')_t5_max: 44793
	F15_('E3', 'S3')_t4_min: 7163
	F28_('E2', 'S2')_t5_max: 120
	F26_('S2', 'S3')_t3_max: 700
	F14_('S3', 'S4')_t5_min: 31677
	F8_('S5', 'E5')_t5_min: 44664
	F26_('S3', 'S4')_t3_min: 782
	F17_('E4', 'S4')_t5_max: 1565
	F15_('S2', 'S1')_t3_min: 7187
	F7_('E3', 'S3')_t5_max: 56062
	F2_('S5', 'S4')_t5_max: 35404
	F7_('S3', 'S2')_t5_min: 56109
	F12_('S3', 'E3')_t3_min: 56484
	F11_('E2', 'S2')_t4_min: 1317
	F20_('E3', 'S3')_tb: 30589
	F16_('S4', 'E4')_t3_min: 35
	F23_('S2', 'S3')_t5_max: 970
	F2_('E5', 'S5')_t5_max: 35242
	F23_('S2', 'S3')_t3_max: 915
	F19_('S1', 'S2')_t5_max: 125092
	F16_('E3', 'S3')_t5_max: 16
	F13_('E1', 'S1')_t5_max: 1091
	F2_('S4', 'S3')_t5_max: 35566
	F10_('S4', 'E4')_tb: 3947
	F0_('E4', 'S4')_t4_max: 34886
	F11_('S4', 'E4')_tb: 1580
	F13_('S1', 'S2')_tb: 1098
	('S2', 'S3')_gcl_length: 204
	F5_('S5', 'S4')_t5_max: 124312
	F23_('E1', 'S1')_t5_min: 722
	F24_('S4', 'S3')_tb: 1746
	F20_('S2', 'S1')_t5_min: 30838
	F4_('S2', 'S3')_t5_min: 1230
	F18_('S5', 'E5')_t3_min: 7316
	F13_('E1', 'S1')_t4_max: 1074
	F9_('S4', 'S3')_t5_min: 29864
	F29_('S4', 'S5')_t5_max: 14621
	F18_('S5', 'E5')_tb: 7316
	F17_('S1', 'E1')_tb: 1834
	F18_('E3', 'S3')_tb: 7088
	F8_('E2', 'S2')_t4_max: 44121
	F1_('S4', 'S3')_t3_min: 15969
	F22_('E4', 'S4')_t5_max: 763
	F12_('S4', 'S3')_t3_min: 56382
	F9_('E4', 'S4')_t4_min: 29750
	F3_('S1', 'E1')_t4_max: 3987
	F7_('S3', 'S2')_t5_max: 56238
	F8_('S4', 'S5')_t3_min: 44449
	F0_('S4', 'S3')_t3_min: 34983
	F0_('S3', 'E3')_tb: 35085
	F18_('S5', 'E5')_t4_max: 7703
	F26_('S5', 'E5')_t4_max: 1333
	F2_('S3', 'E3')_t3_min: 35310
	F15_('S2', 'S1')_tb: 7187
	F7_('S2', 'E2')_t3_min: 56111
	F2_('S5', 'S4')_tb: 35244
	F26_('S5', 'E5')_t3_min: 946
	F29_('S4', 'S5')_t3_min: 14264
	F6_('S4', 'E4')_t4_max: 39588
	F15_('E3', 'S3')_t3_min: 7163
	('S2', 'S1')_gcl_length: 10
	F15_('S3', 'S2')_tb: 7175
	F4_('S3', 'E3')_tb: 1366
	F6_('E3', 'S3')_t5_max: 39366
	F29_('S3', 'S4')_tb: 14163
	F3_('S3', 'S2')_t5_max: 3965
	F0_('E4', 'S4')_t3_min: 34886
	F29_('S1', 'S2')_t5_max: 14055
	F26_('E1', 'S1')_t5_max: 482
	F3_('E5', 'S5')_t4_max: 3788
	F22_('E4', 'S4')_t5_min: 763
	F8_('S2', 'S3')_t5_min: 44336
	F17_('S4', 'S3')_t5_max: 1611
	F9_('S2', 'E2')_t5_max: 30243
	F27_('E3', 'S3')_t5_max: 14588
	F22_('S4', 'S5')_t5_max: 792
	F17_('S3', 'S2')_t3_max: 1618
	F12_('S3', 'E3')_t5_min: 56584
	F6_('S4', 'E4')_t5_min: 39543
	F14_('E2', 'S2')_t4_max: 31263
	F17_('S4', 'S3')_t5_min: 1611
	F10_('S3', 'S4')_t5_min: 3811
	F3_('S1', 'E1')_t5_max: 3995
	F13_('S3', 'S4')_t5_max: 1163
	F4_('E2', 'S2')_tb: 1048
	('S3', 'E3')_gcl_length: 2
	F25_('S3', 'S4')_t5_min: 127139
	F24_('S4', 'S3')_t3_min: 1612
	F11_('S2', 'S3')_tb: 1360
	F3_('E5', 'S5')_tb: 3788
	F22_('S5', 'E5')_t3_min: 794
	F13_('S1', 'S2')_t3_min: 1093
	F8_('S5', 'E5')_t3_max: 44565
	F28_('S1', 'E1')_t3_max: 253
	F20_('E3', 'S3')_t4_max: 30589
	F14_('S2', 'S3')_t5_max: 31578
	F15_('S2', 'S1')_t5_min: 7197
	F3_('S4', 'S3')_t5_min: 3950
	F13_('E1', 'S1')_t3_min: 1074
	F7_('S2', 'E2')_t3_max: 56245
	F16_('E3', 'S3')_t5_min: 16
	F4_('S3', 'E3')_t5_min: 1456
	F2_('E5', 'S5')_tb: 35211
	F3_('S1', 'E1')_t5_min: 3995
	('E2', 'S2')_gcl_length: 0
	F29_('E1', 'S1')_t5_max: 13825
	F10_('S3', 'S4')_t5_max: 3940
	F4_('S2', 'S3')_t5_max: 1359
	F27_('S4', 'S5')_t3_max: 14788
	F1_('E4', 'S4')_t4_max: 15938
	F29_('S1', 'S2')_tb: 13827
	F15_('S3', 'S2')_t3_min: 7175
	F18_('S3', 'S4')_tb: 7164
	F22_('S5', 'E5')_t5_min: 816
	F28_('S1', 'E1')_tb: 248
	F13_('S3', 'S4')_t3_max: 1146
	F8_('S5', 'E5')_t3_min: 44560
	F29_('S1', 'S2')_t5_min: 13926
	F20_('S2', 'S1')_tb: 30758
	F17_('E4', 'S4')_t3_min: 1526
	F29_('S2', 'S3')_t3_max: 14062
	F21_('S4', 'S5')_t5_min: 135
	F2_('E5', 'S5')_t5_min: 35242
	F21_('S5', 'E5')_t3_min: 137
	('S4', 'S5')_gcl_length: 94
	F27_('S3', 'S4')_tb: 14590
	F3_('S3', 'S2')_t3_max: 3957
	F3_('S3', 'S2')_tb: 3957
	F28_('S1', 'E1')_t5_min: 367
	F13_('S2', 'S3')_t5_min: 1139
	F2_('E5', 'S5')_t4_max: 35211
	F26_('S4', 'S5')_t5_min: 944
	F26_('S2', 'S3')_t3_min: 566
	F25_('S2', 'S3')_t3_min: 127095
	F5_('E5', 'S5')_t5_max: 124078
	F26_('S2', 'S3')_t5_max: 780
	F5_('S4', 'E4')_t4_max: 124443
	F12_('E5', 'S5')_t3_min: 56178
	F13_('S4', 'E4')_t5_min: 1182
	F26_('S5', 'E5')_t5_max: 1413
	F2_('S3', 'E3')_t3_max: 35573
	F3_('S3', 'S2')_t3_min: 3952
	F3_('S2', 'S1')_tb: 3972
	F9_('E4', 'S4')_t5_min: 29806
	F24_('E5', 'S5')_t3_min: 1486
	F12_('S5', 'S4')_t5_max: 56509
	F11_('E2', 'S2')_t5_min: 1358
	F2_('S4', 'S3')_t3_min: 35277
	F21_('E4', 'S4')_t5_max: 67
	F12_('S4', 'S3')_t5_max: 56740
	F26_('S3', 'S4')_t5_max: 991
	F15_('E3', 'S3')_t4_max: 7163
	F22_('S4', 'S5')_t5_min: 792
	F9_('S4', 'S3')_tb: 29808
	F18_('E3', 'S3')_t5_min: 7162
	F9_('S4', 'S3')_t5_max: 29993
	F9_('S4', 'S3')_t3_min: 29808
	F22_('E4', 'S4')_t3_min: 741
	F2_('E5', 'S5')_t3_min: 35211
	F1_('S3', 'E3')_t3_min: 16000
	F8_('S5', 'E5')_tb: 44560
	F24_('S3', 'E3')_t3_max: 1814
	F17_('S1', 'E1')_t5_max: 1873
	F15_('E3', 'S3')_t5_max: 7173
	F10_('E3', 'S3')_t4_max: 3635
	F14_('S4', 'S5')_t3_min: 31679
	F0_('E4', 'S4')_t4_min: 34886
	F20_('S3', 'S2')_t5_max: 30756
	F29_('E1', 'S1')_t4_min: 13726
	F24_('E5', 'S5')_t4_max: 1486
	F11_('S3', 'S4')_t3_min: 1403
	('E4', 'S4')_gcl_length: 0
	F11_('S4', 'E4')_t4_max: 1709
	F27_('S4', 'S5')_t5_min: 14850
	('S2', 'E2')_gcl_length: 2
	F26_('S3', 'S4')_t5_min: 862
	F25_('S4', 'S5')_t5_min: 127162
	F17_('S1', 'E1')_t3_min: 1700
	F10_('E3', 'S3')_t4_min: 3635
	F17_('S3', 'S2')_t5_min: 1657
	F12_('S5', 'S4')_t5_min: 56380
	F12_('S3', 'E3')_tb: 56484
	F15_('S1', 'E1')_tb: 7199
	F13_('S4', 'E4')_t4_max: 1294
	F6_('S4', 'E4')_t5_max: 39672
	F8_('S2', 'S3')_tb: 44232
	F8_('S2', 'S3')_t3_min: 44227
	F5_('S4', 'E4')_tb: 124185
	F29_('S5', 'E5')_t3_max: 14628
	F16_('S4', 'E4')_t5_max: 184
	F26_('E1', 'S1')_t5_min: 482
	F22_('S4', 'S5')_tb: 770
	F10_('E3', 'S3')_tb: 3635
	F26_('S5', 'E5')_t5_min: 1026
	F25_('S3', 'S4')_t5_max: 127139
	F21_('S4', 'S5')_t3_min: 69
	F13_('S4', 'E4')_t3_min: 1165
	F23_('S1', 'S2')_t3_min: 724
	F27_('S3', 'S4')_t5_max: 14781
	F19_('S2', 'E2')_t5_max: 125274
	F0_('E4', 'S4')_tb: 34886
	F19_('E1', 'S1')_tb: 124859
	F6_('S3', 'S4')_tb: 39373
	('E1', 'S1')_gcl_length: 0
	F23_('E1', 'S1')_tb: 667
	F16_('E3', 'S3')_t4_min: 1
	F28_('E2', 'S2')_t4_min: 1
	F18_('S5', 'E5')_t5_min: 7390
	F11_('S2', 'S3')_t3_min: 1360
	F3_('S2', 'S1')_t5_max: 3980
	F25_('E2', 'S2')_t5_max: 127093
	F19_('S2', 'E2')_tb: 124965
	F4_('E2', 'S2')_t5_min: 1138
	F28_('S2', 'S1')_t5_max: 246
	F0_('S4', 'S3')_tb: 34988
	F11_('S2', 'S3')_t5_min: 1401
	F18_('S3', 'S4')_t5_min: 7238
	F4_('E2', 'S2')_t5_max: 1138
	F27_('E3', 'S3')_tb: 14526
	F8_('E2', 'S2')_t5_max: 44225
	F21_('S5', 'E5')_t3_max: 271
	F24_('E5', 'S5')_tb: 1486
	F17_('E4', 'S4')_t4_max: 1526
	F3_('S4', 'S3')_t5_max: 3950
	F18_('S5', 'E5')_t3_max: 7579
	F10_('E3', 'S3')_t5_max: 3722
	F28_('E2', 'S2')_t5_min: 120
	F13_('S2', 'S3')_t5_max: 1139
	F17_('S3', 'S2')_tb: 1618
	F25_('S4', 'S5')_t3_min: 127141
	F18_('S4', 'S5')_tb: 7240
	F21_('S5', 'E5')_t4_max: 395
	F5_('S4', 'E4')_t5_min: 124288
	F2_('S3', 'E3')_tb: 35310
	F15_('S1', 'E1')_t4_max: 7586
	F10_('S4', 'E4')_t3_max: 3947
	F9_('S3', 'S2')_t5_min: 30056
	F8_('S3', 'S4')_t3_max: 44343
	F26_('S5', 'E5')_t3_max: 1209
	F23_('S1', 'S2')_tb: 724
	F2_('E5', 'S5')_t4_min: 35211
	F22_('E4', 'S4')_t4_max: 741
	F4_('S3', 'E3')_t5_max: 1456
	F29_('S2', 'S3')_tb: 14062
	F25_('S4', 'S5')_t3_max: 127146
	F26_('S2', 'S3')_t5_min: 780
	F7_('S2', 'E2')_t5_min: 56290
	F20_('S1', 'E1')_t3_max: 30974
	F7_('E3', 'S3')_tb: 56017
	F25_('S3', 'S4')_tb: 127123
	F29_('S4', 'S5')_t5_min: 14363
	F20_('S1', 'E1')_t3_min: 30840
	F17_('S2', 'S1')_t3_min: 1659
	F3_('S4', 'S3')_t3_max: 3942
	F1_('E4', 'S4')_tb: 15938
	F16_('S3', 'S4')_tb: 18
	F5_('S5', 'S4')_tb: 124080
	F17_('E4', 'S4')_tb: 1526
	F19_('S1', 'S2')_t3_min: 124912
	F6_('S4', 'E4')_tb: 39459
	F5_('E5', 'S5')_t3_min: 123975
	F27_('S5', 'E5')_t4_max: 14981
	F20_('S2', 'S1')_t5_max: 30967
	F9_('S3', 'S2')_t5_max: 30056
	F9_('S2', 'E2')_t5_min: 30114
	F27_('S5', 'E5')_tb: 14852
	F26_('E1', 'S1')_tb: 402
	F27_('E3', 'S3')_t3_min: 14526
	F18_('E3', 'S3')_t3_min: 7088
	F29_('S3', 'S4')_t3_max: 14168
	F15_('S1', 'E1')_t5_min: 7209
	F23_('S1', 'S2')_t5_max: 908
	F14_('E2', 'S2')_t3_min: 31263
	F24_('S4', 'S3')_t3_max: 1746
	F16_('E3', 'S3')_t4_max: 1
	F29_('S5', 'E5')_t3_min: 14365
	F4_('E2', 'S2')_t4_max: 1048
	F27_('E3', 'S3')_t4_max: 14526
	F12_('E5', 'S5')_t4_max: 56178
	F10_('S3', 'S4')_t3_min: 3724
	F26_('S1', 'S2')_t3_min: 484
	F22_('S5', 'E5')_t5_max: 945
	F21_('E4', 'S4')_t4_max: 1
	F17_('S1', 'E1')_t3_max: 1834
	F15_('S1', 'E1')_t3_max: 7462
	F8_('E2', 'S2')_t4_min: 44121
	F13_('E1', 'S1')_t5_min: 1091
	F9_('S2', 'E2')_t4_max: 30187
	F7_('E3', 'S3')_t4_max: 56017
	F5_('S5', 'S4')_t5_min: 124183
	F2_('S3', 'E3')_t4_max: 35697
	F1_('S3', 'E3')_t5_min: 16029
	F2_('S4', 'S3')_t5_min: 35308
	F11_('S4', 'E4')_t3_min: 1580
	F4_('E2', 'S2')_t3_min: 1048
	F9_('S3', 'S2')_tb: 30000
	F15_('S1', 'E1')_t5_max: 7596
	F29_('S4', 'S5')_tb: 14264
	F5_('S4', 'E4')_t3_max: 124319
	F26_('S1', 'S2')_t5_max: 693
	F2_('S3', 'E3')_t5_max: 35728
	F6_('S3', 'S4')_t5_max: 39457
	F2_('S5', 'S4')_t5_min: 35275
	F12_('S3', 'E3')_t3_max: 56747
	F29_('E1', 'S1')_tb: 13726
	F28_('S1', 'E1')_t3_min: 248
	F12_('E5', 'S5')_t4_min: 56178
	F8_('S3', 'S4')_t5_min: 44447
	('S4', 'E4')_gcl_length: 130
	F29_('S5', 'E5')_t5_max: 14851
	F23_('E1', 'S1')_t4_min: 667
	F1_('S4', 'S3')_tb: 15969
	F0_('E4', 'S4')_t5_min: 34981
	F29_('S3', 'S4')_t5_max: 14391
	F29_('S2', 'S3')_t3_min: 13928
	F14_('E2', 'S2')_t5_max: 31355
	F11_('S4', 'E4')_t5_min: 1621
	F9_('S2', 'E2')_t3_max: 30063
	F3_('S2', 'S1')_t5_min: 3980
	F26_('S4', 'S5')_t5_max: 1202
	('S3', 'S2')_gcl_length: 44
	F26_('S1', 'S2')_t5_min: 564
	F5_('S4', 'E4')_t3_min: 124185
	F27_('S4', 'S5')_t3_min: 14654
	F17_('S3', 'S2')_t3_min: 1613
	F18_('E3', 'S3')_t4_min: 7088
	F7_('E3', 'S3')_t5_min: 56062
	F19_('S1', 'S2')_t5_min: 124963
	F23_('S1', 'S2')_t5_min: 779
	F16_('S4', 'E4')_tb: 169
	F18_('S4', 'S5')_t3_max: 7374
	F6_('S3', 'S4')_t3_min: 39368
	F15_('S2', 'S1')_t5_max: 7455
	F27_('S5', 'E5')_t3_max: 14857
	F12_('E5', 'S5')_tb: 56178
	F24_('S5', 'S4')_t5_max: 1739
	F25_('S5', 'E5')_tb: 127164
	F13_('E1', 'S1')_t4_min: 1074
	('E5', 'S5')_gcl_length: 0
	F3_('S2', 'S1')_t3_min: 3967
	F21_('E4', 'S4')_tb: 1
	F1_('S3', 'E3')_t4_max: 16258
	F14_('S3', 'S4')_t5_max: 31677
	F13_('S3', 'S4')_t3_min: 1141
	F5_('S5', 'S4')_t3_min: 124080
	F18_('S4', 'S5')_t5_max: 7572
	F14_('E2', 'S2')_tb: 31263
	F27_('E3', 'S3')_t4_min: 14526
	F9_('S3', 'S2')_t3_max: 30000
	F4_('S3', 'E3')_t3_min: 1232
	('E3', 'S3')_gcl_length: 0
	F11_('E2', 'S2')_t3_min: 1317
	F18_('S5', 'E5')_t5_max: 7777
	F0_('S4', 'S3')_t5_max: 35083
	F12_('S3', 'E3')_t5_max: 56971
	F24_('S3', 'E3')_t4_max: 1938
	F19_('E1', 'S1')_t5_max: 124910
	F23_('S3', 'E3')_t3_max: 977
	F11_('E2', 'S2')_t5_max: 1358
	F25_('S2', 'S3')_t5_max: 127116
	F29_('E1', 'S1')_t4_max: 13726
	F7_('E3', 'S3')_t3_min: 56017
	F23_('S2', 'S3')_tb: 915
	F8_('S3', 'S4')_tb: 44343
	F12_('S5', 'S4')_t3_min: 56280
	F8_('E2', 'S2')_t5_min: 44225
	F1_('S3', 'E3')_tb: 16000
	F12_('S4', 'S3')_t5_min: 56482
	F25_('S5', 'E5')_t4_max: 127293
	F0_('S3', 'E3')_t5_max: 35309
	F11_('S3', 'S4')_t5_max: 1578
	F7_('S2', 'E2')_t5_max: 56290
	F3_('S1', 'E1')_t3_min: 3982
	F19_('E1', 'S1')_t5_min: 124910
	F27_('S5', 'E5')_t5_max: 15043
	F23_('S2', 'S3')_t5_min: 970
	F14_('S5', 'E5')_t3_min: 31778
	F7_('E3', 'S3')_t4_min: 56017
	('S5', 'S4')_gcl_length: 0
	F8_('S4', 'S5')_t3_max: 44454
	F8_('E2', 'S2')_tb: 44121
	F29_('S5', 'E5')_tb: 14365
	F27_('E3', 'S3')_t5_min: 14588
	F25_('E2', 'S2')_t4_max: 127077
	F24_('S4', 'S3')_t5_max: 1807
	F0_('S3', 'E3')_t4_max: 35214
	F24_('E5', 'S5')_t5_min: 1547
	F19_('S2', 'E2')_t4_max: 125223
	F11_('S4', 'E4')_t3_max: 1585
	F4_('S2', 'S3')_t3_min: 1140
	F6_('E3', 'S3')_t4_max: 39282
	F10_('S4', 'E4')_t5_min: 4034
	F2_('S4', 'S3')_t3_max: 35411
	F18_('S4', 'S5')_t3_min: 7240
	F3_('E5', 'S5')_t5_max: 3796
	F13_('E1', 'S1')_tb: 1074
	F12_('S4', 'S3')_tb: 56382
	F12_('S5', 'S4')_tb: 56280
	F23_('E1', 'S1')_t4_max: 667
	F19_('S2', 'E2')_t3_min: 124965
	F24_('S3', 'E3')_t3_min: 1809
	F7_('S3', 'S2')_tb: 56064
	F11_('S2', 'S3')_t5_max: 1530
	F18_('S3', 'S4')_t3_min: 7164
	F3_('S2', 'S1')_t3_max: 3972
	F13_('S1', 'S2')_t5_max: 1115
	F29_('E1', 'S1')_t3_min: 13726
	F7_('S2', 'E2')_tb: 56245
	F28_('E2', 'S2')_t3_min: 1
	F21_('E4', 'S4')_t5_min: 67
	F12_('S3', 'E3')_t4_max: 56871
	F0_('E4', 'S4')_t5_max: 34981
	F29_('S5', 'E5')_t5_min: 14464
	F19_('E1', 'S1')_t3_min: 124859
	F25_('S5', 'E5')_t5_min: 127180
	F27_('S4', 'S5')_tb: 14788
	F26_('S2', 'S3')_tb: 700
	F26_('S1', 'S2')_tb: 484
	F20_('S2', 'S1')_t3_max: 30763
	F1_('S3', 'E3')_t5_max: 16287
	F24_('E5', 'S5')_t4_min: 1486
	F20_('S2', 'S1')_t3_min: 30758
	F19_('S2', 'E2')_t3_max: 125099
	F26_('S4', 'S5')_tb: 864
	F14_('S3', 'S4')_tb: 31585
	F26_('E1', 'S1')_t4_max: 402
	F6_('S4', 'E4')_t3_min: 39459
	F6_('E3', 'S3')_tb: 39282
	F3_('S5', 'S4')_t3_min: 3798
	F1_('E4', 'S4')_t4_min: 15938
	F17_('S1', 'E1')_t4_max: 1834
