0. Flow F0 [E4-->E3] with period 128000, payload 491B, e2e delay 128000us, jitter 12800us
	('E4', 'S4'), Operation(6480, None, 6520)(6480, 6480)
	('S4', 'S3'), Operation(6522, 6527, 6567)(6527, 6527)
	('S3', 'E3'), Operation(6569, 6574, 6614)(6574, 6574)
1. Flow F1 [E2-->E4] with period 64000, payload 925B, e2e delay 64000us, jitter 6400us
	('E2', 'S2'), Operation(14284, None, 14358)(14284, 14284)
	('S2', 'S3'), Operation(14360, None, 14563)(14360, 14489)
	('S3', 'S4'), Operation(14436, 14570, 14644)(14570, 14570)
	('S4', 'E4'), Operation(14646, None, 14849)(14646, 14775)
2. Flow F2 [E3-->E4] with period 128000, payload 739B, e2e delay 128000us, jitter 12800us
	('E3', 'S3'), Operation(127281, None, 127341)(127281, 127281)
	('S3', 'S4'), Operation(127343, 127348, 127408)(127348, 127348)
	('S4', 'E4'), Operation(127410, 127415, 127475)(127415, 127415)
3. Flow F3 [E5-->E3] with period 8000, payload 870B, e2e delay 8000us, jitter 800us
	('E5', 'S5'), Operation(7450, None, 7520)(7450, 7450)
	('S5', 'S4'), Operation(7522, None, 7721)(7522, 7651)
	('S4', 'S3'), Operation(7594, 7728, 7798)(7728, 7728)
	('S3', 'E3'), Operation(7800, None, 7999)(7800, 7929)
4. Flow F4 [E1-->E4] with period 16000, payload 696B, e2e delay 16000us, jitter 1600us
	('E1', 'S1'), Operation(15229, None, 15285)(15229, 15229)
	('S1', 'S2'), Operation(15287, 15292, 15348)(15292, 15292)
	('S2', 'S3'), Operation(15350, 15355, 15411)(15355, 15355)
	('S3', 'S4'), Operation(15413, 15418, 15474)(15418, 15418)
	('S4', 'E4'), Operation(15476, None, 15661)(15476, 15605)
5. Flow F5 [E4-->E5] with period 32000, payload 1096B, e2e delay 32000us, jitter 3200us
	('E4', 'S4'), Operation(30392, None, 30480)(30392, 30392)
	('S4', 'S5'), Operation(30482, 30487, 30575)(30487, 30487)
	('S5', 'E5'), Operation(30577, None, 30794)(30577, 30706)
6. Flow F6 [E1-->E5] with period 128000, payload 813B, e2e delay 128000us, jitter 12800us
	('E1', 'S1'), Operation(125871, None, 125937)(125871, 125871)
	('S1', 'S2'), Operation(125939, 125944, 126010)(125944, 125944)
	('S2', 'S3'), Operation(126012, 126017, 126083)(126017, 126017)
	('S3', 'S4'), Operation(126085, None, 126280)(126085, 126214)
	('S4', 'S5'), Operation(126153, 126287, 126353)(126287, 126287)
	('S5', 'E5'), Operation(126355, None, 126550)(126355, 126484)
7. Flow F7 [E3-->E5] with period 32000, payload 92B, e2e delay 32000us, jitter 3200us
	('E3', 'S3'), Operation(31272, None, 31280)(31272, 31272)
	('S3', 'S4'), Operation(31282, 31287, 31295)(31287, 31287)
	('S4', 'S5'), Operation(31297, None, 31434)(31297, 31426)
	('S5', 'E5'), Operation(31307, None, 31573)(31307, 31565)
8. Flow F8 [E4-->E5] with period 64000, payload 458B, e2e delay 64000us, jitter 6400us
	('E4', 'S4'), Operation(62712, None, 62749)(62712, 62712)
	('S4', 'S5'), Operation(62751, 62756, 62793)(62756, 62756)
	('S5', 'E5'), Operation(62795, None, 62961)(62795, 62924)
9. Flow F9 [E1-->E3] with period 128000, payload 753B, e2e delay 128000us, jitter 12800us
	('E1', 'S1'), Operation(127286, None, 127347)(127286, 127286)
	('S1', 'S2'), Operation(127349, 127354, 127415)(127354, 127354)
	('S2', 'S3'), Operation(127417, None, 127607)(127417, 127546)
	('S3', 'E3'), Operation(127480, None, 127799)(127480, 127738)
10. Flow F10 [E2-->E1] with period 32000, payload 118B, e2e delay 32000us, jitter 3200us
	('E2', 'S2'), Operation(28476, None, 28486)(28476, 28476)
	('S2', 'S1'), Operation(28488, None, 28627)(28488, 28617)
	('S1', 'E1'), Operation(28500, None, 28768)(28500, 28758)
11. Flow F11 [E2-->E1] with period 2000, payload 1490B, e2e delay 2000us, jitter 200us
	('E2', 'S2'), Operation(1, None, 121)(1, 1)
	('S2', 'S1'), Operation(123, None, 372)(123, 252)
	('S1', 'E1'), Operation(245, 379, 499)(379, 379)
12. Flow F12 [E5-->E3] with period 4000, payload 141B, e2e delay 4000us, jitter 400us
	('E5', 'S5'), Operation(1, None, 13)(1, 1)
	('S5', 'S4'), Operation(15, None, 156)(15, 144)
	('S4', 'S3'), Operation(29, None, 299)(29, 287)
	('S3', 'E3'), Operation(43, None, 442)(43, 430)
13. Flow F13 [E5-->E1] with period 8000, payload 850B, e2e delay 8000us, jitter 800us
	('E5', 'S5'), Operation(5754, None, 5822)(5754, 5754)
	('S5', 'S4'), Operation(5824, 5829, 5897)(5829, 5829)
	('S4', 'S3'), Operation(5899, 5904, 5972)(5904, 5904)
	('S3', 'S2'), Operation(5974, 5979, 6047)(5979, 5979)
	('S2', 'S1'), Operation(6049, 6054, 6122)(6054, 6054)
	('S1', 'E1'), Operation(6124, 6129, 6197)(6129, 6129)
14. Flow F14 [E4-->E2] with period 2000, payload 1141B, e2e delay 2000us, jitter 200us
	('E4', 'S4'), Operation(206, 206, 298)(206, 206)
	('S4', 'S3'), Operation(300, None, 521)(300, 429)
	('S3', 'S2'), Operation(394, 528, 620)(528, 528)
	('S2', 'E2'), Operation(622, None, 843)(622, 751)
15. Flow F15 [E4-->E5] with period 64000, payload 1054B, e2e delay 64000us, jitter 6400us
	('E4', 'S4'), Operation(36120, None, 36205)(36120, 36120)
	('S4', 'S5'), Operation(36207, None, 36421)(36207, 36336)
	('S5', 'E5'), Operation(36294, None, 36637)(36294, 36552)
16. Flow F16 [E3-->E4] with period 16000, payload 302B, e2e delay 16000us, jitter 1600us
	('E3', 'S3'), Operation(14254, None, 14279)(14254, 14254)
	('S3', 'S4'), Operation(14281, None, 14435)(14281, 14410)
	('S4', 'E4'), Operation(14308, None, 14591)(14308, 14566)
17. Flow F17 [E4-->E2] with period 128000, payload 245B, e2e delay 128000us, jitter 12800us
	('E4', 'S4'), Operation(126768, None, 126788)(126768, 126768)
	('S4', 'S3'), Operation(126790, 126795, 126815)(126795, 126795)
	('S3', 'S2'), Operation(126817, 126822, 126842)(126822, 126822)
	('S2', 'E2'), Operation(126844, 126849, 126869)(126849, 126849)
18. Flow F18 [E2-->E1] with period 128000, payload 1121B, e2e delay 128000us, jitter 12800us
	('E2', 'S2'), Operation(114311, None, 114401)(114311, 114311)
	('S2', 'S1'), Operation(114403, 114408, 114498)(114408, 114408)
	('S1', 'E1'), Operation(114500, None, 114719)(114500, 114629)
19. Flow F19 [E2-->E5] with period 4000, payload 1070B, e2e delay 4000us, jitter 400us
	('E2', 'S2'), Operation(2476, None, 2562)(2476, 2476)
	('S2', 'S3'), Operation(2564, None, 2779)(2564, 2693)
	('S3', 'S4'), Operation(2652, 2786, 2872)(2786, 2786)
	('S4', 'S5'), Operation(2874, None, 3089)(2874, 3003)
	('S5', 'E5'), Operation(2962, None, 3306)(2962, 3220)

SMT variables: 
	F13_('S5', 'S4')_t4_min: 5829
	('S2', 'S3')_gcl_cycle: 128000
	F6_('S1', 'S2')_gc: True
	F13_('S5', 'S4')_rr: 1
	F15_('S5', 'E5')_rr: 0
	F11_('S2', 'S1')_rr: 0
	('S4', 'S3')_gcl_cycle: 128000
	F7_queue_index: 0
	F1_('S3', 'S4')_rr: 2
	F12_('S4', 'S3')_t4_min: 29
	F16_('E3', 'S3')_t3_max: 14130
	F3_('S3', 'E3')_gc: False
	F3_('S5', 'S4')_t5_min: 7592
	F9_('S2', 'S3')_t4_min: 127417
	F19_('S2', 'S3')_t4_max: 2693
	F0_('E4', 'S4')_rr: 0
	F3_('S3', 'E3')_t4_max: 7929
	F7_('S3', 'S4')_rr: 4
	F12_('E5', 'S5')_t5_min: 13
	F15_('S4', 'S5')_t4_min: 36207
	F5_('E4', 'S4')_gc: False
	F0_('S4', 'S3')_t4_max: 6527
	F5_('S5', 'E5')_t4_min: 30577
	F2_('E3', 'S3')_t3_max: 127157
	F5_queue_index: 0
	F7_('S3', 'S4')_t5_max: 31295
	F13_('S2', 'S1')_gc: True
	F10_('S1', 'E1')_t5_min: 28510
	F14_('E4', 'S4')_t3_max: 206
	F1_('S4', 'E4')_gc: False
	F13_('S2', 'S1')_rr: 16
	F13_('S3', 'S2')_gc: True
	F11_('E2', 'S2')_t4_max: 1
	F7_('S5', 'E5')_gc: False
	F1_('S3', 'S4')_tb: 14570
	F14_('S3', 'S2')_t5_min: 620
	F4_('S3', 'S4')_gc: True
	F9_('S1', 'S2')_t4_min: 127354
	F13_('S5', 'S4')_gc: True
	F13_jitter: 0
	F13_('S1', 'E1')_gc: True
	F1_jitter: 129
	F14_('S2', 'E2')_t4_min: 622
	F15_jitter: 258
	F14_('S3', 'S2')_t4_min: 528
	F6_queue_index: 0
	F17_('S2', 'E2')_rr: 1
	F16_('E3', 'S3')_tb: 14254
	F8_('S5', 'E5')_t4_min: 62795
	F4_('S1', 'S2')_t4_min: 15292
	F19_('S3', 'S4')_rr: 32
	F16_('S3', 'S4')_t4_max: 14410
	F4_('S1', 'S2')_t5_max: 15348
	('E2', 'S2')_gcl_cycle: 1
	F13_('S4', 'S3')_rr: 16
	('S2', 'E2')_gcl_cycle: 128000
	F5_('S5', 'E5')_t5_max: 30794
	F3_('E5', 'S5')_t4_min: 7450
	F16_('S4', 'E4')_gc: False
	F16_('S4', 'E4')_rr: 0
	F9_('S2', 'S3')_gc: False
	F13_('S1', 'E1')_rr: 1
	F6_('S3', 'S4')_gc: False
	F19_('E2', 'S2')_tb: 2476
	F9_('S2', 'S3')_rr: 0
	F16_('S3', 'S4')_gc: False
	('S3', 'E3')_gcl_cycle: 128000
	F1_('S2', 'S3')_gc: False
	F7_('E3', 'S3')_gc: False
	F13_('S3', 'S2')_t4_max: 5979
	F4_('S2', 'S3')_t4_max: 15355
	F6_('E1', 'S1')_rr: 0
	F17_('E4', 'S4')_rr: 0
	F17_('E4', 'S4')_t4_min: 126768
	F8_('S5', 'E5')_gc: False
	F4_('S4', 'E4')_rr: 0
	F17_('S2', 'E2')_t4_max: 126849
	F8_('S4', 'S5')_t4_min: 62756
	F6_('S4', 'S5')_t4_min: 126287
	F8_('E4', 'S4')_gc: False
	F3_('E5', 'S5')_rr: 0
	F3_('S3', 'E3')_t4_min: 7800
	F16_('S3', 'S4')_rr: 0
	F18_('S2', 'S1')_t4_min: 114408
	F7_('E3', 'S3')_t3_max: 31148
	F14_('E4', 'S4')_t5_max: 298
	F2_('S4', 'E4')_t4_min: 127415
	F11_('S2', 'S1')_t4_min: 123
	F6_('S2', 'S3')_gc: True
	F2_('S3', 'S4')_t4_max: 127348
	F7_('S5', 'E5')_rr: 0
	F17_('S4', 'S3')_t4_max: 126795
	F5_('S5', 'E5')_gc: False
	F7_('S3', 'S4')_t5_min: 31295
	F12_('S3', 'E3')_rr: 0
	F10_('S2', 'S1')_t3_min: 28488
	F4_('S4', 'E4')_gc: False
	F18_('S2', 'S1')_t4_max: 114408
	F0_('E4', 'S4')_t3_max: 6356
	F8_('E4', 'S4')_t3_max: 62588
	F13_('S4', 'S3')_gc: True
	F7_('S5', 'E5')_t5_min: 31315
	F6_('S2', 'S3')_t4_max: 126017
	F0_('S3', 'E3')_rr: 1
	F1_('S3', 'S4')_t4_max: 14570
	F17_('S3', 'S2')_t4_max: 126822
	F5_('E4', 'S4')_t3_max: 30268
	F14_('S3', 'S2')_rr: 64
	F9_('E1', 'S1')_gc: False
	F8_jitter: 129
	F17_('S4', 'S3')_rr: 1
	F10_('E2', 'S2')_t3_max: 28352
	('E1', 'S1')_gcl_cycle: 1
	F17_('S2', 'E2')_tb: 126849
	F15_('S5', 'E5')_t4_min: 36294
	F19_('S3', 'S4')_gc: True
	F6_('S4', 'S5')_gc: True
	F18_jitter: 129
	('S1', 'S2')_gcl_cycle: 128000
	F13_('S4', 'S3')_t4_min: 5904
	F19_('S5', 'E5')_gc: False
	F11_('E2', 'S2')_gc: False
	F13_('S5', 'S4')_tb: 5829
	F9_('S1', 'S2')_t4_max: 127354
	F15_('S5', 'E5')_gc: False
	F10_('S2', 'S1')_gc: False
	F14_('S4', 'S3')_rr: 0
	F17_('S4', 'S3')_gc: True
	F1_('E2', 'S2')_gc: False
	F8_('S4', 'S5')_gc: True
	F1_('S4', 'E4')_t4_min: 14646
	F8_('E4', 'S4')_rr: 0
	F9_('S3', 'E3')_t3_max: 127614
	F10_('E2', 'S2')_tb: 28476
	F10_('E2', 'S2')_rr: 0
	F11_queue_index: 0
	F12_('S5', 'S4')_t4_min: 15
	F5_jitter: 129
	F15_('E4', 'S4')_gc: False
	F6_('S5', 'E5')_rr: 0
	F3_('S4', 'S3')_t4_min: 7728
	F4_('S2', 'S3')_t4_min: 15355
	('S3', 'S4')_gcl_length: 94
	F19_queue_index: 0
	F6_('S1', 'S2')_t4_min: 125944
	F5_('S5', 'E5')_t5_min: 30665
	F1_('E2', 'S2')_t3_max: 14160
	F15_queue_index: 0
	F14_('S2', 'E2')_t3_max: 627
	F18_('S1', 'E1')_rr: 0
	F1_('S2', 'S3')_t3_min: 14360
	F16_('S3', 'S4')_t3_min: 14281
	F0_('S3', 'E3')_t3_max: 6574
	F19_('S4', 'S5')_gc: False
	F5_('S4', 'S5')_rr: 4
	F4_('S3', 'S4')_t3_max: 15418
	('S1', 'E1')_gcl_cycle: 8000
	F4_('S2', 'S3')_gc: True
	F19_('S3', 'S4')_t3_min: 2652
	F12_queue_index: 0
	F4_jitter: 129
	F19_('S4', 'S5')_t4_min: 2874
	F19_('S2', 'S3')_rr: 0
	F6_('E1', 'S1')_t5_min: 125937
	F17_('S2', 'E2')_t4_min: 126849
	F3_('S4', 'S3')_gc: True
	F13_('S1', 'E1')_t4_max: 6129
	F16_('S3', 'S4')_t4_min: 14281
	F6_('S2', 'S3')_rr: 1
	F14_('S2', 'E2')_rr: 0
	F2_('S4', 'E4')_t5_min: 127475
	F4_('E1', 'S1')_t3_max: 15105
	F3_('S5', 'S4')_rr: 0
	F12_('S5', 'S4')_gc: False
	F10_jitter: 258
	F4_('S1', 'S2')_gc: True
	F18_('S1', 'E1')_t3_max: 114505
	F14_queue_index: 0
	F8_('S4', 'S5')_t4_max: 62756
	F16_('S4', 'E4')_t4_max: 14566
	F13_('S2', 'S1')_t4_max: 6054
	F2_('S3', 'S4')_t4_min: 127348
	F0_jitter: 0
	F6_('S3', 'S4')_rr: 0
	F1_('S4', 'E4')_rr: 0
	F12_('E5', 'S5')_gc: False
	F12_('E5', 'S5')_t5_max: 13
	F11_('S1', 'E1')_t4_min: 379
	F14_('S2', 'E2')_t5_min: 714
	F11_('S2', 'S1')_t4_max: 252
	F8_('S5', 'E5')_rr: 0
	F19_('S3', 'S4')_t4_min: 2786
	F19_('E2', 'S2')_gc: False
	F19_('S4', 'S5')_t4_max: 3003
	F5_('S4', 'S5')_t4_max: 30487
	F1_('E2', 'S2')_rr: 0
	F10_('S2', 'S1')_rr: 0
	F18_('S2', 'S1')_rr: 1
	F17_('S2', 'E2')_gc: True
	F19_('S5', 'E5')_rr: 0
	F14_('S4', 'S3')_t3_min: 300
	F13_('S4', 'S3')_t4_max: 5904
	F2_('S4', 'E4')_gc: True
	F4_('S4', 'E4')_t4_min: 15476
	F6_jitter: 129
	F17_('S4', 'S3')_tb: 126795
	F18_queue_index: 0
	F11_('E2', 'S2')_rr: 0
	F6_('S4', 'S5')_t4_max: 126287
	F9_jitter: 258
	F13_('S2', 'S1')_t5_min: 6122
	F3_queue_index: 0
	F17_('E4', 'S4')_t3_max: 126644
	F6_('S3', 'S4')_t4_max: 126214
	F17_('S2', 'E2')_t3_min: 126844
	F4_('S3', 'S4')_rr: 8
	F9_('S3', 'E3')_rr: 0
	F9_('E1', 'S1')_t3_max: 127162
	F0_queue_index: 0
	F9_('S2', 'S3')_t3_min: 127417
	F16_queue_index: 0
	F11_('S1', 'E1')_rr: 4
	F12_('S5', 'S4')_rr: 0
	F13_('S3', 'S2')_t4_min: 5979
	F1_('S2', 'S3')_t4_max: 14489
	F12_('S5', 'S4')_t4_max: 144
	F12_('E5', 'S5')_rr: 0
	F4_('S3', 'S4')_t4_min: 15418
	F7_('E3', 'S3')_rr: 0
	F12_('E5', 'S5')_t3_max: -123
	F2_('S4', 'E4')_t3_min: 127410
	F13_('S2', 'S1')_t5_max: 6122
	F15_('S4', 'S5')_t4_max: 36336
	F9_('S3', 'E3')_gc: False
	F16_('S3', 'S4')_t5_max: 14435
	F6_('S2', 'S3')_t5_min: 126083
	F3_('S3', 'E3')_rr: 0
	('E5', 'S5')_gcl_cycle: 1
	F13_('S4', 'S3')_t5_min: 5972
	F6_('S5', 'E5')_t4_min: 126355
	F4_('S1', 'S2')_rr: 8
	F4_('S3', 'S4')_t5_min: 15474
	F10_('S1', 'E1')_gc: False
	F8_('S4', 'S5')_tb: 62756
	('E3', 'S3')_gcl_cycle: 1
	F10_('S2', 'S1')_t4_min: 28488
	F7_('S3', 'S4')_t4_max: 31287
	F19_('E2', 'S2')_t3_max: 2352
	F6_('S3', 'S4')_t5_min: 126151
	F13_('S3', 'S2')_rr: 16
	F5_('S4', 'S5')_t4_min: 30487
	F3_('E5', 'S5')_t3_max: 7326
	F7_jitter: 258
	F9_('S1', 'S2')_gc: True
	F2_queue_index: 0
	F6_('E1', 'S1')_t3_max: 125747
	F4_('S3', 'S4')_t4_max: 15418
	('S2', 'S1')_gcl_cycle: 128000
	F6_('S2', 'S3')_t4_min: 126017
	F1_('S3', 'S4')_t3_max: 14570
	F6_('S4', 'S5')_rr: 1
	F12_('S3', 'E3')_gc: False
	F15_('E4', 'S4')_t3_max: 35996
	F18_('E2', 'S2')_rr: 0
	F13_queue_index: 0
	F14_('S2', 'E2')_gc: False
	F3_('S3', 'E3')_t3_min: 7800
	F10_('S1', 'E1')_rr: 0
	F10_('S1', 'E1')_t4_min: 28500
	F19_('S5', 'E5')_t4_min: 2962
	F8_('S4', 'S5')_rr: 2
	F11_jitter: 0
	F10_('S1', 'E1')_tb: 28500
	F11_('E2', 'S2')_tb: 1
	F17_('S3', 'S2')_gc: True
	F4_('S4', 'E4')_t5_min: 15532
	F13_('S1', 'E1')_t4_min: 6129
	F15_('S4', 'S5')_rr: 0
	F3_('E5', 'S5')_gc: False
	F12_('S4', 'S3')_gc: False
	F8_('E4', 'S4')_t4_max: 62712
	F18_('E2', 'S2')_t3_max: 114187
	F5_('E4', 'S4')_t4_min: 30392
	F11_('E2', 'S2')_t3_max: -123
	F13_('E5', 'S5')_gc: False
	F18_('S1', 'E1')_gc: False
	F5_('S5', 'E5')_rr: 0
	F2_('S3', 'S4')_gc: True
	F14_('E4', 'S4')_tb: 206
	F7_('S4', 'S5')_t3_max: 31302
	F3_('S5', 'S4')_gc: False
	F7_('S3', 'S4')_t4_min: 31287
	F3_('S5', 'S4')_t4_min: 7522
	F9_('E1', 'S1')_rr: 0
	F4_queue_index: 0
	F17_('S4', 'S3')_t4_min: 126795
	F0_('S4', 'S3')_gc: True
	F16_('E3', 'S3')_gc: False
	F16_('S4', 'E4')_t3_max: 14442
	F9_('S1', 'S2')_rr: 1
	F17_('S3', 'S2')_rr: 1
	F14_jitter: 129
	F17_('E4', 'S4')_gc: False
	F7_('S4', 'S5')_t4_min: 31297
	F10_queue_index: 0
	F3_('S4', 'S3')_t4_max: 7728
	F19_('S3', 'S4')_t3_max: 2786
	F19_('E2', 'S2')_t4_min: 2476
	F17_('S3', 'S2')_t5_max: 126842
	F13_('E5', 'S5')_t3_max: 5630
	F13_('E5', 'S5')_rr: 0
	('E4', 'S4')_gcl_cycle: 2000
	F7_('S4', 'S5')_rr: 0
	F14_('S3', 'S2')_gc: True
	('S4', 'S5')_gcl_cycle: 128000
	F1_('S3', 'S4')_t5_min: 14644
	F4_('S1', 'S2')_t4_max: 15292
	F19_('S4', 'S5')_rr: 0
	F14_('S4', 'S3')_t4_min: 300
	F9_('S2', 'S3')_t4_max: 127546
	('S3', 'S4')_gcl_cycle: 128000
	F3_jitter: 129
	('S5', 'S4')_gcl_cycle: 8000
	F2_('E3', 'S3')_gc: False
	F5_('S5', 'E5')_t3_min: 30577
	F17_jitter: 0
	F19_('S2', 'S3')_gc: False
	F0_('S4', 'S3')_rr: 1
	F2_('S4', 'E4')_rr: 1
	F4_('S2', 'S3')_rr: 8
	F9_queue_index: 0
	F7_('S4', 'S5')_gc: False
	F1_('S3', 'S4')_gc: True
	F12_jitter: 387
	F6_('S5', 'E5')_gc: False
	F17_queue_index: 0
	F0_('S3', 'E3')_gc: True
	F1_('S3', 'S4')_t4_min: 14570
	F3_('S5', 'S4')_t4_max: 7651
	F5_('E4', 'S4')_rr: 0
	F6_('E1', 'S1')_gc: False
	F8_queue_index: 0
	F2_('E3', 'S3')_rr: 0
	F0_('E4', 'S4')_gc: False
	F12_('S4', 'S3')_rr: 0
	('S3', 'S2')_gcl_cycle: 128000
	F13_('S2', 'S1')_t4_min: 6054
	F14_('S4', 'S3')_t5_max: 521
	F5_('S4', 'S5')_gc: True
	F16_('S4', 'E4')_t4_min: 14308
	('S5', 'E5')_gcl_cycle: 1
	F2_('E3', 'S3')_t5_min: 127341
	F4_('E1', 'S1')_rr: 0
	F4_('S4', 'E4')_tb: 15476
	F7_('S4', 'S5')_t4_max: 31426
	F6_('S1', 'S2')_rr: 1
	F1_queue_index: 0
	F10_('S2', 'S1')_t4_max: 28617
	F3_('S5', 'S4')_t5_max: 7721
	F18_('E2', 'S2')_t5_min: 114401
	F2_('S3', 'S4')_rr: 1
	F19_jitter: 258
	F2_jitter: 0
	F6_('S1', 'S2')_t4_max: 125944
	F18_('S1', 'E1')_t4_min: 114500
	F15_('E4', 'S4')_rr: 0
	F7_('S3', 'S4')_gc: True
	F19_('S2', 'S3')_t4_min: 2564
	F0_('S3', 'E3')_t4_min: 6574
	F12_('S3', 'E3')_t4_min: 43
	F9_('S3', 'E3')_t4_min: 127480
	F15_('S4', 'S5')_gc: False
	F14_('S3', 'S2')_t4_max: 528
	F4_('E1', 'S1')_gc: False
	F0_('S4', 'S3')_t4_min: 6527
	F18_('S2', 'S1')_gc: True
	F16_jitter: 258
	F4_('S2', 'S3')_tb: 15355
	F2_('E3', 'S3')_t4_min: 127281
	F1_('S2', 'S3')_t4_min: 14360
	F14_('S4', 'S3')_t4_max: 429
	F16_('E3', 'S3')_rr: 0
	F17_('S3', 'S2')_t4_min: 126822
	F0_('S4', 'S3')_t5_min: 6567
	F18_('E2', 'S2')_gc: False
	F14_('E4', 'S4')_gc: True
	('S4', 'E4')_gcl_cycle: 128000
	F10_('E2', 'S2')_gc: False
	F7_('S5', 'E5')_t4_min: 31307
	F12_('S4', 'S3')_t4_max: 287
	('S4', 'S3')_gcl_length: 68
	F19_('S3', 'S4')_t4_max: 2786
	F14_('E4', 'S4')_rr: 1
	F1_('S2', 'S3')_rr: 0
	F6_('S3', 'S4')_t4_min: 126085
	F3_('S3', 'E3')_tb: 7800
	F3_('S4', 'S3')_rr: 16
	F14_('E4', 'S4')_t4_max: 206
	F11_('S2', 'S1')_gc: False
	F14_('S4', 'S3')_gc: False
	F19_('E2', 'S2')_rr: 0
	F11_('S1', 'E1')_gc: True
	F13_('S5', 'S4')_t4_max: 5829
	F9_('S1', 'S2')_t3_max: 127354
	F19_('S2', 'S3')_t3_max: 2569
	F14_('S4', 'S3')_t3_max: 305
	F12_('S5', 'S4')_t3_max: 20
	F0_('S4', 'S3')_t3_max: 6527
	F13_('S5', 'S4')_t3_max: 5829
	F18_('S2', 'S1')_t3_max: 114408
	F16_('S3', 'S4')_t3_max: 14286
	F4_('S1', 'S2')_t3_max: 15292
	F3_('S5', 'S4')_t3_max: 7527
	F11_('S2', 'S1')_t3_max: 128
	F8_('S4', 'S5')_t3_max: 62756
	F17_('S4', 'S3')_t3_max: 126795
	F15_('S4', 'S5')_t3_max: 36212
	F1_('S2', 'S3')_t3_max: 14365
	F2_('S3', 'S4')_t3_max: 127348
	F6_('S1', 'S2')_t3_max: 125944
	F7_('S3', 'S4')_t3_max: 31287
	F10_('S2', 'S1')_t3_max: 28493
	F5_('S4', 'S5')_t3_max: 30487
	F3_('S4', 'S3')_tb: 7728
	F9_('E1', 'S1')_t4_min: 127286
	F19_('S2', 'S3')_tb: 2564
	F13_('E5', 'S5')_t3_min: 5754
	F14_('S4', 'S3')_tb: 300
	F6_('S4', 'S5')_t3_min: 126153
	F17_('E4', 'S4')_t5_min: 126788
	F16_('S3', 'S4')_t5_min: 14306
	F10_('S1', 'E1')_t5_max: 28768
	F19_('E2', 'S2')_t3_min: 2476
	F9_('S3', 'E3')_t4_max: 127738
	F9_('S3', 'E3')_t3_min: 127480
	F15_('S5', 'E5')_t3_max: 36428
	F18_('S1', 'E1')_tb: 114500
	F3_('S5', 'S4')_tb: 7522
	F11_('S1', 'E1')_t4_max: 379
	F11_('S2', 'S1')_tb: 123
	F11_('S1', 'E1')_t3_min: 245
	F8_('S5', 'E5')_t4_max: 62924
	F14_('E4', 'S4')_t5_min: 298
	F8_('S4', 'S5')_t5_max: 62793
	F0_('S3', 'E3')_t3_min: 6569
	F7_('S3', 'S4')_tb: 31287
	F13_('S3', 'S2')_t3_max: 5979
	F6_('S3', 'S4')_t3_max: 126090
	F4_('S1', 'S2')_t3_min: 15287
	F1_('S3', 'S4')_t5_max: 14644
	F8_('E4', 'S4')_t3_min: 62712
	F7_('S5', 'E5')_t3_max: 31441
	F13_('E5', 'S5')_t4_max: 5754
	F14_('S2', 'E2')_t5_max: 843
	F10_('S1', 'E1')_t4_max: 28758
	F19_('S4', 'S5')_t3_max: 2879
	F18_('S2', 'S1')_tb: 114408
	F13_('S5', 'S4')_t3_min: 5824
	F7_('S4', 'S5')_t3_min: 31297
	('S5', 'E5')_gcl_length: 0
	F1_('S4', 'E4')_t5_min: 14720
	F19_('S4', 'S5')_tb: 2874
	F17_('S4', 'S3')_t3_min: 126790
	F9_('S3', 'E3')_t5_min: 127541
	F18_('S2', 'S1')_t5_min: 114498
	F4_('E1', 'S1')_t4_max: 15229
	F4_('S4', 'E4')_t3_min: 15476
	F9_('S2', 'S3')_t5_min: 127478
	F4_('E1', 'S1')_t4_min: 15229
	F18_('E2', 'S2')_tb: 114311
	F14_('S3', 'S2')_t3_min: 394
	F8_('S4', 'S5')_t5_min: 62793
	F15_('E4', 'S4')_t3_min: 36120
	F16_('E3', 'S3')_t3_min: 14254
	F6_('S2', 'S3')_tb: 126017
	('S1', 'S2')_gcl_length: 20
	F10_('E2', 'S2')_t4_max: 28476
	F19_('S3', 'S4')_tb: 2786
	F1_('S3', 'S4')_t3_min: 14436
	F3_('S4', 'S3')_t3_min: 7594
	F5_('S4', 'S5')_t5_min: 30575
	('S1', 'E1')_gcl_length: 10
	F3_('E5', 'S5')_t3_min: 7450
	F4_('S3', 'S4')_tb: 15418
	F17_('S2', 'E2')_t3_max: 126849
	F16_('S4', 'E4')_t5_min: 14333
	F8_('E4', 'S4')_t5_max: 62749
	F4_('S4', 'E4')_t3_max: 15481
	F3_('E5', 'S5')_t5_min: 7520
	F17_('S2', 'E2')_t5_min: 126869
	F15_('S5', 'E5')_tb: 36294
	F12_('S4', 'S3')_t3_max: 163
	F0_('S3', 'E3')_t5_min: 6614
	F15_('E4', 'S4')_tb: 36120
	F2_('S3', 'S4')_tb: 127348
	F11_('S2', 'S1')_t3_min: 123
	F8_('S5', 'E5')_t5_max: 62961
	F6_('S1', 'S2')_tb: 125944
	F2_('S4', 'E4')_tb: 127415
	F8_('S5', 'E5')_t5_min: 62832
	F15_('E4', 'S4')_t5_max: 36205
	F17_('E4', 'S4')_t5_max: 126788
	F7_('E3', 'S3')_t5_max: 31280
	F12_('S3', 'E3')_t3_min: 43
	F11_('E2', 'S2')_t4_min: 1
	F4_('S3', 'S4')_t5_max: 15474
	F16_('S4', 'E4')_t3_min: 14308
	F19_('S5', 'E5')_t3_max: 3096
	F3_('S3', 'E3')_t3_max: 7805
	F16_('E3', 'S3')_t5_max: 14279
	F2_('S3', 'S4')_t3_min: 127343
	F10_('E2', 'S2')_t5_max: 28486
	F6_('S2', 'S3')_t5_max: 126083
	F19_('S2', 'S3')_t5_max: 2779
	F4_('E1', 'S1')_tb: 15229
	F9_('S1', 'S2')_tb: 127354
	F19_('S5', 'E5')_t3_min: 2962
	F1_('S2', 'S3')_tb: 14360
	F0_('E4', 'S4')_t4_max: 6480
	('S2', 'S3')_gcl_length: 18
	F1_('S2', 'S3')_t5_max: 14563
	F10_('S2', 'S1')_tb: 28488
	F4_('S2', 'S3')_t5_min: 15411
	F15_('S5', 'E5')_t5_max: 36637
	F6_('S5', 'E5')_t5_max: 126550
	F5_('S5', 'E5')_t3_max: 30582
	F15_('S5', 'E5')_t5_min: 36379
	F13_('S3', 'S2')_t5_max: 6047
	F14_('S3', 'S2')_t3_max: 528
	F9_('E1', 'S1')_t4_max: 127286
	F12_('S4', 'S3')_t3_min: 29
	F8_('S4', 'S5')_t3_min: 62751
	F0_('S4', 'S3')_t3_min: 6522
	F6_('S5', 'E5')_t3_max: 126360
	F0_('S3', 'E3')_tb: 6574
	F5_('S4', 'S5')_tb: 30487
	F14_('E4', 'S4')_t3_min: 206
	F9_('S2', 'S3')_t3_max: 127422
	F10_('S1', 'E1')_t3_min: 28500
	F9_('S2', 'S3')_t5_max: 127607
	F1_('S4', 'E4')_t3_min: 14646
	F15_('S4', 'S5')_t3_min: 36207
	F6_('S5', 'E5')_t3_min: 126355
	F6_('S2', 'S3')_t3_max: 126017
	F6_('S5', 'E5')_tb: 126355
	F1_('E2', 'S2')_t5_max: 14358
	('S2', 'S1')_gcl_length: 34
	F0_('E4', 'S4')_t3_min: 6480
	F3_('E5', 'S5')_t4_max: 7450
	F7_('S5', 'E5')_t4_max: 31565
	F8_('E4', 'S4')_t5_min: 62749
	F17_('S4', 'S3')_t5_max: 126815
	F14_('S3', 'S2')_tb: 528
	F17_('S3', 'S2')_t3_max: 126822
	F12_('S3', 'E3')_t5_min: 55
	F17_('S4', 'S3')_t5_min: 126815
	F15_('S5', 'E5')_t4_max: 36552
	F3_('E5', 'S5')_tb: 7450
	F4_('S2', 'S3')_t3_max: 15355
	('S3', 'E3')_gcl_length: 2
	F8_('S5', 'E5')_t3_max: 62800
	F14_('S2', 'E2')_t4_max: 751
	F3_('S4', 'S3')_t5_min: 7798
	F5_('E4', 'S4')_tb: 30392
	F16_('E3', 'S3')_t5_min: 14279
	F7_('S5', 'E5')_tb: 31307
	F19_('S2', 'S3')_t5_min: 2650
	('E2', 'S2')_gcl_length: 0
	F13_('E5', 'S5')_t4_min: 5754
	F13_('S1', 'E1')_t5_max: 6197
	F7_('S3', 'S4')_t3_min: 31282
	F13_('S5', 'S4')_t5_max: 5897
	F4_('S2', 'S3')_t5_max: 15411
	F15_('S4', 'S5')_t5_min: 36292
	F6_('S4', 'S5')_t5_max: 126353
	F8_('S5', 'E5')_t3_min: 62795
	F15_('E4', 'S4')_t5_min: 36205
	F17_('E4', 'S4')_t3_min: 126768
	F13_('S2', 'S1')_tb: 6054
	F13_('S4', 'S3')_t3_max: 5904
	('S4', 'S5')_gcl_length: 14
	F19_('S4', 'S5')_t5_min: 2960
	F17_('S2', 'E2')_t5_max: 126869
	F12_('E5', 'S5')_t3_min: 1
	F6_('E1', 'S1')_tb: 125871
	F7_('S4', 'S5')_t5_min: 31305
	F11_('E2', 'S2')_t5_min: 121
	F12_('S5', 'S4')_t5_max: 156
	F12_('S4', 'S3')_t5_max: 299
	F5_('E4', 'S4')_t5_max: 30480
	F1_('E2', 'S2')_t4_max: 14284
	F8_('S5', 'E5')_tb: 62795
	F18_('S1', 'E1')_t5_min: 114590
	F0_('E4', 'S4')_t4_min: 6480
	F10_('E2', 'S2')_t3_min: 28476
	('E4', 'S4')_gcl_length: 2
	F18_('S1', 'E1')_t3_min: 114500
	('S2', 'E2')_gcl_length: 2
	F19_('S3', 'S4')_t5_max: 2872
	F17_('S3', 'S2')_t5_min: 126842
	F6_('S5', 'E5')_t5_min: 126421
	F4_('E1', 'S1')_t5_min: 15285
	F12_('S5', 'S4')_t5_min: 27
	F12_('S3', 'E3')_tb: 43
	F10_('E2', 'S2')_t5_min: 28486
	F14_('S2', 'E2')_t3_min: 622
	F10_('S2', 'S1')_t5_max: 28627
	F18_('S2', 'S1')_t5_max: 114498
	F16_('S4', 'E4')_t5_max: 14591
	F11_('S1', 'E1')_t3_max: 379
	F5_('S4', 'S5')_t3_min: 30482
	F6_('S4', 'S5')_t5_min: 126353
	F2_('S4', 'E4')_t3_max: 127415
	F4_('S1', 'S2')_tb: 15292
	F2_('S4', 'E4')_t5_max: 127475
	F1_('S2', 'S3')_t5_min: 14434
	F5_('E4', 'S4')_t3_min: 30392
	F0_('E4', 'S4')_tb: 6480
	F6_('S3', 'S4')_tb: 126085
	F8_('E4', 'S4')_t4_min: 62712
	F5_('E4', 'S4')_t4_max: 30392
	F10_('S1', 'E1')_t3_max: 28634
	F2_('E3', 'S3')_t4_max: 127281
	F1_('S4', 'E4')_t5_max: 14849
	F18_('S1', 'E1')_t5_max: 114719
	('E1', 'S1')_gcl_length: 0
	F16_('E3', 'S3')_t4_min: 14254
	F2_('E3', 'S3')_t3_min: 127281
	F15_('S4', 'S5')_t5_max: 36421
	F18_('S1', 'E1')_t4_max: 114629
	F0_('S4', 'S3')_tb: 6527
	F9_('S2', 'S3')_tb: 127417
	F5_('S4', 'S5')_t5_max: 30575
	F1_('S4', 'E4')_tb: 14646
	F17_('E4', 'S4')_t4_max: 126768
	F3_('S4', 'S3')_t5_max: 7798
	F4_('S3', 'S4')_t3_min: 15413
	F1_('E2', 'S2')_t3_min: 14284
	F17_('S3', 'S2')_tb: 126822
	F9_('S1', 'S2')_t3_min: 127349
	F3_('S3', 'E3')_t5_max: 7999
	F15_('E4', 'S4')_t4_min: 36120
	F19_('E2', 'S2')_t4_max: 2476
	F11_('S1', 'E1')_t5_min: 499
	F13_('S4', 'S3')_t5_max: 5972
	F6_('E1', 'S1')_t4_max: 125871
	F13_('S1', 'E1')_t5_min: 6197
	F4_('S4', 'E4')_t4_max: 15605
	F7_('E3', 'S3')_tb: 31272
	F6_('E1', 'S1')_t3_min: 125871
	F3_('S4', 'S3')_t3_max: 7728
	F14_('E4', 'S4')_t4_min: 206
	F13_('S1', 'E1')_t3_min: 6124
	F16_('S3', 'S4')_tb: 14281
	F17_('E4', 'S4')_tb: 126768
	F19_('S5', 'E5')_t5_max: 3306
	F10_('E2', 'S2')_t4_min: 28476
	F18_('E2', 'S2')_t4_min: 114311
	F7_('S5', 'E5')_t3_min: 31307
	F13_('S3', 'S2')_t5_min: 6047
	F4_('E1', 'S1')_t3_min: 15229
	F16_('E3', 'S3')_t4_max: 14254
	F2_('S4', 'E4')_t4_max: 127415
	F13_('E5', 'S5')_tb: 5754
	F12_('E5', 'S5')_t4_max: 1
	F19_('E2', 'S2')_t5_min: 2562
	F9_('S3', 'E3')_tb: 127480
	F4_('S1', 'S2')_t5_min: 15348
	F6_('S5', 'E5')_t4_max: 126484
	F7_('E3', 'S3')_t4_max: 31272
	F19_('S2', 'S3')_t3_min: 2564
	F2_('S3', 'S4')_t5_min: 127408
	F13_('S4', 'S3')_tb: 5904
	F6_('S2', 'S3')_t3_min: 126012
	F15_('S4', 'S5')_tb: 36207
	F6_('S3', 'S4')_t5_max: 126280
	F2_('E3', 'S3')_tb: 127281
	F12_('S3', 'E3')_t3_max: 306
	F6_('E1', 'S1')_t5_max: 125937
	F15_('S5', 'E5')_t3_min: 36294
	F12_('E5', 'S5')_t4_min: 1
	F9_('S3', 'E3')_t5_max: 127799
	F13_('S3', 'S2')_t3_min: 5974
	F13_('S3', 'S2')_tb: 5979
	F0_('E4', 'S4')_t5_min: 6520
	F4_('S4', 'E4')_t5_max: 15661
	('S4', 'E4')_gcl_length: 2
	('S3', 'S2')_gcl_length: 162
	F17_('S3', 'S2')_t3_min: 126817
	F7_('E3', 'S3')_t5_min: 31280
	F9_('S1', 'S2')_t5_max: 127415
	F19_('S5', 'E5')_tb: 2962
	F16_('S4', 'E4')_tb: 14308
	F12_('E5', 'S5')_tb: 1
	F9_('E1', 'S1')_tb: 127286
	F14_('S3', 'S2')_t5_max: 620
	F6_('S3', 'S4')_t3_min: 126085
	F11_('S2', 'S1')_t5_min: 243
	F7_('S4', 'S5')_t5_max: 31434
	F8_('E4', 'S4')_tb: 62712
	F13_('S1', 'E1')_t3_max: 6129
	('E5', 'S5')_gcl_length: 0
	F13_('S1', 'E1')_tb: 6129
	F11_('S1', 'E1')_tb: 379
	F13_('S5', 'S4')_t5_min: 5897
	F6_('S1', 'S2')_t5_min: 126010
	F3_('S3', 'E3')_t5_min: 7870
	F14_('S2', 'E2')_tb: 622
	('E3', 'S3')_gcl_length: 0
	F11_('E2', 'S2')_t3_min: 1
	F19_('S5', 'E5')_t4_max: 3220
	F0_('S4', 'S3')_t5_max: 6567
	F12_('S3', 'E3')_t5_max: 442
	F5_('S5', 'E5')_tb: 30577
	F11_('S2', 'S1')_t5_max: 372
	F18_('E2', 'S2')_t4_max: 114311
	F7_('S5', 'E5')_t5_max: 31573
	F6_('S4', 'S5')_tb: 126287
	F11_('E2', 'S2')_t5_max: 121
	F10_('S2', 'S1')_t5_min: 28498
	F6_('S4', 'S5')_t3_max: 126287
	F1_('E2', 'S2')_t5_min: 14358
	F1_('S4', 'E4')_t4_max: 14775
	F9_('E1', 'S1')_t5_max: 127347
	F7_('E3', 'S3')_t3_min: 31272
	F12_('S5', 'S4')_t3_min: 15
	F12_('S4', 'S3')_t5_min: 41
	F0_('S3', 'E3')_t5_max: 6614
	F2_('S3', 'S4')_t5_max: 127408
	F19_('E2', 'S2')_t5_max: 2562
	F13_('S2', 'S1')_t3_min: 6049
	F7_('E3', 'S3')_t4_min: 31272
	('S5', 'S4')_gcl_length: 2
	F19_('S4', 'S5')_t3_min: 2874
	F19_('S5', 'E5')_t5_min: 3048
	F13_('S4', 'S3')_t3_min: 5899
	F6_('S1', 'S2')_t5_max: 126010
	F0_('S3', 'E3')_t4_max: 6574
	F2_('E3', 'S3')_t5_max: 127341
	F5_('E4', 'S4')_t5_min: 30480
	F18_('E2', 'S2')_t3_min: 114311
	F4_('S2', 'S3')_t3_min: 15350
	F13_('S2', 'S1')_t3_max: 6054
	F6_('E1', 'S1')_t4_min: 125871
	F19_('S4', 'S5')_t5_max: 3089
	F3_('E5', 'S5')_t5_max: 7520
	F12_('S4', 'S3')_tb: 29
	F12_('S5', 'S4')_tb: 15
	F14_('S4', 'S3')_t5_min: 392
	F9_('E1', 'S1')_t5_min: 127347
	F1_('S4', 'E4')_t3_max: 14651
	F7_('S4', 'S5')_tb: 31297
	F11_('S1', 'E1')_t5_max: 499
	F18_('S2', 'S1')_t3_min: 114403
	F1_('E2', 'S2')_tb: 14284
	F13_('E5', 'S5')_t5_min: 5822
	F4_('E1', 'S1')_t5_max: 15285
	F19_('S3', 'S4')_t5_min: 2872
	F12_('S3', 'E3')_t4_max: 430
	F0_('E4', 'S4')_t5_max: 6520
	F9_('E1', 'S1')_t3_min: 127286
	F18_('E2', 'S2')_t5_max: 114401
	F1_('E2', 'S2')_t4_min: 14284
	F15_('E4', 'S4')_t4_max: 36120
	F6_('S1', 'S2')_t3_min: 125939
	F5_('S5', 'E5')_t4_max: 30706
	F9_('S1', 'S2')_t5_min: 127415
	F13_('E5', 'S5')_t5_max: 5822
	F3_('S5', 'S4')_t3_min: 7522
