0. Flow F0 [E1-->E2] with period 64000, payload 861B, e2e delay 64000us, jitter 6400us
	('E1', 'S1'), Operation(59036, None, 59105)(59036, 59036)
	('S1', 'S2'), Operation(59107, None, 59305)(59107, 59236)
	('S2', 'E2'), Operation(59178, None, 59505)(59178, 59436)
1. Flow F1 [E2-->E3] with period 2000, payload 253B, e2e delay 2000us, jitter 200us
	('E2', 'S2'), Operation(416, None, 437)(416, 416)
	('S2', 'S3'), Operation(439, 569, 590)(569, 569)
	('S3', 'E3'), Operation(592, 720, 741)(720, 720)
2. Flow F2 [E4-->E2] with period 64000, payload 1393B, e2e delay 64000us, jitter 6400us
	('E4', 'S4'), Operation(37645, None, 37757)(37645, 37645)
	('S4', 'S3'), Operation(37759, None, 38000)(37759, 37888)
	('S3', 'S2'), Operation(37873, None, 38243)(37873, 38131)
	('S2', 'E2'), Operation(37987, 38373, 38485)(38373, 38373)
3. Flow F3 [E1-->E5] with period 4000, payload 483B, e2e delay 4000us, jitter 400us
	('E1', 'S1'), Operation(2059, None, 2098)(2059, 2059)
	('S1', 'S2'), Operation(2100, None, 2268)(2100, 2229)
	('S2', 'S3'), Operation(2141, None, 2438)(2141, 2399)
	('S3', 'S4'), Operation(2182, 2568, 2607)(2568, 2568)
	('S4', 'S5'), Operation(2609, 2737, 2776)(2737, 2737)
	('S5', 'E5'), Operation(2778, 2783, 2822)(2783, 2783)
4. Flow F4 [E3-->E2] with period 32000, payload 819B, e2e delay 32000us, jitter 3200us
	('E3', 'S3'), Operation(28023, None, 28089)(28023, 28023)
	('S3', 'S2'), Operation(28091, None, 28286)(28091, 28220)
	('S2', 'E2'), Operation(28159, None, 28483)(28159, 28417)
5. Flow F5 [E3-->E4] with period 128000, payload 448B, e2e delay 128000us, jitter 12800us
	('E3', 'S3'), Operation(53026, None, 53062)(53026, 53026)
	('S3', 'S4'), Operation(53064, None, 53229)(53064, 53193)
	('S4', 'E4'), Operation(53102, None, 53396)(53102, 53360)
6. Flow F6 [E5-->E1] with period 8000, payload 378B, e2e delay 8000us, jitter 800us
	('E5', 'S5'), Operation(6880, None, 6911)(6880, 6880)
	('S5', 'S4'), Operation(6913, 6944, 6975)(6944, 6944)
	('S4', 'S3'), Operation(6977, 6982, 7013)(6982, 6982)
	('S3', 'S2'), Operation(7015, None, 7175)(7015, 7144)
	('S2', 'S1'), Operation(7048, None, 7337)(7048, 7306)
	('S1', 'E1'), Operation(7081, None, 7499)(7081, 7468)
7. Flow F7 [E4-->E2] with period 2000, payload 1220B, e2e delay 2000us, jitter 200us
	('E4', 'S4'), Operation(490, None, 588)(490, 490)
	('S4', 'S3'), Operation(590, 687, 785)(687, 687)
	('S3', 'S2'), Operation(787, None, 1014)(787, 916)
	('S2', 'E2'), Operation(887, 1021, 1119)(1021, 1021)
8. Flow F8 [E5-->E4] with period 64000, payload 765B, e2e delay 64000us, jitter 6400us
	('E5', 'S5'), Operation(6912, None, 6974)(6912, 6912)
	('S5', 'S4'), Operation(6976, None, 7167)(6976, 7105)
	('S4', 'E4'), Operation(7040, None, 7360)(7040, 7298)
9. Flow F9 [E1-->E2] with period 128000, payload 679B, e2e delay 128000us, jitter 12800us
	('E1', 'S1'), Operation(119100, None, 119155)(119100, 119100)
	('S1', 'S2'), Operation(119157, None, 119341)(119157, 119286)
	('S2', 'E2'), Operation(119214, None, 119527)(119214, 119472)
10. Flow F10 [E3-->E5] with period 32000, payload 1149B, e2e delay 32000us, jitter 3200us
	('E3', 'S3'), Operation(13256, None, 13348)(13256, 13256)
	('S3', 'S4'), Operation(13350, None, 13571)(13350, 13479)
	('S4', 'S5'), Operation(13444, None, 13794)(13444, 13702)
	('S5', 'E5'), Operation(13538, None, 14017)(13538, 13925)
11. Flow F11 [E4-->E3] with period 32000, payload 1383B, e2e delay 32000us, jitter 3200us
	('E4', 'S4'), Operation(26922, None, 27033)(26922, 26922)
	('S4', 'S3'), Operation(27035, None, 27275)(27035, 27164)
	('S3', 'E3'), Operation(27148, None, 27517)(27148, 27406)
12. Flow F12 [E4-->E3] with period 2000, payload 1446B, e2e delay 2000us, jitter 200us
	('E4', 'S4'), Operation(1387, None, 1503)(1387, 1387)
	('S4', 'S3'), Operation(1505, None, 1750)(1505, 1634)
	('S3', 'E3'), Operation(1623, 1881, 1997)(1881, 1881)
13. Flow F13 [E5-->E4] with period 8000, payload 1327B, e2e delay 8000us, jitter 800us
	('E5', 'S5'), Operation(3415, None, 3522)(3415, 3415)
	('S5', 'S4'), Operation(3524, None, 3760)(3524, 3653)
	('S4', 'E4'), Operation(3633, None, 3998)(3633, 3891)
14. Flow F14 [E1-->E5] with period 8000, payload 1321B, e2e delay 8000us, jitter 800us
	('E1', 'S1'), Operation(4247, None, 4353)(4247, 4247)
	('S1', 'S2'), Operation(4355, 4483, 4589)(4483, 4483)
	('S2', 'S3'), Operation(4591, None, 4826)(4591, 4720)
	('S3', 'S4'), Operation(4699, None, 5063)(4699, 4957)
	('S4', 'S5'), Operation(4807, None, 5300)(4807, 5194)
	('S5', 'E5'), Operation(4915, None, 5537)(4915, 5431)
15. Flow F15 [E2-->E4] with period 128000, payload 1309B, e2e delay 128000us, jitter 12800us
	('E2', 'S2'), Operation(104484, None, 104589)(104484, 104484)
	('S2', 'S3'), Operation(104591, None, 104825)(104591, 104720)
	('S3', 'S4'), Operation(104698, None, 105061)(104698, 104956)
	('S4', 'E4'), Operation(104805, None, 105297)(104805, 105192)
16. Flow F16 [E1-->E5] with period 4000, payload 1417B, e2e delay 4000us, jitter 400us
	('E1', 'S1'), Operation(2231, None, 2345)(2231, 2231)
	('S1', 'S2'), Operation(2347, 2475, 2589)(2475, 2475)
	('S2', 'S3'), Operation(2591, 2596, 2710)(2596, 2596)
	('S3', 'S4'), Operation(2712, 2717, 2831)(2717, 2717)
	('S4', 'S5'), Operation(2833, 2838, 2952)(2838, 2838)
	('S5', 'E5'), Operation(2954, 3082, 3196)(3082, 3082)
17. Flow F17 [E4-->E3] with period 4000, payload 664B, e2e delay 4000us, jitter 400us
	('E4', 'S4'), Operation(1945, None, 1999)(1945, 1945)
	('S4', 'S3'), Operation(2001, None, 2184)(2001, 2130)
	('S3', 'E3'), Operation(2057, None, 2369)(2057, 2315)
18. Flow F18 [E4-->E3] with period 128000, payload 221B, e2e delay 128000us, jitter 12800us
	('E4', 'S4'), Operation(56395, None, 56413)(56395, 56395)
	('S4', 'S3'), Operation(56415, 56420, 56438)(56420, 56420)
	('S3', 'E3'), Operation(56440, None, 56587)(56440, 56569)
19. Flow F19 [E4-->E1] with period 2000, payload 1250B, e2e delay 2000us, jitter 200us
	('E4', 'S4'), Operation(83, None, 183)(83, 83)
	('S4', 'S3'), Operation(185, None, 414)(185, 314)
	('S3', 'S2'), Operation(287, 421, 521)(421, 421)
	('S2', 'S1'), Operation(523, None, 752)(523, 652)
	('S1', 'E1'), Operation(625, 882, 982)(882, 882)
20. Flow F20 [E3-->E5] with period 16000, payload 1195B, e2e delay 16000us, jitter 1600us
	('E3', 'S3'), Operation(15222, None, 15318)(15222, 15222)
	('S3', 'S4'), Operation(15320, None, 15545)(15320, 15449)
	('S4', 'S5'), Operation(15418, None, 15772)(15418, 15676)
	('S5', 'E5'), Operation(15516, None, 15999)(15516, 15903)
21. Flow F21 [E1-->E3] with period 32000, payload 1338B, e2e delay 32000us, jitter 3200us
	('E1', 'S1'), Operation(27196, None, 27304)(27196, 27196)
	('S1', 'S2'), Operation(27306, 27311, 27419)(27311, 27311)
	('S2', 'S3'), Operation(27421, 27888, 27996)(27888, 27888)
	('S3', 'E3'), Operation(27998, 28127, 28235)(28127, 28127)
22. Flow F22 [E2-->E4] with period 16000, payload 474B, e2e delay 16000us, jitter 1600us
	('E2', 'S2'), Operation(8231, None, 8269)(8231, 8231)
	('S2', 'S3'), Operation(8271, None, 8438)(8271, 8400)
	('S3', 'S4'), Operation(8311, None, 8607)(8311, 8569)
	('S4', 'E4'), Operation(8351, None, 8776)(8351, 8738)
23. Flow F23 [E3-->E4] with period 128000, payload 1172B, e2e delay 128000us, jitter 12800us
	('E3', 'S3'), Operation(25862, 25862, 25956)(25862, 25862)
	('S3', 'S4'), Operation(25958, None, 26181)(25958, 26087)
	('S4', 'E4'), Operation(26054, None, 26406)(26054, 26312)
24. Flow F24 [E3-->E1] with period 128000, payload 1405B, e2e delay 128000us, jitter 12800us
	('E3', 'S3'), Operation(120430, None, 120543)(120430, 120430)
	('S3', 'S2'), Operation(120545, 120673, 120786)(120673, 120673)
	('S2', 'S1'), Operation(120788, 120916, 121029)(120916, 120916)
	('S1', 'E1'), Operation(121031, None, 121273)(121031, 121160)
25. Flow F25 [E5-->E4] with period 4000, payload 1077B, e2e delay 4000us, jitter 400us
	('E5', 'S5'), Operation(3327, None, 3414)(3327, 3327)
	('S5', 'S4'), Operation(3416, 3436, 3523)(3436, 3436)
	('S4', 'E4'), Operation(3525, 3545, 3632)(3545, 3545)
26. Flow F26 [E1-->E4] with period 8000, payload 1163B, e2e delay 8000us, jitter 800us
	('E1', 'S1'), Operation(1431, None, 1525)(1431, 1431)
	('S1', 'S2'), Operation(1527, 1532, 1626)(1532, 1532)
	('S2', 'S3'), Operation(1628, 1633, 1727)(1633, 1633)
	('S3', 'S4'), Operation(1729, 1734, 1828)(1734, 1734)
	('S4', 'E4'), Operation(1830, None, 2053)(1830, 1959)
27. Flow F27 [E1-->E2] with period 4000, payload 1383B, e2e delay 4000us, jitter 400us
	('E1', 'S1'), Operation(1526, None, 1637)(1526, 1526)
	('S1', 'S2'), Operation(1639, 1707, 1818)(1707, 1707)
	('S2', 'E2'), Operation(1820, 1825, 1936)(1825, 1825)
28. Flow F28 [E4-->E5] with period 2000, payload 934B, e2e delay 2000us, jitter 200us
	('E4', 'S4'), Operation(414, None, 489)(414, 414)
	('S4', 'S5'), Operation(491, 496, 571)(496, 496)
	('S5', 'E5'), Operation(573, None, 777)(573, 702)
29. Flow F29 [E1-->E2] with period 2000, payload 1257B, e2e delay 2000us, jitter 200us
	('E1', 'S1'), Operation(1317, None, 1418)(1317, 1317)
	('S1', 'S2'), Operation(1420, 1425, 1526)(1425, 1425)
	('S2', 'E2'), Operation(1528, 1656, 1757)(1656, 1656)
30. Flow F30 [E4-->E2] with period 32000, payload 774B, e2e delay 32000us, jitter 3200us
	('E4', 'S4'), Operation(9745, None, 9807)(9745, 9745)
	('S4', 'S3'), Operation(9809, None, 10000)(9809, 9938)
	('S3', 'S2'), Operation(9873, None, 10193)(9873, 10131)
	('S2', 'E2'), Operation(9937, 10323, 10385)(10323, 10323)
31. Flow F31 [E1-->E2] with period 4000, payload 243B, e2e delay 4000us, jitter 400us
	('E1', 'S1'), Operation(2688, None, 2708)(2688, 2688)
	('S1', 'S2'), Operation(2710, None, 2859)(2710, 2839)
	('S2', 'E2'), Operation(2732, 2866, 2886)(2866, 2866)
32. Flow F32 [E2-->E3] with period 64000, payload 103B, e2e delay 64000us, jitter 6400us
	('E2', 'S2'), Operation(56121, None, 56130)(56121, 56121)
	('S2', 'S3'), Operation(56132, None, 56270)(56132, 56261)
	('S3', 'E3'), Operation(56143, None, 56410)(56143, 56401)
33. Flow F33 [E4-->E1] with period 2000, payload 1227B, e2e delay 2000us, jitter 200us
	('E4', 'S4'), Operation(1175, None, 1274)(1175, 1175)
	('S4', 'S3'), Operation(1276, None, 1504)(1276, 1405)
	('S3', 'S2'), Operation(1377, None, 1734)(1377, 1635)
	('S2', 'S1'), Operation(1478, 1794, 1893)(1794, 1794)
	('S1', 'E1'), Operation(1895, 1900, 1999)(1900, 1900)
34. Flow F34 [E5-->E2] with period 8000, payload 1516B, e2e delay 8000us, jitter 800us
	('E5', 'S5'), Operation(638, None, 760)(638, 638)
	('S5', 'S4'), Operation(762, 767, 889)(767, 767)
	('S4', 'S3'), Operation(891, None, 1142)(891, 1020)
	('S3', 'S2'), Operation(1015, 1152, 1274)(1152, 1152)
	('S2', 'E2'), Operation(1276, None, 1527)(1276, 1405)
35. Flow F35 [E3-->E4] with period 32000, payload 635B, e2e delay 32000us, jitter 3200us
	('E3', 'S3'), Operation(27109, None, 27160)(27109, 27109)
	('S3', 'S4'), Operation(27162, None, 27342)(27162, 27291)
	('S4', 'E4'), Operation(27215, None, 27524)(27215, 27473)
36. Flow F36 [E4-->E2] with period 8000, payload 1245B, e2e delay 8000us, jitter 800us
	('E4', 'S4'), Operation(4814, None, 4914)(4814, 4814)
	('S4', 'S3'), Operation(4916, None, 5145)(4916, 5045)
	('S3', 'S2'), Operation(5018, None, 5376)(5018, 5276)
	('S2', 'E2'), Operation(5120, 5383, 5483)(5383, 5383)
37. Flow F37 [E5-->E1] with period 8000, payload 180B, e2e delay 8000us, jitter 800us
	('E5', 'S5'), Operation(1, None, 16)(1, 1)
	('S5', 'S4'), Operation(18, 23, 38)(23, 23)
	('S4', 'S3'), Operation(40, None, 184)(40, 169)
	('S3', 'S2'), Operation(57, 271, 286)(271, 271)
	('S2', 'S1'), Operation(288, 416, 431)(416, 416)
	('S1', 'E1'), Operation(433, 561, 576)(561, 561)
38. Flow F38 [E5-->E2] with period 64000, payload 1073B, e2e delay 64000us, jitter 6400us
	('E5', 'S5'), Operation(43673, None, 43759)(43673, 43673)
	('S5', 'S4'), Operation(43761, 43766, 43852)(43766, 43766)
	('S4', 'S3'), Operation(43854, None, 44069)(43854, 43983)
	('S3', 'S2'), Operation(43942, None, 44286)(43942, 44200)
	('S2', 'E2'), Operation(44030, 44293, 44379)(44293, 44293)
39. Flow F39 [E1-->E5] with period 8000, payload 1273B, e2e delay 8000us, jitter 800us
	('E1', 'S1'), Operation(2486, None, 2588)(2486, 2486)
	('S1', 'S2'), Operation(2590, 2607, 2709)(2607, 2607)
	('S2', 'S3'), Operation(2711, 2826, 2928)(2826, 2826)
	('S3', 'S4'), Operation(2930, None, 3161)(2930, 3059)
	('S4', 'S5'), Operation(3034, 3291, 3393)(3291, 3291)
	('S5', 'E5'), Operation(3395, 3400, 3502)(3400, 3400)

SMT variables: 
	F32_jitter: 258
	F13_('S5', 'S4')_rr: 0
	F33_('E4', 'S4')_gc: False
	('S4', 'S3')_gcl_cycle: 128000
	F31_('S1', 'S2')_t4_max: 2839
	F16_('S1', 'S2')_t4_min: 2475
	F7_queue_index: 0
	F3_('S4', 'S5')_gc: True
	F37_('S2', 'S1')_gc: True
	F10_('S3', 'S4')_rr: 0
	F37_('S2', 'S1')_t4_max: 416
	F32_('S2', 'S3')_t3_max: 56137
	F26_('S2', 'S3')_t4_min: 1633
	F22_queue_index: 0
	F16_('S2', 'S3')_t4_max: 2596
	F2_('E4', 'S4')_rr: 0
	F7_('E4', 'S4')_rr: 0
	F24_('S3', 'S2')_t4_max: 120673
	F39_('S2', 'S3')_gc: True
	F0_('E1', 'S1')_gc: False
	F7_('S4', 'S3')_rr: 64
	F16_('E1', 'S1')_t3_max: 2107
	F34_('S5', 'S4')_rr: 8
	F10_('S3', 'S4')_t4_min: 13350
	F39_('S5', 'E5')_rr: 1
	F32_('E2', 'S2')_gc: False
	F39_('S1', 'S2')_rr: 4
	F24_('E3', 'S3')_rr: 0
	F18_('S4', 'S3')_t4_max: 56420
	F16_('S5', 'E5')_tb: 3082
	F26_('S3', 'S4')_tb: 1734
	F5_('E3', 'S3')_gc: False
	F0_('S1', 'S2')_gc: False
	F7_('E4', 'S4')_t3_max: 366
	F5_('S3', 'S4')_t4_min: 53064
	F6_('S4', 'S3')_t4_min: 6982
	F8_('S4', 'E4')_t4_min: 7040
	F28_('S5', 'E5')_rr: 0
	F9_('S1', 'S2')_t4_min: 119157
	F6_('S3', 'S2')_rr: 0
	F13_jitter: 258
	F1_jitter: 0
	F30_('S2', 'E2')_t4_min: 10323
	F20_('S4', 'S5')_t4_max: 15676
	F15_jitter: 387
	F18_('S3', 'E3')_gc: False
	F26_('E1', 'S1')_t3_max: 1307
	F10_('S5', 'E5')_gc: False
	F8_('E5', 'S5')_t4_min: 6912
	F36_('S3', 'S2')_gc: False
	F2_('S3', 'S2')_tb: 37873
	F32_('E2', 'S2')_t3_max: 55997
	F6_queue_index: 0
	F7_('E4', 'S4')_gc: False
	F31_('S2', 'E2')_tb: 2866
	F37_('S5', 'S4')_rr: 8
	F37_('S1', 'E1')_t4_min: 561
	F16_('S3', 'S4')_t4_max: 2717
	F9_('S2', 'E2')_t3_min: 119214
	F39_('S1', 'S2')_gc: True
	F37_('E5', 'S5')_t3_max: -123
	F21_('E1', 'S1')_gc: False
	('E2', 'S2')_gcl_cycle: 1
	F2_('S2', 'E2')_rr: 1
	F16_('S1', 'S2')_gc: True
	('S2', 'E2')_gcl_cycle: 64000
	F39_('S1', 'S2')_t4_min: 2607
	F0_('S1', 'S2')_rr: 0
	F4_('E3', 'S3')_t3_max: 27899
	F16_('S3', 'S4')_gc: True
	F34_('S3', 'S2')_t4_min: 1152
	F18_('E4', 'S4')_t5_min: 56413
	F14_('S4', 'S5')_gc: False
	('S3', 'E3')_gcl_cycle: 32000
	F36_('S3', 'S2')_t4_max: 5276
	F14_('S5', 'E5')_gc: False
	F15_('E2', 'S2')_t3_max: 104360
	F30_('S4', 'S3')_rr: 0
	F27_('S1', 'S2')_t3_min: 1639
	F38_('S4', 'S3')_gc: False
	F3_('S2', 'S3')_t4_min: 2141
	F27_('S1', 'S2')_t4_min: 1707
	F28_jitter: 129
	F37_('S4', 'S3')_t4_min: 40
	F38_('S4', 'S3')_t4_min: 43854
	F16_('S5', 'E5')_gc: True
	F22_('E2', 'S2')_gc: False
	F15_('S4', 'E4')_rr: 0
	F16_('S3', 'S4')_rr: 2
	F14_('E1', 'S1')_t3_max: 4123
	F14_('S1', 'S2')_t4_min: 4483
	F31_('S1', 'S2')_tb: 2710
	F16_('S2', 'S3')_gc: True
	F28_('E4', 'S4')_rr: 0
	F31_('S2', 'E2')_rr: 16
	F27_('S2', 'E2')_rr: 16
	F29_('S2', 'E2')_t4_min: 1656
	F33_('S2', 'S1')_rr: 64
	F2_('S4', 'S3')_t3_max: 37764
	F11_('S4', 'S3')_t4_min: 27035
	F37_('S1', 'E1')_t4_max: 561
	F17_('S4', 'S3')_t3_max: 2006
	F12_('S3', 'E3')_rr: 16
	F37_('S5', 'S4')_t3_max: 23
	F39_('S1', 'S2')_t3_min: 2590
	F14_('S1', 'S2')_t4_max: 4483
	F3_('E1', 'S1')_rr: 0
	F9_('S2', 'E2')_t4_min: 119214
	F32_('E2', 'S2')_t5_min: 56130
	F1_('S2', 'S3')_t3_max: 444
	F37_('S4', 'S3')_gc: False
	F33_('S1', 'E1')_gc: True
	F26_('S3', 'S4')_t4_max: 1734
	F27_('S1', 'S2')_rr: 8
	F18_('S3', 'E3')_rr: 0
	F3_('E1', 'S1')_t3_max: 1935
	F3_('S3', 'S4')_rr: 2
	F32_('S3', 'E3')_gc: False
	F14_('S4', 'S5')_t3_max: 5070
	F30_('E4', 'S4')_rr: 0
	F31_('S2', 'E2')_t5_max: 2886
	F38_queue_index: 0
	F17_('S4', 'S3')_rr: 0
	F23_queue_index: 0
	F37_('S5', 'S4')_t4_max: 23
	('E1', 'S1')_gcl_cycle: 1
	F3_('S4', 'S5')_t3_min: 2609
	F38_('S4', 'S3')_t4_max: 43983
	F20_('S3', 'S4')_t4_min: 15320
	F3_('S3', 'S4')_gc: True
	F18_jitter: 129
	F26_('S3', 'S4')_t4_min: 1734
	('S1', 'S2')_gcl_cycle: 32000
	F37_('S2', 'S1')_t4_min: 416
	F21_('S3', 'E3')_tb: 28127
	F27_('S1', 'S2')_gc: True
	F34_('S2', 'E2')_t4_max: 1405
	F9_('S1', 'S2')_t4_max: 119286
	F34_('S4', 'S3')_gc: False
	F19_('S2', 'S1')_t4_min: 523
	F37_('S5', 'S4')_t4_min: 23
	F36_('E4', 'S4')_tb: 4814
	F18_('S3', 'E3')_t4_min: 56440
	F25_('S5', 'S4')_t3_max: 3421
	F7_('S3', 'S2')_t4_min: 787
	F32_('S2', 'S3')_rr: 0
	F24_('E3', 'S3')_gc: False
	F17_('S4', 'S3')_gc: False
	F16_('S5', 'E5')_rr: 2
	F21_jitter: 0
	F30_('S4', 'S3')_gc: False
	F1_('E2', 'S2')_gc: False
	F19_('S1', 'E1')_t4_min: 882
	F15_('S4', 'E4')_gc: False
	F38_('S2', 'E2')_t5_max: 44379
	F19_('S3', 'S2')_t4_min: 421
	F20_('S4', 'S5')_tb: 15418
	F21_('S1', 'S2')_t4_min: 27311
	F14_('S1', 'S2')_rr: 4
	F22_('S3', 'S4')_rr: 0
	F24_('S2', 'S1')_gc: True
	F29_('E1', 'S1')_gc: False
	F20_('S5', 'E5')_t4_min: 15516
	F11_queue_index: 0
	F31_('E1', 'S1')_gc: False
	F26_('S4', 'E4')_gc: False
	F6_('S2', 'S1')_t4_max: 7306
	F25_('E5', 'S5')_gc: False
	F27_('E1', 'S1')_gc: False
	F28_('S5', 'E5')_t4_min: 573
	F26_('S4', 'E4')_t4_min: 1830
	F2_('S3', 'S2')_rr: 0
	F8_('E5', 'S5')_tb: 6912
	F36_('S4', 'S3')_t3_max: 4921
	F26_('S3', 'S4')_gc: True
	F15_queue_index: 0
	F39_('S2', 'S3')_t4_min: 2826
	F16_('S3', 'S4')_t3_min: 2712
	F26_jitter: 129
	F5_('S3', 'S4')_t4_max: 53193
	F39_('S3', 'S4')_t4_min: 2930
	F28_('S5', 'E5')_t5_max: 777
	('S1', 'E1')_gcl_cycle: 8000
	F3_('S5', 'E5')_gc: True
	F2_('S4', 'S3')_rr: 0
	F1_('S3', 'E3')_t4_min: 720
	F20_('S3', 'S4')_tb: 15320
	F6_('S5', 'S4')_gc: True
	F27_('S2', 'E2')_gc: True
	F12_queue_index: 0
	F30_jitter: 0
	F38_('E5', 'S5')_t3_max: 43549
	F8_('S5', 'S4')_t4_min: 6976
	F23_('S3', 'S4')_t3_max: 25963
	F20_jitter: 387
	F3_('S4', 'S5')_t4_min: 2737
	F10_jitter: 387
	F33_('S3', 'S2')_t4_max: 1635
	F21_('S2', 'S3')_t3_min: 27421
	F14_('S3', 'S4')_rr: 0
	F30_('S4', 'S3')_t4_min: 9809
	F1_('S3', 'E3')_gc: True
	F34_('S4', 'S3')_rr: 0
	F26_('S1', 'S2')_rr: 4
	F26_('E1', 'S1')_gc: False
	F19_('S4', 'S3')_gc: False
	F22_('E2', 'S2')_t5_min: 8269
	F39_jitter: 0
	F6_('S5', 'S4')_t4_max: 6944
	F14_('S2', 'S3')_t4_min: 4591
	F20_('S5', 'E5')_rr: 0
	F29_jitter: 0
	F22_('S2', 'S3')_gc: False
	F15_('S3', 'S4')_gc: False
	F20_('S3', 'S4')_t5_min: 15416
	F20_('E3', 'S3')_t3_max: 15098
	F25_('S4', 'E4')_gc: True
	F33_queue_index: 0
	F29_('S1', 'S2')_t3_min: 1420
	F29_('S1', 'S2')_t4_max: 1425
	F6_('S3', 'S2')_t4_min: 7015
	F9_jitter: 258
	F22_('S2', 'S3')_t4_max: 8400
	F10_('S5', 'E5')_tb: 13538
	F21_('S3', 'E3')_gc: True
	F15_('E2', 'S2')_t4_max: 104484
	F17_('E4', 'S4')_t3_max: 1821
	F25_('E5', 'S5')_t3_max: 3203
	F36_('S4', 'S3')_rr: 0
	F39_('S3', 'S4')_gc: False
	F9_('E1', 'S1')_t3_max: 118976
	F0_queue_index: 0
	F16_queue_index: 0
	F2_('S3', 'S2')_gc: False
	F7_('S4', 'S3')_gc: True
	F20_('S3', 'S4')_t4_max: 15449
	F5_('S4', 'E4')_rr: 0
	F15_('S2', 'S3')_t4_min: 104591
	F21_('E1', 'S1')_rr: 0
	F33_('S1', 'E1')_rr: 4
	F23_('E3', 'S3')_rr: 1
	F33_('S3', 'S2')_gc: False
	F35_('S4', 'E4')_gc: False
	F20_('E3', 'S3')_t5_min: 15318
	F24_('S2', 'S1')_t4_min: 120916
	F37_('S5', 'S4')_gc: True
	F32_('S2', 'S3')_gc: False
	F27_('E1', 'S1')_t3_max: 1402
	F39_('S1', 'S2')_t3_max: 2595
	F19_('S3', 'S2')_t4_max: 421
	F25_('S5', 'S4')_gc: True
	F35_('S3', 'S4')_rr: 0
	F12_('E4', 'S4')_rr: 0
	F24_('S1', 'E1')_rr: 0
	F24_('S3', 'S2')_t3_min: 120545
	F39_('S2', 'S3')_t4_max: 2826
	F6_('S3', 'S2')_t4_max: 7144
	F16_('E1', 'S1')_rr: 0
	F22_('S2', 'S3')_t4_min: 8271
	('E3', 'S3')_gcl_cycle: 128000
	F24_jitter: 129
	F0_('S1', 'S2')_t4_min: 59107
	F39_('S2', 'S3')_t3_max: 2716
	F4_('S2', 'E2')_t3_max: 28293
	F18_('S3', 'E3')_t3_min: 56440
	F15_('E2', 'S2')_rr: 0
	F28_('S5', 'E5')_t3_max: 578
	F3_('S4', 'S5')_t5_max: 2776
	F7_jitter: 0
	F2_queue_index: 0
	F16_('S1', 'S2')_t4_max: 2475
	F36_('S2', 'E2')_t4_min: 5383
	('S2', 'S1')_gcl_cycle: 128000
	F24_('S3', 'S2')_rr: 1
	F30_('S4', 'S3')_t3_max: 9814
	F21_('S1', 'S2')_rr: 1
	F22_('S3', 'S4')_t4_min: 8311
	F33_('S4', 'S3')_gc: False
	F6_('S2', 'S1')_t3_min: 7048
	F34_jitter: 129
	F29_('E1', 'S1')_t5_min: 1418
	F2_('S3', 'S2')_t4_max: 38131
	F26_('S2', 'S3')_rr: 4
	F36_('S3', 'S2')_t5_max: 5376
	F0_('S2', 'E2')_rr: 0
	F32_('S2', 'S3')_t4_max: 56261
	F12_('S4', 'S3')_gc: False
	F4_('E3', 'S3')_gc: False
	F35_('S3', 'S4')_t3_max: 27167
	F25_jitter: 0
	F10_('S3', 'S4')_gc: False
	F19_('S4', 'S3')_t3_max: 190
	F6_('S2', 'S1')_rr: 0
	F35_('E3', 'S3')_gc: False
	F21_queue_index: 0
	F13_('S4', 'E4')_gc: False
	F34_('S5', 'S4')_gc: True
	F8_('S5', 'S4')_rr: 0
	F36_('E4', 'S4')_t3_max: 4690
	F24_('S3', 'S2')_t4_min: 120673
	F9_('E1', 'S1')_rr: 0
	F17_('S4', 'S3')_t4_min: 2001
	F38_('S4', 'S3')_rr: 0
	F28_('S4', 'S5')_t3_max: 496
	F13_('S4', 'E4')_rr: 0
	F35_jitter: 258
	F6_('S5', 'S4')_t4_min: 6944
	F16_('E1', 'S1')_gc: False
	F36_('S3', 'S2')_rr: 0
	F30_('E4', 'S4')_tb: 9745
	F16_('S4', 'S5')_t5_max: 2952
	F9_('S1', 'S2')_rr: 0
	F24_('S2', 'S1')_rr: 1
	F14_jitter: 516
	F17_('E4', 'S4')_gc: False
	F29_('S1', 'S2')_t3_max: 1425
	F24_('S3', 'S2')_gc: True
	F30_('S3', 'S2')_t4_min: 9873
	F35_('E3', 'S3')_t4_min: 27109
	F38_('S3', 'S2')_t4_max: 44200
	F38_('S2', 'E2')_t4_min: 44293
	F19_('S3', 'S2')_rr: 64
	F39_('S1', 'S2')_t4_max: 2607
	F36_('S4', 'S3')_tb: 4916
	F36_('S3', 'S2')_t4_min: 5018
	F16_('S2', 'S3')_t5_min: 2710
	F30_('S3', 'S2')_gc: False
	F16_('S4', 'S5')_rr: 2
	F37_('S1', 'E1')_rr: 1
	F13_('E5', 'S5')_t3_max: 3291
	F38_jitter: 0
	F16_('E1', 'S1')_t4_min: 2231
	F7_('S3', 'S2')_rr: 0
	F15_('S2', 'S3')_t4_max: 104720
	F3_('S3', 'S4')_tb: 2568
	F39_('S2', 'S3')_rr: 4
	('E4', 'S4')_gcl_cycle: 1
	F39_('E1', 'S1')_rr: 0
	F35_('E3', 'S3')_rr: 0
	F33_('S4', 'S3')_t4_min: 1276
	F19_('S2', 'S1')_gc: False
	F28_('E4', 'S4')_gc: False
	F3_('S3', 'S4')_t4_max: 2568
	F22_('S2', 'S3')_rr: 0
	F36_('S4', 'S3')_gc: False
	F14_('S4', 'S5')_rr: 0
	F32_('S3', 'E3')_t4_min: 56143
	F8_('S4', 'E4')_rr: 0
	F3_jitter: 0
	F27_queue_index: 0
	F26_('S1', 'S2')_gc: True
	F19_('S3', 'S2')_gc: True
	F20_('E3', 'S3')_gc: False
	F21_('S1', 'S2')_t4_max: 27311
	F25_('S4', 'E4')_t4_min: 3545
	F27_('S1', 'S2')_tb: 1707
	F33_('S2', 'S1')_t3_max: 1741
	F7_('S2', 'E2')_rr: 32
	F34_('S3', 'S2')_gc: True
	F18_('E4', 'S4')_t3_max: 56271
	F12_('S4', 'S3')_t3_max: 1510
	F26_('S1', 'S2')_t4_min: 1532
	F36_('S4', 'S3')_t4_max: 5045
	F12_jitter: 0
	F13_('E5', 'S5')_t5_max: 3522
	F38_('E5', 'S5')_rr: 0
	F7_('S2', 'E2')_gc: True
	F17_queue_index: 0
	F0_('S2', 'E2')_t4_min: 59178
	F14_('S3', 'S4')_t4_min: 4699
	F8_('E5', 'S5')_rr: 0
	F8_queue_index: 0
	F10_('S4', 'S5')_gc: False
	F39_('S5', 'E5')_gc: True
	F27_('S1', 'S2')_t4_max: 1707
	F15_('S2', 'S3')_t3_max: 104596
	F14_('S2', 'S3')_t4_max: 4720
	('S3', 'S2')_gcl_cycle: 128000
	F31_('E1', 'S1')_t3_max: 2564
	F2_('S2', 'E2')_t4_min: 38373
	F23_jitter: 258
	F26_('S2', 'S3')_t4_max: 1633
	F33_('S3', 'S2')_rr: 0
	F14_('S2', 'S3')_t3_max: 4596
	F9_('S1', 'S2')_t5_min: 119212
	F36_('S2', 'E2')_gc: True
	F37_queue_index: 0
	F31_queue_index: 0
	F19_jitter: 0
	F3_('S1', 'S2')_t4_min: 2100
	F34_('S5', 'S4')_t4_max: 767
	F31_('S1', 'S2')_t4_min: 2710
	F16_('S4', 'S5')_t4_max: 2838
	F22_('S2', 'S3')_t5_min: 8309
	F25_('E5', 'S5')_t5_min: 3414
	F23_('E3', 'S3')_tb: 25862
	F26_('S1', 'S2')_t4_max: 1532
	F11_('S4', 'S3')_rr: 0
	F1_('S2', 'S3')_t4_min: 569
	F35_('S3', 'S4')_t4_max: 27291
	F12_('E4', 'S4')_t5_max: 1503
	F16_('S2', 'S3')_t4_min: 2596
	F11_('S4', 'S3')_t4_max: 27164
	('S4', 'E4')_gcl_cycle: 4000
	F7_('E4', 'S4')_t4_min: 490
	F6_('E5', 'S5')_t3_max: 6756
	F33_('S2', 'S1')_t4_min: 1794
	F27_('S1', 'S2')_t3_max: 1644
	F1_('S2', 'S3')_rr: 16
	F22_('S4', 'E4')_t4_min: 8351
	F18_('E4', 'S4')_gc: False
	F22_('E2', 'S2')_rr: 0
	F6_('S5', 'S4')_rr: 8
	F10_('S4', 'S5')_t4_min: 13444
	F21_('S2', 'S3')_gc: True
	F35_queue_index: 0
	F13_('S5', 'S4')_t4_min: 3524
	('S2', 'S3')_gcl_cycle: 32000
	F22_('S3', 'S4')_gc: False
	F39_('S3', 'S4')_tb: 2930
	F24_('S1', 'E1')_gc: False
	F12_('S4', 'S3')_t4_min: 1505
	F36_queue_index: 0
	F20_('S3', 'S4')_t3_max: 15325
	F19_('E4', 'S4')_gc: False
	F30_('E4', 'S4')_t3_max: 9621
	F15_('S4', 'E4')_t4_min: 104805
	F14_('S3', 'S4')_t3_min: 4699
	F39_('E1', 'S1')_t3_max: 2362
	F29_('S1', 'S2')_gc: True
	F3_('S5', 'E5')_t4_min: 2783
	F6_('E5', 'S5')_gc: False
	F4_('E3', 'S3')_tb: 28023
	F14_('S5', 'E5')_rr: 0
	F7_('S3', 'S2')_gc: False
	F3_('S2', 'S3')_t4_max: 2399
	F29_('S1', 'S2')_rr: 16
	F5_queue_index: 0
	F38_('E5', 'S5')_gc: False
	F30_('S2', 'E2')_t4_max: 10323
	F19_('S4', 'S3')_t4_min: 185
	F28_('E4', 'S4')_t4_max: 414
	F13_('S4', 'E4')_t4_min: 3633
	F29_('S2', 'E2')_t5_min: 1757
	F35_('S4', 'E4')_rr: 0
	F13_('S5', 'S4')_gc: False
	F33_('S2', 'S1')_gc: True
	F31_('S2', 'E2')_t4_min: 2866
	F32_('E2', 'S2')_t3_min: 56121
	F10_('S5', 'E5')_rr: 0
	F18_('E4', 'S4')_rr: 0
	F31_('S1', 'S2')_t3_max: 2715
	F20_('S3', 'S4')_rr: 0
	F21_('S2', 'S3')_t4_max: 27888
	F21_('S3', 'E3')_rr: 1
	F10_('S4', 'S5')_t4_max: 13702
	F37_jitter: 0
	F4_('S3', 'S2')_t4_min: 28091
	F14_('S2', 'S3')_gc: False
	F5_('E3', 'S3')_t3_max: 52902
	F13_('S5', 'S4')_t3_max: 3529
	F11_('E4', 'S4')_rr: 0
	F25_('S5', 'S4')_t4_max: 3436
	F8_('E5', 'S5')_gc: False
	F38_('S3', 'S2')_rr: 0
	F14_('E1', 'S1')_rr: 0
	F25_queue_index: 0
	F10_('E3', 'S3')_rr: 0
	F32_queue_index: 0
	F10_('S5', 'E5')_t4_max: 13925
	F6_('S1', 'E1')_rr: 0
	F16_('S4', 'S5')_gc: True
	F10_('E3', 'S3')_gc: False
	F16_('S5', 'E5')_t4_min: 3082
	F23_('S3', 'S4')_t4_min: 25958
	F19_('E4', 'S4')_rr: 0
	F36_('S4', 'S3')_t4_min: 4916
	F30_('S4', 'S3')_t4_max: 9938
	F18_('S3', 'E3')_t3_max: 56445
	F21_('E1', 'S1')_t3_max: 27072
	F14_('S2', 'S3')_rr: 0
	F2_('S4', 'S3')_gc: False
	F38_('S2', 'E2')_gc: True
	F38_('S5', 'S4')_gc: True
	F3_('S4', 'S5')_t3_max: 2614
	F1_('S2', 'S3')_gc: True
	F28_('S5', 'E5')_gc: False
	F6_('S4', 'S3')_t5_max: 7013
	F8_('S4', 'E4')_gc: False
	F16_('S2', 'S3')_rr: 8
	F22_jitter: 387
	F18_('S4', 'S3')_gc: True
	F17_('E4', 'S4')_rr: 0
	F23_('S4', 'E4')_t5_min: 26148
	F16_('S2', 'S3')_t3_min: 2591
	F3_('S1', 'S2')_t4_max: 2229
	F37_('S3', 'S2')_t4_max: 271
	F35_('S3', 'S4')_gc: False
	F34_('S3', 'S2')_t4_max: 1152
	F39_('S4', 'S5')_gc: True
	F23_('S3', 'S4')_tb: 25958
	F33_('S4', 'S3')_t3_max: 1281
	F26_('S1', 'S2')_t3_max: 1532
	F4_('S3', 'S2')_rr: 0
	F5_('S3', 'S4')_gc: False
	F17_('S4', 'S3')_t4_max: 2130
	F3_('S1', 'S2')_t3_max: 2105
	F33_('E4', 'S4')_t3_max: 1051
	F3_('S2', 'S3')_gc: False
	F36_jitter: 0
	F20_('S5', 'E5')_gc: False
	F10_('S3', 'S4')_t3_max: 13355
	F34_('S2', 'E2')_t5_max: 1527
	F28_('S4', 'S5')_gc: True
	F2_('S4', 'S3')_t4_min: 37759
	F39_queue_index: 0
	F0_('S1', 'S2')_t4_max: 59236
	F7_('S4', 'S3')_t4_min: 687
	F22_('S3', 'S4')_t4_max: 8569
	F31_('E1', 'S1')_rr: 0
	F37_('S4', 'S3')_rr: 0
	F17_('S3', 'E3')_rr: 0
	F26_('E1', 'S1')_rr: 0
	F17_('E4', 'S4')_t4_min: 1945
	F31_('S1', 'S2')_gc: False
	F38_('E5', 'S5')_tb: 43673
	F39_('E1', 'S1')_t4_min: 2486
	F8_('S4', 'E4')_tb: 7040
	F4_('S2', 'E2')_gc: False
	F29_queue_index: 0
	F8_('S5', 'S4')_t4_max: 7105
	F4_('S3', 'S2')_t4_max: 28220
	F11_('S4', 'S3')_t3_max: 27040
	F11_('S3', 'E3')_gc: False
	F29_('S2', 'E2')_rr: 32
	F33_('S1', 'E1')_t4_min: 1900
	F9_('E1', 'S1')_gc: False
	F8_jitter: 258
	F22_('S2', 'S3')_t3_max: 8276
	F26_('S3', 'S4')_rr: 1
	F34_('S4', 'S3')_t4_max: 1020
	F25_('S5', 'S4')_t4_min: 3436
	F21_('S1', 'S2')_gc: True
	F3_('S5', 'E5')_t4_max: 2783
	F21_('S2', 'S3')_rr: 1
	F3_('E1', 'S1')_gc: False
	F8_('S5', 'S4')_t3_max: 6981
	F18_('S4', 'S3')_t3_max: 56420
	F34_('E5', 'S5')_t3_max: 514
	F19_('E4', 'S4')_t3_max: -41
	F34_('S2', 'E2')_t4_min: 1276
	F29_('E1', 'S1')_rr: 0
	F20_('S5', 'E5')_t3_min: 15516
	F9_('E1', 'S1')_t3_min: 119100
	F34_('E5', 'S5')_t5_max: 760
	F2_('S2', 'E2')_gc: True
	F33_('S1', 'E1')_t4_max: 1900
	F33_jitter: 0
	F38_('S5', 'S4')_rr: 1
	F6_('S4', 'S3')_rr: 16
	F11_('E4', 'S4')_t3_max: 26798
	F37_('S4', 'S3')_tb: 40
	F6_('S5', 'S4')_t5_min: 6975
	F15_('E2', 'S2')_gc: False
	F5_jitter: 258
	F10_('E3', 'S3')_t3_max: 13132
	F19_('S2', 'S1')_rr: 0
	F34_('E5', 'S5')_gc: False
	F19_queue_index: 0
	F12_('S3', 'E3')_t4_max: 1881
	F30_('S2', 'E2')_gc: True
	F1_('E2', 'S2')_t3_max: 292
	F34_('E5', 'S5')_rr: 0
	F19_('S4', 'S3')_t4_max: 314
	F9_('S2', 'E2')_rr: 0
	F14_('E1', 'S1')_t5_max: 4353
	F3_('S3', 'S4')_t4_min: 2568
	F23_('S4', 'E4')_gc: False
	F14_('S5', 'E5')_t4_min: 4915
	F12_('E4', 'S4')_t3_max: 1263
	F37_('S1', 'E1')_gc: True
	F6_('S3', 'S2')_gc: False
	F4_jitter: 258
	F3_('S4', 'S5')_rr: 2
	F20_queue_index: 0
	F5_('S3', 'S4')_rr: 0
	F23_('S3', 'S4')_gc: False
	F6_('S5', 'S4')_t3_max: 6918
	F16_('S3', 'S4')_t4_min: 2717
	F3_('S5', 'E5')_t3_min: 2778
	F4_('S2', 'E2')_rr: 0
	F30_('S3', 'S2')_rr: 0
	F30_('S2', 'E2')_rr: 2
	F19_('S1', 'E1')_gc: True
	F6_('S1', 'E1')_t4_min: 7081
	F10_('S3', 'S4')_t4_max: 13479
	F22_('S4', 'E4')_gc: False
	F38_('S4', 'S3')_t3_max: 43859
	F14_queue_index: 0
	F8_('E5', 'S5')_t3_max: 6788
	F15_('S3', 'S4')_rr: 0
	F15_('S3', 'S4')_t4_max: 104956
	F5_('S4', 'E4')_gc: False
	F0_jitter: 258
	F37_('S3', 'S2')_rr: 16
	F19_('E4', 'S4')_t3_min: 83
	F35_('E3', 'S3')_t3_max: 26985
	F39_('E1', 'S1')_gc: False
	F33_('E4', 'S4')_rr: 0
	F1_('E2', 'S2')_rr: 0
	F31_jitter: 0
	F38_('S5', 'S4')_t3_max: 43766
	F28_('E4', 'S4')_t3_max: 290
	F34_queue_index: 0
	F2_('E4', 'S4')_t3_max: 37521
	F6_jitter: 387
	F33_('S4', 'S3')_t4_max: 1405
	F18_queue_index: 0
	F39_('S4', 'S5')_t4_max: 3291
	F15_('S2', 'S3')_gc: False
	F2_('S3', 'S2')_t4_min: 37873
	F32_('S2', 'S3')_t4_min: 56132
	F3_queue_index: 0
	F9_('S2', 'E2')_gc: False
	F7_('S4', 'S3')_t4_max: 687
	F33_('S4', 'S3')_rr: 0
	F14_('S1', 'S2')_t3_max: 4360
	F4_('S3', 'S2')_gc: False
	F28_('S4', 'S5')_t4_max: 496
	F23_('S4', 'E4')_rr: 0
	F32_('S3', 'E3')_rr: 0
	F28_queue_index: 0
	F1_('S2', 'S3')_t4_max: 569
	F4_('S2', 'E2')_t4_min: 28159
	F38_('S5', 'S4')_t4_min: 43766
	F10_('S5', 'E5')_t4_min: 13538
	F26_('S2', 'S3')_gc: True
	F14_('S4', 'S5')_t4_max: 5194
	F7_('S2', 'E2')_t4_min: 1021
	F27_('S2', 'E2')_t4_min: 1825
	F8_('S5', 'S4')_tb: 6976
	F17_('S3', 'E3')_gc: False
	('S3', 'S4')_gcl_length: 10
	F29_('S2', 'E2')_t3_min: 1528
	F39_('S3', 'S4')_t4_max: 3059
	F3_('S2', 'S3')_rr: 0
	F20_('S4', 'S5')_rr: 0
	F15_('S2', 'S3')_rr: 0
	F6_('E5', 'S5')_rr: 0
	('E5', 'S5')_gcl_cycle: 1
	F12_('E4', 'S4')_gc: False
	F2_('S3', 'S2')_t3_min: 37873
	F24_('S2', 'S1')_t4_max: 120916
	F34_('E5', 'S5')_tb: 638
	F22_('E2', 'S2')_t3_max: 8107
	F20_('S4', 'S5')_gc: False
	F23_('E3', 'S3')_gc: True
	F1_('S3', 'E3')_rr: 16
	F17_('S3', 'E3')_t4_min: 2057
	F37_('E5', 'S5')_gc: False
	F29_('E1', 'S1')_t3_min: 1317
	F23_('E3', 'S3')_t3_max: 25739
	F34_('S5', 'S4')_t4_min: 767
	F14_('S5', 'E5')_t3_max: 5307
	F16_('S1', 'S2')_t3_min: 2347
	F0_('E1', 'S1')_t3_max: 58912
	F9_('S1', 'S2')_gc: False
	F33_('E4', 'S4')_tb: 1175
	F3_('S1', 'S2')_rr: 0
	F18_('S4', 'S3')_rr: 1
	F27_('E1', 'S1')_rr: 0
	F5_('S4', 'E4')_t4_min: 53102
	F7_('S4', 'S3')_t3_max: 595
	F12_('S3', 'E3')_gc: True
	F37_('S4', 'S3')_t4_max: 169
	F34_('S2', 'E2')_rr: 0
	F13_queue_index: 0
	F27_('S2', 'E2')_t5_min: 1936
	F21_('S1', 'S2')_t3_max: 27311
	F39_('S3', 'S4')_rr: 0
	F28_('S4', 'S5')_rr: 4
	F16_('S1', 'S2')_t3_max: 2352
	F20_('S4', 'S5')_t4_min: 15418
	F2_('E4', 'S4')_gc: False
	F21_('S3', 'E3')_t4_min: 28127
	F6_('S4', 'S3')_gc: True
	F3_('S4', 'S5')_t4_max: 2737
	F6_('S4', 'S3')_t4_max: 6982
	F23_('S3', 'S4')_t5_max: 26181
	F24_('E3', 'S3')_t3_max: 120306
	F11_jitter: 258
	F11_('E4', 'S4')_gc: False
	F38_('S2', 'E2')_rr: 1
	F7_('S3', 'S2')_t4_max: 916
	F0_('S1', 'S2')_t3_max: 59112
	F38_('S3', 'S2')_t3_max: 44076
	F14_('S3', 'S4')_t4_max: 4957
	F27_jitter: 0
	F13_('E5', 'S5')_gc: False
	F28_('S4', 'S5')_t4_min: 496
	F26_('S4', 'E4')_rr: 0
	F25_('S5', 'S4')_rr: 16
	F8_('S5', 'S4')_gc: False
	F30_('S2', 'E2')_t3_min: 9937
	F24_('S3', 'S2')_t3_max: 120550
	F26_queue_index: 0
	F1_('E2', 'S2')_tb: 416
	F11_('S3', 'E3')_rr: 0
	F31_('S1', 'S2')_rr: 0
	F19_('S1', 'E1')_rr: 4
	F3_('S1', 'S2')_gc: False
	F23_('S3', 'S4')_rr: 0
	F4_('E3', 'S3')_rr: 0
	F0_('S2', 'E2')_gc: False
	F4_queue_index: 0
	F2_('S4', 'S3')_t4_max: 37888
	F21_('S2', 'S3')_t4_min: 27888
	F39_('S3', 'S4')_t5_min: 3032
	F14_('S3', 'S4')_gc: False
	F14_('S1', 'S2')_gc: True
	F36_('E4', 'S4')_gc: False
	F20_('E3', 'S3')_rr: 0
	F11_('E4', 'S4')_t4_min: 26922
	F34_('S2', 'E2')_gc: False
	F37_('S3', 'S2')_t4_min: 271
	F36_('S2', 'E2')_rr: 8
	F10_queue_index: 0
	F9_('S1', 'S2')_t3_max: 119162
	F29_('S1', 'S2')_t4_min: 1425
	F23_('S3', 'S4')_t4_max: 26087
	F33_('S3', 'S2')_t4_min: 1377
	F19_('E4', 'S4')_t5_max: 183
	F6_('S1', 'E1')_gc: False
	F10_('S4', 'S5')_rr: 0
	F39_('S4', 'S5')_t4_min: 3291
	F13_('E5', 'S5')_rr: 0
	F14_('S4', 'S5')_t4_min: 4807
	F19_('S4', 'S3')_rr: 0
	F15_('S3', 'S4')_t4_min: 104698
	F39_('E1', 'S1')_t5_max: 2588
	F36_('S4', 'S3')_t3_min: 4916
	F23_('S4', 'E4')_t4_min: 26054
	F33_('S2', 'S1')_t5_max: 1893
	('S4', 'S5')_gcl_cycle: 8000
	F37_('S2', 'S1')_rr: 16
	F36_('E4', 'S4')_rr: 0
	F30_queue_index: 0
	F34_('E5', 'S5')_t5_min: 760
	('S3', 'S4')_gcl_cycle: 8000
	F6_('S2', 'S1')_t4_min: 7048
	('S5', 'S4')_gcl_cycle: 64000
	F39_('S4', 'S5')_rr: 1
	F37_('S3', 'S2')_gc: True
	F17_jitter: 258
	F38_('S3', 'S2')_gc: False
	F30_('S3', 'S2')_t4_max: 10131
	F29_('E1', 'S1')_t3_max: 1193
	F18_('S4', 'S3')_t4_min: 56420
	F9_queue_index: 0
	F22_('S2', 'S3')_t5_max: 8438
	F15_('S4', 'E4')_t5_max: 105297
	F32_('E2', 'S2')_rr: 0
	F29_('S2', 'E2')_gc: True
	F22_('S4', 'E4')_rr: 0
	F5_('S3', 'S4')_t3_max: 53069
	F19_('S2', 'S1')_t4_max: 652
	F34_('S5', 'S4')_t3_max: 767
	F20_('S3', 'S4')_gc: False
	F5_('E3', 'S3')_rr: 0
	F0_('E1', 'S1')_rr: 0
	F12_('S4', 'S3')_rr: 0
	F19_('S3', 'S2')_tb: 421
	F31_('S2', 'E2')_gc: True
	('S5', 'E5')_gcl_cycle: 8000
	F4_('S3', 'S2')_t3_max: 28096
	F14_('E1', 'S1')_gc: False
	F39_('S5', 'E5')_t4_min: 3400
	F1_queue_index: 0
	F3_('S5', 'E5')_rr: 2
	F32_('E2', 'S2')_t4_min: 56121
	F35_('S3', 'S4')_t4_min: 27162
	F38_('S5', 'S4')_t4_max: 43766
	F2_jitter: 0
	F38_('S3', 'S2')_t4_min: 43942
	F11_('S3', 'E3')_t4_min: 27148
	F12_('S3', 'E3')_t4_min: 1881
	F16_jitter: 0
	F33_('S2', 'S1')_t4_max: 1794
	F35_('S4', 'E4')_t4_min: 27215
	F37_('S5', 'S4')_tb: 23
	F16_('S1', 'S2')_rr: 8
	F25_('S4', 'E4')_rr: 1
	F37_('E5', 'S5')_rr: 0
	F30_('E4', 'S4')_gc: False
	F11_('S4', 'S3')_gc: False
	F20_('S5', 'E5')_t4_max: 15903
	F24_('S1', 'E1')_t4_min: 121031
	F12_('S4', 'S3')_t4_max: 1634
	F34_('S3', 'S2')_rr: 16
	F24_queue_index: 0
	F34_('S4', 'S3')_t4_min: 891
	F2_('S2', 'E2')_t4_max: 38373
	F26_('S3', 'S4')_t3_max: 1734
	F25_('E5', 'S5')_rr: 0
	F37_('S5', 'S4')_t5_min: 38
	F13_('S5', 'S4')_t4_max: 3653
	F16_('S4', 'S5')_t4_min: 2838
	F6_('S2', 'S1')_gc: False
	F26_('E1', 'S1')_t3_min: 1431
	F39_('S5', 'E5')_t4_max: 3400
	F3_('S5', 'E5')_t5_max: 2822
	F22_('S3', 'S4')_t3_max: 8445
	F12_('E4', 'S4')_t4_min: 1387
	F38_('S3', 'S2')_t3_min: 43942
	F17_('S3', 'E3')_t3_min: 2057
	F15_('E2', 'S2')_t5_max: 104589
	F11_('E4', 'S4')_t4_max: 26922
	F12_('E4', 'S4')_t4_max: 1387
	F28_('S4', 'S5')_tb: 496
	F29_('S2', 'E2')_t3_max: 1533
	F19_('E4', 'S4')_t5_min: 183
	F10_('S4', 'S5')_t5_min: 13536
	F17_('E4', 'S4')_t5_min: 1999
	F16_('S2', 'S3')_t5_max: 2710
	F5_('S3', 'S4')_t5_max: 53229
	F17_('S3', 'E3')_t3_max: 2191
	F0_('S2', 'E2')_t3_min: 59178
	F22_('S3', 'S4')_tb: 8311
	F23_('S4', 'E4')_t5_max: 26406
	F5_('E3', 'S3')_t5_min: 53062
	F6_('S4', 'S3')_t5_min: 7013
	F28_('E4', 'S4')_t4_min: 414
	F25_('E5', 'S5')_t5_max: 3414
	F35_('E3', 'S3')_t3_min: 27109
	F32_('S3', 'E3')_t4_max: 56401
	F8_('E5', 'S5')_t4_max: 6912
	F28_('S5', 'E5')_t5_min: 648
	F25_('S4', 'E4')_t3_max: 3530
	F14_('S1', 'S2')_t3_min: 4355
	F1_('S3', 'E3')_t3_max: 597
	F12_('E4', 'S4')_t3_min: 1387
	F26_('S4', 'E4')_t3_max: 1835
	F22_('S4', 'E4')_t4_max: 8738
	F19_('S2', 'S1')_t3_min: 523
	F3_('S3', 'S4')_t3_max: 2445
	F36_('E4', 'S4')_t3_min: 4814
	F12_('E4', 'S4')_tb: 1387
	F24_('E3', 'S3')_t3_min: 120430
	F16_('S4', 'S5')_t3_min: 2833
	F14_('S4', 'S5')_t5_min: 4913
	F36_('E4', 'S4')_t5_max: 4914
	F7_('E4', 'S4')_t5_max: 588
	F14_('S4', 'S5')_t5_max: 5300
	F37_('S3', 'S2')_t3_max: 191
	F14_('S4', 'S5')_tb: 4807
	F13_('E5', 'S5')_t4_max: 3415
	('S5', 'E5')_gcl_length: 10
	F37_('S4', 'S3')_t3_min: 40
	F13_('S5', 'S4')_t3_min: 3524
	F35_('E3', 'S3')_t5_max: 27160
	F22_('S3', 'S4')_t3_min: 8311
	F16_('S4', 'S5')_t5_min: 2952
	F27_('S2', 'E2')_t3_min: 1820
	F17_('S4', 'S3')_t3_min: 2001
	F39_('S3', 'S4')_t3_max: 2935
	F10_('E3', 'S3')_t5_min: 13348
	F10_('S4', 'S5')_t5_max: 13794
	F11_('E4', 'S4')_t5_min: 27033
	F26_('S4', 'E4')_tb: 1830
	F37_('S4', 'S3')_t5_max: 184
	('S1', 'S2')_gcl_length: 90
	F20_('E3', 'S3')_t3_min: 15222
	F21_('S3', 'E3')_t3_min: 27998
	F10_('E3', 'S3')_t3_min: 13256
	F19_('S2', 'S1')_t5_max: 752
	('S1', 'E1')_gcl_length: 18
	F32_('S3', 'E3')_tb: 56143
	F3_('S5', 'E5')_tb: 2783
	F7_('E4', 'S4')_t3_min: 490
	F23_('S4', 'E4')_t3_max: 26188
	F32_('S2', 'S3')_t3_min: 56132
	F20_('S3', 'S4')_t5_max: 15545
	F22_('S2', 'S3')_tb: 8271
	F3_('S1', 'S2')_t5_min: 2139
	F31_('E1', 'S1')_t5_min: 2708
	F11_('E4', 'S4')_t3_min: 26922
	F15_('E2', 'S2')_t5_min: 104589
	F18_('S4', 'S3')_t5_max: 56438
	F38_('E5', 'S5')_t3_min: 43673
	F17_('E4', 'S4')_t5_max: 1999
	F12_('S3', 'E3')_t3_min: 1623
	F35_('S4', 'E4')_t4_max: 27473
	F33_('E4', 'S4')_t5_min: 1274
	F4_('S2', 'E2')_t5_max: 28483
	F33_('S2', 'S1')_t5_min: 1893
	F3_('S2', 'S3')_tb: 2141
	F24_('S2', 'S1')_t5_max: 121029
	F28_('S5', 'E5')_t4_max: 702
	F39_('S4', 'S5')_t5_min: 3393
	F36_('S4', 'S3')_t5_min: 5016
	F1_('S2', 'S3')_tb: 569
	('S2', 'S3')_gcl_length: 66
	F20_('S3', 'S4')_t3_min: 15320
	F34_('S5', 'S4')_t5_min: 889
	F1_('S2', 'S3')_t5_max: 590
	F34_('S3', 'S2')_t3_min: 1015
	F30_('S2', 'E2')_t5_max: 10385
	F3_('S3', 'S4')_t5_max: 2607
	F33_('S2', 'S1')_t3_min: 1478
	F25_('S4', 'E4')_tb: 3545
	F38_('S5', 'S4')_t5_min: 43852
	F2_('E4', 'S4')_t5_max: 37757
	F12_('S4', 'S3')_t3_min: 1505
	F4_('S2', 'E2')_t4_max: 28417
	F8_('S4', 'E4')_t3_min: 7040
	F11_('S3', 'E3')_t3_max: 27282
	F22_('E2', 'S2')_t3_min: 8231
	F36_('S2', 'E2')_t3_max: 5383
	F38_('S5', 'S4')_t3_min: 43761
	F26_('E1', 'S1')_t5_max: 1525
	F25_('S4', 'E4')_t4_max: 3545
	F17_('S4', 'S3')_t5_max: 2184
	F29_('S1', 'S2')_t5_max: 1526
	F35_('E3', 'S3')_t5_min: 27160
	F10_('S3', 'S4')_t5_min: 13442
	F24_('S3', 'S2')_tb: 120673
	F36_('S3', 'S2')_t5_min: 5118
	F25_('S5', 'S4')_tb: 3436
	F18_('S4', 'S3')_tb: 56420
	('S3', 'E3')_gcl_length: 66
	F30_('E4', 'S4')_t3_min: 9745
	F25_('S4', 'E4')_t5_max: 3632
	F7_('E4', 'S4')_tb: 490
	F19_('S2', 'S1')_t3_max: 528
	F7_('S2', 'E2')_t3_max: 1021
	F6_('S1', 'E1')_tb: 7081
	F3_('S1', 'S2')_t3_min: 2100
	('E2', 'S2')_gcl_length: 0
	F30_('S3', 'S2')_tb: 9873
	F0_('E1', 'S1')_t5_min: 59105
	F29_('E1', 'S1')_t5_max: 1418
	F18_('S4', 'S3')_t3_min: 56415
	F13_('S5', 'S4')_t5_max: 3760
	F6_('E5', 'S5')_t5_min: 6911
	F27_('E1', 'S1')_t5_min: 1637
	F29_('S1', 'S2')_tb: 1425
	F16_('S5', 'E5')_t5_max: 3196
	F0_('S2', 'E2')_t5_max: 59505
	F29_('S1', 'S2')_t5_min: 1526
	F17_('E4', 'S4')_t3_min: 1945
	F6_('S5', 'S4')_t5_max: 6975
	F14_('E1', 'S1')_t3_min: 4247
	F19_('S1', 'E1')_t3_max: 759
	F36_('E4', 'S4')_t5_min: 4914
	F20_('S4', 'S5')_t3_max: 15552
	F6_('S4', 'S3')_t3_max: 6982
	F4_('S2', 'E2')_tb: 28159
	F3_('E1', 'S1')_t4_max: 2059
	F26_('S2', 'S3')_t3_min: 1628
	('S4', 'S5')_gcl_length: 18
	F26_('S2', 'S3')_t5_max: 1727
	F5_('S4', 'E4')_t4_max: 53360
	F30_('E4', 'S4')_t5_min: 9807
	F8_('S5', 'S4')_t3_min: 6976
	F36_('S2', 'E2')_t5_max: 5483
	F39_('S4', 'S5')_t3_min: 3034
	F16_('E1', 'S1')_tb: 2231
	F2_('S4', 'S3')_t3_min: 37759
	F12_('S4', 'S3')_t5_max: 1750
	F2_('S2', 'E2')_tb: 38373
	F1_('E2', 'S2')_t4_max: 416
	F33_('E4', 'S4')_t3_min: 1175
	F25_('E5', 'S5')_tb: 3327
	F1_('S3', 'E3')_t3_min: 592
	F0_('E1', 'S1')_tb: 59036
	F36_('E4', 'S4')_t4_max: 4814
	F20_('S5', 'E5')_tb: 15516
	F37_('E5', 'S5')_t3_min: 1
	F29_('E1', 'S1')_t4_min: 1317
	('E4', 'S4')_gcl_length: 0
	F25_('S5', 'S4')_t5_min: 3523
	F10_('E3', 'S3')_t4_min: 13256
	F11_('S3', 'E3')_t4_max: 27406
	F24_('S1', 'E1')_t4_max: 121160
	F29_('S2', 'E2')_t4_max: 1656
	F22_('E2', 'S2')_t4_min: 8231
	F12_('S3', 'E3')_tb: 1881
	F13_('S4', 'E4')_t4_max: 3891
	F28_('E4', 'S4')_t3_min: 414
	F3_('S4', 'S5')_tb: 2737
	F21_('E1', 'S1')_tb: 27196
	F5_('S4', 'E4')_tb: 53102
	F37_('E5', 'S5')_tb: 1
	F10_('E3', 'S3')_tb: 13256
	F1_('S2', 'S3')_t5_min: 590
	F19_('E4', 'S4')_t4_max: 83
	F16_('S1', 'S2')_t5_min: 2589
	F15_('E2', 'S2')_t3_min: 104484
	F21_('S2', 'S3')_t5_max: 27996
	F21_('S1', 'S2')_t3_min: 27306
	F37_('S4', 'S3')_t5_min: 55
	F16_('E1', 'S1')_t5_min: 2345
	F14_('E1', 'S1')_t4_max: 4247
	('E1', 'S1')_gcl_length: 0
	F3_('S5', 'E5')_t3_max: 2783
	F10_('S5', 'E5')_t5_max: 14017
	F8_('S4', 'E4')_t5_min: 7102
	F37_('S1', 'E1')_t3_min: 433
	F24_('E3', 'S3')_t5_max: 120543
	F8_('S4', 'E4')_t5_max: 7360
	F6_('S1', 'E1')_t5_max: 7499
	F30_('S3', 'S2')_t5_max: 10193
	F18_('E4', 'S4')_t4_max: 56395
	F26_('S4', 'E4')_t3_min: 1830
	F6_('S2', 'S1')_tb: 7048
	F37_('S2', 'S1')_t5_min: 431
	F27_('S2', 'E2')_t4_max: 1825
	F27_('E1', 'S1')_t4_max: 1526
	F25_('S5', 'S4')_t5_max: 3523
	F28_('E4', 'S4')_t5_min: 489
	F15_('E2', 'S2')_t4_min: 104484
	F6_('S1', 'E1')_t3_min: 7081
	F3_('E1', 'S1')_t3_min: 2059
	F9_('S1', 'S2')_t3_min: 119157
	F11_('S4', 'S3')_tb: 27035
	F16_('E1', 'S1')_t4_max: 2231
	F24_('S1', 'E1')_t5_min: 121144
	F15_('S2', 'S3')_t5_min: 104696
	F31_('S1', 'S2')_t5_min: 2730
	F11_('S4', 'S3')_t5_max: 27275
	F7_('S2', 'E2')_t5_min: 1119
	F16_('S1', 'S2')_tb: 2475
	F6_('S5', 'S4')_t3_min: 6913
	F16_('S3', 'S4')_tb: 2717
	F18_('E4', 'S4')_t3_min: 56395
	F39_('S5', 'E5')_t3_min: 3395
	F30_('S3', 'S2')_t5_min: 9935
	F38_('E5', 'S5')_t4_max: 43673
	F6_('S1', 'E1')_t3_max: 7344
	F14_('E1', 'S1')_tb: 4247
	F13_('E5', 'S5')_tb: 3415
	F3_('E1', 'S1')_t4_min: 2059
	F10_('S3', 'S4')_t3_min: 13350
	F33_('S1', 'E1')_t3_min: 1895
	F2_('E4', 'S4')_t4_min: 37645
	F31_('S2', 'E2')_t4_max: 2866
	F38_('S2', 'E2')_t3_min: 44030
	F16_('S5', 'E5')_t5_min: 3196
	F26_('E1', 'S1')_tb: 1431
	F33_('S4', 'S3')_t3_min: 1276
	F9_('S2', 'E2')_t4_max: 119472
	F1_('S3', 'E3')_t5_min: 741
	F2_('S4', 'S3')_t5_min: 37871
	F10_('S4', 'S5')_t3_max: 13578
	F35_('E3', 'S3')_t4_max: 27109
	F23_('S4', 'E4')_t4_max: 26312
	F10_('S4', 'S5')_tb: 13444
	F8_('S5', 'S4')_t5_max: 7167
	F39_('S4', 'S5')_tb: 3291
	F31_('S2', 'E2')_t3_max: 2866
	F3_('S5', 'E5')_t5_min: 2822
	F5_('S4', 'E4')_t3_max: 53236
	F5_('E3', 'S3')_t3_min: 53026
	F12_('S3', 'E3')_t3_max: 1757
	F29_('E1', 'S1')_tb: 1317
	F4_('E3', 'S3')_t3_min: 28023
	F8_('S4', 'E4')_t3_max: 7174
	F26_('S4', 'E4')_t5_max: 2053
	F26_('S1', 'S2')_t5_min: 1626
	F5_('S4', 'E4')_t3_min: 53102
	F33_('S1', 'E1')_t3_max: 1900
	F2_('E4', 'S4')_t5_min: 37757
	F9_('S1', 'S2')_t5_max: 119341
	F30_('S4', 'S3')_t5_min: 9871
	F7_('S4', 'S3')_tb: 687
	F9_('E1', 'S1')_tb: 119100
	F32_('S2', 'S3')_t5_max: 56270
	F4_('E3', 'S3')_t4_max: 28023
	F23_('S4', 'E4')_tb: 26054
	('E5', 'S5')_gcl_length: 0
	F39_('S2', 'S3')_t3_min: 2711
	F5_('S3', 'S4')_t3_min: 53064
	F33_('S3', 'S2')_t5_min: 1476
	F1_('S3', 'E3')_t4_max: 720
	F39_('S1', 'S2')_tb: 2607
	F13_('S5', 'S4')_t5_min: 3631
	F25_('S4', 'E4')_t5_min: 3632
	F28_('S4', 'S5')_t5_min: 571
	('E3', 'S3')_gcl_length: 2
	F24_('S2', 'S1')_t5_min: 121029
	F21_('S1', 'S2')_t5_min: 27419
	F12_('S3', 'E3')_t5_max: 1997
	F21_('S1', 'S2')_t5_max: 27419
	F34_('S2', 'E2')_t5_min: 1398
	F22_('E2', 'S2')_t4_max: 8231
	F10_('S5', 'E5')_t3_max: 13801
	F2_('S3', 'S2')_t5_max: 38243
	F16_('S1', 'S2')_t5_max: 2589
	F11_('E4', 'S4')_t5_max: 27033
	F19_('S1', 'E1')_t3_min: 625
	F1_('S3', 'E3')_tb: 720
	F31_('S2', 'E2')_t5_min: 2886
	F3_('S4', 'S5')_t5_min: 2776
	F16_('S4', 'S5')_t3_max: 2838
	F31_('S1', 'S2')_t3_min: 2710
	F23_('E3', 'S3')_t4_max: 25862
	F22_('S4', 'E4')_t3_min: 8351
	F34_('S3', 'S2')_t3_max: 1149
	F37_('E5', 'S5')_t4_min: 1
	F16_('S2', 'S3')_t3_max: 2596
	F38_('S4', 'S3')_t5_min: 43940
	F23_('S4', 'E4')_t3_min: 26054
	F38_('S2', 'E2')_tb: 44293
	F11_('S3', 'E3')_t3_min: 27148
	F0_('S1', 'S2')_t3_min: 59107
	F25_('S4', 'E4')_t3_min: 3525
	F33_('S4', 'S3')_t5_min: 1375
	F24_('E3', 'S3')_t4_max: 120430
	F9_('E1', 'S1')_t5_min: 119155
	F21_('E1', 'S1')_t3_min: 27196
	F2_('S3', 'S2')_t3_max: 38007
	F7_('S3', 'S2')_tb: 787
	F11_('S3', 'E3')_t5_max: 27517
	F13_('E5', 'S5')_t5_min: 3522
	F30_('S2', 'E2')_tb: 10323
	F7_('S2', 'E2')_tb: 1021
	F37_('S3', 'S2')_t3_min: 57
	F14_('E1', 'S1')_t4_min: 4247
	F19_('S1', 'E1')_t4_max: 882
	F11_('E4', 'S4')_tb: 26922
	F23_('E3', 'S3')_t5_min: 25956
	F26_('S2', 'S3')_tb: 1633
	F26_('S1', 'S2')_tb: 1532
	F31_('S2', 'E2')_t3_min: 2732
	F1_('S3', 'E3')_t5_max: 741
	F24_('E3', 'S3')_tb: 120430
	F1_('E2', 'S2')_t4_min: 416
	F18_('S3', 'E3')_tb: 56440
	F32_('S3', 'E3')_t3_min: 56143
	F14_('S3', 'S4')_tb: 4699
	F26_('E1', 'S1')_t4_max: 1431
	F3_('S1', 'S2')_tb: 2100
	F33_('S4', 'S3')_t5_max: 1504
	('S4', 'S3')_gcl_length: 162
	F23_('E3', 'S3')_t5_max: 25956
	F19_('S4', 'S3')_t5_max: 414
	F5_('S4', 'E4')_t5_max: 53396
	F3_('S2', 'S3')_t5_max: 2438
	F10_('S3', 'S4')_tb: 13350
	F24_('S1', 'E1')_t3_min: 121031
	F20_('E3', 'S3')_t5_max: 15318
	F16_('S3', 'S4')_t3_max: 2717
	F14_('S5', 'E5')_t5_max: 5537
	F7_('S3', 'S2')_t3_max: 792
	F6_('S4', 'S3')_t3_min: 6977
	F0_('S2', 'E2')_tb: 59178
	F29_('S2', 'E2')_tb: 1656
	F34_('E5', 'S5')_t4_min: 638
	F0_('S1', 'S2')_t5_min: 59176
	F35_('S4', 'E4')_t3_min: 27215
	F3_('E1', 'S1')_t5_min: 2098
	F4_('S3', 'S2')_t5_min: 28157
	F0_('S2', 'E2')_t3_max: 59312
	F13_('S4', 'E4')_t3_max: 3767
	F12_('E4', 'S4')_t5_min: 1503
	F16_('S3', 'S4')_t5_max: 2831
	F37_('E5', 'S5')_t5_max: 16
	F11_('S3', 'E3')_t5_min: 27259
	F17_('S4', 'S3')_tb: 2001
	F10_('S5', 'E5')_t3_min: 13538
	F2_('S3', 'S2')_t5_min: 37985
	F23_('S3', 'S4')_t5_min: 26052
	F34_('S4', 'S3')_t5_max: 1142
	F37_('S3', 'S2')_t5_min: 286
	F0_('S2', 'E2')_t5_min: 59247
	F39_('S5', 'E5')_t3_max: 3400
	F3_('E1', 'S1')_tb: 2059
	F4_('E3', 'S3')_t4_min: 28023
	F18_('E4', 'S4')_tb: 56395
	F22_('S3', 'S4')_t5_max: 8607
	F15_('S3', 'S4')_t5_max: 105061
	F22_('S4', 'E4')_t5_max: 8776
	F2_('E4', 'S4')_t3_min: 37645
	F38_('S2', 'E2')_t5_min: 44379
	F21_('S3', 'E3')_t3_max: 28003
	F30_('S3', 'S2')_t3_min: 9873
	F38_('S5', 'S4')_tb: 43766
	F15_('S3', 'S4')_tb: 104698
	F27_('S2', 'E2')_t3_max: 1825
	F14_('S2', 'S3')_t3_min: 4591
	F35_('S3', 'S4')_t5_max: 27342
	F21_('E1', 'S1')_t5_max: 27304
	F22_('E2', 'S2')_tb: 8231
	F32_('S3', 'E3')_t5_max: 56410
	F25_('S5', 'S4')_t3_min: 3416
	F31_('E1', 'S1')_tb: 2688
	F18_('S3', 'E3')_t5_min: 56458
	F16_('S4', 'S5')_tb: 2838
	F39_('S5', 'E5')_t5_min: 3502
	F33_('S3', 'S2')_t5_max: 1734
	F10_('S5', 'E5')_t5_min: 13630
	F0_('E1', 'S1')_t5_max: 59105
	F6_('E5', 'S5')_t3_min: 6880
	F2_('E4', 'S4')_tb: 37645
	F5_('E3', 'S3')_t4_max: 53026
	F32_('S2', 'S3')_tb: 56132
	F2_('S4', 'S3')_tb: 37759
	F38_('S4', 'S3')_t5_max: 44069
	F19_('S1', 'E1')_tb: 882
	F37_('S2', 'S1')_t5_max: 431
	F15_('S3', 'S4')_t3_max: 104832
	F27_('E1', 'S1')_t4_min: 1526
	F14_('S3', 'S4')_t3_max: 4833
	F6_('S3', 'S2')_t5_min: 7046
	F3_('S2', 'S3')_t5_min: 2180
	F1_('S2', 'S3')_t3_min: 439
	F21_('S3', 'E3')_t5_min: 28235
	F31_('E1', 'S1')_t3_min: 2688
	F27_('E1', 'S1')_t5_max: 1637
	F13_('S5', 'S4')_tb: 3524
	F39_('S2', 'S3')_t5_min: 2928
	F37_('E5', 'S5')_t5_min: 16
	F15_('S4', 'E4')_t3_min: 104805
	F36_('S3', 'S2')_tb: 5018
	F38_('E5', 'S5')_t5_min: 43759
	F9_('S2', 'E2')_tb: 119214
	F30_('S2', 'E2')_t5_min: 10385
	F38_('S4', 'S3')_t3_min: 43854
	F14_('S5', 'E5')_t5_min: 5021
	F9_('E1', 'S1')_t4_min: 119100
	F24_('S2', 'S1')_t3_max: 120793
	F13_('E5', 'S5')_t3_min: 3415
	F18_('S3', 'E3')_t4_max: 56569
	F8_('E5', 'S5')_t3_min: 6912
	F14_('S2', 'S3')_tb: 4591
	F39_('E1', 'S1')_t4_max: 2486
	F6_('S3', 'S2')_t3_max: 7020
	F34_('S3', 'S2')_t5_max: 1274
	F20_('E3', 'S3')_t4_min: 15222
	F0_('S1', 'S2')_tb: 59107
	F7_('S4', 'S3')_t5_max: 785
	F37_('S1', 'E1')_t5_max: 576
	F26_('E1', 'S1')_t4_min: 1431
	F13_('S4', 'E4')_t5_max: 3998
	F30_('S3', 'S2')_t3_max: 10007
	F16_('S3', 'S4')_t5_min: 2831
	F33_('E4', 'S4')_t4_min: 1175
	F6_('S3', 'S2')_t3_min: 7015
	F5_('S3', 'S4')_tb: 53064
	F20_('S4', 'S5')_t5_max: 15772
	F36_('S2', 'E2')_t4_max: 5383
	F38_('S2', 'E2')_t4_max: 44293
	F25_('E5', 'S5')_t3_min: 3327
	F36_('S4', 'S3')_t5_max: 5145
	F34_('S5', 'S4')_t5_max: 889
	F39_('S5', 'E5')_tb: 3400
	F21_('S2', 'S3')_t3_max: 27426
	F28_('S5', 'E5')_t3_min: 573
	F4_('S2', 'E2')_t3_min: 28159
	F13_('S4', 'E4')_tb: 3633
	F37_('S1', 'E1')_tb: 561
	F39_('S2', 'S3')_tb: 2826
	F14_('S5', 'E5')_tb: 4915
	F20_('S5', 'E5')_t3_max: 15779
	F15_('S2', 'S3')_tb: 104591
	F20_('S5', 'E5')_t5_min: 15612
	F33_('S3', 'S2')_t3_max: 1511
	F21_('S2', 'S3')_tb: 27888
	F28_('E4', 'S4')_t5_max: 489
	F19_('E4', 'S4')_t4_min: 83
	F6_('S3', 'S2')_t5_max: 7175
	F5_('E3', 'S3')_t5_max: 53062
	F14_('S1', 'S2')_tb: 4483
	F30_('S4', 'S3')_t3_min: 9809
	F39_('S3', 'S4')_t5_max: 3161
	F21_('E1', 'S1')_t4_max: 27196
	F19_('S3', 'S2')_t3_max: 421
	F32_('E2', 'S2')_tb: 56121
	F37_('S1', 'E1')_t5_min: 576
	F14_('S2', 'S3')_t5_min: 4697
	F6_('S2', 'S1')_t5_min: 7079
	F39_('S1', 'S2')_t5_max: 2709
	F7_('E4', 'S4')_t4_max: 490
	F17_('S3', 'E3')_t4_max: 2315
	F34_('S3', 'S2')_tb: 1152
	F27_('S1', 'S2')_t5_min: 1818
	F14_('S5', 'E5')_t4_max: 5431
	F6_('E5', 'S5')_t4_min: 6880
	F7_('S3', 'S2')_t3_min: 787
	F16_('E1', 'S1')_t5_max: 2345
	F7_('S2', 'E2')_t4_max: 1021
	F33_('S4', 'S3')_tb: 1276
	F38_('S4', 'S3')_tb: 43854
	F15_('S2', 'S3')_t5_max: 104825
	F5_('E3', 'S3')_tb: 53026
	F34_('S3', 'S2')_t5_min: 1274
	F37_('S3', 'S2')_tb: 271
	F26_('S2', 'S3')_t3_max: 1633
	F14_('S3', 'S4')_t5_min: 4805
	F24_('S2', 'S1')_tb: 120916
	F19_('S2', 'S1')_tb: 523
	F26_('S3', 'S4')_t3_min: 1729
	F37_('S4', 'S3')_t3_max: 45
	F7_('S3', 'S2')_t5_min: 885
	F4_('S3', 'S2')_t3_min: 28091
	F6_('S5', 'S4')_tb: 6944
	F22_('S3', 'S4')_t5_min: 8349
	F36_('S2', 'E2')_t3_min: 5120
	F20_('E3', 'S3')_tb: 15222
	F9_('S1', 'S2')_tb: 119157
	F3_('S1', 'S2')_t5_max: 2268
	F39_('E1', 'S1')_t3_min: 2486
	F2_('S4', 'S3')_t5_max: 38000
	F28_('S5', 'E5')_tb: 573
	F36_('E4', 'S4')_t4_min: 4814
	F14_('S1', 'S2')_t5_min: 4589
	F4_('S2', 'E2')_t5_min: 28225
	F37_('S1', 'E1')_t3_max: 438
	F9_('E1', 'S1')_t4_max: 119100
	F34_('S2', 'E2')_t3_min: 1276
	F19_('S4', 'S3')_t5_min: 285
	F6_('S4', 'S3')_tb: 6982
	F7_('S3', 'S2')_t5_max: 1014
	F35_('E3', 'S3')_tb: 27109
	F7_('S2', 'E2')_t3_min: 887
	F34_('S2', 'E2')_t3_max: 1281
	F32_('S3', 'E3')_t5_min: 56152
	F39_('S4', 'S5')_t5_max: 3393
	F37_('S2', 'S1')_t3_max: 293
	F1_('E2', 'S2')_t5_max: 437
	F27_('S2', 'E2')_tb: 1825
	('S2', 'S1')_gcl_length: 162
	F19_('E4', 'S4')_tb: 83
	F11_('S4', 'S3')_t5_min: 27146
	F6_('E5', 'S5')_t4_max: 6880
	F15_('S4', 'E4')_tb: 104805
	F9_('S2', 'E2')_t5_max: 119527
	F31_('S1', 'S2')_t5_max: 2859
	F22_('E2', 'S2')_t5_max: 8269
	F12_('S3', 'E3')_t5_min: 1997
	F8_('E5', 'S5')_t5_max: 6974
	F17_('S4', 'S3')_t5_min: 2055
	F16_('S5', 'E5')_t3_max: 2959
	F37_('S5', 'S4')_t5_max: 38
	F34_('S4', 'S3')_t5_min: 1013
	F28_('S4', 'S5')_t3_min: 491
	F24_('E3', 'S3')_t5_min: 120543
	F26_('S4', 'E4')_t5_min: 1924
	F24_('S2', 'S1')_t3_min: 120788
	F20_('E3', 'S3')_t4_max: 15222
	F14_('S2', 'S3')_t5_max: 4826
	F30_('S2', 'E2')_t3_max: 10200
	F3_('S3', 'S4')_t3_min: 2182
	F36_('S2', 'E2')_tb: 5383
	F13_('E5', 'S5')_t4_min: 3415
	F19_('S4', 'S3')_tb: 185
	F10_('S3', 'S4')_t5_max: 13571
	F26_('S4', 'E4')_t4_max: 1959
	F24_('S1', 'E1')_t3_max: 121036
	F33_('S1', 'E1')_t5_min: 1999
	F30_('E4', 'S4')_t4_min: 9745
	F21_('S1', 'S2')_tb: 27311
	F25_('E5', 'S5')_t4_max: 3327
	F21_('S3', 'E3')_t4_max: 28127
	F21_('S2', 'S3')_t5_min: 27996
	F18_('S4', 'S3')_t5_min: 56438
	F39_('S5', 'E5')_t5_max: 3502
	F24_('S1', 'E1')_tb: 121031
	F31_('E1', 'S1')_t4_min: 2688
	F27_('S2', 'E2')_t5_max: 1936
	F4_('S3', 'S2')_tb: 28091
	F2_('S2', 'E2')_t5_min: 38485
	F15_('S3', 'S4')_t3_min: 104698
	F19_('S1', 'E1')_t5_max: 982
	F13_('S4', 'E4')_t5_min: 3740
	F39_('S4', 'S5')_t3_max: 3168
	F23_('E3', 'S3')_t4_min: 25862
	F16_('S5', 'E5')_t4_max: 3082
	F39_('S1', 'S2')_t5_min: 2709
	F15_('S4', 'E4')_t5_min: 104910
	F24_('S3', 'S2')_t5_max: 120786
	F19_('S1', 'E1')_t5_min: 982
	F26_('S3', 'S4')_t5_max: 1828
	F22_('S4', 'E4')_tb: 8351
	F0_('E1', 'S1')_t4_max: 59036
	F38_('E5', 'S5')_t4_min: 43673
	F21_('E1', 'S1')_t5_min: 27304
	F34_('S2', 'E2')_tb: 1276
	F33_('S3', 'S2')_tb: 1377
	F10_('E3', 'S3')_t4_max: 13256
	F14_('S4', 'S5')_t3_min: 4807
	F20_('S4', 'S5')_t3_min: 15418
	F19_('S3', 'S2')_t5_max: 521
	F34_('S4', 'S3')_t3_max: 896
	('S2', 'E2')_gcl_length: 216
	F6_('S1', 'E1')_t4_max: 7468
	F28_('S4', 'S5')_t5_max: 571
	F35_('S3', 'S4')_t5_min: 27213
	F34_('S4', 'S3')_tb: 891
	F26_('S3', 'S4')_t5_min: 1828
	F30_('E4', 'S4')_t5_max: 9807
	F23_('E3', 'S3')_t3_min: 25862
	F14_('E1', 'S1')_t5_min: 4353
	F33_('E4', 'S4')_t4_max: 1175
	F3_('S3', 'S4')_t5_min: 2607
	F5_('S3', 'S4')_t5_min: 53100
	F6_('S1', 'E1')_t5_min: 7112
	F33_('E4', 'S4')_t5_max: 1274
	F24_('S1', 'E1')_t5_max: 121273
	F38_('S2', 'E2')_t3_max: 44293
	F5_('E3', 'S3')_t4_min: 53026
	F27_('E1', 'S1')_tb: 1526
	F32_('S2', 'S3')_t5_min: 56141
	F26_('E1', 'S1')_t5_min: 1525
	F2_('S2', 'E2')_t5_max: 38485
	F22_('S2', 'S3')_t3_min: 8271
	F39_('S2', 'S3')_t5_max: 2928
	F39_('E1', 'S1')_tb: 2486
	F6_('S3', 'S2')_tb: 7015
	F13_('S4', 'E4')_t3_min: 3633
	F33_('S3', 'S2')_t3_min: 1377
	F29_('S2', 'E2')_t5_max: 1757
	F20_('S5', 'E5')_t5_max: 15999
	F0_('E1', 'S1')_t3_min: 59036
	F34_('S5', 'S4')_tb: 767
	F0_('S1', 'S2')_t5_max: 59305
	F18_('S3', 'E3')_t5_max: 56587
	F7_('S4', 'S3')_t3_min: 590
	F17_('E4', 'S4')_t4_max: 1945
	F0_('E1', 'S1')_t4_min: 59036
	F4_('S3', 'S2')_t5_max: 28286
	F37_('S3', 'S2')_t5_max: 286
	F10_('E3', 'S3')_t5_max: 13348
	F34_('E5', 'S5')_t4_max: 638
	F1_('E2', 'S2')_t3_min: 416
	F25_('E5', 'S5')_t4_min: 3327
	F38_('E5', 'S5')_t5_max: 43759
	F38_('S3', 'S2')_t5_max: 44286
	F19_('S4', 'S3')_t3_min: 185
	F5_('S4', 'E4')_t5_min: 53138
	F37_('S5', 'S4')_t3_min: 18
	F31_('E1', 'S1')_t4_max: 2688
	F37_('E5', 'S5')_t4_max: 1
	F8_('E5', 'S5')_t5_min: 6974
	F15_('S3', 'S4')_t5_min: 104803
	F7_('E4', 'S4')_t5_min: 588
	F21_('S3', 'E3')_t5_max: 28235
	F8_('S4', 'E4')_t4_max: 7298
	F36_('S3', 'S2')_t3_max: 5152
	F19_('S3', 'S2')_t5_min: 521
	F33_('S2', 'S1')_tb: 1794
	F30_('S4', 'S3')_tb: 9809
	F31_('E1', 'S1')_t5_max: 2708
	F26_('S2', 'S3')_t5_min: 1727
	F2_('E4', 'S4')_t4_max: 37645
	F19_('S3', 'S2')_t3_min: 287
	F32_('E2', 'S2')_t5_max: 56130
	F38_('S3', 'S2')_tb: 43942
	F37_('S2', 'S1')_tb: 416
	F11_('S4', 'S3')_t3_min: 27035
	F4_('E3', 'S3')_t5_min: 28089
	F17_('E4', 'S4')_tb: 1945
	F22_('S4', 'E4')_t5_min: 8389
	F33_('S1', 'E1')_tb: 1900
	F20_('S4', 'S5')_t5_min: 15514
	F9_('S2', 'E2')_t5_min: 119269
	F14_('S1', 'S2')_t5_max: 4589
	F16_('S5', 'E5')_t3_min: 2954
	F35_('S4', 'E4')_t3_max: 27349
	F34_('E5', 'S5')_t3_min: 638
	F18_('E4', 'S4')_t5_max: 56413
	F39_('E1', 'S1')_t5_min: 2588
	F23_('S3', 'S4')_t3_min: 25958
	F26_('S1', 'S2')_t3_min: 1527
	F37_('S2', 'S1')_t3_min: 288
	F35_('S4', 'E4')_t5_max: 27524
	F30_('S4', 'S3')_t5_max: 10000
	F35_('S3', 'S4')_t3_min: 27162
	F32_('E2', 'S2')_t4_max: 56121
	F26_('S1', 'S2')_t5_max: 1626
	F15_('S2', 'S3')_t3_min: 104591
	F16_('S2', 'S3')_tb: 2596
	F22_('S4', 'E4')_t3_max: 8614
	F18_('E4', 'S4')_t4_min: 56395
	('S4', 'E4')_gcl_length: 2
	F9_('S2', 'E2')_t3_max: 119348
	F15_('S4', 'E4')_t3_max: 105068
	('S3', 'S2')_gcl_length: 194
	F34_('S4', 'S3')_t3_min: 891
	F6_('E5', 'S5')_t5_max: 6911
	F39_('S3', 'S4')_t3_min: 2930
	F38_('S5', 'S4')_t5_max: 43852
	F16_('E1', 'S1')_t3_min: 2231
	F0_('S2', 'E2')_t4_max: 59436
	F7_('S4', 'S3')_t5_min: 785
	F28_('E4', 'S4')_tb: 414
	F17_('S3', 'E3')_t5_max: 2369
	F33_('S1', 'E1')_t5_max: 1999
	F3_('E1', 'S1')_t5_max: 2098
	F3_('S2', 'S3')_t3_max: 2275
	F21_('E1', 'S1')_t4_min: 27196
	F2_('S2', 'E2')_t3_max: 38250
	F27_('S1', 'S2')_t5_max: 1818
	F6_('E5', 'S5')_tb: 6880
	F14_('S3', 'S4')_t5_max: 5063
	F35_('S4', 'E4')_t5_min: 27266
	F35_('S4', 'E4')_tb: 27215
	F24_('E3', 'S3')_t4_min: 120430
	F38_('S3', 'S2')_t5_min: 44028
	F3_('S2', 'S3')_t3_min: 2141
	F15_('S4', 'E4')_t4_max: 105192
	F2_('S2', 'E2')_t3_min: 37987
	F1_('E2', 'S2')_t5_min: 437
	F36_('S3', 'S2')_t3_min: 5018
	F17_('S3', 'E3')_tb: 2057
	F29_('E1', 'S1')_t4_max: 1317
	F9_('E1', 'S1')_t5_max: 119155
	F6_('S2', 'S1')_t5_max: 7337
	F17_('S3', 'E3')_t5_min: 2111
	F34_('S5', 'S4')_t3_min: 762
	F19_('S2', 'S1')_t5_min: 623
	F12_('S4', 'S3')_t5_min: 1621
	F10_('S4', 'S5')_t3_min: 13444
	F32_('S3', 'E3')_t3_max: 56277
	F7_('S2', 'E2')_t5_max: 1119
	F11_('S3', 'E3')_tb: 27148
	F36_('S2', 'E2')_t5_min: 5483
	F27_('E1', 'S1')_t3_min: 1526
	F35_('S3', 'S4')_tb: 27162
	F14_('S5', 'E5')_t3_min: 4915
	F24_('S3', 'S2')_t5_min: 120786
	F6_('S2', 'S1')_t3_max: 7182
	('S5', 'S4')_gcl_length: 82
	F30_('E4', 'S4')_t4_max: 9745
	F4_('E3', 'S3')_t5_max: 28089
	F15_('E2', 'S2')_tb: 104484
	F8_('S5', 'S4')_t5_min: 7038
	F12_('S4', 'S3')_tb: 1505
