0. Flow F0 [E2-->E1] with period 16000, payload 1195B, e2e delay 16000us, jitter 1600us
	('E2', 'S2'), Operation(4817, None, 4913)(4817, 4817)
	('S2', 'S1'), Operation(4915, None, 5140)(4915, 5044)
	('S1', 'E1'), Operation(5013, None, 5367)(5013, 5271)
1. Flow F1 [E2-->E5] with period 2000, payload 1365B, e2e delay 2000us, jitter 200us
	('E2', 'S2'), Operation(914, None, 1024)(914, 914)
	('S2', 'S3'), Operation(1026, 1031, 1141)(1031, 1031)
	('S3', 'S4'), Operation(1143, None, 1382)(1143, 1272)
	('S4', 'S5'), Operation(1255, None, 1623)(1255, 1513)
	('S5', 'E5'), Operation(1367, 1630, 1740)(1630, 1630)
2. Flow F2 [E5-->E3] with period 8000, payload 299B, e2e delay 8000us, jitter 800us
	('E5', 'S5'), Operation(552, None, 576)(552, 552)
	('S5', 'S4'), Operation(578, None, 731)(578, 707)
	('S4', 'S3'), Operation(604, None, 886)(604, 862)
	('S3', 'E3'), Operation(630, None, 1041)(630, 1017)
3. Flow F3 [E4-->E2] with period 16000, payload 891B, e2e delay 16000us, jitter 1600us
	('E4', 'S4'), Operation(14020, None, 14092)(14020, 14020)
	('S4', 'S3'), Operation(14094, 14099, 14171)(14099, 14099)
	('S3', 'S2'), Operation(14173, 14178, 14250)(14178, 14178)
	('S2', 'E2'), Operation(14252, None, 14453)(14252, 14381)
4. Flow F4 [E5-->E4] with period 64000, payload 475B, e2e delay 64000us, jitter 6400us
	('E5', 'S5'), Operation(28124, None, 28162)(28124, 28124)
	('S5', 'S4'), Operation(28164, 28169, 28207)(28169, 28169)
	('S4', 'E4'), Operation(28209, None, 28376)(28209, 28338)
5. Flow F5 [E4-->E1] with period 16000, payload 973B, e2e delay 16000us, jitter 1600us
	('E4', 'S4'), Operation(13541, None, 13619)(13541, 13541)
	('S4', 'S3'), Operation(13621, None, 13828)(13621, 13750)
	('S3', 'S2'), Operation(13701, 13835, 13913)(13835, 13835)
	('S2', 'S1'), Operation(13915, 13920, 13998)(13920, 13920)
	('S1', 'E1'), Operation(14000, None, 14207)(14000, 14129)
6. Flow F6 [E2-->E5] with period 32000, payload 1019B, e2e delay 32000us, jitter 3200us
	('E2', 'S2'), Operation(1965, None, 2047)(1965, 1965)
	('S2', 'S3'), Operation(2049, 2054, 2136)(2054, 2054)
	('S3', 'S4'), Operation(2138, None, 2349)(2138, 2267)
	('S4', 'S5'), Operation(2222, None, 2562)(2222, 2480)
	('S5', 'E5'), Operation(2306, 2569, 2651)(2569, 2569)
7. Flow F7 [E4-->E5] with period 64000, payload 895B, e2e delay 64000us, jitter 6400us
	('E4', 'S4'), Operation(61620, None, 61692)(61620, 61620)
	('S4', 'S5'), Operation(61694, 61699, 61771)(61699, 61699)
	('S5', 'E5'), Operation(61773, None, 61974)(61773, 61902)
8. Flow F8 [E2-->E1] with period 64000, payload 1472B, e2e delay 64000us, jitter 6400us
	('E2', 'S2'), Operation(7816, None, 7934)(7816, 7816)
	('S2', 'S1'), Operation(7936, 7941, 8059)(7941, 7941)
	('S1', 'E1'), Operation(8061, None, 8308)(8061, 8190)
9. Flow F9 [E2-->E1] with period 2000, payload 287B, e2e delay 2000us, jitter 200us
	('E2', 'S2'), Operation(1792, None, 1815)(1792, 1792)
	('S2', 'S1'), Operation(1817, 1822, 1845)(1822, 1822)
	('S1', 'E1'), Operation(1847, None, 1999)(1847, 1976)
10. Flow F10 [E1-->E4] with period 4000, payload 1420B, e2e delay 4000us, jitter 400us
	('E1', 'S1'), Operation(2910, None, 3024)(2910, 2910)
	('S1', 'S2'), Operation(3026, None, 3269)(3026, 3155)
	('S2', 'S3'), Operation(3142, 3276, 3390)(3276, 3276)
	('S3', 'S4'), Operation(3392, None, 3635)(3392, 3521)
	('S4', 'E4'), Operation(3508, None, 3880)(3508, 3766)
11. Flow F11 [E2-->E5] with period 128000, payload 386B, e2e delay 128000us, jitter 12800us
	('E2', 'S2'), Operation(303, None, 334)(303, 303)
	('S2', 'S3'), Operation(336, 341, 372)(341, 341)
	('S3', 'S4'), Operation(374, None, 534)(374, 503)
	('S4', 'S5'), Operation(407, 541, 572)(541, 541)
	('S5', 'E5'), Operation(574, None, 734)(574, 703)
12. Flow F12 [E4-->E3] with period 32000, payload 437B, e2e delay 32000us, jitter 3200us
	('E4', 'S4'), Operation(13892, None, 13927)(13892, 13892)
	('S4', 'S3'), Operation(13929, None, 14093)(13929, 14058)
	('S3', 'E3'), Operation(13966, None, 14259)(13966, 14224)
13. Flow F13 [E4-->E2] with period 16000, payload 171B, e2e delay 16000us, jitter 1600us
	('E4', 'S4'), Operation(13877, None, 13891)(13877, 13877)
	('S4', 'S3'), Operation(13893, 13898, 13912)(13898, 13898)
	('S3', 'S2'), Operation(13914, 13919, 13933)(13919, 13919)
	('S2', 'E2'), Operation(13935, None, 14078)(13935, 14064)
14. Flow F14 [E2-->E4] with period 128000, payload 970B, e2e delay 128000us, jitter 12800us
	('E2', 'S2'), Operation(1, None, 79)(1, 1)
	('S2', 'S3'), Operation(81, 86, 164)(86, 86)
	('S3', 'S4'), Operation(166, None, 373)(166, 295)
	('S4', 'E4'), Operation(246, None, 582)(246, 504)
15. Flow F15 [E5-->E4] with period 128000, payload 856B, e2e delay 128000us, jitter 12800us
	('E5', 'S5'), Operation(27739, None, 27808)(27739, 27739)
	('S5', 'S4'), Operation(27810, None, 28008)(27810, 27939)
	('S4', 'E4'), Operation(27881, None, 28208)(27881, 28139)
16. Flow F16 [E5-->E4] with period 64000, payload 712B, e2e delay 64000us, jitter 6400us
	('E5', 'S5'), Operation(31198, None, 31255)(31198, 31198)
	('S5', 'S4'), Operation(31257, 31262, 31319)(31262, 31262)
	('S4', 'E4'), Operation(31321, None, 31507)(31321, 31450)
17. Flow F17 [E1-->E3] with period 16000, payload 524B, e2e delay 16000us, jitter 1600us
	('E1', 'S1'), Operation(10637, None, 10679)(10637, 10637)
	('S1', 'S2'), Operation(10681, None, 10852)(10681, 10810)
	('S2', 'S3'), Operation(10725, None, 11025)(10725, 10983)
	('S3', 'E3'), Operation(10769, None, 11198)(10769, 11156)
18. Flow F18 [E1-->E3] with period 4000, payload 1501B, e2e delay 4000us, jitter 400us
	('E1', 'S1'), Operation(1891, None, 2012)(1891, 1891)
	('S1', 'S2'), Operation(2014, None, 2264)(2014, 2143)
	('S2', 'S3'), Operation(2137, None, 2516)(2137, 2395)
	('S3', 'E3'), Operation(2260, None, 2768)(2260, 2647)
19. Flow F19 [E5-->E1] with period 128000, payload 1342B, e2e delay 128000us, jitter 12800us
	('E5', 'S5'), Operation(104667, None, 104775)(104667, 104667)
	('S5', 'S4'), Operation(104777, None, 105014)(104777, 104906)
	('S4', 'S3'), Operation(104887, 105021, 105129)(105021, 105021)
	('S3', 'S2'), Operation(105131, None, 105368)(105131, 105260)
	('S2', 'S1'), Operation(105241, None, 105607)(105241, 105499)
	('S1', 'E1'), Operation(105351, None, 105846)(105351, 105738)

SMT variables: 
	('S2', 'S3')_gcl_cycle: 128000
	F0_('S2', 'S1')_rr: 0
	F15_('E5', 'S5')_gc: False
	F2_('S3', 'E3')_t5_min: 654
	F5_('S1', 'E1')_t5_max: 14207
	F16_('S5', 'S4')_rr: 1
	F2_('S5', 'S4')_t4_max: 707
	('S4', 'S3')_gcl_cycle: 128000
	F7_queue_index: 0
	F1_('S3', 'S4')_rr: 0
	F12_('S4', 'S3')_t4_min: 13929
	F2_('E5', 'S5')_rr: 0
	F18_('S3', 'E3')_t5_min: 2381
	F9_('S1', 'E1')_rr: 0
	F2_('S5', 'S4')_gc: False
	F10_('S3', 'S4')_rr: 0
	F13_('S2', 'E2')_t4_min: 13935
	F0_('S2', 'S1')_tb: 4915
	F19_('E5', 'S5')_t3_min: 104667
	F9_('S2', 'S1')_rr: 32
	F1_('S3', 'S4')_t5_min: 1253
	F15_('S4', 'E4')_t4_min: 27881
	F7_('E4', 'S4')_rr: 0
	F5_('E4', 'S4')_gc: False
	F19_('E5', 'S5')_t3_max: 104543
	F11_('S4', 'S5')_gc: True
	F9_('E2', 'S2')_t3_min: 1792
	F5_queue_index: 0
	F10_('S3', 'S4')_t4_min: 3392
	F3_('E4', 'S4')_t5_max: 14092
	F10_('S1', 'S2')_rr: 0
	F13_('S3', 'S2')_gc: True
	F9_('S2', 'S1')_t4_min: 1822
	F7_('S5', 'E5')_gc: False
	F19_('S4', 'S3')_t4_min: 105021
	F7_('E4', 'S4')_t3_max: 61496
	F0_('E2', 'S2')_rr: 0
	F13_jitter: 129
	F1_jitter: 0
	F10_('S4', 'E4')_t3_min: 3508
	F8_('E2', 'S2')_gc: False
	F3_('E4', 'S4')_rr: 0
	F5_('S4', 'S3')_t5_min: 13699
	F15_jitter: 258
	F4_('S5', 'S4')_rr: 1
	F14_('E2', 'S2')_t3_max: -123
	F3_('E4', 'S4')_t4_max: 14020
	F18_('S3', 'E3')_gc: False
	F14_('S2', 'S3')_gc: True
	F11_('E2', 'S2')_t4_max: 303
	F6_queue_index: 0
	F7_('E4', 'S4')_gc: False
	F1_('S5', 'E5')_t4_min: 1630
	F10_('S4', 'E4')_t5_max: 3880
	F11_('S2', 'S3')_rr: 1
	F5_('S1', 'E1')_gc: False
	F14_('S2', 'S3')_t3_min: 81
	F17_('E1', 'S1')_t3_max: 10513
	F5_('S4', 'S3')_rr: 0
	F18_('S2', 'S3')_t4_max: 2395
	F17_('S2', 'S3')_gc: False
	('E2', 'S2')_gcl_cycle: 1
	F3_('E4', 'S4')_t4_min: 14020
	F16_('E5', 'S5')_t5_max: 31255
	F18_('S3', 'E3')_t3_max: 2523
	('S2', 'E2')_gcl_cycle: 1
	F10_('S4', 'E4')_rr: 0
	F13_('S4', 'S3')_rr: 8
	F16_('S4', 'E4')_gc: False
	F14_('S2', 'S3')_rr: 1
	F16_('S4', 'E4')_rr: 0
	F11_('S2', 'S3')_t4_max: 341
	F6_('S3', 'S4')_gc: False
	F2_('S4', 'S3')_gc: False
	F14_('S4', 'E4')_gc: False
	F11_('S2', 'S3')_t4_min: 341
	F4_('E5', 'S5')_t5_min: 28162
	F1_('S3', 'S4')_tb: 1143
	F10_('S4', 'E4')_gc: False
	F16_('S5', 'S4')_gc: True
	F11_('S3', 'S4')_rr: 0
	('S3', 'E3')_gcl_cycle: 1
	F18_('S1', 'S2')_gc: False
	F1_('S2', 'S3')_gc: True
	F17_('S1', 'S2')_t4_max: 10810
	F8_('S1', 'E1')_gc: False
	F13_('S3', 'S2')_t4_max: 13919
	F1_('S5', 'E5')_t3_max: 1630
	F10_('E1', 'S1')_gc: False
	F10_('S1', 'S2')_t4_min: 3026
	F18_('S1', 'S2')_t4_max: 2143
	F8_('S2', 'S1')_rr: 1
	F18_('S1', 'S2')_t4_min: 2014
	F4_('S4', 'E4')_rr: 0
	F18_('S1', 'S2')_t5_min: 2135
	F10_('S4', 'E4')_t4_max: 3766
	F6_('S4', 'S5')_t4_min: 2222
	F6_('E2', 'S2')_gc: False
	F15_('S4', 'E4')_rr: 0
	F2_('E5', 'S5')_gc: False
	F4_('E5', 'S5')_tb: 28124
	F4_('S5', 'S4')_t3_min: 28164
	F7_('S5', 'E5')_t5_min: 61845
	F8_('S1', 'E1')_rr: 0
	F6_('S2', 'S3')_gc: True
	F19_('E5', 'S5')_rr: 0
	F7_('S5', 'E5')_rr: 0
	F11_('S3', 'S4')_t3_max: 379
	F9_('S1', 'E1')_t4_min: 1847
	F4_('E5', 'S5')_t3_max: 28000
	F8_('S2', 'S1')_t4_min: 7941
	F15_('S4', 'E4')_t3_min: 27881
	F9_('S1', 'E1')_t5_max: 1999
	F0_('S1', 'E1')_rr: 0
	F17_('E1', 'S1')_gc: False
	F12_('S3', 'E3')_rr: 0
	F2_('S4', 'S3')_t4_min: 604
	F13_('E4', 'S4')_t3_max: 13753
	F4_('S4', 'E4')_gc: False
	F3_('S2', 'E2')_t4_min: 14252
	F17_('S3', 'E3')_rr: 0
	F13_('S4', 'S3')_gc: True
	F8_('S1', 'E1')_t4_min: 8061
	F19_('S1', 'E1')_tb: 105351
	F6_('S2', 'S3')_t4_max: 2054
	F1_('S3', 'S4')_t4_max: 1272
	F6_('E2', 'S2')_t3_max: 1841
	F1_('S4', 'S5')_gc: False
	F14_('E2', 'S2')_gc: False
	F18_('S3', 'E3')_rr: 0
	F5_('E4', 'S4')_t3_max: 13417
	F5_('S4', 'S3')_t4_max: 13750
	F8_jitter: 129
	F2_('S3', 'E3')_rr: 0
	F11_('S3', 'S4')_t5_min: 405
	F4_('S5', 'S4')_t4_max: 28169
	('E1', 'S1')_gcl_cycle: 1
	F0_('S1', 'E1')_gc: False
	F6_('S4', 'S5')_gc: False
	F10_('S2', 'S3')_gc: True
	F18_jitter: 387
	F4_('E5', 'S5')_rr: 0
	F11_('S3', 'S4')_gc: False
	F5_('S3', 'S2')_t4_max: 13835
	F8_('E2', 'S2')_t3_max: 7692
	('S1', 'S2')_gcl_cycle: 1
	F13_('S4', 'S3')_t4_min: 13898
	F13_('S2', 'E2')_rr: 0
	F11_('E2', 'S2')_gc: False
	F5_('S2', 'S1')_gc: True
	F11_('S2', 'S3')_gc: True
	F10_('S1', 'S2')_gc: False
	F19_('S5', 'S4')_t5_max: 105014
	F19_('S2', 'S1')_t4_min: 105241
	F9_('S1', 'E1')_gc: False
	F11_('S3', 'S4')_t4_min: 374
	F18_('S3', 'E3')_t4_min: 2260
	F1_('E2', 'S2')_gc: False
	F19_('S1', 'E1')_t4_min: 105351
	F15_('S4', 'E4')_gc: False
	F4_('S5', 'S4')_gc: True
	F18_('E1', 'S1')_gc: False
	F15_('S5', 'S4')_t4_max: 27939
	F19_('S3', 'S2')_t4_min: 105131
	F14_('E2', 'S2')_rr: 0
	F8_('S2', 'S1')_gc: True
	F2_('S5', 'S4')_t4_min: 578
	F8_('E2', 'S2')_t3_min: 7816
	F15_('S5', 'S4')_t4_min: 27810
	F5_('S3', 'S2')_rr: 1
	F5_('S2', 'S1')_t4_max: 13920
	F11_queue_index: 0
	F10_('S2', 'S3')_t4_max: 3276
	F0_('S2', 'S1')_gc: False
	F5_jitter: 129
	F3_('S2', 'E2')_t3_max: 14257
	F5_('S2', 'S1')_t4_min: 13920
	F6_('E2', 'S2')_t5_min: 2047
	F6_('S5', 'E5')_rr: 1
	F3_('S4', 'S3')_t4_min: 14099
	('S3', 'S4')_gcl_length: 0
	F1_('S2', 'S3')_t3_min: 1026
	F19_('S2', 'S1')_rr: 0
	F19_queue_index: 0
	F5_('S3', 'S2')_t5_min: 13913
	F1_('E2', 'S2')_t3_max: 790
	F15_queue_index: 0
	F14_('S3', 'S4')_t3_max: 171
	F15_('S5', 'S4')_t3_min: 27810
	F18_('S1', 'S2')_rr: 0
	F19_('S4', 'S3')_t4_max: 105021
	F18_('S2', 'S3')_rr: 0
	F18_('S2', 'S3')_t4_min: 2137
	('S1', 'E1')_gcl_cycle: 1
	F4_('S5', 'S4')_t4_min: 28169
	F2_('S4', 'S3')_rr: 0
	F12_('E4', 'S4')_t3_max: 13768
	F0_('S2', 'S1')_t4_max: 5044
	F11_('S4', 'S5')_rr: 1
	F1_('S4', 'S5')_t4_max: 1513
	F12_queue_index: 0
	F4_jitter: 129
	F10_('E1', 'S1')_t3_max: 2786
	F9_('S1', 'E1')_t5_min: 1870
	F3_('S4', 'S3')_gc: True
	F5_('S3', 'S2')_gc: True
	F13_('S2', 'E2')_gc: False
	F6_('S2', 'S3')_rr: 4
	F2_('S5', 'S4')_rr: 0
	F0_('S1', 'E1')_tb: 5013
	F19_('S1', 'E1')_gc: False
	F10_jitter: 258
	F10_('S3', 'S4')_t4_max: 3521
	F19_('S3', 'S2')_tb: 105131
	F14_('S3', 'S4')_rr: 0
	F15_('E5', 'S5')_rr: 0
	F14_queue_index: 0
	F19_('E5', 'S5')_gc: False
	F11_('S5', 'E5')_t4_min: 574
	F8_('S2', 'S1')_t5_max: 8059
	F0_jitter: 258
	F6_('S3', 'S4')_rr: 0
	F10_('S4', 'E4')_t4_min: 3508
	F3_('S2', 'E2')_rr: 0
	F17_('S2', 'S3')_tb: 10725
	F19_('S4', 'S3')_gc: True
	F10_('S2', 'S3')_t4_min: 3276
	F1_('E2', 'S2')_rr: 0
	F18_('S1', 'S2')_t3_min: 2014
	F19_('S5', 'S4')_t4_min: 104777
	F1_('S5', 'E5')_rr: 16
	F14_('S2', 'S3')_t4_min: 86
	F13_('S4', 'S3')_t4_max: 13898
	F11_('S4', 'S5')_t4_min: 541
	F2_('S4', 'S3')_tb: 604
	F4_('S4', 'E4')_t4_min: 28209
	F6_jitter: 0
	F17_('S1', 'S2')_t4_min: 10681
	F18_queue_index: 0
	F11_('E2', 'S2')_rr: 0
	F16_('E5', 'S5')_gc: False
	F11_('S5', 'E5')_rr: 0
	F6_('S4', 'S5')_t4_max: 2480
	F10_('S1', 'S2')_t4_max: 3155
	F9_jitter: 129
	F11_('S3', 'S4')_t4_max: 503
	F3_queue_index: 0
	F3_('E4', 'S4')_t5_min: 14092
	F4_('E5', 'S5')_t3_min: 28124
	F6_('S3', 'S4')_t4_max: 2267
	F15_('S5', 'S4')_t5_max: 28008
	F0_queue_index: 0
	F16_queue_index: 0
	F11_('S4', 'S5')_t3_max: 541
	F0_('E2', 'S2')_t3_max: 4693
	F13_('S3', 'S2')_t4_min: 13919
	F13_('S2', 'E2')_t4_max: 14064
	F1_('S5', 'E5')_gc: True
	F4_('E5', 'S5')_t4_max: 28124
	F1_('S2', 'S3')_t4_max: 1031
	F17_('S3', 'E3')_gc: False
	F19_('S3', 'S2')_t4_max: 105260
	('E5', 'S5')_gcl_cycle: 1
	F12_('E4', 'S4')_rr: 0
	F12_('E4', 'S4')_gc: False
	F6_('S5', 'E5')_t4_min: 2569
	F12_('E4', 'S4')_t5_min: 13927
	F6_('E2', 'S2')_rr: 0
	F17_('S3', 'E3')_t4_min: 10769
	F6_('S2', 'S3')_t5_min: 2136
	F17_('S2', 'S3')_rr: 0
	F13_('S4', 'S3')_t5_min: 13912
	F16_('S4', 'E4')_t4_max: 31450
	F16_('S5', 'S4')_t4_max: 31262
	F6_('S3', 'S4')_t5_min: 2220
	F13_('S3', 'S2')_rr: 1
	F15_('S5', 'S4')_gc: False
	F7_jitter: 129
	F9_('S2', 'S1')_t4_max: 1822
	F2_queue_index: 0
	('S2', 'S1')_gcl_cycle: 64000
	F6_('S2', 'S3')_t4_min: 2054
	F6_('S4', 'S5')_rr: 0
	F12_('S3', 'E3')_gc: False
	F13_queue_index: 0
	F3_('S3', 'S2')_rr: 1
	F18_('E1', 'S1')_t3_max: 1767
	F2_('S5', 'S4')_t3_min: 578
	F18_('S2', 'S3')_gc: False
	F11_jitter: 129
	F9_('E2', 'S2')_rr: 0
	F11_('E2', 'S2')_tb: 303
	F3_('E4', 'S4')_gc: False
	F9_('S2', 'S1')_gc: True
	F12_('S4', 'S3')_gc: False
	F14_('S3', 'S4')_t4_max: 295
	F11_('S4', 'S5')_t4_max: 541
	F17_('S1', 'S2')_rr: 0
	F10_('E1', 'S1')_rr: 0
	F11_('E2', 'S2')_t3_max: 179
	F10_('S3', 'S4')_gc: False
	F15_('E5', 'S5')_t4_min: 27739
	F17_('S2', 'S3')_t4_max: 10983
	F1_('S4', 'S5')_t4_min: 1255
	F0_('S2', 'S1')_t4_min: 4915
	F5_('S4', 'S3')_tb: 13621
	F16_('E5', 'S5')_t3_max: 31074
	F5_('S3', 'S2')_t4_min: 13835
	F19_('S1', 'E1')_rr: 0
	F18_('S1', 'S2')_tb: 2014
	F19_('S5', 'S4')_gc: False
	F4_queue_index: 0
	F2_('S4', 'S3')_t4_max: 862
	F5_('S4', 'S3')_gc: False
	F14_('S3', 'S4')_gc: False
	F17_('S1', 'S2')_gc: False
	F14_jitter: 258
	F15_('S5', 'S4')_tb: 27810
	F7_('S4', 'S5')_t4_min: 61699
	F10_queue_index: 0
	F5_('S3', 'S2')_t3_max: 13835
	F8_('S2', 'S1')_t4_max: 7941
	F3_('S4', 'S3')_t4_max: 14099
	F18_('S3', 'E3')_t3_min: 2260
	F19_('S3', 'S2')_rr: 0
	F3_('S2', 'E2')_gc: False
	F5_('E4', 'S4')_t4_min: 13541
	F1_('S4', 'S5')_rr: 0
	F5_('S2', 'S1')_rr: 4
	F19_('S4', 'S3')_rr: 1
	('E4', 'S4')_gcl_cycle: 1
	F19_('S2', 'S1')_gc: False
	F7_('S4', 'S5')_rr: 2
	F4_('E5', 'S5')_gc: False
	F1_('S3', 'S4')_t3_max: 1148
	('S4', 'S5')_gcl_cycle: 128000
	F19_('S5', 'S4')_rr: 0
	('S3', 'S4')_gcl_cycle: 1
	F3_jitter: 129
	('S5', 'S4')_gcl_cycle: 64000
	F19_('S3', 'S2')_gc: False
	F0_('E2', 'S2')_gc: False
	F2_('S3', 'E3')_t4_min: 630
	F17_jitter: 387
	F4_('S4', 'E4')_t5_min: 28247
	F9_queue_index: 0
	F7_('S4', 'S5')_gc: True
	F19_('S5', 'S4')_tb: 104777
	F1_('S3', 'S4')_gc: False
	F12_jitter: 258
	F13_('E4', 'S4')_t4_max: 13877
	F5_('S4', 'S3')_t4_min: 13621
	F6_('S5', 'E5')_gc: True
	F17_queue_index: 0
	F17_('S2', 'S3')_t4_min: 10725
	F15_('S5', 'S4')_rr: 0
	F1_('S3', 'S4')_t4_min: 1143
	F7_('E4', 'S4')_t4_min: 61620
	F5_('E4', 'S4')_rr: 0
	F14_('S3', 'S4')_t4_min: 166
	F8_queue_index: 0
	F3_('E4', 'S4')_t3_max: 13896
	F19_('S2', 'S1')_t4_max: 105499
	F3_('S3', 'S2')_gc: True
	F1_('S4', 'S5')_t3_max: 1389
	F3_('S2', 'E2')_t4_max: 14381
	F1_('S4', 'S5')_t5_max: 1623
	F13_('E4', 'S4')_rr: 0
	F14_('S2', 'S3')_t4_max: 86
	F12_('S4', 'S3')_rr: 0
	('S3', 'S2')_gcl_cycle: 16000
	F6_('E2', 'S2')_t5_max: 2047
	F2_('E5', 'S5')_t3_max: 428
	F10_('S2', 'S3')_rr: 32
	F16_('S4', 'E4')_t4_min: 31321
	('S5', 'E5')_gcl_cycle: 32000
	F7_('S4', 'S5')_t4_max: 61699
	F9_('E2', 'S2')_t3_max: 1668
	F1_queue_index: 0
	F16_('S5', 'S4')_t4_min: 31262
	F5_('S1', 'E1')_rr: 0
	F8_('E2', 'S2')_rr: 0
	F19_('S5', 'S4')_t4_max: 104906
	F2_('S3', 'E3')_gc: False
	F19_jitter: 387
	F2_jitter: 387
	F9_('S1', 'E1')_t3_max: 1852
	F4_('S4', 'E4')_tb: 28209
	F3_('S3', 'S2')_t4_max: 14178
	F12_('S3', 'E3')_t4_min: 13966
	F16_jitter: 129
	F3_('S3', 'S2')_t4_min: 14178
	F14_('S3', 'S4')_t3_min: 166
	F16_('S4', 'E4')_t3_max: 31326
	F16_('E5', 'S5')_rr: 0
	F1_('S2', 'S3')_t4_min: 1031
	F13_('E4', 'S4')_gc: False
	('S4', 'E4')_gcl_cycle: 1
	F7_('S5', 'E5')_t4_min: 61773
	F5_('S1', 'E1')_t4_min: 14000
	F12_('S4', 'S3')_t4_max: 14058
	F14_('S4', 'E4')_rr: 0
	F15_('E5', 'S5')_t3_max: 27615
	F1_('S2', 'S3')_rr: 64
	F6_('S3', 'S4')_t4_min: 2138
	F11_('S5', 'E5')_gc: False
	F14_('S4', 'E4')_t4_min: 246
	F3_('S4', 'S3')_rr: 8
	F9_('E2', 'S2')_gc: False
	F17_('E1', 'S1')_rr: 0
	F0_('S1', 'E1')_t4_min: 5013
	F18_('E1', 'S1')_rr: 0
	F19_('S5', 'S4')_t3_max: 104782
	F5_('S4', 'S3')_t3_max: 13626
	F17_('S1', 'S2')_t3_max: 10686
	F16_('S5', 'S4')_t3_max: 31262
	F15_('S5', 'S4')_t3_max: 27815
	F9_('S2', 'S1')_t3_max: 1822
	F3_('S4', 'S3')_t3_max: 14099
	F4_('S5', 'S4')_t3_max: 28169
	F10_('S1', 'S2')_t3_max: 3031
	F6_('S2', 'S3')_t3_max: 2054
	F18_('S1', 'S2')_t3_max: 2019
	F0_('S2', 'S1')_t3_max: 4920
	F14_('S2', 'S3')_t3_max: 86
	F8_('S2', 'S1')_t3_max: 7941
	F1_('S2', 'S3')_t3_max: 1031
	F13_('S4', 'S3')_t3_max: 13898
	F12_('S4', 'S3')_t3_max: 13934
	F7_('S4', 'S5')_t3_max: 61699
	F11_('S2', 'S3')_t3_max: 341
	F2_('S5', 'S4')_t3_max: 583
	F3_('S4', 'S3')_tb: 14099
	F12_('E4', 'S4')_t4_min: 13892
	F18_('S3', 'E3')_t4_max: 2647
	F18_('S2', 'S3')_t3_max: 2271
	F17_('S3', 'E3')_t3_min: 10769
	F12_('E4', 'S4')_t4_max: 13892
	F5_('S2', 'S1')_t3_min: 13915
	F14_('S2', 'S3')_tb: 86
	F5_('S2', 'S1')_t5_max: 13998
	F19_('E5', 'S5')_t5_max: 104775
	F9_('E2', 'S2')_t5_max: 1815
	F6_('S4', 'S5')_t3_min: 2222
	F10_('E1', 'S1')_tb: 2910
	F17_('S3', 'E3')_t3_max: 11032
	F0_('S2', 'S1')_t5_min: 5011
	F5_('S1', 'E1')_t3_max: 14005
	F1_('S5', 'E5')_t4_max: 1630
	F14_('E2', 'S2')_t5_min: 79
	F18_('S2', 'S3')_t5_max: 2516
	F11_('S5', 'E5')_t3_min: 574
	F9_('E2', 'S2')_tb: 1792
	F12_('E4', 'S4')_t3_min: 13892
	F19_('S2', 'S1')_t3_min: 105241
	F17_('E1', 'S1')_t4_max: 10637
	F8_('S1', 'E1')_tb: 8061
	F12_('E4', 'S4')_tb: 13892
	F16_('E5', 'S5')_tb: 31198
	F9_('S2', 'S1')_tb: 1822
	F13_('S3', 'S2')_t3_max: 13919
	F7_('E4', 'S4')_t5_max: 61692
	F14_('S4', 'E4')_t4_max: 504
	F13_('S2', 'E2')_t5_max: 14078
	F6_('S3', 'S4')_t3_max: 2143
	F17_('E1', 'S1')_t3_min: 10637
	F1_('S3', 'S4')_t5_max: 1382
	F5_('S2', 'S1')_t3_max: 13920
	F7_('S5', 'E5')_t3_max: 61778
	F5_('S4', 'S3')_t5_max: 13828
	F9_('S2', 'S1')_t5_min: 1845
	F7_('S4', 'S5')_t3_min: 61694
	('S5', 'E5')_gcl_length: 34
	F3_('E4', 'S4')_t3_min: 14020
	F13_('S2', 'E2')_tb: 13935
	F8_('S2', 'S1')_t5_min: 8059
	F14_('E2', 'S2')_t4_min: 1
	F4_('S4', 'E4')_t3_min: 28209
	F19_('S3', 'S2')_t3_max: 105136
	F0_('E2', 'S2')_t4_max: 4817
	F3_('S3', 'S2')_t5_min: 14250
	F14_('S2', 'S3')_t5_min: 164
	F17_('S1', 'S2')_tb: 10681
	F6_('S2', 'S3')_tb: 2054
	F7_('E4', 'S4')_t4_max: 61620
	F0_('S1', 'E1')_t3_max: 5147
	F17_('S3', 'E3')_t4_max: 11156
	F0_('S2', 'S1')_t3_min: 4915
	('S1', 'S2')_gcl_length: 0
	F19_('S5', 'S4')_t5_min: 104885
	('S1', 'E1')_gcl_length: 0
	F19_('S2', 'S1')_t5_max: 105607
	F3_('S4', 'S3')_t3_min: 14094
	F1_('S3', 'S4')_t3_min: 1143
	F3_('E4', 'S4')_tb: 14020
	F0_('E2', 'S2')_tb: 4817
	F17_('E1', 'S1')_t4_min: 10637
	F7_('E4', 'S4')_t3_min: 61620
	F0_('E2', 'S2')_t3_min: 4817
	F11_('S3', 'S4')_tb: 374
	F16_('S4', 'E4')_t5_min: 31378
	F4_('S4', 'E4')_t3_max: 28214
	F14_('S3', 'S4')_t5_min: 244
	F9_('S2', 'S1')_t5_max: 1845
	F0_('E2', 'S2')_t5_min: 4913
	F19_('S2', 'S1')_tb: 105241
	F2_('S5', 'S4')_t5_max: 731
	F12_('S3', 'E3')_t3_min: 13966
	F11_('E2', 'S2')_t4_min: 303
	F15_('E5', 'S5')_t4_max: 27739
	F16_('S4', 'E4')_t3_min: 31321
	F13_('S2', 'E2')_t3_min: 13935
	F2_('E5', 'S5')_t5_max: 576
	F8_('S1', 'E1')_t3_min: 8061
	F6_('S2', 'S3')_t5_max: 2136
	F10_('S1', 'S2')_tb: 3026
	F1_('S2', 'S3')_tb: 1031
	F2_('S4', 'S3')_t5_max: 886
	F10_('S4', 'E4')_tb: 3508
	('S2', 'S3')_gcl_length: 204
	F1_('S2', 'S3')_t5_max: 1141
	F14_('S4', 'E4')_tb: 246
	F6_('S5', 'E5')_t5_max: 2651
	F13_('S3', 'S2')_t5_max: 13933
	F8_('E2', 'S2')_t4_max: 7816
	F19_('S4', 'S3')_t5_min: 105129
	F12_('S4', 'S3')_t3_min: 13929
	F6_('S5', 'E5')_t3_max: 2569
	F4_('E5', 'S5')_t5_max: 28162
	F2_('S3', 'E3')_t3_min: 630
	F18_('E1', 'S1')_t4_min: 1891
	F2_('S5', 'S4')_tb: 578
	F17_('S2', 'S3')_t3_max: 10859
	F11_('S5', 'E5')_t5_max: 734
	F6_('S5', 'E5')_t3_min: 2306
	F6_('S5', 'E5')_tb: 2569
	F1_('E2', 'S2')_t5_max: 1024
	('S2', 'S1')_gcl_length: 74
	F3_('S3', 'S2')_t5_max: 14250
	F3_('S2', 'E2')_tb: 14252
	F15_('S4', 'E4')_tb: 27881
	F7_('S5', 'E5')_t4_max: 61902
	F10_('S1', 'S2')_t5_max: 3269
	F9_('S1', 'E1')_t3_min: 1847
	F19_('E5', 'S5')_t4_max: 104667
	F8_('S1', 'E1')_t4_max: 8190
	F12_('S3', 'E3')_t5_min: 14001
	F14_('E2', 'S2')_t4_max: 1
	F10_('S3', 'S4')_t5_min: 3506
	('S3', 'E3')_gcl_length: 0
	F11_('S2', 'S3')_tb: 341
	F19_('S4', 'S3')_t3_max: 105021
	F14_('S2', 'S3')_t5_max: 164
	F7_('E4', 'S4')_tb: 61620
	F18_('E1', 'S1')_t5_min: 2012
	F3_('S4', 'S3')_t5_min: 14171
	F5_('E4', 'S4')_tb: 13541
	F19_('S2', 'S1')_t3_max: 105375
	F7_('S5', 'E5')_tb: 61773
	F2_('E5', 'S5')_tb: 552
	('E2', 'S2')_gcl_length: 0
	F10_('S3', 'S4')_t5_max: 3635
	F19_('S4', 'S3')_tb: 105021
	F11_('S4', 'S5')_t5_min: 572
	F10_('E1', 'S1')_t3_min: 2910
	F6_('S4', 'S5')_t5_max: 2562
	F2_('E5', 'S5')_t5_min: 576
	F19_('S1', 'E1')_t3_max: 105614
	F18_('S2', 'S3')_tb: 2137
	F18_('E1', 'S1')_tb: 1891
	F5_('S3', 'S2')_t5_max: 13913
	F3_('S3', 'S2')_t3_max: 14178
	F2_('E5', 'S5')_t4_max: 552
	F5_('S1', 'E1')_t5_min: 14078
	('S4', 'S5')_gcl_length: 6
	F19_('E5', 'S5')_tb: 104667
	F15_('E5', 'S5')_tb: 27739
	F19_('S1', 'E1')_t5_max: 105846
	F13_('E4', 'S4')_t5_max: 13891
	F11_('S4', 'S5')_tb: 541
	F3_('S3', 'S2')_tb: 14178
	F2_('S3', 'E3')_t3_max: 893
	F3_('S3', 'S2')_t3_min: 14173
	F8_('S2', 'S1')_tb: 7941
	F15_('S4', 'E4')_t5_min: 27950
	F11_('E2', 'S2')_t5_min: 334
	F7_('S4', 'S5')_t5_min: 61771
	F9_('S1', 'E1')_t4_max: 1976
	F2_('S4', 'S3')_t3_min: 604
	F19_('S1', 'E1')_t5_min: 105459
	F12_('S4', 'S3')_t5_max: 14093
	F11_('S4', 'S5')_t3_min: 407
	F5_('E4', 'S4')_t5_max: 13619
	F1_('E2', 'S2')_t4_max: 914
	F10_('S1', 'S2')_t3_min: 3026
	F2_('E5', 'S5')_t3_min: 552
	F17_('S2', 'S3')_t3_min: 10725
	F19_('S3', 'S2')_t5_max: 105368
	F11_('S3', 'S4')_t3_min: 374
	('E4', 'S4')_gcl_length: 0
	F8_('S1', 'E1')_t5_max: 8308
	('S2', 'E2')_gcl_length: 0
	F10_('E1', 'S1')_t4_min: 2910
	F18_('S1', 'S2')_t5_max: 2264
	F6_('S5', 'E5')_t5_min: 2651
	F3_('S2', 'E2')_t5_max: 14453
	F12_('S3', 'E3')_tb: 13966
	F18_('E1', 'S1')_t3_min: 1891
	F4_('E5', 'S5')_t4_min: 28124
	F17_('S1', 'S2')_t5_max: 10852
	F4_('S5', 'S4')_t5_min: 28207
	F10_('S2', 'S3')_tb: 3276
	F16_('S4', 'E4')_t5_max: 31507
	F6_('S4', 'S5')_t5_min: 2304
	F5_('S2', 'S1')_tb: 13920
	F1_('S5', 'E5')_tb: 1630
	F17_('S2', 'S3')_t5_max: 11025
	F1_('S2', 'S3')_t5_min: 1141
	F5_('E4', 'S4')_t3_min: 13541
	F16_('E5', 'S5')_t4_min: 31198
	F10_('S2', 'S3')_t5_max: 3390
	F1_('S5', 'E5')_t5_max: 1740
	F6_('E2', 'S2')_t4_min: 1965
	F15_('S5', 'S4')_t5_min: 27879
	F5_('E4', 'S4')_t4_max: 13541
	F6_('S3', 'S4')_tb: 2138
	F0_('S1', 'E1')_t3_min: 5013
	('E1', 'S1')_gcl_length: 0
	F8_('S1', 'E1')_t5_min: 8179
	F17_('E1', 'S1')_t5_max: 10679
	F11_('S2', 'S3')_t3_min: 336
	F17_('S1', 'S2')_t3_min: 10681
	F17_('E1', 'S1')_tb: 10637
	F8_('S2', 'S1')_t3_min: 7936
	F11_('S2', 'S3')_t5_min: 372
	F16_('S5', 'S4')_t3_min: 31257
	F11_('S5', 'E5')_t4_max: 703
	F8_('E2', 'S2')_t5_max: 7934
	F18_('S2', 'S3')_t3_min: 2137
	F18_('S3', 'E3')_t5_max: 2768
	F10_('S1', 'S2')_t5_min: 3140
	F3_('S4', 'S3')_t5_max: 14171
	F16_('S5', 'S4')_t5_max: 31319
	F5_('S1', 'E1')_t3_min: 14000
	F0_('S1', 'E1')_t5_max: 5367
	F1_('E2', 'S2')_t3_min: 914
	F3_('S2', 'E2')_t3_min: 14252
	F19_('S4', 'S3')_t3_min: 104887
	F2_('S3', 'E3')_tb: 630
	F10_('S2', 'S3')_t3_min: 3142
	F7_('E4', 'S4')_t5_min: 61692
	F10_('S4', 'E4')_t3_max: 3642
	F19_('S3', 'S2')_t5_min: 105239
	F13_('S4', 'S3')_t5_max: 13912
	F11_('S5', 'E5')_t3_max: 579
	F3_('S2', 'E2')_t5_min: 14324
	F2_('E5', 'S5')_t4_min: 552
	F11_('S5', 'E5')_t5_min: 605
	F5_('S1', 'E1')_t4_max: 14129
	F4_('S4', 'E4')_t4_max: 28338
	F19_('S3', 'S2')_t3_min: 105131
	F10_('S2', 'S3')_t5_min: 3390
	F17_('S1', 'S2')_t5_min: 10723
	F0_('E2', 'S2')_t4_min: 4817
	F7_('S5', 'E5')_t3_min: 61773
	F13_('S3', 'S2')_t5_min: 13933
	F18_('E1', 'S1')_t5_max: 2012
	F10_('S3', 'S4')_t3_min: 3392
	F14_('E2', 'S2')_t3_min: 1
	F8_('E2', 'S2')_t4_min: 7816
	F0_('S1', 'E1')_t4_max: 5271
	F6_('S5', 'E5')_t4_max: 2569
	F13_('E4', 'S4')_tb: 13877
	F2_('S3', 'E3')_t4_max: 1017
	F10_('E1', 'S1')_t5_max: 3024
	F2_('S4', 'S3')_t5_min: 628
	F13_('S4', 'S3')_tb: 13898
	F1_('S4', 'S5')_t5_min: 1365
	F14_('S4', 'E4')_t3_max: 380
	F0_('S2', 'S1')_t5_max: 5140
	F6_('S2', 'S3')_t3_min: 2049
	F11_('S5', 'E5')_tb: 574
	F2_('S3', 'E3')_t5_max: 1041
	F13_('E4', 'S4')_t4_min: 13877
	F6_('S3', 'S4')_t5_max: 2349
	F2_('S5', 'S4')_t5_min: 602
	F12_('S3', 'E3')_t3_max: 14100
	F17_('S2', 'S3')_t5_min: 10767
	F13_('S3', 'S2')_t3_min: 13914
	F13_('S3', 'S2')_tb: 13919
	F17_('E1', 'S1')_t5_min: 10679
	F4_('S4', 'E4')_t5_max: 28376
	('S4', 'E4')_gcl_length: 0
	F14_('E2', 'S2')_t5_max: 79
	F6_('E2', 'S2')_tb: 1965
	F15_('S4', 'E4')_t3_max: 28015
	F10_('E1', 'S1')_t5_min: 3024
	('S3', 'S2')_gcl_length: 6
	F15_('E5', 'S5')_t5_max: 27808
	F16_('S4', 'E4')_tb: 31321
	F14_('S4', 'E4')_t3_min: 246
	F8_('S1', 'E1')_t3_max: 8066
	F6_('S3', 'S4')_t3_min: 2138
	F9_('E2', 'S2')_t4_max: 1792
	F7_('S4', 'S5')_t5_max: 61771
	F17_('S3', 'E3')_t5_max: 11198
	F16_('E5', 'S5')_t3_min: 31198
	('E5', 'S5')_gcl_length: 0
	F14_('S3', 'S4')_t5_max: 373
	F14_('E2', 'S2')_tb: 1
	F15_('E5', 'S5')_t3_min: 27739
	F11_('E2', 'S2')_t3_min: 303
	F16_('S5', 'S4')_t5_min: 31319
	F9_('S1', 'E1')_tb: 1847
	F18_('E1', 'S1')_t4_max: 1891
	F15_('S4', 'E4')_t4_max: 28139
	F12_('S3', 'E3')_t5_max: 14259
	F6_('E2', 'S2')_t4_max: 1965
	F0_('E2', 'S2')_t5_max: 4913
	F7_('S5', 'E5')_t5_max: 61974
	F6_('S4', 'S5')_tb: 2222
	F19_('E5', 'S5')_t4_min: 104667
	F11_('E2', 'S2')_t5_max: 334
	F6_('S4', 'S5')_t3_max: 2356
	F1_('E2', 'S2')_t5_min: 1024
	F17_('S3', 'E3')_tb: 10769
	F17_('S3', 'E3')_t5_min: 10811
	F19_('S1', 'E1')_t3_min: 105351
	F19_('S2', 'S1')_t5_min: 105349
	F19_('S5', 'S4')_t3_min: 104777
	F8_('E2', 'S2')_t5_min: 7934
	F12_('S4', 'S3')_t5_min: 13964
	F9_('E2', 'S2')_t5_min: 1815
	F11_('S3', 'S4')_t5_max: 534
	F1_('S5', 'E5')_t3_min: 1367
	('S5', 'S4')_gcl_length: 4
	F8_('E2', 'S2')_tb: 7816
	F15_('E5', 'S5')_t5_min: 27808
	F14_('S4', 'E4')_t5_min: 324
	F1_('S4', 'S5')_t3_min: 1255
	F5_('S3', 'S2')_tb: 13835
	F10_('S3', 'S4')_t3_max: 3397
	F13_('S4', 'S3')_t3_min: 13893
	F5_('E4', 'S4')_t5_min: 13619
	F2_('S4', 'S3')_t3_max: 738
	F10_('S4', 'E4')_t5_min: 3622
	F13_('E4', 'S4')_t3_min: 13877
	F5_('S4', 'S3')_t3_min: 13621
	F5_('S3', 'S2')_t3_min: 13701
	F12_('S4', 'S3')_tb: 13929
	F15_('S4', 'E4')_t5_max: 28208
	F7_('S4', 'S5')_tb: 61699
	F5_('S2', 'S1')_t5_min: 13998
	F6_('E2', 'S2')_t3_min: 1965
	F13_('E4', 'S4')_t5_min: 13891
	F11_('S2', 'S3')_t5_max: 372
	F9_('S2', 'S1')_t3_min: 1817
	F1_('E2', 'S2')_tb: 914
	F14_('S4', 'E4')_t5_max: 582
	F10_('E1', 'S1')_t4_max: 2910
	F11_('S4', 'S5')_t5_max: 572
	F5_('S1', 'E1')_tb: 14000
	F12_('S3', 'E3')_t4_max: 14224
	F10_('S2', 'S3')_t3_max: 3276
	F19_('S1', 'E1')_t4_max: 105738
	F19_('E5', 'S5')_t5_min: 104775
	F16_('S5', 'S4')_tb: 31262
	F1_('E2', 'S2')_t4_min: 914
	F18_('S3', 'E3')_tb: 2260
	F0_('S1', 'E1')_t5_min: 5109
	F12_('E4', 'S4')_t5_max: 13927
	F9_('E2', 'S2')_t4_min: 1792
	F16_('E5', 'S5')_t4_max: 31198
	F14_('S3', 'S4')_tb: 166
	F13_('S2', 'E2')_t3_max: 13940
	F1_('S4', 'S5')_tb: 1255
	F16_('E5', 'S5')_t5_min: 31255
	F19_('S4', 'S3')_t5_max: 105129
	('S4', 'S3')_gcl_length: 34
	F4_('S5', 'S4')_t5_max: 28207
	F10_('S3', 'S4')_tb: 3392
	F18_('S2', 'S3')_t5_min: 2258
	F13_('S2', 'E2')_t5_min: 13949
	F4_('S5', 'S4')_tb: 28169
	F1_('S5', 'E5')_t5_min: 1740
