0. Flow F0 [E4-->E1] with period 64000, payload 362B, e2e delay 64000us, jitter 6400us
	('E4', 'S4'), Operation(54560, None, 54589)(54560, 54560)
	('S4', 'S3'), Operation(54591, 54596, 54625)(54596, 54596)
	('S3', 'S2'), Operation(54627, 54632, 54661)(54632, 54632)
	('S2', 'S1'), Operation(54663, 54668, 54697)(54668, 54668)
	('S1', 'E1'), Operation(54699, None, 54857)(54699, 54828)
1. Flow F1 [E4-->E1] with period 64000, payload 601B, e2e delay 64000us, jitter 6400us
	('E4', 'S4'), Operation(55581, None, 55630)(55581, 55581)
	('S4', 'S3'), Operation(55632, None, 55810)(55632, 55761)
	('S3', 'S2'), Operation(55683, 55817, 55866)(55817, 55817)
	('S2', 'S1'), Operation(55868, None, 56046)(55868, 55997)
	('S1', 'E1'), Operation(55919, None, 56226)(55919, 56177)
2. Flow F2 [E2-->E5] with period 8000, payload 130B, e2e delay 8000us, jitter 800us
	('E2', 'S2'), Operation(338, None, 349)(338, 338)
	('S2', 'S3'), Operation(351, 620, 631)(620, 620)
	('S3', 'S4'), Operation(633, 763, 774)(763, 763)
	('S4', 'S5'), Operation(776, 904, 915)(904, 904)
	('S5', 'E5'), Operation(917, None, 1057)(917, 1046)
3. Flow F3 [E3-->E5] with period 128000, payload 353B, e2e delay 128000us, jitter 12800us
	('E3', 'S3'), Operation(121767, None, 121796)(121767, 121767)
	('S3', 'S4'), Operation(121798, 121803, 121832)(121803, 121803)
	('S4', 'S5'), Operation(121834, 121839, 121868)(121839, 121839)
	('S5', 'E5'), Operation(121870, None, 122028)(121870, 121999)
4. Flow F4 [E5-->E1] with period 8000, payload 1176B, e2e delay 8000us, jitter 800us
	('E5', 'S5'), Operation(270, None, 365)(270, 270)
	('S5', 'S4'), Operation(367, 372, 467)(372, 372)
	('S4', 'S3'), Operation(469, None, 693)(469, 598)
	('S3', 'S2'), Operation(566, None, 919)(566, 824)
	('S2', 'S1'), Operation(663, None, 1145)(663, 1050)
	('S1', 'E1'), Operation(760, None, 1371)(760, 1276)
5. Flow F5 [E1-->E3] with period 32000, payload 1447B, e2e delay 32000us, jitter 3200us
	('E1', 'S1'), Operation(22667, None, 22783)(22667, 22667)
	('S1', 'S2'), Operation(22785, None, 23030)(22785, 22914)
	('S2', 'S3'), Operation(22903, None, 23277)(22903, 23161)
	('S3', 'E3'), Operation(23021, None, 23524)(23021, 23408)
6. Flow F6 [E5-->E4] with period 128000, payload 394B, e2e delay 128000us, jitter 12800us
	('E5', 'S5'), Operation(120649, None, 120681)(120649, 120649)
	('S5', 'S4'), Operation(120683, 120688, 120720)(120688, 120688)
	('S4', 'E4'), Operation(120722, None, 120883)(120722, 120851)
7. Flow F7 [E2-->E1] with period 128000, payload 551B, e2e delay 128000us, jitter 12800us
	('E2', 'S2'), Operation(13809, None, 13854)(13809, 13809)
	('S2', 'S1'), Operation(13856, None, 14030)(13856, 13985)
	('S1', 'E1'), Operation(13903, None, 14206)(13903, 14161)
8. Flow F8 [E5-->E3] with period 64000, payload 1057B, e2e delay 64000us, jitter 6400us
	('E5', 'S5'), Operation(35749, None, 35834)(35749, 35749)
	('S5', 'S4'), Operation(35836, 35841, 35926)(35841, 35841)
	('S4', 'S3'), Operation(35928, None, 36142)(35928, 36057)
	('S3', 'E3'), Operation(36015, None, 36358)(36015, 36273)
9. Flow F9 [E2-->E4] with period 2000, payload 507B, e2e delay 2000us, jitter 200us
	('E2', 'S2'), Operation(137, None, 178)(137, 137)
	('S2', 'S3'), Operation(180, None, 350)(180, 309)
	('S3', 'S4'), Operation(223, None, 522)(223, 481)
	('S4', 'E4'), Operation(266, 529, 570)(529, 529)
10. Flow F10 [E5-->E1] with period 8000, payload 406B, e2e delay 8000us, jitter 800us
	('E5', 'S5'), Operation(6573, None, 6606)(6573, 6573)
	('S5', 'S4'), Operation(6608, 6613, 6646)(6613, 6613)
	('S4', 'S3'), Operation(6648, None, 6810)(6648, 6777)
	('S3', 'S2'), Operation(6683, 6886, 6919)(6886, 6886)
	('S2', 'S1'), Operation(6921, None, 7083)(6921, 7050)
	('S1', 'E1'), Operation(6956, 7213, 7246)(7213, 7213)
11. Flow F11 [E3-->E5] with period 128000, payload 1117B, e2e delay 128000us, jitter 12800us
	('E3', 'S3'), Operation(126587, None, 126677)(126587, 126587)
	('S3', 'S4'), Operation(126679, 126684, 126774)(126684, 126684)
	('S4', 'S5'), Operation(126776, 126781, 126871)(126781, 126781)
	('S5', 'E5'), Operation(126873, None, 127092)(126873, 127002)
12. Flow F12 [E4-->E3] with period 64000, payload 1215B, e2e delay 64000us, jitter 6400us
	('E4', 'S4'), Operation(63443, None, 63541)(63443, 63443)
	('S4', 'S3'), Operation(63543, None, 63770)(63543, 63672)
	('S3', 'E3'), Operation(63643, None, 63999)(63643, 63901)
13. Flow F13 [E2-->E4] with period 4000, payload 876B, e2e delay 4000us, jitter 400us
	('E2', 'S2'), Operation(3458, None, 3529)(3458, 3458)
	('S2', 'S3'), Operation(3531, None, 3731)(3531, 3660)
	('S3', 'S4'), Operation(3604, 3738, 3809)(3738, 3738)
	('S4', 'E4'), Operation(3811, 3816, 3887)(3816, 3816)
14. Flow F14 [E4-->E2] with period 32000, payload 1040B, e2e delay 32000us, jitter 3200us
	('E4', 'S4'), Operation(2299, None, 2383)(2299, 2299)
	('S4', 'S3'), Operation(2385, None, 2598)(2385, 2514)
	('S3', 'S2'), Operation(2471, None, 2813)(2471, 2729)
	('S2', 'E2'), Operation(2557, None, 3028)(2557, 2944)
15. Flow F15 [E1-->E3] with period 8000, payload 1164B, e2e delay 8000us, jitter 800us
	('E1', 'S1'), Operation(4154, None, 4248)(4154, 4154)
	('S1', 'S2'), Operation(4250, 4255, 4349)(4255, 4255)
	('S2', 'S3'), Operation(4351, 4356, 4450)(4356, 4356)
	('S3', 'E3'), Operation(4452, 4929, 5023)(4929, 4929)
16. Flow F16 [E4-->E2] with period 16000, payload 516B, e2e delay 16000us, jitter 1600us
	('E4', 'S4'), Operation(3713, None, 3755)(3713, 3713)
	('S4', 'S3'), Operation(3757, 3885, 3927)(3885, 3885)
	('S3', 'S2'), Operation(3929, None, 4100)(3929, 4058)
	('S2', 'E2'), Operation(3973, 4230, 4272)(4230, 4230)
17. Flow F17 [E1-->E5] with period 4000, payload 186B, e2e delay 4000us, jitter 400us
	('E1', 'S1'), Operation(1811, None, 1826)(1811, 1811)
	('S1', 'S2'), Operation(1828, 1833, 1848)(1833, 1833)
	('S2', 'S3'), Operation(1850, 1978, 1993)(1978, 1978)
	('S3', 'S4'), Operation(1995, None, 2139)(1995, 2124)
	('S4', 'S5'), Operation(2012, None, 2285)(2012, 2270)
	('S5', 'E5'), Operation(2029, 2292, 2307)(2292, 2292)
18. Flow F18 [E2-->E3] with period 128000, payload 1426B, e2e delay 128000us, jitter 12800us
	('E2', 'S2'), Operation(121045, None, 121160)(121045, 121045)
	('S2', 'S3'), Operation(121162, None, 121406)(121162, 121291)
	('S3', 'E3'), Operation(121279, 121536, 121651)(121536, 121536)
19. Flow F19 [E2-->E3] with period 8000, payload 1423B, e2e delay 8000us, jitter 800us
	('E2', 'S2'), Operation(4787, None, 4901)(4787, 4787)
	('S2', 'S3'), Operation(4903, 4908, 5022)(4908, 4908)
	('S3', 'E3'), Operation(5024, 5029, 5143)(5029, 5029)
20. Flow F20 [E3-->E4] with period 8000, payload 606B, e2e delay 8000us, jitter 800us
	('E3', 'S3'), Operation(7090, None, 7139)(7090, 7090)
	('S3', 'S4'), Operation(7141, 7204, 7253)(7204, 7204)
	('S4', 'E4'), Operation(7255, 7260, 7309)(7260, 7260)
21. Flow F21 [E3-->E4] with period 32000, payload 288B, e2e delay 32000us, jitter 3200us
	('E3', 'S3'), Operation(25618, None, 25642)(25618, 25618)
	('S3', 'S4'), Operation(25644, None, 25797)(25644, 25773)
	('S4', 'E4'), Operation(25670, None, 25952)(25670, 25928)
22. Flow F22 [E5-->E1] with period 2000, payload 854B, e2e delay 2000us, jitter 200us
	('E5', 'S5'), Operation(1, None, 70)(1, 1)
	('S5', 'S4'), Operation(72, None, 270)(72, 201)
	('S4', 'S3'), Operation(143, 277, 346)(277, 277)
	('S3', 'S2'), Operation(348, 353, 422)(353, 353)
	('S2', 'S1'), Operation(424, 429, 498)(429, 429)
	('S1', 'E1'), Operation(500, None, 698)(500, 629)
23. Flow F23 [E5-->E1] with period 128000, payload 452B, e2e delay 128000us, jitter 12800us
	('E5', 'S5'), Operation(61323, None, 61360)(61323, 61323)
	('S5', 'S4'), Operation(61362, 61490, 61527)(61490, 61490)
	('S4', 'S3'), Operation(61529, 61657, 61694)(61657, 61657)
	('S3', 'S2'), Operation(61696, 61825, 61862)(61825, 61825)
	('S2', 'S1'), Operation(61864, None, 62030)(61864, 61993)
	('S1', 'E1'), Operation(61903, None, 62198)(61903, 62161)
24. Flow F24 [E3-->E2] with period 128000, payload 603B, e2e delay 128000us, jitter 12800us
	('E3', 'S3'), Operation(127298, None, 127347)(127298, 127298)
	('S3', 'S2'), Operation(127349, None, 127527)(127349, 127478)
	('S2', 'E2'), Operation(127400, 127534, 127583)(127534, 127534)
25. Flow F25 [E4-->E1] with period 32000, payload 752B, e2e delay 32000us, jitter 3200us
	('E4', 'S4'), Operation(5793, None, 5854)(5793, 5793)
	('S4', 'S3'), Operation(5856, None, 6046)(5856, 5985)
	('S3', 'S2'), Operation(5919, None, 6238)(5919, 6177)
	('S2', 'S1'), Operation(5982, 6245, 6306)(6245, 6245)
	('S1', 'E1'), Operation(6308, 6438, 6499)(6438, 6438)
26. Flow F26 [E4-->E5] with period 16000, payload 442B, e2e delay 16000us, jitter 1600us
	('E4', 'S4'), Operation(13047, None, 13083)(13047, 13047)
	('S4', 'S5'), Operation(13085, 13090, 13126)(13090, 13090)
	('S5', 'E5'), Operation(13128, None, 13293)(13128, 13257)
27. Flow F27 [E3-->E1] with period 2000, payload 301B, e2e delay 2000us, jitter 200us
	('E3', 'S3'), Operation(1501, None, 1526)(1501, 1501)
	('S3', 'S2'), Operation(1528, None, 1682)(1528, 1657)
	('S2', 'S1'), Operation(1555, None, 1838)(1555, 1813)
	('S1', 'E1'), Operation(1582, 1877, 1902)(1877, 1877)
28. Flow F28 [E4-->E3] with period 4000, payload 1357B, e2e delay 4000us, jitter 400us
	('E4', 'S4'), Operation(937, None, 1046)(937, 937)
	('S4', 'S3'), Operation(1048, 1053, 1162)(1053, 1053)
	('S3', 'E3'), Operation(1164, 1169, 1278)(1169, 1169)
29. Flow F29 [E1-->E3] with period 8000, payload 691B, e2e delay 8000us, jitter 800us
	('E1', 'S1'), Operation(5873, None, 5929)(5873, 5873)
	('S1', 'S2'), Operation(5931, 5936, 5992)(5936, 5936)
	('S2', 'S3'), Operation(5994, None, 6179)(5994, 6123)
	('S3', 'E3'), Operation(6052, 6186, 6242)(6186, 6186)
30. Flow F30 [E3-->E5] with period 64000, payload 772B, e2e delay 64000us, jitter 6400us
	('E3', 'S3'), Operation(63348, None, 63410)(63348, 63348)
	('S3', 'S4'), Operation(63412, None, 63603)(63412, 63541)
	('S4', 'S5'), Operation(63476, None, 63796)(63476, 63734)
	('S5', 'E5'), Operation(63540, None, 63989)(63540, 63927)
31. Flow F31 [E1-->E3] with period 64000, payload 1042B, e2e delay 64000us, jitter 6400us
	('E1', 'S1'), Operation(62603, None, 62687)(62603, 62603)
	('S1', 'S2'), Operation(62689, 62817, 62901)(62817, 62817)
	('S2', 'S3'), Operation(62903, None, 63116)(62903, 63032)
	('S3', 'E3'), Operation(62989, 63123, 63207)(63123, 63123)
32. Flow F32 [E1-->E5] with period 4000, payload 251B, e2e delay 4000us, jitter 400us
	('E1', 'S1'), Operation(2449, None, 2470)(2449, 2449)
	('S1', 'S2'), Operation(2472, 2477, 2498)(2477, 2477)
	('S2', 'S3'), Operation(2500, None, 2650)(2500, 2629)
	('S3', 'S4'), Operation(2523, 2657, 2678)(2657, 2657)
	('S4', 'S5'), Operation(2680, 2686, 2707)(2686, 2686)
	('S5', 'E5'), Operation(2709, None, 2859)(2709, 2838)
33. Flow F33 [E2-->E1] with period 128000, payload 1140B, e2e delay 128000us, jitter 12800us
	('E2', 'S2'), Operation(118665, None, 118757)(118665, 118665)
	('S2', 'S1'), Operation(118759, 118764, 118856)(118764, 118764)
	('S1', 'E1'), Operation(118858, 118863, 118955)(118863, 118863)
34. Flow F34 [E5-->E3] with period 32000, payload 1371B, e2e delay 32000us, jitter 3200us
	('E5', 'S5'), Operation(29416, None, 29526)(29416, 29416)
	('S5', 'S4'), Operation(29528, 29583, 29693)(29583, 29583)
	('S4', 'S3'), Operation(29695, None, 29934)(29695, 29824)
	('S3', 'E3'), Operation(29807, 29941, 30051)(29941, 29941)
35. Flow F35 [E4-->E5] with period 128000, payload 444B, e2e delay 128000us, jitter 12800us
	('E4', 'S4'), Operation(126889, None, 126925)(126889, 126889)
	('S4', 'S5'), Operation(126927, 127055, 127091)(127055, 127055)
	('S5', 'E5'), Operation(127093, None, 127258)(127093, 127222)
36. Flow F36 [E4-->E5] with period 16000, payload 1007B, e2e delay 16000us, jitter 1600us
	('E4', 'S4'), Operation(6203, None, 6284)(6203, 6203)
	('S4', 'S5'), Operation(6286, None, 6496)(6286, 6415)
	('S5', 'E5'), Operation(6369, None, 6708)(6369, 6627)
37. Flow F37 [E2-->E4] with period 128000, payload 446B, e2e delay 128000us, jitter 12800us
	('E2', 'S2'), Operation(123694, None, 123730)(123694, 123694)
	('S2', 'S3'), Operation(123732, 123772, 123808)(123772, 123772)
	('S3', 'S4'), Operation(123810, 123850, 123886)(123850, 123850)
	('S4', 'E4'), Operation(123888, None, 124053)(123888, 124017)
38. Flow F38 [E4-->E2] with period 2000, payload 1326B, e2e delay 2000us, jitter 200us
	('E4', 'S4'), Operation(702, None, 809)(702, 702)
	('S4', 'S3'), Operation(811, None, 1047)(811, 940)
	('S3', 'S2'), Operation(920, None, 1285)(920, 1178)
	('S2', 'E2'), Operation(1029, 1292, 1399)(1292, 1292)
39. Flow F39 [E2-->E4] with period 2000, payload 1336B, e2e delay 2000us, jitter 200us
	('E2', 'S2'), Operation(557, None, 664)(557, 557)
	('S2', 'S3'), Operation(666, None, 902)(666, 795)
	('S3', 'S4'), Operation(775, None, 1140)(775, 1033)
	('S4', 'E4'), Operation(884, 1147, 1254)(1147, 1147)

SMT variables: 
	F37_('S4', 'E4')_gc: False
	F0_('S2', 'S1')_rr: 2
	F1_('E4', 'S4')_t3_max: 55457
	F32_jitter: 129
	F30_('S4', 'S5')_t3_min: 63476
	F38_('E4', 'S4')_rr: 0
	('S4', 'S3')_gcl_cycle: 128000
	F35_('S5', 'E5')_t4_min: 127093
	F27_('S3', 'S2')_gc: False
	F7_queue_index: 0
	F3_('S4', 'S5')_gc: True
	F31_('S1', 'S2')_t4_max: 62817
	F31_('S2', 'S3')_gc: False
	F35_('S5', 'E5')_gc: False
	F23_('E5', 'S5')_t5_max: 61360
	F16_('E4', 'S4')_gc: False
	F9_('S2', 'S3')_t4_min: 180
	F19_('S2', 'S3')_t4_max: 4908
	F39_('S2', 'S3')_t3_max: 671
	F13_('E2', 'S2')_rr: 0
	F22_queue_index: 0
	F35_('S5', 'E5')_rr: 0
	F37_('S2', 'S3')_t4_min: 123772
	F24_('S3', 'S2')_t4_max: 127478
	F39_('S2', 'S3')_gc: False
	F1_('S3', 'S2')_t3_min: 55683
	F0_('S4', 'S3')_t4_max: 54596
	F5_('S1', 'S2')_t4_min: 22785
	F30_('E3', 'S3')_rr: 0
	F34_('S5', 'S4')_rr: 4
	F25_('S2', 'S1')_t4_max: 6245
	F14_('E4', 'S4')_t3_max: 2175
	F24_('E3', 'S3')_rr: 0
	F5_('E1', 'S1')_t3_max: 22543
	F1_('S2', 'S1')_t4_max: 55997
	F21_('E3', 'S3')_t3_max: 25494
	F10_('S3', 'S2')_t4_min: 6886
	F17_('S4', 'S5')_t5_max: 2285
	F33_('S2', 'S1')_t5_max: 118856
	F13_jitter: 0
	F1_jitter: 258
	F13_('S3', 'S4')_t4_min: 3738
	F25_('S4', 'S3')_t4_max: 5985
	F23_('S1', 'E1')_t4_min: 61903
	F15_jitter: 0
	F34_('E5', 'S5')_t5_min: 29526
	F14_('S3', 'S2')_t4_min: 2471
	F4_('S5', 'S4')_rr: 16
	F18_('S3', 'E3')_gc: True
	F21_('E3', 'S3')_tb: 25618
	F26_('E4', 'S4')_tb: 13047
	F37_('S2', 'S3')_rr: 1
	F2_('S5', 'E5')_t3_max: 922
	F6_queue_index: 0
	F17_('E1', 'S1')_t3_max: 1687
	F26_('S4', 'S5')_t4_max: 13090
	F27_('E3', 'S3')_gc: False
	F25_('S1', 'E1')_t3_max: 6313
	F22_('E5', 'S5')_t3_max: -123
	F35_('E4', 'S4')_rr: 0
	F37_('S3', 'S4')_rr: 1
	('E2', 'S2')_gcl_cycle: 1
	F25_('S1', 'E1')_t4_min: 6438
	F10_('E5', 'S5')_t3_min: 6573
	F3_('S4', 'S5')_t3_min: 121834
	F7_('S2', 'S1')_t4_min: 13856
	('S2', 'E2')_gcl_cycle: 128000
	F1_('S1', 'E1')_rr: 0
	F5_('S3', 'E3')_rr: 0
	F22_('S2', 'S1')_t4_max: 429
	F37_('E2', 'S2')_t5_min: 123730
	F22_('S2', 'S1')_t4_min: 429
	F9_('S2', 'S3')_rr: 0
	F14_('S2', 'E2')_t5_min: 2641
	F32_('S4', 'S5')_gc: True
	('S3', 'E3')_gcl_cycle: 128000
	F17_('S3', 'S4')_rr: 0
	F17_('S1', 'S2')_t4_max: 1833
	F4_('S2', 'S1')_gc: False
	F33_('S2', 'S1')_t3_max: 118764
	F5_('S2', 'S3')_gc: False
	F28_('S3', 'E3')_gc: True
	F32_('S3', 'S4')_t4_min: 2657
	F4_('E5', 'S5')_t5_min: 365
	F25_('S2', 'S1')_rr: 4
	F22_('S3', 'S2')_gc: True
	F22_('S5', 'S4')_t4_min: 72
	F38_('S2', 'E2')_t5_max: 1399
	F38_('S4', 'S3')_gc: False
	F1_('S2', 'S1')_rr: 0
	F28_jitter: 0
	F38_('S4', 'S3')_t4_min: 811
	F13_('S2', 'S3')_tb: 3531
	F4_('E5', 'S5')_t3_min: 270
	F30_('S4', 'S5')_t3_max: 63610
	F32_('S1', 'S2')_t3_max: 2477
	F38_('S4', 'S3')_t3_max: 816
	F0_('S2', 'S1')_t3_max: 54668
	F2_('S2', 'S3')_t3_max: 356
	F8_('E5', 'S5')_tb: 35749
	F37_('S2', 'S3')_gc: True
	F16_('S4', 'S3')_t4_min: 3885
	F28_('E4', 'S4')_rr: 0
	F30_('S3', 'S4')_rr: 0
	F6_('S4', 'E4')_rr: 0
	F25_('S4', 'S3')_t3_max: 5861
	F33_('S2', 'S1')_rr: 1
	F4_('E5', 'S5')_t3_max: 146
	F3_('E3', 'S3')_t3_max: 121643
	F5_('S1', 'S2')_gc: False
	F16_('S3', 'S2')_t3_min: 3929
	F0_('S1', 'E1')_rr: 0
	F17_('E1', 'S1')_gc: False
	F12_('S3', 'E3')_rr: 0
	F25_('E4', 'S4')_t4_max: 5793
	F22_('S4', 'S3')_rr: 64
	F27_('E3', 'S3')_rr: 0
	F0_('S4', 'S3')_t3_max: 54596
	F4_('S2', 'S1')_rr: 0
	F23_('S2', 'S1')_gc: False
	F17_('S2', 'S3')_tb: 1978
	F33_('S1', 'E1')_gc: True
	F9_('S2', 'S3')_t3_min: 180
	F3_('S3', 'S4')_rr: 1
	F18_('S3', 'E3')_rr: 1
	F31_('S3', 'E3')_t3_min: 62989
	F23_('S5', 'S4')_rr: 1
	F14_('S3', 'S2')_rr: 0
	F38_queue_index: 0
	F27_('S3', 'S2')_rr: 0
	F22_('E5', 'S5')_gc: False
	F20_('S3', 'S4')_t5_min: 7253
	F4_('S5', 'S4')_t4_max: 372
	F23_queue_index: 0
	('E1', 'S1')_gcl_cycle: 1
	F0_('S1', 'E1')_gc: False
	F38_('S4', 'S3')_t4_max: 940
	F20_('S3', 'S4')_t4_min: 7204
	F3_('S3', 'S4')_gc: True
	F4_('S1', 'E1')_t3_max: 1152
	F18_jitter: 0
	F13_('S2', 'S3')_rr: 0
	F4_('E5', 'S5')_rr: 0
	F19_('S3', 'E3')_t4_min: 5029
	('S1', 'S2')_gcl_cycle: 64000
	F4_('S4', 'S3')_gc: False
	F30_('S4', 'S5')_t4_min: 63476
	F25_('S3', 'S2')_t4_max: 6177
	F27_('S2', 'S1')_rr: 0
	F10_('S4', 'S3')_gc: False
	F20_('S4', 'E4')_t4_min: 7260
	F34_('S4', 'S3')_gc: False
	F30_('S5', 'E5')_rr: 0
	F11_('S3', 'S4')_t4_min: 126684
	F18_('S3', 'E3')_t4_min: 121536
	F32_('S2', 'S3')_rr: 0
	F24_('E3', 'S3')_gc: False
	F8_('S4', 'S3')_gc: False
	F21_jitter: 258
	F5_('S2', 'S3')_t5_min: 23019
	F5_('S3', 'E3')_gc: False
	F4_('S5', 'S4')_gc: True
	F4_('S2', 'S1')_t4_min: 663
	F37_('S2', 'S3')_t4_max: 123772
	F35_('S4', 'S5')_rr: 1
	F29_('E1', 'S1')_gc: False
	F11_queue_index: 0
	F29_('S1', 'S2')_t3_min: 5931
	F31_('E1', 'S1')_gc: False
	F30_('S3', 'S4')_gc: False
	F11_('S4', 'S5')_t3_max: 126781
	F8_('E5', 'S5')_t4_min: 35749
	F23_('S3', 'S2')_t4_max: 61825
	F39_('S2', 'S3')_t4_min: 666
	F15_queue_index: 0
	F9_('S4', 'E4')_t5_max: 570
	F4_('E5', 'S5')_t4_max: 270
	F26_jitter: 129
	F31_('S1', 'S2')_tb: 62817
	F7_('S1', 'E1')_rr: 0
	F23_('S5', 'S4')_t4_max: 61490
	F39_('S3', 'S4')_t4_min: 775
	F15_('S1', 'S2')_t3_max: 4255
	F18_('S2', 'S3')_t4_min: 121162
	F3_('S5', 'E5')_gc: False
	F4_('S5', 'S4')_t4_min: 372
	('S1', 'E1')_gcl_cycle: 128000
	F11_('E3', 'S3')_rr: 0
	F11_('S4', 'S5')_rr: 1
	F20_('E3', 'S3')_t5_min: 7139
	F32_('S5', 'E5')_t4_min: 2709
	F6_('S5', 'S4')_gc: True
	F26_('S5', 'E5')_t4_min: 13128
	F12_queue_index: 0
	F30_jitter: 387
	F23_('S4', 'S3')_t4_max: 61657
	F22_('E5', 'S5')_t5_min: 70
	F19_('S2', 'S3')_rr: 16
	F4_('S5', 'S4')_t3_max: 372
	F8_('S5', 'S4')_t4_min: 35841
	F14_('S2', 'E2')_rr: 0
	F8_('S3', 'E3')_t4_min: 36015
	F20_jitter: 0
	F3_('S4', 'S5')_t4_min: 121839
	F10_jitter: 0
	F37_('E2', 'S2')_rr: 0
	F34_('S4', 'S3')_rr: 0
	F1_('S1', 'E1')_t4_min: 55919
	F30_('E3', 'S3')_t5_max: 63410
	F32_('E1', 'S1')_t3_min: 2449
	F7_('S2', 'S1')_gc: False
	F0_('S3', 'S2')_t4_max: 54632
	F22_('S5', 'S4')_t3_max: 77
	F39_jitter: 0
	F23_('S1', 'E1')_rr: 0
	F6_('S5', 'S4')_t4_max: 120688
	F23_('S2', 'S1')_t4_max: 61993
	F22_('S5', 'S4')_tb: 72
	F2_('S5', 'E5')_t4_min: 917
	F23_('E5', 'S5')_t4_max: 61323
	F29_jitter: 0
	F4_('S4', 'S3')_rr: 0
	F11_('S4', 'S5')_t4_min: 126781
	F20_('E3', 'S3')_t3_max: 6966
	F36_('S5', 'E5')_t4_min: 6369
	F37_('S4', 'E4')_rr: 0
	F33_queue_index: 0
	F29_('S1', 'S2')_t4_max: 5936
	F11_('S5', 'E5')_rr: 0
	F9_jitter: 0
	F30_('S5', 'E5')_t4_min: 63540
	F16_('S2', 'E2')_t3_max: 4107
	F39_('E2', 'S2')_gc: False
	F36_('E4', 'S4')_tb: 6203
	F32_('S5', 'E5')_gc: False
	F39_('S3', 'S4')_gc: False
	F22_('S3', 'S2')_t4_min: 353
	F0_queue_index: 0
	F16_queue_index: 0
	F4_('S5', 'S4')_tb: 372
	F19_('S3', 'E3')_t5_max: 5143
	F32_('S3', 'S4')_rr: 32
	F27_('S2', 'S1')_t5_max: 1838
	F20_('S3', 'S4')_t4_max: 7204
	F31_('S3', 'E3')_rr: 2
	F1_('E4', 'S4')_gc: False
	F15_('S2', 'S3')_t4_min: 4356
	F33_('S1', 'E1')_rr: 1
	F20_('S3', 'S4')_tb: 7204
	F0_('S3', 'S2')_gc: True
	F22_('S5', 'S4')_rr: 0
	F3_('E3', 'S3')_gc: False
	F0_('S3', 'S2')_t4_min: 54632
	F36_('S4', 'S5')_rr: 0
	F32_('S2', 'S3')_gc: False
	F12_('E4', 'S4')_rr: 0
	F19_('S3', 'E3')_gc: True
	F24_('S3', 'S2')_t3_min: 127349
	F39_('S2', 'S3')_t4_max: 795
	F10_('E5', 'S5')_rr: 0
	F10_('S1', 'E1')_gc: True
	F32_('S2', 'S3')_t3_max: 2505
	('E3', 'S3')_gcl_cycle: 1
	F18_('S3', 'E3')_t3_min: 121279
	F8_('S4', 'S3')_t4_max: 36057
	F24_jitter: 0
	F22_('S4', 'S3')_tb: 277
	F17_('S2', 'S3')_rr: 32
	F26_('S4', 'S5')_rr: 8
	F22_('S4', 'S3')_t4_max: 277
	F18_('S2', 'S3')_t5_min: 121277
	F33_('E2', 'S2')_t3_max: 118541
	F16_('S4', 'S3')_rr: 8
	F19_('E2', 'S2')_t3_max: 4663
	F3_('S4', 'S5')_t5_max: 121868
	F15_('S1', 'S2')_t4_min: 4255
	F15_('S3', 'E3')_rr: 16
	F9_('S3', 'S4')_gc: False
	F22_('S3', 'S2')_rr: 64
	F32_('E1', 'S1')_gc: False
	F7_jitter: 258
	F10_('S5', 'S4')_t3_max: 6613
	F15_('S1', 'S2')_t5_min: 4349
	F2_queue_index: 0
	('S2', 'S1')_gcl_cycle: 128000
	F10_('S5', 'S4')_rr: 16
	F18_('E2', 'S2')_rr: 0
	F24_('S3', 'S2')_rr: 0
	F22_('S1', 'E1')_t5_min: 569
	F26_('S4', 'S5')_t3_min: 13085
	F8_('S4', 'S3')_rr: 0
	F22_('E5', 'S5')_rr: 0
	F14_('S2', 'E2')_gc: False
	F13_('E2', 'S2')_t3_min: 3458
	F13_('S3', 'S4')_gc: True
	F10_('S1', 'E1')_rr: 16
	F23_('E5', 'S5')_rr: 0
	F34_jitter: 0
	F29_('S3', 'E3')_gc: True
	F34_('S3', 'E3')_t4_min: 29941
	F29_('E1', 'S1')_t5_min: 5929
	F18_('S2', 'S3')_gc: False
	F17_('S5', 'E5')_t4_min: 2292
	F21_('E3', 'S3')_rr: 0
	F9_('S4', 'E4')_t4_min: 529
	F22_('S2', 'S1')_rr: 64
	F32_('S2', 'S3')_t4_max: 2629
	F12_('S4', 'S3')_gc: False
	F22_('S5', 'S4')_gc: False
	F24_('S2', 'E2')_gc: True
	F23_('S5', 'S4')_t4_min: 61490
	F11_('S4', 'S5')_t4_max: 126781
	F22_('E5', 'S5')_t3_min: 1
	F2_('E2', 'S2')_tb: 338
	F35_('S4', 'S5')_t3_max: 126932
	F8_('S3', 'E3')_t3_max: 36149
	F1_('S4', 'S3')_t4_max: 55761
	F25_jitter: 0
	F17_('S3', 'S4')_t4_min: 1995
	F21_queue_index: 0
	F2_('S3', 'S4')_gc: True
	F13_('S4', 'E4')_gc: True
	F34_('S5', 'S4')_gc: True
	F0_('S2', 'S1')_t4_min: 54668
	F8_('S5', 'S4')_rr: 2
	F36_('E4', 'S4')_t3_max: 6079
	F1_('S3', 'S2')_gc: True
	F10_('S4', 'S3')_t4_max: 6777
	F7_('S1', 'E1')_gc: False
	F24_('S3', 'S2')_t4_min: 127349
	F1_('S4', 'S3')_t3_max: 55637
	F1_('E4', 'S4')_rr: 0
	F15_('S1', 'S2')_gc: True
	F16_('E4', 'S4')_rr: 0
	F0_('S4', 'S3')_gc: True
	F38_('S4', 'S3')_rr: 0
	F28_('S3', 'E3')_t4_min: 1169
	F23_('S3', 'S2')_gc: True
	F22_('S3', 'S2')_t4_max: 353
	F35_jitter: 129
	F6_('S5', 'S4')_t4_min: 120688
	F13_('S4', 'E4')_rr: 2
	F35_('E4', 'S4')_t3_max: 126765
	F39_('S3', 'S4')_tb: 775
	F17_('S1', 'S2')_gc: True
	F16_('S3', 'S2')_gc: False
	F13_('S2', 'S3')_t4_max: 3660
	F14_jitter: 387
	F4_('S5', 'S4')_t5_max: 467
	F19_('E2', 'S2')_t4_min: 4787
	F16_('S2', 'E2')_gc: True
	F29_('S2', 'S3')_t5_min: 6050
	F4_('S4', 'S3')_t4_max: 598
	F24_('S3', 'S2')_gc: False
	F29_('S1', 'S2')_t3_max: 5936
	F21_('S4', 'E4')_tb: 25670
	F16_('E4', 'S4')_tb: 3713
	F7_('E2', 'S2')_rr: 0
	F38_('S3', 'S2')_t4_max: 1178
	F38_('S2', 'E2')_t4_min: 1292
	F32_('E1', 'S1')_rr: 0
	F38_jitter: 0
	F38_('E4', 'S4')_gc: False
	F15_('S2', 'S3')_t4_max: 4356
	F39_('S2', 'S3')_rr: 0
	('E4', 'S4')_gcl_cycle: 1
	F32_('S5', 'E5')_rr: 0
	F28_('E4', 'S4')_gc: False
	F3_('S3', 'S4')_t4_max: 121803
	F4_('E5', 'S5')_gc: False
	F1_('S3', 'S2')_t4_min: 55817
	F1_('S2', 'S1')_t4_min: 55868
	F10_('S5', 'S4')_t4_max: 6613
	F30_('E3', 'S3')_tb: 63348
	F27_('S1', 'E1')_t4_min: 1877
	F22_('S5', 'S4')_t4_max: 201
	F25_('S4', 'S3')_t4_min: 5856
	F3_jitter: 129
	F27_queue_index: 0
	F20_('E3', 'S3')_gc: False
	F5_('S1', 'S2')_t3_max: 22790
	F19_('S2', 'S3')_gc: True
	F12_('S4', 'S3')_t3_max: 63548
	F1_('E4', 'S4')_t5_min: 55630
	F15_('E1', 'S1')_t3_max: 4030
	F12_jitter: 258
	F13_('S2', 'S3')_gc: False
	F32_('S3', 'S4')_t4_max: 2657
	F2_('S5', 'E5')_t5_max: 1057
	F16_('S2', 'E2')_rr: 8
	F15_('S1', 'S2')_t4_max: 4255
	F28_('S4', 'S3')_rr: 32
	F17_queue_index: 0
	F15_('E1', 'S1')_gc: False
	F8_('E5', 'S5')_rr: 0
	F8_queue_index: 0
	F8_('S3', 'E3')_rr: 0
	F11_('E3', 'S3')_t3_max: 126463
	F15_('S3', 'E3')_t3_max: 4457
	F31_('S3', 'E3')_gc: True
	F25_('S2', 'S1')_gc: True
	F23_('S3', 'S2')_t4_min: 61825
	('S3', 'S2')_gcl_cycle: 128000
	F27_('S2', 'S1')_gc: False
	F31_('E1', 'S1')_t3_max: 62479
	F23_jitter: 258
	F26_('E4', 'S4')_t3_max: 12923
	F10_('S3', 'S2')_rr: 16
	F25_('E4', 'S4')_t3_max: 5669
	F32_('S1', 'S2')_rr: 16
	F23_('E5', 'S5')_gc: False
	F10_('S2', 'S1')_t4_max: 7050
	F37_queue_index: 0
	F31_queue_index: 0
	F22_('S2', 'S1')_t3_min: 424
	F30_('S5', 'E5')_gc: False
	F2_('S3', 'S4')_rr: 16
	F25_('S4', 'S3')_gc: False
	F19_jitter: 0
	F14_('E4', 'S4')_t4_max: 2299
	F14_('S4', 'S3')_t5_max: 2598
	F34_('S5', 'S4')_t4_max: 29583
	F31_('S1', 'S2')_t4_min: 62817
	F4_('S1', 'E1')_t5_max: 1371
	F23_('S5', 'S4')_gc: True
	F4_('S4', 'S3')_t4_min: 469
	F14_('S3', 'S2')_t4_max: 2729
	F0_('S4', 'S3')_t4_min: 54596
	F21_('E3', 'S3')_gc: False
	F3_('E3', 'S3')_rr: 0
	F23_('S3', 'S2')_rr: 1
	F16_('S3', 'S2')_t4_min: 3929
	F5_('E1', 'S1')_gc: False
	F5_('E1', 'S1')_rr: 0
	F2_('S5', 'E5')_rr: 0
	F18_('E2', 'S2')_t5_min: 121160
	F31_('S2', 'S3')_rr: 0
	F21_('S4', 'E4')_t4_min: 25670
	F18_('E2', 'S2')_gc: False
	F14_('E4', 'S4')_gc: False
	F18_('S3', 'E3')_t3_max: 121413
	('S4', 'E4')_gcl_cycle: 8000
	F36_('S4', 'S5')_t3_max: 6291
	F32_('S1', 'S2')_t4_max: 2477
	F6_('E5', 'S5')_t3_max: 120525
	F33_('S2', 'S1')_t4_min: 118764
	F11_('S5', 'E5')_gc: False
	F18_('S2', 'S3')_t3_max: 121167
	F14_('S4', 'S3')_gc: False
	F9_('E2', 'S2')_gc: False
	F32_('S4', 'S5')_t4_min: 2686
	F6_('S5', 'S4')_rr: 1
	F17_('E1', 'S1')_rr: 0
	F0_('S1', 'E1')_t4_min: 54699
	F25_('S4', 'S3')_rr: 0
	F35_queue_index: 0
	F9_('S4', 'E4')_gc: True
	F28_('S4', 'S3')_gc: True
	F29_('S2', 'S3')_t4_min: 5994
	('S2', 'S3')_gcl_cycle: 128000
	F2_('S2', 'S3')_gc: True
	F29_('S3', 'E3')_t4_min: 6186
	F30_('E3', 'S3')_t3_max: 63224
	F29_('S2', 'S3')_rr: 0
	F1_('S4', 'S3')_gc: False
	F36_('S4', 'S5')_t4_max: 6415
	F37_('S3', 'S4')_gc: True
	F12_('S4', 'S3')_t4_min: 63543
	F36_queue_index: 0
	F20_('S3', 'S4')_t3_max: 7146
	F39_('S4', 'E4')_t4_min: 1147
	F17_('S1', 'S2')_t3_max: 1833
	F5_('S2', 'S3')_rr: 0
	F23_('S4', 'S3')_rr: 1
	F39_('S4', 'E4')_t5_max: 1254
	F13_('S2', 'S3')_t3_max: 3536
	F0_('E4', 'S4')_rr: 0
	F13_('E2', 'S2')_gc: False
	F9_('S3', 'S4')_rr: 0
	F0_('S3', 'S2')_t3_max: 54632
	F7_('E2', 'S2')_t3_max: 13685
	F21_('S3', 'S4')_t4_min: 25644
	F29_('S1', 'S2')_gc: True
	F3_('S5', 'E5')_t4_min: 121870
	F6_('E5', 'S5')_gc: False
	F11_('S4', 'S5')_gc: True
	F29_('S1', 'S2')_rr: 8
	F5_queue_index: 0
	F9_('S3', 'S4')_t4_min: 223
	F1_('S4', 'S3')_rr: 0
	F23_('S4', 'S3')_gc: True
	F21_('S3', 'S4')_t4_max: 25773
	F39_('S4', 'E4')_rr: 4
	F1_('S1', 'E1')_gc: False
	F17_('S4', 'S5')_gc: False
	F8_('S3', 'E3')_gc: False
	F5_('S3', 'E3')_t4_min: 23021
	F13_('S4', 'E4')_t4_min: 3816
	F19_('E2', 'S2')_tb: 4787
	F25_('S1', 'E1')_rr: 4
	F33_('S2', 'S1')_gc: True
	F11_('S3', 'S4')_t3_max: 126684
	F20_('S3', 'S4')_rr: 16
	F22_('S4', 'S3')_gc: True
	F5_('S2', 'S3')_t4_min: 22903
	F31_('S1', 'S2')_t3_max: 62694
	F14_('S2', 'E2')_t4_min: 2557
	F16_('S2', 'E2')_t4_min: 4230
	F9_('S3', 'S4')_t3_max: 357
	F37_jitter: 129
	F29_('S2', 'S3')_gc: False
	F23_('S4', 'S3')_t4_min: 61657
	F4_('S3', 'S2')_t4_min: 566
	F10_('S3', 'S2')_t4_max: 6886
	F25_('S1', 'E1')_gc: True
	F8_('E5', 'S5')_gc: False
	F4_('S1', 'E1')_gc: False
	F4_('E5', 'S5')_tb: 270
	F38_('S3', 'S2')_rr: 0
	F37_('S2', 'S3')_t3_max: 123737
	F25_queue_index: 0
	F15_('E1', 'S1')_t4_min: 4154
	F21_('S4', 'E4')_rr: 0
	F32_queue_index: 0
	F16_('S4', 'S3')_t4_max: 3885
	F18_('S2', 'S3')_t4_max: 121291
	F17_('S2', 'S3')_gc: True
	F2_('E2', 'S2')_t3_max: 214
	F3_('S3', 'S4')_tb: 121803
	F27_('S2', 'S1')_t4_max: 1813
	F15_('S3', 'E3')_t4_min: 4929
	F9_('S2', 'S3')_gc: False
	F24_('S2', 'E2')_t4_min: 127534
	F5_('S2', 'S3')_t4_max: 23161
	F24_('S2', 'E2')_rr: 1
	F9_('S3', 'S4')_t4_max: 481
	F38_('S2', 'E2')_gc: True
	F11_('S3', 'S4')_rr: 1
	F1_('S4', 'S3')_t4_min: 55632
	F37_('S3', 'S4')_t4_min: 123850
	F22_jitter: 129
	F4_('S1', 'E1')_rr: 0
	F10_('E5', 'S5')_t3_max: 6449
	F5_('S1', 'S2')_rr: 0
	F39_('E2', 'S2')_t4_max: 557
	F36_('S4', 'S5')_t4_min: 6286
	F11_('S3', 'S4')_t5_min: 126774
	F10_('S3', 'S2')_gc: True
	F36_('S5', 'E5')_gc: False
	F2_('S3', 'S4')_t4_max: 763
	F23_('S1', 'E1')_t3_max: 62037
	F4_('S3', 'S2')_rr: 0
	F30_('S3', 'S4')_t3_max: 63417
	F16_('E4', 'S4')_t3_max: 3589
	F6_('S4', 'E4')_gc: False
	F36_jitter: 258
	F16_('S4', 'S3')_t3_max: 3762
	F39_queue_index: 0
	F28_('E4', 'S4')_t4_max: 937
	F10_('S4', 'S3')_rr: 0
	F13_('S3', 'S4')_rr: 32
	F31_('E1', 'S1')_rr: 0
	F0_('E4', 'S4')_t3_max: 54436
	F23_('S5', 'S4')_t3_max: 61367
	F22_('S4', 'S3')_t4_min: 277
	F27_('S3', 'S2')_t4_max: 1657
	F26_('E4', 'S4')_gc: False
	F31_('S1', 'S2')_gc: True
	F27_('S3', 'S2')_t3_max: 1533
	F34_('S3', 'E3')_rr: 4
	F29_queue_index: 0
	F8_('S5', 'S4')_t4_max: 35841
	F4_('S3', 'S2')_t4_max: 824
	F33_('S1', 'E1')_t4_min: 118863
	F27_('E3', 'S3')_t3_max: 1377
	F30_('S3', 'S4')_t4_max: 63541
	F8_jitter: 258
	F34_('S4', 'S3')_t4_max: 29824
	F34_('E5', 'S5')_t5_max: 29526
	F12_('E4', 'S4')_t5_max: 63541
	F25_('S3', 'S2')_t4_min: 5919
	F36_('S4', 'S5')_gc: False
	F11_('S3', 'S4')_gc: True
	F10_('E5', 'S5')_gc: False
	F35_('S5', 'E5')_t3_max: 127098
	F17_('S5', 'E5')_rr: 1
	F8_('S5', 'S4')_t3_max: 35841
	F35_('S4', 'S5')_t4_max: 127055
	F10_('S2', 'S1')_gc: False
	F13_('S3', 'S4')_t4_max: 3738
	F14_('S4', 'S3')_rr: 0
	F34_('E5', 'S5')_t3_max: 29292
	F15_('E1', 'S1')_rr: 0
	F1_('S3', 'S2')_rr: 2
	F23_('S2', 'S1')_rr: 0
	F29_('E1', 'S1')_rr: 0
	F36_('S5', 'E5')_rr: 0
	F10_('S5', 'S4')_gc: True
	F33_jitter: 0
	F0_('S2', 'S1')_gc: True
	F5_jitter: 387
	F25_('S2', 'S1')_t4_min: 6245
	F30_('E3', 'S3')_gc: False
	F21_('S3', 'S4')_t3_max: 25649
	F5_('S3', 'E3')_t3_min: 23021
	F22_('S2', 'S1')_tb: 429
	F34_('E5', 'S5')_gc: False
	F19_queue_index: 0
	F17_('S4', 'S5')_t4_min: 2012
	F33_('S1', 'E1')_t4_max: 118863
	F30_('S4', 'S5')_gc: False
	F21_('S4', 'E4')_gc: False
	F0_('S1', 'E1')_t5_min: 54728
	F34_('E5', 'S5')_rr: 0
	F18_('S2', 'S3')_rr: 0
	F14_('E4', 'S4')_t5_max: 2383
	F25_('S2', 'S1')_t3_min: 5982
	F3_('S3', 'S4')_t4_min: 121803
	F9_('S4', 'E4')_rr: 4
	F12_('E4', 'S4')_t3_max: 63319
	F0_('S2', 'S1')_t4_max: 54668
	F22_('S2', 'S1')_gc: True
	F37_('S3', 'S4')_t4_max: 123850
	F4_jitter: 516
	F3_('S4', 'S5')_rr: 1
	F20_queue_index: 0
	F3_('S4', 'S5')_t3_max: 121839
	F5_('S2', 'S3')_t5_max: 23277
	F6_('S5', 'S4')_t3_max: 120688
	F25_('S3', 'S2')_gc: False
	F2_('E2', 'S2')_t4_max: 338
	F14_queue_index: 0
	F8_('E5', 'S5')_t3_max: 35625
	F15_('S3', 'E3')_gc: True
	F26_('S5', 'E5')_gc: False
	F3_('S5', 'E5')_t4_max: 121999
	F10_('S5', 'S4')_t4_min: 6613
	F7_('S2', 'S1')_rr: 0
	F30_('S4', 'S5')_rr: 0
	F11_('S5', 'E5')_t4_min: 126873
	F6_('S5', 'S4')_t5_min: 120720
	F2_('S3', 'S4')_t4_min: 763
	F0_jitter: 129
	F19_('E2', 'S2')_gc: False
	F4_('S1', 'E1')_t4_min: 760
	F10_('S2', 'S1')_rr: 0
	F30_('E3', 'S3')_t4_min: 63348
	F26_('E4', 'S4')_rr: 0
	F31_jitter: 0
	F28_('E4', 'S4')_t3_max: 813
	F34_queue_index: 0
	F2_('S4', 'S5')_gc: True
	F20_('S4', 'E4')_rr: 1
	F3_('S5', 'E5')_t3_min: 121870
	F6_jitter: 129
	F17_('S1', 'S2')_t4_min: 1833
	F18_queue_index: 0
	F15_('S2', 'S3')_gc: True
	F32_('S2', 'S3')_t4_min: 2500
	F11_('S3', 'S4')_t4_max: 126684
	F3_queue_index: 0
	F7_('E2', 'S2')_gc: False
	F22_('S1', 'E1')_rr: 0
	F4_('S3', 'S2')_gc: False
	F7_('S2', 'S1')_t3_max: 13861
	F28_queue_index: 0
	F25_('E4', 'S4')_gc: False
	F17_('S4', 'S5')_t4_max: 2270
	F5_('S1', 'S2')_t4_max: 22914
	F20_('S4', 'E4')_gc: True
	F39_('S3', 'S4')_t4_max: 1033
	F26_('S5', 'E5')_rr: 0
	F15_('S2', 'S3')_rr: 16
	F6_('E5', 'S5')_rr: 0
	('E5', 'S5')_gcl_cycle: 1
	F12_('E4', 'S4')_gc: False
	F2_('S2', 'S3')_t4_min: 620
	F23_('S2', 'S1')_tb: 61864
	F17_('S4', 'S5')_rr: 0
	F23_('S2', 'S1')_t4_min: 61864
	F12_('S3', 'E3')_t4_max: 63901
	F1_('S2', 'S1')_gc: False
	F10_('S2', 'S1')_t4_min: 6921
	F22_('S1', 'E1')_gc: False
	F2_('E2', 'S2')_rr: 0
	F34_('S5', 'S4')_t4_min: 29583
	F30_('S3', 'S4')_t4_min: 63412
	F2_('S4', 'S5')_t4_max: 904
	F21_('S4', 'E4')_t4_max: 25928
	F28_('S4', 'S3')_t4_min: 1053
	F16_('S3', 'S2')_rr: 0
	F12_('S3', 'E3')_gc: False
	F25_('S3', 'S2')_rr: 0
	F32_('S4', 'S5')_t4_max: 2686
	F13_queue_index: 0
	F1_('S3', 'S2')_t4_max: 55817
	F32_('S4', 'S5')_rr: 32
	F16_('S4', 'S3')_gc: True
	F23_('S2', 'S1')_t3_max: 61869
	F39_('S3', 'S4')_rr: 0
	F31_('S3', 'E3')_t4_min: 63123
	F35_('S4', 'S5')_t4_min: 127055
	F10_('S1', 'E1')_t4_min: 7213
	F3_('S4', 'S5')_t4_max: 121839
	F10_('S4', 'S3')_t4_min: 6648
	F24_('E3', 'S3')_t3_max: 127174
	F33_('E2', 'S2')_gc: False
	F11_jitter: 129
	F2_('S2', 'S3')_rr: 16
	F38_('S2', 'E2')_rr: 64
	F9_('E2', 'S2')_rr: 0
	F26_('S4', 'S5')_gc: True
	F18_('E2', 'S2')_t3_max: 120921
	F21_('S3', 'S4')_gc: False
	F30_('S4', 'S5')_t4_max: 63734
	F4_('S2', 'S1')_t4_max: 1050
	F27_jitter: 0
	F2_('S4', 'S5')_t3_min: 776
	F17_('S1', 'S2')_rr: 16
	F9_('S3', 'S4')_t5_min: 264
	F25_('E4', 'S4')_rr: 0
	F8_('S5', 'S4')_gc: True
	F19_('S3', 'E3')_rr: 16
	F7_('S2', 'S1')_t4_max: 13985
	F27_('S1', 'E1')_gc: True
	F24_('S3', 'S2')_t3_max: 127354
	F17_('S2', 'S3')_t4_max: 1978
	F37_('E2', 'S2')_gc: False
	F26_queue_index: 0
	F31_('S1', 'S2')_rr: 1
	F38_('E4', 'S4')_t3_max: 578
	F4_queue_index: 0
	F17_('S5', 'E5')_gc: True
	F2_('S4', 'S5')_t4_min: 904
	F26_('S4', 'S5')_t4_min: 13090
	F32_('S3', 'S4')_gc: True
	F15_('S1', 'S2')_rr: 8
	F32_('S1', 'S2')_gc: True
	F36_('E4', 'S4')_gc: False
	F32_('S1', 'S2')_t4_min: 2477
	F23_('S1', 'E1')_gc: False
	F0_('S3', 'S2')_rr: 2
	F20_('E3', 'S3')_rr: 0
	F9_('S2', 'S3')_t3_max: 185
	F11_('S4', 'S5')_t5_max: 126871
	F34_('E5', 'S5')_tb: 29416
	F10_queue_index: 0
	F29_('S1', 'S2')_t4_min: 5936
	F8_('S4', 'S3')_t4_min: 35928
	F8_('S4', 'S3')_t3_min: 35928
	F7_('S1', 'E1')_t4_min: 13903
	F22_('S1', 'E1')_t4_min: 500
	F29_('S2', 'S3')_t4_max: 6123
	F25_('S3', 'S2')_t3_max: 6053
	F27_('S3', 'S2')_t4_min: 1528
	F39_('S4', 'E4')_gc: True
	F17_('S3', 'S4')_t3_max: 2000
	F22_('S3', 'S2')_t3_min: 348
	F33_('E2', 'S2')_rr: 0
	F39_('E2', 'S2')_rr: 0
	F14_('S3', 'S2')_gc: False
	F8_('S5', 'S4')_tb: 35841
	('S4', 'S5')_gcl_cycle: 128000
	F31_('S2', 'S3')_t4_max: 63032
	F36_('E4', 'S4')_rr: 0
	F29_('E1', 'S1')_t3_min: 5873
	F23_('E5', 'S5')_t3_max: 61199
	F37_('S4', 'E4')_t4_min: 123888
	F35_('E4', 'S4')_gc: False
	F14_('S4', 'S3')_t4_min: 2385
	F9_('S2', 'S3')_t4_max: 309
	F30_queue_index: 0
	('S3', 'S4')_gcl_cycle: 128000
	F2_('E2', 'S2')_gc: False
	F2_('S2', 'S3')_t4_max: 620
	('S5', 'S4')_gcl_cycle: 128000
	F39_('E2', 'S2')_t3_max: 433
	F32_('E1', 'S1')_t3_max: 2325
	F17_jitter: 0
	F38_('S3', 'S2')_gc: False
	F19_('S2', 'S3')_t3_max: 4908
	('S3', 'S4')_gcl_length: 198
	F0_('S4', 'S3')_rr: 2
	F13_('E2', 'S2')_t3_max: 3334
	F29_('E1', 'S1')_t3_max: 5749
	F9_queue_index: 0
	F28_('S4', 'S3')_t3_max: 1053
	F31_('S2', 'S3')_t4_min: 62903
	F27_('S2', 'S1')_t4_min: 1555
	F11_('E3', 'S3')_gc: False
	F17_('S2', 'S3')_t4_min: 1978
	F6_('S4', 'E4')_t4_min: 120722
	F2_('S5', 'E5')_gc: False
	F34_('S5', 'S4')_t3_max: 29533
	F35_('E4', 'S4')_t5_max: 126925
	F20_('S3', 'S4')_gc: True
	F0_('E4', 'S4')_gc: False
	F12_('S4', 'S3')_rr: 0
	F28_('S3', 'E3')_rr: 32
	F14_('S4', 'S3')_t3_max: 2390
	('S5', 'E5')_gcl_cycle: 4000
	F29_('S3', 'E3')_rr: 16
	F9_('E2', 'S2')_t3_max: 13
	F1_queue_index: 0
	F13_('S2', 'S3')_t4_min: 3531
	F3_('S5', 'E5')_rr: 0
	F38_('S3', 'S2')_t3_max: 1054
	F2_jitter: 129
	F38_('S3', 'S2')_t4_min: 920
	F19_('S2', 'S3')_t4_min: 4908
	F37_('E2', 'S2')_t3_max: 123570
	F17_('S3', 'S4')_gc: False
	F12_('S3', 'E3')_t4_min: 63643
	F3_('S3', 'S4')_t3_max: 121803
	F2_('S4', 'S5')_rr: 16
	F16_jitter: 0
	F33_('S2', 'S1')_t4_max: 118764
	F35_('S4', 'S5')_gc: True
	F14_('S4', 'S3')_t4_max: 2514
	F26_('S4', 'S5')_t3_max: 13090
	F28_('S4', 'S3')_t4_max: 1053
	F17_('S3', 'S4')_t4_max: 2124
	F21_('S3', 'S4')_rr: 0
	F12_('S4', 'S3')_t4_max: 63672
	F39_('E2', 'S2')_t5_max: 664
	F14_('E4', 'S4')_rr: 0
	F24_queue_index: 0
	F34_('S4', 'S3')_t4_min: 29695
	F34_('S3', 'E3')_gc: True
	F19_('E2', 'S2')_rr: 0
	F1_('S3', 'S2')_t5_max: 55866
	F27_('S1', 'E1')_rr: 64
	F16_('S3', 'S2')_t4_max: 4058
	F35_('S5', 'E5')_tb: 127093
	F19_('S2', 'S3')_tb: 4908
	F37_('S2', 'S3')_t5_min: 123808
	F3_('S5', 'E5')_t5_max: 122028
	F13_('S2', 'S3')_t3_min: 3531
	F15_('E1', 'S1')_t4_max: 4154
	F12_('E4', 'S4')_t4_min: 63443
	F11_('E3', 'S3')_t4_max: 126587
	F7_('S2', 'S1')_t5_min: 13901
	F4_('S4', 'S3')_t3_min: 469
	F38_('S3', 'S2')_t3_min: 920
	F10_('S4', 'S3')_t5_min: 6681
	F12_('E4', 'S4')_t4_max: 63443
	F14_('S4', 'S3')_tb: 2385
	F9_('E2', 'S2')_t5_max: 178
	F37_('E2', 'S2')_tb: 123694
	F13_('S3', 'S4')_tb: 3738
	F7_('S1', 'E1')_t5_max: 14206
	F34_('S3', 'E3')_t3_min: 29807
	F19_('E2', 'S2')_t3_min: 4787
	F28_('E4', 'S4')_t4_min: 937
	F28_('S4', 'S3')_t5_min: 1162
	F8_('E5', 'S5')_t4_max: 35749
	F11_('S5', 'E5')_t3_min: 126873
	F33_('E2', 'S2')_t4_min: 118665
	F12_('E4', 'S4')_t3_min: 63443
	F23_('S1', 'E1')_t3_min: 61903
	F36_('S5', 'E5')_tb: 6369
	F12_('E4', 'S4')_tb: 63443
	F37_('E2', 'S2')_t4_min: 123694
	F36_('E4', 'S4')_t3_min: 6203
	F14_('E4', 'S4')_t5_min: 2383
	F10_('S4', 'S3')_tb: 6648
	F24_('E3', 'S3')_t3_min: 127298
	F29_('S3', 'E3')_t3_min: 6052
	F22_('S4', 'S3')_t3_max: 277
	F36_('E4', 'S4')_t5_max: 6284
	F34_('S3', 'E3')_tb: 29941
	F10_('E5', 'S5')_t5_min: 6606
	F30_('S5', 'E5')_t3_min: 63540
	F17_('E1', 'S1')_t3_min: 1811
	F32_('E1', 'S1')_t4_min: 2449
	F30_('S5', 'E5')_t5_max: 63989
	F29_('S3', 'E3')_t3_max: 6186
	F4_('S3', 'S2')_t3_max: 700
	F11_('E3', 'S3')_t4_min: 126587
	F10_('S3', 'S2')_t5_max: 6919
	F1_('S1', 'E1')_t3_max: 56053
	('S5', 'E5')_gcl_length: 2
	F39_('S4', 'E4')_t3_min: 884
	F1_('S2', 'S1')_t3_max: 55873
	F33_('E2', 'S2')_t3_min: 118665
	F39_('S3', 'S4')_t3_max: 909
	F9_('S2', 'S3')_t5_min: 221
	F32_('S4', 'S5')_t5_min: 2707
	F16_('E4', 'S4')_t4_min: 3713
	F18_('E2', 'S2')_tb: 121045
	F3_('E3', 'S3')_t4_min: 121767
	F14_('S3', 'S2')_t3_min: 2471
	F16_('S2', 'E2')_t5_min: 4272
	F0_('S1', 'E1')_t3_max: 54704
	F35_('S4', 'S5')_t5_min: 127091
	F21_('E3', 'S3')_t4_min: 25618
	F0_('S2', 'S1')_t3_min: 54663
	('S1', 'S2')_gcl_length: 98
	F5_('E1', 'S1')_t4_max: 22667
	F36_('S5', 'E5')_t3_max: 6503
	F2_('S2', 'S3')_t5_max: 631
	F20_('E3', 'S3')_t3_min: 7090
	('S1', 'E1')_gcl_length: 170
	F19_('S3', 'E3')_tb: 5029
	F3_('S5', 'E5')_tb: 121870
	F30_('E3', 'S3')_t4_max: 63348
	F15_('S3', 'E3')_t4_max: 4929
	F11_('S3', 'S4')_tb: 126684
	F1_('E4', 'S4')_t3_min: 55581
	F32_('S2', 'S3')_t3_min: 2500
	F30_('S5', 'E5')_t4_max: 63927
	F20_('S3', 'S4')_t5_max: 7253
	F1_('S1', 'E1')_t5_min: 55968
	F23_('S3', 'S2')_t5_min: 61862
	F31_('E1', 'S1')_t5_min: 62687
	F23_('S2', 'S1')_t3_min: 61864
	F36_('S4', 'S5')_t5_min: 6367
	F13_('E2', 'S2')_t5_max: 3529
	F12_('S3', 'E3')_t3_min: 63643
	F33_('S2', 'S1')_t5_min: 118856
	F2_('S3', 'S4')_t3_min: 633
	F36_('S5', 'E5')_t5_min: 6450
	F5_('S1', 'S2')_t5_max: 23030
	F20_('S3', 'S4')_t3_min: 7141
	('S2', 'S3')_gcl_length: 162
	F34_('S5', 'S4')_t5_min: 29693
	F8_('S4', 'S3')_tb: 35928
	F25_('E4', 'S4')_t4_min: 5793
	F38_('E4', 'S4')_t5_max: 809
	F16_('S2', 'E2')_t3_min: 3973
	F22_('S1', 'E1')_t4_max: 629
	F3_('S3', 'S4')_t5_max: 121832
	F33_('S2', 'S1')_t3_min: 118759
	F31_('S2', 'S3')_t3_max: 62908
	F1_('S4', 'S3')_t3_min: 55632
	F5_('S2', 'S3')_tb: 22903
	F4_('S2', 'S1')_t5_max: 1145
	F28_('S3', 'E3')_tb: 1169
	F12_('S4', 'S3')_t3_min: 63543
	F0_('S4', 'S3')_t3_min: 54591
	F15_('S3', 'E3')_t5_min: 5023
	F14_('E4', 'S4')_t3_min: 2299
	F26_('S5', 'E5')_t3_min: 13128
	F9_('S2', 'S3')_t5_max: 350
	F11_('S5', 'E5')_t5_max: 127092
	F6_('S4', 'E4')_t4_max: 120851
	F4_('S2', 'S1')_t3_min: 663
	F22_('S1', 'E1')_tb: 500
	F33_('E2', 'S2')_t5_min: 118757
	F16_('S2', 'E2')_t4_max: 4230
	F0_('E4', 'S4')_t3_min: 54560
	F29_('S1', 'S2')_t5_max: 5992
	F23_('S5', 'S4')_t3_min: 61362
	F27_('E3', 'S3')_t5_max: 1526
	F31_('S3', 'E3')_tb: 63123
	F6_('S4', 'E4')_t5_min: 120754
	F2_('S4', 'S5')_t5_max: 915
	F23_('S1', 'E1')_t5_min: 61940
	F24_('S3', 'S2')_tb: 127349
	F25_('E4', 'S4')_t5_max: 5854
	('S3', 'E3')_gcl_length: 174
	F14_('S2', 'E2')_t4_max: 2944
	F17_('S4', 'S5')_t5_min: 2027
	F10_('E5', 'S5')_t5_max: 6606
	F19_('S2', 'S3')_t5_min: 5022
	('E2', 'S2')_gcl_length: 0
	F29_('E1', 'S1')_t5_max: 5929
	F11_('S4', 'S5')_t5_min: 126871
	F6_('E5', 'S5')_t5_min: 120681
	F1_('E4', 'S4')_t4_max: 55581
	F22_('S5', 'S4')_t5_min: 141
	F29_('S1', 'S2')_tb: 5936
	F24_('S2', 'E2')_t5_max: 127583
	F9_('S4', 'E4')_tb: 529
	F1_('S3', 'S2')_tb: 55817
	F29_('S1', 'S2')_t5_min: 5992
	F6_('S5', 'S4')_t5_max: 120720
	F4_('S1', 'E1')_t5_min: 855
	F36_('E4', 'S4')_t5_min: 6284
	('S4', 'S5')_gcl_length: 118
	F16_('E4', 'S4')_t4_max: 3713
	F8_('S5', 'S4')_t3_min: 35836
	F5_('S1', 'S2')_tb: 22785
	F5_('S3', 'E3')_tb: 23021
	F11_('S4', 'S5')_tb: 126781
	F12_('S4', 'S3')_t5_max: 63770
	F11_('S4', 'S5')_t3_min: 126776
	F1_('S3', 'S2')_t3_max: 55817
	F30_('S3', 'S4')_t5_min: 63474
	F2_('S2', 'S3')_tb: 620
	F36_('E4', 'S4')_t4_max: 6203
	F10_('S5', 'S4')_tb: 6613
	F9_('S4', 'E4')_t5_min: 570
	F4_('S2', 'S1')_t5_min: 758
	F17_('S2', 'S3')_t3_min: 1850
	F29_('E1', 'S1')_t4_min: 5873
	('E4', 'S4')_gcl_length: 0
	F38_('E4', 'S4')_t4_min: 702
	F35_('E4', 'S4')_t3_min: 126889
	F35_('S4', 'S5')_tb: 127055
	F17_('S5', 'E5')_t5_min: 2307
	F23_('S4', 'S3')_tb: 61657
	F12_('S3', 'E3')_tb: 63643
	F13_('S4', 'E4')_t4_max: 3816
	F6_('S4', 'E4')_t5_max: 120883
	F14_('S2', 'E2')_t3_min: 2557
	F15_('E1', 'S1')_t3_min: 4154
	F10_('S2', 'S1')_t5_max: 7083
	F28_('E4', 'S4')_t3_min: 937
	F35_('E4', 'S4')_t4_min: 126889
	F3_('S4', 'S5')_tb: 121839
	F10_('S5', 'S4')_t3_min: 6608
	F39_('S4', 'E4')_tb: 1147
	F22_('E5', 'S5')_t4_max: 1
	F17_('S2', 'S3')_t5_max: 1993
	F7_('E2', 'S2')_t4_min: 13809
	F7_('S2', 'S1')_t5_max: 14030
	F17_('S5', 'E5')_t3_min: 2029
	F8_('S3', 'E3')_t5_min: 36100
	F29_('S3', 'E3')_tb: 6186
	F0_('E4', 'S4')_tb: 54560
	F3_('E3', 'S3')_tb: 121767
	F31_('S3', 'E3')_t3_max: 63123
	F8_('S4', 'S3')_t3_max: 35933
	('E1', 'S1')_gcl_length: 0
	F2_('S4', 'S5')_tb: 904
	F17_('E1', 'S1')_t5_max: 1826
	F7_('S1', 'E1')_t3_max: 14037
	F7_('E2', 'S2')_t5_max: 13854
	F3_('S5', 'E5')_t3_max: 121875
	F3_('E3', 'S3')_t3_min: 121767
	F22_('S2', 'S1')_t3_max: 429
	F17_('S5', 'E5')_t5_max: 2307
	F17_('E1', 'S1')_tb: 1811
	F28_('S4', 'S3')_t3_min: 1048
	F27_('E3', 'S3')_tb: 1501
	F24_('E3', 'S3')_t5_max: 127347
	F11_('S5', 'E5')_t4_max: 127002
	F35_('S5', 'E5')_t5_min: 127129
	F18_('S2', 'S3')_t3_min: 121162
	F24_('S2', 'E2')_t3_min: 127400
	F37_('S3', 'S4')_t3_max: 123815
	F28_('E4', 'S4')_t5_min: 1046
	F37_('S2', 'S3')_t3_min: 123732
	F30_('S4', 'S5')_tb: 63476
	F20_('S4', 'E4')_t3_max: 7260
	F0_('S3', 'S2')_t5_max: 54661
	F28_('S3', 'E3')_t3_min: 1164
	F31_('S1', 'S2')_t5_min: 62901
	F15_('S2', 'S3')_t5_min: 4450
	F23_('S4', 'S3')_t5_max: 61694
	F23_('E5', 'S5')_t4_min: 61323
	F4_('S4', 'S3')_t5_max: 693
	F37_('E2', 'S2')_t3_min: 123694
	F17_('S5', 'E5')_t4_max: 2292
	F32_('S1', 'S2')_t5_max: 2498
	F30_('E3', 'S3')_t5_min: 63410
	F28_('S3', 'E3')_t3_max: 1169
	F35_('S4', 'S5')_t5_max: 127091
	F3_('E3', 'S3')_t5_max: 121796
	F30_('S5', 'E5')_t3_max: 63803
	F6_('S5', 'S4')_t3_min: 120683
	F14_('E4', 'S4')_t4_min: 2299
	F1_('S2', 'S1')_t5_max: 56046
	F17_('S1', 'S2')_t5_min: 1848
	F25_('E4', 'S4')_t3_min: 5793
	F27_('S3', 'S2')_t5_max: 1682
	F3_('E3', 'S3')_t5_min: 121796
	F5_('S2', 'S3')_t3_max: 23037
	F6_('S4', 'E4')_tb: 120722
	F10_('S3', 'S2')_tb: 6886
	F0_('S3', 'S2')_t5_min: 54661
	F22_('S4', 'S3')_t5_min: 346
	F4_('S1', 'E1')_t4_max: 1276
	F33_('S1', 'E1')_t3_min: 118858
	F19_('E2', 'S2')_t5_min: 4901
	F16_('S3', 'S2')_t5_min: 3971
	F5_('S2', 'S3')_t3_min: 22903
	F0_('S1', 'E1')_t4_max: 54828
	F38_('S2', 'E2')_t3_min: 1029
	F27_('E3', 'S3')_t3_min: 1501
	F27_('E3', 'S3')_t4_max: 1501
	F9_('S3', 'S4')_tb: 223
	F22_('S3', 'S2')_t3_max: 353
	F8_('S5', 'S4')_t5_max: 35926
	F3_('S5', 'E5')_t5_min: 121899
	F23_('S3', 'S2')_t3_min: 61696
	F11_('S5', 'E5')_tb: 126873
	F12_('S3', 'E3')_t3_max: 63777
	F17_('S2', 'S3')_t5_min: 1993
	F29_('E1', 'S1')_tb: 5873
	F37_('S4', 'E4')_t4_max: 124017
	F32_('S1', 'S2')_t3_min: 2472
	F17_('S4', 'S5')_t3_max: 2146
	F17_('E1', 'S1')_t5_min: 1826
	F1_('S4', 'S3')_tb: 55632
	F23_('S1', 'E1')_t5_max: 62198
	F26_('S4', 'S5')_t5_max: 13126
	F24_('S2', 'E2')_t3_max: 127534
	F33_('E2', 'S2')_t5_max: 118757
	F33_('E2', 'S2')_t4_max: 118665
	F5_('S3', 'E3')_t4_max: 23408
	F37_('S3', 'S4')_tb: 123850
	F25_('S3', 'S2')_t5_min: 5980
	F33_('S1', 'E1')_t3_max: 118863
	F23_('E5', 'S5')_tb: 61323
	F13_('E2', 'S2')_t4_min: 3458
	F22_('E5', 'S5')_tb: 1
	F3_('E3', 'S3')_t4_max: 121767
	F14_('S3', 'S2')_t5_max: 2813
	F25_('E4', 'S4')_t5_min: 5854
	F9_('E2', 'S2')_t4_max: 137
	F10_('S2', 'S1')_t3_max: 6926
	F32_('S2', 'S3')_t5_max: 2650
	F16_('E4', 'S4')_t5_min: 3755
	('E5', 'S5')_gcl_length: 0
	F32_('S3', 'S4')_t3_min: 2523
	F5_('E1', 'S1')_t5_max: 22783
	F39_('S2', 'S3')_t3_min: 666
	F34_('S3', 'E3')_t3_max: 29941
	F13_('S3', 'S4')_t3_min: 3604
	F27_('S2', 'S1')_t5_min: 1580
	F22_('S3', 'S2')_t5_min: 422
	('E3', 'S3')_gcl_length: 0
	F4_('S4', 'S3')_tb: 469
	F23_('E5', 'S5')_t5_min: 61360
	F16_('S4', 'S3')_t5_max: 3927
	F0_('S4', 'S3')_t5_max: 54625
	F12_('S3', 'E3')_t5_max: 63999
	F5_('E1', 'S1')_t4_min: 22667
	F18_('E2', 'S2')_t4_max: 121045
	F25_('S1', 'E1')_t5_min: 6499
	F27_('S1', 'E1')_t5_min: 1902
	F10_('S2', 'S1')_t5_min: 6954
	F39_('E2', 'S2')_t4_min: 557
	F22_('S5', 'S4')_t3_min: 72
	F11_('E3', 'S3')_t5_max: 126677
	F3_('S4', 'S5')_t5_min: 121868
	F31_('S1', 'S2')_t3_min: 62689
	F19_('E2', 'S2')_t5_max: 4901
	F9_('S4', 'E4')_t4_max: 529
	F38_('S4', 'S3')_t5_min: 918
	F38_('E4', 'S4')_tb: 702
	F2_('S5', 'E5')_t5_min: 928
	F32_('E1', 'S1')_tb: 2449
	F38_('S2', 'E2')_tb: 1292
	F18_('E2', 'S2')_t3_min: 121045
	F20_('S4', 'E4')_t5_min: 7309
	F32_('S5', 'E5')_t5_min: 2730
	F32_('E1', 'S1')_t4_max: 2449
	F24_('E3', 'S3')_t4_max: 127298
	F15_('S3', 'E3')_t5_max: 5023
	F15_('S3', 'E3')_tb: 4929
	F15_('S1', 'S2')_t3_min: 4250
	F36_('S4', 'S5')_t3_min: 6286
	F17_('S3', 'S4')_t3_min: 1995
	F0_('E4', 'S4')_t5_max: 54589
	F36_('S5', 'E5')_t4_max: 6627
	F34_('S3', 'E3')_t4_max: 29941
	F30_('S3', 'S4')_tb: 63412
	F10_('S4', 'S3')_t5_max: 6810
	F8_('S3', 'E3')_t3_min: 36015
	F8_('S3', 'E3')_t5_max: 36358
	F18_('E2', 'S2')_t5_max: 121160
	F28_('S3', 'E3')_t5_max: 1278
	F24_('E3', 'S3')_tb: 127298
	F25_('S3', 'S2')_t5_max: 6238
	F18_('S3', 'E3')_tb: 121536
	F39_('E2', 'S2')_t3_min: 557
	F9_('E2', 'S2')_t4_min: 137
	F26_('S4', 'S5')_tb: 13090
	F6_('S4', 'E4')_t3_min: 120722
	F15_('E1', 'S1')_t5_max: 4248
	F1_('E4', 'S4')_t4_min: 55581
	F2_('S5', 'E5')_tb: 917
	F36_('S4', 'S5')_t5_max: 6496
	F30_('E3', 'S3')_t3_min: 63348
	F30_('S3', 'S4')_t3_min: 63412
	('S4', 'S3')_gcl_length: 214
	F0_('S4', 'S3')_t5_min: 54625
	F37_('S4', 'E4')_tb: 123888
	F15_('E1', 'S1')_tb: 4154
	F20_('E3', 'S3')_t5_max: 7139
	F2_('E2', 'S2')_t5_max: 349
	F32_('S4', 'S5')_tb: 2686
	F36_('S5', 'E5')_t5_max: 6708
	F30_('S5', 'E5')_t5_min: 63602
	F34_('E5', 'S5')_t4_min: 29416
	F26_('S5', 'E5')_tb: 13128
	F23_('S1', 'E1')_tb: 61903
	F25_('S2', 'S1')_t3_max: 6245
	F4_('S3', 'S2')_t5_min: 661
	F13_('S4', 'E4')_t3_max: 3816
	F12_('E4', 'S4')_t5_min: 63541
	F26_('E4', 'S4')_t5_min: 13083
	F11_('E3', 'S3')_tb: 126587
	F14_('S4', 'S3')_t3_min: 2385
	F34_('S4', 'S3')_t5_max: 29934
	F21_('S4', 'E4')_t5_max: 25952
	F28_('S4', 'S3')_t5_max: 1162
	F10_('S4', 'S3')_t3_max: 6653
	F0_('S1', 'E1')_tb: 54699
	F11_('E3', 'S3')_t5_min: 126677
	F5_('S3', 'E3')_t5_max: 23524
	F22_('E5', 'S5')_t5_max: 70
	F24_('S2', 'E2')_tb: 127534
	F14_('S2', 'E2')_t3_max: 2820
	F36_('S5', 'E5')_t3_min: 6369
	F27_('S2', 'S1')_t3_max: 1689
	F13_('E2', 'S2')_tb: 3458
	F21_('S3', 'S4')_t5_max: 25797
	F7_('E2', 'S2')_t4_max: 13809
	F38_('S2', 'E2')_t5_min: 1399
	F7_('E2', 'S2')_t5_min: 13854
	F2_('S5', 'E5')_t4_max: 1046
	F27_('S1', 'E1')_tb: 1877
	F6_('S4', 'E4')_t3_max: 120727
	F20_('S4', 'E4')_t3_min: 7255
	F7_('S1', 'E1')_t3_min: 13903
	F21_('E3', 'S3')_t5_min: 25642
	F10_('S1', 'E1')_t5_min: 7246
	F10_('E5', 'S5')_t4_max: 6573
	F37_('S4', 'E4')_t3_max: 123893
	F22_('S1', 'E1')_t3_min: 500
	F8_('S4', 'S3')_t5_max: 36142
	F2_('S4', 'S5')_t3_max: 781
	F25_('S1', 'E1')_tb: 6438
	F13_('E2', 'S2')_t5_min: 3529
	F1_('S4', 'S3')_t5_max: 55810
	F31_('E1', 'S1')_tb: 62603
	F39_('S4', 'E4')_t5_min: 1254
	F18_('S3', 'E3')_t5_min: 121651
	F14_('E4', 'S4')_tb: 2299
	F32_('E1', 'S1')_t5_max: 2470
	F17_('S5', 'E5')_tb: 2292
	F10_('S1', 'E1')_tb: 7213
	F6_('E5', 'S5')_t3_min: 120649
	F23_('S3', 'S2')_t5_max: 61862
	F25_('S1', 'E1')_t5_max: 6499
	F32_('S4', 'S5')_t3_min: 2680
	F35_('S5', 'E5')_t3_min: 127093
	F32_('S5', 'E5')_t3_max: 2714
	F32_('S2', 'S3')_tb: 2500
	F38_('S4', 'S3')_t5_max: 1047
	F39_('S4', 'E4')_t4_max: 1147
	F26_('E4', 'S4')_t5_max: 13083
	F31_('E1', 'S1')_t3_min: 62603
	F1_('S2', 'S1')_t3_min: 55868
	F16_('S4', 'S3')_t3_min: 3757
	F39_('S2', 'S3')_t5_min: 773
	F32_('S4', 'S5')_t5_max: 2707
	F22_('S1', 'E1')_t5_max: 698
	F10_('S2', 'S1')_t3_min: 6921
	F4_('S5', 'S4')_t3_min: 367
	F13_('S3', 'S4')_t5_min: 3809
	F1_('E4', 'S4')_t5_max: 55630
	F39_('E2', 'S2')_tb: 557
	F9_('E2', 'S2')_t3_min: 137
	F29_('S3', 'E3')_t4_max: 6186
	F25_('S4', 'S3')_tb: 5856
	F0_('S2', 'S1')_tb: 54668
	F14_('S3', 'S2')_t5_min: 2555
	F16_('S2', 'E2')_tb: 4230
	F2_('E2', 'S2')_t3_min: 338
	F1_('S4', 'S3')_t5_min: 55681
	F22_('S1', 'E1')_t3_max: 505
	F38_('S4', 'S3')_t3_min: 811
	F18_('S3', 'E3')_t4_max: 121536
	F8_('E5', 'S5')_t3_min: 35749
	F17_('S4', 'S5')_t3_min: 2012
	F20_('E3', 'S3')_t4_min: 7090
	F13_('S4', 'E4')_t5_max: 3887
	F4_('S4', 'S3')_t5_min: 564
	F8_('S4', 'S3')_t5_min: 36013
	F4_('S4', 'S3')_t3_max: 474
	F10_('S1', 'E1')_t5_max: 7246
	F0_('S2', 'S1')_t5_min: 54697
	F38_('S2', 'E2')_t4_max: 1292
	F18_('S2', 'S3')_t5_max: 121406
	F39_('S4', 'E4')_t3_max: 1147
	F9_('E2', 'S2')_tb: 137
	F34_('S5', 'S4')_t5_max: 29693
	F25_('E4', 'S4')_tb: 5793
	F9_('S3', 'S4')_t3_min: 223
	F17_('E1', 'S1')_t4_max: 1811
	F13_('S4', 'E4')_tb: 3816
	F21_('S4', 'E4')_t3_max: 25804
	F32_('S3', 'S4')_t5_min: 2678
	F23_('S2', 'S1')_t5_min: 61901
	F39_('S2', 'S3')_tb: 666
	F30_('S5', 'E5')_tb: 63540
	F15_('S2', 'S3')_tb: 4356
	F25_('S4', 'S3')_t5_min: 5917
	F25_('S3', 'S2')_tb: 5919
	F10_('S3', 'S2')_t5_min: 6919
	F37_('E2', 'S2')_t5_max: 123730
	F19_('S3', 'E3')_t5_min: 5143
	F28_('E4', 'S4')_t5_max: 1046
	F1_('S1', 'E1')_t3_min: 55919
	F28_('S3', 'E3')_t5_min: 1278
	F14_('S2', 'E2')_t5_max: 3028
	F10_('S1', 'E1')_t4_max: 7213
	F25_('S4', 'S3')_t5_max: 6046
	F39_('S3', 'S4')_t5_max: 1140
	F23_('S4', 'S3')_t3_min: 61529
	F22_('S3', 'S2')_t5_max: 422
	F27_('S3', 'S2')_t5_min: 1553
	F4_('S1', 'E1')_tb: 760
	F4_('S2', 'S1')_tb: 663
	F15_('S2', 'S3')_t3_max: 4356
	F20_('S4', 'E4')_t5_max: 7309
	F0_('S3', 'S2')_tb: 54632
	F28_('S3', 'E3')_t4_max: 1169
	F30_('S4', 'S5')_t5_min: 63538
	F34_('S3', 'E3')_t5_min: 30051
	F17_('S1', 'S2')_tb: 1833
	F29_('S2', 'S3')_t5_max: 6179
	F6_('E5', 'S5')_t4_min: 120649
	F25_('S1', 'E1')_t3_min: 6308
	F30_('S4', 'S5')_t5_max: 63796
	F17_('E1', 'S1')_t4_min: 1811
	F19_('S3', 'E3')_t3_max: 5029
	F35_('S4', 'S5')_t3_min: 126927
	F15_('S3', 'E3')_t3_min: 4452
	F29_('S3', 'E3')_t5_max: 6242
	F38_('S4', 'S3')_tb: 811
	F15_('S2', 'S3')_t5_max: 4450
	F2_('S3', 'S4')_tb: 763
	F5_('S1', 'S2')_t5_min: 22901
	F38_('E4', 'S4')_t4_max: 702
	F25_('S2', 'S1')_tb: 6245
	F21_('S4', 'E4')_t5_min: 25694
	F26_('E4', 'S4')_t4_min: 13047
	F4_('S3', 'S2')_t3_min: 566
	F2_('S5', 'E5')_t3_min: 917
	F6_('S5', 'S4')_tb: 120688
	F20_('E3', 'S3')_tb: 7090
	F19_('S2', 'S3')_t5_max: 5022
	F0_('E4', 'S4')_t4_max: 54560
	F36_('E4', 'S4')_t4_min: 6203
	F4_('S2', 'S1')_t3_max: 926
	F29_('S3', 'E3')_t5_min: 6242
	F10_('S2', 'S1')_tb: 6921
	F31_('S3', 'E3')_t5_min: 63207
	F23_('S2', 'S1')_t5_max: 62030
	F19_('S3', 'E3')_t4_max: 5029
	F14_('S3', 'S2')_t3_max: 2605
	F4_('E5', 'S5')_t5_max: 365
	F26_('S5', 'E5')_t4_max: 13257
	F10_('S1', 'E1')_t3_min: 6956
	F17_('S2', 'S3')_t3_max: 1855
	F32_('S5', 'E5')_t3_min: 2709
	F32_('S3', 'S4')_t5_max: 2678
	F23_('S5', 'S4')_t5_max: 61527
	F26_('E4', 'S4')_t3_min: 13047
	('S2', 'S1')_gcl_length: 142
	F5_('E1', 'S1')_t3_min: 22667
	F23_('S4', 'S3')_t3_max: 61534
	F6_('E5', 'S5')_t4_max: 120649
	F14_('S3', 'S2')_tb: 2471
	F31_('S2', 'S3')_t5_max: 63116
	F21_('E3', 'S3')_t3_min: 25618
	F31_('S1', 'S2')_t5_max: 62901
	F12_('S3', 'E3')_t5_min: 63741
	F8_('E5', 'S5')_t5_max: 35834
	F38_('E4', 'S4')_t5_min: 809
	F13_('S3', 'S4')_t5_max: 3809
	F34_('S4', 'S3')_t5_min: 29805
	F8_('S3', 'E3')_tb: 36015
	F24_('E3', 'S3')_t5_min: 127347
	F10_('S3', 'S2')_t3_min: 6683
	F32_('S1', 'S2')_t5_min: 2498
	F20_('E3', 'S3')_t4_max: 7090
	F17_('S4', 'S5')_tb: 2012
	F3_('S3', 'S4')_t3_min: 121798
	F17_('S3', 'S4')_tb: 1995
	F20_('S4', 'E4')_t4_max: 7260
	F27_('S1', 'E1')_t5_max: 1902
	F22_('S2', 'S1')_t5_max: 498
	F33_('S1', 'E1')_t5_min: 118955
	F22_('E5', 'S5')_t4_min: 1
	F27_('S1', 'E1')_t3_max: 1845
	F13_('S3', 'S4')_t3_max: 3738
	F29_('S2', 'S3')_t3_max: 5999
	F9_('S4', 'E4')_t3_max: 529
	F35_('S5', 'E5')_t5_max: 127258
	F32_('S5', 'E5')_t4_max: 2838
	F18_('S2', 'S3')_tb: 121162
	F16_('S4', 'S3')_tb: 3885
	F8_('S3', 'E3')_t4_max: 36273
	F39_('E2', 'S2')_t5_min: 664
	F31_('E1', 'S1')_t4_min: 62603
	F23_('S3', 'S2')_t3_max: 61701
	F4_('S3', 'S2')_tb: 566
	F13_('S2', 'S3')_t5_min: 3602
	F1_('S1', 'E1')_tb: 55919
	F26_('S4', 'S5')_t5_min: 13126
	F10_('S5', 'S4')_t5_max: 6646
	F35_('S5', 'E5')_t4_max: 127222
	F13_('S4', 'E4')_t5_min: 3887
	F36_('S4', 'S5')_tb: 6286
	F26_('S5', 'E5')_t5_max: 13293
	F25_('S2', 'S1')_t5_max: 6306
	F28_('S4', 'S3')_tb: 1053
	F24_('S3', 'S2')_t5_max: 127527
	F31_('S2', 'S3')_t3_min: 62903
	F1_('S1', 'E1')_t5_max: 56226
	F25_('S2', 'S1')_t5_min: 6306
	F26_('E4', 'S4')_t4_max: 13047
	F23_('S4', 'S3')_t5_min: 61694
	F0_('E4', 'S4')_t4_min: 54560
	F11_('S3', 'S4')_t3_min: 126679
	F34_('S4', 'S3')_t3_max: 29700
	F15_('E1', 'S1')_t5_min: 4248
	F7_('E2', 'S2')_tb: 13809
	('S2', 'E2')_gcl_length: 146
	F34_('S4', 'S3')_tb: 29695
	F7_('S1', 'E1')_tb: 13903
	F32_('S3', 'S4')_t3_max: 2657
	F19_('S3', 'E3')_t3_min: 5024
	F22_('S3', 'S2')_tb: 353
	F21_('S4', 'E4')_t3_min: 25670
	F2_('S4', 'S5')_t5_min: 915
	F31_('S3', 'E3')_t5_max: 63207
	F3_('S3', 'S4')_t5_min: 121832
	F4_('E5', 'S5')_t4_min: 270
	F0_('S3', 'S2')_t3_min: 54627
	F21_('E3', 'S3')_t4_max: 25618
	F17_('S1', 'S2')_t5_max: 1848
	F4_('S5', 'S4')_t5_min: 467
	F38_('S2', 'E2')_t3_max: 1292
	F16_('S2', 'E2')_t5_max: 4272
	F21_('S3', 'S4')_tb: 25644
	F5_('S3', 'E3')_t3_max: 23284
	F37_('S2', 'S3')_tb: 123772
	F32_('S2', 'S3')_t5_min: 2521
	F11_('E3', 'S3')_t3_min: 126587
	F39_('S2', 'S3')_t5_max: 902
	F26_('S5', 'E5')_t5_min: 13164
	F13_('S4', 'E4')_t3_min: 3811
	F16_('S3', 'S2')_t5_max: 4100
	F10_('S1', 'E1')_t3_max: 7090
	F0_('S1', 'E1')_t3_min: 54699
	F37_('S3', 'S4')_t5_max: 123886
	F7_('S2', 'S1')_t3_min: 13856
	F23_('E5', 'S5')_t3_min: 61323
	F17_('S3', 'S4')_t5_max: 2139
	F1_('S2', 'S1')_t5_min: 55917
	F17_('S1', 'S2')_t3_min: 1828
	F5_('E1', 'S1')_t5_min: 22783
	F34_('S5', 'S4')_tb: 29583
	F0_('S4', 'S3')_tb: 54596
	F9_('S2', 'S3')_tb: 180
	F23_('S3', 'S2')_tb: 61825
	F18_('S3', 'E3')_t5_max: 121651
	F4_('S3', 'S2')_t5_max: 919
	F22_('S5', 'S4')_t5_max: 270
	F34_('E5', 'S5')_t4_max: 29416
	F0_('S1', 'E1')_t5_max: 54857
	F13_('S2', 'S3')_t5_max: 3731
	F7_('S2', 'S1')_tb: 13856
	F38_('S3', 'S2')_t5_max: 1285
	F31_('E1', 'S1')_t4_max: 62603
	F37_('S2', 'S3')_t5_max: 123808
	F8_('E5', 'S5')_t5_min: 35834
	F16_('E4', 'S4')_t3_min: 3713
	F37_('S4', 'E4')_t5_max: 124053
	F19_('E2', 'S2')_t4_max: 4787
	F26_('S5', 'E5')_t3_max: 13133
	F23_('S5', 'S4')_t5_min: 61527
	F11_('S5', 'E5')_t3_max: 126878
	F7_('S1', 'E1')_t4_max: 14161
	F33_('S2', 'S1')_tb: 118764
	F29_('S2', 'S3')_tb: 5994
	F11_('S5', 'E5')_t5_min: 126963
	F31_('E1', 'S1')_t5_max: 62687
	F2_('E2', 'S2')_t4_min: 338
	F27_('S2', 'S1')_t3_min: 1555
	F37_('S3', 'S4')_t3_min: 123810
	F1_('S2', 'S1')_tb: 55868
	F38_('S3', 'S2')_tb: 920
	F20_('S4', 'E4')_tb: 7260
	F1_('E4', 'S4')_tb: 55581
	F33_('S1', 'E1')_tb: 118863
	F32_('S4', 'S5')_t3_max: 2685
	F2_('S2', 'S3')_t3_min: 351
	F18_('E2', 'S2')_t4_min: 121045
	F16_('S4', 'S3')_t5_min: 3927
	F10_('S5', 'S4')_t5_min: 6646
	F37_('S4', 'E4')_t3_min: 123888
	F34_('S3', 'E3')_t5_max: 30051
	F35_('E4', 'S4')_tb: 126889
	F23_('S1', 'E1')_t4_max: 62161
	F15_('S1', 'S2')_tb: 4255
	F34_('E5', 'S5')_t3_min: 29416
	F22_('S4', 'S3')_t5_max: 346
	F16_('S3', 'S2')_t3_max: 3934
	F15_('S1', 'S2')_t5_max: 4349
	F5_('S1', 'S2')_t3_min: 22785
	F1_('S3', 'S2')_t5_min: 55866
	F16_('S3', 'S2')_tb: 3929
	F37_('E2', 'S2')_t4_max: 123694
	F1_('S1', 'E1')_t4_max: 56177
	F27_('S1', 'E1')_t4_max: 1877
	F19_('S2', 'S3')_t3_min: 4903
	F2_('S3', 'S4')_t5_min: 774
	F2_('S3', 'S4')_t3_max: 638
	F35_('E4', 'S4')_t4_max: 126889
	F16_('E4', 'S4')_t5_max: 3755
	F0_('S2', 'S1')_t5_max: 54697
	F15_('S2', 'S3')_t3_min: 4351
	F10_('S4', 'S3')_t3_min: 6648
	F9_('S3', 'S4')_t5_max: 522
	F9_('S4', 'E4')_t3_min: 266
	F32_('S5', 'E5')_t5_max: 2859
	F0_('E4', 'S4')_t5_min: 54589
	F29_('S2', 'S3')_t3_min: 5994
	('S4', 'E4')_gcl_length: 22
	F24_('S2', 'E2')_t4_max: 127534
	F27_('S3', 'S2')_t3_min: 1528
	('S3', 'S2')_gcl_length: 170
	F34_('S4', 'S3')_t3_min: 29695
	F6_('E5', 'S5')_t5_max: 120681
	F39_('S3', 'S4')_t3_min: 775
	F23_('S5', 'S4')_tb: 61490
	F38_('E4', 'S4')_t3_min: 702
	F22_('S2', 'S1')_t5_min: 498
	F17_('S3', 'S4')_t5_min: 2010
	F13_('E2', 'S2')_t4_max: 3458
	F10_('S3', 'S2')_t3_max: 6817
	F28_('E4', 'S4')_tb: 937
	F25_('S4', 'S3')_t3_min: 5856
	F33_('S1', 'E1')_t5_max: 118955
	F25_('S1', 'E1')_t4_max: 6438
	F21_('S3', 'S4')_t3_min: 25644
	F5_('E1', 'S1')_tb: 22667
	F10_('E5', 'S5')_t4_min: 6573
	F4_('S1', 'E1')_t3_min: 760
	F6_('E5', 'S5')_tb: 120649
	F24_('S2', 'E2')_t5_min: 127583
	F7_('S1', 'E1')_t5_min: 13948
	F35_('E4', 'S4')_t5_min: 126925
	F32_('S5', 'E5')_tb: 2709
	F27_('E3', 'S3')_t4_min: 1501
	F14_('S2', 'E2')_tb: 2557
	F24_('E3', 'S3')_t4_min: 127298
	F38_('S3', 'S2')_t5_min: 1027
	F5_('S3', 'E3')_t5_min: 23137
	F31_('S3', 'E3')_t4_max: 63123
	F27_('S1', 'E1')_t3_min: 1582
	F37_('S3', 'S4')_t5_min: 123886
	F2_('S2', 'S3')_t5_min: 631
	F21_('E3', 'S3')_t5_max: 25642
	F21_('S3', 'S4')_t5_min: 25668
	F29_('E1', 'S1')_t4_max: 5873
	F31_('S2', 'S3')_tb: 62903
	F34_('S5', 'S4')_t3_min: 29528
	F12_('S4', 'S3')_t5_min: 63641
	F9_('E2', 'S2')_t5_min: 178
	F11_('S3', 'S4')_t5_max: 126774
	F33_('E2', 'S2')_tb: 118665
	F2_('S3', 'S4')_t5_max: 774
	F27_('S2', 'S1')_tb: 1555
	F24_('S3', 'S2')_t5_min: 127398
	F37_('S4', 'E4')_t5_min: 123924
	('S5', 'S4')_gcl_length: 80
	F27_('S3', 'S2')_tb: 1528
	F32_('S1', 'S2')_tb: 2477
	F32_('E1', 'S1')_t5_min: 2470
	F25_('S3', 'S2')_t3_min: 5919
	F27_('E3', 'S3')_t5_min: 1526
	F10_('E5', 'S5')_tb: 6573
	F31_('S2', 'S3')_t5_min: 62987
	F2_('E2', 'S2')_t5_min: 349
	F8_('S5', 'S4')_t5_min: 35926
	F17_('S5', 'E5')_t3_max: 2292
	F7_('E2', 'S2')_t3_min: 13809
	F32_('S3', 'S4')_tb: 2657
	F12_('S4', 'S3')_tb: 63543
	F14_('S4', 'S3')_t5_min: 2469
	F30_('S3', 'S4')_t5_max: 63603
	F39_('S3', 'S4')_t5_min: 882
	F22_('S4', 'S3')_t3_min: 143
