0. Flow F0 [E5-->E3] with period 32000, payload 793B, e2e delay 32000us, jitter 3200us
	('E5', 'S5'), Operation(23085, None, 23149)(23085, 23085)
	('S5', 'S4'), Operation(23151, None, 23344)(23151, 23280)
	('S4', 'S3'), Operation(23217, None, 23539)(23217, 23475)
	('S3', 'E3'), Operation(23283, None, 23734)(23283, 23670)
1. Flow F1 [E3-->E1] with period 128000, payload 524B, e2e delay 128000us, jitter 12800us
	('E3', 'S3'), Operation(73085, None, 73127)(73085, 73085)
	('S3', 'S2'), Operation(73129, None, 73300)(73129, 73258)
	('S2', 'S1'), Operation(73173, None, 73473)(73173, 73431)
	('S1', 'E1'), Operation(73217, None, 73646)(73217, 73604)
2. Flow F2 [E5-->E4] with period 128000, payload 739B, e2e delay 128000us, jitter 12800us
	('E5', 'S5'), Operation(121188, None, 121248)(121188, 121188)
	('S5', 'S4'), Operation(121250, None, 121439)(121250, 121379)
	('S4', 'E4'), Operation(121312, None, 121630)(121312, 121570)
3. Flow F3 [E4-->E2] with period 4000, payload 204B, e2e delay 4000us, jitter 400us
	('E4', 'S4'), Operation(3521, None, 3538)(3521, 3521)
	('S4', 'S3'), Operation(3540, None, 3686)(3540, 3669)
	('S3', 'S2'), Operation(3559, None, 3834)(3559, 3817)
	('S2', 'E2'), Operation(3578, None, 3982)(3578, 3965)
4. Flow F4 [E2-->E5] with period 8000, payload 1263B, e2e delay 8000us, jitter 800us
	('E2', 'S2'), Operation(5273, None, 5375)(5273, 5273)
	('S2', 'S3'), Operation(5377, None, 5608)(5377, 5506)
	('S3', 'S4'), Operation(5481, None, 5841)(5481, 5739)
	('S4', 'S5'), Operation(5585, None, 6074)(5585, 5972)
	('S5', 'E5'), Operation(5689, None, 6307)(5689, 6205)
5. Flow F5 [E3-->E2] with period 32000, payload 177B, e2e delay 32000us, jitter 3200us
	('E3', 'S3'), Operation(6098, None, 6113)(6098, 6098)
	('S3', 'S2'), Operation(6115, None, 6259)(6115, 6244)
	('S2', 'E2'), Operation(6132, None, 6405)(6132, 6390)
6. Flow F6 [E5-->E4] with period 8000, payload 175B, e2e delay 8000us, jitter 800us
	('E5', 'S5'), Operation(1007, None, 1021)(1007, 1007)
	('S5', 'S4'), Operation(1023, None, 1166)(1023, 1152)
	('S4', 'E4'), Operation(1039, None, 1311)(1039, 1297)
7. Flow F7 [E2-->E1] with period 128000, payload 185B, e2e delay 128000us, jitter 12800us
	('E2', 'S2'), Operation(110694, None, 110709)(110694, 110694)
	('S2', 'S1'), Operation(110711, None, 110855)(110711, 110840)
	('S1', 'E1'), Operation(110728, None, 111001)(110728, 110986)
8. Flow F8 [E4-->E1] with period 64000, payload 171B, e2e delay 64000us, jitter 6400us
	('E4', 'S4'), Operation(51254, None, 51268)(51254, 51254)
	('S4', 'S3'), Operation(51270, None, 51413)(51270, 51399)
	('S3', 'S2'), Operation(51286, None, 51558)(51286, 51544)
	('S2', 'S1'), Operation(51302, None, 51703)(51302, 51689)
	('S1', 'E1'), Operation(51318, None, 51848)(51318, 51834)
9. Flow F9 [E5-->E3] with period 32000, payload 569B, e2e delay 32000us, jitter 3200us
	('E5', 'S5'), Operation(5929, None, 5975)(5929, 5929)
	('S5', 'S4'), Operation(5977, None, 6152)(5977, 6106)
	('S4', 'S3'), Operation(6025, 6180, 6226)(6180, 6180)
	('S3', 'E3'), Operation(6228, None, 6403)(6228, 6357)
10. Flow F10 [E3-->E4] with period 32000, payload 144B, e2e delay 32000us, jitter 3200us
	('E3', 'S3'), Operation(10413, None, 10425)(10413, 10413)
	('S3', 'S4'), Operation(10427, 10432, 10444)(10432, 10432)
	('S4', 'E4'), Operation(10446, None, 10587)(10446, 10575)
11. Flow F11 [E5-->E4] with period 32000, payload 1518B, e2e delay 32000us, jitter 3200us
	('E5', 'S5'), Operation(30176, None, 30298)(30176, 30176)
	('S5', 'S4'), Operation(30300, 30305, 30427)(30305, 30305)
	('S4', 'E4'), Operation(30429, None, 30680)(30429, 30558)
12. Flow F12 [E2-->E4] with period 4000, payload 623B, e2e delay 4000us, jitter 400us
	('E2', 'S2'), Operation(446, None, 496)(446, 446)
	('S2', 'S3'), Operation(498, None, 677)(498, 627)
	('S3', 'S4'), Operation(550, 807, 857)(807, 807)
	('S4', 'E4'), Operation(859, None, 1038)(859, 988)
13. Flow F13 [E5-->E3] with period 8000, payload 1482B, e2e delay 8000us, jitter 800us
	('E5', 'S5'), Operation(653, None, 772)(653, 653)
	('S5', 'S4'), Operation(774, None, 1022)(774, 903)
	('S4', 'S3'), Operation(895, None, 1272)(895, 1153)
	('S3', 'E3'), Operation(1016, None, 1522)(1016, 1403)
14. Flow F14 [E1-->E5] with period 2000, payload 760B, e2e delay 2000us, jitter 200us
	('E1', 'S1'), Operation(1, None, 62)(1, 1)
	('S1', 'S2'), Operation(64, 105, 166)(105, 105)
	('S2', 'S3'), Operation(168, None, 358)(168, 297)
	('S3', 'S4'), Operation(231, 365, 426)(365, 365)
	('S4', 'S5'), Operation(428, 537, 598)(537, 537)
	('S5', 'E5'), Operation(600, None, 790)(600, 729)
15. Flow F15 [E5-->E1] with period 128000, payload 804B, e2e delay 128000us, jitter 12800us
	('E5', 'S5'), Operation(93013, None, 93078)(93013, 93013)
	('S5', 'S4'), Operation(93080, 93085, 93150)(93085, 93085)
	('S4', 'S3'), Operation(93152, 93157, 93222)(93157, 93157)
	('S3', 'S2'), Operation(93224, 93352, 93417)(93352, 93352)
	('S2', 'S1'), Operation(93419, None, 93613)(93419, 93548)
	('S1', 'E1'), Operation(93486, None, 93809)(93486, 93744)
16. Flow F16 [E4-->E5] with period 16000, payload 1392B, e2e delay 16000us, jitter 1600us
	('E4', 'S4'), Operation(1, None, 113)(1, 1)
	('S4', 'S5'), Operation(115, None, 356)(115, 244)
	('S5', 'E5'), Operation(229, None, 599)(229, 487)
17. Flow F17 [E2-->E3] with period 128000, payload 1020B, e2e delay 128000us, jitter 12800us
	('E2', 'S2'), Operation(125872, None, 125954)(125872, 125872)
	('S2', 'S3'), Operation(125956, None, 126167)(125956, 126085)
	('S3', 'E3'), Operation(126040, None, 126380)(126040, 126298)
18. Flow F18 [E2-->E5] with period 128000, payload 667B, e2e delay 128000us, jitter 12800us
	('E2', 'S2'), Operation(4622, None, 4676)(4622, 4622)
	('S2', 'S3'), Operation(4678, 4802, 4856)(4802, 4802)
	('S3', 'S4'), Operation(4858, 4863, 4917)(4863, 4863)
	('S4', 'S5'), Operation(4919, 4924, 4978)(4924, 4924)
	('S5', 'E5'), Operation(4980, None, 5163)(4980, 5109)
19. Flow F19 [E1-->E3] with period 64000, payload 1061B, e2e delay 64000us, jitter 6400us
	('E1', 'S1'), Operation(61307, None, 61392)(61307, 61307)
	('S1', 'S2'), Operation(61394, 61522, 61607)(61522, 61522)
	('S2', 'S3'), Operation(61609, None, 61823)(61609, 61738)
	('S3', 'E3'), Operation(61696, None, 62039)(61696, 61954)
20. Flow F20 [E4-->E3] with period 64000, payload 1171B, e2e delay 64000us, jitter 6400us
	('E4', 'S4'), Operation(63170, None, 63264)(63170, 63170)
	('S4', 'S3'), Operation(63266, None, 63489)(63266, 63395)
	('S3', 'E3'), Operation(63362, None, 63714)(63362, 63620)
21. Flow F21 [E5-->E1] with period 2000, payload 315B, e2e delay 2000us, jitter 200us
	('E5', 'S5'), Operation(125, None, 151)(125, 125)
	('S5', 'S4'), Operation(153, 199, 225)(199, 199)
	('S4', 'S3'), Operation(227, 232, 258)(232, 232)
	('S3', 'S2'), Operation(260, 388, 414)(388, 388)
	('S2', 'S1'), Operation(416, None, 571)(416, 545)
	('S1', 'E1'), Operation(444, 701, 727)(701, 701)
22. Flow F22 [E4-->E3] with period 64000, payload 318B, e2e delay 64000us, jitter 6400us
	('E4', 'S4'), Operation(63659, None, 63685)(63659, 63659)
	('S4', 'S3'), Operation(63687, None, 63842)(63687, 63816)
	('S3', 'E3'), Operation(63715, None, 63999)(63715, 63973)
23. Flow F23 [E1-->E4] with period 8000, payload 1408B, e2e delay 8000us, jitter 800us
	('E1', 'S1'), Operation(6063, None, 6176)(6063, 6063)
	('S1', 'S2'), Operation(6178, 6244, 6357)(6244, 6244)
	('S2', 'S3'), Operation(6359, 6364, 6477)(6364, 6364)
	('S3', 'S4'), Operation(6479, 6566, 6679)(6566, 6566)
	('S4', 'E4'), Operation(6681, None, 6923)(6681, 6810)
24. Flow F24 [E3-->E2] with period 128000, payload 995B, e2e delay 128000us, jitter 12800us
	('E3', 'S3'), Operation(127075, None, 127155)(127075, 127075)
	('S3', 'S2'), Operation(127157, None, 127366)(127157, 127286)
	('S2', 'E2'), Operation(127239, None, 127577)(127239, 127497)
25. Flow F25 [E1-->E3] with period 64000, payload 758B, e2e delay 64000us, jitter 6400us
	('E1', 'S1'), Operation(62352, None, 62413)(62352, 62352)
	('S1', 'S2'), Operation(62415, None, 62605)(62415, 62544)
	('S2', 'S3'), Operation(62478, None, 62797)(62478, 62736)
	('S3', 'E3'), Operation(62541, None, 62989)(62541, 62928)
26. Flow F26 [E5-->E2] with period 2000, payload 1287B, e2e delay 2000us, jitter 200us
	('E5', 'S5'), Operation(323, None, 426)(323, 323)
	('S5', 'S4'), Operation(428, None, 660)(428, 557)
	('S4', 'S3'), Operation(533, None, 894)(533, 791)
	('S3', 'S2'), Operation(638, None, 1128)(638, 1025)
	('S2', 'E2'), Operation(743, 1135, 1238)(1135, 1135)
27. Flow F27 [E5-->E4] with period 16000, payload 896B, e2e delay 16000us, jitter 1600us
	('E5', 'S5'), Operation(152, None, 224)(152, 152)
	('S5', 'S4'), Operation(226, None, 427)(226, 355)
	('S4', 'E4'), Operation(300, None, 630)(300, 558)
28. Flow F28 [E2-->E3] with period 64000, payload 1410B, e2e delay 64000us, jitter 6400us
	('E2', 'S2'), Operation(62760, None, 62873)(62760, 62760)
	('S2', 'S3'), Operation(62875, None, 63117)(62875, 63004)
	('S3', 'E3'), Operation(62990, None, 63361)(62990, 63248)
29. Flow F29 [E5-->E3] with period 16000, payload 505B, e2e delay 16000us, jitter 1600us
	('E5', 'S5'), Operation(13137, None, 13178)(13137, 13137)
	('S5', 'S4'), Operation(13180, None, 13350)(13180, 13309)
	('S4', 'S3'), Operation(13223, 13482, 13523)(13482, 13482)
	('S3', 'E3'), Operation(13525, None, 13695)(13525, 13654)

SMT variables: 
	F26_('S5', 'S4')_gc: False
	F13_('S5', 'S4')_t4_min: 774
	('S2', 'S3')_gcl_cycle: 128000
	F27_('S5', 'S4')_rr: 0
	F11_('S5', 'S4')_t4_min: 30305
	F29_('S3', 'E3')_t4_min: 13525
	F13_('S5', 'S4')_rr: 0
	F27_('E5', 'S5')_rr: 0
	F15_('E5', 'S5')_gc: False
	F8_('S3', 'S2')_t4_max: 51544
	F27_('S5', 'S4')_t4_min: 226
	F2_('S5', 'S4')_t4_max: 121379
	F21_('S2', 'S1')_t3_max: 421
	F1_('S3', 'S2')_t3_min: 73129
	F23_('S4', 'E4')_t5_min: 6794
	F7_queue_index: 0
	F25_('S2', 'S3')_gc: False
	('S4', 'S3')_gcl_cycle: 128000
	F0_('E5', 'S5')_rr: 0
	F2_('E5', 'S5')_rr: 0
	F26_('S3', 'S2')_t5_max: 1128
	F2_('S5', 'S4')_gc: False
	F10_('S3', 'S4')_rr: 4
	F21_('S2', 'S1')_rr: 0
	F11_('S5', 'S4')_t3_max: 30305
	F10_('S4', 'E4')_t4_max: 10575
	F16_('E4', 'S4')_gc: False
	F15_('S2', 'S1')_rr: 0
	F19_('S2', 'S3')_t4_max: 61738
	F5_('S3', 'S2')_t3_max: 6120
	F15_('S4', 'S3')_t4_min: 93157
	F22_queue_index: 0
	F23_('S2', 'S3')_t4_min: 6364
	F22_('S3', 'E3')_rr: 0
	F26_('S4', 'S3')_t4_max: 791
	F24_('S3', 'S2')_t4_max: 127286
	F7_('E2', 'S2')_t3_max: 110570
	F0_('S4', 'S3')_t4_max: 23475
	F6_('E5', 'S5')_gc: False
	F29_('S5', 'S4')_gc: False
	F27_('S4', 'E4')_t5_max: 630
	F14_('S5', 'E5')_rr: 0
	F20_('S4', 'S3')_rr: 0
	F8_('S3', 'S2')_t3_min: 51286
	F5_queue_index: 0
	F10_('S3', 'S4')_t4_min: 10432
	F25_('S2', 'S3')_t4_min: 62478
	F24_('E3', 'S3')_rr: 0
	F1_('S2', 'S1')_t4_max: 73431
	F15_('S3', 'S2')_t4_max: 93352
	F27_('E5', 'S5')_t3_min: 152
	F14_('S4', 'S5')_t3_max: 433
	F5_('E3', 'S3')_gc: False
	F0_('S5', 'S4')_t4_min: 23151
	F18_('S5', 'E5')_t4_min: 4980
	F12_('S4', 'E4')_gc: False
	F29_('S3', 'E3')_t4_max: 13654
	F11_('S4', 'E4')_rr: 0
	F1_('S1', 'E1')_gc: False
	F29_('S4', 'S3')_t4_max: 13482
	F3_('E4', 'S4')_t5_max: 3538
	F20_('S4', 'S3')_gc: False
	F4_('S3', 'S4')_gc: False
	F13_('S5', 'S4')_gc: False
	F12_('S3', 'S4')_gc: True
	F11_('S5', 'S4')_t4_max: 30305
	F13_jitter: 387
	F1_jitter: 387
	F22_('S4', 'S3')_gc: False
	F12_('S3', 'S4')_t4_min: 807
	F3_('E4', 'S4')_rr: 0
	F6_('S4', 'E4')_t3_max: 1173
	F15_jitter: 258
	F19_('E1', 'S1')_t3_max: 61183
	F14_('S2', 'S3')_gc: False
	F26_('S2', 'E2')_t4_min: 1135
	F9_('S5', 'S4')_t4_max: 6106
	F5_('E3', 'S3')_t3_max: 5974
	F13_('S5', 'S4')_t3_max: 779
	F29_('E5', 'S5')_gc: False
	F22_('S3', 'E3')_t4_min: 63715
	F0_('E5', 'S5')_t4_max: 23085
	F26_('S3', 'S2')_rr: 0
	F6_queue_index: 0
	F14_('E1', 'S1')_rr: 0
	F25_queue_index: 0
	F10_('S4', 'E4')_t3_min: 10446
	F10_('E3', 'S3')_rr: 0
	F22_('E4', 'S4')_rr: 0
	F25_('S2', 'S3')_t4_max: 62736
	F12_('E2', 'S2')_gc: False
	F16_('S4', 'S5')_gc: False
	F17_('S2', 'S3')_gc: False
	F18_('S2', 'S3')_t4_max: 4802
	F10_('E3', 'S3')_gc: False
	F25_('S2', 'S3')_t5_min: 62539
	('E2', 'S2')_gcl_cycle: 1
	F16_('S5', 'E5')_t4_min: 229
	F23_('S3', 'S4')_t4_min: 6566
	F3_('E4', 'S4')_t4_min: 3521
	F7_('S2', 'S1')_t4_min: 110711
	F26_('S5', 'S4')_rr: 0
	F0_('S5', 'S4')_t4_max: 23280
	F19_('E1', 'S1')_t4_min: 61307
	F18_('S3', 'S4')_t4_max: 4863
	F1_('S1', 'E1')_rr: 0
	F9_('S5', 'S4')_tb: 5977
	('S2', 'E2')_gcl_cycle: 2000
	F10_('S4', 'E4')_rr: 0
	F13_('S4', 'S3')_rr: 0
	F29_('S5', 'S4')_t4_min: 13180
	F14_('S2', 'S3')_rr: 0
	F24_('S2', 'E2')_t4_min: 127239
	F13_('S5', 'S4')_tb: 774
	F24_('S2', 'E2')_rr: 0
	F10_('S4', 'E4')_gc: False
	F23_('S2', 'S3')_rr: 16
	F14_('S4', 'S5')_gc: True
	F4_('S5', 'E5')_rr: 0
	F9_('S3', 'E3')_t3_max: 6233
	('S3', 'E3')_gcl_cycle: 1
	F1_('S2', 'S1')_t3_min: 73173
	F22_('E4', 'S4')_gc: False
	F8_('S1', 'E1')_gc: False
	F21_('S3', 'S2')_rr: 64
	F14_('S5', 'E5')_gc: False
	F4_('S2', 'S3')_t4_max: 5506
	F22_jitter: 258
	F28_('S3', 'E3')_gc: False
	F14_('S3', 'S4')_t3_max: 365
	F21_('S1', 'E1')_t4_min: 701
	F23_('S1', 'S2')_t3_max: 6183
	F8_('S3', 'S2')_gc: False
	F8_('S2', 'S1')_rr: 0
	F1_('S2', 'S1')_rr: 0
	F21_('S2', 'S1')_gc: False
	F28_jitter: 258
	F27_('E5', 'S5')_t4_min: 152
	F26_('S2', 'E2')_t3_min: 743
	F8_('S3', 'S2')_rr: 0
	F15_('S3', 'S2')_rr: 1
	F27_('E5', 'S5')_gc: False
	F18_('S3', 'S4')_rr: 1
	F15_('S1', 'E1')_t4_min: 93486
	F16_('S5', 'E5')_gc: False
	F26_('S3', 'S2')_t3_min: 638
	F4_('E2', 'S2')_gc: False
	F8_('E4', 'S4')_gc: False
	F20_('E4', 'S4')_rr: 0
	F2_('E5', 'S5')_gc: False
	F4_('S4', 'S5')_rr: 0
	F4_('S5', 'E5')_t4_min: 5689
	F14_('S1', 'S2')_t4_min: 105
	F26_('S4', 'S3')_t4_min: 533
	F14_('E1', 'S1')_t3_max: -123
	F2_('S4', 'E4')_t4_min: 121312
	F8_('S1', 'E1')_rr: 0
	F15_('S1', 'E1')_rr: 0
	F9_('S5', 'S4')_gc: False
	F6_('S4', 'E4')_rr: 0
	F16_('E4', 'S4')_t3_max: -123
	F9_('S5', 'S4')_t4_min: 5977
	F6_('S4', 'E4')_gc: False
	F10_('S3', 'S4')_t3_max: 10432
	F8_('S2', 'S1')_t4_min: 51302
	F23_('S1', 'S2')_t4_min: 6244
	F26_('S4', 'S3')_rr: 0
	F12_('S3', 'S4')_t3_min: 550
	F22_('S3', 'E3')_tb: 63715
	F18_('S5', 'E5')_rr: 0
	F23_('S2', 'S3')_t4_max: 6364
	F15_('S4', 'S3')_t4_max: 93157
	F25_('E1', 'S1')_t4_min: 62352
	F22_('S4', 'S3')_rr: 0
	F11_('E5', 'S5')_t3_max: 30052
	F16_('S4', 'S5')_t3_max: 120
	F3_('S2', 'E2')_t4_min: 3578
	F14_('S1', 'S2')_t4_max: 105
	F22_('S4', 'S3')_t4_min: 63687
	F18_('S4', 'S5')_t4_min: 4924
	F8_('E4', 'S4')_t3_max: 51130
	F13_('S4', 'S3')_gc: False
	F17_('S3', 'E3')_rr: 0
	F8_('S1', 'E1')_t4_min: 51318
	F28_('S2', 'S3')_t4_min: 62875
	F21_('S1', 'E1')_rr: 1
	F9_('E5', 'S5')_rr: 0
	F0_('S3', 'E3')_rr: 0
	F19_('S1', 'S2')_t4_max: 61522
	F9_('S4', 'S3')_t4_max: 6180
	F29_queue_index: 0
	F12_('S2', 'S3')_t4_min: 498
	F9_('S4', 'S3')_gc: True
	F8_jitter: 516
	F23_queue_index: 0
	('E1', 'S1')_gcl_cycle: 1
	F0_('E5', 'S5')_gc: False
	F25_('S1', 'S2')_gc: False
	F21_('S4', 'S3')_t4_min: 232
	F17_('E2', 'S2')_rr: 0
	F18_jitter: 129
	F28_('S2', 'S3')_t4_max: 63004
	F19_('E1', 'S1')_t4_max: 61307
	F5_('S3', 'S2')_t4_max: 6244
	F19_('S3', 'E3')_t4_min: 61696
	('S1', 'S2')_gcl_cycle: 64000
	F13_('S4', 'S3')_t4_min: 895
	F25_('S3', 'E3')_rr: 0
	F0_('S5', 'S4')_gc: False
	F22_('E4', 'S4')_t4_min: 63659
	F21_('S4', 'S3')_t4_max: 232
	F13_('S3', 'E3')_t4_min: 1016
	F20_('S4', 'S3')_t3_max: 63271
	F24_('E3', 'S3')_gc: False
	F29_('S5', 'S4')_t5_min: 13221
	F1_('S3', 'S2')_rr: 0
	F8_('S4', 'S3')_gc: False
	F16_('S5', 'E5')_rr: 0
	F21_jitter: 0
	F12_('S3', 'S4')_rr: 32
	F19_('E1', 'S1')_gc: False
	F27_('S5', 'S4')_t3_max: 231
	F26_('S2', 'E2')_t5_min: 1238
	F22_('E4', 'S4')_t3_max: 63535
	F4_('S4', 'S5')_t4_max: 5972
	F8_('E4', 'S4')_rr: 0
	F7_('E2', 'S2')_t5_min: 110709
	F15_('S5', 'S4')_t4_max: 93085
	F12_('S2', 'S3')_rr: 0
	F8_('S2', 'S1')_gc: False
	F29_('S4', 'S3')_t5_max: 13523
	F23_('S1', 'S2')_gc: True
	F2_('S5', 'S4')_t4_min: 121250
	F14_('S1', 'S2')_rr: 32
	F15_('S5', 'S4')_t4_min: 93085
	F19_('S1', 'S2')_t4_min: 61522
	F5_('S3', 'S2')_rr: 0
	F25_('S2', 'S3')_rr: 0
	F11_queue_index: 0
	F15_('S5', 'S4')_t3_max: 93085
	F5_jitter: 258
	F10_('E3', 'S3')_t3_max: 10289
	F22_('S3', 'E3')_gc: False
	F3_('S4', 'S3')_t4_min: 3540
	F8_('S3', 'S2')_tb: 51286
	F4_('S2', 'S3')_t4_min: 5377
	F3_('E4', 'S4')_t5_min: 3538
	F19_queue_index: 0
	F2_('S5', 'S4')_t3_min: 121250
	F11_('S5', 'S4')_rr: 4
	F23_('S2', 'S3')_gc: True
	F15_queue_index: 0
	F25_('S1', 'S2')_t4_min: 62415
	F26_jitter: 0
	F25_('S2', 'S3')_tb: 62478
	F18_('S2', 'S3')_rr: 1
	F4_('S5', 'E5')_gc: False
	F7_('S1', 'E1')_rr: 0
	F29_('E5', 'S5')_rr: 0
	F18_('S2', 'S3')_t4_min: 4802
	('S1', 'E1')_gcl_cycle: 2000
	F12_('E2', 'S2')_rr: 0
	F23_('S4', 'E4')_gc: False
	F12_('S4', 'E4')_t4_min: 859
	F14_('S5', 'E5')_t4_min: 600
	F23_('E1', 'S1')_gc: False
	F4_('S2', 'S3')_gc: False
	F2_('S5', 'S4')_t3_max: 121255
	F7_('E2', 'S2')_t4_max: 110694
	F26_('S5', 'S4')_t3_max: 433
	F12_('S2', 'S3')_tb: 498
	F19_('S1', 'S2')_rr: 1
	F6_('S5', 'S4')_gc: False
	F11_('S5', 'S4')_gc: True
	F21_('S3', 'S2')_t4_max: 388
	F12_('S2', 'S3')_gc: False
	F12_queue_index: 0
	F4_jitter: 516
	F20_queue_index: 0
	F19_('S2', 'S3')_rr: 0
	F23_('S3', 'S4')_gc: True
	F3_('S4', 'S3')_t3_max: 3545
	F6_('S5', 'S4')_t3_max: 1028
	F3_('S4', 'S3')_gc: False
	F5_('S3', 'S2')_gc: False
	F18_('S4', 'S5')_t4_max: 4924
	F13_('S3', 'E3')_rr: 0
	F9_('E5', 'S5')_t3_max: 5805
	F2_('S5', 'S4')_rr: 0
	F29_('E5', 'S5')_t3_max: 13013
	F18_('S5', 'E5')_gc: False
	F1_('E3', 'S3')_gc: False
	F19_('S1', 'S2')_gc: True
	F15_('S3', 'S2')_t4_min: 93352
	F9_('S5', 'S4')_t3_max: 5982
	F20_jitter: 258
	F5_('E3', 'S3')_t4_max: 6098
	F10_jitter: 129
	F10_('S3', 'S4')_t4_max: 10432
	F14_('S3', 'S4')_rr: 64
	F27_('S4', 'E4')_gc: False
	F15_('E5', 'S5')_rr: 0
	F14_queue_index: 0
	F26_('S2', 'E2')_gc: True
	F7_('S2', 'S1')_rr: 0
	F1_('S1', 'E1')_t4_min: 73217
	F21_('S3', 'S2')_tb: 388
	F0_jitter: 387
	F7_('S2', 'S1')_gc: False
	F10_('S4', 'E4')_t4_min: 10446
	F3_('S2', 'E2')_rr: 0
	F4_('S4', 'S5')_t4_min: 5585
	F21_('S5', 'S4')_t3_max: 158
	F6_('S5', 'S4')_t4_max: 1152
	F23_('E1', 'S1')_t3_max: 5939
	F11_('S4', 'E4')_gc: False
	F8_('S2', 'S1')_t3_max: 51565
	F14_('S2', 'S3')_t4_min: 168
	F13_('S4', 'S3')_t4_max: 1153
	F29_jitter: 129
	F27_('S5', 'S4')_t4_max: 355
	F23_('S1', 'S2')_rr: 8
	F2_('S4', 'E4')_gc: False
	F6_jitter: 258
	F18_queue_index: 0
	F24_('S3', 'S2')_t3_min: 127157
	F25_('E1', 'S1')_gc: False
	F9_jitter: 129
	F2_('S4', 'E4')_t3_min: 121312
	F3_queue_index: 0
	F7_('E2', 'S2')_gc: False
	F15_('S4', 'S3')_t5_min: 93222
	F26_('E5', 'S5')_gc: False
	F28_('S2', 'S3')_t3_max: 62880
	F29_('S4', 'S3')_t4_min: 13482
	F15_('S2', 'S1')_t4_min: 93419
	F29_('E5', 'S5')_t5_max: 13178
	F8_('S4', 'S3')_t3_max: 51275
	F4_('S3', 'S4')_rr: 0
	F9_('E5', 'S5')_gc: False
	F7_('S2', 'S1')_t3_max: 110716
	F14_('S1', 'S2')_t3_max: 69
	F9_('S3', 'E3')_rr: 0
	F23_('S4', 'E4')_rr: 0
	F0_queue_index: 0
	F4_('E2', 'S2')_t3_max: 5149
	F16_queue_index: 0
	F28_queue_index: 0
	F15_('S2', 'S1')_t4_max: 93548
	F20_('S3', 'E3')_t4_min: 63362
	F21_('S1', 'E1')_gc: True
	F26_('S3', 'S2')_t4_min: 638
	F6_('E5', 'S5')_t3_min: 1007
	F25_('S3', 'E3')_t4_min: 62541
	F27_('S5', 'S4')_gc: False
	F3_('S2', 'E2')_t3_max: 3841
	F15_('S5', 'S4')_tb: 93085
	F4_('S3', 'S4')_t4_min: 5481
	F22_('S4', 'S3')_tb: 63687
	F4_('S5', 'E5')_t3_max: 6081
	F21_('S5', 'S4')_rr: 64
	F14_('S4', 'S5')_t4_max: 537
	F17_('S3', 'E3')_gc: False
	F25_('S1', 'S2')_t4_max: 62544
	F9_('S3', 'E3')_gc: False
	F28_('S2', 'S3')_gc: False
	F24_('S2', 'E2')_tb: 127239
	F15_('S4', 'S3')_gc: True
	F6_('E5', 'S5')_rr: 0
	('E5', 'S5')_gcl_cycle: 1
	F5_('S3', 'S2')_t5_min: 6130
	F19_('S3', 'E3')_gc: False
	F9_('S4', 'S3')_rr: 4
	('S3', 'S4')_gcl_length: 234
	F21_('S4', 'S3')_gc: True
	F17_('S3', 'E3')_t4_min: 126040
	F0_('S3', 'E3')_t3_max: 23546
	F8_('S4', 'S3')_t4_max: 51399
	('E3', 'S3')_gcl_cycle: 1
	F24_jitter: 258
	F17_('S2', 'S3')_rr: 0
	F25_('E1', 'S1')_rr: 0
	F1_('S2', 'S1')_gc: False
	F22_('S4', 'S3')_t4_max: 63816
	F9_('S4', 'S3')_t4_min: 6180
	F1_('S3', 'S2')_t3_max: 73134
	F4_('S3', 'S4')_t3_max: 5615
	F11_('E5', 'S5')_rr: 0
	F26_('S5', 'S4')_t4_min: 428
	F18_('S4', 'S5')_gc: True
	F15_('S5', 'S4')_gc: True
	F7_jitter: 258
	F2_queue_index: 0
	('S2', 'S1')_gcl_cycle: 1
	F4_('S3', 'S4')_t4_max: 5739
	F18_('S3', 'S4')_t4_min: 4863
	F23_('S1', 'S2')_t4_max: 6244
	F8_('S4', 'S3')_t3_min: 51270
	F18_('E2', 'S2')_rr: 0
	F24_('S3', 'S2')_rr: 0
	F13_queue_index: 0
	F1_('S3', 'S2')_t4_max: 73258
	F19_('S1', 'S2')_t3_max: 61399
	F8_('S4', 'S3')_rr: 0
	F9_('E5', 'S5')_t5_min: 5975
	F3_('S3', 'S2')_rr: 0
	F29_('S3', 'E3')_gc: False
	F24_('E3', 'S3')_t3_max: 126951
	F26_('S4', 'S3')_gc: False
	F18_('S2', 'S3')_gc: True
	F11_jitter: 129
	F0_('E5', 'S5')_t3_max: 22961
	F1_('E3', 'S3')_t5_max: 73127
	F29_('S5', 'S4')_t4_max: 13309
	F3_('E4', 'S4')_gc: False
	F20_('S4', 'S3')_t4_min: 63266
	F26_('E5', 'S5')_tb: 323
	F24_('S2', 'E2')_gc: False
	F14_('S3', 'S4')_t4_max: 365
	F18_('E2', 'S2')_t3_max: 4498
	F27_jitter: 258
	F27_('S4', 'E4')_t4_min: 300
	F1_('E3', 'S3')_rr: 0
	F13_('E5', 'S5')_gc: False
	F25_jitter: 387
	F10_('S3', 'S4')_gc: True
	F4_('S2', 'S3')_t3_max: 5382
	F19_('S3', 'E3')_rr: 0
	F7_('S2', 'S1')_t4_max: 110840
	F21_queue_index: 0
	F17_('S2', 'S3')_t4_max: 126085
	F24_('S3', 'S2')_t3_max: 127162
	F26_queue_index: 0
	F12_('S2', 'S3')_t3_max: 503
	F14_('S5', 'E5')_t3_max: 605
	F5_('S3', 'S2')_t4_min: 6115
	F4_('S4', 'S5')_gc: False
	F1_('S3', 'S2')_gc: False
	F8_('E4', 'S4')_t4_max: 51254
	F28_('E2', 'S2')_gc: False
	F23_('S3', 'S4')_rr: 16
	F7_('S1', 'E1')_gc: False
	F24_('S3', 'S2')_t4_min: 127157
	F4_queue_index: 0
	F16_('E4', 'S4')_rr: 0
	F19_('E1', 'S1')_rr: 0
	F0_('S4', 'S3')_gc: False
	F11_('E5', 'S5')_gc: False
	F26_('S2', 'E2')_rr: 1
	F28_('S3', 'E3')_t4_min: 62990
	F14_('S3', 'S4')_gc: True
	F6_('S5', 'S4')_t4_min: 1023
	F14_('S1', 'S2')_gc: True
	F26_('S3', 'S2')_gc: False
	F5_('S2', 'E2')_rr: 0
	F17_('S2', 'S3')_t3_max: 125961
	F16_('S4', 'S5')_tb: 115
	F13_('S3', 'E3')_t5_min: 1135
	F27_('E5', 'S5')_t3_max: 28
	F14_jitter: 129
	F29_('S5', 'S4')_rr: 0
	F15_('S2', 'S1')_gc: False
	F15_('S5', 'S4')_t3_min: 93080
	F22_('E4', 'S4')_tb: 63659
	F24_('S3', 'S2')_gc: False
	F10_queue_index: 0
	F3_('S2', 'E2')_t4_max: 3965
	F15_('S4', 'S3')_rr: 1
	F7_('E2', 'S2')_rr: 0
	F8_('S2', 'S1')_t4_max: 51689
	F3_('S4', 'S3')_t4_max: 3669
	F21_('S5', 'S4')_gc: True
	F8_('S4', 'S3')_t4_min: 51270
	F3_('S2', 'E2')_gc: False
	F7_('S1', 'E1')_t4_min: 110728
	F25_('S3', 'E3')_gc: False
	F0_('S5', 'S4')_t3_max: 23156
	F23_('S3', 'S4')_t4_max: 6566
	F14_('S3', 'S4')_t3_min: 231
	F8_('S4', 'S3')_t5_max: 51413
	F13_('E5', 'S5')_t3_max: 529
	F16_('S4', 'S5')_rr: 0
	F23_('E1', 'S1')_rr: 0
	F18_('E2', 'S2')_t5_min: 4676
	F12_('S2', 'S3')_t4_max: 627
	F13_('E5', 'S5')_rr: 0
	F14_('S4', 'S5')_t4_min: 537
	F21_('S1', 'E1')_t5_min: 727
	('E4', 'S4')_gcl_cycle: 1
	F28_('S2', 'S3')_rr: 0
	F21_('S5', 'S4')_t4_max: 199
	F28_('E2', 'S2')_t4_max: 62760
	F1_('S3', 'S2')_t4_min: 73129
	F1_('S2', 'S1')_t4_min: 73173
	F23_('S4', 'E4')_t4_min: 6681
	F26_('S3', 'S2')_t4_max: 1025
	('S4', 'S5')_gcl_cycle: 128000
	F3_('E4', 'S4')_t4_max: 3521
	F14_('S4', 'S5')_rr: 64
	F29_('S4', 'S3')_rr: 8
	F1_('E3', 'S3')_t3_max: 72961
	('S3', 'S4')_gcl_cycle: 128000
	F3_jitter: 387
	F27_queue_index: 0
	F5_('S2', 'E2')_tb: 6132
	('S5', 'S4')_gcl_cycle: 128000
	F21_('S5', 'S4')_t4_min: 199
	F17_jitter: 258
	F19_('S2', 'S3')_gc: False
	F21_('S3', 'S2')_t4_min: 388
	F0_('S4', 'S3')_rr: 0
	F2_('S4', 'E4')_rr: 0
	F25_('S1', 'S2')_t3_max: 62420
	F4_('E2', 'S2')_t4_min: 5273
	F9_queue_index: 0
	F4_('S2', 'S3')_rr: 0
	F12_('E2', 'S2')_t3_max: 322
	F20_('E4', 'S4')_gc: False
	F11_('S4', 'E4')_t4_min: 30429
	F8_('S3', 'S2')_t3_max: 51420
	F26_('E5', 'S5')_t3_max: 199
	F12_jitter: 129
	F2_('S4', 'E4')_t5_min: 121372
	F0_('S5', 'S4')_rr: 0
	F17_('E2', 'S2')_t3_max: 125748
	F17_queue_index: 0
	F17_('S2', 'S3')_t4_min: 125956
	F0_('S3', 'E3')_gc: False
	F15_('S5', 'S4')_rr: 1
	F20_('E4', 'S4')_t3_max: 63046
	F6_('S4', 'E4')_t4_min: 1039
	F23_('S3', 'S4')_t5_min: 6679
	F14_('S3', 'S4')_t4_min: 365
	F17_('E2', 'S2')_gc: False
	F8_queue_index: 0
	F8_('S2', 'S1')_t5_max: 51703
	F3_('E4', 'S4')_t3_max: 3397
	F3_('S3', 'S2')_gc: False
	F15_('S1', 'E1')_gc: False
	F26_('S5', 'S4')_t4_max: 557
	F20_('S4', 'S3')_t4_max: 63395
	F29_('S4', 'S3')_gc: True
	F5_('E3', 'S3')_rr: 0
	F14_('S2', 'S3')_t4_max: 297
	F28_('S3', 'E3')_rr: 0
	F20_('E4', 'S4')_tb: 63170
	('S3', 'S2')_gcl_cycle: 128000
	F12_('S4', 'E4')_rr: 0
	F23_jitter: 129
	F15_('S3', 'S2')_gc: True
	F12_('S3', 'S4')_t4_max: 807
	F21_('S2', 'S1')_t4_max: 545
	F2_('E5', 'S5')_t3_max: 121064
	F18_('S4', 'S5')_rr: 1
	F20_('S3', 'E3')_gc: False
	F10_('S4', 'E4')_t5_max: 10587
	('S5', 'E5')_gcl_cycle: 1
	F14_('E1', 'S1')_gc: False
	F17_('S2', 'S3')_tb: 125956
	F14_('S2', 'S3')_t3_min: 168
	F27_('S4', 'E4')_rr: 0
	F28_('E2', 'S2')_rr: 0
	F29_('S3', 'E3')_rr: 0
	F1_queue_index: 0
	F25_('E1', 'S1')_t3_max: 62228
	F9_('S5', 'S4')_rr: 0
	F22_('S4', 'S3')_t3_max: 63692
	F21_('E5', 'S5')_rr: 0
	F19_jitter: 258
	F21_('E5', 'S5')_t3_max: 1
	F2_jitter: 258
	F8_('S3', 'S2')_t4_min: 51286
	F21_('S3', 'S2')_gc: True
	F16_('S4', 'S5')_t4_max: 244
	F3_('S3', 'S2')_t4_max: 3817
	F19_('S2', 'S3')_t4_min: 61609
	F0_('S3', 'E3')_t4_min: 23283
	F9_('S3', 'E3')_t4_min: 6228
	F16_jitter: 258
	F3_('S3', 'S2')_t4_min: 3559
	F21_('E5', 'S5')_gc: False
	F0_('S4', 'S3')_t4_min: 23217
	F13_('S3', 'E3')_gc: False
	F29_('S5', 'S4')_t3_max: 13185
	F11_('S5', 'S4')_t3_min: 30300
	F7_('S1', 'E1')_t3_min: 110728
	F21_('S2', 'S1')_t4_min: 416
	F18_('S4', 'S5')_t5_min: 4978
	F4_('E2', 'S2')_rr: 0
	F28_('E2', 'S2')_t3_max: 62636
	F18_('E2', 'S2')_gc: False
	F18_('S3', 'S4')_gc: True
	('S4', 'E4')_gcl_cycle: 1
	F25_('S1', 'S2')_rr: 0
	F20_('S3', 'E3')_rr: 0
	F6_('E5', 'S5')_t3_max: 883
	F5_('S2', 'E2')_t4_min: 6132
	F15_('E5', 'S5')_t3_max: 92889
	F24_queue_index: 0
	F18_('S2', 'S3')_t3_max: 4683
	F3_('S4', 'S3')_rr: 0
	F21_('S4', 'S3')_rr: 64
	F0_('E5', 'S5')_t5_max: 23149
	F6_('S5', 'S4')_rr: 0
	F13_('S5', 'S4')_t4_max: 903
	F16_('S4', 'S5')_t4_min: 115
	F26_('E5', 'S5')_rr: 0
	F5_('S2', 'E2')_gc: False
	F1_('E3', 'S3')_t5_min: 73127
	F3_('S4', 'S3')_tb: 3540
	F27_('E5', 'S5')_t4_max: 152
	F1_('E3', 'S3')_t3_min: 73085
	F14_('S5', 'E5')_t5_min: 661
	F19_('S2', 'S3')_tb: 61609
	F13_('E5', 'S5')_t3_min: 653
	F25_('S3', 'E3')_t4_max: 62928
	F7_('S2', 'S1')_t5_min: 110726
	F23_('E1', 'S1')_t3_min: 6063
	F23_('E1', 'S1')_t5_max: 6176
	F22_('S3', 'E3')_t4_max: 63973
	F17_('S3', 'E3')_t3_min: 126040
	F14_('S2', 'S3')_tb: 168
	F11_('S5', 'S4')_tb: 30305
	F21_('S2', 'S1')_t5_max: 571
	F26_('E5', 'S5')_t3_min: 323
	F0_('S5', 'S4')_t5_min: 23215
	F29_('E5', 'S5')_t4_min: 13137
	F1_('E3', 'S3')_t4_min: 73085
	F7_('S1', 'E1')_t5_max: 111001
	F17_('S3', 'E3')_t3_max: 126174
	F8_('S4', 'S3')_t5_min: 51284
	F5_('S2', 'E2')_t3_max: 6266
	F23_('S4', 'E4')_t5_max: 6923
	F5_('E3', 'S3')_t5_min: 6113
	F21_('S2', 'S1')_t3_min: 416
	F9_('S3', 'E3')_t4_max: 6357
	F9_('S3', 'E3')_t3_min: 6228
	F27_('S5', 'S4')_t5_max: 427
	F25_('E1', 'S1')_t5_max: 62413
	F12_('E2', 'S2')_t4_min: 446
	F21_('S2', 'S1')_t5_min: 442
	F18_('S2', 'S3')_t5_max: 4856
	F14_('S1', 'S2')_t3_min: 64
	F25_('S1', 'S2')_t3_min: 62415
	F25_('E1', 'S1')_t4_max: 62352
	F8_('S1', 'E1')_tb: 51318
	F4_('S5', 'E5')_t5_min: 5791
	F13_('S3', 'E3')_t3_min: 1016
	F28_('E2', 'S2')_tb: 62760
	F24_('E3', 'S3')_t3_min: 127075
	F14_('S5', 'E5')_tb: 600
	F29_('S3', 'E3')_t3_min: 13525
	F15_('S3', 'S2')_t5_max: 93417
	F0_('S3', 'E3')_t3_min: 23283
	F16_('S4', 'S5')_t3_min: 115
	F14_('S4', 'S5')_t5_min: 598
	F12_('S4', 'E4')_t4_max: 988
	F15_('S2', 'S1')_t3_max: 93424
	F14_('S4', 'S5')_t5_max: 598
	F21_('S4', 'S3')_tb: 232
	F14_('S4', 'S5')_tb: 537
	F9_('S5', 'S4')_t5_min: 6023
	F19_('S3', 'E3')_t5_min: 61781
	F1_('S1', 'E1')_t3_min: 73217
	F13_('E5', 'S5')_t4_max: 653
	F8_('E4', 'S4')_t3_min: 51254
	('S5', 'E5')_gcl_length: 0
	F28_('S3', 'E3')_t5_min: 63103
	F29_('S3', 'E3')_t3_max: 13530
	F13_('S5', 'S4')_t3_min: 774
	F1_('S1', 'E1')_t3_max: 73480
	F5_('E3', 'S3')_t5_max: 6113
	F3_('E4', 'S4')_t3_min: 3521
	F16_('S4', 'S5')_t5_min: 227
	F14_('S1', 'S2')_tb: 105
	F9_('S3', 'E3')_t5_min: 6274
	F8_('S2', 'S1')_t5_min: 51316
	F0_('S5', 'S4')_t5_max: 23344
	F1_('S2', 'S1')_t3_max: 73307
	F0_('E5', 'S5')_t4_min: 23085
	F18_('E2', 'S2')_tb: 4622
	F28_('S3', 'E3')_t4_max: 63248
	F16_('E4', 'S4')_t4_min: 1
	F15_('S4', 'S3')_t3_min: 93152
	F3_('S3', 'S2')_t5_min: 3576
	F10_('E3', 'S3')_t5_min: 10425
	F14_('S2', 'S3')_t5_min: 229
	F26_('S4', 'S3')_t5_max: 894
	('S1', 'S2')_gcl_length: 82
	F17_('S3', 'E3')_t4_max: 126298
	F21_('S2', 'S1')_tb: 416
	F14_('S5', 'E5')_t4_max: 729
	F12_('E2', 'S2')_t5_max: 496
	F9_('E5', 'S5')_t4_min: 5929
	F6_('E5', 'S5')_t4_min: 1007
	F10_('E3', 'S3')_t3_min: 10413
	F25_('S3', 'E3')_t5_min: 62602
	F9_('E5', 'S5')_t4_max: 5929
	F3_('S4', 'S3')_t3_min: 3540
	F19_('S3', 'E3')_tb: 61696
	('S1', 'E1')_gcl_length: 2
	F3_('E4', 'S4')_tb: 3521
	F23_('S4', 'E4')_t3_max: 6686
	F23_('S2', 'S3')_t3_min: 6359
	F4_('S3', 'S4')_tb: 5481
	F19_('S3', 'E3')_t3_max: 61830
	F13_('S3', 'E3')_tb: 1016
	F8_('E4', 'S4')_t5_max: 51268
	F1_('S1', 'E1')_t5_min: 73259
	F26_('S4', 'S3')_t3_max: 667
	F18_('S3', 'S4')_t5_max: 4917
	F29_('S3', 'E3')_t5_max: 13695
	F0_('S3', 'E3')_t5_min: 23347
	F26_('S3', 'S2')_tb: 638
	F19_('S2', 'S3')_t3_max: 61614
	F5_('E3', 'S3')_tb: 6098
	F2_('S4', 'E4')_tb: 121312
	F27_('E5', 'S5')_t5_min: 224
	F28_('E2', 'S2')_t5_max: 62873
	F14_('S3', 'S4')_t5_min: 426
	F29_('S5', 'S4')_tb: 13180
	F2_('S5', 'S4')_t5_max: 121439
	F15_('S2', 'S1')_t3_min: 93419
	F6_('S5', 'S4')_tb: 1023
	F26_('S4', 'S3')_tb: 533
	F15_('E5', 'S5')_t4_max: 93013
	F4_('S3', 'S4')_t5_max: 5841
	F21_('S5', 'S4')_tb: 199
	F20_('S3', 'E3')_tb: 63362
	F29_('S4', 'S3')_t3_max: 13357
	F2_('E5', 'S5')_t5_max: 121248
	F23_('S2', 'S3')_t3_max: 6364
	F8_('S1', 'E1')_t3_min: 51318
	F19_('S1', 'S2')_t5_max: 61607
	F23_('S2', 'S3')_t5_max: 6477
	F22_('S3', 'E3')_t3_min: 63715
	F21_('S3', 'S2')_t5_min: 414
	F9_('E5', 'S5')_tb: 5929
	F19_('S2', 'S3')_t5_max: 61823
	F10_('S4', 'E4')_tb: 10446
	F11_('S4', 'E4')_tb: 30429
	('S2', 'S3')_gcl_length: 34
	F14_('S1', 'S2')_t5_min: 166
	F23_('E1', 'S1')_t5_min: 6176
	F11_('E5', 'S5')_tb: 30176
	F8_('S4', 'S3')_tb: 51270
	F4_('S2', 'S3')_t5_min: 5479
	F29_('S3', 'E3')_t5_min: 13566
	F18_('S5', 'E5')_t3_min: 4980
	F9_('S4', 'S3')_t5_min: 6226
	F27_('S4', 'E4')_t3_min: 300
	F20_('S3', 'E3')_t3_min: 63362
	F0_('S5', 'S4')_tb: 23151
	F28_('S2', 'S3')_t5_max: 63117
	F19_('S3', 'E3')_t4_max: 61954
	F21_('E5', 'S5')_t3_min: 125
	F22_('E4', 'S4')_t5_max: 63685
	F18_('S5', 'E5')_tb: 4980
	F28_('S3', 'E3')_tb: 62990
	F0_('S4', 'S3')_t3_min: 23217
	F27_('S4', 'E4')_t5_min: 372
	F18_('S5', 'E5')_t4_max: 5109
	F0_('S3', 'E3')_tb: 23283
	F15_('S2', 'S1')_tb: 93419
	F6_('S4', 'E4')_t4_max: 1297
	F2_('S5', 'S4')_tb: 121250
	F21_('S4', 'S3')_t5_min: 258
	F21_('S1', 'E1')_t3_max: 578
	F29_('E5', 'S5')_tb: 13137
	('S2', 'S1')_gcl_length: 0
	F15_('S3', 'S2')_tb: 93352
	F3_('S3', 'S2')_t5_max: 3834
	F3_('S2', 'E2')_tb: 3578
	F26_('E5', 'S5')_t5_max: 426
	F22_('E4', 'S4')_t5_min: 63685
	F6_('E5', 'S5')_t4_max: 1007
	F8_('E4', 'S4')_t5_min: 51268
	F5_('S2', 'E2')_t5_max: 6405
	F8_('S1', 'E1')_t4_max: 51834
	F6_('S4', 'E4')_t5_min: 1053
	F10_('S3', 'S4')_t5_min: 10444
	F24_('S3', 'S2')_tb: 127157
	F4_('E2', 'S2')_tb: 5273
	F16_('S5', 'E5')_t3_max: 363
	F24_('E3', 'S3')_t5_min: 127155
	('S3', 'E3')_gcl_length: 0
	F22_('S3', 'E3')_t5_max: 63999
	F20_('E4', 'S4')_t3_min: 63170
	F14_('S2', 'S3')_t5_max: 358
	F12_('E2', 'S2')_t4_max: 446
	F15_('S2', 'S1')_t5_min: 93484
	F13_('S3', 'E3')_t3_max: 1279
	F3_('S4', 'S3')_t5_min: 3557
	F9_('S5', 'S4')_t3_min: 5977
	F25_('S1', 'S2')_tb: 62415
	F21_('E5', 'S5')_t4_max: 125
	F11_('E5', 'S5')_t5_min: 30298
	('E2', 'S2')_gcl_length: 0
	F4_('S4', 'S5')_t5_max: 6074
	F2_('E5', 'S5')_tb: 121188
	F19_('S2', 'S3')_t5_min: 61694
	F26_('S5', 'S4')_tb: 428
	F20_('E4', 'S4')_t4_max: 63170
	F26_('S2', 'E2')_t3_max: 1135
	F13_('E5', 'S5')_t4_min: 653
	F26_('S5', 'S4')_t5_max: 660
	F13_('S5', 'S4')_t5_max: 1022
	F10_('S3', 'S4')_t5_max: 10444
	F4_('S2', 'S3')_t5_max: 5608
	F0_('S5', 'S4')_t3_min: 23151
	F6_('E5', 'S5')_t5_min: 1021
	F18_('S3', 'S4')_tb: 4863
	F24_('S2', 'E2')_t5_max: 127577
	F15_('S3', 'S2')_t3_min: 93224
	F4_('S4', 'S5')_t5_min: 5687
	F16_('S5', 'E5')_t5_max: 599
	F17_('E2', 'S2')_t4_max: 125872
	F12_('S3', 'S4')_t5_min: 857
	F12_('S4', 'E4')_t5_min: 909
	F1_('S3', 'S2')_tb: 73129
	F25_('E1', 'S1')_t5_min: 62413
	F5_('S2', 'E2')_t4_max: 6390
	F4_('S5', 'E5')_t3_min: 5689
	F6_('S5', 'S4')_t5_max: 1166
	F2_('E5', 'S5')_t5_min: 121248
	F14_('E1', 'S1')_t3_min: 1
	F9_('S4', 'S3')_t3_max: 6159
	F18_('S2', 'S3')_tb: 4802
	F13_('S3', 'E3')_t5_max: 1522
	F5_('S3', 'S2')_t5_max: 6259
	F3_('S3', 'S2')_t3_max: 3693
	F27_('E5', 'S5')_t5_max: 224
	F20_('S4', 'S3')_tb: 63266
	F13_('S4', 'S3')_t3_max: 1029
	F2_('E5', 'S5')_t4_max: 121188
	('S4', 'S5')_gcl_length: 130
	F1_('S1', 'E1')_tb: 73217
	F25_('S2', 'S3')_t3_min: 62478
	F27_('S4', 'E4')_t3_max: 434
	F16_('E4', 'S4')_t4_max: 1
	F12_('E2', 'S2')_tb: 446
	F25_('S2', 'S3')_t3_max: 62612
	F3_('S3', 'S2')_tb: 3559
	F3_('S3', 'S2')_t3_min: 3559
	F16_('S5', 'E5')_t4_max: 487
	F15_('E5', 'S5')_tb: 93013
	F8_('S2', 'S1')_tb: 51302
	F9_('S5', 'S4')_t5_max: 6152
	F24_('S3', 'S2')_t5_max: 127366
	F4_('S5', 'E5')_t5_max: 6307
	F28_('S2', 'S3')_tb: 62875
	F12_('S3', 'S4')_t3_max: 684
	F9_('S4', 'S3')_tb: 6180
	F9_('S4', 'S3')_t5_max: 6226
	F9_('E5', 'S5')_t5_max: 5975
	F9_('S4', 'S3')_t3_min: 6025
	F22_('E4', 'S4')_t3_min: 63659
	F2_('E5', 'S5')_t3_min: 121188
	F12_('E2', 'S2')_t5_min: 496
	F1_('S1', 'E1')_t5_max: 73646
	F10_('E3', 'S3')_t4_max: 10413
	F14_('S4', 'S5')_t3_min: 428
	F4_('S5', 'E5')_t4_max: 6205
	F17_('S2', 'S3')_t3_min: 125956
	('E4', 'S4')_gcl_length: 0
	F13_('S3', 'E3')_t4_max: 1403
	F11_('S4', 'E4')_t4_max: 30558
	F8_('S1', 'E1')_t5_max: 51848
	F11_('S5', 'S4')_t5_min: 30427
	F7_('E2', 'S2')_tb: 110694
	('S2', 'E2')_gcl_length: 2
	F7_('S1', 'E1')_tb: 110728
	F25_('S3', 'E3')_t3_max: 62804
	F10_('E3', 'S3')_t4_min: 10413
	F17_('E2', 'S2')_t3_min: 125872
	F19_('S3', 'E3')_t3_min: 61696
	F27_('S5', 'S4')_t3_min: 226
	F14_('E1', 'S1')_t5_min: 62
	F3_('S2', 'E2')_t5_max: 3982
	F15_('S1', 'E1')_tb: 93486
	F6_('S4', 'E4')_t5_max: 1311
	F12_('S3', 'S4')_t5_max: 857
	F22_('S3', 'E3')_t5_min: 63741
	F5_('S2', 'E2')_t5_min: 6147
	F21_('S1', 'E1')_t4_max: 701
	F0_('E5', 'S5')_t3_min: 23085
	F20_('S3', 'E3')_t5_max: 63714
	F25_('S3', 'E3')_t5_max: 62989
	F27_('S5', 'S4')_t5_min: 298
	F22_('S3', 'E3')_t3_max: 63849
	F17_('S2', 'S3')_t5_max: 126167
	F4_('S4', 'S5')_t3_max: 5848
	F2_('S4', 'E4')_t3_max: 121446
	F7_('E2', 'S2')_t4_min: 110694
	F2_('S4', 'E4')_t5_max: 121630
	F5_('E3', 'S3')_t4_min: 6098
	F7_('S2', 'S1')_t5_max: 110855
	F10_('E3', 'S3')_tb: 10413
	('E1', 'S1')_gcl_length: 0
	F29_('S3', 'E3')_tb: 13525
	F27_('S5', 'S4')_tb: 226
	F26_('S4', 'S3')_t3_min: 533
	F23_('S1', 'S2')_t3_min: 6178
	F26_('S2', 'E2')_tb: 1135
	F21_('E5', 'S5')_t5_max: 151
	F20_('S3', 'E3')_t3_max: 63496
	F8_('S3', 'S2')_t5_min: 51300
	F23_('E1', 'S1')_tb: 6063
	F17_('E2', 'S2')_tb: 125872
	F15_('S5', 'S4')_t5_min: 93150
	F19_('E1', 'S1')_tb: 61307
	F8_('E4', 'S4')_t4_min: 51254
	F12_('E2', 'S2')_t3_min: 446
	F28_('E2', 'S2')_t4_min: 62760
	F21_('S3', 'S2')_t5_max: 414
	F14_('E1', 'S1')_t4_max: 1
	F7_('S2', 'S1')_t3_min: 110711
	F8_('S1', 'E1')_t5_min: 51332
	F7_('S1', 'E1')_t3_max: 110862
	F18_('S5', 'E5')_t5_min: 5034
	F7_('E2', 'S2')_t5_max: 110709
	F1_('S2', 'S1')_t5_min: 73215
	F29_('S4', 'S3')_t5_min: 13523
	F25_('S3', 'E3')_tb: 62541
	F21_('E5', 'S5')_tb: 125
	F8_('S2', 'S1')_t3_min: 51302
	F4_('E2', 'S2')_t5_min: 5375
	F12_('S4', 'E4')_t3_min: 859
	F0_('S4', 'S3')_tb: 23217
	F15_('S4', 'S3')_t3_max: 93157
	F18_('S3', 'S4')_t5_min: 4917
	F4_('E2', 'S2')_t5_max: 5375
	F24_('E3', 'S3')_t5_max: 127155
	F26_('S4', 'S3')_t5_min: 636
	F18_('S2', 'S3')_t3_min: 4678
	F24_('S2', 'E2')_t3_min: 127239
	F3_('S4', 'S3')_t5_max: 3686
	F4_('S3', 'S4')_t3_min: 5481
	F18_('S5', 'E5')_t3_max: 4985
	F10_('E3', 'S3')_t5_max: 10425
	F12_('S3', 'S4')_tb: 807
	F3_('S2', 'E2')_t3_min: 3578
	F28_('E2', 'S2')_t5_min: 62873
	F7_('S2', 'S1')_tb: 110711
	F18_('S4', 'S5')_tb: 4924
	F15_('S1', 'E1')_t4_max: 93744
	F16_('E4', 'S4')_t3_min: 1
	F28_('S3', 'E3')_t3_min: 62990
	F10_('S4', 'E4')_t3_max: 10451
	F29_('E5', 'S5')_t5_min: 13178
	F13_('S4', 'S3')_t5_max: 1272
	F7_('S1', 'E1')_t4_max: 110986
	F3_('S2', 'E2')_t5_min: 3595
	F2_('E5', 'S5')_t4_min: 121188
	F23_('S1', 'S2')_tb: 6244
	F22_('E4', 'S4')_t4_max: 63659
	F4_('S5', 'E5')_tb: 5689
	F15_('S3', 'S2')_t3_max: 93229
	F28_('S3', 'E3')_t3_max: 63124
	F23_('S3', 'S4')_t3_max: 6484
	F1_('S2', 'S1')_tb: 73173
	F11_('E5', 'S5')_t4_min: 30176
	F6_('S5', 'S4')_t3_min: 1023
	F1_('S2', 'S1')_t5_max: 73473
	F26_('S2', 'E2')_t4_max: 1135
	F14_('E1', 'S1')_tb: 1
	F19_('S1', 'S2')_t3_min: 61394
	F13_('E5', 'S5')_tb: 653
	F18_('E2', 'S2')_t4_min: 4622
	F6_('S4', 'E4')_tb: 1039
	F1_('E3', 'S3')_tb: 73085
	F28_('S2', 'S3')_t3_min: 62875
	F12_('S4', 'E4')_t3_max: 864
	F27_('S4', 'E4')_t4_max: 558
	F20_('S3', 'E3')_t4_max: 63620
	F26_('S3', 'S2')_t3_max: 901
	F23_('S1', 'S2')_t5_max: 6357
	F14_('S1', 'S2')_t5_max: 166
	F16_('S5', 'E5')_t3_min: 229
	F4_('S4', 'S5')_t3_min: 5585
	F15_('S1', 'E1')_t5_min: 93551
	F11_('E5', 'S5')_t5_max: 30298
	F21_('S1', 'E1')_t5_max: 727
	F22_('S4', 'S3')_t5_max: 63842
	F21_('E5', 'S5')_t4_min: 125
	F2_('S4', 'E4')_t4_max: 121570
	F22_('S4', 'S3')_t5_min: 63713
	F4_('E2', 'S2')_t4_max: 5273
	F1_('S3', 'S2')_t5_min: 73171
	F10_('S3', 'S4')_t3_min: 10427
	F23_('S3', 'S4')_t3_min: 6479
	F9_('S3', 'E3')_tb: 6228
	F1_('S1', 'E1')_t4_max: 73604
	F16_('S5', 'E5')_t5_min: 341
	F19_('S2', 'S3')_t3_min: 61609
	F4_('E2', 'S2')_t3_min: 5273
	F15_('S1', 'E1')_t3_max: 93620
	F12_('S2', 'S3')_t3_min: 498
	F11_('S4', 'E4')_t3_min: 30429
	F23_('S4', 'E4')_t4_max: 6810
	F16_('E4', 'S4')_t5_max: 113
	F12_('S2', 'S3')_t5_min: 548
	F12_('S4', 'E4')_tb: 859
	F26_('S5', 'S4')_t3_min: 428
	F15_('S1', 'E1')_t5_max: 93809
	F21_('S5', 'S4')_t3_min: 153
	F25_('E1', 'S1')_tb: 62352
	F13_('S4', 'S3')_tb: 895
	F5_('E3', 'S3')_t3_min: 6098
	F26_('E5', 'S5')_t4_max: 323
	F2_('S5', 'S4')_t5_min: 121310
	F17_('S2', 'S3')_t5_min: 126038
	F9_('S3', 'E3')_t5_max: 6403
	F20_('E4', 'S4')_t5_min: 63264
	F23_('E1', 'S1')_t4_min: 6063
	F21_('S4', 'S3')_t5_max: 258
	('S4', 'E4')_gcl_length: 0
	F21_('S5', 'S4')_t5_min: 225
	F11_('S4', 'E4')_t5_min: 30551
	F24_('S2', 'E2')_t3_max: 127373
	F24_('S2', 'E2')_t4_max: 127497
	('S3', 'S2')_gcl_length: 130
	F21_('S3', 'S2')_t3_max: 265
	F19_('S1', 'S2')_t5_min: 61607
	F6_('E5', 'S5')_t5_max: 1021
	F27_('E5', 'S5')_tb: 152
	F21_('S4', 'S3')_t3_max: 232
	F23_('S1', 'S2')_t5_min: 6357
	F15_('E5', 'S5')_t5_max: 93078
	F18_('S4', 'S5')_t3_max: 4924
	F29_('E5', 'S5')_t4_max: 13137
	F29_('S4', 'S3')_tb: 13482
	F8_('S1', 'E1')_t3_max: 51710
	F15_('S2', 'S1')_t5_max: 93613
	F8_('E4', 'S4')_tb: 51254
	F17_('S3', 'E3')_t5_max: 126380
	F29_('S4', 'S3')_t3_min: 13223
	F16_('E4', 'S4')_t5_min: 113
	F23_('S4', 'E4')_tb: 6681
	('E5', 'S5')_gcl_length: 0
	F21_('S5', 'S4')_t5_max: 225
	F6_('E5', 'S5')_tb: 1007
	F11_('E5', 'S5')_t3_min: 30176
	F13_('S5', 'S4')_t5_min: 893
	F24_('S2', 'E2')_t5_min: 127319
	F14_('S3', 'S4')_t5_max: 426
	F7_('S1', 'E1')_t5_min: 110743
	F26_('E5', 'S5')_t4_min: 323
	F18_('S4', 'S5')_t5_max: 4978
	F1_('E3', 'S3')_t4_max: 73085
	F15_('E5', 'S5')_t3_min: 93013
	('E3', 'S3')_gcl_length: 0
	F21_('S1', 'E1')_tb: 701
	F24_('E3', 'S3')_t4_min: 127075
	F20_('S4', 'S3')_t3_min: 63266
	F18_('S5', 'E5')_t5_max: 5163
	F0_('S4', 'S3')_t5_max: 23539
	F18_('E2', 'S2')_t4_max: 4622
	F19_('E1', 'S1')_t5_max: 61392
	F15_('S4', 'S3')_tb: 93157
	F25_('S2', 'S3')_t5_max: 62797
	F5_('S2', 'E2')_t3_min: 6132
	F17_('S3', 'E3')_tb: 126040
	F26_('S5', 'S4')_t5_min: 531
	F23_('S2', 'S3')_tb: 6364
	F17_('S3', 'E3')_t5_min: 126122
	F0_('S3', 'E3')_t5_max: 23734
	F20_('S3', 'E3')_t5_min: 63456
	F19_('E1', 'S1')_t5_min: 61392
	F0_('S4', 'S3')_t3_max: 23351
	F20_('S4', 'S3')_t5_min: 63360
	F20_('E4', 'S4')_t5_max: 63264
	F9_('E5', 'S5')_t3_min: 5929
	F23_('S2', 'S3')_t5_min: 6477
	F14_('S5', 'E5')_t3_min: 600
	F24_('S3', 'S2')_t5_min: 127237
	F29_('E5', 'S5')_t3_min: 13137
	('S5', 'S4')_gcl_length: 138
	F17_('E2', 'S2')_t5_min: 125954
	F15_('E5', 'S5')_t5_min: 93078
	F8_('S3', 'S2')_t5_max: 51558
	F29_('S5', 'S4')_t3_min: 13180
	F23_('S4', 'E4')_t3_min: 6681
	F5_('S3', 'S2')_tb: 6115
	F18_('E2', 'S2')_t3_min: 4622
	F0_('S3', 'E3')_t4_max: 23670
	F13_('S4', 'S3')_t3_min: 895
	F12_('S2', 'S3')_t5_max: 677
	F11_('S4', 'E4')_t3_max: 30434
	F4_('S2', 'S3')_t3_min: 5377
	F10_('S4', 'E4')_t5_min: 10458
	F18_('S4', 'S5')_t3_min: 4919
	F7_('E2', 'S2')_t3_min: 110694
	F5_('S3', 'S2')_t3_min: 6115
	F23_('E1', 'S1')_t4_max: 6063
	F24_('E3', 'S3')_t4_max: 127075
	F21_('S4', 'S3')_t3_min: 227
	F22_('S4', 'S3')_t3_min: 63687
	F21_('S1', 'E1')_t3_min: 444
	F1_('S3', 'S2')_t5_max: 73300
	F18_('S3', 'S4')_t3_min: 4858
	F13_('E5', 'S5')_t5_min: 772
	F23_('S3', 'S4')_t5_max: 6679
	F17_('E2', 'S2')_t5_max: 125954
	F20_('E4', 'S4')_t4_min: 63170
	F28_('E2', 'S2')_t3_min: 62760
	F26_('S3', 'S2')_t5_min: 741
	F14_('E1', 'S1')_t5_max: 62
	F6_('S5', 'S4')_t5_min: 1037
	F14_('E1', 'S1')_t4_min: 1
	F25_('S3', 'E3')_t3_min: 62541
	F19_('E1', 'S1')_t3_min: 61307
	F25_('S1', 'S2')_t5_max: 62605
	F11_('S5', 'S4')_t5_max: 30427
	F23_('S3', 'S4')_tb: 6566
	F15_('S4', 'S3')_t5_max: 93222
	F4_('S4', 'S5')_tb: 5585
	F0_('E5', 'S5')_tb: 23085
	F18_('E2', 'S2')_t5_max: 4676
	F28_('S3', 'E3')_t5_max: 63361
	F24_('E3', 'S3')_tb: 127075
	F27_('S4', 'E4')_tb: 300
	F14_('S2', 'S3')_t3_max: 173
	F14_('S3', 'S4')_tb: 365
	F13_('E5', 'S5')_t5_max: 772
	F6_('S4', 'E4')_t3_min: 1039
	F11_('E5', 'S5')_t4_max: 30176
	F29_('S5', 'S4')_t5_max: 13350
	F16_('E4', 'S4')_tb: 1
	('S4', 'S3')_gcl_length: 154
	F10_('S3', 'S4')_tb: 10432
	F21_('S3', 'S2')_t3_min: 260
	F0_('S4', 'S3')_t5_min: 23281
	F16_('S4', 'S5')_t5_max: 356
	F4_('S2', 'S3')_tb: 5377
	F15_('S3', 'S2')_t5_min: 93417
	F21_('E5', 'S5')_t5_min: 151
	F18_('S2', 'S3')_t5_min: 4856
	F26_('S2', 'E2')_t5_max: 1238
	F20_('S4', 'S3')_t5_max: 63489
	F19_('S3', 'E3')_t5_max: 62039
	F15_('S1', 'E1')_t3_min: 93486
	F14_('S5', 'E5')_t5_max: 790
	F25_('E1', 'S1')_t3_min: 62352
	F25_('S1', 'S2')_t5_min: 62476
	F15_('E5', 'S5')_t4_min: 93013
	F12_('S4', 'E4')_t5_max: 1038
	F0_('E5', 'S5')_t5_min: 23149
	F4_('S3', 'S4')_t5_min: 5583
	F13_('S4', 'S3')_t5_min: 1014
	F26_('E5', 'S5')_t5_min: 426
	F28_('S2', 'S3')_t5_min: 62988
	F11_('S4', 'E4')_t5_max: 30680
	F18_('S3', 'S4')_t3_max: 4863
	F15_('S5', 'S4')_t5_max: 93150
	F19_('S1', 'S2')_tb: 61522
	F17_('E2', 'S2')_t4_min: 125872
	F16_('S5', 'E5')_tb: 229
