0. Flow F0 [E4-->E1] with period 64000, payload 362B, e2e delay 64000us, jitter 6400us
	('E4', 'S4'), Operation(18202, None, 18231)(18202, 18202)
	('S4', 'S3'), Operation(18233, 18238, 18267)(18238, 18238)
	('S3', 'S2'), Operation(18269, 18274, 18303)(18274, 18274)
	('S2', 'S1'), Operation(18305, 18310, 18339)(18310, 18310)
	('S1', 'E1'), Operation(18341, None, 18499)(18341, 18470)
1. Flow F1 [E4-->E1] with period 64000, payload 601B, e2e delay 64000us, jitter 6400us
	('E4', 'S4'), Operation(50162, None, 50211)(50162, 50162)
	('S4', 'S3'), Operation(50213, 50218, 50267)(50218, 50218)
	('S3', 'S2'), Operation(50269, 50274, 50323)(50274, 50274)
	('S2', 'S1'), Operation(50325, None, 50503)(50325, 50454)
	('S1', 'E1'), Operation(50376, 50510, 50559)(50510, 50510)
2. Flow F2 [E2-->E5] with period 8000, payload 130B, e2e delay 8000us, jitter 800us
	('E2', 'S2'), Operation(6232, None, 6243)(6232, 6232)
	('S2', 'S3'), Operation(6245, 6250, 6261)(6250, 6250)
	('S3', 'S4'), Operation(6263, 6268, 6279)(6268, 6268)
	('S4', 'S5'), Operation(6281, None, 6421)(6281, 6410)
	('S5', 'E5'), Operation(6294, None, 6563)(6294, 6552)
3. Flow F3 [E3-->E5] with period 128000, payload 353B, e2e delay 128000us, jitter 12800us
	('E3', 'S3'), Operation(85908, None, 85937)(85908, 85908)
	('S3', 'S4'), Operation(85939, 85944, 85973)(85944, 85944)
	('S4', 'S5'), Operation(85975, None, 86133)(85975, 86104)
	('S5', 'E5'), Operation(86006, None, 86293)(86006, 86264)
4. Flow F4 [E5-->E1] with period 8000, payload 1176B, e2e delay 8000us, jitter 800us
	('E5', 'S5'), Operation(2074, None, 2169)(2074, 2074)
	('S5', 'S4'), Operation(2171, None, 2395)(2171, 2300)
	('S4', 'S3'), Operation(2268, 2402, 2497)(2402, 2402)
	('S3', 'S2'), Operation(2499, 2504, 2599)(2504, 2504)
	('S2', 'S1'), Operation(2601, None, 2825)(2601, 2730)
	('S1', 'E1'), Operation(2698, None, 3051)(2698, 2956)
5. Flow F5 [E1-->E3] with period 32000, payload 1447B, e2e delay 32000us, jitter 3200us
	('E1', 'S1'), Operation(3187, None, 3303)(3187, 3187)
	('S1', 'S2'), Operation(3305, None, 3550)(3305, 3434)
	('S2', 'S3'), Operation(3423, None, 3797)(3423, 3681)
	('S3', 'E3'), Operation(3541, None, 4044)(3541, 3928)
6. Flow F6 [E5-->E4] with period 128000, payload 394B, e2e delay 128000us, jitter 12800us
	('E5', 'S5'), Operation(122362, None, 122394)(122362, 122362)
	('S5', 'S4'), Operation(122396, 122401, 122433)(122401, 122401)
	('S4', 'E4'), Operation(122435, None, 122596)(122435, 122564)
7. Flow F7 [E2-->E1] with period 128000, payload 551B, e2e delay 128000us, jitter 12800us
	('E2', 'S2'), Operation(126899, None, 126944)(126899, 126899)
	('S2', 'S1'), Operation(126946, 126951, 126996)(126951, 126951)
	('S1', 'E1'), Operation(126998, None, 127172)(126998, 127127)
8. Flow F8 [E5-->E3] with period 64000, payload 1057B, e2e delay 64000us, jitter 6400us
	('E5', 'S5'), Operation(1224, None, 1309)(1224, 1224)
	('S5', 'S4'), Operation(1311, None, 1525)(1311, 1440)
	('S4', 'S3'), Operation(1398, 1532, 1617)(1532, 1532)
	('S3', 'E3'), Operation(1619, None, 1833)(1619, 1748)
9. Flow F9 [E2-->E4] with period 2000, payload 507B, e2e delay 2000us, jitter 200us
	('E2', 'S2'), Operation(1, None, 42)(1, 1)
	('S2', 'S3'), Operation(44, None, 214)(44, 173)
	('S3', 'S4'), Operation(87, 221, 262)(221, 221)
	('S4', 'E4'), Operation(264, None, 434)(264, 393)
10. Flow F10 [E5-->E1] with period 8000, payload 406B, e2e delay 8000us, jitter 800us
	('E5', 'S5'), Operation(1113, None, 1146)(1113, 1113)
	('S5', 'S4'), Operation(1148, None, 1310)(1148, 1277)
	('S4', 'S3'), Operation(1183, 1317, 1350)(1317, 1317)
	('S3', 'S2'), Operation(1352, 1357, 1390)(1357, 1357)
	('S2', 'S1'), Operation(1392, None, 1554)(1392, 1521)
	('S1', 'E1'), Operation(1427, None, 1718)(1427, 1685)
11. Flow F11 [E3-->E5] with period 128000, payload 1117B, e2e delay 128000us, jitter 12800us
	('E3', 'S3'), Operation(127618, None, 127708)(127618, 127618)
	('S3', 'S4'), Operation(127710, 127715, 127805)(127715, 127715)
	('S4', 'S5'), Operation(127807, 127812, 127902)(127812, 127812)
	('S5', 'E5'), Operation(127904, 127909, 127999)(127909, 127909)
12. Flow F12 [E4-->E3] with period 64000, payload 1215B, e2e delay 64000us, jitter 6400us
	('E4', 'S4'), Operation(63191, None, 63289)(63191, 63191)
	('S4', 'S3'), Operation(63291, None, 63518)(63291, 63420)
	('S3', 'E3'), Operation(63391, None, 63747)(63391, 63649)
13. Flow F13 [E2-->E4] with period 4000, payload 876B, e2e delay 4000us, jitter 400us
	('E2', 'S2'), Operation(2378, None, 2449)(2378, 2378)
	('S2', 'S3'), Operation(2451, None, 2651)(2451, 2580)
	('S3', 'S4'), Operation(2524, None, 2853)(2524, 2782)
	('S4', 'E4'), Operation(2597, None, 3055)(2597, 2984)
14. Flow F14 [E4-->E2] with period 32000, payload 1040B, e2e delay 32000us, jitter 3200us
	('E4', 'S4'), Operation(17754, None, 17838)(17754, 17754)
	('S4', 'S3'), Operation(17840, None, 18053)(17840, 17969)
	('S3', 'S2'), Operation(17926, None, 18268)(17926, 18184)
	('S2', 'E2'), Operation(18012, None, 18483)(18012, 18399)
15. Flow F15 [E1-->E3] with period 8000, payload 1164B, e2e delay 8000us, jitter 800us
	('E1', 'S1'), Operation(3623, None, 3717)(3623, 3623)
	('S1', 'S2'), Operation(3719, None, 3942)(3719, 3848)
	('S2', 'S3'), Operation(3815, 3949, 4043)(3949, 3949)
	('S3', 'E3'), Operation(4045, None, 4268)(4045, 4174)
16. Flow F16 [E4-->E2] with period 16000, payload 516B, e2e delay 16000us, jitter 1600us
	('E4', 'S4'), Operation(1574, None, 1616)(1574, 1574)
	('S4', 'S3'), Operation(1618, None, 1789)(1618, 1747)
	('S3', 'S2'), Operation(1662, 1796, 1838)(1796, 1796)
	('S2', 'E2'), Operation(1840, None, 2011)(1840, 1969)
17. Flow F17 [E1-->E5] with period 4000, payload 186B, e2e delay 4000us, jitter 400us
	('E1', 'S1'), Operation(3143, None, 3158)(3143, 3143)
	('S1', 'S2'), Operation(3160, None, 3304)(3160, 3289)
	('S2', 'S3'), Operation(3177, 3311, 3326)(3311, 3311)
	('S3', 'S4'), Operation(3328, 3333, 3348)(3333, 3333)
	('S4', 'S5'), Operation(3350, 3355, 3370)(3355, 3355)
	('S5', 'E5'), Operation(3372, None, 3516)(3372, 3501)
18. Flow F18 [E2-->E3] with period 128000, payload 1426B, e2e delay 128000us, jitter 12800us
	('E2', 'S2'), Operation(126783, None, 126898)(126783, 126783)
	('S2', 'S3'), Operation(126900, None, 127144)(126900, 127029)
	('S3', 'E3'), Operation(127017, None, 127390)(127017, 127275)
19. Flow F19 [E2-->E3] with period 8000, payload 1423B, e2e delay 8000us, jitter 800us
	('E2', 'S2'), Operation(6536, None, 6650)(6536, 6536)
	('S2', 'S3'), Operation(6652, 6657, 6771)(6657, 6657)
	('S3', 'E3'), Operation(6773, None, 7016)(6773, 6902)

SMT variables: 
	F9_('S4', 'E4')_gc: False
	F9_('S3', 'S4')_t3_max: 221
	('S2', 'S3')_gcl_cycle: 8000
	F0_('S2', 'S1')_rr: 2
	F1_('E4', 'S4')_t3_max: 50038
	F1_('S3', 'S2')_t3_min: 50269
	('S4', 'S3')_gcl_cycle: 64000
	F2_('E2', 'S2')_t3_min: 6232
	F1_('S4', 'S3')_gc: True
	F7_queue_index: 0
	F3_('S4', 'S5')_gc: False
	F12_('S4', 'S3')_t4_min: 63291
	F4_('E5', 'S5')_tb: 2074
	F5_('S2', 'S3')_rr: 0
	F2_('S5', 'E5')_t4_max: 6552
	F15_('E1', 'S1')_t4_min: 3623
	F16_('E4', 'S4')_gc: False
	F16_('S2', 'E2')_tb: 1840
	F9_('S2', 'S3')_t4_min: 44
	F19_('S2', 'S3')_t4_max: 6657
	F7_('E2', 'S2')_t5_min: 126944
	F0_('E4', 'S4')_rr: 0
	F13_('E2', 'S2')_gc: False
	F13_('E2', 'S2')_rr: 0
	F9_('S3', 'S4')_rr: 64
	F7_('E2', 'S2')_t3_max: 126775
	F3_('S5', 'E5')_t4_min: 86006
	F0_('S4', 'S3')_t4_max: 18238
	F6_('E5', 'S5')_gc: False
	F11_('S4', 'S5')_gc: True
	F5_('S1', 'S2')_t4_min: 3305
	F5_queue_index: 0
	F9_('S3', 'S4')_t4_min: 221
	F14_('E4', 'S4')_t3_max: 17630
	F11_('S3', 'S4')_t5_min: 127805
	F1_('S4', 'S3')_rr: 1
	F5_('E1', 'S1')_t3_max: 3063
	F1_('S2', 'S1')_t4_max: 50454
	F7_('E2', 'S2')_t4_max: 126899
	F1_('S1', 'E1')_gc: True
	F17_('S4', 'S5')_gc: True
	F8_('S3', 'E3')_gc: False
	F5_('S3', 'E3')_t4_min: 3541
	F10_('S3', 'S2')_t4_min: 1357
	F13_('S4', 'E4')_t4_min: 2597
	F14_('E4', 'S4')_t5_max: 17838
	F13_('E2', 'S2')_tb: 2378
	F14_('S3', 'S2')_t5_min: 18010
	F13_jitter: 387
	F1_jitter: 0
	F13_('S3', 'S4')_t4_min: 2524
	F5_('S2', 'S3')_t4_min: 3423
	F14_('S2', 'E2')_t4_min: 18012
	F16_('S2', 'E2')_t4_min: 1840
	F3_('S5', 'E5')_t3_min: 86006
	F15_jitter: 129
	F4_('S5', 'S4')_rr: 0
	F14_('S3', 'S2')_t4_min: 17926
	F18_('S3', 'E3')_gc: False
	F4_('S3', 'S2')_t4_min: 2504
	F10_('S3', 'S2')_t4_max: 1357
	F8_('S5', 'S4')_tb: 1311
	F0_('S2', 'S1')_tb: 18310
	F6_queue_index: 0
	F8_('E5', 'S5')_gc: False
	F4_('S1', 'E1')_gc: False
	F17_('E1', 'S1')_t3_max: 3019
	F16_('S4', 'S3')_t4_max: 1747
	F18_('S2', 'S3')_t4_max: 127029
	F17_('S2', 'S3')_gc: True
	F14_('S2', 'E2')_t3_max: 18275
	F2_('E2', 'S2')_t3_max: 6108
	('E2', 'S2')_gcl_cycle: 1
	F7_('S2', 'S1')_t4_min: 126951
	('S2', 'E2')_gcl_cycle: 1
	F1_('S1', 'E1')_rr: 1
	F5_('S3', 'E3')_rr: 0
	F10_('E5', 'S5')_t3_min: 1113
	F15_('S3', 'E3')_t4_min: 4045
	F2_('S4', 'S5')_t3_min: 6281
	F9_('S2', 'S3')_gc: False
	F9_('E2', 'S2')_t3_min: 1
	F9_('S3', 'S4')_t5_min: 262
	F5_('S2', 'S3')_t4_max: 3681
	F1_('E4', 'S4')_t5_max: 50211
	F9_('S3', 'S4')_t4_max: 221
	F9_('S2', 'S3')_rr: 0
	F11_('S3', 'S4')_rr: 1
	F8_('S4', 'S3')_t3_min: 1398
	('S3', 'E3')_gcl_cycle: 1
	F17_('S3', 'S4')_t3_max: 3333
	F17_('S3', 'S4')_rr: 32
	F17_('S1', 'S2')_t4_max: 3289
	F4_('S2', 'S1')_gc: False
	F1_('S4', 'S3')_t4_min: 50218
	F5_('S2', 'S3')_gc: False
	F4_('S1', 'E1')_rr: 0
	('S3', 'S4')_gcl_length: 228
	F1_('S2', 'S1')_rr: 0
	F10_('E5', 'S5')_t3_max: 989
	F13_('S3', 'S4')_t5_min: 2595
	F5_('S1', 'S2')_rr: 0
	F3_('S4', 'S5')_t3_min: 85975
	F5_('S3', 'E3')_t5_max: 4044
	F16_('S4', 'S3')_t4_min: 1618
	F10_('S3', 'S2')_gc: True
	F2_('S3', 'S4')_t4_max: 6268
	F4_('S3', 'S2')_rr: 8
	F6_('S4', 'E4')_rr: 0
	F16_('E4', 'S4')_t3_max: 1450
	F11_('E3', 'S3')_t5_min: 127708
	F6_('S4', 'E4')_gc: False
	F4_('E5', 'S5')_t3_max: 1950
	F3_('E3', 'S3')_t3_max: 85784
	F5_('S1', 'S2')_gc: False
	F4_('E5', 'S5')_t5_min: 2169
	F0_('S1', 'E1')_rr: 0
	F17_('E1', 'S1')_gc: False
	F12_('S3', 'E3')_rr: 0
	F10_('S4', 'S3')_rr: 8
	F13_('S3', 'S4')_rr: 0
	F0_('E4', 'S4')_t3_max: 18078
	F4_('S2', 'S1')_rr: 0
	F18_('S3', 'E3')_rr: 0
	F4_('S5', 'S4')_t3_min: 2171
	F8_('S5', 'S4')_t4_max: 1440
	F3_('S3', 'S4')_rr: 1
	F4_('S3', 'S2')_t4_max: 2504
	F14_('S3', 'S2')_rr: 0
	F17_('S4', 'S5')_t5_max: 3370
	F10_('S2', 'S1')_t3_min: 1392
	F0_('S1', 'E1')_tb: 18341
	F8_jitter: 129
	F4_('S5', 'S4')_t4_max: 2300
	('E1', 'S1')_gcl_cycle: 1
	F0_('S1', 'E1')_gc: False
	F16_('S4', 'S3')_t3_min: 1618
	F1_('S2', 'S1')_t3_min: 50325
	F3_('S3', 'S4')_gc: True
	F18_jitter: 258
	F13_('S2', 'S3')_rr: 0
	F4_('E5', 'S5')_rr: 0
	F11_('S3', 'S4')_gc: True
	F19_('S3', 'E3')_t4_min: 6773
	('S1', 'S2')_gcl_cycle: 1
	F4_('S4', 'S3')_gc: True
	F10_('E5', 'S5')_gc: False
	F10_('S4', 'S3')_gc: True
	F17_('S5', 'E5')_rr: 0
	F10_('S2', 'S1')_gc: False
	F11_('S3', 'S4')_t4_min: 127715
	F13_('S3', 'S4')_t4_max: 2782
	F18_('S3', 'E3')_t4_min: 127017
	F14_('S4', 'S3')_rr: 0
	F15_('E1', 'S1')_rr: 0
	F1_('S3', 'S2')_rr: 1
	F8_('S4', 'S3')_gc: True
	F10_('S5', 'S4')_gc: False
	F5_('S3', 'E3')_gc: False
	F4_('S5', 'S4')_gc: False
	F4_('S2', 'S1')_t4_min: 2601
	F8_('E5', 'S5')_tb: 1224
	F5_('S2', 'S3')_t5_min: 3539
	F11_queue_index: 0
	F0_('S2', 'S1')_gc: True
	F5_jitter: 387
	F11_('S4', 'S5')_t3_max: 127812
	F17_('S4', 'S5')_t4_min: 3355
	F19_queue_index: 0
	F15_queue_index: 0
	F4_('E5', 'S5')_t4_max: 2074
	F18_('S3', 'E3')_t3_min: 127017
	F18_('S2', 'S3')_rr: 0
	F7_('S1', 'E1')_rr: 0
	F11_('E3', 'S3')_rr: 0
	F18_('S2', 'S3')_t4_min: 126900
	F3_('S3', 'S4')_t4_min: 85944
	F3_('S5', 'E5')_gc: False
	F4_('S5', 'S4')_t4_min: 2171
	('S1', 'E1')_gcl_cycle: 64000
	F0_('S2', 'S1')_t4_max: 18310
	F9_('S4', 'E4')_rr: 0
	F11_('S4', 'S5')_rr: 1
	F12_('E4', 'S4')_t3_max: 63067
	F6_('S5', 'S4')_gc: True
	F12_queue_index: 0
	F4_jitter: 258
	F3_('S4', 'S5')_rr: 0
	F17_('S5', 'E5')_tb: 3372
	F19_('S2', 'S3')_rr: 1
	F8_('S5', 'S4')_t4_min: 1311
	F14_('S2', 'E2')_rr: 0
	F8_('S3', 'E3')_t4_min: 1619
	F10_('S4', 'S3')_t3_max: 1317
	F3_('S4', 'S5')_t4_min: 85975
	F10_jitter: 258
	F14_queue_index: 0
	F2_('S5', 'E5')_t3_max: 6428
	F8_('E5', 'S5')_t3_max: 1100
	F15_('S3', 'E3')_gc: False
	F10_('S5', 'S4')_t4_min: 1148
	F7_('S2', 'S1')_rr: 1
	F1_('S1', 'E1')_t4_min: 50510
	F11_('S5', 'E5')_t4_min: 127909
	F2_('S3', 'S4')_t4_min: 6268
	F0_jitter: 129
	F7_('S2', 'S1')_gc: True
	F6_('E5', 'S5')_t3_min: 122362
	F0_('S3', 'S2')_t4_max: 18274
	F19_('E2', 'S2')_gc: False
	F17_('S2', 'S3')_tb: 3311
	F4_('S1', 'E1')_t4_min: 2698
	F6_('S5', 'S4')_t4_max: 122401
	F15_('S1', 'S2')_t5_min: 3813
	F10_('S2', 'S1')_rr: 0
	F13_('S2', 'S3')_tb: 2451
	F2_('S5', 'E5')_t4_min: 6294
	F4_('S4', 'S3')_rr: 8
	F14_('S2', 'E2')_t5_min: 18096
	F2_('S4', 'S5')_gc: False
	F11_('S4', 'S5')_t4_min: 127812
	F6_jitter: 129
	F17_('S1', 'S2')_t4_min: 3160
	F18_queue_index: 0
	F14_('S4', 'S3')_t3_min: 17840
	F11_('S5', 'E5')_rr: 1
	F15_('S2', 'S3')_gc: True
	F9_jitter: 129
	F11_('S3', 'S4')_t4_max: 127715
	F3_queue_index: 0
	F7_('E2', 'S2')_gc: False
	F2_('E2', 'S2')_tb: 6232
	F4_('S3', 'S2')_gc: True
	F4_('E5', 'S5')_t3_min: 2074
	F0_queue_index: 0
	F16_queue_index: 0
	F17_('S4', 'S5')_t4_max: 3355
	F0_('S2', 'S1')_t3_max: 18310
	F1_('E4', 'S4')_gc: False
	F15_('S2', 'S3')_t4_min: 3949
	F5_('S1', 'S2')_t4_max: 3434
	F0_('S3', 'S2')_gc: True
	F3_('E3', 'S3')_gc: False
	F0_('S3', 'S2')_t4_min: 18274
	F10_('S1', 'E1')_tb: 1427
	F15_('S2', 'S3')_rr: 1
	F6_('E5', 'S5')_rr: 0
	('E5', 'S5')_gcl_cycle: 1
	F12_('E4', 'S4')_rr: 0
	F12_('E4', 'S4')_gc: False
	F19_('S3', 'E3')_gc: False
	F2_('S2', 'S3')_t4_min: 6250
	F17_('S4', 'S5')_rr: 32
	F10_('E5', 'S5')_rr: 0
	F10_('S1', 'E1')_gc: False
	('E3', 'S3')_gcl_cycle: 1
	F8_('S4', 'S3')_t4_max: 1532
	F13_('E2', 'S2')_t3_min: 2378
	F17_('S2', 'S3')_rr: 2
	F1_('S2', 'S1')_gc: False
	F10_('S2', 'S1')_t4_min: 1392
	F16_('S4', 'S3')_rr: 0
	F2_('E2', 'S2')_rr: 0
	F19_('E2', 'S2')_t3_max: 6412
	F15_('S1', 'S2')_t4_min: 3719
	F15_('S3', 'E3')_rr: 0
	F9_('S3', 'S4')_gc: True
	F2_('S4', 'S5')_t4_max: 6410
	F7_jitter: 129
	F14_('E4', 'S4')_tb: 17754
	F2_queue_index: 0
	('S2', 'S1')_gcl_cycle: 128000
	F18_('S3', 'E3')_t5_min: 127132
	F10_('S5', 'S4')_rr: 0
	F16_('S3', 'S2')_t3_min: 1662
	F16_('S3', 'S2')_rr: 4
	F12_('S3', 'E3')_gc: False
	F18_('E2', 'S2')_rr: 0
	F13_queue_index: 0
	F1_('S3', 'S2')_t4_max: 50274
	F8_('S4', 'S3')_rr: 1
	F14_('S2', 'E2')_gc: False
	F16_('S4', 'S3')_gc: False
	F13_('S3', 'S4')_gc: False
	F1_('S4', 'S3')_t5_max: 50267
	F10_('S1', 'E1')_rr: 0
	F10_('S1', 'E1')_t4_min: 1427
	F3_('S4', 'S5')_t4_max: 86104
	F10_('S4', 'S3')_t4_min: 1317
	F13_('E2', 'S2')_t5_min: 2449
	F18_('S2', 'S3')_gc: False
	F11_jitter: 0
	F17_('S5', 'E5')_t4_min: 3372
	F2_('S2', 'S3')_rr: 1
	F9_('E2', 'S2')_rr: 0
	F9_('S4', 'E4')_t4_min: 264
	F12_('S4', 'S3')_gc: False
	F11_('E3', 'S3')_tb: 127618
	F18_('E2', 'S2')_t3_max: 126659
	F19_('E2', 'S2')_t4_min: 6536
	F11_('S4', 'S5')_t4_max: 127812
	F17_('S1', 'S2')_rr: 0
	F4_('S2', 'S1')_t4_max: 2730
	F1_('S4', 'S3')_t4_max: 50218
	F17_('S3', 'S4')_t4_min: 3333
	F8_('S5', 'S4')_gc: False
	F9_('S2', 'S3')_t3_min: 44
	F7_('S2', 'S1')_t4_max: 126951
	F19_('S3', 'E3')_rr: 0
	F2_('S3', 'S4')_gc: True
	F13_('S4', 'E4')_gc: False
	F0_('S2', 'S1')_t4_min: 18310
	F17_('S2', 'S3')_t4_max: 3311
	F8_('S5', 'S4')_rr: 0
	F1_('S3', 'S2')_gc: True
	F1_('E4', 'S4')_t5_min: 50211
	F10_('S4', 'S3')_t4_max: 1317
	F7_('S1', 'E1')_gc: False
	F2_('S5', 'E5')_t5_max: 6563
	F17_('S5', 'E5')_gc: False
	F4_queue_index: 0
	F15_('S1', 'S2')_gc: False
	F2_('S4', 'S5')_t4_min: 6281
	F0_('S4', 'S3')_gc: True
	F15_('S3', 'E3')_t3_max: 4050
	F2_('S4', 'S5')_t3_max: 6286
	F1_('E4', 'S4')_rr: 0
	F16_('E4', 'S4')_rr: 0
	F13_('S4', 'E4')_rr: 0
	F15_('S1', 'S2')_rr: 0
	F6_('S5', 'S4')_t4_min: 122401
	F0_('S3', 'S2')_rr: 1
	F17_('S1', 'S2')_gc: False
	F16_('S3', 'S2')_gc: True
	F13_('S2', 'S3')_t4_max: 2580
	F14_jitter: 387
	F16_('S2', 'E2')_gc: False
	F8_('S4', 'S3')_t5_max: 1617
	F14_('S4', 'S3')_t5_max: 18053
	F4_('S4', 'S3')_t4_max: 2402
	F10_queue_index: 0
	F7_('E2', 'S2')_rr: 0
	F8_('S4', 'S3')_t4_min: 1532
	F7_('S1', 'E1')_t4_min: 126998
	F15_('S2', 'S3')_t4_max: 3949
	('E4', 'S4')_gcl_cycle: 1
	F4_('S1', 'E1')_t3_max: 2832
	F3_('S3', 'S4')_t4_max: 85944
	F4_('E5', 'S5')_gc: False
	F14_('S3', 'S2')_gc: False
	F1_('S3', 'S2')_t4_min: 50274
	F1_('S2', 'S1')_t4_min: 50325
	F12_('E4', 'S4')_t5_min: 63289
	('S4', 'S5')_gcl_cycle: 128000
	F10_('S5', 'S4')_t4_max: 1277
	F13_('S4', 'E4')_t3_max: 2860
	F14_('S4', 'S3')_t4_min: 17840
	F9_('S2', 'S3')_t4_max: 173
	F4_('S3', 'S2')_t5_min: 2599
	F8_('E5', 'S5')_t4_min: 1224
	('S3', 'S4')_gcl_cycle: 128000
	F2_('E2', 'S2')_gc: False
	F2_('S2', 'S3')_t4_max: 6250
	F3_jitter: 258
	('S5', 'S4')_gcl_cycle: 128000
	F17_jitter: 129
	F13_('E2', 'S2')_t3_max: 2254
	F19_('S2', 'S3')_gc: True
	F0_('S4', 'S3')_rr: 1
	F9_queue_index: 0
	F15_('E1', 'S1')_t3_max: 3499
	F12_jitter: 258
	F13_('S2', 'S3')_gc: False
	F18_('E2', 'S2')_t5_min: 126898
	F16_('S2', 'E2')_rr: 0
	F11_('E3', 'S3')_gc: False
	F15_('S1', 'S2')_t4_max: 3848
	F17_queue_index: 0
	F17_('S2', 'S3')_t4_min: 3311
	F6_('S4', 'E4')_t4_min: 122435
	F15_('E1', 'S1')_gc: False
	F2_('S5', 'E5')_gc: False
	F8_queue_index: 0
	F10_('E5', 'S5')_t4_max: 1113
	F8_('E5', 'S5')_rr: 0
	F8_('S3', 'E3')_rr: 0
	F11_('E3', 'S3')_t3_max: 127494
	F10_('S1', 'E1')_t5_min: 1460
	F0_('E4', 'S4')_gc: False
	F12_('S4', 'S3')_rr: 0
	('S3', 'S2')_gcl_cycle: 64000
	F18_('S3', 'E3')_t3_max: 127151
	F10_('S3', 'S2')_rr: 8
	('S5', 'E5')_gcl_cycle: 128000
	F9_('E2', 'S2')_t3_max: -123
	F1_queue_index: 0
	F10_('S2', 'S1')_t4_max: 1521
	F13_('S2', 'S3')_t4_min: 2451
	F3_('S5', 'E5')_rr: 0
	F2_('S3', 'S4')_rr: 16
	F19_jitter: 129
	F2_jitter: 258
	F19_('S2', 'S3')_t4_min: 6657
	F17_('S3', 'S4')_gc: True
	F12_('S3', 'E3')_t4_min: 63391
	F4_('S4', 'S3')_t4_min: 2402
	F14_('S3', 'S2')_t4_max: 18184
	F16_jitter: 129
	F9_('S4', 'E4')_t5_max: 434
	F2_('S4', 'S5')_rr: 0
	F0_('S4', 'S3')_t4_min: 18238
	F3_('E3', 'S3')_rr: 0
	F16_('S3', 'S2')_t4_min: 1796
	F5_('E1', 'S1')_gc: False
	F5_('E1', 'S1')_rr: 0
	F14_('S4', 'S3')_t4_max: 17969
	F2_('S5', 'E5')_rr: 0
	F7_('S1', 'E1')_t3_min: 126998
	F18_('E2', 'S2')_gc: False
	F17_('S3', 'S4')_t4_max: 3333
	F14_('E4', 'S4')_gc: False
	F0_('S3', 'S2')_t3_max: 18274
	('S4', 'E4')_gcl_cycle: 1
	F16_('S2', 'E2')_t3_max: 1845
	F12_('S4', 'S3')_t4_max: 63420
	F6_('E5', 'S5')_t3_max: 122238
	F6_('S4', 'E4')_t3_max: 122440
	F14_('E4', 'S4')_rr: 0
	F11_('S5', 'E5')_gc: True
	F14_('S4', 'S3')_gc: False
	F9_('E2', 'S2')_gc: False
	F6_('S5', 'S4')_rr: 1
	F17_('E1', 'S1')_rr: 0
	F19_('E2', 'S2')_rr: 0
	F0_('S1', 'E1')_t4_min: 18341
	F16_('S3', 'S2')_t4_max: 1796
	F19_('E2', 'S2')_tb: 6536
	F2_('S2', 'S3')_gc: True
	F19_('S2', 'S3')_t3_max: 6657
	F1_('S4', 'S3')_t3_max: 50218
	F17_('S1', 'S2')_t3_max: 3165
	F15_('S1', 'S2')_t3_max: 3724
	F14_('S4', 'S3')_t3_max: 17845
	F5_('S1', 'S2')_t3_max: 3310
	F0_('S4', 'S3')_t3_max: 18238
	F7_('S2', 'S1')_t3_max: 126951
	F6_('S5', 'S4')_t3_max: 122401
	F9_('S2', 'S3')_t3_max: 49
	F4_('S5', 'S4')_t3_max: 2176
	F18_('S2', 'S3')_t3_max: 126905
	F2_('S2', 'S3')_t3_max: 6250
	F8_('S5', 'S4')_t3_max: 1316
	F16_('S4', 'S3')_t3_max: 1623
	F13_('S2', 'S3')_t3_max: 2456
	F12_('S4', 'S3')_t3_max: 63296
	F11_('S3', 'S4')_t3_max: 127715
	F3_('S3', 'S4')_t3_max: 85944
	F10_('S5', 'S4')_t3_max: 1153
	F1_('S4', 'S3')_t5_min: 50267
	F19_('S2', 'S3')_tb: 6657
	F18_('S3', 'E3')_t4_max: 127275
	F3_('S5', 'E5')_t5_max: 86293
	F13_('S2', 'S3')_t3_min: 2451
	F15_('E1', 'S1')_t4_max: 3623
	F12_('E4', 'S4')_t4_min: 63191
	F11_('E3', 'S3')_t4_max: 127618
	F7_('S2', 'S1')_t5_min: 126996
	F4_('S4', 'S3')_t3_min: 2268
	F10_('S4', 'S3')_t5_min: 1350
	F12_('E4', 'S4')_t4_max: 63191
	F8_('E5', 'S5')_t3_min: 1224
	F17_('S4', 'S5')_t3_min: 3350
	F14_('S4', 'S3')_tb: 17840
	F9_('E2', 'S2')_t5_max: 42
	F13_('S4', 'E4')_t5_max: 3055
	F7_('S1', 'E1')_t5_max: 127172
	F4_('S4', 'S3')_t5_min: 2497
	F13_('S3', 'S4')_tb: 2524
	F8_('S4', 'S3')_t5_min: 1617
	F4_('S4', 'S3')_t3_max: 2402
	F10_('S1', 'E1')_t5_max: 1718
	F0_('S2', 'S1')_t5_min: 18339
	F19_('E2', 'S2')_t3_min: 6536
	F8_('E5', 'S5')_t4_max: 1224
	F18_('S2', 'S3')_t5_max: 127144
	F11_('S5', 'E5')_t3_min: 127904
	F9_('E2', 'S2')_tb: 1
	F12_('E4', 'S4')_t3_min: 63191
	F9_('S3', 'S4')_t3_min: 87
	F17_('E1', 'S1')_t4_max: 3143
	F13_('S4', 'E4')_tb: 2597
	F12_('E4', 'S4')_tb: 63191
	F14_('E4', 'S4')_t5_min: 17838
	F10_('S4', 'S3')_tb: 1317
	F15_('S2', 'S3')_tb: 3949
	F10_('E5', 'S5')_t5_min: 1146
	F17_('E1', 'S1')_t3_min: 3143
	F10_('S3', 'S2')_t5_min: 1390
	F19_('S3', 'E3')_t5_min: 6887
	F1_('S1', 'E1')_t3_min: 50376
	F14_('S2', 'E2')_t5_max: 18483
	F10_('S1', 'E1')_t4_max: 1685
	F4_('S3', 'S2')_t3_max: 2504
	F11_('E3', 'S3')_t4_min: 127618
	F10_('S3', 'S2')_t5_max: 1390
	F1_('S1', 'E1')_t3_max: 50510
	('S5', 'E5')_gcl_length: 2
	F1_('S2', 'S1')_t3_max: 50330
	F18_('E2', 'S2')_tb: 126783
	F4_('S1', 'E1')_tb: 2698
	F9_('S2', 'S3')_t5_min: 85
	F15_('S2', 'S3')_t3_max: 3949
	F4_('S2', 'S1')_tb: 2601
	F16_('E4', 'S4')_t4_min: 1574
	F0_('S3', 'S2')_tb: 18274
	F3_('E3', 'S3')_t4_min: 85908
	F14_('S3', 'S2')_t3_min: 17926
	F16_('S2', 'E2')_t5_min: 1882
	F17_('S1', 'S2')_tb: 3160
	F0_('S1', 'E1')_t3_max: 18346
	F0_('S2', 'S1')_t3_min: 18305
	('S1', 'S2')_gcl_length: 0
	F5_('E1', 'S1')_t4_max: 3187
	F6_('E5', 'S5')_t4_min: 122362
	F2_('S2', 'S3')_t5_max: 6261
	('S1', 'E1')_gcl_length: 2
	F19_('S3', 'E3')_tb: 6773
	F3_('S5', 'E5')_tb: 86006
	F17_('E1', 'S1')_t4_min: 3143
	F15_('S3', 'E3')_t4_max: 4174
	F11_('S3', 'S4')_tb: 127715
	F19_('S3', 'E3')_t3_max: 6778
	F1_('E4', 'S4')_t3_min: 50162
	F15_('S3', 'E3')_t3_min: 4045
	F1_('S1', 'E1')_t5_min: 50559
	F15_('S2', 'S3')_t5_max: 4043
	F2_('S3', 'S4')_tb: 6268
	F5_('S1', 'S2')_t5_min: 3421
	F13_('E2', 'S2')_t5_max: 2449
	F4_('S3', 'S2')_t3_min: 2499
	F2_('S5', 'E5')_t3_min: 6294
	F6_('S5', 'S4')_tb: 122401
	F12_('S3', 'E3')_t3_min: 63391
	F2_('S3', 'S4')_t3_min: 6263
	F19_('S2', 'S3')_t5_max: 6771
	F5_('S1', 'S2')_t5_max: 3550
	F0_('E4', 'S4')_t4_max: 18202
	('S2', 'S3')_gcl_length: 10
	F4_('S2', 'S1')_t3_max: 2606
	F8_('S4', 'S3')_tb: 1532
	F16_('S2', 'E2')_t3_min: 1840
	F10_('S2', 'S1')_tb: 1392
	F3_('S3', 'S4')_t5_max: 85973
	F19_('S3', 'E3')_t4_max: 6902
	F14_('S3', 'S2')_t3_max: 18060
	F1_('S4', 'S3')_t3_min: 50213
	F5_('S2', 'S3')_tb: 3423
	F4_('S2', 'S1')_t5_max: 2825
	F12_('S4', 'S3')_t3_min: 63291
	F0_('S4', 'S3')_t3_min: 18233
	F4_('E5', 'S5')_t5_max: 2169
	F15_('S3', 'E3')_t5_min: 4139
	F14_('E4', 'S4')_t3_min: 17754
	F10_('S1', 'E1')_t3_min: 1427
	F9_('S2', 'S3')_t5_max: 214
	F11_('S5', 'E5')_t5_max: 127999
	F6_('S4', 'E4')_t4_max: 122564
	F17_('S2', 'S3')_t3_max: 3311
	F4_('S2', 'S1')_t3_min: 2601
	('S2', 'S1')_gcl_length: 6
	F5_('E1', 'S1')_t3_min: 3187
	F16_('S2', 'E2')_t4_max: 1969
	F0_('E4', 'S4')_t3_min: 18202
	F6_('E5', 'S5')_t4_max: 122362
	F14_('S3', 'S2')_tb: 17926
	F12_('S3', 'E3')_t5_min: 63489
	F6_('S4', 'E4')_t5_min: 122467
	F2_('S4', 'S5')_t5_max: 6421
	F8_('E5', 'S5')_t5_max: 1309
	F13_('S3', 'S4')_t5_max: 2853
	F8_('S3', 'E3')_tb: 1619
	F10_('S3', 'S2')_t3_min: 1352
	('S3', 'E3')_gcl_length: 0
	F14_('S2', 'E2')_t4_max: 18399
	F17_('S4', 'S5')_tb: 3355
	F17_('S4', 'S5')_t5_min: 3370
	F10_('E5', 'S5')_t5_max: 1146
	F3_('S3', 'S4')_t3_min: 85939
	F17_('S3', 'S4')_tb: 3333
	F19_('S2', 'S3')_t5_min: 6771
	('E2', 'S2')_gcl_length: 0
	F11_('S4', 'S5')_t5_min: 127902
	F6_('E5', 'S5')_t5_min: 122394
	F1_('E4', 'S4')_t4_max: 50162
	F9_('S4', 'E4')_tb: 264
	F13_('S3', 'S4')_t3_max: 2658
	F1_('S3', 'S2')_tb: 50274
	F9_('S4', 'E4')_t3_max: 269
	F6_('S5', 'S4')_t5_max: 122433
	F4_('S1', 'E1')_t5_min: 2793
	F16_('S4', 'S3')_tb: 1618
	F8_('S3', 'E3')_t4_max: 1748
	F18_('S2', 'S3')_tb: 126900
	F4_('S3', 'S2')_tb: 2504
	F13_('S2', 'S3')_t5_min: 2522
	('S4', 'S5')_gcl_length: 66
	F1_('S1', 'E1')_tb: 50510
	F16_('E4', 'S4')_t4_max: 1574
	F10_('S5', 'S4')_t5_max: 1310
	F13_('S4', 'E4')_t5_min: 2668
	F8_('S5', 'S4')_t3_min: 1311
	F5_('S1', 'S2')_tb: 3305
	F5_('S3', 'E3')_tb: 3541
	F11_('S4', 'S5')_tb: 127812
	F12_('S4', 'S3')_t5_max: 63518
	F11_('S4', 'S5')_t3_min: 127807
	F1_('S3', 'S2')_t3_max: 50274
	F1_('S1', 'E1')_t5_max: 50559
	F2_('S2', 'S3')_tb: 6250
	F10_('S5', 'S4')_tb: 1148
	F0_('E4', 'S4')_t4_min: 18202
	F9_('S4', 'E4')_t5_min: 305
	F4_('S2', 'S1')_t5_min: 2696
	F17_('S2', 'S3')_t3_min: 3177
	F11_('S3', 'S4')_t3_min: 127710
	('E4', 'S4')_gcl_length: 0
	F15_('E1', 'S1')_t5_min: 3717
	F7_('E2', 'S2')_tb: 126899
	('S2', 'E2')_gcl_length: 0
	F7_('S1', 'E1')_tb: 126998
	F17_('S5', 'E5')_t5_min: 3387
	F19_('S3', 'E3')_t3_min: 6773
	F12_('S3', 'E3')_tb: 63391
	F15_('E1', 'S1')_t3_min: 3623
	F14_('S2', 'E2')_t3_min: 18012
	F13_('S4', 'E4')_t4_max: 2984
	F2_('S4', 'S5')_t5_min: 6292
	F6_('S4', 'E4')_t5_max: 122596
	F3_('S3', 'S4')_t5_min: 85973
	F4_('E5', 'S5')_t4_min: 2074
	F0_('S3', 'S2')_t3_min: 18269
	F10_('S2', 'S1')_t5_max: 1554
	F17_('S1', 'S2')_t5_max: 3304
	F4_('S5', 'S4')_t5_min: 2266
	F3_('S4', 'S5')_tb: 85975
	F10_('S5', 'S4')_t3_min: 1148
	F16_('S2', 'E2')_t5_max: 2011
	F17_('S2', 'S3')_t5_max: 3326
	F7_('E2', 'S2')_t4_min: 126899
	F5_('S3', 'E3')_t3_max: 3804
	F7_('S2', 'S1')_t5_max: 126996
	F11_('E3', 'S3')_t3_min: 127618
	F13_('S4', 'E4')_t3_min: 2597
	F17_('S5', 'E5')_t3_min: 3372
	F8_('S3', 'E3')_t5_min: 1704
	F0_('E4', 'S4')_tb: 18202
	F3_('E3', 'S3')_tb: 85908
	F16_('S3', 'S2')_t5_max: 1838
	F8_('S4', 'S3')_t3_max: 1532
	('E1', 'S1')_gcl_length: 0
	F2_('S4', 'S5')_tb: 6281
	F10_('S1', 'E1')_t3_max: 1561
	F0_('S1', 'E1')_t3_min: 18341
	F17_('S3', 'S4')_t5_max: 3348
	F7_('S2', 'S1')_t3_min: 126946
	F17_('E1', 'S1')_t5_max: 3158
	F7_('S1', 'E1')_t3_max: 127003
	F7_('E2', 'S2')_t5_max: 126944
	F3_('S5', 'E5')_t3_max: 86140
	F1_('S2', 'S1')_t5_min: 50374
	F3_('E3', 'S3')_t3_min: 85908
	F17_('S1', 'S2')_t3_min: 3160
	F17_('S5', 'E5')_t5_max: 3516
	F5_('E1', 'S1')_t5_min: 3303
	F17_('E1', 'S1')_tb: 3143
	F0_('S4', 'S3')_tb: 18238
	F11_('S5', 'E5')_t4_max: 127909
	F9_('S2', 'S3')_tb: 44
	F18_('S2', 'S3')_t3_min: 126900
	F18_('S3', 'E3')_t5_max: 127390
	F4_('S3', 'S2')_t5_max: 2599
	F0_('S1', 'E1')_t5_max: 18499
	F13_('S2', 'S3')_t5_max: 2651
	F7_('S2', 'S1')_tb: 126951
	F0_('S3', 'S2')_t5_max: 18303
	F8_('E5', 'S5')_t5_min: 1309
	F16_('E4', 'S4')_t3_min: 1574
	F19_('E2', 'S2')_t4_max: 6536
	F15_('S2', 'S3')_t5_min: 4043
	F11_('S5', 'E5')_t3_max: 127909
	F7_('S1', 'E1')_t4_max: 127127
	F4_('S4', 'S3')_t5_max: 2497
	F11_('S5', 'E5')_t5_min: 127999
	F2_('E2', 'S2')_t4_min: 6232
	F17_('S5', 'E5')_t4_max: 3501
	F1_('S2', 'S1')_tb: 50325
	F3_('E3', 'S3')_t5_max: 85937
	F1_('E4', 'S4')_tb: 50162
	F6_('S5', 'S4')_t3_min: 122396
	F14_('E4', 'S4')_t4_min: 17754
	F1_('S2', 'S1')_t5_max: 50503
	F17_('S1', 'S2')_t5_min: 3175
	F2_('S2', 'S3')_t3_min: 6245
	F18_('E2', 'S2')_t4_min: 126783
	F16_('S4', 'S3')_t5_min: 1660
	F10_('S5', 'S4')_t5_min: 1181
	F3_('E3', 'S3')_t5_min: 85937
	F5_('S2', 'S3')_t3_max: 3557
	F6_('S4', 'E4')_tb: 122435
	F10_('S3', 'S2')_tb: 1357
	F15_('S1', 'S2')_tb: 3719
	F0_('S3', 'S2')_t5_min: 18303
	F16_('S3', 'S2')_t3_max: 1796
	F15_('S1', 'S2')_t5_max: 3942
	F5_('S1', 'S2')_t3_min: 3305
	F1_('S3', 'S2')_t5_min: 50323
	F4_('S1', 'E1')_t4_max: 2956
	F16_('S3', 'S2')_tb: 1796
	F19_('E2', 'S2')_t5_min: 6650
	F16_('S3', 'S2')_t5_min: 1838
	F5_('S2', 'S3')_t3_min: 3423
	F0_('S1', 'E1')_t4_max: 18470
	F1_('S1', 'E1')_t4_max: 50510
	F9_('S3', 'S4')_tb: 221
	F19_('S2', 'S3')_t3_min: 6652
	F2_('S3', 'S4')_t5_min: 6279
	F2_('S3', 'S4')_t3_max: 6268
	F16_('E4', 'S4')_t5_max: 1616
	F8_('S5', 'S4')_t5_max: 1525
	F0_('S2', 'S1')_t5_max: 18339
	F3_('S5', 'E5')_t5_min: 86035
	F15_('S2', 'S3')_t3_min: 3815
	F11_('S5', 'E5')_tb: 127909
	F12_('S3', 'E3')_t3_max: 63525
	F17_('S2', 'S3')_t5_min: 3326
	F10_('S4', 'S3')_t3_min: 1183
	F9_('S3', 'S4')_t5_max: 262
	F9_('S4', 'E4')_t3_min: 264
	F17_('S4', 'S5')_t3_max: 3355
	F0_('E4', 'S4')_t5_min: 18231
	('S4', 'E4')_gcl_length: 0
	F17_('E1', 'S1')_t5_min: 3158
	F1_('S4', 'S3')_tb: 50218
	('S3', 'S2')_gcl_length: 44
	F5_('S3', 'E3')_t4_max: 3928
	F6_('E5', 'S5')_t5_max: 122394
	F17_('S3', 'S4')_t5_min: 3348
	F13_('E2', 'S2')_t4_min: 2378
	F14_('S3', 'S2')_t5_max: 18268
	F13_('E2', 'S2')_t4_max: 2378
	F3_('E3', 'S3')_t4_max: 85908
	F10_('S3', 'S2')_t3_max: 1357
	F9_('E2', 'S2')_t4_max: 1
	F10_('S2', 'S1')_t3_max: 1397
	F16_('E4', 'S4')_t5_min: 1616
	F5_('E1', 'S1')_tb: 3187
	('E5', 'S5')_gcl_length: 0
	F10_('E5', 'S5')_t4_min: 1113
	F5_('E1', 'S1')_t5_max: 3303
	F4_('S1', 'E1')_t3_min: 2698
	F6_('E5', 'S5')_tb: 122362
	F13_('S3', 'S4')_t3_min: 2524
	F7_('S1', 'E1')_t5_min: 127043
	F14_('S2', 'E2')_tb: 18012
	('E3', 'S3')_gcl_length: 0
	F5_('S3', 'E3')_t5_min: 3657
	F4_('S4', 'S3')_tb: 2402
	F16_('S4', 'S3')_t5_max: 1789
	F0_('S4', 'S3')_t5_max: 18267
	F12_('S3', 'E3')_t5_max: 63747
	F5_('E1', 'S1')_t4_min: 3187
	F18_('E2', 'S2')_t4_max: 126783
	F2_('S2', 'S3')_t5_min: 6261
	F10_('S2', 'S1')_t5_min: 1425
	F12_('S4', 'S3')_t5_min: 63389
	F11_('E3', 'S3')_t5_max: 127708
	F9_('E2', 'S2')_t5_min: 42
	F3_('S4', 'S5')_t5_min: 86004
	F11_('S3', 'S4')_t5_max: 127805
	F2_('S3', 'S4')_t5_max: 6279
	F19_('E2', 'S2')_t5_max: 6650
	('S5', 'S4')_gcl_length: 2
	F9_('S4', 'E4')_t4_max: 393
	F2_('S5', 'E5')_t5_min: 6305
	F18_('E2', 'S2')_t3_min: 126783
	F10_('E5', 'S5')_tb: 1113
	F2_('E2', 'S2')_t5_min: 6243
	F8_('S5', 'S4')_t5_min: 1396
	F17_('S5', 'E5')_t3_max: 3377
	F7_('E2', 'S2')_t3_min: 126899
	F12_('S4', 'S3')_tb: 63291
	F14_('S4', 'S3')_t5_min: 17924
	F15_('S3', 'E3')_t5_max: 4268
	F15_('S3', 'E3')_tb: 4045
	F15_('S1', 'S2')_t3_min: 3719
	F1_('S3', 'S2')_t5_max: 50323
	F17_('S3', 'S4')_t3_min: 3328
	F11_('S4', 'S5')_t5_max: 127902
	F12_('S3', 'E3')_t4_max: 63649
	F6_('S5', 'S4')_t5_min: 122433
	F0_('E4', 'S4')_t5_max: 18231
	F10_('S4', 'S3')_t5_max: 1350
	F3_('S5', 'E5')_t4_max: 86264
	F8_('S3', 'E3')_t3_min: 1619
	F8_('S3', 'E3')_t5_max: 1833
	F2_('E2', 'S2')_t4_max: 6232
	F5_('S2', 'S3')_t5_max: 3797
	F18_('E2', 'S2')_t5_max: 126898
	F3_('S4', 'S5')_t3_max: 85980
	F18_('S3', 'E3')_tb: 127017
	F12_('E4', 'S4')_t5_max: 63289
	F0_('S1', 'E1')_t5_min: 18370
	F5_('S3', 'E3')_t3_min: 3541
	F9_('E2', 'S2')_t4_min: 1
	F6_('S4', 'E4')_t3_min: 122435
	F3_('S3', 'S4')_tb: 85944
	F15_('E1', 'S1')_t5_max: 3717
	F14_('E4', 'S4')_t4_max: 17754
	F4_('S1', 'E1')_t5_max: 3051
	F1_('E4', 'S4')_t4_min: 50162
	F2_('S5', 'E5')_tb: 6294
	F16_('E4', 'S4')_tb: 1574
	('S4', 'S3')_gcl_length: 38
	F4_('S5', 'S4')_t5_max: 2395
	F0_('S4', 'S3')_t5_min: 18267
	F8_('S3', 'E3')_t3_max: 1624
	F15_('E1', 'S1')_tb: 3623
	F3_('S4', 'S5')_t5_max: 86133
	F18_('S2', 'S3')_t5_min: 127015
	F2_('E2', 'S2')_t5_max: 6243
	F19_('S3', 'E3')_t5_max: 7016
	F4_('S5', 'S4')_tb: 2171
