0. Flow F0 [E4-->E1] with period 64000, payload 1147B, e2e delay 64000us, jitter 6400us
	('E4', 'S4'), Operation(24429, None, 24439)(24429, 24429)
	('S4', 'S3'), Operation(24441, 24446, 24456)(24446, 24446)
	('S3', 'S2'), Operation(24458, 24463, 24473)(24463, 24463)
	('S2', 'S1'), Operation(24475, None, 24503)(24475, 24493)
	('S1', 'E1'), Operation(24487, None, 24533)(24487, 24523)
1. Flow F1 [E3-->E1] with period 32000, payload 437B, e2e delay 32000us, jitter 3200us
	('E3', 'S3'), Operation(204, None, 208)(204, 204)
	('S3', 'S2'), Operation(210, None, 232)(210, 228)
	('S2', 'S1'), Operation(216, None, 256)(216, 252)
	('S1', 'E1'), Operation(222, None, 280)(222, 276)
2. Flow F2 [E5-->E3] with period 32000, payload 633B, e2e delay 32000us, jitter 3200us
	('E5', 'S5'), Operation(31889, None, 31895)(31889, 31889)
	('S5', 'S4'), Operation(31897, None, 31921)(31897, 31915)
	('S4', 'S3'), Operation(31905, None, 31947)(31905, 31941)
	('S3', 'E3'), Operation(31913, None, 31973)(31913, 31967)
3. Flow F3 [E5-->E2] with period 32000, payload 1142B, e2e delay 32000us, jitter 3200us
	('E5', 'S5'), Operation(28526, None, 28536)(28526, 28526)
	('S5', 'S4'), Operation(28538, None, 28566)(28538, 28556)
	('S4', 'S3'), Operation(28550, 28573, 28583)(28573, 28573)
	('S3', 'S2'), Operation(28585, 28590, 28600)(28590, 28590)
	('S2', 'E2'), Operation(28602, 28607, 28617)(28607, 28607)
4. Flow F4 [E2-->E4] with period 64000, payload 267B, e2e delay 64000us, jitter 6400us
	('E2', 'S2'), Operation(379, None, 382)(379, 379)
	('S2', 'S3'), Operation(384, 389, 392)(389, 389)
	('S3', 'S4'), Operation(394, 399, 402)(399, 399)
	('S4', 'E4'), Operation(404, None, 425)(404, 422)
5. Flow F5 [E1-->E4] with period 16000, payload 1437B, e2e delay 16000us, jitter 1600us
	('E1', 'S1'), Operation(370, None, 382)(370, 370)
	('S1', 'S2'), Operation(384, None, 414)(384, 402)
	('S2', 'S3'), Operation(398, None, 446)(398, 434)
	('S3', 'S4'), Operation(412, None, 478)(412, 466)
	('S4', 'E4'), Operation(426, 485, 497)(485, 485)
6. Flow F6 [E1-->E2] with period 32000, payload 1108B, e2e delay 32000us, jitter 3200us
	('E1', 'S1'), Operation(15970, None, 15979)(15970, 15970)
	('S1', 'S2'), Operation(15981, None, 16008)(15981, 15999)
	('S2', 'E2'), Operation(15992, 16015, 16024)(16015, 16015)
7. Flow F7 [E3-->E5] with period 128000, payload 440B, e2e delay 128000us, jitter 12800us
	('E3', 'S3'), Operation(107728, None, 107732)(107728, 107728)
	('S3', 'S4'), Operation(107734, 107739, 107743)(107739, 107739)
	('S4', 'S5'), Operation(107745, None, 107767)(107745, 107763)
	('S5', 'E5'), Operation(107751, None, 107791)(107751, 107787)
8. Flow F8 [E3-->E4] with period 32000, payload 803B, e2e delay 32000us, jitter 3200us
	('E3', 'S3'), Operation(24358, None, 24365)(24358, 24358)
	('S3', 'S4'), Operation(24367, 24372, 24379)(24372, 24372)
	('S4', 'E4'), Operation(24381, None, 24406)(24381, 24399)
9. Flow F9 [E2-->E4] with period 4000, payload 1335B, e2e delay 4000us, jitter 400us
	('E2', 'S2'), Operation(3788, None, 3799)(3788, 3788)
	('S2', 'S3'), Operation(3801, None, 3830)(3801, 3819)
	('S3', 'S4'), Operation(3814, 3837, 3848)(3837, 3837)
	('S4', 'E4'), Operation(3850, None, 3879)(3850, 3868)
10. Flow F10 [E4-->E5] with period 32000, payload 535B, e2e delay 32000us, jitter 3200us
	('E4', 'S4'), Operation(24196, None, 24201)(24196, 24196)
	('S4', 'S5'), Operation(24203, None, 24226)(24203, 24221)
	('S5', 'E5'), Operation(24210, None, 24251)(24210, 24246)
11. Flow F11 [E3-->E1] with period 32000, payload 519B, e2e delay 32000us, jitter 3200us
	('E3', 'S3'), Operation(24293, None, 24298)(24293, 24293)
	('S3', 'S2'), Operation(24300, 24305, 24310)(24305, 24305)
	('S2', 'S1'), Operation(24312, 24317, 24322)(24317, 24317)
	('S1', 'E1'), Operation(24324, None, 24347)(24324, 24342)
12. Flow F12 [E3-->E1] with period 4000, payload 747B, e2e delay 4000us, jitter 400us
	('E3', 'S3'), Operation(252, None, 258)(252, 252)
	('S3', 'S2'), Operation(260, 265, 271)(265, 265)
	('S2', 'S1'), Operation(273, None, 297)(273, 291)
	('S1', 'E1'), Operation(281, None, 323)(281, 317)
13. Flow F13 [E4-->E1] with period 4000, payload 429B, e2e delay 4000us, jitter 400us
	('E4', 'S4'), Operation(156, None, 160)(156, 156)
	('S4', 'S3'), Operation(162, 167, 171)(167, 167)
	('S3', 'S2'), Operation(173, 178, 182)(178, 178)
	('S2', 'S1'), Operation(184, 189, 193)(189, 189)
	('S1', 'E1'), Operation(195, None, 217)(195, 213)
14. Flow F14 [E5-->E3] with period 4000, payload 395B, e2e delay 4000us, jitter 400us
	('E5', 'S5'), Operation(3936, None, 3940)(3936, 3936)
	('S5', 'S4'), Operation(3942, None, 3964)(3942, 3960)
	('S4', 'S3'), Operation(3948, 3971, 3975)(3971, 3971)
	('S3', 'E3'), Operation(3977, None, 3999)(3977, 3995)
15. Flow F15 [E4-->E3] with period 8000, payload 677B, e2e delay 8000us, jitter 800us
	('E4', 'S4'), Operation(164, None, 170)(164, 164)
	('S4', 'S3'), Operation(172, None, 196)(172, 190)
	('S3', 'E3'), Operation(180, 203, 209)(203, 203)
16. Flow F16 [E5-->E1] with period 64000, payload 488B, e2e delay 64000us, jitter 6400us
	('E5', 'S5'), Operation(28509, None, 28513)(28509, 28509)
	('S5', 'S4'), Operation(28515, None, 28537)(28515, 28533)
	('S4', 'S3'), Operation(28521, 28544, 28548)(28544, 28544)
	('S3', 'S2'), Operation(28550, None, 28572)(28550, 28568)
	('S2', 'S1'), Operation(28556, 28579, 28583)(28579, 28579)
	('S1', 'E1'), Operation(28585, None, 28607)(28585, 28603)
17. Flow F17 [E5-->E4] with period 4000, payload 1392B, e2e delay 4000us, jitter 400us
	('E5', 'S5'), Operation(3852, None, 3864)(3852, 3852)
	('S5', 'S4'), Operation(3866, None, 3896)(3866, 3884)
	('S4', 'E4'), Operation(3880, None, 3928)(3880, 3916)
18. Flow F18 [E3-->E4] with period 64000, payload 437B, e2e delay 64000us, jitter 6400us
	('E3', 'S3'), Operation(60556, None, 60560)(60556, 60556)
	('S3', 'S4'), Operation(60562, None, 60584)(60562, 60580)
	('S4', 'E4'), Operation(60568, None, 60608)(60568, 60604)
19. Flow F19 [E2-->E1] with period 128000, payload 1254B, e2e delay 128000us, jitter 12800us
	('E2', 'S2'), Operation(124101, None, 124112)(124101, 124101)
	('S2', 'S1'), Operation(124114, None, 124143)(124114, 124132)
	('S1', 'E1'), Operation(124127, None, 124174)(124127, 124163)
20. Flow F20 [E2-->E5] with period 128000, payload 263B, e2e delay 128000us, jitter 12800us
	('E2', 'S2'), Operation(79784, None, 79787)(79784, 79784)
	('S2', 'S3'), Operation(79789, 79794, 79797)(79794, 79794)
	('S3', 'S4'), Operation(79799, 79804, 79807)(79804, 79804)
	('S4', 'S5'), Operation(79809, 79814, 79817)(79814, 79814)
	('S5', 'E5'), Operation(79819, 79824, 79827)(79824, 79824)
21. Flow F21 [E3-->E5] with period 8000, payload 880B, e2e delay 8000us, jitter 800us
	('E3', 'S3'), Operation(370, None, 378)(370, 370)
	('S3', 'S4'), Operation(380, 385, 393)(385, 385)
	('S4', 'S5'), Operation(395, 400, 408)(400, 400)
	('S5', 'E5'), Operation(410, None, 436)(410, 428)
22. Flow F22 [E1-->E2] with period 32000, payload 146B, e2e delay 32000us, jitter 3200us
	('E1', 'S1'), Operation(7742, None, 7744)(7742, 7742)
	('S1', 'S2'), Operation(7746, 7751, 7753)(7751, 7751)
	('S2', 'E2'), Operation(7755, 7760, 7762)(7760, 7760)
23. Flow F23 [E3-->E1] with period 64000, payload 306B, e2e delay 64000us, jitter 6400us
	('E3', 'S3'), Operation(40221, None, 40224)(40221, 40221)
	('S3', 'S2'), Operation(40226, 40231, 40234)(40231, 40231)
	('S2', 'S1'), Operation(40236, None, 40257)(40236, 40254)
	('S1', 'E1'), Operation(40241, None, 40280)(40241, 40277)
24. Flow F24 [E1-->E5] with period 4000, payload 970B, e2e delay 4000us, jitter 400us
	('E1', 'S1'), Operation(3722, None, 3730)(3722, 3722)
	('S1', 'S2'), Operation(3732, 3737, 3745)(3737, 3737)
	('S2', 'S3'), Operation(3747, 3752, 3760)(3752, 3752)
	('S3', 'S4'), Operation(3762, 3767, 3775)(3767, 3767)
	('S4', 'S5'), Operation(3777, 3782, 3790)(3782, 3782)
	('S5', 'E5'), Operation(3792, None, 3818)(3792, 3810)
25. Flow F25 [E1-->E5] with period 16000, payload 287B, e2e delay 16000us, jitter 1600us
	('E1', 'S1'), Operation(8330, None, 8333)(8330, 8330)
	('S1', 'S2'), Operation(8335, 8340, 8343)(8340, 8340)
	('S2', 'S3'), Operation(8345, 8350, 8353)(8350, 8350)
	('S3', 'S4'), Operation(8355, 8360, 8363)(8360, 8360)
	('S4', 'S5'), Operation(8365, None, 8386)(8365, 8383)
	('S5', 'E5'), Operation(8370, None, 8409)(8370, 8406)
26. Flow F26 [E5-->E1] with period 16000, payload 947B, e2e delay 16000us, jitter 1600us
	('E5', 'S5'), Operation(8451, None, 8459)(8451, 8451)
	('S5', 'S4'), Operation(8461, None, 8487)(8461, 8479)
	('S4', 'S3'), Operation(8471, 8494, 8502)(8494, 8494)
	('S3', 'S2'), Operation(8504, 8509, 8517)(8509, 8509)
	('S2', 'S1'), Operation(8519, 8524, 8532)(8524, 8524)
	('S1', 'E1'), Operation(8534, 8539, 8547)(8539, 8539)
27. Flow F27 [E3-->E2] with period 128000, payload 1377B, e2e delay 128000us, jitter 12800us
	('E3', 'S3'), Operation(72084, None, 72096)(72084, 72084)
	('S3', 'S2'), Operation(72098, 72103, 72115)(72103, 72103)
	('S2', 'E2'), Operation(72117, None, 72147)(72117, 72135)
28. Flow F28 [E5-->E2] with period 32000, payload 262B, e2e delay 32000us, jitter 3200us
	('E5', 'S5'), Operation(28200, None, 28203)(28200, 28200)
	('S5', 'S4'), Operation(28205, 28210, 28213)(28210, 28210)
	('S4', 'S3'), Operation(28215, None, 28236)(28215, 28233)
	('S3', 'S2'), Operation(28220, None, 28259)(28220, 28256)
	('S2', 'E2'), Operation(28225, None, 28282)(28225, 28279)
29. Flow F29 [E3-->E5] with period 8000, payload 886B, e2e delay 8000us, jitter 800us
	('E3', 'S3'), Operation(212, None, 220)(212, 212)
	('S3', 'S4'), Operation(222, 227, 235)(227, 227)
	('S4', 'S5'), Operation(237, 242, 250)(242, 242)
	('S5', 'E5'), Operation(252, None, 278)(252, 270)
30. Flow F30 [E3-->E4] with period 64000, payload 727B, e2e delay 64000us, jitter 6400us
	('E3', 'S3'), Operation(60522, None, 60528)(60522, 60522)
	('S3', 'S4'), Operation(60530, 60535, 60541)(60535, 60535)
	('S4', 'E4'), Operation(60543, None, 60567)(60543, 60561)
31. Flow F31 [E4-->E2] with period 4000, payload 672B, e2e delay 4000us, jitter 400us
	('E4', 'S4'), Operation(1, None, 7)(1, 1)
	('S4', 'S3'), Operation(9, None, 33)(9, 27)
	('S3', 'S2'), Operation(17, None, 59)(17, 53)
	('S2', 'E2'), Operation(25, None, 85)(25, 79)
32. Flow F32 [E1-->E2] with period 8000, payload 361B, e2e delay 8000us, jitter 800us
	('E1', 'S1'), Operation(3718, None, 3721)(3718, 3718)
	('S1', 'S2'), Operation(3723, 3728, 3731)(3728, 3728)
	('S2', 'E2'), Operation(3733, 3738, 3741)(3738, 3738)
33. Flow F33 [E4-->E2] with period 128000, payload 1456B, e2e delay 128000us, jitter 12800us
	('E4', 'S4'), Operation(120183, None, 120195)(120183, 120183)
	('S4', 'S3'), Operation(120197, None, 120227)(120197, 120215)
	('S3', 'S2'), Operation(120211, None, 120259)(120211, 120247)
	('S2', 'E2'), Operation(120225, 120266, 120278)(120266, 120266)
34. Flow F34 [E3-->E1] with period 16000, payload 96B, e2e delay 16000us, jitter 1600us
	('E3', 'S3'), Operation(12156, None, 12157)(12156, 12156)
	('S3', 'S2'), Operation(12159, 12164, 12165)(12164, 12164)
	('S2', 'S1'), Operation(12167, 12172, 12173)(12172, 12172)
	('S1', 'E1'), Operation(12175, None, 12194)(12175, 12193)
35. Flow F35 [E5-->E4] with period 4000, payload 936B, e2e delay 4000us, jitter 400us
	('E5', 'S5'), Operation(478, None, 486)(478, 478)
	('S5', 'S4'), Operation(488, None, 514)(488, 506)
	('S4', 'E4'), Operation(498, None, 542)(498, 534)
36. Flow F36 [E3-->E4] with period 64000, payload 1201B, e2e delay 64000us, jitter 6400us
	('E3', 'S3'), Operation(56323, None, 56333)(56323, 56323)
	('S3', 'S4'), Operation(56335, 56340, 56350)(56340, 56340)
	('S4', 'E4'), Operation(56352, None, 56380)(56352, 56370)
37. Flow F37 [E3-->E4] with period 8000, payload 425B, e2e delay 8000us, jitter 800us
	('E3', 'S3'), Operation(299, None, 303)(299, 299)
	('S3', 'S4'), Operation(305, None, 327)(305, 323)
	('S4', 'E4'), Operation(311, None, 351)(311, 347)
38. Flow F38 [E5-->E4] with period 16000, payload 476B, e2e delay 16000us, jitter 1600us
	('E5', 'S5'), Operation(258, None, 262)(258, 258)
	('S5', 'S4'), Operation(264, None, 286)(264, 282)
	('S4', 'E4'), Operation(270, None, 310)(270, 306)
39. Flow F39 [E4-->E1] with period 4000, payload 86B, e2e delay 4000us, jitter 400us
	('E4', 'S4'), Operation(54, None, 55)(54, 54)
	('S4', 'S3'), Operation(57, None, 76)(57, 75)
	('S3', 'S2'), Operation(60, None, 97)(60, 96)
	('S2', 'S1'), Operation(63, 104, 105)(104, 104)
	('S1', 'E1'), Operation(107, None, 126)(107, 125)

SMT variables: 
	F26_('S5', 'S4')_gc: False
	F37_('S4', 'E4')_gc: False
	F1_('S3', 'S2')_t3_min: 210
	F0_('S2', 'S1')_rr: 0
	F14_('S3', 'E3')_rr: 0
	F6_('S1', 'S2')_gc: False
	F32_jitter: 0
	F27_('S3', 'S2')_gc: True
	F36_('E3', 'S3')_gc: False
	('S4', 'S3')_gcl_cycle: 64000
	F33_('E4', 'S4')_gc: False
	F7_queue_index: 0
	F35_('S5', 'S4')_rr: 0
	F0_('S1', 'E1')_t5_min: 24497
	F2_('S5', 'S4')_gc: False
	F5_('S2', 'S3')_t5_max: 446
	F36_('S4', 'E4')_t4_max: 56370
	F21_('E3', 'S3')_tb: 370
	F9_('S2', 'S3')_t4_min: 3801
	F31_('S2', 'E2')_tb: 25
	F7_('S3', 'S4')_rr: 1
	F22_queue_index: 0
	F34_('S2', 'S1')_t4_min: 12172
	F26_('S4', 'S3')_t4_max: 8494
	F0_('S4', 'S3')_t4_max: 24446
	F5_('S1', 'S2')_t4_min: 384
	F30_('E3', 'S3')_rr: 0
	F25_('S2', 'S3')_t4_min: 8350
	F5_('E1', 'S1')_t3_max: 357
	F13_('S2', 'S1')_rr: 16
	F39_('S2', 'S1')_rr: 16
	F1_('S2', 'S1')_t4_max: 252
	F25_('S3', 'S4')_t4_min: 8360
	F29_('S4', 'S5')_t4_max: 242
	F35_('E5', 'S5')_gc: False
	F21_('E3', 'S3')_t3_max: 357
	F5_('S3', 'S4')_t4_min: 412
	F25_('S5', 'E5')_gc: False
	F8_('S4', 'E4')_t4_min: 24381
	F14_('E5', 'S5')_tb: 3936
	F17_('E5', 'S5')_t5_max: 3864
	F25_('S2', 'S3')_t5_min: 8353
	F12_('S3', 'S2')_rr: 32
	F13_jitter: 18
	F1_jitter: 54
	F28_('S5', 'S4')_rr: 1
	F34_('S1', 'E1')_rr: 0
	F20_('S4', 'S5')_t4_max: 79814
	F23_('S1', 'E1')_t4_min: 40241
	F15_jitter: 0
	F20_('S2', 'S3')_t4_max: 79794
	F10_('S5', 'E5')_gc: False
	F12_('S1', 'E1')_t4_min: 281
	F24_('S3', 'S4')_gc: True
	F17_('E5', 'S5')_t3_max: 3839
	F6_queue_index: 0
	F18_('E3', 'S3')_rr: 0
	F25_('S5', 'E5')_t5_min: 8373
	F27_('E3', 'S3')_gc: False
	F31_('S2', 'E2')_t5_max: 85
	F37_('S3', 'S4')_rr: 0
	F25_('S1', 'S2')_t5_max: 8343
	('E2', 'S2')_gcl_cycle: 1
	F20_('S5', 'E5')_t3_min: 79819
	F35_('E5', 'S5')_t4_min: 478
	F20_('S2', 'S3')_t3_min: 79789
	F22_('S1', 'S2')_t4_min: 7751
	('S2', 'E2')_gcl_cycle: 128000
	F13_('S4', 'S3')_rr: 16
	F1_('S1', 'E1')_rr: 0
	F24_('E1', 'S1')_rr: 0
	F17_('E5', 'S5')_rr: 0
	F24_('S4', 'S5')_tb: 3782
	F9_('S2', 'S3')_rr: 0
	F34_('S3', 'S2')_t4_min: 12164
	('S3', 'E3')_gcl_cycle: 8000
	F24_('S3', 'S4')_t4_min: 3767
	F36_('E3', 'S3')_tb: 56323
	F16_('S5', 'S4')_tb: 28515
	F26_('S1', 'E1')_rr: 1
	F24_('S5', 'E5')_rr: 0
	F4_('S2', 'S3')_t4_max: 389
	F11_('S3', 'S2')_rr: 4
	F5_('S2', 'S3')_gc: False
	F36_('E3', 'S3')_t3_max: 56310
	F6_('S2', 'E2')_t4_min: 16015
	F39_('S1', 'E1')_t4_max: 125
	F24_('S2', 'S3')_gc: True
	F23_('S2', 'S1')_tb: 40236
	F6_('E1', 'S1')_rr: 0
	F24_('S2', 'S3')_rr: 32
	F18_('S3', 'S4')_t3_min: 60562
	F1_('S2', 'S1')_rr: 0
	F28_jitter: 54
	F4_('S4', 'E4')_rr: 0
	F18_('S3', 'S4')_rr: 0
	F1_('S3', 'S2')_t5_max: 232
	F3_('E5', 'S5')_rr: 0
	F2_('E5', 'S5')_gc: False
	F16_('S4', 'S3')_t4_min: 28544
	F16_('S2', 'S1')_tb: 28579
	F30_('S3', 'S4')_rr: 2
	F38_('S4', 'E4')_tb: 270
	F31_('S2', 'E2')_rr: 0
	F6_('S2', 'E2')_rr: 4
	F10_('E4', 'S4')_rr: 0
	F27_('S2', 'E2')_rr: 0
	F26_('S1', 'E1')_gc: True
	F29_('E3', 'S3')_t3_max: 199
	F39_('E4', 'S4')_rr: 0
	F13_('E4', 'S4')_t5_min: 160
	F5_('S1', 'S2')_gc: False
	F30_('S3', 'S4')_t5_max: 60541
	F0_('S1', 'E1')_rr: 0
	F14_('S4', 'S3')_t5_min: 3975
	F11_('S3', 'S2')_gc: True
	F15_('S4', 'S3')_t4_max: 190
	F34_('E3', 'S3')_t3_max: 12143
	F17_('S4', 'E4')_t3_max: 3903
	F27_('E3', 'S3')_rr: 0
	F23_('S2', 'S1')_gc: False
	F39_('E4', 'S4')_gc: False
	F20_('S3', 'S4')_t5_min: 79807
	F20_('S5', 'E5')_t4_max: 79824
	F29_('S3', 'S4')_gc: True
	F37_('E3', 'S3')_t3_max: 286
	F29_('S4', 'S5')_rr: 16
	F5_('S2', 'S3')_t5_min: 410
	F38_queue_index: 0
	F27_('S3', 'S2')_rr: 1
	F2_('S3', 'E3')_rr: 0
	F23_queue_index: 0
	('E1', 'S1')_gcl_cycle: 1
	F0_('S1', 'E1')_gc: False
	F10_('S5', 'E5')_tb: 24210
	F20_('S3', 'S4')_t4_min: 79804
	F28_('S3', 'S2')_rr: 0
	F18_jitter: 36
	('S1', 'S2')_gcl_cycle: 32000
	F13_('S4', 'S3')_t4_min: 167
	F13_('E4', 'S4')_t3_min: 156
	F34_('S2', 'S1')_tb: 12172
	F2_('S5', 'S4')_t3_min: 31897
	F19_('S2', 'S1')_t4_min: 124114
	F18_('S4', 'E4')_rr: 0
	F22_('S1', 'S2')_rr: 1
	F21_jitter: 18
	F19_('S1', 'E1')_t4_min: 124127
	F15_('S4', 'S3')_t5_min: 178
	F13_('S2', 'S1')_t5_max: 193
	F20_('S5', 'E5')_t4_min: 79824
	F11_queue_index: 0
	F15_('E4', 'S4')_gc: False
	F10_('E4', 'S4')_t4_max: 24196
	F30_('S3', 'S4')_gc: True
	F26_('S2', 'S1')_t4_min: 8524
	F3_('E5', 'S5')_t5_max: 28536
	F3_('S4', 'S3')_t4_min: 28573
	F4_('S2', 'S3')_t4_min: 389
	F33_('S2', 'E2')_gc: True
	F23_('S3', 'S2')_t4_max: 40231
	F15_queue_index: 0
	F24_('E1', 'S1')_t3_max: 3709
	F26_jitter: 0
	F29_('S3', 'S4')_t4_max: 227
	F2_('S4', 'S3')_t3_max: 31928
	F5_('S3', 'S4')_t4_max: 466
	F11_('E3', 'S3')_rr: 0
	F13_('S2', 'S1')_t3_max: 189
	('S1', 'E1')_gcl_cycle: 16000
	F2_('S4', 'S3')_rr: 0
	F27_('E3', 'S3')_t5_min: 72096
	F4_('S2', 'S3')_gc: True
	F24_('S3', 'S4')_rr: 32
	F20_('E2', 'S2')_rr: 0
	F27_('S2', 'E2')_gc: False
	F12_queue_index: 0
	F30_jitter: 18
	F36_('S3', 'S4')_t3_min: 56335
	F26_('S2', 'S1')_t4_max: 8524
	F38_('E5', 'S5')_t3_max: 245
	F4_('S2', 'S3')_t3_min: 384
	F1_('E3', 'S3')_gc: False
	F28_('S5', 'S4')_gc: True
	F20_jitter: 0
	F22_('S1', 'S2')_t4_max: 7751
	F8_('E3', 'S3')_t3_max: 24345
	F10_jitter: 36
	F24_('S2', 'S3')_t4_max: 3752
	F12_('S2', 'S1')_t3_max: 278
	F33_('S3', 'S2')_t4_max: 120247
	F11_('S3', 'S2')_t4_min: 24305
	F1_('S1', 'E1')_t4_min: 222
	F13_('E4', 'S4')_t4_max: 156
	F31_('S4', 'S3')_gc: False
	F0_('S3', 'S2')_t4_max: 24463
	F11_('S2', 'S1')_t4_max: 24317
	F24_('S5', 'E5')_gc: False
	F35_('S5', 'S4')_gc: False
	F39_jitter: 18
	F23_('S1', 'E1')_rr: 0
	F31_('E4', 'S4')_rr: 0
	F23_('S2', 'S1')_t4_max: 40254
	F16_('S1', 'E1')_gc: False
	F13_('S4', 'S3')_t4_max: 167
	F29_jitter: 18
	F20_('S5', 'E5')_rr: 1
	F31_('S4', 'S3')_rr: 0
	F39_('S2', 'S1')_gc: True
	F22_('E1', 'S1')_tb: 7742
	F4_('S4', 'E4')_t4_min: 404
	F37_('S4', 'E4')_rr: 0
	F33_queue_index: 0
	F17_('S5', 'S4')_t4_min: 3866
	F34_('S1', 'E1')_t5_min: 12176
	F16_('E5', 'S5')_gc: False
	F25_('E1', 'S1')_gc: False
	F24_('S1', 'S2')_gc: True
	F9_jitter: 18
	F13_('S4', 'S3')_t3_min: 162
	F26_('E5', 'S5')_gc: False
	F6_('S1', 'S2')_t5_max: 16008
	F24_('S2', 'S3')_t4_min: 3752
	F29_('S3', 'S4')_t4_min: 227
	F4_('S3', 'S4')_rr: 2
	F32_('E1', 'S1')_t5_min: 3721
	F0_queue_index: 0
	F28_('S5', 'S4')_t4_max: 28210
	F16_queue_index: 0
	F31_('S3', 'S2')_t4_min: 17
	F34_('S2', 'S1')_t4_max: 12172
	F11_('S1', 'E1')_rr: 0
	F14_('E5', 'S5')_t3_max: 3923
	F20_('S3', 'S4')_t4_max: 79804
	F23_('E3', 'S3')_tb: 40221
	F29_('S5', 'E5')_t4_min: 252
	F5_('S4', 'E4')_rr: 1
	F27_('S3', 'S2')_tb: 72103
	F31_('S4', 'S3')_t4_min: 9
	F7_('E3', 'S3')_rr: 0
	F24_('S4', 'S5')_rr: 32
	F23_('E3', 'S3')_rr: 0
	F33_('S3', 'S2')_gc: False
	F0_('S3', 'S2')_gc: True
	F35_('S4', 'E4')_gc: False
	F19_('E2', 'S2')_t4_min: 124101
	F39_('S1', 'E1')_gc: False
	F0_('S3', 'S2')_t4_min: 24463
	F16_('S1', 'E1')_t4_min: 28585
	F25_('S4', 'S5')_t4_max: 8383
	F25_('S1', 'S2')_t4_max: 8340
	F16_('S1', 'E1')_rr: 0
	F15_('S4', 'S3')_gc: False
	F15_('S3', 'E3')_t3_max: 203
	F22_('E1', 'S1')_rr: 0
	F14_('S4', 'S3')_t5_max: 3975
	F22_('E1', 'S1')_t3_max: 7729
	F39_('S3', 'S2')_rr: 0
	('E3', 'S3')_gcl_cycle: 1
	F25_('E1', 'S1')_rr: 0
	F24_jitter: 18
	F32_('S1', 'S2')_tb: 3728
	F7_('S3', 'S4')_t4_max: 107739
	F16_('S4', 'S3')_rr: 1
	F19_('E2', 'S2')_t3_max: 124088
	F16_('S5', 'S4')_t4_max: 28533
	F24_('E1', 'S1')_t4_max: 3722
	F15_('S3', 'E3')_rr: 1
	F20_('E2', 'S2')_gc: False
	('S5', 'S4')_gcl_length: 2
	F3_('E5', 'S5')_t3_max: 28513
	F9_('S3', 'S4')_gc: True
	F39_('S1', 'E1')_rr: 0
	F32_('E1', 'S1')_gc: False
	F7_jitter: 36
	F36_('S4', 'E4')_gc: False
	F2_queue_index: 0
	('S2', 'S1')_gcl_cycle: 64000
	F18_('S3', 'S4')_t4_min: 60562
	F6_('E1', 'S1')_t3_max: 15957
	F10_('S5', 'E5')_t4_max: 24246
	F28_('S3', 'S2')_gc: False
	F7_('E3', 'S3')_t4_min: 107728
	F15_('E4', 'S4')_t3_max: 151
	F26_('S2', 'S1')_t5_min: 8532
	F36_('S3', 'S4')_t5_max: 56350
	F25_('S3', 'S4')_t4_max: 8360
	F33_('S4', 'S3')_gc: False
	F34_jitter: 18
	F3_('S3', 'S2')_rr: 4
	F26_('S4', 'S3')_gc: True
	F39_('S2', 'S1')_t3_max: 104
	F22_('E1', 'S1')_gc: False
	F0_('S3', 'S2')_t3_max: 24463
	F21_('E3', 'S3')_rr: 0
	F9_('S4', 'E4')_t4_min: 3850
	F3_('E5', 'S5')_gc: False
	F21_('S5', 'E5')_gc: False
	F10_('E4', 'S4')_t4_min: 24196
	F1_('E3', 'S3')_rr: 0
	F37_('S4', 'E4')_t5_min: 315
	F25_jitter: 36
	F21_queue_index: 0
	F0_('S2', 'S1')_t4_min: 24475
	F1_('S3', 'S2')_gc: False
	F3_('S5', 'S4')_gc: False
	F32_('S2', 'E2')_gc: True
	F0_('S4', 'S3')_gc: True
	F12_('S2', 'S1')_t4_min: 273
	F21_('S4', 'S5')_t4_max: 400
	F23_('S3', 'S2')_gc: True
	F35_jitter: 36
	F25_('S5', 'E5')_rr: 0
	F16_('S3', 'S2')_gc: False
	F14_jitter: 18
	F10_('E4', 'S4')_gc: False
	F15_('S4', 'S3')_rr: 0
	F3_('S2', 'E2')_gc: True
	F32_('E1', 'S1')_rr: 0
	F9_('S3', 'S4')_t3_max: 3837
	F21_('S4', 'S5')_t5_max: 408
	F35_('E5', 'S5')_rr: 0
	F38_jitter: 36
	F14_('S3', 'E3')_t4_min: 3977
	F39_('S3', 'S2')_t4_max: 96
	F34_('E3', 'S3')_t4_min: 12156
	('E4', 'S4')_gcl_cycle: 1
	F39_('S1', 'E1')_tb: 107
	F24_('S2', 'S3')_t3_min: 3747
	F33_('S4', 'S3')_t4_min: 120197
	F19_('S2', 'S1')_gc: False
	F9_('E2', 'S2')_t5_min: 3799
	F1_('S3', 'S2')_t4_min: 210
	F1_('S2', 'S1')_t4_min: 216
	F8_('S4', 'E4')_rr: 0
	F3_jitter: 0
	F27_queue_index: 0
	F21_('S5', 'E5')_t4_min: 410
	F36_('S4', 'E4')_t4_min: 56352
	F34_('S3', 'S2')_gc: True
	F8_('E3', 'S3')_rr: 0
	F22_('S2', 'E2')_gc: True
	F11_('S3', 'S2')_t5_min: 24310
	F12_jitter: 36
	F38_('E5', 'S5')_rr: 0
	F28_('S4', 'S3')_rr: 0
	F17_queue_index: 0
	F3_('S5', 'S4')_t4_max: 28556
	F34_('S1', 'E1')_t4_min: 12175
	F19_('E2', 'S2')_tb: 124101
	F6_('E1', 'S1')_gc: False
	F8_queue_index: 0
	F11_('E3', 'S3')_t3_max: 24280
	F10_('S4', 'S5')_gc: False
	F29_('S5', 'E5')_gc: False
	F34_('S2', 'S1')_gc: True
	F18_('E3', 'S3')_t3_max: 60543
	F10_('S4', 'S5')_t3_min: 24203
	F8_('S3', 'S4')_rr: 4
	F13_('E4', 'S4')_rr: 0
	F23_('S3', 'S2')_t4_min: 40231
	('S3', 'S2')_gcl_cycle: 128000
	F25_('S3', 'S4')_gc: True
	F13_('S2', 'S1')_t4_min: 189
	F23_jitter: 36
	F2_('E5', 'S5')_t3_max: 31876
	F37_('E3', 'S3')_rr: 0
	F33_('S3', 'S2')_rr: 0
	F39_('S3', 'S2')_t4_min: 60
	F32_('S2', 'E2')_rr: 16
	F12_('S3', 'S2')_t4_max: 265
	F17_('E5', 'S5')_gc: False
	F7_('S4', 'S5')_t4_max: 107763
	F21_('S4', 'S5')_rr: 16
	F32_('S1', 'S2')_rr: 4
	F16_('S5', 'S4')_t4_min: 28515
	F37_queue_index: 0
	F31_queue_index: 0
	F19_('S2', 'S1')_t5_min: 124125
	F19_jitter: 36
	F21_('S5', 'E5')_tb: 410
	F22_('S2', 'E2')_t4_min: 7760
	F3_('S3', 'S2')_t4_max: 28590
	F38_('E5', 'S5')_tb: 258
	F15_('E4', 'S4')_rr: 0
	F3_('S3', 'S2')_t4_min: 28590
	F0_('S4', 'S3')_t4_min: 24446
	F12_('E3', 'S3')_gc: False
	F21_('E3', 'S3')_gc: False
	F23_('S3', 'S2')_rr: 2
	F28_('E5', 'S5')_gc: False
	F16_('S3', 'S2')_t4_min: 28550
	F5_('E1', 'S1')_gc: False
	F5_('E1', 'S1')_rr: 0
	F16_('E5', 'S5')_rr: 0
	F30_('S4', 'E4')_gc: False
	F33_('S2', 'E2')_rr: 1
	F31_('E4', 'S4')_gc: False
	F13_('E4', 'S4')_gc: False
	F36_('S3', 'S4')_gc: True
	F18_('S3', 'S4')_gc: False
	F25_('S2', 'S3')_tb: 8350
	('S4', 'E4')_gcl_cycle: 16000
	F12_('E3', 'S3')_t5_min: 258
	F7_('S5', 'E5')_t4_min: 107751
	F32_('S1', 'S2')_t4_max: 3728
	F8_('S4', 'E4')_tb: 24381
	F18_('S4', 'E4')_gc: False
	F39_('S3', 'S2')_t5_max: 97
	F14_('S4', 'S3')_gc: True
	F9_('E2', 'S2')_gc: False
	F10_('S4', 'S5')_t4_min: 24203
	F26_('E5', 'S5')_rr: 0
	F0_('S1', 'E1')_t4_min: 24487
	F35_queue_index: 0
	F9_('S4', 'E4')_gc: False
	F28_('S4', 'S3')_gc: False
	('S2', 'S3')_gcl_cycle: 128000
	F30_('E3', 'S3')_t3_max: 60509
	F25_('S4', 'S5')_t5_max: 8386
	F11_('S2', 'S1')_rr: 2
	F2_('S5', 'S4')_t4_max: 31915
	F16_('S5', 'S4')_rr: 0
	F16_('S2', 'S1')_rr: 1
	F28_('S2', 'E2')_rr: 0
	F25_('S2', 'S3')_gc: True
	F37_('S3', 'S4')_gc: False
	F36_queue_index: 0
	F2_('E5', 'S5')_rr: 0
	F39_('E4', 'S4')_t3_max: 41
	F8_('S3', 'S4')_tb: 24372
	F5_('S2', 'S3')_rr: 0
	F26_('S5', 'S4')_t5_min: 8469
	F17_('S4', 'E4')_gc: False
	F0_('E4', 'S4')_rr: 0
	F39_('S3', 'S2')_gc: False
	F15_('S4', 'S3')_t4_min: 172
	F9_('S3', 'S4')_rr: 32
	F7_('E3', 'S3')_t3_min: 107728
	F21_('S3', 'S4')_t4_min: 385
	F24_('S1', 'S2')_rr: 8
	F17_('S5', 'S4')_t4_max: 3884
	F5_queue_index: 0
	F9_('S3', 'S4')_t4_min: 3837
	F13_('S2', 'S1')_gc: True
	F24_('S3', 'S4')_t4_max: 3767
	F38_('E5', 'S5')_gc: False
	F13_('S3', 'S2')_gc: True
	F21_('S3', 'S4')_t4_max: 385
	F7_('S5', 'E5')_gc: False
	F1_('S1', 'E1')_gc: False
	F12_('S3', 'S2')_t3_min: 260
	F4_('S3', 'S4')_gc: True
	F35_('S4', 'E4')_rr: 0
	F39_('S2', 'S1')_t4_max: 104
	F31_('S2', 'E2')_t4_min: 25
	F13_('S1', 'E1')_gc: False
	F10_('S5', 'E5')_rr: 0
	F5_('S2', 'S3')_t4_min: 398
	F20_('S3', 'S4')_rr: 1
	F12_('E3', 'S3')_t3_max: 239
	F10_('S4', 'S5')_t4_max: 24221
	F37_jitter: 36
	F31_('S3', 'S2')_gc: False
	F26_('S3', 'S2')_rr: 8
	F24_('S5', 'E5')_t4_min: 3792
	F25_queue_index: 0
	F21_('S4', 'S5')_t4_min: 400
	F39_('S4', 'S3')_t4_min: 57
	F32_queue_index: 0
	F25_('S2', 'S3')_t4_max: 8350
	F16_('S4', 'S3')_t4_max: 28544
	F14_('E5', 'S5')_t4_min: 3936
	F34_('E3', 'S3')_gc: False
	F14_('E5', 'S5')_t5_max: 3940
	F30_('E3', 'S3')_t4_min: 60522
	F12_('S1', 'E1')_rr: 0
	F26_('S5', 'S4')_rr: 0
	F28_('E5', 'S5')_t3_max: 28187
	F38_('S4', 'E4')_rr: 0
	F38_('S4', 'E4')_gc: False
	F20_('S2', 'S3')_rr: 1
	F18_('S3', 'S4')_t4_max: 60580
	F15_('S3', 'E3')_t4_min: 203
	('S3', 'S4')_gcl_length: 232
	F9_('S2', 'S3')_gc: False
	F28_('S2', 'E2')_t4_min: 28225
	F13_('S1', 'E1')_rr: 0
	F2_('S4', 'S3')_gc: False
	F5_('S2', 'S3')_t4_max: 434
	F9_('S3', 'S4')_t4_max: 3837
	F16_('S5', 'S4')_gc: False
	F39_('S4', 'S3')_rr: 0
	F38_('S5', 'S4')_gc: False
	F14_('S3', 'E3')_gc: False
	F23_('S2', 'S1')_t3_max: 40241
	F25_('S2', 'S3')_t5_max: 8353
	F29_('E3', 'S3')_gc: False
	F7_('E3', 'S3')_gc: False
	F8_('S4', 'E4')_gc: False
	F35_('S5', 'S4')_t4_min: 488
	F13_('S3', 'S2')_t4_max: 178
	F9_('S3', 'S4')_t5_min: 3848
	F22_jitter: 0
	F37_('S3', 'S4')_t4_min: 305
	F29_('S5', 'E5')_rr: 0
	F25_('S3', 'S4')_rr: 8
	F21_('S3', 'S4')_t5_min: 393
	F30_('S4', 'E4')_t4_min: 60543
	F21_('E3', 'S3')_t5_max: 378
	F12_('S2', 'S1')_rr: 0
	F34_('S3', 'S2')_t4_max: 12164
	F4_('E2', 'S2')_gc: False
	F5_('S1', 'S2')_rr: 0
	F4_('S3', 'S4')_t3_max: 399
	F26_('S4', 'S3')_t4_min: 8494
	F7_('E3', 'S3')_t3_max: 107715
	F11_('S2', 'S1')_t4_min: 24317
	F14_('E5', 'S5')_rr: 0
	F7_('S5', 'E5')_rr: 0
	F5_('S3', 'S4')_gc: False
	F1_('E3', 'S3')_t5_max: 208
	F33_('E4', 'S4')_t3_max: 120170
	F35_('S5', 'S4')_t5_min: 496
	F36_jitter: 18
	F20_('S5', 'E5')_gc: True
	F31_('S3', 'S2')_t4_max: 53
	F26_('S4', 'S3')_rr: 4
	F13_('S1', 'E1')_t4_max: 213
	F37_('S3', 'S4')_t5_min: 309
	F13_('E4', 'S4')_t3_max: 143
	F24_('E1', 'S1')_gc: False
	F39_queue_index: 0
	F4_('S4', 'E4')_gc: False
	F2_('S4', 'S3')_t4_min: 31905
	F32_('S2', 'E2')_t4_min: 3738
	F12_('E3', 'S3')_rr: 0
	F0_('E4', 'S4')_t3_max: 24416
	F35_('S4', 'E4')_tb: 498
	F34_('E3', 'S3')_rr: 0
	F14_('S5', 'S4')_rr: 0
	F3_('S2', 'E2')_t4_min: 28607
	F27_('S3', 'S2')_t4_max: 72103
	F37_('E3', 'S3')_gc: False
	F13_('S4', 'S3')_gc: True
	F24_('S1', 'S2')_t4_max: 3737
	F28_('E5', 'S5')_t4_max: 28200
	F31_('E4', 'S4')_t4_max: 1
	F29_queue_index: 0
	F27_('E3', 'S3')_t3_max: 72071
	F27_('S2', 'E2')_t5_min: 72129
	F30_('S3', 'S4')_t4_max: 60535
	F8_jitter: 18
	F24_('S1', 'S2')_t4_min: 3737
	F27_('E3', 'S3')_t4_min: 72084
	F17_('S5', 'S4')_rr: 0
	F25_('S1', 'S2')_gc: True
	F8_('E3', 'S3')_gc: False
	F28_('S2', 'E2')_gc: False
	F35_('S4', 'E4')_t5_min: 506
	F14_('S4', 'S3')_rr: 16
	F25_('S4', 'S5')_rr: 0
	F1_('S3', 'S2')_rr: 0
	F23_('S2', 'S1')_rr: 0
	F31_('E4', 'S4')_t3_max: -12
	F13_('S1', 'E1')_tb: 195
	F35_('S5', 'S4')_t4_max: 506
	F12_('E3', 'S3')_t4_max: 252
	F21_('S3', 'S4')_t3_min: 380
	F33_jitter: 0
	F38_('S5', 'S4')_rr: 0
	F2_('S5', 'S4')_t4_min: 31897
	F25_('S2', 'S3')_rr: 8
	F33_('E4', 'S4')_tb: 120183
	F0_('S2', 'S1')_gc: False
	F21_('S4', 'S5')_gc: True
	F5_jitter: 0
	F30_('E3', 'S3')_gc: False
	F16_('E5', 'S5')_t3_min: 28509
	F19_('S2', 'S1')_rr: 0
	F19_queue_index: 0
	F6_('S1', 'S2')_t4_min: 15981
	F25_('S1', 'S2')_t4_min: 8340
	F20_('S2', 'S3')_tb: 79794
	F25_('S4', 'S5')_t4_min: 8365
	F9_('S4', 'E4')_rr: 0
	F0_('S2', 'S1')_t4_max: 24493
	F16_('S2', 'S1')_t4_min: 28579
	F28_('S3', 'S2')_t4_min: 28220
	F5_('E1', 'S1')_tb: 370
	F37_('S3', 'S4')_t4_max: 323
	F14_('S5', 'S4')_gc: False
	F4_jitter: 18
	F34_('S1', 'E1')_gc: False
	F35_('E5', 'S5')_t3_max: 465
	F20_queue_index: 0
	F5_('S3', 'S4')_rr: 0
	F17_('S5', 'S4')_gc: False
	F3_('S4', 'S3')_gc: True
	F2_('S5', 'S4')_rr: 0
	F26_('S1', 'E1')_t3_min: 8534
	F3_('S5', 'S4')_rr: 0
	F19_('S1', 'E1')_gc: False
	F17_('S5', 'S4')_t5_max: 3896
	F0_('S2', 'S1')_t3_max: 24480
	F14_queue_index: 0
	F15_('S3', 'E3')_gc: True
	F13_('S2', 'S1')_t4_max: 189
	F5_('S4', 'E4')_gc: True
	F16_('S2', 'S1')_gc: True
	F0_jitter: 36
	F16_('S3', 'S2')_t3_min: 28550
	F3_('S2', 'E2')_rr: 4
	F11_('S1', 'E1')_t4_min: 24324
	F36_('S3', 'S4')_rr: 2
	F33_('E4', 'S4')_rr: 0
	F19_('E2', 'S2')_gc: False
	F17_('S4', 'E4')_t4_min: 3880
	F13_('S1', 'E1')_t3_max: 200
	F29_('S4', 'S5')_gc: True
	F31_jitter: 54
	F34_queue_index: 0
	F18_('S4', 'E4')_t3_max: 60591
	F25_('S4', 'S5')_gc: False
	F6_jitter: 0
	F12_('S2', 'S1')_gc: False
	F33_('S4', 'S3')_t4_max: 120215
	F18_queue_index: 0
	F12_('S2', 'S1')_t4_max: 291
	F3_queue_index: 0
	F8_('S3', 'S4')_t4_max: 24372
	F33_('S4', 'S3')_rr: 0
	F9_('S2', 'S3')_t3_min: 3801
	F7_('S4', 'S5')_t5_max: 107767
	F38_('S4', 'E4')_t5_min: 274
	F4_('E2', 'S2')_t3_max: 366
	F28_queue_index: 0
	F13_('S3', 'S2')_t4_min: 178
	F24_('S4', 'S5')_gc: True
	F20_('S2', 'S3')_t4_min: 79794
	F26_('S3', 'S2')_t4_min: 8509
	F17_('S4', 'E4')_t3_min: 3880
	F10_('E4', 'S4')_t3_max: 24183
	F38_('S5', 'S4')_t4_min: 264
	F10_('S5', 'E5')_t4_min: 24210
	F4_('S3', 'S4')_t4_min: 399
	F5_('S1', 'S2')_t4_max: 402
	F39_('S4', 'S3')_gc: False
	F14_('S5', 'S4')_t4_max: 3960
	F38_('S5', 'S4')_t5_max: 286
	F14_('E5', 'S5')_t3_min: 3936
	F26_('S1', 'E1')_t4_min: 8539
	F11_('S3', 'S2')_t5_max: 24310
	F27_('S2', 'E2')_t4_min: 72117
	F20_('S4', 'S5')_rr: 1
	F33_('S2', 'E2')_t4_min: 120266
	('E5', 'S5')_gcl_cycle: 1
	F35_('S5', 'S4')_tb: 488
	F22_('S1', 'S2')_gc: True
	F23_('S2', 'S1')_t4_min: 40236
	F20_('S4', 'S5')_gc: True
	F23_('E3', 'S3')_gc: False
	F25_('S5', 'E5')_t4_min: 8370
	F9_('S4', 'E4')_t5_max: 3879
	F24_('S4', 'S5')_t4_max: 3782
	F18_('E3', 'S3')_gc: False
	F1_('S2', 'S1')_gc: False
	F39_('S2', 'S1')_t4_min: 104
	F23_('E3', 'S3')_t3_max: 40208
	F28_('E5', 'S5')_rr: 0
	F36_('S4', 'E4')_rr: 0
	F4_('S3', 'S4')_t5_min: 402
	F18_('E3', 'S3')_t4_min: 60556
	F26_('S5', 'S4')_t4_min: 8461
	F13_('S3', 'S2')_rr: 32
	F30_('S3', 'S4')_t4_min: 60535
	F30_('E3', 'S3')_t5_max: 60528
	F34_('S2', 'S1')_rr: 4
	F30_('S4', 'E4')_rr: 0
	F14_('E5', 'S5')_gc: False
	F4_('S3', 'S4')_t4_max: 399
	F5_('S4', 'E4')_t4_min: 485
	F28_('S4', 'S3')_t4_min: 28215
	F16_('S3', 'S2')_rr: 0
	F13_queue_index: 0
	F1_('S3', 'S2')_t4_max: 228
	F16_('S4', 'S3')_gc: True
	F29_('S4', 'S5')_t4_min: 242
	F39_('S1', 'E1')_t4_min: 107
	F20_('S4', 'S5')_t4_min: 79814
	F32_('E1', 'S1')_t3_min: 3718
	F11_jitter: 18
	F9_('E2', 'S2')_rr: 0
	F31_('S3', 'S2')_rr: 0
	F13_('S1', 'E1')_t4_min: 195
	F28_('E5', 'S5')_t5_max: 28203
	F26_('S2', 'S1')_rr: 4
	F21_('S3', 'S4')_gc: True
	F24_('E1', 'S1')_t5_min: 3730
	F27_jitter: 18
	F20_('E2', 'S2')_t4_max: 79784
	F12_('S1', 'E1')_gc: False
	('S3', 'S2')_gcl_length: 186
	F27_('S3', 'S2')_t3_min: 72098
	F34_('E3', 'S3')_t4_max: 12156
	F39_('S4', 'S3')_t4_max: 75
	F26_queue_index: 0
	F16_('E5', 'S5')_t3_max: 28496
	F29_('S3', 'S4')_t5_max: 235
	F19_('S1', 'E1')_rr: 0
	F26_('S2', 'S1')_gc: True
	F3_('S5', 'S4')_t4_min: 28538
	F2_('S4', 'S3')_t4_max: 31941
	F4_queue_index: 0
	F7_('S3', 'S4')_t4_min: 107739
	F14_('S5', 'S4')_t4_min: 3942
	F36_('S3', 'S4')_t4_min: 56340
	F24_('S5', 'E5')_t5_min: 3800
	('S4', 'E4')_gcl_length: 2
	F32_('S1', 'S2')_gc: True
	F26_('S3', 'S2')_gc: True
	F32_('S1', 'S2')_t4_min: 3728
	F23_('S1', 'E1')_gc: False
	F0_('S3', 'S2')_rr: 2
	F21_('S5', 'E5')_rr: 0
	F7_('S4', 'S5')_t4_min: 107745
	F10_queue_index: 0
	F3_('S4', 'S3')_t4_max: 28573
	F33_('S3', 'S2')_t4_min: 120211
	F20_('S4', 'S5')_tb: 79814
	F8_('S3', 'S4')_t4_min: 24372
	F28_('S5', 'S4')_t4_min: 28210
	F27_('S3', 'S2')_t4_min: 72103
	F10_('S4', 'S5')_rr: 0
	F36_('S3', 'S4')_t4_max: 56340
	F7_('S4', 'S5')_rr: 0
	F0_('E4', 'S4')_t5_min: 24439
	F20_('S3', 'S4')_tb: 79804
	F26_('S3', 'S2')_t4_max: 8509
	F28_('S3', 'S2')_t4_max: 28256
	('S4', 'S5')_gcl_cycle: 128000
	F9_('S4', 'E4')_t3_min: 3850
	F24_('S4', 'S5')_t4_min: 3782
	F38_('S4', 'E4')_t4_min: 270
	F37_('S4', 'E4')_t4_min: 311
	F14_('S4', 'S3')_t4_min: 3971
	F9_('S2', 'S3')_t4_max: 3819
	F30_queue_index: 0
	F1_('E3', 'S3')_t3_max: 191
	F12_('S3', 'S2')_gc: True
	('S5', 'S4')_gcl_cycle: 32000
	('S3', 'S4')_gcl_cycle: 128000
	F32_('E1', 'S1')_t3_max: 3705
	F2_('S3', 'E3')_t4_min: 31913
	F17_jitter: 36
	F0_('S4', 'S3')_rr: 1
	F4_('S2', 'S3')_tb: 389
	F12_('S3', 'S2')_t4_min: 265
	F4_('S2', 'S3')_rr: 2
	F9_queue_index: 0
	F7_('S4', 'S5')_gc: False
	F30_('E3', 'S3')_tb: 60522
	F26_('E5', 'S5')_t3_max: 8438
	F29_('S5', 'E5')_t5_max: 278
	F11_('E3', 'S3')_gc: False
	F19_('S2', 'S1')_t4_max: 124132
	F3_('S3', 'S2')_gc: True
	F26_('S5', 'S4')_t4_max: 8479
	F17_('S4', 'E4')_rr: 0
	F24_('S2', 'S3')_tb: 3752
	F20_('S3', 'S4')_gc: True
	F0_('E4', 'S4')_gc: False
	F9_('S3', 'S4')_t5_max: 3848
	F6_('S2', 'E2')_gc: True
	F8_('S3', 'S4')_t5_min: 24379
	F16_('E5', 'S5')_t5_min: 28513
	F13_('S3', 'S2')_t3_min: 173
	F31_('S2', 'E2')_gc: False
	F2_('S5', 'S4')_t5_min: 31903
	F22_('S2', 'E2')_rr: 4
	('S5', 'E5')_gcl_cycle: 128000
	F16_('S2', 'S1')_t4_max: 28579
	F23_('S1', 'E1')_t3_max: 40264
	F6_('S1', 'S2')_rr: 0
	F1_queue_index: 0
	F9_('E2', 'S2')_t3_max: 3775
	F6_('S2', 'E2')_t3_min: 15992
	F25_('E1', 'S1')_t3_max: 8317
	F36_('E3', 'S3')_rr: 0
	F38_('S5', 'S4')_t4_max: 282
	F2_('S3', 'E3')_gc: False
	F2_jitter: 54
	F11_('S3', 'S2')_t4_max: 24305
	F6_('S1', 'S2')_t4_max: 15999
	F7_('S3', 'S4')_gc: True
	F18_('S4', 'E4')_t4_min: 60568
	F16_jitter: 18
	F35_('S4', 'E4')_t4_min: 498
	F20_('E2', 'S2')_t3_max: 79771
	F14_('S4', 'S3')_t4_max: 3971
	F28_('S4', 'S3')_t4_max: 28233
	F4_('E2', 'S2')_rr: 0
	F31_('S4', 'S3')_t4_max: 27
	F25_('S1', 'S2')_rr: 2
	F29_('S3', 'S4')_rr: 16
	F21_('S3', 'S4')_rr: 16
	F20_('S2', 'S3')_gc: True
	F16_('E5', 'S5')_t4_max: 28509
	F34_('S3', 'S2')_rr: 8
	F24_queue_index: 0
	F3_('S4', 'S3')_rr: 2
	F11_('S2', 'S1')_gc: True
	F19_('E2', 'S2')_rr: 0
	F8_('S3', 'S4')_gc: True
	F11_('S1', 'E1')_gc: False
	F6_('S1', 'S2')_t3_min: 15981
	F29_('E3', 'S3')_rr: 0
	F16_('S3', 'S2')_t4_max: 28568
	F20_('S2', 'S3')_t3_max: 79794
	F29_('S3', 'S4')_t3_max: 227
	F14_('S5', 'S4')_t3_max: 3947
	F30_('S3', 'S4')_t3_max: 60535
	F27_('S3', 'S2')_t3_max: 72103
	F8_('S3', 'S4')_t3_max: 24372
	F3_('S5', 'S4')_t3_max: 28543
	F33_('S4', 'S3')_t3_max: 120202
	F4_('S2', 'S3')_t3_max: 389
	F23_('S3', 'S2')_t3_max: 40231
	F10_('S4', 'S5')_t3_max: 24208
	F13_('S4', 'S3')_t3_max: 167
	F7_('S3', 'S4')_t3_max: 107739
	F25_('S1', 'S2')_t3_max: 8340
	F21_('S3', 'S4')_t3_max: 385
	F15_('S4', 'S3')_t3_max: 177
	F32_('S1', 'S2')_t3_max: 3728
	F24_('S1', 'S2')_t3_max: 3737
	F22_('S1', 'S2')_t3_max: 7751
	F19_('S2', 'S1')_t3_max: 124119
	F16_('S5', 'S4')_t3_max: 28520
	F5_('S1', 'S2')_t3_max: 389
	F0_('S4', 'S3')_t3_max: 24446
	F31_('S4', 'S3')_t3_max: 14
	F36_('S3', 'S4')_t3_max: 56340
	F9_('S2', 'S3')_t3_max: 3806
	F34_('S3', 'S2')_t3_max: 12164
	F18_('S3', 'S4')_t3_max: 60567
	F17_('S5', 'S4')_t3_max: 3871
	F38_('S5', 'S4')_t3_max: 269
	F39_('S4', 'S3')_t3_max: 62
	F11_('S3', 'S2')_t3_max: 24305
	F1_('S3', 'S2')_t3_max: 215
	F35_('S5', 'S4')_t3_max: 493
	F12_('S3', 'S2')_t3_max: 265
	F28_('S5', 'S4')_t3_max: 28210
	F6_('S1', 'S2')_t3_max: 15986
	F37_('S3', 'S4')_t3_max: 310
	F26_('S5', 'S4')_t3_max: 8466
	F2_('S5', 'S4')_t3_max: 31902
	F34_('S2', 'S1')_t3_min: 12167
	F1_('E3', 'S3')_t3_min: 204
	F12_('S1', 'E1')_t4_max: 317
	F11_('E3', 'S3')_t4_max: 24293
	F39_('S2', 'S1')_t3_min: 63
	F29_('S4', 'S5')_t3_max: 242
	F14_('S4', 'S3')_tb: 3971
	F9_('E2', 'S2')_t5_max: 3799
	F10_('S4', 'S5')_t5_min: 24208
	F26_('E5', 'S5')_t3_min: 8451
	F28_('S2', 'E2')_t3_min: 28225
	F5_('S3', 'S4')_t5_max: 478
	F20_('E2', 'S2')_tb: 79784
	F19_('E2', 'S2')_t3_min: 124101
	F29_('E3', 'S3')_t5_max: 220
	F36_('S4', 'E4')_t5_max: 56380
	F14_('S3', 'E3')_t3_max: 3982
	F3_('S5', 'S4')_tb: 28538
	F36_('E3', 'S3')_t4_min: 56323
	F11_('S1', 'E1')_t4_max: 24342
	F35_('S5', 'S4')_t3_min: 488
	F28_('S4', 'S3')_t5_min: 28218
	F16_('S2', 'S1')_t3_max: 28579
	F11_('S2', 'S1')_tb: 24317
	F25_('S1', 'S2')_t3_min: 8335
	F23_('S1', 'E1')_t3_min: 40241
	F19_('S2', 'S1')_t3_min: 124114
	F17_('S5', 'S4')_tb: 3866
	F11_('S1', 'E1')_t3_min: 24324
	F10_('E4', 'S4')_tb: 24196
	F29_('S5', 'E5')_t4_max: 270
	F32_('E1', 'S1')_t4_min: 3718
	F7_('S5', 'E5')_t3_max: 107774
	F24_('E1', 'S1')_tb: 3722
	F39_('E4', 'S4')_tb: 54
	F11_('E3', 'S3')_t4_min: 24293
	F1_('S1', 'E1')_t3_max: 263
	('S5', 'E5')_gcl_length: 2
	F14_('E5', 'S5')_t4_max: 3936
	F14_('S4', 'S3')_t3_max: 3971
	F27_('S2', 'E2')_t3_min: 72117
	F14_('S5', 'S4')_t3_min: 3942
	F1_('S2', 'S1')_t3_max: 239
	F37_('E3', 'S3')_t4_min: 299
	F4_('S4', 'E4')_t3_min: 404
	F12_('E3', 'S3')_t4_min: 252
	F9_('S2', 'S3')_t5_min: 3812
	F3_('S3', 'S2')_t5_min: 28600
	F10_('S4', 'S5')_t5_max: 24226
	F15_('E4', 'S4')_t3_min: 164
	F26_('S4', 'S3')_t5_max: 8502
	F0_('S1', 'E1')_t3_max: 24510
	F21_('E3', 'S3')_t4_min: 370
	F0_('S2', 'S1')_t3_min: 24475
	('S1', 'S2')_gcl_length: 30
	F5_('S3', 'S4')_t3_max: 453
	F5_('E1', 'S1')_t4_max: 370
	F31_('S4', 'S3')_t3_min: 9
	F10_('E4', 'S4')_t5_min: 24201
	F19_('S2', 'S1')_t5_max: 124143
	('S1', 'E1')_gcl_length: 2
	F3_('E5', 'S5')_t3_min: 28526
	F28_('S5', 'S4')_t5_max: 28213
	F30_('E3', 'S3')_t4_max: 60522
	F18_('E3', 'S3')_t4_max: 60556
	F15_('S3', 'E3')_t4_max: 203
	F4_('S3', 'S4')_tb: 399
	F28_('S4', 'S3')_t3_max: 28220
	F20_('S3', 'S4')_t5_max: 79807
	F4_('S4', 'E4')_t3_max: 409
	F3_('E5', 'S5')_t5_min: 28536
	F1_('S1', 'E1')_t5_min: 226
	F29_('S3', 'S4')_t3_min: 222
	F23_('S3', 'S2')_t5_min: 40234
	F25_('S3', 'S4')_t3_max: 8360
	F28_('E5', 'S5')_t3_min: 28200
	F35_('S5', 'S4')_t5_max: 514
	F23_('S2', 'S1')_t3_min: 40236
	F37_('E3', 'S3')_t5_max: 303
	F24_('S1', 'S2')_t5_min: 3745
	F6_('S1', 'S2')_tb: 15981
	F12_('S1', 'E1')_tb: 281
	F38_('E5', 'S5')_t3_min: 258
	F24_('E1', 'S1')_t3_min: 3722
	F4_('S3', 'S4')_t5_max: 402
	F36_('E3', 'S3')_t4_max: 56323
	F35_('S4', 'E4')_t4_max: 534
	F33_('E4', 'S4')_t5_min: 120195
	F2_('E5', 'S5')_t5_max: 31895
	F29_('E3', 'S3')_tb: 212
	F17_('S4', 'E4')_t4_max: 3916
	F26_('S4', 'S3')_tb: 8494
	F5_('S1', 'S2')_t5_max: 414
	F20_('S3', 'S4')_t3_min: 79799
	('S2', 'S3')_gcl_length: 86
	F34_('S3', 'S2')_t3_min: 12159
	F29_('S4', 'S5')_t5_max: 250
	F28_('S5', 'S4')_t3_min: 28205
	F38_('S5', 'S4')_t5_min: 268
	F39_('S2', 'S1')_t5_max: 105
	F5_('S2', 'S3')_tb: 398
	F0_('S4', 'S3')_t3_min: 24441
	F15_('S3', 'E3')_t5_min: 209
	F8_('S4', 'E4')_t3_min: 24381
	F2_('S3', 'E3')_t3_min: 31913
	F33_('S2', 'E2')_tb: 120266
	F9_('S2', 'S3')_t5_max: 3830
	F2_('S5', 'S4')_tb: 31897
	F39_('E4', 'S4')_t3_min: 54
	F18_('S4', 'E4')_t4_max: 60604
	F28_('S2', 'E2')_tb: 28225
	F38_('S5', 'S4')_t3_min: 264
	F3_('S3', 'S2')_t5_max: 28600
	F38_('S4', 'E4')_t3_min: 270
	F3_('S2', 'E2')_tb: 28607
	F0_('E4', 'S4')_t3_min: 24429
	F3_('E5', 'S5')_t4_max: 28526
	F24_('S1', 'S2')_t5_max: 3745
	F31_('S4', 'S3')_tb: 9
	F27_('E3', 'S3')_t5_max: 72096
	F39_('S4', 'S3')_tb: 57
	F23_('S1', 'E1')_t5_min: 40244
	F4_('E2', 'S2')_tb: 379
	F3_('E5', 'S5')_tb: 28526
	F32_('S2', 'E2')_t3_max: 3738
	('S3', 'E3')_gcl_length: 2
	F34_('E3', 'S3')_t3_min: 12156
	F2_('E5', 'S5')_tb: 31889
	('E2', 'S2')_gcl_length: 0
	F18_('S4', 'E4')_t3_min: 60568
	F36_('S4', 'E4')_tb: 56352
	F34_('S1', 'E1')_t4_max: 12193
	F13_('S1', 'E1')_t5_max: 217
	F7_('S3', 'S4')_t3_min: 107734
	F6_('S2', 'E2')_t4_max: 16015
	F28_('S3', 'S2')_t3_max: 28243
	F22_('E1', 'S1')_t4_min: 7742
	F9_('S4', 'E4')_tb: 3850
	F1_('S3', 'S2')_tb: 210
	F12_('S3', 'S2')_t5_min: 271
	F37_('E3', 'S3')_tb: 299
	F19_('S1', 'E1')_t3_max: 124150
	F20_('S4', 'S5')_t3_max: 79814
	F14_('S3', 'E3')_t5_min: 3981
	('S4', 'S5')_gcl_length: 130
	F5_('S4', 'E4')_t4_max: 485
	F36_('E3', 'S3')_t5_min: 56333
	F3_('S3', 'S2')_tb: 28590
	F6_('E1', 'S1')_tb: 15970
	F38_('S4', 'E4')_t3_max: 293
	F5_('S1', 'S2')_tb: 384
	F7_('S4', 'S5')_t5_min: 107749
	F2_('S4', 'S3')_t3_min: 31905
	F39_('S1', 'E1')_t5_max: 126
	F28_('S2', 'E2')_t3_max: 28266
	F14_('S3', 'E3')_t5_max: 3999
	F32_('S2', 'E2')_t4_max: 3738
	F33_('E4', 'S4')_t3_min: 120183
	F30_('S3', 'S4')_t5_min: 60541
	F2_('E5', 'S5')_t3_min: 31889
	F39_('S3', 'S2')_t3_max: 83
	F17_('E5', 'S5')_t4_max: 3852
	F16_('S1', 'E1')_t3_max: 28590
	F30_('S4', 'E4')_t5_max: 60567
	F20_('S5', 'E5')_tb: 79824
	F9_('S4', 'E4')_t5_min: 3861
	('E4', 'S4')_gcl_length: 0
	F25_('S4', 'S5')_t5_min: 8368
	F24_('S1', 'S2')_tb: 3737
	F17_('S5', 'S4')_t3_min: 3866
	F36_('E3', 'S3')_t5_max: 56333
	F5_('S4', 'E4')_tb: 485
	F29_('S5', 'E5')_t3_max: 257
	F24_('S2', 'S3')_t3_max: 3752
	F26_('S4', 'S3')_t3_min: 8471
	F0_('E4', 'S4')_tb: 24429
	F16_('E5', 'S5')_t4_min: 28509
	F39_('S2', 'S1')_tb: 104
	F22_('S2', 'E2')_t4_max: 7760
	('E1', 'S1')_gcl_length: 0
	F10_('S5', 'E5')_t5_max: 24251
	F8_('S4', 'E4')_t5_min: 24388
	F28_('S4', 'S3')_t3_min: 28215
	F27_('E3', 'S3')_tb: 72084
	F31_('S4', 'S3')_t5_max: 33
	F8_('S4', 'E4')_t5_max: 24406
	F26_('S4', 'S3')_t5_min: 8502
	F36_('S3', 'S4')_t5_min: 56350
	F16_('S5', 'S4')_t5_max: 28537
	F27_('S2', 'E2')_t4_max: 72135
	F3_('S2', 'E2')_t3_min: 28602
	F18_('S4', 'E4')_t5_max: 60608
	F17_('S4', 'E4')_t5_min: 3892
	F28_('S2', 'E2')_t5_min: 28228
	F25_('S4', 'S5')_t3_min: 8365
	F39_('S3', 'S2')_t5_min: 61
	F0_('S3', 'S2')_t5_max: 24473
	F2_('S3', 'E3')_tb: 31913
	F17_('S4', 'E4')_tb: 3880
	F15_('E4', 'S4')_t4_min: 164
	F14_('S3', 'E3')_t3_min: 3977
	F25_('S4', 'S5')_t3_max: 8370
	F32_('S1', 'S2')_t5_max: 3731
	F30_('E3', 'S3')_t5_min: 60528
	F4_('S4', 'E4')_t4_max: 422
	F12_('S2', 'S1')_t5_max: 297
	F25_('S3', 'S4')_tb: 8360
	F29_('S4', 'S5')_t5_min: 250
	F30_('S4', 'E4')_tb: 60543
	F17_('S4', 'E4')_t5_max: 3928
	F28_('S2', 'E2')_t5_max: 28282
	F13_('S1', 'E1')_t3_min: 195
	F1_('S2', 'S1')_t5_max: 256
	F38_('E5', 'S5')_t4_max: 258
	F27_('S3', 'S2')_t5_max: 72115
	F5_('S2', 'S3')_t3_max: 421
	F13_('S3', 'S2')_t5_min: 182
	F26_('S3', 'S2')_t3_max: 8509
	F18_('E3', 'S3')_t3_min: 60556
	F0_('S3', 'S2')_t5_min: 24473
	F26_('S1', 'E1')_t5_max: 8547
	F29_('E3', 'S3')_t3_min: 212
	F39_('S2', 'S1')_t5_min: 105
	F31_('S2', 'E2')_t4_max: 79
	F19_('E2', 'S2')_t5_min: 124112
	F16_('S3', 'S2')_t5_min: 28554
	F5_('S2', 'S3')_t3_min: 398
	F0_('S1', 'E1')_t4_max: 24523
	F27_('E3', 'S3')_t3_min: 72084
	F29_('S5', 'E5')_t3_min: 252
	F27_('E3', 'S3')_t4_max: 72084
	F9_('S3', 'S4')_tb: 3837
	F2_('S3', 'E3')_t4_max: 31967
	F33_('S4', 'S3')_t3_min: 120197
	F2_('S4', 'S3')_t5_min: 31911
	F10_('S4', 'S5')_tb: 24203
	F4_('E2', 'S2')_t3_min: 379
	F17_('E5', 'S5')_t4_min: 3852
	F26_('S5', 'S4')_t3_min: 8461
	F6_('S2', 'E2')_t5_min: 16024
	F25_('E1', 'S1')_tb: 8330
	F13_('S4', 'S3')_tb: 167
	F31_('S2', 'E2')_t3_max: 66
	F24_('S3', 'S4')_tb: 3767
	F5_('S4', 'E4')_t3_max: 485
	F35_('E5', 'S5')_t5_min: 486
	F23_('S3', 'S2')_t3_min: 40226
	F2_('S3', 'E3')_t5_max: 31973
	F26_('E5', 'S5')_t4_max: 8451
	F13_('E4', 'S4')_t4_min: 156
	F16_('S1', 'E1')_t5_min: 28589
	F28_('S3', 'S2')_t5_max: 28259
	F6_('E1', 'S1')_t5_max: 15979
	F20_('E2', 'S2')_t5_max: 79787
	F13_('S3', 'S2')_tb: 178
	F37_('S4', 'E4')_t4_max: 347
	F22_('S2', 'E2')_t3_min: 7755
	F32_('S1', 'S2')_t3_min: 3723
	F8_('S4', 'E4')_t3_max: 24386
	F22_('S1', 'S2')_t3_min: 7746
	F36_('S4', 'E4')_t3_min: 56352
	F4_('S4', 'E4')_t5_max: 425
	F23_('S1', 'E1')_t5_max: 40280
	F39_('S3', 'S2')_tb: 60
	F39_('S1', 'E1')_t3_max: 112
	F5_('S4', 'E4')_t3_min: 426
	F37_('S3', 'S4')_tb: 305
	F36_('S3', 'S4')_tb: 56340
	F34_('S1', 'E1')_tb: 12175
	F39_('E4', 'S4')_t5_max: 55
	F7_('E3', 'S3')_t5_min: 107732
	F12_('E3', 'S3')_tb: 252
	F39_('S3', 'S2')_t3_min: 60
	F22_('S1', 'S2')_t5_min: 7753
	F11_('S2', 'S1')_t5_min: 24322
	F9_('E2', 'S2')_t4_max: 3788
	F25_('S5', 'E5')_tb: 8370
	('E5', 'S5')_gcl_length: 0
	F24_('S2', 'S3')_t5_max: 3760
	F11_('S1', 'E1')_tb: 24324
	F30_('S4', 'E4')_t4_max: 60561
	F5_('S3', 'S4')_t3_min: 412
	F5_('E1', 'S1')_t5_max: 382
	F33_('S3', 'S2')_t5_min: 120223
	F22_('E1', 'S1')_t3_min: 7742
	F24_('E1', 'S1')_t4_min: 3722
	F16_('S2', 'S1')_t5_min: 28583
	F6_('S1', 'S2')_t5_min: 15990
	F26_('E5', 'S5')_t4_min: 8451
	F1_('E3', 'S3')_t4_max: 204
	('E3', 'S3')_gcl_length: 0
	F16_('S5', 'S4')_t5_min: 28519
	F16_('S1', 'E1')_tb: 28585
	F34_('S1', 'E1')_t5_max: 12194
	F33_('S2', 'E2')_t5_min: 120278
	F16_('S2', 'S1')_t5_max: 28583
	F12_('E3', 'S3')_t5_max: 258
	F0_('S4', 'S3')_t5_max: 24456
	F16_('S4', 'S3')_t5_max: 28548
	F5_('E1', 'S1')_t4_min: 370
	F11_('S2', 'S1')_t5_max: 24322
	F14_('S5', 'S4')_t5_min: 3946
	F7_('S5', 'E5')_t5_max: 107791
	F22_('S1', 'S2')_t5_max: 7753
	F24_('S4', 'S5')_t5_max: 3790
	F15_('S4', 'S3')_tb: 172
	F29_('E3', 'S3')_t5_min: 220
	F10_('S5', 'E5')_t3_max: 24233
	F19_('S1', 'E1')_t3_min: 124127
	F11_('E3', 'S3')_t5_max: 24298
	F31_('S2', 'E2')_t5_min: 31
	F25_('S5', 'E5')_t4_max: 8406
	F23_('E3', 'S3')_t4_max: 40221
	F16_('S1', 'E1')_t3_min: 28585
	F19_('E2', 'S2')_t5_max: 124112
	F33_('S2', 'E2')_t5_max: 120278
	F13_('S2', 'S1')_t3_min: 184
	F9_('S4', 'E4')_t4_max: 3868
	F16_('S4', 'S3')_t3_max: 28544
	F32_('E1', 'S1')_tb: 3718
	F6_('E1', 'S1')_t4_min: 15970
	F29_('S5', 'E5')_tb: 252
	F32_('E1', 'S1')_t4_max: 3718
	F15_('S3', 'E3')_tb: 203
	F33_('S4', 'S3')_t5_min: 120209
	F15_('S3', 'E3')_t5_max: 209
	F7_('S4', 'S5')_tb: 107745
	F39_('S1', 'E1')_t5_min: 108
	F11_('S1', 'E1')_t5_max: 24347
	F10_('E4', 'S4')_t5_max: 24201
	F24_('S4', 'S5')_t3_min: 3777
	F26_('S1', 'E1')_t5_min: 8547
	F26_('S3', 'S2')_t5_min: 8517
	F29_('S5', 'E5')_t5_min: 260
	F0_('E4', 'S4')_t5_max: 24439
	F21_('S4', 'S5')_t3_max: 400
	F30_('S3', 'S4')_tb: 60535
	F19_('S1', 'E1')_t4_max: 124163
	F23_('E3', 'S3')_t5_min: 40224
	F15_('S4', 'S3')_t5_max: 196
	F31_('S2', 'E2')_t3_min: 25
	F15_('E4', 'S4')_t4_max: 164
	F28_('S3', 'S2')_t3_min: 28220
	F9_('E2', 'S2')_t4_min: 3788
	F3_('S5', 'S4')_t3_min: 28538
	F30_('S4', 'E4')_t5_min: 60549
	F33_('S4', 'S3')_t5_max: 120227
	F30_('E3', 'S3')_t3_min: 60522
	('S4', 'S3')_gcl_length: 80
	F30_('S3', 'S4')_t3_min: 60530
	F23_('E3', 'S3')_t5_max: 40224
	F39_('S4', 'S3')_t5_max: 76
	F5_('S4', 'E4')_t5_max: 497
	F0_('S4', 'S3')_t5_min: 24456
	F37_('S4', 'E4')_tb: 311
	F31_('S3', 'S2')_t5_min: 23
	F3_('S5', 'S4')_t5_max: 28566
	F25_('E1', 'S1')_t3_min: 8330
	F31_('E4', 'S4')_t3_min: 1
	F4_('S4', 'E4')_tb: 404
	F23_('S1', 'E1')_tb: 40241
	F7_('S4', 'S5')_t3_max: 107750
	F34_('S1', 'E1')_t3_max: 12180
	F25_('S1', 'S2')_t5_min: 8343
	F12_('S1', 'E1')_t3_max: 304
	F35_('S4', 'E4')_t3_min: 498
	F22_('S2', 'E2')_t5_max: 7762
	F26_('S1', 'E1')_t4_max: 8539
	F13_('S4', 'S3')_t5_min: 171
	F26_('E5', 'S5')_t5_min: 8459
	F17_('E5', 'S5')_tb: 3852
	F12_('S1', 'E1')_t3_min: 281
	F24_('S4', 'S5')_t3_max: 3782
	F11_('E3', 'S3')_tb: 24293
	F14_('S4', 'S3')_t3_min: 3948
	F28_('S5', 'S4')_tb: 28210
	F10_('S5', 'E5')_t3_min: 24210
	F6_('S2', 'E2')_tb: 16015
	F32_('S2', 'E2')_t3_min: 3733
	F29_('E3', 'S3')_t4_max: 212
	F28_('S4', 'S3')_t5_max: 28236
	F4_('E2', 'S2')_t4_min: 379
	F0_('S1', 'E1')_tb: 24487
	F11_('E3', 'S3')_t5_min: 24298
	F33_('S2', 'E2')_t4_max: 120266
	F26_('S1', 'E1')_t3_max: 8539
	F3_('S2', 'E2')_t3_max: 28607
	F21_('S3', 'S4')_t5_max: 393
	F25_('E1', 'S1')_t4_min: 8330
	F26_('S3', 'S2')_t3_min: 8504
	F31_('E4', 'S4')_t5_max: 7
	F38_('S5', 'S4')_tb: 264
	F8_('S3', 'S4')_t5_max: 24379
	F28_('E5', 'S5')_t4_min: 28200
	F26_('S3', 'S2')_t5_max: 8517
	F14_('E5', 'S5')_t5_min: 3940
	F12_('S2', 'S1')_t3_min: 273
	F25_('S5', 'E5')_t3_max: 8393
	F18_('S4', 'E4')_t5_min: 60572
	F18_('E3', 'S3')_t5_max: 60560
	F27_('S2', 'E2')_t3_max: 72122
	F6_('S2', 'E2')_t5_max: 16024
	F29_('S3', 'S4')_t5_min: 235
	F16_('E5', 'S5')_t5_max: 28513
	F21_('E3', 'S3')_t5_min: 378
	F37_('S4', 'E4')_t3_max: 334
	F3_('S2', 'E2')_t4_max: 28607
	F35_('E5', 'S5')_tb: 478
	F28_('E5', 'S5')_t5_min: 28203
	F26_('E5', 'S5')_tb: 8451
	F4_('S4', 'E4')_t5_min: 407
	F33_('S3', 'S2')_t5_max: 120259
	F32_('E1', 'S1')_t5_max: 3721
	F25_('S5', 'E5')_t3_min: 8370
	F23_('S3', 'S2')_t5_max: 40234
	F10_('S5', 'E5')_t5_min: 24215
	F13_('S2', 'S1')_t5_min: 193
	F28_('S3', 'S2')_t5_min: 28223
	F2_('S4', 'S3')_tb: 31905
	F6_('E1', 'S1')_t5_min: 15979
	F12_('S1', 'E1')_t5_min: 287
	F20_('S3', 'S4')_t3_max: 79804
	F19_('S1', 'E1')_tb: 124127
	F1_('S2', 'S1')_t3_min: 216
	F16_('S4', 'S3')_t3_min: 28521
	F24_('S5', 'E5')_t3_max: 3797
	F7_('S5', 'E5')_t5_min: 107755
	F21_('S4', 'S5')_tb: 400
	F39_('S4', 'S3')_t3_min: 57
	F7_('S3', 'S4')_t5_min: 107743
	F3_('E5', 'S5')_t4_min: 28526
	F9_('E2', 'S2')_t3_min: 3788
	F21_('S5', 'E5')_t5_min: 418
	F20_('E2', 'S2')_t5_min: 79787
	F38_('E5', 'S5')_t5_min: 262
	F8_('E3', 'S3')_t5_min: 24365
	F0_('S2', 'S1')_tb: 24475
	F7_('S3', 'S4')_t5_max: 107743
	F2_('S3', 'E3')_t5_min: 31919
	F3_('S5', 'S4')_t5_min: 28548
	F1_('E3', 'S3')_t5_min: 208
	F24_('S3', 'S4')_t3_min: 3762
	F3_('S4', 'S3')_tb: 28573
	F21_('S5', 'E5')_t5_max: 436
	F8_('E3', 'S3')_tb: 24358
	F24_('S5', 'E5')_tb: 3792
	F25_('S4', 'S5')_tb: 8365
	F31_('E4', 'S4')_tb: 1
	F31_('E4', 'S4')_t4_min: 1
	F25_('S5', 'E5')_t5_max: 8409
	F34_('S3', 'S2')_t5_max: 12165
	F36_('E3', 'S3')_t3_min: 56323
	F1_('E3', 'S3')_t4_min: 204
	F8_('S3', 'S4')_t3_min: 24367
	F0_('S2', 'S1')_t5_min: 24485
	F33_('E4', 'S4')_t4_min: 120183
	F5_('S3', 'S4')_tb: 412
	F33_('S2', 'E2')_t3_min: 120225
	F24_('S3', 'S4')_t5_min: 3775
	F20_('S4', 'S5')_t5_max: 79817
	F37_('E3', 'S3')_t5_min: 303
	F34_('E3', 'S3')_tb: 12156
	F25_('E1', 'S1')_t5_max: 8333
	F24_('S3', 'S4')_t5_max: 3775
	F9_('E2', 'S2')_tb: 3788
	F25_('E1', 'S1')_t4_max: 8330
	F9_('S3', 'S4')_t3_min: 3814
	F37_('E3', 'S3')_t3_min: 299
	F23_('S2', 'S1')_t5_min: 40239
	F16_('E5', 'S5')_tb: 28509
	F39_('E4', 'S4')_t5_min: 55
	F7_('S3', 'S4')_tb: 107739
	F20_('S5', 'E5')_t3_max: 79824
	F13_('S3', 'S2')_t3_max: 178
	F14_('S3', 'E3')_tb: 3977
	F20_('S5', 'E5')_t5_min: 79827
	F1_('S1', 'E1')_t3_min: 222
	F33_('S3', 'S2')_t3_max: 120234
	F7_('S4', 'S5')_t3_min: 107745
	F22_('S1', 'S2')_tb: 7751
	F39_('E4', 'S4')_t4_max: 54
	F17_('S5', 'S4')_t5_min: 3878
	F27_('S3', 'S2')_t5_min: 72115
	F0_('S3', 'S2')_tb: 24463
	F15_('S4', 'S3')_t3_min: 172
	F25_('S3', 'S4')_t3_min: 8355
	F35_('E5', 'S5')_t4_max: 478
	F38_('S4', 'E4')_t5_max: 310
	F39_('E4', 'S4')_t4_min: 54
	F26_('S2', 'S1')_t3_max: 8524
	F34_('S3', 'S2')_tb: 12164
	F31_('S4', 'S3')_t5_min: 15
	F3_('S4', 'S3')_t3_min: 28550
	F33_('S4', 'S3')_tb: 120197
	F38_('S4', 'E4')_t4_max: 306
	F15_('S3', 'E3')_t3_min: 180
	F26_('S4', 'S3')_t3_max: 8494
	F18_('S3', 'S4')_t5_max: 60584
	F24_('S4', 'S5')_t5_min: 3790
	F26_('S3', 'S2')_tb: 8509
	F22_('S2', 'E2')_tb: 7760
	F15_('E4', 'S4')_tb: 164
	F31_('S3', 'S2')_t5_max: 59
	F17_('E5', 'S5')_t3_min: 3852
	F11_('S2', 'S1')_t3_min: 24312
	F5_('S1', 'S2')_t5_min: 396
	F34_('S3', 'S2')_t5_min: 12165
	F15_('E4', 'S4')_t5_max: 170
	F19_('S2', 'S1')_tb: 124114
	F7_('E3', 'S3')_t5_max: 107732
	F2_('S5', 'S4')_t5_max: 31921
	F30_('S4', 'E4')_t3_min: 60543
	F28_('S5', 'S4')_t5_min: 28213
	F11_('S2', 'S1')_t3_max: 24317
	F36_('S4', 'E4')_t5_min: 56362
	F12_('E3', 'S3')_t3_min: 252
	F24_('S5', 'E5')_t5_max: 3818
	F2_('S4', 'S3')_t5_max: 31947
	F34_('E3', 'S3')_t5_min: 12157
	F0_('E4', 'S4')_t4_max: 24429
	F12_('S2', 'S1')_t5_min: 279
	F32_('S2', 'E2')_tb: 3738
	F22_('E1', 'S1')_t5_min: 7744
	F4_('S2', 'S3')_t5_min: 392
	F33_('S2', 'E2')_t3_max: 120266
	F13_('S3', 'S2')_t5_max: 182
	F23_('S2', 'S1')_t5_max: 40257
	F34_('S1', 'E1')_t3_min: 12175
	F34_('S2', 'S1')_t3_max: 12172
	F18_('E3', 'S3')_tb: 60556
	F29_('S4', 'S5')_t3_min: 237
	F20_('E2', 'S2')_t3_min: 79784
	F24_('S5', 'E5')_t4_max: 3810
	F27_('S2', 'E2')_tb: 72117
	('S2', 'S1')_gcl_length: 86
	F5_('E1', 'S1')_t3_min: 370
	F26_('E5', 'S5')_t5_max: 8459
	F29_('S3', 'S4')_tb: 227
	F7_('S5', 'E5')_t4_max: 107787
	F20_('S2', 'S3')_t5_max: 79797
	F21_('E3', 'S3')_t3_min: 370
	F22_('S2', 'E2')_t3_max: 7760
	F30_('S4', 'E4')_t3_max: 60548
	F25_('S3', 'S4')_t5_min: 8363
	F11_('S3', 'S2')_tb: 24305
	F32_('S1', 'S2')_t5_min: 3731
	F20_('E2', 'S2')_t4_min: 79784
	F24_('S3', 'S4')_t3_max: 3767
	F3_('S4', 'S3')_t5_min: 28583
	F25_('S1', 'S2')_tb: 8340
	F7_('S5', 'E5')_tb: 107751
	F26_('S5', 'S4')_tb: 8461
	F31_('S3', 'S2')_tb: 17
	F26_('S5', 'S4')_t5_max: 8487
	F4_('S2', 'S3')_t5_max: 392
	F18_('S3', 'S4')_tb: 60562
	F10_('E4', 'S4')_t3_min: 24196
	F22_('E1', 'S1')_t4_max: 7742
	F13_('S2', 'S1')_tb: 189
	F25_('E1', 'S1')_t5_min: 8333
	F21_('S4', 'S5')_t5_min: 408
	F15_('E4', 'S4')_t5_min: 170
	F9_('S4', 'E4')_t3_max: 3855
	F2_('E5', 'S5')_t5_min: 31895
	F37_('E3', 'S3')_t4_max: 299
	F21_('S5', 'E5')_t3_min: 410
	F16_('S1', 'E1')_t4_max: 28603
	F39_('S1', 'E1')_t3_min: 107
	F16_('S4', 'S3')_tb: 28544
	F3_('S3', 'S2')_t3_max: 28590
	F14_('S5', 'S4')_tb: 3942
	F27_('S2', 'E2')_t5_max: 72147
	F31_('S3', 'S2')_t3_min: 17
	F2_('E5', 'S5')_t4_max: 31889
	F1_('S1', 'E1')_tb: 222
	F25_('S2', 'S3')_t3_min: 8345
	F25_('S2', 'S3')_t3_max: 8350
	F19_('S1', 'E1')_t5_max: 124174
	F14_('S5', 'S4')_t5_max: 3964
	F13_('E4', 'S4')_t5_max: 160
	F16_('S1', 'E1')_t5_max: 28607
	F23_('E3', 'S3')_t4_min: 40221
	F2_('S3', 'E3')_t3_max: 31954
	F3_('S3', 'S2')_t3_min: 28585
	F22_('E1', 'S1')_t5_max: 7744
	F28_('S4', 'S3')_tb: 28215
	F19_('S1', 'E1')_t5_min: 124138
	F18_('E3', 'S3')_t5_min: 60560
	F28_('S3', 'S2')_tb: 28220
	F38_('E5', 'S5')_t4_min: 258
	F34_('S2', 'S1')_t5_min: 12173
	F1_('S1', 'E1')_t5_max: 280
	F33_('S3', 'S2')_tb: 120211
	F26_('S2', 'S1')_t3_min: 8519
	F0_('E4', 'S4')_t4_min: 24429
	F12_('S2', 'S1')_tb: 273
	F20_('S4', 'S5')_t3_min: 79809
	F6_('S2', 'E2')_t3_max: 16015
	F8_('E3', 'S3')_t5_max: 24365
	F26_('S2', 'S1')_tb: 8524
	('S2', 'E2')_gcl_length: 58
	F31_('S3', 'S2')_t3_max: 40
	F24_('S2', 'S3')_t5_min: 3760
	F23_('E3', 'S3')_t3_min: 40221
	F3_('S2', 'E2')_t5_max: 28617
	F26_('S2', 'S1')_t5_max: 8532
	F35_('E5', 'S5')_t3_min: 478
	F8_('E3', 'S3')_t4_max: 24358
	F5_('S3', 'S4')_t5_min: 424
	F0_('S3', 'S2')_t3_min: 24458
	F33_('E4', 'S4')_t4_max: 120183
	F33_('E4', 'S4')_t5_max: 120195
	F21_('E3', 'S3')_t4_max: 370
	F24_('E1', 'S1')_t5_max: 3730
	F11_('S1', 'E1')_t3_max: 24329
	F21_('S3', 'S4')_tb: 385
	F16_('S2', 'S1')_t3_min: 28556
	F11_('E3', 'S3')_t3_min: 24293
	F32_('S2', 'E2')_t5_max: 3741
	F25_('S3', 'S4')_t5_max: 8363
	F21_('S4', 'S5')_t3_min: 395
	F33_('S3', 'S2')_t3_min: 120211
	F12_('S3', 'S2')_tb: 265
	F16_('S3', 'S2')_t5_max: 28572
	F12_('S1', 'E1')_t5_max: 323
	F0_('S1', 'E1')_t3_min: 24487
	F37_('S3', 'S4')_t5_max: 327
	F20_('S5', 'E5')_t5_max: 79827
	F35_('E5', 'S5')_t5_max: 486
	F1_('S2', 'S1')_t5_min: 220
	F22_('S2', 'E2')_t5_min: 7762
	F5_('E1', 'S1')_t5_min: 382
	F4_('E2', 'S2')_t5_min: 382
	F0_('S4', 'S3')_tb: 24446
	F18_('S3', 'S4')_t5_min: 60566
	F16_('S5', 'S4')_t3_min: 28515
	F4_('E2', 'S2')_t5_max: 382
	F9_('S2', 'S3')_tb: 3801
	F29_('E3', 'S3')_t4_min: 212
	F21_('S5', 'E5')_t3_max: 415
	F34_('S2', 'S1')_t5_max: 12173
	F23_('S3', 'S2')_tb: 40231
	F3_('S4', 'S3')_t5_max: 28583
	F4_('S3', 'S4')_t3_min: 394
	F31_('E4', 'S4')_t5_min: 7
	F0_('S1', 'E1')_t5_max: 24533
	F26_('S1', 'E1')_tb: 8539
	F34_('E3', 'S3')_t5_max: 12157
	F38_('E5', 'S5')_t5_max: 262
	F8_('E3', 'S3')_t3_min: 24358
	F5_('S4', 'E4')_t5_min: 497
	F21_('S5', 'E5')_t4_max: 428
	F8_('E3', 'S3')_t4_min: 24358
	F37_('S4', 'E4')_t5_max: 351
	F36_('S4', 'E4')_t3_max: 56357
	F8_('S4', 'E4')_t4_max: 24399
	F19_('E2', 'S2')_t4_max: 124101
	F11_('S1', 'E1')_t5_min: 24329
	F13_('S4', 'S3')_t5_max: 171
	F3_('S2', 'E2')_t5_min: 28617
	F2_('E5', 'S5')_t4_min: 31889
	F6_('E1', 'S1')_t4_max: 15970
	F11_('S3', 'S2')_t3_min: 24300
	F13_('S1', 'E1')_t5_min: 199
	F37_('S3', 'S4')_t3_min: 305
	F7_('E3', 'S3')_tb: 107728
	F28_('E5', 'S5')_tb: 28200
	F1_('S2', 'S1')_tb: 216
	F24_('S5', 'E5')_t3_min: 3792
	F3_('S4', 'S3')_t3_max: 28573
	F6_('E1', 'S1')_t3_min: 15970
	F16_('S4', 'S3')_t5_min: 28548
	F24_('S1', 'S2')_t3_min: 3732
	F37_('S4', 'E4')_t3_min: 311
	F20_('S4', 'S5')_t5_min: 79817
	F7_('S5', 'E5')_t3_min: 107751
	F32_('S2', 'E2')_t5_min: 3741
	F23_('S1', 'E1')_t4_max: 40277
	F35_('S4', 'E4')_t3_max: 521
	F1_('E3', 'S3')_tb: 204
	F14_('S3', 'E3')_t4_max: 3995
	F39_('S4', 'S3')_t5_min: 58
	F28_('S2', 'E2')_t4_max: 28279
	F16_('S3', 'S2')_t3_max: 28555
	F5_('S1', 'S2')_t3_min: 384
	F4_('E2', 'S2')_t4_max: 379
	F1_('S3', 'S2')_t5_min: 214
	F16_('S3', 'S2')_tb: 28550
	F1_('S1', 'E1')_t4_max: 276
	F13_('E4', 'S4')_tb: 156
	F7_('E3', 'S3')_t4_max: 107728
	F18_('S4', 'E4')_tb: 60568
	F35_('S4', 'E4')_t5_max: 542
	F17_('E5', 'S5')_t5_min: 3864
	F12_('S3', 'S2')_t5_max: 271
	F20_('S2', 'S3')_t5_min: 79797
	F0_('S2', 'S1')_t5_max: 24503
	F29_('S4', 'S5')_tb: 242
