0. Flow F0 [E5-->E2] with period 2000, payload 629B, e2e delay 2000us, jitter 200us
	('E5', 'S5'), Operation(421, None, 427)(421, 421)
	('S5', 'S4'), Operation(429, None, 453)(429, 447)
	('S4', 'S3'), Operation(437, 464, 470)(464, 464)
	('S3', 'S2'), Operation(472, None, 496)(472, 490)
	('S2', 'E2'), Operation(480, None, 522)(480, 516)
1. Flow F1 [E4-->E5] with period 8000, payload 151B, e2e delay 8000us, jitter 800us
	('E4', 'S4'), Operation(7966, None, 7968)(7966, 7966)
	('S4', 'S5'), Operation(7970, 7975, 7977)(7975, 7975)
	('S5', 'E5'), Operation(7979, None, 7999)(7979, 7997)
2. Flow F2 [E4-->E3] with period 16000, payload 1397B, e2e delay 16000us, jitter 1600us
	('E4', 'S4'), Operation(457, None, 469)(457, 457)
	('S4', 'S3'), Operation(471, None, 501)(471, 489)
	('S3', 'E3'), Operation(485, None, 533)(485, 521)
3. Flow F3 [E1-->E5] with period 8000, payload 636B, e2e delay 8000us, jitter 800us
	('E1', 'S1'), Operation(6579, None, 6585)(6579, 6579)
	('S1', 'S2'), Operation(6587, 6592, 6598)(6592, 6592)
	('S2', 'S3'), Operation(6600, None, 6624)(6600, 6618)
	('S3', 'S4'), Operation(6608, None, 6650)(6608, 6644)
	('S4', 'S5'), Operation(6616, None, 6676)(6616, 6670)
	('S5', 'E5'), Operation(6624, None, 6702)(6624, 6696)
4. Flow F4 [E4-->E5] with period 16000, payload 950B, e2e delay 16000us, jitter 1600us
	('E4', 'S4'), Operation(7914, None, 7922)(7914, 7914)
	('S4', 'S5'), Operation(7924, None, 7950)(7924, 7942)
	('S5', 'E5'), Operation(7934, None, 7978)(7934, 7970)
5. Flow F5 [E1-->E2] with period 4000, payload 1420B, e2e delay 4000us, jitter 400us
	('E1', 'S1'), Operation(62, None, 74)(62, 62)
	('S1', 'S2'), Operation(76, None, 106)(76, 94)
	('S2', 'E2'), Operation(90, None, 138)(90, 126)
6. Flow F6 [E1-->E3] with period 8000, payload 292B, e2e delay 8000us, jitter 800us
	('E1', 'S1'), Operation(102, None, 105)(102, 102)
	('S1', 'S2'), Operation(107, 112, 115)(112, 112)
	('S2', 'S3'), Operation(117, None, 138)(117, 135)
	('S3', 'E3'), Operation(122, None, 161)(122, 158)
7. Flow F7 [E4-->E5] with period 2000, payload 669B, e2e delay 2000us, jitter 200us
	('E4', 'S4'), Operation(669, None, 675)(669, 669)
	('S4', 'S5'), Operation(677, 1857, 1863)(1857, 1857)
	('S5', 'E5'), Operation(1865, None, 1889)(1865, 1883)
8. Flow F8 [E5-->E4] with period 16000, payload 1126B, e2e delay 16000us, jitter 1600us
	('E5', 'S5'), Operation(193, None, 203)(193, 193)
	('S5', 'S4'), Operation(205, None, 233)(205, 223)
	('S4', 'E4'), Operation(217, None, 263)(217, 253)
9. Flow F9 [E1-->E3] with period 64000, payload 1106B, e2e delay 64000us, jitter 6400us
	('E1', 'S1'), Operation(62546, None, 62555)(62546, 62546)
	('S1', 'S2'), Operation(62557, 62562, 62571)(62562, 62562)
	('S2', 'S3'), Operation(62573, 62590, 62599)(62590, 62590)
	('S3', 'E3'), Operation(62601, None, 62628)(62601, 62619)
10. Flow F10 [E3-->E2] with period 2000, payload 108B, e2e delay 2000us, jitter 200us
	('E3', 'S3'), Operation(213, None, 214)(213, 213)
	('S3', 'S2'), Operation(216, None, 235)(216, 234)
	('S2', 'E2'), Operation(219, None, 256)(219, 255)
11. Flow F11 [E3-->E2] with period 2000, payload 307B, e2e delay 2000us, jitter 200us
	('E3', 'S3'), Operation(231, None, 234)(231, 231)
	('S3', 'S2'), Operation(236, 252, 255)(252, 252)
	('S2', 'E2'), Operation(257, None, 278)(257, 275)
12. Flow F12 [E5-->E4] with period 128000, payload 786B, e2e delay 128000us, jitter 12800us
	('E5', 'S5'), Operation(126461, None, 126468)(126461, 126461)
	('S5', 'S4'), Operation(126470, None, 126495)(126470, 126488)
	('S4', 'E4'), Operation(126479, None, 126522)(126479, 126515)
13. Flow F13 [E1-->E4] with period 2000, payload 94B, e2e delay 2000us, jitter 200us
	('E1', 'S1'), Operation(218, None, 219)(218, 218)
	('S1', 'S2'), Operation(221, 238, 239)(238, 238)
	('S2', 'S3'), Operation(241, 246, 247)(246, 246)
	('S3', 'S4'), Operation(249, 261, 262)(261, 261)
	('S4', 'E4'), Operation(264, None, 283)(264, 282)
14. Flow F14 [E2-->E3] with period 64000, payload 1250B, e2e delay 64000us, jitter 6400us
	('E2', 'S2'), Operation(48138, None, 48148)(48138, 48138)
	('S2', 'S3'), Operation(48150, None, 48178)(48150, 48168)
	('S3', 'E3'), Operation(48162, None, 48208)(48162, 48198)
15. Flow F15 [E2-->E1] with period 8000, payload 1050B, e2e delay 8000us, jitter 800us
	('E2', 'S2'), Operation(7932, None, 7941)(7932, 7932)
	('S2', 'S1'), Operation(7943, None, 7970)(7943, 7961)
	('S1', 'E1'), Operation(7954, None, 7999)(7954, 7990)
16. Flow F16 [E4-->E1] with period 16000, payload 1065B, e2e delay 16000us, jitter 1600us
	('E4', 'S4'), Operation(14659, None, 14668)(14659, 14659)
	('S4', 'S3'), Operation(14670, 14687, 14696)(14687, 14687)
	('S3', 'S2'), Operation(14698, 14715, 14724)(14715, 14715)
	('S2', 'S1'), Operation(14726, 14743, 14752)(14743, 14743)
	('S1', 'E1'), Operation(14754, None, 14781)(14754, 14772)
17. Flow F17 [E5-->E2] with period 64000, payload 206B, e2e delay 64000us, jitter 6400us
	('E5', 'S5'), Operation(60101, None, 60103)(60101, 60101)
	('S5', 'S4'), Operation(60105, 60110, 60112)(60110, 60110)
	('S4', 'S3'), Operation(60114, 60131, 60133)(60131, 60131)
	('S3', 'S2'), Operation(60135, None, 60155)(60135, 60153)
	('S2', 'E2'), Operation(60139, None, 60177)(60139, 60175)
18. Flow F18 [E5-->E1] with period 16000, payload 547B, e2e delay 16000us, jitter 1600us
	('E5', 'S5'), Operation(12135, None, 12140)(12135, 12135)
	('S5', 'S4'), Operation(12142, None, 12165)(12142, 12160)
	('S4', 'S3'), Operation(12149, None, 12190)(12149, 12185)
	('S3', 'S2'), Operation(12156, None, 12215)(12156, 12210)
	('S2', 'S1'), Operation(12163, None, 12240)(12163, 12235)
	('S1', 'E1'), Operation(12170, None, 12265)(12170, 12260)
19. Flow F19 [E3-->E5] with period 32000, payload 867B, e2e delay 32000us, jitter 3200us
	('E3', 'S3'), Operation(23858, None, 23865)(23858, 23858)
	('S3', 'S4'), Operation(23867, 23872, 23879)(23872, 23872)
	('S4', 'S5'), Operation(23881, None, 23906)(23881, 23899)
	('S5', 'E5'), Operation(23890, None, 23933)(23890, 23926)
20. Flow F20 [E2-->E3] with period 32000, payload 130B, e2e delay 32000us, jitter 3200us
	('E2', 'S2'), Operation(22216, None, 22218)(22216, 22216)
	('S2', 'S3'), Operation(22220, None, 22240)(22220, 22238)
	('S3', 'E3'), Operation(22224, None, 22262)(22224, 22260)
21. Flow F21 [E2-->E1] with period 128000, payload 1215B, e2e delay 128000us, jitter 12800us
	('E2', 'S2'), Operation(114589, None, 114599)(114589, 114589)
	('S2', 'S1'), Operation(114601, 114618, 114628)(114618, 114618)
	('S1', 'E1'), Operation(114630, None, 114658)(114630, 114648)
22. Flow F22 [E4-->E1] with period 16000, payload 1418B, e2e delay 16000us, jitter 1600us
	('E4', 'S4'), Operation(6564, None, 6576)(6564, 6564)
	('S4', 'S3'), Operation(6578, 6583, 6595)(6583, 6583)
	('S3', 'S2'), Operation(6597, 6602, 6614)(6602, 6602)
	('S2', 'S1'), Operation(6616, None, 6646)(6616, 6634)
	('S1', 'E1'), Operation(6630, None, 6678)(6630, 6666)
23. Flow F23 [E5-->E2] with period 32000, payload 344B, e2e delay 32000us, jitter 3200us
	('E5', 'S5'), Operation(31919, None, 31922)(31919, 31919)
	('S5', 'S4'), Operation(31924, 31941, 31944)(31941, 31941)
	('S4', 'S3'), Operation(31946, 31963, 31966)(31963, 31963)
	('S3', 'S2'), Operation(31968, 31973, 31976)(31973, 31973)
	('S2', 'E2'), Operation(31978, None, 31999)(31978, 31996)
24. Flow F24 [E5-->E2] with period 4000, payload 1174B, e2e delay 4000us, jitter 400us
	('E5', 'S5'), Operation(2442, None, 2452)(2442, 2442)
	('S5', 'S4'), Operation(2454, 2459, 2469)(2459, 2459)
	('S4', 'S3'), Operation(2471, 2485, 2495)(2485, 2485)
	('S3', 'S2'), Operation(2497, 2511, 2521)(2511, 2511)
	('S2', 'E2'), Operation(2523, None, 2551)(2523, 2541)
25. Flow F25 [E4-->E1] with period 4000, payload 1487B, e2e delay 4000us, jitter 400us
	('E4', 'S4'), Operation(2528, None, 2540)(2528, 2528)
	('S4', 'S3'), Operation(2542, 2547, 2559)(2547, 2547)
	('S3', 'S2'), Operation(2561, 2566, 2578)(2566, 2566)
	('S2', 'S1'), Operation(2580, 2585, 2597)(2585, 2585)
	('S1', 'E1'), Operation(2599, None, 2629)(2599, 2617)
26. Flow F26 [E4-->E2] with period 4000, payload 773B, e2e delay 4000us, jitter 400us
	('E4', 'S4'), Operation(1, None, 8)(1, 1)
	('S4', 'S3'), Operation(10, None, 35)(10, 28)
	('S3', 'S2'), Operation(19, None, 62)(19, 55)
	('S2', 'E2'), Operation(28, None, 89)(28, 82)
27. Flow F27 [E2-->E1] with period 16000, payload 819B, e2e delay 16000us, jitter 1600us
	('E2', 'S2'), Operation(15892, None, 15899)(15892, 15892)
	('S2', 'S1'), Operation(15901, None, 15926)(15901, 15919)
	('S1', 'E1'), Operation(15910, None, 15953)(15910, 15946)
28. Flow F28 [E3-->E2] with period 8000, payload 692B, e2e delay 8000us, jitter 800us
	('E3', 'S3'), Operation(7851, None, 7857)(7851, 7851)
	('S3', 'S2'), Operation(7859, None, 7883)(7859, 7877)
	('S2', 'E2'), Operation(7867, None, 7909)(7867, 7903)
29. Flow F29 [E5-->E1] with period 32000, payload 992B, e2e delay 32000us, jitter 3200us
	('E5', 'S5'), Operation(30606, None, 30614)(30606, 30606)
	('S5', 'S4'), Operation(30616, 30633, 30641)(30633, 30633)
	('S4', 'S3'), Operation(30643, None, 30669)(30643, 30661)
	('S3', 'S2'), Operation(30653, 30688, 30696)(30688, 30688)
	('S2', 'S1'), Operation(30698, 30715, 30723)(30715, 30715)
	('S1', 'E1'), Operation(30725, None, 30751)(30725, 30743)
30. Flow F30 [E4-->E2] with period 4000, payload 97B, e2e delay 4000us, jitter 400us
	('E4', 'S4'), Operation(2609, None, 2610)(2609, 2609)
	('S4', 'S3'), Operation(2612, None, 2631)(2612, 2630)
	('S3', 'S2'), Operation(2615, None, 2652)(2615, 2651)
	('S2', 'E2'), Operation(2618, None, 2673)(2618, 2672)
31. Flow F31 [E5-->E3] with period 4000, payload 1139B, e2e delay 4000us, jitter 400us
	('E5', 'S5'), Operation(2484, None, 2494)(2484, 2484)
	('S5', 'S4'), Operation(2496, 2501, 2511)(2501, 2501)
	('S4', 'S3'), Operation(2513, None, 2541)(2513, 2531)
	('S3', 'E3'), Operation(2525, None, 2571)(2525, 2561)
32. Flow F32 [E4-->E3] with period 16000, payload 141B, e2e delay 16000us, jitter 1600us
	('E4', 'S4'), Operation(8676, None, 8678)(8676, 8676)
	('S4', 'S3'), Operation(8680, None, 8700)(8680, 8698)
	('S3', 'E3'), Operation(8684, None, 8722)(8684, 8720)
33. Flow F33 [E5-->E4] with period 4000, payload 683B, e2e delay 4000us, jitter 400us
	('E5', 'S5'), Operation(158, None, 164)(158, 158)
	('S5', 'S4'), Operation(166, None, 190)(166, 184)
	('S4', 'E4'), Operation(174, None, 216)(174, 210)
34. Flow F34 [E5-->E4] with period 8000, payload 1355B, e2e delay 8000us, jitter 800us
	('E5', 'S5'), Operation(6386, None, 6397)(6386, 6386)
	('S5', 'S4'), Operation(6399, None, 6428)(6399, 6417)
	('S4', 'E4'), Operation(6412, None, 6459)(6412, 6448)
35. Flow F35 [E2-->E4] with period 16000, payload 1460B, e2e delay 16000us, jitter 1600us
	('E2', 'S2'), Operation(14309, None, 14321)(14309, 14309)
	('S2', 'S3'), Operation(14323, 14335, 14347)(14335, 14335)
	('S3', 'S4'), Operation(14349, None, 14379)(14349, 14367)
	('S4', 'E4'), Operation(14363, None, 14411)(14363, 14399)
36. Flow F36 [E1-->E3] with period 8000, payload 114B, e2e delay 8000us, jitter 800us
	('E1', 'S1'), Operation(183, None, 184)(183, 183)
	('S1', 'S2'), Operation(186, 203, 204)(203, 203)
	('S2', 'S3'), Operation(206, None, 225)(206, 224)
	('S3', 'E3'), Operation(209, None, 246)(209, 245)
37. Flow F37 [E2-->E4] with period 2000, payload 700B, e2e delay 2000us, jitter 200us
	('E2', 'S2'), Operation(290, None, 296)(290, 290)
	('S2', 'S3'), Operation(298, None, 322)(298, 316)
	('S3', 'S4'), Operation(306, None, 348)(306, 342)
	('S4', 'E4'), Operation(314, 355, 361)(355, 355)
38. Flow F38 [E2-->E4] with period 8000, payload 1278B, e2e delay 8000us, jitter 800us
	('E2', 'S2'), Operation(235, None, 246)(235, 235)
	('S2', 'S3'), Operation(248, 253, 264)(253, 253)
	('S3', 'S4'), Operation(266, 271, 282)(271, 271)
	('S4', 'E4'), Operation(284, None, 313)(284, 302)
39. Flow F39 [E2-->E1] with period 64000, payload 696B, e2e delay 64000us, jitter 6400us
	('E2', 'S2'), Operation(40283, None, 40289)(40283, 40283)
	('S2', 'S1'), Operation(40291, 40308, 40314)(40308, 40308)
	('S1', 'E1'), Operation(40316, None, 40340)(40316, 40334)

SMT variables: 
	F37_('S4', 'E4')_gc: True
	F14_('S3', 'E3')_rr: 0
	F1_('E4', 'S4')_t3_max: 7953
	F6_('S1', 'S2')_gc: True
	F32_jitter: 36
	('S4', 'S3')_gcl_cycle: 64000
	F7_queue_index: 0
	F3_('S4', 'S5')_gc: False
	F0_('E5', 'S5')_t5_max: 427
	F0_('E5', 'S5')_rr: 0
	F16_('E4', 'S4')_gc: False
	F9_('S2', 'S3')_t4_min: 62590
	F36_('S2', 'S3')_gc: False
	F22_queue_index: 0
	F2_('E4', 'S4')_rr: 0
	F26_('S4', 'S3')_t4_max: 28
	F24_('S3', 'S2')_t4_max: 2511
	F37_('S2', 'S3')_t4_min: 298
	F7_('E4', 'S4')_rr: 0
	F0_('S4', 'S3')_t4_max: 464
	F21_('E2', 'S2')_rr: 0
	F29_('S5', 'S4')_gc: True
	F5_('S1', 'S2')_t4_min: 76
	F25_('S2', 'S1')_t4_max: 2585
	F34_('S5', 'S4')_rr: 0
	F24_('E5', 'S5')_t3_max: 2429
	F18_('S4', 'S3')_t4_max: 12185
	F5_('E1', 'S1')_t3_max: 49
	F39_('S2', 'S1')_rr: 2
	F11_('S2', 'E2')_t4_min: 257
	F39_('S2', 'S1')_t3_max: 40296
	F23_('E5', 'S5')_t5_max: 31922
	F7_('E4', 'S4')_t3_max: 656
	F17_('S5', 'S4')_t5_max: 60112
	F10_('S3', 'S2')_t4_min: 216
	F8_('S4', 'E4')_t4_min: 217
	F29_('S4', 'S3')_t4_max: 30661
	F9_('S1', 'S2')_t4_min: 62562
	F13_jitter: 18
	F1_jitter: 18
	F13_('S3', 'S4')_t4_min: 261
	F24_('S4', 'S3')_t4_max: 2485
	F30_('S2', 'E2')_t4_min: 2618
	F16_('S3', 'S2')_t3_min: 14698
	F25_('S4', 'S3')_t4_max: 2547
	F15_jitter: 36
	F24_('S4', 'S3')_rr: 16
	F20_('S2', 'S3')_t4_max: 22238
	F26_('S2', 'E2')_t4_min: 28
	F31_('S5', 'S4')_t3_max: 2501
	F10_('S2', 'E2')_gc: False
	F17_('E5', 'S5')_t3_max: 60088
	F29_('E5', 'S5')_gc: False
	F36_('S2', 'S3')_t4_min: 206
	F37_('S2', 'S3')_rr: 0
	F6_queue_index: 0
	F17_('S2', 'E2')_rr: 0
	F7_('E4', 'S4')_gc: False
	F1_('S5', 'E5')_t4_min: 7979
	F11_('S2', 'E2')_t3_max: 262
	F22_('E4', 'S4')_rr: 0
	F28_('E3', 'S3')_gc: False
	F19_('S3', 'S4')_rr: 1
	F37_('S3', 'S4')_rr: 0
	('E2', 'S2')_gcl_cycle: 1
	F25_('S1', 'E1')_t4_min: 2599
	('S2', 'E2')_gcl_cycle: 1
	F24_('S4', 'S3')_t4_min: 2485
	F29_('S5', 'S4')_t4_min: 30633
	F17_('E5', 'S5')_rr: 0
	F23_('S2', 'E2')_rr: 0
	F22_('S2', 'S1')_t4_max: 6634
	F9_('S2', 'S3')_rr: 1
	F22_('S2', 'S1')_t4_min: 6616
	F4_('S5', 'E5')_rr: 0
	F18_('S5', 'S4')_t5_min: 12147
	('S3', 'E3')_gcl_cycle: 1
	F13_('S1', 'S2')_t4_min: 238
	F22_('E4', 'S4')_gc: False
	F24_('S5', 'S4')_t4_min: 2459
	F11_('S3', 'S2')_rr: 16
	F15_('E2', 'S2')_t3_max: 7919
	F14_('S2', 'S3')_t3_max: 48155
	F6_('E1', 'S1')_rr: 0
	F25_('S2', 'S1')_rr: 32
	F21_('S1', 'E1')_t4_min: 114630
	F22_('S3', 'S2')_gc: True
	F30_('S4', 'S3')_rr: 0
	F3_('S2', 'S3')_t4_min: 6600
	F21_('S2', 'S1')_gc: True
	F28_jitter: 36
	F15_('S1', 'E1')_t4_min: 7954
	F33_('S5', 'S4')_t5_max: 190
	F13_('E1', 'S1')_gc: False
	F37_('S2', 'S3')_gc: False
	F16_('S4', 'S3')_t4_min: 14687
	F6_('S2', 'S3')_gc: False
	F15_('S1', 'E1')_rr: 0
	F24_('E5', 'S5')_gc: False
	F29_('S3', 'S2')_tb: 30688
	F25_('S4', 'S3')_t3_max: 2547
	F2_('S4', 'S3')_t3_max: 476
	F18_('E5', 'S5')_gc: False
	F26_('E4', 'S4')_tb: 1
	F5_('S1', 'S2')_gc: False
	F9_('S2', 'S3')_t3_min: 62573
	F6_('S3', 'E3')_t4_min: 122
	F11_('S3', 'S2')_gc: True
	F22_('S4', 'S3')_rr: 4
	F18_('S2', 'S1')_t4_max: 12235
	F38_('S3', 'S4')_rr: 4
	F3_('E1', 'S1')_rr: 0
	F38_('S2', 'S3')_gc: True
	F6_('S2', 'S3')_t4_max: 135
	F36_('S1', 'S2')_t3_max: 191
	F33_('S4', 'E4')_rr: 0
	F1_('S4', 'S5')_gc: True
	F17_('S3', 'S2')_t4_max: 60153
	F38_('S4', 'E4')_t5_min: 295
	F3_('E1', 'S1')_t3_max: 6566
	F32_('S3', 'E3')_gc: False
	F3_('S3', 'S4')_rr: 0
	F8_('E5', 'S5')_t4_min: 193
	F23_('S5', 'S4')_rr: 2
	F30_('E4', 'S4')_rr: 0
	F38_queue_index: 0
	F2_('S3', 'E3')_rr: 0
	F17_('S4', 'S3')_rr: 1
	F23_queue_index: 0
	('E1', 'S1')_gcl_cycle: 1
	F11_('S3', 'S2')_t3_max: 241
	F36_('S3', 'E3')_t4_min: 209
	F27_('E2', 'S2')_tb: 15892
	F28_('S3', 'S2')_rr: 0
	F3_('S3', 'S4')_gc: False
	F19_('S3', 'S4')_gc: True
	F18_jitter: 90
	F3_('S4', 'S5')_t3_min: 6616
	F13_('S2', 'S3')_rr: 32
	('S1', 'S2')_gcl_cycle: 64000
	F27_('S2', 'S1')_rr: 0
	F25_('S3', 'S2')_t4_max: 2566
	F19_('S5', 'E5')_gc: False
	F0_('S5', 'S4')_gc: False
	F10_('S3', 'S2')_t3_max: 221
	F9_('S1', 'S2')_t4_max: 62562
	F17_('S4', 'S3')_gc: True
	F11_('S3', 'S2')_t5_max: 255
	F21_jitter: 18
	F30_('S4', 'S3')_gc: False
	F4_('S4', 'S5')_t4_max: 7942
	F1_('S5', 'E5')_t3_max: 7984
	F37_('S2', 'S3')_t4_max: 316
	F14_('E2', 'S2')_rr: 0
	F20_('S2', 'S3')_t3_min: 22220
	F11_queue_index: 0
	F12_('S5', 'S4')_t4_min: 126470
	F18_('S1', 'E1')_rr: 0
	F23_('S3', 'S2')_t4_max: 31973
	F29_('S2', 'S1')_t4_max: 30715
	F15_queue_index: 0
	F29_('S2', 'S1')_gc: True
	F26_jitter: 54
	F4_('S5', 'E5')_gc: False
	F18_('S3', 'S2')_gc: False
	F19_('S4', 'S5')_gc: False
	F23_('S5', 'S4')_t4_max: 31941
	F10_('S2', 'E2')_t4_max: 255
	F3_('S5', 'E5')_gc: False
	F12_('S4', 'E4')_t4_min: 126479
	F6_('S3', 'E3')_t4_max: 158
	F2_('S4', 'S3')_rr: 0
	F11_('E3', 'S3')_rr: 0
	('S1', 'E1')_gcl_cycle: 1
	F19_('E3', 'S3')_t3_max: 23845
	F29_('E5', 'S5')_rr: 0
	F20_('E2', 'S2')_rr: 0
	F12_queue_index: 0
	F19_('S4', 'S5')_t4_min: 23881
	F30_jitter: 54
	F23_('S4', 'S3')_t4_max: 31963
	F19_('E3', 'S3')_gc: False
	F17_('S2', 'E2')_t4_min: 60139
	F8_('E5', 'S5')_tb: 193
	F8_('S5', 'S4')_t4_min: 205
	F0_('E5', 'S5')_t5_min: 427
	F6_('S2', 'S3')_rr: 0
	F23_('E5', 'S5')_t4_max: 31919
	F20_jitter: 36
	F12_('S5', 'S4')_gc: False
	F3_('S4', 'S5')_t4_min: 6616
	F10_jitter: 36
	F37_('E2', 'S2')_rr: 0
	F18_('S5', 'S4')_t4_min: 12142
	F30_('S4', 'S3')_t4_min: 2612
	F32_('E4', 'S4')_rr: 0
	F39_('S1', 'E1')_t4_max: 40334
	F11_('S3', 'S2')_t4_min: 252
	F16_('S2', 'S1')_tb: 14743
	F38_('S4', 'E4')_tb: 284
	F4_('S4', 'S5')_t4_min: 7924
	F32_('E4', 'S4')_t3_max: 8663
	F15_('S1', 'E1')_t3_min: 7954
	F31_('S4', 'S3')_gc: False
	F0_('S3', 'S2')_t4_max: 490
	F39_jitter: 18
	F19_('S4', 'S5')_t4_max: 23899
	F1_('S5', 'E5')_rr: 0
	F17_('S2', 'E2')_gc: False
	F16_('S1', 'E1')_gc: False
	F14_('S2', 'S3')_t4_min: 48150
	F29_jitter: 18
	F35_('S2', 'S3')_t5_max: 14347
	F31_('S4', 'S3')_rr: 0
	F33_('S5', 'S4')_gc: False
	F39_('S2', 'S1')_gc: True
	F37_('S4', 'E4')_rr: 1
	F33_queue_index: 0
	F17_('S5', 'S4')_t4_min: 60110
	F26_('S2', 'E2')_t5_max: 89
	F9_jitter: 18
	F39_('E2', 'S2')_gc: False
	F29_('S4', 'S3')_t4_min: 30643
	F27_('S2', 'S1')_t5_max: 15926
	F9_('S3', 'E3')_rr: 0
	F22_('S3', 'S2')_t4_min: 6602
	F9_('E1', 'S1')_t3_max: 62533
	F0_queue_index: 0
	F16_queue_index: 0
	F12_('S5', 'S4')_rr: 0
	F15_('S2', 'S1')_t4_max: 7961
	F20_('S3', 'E3')_t4_min: 22224
	F1_('S5', 'E5')_gc: False
	F4_('S4', 'S5')_t3_max: 7929
	F31_('S3', 'E3')_rr: 0
	F1_('E4', 'S4')_gc: False
	F24_('S5', 'S4')_t5_min: 2469
	F10_('S2', 'E2')_rr: 0
	F31_('S4', 'S3')_t4_min: 2513
	F6_('S3', 'E3')_rr: 0
	F3_('S4', 'S5')_t5_max: 6676
	F25_('E4', 'S4')_t4_max: 2528
	F31_('S5', 'S4')_rr: 16
	F0_('S3', 'S2')_gc: False
	F35_('S4', 'E4')_gc: False
	F39_('S1', 'E1')_gc: False
	F0_('S3', 'S2')_t4_min: 472
	F16_('S1', 'E1')_t4_min: 14754
	F29_('S2', 'S1')_t4_min: 30715
	F9_('S3', 'E3')_gc: False
	F16_('S1', 'E1')_rr: 0
	F35_('S3', 'S4')_rr: 0
	F35_('S2', 'S3')_rr: 4
	('E3', 'S3')_gcl_cycle: 1
	F23_('S2', 'E2')_t5_max: 31999
	F24_jitter: 18
	F31_('S3', 'E3')_t3_min: 2525
	F22_('S4', 'S3')_t4_max: 6583
	F16_('S4', 'S3')_rr: 4
	F29_('S2', 'S1')_rr: 4
	F15_('E2', 'S2')_rr: 0
	F20_('E2', 'S2')_gc: False
	F39_('S1', 'E1')_rr: 0
	F22_('S3', 'S2')_rr: 2
	F7_jitter: 18
	F2_queue_index: 0
	F6_('E1', 'S1')_t3_max: 89
	('S2', 'S1')_gcl_cycle: 128000
	F28_('S3', 'S2')_gc: False
	F6_('S2', 'S3')_t4_min: 117
	F24_('S4', 'S3')_t5_min: 2495
	F24_('S3', 'S2')_rr: 8
	F35_('S2', 'S3')_gc: True
	F30_('S4', 'S3')_t3_max: 2617
	F16_('E4', 'S4')_tb: 14659
	F29_('S5', 'S4')_t5_max: 30641
	F13_('S3', 'S4')_gc: True
	F22_('S2', 'S1')_t3_min: 6616
	F23_('E5', 'S5')_rr: 0
	F34_jitter: 36
	F19_('S5', 'E5')_t4_min: 23890
	F22_('E4', 'S4')_t4_min: 6564
	F26_('S4', 'S3')_gc: False
	F0_('E5', 'S5')_t3_max: 408
	F0_('S2', 'E2')_rr: 0
	F35_('S2', 'S3')_t3_min: 14323
	F22_('S2', 'S1')_rr: 0
	F29_('S3', 'S2')_rr: 1
	F21_('E2', 'S2')_gc: False
	F23_('S2', 'E2')_gc: False
	F24_('S2', 'E2')_gc: False
	F23_('S5', 'S4')_t4_min: 31941
	F3_('S3', 'S4')_tb: 6608
	F33_('E5', 'S5')_rr: 0
	F9_('S1', 'S2')_t5_min: 62571
	F38_('S3', 'S4')_t4_max: 271
	F25_jitter: 18
	F18_('S1', 'E1')_gc: False
	F15_('E2', 'S2')_t4_max: 7932
	F21_queue_index: 0
	F13_('S4', 'E4')_gc: False
	F34_('S5', 'S4')_gc: False
	F1_('S4', 'S5')_t4_min: 7975
	F8_('S5', 'S4')_rr: 0
	F36_('S2', 'S3')_t4_max: 224
	F25_('S2', 'S1')_t3_min: 2580
	F1_('E4', 'S4')_rr: 0
	F24_('S3', 'S2')_t4_min: 2511
	F9_('E1', 'S1')_rr: 0
	F16_('E4', 'S4')_rr: 0
	F17_('S4', 'S3')_t4_min: 60131
	F0_('S4', 'S3')_gc: True
	F6_('S1', 'S2')_t3_min: 107
	F23_('S3', 'S2')_gc: True
	F22_('S3', 'S2')_t4_max: 6602
	F35_jitter: 36
	F38_('S2', 'S3')_t3_max: 253
	F5_('S2', 'E2')_rr: 0
	F13_('S4', 'E4')_rr: 0
	F9_('S1', 'S2')_rr: 1
	F17_('S3', 'S2')_rr: 0
	F31_('E5', 'S5')_rr: 0
	F16_('S3', 'S2')_gc: True
	F13_('S2', 'S3')_t4_max: 246
	F14_jitter: 36
	F15_('S2', 'S1')_gc: False
	F24_('S3', 'S2')_gc: True
	F30_('S3', 'S2')_t4_min: 2615
	F35_('S2', 'S3')_t4_min: 14335
	F24_('S3', 'S2')_t3_min: 2497
	F33_('S4', 'E4')_t5_max: 216
	F0_('S5', 'S4')_t3_max: 434
	F30_('S3', 'S2')_gc: False
	F38_jitter: 18
	F14_('S3', 'E3')_t4_min: 48162
	('E4', 'S4')_gcl_cycle: 1
	F3_('S3', 'S4')_t4_max: 6644
	F29_('S1', 'E1')_t3_max: 30730
	F33_('S4', 'E4')_gc: False
	F3_('S4', 'S5')_t3_max: 6657
	F27_('S1', 'E1')_t4_min: 15910
	F32_('E4', 'S4')_gc: False
	F31_('E5', 'S5')_gc: False
	F32_('S3', 'E3')_t4_min: 8684
	F25_('S4', 'S3')_t4_min: 2547
	F8_('S4', 'E4')_rr: 0
	F17_('S5', 'S4')_t3_max: 60110
	F34_('S4', 'E4')_t4_min: 6412
	F3_jitter: 72
	F27_queue_index: 0
	F21_('E2', 'S2')_t3_max: 114576
	F5_('S1', 'S2')_t3_max: 81
	F17_('S2', 'E2')_t3_min: 60139
	F4_('S4', 'S5')_tb: 7924
	F26_('S4', 'S3')_t3_max: 15
	F12_jitter: 36
	F13_('S2', 'S3')_gc: True
	F32_('S4', 'S3')_rr: 0
	F36_('S3', 'E3')_gc: False
	F17_queue_index: 0
	F18_('S3', 'S2')_t4_max: 12210
	F0_('S2', 'E2')_t4_min: 480
	F6_('E1', 'S1')_gc: False
	F22_('S4', 'S3')_tb: 6583
	F8_queue_index: 0
	F8_('E5', 'S5')_rr: 0
	F11_('E3', 'S3')_t3_max: 218
	F31_('S3', 'E3')_gc: False
	F25_('S2', 'S1')_gc: True
	F14_('S2', 'S3')_t4_max: 48168
	F23_('S3', 'S2')_t4_min: 31973
	F30_('E4', 'S4')_tb: 2609
	('S3', 'S2')_gcl_cycle: 32000
	F12_('S4', 'E4')_rr: 0
	F27_('S2', 'S1')_gc: False
	F23_jitter: 18
	F22_('S1', 'E1')_t5_min: 6642
	F26_('E4', 'S4')_t3_max: -12
	F21_('S2', 'S1')_t4_max: 114618
	F32_('S4', 'S3')_t3_max: 8685
	F17_('E5', 'S5')_t5_max: 60103
	F3_('S5', 'E5')_t4_max: 6696
	F10_('S3', 'S2')_rr: 0
	F19_('E3', 'S3')_rr: 0
	F25_('E4', 'S4')_t3_max: 2515
	F17_('E5', 'S5')_gc: False
	F7_('S4', 'S5')_t4_max: 1857
	F23_('E5', 'S5')_gc: False
	F15_('S2', 'S1')_t3_max: 7948
	F37_queue_index: 0
	F31_queue_index: 0
	F25_('S4', 'S3')_gc: True
	F19_jitter: 36
	F3_('S1', 'S2')_t4_min: 6592
	F34_('S5', 'S4')_t4_max: 6417
	F23_('S5', 'S4')_gc: True
	F9_('S3', 'E3')_t4_min: 62601
	F36_('E1', 'S1')_rr: 0
	F24_('S5', 'S4')_gc: True
	F0_('S4', 'S3')_t4_min: 464
	F23_('S3', 'S2')_rr: 1
	F35_('E2', 'S2')_t5_min: 14321
	F31_('E5', 'S5')_t3_max: 2471
	F16_('S3', 'S2')_t4_min: 14715
	F5_('E1', 'S1')_gc: False
	F5_('E1', 'S1')_rr: 0
	F9_('E1', 'S1')_t3_min: 62546
	F35_('S3', 'S4')_t4_max: 14367
	F13_('S1', 'S2')_t3_max: 226
	F18_('S3', 'S2')_t4_min: 12156
	('S4', 'E4')_gcl_cycle: 2000
	F7_('S5', 'E5')_t4_min: 1865
	F5_('S2', 'E2')_t4_min: 90
	F33_('S4', 'E4')_t4_min: 174
	F33_('S5', 'S4')_t4_max: 184
	F34_('E5', 'S5')_tb: 6386
	F18_('S5', 'S4')_rr: 0
	F25_('S4', 'S3')_rr: 16
	F7_('E4', 'S4')_t4_min: 669
	F35_queue_index: 0
	('S2', 'S3')_gcl_cycle: 64000
	F24_('S5', 'S4')_t4_max: 2459
	F1_('S4', 'S5')_t5_max: 7977
	F16_('S2', 'S1')_rr: 8
	F28_('S2', 'E2')_rr: 0
	F37_('S3', 'S4')_gc: False
	F36_queue_index: 0
	F21_('S2', 'S1')_rr: 1
	F23_('S4', 'S3')_rr: 2
	F30_('E4', 'S4')_t3_max: 2596
	F25_('S3', 'S2')_t3_max: 2566
	F15_('S2', 'S1')_rr: 0
	F29_('S3', 'S2')_gc: True
	F3_('S5', 'E5')_t4_min: 6624
	F1_('S4', 'S5')_t3_max: 7975
	F12_('S5', 'S4')_t3_max: 126475
	F19_('S3', 'S4')_t3_max: 23872
	F17_('S5', 'S4')_t4_max: 60110
	F3_('S2', 'S3')_t4_max: 6618
	F5_queue_index: 0
	F27_('E2', 'S2')_t5_max: 15899
	F23_('S4', 'S3')_gc: True
	F21_('S2', 'S1')_t3_max: 114606
	F7_('S5', 'E5')_gc: False
	F0_('S5', 'S4')_t4_min: 429
	F1_('E4', 'S4')_t5_min: 7968
	F12_('S4', 'E4')_gc: False
	F13_('S4', 'E4')_t4_min: 264
	F25_('S1', 'E1')_rr: 0
	F35_('S4', 'E4')_rr: 0
	F39_('S2', 'S1')_t4_max: 40308
	F13_('S1', 'S2')_t5_max: 239
	F22_('S4', 'S3')_gc: True
	F36_('S1', 'S2')_t4_max: 203
	F14_('E2', 'S2')_t3_max: 48125
	F37_jitter: 0
	F17_('S3', 'S2')_t5_max: 60155
	F23_('S4', 'S3')_t4_min: 31963
	F14_('S2', 'S3')_gc: False
	F10_('S3', 'S2')_t4_max: 234
	F25_('S1', 'E1')_gc: False
	F27_('S2', 'S1')_t3_max: 15906
	F29_('S1', 'E1')_t4_max: 30743
	F26_('S3', 'S2')_rr: 0
	F8_('E5', 'S5')_gc: False
	F35_('E2', 'S2')_rr: 0
	F37_('S2', 'S3')_t3_max: 303
	F30_('S2', 'E2')_t4_max: 2672
	F25_queue_index: 0
	F10_('E3', 'S3')_rr: 0
	F32_queue_index: 0
	F16_('S4', 'S3')_t4_max: 14687
	F10_('E3', 'S3')_gc: False
	F28_('E3', 'S3')_rr: 0
	F38_('S4', 'E4')_rr: 0
	F38_('S4', 'E4')_gc: False
	F0_('S5', 'S4')_t4_max: 447
	F33_('E5', 'S5')_gc: False
	F20_('S2', 'S3')_rr: 0
	F27_('S2', 'S1')_t4_max: 15919
	F30_('S4', 'S3')_t4_max: 2630
	F7_('S4', 'S5')_t3_max: 682
	F14_('S2', 'S3')_rr: 0
	F9_('S2', 'S3')_gc: True
	F24_('S2', 'E2')_t4_min: 2523
	F28_('S2', 'E2')_t4_min: 7867
	F0_('S3', 'S2')_t3_max: 477
	F18_('E5', 'S5')_t3_max: 12122
	F2_('S4', 'S3')_gc: False
	F4_('E4', 'S4')_t3_max: 7901
	F24_('S2', 'E2')_rr: 0
	F14_('S3', 'E3')_gc: False
	F29_('S1', 'E1')_t4_min: 30725
	F34_('S4', 'E4')_rr: 0
	F8_('S4', 'E4')_gc: False
	F35_('E2', 'S2')_tb: 14309
	F36_('E1', 'S1')_gc: False
	F37_('S3', 'S4')_t4_min: 306
	F22_jitter: 36
	F18_('S4', 'S3')_gc: False
	F0_('E5', 'S5')_t4_max: 421
	F3_('S1', 'S2')_t4_max: 6592
	F35_('S3', 'S4')_gc: False
	F5_('S1', 'S2')_rr: 0
	F35_('E2', 'S2')_t4_max: 14309
	F18_('S2', 'S1')_t4_min: 12163
	F4_('S5', 'E5')_t4_min: 7934
	F26_('S4', 'S3')_t4_min: 10
	F4_('S4', 'S5')_rr: 0
	F4_('E4', 'S4')_rr: 0
	F38_('E2', 'S2')_t3_max: 222
	F18_('S5', 'S4')_t4_max: 12160
	F10_('S3', 'S2')_gc: False
	F7_('S5', 'E5')_rr: 0
	F17_('S4', 'S3')_t4_max: 60131
	F16_('E4', 'S4')_t3_max: 14646
	F3_('S1', 'S2')_t3_max: 6592
	F4_('E4', 'S4')_gc: False
	F20_('S2', 'S3')_t3_max: 22225
	F38_('S3', 'S4')_t4_min: 271
	F3_('S2', 'S3')_gc: False
	F36_jitter: 36
	F6_('S1', 'S2')_t3_max: 112
	F16_('S4', 'S3')_t3_max: 14675
	F26_('S4', 'S3')_rr: 0
	F11_('S2', 'E2')_gc: False
	F29_('S3', 'S2')_t4_max: 30688
	F2_('S4', 'S3')_t4_min: 471
	F39_queue_index: 0
	F13_('S3', 'S4')_rr: 16
	F23_('S5', 'S4')_t3_max: 31929
	F22_('S4', 'S3')_t4_min: 6583
	F39_('E2', 'S2')_t5_max: 40289
	F24_('S4', 'S3')_gc: True
	F22_('S4', 'S3')_t3_min: 6578
	F21_('S1', 'E1')_rr: 0
	F18_('E5', 'S5')_rr: 0
	F23_('S2', 'E2')_t4_min: 31978
	F26_('E4', 'S4')_gc: False
	F11_('S3', 'S2')_t5_min: 255
	F39_('E2', 'S2')_t4_max: 40283
	F14_('E2', 'S2')_gc: False
	F29_queue_index: 0
	F8_('S5', 'S4')_t4_max: 223
	F6_('S3', 'E3')_gc: False
	F9_('E1', 'S1')_gc: False
	F31_('S5', 'S4')_gc: True
	F8_jitter: 36
	F18_('S2', 'S1')_t3_min: 12163
	F28_('E3', 'S3')_t3_max: 7838
	F17_('S5', 'S4')_rr: 1
	F0_('E5', 'S5')_gc: False
	F25_('S3', 'S2')_t4_min: 2566
	F27_('E2', 'S2')_t3_max: 15879
	F18_('S5', 'S4')_gc: False
	F3_('E1', 'S1')_gc: False
	F28_('S2', 'E2')_gc: False
	F35_('E2', 'S2')_gc: False
	F8_('S5', 'S4')_t3_max: 210
	F13_('S3', 'S4')_t4_max: 261
	F34_('E5', 'S5')_t3_max: 6373
	F13_('E1', 'S1')_tb: 218
	F22_('E4', 'S4')_t3_max: 6551
	F33_jitter: 36
	F24_('S5', 'S4')_t3_max: 2459
	F38_('S3', 'S4')_t5_min: 282
	F29_('S2', 'S1')_t5_max: 30723
	F15_('E2', 'S2')_gc: False
	F5_jitter: 36
	F35_('S2', 'S3')_t4_max: 14335
	F10_('E3', 'S3')_t3_max: 200
	F25_('S2', 'S1')_t4_min: 2585
	F34_('E5', 'S5')_gc: False
	F19_queue_index: 0
	F6_('S1', 'S2')_t4_min: 112
	F30_('S2', 'E2')_gc: False
	F35_('S2', 'S3')_t3_max: 14328
	F34_('E5', 'S5')_rr: 0
	F8_('S4', 'E4')_tb: 217
	F3_('S3', 'S4')_t4_min: 6608
	F22_('S2', 'S1')_gc: False
	F1_('S4', 'S5')_t4_max: 7975
	F16_('S2', 'S1')_t4_min: 14743
	F28_('S3', 'S2')_t4_min: 7859
	F32_('S4', 'S3')_tb: 8680
	F37_('S3', 'S4')_t4_max: 342
	F4_jitter: 36
	F3_('S4', 'S5')_rr: 0
	F20_queue_index: 0
	F17_('S5', 'S4')_gc: True
	F29_('E5', 'S5')_t3_max: 30593
	F33_('S5', 'S4')_t3_max: 171
	F25_('S3', 'S2')_gc: True
	F38_('S3', 'S4')_t3_max: 271
	F30_('S3', 'S2')_rr: 0
	F30_('S2', 'E2')_rr: 0
	F8_('S5', 'S4')_t5_min: 215
	F14_queue_index: 0
	F26_('S2', 'E2')_gc: False
	F8_('E5', 'S5')_t3_max: 180
	F16_('S2', 'S1')_gc: True
	F0_jitter: 36
	F12_('E5', 'S5')_gc: False
	F19_('S3', 'S4')_t4_min: 23872
	F35_('E2', 'S2')_t3_max: 14296
	F18_('S3', 'S2')_rr: 0
	F18_('S2', 'S1')_rr: 0
	F26_('E4', 'S4')_rr: 0
	F19_('S5', 'E5')_rr: 0
	F31_jitter: 36
	F34_queue_index: 0
	F33_('E5', 'S5')_t3_max: 145
	F2_('E4', 'S4')_t3_max: 444
	F6_jitter: 36
	F18_queue_index: 0
	F13_('S1', 'S2')_rr: 32
	F3_queue_index: 0
	F18_('S5', 'S4')_t3_max: 12147
	F36_('S3', 'E3')_tb: 209
	F22_('S1', 'E1')_rr: 0
	F32_('S4', 'S3')_gc: False
	F15_('S2', 'S1')_t4_min: 7943
	F38_('E2', 'S2')_rr: 0
	F10_('S2', 'E2')_t4_min: 219
	F32_('S3', 'E3')_rr: 0
	F28_queue_index: 0
	F25_('E4', 'S4')_gc: False
	F34_('E5', 'S5')_t5_max: 6397
	F20_('S2', 'S3')_t4_min: 22220
	F21_('S1', 'E1')_gc: False
	F26_('S3', 'S2')_t4_min: 19
	F12_('S5', 'S4')_t4_max: 126488
	F34_('S4', 'E4')_gc: False
	F12_('E5', 'S5')_rr: 0
	F13_('E1', 'S1')_rr: 0
	F5_('S1', 'S2')_t4_max: 94
	F12_('E5', 'S5')_t3_max: 126448
	F36_('S1', 'S2')_rr: 8
	F3_('S2', 'S3')_rr: 0
	('E5', 'S5')_gcl_cycle: 1
	F22_('S2', 'S1')_tb: 6616
	F15_('E2', 'S2')_tb: 7932
	F3_('S5', 'E5')_t3_min: 6624
	F39_('S2', 'S1')_t4_min: 40308
	F36_('E1', 'S1')_t3_max: 170
	F22_('S1', 'E1')_gc: False
	F8_('S5', 'S4')_tb: 205
	F34_('S5', 'S4')_t4_min: 6399
	F25_('S3', 'S2')_t3_min: 2561
	F9_('S1', 'S2')_gc: True
	F3_('S1', 'S2')_rr: 8
	F18_('S4', 'S3')_rr: 0
	F38_('S3', 'S4')_gc: True
	F13_('E1', 'S1')_t3_max: 205
	F16_('S3', 'S2')_rr: 2
	F25_('S3', 'S2')_rr: 8
	F13_queue_index: 0
	F16_('S4', 'S3')_gc: True
	F39_('S1', 'E1')_t4_min: 40316
	F31_('S3', 'E3')_t4_min: 2525
	F2_('E4', 'S4')_gc: False
	F3_('S4', 'S5')_t4_max: 6670
	F30_('E4', 'S4')_t4_max: 2609
	F11_jitter: 18
	F29_('S1', 'E1')_rr: 0
	F28_('S3', 'S2')_t3_max: 7864
	F17_('S3', 'S2')_gc: False
	('S3', 'S4')_gcl_length: 42
	F33_('S5', 'S4')_rr: 0
	F29_('S5', 'S4')_t4_max: 30633
	F19_('S3', 'S4')_t3_min: 23867
	F27_jitter: 36
	F6_('S1', 'S2')_t5_max: 115
	F22_('S3', 'S2')_t3_min: 6597
	F25_('E4', 'S4')_rr: 0
	F8_('S5', 'S4')_gc: False
	F29_('S1', 'E1')_gc: False
	F27_('S1', 'E1')_gc: False
	F37_('E2', 'S2')_gc: False
	F26_queue_index: 0
	F31_('S5', 'S4')_t3_min: 2496
	F4_('S4', 'S5')_gc: False
	F3_('S1', 'S2')_gc: True
	F0_('S2', 'E2')_gc: False
	F4_queue_index: 0
	F2_('S4', 'S3')_t4_max: 489
	F26_('S2', 'E2')_rr: 0
	F26_('S3', 'S2')_gc: False
	F0_('S3', 'S2')_rr: 0
	F29_('S5', 'S4')_rr: 2
	F31_('S5', 'S4')_t4_min: 2501
	F18_('S3', 'S2')_t3_min: 12156
	F7_('S4', 'S5')_t4_min: 1857
	F13_('S1', 'S2')_gc: True
	F10_queue_index: 0
	F9_('S1', 'S2')_t3_max: 62562
	F38_('S2', 'S3')_t4_max: 253
	F33_('S5', 'S4')_t4_min: 166
	F36_('S1', 'S2')_tb: 203
	F22_('S1', 'E1')_t4_min: 6630
	F36_('S2', 'S3')_rr: 0
	F1_('S4', 'S5')_rr: 1
	F27_('E2', 'S2')_rr: 0
	F30_('S2', 'E2')_t3_min: 2618
	F39_('E2', 'S2')_rr: 0
	F7_('S4', 'S5')_rr: 4
	F17_('S4', 'S3')_t3_max: 60119
	('S4', 'S5')_gcl_cycle: 8000
	F26_('S3', 'S2')_t4_max: 55
	F28_('S3', 'S2')_t4_max: 7877
	F29_('S3', 'S2')_t4_min: 30688
	F36_('S3', 'E3')_rr: 0
	F38_('S4', 'E4')_t4_min: 284
	F23_('E5', 'S5')_t3_max: 31906
	F37_('S4', 'E4')_t4_min: 355
	F19_('S4', 'S5')_rr: 0
	F29_('S4', 'S3')_rr: 0
	F9_('S2', 'S3')_t4_max: 62590
	F30_queue_index: 0
	('S3', 'S4')_gcl_cycle: 32000
	('S5', 'S4')_gcl_cycle: 64000
	F39_('E2', 'S2')_t3_max: 40270
	F2_('S3', 'E3')_t4_min: 485
	F38_('E2', 'S2')_gc: False
	F27_('E2', 'S2')_gc: False
	F17_jitter: 36
	F30_('S3', 'S2')_t4_max: 2651
	F0_('S4', 'S3')_rr: 32
	F18_('S4', 'S3')_t4_min: 12149
	F9_queue_index: 0
	F7_('S4', 'S5')_gc: True
	F0_('S5', 'S4')_rr: 0
	F27_('S2', 'S1')_t4_min: 15901
	F11_('E3', 'S3')_gc: False
	F34_('E5', 'S5')_t5_min: 6397
	F20_('S2', 'S3')_tb: 22220
	F24_('E5', 'S5')_rr: 0
	F31_('E5', 'S5')_tb: 2484
	F15_('S1', 'E1')_gc: False
	F12_('E5', 'S5')_t5_max: 126468
	F1_('S4', 'S5')_t3_min: 7970
	F34_('S5', 'S4')_t3_max: 6404
	F25_('S1', 'E1')_t3_max: 2604
	F29_('S4', 'S3')_gc: False
	F24_('S5', 'S4')_rr: 16
	F20_('S3', 'E3')_gc: False
	F19_('S5', 'E5')_t5_min: 23897
	F29_('S5', 'S4')_t3_min: 30616
	('S5', 'E5')_gcl_cycle: 1
	F16_('S2', 'S1')_t4_max: 14743
	F6_('S1', 'S2')_rr: 8
	F1_queue_index: 0
	F13_('S2', 'S3')_t4_min: 246
	F3_('S5', 'E5')_rr: 0
	F38_('S2', 'S3')_t4_min: 253
	F22_('S4', 'S3')_t3_max: 6583
	F35_('S3', 'S4')_t4_min: 14349
	F2_('S3', 'E3')_gc: False
	F2_jitter: 36
	F11_('S3', 'S2')_t4_max: 252
	('S5', 'S4')_gcl_length: 74
	F32_('S4', 'S3')_t4_min: 8680
	F6_('S1', 'S2')_t4_max: 112
	F18_('S1', 'E1')_t4_min: 12170
	F37_('E2', 'S2')_t5_min: 296
	F37_('S4', 'E4')_t5_min: 361
	F37_('E2', 'S2')_t3_max: 277
	F16_jitter: 18
	F29_('S5', 'S4')_t3_max: 30621
	F35_('S4', 'E4')_t4_min: 14363
	F18_('S2', 'S1')_gc: False
	F38_('S2', 'S3')_rr: 8
	F30_('E4', 'S4')_gc: False
	F32_('S4', 'S3')_t4_max: 8698
	F20_('E2', 'S2')_t3_max: 22203
	F11_('S2', 'E2')_rr: 0
	F21_('S2', 'S1')_t4_min: 114618
	F31_('S5', 'S4')_t4_max: 2501
	F13_('S1', 'S2')_t4_max: 238
	F17_('S3', 'S2')_t4_min: 60135
	F31_('S4', 'S3')_t4_max: 2531
	F36_('S1', 'S2')_gc: True
	F20_('S3', 'E3')_rr: 0
	F20_('S2', 'S3')_gc: False
	F19_('S3', 'S4')_t4_max: 23872
	F36_('S1', 'S2')_t4_min: 203
	F13_('S2', 'S3')_tb: 246
	F24_queue_index: 0
	F24_('S3', 'S2')_t5_min: 2521
	F29_('E5', 'S5')_t3_min: 30606
	F27_('S1', 'E1')_rr: 0
	F16_('S3', 'S2')_t4_max: 14715
	F5_('S2', 'E2')_gc: False
	F6_('S3', 'E3')_t3_min: 122
	F3_('S5', 'E5')_t5_max: 6702
	F13_('S2', 'S3')_t3_min: 241
	F24_('E5', 'S5')_t5_max: 2452
	F37_('S2', 'S3')_t5_min: 304
	F11_('E3', 'S3')_t4_max: 231
	F39_('S2', 'S1')_t3_min: 40291
	F19_('E3', 'S3')_t4_min: 23858
	F15_('E2', 'S2')_t5_max: 7941
	F6_('S3', 'E3')_t5_min: 125
	F21_('S2', 'S1')_t5_max: 114628
	F37_('E2', 'S2')_tb: 290
	F28_('S2', 'E2')_t3_min: 7867
	F13_('S3', 'S4')_tb: 261
	F20_('E2', 'S2')_tb: 22216
	F5_('S2', 'E2')_t3_max: 113
	F0_('S2', 'E2')_t3_min: 480
	F21_('S2', 'S1')_t3_min: 114601
	F14_('S3', 'E3')_t3_max: 48185
	F9_('S3', 'E3')_t4_max: 62619
	F1_('S5', 'E5')_t4_max: 7997
	F18_('S1', 'E1')_tb: 12170
	F8_('E5', 'S5')_t4_max: 193
	F16_('S2', 'S1')_t3_max: 14731
	F32_('S3', 'E3')_t4_max: 8720
	F3_('S3', 'S4')_t3_max: 6631
	F17_('S5', 'S4')_tb: 60110
	F37_('E2', 'S2')_t4_min: 290
	F4_('S5', 'E5')_t5_min: 7942
	F6_('S3', 'E3')_t5_max: 161
	F21_('E2', 'S2')_t5_max: 114599
	F21_('E2', 'S2')_t4_min: 114589
	F7_('E4', 'S4')_t5_max: 675
	F10_('S2', 'E2')_t3_max: 242
	F7_('S5', 'E5')_t3_max: 1870
	F18_('S2', 'S1')_tb: 12163
	F19_('S4', 'S5')_t3_max: 23886
	F38_('E2', 'S2')_t5_max: 246
	F11_('E3', 'S3')_t4_min: 231
	F10_('S3', 'S2')_t5_max: 235
	('S5', 'E5')_gcl_length: 0
	F34_('S4', 'E4')_tb: 6412
	F19_('S4', 'S5')_tb: 23881
	F18_('S3', 'S2')_tb: 12156
	F17_('S4', 'S3')_t3_min: 60114
	F14_('E2', 'S2')_t4_min: 48138
	F0_('E5', 'S5')_t4_min: 421
	F36_('S3', 'E3')_t5_max: 246
	F18_('S2', 'S1')_t5_min: 12168
	F9_('S2', 'S3')_t5_min: 62599
	F18_('S3', 'S2')_t3_max: 12197
	F16_('E4', 'S4')_t4_min: 14659
	F10_('E3', 'S3')_t5_min: 214
	F19_('E3', 'S3')_t3_min: 23858
	F26_('S4', 'S3')_t5_max: 35
	F31_('E5', 'S5')_t4_max: 2484
	F19_('E3', 'S3')_t5_max: 23865
	('S1', 'S2')_gcl_length: 114
	F21_('S2', 'S1')_tb: 114618
	F5_('E1', 'S1')_t4_max: 62
	F19_('S3', 'S4')_tb: 23872
	F31_('S4', 'S3')_t3_min: 2513
	F10_('E3', 'S3')_t3_min: 213
	('S1', 'E1')_gcl_length: 0
	F21_('E2', 'S2')_t4_max: 114589
	F32_('S3', 'E3')_tb: 8684
	F3_('S5', 'E5')_tb: 6624
	F7_('E4', 'S4')_t3_min: 669
	F19_('E3', 'S3')_t5_min: 23865
	F1_('E4', 'S4')_t3_min: 7966
	F23_('S3', 'S2')_t5_min: 31976
	F3_('S1', 'S2')_t5_min: 6598
	F6_('S1', 'S2')_tb: 112
	F15_('E2', 'S2')_t5_min: 7941
	F18_('S4', 'S3')_t5_max: 12190
	F15_('S2', 'S1')_t3_min: 7943
	F31_('S5', 'S4')_t5_min: 2511
	F35_('S4', 'E4')_t4_max: 14399
	F19_('S5', 'E5')_t3_max: 23913
	F13_('E1', 'S1')_t5_max: 219
	F29_('S5', 'S4')_tb: 30633
	F3_('S2', 'S3')_tb: 6600
	F26_('S4', 'S3')_tb: 10
	F5_('S1', 'S2')_t5_max: 106
	F35_('E2', 'S2')_t4_min: 14309
	F36_('E1', 'S1')_t4_min: 183
	F36_('S2', 'S3')_t3_max: 211
	F18_('S5', 'S4')_t5_max: 12165
	('S2', 'S3')_gcl_length: 90
	F34_('S5', 'S4')_t5_min: 6410
	F24_('S4', 'S3')_tb: 2485
	F25_('E4', 'S4')_t4_min: 2528
	F30_('S2', 'E2')_t5_max: 2673
	F22_('S1', 'E1')_t4_max: 6666
	F3_('S3', 'S4')_t5_max: 6650
	F20_('S3', 'E3')_t3_min: 22224
	F39_('S2', 'S1')_t5_max: 40314
	F2_('E4', 'S4')_t5_max: 469
	F22_('E4', 'S4')_t5_max: 6576
	F0_('S4', 'S3')_t3_min: 437
	F31_('E5', 'S5')_t3_min: 2484
	F36_('S1', 'S2')_t3_min: 186
	F8_('S4', 'E4')_t3_min: 217
	F2_('S3', 'E3')_t3_min: 485
	F15_('S2', 'S1')_tb: 7943
	F9_('S2', 'S3')_t3_max: 62578
	F9_('S2', 'S3')_t5_max: 62599
	F6_('S2', 'S3')_t3_max: 122
	F28_('S2', 'E2')_tb: 7867
	F22_('S1', 'E1')_tb: 6630
	F38_('S4', 'E4')_t3_min: 284
	F22_('E4', 'S4')_t5_min: 6576
	F17_('S4', 'S3')_t5_max: 60133
	F23_('S5', 'S4')_t3_min: 31924
	F31_('S4', 'S3')_tb: 2513
	F17_('S3', 'S2')_t3_max: 60140
	F31_('S3', 'E3')_tb: 2525
	F33_('E5', 'S5')_t5_max: 164
	F24_('S3', 'S2')_tb: 2511
	F24_('S3', 'S2')_t3_max: 2502
	F25_('E4', 'S4')_t5_max: 2540
	F24_('S4', 'S3')_t3_min: 2471
	('S3', 'E3')_gcl_length: 0
	F18_('S4', 'S3')_tb: 12149
	F4_('E4', 'S4')_t4_min: 7914
	F30_('E4', 'S4')_t3_min: 2609
	F7_('E4', 'S4')_tb: 669
	F15_('S2', 'S1')_t5_min: 7952
	F13_('E1', 'S1')_t3_min: 218
	F4_('S4', 'S5')_t5_max: 7950
	F3_('S1', 'S2')_t3_min: 6587
	('E2', 'S2')_gcl_length: 0
	F30_('S3', 'S2')_tb: 2615
	F26_('S2', 'E2')_t3_max: 69
	F18_('S4', 'S3')_t3_min: 12149
	F0_('S5', 'S4')_t3_min: 429
	F1_('E4', 'S4')_t4_max: 7966
	F4_('S4', 'S5')_t5_min: 7932
	F24_('S2', 'E2')_t5_max: 2551
	F0_('S2', 'E2')_t5_max: 522
	F5_('S2', 'E2')_t4_max: 126
	F36_('E1', 'S1')_t3_min: 183
	F14_('S3', 'E3')_t5_min: 48172
	F3_('E1', 'S1')_t4_max: 6579
	('S4', 'S5')_gcl_length: 10
	F16_('E4', 'S4')_t4_max: 14659
	F30_('E4', 'S4')_t5_min: 2610
	F8_('S5', 'S4')_t3_min: 205
	F12_('E5', 'S5')_t3_min: 126461
	F29_('S1', 'E1')_tb: 30725
	F6_('E1', 'S1')_tb: 102
	F38_('S4', 'E4')_t3_max: 289
	F5_('S1', 'S2')_tb: 76
	F7_('S4', 'S5')_t5_min: 1863
	F2_('S4', 'S3')_t3_min: 471
	F4_('S5', 'E5')_t5_max: 7978
	F33_('S5', 'S4')_t5_min: 172
	F39_('S1', 'E1')_t5_max: 40340
	F28_('S2', 'E2')_t3_max: 7890
	F36_('S3', 'E3')_t3_max: 232
	F14_('S3', 'E3')_t5_max: 48208
	F38_('E2', 'S2')_tb: 235
	F33_('E5', 'S5')_t5_min: 164
	F17_('E5', 'S5')_t4_max: 60101
	F16_('S1', 'E1')_t3_max: 14759
	F24_('E5', 'S5')_t4_max: 2442
	('E4', 'S4')_gcl_length: 0
	F18_('S1', 'E1')_t3_min: 12170
	F6_('S3', 'E3')_tb: 122
	F10_('E3', 'S3')_t4_min: 213
	F23_('S4', 'S3')_tb: 31963
	F17_('S5', 'S4')_t3_min: 60105
	F15_('S1', 'E1')_tb: 7954
	F33_('E5', 'S5')_t4_min: 158
	F13_('S4', 'E4')_t4_max: 282
	F21_('S1', 'E1')_t4_max: 114648
	F3_('S4', 'S5')_tb: 6616
	F20_('S3', 'E3')_t5_max: 22262
	F1_('S5', 'E5')_tb: 7979
	F10_('E3', 'S3')_tb: 213
	F19_('E3', 'S3')_tb: 23858
	F27_('E2', 'S2')_t4_min: 15892
	F15_('E2', 'S2')_t3_min: 7932
	F26_('S4', 'S3')_t3_min: 10
	F20_('S3', 'E3')_t3_max: 22247
	F10_('S2', 'E2')_t5_max: 256
	F39_('S2', 'S1')_tb: 40308
	F31_('S3', 'E3')_t3_max: 2548
	F18_('S1', 'E1')_t5_max: 12265
	('E1', 'S1')_gcl_length: 0
	F32_('S4', 'S3')_t5_min: 8682
	F3_('S5', 'E5')_t3_max: 6683
	F29_('S4', 'S3')_t5_min: 30651
	F22_('S2', 'S1')_t3_max: 6621
	F8_('S4', 'E4')_t5_min: 227
	F12_('S4', 'E4')_t3_min: 126479
	F34_('S4', 'E4')_t3_min: 6412
	F31_('S4', 'S3')_t5_max: 2541
	F31_('S4', 'S3')_t3_max: 2518
	F8_('S4', 'E4')_t5_max: 263
	F26_('S4', 'S3')_t5_min: 17
	F30_('S3', 'S2')_t5_max: 2652
	F24_('E5', 'S5')_tb: 2442
	F24_('S2', 'E2')_t3_min: 2523
	F29_('S3', 'S2')_t5_min: 30696
	F37_('S3', 'S4')_t3_max: 329
	F15_('E2', 'S2')_t4_min: 7932
	F33_('S5', 'S4')_tb: 166
	F37_('S2', 'S3')_t3_min: 298
	F28_('S2', 'E2')_t5_min: 7873
	F27_('E2', 'S2')_t3_min: 15892
	F3_('E1', 'S1')_t3_min: 6579
	F0_('S3', 'S2')_t5_max: 496
	F4_('E4', 'S4')_t4_max: 7914
	F2_('S3', 'E3')_tb: 485
	F38_('E2', 'S2')_t3_min: 235
	F33_('E5', 'S5')_t4_max: 158
	F15_('S1', 'E1')_t4_max: 7990
	F9_('S1', 'S2')_t3_min: 62557
	F29_('E5', 'S5')_t5_min: 30614
	F23_('S4', 'S3')_t5_max: 31966
	F23_('E5', 'S5')_t4_min: 31919
	F4_('S5', 'E5')_tb: 7934
	F14_('S3', 'E3')_t3_min: 48162
	F33_('S4', 'E4')_tb: 174
	F37_('E2', 'S2')_t3_min: 290
	F38_('S2', 'S3')_t5_min: 264
	F4_('E4', 'S4')_t5_min: 7922
	F28_('S2', 'E2')_t5_max: 7909
	F18_('E5', 'S5')_t4_max: 12135
	F26_('S2', 'E2')_t4_max: 82
	F25_('E4', 'S4')_t3_min: 2528
	F30_('S3', 'S2')_t5_min: 2616
	F12_('S4', 'E4')_t3_max: 126502
	F26_('S3', 'S2')_t3_max: 42
	F10_('S3', 'S2')_tb: 216
	F15_('S1', 'E1')_t5_min: 7963
	F0_('S3', 'S2')_t5_min: 478
	F24_('S4', 'S3')_t3_max: 2476
	F22_('S4', 'S3')_t5_min: 6595
	F12_('E5', 'S5')_t4_max: 126461
	F3_('E1', 'S1')_t4_min: 6579
	F39_('S2', 'S1')_t5_min: 40314
	F2_('E4', 'S4')_t4_min: 457
	F16_('S3', 'S2')_t5_min: 14724
	F2_('S3', 'E3')_t4_max: 521
	F13_('E1', 'S1')_t5_min: 219
	F2_('S4', 'S3')_t5_min: 483
	F22_('S3', 'S2')_t3_max: 6602
	F12_('S4', 'E4')_tb: 126479
	F17_('E5', 'S5')_t4_min: 60101
	F15_('S1', 'E1')_t5_max: 7999
	F4_('E4', 'S4')_t5_max: 7922
	F8_('S5', 'S4')_t5_max: 233
	F1_('S4', 'S5')_t5_min: 7977
	F3_('S5', 'E5')_t5_min: 6630
	F23_('S3', 'S2')_t3_min: 31968
	F2_('S3', 'E3')_t5_max: 533
	F36_('E1', 'S1')_t5_max: 184
	F16_('S1', 'E1')_t5_min: 14763
	F28_('S3', 'S2')_t5_max: 7883
	F6_('E1', 'S1')_t5_max: 105
	F20_('E2', 'S2')_t5_max: 22218
	F12_('E5', 'S5')_t4_min: 126461
	F9_('S3', 'E3')_t5_max: 62628
	F37_('S4', 'E4')_t4_max: 355
	F8_('S4', 'E4')_t3_max: 240
	F39_('S1', 'E1')_t3_max: 40321
	F24_('S2', 'E2')_t3_max: 2528
	F37_('S3', 'S4')_tb: 306
	F25_('S3', 'S2')_t5_min: 2578
	F2_('E4', 'S4')_t5_min: 469
	F23_('E5', 'S5')_tb: 31919
	F9_('S1', 'S2')_t5_max: 62571
	F18_('S4', 'S3')_t3_max: 12172
	F31_('S5', 'S4')_t5_max: 2511
	F30_('S4', 'S3')_t5_min: 2613
	F29_('E5', 'S5')_t4_max: 30606
	F25_('E4', 'S4')_t5_min: 2540
	F15_('S2', 'S1')_t5_max: 7970
	F12_('E5', 'S5')_tb: 126461
	F9_('E1', 'S1')_tb: 62546
	F24_('S5', 'S4')_t5_max: 2469
	F16_('E4', 'S4')_t5_min: 14668
	('E5', 'S5')_gcl_length: 0
	F5_('E1', 'S1')_t5_max: 74
	F13_('S3', 'S4')_t3_min: 249
	F16_('S2', 'S1')_t5_min: 14752
	F6_('S1', 'S2')_t5_min: 115
	F14_('E2', 'S2')_tb: 48138
	F27_('S2', 'S1')_t5_min: 15908
	F22_('S3', 'S2')_t5_min: 6614
	('E3', 'S3')_gcl_length: 0
	F21_('S1', 'E1')_tb: 114630
	F16_('S1', 'E1')_tb: 14754
	F23_('E5', 'S5')_t5_min: 31922
	F16_('S2', 'S1')_t5_max: 14752
	F0_('S4', 'S3')_t5_max: 470
	F16_('S4', 'S3')_t5_max: 14696
	F5_('E1', 'S1')_t4_min: 62
	F25_('S1', 'E1')_t5_min: 2611
	F27_('S1', 'E1')_t5_min: 15917
	F7_('S5', 'E5')_t5_max: 1889
	F23_('S2', 'E2')_t5_min: 31981
	F39_('E2', 'S2')_t4_min: 40283
	F34_('S4', 'E4')_t5_max: 6459
	F11_('E3', 'S3')_t5_max: 234
	F3_('S4', 'S5')_t5_min: 6622
	F1_('S5', 'E5')_t3_min: 7979
	F16_('S1', 'E1')_t3_min: 14754
	F38_('S2', 'S3')_t3_min: 248
	F21_('E2', 'S2')_tb: 114589
	F19_('S4', 'S5')_t3_min: 23881
	F36_('S1', 'S2')_t5_max: 204
	F24_('S4', 'S3')_t5_max: 2495
	F6_('E1', 'S1')_t4_min: 102
	F24_('E5', 'S5')_t5_min: 2452
	F19_('S4', 'S5')_t5_max: 23906
	F27_('E2', 'S2')_t4_max: 15892
	F29_('S3', 'S2')_t3_min: 30653
	F10_('S2', 'E2')_t5_min: 220
	F12_('S5', 'S4')_tb: 126470
	F9_('E1', 'S1')_t5_min: 62555
	F39_('S1', 'E1')_t5_min: 40322
	F7_('S4', 'S5')_tb: 1857
	F21_('S1', 'E1')_t3_min: 114630
	F38_('S2', 'S3')_tb: 253
	F19_('S3', 'S4')_t5_min: 23879
	F30_('S2', 'E2')_tb: 2618
	F26_('S3', 'S2')_t5_min: 26
	F19_('E3', 'S3')_t4_max: 23858
	F0_('E5', 'S5')_tb: 421
	F24_('E5', 'S5')_t4_min: 2442
	F25_('S3', 'S2')_t5_max: 2578
	F39_('E2', 'S2')_t3_min: 40283
	F28_('S3', 'S2')_t3_min: 7859
	F32_('S3', 'E3')_t3_min: 8684
	F3_('S1', 'S2')_tb: 6592
	F1_('S4', 'S5')_tb: 7975
	F29_('S1', 'E1')_t5_max: 30751
	F1_('E4', 'S4')_t4_min: 7966
	F11_('S2', 'E2')_tb: 257
	F23_('S2', 'E2')_t3_max: 31983
	('S4', 'S3')_gcl_length: 150
	F3_('S2', 'S3')_t5_max: 6624
	F0_('S4', 'S3')_t5_min: 470
	F37_('S4', 'E4')_tb: 355
	F38_('E2', 'S2')_t5_min: 246
	F1_('S5', 'E5')_t5_min: 7981
	F0_('S2', 'E2')_tb: 480
	F34_('E5', 'S5')_t4_min: 6386
	F36_('E1', 'S1')_t5_min: 184
	F25_('S2', 'S1')_t3_max: 2585
	F12_('S4', 'E4')_t5_max: 126522
	F35_('S4', 'E4')_t3_min: 14363
	F18_('S3', 'S2')_t5_max: 12215
	F11_('S2', 'E2')_t5_min: 260
	F3_('E1', 'S1')_t5_min: 6585
	F6_('S2', 'S3')_t5_min: 120
	F0_('S2', 'E2')_t3_max: 503
	F13_('S4', 'E4')_t3_max: 269
	F17_('E5', 'S5')_tb: 60101
	F26_('E4', 'S4')_t5_min: 8
	F11_('E3', 'S3')_tb: 231
	F17_('S4', 'S3')_tb: 60131
	F0_('S2', 'E2')_t5_min: 486
	F5_('S2', 'E2')_tb: 90
	F11_('E3', 'S3')_t5_min: 234
	F3_('E1', 'S1')_tb: 6579
	F11_('S2', 'E2')_t3_min: 257
	F21_('S1', 'E1')_t5_min: 114640
	F24_('S2', 'E2')_tb: 2523
	F17_('S2', 'E2')_tb: 60139
	F27_('E2', 'S2')_t5_min: 15899
	F4_('S5', 'E5')_t3_max: 7957
	F18_('S2', 'S1')_t3_max: 12222
	F17_('S2', 'E2')_t4_max: 60175
	F2_('E4', 'S4')_t3_min: 457
	F29_('S5', 'S4')_t5_min: 30641
	F36_('S2', 'S3')_t3_min: 206
	F24_('S5', 'S4')_t3_min: 2454
	F30_('S3', 'S2')_t3_min: 2615
	F26_('S3', 'S2')_t3_min: 19
	F27_('S1', 'E1')_tb: 15910
	F38_('S3', 'S4')_tb: 271
	F26_('S2', 'E2')_t3_min: 28
	F26_('S3', 'S2')_t5_max: 62
	F33_('S4', 'E4')_t5_min: 180
	F35_('S2', 'S3')_t5_min: 14347
	F31_('E5', 'S5')_t4_min: 2484
	F14_('S2', 'S3')_t3_min: 48150
	F12_('E5', 'S5')_t5_min: 126468
	F35_('S3', 'S4')_t5_max: 14379
	F22_('S1', 'E1')_t3_min: 6630
	F37_('S4', 'E4')_t3_max: 355
	F32_('S3', 'E3')_t5_max: 8722
	F11_('S2', 'E2')_t5_max: 278
	F25_('S1', 'E1')_tb: 2599
	F22_('E4', 'S4')_tb: 6564
	F23_('S3', 'S2')_t5_max: 31976
	F25_('S1', 'E1')_t5_max: 2629
	F29_('E5', 'S5')_t5_max: 30614
	F2_('E4', 'S4')_tb: 457
	F13_('S2', 'S3')_t3_max: 246
	F28_('S3', 'S2')_t5_min: 7865
	F2_('S4', 'S3')_tb: 471
	F18_('S1', 'E1')_t3_max: 12247
	F6_('E1', 'S1')_t5_min: 105
	F29_('S4', 'S3')_t5_max: 30669
	F26_('S2', 'E2')_t5_min: 35
	F26_('E4', 'S4')_t5_max: 8
	F3_('S2', 'S3')_t5_min: 6606
	F16_('S4', 'S3')_t3_min: 14670
	F9_('S3', 'E3')_t3_max: 62606
	F7_('S5', 'E5')_t5_min: 1871
	F22_('S1', 'E1')_t5_max: 6678
	F13_('S3', 'S4')_t5_min: 262
	F1_('E4', 'S4')_t5_max: 7968
	F39_('E2', 'S2')_tb: 40283
	F29_('S3', 'S2')_t3_max: 30676
	F20_('E2', 'S2')_t5_min: 22218
	F25_('S4', 'S3')_tb: 2547
	F18_('E5', 'S5')_t3_min: 12135
	F32_('E4', 'S4')_t5_max: 8678
	F28_('E3', 'S3')_tb: 7851
	F2_('S3', 'E3')_t5_min: 497
	F13_('S1', 'S2')_t5_min: 239
	F30_('S2', 'E2')_t5_min: 2619
	F22_('S1', 'E1')_t3_max: 6653
	F9_('E1', 'S1')_t4_min: 62546
	F14_('S2', 'S3')_tb: 48150
	F8_('E5', 'S5')_t3_min: 193
	F0_('S5', 'S4')_t5_min: 435
	F29_('E5', 'S5')_t4_min: 30606
	F13_('S4', 'E4')_t5_max: 283
	F30_('S3', 'S2')_t3_max: 2638
	F38_('S2', 'S3')_t5_max: 264
	F9_('S3', 'E3')_t3_min: 62601
	F14_('E2', 'S2')_t5_min: 48148
	F21_('S2', 'S1')_t5_min: 114628
	F34_('S5', 'S4')_t5_max: 6428
	F25_('E4', 'S4')_tb: 2528
	F24_('S5', 'S4')_tb: 2459
	F13_('S4', 'E4')_tb: 264
	F36_('S1', 'S2')_t5_min: 204
	F23_('S2', 'E2')_tb: 31978
	F12_('S4', 'E4')_t4_max: 126515
	F25_('S4', 'S3')_t5_min: 2559
	F14_('S3', 'E3')_tb: 48162
	F25_('S3', 'S2')_tb: 2566
	F10_('S3', 'S2')_t5_min: 217
	F33_('E5', 'S5')_t3_min: 158
	F37_('E2', 'S2')_t5_max: 296
	F25_('S4', 'S3')_t5_max: 2559
	F7_('S4', 'S5')_t3_min: 677
	F6_('S3', 'E3')_t3_max: 145
	F34_('S4', 'E4')_t4_max: 6448
	F17_('S5', 'S4')_t5_min: 60112
	F30_('S4', 'S3')_t3_min: 2612
	F0_('S5', 'S4')_t5_max: 453
	F9_('S3', 'E3')_t5_min: 62610
	F33_('S4', 'E4')_t4_max: 210
	F23_('S4', 'S3')_t3_min: 31946
	F22_('S3', 'S2')_t5_max: 6614
	F0_('S3', 'S2')_tb: 472
	F14_('S2', 'S3')_t5_min: 48160
	F38_('S4', 'E4')_t5_max: 313
	F28_('E3', 'S3')_t5_min: 7857
	F6_('S2', 'S3')_tb: 117
	F7_('E4', 'S4')_t4_max: 669
	F21_('E2', 'S2')_t5_min: 114599
	F32_('E4', 'S4')_t5_min: 8678
	F32_('E4', 'S4')_t4_min: 8676
	F25_('S1', 'E1')_t3_min: 2599
	F31_('S4', 'S3')_t5_min: 2523
	F23_('S2', 'E2')_t4_max: 31996
	F38_('S4', 'E4')_t4_max: 302
	F17_('S2', 'E2')_t3_max: 60162
	F17_('S2', 'E2')_t5_min: 60141
	F36_('E1', 'S1')_t4_max: 183
	F29_('S1', 'E1')_t5_min: 30733
	F26_('S3', 'S2')_tb: 19
	F17_('E5', 'S5')_t3_min: 60101
	F5_('S1', 'S2')_t5_min: 88
	F25_('S2', 'S1')_tb: 2585
	F26_('E4', 'S4')_t4_min: 1
	F36_('S2', 'S3')_tb: 206
	F20_('S3', 'E3')_tb: 22224
	F29_('S4', 'S3')_t3_max: 30648
	F9_('S1', 'S2')_tb: 62562
	F6_('S2', 'S3')_t5_max: 138
	F32_('S4', 'S3')_t5_max: 8700
	F19_('S5', 'E5')_t3_min: 23890
	F3_('S1', 'S2')_t5_max: 6598
	F18_('S3', 'S2')_t5_min: 12161
	F2_('S4', 'S3')_t5_max: 501
	F13_('S1', 'S2')_tb: 238
	F36_('E1', 'S1')_tb: 183
	F38_('S3', 'S4')_t3_min: 266
	F13_('E1', 'S1')_t4_max: 218
	F31_('S3', 'E3')_t5_min: 2535
	F0_('S5', 'S4')_tb: 429
	F9_('E1', 'S1')_t4_max: 62546
	F35_('E2', 'S2')_t5_max: 14321
	F32_('E4', 'S4')_tb: 8676
	F32_('E4', 'S4')_t3_min: 8676
	F38_('S3', 'S4')_t5_max: 282
	F32_('S3', 'E3')_t5_min: 8686
	F20_('E2', 'S2')_t3_min: 22216
	F21_('S1', 'E1')_t3_max: 114635
	F23_('S5', 'S4')_t5_max: 31944
	F29_('E5', 'S5')_tb: 30606
	F36_('S2', 'S3')_t5_min: 207
	F26_('E4', 'S4')_t3_min: 1
	('S2', 'S1')_gcl_length: 94
	F5_('E1', 'S1')_t3_min: 62
	F23_('S4', 'S3')_t3_max: 31951
	F7_('S5', 'E5')_t4_max: 1883
	F5_('S2', 'E2')_t5_max: 138
	F20_('S2', 'S3')_t5_max: 22240
	F14_('E2', 'S2')_t4_max: 48138
	F8_('E5', 'S5')_t5_max: 203
	F17_('S4', 'S3')_t5_min: 60133
	F13_('S3', 'S4')_t5_max: 262
	F36_('S3', 'E3')_t4_max: 245
	F13_('S1', 'S2')_t3_min: 221
	F10_('S3', 'S2')_t3_min: 216
	F11_('S3', 'S2')_tb: 252
	F20_('E2', 'S2')_t4_min: 22216
	F14_('S2', 'S3')_t5_max: 48178
	F4_('E4', 'S4')_t3_min: 7914
	F38_('E2', 'S2')_t4_min: 235
	F35_('S3', 'S4')_t3_max: 14354
	F30_('S2', 'E2')_t3_max: 2659
	F3_('S3', 'S4')_t3_min: 6608
	F7_('S5', 'E5')_tb: 1865
	F34_('S4', 'E4')_t3_max: 6435
	F27_('S1', 'E1')_t5_max: 15953
	F22_('S2', 'S1')_t5_max: 6646
	F30_('E4', 'S4')_t4_min: 2609
	F33_('S5', 'S4')_t3_min: 166
	F27_('S1', 'E1')_t3_max: 15933
	F29_('S2', 'S1')_t3_max: 30703
	F13_('S3', 'S4')_t3_max: 254
	F12_('S4', 'E4')_t5_min: 126486
	F4_('S5', 'E5')_t3_min: 7934
	F18_('S4', 'S3')_t5_min: 12154
	F16_('S1', 'E1')_t4_max: 14772
	F39_('S1', 'E1')_t3_min: 40316
	F16_('S4', 'S3')_tb: 14687
	F39_('E2', 'S2')_t5_min: 40289
	F23_('S3', 'S2')_t3_max: 31973
	F28_('E3', 'S3')_t4_min: 7851
	F13_('S2', 'S3')_t5_min: 247
	F19_('S4', 'S5')_t5_min: 23888
	F17_('S2', 'E2')_t5_max: 60177
	F16_('S1', 'E1')_t5_max: 14781
	F13_('S4', 'E4')_t5_min: 265
	F2_('S3', 'E3')_t3_max: 508
	F25_('S2', 'S1')_t5_max: 2597
	F24_('E5', 'S5')_t3_min: 2442
	F12_('S5', 'S4')_t5_max: 126495
	F24_('S3', 'S2')_t5_max: 2521
	F28_('S3', 'S2')_tb: 7859
	F22_('E4', 'S4')_t3_min: 6564
	F29_('S2', 'S1')_t5_min: 30723
	F21_('E2', 'S2')_t3_min: 114589
	F18_('S1', 'E1')_t5_min: 12175
	F35_('E2', 'S2')_t3_min: 14309
	F25_('S2', 'S1')_t5_min: 2597
	F26_('E4', 'S4')_t4_max: 1
	F10_('E3', 'S3')_t4_max: 213
	F23_('S4', 'S3')_t5_min: 31966
	F4_('S5', 'E5')_t4_max: 7970
	('S2', 'E2')_gcl_length: 0
	F35_('S3', 'S4')_t5_min: 14361
	F19_('S3', 'S4')_t5_max: 23879
	F29_('S2', 'S1')_t3_min: 30698
	F17_('S3', 'S2')_t5_min: 60137
	F30_('E4', 'S4')_t5_max: 2610
	F22_('S3', 'S2')_tb: 6602
	F12_('S5', 'S4')_t5_min: 126477
	F31_('S3', 'E3')_t5_max: 2571
	F3_('S3', 'S4')_t5_min: 6614
	F29_('S3', 'S2')_t5_max: 30696
	F0_('S3', 'S2')_t3_min: 472
	F5_('S2', 'E2')_t5_min: 102
	F0_('E5', 'S5')_t3_min: 421
	F32_('S4', 'S3')_t3_min: 8680
	F29_('S1', 'E1')_t3_min: 30725
	F28_('E3', 'S3')_t5_max: 7857
	F33_('E5', 'S5')_tb: 158
	F18_('S2', 'S1')_t5_max: 12240
	F18_('E5', 'S5')_t4_min: 12135
	F16_('S2', 'S1')_t3_min: 14726
	F37_('S2', 'S3')_tb: 298
	F11_('E3', 'S3')_t3_min: 231
	F13_('S4', 'E4')_t3_min: 264
	F1_('S5', 'E5')_t5_max: 7999
	F16_('S3', 'S2')_t5_max: 14724
	F33_('S4', 'E4')_t3_min: 174
	F37_('S3', 'S4')_t5_max: 348
	F26_('S2', 'E2')_tb: 28
	F23_('E5', 'S5')_t3_min: 31919
	F11_('S2', 'E2')_t4_max: 275
	F5_('E1', 'S1')_t5_min: 74
	F34_('S5', 'S4')_tb: 6399
	F18_('S1', 'E1')_t4_max: 12260
	F0_('S4', 'S3')_tb: 464
	F9_('S2', 'S3')_tb: 62590
	F23_('S3', 'S2')_tb: 31973
	F23_('S2', 'E2')_t3_min: 31978
	F10_('E3', 'S3')_t5_max: 214
	F34_('E5', 'S5')_t4_max: 6386
	F13_('S2', 'S3')_t5_max: 247
	F17_('S3', 'S2')_tb: 60135
	F32_('E4', 'S4')_t4_max: 8676
	F16_('E4', 'S4')_t3_min: 14659
	F37_('S2', 'S3')_t5_max: 322
	F8_('E5', 'S5')_t5_min: 203
	F36_('S3', 'E3')_t3_min: 209
	F7_('E4', 'S4')_t5_min: 675
	F37_('S4', 'E4')_t5_max: 361
	F8_('S4', 'E4')_t4_max: 253
	F23_('S5', 'S4')_t5_min: 31944
	F30_('S4', 'S3')_tb: 2612
	F22_('E4', 'S4')_t4_max: 6564
	F6_('E1', 'S1')_t4_max: 102
	F11_('S3', 'S2')_t3_min: 236
	F27_('S2', 'S1')_t3_min: 15901
	F37_('S3', 'S4')_t3_min: 306
	F4_('E4', 'S4')_tb: 7914
	F28_('E3', 'S3')_t3_min: 7851
	F2_('E4', 'S4')_t4_max: 457
	F1_('E4', 'S4')_tb: 7966
	F6_('E1', 'S1')_t3_min: 102
	F19_('S5', 'E5')_t5_max: 23933
	F16_('S4', 'S3')_t5_min: 14696
	F18_('S5', 'S4')_t3_min: 12142
	F37_('S4', 'E4')_t3_min: 314
	F7_('S5', 'E5')_t3_min: 1865
	F20_('S3', 'E3')_t4_max: 22260
	F18_('E5', 'S5')_tb: 12135
	F18_('E5', 'S5')_t5_min: 12140
	F35_('S4', 'E4')_t3_max: 14386
	F4_('S4', 'S5')_t3_min: 7924
	F21_('S1', 'E1')_t5_max: 114658
	F14_('S3', 'E3')_t4_max: 48198
	F34_('E5', 'S5')_t3_min: 6386
	F28_('S2', 'E2')_t4_max: 7903
	F22_('S4', 'S3')_t5_max: 6595
	F16_('S3', 'S2')_t3_max: 14703
	F5_('S1', 'S2')_t3_min: 76
	F31_('S5', 'S4')_tb: 2501
	F14_('E2', 'S2')_t3_min: 48138
	F9_('S3', 'E3')_tb: 62601
	F16_('S3', 'S2')_tb: 14715
	F37_('E2', 'S2')_t4_max: 290
	F27_('S1', 'E1')_t4_max: 15946
	F35_('S4', 'E4')_t5_max: 14411
	F31_('E5', 'S5')_t5_max: 2494
	F17_('E5', 'S5')_t5_min: 60103
	F15_('S1', 'E1')_t3_max: 7977
	F16_('E4', 'S4')_t5_max: 14668
	F30_('S4', 'S3')_t5_max: 2631
	F35_('S3', 'S4')_t3_min: 14349
	F20_('S2', 'S3')_t5_min: 22222
	F6_('S2', 'S3')_t3_min: 117
	F38_('E2', 'S2')_t4_max: 235
	F31_('E5', 'S5')_t5_min: 2494
	('S4', 'E4')_gcl_length: 2
	F14_('E2', 'S2')_t5_max: 48148
	F24_('S2', 'E2')_t4_max: 2541
	('S3', 'S2')_gcl_length: 76
	F20_('E2', 'S2')_t4_max: 22216
	F17_('S3', 'S2')_t3_min: 60135
	F23_('S5', 'S4')_tb: 31941
	F19_('S5', 'E5')_tb: 23890
	F0_('S2', 'E2')_t4_max: 516
	F10_('S2', 'E2')_tb: 219
	F36_('S2', 'S3')_t5_max: 225
	F10_('S2', 'E2')_t3_min: 219
	F22_('S2', 'S1')_t5_min: 6628
	F29_('S4', 'S3')_tb: 30643
	F28_('E3', 'S3')_t4_max: 7851
	F7_('S4', 'S5')_t5_max: 1863
	F25_('S4', 'S3')_t3_min: 2542
	F29_('S4', 'S3')_t3_min: 30643
	F25_('S1', 'E1')_t4_max: 2617
	F3_('E1', 'S1')_t5_max: 6585
	F13_('E1', 'S1')_t4_min: 218
	F5_('E1', 'S1')_tb: 62
	F3_('S2', 'S3')_t3_max: 6605
	F24_('S2', 'E2')_t5_min: 2533
	F35_('S4', 'E4')_t5_min: 14375
	F18_('E5', 'S5')_t5_max: 12140
	F35_('S4', 'E4')_tb: 14363
	F19_('S5', 'E5')_t4_max: 23926
	F3_('S2', 'S3')_t3_min: 6600
	F31_('S3', 'E3')_t4_max: 2561
	F27_('S1', 'E1')_t3_min: 15910
	F37_('S3', 'S4')_t5_min: 312
	F33_('S4', 'E4')_t3_max: 197
	F34_('S4', 'E4')_t5_min: 6423
	F5_('S2', 'E2')_t3_min: 90
	F18_('S5', 'S4')_tb: 12142
	F9_('E1', 'S1')_t5_max: 62555
	F29_('S2', 'S1')_tb: 30715
	F12_('S5', 'S4')_t3_min: 126470
	F34_('S5', 'S4')_t3_min: 6399
	F32_('S3', 'E3')_t3_max: 8707
	F39_('S1', 'E1')_tb: 40316
	F20_('S3', 'E3')_t5_min: 22226
	F0_('S4', 'S3')_t3_max: 460
	F36_('S3', 'E3')_t5_min: 210
	F27_('S2', 'S1')_tb: 15901
	F35_('S2', 'S3')_tb: 14335
	F35_('S3', 'S4')_tb: 14349
