0. Flow F0 [E5-->E2] with period 2000, payload 629B, e2e delay 2000us, jitter 200us
	('E5', 'S5'), Operation(1, None, 7)(1, 1)
	('S5', 'S4'), Operation(9, None, 33)(9, 27)
	('S4', 'S3'), Operation(17, None, 59)(17, 53)
	('S3', 'S2'), Operation(25, None, 85)(25, 79)
	('S2', 'E2'), Operation(33, 92, 98)(92, 92)
1. Flow F1 [E4-->E5] with period 8000, payload 151B, e2e delay 8000us, jitter 800us
	('E4', 'S4'), Operation(7506, None, 7508)(7506, 7506)
	('S4', 'S5'), Operation(7510, 7515, 7517)(7515, 7515)
	('S5', 'E5'), Operation(7519, 7524, 7526)(7524, 7524)
2. Flow F2 [E4-->E3] with period 16000, payload 1397B, e2e delay 16000us, jitter 1600us
	('E4', 'S4'), Operation(4966, None, 4978)(4966, 4966)
	('S4', 'S3'), Operation(4980, None, 5010)(4980, 4998)
	('S3', 'E3'), Operation(4994, None, 5042)(4994, 5030)
3. Flow F3 [E1-->E5] with period 8000, payload 636B, e2e delay 8000us, jitter 800us
	('E1', 'S1'), Operation(2908, None, 2914)(2908, 2908)
	('S1', 'S2'), Operation(2916, None, 2940)(2916, 2934)
	('S2', 'S3'), Operation(2924, None, 2966)(2924, 2960)
	('S3', 'S4'), Operation(2932, None, 2992)(2932, 2986)
	('S4', 'S5'), Operation(2940, 2999, 3005)(2999, 2999)
	('S5', 'E5'), Operation(3007, None, 3031)(3007, 3025)
4. Flow F4 [E4-->E5] with period 16000, payload 950B, e2e delay 16000us, jitter 1600us
	('E4', 'S4'), Operation(1386, None, 1394)(1386, 1386)
	('S4', 'S5'), Operation(1396, None, 1422)(1396, 1414)
	('S5', 'E5'), Operation(1406, None, 1450)(1406, 1442)
5. Flow F5 [E1-->E2] with period 4000, payload 1420B, e2e delay 4000us, jitter 400us
	('E1', 'S1'), Operation(3820, None, 3832)(3820, 3820)
	('S1', 'S2'), Operation(3834, None, 3864)(3834, 3852)
	('S2', 'E2'), Operation(3848, None, 3896)(3848, 3884)
6. Flow F6 [E1-->E3] with period 8000, payload 292B, e2e delay 8000us, jitter 800us
	('E1', 'S1'), Operation(3524, None, 3527)(3524, 3524)
	('S1', 'S2'), Operation(3529, None, 3550)(3529, 3547)
	('S2', 'S3'), Operation(3534, None, 3573)(3534, 3570)
	('S3', 'E3'), Operation(3539, 3580, 3583)(3580, 3580)
7. Flow F7 [E4-->E5] with period 2000, payload 669B, e2e delay 2000us, jitter 200us
	('E4', 'S4'), Operation(1460, None, 1466)(1460, 1460)
	('S4', 'S5'), Operation(1468, None, 1492)(1468, 1486)
	('S5', 'E5'), Operation(1476, None, 1518)(1476, 1512)
8. Flow F8 [E5-->E4] with period 16000, payload 1126B, e2e delay 16000us, jitter 1600us
	('E5', 'S5'), Operation(1137, None, 1147)(1137, 1137)
	('S5', 'S4'), Operation(1149, None, 1177)(1149, 1167)
	('S4', 'E4'), Operation(1161, None, 1207)(1161, 1197)
9. Flow F9 [E1-->E3] with period 64000, payload 1106B, e2e delay 64000us, jitter 6400us
	('E1', 'S1'), Operation(51552, None, 51561)(51552, 51552)
	('S1', 'S2'), Operation(51563, None, 51590)(51563, 51581)
	('S2', 'S3'), Operation(51574, None, 51619)(51574, 51610)
	('S3', 'E3'), Operation(51585, None, 51648)(51585, 51639)
10. Flow F10 [E3-->E2] with period 2000, payload 108B, e2e delay 2000us, jitter 200us
	('E3', 'S3'), Operation(1969, None, 1970)(1969, 1969)
	('S3', 'S2'), Operation(1972, 1977, 1978)(1977, 1977)
	('S2', 'E2'), Operation(1980, None, 1999)(1980, 1998)
11. Flow F11 [E3-->E2] with period 2000, payload 307B, e2e delay 2000us, jitter 200us
	('E3', 'S3'), Operation(1729, None, 1732)(1729, 1729)
	('S3', 'S2'), Operation(1734, None, 1755)(1734, 1752)
	('S2', 'E2'), Operation(1739, None, 1778)(1739, 1775)
12. Flow F12 [E5-->E4] with period 128000, payload 786B, e2e delay 128000us, jitter 12800us
	('E5', 'S5'), Operation(73207, None, 73214)(73207, 73207)
	('S5', 'S4'), Operation(73216, None, 73241)(73216, 73234)
	('S4', 'E4'), Operation(73225, 73248, 73255)(73248, 73248)
13. Flow F13 [E1-->E4] with period 2000, payload 94B, e2e delay 2000us, jitter 200us
	('E1', 'S1'), Operation(974, None, 975)(974, 974)
	('S1', 'S2'), Operation(977, 982, 983)(982, 982)
	('S2', 'S3'), Operation(985, 990, 991)(990, 990)
	('S3', 'S4'), Operation(993, None, 1012)(993, 1011)
	('S4', 'E4'), Operation(996, None, 1033)(996, 1032)
14. Flow F14 [E2-->E3] with period 64000, payload 1250B, e2e delay 64000us, jitter 6400us
	('E2', 'S2'), Operation(63579, None, 63589)(63579, 63579)
	('S2', 'S3'), Operation(63591, None, 63619)(63591, 63609)
	('S3', 'E3'), Operation(63603, None, 63649)(63603, 63639)
15. Flow F15 [E2-->E1] with period 8000, payload 1050B, e2e delay 8000us, jitter 800us
	('E2', 'S2'), Operation(1066, None, 1075)(1066, 1066)
	('S2', 'S1'), Operation(1077, None, 1104)(1077, 1095)
	('S1', 'E1'), Operation(1088, None, 1133)(1088, 1124)
16. Flow F16 [E4-->E1] with period 16000, payload 1065B, e2e delay 16000us, jitter 1600us
	('E4', 'S4'), Operation(13930, None, 13939)(13930, 13930)
	('S4', 'S3'), Operation(13941, 13946, 13955)(13946, 13946)
	('S3', 'S2'), Operation(13957, 13962, 13971)(13962, 13962)
	('S2', 'S1'), Operation(13973, 13978, 13987)(13978, 13978)
	('S1', 'E1'), Operation(13989, None, 14016)(13989, 14007)
17. Flow F17 [E5-->E2] with period 64000, payload 206B, e2e delay 64000us, jitter 6400us
	('E5', 'S5'), Operation(49134, None, 49136)(49134, 49134)
	('S5', 'S4'), Operation(49138, 49143, 49145)(49143, 49143)
	('S4', 'S3'), Operation(49147, 49152, 49154)(49152, 49152)
	('S3', 'S2'), Operation(49156, None, 49176)(49156, 49174)
	('S2', 'E2'), Operation(49160, None, 49198)(49160, 49196)
18. Flow F18 [E5-->E1] with period 16000, payload 547B, e2e delay 16000us, jitter 1600us
	('E5', 'S5'), Operation(9235, None, 9240)(9235, 9235)
	('S5', 'S4'), Operation(9242, 9247, 9252)(9247, 9247)
	('S4', 'S3'), Operation(9254, None, 9277)(9254, 9272)
	('S3', 'S2'), Operation(9261, None, 9302)(9261, 9297)
	('S2', 'S1'), Operation(9268, 9309, 9314)(9309, 9309)
	('S1', 'E1'), Operation(9316, None, 9339)(9316, 9334)
19. Flow F19 [E3-->E5] with period 32000, payload 867B, e2e delay 32000us, jitter 3200us
	('E3', 'S3'), Operation(8958, None, 8965)(8958, 8958)
	('S3', 'S4'), Operation(8967, None, 8992)(8967, 8985)
	('S4', 'S5'), Operation(8976, None, 9019)(8976, 9012)
	('S5', 'E5'), Operation(8985, None, 9046)(8985, 9039)
20. Flow F20 [E2-->E3] with period 32000, payload 130B, e2e delay 32000us, jitter 3200us
	('E2', 'S2'), Operation(4960, None, 4962)(4960, 4960)
	('S2', 'S3'), Operation(4964, None, 4984)(4964, 4982)
	('S3', 'E3'), Operation(4968, 4991, 4993)(4991, 4991)
21. Flow F21 [E2-->E1] with period 128000, payload 1215B, e2e delay 128000us, jitter 12800us
	('E2', 'S2'), Operation(105854, None, 105864)(105854, 105854)
	('S2', 'S1'), Operation(105866, None, 105894)(105866, 105884)
	('S1', 'E1'), Operation(105878, None, 105924)(105878, 105914)
22. Flow F22 [E4-->E1] with period 16000, payload 1418B, e2e delay 16000us, jitter 1600us
	('E4', 'S4'), Operation(9295, None, 9307)(9295, 9295)
	('S4', 'S3'), Operation(9309, 9314, 9326)(9314, 9314)
	('S3', 'S2'), Operation(9328, None, 9358)(9328, 9346)
	('S2', 'S1'), Operation(9342, 9365, 9377)(9365, 9365)
	('S1', 'E1'), Operation(9379, 9384, 9396)(9384, 9384)
23. Flow F23 [E5-->E2] with period 32000, payload 344B, e2e delay 32000us, jitter 3200us
	('E5', 'S5'), Operation(29754, None, 29757)(29754, 29754)
	('S5', 'S4'), Operation(29759, 29764, 29767)(29764, 29764)
	('S4', 'S3'), Operation(29769, None, 29790)(29769, 29787)
	('S3', 'S2'), Operation(29774, None, 29813)(29774, 29810)
	('S2', 'E2'), Operation(29779, None, 29836)(29779, 29833)
24. Flow F24 [E5-->E2] with period 4000, payload 1174B, e2e delay 4000us, jitter 400us
	('E5', 'S5'), Operation(1784, None, 1794)(1784, 1784)
	('S5', 'S4'), Operation(1796, 1801, 1811)(1801, 1801)
	('S4', 'S3'), Operation(1813, None, 1841)(1813, 1831)
	('S3', 'S2'), Operation(1825, None, 1871)(1825, 1861)
	('S2', 'E2'), Operation(1837, 1878, 1888)(1878, 1878)
25. Flow F25 [E4-->E1] with period 4000, payload 1487B, e2e delay 4000us, jitter 400us
	('E4', 'S4'), Operation(1848, None, 1860)(1848, 1848)
	('S4', 'S3'), Operation(1862, 1867, 1879)(1867, 1867)
	('S3', 'S2'), Operation(1881, None, 1911)(1881, 1899)
	('S2', 'S1'), Operation(1895, 1918, 1930)(1918, 1918)
	('S1', 'E1'), Operation(1932, 1937, 1949)(1937, 1937)
26. Flow F26 [E4-->E2] with period 4000, payload 773B, e2e delay 4000us, jitter 400us
	('E4', 'S4'), Operation(2982, None, 2989)(2982, 2982)
	('S4', 'S3'), Operation(2991, None, 3016)(2991, 3009)
	('S3', 'S2'), Operation(3000, None, 3043)(3000, 3036)
	('S2', 'E2'), Operation(3009, None, 3070)(3009, 3063)
27. Flow F27 [E2-->E1] with period 16000, payload 819B, e2e delay 16000us, jitter 1600us
	('E2', 'S2'), Operation(14982, None, 14989)(14982, 14982)
	('S2', 'S1'), Operation(14991, 14996, 15003)(14996, 14996)
	('S1', 'E1'), Operation(15005, 15010, 15017)(15010, 15010)
28. Flow F28 [E3-->E2] with period 8000, payload 692B, e2e delay 8000us, jitter 800us
	('E3', 'S3'), Operation(1295, None, 1301)(1295, 1295)
	('S3', 'S2'), Operation(1303, None, 1327)(1303, 1321)
	('S2', 'E2'), Operation(1311, 1334, 1340)(1334, 1334)
29. Flow F29 [E5-->E1] with period 32000, payload 992B, e2e delay 32000us, jitter 3200us
	('E5', 'S5'), Operation(17089, None, 17097)(17089, 17089)
	('S5', 'S4'), Operation(17099, 17104, 17112)(17104, 17104)
	('S4', 'S3'), Operation(17114, None, 17140)(17114, 17132)
	('S3', 'S2'), Operation(17124, 17147, 17155)(17147, 17147)
	('S2', 'S1'), Operation(17157, None, 17183)(17157, 17175)
	('S1', 'E1'), Operation(17167, None, 17211)(17167, 17203)
30. Flow F30 [E4-->E2] with period 4000, payload 97B, e2e delay 4000us, jitter 400us
	('E4', 'S4'), Operation(1348, None, 1349)(1348, 1348)
	('S4', 'S3'), Operation(1351, 1356, 1357)(1356, 1356)
	('S3', 'S2'), Operation(1359, None, 1378)(1359, 1377)
	('S2', 'E2'), Operation(1362, None, 1399)(1362, 1398)
31. Flow F31 [E5-->E3] with period 4000, payload 1139B, e2e delay 4000us, jitter 400us
	('E5', 'S5'), Operation(1329, None, 1339)(1329, 1329)
	('S5', 'S4'), Operation(1341, 1346, 1356)(1346, 1346)
	('S4', 'S3'), Operation(1358, None, 1386)(1358, 1376)
	('S3', 'E3'), Operation(1370, None, 1416)(1370, 1406)
32. Flow F32 [E4-->E3] with period 16000, payload 141B, e2e delay 16000us, jitter 1600us
	('E4', 'S4'), Operation(15043, None, 15045)(15043, 15043)
	('S4', 'S3'), Operation(15047, 15052, 15054)(15052, 15052)
	('S3', 'E3'), Operation(15056, 15061, 15063)(15061, 15061)
33. Flow F33 [E5-->E4] with period 4000, payload 683B, e2e delay 4000us, jitter 400us
	('E5', 'S5'), Operation(1658, None, 1664)(1658, 1658)
	('S5', 'S4'), Operation(1666, None, 1690)(1666, 1684)
	('S4', 'E4'), Operation(1674, 1697, 1703)(1697, 1697)
34. Flow F34 [E5-->E4] with period 8000, payload 1355B, e2e delay 8000us, jitter 800us
	('E5', 'S5'), Operation(5729, None, 5740)(5729, 5729)
	('S5', 'S4'), Operation(5742, 5747, 5758)(5747, 5747)
	('S4', 'E4'), Operation(5760, None, 5789)(5760, 5778)
35. Flow F35 [E2-->E4] with period 16000, payload 1460B, e2e delay 16000us, jitter 1600us
	('E2', 'S2'), Operation(13677, None, 13689)(13677, 13677)
	('S2', 'S3'), Operation(13691, 13696, 13708)(13696, 13696)
	('S3', 'S4'), Operation(13710, None, 13740)(13710, 13728)
	('S4', 'E4'), Operation(13724, 13747, 13759)(13747, 13747)
36. Flow F36 [E1-->E3] with period 8000, payload 114B, e2e delay 8000us, jitter 800us
	('E1', 'S1'), Operation(3627, None, 3628)(3627, 3627)
	('S1', 'S2'), Operation(3630, None, 3649)(3630, 3648)
	('S2', 'S3'), Operation(3633, 3656, 3657)(3656, 3656)
	('S3', 'E3'), Operation(3659, None, 3678)(3659, 3677)
37. Flow F37 [E2-->E4] with period 2000, payload 700B, e2e delay 2000us, jitter 200us
	('E2', 'S2'), Operation(1076, None, 1082)(1076, 1076)
	('S2', 'S3'), Operation(1084, None, 1108)(1084, 1102)
	('S3', 'S4'), Operation(1092, None, 1134)(1092, 1128)
	('S4', 'E4'), Operation(1100, None, 1160)(1100, 1154)
38. Flow F38 [E2-->E4] with period 8000, payload 1278B, e2e delay 8000us, jitter 800us
	('E2', 'S2'), Operation(7008, None, 7019)(7008, 7008)
	('S2', 'S3'), Operation(7021, 7026, 7037)(7026, 7026)
	('S3', 'S4'), Operation(7039, None, 7068)(7039, 7057)
	('S4', 'E4'), Operation(7052, None, 7099)(7052, 7088)
39. Flow F39 [E2-->E1] with period 64000, payload 696B, e2e delay 64000us, jitter 6400us
	('E2', 'S2'), Operation(57516, None, 57522)(57516, 57516)
	('S2', 'S1'), Operation(57524, 57529, 57535)(57529, 57529)
	('S1', 'E1'), Operation(57537, None, 57561)(57537, 57555)
40. Flow F40 [E3-->E5] with period 16000, payload 1311B, e2e delay 16000us, jitter 1600us
	('E3', 'S3'), Operation(1591, None, 1602)(1591, 1591)
	('S3', 'S4'), Operation(1604, None, 1633)(1604, 1622)
	('S4', 'S5'), Operation(1617, None, 1664)(1617, 1653)
	('S5', 'E5'), Operation(1630, None, 1695)(1630, 1684)
41. Flow F41 [E2-->E4] with period 128000, payload 88B, e2e delay 128000us, jitter 12800us
	('E2', 'S2'), Operation(69695, None, 69696)(69695, 69695)
	('S2', 'S3'), Operation(69698, None, 69717)(69698, 69716)
	('S3', 'S4'), Operation(69701, None, 69738)(69701, 69737)
	('S4', 'E4'), Operation(69704, None, 69759)(69704, 69758)
42. Flow F42 [E1-->E4] with period 8000, payload 1285B, e2e delay 8000us, jitter 800us
	('E1', 'S1'), Operation(7903, None, 7914)(7903, 7903)
	('S1', 'S2'), Operation(7916, 7921, 7932)(7921, 7921)
	('S2', 'S3'), Operation(7934, 7939, 7950)(7939, 7939)
	('S3', 'S4'), Operation(7952, None, 7981)(7952, 7970)
	('S4', 'E4'), Operation(7965, 7988, 7999)(7988, 7988)
43. Flow F43 [E1-->E2] with period 64000, payload 763B, e2e delay 64000us, jitter 6400us
	('E1', 'S1'), Operation(63879, None, 63886)(63879, 63879)
	('S1', 'S2'), Operation(63888, None, 63913)(63888, 63906)
	('S2', 'E2'), Operation(63897, None, 63940)(63897, 63933)
44. Flow F44 [E2-->E5] with period 32000, payload 850B, e2e delay 32000us, jitter 3200us
	('E2', 'S2'), Operation(30990, None, 30997)(30990, 30990)
	('S2', 'S3'), Operation(30999, 31004, 31011)(31004, 31004)
	('S3', 'S4'), Operation(31013, None, 31038)(31013, 31031)
	('S4', 'S5'), Operation(31022, None, 31065)(31022, 31058)
	('S5', 'E5'), Operation(31031, None, 31092)(31031, 31085)
45. Flow F45 [E4-->E1] with period 2000, payload 67B, e2e delay 2000us, jitter 200us
	('E4', 'S4'), Operation(1384, None, 1385)(1384, 1384)
	('S4', 'S3'), Operation(1387, 1392, 1393)(1392, 1392)
	('S3', 'S2'), Operation(1395, None, 1414)(1395, 1413)
	('S2', 'S1'), Operation(1398, None, 1435)(1398, 1434)
	('S1', 'E1'), Operation(1401, 1442, 1443)(1442, 1442)
46. Flow F46 [E5-->E1] with period 64000, payload 778B, e2e delay 64000us, jitter 6400us
	('E5', 'S5'), Operation(33169, None, 33176)(33169, 33169)
	('S5', 'S4'), Operation(33178, 33183, 33190)(33183, 33183)
	('S4', 'S3'), Operation(33192, 33197, 33204)(33197, 33197)
	('S3', 'S2'), Operation(33206, 33211, 33218)(33211, 33211)
	('S2', 'S1'), Operation(33220, 33225, 33232)(33225, 33225)
	('S1', 'E1'), Operation(33234, None, 33259)(33234, 33252)
47. Flow F47 [E5-->E2] with period 2000, payload 641B, e2e delay 2000us, jitter 200us
	('E5', 'S5'), Operation(1039, None, 1045)(1039, 1039)
	('S5', 'S4'), Operation(1047, None, 1071)(1047, 1065)
	('S4', 'S3'), Operation(1055, None, 1097)(1055, 1091)
	('S3', 'S2'), Operation(1063, None, 1123)(1063, 1117)
	('S2', 'E2'), Operation(1071, 1130, 1136)(1130, 1130)
48. Flow F48 [E4-->E5] with period 128000, payload 451B, e2e delay 128000us, jitter 12800us
	('E4', 'S4'), Operation(127407, None, 127411)(127407, 127407)
	('S4', 'S5'), Operation(127413, 127418, 127422)(127418, 127418)
	('S5', 'E5'), Operation(127424, 127429, 127433)(127429, 127429)
49. Flow F49 [E3-->E5] with period 64000, payload 663B, e2e delay 64000us, jitter 6400us
	('E3', 'S3'), Operation(63502, None, 63508)(63502, 63502)
	('S3', 'S4'), Operation(63510, None, 63534)(63510, 63528)
	('S4', 'S5'), Operation(63518, 63541, 63547)(63541, 63541)
	('S5', 'E5'), Operation(63549, 63554, 63560)(63554, 63554)
50. Flow F50 [E2-->E5] with period 128000, payload 692B, e2e delay 128000us, jitter 12800us
	('E2', 'S2'), Operation(125935, None, 125941)(125935, 125935)
	('S2', 'S3'), Operation(125943, None, 125967)(125943, 125961)
	('S3', 'S4'), Operation(125951, 125974, 125980)(125974, 125974)
	('S4', 'S5'), Operation(125982, None, 126006)(125982, 126000)
	('S5', 'E5'), Operation(125990, None, 126032)(125990, 126026)
51. Flow F51 [E3-->E2] with period 32000, payload 227B, e2e delay 32000us, jitter 3200us
	('E3', 'S3'), Operation(31933, None, 31935)(31933, 31933)
	('S3', 'S2'), Operation(31937, None, 31957)(31937, 31955)
	('S2', 'E2'), Operation(31941, None, 31979)(31941, 31977)
52. Flow F52 [E3-->E1] with period 64000, payload 1036B, e2e delay 64000us, jitter 6400us
	('E3', 'S3'), Operation(33113, None, 33122)(33113, 33113)
	('S3', 'S2'), Operation(33124, None, 33151)(33124, 33142)
	('S2', 'S1'), Operation(33135, 33158, 33167)(33158, 33158)
	('S1', 'E1'), Operation(33169, None, 33196)(33169, 33187)
53. Flow F53 [E1-->E4] with period 2000, payload 826B, e2e delay 2000us, jitter 200us
	('E1', 'S1'), Operation(1597, None, 1604)(1597, 1597)
	('S1', 'S2'), Operation(1606, 1611, 1618)(1611, 1611)
	('S2', 'S3'), Operation(1620, 1625, 1632)(1625, 1625)
	('S3', 'S4'), Operation(1634, None, 1659)(1634, 1652)
	('S4', 'E4'), Operation(1643, 1666, 1673)(1666, 1666)
54. Flow F54 [E5-->E3] with period 128000, payload 72B, e2e delay 128000us, jitter 12800us
	('E5', 'S5'), Operation(9831, None, 9832)(9831, 9831)
	('S5', 'S4'), Operation(9834, 9839, 9840)(9839, 9839)
	('S4', 'S3'), Operation(9842, None, 9861)(9842, 9860)
	('S3', 'E3'), Operation(9845, 9868, 9869)(9868, 9868)
55. Flow F55 [E1-->E5] with period 2000, payload 1347B, e2e delay 2000us, jitter 200us
	('E1', 'S1'), Operation(1361, None, 1372)(1361, 1361)
	('S1', 'S2'), Operation(1374, 1379, 1390)(1379, 1379)
	('S2', 'S3'), Operation(1392, 1397, 1408)(1397, 1397)
	('S3', 'S4'), Operation(1410, None, 1439)(1410, 1428)
	('S4', 'S5'), Operation(1423, 1446, 1457)(1446, 1446)
	('S5', 'E5'), Operation(1459, 1464, 1475)(1464, 1464)
56. Flow F56 [E2-->E1] with period 8000, payload 175B, e2e delay 8000us, jitter 800us
	('E2', 'S2'), Operation(5942, None, 5944)(5942, 5942)
	('S2', 'S1'), Operation(5946, None, 5966)(5946, 5964)
	('S1', 'E1'), Operation(5950, None, 5988)(5950, 5986)
57. Flow F57 [E3-->E2] with period 64000, payload 806B, e2e delay 64000us, jitter 6400us
	('E3', 'S3'), Operation(49788, None, 49795)(49788, 49788)
	('S3', 'S2'), Operation(49797, 49802, 49809)(49802, 49802)
	('S2', 'E2'), Operation(49811, None, 49836)(49811, 49829)
58. Flow F58 [E5-->E2] with period 8000, payload 82B, e2e delay 8000us, jitter 800us
	('E5', 'S5'), Operation(1205, None, 1206)(1205, 1205)
	('S5', 'S4'), Operation(1208, 1213, 1214)(1213, 1213)
	('S4', 'S3'), Operation(1216, None, 1235)(1216, 1234)
	('S3', 'S2'), Operation(1219, None, 1256)(1219, 1255)
	('S2', 'E2'), Operation(1222, 1263, 1264)(1263, 1263)
59. Flow F59 [E2-->E4] with period 2000, payload 1320B, e2e delay 2000us, jitter 200us
	('E2', 'S2'), Operation(1504, None, 1515)(1504, 1504)
	('S2', 'S3'), Operation(1517, 1522, 1533)(1522, 1522)
	('S3', 'S4'), Operation(1535, 1540, 1551)(1540, 1540)
	('S4', 'E4'), Operation(1553, None, 1582)(1553, 1571)

SMT variables: 
	F37_('S4', 'E4')_gc: False
	F44_('S4', 'S5')_tb: 31022
	F23_('E5', 'S5')_t5_max: 29757
	F3_('S3', 'S4')_tb: 2932
	F54_jitter: 0
	F6_('S1', 'S2')_gc: False
	F32_jitter: 0
	F1_('E4', 'S4')_t3_max: 7493
	F14_('S3', 'E3')_rr: 0
	F11_('S2', 'E2')_t3_max: 1762
	F41_('S4', 'E4')_rr: 0
	F22_('S2', 'S1')_t3_min: 9342
	('S4', 'S3')_gcl_cycle: 64000
	F7_queue_index: 0
	F3_('S4', 'S5')_gc: True
	F59_('S3', 'S4')_rr: 64
	F48_('E4', 'S4')_t4_max: 127407
	F0_('E5', 'S5')_rr: 0
	F42_('S3', 'S4')_gc: False
	F45_('S1', 'E1')_t4_max: 1442
	F54_('S5', 'S4')_t4_min: 9839
	F46_('S5', 'S4')_t4_max: 33183
	F16_('E4', 'S4')_gc: False
	F49_('E3', 'S3')_gc: False
	F9_('S2', 'S3')_t4_min: 51574
	F36_('S2', 'S3')_gc: True
	F18_('S5', 'S4')_t5_min: 9252
	F26_('E4', 'S4')_tb: 2982
	F46_('S4', 'S3')_rr: 1
	F22_queue_index: 0
	F2_('E4', 'S4')_rr: 0
	F54_('E5', 'S5')_tb: 9831
	F26_('S4', 'S3')_t4_max: 3009
	F24_('S3', 'S2')_t4_max: 1861
	F37_('S2', 'S3')_t4_min: 1084
	F27_('E2', 'S2')_tb: 14982
	F7_('E4', 'S4')_rr: 0
	F0_('S4', 'S3')_t4_max: 53
	F21_('E2', 'S2')_rr: 0
	F29_('S5', 'S4')_gc: True
	F48_('S4', 'S5')_t4_max: 127418
	F50_('S2', 'S3')_t4_max: 125961
	F5_('S1', 'S2')_t4_min: 3834
	F34_('S5', 'S4')_rr: 16
	F25_('S2', 'S1')_t4_max: 1918
	F47_('S5', 'S4')_t4_min: 1047
	F9_('S1', 'S2')_t5_min: 51572
	F18_('S4', 'S3')_t4_max: 9272
	F5_('E1', 'S1')_t3_max: 3807
	F24_('E5', 'S5')_t3_max: 1771
	F39_('S2', 'S1')_rr: 1
	F11_('S2', 'E2')_t4_min: 1739
	F25_('S2', 'S1')_t3_min: 1895
	F7_('E4', 'S4')_t3_max: 1447
	F10_('S3', 'S2')_t4_min: 1977
	F3_('S4', 'S5')_t3_min: 2940
	F8_('S4', 'E4')_t4_min: 1161
	F29_('S4', 'S3')_t4_max: 17132
	F56_('E2', 'S2')_t3_max: 5929
	F54_queue_index: 0
	F9_('S1', 'S2')_t4_min: 51563
	F51_('E3', 'S3')_t3_max: 31920
	F13_jitter: 36
	F1_jitter: 0
	F13_('S3', 'S4')_t4_min: 993
	F24_('S4', 'S3')_t4_max: 1831
	F30_('S2', 'E2')_t4_min: 1362
	F1_('S5', 'E5')_t3_max: 7524
	F25_('S4', 'S3')_t4_max: 1867
	F6_('S1', 'S2')_t3_min: 3529
	F15_jitter: 36
	F54_('S4', 'S3')_t4_max: 9860
	F24_('S4', 'S3')_rr: 0
	F20_('S2', 'S3')_t4_max: 4982
	F26_('S2', 'E2')_t4_min: 3009
	F56_('S2', 'S1')_t4_min: 5946
	F10_('S2', 'E2')_gc: False
	F17_('E5', 'S5')_t3_max: 49121
	F29_('E5', 'S5')_gc: False
	F36_('S2', 'S3')_t4_min: 3656
	F37_('S2', 'S3')_rr: 0
	F42_('S1', 'S2')_rr: 1
	F6_queue_index: 0
	F17_('S2', 'E2')_rr: 0
	F33_('S4', 'E4')_t5_max: 1703
	F7_('E4', 'S4')_gc: False
	F48_jitter: 0
	F1_('S5', 'E5')_t4_min: 7524
	F41_('S2', 'S3')_t4_max: 69716
	F22_('E4', 'S4')_rr: 0
	F56_('S2', 'S1')_t5_max: 5966
	F28_('E3', 'S3')_gc: False
	F20_('S2', 'S3')_t3_min: 4964
	F19_('S3', 'S4')_rr: 0
	F54_('E5', 'S5')_t3_max: 9818
	F37_('S3', 'S4')_rr: 0
	F46_('S3', 'S2')_gc: True
	('E2', 'S2')_gcl_cycle: 1
	F25_('S1', 'E1')_t4_min: 1937
	F51_('E3', 'S3')_rr: 0
	F55_('S3', 'S4')_rr: 0
	('S2', 'E2')_gcl_cycle: 8000
	F46_('E5', 'S5')_gc: False
	F24_('S4', 'S3')_t4_min: 1813
	F29_('S5', 'S4')_t4_min: 17104
	F17_('E5', 'S5')_rr: 0
	F23_('S2', 'E2')_rr: 0
	F22_('S2', 'S1')_t4_max: 9365
	F41_('S3', 'S4')_t4_min: 69701
	F9_('S2', 'S3')_rr: 0
	F22_('S2', 'S1')_t4_min: 9365
	F52_('S2', 'S1')_tb: 33158
	F4_('S5', 'E5')_rr: 0
	F52_jitter: 18
	('S3', 'E3')_gcl_cycle: 128000
	F13_('S1', 'S2')_t4_min: 982
	F22_('E4', 'S4')_gc: False
	F29_('S1', 'E1')_t3_max: 17190
	F24_('S5', 'S4')_t4_min: 1801
	F59_('S4', 'E4')_tb: 1553
	F11_('S3', 'S2')_rr: 0
	F15_('E2', 'S2')_t3_max: 1053
	F56_('S1', 'E1')_rr: 0
	F53_('S1', 'S2')_t4_max: 1611
	F8_('E5', 'S5')_tb: 1137
	F6_('E1', 'S1')_rr: 0
	F25_('S2', 'S1')_rr: 16
	F21_('S1', 'E1')_t4_min: 105878
	F22_('S3', 'S2')_gc: False
	F30_('S4', 'S3')_rr: 16
	F46_('S2', 'S1')_gc: True
	F3_('S2', 'S3')_t4_min: 2924
	F3_('S4', 'S5')_t3_max: 2999
	F21_('S2', 'S1')_gc: False
	F28_jitter: 0
	F53_('S3', 'S4')_t4_max: 1652
	F15_('S1', 'E1')_t4_min: 1088
	F39_('S1', 'E1')_t4_max: 57555
	F51_('S3', 'S2')_t4_min: 31937
	F4_('S4', 'S5')_tb: 1396
	F49_('S3', 'S4')_rr: 0
	F13_('E1', 'S1')_gc: False
	F37_('S2', 'S3')_gc: False
	F16_('S4', 'S3')_t4_min: 13946
	F56_('S1', 'E1')_t5_min: 5952
	F6_('S2', 'S3')_gc: False
	F16_('S2', 'S1')_tb: 13978
	F15_('S1', 'E1')_rr: 0
	F38_('S4', 'E4')_tb: 7052
	F52_('S1', 'E1')_tb: 33169
	F24_('E5', 'S5')_gc: False
	F17_('E5', 'S5')_t5_max: 49136
	F40_('S3', 'S4')_rr: 0
	F35_('S2', 'S3')_t5_max: 13708
	F47_('S2', 'E2')_t4_min: 1130
	F18_('E5', 'S5')_gc: False
	F42_('E1', 'S1')_rr: 0
	F5_('S1', 'S2')_gc: False
	F49_('S5', 'E5')_gc: True
	F41_('S3', 'S4')_gc: False
	F25_('E4', 'S4')_t4_max: 1848
	F3_('S5', 'E5')_t4_max: 3025
	F6_('S3', 'E3')_t4_min: 3580
	F11_('S3', 'S2')_gc: False
	F55_('S2', 'S3')_rr: 16
	F22_('S4', 'S3')_rr: 4
	F18_('S2', 'S1')_t4_max: 9309
	F46_('S1', 'E1')_gc: False
	F31_('S3', 'E3')_t3_min: 1370
	F24_('S4', 'S3')_t5_min: 1823
	F38_('S3', 'S4')_rr: 0
	F41_('S2', 'S3')_gc: False
	F41_('S2', 'S3')_rr: 0
	F42_('S3', 'S4')_rr: 0
	F3_('E1', 'S1')_rr: 0
	F38_('S2', 'S3')_gc: True
	F6_('S2', 'S3')_t4_max: 3570
	F9_('E1', 'S1')_t3_min: 51552
	F58_('S4', 'S3')_gc: False
	F1_('S4', 'S5')_gc: True
	F17_('S3', 'S2')_t4_max: 49174
	F33_('S4', 'E4')_rr: 32
	F3_('E1', 'S1')_t3_max: 2895
	F3_('S3', 'S4')_rr: 0
	F32_('S3', 'E3')_gc: True
	F58_jitter: 0
	F44_('S3', 'S4')_t4_min: 31013
	F49_queue_index: 0
	F22_('E4', 'S4')_t4_min: 9295
	F35_('S2', 'S3')_t3_min: 13691
	F23_('S5', 'S4')_rr: 4
	F30_('E4', 'S4')_rr: 0
	F38_queue_index: 0
	F53_('S4', 'E4')_rr: 64
	F42_('S4', 'E4')_gc: True
	F2_('S3', 'E3')_rr: 0
	F17_('S4', 'S3')_rr: 1
	F23_queue_index: 0
	('E1', 'S1')_gcl_cycle: 1
	F36_('S3', 'E3')_t4_min: 3659
	F53_jitter: 0
	F44_('S3', 'S4')_tb: 31013
	F46_('S2', 'S1')_t4_max: 33225
	F28_('S3', 'S2')_rr: 0
	F3_('S3', 'S4')_gc: False
	F19_('S3', 'S4')_gc: False
	F18_jitter: 18
	F13_('S2', 'S3')_rr: 16
	F55_('S1', 'S2')_t5_min: 1390
	('S1', 'S2')_gcl_cycle: 8000
	F41_('S3', 'S4')_t5_min: 69702
	F27_('S2', 'S1')_rr: 4
	F25_('S3', 'S2')_t4_max: 1899
	F19_('S5', 'E5')_gc: False
	F51_('S3', 'S2')_t3_min: 31937
	F52_('S2', 'S1')_gc: True
	F0_('S5', 'S4')_gc: False
	F9_('S1', 'S2')_t4_max: 51581
	F41_('E2', 'S2')_t3_max: 69682
	F51_('S2', 'E2')_gc: False
	F55_('S2', 'S3')_gc: True
	F54_('S5', 'S4')_gc: True
	F56_('S2', 'S1')_t5_min: 5948
	F54_('E5', 'S5')_rr: 0
	F17_('S4', 'S3')_gc: True
	F21_jitter: 36
	F30_('S4', 'S3')_gc: True
	F56_('E2', 'S2')_gc: False
	F50_('S4', 'S5')_t4_min: 125982
	F4_('S4', 'S5')_t4_max: 1414
	F58_('S4', 'S3')_t3_max: 1221
	F15_('E2', 'S2')_t4_max: 1066
	F47_('E5', 'S5')_rr: 0
	F34_('E5', 'S5')_tb: 5729
	F50_('S4', 'S5')_rr: 0
	F58_('E5', 'S5')_rr: 0
	F37_('S2', 'S3')_t4_max: 1102
	F14_('E2', 'S2')_rr: 0
	F47_('S5', 'S4')_rr: 0
	F45_('S3', 'S2')_t4_min: 1395
	F44_('E2', 'S2')_gc: False
	F42_('S2', 'S3')_gc: True
	F11_queue_index: 0
	F12_('S5', 'S4')_t4_min: 73216
	F51_('S2', 'E2')_t4_min: 31941
	F50_jitter: 36
	F40_('S3', 'S4')_t3_min: 1604
	F40_('E3', 'S3')_t3_max: 1578
	F40_('S3', 'S4')_gc: False
	F44_('S4', 'S5')_rr: 0
	F24_('S3', 'S2')_t3_min: 1825
	F23_('S3', 'S2')_t4_max: 29810
	F29_('S2', 'S1')_t4_max: 17175
	F18_('S1', 'E1')_rr: 0
	F15_queue_index: 0
	F29_('S2', 'S1')_gc: False
	F26_jitter: 54
	F48_('E4', 'S4')_gc: False
	F25_('S3', 'S2')_t3_max: 1886
	F4_('S5', 'E5')_gc: False
	F18_('S3', 'S2')_gc: False
	F19_('S4', 'S5')_gc: False
	F23_('S5', 'S4')_t4_max: 29764
	F17_('S2', 'E2')_t3_min: 49160
	F3_('S5', 'E5')_gc: False
	F12_('S4', 'E4')_t4_min: 73248
	F13_('S1', 'S2')_t5_max: 983
	F22_('S4', 'S3')_tb: 9314
	F2_('S4', 'S3')_rr: 0
	F11_('E3', 'S3')_rr: 0
	('S1', 'E1')_gcl_cycle: 16000
	F19_('E3', 'S3')_t3_max: 8945
	F43_('E1', 'S1')_t4_min: 63879
	F29_('E5', 'S5')_rr: 0
	F20_('E2', 'S2')_rr: 0
	F49_('E3', 'S3')_rr: 0
	F30_('E4', 'S4')_tb: 1348
	F12_queue_index: 0
	F19_('S4', 'S5')_t4_min: 8976
	F30_jitter: 36
	F23_('S4', 'S3')_t4_max: 29787
	F19_('E3', 'S3')_gc: False
	F22_('S1', 'E1')_t5_min: 9396
	F35_('E2', 'S2')_t4_max: 13677
	F17_('S2', 'E2')_t4_min: 49160
	F44_('S3', 'S4')_rr: 0
	F50_('E2', 'S2')_rr: 0
	F50_('S3', 'S4')_rr: 1
	F8_('S5', 'S4')_t4_min: 1149
	F6_('S2', 'S3')_rr: 0
	F59_('S2', 'S3')_t3_min: 1517
	F57_('S3', 'S2')_gc: True
	F47_('S3', 'S2')_t3_min: 1063
	F20_jitter: 0
	F44_('S2', 'S3')_t4_max: 31004
	F56_('S1', 'E1')_t4_min: 5950
	F12_('S5', 'S4')_gc: False
	F3_('S4', 'S5')_t4_min: 2999
	F35_('E2', 'S2')_t5_min: 13689
	F10_jitter: 18
	F39_('E2', 'S2')_t5_max: 57522
	F18_('S5', 'S4')_t4_min: 9247
	F22_('S4', 'S3')_t3_min: 9309
	F30_('S4', 'S3')_t4_min: 1356
	F43_('S1', 'S2')_t4_max: 63906
	F45_('E4', 'S4')_gc: False
	F37_('E2', 'S2')_rr: 0
	F47_('S4', 'S3')_rr: 0
	F32_('E4', 'S4')_rr: 0
	F47_jitter: 0
	F11_('S3', 'S2')_t4_min: 1734
	F47_('S5', 'S4')_t3_min: 1047
	F46_('E5', 'S5')_t3_min: 33169
	F32_('E4', 'S4')_t3_max: 15030
	F4_('S4', 'S5')_t4_min: 1396
	F7_('E4', 'S4')_t4_min: 1460
	F31_('S4', 'S3')_gc: False
	F0_('S3', 'S2')_t4_max: 79
	F47_('S2', 'E2')_t5_min: 1136
	F39_jitter: 18
	F19_('S4', 'S5')_t4_max: 9012
	F1_('S5', 'E5')_rr: 16
	F17_('S2', 'E2')_gc: False
	F46_('S5', 'S4')_t4_min: 33183
	F16_('S1', 'E1')_gc: False
	F14_('S2', 'S3')_t4_min: 63591
	F43_('E1', 'S1')_gc: False
	F29_jitter: 36
	F58_('S2', 'E2')_t4_min: 1263
	F50_('E2', 'S2')_t4_max: 125935
	F18_('S2', 'S1')_t3_min: 9268
	F1_('S4', 'S5')_t5_max: 7517
	F33_('S5', 'S4')_gc: False
	F39_('S2', 'S1')_gc: True
	F49_('S5', 'E5')_t4_min: 63554
	F41_('E2', 'S2')_t4_max: 69695
	F31_('S4', 'S3')_rr: 0
	F42_('S2', 'S3')_t4_min: 7939
	F33_queue_index: 0
	F17_('S5', 'S4')_t4_min: 49143
	F37_('S4', 'E4')_rr: 0
	F43_('E1', 'S1')_rr: 0
	F9_jitter: 54
	F43_('E1', 'S1')_t3_max: 63866
	F27_('E2', 'S2')_t5_max: 14989
	F39_('E2', 'S2')_gc: False
	F47_('S3', 'S2')_t4_min: 1063
	F48_('S5', 'E5')_rr: 1
	F29_('S4', 'S3')_t4_min: 17114
	F58_('E5', 'S5')_t5_max: 1206
	F9_('S3', 'E3')_rr: 0
	F22_('S3', 'S2')_t4_min: 9328
	F13_('E1', 'S1')_tb: 974
	F0_queue_index: 0
	F9_('E1', 'S1')_t3_max: 51539
	F16_queue_index: 0
	F12_('S5', 'S4')_rr: 0
	F15_('S2', 'S1')_t4_max: 1095
	F20_('S3', 'E3')_t4_min: 4991
	F47_('S5', 'S4')_t4_max: 1065
	F1_('S5', 'E5')_gc: True
	F48_('E4', 'S4')_tb: 127407
	F45_('E4', 'S4')_rr: 0
	F31_('S3', 'E3')_rr: 0
	F1_('E4', 'S4')_gc: False
	F10_('S2', 'E2')_rr: 0
	F31_('S4', 'S3')_t4_min: 1358
	F6_('S3', 'E3')_rr: 16
	F1_('E4', 'S4')_t5_min: 7508
	F31_('S5', 'S4')_rr: 32
	F0_('S3', 'S2')_gc: False
	F35_('S4', 'E4')_gc: True
	F52_('S3', 'S2')_gc: False
	F40_('S5', 'E5')_rr: 0
	F39_('S1', 'E1')_gc: False
	F0_('S3', 'S2')_t4_min: 25
	F16_('S1', 'E1')_t4_min: 13989
	F29_('S2', 'S1')_t4_min: 17157
	F55_('E1', 'S1')_rr: 0
	F9_('S3', 'E3')_gc: False
	F16_('S1', 'E1')_rr: 0
	F35_('S3', 'S4')_rr: 0
	F42_('E1', 'S1')_t3_max: 7890
	F54_('S3', 'E3')_gc: True
	F17_('S3', 'S2')_t5_max: 49176
	F29_('S1', 'E1')_t4_max: 17203
	F40_('S4', 'S5')_t5_max: 1664
	F35_('S2', 'S3')_rr: 2
	F46_('S5', 'S4')_t3_min: 33178
	F30_('S2', 'E2')_t4_max: 1398
	('E3', 'S3')_gcl_cycle: 1
	F24_jitter: 0
	F22_('S4', 'S3')_t4_max: 9314
	F45_('S2', 'S1')_gc: False
	F59_jitter: 18
	F16_('S4', 'S3')_rr: 4
	F29_('S2', 'S1')_rr: 0
	F54_('E5', 'S5')_t5_max: 9832
	F53_('S2', 'S3')_t4_max: 1625
	F56_jitter: 36
	F15_('E2', 'S2')_rr: 0
	F40_('E3', 'S3')_rr: 0
	F46_('S4', 'S3')_t4_max: 33197
	F20_('E2', 'S2')_gc: False
	F57_('S2', 'E2')_gc: False
	F48_('E4', 'S4')_rr: 0
	F39_('S1', 'E1')_rr: 0
	F42_jitter: 0
	F42_('E1', 'S1')_t4_max: 7903
	F22_('S3', 'S2')_rr: 0
	F7_jitter: 36
	F42_('S3', 'S4')_t4_max: 7970
	F59_('E2', 'S2')_t3_max: 1491
	F42_queue_index: 0
	F2_queue_index: 0
	F6_('E1', 'S1')_t3_max: 3511
	F57_('S2', 'E2')_t4_min: 49811
	F52_('S1', 'E1')_t3_min: 33169
	('S2', 'S1')_gcl_cycle: 64000
	F55_('E1', 'S1')_t3_max: 1348
	F28_('S3', 'S2')_gc: False
	F6_('S2', 'S3')_t4_min: 3534
	F0_('S3', 'S2')_t3_max: 66
	F24_('S3', 'S2')_rr: 0
	F35_('S2', 'S3')_gc: True
	F32_('S4', 'S3')_tb: 15052
	F13_('S3', 'S4')_gc: False
	F8_('S5', 'S4')_t5_min: 1159
	F35_('E2', 'S2')_tb: 13677
	F46_('S3', 'S2')_t3_max: 33211
	F0_('E5', 'S5')_t4_max: 1
	F34_jitter: 18
	F23_('E5', 'S5')_rr: 0
	F54_('S3', 'E3')_rr: 1
	F19_('S5', 'E5')_t4_min: 8985
	F26_('S4', 'S3')_gc: False
	F59_('S2', 'S3')_t5_min: 1533
	F0_('E5', 'S5')_t3_max: -12
	F0_('S2', 'E2')_rr: 4
	F22_('S2', 'S1')_rr: 4
	F29_('S3', 'S2')_rr: 2
	F52_('S1', 'E1')_rr: 0
	F21_('E2', 'S2')_gc: False
	F23_('S2', 'E2')_gc: False
	F24_('S2', 'E2')_gc: True
	F59_queue_index: 0
	F23_('S5', 'S4')_t4_min: 29764
	F50_('S4', 'S5')_t4_max: 126000
	F11_('S3', 'S2')_t5_min: 1737
	F39_('E2', 'S2')_t4_max: 57516
	F47_('S5', 'S4')_gc: False
	F33_('E5', 'S5')_rr: 0
	F38_('S3', 'S4')_t4_max: 7057
	F47_('S2', 'E2')_gc: True
	F25_jitter: 0
	F18_('S1', 'E1')_gc: False
	F41_('S3', 'S4')_rr: 0
	F21_queue_index: 0
	F13_('S4', 'E4')_gc: False
	F34_('S5', 'S4')_gc: True
	F47_('E5', 'S5')_gc: False
	F1_('S4', 'S5')_t4_min: 7515
	F15_('E2', 'S2')_tb: 1066
	F38_('S3', 'S4')_t5_min: 7050
	F36_('S2', 'S3')_t4_max: 3656
	F8_('S5', 'S4')_rr: 0
	F49_('E3', 'S3')_t4_max: 63502
	F1_('E4', 'S4')_rr: 0
	F24_('S3', 'S2')_t4_min: 1825
	F9_('E1', 'S1')_rr: 0
	F16_('E4', 'S4')_rr: 0
	F17_('S4', 'S3')_t4_min: 49152
	F0_('S4', 'S3')_gc: False
	F41_('S2', 'S3')_t3_min: 69698
	F23_('S3', 'S2')_gc: False
	F22_('S3', 'S2')_t4_max: 9346
	F35_jitter: 0
	F29_('S2', 'S1')_t5_max: 17183
	F5_('S2', 'E2')_rr: 0
	F13_('S4', 'E4')_rr: 0
	F9_('S1', 'S2')_rr: 0
	F17_('S3', 'S2')_rr: 0
	F31_('E5', 'S5')_rr: 0
	F16_('S3', 'S2')_gc: True
	F13_('S2', 'S3')_t4_max: 990
	F14_jitter: 36
	F15_('S2', 'S1')_gc: False
	F25_('S3', 'S2')_t3_min: 1881
	F24_('S3', 'S2')_gc: False
	F30_('S3', 'S2')_t4_min: 1359
	F30_('E4', 'S4')_t4_max: 1348
	F35_('S2', 'S3')_t4_min: 13696
	F51_queue_index: 0
	F30_('S3', 'S2')_gc: False
	F55_('S1', 'S2')_t4_max: 1379
	F38_jitter: 36
	F54_('S4', 'S3')_gc: False
	F14_('S3', 'E3')_t4_min: 63603
	F46_('S3', 'S2')_t4_min: 33211
	F41_('S3', 'S4')_t3_min: 69701
	F6_('S1', 'S2')_t5_max: 3550
	('E4', 'S4')_gcl_cycle: 1
	F8_('S4', 'E4')_tb: 1161
	F44_('E2', 'S2')_t3_max: 30977
	F3_('S3', 'S4')_t4_max: 2986
	F38_('S3', 'S4')_t3_max: 7044
	F18_('S3', 'S2')_t3_min: 9261
	F33_('S4', 'E4')_gc: True
	F47_('E5', 'S5')_t4_min: 1039
	F52_('S1', 'E1')_gc: False
	F17_('S4', 'S3')_t3_max: 49152
	F27_('S1', 'E1')_t4_min: 15010
	F32_('E4', 'S4')_gc: False
	F31_('E5', 'S5')_gc: False
	F32_('S3', 'E3')_t4_min: 15061
	F25_('S4', 'S3')_t4_min: 1867
	F46_('S4', 'S3')_t4_min: 33197
	F1_('S4', 'S5')_t3_min: 7510
	F19_('S5', 'E5')_t5_min: 8992
	F34_('S4', 'E4')_t4_min: 5760
	F29_('S5', 'S4')_t3_min: 17099
	F3_jitter: 18
	F27_queue_index: 0
	F8_('S4', 'E4')_rr: 0
	F21_('E2', 'S2')_t3_max: 105841
	F56_('S2', 'S1')_rr: 0
	F50_('S3', 'S4')_t4_max: 125974
	F36_('S3', 'E3')_tb: 3659
	F40_('S5', 'E5')_t4_max: 1684
	F55_('S2', 'S3')_t5_min: 1408
	F34_('E5', 'S5')_t5_max: 5740
	F48_('E4', 'S4')_t3_max: 127394
	F48_('E4', 'S4')_t5_max: 127411
	F22_('S2', 'S1')_tb: 9365
	F12_jitter: 0
	F13_('S2', 'S3')_gc: True
	F48_('S4', 'S5')_gc: True
	F47_('S4', 'S3')_t3_max: 1078
	F57_jitter: 18
	F36_('S3', 'E3')_gc: False
	F32_('S4', 'S3')_rr: 4
	F17_queue_index: 0
	F18_('S3', 'S2')_t4_max: 9297
	F58_('S3', 'S2')_t4_max: 1255
	F3_('S5', 'E5')_t3_min: 3007
	F0_('S2', 'E2')_t4_min: 92
	F45_('S1', 'E1')_rr: 8
	F50_('S4', 'S5')_t3_max: 125987
	F6_('E1', 'S1')_gc: False
	F54_('S3', 'E3')_t5_min: 9869
	F8_queue_index: 0
	F8_('E5', 'S5')_rr: 0
	F11_('E3', 'S3')_t3_max: 1716
	F55_('S1', 'S2')_gc: True
	F45_('S4', 'S3')_t5_min: 1393
	F31_('S3', 'E3')_gc: False
	F25_('S2', 'S1')_gc: True
	F49_('E3', 'S3')_t3_max: 63489
	F14_('S2', 'S3')_t4_max: 63609
	F23_('S3', 'S2')_t4_min: 29774
	F43_jitter: 36
	('S3', 'S2')_gcl_cycle: 64000
	F12_('S4', 'E4')_rr: 1
	F27_('S2', 'S1')_gc: True
	F23_jitter: 54
	F26_('E4', 'S4')_t3_max: 2969
	F42_('S4', 'E4')_rr: 16
	F21_('S2', 'S1')_t4_max: 105884
	F19_('E3', 'S3')_rr: 0
	F10_('S3', 'S2')_rr: 32
	F41_('S4', 'E4')_t4_min: 69704
	F37_('S4', 'E4')_t5_min: 1106
	F25_('E4', 'S4')_t3_max: 1835
	F55_('S5', 'E5')_rr: 64
	F17_('E5', 'S5')_gc: False
	F7_('S4', 'S5')_t4_max: 1486
	F23_('E5', 'S5')_gc: False
	F52_('E3', 'S3')_rr: 0
	F55_('E1', 'S1')_gc: False
	F37_queue_index: 0
	F31_queue_index: 0
	F25_('S4', 'S3')_gc: True
	F19_jitter: 54
	F8_('S5', 'S4')_tb: 1149
	F3_('S1', 'S2')_t4_min: 2916
	F34_('S5', 'S4')_t4_max: 5747
	F23_('S5', 'S4')_gc: True
	F9_('S3', 'E3')_t4_min: 51585
	F36_('E1', 'S1')_rr: 0
	F24_('S5', 'S4')_gc: True
	F0_('S4', 'S3')_t4_min: 17
	F23_('S3', 'S2')_rr: 0
	F31_('E5', 'S5')_t3_max: 1316
	F16_('S3', 'S2')_t4_min: 13962
	F24_('S3', 'S2')_t5_min: 1835
	F5_('E1', 'S1')_gc: False
	F5_('E1', 'S1')_rr: 0
	F50_('S2', 'S3')_t4_min: 125943
	F52_('S3', 'S2')_t4_max: 33142
	F29_('E5', 'S5')_t3_min: 17089
	F35_('S3', 'S4')_t4_max: 13728
	F53_('S3', 'S4')_t4_min: 1634
	F35_('S3', 'S4')_tb: 13710
	F59_('E2', 'S2')_t4_min: 1504
	F18_('S3', 'S2')_t4_min: 9261
	('S3', 'S4')_gcl_length: 130
	('S4', 'E4')_gcl_cycle: 128000
	F7_('S5', 'E5')_t4_min: 1476
	F19_('S3', 'S4')_t3_min: 8967
	F53_('S2', 'S3')_rr: 16
	F5_('S2', 'E2')_t4_min: 3848
	F33_('S4', 'E4')_t4_min: 1697
	F35_('S2', 'S3')_tb: 13696
	F59_('S2', 'S3')_t4_min: 1522
	F53_('S1', 'S2')_gc: True
	F59_('S4', 'E4')_t5_max: 1582
	F55_queue_index: 0
	F33_('S5', 'S4')_t4_max: 1684
	F27_('S2', 'S1')_tb: 14996
	F57_('E3', 'S3')_rr: 0
	F36_('S3', 'E3')_t5_min: 3660
	F22_('S3', 'S2')_t3_min: 9328
	F44_('S4', 'S5')_t4_min: 31022
	F18_('S5', 'S4')_rr: 8
	F25_('S4', 'S3')_rr: 16
	F45_('S4', 'S3')_gc: True
	F35_queue_index: 0
	F0_('S4', 'S3')_t3_max: 40
	F20_('S3', 'E3')_t5_min: 4993
	('S2', 'S3')_gcl_cycle: 32000
	F24_('S5', 'S4')_t4_max: 1801
	F44_('S5', 'E5')_t3_max: 31072
	F47_('E5', 'S5')_t4_max: 1039
	F45_('S1', 'E1')_t4_min: 1442
	F58_queue_index: 0
	F36_('S1', 'S2')_tb: 3630
	F16_('S2', 'S1')_rr: 4
	F28_('S2', 'E2')_rr: 1
	F37_('S3', 'S4')_gc: False
	F53_('S1', 'S2')_rr: 4
	F36_queue_index: 0
	F44_('S5', 'E5')_gc: False
	F21_('S2', 'S1')_rr: 0
	F23_('S4', 'S3')_rr: 0
	F30_('E4', 'S4')_t3_max: 1335
	F50_('S5', 'E5')_gc: False
	F15_('S2', 'S1')_rr: 0
	F52_queue_index: 0
	F29_('S3', 'S2')_gc: True
	F32_('S3', 'E3')_t3_max: 15061
	F40_('S4', 'S5')_tb: 1617
	F40_queue_index: 0
	F40_('S5', 'E5')_gc: False
	F3_('S5', 'E5')_t4_min: 3007
	F53_('S4', 'E4')_gc: True
	F17_('S5', 'S4')_t4_max: 49143
	F3_('S2', 'S3')_t4_max: 2960
	F44_('S2', 'S3')_t4_min: 31004
	F5_queue_index: 0
	F50_('E2', 'S2')_gc: False
	F55_('S2', 'S3')_t4_max: 1397
	F23_('S4', 'S3')_gc: False
	F7_('S5', 'E5')_gc: False
	F39_('S1', 'E1')_tb: 57537
	F0_('S5', 'S4')_t4_min: 9
	F12_('S4', 'E4')_gc: True
	F13_('S4', 'E4')_t4_min: 996
	F25_('S1', 'E1')_rr: 4
	F35_('S4', 'E4')_rr: 8
	F54_('E5', 'S5')_gc: False
	F39_('S2', 'S1')_t4_max: 57529
	F31_('S5', 'S4')_t3_min: 1341
	F22_('S4', 'S3')_gc: True
	F36_('S1', 'S2')_t4_max: 3648
	F14_('E2', 'S2')_t3_max: 63566
	F37_jitter: 54
	F53_('S3', 'S4')_rr: 0
	F23_('S4', 'S3')_t4_min: 29769
	F42_('S2', 'S3')_rr: 4
	F14_('S2', 'S3')_gc: False
	F10_('S3', 'S2')_t4_max: 1977
	F25_('S1', 'E1')_gc: True
	F42_('S3', 'S4')_t4_min: 7952
	F59_('S3', 'S4')_gc: True
	F45_('S4', 'S3')_t4_min: 1392
	('S5', 'S4')_gcl_length: 234
	F56_('S2', 'S1')_t4_max: 5964
	F59_('S3', 'S4')_t4_max: 1540
	F26_('S3', 'S2')_rr: 0
	F8_('E5', 'S5')_gc: False
	F35_('E2', 'S2')_rr: 0
	F45_('S4', 'S3')_rr: 32
	F46_('S1', 'E1')_rr: 0
	F53_('S4', 'E4')_t4_min: 1666
	F54_('S5', 'S4')_rr: 1
	F51_jitter: 36
	F25_queue_index: 0
	F49_('S4', 'S5')_gc: True
	F34_('S5', 'S4')_t3_min: 5742
	F10_('E3', 'S3')_rr: 0
	F32_queue_index: 0
	F16_('S4', 'S3')_t4_max: 13946
	F10_('E3', 'S3')_gc: False
	F28_('E3', 'S3')_rr: 0
	F44_queue_index: 0
	F57_('E3', 'S3')_t3_max: 49775
	F55_jitter: 0
	F58_('S5', 'S4')_t4_min: 1213
	F38_('S4', 'E4')_rr: 0
	F38_('S4', 'E4')_gc: False
	F0_('S5', 'S4')_t4_max: 27
	F33_('E5', 'S5')_gc: False
	F40_('S4', 'S5')_t4_max: 1653
	F43_('S1', 'S2')_gc: False
	F27_('S2', 'S1')_t4_max: 14996
	F30_('S4', 'S3')_t4_max: 1356
	F43_('S2', 'E2')_t4_min: 63897
	F46_('S2', 'S1')_t4_min: 33225
	F54_('S5', 'S4')_t4_max: 9839
	F12_('S5', 'S4')_t3_min: 73216
	F9_('S2', 'S3')_gc: False
	F24_('S2', 'E2')_t4_min: 1878
	F28_('S2', 'E2')_t4_min: 1334
	F30_('S2', 'E2')_t3_min: 1362
	F49_('S5', 'E5')_t5_min: 63560
	F14_('S2', 'S3')_rr: 0
	F2_('S4', 'S3')_gc: False
	F58_('S5', 'S4')_t4_max: 1213
	F50_('S3', 'S4')_t3_min: 125951
	F4_('E4', 'S4')_t3_max: 1373
	F18_('E5', 'S5')_t3_max: 9222
	F20_('S2', 'S3')_rr: 0
	F40_('S3', 'S4')_t4_min: 1604
	F44_('S3', 'S4')_t5_max: 31038
	F24_('S2', 'E2')_rr: 2
	F51_('S3', 'S2')_rr: 0
	F34_('E5', 'S5')_t5_min: 5740
	F46_('S5', 'S4')_gc: True
	F59_('S4', 'E4')_t3_max: 1558
	F47_('S3', 'S2')_gc: False
	F14_('S3', 'E3')_gc: False
	F29_('S1', 'E1')_t4_min: 17167
	F42_('E1', 'S1')_gc: False
	F34_('S4', 'E4')_rr: 0
	F49_('S5', 'E5')_rr: 2
	F49_('S3', 'S4')_t4_min: 63510
	F8_('S4', 'E4')_gc: False
	F46_('S3', 'S2')_t4_max: 33211
	F36_('E1', 'S1')_gc: False
	F37_('S3', 'S4')_t4_min: 1092
	F22_jitter: 0
	F18_('S4', 'S3')_gc: False
	F43_('S1', 'S2')_t4_min: 63888
	F29_('S2', 'S1')_tb: 17157
	F58_('S2', 'E2')_rr: 1
	F46_('E5', 'S5')_t3_max: 33156
	F3_('S1', 'S2')_t4_max: 2934
	F35_('S3', 'S4')_gc: False
	F49_('S3', 'S4')_t4_max: 63528
	F48_('S5', 'E5')_gc: True
	F50_('S2', 'S3')_t5_max: 125967
	F9_('E1', 'S1')_t5_max: 51561
	F5_('S1', 'S2')_rr: 0
	F18_('S2', 'S1')_t4_min: 9309
	F4_('S5', 'E5')_t4_min: 1406
	F26_('S4', 'S3')_t4_min: 2991
	F45_jitter: 0
	F18_('S5', 'S4')_tb: 9247
	F4_('E4', 'S4')_rr: 0
	F4_('S4', 'S5')_rr: 0
	F38_('E2', 'S2')_t3_max: 6995
	F18_('S5', 'S4')_t4_max: 9247
	F10_('S3', 'S2')_gc: True
	F20_('S2', 'S3')_tb: 4964
	F7_('S5', 'E5')_rr: 0
	F59_('S4', 'E4')_rr: 0
	F44_('S4', 'S5')_gc: False
	F58_('S2', 'E2')_gc: True
	F58_('S4', 'S3')_t4_max: 1234
	F17_('S4', 'S3')_t4_max: 49152
	F45_('S3', 'S2')_t5_max: 1414
	F16_('E4', 'S4')_t3_max: 13917
	F4_('E4', 'S4')_gc: False
	F52_('S1', 'E1')_t4_min: 33169
	F40_jitter: 54
	F38_('S3', 'S4')_t4_min: 7039
	F3_('S2', 'S3')_gc: False
	F12_('E5', 'S5')_t5_max: 73214
	F36_jitter: 18
	F5_('S2', 'E2')_t3_min: 3848
	F26_('S4', 'S3')_rr: 0
	F11_('S2', 'E2')_gc: False
	F29_('S3', 'S2')_t4_max: 17147
	F55_('S1', 'S2')_rr: 4
	F2_('S4', 'S3')_t4_min: 4980
	F39_queue_index: 0
	F13_('S3', 'S4')_rr: 0
	F34_('S4', 'E4')_t5_min: 5771
	F22_('S4', 'S3')_t4_min: 9314
	F45_('S2', 'S1')_t4_max: 1434
	F25_('S1', 'E1')_t3_max: 1937
	F40_('S4', 'S5')_t3_min: 1617
	F24_('S4', 'S3')_gc: False
	F21_('S1', 'E1')_rr: 0
	F18_('E5', 'S5')_rr: 0
	F23_('S2', 'E2')_t4_min: 29779
	F43_('S2', 'E2')_rr: 0
	F26_('E4', 'S4')_gc: False
	F50_('S2', 'S3')_gc: False
	F14_('E2', 'S2')_gc: False
	F29_queue_index: 0
	F8_('S5', 'S4')_t4_max: 1167
	F33_('S4', 'E4')_t3_max: 1697
	F51_('E3', 'S3')_t4_max: 31933
	F6_('S3', 'E3')_gc: True
	F44_('S2', 'S3')_gc: True
	F48_('S4', 'S5')_rr: 1
	F9_('E1', 'S1')_gc: False
	F37_('E2', 'S2')_t5_min: 1082
	F31_('S5', 'S4')_gc: True
	F37_('S3', 'S4')_t5_min: 1098
	F42_('S4', 'E4')_t5_min: 7999
	F0_('E5', 'S5')_t5_max: 7
	F8_jitter: 36
	F53_('E1', 'S1')_rr: 0
	F28_('E3', 'S3')_t3_max: 1282
	F55_('S3', 'S4')_t4_max: 1428
	F17_('S5', 'S4')_rr: 2
	F52_('E3', 'S3')_gc: False
	F55_('S4', 'S5')_gc: True
	F0_('E5', 'S5')_gc: False
	F25_('S3', 'S2')_t4_min: 1881
	F40_('S4', 'S5')_t4_min: 1617
	F27_('E2', 'S2')_t3_max: 14969
	F58_('E5', 'S5')_t3_max: 1192
	F18_('S5', 'S4')_gc: True
	F27_('S1', 'E1')_t3_min: 15005
	F3_('E1', 'S1')_gc: False
	F28_('S2', 'E2')_gc: True
	F35_('E2', 'S2')_gc: False
	F51_('E3', 'S3')_gc: False
	F45_('S1', 'E1')_gc: True
	F13_('S3', 'S4')_t4_max: 1011
	F17_('S5', 'S4')_t5_max: 49145
	F50_('S3', 'S4')_t4_min: 125974
	F34_('E5', 'S5')_t3_max: 5716
	F47_('S2', 'E2')_rr: 4
	F43_('S1', 'S2')_t3_min: 63888
	F50_('S5', 'E5')_t4_min: 125990
	F16_('S3', 'S2')_t3_min: 13957
	F44_('S3', 'S4')_t4_max: 31031
	F33_('S5', 'S4')_t5_max: 1690
	F22_('E4', 'S4')_t3_max: 9282
	F46_('S2', 'S1')_rr: 1
	F31_('S3', 'E3')_t4_max: 1406
	F44_('E2', 'S2')_t5_max: 30997
	F33_jitter: 0
	F3_('S2', 'S3')_t3_min: 2924
	F41_jitter: 54
	F44_('E2', 'S2')_rr: 0
	F15_('E2', 'S2')_gc: False
	F40_('S4', 'S5')_gc: False
	F5_jitter: 36
	F59_('S2', 'S3')_t4_max: 1522
	F35_('S2', 'S3')_t4_max: 13696
	F54_('E5', 'S5')_t3_min: 9831
	F13_('S2', 'S3')_tb: 990
	F25_('S2', 'S1')_t4_min: 1918
	F10_('E3', 'S3')_t3_max: 1956
	F34_('E5', 'S5')_gc: False
	F19_queue_index: 0
	F6_('S1', 'S2')_t4_min: 3529
	F30_('S2', 'E2')_gc: False
	F19_('S5', 'E5')_t4_max: 9039
	F34_('E5', 'S5')_rr: 0
	F49_('S4', 'S5')_t4_max: 63541
	F45_('S2', 'S1')_rr: 0
	F29_('S3', 'S2')_tb: 17147
	F48_('S5', 'E5')_t4_min: 127429
	F42_('S4', 'E4')_t4_min: 7988
	F3_('S3', 'S4')_t4_min: 2932
	F22_('S2', 'S1')_gc: True
	F9_('S2', 'S3')_t3_min: 51574
	F1_('S4', 'S5')_t4_max: 7515
	F16_('S2', 'S1')_t4_min: 13978
	F28_('S3', 'S2')_t4_min: 1303
	F37_('S3', 'S4')_t4_max: 1128
	F4_jitter: 36
	F3_('S4', 'S5')_rr: 16
	F56_('S2', 'S1')_gc: False
	F20_queue_index: 0
	F17_('S5', 'S4')_gc: True
	F50_('S2', 'S3')_rr: 0
	F29_('E5', 'S5')_t3_max: 17076
	F48_('S5', 'E5')_t3_min: 127424
	F25_('S3', 'S2')_gc: False
	F53_('S2', 'S3')_gc: True
	F59_('E2', 'S2')_gc: False
	F48_queue_index: 0
	F47_('S2', 'E2')_t4_max: 1130
	F30_('S3', 'S2')_rr: 0
	F30_('S2', 'E2')_rr: 0
	F44_('S2', 'S3')_rr: 1
	F14_queue_index: 0
	F26_('S2', 'E2')_gc: False
	F8_('E5', 'S5')_t3_max: 1124
	F31_('E5', 'S5')_tb: 1329
	F50_queue_index: 0
	F16_('S2', 'S1')_gc: True
	F0_jitter: 0
	F38_('S4', 'E4')_t5_min: 7063
	F45_('S1', 'E1')_t3_max: 1442
	F35_('S4', 'E4')_tb: 13747
	F12_('E5', 'S5')_gc: False
	F52_('S2', 'S1')_t4_max: 33158
	F46_('S3', 'S2')_rr: 1
	F49_('S4', 'S5')_rr: 2
	F46_('E5', 'S5')_tb: 33169
	F48_('S5', 'E5')_tb: 127429
	F19_('S3', 'S4')_t4_min: 8967
	F54_('S4', 'S3')_rr: 0
	F55_('S2', 'S3')_t4_min: 1397
	F35_('E2', 'S2')_t3_max: 13664
	F18_('E5', 'S5')_t5_max: 9240
	F45_queue_index: 0
	F18_('S3', 'S2')_rr: 0
	F18_('S2', 'S1')_rr: 4
	F31_jitter: 36
	F19_('S5', 'E5')_rr: 0
	F26_('E4', 'S4')_rr: 0
	F34_queue_index: 0
	F57_queue_index: 0
	F33_('E5', 'S5')_t3_max: 1645
	F46_('E5', 'S5')_rr: 0
	F53_('S4', 'E4')_t5_min: 1673
	F2_('E4', 'S4')_t3_max: 4953
	F6_jitter: 0
	F40_('S5', 'E5')_t4_min: 1630
	F55_('S3', 'S4')_gc: False
	F56_queue_index: 0
	F18_queue_index: 0
	F58_('S4', 'S3')_t4_min: 1216
	F55_('S4', 'S5')_rr: 64
	F58_('S5', 'S4')_t5_min: 1214
	F13_('S1', 'S2')_rr: 4
	F3_queue_index: 0
	F46_('S1', 'E1')_t4_min: 33234
	F22_('S1', 'E1')_rr: 1
	F47_('E5', 'S5')_t3_max: 1026
	F50_('S4', 'S5')_gc: False
	F32_('S4', 'S3')_gc: True
	F15_('S2', 'S1')_t4_min: 1077
	F50_('E2', 'S2')_t3_max: 125922
	F47_('S4', 'S3')_t4_min: 1055
	F38_('E2', 'S2')_rr: 0
	F10_('S2', 'E2')_t4_min: 1980
	F57_('S3', 'S2')_t4_max: 49802
	F32_('S3', 'E3')_rr: 8
	F28_queue_index: 0
	F25_('E4', 'S4')_gc: False
	F46_('S5', 'S4')_rr: 2
	F49_('E3', 'S3')_t4_min: 63502
	F57_('E3', 'S3')_gc: False
	F58_('S5', 'S4')_gc: True
	F20_('S2', 'S3')_t4_min: 4964
	F8_('E5', 'S5')_t4_min: 1137
	F21_('S1', 'E1')_gc: False
	F26_('S3', 'S2')_t4_min: 3000
	F11_('S3', 'S2')_t5_max: 1755
	F35_('S4', 'E4')_t5_min: 13759
	F10_('S2', 'E2')_t4_max: 1998
	F12_('S5', 'S4')_t4_max: 73234
	F34_('S4', 'E4')_gc: False
	F51_('S3', 'S2')_t4_max: 31955
	F12_('E5', 'S5')_rr: 0
	F5_('S1', 'S2')_t4_max: 3852
	F13_('E1', 'S1')_rr: 0
	F6_('S3', 'E3')_t4_max: 3580
	F53_queue_index: 0
	F12_('E5', 'S5')_t3_max: 73194
	F36_('S1', 'S2')_rr: 0
	F40_('E3', 'S3')_gc: False
	F44_('S3', 'S4')_gc: False
	F3_('S2', 'S3')_rr: 0
	F24_('S2', 'E2')_t5_min: 1888
	('E5', 'S5')_gcl_cycle: 1
	F59_('E2', 'S2')_rr: 0
	F49_('S5', 'E5')_tb: 63554
	F59_('S2', 'S3')_gc: True
	F58_('S2', 'E2')_t3_max: 1263
	F47_('S4', 'S3')_tb: 1055
	F39_('S2', 'S1')_t4_min: 57529
	F44_('S5', 'E5')_rr: 0
	F0_('E5', 'S5')_t5_min: 7
	F36_('E1', 'S1')_t3_max: 3614
	F22_('S1', 'E1')_gc: True
	F34_('S5', 'S4')_t4_min: 5747
	F55_('S4', 'S5')_t4_min: 1446
	F45_('S3', 'S2')_gc: False
	F44_('S3', 'S4')_t5_min: 31020
	F43_('S1', 'S2')_t5_min: 63895
	F9_('S1', 'S2')_gc: False
	F3_('S1', 'S2')_rr: 0
	F53_('S3', 'S4')_gc: False
	F18_('S4', 'S3')_rr: 0
	F43_('S1', 'S2')_tb: 63888
	F38_('S3', 'S4')_gc: False
	F13_('E1', 'S1')_t3_max: 961
	F16_('S3', 'S2')_rr: 4
	F25_('S3', 'S2')_rr: 0
	F46_('S5', 'S4')_tb: 33183
	F13_queue_index: 0
	F41_('S2', 'S3')_t4_min: 69698
	F41_queue_index: 0
	F16_('S4', 'S3')_gc: True
	F49_jitter: 0
	F39_('S1', 'E1')_t4_min: 57537
	F31_('S3', 'E3')_t4_min: 1370
	F52_('S2', 'S1')_t4_min: 33158
	F47_('S3', 'S2')_rr: 0
	F2_('E4', 'S4')_gc: False
	F50_('S4', 'S5')_tb: 125982
	F3_('S4', 'S5')_t4_max: 2999
	F23_('E5', 'S5')_t4_max: 29754
	F11_jitter: 36
	F15_('S1', 'E1')_t3_min: 1088
	F52_('S3', 'S2')_t4_min: 33124
	F29_('S1', 'E1')_rr: 0
	F17_('S3', 'S2')_gc: False
	F33_('S5', 'S4')_rr: 0
	F3_('S2', 'S3')_t3_max: 2947
	F57_('S2', 'E2')_rr: 0
	F29_('S5', 'S4')_t4_max: 17104
	F54_('S3', 'E3')_t4_min: 9868
	F40_('S3', 'S4')_t4_max: 1622
	F27_jitter: 0
	F44_('S4', 'S5')_t4_max: 31058
	F46_('S4', 'S3')_gc: True
	F51_('E3', 'S3')_t4_min: 31933
	F50_('S3', 'S4')_gc: True
	F26_('S2', 'E2')_t5_max: 3070
	F25_('E4', 'S4')_rr: 0
	F8_('S5', 'S4')_gc: False
	F41_('S4', 'E4')_t5_max: 69759
	F29_('S1', 'E1')_gc: False
	F44_jitter: 54
	F27_('S1', 'E1')_gc: True
	F58_('S5', 'S4')_rr: 16
	F58_('S4', 'S3')_rr: 0
	F37_('E2', 'S2')_gc: False
	F26_queue_index: 0
	F57_('S3', 'S2')_t4_min: 49802
	F4_('S4', 'S5')_gc: False
	F52_('S2', 'S1')_rr: 1
	F3_('S1', 'S2')_gc: False
	F53_('S1', 'S2')_t4_min: 1611
	F0_('S2', 'E2')_gc: True
	F4_queue_index: 0
	F2_('S4', 'S3')_t4_max: 4998
	F43_('S2', 'E2')_gc: False
	F58_('E5', 'S5')_gc: False
	F58_('S3', 'S2')_gc: False
	F13_('E1', 'S1')_t4_min: 974
	F26_('S2', 'E2')_rr: 0
	F49_('S3', 'S4')_gc: False
	F45_('S3', 'S2')_t4_max: 1413
	F26_('S3', 'S2')_gc: False
	F54_('S4', 'S3')_t4_min: 9842
	F0_('S3', 'S2')_rr: 0
	F3_('E1', 'S1')_t5_max: 2914
	F29_('S5', 'S4')_rr: 4
	F31_('S5', 'S4')_t4_min: 1346
	F59_('S4', 'E4')_t4_min: 1553
	F52_('E3', 'S3')_t3_max: 33100
	F58_('S3', 'S2')_rr: 0
	F52_('S3', 'S2')_rr: 0
	F7_('S4', 'S5')_t4_min: 1468
	F25_('S1', 'E1')_t4_max: 1937
	F13_('S1', 'S2')_gc: True
	F45_('S2', 'S1')_t4_min: 1398
	F29_('S4', 'S3')_t3_min: 17114
	F10_queue_index: 0
	F38_('S2', 'S3')_t4_max: 7026
	F41_('S3', 'S4')_t4_max: 69737
	F33_('S5', 'S4')_t4_min: 1666
	F27_('S2', 'S1')_t5_max: 15003
	F22_('S1', 'E1')_t4_min: 9384
	F36_('S2', 'S3')_rr: 4
	F24_('S5', 'S4')_t5_min: 1811
	F49_('S4', 'S5')_t4_min: 63541
	F1_('S4', 'S5')_rr: 16
	F52_('S2', 'S1')_t3_min: 33135
	F27_('E2', 'S2')_rr: 0
	F43_('E1', 'S1')_t4_max: 63879
	F51_('S2', 'E2')_rr: 0
	F39_('E2', 'S2')_rr: 0
	F7_('S4', 'S5')_rr: 0
	F59_('S2', 'S3')_rr: 16
	F40_('S4', 'S5')_rr: 0
	('S4', 'S5')_gcl_cycle: 128000
	F26_('S3', 'S2')_t4_max: 3036
	F28_('S3', 'S2')_t4_max: 1321
	F51_('S3', 'S2')_gc: False
	F29_('S3', 'S2')_t4_min: 17147
	F36_('S3', 'E3')_rr: 0
	F38_('S4', 'E4')_t4_min: 7052
	F23_('E5', 'S5')_t3_max: 29741
	F37_('S4', 'E4')_t4_min: 1100
	F55_('S5', 'E5')_t4_min: 1464
	F19_('S4', 'S5')_rr: 0
	F9_('S2', 'S3')_t4_max: 51610
	F29_('S4', 'S3')_rr: 0
	F59_('S4', 'E4')_gc: False
	F30_queue_index: 0
	F5_('E1', 'S1')_tb: 3820
	('S5', 'S4')_gcl_cycle: 128000
	('S3', 'S4')_gcl_cycle: 128000
	F39_('E2', 'S2')_t3_max: 57503
	F56_('E2', 'S2')_rr: 0
	F2_('S3', 'E3')_t4_min: 4994
	F38_('E2', 'S2')_gc: False
	F27_('E2', 'S2')_gc: False
	F17_jitter: 36
	F30_('S3', 'S2')_t4_max: 1377
	F0_('S4', 'S3')_rr: 0
	F55_('S5', 'E5')_gc: True
	F18_('S4', 'S3')_t4_min: 9254
	F9_queue_index: 0
	F45_('S4', 'S3')_t4_max: 1392
	F7_('S4', 'S5')_gc: False
	F55_('S1', 'S2')_t4_min: 1379
	F3_('S4', 'S5')_t5_max: 3005
	F25_('S4', 'S3')_t3_min: 1862
	F7_('S4', 'S5')_t5_max: 1492
	F53_('S2', 'S3')_t4_min: 1625
	F55_('S3', 'S4')_t4_min: 1410
	F28_('E3', 'S3')_t4_max: 1295
	F47_('S4', 'S3')_gc: False
	F50_('S2', 'S3')_t3_min: 125943
	F27_('S2', 'S1')_t4_min: 14996
	F11_('E3', 'S3')_gc: False
	F23_('S2', 'E2')_t5_max: 29836
	F0_('S5', 'S4')_rr: 0
	F41_('E2', 'S2')_gc: False
	F24_('E5', 'S5')_rr: 0
	F15_('S1', 'E1')_gc: False
	F45_('S3', 'S2')_rr: 0
	F59_('E2', 'S2')_tb: 1504
	F29_('S4', 'S3')_gc: False
	F24_('S5', 'S4')_rr: 32
	F50_('S5', 'E5')_rr: 0
	F45_('S3', 'S2')_t5_min: 1396
	F29_('S4', 'S3')_tb: 17114
	F56_('S1', 'E1')_gc: False
	F42_('S1', 'S2')_gc: True
	F20_('S3', 'E3')_gc: True
	F59_('S3', 'S4')_t4_min: 1540
	F53_('E1', 'S1')_gc: False
	F22_('S2', 'S1')_t5_min: 9377
	('S5', 'E5')_gcl_cycle: 128000
	F16_('S2', 'S1')_t4_max: 13978
	F16_('E4', 'S4')_tb: 13930
	F6_('S1', 'S2')_rr: 0
	F1_queue_index: 0
	F13_('S2', 'S3')_t4_min: 990
	F42_('S1', 'S2')_t4_max: 7921
	F47_('S4', 'S3')_t4_max: 1091
	F48_('S4', 'S5')_t4_min: 127418
	F3_('S5', 'E5')_rr: 0
	F38_('S2', 'S3')_t4_min: 7026
	F35_('S3', 'S4')_t4_min: 13710
	F2_('S3', 'E3')_gc: False
	F2_jitter: 36
	F47_queue_index: 0
	F11_('S3', 'S2')_t4_max: 1752
	F10_('S2', 'E2')_t3_min: 1980
	F32_('S4', 'S3')_t4_min: 15052
	F6_('S1', 'S2')_t4_max: 3547
	F18_('S1', 'E1')_t4_min: 9316
	F37_('E2', 'S2')_t3_max: 1063
	F43_('S1', 'S2')_rr: 0
	F36_('S2', 'S3')_t5_max: 3657
	F41_('S4', 'E4')_gc: False
	F16_jitter: 18
	F42_('S1', 'S2')_t4_min: 7921
	F35_('S4', 'E4')_t4_min: 13747
	F42_('S2', 'S3')_t4_max: 7939
	F45_('E4', 'S4')_t3_max: 1371
	F18_('S2', 'S1')_gc: True
	F57_('S3', 'S2')_rr: 1
	F38_('S2', 'S3')_rr: 4
	F43_queue_index: 0
	F30_('E4', 'S4')_gc: False
	F10_('S2', 'E2')_tb: 1980
	F32_('S4', 'S3')_t4_max: 15052
	F47_('S3', 'S2')_t4_max: 1117
	F21_('S2', 'S1')_t4_min: 105866
	F55_('S4', 'S5')_t4_max: 1446
	F11_('S2', 'E2')_rr: 0
	F20_('E2', 'S2')_t3_max: 4947
	F31_('S5', 'S4')_t4_max: 1346
	F53_('E1', 'S1')_t3_max: 1584
	F13_('S1', 'S2')_t4_max: 982
	F17_('S3', 'S2')_t4_min: 49156
	F31_('S4', 'S3')_t4_max: 1376
	F41_('E2', 'S2')_rr: 0
	F46_jitter: 18
	F36_('S1', 'S2')_gc: False
	F20_('S3', 'E3')_rr: 4
	F58_('S3', 'S2')_t4_min: 1219
	F20_('S2', 'S3')_gc: False
	F46_queue_index: 0
	F19_('S3', 'S4')_t4_max: 8985
	F36_('S1', 'S2')_t4_min: 3630
	F29_('S5', 'S4')_t5_max: 17112
	F24_queue_index: 0
	F0_('S2', 'E2')_t4_max: 92
	F19_('S5', 'E5')_tb: 8985
	F27_('S1', 'E1')_rr: 1
	F44_('S5', 'E5')_t4_min: 31031
	F16_('S3', 'S2')_t4_max: 13962
	F23_('S5', 'S4')_tb: 29764
	F5_('S2', 'E2')_gc: False
	F2_('S4', 'S3')_t3_max: 4985
	F45_('S4', 'S3')_t3_max: 1392
	F25_('S4', 'S3')_t3_max: 1867
	F3_('S1', 'S2')_t3_max: 2921
	F49_('S3', 'S4')_t3_max: 63515
	F27_('S2', 'S1')_t3_max: 14996
	F31_('S5', 'S4')_t3_max: 1346
	F59_('S2', 'S3')_t3_max: 1522
	F51_('S3', 'S2')_t3_max: 31942
	F8_('S5', 'S4')_t3_max: 1154
	F58_('S5', 'S4')_t3_max: 1213
	F10_('S3', 'S2')_t3_max: 1977
	F26_('S4', 'S3')_t3_max: 2996
	F42_('S1', 'S2')_t3_max: 7921
	F5_('S1', 'S2')_t3_max: 3839
	F13_('S1', 'S2')_t3_max: 982
	F33_('S5', 'S4')_t3_max: 1671
	F55_('S1', 'S2')_t3_max: 1379
	F54_('S5', 'S4')_t3_max: 9839
	F47_('S5', 'S4')_t3_max: 1052
	F41_('S2', 'S3')_t3_max: 69703
	F17_('S5', 'S4')_t3_max: 49143
	F40_('S3', 'S4')_t3_max: 1609
	F39_('S2', 'S1')_t3_max: 57529
	F4_('S4', 'S5')_t3_max: 1401
	F11_('S3', 'S2')_t3_max: 1739
	F21_('S2', 'S1')_t3_max: 105871
	F52_('S3', 'S2')_t3_max: 33129
	F28_('S3', 'S2')_t3_max: 1308
	F14_('S2', 'S3')_t3_max: 63596
	F29_('S5', 'S4')_t3_max: 17104
	F46_('S5', 'S4')_t3_max: 33183
	F19_('S3', 'S4')_t3_max: 8972
	F12_('S5', 'S4')_t3_max: 73221
	F1_('S4', 'S5')_t3_max: 7515
	F48_('S4', 'S5')_t3_max: 127418
	F30_('S4', 'S3')_t3_max: 1356
	F22_('S4', 'S3')_t3_max: 9314
	F36_('S1', 'S2')_t3_max: 3635
	F18_('S5', 'S4')_t3_max: 9247
	F15_('S2', 'S1')_t3_max: 1082
	F35_('S2', 'S3')_t3_max: 13696
	F50_('S2', 'S3')_t3_max: 125948
	F0_('S5', 'S4')_t3_max: 14
	F7_('S4', 'S5')_t3_max: 1473
	F53_('S1', 'S2')_t3_max: 1611
	F9_('S1', 'S2')_t3_max: 51568
	F32_('S4', 'S3')_t3_max: 15052
	F23_('S5', 'S4')_t3_max: 29764
	F57_('S3', 'S2')_t3_max: 49802
	F43_('S1', 'S2')_t3_max: 63893
	F24_('S5', 'S4')_t3_max: 1801
	F44_('S2', 'S3')_t3_max: 31004
	F38_('S2', 'S3')_t3_max: 7026
	F16_('S4', 'S3')_t3_max: 13946
	F6_('S1', 'S2')_t3_max: 3534
	F34_('S5', 'S4')_t3_max: 5747
	F56_('S2', 'S1')_t3_max: 5951
	F37_('S2', 'S3')_t3_max: 1089
	F20_('S2', 'S3')_t3_max: 4969
	F6_('S3', 'E3')_t3_min: 3539
	F3_('S5', 'E5')_t5_max: 3031
	F13_('S2', 'S3')_t3_min: 985
	F24_('E5', 'S5')_t5_max: 1794
	F43_('S2', 'E2')_t5_min: 63904
	F37_('S2', 'S3')_t5_min: 1090
	F11_('E3', 'S3')_t4_max: 1729
	F39_('S2', 'S1')_t3_min: 57524
	F19_('E3', 'S3')_t4_min: 8958
	F15_('E2', 'S2')_t5_max: 1075
	F6_('S3', 'E3')_t5_min: 3583
	F54_('S5', 'S4')_tb: 9839
	F53_('E1', 'S1')_t5_max: 1604
	F21_('S2', 'S1')_t5_max: 105894
	F42_('S4', 'E4')_t5_max: 7999
	F46_('S2', 'S1')_tb: 33225
	F45_('S3', 'S2')_tb: 1395
	F37_('E2', 'S2')_tb: 1076
	F20_('E2', 'S2')_tb: 4960
	F28_('S2', 'E2')_t3_min: 1311
	F13_('S3', 'S4')_tb: 993
	F46_('S2', 'S1')_t5_min: 33232
	F45_('E4', 'S4')_t4_min: 1384
	F5_('S2', 'E2')_t3_max: 3871
	F0_('S2', 'E2')_t3_min: 33
	F18_('S1', 'E1')_tb: 9316
	F54_('S5', 'S4')_t5_min: 9840
	F21_('S2', 'S1')_t3_min: 105866
	F56_('S1', 'E1')_t5_max: 5988
	F14_('S3', 'E3')_t3_max: 63626
	F9_('S3', 'E3')_t4_max: 51639
	F1_('S5', 'E5')_t4_max: 7524
	F59_('S4', 'E4')_t4_max: 1571
	F53_('S4', 'E4')_tb: 1666
	F41_('E2', 'S2')_t3_min: 69695
	F58_('E5', 'S5')_t4_min: 1205
	F8_('E5', 'S5')_t4_max: 1137
	F16_('S2', 'S1')_t3_max: 13978
	F32_('S3', 'E3')_t4_max: 15061
	F41_('S3', 'S4')_t5_max: 69738
	F54_('S3', 'E3')_t3_max: 9868
	F46_('S5', 'S4')_t5_min: 33190
	F3_('S3', 'S4')_t3_max: 2973
	F17_('S5', 'S4')_tb: 49143
	F37_('E2', 'S2')_t4_min: 1076
	F4_('S5', 'E5')_t5_min: 1414
	F44_('E2', 'S2')_t5_min: 30997
	F58_('S5', 'S4')_tb: 1213
	F6_('S3', 'E3')_t5_max: 3583
	F21_('E2', 'S2')_t5_max: 105864
	F47_('E5', 'S5')_tb: 1039
	F21_('E2', 'S2')_t4_min: 105854
	F7_('E4', 'S4')_t5_max: 1466
	F10_('S2', 'E2')_t3_max: 1985
	F51_('E3', 'S3')_t5_max: 31935
	F41_('E2', 'S2')_tb: 69695
	F57_('S3', 'S2')_tb: 49802
	F49_('S3', 'S4')_tb: 63510
	F7_('S5', 'E5')_t3_max: 1499
	F18_('S2', 'S1')_tb: 9309
	F41_('S4', 'E4')_t4_max: 69758
	F53_('S1', 'S2')_t5_min: 1618
	F19_('S4', 'S5')_t3_max: 8999
	F38_('E2', 'S2')_t5_max: 7019
	F11_('E3', 'S3')_t4_min: 1729
	F10_('S3', 'S2')_t5_max: 1978
	('S5', 'E5')_gcl_length: 166
	F34_('S4', 'E4')_tb: 5760
	F19_('S4', 'S5')_tb: 8976
	F18_('S3', 'S2')_tb: 9261
	F53_('S2', 'S3')_t5_max: 1632
	F42_('S3', 'S4')_t5_min: 7963
	F17_('S4', 'S3')_t3_min: 49147
	F14_('E2', 'S2')_t4_min: 63579
	F0_('E5', 'S5')_t4_min: 1
	F52_('S3', 'S2')_t3_min: 33124
	F36_('S3', 'E3')_t5_max: 3678
	F18_('S2', 'S1')_t5_min: 9314
	F54_('E5', 'S5')_t5_min: 9832
	F9_('S2', 'S3')_t5_min: 51583
	F18_('S3', 'S2')_t3_max: 9284
	F16_('E4', 'S4')_t4_min: 13930
	F10_('E3', 'S3')_t5_min: 1970
	F45_('E4', 'S4')_t5_max: 1385
	F19_('E3', 'S3')_t3_min: 8958
	F26_('S4', 'S3')_t5_max: 3016
	F31_('E5', 'S5')_t4_max: 1329
	F19_('E3', 'S3')_t5_max: 8965
	('S1', 'S2')_gcl_length: 26
	F42_('S4', 'E4')_t3_max: 7988
	('S1', 'E1')_gcl_length: 28
	F21_('S2', 'S1')_tb: 105866
	F19_('S3', 'S4')_tb: 8967
	F5_('E1', 'S1')_t4_max: 3820
	F52_('E3', 'S3')_t3_min: 33113
	F31_('S4', 'S3')_t3_min: 1358
	F49_('S5', 'E5')_t3_max: 63554
	F32_('S3', 'E3')_tb: 15061
	F10_('E3', 'S3')_t3_min: 1969
	F42_('S2', 'S3')_t5_max: 7950
	F21_('E2', 'S2')_t4_max: 105854
	F3_('S5', 'E5')_tb: 3007
	F42_('E1', 'S1')_t3_min: 7903
	F7_('E4', 'S4')_t3_min: 1460
	F19_('E3', 'S3')_t5_min: 8965
	F59_('S3', 'S4')_t3_max: 1540
	F57_('S3', 'S2')_t5_min: 49809
	F45_('S4', 'S3')_t5_max: 1393
	F1_('E4', 'S4')_t3_min: 7506
	F23_('S3', 'S2')_t5_min: 29777
	F54_('S4', 'S3')_tb: 9842
	F42_('S2', 'S3')_t5_min: 7950
	F40_('S4', 'S5')_t5_min: 1628
	F3_('S1', 'S2')_t5_min: 2922
	F6_('S1', 'S2')_tb: 3529
	F45_('E4', 'S4')_t3_min: 1384
	F55_('S2', 'S3')_t3_max: 1397
	F15_('E2', 'S2')_t5_min: 1075
	F18_('S4', 'S3')_t5_max: 9277
	F46_('S3', 'S2')_t5_min: 33218
	F40_('E3', 'S3')_t5_max: 1602
	F15_('S2', 'S1')_t3_min: 1077
	F50_('S5', 'E5')_t5_min: 125996
	F31_('S5', 'S4')_t5_min: 1356
	F40_('S5', 'E5')_t3_min: 1630
	F35_('S4', 'E4')_t4_max: 13747
	F19_('S5', 'E5')_t3_max: 9026
	F13_('E1', 'S1')_t5_max: 975
	F29_('S5', 'S4')_tb: 17104
	F3_('S2', 'S3')_tb: 2924
	F26_('S4', 'S3')_tb: 2991
	F5_('S1', 'S2')_t5_max: 3864
	F35_('E2', 'S2')_t4_min: 13677
	F36_('E1', 'S1')_t4_min: 3627
	F36_('S2', 'S3')_t3_max: 3656
	F18_('S5', 'S4')_t5_max: 9252
	('S2', 'S3')_gcl_length: 158
	F34_('S5', 'S4')_t5_min: 5758
	F24_('S4', 'S3')_tb: 1813
	F25_('E4', 'S4')_t4_min: 1848
	F53_('E1', 'S1')_t4_min: 1597
	F59_('E2', 'S2')_t5_min: 1515
	F50_('S5', 'E5')_t3_min: 125990
	F30_('S2', 'E2')_t5_max: 1399
	F22_('S1', 'E1')_t4_max: 9384
	F3_('S3', 'S4')_t5_max: 2992
	F20_('S3', 'E3')_t3_min: 4968
	F57_('S2', 'E2')_t5_min: 49818
	F46_('S1', 'E1')_t3_max: 33239
	F39_('S2', 'S1')_t5_max: 57535
	F2_('E4', 'S4')_t5_max: 4978
	F22_('E4', 'S4')_t5_max: 9307
	F57_('E3', 'S3')_t4_min: 49788
	F15_('S2', 'S1')_tb: 1077
	F0_('S4', 'S3')_t3_min: 17
	F31_('E5', 'S5')_t3_min: 1329
	F36_('S1', 'S2')_t3_min: 3630
	F8_('S4', 'E4')_t3_min: 1161
	F2_('S3', 'E3')_t3_min: 4994
	F59_('S3', 'S4')_t5_max: 1551
	F9_('S2', 'S3')_t3_max: 51597
	F59_('S2', 'S3')_t5_max: 1533
	F42_('S2', 'S3')_t3_min: 7934
	F9_('S2', 'S3')_t5_max: 51619
	F58_('S3', 'S2')_t3_min: 1219
	F44_('S4', 'S5')_t3_min: 31022
	F46_('E5', 'S5')_t5_min: 33176
	F6_('S2', 'S3')_t3_max: 3557
	F44_('S5', 'E5')_t5_min: 31038
	F28_('S2', 'E2')_tb: 1334
	F22_('S1', 'E1')_tb: 9384
	F47_('S2', 'E2')_tb: 1130
	F49_('E3', 'S3')_t5_min: 63508
	F41_('S3', 'S4')_t3_max: 69724
	F38_('S4', 'E4')_t3_min: 7052
	F49_('S5', 'E5')_t3_min: 63549
	F49_('S4', 'S5')_tb: 63541
	F42_('S3', 'S4')_t3_min: 7952
	F22_('E4', 'S4')_t5_min: 9307
	F53_('S4', 'E4')_t4_max: 1666
	F17_('S4', 'S3')_t5_max: 49154
	F23_('S5', 'S4')_t3_min: 29759
	F31_('S4', 'S3')_tb: 1358
	F59_('E2', 'S2')_t3_min: 1504
	F17_('S3', 'S2')_t3_max: 49161
	F31_('S3', 'E3')_tb: 1370
	F46_('S1', 'E1')_t4_max: 33252
	F33_('E5', 'S5')_t5_max: 1664
	F24_('S3', 'S2')_tb: 1825
	F24_('S3', 'S2')_t3_max: 1848
	F25_('E4', 'S4')_t5_max: 1860
	F24_('S4', 'S3')_t3_min: 1813
	('S3', 'E3')_gcl_length: 58
	F18_('S4', 'S3')_tb: 9254
	F46_('S2', 'S1')_t3_min: 33220
	F4_('E4', 'S4')_t4_min: 1386
	F30_('E4', 'S4')_t3_min: 1348
	F44_('E2', 'S2')_t4_max: 30990
	F47_('S2', 'E2')_t5_max: 1136
	F59_('S2', 'S3')_tb: 1522
	F49_('E3', 'S3')_tb: 63502
	F7_('E4', 'S4')_tb: 1460
	F15_('S2', 'S1')_t5_min: 1086
	F13_('E1', 'S1')_t3_min: 974
	F55_('S3', 'S4')_t5_max: 1439
	F51_('S2', 'E2')_t5_min: 31943
	F4_('S4', 'S5')_t5_max: 1422
	F56_('E2', 'S2')_t5_max: 5944
	F3_('S1', 'S2')_t3_min: 2916
	('E2', 'S2')_gcl_length: 0
	F30_('S3', 'S2')_tb: 1359
	F26_('S2', 'E2')_t3_max: 3050
	F18_('S4', 'S3')_t3_min: 9254
	F0_('S5', 'S4')_t3_min: 9
	F1_('E4', 'S4')_t4_max: 7506
	F4_('S4', 'S5')_t5_min: 1404
	F47_('S5', 'S4')_tb: 1047
	F24_('S2', 'E2')_t5_max: 1888
	F42_('S3', 'S4')_t5_max: 7981
	F0_('S2', 'E2')_t5_max: 98
	F5_('S2', 'E2')_t4_max: 3884
	F43_('S2', 'E2')_tb: 63897
	F36_('E1', 'S1')_t3_min: 3627
	F58_('S3', 'S2')_t3_max: 1242
	F55_('E1', 'S1')_t5_min: 1372
	F14_('S3', 'E3')_t5_min: 63613
	F3_('E1', 'S1')_t4_max: 2908
	('S4', 'S5')_gcl_length: 198
	F29_('S1', 'E1')_tb: 17167
	F6_('E1', 'S1')_tb: 3524
	F16_('E4', 'S4')_t4_max: 13930
	F5_('S1', 'S2')_tb: 3834
	F30_('E4', 'S4')_t5_min: 1349
	F12_('E5', 'S5')_t3_min: 73207
	F8_('S5', 'S4')_t3_min: 1149
	F55_('S4', 'S5')_t5_max: 1457
	F54_('S5', 'S4')_t5_max: 9840
	F48_('S4', 'S5')_t5_max: 127422
	F38_('S4', 'E4')_t3_max: 7075
	F53_('S2', 'S3')_t3_min: 1620
	F7_('S4', 'S5')_t5_min: 1474
	F46_('E5', 'S5')_t5_max: 33176
	F2_('S4', 'S3')_t3_min: 4980
	F4_('S5', 'E5')_t5_max: 1450
	F33_('S5', 'S4')_t5_min: 1672
	F50_('S2', 'S3')_t5_min: 125949
	F39_('S1', 'E1')_t5_max: 57561
	F28_('S2', 'E2')_t3_max: 1334
	F49_('S4', 'S5')_t3_min: 63518
	F36_('S3', 'E3')_t3_max: 3664
	F14_('S3', 'E3')_t5_max: 63649
	F38_('E2', 'S2')_tb: 7008
	F33_('E5', 'S5')_t5_min: 1664
	F56_('E2', 'S2')_tb: 5942
	F58_('S3', 'S2')_tb: 1219
	F54_('S3', 'E3')_t3_min: 9845
	F47_('S4', 'S3')_t5_max: 1097
	F17_('E5', 'S5')_t4_max: 49134
	F16_('S1', 'E1')_t3_max: 13994
	F55_('S5', 'E5')_t3_min: 1459
	F51_('S3', 'S2')_t5_max: 31957
	F24_('E5', 'S5')_t4_max: 1784
	('E4', 'S4')_gcl_length: 0
	F56_('E2', 'S2')_t5_min: 5944
	F18_('S1', 'E1')_t3_min: 9316
	F52_('E3', 'S3')_tb: 33113
	F52_('S1', 'E1')_t3_max: 33174
	F40_('S5', 'E5')_t3_max: 1671
	F47_('S4', 'S3')_t5_min: 1061
	F6_('S3', 'E3')_tb: 3580
	F56_('S1', 'E1')_t4_max: 5986
	F10_('E3', 'S3')_t4_min: 1969
	F50_('E2', 'S2')_tb: 125935
	F45_('E4', 'S4')_t4_max: 1384
	F45_('S1', 'E1')_tb: 1442
	F57_('S3', 'S2')_t3_min: 49797
	F23_('S4', 'S3')_tb: 29769
	F40_('E3', 'S3')_t5_min: 1602
	F15_('S1', 'E1')_tb: 1088
	F44_('S5', 'E5')_t4_max: 31085
	F17_('S5', 'S4')_t3_min: 49138
	F40_('S5', 'E5')_t5_min: 1641
	F33_('E5', 'S5')_t4_min: 1658
	F13_('S4', 'E4')_t4_max: 1032
	F46_('S1', 'E1')_t5_min: 33241
	F3_('S4', 'S5')_tb: 2999
	F21_('S1', 'E1')_t4_max: 105914
	F58_('S5', 'S4')_t5_max: 1214
	F45_('S2', 'S1')_t5_max: 1435
	F20_('S3', 'E3')_t5_max: 4993
	F50_('S3', 'S4')_tb: 125974
	F44_('S4', 'S5')_t5_max: 31065
	F49_('S3', 'S4')_t5_min: 63516
	F1_('S5', 'E5')_tb: 7524
	F19_('E3', 'S3')_tb: 8958
	F10_('E3', 'S3')_tb: 1969
	F49_('S4', 'S5')_t5_max: 63547
	F27_('E2', 'S2')_t4_min: 14982
	F15_('E2', 'S2')_t3_min: 1066
	F46_('S3', 'S2')_tb: 33211
	F26_('S4', 'S3')_t3_min: 2991
	F44_('E2', 'S2')_t3_min: 30990
	F20_('S3', 'E3')_t3_max: 4991
	F10_('S2', 'E2')_t5_max: 1999
	F53_('S3', 'S4')_t5_max: 1659
	F39_('S2', 'S1')_tb: 57529
	F31_('S3', 'E3')_t3_max: 1393
	F41_('S4', 'E4')_t3_max: 69745
	F18_('S1', 'E1')_t5_max: 9339
	('E1', 'S1')_gcl_length: 0
	F48_('S5', 'E5')_t5_max: 127433
	F32_('S4', 'S3')_t5_min: 15054
	F3_('S5', 'E5')_t3_max: 3012
	F55_('S3', 'S4')_t3_max: 1415
	F29_('S4', 'S3')_t5_min: 17122
	F22_('S2', 'S1')_t3_max: 9365
	F8_('S4', 'E4')_t5_min: 1171
	F53_('S2', 'S3')_tb: 1625
	F12_('S4', 'E4')_t3_min: 73225
	F34_('S4', 'E4')_t3_min: 5760
	F31_('S4', 'S3')_t5_max: 1386
	F42_('S4', 'E4')_t3_min: 7965
	F31_('S4', 'S3')_t3_max: 1363
	F8_('S4', 'E4')_t5_max: 1207
	F26_('S4', 'S3')_t5_min: 2998
	F30_('S3', 'S2')_t5_max: 1378
	F42_('S1', 'S2')_t3_min: 7916
	F45_('S1', 'E1')_t5_max: 1443
	F24_('E5', 'S5')_tb: 1784
	F24_('S2', 'E2')_t3_min: 1837
	F47_('S5', 'S4')_t5_min: 1053
	F29_('S3', 'S2')_t5_min: 17155
	F59_('S4', 'E4')_t5_min: 1564
	F47_('S2', 'E2')_t3_max: 1130
	F37_('S3', 'S4')_t3_max: 1115
	F15_('E2', 'S2')_t4_min: 1066
	F43_('S2', 'E2')_t3_max: 63920
	F33_('S5', 'S4')_tb: 1666
	F46_('E5', 'S5')_t4_max: 33169
	F2_('S3', 'E3')_tb: 4994
	F37_('S2', 'S3')_t3_min: 1084
	F28_('S2', 'E2')_t5_min: 1340
	F38_('E2', 'S2')_t3_min: 7008
	F27_('E2', 'S2')_t3_min: 14982
	F3_('E1', 'S1')_t3_min: 2908
	F0_('S3', 'S2')_t5_max: 85
	F4_('E4', 'S4')_t4_max: 1386
	F46_('S2', 'S1')_t5_max: 33232
	F41_('E2', 'S2')_t4_min: 69695
	F33_('E5', 'S5')_t4_max: 1658
	F15_('S1', 'E1')_t4_max: 1124
	F9_('S1', 'S2')_t3_min: 51563
	F58_('S4', 'S3')_tb: 1216
	F56_('E2', 'S2')_t4_min: 5942
	F33_('S4', 'E4')_tb: 1697
	F29_('E5', 'S5')_t5_min: 17097
	F23_('S4', 'S3')_t5_max: 29790
	F23_('E5', 'S5')_t4_min: 29754
	F4_('S5', 'E5')_tb: 1406
	F44_('S2', 'S3')_t5_max: 31011
	F37_('E2', 'S2')_t3_min: 1076
	F14_('S3', 'E3')_t3_min: 63603
	F51_('S2', 'E2')_t3_max: 31964
	F48_('E4', 'S4')_t4_min: 127407
	F38_('S2', 'S3')_t5_min: 7037
	F58_('E5', 'S5')_t4_max: 1205
	F58_('S3', 'S2')_t5_max: 1256
	F54_('S4', 'S3')_t5_min: 9843
	F4_('E4', 'S4')_t5_min: 1394
	F59_('S3', 'S4')_t5_min: 1551
	F55_('E1', 'S1')_t4_min: 1361
	F54_('S3', 'E3')_t5_max: 9869
	F55_('S4', 'S5')_t3_min: 1423
	F28_('S2', 'E2')_t5_max: 1340
	F18_('E5', 'S5')_t4_max: 9235
	F26_('S2', 'E2')_t4_max: 3063
	F58_('E5', 'S5')_tb: 1205
	F25_('E4', 'S4')_t3_min: 1848
	F30_('S3', 'S2')_t5_min: 1360
	F58_('S5', 'S4')_t3_min: 1208
	F12_('S4', 'E4')_t3_max: 73248
	F26_('S3', 'S2')_t3_max: 3023
	F10_('S3', 'S2')_tb: 1977
	F47_('E5', 'S5')_t5_max: 1045
	F15_('S1', 'E1')_t5_min: 1097
	F57_('S2', 'E2')_tb: 49811
	F0_('S3', 'S2')_t5_min: 31
	F24_('S4', 'S3')_t3_max: 1818
	F22_('S4', 'S3')_t5_min: 9326
	F52_('E3', 'S3')_t5_min: 33122
	F12_('E5', 'S5')_t4_max: 73207
	F3_('E1', 'S1')_t4_min: 2908
	F52_('S1', 'E1')_t4_max: 33187
	F39_('S2', 'S1')_t5_min: 57535
	F2_('E4', 'S4')_t4_min: 4966
	F16_('S3', 'S2')_t5_min: 13971
	F50_('E2', 'S2')_t4_min: 125935
	F49_('S3', 'S4')_t3_min: 63510
	F44_('S5', 'E5')_tb: 31031
	F2_('S3', 'E3')_t4_max: 5030
	F13_('E1', 'S1')_t5_min: 975
	F2_('S4', 'S3')_t5_min: 4992
	F22_('S3', 'S2')_t3_max: 9333
	F12_('S4', 'E4')_tb: 73248
	F17_('E5', 'S5')_t4_min: 49134
	F15_('S1', 'E1')_t5_max: 1133
	F4_('E4', 'S4')_t5_max: 1394
	F8_('S5', 'S4')_t5_max: 1177
	F1_('S4', 'S5')_t5_min: 7517
	F3_('S5', 'E5')_t5_min: 3013
	F23_('S3', 'S2')_t3_min: 29774
	F2_('S3', 'E3')_t5_max: 5042
	F56_('S2', 'S1')_tb: 5946
	F36_('E1', 'S1')_t5_max: 3628
	F16_('S1', 'E1')_t5_min: 13998
	F28_('S3', 'S2')_t5_max: 1327
	F6_('E1', 'S1')_t5_max: 3527
	F20_('E2', 'S2')_t5_max: 4962
	F12_('E5', 'S5')_t4_min: 73207
	F9_('S3', 'E3')_t5_max: 51648
	F54_('S4', 'S3')_t3_max: 9847
	F37_('S4', 'E4')_t4_max: 1154
	F8_('S4', 'E4')_t3_max: 1184
	F41_('S4', 'E4')_t5_min: 69705
	F42_('S1', 'S2')_t5_min: 7932
	F39_('S1', 'E1')_t3_max: 57542
	F24_('S2', 'E2')_t3_max: 1878
	F53_('S4', 'E4')_t5_max: 1673
	F37_('S3', 'S4')_tb: 1092
	F42_('E1', 'S1')_t4_min: 7903
	F25_('S3', 'S2')_t5_min: 1893
	F23_('E5', 'S5')_tb: 29754
	F52_('S3', 'S2')_t5_min: 33133
	F2_('E4', 'S4')_t5_min: 4978
	F50_('E2', 'S2')_t5_max: 125941
	F45_('S2', 'S1')_t3_min: 1398
	F9_('S1', 'S2')_t5_max: 51590
	F18_('S4', 'S3')_t3_max: 9259
	F31_('S5', 'S4')_t5_max: 1356
	F30_('S4', 'S3')_t5_min: 1357
	F29_('E5', 'S5')_t4_max: 17089
	F12_('E5', 'S5')_tb: 73207
	F25_('E4', 'S4')_t5_min: 1860
	F15_('S2', 'S1')_t5_max: 1104
	F52_('S3', 'S2')_t5_max: 33151
	F9_('E1', 'S1')_tb: 51552
	F24_('S5', 'S4')_t5_max: 1811
	F16_('E4', 'S4')_t5_min: 13939
	F42_('S1', 'S2')_t5_max: 7932
	('E5', 'S5')_gcl_length: 0
	F5_('E1', 'S1')_t5_max: 3832
	F13_('S3', 'S4')_t3_min: 993
	F16_('S2', 'S1')_t5_min: 13987
	F6_('S1', 'S2')_t5_min: 3532
	F14_('E2', 'S2')_tb: 63579
	F27_('S2', 'S1')_t5_min: 15003
	F22_('S3', 'S2')_t5_min: 9340
	('E3', 'S3')_gcl_length: 0
	F48_('E4', 'S4')_t3_min: 127407
	F55_('S3', 'S4')_tb: 1410
	F21_('S1', 'E1')_tb: 105878
	F54_('S3', 'E3')_tb: 9868
	F16_('S1', 'E1')_tb: 13989
	F23_('E5', 'S5')_t5_min: 29757
	F16_('S2', 'S1')_t5_max: 13987
	F0_('S4', 'S3')_t5_max: 59
	F16_('S4', 'S3')_t5_max: 13955
	F5_('E1', 'S1')_t4_min: 3820
	F25_('S1', 'E1')_t5_min: 1949
	F27_('S1', 'E1')_t5_min: 15017
	F7_('S5', 'E5')_t5_max: 1518
	F23_('S2', 'E2')_t5_min: 29782
	F42_('E1', 'S1')_t5_max: 7914
	F39_('E2', 'S2')_t4_min: 57516
	F34_('S4', 'E4')_t5_max: 5789
	F56_('S1', 'E1')_t3_min: 5950
	F11_('E3', 'S3')_t5_max: 1732
	F46_('S3', 'S2')_t3_min: 33206
	F44_('S2', 'S3')_t3_min: 30999
	F3_('S4', 'S5')_t5_min: 3005
	F1_('S5', 'E5')_t3_min: 7519
	F49_('S3', 'S4')_t5_max: 63534
	F16_('S1', 'E1')_t3_min: 13989
	F43_('E1', 'S1')_t5_min: 63886
	F38_('S2', 'S3')_t3_min: 7021
	F48_('E4', 'S4')_t5_min: 127411
	F21_('E2', 'S2')_tb: 105854
	F19_('S4', 'S5')_t3_min: 8976
	F36_('S1', 'S2')_t5_max: 3649
	F24_('S4', 'S3')_t5_max: 1841
	F6_('E1', 'S1')_t4_min: 3524
	F24_('E5', 'S5')_t5_min: 1794
	F19_('S4', 'S5')_t5_max: 9019
	F27_('E2', 'S2')_t4_max: 14982
	F40_('E3', 'S3')_t4_min: 1591
	F29_('S3', 'S2')_t3_min: 17124
	F10_('S2', 'E2')_t5_min: 1981
	F45_('S4', 'S3')_tb: 1392
	F12_('S5', 'S4')_tb: 73216
	F55_('S4', 'S5')_t5_min: 1457
	F52_('E3', 'S3')_t4_min: 33113
	F9_('E1', 'S1')_t5_min: 51561
	F39_('S1', 'E1')_t5_min: 57543
	F7_('S4', 'S5')_tb: 1468
	F21_('S1', 'E1')_t3_min: 105878
	F38_('S2', 'S3')_tb: 7026
	F19_('S3', 'S4')_t5_min: 8974
	F30_('S2', 'E2')_tb: 1362
	F47_('S3', 'S2')_t5_min: 1069
	F26_('S3', 'S2')_t5_min: 3007
	F47_('S3', 'S2')_tb: 1063
	F42_('E1', 'S1')_tb: 7903
	F19_('E3', 'S3')_t4_max: 8958
	F0_('E5', 'S5')_tb: 1
	F24_('E5', 'S5')_t4_min: 1784
	F25_('S3', 'S2')_t5_max: 1911
	F39_('E2', 'S2')_t3_min: 57516
	F28_('S3', 'S2')_t3_min: 1303
	F55_('E1', 'S1')_t5_max: 1372
	F49_('S5', 'E5')_t5_max: 63560
	F32_('S3', 'E3')_t3_min: 15056
	F3_('S1', 'S2')_tb: 2916
	F1_('S4', 'S5')_tb: 7515
	F29_('S1', 'E1')_t5_max: 17211
	F1_('E4', 'S4')_t4_min: 7506
	F45_('S2', 'S1')_t3_max: 1421
	F11_('S2', 'E2')_tb: 1739
	F23_('S2', 'E2')_t3_max: 29820
	('S4', 'S3')_gcl_length: 156
	F41_('E2', 'S2')_t5_max: 69696
	F3_('S2', 'S3')_t5_max: 2966
	F0_('S4', 'S3')_t5_min: 23
	F37_('S4', 'E4')_tb: 1100
	F53_('S1', 'S2')_t3_min: 1606
	F38_('E2', 'S2')_t5_min: 7019
	F50_('S5', 'E5')_t3_max: 126013
	F1_('S5', 'E5')_t5_min: 7526
	F0_('S2', 'E2')_tb: 92
	F34_('E5', 'S5')_t4_min: 5729
	F58_('S4', 'S3')_t5_min: 1217
	F57_('E3', 'S3')_t4_max: 49788
	F40_('S3', 'S4')_t5_max: 1633
	F36_('E1', 'S1')_t5_min: 3628
	F25_('S2', 'S1')_t3_max: 1918
	F12_('S4', 'E4')_t5_max: 73255
	F35_('S4', 'E4')_t3_min: 13724
	F18_('S3', 'S2')_t5_max: 9302
	F11_('S2', 'E2')_t5_min: 1742
	F3_('E1', 'S1')_t5_min: 2914
	F6_('S2', 'S3')_t5_min: 3537
	F47_('E5', 'S5')_t5_min: 1045
	F0_('S2', 'E2')_t3_max: 92
	F13_('S4', 'E4')_t3_max: 1019
	F17_('E5', 'S5')_tb: 49134
	F26_('E4', 'S4')_t5_min: 2989
	F52_('S2', 'S1')_t5_min: 33167
	F11_('E3', 'S3')_tb: 1729
	F53_('S4', 'E4')_t3_max: 1666
	F17_('S4', 'S3')_tb: 49152
	F40_('E3', 'S3')_t3_min: 1591
	F49_('S4', 'S5')_t3_max: 63541
	F51_('E3', 'S3')_t3_min: 31933
	F0_('S2', 'E2')_t5_min: 98
	F5_('S2', 'E2')_tb: 3848
	F51_('E3', 'S3')_tb: 31933
	F55_('S3', 'S4')_t3_min: 1410
	F11_('E3', 'S3')_t5_min: 1732
	F3_('E1', 'S1')_tb: 2908
	F11_('S2', 'E2')_t3_min: 1739
	F21_('S1', 'E1')_t5_min: 105888
	F57_('E3', 'S3')_tb: 49788
	F43_('S2', 'E2')_t4_max: 63933
	F24_('S2', 'E2')_tb: 1878
	F17_('S2', 'E2')_tb: 49160
	F27_('E2', 'S2')_t5_min: 14989
	F4_('S5', 'E5')_t3_max: 1429
	F18_('S2', 'S1')_t3_max: 9309
	F17_('S2', 'E2')_t4_max: 49196
	F2_('E4', 'S4')_t3_min: 4966
	F46_('S4', 'S3')_t5_min: 33204
	F38_('S3', 'S4')_tb: 7039
	F27_('S1', 'E1')_tb: 15010
	F29_('S5', 'S4')_t5_min: 17112
	F36_('S2', 'S3')_t3_min: 3633
	F24_('S5', 'S4')_t3_min: 1796
	F30_('S3', 'S2')_t3_min: 1359
	F26_('S3', 'S2')_t3_min: 3000
	F48_('S5', 'E5')_t5_min: 127433
	F47_('S4', 'S3')_t3_min: 1055
	F26_('S2', 'E2')_t3_min: 3009
	F40_('S5', 'E5')_t5_max: 1695
	F45_('S2', 'S1')_tb: 1398
	F26_('S3', 'S2')_t5_max: 3043
	F41_('S2', 'S3')_tb: 69698
	F46_('S4', 'S3')_t5_max: 33204
	F53_('S2', 'S3')_t3_max: 1625
	F55_('S5', 'E5')_t3_max: 1464
	F55_('S5', 'E5')_t5_min: 1475
	F33_('S4', 'E4')_t5_min: 1703
	F35_('S2', 'S3')_t5_min: 13708
	F31_('E5', 'S5')_t4_min: 1329
	F57_('S2', 'E2')_t4_max: 49829
	F14_('S2', 'S3')_t3_min: 63591
	F58_('S2', 'E2')_t3_min: 1222
	F51_('S2', 'E2')_t3_min: 31941
	F12_('E5', 'S5')_t5_min: 73214
	F35_('S3', 'S4')_t5_max: 13740
	F22_('S1', 'E1')_t3_min: 9379
	F37_('S4', 'E4')_t3_max: 1141
	F32_('S3', 'E3')_t5_max: 15063
	F48_('S5', 'E5')_t4_max: 127429
	F11_('S2', 'E2')_t5_max: 1778
	F54_('S4', 'S3')_t3_min: 9842
	F25_('S1', 'E1')_tb: 1937
	F55_('S1', 'S2')_tb: 1379
	F22_('E4', 'S4')_tb: 9295
	F41_('S2', 'S3')_t5_min: 69699
	F46_('S1', 'E1')_t5_max: 33259
	F59_('S3', 'S4')_t3_min: 1535
	F45_('S3', 'S2')_t3_max: 1400
	F23_('S3', 'S2')_t5_max: 29813
	F25_('S1', 'E1')_t5_max: 1949
	F29_('E5', 'S5')_t5_max: 17097
	F45_('S3', 'S2')_t3_min: 1395
	F2_('E4', 'S4')_tb: 4966
	F13_('S2', 'S3')_t3_max: 990
	F28_('S3', 'S2')_t5_min: 1309
	F2_('S4', 'S3')_tb: 4980
	F52_('E3', 'S3')_t5_max: 33122
	F18_('S1', 'E1')_t3_max: 9321
	F6_('E1', 'S1')_t5_min: 3527
	F29_('S4', 'S3')_t5_max: 17140
	F26_('S2', 'E2')_t5_min: 3016
	F26_('E4', 'S4')_t5_max: 2989
	F3_('S2', 'S3')_t5_min: 2930
	F40_('S3', 'S4')_tb: 1604
	F16_('S4', 'S3')_t3_min: 13941
	F9_('S3', 'E3')_t3_max: 51626
	F55_('S5', 'E5')_t5_max: 1475
	F58_('S4', 'S3')_t5_max: 1235
	F44_('E2', 'S2')_t4_min: 30990
	F57_('E3', 'S3')_t5_min: 49795
	F7_('S5', 'E5')_t5_min: 1482
	F22_('S1', 'E1')_t5_max: 9396
	F13_('S3', 'S4')_t5_min: 994
	F1_('E4', 'S4')_t5_max: 7508
	F43_('E1', 'S1')_t5_max: 63886
	F39_('E2', 'S2')_tb: 57516
	F29_('S3', 'S2')_t3_max: 17147
	F20_('E2', 'S2')_t5_min: 4962
	F25_('S4', 'S3')_tb: 1867
	F28_('E3', 'S3')_tb: 1295
	F18_('E5', 'S5')_t3_min: 9235
	F32_('E4', 'S4')_t5_max: 15045
	F56_('S1', 'E1')_t3_max: 5973
	F43_('S1', 'S2')_t5_max: 63913
	F2_('S3', 'E3')_t5_min: 5006
	F13_('S1', 'S2')_t5_min: 983
	F30_('S2', 'E2')_t5_min: 1363
	F22_('S1', 'E1')_t3_max: 9384
	F45_('E4', 'S4')_t5_min: 1385
	F54_('E5', 'S5')_t4_max: 9831
	F9_('E1', 'S1')_t4_min: 51552
	F53_('S4', 'E4')_t3_min: 1643
	F44_('S3', 'S4')_t3_max: 31018
	F14_('S2', 'S3')_tb: 63591
	F54_('S5', 'S4')_t3_min: 9834
	F8_('E5', 'S5')_t3_min: 1137
	F42_('S2', 'S3')_tb: 7939
	F57_('S2', 'E2')_t3_max: 49816
	F53_('S1', 'S2')_tb: 1611
	F0_('S5', 'S4')_t5_min: 15
	F29_('E5', 'S5')_t4_min: 17089
	F43_('E1', 'S1')_t3_min: 63879
	F13_('S4', 'E4')_t5_max: 1033
	F30_('S3', 'S2')_t3_max: 1364
	F55_('S5', 'E5')_tb: 1464
	F51_('S2', 'E2')_tb: 31941
	F38_('S2', 'S3')_t5_max: 7037
	F57_('E3', 'S3')_t3_min: 49788
	F9_('S3', 'E3')_t3_min: 51585
	F14_('E2', 'S2')_t5_min: 63589
	F50_('E2', 'S2')_t3_min: 125935
	F21_('S2', 'S1')_t5_min: 105876
	F57_('S3', 'S2')_t5_max: 49809
	F44_('S2', 'S3')_tb: 31004
	F34_('S5', 'S4')_t5_max: 5758
	F25_('E4', 'S4')_tb: 1848
	F47_('S5', 'S4')_t5_max: 1071
	F44_('S5', 'E5')_t5_max: 31092
	F24_('S5', 'S4')_tb: 1801
	F13_('S4', 'E4')_tb: 996
	F36_('S1', 'S2')_t5_min: 3631
	F49_('S4', 'S5')_t5_min: 63547
	F23_('S2', 'E2')_tb: 29779
	F53_('E1', 'S1')_t3_min: 1597
	F53_('S3', 'S4')_t3_max: 1639
	F12_('S4', 'E4')_t4_max: 73248
	F56_('S1', 'E1')_tb: 5950
	F42_('S4', 'E4')_tb: 7988
	F25_('S4', 'S3')_t5_min: 1879
	F14_('S3', 'E3')_tb: 63603
	F25_('S3', 'S2')_tb: 1881
	F10_('S3', 'S2')_t5_min: 1978
	F33_('E5', 'S5')_t3_min: 1658
	F37_('E2', 'S2')_t5_max: 1082
	F42_('S1', 'S2')_tb: 7921
	F59_('E2', 'S2')_t4_max: 1504
	F44_('S3', 'S4')_t3_min: 31013
	F44_('S4', 'S5')_t5_min: 31029
	F25_('S4', 'S3')_t5_max: 1879
	F45_('S1', 'E1')_t5_min: 1443
	F7_('S4', 'S5')_t3_min: 1468
	F6_('S3', 'E3')_t3_max: 3580
	F55_('S2', 'S3')_t5_max: 1408
	F55_('E1', 'S1')_t4_max: 1361
	F40_('S4', 'S5')_t3_max: 1640
	F34_('S4', 'E4')_t4_max: 5778
	F17_('S5', 'S4')_t5_min: 49145
	F30_('S4', 'S3')_t3_min: 1351
	F0_('S5', 'S4')_t5_max: 33
	F9_('S3', 'E3')_t5_min: 51594
	F33_('S4', 'E4')_t4_max: 1697
	F23_('S4', 'S3')_t3_min: 29769
	F22_('S3', 'S2')_t5_max: 9358
	F0_('S3', 'S2')_tb: 25
	F14_('S2', 'S3')_t5_min: 63601
	F38_('S4', 'E4')_t5_max: 7099
	F28_('E3', 'S3')_t5_min: 1301
	F58_('S4', 'S3')_t3_min: 1216
	F6_('S2', 'S3')_tb: 3534
	F53_('S3', 'S4')_t5_min: 1641
	F7_('E4', 'S4')_t4_max: 1460
	F55_('S5', 'E5')_t4_max: 1464
	F21_('E2', 'S2')_t5_min: 105864
	F42_('S2', 'S3')_t3_max: 7939
	F32_('E4', 'S4')_t5_min: 15045
	F32_('E4', 'S4')_t4_min: 15043
	F25_('S1', 'E1')_t3_min: 1932
	F31_('S4', 'S3')_t5_min: 1368
	F23_('S2', 'E2')_t4_max: 29833
	F46_('S4', 'S3')_tb: 33197
	F59_('E2', 'S2')_t5_max: 1515
	F38_('S4', 'E4')_t4_max: 7088
	F17_('S2', 'E2')_t3_max: 49183
	F17_('S2', 'E2')_t5_min: 49162
	F36_('E1', 'S1')_t4_max: 3627
	F29_('S1', 'E1')_t5_min: 17175
	F53_('E1', 'S1')_tb: 1597
	F42_('S3', 'S4')_t3_max: 7957
	F41_('S4', 'E4')_tb: 69704
	F26_('S3', 'S2')_tb: 3000
	F17_('E5', 'S5')_t3_min: 49134
	F5_('S1', 'S2')_t5_min: 3846
	F25_('S2', 'S1')_tb: 1918
	F50_('S3', 'S4')_t5_min: 125980
	F46_('S4', 'S3')_t3_min: 33192
	F26_('E4', 'S4')_t4_min: 2982
	F45_('S4', 'S3')_t3_min: 1387
	F36_('S2', 'S3')_tb: 3656
	F20_('S3', 'E3')_tb: 4991
	F29_('S4', 'S3')_t3_max: 17119
	F9_('S1', 'S2')_tb: 51563
	F55_('S1', 'S2')_t3_min: 1374
	F54_('S4', 'S3')_t5_max: 9861
	F6_('S2', 'S3')_t5_max: 3573
	F32_('S4', 'S3')_t5_max: 15054
	F19_('S5', 'E5')_t3_min: 8985
	F3_('S1', 'S2')_t5_max: 2940
	F18_('S3', 'S2')_t5_min: 9266
	F2_('S4', 'S3')_t5_max: 5010
	F55_('S2', 'S3')_t3_min: 1392
	F13_('S1', 'S2')_tb: 982
	F47_('S3', 'S2')_t3_max: 1104
	F36_('E1', 'S1')_tb: 3627
	F45_('S2', 'S1')_t5_min: 1399
	F38_('S3', 'S4')_t3_min: 7039
	F13_('E1', 'S1')_t4_max: 974
	F31_('S3', 'E3')_t5_min: 1380
	F59_('S3', 'S4')_tb: 1540
	F59_('S4', 'E4')_t3_min: 1553
	F0_('S5', 'S4')_tb: 9
	F9_('E1', 'S1')_t4_max: 51552
	F35_('E2', 'S2')_t5_max: 13689
	F54_('E5', 'S5')_t4_min: 9831
	F32_('E4', 'S4')_tb: 15043
	F50_('E2', 'S2')_t5_min: 125941
	F50_('S5', 'E5')_tb: 125990
	F56_('E2', 'S2')_t4_max: 5942
	F56_('S2', 'S1')_t3_min: 5946
	F32_('E4', 'S4')_t3_min: 15043
	F41_('S2', 'S3')_t5_max: 69717
	F55_('S1', 'S2')_t5_max: 1390
	F53_('E1', 'S1')_t5_min: 1604
	F54_('S3', 'E3')_t4_max: 9868
	F38_('S3', 'S4')_t5_max: 7068
	F32_('S3', 'E3')_t5_min: 15063
	F20_('E2', 'S2')_t3_min: 4960
	F21_('S1', 'E1')_t3_max: 105901
	F23_('S5', 'S4')_t5_max: 29767
	F29_('E5', 'S5')_tb: 17089
	F58_('S2', 'E2')_t5_min: 1264
	F58_('S2', 'E2')_t5_max: 1264
	F57_('S2', 'E2')_t3_min: 49811
	F36_('S2', 'S3')_t5_min: 3657
	F26_('E4', 'S4')_t3_min: 2982
	('S2', 'S1')_gcl_length: 70
	F5_('E1', 'S1')_t3_min: 3820
	F23_('S4', 'S3')_t3_max: 29774
	F52_('E3', 'S3')_t4_max: 33113
	F7_('S5', 'E5')_t4_max: 1512
	F5_('S2', 'E2')_t5_max: 3896
	F20_('S2', 'S3')_t5_max: 4984
	F55_('E1', 'S1')_t3_min: 1361
	F43_('E1', 'S1')_tb: 63879
	F58_('E5', 'S5')_t5_min: 1206
	F50_('S3', 'S4')_t3_max: 125974
	F14_('E2', 'S2')_t4_max: 63579
	F8_('E5', 'S5')_t5_max: 1147
	F17_('S4', 'S3')_t5_min: 49154
	F13_('S3', 'S4')_t5_max: 1012
	F51_('S3', 'S2')_tb: 31937
	F36_('S3', 'E3')_t4_max: 3677
	F13_('S1', 'S2')_t3_min: 977
	F10_('S3', 'S2')_t3_min: 1972
	F11_('S3', 'S2')_tb: 1734
	F20_('E2', 'S2')_t4_min: 4960
	F14_('S2', 'S3')_t5_max: 63619
	F58_('S2', 'E2')_tb: 1263
	F4_('E4', 'S4')_t3_min: 1386
	F38_('E2', 'S2')_t4_min: 7008
	F35_('S3', 'S4')_t3_max: 13715
	F7_('S5', 'E5')_tb: 1476
	F40_('S3', 'S4')_t5_min: 1615
	F30_('S2', 'E2')_t3_max: 1385
	F3_('S3', 'S4')_t3_min: 2932
	F44_('S5', 'E5')_t3_min: 31031
	F34_('S4', 'E4')_t3_max: 5765
	F58_('S2', 'E2')_t4_max: 1263
	F27_('S1', 'E1')_t5_max: 15017
	F22_('S2', 'S1')_t5_max: 9377
	F51_('S2', 'E2')_t4_max: 31977
	F48_('S5', 'E5')_t3_max: 127429
	F30_('E4', 'S4')_t4_min: 1348
	F33_('S5', 'S4')_t3_min: 1666
	F27_('S1', 'E1')_t3_max: 15010
	F29_('S2', 'S1')_t3_max: 17162
	F13_('S3', 'S4')_t3_max: 998
	F12_('S4', 'E4')_t5_min: 73255
	F4_('S5', 'E5')_t3_min: 1406
	F18_('S4', 'S3')_t5_min: 9259
	F16_('S1', 'E1')_t4_max: 14007
	F55_('S2', 'S3')_tb: 1397
	F39_('S1', 'E1')_t3_min: 57537
	F16_('S4', 'S3')_tb: 13946
	F51_('S3', 'S2')_t5_min: 31939
	F53_('E1', 'S1')_t4_max: 1597
	F39_('E2', 'S2')_t5_min: 57522
	F23_('S3', 'S2')_t3_max: 29797
	F28_('E3', 'S3')_t4_min: 1295
	F13_('S2', 'S3')_t5_min: 991
	F52_('S2', 'S1')_t5_max: 33167
	F19_('S4', 'S5')_t5_min: 8983
	F17_('S2', 'E2')_t5_max: 49198
	F16_('S1', 'E1')_t5_max: 14016
	F13_('S4', 'E4')_t5_min: 997
	F2_('S3', 'E3')_t3_max: 5017
	F25_('S2', 'S1')_t5_max: 1930
	F55_('E1', 'S1')_tb: 1361
	F52_('S1', 'E1')_t5_max: 33196
	F51_('S2', 'E2')_t5_max: 31979
	F24_('E5', 'S5')_t3_min: 1784
	F12_('S5', 'S4')_t5_max: 73241
	F24_('S3', 'S2')_t5_max: 1871
	F52_('S3', 'S2')_tb: 33124
	F41_('S3', 'S4')_tb: 69701
	F28_('S3', 'S2')_tb: 1303
	F22_('E4', 'S4')_t3_min: 9295
	F46_('S2', 'S1')_t3_max: 33225
	F35_('E2', 'S2')_t3_min: 13677
	F29_('S2', 'S1')_t5_min: 17165
	F21_('E2', 'S2')_t3_min: 105854
	F46_('S3', 'S2')_t5_max: 33218
	F46_('S4', 'S3')_t3_max: 33197
	F18_('S1', 'E1')_t5_min: 9321
	F42_('S4', 'E4')_t4_max: 7988
	F25_('S2', 'S1')_t5_min: 1930
	F26_('E4', 'S4')_t4_max: 2982
	F10_('E3', 'S3')_t4_max: 1969
	F23_('S4', 'S3')_t5_min: 29772
	F4_('S5', 'E5')_t4_max: 1442
	F50_('S2', 'S3')_tb: 125943
	F41_('S4', 'E4')_t3_min: 69704
	F45_('S1', 'E1')_t3_min: 1401
	F44_('S4', 'S5')_t3_max: 31045
	('S2', 'E2')_gcl_length: 24
	F53_('S2', 'S3')_t5_min: 1632
	F48_('S4', 'S5')_t3_min: 127413
	F42_('E1', 'S1')_t5_min: 7914
	F35_('S3', 'S4')_t5_min: 13722
	F19_('S3', 'S4')_t5_max: 8992
	F29_('S2', 'S1')_t3_min: 17157
	F50_('S4', 'S5')_t3_min: 125982
	F17_('S3', 'S2')_t5_min: 49158
	F30_('E4', 'S4')_t5_max: 1349
	F22_('S3', 'S2')_tb: 9328
	F12_('S5', 'S4')_t5_min: 73223
	F50_('S4', 'S5')_t5_max: 126006
	F49_('S5', 'E5')_t4_max: 63554
	F31_('S3', 'E3')_t5_max: 1416
	F3_('S3', 'S4')_t5_min: 2938
	F29_('S3', 'S2')_t5_max: 17155
	F0_('S3', 'S2')_t3_min: 25
	F5_('S2', 'E2')_t5_min: 3860
	F0_('E5', 'S5')_t3_min: 1
	F32_('S4', 'S3')_t3_min: 15047
	F29_('S1', 'E1')_t3_min: 17167
	F28_('E3', 'S3')_t5_max: 1301
	F33_('E5', 'S5')_tb: 1658
	F18_('S2', 'S1')_t5_max: 9314
	F18_('E5', 'S5')_t4_min: 9235
	F16_('S2', 'S1')_t3_min: 13973
	F37_('S2', 'S3')_tb: 1084
	F56_('E2', 'S2')_t3_min: 5942
	F11_('E3', 'S3')_t3_min: 1729
	F13_('S4', 'E4')_t3_min: 996
	F1_('S5', 'E5')_t5_max: 7526
	F16_('S3', 'S2')_t5_max: 13971
	F33_('S4', 'E4')_t3_min: 1674
	F37_('S3', 'S4')_t5_max: 1134
	F26_('S2', 'E2')_tb: 3009
	F23_('E5', 'S5')_t3_min: 29754
	F46_('E5', 'S5')_t4_min: 33169
	F11_('S2', 'E2')_t4_max: 1775
	F52_('S1', 'E1')_t5_min: 33178
	F5_('E1', 'S1')_t5_min: 3832
	F43_('S2', 'E2')_t3_min: 63897
	F34_('S5', 'S4')_tb: 5747
	F18_('S1', 'E1')_t4_max: 9334
	F0_('S4', 'S3')_tb: 17
	F45_('E4', 'S4')_tb: 1384
	F50_('S5', 'E5')_t4_max: 126026
	F9_('S2', 'S3')_tb: 51574
	F23_('S3', 'S2')_tb: 29774
	F46_('S1', 'E1')_tb: 33234
	F51_('E3', 'S3')_t5_min: 31935
	F23_('S2', 'E2')_t3_min: 29779
	F10_('E3', 'S3')_t5_max: 1970
	F34_('E5', 'S5')_t4_max: 5729
	F43_('S2', 'E2')_t5_max: 63940
	F13_('S2', 'S3')_t5_max: 991
	F17_('S3', 'S2')_tb: 49156
	F32_('E4', 'S4')_t4_max: 15043
	F50_('S3', 'S4')_t5_max: 125980
	F55_('S4', 'S5')_tb: 1446
	F16_('E4', 'S4')_t3_min: 13930
	F37_('S2', 'S3')_t5_max: 1108
	F8_('E5', 'S5')_t5_min: 1147
	F36_('S3', 'E3')_t3_min: 3659
	F7_('E4', 'S4')_t5_min: 1466
	F37_('S4', 'E4')_t5_max: 1160
	F8_('S4', 'E4')_t4_max: 1197
	F53_('S3', 'S4')_t3_min: 1634
	F23_('S5', 'S4')_t5_min: 29767
	F47_('S3', 'S2')_t5_max: 1123
	F30_('S4', 'S3')_tb: 1356
	F22_('E4', 'S4')_t4_max: 9295
	F6_('E1', 'S1')_t4_max: 3524
	F11_('S3', 'S2')_t3_min: 1734
	F44_('E2', 'S2')_tb: 30990
	F27_('S2', 'S1')_t3_min: 14991
	F37_('S3', 'S4')_t3_min: 1092
	F4_('E4', 'S4')_tb: 1386
	F28_('E3', 'S3')_t3_min: 1295
	F2_('E4', 'S4')_t4_max: 4966
	F1_('E4', 'S4')_tb: 7506
	F6_('E1', 'S1')_t3_min: 3524
	F53_('S3', 'S4')_tb: 1634
	F55_('S3', 'S4')_t5_min: 1421
	F52_('S2', 'S1')_t3_max: 33158
	F44_('S2', 'S3')_t5_min: 31011
	F19_('S5', 'E5')_t5_max: 9046
	F16_('S4', 'S3')_t5_min: 13955
	F48_('S4', 'S5')_tb: 127418
	F47_('E5', 'S5')_t3_min: 1039
	F18_('S5', 'S4')_t3_min: 9242
	F37_('S4', 'E4')_t3_min: 1100
	F7_('S5', 'E5')_t3_min: 1476
	F20_('S3', 'E3')_t4_max: 4991
	F18_('E5', 'S5')_tb: 9235
	F18_('E5', 'S5')_t5_min: 9240
	F50_('S5', 'E5')_t5_max: 126032
	F35_('S4', 'E4')_t3_max: 13747
	F4_('S4', 'S5')_t3_min: 1396
	F47_('S2', 'E2')_t3_min: 1071
	F21_('S1', 'E1')_t5_max: 105924
	F14_('S3', 'E3')_t4_max: 63639
	F34_('E5', 'S5')_t3_min: 5729
	F28_('S2', 'E2')_t4_max: 1334
	F22_('S4', 'S3')_t5_max: 9326
	F16_('S3', 'S2')_t3_max: 13962
	F5_('S1', 'S2')_t3_min: 3834
	F31_('S5', 'S4')_tb: 1346
	F42_('S3', 'S4')_tb: 7952
	F40_('E3', 'S3')_tb: 1591
	F14_('E2', 'S2')_t3_min: 63579
	F9_('S3', 'E3')_tb: 51585
	F16_('S3', 'S2')_tb: 13962
	F37_('E2', 'S2')_t4_max: 1076
	F27_('S1', 'E1')_t4_max: 15010
	F55_('S4', 'S5')_t3_max: 1446
	F40_('E3', 'S3')_t4_max: 1591
	F35_('S4', 'E4')_t5_max: 13759
	F31_('E5', 'S5')_t5_max: 1339
	F17_('E5', 'S5')_t5_min: 49136
	F15_('S1', 'E1')_t3_max: 1111
	F16_('E4', 'S4')_t5_max: 13939
	F48_('S4', 'S5')_t5_min: 127422
	F30_('S4', 'S3')_t5_max: 1357
	F57_('E3', 'S3')_t5_max: 49795
	F35_('S3', 'S4')_t3_min: 13710
	F20_('S2', 'S3')_t5_min: 4966
	F6_('S2', 'S3')_t3_min: 3534
	F58_('S3', 'S2')_t5_min: 1220
	F40_('S5', 'E5')_tb: 1630
	F57_('S2', 'E2')_t5_max: 49836
	F53_('S1', 'S2')_t5_max: 1618
	F46_('S1', 'E1')_t3_min: 33234
	F46_('S5', 'S4')_t5_max: 33190
	F38_('E2', 'S2')_t4_max: 7008
	F31_('E5', 'S5')_t5_min: 1339
	('S4', 'E4')_gcl_length: 242
	F14_('E2', 'S2')_t5_max: 63589
	F49_('E3', 'S3')_t5_max: 63508
	F41_('E2', 'S2')_t5_min: 69696
	F24_('S2', 'E2')_t4_max: 1878
	F50_('S4', 'S5')_t5_min: 125988
	('S3', 'S2')_gcl_length: 80
	F20_('E2', 'S2')_t4_max: 4960
	F17_('S3', 'S2')_t3_min: 49156
	F58_('E5', 'S5')_t3_min: 1205
	F49_('E3', 'S3')_t3_min: 63502
