0. Flow F0 [E4-->E5] with period 64000, payload 330B, e2e delay 64000us, jitter 6400us
	('E4', 'S4'), Operation(32296, None, 32299)(32296, 32296)
	('S4', 'S5'), Operation(32301, 32306, 32309)(32306, 32306)
	('S5', 'E5'), Operation(32311, None, 32332)(32311, 32329)
1. Flow F1 [E1-->E4] with period 16000, payload 1274B, e2e delay 16000us, jitter 1600us
	('E1', 'S1'), Operation(14525, None, 14536)(14525, 14525)
	('S1', 'S2'), Operation(14538, 14543, 14554)(14543, 14543)
	('S2', 'S3'), Operation(14556, 14561, 14572)(14561, 14561)
	('S3', 'S4'), Operation(14574, None, 14603)(14574, 14592)
	('S4', 'E4'), Operation(14587, None, 14634)(14587, 14623)
2. Flow F2 [E5-->E1] with period 128000, payload 1182B, e2e delay 128000us, jitter 12800us
	('E5', 'S5'), Operation(113930, None, 113940)(113930, 113930)
	('S5', 'S4'), Operation(113942, 113947, 113957)(113947, 113947)
	('S4', 'S3'), Operation(113959, 113964, 113974)(113964, 113964)
	('S3', 'S2'), Operation(113976, None, 114004)(113976, 113994)
	('S2', 'S1'), Operation(113988, None, 114034)(113988, 114024)
	('S1', 'E1'), Operation(114000, None, 114064)(114000, 114054)
3. Flow F3 [E4-->E2] with period 16000, payload 1073B, e2e delay 16000us, jitter 1600us
	('E4', 'S4'), Operation(300, None, 309)(300, 300)
	('S4', 'S3'), Operation(311, 316, 325)(316, 316)
	('S3', 'S2'), Operation(327, None, 354)(327, 345)
	('S2', 'E2'), Operation(338, None, 383)(338, 374)
4. Flow F4 [E2-->E1] with period 128000, payload 974B, e2e delay 128000us, jitter 12800us
	('E2', 'S2'), Operation(84121, None, 84129)(84121, 84121)
	('S2', 'S1'), Operation(84131, 84136, 84144)(84136, 84136)
	('S1', 'E1'), Operation(84146, None, 84172)(84146, 84164)
5. Flow F5 [E4-->E1] with period 4000, payload 322B, e2e delay 4000us, jitter 400us
	('E4', 'S4'), Operation(97, None, 100)(97, 97)
	('S4', 'S3'), Operation(102, 107, 110)(107, 107)
	('S3', 'S2'), Operation(112, 117, 120)(117, 117)
	('S2', 'S1'), Operation(122, 127, 130)(127, 127)
	('S1', 'E1'), Operation(132, 137, 140)(137, 137)
6. Flow F6 [E3-->E2] with period 4000, payload 160B, e2e delay 4000us, jitter 400us
	('E3', 'S3'), Operation(34, None, 36)(34, 34)
	('S3', 'S2'), Operation(38, None, 58)(38, 56)
	('S2', 'E2'), Operation(42, None, 80)(42, 78)
7. Flow F7 [E4-->E1] with period 128000, payload 515B, e2e delay 128000us, jitter 12800us
	('E4', 'S4'), Operation(7, None, 12)(7, 7)
	('S4', 'S3'), Operation(14, 19, 24)(19, 19)
	('S3', 'S2'), Operation(26, 31, 36)(31, 31)
	('S2', 'S1'), Operation(38, None, 61)(38, 56)
	('S1', 'E1'), Operation(45, None, 86)(45, 81)
8. Flow F8 [E3-->E1] with period 128000, payload 514B, e2e delay 128000us, jitter 12800us
	('E3', 'S3'), Operation(185, None, 190)(185, 185)
	('S3', 'S2'), Operation(192, None, 215)(192, 210)
	('S2', 'S1'), Operation(199, 222, 227)(222, 222)
	('S1', 'E1'), Operation(229, None, 252)(229, 247)
9. Flow F9 [E4-->E5] with period 8000, payload 1474B, e2e delay 8000us, jitter 800us
	('E4', 'S4'), Operation(6448, None, 6460)(6448, 6448)
	('S4', 'S5'), Operation(6462, None, 6492)(6462, 6480)
	('S5', 'E5'), Operation(6476, None, 6524)(6476, 6512)
10. Flow F10 [E4-->E2] with period 32000, payload 1134B, e2e delay 32000us, jitter 3200us
	('E4', 'S4'), Operation(19921, None, 19931)(19921, 19921)
	('S4', 'S3'), Operation(19933, None, 19961)(19933, 19951)
	('S3', 'S2'), Operation(19945, 19968, 19978)(19968, 19968)
	('S2', 'E2'), Operation(19980, None, 20008)(19980, 19998)
11. Flow F11 [E3-->E2] with period 2000, payload 137B, e2e delay 2000us, jitter 200us
	('E3', 'S3'), Operation(1, None, 3)(1, 1)
	('S3', 'S2'), Operation(5, None, 25)(5, 23)
	('S2', 'E2'), Operation(9, 32, 34)(32, 32)
12. Flow F12 [E1-->E4] with period 8000, payload 380B, e2e delay 8000us, jitter 800us
	('E1', 'S1'), Operation(7899, None, 7903)(7899, 7899)
	('S1', 'S2'), Operation(7905, None, 7927)(7905, 7923)
	('S2', 'S3'), Operation(7911, None, 7951)(7911, 7947)
	('S3', 'S4'), Operation(7917, None, 7975)(7917, 7971)
	('S4', 'E4'), Operation(7923, None, 7999)(7923, 7995)
13. Flow F13 [E1-->E2] with period 128000, payload 831B, e2e delay 128000us, jitter 12800us
	('E1', 'S1'), Operation(91973, None, 91980)(91973, 91973)
	('S1', 'S2'), Operation(91982, 91987, 91994)(91987, 91987)
	('S2', 'E2'), Operation(91996, 92001, 92008)(92001, 92001)
14. Flow F14 [E3-->E5] with period 64000, payload 325B, e2e delay 64000us, jitter 6400us
	('E3', 'S3'), Operation(59866, None, 59869)(59866, 59866)
	('S3', 'S4'), Operation(59871, 59876, 59879)(59876, 59876)
	('S4', 'S5'), Operation(59881, None, 59902)(59881, 59899)
	('S5', 'E5'), Operation(59886, None, 59925)(59886, 59922)
15. Flow F15 [E3-->E1] with period 128000, payload 187B, e2e delay 128000us, jitter 12800us
	('E3', 'S3'), Operation(104188, None, 104190)(104188, 104188)
	('S3', 'S2'), Operation(104192, None, 104212)(104192, 104210)
	('S2', 'S1'), Operation(104196, None, 104234)(104196, 104232)
	('S1', 'E1'), Operation(104200, None, 104256)(104200, 104254)
16. Flow F16 [E1-->E5] with period 128000, payload 1288B, e2e delay 128000us, jitter 12800us
	('E1', 'S1'), Operation(24340, None, 24351)(24340, 24340)
	('S1', 'S2'), Operation(24353, 24358, 24369)(24358, 24358)
	('S2', 'S3'), Operation(24371, 24376, 24387)(24376, 24376)
	('S3', 'S4'), Operation(24389, 24394, 24405)(24394, 24394)
	('S4', 'S5'), Operation(24407, 24412, 24423)(24412, 24412)
	('S5', 'E5'), Operation(24425, None, 24454)(24425, 24443)
17. Flow F17 [E4-->E5] with period 64000, payload 294B, e2e delay 64000us, jitter 6400us
	('E4', 'S4'), Operation(32261, None, 32264)(32261, 32261)
	('S4', 'S5'), Operation(32266, None, 32287)(32266, 32284)
	('S5', 'E5'), Operation(32271, None, 32310)(32271, 32307)
18. Flow F18 [E1-->E2] with period 64000, payload 884B, e2e delay 64000us, jitter 6400us
	('E1', 'S1'), Operation(46501, None, 46509)(46501, 46501)
	('S1', 'S2'), Operation(46511, None, 46537)(46511, 46529)
	('S2', 'E2'), Operation(46521, None, 46565)(46521, 46557)
19. Flow F19 [E4-->E1] with period 128000, payload 1425B, e2e delay 128000us, jitter 12800us
	('E4', 'S4'), Operation(101, None, 113)(101, 101)
	('S4', 'S3'), Operation(115, 120, 132)(120, 120)
	('S3', 'S2'), Operation(134, None, 164)(134, 152)
	('S2', 'S1'), Operation(148, None, 196)(148, 184)
	('S1', 'E1'), Operation(162, None, 228)(162, 216)
20. Flow F20 [E5-->E2] with period 8000, payload 552B, e2e delay 8000us, jitter 800us
	('E5', 'S5'), Operation(137, None, 142)(137, 137)
	('S5', 'S4'), Operation(144, None, 167)(144, 162)
	('S4', 'S3'), Operation(151, 174, 179)(174, 174)
	('S3', 'S2'), Operation(181, 186, 191)(186, 186)
	('S2', 'E2'), Operation(193, None, 216)(193, 211)
21. Flow F21 [E4-->E2] with period 16000, payload 1114B, e2e delay 16000us, jitter 1600us
	('E4', 'S4'), Operation(10287, None, 10296)(10287, 10287)
	('S4', 'S3'), Operation(10298, None, 10325)(10298, 10316)
	('S3', 'S2'), Operation(10309, None, 10354)(10309, 10345)
	('S2', 'E2'), Operation(10320, None, 10383)(10320, 10374)
22. Flow F22 [E2-->E4] with period 128000, payload 592B, e2e delay 128000us, jitter 12800us
	('E2', 'S2'), Operation(145, None, 150)(145, 145)
	('S2', 'S3'), Operation(152, None, 175)(152, 170)
	('S3', 'S4'), Operation(159, None, 200)(159, 195)
	('S4', 'E4'), Operation(166, None, 225)(166, 220)
23. Flow F23 [E1-->E3] with period 2000, payload 386B, e2e delay 2000us, jitter 200us
	('E1', 'S1'), Operation(1839, None, 1843)(1839, 1839)
	('S1', 'S2'), Operation(1845, None, 1867)(1845, 1863)
	('S2', 'S3'), Operation(1851, 1874, 1878)(1874, 1874)
	('S3', 'E3'), Operation(1880, None, 1902)(1880, 1898)
24. Flow F24 [E1-->E5] with period 32000, payload 449B, e2e delay 32000us, jitter 3200us
	('E1', 'S1'), Operation(30377, None, 30381)(30377, 30377)
	('S1', 'S2'), Operation(30383, None, 30405)(30383, 30401)
	('S2', 'S3'), Operation(30389, 30412, 30416)(30412, 30412)
	('S3', 'S4'), Operation(30418, 30423, 30427)(30423, 30423)
	('S4', 'S5'), Operation(30429, None, 30451)(30429, 30447)
	('S5', 'E5'), Operation(30435, None, 30475)(30435, 30471)
25. Flow F25 [E5-->E1] with period 64000, payload 1093B, e2e delay 64000us, jitter 6400us
	('E5', 'S5'), Operation(3, None, 12)(3, 3)
	('S5', 'S4'), Operation(14, None, 41)(14, 32)
	('S4', 'S3'), Operation(25, 48, 57)(48, 48)
	('S3', 'S2'), Operation(59, None, 86)(59, 77)
	('S2', 'S1'), Operation(70, 93, 102)(93, 93)
	('S1', 'E1'), Operation(104, None, 131)(104, 122)
26. Flow F26 [E3-->E5] with period 16000, payload 499B, e2e delay 16000us, jitter 1600us
	('E3', 'S3'), Operation(6502, None, 6506)(6502, 6502)
	('S3', 'S4'), Operation(6508, 6513, 6517)(6513, 6513)
	('S4', 'S5'), Operation(6519, None, 6541)(6519, 6537)
	('S5', 'E5'), Operation(6525, None, 6565)(6525, 6561)
27. Flow F27 [E2-->E5] with period 4000, payload 740B, e2e delay 4000us, jitter 400us
	('E2', 'S2'), Operation(3871, None, 3877)(3871, 3871)
	('S2', 'S3'), Operation(3879, None, 3903)(3879, 3897)
	('S3', 'S4'), Operation(3887, 3910, 3916)(3910, 3910)
	('S4', 'S5'), Operation(3918, None, 3942)(3918, 3936)
	('S5', 'E5'), Operation(3926, 3949, 3955)(3949, 3949)
28. Flow F28 [E2-->E4] with period 32000, payload 468B, e2e delay 32000us, jitter 3200us
	('E2', 'S2'), Operation(28337, None, 28341)(28337, 28337)
	('S2', 'S3'), Operation(28343, 28348, 28352)(28348, 28348)
	('S3', 'S4'), Operation(28354, 28359, 28363)(28359, 28359)
	('S4', 'E4'), Operation(28365, None, 28387)(28365, 28383)
29. Flow F29 [E5-->E3] with period 32000, payload 661B, e2e delay 32000us, jitter 3200us
	('E5', 'S5'), Operation(31915, None, 31921)(31915, 31915)
	('S5', 'S4'), Operation(31923, None, 31947)(31923, 31941)
	('S4', 'S3'), Operation(31931, None, 31973)(31931, 31967)
	('S3', 'E3'), Operation(31939, None, 31999)(31939, 31993)
30. Flow F30 [E1-->E5] with period 8000, payload 706B, e2e delay 8000us, jitter 800us
	('E1', 'S1'), Operation(6575, None, 6581)(6575, 6575)
	('S1', 'S2'), Operation(6583, 6588, 6594)(6588, 6588)
	('S2', 'S3'), Operation(6596, None, 6620)(6596, 6614)
	('S3', 'S4'), Operation(6604, None, 6646)(6604, 6640)
	('S4', 'S5'), Operation(6612, None, 6672)(6612, 6666)
	('S5', 'E5'), Operation(6620, None, 6698)(6620, 6692)
31. Flow F31 [E1-->E3] with period 64000, payload 758B, e2e delay 64000us, jitter 6400us
	('E1', 'S1'), Operation(60335, None, 60342)(60335, 60335)
	('S1', 'S2'), Operation(60344, None, 60369)(60344, 60362)
	('S2', 'S3'), Operation(60353, 60376, 60383)(60376, 60376)
	('S3', 'E3'), Operation(60385, None, 60410)(60385, 60403)
32. Flow F32 [E1-->E5] with period 128000, payload 221B, e2e delay 128000us, jitter 12800us
	('E1', 'S1'), Operation(126664, None, 126666)(126664, 126664)
	('S1', 'S2'), Operation(126668, 126673, 126675)(126673, 126673)
	('S2', 'S3'), Operation(126677, 126682, 126684)(126682, 126682)
	('S3', 'S4'), Operation(126686, 126691, 126693)(126691, 126691)
	('S4', 'S5'), Operation(126695, None, 126715)(126695, 126713)
	('S5', 'E5'), Operation(126699, None, 126737)(126699, 126735)
33. Flow F33 [E3-->E5] with period 4000, payload 972B, e2e delay 4000us, jitter 400us
	('E3', 'S3'), Operation(191, None, 199)(191, 191)
	('S3', 'S4'), Operation(201, 206, 214)(206, 206)
	('S4', 'S5'), Operation(216, None, 242)(216, 234)
	('S5', 'E5'), Operation(226, None, 270)(226, 262)
34. Flow F34 [E2-->E3] with period 32000, payload 1455B, e2e delay 32000us, jitter 3200us
	('E2', 'S2'), Operation(30607, None, 30619)(30607, 30607)
	('S2', 'S3'), Operation(30621, None, 30651)(30621, 30639)
	('S3', 'E3'), Operation(30635, None, 30683)(30635, 30671)
35. Flow F35 [E2-->E5] with period 64000, payload 109B, e2e delay 64000us, jitter 6400us
	('E2', 'S2'), Operation(44153, None, 44154)(44153, 44153)
	('S2', 'S3'), Operation(44156, None, 44175)(44156, 44174)
	('S3', 'S4'), Operation(44159, 44182, 44183)(44182, 44182)
	('S4', 'S5'), Operation(44185, None, 44204)(44185, 44203)
	('S5', 'E5'), Operation(44188, None, 44225)(44188, 44224)
36. Flow F36 [E1-->E4] with period 64000, payload 950B, e2e delay 64000us, jitter 6400us
	('E1', 'S1'), Operation(62504, None, 62512)(62504, 62504)
	('S1', 'S2'), Operation(62514, 62519, 62527)(62519, 62519)
	('S2', 'S3'), Operation(62529, 62534, 62542)(62534, 62534)
	('S3', 'S4'), Operation(62544, 62549, 62557)(62549, 62549)
	('S4', 'E4'), Operation(62559, None, 62585)(62559, 62577)
37. Flow F37 [E1-->E4] with period 8000, payload 104B, e2e delay 8000us, jitter 800us
	('E1', 'S1'), Operation(6499, None, 6500)(6499, 6499)
	('S1', 'S2'), Operation(6502, 6507, 6508)(6507, 6507)
	('S2', 'S3'), Operation(6510, 6515, 6516)(6515, 6515)
	('S3', 'S4'), Operation(6518, None, 6537)(6518, 6536)
	('S4', 'E4'), Operation(6521, None, 6558)(6521, 6557)
38. Flow F38 [E3-->E2] with period 16000, payload 1281B, e2e delay 16000us, jitter 1600us
	('E3', 'S3'), Operation(10246, None, 10257)(10246, 10246)
	('S3', 'S2'), Operation(10259, None, 10288)(10259, 10277)
	('S2', 'E2'), Operation(10272, None, 10319)(10272, 10308)
39. Flow F39 [E1-->E2] with period 2000, payload 822B, e2e delay 2000us, jitter 200us
	('E1', 'S1'), Operation(361, None, 368)(361, 361)
	('S1', 'S2'), Operation(370, 375, 382)(375, 375)
	('S2', 'E2'), Operation(384, None, 409)(384, 402)

SMT variables: 
	F37_('S4', 'E4')_gc: False
	F1_('S1', 'S2')_t5_min: 14554
	F32_jitter: 36
	F8_('S3', 'S2')_t3_min: 192
	('S4', 'S3')_gcl_cycle: 128000
	F35_('S5', 'E5')_t4_min: 44188
	F16_('S1', 'S2')_t4_min: 24358
	F7_queue_index: 0
	F12_('E1', 'S1')_rr: 0
	F31_('S1', 'S2')_t4_max: 60362
	F31_('S2', 'S3')_gc: True
	F2_('S2', 'S1')_t4_min: 113988
	F2_('S5', 'S4')_gc: True
	F12_('S1', 'S2')_rr: 0
	F9_('S4', 'S5')_gc: False
	F11_('S2', 'E2')_t3_max: 32
	F35_('S5', 'E5')_gc: False
	F24_('S5', 'E5')_t5_min: 30439
	F36_('S2', 'S3')_gc: True
	F35_('S5', 'E5')_rr: 0
	F22_queue_index: 0
	F16_('S2', 'S3')_t4_max: 24376
	F2_('S3', 'S2')_tb: 113976
	F37_('S2', 'S3')_t4_min: 6515
	F7_('E4', 'S4')_rr: 0
	F7_('S4', 'S3')_rr: 1
	F29_('S5', 'S4')_gc: False
	F1_('S1', 'S2')_t4_max: 14543
	F16_('E1', 'S1')_t3_max: 24327
	F25_('S2', 'S1')_t4_max: 93
	F39_('S1', 'S2')_rr: 64
	F0_('S4', 'S5')_gc: True
	F11_('S2', 'E2')_t4_min: 32
	F15_('S3', 'S2')_t4_max: 104210
	F9_('S5', 'E5')_rr: 0
	F7_('E4', 'S4')_t3_max: -6
	F10_('S3', 'S2')_t4_min: 19968
	F29_('S4', 'S3')_t4_max: 31967
	F12_('S3', 'S4')_gc: False
	F6_('S3', 'S2')_rr: 0
	F13_jitter: 0
	F1_jitter: 36
	F27_('S4', 'S5')_t5_max: 3942
	F12_('S3', 'S4')_t4_min: 7917
	F27_('E2', 'S2')_tb: 3871
	F25_('S4', 'S3')_t4_max: 48
	F15_jitter: 54
	F18_('S2', 'E2')_rr: 0
	F15_('S1', 'E1')_t3_min: 104200
	F10_('S2', 'E2')_gc: False
	F23_('S3', 'E3')_t3_min: 1880
	F24_('S3', 'S4')_gc: True
	F29_('E5', 'S5')_gc: False
	F36_('S2', 'S3')_t4_min: 62534
	F37_('S2', 'S3')_rr: 16
	F6_queue_index: 0
	F20_('S4', 'S3')_t5_max: 179
	F7_('E4', 'S4')_gc: False
	F26_('S4', 'S5')_t4_max: 6537
	F21_('E4', 'S4')_t3_max: 10274
	F16_('S3', 'S4')_t4_max: 24394
	F39_('S1', 'S2')_gc: True
	F37_('S3', 'S4')_rr: 0
	F15_('S3', 'S2')_t5_min: 104194
	('E2', 'S2')_gcl_cycle: 1
	F25_('S1', 'E1')_t4_min: 104
	F7_('S2', 'S1')_t4_min: 38
	F16_('S1', 'S2')_gc: True
	F16_('S4', 'S5')_t5_max: 24423
	F14_('S4', 'S5')_t3_max: 59886
	('S2', 'E2')_gcl_cycle: 128000
	F39_('S1', 'S2')_t4_min: 375
	F24_('E1', 'S1')_rr: 0
	F29_('S5', 'S4')_t4_min: 31923
	F3_('E4', 'S4')_t5_max: 309
	F26_('E3', 'S3')_t4_min: 6502
	F30_('S2', 'S3')_t4_max: 6614
	F6_('E3', 'S3')_t3_max: 21
	F27_('S2', 'S3')_rr: 0
	F23_('S2', 'S3')_rr: 64
	F16_('S3', 'S4')_gc: True
	F14_('S4', 'S5')_gc: False
	F33_('S4', 'S5')_t4_max: 234
	F32_('S4', 'S5')_gc: False
	('S3', 'E3')_gcl_cycle: 1
	F39_('S2', 'E2')_rr: 0
	F24_('S3', 'S4')_t4_min: 30423
	F4_('S2', 'S1')_gc: True
	F13_('S1', 'S2')_t4_min: 91987
	F8_('S1', 'E1')_gc: False
	F24_('S5', 'E5')_rr: 0
	F14_('S5', 'E5')_gc: False
	F12_('S1', 'S2')_tb: 7905
	F11_('S3', 'S2')_rr: 0
	F30_('S1', 'S2')_t4_max: 6588
	F6_('S2', 'E2')_t4_min: 42
	F24_('S2', 'S3')_gc: True
	F32_('S3', 'S4')_t4_min: 126691
	F16_('S2', 'S3')_t5_min: 24387
	F18_('S1', 'S2')_t4_max: 46529
	F1_('E1', 'S1')_gc: False
	F8_('S3', 'S2')_gc: False
	F24_('S4', 'S5')_tb: 30429
	F24_('S2', 'S3')_rr: 4
	F28_jitter: 18
	F15_('S3', 'S2')_rr: 0
	F25_('S2', 'S1')_rr: 2
	F8_('S3', 'S2')_rr: 0
	F9_('S4', 'S5')_t4_min: 6462
	F5_('S4', 'S3')_t5_min: 110
	F15_('S1', 'E1')_t4_min: 104200
	F16_('S5', 'E5')_gc: False
	F22_('E2', 'S2')_gc: False
	F16_('S3', 'S4')_rr: 1
	F2_('E5', 'S5')_gc: False
	F13_('E1', 'S1')_gc: False
	F37_('S2', 'S3')_gc: True
	F21_('S2', 'E2')_t4_min: 10320
	F16_('S2', 'S3')_gc: True
	F29_('S5', 'S4')_t5_max: 31947
	F8_('S1', 'E1')_rr: 0
	F15_('S1', 'E1')_rr: 0
	F30_('S3', 'S4')_rr: 0
	F20_('E5', 'S5')_gc: False
	F6_('S2', 'E2')_rr: 0
	F10_('E4', 'S4')_rr: 0
	F24_('S2', 'S3')_tb: 30412
	F23_('S1', 'S2')_t4_min: 1845
	F33_('E3', 'S3')_t3_max: 178
	F1_('E1', 'S1')_rr: 0
	F11_('S3', 'S2')_gc: False
	F23_('S2', 'S3')_t4_max: 1874
	F39_('S2', 'E2')_gc: False
	F3_('E4', 'S4')_t4_min: 300
	F33_('S4', 'S5')_rr: 0
	F9_('E4', 'S4')_t5_max: 6460
	F4_('S2', 'S1')_rr: 1
	F28_('S3', 'S4')_t4_min: 28359
	F4_('S1', 'E1')_t5_max: 84172
	F2_('S2', 'S1')_t3_max: 114011
	F26_('S3', 'S4')_t4_max: 6513
	F12_('S1', 'S2')_t4_max: 7923
	F6_('E3', 'S3')_tb: 34
	F5_('E4', 'S4')_t3_max: 84
	F5_('S4', 'S3')_t4_max: 107
	F38_('S2', 'E2')_t5_max: 10319
	F38_queue_index: 0
	F23_queue_index: 0
	('E1', 'S1')_gcl_cycle: 1
	F30_('S4', 'S5')_t3_max: 6653
	F16_('S3', 'S4')_t3_min: 24389
	F21_('S4', 'S3')_t4_min: 10298
	F27_('S2', 'S3')_t4_min: 3879
	F18_jitter: 36
	F26_('S3', 'S4')_t4_min: 6513
	('S1', 'S2')_gcl_cycle: 128000
	F2_('S1', 'E1')_t4_min: 114000
	F25_('S3', 'S2')_t4_max: 77
	F30_('S4', 'S5')_t4_min: 6612
	F10_('S4', 'S3')_gc: False
	F19_('S2', 'S1')_t4_min: 148
	F30_('S5', 'E5')_rr: 0
	F30_('S1', 'S2')_gc: True
	F7_('S3', 'S2')_t4_min: 31
	F32_('S2', 'S3')_rr: 1
	F35_('S2', 'S3')_t5_max: 44175
	F13_('S2', 'E2')_t3_max: 92001
	F16_('S5', 'E5')_rr: 0
	F21_jitter: 54
	F12_('S3', 'S4')_rr: 0
	F19_('S1', 'E1')_t4_min: 162
	F33_('E3', 'S3')_gc: False
	F4_('S2', 'S1')_t4_min: 84136
	F37_('S2', 'S3')_t4_max: 6515
	F23_('S3', 'E3')_gc: False
	F19_('S3', 'S2')_t4_min: 134
	F12_('S2', 'S3')_rr: 0
	F35_('S4', 'S5')_rr: 0
	F22_('S3', 'S4')_rr: 0
	F12_('E1', 'S1')_gc: False
	F35_('S2', 'S3')_t3_min: 44156
	F11_queue_index: 0
	F31_('E1', 'S1')_gc: False
	F2_('S2', 'S1')_t4_max: 114024
	F6_('S2', 'E2')_t3_min: 42
	F5_('S2', 'S1')_t4_min: 127
	F30_('S3', 'S4')_gc: False
	F25_('E5', 'S5')_gc: False
	F3_('S4', 'S3')_t4_min: 316
	F12_('E1', 'S1')_t3_max: 7886
	F2_('S3', 'S2')_rr: 0
	F18_('S1', 'S2')_rr: 0
	F23_('S2', 'S3')_gc: True
	F26_('S3', 'S4')_gc: True
	F15_queue_index: 0
	F24_('E1', 'S1')_t3_max: 30364
	F26_jitter: 36
	F12_('S3', 'S4')_t3_min: 7917
	F7_('S1', 'E1')_rr: 0
	F22_('E2', 'S2')_t5_min: 150
	F11_('E3', 'S3')_rr: 0
	F29_('E5', 'S5')_rr: 0
	('S1', 'E1')_gcl_cycle: 4000
	F2_('S4', 'S3')_rr: 1
	F12_('S4', 'E4')_t4_min: 7923
	F32_('S5', 'E5')_t4_min: 126699
	F24_('S3', 'S4')_rr: 4
	F31_('S3', 'E3')_t3_min: 60385
	F21_('S3', 'S2')_t4_max: 10345
	F26_('S5', 'E5')_t4_min: 6525
	F12_('S2', 'S3')_gc: False
	F12_queue_index: 0
	F30_jitter: 72
	F30_('S1', 'S2')_rr: 16
	F21_('S2', 'E2')_t3_max: 10361
	F20_('S2', 'E2')_rr: 0
	F30_('S2', 'S3')_rr: 0
	F28_('S4', 'E4')_rr: 0
	F5_('S3', 'S2')_gc: True
	F25_('S2', 'S1')_t3_min: 70
	F28_('S3', 'S4')_t4_max: 28359
	F27_('S5', 'E5')_gc: True
	F33_('S4', 'S5')_t5_max: 242
	F15_('S3', 'S2')_t4_min: 104192
	F20_jitter: 18
	F34_('E2', 'S2')_t3_max: 30594
	F9_('S5', 'E5')_gc: False
	F8_('E3', 'S3')_t3_max: 172
	F10_jitter: 18
	F24_('S2', 'S3')_t4_max: 30412
	F14_('S3', 'S4')_rr: 2
	F21_('S2', 'E2')_rr: 0
	F0_('S4', 'S5')_t4_max: 32306
	F11_('S3', 'S2')_t4_min: 5
	F1_('S4', 'E4')_rr: 0
	F7_('S2', 'S1')_gc: False
	F19_('S4', 'S3')_gc: True
	F9_('S5', 'E5')_t3_max: 6499
	F24_('S5', 'E5')_gc: False
	F39_jitter: 18
	F33_('S4', 'S5')_gc: False
	F14_('E3', 'S3')_rr: 0
	F3_('E4', 'S4')_t5_min: 309
	F29_jitter: 54
	F22_('S2', 'S3')_gc: False
	F30_('S2', 'S3')_t5_max: 6620
	F2_('S5', 'S4')_t3_min: 113942
	F27_('S4', 'S5')_tb: 3918
	F1_('E1', 'S1')_t3_max: 14512
	F23_('S1', 'S2')_rr: 0
	F15_('E3', 'S3')_t3_max: 104175
	F37_('S4', 'E4')_rr: 0
	F33_queue_index: 0
	F36_('S4', 'E4')_t4_max: 62577
	F6_('S3', 'S2')_t4_min: 38
	F26_('E3', 'S3')_t3_max: 6489
	F24_('S1', 'S2')_gc: False
	F9_jitter: 36
	F22_('S2', 'S3')_t4_max: 170
	F30_('S5', 'E5')_t4_min: 6620
	F15_('E3', 'S3')_t5_min: 104190
	F32_('S2', 'S3')_t3_max: 126682
	F17_('E4', 'S4')_t3_max: 32248
	F25_('E5', 'S5')_t3_max: -10
	F29_('S4', 'S3')_t4_min: 31931
	F24_('S2', 'S3')_t4_min: 30412
	F8_('S2', 'S1')_t3_max: 222
	F32_('S5', 'E5')_gc: False
	F5_('S3', 'S2')_t3_max: 117
	F16_('E1', 'S1')_t4_min: 24340
	F1_('S3', 'S4')_t3_max: 14579
	F0_queue_index: 0
	F16_queue_index: 0
	F15_('S2', 'S1')_t4_max: 104232
	F22_('S2', 'S3')_t5_min: 157
	F2_('S3', 'S2')_gc: False
	F28_('E2', 'S2')_t3_min: 28337
	F32_('S3', 'S4')_rr: 1
	F7_('S4', 'S3')_gc: True
	F25_('E5', 'S5')_t5_min: 12
	F31_('S3', 'E3')_rr: 0
	F18_('S2', 'E2')_t4_min: 46521
	F10_('E4', 'S4')_t4_max: 19921
	F10_('S2', 'E2')_rr: 0
	F33_('S5', 'E5')_gc: False
	F24_('S4', 'S5')_rr: 0
	F20_('E5', 'S5')_rr: 0
	F34_('S2', 'S3')_t4_max: 30639
	F32_('S2', 'S3')_gc: True
	F30_('S2', 'S3')_t3_min: 6596
	F19_('S3', 'S2')_t4_max: 152
	F25_('S5', 'S4')_gc: False
	F25_('S3', 'S2')_t3_max: 64
	F26_('S4', 'S5')_t3_min: 6519
	F20_('S5', 'S4')_t4_max: 162
	F13_('S1', 'S2')_t5_max: 91994
	F35_('S3', 'S4')_rr: 2
	F30_('E1', 'S1')_t3_max: 6562
	F6_('S3', 'S2')_t4_max: 56
	F16_('E1', 'S1')_rr: 0
	F35_('S2', 'S3')_rr: 0
	F30_('E1', 'S1')_rr: 0
	F22_('S2', 'S3')_t4_min: 152
	F0_('S5', 'E5')_rr: 0
	('E3', 'S3')_gcl_cycle: 1
	F23_('S3', 'E3')_rr: 0
	F36_('S3', 'S4')_t3_min: 62544
	F24_jitter: 36
	F26_('S4', 'S5')_rr: 0
	F15_('E3', 'S3')_rr: 0
	F32_('E1', 'S1')_gc: False
	F7_jitter: 36
	F18_('S2', 'E2')_gc: False
	F36_('S4', 'E4')_gc: False
	F2_queue_index: 0
	F16_('S1', 'S2')_t4_max: 24358
	('S2', 'S1')_gcl_cycle: 128000
	F35_('E2', 'S2')_t4_max: 44153
	F23_('S1', 'S2')_t4_max: 1863
	F35_('S2', 'S3')_gc: False
	F33_('E3', 'S3')_t3_min: 191
	F22_('S3', 'S4')_t4_min: 159
	F34_jitter: 36
	F35_('E2', 'S2')_t5_min: 44154
	F29_('S3', 'E3')_gc: False
	F2_('S3', 'S2')_t4_max: 113994
	F34_('S3', 'E3')_t4_min: 30635
	F3_('S3', 'S2')_rr: 0
	F18_('E1', 'S1')_t3_max: 46488
	F17_('S5', 'E5')_t4_min: 32271
	F14_('E3', 'S3')_t3_max: 59853
	F32_('S2', 'S3')_t4_max: 126682
	F20_('S4', 'S3')_t4_min: 174
	F7_('E4', 'S4')_t4_min: 7
	F20_('E5', 'S5')_t4_max: 137
	F9_('S4', 'S5')_t4_max: 6480
	F2_('S2', 'S1')_tb: 113988
	F25_jitter: 18
	F21_queue_index: 0
	F5_('S3', 'S2')_t4_min: 117
	F36_('S2', 'S3')_t4_max: 62534
	F9_('E4', 'S4')_gc: False
	F39_('E1', 'S1')_t5_max: 368
	F28_('E2', 'S2')_gc: False
	F10_('S4', 'S3')_t4_max: 19951
	F7_('S1', 'E1')_gc: False
	F14_('S3', 'S4')_t3_min: 59871
	F35_jitter: 36
	F16_('E1', 'S1')_gc: False
	F6_('E3', 'S3')_rr: 0
	F28_('S4', 'E4')_gc: False
	F14_jitter: 36
	F17_('E4', 'S4')_gc: False
	F15_('S2', 'S1')_gc: False
	F33_('S3', 'S4')_gc: True
	F10_('E4', 'S4')_gc: False
	F33_('S3', 'S4')_rr: 32
	F8_('S2', 'S1')_t4_max: 222
	F38_('S2', 'E2')_t4_min: 10272
	F38_('S3', 'S2')_t4_max: 10277
	F35_('S2', 'S3')_t4_min: 44156
	F3_('S2', 'E2')_gc: False
	F39_('S1', 'S2')_t4_max: 375
	F16_('S4', 'S5')_rr: 1
	F20_('S5', 'S4')_t4_min: 144
	F19_('S3', 'S2')_rr: 0
	F32_('E1', 'S1')_rr: 0
	F20_('S3', 'S2')_gc: True
	F38_jitter: 36
	F33_('S4', 'S5')_t4_min: 216
	F7_('S3', 'S2')_rr: 1
	('E4', 'S4')_gcl_cycle: 1
	F39_('E1', 'S1')_rr: 0
	F27_('E2', 'S2')_t5_max: 3877
	F19_('S2', 'S1')_gc: False
	F32_('S5', 'E5')_rr: 0
	F22_('S2', 'S3')_rr: 0
	F1_('S1', 'S2')_gc: True
	F1_('S3', 'S4')_t5_min: 14585
	F34_('E2', 'S2')_rr: 0
	F14_('S4', 'S5')_rr: 0
	F25_('S4', 'S3')_t4_min: 48
	F27_('S3', 'S4')_rr: 32
	F3_jitter: 36
	F27_queue_index: 0
	F19_('S3', 'S2')_gc: False
	F3_('E4', 'S4')_t4_max: 300
	F36_('S4', 'E4')_t4_min: 62559
	F8_('E3', 'S3')_rr: 0
	F30_('S3', 'S4')_t5_max: 6646
	F1_('S4', 'E4')_t3_max: 14610
	F22_('S2', 'S3')_t5_max: 175
	F1_('S3', 'S4')_gc: False
	F12_jitter: 72
	F32_('S3', 'S4')_t4_max: 126691
	F5_('S4', 'S3')_t4_min: 107
	F17_queue_index: 0
	F33_('S5', 'E5')_t4_min: 226
	F14_('S3', 'S4')_t4_min: 59876
	F21_('E4', 'S4')_gc: False
	F8_queue_index: 0
	F3_('E4', 'S4')_t3_max: 287
	F11_('E3', 'S3')_t3_max: -12
	F31_('S3', 'E3')_gc: False
	F20_('S3', 'S2')_t4_min: 186
	F25_('S2', 'S1')_gc: True
	F20_('S4', 'S3')_t4_max: 174
	('S3', 'S2')_gcl_cycle: 128000
	F12_('S4', 'E4')_rr: 0
	F31_('E1', 'S1')_t3_max: 60322
	F23_jitter: 18
	F15_('S3', 'S2')_gc: False
	F12_('S3', 'S4')_t4_max: 7971
	F2_('E5', 'S5')_t3_max: 113917
	F6_('E3', 'S3')_t4_min: 34
	F10_('S3', 'S2')_rr: 4
	F13_('E1', 'S1')_tb: 91973
	F27_('S5', 'E5')_t5_min: 3955
	F27_('S2', 'S3')_t4_max: 3897
	F37_('E1', 'S1')_t3_max: 6486
	F6_('E3', 'S3')_gc: False
	F32_('S1', 'S2')_rr: 1
	F5_('S1', 'E1')_rr: 1
	F12_('S1', 'S2')_gc: False
	F37_('S1', 'S2')_gc: True
	F37_queue_index: 0
	F31_queue_index: 0
	F5_('S3', 'S2')_t3_min: 112
	F30_('S5', 'E5')_gc: False
	F25_('S4', 'S3')_gc: True
	F19_jitter: 54
	F31_('S1', 'S2')_t4_min: 60344
	F36_('S3', 'S4')_t5_max: 62557
	F3_('S3', 'S2')_t4_max: 345
	F16_('S4', 'S5')_t4_max: 24412
	F36_('E1', 'S1')_rr: 0
	F3_('S3', 'S2')_t4_min: 327
	F37_('S1', 'S2')_t4_max: 6507
	F37_('E1', 'S1')_rr: 0
	F28_('S3', 'S4')_rr: 4
	F1_('S3', 'S4')_tb: 14574
	F37_('E1', 'S1')_gc: False
	F1_('S2', 'S3')_t4_min: 14561
	F31_('S2', 'S3')_rr: 2
	F35_('S3', 'S4')_t4_max: 44182
	F28_('E2', 'S2')_t3_max: 28324
	F36_('S3', 'S4')_gc: True
	F16_('S2', 'S3')_t4_min: 24376
	F28_('S4', 'E4')_t4_min: 28365
	F30_('S2', 'S3')_gc: False
	F1_('S1', 'S2')_t4_min: 14543
	('S4', 'E4')_gcl_cycle: 1
	F32_('S1', 'S2')_t4_max: 126673
	F5_('S1', 'E1')_t4_min: 137
	F20_('E5', 'S5')_t3_max: 124
	F1_('S2', 'S3')_rr: 8
	F22_('S4', 'E4')_t4_min: 166
	F9_('E4', 'S4')_t3_max: 6435
	F22_('E2', 'S2')_rr: 0
	F27_('S4', 'S5')_gc: False
	F21_('S4', 'S3')_rr: 0
	F32_('S4', 'S5')_t4_min: 126695
	F21_('S2', 'E2')_gc: False
	F25_('S4', 'S3')_rr: 2
	F18_('E1', 'S1')_rr: 0
	F35_queue_index: 0
	('S2', 'S3')_gcl_cycle: 128000
	F29_('S3', 'E3')_t4_min: 31939
	F21_('S2', 'E2')_t5_min: 10329
	F38_('E3', 'S3')_rr: 0
	F22_('S3', 'S4')_gc: False
	F8_('S3', 'S2')_t4_max: 210
	F9_('S5', 'E5')_t4_min: 6476
	F2_('S5', 'S4')_t4_max: 113947
	F9_('E4', 'S4')_rr: 0
	F37_('S1', 'S2')_t4_min: 6507
	F1_('S3', 'S4')_rr: 0
	F37_('S3', 'S4')_gc: False
	F36_queue_index: 0
	F18_('S1', 'S2')_t5_min: 46519
	F2_('E5', 'S5')_rr: 0
	F19_('E4', 'S4')_gc: False
	F16_('S2', 'S3')_t3_min: 24371
	F13_('S2', 'E2')_t4_min: 92001
	F15_('S2', 'S1')_rr: 0
	F27_('S3', 'S4')_t4_min: 3910
	F0_('E4', 'S4')_rr: 0
	F5_('S4', 'S3')_t3_min: 102
	F23_('S2', 'S3')_t4_min: 1874
	F39_('E1', 'S1')_t3_max: 348
	F1_('E1', 'S1')_t5_min: 14536
	F26_('E3', 'S3')_rr: 0
	F35_('E2', 'S2')_tb: 44153
	F5_('E4', 'S4')_gc: False
	F24_('S1', 'S2')_rr: 0
	F17_('S5', 'E5')_t3_max: 32294
	F14_('S5', 'E5')_rr: 0
	F20_('S4', 'S3')_rr: 16
	F7_('S3', 'S2')_gc: True
	F21_('S2', 'E2')_t4_max: 10374
	F5_queue_index: 0
	F9_('S5', 'E5')_t3_min: 6476
	F24_('S3', 'S4')_t4_max: 30423
	F1_('S4', 'E4')_gc: False
	F12_('S4', 'E4')_gc: False
	F19_('S4', 'S3')_t4_min: 120
	F17_('S4', 'S5')_gc: False
	F25_('S4', 'S3')_t3_max: 48
	F20_('S4', 'S3')_gc: True
	F25_('S1', 'E1')_rr: 0
	F10_('E4', 'S4')_t4_min: 19921
	F31_('S2', 'S3')_t5_min: 60383
	F36_('S1', 'S2')_t4_max: 62519
	F3_('E4', 'S4')_rr: 0
	F37_jitter: 36
	F10_('S3', 'S2')_t4_max: 19968
	F25_('S1', 'E1')_gc: False
	F2_('S4', 'S3')_t3_max: 113964
	F33_('E3', 'S3')_rr: 0
	F25_('S5', 'S4')_t4_max: 32
	F35_('E2', 'S2')_rr: 0
	F24_('S5', 'E5')_t4_min: 30435
	F4_('S1', 'E1')_gc: False
	F38_('S3', 'S2')_rr: 0
	F25_queue_index: 0
	F5_('S1', 'E1')_gc: True
	F32_queue_index: 0
	F32_('S3', 'S4')_tb: 126691
	F5_('S4', 'S3')_rr: 32
	F16_('S4', 'S5')_gc: True
	F16_('S5', 'E5')_t4_min: 24425
	F19_('E4', 'S4')_rr: 0
	F17_('E4', 'S4')_t4_min: 32261
	F24_('S2', 'S3')_t3_min: 30389
	F39_('S2', 'E2')_tb: 384
	F11_('S3', 'S2')_t5_min: 7
	F2_('S4', 'S3')_gc: True
	F38_('S2', 'E2')_gc: False
	F12_('S1', 'S2')_t3_min: 7905
	F18_('S1', 'S2')_gc: False
	F1_('S2', 'S3')_gc: True
	F16_('S2', 'S3')_rr: 1
	F36_('E1', 'S1')_gc: False
	F21_('S3', 'S2')_rr: 0
	F37_('S3', 'S4')_t4_min: 6518
	F22_jitter: 54
	F4_('S1', 'E1')_rr: 0
	F34_('S2', 'S3')_rr: 0
	F12_('S2', 'S3')_t5_max: 7951
	F17_('E4', 'S4')_rr: 0
	F39_('E1', 'S1')_t4_min: 361
	F8_('S2', 'S1')_rr: 1
	F33_('S5', 'E5')_rr: 0
	F18_('S1', 'S2')_t4_min: 46511
	F15_('E3', 'S3')_tb: 104188
	F35_('S3', 'S4')_gc: True
	F8_('S3', 'S2')_tb: 192
	F5_('E4', 'S4')_t5_min: 100
	F4_('E2', 'S2')_gc: False
	F20_('S2', 'E2')_t5_max: 216
	F35_('S5', 'E5')_t3_max: 44211
	F10_('S3', 'S2')_gc: True
	F25_('S3', 'S2')_t3_min: 59
	F36_jitter: 18
	F8_('S2', 'S1')_t4_min: 222
	F27_('S3', 'S4')_gc: True
	F11_('S2', 'E2')_gc: True
	F19_('E4', 'S4')_t3_min: 101
	F24_('E1', 'S1')_gc: False
	F39_queue_index: 0
	F2_('S4', 'S3')_t4_min: 113964
	F7_('S4', 'S3')_t4_min: 19
	F22_('S3', 'S4')_t4_max: 195
	('S3', 'S4')_gcl_length: 176
	F0_('E4', 'S4')_t3_max: 32283
	F2_('S3', 'S2')_t3_min: 113976
	F10_('S4', 'S3')_rr: 0
	F31_('E1', 'S1')_rr: 0
	F3_('S2', 'E2')_t4_min: 338
	F24_('S1', 'S2')_t4_max: 30401
	F8_('S1', 'E1')_t4_min: 229
	F28_('S2', 'S3')_t4_min: 28348
	F14_('S5', 'E5')_t3_max: 59909
	F31_('S1', 'S2')_gc: False
	F1_('S3', 'S4')_t4_max: 14592
	F16_('S1', 'S2')_t3_min: 24353
	F34_('S3', 'E3')_rr: 0
	F29_queue_index: 0
	F2_('S2', 'S1')_rr: 0
	F30_('S3', 'S4')_t4_max: 6640
	F12_('S2', 'S3')_t4_min: 7911
	F0_('S5', 'E5')_t4_min: 32311
	F32_('E1', 'S1')_t5_min: 126666
	F32_('S1', 'S2')_tb: 126673
	F8_jitter: 18
	F24_('S1', 'S2')_t4_min: 30383
	F26_('S3', 'S4')_rr: 8
	F33_('S4', 'S5')_t5_min: 224
	F25_('S5', 'S4')_t4_min: 14
	F36_('S1', 'S2')_tb: 62519
	F25_('S3', 'S2')_t4_min: 59
	F13_('S2', 'E2')_rr: 1
	F27_('E2', 'S2')_t3_max: 3858
	F28_('S2', 'S3')_t4_max: 28348
	F5_('S3', 'S2')_t4_max: 117
	F30_('S4', 'S5')_t3_min: 6612
	F8_('E3', 'S3')_gc: False
	F5_('S2', 'S1')_gc: True
	F17_('S5', 'E5')_rr: 0
	F35_('E2', 'S2')_gc: False
	F34_('S2', 'S3')_gc: False
	F21_('S4', 'S3')_t4_max: 10316
	F35_('S4', 'S5')_t4_max: 44203
	F19_('E4', 'S4')_t3_max: 88
	F1_('S4', 'E4')_t4_min: 14587
	F18_('E1', 'S1')_gc: False
	F24_('E1', 'S1')_t4_max: 30377
	F33_jitter: 36
	F17_('S4', 'S5')_t5_max: 32287
	F8_('S2', 'S1')_gc: True
	F23_('S1', 'S2')_gc: False
	F2_('S5', 'S4')_t4_min: 113947
	F5_('S3', 'S2')_rr: 32
	F5_('S2', 'S1')_t4_max: 127
	F19_('E4', 'S4')_t5_max: 113
	F5_jitter: 0
	F35_('S2', 'S3')_t4_max: 44174
	F25_('S2', 'S1')_t4_min: 93
	F19_('S3', 'S2')_tb: 134
	F19_('S2', 'S1')_rr: 0
	F17_('S4', 'S5')_t4_min: 32266
	F19_queue_index: 0
	F30_('S4', 'S5')_gc: False
	F20_('S5', 'S4')_rr: 0
	F19_('S4', 'S3')_t4_max: 120
	F29_('S5', 'S4')_t3_min: 31923
	('S5', 'S4')_gcl_length: 2
	F14_('S5', 'E5')_t4_min: 59886
	F25_('S1', 'E1')_t3_max: 109
	F23_('E1', 'S1')_gc: False
	F6_('S3', 'S2')_gc: False
	F37_('S3', 'S4')_t4_max: 6536
	F4_jitter: 18
	F20_queue_index: 0
	F3_('S4', 'S3')_gc: True
	F13_('S2', 'E2')_gc: True
	F29_('E5', 'S5')_t3_max: 31902
	F16_('S3', 'S4')_t4_min: 24394
	F2_('S5', 'S4')_rr: 1
	F39_('S2', 'E2')_t4_min: 384
	F25_('S3', 'S2')_gc: False
	F33_('S3', 'S4')_t5_min: 214
	F16_('S5', 'E5')_tb: 24425
	F19_('S1', 'E1')_gc: False
	F37_('S4', 'E4')_t5_min: 6522
	F22_('S4', 'E4')_gc: False
	F14_queue_index: 0
	F13_('S2', 'E2')_t4_max: 92001
	F26_('S5', 'E5')_gc: False
	F29_('E5', 'S5')_t3_min: 31915
	F30_('S4', 'S5')_rr: 0
	F7_('S2', 'S1')_rr: 0
	F0_jitter: 18
	F3_('S2', 'E2')_rr: 0
	F2_('S1', 'E1')_rr: 0
	F14_('E3', 'S3')_gc: False
	F39_('E1', 'S1')_gc: False
	F36_('S3', 'S4')_rr: 2
	F20_('S2', 'E2')_gc: False
	F4_('S1', 'E1')_t4_min: 84146
	F23_('E1', 'S1')_t3_max: 1826
	F35_('E2', 'S2')_t3_max: 44140
	F27_('S2', 'S3')_gc: False
	F31_jitter: 18
	F14_('S5', 'E5')_t3_min: 59886
	F34_queue_index: 0
	F23_('S2', 'S3')_t5_min: 1878
	F4_('S1', 'E1')_t3_max: 84151
	F35_('S2', 'S3')_tb: 44156
	F6_jitter: 36
	F18_queue_index: 0
	F13_('S1', 'S2')_rr: 1
	F2_('S3', 'S2')_t4_min: 113976
	F32_('S2', 'S3')_t4_min: 126682
	F28_('S2', 'S3')_t5_min: 28352
	F3_queue_index: 0
	F7_('S4', 'S3')_t4_max: 19
	F15_('S2', 'S1')_t4_min: 104196
	F21_('E4', 'S4')_rr: 0
	F10_('S2', 'E2')_t4_min: 19980
	F4_('E2', 'S2')_t3_max: 84108
	F20_('S3', 'S2')_rr: 16
	F28_queue_index: 0
	F17_('S4', 'S5')_t4_max: 32284
	F12_('E1', 'S1')_t5_max: 7903
	F24_('S4', 'S5')_gc: False
	F1_('S2', 'S3')_t4_max: 14561
	F2_('S1', 'E1')_tb: 114000
	F10_('E4', 'S4')_t3_max: 19908
	F13_('E1', 'S1')_rr: 0
	F37_('S1', 'S2')_rr: 16
	F14_('S4', 'S5')_t4_max: 59899
	F36_('S1', 'S2')_rr: 2
	F26_('S5', 'E5')_rr: 0
	F28_('S2', 'S3')_gc: True
	('E5', 'S5')_gcl_cycle: 1
	F26_('S3', 'S4')_tb: 6513
	F17_('S4', 'S5')_rr: 0
	F22_('E2', 'S2')_t3_max: 132
	F30_('S1', 'S2')_t4_min: 6588
	F20_('S4', 'S3')_t5_min: 179
	F35_('S3', 'S4')_tb: 44182
	F19_('S2', 'S1')_t5_min: 160
	F11_('S3', 'S2')_t5_max: 25
	F26_('E3', 'S3')_gc: False
	F21_('S4', 'S3')_gc: False
	F24_('S4', 'S5')_t4_max: 30447
	F36_('E1', 'S1')_t3_max: 62491
	F36_('S4', 'E4')_rr: 0
	F20_('S3', 'S2')_t4_max: 186
	F30_('S3', 'S4')_t4_min: 6604
	F27_('S4', 'S5')_t4_min: 3918
	F38_('E3', 'S3')_t4_max: 10246
	F0_('S4', 'S5')_t4_min: 32306
	F13_('E1', 'S1')_t3_max: 91960
	F25_('S3', 'S2')_rr: 0
	F27_('S4', 'S5')_t4_max: 3936
	F13_queue_index: 0
	F32_('S4', 'S5')_t4_max: 126713
	F32_('S4', 'S5')_rr: 0
	F31_('S2', 'S3')_tb: 60376
	F28_('S3', 'S4')_gc: True
	F31_('S3', 'E3')_t4_min: 60385
	F35_('S4', 'S5')_t4_min: 44185
	F10_('S2', 'E2')_t4_max: 19998
	F10_('S4', 'S3')_t4_min: 19933
	F11_jitter: 0
	F31_('S1', 'S2')_tb: 60344
	F38_('S2', 'E2')_rr: 0
	F26_('S4', 'S5')_gc: False
	F7_('S3', 'S2')_t4_max: 31
	F29_('S5', 'S4')_t4_max: 31941
	F3_('E4', 'S4')_gc: False
	F33_('S3', 'S4')_t4_max: 206
	F1_('S2', 'S3')_t3_max: 14561
	F14_('S3', 'S4')_t4_max: 59876
	F30_('S4', 'S5')_t4_max: 6666
	F4_('S2', 'S1')_t4_max: 84136
	F27_jitter: 0
	F1_('S4', 'E4')_t4_max: 14623
	F25_('S5', 'S4')_rr: 0
	F7_('S2', 'S1')_t4_max: 56
	F28_('S4', 'E4')_t5_max: 28387
	F26_queue_index: 0
	F31_('S1', 'S2')_rr: 0
	F19_('S1', 'E1')_rr: 0
	F34_('E2', 'S2')_gc: False
	F2_('S4', 'S3')_t4_max: 113964
	F17_('S5', 'E5')_gc: False
	F4_queue_index: 0
	F5_('S4', 'S3')_gc: True
	F26_('S4', 'S5')_t4_min: 6519
	F36_('S3', 'S4')_t4_min: 62549
	F32_('S3', 'S4')_gc: True
	F14_('S3', 'S4')_gc: True
	F30_('E1', 'S1')_gc: False
	F32_('S1', 'S2')_gc: True
	F32_('S1', 'S2')_t4_min: 126673
	F29_('S5', 'S4')_rr: 0
	F23_('S3', 'E3')_t3_max: 1885
	F13_('S1', 'S2')_gc: True
	F10_queue_index: 0
	F3_('S4', 'S3')_t4_max: 316
	F23_('E1', 'S1')_rr: 0
	F7_('S1', 'E1')_t4_min: 45
	F27_('S5', 'E5')_rr: 1
	F37_('S3', 'S4')_t5_min: 6519
	F33_('S3', 'S4')_t4_min: 206
	F36_('S2', 'S3')_rr: 2
	F28_('S2', 'S3')_rr: 4
	F27_('E2', 'S2')_rr: 0
	F5_('E4', 'S4')_t4_min: 97
	F36_('S3', 'S4')_t4_max: 62549
	F12_('S2', 'S3')_t4_max: 7947
	F5_('S2', 'S1')_rr: 32
	F14_('S4', 'S5')_t4_min: 59881
	F39_('S1', 'S2')_t3_min: 370
	F19_('S4', 'S3')_rr: 1
	F38_('E3', 'S3')_t3_max: 10233
	F31_('S3', 'E3')_t4_max: 60403
	('S4', 'S5')_gcl_cycle: 128000
	F31_('S2', 'S3')_t4_max: 60376
	F38_('E3', 'S3')_gc: False
	F20_('S5', 'S4')_gc: False
	F23_('S3', 'E3')_t4_min: 1880
	F24_('S4', 'S5')_t4_min: 30429
	F18_('E1', 'S1')_t4_max: 46501
	F37_('S4', 'E4')_t4_min: 6521
	F20_('S2', 'E2')_t3_max: 198
	F29_('S4', 'S3')_rr: 0
	F30_queue_index: 0
	('S3', 'S4')_gcl_cycle: 128000
	F20_('S4', 'S3')_t3_min: 151
	('S5', 'S4')_gcl_cycle: 128000
	F34_('S2', 'S3')_t4_min: 30621
	F17_jitter: 36
	F38_('S3', 'S2')_gc: False
	F27_('E2', 'S2')_gc: False
	F21_('S3', 'S2')_t4_min: 10309
	F32_('E1', 'S1')_t3_max: 126651
	F38_('S3', 'S2')_t5_min: 10270
	F9_queue_index: 0
	F18_('S2', 'E2')_t5_max: 46565
	F31_('S2', 'S3')_t4_min: 60376
	F11_('E3', 'S3')_gc: False
	F1_('S3', 'S4')_t4_min: 14574
	F5_('E4', 'S4')_rr: 0
	F32_('S5', 'E5')_tb: 126699
	F22_('S4', 'E4')_rr: 0
	F19_('S2', 'S1')_t4_max: 184
	F3_('S3', 'S2')_gc: False
	F15_('S1', 'E1')_gc: False
	F7_('S1', 'E1')_t5_min: 50
	F0_('S5', 'E5')_gc: False
	F24_('E1', 'S1')_t5_min: 30381
	F1_('S1', 'S2')_rr: 8
	F14_('S3', 'S4')_t5_max: 59879
	F29_('S4', 'S3')_gc: False
	F0_('E4', 'S4')_gc: False
	F21_('E4', 'S4')_tb: 10287
	F0_('S4', 'S5')_rr: 2
	F6_('S2', 'E2')_gc: False
	F12_('S1', 'S2')_t4_min: 7905
	F4_('S1', 'E1')_t3_min: 84146
	F9_('S4', 'S5')_rr: 0
	('S5', 'E5')_gcl_cycle: 4000
	F28_('E2', 'S2')_rr: 0
	F29_('S3', 'E3')_rr: 0
	F27_('S4', 'S5')_rr: 0
	F30_('S2', 'S3')_t4_min: 6596
	F1_queue_index: 0
	F35_('S3', 'S4')_t4_min: 44182
	F2_jitter: 54
	F8_('S3', 'S2')_t4_min: 192
	F11_('S3', 'S2')_t4_max: 23
	F38_('S3', 'S2')_t4_min: 10259
	F21_('S3', 'S2')_gc: False
	F16_jitter: 18
	F16_('S1', 'S2')_rr: 1
	F13_('E1', 'S1')_t4_min: 91973
	F35_('S4', 'S5')_gc: False
	F11_('S2', 'E2')_rr: 64
	F4_('E2', 'S2')_rr: 0
	F13_('S1', 'S2')_t4_max: 91987
	F20_('S2', 'E2')_t4_min: 193
	F2_('S1', 'E1')_gc: False
	F27_('S5', 'E5')_t4_min: 3949
	F27_('S3', 'S4')_t4_max: 3910
	F25_('S1', 'E1')_t4_max: 122
	F29_('S4', 'S3')_t3_min: 31931
	F36_('S1', 'S2')_gc: True
	F30_('E1', 'S1')_tb: 6575
	F25_('S4', 'S3')_t3_min: 25
	F32_('E1', 'S1')_t3_min: 126664
	F36_('S1', 'S2')_t4_min: 62519
	F24_queue_index: 0
	F3_('S4', 'S3')_rr: 8
	F27_('S5', 'E5')_t3_max: 3949
	F25_('E5', 'S5')_rr: 0
	F2_('S2', 'S1')_gc: False
	F15_('E3', 'S3')_gc: False
	F34_('S3', 'E3')_gc: False
	F16_('S4', 'S5')_t4_min: 24412
	F37_('S1', 'S2')_t3_max: 6507
	F16_('S1', 'S2')_t3_max: 24358
	F5_('S4', 'S3')_t3_max: 107
	F39_('S1', 'S2')_t3_max: 375
	F36_('S1', 'S2')_t3_max: 62519
	F12_('S1', 'S2')_t3_max: 7910
	F9_('S4', 'S5')_t3_max: 6467
	F28_('S2', 'S3')_t3_max: 28348
	F1_('S1', 'S2')_t3_max: 14543
	F25_('S5', 'S4')_t3_max: 19
	F4_('S2', 'S1')_t3_max: 84136
	F21_('S4', 'S3')_t3_max: 10303
	F7_('S4', 'S3')_t3_max: 19
	F6_('S3', 'S2')_t3_max: 43
	F0_('S4', 'S5')_t3_max: 32306
	F38_('S3', 'S2')_t3_max: 10264
	F35_('S2', 'S3')_t3_max: 44161
	F33_('S3', 'S4')_t3_max: 206
	F31_('S1', 'S2')_t3_max: 60349
	F27_('S2', 'S3')_t3_max: 3884
	F19_('S4', 'S3')_t3_max: 120
	F15_('S3', 'S2')_t3_max: 104197
	F32_('S1', 'S2')_t3_max: 126673
	F24_('S1', 'S2')_t3_max: 30388
	F14_('S3', 'S4')_t3_max: 59876
	F13_('S1', 'S2')_t3_max: 91987
	F3_('S4', 'S3')_t3_max: 316
	F23_('S1', 'S2')_t3_max: 1850
	F20_('S5', 'S4')_t3_max: 149
	F11_('S3', 'S2')_t3_max: 10
	F34_('S2', 'S3')_t3_max: 30626
	F26_('S3', 'S4')_t3_max: 6513
	F18_('S1', 'S2')_t3_max: 46516
	F22_('S2', 'S3')_t3_max: 157
	F17_('S4', 'S5')_t3_max: 32271
	F29_('S5', 'S4')_t3_max: 31928
	F30_('S1', 'S2')_t3_max: 6588
	F10_('S4', 'S3')_t3_max: 19938
	F8_('S3', 'S2')_t3_max: 197
	F2_('S5', 'S4')_t3_max: 113947
	F37_('S1', 'S2')_tb: 6507
	F35_('S5', 'E5')_tb: 44188
	F23_('S3', 'E3')_tb: 1880
	F22_('S3', 'S4')_t3_max: 182
	F0_('S4', 'S5')_tb: 32306
	F37_('S2', 'S3')_t5_min: 6516
	F11_('E3', 'S3')_t4_max: 1
	F7_('S2', 'S1')_t5_min: 43
	F38_('S3', 'S2')_t3_min: 10259
	F23_('E1', 'S1')_t5_max: 1843
	F10_('S4', 'S3')_t5_min: 19943
	F5_('S2', 'S1')_t3_min: 122
	F5_('S2', 'S1')_t5_max: 130
	F23_('S3', 'E3')_t5_min: 1884
	F30_('E1', 'S1')_t3_min: 6575
	F19_('E4', 'S4')_t5_min: 113
	F17_('E4', 'S4')_t5_min: 32264
	F16_('S2', 'S3')_t5_max: 24387
	F7_('S1', 'E1')_t5_max: 86
	F34_('S3', 'E3')_t3_min: 30635
	F22_('S3', 'S4')_tb: 159
	F38_('E3', 'S3')_t5_max: 10257
	F36_('S4', 'E4')_t5_max: 62585
	F27_('S3', 'S4')_t5_min: 3916
	F25_('E5', 'S5')_t5_max: 12
	F26_('S4', 'S5')_t3_max: 6524
	F0_('S4', 'S5')_t5_max: 32309
	F22_('S4', 'E4')_t4_max: 220
	F21_('S2', 'E2')_t5_max: 10383
	F19_('S2', 'S1')_t3_min: 148
	F8_('S1', 'E1')_tb: 229
	F10_('S4', 'S3')_tb: 19933
	F10_('E4', 'S4')_tb: 19921
	F29_('S3', 'E3')_t3_min: 31939
	F15_('S3', 'S2')_t5_max: 104212
	F34_('S3', 'E3')_tb: 30635
	F16_('S4', 'S5')_t3_min: 24407
	F14_('S4', 'S5')_t5_min: 59884
	F14_('S4', 'S5')_tb: 59881
	F7_('E4', 'S4')_t5_max: 12
	F34_('S2', 'S3')_t3_min: 30621
	F30_('S5', 'E5')_t3_min: 6620
	F13_('S2', 'E2')_t5_max: 92008
	F10_('S2', 'E2')_t3_max: 19985
	F14_('S4', 'S5')_t5_max: 59902
	F32_('E1', 'S1')_t4_min: 126664
	F30_('E1', 'S1')_t5_max: 6581
	F9_('S5', 'E5')_t4_max: 6512
	F1_('S3', 'S4')_t5_max: 14603
	F5_('S2', 'S1')_t3_max: 127
	F30_('S5', 'E5')_t5_max: 6698
	F24_('E1', 'S1')_tb: 30377
	F29_('S3', 'E3')_t3_max: 31980
	F11_('E3', 'S3')_t4_min: 1
	F10_('S3', 'S2')_t5_max: 19978
	('S5', 'E5')_gcl_length: 2
	F22_('S3', 'S4')_t3_min: 159
	F16_('S4', 'S5')_t5_min: 24423
	F1_('S4', 'E4')_t5_min: 14598
	F8_('S2', 'S1')_t5_min: 227
	F6_('E3', 'S3')_t3_min: 34
	F0_('S5', 'E5')_t3_max: 32316
	F32_('S4', 'S5')_t5_min: 126697
	F3_('S3', 'S2')_t5_min: 336
	F14_('E3', 'S3')_t4_min: 59866
	F2_('S2', 'S1')_t5_max: 114034
	F30_('S2', 'S3')_t5_min: 6602
	F35_('S4', 'S5')_t5_min: 44186
	('S1', 'S2')_gcl_length: 218
	F10_('E4', 'S4')_t5_min: 19931
	F19_('S2', 'S1')_t5_max: 196
	F20_('S3', 'S2')_t3_min: 181
	F34_('E2', 'S2')_tb: 30607
	('S1', 'E1')_gcl_length: 2
	F7_('E4', 'S4')_t3_min: 7
	F23_('S2', 'S3')_t3_min: 1851
	F30_('S5', 'E5')_t4_max: 6692
	F32_('S2', 'S3')_t3_min: 126677
	F22_('S2', 'S3')_tb: 152
	F33_('S5', 'E5')_t3_min: 226
	F31_('E1', 'S1')_t5_min: 60342
	F24_('S1', 'S2')_t5_min: 30387
	F17_('E4', 'S4')_t5_max: 32264
	F15_('S2', 'S1')_t3_min: 104196
	F28_('S3', 'S4')_t5_max: 28363
	F24_('E1', 'S1')_t3_min: 30377
	F26_('E3', 'S3')_t5_min: 6506
	F13_('S2', 'E2')_t3_min: 91996
	F2_('S1', 'E1')_t5_max: 114064
	F2_('E5', 'S5')_t5_max: 113940
	F23_('S2', 'S3')_t3_max: 1874
	F8_('S1', 'E1')_t3_min: 229
	F23_('S2', 'S3')_t5_max: 1878
	F13_('E1', 'S1')_t5_max: 91980
	F21_('S3', 'S2')_t5_min: 10318
	F29_('S5', 'S4')_tb: 31923
	F35_('E2', 'S2')_t4_min: 44153
	F36_('E1', 'S1')_t4_min: 62504
	F1_('S2', 'S3')_tb: 14561
	F36_('S2', 'S3')_t3_max: 62534
	F9_('S5', 'E5')_tb: 6476
	('S2', 'S3')_gcl_length: 204
	F9_('S5', 'E5')_t5_max: 6524
	F1_('S2', 'S3')_t5_max: 14572
	F1_('S1', 'S2')_t5_max: 14554
	F9_('S4', 'S5')_t3_min: 6462
	F28_('S2', 'S3')_t5_max: 28352
	F31_('S2', 'S3')_t3_max: 60376
	F9_('E4', 'S4')_t4_min: 6448
	F4_('S2', 'S1')_t5_max: 84144
	F26_('E3', 'S3')_tb: 6502
	F33_('S5', 'E5')_t5_max: 270
	F36_('S1', 'S2')_t3_min: 62514
	F15_('S2', 'S1')_tb: 104196
	F18_('E1', 'S1')_t4_min: 46501
	F33_('S3', 'S4')_t5_max: 214
	F26_('S5', 'E5')_t3_min: 6525
	F1_('S4', 'E4')_t3_min: 14587
	F2_('S5', 'S4')_tb: 113947
	F15_('E3', 'S3')_t3_min: 104188
	F4_('S2', 'S1')_t3_min: 84131
	F21_('S4', 'S3')_t5_min: 10307
	F22_('E2', 'S2')_t3_min: 145
	F15_('S3', 'S2')_tb: 104192
	F3_('S3', 'S2')_t5_max: 354
	F3_('S2', 'E2')_tb: 338
	F0_('E4', 'S4')_t3_min: 32296
	F24_('S1', 'S2')_t5_max: 30405
	F8_('S1', 'E1')_t4_max: 247
	F31_('S3', 'E3')_tb: 60385
	F4_('E2', 'S2')_tb: 84121
	F14_('E3', 'S3')_t5_min: 59869
	F25_('S5', 'S4')_tb: 14
	('S3', 'E3')_gcl_length: 0
	F7_('E4', 'S4')_tb: 7
	F18_('E1', 'S1')_t5_min: 46509
	F17_('S4', 'S5')_t5_min: 32269
	F15_('S2', 'S1')_t5_min: 104198
	F13_('E1', 'S1')_t3_min: 91973
	F5_('E4', 'S4')_tb: 97
	F19_('S2', 'S1')_t3_max: 171
	F2_('E5', 'S5')_tb: 113930
	('E2', 'S2')_gcl_length: 0
	F36_('S4', 'E4')_tb: 62559
	F6_('S2', 'E2')_t4_max: 78
	F15_('S3', 'S2')_t3_min: 104192
	F16_('S5', 'E5')_t5_max: 24454
	F37_('E1', 'S1')_t5_min: 6500
	F17_('E4', 'S4')_t3_min: 32261
	F4_('S1', 'E1')_t5_min: 84154
	F36_('E1', 'S1')_t3_min: 62504
	F19_('S1', 'E1')_t3_max: 203
	F18_('E1', 'S1')_tb: 46501
	('S4', 'S5')_gcl_length: 6
	F37_('E1', 'S1')_t4_max: 6499
	F3_('S3', 'S2')_tb: 327
	F9_('E4', 'S4')_t5_min: 6460
	F27_('S3', 'S4')_tb: 3910
	F16_('E1', 'S1')_tb: 24340
	F2_('S4', 'S3')_t3_min: 113959
	F28_('S3', 'S4')_tb: 28359
	F15_('E3', 'S3')_t4_max: 104188
	F12_('S3', 'S4')_t3_max: 7958
	F5_('E4', 'S4')_t5_max: 100
	F30_('S3', 'S4')_t5_min: 6610
	F25_('E5', 'S5')_tb: 3
	F2_('E5', 'S5')_t3_min: 113930
	F4_('S2', 'S1')_t5_min: 84144
	F37_('S1', 'S2')_t3_min: 6502
	F20_('E5', 'S5')_t5_min: 142
	('E4', 'S4')_gcl_length: 0
	F27_('S4', 'S5')_t5_min: 3924
	F35_('S4', 'S5')_tb: 44185
	F24_('S1', 'S2')_tb: 30383
	F25_('S5', 'S4')_t5_min: 23
	F18_('S1', 'S2')_t5_max: 46537
	F17_('S5', 'E5')_t5_min: 32274
	F33_('E3', 'S3')_t5_max: 199
	F37_('E1', 'S1')_t4_min: 6499
	F22_('E2', 'S2')_t4_min: 145
	F15_('S1', 'E1')_tb: 104200
	F12_('S3', 'S4')_t5_max: 7975
	F34_('E2', 'S2')_t4_min: 30607
	F30_('E1', 'S1')_t5_min: 6581
	F20_('E5', 'S5')_t5_max: 142
	F7_('S2', 'S1')_t5_max: 61
	F1_('S2', 'S3')_t5_min: 14572
	F19_('E4', 'S4')_t4_max: 101
	F16_('S1', 'S2')_t5_min: 24369
	F27_('E2', 'S2')_t4_min: 3871
	F24_('S2', 'S3')_t3_max: 30412
	F29_('S3', 'E3')_tb: 31939
	F17_('S5', 'E5')_t3_min: 32271
	F0_('E4', 'S4')_tb: 32296
	F27_('S3', 'S4')_t5_max: 3916
	F10_('S2', 'E2')_t5_max: 20008
	F7_('S2', 'S1')_t3_max: 43
	F31_('S3', 'E3')_t3_max: 60390
	('E1', 'S1')_gcl_length: 0
	F28_('S4', 'E4')_t5_min: 28369
	F16_('E1', 'S1')_t5_min: 24351
	F33_('E3', 'S3')_tb: 191
	F9_('S4', 'S5')_tb: 6462
	F21_('S3', 'S2')_t5_max: 10354
	F8_('S1', 'E1')_t5_min: 234
	F7_('S1', 'E1')_t3_max: 68
	F29_('S4', 'S3')_t5_min: 31937
	F17_('S5', 'E5')_t5_max: 32310
	F26_('E3', 'S3')_t4_max: 6502
	F12_('S4', 'E4')_t3_min: 7923
	F33_('S5', 'E5')_t3_max: 249
	F1_('S1', 'S2')_t3_min: 14538
	F12_('E1', 'S1')_t3_min: 7899
	F35_('S5', 'E5')_t5_min: 44189
	F36_('S3', 'S4')_t5_min: 62557
	F25_('S5', 'S4')_t5_max: 41
	F3_('S2', 'E2')_t3_min: 338
	F37_('S3', 'S4')_t3_max: 6523
	F34_('S2', 'S3')_tb: 30621
	F37_('S2', 'S3')_t3_min: 6510
	F30_('S4', 'S5')_tb: 6612
	F27_('E2', 'S2')_t3_min: 3871
	F1_('E1', 'S1')_tb: 14525
	F2_('S1', 'E1')_t3_min: 114000
	F15_('S1', 'E1')_t4_max: 104254
	F20_('S3', 'S2')_t3_max: 186
	F37_('E1', 'S1')_tb: 6499
	F16_('E1', 'S1')_t4_max: 24340
	F31_('S1', 'S2')_t5_min: 60351
	F29_('E5', 'S5')_t5_min: 31921
	F5_('S1', 'E1')_t4_max: 137
	F34_('E2', 'S2')_t5_max: 30619
	F33_('E3', 'S3')_t4_min: 191
	F17_('S5', 'E5')_t4_max: 32307
	F32_('S1', 'S2')_t5_max: 126675
	F39_('S2', 'E2')_t3_min: 384
	F35_('S4', 'S5')_t5_max: 44204
	F30_('S5', 'E5')_t3_max: 6679
	F39_('S2', 'E2')_t3_max: 389
	F16_('S1', 'S2')_tb: 24358
	F16_('S3', 'S4')_tb: 24394
	F12_('S4', 'E4')_t3_max: 7982
	F28_('S2', 'S3')_t3_min: 28343
	F14_('E3', 'S3')_t4_max: 59866
	F27_('S2', 'S3')_t3_min: 3879
	F10_('S3', 'S2')_tb: 19968
	F15_('S1', 'E1')_t5_min: 104202
	F34_('S2', 'S3')_t5_max: 30651
	F1_('E1', 'S1')_t4_max: 14525
	F1_('E1', 'S1')_t4_min: 14525
	F4_('S1', 'E1')_t4_max: 84164
	F38_('S2', 'E2')_t3_min: 10272
	F28_('S3', 'S4')_t3_min: 28354
	F21_('E4', 'S4')_t4_max: 10287
	F16_('S5', 'E5')_t5_min: 24436
	F13_('E1', 'S1')_t5_min: 91980
	F2_('S4', 'S3')_t5_min: 113974
	F4_('E2', 'S2')_t3_min: 84121
	F12_('S4', 'E4')_tb: 7923
	F15_('S1', 'E1')_t5_max: 104256
	F6_('S2', 'E2')_t5_min: 44
	F24_('S3', 'S4')_tb: 30423
	F20_('S2', 'E2')_tb: 193
	F2_('S1', 'E1')_t3_max: 114041
	F36_('E1', 'S1')_t5_max: 62512
	F37_('S4', 'E4')_t4_max: 6557
	F32_('S1', 'S2')_t3_min: 126668
	F12_('E1', 'S1')_t4_max: 7899
	F21_('S4', 'S3')_t5_max: 10325
	F0_('S5', 'E5')_tb: 32311
	F36_('S4', 'E4')_t3_min: 62559
	F26_('S4', 'S5')_t5_max: 6541
	F0_('S5', 'E5')_t3_min: 32311
	F28_('S4', 'E4')_t3_max: 28370
	F37_('S3', 'S4')_tb: 6518
	F36_('S3', 'S4')_tb: 62549
	F25_('S3', 'S2')_t5_min: 68
	F33_('S3', 'S4')_tb: 206
	F23_('S1', 'S2')_t5_min: 1849
	F20_('S4', 'S3')_t3_max: 174
	F29_('E5', 'S5')_t4_max: 31915
	F1_('E1', 'S1')_t5_max: 14536
	F0_('S4', 'S5')_t3_min: 32301
	F7_('S4', 'S3')_tb: 19
	F15_('S2', 'S1')_t5_max: 104234
	F32_('S2', 'S3')_t5_max: 126684
	F24_('S2', 'S3')_t5_max: 30416
	('E5', 'S5')_gcl_length: 0
	F32_('S3', 'S4')_t3_min: 126686
	F39_('S1', 'S2')_tb: 375
	F34_('S3', 'E3')_t3_max: 30658
	F24_('E1', 'S1')_t4_min: 30377
	F38_('E3', 'S3')_t5_min: 10257
	F20_('S2', 'E2')_t3_min: 193
	('E3', 'S3')_gcl_length: 0
	F33_('S5', 'E5')_t5_min: 234
	F25_('S1', 'E1')_t5_min: 113
	F24_('S4', 'S5')_t5_max: 30451
	F22_('E2', 'S2')_t4_max: 145
	F20_('S5', 'S4')_t5_min: 149
	F2_('S3', 'S2')_t5_max: 114004
	F23_('S2', 'S3')_tb: 1874
	F16_('S1', 'S2')_t5_max: 24369
	F19_('S1', 'E1')_t3_min: 162
	F11_('E3', 'S3')_t5_max: 3
	F16_('S4', 'S5')_t3_max: 24412
	F31_('S1', 'S2')_t3_min: 60344
	F27_('S5', 'E5')_t5_max: 3955
	F22_('S4', 'E4')_t3_min: 166
	F16_('S2', 'S3')_t3_max: 24376
	F8_('S3', 'S2')_t5_max: 215
	F5_('S3', 'S2')_tb: 117
	F28_('S3', 'S4')_t5_min: 28363
	F32_('E1', 'S1')_tb: 126664
	F38_('S2', 'E2')_tb: 10272
	F36_('S1', 'S2')_t5_max: 62527
	F38_('E3', 'S3')_t3_min: 10246
	F34_('E2', 'S2')_t5_min: 30619
	F32_('S5', 'E5')_t5_min: 126701
	F6_('E3', 'S3')_t4_max: 34
	F32_('E1', 'S1')_t4_max: 126664
	F30_('S3', 'S4')_t3_max: 6627
	F27_('E2', 'S2')_t4_max: 3871
	F27_('S3', 'S4')_t3_max: 3910
	F0_('S5', 'E5')_t5_max: 32332
	F10_('S2', 'E2')_t5_min: 19990
	F23_('E1', 'S1')_t4_max: 1839
	F21_('S4', 'S3')_t3_min: 10298
	F5_('S2', 'S1')_t5_min: 130
	F2_('S3', 'S2')_t3_max: 113981
	F10_('E4', 'S4')_t5_max: 19931
	F7_('S3', 'S2')_tb: 31
	F24_('S4', 'S5')_t3_min: 30429
	F5_('S1', 'E1')_tb: 137
	F21_('E4', 'S4')_t5_min: 10296
	F0_('E4', 'S4')_t5_max: 32299
	F30_('S3', 'S4')_tb: 6604
	F34_('S3', 'E3')_t4_max: 30671
	F19_('S1', 'E1')_t4_max: 216
	F10_('S4', 'S3')_t5_max: 19961
	F39_('S2', 'E2')_t5_max: 409
	F25_('S3', 'S2')_t5_max: 86
	F38_('E3', 'S3')_tb: 10246
	F30_('E1', 'S1')_t4_max: 6575
	F26_('S4', 'S5')_tb: 6519
	F14_('S3', 'S4')_tb: 59876
	F37_('S1', 'S2')_t5_max: 6508
	('S4', 'S3')_gcl_length: 122
	F20_('E5', 'S5')_tb: 137
	F37_('S4', 'E4')_tb: 6521
	F11_('S2', 'E2')_tb: 32
	F30_('S3', 'S4')_t3_min: 6604
	F19_('S4', 'S3')_t5_max: 132
	F33_('S4', 'S5')_t3_max: 221
	F39_('S2', 'E2')_t4_max: 402
	F21_('S3', 'S2')_t3_min: 10309
	F32_('S4', 'S5')_tb: 126695
	F13_('S2', 'E2')_t5_min: 92008
	F16_('S3', 'S4')_t3_max: 24394
	F30_('S5', 'E5')_t5_min: 6626
	F21_('S2', 'E2')_t3_min: 10320
	F14_('S5', 'E5')_t5_max: 59925
	F7_('S3', 'S2')_t3_max: 31
	F27_('S2', 'S3')_t5_max: 3903
	F26_('S5', 'E5')_tb: 6525
	F18_('S1', 'S2')_tb: 46511
	F36_('E1', 'S1')_t5_min: 62512
	F25_('S2', 'S1')_t3_max: 93
	F12_('S4', 'E4')_t5_max: 7999
	F11_('S2', 'E2')_t5_min: 34
	F16_('S3', 'S4')_t5_max: 24405
	F24_('S4', 'S5')_t3_max: 30434
	F11_('E3', 'S3')_tb: 1
	F18_('S1', 'S2')_t3_min: 46511
	F8_('S2', 'S1')_t5_max: 227
	F2_('S3', 'S2')_t5_min: 113986
	F6_('S2', 'E2')_tb: 42
	F37_('S2', 'S3')_t3_max: 6515
	F4_('E2', 'S2')_t4_min: 84121
	F28_('E2', 'S2')_t4_max: 28337
	F28_('S4', 'E4')_tb: 28365
	F11_('E3', 'S3')_t5_min: 3
	F33_('S5', 'E5')_tb: 226
	F11_('S2', 'E2')_t3_min: 9
	F5_('S3', 'S2')_t5_min: 120
	F0_('S4', 'S5')_t5_min: 32309
	F21_('S3', 'S2')_tb: 10309
	F27_('E2', 'S2')_t5_min: 3877
	F22_('S3', 'S4')_t5_max: 200
	F3_('S2', 'E2')_t3_max: 361
	F22_('S4', 'E4')_t5_max: 225
	F6_('E3', 'S3')_t5_min: 36
	F2_('S2', 'S1')_t5_min: 113998
	F38_('S2', 'E2')_t5_min: 10283
	F29_('S5', 'S4')_t5_min: 31929
	F36_('S2', 'S3')_t3_min: 62529
	F9_('E4', 'S4')_t4_max: 6448
	F20_('S3', 'S2')_t5_min: 191
	F35_('S2', 'S3')_t5_min: 44157
	F6_('S2', 'E2')_t5_max: 80
	F7_('S1', 'E1')_t3_min: 45
	F35_('S3', 'S4')_t5_max: 44183
	F33_('S4', 'S5')_t3_min: 216
	F37_('S4', 'E4')_t3_max: 6544
	F22_('E2', 'S2')_tb: 145
	F25_('S5', 'S4')_t3_min: 14
	F11_('S2', 'E2')_t5_max: 34
	F31_('E1', 'S1')_tb: 60335
	F25_('S1', 'E1')_tb: 104
	F12_('E1', 'S1')_t4_min: 7899
	F3_('S2', 'E2')_t4_max: 374
	F16_('S4', 'S5')_tb: 24412
	F23_('S3', 'E3')_t5_max: 1902
	F32_('E1', 'S1')_t5_max: 126666
	F27_('S3', 'S4')_t3_min: 3887
	F17_('S5', 'E5')_tb: 32271
	F32_('S4', 'S5')_t3_min: 126695
	F25_('S1', 'E1')_t5_max: 131
	F29_('E5', 'S5')_t5_max: 31921
	F27_('S2', 'S3')_t5_min: 3885
	F9_('S4', 'S5')_t5_min: 6474
	F35_('S5', 'E5')_t3_min: 44188
	F12_('S2', 'S3')_tb: 7911
	F32_('S5', 'E5')_t3_max: 126722
	F5_('S4', 'S3')_tb: 107
	F32_('S2', 'S3')_tb: 126682
	F38_('E3', 'S3')_t4_min: 10246
	F2_('S4', 'S3')_tb: 113964
	F29_('S4', 'S3')_t5_max: 31973
	F6_('S3', 'S2')_t5_min: 40
	F1_('S2', 'S3')_t3_min: 14556
	F31_('E1', 'S1')_t3_min: 60335
	F19_('S1', 'E1')_tb: 162
	F30_('S1', 'S2')_t5_max: 6594
	F24_('S5', 'E5')_t3_max: 30458
	F32_('S4', 'S5')_t5_max: 126715
	F20_('E5', 'S5')_t4_min: 137
	F29_('S3', 'E3')_t4_max: 31993
	F25_('S4', 'S3')_tb: 48
	F8_('E3', 'S3')_t5_min: 190
	F5_('S1', 'E1')_t5_max: 140
	F30_('S2', 'S3')_tb: 6596
	F13_('S1', 'S2')_t5_min: 91994
	F23_('S3', 'E3')_t4_max: 1898
	F24_('S3', 'S4')_t3_min: 30418
	F3_('S4', 'S3')_tb: 316
	F14_('S5', 'E5')_t5_min: 59889
	F12_('S1', 'S2')_t5_max: 7927
	F8_('E3', 'S3')_tb: 185
	F24_('S5', 'E5')_tb: 30435
	F23_('E1', 'S1')_t3_min: 1839
	F39_('E1', 'S1')_t4_max: 361
	F17_('S4', 'S5')_t3_min: 32266
	F30_('S1', 'S2')_t3_min: 6583
	F7_('S4', 'S3')_t5_max: 24
	F29_('E5', 'S5')_t4_min: 31915
	F16_('S3', 'S4')_t5_min: 24405
	F5_('S1', 'E1')_t3_max: 137
	F6_('S3', 'S2')_t3_min: 38
	F24_('S3', 'S4')_t5_min: 30427
	F1_('S1', 'S2')_tb: 14543
	F38_('S2', 'E2')_t4_max: 10308
	F25_('E5', 'S5')_t3_min: 3
	F24_('S3', 'S4')_t5_max: 30427
	F20_('S3', 'S2')_tb: 186
	F14_('E3', 'S3')_t3_min: 59866
	F9_('E4', 'S4')_t3_min: 6448
	F36_('S1', 'S2')_t5_min: 62527
	F32_('S3', 'S4')_t5_min: 126693
	F28_('E2', 'S2')_tb: 28337
	F14_('S5', 'E5')_tb: 59886
	F28_('S4', 'E4')_t4_max: 28383
	F30_('S5', 'E5')_tb: 6620
	F33_('E3', 'S3')_t4_max: 191
	F12_('S4', 'E4')_t4_max: 7995
	F25_('S4', 'S3')_t5_min: 57
	F15_('S2', 'S1')_t3_max: 104219
	F21_('S4', 'S3')_tb: 10298
	F10_('S3', 'S2')_t5_min: 19978
	F25_('S3', 'S2')_tb: 59
	F21_('E4', 'S4')_t3_min: 10287
	F25_('S4', 'S3')_t5_max: 57
	F19_('E4', 'S4')_t4_min: 101
	F5_('S4', 'S3')_t5_max: 110
	F20_('S5', 'S4')_tb: 144
	F6_('S3', 'S2')_t5_max: 58
	F28_('S3', 'S4')_t3_max: 28359
	F3_('E4', 'S4')_t3_min: 300
	F13_('S2', 'E2')_tb: 92001
	F12_('S1', 'S2')_t5_min: 7909
	F18_('S2', 'E2')_tb: 46521
	F19_('S3', 'S2')_t3_max: 139
	F33_('S5', 'E5')_t4_max: 262
	F4_('S2', 'S1')_tb: 84136
	F4_('S1', 'E1')_tb: 84146
	F27_('S5', 'E5')_t3_min: 3926
	F30_('S4', 'S5')_t5_min: 6618
	F34_('S3', 'E3')_t5_min: 30647
	F39_('S1', 'S2')_t5_max: 382
	F7_('E4', 'S4')_t4_max: 7
	F25_('S1', 'E1')_t3_min: 104
	F14_('S5', 'E5')_t4_max: 59922
	F21_('E4', 'S4')_t4_min: 10287
	F7_('S3', 'S2')_t3_min: 26
	F9_('E4', 'S4')_tb: 6448
	F3_('S4', 'S3')_t3_min: 311
	F1_('S3', 'S4')_t3_min: 14574
	F3_('E4', 'S4')_tb: 300
	F30_('S4', 'S5')_t5_max: 6672
	F16_('E1', 'S1')_t5_max: 24351
	F35_('S4', 'S5')_t3_min: 44185
	F36_('E1', 'S1')_t4_max: 62504
	F29_('S3', 'E3')_t5_max: 31999
	F24_('S4', 'S5')_t5_min: 30433
	F15_('E3', 'S3')_t4_min: 104188
	F25_('S2', 'S1')_tb: 93
	F28_('E2', 'S2')_t5_max: 28341
	F14_('S3', 'S4')_t5_min: 59879
	F36_('S2', 'S3')_tb: 62534
	F19_('S2', 'S1')_tb: 148
	F26_('S3', 'S4')_t3_min: 6508
	F14_('E3', 'S3')_tb: 59866
	F39_('S2', 'E2')_t5_min: 391
	F2_('S5', 'S4')_t5_max: 113957
	F7_('S3', 'S2')_t5_min: 36
	F22_('S3', 'S4')_t5_min: 164
	F29_('S4', 'S3')_t3_max: 31954
	F36_('S4', 'E4')_t5_min: 62567
	F27_('S2', 'S3')_tb: 3879
	F33_('S3', 'S4')_t3_min: 201
	F39_('E1', 'S1')_t3_min: 361
	F34_('S2', 'S3')_t5_min: 30633
	F24_('S5', 'E5')_t5_max: 30475
	F2_('S4', 'S3')_t5_max: 113974
	F0_('E4', 'S4')_t4_max: 32296
	F13_('S1', 'S2')_tb: 91987
	F23_('E1', 'S1')_t5_min: 1843
	F20_('S2', 'E2')_t4_max: 211
	F29_('S3', 'E3')_t5_min: 31945
	F36_('E1', 'S1')_tb: 62504
	F13_('E1', 'S1')_t4_max: 91973
	F31_('S3', 'E3')_t5_min: 60392
	F12_('E1', 'S1')_tb: 7899
	F33_('E3', 'S3')_t5_min: 199
	F35_('E2', 'S2')_t5_max: 44154
	F19_('S4', 'S3')_t5_min: 132
	F7_('S3', 'S2')_t5_max: 36
	F2_('S2', 'S1')_t3_min: 113988
	F26_('S5', 'E5')_t4_max: 6561
	F37_('E1', 'S1')_t5_max: 6500
	F32_('S5', 'E5')_t3_min: 126699
	F32_('S3', 'S4')_t5_max: 126693
	F24_('S5', 'E5')_t4_max: 30471
	('S2', 'S1')_gcl_length: 72
	F29_('E5', 'S5')_tb: 31915
	F36_('S2', 'S3')_t5_min: 62542
	F26_('E3', 'S3')_t5_max: 6506
	F18_('S2', 'E2')_t3_min: 46521
	F14_('E3', 'S3')_t5_max: 59869
	F6_('E3', 'S3')_t5_max: 36
	F19_('E4', 'S4')_tb: 101
	F31_('S2', 'S3')_t5_max: 60383
	F31_('S1', 'S2')_t5_max: 60369
	F22_('E2', 'S2')_t5_max: 150
	F12_('S2', 'S3')_t3_max: 7934
	F16_('S5', 'E5')_t3_max: 24430
	F13_('S1', 'S2')_t3_min: 91982
	F10_('S3', 'S2')_t3_min: 19945
	F11_('S3', 'S2')_tb: 5
	F32_('S1', 'S2')_t5_min: 126675
	F17_('S4', 'S5')_tb: 32266
	F35_('S4', 'S5')_t3_max: 44190
	F24_('S3', 'S4')_t3_max: 30423
	F3_('S4', 'S3')_t5_min: 325
	F35_('S3', 'S4')_t3_max: 44182
	F36_('S3', 'S4')_t3_max: 62549
	F19_('S4', 'S3')_tb: 120
	F9_('S5', 'E5')_t5_min: 6488
	F27_('S4', 'S5')_t3_max: 3923
	F10_('E4', 'S4')_t3_min: 19921
	F25_('E5', 'S5')_t4_max: 3
	F12_('S3', 'S4')_t5_min: 7921
	F12_('S4', 'E4')_t5_min: 7927
	F2_('E5', 'S5')_t5_min: 113940
	F35_('S5', 'E5')_t5_max: 44225
	F32_('S5', 'E5')_t4_max: 126735
	F31_('E1', 'S1')_t4_min: 60335
	F5_('S3', 'S2')_t5_max: 120
	F3_('S3', 'S2')_t3_max: 332
	F0_('S5', 'E5')_t4_max: 32329
	F20_('S4', 'S3')_tb: 174
	F2_('E5', 'S5')_t4_max: 113930
	F5_('S1', 'E1')_t5_min: 140
	F26_('S4', 'S5')_t5_min: 6523
	F35_('S5', 'E5')_t4_max: 44224
	F19_('S1', 'E1')_t5_max: 228
	F26_('S5', 'E5')_t5_max: 6565
	F25_('S2', 'S1')_t5_max: 102
	F3_('S3', 'S2')_t3_min: 327
	F16_('S5', 'E5')_t4_max: 24443
	F39_('S1', 'S2')_t5_min: 382
	F8_('S2', 'S1')_tb: 222
	F28_('S2', 'S3')_tb: 28348
	F21_('E4', 'S4')_t5_max: 10296
	F19_('S1', 'E1')_t5_min: 174
	F26_('S3', 'S4')_t5_max: 6517
	F20_('E5', 'S5')_t3_min: 137
	F22_('S4', 'E4')_tb: 166
	F31_('S2', 'S3')_t3_min: 60353
	F25_('S2', 'S1')_t5_min: 102
	F35_('E2', 'S2')_t3_min: 44153
	F15_('E3', 'S3')_t5_max: 104190
	F14_('S4', 'S5')_t3_min: 59881
	F0_('E4', 'S4')_t4_min: 32296
	F1_('E1', 'S1')_t3_min: 14525
	F20_('S3', 'S2')_t5_max: 191
	F6_('S2', 'E2')_t3_max: 65
	F8_('E3', 'S3')_t5_max: 190
	F19_('S3', 'S2')_t5_max: 164
	F8_('S1', 'E1')_t5_max: 252
	('S2', 'E2')_gcl_length: 130
	F18_('S2', 'E2')_t3_max: 46544
	F35_('S3', 'S4')_t5_min: 44183
	F7_('S1', 'E1')_tb: 45
	F26_('S3', 'S4')_t5_min: 6517
	F32_('S3', 'S4')_t3_max: 126691
	F24_('S2', 'S3')_t5_min: 30416
	F33_('S4', 'S5')_tb: 216
	F3_('S2', 'E2')_t5_max: 383
	F18_('E1', 'S1')_t3_min: 46501
	F20_('S5', 'S4')_t3_min: 144
	F31_('S3', 'E3')_t5_max: 60410
	F30_('S1', 'S2')_tb: 6588
	F8_('E3', 'S3')_t4_max: 185
	F38_('S2', 'E2')_t3_max: 10295
	F24_('E1', 'S1')_t5_max: 30381
	F2_('S1', 'E1')_t4_max: 114054
	F9_('S4', 'S5')_t5_max: 6492
	F5_('S2', 'S1')_tb: 127
	F37_('S2', 'S3')_tb: 6515
	F2_('S1', 'E1')_t5_min: 114010
	F32_('S2', 'S3')_t5_min: 126684
	F5_('E4', 'S4')_t3_min: 97
	F11_('E3', 'S3')_t3_min: 1
	F22_('S2', 'S3')_t3_min: 152
	F30_('S2', 'S3')_t3_max: 6601
	F39_('E1', 'S1')_tb: 361
	F26_('S5', 'E5')_t5_min: 6529
	F6_('S3', 'S2')_tb: 38
	F23_('S1', 'S2')_t3_min: 1845
	F12_('E1', 'S1')_t5_min: 7903
	F20_('S2', 'E2')_t5_min: 198
	F8_('S3', 'S2')_t5_min: 197
	F5_('E4', 'S4')_t4_max: 97
	F37_('S3', 'S4')_t5_max: 6537
	F1_('S4', 'E4')_t5_max: 14634
	F34_('E2', 'S2')_t4_max: 30607
	F7_('S2', 'S1')_t3_min: 38
	F23_('E1', 'S1')_tb: 1839
	F28_('E2', 'S2')_t4_min: 28337
	F20_('S5', 'S4')_t5_max: 167
	F11_('S2', 'E2')_t4_max: 32
	F8_('S2', 'S1')_t3_min: 199
	F4_('E2', 'S2')_t5_min: 84129
	F4_('E2', 'S2')_t5_max: 84129
	F1_('S4', 'E4')_tb: 14587
	F7_('S4', 'S3')_t3_min: 14
	F17_('E4', 'S4')_t4_max: 32261
	F3_('S4', 'S3')_t5_max: 325
	F5_('S1', 'E1')_t3_min: 132
	F12_('S3', 'S4')_tb: 7917
	F25_('E5', 'S5')_t4_min: 3
	F28_('E2', 'S2')_t5_min: 28341
	F7_('S2', 'S1')_tb: 38
	F8_('E3', 'S3')_t3_min: 185
	F38_('S3', 'S2')_t5_max: 10288
	F19_('S4', 'S3')_t3_min: 115
	F8_('E3', 'S3')_t4_min: 185
	F21_('S2', 'E2')_tb: 10320
	F31_('E1', 'S1')_t4_max: 60335
	F37_('S2', 'S3')_t5_max: 6516
	F30_('S1', 'S2')_t5_min: 6594
	F7_('E4', 'S4')_t5_min: 12
	F37_('S4', 'E4')_t5_max: 6558
	F36_('S4', 'E4')_t3_max: 62564
	F28_('S4', 'E4')_t3_min: 28365
	F26_('S5', 'E5')_t3_max: 6548
	F19_('S3', 'S2')_t5_min: 146
	F7_('S1', 'E1')_t4_max: 81
	F3_('S2', 'E2')_t5_min: 347
	F2_('E5', 'S5')_t4_min: 113930
	F23_('S1', 'S2')_tb: 1845
	F31_('E1', 'S1')_t5_max: 60342
	F30_('E1', 'S1')_t4_min: 6575
	F11_('S3', 'S2')_t3_min: 5
	F37_('S3', 'S4')_t3_min: 6518
	F24_('S5', 'E5')_t3_min: 30435
	F19_('S3', 'S2')_t3_min: 134
	F38_('S3', 'S2')_tb: 10259
	F32_('S4', 'S5')_t3_max: 126700
	F17_('E4', 'S4')_tb: 32261
	F22_('S4', 'E4')_t5_min: 171
	F24_('S1', 'S2')_t3_min: 30383
	F37_('S4', 'E4')_t3_min: 6521
	F34_('S3', 'E3')_t5_max: 30683
	F34_('E2', 'S2')_t3_min: 30607
	F27_('S5', 'E5')_t4_max: 3949
	F18_('S2', 'E2')_t5_min: 46529
	F16_('S5', 'E5')_t3_min: 24425
	F23_('S1', 'S2')_t5_max: 1867
	F37_('E1', 'S1')_t3_min: 6499
	F37_('S1', 'S2')_t5_min: 6508
	F18_('E1', 'S1')_t5_max: 46509
	F4_('E2', 'S2')_t4_max: 84121
	F39_('E1', 'S1')_t5_min: 368
	F18_('S2', 'E2')_t4_max: 46557
	F27_('S5', 'E5')_tb: 3949
	F12_('S2', 'S3')_t3_min: 7911
	F15_('S1', 'E1')_t3_max: 104241
	F12_('S2', 'S3')_t5_min: 7915
	F35_('S3', 'S4')_t3_min: 44159
	F2_('S5', 'S4')_t5_min: 113957
	F16_('S2', 'S3')_tb: 24376
	F22_('S4', 'E4')_t3_max: 207
	F10_('S4', 'S3')_t3_min: 19933
	F32_('S5', 'E5')_t5_max: 126737
	F23_('E1', 'S1')_t4_min: 1839
	F0_('E4', 'S4')_t5_min: 32299
	('S4', 'E4')_gcl_length: 0
	F26_('E3', 'S3')_t3_min: 6502
	('S3', 'S2')_gcl_length: 106
	F27_('S4', 'S5')_t3_min: 3918
	F21_('S3', 'S2')_t3_max: 10332
	F16_('E1', 'S1')_t3_min: 24340
	F10_('S2', 'E2')_tb: 19980
	F36_('S2', 'S3')_t5_max: 62542
	F10_('S2', 'E2')_t3_min: 19980
	F29_('S4', 'S3')_tb: 31931
	F10_('S3', 'S2')_t3_max: 19968
	F7_('S4', 'S3')_t5_min: 24
	F8_('S1', 'E1')_t3_max: 234
	F0_('S5', 'E5')_t5_min: 32314
