0. Flow F0 [E5-->E2] with period 2000, payload 629B, e2e delay 2000us, jitter 200us
	('E5', 'S5'), Operation(897, None, 903)(897, 897)
	('S5', 'S4'), Operation(905, None, 929)(905, 923)
	('S4', 'S3'), Operation(913, None, 955)(913, 949)
	('S3', 'S2'), Operation(921, 962, 968)(962, 962)
	('S2', 'E2'), Operation(970, None, 994)(970, 988)
1. Flow F1 [E4-->E5] with period 8000, payload 151B, e2e delay 8000us, jitter 800us
	('E4', 'S4'), Operation(6728, None, 6730)(6728, 6728)
	('S4', 'S5'), Operation(6732, None, 6752)(6732, 6750)
	('S5', 'E5'), Operation(6736, None, 6774)(6736, 6772)
2. Flow F2 [E4-->E3] with period 16000, payload 1397B, e2e delay 16000us, jitter 1600us
	('E4', 'S4'), Operation(868, None, 880)(868, 868)
	('S4', 'S3'), Operation(882, None, 912)(882, 900)
	('S3', 'E3'), Operation(896, None, 944)(896, 932)
3. Flow F3 [E1-->E5] with period 8000, payload 636B, e2e delay 8000us, jitter 800us
	('E1', 'S1'), Operation(4098, None, 4104)(4098, 4098)
	('S1', 'S2'), Operation(4106, 4111, 4117)(4111, 4111)
	('S2', 'S3'), Operation(4119, 4124, 4130)(4124, 4124)
	('S3', 'S4'), Operation(4132, None, 4156)(4132, 4150)
	('S4', 'S5'), Operation(4140, 4163, 4169)(4163, 4163)
	('S5', 'E5'), Operation(4171, 4176, 4182)(4176, 4176)
4. Flow F4 [E4-->E5] with period 16000, payload 950B, e2e delay 16000us, jitter 1600us
	('E4', 'S4'), Operation(8040, None, 8048)(8040, 8040)
	('S4', 'S5'), Operation(8050, None, 8076)(8050, 8068)
	('S5', 'E5'), Operation(8060, None, 8104)(8060, 8096)
5. Flow F5 [E1-->E2] with period 4000, payload 1420B, e2e delay 4000us, jitter 400us
	('E1', 'S1'), Operation(2328, None, 2340)(2328, 2328)
	('S1', 'S2'), Operation(2342, None, 2372)(2342, 2360)
	('S2', 'E2'), Operation(2356, None, 2404)(2356, 2392)
6. Flow F6 [E1-->E3] with period 8000, payload 292B, e2e delay 8000us, jitter 800us
	('E1', 'S1'), Operation(6177, None, 6180)(6177, 6177)
	('S1', 'S2'), Operation(6182, 6187, 6190)(6187, 6187)
	('S2', 'S3'), Operation(6192, 6197, 6200)(6197, 6197)
	('S3', 'E3'), Operation(6202, None, 6223)(6202, 6220)
7. Flow F7 [E4-->E5] with period 2000, payload 669B, e2e delay 2000us, jitter 200us
	('E4', 'S4'), Operation(1, None, 7)(1, 1)
	('S4', 'S5'), Operation(9, None, 33)(9, 27)
	('S5', 'E5'), Operation(17, None, 59)(17, 53)
8. Flow F8 [E5-->E4] with period 16000, payload 1126B, e2e delay 16000us, jitter 1600us
	('E5', 'S5'), Operation(51, None, 61)(51, 51)
	('S5', 'S4'), Operation(63, None, 91)(63, 81)
	('S4', 'E4'), Operation(75, None, 121)(75, 111)
9. Flow F9 [E1-->E3] with period 64000, payload 1106B, e2e delay 64000us, jitter 6400us
	('E1', 'S1'), Operation(6714, None, 6723)(6714, 6714)
	('S1', 'S2'), Operation(6725, None, 6752)(6725, 6743)
	('S2', 'S3'), Operation(6736, 6759, 6768)(6759, 6759)
	('S3', 'E3'), Operation(6770, None, 6797)(6770, 6788)
10. Flow F10 [E3-->E2] with period 2000, payload 108B, e2e delay 2000us, jitter 200us
	('E3', 'S3'), Operation(457, None, 458)(457, 457)
	('S3', 'S2'), Operation(460, None, 479)(460, 478)
	('S2', 'E2'), Operation(463, None, 500)(463, 499)
11. Flow F11 [E3-->E2] with period 2000, payload 307B, e2e delay 2000us, jitter 200us
	('E3', 'S3'), Operation(582, None, 585)(582, 582)
	('S3', 'S2'), Operation(587, 592, 595)(592, 592)
	('S2', 'E2'), Operation(597, 602, 605)(602, 602)
12. Flow F12 [E5-->E4] with period 128000, payload 786B, e2e delay 128000us, jitter 12800us
	('E5', 'S5'), Operation(106177, None, 106184)(106177, 106177)
	('S5', 'S4'), Operation(106186, None, 106211)(106186, 106204)
	('S4', 'E4'), Operation(106195, None, 106238)(106195, 106231)
13. Flow F13 [E1-->E4] with period 2000, payload 94B, e2e delay 2000us, jitter 200us
	('E1', 'S1'), Operation(822, None, 823)(822, 822)
	('S1', 'S2'), Operation(825, 830, 831)(830, 830)
	('S2', 'S3'), Operation(833, None, 852)(833, 851)
	('S3', 'S4'), Operation(836, None, 873)(836, 872)
	('S4', 'E4'), Operation(839, None, 894)(839, 893)
14. Flow F14 [E2-->E3] with period 64000, payload 1250B, e2e delay 64000us, jitter 6400us
	('E2', 'S2'), Operation(38144, None, 38154)(38144, 38144)
	('S2', 'S3'), Operation(38156, 38161, 38171)(38161, 38161)
	('S3', 'E3'), Operation(38173, None, 38201)(38173, 38191)
15. Flow F15 [E2-->E1] with period 8000, payload 1050B, e2e delay 8000us, jitter 800us
	('E2', 'S2'), Operation(7958, None, 7967)(7958, 7958)
	('S2', 'S1'), Operation(7969, 7974, 7983)(7974, 7974)
	('S1', 'E1'), Operation(7985, 7990, 7999)(7990, 7990)
16. Flow F16 [E4-->E1] with period 16000, payload 1065B, e2e delay 16000us, jitter 1600us
	('E4', 'S4'), Operation(10574, None, 10583)(10574, 10574)
	('S4', 'S3'), Operation(10585, None, 10612)(10585, 10603)
	('S3', 'S2'), Operation(10596, None, 10641)(10596, 10632)
	('S2', 'S1'), Operation(10607, None, 10670)(10607, 10661)
	('S1', 'E1'), Operation(10618, None, 10699)(10618, 10690)
17. Flow F17 [E5-->E2] with period 64000, payload 206B, e2e delay 64000us, jitter 6400us
	('E5', 'S5'), Operation(18291, None, 18293)(18291, 18291)
	('S5', 'S4'), Operation(18295, 18300, 18302)(18300, 18300)
	('S4', 'S3'), Operation(18304, 18309, 18311)(18309, 18309)
	('S3', 'S2'), Operation(18313, None, 18333)(18313, 18331)
	('S2', 'E2'), Operation(18317, None, 18355)(18317, 18353)
18. Flow F18 [E5-->E1] with period 16000, payload 547B, e2e delay 16000us, jitter 1600us
	('E5', 'S5'), Operation(519, None, 524)(519, 519)
	('S5', 'S4'), Operation(526, None, 549)(526, 544)
	('S4', 'S3'), Operation(533, 556, 561)(556, 556)
	('S3', 'S2'), Operation(563, None, 586)(563, 581)
	('S2', 'S1'), Operation(570, 593, 598)(593, 593)
	('S1', 'E1'), Operation(600, None, 623)(600, 618)
19. Flow F19 [E3-->E5] with period 32000, payload 867B, e2e delay 32000us, jitter 3200us
	('E3', 'S3'), Operation(30160, None, 30167)(30160, 30160)
	('S3', 'S4'), Operation(30169, 30174, 30181)(30174, 30174)
	('S4', 'S5'), Operation(30183, None, 30208)(30183, 30201)
	('S5', 'E5'), Operation(30192, None, 30235)(30192, 30228)
20. Flow F20 [E2-->E3] with period 32000, payload 130B, e2e delay 32000us, jitter 3200us
	('E2', 'S2'), Operation(4152, None, 4154)(4152, 4152)
	('S2', 'S3'), Operation(4156, None, 4176)(4156, 4174)
	('S3', 'E3'), Operation(4160, None, 4198)(4160, 4196)
21. Flow F21 [E2-->E1] with period 128000, payload 1215B, e2e delay 128000us, jitter 12800us
	('E2', 'S2'), Operation(127914, None, 127924)(127914, 127914)
	('S2', 'S1'), Operation(127926, None, 127954)(127926, 127944)
	('S1', 'E1'), Operation(127938, None, 127984)(127938, 127974)
22. Flow F22 [E4-->E1] with period 16000, payload 1418B, e2e delay 16000us, jitter 1600us
	('E4', 'S4'), Operation(8452, None, 8464)(8452, 8452)
	('S4', 'S3'), Operation(8466, None, 8496)(8466, 8484)
	('S3', 'S2'), Operation(8480, 8503, 8515)(8503, 8503)
	('S2', 'S1'), Operation(8517, None, 8547)(8517, 8535)
	('S1', 'E1'), Operation(8531, None, 8579)(8531, 8567)
23. Flow F23 [E5-->E2] with period 32000, payload 344B, e2e delay 32000us, jitter 3200us
	('E5', 'S5'), Operation(22380, None, 22383)(22380, 22380)
	('S5', 'S4'), Operation(22385, 22390, 22393)(22390, 22390)
	('S4', 'S3'), Operation(22395, None, 22416)(22395, 22413)
	('S3', 'S2'), Operation(22400, None, 22439)(22400, 22436)
	('S2', 'E2'), Operation(22405, None, 22462)(22405, 22459)
24. Flow F24 [E5-->E2] with period 4000, payload 1174B, e2e delay 4000us, jitter 400us
	('E5', 'S5'), Operation(2661, None, 2671)(2661, 2661)
	('S5', 'S4'), Operation(2673, 2678, 2688)(2678, 2678)
	('S4', 'S3'), Operation(2690, 2695, 2705)(2695, 2695)
	('S3', 'S2'), Operation(2707, 2712, 2722)(2712, 2712)
	('S2', 'E2'), Operation(2724, None, 2752)(2724, 2742)
25. Flow F25 [E4-->E1] with period 4000, payload 1487B, e2e delay 4000us, jitter 400us
	('E4', 'S4'), Operation(2857, None, 2869)(2857, 2857)
	('S4', 'S3'), Operation(2871, None, 2901)(2871, 2889)
	('S3', 'S2'), Operation(2885, 2908, 2920)(2908, 2908)
	('S2', 'S1'), Operation(2922, None, 2952)(2922, 2940)
	('S1', 'E1'), Operation(2936, None, 2984)(2936, 2972)
26. Flow F26 [E4-->E2] with period 4000, payload 773B, e2e delay 4000us, jitter 400us
	('E4', 'S4'), Operation(2731, None, 2738)(2731, 2731)
	('S4', 'S3'), Operation(2740, None, 2765)(2740, 2758)
	('S3', 'S2'), Operation(2749, None, 2792)(2749, 2785)
	('S2', 'E2'), Operation(2758, None, 2819)(2758, 2812)
27. Flow F27 [E2-->E1] with period 16000, payload 819B, e2e delay 16000us, jitter 1600us
	('E2', 'S2'), Operation(14128, None, 14135)(14128, 14128)
	('S2', 'S1'), Operation(14137, 14142, 14149)(14142, 14142)
	('S1', 'E1'), Operation(14151, None, 14176)(14151, 14169)
28. Flow F28 [E3-->E2] with period 8000, payload 692B, e2e delay 8000us, jitter 800us
	('E3', 'S3'), Operation(7941, None, 7947)(7941, 7941)
	('S3', 'S2'), Operation(7949, None, 7973)(7949, 7967)
	('S2', 'E2'), Operation(7957, None, 7999)(7957, 7993)
29. Flow F29 [E5-->E1] with period 32000, payload 992B, e2e delay 32000us, jitter 3200us
	('E5', 'S5'), Operation(26627, None, 26635)(26627, 26627)
	('S5', 'S4'), Operation(26637, None, 26663)(26637, 26655)
	('S4', 'S3'), Operation(26647, 26670, 26678)(26670, 26670)
	('S3', 'S2'), Operation(26680, None, 26706)(26680, 26698)
	('S2', 'S1'), Operation(26690, None, 26734)(26690, 26726)
	('S1', 'E1'), Operation(26700, None, 26762)(26700, 26754)
30. Flow F30 [E4-->E2] with period 4000, payload 97B, e2e delay 4000us, jitter 400us
	('E4', 'S4'), Operation(510, None, 511)(510, 510)
	('S4', 'S3'), Operation(513, None, 532)(513, 531)
	('S3', 'S2'), Operation(516, None, 553)(516, 552)
	('S2', 'E2'), Operation(519, None, 574)(519, 573)
31. Flow F31 [E5-->E3] with period 4000, payload 1139B, e2e delay 4000us, jitter 400us
	('E5', 'S5'), Operation(2682, None, 2692)(2682, 2682)
	('S5', 'S4'), Operation(2694, None, 2722)(2694, 2712)
	('S4', 'S3'), Operation(2706, 2729, 2739)(2729, 2729)
	('S3', 'E3'), Operation(2741, None, 2769)(2741, 2759)
32. Flow F32 [E4-->E3] with period 16000, payload 141B, e2e delay 16000us, jitter 1600us
	('E4', 'S4'), Operation(14846, None, 14848)(14846, 14846)
	('S4', 'S3'), Operation(14850, None, 14870)(14850, 14868)
	('S3', 'E3'), Operation(14854, None, 14892)(14854, 14890)
33. Flow F33 [E5-->E4] with period 4000, payload 683B, e2e delay 4000us, jitter 400us
	('E5', 'S5'), Operation(2275, None, 2281)(2275, 2275)
	('S5', 'S4'), Operation(2283, 2288, 2294)(2288, 2288)
	('S4', 'E4'), Operation(2296, None, 2320)(2296, 2314)
34. Flow F34 [E5-->E4] with period 8000, payload 1355B, e2e delay 8000us, jitter 800us
	('E5', 'S5'), Operation(1, None, 12)(1, 1)
	('S5', 'S4'), Operation(14, None, 43)(14, 32)
	('S4', 'E4'), Operation(27, None, 74)(27, 63)
35. Flow F35 [E2-->E4] with period 16000, payload 1460B, e2e delay 16000us, jitter 1600us
	('E2', 'S2'), Operation(14187, None, 14199)(14187, 14187)
	('S2', 'S3'), Operation(14201, None, 14231)(14201, 14219)
	('S3', 'S4'), Operation(14215, None, 14263)(14215, 14251)
	('S4', 'E4'), Operation(14229, None, 14295)(14229, 14283)
36. Flow F36 [E1-->E3] with period 8000, payload 114B, e2e delay 8000us, jitter 800us
	('E1', 'S1'), Operation(6789, None, 6790)(6789, 6789)
	('S1', 'S2'), Operation(6792, None, 6811)(6792, 6810)
	('S2', 'S3'), Operation(6795, None, 6832)(6795, 6831)
	('S3', 'E3'), Operation(6798, None, 6853)(6798, 6852)
37. Flow F37 [E2-->E4] with period 2000, payload 700B, e2e delay 2000us, jitter 200us
	('E2', 'S2'), Operation(136, None, 142)(136, 136)
	('S2', 'S3'), Operation(144, 149, 155)(149, 149)
	('S3', 'S4'), Operation(157, 162, 168)(162, 162)
	('S4', 'E4'), Operation(170, None, 194)(170, 188)
38. Flow F38 [E2-->E4] with period 8000, payload 1278B, e2e delay 8000us, jitter 800us
	('E2', 'S2'), Operation(78, None, 89)(78, 78)
	('S2', 'S3'), Operation(91, 96, 107)(96, 96)
	('S3', 'S4'), Operation(109, None, 138)(109, 127)
	('S4', 'E4'), Operation(122, None, 169)(122, 158)
39. Flow F39 [E2-->E1] with period 64000, payload 696B, e2e delay 64000us, jitter 6400us
	('E2', 'S2'), Operation(56143, None, 56149)(56143, 56143)
	('S2', 'S1'), Operation(56151, 56156, 56162)(56156, 56156)
	('S1', 'E1'), Operation(56164, None, 56188)(56164, 56182)

SMT variables: 
	F37_('S4', 'E4')_gc: False
	F14_('S3', 'E3')_rr: 0
	F1_('E4', 'S4')_t3_max: 6715
	F6_('S1', 'S2')_gc: True
	F32_jitter: 36
	F23_('E5', 'S5')_t5_max: 22383
	('S4', 'S3')_gcl_cycle: 64000
	F7_queue_index: 0
	F3_('S4', 'S5')_gc: True
	F0_('E5', 'S5')_rr: 0
	F16_('E4', 'S4')_gc: False
	F25_('S2', 'S1')_t3_min: 2922
	F9_('S2', 'S3')_t4_min: 6759
	F11_('S2', 'E2')_t3_max: 602
	F36_('S2', 'S3')_gc: False
	F22_queue_index: 0
	F2_('E4', 'S4')_rr: 0
	F18_('S5', 'S4')_t5_min: 531
	F26_('S4', 'S3')_t4_max: 2758
	F24_('S3', 'S2')_t4_max: 2712
	F37_('S2', 'S3')_t4_min: 149
	F7_('E4', 'S4')_rr: 0
	F0_('S4', 'S3')_t4_max: 949
	F21_('E2', 'S2')_rr: 0
	F29_('S5', 'S4')_gc: False
	F5_('S1', 'S2')_t4_min: 2342
	F34_('S5', 'S4')_rr: 0
	F25_('S2', 'S1')_t4_max: 2940
	F24_('E5', 'S5')_t3_max: 2648
	F18_('S4', 'S3')_t4_max: 556
	F5_('E1', 'S1')_t3_max: 2315
	F39_('S2', 'S1')_rr: 1
	F26_('E4', 'S4')_tb: 2731
	F11_('S2', 'E2')_t4_min: 602
	F7_('E4', 'S4')_t3_max: -12
	F10_('S3', 'S2')_t4_min: 460
	F8_('S4', 'E4')_t4_min: 75
	F29_('S4', 'S3')_t4_max: 26670
	F9_('S1', 'S2')_t4_min: 6725
	F13_jitter: 54
	F1_jitter: 36
	F13_('S3', 'S4')_t4_min: 836
	F24_('S4', 'S3')_t4_max: 2695
	F30_('S2', 'E2')_t4_min: 519
	F6_('S1', 'S2')_t3_min: 6182
	F25_('S4', 'S3')_t4_max: 2889
	F27_('E2', 'S2')_tb: 14128
	F15_jitter: 0
	F24_('S4', 'S3')_rr: 16
	F20_('S2', 'S3')_t4_max: 4174
	F26_('S2', 'E2')_t4_min: 2758
	F33_('S4', 'E4')_t5_max: 2320
	F10_('S2', 'E2')_gc: False
	F3_('S4', 'S5')_t3_min: 4140
	F17_('E5', 'S5')_t3_max: 18278
	F29_('E5', 'S5')_gc: False
	F36_('S2', 'S3')_t4_min: 6795
	F37_('S2', 'S3')_rr: 32
	F6_queue_index: 0
	F17_('S2', 'E2')_rr: 0
	F7_('E4', 'S4')_gc: False
	F1_('S5', 'E5')_t4_min: 6736
	F22_('E4', 'S4')_rr: 0
	F28_('E3', 'S3')_gc: False
	F19_('S3', 'S4')_rr: 1
	F37_('S3', 'S4')_rr: 16
	('E2', 'S2')_gcl_cycle: 1
	F1_('S5', 'E5')_t3_max: 6759
	F25_('S1', 'E1')_t4_min: 2936
	F29_('S1', 'E1')_t3_max: 26741
	F20_('S2', 'S3')_t3_min: 4156
	('S2', 'E2')_gcl_cycle: 2000
	F24_('S4', 'S3')_t4_min: 2695
	F29_('S5', 'S4')_t4_min: 26637
	F17_('E5', 'S5')_rr: 0
	F23_('S2', 'E2')_rr: 0
	F22_('S2', 'S1')_t4_max: 8535
	F3_('S4', 'S5')_t3_max: 4163
	F8_('E5', 'S5')_tb: 51
	F9_('S2', 'S3')_rr: 1
	F22_('S2', 'S1')_t4_min: 8517
	F4_('S5', 'E5')_rr: 0
	F4_('S4', 'S5')_tb: 8050
	('S3', 'E3')_gcl_cycle: 1
	F13_('S1', 'S2')_t4_min: 830
	F22_('E4', 'S4')_gc: False
	F24_('S5', 'S4')_t4_min: 2678
	F11_('S3', 'S2')_rr: 8
	F15_('E2', 'S2')_t3_max: 7945
	F17_('E5', 'S5')_t5_max: 18293
	F39_('S1', 'E1')_t4_max: 56182
	F6_('E1', 'S1')_rr: 0
	F25_('S2', 'S1')_rr: 0
	F21_('S1', 'E1')_t4_min: 127938
	F22_('S3', 'S2')_gc: True
	F3_('S5', 'E5')_t4_max: 4176
	F30_('S4', 'S3')_rr: 0
	F3_('S2', 'S3')_t4_min: 4124
	F21_('S2', 'S1')_gc: False
	F28_jitter: 36
	F15_('S1', 'E1')_t4_min: 7990
	F9_('E1', 'S1')_t3_min: 6714
	F13_('E1', 'S1')_gc: False
	F37_('S2', 'S3')_gc: True
	F16_('S4', 'S3')_t4_min: 10585
	F6_('S2', 'S3')_gc: True
	F34_('E5', 'S5')_tb: 1
	F16_('S2', 'S1')_tb: 10607
	F15_('S1', 'E1')_rr: 1
	F24_('E5', 'S5')_gc: False
	F38_('S4', 'E4')_tb: 122
	F35_('S2', 'S3')_t5_max: 14231
	F18_('E5', 'S5')_gc: False
	F5_('S1', 'S2')_gc: False
	F25_('S3', 'S2')_t3_max: 2908
	F25_('E4', 'S4')_t4_max: 2857
	F6_('S3', 'E3')_t4_min: 6202
	F11_('S3', 'S2')_gc: True
	F22_('S4', 'S3')_rr: 0
	F18_('S2', 'S1')_t4_max: 593
	F38_('S3', 'S4')_rr: 0
	F3_('E1', 'S1')_rr: 0
	F31_('S3', 'E3')_t3_min: 2741
	F13_('S1', 'S2')_t5_max: 831
	F35_('E2', 'S2')_t4_max: 14187
	F39_('E2', 'S2')_t5_max: 56149
	F38_('S2', 'S3')_gc: True
	F6_('S2', 'S3')_t4_max: 6197
	F24_('S4', 'S3')_t5_min: 2705
	F33_('S4', 'E4')_rr: 0
	F1_('S4', 'S5')_gc: False
	F17_('S3', 'S2')_t4_max: 18331
	F3_('E1', 'S1')_t3_max: 4085
	F3_('S3', 'S4')_rr: 0
	F32_('S3', 'E3')_gc: False
	F23_('S5', 'S4')_rr: 2
	F30_('E4', 'S4')_rr: 0
	F22_('S4', 'S3')_t3_min: 8466
	F38_queue_index: 0
	F2_('S3', 'E3')_rr: 0
	F17_('S4', 'S3')_rr: 1
	F23_queue_index: 0
	('E1', 'S1')_gcl_cycle: 1
	F36_('S3', 'E3')_t4_min: 6798
	F28_('S3', 'S2')_rr: 0
	F3_('S3', 'S4')_gc: False
	F19_('S3', 'S4')_gc: True
	F18_jitter: 18
	F13_('S2', 'S3')_rr: 0
	('S1', 'S2')_gcl_cycle: 8000
	F27_('S2', 'S1')_rr: 4
	F25_('S3', 'S2')_t4_max: 2908
	F19_('S5', 'E5')_gc: False
	F18_('S2', 'S1')_t3_min: 570
	F0_('S5', 'S4')_gc: False
	F9_('S1', 'S2')_t4_max: 6743
	F17_('S4', 'S3')_gc: True
	F35_('S2', 'S3')_t3_min: 14201
	F22_('E4', 'S4')_t4_min: 8452
	F21_jitter: 36
	F30_('S4', 'S3')_gc: False
	F4_('S4', 'S5')_t4_max: 8068
	F13_('E1', 'S1')_tb: 822
	F37_('S2', 'S3')_t4_max: 149
	F14_('E2', 'S2')_rr: 0
	F11_queue_index: 0
	F12_('S5', 'S4')_t4_min: 106186
	F32_('S4', 'S3')_tb: 14850
	F8_('S5', 'S4')_t5_min: 73
	F18_('S1', 'E1')_rr: 0
	F23_('S3', 'S2')_t4_max: 22436
	F29_('S2', 'S1')_t4_max: 26726
	F15_('E2', 'S2')_tb: 7958
	F25_('S3', 'S2')_t3_min: 2885
	F15_queue_index: 0
	F29_('S2', 'S1')_gc: False
	F26_jitter: 54
	F4_('S5', 'E5')_gc: False
	F18_('S3', 'S2')_gc: False
	F19_('S4', 'S5')_gc: False
	F23_('S5', 'S4')_t4_max: 22390
	F11_('E3', 'S3')_rr: 0
	F3_('S5', 'E5')_gc: True
	F12_('S4', 'E4')_t4_min: 106195
	F2_('S4', 'S3')_rr: 0
	('S1', 'E1')_gcl_cycle: 8000
	F19_('E3', 'S3')_t3_max: 30147
	F15_('E2', 'S2')_t4_max: 7958
	F29_('E5', 'S5')_rr: 0
	F20_('E2', 'S2')_rr: 0
	F12_queue_index: 0
	F19_('S4', 'S5')_t4_min: 30183
	F30_jitter: 54
	F23_('S4', 'S3')_t4_max: 22413
	F19_('E3', 'S3')_gc: False
	F24_('S3', 'S2')_t3_min: 2707
	F17_('S2', 'E2')_t3_min: 18317
	F17_('S2', 'E2')_t4_min: 18317
	F8_('S5', 'S4')_t4_min: 63
	F6_('S2', 'S3')_rr: 8
	F20_jitter: 36
	F12_('S5', 'S4')_gc: False
	F3_('S4', 'S5')_t4_min: 4163
	F10_jitter: 36
	F37_('E2', 'S2')_rr: 0
	F18_('S5', 'S4')_t4_min: 526
	F30_('S4', 'S3')_t4_min: 513
	F32_('E4', 'S4')_rr: 0
	F30_('E4', 'S4')_t4_max: 510
	F11_('S3', 'S2')_t4_min: 592
	F22_('S4', 'S3')_tb: 8466
	F4_('S4', 'S5')_t4_min: 8050
	F32_('E4', 'S4')_t3_max: 14833
	F31_('S4', 'S3')_gc: True
	F0_('S3', 'S2')_t4_max: 962
	F6_('S1', 'S2')_t5_max: 6190
	F39_jitter: 18
	F19_('S4', 'S5')_t4_max: 30201
	F1_('S5', 'E5')_rr: 0
	F17_('S2', 'E2')_gc: False
	F16_('S1', 'E1')_gc: False
	F14_('S2', 'S3')_t4_min: 38161
	F29_jitter: 54
	F31_('S4', 'S3')_rr: 16
	F30_('E4', 'S4')_tb: 510
	F33_('S5', 'S4')_gc: True
	F39_('S2', 'S1')_gc: True
	F37_('S4', 'E4')_rr: 0
	F33_queue_index: 0
	F17_('S5', 'S4')_t4_min: 18300
	F9_jitter: 18
	F39_('E2', 'S2')_gc: False
	F29_('S4', 'S3')_t4_min: 26670
	F22_('S1', 'E1')_t5_min: 8543
	F9_('S3', 'E3')_rr: 0
	F22_('S3', 'S2')_t4_min: 8503
	F35_('E2', 'S2')_t5_min: 14199
	F0_queue_index: 0
	F9_('E1', 'S1')_t3_max: 6701
	F16_queue_index: 0
	F12_('S5', 'S4')_rr: 0
	F15_('S2', 'S1')_t4_max: 7974
	F20_('S3', 'E3')_t4_min: 4160
	F1_('S5', 'E5')_gc: False
	F31_('S3', 'E3')_rr: 0
	F1_('E4', 'S4')_gc: False
	F10_('S2', 'E2')_rr: 0
	F31_('S4', 'S3')_t4_min: 2729
	F6_('S3', 'E3')_rr: 0
	F7_('E4', 'S4')_t4_min: 1
	F31_('S5', 'S4')_rr: 0
	F0_('S3', 'S2')_gc: True
	F35_('S4', 'E4')_gc: False
	F39_('S1', 'E1')_gc: False
	F0_('S3', 'S2')_t4_min: 962
	F16_('S1', 'E1')_t4_min: 10618
	F29_('S2', 'S1')_t4_min: 26690
	F9_('S3', 'E3')_gc: False
	F1_('S4', 'S5')_t5_max: 6752
	F16_('S1', 'E1')_rr: 0
	F35_('S3', 'S4')_rr: 0
	F27_('E2', 'S2')_t5_max: 14135
	F35_('S2', 'S3')_rr: 0
	F1_('E4', 'S4')_t5_min: 6730
	('E3', 'S3')_gcl_cycle: 1
	F24_jitter: 18
	F22_('S4', 'S3')_t4_max: 8484
	F16_('S4', 'S3')_rr: 0
	F29_('S2', 'S1')_rr: 0
	F17_('S3', 'S2')_t5_max: 18333
	F15_('E2', 'S2')_rr: 0
	F20_('E2', 'S2')_gc: False
	F18_('S3', 'S2')_t3_min: 563
	F39_('S1', 'E1')_rr: 0
	F22_('S3', 'S2')_rr: 1
	F7_jitter: 36
	F2_queue_index: 0
	F6_('E1', 'S1')_t3_max: 6164
	('S2', 'S1')_gcl_cycle: 64000
	F36_('S1', 'S2')_tb: 6792
	F28_('S3', 'S2')_gc: False
	F6_('S2', 'S3')_t4_min: 6197
	F24_('S3', 'S2')_rr: 4
	F35_('S2', 'S3')_gc: False
	F17_('S4', 'S3')_t3_max: 18309
	F13_('S3', 'S4')_gc: False
	F23_('E5', 'S5')_rr: 0
	F34_jitter: 36
	F19_('S5', 'E5')_t4_min: 30192
	F26_('S4', 'S3')_gc: False
	F29_('S1', 'E1')_t4_max: 26754
	F0_('E5', 'S5')_t3_max: 884
	F0_('S2', 'E2')_rr: 0
	F22_('S2', 'S1')_rr: 0
	F29_('S3', 'S2')_rr: 0
	F21_('E2', 'S2')_gc: False
	F23_('S2', 'E2')_gc: False
	F24_('S2', 'E2')_gc: False
	F23_('S5', 'S4')_t4_min: 22390
	F30_('S2', 'E2')_t4_max: 573
	F1_('S4', 'S5')_t3_min: 6732
	F33_('E5', 'S5')_rr: 0
	F38_('S3', 'S4')_t4_max: 127
	F25_jitter: 36
	F18_('S1', 'E1')_gc: False
	F19_('S5', 'E5')_t5_min: 30199
	F0_('S3', 'S2')_t3_max: 962
	F21_queue_index: 0
	F13_('S4', 'E4')_gc: False
	F34_('S5', 'S4')_gc: False
	F1_('S4', 'S5')_t4_min: 6732
	F8_('S5', 'S4')_rr: 0
	F36_('S2', 'S3')_t4_max: 6831
	F29_('S5', 'S4')_t3_min: 26637
	F1_('E4', 'S4')_rr: 0
	F24_('S3', 'S2')_t4_min: 2712
	F9_('E1', 'S1')_rr: 0
	F16_('E4', 'S4')_rr: 0
	F17_('S4', 'S3')_t4_min: 18309
	F0_('S4', 'S3')_gc: False
	F23_('S3', 'S2')_gc: False
	F22_('S3', 'S2')_t4_max: 8503
	F35_jitter: 54
	('S5', 'S4')_gcl_length: 70
	F35_('E2', 'S2')_tb: 14187
	F5_('S2', 'E2')_rr: 0
	F13_('S4', 'E4')_rr: 0
	F9_('S1', 'S2')_rr: 0
	F17_('S3', 'S2')_rr: 0
	F31_('E5', 'S5')_rr: 0
	F16_('S3', 'S2')_gc: False
	F13_('S2', 'S3')_t4_max: 851
	F14_jitter: 18
	F15_('S2', 'S1')_gc: True
	F24_('S3', 'S2')_gc: True
	F30_('S3', 'S2')_t4_min: 516
	F37_('S4', 'E4')_t5_min: 176
	F0_('E5', 'S5')_t4_max: 897
	F35_('S2', 'S3')_t4_min: 14201
	F30_('S3', 'S2')_gc: False
	F11_('S3', 'S2')_t5_min: 595
	F38_jitter: 36
	F14_('S3', 'E3')_t4_min: 38173
	F24_('S3', 'S2')_t5_min: 2722
	('E4', 'S4')_gcl_cycle: 1
	F3_('S3', 'S4')_t4_max: 4150
	F33_('S4', 'E4')_gc: False
	F29_('E5', 'S5')_t3_min: 26627
	F32_('E4', 'S4')_gc: False
	F31_('E5', 'S5')_gc: False
	F27_('S1', 'E1')_t4_min: 14151
	F25_('S4', 'S3')_t4_min: 2871
	F32_('S3', 'E3')_t4_min: 14854
	F8_('S4', 'E4')_rr: 0
	F34_('S4', 'E4')_t4_min: 27
	F3_jitter: 0
	F27_queue_index: 0
	F21_('E2', 'S2')_t3_max: 127901
	F39_('E2', 'S2')_t4_max: 56143
	F12_jitter: 36
	F13_('S2', 'S3')_gc: False
	F35_('S3', 'S4')_tb: 14215
	F32_('S4', 'S3')_rr: 0
	F36_('S3', 'E3')_gc: False
	F17_queue_index: 0
	F18_('S3', 'S2')_t4_max: 581
	F0_('S2', 'E2')_t4_min: 970
	F38_('S3', 'S4')_t5_min: 120
	F6_('E1', 'S1')_gc: False
	F8_('E5', 'S5')_rr: 0
	F8_queue_index: 0
	F11_('E3', 'S3')_t3_max: 569
	F31_('S3', 'E3')_gc: False
	F25_('S2', 'S1')_gc: False
	F29_('S2', 'S1')_t5_max: 26734
	F14_('S2', 'S3')_t4_max: 38161
	F23_('S3', 'S2')_t4_min: 22400
	('S3', 'S2')_gcl_cycle: 16000
	F12_('S4', 'E4')_rr: 0
	F27_('S2', 'S1')_gc: True
	F23_jitter: 54
	F26_('E4', 'S4')_t3_max: 2718
	F21_('S2', 'S1')_t4_max: 127944
	F8_('S4', 'E4')_tb: 75
	F19_('E3', 'S3')_rr: 0
	F10_('S3', 'S2')_rr: 0
	F35_('S2', 'S3')_tb: 14201
	F25_('E4', 'S4')_t3_max: 2844
	F17_('E5', 'S5')_gc: False
	F7_('S4', 'S5')_t4_max: 27
	F23_('E5', 'S5')_gc: False
	F37_queue_index: 0
	F31_queue_index: 0
	F25_('S4', 'S3')_gc: False
	F19_jitter: 36
	F38_('S3', 'S4')_t3_max: 114
	F3_('S1', 'S2')_t4_min: 4111
	F34_('S5', 'S4')_t4_max: 32
	F36_('S3', 'E3')_tb: 6798
	F23_('S5', 'S4')_gc: True
	F9_('S3', 'E3')_t4_min: 6770
	F36_('E1', 'S1')_rr: 0
	F34_('E5', 'S5')_t5_max: 12
	F24_('S5', 'S4')_gc: True
	F0_('S4', 'S3')_t4_min: 913
	F22_('S2', 'S1')_tb: 8517
	F23_('S3', 'S2')_rr: 0
	F31_('E5', 'S5')_t3_max: 2669
	F16_('S3', 'S2')_t4_min: 10596
	F5_('E1', 'S1')_gc: False
	F5_('E1', 'S1')_rr: 0
	F35_('S3', 'S4')_t4_max: 14251
	F27_('S2', 'S1')_tb: 14142
	F18_('S3', 'S2')_t4_min: 563
	('S4', 'E4')_gcl_cycle: 1
	F36_('S3', 'E3')_t5_min: 6799
	F7_('S5', 'E5')_t4_min: 17
	F3_('S5', 'E5')_t3_min: 4171
	F5_('S2', 'E2')_t4_min: 2356
	F33_('S4', 'E4')_t4_min: 2296
	F33_('S5', 'S4')_t4_max: 2288
	F0_('S4', 'S3')_t3_max: 936
	F8_('S5', 'S4')_tb: 63
	('S3', 'S4')_gcl_length: 34
	F18_('S5', 'S4')_rr: 0
	F20_('S3', 'E3')_t5_min: 4162
	F25_('S4', 'S3')_rr: 0
	F35_queue_index: 0
	('S2', 'S3')_gcl_cycle: 64000
	F24_('S5', 'S4')_t4_max: 2678
	F16_('S2', 'S1')_rr: 0
	F39_('S1', 'E1')_tb: 56164
	F19_('S3', 'S4')_t3_min: 30169
	F28_('S2', 'E2')_rr: 0
	F37_('S3', 'S4')_gc: True
	F36_queue_index: 0
	F21_('S2', 'S1')_rr: 0
	F23_('S4', 'S3')_rr: 0
	F30_('E4', 'S4')_t3_max: 497
	F15_('S2', 'S1')_rr: 8
	F29_('S3', 'S2')_gc: False
	F3_('S5', 'E5')_t4_min: 4176
	F17_('S5', 'S4')_t4_max: 18300
	F3_('S2', 'S3')_t4_max: 4124
	F32_('S3', 'E3')_t3_max: 14877
	F5_queue_index: 0
	F22_('S3', 'S2')_t3_min: 8480
	F23_('S4', 'S3')_gc: False
	F34_('S5', 'S4')_t3_min: 14
	F7_('S5', 'E5')_gc: False
	F0_('S5', 'S4')_t4_min: 905
	F12_('S4', 'E4')_gc: False
	F31_('S5', 'S4')_t3_min: 2694
	F13_('S4', 'E4')_t4_min: 839
	F25_('S1', 'E1')_rr: 0
	F35_('S4', 'E4')_rr: 0
	F39_('S2', 'S1')_t4_max: 56156
	F30_('S2', 'E2')_t3_min: 519
	F22_('S4', 'S3')_gc: False
	F34_('E5', 'S5')_t5_min: 12
	F36_('S1', 'S2')_t4_max: 6810
	F12_('S5', 'S4')_t3_min: 106186
	F14_('E2', 'S2')_t3_max: 38131
	F37_jitter: 18
	F29_('S2', 'S1')_tb: 26690
	F23_('S4', 'S3')_t4_min: 22395
	F14_('S2', 'S3')_gc: True
	F10_('S3', 'S2')_t4_max: 478
	F25_('S1', 'E1')_gc: False
	F20_('S2', 'S3')_tb: 4156
	F26_('S3', 'S2')_rr: 0
	F8_('E5', 'S5')_gc: False
	F35_('E2', 'S2')_rr: 0
	F31_('E5', 'S5')_tb: 2682
	F12_('E5', 'S5')_t5_max: 106184
	F25_queue_index: 0
	F10_('E3', 'S3')_rr: 0
	F32_queue_index: 0
	F9_('E1', 'S1')_t5_max: 6723
	F16_('S4', 'S3')_t4_max: 10603
	F10_('E3', 'S3')_gc: False
	F28_('E3', 'S3')_rr: 0
	F38_('S4', 'E4')_rr: 0
	F38_('S4', 'E4')_gc: False
	F0_('S5', 'S4')_t4_max: 923
	F33_('E5', 'S5')_gc: False
	F20_('S2', 'S3')_rr: 0
	F27_('S2', 'S1')_t4_max: 14142
	F30_('S4', 'S3')_t4_max: 531
	F14_('S2', 'S3')_rr: 1
	F9_('S2', 'S3')_gc: True
	F24_('S2', 'E2')_t4_min: 2724
	F28_('S2', 'E2')_t4_min: 7957
	F18_('E5', 'S5')_t3_max: 506
	F2_('S4', 'S3')_gc: False
	F25_('S1', 'E1')_t3_max: 2959
	F4_('E4', 'S4')_t3_max: 8027
	F24_('S2', 'E2')_rr: 0
	F14_('S3', 'E3')_gc: False
	F37_('E2', 'S2')_t5_min: 142
	F29_('S1', 'E1')_t4_min: 26700
	F34_('S4', 'E4')_rr: 0
	F8_('S4', 'E4')_gc: False
	F36_('E1', 'S1')_gc: False
	F37_('S3', 'S4')_t4_min: 162
	F22_jitter: 36
	F18_('S4', 'S3')_gc: True
	F3_('S1', 'S2')_t4_max: 4111
	F35_('S3', 'S4')_gc: False
	F13_('S2', 'S3')_tb: 833
	F5_('S1', 'S2')_rr: 0
	F18_('S2', 'S1')_t4_min: 593
	F4_('S5', 'E5')_t4_min: 8060
	F26_('S4', 'S3')_t4_min: 2740
	F4_('S4', 'S5')_rr: 0
	F4_('E4', 'S4')_rr: 0
	F38_('E2', 'S2')_t3_max: 65
	F18_('S5', 'S4')_t4_max: 544
	F10_('S3', 'S2')_gc: False
	F0_('E5', 'S5')_t5_max: 903
	F7_('S5', 'E5')_rr: 0
	F17_('S5', 'S4')_t5_max: 18302
	F17_('S4', 'S3')_t4_max: 18309
	F16_('E4', 'S4')_t3_max: 10561
	F4_('E4', 'S4')_gc: False
	F38_('S3', 'S4')_t4_min: 109
	F3_('S2', 'S3')_gc: True
	F36_jitter: 54
	F26_('S4', 'S3')_rr: 0
	F11_('S2', 'E2')_gc: True
	F29_('S3', 'S2')_t4_max: 26698
	F2_('S4', 'S3')_t4_min: 882
	F39_queue_index: 0
	F13_('S3', 'S4')_rr: 0
	F18_('S5', 'S4')_tb: 526
	F22_('S4', 'S3')_t4_min: 8466
	F24_('S4', 'S3')_gc: True
	F16_('S3', 'S2')_t3_min: 10596
	F21_('S1', 'E1')_rr: 0
	F18_('E5', 'S5')_rr: 0
	F5_('S2', 'E2')_t3_min: 2356
	F23_('S2', 'E2')_t4_min: 22405
	F26_('E4', 'S4')_gc: False
	F34_('S4', 'E4')_t5_min: 38
	F33_('S4', 'E4')_t3_max: 2301
	F14_('E2', 'S2')_gc: False
	F29_queue_index: 0
	F8_('S5', 'S4')_t4_max: 81
	F6_('S3', 'E3')_gc: False
	F33_('S5', 'S4')_t5_max: 2294
	F9_('E1', 'S1')_gc: False
	F31_('S5', 'S4')_gc: False
	F8_jitter: 36
	F28_('E3', 'S3')_t3_max: 7928
	F17_('S5', 'S4')_rr: 1
	F0_('E5', 'S5')_gc: False
	F25_('S3', 'S2')_t4_min: 2908
	F27_('E2', 'S2')_t3_max: 14115
	F18_('S5', 'S4')_gc: False
	F29_('S3', 'S2')_tb: 26680
	F37_('S3', 'S4')_t5_min: 168
	F3_('E1', 'S1')_gc: False
	F28_('S2', 'E2')_gc: False
	F35_('E2', 'S2')_gc: False
	F13_('S3', 'S4')_t4_max: 872
	F34_('E5', 'S5')_t3_max: -12
	F27_('S1', 'E1')_t3_min: 14151
	F22_('E4', 'S4')_t3_max: 8439
	F9_('S2', 'S3')_t3_min: 6736
	F31_('S3', 'E3')_t4_max: 2759
	F33_jitter: 18
	F3_('S2', 'S3')_t3_min: 4119
	F15_('E2', 'S2')_gc: False
	F5_jitter: 36
	F35_('S2', 'S3')_t4_max: 14219
	F10_('E3', 'S3')_t3_max: 444
	F25_('S2', 'S1')_t4_min: 2922
	F34_('E5', 'S5')_gc: False
	F19_queue_index: 0
	F6_('S1', 'S2')_t4_min: 6187
	F30_('S2', 'E2')_gc: False
	F34_('E5', 'S5')_rr: 0
	F19_('S5', 'E5')_t4_max: 30228
	F3_('S3', 'S4')_t4_min: 4132
	F22_('S2', 'S1')_gc: False
	F1_('S4', 'S5')_t4_max: 6750
	F16_('S2', 'S1')_t4_min: 10607
	F28_('S3', 'S2')_t4_min: 7949
	F37_('S3', 'S4')_t4_max: 162
	F4_jitter: 36
	F3_('S4', 'S5')_rr: 1
	F20_queue_index: 0
	F17_('S5', 'S4')_gc: True
	F38_('S4', 'E4')_t5_min: 133
	F29_('E5', 'S5')_t3_max: 26614
	F35_('S4', 'E4')_tb: 14229
	F25_('S3', 'S2')_gc: True
	F30_('S3', 'S2')_rr: 0
	F30_('S2', 'E2')_rr: 0
	F14_queue_index: 0
	F26_('S2', 'E2')_gc: False
	F8_('E5', 'S5')_t3_max: 38
	F18_('E5', 'S5')_t5_max: 524
	F16_('S2', 'S1')_gc: False
	F0_jitter: 18
	F35_('S4', 'E4')_t5_min: 14241
	F12_('E5', 'S5')_gc: False
	F24_('S2', 'E2')_t5_min: 2734
	F8_('E5', 'S5')_t4_min: 51
	F19_('S3', 'S4')_t4_min: 30174
	F35_('E2', 'S2')_t3_max: 14174
	F18_('S3', 'S2')_rr: 0
	F18_('S2', 'S1')_rr: 4
	F26_('E4', 'S4')_rr: 0
	F19_('S5', 'E5')_rr: 0
	F31_jitter: 18
	F34_queue_index: 0
	F33_('E5', 'S5')_t3_max: 2262
	F2_('E4', 'S4')_t3_max: 855
	F6_jitter: 18
	F3_('S2', 'S3')_t3_max: 4124
	F18_queue_index: 0
	F13_('S1', 'S2')_rr: 4
	F3_queue_index: 0
	F22_('S1', 'E1')_rr: 0
	F32_('S4', 'S3')_gc: False
	F15_('S2', 'S1')_t4_min: 7974
	F38_('E2', 'S2')_rr: 0
	F10_('S2', 'E2')_t4_min: 463
	F32_('S3', 'E3')_rr: 0
	F28_queue_index: 0
	F25_('E4', 'S4')_gc: False
	F11_('S3', 'S2')_t5_max: 595
	F10_('S2', 'E2')_t4_max: 499
	F20_('S2', 'S3')_t4_min: 4156
	F6_('S3', 'E3')_t4_max: 6220
	F21_('S1', 'E1')_gc: False
	F26_('S3', 'S2')_t4_min: 2749
	F12_('S5', 'S4')_t4_max: 106204
	F34_('S4', 'E4')_gc: False
	F12_('E5', 'S5')_rr: 0
	F13_('E1', 'S1')_rr: 0
	F5_('S1', 'S2')_t4_max: 2360
	F12_('E5', 'S5')_t3_max: 106164
	F36_('S1', 'S2')_rr: 0
	F3_('S2', 'S3')_rr: 8
	('E5', 'S5')_gcl_cycle: 1
	F5_('E1', 'S1')_tb: 2328
	F13_('E1', 'S1')_t4_min: 822
	F39_('S2', 'S1')_t4_min: 56156
	F3_('E1', 'S1')_t5_max: 4104
	F36_('E1', 'S1')_t3_max: 6776
	F22_('S1', 'E1')_gc: False
	F34_('S5', 'S4')_t4_min: 14
	F0_('E5', 'S5')_t5_min: 903
	F25_('S1', 'E1')_t4_max: 2972
	F23_('E5', 'S5')_t4_max: 22380
	F29_('S4', 'S3')_t3_min: 26647
	F9_('S1', 'S2')_gc: False
	F3_('S1', 'S2')_rr: 1
	F18_('S4', 'S3')_rr: 4
	F38_('S3', 'S4')_gc: False
	F13_('E1', 'S1')_t3_max: 809
	F16_('S3', 'S2')_rr: 0
	F25_('S3', 'S2')_rr: 4
	F13_queue_index: 0
	F25_('S4', 'S3')_t3_min: 2871
	F16_('S4', 'S3')_gc: False
	F39_('S1', 'E1')_t4_min: 56164
	F31_('S3', 'E3')_t4_min: 2741
	F2_('E4', 'S4')_gc: False
	F3_('S4', 'S5')_t4_max: 4163
	F11_jitter: 0
	F29_('S1', 'E1')_rr: 0
	F17_('S3', 'S2')_gc: False
	F7_('S4', 'S5')_t5_max: 33
	F33_('S5', 'S4')_rr: 16
	F28_('E3', 'S3')_t4_max: 7941
	F29_('S5', 'S4')_t4_max: 26655
	F15_('S1', 'E1')_t3_min: 7985
	F27_jitter: 18
	F26_('S2', 'E2')_t5_max: 2819
	F25_('E4', 'S4')_rr: 0
	F8_('S5', 'S4')_gc: False
	F29_('S4', 'S3')_tb: 26670
	F29_('S1', 'E1')_gc: False
	F27_('S1', 'E1')_gc: False
	F37_('E2', 'S2')_gc: False
	F26_queue_index: 0
	F4_('S4', 'S5')_gc: False
	F3_('S1', 'S2')_gc: True
	F0_('S2', 'E2')_gc: False
	F4_queue_index: 0
	F2_('S4', 'S3')_t4_max: 900
	F27_('S2', 'S1')_t5_max: 14149
	F24_('S5', 'S4')_t5_min: 2688
	F26_('S2', 'E2')_rr: 0
	F26_('S3', 'S2')_gc: False
	F0_('S3', 'S2')_rr: 8
	F29_('S5', 'S4')_rr: 0
	F31_('S5', 'S4')_t4_min: 2694
	F7_('S4', 'S5')_t4_min: 9
	F13_('S1', 'S2')_gc: True
	F22_('S2', 'S1')_t5_min: 8529
	F10_queue_index: 0
	F38_('S2', 'S3')_t4_max: 96
	F33_('S5', 'S4')_t4_min: 2288
	F22_('S1', 'E1')_t4_min: 8531
	F36_('S2', 'S3')_rr: 0
	F1_('S4', 'S5')_rr: 0
	F27_('E2', 'S2')_rr: 0
	F39_('E2', 'S2')_rr: 0
	F7_('S4', 'S5')_rr: 0
	('S4', 'S5')_gcl_cycle: 8000
	F26_('S3', 'S2')_t4_max: 2785
	F28_('S3', 'S2')_t4_max: 7967
	F29_('S3', 'S2')_t4_min: 26680
	F36_('S3', 'E3')_rr: 0
	F38_('S4', 'E4')_t4_min: 122
	F23_('E5', 'S5')_t3_max: 22367
	F37_('S4', 'E4')_t4_min: 170
	F19_('S4', 'S5')_rr: 0
	F29_('S4', 'S3')_rr: 2
	F9_('S2', 'S3')_t4_max: 6759
	F10_('S2', 'E2')_t3_min: 463
	F30_queue_index: 0
	('S3', 'S4')_gcl_cycle: 32000
	('S5', 'S4')_gcl_cycle: 64000
	F39_('E2', 'S2')_t3_max: 56130
	F2_('S3', 'E3')_t4_min: 896
	F38_('E2', 'S2')_gc: False
	F27_('E2', 'S2')_gc: False
	F17_jitter: 36
	F30_('S3', 'S2')_t4_max: 552
	F0_('S4', 'S3')_rr: 0
	F18_('S4', 'S3')_t4_min: 556
	F9_queue_index: 0
	F7_('S4', 'S5')_gc: False
	F3_('S4', 'S5')_t5_max: 4169
	F0_('S5', 'S4')_rr: 0
	F27_('S2', 'S1')_t4_min: 14142
	F11_('E3', 'S3')_gc: False
	F24_('E5', 'S5')_rr: 0
	F23_('S2', 'E2')_t5_max: 22462
	F15_('S1', 'E1')_gc: True
	F29_('S4', 'S3')_gc: True
	F16_('E4', 'S4')_tb: 10574
	F24_('S5', 'S4')_rr: 16
	F36_('S2', 'S3')_t5_max: 6832
	F29_('S5', 'S4')_t5_max: 26663
	F20_('S3', 'E3')_gc: False
	('S5', 'E5')_gcl_cycle: 8000
	F16_('S2', 'S1')_t4_max: 10661
	F6_('S1', 'S2')_rr: 1
	F1_queue_index: 0
	F13_('S2', 'S3')_t4_min: 833
	F3_('S5', 'E5')_rr: 1
	F22_('S2', 'S1')_t3_min: 8517
	F38_('S2', 'S3')_t4_min: 96
	F35_('S3', 'S4')_t4_min: 14215
	F2_('S3', 'E3')_gc: False
	F2_jitter: 36
	F11_('S3', 'S2')_t4_max: 592
	F32_('S4', 'S3')_t4_min: 14850
	F6_('S1', 'S2')_t4_max: 6187
	F18_('S1', 'E1')_t4_min: 600
	F37_('E2', 'S2')_t3_max: 123
	F3_('S3', 'S4')_tb: 4132
	F16_jitter: 72
	F35_('S4', 'E4')_t4_min: 14229
	F18_('S2', 'S1')_gc: True
	F38_('S2', 'S3')_rr: 8
	F10_('S2', 'E2')_tb: 463
	F30_('E4', 'S4')_gc: False
	F32_('S4', 'S3')_t4_max: 14868
	F20_('E2', 'S2')_t3_max: 4139
	F11_('S2', 'E2')_rr: 1
	F21_('S2', 'S1')_t4_min: 127926
	F31_('S5', 'S4')_t4_max: 2712
	F13_('S1', 'S2')_t4_max: 830
	F17_('S3', 'S2')_t4_min: 18313
	F31_('S4', 'S3')_t4_max: 2729
	F0_('S2', 'E2')_t4_max: 988
	F9_('S1', 'S2')_t5_min: 6734
	F36_('S1', 'S2')_gc: False
	F20_('S3', 'E3')_rr: 0
	F20_('S2', 'S3')_gc: False
	F19_('S3', 'S4')_t4_max: 30174
	F36_('S1', 'S2')_t4_min: 6792
	F24_queue_index: 0
	F27_('S1', 'E1')_rr: 0
	F16_('S3', 'S2')_t4_max: 10632
	F5_('S2', 'E2')_gc: False
	F20_('S2', 'S3')_t3_max: 4161
	F25_('S4', 'S3')_t3_max: 2876
	F3_('S1', 'S2')_t3_max: 4111
	F19_('S3', 'S4')_t3_max: 30174
	F12_('S5', 'S4')_t3_max: 106191
	F1_('S4', 'S5')_t3_max: 6737
	F31_('S5', 'S4')_t3_max: 2699
	F30_('S4', 'S3')_t3_max: 518
	F27_('S2', 'S1')_t3_max: 14142
	F22_('S4', 'S3')_t3_max: 8471
	F36_('S1', 'S2')_t3_max: 6797
	F18_('S5', 'S4')_t3_max: 531
	F15_('S2', 'S1')_t3_max: 7974
	F35_('S2', 'S3')_t3_max: 14206
	F8_('S5', 'S4')_t3_max: 68
	F26_('S4', 'S3')_t3_max: 2745
	F10_('S3', 'S2')_t3_max: 465
	F0_('S5', 'S4')_t3_max: 910
	F7_('S4', 'S5')_t3_max: 14
	F9_('S1', 'S2')_t3_max: 6730
	F32_('S4', 'S3')_t3_max: 14855
	F23_('S5', 'S4')_t3_max: 22390
	F5_('S1', 'S2')_t3_max: 2347
	F13_('S1', 'S2')_t3_max: 830
	F33_('S5', 'S4')_t3_max: 2288
	F17_('S5', 'S4')_t3_max: 18300
	F24_('S5', 'S4')_t3_max: 2678
	F39_('S2', 'S1')_t3_max: 56156
	F4_('S4', 'S5')_t3_max: 8055
	F11_('S3', 'S2')_t3_max: 592
	F21_('S2', 'S1')_t3_max: 127931
	F38_('S2', 'S3')_t3_max: 96
	F28_('S3', 'S2')_t3_max: 7954
	F14_('S2', 'S3')_t3_max: 38161
	F16_('S4', 'S3')_t3_max: 10590
	F6_('S1', 'S2')_t3_max: 6187
	F34_('S5', 'S4')_t3_max: 19
	F29_('S5', 'S4')_t3_max: 26642
	F37_('S2', 'S3')_t3_max: 149
	F2_('S4', 'S3')_t3_max: 887
	F6_('S3', 'E3')_t3_min: 6202
	F3_('S5', 'E5')_t5_max: 4182
	F13_('S2', 'S3')_t3_min: 833
	F24_('E5', 'S5')_t5_max: 2671
	F37_('S2', 'S3')_t5_min: 155
	F11_('E3', 'S3')_t4_max: 582
	F39_('S2', 'S1')_t3_min: 56151
	F19_('E3', 'S3')_t4_min: 30160
	F15_('E2', 'S2')_t5_max: 7967
	F6_('S3', 'E3')_t5_min: 6205
	F21_('S2', 'S1')_t5_max: 127954
	F37_('E2', 'S2')_tb: 136
	F28_('S2', 'E2')_t3_min: 7957
	F13_('S3', 'S4')_tb: 836
	F20_('E2', 'S2')_tb: 4152
	F5_('S2', 'E2')_t3_max: 2379
	F0_('S2', 'E2')_t3_min: 970
	F21_('S2', 'S1')_t3_min: 127926
	F14_('S3', 'E3')_t3_max: 38178
	F9_('S3', 'E3')_t4_max: 6788
	F1_('S5', 'E5')_t4_max: 6772
	F18_('S1', 'E1')_tb: 600
	F8_('E5', 'S5')_t4_max: 51
	F16_('S2', 'S1')_t3_max: 10648
	F32_('S3', 'E3')_t4_max: 14890
	F3_('S3', 'S4')_t3_max: 4137
	F17_('S5', 'S4')_tb: 18300
	F37_('E2', 'S2')_t4_min: 136
	F4_('S5', 'E5')_t5_min: 8068
	F6_('S3', 'E3')_t5_max: 6223
	F21_('E2', 'S2')_t5_max: 127924
	F21_('E2', 'S2')_t4_min: 127914
	F7_('E4', 'S4')_t5_max: 7
	F10_('S2', 'E2')_t3_max: 486
	F7_('S5', 'E5')_t3_max: 40
	F18_('S2', 'S1')_tb: 593
	F19_('S4', 'S5')_t3_max: 30188
	F38_('E2', 'S2')_t5_max: 89
	F11_('E3', 'S3')_t4_min: 582
	F10_('S3', 'S2')_t5_max: 479
	('S5', 'E5')_gcl_length: 2
	F34_('S4', 'E4')_tb: 27
	F19_('S4', 'S5')_tb: 30183
	F18_('S3', 'S2')_tb: 563
	F17_('S4', 'S3')_t3_min: 18304
	F14_('E2', 'S2')_t4_min: 38144
	F0_('E5', 'S5')_t4_min: 897
	F36_('S3', 'E3')_t5_max: 6853
	F18_('S2', 'S1')_t5_min: 598
	F9_('S2', 'S3')_t5_min: 6768
	F18_('S3', 'S2')_t3_max: 568
	F16_('E4', 'S4')_t4_min: 10574
	F10_('E3', 'S3')_t5_min: 458
	F19_('E3', 'S3')_t3_min: 30160
	F26_('S4', 'S3')_t5_max: 2765
	F31_('E5', 'S5')_t4_max: 2682
	F19_('E3', 'S3')_t5_max: 30167
	('S1', 'S2')_gcl_length: 12
	F21_('S2', 'S1')_tb: 127926
	F5_('E1', 'S1')_t4_max: 2328
	F19_('S3', 'S4')_tb: 30174
	F31_('S4', 'S3')_t3_min: 2706
	F10_('E3', 'S3')_t3_min: 457
	('S1', 'E1')_gcl_length: 2
	F21_('E2', 'S2')_t4_max: 127914
	F32_('S3', 'E3')_tb: 14854
	F3_('S5', 'E5')_tb: 4176
	F7_('E4', 'S4')_t3_min: 1
	F19_('E3', 'S3')_t5_min: 30167
	F1_('E4', 'S4')_t3_min: 6728
	F23_('S3', 'S2')_t5_min: 22403
	F3_('S1', 'S2')_t5_min: 4117
	F6_('S1', 'S2')_tb: 6187
	F15_('E2', 'S2')_t5_min: 7967
	F18_('S4', 'S3')_t5_max: 561
	F15_('S2', 'S1')_t3_min: 7969
	F31_('S5', 'S4')_t5_min: 2704
	F35_('S4', 'E4')_t4_max: 14283
	F19_('S5', 'E5')_t3_max: 30215
	F13_('E1', 'S1')_t5_max: 823
	F29_('S5', 'S4')_tb: 26637
	F3_('S2', 'S3')_tb: 4124
	F26_('S4', 'S3')_tb: 2740
	F5_('S1', 'S2')_t5_max: 2372
	F35_('E2', 'S2')_t4_min: 14187
	F36_('E1', 'S1')_t4_min: 6789
	F36_('S2', 'S3')_t3_max: 6818
	F18_('S5', 'S4')_t5_max: 549
	('S2', 'S3')_gcl_length: 116
	F34_('S5', 'S4')_t5_min: 25
	F24_('S4', 'S3')_tb: 2695
	F25_('E4', 'S4')_t4_min: 2857
	F30_('S2', 'E2')_t5_max: 574
	F22_('S1', 'E1')_t4_max: 8567
	F3_('S3', 'S4')_t5_max: 4156
	F20_('S3', 'E3')_t3_min: 4160
	F39_('S2', 'S1')_t5_max: 56162
	F2_('E4', 'S4')_t5_max: 880
	F22_('E4', 'S4')_t5_max: 8464
	F0_('S4', 'S3')_t3_min: 913
	F31_('E5', 'S5')_t3_min: 2682
	F36_('S1', 'S2')_t3_min: 6792
	F8_('S4', 'E4')_t3_min: 75
	F2_('S3', 'E3')_t3_min: 896
	F15_('S2', 'S1')_tb: 7974
	F9_('S2', 'S3')_t3_max: 6759
	F9_('S2', 'S3')_t5_max: 6768
	F6_('S2', 'S3')_t3_max: 6197
	F28_('S2', 'E2')_tb: 7957
	F22_('S1', 'E1')_tb: 8531
	F38_('S4', 'E4')_t3_min: 122
	F22_('E4', 'S4')_t5_min: 8464
	F17_('S4', 'S3')_t5_max: 18311
	F23_('S5', 'S4')_t3_min: 22385
	F31_('S4', 'S3')_tb: 2729
	F17_('S3', 'S2')_t3_max: 18318
	F31_('S3', 'E3')_tb: 2741
	F33_('E5', 'S5')_t5_max: 2281
	F24_('S3', 'S2')_tb: 2712
	F24_('S3', 'S2')_t3_max: 2712
	F25_('E4', 'S4')_t5_max: 2869
	F24_('S4', 'S3')_t3_min: 2690
	('S3', 'E3')_gcl_length: 0
	F18_('S4', 'S3')_tb: 556
	F4_('E4', 'S4')_t4_min: 8040
	F30_('E4', 'S4')_t3_min: 510
	F7_('E4', 'S4')_tb: 1
	F15_('S2', 'S1')_t5_min: 7983
	F13_('E1', 'S1')_t3_min: 822
	F4_('S4', 'S5')_t5_max: 8076
	F3_('S1', 'S2')_t3_min: 4106
	('E2', 'S2')_gcl_length: 0
	F30_('S3', 'S2')_tb: 516
	F26_('S2', 'E2')_t3_max: 2799
	F18_('S4', 'S3')_t3_min: 533
	F0_('S5', 'S4')_t3_min: 905
	F1_('E4', 'S4')_t4_max: 6728
	F4_('S4', 'S5')_t5_min: 8058
	F24_('S2', 'E2')_t5_max: 2752
	F0_('S2', 'E2')_t5_max: 994
	F5_('S2', 'E2')_t4_max: 2392
	F36_('E1', 'S1')_t3_min: 6789
	F14_('S3', 'E3')_t5_min: 38183
	F3_('E1', 'S1')_t4_max: 4098
	('S4', 'S5')_gcl_length: 2
	F16_('E4', 'S4')_t4_max: 10574
	F30_('E4', 'S4')_t5_min: 511
	F8_('S5', 'S4')_t3_min: 63
	F12_('E5', 'S5')_t3_min: 106177
	F29_('S1', 'E1')_tb: 26700
	F6_('E1', 'S1')_tb: 6177
	F38_('S4', 'E4')_t3_max: 145
	F5_('S1', 'S2')_tb: 2342
	F7_('S4', 'S5')_t5_min: 15
	F2_('S4', 'S3')_t3_min: 882
	F4_('S5', 'E5')_t5_max: 8104
	F33_('S5', 'S4')_t5_min: 2294
	F39_('S1', 'E1')_t5_max: 56188
	F28_('S2', 'E2')_t3_max: 7980
	F36_('S3', 'E3')_t3_max: 6839
	F14_('S3', 'E3')_t5_max: 38201
	F38_('E2', 'S2')_tb: 78
	F33_('E5', 'S5')_t5_min: 2281
	F17_('E5', 'S5')_t4_max: 18291
	F16_('S1', 'E1')_t3_max: 10677
	F24_('E5', 'S5')_t4_max: 2661
	('E4', 'S4')_gcl_length: 0
	F18_('S1', 'E1')_t3_min: 600
	F6_('S3', 'E3')_tb: 6202
	F10_('E3', 'S3')_t4_min: 457
	F23_('S4', 'S3')_tb: 22395
	F17_('S5', 'S4')_t3_min: 18295
	F15_('S1', 'E1')_tb: 7990
	F33_('E5', 'S5')_t4_min: 2275
	F13_('S4', 'E4')_t4_max: 893
	F21_('S1', 'E1')_t4_max: 127974
	F3_('S4', 'S5')_tb: 4163
	F20_('S3', 'E3')_t5_max: 4198
	F1_('S5', 'E5')_tb: 6736
	F10_('E3', 'S3')_tb: 457
	F19_('E3', 'S3')_tb: 30160
	F27_('E2', 'S2')_t4_min: 14128
	F15_('E2', 'S2')_t3_min: 7958
	F26_('S4', 'S3')_t3_min: 2740
	F20_('S3', 'E3')_t3_max: 4183
	F10_('S2', 'E2')_t5_max: 500
	F39_('S2', 'S1')_tb: 56156
	F31_('S3', 'E3')_t3_max: 2746
	F18_('S1', 'E1')_t5_max: 623
	('E1', 'S1')_gcl_length: 0
	F32_('S4', 'S3')_t5_min: 14852
	F3_('S5', 'E5')_t3_max: 4176
	F29_('S4', 'S3')_t5_min: 26678
	F22_('S2', 'S1')_t3_max: 8522
	F8_('S4', 'E4')_t5_min: 85
	F12_('S4', 'E4')_t3_min: 106195
	F34_('S4', 'E4')_t3_min: 27
	F31_('S4', 'S3')_t5_max: 2739
	F31_('S4', 'S3')_t3_max: 2729
	F8_('S4', 'E4')_t5_max: 121
	F26_('S4', 'S3')_t5_min: 2747
	F30_('S3', 'S2')_t5_max: 553
	F24_('E5', 'S5')_tb: 2661
	F24_('S2', 'E2')_t3_min: 2724
	F29_('S3', 'S2')_t5_min: 26688
	F37_('S3', 'S4')_t3_max: 162
	F15_('E2', 'S2')_t4_min: 7958
	F33_('S5', 'S4')_tb: 2288
	F37_('S2', 'S3')_t3_min: 144
	F28_('S2', 'E2')_t5_min: 7963
	F27_('E2', 'S2')_t3_min: 14128
	F3_('E1', 'S1')_t3_min: 4098
	F0_('S3', 'S2')_t5_max: 968
	F4_('E4', 'S4')_t4_max: 8040
	F2_('S3', 'E3')_tb: 896
	F38_('E2', 'S2')_t3_min: 78
	F33_('E5', 'S5')_t4_max: 2275
	F15_('S1', 'E1')_t4_max: 7990
	F9_('S1', 'S2')_t3_min: 6725
	F29_('E5', 'S5')_t5_min: 26635
	F23_('S4', 'S3')_t5_max: 22416
	F23_('E5', 'S5')_t4_min: 22380
	F4_('S5', 'E5')_tb: 8060
	F14_('S3', 'E3')_t3_min: 38173
	F33_('S4', 'E4')_tb: 2296
	F37_('E2', 'S2')_t3_min: 136
	F38_('S2', 'S3')_t5_min: 107
	F4_('E4', 'S4')_t5_min: 8048
	F28_('S2', 'E2')_t5_max: 7999
	F18_('E5', 'S5')_t4_max: 519
	F26_('S2', 'E2')_t4_max: 2812
	F25_('E4', 'S4')_t3_min: 2857
	F30_('S3', 'S2')_t5_min: 517
	F12_('S4', 'E4')_t3_max: 106218
	F26_('S3', 'S2')_t3_max: 2772
	F10_('S3', 'S2')_tb: 460
	F15_('S1', 'E1')_t5_min: 7999
	F0_('S3', 'S2')_t5_min: 968
	F24_('S4', 'S3')_t3_max: 2695
	F22_('S4', 'S3')_t5_min: 8478
	F12_('E5', 'S5')_t4_max: 106177
	F3_('E1', 'S1')_t4_min: 4098
	F39_('S2', 'S1')_t5_min: 56162
	F2_('E4', 'S4')_t4_min: 868
	F16_('S3', 'S2')_t5_min: 10605
	F2_('S3', 'E3')_t4_max: 932
	F13_('E1', 'S1')_t5_min: 823
	F2_('S4', 'S3')_t5_min: 894
	F22_('S3', 'S2')_t3_max: 8503
	F12_('S4', 'E4')_tb: 106195
	F17_('E5', 'S5')_t4_min: 18291
	F15_('S1', 'E1')_t5_max: 7999
	F4_('E4', 'S4')_t5_max: 8048
	F8_('S5', 'S4')_t5_max: 91
	F1_('S4', 'S5')_t5_min: 6734
	F3_('S5', 'E5')_t5_min: 4182
	F23_('S3', 'S2')_t3_min: 22400
	F2_('S3', 'E3')_t5_max: 944
	F36_('E1', 'S1')_t5_max: 6790
	F16_('S1', 'E1')_t5_min: 10627
	F28_('S3', 'S2')_t5_max: 7973
	F6_('E1', 'S1')_t5_max: 6180
	F20_('E2', 'S2')_t5_max: 4154
	F12_('E5', 'S5')_t4_min: 106177
	F9_('S3', 'E3')_t5_max: 6797
	F37_('S4', 'E4')_t4_max: 188
	F8_('S4', 'E4')_t3_max: 98
	F39_('S1', 'E1')_t3_max: 56169
	F24_('S2', 'E2')_t3_max: 2729
	F37_('S3', 'S4')_tb: 162
	F25_('S3', 'S2')_t5_min: 2920
	F2_('E4', 'S4')_t5_min: 880
	F23_('E5', 'S5')_tb: 22380
	F9_('S1', 'S2')_t5_max: 6752
	F18_('S4', 'S3')_t3_max: 556
	F31_('S5', 'S4')_t5_max: 2722
	F30_('S4', 'S3')_t5_min: 514
	F29_('E5', 'S5')_t4_max: 26627
	F25_('E4', 'S4')_t5_min: 2869
	F15_('S2', 'S1')_t5_max: 7983
	F12_('E5', 'S5')_tb: 106177
	F9_('E1', 'S1')_tb: 6714
	F24_('S5', 'S4')_t5_max: 2688
	F16_('E4', 'S4')_t5_min: 10583
	('E5', 'S5')_gcl_length: 0
	F5_('E1', 'S1')_t5_max: 2340
	F13_('S3', 'S4')_t3_min: 836
	F16_('S2', 'S1')_t5_min: 10616
	F6_('S1', 'S2')_t5_min: 6190
	F14_('E2', 'S2')_tb: 38144
	F27_('S2', 'S1')_t5_min: 14149
	F22_('S3', 'S2')_t5_min: 8515
	('E3', 'S3')_gcl_length: 0
	F21_('S1', 'E1')_tb: 127938
	F16_('S1', 'E1')_tb: 10618
	F23_('E5', 'S5')_t5_min: 22383
	F16_('S2', 'S1')_t5_max: 10670
	F0_('S4', 'S3')_t5_max: 955
	F16_('S4', 'S3')_t5_max: 10612
	F5_('E1', 'S1')_t4_min: 2328
	F25_('S1', 'E1')_t5_min: 2948
	F27_('S1', 'E1')_t5_min: 14158
	F7_('S5', 'E5')_t5_max: 59
	F23_('S2', 'E2')_t5_min: 22408
	F39_('E2', 'S2')_t4_min: 56143
	F34_('S4', 'E4')_t5_max: 74
	F11_('E3', 'S3')_t5_max: 585
	F3_('S4', 'S5')_t5_min: 4169
	F1_('S5', 'E5')_t3_min: 6736
	F16_('S1', 'E1')_t3_min: 10618
	F38_('S2', 'S3')_t3_min: 91
	F21_('E2', 'S2')_tb: 127914
	F19_('S4', 'S5')_t3_min: 30183
	F36_('S1', 'S2')_t5_max: 6811
	F24_('S4', 'S3')_t5_max: 2705
	F6_('E1', 'S1')_t4_min: 6177
	F24_('E5', 'S5')_t5_min: 2671
	F19_('S4', 'S5')_t5_max: 30208
	F27_('E2', 'S2')_t4_max: 14128
	F29_('S3', 'S2')_t3_min: 26680
	F10_('S2', 'E2')_t5_min: 464
	F12_('S5', 'S4')_tb: 106186
	F9_('E1', 'S1')_t5_min: 6723
	F39_('S1', 'E1')_t5_min: 56170
	F7_('S4', 'S5')_tb: 9
	F21_('S1', 'E1')_t3_min: 127938
	F38_('S2', 'S3')_tb: 96
	F19_('S3', 'S4')_t5_min: 30181
	F30_('S2', 'E2')_tb: 519
	F26_('S3', 'S2')_t5_min: 2756
	F19_('E3', 'S3')_t4_max: 30160
	F0_('E5', 'S5')_tb: 897
	F24_('E5', 'S5')_t4_min: 2661
	F25_('S3', 'S2')_t5_max: 2920
	F39_('E2', 'S2')_t3_min: 56143
	F28_('S3', 'S2')_t3_min: 7949
	F32_('S3', 'E3')_t3_min: 14854
	F3_('S1', 'S2')_tb: 4111
	F1_('S4', 'S5')_tb: 6732
	F29_('S1', 'E1')_t5_max: 26762
	F1_('E4', 'S4')_t4_min: 6728
	F11_('S2', 'E2')_tb: 602
	F23_('S2', 'E2')_t3_max: 22446
	('S4', 'S3')_gcl_length: 78
	F3_('S2', 'S3')_t5_max: 4130
	F0_('S4', 'S3')_t5_min: 919
	F37_('S4', 'E4')_tb: 170
	F38_('E2', 'S2')_t5_min: 89
	F1_('S5', 'E5')_t5_min: 6738
	F0_('S2', 'E2')_tb: 970
	F34_('E5', 'S5')_t4_min: 1
	F36_('E1', 'S1')_t5_min: 6790
	F25_('S2', 'S1')_t3_max: 2927
	F12_('S4', 'E4')_t5_max: 106238
	F35_('S4', 'E4')_t3_min: 14229
	F18_('S3', 'S2')_t5_max: 586
	F11_('S2', 'E2')_t5_min: 605
	F3_('E1', 'S1')_t5_min: 4104
	F6_('S2', 'S3')_t5_min: 6200
	F0_('S2', 'E2')_t3_max: 975
	F13_('S4', 'E4')_t3_max: 880
	F17_('E5', 'S5')_tb: 18291
	F26_('E4', 'S4')_t5_min: 2738
	F11_('E3', 'S3')_tb: 582
	F17_('S4', 'S3')_tb: 18309
	F0_('S2', 'E2')_t5_min: 976
	F5_('S2', 'E2')_tb: 2356
	F11_('E3', 'S3')_t5_min: 585
	F3_('E1', 'S1')_tb: 4098
	F11_('S2', 'E2')_t3_min: 597
	F21_('S1', 'E1')_t5_min: 127948
	F24_('S2', 'E2')_tb: 2724
	F17_('S2', 'E2')_tb: 18317
	F27_('E2', 'S2')_t5_min: 14135
	F4_('S5', 'E5')_t3_max: 8083
	F18_('S2', 'S1')_t3_max: 593
	F17_('S2', 'E2')_t4_max: 18353
	F2_('E4', 'S4')_t3_min: 868
	F29_('S5', 'S4')_t5_min: 26645
	F36_('S2', 'S3')_t3_min: 6795
	F24_('S5', 'S4')_t3_min: 2673
	F30_('S3', 'S2')_t3_min: 516
	F26_('S3', 'S2')_t3_min: 2749
	F27_('S1', 'E1')_tb: 14151
	F38_('S3', 'S4')_tb: 109
	F26_('S2', 'E2')_t3_min: 2758
	F26_('S3', 'S2')_t5_max: 2792
	F33_('S4', 'E4')_t5_min: 2302
	F35_('S2', 'S3')_t5_min: 14213
	F31_('E5', 'S5')_t4_min: 2682
	F14_('S2', 'S3')_t3_min: 38156
	F12_('E5', 'S5')_t5_min: 106184
	F35_('S3', 'S4')_t5_max: 14263
	F22_('S1', 'E1')_t3_min: 8531
	F37_('S4', 'E4')_t3_max: 175
	F32_('S3', 'E3')_t5_max: 14892
	F11_('S2', 'E2')_t5_max: 605
	F25_('S1', 'E1')_tb: 2936
	F22_('E4', 'S4')_tb: 8452
	F23_('S3', 'S2')_t5_max: 22439
	F25_('S1', 'E1')_t5_max: 2984
	F29_('E5', 'S5')_t5_max: 26635
	F2_('E4', 'S4')_tb: 868
	F13_('S2', 'S3')_t3_max: 838
	F28_('S3', 'S2')_t5_min: 7955
	F2_('S4', 'S3')_tb: 882
	F18_('S1', 'E1')_t3_max: 605
	F6_('E1', 'S1')_t5_min: 6180
	F29_('S4', 'S3')_t5_max: 26678
	F26_('S2', 'E2')_t5_min: 2765
	F26_('E4', 'S4')_t5_max: 2738
	F3_('S2', 'S3')_t5_min: 4130
	F16_('S4', 'S3')_t3_min: 10585
	F9_('S3', 'E3')_t3_max: 6775
	F7_('S5', 'E5')_t5_min: 23
	F22_('S1', 'E1')_t5_max: 8579
	F13_('S3', 'S4')_t5_min: 837
	F1_('E4', 'S4')_t5_max: 6730
	F39_('E2', 'S2')_tb: 56143
	F29_('S3', 'S2')_t3_max: 26685
	F20_('E2', 'S2')_t5_min: 4154
	F25_('S4', 'S3')_tb: 2871
	F18_('E5', 'S5')_t3_min: 519
	F32_('E4', 'S4')_t5_max: 14848
	F28_('E3', 'S3')_tb: 7941
	F2_('S3', 'E3')_t5_min: 908
	F13_('S1', 'S2')_t5_min: 831
	F30_('S2', 'E2')_t5_min: 520
	F22_('S1', 'E1')_t3_max: 8554
	F9_('E1', 'S1')_t4_min: 6714
	F14_('S2', 'S3')_tb: 38161
	F8_('E5', 'S5')_t3_min: 51
	F0_('S5', 'S4')_t5_min: 911
	F29_('E5', 'S5')_t4_min: 26627
	F13_('S4', 'E4')_t5_max: 894
	F30_('S3', 'S2')_t3_max: 539
	F38_('S2', 'S3')_t5_max: 107
	F9_('S3', 'E3')_t3_min: 6770
	F14_('E2', 'S2')_t5_min: 38154
	F21_('S2', 'S1')_t5_min: 127936
	F34_('S5', 'S4')_t5_max: 43
	F25_('E4', 'S4')_tb: 2857
	F24_('S5', 'S4')_tb: 2678
	F13_('S4', 'E4')_tb: 839
	F36_('S1', 'S2')_t5_min: 6793
	F23_('S2', 'E2')_tb: 22405
	F12_('S4', 'E4')_t4_max: 106231
	F25_('S4', 'S3')_t5_min: 2883
	F14_('S3', 'E3')_tb: 38173
	F25_('S3', 'S2')_tb: 2908
	F10_('S3', 'S2')_t5_min: 461
	F33_('E5', 'S5')_t3_min: 2275
	F37_('E2', 'S2')_t5_max: 142
	F25_('S4', 'S3')_t5_max: 2901
	F7_('S4', 'S5')_t3_min: 9
	F6_('S3', 'E3')_t3_max: 6207
	F34_('S4', 'E4')_t4_max: 63
	F17_('S5', 'S4')_t5_min: 18302
	F30_('S4', 'S3')_t3_min: 513
	F0_('S5', 'S4')_t5_max: 929
	F9_('S3', 'E3')_t5_min: 6779
	F33_('S4', 'E4')_t4_max: 2314
	F23_('S4', 'S3')_t3_min: 22395
	F22_('S3', 'S2')_t5_max: 8515
	F0_('S3', 'S2')_tb: 962
	F14_('S2', 'S3')_t5_min: 38171
	F38_('S4', 'E4')_t5_max: 169
	F28_('E3', 'S3')_t5_min: 7947
	F6_('S2', 'S3')_tb: 6197
	F7_('E4', 'S4')_t4_max: 1
	F21_('E2', 'S2')_t5_min: 127924
	F32_('E4', 'S4')_t5_min: 14848
	F32_('E4', 'S4')_t4_min: 14846
	F25_('S1', 'E1')_t3_min: 2936
	F31_('S4', 'S3')_t5_min: 2739
	F23_('S2', 'E2')_t4_max: 22459
	F38_('S4', 'E4')_t4_max: 158
	F17_('S2', 'E2')_t3_max: 18340
	F17_('S2', 'E2')_t5_min: 18319
	F36_('E1', 'S1')_t4_max: 6789
	F29_('S1', 'E1')_t5_min: 26708
	F26_('S3', 'S2')_tb: 2749
	F17_('E5', 'S5')_t3_min: 18291
	F5_('S1', 'S2')_t5_min: 2354
	F25_('S2', 'S1')_tb: 2922
	F26_('E4', 'S4')_t4_min: 2731
	F36_('S2', 'S3')_tb: 6795
	F20_('S3', 'E3')_tb: 4160
	F29_('S4', 'S3')_t3_max: 26670
	F9_('S1', 'S2')_tb: 6725
	F6_('S2', 'S3')_t5_max: 6200
	F32_('S4', 'S3')_t5_max: 14870
	F19_('S5', 'E5')_t3_min: 30192
	F3_('S1', 'S2')_t5_max: 4117
	F18_('S3', 'S2')_t5_min: 568
	F2_('S4', 'S3')_t5_max: 912
	F13_('S1', 'S2')_tb: 830
	F36_('E1', 'S1')_tb: 6789
	F38_('S3', 'S4')_t3_min: 109
	F13_('E1', 'S1')_t4_max: 822
	F31_('S3', 'E3')_t5_min: 2751
	F0_('S5', 'S4')_tb: 905
	F9_('E1', 'S1')_t4_max: 6714
	F35_('E2', 'S2')_t5_max: 14199
	F32_('E4', 'S4')_tb: 14846
	F32_('E4', 'S4')_t3_min: 14846
	F38_('S3', 'S4')_t5_max: 138
	F32_('S3', 'E3')_t5_min: 14856
	F20_('E2', 'S2')_t3_min: 4152
	F21_('S1', 'E1')_t3_max: 127961
	F23_('S5', 'S4')_t5_max: 22393
	F29_('E5', 'S5')_tb: 26627
	F36_('S2', 'S3')_t5_min: 6796
	F26_('E4', 'S4')_t3_min: 2731
	('S2', 'S1')_gcl_length: 34
	F5_('E1', 'S1')_t3_min: 2328
	F23_('S4', 'S3')_t3_max: 22400
	F7_('S5', 'E5')_t4_max: 53
	F5_('S2', 'E2')_t5_max: 2404
	F20_('S2', 'S3')_t5_max: 4176
	F14_('E2', 'S2')_t4_max: 38144
	F8_('E5', 'S5')_t5_max: 61
	F17_('S4', 'S3')_t5_min: 18311
	F13_('S3', 'S4')_t5_max: 873
	F36_('S3', 'E3')_t4_max: 6852
	F13_('S1', 'S2')_t3_min: 825
	F10_('S3', 'S2')_t3_min: 460
	F11_('S3', 'S2')_tb: 592
	F20_('E2', 'S2')_t4_min: 4152
	F14_('S2', 'S3')_t5_max: 38171
	F4_('E4', 'S4')_t3_min: 8040
	F38_('E2', 'S2')_t4_min: 78
	F35_('S3', 'S4')_t3_max: 14238
	F30_('S2', 'E2')_t3_max: 560
	F3_('S3', 'S4')_t3_min: 4132
	F7_('S5', 'E5')_tb: 17
	F34_('S4', 'E4')_t3_max: 50
	F27_('S1', 'E1')_t5_max: 14176
	F22_('S2', 'S1')_t5_max: 8547
	F30_('E4', 'S4')_t4_min: 510
	F33_('S5', 'S4')_t3_min: 2283
	F27_('S1', 'E1')_t3_max: 14156
	F29_('S2', 'S1')_t3_max: 26713
	F13_('S3', 'S4')_t3_max: 859
	F12_('S4', 'E4')_t5_min: 106202
	F4_('S5', 'E5')_t3_min: 8060
	F18_('S4', 'S3')_t5_min: 561
	F16_('S1', 'E1')_t4_max: 10690
	F39_('S1', 'E1')_t3_min: 56164
	F16_('S4', 'S3')_tb: 10585
	F39_('E2', 'S2')_t5_min: 56149
	F23_('S3', 'S2')_t3_max: 22423
	F28_('E3', 'S3')_t4_min: 7941
	F13_('S2', 'S3')_t5_min: 834
	F19_('S4', 'S5')_t5_min: 30190
	F17_('S2', 'E2')_t5_max: 18355
	F16_('S1', 'E1')_t5_max: 10699
	F13_('S4', 'E4')_t5_min: 840
	F2_('S3', 'E3')_t3_max: 919
	F25_('S2', 'S1')_t5_max: 2952
	F24_('E5', 'S5')_t3_min: 2661
	F12_('S5', 'S4')_t5_max: 106211
	F24_('S3', 'S2')_t5_max: 2722
	F28_('S3', 'S2')_tb: 7949
	F22_('E4', 'S4')_t3_min: 8452
	F29_('S2', 'S1')_t5_min: 26698
	F21_('E2', 'S2')_t3_min: 127914
	F18_('S1', 'E1')_t5_min: 605
	F35_('E2', 'S2')_t3_min: 14187
	F25_('S2', 'S1')_t5_min: 2934
	F26_('E4', 'S4')_t4_max: 2731
	F10_('E3', 'S3')_t4_max: 457
	F23_('S4', 'S3')_t5_min: 22398
	F4_('S5', 'E5')_t4_max: 8096
	('S2', 'E2')_gcl_length: 2
	F35_('S3', 'S4')_t5_min: 14227
	F19_('S3', 'S4')_t5_max: 30181
	F29_('S2', 'S1')_t3_min: 26690
	F17_('S3', 'S2')_t5_min: 18315
	F30_('E4', 'S4')_t5_max: 511
	F22_('S3', 'S2')_tb: 8503
	F12_('S5', 'S4')_t5_min: 106193
	F31_('S3', 'E3')_t5_max: 2769
	F3_('S3', 'S4')_t5_min: 4138
	F29_('S3', 'S2')_t5_max: 26706
	F0_('S3', 'S2')_t3_min: 921
	F5_('S2', 'E2')_t5_min: 2368
	F0_('E5', 'S5')_t3_min: 897
	F32_('S4', 'S3')_t3_min: 14850
	F29_('S1', 'E1')_t3_min: 26700
	F28_('E3', 'S3')_t5_max: 7947
	F33_('E5', 'S5')_tb: 2275
	F18_('S2', 'S1')_t5_max: 598
	F18_('E5', 'S5')_t4_min: 519
	F16_('S2', 'S1')_t3_min: 10607
	F37_('S2', 'S3')_tb: 149
	F11_('E3', 'S3')_t3_min: 582
	F13_('S4', 'E4')_t3_min: 839
	F1_('S5', 'E5')_t5_max: 6774
	F16_('S3', 'S2')_t5_max: 10641
	F33_('S4', 'E4')_t3_min: 2296
	F37_('S3', 'S4')_t5_max: 168
	F26_('S2', 'E2')_tb: 2758
	F23_('E5', 'S5')_t3_min: 22380
	F11_('S2', 'E2')_t4_max: 602
	F5_('E1', 'S1')_t5_min: 2340
	F34_('S5', 'S4')_tb: 14
	F18_('S1', 'E1')_t4_max: 618
	F0_('S4', 'S3')_tb: 913
	F9_('S2', 'S3')_tb: 6759
	F23_('S3', 'S2')_tb: 22400
	F23_('S2', 'E2')_t3_min: 22405
	F10_('E3', 'S3')_t5_max: 458
	F34_('E5', 'S5')_t4_max: 1
	F13_('S2', 'S3')_t5_max: 852
	F17_('S3', 'S2')_tb: 18313
	F32_('E4', 'S4')_t4_max: 14846
	F16_('E4', 'S4')_t3_min: 10574
	F37_('S2', 'S3')_t5_max: 155
	F8_('E5', 'S5')_t5_min: 61
	F36_('S3', 'E3')_t3_min: 6798
	F7_('E4', 'S4')_t5_min: 7
	F37_('S4', 'E4')_t5_max: 194
	F8_('S4', 'E4')_t4_max: 111
	F23_('S5', 'S4')_t5_min: 22393
	F30_('S4', 'S3')_tb: 513
	F22_('E4', 'S4')_t4_max: 8452
	F6_('E1', 'S1')_t4_max: 6177
	F11_('S3', 'S2')_t3_min: 587
	F27_('S2', 'S1')_t3_min: 14137
	F37_('S3', 'S4')_t3_min: 157
	F4_('E4', 'S4')_tb: 8040
	F28_('E3', 'S3')_t3_min: 7941
	F2_('E4', 'S4')_t4_max: 868
	F1_('E4', 'S4')_tb: 6728
	F6_('E1', 'S1')_t3_min: 6177
	F19_('S5', 'E5')_t5_max: 30235
	F16_('S4', 'S3')_t5_min: 10594
	F18_('S5', 'S4')_t3_min: 526
	F37_('S4', 'E4')_t3_min: 170
	F7_('S5', 'E5')_t3_min: 17
	F20_('S3', 'E3')_t4_max: 4196
	F18_('E5', 'S5')_tb: 519
	F18_('E5', 'S5')_t5_min: 524
	F35_('S4', 'E4')_t3_max: 14270
	F4_('S4', 'S5')_t3_min: 8050
	F21_('S1', 'E1')_t5_max: 127984
	F14_('S3', 'E3')_t4_max: 38191
	F34_('E5', 'S5')_t3_min: 1
	F28_('S2', 'E2')_t4_max: 7993
	F22_('S4', 'S3')_t5_max: 8496
	F16_('S3', 'S2')_t3_max: 10619
	F5_('S1', 'S2')_t3_min: 2342
	F31_('S5', 'S4')_tb: 2694
	F14_('E2', 'S2')_t3_min: 38144
	F9_('S3', 'E3')_tb: 6770
	F16_('S3', 'S2')_tb: 10596
	F37_('E2', 'S2')_t4_max: 136
	F27_('S1', 'E1')_t4_max: 14169
	F35_('S4', 'E4')_t5_max: 14295
	F31_('E5', 'S5')_t5_max: 2692
	F17_('E5', 'S5')_t5_min: 18293
	F15_('S1', 'E1')_t3_max: 7990
	F16_('E4', 'S4')_t5_max: 10583
	F30_('S4', 'S3')_t5_max: 532
	F35_('S3', 'S4')_t3_min: 14215
	F20_('S2', 'S3')_t5_min: 4158
	F6_('S2', 'S3')_t3_min: 6192
	F38_('E2', 'S2')_t4_max: 78
	F31_('E5', 'S5')_t5_min: 2692
	('S4', 'E4')_gcl_length: 0
	F14_('E2', 'S2')_t5_max: 38154
	F24_('S2', 'E2')_t4_max: 2742
	('S3', 'S2')_gcl_length: 50
	F20_('E2', 'S2')_t4_max: 4152
	F17_('S3', 'S2')_t3_min: 18313
	F23_('S5', 'S4')_tb: 22390
	F19_('S5', 'E5')_tb: 30192
