0. Flow F0 [E5-->E3] with period 32000, payload 793B, e2e delay 32000us, jitter 3200us
	('E5', 'S5'), Operation(31035, None, 31042)(31035, 31035)
	('S5', 'S4'), Operation(31044, 31049, 31056)(31049, 31049)
	('S4', 'S3'), Operation(31058, 31063, 31070)(31063, 31063)
	('S3', 'E3'), Operation(31072, 31077, 31084)(31077, 31077)
1. Flow F1 [E3-->E1] with period 128000, payload 524B, e2e delay 128000us, jitter 12800us
	('E3', 'S3'), Operation(38923, None, 38928)(38923, 38923)
	('S3', 'S2'), Operation(38930, None, 38953)(38930, 38948)
	('S2', 'S1'), Operation(38937, None, 38978)(38937, 38973)
	('S1', 'E1'), Operation(38944, None, 39003)(38944, 38998)
2. Flow F2 [E5-->E4] with period 128000, payload 739B, e2e delay 128000us, jitter 12800us
	('E5', 'S5'), Operation(7080, None, 7086)(7080, 7080)
	('S5', 'S4'), Operation(7088, 7093, 7099)(7093, 7093)
	('S4', 'E4'), Operation(7101, None, 7125)(7101, 7119)
3. Flow F3 [E4-->E2] with period 4000, payload 204B, e2e delay 4000us, jitter 400us
	('E4', 'S4'), Operation(3916, None, 3918)(3916, 3916)
	('S4', 'S3'), Operation(3920, None, 3940)(3920, 3938)
	('S3', 'S2'), Operation(3924, None, 3962)(3924, 3960)
	('S2', 'E2'), Operation(3928, None, 3984)(3928, 3982)
4. Flow F4 [E2-->E5] with period 8000, payload 1263B, e2e delay 8000us, jitter 800us
	('E2', 'S2'), Operation(608, None, 619)(608, 608)
	('S2', 'S3'), Operation(621, 626, 637)(626, 626)
	('S3', 'S4'), Operation(639, None, 668)(639, 657)
	('S4', 'S5'), Operation(652, 675, 686)(675, 675)
	('S5', 'E5'), Operation(688, 693, 704)(693, 693)
5. Flow F5 [E3-->E2] with period 32000, payload 177B, e2e delay 32000us, jitter 3200us
	('E3', 'S3'), Operation(30819, None, 30821)(30819, 30819)
	('S3', 'S2'), Operation(30823, None, 30843)(30823, 30841)
	('S2', 'E2'), Operation(30827, None, 30865)(30827, 30863)
6. Flow F6 [E5-->E4] with period 8000, payload 175B, e2e delay 8000us, jitter 800us
	('E5', 'S5'), Operation(1041, None, 1043)(1041, 1041)
	('S5', 'S4'), Operation(1045, None, 1065)(1045, 1063)
	('S4', 'E4'), Operation(1049, None, 1087)(1049, 1085)
7. Flow F7 [E2-->E1] with period 128000, payload 185B, e2e delay 128000us, jitter 12800us
	('E2', 'S2'), Operation(64620, None, 64622)(64620, 64620)
	('S2', 'S1'), Operation(64624, 64629, 64631)(64629, 64629)
	('S1', 'E1'), Operation(64633, 64638, 64640)(64638, 64638)
8. Flow F8 [E4-->E1] with period 64000, payload 171B, e2e delay 64000us, jitter 6400us
	('E4', 'S4'), Operation(2321, None, 2323)(2321, 2321)
	('S4', 'S3'), Operation(2325, 2330, 2332)(2330, 2330)
	('S3', 'S2'), Operation(2334, 2339, 2341)(2339, 2339)
	('S2', 'S1'), Operation(2343, 2348, 2350)(2348, 2348)
	('S1', 'E1'), Operation(2352, 2357, 2359)(2357, 2357)
9. Flow F9 [E5-->E3] with period 32000, payload 569B, e2e delay 32000us, jitter 3200us
	('E5', 'S5'), Operation(30973, None, 30978)(30973, 30973)
	('S5', 'S4'), Operation(30980, 30985, 30990)(30985, 30985)
	('S4', 'S3'), Operation(30992, None, 31015)(30992, 31010)
	('S3', 'E3'), Operation(30999, 31022, 31027)(31022, 31022)
10. Flow F10 [E3-->E4] with period 32000, payload 144B, e2e delay 32000us, jitter 3200us
	('E3', 'S3'), Operation(6013, None, 6015)(6013, 6013)
	('S3', 'S4'), Operation(6017, None, 6037)(6017, 6035)
	('S4', 'E4'), Operation(6021, None, 6059)(6021, 6057)
11. Flow F11 [E5-->E4] with period 32000, payload 1518B, e2e delay 32000us, jitter 3200us
	('E5', 'S5'), Operation(24969, None, 24982)(24969, 24969)
	('S5', 'S4'), Operation(24984, None, 25015)(24984, 25002)
	('S4', 'E4'), Operation(24999, None, 25048)(24999, 25035)
12. Flow F12 [E2-->E4] with period 4000, payload 623B, e2e delay 4000us, jitter 400us
	('E2', 'S2'), Operation(2137, None, 2142)(2137, 2137)
	('S2', 'S3'), Operation(2144, 2149, 2154)(2149, 2149)
	('S3', 'S4'), Operation(2156, None, 2179)(2156, 2174)
	('S4', 'E4'), Operation(2163, 2186, 2191)(2186, 2186)
13. Flow F13 [E5-->E3] with period 8000, payload 1482B, e2e delay 8000us, jitter 800us
	('E5', 'S5'), Operation(7917, None, 7929)(7917, 7917)
	('S5', 'S4'), Operation(7931, 7936, 7948)(7936, 7936)
	('S4', 'S3'), Operation(7950, 7955, 7967)(7955, 7955)
	('S3', 'E3'), Operation(7969, None, 7999)(7969, 7987)
14. Flow F14 [E1-->E5] with period 2000, payload 760B, e2e delay 2000us, jitter 200us
	('E1', 'S1'), Operation(549, None, 556)(549, 549)
	('S1', 'S2'), Operation(558, None, 583)(558, 576)
	('S2', 'S3'), Operation(567, None, 610)(567, 603)
	('S3', 'S4'), Operation(576, 617, 624)(617, 617)
	('S4', 'S5'), Operation(626, None, 651)(626, 644)
	('S5', 'E5'), Operation(635, None, 678)(635, 671)
15. Flow F15 [E5-->E1] with period 128000, payload 804B, e2e delay 128000us, jitter 12800us
	('E5', 'S5'), Operation(56301, None, 56308)(56301, 56301)
	('S5', 'S4'), Operation(56310, None, 56335)(56310, 56328)
	('S4', 'S3'), Operation(56319, 56342, 56349)(56342, 56342)
	('S3', 'S2'), Operation(56351, None, 56376)(56351, 56369)
	('S2', 'S1'), Operation(56360, None, 56403)(56360, 56396)
	('S1', 'E1'), Operation(56369, None, 56430)(56369, 56423)
16. Flow F16 [E4-->E5] with period 16000, payload 1392B, e2e delay 16000us, jitter 1600us
	('E4', 'S4'), Operation(8677, None, 8689)(8677, 8677)
	('S4', 'S5'), Operation(8691, None, 8721)(8691, 8709)
	('S5', 'E5'), Operation(8705, None, 8753)(8705, 8741)
17. Flow F17 [E2-->E3] with period 128000, payload 1020B, e2e delay 128000us, jitter 12800us
	('E2', 'S2'), Operation(1, None, 10)(1, 1)
	('S2', 'S3'), Operation(12, None, 39)(12, 30)
	('S3', 'E3'), Operation(23, 46, 55)(46, 46)
18. Flow F18 [E2-->E5] with period 128000, payload 667B, e2e delay 128000us, jitter 12800us
	('E2', 'S2'), Operation(14530, None, 14536)(14530, 14530)
	('S2', 'S3'), Operation(14538, 14543, 14549)(14543, 14543)
	('S3', 'S4'), Operation(14551, None, 14575)(14551, 14569)
	('S4', 'S5'), Operation(14559, 14582, 14588)(14582, 14582)
	('S5', 'E5'), Operation(14590, 14595, 14601)(14595, 14595)
19. Flow F19 [E1-->E3] with period 64000, payload 1061B, e2e delay 64000us, jitter 6400us
	('E1', 'S1'), Operation(38089, None, 38098)(38089, 38089)
	('S1', 'S2'), Operation(38100, None, 38127)(38100, 38118)
	('S2', 'S3'), Operation(38111, 38134, 38143)(38134, 38134)
	('S3', 'E3'), Operation(38145, None, 38172)(38145, 38163)
20. Flow F20 [E4-->E3] with period 64000, payload 1171B, e2e delay 64000us, jitter 6400us
	('E4', 'S4'), Operation(46183, None, 46193)(46183, 46183)
	('S4', 'S3'), Operation(46195, None, 46223)(46195, 46213)
	('S3', 'E3'), Operation(46207, None, 46253)(46207, 46243)
21. Flow F21 [E5-->E1] with period 2000, payload 315B, e2e delay 2000us, jitter 200us
	('E5', 'S5'), Operation(1061, None, 1064)(1061, 1061)
	('S5', 'S4'), Operation(1066, None, 1087)(1066, 1084)
	('S4', 'S3'), Operation(1071, 1094, 1097)(1094, 1094)
	('S3', 'S2'), Operation(1099, 1104, 1107)(1104, 1104)
	('S2', 'S1'), Operation(1109, None, 1130)(1109, 1127)
	('S1', 'E1'), Operation(1114, None, 1153)(1114, 1150)
22. Flow F22 [E4-->E3] with period 64000, payload 318B, e2e delay 64000us, jitter 6400us
	('E4', 'S4'), Operation(63936, None, 63939)(63936, 63936)
	('S4', 'S3'), Operation(63941, 63946, 63949)(63946, 63946)
	('S3', 'E3'), Operation(63951, 63956, 63959)(63956, 63956)
23. Flow F23 [E1-->E4] with period 8000, payload 1408B, e2e delay 8000us, jitter 800us
	('E1', 'S1'), Operation(6952, None, 6964)(6952, 6952)
	('S1', 'S2'), Operation(6966, None, 6996)(6966, 6984)
	('S2', 'S3'), Operation(6980, None, 7028)(6980, 7016)
	('S3', 'S4'), Operation(6994, None, 7060)(6994, 7048)
	('S4', 'E4'), Operation(7008, None, 7092)(7008, 7080)
24. Flow F24 [E3-->E2] with period 128000, payload 995B, e2e delay 128000us, jitter 12800us
	('E3', 'S3'), Operation(123098, None, 123106)(123098, 123098)
	('S3', 'S2'), Operation(123108, 123113, 123121)(123113, 123113)
	('S2', 'E2'), Operation(123123, None, 123149)(123123, 123141)
25. Flow F25 [E1-->E3] with period 64000, payload 758B, e2e delay 64000us, jitter 6400us
	('E1', 'S1'), Operation(30238, None, 30245)(30238, 30238)
	('S1', 'S2'), Operation(30247, None, 30272)(30247, 30265)
	('S2', 'S3'), Operation(30256, None, 30299)(30256, 30292)
	('S3', 'E3'), Operation(30265, None, 30326)(30265, 30319)
26. Flow F26 [E5-->E2] with period 2000, payload 1287B, e2e delay 2000us, jitter 200us
	('E5', 'S5'), Operation(242, None, 253)(242, 242)
	('S5', 'S4'), Operation(255, 260, 271)(260, 260)
	('S4', 'S3'), Operation(273, None, 302)(273, 291)
	('S3', 'S2'), Operation(286, None, 333)(286, 322)
	('S2', 'E2'), Operation(299, 340, 351)(340, 340)
27. Flow F27 [E5-->E4] with period 16000, payload 896B, e2e delay 16000us, jitter 1600us
	('E5', 'S5'), Operation(14231, None, 14239)(14231, 14231)
	('S5', 'S4'), Operation(14241, 14246, 14254)(14246, 14246)
	('S4', 'E4'), Operation(14256, None, 14282)(14256, 14274)
28. Flow F28 [E2-->E3] with period 64000, payload 1410B, e2e delay 64000us, jitter 6400us
	('E2', 'S2'), Operation(46143, None, 46155)(46143, 46143)
	('S2', 'S3'), Operation(46157, None, 46187)(46157, 46175)
	('S3', 'E3'), Operation(46171, 46194, 46206)(46194, 46194)
29. Flow F29 [E5-->E3] with period 16000, payload 505B, e2e delay 16000us, jitter 1600us
	('E5', 'S5'), Operation(14210, None, 14215)(14210, 14210)
	('S5', 'S4'), Operation(14217, None, 14240)(14217, 14235)
	('S4', 'S3'), Operation(14224, 14247, 14252)(14247, 14247)
	('S3', 'E3'), Operation(14254, 14259, 14264)(14259, 14259)
30. Flow F30 [E5-->E4] with period 64000, payload 1280B, e2e delay 64000us, jitter 6400us
	('E5', 'S5'), Operation(30259, None, 30270)(30259, 30259)
	('S5', 'S4'), Operation(30272, None, 30301)(30272, 30290)
	('S4', 'E4'), Operation(30285, None, 30332)(30285, 30321)
31. Flow F31 [E4-->E5] with period 4000, payload 673B, e2e delay 4000us, jitter 400us
	('E4', 'S4'), Operation(2501, None, 2507)(2501, 2501)
	('S4', 'S5'), Operation(2509, None, 2533)(2509, 2527)
	('S5', 'E5'), Operation(2517, None, 2559)(2517, 2553)
32. Flow F32 [E3-->E5] with period 2000, payload 1409B, e2e delay 2000us, jitter 200us
	('E3', 'S3'), Operation(845, None, 857)(845, 845)
	('S3', 'S4'), Operation(859, None, 889)(859, 877)
	('S4', 'S5'), Operation(873, 896, 908)(896, 896)
	('S5', 'E5'), Operation(910, None, 940)(910, 928)
33. Flow F33 [E4-->E1] with period 128000, payload 148B, e2e delay 128000us, jitter 12800us
	('E4', 'S4'), Operation(62922, None, 62924)(62922, 62922)
	('S4', 'S3'), Operation(62926, None, 62946)(62926, 62944)
	('S3', 'S2'), Operation(62930, 62953, 62955)(62953, 62953)
	('S2', 'S1'), Operation(62957, None, 62977)(62957, 62975)
	('S1', 'E1'), Operation(62961, None, 62999)(62961, 62997)
34. Flow F34 [E4-->E3] with period 8000, payload 416B, e2e delay 8000us, jitter 800us
	('E4', 'S4'), Operation(6822, None, 6826)(6822, 6822)
	('S4', 'S3'), Operation(6828, 6833, 6837)(6833, 6833)
	('S3', 'E3'), Operation(6839, 6844, 6848)(6844, 6844)
35. Flow F35 [E4-->E3] with period 128000, payload 899B, e2e delay 128000us, jitter 12800us
	('E4', 'S4'), Operation(102492, None, 102500)(102492, 102492)
	('S4', 'S3'), Operation(102502, None, 102528)(102502, 102520)
	('S3', 'E3'), Operation(102512, 102535, 102543)(102535, 102535)
36. Flow F36 [E5-->E4] with period 128000, payload 358B, e2e delay 128000us, jitter 12800us
	('E5', 'S5'), Operation(42113, None, 42116)(42113, 42113)
	('S5', 'S4'), Operation(42118, None, 42139)(42118, 42136)
	('S4', 'E4'), Operation(42123, None, 42162)(42123, 42159)
37. Flow F37 [E5-->E1] with period 128000, payload 1125B, e2e delay 128000us, jitter 12800us
	('E5', 'S5'), Operation(126291, None, 126300)(126291, 126291)
	('S5', 'S4'), Operation(126302, 126307, 126316)(126307, 126307)
	('S4', 'S3'), Operation(126318, 126323, 126332)(126323, 126323)
	('S3', 'S2'), Operation(126334, None, 126361)(126334, 126352)
	('S2', 'S1'), Operation(126345, None, 126390)(126345, 126381)
	('S1', 'E1'), Operation(126356, None, 126419)(126356, 126410)
38. Flow F38 [E4-->E5] with period 4000, payload 1092B, e2e delay 4000us, jitter 400us
	('E4', 'S4'), Operation(2533, None, 2542)(2533, 2533)
	('S4', 'S5'), Operation(2544, 2549, 2558)(2549, 2549)
	('S5', 'E5'), Operation(2560, None, 2587)(2560, 2578)
39. Flow F39 [E5-->E2] with period 128000, payload 262B, e2e delay 128000us, jitter 12800us
	('E5', 'S5'), Operation(126342, None, 126345)(126342, 126342)
	('S5', 'S4'), Operation(126347, 126352, 126355)(126352, 126352)
	('S4', 'S3'), Operation(126357, None, 126378)(126357, 126375)
	('S3', 'S2'), Operation(126362, 126385, 126388)(126385, 126385)
	('S2', 'E2'), Operation(126390, None, 126411)(126390, 126408)
40. Flow F40 [E4-->E3] with period 64000, payload 409B, e2e delay 64000us, jitter 6400us
	('E4', 'S4'), Operation(62941, None, 62945)(62941, 62941)
	('S4', 'S3'), Operation(62947, None, 62969)(62947, 62965)
	('S3', 'E3'), Operation(62953, 62976, 62980)(62976, 62976)
41. Flow F41 [E1-->E5] with period 8000, payload 569B, e2e delay 8000us, jitter 800us
	('E1', 'S1'), Operation(5949, None, 5954)(5949, 5949)
	('S1', 'S2'), Operation(5956, None, 5979)(5956, 5974)
	('S2', 'S3'), Operation(5963, 5986, 5991)(5986, 5986)
	('S3', 'S4'), Operation(5993, None, 6016)(5993, 6011)
	('S4', 'S5'), Operation(6000, None, 6041)(6000, 6036)
	('S5', 'E5'), Operation(6007, None, 6066)(6007, 6061)
42. Flow F42 [E5-->E3] with period 16000, payload 963B, e2e delay 16000us, jitter 1600us
	('E5', 'S5'), Operation(2497, None, 2505)(2497, 2497)
	('S5', 'S4'), Operation(2507, 2512, 2520)(2512, 2512)
	('S4', 'S3'), Operation(2522, 2527, 2535)(2527, 2527)
	('S3', 'E3'), Operation(2537, 2542, 2550)(2542, 2542)
43. Flow F43 [E4-->E5] with period 128000, payload 357B, e2e delay 128000us, jitter 12800us
	('E4', 'S4'), Operation(125957, None, 125960)(125957, 125957)
	('S4', 'S5'), Operation(125962, None, 125983)(125962, 125980)
	('S5', 'E5'), Operation(125967, None, 126006)(125967, 126003)
44. Flow F44 [E5-->E1] with period 32000, payload 437B, e2e delay 32000us, jitter 3200us
	('E5', 'S5'), Operation(30826, None, 30830)(30826, 30826)
	('S5', 'S4'), Operation(30832, None, 30854)(30832, 30850)
	('S4', 'S3'), Operation(30838, None, 30878)(30838, 30874)
	('S3', 'S2'), Operation(30844, 30885, 30889)(30885, 30885)
	('S2', 'S1'), Operation(30891, None, 30913)(30891, 30909)
	('S1', 'E1'), Operation(30897, None, 30937)(30897, 30933)
45. Flow F45 [E5-->E2] with period 8000, payload 274B, e2e delay 8000us, jitter 800us
	('E5', 'S5'), Operation(6870, None, 6873)(6870, 6870)
	('S5', 'S4'), Operation(6875, 6880, 6883)(6880, 6880)
	('S4', 'S3'), Operation(6885, None, 6906)(6885, 6903)
	('S3', 'S2'), Operation(6890, None, 6929)(6890, 6926)
	('S2', 'E2'), Operation(6895, None, 6952)(6895, 6949)
46. Flow F46 [E1-->E5] with period 128000, payload 549B, e2e delay 128000us, jitter 12800us
	('E1', 'S1'), Operation(118154, None, 118159)(118154, 118154)
	('S1', 'S2'), Operation(118161, 118166, 118171)(118166, 118166)
	('S2', 'S3'), Operation(118173, None, 118196)(118173, 118191)
	('S3', 'S4'), Operation(118180, None, 118221)(118180, 118216)
	('S4', 'S5'), Operation(118187, 118228, 118233)(118228, 118228)
	('S5', 'E5'), Operation(118235, None, 118258)(118235, 118253)
47. Flow F47 [E3-->E2] with period 8000, payload 927B, e2e delay 8000us, jitter 800us
	('E3', 'S3'), Operation(327, None, 335)(327, 327)
	('S3', 'S2'), Operation(337, 342, 350)(342, 342)
	('S2', 'E2'), Operation(352, None, 378)(352, 370)
48. Flow F48 [E5-->E3] with period 32000, payload 803B, e2e delay 32000us, jitter 3200us
	('E5', 'S5'), Operation(30996, None, 31003)(30996, 30996)
	('S5', 'S4'), Operation(31005, 31010, 31017)(31010, 31010)
	('S4', 'S3'), Operation(31019, None, 31044)(31019, 31037)
	('S3', 'E3'), Operation(31028, None, 31071)(31028, 31064)
49. Flow F49 [E1-->E2] with period 16000, payload 979B, e2e delay 16000us, jitter 1600us
	('E1', 'S1'), Operation(11130, None, 11138)(11130, 11130)
	('S1', 'S2'), Operation(11140, None, 11166)(11140, 11158)
	('S2', 'E2'), Operation(11150, None, 11194)(11150, 11186)
50. Flow F50 [E1-->E3] with period 4000, payload 1043B, e2e delay 4000us, jitter 400us
	('E1', 'S1'), Operation(2768, None, 2777)(2768, 2768)
	('S1', 'S2'), Operation(2779, None, 2806)(2779, 2797)
	('S2', 'S3'), Operation(2790, 2813, 2822)(2813, 2813)
	('S3', 'E3'), Operation(2824, 2829, 2838)(2829, 2829)
51. Flow F51 [E3-->E5] with period 16000, payload 1025B, e2e delay 16000us, jitter 1600us
	('E3', 'S3'), Operation(8721, None, 8730)(8721, 8721)
	('S3', 'S4'), Operation(8732, None, 8759)(8732, 8750)
	('S4', 'S5'), Operation(8743, None, 8788)(8743, 8779)
	('S5', 'E5'), Operation(8754, None, 8817)(8754, 8808)
52. Flow F52 [E2-->E4] with period 128000, payload 589B, e2e delay 128000us, jitter 12800us
	('E2', 'S2'), Operation(126816, None, 126821)(126816, 126816)
	('S2', 'S3'), Operation(126823, 126828, 126833)(126828, 126828)
	('S3', 'S4'), Operation(126835, None, 126858)(126835, 126853)
	('S4', 'E4'), Operation(126842, None, 126883)(126842, 126878)
53. Flow F53 [E1-->E3] with period 8000, payload 1436B, e2e delay 8000us, jitter 800us
	('E1', 'S1'), Operation(6916, None, 6928)(6916, 6916)
	('S1', 'S2'), Operation(6930, None, 6960)(6930, 6948)
	('S2', 'S3'), Operation(6944, 6967, 6979)(6967, 6967)
	('S3', 'E3'), Operation(6981, 6986, 6998)(6986, 6986)
54. Flow F54 [E1-->E2] with period 64000, payload 858B, e2e delay 64000us, jitter 6400us
	('E1', 'S1'), Operation(62394, None, 62401)(62394, 62394)
	('S1', 'S2'), Operation(62403, None, 62428)(62403, 62421)
	('S2', 'E2'), Operation(62412, 62435, 62442)(62435, 62435)
55. Flow F55 [E1-->E5] with period 16000, payload 349B, e2e delay 16000us, jitter 1600us
	('E1', 'S1'), Operation(14424, None, 14427)(14424, 14424)
	('S1', 'S2'), Operation(14429, None, 14450)(14429, 14447)
	('S2', 'S3'), Operation(14434, None, 14473)(14434, 14470)
	('S3', 'S4'), Operation(14439, None, 14496)(14439, 14493)
	('S4', 'S5'), Operation(14444, 14503, 14506)(14503, 14503)
	('S5', 'E5'), Operation(14508, 14513, 14516)(14513, 14513)
56. Flow F56 [E4-->E1] with period 128000, payload 286B, e2e delay 128000us, jitter 12800us
	('E4', 'S4'), Operation(50508, None, 50511)(50508, 50508)
	('S4', 'S3'), Operation(50513, 50518, 50521)(50518, 50518)
	('S3', 'S2'), Operation(50523, 50528, 50531)(50528, 50528)
	('S2', 'S1'), Operation(50533, None, 50554)(50533, 50551)
	('S1', 'E1'), Operation(50538, None, 50577)(50538, 50574)
57. Flow F57 [E3-->E5] with period 128000, payload 622B, e2e delay 128000us, jitter 12800us
	('E3', 'S3'), Operation(126897, None, 126902)(126897, 126897)
	('S3', 'S4'), Operation(126904, None, 126927)(126904, 126922)
	('S4', 'S5'), Operation(126911, 126934, 126939)(126934, 126934)
	('S5', 'E5'), Operation(126941, None, 126964)(126941, 126959)
58. Flow F58 [E1-->E4] with period 2000, payload 894B, e2e delay 2000us, jitter 200us
	('E1', 'S1'), Operation(15, None, 23)(15, 15)
	('S1', 'S2'), Operation(25, 30, 38)(30, 30)
	('S2', 'S3'), Operation(40, None, 66)(40, 58)
	('S3', 'S4'), Operation(50, None, 94)(50, 86)
	('S4', 'E4'), Operation(60, None, 122)(60, 114)
59. Flow F59 [E2-->E5] with period 2000, payload 1074B, e2e delay 2000us, jitter 200us
	('E2', 'S2'), Operation(751, None, 760)(751, 751)
	('S2', 'S3'), Operation(762, None, 789)(762, 780)
	('S3', 'S4'), Operation(773, 796, 805)(796, 796)
	('S4', 'S5'), Operation(807, None, 834)(807, 825)
	('S5', 'E5'), Operation(818, None, 863)(818, 854)

SMT variables: 
	F26_('S5', 'S4')_gc: True
	F27_('S5', 'S4')_rr: 8
	F54_jitter: 0
	F11_('S5', 'S4')_t4_min: 24984
	F32_jitter: 18
	F13_('S5', 'S4')_rr: 16
	F27_('E5', 'S5')_rr: 0
	F15_('E5', 'S5')_gc: False
	F16_('E4', 'S4')_tb: 8677
	('S4', 'S3')_gcl_cycle: 128000
	F33_('E4', 'S4')_gc: False
	F52_('S3', 'S4')_gc: False
	F7_queue_index: 0
	F46_('S2', 'S3')_gc: False
	F38_('E4', 'S4')_rr: 0
	F59_('S3', 'S4')_rr: 1
	F57_('S3', 'S4')_gc: False
	F0_('E5', 'S5')_rr: 0
	F37_('S2', 'S1')_gc: False
	F2_('S5', 'S4')_gc: True
	F10_('S3', 'S4')_rr: 0
	F37_('S2', 'S1')_t4_max: 126381
	F16_('E4', 'S4')_gc: False
	F19_('S2', 'S3')_t4_max: 38134
	F38_('S4', 'S5')_t4_min: 2549
	F1_('S3', 'S2')_t3_min: 38930
	F22_queue_index: 0
	F22_('S3', 'E3')_rr: 2
	F26_('S4', 'S3')_t4_max: 291
	F24_('S3', 'S2')_t4_max: 123113
	F51_('S4', 'S5')_rr: 0
	F0_('S4', 'S3')_t4_max: 31063
	F29_('S5', 'S4')_gc: False
	F50_('S2', 'S3')_t4_max: 2813
	F36_('E5', 'S5')_gc: False
	F10_('S3', 'S4')_t4_min: 6017
	F8_('S3', 'S2')_t3_min: 2334
	F50_('S1', 'S2')_t4_min: 2779
	F25_('S2', 'S3')_t4_min: 30256
	F24_('E3', 'S3')_rr: 0
	F1_('S2', 'S1')_t4_max: 38973
	F15_('S3', 'S2')_t4_max: 56369
	F27_('E5', 'S5')_t3_min: 14231
	F5_('E3', 'S3')_gc: False
	F11_('S4', 'E4')_rr: 0
	F44_('S4', 'S3')_rr: 0
	F29_('S5', 'S4')_t5_max: 14240
	F29_('S4', 'S3')_t4_max: 14247
	F54_queue_index: 0
	F51_('S5', 'E5')_rr: 0
	F12_('S3', 'S4')_gc: False
	F11_('S5', 'S4')_t4_max: 25002
	F59_('S4', 'S5')_tb: 807
	F13_jitter: 18
	F1_jitter: 54
	F42_('S5', 'S4')_rr: 8
	F12_('S3', 'S4')_t4_min: 2156
	F51_('E3', 'S3')_t3_max: 8708
	F50_('S3', 'E3')_gc: True
	F15_jitter: 54
	F14_('S4', 'S5')_t3_max: 631
	F26_('S2', 'E2')_t4_min: 340
	F56_('S2', 'S1')_t4_min: 50533
	F3_('E4', 'S4')_t5_max: 3918
	F25_('S2', 'S3')_t5_min: 30263
	F29_('E5', 'S5')_gc: False
	F22_('S3', 'E3')_t4_min: 63956
	F36_('S5', 'S4')_t4_min: 42118
	F54_('S2', 'E2')_t4_min: 62435
	F6_queue_index: 0
	F57_('S5', 'E5')_rr: 0
	F45_('S5', 'S4')_gc: True
	F54_('E1', 'S1')_t3_max: 62381
	F48_jitter: 36
	F37_('S5', 'S4')_rr: 1
	F41_('S2', 'S3')_t4_max: 5986
	F3_('E4', 'S4')_t4_min: 3916
	F22_('E4', 'S4')_rr: 0
	F54_('S1', 'S2')_t4_min: 62403
	F37_('S1', 'E1')_t4_min: 126356
	F42_('S4', 'S3')_rr: 8
	F35_('E4', 'S4')_rr: 0
	F12_('E2', 'S2')_gc: False
	F37_('E5', 'S5')_t3_max: 126278
	('E2', 'S2')_gcl_cycle: 1
	F51_('E3', 'S3')_rr: 0
	F54_('S1', 'S2')_t4_max: 62421
	F55_('S3', 'S4')_rr: 0
	F7_('S2', 'S1')_t4_min: 64629
	F56_('E4', 'S4')_t5_min: 50511
	F13_('S4', 'S3')_rr: 16
	('S2', 'E2')_gcl_cycle: 64000
	F42_('S5', 'S4')_t4_max: 2512
	F1_('S1', 'E1')_rr: 0
	F29_('S5', 'S4')_t4_min: 14217
	F57_('S3', 'S4')_t4_min: 126904
	F36_('S5', 'S4')_t5_max: 42139
	F41_('S3', 'S4')_t4_min: 5993
	F35_('S3', 'E3')_t5_min: 102543
	F58_('S2', 'S3')_gc: False
	F36_('E5', 'S5')_t3_max: 42100
	F42_('S4', 'S3')_t3_min: 2522
	F58_('E1', 'S1')_tb: 15
	F10_('S4', 'E4')_gc: False
	F23_('S2', 'S3')_rr: 0
	F14_('S4', 'S5')_gc: False
	F39_('S2', 'E2')_rr: 0
	F32_('S4', 'S5')_gc: True
	F52_jitter: 36
	F33_('S2', 'S1')_t3_max: 62962
	('S3', 'E3')_gcl_cycle: 128000
	F57_('S3', 'S4')_t3_min: 126904
	F4_('S5', 'E5')_rr: 16
	F32_('E3', 'S3')_gc: False
	F41_('S5', 'E5')_t5_min: 6012
	F22_('E4', 'S4')_gc: False
	F8_('S1', 'E1')_gc: True
	F40_('S3', 'E3')_t4_min: 62976
	F14_('S5', 'E5')_gc: False
	F4_('S2', 'S3')_t4_max: 626
	F48_('E5', 'S5')_tb: 30996
	F13_('E5', 'S5')_t5_max: 7929
	F53_('S1', 'S2')_t4_max: 6948
	F28_('S3', 'E3')_gc: True
	F48_('S4', 'S3')_rr: 0
	F32_('S3', 'S4')_t4_min: 859
	F21_('S1', 'E1')_t4_min: 1114
	F44_('E5', 'S5')_t5_min: 30830
	F52_('S2', 'S3')_rr: 1
	F8_('S3', 'S2')_gc: True
	F56_('S3', 'S2')_rr: 1
	F1_('S2', 'S1')_rr: 0
	F56_('S1', 'E1')_rr: 0
	F21_('S2', 'S1')_gc: False
	F28_jitter: 0
	F37_('S4', 'S3')_t4_min: 126323
	F8_('S3', 'S2')_rr: 2
	F15_('S3', 'S2')_rr: 0
	F18_('S3', 'S4')_rr: 0
	F27_('E5', 'S5')_gc: False
	F38_('S4', 'S5')_gc: True
	F15_('S1', 'E1')_t4_min: 56369
	F16_('S5', 'E5')_gc: False
	F8_('E4', 'S4')_gc: False
	F2_('E5', 'S5')_gc: False
	F14_('E1', 'S1')_t3_max: 536
	F14_('S1', 'S2')_t4_min: 558
	F56_('S1', 'E1')_t5_min: 50541
	F58_('E1', 'S1')_t3_max: 2
	F31_('S4', 'S5')_t3_min: 2509
	F12_('S3', 'S4')_t3_min: 2156
	F8_('S1', 'E1')_rr: 2
	F15_('S1', 'E1')_rr: 0
	F6_('S4', 'E4')_rr: 0
	F19_('E1', 'S1')_t4_max: 38089
	F33_('S2', 'S1')_rr: 0
	F45_('S5', 'S4')_rr: 16
	F47_('S2', 'E2')_t4_min: 352
	F23_('S1', 'S2')_t4_min: 6966
	F58_('S2', 'S3')_rr: 0
	F41_('S3', 'S4')_gc: False
	F22_('E4', 'S4')_t4_min: 63936
	F41_('S5', 'E5')_t5_max: 6066
	F23_('S2', 'S3')_t4_max: 7016
	F39_('S2', 'E2')_gc: False
	F55_('S2', 'S3')_rr: 0
	F15_('S4', 'S3')_t4_max: 56342
	F46_('S4', 'S5')_t4_max: 118228
	F46_('S1', 'S2')_t4_min: 118166
	F22_('S4', 'S3')_rr: 2
	F57_('S5', 'E5')_tb: 126941
	F30_('S5', 'S4')_rr: 0
	F41_('S2', 'S3')_gc: True
	F41_('S2', 'S3')_rr: 16
	F14_('S1', 'S2')_t4_max: 576
	F14_('S2', 'S3')_t3_max: 590
	F3_('E4', 'S4')_t5_min: 3918
	F37_('S4', 'S3')_gc: True
	F33_('S1', 'E1')_gc: False
	F52_('S3', 'S4')_t4_min: 126835
	F55_('S1', 'S2')_t5_min: 14432
	F19_('S1', 'S2')_t4_max: 38118
	F31_('S4', 'S5')_t4_min: 2509
	F58_jitter: 54
	F50_('S1', 'S2')_tb: 2779
	F49_queue_index: 0
	F2_('S5', 'S4')_t3_min: 7088
	F38_queue_index: 0
	F43_('E4', 'S4')_rr: 0
	F23_queue_index: 0
	F37_('S5', 'S4')_t4_max: 126307
	('E1', 'S1')_gcl_cycle: 1
	F35_('S3', 'E3')_t4_min: 102535
	F56_('S2', 'S1')_t5_max: 50554
	F27_('S4', 'E4')_tb: 14256
	F53_jitter: 0
	F17_('E2', 'S2')_rr: 0
	F21_('S4', 'S3')_t4_min: 1094
	F18_jitter: 0
	F19_('S3', 'E3')_t4_min: 38145
	F44_('S1', 'E1')_gc: False
	('S1', 'S2')_gcl_cycle: 128000
	F13_('S4', 'S3')_t4_min: 7955
	F37_('S2', 'S1')_t4_min: 126345
	F40_('S4', 'S3')_t4_min: 62947
	F46_('S4', 'S5')_gc: True
	F43_('S5', 'E5')_t3_min: 125967
	F31_('S4', 'S5')_gc: False
	F31_('S4', 'S5')_t4_max: 2527
	F0_('S5', 'S4')_gc: True
	F59_('S4', 'S5')_gc: False
	F59_('S5', 'E5')_t4_min: 818
	F34_('S4', 'S3')_gc: True
	F37_('S5', 'S4')_t4_min: 126307
	F13_('S3', 'E3')_t4_min: 7969
	F30_('E5', 'S5')_t3_max: 30246
	F55_('S2', 'S3')_gc: False
	F30_('E5', 'S5')_rr: 0
	F24_('E3', 'S3')_gc: False
	F40_('E4', 'S4')_gc: False
	F51_('S3', 'S4')_t3_min: 8732
	F4_('S4', 'S5')_tb: 675
	F8_('S4', 'S3')_gc: True
	F16_('S5', 'E5')_rr: 0
	F21_jitter: 36
	F34_('E4', 'S4')_t5_max: 6826
	F19_('E1', 'S1')_gc: False
	F12_('S3', 'S4')_rr: 0
	F24_('S3', 'S2')_t3_min: 123108
	F4_('S4', 'S5')_t4_max: 675
	F35_('S3', 'E3')_rr: 1
	F15_('S5', 'S4')_t4_max: 56328
	F58_('S1', 'S2')_t4_min: 30
	F8_('S2', 'S1')_t3_max: 2348
	F12_('S2', 'S3')_rr: 32
	F14_('S1', 'S2')_rr: 0
	F36_('S4', 'E4')_t4_max: 42159
	F45_('S3', 'S2')_t4_min: 6890
	F15_('S5', 'S4')_t4_min: 56310
	F41_('E1', 'S1')_gc: False
	F23_('S3', 'S4')_tb: 6994
	F11_('S5', 'S4')_t5_max: 25015
	F11_queue_index: 0
	F50_jitter: 0
	F3_('S4', 'S3')_t4_min: 3920
	F4_('S2', 'S3')_t4_min: 626
	F23_('S2', 'S3')_gc: False
	F15_queue_index: 0
	F25_('S1', 'S2')_t5_max: 30272
	F42_('E5', 'S5')_t4_max: 2497
	F26_jitter: 0
	F58_('S3', 'S4')_rr: 0
	F38_('S5', 'E5')_t3_min: 2560
	F4_('S5', 'E5')_gc: True
	F7_('S1', 'E1')_rr: 1
	F29_('E5', 'S5')_rr: 0
	F18_('S2', 'S3')_t4_min: 14543
	F19_('E1', 'S1')_t3_min: 38089
	F42_('S5', 'S4')_t4_min: 2512
	F12_('S4', 'E4')_t4_min: 2186
	('S1', 'E1')_gcl_cycle: 128000
	F44_('S1', 'E1')_rr: 0
	F4_('S2', 'S3')_gc: True
	F50_('S3', 'E3')_rr: 32
	F32_('S5', 'E5')_t4_min: 910
	F58_('S2', 'S3')_t4_min: 40
	F6_('S5', 'S4')_gc: False
	F11_('S5', 'S4')_gc: False
	F40_('S3', 'E3')_gc: True
	F12_('S2', 'S3')_gc: True
	F12_queue_index: 0
	F21_('S3', 'S2')_t4_max: 1104
	F30_jitter: 36
	F15_('S4', 'S3')_t5_min: 56349
	F19_('S2', 'S3')_rr: 2
	F25_('S3', 'E3')_t3_min: 30265
	F5_('S3', 'S2')_gc: False
	F22_('S4', 'S3')_tb: 63946
	F18_('S4', 'S5')_t4_max: 14582
	F9_('E5', 'S5')_t3_max: 30960
	F1_('E3', 'S3')_gc: False
	F19_('S1', 'S2')_gc: False
	F15_('S3', 'S2')_t4_min: 56351
	F20_jitter: 36
	F52_('S4', 'E4')_gc: False
	F37_('S4', 'S3')_tb: 126323
	F10_jitter: 36
	F33_('S3', 'S2')_t4_max: 62953
	F48_('S4', 'S3')_t4_max: 31037
	F46_('S2', 'S3')_t4_min: 118173
	F41_('S4', 'S5')_t4_min: 6000
	F59_('S5', 'E5')_gc: False
	F44_('S5', 'S4')_t4_max: 30850
	F51_('S3', 'S4')_t4_min: 8732
	F56_('S1', 'E1')_t4_min: 50538
	F30_('E5', 'S5')_t5_min: 30270
	F14_('S3', 'S4')_rr: 1
	F47_jitter: 18
	F15_('E5', 'S5')_rr: 0
	F34_('S4', 'S3')_rr: 16
	F1_('S1', 'E1')_t4_min: 38944
	F6_('S5', 'S4')_t5_min: 1047
	F36_('E5', 'S5')_rr: 0
	F38_('S4', 'S5')_rr: 32
	F41_('S3', 'S4')_t5_min: 5998
	F7_('S2', 'S1')_gc: True
	F10_('S4', 'E4')_t4_min: 6021
	F59_('S4', 'S5')_t4_max: 825
	F4_('S4', 'S5')_t4_min: 675
	F51_('S3', 'S4')_tb: 8732
	F44_('S3', 'S2')_t4_min: 30885
	F39_jitter: 18
	F53_('S3', 'E3')_t4_min: 6986
	F6_('S5', 'S4')_t4_max: 1063
	F31_('E4', 'S4')_rr: 0
	F14_('S2', 'S3')_t4_min: 567
	F13_('S4', 'S3')_t4_max: 7955
	F29_jitter: 0
	F23_('S1', 'S2')_rr: 0
	F51_('S4', 'S5')_t4_min: 8743
	F56_('S3', 'S2')_gc: True
	F44_('S5', 'S4')_t4_min: 30832
	F56_('S2', 'S1')_t5_min: 50536
	F33_queue_index: 0
	F42_('S3', 'E3')_t5_max: 2550
	F25_('E1', 'S1')_gc: False
	F9_jitter: 0
	F46_('E1', 'S1')_t4_min: 118154
	F51_('S3', 'S4')_rr: 0
	F47_('S3', 'S2')_t4_min: 342
	F26_('E5', 'S5')_gc: False
	F46_('S5', 'E5')_t4_max: 118253
	F29_('S4', 'S3')_t4_min: 14247
	F4_('S3', 'S4')_rr: 0
	F9_('E5', 'S5')_gc: False
	F32_('S5', 'E5')_gc: False
	F9_('S3', 'E3')_rr: 4
	F38_('S5', 'E5')_rr: 0
	F0_queue_index: 0
	F16_queue_index: 0
	F15_('S2', 'S1')_t4_max: 56396
	F20_('S3', 'E3')_t4_min: 46207
	F32_('S3', 'S4')_rr: 0
	F52_('S4', 'E4')_t5_max: 126883
	F51_('S4', 'S5')_t4_max: 8779
	F52_('S2', 'S3')_t4_min: 126828
	F42_('E5', 'S5')_rr: 0
	F43_('S4', 'S5')_t4_max: 125980
	F33_('S1', 'E1')_rr: 0
	F48_('S4', 'S3')_t4_min: 31019
	F21_('S5', 'S4')_rr: 0
	F33_('S3', 'S2')_gc: True
	F34_('E4', 'S4')_gc: False
	F37_('S5', 'S4')_gc: True
	F25_('S1', 'S2')_t4_max: 30265
	F45_('S5', 'S4')_t4_max: 6880
	F9_('S3', 'E3')_gc: True
	F40_('S3', 'E3')_rr: 2
	F46_('E1', 'S1')_rr: 0
	F55_('E1', 'S1')_rr: 0
	F15_('S4', 'S3')_gc: True
	F59_('S2', 'S3')_t3_min: 762
	F54_('S2', 'E2')_rr: 1
	F50_('E1', 'S1')_rr: 0
	F19_('S3', 'E3')_gc: False
	F14_('E1', 'S1')_t5_max: 556
	F42_('S3', 'E3')_gc: True
	F39_('S3', 'S2')_rr: 1
	F47_('S2', 'E2')_t5_min: 360
	F42_('S3', 'E3')_rr: 8
	F28_('E2', 'S2')_t3_min: 46143
	('E3', 'S3')_gcl_cycle: 1
	F25_('E1', 'S1')_rr: 0
	F48_('E5', 'S5')_t3_max: 30983
	F8_('S4', 'S3')_t4_max: 2330
	F24_jitter: 18
	F17_('S2', 'S3')_rr: 0
	F52_('S3', 'S4')_rr: 0
	F22_('S4', 'S3')_t4_max: 63946
	F9_('S4', 'S3')_t4_min: 30992
	F57_('S5', 'E5')_t4_min: 126941
	F59_jitter: 36
	F56_('E4', 'S4')_gc: False
	F53_('S2', 'S3')_t4_max: 6967
	F56_jitter: 36
	F50_('S1', 'S2')_gc: False
	F18_('S4', 'S5')_gc: True
	F15_('S5', 'S4')_gc: False
	F42_jitter: 0
	F45_('S5', 'S4')_tb: 6880
	F58_('S4', 'E4')_t4_min: 60
	F45_('S2', 'E2')_t5_max: 6952
	F7_jitter: 0
	F47_('S3', 'S2')_t3_min: 337
	F59_('E2', 'S2')_t3_max: 738
	F36_('S4', 'E4')_gc: False
	F42_queue_index: 0
	F2_queue_index: 0
	('S2', 'S1')_gcl_cycle: 128000
	F18_('S3', 'S4')_t4_min: 14551
	F23_('S3', 'S4')_t5_max: 7060
	F35_('E4', 'S4')_t5_max: 102500
	F55_('E1', 'S1')_t3_max: 14411
	F23_('S1', 'S2')_t4_max: 6984
	F52_('E2', 'S2')_gc: False
	F18_('E2', 'S2')_rr: 0
	F24_('S3', 'S2')_rr: 1
	F41_('S5', 'E5')_rr: 0
	F8_('S4', 'S3')_rr: 2
	F33_('S4', 'S3')_gc: False
	F39_('S5', 'S4')_t4_min: 126352
	F34_jitter: 0
	F3_('S3', 'S2')_rr: 0
	F29_('S3', 'E3')_gc: True
	F34_('S3', 'E3')_t4_min: 6844
	F46_('S3', 'S4')_t3_max: 118203
	F26_('S4', 'S3')_gc: False
	F18_('S2', 'S3')_gc: True
	F46_('S5', 'E5')_t4_min: 118235
	F18_('S3', 'S4')_t3_min: 14551
	F0_('E5', 'S5')_t3_max: 31022
	F35_('S4', 'S3')_gc: False
	F35_('S3', 'E3')_t3_min: 102512
	F41_('S4', 'S5')_t4_max: 6036
	F50_('S1', 'S2')_t4_max: 2797
	F20_('S4', 'S3')_t4_min: 46195
	F45_('S5', 'S4')_t4_min: 6880
	F59_queue_index: 0
	F24_('S2', 'E2')_gc: False
	F14_('S3', 'S4')_t3_min: 576
	F44_('S5', 'S4')_tb: 30832
	F1_('E3', 'S3')_rr: 0
	F1_('S3', 'S2')_t5_max: 38953
	F47_('S2', 'E2')_gc: False
	F25_jitter: 54
	F10_('S3', 'S4')_gc: False
	F41_('S1', 'S2')_t4_max: 5974
	F31_('S5', 'E5')_t4_min: 2517
	F51_('S5', 'E5')_t5_max: 8817
	F41_('S3', 'S4')_rr: 0
	F21_queue_index: 0
	F45_('S2', 'E2')_rr: 0
	F22_('S4', 'S3')_t3_min: 63941
	F5_('S3', 'S2')_t4_min: 30823
	F59_('S5', 'E5')_t5_min: 827
	F1_('S3', 'S2')_gc: False
	F40_('S4', 'S3')_gc: False
	F28_('E2', 'S2')_gc: False
	F41_('S5', 'E5')_t3_max: 6048
	F7_('S1', 'E1')_gc: True
	F24_('S3', 'S2')_t4_min: 123113
	F16_('E4', 'S4')_rr: 0
	F53_('S3', 'E3')_gc: True
	F34_('E4', 'S4')_rr: 0
	F19_('E1', 'S1')_rr: 0
	F0_('S4', 'S3')_gc: True
	F43_('S5', 'E5')_rr: 0
	F28_('S3', 'E3')_t4_min: 46194
	F35_('E4', 'S4')_t3_max: 102479
	F35_jitter: 0
	F6_('S5', 'S4')_t4_min: 1045
	F5_('S2', 'E2')_rr: 0
	F59_('S5', 'E5')_t5_max: 863
	F18_('E2', 'S2')_t5_min: 14536
	F3_('E4', 'S4')_t4_max: 3916
	F57_('S3', 'S4')_t5_max: 126927
	F14_jitter: 36
	F52_('S3', 'S4')_t5_max: 126858
	F15_('S2', 'S1')_gc: False
	F37_('S5', 'S4')_tb: 126307
	F44_('S2', 'S1')_t4_min: 30891
	F43_('S4', 'S5')_rr: 0
	F24_('S3', 'S2')_gc: True
	F44_('E5', 'S5')_rr: 0
	F15_('S4', 'S3')_rr: 1
	F40_('E4', 'S4')_rr: 0
	F58_('E1', 'S1')_rr: 0
	F7_('E2', 'S2')_rr: 0
	F8_('S2', 'S1')_t4_max: 2348
	F47_('E3', 'S3')_t5_min: 335
	F21_('S5', 'S4')_gc: False
	F37_('S5', 'S4')_t5_min: 126316
	F3_('S2', 'E2')_gc: False
	F51_queue_index: 0
	F25_('S3', 'E3')_gc: False
	F20_('E4', 'S4')_tb: 46183
	F55_('S1', 'S2')_t4_max: 14447
	F11_('S5', 'S4')_t3_min: 24984
	F18_('S4', 'S5')_t5_min: 14588
	F13_('E5', 'S5')_t3_max: 7904
	F38_jitter: 18
	F16_('S4', 'S5')_rr: 0
	F38_('E4', 'S4')_gc: False
	F32_('E3', 'S3')_t3_max: 832
	F39_('S3', 'S2')_t4_max: 126385
	F37_('S1', 'E1')_rr: 0
	F23_('S4', 'E4')_t5_min: 7020
	('E4', 'S4')_gcl_cycle: 1
	F52_('S4', 'E4')_rr: 0
	F36_('S5', 'S4')_gc: False
	F58_('S4', 'E4')_t3_max: 101
	F33_('S4', 'S3')_t4_min: 62926
	F7_('E2', 'S2')_t3_min: 64620
	F44_('E5', 'S5')_gc: False
	F30_('S5', 'S4')_gc: False
	F41_('S2', 'S3')_t3_max: 5986
	F1_('S3', 'S2')_t4_min: 38930
	F1_('S2', 'S1')_t4_min: 38937
	F5_('S3', 'S2')_t3_min: 30823
	F44_('S2', 'S1')_t4_max: 30909
	F32_('S3', 'S4')_tb: 859
	F32_('E3', 'S3')_rr: 0
	F52_('S4', 'E4')_t4_min: 126842
	F53_('S3', 'E3')_tb: 6986
	F32_('S5', 'E5')_rr: 0
	F44_('S5', 'S4')_gc: False
	F48_('S5', 'S4')_t4_min: 31010
	F45_('E5', 'S5')_t3_max: 6857
	F47_('E3', 'S3')_rr: 0
	F52_('S4', 'E4')_t3_max: 126865
	F14_('S4', 'S5')_rr: 0
	F56_('S2', 'S1')_rr: 0
	F3_jitter: 54
	F27_queue_index: 0
	F27_('E5', 'S5')_t4_min: 14231
	F39_('S2', 'E2')_tb: 126390
	F10_('S4', 'E4')_t4_max: 6057
	F57_('S5', 'E5')_gc: False
	F44_('S2', 'S1')_rr: 0
	F46_('S1', 'S2')_rr: 1
	F19_('S2', 'S3')_gc: True
	F36_('S4', 'E4')_t4_min: 42123
	F44_('S2', 'S1')_gc: False
	F49_('S2', 'E2')_t4_min: 11150
	F12_jitter: 0
	F32_('S3', 'S4')_t4_max: 877
	F57_jitter: 18
	F17_queue_index: 0
	F20_('E4', 'S4')_t3_max: 46170
	F58_('S2', 'S3')_t4_max: 58
	F18_('S4', 'S5')_t3_min: 14559
	F47_('E3', 'S3')_t3_max: 314
	F14_('S3', 'S4')_t4_min: 617
	F8_queue_index: 0
	F3_('E4', 'S4')_t3_max: 3903
	F55_('S1', 'S2')_gc: False
	F41_('E1', 'S1')_t3_min: 5949
	F20_('S4', 'S3')_t4_max: 46213
	F54_('E1', 'S1')_tb: 62394
	F14_('S2', 'S3')_t4_max: 603
	F42_('S4', 'S3')_t4_min: 2527
	F43_jitter: 36
	F44_('S1', 'E1')_tb: 30897
	F0_('E5', 'S5')_t4_max: 31035
	('S3', 'S2')_gcl_cycle: 128000
	F59_('S2', 'S3')_t5_min: 771
	F23_jitter: 72
	F15_('S3', 'S2')_gc: False
	F12_('S3', 'S4')_t4_max: 2174
	F21_('S2', 'S1')_t4_max: 1127
	F22_('S3', 'E3')_tb: 63956
	F41_('S2', 'S3')_t3_min: 5963
	F2_('E5', 'S5')_t3_max: 7067
	F12_('S4', 'E4')_rr: 1
	F18_('S4', 'S5')_rr: 1
	F43_('E4', 'S4')_t3_max: 125944
	F33_('S3', 'S2')_rr: 1
	F39_('S3', 'S2')_t4_min: 126385
	F27_('S4', 'E4')_rr: 0
	F58_('S4', 'E4')_gc: False
	F45_('E5', 'S5')_rr: 0
	F4_('S2', 'S3')_t3_min: 621
	F55_('S5', 'E5')_rr: 8
	F40_('S4', 'S3')_rr: 0
	F55_('E1', 'S1')_gc: False
	F37_queue_index: 0
	F31_queue_index: 0
	F9_('S5', 'S4')_rr: 4
	F19_jitter: 18
	F41_('S3', 'S4')_t3_min: 5993
	F16_('S4', 'S5')_t4_max: 8709
	F3_('S3', 'S2')_t4_max: 3960
	F49_('S1', 'S2')_rr: 0
	F9_('S3', 'E3')_t4_min: 31022
	F3_('S3', 'S2')_t4_min: 3924
	F21_('E5', 'S5')_gc: False
	F0_('S4', 'S3')_t4_min: 31063
	F13_('S3', 'E3')_gc: False
	F41_('S4', 'S5')_gc: False
	F46_('S3', 'S4')_t4_min: 118180
	F8_('S3', 'S2')_tb: 2339
	F50_('S2', 'S3')_t4_min: 2813
	F30_('S4', 'E4')_gc: False
	F58_('S1', 'S2')_gc: True
	F31_('E4', 'S4')_gc: False
	F25_('S2', 'S3')_tb: 30256
	F28_('E2', 'S2')_t3_max: 46130
	F11_('S4', 'E4')_t3_max: 25022
	F18_('E2', 'S2')_gc: False
	F18_('S3', 'S4')_gc: False
	F50_('E1', 'S1')_t3_max: 2755
	F12_('S2', 'S3')_t5_max: 2154
	('S4', 'E4')_gcl_cycle: 4000
	F53_('S2', 'S3')_rr: 16
	F47_('E3', 'S3')_gc: False
	F31_('S4', 'S5')_rr: 0
	F6_('E5', 'S5')_t3_max: 1028
	F33_('S2', 'S1')_t4_min: 62957
	F5_('S2', 'E2')_t4_min: 30827
	F15_('E5', 'S5')_t3_max: 56288
	F59_('S2', 'S3')_t4_min: 762
	F53_('S1', 'S2')_gc: False
	F21_('S4', 'S3')_rr: 64
	F55_queue_index: 0
	F32_('S4', 'S5')_t4_min: 896
	F13_('S4', 'S3')_t3_min: 7950
	F51_('S3', 'S4')_t5_min: 8741
	F46_('S2', 'S3')_tb: 118173
	F47_('E3', 'S3')_t5_max: 335
	F6_('S5', 'S4')_rr: 0
	F26_('E5', 'S5')_rr: 0
	F57_('E3', 'S3')_rr: 0
	F39_('S3', 'S2')_t5_max: 126388
	F45_('S4', 'S3')_gc: False
	F29_('S5', 'S4')_t3_min: 14217
	F13_('S5', 'S4')_t4_min: 7936
	F17_('E2', 'S2')_t5_min: 10
	F43_('S4', 'S5')_t3_min: 125962
	F55_('S2', 'S3')_t5_min: 14437
	F29_('S3', 'E3')_t4_min: 14259
	('S2', 'S3')_gcl_cycle: 128000
	F51_('S4', 'S5')_t3_max: 8766
	F58_('S4', 'E4')_rr: 0
	F35_queue_index: 0
	('S5', 'S4')_gcl_length: 254
	F8_('S3', 'S2')_t4_max: 2339
	F27_('S5', 'S4')_t4_min: 14246
	F58_queue_index: 0
	F49_('E1', 'S1')_gc: False
	F2_('S5', 'S4')_t4_max: 7093
	F46_('S5', 'E5')_t3_min: 118235
	F36_('S5', 'S4')_rr: 0
	F25_('S2', 'S3')_gc: False
	F24_('S3', 'S2')_t5_min: 123121
	F48_('S3', 'E3')_rr: 0
	F53_('S1', 'S2')_rr: 0
	F36_queue_index: 0
	F2_('E5', 'S5')_rr: 0
	F30_('E5', 'S5')_gc: False
	F52_('E2', 'S2')_t4_min: 126816
	F51_('S5', 'E5')_t3_max: 8795
	F52_('S2', 'S3')_gc: True
	F44_('S3', 'S2')_t4_max: 30885
	F21_('S2', 'S1')_rr: 0
	F14_('S5', 'E5')_t3_min: 635
	F33_('S1', 'E1')_t4_max: 62997
	('S3', 'S4')_gcl_length: 4
	F15_('S2', 'S1')_rr: 0
	F52_queue_index: 0
	F45_('S4', 'S3')_t5_min: 6888
	F39_('S3', 'S2')_gc: True
	F46_('S1', 'S2')_gc: True
	F23_('S2', 'S3')_t5_min: 6992
	F45_('S2', 'E2')_gc: False
	F15_('S4', 'S3')_t4_min: 56342
	F23_('S2', 'S3')_t4_min: 6980
	F40_queue_index: 0
	F59_('E2', 'S2')_t4_min: 751
	F49_('S2', 'E2')_rr: 0
	F7_('E2', 'S2')_t3_max: 64607
	F52_('E2', 'S2')_t3_max: 126803
	F6_('E5', 'S5')_gc: False
	F56_('E4', 'S4')_t3_max: 50495
	F14_('S5', 'E5')_rr: 0
	F20_('S4', 'S3')_rr: 0
	F20_('E4', 'S4')_t5_max: 46193
	F5_queue_index: 0
	F55_('S2', 'S3')_t4_max: 14470
	F43_('S5', 'E5')_gc: False
	F20_('S4', 'S3')_t5_min: 46205
	F46_('S4', 'S5')_rr: 1
	F0_('S5', 'S4')_t4_min: 31049
	F18_('S5', 'E5')_t4_min: 14595
	F12_('S4', 'E4')_gc: True
	F1_('S1', 'E1')_gc: False
	F48_('E5', 'S5')_rr: 0
	F20_('S4', 'S3')_gc: False
	F4_('S3', 'S4')_gc: False
	F0_('S3', 'E3')_t3_max: 31077
	F13_('S5', 'S4')_gc: True
	F30_('S5', 'S4')_t4_max: 30290
	F33_('S2', 'S1')_gc: False
	F56_('S4', 'S3')_rr: 1
	F4_('S3', 'S4')_t3_max: 644
	F22_('S4', 'S3')_gc: True
	F35_('S3', 'E3')_t4_max: 102535
	F42_('E5', 'S5')_t3_max: 2484
	F3_('E4', 'S4')_rr: 0
	F37_jitter: 54
	F8_('S4', 'S3')_t3_min: 2325
	F19_('E1', 'S1')_t3_max: 38076
	F14_('S2', 'S3')_gc: False
	F45_('S4', 'S3')_t4_min: 6885
	F9_('S5', 'S4')_t4_max: 30985
	F0_('S4', 'S3')_t3_max: 31063
	F59_('S3', 'S4')_gc: True
	F56_('S2', 'S1')_t4_max: 50551
	F59_('S3', 'S4')_t4_max: 796
	F5_('E3', 'S3')_t3_max: 30806
	F26_('S3', 'S2')_rr: 0
	F45_('S4', 'S3')_rr: 0
	F1_('E3', 'S3')_t5_max: 38928
	F51_jitter: 54
	F14_('E1', 'S1')_rr: 0
	F25_queue_index: 0
	F10_('E3', 'S3')_rr: 0
	F39_('S4', 'S3')_t4_min: 126357
	F32_queue_index: 0
	F25_('S2', 'S3')_t4_max: 30292
	F43_('S5', 'E5')_t4_min: 125967
	F16_('S4', 'S5')_gc: False
	F17_('S2', 'S3')_gc: False
	F18_('S2', 'S3')_t4_max: 14543
	F10_('E3', 'S3')_gc: False
	F44_queue_index: 0
	F16_('S5', 'E5')_t4_min: 8705
	F23_('S3', 'S4')_t4_min: 6994
	F55_jitter: 0
	F26_('S5', 'S4')_rr: 64
	F20_('S3', 'E3')_t5_min: 46217
	F57_('E3', 'S3')_t3_max: 126884
	F0_('S5', 'S4')_t4_max: 31049
	F29_('E5', 'S5')_t3_min: 14210
	F18_('S3', 'S4')_t4_max: 14569
	F10_('S4', 'E4')_rr: 0
	F44_('S3', 'S2')_tb: 30885
	F34_('E4', 'S4')_t3_max: 6809
	F14_('S5', 'E5')_t3_max: 658
	F17_('S3', 'E3')_t5_min: 55
	F24_('S2', 'E2')_t4_min: 123123
	F14_('S2', 'S3')_rr: 0
	F26_('S5', 'S4')_t5_min: 271
	F24_('S2', 'E2')_rr: 0
	F49_('S1', 'S2')_t4_max: 11158
	F48_('S5', 'S4')_gc: True
	F56_('S4', 'S3')_t4_max: 50518
	F5_('S2', 'E2')_t3_min: 30827
	F25_('S2', 'S3')_t5_max: 30299
	F45_('S3', 'S2')_t5_max: 6929
	F39_('S4', 'S3')_rr: 0
	F47_('S3', 'S2')_gc: True
	F46_('S3', 'S4')_gc: False
	F40_('E4', 'S4')_t3_max: 62928
	F15_('S5', 'S4')_t3_min: 56310
	F21_('S3', 'S2')_rr: 64
	F17_('S3', 'E3')_tb: 46
	F22_jitter: 0
	F48_('S4', 'S3')_tb: 31019
	F51_('E3', 'S3')_t4_max: 8721
	F8_('S2', 'S1')_rr: 2
	F30_('S4', 'E4')_t4_min: 30285
	F37_('S3', 'S2')_t4_max: 126352
	F56_('S3', 'S2')_t4_max: 50528
	F31_('E4', 'S4')_t4_max: 2501
	F51_('S4', 'S5')_gc: False
	F4_('E2', 'S2')_gc: False
	F20_('E4', 'S4')_rr: 0
	F4_('S4', 'S5')_rr: 16
	F4_('S5', 'E5')_t4_min: 693
	F41_('S4', 'S5')_t5_min: 6005
	F26_('S4', 'S3')_t4_min: 273
	F45_jitter: 54
	F2_('S4', 'E4')_t4_min: 7101
	F48_('S3', 'E3')_gc: False
	F9_('S5', 'S4')_gc: True
	F41_('S1', 'S2')_t4_min: 5956
	F39_('S5', 'S4')_gc: True
	F16_('E4', 'S4')_t3_max: 8664
	F19_('E1', 'S1')_t5_max: 38098
	F33_('E4', 'S4')_t3_max: 62909
	F9_('S5', 'S4')_t4_min: 30985
	F40_jitter: 0
	F43_('E4', 'S4')_t5_min: 125960
	F6_('S4', 'E4')_gc: False
	F36_jitter: 36
	F39_('E5', 'S5')_rr: 0
	F8_('S2', 'S1')_t4_min: 2348
	F26_('S4', 'S3')_rr: 0
	F41_('S4', 'S5')_t5_max: 6041
	F18_('S5', 'E5')_rr: 1
	F55_('S1', 'S2')_rr: 0
	F39_queue_index: 0
	F46_('E1', 'S1')_gc: False
	F44_('S5', 'S4')_t5_min: 30836
	F33_('S2', 'S1')_t5_max: 62977
	F20_('S4', 'S3')_t3_min: 46195
	F31_('S5', 'E5')_gc: False
	F11_('E5', 'S5')_t3_max: 24956
	F22_('S4', 'S3')_t4_min: 63946
	F3_('S2', 'E2')_t4_min: 3928
	F8_('E4', 'S4')_t3_max: 2308
	F17_('S3', 'E3')_rr: 1
	F18_('S4', 'S5')_t4_min: 14582
	F57_('S4', 'S5')_gc: True
	F13_('S4', 'S3')_gc: True
	F49_('S2', 'E2')_gc: False
	F8_('S1', 'E1')_t4_min: 2357
	F28_('S2', 'S3')_t4_min: 46157
	F21_('S1', 'E1')_rr: 0
	F35_('S4', 'S3')_rr: 0
	F37_('S4', 'S3')_rr: 1
	F44_('S3', 'S2')_rr: 4
	F9_('E5', 'S5')_rr: 0
	F0_('S3', 'E3')_rr: 4
	F8_('S3', 'S2')_t3_max: 2339
	F44_('E5', 'S5')_t4_max: 30826
	F34_('S3', 'E3')_rr: 16
	F56_('S4', 'S3')_t4_min: 50518
	F50_('S2', 'S3')_gc: True
	F9_('S4', 'S3')_t4_max: 31010
	F29_queue_index: 0
	F30_('S5', 'S4')_t4_min: 30272
	F33_('S1', 'E1')_t4_min: 62961
	F35_('S3', 'E3')_gc: True
	F12_('S2', 'S3')_t4_min: 2149
	F9_('S4', 'S3')_gc: False
	F8_jitter: 0
	F50_('S2', 'S3')_t5_max: 2822
	F53_('E1', 'S1')_rr: 0
	F41_('S1', 'S2')_gc: False
	F34_('S4', 'S3')_t4_max: 6833
	F55_('S3', 'S4')_t4_max: 14493
	F55_('S4', 'S5')_gc: True
	F0_('E5', 'S5')_gc: False
	F25_('S1', 'S2')_gc: False
	F46_('S1', 'S2')_t4_max: 118166
	F28_('S2', 'S3')_t4_max: 46175
	F57_('S3', 'S4')_rr: 0
	F5_('S3', 'S2')_t4_max: 30841
	F42_('E5', 'S5')_gc: False
	F2_('S4', 'E4')_t5_min: 7107
	F24_('E3', 'S3')_t4_min: 123098
	F33_('E4', 'S4')_tb: 62922
	F25_('S3', 'E3')_rr: 0
	F51_('E3', 'S3')_gc: False
	F21_('S4', 'S3')_t4_max: 1094
	F47_('S2', 'E2')_rr: 0
	F17_('S2', 'S3')_tb: 12
	F58_('S3', 'S4')_gc: False
	F47_('S2', 'E2')_t4_max: 370
	F1_('S3', 'S2')_rr: 0
	F31_('E4', 'S4')_t3_max: 2488
	F38_('S4', 'S5')_t4_max: 2549
	F22_('E4', 'S4')_t3_max: 63923
	F43_('S4', 'S5')_gc: False
	F38_('S4', 'S5')_t3_min: 2544
	F8_('E4', 'S4')_rr: 0
	F33_jitter: 36
	F42_('S3', 'E3')_t4_min: 2542
	F41_('E1', 'S1')_rr: 0
	F8_('S2', 'S1')_gc: True
	F41_jitter: 54
	F23_('S1', 'S2')_gc: False
	F2_('S5', 'S4')_t4_min: 7093
	F46_('S4', 'S5')_t5_min: 118233
	F19_('S1', 'S2')_t4_min: 38100
	F5_('S3', 'S2')_rr: 0
	F25_('S2', 'S3')_rr: 0
	F42_('S5', 'S4')_gc: True
	F5_jitter: 36
	F59_('S2', 'S3')_t4_max: 780
	F52_('S4', 'E4')_t5_min: 126847
	F57_('S4', 'S5')_t4_max: 126934
	F10_('E3', 'S3')_t3_max: 6000
	F22_('S3', 'E3')_gc: True
	F11_('S5', 'S4')_rr: 0
	F52_('E2', 'S2')_rr: 0
	F19_queue_index: 0
	F25_('S1', 'S2')_t4_min: 30247
	F32_('S5', 'E5')_tb: 910
	F52_('S2', 'S3')_t4_max: 126828
	F0_('E5', 'S5')_t5_max: 31042
	F18_('S2', 'S3')_rr: 1
	F57_('S4', 'S5')_rr: 1
	F42_('S4', 'S3')_t5_min: 2535
	F23_('S4', 'E4')_gc: False
	F14_('S5', 'E5')_t4_min: 635
	F12_('E2', 'S2')_rr: 0
	F35_('E4', 'S4')_t5_min: 102500
	F23_('E1', 'S1')_gc: False
	F37_('S1', 'E1')_gc: False
	F54_('S2', 'E2')_gc: True
	F19_('S1', 'S2')_rr: 0
	F16_('S5', 'E5')_tb: 8705
	F36_('S5', 'S4')_t4_max: 42136
	F41_('S4', 'S5')_rr: 0
	F17_('E2', 'S2')_t4_min: 1
	F4_jitter: 0
	F56_('S2', 'S1')_gc: False
	F20_queue_index: 0
	F23_('S3', 'S4')_gc: False
	F3_('S4', 'S3')_gc: False
	F13_('S3', 'E3')_rr: 0
	F36_('S5', 'S4')_t5_min: 42121
	F29_('E5', 'S5')_t3_max: 14197
	F52_('S3', 'S4')_t4_max: 126853
	F19_('S1', 'S2')_tb: 38100
	F2_('S5', 'S4')_rr: 1
	F39_('S2', 'E2')_t4_min: 126390
	F18_('S5', 'E5')_gc: True
	F59_('E2', 'S2')_gc: False
	F53_('S2', 'S3')_gc: True
	F45_('E5', 'S5')_gc: False
	F48_queue_index: 0
	F50_('S2', 'S3')_rr: 32
	F10_('S3', 'S4')_t4_max: 6035
	F27_('S4', 'E4')_gc: False
	F53_('S3', 'E3')_rr: 16
	F14_queue_index: 0
	F26_('S2', 'E2')_gc: True
	F7_('S2', 'S1')_rr: 1
	F50_queue_index: 0
	F0_jitter: 0
	F48_('S5', 'S4')_t5_max: 31017
	F58_('S1', 'S2')_t4_max: 30
	F14_('S3', 'S4')_t5_max: 624
	F7_('S1', 'E1')_t5_min: 64640
	F24_('S2', 'E2')_t5_min: 123131
	F3_('S2', 'E2')_rr: 0
	F37_('S3', 'S2')_rr: 0
	F39_('S5', 'S4')_t4_max: 126352
	F33_('E4', 'S4')_rr: 0
	F6_('E5', 'S5')_tb: 1041
	F55_('S2', 'S3')_t4_min: 14434
	F23_('E1', 'S1')_t3_max: 6939
	F45_queue_index: 0
	F41_('E1', 'S1')_tb: 5949
	F35_('S4', 'S3')_t4_min: 102502
	F31_jitter: 36
	F11_('S4', 'E4')_gc: False
	F46_('S5', 'E5')_t5_min: 118240
	F34_queue_index: 0
	F57_queue_index: 0
	F46_('E1', 'S1')_t3_max: 118141
	F27_('S5', 'S4')_t4_max: 14246
	F18_('S3', 'S4')_t3_max: 14556
	F40_('S3', 'E3')_t3_min: 62953
	F2_('S4', 'E4')_gc: False
	F11_('S4', 'E4')_t5_max: 25048
	F28_('S2', 'S3')_t5_min: 46169
	F41_('S5', 'E5')_t4_min: 6007
	F6_jitter: 36
	F46_('S3', 'S4')_t4_max: 118216
	F55_('S3', 'S4')_gc: False
	F56_queue_index: 0
	F18_queue_index: 0
	F33_('S4', 'S3')_t4_max: 62944
	F29_('S4', 'S3')_t3_min: 14224
	F40_('S4', 'S3')_t4_max: 62965
	F55_('S4', 'S5')_rr: 8
	F3_queue_index: 0
	F7_('E2', 'S2')_gc: False
	F15_('S2', 'S1')_t4_min: 56360
	F33_('S4', 'S3')_rr: 0
	F33_('S1', 'E1')_t5_max: 62999
	F48_('S4', 'S3')_gc: False
	F23_('S4', 'E4')_rr: 0
	F4_('E2', 'S2')_t3_max: 595
	F28_queue_index: 0
	F17_('S3', 'E3')_t5_max: 55
	F57_('E3', 'S3')_gc: False
	F48_('E5', 'S5')_t4_min: 30996
	F21_('S1', 'E1')_gc: False
	F26_('S3', 'S2')_t4_min: 286
	F25_('S3', 'E3')_t4_min: 30265
	F27_('S5', 'S4')_gc: True
	F41_('S5', 'E5')_t3_min: 6007
	F4_('S3', 'S4')_t5_min: 650
	F4_('S3', 'S4')_t4_min: 639
	F45_('S3', 'S2')_t5_min: 6893
	F39_('S4', 'S3')_gc: False
	F53_queue_index: 0
	F0_('E5', 'S5')_t5_min: 31042
	F14_('S4', 'S5')_t4_max: 644
	F17_('S3', 'E3')_gc: True
	F49_('E1', 'S1')_t4_min: 11130
	F48_('E5', 'S5')_gc: False
	F28_('S2', 'S3')_gc: False
	F37_('S1', 'E1')_t4_max: 126410
	F6_('E5', 'S5')_rr: 0
	F46_('S2', 'S3')_t4_max: 118191
	F42_('S3', 'E3')_t3_min: 2537
	F8_('S1', 'E1')_t3_max: 2357
	F39_('E5', 'S5')_gc: False
	F59_('S2', 'S3')_gc: False
	('E5', 'S5')_gcl_cycle: 1
	F43_('E4', 'S4')_gc: False
	F9_('S4', 'S3')_rr: 0
	F46_('S5', 'E5')_rr: 0
	F49_('E1', 'S1')_rr: 0
	F59_('E2', 'S2')_rr: 0
	F41_('S1', 'S2')_rr: 0
	F39_('E5', 'S5')_t3_max: 126329
	F44_('S4', 'S3')_t4_max: 30874
	F21_('S4', 'S3')_gc: True
	F17_('S3', 'E3')_t4_min: 46
	F37_('E5', 'S5')_gc: False
	F59_('S4', 'S5')_t4_min: 807
	F54_('S2', 'E2')_t5_min: 62442
	F50_('S1', 'S2')_t5_min: 2788
	F50_('S1', 'S2')_rr: 0
	F1_('S2', 'S1')_gc: False
	F59_('S4', 'S5')_t3_max: 812
	F56_('S4', 'S3')_gc: True
	F36_('S4', 'E4')_rr: 0
	F58_('S3', 'S4')_t4_max: 86
	F43_('S4', 'S5')_t4_min: 125962
	F35_('S4', 'S3')_t4_max: 102520
	F15_('S1', 'E1')_t3_min: 56369
	F55_('S4', 'S5')_t4_min: 14503
	F11_('E5', 'S5')_rr: 0
	F26_('S5', 'S4')_t4_min: 260
	F29_('S4', 'S3')_tb: 14247
	F51_('E3', 'S3')_t4_min: 8721
	F45_('S3', 'S2')_gc: False
	F19_('S3', 'E3')_t5_max: 38172
	F30_('S4', 'E4')_rr: 0
	F41_('E1', 'S1')_t3_max: 5936
	F4_('S3', 'S4')_t4_max: 657
	F54_('S1', 'S2')_rr: 0
	F46_('S4', 'S5')_t4_min: 118228
	F37_('S4', 'S3')_t4_max: 126323
	F32_('S4', 'S5')_t4_max: 896
	F13_queue_index: 0
	F1_('S3', 'S2')_t4_max: 38948
	F41_('S2', 'S3')_t4_min: 5986
	F41_queue_index: 0
	F15_('E5', 'S5')_t5_max: 56308
	F49_jitter: 36
	F20_('S4', 'S3')_t5_max: 46223
	F38_('E4', 'S4')_t3_min: 2533
	F32_('S4', 'S5')_rr: 64
	F47_('S3', 'S2')_rr: 16
	F56_('E4', 'S4')_rr: 0
	F41_('S5', 'E5')_gc: False
	F49_('S1', 'S2')_gc: False
	F24_('E3', 'S3')_t3_max: 123085
	F27_('E5', 'S5')_tb: 14231
	F48_('S5', 'S4')_rr: 4
	F54_('E1', 'S1')_gc: False
	F11_jitter: 36
	F26_('S2', 'E2')_t5_max: 351
	F46_('S2', 'S3')_rr: 0
	F29_('S5', 'S4')_t4_max: 14235
	F3_('E4', 'S4')_gc: False
	F59_('S5', 'E5')_rr: 0
	F58_('S3', 'S4')_t4_min: 50
	F14_('S3', 'S4')_t4_max: 617
	F18_('E2', 'S2')_t3_max: 14517
	F27_jitter: 18
	F27_('S4', 'E4')_t4_min: 14256
	F44_('S1', 'E1')_t4_min: 30897
	F13_('E5', 'S5')_gc: False
	F59_('E2', 'S2')_tb: 751
	F51_('S5', 'E5')_gc: False
	F49_('E1', 'S1')_t3_max: 11117
	F6_('E5', 'S5')_t5_max: 1043
	F44_jitter: 36
	F18_('S2', 'S3')_t5_min: 14549
	F19_('S3', 'E3')_rr: 0
	F7_('S2', 'S1')_t4_max: 64629
	F17_('S2', 'S3')_t4_max: 30
	F39_('S4', 'S3')_t4_max: 126375
	F26_queue_index: 0
	F21_('E5', 'S5')_t5_min: 1064
	F45_('S2', 'E2')_t4_min: 6895
	F38_('E4', 'S4')_t3_max: 2520
	F4_('S4', 'S5')_gc: True
	F53_('S1', 'S2')_t4_min: 6930
	F23_('S3', 'S4')_rr: 0
	F19_('S1', 'S2')_t5_min: 38109
	F15_('S3', 'S2')_t5_min: 56358
	F4_queue_index: 0
	F11_('E5', 'S5')_gc: False
	F26_('S2', 'E2')_rr: 32
	F32_('S3', 'S4')_gc: False
	F14_('S3', 'S4')_gc: True
	F45_('S3', 'S2')_t4_max: 6926
	F14_('S1', 'S2')_gc: False
	F26_('S3', 'S2')_gc: False
	F21_('S3', 'S2')_t3_max: 1104
	F29_('S5', 'S4')_rr: 0
	F27_('E5', 'S5')_t3_max: 14218
	F49_('E1', 'S1')_t4_max: 11130
	F50_('S3', 'E3')_t4_min: 2829
	F50_('E1', 'S1')_t5_max: 2777
	F57_('S3', 'S4')_t4_max: 126922
	F37_('S3', 'S2')_t4_min: 126334
	F10_queue_index: 0
	F41_('S3', 'S4')_t4_max: 6011
	F3_('S4', 'S3')_t4_max: 3938
	F8_('S4', 'S3')_t4_min: 2330
	F23_('S3', 'S4')_t4_max: 7048
	F7_('S1', 'E1')_t4_min: 64638
	F51_('S3', 'S4')_t4_max: 8750
	F33_('S3', 'S2')_t4_min: 62953
	('S3', 'S2')_gcl_length: 180
	F34_('S4', 'S3')_t3_min: 6828
	F23_('E1', 'S1')_rr: 0
	F28_('S2', 'S3')_rr: 0
	F12_('S2', 'S3')_t4_max: 2149
	F13_('E5', 'S5')_rr: 0
	F14_('S4', 'S5')_t4_min: 626
	F21_('S5', 'S4')_t4_max: 1084
	F59_('S2', 'S3')_rr: 0
	F37_('S2', 'S1')_rr: 0
	F23_('S4', 'E4')_t4_min: 7008
	F26_('S3', 'S2')_t4_max: 322
	('S4', 'S5')_gcl_cycle: 128000
	F59_('S4', 'S5')_rr: 0
	F54_('S1', 'S2')_gc: False
	F35_('E4', 'S4')_gc: False
	F55_('S5', 'E5')_t4_min: 14513
	F29_('S4', 'S3')_rr: 8
	F30_queue_index: 0
	F1_('E3', 'S3')_t3_max: 38910
	('S3', 'S4')_gcl_cycle: 2000
	('S5', 'S4')_gcl_cycle: 128000
	F44_('S3', 'S2')_gc: True
	F21_('S5', 'S4')_t4_min: 1066
	F37_('S3', 'S2')_gc: False
	F17_jitter: 0
	F48_('S5', 'S4')_t4_max: 31010
	F21_('S3', 'S2')_t4_min: 1104
	F49_('S1', 'S2')_t4_min: 11140
	F0_('S4', 'S3')_rr: 4
	F2_('S4', 'E4')_rr: 0
	F55_('S5', 'E5')_gc: True
	F57_('S4', 'S5')_t4_min: 126934
	F9_queue_index: 0
	F45_('S4', 'S3')_t4_max: 6903
	F4_('S2', 'S3')_rr: 16
	F55_('S1', 'S2')_t4_min: 14429
	F20_('E4', 'S4')_gc: False
	F11_('S4', 'E4')_t4_min: 24999
	F24_('S2', 'E2')_t4_max: 123141
	F12_('E2', 'S2')_t3_max: 2124
	F53_('S2', 'S3')_t4_min: 6967
	F55_('S3', 'S4')_t4_min: 14439
	F16_('S4', 'S5')_t5_max: 8721
	F0_('S5', 'S4')_rr: 4
	F26_('E5', 'S5')_t3_max: 229
	F50_('S2', 'S3')_t3_min: 2790
	F17_('E2', 'S2')_t3_max: -12
	F58_('S1', 'S2')_rr: 64
	F17_('S2', 'S3')_t4_min: 12
	F54_('E1', 'S1')_rr: 0
	F0_('S3', 'E3')_gc: True
	F38_('S5', 'E5')_gc: False
	F15_('S5', 'S4')_rr: 0
	F6_('S4', 'E4')_t4_min: 1049
	F44_('S5', 'S4')_rr: 0
	F17_('E2', 'S2')_gc: False
	F3_('S3', 'S2')_gc: False
	F15_('S1', 'E1')_gc: False
	F26_('S5', 'S4')_t4_max: 260
	F44_('E5', 'S5')_t3_max: 30813
	F45_('S3', 'S2')_rr: 0
	F51_('S5', 'E5')_t4_min: 8754
	F29_('S4', 'S3')_gc: True
	F5_('E3', 'S3')_rr: 0
	F28_('S3', 'E3')_rr: 2
	F46_('S5', 'E5')_gc: False
	F4_('S2', 'S3')_tb: 626
	F56_('S1', 'E1')_gc: False
	F59_('S3', 'S4')_t4_min: 796
	F20_('S3', 'E3')_gc: False
	F42_('S4', 'S3')_gc: True
	F53_('E1', 'S1')_gc: False
	F14_('E1', 'S1')_gc: False
	F42_('S4', 'S3')_t4_max: 2527
	F56_('S3', 'S2')_t4_min: 50528
	F53_('S3', 'E3')_t5_min: 6998
	('S5', 'E5')_gcl_cycle: 128000
	F28_('E2', 'S2')_rr: 0
	F29_('S3', 'E3')_rr: 8
	F1_queue_index: 0
	F51_('S3', 'S4')_gc: False
	F25_('E1', 'S1')_t3_max: 30225
	F21_('E5', 'S5')_rr: 0
	F45_('S5', 'S4')_t5_min: 6883
	F21_('E5', 'S5')_t3_max: 1048
	F2_jitter: 18
	F47_queue_index: 0
	F8_('S3', 'S2')_t4_min: 2339
	F38_('S5', 'E5')_t4_min: 2560
	F21_('S3', 'S2')_gc: True
	F19_('S2', 'S3')_t4_min: 38134
	('S4', 'E4')_gcl_length: 2
	F0_('S3', 'E3')_t4_min: 31077
	F16_jitter: 36
	F33_('S2', 'S1')_t4_max: 62975
	F35_('S4', 'S3')_t3_min: 102502
	F39_('S5', 'S4')_rr: 1
	F37_('E5', 'S5')_rr: 0
	F43_queue_index: 0
	F55_('S4', 'S5')_t4_max: 14503
	F47_('S3', 'S2')_t4_max: 342
	F48_('S3', 'E3')_t4_min: 31028
	F21_('S2', 'S1')_t4_min: 1109
	F46_('S3', 'S4')_t5_max: 118221
	F44_('S4', 'S3')_gc: False
	F4_('E2', 'S2')_rr: 0
	F53_('E1', 'S1')_t3_max: 6903
	F46_jitter: 18
	F25_('S1', 'S2')_rr: 0
	F20_('S3', 'E3')_rr: 0
	F23_('E1', 'S1')_t4_min: 6952
	F50_('E1', 'S1')_gc: False
	F46_queue_index: 0
	F24_queue_index: 0
	F44_('S4', 'S3')_t4_min: 30838
	F34_('S4', 'S3')_t4_min: 6833
	F20_('E4', 'S4')_t5_min: 46193
	F32_('S5', 'E5')_t5_max: 940
	F34_('S3', 'E3')_gc: True
	F3_('S4', 'S3')_rr: 0
	F46_('S3', 'S4')_rr: 0
	F58_('E1', 'S1')_gc: False
	F13_('S5', 'S4')_t4_max: 7936
	F16_('S4', 'S5')_t4_min: 8691
	F31_('S5', 'E5')_rr: 0
	F5_('S2', 'E2')_gc: False
	F27_('S5', 'S4')_t3_max: 14246
	F48_('S5', 'S4')_t3_max: 31010
	F36_('S5', 'S4')_t3_max: 42123
	F59_('S2', 'S3')_t3_max: 767
	F49_('S1', 'S2')_t3_max: 11145
	F13_('S5', 'S4')_t3_max: 7936
	F54_('S1', 'S2')_t3_max: 62408
	F50_('S1', 'S2')_t3_max: 2784
	F51_('S3', 'S4')_t3_max: 8737
	F34_('S4', 'S3')_t3_max: 6833
	F12_('S2', 'S3')_t3_max: 2149
	F18_('S2', 'S3')_t3_max: 14543
	F24_('S3', 'S2')_t3_max: 123113
	F20_('S4', 'S3')_t3_max: 46200
	F58_('S1', 'S2')_t3_max: 30
	F32_('S3', 'S4')_t3_max: 864
	F4_('S2', 'S3')_t3_max: 626
	F33_('S4', 'S3')_t3_max: 62931
	F52_('S2', 'S3')_t3_max: 126828
	F25_('S1', 'S2')_t3_max: 30252
	F9_('S5', 'S4')_t3_max: 30985
	F31_('S4', 'S5')_t3_max: 2514
	F56_('S4', 'S3')_t3_max: 50518
	F42_('S5', 'S4')_t3_max: 2512
	F55_('S1', 'S2')_t3_max: 14434
	F6_('S5', 'S4')_t3_max: 1050
	F3_('S4', 'S3')_t3_max: 3925
	F23_('S1', 'S2')_t3_max: 6971
	F35_('S4', 'S3')_t3_max: 102507
	F38_('S4', 'S5')_t3_max: 2549
	F29_('S5', 'S4')_t3_max: 14222
	F26_('S5', 'S4')_t3_max: 260
	F39_('S5', 'S4')_t3_max: 126352
	F2_('S5', 'S4')_t3_max: 7093
	F44_('S5', 'S4')_t3_max: 30837
	F7_('S2', 'S1')_t3_max: 64629
	F14_('S1', 'S2')_t3_max: 563
	F40_('S4', 'S3')_t3_max: 62952
	F8_('S4', 'S3')_t3_max: 2330
	F19_('S1', 'S2')_t3_max: 38105
	F30_('S5', 'S4')_t3_max: 30277
	F22_('S4', 'S3')_t3_max: 63946
	F47_('S3', 'S2')_t3_max: 342
	F28_('S2', 'S3')_t3_max: 46162
	F45_('S5', 'S4')_t3_max: 6880
	F43_('S4', 'S5')_t3_max: 125967
	F5_('S3', 'S2')_t3_max: 30828
	F0_('S5', 'S4')_t3_max: 31049
	F46_('S1', 'S2')_t3_max: 118166
	F11_('S5', 'S4')_t3_max: 24989
	F53_('S1', 'S2')_t3_max: 6935
	F16_('S4', 'S5')_t3_max: 8696
	F15_('S5', 'S4')_t3_max: 56315
	F37_('S5', 'S4')_t3_max: 126307
	F41_('S1', 'S2')_t3_max: 5961
	F17_('S2', 'S3')_t3_max: 17
	F1_('S3', 'S2')_t3_max: 38935
	F57_('S3', 'S4')_t3_max: 126909
	F10_('S3', 'S4')_t3_max: 6022
	F21_('S5', 'S4')_t3_max: 1071
	F49_('E1', 'S1')_t5_min: 11138
	F48_('S3', 'E3')_t3_min: 31028
	F1_('E3', 'S3')_t3_min: 38923
	F40_('S3', 'E3')_t5_max: 62980
	F45_('S2', 'E2')_t4_max: 6949
	F19_('S2', 'S3')_tb: 38134
	F53_('S3', 'E3')_t3_min: 6981
	F49_('E1', 'S1')_t5_max: 11138
	F46_('S2', 'S3')_t3_max: 118178
	F7_('S2', 'S1')_t5_min: 64631
	F48_('S4', 'S3')_t3_max: 31024
	F23_('E1', 'S1')_t5_max: 6964
	F22_('S3', 'E3')_t4_max: 63956
	F17_('S3', 'E3')_t3_min: 23
	F51_('S5', 'E5')_t4_max: 8808
	F40_('E4', 'S4')_t4_max: 62941
	F46_('S3', 'S4')_tb: 118180
	F21_('S2', 'S1')_t5_max: 1130
	F53_('E1', 'S1')_t5_max: 6928
	F26_('E5', 'S5')_t3_min: 242
	F45_('S3', 'S2')_tb: 6890
	F31_('S5', 'E5')_tb: 2517
	F7_('S1', 'E1')_t5_max: 64640
	F34_('S3', 'E3')_t3_min: 6839
	F17_('S3', 'E3')_t3_max: 46
	F5_('S2', 'E2')_t3_max: 30850
	F51_('S3', 'S4')_t5_max: 8759
	F23_('S4', 'E4')_t5_max: 7092
	F5_('E3', 'S3')_t5_min: 30821
	F21_('S2', 'S1')_t3_min: 1109
	F40_('S4', 'S3')_t5_min: 62951
	F56_('S1', 'E1')_t5_max: 50577
	F9_('S3', 'E3')_t4_max: 31022
	F36_('S4', 'E4')_t5_max: 42162
	F27_('S5', 'S4')_t5_max: 14254
	F42_('S4', 'S3')_t5_max: 2535
	F30_('S5', 'S4')_t5_max: 30301
	F12_('E2', 'S2')_t4_min: 2137
	F36_('E5', 'S5')_t3_min: 42113
	F41_('S3', 'S4')_t5_max: 6016
	F14_('S1', 'S2')_t3_min: 558
	F25_('S1', 'S2')_t3_min: 30247
	F53_('S3', 'E3')_t3_max: 6986
	F44_('S5', 'S4')_t3_min: 30832
	F8_('S1', 'E1')_tb: 2357
	F4_('S5', 'E5')_t5_min: 704
	F13_('S3', 'E3')_t3_min: 7969
	F58_('E1', 'S1')_t4_min: 15
	F24_('E3', 'S3')_t3_min: 123098
	F56_('S3', 'S2')_t3_max: 50528
	F29_('S3', 'E3')_t3_min: 14254
	F15_('S3', 'S2')_t5_max: 56376
	F0_('S3', 'E3')_t3_min: 31072
	F16_('S4', 'S5')_t3_min: 8691
	F14_('S4', 'S5')_t5_min: 633
	F36_('S5', 'S4')_t3_min: 42118
	F34_('S3', 'E3')_tb: 6844
	F14_('S4', 'S5')_tb: 626
	F54_('S1', 'S2')_t3_min: 62403
	F14_('S4', 'S5')_t5_max: 651
	F51_('E3', 'S3')_t5_max: 8730
	F37_('S3', 'S2')_t3_max: 126339
	F9_('S5', 'S4')_t5_min: 30990
	F13_('E5', 'S5')_t4_max: 7917
	F8_('E4', 'S4')_t3_min: 2321
	F58_('S1', 'S2')_tb: 30
	F53_('S1', 'S2')_t5_min: 6942
	F29_('S3', 'E3')_t3_max: 14259
	F13_('S5', 'S4')_t3_min: 7931
	F1_('S1', 'E1')_t3_max: 38985
	('S5', 'E5')_gcl_length: 50
	F37_('S4', 'S3')_t3_min: 126318
	F16_('S4', 'S5')_t5_min: 8703
	F43_('S5', 'E5')_t3_max: 125990
	F8_('S2', 'S1')_t5_min: 2350
	F1_('S2', 'S1')_t3_max: 38960
	F0_('E5', 'S5')_t4_min: 31035
	F53_('S3', 'E3')_t4_max: 6986
	F53_('S2', 'S3')_t5_max: 6979
	F32_('S4', 'S5')_t5_min: 908
	F16_('E4', 'S4')_t4_min: 8677
	F3_('S3', 'S2')_t5_min: 3926
	F10_('E3', 'S3')_t5_min: 6015
	F18_('E2', 'S2')_tb: 14530
	F26_('S4', 'S3')_t5_max: 302
	F54_('S1', 'S2')_tb: 62403
	F37_('S4', 'S3')_t5_max: 126332
	F50_('E1', 'S1')_t5_min: 2777
	('S1', 'S2')_gcl_length: 130
	F44_('S1', 'E1')_t3_max: 30920
	F12_('E2', 'S2')_t5_max: 2142
	F9_('E5', 'S5')_t4_min: 30973
	F21_('S2', 'S1')_tb: 1109
	F10_('E3', 'S3')_t3_min: 6013
	F9_('E5', 'S5')_t4_max: 30973
	F59_('S5', 'E5')_tb: 818
	F19_('S3', 'E3')_tb: 38145
	F46_('S4', 'S5')_t3_min: 118187
	('S1', 'E1')_gcl_length: 6
	F23_('S4', 'E4')_t3_max: 7067
	F40_('S4', 'S3')_tb: 62947
	F23_('S2', 'S3')_t3_min: 6980
	F59_('S3', 'S4')_t3_max: 796
	F4_('S3', 'S4')_tb: 639
	F45_('S4', 'S3')_t5_max: 6906
	F8_('E4', 'S4')_t5_max: 2323
	F1_('S1', 'E1')_t5_min: 38949
	F58_('S3', 'S4')_t3_min: 50
	F56_('S3', 'S2')_tb: 50528
	F0_('S3', 'E3')_t5_min: 31084
	F19_('S2', 'S3')_t3_max: 38134
	F35_('S4', 'S3')_t5_max: 102528
	F2_('S4', 'E4')_tb: 7101
	F55_('S2', 'S3')_t3_max: 14457
	F27_('E5', 'S5')_t5_min: 14239
	F44_('S3', 'S2')_t3_max: 30885
	F58_('S3', 'S4')_tb: 50
	F15_('S2', 'S1')_t3_min: 56360
	F48_('S3', 'E3')_tb: 31028
	F29_('S5', 'S4')_tb: 14217
	F48_('S3', 'E3')_t5_max: 31071
	F4_('S3', 'S4')_t5_max: 668
	F33_('S2', 'S1')_t5_min: 62959
	F32_('E3', 'S3')_t5_max: 857
	F33_('E4', 'S4')_t5_min: 62924
	F2_('E5', 'S5')_t5_max: 7086
	F23_('S2', 'S3')_t3_max: 7003
	F8_('S1', 'E1')_t3_min: 2352
	F19_('S1', 'S2')_t5_max: 38127
	F23_('S2', 'S3')_t5_max: 7028
	F58_('S1', 'S2')_t3_min: 25
	F21_('S3', 'S2')_t5_min: 1107
	F26_('S4', 'S3')_tb: 273
	F9_('E5', 'S5')_tb: 30973
	F45_('E5', 'S5')_t5_max: 6873
	F44_('S1', 'E1')_t3_min: 30897
	('S2', 'S3')_gcl_length: 232
	F42_('S3', 'E3')_t3_max: 2542
	F49_('S1', 'S2')_t5_min: 11148
	F52_('S2', 'S3')_tb: 126828
	F8_('S4', 'S3')_tb: 2330
	F44_('E5', 'S5')_t3_min: 30826
	F59_('E2', 'S2')_t5_min: 760
	F53_('E1', 'S1')_t4_min: 6916
	F54_('S2', 'E2')_t3_min: 62412
	F51_('S5', 'E5')_t5_min: 8763
	F50_('S3', 'E3')_t5_min: 2838
	F38_('E4', 'S4')_t5_max: 2542
	F27_('S4', 'E4')_t3_min: 14256
	F20_('S3', 'E3')_t3_min: 46207
	F33_('S2', 'S1')_t3_min: 62957
	F56_('E4', 'S4')_t4_min: 50508
	F28_('S2', 'S3')_t5_max: 46187
	F22_('E4', 'S4')_t5_max: 63939
	F48_('E5', 'S5')_t5_min: 31003
	F57_('E3', 'S3')_t4_min: 126897
	F28_('S3', 'E3')_tb: 46194
	F0_('S4', 'S3')_t3_min: 31058
	F18_('S5', 'E5')_t4_max: 14595
	F15_('S2', 'S1')_tb: 56360
	F49_('S1', 'S2')_tb: 11140
	F59_('S2', 'S3')_t5_max: 789
	F59_('S3', 'S4')_t5_max: 805
	F6_('S4', 'E4')_t4_max: 1085
	F2_('S5', 'S4')_tb: 7093
	F50_('S3', 'E3')_tb: 2829
	F21_('S4', 'S3')_t5_min: 1097
	F59_('S5', 'E5')_t3_max: 841
	F46_('S2', 'S3')_t5_max: 118196
	F47_('S2', 'E2')_tb: 352
	F15_('S3', 'S2')_tb: 56351
	F58_('E1', 'S1')_t4_max: 15
	F41_('S3', 'S4')_t3_max: 5998
	F3_('S3', 'S2')_t5_max: 3962
	F3_('S2', 'E2')_tb: 3928
	F22_('E4', 'S4')_t5_min: 63939
	F8_('E4', 'S4')_t5_min: 2323
	F59_('E2', 'S2')_t3_min: 751
	F8_('S1', 'E1')_t4_max: 2357
	F39_('S4', 'S3')_tb: 126357
	F6_('S4', 'E4')_t5_min: 1051
	F38_('S4', 'S5')_tb: 2549
	F42_('E5', 'S5')_t5_max: 2505
	F10_('S3', 'S4')_t5_min: 6019
	F52_('E2', 'S2')_t5_min: 126821
	F24_('S3', 'S2')_tb: 123113
	F4_('E2', 'S2')_tb: 608
	F43_('E4', 'S4')_tb: 125957
	('S3', 'E3')_gcl_length: 192
	F47_('S2', 'E2')_t5_max: 378
	F45_('S2', 'E2')_t5_min: 6898
	F59_('S2', 'S3')_tb: 762
	F30_('E5', 'S5')_tb: 30259
	F59_('S5', 'E5')_t4_max: 854
	F13_('S3', 'E3')_t3_max: 7974
	F15_('S2', 'S1')_t5_min: 56367
	F9_('S5', 'S4')_t3_min: 30980
	F54_('S2', 'E2')_t3_max: 62435
	F44_('S4', 'S3')_t3_min: 30838
	F51_('S4', 'S5')_tb: 8743
	F55_('S3', 'S4')_t5_max: 14496
	F38_('S5', 'E5')_t3_max: 2565
	F11_('E5', 'S5')_t5_min: 24982
	F58_('S3', 'S4')_t3_max: 73
	F4_('S4', 'S5')_t5_max: 686
	F2_('E5', 'S5')_tb: 7080
	F19_('S2', 'S3')_t5_min: 38143
	('E2', 'S2')_gcl_length: 0
	F36_('S4', 'E4')_tb: 42123
	F26_('S2', 'E2')_t3_max: 340
	F13_('S5', 'S4')_t5_max: 7948
	F0_('S5', 'S4')_t3_min: 31044
	F6_('E5', 'S5')_t5_min: 1043
	F45_('S5', 'S4')_t5_max: 6883
	F15_('S3', 'S2')_t3_min: 56351
	F4_('S4', 'S5')_t5_min: 686
	F16_('S5', 'E5')_t5_max: 8753
	F24_('S2', 'E2')_t5_max: 123149
	F1_('S3', 'S2')_tb: 38930
	F54_('E1', 'S1')_t5_min: 62401
	F32_('E3', 'S3')_t5_min: 857
	F30_('S5', 'S4')_t5_min: 30283
	F40_('S3', 'E3')_t5_min: 62980
	F5_('S2', 'E2')_t4_max: 30863
	F6_('S5', 'S4')_t5_max: 1065
	F14_('E1', 'S1')_t3_min: 549
	F44_('S1', 'E1')_t4_max: 30933
	F9_('S4', 'S3')_t3_max: 30997
	F46_('S1', 'S2')_t5_max: 118171
	F52_('S4', 'E4')_tb: 126842
	F55_('E1', 'S1')_t5_min: 14427
	F13_('S4', 'S3')_t3_max: 7955
	('S4', 'S5')_gcl_length: 246
	F27_('S4', 'E4')_t3_max: 14261
	F16_('E4', 'S4')_t4_max: 8677
	F42_('S3', 'E3')_tb: 2542
	F12_('E2', 'S2')_tb: 2137
	F3_('S3', 'S2')_tb: 3924
	F48_('S4', 'S3')_t5_max: 31044
	F36_('E5', 'S5')_tb: 42113
	F45_('E5', 'S5')_tb: 6870
	F42_('E5', 'S5')_tb: 2497
	F15_('E5', 'S5')_tb: 56301
	F57_('S4', 'S5')_t5_min: 126939
	F55_('S4', 'S5')_t5_max: 14506
	F9_('S5', 'S4')_t5_max: 30990
	F49_('S2', 'E2')_t4_max: 11186
	F4_('S5', 'E5')_t5_max: 704
	F12_('S3', 'S4')_t3_max: 2161
	F50_('S2', 'S3')_t5_min: 2822
	F53_('S2', 'S3')_t3_min: 6944
	F45_('E5', 'S5')_t4_max: 6870
	F9_('S4', 'S3')_t5_max: 31015
	F9_('S4', 'S3')_t3_min: 30992
	F38_('S5', 'E5')_tb: 2560
	F33_('E4', 'S4')_t3_min: 62922
	F2_('E5', 'S5')_t3_min: 7080
	F39_('S3', 'S2')_t3_max: 126385
	F30_('S4', 'E4')_t5_max: 30332
	F46_('S4', 'S5')_t3_max: 118228
	F55_('S5', 'E5')_t3_min: 14508
	('E4', 'S4')_gcl_length: 0
	F17_('S2', 'S3')_t3_min: 12
	F37_('E5', 'S5')_t3_min: 126291
	F39_('S5', 'S4')_tb: 126352
	F44_('S3', 'S2')_t5_min: 30889
	F13_('S3', 'E3')_t4_max: 7987
	F11_('S5', 'S4')_t5_min: 24997
	F38_('E4', 'S4')_t4_min: 2533
	F35_('E4', 'S4')_t3_min: 102492
	F56_('S1', 'E1')_t4_max: 50574
	F47_('E3', 'S3')_t4_max: 327
	F44_('S2', 'S1')_t5_max: 30913
	F25_('S3', 'E3')_t3_max: 30306
	F10_('E3', 'S3')_t4_min: 6013
	F17_('E2', 'S2')_t3_min: 1
	F27_('S5', 'S4')_t3_min: 14241
	F54_('E1', 'S1')_t3_min: 62394
	F45_('S5', 'S4')_t3_min: 6875
	F15_('S1', 'E1')_tb: 56369
	F56_('S3', 'S2')_t5_min: 50531
	F52_('S4', 'E4')_t4_max: 126878
	F6_('S4', 'E4')_t5_max: 1087
	F12_('S3', 'S4')_t5_max: 2179
	F22_('S3', 'E3')_t5_min: 63959
	F52_('S2', 'S3')_t5_max: 126833
	F21_('S1', 'E1')_t4_max: 1150
	F35_('E4', 'S4')_t4_min: 102492
	F20_('S3', 'E3')_t5_max: 46253
	F57_('S5', 'E5')_t3_min: 126941
	F25_('S3', 'E3')_t5_max: 30326
	F34_('E4', 'S4')_t3_min: 6822
	F22_('S3', 'E3')_t3_max: 63956
	F39_('S4', 'S3')_t3_max: 126362
	F2_('S4', 'E4')_t3_max: 7106
	F37_('E5', 'S5')_tb: 126291
	F17_('S2', 'S3')_t5_max: 39
	F7_('E2', 'S2')_t4_min: 64620
	F7_('S2', 'S1')_t5_max: 64631
	F10_('E3', 'S3')_tb: 6013
	F42_('S4', 'S3')_tb: 2527
	F42_('S5', 'S4')_tb: 2512
	F43_('E4', 'S4')_t3_min: 125957
	F57_('S5', 'E5')_t5_min: 126946
	F37_('S4', 'S3')_t5_min: 126332
	F42_('S5', 'S4')_t5_max: 2520
	F26_('S4', 'S3')_t3_min: 273
	F29_('S3', 'E3')_tb: 14259
	F21_('E5', 'S5')_t5_max: 1064
	F20_('S3', 'E3')_t3_max: 46230
	F17_('E2', 'S2')_tb: 1
	F15_('S5', 'S4')_t5_min: 56317
	('E1', 'S1')_gcl_length: 0
	F40_('S3', 'E3')_t3_max: 62976
	F21_('S3', 'S2')_t5_max: 1107
	F14_('E1', 'S1')_t4_max: 549
	F8_('S1', 'E1')_t5_min: 2359
	F7_('S1', 'E1')_t3_max: 64638
	F25_('S3', 'E3')_tb: 30265
	F7_('E2', 'S2')_t5_max: 64622
	F12_('E2', 'S2')_t3_min: 2137
	F29_('S4', 'S3')_t5_min: 14252
	F21_('E5', 'S5')_tb: 1061
	F55_('S3', 'S4')_t3_max: 14480
	F48_('S4', 'S3')_t3_min: 31019
	F43_('S4', 'S5')_t5_max: 125983
	F53_('S2', 'S3')_tb: 6967
	F12_('S4', 'E4')_t3_min: 2163
	F37_('S1', 'E1')_t3_min: 126356
	F45_('E5', 'S5')_t3_min: 6870
	F24_('E3', 'S3')_t5_max: 123106
	F49_('S2', 'E2')_t5_min: 11158
	F26_('S4', 'S3')_t5_min: 284
	F18_('S2', 'S3')_t3_min: 14538
	F46_('S5', 'E5')_t3_max: 118240
	F24_('S2', 'E2')_t3_min: 123123
	F18_('S5', 'E5')_t3_max: 14595
	F37_('S2', 'S1')_t5_min: 126354
	F3_('S2', 'E2')_t3_min: 3928
	F47_('S2', 'E2')_t3_max: 357
	F31_('S5', 'E5')_t5_max: 2559
	F45_('E5', 'S5')_t5_min: 6873
	F57_('S5', 'E5')_t4_max: 126959
	F18_('S4', 'S5')_tb: 14582
	F39_('S3', 'S2')_t5_min: 126388
	F51_('S5', 'E5')_tb: 8754
	F15_('S1', 'E1')_t4_max: 56423
	F28_('S3', 'E3')_t3_min: 46171
	F41_('S5', 'E5')_t4_max: 6061
	F29_('E5', 'S5')_t5_min: 14215
	F4_('S5', 'E5')_tb: 693
	F41_('E1', 'S1')_t5_min: 5954
	F58_('S1', 'S2')_t5_min: 38
	F58_('E1', 'S1')_t3_min: 15
	F28_('S3', 'E3')_t3_max: 46194
	F30_('S4', 'E4')_tb: 30285
	F39_('S2', 'E2')_t3_min: 126390
	F32_('E3', 'S3')_t3_min: 845
	F59_('S3', 'S4')_t5_min: 805
	F55_('S4', 'S5')_t3_min: 14444
	F55_('E1', 'S1')_t4_min: 14424
	F41_('S4', 'S5')_t3_min: 6000
	F39_('S2', 'E2')_t3_max: 126395
	F11_('E5', 'S5')_t4_min: 24969
	F6_('S5', 'S4')_t3_min: 1045
	F42_('E5', 'S5')_t4_min: 2497
	F1_('S2', 'S1')_t5_max: 38978
	F26_('S2', 'E2')_t4_max: 340
	F19_('S1', 'S2')_t3_min: 38100
	F54_('S1', 'S2')_t5_min: 62410
	F43_('E4', 'S4')_t5_max: 125960
	F12_('S4', 'E4')_t3_max: 2186
	F28_('S2', 'S3')_t3_min: 46157
	F6_('S4', 'E4')_tb: 1049
	F26_('S3', 'S2')_t3_max: 309
	F15_('S1', 'E1')_t5_min: 56376
	F11_('E5', 'S5')_t5_max: 24982
	F14_('E1', 'S1')_tb: 549
	F13_('E5', 'S5')_tb: 7917
	F50_('E1', 'S1')_t4_max: 2768
	F22_('S4', 'S3')_t5_min: 63949
	F38_('S5', 'E5')_t5_min: 2569
	F10_('S3', 'S4')_t3_min: 6017
	F33_('S1', 'E1')_t3_min: 62961
	F40_('S3', 'E3')_tb: 62976
	F16_('S5', 'E5')_t5_min: 8717
	F56_('S4', 'S3')_t5_max: 50521
	F33_('S4', 'S3')_t3_min: 62926
	F12_('S4', 'E4')_tb: 2186
	F11_('S4', 'E4')_t3_min: 24999
	F4_('E2', 'S2')_t3_min: 608
	F23_('S4', 'E4')_t4_max: 7080
	F46_('E1', 'S1')_t5_min: 118159
	F44_('S1', 'E1')_t5_min: 30901
	F26_('S5', 'S4')_t3_min: 255
	F15_('S1', 'E1')_t5_max: 56430
	F21_('S5', 'S4')_t3_min: 1066
	F25_('E1', 'S1')_tb: 30238
	F13_('S4', 'S3')_tb: 7955
	F56_('S4', 'S3')_tb: 50518
	F5_('E3', 'S3')_t3_min: 30819
	F59_('S5', 'E5')_t3_min: 818
	F26_('E5', 'S5')_t4_max: 242
	F56_('S2', 'S1')_tb: 50533
	F17_('S2', 'S3')_t5_min: 21
	F9_('S3', 'E3')_t5_max: 31027
	F52_('S3', 'S4')_t3_min: 126835
	F36_('E5', 'S5')_t4_min: 42113
	F21_('S4', 'S3')_t5_max: 1097
	F57_('S3', 'S4')_tb: 126904
	F36_('S4', 'E4')_t3_min: 42123
	F31_('S5', 'E5')_t5_min: 2523
	F21_('S5', 'S4')_t5_min: 1069
	F11_('S4', 'E4')_t5_min: 25012
	F45_('S2', 'E2')_tb: 6895
	F39_('S3', 'S2')_tb: 126385
	F24_('S2', 'E2')_t3_max: 123128
	F35_('S3', 'E3')_tb: 102535
	F56_('E4', 'S4')_t5_max: 50511
	F30_('E5', 'S5')_t4_max: 30259
	F31_('S4', 'S5')_t5_min: 2515
	F50_('S3', 'E3')_t5_max: 2838
	F33_('S1', 'E1')_t3_max: 62984
	F39_('S3', 'S2')_t3_min: 126362
	F36_('E5', 'S5')_t5_min: 42116
	F21_('S4', 'S3')_t3_max: 1094
	F23_('S1', 'S2')_t5_min: 6978
	F42_('E5', 'S5')_t5_min: 2505
	F18_('S4', 'S5')_t3_max: 14582
	F29_('E5', 'S5')_t4_max: 14210
	F46_('S2', 'S3')_t5_min: 118178
	F15_('S2', 'S1')_t5_max: 56403
	F8_('E4', 'S4')_tb: 2321
	('E5', 'S5')_gcl_length: 0
	F16_('E4', 'S4')_t5_min: 8689
	F56_('E4', 'S4')_tb: 50508
	F23_('S4', 'E4')_tb: 7008
	F52_('E2', 'S2')_t3_min: 126816
	F11_('E5', 'S5')_t3_min: 24969
	F32_('S3', 'S4')_t3_min: 859
	F30_('S4', 'E4')_t4_max: 30321
	F21_('S5', 'S4')_t5_max: 1087
	F33_('S3', 'S2')_t5_min: 62955
	F58_('S2', 'S3')_t5_max: 66
	F34_('S3', 'E3')_t3_max: 6844
	F13_('S5', 'S4')_t5_min: 7948
	F26_('E5', 'S5')_t4_min: 242
	F18_('S4', 'S5')_t5_max: 14588
	F39_('E5', 'S5')_t4_min: 126342
	F1_('E3', 'S3')_t4_max: 38923
	F15_('E5', 'S5')_t3_min: 56301
	F43_('S4', 'S5')_t5_min: 125965
	('E3', 'S3')_gcl_length: 0
	F55_('S3', 'S4')_tb: 14439
	F21_('S1', 'E1')_tb: 1114
	F48_('S3', 'E3')_t4_max: 31064
	F50_('S3', 'E3')_t3_min: 2824
	F18_('S5', 'E5')_t5_max: 14601
	F0_('S4', 'S3')_t5_max: 31070
	F31_('S4', 'S5')_tb: 2509
	F58_('S4', 'E4')_tb: 60
	F46_('S5', 'E5')_t5_max: 118258
	F18_('E2', 'S2')_t4_max: 14530
	F46_('S5', 'E5')_tb: 118235
	F15_('S4', 'S3')_tb: 56342
	F48_('S5', 'S4')_tb: 31010
	F42_('S3', 'E3')_t5_min: 2550
	F23_('S2', 'S3')_tb: 6980
	F50_('E1', 'S1')_t4_min: 2768
	F56_('S1', 'E1')_t3_min: 50538
	F56_('S4', 'S3')_t5_min: 50521
	F0_('S3', 'E3')_t5_max: 31084
	F51_('S4', 'S5')_t5_min: 8752
	F38_('S5', 'E5')_t5_max: 2587
	F19_('E1', 'S1')_t5_min: 38098
	F38_('E4', 'S4')_tb: 2533
	F34_('E4', 'S4')_t4_min: 6822
	F9_('E5', 'S5')_t3_min: 30973
	F36_('S5', 'S4')_tb: 42118
	F42_('E5', 'S5')_t3_min: 2497
	F57_('S3', 'S4')_t5_min: 126909
	F37_('E5', 'S5')_t4_min: 126291
	F46_('S4', 'S5')_t5_max: 118233
	F54_('S1', 'S2')_t5_max: 62428
	F15_('E5', 'S5')_t5_min: 56308
	F8_('S3', 'S2')_t5_max: 2341
	F48_('E5', 'S5')_t4_max: 30996
	F23_('S4', 'E4')_t3_min: 7008
	F5_('S3', 'S2')_tb: 30823
	F0_('S3', 'E3')_t4_max: 31077
	F58_('S1', 'S2')_t5_max: 38
	F18_('E2', 'S2')_t3_min: 14530
	F45_('S2', 'E2')_t3_max: 6936
	F32_('S5', 'E5')_t5_min: 922
	F10_('S4', 'E4')_t5_min: 6023
	F49_('E1', 'S1')_t3_min: 11130
	F55_('S4', 'S5')_t5_min: 14506
	F47_('E3', 'S3')_t4_min: 327
	F42_('S4', 'S3')_t3_max: 2527
	F30_('E5', 'S5')_t4_min: 30259
	F33_('S4', 'S3')_t5_min: 62928
	F23_('E1', 'S1')_t4_max: 6952
	F24_('E3', 'S3')_t4_max: 123098
	F21_('S4', 'S3')_t3_min: 1071
	F45_('S4', 'S3')_tb: 6885
	F44_('S4', 'S3')_t5_min: 30842
	F42_('S3', 'E3')_t4_max: 2542
	F21_('S1', 'E1')_t3_min: 1114
	F40_('S4', 'S3')_t5_max: 62969
	F13_('E5', 'S5')_t5_min: 7929
	F17_('E2', 'S2')_t5_max: 10
	F20_('E4', 'S4')_t4_min: 46183
	F47_('S3', 'S2')_t5_min: 350
	F26_('S3', 'S2')_t5_min: 297
	F37_('S3', 'S2')_t3_min: 126334
	F47_('S3', 'S2')_tb: 342
	F14_('E1', 'S1')_t4_min: 549
	F44_('S2', 'S1')_tb: 30891
	F34_('S3', 'E3')_t4_max: 6844
	F0_('E5', 'S5')_tb: 31035
	F56_('E4', 'S4')_t4_max: 50508
	F36_('E5', 'S5')_t4_max: 42113
	F15_('S4', 'S3')_t5_max: 56349
	F52_('S3', 'S4')_t3_max: 126840
	F38_('S4', 'S5')_t5_min: 2558
	F18_('E2', 'S2')_t5_max: 14536
	F28_('S3', 'E3')_t5_max: 46206
	F24_('E3', 'S3')_tb: 123098
	F39_('S2', 'E2')_t5_max: 126411
	F55_('E1', 'S1')_t5_max: 14427
	F52_('E2', 'S2')_t5_max: 126821
	F35_('S3', 'E3')_t3_max: 102535
	F14_('S3', 'S4')_tb: 617
	F6_('S4', 'E4')_t3_min: 1049
	F30_('S4', 'E4')_t5_min: 30296
	F33_('S4', 'S3')_t5_max: 62946
	F11_('E5', 'S5')_t4_max: 24969
	('S4', 'S3')_gcl_length: 246
	F10_('S3', 'S4')_tb: 6017
	F44_('S3', 'S2')_t5_max: 30889
	F39_('S2', 'E2')_t4_max: 126408
	F39_('S4', 'S3')_t5_max: 126378
	F0_('S4', 'S3')_t5_min: 31070
	F21_('S3', 'S2')_t3_min: 1099
	F32_('S4', 'S5')_tb: 896
	F25_('E1', 'S1')_t3_min: 30238
	F46_('S3', 'S4')_t3_min: 118180
	F14_('S5', 'E5')_t5_max: 678
	F53_('S1', 'S2')_t3_min: 6930
	F31_('E4', 'S4')_t3_min: 2501
	F49_('S1', 'S2')_t3_min: 11140
	F25_('S1', 'S2')_t5_min: 30254
	F15_('E5', 'S5')_t4_min: 56301
	F12_('S4', 'E4')_t5_max: 2191
	F46_('E1', 'S1')_tb: 118154
	F40_('S4', 'S3')_t3_min: 62947
	F57_('E3', 'S3')_t4_max: 126897
	F13_('S4', 'S3')_t5_min: 7967
	F26_('E5', 'S5')_t5_min: 253
	F15_('S5', 'S4')_t5_max: 56335
	F37_('E5', 'S5')_t5_max: 126300
	F44_('S4', 'S3')_t5_max: 30878
	F51_('E3', 'S3')_t3_min: 8721
	F56_('S3', 'S2')_t5_max: 50531
	F56_('S2', 'S1')_t3_max: 50538
	F8_('S2', 'S1')_t5_max: 2350
	F23_('S3', 'S4')_t5_min: 7006
	F34_('S4', 'S3')_t5_max: 6837
	F37_('S3', 'S2')_t5_min: 126343
	F4_('E2', 'S2')_t4_min: 608
	F5_('S2', 'E2')_tb: 30827
	F28_('E2', 'S2')_t4_max: 46143
	F51_('E3', 'S3')_tb: 8721
	F55_('S3', 'S4')_t3_min: 14439
	F40_('E4', 'S4')_tb: 62941
	F21_('S1', 'E1')_t5_min: 1117
	F57_('S5', 'E5')_t3_max: 126946
	F57_('E3', 'S3')_tb: 126897
	F5_('S3', 'S2')_t5_min: 30825
	F24_('S2', 'E2')_tb: 123123
	F4_('S5', 'E5')_t3_max: 693
	F3_('S2', 'E2')_t3_max: 3969
	F21_('S3', 'S2')_tb: 1104
	F54_('E1', 'S1')_t4_max: 62394
	F7_('E2', 'S2')_t4_max: 64620
	F44_('S1', 'E1')_t5_max: 30937
	F39_('S5', 'S4')_t3_min: 126347
	F44_('S4', 'S3')_t3_max: 30861
	F7_('E2', 'S2')_t5_min: 64622
	F29_('S5', 'S4')_t5_min: 14222
	F25_('E1', 'S1')_t4_min: 30238
	F26_('S3', 'S2')_t3_min: 286
	F31_('E4', 'S4')_t5_max: 2507
	F26_('S2', 'E2')_t3_min: 299
	F6_('S4', 'E4')_t3_max: 1072
	F55_('S5', 'E5')_t3_max: 14513
	F27_('S4', 'E4')_t5_max: 14282
	F26_('S3', 'S2')_t5_max: 333
	F53_('S2', 'S3')_t3_max: 6967
	F39_('E5', 'S5')_t5_min: 126345
	F36_('E5', 'S5')_t5_max: 42116
	F38_('S5', 'E5')_t4_max: 2578
	F55_('S5', 'E5')_t5_min: 14516
	F41_('S2', 'S3')_tb: 5986
	F38_('S4', 'S5')_t5_max: 2558
	F7_('S1', 'E1')_t3_min: 64633
	F21_('S2', 'S1')_t3_max: 1114
	F14_('S2', 'S3')_t3_min: 567
	F10_('S4', 'E4')_t5_max: 6059
	F8_('S4', 'S3')_t5_max: 2332
	F55_('S1', 'S2')_tb: 14429
	F22_('E4', 'S4')_tb: 63936
	F57_('S5', 'E5')_t5_max: 126964
	F3_('S2', 'E2')_t4_max: 3982
	F16_('S4', 'S5')_tb: 8691
	F13_('S3', 'E3')_t5_min: 7981
	F46_('E1', 'S1')_t5_max: 118159
	F41_('S2', 'S3')_t5_min: 5991
	F8_('E4', 'S4')_t4_max: 2321
	F26_('E5', 'S5')_tb: 242
	F33_('S3', 'S2')_t5_max: 62955
	F9_('E5', 'S5')_t5_min: 30978
	F59_('S3', 'S4')_t3_min: 773
	F6_('E5', 'S5')_t3_min: 1041
	F45_('S3', 'S2')_t3_max: 6913
	F32_('S4', 'S5')_t3_min: 873
	F29_('E5', 'S5')_t5_max: 14215
	F2_('S4', 'E4')_t3_min: 7101
	F45_('S3', 'S2')_t3_min: 6890
	F15_('S5', 'S4')_tb: 56310
	F5_('E3', 'S3')_t4_max: 30819
	F12_('S2', 'S3')_tb: 2149
	F32_('S5', 'E5')_t3_max: 915
	F41_('S4', 'S5')_tb: 6000
	F29_('S4', 'S3')_t5_max: 14252
	F26_('S2', 'E2')_t5_min: 351
	F44_('S4', 'S3')_tb: 30838
	F56_('E4', 'S4')_t3_min: 50508
	F14_('S3', 'S4')_t3_max: 617
	F37_('S2', 'S1')_t5_max: 126390
	F30_('S5', 'S4')_t3_min: 30272
	F13_('S5', 'S4')_tb: 7936
	F9_('S5', 'S4')_tb: 30985
	F57_('E3', 'S3')_t5_min: 126902
	F1_('S2', 'S1')_t3_min: 38937
	F9_('S3', 'E3')_t3_max: 31022
	F55_('S5', 'E5')_t5_max: 14516
	F49_('S1', 'S2')_t5_max: 11166
	F32_('S4', 'S5')_t5_max: 908
	F48_('S3', 'E3')_t5_min: 31035
	F39_('S4', 'S3')_t3_min: 126357
	F37_('E5', 'S5')_t5_min: 126300
	F19_('E1', 'S1')_t4_min: 38089
	F50_('S3', 'E3')_t4_max: 2829
	F10_('S4', 'E4')_t3_min: 6021
	F29_('S3', 'E3')_t4_max: 14259
	F44_('E5', 'S5')_tb: 30826
	F58_('E1', 'S1')_t5_min: 23
	F56_('S1', 'E1')_t3_max: 50561
	F51_('S5', 'E5')_t3_min: 8754
	F1_('E3', 'S3')_t5_min: 38928
	F3_('S4', 'S3')_tb: 3920
	F27_('E5', 'S5')_t4_max: 14231
	F14_('S5', 'E5')_t5_min: 642
	F58_('S2', 'S3')_tb: 40
	F13_('E5', 'S5')_t3_min: 7917
	F25_('S3', 'E3')_t4_max: 30319
	F23_('E1', 'S1')_t3_min: 6952
	F53_('S3', 'E3')_t5_max: 6998
	F58_('S4', 'E4')_t3_min: 60
	F31_('E4', 'S4')_tb: 2501
	F14_('S2', 'S3')_tb: 567
	F31_('E4', 'S4')_t4_min: 2501
	F11_('S5', 'S4')_tb: 24984
	F43_('S5', 'E5')_t5_max: 126006
	F53_('S1', 'S2')_tb: 6930
	F37_('S1', 'E1')_t5_max: 126419
	F0_('S5', 'S4')_t5_min: 31056
	F29_('E5', 'S5')_t4_min: 14210
	F1_('E3', 'S3')_t4_min: 38923
	F58_('S3', 'S4')_t5_min: 58
	F41_('S1', 'S2')_t5_max: 5979
	F8_('S4', 'S3')_t5_min: 2332
	F55_('S5', 'E5')_tb: 14513
	F41_('S5', 'E5')_tb: 6007
	F57_('E3', 'S3')_t3_min: 126897
	F43_('E4', 'S4')_t4_min: 125957
	F33_('E4', 'S4')_t4_min: 62922
	F9_('S3', 'E3')_t3_min: 30999
	F25_('E1', 'S1')_t5_max: 30245
	F40_('E4', 'S4')_t5_max: 62945
	F21_('S2', 'S1')_t5_min: 1112
	F18_('S2', 'S3')_t5_max: 14549
	F52_('S4', 'E4')_t3_min: 126842
	F25_('E1', 'S1')_t4_max: 30238
	F43_('S5', 'E5')_t5_min: 125970
	F52_('S2', 'S3')_t3_min: 126823
	F37_('S1', 'E1')_tb: 126356
	F30_('E5', 'S5')_t3_min: 30259
	F32_('S3', 'S4')_t5_min: 871
	F53_('E1', 'S1')_t3_min: 6916
	F28_('E2', 'S2')_tb: 46143
	F14_('S5', 'E5')_tb: 635
	F12_('S4', 'E4')_t4_max: 2186
	F15_('S2', 'S1')_t3_max: 56383
	F21_('S4', 'S3')_tb: 1094
	F56_('S1', 'E1')_tb: 50538
	F19_('S3', 'E3')_t5_min: 38154
	F1_('S1', 'E1')_t3_min: 38944
	F33_('S3', 'S2')_t3_max: 62953
	F41_('S1', 'S2')_tb: 5956
	F28_('S3', 'E3')_t5_min: 46206
	F59_('E2', 'S2')_t4_max: 751
	F5_('E3', 'S3')_t5_max: 30821
	F3_('E4', 'S4')_t3_min: 3916
	F55_('S2', 'S3')_t5_max: 14473
	F14_('S1', 'S2')_tb: 558
	F55_('E1', 'S1')_t4_max: 14424
	F0_('S5', 'S4')_t5_max: 31056
	F9_('S3', 'E3')_t5_min: 31027
	F52_('E2', 'S2')_tb: 126816
	F35_('S4', 'S3')_t5_min: 102510
	F57_('S4', 'S5')_t3_max: 126934
	F44_('E5', 'S5')_t5_max: 30830
	F37_('S1', 'E1')_t5_min: 126365
	F15_('S4', 'S3')_t3_min: 56319
	F28_('S3', 'E3')_t4_max: 46194
	F14_('S2', 'S3')_t5_min: 574
	F34_('S3', 'E3')_t5_min: 6848
	F49_('S2', 'E2')_t3_min: 11150
	F17_('S3', 'E3')_t4_max: 46
	F55_('S5', 'E5')_t4_max: 14513
	F46_('S1', 'S2')_t3_min: 118161
	F39_('S5', 'S4')_t5_max: 126355
	F14_('S5', 'E5')_t4_max: 671
	F6_('E5', 'S5')_t4_min: 1041
	F40_('E4', 'S4')_t3_min: 62941
	F25_('S3', 'E3')_t5_min: 30272
	F3_('S4', 'S3')_t3_min: 3920
	F33_('S4', 'S3')_tb: 62926
	F48_('S3', 'E3')_t3_max: 31051
	F3_('E4', 'S4')_tb: 3916
	F59_('E2', 'S2')_t5_max: 760
	F19_('S3', 'E3')_t3_max: 38150
	F13_('S3', 'E3')_tb: 7969
	F59_('S4', 'S5')_t3_min: 807
	F26_('S4', 'S3')_t3_max: 278
	F39_('E5', 'S5')_t5_max: 126345
	F18_('S3', 'S4')_t5_max: 14575
	F29_('S3', 'E3')_t5_max: 14264
	F26_('S3', 'S2')_tb: 286
	F31_('S5', 'E5')_t3_min: 2517
	F5_('E3', 'S3')_tb: 30819
	F53_('E1', 'S1')_tb: 6916
	F41_('E1', 'S1')_t4_max: 5949
	F38_('E4', 'S4')_t4_max: 2533
	F37_('S3', 'S2')_tb: 126334
	F28_('E2', 'S2')_t5_max: 46155
	F14_('S3', 'S4')_t5_min: 624
	F6_('S5', 'S4')_tb: 1045
	F58_('S2', 'S3')_t3_max: 45
	F45_('S4', 'S3')_t3_min: 6885
	F37_('S4', 'S3')_t3_max: 126323
	F39_('S2', 'E2')_t5_min: 126393
	F2_('S5', 'S4')_t5_max: 7099
	F30_('S4', 'E4')_t3_min: 30285
	F58_('E1', 'S1')_t5_max: 23
	F15_('E5', 'S5')_t4_max: 56301
	F20_('S3', 'E3')_tb: 46207
	F50_('S1', 'S2')_t5_max: 2806
	F40_('E4', 'S4')_t4_min: 62941
	F29_('S4', 'S3')_t3_max: 14247
	F36_('S4', 'E4')_t5_min: 42126
	F22_('S3', 'E3')_t3_min: 63951
	F21_('S5', 'S4')_tb: 1066
	F58_('S4', 'E4')_t4_max: 114
	F19_('S2', 'S3')_t5_max: 38143
	F40_('S3', 'E3')_t4_max: 62976
	F10_('S4', 'E4')_tb: 6021
	F56_('S4', 'S3')_t3_min: 50513
	F55_('S1', 'S2')_t3_min: 14429
	F39_('E5', 'S5')_t4_max: 126342
	F54_('S2', 'E2')_t4_max: 62435
	F55_('S2', 'S3')_t3_min: 14434
	F11_('S4', 'E4')_tb: 24999
	F14_('S1', 'S2')_t5_min: 565
	F23_('E1', 'S1')_t5_min: 6964
	F11_('E5', 'S5')_tb: 24969
	F4_('S2', 'S3')_t5_min: 637
	F29_('S3', 'E3')_t5_min: 14264
	F41_('S1', 'S2')_t3_min: 5956
	F18_('S5', 'E5')_t3_min: 14590
	F9_('S4', 'S3')_t5_min: 30997
	F41_('E1', 'S1')_t5_max: 5954
	F37_('S1', 'E1')_t3_max: 126397
	F0_('S5', 'S4')_tb: 31049
	F19_('S3', 'E3')_t4_max: 38163
	F59_('S3', 'S4')_tb: 796
	F50_('S3', 'E3')_t3_max: 2829
	F21_('E5', 'S5')_t3_min: 1061
	F41_('E1', 'S1')_t4_min: 5949
	F18_('S5', 'E5')_tb: 14595
	F30_('E5', 'S5')_t5_max: 30270
	F27_('S4', 'E4')_t5_min: 14264
	F0_('S3', 'E3')_tb: 31077
	F56_('S2', 'S1')_t3_min: 50533
	F41_('S2', 'S3')_t5_max: 5991
	F53_('E1', 'S1')_t5_min: 6928
	F45_('E5', 'S5')_t4_min: 6870
	F55_('S1', 'S2')_t5_max: 14450
	F58_('S2', 'S3')_t5_min: 48
	F37_('S2', 'S1')_t3_max: 126368
	F32_('S5', 'E5')_t3_min: 910
	F21_('S1', 'E1')_t3_max: 1137
	F32_('S3', 'S4')_t5_max: 889
	F29_('E5', 'S5')_tb: 14210
	('S2', 'S1')_gcl_length: 6
	F51_('S4', 'S5')_t5_max: 8788
	F26_('E5', 'S5')_t5_max: 253
	F6_('E5', 'S5')_t4_max: 1041
	F5_('S2', 'E2')_t5_max: 30865
	F55_('E1', 'S1')_t3_min: 14424
	F48_('S4', 'S3')_t5_min: 31026
	F39_('S5', 'S4')_t5_min: 126355
	F47_('E3', 'S3')_tb: 327
	F45_('S2', 'E2')_t3_min: 6895
	F52_('S3', 'S4')_t5_min: 126840
	F39_('E5', 'S5')_tb: 126342
	F46_('S1', 'S2')_t5_min: 118171
	F38_('E4', 'S4')_t5_min: 2542
	F30_('S4', 'E4')_t3_max: 30308
	F16_('S5', 'E5')_t3_max: 8728
	F37_('S5', 'S4')_t5_max: 126316
	F34_('S4', 'S3')_t5_min: 6837
	F24_('E3', 'S3')_t5_min: 123106
	F32_('E3', 'S3')_tb: 845
	F20_('E4', 'S4')_t3_min: 46183
	F34_('E4', 'S4')_t4_max: 6822
	F22_('S3', 'E3')_t5_max: 63959
	F51_('S4', 'S5')_t3_min: 8743
	F14_('S2', 'S3')_t5_max: 610
	F12_('E2', 'S2')_t4_max: 2137
	F3_('S4', 'S3')_t5_min: 3922
	F25_('S1', 'S2')_tb: 30247
	F21_('E5', 'S5')_t4_max: 1061
	F26_('S5', 'S4')_tb: 260
	F20_('E4', 'S4')_t4_max: 46183
	F13_('E5', 'S5')_t4_min: 7917
	F26_('S5', 'S4')_t5_max: 271
	F10_('S3', 'S4')_t5_max: 6037
	F4_('S2', 'S3')_t5_max: 637
	F58_('S4', 'E4')_t5_max: 122
	F33_('S1', 'E1')_t5_min: 62963
	F59_('S4', 'S5')_t5_max: 834
	F58_('S3', 'S4')_t5_max: 94
	F18_('S3', 'S4')_tb: 14551
	F48_('S5', 'S4')_t5_min: 31017
	F17_('E2', 'S2')_t4_max: 1
	F12_('S3', 'S4')_t5_min: 2161
	F12_('S4', 'E4')_t5_min: 2191
	F44_('S5', 'S4')_t5_max: 30854
	F25_('E1', 'S1')_t5_min: 30245
	F4_('S5', 'E5')_t3_min: 688
	F2_('E5', 'S5')_t5_min: 7086
	F55_('S2', 'S3')_tb: 14434
	F47_('E3', 'S3')_t3_min: 327
	F32_('S5', 'E5')_t4_max: 928
	F35_('S4', 'S3')_tb: 102502
	F18_('S2', 'S3')_tb: 14543
	F53_('E1', 'S1')_t4_max: 6916
	F13_('S3', 'E3')_t5_max: 7999
	F5_('S3', 'S2')_t5_max: 30843
	F3_('S3', 'S2')_t3_max: 3947
	F27_('E5', 'S5')_t5_max: 14239
	F20_('S4', 'S3')_tb: 46195
	F2_('E5', 'S5')_t4_max: 7080
	F1_('S1', 'E1')_tb: 38944
	F43_('S5', 'E5')_t4_max: 126003
	F25_('S2', 'S3')_t3_min: 30256
	F50_('E1', 'S1')_tb: 2768
	F25_('S2', 'S3')_t3_max: 30279
	F49_('S2', 'E2')_t3_max: 11173
	F49_('S2', 'E2')_t5_max: 11194
	F3_('S3', 'S2')_t3_min: 3924
	F16_('S5', 'E5')_t4_max: 8741
	F8_('S2', 'S1')_tb: 2348
	F55_('E1', 'S1')_tb: 14424
	F24_('S3', 'S2')_t5_max: 123121
	F28_('S2', 'S3')_tb: 46157
	F49_('S2', 'E2')_tb: 11150
	F9_('S4', 'S3')_tb: 30992
	F44_('S2', 'S1')_t5_min: 30895
	F9_('E5', 'S5')_t5_max: 30978
	F22_('E4', 'S4')_t3_min: 63936
	F50_('S2', 'S3')_tb: 2813
	F41_('S3', 'S4')_tb: 5993
	F58_('S2', 'S3')_t3_min: 40
	F12_('E2', 'S2')_t5_min: 2142
	F1_('S1', 'E1')_t5_max: 39003
	F33_('S3', 'S2')_tb: 62953
	F45_('S4', 'S3')_t3_max: 6890
	F31_('S4', 'S5')_t5_max: 2533
	F31_('S5', 'E5')_t3_max: 2540
	F10_('E3', 'S3')_t4_max: 6013
	F14_('S4', 'S5')_t3_min: 626
	F4_('S5', 'E5')_t4_max: 693
	F42_('S5', 'S4')_t5_min: 2520
	F44_('S3', 'S2')_t3_min: 30844
	F53_('S2', 'S3')_t5_min: 6979
	F8_('S1', 'E1')_t5_max: 2359
	F11_('S4', 'E4')_t4_max: 25035
	F7_('E2', 'S2')_tb: 64620
	('S2', 'E2')_gcl_length: 66
	F34_('S4', 'S3')_tb: 6833
	F7_('S1', 'E1')_tb: 64638
	F19_('S3', 'E3')_t3_min: 38145
	F46_('S4', 'S5')_tb: 118228
	F14_('E1', 'S1')_t5_min: 556
	F3_('S2', 'E2')_t5_max: 3984
	F33_('E4', 'S4')_t4_max: 62922
	F5_('S2', 'E2')_t5_min: 30829
	F33_('E4', 'S4')_t5_max: 62924
	F32_('E3', 'S3')_t4_max: 845
	F0_('E5', 'S5')_t3_min: 31035
	F54_('S2', 'E2')_tb: 62435
	F27_('S5', 'S4')_t5_min: 14254
	F4_('S4', 'S5')_t3_max: 675
	F44_('E5', 'S5')_t4_min: 30826
	F2_('S4', 'E4')_t5_max: 7125
	F5_('E3', 'S3')_t4_min: 30819
	F48_('E5', 'S5')_t5_max: 31003
	F59_('S4', 'S5')_t5_min: 816
	F46_('S2', 'S3')_t3_min: 118173
	F48_('E5', 'S5')_t3_min: 30996
	F43_('S5', 'E5')_tb: 125967
	F52_('S2', 'S3')_t5_min: 126833
	F44_('S2', 'S1')_t3_min: 30891
	F23_('S1', 'S2')_t3_min: 6966
	F33_('S3', 'S2')_t3_min: 62930
	F49_('E1', 'S1')_tb: 11130
	F27_('S5', 'S4')_tb: 14246
	F8_('S3', 'S2')_t5_min: 2341
	F54_('E1', 'S1')_t4_min: 62394
	F19_('E1', 'S1')_tb: 38089
	F8_('E4', 'S4')_t4_min: 2321
	F30_('S5', 'S4')_tb: 30272
	F26_('S2', 'E2')_tb: 340
	F23_('E1', 'S1')_tb: 6952
	F7_('S2', 'S1')_t3_min: 64624
	F57_('S4', 'S5')_t3_min: 126911
	F57_('S4', 'S5')_t5_max: 126939
	F28_('E2', 'S2')_t4_min: 46143
	F18_('S5', 'E5')_t5_min: 14601
	F1_('S2', 'S1')_t5_min: 38942
	F54_('S2', 'E2')_t5_max: 62442
	F31_('S5', 'E5')_t4_max: 2553
	F8_('S2', 'S1')_t3_min: 2343
	F4_('E2', 'S2')_t5_min: 619
	F0_('S4', 'S3')_tb: 31063
	F58_('S4', 'E4')_t5_min: 68
	F15_('S4', 'S3')_t3_max: 56342
	F18_('S3', 'S4')_t5_min: 14557
	F4_('E2', 'S2')_t5_max: 619
	F54_('E1', 'S1')_t5_max: 62401
	F37_('S3', 'S2')_t5_max: 126361
	F3_('S4', 'S3')_t5_max: 3940
	F4_('S3', 'S4')_t3_min: 639
	F31_('E4', 'S4')_t5_min: 2507
	F10_('E3', 'S3')_t5_max: 6015
	F51_('E3', 'S3')_t5_min: 8730
	F12_('S3', 'S4')_tb: 2156
	F28_('E2', 'S2')_t5_min: 46155
	F34_('E4', 'S4')_t5_min: 6826
	F50_('S1', 'S2')_t3_min: 2779
	F7_('S2', 'S1')_tb: 64629
	F46_('S1', 'S2')_tb: 118166
	F37_('S5', 'S4')_t3_min: 126302
	F55_('S4', 'S5')_tb: 14503
	F37_('E5', 'S5')_t4_max: 126291
	F16_('E4', 'S4')_t3_min: 8677
	F36_('S4', 'E4')_t3_max: 42146
	F33_('S2', 'S1')_tb: 62957
	F10_('S4', 'E4')_t3_max: 6044
	F23_('S1', 'S2')_tb: 6966
	F39_('E5', 'S5')_t3_min: 126342
	F47_('S3', 'S2')_t5_max: 350
	F35_('S3', 'E3')_t5_max: 102543
	F13_('S4', 'S3')_t5_max: 7967
	F7_('S1', 'E1')_t4_max: 64638
	F3_('S2', 'E2')_t5_min: 3930
	F2_('E5', 'S5')_t4_min: 7080
	F52_('E2', 'S2')_t4_max: 126816
	F22_('E4', 'S4')_t4_max: 63936
	F48_('S5', 'S4')_t3_min: 31005
	F15_('S3', 'S2')_t3_max: 56356
	F41_('S1', 'S2')_t5_min: 5961
	F34_('E4', 'S4')_tb: 6822
	F23_('S3', 'S4')_t3_max: 7035
	F1_('S2', 'S1')_tb: 38937
	F40_('E4', 'S4')_t5_min: 62945
	F52_('S3', 'S4')_tb: 126835
	F43_('S4', 'S5')_tb: 125962
	F37_('S2', 'S1')_tb: 126345
	F32_('S4', 'S5')_t3_max: 896
	F33_('S1', 'E1')_tb: 62961
	F55_('S3', 'S4')_t5_min: 14442
	F18_('E2', 'S2')_t4_min: 14530
	F35_('E4', 'S4')_tb: 102492
	F1_('E3', 'S3')_tb: 38923
	F46_('E1', 'S1')_t3_min: 118154
	F34_('S3', 'E3')_t5_max: 6848
	F27_('S4', 'E4')_t4_max: 14274
	F20_('S3', 'E3')_t4_max: 46243
	F56_('S3', 'S2')_t3_min: 50523
	F46_('S3', 'S4')_t5_min: 118185
	F14_('S1', 'S2')_t5_max: 583
	F16_('S5', 'E5')_t3_min: 8705
	F4_('S4', 'S5')_t3_min: 652
	F47_('S2', 'E2')_t3_min: 352
	F23_('S1', 'S2')_t5_max: 6996
	F21_('S1', 'E1')_t5_max: 1153
	F22_('S4', 'S3')_t5_max: 63949
	F21_('E5', 'S5')_t4_min: 1061
	F2_('S4', 'E4')_t4_max: 7119
	F39_('S4', 'S3')_t5_min: 126360
	F4_('E2', 'S2')_t4_max: 608
	F1_('S3', 'S2')_t5_min: 38935
	F23_('S3', 'S4')_t3_min: 6994
	F50_('E1', 'S1')_t3_min: 2768
	F32_('E3', 'S3')_t4_min: 845
	F9_('S3', 'E3')_tb: 31022
	F55_('S4', 'S5')_t3_max: 14503
	F1_('S1', 'E1')_t4_max: 38998
	F41_('S4', 'S5')_t3_max: 6023
	F37_('S2', 'S1')_t3_min: 126345
	F19_('S2', 'S3')_t3_min: 38111
	F50_('S2', 'S3')_t3_max: 2813
	F12_('S2', 'S3')_t3_min: 2144
	F15_('S1', 'E1')_t3_max: 56410
	F35_('E4', 'S4')_t4_max: 102492
	F16_('E4', 'S4')_t5_max: 8689
	F12_('S2', 'S3')_t5_min: 2154
	F57_('E3', 'S3')_t5_max: 126902
	F44_('S2', 'S1')_t3_max: 30896
	F43_('E4', 'S4')_t4_max: 125957
	F57_('S4', 'S5')_tb: 126934
	F2_('S5', 'S4')_t5_min: 7099
	F46_('E1', 'S1')_t4_max: 118154
	F53_('S1', 'S2')_t5_max: 6960
	F42_('S5', 'S4')_t3_min: 2507
