0. Flow F0 [E1-->E2] with period 64000, payload 861B, e2e delay 64000us, jitter 6400us
	('E1', 'S1'), Operation(55309, None, 55316)(55309, 55309)
	('S1', 'S2'), Operation(55318, None, 55343)(55318, 55336)
	('S2', 'E2'), Operation(55327, 55350, 55357)(55350, 55350)
1. Flow F1 [E2-->E3] with period 2000, payload 253B, e2e delay 2000us, jitter 200us
	('E2', 'S2'), Operation(1, None, 4)(1, 1)
	('S2', 'S3'), Operation(6, None, 27)(6, 24)
	('S3', 'E3'), Operation(11, None, 50)(11, 47)
2. Flow F2 [E4-->E2] with period 64000, payload 1393B, e2e delay 64000us, jitter 6400us
	('E4', 'S4'), Operation(51215, None, 51227)(51215, 51215)
	('S4', 'S3'), Operation(51229, None, 51259)(51229, 51247)
	('S3', 'S2'), Operation(51243, None, 51291)(51243, 51279)
	('S2', 'E2'), Operation(51257, 51298, 51310)(51298, 51298)
3. Flow F3 [E1-->E5] with period 4000, payload 483B, e2e delay 4000us, jitter 400us
	('E1', 'S1'), Operation(2136, None, 2140)(2136, 2136)
	('S1', 'S2'), Operation(2142, 2147, 2151)(2147, 2147)
	('S2', 'S3'), Operation(2153, 2158, 2162)(2158, 2158)
	('S3', 'S4'), Operation(2164, 2169, 2173)(2169, 2169)
	('S4', 'S5'), Operation(2175, 2180, 2184)(2180, 2180)
	('S5', 'E5'), Operation(2186, 2191, 2195)(2191, 2191)
4. Flow F4 [E3-->E2] with period 32000, payload 819B, e2e delay 32000us, jitter 3200us
	('E3', 'S3'), Operation(31842, None, 31849)(31842, 31842)
	('S3', 'S2'), Operation(31851, 31856, 31863)(31856, 31856)
	('S2', 'E2'), Operation(31865, None, 31890)(31865, 31883)
5. Flow F5 [E3-->E4] with period 128000, payload 448B, e2e delay 128000us, jitter 12800us
	('E3', 'S3'), Operation(63837, None, 63841)(63837, 63837)
	('S3', 'S4'), Operation(63843, None, 63865)(63843, 63861)
	('S4', 'E4'), Operation(63849, None, 63889)(63849, 63885)
6. Flow F6 [E5-->E1] with period 8000, payload 378B, e2e delay 8000us, jitter 800us
	('E5', 'S5'), Operation(1067, None, 1071)(1067, 1067)
	('S5', 'S4'), Operation(1073, None, 1095)(1073, 1091)
	('S4', 'S3'), Operation(1079, None, 1119)(1079, 1115)
	('S3', 'S2'), Operation(1085, 1126, 1130)(1126, 1126)
	('S2', 'S1'), Operation(1132, 1137, 1141)(1137, 1137)
	('S1', 'E1'), Operation(1143, None, 1165)(1143, 1161)
7. Flow F7 [E4-->E2] with period 2000, payload 1220B, e2e delay 2000us, jitter 200us
	('E4', 'S4'), Operation(1651, None, 1661)(1651, 1651)
	('S4', 'S3'), Operation(1663, 1668, 1678)(1668, 1668)
	('S3', 'S2'), Operation(1680, 1685, 1695)(1685, 1685)
	('S2', 'E2'), Operation(1697, None, 1725)(1697, 1715)
8. Flow F8 [E5-->E4] with period 64000, payload 765B, e2e delay 64000us, jitter 6400us
	('E5', 'S5'), Operation(27613, None, 27620)(27613, 27613)
	('S5', 'S4'), Operation(27622, None, 27647)(27622, 27640)
	('S4', 'E4'), Operation(27631, None, 27674)(27631, 27667)
9. Flow F9 [E1-->E2] with period 128000, payload 679B, e2e delay 128000us, jitter 12800us
	('E1', 'S1'), Operation(109774, None, 109780)(109774, 109774)
	('S1', 'S2'), Operation(109782, None, 109806)(109782, 109800)
	('S2', 'E2'), Operation(109790, None, 109832)(109790, 109826)
10. Flow F10 [E3-->E5] with period 32000, payload 1149B, e2e delay 32000us, jitter 3200us
	('E3', 'S3'), Operation(14124, None, 14134)(14124, 14124)
	('S3', 'S4'), Operation(14136, 14141, 14151)(14141, 14141)
	('S4', 'S5'), Operation(14153, 14158, 14168)(14158, 14158)
	('S5', 'E5'), Operation(14170, 14175, 14185)(14175, 14175)
11. Flow F11 [E4-->E3] with period 32000, payload 1383B, e2e delay 32000us, jitter 3200us
	('E4', 'S4'), Operation(21631, None, 21643)(21631, 21631)
	('S4', 'S3'), Operation(21645, 21650, 21662)(21650, 21650)
	('S3', 'E3'), Operation(21664, None, 21694)(21664, 21682)
12. Flow F12 [E4-->E3] with period 2000, payload 1446B, e2e delay 2000us, jitter 200us
	('E4', 'S4'), Operation(1135, None, 1147)(1135, 1135)
	('S4', 'S3'), Operation(1149, None, 1179)(1149, 1167)
	('S3', 'E3'), Operation(1163, None, 1211)(1163, 1199)
13. Flow F13 [E5-->E4] with period 8000, payload 1327B, e2e delay 8000us, jitter 800us
	('E5', 'S5'), Operation(7788, None, 7799)(7788, 7788)
	('S5', 'S4'), Operation(7801, 7806, 7817)(7806, 7806)
	('S4', 'E4'), Operation(7819, None, 7848)(7819, 7837)
14. Flow F14 [E1-->E5] with period 8000, payload 1321B, e2e delay 8000us, jitter 800us
	('E1', 'S1'), Operation(2032, None, 2043)(2032, 2032)
	('S1', 'S2'), Operation(2045, None, 2074)(2045, 2063)
	('S2', 'S3'), Operation(2058, 2081, 2092)(2081, 2081)
	('S3', 'S4'), Operation(2094, None, 2123)(2094, 2112)
	('S4', 'S5'), Operation(2107, None, 2154)(2107, 2143)
	('S5', 'E5'), Operation(2120, None, 2185)(2120, 2174)
15. Flow F15 [E2-->E4] with period 128000, payload 1309B, e2e delay 128000us, jitter 12800us
	('E2', 'S2'), Operation(18015, None, 18026)(18015, 18015)
	('S2', 'S3'), Operation(18028, None, 18057)(18028, 18046)
	('S3', 'S4'), Operation(18041, None, 18088)(18041, 18077)
	('S4', 'E4'), Operation(18054, None, 18119)(18054, 18108)
16. Flow F16 [E1-->E5] with period 4000, payload 1417B, e2e delay 4000us, jitter 400us
	('E1', 'S1'), Operation(3840, None, 3852)(3840, 3840)
	('S1', 'S2'), Operation(3854, None, 3884)(3854, 3872)
	('S2', 'S3'), Operation(3868, 3891, 3903)(3891, 3891)
	('S3', 'S4'), Operation(3905, None, 3935)(3905, 3923)
	('S4', 'S5'), Operation(3919, None, 3967)(3919, 3955)
	('S5', 'E5'), Operation(3933, None, 3999)(3933, 3987)
17. Flow F17 [E4-->E3] with period 4000, payload 664B, e2e delay 4000us, jitter 400us
	('E4', 'S4'), Operation(3196, None, 3202)(3196, 3196)
	('S4', 'S3'), Operation(3204, None, 3228)(3204, 3222)
	('S3', 'E3'), Operation(3212, None, 3254)(3212, 3248)
18. Flow F18 [E4-->E3] with period 128000, payload 221B, e2e delay 128000us, jitter 12800us
	('E4', 'S4'), Operation(7257, None, 7259)(7257, 7257)
	('S4', 'S3'), Operation(7261, 7266, 7268)(7266, 7266)
	('S3', 'E3'), Operation(7270, None, 7290)(7270, 7288)
19. Flow F19 [E4-->E1] with period 2000, payload 1250B, e2e delay 2000us, jitter 200us
	('E4', 'S4'), Operation(1706, None, 1716)(1706, 1706)
	('S4', 'S3'), Operation(1718, None, 1746)(1718, 1736)
	('S3', 'S2'), Operation(1730, None, 1776)(1730, 1766)
	('S2', 'S1'), Operation(1742, None, 1806)(1742, 1796)
	('S1', 'E1'), Operation(1754, None, 1836)(1754, 1826)
20. Flow F20 [E3-->E5] with period 16000, payload 1195B, e2e delay 16000us, jitter 1600us
	('E3', 'S3'), Operation(15467, None, 15477)(15467, 15467)
	('S3', 'S4'), Operation(15479, None, 15507)(15479, 15497)
	('S4', 'S5'), Operation(15491, 15514, 15524)(15514, 15514)
	('S5', 'E5'), Operation(15526, None, 15554)(15526, 15544)
21. Flow F21 [E1-->E3] with period 32000, payload 1338B, e2e delay 32000us, jitter 3200us
	('E1', 'S1'), Operation(31794, None, 31805)(31794, 31794)
	('S1', 'S2'), Operation(31807, None, 31836)(31807, 31825)
	('S2', 'S3'), Operation(31820, None, 31867)(31820, 31856)
	('S3', 'E3'), Operation(31833, None, 31898)(31833, 31887)
22. Flow F22 [E2-->E4] with period 16000, payload 474B, e2e delay 16000us, jitter 1600us
	('E2', 'S2'), Operation(15496, None, 15500)(15496, 15496)
	('S2', 'S3'), Operation(15502, None, 15524)(15502, 15520)
	('S3', 'S4'), Operation(15508, None, 15548)(15508, 15544)
	('S4', 'E4'), Operation(15514, None, 15572)(15514, 15568)
23. Flow F23 [E3-->E4] with period 128000, payload 1172B, e2e delay 128000us, jitter 12800us
	('E3', 'S3'), Operation(103696, None, 103706)(103696, 103696)
	('S3', 'S4'), Operation(103708, None, 103736)(103708, 103726)
	('S4', 'E4'), Operation(103720, None, 103766)(103720, 103756)
24. Flow F24 [E3-->E1] with period 128000, payload 1405B, e2e delay 128000us, jitter 12800us
	('E3', 'S3'), Operation(5635, None, 5647)(5635, 5635)
	('S3', 'S2'), Operation(5649, None, 5679)(5649, 5667)
	('S2', 'S1'), Operation(5663, None, 5711)(5663, 5699)
	('S1', 'E1'), Operation(5677, None, 5743)(5677, 5731)
25. Flow F25 [E5-->E4] with period 4000, payload 1077B, e2e delay 4000us, jitter 400us
	('E5', 'S5'), Operation(3589, None, 3598)(3589, 3589)
	('S5', 'S4'), Operation(3600, 3605, 3614)(3605, 3605)
	('S4', 'E4'), Operation(3616, 3621, 3630)(3621, 3621)
26. Flow F26 [E1-->E4] with period 8000, payload 1163B, e2e delay 8000us, jitter 800us
	('E1', 'S1'), Operation(7701, None, 7711)(7701, 7701)
	('S1', 'S2'), Operation(7713, None, 7741)(7713, 7731)
	('S2', 'S3'), Operation(7725, None, 7771)(7725, 7761)
	('S3', 'S4'), Operation(7737, 7778, 7788)(7778, 7778)
	('S4', 'E4'), Operation(7790, None, 7818)(7790, 7808)
27. Flow F27 [E1-->E2] with period 4000, payload 1383B, e2e delay 4000us, jitter 400us
	('E1', 'S1'), Operation(3762, None, 3774)(3762, 3762)
	('S1', 'S2'), Operation(3776, None, 3806)(3776, 3794)
	('S2', 'E2'), Operation(3790, None, 3838)(3790, 3826)
28. Flow F28 [E4-->E5] with period 2000, payload 934B, e2e delay 2000us, jitter 200us
	('E4', 'S4'), Operation(1419, None, 1427)(1419, 1419)
	('S4', 'S5'), Operation(1429, None, 1455)(1429, 1447)
	('S5', 'E5'), Operation(1439, None, 1483)(1439, 1475)
29. Flow F29 [E1-->E2] with period 2000, payload 1257B, e2e delay 2000us, jitter 200us
	('E1', 'S1'), Operation(1729, None, 1740)(1729, 1729)
	('S1', 'S2'), Operation(1742, 1747, 1758)(1747, 1747)
	('S2', 'E2'), Operation(1760, None, 1789)(1760, 1778)
30. Flow F30 [E4-->E2] with period 32000, payload 774B, e2e delay 32000us, jitter 3200us
	('E4', 'S4'), Operation(31385, None, 31392)(31385, 31385)
	('S4', 'S3'), Operation(31394, None, 31419)(31394, 31412)
	('S3', 'S2'), Operation(31403, None, 31446)(31403, 31439)
	('S2', 'E2'), Operation(31412, 31453, 31460)(31453, 31453)
31. Flow F31 [E1-->E2] with period 4000, payload 243B, e2e delay 4000us, jitter 400us
	('E1', 'S1'), Operation(3378, None, 3380)(3378, 3378)
	('S1', 'S2'), Operation(3382, 3387, 3389)(3387, 3387)
	('S2', 'E2'), Operation(3391, None, 3411)(3391, 3409)
32. Flow F32 [E2-->E3] with period 64000, payload 103B, e2e delay 64000us, jitter 6400us
	('E2', 'S2'), Operation(63479, None, 63480)(63479, 63479)
	('S2', 'S3'), Operation(63482, None, 63501)(63482, 63500)
	('S3', 'E3'), Operation(63485, None, 63522)(63485, 63521)
33. Flow F33 [E4-->E1] with period 2000, payload 1227B, e2e delay 2000us, jitter 200us
	('E4', 'S4'), Operation(1108, None, 1118)(1108, 1108)
	('S4', 'S3'), Operation(1120, None, 1148)(1120, 1138)
	('S3', 'S2'), Operation(1132, 1155, 1165)(1155, 1155)
	('S2', 'S1'), Operation(1167, 1172, 1182)(1172, 1172)
	('S1', 'E1'), Operation(1184, 1189, 1199)(1189, 1189)
34. Flow F34 [E5-->E2] with period 8000, payload 1516B, e2e delay 8000us, jitter 800us
	('E5', 'S5'), Operation(7194, None, 7207)(7194, 7194)
	('S5', 'S4'), Operation(7209, 7214, 7227)(7214, 7214)
	('S4', 'S3'), Operation(7229, None, 7260)(7229, 7247)
	('S3', 'S2'), Operation(7244, None, 7293)(7244, 7280)
	('S2', 'E2'), Operation(7259, None, 7326)(7259, 7313)
35. Flow F35 [E3-->E4] with period 32000, payload 635B, e2e delay 32000us, jitter 3200us
	('E3', 'S3'), Operation(15557, None, 15563)(15557, 15557)
	('S3', 'S4'), Operation(15565, None, 15589)(15565, 15583)
	('S4', 'E4'), Operation(15573, None, 15615)(15573, 15609)
36. Flow F36 [E4-->E2] with period 8000, payload 1245B, e2e delay 8000us, jitter 800us
	('E4', 'S4'), Operation(5672, None, 5682)(5672, 5672)
	('S4', 'S3'), Operation(5684, None, 5712)(5684, 5702)
	('S3', 'S2'), Operation(5696, 5719, 5729)(5719, 5719)
	('S2', 'E2'), Operation(5731, None, 5759)(5731, 5749)
37. Flow F37 [E5-->E1] with period 8000, payload 180B, e2e delay 8000us, jitter 800us
	('E5', 'S5'), Operation(7611, None, 7613)(7611, 7611)
	('S5', 'S4'), Operation(7615, None, 7635)(7615, 7633)
	('S4', 'S3'), Operation(7619, None, 7657)(7619, 7655)
	('S3', 'S2'), Operation(7623, None, 7679)(7623, 7677)
	('S2', 'S1'), Operation(7627, None, 7701)(7627, 7699)
	('S1', 'E1'), Operation(7631, None, 7723)(7631, 7721)
38. Flow F38 [E5-->E2] with period 64000, payload 1073B, e2e delay 64000us, jitter 6400us
	('E5', 'S5'), Operation(7278, None, 7287)(7278, 7278)
	('S5', 'S4'), Operation(7289, 7294, 7303)(7294, 7294)
	('S4', 'S3'), Operation(7305, None, 7332)(7305, 7323)
	('S3', 'S2'), Operation(7316, None, 7361)(7316, 7352)
	('S2', 'E2'), Operation(7327, None, 7390)(7327, 7381)
39. Flow F39 [E1-->E5] with period 8000, payload 1273B, e2e delay 8000us, jitter 800us
	('E1', 'S1'), Operation(7381, None, 7392)(7381, 7381)
	('S1', 'S2'), Operation(7394, None, 7423)(7394, 7412)
	('S2', 'S3'), Operation(7407, 7430, 7441)(7430, 7430)
	('S3', 'S4'), Operation(7443, None, 7472)(7443, 7461)
	('S4', 'S5'), Operation(7456, 7479, 7490)(7479, 7479)
	('S5', 'E5'), Operation(7492, None, 7521)(7492, 7510)

SMT variables: 
	F32_jitter: 36
	F13_('S5', 'S4')_rr: 8
	F9_('S1', 'S2')_t5_min: 109788
	F33_('E4', 'S4')_gc: False
	F2_('S3', 'S2')_tb: 51243
	('S4', 'S3')_gcl_cycle: 128000
	F16_('S1', 'S2')_t4_min: 3854
	F7_queue_index: 0
	F3_('S4', 'S5')_gc: True
	F28_('E4', 'S4')_t4_max: 1419
	F12_('E4', 'S4')_t5_max: 1147
	F31_('S1', 'S2')_t4_max: 3387
	F37_('S2', 'S1')_gc: False
	F10_('S3', 'S4')_rr: 1
	F31_('S2', 'E2')_tb: 3391
	F14_('S4', 'S5')_t3_max: 2130
	F37_('S2', 'S1')_t4_max: 7699
	F26_('S2', 'S3')_t4_min: 7725
	F22_queue_index: 0
	F16_('S2', 'S3')_t4_max: 3891
	F2_('E4', 'S4')_rr: 0
	F7_('E4', 'S4')_rr: 0
	F24_('S3', 'S2')_t4_max: 5667
	F39_('S2', 'S3')_gc: True
	F0_('E1', 'S1')_gc: False
	F7_('S4', 'S3')_rr: 64
	F31_('S2', 'E2')_t5_max: 3411
	F16_('E1', 'S1')_t3_max: 3827
	F34_('S5', 'S4')_rr: 8
	F10_('S3', 'S4')_t4_min: 14141
	F39_('S5', 'E5')_rr: 0
	F32_('E2', 'S2')_gc: False
	F39_('S1', 'S2')_rr: 0
	F24_('E3', 'S3')_rr: 0
	F18_('S4', 'S3')_t4_max: 7266
	F5_('E3', 'S3')_gc: False
	F0_('S1', 'S2')_gc: False
	F3_('S4', 'S5')_t3_min: 2175
	F7_('E4', 'S4')_t3_max: 1638
	F5_('S3', 'S4')_t4_min: 63843
	F6_('S4', 'S3')_t4_min: 1079
	F8_('S4', 'E4')_t4_min: 27631
	F28_('S5', 'E5')_rr: 0
	F9_('S1', 'S2')_t4_min: 109782
	F6_('S3', 'S2')_rr: 4
	F13_jitter: 18
	F1_jitter: 36
	F29_('S2', 'E2')_t5_min: 1771
	F30_('S2', 'E2')_t4_min: 31453
	F20_('S4', 'S5')_t4_max: 15514
	F15_jitter: 54
	F34_('S2', 'E2')_t4_max: 7313
	F18_('S3', 'E3')_gc: False
	F26_('E1', 'S1')_t3_max: 7688
	F10_('S5', 'E5')_gc: True
	F36_('S3', 'S2')_gc: True
	F32_('E2', 'S2')_t3_max: 63466
	F6_queue_index: 0
	F38_('S2', 'E2')_t5_max: 7390
	F7_('E4', 'S4')_gc: False
	F8_('E5', 'S5')_tb: 27613
	F37_('S5', 'S4')_rr: 0
	F37_('S1', 'E1')_t4_min: 7631
	F16_('S3', 'S4')_t4_max: 3923
	F39_('S1', 'S2')_gc: False
	F32_('E2', 'S2')_t3_min: 63479
	F21_('E1', 'S1')_gc: False
	('E2', 'S2')_gcl_cycle: 1
	F37_('E5', 'S5')_t3_max: 7598
	F2_('S2', 'E2')_rr: 1
	F16_('S1', 'S2')_gc: False
	('S2', 'E2')_gcl_cycle: 64000
	F39_('S1', 'S2')_t4_min: 7394
	F3_('S4', 'S5')_t3_max: 2180
	F16_('S3', 'S4')_t3_min: 3905
	F0_('S1', 'S2')_rr: 0
	F6_('S4', 'S3')_t5_max: 1119
	F4_('E3', 'S3')_t3_max: 31829
	F16_('S3', 'S4')_gc: False
	F34_('S3', 'S2')_t4_min: 7244
	F14_('S4', 'S5')_gc: False
	('S3', 'E3')_gcl_cycle: 1
	F36_('S3', 'S2')_t4_max: 5719
	F14_('S5', 'E5')_gc: False
	F21_('S2', 'S3')_t3_min: 31820
	F15_('E2', 'S2')_t3_max: 18002
	F22_('E2', 'S2')_t5_min: 15500
	F20_('S3', 'S4')_t5_min: 15489
	F30_('S4', 'S3')_rr: 0
	F38_('S4', 'S3')_gc: False
	F3_('S2', 'S3')_t4_min: 2158
	F27_('S1', 'S2')_t4_min: 3776
	F28_jitter: 36
	F37_('S4', 'S3')_t4_min: 7619
	F38_('S4', 'S3')_t4_min: 7305
	F16_('S5', 'E5')_gc: False
	F22_('E2', 'S2')_gc: False
	F29_('S1', 'S2')_t3_min: 1742
	F15_('S4', 'E4')_rr: 0
	F14_('E1', 'S1')_t3_max: 2019
	F16_('S3', 'S4')_rr: 0
	F14_('S1', 'S2')_t4_min: 2045
	F23_('S3', 'S4')_tb: 103708
	F16_('S2', 'S3')_gc: True
	F28_('E4', 'S4')_rr: 0
	F10_('S5', 'E5')_tb: 14175
	F31_('S2', 'E2')_rr: 0
	F27_('S2', 'E2')_rr: 0
	F29_('S2', 'E2')_t4_min: 1760
	F33_('S2', 'S1')_rr: 4
	F11_('S4', 'S3')_t4_min: 21650
	F12_('S3', 'E3')_rr: 0
	F3_('S5', 'E5')_t4_max: 2191
	F20_('S5', 'E5')_t3_min: 15526
	F14_('S1', 'S2')_t4_max: 2063
	F3_('E1', 'S1')_rr: 0
	F9_('S2', 'E2')_t4_min: 109790
	F15_('E2', 'S2')_t4_max: 18015
	F37_('S4', 'S3')_gc: False
	F33_('S1', 'E1')_gc: True
	F26_('S3', 'S4')_t4_max: 7778
	F27_('S1', 'S2')_rr: 0
	F20_('E3', 'S3')_t5_min: 15477
	F3_('E1', 'S1')_t3_max: 2123
	F3_('S3', 'S4')_rr: 8
	F32_('S3', 'E3')_gc: False
	F18_('S3', 'E3')_rr: 0
	F30_('E4', 'S4')_rr: 0
	F9_('E1', 'S1')_t3_min: 109774
	F38_queue_index: 0
	F17_('S4', 'S3')_rr: 0
	F23_queue_index: 0
	F37_('S5', 'S4')_t4_max: 7633
	('E1', 'S1')_gcl_cycle: 1
	F38_('S4', 'S3')_t4_max: 7323
	F24_('S3', 'S2')_t3_min: 5649
	F20_('S3', 'S4')_t4_min: 15479
	F3_('S3', 'S4')_gc: True
	F18_jitter: 18
	F39_('S2', 'S3')_t3_max: 7430
	F26_('S3', 'S4')_t4_min: 7778
	('S1', 'S2')_gcl_cycle: 4000
	F37_('S2', 'S1')_t4_min: 7627
	F27_('S1', 'S2')_gc: False
	F9_('S1', 'S2')_t4_max: 109800
	F34_('S4', 'S3')_gc: False
	F19_('S2', 'S1')_t4_min: 1742
	F37_('S5', 'S4')_t4_min: 7615
	F18_('S3', 'E3')_t4_min: 7270
	F37_('S4', 'S3')_tb: 7619
	F7_('S3', 'S2')_t4_min: 1685
	F32_('S2', 'S3')_rr: 0
	F24_('E3', 'S3')_gc: False
	F6_('S5', 'S4')_t5_min: 1077
	F17_('S4', 'S3')_gc: False
	F16_('S5', 'E5')_rr: 0
	F21_jitter: 54
	F30_('S4', 'S3')_gc: False
	F18_('S3', 'E3')_t3_min: 7270
	F1_('E2', 'S2')_gc: False
	F19_('S1', 'E1')_t4_min: 1754
	F15_('S4', 'E4')_gc: False
	F12_('S3', 'E3')_t4_max: 1199
	F19_('S3', 'S2')_t4_min: 1730
	F21_('S1', 'S2')_t4_min: 31807
	F14_('S1', 'S2')_rr: 0
	F22_('S3', 'S4')_rr: 0
	F24_('S2', 'S1')_gc: False
	F29_('E1', 'S1')_gc: False
	F20_('S5', 'E5')_t4_min: 15526
	F11_queue_index: 0
	F31_('E1', 'S1')_gc: False
	F26_('S4', 'E4')_gc: False
	F14_('E1', 'S1')_t5_max: 2043
	F6_('S2', 'S1')_t4_max: 1137
	F25_('E5', 'S5')_gc: False
	F27_('E1', 'S1')_gc: False
	F28_('S5', 'E5')_t4_min: 1439
	F26_('S4', 'E4')_t4_min: 7790
	F2_('S3', 'S2')_rr: 0
	F39_('S2', 'S3')_t4_min: 7430
	F26_('S3', 'S4')_gc: True
	F15_queue_index: 0
	F36_('S3', 'S2')_t5_max: 5729
	F38_('S4', 'S3')_t3_max: 7310
	F30_('E4', 'S4')_tb: 31385
	F34_('E5', 'S5')_tb: 7194
	F26_jitter: 18
	F5_('S3', 'S4')_t4_max: 63861
	F39_('S3', 'S4')_t4_min: 7443
	('S1', 'E1')_gcl_cycle: 2000
	F3_('S5', 'E5')_gc: True
	F2_('S4', 'S3')_rr: 0
	F1_('S3', 'E3')_t4_min: 11
	F16_('E1', 'S1')_t4_min: 3840
	F6_('S5', 'S4')_gc: False
	F27_('S2', 'E2')_gc: False
	F12_queue_index: 0
	F22_('S2', 'S3')_t5_min: 15506
	F30_jitter: 0
	F38_('E5', 'S5')_t3_max: 7265
	F8_('S5', 'S4')_t4_min: 27622
	F25_('E5', 'S5')_t5_min: 3598
	F20_jitter: 18
	F3_('S4', 'S5')_t4_min: 2180
	F23_('E3', 'S3')_tb: 103696
	F7_('E4', 'S4')_t4_min: 1651
	F10_jitter: 0
	F33_('S3', 'S2')_t4_max: 1155
	F14_('S3', 'S4')_rr: 0
	F30_('S4', 'S3')_t4_min: 31394
	F29_('E1', 'S1')_t3_min: 1729
	F1_('S3', 'E3')_gc: False
	F34_('S4', 'S3')_rr: 0
	F26_('S1', 'S2')_rr: 0
	F23_('S3', 'S4')_t5_max: 103736
	F26_('E1', 'S1')_gc: False
	F19_('S4', 'S3')_gc: False
	F39_jitter: 18
	F38_('S3', 'S2')_t3_max: 7339
	F6_('S5', 'S4')_t4_max: 1091
	F1_('E2', 'S2')_tb: 1
	F14_('S2', 'S3')_t4_min: 2081
	F20_('S5', 'E5')_rr: 0
	F29_jitter: 18
	F22_('S2', 'S3')_gc: False
	F15_('S3', 'S4')_gc: False
	F20_('E3', 'S3')_t3_max: 15454
	F25_('S4', 'E4')_gc: True
	F33_queue_index: 0
	F29_('S1', 'S2')_t4_max: 1747
	F6_('S3', 'S2')_t4_min: 1126
	F9_jitter: 36
	F22_('S2', 'S3')_t4_max: 15520
	F21_('S3', 'E3')_gc: False
	F17_('E4', 'S4')_t3_max: 3183
	F25_('E5', 'S5')_t3_max: 3576
	F36_('S4', 'S3')_rr: 0
	F39_('S3', 'S4')_gc: False
	F9_('E1', 'S1')_t3_max: 109761
	F0_queue_index: 0
	F16_queue_index: 0
	F2_('S3', 'S2')_gc: False
	F7_('S4', 'S3')_gc: True
	F20_('S3', 'S4')_t4_max: 15497
	F39_('S3', 'S4')_tb: 7443
	F5_('S4', 'E4')_rr: 0
	F14_('S3', 'S4')_t3_min: 2094
	F15_('S2', 'S3')_t4_min: 18028
	F39_('S3', 'S4')_t5_min: 7454
	F21_('E1', 'S1')_rr: 0
	F33_('S1', 'E1')_rr: 1
	F23_('E3', 'S3')_rr: 0
	F33_('S3', 'S2')_gc: True
	F35_('S4', 'E4')_gc: False
	F39_('E1', 'S1')_t5_max: 7392
	F24_('S2', 'S1')_t4_min: 5663
	F37_('S5', 'S4')_gc: False
	F32_('S2', 'S3')_gc: False
	F27_('E1', 'S1')_t3_max: 3749
	F19_('S3', 'S2')_t4_max: 1766
	F25_('S5', 'S4')_gc: True
	F35_('S3', 'S4')_rr: 0
	F12_('E4', 'S4')_rr: 0
	F24_('S1', 'E1')_rr: 0
	F4_('E3', 'S3')_tb: 31842
	F39_('S2', 'S3')_t4_max: 7430
	F6_('S3', 'S2')_t4_max: 1126
	F16_('E1', 'S1')_rr: 0
	F22_('S2', 'S3')_t4_min: 15502
	F30_('S2', 'E2')_t4_max: 31453
	('E3', 'S3')_gcl_cycle: 1
	F36_('S4', 'S3')_t3_min: 5684
	F24_jitter: 54
	F0_('S1', 'S2')_t4_min: 55318
	F22_('S2', 'S3')_t5_max: 15524
	F15_('E2', 'S2')_rr: 0
	F7_jitter: 18
	F2_queue_index: 0
	F16_('S1', 'S2')_t4_max: 3872
	F36_('S2', 'E2')_t4_min: 5731
	('S2', 'S1')_gcl_cycle: 8000
	F24_('S3', 'S2')_rr: 0
	F21_('S1', 'S2')_rr: 0
	F22_('S3', 'S4')_t4_min: 15508
	F33_('S4', 'S3')_gc: False
	F10_('S5', 'E5')_t4_max: 14175
	F34_jitter: 54
	F15_('S4', 'E4')_t5_max: 18119
	F2_('S3', 'S2')_t4_max: 51279
	F18_('S3', 'E3')_t3_max: 7275
	F26_('S2', 'S3')_rr: 0
	F0_('S2', 'E2')_rr: 1
	F32_('S2', 'S3')_t4_max: 63500
	F12_('S4', 'S3')_gc: False
	F23_('S4', 'E4')_t5_min: 103730
	F4_('E3', 'S3')_gc: False
	F25_jitter: 0
	F10_('S3', 'S4')_gc: True
	F16_('S2', 'S3')_t3_min: 3868
	F6_('S2', 'S1')_rr: 1
	F35_('E3', 'S3')_gc: False
	F37_('S5', 'S4')_tb: 7615
	F21_queue_index: 0
	F13_('S4', 'E4')_gc: False
	F34_('S5', 'S4')_gc: True
	F8_('S5', 'S4')_rr: 0
	F36_('E4', 'S4')_t3_max: 5659
	F20_('S5', 'E5')_t4_max: 15544
	F24_('S3', 'S2')_t4_min: 5649
	F9_('E1', 'S1')_rr: 0
	F37_('S5', 'S4')_t5_min: 7617
	F17_('S4', 'S3')_t4_min: 3204
	F38_('S4', 'S3')_rr: 0
	F13_('S4', 'E4')_rr: 0
	F35_jitter: 36
	F6_('S5', 'S4')_t4_min: 1073
	F16_('E1', 'S1')_gc: False
	F34_('S2', 'E2')_t5_max: 7326
	F12_('S4', 'S3')_tb: 1149
	F9_('S1', 'S2')_rr: 0
	F24_('S2', 'S1')_rr: 0
	F36_('S3', 'S2')_rr: 4
	F14_jitter: 54
	F17_('E4', 'S4')_gc: False
	F8_('S5', 'S4')_t5_min: 27629
	F17_('E4', 'S4')_t4_min: 3196
	F24_('S3', 'S2')_gc: False
	F30_('S3', 'S2')_t4_min: 31403
	F38_('S3', 'S2')_t4_max: 7352
	F38_('S2', 'E2')_t4_min: 7327
	F19_('S3', 'S2')_rr: 0
	F39_('S1', 'S2')_t4_max: 7412
	F16_('S4', 'S5')_rr: 0
	F36_('S3', 'S2')_t4_min: 5719
	F37_('S1', 'E1')_rr: 0
	F30_('S3', 'S2')_gc: False
	F13_('E5', 'S5')_t3_max: 7775
	F38_jitter: 54
	F7_('S3', 'S2')_rr: 16
	F15_('S2', 'S3')_t4_max: 18046
	F39_('S2', 'S3')_rr: 1
	('E4', 'S4')_gcl_cycle: 1
	F39_('E1', 'S1')_rr: 0
	F35_('E3', 'S3')_rr: 0
	F33_('S4', 'S3')_t4_min: 1120
	F19_('S2', 'S1')_gc: False
	F28_('E4', 'S4')_gc: False
	F3_('S3', 'S4')_t4_max: 2169
	F22_('S2', 'S3')_rr: 0
	F38_('E5', 'S5')_tb: 7278
	F39_('E1', 'S1')_t4_min: 7381
	F36_('S4', 'S3')_gc: False
	F14_('S4', 'S5')_rr: 0
	F32_('S3', 'E3')_t4_min: 63485
	F8_('S4', 'E4')_tb: 27631
	F8_('S4', 'E4')_rr: 0
	F34_('E5', 'S5')_t5_max: 7207
	F3_jitter: 0
	F27_queue_index: 0
	F26_('S1', 'S2')_gc: False
	F19_('S3', 'S2')_gc: False
	F20_('E3', 'S3')_gc: False
	F21_('S1', 'S2')_t4_max: 31825
	F25_('S4', 'E4')_t4_min: 3621
	F15_('E2', 'S2')_tb: 18015
	F33_('S1', 'E1')_t4_max: 1189
	F7_('S2', 'E2')_rr: 0
	F34_('S3', 'S2')_gc: False
	F18_('E4', 'S4')_t3_max: 7244
	F3_('S5', 'E5')_t3_min: 2186
	F26_('S1', 'S2')_t4_min: 7713
	F36_('S4', 'S3')_t4_max: 5702
	F12_jitter: 36
	F38_('E5', 'S5')_rr: 0
	F7_('S2', 'E2')_gc: False
	F17_queue_index: 0
	F19_('E4', 'S4')_t3_min: 1706
	F0_('S2', 'E2')_t4_min: 55350
	F8_('S5', 'S4')_tb: 27622
	F14_('S3', 'S4')_t4_min: 2094
	F8_('E5', 'S5')_rr: 0
	F8_queue_index: 0
	F10_('S4', 'S5')_gc: True
	F39_('S5', 'E5')_gc: False
	F27_('S1', 'S2')_t4_max: 3794
	F4_('E3', 'S3')_t5_max: 31849
	F30_('E4', 'S4')_t4_max: 31385
	F14_('S2', 'S3')_t4_max: 2081
	('S3', 'S2')_gcl_cycle: 32000
	F31_('E1', 'S1')_t3_max: 3365
	F2_('S2', 'E2')_t4_min: 51298
	F23_jitter: 36
	F26_('S2', 'S3')_t4_max: 7761
	('S5', 'S4')_gcl_length: 66
	F33_('S3', 'S2')_rr: 16
	('S3', 'S4')_gcl_length: 26
	F29_('S2', 'E2')_t3_min: 1760
	F36_('S2', 'E2')_gc: False
	F37_queue_index: 0
	F31_queue_index: 0
	F19_jitter: 72
	F3_('S1', 'S2')_t4_min: 2147
	F34_('S5', 'S4')_t4_max: 7214
	F31_('S1', 'S2')_t4_min: 3387
	F16_('S4', 'S5')_t4_max: 3955
	F6_('S2', 'S1')_t3_max: 1137
	F26_('S1', 'S2')_t4_max: 7731
	F11_('S4', 'S3')_rr: 4
	F1_('S2', 'S3')_t4_min: 6
	F35_('S3', 'S4')_t4_max: 15583
	F16_('S2', 'S3')_t4_min: 3891
	F11_('S4', 'S3')_t4_max: 21650
	('S4', 'E4')_gcl_cycle: 4000
	F6_('E5', 'S5')_t3_max: 1054
	F33_('S2', 'S1')_t4_min: 1172
	F1_('S2', 'S3')_rr: 0
	F22_('S4', 'E4')_t4_min: 15514
	F18_('E4', 'S4')_gc: False
	F22_('E2', 'S2')_rr: 0
	F6_('S5', 'S4')_rr: 0
	F10_('S4', 'S5')_t4_min: 14158
	F21_('S2', 'S3')_gc: False
	F35_queue_index: 0
	F13_('S5', 'S4')_t4_min: 7806
	('S2', 'S3')_gcl_cycle: 8000
	F22_('S3', 'S4')_gc: False
	F24_('S3', 'S2')_t5_min: 5661
	F24_('S1', 'E1')_gc: False
	F12_('S4', 'S3')_t4_min: 1149
	F36_queue_index: 0
	F2_('S3', 'S2')_t3_min: 51243
	F19_('E4', 'S4')_gc: False
	F14_('S5', 'E5')_t3_max: 2161
	F30_('E4', 'S4')_t3_max: 31372
	F15_('S4', 'E4')_t4_min: 18054
	F39_('E1', 'S1')_t3_max: 7368
	F16_('S1', 'S2')_t3_min: 3854
	F29_('S1', 'S2')_gc: True
	F3_('S5', 'E5')_t4_min: 2191
	F6_('E5', 'S5')_gc: False
	F14_('S5', 'E5')_rr: 0
	F33_('E4', 'S4')_tb: 1108
	F7_('S3', 'S2')_gc: True
	F3_('S2', 'S3')_t4_max: 2158
	F29_('S1', 'S2')_rr: 2
	F5_queue_index: 0
	F38_('E5', 'S5')_gc: False
	F27_('S2', 'E2')_t5_min: 3802
	F19_('S4', 'S3')_t4_min: 1718
	F30_('S2', 'E2')_t3_min: 31412
	F11_('E4', 'S4')_t4_min: 21631
	F13_('S4', 'E4')_t4_min: 7819
	F35_('S4', 'E4')_rr: 0
	F13_('S5', 'S4')_gc: True
	F33_('S2', 'S1')_gc: True
	F31_('S2', 'E2')_t4_min: 3391
	F18_('E4', 'S4')_rr: 0
	F10_('S5', 'E5')_rr: 1
	F20_('S3', 'S4')_rr: 0
	F21_('S3', 'E3')_rr: 0
	F21_('S2', 'S3')_t4_max: 31856
	F10_('S4', 'S5')_t4_max: 14158
	F37_jitter: 90
	F4_('S3', 'S2')_t4_min: 31856
	F14_('S2', 'S3')_gc: True
	F5_('E3', 'S3')_t3_max: 63824
	F11_('E4', 'S4')_rr: 0
	F25_('S5', 'S4')_t4_max: 3605
	F8_('E5', 'S5')_gc: False
	F38_('S3', 'S2')_rr: 0
	F14_('E1', 'S1')_rr: 0
	F25_queue_index: 0
	F10_('E3', 'S3')_rr: 0
	F32_queue_index: 0
	F6_('S1', 'E1')_rr: 0
	F16_('S4', 'S5')_gc: False
	F10_('E3', 'S3')_gc: False
	F16_('S5', 'E5')_t4_min: 3933
	F23_('S3', 'S4')_t4_min: 103708
	F19_('E4', 'S4')_rr: 0
	F36_('S4', 'S3')_t4_min: 5684
	F30_('S4', 'S3')_t4_max: 31412
	F14_('S5', 'E5')_t3_min: 2120
	F35_('S3', 'S4')_tb: 15565
	F19_('E4', 'S4')_t5_max: 1716
	F14_('S2', 'S3')_rr: 1
	F21_('E1', 'S1')_t3_max: 31781
	F2_('S4', 'S3')_gc: False
	F38_('S2', 'E2')_gc: False
	F33_('S2', 'S1')_t5_max: 1182
	F27_('E1', 'S1')_t3_min: 3762
	F38_('S5', 'S4')_gc: True
	F1_('S2', 'S3')_gc: False
	F28_('S5', 'E5')_gc: False
	F8_('S4', 'E4')_gc: False
	F16_('S2', 'S3')_rr: 2
	F34_('E5', 'S5')_t5_min: 7207
	F36_('S2', 'E2')_t5_min: 5741
	F22_jitter: 54
	F18_('S4', 'S3')_gc: True
	F11_('S3', 'E3')_tb: 21664
	F17_('E4', 'S4')_rr: 0
	F19_('S3', 'S2')_tb: 1730
	F3_('S1', 'S2')_t4_max: 2147
	F37_('S3', 'S2')_t4_max: 7677
	F35_('S3', 'S4')_gc: False
	F34_('S3', 'S2')_t4_max: 7280
	F39_('S4', 'S5')_gc: True
	F32_('E2', 'S2')_t4_min: 63479
	F4_('S3', 'S2')_rr: 1
	F5_('S3', 'S4')_gc: False
	F17_('S4', 'S3')_t4_max: 3222
	F33_('E4', 'S4')_t3_max: 1095
	F3_('S2', 'S3')_gc: True
	F36_jitter: 18
	F20_('S5', 'E5')_gc: False
	F28_('S4', 'S5')_gc: False
	F2_('S2', 'E2')_t4_max: 51298
	F26_('S3', 'S4')_t3_max: 7778
	F2_('S4', 'S3')_t4_min: 51229
	F39_queue_index: 0
	F0_('S1', 'S2')_t4_max: 55336
	F7_('S4', 'S3')_t4_min: 1668
	F22_('S3', 'S4')_t4_max: 15544
	F7_('S2', 'E2')_t5_max: 1725
	F31_('E1', 'S1')_rr: 0
	F37_('S4', 'S3')_rr: 0
	F17_('S3', 'E3')_rr: 0
	F26_('E1', 'S1')_rr: 0
	F16_('S5', 'E5')_tb: 3933
	F31_('S1', 'S2')_gc: True
	F4_('S2', 'E2')_gc: False
	F29_queue_index: 0
	F8_('S5', 'S4')_t4_max: 27640
	F4_('S3', 'S2')_t4_max: 31856
	F11_('S3', 'E3')_gc: False
	F29_('S2', 'E2')_rr: 0
	F33_('S1', 'E1')_t4_min: 1189
	F9_('E1', 'S1')_gc: False
	F8_jitter: 36
	F26_('S3', 'S4')_rr: 4
	F34_('S4', 'S3')_t4_max: 7247
	F25_('S5', 'S4')_t4_min: 3605
	F21_('S1', 'S2')_gc: False
	F26_('S3', 'S4')_tb: 7778
	F8_('E5', 'S5')_t4_min: 27613
	F21_('S2', 'S3')_rr: 0
	F3_('E1', 'S1')_gc: False
	F32_('S3', 'E3')_t3_max: 63508
	F10_('S4', 'S5')_t3_min: 14153
	F12_('S4', 'S3')_t5_min: 1161
	F34_('E5', 'S5')_t3_max: 7181
	F19_('S2', 'S1')_t5_min: 1752
	F19_('E4', 'S4')_t3_max: 1693
	F34_('S2', 'E2')_t4_min: 7259
	F9_('S2', 'E2')_t3_min: 109790
	F29_('E1', 'S1')_rr: 0
	F2_('S2', 'E2')_gc: True
	F18_('E4', 'S4')_t5_min: 7259
	F33_jitter: 0
	F38_('S5', 'S4')_rr: 1
	F6_('S4', 'S3')_rr: 0
	F11_('E4', 'S4')_t3_max: 21618
	F15_('E2', 'S2')_gc: False
	F5_jitter: 36
	F27_('S1', 'S2')_t3_min: 3776
	F31_('S1', 'S2')_tb: 3387
	F10_('E3', 'S3')_t3_max: 14111
	F19_('S2', 'S1')_rr: 0
	F34_('E5', 'S5')_gc: False
	F19_queue_index: 0
	F30_('S2', 'E2')_gc: True
	F1_('E2', 'S2')_t3_max: -12
	F34_('E5', 'S5')_rr: 0
	F19_('S4', 'S3')_t4_max: 1736
	F9_('S2', 'E2')_rr: 0
	F37_('S1', 'E1')_t4_max: 7721
	F3_('S3', 'S4')_t4_min: 2169
	F23_('S4', 'E4')_gc: False
	F14_('S5', 'E5')_t4_min: 2120
	F12_('E4', 'S4')_t3_max: 1122
	F37_('S1', 'E1')_gc: False
	F6_('S3', 'S2')_gc: True
	F39_('S1', 'S2')_t3_min: 7394
	F4_jitter: 18
	F3_('S4', 'S5')_rr: 8
	F20_queue_index: 0
	F5_('S3', 'S4')_rr: 0
	F23_('S3', 'S4')_gc: False
	F16_('S3', 'S4')_t4_min: 3905
	F4_('S2', 'E2')_rr: 0
	F30_('S3', 'S2')_rr: 0
	F30_('S2', 'E2')_rr: 2
	F19_('S1', 'E1')_gc: False
	F32_('E2', 'S2')_t5_min: 63480
	F6_('S1', 'E1')_t4_min: 1143
	F10_('S3', 'S4')_t4_max: 14141
	F22_('S4', 'E4')_gc: False
	F34_('S5', 'S4')_t3_min: 7209
	F14_queue_index: 0
	F8_('E5', 'S5')_t3_max: 27600
	F15_('S3', 'S4')_rr: 0
	F15_('S3', 'S4')_t4_max: 18077
	F5_('S4', 'E4')_gc: False
	F0_jitter: 0
	F21_('S3', 'E3')_tb: 31833
	F37_('S3', 'S2')_rr: 0
	F35_('E3', 'S3')_t3_max: 15544
	F39_('E1', 'S1')_gc: False
	F17_('S3', 'E3')_t5_min: 3218
	F33_('E4', 'S4')_rr: 0
	F1_('E2', 'S2')_rr: 0
	F6_('S2', 'S1')_t5_max: 1141
	F31_jitter: 18
	F28_('E4', 'S4')_t3_max: 1406
	F34_queue_index: 0
	F2_('E4', 'S4')_t3_max: 51202
	F6_jitter: 18
	F33_('S4', 'S3')_t4_max: 1138
	F18_queue_index: 0
	F9_('E1', 'S1')_t5_max: 109780
	F39_('S4', 'S5')_t4_max: 7479
	F15_('S2', 'S3')_gc: False
	F2_('S3', 'S2')_t4_min: 51243
	F32_('S2', 'S3')_t4_min: 63482
	F3_queue_index: 0
	F9_('S2', 'E2')_gc: False
	F36_('E4', 'S4')_tb: 5672
	F7_('S4', 'S3')_t4_max: 1668
	F33_('S4', 'S3')_rr: 0
	F28_('S4', 'S5')_t4_max: 1447
	F4_('S3', 'S2')_gc: True
	F29_('E1', 'S1')_t4_max: 1729
	F20_('S4', 'S5')_tb: 15514
	F28_('S5', 'E5')_t5_max: 1483
	F23_('S4', 'E4')_rr: 0
	F32_('S3', 'E3')_rr: 0
	F28_queue_index: 0
	F1_('S2', 'S3')_t4_max: 24
	F4_('S2', 'E2')_t4_min: 31865
	F38_('S5', 'S4')_t4_min: 7294
	F10_('S5', 'E5')_t4_min: 14175
	F26_('S2', 'S3')_gc: False
	F14_('S4', 'S5')_t4_max: 2143
	F7_('S2', 'E2')_t4_min: 1697
	F27_('S2', 'E2')_t4_min: 3790
	F17_('S3', 'E3')_tb: 3212
	F17_('S3', 'E3')_gc: False
	F39_('S3', 'S4')_t4_max: 7461
	F3_('S2', 'S3')_rr: 2
	F20_('S4', 'S5')_rr: 2
	F15_('S2', 'S3')_rr: 0
	F6_('E5', 'S5')_rr: 0
	('E5', 'S5')_gcl_cycle: 1
	F12_('E4', 'S4')_gc: False
	F24_('S2', 'S1')_t4_max: 5699
	F22_('E2', 'S2')_t3_max: 15483
	F20_('S4', 'S5')_gc: True
	F23_('E3', 'S3')_gc: False
	F1_('S3', 'E3')_rr: 0
	F17_('S3', 'E3')_t4_min: 3212
	F37_('E5', 'S5')_gc: False
	F23_('E3', 'S3')_t3_max: 103683
	F34_('S5', 'S4')_t4_min: 7214
	F36_('S3', 'S2')_t3_min: 5696
	F1_('E2', 'S2')_t5_min: 4
	F0_('E1', 'S1')_t3_max: 55296
	F20_('S3', 'S4')_tb: 15479
	F9_('S1', 'S2')_gc: False
	F2_('S2', 'E2')_t3_min: 51257
	F3_('S1', 'S2')_rr: 1
	F18_('S4', 'S3')_rr: 1
	F15_('S4', 'E4')_t4_max: 18108
	F27_('E1', 'S1')_rr: 0
	F5_('S4', 'E4')_t4_min: 63849
	F3_('S2', 'S3')_t3_min: 2153
	F12_('S3', 'E3')_gc: False
	F37_('S4', 'S3')_t4_max: 7655
	F34_('S2', 'E2')_rr: 0
	F13_queue_index: 0
	F39_('S3', 'S4')_rr: 0
	F28_('S4', 'S5')_rr: 0
	F20_('S4', 'S5')_t4_min: 15514
	F2_('E4', 'S4')_gc: False
	F21_('S3', 'E3')_t4_min: 31833
	F6_('S4', 'S3')_gc: False
	F3_('S4', 'S5')_t4_max: 2180
	F6_('S4', 'S3')_t4_max: 1115
	F4_('S2', 'E2')_t3_max: 31870
	F24_('E3', 'S3')_t3_max: 5622
	F11_jitter: 18
	F11_('E4', 'S4')_gc: False
	F38_('S3', 'S2')_t5_min: 7325
	F38_('S2', 'E2')_rr: 0
	F24_('E3', 'S3')_t4_min: 5635
	F7_('S3', 'S2')_t4_max: 1685
	F35_('S4', 'E4')_tb: 15573
	F14_('S3', 'S4')_t4_max: 2112
	F27_jitter: 36
	F13_('E5', 'S5')_gc: False
	F28_('S4', 'S5')_t4_min: 1429
	F26_('S4', 'E4')_rr: 0
	F25_('S5', 'S4')_rr: 16
	F8_('S5', 'S4')_gc: False
	F28_('S5', 'E5')_t3_max: 1462
	F26_queue_index: 0
	F11_('S3', 'E3')_rr: 0
	F31_('S1', 'S2')_rr: 1
	F3_('S4', 'S5')_t5_max: 2184
	F19_('S1', 'E1')_rr: 0
	F3_('S1', 'S2')_gc: True
	F35_('S4', 'E4')_t5_min: 15579
	F23_('S3', 'S4')_rr: 0
	F4_('E3', 'S3')_rr: 0
	F0_('S2', 'E2')_gc: True
	F4_queue_index: 0
	F2_('S4', 'S3')_t4_max: 51247
	F21_('S2', 'S3')_t4_min: 31820
	F14_('S3', 'S4')_gc: False
	F14_('S1', 'S2')_gc: False
	F36_('E4', 'S4')_gc: False
	F20_('E3', 'S3')_rr: 0
	F34_('S2', 'E2')_gc: False
	F37_('S3', 'S2')_t4_min: 7623
	F36_('S2', 'E2')_rr: 0
	F10_queue_index: 0
	F29_('S1', 'S2')_t4_min: 1747
	F23_('S3', 'S4')_t4_max: 103726
	F33_('S3', 'S2')_t4_min: 1155
	F14_('S3', 'S4')_t5_max: 2123
	F6_('S1', 'E1')_gc: False
	F6_('S2', 'S1')_t3_min: 1132
	F10_('S4', 'S5')_rr: 1
	F39_('S4', 'S5')_t4_min: 7479
	F6_('E5', 'S5')_tb: 1067
	F14_('S4', 'S5')_t4_min: 2107
	F13_('E5', 'S5')_rr: 0
	F19_('S4', 'S3')_rr: 0
	F15_('S3', 'S4')_t4_min: 18041
	F37_('S2', 'S1')_rr: 0
	F23_('S4', 'E4')_t4_min: 103720
	F29_('E1', 'S1')_t5_min: 1740
	('S4', 'S5')_gcl_cycle: 32000
	F36_('E4', 'S4')_rr: 0
	F30_queue_index: 0
	('S3', 'S4')_gcl_cycle: 32000
	F39_('S4', 'S5')_rr: 4
	F6_('S2', 'S1')_t4_min: 1137
	('S5', 'S4')_gcl_cycle: 64000
	F27_('S1', 'S2')_t5_max: 3806
	F37_('S3', 'S2')_gc: False
	F17_jitter: 36
	F38_('S3', 'S2')_gc: False
	F30_('S3', 'S2')_t4_max: 31439
	F2_('S2', 'E2')_t3_max: 51298
	F29_('E1', 'S1')_t3_max: 1716
	F18_('S4', 'S3')_t4_min: 7266
	F9_queue_index: 0
	F16_('S4', 'S5')_t5_max: 3967
	F32_('E2', 'S2')_rr: 0
	F29_('S2', 'E2')_gc: False
	F21_('E1', 'S1')_t4_min: 31794
	F22_('S4', 'E4')_rr: 0
	F35_('E3', 'S3')_t4_min: 15557
	F19_('S2', 'S1')_t4_max: 1796
	F3_('S2', 'S3')_t3_max: 2158
	F36_('S4', 'S3')_tb: 5684
	F16_('S2', 'S3')_t5_min: 3903
	F20_('S3', 'S4')_gc: False
	F5_('E3', 'S3')_rr: 0
	F0_('E1', 'S1')_rr: 0
	F12_('S4', 'S3')_rr: 0
	F31_('S2', 'E2')_gc: False
	F3_('S3', 'S4')_tb: 2169
	('S5', 'E5')_gcl_cycle: 32000
	F14_('E1', 'S1')_gc: False
	F39_('S5', 'E5')_t4_min: 7492
	F1_queue_index: 0
	F3_('S5', 'E5')_rr: 8
	F35_('S3', 'S4')_t4_min: 15565
	F38_('S5', 'S4')_t4_max: 7294
	F33_('S2', 'S1')_t3_max: 1172
	F2_jitter: 0
	F38_('S3', 'S2')_t4_min: 7316
	F27_('S1', 'S2')_tb: 3776
	F13_('E5', 'S5')_t5_max: 7799
	F11_('S3', 'E3')_t4_min: 21664
	F12_('S3', 'E3')_t4_min: 1163
	F16_jitter: 54
	F33_('S2', 'S1')_t4_max: 1172
	F35_('S4', 'E4')_t4_min: 15573
	F16_('S1', 'S2')_rr: 0
	F25_('S4', 'E4')_rr: 1
	F37_('E5', 'S5')_rr: 0
	F30_('E4', 'S4')_gc: False
	F11_('S4', 'S3')_gc: True
	F14_('S2', 'S3')_t3_max: 2081
	F24_('S1', 'E1')_t4_min: 5677
	F12_('S4', 'S3')_t4_max: 1167
	F34_('S3', 'S2')_rr: 0
	F24_queue_index: 0
	F34_('S4', 'S3')_t4_min: 7229
	F25_('E5', 'S5')_rr: 0
	F13_('S5', 'S4')_t4_max: 7806
	F16_('S4', 'S5')_t4_min: 3919
	F3_('E1', 'S1')_t5_max: 2140
	F6_('S2', 'S1')_gc: True
	F2_('S4', 'S3')_t3_max: 51234
	F5_('S3', 'S4')_t3_max: 63848
	F3_('S1', 'S2')_t3_max: 2147
	F16_('S1', 'S2')_t3_max: 3859
	F11_('S4', 'S3')_t3_max: 21650
	F21_('S1', 'S2')_t3_max: 31812
	F14_('S1', 'S2')_t3_max: 2050
	F13_('S5', 'S4')_t3_max: 7806
	F30_('S4', 'S3')_t3_max: 31399
	F39_('S1', 'S2')_t3_max: 7399
	F36_('S4', 'S3')_t3_max: 5689
	F25_('S5', 'S4')_t3_max: 3605
	F24_('S3', 'S2')_t3_max: 5654
	F7_('S4', 'S3')_t3_max: 1668
	F18_('S4', 'S3')_t3_max: 7266
	F32_('S2', 'S3')_t3_max: 63487
	F27_('S1', 'S2')_t3_max: 3781
	F8_('S5', 'S4')_t3_max: 27627
	F26_('S1', 'S2')_t3_max: 7718
	F31_('S1', 'S2')_t3_max: 3387
	F1_('S2', 'S3')_t3_max: 11
	F19_('S4', 'S3')_t3_max: 1723
	F33_('S4', 'S3')_t3_max: 1125
	F12_('S4', 'S3')_t3_max: 1154
	F4_('S3', 'S2')_t3_max: 31856
	F9_('S1', 'S2')_t3_max: 109787
	F23_('S3', 'S4')_t3_max: 103713
	F35_('S3', 'S4')_t3_max: 15570
	F29_('S1', 'S2')_t3_max: 1747
	F37_('S5', 'S4')_t3_max: 7620
	F20_('S3', 'S4')_t3_max: 15484
	F0_('S1', 'S2')_t3_max: 55323
	F6_('S5', 'S4')_t3_max: 1078
	F38_('S5', 'S4')_t3_max: 7294
	F15_('S2', 'S3')_t3_max: 18033
	F17_('S4', 'S3')_t3_max: 3209
	F22_('S2', 'S3')_t3_max: 15507
	F10_('S3', 'S4')_t3_max: 14141
	F34_('S5', 'S4')_t3_max: 7214
	F28_('S4', 'S5')_t3_max: 1434
	F26_('E1', 'S1')_t3_min: 7701
	F39_('S5', 'E5')_t4_max: 7510
	F3_('S5', 'E5')_t5_max: 2195
	F22_('S3', 'S4')_t3_max: 15531
	F12_('E4', 'S4')_t4_min: 1135
	F38_('S3', 'S2')_t3_min: 7316
	F17_('S3', 'E3')_t3_min: 3212
	F15_('E2', 'S2')_t5_max: 18026
	F11_('E4', 'S4')_t4_max: 21631
	F12_('E4', 'S4')_t4_max: 1135
	F28_('S4', 'S5')_tb: 1429
	F29_('S2', 'E2')_t3_max: 1765
	F19_('E4', 'S4')_t5_min: 1716
	F10_('S4', 'S5')_t5_min: 14168
	F17_('E4', 'S4')_t5_min: 3202
	F16_('S2', 'S3')_t5_max: 3903
	F5_('S3', 'S4')_t5_max: 63865
	F17_('S3', 'E3')_t3_max: 3235
	F0_('S2', 'E2')_t3_min: 55327
	F22_('S3', 'S4')_tb: 15508
	F23_('S4', 'E4')_t5_max: 103766
	F5_('E3', 'S3')_t5_min: 63841
	F6_('S4', 'S3')_t5_min: 1083
	F28_('E4', 'S4')_t4_min: 1419
	F25_('E5', 'S5')_t5_max: 3598
	F35_('E3', 'S3')_t3_min: 15557
	F32_('S3', 'E3')_t4_max: 63521
	F8_('E5', 'S5')_t4_max: 27613
	F28_('S5', 'E5')_t5_min: 1447
	F25_('S4', 'E4')_t3_max: 3621
	F14_('S1', 'S2')_t3_min: 2045
	F1_('S3', 'E3')_t3_max: 34
	F12_('E4', 'S4')_t3_min: 1135
	F26_('S4', 'E4')_t3_max: 7795
	F22_('S4', 'E4')_t4_max: 15568
	F19_('S2', 'S1')_t3_min: 1742
	F3_('S3', 'S4')_t3_max: 2169
	F36_('E4', 'S4')_t3_min: 5672
	F12_('E4', 'S4')_tb: 1135
	F24_('E3', 'S3')_t3_min: 5635
	F16_('S4', 'S5')_t3_min: 3919
	F14_('S4', 'S5')_t5_min: 2118
	F36_('E4', 'S4')_t5_max: 5682
	F7_('E4', 'S4')_t5_max: 1661
	F14_('S4', 'S5')_t5_max: 2154
	F37_('S3', 'S2')_t3_max: 7664
	F14_('S4', 'S5')_tb: 2107
	F13_('E5', 'S5')_t4_max: 7788
	('S5', 'E5')_gcl_length: 18
	F37_('S4', 'S3')_t3_min: 7619
	F13_('S5', 'S4')_t3_min: 7801
	F35_('E3', 'S3')_t5_max: 15563
	F22_('S3', 'S4')_t3_min: 15508
	F16_('S4', 'S5')_t5_min: 3931
	F27_('S2', 'E2')_t3_min: 3790
	F17_('S4', 'S3')_t3_min: 3204
	F39_('S3', 'S4')_t3_max: 7448
	F10_('E3', 'S3')_t5_min: 14134
	F10_('S4', 'S5')_t5_max: 14168
	F11_('E4', 'S4')_t5_min: 21643
	F26_('S4', 'E4')_tb: 7790
	F37_('S4', 'S3')_t5_max: 7657
	('S1', 'S2')_gcl_length: 8
	F20_('E3', 'S3')_t3_min: 15467
	F21_('S3', 'E3')_t3_min: 31833
	F10_('E3', 'S3')_t3_min: 14124
	F19_('S2', 'S1')_t5_max: 1806
	('S1', 'E1')_gcl_length: 2
	F32_('S3', 'E3')_tb: 63485
	F3_('S5', 'E5')_tb: 2191
	F7_('E4', 'S4')_t3_min: 1651
	F23_('S4', 'E4')_t3_max: 103743
	F32_('S2', 'S3')_t3_min: 63482
	F20_('S3', 'S4')_t5_max: 15507
	F22_('S2', 'S3')_tb: 15502
	F3_('S1', 'S2')_t5_min: 2151
	F31_('E1', 'S1')_t5_min: 3380
	F11_('E4', 'S4')_t3_min: 21631
	F15_('E2', 'S2')_t5_min: 18026
	F18_('S4', 'S3')_t5_max: 7268
	F38_('E5', 'S5')_t3_min: 7278
	F17_('E4', 'S4')_t5_max: 3202
	F12_('S3', 'E3')_t3_min: 1163
	F35_('S4', 'E4')_t4_max: 15609
	F33_('E4', 'S4')_t5_min: 1118
	F4_('S2', 'E2')_t5_max: 31890
	F33_('S2', 'S1')_t5_min: 1182
	F3_('S2', 'S3')_tb: 2158
	F24_('S2', 'S1')_t5_max: 5711
	F28_('S5', 'E5')_t4_max: 1475
	F39_('S4', 'S5')_t5_min: 7490
	F36_('S4', 'S3')_t5_min: 5694
	F1_('S2', 'S3')_tb: 6
	('S2', 'S3')_gcl_length: 12
	F20_('S3', 'S4')_t3_min: 15479
	F34_('S5', 'S4')_t5_min: 7227
	F1_('S2', 'S3')_t5_max: 27
	F34_('S3', 'S2')_t3_min: 7244
	F30_('S2', 'E2')_t5_max: 31460
	F3_('S3', 'S4')_t5_max: 2173
	F33_('S2', 'S1')_t3_min: 1167
	F25_('S4', 'E4')_tb: 3621
	F38_('S5', 'S4')_t5_min: 7303
	F2_('E4', 'S4')_t5_max: 51227
	F12_('S4', 'S3')_t3_min: 1149
	F4_('S2', 'E2')_t4_max: 31883
	F8_('S4', 'E4')_t3_min: 27631
	F11_('S3', 'E3')_t3_max: 21669
	F22_('E2', 'S2')_t3_min: 15496
	F36_('S2', 'E2')_t3_max: 5736
	F38_('S5', 'S4')_t3_min: 7289
	F26_('E1', 'S1')_t5_max: 7711
	F25_('S4', 'E4')_t4_max: 3621
	F17_('S4', 'S3')_t5_max: 3228
	F29_('S1', 'S2')_t5_max: 1758
	F35_('E3', 'S3')_t5_min: 15563
	F10_('S3', 'S4')_t5_min: 14151
	F24_('S3', 'S2')_tb: 5649
	F36_('S3', 'S2')_t5_min: 5729
	F25_('S5', 'S4')_tb: 3605
	F18_('S4', 'S3')_tb: 7266
	('S3', 'E3')_gcl_length: 0
	F30_('E4', 'S4')_t3_min: 31385
	F25_('S4', 'E4')_t5_max: 3630
	F7_('E4', 'S4')_tb: 1651
	F19_('S2', 'S1')_t3_max: 1783
	F7_('S2', 'E2')_t3_max: 1702
	F6_('S1', 'E1')_tb: 1143
	F3_('S1', 'S2')_t3_min: 2142
	('E2', 'S2')_gcl_length: 0
	F30_('S3', 'S2')_tb: 31403
	F0_('E1', 'S1')_t5_min: 55316
	F29_('E1', 'S1')_t5_max: 1740
	F18_('S4', 'S3')_t3_min: 7261
	F13_('S5', 'S4')_t5_max: 7817
	F6_('E5', 'S5')_t5_min: 1071
	F27_('E1', 'S1')_t5_min: 3774
	F29_('S1', 'S2')_tb: 1747
	F16_('S5', 'E5')_t5_max: 3999
	F0_('S2', 'E2')_t5_max: 55357
	F29_('S1', 'S2')_t5_min: 1758
	F17_('E4', 'S4')_t3_min: 3196
	F6_('S5', 'S4')_t5_max: 1095
	F14_('E1', 'S1')_t3_min: 2032
	F19_('S1', 'E1')_t3_max: 1813
	F36_('E4', 'S4')_t5_min: 5682
	F20_('S4', 'S5')_t3_max: 15514
	F6_('S4', 'S3')_t3_max: 1102
	F4_('S2', 'E2')_tb: 31865
	F3_('E1', 'S1')_t4_max: 2136
	F26_('S2', 'S3')_t3_min: 7725
	('S4', 'S5')_gcl_length: 30
	F26_('S2', 'S3')_t5_max: 7771
	F5_('S4', 'E4')_t4_max: 63885
	F30_('E4', 'S4')_t5_min: 31392
	F8_('S5', 'S4')_t3_min: 27622
	F36_('S2', 'E2')_t5_max: 5759
	F39_('S4', 'S5')_t3_min: 7456
	F16_('E1', 'S1')_tb: 3840
	F2_('S4', 'S3')_t3_min: 51229
	F12_('S4', 'S3')_t5_max: 1179
	F2_('S2', 'E2')_tb: 51298
	F1_('E2', 'S2')_t4_max: 1
	F33_('E4', 'S4')_t3_min: 1108
	F25_('E5', 'S5')_tb: 3589
	F1_('S3', 'E3')_t3_min: 11
	F0_('E1', 'S1')_tb: 55309
	F36_('E4', 'S4')_t4_max: 5672
	F20_('S5', 'E5')_tb: 15526
	F37_('E5', 'S5')_t3_min: 7611
	F29_('E1', 'S1')_t4_min: 1729
	('E4', 'S4')_gcl_length: 0
	F25_('S5', 'S4')_t5_min: 3614
	F10_('E3', 'S3')_t4_min: 14124
	F11_('S3', 'E3')_t4_max: 21682
	F24_('S1', 'E1')_t4_max: 5731
	F29_('S2', 'E2')_t4_max: 1778
	F22_('E2', 'S2')_t4_min: 15496
	F12_('S3', 'E3')_tb: 1163
	F13_('S4', 'E4')_t4_max: 7837
	F28_('E4', 'S4')_t3_min: 1419
	F3_('S4', 'S5')_tb: 2180
	F21_('E1', 'S1')_tb: 31794
	F5_('S4', 'E4')_tb: 63849
	F37_('E5', 'S5')_tb: 7611
	F10_('E3', 'S3')_tb: 14124
	F1_('S2', 'S3')_t5_min: 9
	F19_('E4', 'S4')_t4_max: 1706
	F16_('S1', 'S2')_t5_min: 3866
	F15_('E2', 'S2')_t3_min: 18015
	F21_('S2', 'S3')_t5_max: 31867
	F21_('S1', 'S2')_t3_min: 31807
	F37_('S4', 'S3')_t5_min: 7621
	F16_('E1', 'S1')_t5_min: 3852
	F14_('E1', 'S1')_t4_max: 2032
	('E1', 'S1')_gcl_length: 0
	F3_('S5', 'E5')_t3_max: 2191
	F10_('S5', 'E5')_t5_max: 14185
	F8_('S4', 'E4')_t5_min: 27638
	F37_('S1', 'E1')_t3_min: 7631
	F24_('E3', 'S3')_t5_max: 5647
	F8_('S4', 'E4')_t5_max: 27674
	F6_('S1', 'E1')_t5_max: 1165
	F30_('S3', 'S2')_t5_max: 31446
	F18_('E4', 'S4')_t4_max: 7257
	F26_('S4', 'E4')_t3_min: 7790
	F6_('S2', 'S1')_tb: 1137
	F37_('S2', 'S1')_t5_min: 7629
	F27_('S2', 'E2')_t4_max: 3826
	F27_('E1', 'S1')_t4_max: 3762
	F25_('S5', 'S4')_t5_max: 3614
	F28_('E4', 'S4')_t5_min: 1427
	F15_('E2', 'S2')_t4_min: 18015
	F6_('S1', 'E1')_t3_min: 1143
	F3_('E1', 'S1')_t3_min: 2136
	F9_('S1', 'S2')_t3_min: 109782
	F11_('S4', 'S3')_tb: 21650
	F16_('E1', 'S1')_t4_max: 3840
	F24_('S1', 'E1')_t5_min: 5689
	F15_('S2', 'S3')_t5_min: 18039
	F31_('S1', 'S2')_t5_min: 3389
	F11_('S4', 'S3')_t5_max: 21662
	F7_('S2', 'E2')_t5_min: 1707
	F16_('S1', 'S2')_tb: 3854
	F6_('S5', 'S4')_t3_min: 1073
	F16_('S3', 'S4')_tb: 3905
	F18_('E4', 'S4')_t3_min: 7257
	F39_('S5', 'E5')_t3_min: 7492
	F30_('S3', 'S2')_t5_min: 31410
	F38_('E5', 'S5')_t4_max: 7278
	F6_('S1', 'E1')_t3_max: 1148
	F14_('E1', 'S1')_tb: 2032
	F13_('E5', 'S5')_tb: 7788
	F3_('E1', 'S1')_t4_min: 2136
	F10_('S3', 'S4')_t3_min: 14136
	F33_('S1', 'E1')_t3_min: 1184
	F2_('E4', 'S4')_t4_min: 51215
	F31_('S2', 'E2')_t4_max: 3409
	F38_('S2', 'E2')_t3_min: 7327
	F16_('S5', 'E5')_t5_min: 3945
	F26_('E1', 'S1')_tb: 7701
	F33_('S4', 'S3')_t3_min: 1120
	F9_('S2', 'E2')_t4_max: 109826
	F1_('S3', 'E3')_t5_min: 14
	F2_('S4', 'S3')_t5_min: 51241
	F10_('S4', 'S5')_t3_max: 14158
	F35_('E3', 'S3')_t4_max: 15557
	F23_('S4', 'E4')_t4_max: 103756
	F10_('S4', 'S5')_tb: 14158
	F8_('S5', 'S4')_t5_max: 27647
	F39_('S4', 'S5')_tb: 7479
	F31_('S2', 'E2')_t3_max: 3396
	F3_('S5', 'E5')_t5_min: 2195
	F5_('S4', 'E4')_t3_max: 63872
	F5_('E3', 'S3')_t3_min: 63837
	F12_('S3', 'E3')_t3_max: 1186
	F29_('E1', 'S1')_tb: 1729
	F4_('E3', 'S3')_t3_min: 31842
	F8_('S4', 'E4')_t3_max: 27654
	F26_('S4', 'E4')_t5_max: 7818
	F26_('S1', 'S2')_t5_min: 7723
	F5_('S4', 'E4')_t3_min: 63849
	F33_('S1', 'E1')_t3_max: 1189
	F2_('E4', 'S4')_t5_min: 51227
	F9_('S1', 'S2')_t5_max: 109806
	F30_('S4', 'S3')_t5_min: 31401
	F7_('S4', 'S3')_tb: 1668
	F9_('E1', 'S1')_tb: 109774
	F32_('S2', 'S3')_t5_max: 63501
	F4_('E3', 'S3')_t4_max: 31842
	F23_('S4', 'E4')_tb: 103720
	('E5', 'S5')_gcl_length: 0
	F39_('S2', 'S3')_t3_min: 7407
	F5_('S3', 'S4')_t3_min: 63843
	F33_('S3', 'S2')_t5_min: 1165
	F1_('S3', 'E3')_t4_max: 47
	F39_('S1', 'S2')_tb: 7394
	F13_('S5', 'S4')_t5_min: 7817
	F25_('S4', 'E4')_t5_min: 3630
	F28_('S4', 'S5')_t5_min: 1437
	('E3', 'S3')_gcl_length: 0
	F24_('S2', 'S1')_t5_min: 5675
	F21_('S1', 'S2')_t5_min: 31818
	F12_('S3', 'E3')_t5_max: 1211
	F21_('S1', 'S2')_t5_max: 31836
	F34_('S2', 'E2')_t5_min: 7272
	F22_('E2', 'S2')_t4_max: 15496
	F10_('S5', 'E5')_t3_max: 14175
	F2_('S3', 'S2')_t5_max: 51291
	F16_('S1', 'S2')_t5_max: 3884
	F11_('E4', 'S4')_t5_max: 21643
	F19_('S1', 'E1')_t3_min: 1754
	F1_('S3', 'E3')_tb: 11
	F31_('S2', 'E2')_t5_min: 3393
	F3_('S4', 'S5')_t5_min: 2184
	F16_('S4', 'S5')_t3_max: 3942
	F31_('S1', 'S2')_t3_min: 3382
	F23_('E3', 'S3')_t4_max: 103696
	F22_('S4', 'E4')_t3_min: 15514
	F34_('S3', 'S2')_t3_max: 7267
	F37_('E5', 'S5')_t4_min: 7611
	F16_('S2', 'S3')_t3_max: 3891
	F38_('S4', 'S3')_t5_min: 7314
	F23_('S4', 'E4')_t3_min: 103720
	F38_('S2', 'E2')_tb: 7327
	F11_('S3', 'E3')_t3_min: 21664
	F0_('S1', 'S2')_t3_min: 55318
	F25_('S4', 'E4')_t3_min: 3616
	F33_('S4', 'S3')_t5_min: 1130
	F24_('E3', 'S3')_t4_max: 5635
	F9_('E1', 'S1')_t5_min: 109780
	F21_('E1', 'S1')_t3_min: 31794
	F2_('S3', 'S2')_t3_max: 51266
	F7_('S3', 'S2')_tb: 1685
	F11_('S3', 'E3')_t5_max: 21694
	F13_('E5', 'S5')_t5_min: 7799
	F30_('S2', 'E2')_tb: 31453
	F7_('S2', 'E2')_tb: 1697
	F37_('S3', 'S2')_t3_min: 7623
	F14_('E1', 'S1')_t4_min: 2032
	F19_('S1', 'E1')_t4_max: 1826
	F11_('E4', 'S4')_tb: 21631
	F23_('E3', 'S3')_t5_min: 103706
	F26_('S2', 'S3')_tb: 7725
	F26_('S1', 'S2')_tb: 7713
	F31_('S2', 'E2')_t3_min: 3391
	F1_('S3', 'E3')_t5_max: 50
	F24_('E3', 'S3')_tb: 5635
	F1_('E2', 'S2')_t4_min: 1
	F18_('S3', 'E3')_tb: 7270
	F32_('S3', 'E3')_t3_min: 63485
	F14_('S3', 'S4')_tb: 2094
	F26_('E1', 'S1')_t4_max: 7701
	F3_('S1', 'S2')_tb: 2147
	F33_('S4', 'S3')_t5_max: 1148
	('S4', 'S3')_gcl_length: 138
	F23_('E3', 'S3')_t5_max: 103706
	F19_('S4', 'S3')_t5_max: 1746
	F5_('S4', 'E4')_t5_max: 63889
	F3_('S2', 'S3')_t5_max: 2162
	F10_('S3', 'S4')_tb: 14141
	F24_('S1', 'E1')_t3_min: 5677
	F20_('E3', 'S3')_t5_max: 15477
	F16_('S3', 'S4')_t3_max: 3910
	F14_('S5', 'E5')_t5_max: 2185
	F7_('S3', 'S2')_t3_max: 1685
	F6_('S4', 'S3')_t3_min: 1079
	F0_('S2', 'E2')_tb: 55350
	F29_('S2', 'E2')_tb: 1760
	F34_('E5', 'S5')_t4_min: 7194
	F0_('S1', 'S2')_t5_min: 55325
	F35_('S4', 'E4')_t3_min: 15573
	F3_('E1', 'S1')_t5_min: 2140
	F4_('S3', 'S2')_t5_min: 31863
	F0_('S2', 'E2')_t3_max: 55350
	F13_('S4', 'E4')_t3_max: 7824
	F12_('E4', 'S4')_t5_min: 1147
	F16_('S3', 'S4')_t5_max: 3935
	F37_('E5', 'S5')_t5_max: 7613
	F11_('S3', 'E3')_t5_min: 21676
	F17_('S4', 'S3')_tb: 3204
	F10_('S5', 'E5')_t3_min: 14170
	F2_('S3', 'S2')_t5_min: 51255
	F23_('S3', 'S4')_t5_min: 103718
	F34_('S4', 'S3')_t5_max: 7260
	F37_('S3', 'S2')_t5_min: 7625
	F0_('S2', 'E2')_t5_min: 55357
	F39_('S5', 'E5')_t3_max: 7497
	F3_('E1', 'S1')_tb: 2136
	F4_('E3', 'S3')_t4_min: 31842
	F18_('E4', 'S4')_tb: 7257
	F22_('S3', 'S4')_t5_max: 15548
	F15_('S3', 'S4')_t5_max: 18088
	F22_('S4', 'E4')_t5_max: 15572
	F2_('E4', 'S4')_t3_min: 51215
	F38_('S2', 'E2')_t5_min: 7336
	F21_('S3', 'E3')_t3_max: 31874
	F30_('S3', 'S2')_t3_min: 31403
	F38_('S5', 'S4')_tb: 7294
	F15_('S3', 'S4')_tb: 18041
	F27_('S2', 'E2')_t3_max: 3813
	F14_('S2', 'S3')_t3_min: 2058
	F35_('S3', 'S4')_t5_max: 15589
	F21_('E1', 'S1')_t5_max: 31805
	F22_('E2', 'S2')_tb: 15496
	F32_('S3', 'E3')_t5_max: 63522
	F25_('S5', 'S4')_t3_min: 3600
	F31_('E1', 'S1')_tb: 3378
	F18_('S3', 'E3')_t5_min: 7272
	F16_('S4', 'S5')_tb: 3919
	F39_('S5', 'E5')_t5_min: 7503
	F33_('S3', 'S2')_t5_max: 1165
	F10_('S5', 'E5')_t5_min: 14185
	F0_('E1', 'S1')_t5_max: 55316
	F6_('E5', 'S5')_t3_min: 1067
	F2_('E4', 'S4')_tb: 51215
	F5_('E3', 'S3')_t4_max: 63837
	F32_('S2', 'S3')_tb: 63482
	F2_('S4', 'S3')_tb: 51229
	F38_('S4', 'S3')_t5_max: 7332
	F19_('S1', 'E1')_tb: 1754
	F37_('S2', 'S1')_t5_max: 7701
	F15_('S3', 'S4')_t3_max: 18064
	F27_('E1', 'S1')_t4_min: 3762
	F14_('S3', 'S4')_t3_max: 2099
	F6_('S3', 'S2')_t5_min: 1130
	F3_('S2', 'S3')_t5_min: 2162
	F1_('S2', 'S3')_t3_min: 6
	F21_('S3', 'E3')_t5_min: 31844
	F31_('E1', 'S1')_t3_min: 3378
	F27_('E1', 'S1')_t5_max: 3774
	F13_('S5', 'S4')_tb: 7806
	F39_('S2', 'S3')_t5_min: 7441
	F37_('E5', 'S5')_t5_min: 7613
	F15_('S4', 'E4')_t3_min: 18054
	F36_('S3', 'S2')_tb: 5719
	F38_('E5', 'S5')_t5_min: 7287
	F9_('S2', 'E2')_tb: 109790
	F30_('S2', 'E2')_t5_min: 31460
	F38_('S4', 'S3')_t3_min: 7305
	F14_('S5', 'E5')_t5_min: 2131
	F9_('E1', 'S1')_t4_min: 109774
	F24_('S2', 'S1')_t3_max: 5686
	F13_('E5', 'S5')_t3_min: 7788
	F18_('S3', 'E3')_t4_max: 7288
	F8_('E5', 'S5')_t3_min: 27613
	F14_('S2', 'S3')_tb: 2081
	F39_('E1', 'S1')_t4_max: 7381
	F6_('S3', 'S2')_t3_max: 1126
	F34_('S3', 'S2')_t5_max: 7293
	F20_('E3', 'S3')_t4_min: 15467
	F0_('S1', 'S2')_tb: 55318
	F7_('S4', 'S3')_t5_max: 1678
	F37_('S1', 'E1')_t5_max: 7723
	F26_('E1', 'S1')_t4_min: 7701
	F13_('S4', 'E4')_t5_max: 7848
	F30_('S3', 'S2')_t3_max: 31426
	F16_('S3', 'S4')_t5_min: 3917
	F33_('E4', 'S4')_t4_min: 1108
	F6_('S3', 'S2')_t3_min: 1085
	F5_('S3', 'S4')_tb: 63843
	F20_('S4', 'S5')_t5_max: 15524
	F36_('S2', 'E2')_t4_max: 5749
	F38_('S2', 'E2')_t4_max: 7381
	F25_('E5', 'S5')_t3_min: 3589
	F36_('S4', 'S3')_t5_max: 5712
	F34_('S5', 'S4')_t5_max: 7227
	F39_('S5', 'E5')_tb: 7492
	F21_('S2', 'S3')_t3_max: 31843
	F28_('S5', 'E5')_t3_min: 1439
	F4_('S2', 'E2')_t3_min: 31865
	F13_('S4', 'E4')_tb: 7819
	F37_('S1', 'E1')_tb: 7631
	F39_('S2', 'S3')_tb: 7430
	F14_('S5', 'E5')_tb: 2120
	F20_('S5', 'E5')_t3_max: 15531
	F15_('S2', 'S3')_tb: 18028
	F20_('S5', 'E5')_t5_min: 15536
	F33_('S3', 'S2')_t3_max: 1155
	F21_('S2', 'S3')_tb: 31820
	F28_('E4', 'S4')_t5_max: 1427
	F19_('E4', 'S4')_t4_min: 1706
	F6_('S3', 'S2')_t5_max: 1130
	F5_('E3', 'S3')_t5_max: 63841
	F14_('S1', 'S2')_tb: 2045
	F30_('S4', 'S3')_t3_min: 31394
	F39_('S3', 'S4')_t5_max: 7472
	F21_('E1', 'S1')_t4_max: 31794
	F19_('S3', 'S2')_t3_max: 1753
	F32_('E2', 'S2')_tb: 63479
	F37_('S1', 'E1')_t5_min: 7633
	F14_('S2', 'S3')_t5_min: 2092
	F6_('S2', 'S1')_t5_min: 1141
	F39_('S1', 'S2')_t5_max: 7423
	F7_('E4', 'S4')_t4_max: 1651
	F17_('S3', 'E3')_t4_max: 3248
	F34_('S3', 'S2')_tb: 7244
	F27_('S1', 'S2')_t5_min: 3788
	F14_('S5', 'E5')_t4_max: 2174
	F6_('E5', 'S5')_t4_min: 1067
	F7_('S3', 'S2')_t3_min: 1680
	F16_('E1', 'S1')_t5_max: 3852
	F7_('S2', 'E2')_t4_max: 1715
	F33_('S4', 'S3')_tb: 1120
	F38_('S4', 'S3')_tb: 7305
	F15_('S2', 'S3')_t5_max: 18057
	F5_('E3', 'S3')_tb: 63837
	F34_('S3', 'S2')_t5_min: 7257
	F37_('S3', 'S2')_tb: 7623
	F26_('S2', 'S3')_t3_max: 7748
	F14_('S3', 'S4')_t5_min: 2105
	F24_('S2', 'S1')_tb: 5663
	F19_('S2', 'S1')_tb: 1742
	F26_('S3', 'S4')_t3_min: 7737
	F37_('S4', 'S3')_t3_max: 7642
	F7_('S3', 'S2')_t5_min: 1695
	F4_('S3', 'S2')_t3_min: 31851
	F6_('S5', 'S4')_tb: 1073
	F22_('S3', 'S4')_t5_min: 15512
	F36_('S2', 'E2')_t3_min: 5731
	F20_('E3', 'S3')_tb: 15467
	F9_('S1', 'S2')_tb: 109782
	F3_('S1', 'S2')_t5_max: 2151
	F39_('E1', 'S1')_t3_min: 7381
	F2_('S4', 'S3')_t5_max: 51259
	F28_('S5', 'E5')_tb: 1439
	F36_('E4', 'S4')_t4_min: 5672
	F14_('S1', 'S2')_t5_min: 2056
	F4_('S2', 'E2')_t5_min: 31872
	F37_('S1', 'E1')_t3_max: 7708
	F9_('E1', 'S1')_t4_max: 109774
	F34_('S2', 'E2')_t3_min: 7259
	F19_('S4', 'S3')_t5_min: 1728
	F6_('S4', 'S3')_tb: 1079
	F7_('S3', 'S2')_t5_max: 1695
	F35_('E3', 'S3')_tb: 15557
	F7_('S2', 'E2')_t3_min: 1697
	F34_('S2', 'E2')_t3_max: 7300
	F32_('S3', 'E3')_t5_min: 63486
	F39_('S4', 'S5')_t5_max: 7490
	F37_('S2', 'S1')_t3_max: 7686
	F1_('E2', 'S2')_t5_max: 4
	F27_('S2', 'E2')_tb: 3790
	('S2', 'S1')_gcl_length: 10
	F19_('E4', 'S4')_tb: 1706
	F11_('S4', 'S3')_t5_min: 21662
	F6_('E5', 'S5')_t4_max: 1067
	F15_('S4', 'E4')_tb: 18054
	F9_('S2', 'E2')_t5_max: 109832
	F31_('S1', 'S2')_t5_max: 3389
	F22_('E2', 'S2')_t5_max: 15500
	F12_('S3', 'E3')_t5_min: 1175
	F8_('E5', 'S5')_t5_max: 27620
	F17_('S4', 'S3')_t5_min: 3210
	F16_('S5', 'E5')_t3_max: 3974
	F37_('S5', 'S4')_t5_max: 7635
	F34_('S4', 'S3')_t5_min: 7242
	F28_('S4', 'S5')_t3_min: 1429
	F24_('E3', 'S3')_t5_min: 5647
	F26_('S4', 'E4')_t5_min: 7800
	F24_('S2', 'S1')_t3_min: 5663
	F20_('E3', 'S3')_t4_max: 15467
	F14_('S2', 'S3')_t5_max: 2092
	F30_('S2', 'E2')_t3_max: 31453
	F3_('S3', 'S4')_t3_min: 2164
	F36_('S2', 'E2')_tb: 5731
	F13_('E5', 'S5')_t4_min: 7788
	F19_('S4', 'S3')_tb: 1718
	F10_('S3', 'S4')_t5_max: 14151
	F26_('S4', 'E4')_t4_max: 7808
	F24_('S1', 'E1')_t3_max: 5718
	F33_('S1', 'E1')_t5_min: 1199
	F30_('E4', 'S4')_t4_min: 31385
	F21_('S1', 'S2')_tb: 31807
	F25_('E5', 'S5')_t4_max: 3589
	F21_('S3', 'E3')_t4_max: 31887
	F21_('S2', 'S3')_t5_min: 31831
	F18_('S4', 'S3')_t5_min: 7268
	F39_('S5', 'E5')_t5_max: 7521
	F24_('S1', 'E1')_tb: 5677
	F31_('E1', 'S1')_t4_min: 3378
	F27_('S2', 'E2')_t5_max: 3838
	F4_('S3', 'S2')_tb: 31856
	F2_('S2', 'E2')_t5_min: 51310
	F15_('S3', 'S4')_t3_min: 18041
	F19_('S1', 'E1')_t5_max: 1836
	F13_('S4', 'E4')_t5_min: 7830
	F39_('S4', 'S5')_t3_max: 7479
	F23_('E3', 'S3')_t4_min: 103696
	F16_('S5', 'E5')_t4_max: 3987
	F39_('S1', 'S2')_t5_min: 7405
	F15_('S4', 'E4')_t5_min: 18065
	F24_('S3', 'S2')_t5_max: 5679
	F19_('S1', 'E1')_t5_min: 1764
	F26_('S3', 'S4')_t5_max: 7788
	F22_('S4', 'E4')_tb: 15514
	F0_('E1', 'S1')_t4_max: 55309
	F38_('E5', 'S5')_t4_min: 7278
	F21_('E1', 'S1')_t5_min: 31805
	F34_('S2', 'E2')_tb: 7259
	F33_('S3', 'S2')_tb: 1155
	F10_('E3', 'S3')_t4_max: 14124
	F14_('S4', 'S5')_t3_min: 2107
	F20_('S4', 'S5')_t3_min: 15491
	F19_('S3', 'S2')_t5_max: 1776
	F34_('S4', 'S3')_t3_max: 7234
	('S2', 'E2')_gcl_length: 8
	F6_('S1', 'E1')_t4_max: 1161
	F28_('S4', 'S5')_t5_max: 1455
	F35_('S3', 'S4')_t5_min: 15571
	F34_('S4', 'S3')_tb: 7229
	F26_('S3', 'S4')_t5_min: 7788
	F30_('E4', 'S4')_t5_max: 31392
	F23_('E3', 'S3')_t3_min: 103696
	F14_('E1', 'S1')_t5_min: 2043
	F33_('E4', 'S4')_t4_max: 1108
	F3_('S3', 'S4')_t5_min: 2173
	F5_('S3', 'S4')_t5_min: 63847
	F6_('S1', 'E1')_t5_min: 1147
	F33_('E4', 'S4')_t5_max: 1118
	F24_('S1', 'E1')_t5_max: 5743
	F38_('S2', 'E2')_t3_max: 7368
	F5_('E3', 'S3')_t4_min: 63837
	F27_('E1', 'S1')_tb: 3762
	F32_('S2', 'S3')_t5_min: 63483
	F26_('E1', 'S1')_t5_min: 7711
	F2_('S2', 'E2')_t5_max: 51310
	F22_('S2', 'S3')_t3_min: 15502
	F39_('S2', 'S3')_t5_max: 7441
	F39_('E1', 'S1')_tb: 7381
	F6_('S3', 'S2')_tb: 1126
	F13_('S4', 'E4')_t3_min: 7819
	F33_('S3', 'S2')_t3_min: 1132
	F29_('S2', 'E2')_t5_max: 1789
	F20_('S5', 'E5')_t5_max: 15554
	F0_('E1', 'S1')_t3_min: 55309
	F34_('S5', 'S4')_tb: 7214
	F0_('S1', 'S2')_t5_max: 55343
	F18_('S3', 'E3')_t5_max: 7290
	F7_('S4', 'S3')_t3_min: 1663
	F17_('E4', 'S4')_t4_max: 3196
	F0_('E1', 'S1')_t4_min: 55309
	F4_('S3', 'S2')_t5_max: 31863
	F37_('S3', 'S2')_t5_max: 7679
	F10_('E3', 'S3')_t5_max: 14134
	F34_('E5', 'S5')_t4_max: 7194
	F1_('E2', 'S2')_t3_min: 1
	F25_('E5', 'S5')_t4_min: 3589
	F38_('E5', 'S5')_t5_max: 7287
	F38_('S3', 'S2')_t5_max: 7361
	F19_('S4', 'S3')_t3_min: 1718
	F5_('S4', 'E4')_t5_min: 63853
	F37_('S5', 'S4')_t3_min: 7615
	F31_('E1', 'S1')_t4_max: 3378
	F37_('E5', 'S5')_t4_max: 7611
	F8_('E5', 'S5')_t5_min: 27620
	F15_('S3', 'S4')_t5_min: 18052
	F7_('E4', 'S4')_t5_min: 1661
	F21_('S3', 'E3')_t5_max: 31898
	F8_('S4', 'E4')_t4_max: 27667
	F36_('S3', 'S2')_t3_max: 5719
	F19_('S3', 'S2')_t5_min: 1740
	F33_('S2', 'S1')_tb: 1172
	F30_('S4', 'S3')_tb: 31394
	F31_('E1', 'S1')_t5_max: 3380
	F26_('S2', 'S3')_t5_min: 7735
	F2_('E4', 'S4')_t4_max: 51215
	F19_('S3', 'S2')_t3_min: 1730
	F32_('E2', 'S2')_t5_max: 63480
	F38_('S3', 'S2')_tb: 7316
	F37_('S2', 'S1')_tb: 7627
	F11_('S4', 'S3')_t3_min: 21645
	F4_('E3', 'S3')_t5_min: 31849
	F17_('E4', 'S4')_tb: 3196
	F22_('S4', 'E4')_t5_min: 15518
	F33_('S1', 'E1')_tb: 1189
	F20_('S4', 'S5')_t5_min: 15524
	F9_('S2', 'E2')_t5_min: 109796
	F14_('S1', 'S2')_t5_max: 2074
	F16_('S5', 'E5')_t3_min: 3933
	F35_('S4', 'E4')_t3_max: 15596
	F34_('E5', 'S5')_t3_min: 7194
	F18_('E4', 'S4')_t5_max: 7259
	F39_('E1', 'S1')_t5_min: 7392
	F23_('S3', 'S4')_t3_min: 103708
	F26_('S1', 'S2')_t3_min: 7713
	F37_('S2', 'S1')_t3_min: 7627
	F35_('S4', 'E4')_t5_max: 15615
	F30_('S4', 'S3')_t5_max: 31419
	F35_('S3', 'S4')_t3_min: 15565
	F32_('E2', 'S2')_t4_max: 63479
	F26_('S1', 'S2')_t5_max: 7741
	F15_('S2', 'S3')_t3_min: 18028
	F16_('S2', 'S3')_tb: 3891
	F22_('S4', 'E4')_t3_max: 15555
	F18_('E4', 'S4')_t4_min: 7257
	('S4', 'E4')_gcl_length: 2
	F9_('S2', 'E2')_t3_max: 109813
	F15_('S4', 'E4')_t3_max: 18095
	('S3', 'S2')_gcl_length: 82
	F34_('S4', 'S3')_t3_min: 7229
	F6_('E5', 'S5')_t5_max: 1071
	F39_('S3', 'S4')_t3_min: 7443
	F38_('S5', 'S4')_t5_max: 7303
	F16_('E1', 'S1')_t3_min: 3840
	F0_('S2', 'E2')_t4_max: 55350
	F7_('S4', 'S3')_t5_min: 1678
	F28_('E4', 'S4')_tb: 1419
	F17_('S3', 'E3')_t5_max: 3254
	F33_('S1', 'E1')_t5_max: 1199
