0. Flow F0 [E2-->E3] with period 8000, payload 905B, e2e delay 8000us, jitter 800us
	('E2', 'S2'), Operation(6533, None, 6541)(6533, 6533)
	('S2', 'S3'), Operation(6543, 6548, 6556)(6548, 6548)
	('S3', 'E3'), Operation(6558, None, 6584)(6558, 6576)
1. Flow F1 [E4-->E1] with period 2000, payload 944B, e2e delay 2000us, jitter 200us
	('E4', 'S4'), Operation(132, None, 140)(132, 132)
	('S4', 'S3'), Operation(142, None, 168)(142, 160)
	('S3', 'S2'), Operation(152, 175, 183)(175, 175)
	('S2', 'S1'), Operation(185, 190, 198)(190, 190)
	('S1', 'E1'), Operation(200, 205, 213)(205, 205)
2. Flow F2 [E4-->E3] with period 2000, payload 461B, e2e delay 2000us, jitter 200us
	('E4', 'S4'), Operation(1, None, 5)(1, 1)
	('S4', 'S3'), Operation(7, None, 29)(7, 25)
	('S3', 'E3'), Operation(13, 36, 40)(36, 36)
3. Flow F3 [E2-->E3] with period 4000, payload 995B, e2e delay 4000us, jitter 400us
	('E2', 'S2'), Operation(2091, None, 2099)(2091, 2091)
	('S2', 'S3'), Operation(2101, 2106, 2114)(2106, 2106)
	('S3', 'E3'), Operation(2116, None, 2142)(2116, 2134)
4. Flow F4 [E1-->E2] with period 16000, payload 1209B, e2e delay 16000us, jitter 1600us
	('E1', 'S1'), Operation(4037, None, 4047)(4037, 4037)
	('S1', 'S2'), Operation(4049, 4054, 4064)(4054, 4054)
	('S2', 'E2'), Operation(4066, None, 4094)(4066, 4084)
5. Flow F5 [E3-->E2] with period 128000, payload 1411B, e2e delay 128000us, jitter 12800us
	('E3', 'S3'), Operation(58107, None, 58119)(58107, 58107)
	('S3', 'S2'), Operation(58121, None, 58151)(58121, 58139)
	('S2', 'E2'), Operation(58135, None, 58183)(58135, 58171)
6. Flow F6 [E1-->E5] with period 2000, payload 1504B, e2e delay 2000us, jitter 200us
	('E1', 'S1'), Operation(1754, None, 1767)(1754, 1754)
	('S1', 'S2'), Operation(1769, None, 1800)(1769, 1787)
	('S2', 'S3'), Operation(1784, 1807, 1820)(1807, 1807)
	('S3', 'S4'), Operation(1822, 1827, 1840)(1827, 1827)
	('S4', 'S5'), Operation(1842, 1847, 1860)(1847, 1847)
	('S5', 'E5'), Operation(1862, 1867, 1880)(1867, 1867)
7. Flow F7 [E1-->E2] with period 32000, payload 1315B, e2e delay 32000us, jitter 3200us
	('E1', 'S1'), Operation(31788, None, 31799)(31788, 31788)
	('S1', 'S2'), Operation(31801, None, 31830)(31801, 31819)
	('S2', 'E2'), Operation(31814, 31837, 31848)(31837, 31837)
8. Flow F8 [E5-->E4] with period 4000, payload 1235B, e2e delay 4000us, jitter 400us
	('E5', 'S5'), Operation(3880, None, 3890)(3880, 3880)
	('S5', 'S4'), Operation(3892, 3897, 3907)(3897, 3897)
	('S4', 'E4'), Operation(3909, None, 3937)(3909, 3927)
9. Flow F9 [E1-->E5] with period 16000, payload 957B, e2e delay 16000us, jitter 1600us
	('E1', 'S1'), Operation(13726, None, 13734)(13726, 13726)
	('S1', 'S2'), Operation(13736, None, 13762)(13736, 13754)
	('S2', 'S3'), Operation(13746, 13769, 13777)(13769, 13769)
	('S3', 'S4'), Operation(13779, None, 13805)(13779, 13797)
	('S4', 'S5'), Operation(13789, None, 13833)(13789, 13825)
	('S5', 'E5'), Operation(13799, None, 13861)(13799, 13853)
10. Flow F10 [E5-->E3] with period 16000, payload 773B, e2e delay 16000us, jitter 1600us
	('E5', 'S5'), Operation(3857, None, 3864)(3857, 3857)
	('S5', 'S4'), Operation(3866, None, 3891)(3866, 3884)
	('S4', 'S3'), Operation(3875, 3898, 3905)(3898, 3898)
	('S3', 'E3'), Operation(3907, None, 3932)(3907, 3925)
11. Flow F11 [E5-->E4] with period 16000, payload 136B, e2e delay 16000us, jitter 1600us
	('E5', 'S5'), Operation(6631, None, 6633)(6631, 6631)
	('S5', 'S4'), Operation(6635, 6640, 6642)(6640, 6640)
	('S4', 'E4'), Operation(6644, 6649, 6651)(6649, 6649)
12. Flow F12 [E1-->E4] with period 4000, payload 219B, e2e delay 4000us, jitter 400us
	('E1', 'S1'), Operation(3922, None, 3924)(3922, 3922)
	('S1', 'S2'), Operation(3926, None, 3946)(3926, 3944)
	('S2', 'S3'), Operation(3930, None, 3968)(3930, 3966)
	('S3', 'S4'), Operation(3934, None, 3990)(3934, 3988)
	('S4', 'E4'), Operation(3938, 3997, 3999)(3997, 3997)
13. Flow F13 [E3-->E5] with period 4000, payload 243B, e2e delay 4000us, jitter 400us
	('E3', 'S3'), Operation(2482, None, 2484)(2482, 2482)
	('S3', 'S4'), Operation(2486, None, 2506)(2486, 2504)
	('S4', 'S5'), Operation(2490, 2513, 2515)(2513, 2513)
	('S5', 'E5'), Operation(2517, None, 2537)(2517, 2535)
14. Flow F14 [E5-->E3] with period 16000, payload 1474B, e2e delay 16000us, jitter 1600us
	('E5', 'S5'), Operation(6078, None, 6090)(6078, 6078)
	('S5', 'S4'), Operation(6092, None, 6122)(6092, 6110)
	('S4', 'S3'), Operation(6106, 6129, 6141)(6129, 6129)
	('S3', 'E3'), Operation(6143, None, 6173)(6143, 6161)
15. Flow F15 [E2-->E5] with period 16000, payload 127B, e2e delay 16000us, jitter 1600us
	('E2', 'S2'), Operation(2560, None, 2562)(2560, 2560)
	('S2', 'S3'), Operation(2564, None, 2584)(2564, 2582)
	('S3', 'S4'), Operation(2568, 2591, 2593)(2591, 2591)
	('S4', 'S5'), Operation(2595, 2600, 2602)(2600, 2600)
	('S5', 'E5'), Operation(2604, None, 2624)(2604, 2622)
16. Flow F16 [E4-->E2] with period 128000, payload 260B, e2e delay 128000us, jitter 12800us
	('E4', 'S4'), Operation(124128, None, 124131)(124128, 124128)
	('S4', 'S3'), Operation(124133, 124138, 124141)(124138, 124138)
	('S3', 'S2'), Operation(124143, 124148, 124151)(124148, 124148)
	('S2', 'E2'), Operation(124153, None, 124174)(124153, 124171)
17. Flow F17 [E4-->E1] with period 2000, payload 546B, e2e delay 2000us, jitter 200us
	('E4', 'S4'), Operation(173, None, 178)(173, 173)
	('S4', 'S3'), Operation(180, 185, 190)(185, 185)
	('S3', 'S2'), Operation(192, None, 215)(192, 210)
	('S2', 'S1'), Operation(199, 222, 227)(222, 222)
	('S1', 'E1'), Operation(229, None, 252)(229, 247)
18. Flow F18 [E4-->E5] with period 32000, payload 445B, e2e delay 32000us, jitter 3200us
	('E4', 'S4'), Operation(30590, None, 30594)(30590, 30590)
	('S4', 'S5'), Operation(30596, None, 30618)(30596, 30614)
	('S5', 'E5'), Operation(30602, None, 30642)(30602, 30638)
19. Flow F19 [E5-->E4] with period 32000, payload 904B, e2e delay 32000us, jitter 3200us
	('E5', 'S5'), Operation(30573, None, 30581)(30573, 30573)
	('S5', 'S4'), Operation(30583, None, 30609)(30583, 30601)
	('S4', 'E4'), Operation(30593, None, 30637)(30593, 30629)
20. Flow F20 [E5-->E1] with period 2000, payload 78B, e2e delay 2000us, jitter 200us
	('E5', 'S5'), Operation(670, None, 671)(670, 670)
	('S5', 'S4'), Operation(673, None, 692)(673, 691)
	('S4', 'S3'), Operation(676, None, 713)(676, 712)
	('S3', 'S2'), Operation(679, None, 734)(679, 733)
	('S2', 'S1'), Operation(682, 741, 742)(741, 741)
	('S1', 'E1'), Operation(744, 749, 750)(749, 749)
21. Flow F21 [E3-->E4] with period 64000, payload 538B, e2e delay 64000us, jitter 6400us
	('E3', 'S3'), Operation(38368, None, 38373)(38368, 38368)
	('S3', 'S4'), Operation(38375, 38380, 38385)(38380, 38380)
	('S4', 'E4'), Operation(38387, None, 38410)(38387, 38405)
22. Flow F22 [E5-->E2] with period 4000, payload 753B, e2e delay 4000us, jitter 400us
	('E5', 'S5'), Operation(3813, None, 3820)(3813, 3813)
	('S5', 'S4'), Operation(3822, None, 3847)(3822, 3840)
	('S4', 'S3'), Operation(3831, None, 3874)(3831, 3867)
	('S3', 'S2'), Operation(3840, None, 3901)(3840, 3894)
	('S2', 'E2'), Operation(3849, None, 3928)(3849, 3921)
23. Flow F23 [E3-->E5] with period 32000, payload 198B, e2e delay 32000us, jitter 3200us
	('E3', 'S3'), Operation(30626, None, 30628)(30626, 30626)
	('S3', 'S4'), Operation(30630, 30635, 30637)(30635, 30635)
	('S4', 'S5'), Operation(30639, None, 30659)(30639, 30657)
	('S5', 'E5'), Operation(30643, None, 30681)(30643, 30679)
24. Flow F24 [E5-->E4] with period 4000, payload 1013B, e2e delay 4000us, jitter 400us
	('E5', 'S5'), Operation(2634, None, 2643)(2634, 2634)
	('S5', 'S4'), Operation(2645, None, 2672)(2645, 2663)
	('S4', 'E4'), Operation(2656, None, 2701)(2656, 2692)
25. Flow F25 [E3-->E1] with period 64000, payload 1237B, e2e delay 64000us, jitter 6400us
	('E3', 'S3'), Operation(50320, None, 50330)(50320, 50320)
	('S3', 'S2'), Operation(50332, None, 50360)(50332, 50350)
	('S2', 'S1'), Operation(50344, 50367, 50377)(50367, 50367)
	('S1', 'E1'), Operation(50379, 50384, 50394)(50384, 50384)
26. Flow F26 [E5-->E2] with period 8000, payload 1417B, e2e delay 8000us, jitter 800us
	('E5', 'S5'), Operation(6596, None, 6608)(6596, 6596)
	('S5', 'S4'), Operation(6610, 6615, 6627)(6615, 6615)
	('S4', 'S3'), Operation(6629, 6634, 6646)(6634, 6634)
	('S3', 'S2'), Operation(6648, None, 6678)(6648, 6666)
	('S2', 'E2'), Operation(6662, None, 6710)(6662, 6698)
27. Flow F27 [E3-->E2] with period 64000, payload 669B, e2e delay 64000us, jitter 6400us
	('E3', 'S3'), Operation(62727, None, 62733)(62727, 62727)
	('S3', 'S2'), Operation(62735, None, 62759)(62735, 62753)
	('S2', 'E2'), Operation(62743, None, 62785)(62743, 62779)
28. Flow F28 [E2-->E1] with period 16000, payload 1120B, e2e delay 16000us, jitter 1600us
	('E2', 'S2'), Operation(14391, None, 14400)(14391, 14391)
	('S2', 'S1'), Operation(14402, None, 14429)(14402, 14420)
	('S1', 'E1'), Operation(14413, None, 14458)(14413, 14449)
29. Flow F29 [E1-->E5] with period 2000, payload 384B, e2e delay 2000us, jitter 200us
	('E1', 'S1'), Operation(20, None, 24)(20, 20)
	('S1', 'S2'), Operation(26, None, 48)(26, 44)
	('S2', 'S3'), Operation(32, 55, 59)(55, 55)
	('S3', 'S4'), Operation(61, None, 83)(61, 79)
	('S4', 'S5'), Operation(67, None, 107)(67, 103)
	('S5', 'E5'), Operation(73, None, 131)(73, 127)
30. Flow F30 [E2-->E4] with period 128000, payload 972B, e2e delay 128000us, jitter 12800us
	('E2', 'S2'), Operation(118064, None, 118072)(118064, 118064)
	('S2', 'S3'), Operation(118074, None, 118100)(118074, 118092)
	('S3', 'S4'), Operation(118084, None, 118128)(118084, 118120)
	('S4', 'E4'), Operation(118094, None, 118156)(118094, 118148)
31. Flow F31 [E5-->E2] with period 4000, payload 409B, e2e delay 4000us, jitter 400us
	('E5', 'S5'), Operation(2255, None, 2259)(2255, 2255)
	('S5', 'S4'), Operation(2261, None, 2283)(2261, 2279)
	('S4', 'S3'), Operation(2267, None, 2307)(2267, 2303)
	('S3', 'S2'), Operation(2273, None, 2331)(2273, 2327)
	('S2', 'E2'), Operation(2279, None, 2355)(2279, 2351)
32. Flow F32 [E4-->E5] with period 128000, payload 1502B, e2e delay 128000us, jitter 12800us
	('E4', 'S4'), Operation(126006, None, 126019)(126006, 126006)
	('S4', 'S5'), Operation(126021, 126026, 126039)(126026, 126026)
	('S5', 'E5'), Operation(126041, None, 126072)(126041, 126059)
33. Flow F33 [E1-->E4] with period 4000, payload 501B, e2e delay 4000us, jitter 400us
	('E1', 'S1'), Operation(2513, None, 2518)(2513, 2513)
	('S1', 'S2'), Operation(2520, 2525, 2530)(2525, 2525)
	('S2', 'S3'), Operation(2532, 2537, 2542)(2537, 2537)
	('S3', 'S4'), Operation(2544, None, 2567)(2544, 2562)
	('S4', 'E4'), Operation(2551, None, 2592)(2551, 2587)
34. Flow F34 [E4-->E1] with period 8000, payload 315B, e2e delay 8000us, jitter 800us
	('E4', 'S4'), Operation(6079, None, 6082)(6079, 6079)
	('S4', 'S3'), Operation(6084, None, 6105)(6084, 6102)
	('S3', 'S2'), Operation(6089, None, 6128)(6089, 6125)
	('S2', 'S1'), Operation(6094, None, 6151)(6094, 6148)
	('S1', 'E1'), Operation(6099, None, 6174)(6099, 6171)
35. Flow F35 [E2-->E4] with period 4000, payload 571B, e2e delay 4000us, jitter 400us
	('E2', 'S2'), Operation(2385, None, 2390)(2385, 2385)
	('S2', 'S3'), Operation(2392, 2397, 2402)(2397, 2397)
	('S3', 'S4'), Operation(2404, None, 2427)(2404, 2422)
	('S4', 'E4'), Operation(2411, None, 2452)(2411, 2447)
36. Flow F36 [E5-->E2] with period 16000, payload 304B, e2e delay 16000us, jitter 1600us
	('E5', 'S5'), Operation(14196, None, 14199)(14196, 14196)
	('S5', 'S4'), Operation(14201, 14206, 14209)(14206, 14206)
	('S4', 'S3'), Operation(14211, None, 14232)(14211, 14229)
	('S3', 'S2'), Operation(14216, None, 14255)(14216, 14252)
	('S2', 'E2'), Operation(14221, None, 14278)(14221, 14275)
37. Flow F37 [E3-->E5] with period 32000, payload 1027B, e2e delay 32000us, jitter 3200us
	('E3', 'S3'), Operation(30505, None, 30514)(30505, 30505)
	('S3', 'S4'), Operation(30516, None, 30543)(30516, 30534)
	('S4', 'S5'), Operation(30527, None, 30572)(30527, 30563)
	('S5', 'E5'), Operation(30538, None, 30601)(30538, 30592)
38. Flow F38 [E3-->E5] with period 64000, payload 1137B, e2e delay 64000us, jitter 6400us
	('E3', 'S3'), Operation(18416, None, 18426)(18416, 18416)
	('S3', 'S4'), Operation(18428, None, 18456)(18428, 18446)
	('S4', 'S5'), Operation(18440, None, 18486)(18440, 18476)
	('S5', 'E5'), Operation(18452, None, 18516)(18452, 18506)
39. Flow F39 [E2-->E1] with period 4000, payload 180B, e2e delay 4000us, jitter 400us
	('E2', 'S2'), Operation(2382, None, 2384)(2382, 2382)
	('S2', 'S1'), Operation(2386, 2391, 2393)(2391, 2391)
	('S1', 'E1'), Operation(2395, 2400, 2402)(2400, 2400)

SMT variables: 
	F26_('S5', 'S4')_gc: True
	F14_('S3', 'E3')_rr: 0
	F1_('E4', 'S4')_t3_max: 119
	F6_('S1', 'S2')_gc: False
	F11_('S5', 'S4')_t4_min: 6640
	F32_jitter: 18
	F20_('S2', 'S1')_t4_min: 741
	F15_('S5', 'E5')_rr: 0
	F27_('S3', 'S2')_gc: False
	('S4', 'S3')_gcl_cycle: 128000
	F7_queue_index: 0
	F12_('E1', 'S1')_rr: 0
	F3_('S3', 'E3')_gc: False
	F17_('S2', 'S1')_t4_min: 222
	F18_('E4', 'S4')_t5_min: 30594
	F12_('S1', 'S2')_rr: 0
	F9_('S4', 'S5')_gc: False
	F22_('E5', 'S5')_t5_min: 3820
	F16_('E4', 'S4')_gc: False
	F9_('S2', 'S3')_t4_min: 13769
	F28_('S2', 'S1')_t4_min: 14402
	F22_('S5', 'S4')_tb: 3822
	F38_('S4', 'S5')_t4_min: 18440
	F22_queue_index: 0
	F16_('S2', 'E2')_t3_max: 124158
	F34_('S2', 'S1')_t4_min: 6094
	F26_('S4', 'S3')_t4_max: 6634
	F1_('S3', 'S2')_t3_min: 152
	F0_('S2', 'S3')_rr: 2
	F2_('E4', 'S4')_rr: 0
	F19_('E5', 'S5')_t3_max: 30560
	F17_('S2', 'S1')_t5_min: 227
	F36_('E5', 'S5')_gc: False
	F19_('S4', 'E4')_gc: False
	F25_('S2', 'S1')_t4_max: 50367
	F24_('E5', 'S5')_t3_max: 2621
	F39_('S2', 'S1')_rr: 16
	F1_('S2', 'S1')_t4_max: 190
	F5_('E3', 'S3')_gc: False
	F9_('S5', 'E5')_rr: 0
	F29_('S4', 'S5')_t4_max: 103
	F11_('S4', 'E4')_rr: 1
	F21_('E3', 'S3')_t3_max: 38355
	F21_('E3', 'S3')_tb: 38368
	F8_('S4', 'E4')_t4_min: 3909
	F0_('E2', 'S2')_rr: 0
	F9_('S1', 'S2')_t4_min: 13736
	F26_('S2', 'E2')_t5_max: 6710
	F12_('S3', 'S4')_gc: False
	F11_('S5', 'S4')_t4_max: 6640
	F13_jitter: 18
	F13_('E3', 'S3')_gc: False
	F1_jitter: 0
	F12_('S3', 'S4')_t4_min: 3934
	F13_('S3', 'S4')_t4_min: 2486
	F20_('S4', 'S3')_t5_max: 713
	F34_('S1', 'E1')_rr: 0
	F15_jitter: 18
	F26_('S2', 'E2')_t4_min: 6662
	F36_('S3', 'S2')_gc: False
	F36_('S5', 'S4')_t4_min: 14206
	F6_queue_index: 0
	F4_('S2', 'E2')_t3_max: 4071
	F31_('S2', 'E2')_tb: 2279
	F4_('S1', 'S2')_t4_min: 4054
	F24_('S4', 'E4')_t4_min: 2656
	F27_('E3', 'S3')_gc: False
	F24_('S5', 'S4')_t5_min: 2654
	F10_('E5', 'S5')_t3_min: 3857
	F3_('E2', 'S2')_t5_min: 2099
	F22_('E5', 'S5')_t3_max: 3800
	F25_('E3', 'S3')_rr: 0
	F37_('S3', 'S4')_rr: 0
	('E2', 'S2')_gcl_cycle: 1
	F29_('E1', 'S1')_t5_min: 24
	F25_('S1', 'E1')_t4_min: 50384
	F33_('E1', 'S1')_gc: False
	('S2', 'E2')_gcl_cycle: 32000
	F28_('S2', 'S1')_t4_max: 14420
	F1_('S1', 'E1')_rr: 32
	F14_('E5', 'S5')_tb: 6078
	F31_('S2', 'E2')_t5_max: 2355
	F37_('S4', 'S5')_rr: 0
	F13_('E3', 'S3')_t3_max: 2469
	F30_('S2', 'S3')_t4_max: 118092
	F36_('E5', 'S5')_t3_max: 14183
	F28_('S2', 'S1')_tb: 14402
	F9_('S2', 'S3')_rr: 1
	F37_('S4', 'S5')_gc: False
	F34_('S3', 'S2')_t4_min: 6089
	F7_('S1', 'S2')_t5_max: 31830
	F32_('S4', 'S5')_gc: True
	('S3', 'E3')_gcl_cycle: 2000
	F29_('S2', 'S3')_t5_min: 59
	F28_('S2', 'S1')_gc: False
	F8_('E5', 'S5')_tb: 3880
	F24_('S5', 'S4')_t4_min: 2645
	F36_('S3', 'S2')_t4_max: 14252
	F15_('E2', 'S2')_t3_max: 2547
	F6_('E1', 'S1')_rr: 0
	F25_('S2', 'S1')_rr: 1
	F12_('S1', 'S2')_tb: 3926
	F22_('S3', 'S2')_gc: False
	F22_('S5', 'S4')_t4_min: 3822
	F3_('S2', 'S3')_t4_min: 2106
	F1_('S2', 'S1')_rr: 32
	F39_('S1', 'E1')_t4_max: 2400
	F28_jitter: 36
	F36_('S4', 'S3')_tb: 14211
	F13_('S4', 'S5')_rr: 32
	F9_('S4', 'S5')_t4_min: 13789
	F38_('S4', 'S5')_gc: False
	F6_('S4', 'S5')_t4_min: 1847
	F37_('S4', 'S5')_t4_max: 30563
	F13_('S4', 'S5')_t4_max: 2513
	F16_('E4', 'S4')_tb: 124128
	F16_('S4', 'S3')_t4_min: 124138
	F6_('S2', 'S3')_gc: True
	F30_('S3', 'S4')_rr: 0
	F20_('E5', 'S5')_gc: False
	F31_('S2', 'E2')_rr: 0
	F27_('S2', 'E2')_rr: 0
	F24_('E5', 'S5')_gc: False
	F7_('S1', 'S2')_tb: 31801
	F35_('S2', 'S3')_t5_max: 2402
	F22_('S4', 'S3')_rr: 0
	F3_('S3', 'E3')_tb: 2116
	F27_('E3', 'S3')_rr: 0
	F38_('S3', 'S4')_rr: 0
	F36_('S5', 'S4')_t5_max: 14209
	F35_('S2', 'S3')_t3_min: 2392
	F3_('E2', 'S2')_rr: 0
	F6_('S2', 'S3')_t4_max: 1807
	F23_('S5', 'E5')_rr: 0
	F12_('S3', 'S4')_t3_min: 3934
	F17_('S1', 'E1')_rr: 0
	F33_('S4', 'E4')_rr: 0
	F12_('S1', 'S2')_t4_max: 3944
	F17_('S3', 'S2')_t4_max: 210
	F37_('S5', 'E5')_rr: 0
	F29_('S3', 'S4')_gc: False
	F37_('E3', 'S3')_t3_max: 30492
	F29_('S4', 'S5')_rr: 0
	F38_queue_index: 0
	F27_('S3', 'S2')_rr: 0
	F22_('E5', 'S5')_gc: False
	F2_('S3', 'E3')_rr: 1
	F17_('S4', 'S3')_rr: 64
	F23_queue_index: 0
	('E1', 'S1')_gcl_cycle: 1
	F29_('S1', 'S2')_t3_min: 26
	F15_('S5', 'E5')_t4_min: 2604
	F6_('S4', 'S5')_gc: True
	F18_jitter: 36
	('S1', 'S2')_gcl_cycle: 16000
	F25_('S3', 'S2')_t4_max: 50350
	F10_('S4', 'S3')_gc: True
	F9_('S1', 'S2')_t5_min: 13744
	F9_('S1', 'S2')_t4_max: 13754
	F15_('S5', 'E5')_gc: False
	F34_('S4', 'S3')_gc: False
	F17_('S1', 'E1')_gc: False
	F17_('S4', 'S3')_gc: True
	F30_('S2', 'S3')_t5_max: 118100
	F21_jitter: 18
	F12_('S3', 'S4')_rr: 0
	F25_('S2', 'S1')_t3_min: 50344
	F12_('S2', 'S3')_rr: 0
	F33_('S1', 'S2')_rr: 4
	F3_('E2', 'S2')_gc: False
	F12_('E1', 'S1')_gc: False
	F29_('E1', 'S1')_gc: False
	F6_('S1', 'S2')_t3_min: 1769
	F11_queue_index: 0
	F24_('S4', 'E4')_t5_max: 2701
	F30_('S3', 'S4')_gc: False
	F6_('S5', 'E5')_rr: 1
	F12_('E1', 'S1')_t3_max: 3909
	F15_queue_index: 0
	F26_jitter: 36
	F0_('S2', 'S3')_t4_min: 6548
	F29_('S3', 'S4')_t4_max: 79
	('S1', 'E1')_gcl_cycle: 64000
	F2_('S4', 'S3')_rr: 0
	F12_('S4', 'E4')_t4_min: 3997
	F23_('S5', 'E5')_t4_min: 30643
	F32_('S5', 'E5')_t4_min: 126041
	F11_('S5', 'S4')_gc: True
	F27_('S2', 'E2')_gc: False
	F12_('S2', 'S3')_gc: False
	F12_queue_index: 0
	F30_jitter: 54
	F30_('S2', 'S3')_rr: 0
	F5_('S3', 'S2')_gc: False
	F8_('S5', 'S4')_t4_min: 3897
	F18_('S4', 'S5')_t4_max: 30614
	F6_('S2', 'S3')_rr: 8
	F4_('E1', 'S1')_t3_max: 4024
	F20_jitter: 0
	F33_('S4', 'E4')_t5_max: 2592
	F9_('S5', 'E5')_gc: False
	F36_('E5', 'S5')_rr: 0
	F10_jitter: 18
	F0_('S2', 'S3')_t4_max: 6548
	F38_('S4', 'S5')_rr: 0
	F32_('E4', 'S4')_rr: 0
	F33_('S2', 'S3')_rr: 4
	F34_('S2', 'S1')_tb: 6094
	F1_('S1', 'E1')_t4_min: 205
	F34_('S4', 'S3')_rr: 0
	F23_('S4', 'S5')_t4_min: 30639
	F32_('E4', 'S4')_t3_max: 125993
	F31_('S4', 'S3')_gc: False
	F28_('S1', 'E1')_rr: 0
	F13_('S4', 'S5')_tb: 2513
	F15_('E2', 'S2')_t4_max: 2560
	F39_jitter: 0
	F31_('S4', 'S3')_rr: 0
	F29_jitter: 54
	F15_('S3', 'S4')_gc: True
	F39_('S2', 'S1')_gc: True
	F24_('S4', 'E4')_t3_max: 2679
	F33_queue_index: 0
	F29_('S1', 'S2')_t4_max: 44
	F6_('S4', 'S5')_t4_max: 1847
	F36_('S3', 'S2')_t5_max: 14255
	F9_('S5', 'E5')_t3_max: 13840
	F9_jitter: 54
	F39_('E2', 'S2')_gc: False
	F38_('S5', 'E5')_t3_min: 18452
	F26_('E5', 'S5')_gc: False
	F17_('E4', 'S4')_t3_max: 160
	F36_('S4', 'S3')_rr: 0
	F22_('S4', 'S3')_tb: 3831
	F29_('S3', 'S4')_t4_min: 61
	F32_('S5', 'E5')_gc: False
	F34_('E4', 'S4')_t5_max: 6082
	F22_('S3', 'S2')_t4_min: 3840
	F9_('E1', 'S1')_t3_max: 13713
	F0_queue_index: 0
	F38_('S5', 'E5')_rr: 0
	F16_queue_index: 0
	F31_('S3', 'S2')_t4_min: 2273
	F34_('S2', 'S1')_t4_max: 6148
	F0_('E2', 'S2')_t3_max: 6520
	F3_('S3', 'E3')_t3_min: 2116
	F22_('E5', 'S5')_t3_min: 3813
	F14_('E5', 'S5')_t3_max: 6065
	F29_('S5', 'E5')_t4_min: 73
	F1_('E4', 'S4')_gc: False
	F15_('S2', 'S3')_t4_min: 2564
	F31_('S4', 'S3')_t4_min: 2267
	F23_('S3', 'S4')_tb: 30635
	F10_('S3', 'E3')_t5_max: 3932
	F23_('E3', 'S3')_rr: 0
	F31_('S5', 'S4')_rr: 0
	F34_('E4', 'S4')_gc: False
	F35_('S4', 'E4')_gc: False
	F23_('E3', 'S3')_tb: 30626
	F7_('S1', 'S2')_rr: 0
	F11_('S5', 'S4')_t5_max: 6642
	F39_('S1', 'E1')_gc: True
	F20_('E5', 'S5')_rr: 0
	F22_('S5', 'S4')_rr: 0
	F19_('E5', 'S5')_t5_min: 30581
	F9_('E1', 'S1')_t3_min: 13726
	F35_('S3', 'S4')_rr: 0
	F20_('S5', 'S4')_t4_max: 691
	F4_('S1', 'S2')_rr: 1
	F6_('S5', 'E5')_t4_min: 1867
	F13_('S4', 'S5')_t3_max: 2513
	F35_('E2', 'S2')_t5_min: 2390
	F30_('E2', 'S2')_t4_max: 118064
	F3_('E2', 'S2')_t4_max: 2091
	F10_('E5', 'S5')_rr: 0
	F35_('S2', 'S3')_rr: 4
	F30_('S2', 'S3')_t3_min: 118074
	('E3', 'S3')_gcl_cycle: 1
	F24_jitter: 36
	F22_('S4', 'S3')_t4_max: 3867
	F21_('S4', 'E4')_tb: 38387
	F16_('S4', 'S3')_rr: 1
	F1_('E4', 'S4')_t5_min: 140
	F15_('E2', 'S2')_rr: 0
	F18_('S4', 'S5')_gc: False
	F39_('S1', 'E1')_rr: 16
	F9_('S3', 'S4')_gc: False
	F22_('S3', 'S2')_rr: 0
	F7_jitter: 0
	F2_queue_index: 0
	F36_('S2', 'E2')_t4_min: 14221
	('S2', 'S1')_gcl_cycle: 64000
	F6_('E1', 'S1')_t3_max: 1741
	F10_('S5', 'S4')_rr: 0
	F6_('S2', 'S3')_t4_min: 1807
	F6_('S4', 'S5')_rr: 64
	F28_('E2', 'S2')_t3_min: 14391
	F35_('S2', 'S3')_gc: True
	F17_('S3', 'S2')_t5_max: 215
	F22_('E5', 'S5')_rr: 0
	F13_('S3', 'S4')_gc: False
	F33_('E1', 'S1')_tb: 2513
	F29_('E1', 'S1')_t3_min: 20
	F34_jitter: 72
	F14_('S4', 'S3')_t5_max: 6141
	F26_('S4', 'S3')_gc: True
	F33_('E1', 'S1')_rr: 0
	F21_('E3', 'S3')_rr: 0
	F23_('S5', 'E5')_t5_max: 30681
	F17_('S2', 'S1')_t4_max: 222
	F33_('S2', 'S3')_t4_min: 2537
	F23_('S3', 'S4')_t5_max: 30637
	F20_('S4', 'S3')_t4_min: 676
	F35_('E2', 'S2')_t4_max: 2385
	F22_('S5', 'S4')_gc: False
	F3_('E2', 'S2')_t3_max: 2078
	F9_('S4', 'S5')_t4_max: 13825
	F1_('S4', 'S3')_t4_max: 160
	F38_('S3', 'S4')_t4_max: 18446
	F25_jitter: 0
	F21_queue_index: 0
	F19_('S4', 'E4')_rr: 0
	F8_('S5', 'S4')_rr: 4
	F5_('S3', 'S2')_t4_min: 58121
	F1_('S3', 'S2')_gc: True
	F34_('E4', 'S4')_rr: 0
	F28_('E2', 'S2')_gc: False
	F10_('S4', 'S3')_t4_max: 3898
	F20_('E5', 'S5')_t4_max: 670
	F19_('S5', 'S4')_gc: False
	F1_('E4', 'S4')_rr: 0
	F9_('E1', 'S1')_rr: 0
	F17_('S4', 'S3')_t4_min: 185
	F16_('E4', 'S4')_rr: 0
	F22_('S3', 'S2')_t4_max: 3894
	F35_jitter: 36
	F5_('S2', 'E2')_rr: 0
	F36_('S3', 'S2')_rr: 0
	F24_('S4', 'E4')_gc: False
	F10_('S3', 'E3')_gc: False
	F39_('E2', 'S2')_t5_max: 2384
	F9_('S1', 'S2')_rr: 0
	F1_('S3', 'S2')_t5_max: 183
	F16_('S3', 'S2')_gc: True
	F14_jitter: 18
	F17_('E4', 'S4')_gc: False
	F17_('S3', 'S2')_rr: 0
	F37_('S5', 'E5')_tb: 30538
	F16_('S2', 'E2')_gc: False
	F33_('S3', 'S4')_gc: False
	F31_('E5', 'S5')_rr: 0
	F33_('S3', 'S4')_rr: 0
	F35_('S2', 'S3')_t4_min: 2397
	F36_('S3', 'S2')_t4_min: 14216
	F20_('S5', 'S4')_t4_min: 673
	F20_('S3', 'S2')_gc: False
	F38_jitter: 54
	F14_('S3', 'E3')_t4_min: 6143
	F15_('S2', 'S3')_t4_max: 2582
	('E4', 'S4')_gcl_cycle: 1
	F36_('S5', 'S4')_gc: True
	F32_('S5', 'E5')_rr: 0
	F22_('S4', 'S3')_t3_min: 3831
	F1_('S3', 'S2')_t4_min: 175
	F1_('S2', 'S1')_t4_min: 190
	F17_('S2', 'S1')_t5_max: 227
	F33_('S4', 'E4')_gc: False
	F10_('S5', 'S4')_t4_max: 3884
	F4_('S1', 'S2')_t4_max: 4054
	F36_('S4', 'S3')_gc: False
	F32_('E4', 'S4')_gc: False
	F31_('E5', 'S5')_gc: False
	F22_('S5', 'S4')_t4_max: 3840
	F8_('S4', 'E4')_rr: 0
	F3_jitter: 18
	F27_queue_index: 0
	F7_('S2', 'E2')_rr: 1
	F10_('S3', 'E3')_rr: 0
	F18_('E4', 'S4')_t3_max: 30577
	F0_('E2', 'S2')_gc: False
	F34_('S3', 'S2')_gc: False
	F22_('S2', 'E2')_gc: False
	F36_('S4', 'S3')_t4_max: 14229
	F12_jitter: 0
	F7_('S2', 'E2')_gc: True
	F16_('S2', 'E2')_rr: 0
	F33_('S1', 'S2')_t4_max: 2525
	F6_('S5', 'E5')_gc: True
	F17_queue_index: 0
	F7_('S1', 'S2')_t5_min: 31812
	F34_('S1', 'E1')_t4_min: 6099
	F20_('S1', 'E1')_t5_min: 750
	F6_('E1', 'S1')_gc: False
	F8_('E5', 'S5')_rr: 0
	F8_queue_index: 0
	F29_('S5', 'E5')_gc: False
	F34_('S2', 'S1')_gc: False
	F20_('S3', 'S2')_t4_min: 679
	F25_('S2', 'S1')_gc: True
	F20_('S4', 'S3')_t4_max: 712
	F20_('S2', 'S1')_rr: 32
	F13_('E3', 'S3')_rr: 0
	('S3', 'S2')_gcl_cycle: 128000
	F12_('S4', 'E4')_rr: 4
	F23_jitter: 36
	F18_('S4', 'S5')_rr: 0
	F12_('S3', 'S4')_t4_max: 3988
	F37_('E3', 'S3')_rr: 0
	F30_('S3', 'S4')_t5_max: 118128
	F4_('E1', 'S1')_rr: 0
	F11_('S5', 'S4')_t3_min: 6635
	F12_('S1', 'S2')_gc: False
	F36_('S2', 'E2')_gc: False
	F36_('S4', 'S3')_t3_min: 14211
	F37_queue_index: 0
	F31_queue_index: 0
	F19_('S5', 'S4')_t4_max: 30601
	F19_jitter: 36
	F22_('S2', 'E2')_t4_min: 3849
	F18_('S4', 'S5')_t5_min: 30600
	F24_('S5', 'S4')_gc: False
	F21_('E3', 'S3')_gc: False
	F14_('S4', 'S3')_t5_min: 6141
	F31_('E5', 'S5')_t3_max: 2242
	F16_('S3', 'S2')_t4_min: 124148
	F30_('S4', 'E4')_gc: False
	F35_('E2', 'S2')_tb: 2385
	F35_('S3', 'S4')_t4_max: 2422
	F28_('E2', 'S2')_t3_max: 14378
	F21_('S4', 'E4')_t4_min: 38387
	F7_('E1', 'S1')_t5_min: 31799
	F30_('S2', 'S3')_gc: False
	F33_('S2', 'S3')_t5_min: 2542
	('S4', 'E4')_gcl_cycle: 16000
	F5_('S3', 'S2')_t3_min: 58121
	F20_('E5', 'S5')_t3_max: 657
	F5_('S2', 'E2')_t4_min: 58135
	F33_('S4', 'E4')_t4_min: 2551
	F18_('E4', 'S4')_gc: False
	F9_('S5', 'E5')_t3_min: 13799
	F25_('E3', 'S3')_t3_max: 50307
	F14_('S4', 'S3')_gc: True
	F32_('S4', 'S5')_t4_min: 126026
	F26_('E5', 'S5')_rr: 0
	F7_('S1', 'S2')_t4_max: 31819
	F29_('S2', 'S3')_t4_min: 55
	F35_queue_index: 0
	('S2', 'S3')_gcl_cycle: 16000
	F13_('S5', 'E5')_rr: 0
	F24_('S5', 'S4')_t4_max: 2663
	F8_('S5', 'S4')_t5_min: 3907
	F33_('S1', 'S2')_t3_min: 2520
	F38_('E3', 'S3')_rr: 0
	F9_('S5', 'E5')_t4_min: 13799
	F29_('S2', 'S3')_rr: 8
	F7_('S1', 'S2')_t4_min: 31801
	F36_('S5', 'S4')_rr: 1
	F1_('S4', 'S3')_gc: False
	F37_('S3', 'S4')_gc: False
	F36_queue_index: 0
	F10_('E5', 'S5')_tb: 3857
	F28_('S1', 'E1')_t5_max: 14458
	F9_('S3', 'S4')_rr: 0
	F15_('S4', 'S5')_t4_min: 2600
	F21_('S3', 'S4')_t4_min: 38380
	F29_('S1', 'S2')_gc: False
	F20_('S1', 'E1')_rr: 32
	F20_('S4', 'S3')_rr: 0
	F3_('S2', 'S3')_t4_max: 2106
	F29_('S1', 'S2')_rr: 0
	F5_queue_index: 0
	F9_('S3', 'S4')_t4_min: 13779
	F1_('S4', 'S3')_rr: 0
	F21_('S3', 'S4')_t4_max: 38380
	F18_('S4', 'S5')_t3_min: 30596
	F18_('S5', 'E5')_t4_min: 30602
	F12_('S4', 'E4')_gc: True
	F1_('S1', 'E1')_gc: True
	F30_('E2', 'S2')_rr: 0
	F25_('S1', 'E1')_rr: 1
	F20_('S4', 'S3')_gc: False
	F15_('E2', 'S2')_tb: 2560
	F35_('S4', 'E4')_rr: 0
	F9_('S3', 'S4')_t3_max: 13784
	F39_('S2', 'S1')_t4_max: 2391
	F31_('S2', 'E2')_t4_min: 2279
	F18_('E4', 'S4')_rr: 0
	F22_('S4', 'S3')_gc: False
	F16_('S2', 'E2')_t4_min: 124153
	F37_jitter: 54
	F29_('S2', 'S3')_gc: True
	F24_('S4', 'E4')_rr: 0
	F31_('S3', 'S2')_gc: False
	F5_('E3', 'S3')_t3_max: 58094
	F25_('S1', 'E1')_gc: True
	F26_('S3', 'S2')_rr: 0
	F8_('E5', 'S5')_gc: False
	F17_('E4', 'S4')_t4_min: 173
	F35_('E2', 'S2')_rr: 0
	F25_queue_index: 0
	F21_('S4', 'E4')_rr: 0
	F32_queue_index: 0
	F16_('S4', 'S3')_t4_max: 124138
	F27_('E3', 'S3')_t5_min: 62733
	F23_('S3', 'S4')_t4_min: 30635
	F26_('S5', 'S4')_rr: 2
	F13_('S4', 'S5')_gc: True
	F36_('S4', 'S3')_t4_min: 14211
	F34_('E4', 'S4')_t3_max: 6066
	F9_('S2', 'S3')_gc: True
	F6_('S3', 'S4')_gc: True
	F2_('S4', 'S3')_gc: False
	F9_('S3', 'S4')_t4_max: 13797
	F14_('S3', 'E3')_gc: False
	F23_('S4', 'S5')_gc: False
	F1_('S4', 'S3')_t4_min: 142
	F8_('S4', 'E4')_gc: False
	F12_('S1', 'S2')_t3_min: 3926
	F37_('S3', 'S4')_t4_min: 30516
	F22_jitter: 72
	F29_('S5', 'E5')_rr: 0
	F17_('E4', 'S4')_rr: 0
	F30_('S4', 'E4')_t4_min: 118094
	F39_('E2', 'S2')_t4_max: 2382
	F38_('S3', 'S4')_t5_min: 18438
	F10_('E5', 'S5')_t3_max: 3844
	F35_('S3', 'S4')_gc: False
	F11_('S4', 'E4')_t3_max: 6649
	F12_('S2', 'S3')_t5_max: 3968
	F25_('S3', 'S2')_t3_min: 50332
	F34_('S3', 'S2')_t4_max: 6125
	F3_('S3', 'E3')_t4_min: 2116
	F33_('S1', 'S2')_t4_min: 2525
	F26_('S4', 'S3')_t4_min: 6634
	F19_('E5', 'S5')_rr: 0
	F14_('E5', 'S5')_rr: 0
	F34_('S1', 'E1')_t5_min: 6102
	F8_('S4', 'E4')_tb: 3909
	F17_('S4', 'S3')_t4_max: 185
	F16_('E4', 'S4')_t3_max: 124115
	F6_('S1', 'S2')_t5_max: 1800
	F38_('S3', 'S4')_t4_min: 18428
	F3_('S2', 'S3')_gc: True
	F36_jitter: 54
	F31_('S3', 'S2')_t4_max: 2327
	F26_('S4', 'S3')_rr: 16
	F17_('S1', 'E1')_t4_min: 229
	F14_('E5', 'S5')_t4_min: 6078
	F18_('S5', 'E5')_rr: 0
	F2_('S4', 'S3')_t4_min: 7
	F39_queue_index: 0
	F10_('S4', 'S3')_rr: 8
	F13_('S3', 'S4')_rr: 0
	F27_('S3', 'S2')_tb: 62735
	F14_('E5', 'S5')_t5_max: 6090
	F11_('E5', 'S5')_t3_max: 6618
	F22_('S4', 'S3')_t4_min: 3831
	F14_('S5', 'S4')_rr: 0
	F20_('S1', 'E1')_t5_max: 750
	F18_('S4', 'S5')_t4_min: 30596
	F37_('E3', 'S3')_gc: False
	F27_('S3', 'S2')_t4_max: 62753
	F0_('S3', 'E3')_rr: 0
	F4_('S2', 'E2')_gc: False
	F21_('S4', 'E4')_t4_max: 38405
	F29_queue_index: 0
	F37_('S4', 'S5')_t5_max: 30572
	F8_('S5', 'S4')_t4_max: 3897
	F27_('E3', 'S3')_t3_max: 62714
	F9_('E1', 'S1')_gc: False
	F31_('S5', 'S4')_gc: False
	F12_('S2', 'S3')_t4_min: 3930
	F30_('S3', 'S4')_t4_max: 118120
	F8_jitter: 18
	('S5', 'S4')_gcl_length: 16
	F35_('S3', 'S4')_tb: 2404
	F34_('S4', 'S3')_t4_max: 6102
	F33_('S1', 'S2')_gc: True
	F25_('E3', 'S3')_t5_max: 50330
	F25_('S3', 'S2')_t4_min: 50332
	F5_('S3', 'S2')_t4_max: 58139
	F10_('E5', 'S5')_gc: False
	F35_('E2', 'S2')_gc: False
	F8_('S5', 'S4')_tb: 3897
	F13_('S3', 'S4')_t4_max: 2504
	F14_('S4', 'S3')_rr: 8
	F7_('S1', 'S2')_gc: False
	F1_('S3', 'S2')_rr: 64
	F29_('E1', 'S1')_rr: 0
	F38_('S4', 'S5')_t4_max: 18476
	F10_('S5', 'S4')_gc: False
	F33_('S2', 'S3')_gc: True
	F33_jitter: 36
	F9_('S4', 'S5')_t3_max: 13812
	F7_('E1', 'S1')_rr: 0
	F35_('S2', 'S3')_tb: 2397
	F5_('S3', 'S2')_rr: 0
	F15_('E2', 'S2')_gc: False
	F28_('S1', 'E1')_gc: False
	F30_('E2', 'S2')_gc: False
	F5_jitter: 36
	F35_('S2', 'S3')_t4_max: 2397
	F9_('S3', 'S4')_t5_min: 13787
	F20_('S4', 'S3')_t5_min: 677
	F25_('S2', 'S1')_t4_min: 50367
	F28_('S1', 'E1')_t4_min: 14413
	F11_('S5', 'S4')_rr: 1
	F19_queue_index: 0
	F6_('S1', 'S2')_t4_min: 1769
	F36_('S2', 'E2')_t5_min: 14224
	F21_('S4', 'E4')_gc: False
	F20_('S5', 'S4')_rr: 0
	F0_('S3', 'E3')_t3_max: 6563
	('S3', 'S4')_gcl_length: 78
	F13_('S4', 'S5')_t4_min: 2513
	F22_('S3', 'S2')_t3_min: 3840
	F36_('S5', 'S4')_t4_max: 14206
	F37_('S3', 'S4')_t4_max: 30534
	F14_('S5', 'S4')_gc: False
	F4_jitter: 18
	F34_('S1', 'E1')_gc: False
	F20_queue_index: 0
	F23_('S3', 'S4')_gc: True
	F39_('S1', 'E1')_tb: 2400
	F18_('S5', 'E5')_gc: False
	F25_('S3', 'S2')_gc: False
	F4_('S2', 'E2')_rr: 0
	F31_('S5', 'S4')_t3_min: 2261
	F4_('S1', 'S2')_gc: True
	F14_queue_index: 0
	F26_('S2', 'E2')_gc: False
	F8_('E5', 'S5')_t3_max: 3867
	F15_('S3', 'S4')_rr: 4
	F19_('E5', 'S5')_gc: False
	F10_('S5', 'S4')_t4_min: 3866
	F15_('S3', 'S4')_t4_max: 2591
	F0_jitter: 18
	F6_('S3', 'S4')_rr: 32
	F23_('S4', 'S5')_rr: 0
	F37_('S5', 'E5')_t4_min: 30538
	F35_('E2', 'S2')_t3_max: 2372
	F27_('S2', 'E2')_t5_min: 62749
	F19_('S5', 'S4')_t4_min: 30583
	F29_('S4', 'S5')_gc: False
	F31_jitter: 72
	F11_('S4', 'E4')_gc: True
	F31_('E5', 'S5')_tb: 2255
	F34_queue_index: 0
	F7_('E1', 'S1')_gc: False
	F2_('E4', 'S4')_t3_max: -12
	F6_jitter: 0
	F18_queue_index: 0
	F7_('S2', 'E2')_t5_max: 31848
	F10_('S3', 'E3')_t4_min: 3907
	F15_('S2', 'S3')_gc: False
	F3_queue_index: 0
	F20_('S2', 'S1')_t4_max: 741
	F6_('S3', 'S4')_t4_max: 1827
	F25_('S1', 'E1')_t3_max: 50384
	F30_('E2', 'S2')_t3_max: 118051
	F25_('E3', 'S3')_t3_min: 50320
	F17_('S2', 'S1')_gc: True
	F33_('S3', 'S4')_t5_min: 2549
	F20_('S3', 'S2')_rr: 0
	F28_queue_index: 0
	F20_('S1', 'E1')_gc: True
	F26_('S3', 'S2')_t4_min: 6648
	F4_('S2', 'E2')_t4_min: 4066
	F14_('S5', 'S4')_t4_max: 6110
	F20_('S2', 'S1')_gc: True
	F27_('S2', 'E2')_t4_min: 62743
	F7_('S2', 'E2')_t4_min: 31837
	F15_('S4', 'S5')_t3_max: 2600
	F15_('S4', 'S5')_t4_max: 2600
	F23_('S4', 'S5')_t4_max: 30657
	F33_('E1', 'S1')_t3_min: 2513
	F38_('S4', 'S5')_t3_min: 18440
	F3_('S2', 'S3')_rr: 4
	F3_('S3', 'E3')_rr: 0
	F15_('S2', 'S3')_rr: 0
	F26_('S5', 'S4')_t5_min: 6627
	('E5', 'S5')_gcl_cycle: 1
	F23_('E3', 'S3')_gc: False
	F19_('S4', 'E4')_t4_min: 30593
	F9_('E1', 'S1')_t5_max: 13734
	F37_('S5', 'E5')_gc: False
	F20_('S1', 'E1')_t4_min: 749
	F39_('S2', 'S1')_t4_min: 2391
	F1_('S2', 'S1')_gc: True
	F23_('E3', 'S3')_t3_max: 30613
	F11_('E5', 'S5')_rr: 0
	F26_('S5', 'S4')_t4_min: 6615
	F20_('S3', 'S2')_t4_max: 733
	F30_('S3', 'S4')_t4_min: 118084
	F34_('S2', 'S1')_rr: 0
	F16_('S3', 'S2')_t3_min: 124143
	F30_('S4', 'E4')_rr: 0
	F9_('S1', 'S2')_gc: False
	F14_('E5', 'S5')_gc: False
	F38_('S3', 'S4')_gc: False
	F13_('S5', 'E5')_t4_min: 2517
	F16_('S3', 'S2')_rr: 1
	F25_('S3', 'S2')_rr: 0
	F32_('S4', 'S5')_t4_max: 126026
	F13_queue_index: 0
	F1_('S3', 'S2')_t4_max: 175
	F32_('S4', 'S5')_rr: 1
	F16_('S4', 'S3')_gc: True
	F29_('S4', 'S5')_t4_min: 67
	F39_('S1', 'E1')_t4_min: 2400
	F2_('E4', 'S4')_gc: False
	F37_('S4', 'S5')_t4_min: 30527
	F10_('S4', 'S3')_t4_min: 3898
	F11_jitter: 0
	F17_('S3', 'S2')_gc: False
	F17_('S2', 'S1')_t3_max: 222
	F31_('S3', 'S2')_rr: 0
	F15_('S4', 'S5')_rr: 8
	F29_('E1', 'S1')_t4_max: 20
	F33_('S3', 'S4')_t4_max: 2562
	F5_('S2', 'E2')_t3_min: 58135
	F21_('S3', 'S4')_gc: True
	F27_jitter: 36
	F10_('S3', 'E3')_t5_min: 3914
	F7_('E1', 'S1')_t3_max: 31775
	F8_('S5', 'S4')_gc: True
	F6_('S4', 'S5')_t3_max: 1847
	F21_('S3', 'S4')_t5_min: 38385
	F26_queue_index: 0
	F9_('S2', 'S3')_t3_min: 13746
	F23_('S3', 'S4')_rr: 2
	F2_('S4', 'S3')_t4_max: 25
	F4_queue_index: 0
	F14_('S5', 'S4')_t4_min: 6092
	F28_('S2', 'S1')_rr: 0
	F11_('E5', 'S5')_gc: False
	F26_('S2', 'E2')_rr: 0
	F26_('S3', 'S2')_gc: False
	F23_('S5', 'E5')_gc: False
	F31_('S5', 'S4')_t4_min: 2261
	F33_('E1', 'S1')_t4_max: 2513
	F36_('S3', 'S2')_t3_min: 14216
	F36_('S2', 'E2')_rr: 0
	F10_queue_index: 0
	F29_('S1', 'S2')_t4_min: 26
	F23_('S3', 'S4')_t4_max: 30635
	F6_('S4', 'S5')_tb: 1847
	F29_('S2', 'S3')_t4_max: 55
	F11_('S4', 'E4')_t5_max: 6651
	F33_('S3', 'S4')_t4_min: 2544
	F27_('S3', 'S2')_t4_min: 62735
	F21_('E3', 'S3')_t5_max: 38373
	F12_('S2', 'S3')_t4_max: 3966
	F38_('E3', 'S3')_t3_max: 18403
	F39_('E2', 'S2')_rr: 0
	F17_('S2', 'S1')_rr: 32
	F15_('S3', 'S4')_t4_min: 2591
	('S4', 'S5')_gcl_cycle: 128000
	F26_('S3', 'S2')_t4_max: 6666
	F25_('E3', 'S3')_gc: False
	F33_('S4', 'E4')_t3_max: 2574
	F38_('E3', 'S3')_gc: False
	F20_('S5', 'S4')_gc: False
	F19_('S5', 'S4')_rr: 0
	F14_('S4', 'S3')_t4_min: 6129
	F9_('S2', 'S3')_t4_max: 13769
	F30_queue_index: 0
	('S3', 'S4')_gcl_cycle: 64000
	('S5', 'S4')_gcl_cycle: 16000
	F39_('E2', 'S2')_t3_max: 2369
	F2_('S3', 'E3')_t4_min: 36
	F17_jitter: 18
	F29_('E1', 'S1')_t3_max: 7
	F37_('S3', 'S4')_t5_min: 30525
	F9_queue_index: 0
	F3_('S2', 'S3')_t3_min: 2101
	F33_('E1', 'S1')_t3_max: 2500
	F11_('S4', 'E4')_t4_min: 6649
	F26_('E5', 'S5')_t3_max: 6583
	F12_('E1', 'S1')_t5_max: 3924
	F0_('S3', 'E3')_gc: False
	F38_('S5', 'E5')_gc: False
	F24_('E5', 'S5')_rr: 0
	F26_('S5', 'S4')_t4_max: 6615
	F8_('E5', 'S5')_t4_min: 3880
	F5_('E3', 'S3')_rr: 0
	F20_('S4', 'S3')_t3_min: 676
	F24_('S5', 'S4')_rr: 0
	F12_('S1', 'S2')_t4_min: 3926
	F9_('S4', 'S5')_rr: 0
	F31_('S2', 'E2')_gc: False
	F22_('S2', 'E2')_rr: 0
	('S5', 'E5')_gcl_cycle: 2000
	F28_('E2', 'S2')_rr: 0
	F37_('S4', 'S5')_t3_max: 30550
	F6_('S1', 'S2')_rr: 0
	F30_('S2', 'S3')_t4_min: 118074
	F1_queue_index: 0
	F13_('S5', 'E5')_gc: False
	F35_('S3', 'S4')_t4_min: 2404
	F2_('S3', 'E3')_gc: True
	F38_('E3', 'S3')_t4_max: 18416
	F2_jitter: 0
	F38_('S5', 'E5')_t4_min: 18452
	F13_('S4', 'S5')_t5_max: 2515
	F6_('S1', 'S2')_t4_max: 1787
	F0_('S3', 'E3')_t4_min: 6558
	F33_('S2', 'S3')_t4_max: 2537
	F16_jitter: 18
	F15_('S4', 'S5')_gc: True
	F35_('S4', 'E4')_tb: 2411
	F4_('E1', 'S1')_gc: False
	F35_('S4', 'E4')_t4_min: 2411
	F6_('S3', 'S4')_t5_min: 1840
	F14_('S4', 'S3')_t4_max: 6129
	F31_('S5', 'S4')_t4_max: 2279
	F17_('S3', 'S2')_t4_min: 192
	F31_('S4', 'S3')_t4_max: 2303
	F29_('S3', 'S4')_rr: 0
	F21_('S3', 'S4')_rr: 1
	F0_('S2', 'S3')_gc: True
	F34_('S3', 'S2')_rr: 0
	F24_queue_index: 0
	F6_('S3', 'S4')_t4_min: 1827
	F34_('S4', 'S3')_t4_min: 6084
	F27_('E3', 'S3')_t4_min: 62727
	F16_('S3', 'S2')_t4_max: 124148
	F5_('S2', 'E2')_gc: False
	F2_('S4', 'S3')_t3_max: 12
	F13_('S3', 'S4')_t3_max: 2491
	F19_('S5', 'S4')_t3_max: 30588
	F36_('S5', 'S4')_t3_max: 14206
	F14_('S5', 'S4')_t3_max: 6097
	F12_('S1', 'S2')_t3_max: 3931
	F34_('S4', 'S3')_t3_max: 6089
	F31_('S5', 'S4')_t3_max: 2266
	F4_('S1', 'S2')_t3_max: 4054
	F35_('S2', 'S3')_t3_max: 2397
	F27_('S3', 'S2')_t3_max: 62740
	F18_('S4', 'S5')_t3_max: 30601
	F8_('S5', 'S4')_t3_max: 3897
	F5_('S3', 'S2')_t3_max: 58126
	F33_('S1', 'S2')_t3_max: 2525
	F38_('S3', 'S4')_t3_max: 18433
	F25_('S3', 'S2')_t3_max: 50337
	F21_('S3', 'S4')_t3_max: 38380
	F11_('S5', 'S4')_t3_max: 6640
	F10_('S5', 'S4')_t3_max: 3871
	F9_('S1', 'S2')_t3_max: 13741
	F23_('S3', 'S4')_t3_max: 30635
	F3_('S2', 'S3')_t3_max: 2106
	F29_('S1', 'S2')_t3_max: 31
	F28_('S2', 'S1')_t3_max: 14407
	F39_('S2', 'S1')_t3_max: 2391
	F24_('S5', 'S4')_t3_max: 2650
	F32_('S4', 'S5')_t3_max: 126026
	F15_('S2', 'S3')_t3_max: 2569
	F20_('S5', 'S4')_t3_max: 678
	F7_('S1', 'S2')_t3_max: 31806
	F17_('S4', 'S3')_t3_max: 185
	F16_('S4', 'S3')_t3_max: 124138
	F0_('S2', 'S3')_t3_max: 6548
	F6_('S1', 'S2')_t3_max: 1774
	F37_('S3', 'S4')_t3_max: 30521
	F26_('S5', 'S4')_t3_max: 6615
	F22_('S5', 'S4')_t3_max: 3827
	F30_('S2', 'S3')_t3_max: 118079
	F1_('S4', 'S3')_t3_max: 147
	F34_('S2', 'S1')_t3_min: 6094
	F24_('E5', 'S5')_t5_max: 2643
	F39_('S2', 'S1')_t3_min: 2386
	F15_('E2', 'S2')_t5_max: 2562
	F10_('S4', 'S3')_t5_min: 3905
	F29_('S4', 'S5')_t3_max: 90
	F14_('S4', 'S3')_tb: 6129
	F6_('S4', 'S5')_t3_min: 1842
	F17_('E4', 'S4')_t5_min: 178
	F26_('E5', 'S5')_t3_min: 6596
	F13_('S3', 'S4')_tb: 2486
	F5_('S2', 'E2')_t3_max: 58158
	F5_('E3', 'S3')_t5_min: 58119
	F38_('E3', 'S3')_t5_max: 18426
	F14_('S3', 'E3')_t3_max: 6148
	F8_('E5', 'S5')_t4_max: 3880
	F36_('E5', 'S5')_t3_min: 14196
	F10_('S4', 'S3')_tb: 3898
	F0_('S3', 'E3')_t3_min: 6558
	F22_('S4', 'S3')_t3_max: 3854
	F36_('S5', 'S4')_t3_min: 14201
	F10_('E5', 'S5')_t5_min: 3864
	F29_('S5', 'E5')_t4_max: 127
	F6_('S3', 'S4')_t3_max: 1827
	F4_('S1', 'S2')_t3_min: 4049
	F9_('S5', 'E5')_t4_max: 13853
	F20_('S1', 'E1')_tb: 749
	F28_('S2', 'S1')_t5_min: 14411
	F19_('S4', 'E4')_t3_min: 30593
	F1_('S1', 'E1')_t3_max: 205
	('S5', 'E5')_gcl_length: 2
	F14_('E5', 'S5')_t4_max: 6078
	F14_('S4', 'S3')_t3_max: 6129
	F27_('S2', 'E2')_t3_min: 62743
	F17_('S4', 'S3')_t3_min: 180
	F14_('S5', 'S4')_t3_min: 6092
	F1_('S2', 'S1')_t3_max: 190
	F37_('E3', 'S3')_t4_min: 30505
	F9_('S2', 'S3')_t5_min: 13777
	F0_('E2', 'S2')_t4_max: 6533
	F4_('E1', 'S1')_t4_min: 4037
	F32_('S4', 'S5')_t5_min: 126039
	F16_('E4', 'S4')_t4_min: 124128
	F26_('S4', 'S3')_t5_max: 6646
	F16_('S2', 'E2')_t5_min: 124156
	F31_('E5', 'S5')_t4_max: 2255
	F25_('E3', 'S3')_tb: 50320
	F30_('S2', 'S3')_t5_min: 118082
	F21_('E3', 'S3')_t4_min: 38368
	('S1', 'S2')_gcl_length: 10
	F31_('S4', 'S3')_t3_min: 2267
	F19_('S5', 'S4')_t5_min: 30591
	F20_('S3', 'S2')_t3_min: 679
	('S1', 'E1')_gcl_length: 162
	F0_('E2', 'S2')_t3_min: 6533
	F1_('E4', 'S4')_t3_min: 132
	F1_('S1', 'E1')_t5_min: 213
	F29_('S3', 'S4')_t3_min: 61
	F0_('S3', 'E3')_t5_min: 6566
	F6_('S1', 'S2')_tb: 1769
	F37_('E3', 'S3')_t5_max: 30514
	F24_('S4', 'E4')_t5_min: 2665
	F15_('E2', 'S2')_t5_min: 2562
	F19_('S4', 'E4')_t5_min: 30601
	F17_('E4', 'S4')_t5_max: 178
	F31_('S5', 'S4')_t5_min: 2265
	F35_('S4', 'E4')_t4_max: 2447
	F4_('S2', 'E2')_t5_max: 4094
	F3_('S2', 'S3')_tb: 2106
	F26_('S4', 'S3')_tb: 6634
	F3_('E2', 'S2')_tb: 2091
	F35_('E2', 'S2')_t4_min: 2385
	F36_('S4', 'S3')_t5_min: 14214
	F9_('S5', 'E5')_tb: 13799
	('S2', 'S3')_gcl_length: 62
	F9_('S5', 'E5')_t5_max: 13861
	F20_('S2', 'S1')_t5_min: 742
	F34_('S3', 'S2')_t3_min: 6089
	F15_('S5', 'E5')_t5_max: 2624
	F16_('S2', 'E2')_t3_min: 124153
	F29_('S4', 'S5')_t5_max: 107
	F9_('S4', 'S5')_t3_min: 13789
	F39_('S2', 'S1')_t5_max: 2393
	F2_('E4', 'S4')_t5_max: 5
	F1_('S4', 'S3')_t3_min: 142
	F31_('E5', 'S5')_t3_min: 2255
	F4_('S2', 'E2')_t4_max: 4084
	F25_('E3', 'S3')_t4_min: 50320
	F18_('S5', 'E5')_t4_max: 30638
	F8_('S4', 'E4')_t3_min: 3909
	F2_('S3', 'E3')_t3_min: 13
	F9_('S2', 'S3')_t3_max: 13769
	F33_('S3', 'S4')_t5_max: 2567
	F37_('S4', 'S5')_t3_min: 30527
	F9_('S2', 'S3')_t5_max: 13777
	F15_('S4', 'S5')_t3_min: 2595
	F13_('S5', 'E5')_t5_min: 2519
	F6_('S5', 'E5')_t3_min: 1862
	F6_('S2', 'S3')_t3_max: 1807
	F6_('S5', 'E5')_tb: 1867
	F13_('S5', 'E5')_tb: 2517
	F36_('S2', 'E2')_t3_max: 14262
	F16_('S2', 'E2')_t4_max: 124171
	F19_('S4', 'E4')_t3_max: 30616
	F37_('S5', 'E5')_t4_max: 30592
	F31_('S4', 'S3')_tb: 2267
	F17_('S4', 'S3')_t5_max: 190
	F29_('S1', 'S2')_t5_max: 48
	F27_('E3', 'S3')_t5_max: 62733
	F17_('S3', 'S2')_t3_max: 197
	F15_('S5', 'E5')_t4_max: 2622
	F38_('S4', 'S5')_tb: 18440
	F36_('S3', 'S2')_t5_min: 14219
	('S3', 'E3')_gcl_length: 2
	F28_('S1', 'E1')_t3_max: 14436
	F10_('E5', 'S5')_t5_max: 3864
	F38_('S5', 'E5')_t3_max: 18493
	F7_('S2', 'E2')_t3_max: 31837
	F11_('E5', 'S5')_t5_min: 6633
	F24_('S4', 'E4')_tb: 2656
	('E2', 'S2')_gcl_length: 0
	F34_('S1', 'E1')_t4_max: 6171
	F29_('E1', 'S1')_t5_max: 24
	F26_('S2', 'E2')_t3_max: 6685
	F38_('S4', 'S5')_t3_max: 18463
	F33_('S1', 'S2')_t5_min: 2530
	F0_('S2', 'S3')_t3_min: 6543
	F15_('S4', 'S5')_t5_min: 2602
	F1_('E4', 'S4')_t4_max: 132
	F22_('S5', 'S4')_t5_min: 3829
	F29_('S1', 'S2')_tb: 26
	F10_('S3', 'E3')_t3_min: 3907
	F1_('S3', 'S2')_tb: 175
	F29_('S1', 'S2')_t5_min: 30
	F28_('S1', 'E1')_tb: 14413
	F20_('S2', 'S1')_tb: 741
	F5_('S2', 'E2')_t4_max: 58171
	F17_('E4', 'S4')_t3_min: 173
	F37_('E3', 'S3')_tb: 30505
	F13_('S5', 'E5')_t5_max: 2537
	F4_('S2', 'E2')_tb: 4066
	F14_('S3', 'E3')_t5_min: 6155
	F37_('S5', 'E5')_t3_max: 30579
	('S4', 'S5')_gcl_length: 210
	F28_('S1', 'E1')_t5_min: 14422
	F16_('E4', 'S4')_t4_max: 124128
	F33_('S1', 'S2')_tb: 2525
	F8_('S5', 'S4')_t3_min: 3892
	F36_('E5', 'S5')_tb: 14196
	F36_('S2', 'E2')_t5_max: 14278
	F6_('E1', 'S1')_tb: 1754
	F2_('S4', 'S3')_t3_min: 7
	F39_('S1', 'E1')_t5_max: 2402
	F12_('S3', 'S4')_t3_max: 3975
	F13_('E3', 'S3')_t4_min: 2482
	F1_('S3', 'S2')_t3_max: 175
	F14_('S3', 'E3')_t5_max: 6173
	F38_('S5', 'E5')_tb: 18452
	F30_('S3', 'S4')_t5_min: 118092
	F30_('S4', 'E4')_t5_max: 118156
	F17_('S1', 'E1')_t5_max: 252
	F10_('S5', 'S4')_tb: 3866
	F29_('E1', 'S1')_t4_min: 20
	F20_('E5', 'S5')_t5_min: 671
	F24_('E5', 'S5')_t4_max: 2634
	('E4', 'S4')_gcl_length: 0
	F11_('S5', 'S4')_t5_min: 6642
	F13_('S5', 'E5')_t3_max: 2522
	F4_('E1', 'S1')_t5_min: 4047
	F12_('S3', 'S4')_t5_max: 3990
	F10_('S5', 'S4')_t3_min: 3866
	F34_('E4', 'S4')_t3_min: 6079
	F29_('S5', 'E5')_t3_max: 114
	F6_('S4', 'S5')_t5_min: 1860
	F4_('S1', 'S2')_tb: 4054
	F22_('E5', 'S5')_t4_max: 3813
	F20_('E5', 'S5')_t5_max: 671
	F37_('S4', 'S5')_t5_min: 30536
	F15_('E2', 'S2')_t3_min: 2560
	F26_('S4', 'S3')_t3_min: 6629
	F39_('S2', 'S1')_tb: 2391
	F6_('S3', 'S4')_tb: 1827
	('E1', 'S1')_gcl_length: 0
	F22_('S2', 'E2')_t4_max: 3921
	F3_('E2', 'S2')_t3_min: 2091
	F9_('S4', 'S5')_tb: 13789
	F13_('S5', 'E5')_t3_min: 2517
	F8_('S4', 'E4')_t5_min: 3919
	F28_('S2', 'S1')_t5_max: 14429
	F12_('S4', 'E4')_t3_min: 3938
	F27_('E3', 'S3')_tb: 62727
	F31_('S4', 'S3')_t5_max: 2307
	F12_('E1', 'S1')_t3_min: 3922
	F31_('S4', 'S3')_t3_max: 2290
	F8_('S4', 'E4')_t5_max: 3937
	F26_('S4', 'S3')_t5_min: 6646
	F18_('E4', 'S4')_t4_max: 30590
	F7_('S1', 'S2')_t3_min: 31801
	F24_('E5', 'S5')_tb: 2634
	F18_('S5', 'E5')_t3_max: 30625
	F27_('S2', 'E2')_t4_max: 62779
	F15_('E2', 'S2')_t4_min: 2560
	F18_('S4', 'S5')_tb: 30596
	F23_('S4', 'S5')_t5_max: 30659
	F2_('S3', 'E3')_tb: 36
	F9_('S1', 'S2')_t3_min: 13736
	F20_('S3', 'S2')_t3_max: 720
	F15_('S2', 'S3')_t5_min: 2566
	F14_('S3', 'E3')_t3_min: 6143
	F33_('S4', 'E4')_tb: 2551
	F7_('S2', 'E2')_t5_min: 31848
	F29_('S4', 'S5')_t5_min: 71
	F20_('S1', 'E1')_t3_min: 744
	F30_('S4', 'E4')_tb: 118094
	F11_('E5', 'S5')_t4_min: 6631
	F1_('S2', 'S1')_t5_max: 198
	F26_('S2', 'E2')_t4_max: 6698
	F18_('E4', 'S4')_t3_min: 30590
	F27_('S3', 'S2')_t5_max: 62759
	F12_('S4', 'E4')_t3_max: 3997
	F33_('E1', 'S1')_t4_min: 2513
	F26_('S3', 'S2')_t3_max: 6653
	F11_('E5', 'S5')_t5_max: 6633
	F22_('S4', 'S3')_t5_min: 3838
	F38_('S5', 'E5')_t5_min: 18462
	F39_('S2', 'S1')_t5_min: 2393
	F31_('S2', 'E2')_t4_max: 2351
	F2_('E4', 'S4')_t4_min: 1
	F16_('S3', 'S2')_t5_min: 124151
	F27_('E3', 'S3')_t3_min: 62727
	F29_('S5', 'E5')_t3_min: 73
	F27_('E3', 'S3')_t4_max: 62727
	F9_('S3', 'S4')_tb: 13779
	F2_('S3', 'E3')_t4_max: 36
	F17_('S1', 'E1')_t3_max: 234
	F2_('S4', 'S3')_t5_min: 11
	F11_('S4', 'E4')_t3_min: 6644
	F22_('S3', 'S2')_t3_max: 3881
	F12_('S4', 'E4')_tb: 3997
	F26_('S5', 'S4')_t3_min: 6610
	F8_('S5', 'S4')_t5_max: 3907
	F31_('S2', 'E2')_t3_max: 2338
	F15_('S4', 'S5')_tb: 2600
	F5_('E3', 'S3')_t3_min: 58107
	F2_('S3', 'E3')_t5_max: 40
	F26_('E5', 'S5')_t4_max: 6596
	F23_('S4', 'S5')_t3_min: 30639
	F6_('S3', 'S4')_t5_max: 1840
	F6_('E1', 'S1')_t5_max: 1767
	F29_('E1', 'S1')_tb: 20
	F23_('S5', 'E5')_t3_max: 30666
	F22_('S2', 'E2')_t3_min: 3849
	F12_('E1', 'S1')_t4_max: 3922
	F8_('S4', 'E4')_t3_max: 3914
	F36_('E5', 'S5')_t4_min: 14196
	F1_('S4', 'S3')_tb: 142
	F11_('S4', 'E4')_t5_min: 6651
	F39_('S1', 'E1')_t3_max: 2400
	F37_('S3', 'S4')_tb: 30516
	F34_('S1', 'E1')_tb: 6099
	F25_('S3', 'S2')_t5_min: 50342
	F33_('S3', 'S4')_tb: 2544
	F7_('E1', 'S1')_tb: 31788
	F36_('E5', 'S5')_t5_min: 14199
	F2_('E4', 'S4')_t5_min: 5
	F20_('S4', 'S3')_t3_max: 699
	F9_('S1', 'S2')_t5_max: 13762
	F31_('S5', 'S4')_t5_max: 2283
	F22_('E5', 'S5')_tb: 3813
	F6_('S3', 'S4')_t3_min: 1822
	F9_('E1', 'S1')_tb: 13726
	F24_('S5', 'S4')_t5_max: 2672
	F16_('E4', 'S4')_t5_min: 124131
	('E5', 'S5')_gcl_length: 0
	F30_('S4', 'E4')_t4_max: 118148
	F13_('E3', 'S3')_t4_max: 2482
	F11_('E5', 'S5')_t3_min: 6631
	F38_('E3', 'S3')_t5_min: 18426
	F26_('E5', 'S5')_t4_min: 6596
	F13_('S3', 'S4')_t3_min: 2486
	F13_('S5', 'E5')_t4_max: 2535
	F6_('S1', 'S2')_t5_min: 1782
	F18_('S4', 'S5')_t5_max: 30618
	F3_('S3', 'E3')_t5_min: 2124
	F7_('E1', 'S1')_t3_min: 31788
	F22_('S3', 'S2')_t5_min: 3847
	F13_('E3', 'S3')_t5_min: 2484
	('E3', 'S3')_gcl_length: 0
	F18_('S5', 'E5')_t5_max: 30642
	F34_('S1', 'E1')_t5_max: 6174
	F16_('S4', 'S3')_t5_max: 124141
	F25_('S1', 'E1')_t5_min: 50394
	F14_('S5', 'S4')_t5_min: 6104
	F0_('E2', 'S2')_t5_max: 6541
	F19_('E5', 'S5')_t4_min: 30573
	F39_('E2', 'S2')_t4_min: 2382
	F20_('S5', 'S4')_t5_min: 674
	F22_('S5', 'S4')_t3_min: 3822
	F19_('S5', 'S4')_t3_min: 30583
	F31_('S2', 'E2')_t5_min: 2283
	F0_('S3', 'E3')_t5_max: 6584
	F38_('S5', 'E5')_t5_max: 18516
	F23_('E3', 'S3')_t4_max: 30626
	F34_('E4', 'S4')_t4_min: 6079
	F34_('S3', 'S2')_t3_max: 6112
	F3_('E2', 'S2')_t4_min: 2091
	F36_('S5', 'S4')_tb: 14206
	F5_('S3', 'S2')_tb: 58121
	F13_('S4', 'S5')_t3_min: 2490
	F0_('S3', 'E3')_t4_max: 6576
	F29_('S5', 'E5')_tb: 73
	F32_('S5', 'E5')_t5_min: 126054
	F6_('E1', 'S1')_t4_min: 1754
	F24_('E5', 'S5')_t5_min: 2643
	F38_('E3', 'S3')_t3_min: 18416
	F30_('S3', 'S4')_t3_max: 118107
	F9_('E1', 'S1')_t5_min: 13734
	F39_('S1', 'E1')_t5_min: 2402
	F33_('S2', 'S3')_tb: 2537
	F4_('E1', 'S1')_t5_max: 4047
	F25_('E3', 'S3')_t4_max: 50320
	F23_('S4', 'S5')_tb: 30639
	F7_('S2', 'E2')_tb: 31837
	F26_('S3', 'S2')_t5_min: 6660
	F23_('S5', 'E5')_t4_max: 30679
	F37_('S5', 'E5')_t5_min: 30547
	F29_('S5', 'E5')_t5_min: 77
	F30_('S3', 'S4')_tb: 118084
	F36_('E5', 'S5')_t4_max: 14196
	F10_('S4', 'S3')_t5_max: 3905
	F30_('E2', 'S2')_t4_min: 118064
	F23_('E3', 'S3')_t5_min: 30628
	F30_('E2', 'S2')_tb: 118064
	F38_('S4', 'S5')_t5_min: 18450
	F31_('S2', 'E2')_t3_min: 2279
	F20_('S2', 'S1')_t3_max: 741
	F24_('E5', 'S5')_t4_min: 2634
	F25_('S3', 'S2')_t5_max: 50360
	F39_('E2', 'S2')_t3_min: 2382
	F20_('S2', 'S1')_t3_min: 682
	F38_('E3', 'S3')_tb: 18416
	F3_('E2', 'S2')_t5_max: 2099
	F30_('S4', 'E4')_t5_min: 118102
	F1_('E4', 'S4')_t4_min: 132
	F17_('S1', 'E1')_t4_max: 247
	F11_('E5', 'S5')_t4_max: 6631
	F20_('E5', 'S5')_tb: 670
	F30_('S3', 'S4')_t3_min: 118084
	F23_('E3', 'S3')_t5_max: 30628
	('S4', 'S3')_gcl_length: 194
	F23_('S4', 'S5')_t5_min: 30641
	F3_('S2', 'S3')_t5_max: 2114
	F17_('S1', 'E1')_t5_min: 234
	F31_('S3', 'S2')_t5_min: 2277
	F24_('S4', 'E4')_t4_max: 2692
	F32_('S4', 'S5')_tb: 126026
	F19_('S5', 'S4')_tb: 30583
	F34_('S1', 'E1')_t3_max: 6158
	F25_('S2', 'S1')_t3_max: 50367
	F12_('S4', 'E4')_t5_max: 3999
	F35_('S4', 'E4')_t3_min: 2411
	F28_('S2', 'S1')_t3_min: 14402
	F22_('S2', 'E2')_t5_max: 3928
	F13_('E3', 'S3')_tb: 2482
	F6_('S2', 'S3')_t5_min: 1820
	F26_('E5', 'S5')_t5_min: 6608
	F33_('S1', 'S2')_t5_max: 2530
	F17_('S4', 'S3')_tb: 185
	F14_('S4', 'S3')_t3_min: 6106
	F34_('S4', 'S3')_t5_max: 6105
	F23_('S3', 'S4')_t5_min: 30637
	F21_('S4', 'E4')_t5_max: 38410
	F5_('S2', 'E2')_tb: 58135
	F10_('S4', 'S3')_t3_max: 3898
	F0_('S2', 'S3')_t5_min: 6556
	F28_('E2', 'S2')_t4_max: 14391
	F22_('E5', 'S5')_t5_max: 3820
	F18_('E4', 'S4')_tb: 30590
	F5_('S3', 'S2')_t5_min: 58133
	F15_('S3', 'S4')_t5_max: 2593
	F21_('S3', 'S4')_t5_max: 38385
	F2_('E4', 'S4')_t3_min: 1
	F19_('S5', 'S4')_t5_max: 30609
	F24_('S5', 'S4')_t3_min: 2645
	F26_('S3', 'S2')_t3_min: 6648
	F38_('S3', 'S4')_tb: 18428
	F15_('S3', 'S4')_tb: 2591
	F26_('S2', 'E2')_t3_min: 6662
	F20_('S3', 'S2')_t5_min: 680
	F26_('S3', 'S2')_t5_max: 6678
	F14_('E5', 'S5')_t5_min: 6090
	F36_('E5', 'S5')_t5_max: 14199
	F38_('S5', 'E5')_t4_max: 18506
	F35_('S2', 'S3')_t5_min: 2402
	F33_('S4', 'E4')_t5_min: 2556
	F4_('S1', 'S2')_t5_max: 4064
	F31_('E5', 'S5')_t4_min: 2255
	F27_('S2', 'E2')_t3_max: 62766
	F38_('S4', 'S5')_t5_max: 18486
	F29_('S3', 'S4')_t5_min: 65
	F21_('E3', 'S3')_t5_min: 38373
	F10_('E5', 'S5')_t4_max: 3857
	F35_('S3', 'S4')_t5_max: 2427
	F25_('S1', 'E1')_tb: 50384
	F1_('S4', 'S3')_t5_max: 168
	F12_('E1', 'S1')_t4_min: 3922
	F26_('E5', 'S5')_tb: 6596
	F25_('S1', 'E1')_t5_max: 50394
	F32_('S4', 'S5')_t3_min: 126021
	F37_('S5', 'E5')_t3_min: 30538
	F2_('E4', 'S4')_tb: 1
	F9_('S4', 'S5')_t5_min: 13797
	F5_('E3', 'S3')_t4_max: 58107
	F12_('S2', 'S3')_tb: 3930
	F32_('S5', 'E5')_t3_max: 126046
	F2_('S4', 'S3')_tb: 7
	F38_('E3', 'S3')_t4_min: 18416
	F6_('E1', 'S1')_t5_min: 1767
	F26_('S2', 'E2')_t5_min: 6674
	F15_('S3', 'S4')_t3_max: 2591
	F3_('S2', 'S3')_t5_min: 2114
	F0_('S2', 'S3')_tb: 6548
	F1_('S2', 'S1')_t3_min: 185
	F16_('S4', 'S3')_t3_min: 124133
	F32_('S4', 'S5')_t5_max: 126039
	F20_('E5', 'S5')_t4_min: 670
	F36_('S3', 'S2')_tb: 14216
	F13_('S3', 'S4')_t5_min: 2488
	F1_('E4', 'S4')_t5_max: 140
	F39_('E2', 'S2')_tb: 2382
	F19_('E5', 'S5')_t3_min: 30573
	F32_('E4', 'S4')_t5_max: 126019
	F3_('S3', 'E3')_t4_max: 2134
	F16_('S2', 'E2')_tb: 124153
	F2_('S3', 'E3')_t5_min: 40
	F30_('S2', 'S3')_tb: 118074
	F1_('S4', 'S3')_t5_min: 150
	F23_('S5', 'E5')_tb: 30643
	F9_('E1', 'S1')_t4_min: 13726
	F12_('S1', 'S2')_t5_max: 3946
	F8_('E5', 'S5')_t3_min: 3880
	F11_('S5', 'S4')_tb: 6640
	F34_('S3', 'S2')_t5_max: 6128
	F19_('E5', 'S5')_t5_max: 30581
	F28_('S1', 'E1')_t4_max: 14449
	F30_('E2', 'S2')_t5_min: 118072
	F15_('S5', 'E5')_t3_max: 2609
	F36_('S2', 'E2')_t4_max: 14275
	F37_('E3', 'S3')_t5_min: 30514
	F36_('S4', 'S3')_t5_max: 14232
	F20_('S3', 'S2')_tb: 679
	F9_('S3', 'S4')_t3_min: 13779
	F4_('S2', 'E2')_t3_min: 4066
	F24_('S5', 'S4')_tb: 2645
	F21_('S4', 'E4')_t3_max: 38392
	F37_('E3', 'S3')_t3_min: 30505
	F28_('E2', 'S2')_tb: 14391
	F12_('S4', 'E4')_t4_max: 3997
	F15_('S2', 'S3')_tb: 2564
	F14_('S3', 'E3')_tb: 6143
	F25_('S3', 'S2')_tb: 50332
	F13_('S4', 'S5')_t5_min: 2515
	F1_('S1', 'E1')_t3_min: 200
	F20_('S5', 'S4')_tb: 673
	F5_('E3', 'S3')_t5_max: 58119
	F13_('E3', 'S3')_t5_max: 2484
	F13_('E3', 'S3')_t3_min: 2482
	F12_('S1', 'S2')_t5_min: 3928
	F33_('S4', 'E4')_t4_max: 2587
	F27_('S3', 'S2')_t5_min: 62741
	F22_('S3', 'S2')_t5_max: 3901
	F4_('E1', 'S1')_t4_max: 4037
	F20_('S1', 'E1')_t4_max: 749
	F29_('S2', 'S3')_t5_max: 59
	F7_('E1', 'S1')_t5_max: 31799
	F6_('S2', 'S3')_tb: 1807
	F34_('S3', 'S2')_tb: 6089
	F32_('E4', 'S4')_t5_min: 126019
	F32_('E4', 'S4')_t4_min: 126006
	F25_('S1', 'E1')_t3_min: 50379
	F31_('S4', 'S3')_t5_min: 2271
	F0_('E2', 'S2')_tb: 6533
	F10_('S3', 'E3')_t4_max: 3925
	F7_('S2', 'E2')_t4_max: 31837
	F24_('S4', 'E4')_t3_min: 2656
	F26_('S4', 'S3')_t3_max: 6634
	F15_('S5', 'E5')_tb: 2604
	F26_('S3', 'S2')_tb: 6648
	F22_('S2', 'E2')_tb: 3849
	F15_('S2', 'S3')_t5_max: 2584
	F31_('S3', 'S2')_t5_max: 2331
	F5_('E3', 'S3')_tb: 58107
	F10_('S3', 'E3')_t3_max: 3912
	F25_('S2', 'S1')_tb: 50367
	F17_('S2', 'S1')_tb: 222
	F34_('S3', 'S2')_t5_min: 6092
	F30_('E2', 'S2')_t3_min: 118064
	F28_('E2', 'S2')_t5_max: 14400
	F21_('S4', 'E4')_t5_min: 38392
	F0_('E2', 'S2')_t5_min: 6541
	F30_('S4', 'E4')_t3_min: 118094
	F36_('S2', 'E2')_t3_min: 14221
	F3_('S3', 'E3')_t3_max: 2121
	F33_('S3', 'S4')_t3_min: 2544
	F6_('S2', 'S3')_t5_max: 1820
	F4_('E1', 'S1')_tb: 4037
	F9_('S1', 'S2')_tb: 13736
	F2_('S4', 'S3')_t5_max: 29
	F11_('S4', 'E4')_tb: 6649
	F11_('E5', 'S5')_tb: 6631
	F38_('S3', 'S4')_t3_min: 18428
	F33_('E1', 'S1')_t5_max: 2518
	F18_('S5', 'E5')_t3_min: 30602
	F6_('S5', 'E5')_t5_max: 1880
	F15_('S5', 'E5')_t5_min: 2606
	F4_('S2', 'E2')_t5_min: 4076
	F12_('E1', 'S1')_tb: 3922
	F17_('S1', 'E1')_tb: 229
	F9_('E1', 'S1')_t4_max: 13726
	F35_('E2', 'S2')_t5_max: 2390
	F34_('S1', 'E1')_t3_min: 6099
	F32_('E4', 'S4')_tb: 126006
	F18_('S5', 'E5')_tb: 30602
	F6_('S5', 'E5')_t3_max: 1867
	F0_('S3', 'E3')_tb: 6558
	F34_('S2', 'S1')_t3_max: 6135
	F32_('E4', 'S4')_t3_min: 126006
	F7_('S2', 'E2')_t3_min: 31814
	F29_('S4', 'S5')_t3_min: 67
	F38_('S3', 'S4')_t5_max: 18456
	F32_('S5', 'E5')_t3_min: 126041
	F27_('S2', 'E2')_tb: 62743
	('S2', 'S1')_gcl_length: 226
	F26_('E5', 'S5')_t5_max: 6608
	F29_('S3', 'S4')_tb: 61
	F5_('S2', 'E2')_t5_max: 58183
	F21_('E3', 'S3')_t3_min: 38368
	F19_('E5', 'S5')_t4_max: 30573
	F22_('S2', 'E2')_t3_max: 3908
	F17_('S4', 'S3')_t5_min: 190
	F8_('E5', 'S5')_t5_max: 3890
	F12_('S2', 'S3')_t3_max: 3953
	F30_('S4', 'E4')_t3_max: 118135
	F13_('S3', 'S4')_t5_max: 2506
	F34_('S4', 'S3')_t5_min: 6087
	F34_('E4', 'S4')_t4_max: 6079
	F35_('S3', 'S4')_t3_max: 2409
	F19_('S4', 'E4')_tb: 30593
	F36_('S2', 'E2')_tb: 14221
	F26_('S5', 'S4')_tb: 6615
	F31_('S3', 'S2')_tb: 2273
	F26_('S5', 'S4')_t5_max: 6627
	F9_('S5', 'E5')_t5_min: 13807
	F19_('S4', 'E4')_t5_max: 30637
	F22_('E5', 'S5')_t4_min: 3813
	F12_('S3', 'S4')_t5_min: 3936
	F12_('S4', 'E4')_t5_min: 3999
	F6_('S4', 'S5')_t5_max: 1860
	F33_('S2', 'S3')_t3_max: 2537
	F29_('S2', 'S3')_t3_max: 55
	F37_('E3', 'S3')_t4_max: 30505
	F39_('S1', 'E1')_t3_min: 2395
	F32_('S5', 'E5')_t4_max: 126059
	F16_('S4', 'S3')_tb: 124138
	F39_('E2', 'S2')_t5_min: 2384
	F5_('S3', 'S2')_t5_max: 58151
	F14_('S5', 'S4')_tb: 6092
	F7_('E1', 'S1')_t4_min: 31788
	F27_('S2', 'E2')_t5_max: 62785
	F20_('S4', 'S3')_tb: 676
	F31_('S3', 'S2')_t3_min: 2273
	F15_('S3', 'S4')_t3_min: 2568
	F1_('S1', 'E1')_tb: 205
	F33_('S2', 'S3')_t5_max: 2542
	F10_('S5', 'S4')_t5_max: 3891
	F14_('S5', 'S4')_t5_max: 6122
	F19_('E5', 'S5')_tb: 30573
	F2_('S3', 'E3')_t3_max: 36
	F25_('S2', 'S1')_t5_max: 50377
	F23_('E3', 'S3')_t4_min: 30626
	F23_('S5', 'E5')_t5_min: 30645
	F24_('E5', 'S5')_t3_min: 2634
	F20_('E5', 'S5')_t3_min: 670
	F34_('S2', 'S1')_t5_min: 6097
	F1_('S1', 'E1')_t5_max: 213
	F25_('S2', 'S1')_t5_min: 50377
	F35_('E2', 'S2')_t3_min: 2385
	F20_('S3', 'S2')_t5_max: 734
	F11_('S4', 'E4')_t4_max: 6649
	('S2', 'E2')_gcl_length: 2
	F31_('S3', 'S2')_t3_max: 2314
	F35_('S3', 'S4')_t5_min: 2409
	F34_('S4', 'S3')_tb: 6084
	F17_('S1', 'E1')_t3_min: 229
	F17_('S3', 'S2')_t5_min: 197
	F6_('S5', 'E5')_t5_min: 1880
	F23_('E3', 'S3')_t3_min: 30626
	F22_('S3', 'S2')_tb: 3840
	F21_('S4', 'E4')_t3_min: 38387
	F20_('S5', 'S4')_t3_min: 673
	F5_('S2', 'E2')_t5_min: 58147
	F21_('E3', 'S3')_t4_max: 38368
	F9_('S4', 'S5')_t5_max: 13833
	F16_('S2', 'E2')_t5_max: 124174
	F21_('S3', 'S4')_tb: 38380
	F5_('E3', 'S3')_t4_min: 58107
	F23_('S5', 'E5')_t3_min: 30643
	F12_('E1', 'S1')_t5_min: 3924
	F16_('S3', 'S2')_t5_max: 124151
	F33_('S4', 'E4')_t3_min: 2551
	F37_('S3', 'S4')_t5_max: 30543
	F26_('S2', 'E2')_tb: 6662
	F28_('E2', 'S2')_t4_min: 14391
	F20_('S5', 'S4')_t5_max: 692
	F18_('S5', 'E5')_t5_min: 30606
	F1_('S2', 'S1')_t5_min: 198
	F22_('S2', 'E2')_t5_min: 3856
	F15_('S4', 'S5')_t5_max: 2602
	F9_('S2', 'S3')_tb: 13769
	F0_('S2', 'S3')_t5_max: 6556
	F34_('S2', 'S1')_t5_max: 6151
	F17_('E4', 'S4')_t4_max: 173
	F22_('S5', 'S4')_t5_max: 3847
	F12_('S3', 'S4')_tb: 3934
	F28_('E2', 'S2')_t5_min: 14400
	F34_('E4', 'S4')_t5_min: 6082
	F17_('S3', 'S2')_tb: 192
	F32_('E4', 'S4')_t4_max: 126006
	F37_('S4', 'S5')_tb: 30527
	F16_('E4', 'S4')_t3_min: 124128
	F8_('E5', 'S5')_t5_min: 3890
	F23_('S4', 'S5')_t3_max: 30644
	F15_('S3', 'S4')_t5_min: 2593
	F3_('S3', 'E3')_t5_max: 2142
	F8_('S4', 'E4')_t4_max: 3927
	F36_('S3', 'S2')_t3_max: 14239
	F6_('E1', 'S1')_t4_max: 1754
	F29_('S2', 'S3')_tb: 55
	F34_('E4', 'S4')_tb: 6079
	F37_('S3', 'S4')_t3_min: 30516
	F20_('S1', 'E1')_t3_max: 749
	F1_('S2', 'S1')_tb: 190
	F2_('E4', 'S4')_t4_max: 1
	F7_('E1', 'S1')_t4_max: 31788
	F1_('E4', 'S4')_tb: 132
	F17_('S2', 'S1')_t3_min: 199
	F6_('E1', 'S1')_t3_min: 1754
	F19_('S4', 'E4')_t4_max: 30629
	F17_('E4', 'S4')_tb: 173
	F30_('E2', 'S2')_t5_max: 118072
	F0_('E2', 'S2')_t4_min: 6533
	F16_('S4', 'S3')_t5_min: 124141
	F10_('S5', 'S4')_t5_min: 3873
	F20_('S2', 'S1')_t5_max: 742
	F37_('S5', 'E5')_t5_max: 30601
	F35_('S4', 'E4')_t3_max: 2434
	F29_('S3', 'S4')_t3_max: 66
	F14_('S3', 'E3')_t4_max: 6161
	F4_('E1', 'S1')_t3_min: 4037
	F22_('S4', 'S3')_t5_max: 3874
	F18_('E4', 'S4')_t5_max: 30594
	F16_('S3', 'S2')_t3_max: 124148
	F31_('S5', 'S4')_tb: 2261
	F1_('S3', 'S2')_t5_min: 183
	F23_('S3', 'S4')_t3_min: 30630
	F4_('S1', 'S2')_t5_min: 4064
	F16_('S3', 'S2')_tb: 124148
	F1_('S1', 'E1')_t4_max: 205
	F6_('S5', 'E5')_t4_max: 1867
	F36_('S4', 'S3')_t3_max: 14216
	F25_('E3', 'S3')_t5_min: 50330
	F35_('S4', 'E4')_t5_max: 2452
	F33_('S3', 'S4')_t3_max: 2549
	F12_('S2', 'S3')_t3_min: 3930
	F31_('E5', 'S5')_t5_max: 2259
	F16_('E4', 'S4')_t5_max: 124131
	F12_('S2', 'S3')_t5_min: 3932
	F35_('S3', 'S4')_t3_min: 2404
	F6_('S2', 'S3')_t3_min: 1784
	F29_('S4', 'S5')_tb: 67
	F15_('S2', 'S3')_t3_min: 2564
	F15_('S5', 'E5')_t3_min: 2604
	F28_('S1', 'E1')_t3_min: 14413
	F10_('S4', 'S3')_t3_min: 3875
	F9_('S3', 'S4')_t5_max: 13805
	F18_('E4', 'S4')_t4_min: 30590
	F29_('S5', 'E5')_t5_max: 131
	F32_('S5', 'E5')_t5_max: 126072
	F31_('E5', 'S5')_t5_min: 2259
	F29_('S2', 'S3')_t3_min: 32
	('S4', 'E4')_gcl_length: 10
	F29_('S3', 'S4')_t5_max: 83
	F33_('S2', 'S3')_t3_min: 2532
	F27_('S3', 'S2')_t3_min: 62735
	('S3', 'S2')_gcl_length: 130
	F34_('S4', 'S3')_t3_min: 6084
	F17_('S3', 'S2')_t3_min: 192
	F14_('E5', 'S5')_t3_min: 6078
	F10_('S3', 'E3')_tb: 3907
	F25_('S1', 'E1')_t4_max: 50384
	F33_('E1', 'S1')_t5_min: 2518
	F21_('S3', 'S4')_t3_min: 38375
	F10_('E5', 'S5')_t4_min: 3857
	F35_('S4', 'E4')_t5_min: 2416
	F36_('S5', 'S4')_t5_min: 14209
	F32_('S5', 'E5')_tb: 126041
