0. Flow F0 [E3-->E2] with period 64000, payload 878B, e2e delay 64000us, jitter 6400us
	('E3', 'S3'), Operation(63077, None, 63085)(63077, 63077)
	('S3', 'S2'), Operation(63087, 63104, 63112)(63104, 63104)
	('S2', 'E2'), Operation(63114, None, 63140)(63114, 63132)
1. Flow F1 [E3-->E1] with period 4000, payload 134B, e2e delay 4000us, jitter 400us
	('E3', 'S3'), Operation(2586, None, 2588)(2586, 2586)
	('S3', 'S2'), Operation(2590, None, 2610)(2590, 2608)
	('S2', 'S1'), Operation(2594, 2619, 2621)(2619, 2619)
	('S1', 'E1'), Operation(2623, None, 2643)(2623, 2641)
2. Flow F2 [E3-->E2] with period 32000, payload 1366B, e2e delay 32000us, jitter 3200us
	('E3', 'S3'), Operation(26095, None, 26106)(26095, 26095)
	('S3', 'S2'), Operation(26108, None, 26137)(26108, 26126)
	('S2', 'E2'), Operation(26121, None, 26168)(26121, 26157)
3. Flow F3 [E1-->E2] with period 2000, payload 120B, e2e delay 2000us, jitter 200us
	('E1', 'S1'), Operation(217, None, 218)(217, 217)
	('S1', 'S2'), Operation(220, None, 239)(220, 238)
	('S2', 'E2'), Operation(223, None, 260)(223, 259)
4. Flow F4 [E3-->E2] with period 16000, payload 1467B, e2e delay 16000us, jitter 1600us
	('E3', 'S3'), Operation(879, None, 891)(879, 879)
	('S3', 'S2'), Operation(893, 898, 910)(898, 898)
	('S2', 'E2'), Operation(912, None, 942)(912, 930)
5. Flow F5 [E4-->E3] with period 4000, payload 121B, e2e delay 4000us, jitter 400us
	('E4', 'S4'), Operation(2155, None, 2156)(2155, 2155)
	('S4', 'S3'), Operation(2158, None, 2177)(2158, 2176)
	('S3', 'E3'), Operation(2161, None, 2198)(2161, 2197)
6. Flow F6 [E5-->E3] with period 2000, payload 902B, e2e delay 2000us, jitter 200us
	('E5', 'S5'), Operation(633, None, 641)(633, 633)
	('S5', 'S4'), Operation(643, 657, 665)(657, 657)
	('S4', 'S3'), Operation(667, 672, 680)(672, 672)
	('S3', 'E3'), Operation(682, None, 708)(682, 700)
7. Flow F7 [E5-->E3] with period 8000, payload 455B, e2e delay 8000us, jitter 800us
	('E5', 'S5'), Operation(2733, None, 2737)(2733, 2733)
	('S5', 'S4'), Operation(2739, 2744, 2748)(2744, 2744)
	('S4', 'S3'), Operation(2750, None, 2772)(2750, 2768)
	('S3', 'E3'), Operation(2756, None, 2796)(2756, 2792)
8. Flow F8 [E1-->E2] with period 64000, payload 446B, e2e delay 64000us, jitter 6400us
	('E1', 'S1'), Operation(59102, None, 59106)(59102, 59102)
	('S1', 'S2'), Operation(59108, None, 59130)(59108, 59126)
	('S2', 'E2'), Operation(59114, None, 59154)(59114, 59150)
9. Flow F9 [E4-->E1] with period 32000, payload 1141B, e2e delay 32000us, jitter 3200us
	('E4', 'S4'), Operation(6714, None, 6724)(6714, 6714)
	('S4', 'S3'), Operation(6726, None, 6754)(6726, 6744)
	('S3', 'S2'), Operation(6738, None, 6784)(6738, 6774)
	('S2', 'S1'), Operation(6750, None, 6814)(6750, 6804)
	('S1', 'E1'), Operation(6762, None, 6844)(6762, 6834)
10. Flow F10 [E5-->E1] with period 64000, payload 386B, e2e delay 64000us, jitter 6400us
	('E5', 'S5'), Operation(6614, None, 6618)(6614, 6614)
	('S5', 'S4'), Operation(6620, None, 6642)(6620, 6638)
	('S4', 'S3'), Operation(6626, None, 6666)(6626, 6662)
	('S3', 'S2'), Operation(6632, None, 6690)(6632, 6686)
	('S2', 'S1'), Operation(6638, None, 6714)(6638, 6710)
	('S1', 'E1'), Operation(6644, None, 6738)(6644, 6734)
11. Flow F11 [E2-->E1] with period 4000, payload 853B, e2e delay 4000us, jitter 400us
	('E2', 'S2'), Operation(2417, None, 2424)(2417, 2417)
	('S2', 'S1'), Operation(2426, None, 2451)(2426, 2444)
	('S1', 'E1'), Operation(2435, None, 2478)(2435, 2471)
12. Flow F12 [E4-->E3] with period 2000, payload 1224B, e2e delay 2000us, jitter 200us
	('E4', 'S4'), Operation(685, None, 695)(685, 685)
	('S4', 'S3'), Operation(697, None, 725)(697, 715)
	('S3', 'E3'), Operation(709, None, 755)(709, 745)
13. Flow F13 [E4-->E5] with period 64000, payload 459B, e2e delay 64000us, jitter 6400us
	('E4', 'S4'), Operation(63947, None, 63951)(63947, 63947)
	('S4', 'S5'), Operation(63953, None, 63975)(63953, 63971)
	('S5', 'E5'), Operation(63959, None, 63999)(63959, 63995)
14. Flow F14 [E2-->E1] with period 32000, payload 804B, e2e delay 32000us, jitter 3200us
	('E2', 'S2'), Operation(14461, None, 14468)(14461, 14461)
	('S2', 'S1'), Operation(14470, None, 14495)(14470, 14488)
	('S1', 'E1'), Operation(14479, None, 14522)(14479, 14515)
15. Flow F15 [E2-->E4] with period 128000, payload 355B, e2e delay 128000us, jitter 12800us
	('E2', 'S2'), Operation(50413, None, 50416)(50413, 50413)
	('S2', 'S3'), Operation(50418, 50425, 50428)(50425, 50425)
	('S3', 'S4'), Operation(50430, 50447, 50450)(50447, 50447)
	('S4', 'E4'), Operation(50452, None, 50473)(50452, 50470)
16. Flow F16 [E2-->E4] with period 4000, payload 396B, e2e delay 4000us, jitter 400us
	('E2', 'S2'), Operation(1, None, 5)(1, 1)
	('S2', 'S3'), Operation(7, 12, 16)(12, 12)
	('S3', 'S4'), Operation(18, 23, 27)(23, 23)
	('S4', 'E4'), Operation(29, None, 51)(29, 47)
17. Flow F17 [E4-->E1] with period 8000, payload 1155B, e2e delay 8000us, jitter 800us
	('E4', 'S4'), Operation(714, None, 724)(714, 714)
	('S4', 'S3'), Operation(726, None, 754)(726, 744)
	('S3', 'S2'), Operation(738, None, 784)(738, 774)
	('S2', 'S1'), Operation(750, None, 814)(750, 804)
	('S1', 'E1'), Operation(762, None, 844)(762, 834)
18. Flow F18 [E1-->E4] with period 16000, payload 1397B, e2e delay 16000us, jitter 1600us
	('E1', 'S1'), Operation(15898, None, 15910)(15898, 15898)
	('S1', 'S2'), Operation(15912, 15917, 15929)(15917, 15917)
	('S2', 'S3'), Operation(15931, 15936, 15948)(15936, 15936)
	('S3', 'S4'), Operation(15950, 15955, 15967)(15955, 15955)
	('S4', 'E4'), Operation(15969, None, 15999)(15969, 15987)
19. Flow F19 [E4-->E2] with period 128000, payload 897B, e2e delay 128000us, jitter 12800us
	('E4', 'S4'), Operation(122122, None, 122130)(122122, 122122)
	('S4', 'S3'), Operation(122132, 122149, 122157)(122149, 122149)
	('S3', 'S2'), Operation(122159, None, 122185)(122159, 122177)
	('S2', 'E2'), Operation(122169, None, 122213)(122169, 122205)
20. Flow F20 [E4-->E5] with period 32000, payload 1280B, e2e delay 32000us, jitter 3200us
	('E4', 'S4'), Operation(1, None, 12)(1, 1)
	('S4', 'S5'), Operation(14, 19, 30)(19, 19)
	('S5', 'E5'), Operation(32, None, 61)(32, 50)
21. Flow F21 [E2-->E5] with period 4000, payload 590B, e2e delay 4000us, jitter 400us
	('E2', 'S2'), Operation(2388, None, 2393)(2388, 2388)
	('S2', 'S3'), Operation(2395, 2412, 2417)(2412, 2412)
	('S3', 'S4'), Operation(2419, 2424, 2429)(2424, 2424)
	('S4', 'S5'), Operation(2431, None, 2454)(2431, 2449)
	('S5', 'E5'), Operation(2438, None, 2479)(2438, 2474)
22. Flow F22 [E5-->E2] with period 128000, payload 388B, e2e delay 128000us, jitter 12800us
	('E5', 'S5'), Operation(10149, None, 10153)(10149, 10149)
	('S5', 'S4'), Operation(10155, 10172, 10176)(10172, 10172)
	('S4', 'S3'), Operation(10178, 10183, 10187)(10183, 10183)
	('S3', 'S2'), Operation(10189, 10194, 10198)(10194, 10194)
	('S2', 'E2'), Operation(10200, None, 10222)(10200, 10218)
23. Flow F23 [E2-->E4] with period 32000, payload 1229B, e2e delay 32000us, jitter 3200us
	('E2', 'S2'), Operation(30366, None, 30376)(30366, 30366)
	('S2', 'S3'), Operation(30378, 30383, 30393)(30383, 30383)
	('S3', 'S4'), Operation(30395, 30408, 30418)(30408, 30408)
	('S4', 'E4'), Operation(30420, None, 30448)(30420, 30438)
24. Flow F24 [E3-->E1] with period 16000, payload 1132B, e2e delay 16000us, jitter 1600us
	('E3', 'S3'), Operation(8809, None, 8819)(8809, 8809)
	('S3', 'S2'), Operation(8821, None, 8849)(8821, 8839)
	('S2', 'S1'), Operation(8833, None, 8879)(8833, 8869)
	('S1', 'E1'), Operation(8845, None, 8909)(8845, 8899)
25. Flow F25 [E4-->E2] with period 2000, payload 632B, e2e delay 2000us, jitter 200us
	('E4', 'S4'), Operation(919, None, 925)(919, 919)
	('S4', 'S3'), Operation(927, None, 951)(927, 945)
	('S3', 'S2'), Operation(935, None, 977)(935, 971)
	('S2', 'E2'), Operation(943, None, 1003)(943, 997)
26. Flow F26 [E3-->E1] with period 128000, payload 1452B, e2e delay 128000us, jitter 12800us
	('E3', 'S3'), Operation(126326, None, 126338)(126326, 126326)
	('S3', 'S2'), Operation(126340, None, 126370)(126340, 126358)
	('S2', 'S1'), Operation(126354, None, 126402)(126354, 126390)
	('S1', 'E1'), Operation(126368, None, 126434)(126368, 126422)
27. Flow F27 [E3-->E4] with period 2000, payload 393B, e2e delay 2000us, jitter 200us
	('E3', 'S3'), Operation(90, None, 94)(90, 90)
	('S3', 'S4'), Operation(96, None, 118)(96, 114)
	('S4', 'E4'), Operation(102, None, 142)(102, 138)
28. Flow F28 [E1-->E2] with period 128000, payload 919B, e2e delay 128000us, jitter 12800us
	('E1', 'S1'), Operation(127026, None, 127034)(127026, 127026)
	('S1', 'S2'), Operation(127036, None, 127062)(127036, 127054)
	('S2', 'E2'), Operation(127046, None, 127090)(127046, 127082)
29. Flow F29 [E2-->E4] with period 32000, payload 516B, e2e delay 32000us, jitter 3200us
	('E2', 'S2'), Operation(30339, None, 30344)(30339, 30339)
	('S2', 'S3'), Operation(30346, None, 30369)(30346, 30364)
	('S3', 'S4'), Operation(30353, None, 30394)(30353, 30389)
	('S4', 'E4'), Operation(30360, None, 30419)(30360, 30414)
30. Flow F30 [E2-->E3] with period 64000, payload 831B, e2e delay 64000us, jitter 6400us
	('E2', 'S2'), Operation(62311, None, 62318)(62311, 62311)
	('S2', 'S3'), Operation(62320, None, 62345)(62320, 62338)
	('S3', 'E3'), Operation(62329, None, 62372)(62329, 62365)
31. Flow F31 [E3-->E2] with period 16000, payload 502B, e2e delay 16000us, jitter 1600us
	('E3', 'S3'), Operation(14990, None, 14995)(14990, 14990)
	('S3', 'S2'), Operation(14997, None, 15020)(14997, 15015)
	('S2', 'E2'), Operation(15004, None, 15045)(15004, 15040)
32. Flow F32 [E5-->E1] with period 4000, payload 1125B, e2e delay 4000us, jitter 400us
	('E5', 'S5'), Operation(2468, None, 2477)(2468, 2468)
	('S5', 'S4'), Operation(2479, None, 2506)(2479, 2497)
	('S4', 'S3'), Operation(2490, None, 2535)(2490, 2526)
	('S3', 'S2'), Operation(2501, None, 2564)(2501, 2555)
	('S2', 'S1'), Operation(2512, None, 2593)(2512, 2584)
	('S1', 'E1'), Operation(2523, None, 2622)(2523, 2613)
33. Flow F33 [E4-->E5] with period 128000, payload 1295B, e2e delay 128000us, jitter 12800us
	('E4', 'S4'), Operation(126157, None, 126168)(126157, 126157)
	('S4', 'S5'), Operation(126170, 126175, 126186)(126175, 126175)
	('S5', 'E5'), Operation(126188, None, 126217)(126188, 126206)
34. Flow F34 [E1-->E2] with period 2000, payload 474B, e2e delay 2000us, jitter 200us
	('E1', 'S1'), Operation(1062, None, 1066)(1062, 1062)
	('S1', 'S2'), Operation(1068, 1085, 1089)(1085, 1085)
	('S2', 'E2'), Operation(1091, None, 1113)(1091, 1109)
35. Flow F35 [E5-->E3] with period 32000, payload 1246B, e2e delay 32000us, jitter 3200us
	('E5', 'S5'), Operation(30337, None, 30347)(30337, 30337)
	('S5', 'S4'), Operation(30349, None, 30377)(30349, 30367)
	('S4', 'S3'), Operation(30361, None, 30407)(30361, 30397)
	('S3', 'E3'), Operation(30373, None, 30437)(30373, 30427)
36. Flow F36 [E1-->E3] with period 2000, payload 1246B, e2e delay 2000us, jitter 200us
	('E1', 'S1'), Operation(228, None, 238)(228, 228)
	('S1', 'S2'), Operation(240, None, 268)(240, 258)
	('S2', 'S3'), Operation(252, None, 298)(252, 288)
	('S3', 'E3'), Operation(264, None, 328)(264, 318)
37. Flow F37 [E1-->E5] with period 8000, payload 611B, e2e delay 8000us, jitter 800us
	('E1', 'S1'), Operation(98, None, 103)(98, 98)
	('S1', 'S2'), Operation(105, None, 128)(105, 123)
	('S2', 'S3'), Operation(112, None, 153)(112, 148)
	('S3', 'S4'), Operation(119, None, 178)(119, 173)
	('S4', 'S5'), Operation(126, None, 203)(126, 198)
	('S5', 'E5'), Operation(133, None, 228)(133, 223)
38. Flow F38 [E4-->E1] with period 32000, payload 956B, e2e delay 32000us, jitter 3200us
	('E4', 'S4'), Operation(24870, None, 24878)(24870, 24870)
	('S4', 'S3'), Operation(24880, None, 24906)(24880, 24898)
	('S3', 'S2'), Operation(24890, None, 24934)(24890, 24926)
	('S2', 'S1'), Operation(24900, None, 24962)(24900, 24954)
	('S1', 'E1'), Operation(24910, None, 24990)(24910, 24982)
39. Flow F39 [E2-->E4] with period 8000, payload 1484B, e2e delay 8000us, jitter 800us
	('E2', 'S2'), Operation(6, None, 18)(6, 6)
	('S2', 'S3'), Operation(20, 25, 37)(25, 25)
	('S3', 'S4'), Operation(39, None, 69)(39, 57)
	('S4', 'E4'), Operation(53, None, 101)(53, 89)

SMT variables: 
	F2_('S2', 'E2')_t4_max: 26157
	F32_jitter: 90
	F33_('E4', 'S4')_gc: False
	F38_('S2', 'S1')_t4_max: 24954
	F38_('E4', 'S4')_rr: 0
	('S4', 'S3')_gcl_cycle: 128000
	F7_queue_index: 0
	F30_('S3', 'E3')_t4_min: 62329
	F32_('S2', 'S1')_t4_min: 2512
	F1_('S3', 'S2')_t3_min: 2590
	F35_('S5', 'S4')_rr: 0
	F17_('S2', 'S1')_t4_min: 750
	F18_('S4', 'E4')_t3_max: 15974
	F9_('S1', 'E1')_rr: 0
	F17_('S2', 'S1')_t3_max: 791
	F9_('S2', 'S1')_rr: 0
	F39_('S2', 'S3')_t3_max: 25
	F36_('S2', 'S3')_gc: False
	F22_queue_index: 0
	F16_('S2', 'S3')_t4_max: 12
	F37_('S2', 'S3')_t4_min: 112
	F24_('S3', 'S2')_t4_max: 8839
	F39_('S2', 'S3')_gc: True
	F21_('E2', 'S2')_rr: 0
	F7_('S4', 'S3')_rr: 0
	F2_('E3', 'S3')_t3_max: 26082
	F18_('S3', 'S4')_t3_max: 15955
	F32_('S1', 'E1')_t4_min: 2523
	F14_('S2', 'S1')_t3_max: 14475
	F37_('S4', 'S5')_t3_max: 185
	F30_('S3', 'E3')_gc: False
	F9_('S3', 'S2')_t4_min: 6738
	F24_('E3', 'S3')_rr: 0
	F1_('S2', 'S1')_t4_max: 2619
	F32_('E5', 'S5')_t5_min: 2477
	F35_('E5', 'S5')_gc: False
	F0_('S3', 'S2')_t3_max: 63092
	F10_('S3', 'S2')_t4_min: 6632
	F6_('S4', 'S3')_t4_min: 672
	F2_('S3', 'S2')_tb: 26108
	F32_('S5', 'S4')_t4_min: 2479
	F7_('E5', 'S5')_t3_max: 2720
	F13_jitter: 36
	F1_jitter: 18
	F20_('S4', 'S5')_t4_max: 19
	F25_('S4', 'S3')_t4_max: 945
	F15_jitter: 18
	F7_('S5', 'S4')_t4_max: 2744
	F36_('S2', 'S3')_t4_min: 252
	F37_('S2', 'S3')_rr: 0
	F6_queue_index: 0
	F31_('S2', 'E2')_tb: 15004
	F27_('E3', 'S3')_gc: False
	F22_('E5', 'S5')_t3_max: 10136
	F32_('E5', 'S5')_t3_max: 2455
	F34_('S1', 'S2')_t3_max: 1073
	F16_('S3', 'S4')_t4_max: 23
	F37_('S3', 'S4')_rr: 0
	('E2', 'S2')_gcl_cycle: 1
	F2_('S2', 'E2')_rr: 0
	('S2', 'E2')_gcl_cycle: 1
	F16_('E2', 'S2')_gc: False
	F1_('S1', 'E1')_rr: 0
	F5_('S3', 'E3')_rr: 0
	F37_('S4', 'S5')_rr: 0
	F16_('S4', 'E4')_gc: False
	F30_('S2', 'S3')_t4_max: 62338
	F10_('E5', 'S5')_t3_min: 6614
	F8_('E1', 'S1')_rr: 0
	F4_('E3', 'S3')_t3_max: 866
	F34_('S1', 'S2')_tb: 1085
	F23_('S2', 'S3')_rr: 4
	F16_('S3', 'S4')_gc: True
	F28_('E1', 'S1')_gc: False
	F37_('S4', 'S5')_gc: False
	F33_('S4', 'S5')_t4_max: 126175
	F5_('S4', 'S3')_t5_min: 2159
	('S3', 'E3')_gcl_cycle: 1
	F26_('S1', 'E1')_rr: 0
	F9_('S3', 'S2')_t4_max: 6774
	F23_('E2', 'S2')_gc: False
	F15_('E2', 'S2')_t3_max: 50400
	F18_('S1', 'S2')_t4_max: 15917
	F22_('S3', 'S2')_gc: True
	F22_('S5', 'S4')_t4_min: 10172
	F38_('S4', 'S3')_gc: False
	F1_('S2', 'S1')_rr: 1
	F28_jitter: 36
	F38_('S4', 'S3')_t4_min: 24880
	F18_('S3', 'S4')_rr: 8
	F13_('S4', 'S5')_rr: 0
	F37_('S4', 'S5')_t4_max: 198
	F6_('S3', 'E3')_t4_max: 700
	F13_('S4', 'S5')_t3_max: 63958
	F15_('S4', 'E4')_rr: 0
	F38_('S4', 'S3')_t3_max: 24885
	F16_('S3', 'S4')_rr: 32
	F13_('S4', 'S5')_t4_max: 63971
	F37_('S2', 'S3')_gc: False
	F16_('S2', 'S3')_gc: True
	F31_('S2', 'E2')_rr: 0
	F11_('E2', 'S2')_tb: 2417
	F25_('S4', 'S3')_t3_max: 932
	F32_('S1', 'E1')_gc: False
	F26_('S1', 'E1')_gc: False
	F29_('E2', 'S2')_t3_max: 30326
	F9_('S1', 'E1')_t4_min: 6762
	F17_('S4', 'S3')_t3_max: 731
	F31_('S2', 'E2')_t5_max: 15045
	F35_('E5', 'S5')_t4_min: 30337
	F12_('S3', 'E3')_rr: 0
	F6_('S3', 'E3')_t4_min: 682
	F23_('S2', 'S3')_t4_max: 30383
	F9_('S3', 'S2')_rr: 0
	F22_('E5', 'S5')_t5_min: 10153
	F14_('S2', 'S1')_rr: 0
	F22_('S4', 'S3')_rr: 1
	F33_('S4', 'S5')_rr: 1
	F27_('E3', 'S3')_rr: 0
	F3_('E1', 'S1')_rr: 0
	F19_('S2', 'E2')_gc: False
	F32_('S2', 'S1')_gc: False
	F36_('S1', 'S2')_t3_max: 245
	F17_('S1', 'E1')_rr: 0
	F17_('S3', 'S2')_t4_max: 774
	F37_('S5', 'E5')_rr: 0
	F3_('E1', 'S1')_t3_max: 204
	F29_('S3', 'S4')_gc: False
	F5_('E4', 'S4')_t4_min: 2155
	F22_('S5', 'S4')_tb: 10172
	F0_('E3', 'S3')_t3_min: 63077
	F5_('S4', 'S3')_t4_max: 2176
	F5_('E4', 'S4')_t3_max: 2142
	F38_queue_index: 0
	F28_('S1', 'S2')_tb: 127036
	F22_('E5', 'S5')_gc: False
	F17_('S4', 'S3')_rr: 0
	F23_queue_index: 0
	('E1', 'S1')_gcl_cycle: 1
	F36_('S3', 'E3')_t4_min: 264
	F35_('S3', 'E3')_t4_min: 30373
	F38_('S4', 'S3')_t4_max: 24898
	F18_jitter: 18
	F34_('S1', 'S2')_t4_min: 1085
	('S1', 'S2')_gcl_cycle: 16000
	F25_('S3', 'S2')_t4_max: 971
	F10_('S4', 'S3')_gc: False
	F17_('S2', 'S1')_t5_min: 760
	F20_('S4', 'S5')_tb: 19
	F18_('S4', 'E4')_rr: 0
	F9_('S1', 'E1')_gc: False
	F9_('E4', 'S4')_t5_max: 6724
	F24_('E3', 'S3')_gc: False
	F14_('S2', 'S1')_gc: False
	F17_('S1', 'E1')_gc: False
	F17_('S4', 'S3')_gc: False
	F21_jitter: 36
	F35_('S3', 'E3')_rr: 0
	F15_('S4', 'E4')_gc: False
	F5_('S3', 'E3')_gc: False
	F34_('E1', 'S1')_t3_max: 1049
	F37_('S2', 'S3')_t4_max: 148
	F14_('E2', 'S2')_rr: 0
	F19_('S3', 'S2')_t4_min: 122159
	F4_('S2', 'E2')_t3_max: 917
	F24_('S2', 'S1')_gc: False
	F20_('S5', 'E5')_t4_min: 32
	F11_queue_index: 0
	F14_('S1', 'E1')_t4_min: 14479
	F28_('S1', 'S2')_rr: 0
	F26_('S2', 'S1')_t4_min: 126354
	F9_('S3', 'S2')_gc: False
	F2_('S3', 'S2')_rr: 0
	F18_('S2', 'S3')_t5_min: 15948
	F23_('S2', 'S3')_gc: True
	F15_queue_index: 0
	F39_('S2', 'S3')_t4_min: 25
	F18_('S1', 'S2')_rr: 1
	F32_('E5', 'S5')_gc: False
	F26_jitter: 54
	F29_('S3', 'S4')_t4_max: 30389
	F26_('E3', 'S3')_t4_min: 126326
	F39_('S3', 'S4')_t4_min: 39
	F18_('S2', 'S3')_t4_min: 15936
	('S1', 'E1')_gcl_cycle: 1
	F31_('E3', 'S3')_rr: 0
	F29_('S2', 'S3')_t5_min: 30351
	F16_('S2', 'S3')_t5_min: 16
	F35_('S3', 'E3')_t5_min: 30383
	F7_('S5', 'S4')_gc: True
	F6_('S5', 'S4')_gc: True
	F34_('S2', 'E2')_t4_max: 1109
	F12_queue_index: 0
	F30_jitter: 36
	F26_('S2', 'S1')_t4_max: 126390
	F30_('S2', 'S3')_rr: 0
	F12_('E4', 'S4')_t5_max: 695
	F14_('S2', 'S1')_t4_min: 14470
	F31_('E3', 'S3')_t3_min: 14990
	F1_('E3', 'S3')_gc: False
	F20_jitter: 18
	F10_jitter: 90
	F16_('S3', 'S4')_t3_min: 18
	F19_('S2', 'E2')_rr: 0
	F21_('S2', 'S3')_t3_min: 2395
	F1_('S1', 'E1')_t4_min: 2623
	F19_('S4', 'S3')_gc: True
	F0_('S3', 'S2')_t4_max: 63104
	F11_('S2', 'S1')_t4_max: 2444
	F22_('S5', 'S4')_t3_max: 10160
	F39_jitter: 36
	F35_('S5', 'S4')_gc: False
	F25_('E4', 'S4')_t4_max: 919
	F6_('S5', 'S4')_t4_max: 657
	F33_('S4', 'S5')_gc: True
	F32_('S1', 'E1')_rr: 0
	F20_('S5', 'E5')_rr: 0
	F5_('S3', 'E3')_t3_min: 2161
	F29_jitter: 54
	F15_('S3', 'S4')_gc: True
	F32_('E5', 'S5')_rr: 0
	F19_('S2', 'E2')_t3_max: 122192
	F30_('S2', 'S3')_t5_max: 62345
	F33_queue_index: 0
	F11_('E2', 'S2')_rr: 0
	F26_('E3', 'S3')_t3_max: 126313
	F33_('S4', 'S5')_t5_max: 126186
	F9_jitter: 72
	F15_('E2', 'S2')_t4_max: 50413
	F39_('E2', 'S2')_gc: False
	F17_('E4', 'S4')_t3_max: 701
	F29_('S3', 'S4')_t4_min: 30353
	F39_('S3', 'S4')_gc: False
	F22_('S3', 'S2')_t4_min: 10194
	F13_('S4', 'S5')_tb: 63953
	F0_queue_index: 0
	F24_('S3', 'S2')_t3_min: 8821
	F34_('E1', 'S1')_gc: False
	F16_queue_index: 0
	F30_('S2', 'S3')_t3_max: 62325
	F31_('S3', 'S2')_t4_min: 14997
	F2_('S3', 'S2')_gc: False
	F11_('S1', 'E1')_rr: 0
	F8_('S1', 'S2')_t4_min: 59108
	F7_('S4', 'S3')_gc: False
	F22_('S4', 'S3')_tb: 10183
	F15_('S2', 'S3')_t4_min: 50425
	F33_('S5', 'E5')_gc: False
	F6_('S3', 'E3')_rr: 0
	F27_('S4', 'E4')_tb: 102
	F0_('S3', 'S2')_gc: True
	F24_('S2', 'S1')_t4_min: 8833
	F0_('S3', 'S2')_t4_min: 63104
	F22_('S5', 'S4')_rr: 1
	F19_('S3', 'S2')_t4_max: 122177
	F38_('S1', 'E1')_t5_min: 24918
	F31_('S3', 'S2')_t3_max: 15002
	F12_('E4', 'S4')_rr: 0
	F24_('S1', 'E1')_rr: 0
	F32_('S5', 'S4')_t3_max: 2484
	F39_('S2', 'S3')_t4_max: 25
	F10_('S1', 'E1')_gc: False
	F10_('E5', 'S5')_rr: 0
	('E3', 'S3')_gcl_cycle: 1
	F24_jitter: 54
	F6_('S4', 'S3')_t5_max: 680
	F22_('S4', 'S3')_t4_max: 10183
	F9_('S4', 'S3')_t4_min: 6726
	F38_('S1', 'E1')_t4_min: 24910
	F23_('S3', 'S4')_tb: 30408
	F15_('E2', 'S2')_rr: 0
	F20_('S5', 'E5')_t3_min: 32
	F32_('S5', 'S4')_gc: False
	F22_('E5', 'S5')_t3_min: 10149
	F29_('S4', 'E4')_t4_min: 30360
	F22_('S3', 'S2')_rr: 1
	F7_jitter: 36
	F10_('S5', 'S4')_t3_max: 6625
	F2_queue_index: 0
	('S2', 'S1')_gcl_cycle: 4000
	F18_('S3', 'S4')_t4_min: 15955
	F6_('S5', 'S4')_t5_min: 665
	F10_('S5', 'S4')_rr: 0
	F29_('S4', 'E4')_tb: 30360
	F29_('S4', 'E4')_rr: 0
	F24_('S3', 'S2')_rr: 0
	F22_('E5', 'S5')_rr: 0
	F29_('S2', 'S3')_t3_max: 30351
	F10_('S1', 'E1')_rr: 0
	F34_jitter: 18
	F2_('S3', 'S2')_t4_max: 26126
	F18_('E1', 'S1')_t3_max: 15885
	F18_('S2', 'S3')_gc: True
	F0_('S2', 'E2')_rr: 0
	F35_('S4', 'S3')_gc: False
	F9_('S2', 'S1')_gc: False
	F17_('S2', 'S1')_t4_max: 804
	F21_('E2', 'S2')_gc: False
	F12_('S4', 'S3')_gc: False
	F21_('S5', 'E5')_gc: False
	F22_('S5', 'S4')_gc: True
	F4_('E3', 'S3')_gc: False
	F1_('E3', 'S3')_rr: 0
	F11_('E2', 'S2')_t3_max: 2404
	F25_jitter: 54
	F19_('S4', 'S3')_t3_max: 122137
	F21_queue_index: 0
	F36_('S2', 'S3')_t4_max: 288
	F1_('S3', 'S2')_gc: False
	F9_('E4', 'S4')_gc: False
	F10_('S4', 'S3')_t4_max: 6662
	F24_('S3', 'S2')_t4_min: 8821
	F12_('S3', 'E3')_t4_max: 745
	F13_('E4', 'S4')_t4_max: 63947
	F17_('S4', 'S3')_t4_min: 726
	F38_('S4', 'S3')_rr: 0
	F21_('S4', 'S5')_t4_max: 2449
	F22_('S3', 'S2')_t4_max: 10194
	F16_('E2', 'S2')_t3_max: -12
	F35_jitter: 54
	F6_('S5', 'S4')_t4_min: 657
	F17_('S3', 'S2')_rr: 0
	F24_('S2', 'S1')_rr: 0
	F16_('S4', 'E4')_t3_max: 34
	F14_jitter: 36
	F17_('E4', 'S4')_gc: False
	F24_('S3', 'S2')_gc: False
	F30_('E2', 'S2')_t4_max: 62311
	F38_('S3', 'S2')_t4_max: 24926
	F19_('S3', 'S2')_rr: 0
	F35_('S3', 'E3')_t3_min: 30373
	F3_('S2', 'E2')_gc: False
	F35_('E5', 'S5')_rr: 0
	F38_jitter: 72
	F33_('S4', 'S5')_t4_min: 126175
	F38_('E4', 'S4')_gc: False
	F15_('S2', 'S3')_t4_max: 50425
	F39_('S2', 'S3')_rr: 16
	('E4', 'S4')_gcl_cycle: 1
	F1_('S3', 'S2')_t4_min: 2590
	F1_('S2', 'S1')_t4_min: 2619
	F30_('S2', 'S3')_t3_min: 62320
	F10_('S5', 'S4')_t4_max: 6638
	F11_('S2', 'S1')_t3_max: 2431
	F22_('S5', 'S4')_t4_max: 10172
	F25_('S4', 'S3')_t4_min: 927
	F27_('S3', 'S4')_rr: 0
	F39_('S3', 'S4')_tb: 39
	F3_jitter: 36
	F27_queue_index: 0
	F21_('E2', 'S2')_t3_max: 2375
	F19_('S3', 'S2')_gc: False
	F21_('S5', 'E5')_t4_min: 2438
	F0_('E3', 'S3')_t3_max: 63064
	F22_('S2', 'E2')_gc: False
	F12_('S4', 'S3')_t3_max: 702
	F23_('E2', 'S2')_rr: 0
	F32_('S5', 'S4')_t4_max: 2497
	F12_jitter: 36
	F32_('S4', 'S3')_rr: 0
	F36_('S3', 'E3')_gc: False
	F5_('S4', 'S3')_t4_min: 2158
	F17_queue_index: 0
	F33_('S5', 'E5')_t4_min: 126188
	F9_('S1', 'E1')_t3_max: 6821
	F25_('S3', 'S2')_t3_max: 958
	F0_('S2', 'E2')_t4_min: 63114
	F8_('S1', 'S2')_t4_max: 59126
	F20_('E4', 'S4')_t3_max: -12
	F5_('S4', 'S3')_t3_max: 2163
	F8_queue_index: 0
	F17_('S3', 'S2')_t5_max: 784
	F4_('E3', 'S3')_tb: 879
	F15_('S2', 'S3')_t3_max: 50423
	F13_('E4', 'S4')_rr: 0
	('S3', 'S2')_gcl_cycle: 128000
	F2_('S2', 'E2')_t4_min: 26121
	F23_jitter: 18
	F0_('E3', 'S3')_rr: 0
	F10_('S3', 'S2')_rr: 0
	F16_('S4', 'E4')_t4_min: 29
	F29_('E2', 'S2')_gc: False
	F27_('S4', 'E4')_rr: 0
	F25_('E4', 'S4')_t3_max: 906
	F37_('E1', 'S1')_t3_max: 85
	F8_('E1', 'S1')_t3_max: 59089
	F21_('S4', 'S5')_rr: 0
	F10_('S2', 'S1')_t4_max: 6710
	F23_('S3', 'S4')_t5_max: 30418
	F37_('S1', 'S2')_gc: False
	F32_('S1', 'E1')_tb: 2523
	F37_queue_index: 0
	F31_queue_index: 0
	F25_('S4', 'S3')_gc: False
	F19_jitter: 36
	F38_('S3', 'S2')_t3_max: 24913
	F22_('S2', 'E2')_t4_min: 10200
	F3_('S1', 'S2')_t4_min: 220
	F32_('E5', 'S5')_t4_max: 2468
	F21_('S2', 'S3')_t3_max: 2400
	F36_('E1', 'S1')_rr: 0
	F25_('S2', 'E2')_gc: False
	F37_('S1', 'S2')_t4_max: 123
	F37_('E1', 'S1')_rr: 0
	F2_('E3', 'S3')_t4_min: 26095
	F37_('E1', 'S1')_gc: False
	F13_('E4', 'S4')_gc: False
	F16_('S2', 'S3')_t4_min: 12
	F18_('S3', 'S4')_gc: True
	F0_('E3', 'S3')_gc: False
	F30_('S2', 'S3')_gc: False
	('S4', 'E4')_gcl_cycle: 1
	F32_('S2', 'S1')_rr: 0
	F6_('E5', 'S5')_t3_max: 620
	F28_('E1', 'S1')_t3_max: 127013
	F18_('S4', 'E4')_gc: False
	F9_('E4', 'S4')_t3_max: 6701
	F18_('S3', 'S4')_t3_min: 15950
	F6_('S5', 'S4')_rr: 64
	F17_('S2', 'S1')_t5_max: 814
	F25_('S4', 'S3')_rr: 0
	F18_('E1', 'S1')_rr: 0
	F1_('S3', 'S2')_t5_max: 2610
	F21_('S2', 'S3')_gc: True
	F29_('S2', 'S3')_t4_min: 30346
	F7_('E5', 'S5')_rr: 0
	('S2', 'S3')_gcl_cycle: 128000
	F13_('S5', 'E5')_rr: 0
	F35_queue_index: 0
	F9_('E4', 'S4')_rr: 0
	F11_('S2', 'S1')_rr: 0
	F29_('S2', 'S3')_rr: 0
	F28_('S2', 'E2')_rr: 0
	F37_('S1', 'S2')_t4_min: 105
	F24_('S1', 'E1')_gc: False
	F11_('E2', 'S2')_t4_max: 2417
	F37_('S3', 'S4')_gc: False
	F7_('S5', 'S4')_rr: 16
	F12_('S4', 'S3')_t4_min: 697
	F36_queue_index: 0
	F14_('S2', 'S1')_t4_max: 14488
	F39_('S4', 'E4')_t4_min: 53
	F19_('E4', 'S4')_gc: False
	F25_('S2', 'E2')_rr: 0
	F27_('S3', 'S4')_t4_min: 96
	F19_('S2', 'E2')_t4_min: 122169
	F15_('S4', 'E4')_t4_min: 50452
	F23_('S2', 'S3')_t4_min: 30383
	F26_('E3', 'S3')_rr: 0
	F5_('E4', 'S4')_gc: False
	F21_('S3', 'S4')_t4_min: 2424
	F6_('E5', 'S5')_gc: False
	F38_('S2', 'S1')_t4_min: 24900
	F5_queue_index: 0
	F9_('S2', 'S1')_t4_min: 6750
	F21_('S3', 'S4')_t4_max: 2424
	F39_('S4', 'E4')_rr: 0
	F26_('S2', 'S1')_t5_min: 126366
	F19_('S4', 'S3')_t4_min: 122149
	F34_('S1', 'S2')_gc: True
	F1_('S1', 'E1')_gc: False
	F5_('S3', 'E3')_t4_min: 2161
	F30_('E2', 'S2')_rr: 0
	F28_('S1', 'S2')_t4_min: 127036
	F31_('S2', 'E2')_t4_min: 15004
	F7_('S3', 'E3')_t4_min: 2756
	F22_('S4', 'S3')_gc: True
	F36_('S1', 'S2')_t4_max: 258
	F21_('S2', 'S3')_t4_max: 2412
	F39_('S4', 'E4')_t5_max: 101
	F14_('E2', 'S2')_t3_max: 14448
	F37_jitter: 90
	F29_('S2', 'S3')_gc: False
	F4_('S3', 'S2')_t4_min: 898
	F31_('S3', 'S2')_gc: False
	F10_('S3', 'S2')_t4_max: 6686
	F20_('E4', 'S4')_tb: 1
	F26_('S3', 'S2')_rr: 0
	F9_('S2', 'S1')_t3_min: 6750
	F38_('S3', 'S2')_rr: 0
	F25_queue_index: 0
	F21_('S4', 'S5')_t4_min: 2431
	F32_queue_index: 0
	F5_('S4', 'S3')_rr: 0
	F18_('S2', 'S3')_t4_max: 15936
	F23_('S3', 'S4')_t4_min: 30408
	F19_('E4', 'S4')_rr: 0
	F13_('S4', 'S5')_gc: False
	F18_('S3', 'S4')_t4_max: 15955
	F16_('S4', 'E4')_rr: 0
	F37_('S5', 'E5')_tb: 133
	F28_('S2', 'E2')_t4_min: 127046
	F23_('S4', 'E4')_t5_min: 30430
	F33_('S4', 'S5')_t3_max: 126175
	F18_('S1', 'S2')_gc: True
	F34_('E1', 'S1')_rr: 0
	F35_('S5', 'S4')_t4_min: 30349
	F22_('S4', 'S3')_t3_min: 10178
	F16_('S2', 'S3')_rr: 32
	F36_('E1', 'S1')_gc: False
	F37_('S3', 'S4')_t4_min: 119
	F22_jitter: 18
	F17_('E4', 'S4')_rr: 0
	F32_('S2', 'S1')_t4_max: 2584
	F33_('S5', 'E5')_rr: 0
	F18_('S1', 'S2')_t4_min: 15917
	F18_('S1', 'S2')_t5_min: 15929
	F3_('S1', 'S2')_t4_max: 238
	F10_('E5', 'S5')_t3_max: 6601
	F20_('E4', 'S4')_rr: 0
	F11_('S2', 'S1')_t4_min: 2426
	F10_('S3', 'S2')_gc: False
	F2_('S3', 'S2')_t3_max: 26113
	F4_('S3', 'S2')_rr: 8
	F27_('S3', 'S4')_t3_max: 101
	F17_('S4', 'S3')_t4_max: 744
	F29_('S4', 'E4')_gc: False
	F3_('S1', 'S2')_t3_max: 225
	F33_('E4', 'S4')_t3_max: 126144
	F36_jitter: 54
	F20_('S5', 'E5')_gc: False
	F31_('S3', 'S2')_t4_max: 15015
	F27_('S3', 'S4')_gc: False
	F17_('S1', 'E1')_t4_min: 762
	F16_('S2', 'S3')_t3_min: 7
	F13_('E4', 'S4')_t3_max: 63934
	F16_('S2', 'S3')_t3_max: 12
	F34_('S2', 'E2')_t5_max: 1113
	F39_queue_index: 0
	F8_('S2', 'E2')_gc: False
	F7_('S4', 'S3')_t4_min: 2750
	F10_('S4', 'S3')_rr: 0
	F22_('S4', 'S3')_t4_min: 10183
	F3_('S2', 'E2')_t4_min: 223
	F8_('S2', 'E2')_t4_min: 59114
	F35_('S4', 'S3')_rr: 0
	F38_('S1', 'E1')_rr: 0
	F23_('E2', 'S2')_t3_max: 30353
	F4_('S2', 'E2')_gc: False
	F14_('E2', 'S2')_gc: False
	F29_queue_index: 0
	F9_('S4', 'S3')_t4_max: 6744
	F21_('S4', 'S5')_t5_max: 2454
	F4_('S3', 'S2')_t4_max: 898
	F6_('S3', 'E3')_gc: False
	F27_('E3', 'S3')_t3_max: 77
	F35_('S3', 'E3')_gc: False
	F9_('S4', 'S3')_gc: False
	F8_jitter: 36
	F18_('S1', 'S2')_t3_max: 15917
	F21_('S5', 'E5')_tb: 2438
	F25_('S3', 'S2')_t4_min: 935
	F13_('E4', 'S4')_t5_min: 63951
	F10_('E5', 'S5')_gc: False
	F11_('E2', 'S2')_gc: False
	F21_('S2', 'S3')_rr: 32
	F3_('E1', 'S1')_gc: False
	F28_('S2', 'E2')_gc: False
	F10_('S2', 'S1')_gc: False
	F19_('E4', 'S4')_t3_max: 122109
	F34_('S1', 'S2')_rr: 8
	F34_('S2', 'E2')_t4_min: 1091
	F1_('S3', 'S2')_rr: 0
	F2_('S2', 'E2')_gc: False
	F10_('S5', 'S4')_gc: False
	F35_('S5', 'S4')_t4_max: 30367
	F39_('E2', 'S2')_t5_max: 18
	F18_('E1', 'S1')_gc: False
	F33_jitter: 18
	F6_('S4', 'S3')_rr: 64
	F14_('S1', 'E1')_rr: 0
	F15_('E2', 'S2')_gc: False
	F30_('E2', 'S2')_gc: False
	F21_('S4', 'S5')_gc: False
	F5_jitter: 36
	F39_('S3', 'S4')_t5_min: 51
	F19_queue_index: 0
	F19_('S4', 'S3')_t4_max: 122149
	F18_('S2', 'S3')_rr: 8
	F23_('S4', 'E4')_gc: False
	F12_('E4', 'S4')_t3_max: 672
	F8_('S1', 'S2')_t3_max: 59113
	F16_('E2', 'S2')_rr: 0
	F13_('S4', 'S5')_t4_min: 63953
	F26_('S3', 'S2')_t3_max: 126345
	F37_('S3', 'S4')_t4_max: 173
	F4_jitter: 18
	F35_('E5', 'S5')_t3_max: 30324
	F20_queue_index: 0
	F23_('S3', 'S4')_gc: True
	F6_('S5', 'S4')_t3_max: 648
	F16_('S3', 'S4')_t4_min: 23
	F7_('S3', 'E3')_rr: 0
	F25_('S3', 'S2')_gc: False
	F4_('S2', 'E2')_rr: 0
	F27_('S4', 'E4')_gc: False
	F14_queue_index: 0
	F15_('S3', 'S4')_rr: 1
	F10_('S5', 'S4')_t4_min: 6620
	F17_('E4', 'S4')_t4_min: 714
	F15_('S3', 'S4')_t4_max: 50447
	F0_jitter: 18
	F3_('S2', 'E2')_rr: 0
	F11_('S1', 'E1')_t4_min: 2435
	F31_('E3', 'S3')_t5_min: 14995
	F37_('S5', 'E5')_t4_min: 133
	F33_('E4', 'S4')_rr: 0
	F10_('S2', 'S1')_rr: 0
	F35_('S4', 'S3')_t4_min: 30361
	F28_('E1', 'S1')_rr: 0
	F31_jitter: 36
	F39_('E2', 'S2')_t4_max: 6
	F30_('S3', 'E3')_rr: 0
	F34_queue_index: 0
	F8_('S2', 'E2')_t5_max: 59154
	F31_('E3', 'S3')_gc: False
	F6_jitter: 18
	F18_queue_index: 0
	F15_('S2', 'S3')_gc: True
	F2_('S3', 'S2')_t4_min: 26108
	F32_('S3', 'S2')_t4_min: 2501
	F3_queue_index: 0
	F7_('S4', 'S3')_t4_max: 2768
	F32_('S4', 'S3')_gc: False
	F38_('S2', 'S1')_rr: 0
	F4_('S3', 'S2')_gc: True
	F30_('E2', 'S2')_t3_max: 62298
	F25_('S2', 'E2')_t3_max: 984
	F17_('S2', 'S1')_gc: False
	F23_('S4', 'E4')_rr: 0
	F28_queue_index: 0
	F25_('E4', 'S4')_gc: False
	F26_('S3', 'S2')_t4_min: 126340
	F4_('S2', 'E2')_t4_min: 912
	F36_('S3', 'E3')_tb: 264
	F19_('E4', 'S4')_t3_min: 122122
	F26_('S1', 'E1')_t4_min: 126368
	F37_('S1', 'S2')_rr: 0
	F36_('S1', 'S2')_rr: 0
	F39_('S3', 'S4')_t4_max: 57
	F20_('S4', 'S5')_rr: 4
	F15_('S2', 'S3')_rr: 1
	F6_('E5', 'S5')_rr: 0
	('E5', 'S5')_gcl_cycle: 1
	F12_('E4', 'S4')_gc: False
	F9_('S4', 'S3')_rr: 0
	F24_('S2', 'S1')_t4_max: 8869
	F32_('S3', 'S2')_rr: 0
	F14_('S1', 'E1')_t4_max: 14515
	F20_('S4', 'S5')_gc: True
	F26_('E3', 'S3')_gc: False
	F7_('E5', 'S5')_gc: False
	F37_('S5', 'E5')_gc: False
	F1_('S2', 'S1')_gc: True
	F10_('S2', 'S1')_t4_min: 6638
	('S3', 'S4')_gcl_length: 154
	F36_('E1', 'S1')_t3_max: 215
	F1_('S3', 'S2')_t3_max: 2595
	F7_('S5', 'S4')_t4_min: 2744
	F30_('S3', 'E3')_t5_min: 62336
	F35_('S4', 'S3')_t4_max: 30397
	F9_('S2', 'S1')_t3_max: 6791
	F14_('S1', 'E1')_gc: False
	F3_('S1', 'S2')_rr: 0
	F9_('S2', 'S1')_t4_max: 6804
	F20_('S4', 'S5')_t3_max: 19
	F13_('S5', 'E5')_t4_min: 63959
	F2_('S3', 'S2')_t3_min: 26108
	F12_('S3', 'E3')_gc: False
	F9_('S4', 'S3')_t3_max: 6731
	F25_('S3', 'S2')_rr: 0
	F34_('S2', 'E2')_rr: 0
	F13_queue_index: 0
	F1_('S3', 'S2')_t4_max: 2608
	F22_('S3', 'S2')_t3_min: 10189
	F8_('S1', 'S2')_gc: False
	F39_('S3', 'S4')_rr: 0
	F20_('S4', 'S5')_t4_min: 19
	F10_('S1', 'E1')_t4_min: 6644
	F6_('S4', 'S3')_gc: True
	F6_('S4', 'S3')_t4_max: 672
	F10_('S4', 'S3')_t4_min: 6626
	F37_('S4', 'S5')_t4_min: 126
	F24_('E3', 'S3')_t3_max: 8796
	F11_jitter: 36
	F17_('S3', 'S2')_gc: False
	F31_('S3', 'S2')_rr: 0
	F26_('S2', 'S1')_rr: 0
	F38_('S1', 'E1')_gc: False
	F21_('S3', 'S4')_gc: True
	F15_('S4', 'E4')_t5_max: 50473
	F27_jitter: 36
	F27_('S4', 'E4')_t4_min: 102
	F19_('S2', 'E2')_t3_min: 122169
	F25_('E4', 'S4')_rr: 0
	F1_('E3', 'S3')_t5_max: 2588
	F24_('S3', 'S2')_t3_max: 8826
	F26_queue_index: 0
	F38_('S2', 'S1')_gc: False
	F38_('E4', 'S4')_t3_max: 24857
	F3_('S1', 'S2')_gc: False
	F23_('S3', 'S4')_rr: 4
	F26_('S2', 'S1')_gc: False
	F20_('S5', 'E5')_t4_max: 50
	F0_('S2', 'E2')_gc: False
	F4_queue_index: 0
	F4_('E3', 'S3')_rr: 0
	F5_('S4', 'S3')_gc: False
	F21_('S2', 'S3')_t4_min: 2412
	F33_('S4', 'S5')_t5_min: 126186
	F25_('S2', 'E2')_t4_min: 943
	F26_('S3', 'S2')_gc: False
	F0_('S3', 'S2')_rr: 2
	F21_('S5', 'E5')_rr: 0
	F29_('E2', 'S2')_rr: 0
	F7_('S5', 'S4')_t3_max: 2744
	F34_('S2', 'E2')_gc: False
	F10_queue_index: 0
	F32_('S3', 'S2')_t4_max: 2555
	F23_('S3', 'S4')_t4_max: 30408
	F29_('S2', 'S3')_t4_max: 30364
	F36_('S2', 'S3')_rr: 0
	F39_('S4', 'E4')_gc: False
	F19_('S4', 'S3')_rr: 1
	F39_('E2', 'S2')_rr: 0
	F33_('E4', 'S4')_tb: 126157
	F28_('S1', 'S2')_t3_max: 127041
	F17_('S2', 'S1')_rr: 0
	F19_('E4', 'S4')_t5_max: 122130
	F15_('S3', 'S4')_t4_min: 50447
	F23_('S4', 'E4')_t4_min: 30420
	F26_('S3', 'S2')_t4_max: 126358
	('S4', 'S5')_gcl_cycle: 128000
	F13_('E4', 'S4')_t3_min: 63947
	F36_('S3', 'E3')_rr: 0
	F23_('S2', 'S3')_t3_max: 30383
	F35_('S5', 'S4')_t3_max: 30354
	F30_queue_index: 0
	F1_('E3', 'S3')_t3_max: 2573
	('S3', 'S4')_gcl_cycle: 128000
	('S5', 'S4')_gcl_cycle: 128000
	F28_('S1', 'S2')_t4_max: 127054
	F39_('E2', 'S2')_t3_max: -7
	F2_('E3', 'S3')_gc: False
	F17_jitter: 72
	F38_('S3', 'S2')_gc: False
	F9_queue_index: 0
	F20_('E4', 'S4')_gc: False
	F5_('E4', 'S4')_rr: 0
	F37_('S1', 'S2')_t3_max: 110
	F8_('E1', 'S1')_t4_min: 59102
	F2_('E3', 'S3')_rr: 0
	F12_('S4', 'S3')_rr: 0
	F19_('S3', 'S2')_tb: 122159
	F28_('E1', 'S1')_tb: 127026
	F31_('S2', 'E2')_gc: False
	F7_('S3', 'E3')_gc: False
	F22_('S2', 'E2')_rr: 0
	('S5', 'E5')_gcl_cycle: 1
	F4_('S3', 'S2')_t3_max: 898
	F32_('S3', 'S2')_gc: False
	F30_('S2', 'S3')_t4_min: 62320
	F1_queue_index: 0
	F13_('S5', 'E5')_gc: False
	F5_('S4', 'S3')_t3_min: 2158
	F12_('S4', 'S3')_tb: 697
	F2_jitter: 36
	F38_('S3', 'S2')_t4_min: 24890
	F32_('S4', 'S3')_t4_min: 2490
	F26_('S1', 'E1')_t3_min: 126368
	F18_('S4', 'E4')_t4_min: 15969
	F12_('S3', 'E3')_t4_min: 709
	F32_('S4', 'S3')_tb: 2490
	F8_('S1', 'S2')_rr: 0
	F16_jitter: 18
	F32_('S4', 'S3')_t4_max: 2526
	F8_('S2', 'E2')_rr: 0
	F17_('S3', 'S2')_t4_min: 738
	F27_('S3', 'S4')_t4_max: 114
	F32_('S5', 'S4')_rr: 0
	F31_('E3', 'S3')_t3_max: 14977
	F29_('S3', 'S4')_rr: 0
	F24_('S1', 'E1')_t4_min: 8845
	F36_('S1', 'S2')_gc: False
	F21_('S3', 'S4')_rr: 32
	F12_('S4', 'S3')_t4_max: 715
	F36_('S1', 'S2')_t4_min: 240
	F8_('E1', 'S1')_gc: False
	F24_queue_index: 0
	F11_('S2', 'S1')_gc: False
	F34_('S1', 'S2')_t4_max: 1085
	F11_('S1', 'E1')_gc: False
	F28_('S1', 'S2')_gc: False
	F6_('S3', 'E3')_t3_min: 682
	F37_('S1', 'S2')_tb: 105
	F1_('E3', 'S3')_t3_min: 2586
	F0_('E3', 'S3')_tb: 63077
	F32_('S3', 'S2')_t5_min: 2510
	F37_('S2', 'S3')_t5_min: 117
	F12_('E4', 'S4')_t4_min: 685
	F38_('S3', 'S2')_t3_min: 24890
	F23_('E2', 'S2')_t4_min: 30366
	F15_('E2', 'S2')_t5_max: 50416
	F10_('S4', 'S3')_t5_min: 6630
	F12_('E4', 'S4')_t4_max: 685
	F6_('S3', 'E3')_t5_min: 690
	F19_('E4', 'S4')_t5_min: 122130
	F17_('E4', 'S4')_t5_min: 724
	F16_('S2', 'S3')_t5_max: 16
	F28_('S2', 'E2')_t3_min: 127046
	F9_('S3', 'S2')_t3_min: 6738
	F8_('S2', 'E2')_t3_max: 59137
	F0_('S2', 'E2')_t3_min: 63114
	F23_('S4', 'E4')_t5_max: 30448
	F6_('S4', 'S3')_t5_min: 680
	F27_('S3', 'S4')_t5_min: 100
	F31_('E3', 'S3')_t4_max: 14990
	F11_('S1', 'E1')_t4_max: 2471
	F35_('S5', 'S4')_t3_min: 30349
	F11_('S2', 'S1')_tb: 2426
	F12_('E4', 'S4')_t3_min: 685
	F28_('S1', 'S2')_t5_max: 127062
	F11_('S1', 'E1')_t3_min: 2435
	F28_('E1', 'S1')_t3_min: 127026
	F12_('E4', 'S4')_tb: 685
	F10_('S4', 'S3')_tb: 6626
	F24_('E3', 'S3')_t3_min: 8809
	F6_('S3', 'E3')_t5_max: 708
	F14_('S1', 'E1')_t5_min: 14486
	F21_('E2', 'S2')_t5_max: 2393
	F22_('S4', 'S3')_t3_max: 10183
	F21_('E2', 'S2')_t4_min: 2388
	F9_('S2', 'S1')_tb: 6750
	F32_('S2', 'S1')_tb: 2512
	F10_('E5', 'S5')_t5_min: 6618
	F10_('S3', 'S2')_t5_max: 6690
	F1_('S1', 'E1')_t3_max: 2628
	('S5', 'E5')_gcl_length: 0
	F8_('S2', 'E2')_t3_min: 59114
	F28_('S1', 'S2')_t5_min: 127044
	F39_('S4', 'E4')_t3_min: 53
	F29_('S4', 'E4')_t5_min: 30365
	F17_('S4', 'S3')_t3_min: 726
	F14_('E2', 'S2')_t4_min: 14461
	F1_('S2', 'S1')_t3_max: 2617
	F28_('E1', 'S1')_t4_max: 127026
	F36_('S3', 'E3')_t5_max: 328
	F32_('S3', 'S2')_t3_max: 2542
	F39_('S3', 'S4')_t3_max: 44
	F38_('S2', 'S1')_t3_min: 24900
	F16_('E2', 'S2')_t3_min: 1
	F30_('S2', 'S3')_t5_min: 62327
	('S1', 'S2')_gcl_length: 18
	F21_('E2', 'S2')_t4_max: 2388
	('S1', 'E1')_gcl_length: 0
	F23_('S4', 'E4')_t3_max: 30425
	F23_('S2', 'S3')_t3_min: 30378
	F30_('S3', 'E3')_t3_min: 62329
	F1_('S1', 'E1')_t5_min: 2625
	F29_('S3', 'S4')_t3_min: 30353
	F33_('S5', 'E5')_t3_min: 126188
	F3_('S1', 'S2')_t5_min: 221
	F35_('S5', 'S4')_t5_max: 30377
	F35_('S4', 'S3')_t5_max: 30407
	F29_('S4', 'E4')_t3_max: 30401
	F29_('E2', 'S2')_tb: 30339
	F15_('E2', 'S2')_t5_min: 50416
	F9_('S2', 'S1')_t5_max: 6814
	F17_('E4', 'S4')_t5_max: 724
	F12_('S3', 'E3')_t3_min: 709
	F16_('S4', 'E4')_t3_min: 29
	F33_('E4', 'S4')_t5_min: 126168
	F26_('E3', 'S3')_t5_min: 126338
	F4_('S2', 'E2')_t5_max: 942
	F25_('S2', 'E2')_tb: 943
	F23_('S2', 'S3')_t5_max: 30393
	F24_('S2', 'S1')_t5_max: 8879
	F36_('E1', 'S1')_t4_min: 228
	F36_('S2', 'S3')_t3_max: 275
	('S2', 'S3')_gcl_length: 186
	F25_('E4', 'S4')_t4_min: 919
	F38_('E4', 'S4')_t5_max: 24878
	F27_('S4', 'E4')_t3_min: 102
	F29_('E2', 'S2')_t3_min: 30339
	F9_('E4', 'S4')_t4_min: 6714
	F26_('E3', 'S3')_tb: 126326
	F33_('S5', 'E5')_t5_max: 126217
	F12_('S4', 'S3')_t3_min: 697
	F4_('S2', 'E2')_t4_max: 930
	F29_('S4', 'E4')_t4_max: 30414
	F36_('S1', 'S2')_t3_min: 240
	F18_('E1', 'S1')_t4_min: 15898
	F13_('S5', 'E5')_t5_min: 63963
	F37_('S4', 'S5')_t3_min: 126
	F18_('S4', 'E4')_t4_max: 15987
	F28_('S2', 'E2')_tb: 127046
	F13_('S5', 'E5')_tb: 63959
	F31_('E3', 'S3')_t4_min: 14990
	F3_('S2', 'E2')_tb: 223
	F37_('S5', 'E5')_t4_max: 223
	F9_('S1', 'E1')_t3_min: 6762
	F17_('S4', 'S3')_t5_max: 754
	F27_('E3', 'S3')_t5_max: 94
	F17_('S3', 'S2')_t3_max: 761
	F29_('E2', 'S2')_t5_min: 30344
	F24_('S3', 'S2')_tb: 8821
	F25_('E4', 'S4')_t5_max: 925
	('S3', 'E3')_gcl_length: 0
	F18_('E1', 'S1')_t5_min: 15910
	F10_('E5', 'S5')_t5_max: 6618
	F5_('E4', 'S4')_tb: 2155
	F3_('S1', 'S2')_t3_min: 220
	F18_('S4', 'E4')_t3_min: 15969
	('E2', 'S2')_gcl_length: 0
	F32_('S1', 'E1')_t3_min: 2523
	F8_('S2', 'E2')_t4_max: 59150
	F6_('E5', 'S5')_t5_min: 641
	F29_('E2', 'S2')_t4_min: 30339
	F22_('S5', 'S4')_t5_min: 10176
	F1_('S3', 'S2')_tb: 2590
	F0_('S2', 'E2')_t5_max: 63140
	F37_('E1', 'S1')_t5_min: 103
	F17_('E4', 'S4')_t3_min: 714
	F6_('S5', 'S4')_t5_max: 665
	F36_('E1', 'S1')_t3_min: 228
	F7_('S4', 'S3')_t3_max: 2755
	F13_('S5', 'E5')_t5_max: 63999
	F18_('E1', 'S1')_tb: 15898
	F6_('S4', 'S3')_t3_max: 672
	F4_('S2', 'E2')_tb: 912
	F3_('E1', 'S1')_t4_max: 217
	F37_('S5', 'E5')_t3_max: 210
	('S4', 'S5')_gcl_length: 10
	F27_('S4', 'E4')_t3_max: 125
	F37_('E1', 'S1')_t4_max: 98
	F14_('S2', 'S1')_t3_min: 14470
	F27_('S3', 'S4')_tb: 96
	F30_('S3', 'E3')_t3_max: 62352
	F9_('E4', 'S4')_t5_min: 6724
	F5_('S3', 'E3')_tb: 2161
	F11_('E2', 'S2')_t5_min: 2424
	F9_('S1', 'E1')_t4_max: 6834
	F31_('E3', 'S3')_tb: 14990
	F12_('S4', 'S3')_t5_max: 725
	F34_('S1', 'S2')_t5_min: 1089
	F28_('S2', 'E2')_t3_max: 127069
	F2_('S2', 'E2')_tb: 26121
	F36_('S3', 'E3')_t3_max: 305
	F32_('E5', 'S5')_t3_min: 2468
	F5_('E4', 'S4')_t5_max: 2156
	F9_('S4', 'S3')_t5_max: 6754
	F9_('S4', 'S3')_t3_min: 6726
	F33_('E4', 'S4')_t3_min: 126157
	F20_('S5', 'E5')_tb: 32
	F17_('S1', 'E1')_t5_max: 844
	F10_('S5', 'S4')_tb: 6620
	F37_('S1', 'S2')_t3_min: 105
	('E4', 'S4')_gcl_length: 0
	F38_('E4', 'S4')_t4_min: 24870
	F13_('S5', 'E5')_t3_max: 63982
	F6_('S3', 'E3')_tb: 682
	F18_('S1', 'S2')_t5_max: 15929
	F24_('S1', 'E1')_t4_max: 8899
	F38_('S2', 'S1')_t3_max: 24941
	F37_('E1', 'S1')_t4_min: 98
	F12_('S3', 'E3')_tb: 709
	F10_('S2', 'S1')_t5_max: 6714
	F32_('S2', 'S1')_t5_max: 2593
	F10_('S5', 'S4')_t3_min: 6620
	F22_('E5', 'S5')_t4_max: 10149
	F39_('S4', 'E4')_tb: 53
	F37_('S4', 'S5')_t5_min: 131
	F19_('E4', 'S4')_t4_max: 122122
	F15_('E2', 'S2')_t3_min: 50413
	F21_('S2', 'S3')_t5_max: 2417
	F7_('S3', 'E3')_t5_max: 2796
	F27_('S3', 'S4')_t5_max: 118
	F2_('E3', 'S3')_t4_max: 26095
	F22_('S2', 'E2')_t4_max: 10218
	('E1', 'S1')_gcl_length: 0
	F32_('S4', 'S3')_t5_min: 2499
	F13_('S5', 'E5')_t3_min: 63959
	F2_('E3', 'S3')_t3_min: 26095
	F26_('E3', 'S3')_t4_max: 126326
	F19_('S2', 'E2')_tb: 122169
	F27_('E3', 'S3')_tb: 90
	F33_('S5', 'E5')_t3_max: 126193
	F24_('E3', 'S3')_t5_max: 8819
	F18_('S2', 'S3')_t3_min: 15931
	F37_('S3', 'S4')_t3_max: 160
	F18_('S4', 'E4')_t5_max: 15999
	F3_('S2', 'E2')_t3_min: 223
	F15_('E2', 'S2')_t4_min: 50413
	F37_('S2', 'S3')_t3_min: 112
	F28_('S2', 'E2')_t5_min: 127054
	F3_('E1', 'S1')_t3_min: 217
	F30_('S3', 'E3')_t4_max: 62365
	F0_('S3', 'S2')_t5_max: 63112
	F8_('E1', 'S1')_tb: 59102
	F34_('E1', 'S1')_t4_max: 1062
	F9_('S3', 'S2')_t5_min: 6748
	F37_('E1', 'S1')_tb: 98
	F8_('S2', 'E2')_tb: 59114
	F7_('E5', 'S5')_t4_min: 2733
	F24_('S1', 'E1')_t5_min: 8855
	F15_('S2', 'S3')_t5_min: 50428
	F7_('S5', 'S4')_t5_min: 2748
	F28_('S2', 'E2')_t5_max: 127090
	F6_('S5', 'S4')_t3_min: 643
	F8_('E1', 'S1')_t5_min: 59106
	F1_('S2', 'S1')_t5_max: 2621
	F16_('S3', 'S4')_tb: 23
	F16_('E2', 'S2')_t4_max: 1
	F25_('E4', 'S4')_t3_min: 919
	F9_('S3', 'S2')_t5_max: 6784
	F29_('S4', 'E4')_t5_max: 30419
	F10_('S3', 'S2')_tb: 6632
	F0_('S3', 'S2')_t5_min: 63112
	F26_('S1', 'E1')_t5_max: 126434
	F22_('S4', 'S3')_t5_min: 10187
	F25_('S2', 'E2')_t5_min: 949
	F3_('E1', 'S1')_t4_min: 217
	F31_('S2', 'E2')_t4_max: 15040
	F27_('E3', 'S3')_t3_min: 90
	F32_('S2', 'S1')_t5_min: 2521
	F27_('E3', 'S3')_t4_max: 90
	F17_('S1', 'E1')_t3_max: 821
	F22_('S3', 'S2')_t3_max: 10194
	F23_('S4', 'E4')_t4_max: 30438
	F21_('S3', 'S4')_t3_max: 2424
	F31_('S2', 'E2')_t3_max: 15027
	F0_('E3', 'S3')_t4_max: 63077
	F35_('E5', 'S5')_t5_min: 30347
	F13_('E4', 'S4')_t4_min: 63947
	F36_('E1', 'S1')_t5_max: 238
	F12_('S3', 'E3')_t3_max: 732
	F30_('S3', 'E3')_tb: 62329
	F4_('E3', 'S3')_t3_min: 879
	F22_('S2', 'E2')_t3_min: 10200
	F34_('S1', 'S2')_t3_min: 1068
	F7_('E5', 'S5')_t4_max: 2733
	F35_('S3', 'E3')_tb: 30373
	F5_('S3', 'E3')_t4_max: 2197
	F37_('S3', 'S4')_tb: 119
	F25_('S3', 'S2')_t5_min: 941
	F14_('S1', 'E1')_t3_max: 14502
	F16_('S4', 'E4')_tb: 29
	F14_('S2', 'S1')_t5_min: 14477
	F22_('E5', 'S5')_tb: 10149
	F25_('E4', 'S4')_t5_min: 925
	F11_('S2', 'S1')_t5_min: 2433
	F7_('S4', 'S3')_tb: 2750
	F10_('S2', 'S1')_t3_max: 6697
	F4_('E3', 'S3')_t4_max: 879
	F23_('S4', 'E4')_tb: 30420
	('E5', 'S5')_gcl_length: 0
	F11_('S1', 'E1')_tb: 2435
	F39_('S2', 'S3')_t3_min: 20
	F13_('S5', 'E5')_t4_max: 63995
	F32_('S5', 'S4')_tb: 2479
	F14_('E2', 'S2')_tb: 14461
	F1_('E3', 'S3')_t4_max: 2586
	F9_('S3', 'S2')_t3_max: 6761
	F22_('S3', 'S2')_t5_min: 10198
	('E3', 'S3')_gcl_length: 0
	F24_('S2', 'S1')_t5_min: 8843
	F9_('S1', 'E1')_tb: 6762
	F29_('E2', 'S2')_t4_max: 30339
	F33_('S5', 'E5')_t5_min: 126199
	F12_('S3', 'E3')_t5_max: 755
	F11_('S2', 'S1')_t5_max: 2451
	F38_('S1', 'E1')_t3_max: 24969
	F34_('S2', 'E2')_t5_min: 1095
	F10_('S2', 'S1')_t5_min: 6642
	F39_('E2', 'S2')_t4_min: 6
	F7_('E5', 'S5')_t3_min: 2733
	F2_('S3', 'S2')_t5_max: 26137
	F23_('S2', 'S3')_tb: 30383
	F22_('S5', 'S4')_t3_min: 10155
	F14_('S1', 'E1')_t3_min: 14479
	F31_('S2', 'E2')_t5_min: 15009
	F7_('S3', 'E3')_tb: 2756
	F7_('E5', 'S5')_t5_min: 2737
	F38_('E4', 'S4')_tb: 24870
	F38_('S4', 'S3')_t5_min: 24888
	F23_('S4', 'E4')_t3_min: 30420
	F21_('E2', 'S2')_tb: 2388
	F13_('S4', 'S5')_t3_min: 63953
	F34_('E1', 'S1')_t5_min: 1066
	F2_('E3', 'S3')_t5_max: 26106
	F14_('S1', 'E1')_t5_max: 14522
	F36_('S1', 'S2')_t5_max: 268
	F19_('S2', 'E2')_t4_max: 122205
	F24_('E3', 'S3')_t4_max: 8809
	F11_('S1', 'E1')_t5_max: 2478
	F20_('E4', 'S4')_t4_min: 1
	F26_('S1', 'E1')_t5_min: 126380
	F26_('S3', 'S2')_t5_min: 126352
	F37_('S5', 'E5')_t5_min: 138
	F34_('S1', 'S2')_t5_max: 1089
	F21_('S4', 'S5')_t3_max: 2436
	F10_('S4', 'S3')_t5_max: 6666
	F30_('E2', 'S2')_t4_min: 62311
	F30_('E2', 'S2')_tb: 62311
	F31_('S2', 'E2')_t3_min: 15004
	F24_('E3', 'S3')_tb: 8809
	F25_('S3', 'S2')_t5_max: 977
	F39_('E2', 'S2')_t3_min: 6
	F35_('S3', 'E3')_t3_max: 30414
	F3_('S1', 'S2')_tb: 220
	F8_('E1', 'S1')_t3_min: 59102
	F37_('S1', 'S2')_t5_max: 128
	F17_('S1', 'E1')_t4_max: 834
	F19_('S4', 'S3')_t5_max: 122157
	('S4', 'S3')_gcl_length: 132
	F17_('S1', 'E1')_t5_min: 772
	F31_('S3', 'S2')_t5_min: 15002
	F24_('S1', 'E1')_t3_min: 8845
	F16_('S3', 'S4')_t3_max: 23
	F6_('S4', 'S3')_t3_min: 667
	F0_('S2', 'E2')_tb: 63114
	F2_('E3', 'S3')_t5_min: 26106
	F18_('S1', 'S2')_tb: 15917
	F36_('E1', 'S1')_t5_min: 238
	F16_('E2', 'S2')_t4_min: 1
	F7_('S5', 'S4')_tb: 2744
	F3_('E1', 'S1')_t5_min: 218
	F22_('S2', 'E2')_t5_max: 10222
	F26_('S1', 'E1')_t4_max: 126422
	F4_('S3', 'S2')_t5_min: 910
	F0_('S2', 'E2')_t3_max: 63119
	F28_('E1', 'S1')_t5_min: 127034
	F12_('E4', 'S4')_t5_min: 695
	F16_('S3', 'S4')_t5_max: 27
	F17_('S4', 'S3')_tb: 726
	F18_('S1', 'S2')_t3_min: 15912
	F37_('S2', 'S3')_t3_max: 135
	F31_('E3', 'S3')_t5_max: 14995
	F2_('S3', 'S2')_t5_min: 26119
	F23_('S3', 'S4')_t5_min: 30418
	F7_('S5', 'S4')_t3_min: 2739
	F10_('S4', 'S3')_t3_max: 6649
	F0_('S2', 'E2')_t5_min: 63122
	F33_('S5', 'E5')_tb: 126188
	F5_('S3', 'E3')_t5_max: 2198
	F22_('E5', 'S5')_t5_max: 10153
	F3_('E1', 'S1')_tb: 217
	F4_('E3', 'S3')_t4_min: 879
	F26_('S1', 'E1')_t3_max: 126409
	F15_('S3', 'S4')_t5_max: 50450
	F3_('S2', 'E2')_t3_max: 246
	F32_('E5', 'S5')_t5_max: 2477
	F34_('E1', 'S1')_t5_max: 1066
	F21_('S3', 'S4')_t5_max: 2429
	F9_('S1', 'E1')_t5_max: 6844
	F36_('S2', 'S3')_t3_min: 252
	F9_('E4', 'S4')_t4_max: 6714
	F26_('S3', 'S2')_t3_min: 126340
	F32_('S5', 'S4')_t5_min: 2488
	F15_('S3', 'S4')_tb: 50447
	F27_('S4', 'E4')_t5_max: 142
	F26_('S3', 'S2')_t5_max: 126370
	F18_('S4', 'E4')_t5_min: 15981
	F32_('E5', 'S5')_tb: 2468
	F29_('S3', 'S4')_t5_min: 30358
	F32_('S5', 'S4')_t5_max: 2506
	F10_('S1', 'E1')_t5_min: 6648
	F10_('E5', 'S5')_t4_max: 6614
	F33_('S4', 'S5')_t3_min: 126170
	F3_('S2', 'E2')_t4_max: 259
	F39_('S4', 'E4')_t5_min: 65
	F35_('E5', 'S5')_tb: 30337
	F27_('S3', 'S4')_t3_min: 96
	F8_('S1', 'S2')_t5_min: 59112
	F10_('S1', 'E1')_tb: 6644
	F6_('E5', 'S5')_t3_min: 633
	F38_('S1', 'E1')_tb: 24910
	F37_('S5', 'E5')_t3_min: 133
	F5_('S4', 'S3')_tb: 2158
	F16_('S4', 'E4')_t4_max: 47
	F38_('S4', 'S3')_t5_max: 24906
	F9_('S1', 'E1')_t5_min: 6772
	F15_('S3', 'S4')_t3_max: 50435
	F39_('S4', 'E4')_t4_max: 89
	F32_('S1', 'E1')_t3_max: 2600
	F25_('S2', 'E2')_t4_max: 997
	F1_('S2', 'S1')_t3_min: 2594
	F39_('S2', 'S3')_t5_min: 37
	F10_('S2', 'S1')_t3_min: 6638
	F15_('S4', 'E4')_t3_min: 50452
	F39_('E2', 'S2')_tb: 6
	F25_('S4', 'S3')_tb: 927
	F0_('E3', 'S3')_t4_min: 63077
	F21_('S5', 'E5')_t5_min: 2443
	F21_('S4', 'S5')_tb: 2431
	F7_('E5', 'S5')_tb: 2733
	F28_('E1', 'S1')_t4_min: 127026
	F23_('E2', 'S2')_t3_min: 30366
	F30_('S2', 'S3')_tb: 62320
	F1_('E3', 'S3')_t5_min: 2588
	F8_('S1', 'S2')_tb: 59108
	F38_('S4', 'S3')_t3_min: 24880
	F24_('S2', 'S1')_t3_max: 8856
	F21_('S5', 'E5')_t5_max: 2479
	F18_('S2', 'S3')_t3_max: 15936
	F7_('S4', 'S3')_t5_max: 2772
	F14_('S2', 'S1')_tb: 14470
	F1_('E3', 'S3')_t4_min: 2586
	F30_('E2', 'S2')_t5_min: 62318
	F16_('S3', 'S4')_t5_min: 27
	F10_('S1', 'E1')_t5_max: 6738
	F33_('E4', 'S4')_t4_min: 126157
	F20_('S4', 'S5')_t5_max: 30
	F14_('E2', 'S2')_t5_min: 14468
	F29_('S4', 'E4')_t3_min: 30360
	F18_('S2', 'S3')_t5_max: 15948
	F39_('S4', 'E4')_t3_max: 76
	F16_('E2', 'S2')_t5_max: 5
	F25_('E4', 'S4')_tb: 919
	F0_('E3', 'S3')_t5_min: 63085
	F9_('E4', 'S4')_t3_min: 6714
	F4_('S2', 'E2')_t3_min: 912
	F36_('S1', 'S2')_t5_min: 250
	F39_('S2', 'S3')_tb: 25
	F19_('S2', 'E2')_t5_min: 122177
	F20_('S5', 'E5')_t3_max: 37
	F15_('S2', 'S3')_tb: 50425
	F25_('S4', 'S3')_t5_min: 933
	F20_('S5', 'E5')_t5_min: 43
	F10_('S3', 'S2')_t5_min: 6636
	F25_('S3', 'S2')_tb: 935
	F21_('S2', 'S3')_tb: 2412
	F13_('S4', 'S5')_t5_min: 63957
	F1_('S1', 'E1')_t3_min: 2623
	F25_('S4', 'S3')_t5_max: 951
	F19_('E4', 'S4')_t4_min: 122122
	F10_('S1', 'E1')_t4_max: 6734
	F5_('S4', 'S3')_t5_max: 2177
	F9_('S2', 'S1')_t5_min: 6760
	F7_('S5', 'S4')_t5_max: 2748
	F6_('S3', 'E3')_t3_max: 687
	F32_('S4', 'S3')_t3_max: 2513
	F0_('E3', 'S3')_t5_max: 63085
	F39_('S3', 'S4')_t5_max: 69
	F22_('S3', 'S2')_t5_max: 10198
	F35_('S4', 'S3')_t5_min: 30371
	F19_('S3', 'S2')_t3_max: 122164
	F33_('S5', 'E5')_t4_max: 126206
	F0_('S3', 'S2')_tb: 63104
	F35_('E5', 'S5')_t4_max: 30337
	F32_('S5', 'S4')_t3_min: 2479
	F29_('S2', 'S3')_t5_max: 30369
	F26_('S2', 'S1')_t3_max: 126377
	F21_('E2', 'S2')_t5_min: 2393
	F6_('E5', 'S5')_t4_min: 633
	F16_('E2', 'S2')_tb: 1
	F9_('E4', 'S4')_tb: 6714
	F38_('S2', 'S1')_tb: 24900
	F16_('S4', 'E4')_t5_min: 33
	F36_('E1', 'S1')_t4_max: 228
	F18_('S3', 'S4')_t5_max: 15967
	F38_('S4', 'S3')_tb: 24880
	F26_('S3', 'S2')_tb: 126340
	F15_('S2', 'S3')_t5_max: 50428
	F31_('S3', 'S2')_t5_max: 15020
	F23_('E2', 'S2')_tb: 30366
	F22_('S2', 'E2')_tb: 10200
	F11_('S2', 'S1')_t3_min: 2426
	F17_('S2', 'S1')_tb: 750
	F38_('E4', 'S4')_t4_max: 24870
	F30_('E2', 'S2')_t3_min: 62311
	F24_('S2', 'S1')_tb: 8833
	F14_('S2', 'S1')_t5_max: 14495
	F36_('S2', 'S3')_tb: 252
	F4_('S3', 'S2')_t3_min: 893
	F6_('S5', 'S4')_tb: 657
	F11_('E2', 'S2')_t4_min: 2417
	F23_('E2', 'S2')_t5_max: 30376
	F32_('S4', 'S3')_t5_max: 2535
	F3_('S1', 'S2')_t5_max: 239
	F32_('S1', 'E1')_t5_max: 2622
	F36_('E1', 'S1')_tb: 228
	F10_('S2', 'S1')_tb: 6638
	F9_('S4', 'S3')_t5_min: 6736
	F4_('S2', 'E2')_t5_min: 924
	F17_('S1', 'E1')_tb: 762
	F34_('S2', 'E2')_t3_min: 1091
	F19_('S4', 'S3')_t5_min: 122157
	F8_('E1', 'S1')_t4_max: 59102
	F6_('S4', 'S3')_tb: 672
	F27_('S4', 'E4')_t5_min: 106
	F34_('S2', 'E2')_t3_max: 1096
	F10_('S1', 'E1')_t3_min: 6644
	F37_('E1', 'S1')_t5_max: 103
	F36_('S2', 'S3')_t5_min: 262
	('S2', 'S1')_gcl_length: 2
	F26_('E3', 'S3')_t5_max: 126338
	F29_('S3', 'S4')_tb: 30353
	F19_('E4', 'S4')_tb: 122122
	F32_('S3', 'S2')_t3_min: 2501
	F6_('E5', 'S5')_t4_max: 633
	F15_('S4', 'E4')_tb: 50452
	F38_('S2', 'S1')_t5_min: 24908
	F22_('S2', 'E2')_t3_max: 10205
	F12_('S3', 'E3')_t5_min: 719
	F14_('E2', 'S2')_t4_max: 14461
	F17_('S4', 'S3')_t5_min: 736
	F38_('E4', 'S4')_t5_min: 24878
	F36_('S3', 'E3')_t4_max: 318
	F24_('E3', 'S3')_t5_min: 8819
	F23_('E2', 'S2')_t4_max: 30366
	F10_('S3', 'S2')_t3_min: 6632
	F8_('E1', 'S1')_t5_max: 59106
	F20_('E4', 'S4')_t3_min: 1
	F24_('S2', 'S1')_t3_min: 8833
	F32_('S1', 'E1')_t5_min: 2532
	F20_('E4', 'S4')_t4_max: 1
	F31_('S3', 'S2')_tb: 14997
	F19_('S4', 'S3')_tb: 122149
	F24_('S1', 'E1')_t3_max: 8886
	F18_('S3', 'S4')_tb: 15955
	F22_('E5', 'S5')_t4_min: 10149
	F25_('S2', 'E2')_t5_max: 1003
	F25_('S2', 'E2')_t3_min: 943
	F14_('S1', 'E1')_tb: 14479
	F21_('S2', 'S3')_t5_min: 2417
	F21_('S4', 'S5')_t5_min: 2436
	F21_('S5', 'E5')_t3_min: 2438
	F35_('S4', 'S3')_tb: 30361
	F8_('S1', 'S2')_t3_min: 59108
	F32_('S1', 'E1')_t4_max: 2613
	F24_('S1', 'E1')_tb: 8845
	F39_('E2', 'S2')_t5_min: 18
	F18_('S2', 'S3')_tb: 15936
	F4_('S3', 'S2')_tb: 898
	F31_('S3', 'S2')_t3_min: 14997
	F2_('S2', 'E2')_t5_min: 26132
	F15_('S3', 'S4')_t3_min: 50430
	F1_('S1', 'E1')_tb: 2623
	F10_('S5', 'S4')_t5_max: 6642
	F38_('S2', 'S1')_t5_max: 24962
	F13_('E4', 'S4')_t5_max: 63951
	F15_('S4', 'E4')_t5_min: 50455
	F24_('S3', 'S2')_t5_max: 8849
	F9_('S4', 'S3')_tb: 6726
	F34_('S2', 'E2')_tb: 1091
	F21_('E2', 'S2')_t3_min: 2388
	F1_('S1', 'E1')_t5_max: 2643
	F26_('S2', 'S1')_t3_min: 126354
	F20_('S4', 'S5')_t3_min: 14
	F19_('S3', 'S2')_t5_max: 122185
	F26_('S2', 'S1')_tb: 126354
	('S2', 'E2')_gcl_length: 0
	F17_('S1', 'E1')_t3_min: 762
	F17_('S3', 'S2')_t5_min: 748
	F33_('S4', 'S5')_tb: 126175
	F22_('S3', 'S2')_tb: 10194
	F26_('S2', 'S1')_t5_max: 126402
	F23_('E2', 'S2')_t5_min: 30376
	F3_('S2', 'E2')_t5_max: 260
	F16_('E2', 'S2')_t5_min: 5
	F18_('E1', 'S1')_t3_min: 15898
	F35_('E5', 'S5')_t3_min: 30337
	F33_('E4', 'S4')_t4_max: 126157
	F0_('S3', 'S2')_t3_min: 63087
	F33_('E4', 'S4')_t5_max: 126168
	F24_('S1', 'E1')_t5_max: 8909
	F32_('S4', 'S3')_t3_min: 2490
	F7_('E5', 'S5')_t5_max: 2737
	F29_('E2', 'S2')_t5_max: 30344
	F16_('S4', 'E4')_t5_max: 51
	F11_('S1', 'E1')_t3_max: 2458
	F21_('S3', 'S4')_tb: 2424
	F5_('S3', 'E3')_t3_max: 2184
	F37_('S2', 'S3')_tb: 112
	F2_('S2', 'E2')_t5_max: 26168
	F5_('E4', 'S4')_t3_min: 2155
	F39_('S2', 'S3')_t5_max: 37
	F21_('S4', 'S5')_t3_min: 2431
	F34_('E1', 'S1')_t4_min: 1062
	F19_('S2', 'E2')_t5_max: 122213
	F5_('E4', 'S4')_t4_max: 2155
	F38_('S1', 'E1')_t4_max: 24982
	F28_('S1', 'S2')_t3_min: 127036
	F10_('S1', 'E1')_t3_max: 6721
	F37_('S3', 'S4')_t5_max: 178
	F20_('S5', 'E5')_t5_max: 61
	F35_('E5', 'S5')_t5_max: 30347
	F1_('S2', 'S1')_t5_min: 2621
	F22_('S2', 'E2')_t5_min: 10204
	F32_('S2', 'S1')_t3_min: 2512
	F18_('S3', 'S4')_t5_min: 15967
	F21_('S5', 'E5')_t3_max: 2461
	F7_('S4', 'S3')_t3_min: 2750
	F28_('E1', 'S1')_t5_max: 127034
	F17_('E4', 'S4')_t4_max: 714
	F4_('S3', 'S2')_t5_max: 910
	F22_('S5', 'S4')_t5_max: 10176
	F32_('S3', 'S2')_tb: 2501
	F26_('S1', 'E1')_tb: 126368
	F17_('S3', 'S2')_tb: 738
	F38_('S3', 'S2')_t5_max: 24934
	F19_('S4', 'S3')_t3_min: 122132
	F21_('S5', 'E5')_t4_max: 2474
	F37_('S2', 'S3')_t5_max: 153
	F37_('S4', 'S5')_tb: 126
	F36_('S3', 'E3')_t3_min: 264
	F15_('S3', 'S4')_t5_min: 50450
	F7_('S3', 'E3')_t3_min: 2756
	F11_('S1', 'E1')_t5_min: 2442
	F35_('S3', 'E3')_t5_max: 30437
	F19_('S3', 'S2')_t5_min: 122167
	F3_('S2', 'E2')_t5_min: 224
	F29_('S2', 'S3')_tb: 30346
	F37_('S3', 'S4')_t3_min: 119
	F23_('S3', 'S4')_t3_max: 30400
	F1_('S2', 'S1')_tb: 2619
	F19_('S3', 'S2')_t3_min: 122159
	F17_('S2', 'S1')_t3_min: 750
	F38_('S3', 'S2')_tb: 24890
	F4_('E3', 'S3')_t5_min: 891
	F17_('E4', 'S4')_tb: 714
	F30_('E2', 'S2')_t5_max: 62318
	F10_('S5', 'S4')_t5_min: 6624
	F20_('S4', 'S5')_t5_min: 30
	F27_('S4', 'E4')_t4_max: 138
	F34_('E1', 'S1')_tb: 1062
	F37_('S5', 'E5')_t5_max: 228
	F1_('E3', 'S3')_tb: 2586
	F37_('E1', 'S1')_t3_min: 98
	F29_('S3', 'S4')_t3_max: 30376
	F37_('S1', 'S2')_t5_min: 110
	F22_('S4', 'S3')_t5_max: 10187
	F7_('S3', 'E3')_t3_max: 2779
	F28_('S2', 'E2')_t4_max: 127082
	F18_('E1', 'S1')_t5_max: 15910
	F1_('S3', 'S2')_t5_min: 2592
	F23_('S3', 'S4')_t3_min: 30395
	F14_('E2', 'S2')_t3_min: 14461
	F1_('S1', 'E1')_t4_max: 2641
	F13_('E4', 'S4')_tb: 63947
	F18_('S4', 'E4')_tb: 15969
	F9_('S3', 'S2')_tb: 6738
	F15_('S2', 'S3')_t3_min: 50418
	F2_('E3', 'S3')_tb: 26095
	F16_('S2', 'S3')_tb: 12
	F10_('S4', 'S3')_t3_min: 6626
	F20_('E4', 'S4')_t5_min: 12
	('S4', 'E4')_gcl_length: 0
	F35_('S4', 'S3')_t3_min: 30361
	F29_('S2', 'S3')_t3_min: 30346
	F8_('S1', 'S2')_t5_max: 59130
	F7_('S3', 'E3')_t4_max: 2792
	F29_('S3', 'S4')_t5_max: 30394
	F14_('E2', 'S2')_t5_max: 14468
	F26_('E3', 'S3')_t3_min: 126326
	F15_('S4', 'E4')_t3_max: 50457
	('S3', 'S2')_gcl_length: 22
	F34_('E1', 'S1')_t3_min: 1062
	F17_('S3', 'S2')_t3_min: 738
	F6_('E5', 'S5')_t5_max: 641
	F35_('S5', 'S4')_tb: 30349
	F39_('S3', 'S4')_t3_min: 39
	F38_('E4', 'S4')_t3_min: 24870
	F0_('S2', 'E2')_t4_max: 63132
	F36_('S2', 'S3')_t5_max: 298
	F38_('S1', 'E1')_t3_min: 24910
	F7_('S4', 'S3')_t5_min: 2754
	F10_('S3', 'S2')_t3_max: 6673
	F25_('S4', 'S3')_t3_min: 927
	F3_('E1', 'S1')_t5_max: 218
	F21_('S3', 'S4')_t3_min: 2419
	F2_('S2', 'E2')_t3_max: 26144
	F10_('E5', 'S5')_t4_min: 6614
	F6_('E5', 'S5')_tb: 633
	F38_('S1', 'E1')_t5_max: 24990
	F35_('S4', 'S3')_t3_max: 30384
	F27_('E3', 'S3')_t4_min: 90
	F7_('S3', 'E3')_t5_min: 2760
	F11_('E2', 'S2')_t3_min: 2417
	F24_('E3', 'S3')_t4_min: 8809
	F13_('S4', 'S5')_t5_max: 63975
	F38_('S3', 'S2')_t5_min: 24898
	F18_('E1', 'S1')_t4_max: 15898
	F5_('S3', 'E3')_t5_min: 2162
	F15_('S4', 'E4')_t4_max: 50470
	F32_('S3', 'S2')_t5_max: 2564
	F37_('S3', 'S4')_t5_min: 124
	F35_('S5', 'S4')_t5_min: 30359
	F32_('S2', 'S1')_t3_max: 2571
	F21_('S3', 'S4')_t5_min: 2429
	F11_('E2', 'S2')_t5_max: 2424
	F2_('S2', 'E2')_t3_min: 26121
	F8_('S2', 'E2')_t5_min: 59118
	F32_('E5', 'S5')_t4_min: 2468
	F12_('S4', 'S3')_t5_min: 707
	F36_('S3', 'E3')_t5_min: 274
	F35_('S3', 'E3')_t4_max: 30427
	F20_('E4', 'S4')_t5_max: 12
	F23_('S2', 'S3')_t5_min: 30393
	F24_('S3', 'S2')_t5_min: 8831
	('S5', 'S4')_gcl_length: 162
	F37_('S4', 'S5')_t5_max: 203
	F36_('S1', 'S2')_tb: 240
	F25_('S3', 'S2')_t3_min: 935
	F5_('E4', 'S4')_t5_min: 2156
	F4_('E3', 'S3')_t5_max: 891
	F27_('E3', 'S3')_t5_min: 94
	F15_('E2', 'S2')_tb: 50413
	F30_('S3', 'E3')_t5_max: 62372
	F10_('E5', 'S5')_tb: 6614
