0. Flow F0 [E5-->E4] with period 8000, payload 851B, e2e delay 8000us, jitter 800us
	('E5', 'S5'), Operation(6519, None, 6526)(6519, 6519)
	('S5', 'S4'), Operation(6528, 6547, 6554)(6547, 6547)
	('S4', 'E4'), Operation(6556, 6561, 6568)(6561, 6561)
1. Flow F1 [E2-->E4] with period 128000, payload 744B, e2e delay 128000us, jitter 12800us
	('E2', 'S2'), Operation(105553, None, 105559)(105553, 105553)
	('S2', 'S3'), Operation(105561, 105578, 105584)(105578, 105578)
	('S3', 'S4'), Operation(105586, None, 105610)(105586, 105604)
	('S4', 'E4'), Operation(105594, 105619, 105625)(105619, 105619)
2. Flow F2 [E2-->E5] with period 8000, payload 1278B, e2e delay 8000us, jitter 800us
	('E2', 'S2'), Operation(5822, None, 5833)(5822, 5822)
	('S2', 'S3'), Operation(5835, 5840, 5851)(5840, 5840)
	('S3', 'S4'), Operation(5853, 5872, 5883)(5872, 5872)
	('S4', 'S5'), Operation(5885, None, 5914)(5885, 5903)
	('S5', 'E5'), Operation(5898, None, 5945)(5898, 5934)
3. Flow F3 [E4-->E3] with period 64000, payload 502B, e2e delay 64000us, jitter 6400us
	('E4', 'S4'), Operation(39731, None, 39736)(39731, 39731)
	('S4', 'S3'), Operation(39738, None, 39761)(39738, 39756)
	('S3', 'E3'), Operation(39745, None, 39786)(39745, 39781)
4. Flow F4 [E5-->E2] with period 32000, payload 688B, e2e delay 32000us, jitter 3200us
	('E5', 'S5'), Operation(29514, None, 29520)(29514, 29514)
	('S5', 'S4'), Operation(29522, None, 29546)(29522, 29540)
	('S4', 'S3'), Operation(29530, None, 29572)(29530, 29566)
	('S3', 'S2'), Operation(29538, None, 29598)(29538, 29592)
	('S2', 'E2'), Operation(29546, None, 29624)(29546, 29618)
5. Flow F5 [E2-->E5] with period 2000, payload 1184B, e2e delay 2000us, jitter 200us
	('E2', 'S2'), Operation(1, None, 11)(1, 1)
	('S2', 'S3'), Operation(13, None, 41)(13, 31)
	('S3', 'S4'), Operation(25, None, 71)(25, 61)
	('S4', 'S5'), Operation(37, None, 101)(37, 91)
	('S5', 'E5'), Operation(49, None, 131)(49, 121)
6. Flow F6 [E4-->E5] with period 64000, payload 166B, e2e delay 64000us, jitter 6400us
	('E4', 'S4'), Operation(62002, None, 62004)(62002, 62002)
	('S4', 'S5'), Operation(62006, 62024, 62026)(62024, 62024)
	('S5', 'E5'), Operation(62028, None, 62048)(62028, 62046)
7. Flow F7 [E5-->E1] with period 16000, payload 137B, e2e delay 16000us, jitter 1600us
	('E5', 'S5'), Operation(6392, None, 6394)(6392, 6392)
	('S5', 'S4'), Operation(6396, 6401, 6403)(6401, 6401)
	('S4', 'S3'), Operation(6405, 6410, 6412)(6410, 6410)
	('S3', 'S2'), Operation(6414, None, 6434)(6414, 6432)
	('S2', 'S1'), Operation(6418, 6441, 6443)(6441, 6441)
	('S1', 'E1'), Operation(6445, 6450, 6452)(6450, 6450)
8. Flow F8 [E2-->E5] with period 4000, payload 1089B, e2e delay 4000us, jitter 400us
	('E2', 'S2'), Operation(2359, None, 2368)(2359, 2359)
	('S2', 'S3'), Operation(2370, None, 2397)(2370, 2388)
	('S3', 'S4'), Operation(2381, None, 2426)(2381, 2417)
	('S4', 'S5'), Operation(2392, 2433, 2442)(2433, 2433)
	('S5', 'E5'), Operation(2444, None, 2471)(2444, 2462)
9. Flow F9 [E3-->E2] with period 64000, payload 76B, e2e delay 64000us, jitter 6400us
	('E3', 'S3'), Operation(57493, None, 57494)(57493, 57493)
	('S3', 'S2'), Operation(57496, None, 57515)(57496, 57514)
	('S2', 'E2'), Operation(57499, None, 57536)(57499, 57535)
10. Flow F10 [E4-->E5] with period 2000, payload 519B, e2e delay 2000us, jitter 200us
	('E4', 'S4'), Operation(1842, None, 1847)(1842, 1842)
	('S4', 'S5'), Operation(1849, None, 1872)(1849, 1867)
	('S5', 'E5'), Operation(1856, None, 1897)(1856, 1892)
11. Flow F11 [E1-->E2] with period 16000, payload 1134B, e2e delay 16000us, jitter 1600us
	('E1', 'S1'), Operation(15942, None, 15952)(15942, 15942)
	('S1', 'S2'), Operation(15954, 15959, 15969)(15959, 15959)
	('S2', 'E2'), Operation(15971, None, 15999)(15971, 15989)
12. Flow F12 [E3-->E1] with period 16000, payload 814B, e2e delay 16000us, jitter 1600us
	('E3', 'S3'), Operation(15911, None, 15918)(15911, 15911)
	('S3', 'S2'), Operation(15920, None, 15945)(15920, 15938)
	('S2', 'S1'), Operation(15929, None, 15972)(15929, 15965)
	('S1', 'E1'), Operation(15938, None, 15999)(15938, 15992)
13. Flow F13 [E2-->E5] with period 64000, payload 221B, e2e delay 64000us, jitter 6400us
	('E2', 'S2'), Operation(31562, None, 31564)(31562, 31562)
	('S2', 'S3'), Operation(31566, None, 31586)(31566, 31584)
	('S3', 'S4'), Operation(31570, None, 31608)(31570, 31606)
	('S4', 'S5'), Operation(31574, None, 31630)(31574, 31628)
	('S5', 'E5'), Operation(31578, None, 31652)(31578, 31650)
14. Flow F14 [E4-->E2] with period 8000, payload 171B, e2e delay 8000us, jitter 800us
	('E4', 'S4'), Operation(7839, None, 7841)(7839, 7839)
	('S4', 'S3'), Operation(7843, 7860, 7862)(7860, 7860)
	('S3', 'S2'), Operation(7864, None, 7884)(7864, 7882)
	('S2', 'E2'), Operation(7868, 7903, 7905)(7903, 7903)
15. Flow F15 [E3-->E1] with period 128000, payload 709B, e2e delay 128000us, jitter 12800us
	('E3', 'S3'), Operation(30096, None, 30102)(30096, 30096)
	('S3', 'S2'), Operation(30104, None, 30128)(30104, 30122)
	('S2', 'S1'), Operation(30112, None, 30154)(30112, 30148)
	('S1', 'E1'), Operation(30120, 30174, 30180)(30174, 30174)
16. Flow F16 [E2-->E3] with period 64000, payload 829B, e2e delay 64000us, jitter 6400us
	('E2', 'S2'), Operation(62166, None, 62173)(62166, 62166)
	('S2', 'S3'), Operation(62175, None, 62200)(62175, 62193)
	('S3', 'E3'), Operation(62184, None, 62227)(62184, 62220)
17. Flow F17 [E3-->E4] with period 16000, payload 1199B, e2e delay 16000us, jitter 1600us
	('E3', 'S3'), Operation(6352, None, 6362)(6352, 6352)
	('S3', 'S4'), Operation(6364, 6369, 6379)(6369, 6369)
	('S4', 'E4'), Operation(6381, 6386, 6396)(6386, 6386)
18. Flow F18 [E2-->E4] with period 8000, payload 1149B, e2e delay 8000us, jitter 800us
	('E2', 'S2'), Operation(6267, None, 6277)(6267, 6267)
	('S2', 'S3'), Operation(6279, 6296, 6306)(6296, 6296)
	('S3', 'S4'), Operation(6308, None, 6336)(6308, 6326)
	('S4', 'E4'), Operation(6320, 6355, 6365)(6355, 6355)
19. Flow F19 [E3-->E4] with period 128000, payload 721B, e2e delay 128000us, jitter 12800us
	('E3', 'S3'), Operation(127904, None, 127910)(127904, 127904)
	('S3', 'S4'), Operation(127912, None, 127936)(127912, 127930)
	('S4', 'E4'), Operation(127920, None, 127962)(127920, 127956)
20. Flow F20 [E5-->E2] with period 32000, payload 1031B, e2e delay 32000us, jitter 3200us
	('E5', 'S5'), Operation(22490, None, 22499)(22490, 22490)
	('S5', 'S4'), Operation(22501, 22518, 22527)(22518, 22518)
	('S4', 'S3'), Operation(22529, 22545, 22554)(22545, 22545)
	('S3', 'S2'), Operation(22556, None, 22583)(22556, 22574)
	('S2', 'E2'), Operation(22567, None, 22612)(22567, 22603)
21. Flow F21 [E3-->E5] with period 128000, payload 897B, e2e delay 128000us, jitter 12800us
	('E3', 'S3'), Operation(102327, None, 102335)(102327, 102327)
	('S3', 'S4'), Operation(102337, None, 102363)(102337, 102355)
	('S4', 'S5'), Operation(102347, None, 102391)(102347, 102383)
	('S5', 'E5'), Operation(102357, None, 102419)(102357, 102411)
22. Flow F22 [E4-->E1] with period 2000, payload 824B, e2e delay 2000us, jitter 200us
	('E4', 'S4'), Operation(494, None, 501)(494, 494)
	('S4', 'S3'), Operation(503, None, 528)(503, 521)
	('S3', 'S2'), Operation(512, None, 555)(512, 548)
	('S2', 'S1'), Operation(521, 562, 569)(562, 562)
	('S1', 'E1'), Operation(571, None, 596)(571, 589)
23. Flow F23 [E5-->E4] with period 8000, payload 204B, e2e delay 8000us, jitter 800us
	('E5', 'S5'), Operation(7663, None, 7665)(7663, 7663)
	('S5', 'S4'), Operation(7667, None, 7687)(7667, 7685)
	('S4', 'E4'), Operation(7671, None, 7709)(7671, 7707)
24. Flow F24 [E2-->E4] with period 16000, payload 195B, e2e delay 16000us, jitter 1600us
	('E2', 'S2'), Operation(14197, None, 14199)(14197, 14197)
	('S2', 'S3'), Operation(14201, None, 14221)(14201, 14219)
	('S3', 'S4'), Operation(14205, 14240, 14242)(14240, 14240)
	('S4', 'E4'), Operation(14244, None, 14264)(14244, 14262)
25. Flow F25 [E4-->E3] with period 128000, payload 1391B, e2e delay 128000us, jitter 12800us
	('E4', 'S4'), Operation(66458, None, 66470)(66458, 66458)
	('S4', 'S3'), Operation(66472, None, 66502)(66472, 66490)
	('S3', 'E3'), Operation(66486, None, 66534)(66486, 66522)
26. Flow F26 [E2-->E4] with period 2000, payload 388B, e2e delay 2000us, jitter 200us
	('E2', 'S2'), Operation(146, None, 150)(146, 146)
	('S2', 'S3'), Operation(152, None, 174)(152, 170)
	('S3', 'S4'), Operation(158, None, 198)(158, 194)
	('S4', 'E4'), Operation(164, None, 222)(164, 218)
27. Flow F27 [E4-->E5] with period 16000, payload 1105B, e2e delay 16000us, jitter 1600us
	('E4', 'S4'), Operation(13924, None, 13933)(13924, 13924)
	('S4', 'S5'), Operation(13935, None, 13962)(13935, 13953)
	('S5', 'E5'), Operation(13946, None, 13991)(13946, 13982)
28. Flow F28 [E1-->E5] with period 16000, payload 92B, e2e delay 16000us, jitter 1600us
	('E1', 'S1'), Operation(13946, None, 13947)(13946, 13946)
	('S1', 'S2'), Operation(13949, 13954, 13955)(13954, 13954)
	('S2', 'S3'), Operation(13957, None, 13976)(13957, 13975)
	('S3', 'S4'), Operation(13960, None, 13997)(13960, 13996)
	('S4', 'S5'), Operation(13963, 14004, 14005)(14004, 14004)
	('S5', 'E5'), Operation(14007, None, 14026)(14007, 14025)
29. Flow F29 [E5-->E4] with period 32000, payload 64B, e2e delay 32000us, jitter 3200us
	('E5', 'S5'), Operation(22386, None, 22387)(22386, 22386)
	('S5', 'S4'), Operation(22389, 22394, 22395)(22394, 22394)
	('S4', 'E4'), Operation(22397, 22402, 22403)(22402, 22402)
30. Flow F30 [E1-->E3] with period 16000, payload 1109B, e2e delay 16000us, jitter 1600us
	('E1', 'S1'), Operation(1958, None, 1967)(1958, 1958)
	('S1', 'S2'), Operation(1969, 1974, 1983)(1974, 1974)
	('S2', 'S3'), Operation(1985, None, 2012)(1985, 2003)
	('S3', 'E3'), Operation(1996, None, 2041)(1996, 2032)
31. Flow F31 [E4-->E1] with period 64000, payload 301B, e2e delay 64000us, jitter 6400us
	('E4', 'S4'), Operation(63814, None, 63817)(63814, 63814)
	('S4', 'S3'), Operation(63819, None, 63840)(63819, 63837)
	('S3', 'S2'), Operation(63824, None, 63863)(63824, 63860)
	('S2', 'S1'), Operation(63829, None, 63886)(63829, 63883)
	('S1', 'E1'), Operation(63834, None, 63909)(63834, 63906)
32. Flow F32 [E2-->E1] with period 128000, payload 127B, e2e delay 128000us, jitter 12800us
	('E2', 'S2'), Operation(38012, None, 38014)(38012, 38012)
	('S2', 'S1'), Operation(38016, None, 38036)(38016, 38034)
	('S1', 'E1'), Operation(38020, None, 38058)(38020, 38056)
33. Flow F33 [E1-->E3] with period 4000, payload 436B, e2e delay 4000us, jitter 400us
	('E1', 'S1'), Operation(2410, None, 2414)(2410, 2410)
	('S1', 'S2'), Operation(2416, 2432, 2436)(2432, 2432)
	('S2', 'S3'), Operation(2438, 2456, 2460)(2456, 2456)
	('S3', 'E3'), Operation(2462, 2481, 2485)(2481, 2481)
34. Flow F34 [E1-->E3] with period 32000, payload 1456B, e2e delay 32000us, jitter 3200us
	('E1', 'S1'), Operation(30279, None, 30291)(30279, 30279)
	('S1', 'S2'), Operation(30293, None, 30323)(30293, 30311)
	('S2', 'S3'), Operation(30307, None, 30355)(30307, 30343)
	('S3', 'E3'), Operation(30321, None, 30387)(30321, 30375)
35. Flow F35 [E1-->E2] with period 32000, payload 746B, e2e delay 32000us, jitter 3200us
	('E1', 'S1'), Operation(14112, None, 14118)(14112, 14112)
	('S1', 'S2'), Operation(14120, None, 14144)(14120, 14138)
	('S2', 'E2'), Operation(14128, 14151, 14157)(14151, 14151)
36. Flow F36 [E4-->E1] with period 2000, payload 376B, e2e delay 2000us, jitter 200us
	('E4', 'S4'), Operation(627, None, 631)(627, 627)
	('S4', 'S3'), Operation(633, None, 655)(633, 651)
	('S3', 'S2'), Operation(639, 674, 678)(674, 674)
	('S2', 'S1'), Operation(680, 697, 701)(697, 697)
	('S1', 'E1'), Operation(703, 720, 724)(720, 720)
37. Flow F37 [E4-->E3] with period 2000, payload 1024B, e2e delay 2000us, jitter 200us
	('E4', 'S4'), Operation(420, None, 429)(420, 420)
	('S4', 'S3'), Operation(431, 436, 445)(436, 436)
	('S3', 'E3'), Operation(447, 452, 461)(452, 452)
38. Flow F38 [E3-->E4] with period 2000, payload 903B, e2e delay 2000us, jitter 200us
	('E3', 'S3'), Operation(1601, None, 1609)(1601, 1601)
	('S3', 'S4'), Operation(1611, 1616, 1624)(1616, 1616)
	('S4', 'E4'), Operation(1626, None, 1652)(1626, 1644)
39. Flow F39 [E2-->E1] with period 8000, payload 1517B, e2e delay 8000us, jitter 800us
	('E2', 'S2'), Operation(4475, None, 4488)(4475, 4475)
	('S2', 'S1'), Operation(4490, 4507, 4520)(4507, 4507)
	('S1', 'E1'), Operation(4522, 4539, 4552)(4539, 4539)
40. Flow F40 [E5-->E2] with period 128000, payload 1127B, e2e delay 128000us, jitter 12800us
	('E5', 'S5'), Operation(102543, None, 102553)(102543, 102543)
	('S5', 'S4'), Operation(102555, 102560, 102570)(102560, 102560)
	('S4', 'S3'), Operation(102572, None, 102600)(102572, 102590)
	('S3', 'S2'), Operation(102584, None, 102630)(102584, 102620)
	('S2', 'E2'), Operation(102596, 102649, 102659)(102649, 102649)
41. Flow F41 [E4-->E3] with period 16000, payload 1295B, e2e delay 16000us, jitter 1600us
	('E4', 'S4'), Operation(8580, None, 8591)(8580, 8580)
	('S4', 'S3'), Operation(8593, 8610, 8621)(8610, 8610)
	('S3', 'E3'), Operation(8623, 8628, 8639)(8628, 8628)
42. Flow F42 [E1-->E4] with period 128000, payload 1331B, e2e delay 128000us, jitter 12800us
	('E1', 'S1'), Operation(110196, None, 110207)(110196, 110196)
	('S1', 'S2'), Operation(110209, None, 110238)(110209, 110227)
	('S2', 'S3'), Operation(110222, 110259, 110270)(110259, 110259)
	('S3', 'S4'), Operation(110272, None, 110301)(110272, 110290)
	('S4', 'E4'), Operation(110285, 110308, 110319)(110308, 110308)
43. Flow F43 [E4-->E3] with period 32000, payload 399B, e2e delay 32000us, jitter 3200us
	('E4', 'S4'), Operation(28407, None, 28411)(28407, 28407)
	('S4', 'S3'), Operation(28413, 28418, 28422)(28418, 28418)
	('S3', 'E3'), Operation(28424, None, 28446)(28424, 28442)
44. Flow F44 [E4-->E3] with period 16000, payload 1294B, e2e delay 16000us, jitter 1600us
	('E4', 'S4'), Operation(14357, None, 14368)(14357, 14357)
	('S4', 'S3'), Operation(14370, 14375, 14386)(14375, 14375)
	('S3', 'E3'), Operation(14388, None, 14417)(14388, 14406)
45. Flow F45 [E2-->E5] with period 32000, payload 1453B, e2e delay 32000us, jitter 3200us
	('E2', 'S2'), Operation(9509, None, 9521)(9509, 9509)
	('S2', 'S3'), Operation(9523, None, 9553)(9523, 9541)
	('S3', 'S4'), Operation(9537, None, 9585)(9537, 9573)
	('S4', 'S5'), Operation(9551, 9592, 9604)(9592, 9592)
	('S5', 'E5'), Operation(9606, 9623, 9635)(9623, 9623)
46. Flow F46 [E3-->E2] with period 4000, payload 280B, e2e delay 4000us, jitter 400us
	('E3', 'S3'), Operation(2078, None, 2081)(2078, 2078)
	('S3', 'S2'), Operation(2083, 2100, 2103)(2100, 2100)
	('S2', 'E2'), Operation(2105, 2124, 2127)(2124, 2124)
47. Flow F47 [E2-->E3] with period 8000, payload 1194B, e2e delay 8000us, jitter 800us
	('E2', 'S2'), Operation(6389, None, 6399)(6389, 6389)
	('S2', 'S3'), Operation(6401, 6406, 6416)(6406, 6406)
	('S3', 'E3'), Operation(6418, None, 6446)(6418, 6436)
48. Flow F48 [E5-->E1] with period 4000, payload 1454B, e2e delay 4000us, jitter 400us
	('E5', 'S5'), Operation(3674, None, 3686)(3674, 3674)
	('S5', 'S4'), Operation(3688, None, 3718)(3688, 3706)
	('S4', 'S3'), Operation(3702, 3725, 3737)(3725, 3725)
	('S3', 'S2'), Operation(3739, None, 3769)(3739, 3757)
	('S2', 'S1'), Operation(3753, None, 3801)(3753, 3789)
	('S1', 'E1'), Operation(3767, None, 3833)(3767, 3821)
49. Flow F49 [E4-->E2] with period 16000, payload 1350B, e2e delay 16000us, jitter 1600us
	('E4', 'S4'), Operation(14374, None, 14385)(14374, 14374)
	('S4', 'S3'), Operation(14387, None, 14416)(14387, 14405)
	('S3', 'S2'), Operation(14400, None, 14447)(14400, 14436)
	('S2', 'E2'), Operation(14413, 14454, 14465)(14454, 14454)
50. Flow F50 [E2-->E4] with period 2000, payload 147B, e2e delay 2000us, jitter 200us
	('E2', 'S2'), Operation(108, None, 110)(108, 108)
	('S2', 'S3'), Operation(112, None, 132)(112, 130)
	('S3', 'S4'), Operation(116, 139, 141)(139, 139)
	('S4', 'E4'), Operation(143, None, 163)(143, 161)
51. Flow F51 [E4-->E1] with period 2000, payload 170B, e2e delay 2000us, jitter 200us
	('E4', 'S4'), Operation(618, None, 620)(618, 618)
	('S4', 'S3'), Operation(622, 627, 629)(627, 627)
	('S3', 'S2'), Operation(631, 636, 638)(636, 636)
	('S2', 'S1'), Operation(640, 657, 659)(657, 657)
	('S1', 'E1'), Operation(661, None, 681)(661, 679)
52. Flow F52 [E3-->E5] with period 4000, payload 1509B, e2e delay 4000us, jitter 400us
	('E3', 'S3'), Operation(2082, None, 2095)(2082, 2082)
	('S3', 'S4'), Operation(2097, 2102, 2115)(2102, 2102)
	('S4', 'S5'), Operation(2117, None, 2148)(2117, 2135)
	('S5', 'E5'), Operation(2132, None, 2181)(2132, 2168)
53. Flow F53 [E2-->E4] with period 32000, payload 103B, e2e delay 32000us, jitter 3200us
	('E2', 'S2'), Operation(29820, None, 29821)(29820, 29820)
	('S2', 'S3'), Operation(29823, 29833, 29834)(29833, 29833)
	('S3', 'S4'), Operation(29836, 29851, 29852)(29851, 29851)
	('S4', 'E4'), Operation(29854, 29871, 29872)(29871, 29871)
54. Flow F54 [E1-->E4] with period 4000, payload 1284B, e2e delay 4000us, jitter 400us
	('E1', 'S1'), Operation(2311, None, 2322)(2311, 2311)
	('S1', 'S2'), Operation(2324, 2404, 2415)(2404, 2404)
	('S2', 'S3'), Operation(2417, 2422, 2433)(2422, 2422)
	('S3', 'S4'), Operation(2435, None, 2464)(2435, 2453)
	('S4', 'E4'), Operation(2448, 2471, 2482)(2471, 2471)
55. Flow F55 [E5-->E4] with period 4000, payload 1414B, e2e delay 4000us, jitter 400us
	('E5', 'S5'), Operation(3608, 3608, 3620)(3608, 3608)
	('S5', 'S4'), Operation(3622, 3639, 3651)(3639, 3639)
	('S4', 'E4'), Operation(3653, 3658, 3670)(3658, 3658)
56. Flow F56 [E2-->E4] with period 16000, payload 327B, e2e delay 16000us, jitter 1600us
	('E2', 'S2'), Operation(13936, None, 13939)(13936, 13936)
	('S2', 'S3'), Operation(13941, 13946, 13949)(13946, 13946)
	('S3', 'S4'), Operation(13951, 13956, 13959)(13956, 13956)
	('S4', 'E4'), Operation(13961, None, 13982)(13961, 13979)
57. Flow F57 [E3-->E5] with period 2000, payload 787B, e2e delay 2000us, jitter 200us
	('E3', 'S3'), Operation(1515, None, 1522)(1515, 1515)
	('S3', 'S4'), Operation(1524, 1529, 1536)(1529, 1529)
	('S4', 'S5'), Operation(1538, 1543, 1550)(1543, 1543)
	('S5', 'E5'), Operation(1552, None, 1577)(1552, 1570)
58. Flow F58 [E4-->E3] with period 2000, payload 1334B, e2e delay 2000us, jitter 200us
	('E4', 'S4'), Operation(542, None, 553)(542, 542)
	('S4', 'S3'), Operation(555, 560, 571)(560, 560)
	('S3', 'E3'), Operation(573, 590, 601)(590, 590)
59. Flow F59 [E3-->E1] with period 2000, payload 308B, e2e delay 2000us, jitter 200us
	('E3', 'S3'), Operation(1511, None, 1514)(1511, 1511)
	('S3', 'S2'), Operation(1516, None, 1537)(1516, 1534)
	('S2', 'S1'), Operation(1521, 1544, 1547)(1544, 1544)
	('S1', 'E1'), Operation(1549, None, 1570)(1549, 1567)

SMT variables: 
	F54_jitter: 0
	F32_jitter: 36
	F47_('S2', 'S3')_rr: 16
	F23_('E5', 'S5')_t5_max: 7665
	F24_('E2', 'S2')_rr: 0
	F48_('S2', 'S1')_rr: 0
	F48_('S3', 'S2')_t4_min: 3739
	('S4', 'S3')_gcl_cycle: 32000
	F52_('S3', 'S4')_gc: True
	F7_queue_index: 0
	F30_('S3', 'E3')_t4_min: 1996
	F32_('S2', 'S1')_t4_min: 38016
	F11_('S2', 'E2')_t3_max: 15976
	F57_('S3', 'S4')_gc: True
	F0_('E5', 'S5')_rr: 0
	F3_('S3', 'E3')_gc: False
	F24_('E2', 'S2')_gc: False
	F2_('S5', 'E5')_t3_max: 5921
	F51_('S1', 'E1')_t4_min: 661
	F42_('S3', 'S4')_gc: False
	F17_('E3', 'S3')_rr: 0
	F48_('S1', 'E1')_t4_min: 3767
	F50_('S2', 'S3')_t5_max: 132
	F26_('S2', 'S3')_t4_min: 152
	F13_('E2', 'S2')_rr: 0
	F22_queue_index: 0
	F16_('S2', 'S3')_t4_max: 62193
	F21_('E3', 'S3')_tb: 102327
	F37_('S3', 'E3')_gc: True
	F5_('S5', 'E5')_t4_min: 49
	F7_('S4', 'S3')_rr: 2
	F29_('S5', 'S4')_gc: True
	F50_('S2', 'S3')_t4_max: 130
	F32_('S1', 'E1')_t4_min: 38020
	F32_('E2', 'S2')_t4_min: 38012
	F19_('S4', 'E4')_gc: False
	F30_('S3', 'E3')_gc: False
	F32_('E2', 'S2')_gc: False
	F9_('S3', 'S2')_t4_min: 57496
	F14_('E4', 'S4')_t3_max: 7826
	F44_('E4', 'S4')_gc: False
	F41_('S4', 'S3')_t4_max: 8610
	F11_('S2', 'E2')_t4_min: 15971
	F15_('S3', 'S2')_t4_max: 30122
	F51_('S4', 'S3')_t3_max: 627
	F9_('E3', 'S3')_rr: 0
	F39_('S2', 'S1')_t3_max: 4495
	F39_('S2', 'S1')_rr: 2
	F55_('E5', 'S5')_rr: 1
	F44_('S4', 'S3')_rr: 2
	F21_('E3', 'S3')_t3_max: 102314
	F44_('S3', 'E3')_rr: 0
	F5_('S3', 'S4')_t4_min: 25
	F46_('S3', 'S2')_t3_max: 2088
	F56_('E2', 'S2')_t3_max: 13923
	F54_queue_index: 0
	F28_('S5', 'E5')_rr: 0
	F12_('S3', 'S2')_rr: 0
	F42_('S4', 'E4')_t5_min: 110319
	F58_('E4', 'S4')_gc: False
	F34_('S1', 'S2')_tb: 30293
	F7_('E5', 'S5')_t3_max: 6379
	F8_('S2', 'S3')_t4_max: 2388
	F1_jitter: 0
	F13_jitter: 72
	F13_('S3', 'S4')_t4_min: 31570
	F6_('E4', 'S4')_rr: 0
	F38_('S3', 'S4')_t3_max: 1616
	F25_('S4', 'S3')_t4_max: 66490
	F4_('S5', 'S4')_rr: 0
	F15_jitter: 0
	F51_('E4', 'S4')_t3_max: 605
	F14_('S3', 'S2')_t4_min: 7864
	F56_('S2', 'S3')_t5_min: 13949
	F52_('S5', 'E5')_rr: 0
	F14_('S2', 'E2')_t5_min: 7905
	F0_('E5', 'S5')_t5_max: 6526
	F10_('S5', 'E5')_gc: False
	F7_('S5', 'S4')_t4_max: 6401
	F36_('S3', 'S2')_gc: True
	F24_('S3', 'S4')_gc: True
	F29_('E5', 'S5')_gc: False
	F32_('E2', 'S2')_t3_max: 37999
	F42_('S1', 'S2')_rr: 0
	F40_('S2', 'E2')_gc: True
	F50_('S4', 'E4')_gc: False
	F12_('S1', 'E1')_t4_min: 15938
	F54_('E1', 'S1')_t3_max: 2298
	F6_queue_index: 0
	F17_('S3', 'S4')_t3_max: 6369
	F48_jitter: 54
	F55_('S5', 'S4')_t4_min: 3639
	F8_('S5', 'E5')_t4_min: 2444
	F26_('S3', 'S4')_t3_max: 181
	F22_('E4', 'S4')_rr: 0
	F54_('S1', 'S2')_t4_min: 2404
	F24_('S4', 'E4')_t4_min: 14244
	F49_('S4', 'S3')_t3_max: 14392
	F46_('S2', 'E2')_gc: True
	F47_('S2', 'S3')_gc: True
	F56_('S2', 'S3')_t4_max: 13946
	F3_('E4', 'S4')_t5_max: 39736
	F34_('S1', 'S2')_t3_max: 30298
	F19_('S3', 'S4')_rr: 0
	F57_('S5', 'E5')_rr: 0
	F46_('S3', 'S2')_gc: True
	F18_('S4', 'E4')_t3_max: 6343
	F54_('S1', 'S2')_t4_max: 2404
	F33_('E1', 'S1')_gc: False
	('E2', 'S2')_gcl_cycle: 1
	F7_('S2', 'S1')_t4_min: 6441
	F45_('S5', 'E5')_rr: 1
	('S2', 'E2')_gcl_cycle: 128000
	F31_('S1', 'E1')_t3_max: 63893
	F16_('E2', 'S2')_gc: False
	F29_('S5', 'S4')_t4_min: 22394
	F57_('S3', 'S4')_t4_min: 1529
	F31_('S1', 'E1')_t4_max: 63906
	F22_('S2', 'S1')_t4_max: 562
	F33_('S1', 'S2')_t3_max: 2421
	F30_('S2', 'S3')_t4_max: 2003
	F43_('S4', 'S3')_t4_min: 28418
	F22_('S2', 'S1')_t4_min: 562
	F28_('E1', 'S1')_gc: False
	F52_jitter: 36
	('S3', 'E3')_gcl_cycle: 16000
	F24_('S3', 'S4')_t4_min: 14240
	F54_('S3', 'S4')_t4_max: 2453
	F3_('E4', 'S4')_t4_min: 39731
	F17_('S3', 'S4')_rr: 2
	F41_('E4', 'S4')_t5_min: 8591
	F22_('E4', 'S4')_gc: False
	F48_('S4', 'S3')_rr: 8
	F54_('S2', 'S3')_gc: True
	F36_('S3', 'S2')_t4_max: 674
	F9_('S3', 'S2')_t4_max: 57514
	F5_('S2', 'S3')_gc: False
	F36_('S1', 'E1')_t4_min: 720
	F41_('E4', 'S4')_gc: False
	F30_('S1', 'S2')_t4_max: 1974
	F51_('S4', 'S3')_t4_min: 627
	F24_('S2', 'S3')_gc: False
	F11_('S1', 'S2')_rr: 1
	F24_('S2', 'S3')_rr: 0
	F22_('S3', 'S2')_gc: False
	F58_('S3', 'E3')_rr: 8
	F8_('S5', 'E5')_gc: False
	F11_('S1', 'S2')_gc: True
	F28_jitter: 18
	F37_('S4', 'S3')_t4_min: 436
	F35_('S1', 'S2')_t4_max: 14138
	F53_('S3', 'S4')_t4_max: 29851
	F4_('E5', 'S5')_t5_min: 29520
	F13_('S4', 'S5')_rr: 0
	F15_('S3', 'S2')_rr: 0
	F15_('S1', 'E1')_t4_min: 30174
	F18_('S3', 'S4')_rr: 0
	F6_('S4', 'S5')_t4_min: 62024
	F51_('S3', 'S2')_t4_min: 636
	F4_('E5', 'S5')_t3_min: 29514
	F58_('S4', 'S3')_t3_max: 560
	F31_('S2', 'S1')_rr: 0
	F13_('S4', 'S5')_t4_max: 31628
	F2_('S2', 'S3')_t3_max: 5840
	F16_('S2', 'S3')_gc: False
	F15_('S1', 'E1')_rr: 1
	F13_('S2', 'S3')_tb: 31566
	F45_('S3', 'S4')_tb: 9537
	F20_('E5', 'S5')_gc: False
	F10_('E4', 'S4')_rr: 0
	F51_('E4', 'S4')_gc: False
	F25_('S4', 'S3')_t3_max: 66477
	F26_('E2', 'S2')_rr: 0
	F33_('S3', 'E3')_gc: True
	F43_('S4', 'S3')_gc: True
	F32_('S1', 'E1')_gc: False
	F42_('E1', 'S1')_rr: 0
	F5_('S5', 'E5')_gc: False
	F4_('E5', 'S5')_t3_max: 29501
	F28_('E1', 'S1')_tb: 13946
	F18_('S3', 'S4')_t3_max: 6313
	F9_('S3', 'S2')_rr: 0
	F22_('S4', 'S3')_rr: 0
	F54_('S4', 'E4')_rr: 32
	F42_('S3', 'S4')_rr: 0
	F38_('S3', 'S4')_rr: 16
	F45_('S4', 'S5')_t4_max: 9592
	F28_('S3', 'S4')_t4_min: 13960
	F32_('S2', 'S1')_gc: False
	F45_('S3', 'S4')_gc: False
	F48_('S2', 'S1')_gc: False
	F9_('S2', 'E2')_t4_min: 57499
	F1_('S2', 'S3')_t3_max: 105566
	F37_('S4', 'S3')_gc: True
	F31_('S2', 'S1')_gc: False
	F26_('S3', 'S4')_t4_max: 194
	F52_('S3', 'S4')_t4_min: 2102
	F6_('S4', 'S5')_t3_max: 62011
	F58_('S4', 'S3')_gc: True
	F32_('S2', 'S1')_t3_max: 38021
	F58_jitter: 0
	F51_('S2', 'S1')_gc: True
	F33_('S3', 'E3')_rr: 4
	F49_queue_index: 0
	F14_('S3', 'S2')_rr: 0
	F23_('S5', 'S4')_rr: 0
	F31_('S1', 'E1')_t3_min: 63834
	F26_('E2', 'S2')_t3_max: 133
	F57_('S3', 'S4')_t3_min: 1524
	F39_('S1', 'E1')_t4_max: 4539
	F38_queue_index: 0
	F53_('S4', 'E4')_rr: 4
	F42_('S4', 'E4')_gc: True
	F43_('E4', 'S4')_rr: 0
	F4_('S5', 'S4')_t4_max: 29540
	F23_queue_index: 0
	('E1', 'S1')_gcl_cycle: 1
	F53_jitter: 0
	F26_('E2', 'S2')_gc: False
	F26_('E2', 'S2')_tb: 146
	F11_('E1', 'S1')_gc: False
	F19_('S3', 'S4')_gc: False
	F6_('S4', 'S5')_gc: True
	F18_jitter: 0
	F8_('E2', 'S2')_t3_max: 2346
	F34_('S1', 'S2')_t4_min: 30293
	F26_('S3', 'S4')_t4_min: 158
	F4_('E5', 'S5')_rr: 0
	F11_('E1', 'S1')_t3_max: 15929
	F4_('S4', 'S3')_gc: False
	F28_('S2', 'S3')_t5_min: 13958
	F40_('S4', 'S3')_t4_min: 102572
	('S1', 'S2')_gcl_cycle: 16000
	F13_('S2', 'S3')_rr: 0
	F35_('E1', 'S1')_t3_max: 14099
	F48_('S1', 'E1')_gc: False
	F0_('S5', 'S4')_gc: True
	F5_('S5', 'E5')_t5_min: 59
	F18_('S4', 'E4')_rr: 16
	F30_('S1', 'S2')_gc: True
	F7_('S3', 'S2')_t4_min: 6414
	F38_('S4', 'E4')_tb: 1626
	F45_('S4', 'S5')_gc: True
	F21_jitter: 54
	F1_('E2', 'S2')_gc: False
	F8_('S4', 'S5')_gc: True
	F56_('E2', 'S2')_gc: False
	F25_('E4', 'S4')_t4_max: 66458
	F4_('S5', 'S4')_gc: False
	F34_('E1', 'S1')_t3_max: 30266
	F52_('S5', 'E5')_gc: False
	F33_('S1', 'S2')_rr: 4
	F38_('S4', 'E4')_t5_min: 1634
	F26_('S3', 'S4')_tb: 158
	F42_('S2', 'S3')_gc: True
	F11_queue_index: 0
	F31_('S2', 'S1')_t4_max: 63883
	F50_jitter: 18
	F28_('S1', 'S2')_rr: 1
	F26_('S4', 'E4')_gc: False
	F17_('S4', 'E4')_t3_max: 6386
	F9_('S2', 'E2')_t3_min: 57499
	F9_('S3', 'S2')_gc: False
	F6_('S5', 'E5')_rr: 0
	F3_('S4', 'S3')_t4_min: 39738
	F28_('S5', 'E5')_t4_min: 14007
	F26_('S4', 'E4')_t4_min: 164
	F50_('S2', 'S3')_t3_max: 117
	F22_('E4', 'S4')_t4_min: 494
	F36_('S4', 'S3')_t3_max: 638
	F26_('S3', 'S4')_gc: False
	F15_queue_index: 0
	F41_('S3', 'E3')_t4_min: 8628
	F47_('S2', 'S3')_t4_min: 6406
	F51_('S2', 'S1')_t4_min: 657
	F26_jitter: 54
	F5_('S3', 'S4')_t4_max: 61
	F23_('S5', 'S4')_t4_max: 7685
	F5_('S4', 'S5')_rr: 0
	F18_('S2', 'S3')_t4_min: 6296
	('S1', 'E1')_gcl_cycle: 128000
	F4_('S5', 'S4')_t4_min: 29522
	F7_('S1', 'E1')_rr: 8
	F19_('E3', 'S3')_t3_max: 127891
	F29_('E5', 'S5')_rr: 0
	F7_('S5', 'S4')_gc: True
	F24_('S3', 'S4')_rr: 2
	F12_queue_index: 0
	F30_jitter: 36
	F51_('S2', 'S1')_t4_max: 657
	F45_('S2', 'S3')_gc: False
	F19_('E3', 'S3')_gc: False
	F56_('S4', 'E4')_t4_min: 13961
	F49_('S4', 'S3')_gc: False
	F38_('E3', 'S3')_t4_max: 1601
	F4_('S5', 'S4')_t3_max: 29527
	F3_('S4', 'S3')_t3_max: 39743
	F20_('S2', 'E2')_rr: 0
	F30_('S1', 'S2')_rr: 1
	F30_('S2', 'S3')_rr: 0
	F50_('E2', 'S2')_rr: 0
	F50_('S3', 'S4')_rr: 16
	F28_('S3', 'S4')_t4_max: 13996
	F14_('S2', 'E2')_rr: 16
	F52_('S4', 'S5')_rr: 0
	F27_('S5', 'E5')_gc: False
	F15_('S3', 'S2')_t4_min: 30104
	F20_jitter: 36
	F0_('E5', 'S5')_t5_min: 6526
	F5_('S2', 'S3')_t5_min: 23
	F10_jitter: 36
	F15_('S3', 'S2')_t3_max: 30109
	F24_('S2', 'S3')_t4_max: 14219
	F48_('S4', 'S3')_t4_max: 3725
	F37_('S3', 'E3')_t4_max: 452
	F47_jitter: 18
	F33_('S2', 'S3')_rr: 32
	F1_('S4', 'E4')_rr: 1
	F7_('S2', 'S1')_gc: True
	F30_('S2', 'S3')_t5_max: 2012
	F59_('E3', 'S3')_t3_min: 1511
	F31_('S4', 'S3')_gc: False
	F20_('S2', 'E2')_t3_max: 22590
	F8_('S5', 'E5')_rr: 0
	F59_('E3', 'S3')_t3_max: 1498
	F39_jitter: 0
	F57_('S3', 'S4')_t3_max: 1529
	F40_('S3', 'S2')_gc: False
	F56_('S2', 'S3')_gc: True
	F31_('E4', 'S4')_rr: 0
	F3_('E4', 'S4')_t5_min: 39736
	F32_('S1', 'E1')_rr: 0
	F2_('S5', 'E5')_t4_min: 5898
	F31_('S4', 'S3')_rr: 0
	F29_jitter: 0
	F4_('S4', 'S3')_rr: 0
	F39_('S2', 'S1')_gc: True
	F5_('S5', 'E5')_t3_min: 49
	F15_('E3', 'S3')_t3_max: 30083
	F42_('S2', 'S3')_t4_min: 110259
	F33_queue_index: 0
	F8_('S2', 'S3')_t5_max: 2397
	F6_('S4', 'S5')_t4_max: 62024
	F9_jitter: 36
	F6_('E4', 'S4')_t5_max: 62004
	F39_('E2', 'S2')_gc: False
	F4_('E5', 'S5')_t4_max: 29514
	F24_('S2', 'S3')_t4_min: 14201
	F36_('S4', 'S3')_rr: 0
	F11_('E1', 'S1')_t4_min: 15942
	F49_('S4', 'S3')_t4_max: 14405
	F22_('S3', 'S2')_t4_min: 512
	F54_('S3', 'S4')_t4_min: 2435
	F0_queue_index: 0
	F45_('S4', 'S5')_rr: 2
	F34_('E1', 'S1')_gc: False
	F16_queue_index: 0
	F15_('S2', 'S1')_t4_max: 30148
	F31_('S3', 'S2')_t4_min: 63824
	F24_('S4', 'E4')_t5_max: 14264
	F7_('S4', 'S3')_gc: True
	F15_('E3', 'S3')_t5_min: 30102
	F56_('S3', 'S4')_gc: True
	F31_('S4', 'S3')_t4_min: 63819
	F37_('S3', 'E3')_t4_min: 452
	F48_('S4', 'S3')_t4_min: 3725
	F35_('S2', 'E2')_rr: 4
	F20_('E5', 'S5')_rr: 0
	F39_('S1', 'E1')_gc: True
	F34_('S2', 'S3')_t4_max: 30343
	F42_('E1', 'S1')_t3_max: 110183
	F5_('E2', 'S2')_rr: 0
	F20_('S5', 'S4')_t4_max: 22518
	F6_('S5', 'E5')_t4_min: 62028
	F30_('E1', 'S1')_t3_max: 1945
	F41_('S4', 'S3')_t3_max: 8598
	F51_('S3', 'S2')_t3_min: 631
	F10_('S5', 'E5')_tb: 1856
	F48_('S5', 'S4')_t3_max: 3693
	F30_('E1', 'S1')_rr: 0
	('E3', 'S3')_gcl_cycle: 1
	F48_('E5', 'S5')_t3_max: 3661
	F24_jitter: 18
	F16_('S3', 'E3')_t4_min: 62184
	F23_('E5', 'S5')_t4_max: 7663
	F54_('S3', 'S4')_gc: False
	F22_('S4', 'S3')_t4_max: 521
	F59_jitter: 18
	F57_('S5', 'E5')_t4_min: 1552
	F8_('S2', 'S3')_t3_max: 2375
	F24_('S4', 'E4')_t3_max: 14249
	F40_('S5', 'S4')_t4_max: 102560
	F53_('S2', 'S3')_t4_max: 29833
	F56_jitter: 18
	F36_('S3', 'S2')_t5_max: 678
	F46_('S2', 'E2')_t4_min: 2124
	F15_('E3', 'S3')_rr: 0
	F52_('S3', 'S4')_rr: 8
	F5_('S4', 'S5')_t4_min: 37
	F39_('S1', 'E1')_rr: 16
	F29_('S4', 'E4')_t4_min: 22402
	F42_jitter: 0
	F22_('S3', 'S2')_rr: 0
	F58_('E4', 'S4')_t3_max: 529
	F7_jitter: 0
	F40_('E5', 'S5')_rr: 0
	F42_('S3', 'S4')_t4_max: 110290
	F42_queue_index: 0
	F2_queue_index: 0
	('S2', 'S1')_gcl_cycle: 16000
	F18_('S3', 'S4')_t4_min: 6308
	F49_('S3', 'S2')_gc: False
	F6_('S4', 'S5')_rr: 1
	F29_('S4', 'E4')_rr: 4
	F18_('E2', 'S2')_rr: 0
	F56_('S3', 'S4')_t4_max: 13956
	F59_('E3', 'S3')_gc: False
	F44_('E4', 'S4')_t5_max: 14368
	F22_('S4', 'S3')_tb: 503
	F14_('S2', 'E2')_gc: True
	F52_('S4', 'S5')_t4_max: 2135
	F13_('S3', 'S4')_gc: False
	F32_('E2', 'S2')_t5_min: 38014
	F35_('E1', 'S1')_tb: 14112
	F23_('E5', 'S5')_rr: 0
	F34_jitter: 54
	F34_('S3', 'E3')_t4_min: 30321
	F18_('S2', 'S3')_gc: True
	F27_('S4', 'S5')_t3_max: 13940
	F27_('S4', 'S5')_t5_max: 13962
	F0_('E5', 'S5')_t3_max: 6506
	F21_('E3', 'S3')_rr: 0
	F11_('E1', 'S1')_rr: 0
	F26_('S2', 'S3')_rr: 0
	F33_('E1', 'S1')_rr: 0
	F41_('S4', 'S3')_tb: 8610
	F22_('S2', 'S1')_rr: 8
	F33_('S2', 'S3')_t4_min: 2456
	F20_('S4', 'S3')_t4_min: 22545
	F59_queue_index: 0
	F21_('S5', 'E5')_gc: False
	F23_('S5', 'S4')_t4_min: 7667
	F22_('S1', 'E1')_t5_min: 578
	F38_('S3', 'S4')_t4_max: 1616
	F40_('S2', 'E2')_rr: 1
	F25_jitter: 36
	F46_('E3', 'S3')_t3_max: 2065
	F17_('S3', 'S4')_t4_min: 6369
	F21_queue_index: 0
	F2_('S3', 'S4')_gc: True
	F19_('S4', 'E4')_rr: 0
	F6_('E4', 'S4')_t3_max: 61989
	F36_('E4', 'S4')_t3_max: 614
	F40_('S4', 'S3')_gc: False
	F7_('S1', 'E1')_gc: True
	F12_('S2', 'S1')_t4_min: 15929
	F21_('S4', 'S5')_t4_max: 102383
	F22_('S3', 'S2')_t4_max: 548
	F16_('E2', 'S2')_t3_max: 62153
	F35_jitter: 0
	F36_('S1', 'E1')_rr: 64
	F53_('E2', 'S2')_t3_max: 29807
	F36_('S3', 'S2')_rr: 2
	F24_('S4', 'E4')_gc: False
	F35_('E1', 'S1')_gc: False
	F14_jitter: 0
	F13_('S2', 'S3')_t4_max: 31584
	F15_('S1', 'E1')_t3_min: 30120
	F15_('S2', 'S1')_gc: False
	F4_('S4', 'S3')_t4_max: 29566
	F10_('E4', 'S4')_gc: False
	F43_('S3', 'E3')_gc: False
	F16_('S3', 'E3')_rr: 0
	F51_queue_index: 0
	F25_('S3', 'E3')_gc: False
	F0_('S5', 'S4')_t3_max: 6533
	F20_('S5', 'S4')_t4_min: 22518
	F36_('S3', 'S2')_t4_min: 674
	F20_('S3', 'S2')_gc: False
	F1_('S3', 'S4')_t3_max: 105591
	F38_jitter: 18
	F46_('S3', 'S2')_t4_min: 2100
	F3_('S3', 'E3')_t3_min: 39745
	F46_('E3', 'S3')_gc: False
	F13_('E2', 'S2')_t3_min: 31562
	F7_('S3', 'S2')_rr: 0
	('E4', 'S4')_gcl_cycle: 1
	F43_('S3', 'E3')_t4_min: 28424
	F31_('S1', 'E1')_t4_min: 63834
	F4_('E5', 'S5')_gc: False
	F45_('S3', 'S4')_t3_min: 9537
	F48_('S5', 'S4')_t4_min: 3688
	F36_('S4', 'S3')_gc: False
	F25_('S4', 'S3')_t4_min: 66472
	F10_('E4', 'S4')_t4_max: 1842
	F37_('S4', 'S3')_t3_max: 436
	F3_jitter: 36
	F27_queue_index: 0
	F26_('S2', 'S3')_t3_max: 157
	F45_('S4', 'S5')_t3_min: 9551
	F57_('S5', 'E5')_gc: False
	F21_('S5', 'E5')_t4_min: 102357
	F43_('S4', 'S3')_t3_max: 28418
	F45_('S2', 'S3')_t3_max: 9528
	F50_('S3', 'S4')_t4_max: 139
	F41_('E4', 'S4')_t4_max: 8580
	F56_('S2', 'S3')_rr: 8
	F48_('S3', 'S2')_t4_max: 3757
	F11_('S1', 'S2')_t3_max: 15959
	F36_('S4', 'S3')_t4_max: 651
	F1_('S3', 'S4')_gc: False
	F49_('S2', 'E2')_t4_min: 14454
	F12_jitter: 54
	F13_('S2', 'S3')_gc: False
	F57_jitter: 18
	F20_('S4', 'S3')_t5_max: 22554
	F41_('E4', 'S4')_t3_max: 8567
	F33_('S1', 'S2')_t4_max: 2432
	F6_('S5', 'E5')_gc: False
	F17_queue_index: 0
	F8_queue_index: 0
	F3_('E4', 'S4')_t3_max: 39718
	F49_('E4', 'S4')_t4_min: 14374
	F59_('S3', 'S2')_t3_max: 1521
	F49_('E4', 'S4')_t3_max: 14361
	F10_('S4', 'S5')_gc: False
	F20_('S3', 'S2')_t4_min: 22556
	F20_('S4', 'S3')_t4_max: 22545
	F5_('E2', 'S2')_gc: False
	F8_('S3', 'S4')_rr: 0
	F28_('S5', 'E5')_t5_max: 14026
	F43_jitter: 18
	('S3', 'S2')_gcl_cycle: 4000
	F17_('E3', 'S3')_gc: False
	F49_('S3', 'S2')_t4_min: 14400
	F23_jitter: 36
	F15_('S3', 'S2')_gc: False
	F26_('S2', 'S3')_t4_max: 170
	F42_('S4', 'E4')_rr: 1
	F19_('E3', 'S3')_rr: 0
	F43_('E4', 'S4')_t3_max: 28394
	F25_('E4', 'S4')_t3_max: 66445
	F12_('S3', 'S2')_t4_max: 15938
	F40_('E5', 'S5')_gc: False
	F45_('E2', 'S2')_t3_max: 9496
	F21_('S4', 'S5')_rr: 0
	F23_('E5', 'S5')_gc: False
	F40_('S4', 'S3')_rr: 0
	F52_('E3', 'S3')_rr: 0
	F31_('S1', 'E1')_gc: False
	F4_('S2', 'E2')_t3_max: 29605
	F37_queue_index: 0
	F31_queue_index: 0
	F18_('S2', 'S3')_t5_min: 6306
	F0_('S4', 'E4')_gc: True
	F2_('S3', 'S4')_rr: 4
	F25_('S4', 'S3')_gc: False
	F19_jitter: 36
	F59_('S3', 'S2')_gc: False
	F8_('E2', 'S2')_rr: 0
	F48_('S3', 'S2')_rr: 0
	F48_('S1', 'E1')_rr: 0
	F23_('S5', 'S4')_gc: False
	F4_('S4', 'S3')_t4_min: 29530
	F14_('S3', 'S2')_t4_max: 7882
	F12_('S2', 'S1')_t3_max: 15952
	F59_('S2', 'S1')_rr: 8
	F12_('E3', 'S3')_gc: False
	F21_('E3', 'S3')_gc: False
	F36_('S2', 'S1')_rr: 8
	F44_('S3', 'E3')_t4_min: 14388
	F49_('S3', 'S2')_rr: 0
	F28_('S5', 'E5')_t3_max: 14012
	F28_('S3', 'S4')_rr: 0
	F50_('S2', 'S3')_t4_min: 112
	F1_('S2', 'S3')_t4_min: 105578
	F2_('S5', 'E5')_rr: 0
	F31_('E4', 'S4')_gc: False
	F16_('S2', 'S3')_t4_min: 62175
	F18_('E2', 'S2')_gc: False
	F18_('S3', 'S4')_gc: False
	F14_('E4', 'S4')_gc: False
	F30_('S2', 'S3')_gc: False
	F8_('S2', 'S3')_t4_min: 2370
	F53_('S3', 'S4')_t4_min: 29851
	('S4', 'E4')_gcl_cycle: 128000
	F32_('S2', 'S1')_rr: 0
	F53_('E2', 'S2')_rr: 0
	F53_('S2', 'S3')_rr: 4
	F20_('E5', 'S5')_t3_max: 22477
	F28_('E1', 'S1')_t3_max: 13933
	F50_('E2', 'S2')_t4_max: 108
	F18_('S4', 'E4')_gc: True
	F1_('S2', 'S3')_rr: 1
	F18_('S2', 'S3')_t3_max: 6284
	F2_('E2', 'S2')_tb: 5822
	F27_('S4', 'S5')_gc: False
	F57_('E3', 'S3')_rr: 0
	F14_('S4', 'S3')_gc: True
	F55_queue_index: 0
	F15_('S3', 'S2')_t5_min: 30110
	F10_('S4', 'S5')_t4_min: 1849
	F47_('S2', 'S3')_t4_max: 6406
	F50_('S2', 'S3')_t3_min: 112
	F7_('E5', 'S5')_rr: 0
	F25_('S4', 'S3')_rr: 0
	F35_queue_index: 0
	F2_('S2', 'S3')_gc: True
	('S2', 'S3')_gcl_cycle: 128000
	F13_('S5', 'E5')_rr: 0
	F48_('S1', 'E1')_t3_min: 3767
	F38_('E3', 'S3')_rr: 0
	F58_queue_index: 0
	F4_('S5', 'S4')_t5_max: 29546
	F4_('S5', 'S4')_tb: 29522
	F1_('S3', 'S4')_rr: 0
	F7_('S5', 'S4')_rr: 8
	F35_('E1', 'S1')_rr: 0
	F36_queue_index: 0
	F5_('S2', 'S3')_rr: 0
	F17_('S4', 'E4')_gc: True
	F13_('S2', 'S3')_t3_max: 31571
	F52_('S4', 'S5')_gc: False
	F52_queue_index: 0
	F43_('S4', 'S3')_t4_max: 28418
	F45_('S4', 'S5')_t4_min: 9592
	F55_('S5', 'S4')_t3_max: 3627
	F13_('E2', 'S2')_gc: False
	F45_('E2', 'S2')_gc: False
	F58_('S3', 'E3')_t4_min: 590
	F16_('S2', 'S3')_t5_min: 62182
	F40_queue_index: 0
	F15_('S2', 'S1')_rr: 0
	F49_('S2', 'E2')_rr: 8
	F21_('S3', 'S4')_t4_min: 102337
	F53_('S4', 'E4')_gc: True
	F19_('S3', 'S4')_t3_max: 127917
	F7_('S3', 'S2')_gc: False
	F20_('S4', 'S3')_rr: 1
	F5_queue_index: 0
	F50_('E2', 'S2')_gc: False
	F47_('E2', 'S2')_t4_max: 6389
	F24_('S3', 'S4')_t4_max: 14240
	F1_('S4', 'E4')_gc: True
	F46_('E3', 'S3')_rr: 0
	F21_('S3', 'S4')_t4_max: 102355
	F20_('S5', 'S4')_t3_max: 22506
	F31_('S1', 'E1')_rr: 0
	F0_('S5', 'S4')_t4_min: 6547
	F33_('S3', 'E3')_t4_min: 2481
	F34_('S1', 'S2')_gc: False
	F53_('S2', 'S3')_t3_max: 29828
	F48_('E5', 'S5')_rr: 0
	F28_('S1', 'S2')_tb: 13954
	F20_('S4', 'S3')_gc: True
	F2_('S5', 'E5')_t5_max: 5945
	F40_('S5', 'S4')_t4_min: 102560
	F54_('S2', 'S3')_rr: 32
	F28_('S1', 'S2')_t4_min: 13954
	F39_('S2', 'S1')_t4_max: 4507
	F45_('S2', 'S3')_t4_max: 9541
	F22_('S4', 'S3')_gc: False
	F8_('E2', 'S2')_gc: False
	F58_('S3', 'E3')_gc: True
	F5_('S2', 'S3')_t4_min: 13
	F14_('S2', 'E2')_t4_min: 7903
	F44_('S4', 'S3')_t3_max: 14375
	F1_('S3', 'S4')_t5_min: 105592
	F10_('S4', 'S5')_t4_max: 1867
	F37_jitter: 0
	F36_('E4', 'S4')_tb: 627
	F3_('E4', 'S4')_rr: 0
	F10_('S5', 'E5')_rr: 0
	F4_('S3', 'S2')_t4_min: 29538
	F31_('S3', 'S2')_gc: False
	F12_('E3', 'S3')_t3_max: 15898
	F42_('S3', 'S4')_t4_min: 110272
	F24_('S4', 'E4')_rr: 0
	F42_('S2', 'S3')_rr: 1
	F26_('E2', 'S2')_t3_min: 146
	F35_('S1', 'S2')_t4_min: 14120
	F47_('E2', 'S2')_t3_max: 6376
	F53_('S3', 'S4')_rr: 1
	F56_('S3', 'S4')_t4_min: 13956
	F53_('S4', 'E4')_t4_min: 29871
	F51_jitter: 18
	F56_('S2', 'S3')_tb: 13946
	F25_queue_index: 0
	F21_('S4', 'S5')_t4_min: 102347
	F35_('S1', 'S2')_t3_max: 14125
	F29_('S5', 'S4')_t5_max: 22395
	F32_queue_index: 0
	F24_('S2', 'S3')_tb: 14201
	F35_('S1', 'S2')_rr: 0
	F18_('S2', 'S3')_t4_max: 6296
	F14_('S4', 'S3')_t5_max: 7862
	F9_('E3', 'S3')_gc: False
	F2_('E2', 'S2')_t3_max: 5809
	F37_('E4', 'S4')_rr: 0
	F44_queue_index: 0
	F50_('S4', 'E4')_t4_min: 143
	F55_jitter: 0
	F12_('S1', 'E1')_rr: 0
	F38_('S4', 'E4')_rr: 0
	F13_('S4', 'S5')_gc: False
	F57_('E3', 'S3')_t3_max: 1502
	F38_('S4', 'E4')_gc: False
	F8_('S2', 'S3')_gc: False
	F0_('S5', 'S4')_t4_max: 6547
	F18_('S3', 'S4')_t4_max: 6326
	F36_('S4', 'S3')_t4_min: 633
	F36_('S4', 'S3')_tb: 633
	F36_('S2', 'S1')_t4_min: 697
	F51_('S3', 'S2')_rr: 2
	F59_('E3', 'S3')_rr: 0
	F5_('S2', 'S3')_t4_max: 31
	F48_('S5', 'S4')_gc: False
	F47_('S3', 'E3')_tb: 6418
	F3_('S3', 'E3')_tb: 39745
	F35_('S2', 'E2')_gc: True
	F42_('E1', 'S1')_gc: False
	F27_('E4', 'S4')_rr: 0
	F1_('S2', 'S3')_gc: True
	F28_('S5', 'E5')_gc: False
	F34_('E1', 'S1')_rr: 0
	F30_('S1', 'S2')_t3_max: 1974
	F46_('S3', 'S2')_t4_max: 2100
	F16_('S2', 'S3')_rr: 0
	F54_('S4', 'E4')_gc: True
	F22_jitter: 18
	F16_('S3', 'E3')_gc: False
	F51_('S1', 'E1')_gc: False
	F34_('S2', 'S3')_rr: 0
	F51_('S1', 'E1')_rr: 0
	F32_('S2', 'S1')_t4_max: 38034
	F22_('S2', 'S1')_t3_min: 521
	F52_('S3', 'S4')_t3_max: 2102
	F51_('S4', 'S3')_gc: True
	F37_('S3', 'E3')_rr: 8
	F12_('S2', 'S1')_rr: 0
	F8_('S4', 'S5')_t4_min: 2433
	F35_('S2', 'E2')_t4_min: 14151
	F3_('S3', 'E3')_t4_min: 39745
	F33_('S1', 'S2')_t4_min: 2432
	F45_jitter: 0
	F51_('E4', 'S4')_rr: 0
	F18_('E2', 'S2')_t5_min: 6277
	F47_('E2', 'S2')_gc: False
	F51_('S2', 'S1')_rr: 8
	F2_('S3', 'S4')_t4_max: 5872
	F4_('S3', 'S2')_rr: 0
	F58_('S4', 'S3')_t4_max: 560
	F5_('S3', 'S4')_gc: False
	F29_('S4', 'E4')_gc: True
	F40_jitter: 0
	F38_('S3', 'S4')_t4_min: 1616
	F36_jitter: 0
	F31_('S3', 'S2')_t4_max: 63860
	F28_('S4', 'S5')_gc: True
	F11_('S2', 'E2')_gc: False
	F16_('S2', 'S3')_t3_max: 62180
	F36_('S1', 'E1')_gc: True
	F39_queue_index: 0
	F7_('S4', 'S3')_t4_min: 6410
	F14_('E4', 'S4')_t4_max: 7839
	F56_('S2', 'S3')_t3_max: 13946
	F10_('S5', 'E5')_t4_max: 1892
	F12_('E3', 'S3')_rr: 0
	F13_('S3', 'S4')_rr: 0
	F23_('S5', 'S4')_t3_max: 7672
	F22_('S4', 'S3')_t4_min: 503
	F37_('S4', 'S3')_rr: 16
	F57_('S4', 'S5')_gc: True
	F49_('S2', 'E2')_gc: True
	F28_('S2', 'S3')_t4_min: 13957
	F49_('S3', 'S2')_t3_max: 14423
	F48_('E5', 'S5')_tb: 3674
	F3_('E4', 'S4')_t4_max: 39731
	F1_('S3', 'S4')_t4_max: 105604
	F47_('S3', 'E3')_rr: 0
	F34_('S3', 'E3')_rr: 0
	F47_('S2', 'S3')_t3_max: 6406
	F4_('S2', 'E2')_gc: False
	F50_('S2', 'S3')_gc: False
	F29_queue_index: 0
	F6_('E4', 'S4')_gc: False
	F4_('S3', 'S2')_t4_max: 29592
	F40_('S3', 'S2')_rr: 0
	F27_('S5', 'E5')_t5_min: 13955
	F32_('S1', 'E1')_tb: 38020
	F42_('E1', 'S1')_t4_max: 110196
	F1_('S3', 'S4')_tb: 105586
	F23_('S4', 'E4')_t5_min: 7673
	F43_('S4', 'S3')_rr: 1
	F36_('S2', 'S1')_t4_max: 697
	F57_('S5', 'E5')_tb: 1552
	F8_jitter: 18
	F47_('E2', 'S2')_rr: 0
	F49_('S4', 'S3')_t5_max: 14416
	F0_('S4', 'E4')_rr: 16
	F9_('S3', 'S2')_t3_max: 57501
	F26_('S3', 'S4')_rr: 0
	F33_('S1', 'S2')_gc: True
	F52_('E3', 'S3')_gc: False
	F0_('E5', 'S5')_gc: False
	F28_('S2', 'S3')_t4_max: 13975
	F51_('S4', 'S3')_t4_max: 627
	F57_('S3', 'S4')_rr: 16
	F59_('E3', 'S3')_t5_min: 1514
	F16_('S2', 'S3')_t3_min: 62175
	F25_('S3', 'E3')_rr: 0
	F16_('S3', 'E3')_t3_min: 62184
	F40_('S2', 'E2')_t4_min: 102649
	F34_('S2', 'S3')_gc: False
	F55_('S5', 'S4')_t4_max: 3639
	F8_('S2', 'S3')_rr: 0
	F13_('S3', 'S4')_t4_max: 31606
	F50_('S3', 'S4')_t4_min: 139
	F16_('S3', 'E3')_t5_max: 62227
	F59_('S3', 'S2')_t4_max: 1534
	F14_('S4', 'S3')_rr: 4
	F34_('S1', 'S2')_rr: 0
	F45_('E2', 'S2')_rr: 0
	F5_('S5', 'E5')_t4_max: 121
	F55_('S4', 'E4')_gc: True
	F33_('S1', 'S2')_t3_min: 2416
	F31_('E4', 'S4')_t3_max: 63801
	F5_('S5', 'E5')_t5_max: 131
	F22_('E4', 'S4')_t3_max: 481
	F33_('S2', 'S3')_gc: True
	F44_('E4', 'S4')_t3_min: 14357
	F1_('S4', 'E4')_t4_min: 105619
	F54_('E1', 'S1')_tb: 2311
	F0_('E5', 'S5')_t4_max: 6519
	F33_jitter: 0
	F41_jitter: 0
	F21_('S4', 'S5')_gc: False
	F5_jitter: 72
	F57_('S4', 'S5')_t4_max: 1543
	F21_('S3', 'S4')_t3_max: 102342
	F45_('S2', 'S3')_t4_min: 9523
	F10_('S4', 'S5')_t3_max: 1854
	F19_queue_index: 0
	F55_('S5', 'S4')_gc: True
	F40_('S5', 'S4')_t3_max: 102560
	F1_('E2', 'S2')_t3_max: 105540
	F10_('E4', 'S4')_t4_min: 1842
	F20_('S5', 'S4')_rr: 4
	F9_('S2', 'E2')_rr: 0
	F41_('S4', 'S3')_rr: 2
	F18_('S2', 'S3')_rr: 16
	F42_('S4', 'E4')_t4_min: 110308
	F57_('S4', 'S5')_rr: 32
	F54_('S3', 'S4')_rr: 0
	F23_('S4', 'E4')_gc: False
	F16_('E2', 'S2')_rr: 0
	F13_('S4', 'S5')_tb: 31574
	F17_('E3', 'S3')_t4_max: 6352
	F22_('S2', 'S1')_gc: True
	F11_('S1', 'S2')_t4_max: 15959
	F13_('S4', 'S5')_t4_min: 31574
	F40_('S5', 'S4')_t5_max: 102570
	F5_('S2', 'S3')_t3_max: 18
	F21_('S4', 'S5')_t5_max: 102391
	F37_('E4', 'S4')_t3_max: 407
	F4_jitter: 72
	F20_queue_index: 0
	F5_('S3', 'S4')_rr: 0
	F24_('S2', 'S3')_t3_min: 14201
	F35_('S1', 'S2')_gc: False
	F9_('E3', 'S3')_t3_max: 57480
	F3_('S4', 'S3')_gc: False
	F29_('E5', 'S5')_t3_max: 22373
	F42_('S1', 'S2')_t3_max: 110214
	F50_('S2', 'S3')_rr: 0
	F52_('S3', 'S4')_t4_max: 2102
	F55_('S4', 'E4')_rr: 32
	F48_queue_index: 0
	F53_('S2', 'S3')_gc: True
	F49_('S4', 'S3')_t4_min: 14387
	F40_('S2', 'E2')_t5_max: 102659
	F4_('S2', 'E2')_rr: 0
	F45_('S3', 'S4')_t4_max: 9573
	F14_queue_index: 0
	F49_('S4', 'S3')_rr: 0
	F8_('S4', 'S5')_t4_max: 2433
	F55_('S4', 'E4')_t4_min: 3658
	F7_('S2', 'S1')_rr: 1
	F2_('S3', 'S4')_t4_min: 5872
	F50_queue_index: 0
	F0_jitter: 0
	F46_('S3', 'S2')_rr: 1
	F53_('E2', 'S2')_gc: False
	F48_('S2', 'S1')_t4_min: 3753
	F39_('E2', 'S2')_t4_max: 4475
	F32_('E2', 'S2')_t3_min: 38012
	F43_('S4', 'S3')_t5_max: 28422
	F41_('S4', 'S3')_gc: True
	F19_('S3', 'S4')_t4_min: 127912
	F20_('S2', 'E2')_gc: False
	F27_('E4', 'S4')_gc: False
	F40_('S5', 'S4')_gc: True
	F5_('S4', 'S5')_t4_max: 91
	F45_queue_index: 0
	F17_('S4', 'E4')_t4_min: 6386
	F59_('S2', 'S1')_t3_min: 1521
	F31_jitter: 72
	F38_('S3', 'S4')_t5_min: 1624
	F1_('E2', 'S2')_rr: 0
	F34_queue_index: 0
	F57_queue_index: 0
	F28_('E1', 'S1')_rr: 0
	F27_('S4', 'S5')_tb: 13935
	F2_('S4', 'S5')_gc: False
	F31_('S4', 'S3')_t3_max: 63824
	F4_('E5', 'S5')_tb: 29514
	F15_('E3', 'S3')_tb: 30096
	F30_('S3', 'E3')_rr: 0
	F6_jitter: 18
	F58_('S4', 'S3')_t4_min: 560
	F12_('S2', 'S1')_gc: False
	F56_queue_index: 0
	F18_queue_index: 0
	F40_('S4', 'S3')_t4_max: 102590
	F12_('S2', 'S1')_t4_max: 15965
	F45_('S3', 'S4')_t4_min: 9537
	F3_queue_index: 0
	F9_('S2', 'E2')_gc: False
	F11_('S1', 'S2')_t4_min: 15959
	F40_('S2', 'E2')_t4_max: 102649
	F22_('S1', 'E1')_rr: 0
	F7_('S4', 'S3')_t4_max: 6410
	F15_('S2', 'S1')_t4_min: 30112
	F8_('S3', 'S4')_t4_max: 2417
	F5_('S2', 'S3')_t5_max: 41
	F50_('E2', 'S2')_t3_max: 95
	F28_('S4', 'S5')_t4_max: 14004
	F4_('S3', 'S2')_gc: False
	F2_('E2', 'S2')_t4_max: 5822
	F48_('S4', 'S3')_gc: True
	F20_('S3', 'S2')_rr: 0
	F23_('S4', 'E4')_rr: 0
	F28_queue_index: 0
	F25_('E4', 'S4')_gc: False
	F47_('S3', 'E3')_gc: False
	F24_('S2', 'S3')_t3_max: 14206
	F41_('S4', 'S3')_t4_min: 8610
	F57_('E3', 'S3')_gc: False
	F59_('S3', 'S2')_t4_min: 1516
	F1_('S2', 'S3')_t4_max: 105578
	F10_('E4', 'S4')_t3_max: 1829
	F4_('S2', 'E2')_t4_min: 29546
	F25_('S3', 'E3')_t4_min: 66486
	F49_('E4', 'S4')_rr: 0
	F10_('S5', 'E5')_t4_min: 1856
	F51_('S3', 'S2')_t4_max: 636
	F36_('S2', 'S1')_gc: True
	F48_('S2', 'S1')_t4_max: 3789
	F53_queue_index: 0
	F26_('S2', 'S3')_gc: False
	F21_('S5', 'E5')_tb: 102357
	F48_('E5', 'S5')_gc: False
	F28_('S2', 'S3')_gc: False
	F3_('S3', 'E3')_rr: 0
	F45_('S3', 'S4')_rr: 0
	('E5', 'S5')_gcl_cycle: 4000
	F2_('S2', 'S3')_t4_min: 5840
	F43_('E4', 'S4')_gc: False
	F44_('S3', 'E3')_gc: False
	F30_('S1', 'S2')_t4_min: 1974
	F55_('E5', 'S5')_gc: True
	F19_('S4', 'E4')_t4_min: 127920
	F44_('S4', 'S3')_t4_max: 14375
	F20_('S2', 'E2')_t5_max: 22612
	F7_('E5', 'S5')_gc: False
	F39_('S2', 'S1')_t4_min: 4507
	F36_('S2', 'S1')_t3_max: 685
	F12_('S3', 'S2')_t3_max: 15925
	F22_('S1', 'E1')_gc: False
	F2_('E2', 'S2')_rr: 0
	F7_('S5', 'S4')_t4_min: 6401
	F59_('S2', 'S1')_t4_max: 1544
	F20_('S3', 'S2')_t4_max: 22574
	F54_('S4', 'E4')_t4_min: 2471
	F2_('S4', 'S5')_t4_max: 5903
	F51_('S1', 'E1')_t3_max: 666
	F27_('S4', 'S5')_t4_min: 13935
	F50_('S4', 'E4')_rr: 0
	F43_('S3', 'E3')_rr: 0
	F53_('S3', 'S4')_gc: True
	F59_('S3', 'S2')_rr: 0
	F25_('S3', 'E3')_t3_min: 66486
	F31_('S1', 'E1')_t5_max: 63909
	F54_('S1', 'S2')_rr: 4
	F38_('S3', 'S4')_gc: True
	F13_('S5', 'E5')_t4_min: 31578
	F37_('S4', 'S3')_t4_max: 436
	F27_('S4', 'S5')_t4_max: 13953
	F13_queue_index: 0
	F41_('E4', 'S4')_rr: 0
	F55_('S5', 'S4')_rr: 32
	F41_queue_index: 0
	F49_jitter: 0
	F28_('S3', 'S4')_gc: False
	F39_('S1', 'E1')_t4_min: 4539
	F28_('S4', 'S5')_rr: 4
	F54_('S2', 'S3')_t4_min: 2422
	F31_('S2', 'S1')_t4_min: 63829
	F56_('S3', 'S4')_rr: 2
	F46_('S2', 'E2')_rr: 32
	F48_('S5', 'S4')_rr: 0
	F37_('S4', 'S3')_tb: 436
	F54_('E1', 'S1')_gc: False
	F11_jitter: 18
	F2_('S2', 'S3')_rr: 16
	F8_('S4', 'S5')_rr: 16
	F5_('E2', 'S2')_t3_max: -12
	F31_('S3', 'S2')_rr: 0
	F7_('S3', 'S2')_t4_max: 6432
	F29_('S4', 'E4')_tb: 22402
	F29_('S5', 'S4')_t4_max: 22394
	F3_('E4', 'S4')_gc: False
	F52_('S4', 'S5')_t4_min: 2117
	F18_('E2', 'S2')_t3_max: 6254
	F21_('S3', 'S4')_gc: False
	F27_jitter: 36
	F50_('S3', 'S4')_gc: True
	F13_('S4', 'S5')_t3_max: 31615
	F12_('S1', 'E1')_gc: False
	F28_('S4', 'S5')_t4_min: 14004
	F25_('E4', 'S4')_rr: 0
	F26_('S4', 'E4')_rr: 0
	F44_jitter: 18
	F58_('E4', 'S4')_rr: 0
	F24_('E2', 'S2')_t3_max: 14184
	F7_('S2', 'S1')_t4_max: 6441
	F9_('E3', 'S3')_t5_min: 57494
	F5_('S5', 'E5')_rr: 0
	F58_('S4', 'S3')_rr: 16
	F26_queue_index: 0
	F56_('S2', 'S3')_t4_min: 13946
	F51_('S4', 'S3')_rr: 16
	F54_('S2', 'S3')_t4_max: 2422
	F45_('S5', 'E5')_t4_min: 9623
	F4_queue_index: 0
	F2_('S4', 'S5')_t4_min: 5885
	F59_('S1', 'E1')_t4_min: 1549
	F44_('E4', 'S4')_t3_max: 14344
	F30_('S2', 'S3')_t3_min: 1985
	F30_('E1', 'S1')_gc: False
	F36_('E4', 'S4')_gc: False
	F21_('S5', 'E5')_rr: 0
	F29_('S5', 'S4')_rr: 4
	F59_('S2', 'S1')_t4_min: 1544
	F52_('E3', 'S3')_t3_max: 2069
	F37_('E4', 'S4')_gc: False
	F41_('S3', 'E3')_gc: True
	F7_('S5', 'S4')_t3_max: 6401
	F57_('S3', 'S4')_t4_max: 1529
	F44_('E4', 'S4')_rr: 0
	F10_queue_index: 0
	F33_('E1', 'S1')_tb: 2410
	F22_('S2', 'S1')_tb: 562
	F47_('S3', 'E3')_t4_min: 6418
	F3_('S4', 'S3')_t4_max: 39756
	F41_('E4', 'S4')_tb: 8580
	F51_('E4', 'S4')_tb: 618
	F7_('S1', 'E1')_t4_min: 6450
	F22_('S1', 'E1')_t4_min: 571
	F27_('S5', 'E5')_rr: 0
	F40_('S3', 'S2')_t4_max: 102620
	F36_('S2', 'S1')_t5_min: 701
	F28_('S2', 'S3')_rr: 0
	F8_('S3', 'S4')_t4_min: 2381
	F59_('S1', 'E1')_rr: 0
	F10_('S4', 'S5')_rr: 0
	F38_('E3', 'S3')_t3_max: 1588
	F39_('E2', 'S2')_rr: 0
	F28_('S1', 'S2')_t3_max: 13954
	F59_('S2', 'S1')_gc: True
	F14_('E4', 'S4')_t5_max: 7841
	F14_('S3', 'S2')_gc: False
	F23_('S4', 'E4')_t4_min: 7671
	('S4', 'S5')_gcl_cycle: 64000
	F51_('S3', 'S2')_gc: True
	F17_('E3', 'S3')_t3_max: 6339
	F27_('E4', 'S4')_t3_max: 13911
	F38_('E3', 'S3')_gc: False
	F20_('S5', 'S4')_gc: True
	F38_('S4', 'E4')_t4_min: 1626
	F23_('E5', 'S5')_t3_max: 7650
	F36_('E4', 'S4')_rr: 0
	F54_('S1', 'S2')_gc: True
	F45_('S3', 'S4')_t5_max: 9585
	F14_('S4', 'S3')_t4_min: 7860
	F30_queue_index: 0
	('S3', 'S4')_gcl_cycle: 32000
	F12_('S3', 'S2')_gc: False
	F2_('E2', 'S2')_gc: False
	F2_('S2', 'S3')_t4_max: 5840
	F28_('S1', 'S2')_t4_max: 13954
	('S5', 'S4')_gcl_cycle: 128000
	F39_('E2', 'S2')_t3_max: 4462
	F56_('E2', 'S2')_rr: 0
	F34_('S2', 'S3')_t4_min: 30307
	F17_jitter: 0
	F48_('S5', 'S4')_t4_max: 3706
	F49_('S3', 'S2')_t4_max: 14436
	F13_('E2', 'S2')_t3_max: 31549
	('S3', 'S4')_gcl_length: 134
	F12_('S3', 'S2')_t4_min: 15920
	F57_('S4', 'S5')_t4_min: 1543
	F9_('E3', 'S3')_tb: 57493
	F9_queue_index: 0
	F55_('E5', 'S5')_t3_max: 3596
	F33_('E1', 'S1')_t3_max: 2397
	F40_('E5', 'S5')_t3_max: 102530
	F40_('S3', 'S2')_t4_min: 102584
	F2_('S4', 'S5')_t3_min: 5885
	F53_('S2', 'S3')_t4_min: 29833
	F32_('E2', 'S2')_rr: 0
	F0_('S5', 'S4')_rr: 16
	F54_('E1', 'S1')_rr: 0
	F30_('S3', 'E3')_t5_min: 2005
	F1_('S3', 'S4')_t4_min: 105586
	F1_('E2', 'S2')_tb: 105553
	F2_('S5', 'E5')_gc: False
	F45_('S2', 'S3')_rr: 0
	F15_('S1', 'E1')_gc: True
	F17_('S4', 'E4')_rr: 8
	F40_('S5', 'S4')_rr: 1
	F19_('S3', 'S4')_t3_min: 127912
	F49_('E4', 'S4')_gc: False
	F20_('E5', 'S5')_t4_max: 22490
	F5_('S4', 'S5')_gc: False
	F18_('S3', 'S4')_t3_min: 6308
	F14_('S4', 'S3')_t3_max: 7848
	F42_('S1', 'S2')_gc: False
	('S5', 'E5')_gcl_cycle: 32000
	F22_('S4', 'S3')_t3_min: 503
	F59_('S1', 'E1')_gc: False
	F0_('S4', 'E4')_t4_min: 6561
	F27_('S4', 'S5')_rr: 0
	F30_('S2', 'S3')_t4_min: 1985
	F1_queue_index: 0
	F13_('S2', 'S3')_t4_min: 31566
	F13_('S5', 'E5')_gc: False
	F42_('S1', 'S2')_t4_max: 110227
	F31_('E4', 'S4')_t4_max: 63814
	F22_('S3', 'S2')_t3_min: 512
	F22_('S4', 'S3')_t3_max: 508
	F2_jitter: 36
	F47_queue_index: 0
	F17_('S3', 'S4')_gc: True
	F18_('S4', 'E4')_t4_min: 6355
	F33_('S2', 'S3')_t4_max: 2456
	F2_('S4', 'S5')_rr: 0
	F16_jitter: 36
	F42_('S1', 'S2')_t4_min: 110209
	F29_('S5', 'S4')_t3_max: 22394
	F42_('S2', 'S3')_t4_max: 110259
	F41_('S3', 'E3')_rr: 1
	F39_('E2', 'S2')_t5_max: 4488
	F43_queue_index: 0
	F11_('S2', 'E2')_rr: 0
	F26_('E2', 'S2')_t4_min: 146
	F14_('S4', 'S3')_t4_max: 7860
	F44_('S4', 'S3')_gc: True
	F31_('S4', 'S3')_t4_max: 63837
	F20_('S2', 'E2')_t4_min: 22567
	F17_('S3', 'S4')_t4_max: 6369
	F45_('S5', 'E5')_gc: True
	F27_('S5', 'E5')_t4_min: 13946
	F46_jitter: 0
	F56_('S4', 'E4')_rr: 0
	F48_('S3', 'S2')_gc: False
	F21_('S3', 'S4')_rr: 0
	F43_('S3', 'E3')_t3_max: 28429
	F46_queue_index: 0
	F19_('S3', 'S4')_t4_max: 127930
	F52_('S5', 'E5')_t4_min: 2132
	F14_('E4', 'S4')_rr: 0
	F24_queue_index: 0
	F44_('S4', 'S3')_t4_min: 14375
	F3_('S4', 'S3')_rr: 0
	F54_('S1', 'S2')_t3_max: 2329
	F15_('E3', 'S3')_gc: False
	F34_('S3', 'E3')_gc: False
	F34_('S1', 'S2')_t4_max: 30311
	F8_('S3', 'S4')_gc: False
	F50_('S3', 'S4')_t3_min: 116
	F28_('S1', 'S2')_gc: True
	F56_('S4', 'E4')_gc: False
	F51_('S4', 'S3')_t3_min: 622
	F48_('S4', 'S3')_t3_max: 3725
	F13_('S2', 'S3')_t3_min: 31566
	F39_('S2', 'S1')_t3_min: 4490
	F19_('E3', 'S3')_t4_min: 127904
	F12_('S1', 'E1')_t4_max: 15992
	F7_('S2', 'S1')_t5_min: 6443
	F4_('S4', 'S3')_t3_min: 29530
	F17_('E3', 'S3')_t5_min: 6362
	F49_('S4', 'S3')_tb: 14387
	F28_('S4', 'S5')_tb: 14004
	F14_('S4', 'S3')_tb: 7860
	F30_('E1', 'S1')_t3_min: 1958
	F42_('S4', 'E4')_t5_max: 110319
	F10_('S4', 'S5')_t5_min: 1854
	F6_('S4', 'S5')_t3_min: 62006
	F58_('E4', 'S4')_t5_max: 553
	F16_('S2', 'S3')_t5_max: 62200
	F0_('S4', 'E4')_t5_min: 6568
	F13_('S3', 'S4')_tb: 31570
	F34_('S3', 'E3')_t3_min: 30321
	F7_('S1', 'E1')_t5_max: 6452
	F5_('S3', 'S4')_t5_max: 71
	F9_('S3', 'S2')_t3_min: 57496
	F55_('E5', 'S5')_t4_min: 3608
	F40_('S4', 'S3')_t5_min: 102582
	F23_('S4', 'E4')_t5_max: 7709
	F37_('S3', 'E3')_t3_max: 452
	F38_('E3', 'S3')_t5_max: 1609
	F33_('S3', 'E3')_t5_max: 2485
	F59_('S2', 'S1')_t3_max: 1544
	F59_('S2', 'S1')_tb: 1544
	F53_('S4', 'E4')_tb: 29871
	F28_('S5', 'E5')_t5_min: 14008
	F26_('S4', 'E4')_t3_max: 205
	F35_('S1', 'S2')_tb: 14120
	F43_('S3', 'E3')_tb: 28424
	F28_('S1', 'S2')_t5_max: 13955
	F36_('E4', 'S4')_t3_min: 627
	F28_('E1', 'S1')_t3_min: 13946
	F54_('S3', 'S4')_t5_min: 2446
	F14_('E4', 'S4')_t5_min: 7841
	F10_('E4', 'S4')_tb: 1842
	F15_('S3', 'S2')_t5_max: 30128
	F34_('S3', 'E3')_tb: 30321
	F32_('S2', 'S1')_tb: 38016
	F36_('E4', 'S4')_t5_max: 631
	F48_('S1', 'E1')_t5_min: 3779
	F34_('S2', 'S3')_t3_min: 30307
	F47_('E2', 'S2')_tb: 6389
	F54_('S1', 'S2')_t3_min: 2324
	F47_('S3', 'E3')_t5_min: 6428
	F30_('E1', 'S1')_t5_max: 1967
	F1_('S3', 'S4')_t5_max: 105610
	F35_('S1', 'S2')_t3_min: 14120
	F53_('E2', 'S2')_t5_max: 29821
	F36_('S2', 'S1')_t5_max: 701
	F31_('S2', 'S1')_t3_min: 63829
	F4_('S3', 'S2')_t3_max: 29579
	('S5', 'E5')_gcl_length: 2
	F19_('S4', 'E4')_t3_min: 127920
	F45_('S4', 'S5')_t3_max: 9592
	F35_('S2', 'E2')_tb: 14151
	F37_('S4', 'S3')_t3_min: 431
	F28_('S1', 'S2')_t5_min: 13955
	F1_('S4', 'E4')_t5_min: 105625
	F42_('S3', 'S4')_t5_min: 110283
	F29_('S4', 'E4')_t5_min: 22403
	F0_('E5', 'S5')_t4_min: 6519
	F28_('E1', 'S1')_t4_max: 13946
	F53_('S2', 'S3')_t5_max: 29834
	F56_('S4', 'E4')_t4_max: 13979
	F12_('E3', 'S3')_t4_min: 15911
	('S1', 'S2')_gcl_length: 22
	F18_('E2', 'S2')_tb: 6267
	F16_('E2', 'S2')_t3_min: 62166
	F54_('S2', 'S3')_t3_max: 2422
	F10_('S4', 'S5')_t5_max: 1872
	F14_('S3', 'S2')_t3_min: 7864
	F8_('S4', 'S5')_t5_min: 2442
	F19_('E3', 'S3')_t3_min: 127904
	F54_('S1', 'S2')_tb: 2404
	F47_('S2', 'S3')_tb: 6406
	F19_('E3', 'S3')_t5_max: 127910
	F26_('S4', 'E4')_tb: 164
	F37_('S4', 'S3')_t5_max: 445
	F30_('S2', 'S3')_t5_min: 1994
	F19_('S3', 'S4')_tb: 127912
	F42_('S4', 'E4')_t3_max: 110308
	F21_('E3', 'S3')_t4_min: 102327
	F52_('E3', 'S3')_t3_min: 2082
	F5_('S3', 'S4')_t3_max: 48
	F37_('E4', 'S4')_t5_min: 429
	F31_('S4', 'S3')_t3_min: 63819
	F2_('S2', 'S3')_t5_max: 5851
	('S1', 'E1')_gcl_length: 178
	F10_('E4', 'S4')_t5_min: 1847
	F42_('E1', 'S1')_t3_min: 110196
	F42_('S2', 'S3')_t5_max: 110270
	F20_('S3', 'S2')_t3_min: 22556
	F43_('S4', 'S3')_t5_min: 28422
	F23_('S4', 'E4')_t3_max: 7694
	F19_('E3', 'S3')_t5_min: 127910
	F30_('S3', 'E3')_t3_min: 1996
	F40_('S4', 'S3')_tb: 102572
	F27_('E4', 'S4')_t3_min: 13924
	F41_('S3', 'E3')_t3_min: 8623
	F37_('S3', 'E3')_t3_min: 447
	F42_('S2', 'S3')_t5_min: 110270
	F29_('S4', 'E4')_t3_max: 22402
	F24_('S4', 'E4')_t5_min: 14246
	F12_('S1', 'E1')_tb: 15938
	F46_('S3', 'S2')_t5_min: 2103
	F8_('S5', 'E5')_t5_min: 2453
	F58_('S3', 'E3')_t5_min: 601
	F19_('S4', 'E4')_t5_min: 127926
	F13_('E2', 'S2')_t5_max: 31564
	F15_('S2', 'S1')_t3_min: 30112
	F28_('S3', 'S4')_t5_max: 13997
	F50_('S4', 'E4')_t3_max: 148
	F4_('S2', 'E2')_t5_max: 29624
	F36_('S2', 'S1')_t3_min: 680
	F24_('E2', 'S2')_t5_max: 14199
	F2_('S3', 'S4')_t3_min: 5853
	F17_('S4', 'E4')_t4_max: 6386
	F51_('S2', 'S1')_t3_min: 640
	F28_('S5', 'E5')_t4_max: 14025
	F29_('S5', 'S4')_tb: 22394
	F36_('S4', 'S3')_t5_min: 637
	F1_('S2', 'S3')_tb: 105578
	('S2', 'S3')_gcl_length: 252
	F1_('S2', 'S3')_t5_max: 105584
	F0_('S4', 'E4')_t3_max: 6561
	F45_('S5', 'E5')_t3_max: 9611
	F25_('E4', 'S4')_t4_min: 66458
	F5_('S5', 'E5')_t3_max: 108
	F22_('S1', 'E1')_t4_max: 589
	F43_('S4', 'S3')_tb: 28418
	F28_('S2', 'S3')_t5_max: 13976
	F59_('E3', 'S3')_t4_min: 1511
	F54_('S3', 'S4')_t5_max: 2464
	F39_('S2', 'S1')_t5_max: 4520
	F22_('E4', 'S4')_t5_max: 501
	F48_('E5', 'S5')_t5_min: 3686
	F5_('S2', 'S3')_tb: 13
	F57_('E3', 'S3')_t4_min: 1515
	F8_('S4', 'S5')_t3_min: 2392
	F4_('S2', 'E2')_t4_max: 29618
	F29_('S4', 'E4')_t4_max: 22402
	F46_('E3', 'S3')_t5_min: 2081
	F15_('S2', 'S1')_tb: 30112
	F5_('S4', 'S5')_tb: 37
	F14_('E4', 'S4')_t3_min: 7839
	F15_('E3', 'S3')_t3_min: 30096
	F42_('S2', 'S3')_t3_min: 110222
	F41_('S3', 'E3')_t4_max: 8628
	F1_('S4', 'E4')_t3_min: 105594
	F40_('S3', 'S2')_t5_max: 102630
	F13_('S5', 'E5')_t5_min: 31580
	F6_('S5', 'E5')_t3_min: 62028
	F37_('S3', 'E3')_tb: 452
	F47_('S3', 'E3')_t5_max: 6446
	F6_('S5', 'E5')_tb: 62028
	F45_('S5', 'E5')_t5_min: 9635
	F18_('S4', 'E4')_t4_max: 6355
	F22_('S1', 'E1')_tb: 571
	F15_('S3', 'S2')_tb: 30104
	F13_('S5', 'E5')_tb: 31578
	F55_('S4', 'E4')_t3_max: 3658
	F52_('S5', 'E5')_t5_min: 2145
	F38_('S4', 'E4')_t3_min: 1626
	F19_('S4', 'E4')_t3_max: 127943
	F58_('S3', 'E3')_tb: 590
	F36_('S2', 'S1')_tb: 697
	F42_('S3', 'S4')_t3_min: 110272
	F22_('E4', 'S4')_t5_min: 501
	F53_('S4', 'E4')_t4_max: 29871
	F23_('S5', 'S4')_t3_min: 7667
	F31_('S4', 'S3')_tb: 63819
	F48_('S3', 'S2')_tb: 3739
	F2_('S4', 'S5')_t5_max: 5914
	F16_('S3', 'E3')_tb: 62184
	F33_('S3', 'E3')_t3_min: 2462
	F36_('S3', 'S2')_t5_min: 678
	F5_('E2', 'S2')_t5_min: 11
	F25_('E4', 'S4')_t5_max: 66470
	F40_('E5', 'S5')_t5_max: 102553
	F43_('E4', 'S4')_tb: 28407
	('S3', 'E3')_gcl_length: 42
	F14_('S2', 'E2')_t4_max: 7903
	F15_('S2', 'S1')_t5_min: 30118
	F17_('E3', 'S3')_tb: 6352
	F44_('S4', 'S3')_t3_min: 14370
	F51_('S4', 'S3')_t5_min: 629
	('E2', 'S2')_gcl_length: 0
	F24_('S4', 'E4')_tb: 14244
	F56_('E2', 'S2')_t5_max: 13939
	F35_('S2', 'E2')_t5_max: 14157
	F54_('S4', 'E4')_t5_max: 2482
	F18_('S4', 'E4')_t3_min: 6320
	F55_('S4', 'E4')_t5_max: 3670
	F33_('S1', 'S2')_t5_min: 2436
	F0_('S5', 'S4')_t3_min: 6528
	F32_('S1', 'E1')_t3_min: 38020
	F15_('S3', 'S2')_t3_min: 30104
	F40_('S3', 'S2')_t3_min: 102584
	F42_('S3', 'S4')_t5_max: 110301
	F52_('S5', 'E5')_t3_min: 2132
	F55_('E5', 'S5')_tb: 3608
	F54_('E1', 'S1')_t5_min: 2322
	F6_('E4', 'S4')_t3_min: 62002
	F46_('S2', 'E2')_t3_min: 2105
	F27_('E4', 'S4')_t5_max: 13933
	F12_('S3', 'S2')_t5_min: 15927
	F26_('E2', 'S2')_t4_max: 146
	F27_('E4', 'S4')_t4_max: 13924
	F7_('S4', 'S3')_t3_max: 6410
	F13_('S5', 'E5')_t5_max: 31652
	F36_('E4', 'S4')_t5_min: 631
	F4_('S2', 'E2')_tb: 29546
	('S4', 'S5')_gcl_length: 110
	F26_('S2', 'S3')_t3_min: 152
	F33_('S1', 'S2')_tb: 2432
	F59_('S2', 'S1')_t5_max: 1547
	F26_('S2', 'S3')_t5_max: 174
	F56_('S3', 'S4')_t5_max: 13959
	F45_('S5', 'E5')_t4_max: 9623
	F48_('S4', 'S3')_t5_max: 3737
	F35_('S2', 'E2')_t4_max: 14151
	F55_('S4', 'E4')_t3_min: 3653
	F30_('S3', 'E3')_t3_max: 2019
	F38_('S4', 'E4')_t3_max: 1631
	F35_('E1', 'S1')_t4_max: 14112
	F57_('S4', 'S5')_t5_min: 1550
	F49_('S2', 'E2')_t4_max: 14454
	F28_('S3', 'S4')_tb: 13960
	F34_('S1', 'S2')_t5_min: 30305
	F15_('E3', 'S3')_t4_max: 30096
	F39_('S1', 'E1')_t5_max: 4552
	F58_('E4', 'S4')_t5_min: 553
	F50_('S2', 'S3')_t5_min: 114
	F53_('S2', 'S3')_t3_min: 29823
	F1_('E2', 'S2')_t4_max: 105553
	F56_('E2', 'S2')_tb: 13936
	F46_('S2', 'E2')_tb: 2124
	F2_('S2', 'S3')_tb: 5840
	F46_('S2', 'E2')_t3_max: 2110
	F46_('S2', 'E2')_t5_max: 2127
	F36_('E4', 'S4')_t4_max: 627
	F51_('S3', 'S2')_t5_max: 638
	F45_('S4', 'S5')_t5_min: 9604
	F41_('S3', 'E3')_t5_max: 8639
	F20_('E5', 'S5')_t5_min: 22499
	('E4', 'S4')_gcl_length: 0
	F56_('E2', 'S2')_t5_min: 13939
	F27_('S4', 'S5')_t5_min: 13944
	F59_('S3', 'S2')_t3_min: 1516
	F51_('S3', 'S2')_t3_max: 636
	F13_('S5', 'E5')_t3_max: 31637
	F52_('E3', 'S3')_tb: 2082
	F25_('S3', 'E3')_t3_max: 66509
	F50_('E2', 'S2')_tb: 108
	F45_('S2', 'S3')_tb: 9523
	F54_('E1', 'S1')_t3_min: 2311
	F15_('S1', 'E1')_tb: 30174
	F47_('S3', 'E3')_t3_min: 6418
	F14_('S2', 'E2')_t3_min: 7868
	F6_('E4', 'S4')_tb: 62002
	F40_('E5', 'S5')_t5_min: 102553
	F32_('S2', 'S1')_t5_max: 38036
	F50_('S3', 'S4')_tb: 139
	F8_('S2', 'S3')_tb: 2370
	F57_('S5', 'E5')_t3_min: 1552
	F36_('S1', 'E1')_t5_max: 724
	F8_('S2', 'S3')_t3_min: 2370
	F25_('S3', 'E3')_t5_max: 66534
	F0_('S4', 'E4')_t4_max: 6561
	F49_('E4', 'S4')_t3_min: 14374
	F47_('S2', 'S3')_t5_max: 6416
	F6_('S4', 'S5')_t5_min: 62026
	F30_('E1', 'S1')_t5_min: 1967
	F27_('E4', 'S4')_t5_min: 13933
	F20_('E5', 'S5')_t5_max: 22499
	F58_('S3', 'E3')_t4_max: 590
	F35_('S1', 'S2')_t5_max: 14144
	F7_('S2', 'S1')_t5_max: 6443
	F1_('S2', 'S3')_t5_min: 105584
	F46_('S3', 'S2')_tb: 2100
	F19_('E3', 'S3')_tb: 127904
	F49_('S3', 'S2')_t5_max: 14447
	F43_('E4', 'S4')_t3_min: 28407
	F37_('S4', 'S3')_t5_min: 445
	F40_('E5', 'S5')_t3_min: 102543
	F57_('S5', 'E5')_t5_min: 1559
	F53_('S3', 'S4')_t5_max: 29852
	F7_('S2', 'S1')_t3_max: 6441
	F36_('S1', 'E1')_t5_min: 724
	F39_('S2', 'S1')_tb: 4507
	('E1', 'S1')_gcl_length: 0
	F28_('S2', 'S3')_t3_max: 13962
	F2_('S4', 'S5')_tb: 5885
	F7_('S1', 'E1')_t3_max: 6450
	F54_('S4', 'E4')_t4_max: 2471
	F13_('S5', 'E5')_t3_min: 31578
	F10_('S5', 'E5')_t5_max: 1897
	F55_('S5', 'S4')_tb: 3639
	F22_('S2', 'S1')_t3_max: 562
	F25_('S3', 'E3')_tb: 66486
	F48_('S4', 'S3')_t3_min: 3702
	F53_('S2', 'S3')_tb: 29833
	F31_('S4', 'S3')_t5_max: 63840
	F42_('S4', 'E4')_t3_min: 110285
	F49_('S2', 'E2')_t5_min: 14465
	F8_('E2', 'S2')_t5_max: 2368
	F42_('S1', 'S2')_t3_min: 110209
	F5_('S4', 'S5')_t5_max: 101
	F26_('S4', 'E4')_t3_min: 164
	F18_('S2', 'S3')_t3_min: 6279
	F55_('S5', 'S4')_t5_min: 3651
	F55_('S4', 'E4')_tb: 3658
	F18_('S4', 'E4')_t5_max: 6365
	F17_('S4', 'E4')_t5_min: 6396
	F34_('S2', 'S3')_tb: 30307
	F57_('S5', 'E5')_t4_max: 1570
	F30_('S3', 'E3')_t4_max: 2032
	F48_('S2', 'S1')_tb: 3753
	F59_('S3', 'S2')_t5_max: 1537
	F17_('S4', 'E4')_tb: 6386
	F15_('S1', 'E1')_t4_max: 30174
	F58_('S4', 'S3')_tb: 560
	F34_('E1', 'S1')_t4_max: 30279
	F20_('S3', 'S2')_t3_max: 22561
	F9_('S3', 'S2')_t5_min: 57497
	F56_('E2', 'S2')_t4_min: 13936
	F51_('E4', 'S4')_t4_max: 618
	F7_('E5', 'S5')_t4_min: 6392
	F29_('E5', 'S5')_t5_min: 22387
	F23_('E5', 'S5')_t4_min: 7663
	F4_('S4', 'S3')_t5_max: 29572
	F7_('S5', 'S4')_t5_min: 6403
	F56_('S2', 'S3')_t3_min: 13941
	F12_('S2', 'S1')_t5_max: 15972
	F48_('S2', 'S1')_t3_max: 3776
	F41_('S3', 'E3')_t5_min: 8639
	F48_('S3', 'S2')_t5_min: 3751
	F51_('S1', 'E1')_t5_min: 663
	F48_('S1', 'E1')_t4_max: 3821
	F17_('S4', 'E4')_t5_max: 6396
	F52_('S4', 'S5')_t5_max: 2148
	F14_('E4', 'S4')_t4_min: 7839
	F9_('E3', 'S3')_t4_min: 57493
	F16_('E2', 'S2')_t4_max: 62166
	F25_('E4', 'S4')_t3_min: 66458
	F54_('S1', 'S2')_t5_min: 2415
	F43_('E4', 'S4')_t5_max: 28411
	F28_('S2', 'S3')_t3_min: 13957
	F9_('S3', 'S2')_t5_max: 57515
	F37_('E4', 'S4')_t3_min: 420
	F29_('S4', 'E4')_t5_max: 22403
	F33_('E1', 'S1')_t4_min: 2410
	F40_('S3', 'S2')_t3_max: 102607
	F47_('S3', 'E3')_t3_max: 6423
	F15_('S1', 'E1')_t5_min: 30180
	F34_('S2', 'S3')_t5_max: 30355
	F58_('E4', 'S4')_t4_min: 542
	F52_('E3', 'S3')_t5_min: 2095
	F22_('S4', 'S3')_t5_min: 510
	F40_('S5', 'S4')_t5_min: 102570
	F43_('S3', 'E3')_t5_max: 28446
	F24_('E2', 'S2')_t4_min: 14197
	F39_('S2', 'S1')_t5_min: 4520
	F58_('E4', 'S4')_tb: 542
	F45_('S5', 'E5')_tb: 9623
	F5_('S2', 'S3')_t3_min: 13
	F50_('E2', 'S2')_t4_min: 108
	F28_('S3', 'S4')_t3_min: 13960
	F32_('S2', 'S1')_t5_min: 38018
	F46_('E3', 'S3')_t5_max: 2081
	F9_('S2', 'E2')_t4_max: 57535
	F22_('S3', 'S2')_t3_max: 535
	F23_('S4', 'E4')_t4_max: 7707
	F10_('S4', 'S5')_tb: 1849
	F24_('E2', 'S2')_t3_min: 14197
	F45_('S5', 'E5')_t3_min: 9606
	F15_('S1', 'E1')_t5_max: 30180
	F58_('S3', 'E3')_t3_min: 573
	F24_('S3', 'S4')_tb: 14240
	F20_('S2', 'E2')_tb: 22567
	F58_('E4', 'S4')_t3_min: 542
	F30_('S3', 'E3')_tb: 1996
	F16_('S3', 'E3')_t5_min: 62191
	F52_('S3', 'S4')_t3_min: 2097
	F42_('S1', 'S2')_t5_min: 110220
	F26_('S4', 'E4')_t5_max: 222
	F34_('S1', 'S2')_t3_min: 30293
	F57_('S3', 'S4')_tb: 1529
	F39_('S1', 'E1')_t3_max: 4527
	F7_('E5', 'S5')_t4_max: 6392
	F53_('S4', 'E4')_t5_max: 29872
	F45_('S5', 'E5')_t5_max: 9635
	F42_('E1', 'S1')_t4_min: 110196
	F51_('S2', 'S1')_t5_max: 659
	F12_('E3', 'S3')_tb: 15911
	F56_('S4', 'E4')_t3_min: 13961
	F23_('E5', 'S5')_tb: 7663
	F20_('S4', 'S3')_t3_max: 22534
	F50_('E2', 'S2')_t5_max: 110
	F13_('E2', 'S2')_t4_min: 31562
	F47_('E2', 'S2')_t5_max: 6399
	F29_('E5', 'S5')_t4_max: 22386
	F14_('S3', 'S2')_t5_max: 7884
	F7_('S4', 'S3')_tb: 6410
	F25_('E4', 'S4')_t5_min: 66470
	F15_('S2', 'S1')_t5_max: 30154
	('E5', 'S5')_gcl_length: 2
	F23_('S4', 'E4')_tb: 7671
	F48_('S2', 'S1')_t5_max: 3801
	F42_('S1', 'S2')_t5_max: 110238
	F24_('S2', 'S3')_t5_max: 14221
	F46_('E3', 'S3')_t4_min: 2078
	F40_('E5', 'S5')_t4_max: 102543
	F5_('S3', 'S4')_t3_min: 25
	F34_('S3', 'E3')_t3_max: 30362
	F38_('E3', 'S3')_t5_min: 1609
	F33_('S3', 'E3')_t4_max: 2481
	F13_('S3', 'S4')_t3_min: 31570
	F13_('S5', 'E5')_t4_max: 31650
	F41_('E4', 'S4')_t3_min: 8580
	F3_('S3', 'E3')_t5_min: 39750
	F22_('S3', 'S2')_t5_min: 519
	F20_('S2', 'E2')_t3_min: 22567
	F28_('S4', 'S5')_t5_min: 14005
	('E3', 'S3')_gcl_length: 0
	F17_('E3', 'S3')_t3_min: 6352
	F4_('S4', 'S3')_tb: 29530
	F23_('E5', 'S5')_t5_min: 7665
	F12_('E3', 'S3')_t5_max: 15918
	F54_('S3', 'S4')_t3_max: 2440
	F54_('S3', 'S4')_tb: 2435
	F18_('E2', 'S2')_t4_max: 6267
	F40_('S4', 'S3')_t3_max: 102577
	F48_('S5', 'S4')_tb: 3688
	F11_('S1', 'S2')_tb: 15959
	F44_('S3', 'E3')_t3_min: 14388
	F42_('E1', 'S1')_t5_max: 110207
	F10_('S5', 'E5')_t3_max: 1879
	F39_('E2', 'S2')_t4_min: 4475
	F20_('S5', 'S4')_t5_min: 22527
	F7_('E5', 'S5')_t3_min: 6392
	F54_('S2', 'S3')_t3_min: 2417
	F56_('S3', 'S4')_t3_max: 13956
	F8_('E2', 'S2')_t5_min: 2368
	F46_('S3', 'S2')_t3_min: 2083
	F53_('E2', 'S2')_t3_min: 29820
	F7_('E5', 'S5')_t5_min: 6394
	F46_('E3', 'S3')_t4_max: 2078
	F27_('S5', 'E5')_t5_max: 13991
	F51_('S1', 'E1')_tb: 661
	F57_('S3', 'S4')_t5_min: 1536
	F54_('S1', 'S2')_t5_max: 2415
	F46_('S2', 'E2')_t5_min: 2127
	F36_('S1', 'E1')_t3_min: 703
	F52_('S5', 'E5')_t5_max: 2181
	F48_('E5', 'S5')_t4_max: 3674
	F8_('S4', 'S5')_t3_max: 2433
	F28_('S3', 'S4')_t5_min: 13961
	F23_('S4', 'E4')_t3_min: 7671
	F2_('S5', 'E5')_t5_min: 5909
	F13_('S4', 'S5')_t3_min: 31574
	F34_('E1', 'S1')_t5_min: 30291
	F45_('S3', 'S4')_t5_min: 9549
	F18_('E2', 'S2')_t3_min: 6267
	F38_('E3', 'S3')_t3_min: 1601
	F33_('S2', 'S3')_tb: 2456
	F52_('E3', 'S3')_t4_min: 2082
	F39_('S1', 'E1')_t5_min: 4552
	F37_('E4', 'S4')_t4_min: 420
	F44_('S4', 'S3')_t5_min: 14386
	F10_('E4', 'S4')_t5_max: 1847
	F7_('S3', 'S2')_tb: 6414
	F40_('S4', 'S3')_t5_max: 102600
	F45_('S2', 'S3')_t5_min: 9535
	F19_('S3', 'S4')_t5_min: 127918
	F44_('S3', 'E3')_t3_max: 14393
	F17_('S3', 'S4')_t3_min: 6364
	F52_('S5', 'E5')_tb: 2132
	F5_('E2', 'S2')_t3_min: 1
	F34_('S1', 'S2')_t5_max: 30323
	F21_('S4', 'S5')_t3_max: 102370
	F34_('S3', 'E3')_t4_max: 30375
	F42_('E1', 'S1')_tb: 110196
	F26_('S2', 'S3')_tb: 152
	F0_('E5', 'S5')_tb: 6519
	F54_('S4', 'E4')_t5_min: 2482
	F50_('S4', 'E4')_t5_max: 163
	F19_('E3', 'S3')_t4_max: 127904
	F18_('E2', 'S2')_t5_max: 6277
	F40_('S2', 'E2')_t5_min: 102659
	F1_('E2', 'S2')_t4_min: 105553
	F38_('E3', 'S3')_tb: 1601
	F39_('E2', 'S2')_t3_min: 4475
	F51_('S2', 'S1')_t5_min: 659
	F30_('E1', 'S1')_t4_max: 1958
	F49_('E4', 'S4')_tb: 14374
	F59_('S3', 'S2')_t5_min: 1519
	F55_('E5', 'S5')_t4_max: 3608
	F50_('S4', 'E4')_t3_min: 143
	F54_('S2', 'S3')_t5_max: 2433
	F2_('S5', 'E5')_tb: 5898
	F20_('E5', 'S5')_tb: 22490
	F47_('S3', 'E3')_t4_max: 6436
	F11_('S2', 'E2')_tb: 15971
	('S4', 'S3')_gcl_length: 136
	F5_('E2', 'S2')_tb: 1
	F31_('S3', 'S2')_t5_min: 63827
	F24_('S4', 'E4')_t4_max: 14262
	F40_('E5', 'S5')_t4_min: 102543
	F2_('E2', 'S2')_t5_max: 5833
	F49_('E4', 'S4')_t5_max: 14385
	F59_('S1', 'E1')_t3_max: 1554
	F6_('E4', 'S4')_t4_max: 62002
	F7_('S3', 'S2')_t3_max: 6419
	F31_('E4', 'S4')_t3_min: 63814
	F51_('S1', 'E1')_t4_max: 679
	F35_('S2', 'E2')_t3_min: 14128
	F51_('S2', 'S1')_tb: 657
	F8_('S4', 'S5')_tb: 2433
	F58_('S4', 'S3')_t5_min: 571
	F57_('E3', 'S3')_t4_max: 1515
	F40_('S4', 'S3')_t3_min: 102572
	F16_('E2', 'S2')_t4_min: 62166
	F12_('S1', 'E1')_t3_max: 15979
	F11_('S2', 'E2')_t5_min: 15981
	F52_('S4', 'S5')_t3_min: 2117
	F7_('S5', 'S4')_tb: 6401
	F4_('S3', 'S2')_t5_min: 29544
	F56_('S2', 'S3')_t5_max: 13949
	F49_('S3', 'S2')_t3_min: 14400
	F28_('E1', 'S1')_t5_min: 13947
	F0_('S4', 'E4')_t5_max: 6568
	F12_('S1', 'E1')_t3_min: 15938
	F53_('E2', 'S2')_tb: 29820
	F46_('E3', 'S3')_tb: 2078
	F44_('S4', 'S3')_t5_max: 14386
	F53_('S4', 'E4')_t3_max: 29859
	F33_('S1', 'S2')_t5_max: 2436
	F14_('S4', 'S3')_t3_min: 7843
	F10_('S5', 'E5')_t3_min: 1856
	F7_('S5', 'S4')_t3_min: 6396
	F26_('E2', 'S2')_t5_min: 150
	F41_('S4', 'S3')_t5_min: 8621
	F11_('S2', 'E2')_t3_min: 15971
	F11_('E1', 'S1')_t5_min: 15952
	F57_('S5', 'E5')_t3_max: 1557
	F45_('S2', 'S3')_t5_max: 9553
	F14_('S2', 'E2')_t3_max: 7891
	F57_('E3', 'S3')_tb: 1515
	F13_('E2', 'S2')_tb: 31562
	F16_('S3', 'E3')_t3_max: 62207
	F43_('S4', 'S3')_t3_min: 28413
	F54_('S4', 'E4')_tb: 2471
	F8_('E2', 'S2')_t3_min: 2359
	F54_('E1', 'S1')_t4_max: 2311
	F34_('E1', 'S1')_t5_max: 30291
	F21_('S3', 'S4')_t5_max: 102363
	F59_('S1', 'E1')_t3_min: 1549
	F29_('S5', 'S4')_t5_min: 22395
	F2_('S5', 'E5')_t4_max: 5934
	F38_('S3', 'S4')_tb: 1616
	F31_('S2', 'S1')_tb: 63829
	F31_('E4', 'S4')_t5_max: 63817
	F44_('S3', 'E3')_t5_max: 14417
	F8_('S3', 'S4')_t5_max: 2426
	F20_('S3', 'S2')_t5_min: 22565
	F53_('E2', 'S2')_t4_max: 29820
	F40_('S2', 'E2')_tb: 102649
	F12_('S2', 'S1')_t3_min: 15929
	F31_('S1', 'E1')_t5_min: 63837
	F18_('S4', 'E4')_t5_min: 6365
	F7_('S1', 'E1')_t3_min: 6445
	F34_('S2', 'S3')_t3_max: 30330
	F21_('E3', 'S3')_t5_min: 102335
	F9_('E3', 'S3')_t5_max: 57494
	F22_('S1', 'E1')_t3_min: 571
	F2_('S4', 'S5')_t3_max: 5890
	F59_('S1', 'E1')_t4_max: 1567
	F24_('E2', 'S2')_t5_min: 14199
	F24_('E2', 'S2')_tb: 14197
	F11_('S2', 'E2')_t5_max: 15999
	F13_('E2', 'S2')_t5_min: 31564
	F48_('S3', 'S2')_t5_max: 3769
	F57_('S5', 'E5')_t5_max: 1577
	F22_('E4', 'S4')_tb: 494
	F44_('E4', 'S4')_tb: 14357
	F14_('E4', 'S4')_tb: 7839
	F35_('E1', 'S1')_t3_min: 14112
	F10_('S5', 'E5')_t5_min: 1861
	F40_('S3', 'S2')_tb: 102584
	F0_('S4', 'E4')_t3_min: 6556
	F29_('E5', 'S5')_t5_max: 22387
	F52_('E3', 'S3')_t5_max: 2095
	F38_('E3', 'S3')_t4_min: 1601
	F56_('S4', 'E4')_t5_max: 13982
	F12_('S1', 'E1')_t5_min: 15945
	F44_('S4', 'S3')_tb: 14375
	F1_('S2', 'S3')_t3_min: 105561
	F32_('S1', 'E1')_t3_max: 38043
	F41_('S4', 'S3')_t3_min: 8593
	F30_('S1', 'S2')_t5_max: 1983
	F39_('E2', 'S2')_tb: 4475
	F57_('E3', 'S3')_t5_min: 1522
	F22_('S1', 'E1')_t5_max: 596
	F20_('E5', 'S5')_t4_min: 22490
	F4_('S5', 'S4')_t3_min: 29522
	F13_('S3', 'S4')_t5_min: 31572
	F36_('S3', 'S2')_tb: 674
	F58_('S4', 'S3')_t5_max: 571
	F25_('S4', 'S3')_tb: 66472
	F21_('S4', 'S5')_tb: 102347
	F21_('S5', 'E5')_t5_min: 102365
	F9_('S2', 'E2')_tb: 57499
	F7_('E5', 'S5')_tb: 6392
	F14_('S3', 'S2')_t5_min: 7866
	F3_('S3', 'E3')_t4_max: 39781
	F28_('E1', 'S1')_t4_min: 13946
	F59_('E3', 'S3')_t5_max: 1514
	F2_('E2', 'S2')_t3_min: 5822
	F30_('S2', 'S3')_tb: 1985
	F24_('S3', 'S4')_t3_min: 14205
	F3_('S4', 'S3')_tb: 39738
	F22_('S1', 'E1')_t3_max: 576
	F53_('S4', 'E4')_t3_min: 29854
	F21_('S5', 'E5')_t5_max: 102419
	F25_('S3', 'E3')_t4_max: 66522
	F6_('E4', 'S4')_t5_min: 62004
	F35_('S2', 'E2')_t5_min: 14157
	F31_('E4', 'S4')_tb: 63814
	F42_('S2', 'S3')_tb: 110259
	F31_('E4', 'S4')_t4_min: 63814
	F30_('S1', 'S2')_t3_min: 1969
	F7_('S4', 'S3')_t5_max: 6412
	F33_('S3', 'E3')_t5_min: 2485
	F0_('S5', 'S4')_t5_min: 6554
	F29_('E5', 'S5')_t4_min: 22386
	F33_('S3', 'E3')_t3_max: 2467
	F4_('S4', 'S3')_t5_min: 29536
	F8_('S3', 'S4')_t3_min: 2381
	F4_('S4', 'S3')_t3_max: 29553
	F43_('E4', 'S4')_t4_min: 28407
	F57_('E3', 'S3')_t3_min: 1515
	F5_('S3', 'S4')_tb: 25
	F59_('S1', 'E1')_t5_min: 1552
	F55_('S4', 'E4')_t4_max: 3658
	F24_('S3', 'S4')_t5_min: 14242
	F50_('E2', 'S2')_t3_min: 108
	F36_('S4', 'S3')_t5_max: 655
	F29_('S4', 'E4')_t3_min: 22397
	F24_('S3', 'S4')_t5_max: 14242
	F18_('S2', 'S3')_t5_max: 6306
	F16_('E2', 'S2')_t5_max: 62173
	F25_('E4', 'S4')_tb: 66458
	F20_('S3', 'S2')_tb: 22556
	F48_('S3', 'S2')_t3_max: 3744
	F48_('S1', 'E1')_t3_max: 3808
	F28_('S5', 'E5')_t3_min: 14007
	F4_('S2', 'E2')_t3_min: 29546
	F8_('S5', 'E5')_t4_max: 2462
	F41_('E4', 'S4')_t5_max: 8591
	F8_('S4', 'S5')_t5_max: 2442
	F53_('S3', 'S4')_t3_max: 29841
	F25_('S4', 'S3')_t5_min: 66484
	F15_('S2', 'S1')_t3_max: 30135
	F42_('S4', 'E4')_tb: 110308
	F17_('E3', 'S3')_t5_max: 6362
	F13_('S4', 'S5')_t5_min: 31576
	F31_('S2', 'S1')_t5_max: 63886
	F14_('S2', 'E2')_t5_max: 7905
	F25_('S4', 'S3')_t5_max: 66502
	F20_('S5', 'S4')_tb: 22518
	F7_('S5', 'S4')_t5_max: 6403
	F28_('S3', 'S4')_t3_max: 13983
	F3_('E4', 'S4')_t3_min: 39731
	F40_('S5', 'S4')_tb: 102560
	F42_('S1', 'S2')_tb: 110209
	F0_('S5', 'S4')_t5_max: 6554
	F22_('S3', 'S2')_t5_max: 555
	F57_('S4', 'S5')_t3_max: 1543
	F32_('E2', 'S2')_tb: 38012
	F27_('S5', 'E5')_t3_min: 13946
	F38_('S4', 'E4')_t5_max: 1652
	F34_('S3', 'E3')_t5_min: 30333
	F58_('S4', 'S3')_t3_min: 555
	F53_('S3', 'S4')_t5_min: 29852
	F49_('S2', 'E2')_t3_min: 14413
	F37_('S3', 'E3')_t5_min: 461
	F27_('E4', 'S4')_t4_min: 13924
	F33_('S3', 'E3')_tb: 2481
	F16_('E2', 'S2')_tb: 62166
	F42_('S2', 'S3')_t3_max: 110245
	F47_('E2', 'S2')_t5_min: 6399
	F31_('S4', 'S3')_t5_min: 63822
	F7_('S3', 'S2')_t3_min: 6414
	F25_('S3', 'E3')_t5_min: 66498
	F3_('S4', 'S3')_t3_min: 39738
	F1_('S3', 'S4')_t3_min: 105586
	F44_('S3', 'E3')_tb: 14388
	F5_('S4', 'S5')_t5_min: 47
	F3_('E4', 'S4')_tb: 39731
	F46_('E3', 'S3')_t3_min: 2078
	F38_('S4', 'E4')_t4_max: 1644
	F48_('S2', 'S1')_t5_min: 3765
	F52_('S4', 'S5')_t3_max: 2122
	F24_('S4', 'E4')_t3_min: 14244
	F18_('S3', 'S4')_t5_max: 6336
	F42_('S3', 'S4')_t3_max: 110277
	F31_('S3', 'S2')_t5_max: 63863
	F2_('S3', 'S4')_tb: 5872
	F8_('S5', 'E5')_t5_max: 2471
	F15_('E3', 'S3')_t4_min: 30096
	F50_('S3', 'S4')_t5_min: 141
	F36_('S1', 'E1')_tb: 720
	F9_('E3', 'S3')_t4_max: 57493
	F26_('S3', 'S4')_t3_min: 158
	F52_('S4', 'S5')_t5_min: 2130
	F7_('S3', 'S2')_t5_min: 6416
	F4_('S3', 'S2')_t3_min: 29538
	F2_('S5', 'E5')_t3_min: 5898
	F35_('S1', 'S2')_t5_min: 14126
	F3_('S3', 'E3')_t3_max: 39768
	F48_('S1', 'E1')_tb: 3767
	F49_('S3', 'S2')_tb: 14400
	F34_('S2', 'S3')_t5_min: 30319
	F12_('E3', 'S3')_t3_min: 15911
	F28_('S5', 'E5')_tb: 14007
	F36_('E4', 'S4')_t4_min: 627
	F12_('S2', 'S1')_t5_min: 15936
	F6_('E4', 'S4')_t4_min: 62002
	F32_('S1', 'E1')_t5_max: 38058
	F55_('S4', 'E4')_t5_min: 3670
	F20_('S2', 'E2')_t4_max: 22603
	F47_('S2', 'S3')_t5_min: 6416
	F33_('E1', 'S1')_t5_max: 2414
	F6_('S5', 'E5')_t5_max: 62048
	F38_('S3', 'S4')_t3_min: 1611
	F4_('S2', 'E2')_t5_min: 29552
	F0_('S5', 'S4')_tb: 6547
	F9_('E3', 'S3')_t3_min: 57493
	F53_('E2', 'S2')_t4_min: 29820
	F14_('S3', 'S2')_t3_max: 7869
	F35_('E1', 'S1')_t5_max: 14118
	F8_('E2', 'S2')_t4_max: 2359
	F50_('E2', 'S2')_t5_min: 110
	F7_('S3', 'S2')_t5_max: 6434
	F56_('E2', 'S2')_t4_max: 13936
	F6_('S5', 'E5')_t3_max: 62033
	F4_('E5', 'S5')_t5_max: 29520
	F38_('S3', 'S4')_t5_max: 1624
	F50_('S4', 'E4')_t5_min: 145
	F23_('S5', 'S4')_t5_max: 7687
	F1_('E2', 'S2')_t5_max: 105559
	F29_('E5', 'S5')_tb: 22386
	F48_('S3', 'S2')_t3_min: 3739
	F47_('E2', 'S2')_t4_min: 6389
	F28_('S4', 'S5')_t3_max: 14004
	('S2', 'S1')_gcl_length: 70
	F52_('E3', 'S3')_t4_max: 2082
	F8_('S2', 'S3')_t5_min: 2379
	F14_('S3', 'S2')_tb: 7864
	F9_('S2', 'E2')_t5_max: 57536
	F21_('E3', 'S3')_t3_min: 102327
	F48_('S4', 'S3')_t5_min: 3737
	F52_('S3', 'S4')_t5_min: 2115
	F5_('E2', 'S2')_t4_min: 1
	F50_('S3', 'S4')_t3_max: 139
	F13_('S3', 'S4')_t5_max: 31608
	F51_('S3', 'S2')_tb: 636
	F51_('S4', 'S3')_tb: 627
	F28_('S4', 'S5')_t3_min: 13963
	F31_('S1', 'E1')_tb: 63834
	F8_('S5', 'E5')_t3_max: 2449
	F26_('S4', 'E4')_t5_min: 168
	F52_('S4', 'S5')_tb: 2117
	F40_('S2', 'E2')_t3_min: 102596
	F24_('S3', 'S4')_t3_max: 14228
	F3_('S4', 'S3')_t5_min: 39743
	F19_('S4', 'E4')_tb: 127920
	F17_('S3', 'S4')_tb: 6369
	F51_('E4', 'S4')_t3_min: 618
	F54_('S4', 'E4')_t3_max: 2471
	F37_('E4', 'S4')_t5_max: 429
	F5_('E2', 'S2')_t4_max: 1
	F44_('E4', 'S4')_t5_min: 14368
	F32_('S1', 'E1')_t5_min: 38022
	F49_('S3', 'S2')_t5_min: 14411
	F45_('E2', 'S2')_t5_min: 9521
	F31_('S3', 'S2')_tb: 63824
	F22_('S2', 'S1')_t5_max: 569
	F56_('S4', 'E4')_t3_max: 13966
	F45_('S4', 'S5')_t5_max: 9604
	F26_('S4', 'E4')_t4_max: 218
	F37_('S3', 'E3')_t5_max: 461
	F44_('S3', 'E3')_t4_max: 14406
	F19_('S4', 'E4')_t5_max: 127962
	F26_('E2', 'S2')_t5_max: 150
	F18_('S3', 'S4')_tb: 6308
	F10_('E4', 'S4')_t3_min: 1842
	F48_('S5', 'S4')_t5_min: 3700
	F55_('E5', 'S5')_t5_min: 3620
	F13_('S3', 'S4')_t3_max: 31593
	F6_('S4', 'S5')_t5_max: 62026
	F8_('S5', 'E5')_t3_min: 2444
	F33_('S2', 'S3')_t3_max: 2443
	F54_('S2', 'S3')_tb: 2422
	F11_('E1', 'S1')_tb: 15942
	F21_('S4', 'S5')_t5_min: 102355
	F24_('E2', 'S2')_t4_max: 14197
	F21_('S5', 'E5')_t3_min: 102357
	F40_('S5', 'S4')_t3_min: 102555
	F46_('S2', 'E2')_t4_max: 2124
	F39_('S1', 'E1')_t3_min: 4522
	F51_('S3', 'S2')_t5_min: 638
	F35_('S2', 'E2')_t3_max: 14151
	F35_('E1', 'S1')_t5_min: 14118
	F32_('S1', 'E1')_t4_max: 38056
	F56_('S3', 'S4')_tb: 13956
	F39_('E2', 'S2')_t5_min: 4488
	F18_('S2', 'S3')_tb: 6296
	F20_('S4', 'S3')_tb: 22545
	F4_('S3', 'S2')_tb: 29538
	F31_('S3', 'S2')_t3_min: 63824
	F13_('S2', 'S3')_t5_min: 31568
	F48_('S1', 'E1')_t5_max: 3833
	F33_('S2', 'S3')_t5_max: 2460
	F49_('S2', 'E2')_t3_max: 14454
	F49_('S2', 'E2')_t5_max: 14465
	F36_('S1', 'E1')_t3_max: 708
	F16_('S3', 'E3')_t4_max: 62220
	F49_('S2', 'E2')_tb: 14454
	F41_('S3', 'E3')_t3_max: 8628
	F28_('S2', 'S3')_tb: 13957
	F55_('E5', 'S5')_t3_min: 3608
	F26_('S3', 'S4')_t5_max: 198
	F31_('S2', 'S1')_t3_max: 63870
	F20_('E5', 'S5')_t3_min: 22490
	F22_('E4', 'S4')_t3_min: 494
	F58_('S3', 'E3')_t3_max: 578
	F47_('S2', 'S3')_t3_min: 6401
	F8_('S5', 'E5')_tb: 2444
	F46_('S3', 'S2')_t5_max: 2103
	F42_('S4', 'E4')_t4_max: 110308
	F50_('S2', 'S3')_tb: 112
	F36_('S1', 'E1')_t4_max: 720
	F49_('S4', 'S3')_t5_min: 14398
	F15_('E3', 'S3')_t5_max: 30102
	F12_('S2', 'S1')_tb: 15929
	F20_('S3', 'S2')_t5_max: 22583
	('S2', 'E2')_gcl_length: 122
	F59_('E3', 'S3')_tb: 1511
	F53_('S2', 'S3')_t5_min: 29834
	F42_('E1', 'S1')_t5_min: 110207
	F31_('S3', 'S2')_t3_max: 63847
	F28_('S4', 'S5')_t5_max: 14005
	F19_('S3', 'S4')_t5_max: 127936
	F7_('S1', 'E1')_tb: 6450
	F26_('S3', 'S4')_t5_min: 162
	F24_('S2', 'S3')_t5_min: 14203
	F6_('S5', 'E5')_t5_min: 62030
	F30_('S1', 'S2')_tb: 1974
	F31_('S2', 'S1')_t5_min: 63832
	F22_('S3', 'S2')_tb: 512
	F16_('E2', 'S2')_t5_min: 62173
	F59_('S1', 'E1')_t5_max: 1570
	F45_('E2', 'S2')_t4_min: 9509
	F2_('S4', 'S5')_t5_min: 5896
	F20_('S5', 'S4')_t3_min: 22501
	F5_('S3', 'S4')_t5_min: 35
	F4_('E5', 'S5')_t4_min: 29514
	F52_('S5', 'E5')_t3_max: 2155
	F41_('E4', 'S4')_t4_min: 8580
	F21_('E3', 'S3')_t4_max: 102327
	F4_('S5', 'S4')_t5_min: 29528
	F0_('E5', 'S5')_t3_min: 6519
	F59_('S2', 'S1')_t5_min: 1547
	F7_('E5', 'S5')_t5_max: 6394
	F5_('S4', 'S5')_t3_min: 37
	F21_('S3', 'S4')_tb: 102337
	F48_('E5', 'S5')_t5_max: 3686
	F56_('E2', 'S2')_t3_min: 13936
	F51_('E4', 'S4')_t4_min: 618
	F44_('E4', 'S4')_t4_max: 14357
	F58_('S3', 'E3')_t5_max: 601
	F48_('E5', 'S5')_t3_min: 3674
	F30_('S2', 'S3')_t3_max: 1990
	F52_('S5', 'E5')_t4_max: 2168
	F54_('S3', 'S4')_t3_min: 2435
	F21_('S4', 'S5')_t3_min: 102347
	F51_('S2', 'S1')_t3_max: 645
	F34_('E1', 'S1')_t4_min: 30279
	F20_('S2', 'E2')_t5_min: 22576
	F12_('S3', 'S2')_tb: 15920
	F55_('S5', 'S4')_t3_min: 3622
	F54_('E1', 'S1')_t4_min: 2311
	F56_('S4', 'E4')_tb: 13961
	F23_('E5', 'S5')_t3_min: 7663
	F28_('S1', 'S2')_t3_min: 13949
	F12_('S1', 'E1')_t5_max: 15999
	F1_('S4', 'E4')_t5_max: 105625
	F57_('S4', 'S5')_t3_min: 1538
	F7_('S2', 'S1')_t3_min: 6418
	F51_('S1', 'E1')_t5_max: 681
	F57_('S4', 'S5')_t5_max: 1550
	F20_('S5', 'S4')_t5_max: 22527
	F17_('S3', 'S4')_t5_max: 6379
	F49_('E4', 'S4')_t4_max: 14374
	F11_('S2', 'E2')_t4_max: 15989
	F41_('S4', 'S3')_t5_max: 8621
	F32_('S2', 'S1')_t3_min: 38016
	F43_('S3', 'E3')_t5_min: 28428
	F18_('S3', 'S4')_t5_min: 6318
	F1_('S4', 'E4')_tb: 105619
	F47_('E2', 'S2')_t3_min: 6389
	F49_('E4', 'S4')_t5_min: 14385
	F17_('E3', 'S3')_t4_min: 6352
	F21_('S5', 'E5')_t3_max: 102398
	F54_('E1', 'S1')_t5_max: 2322
	F51_('E4', 'S4')_t5_max: 620
	F7_('S4', 'S3')_t3_min: 6405
	F28_('E1', 'S1')_t5_max: 13947
	F4_('S3', 'S2')_t5_max: 29598
	F3_('S4', 'S3')_t5_max: 39761
	F31_('E4', 'S4')_t5_min: 63817
	F1_('E2', 'S2')_t3_min: 105553
	F13_('S2', 'S3')_t5_max: 31586
	F7_('S2', 'S1')_tb: 6441
	F50_('S3', 'S4')_t5_max: 141
	F21_('S5', 'E5')_t4_max: 102411
	F30_('S1', 'S2')_t5_min: 1983
	F3_('S3', 'E3')_t5_max: 39786
	F59_('S1', 'E1')_tb: 1549
	F53_('S3', 'S4')_t3_min: 29836
	F51_('S4', 'S3')_t5_max: 629
	F50_('S4', 'E4')_t4_max: 161
	F36_('S3', 'S2')_t3_max: 662
	F8_('S3', 'S4')_t3_max: 2404
	F23_('S5', 'S4')_t5_min: 7669
	F7_('S1', 'E1')_t4_max: 6450
	F48_('S2', 'S1')_t3_min: 3753
	F22_('E4', 'S4')_t4_max: 494
	F48_('S5', 'S4')_t3_min: 3688
	F30_('E1', 'S1')_t4_min: 1958
	F2_('E2', 'S2')_t4_min: 5822
	F26_('S2', 'S3')_t5_min: 156
	F45_('E2', 'S2')_t3_min: 9509
	F51_('E4', 'S4')_t5_min: 620
	F59_('S3', 'S2')_tb: 1516
	F45_('E2', 'S2')_t4_max: 9509
	F32_('E2', 'S2')_t5_max: 38014
	F52_('S3', 'S4')_tb: 2102
	F19_('S4', 'E4')_t4_max: 127956
	F11_('S1', 'S2')_t5_max: 15969
	F2_('S2', 'S3')_t3_min: 5835
	F53_('S3', 'S4')_tb: 29851
	F18_('E2', 'S2')_t4_min: 6267
	F0_('S4', 'E4')_tb: 6561
	F49_('S4', 'S3')_t3_min: 14387
	F34_('S3', 'E3')_t5_max: 30387
	F27_('S5', 'E5')_t4_max: 13982
	F9_('S2', 'E2')_t5_min: 57500
	F34_('E1', 'S1')_tb: 30279
	F5_('S4', 'S5')_t3_max: 78
	F22_('S4', 'S3')_t5_max: 528
	F8_('E2', 'S2')_t4_min: 2359
	F6_('S5', 'E5')_t4_max: 62046
	F27_('S5', 'E5')_tb: 13946
	F18_('S4', 'E4')_tb: 6355
	F2_('S3', 'S4')_t5_min: 5883
	F42_('S3', 'S4')_tb: 110272
	F2_('S3', 'S4')_t3_max: 5858
	F15_('S1', 'E1')_t3_max: 30161
	F54_('S2', 'S3')_t5_min: 2433
	F43_('S3', 'E3')_t4_max: 28442
	F45_('E2', 'S2')_tb: 9509
	F9_('S3', 'S2')_tb: 57496
	F12_('S3', 'S2')_t5_max: 15945
	F57_('E3', 'S3')_t5_max: 1522
	F40_('E5', 'S5')_tb: 102543
	F43_('E4', 'S4')_t4_max: 28407
	F40_('S2', 'E2')_t3_max: 102637
	F32_('E2', 'S2')_t4_max: 38012
	F11_('S1', 'S2')_t3_min: 15954
	F40_('S3', 'S2')_t5_min: 102594
	F57_('S4', 'S5')_tb: 1543
	F16_('S2', 'S3')_tb: 62175
	F8_('S3', 'S4')_t5_min: 2390
	('S4', 'E4')_gcl_length: 228
	F45_('E2', 'S2')_t5_max: 9521
	F9_('S2', 'E2')_t3_max: 57522
	F58_('E4', 'S4')_t4_max: 542
	F33_('S2', 'S3')_t3_min: 2438
	('S3', 'S2')_gcl_length: 10
	F50_('S4', 'E4')_tb: 143
	F27_('S4', 'S5')_t3_min: 13935
	F34_('E1', 'S1')_t3_min: 30279
	F23_('S5', 'S4')_tb: 7667
	F59_('E3', 'S3')_t4_max: 1511
	F56_('S3', 'S4')_t3_min: 13951
	F17_('S4', 'E4')_t3_min: 6381
	F22_('S2', 'S1')_t5_min: 569
	F17_('S3', 'S4')_t5_min: 6379
	F13_('E2', 'S2')_t4_max: 31562
	F7_('S4', 'S3')_t5_min: 6412
	F27_('S5', 'E5')_t3_max: 13969
	F25_('S4', 'S3')_t3_min: 66472
	F48_('E5', 'S5')_t4_min: 3674
	F30_('E1', 'S1')_tb: 1958
	F51_('S1', 'E1')_t3_min: 661
	F33_('E1', 'S1')_t5_min: 2414
	F21_('S3', 'S4')_t3_min: 102337
	F12_('E3', 'S3')_t4_max: 15911
	F11_('E1', 'S1')_t3_min: 15942
	F37_('E4', 'S4')_tb: 420
	F45_('S3', 'S4')_t3_max: 9560
	F44_('E4', 'S4')_t4_min: 14357
	F43_('S3', 'E3')_t3_min: 28424
	F37_('E4', 'S4')_t4_max: 420
	F7_('S1', 'E1')_t5_min: 6452
	F48_('S5', 'S4')_t5_max: 3718
	F53_('S4', 'E4')_t5_min: 29872
	F11_('E1', 'S1')_t4_max: 15942
	F14_('S2', 'E2')_tb: 7903
	F45_('S4', 'S5')_tb: 9592
	F13_('S4', 'S5')_t5_max: 31630
	F20_('S4', 'S3')_t3_min: 22529
	F56_('S4', 'E4')_t5_min: 13964
	F43_('E4', 'S4')_t5_min: 28411
	F5_('S5', 'E5')_tb: 49
	F11_('S1', 'S2')_t5_min: 15969
	F55_('S5', 'S4')_t5_max: 3651
	F2_('S2', 'S3')_t5_min: 5851
	F21_('E3', 'S3')_t5_max: 102335
	F6_('S4', 'S5')_tb: 62024
	F48_('S4', 'S3')_tb: 3725
	F36_('S3', 'S2')_t3_min: 639
	F21_('S3', 'S4')_t5_min: 102345
	F1_('E2', 'S2')_t5_min: 105559
	F33_('E1', 'S1')_t4_max: 2410
	F12_('S3', 'S2')_t3_min: 15920
	F1_('S4', 'E4')_t4_max: 105619
	F33_('E1', 'S1')_t3_min: 2410
	F8_('S3', 'S4')_tb: 2381
	F12_('E3', 'S3')_t5_min: 15918
	F10_('S4', 'S5')_t3_min: 1849
	F39_('S1', 'E1')_tb: 4539
	F27_('E4', 'S4')_tb: 13924
	F2_('S3', 'S4')_t5_max: 5883
	F20_('S4', 'S3')_t5_min: 22554
	F41_('S3', 'E3')_tb: 8628
	F44_('S3', 'E3')_t5_min: 14399
	F29_('E5', 'S5')_t3_min: 22386
	('S5', 'S4')_gcl_length: 130
	F8_('E2', 'S2')_tb: 2359
	F35_('E1', 'S1')_t4_min: 14112
	F29_('S5', 'S4')_t3_min: 22389
	F11_('E1', 'S1')_t5_max: 15952
	F45_('S2', 'S3')_t3_min: 9523
	F5_('E2', 'S2')_t5_max: 11
	F30_('S3', 'E3')_t5_max: 2041
	F2_('E2', 'S2')_t5_min: 5833
	F53_('E2', 'S2')_t5_min: 29821
	F55_('E5', 'S5')_t5_max: 3620
	F33_('S2', 'S3')_t5_min: 2460
	F14_('S4', 'S3')_t5_min: 7862
	F52_('S3', 'S4')_t5_max: 2115
	F57_('S3', 'S4')_t5_max: 1536
	F1_('S4', 'E4')_t3_max: 105617
	F36_('S4', 'S3')_t3_min: 633
	F56_('S3', 'S4')_t5_min: 13959
	F54_('S4', 'E4')_t3_min: 2448
