0. Flow F0 [E5-->E1] with period 8000, payload 1427B, e2e delay 8000us, jitter 800us
	('E5', 'S5'), Operation(5663, None, 5675)(5663, 5663)
	('S5', 'S4'), Operation(5677, None, 5707)(5677, 5695)
	('S4', 'S3'), Operation(5691, None, 5739)(5691, 5727)
	('S3', 'S2'), Operation(5705, 5746, 5758)(5746, 5746)
	('S2', 'S1'), Operation(5760, 5765, 5777)(5765, 5765)
	('S1', 'E1'), Operation(5779, 5784, 5796)(5784, 5784)
1. Flow F1 [E5-->E4] with period 128000, payload 1349B, e2e delay 128000us, jitter 12800us
	('E5', 'S5'), Operation(18618, None, 18629)(18618, 18618)
	('S5', 'S4'), Operation(18631, None, 18660)(18631, 18649)
	('S4', 'E4'), Operation(18644, 18667, 18678)(18667, 18667)
2. Flow F2 [E2-->E3] with period 32000, payload 982B, e2e delay 32000us, jitter 3200us
	('E2', 'S2'), Operation(22245, None, 22253)(22245, 22245)
	('S2', 'S3'), Operation(22255, 22260, 22268)(22260, 22260)
	('S3', 'E3'), Operation(22270, None, 22296)(22270, 22288)
3. Flow F3 [E3-->E1] with period 64000, payload 635B, e2e delay 64000us, jitter 6400us
	('E3', 'S3'), Operation(1827, None, 1833)(1827, 1827)
	('S3', 'S2'), Operation(1835, None, 1859)(1835, 1853)
	('S2', 'S1'), Operation(1843, None, 1885)(1843, 1879)
	('S1', 'E1'), Operation(1851, 1892, 1898)(1892, 1892)
4. Flow F4 [E2-->E5] with period 64000, payload 184B, e2e delay 64000us, jitter 6400us
	('E2', 'S2'), Operation(56165, None, 56167)(56165, 56165)
	('S2', 'S3'), Operation(56169, None, 56189)(56169, 56187)
	('S3', 'S4'), Operation(56173, 56196, 56198)(56196, 56196)
	('S4', 'S5'), Operation(56200, 56205, 56207)(56205, 56205)
	('S5', 'E5'), Operation(56209, None, 56229)(56209, 56227)
5. Flow F5 [E2-->E1] with period 64000, payload 1342B, e2e delay 64000us, jitter 6400us
	('E2', 'S2'), Operation(53718, None, 53729)(53718, 53718)
	('S2', 'S1'), Operation(53731, 53736, 53747)(53736, 53736)
	('S1', 'E1'), Operation(53749, None, 53778)(53749, 53767)
6. Flow F6 [E4-->E5] with period 128000, payload 876B, e2e delay 128000us, jitter 12800us
	('E4', 'S4'), Operation(119968, None, 119976)(119968, 119968)
	('S4', 'S5'), Operation(119978, None, 120004)(119978, 119996)
	('S5', 'E5'), Operation(119988, None, 120032)(119988, 120024)
7. Flow F7 [E3-->E1] with period 32000, payload 1365B, e2e delay 32000us, jitter 3200us
	('E3', 'S3'), Operation(12914, None, 12925)(12914, 12914)
	('S3', 'S2'), Operation(12927, None, 12956)(12927, 12945)
	('S2', 'S1'), Operation(12940, 12963, 12974)(12963, 12963)
	('S1', 'E1'), Operation(12976, 12981, 12992)(12981, 12981)
8. Flow F8 [E5-->E1] with period 64000, payload 1000B, e2e delay 64000us, jitter 6400us
	('E5', 'S5'), Operation(1741, None, 1749)(1741, 1741)
	('S5', 'S4'), Operation(1751, None, 1777)(1751, 1769)
	('S4', 'S3'), Operation(1761, 1784, 1792)(1784, 1784)
	('S3', 'S2'), Operation(1794, 1799, 1807)(1799, 1799)
	('S2', 'S1'), Operation(1809, 1814, 1822)(1814, 1814)
	('S1', 'E1'), Operation(1824, None, 1850)(1824, 1842)
9. Flow F9 [E1-->E4] with period 4000, payload 68B, e2e delay 4000us, jitter 400us
	('E1', 'S1'), Operation(58, None, 59)(58, 58)
	('S1', 'S2'), Operation(61, 66, 67)(66, 66)
	('S2', 'S3'), Operation(69, 74, 75)(74, 74)
	('S3', 'S4'), Operation(77, 82, 83)(82, 82)
	('S4', 'E4'), Operation(85, None, 104)(85, 103)
10. Flow F10 [E3-->E1] with period 32000, payload 1225B, e2e delay 32000us, jitter 3200us
	('E3', 'S3'), Operation(660, None, 670)(660, 660)
	('S3', 'S2'), Operation(672, 677, 687)(677, 677)
	('S2', 'S1'), Operation(689, 694, 704)(694, 694)
	('S1', 'E1'), Operation(706, 711, 721)(711, 711)
11. Flow F11 [E4-->E5] with period 16000, payload 129B, e2e delay 16000us, jitter 1600us
	('E4', 'S4'), Operation(8704, None, 8706)(8704, 8704)
	('S4', 'S5'), Operation(8708, 8713, 8715)(8713, 8713)
	('S5', 'E5'), Operation(8717, None, 8737)(8717, 8735)
12. Flow F12 [E2-->E5] with period 16000, payload 759B, e2e delay 16000us, jitter 1600us
	('E2', 'S2'), Operation(10511, None, 10518)(10511, 10511)
	('S2', 'S3'), Operation(10520, None, 10545)(10520, 10538)
	('S3', 'S4'), Operation(10529, None, 10572)(10529, 10565)
	('S4', 'S5'), Operation(10538, 10579, 10586)(10579, 10579)
	('S5', 'E5'), Operation(10588, None, 10613)(10588, 10606)
13. Flow F13 [E3-->E4] with period 16000, payload 1394B, e2e delay 16000us, jitter 1600us
	('E3', 'S3'), Operation(13972, None, 13984)(13972, 13972)
	('S3', 'S4'), Operation(13986, None, 14016)(13986, 14004)
	('S4', 'E4'), Operation(14000, 14023, 14035)(14023, 14023)
14. Flow F14 [E4-->E3] with period 4000, payload 346B, e2e delay 4000us, jitter 400us
	('E4', 'S4'), Operation(3950, None, 3953)(3950, 3950)
	('S4', 'S3'), Operation(3955, None, 3976)(3955, 3973)
	('S3', 'E3'), Operation(3960, None, 3999)(3960, 3996)
15. Flow F15 [E2-->E1] with period 8000, payload 858B, e2e delay 8000us, jitter 800us
	('E2', 'S2'), Operation(2607, None, 2614)(2607, 2607)
	('S2', 'S1'), Operation(2616, None, 2641)(2616, 2634)
	('S1', 'E1'), Operation(2625, None, 2668)(2625, 2661)
16. Flow F16 [E3-->E5] with period 64000, payload 587B, e2e delay 64000us, jitter 6400us
	('E3', 'S3'), Operation(62992, None, 62997)(62992, 62992)
	('S3', 'S4'), Operation(62999, None, 63022)(62999, 63017)
	('S4', 'S5'), Operation(63006, None, 63047)(63006, 63042)
	('S5', 'E5'), Operation(63013, None, 63072)(63013, 63067)
17. Flow F17 [E2-->E1] with period 8000, payload 1082B, e2e delay 8000us, jitter 800us
	('E2', 'S2'), Operation(2460, None, 2469)(2460, 2460)
	('S2', 'S1'), Operation(2471, 2476, 2485)(2476, 2476)
	('S1', 'E1'), Operation(2487, None, 2514)(2487, 2505)
18. Flow F18 [E2-->E1] with period 64000, payload 525B, e2e delay 64000us, jitter 6400us
	('E2', 'S2'), Operation(26679, None, 26684)(26679, 26679)
	('S2', 'S1'), Operation(26686, 26691, 26696)(26691, 26691)
	('S1', 'E1'), Operation(26698, None, 26721)(26698, 26716)
19. Flow F19 [E3-->E2] with period 2000, payload 898B, e2e delay 2000us, jitter 200us
	('E3', 'S3'), Operation(1757, None, 1765)(1757, 1757)
	('S3', 'S2'), Operation(1767, None, 1793)(1767, 1785)
	('S2', 'E2'), Operation(1777, 1800, 1808)(1800, 1800)
20. Flow F20 [E5-->E4] with period 16000, payload 445B, e2e delay 16000us, jitter 1600us
	('E5', 'S5'), Operation(8843, None, 8847)(8843, 8843)
	('S5', 'S4'), Operation(8849, None, 8871)(8849, 8867)
	('S4', 'E4'), Operation(8855, None, 8895)(8855, 8891)
21. Flow F21 [E1-->E2] with period 2000, payload 700B, e2e delay 2000us, jitter 200us
	('E1', 'S1'), Operation(60, None, 66)(60, 60)
	('S1', 'S2'), Operation(68, 73, 79)(73, 73)
	('S2', 'E2'), Operation(81, None, 105)(81, 99)
22. Flow F22 [E2-->E5] with period 2000, payload 744B, e2e delay 2000us, jitter 200us
	('E2', 'S2'), Operation(1, None, 7)(1, 1)
	('S2', 'S3'), Operation(9, None, 33)(9, 27)
	('S3', 'S4'), Operation(17, None, 59)(17, 53)
	('S4', 'S5'), Operation(25, None, 85)(25, 79)
	('S5', 'E5'), Operation(33, None, 111)(33, 105)
23. Flow F23 [E4-->E5] with period 32000, payload 1461B, e2e delay 32000us, jitter 3200us
	('E4', 'S4'), Operation(31923, None, 31935)(31923, 31923)
	('S4', 'S5'), Operation(31937, None, 31967)(31937, 31955)
	('S5', 'E5'), Operation(31951, None, 31999)(31951, 31987)
24. Flow F24 [E2-->E3] with period 2000, payload 1128B, e2e delay 2000us, jitter 200us
	('E2', 'S2'), Operation(1889, None, 1899)(1889, 1889)
	('S2', 'S3'), Operation(1901, None, 1929)(1901, 1919)
	('S3', 'E3'), Operation(1913, None, 1959)(1913, 1949)
25. Flow F25 [E4-->E2] with period 32000, payload 221B, e2e delay 32000us, jitter 3200us
	('E4', 'S4'), Operation(29746, None, 29748)(29746, 29746)
	('S4', 'S3'), Operation(29750, 29755, 29757)(29755, 29755)
	('S3', 'S2'), Operation(29759, 29764, 29766)(29764, 29764)
	('S2', 'E2'), Operation(29768, 29773, 29775)(29773, 29773)
26. Flow F26 [E3-->E2] with period 32000, payload 934B, e2e delay 32000us, jitter 3200us
	('E3', 'S3'), Operation(29963, None, 29971)(29963, 29963)
	('S3', 'S2'), Operation(29973, None, 29999)(29973, 29991)
	('S2', 'E2'), Operation(29983, 30006, 30014)(30006, 30006)
27. Flow F27 [E1-->E5] with period 2000, payload 681B, e2e delay 2000us, jitter 200us
	('E1', 'S1'), Operation(72, None, 78)(72, 72)
	('S1', 'S2'), Operation(80, None, 104)(80, 98)
	('S2', 'S3'), Operation(88, None, 130)(88, 124)
	('S3', 'S4'), Operation(96, None, 156)(96, 150)
	('S4', 'S5'), Operation(104, None, 182)(104, 176)
	('S5', 'E5'), Operation(112, None, 208)(112, 202)
28. Flow F28 [E2-->E5] with period 8000, payload 1465B, e2e delay 8000us, jitter 800us
	('E2', 'S2'), Operation(6153, None, 6165)(6153, 6153)
	('S2', 'S3'), Operation(6167, None, 6197)(6167, 6185)
	('S3', 'S4'), Operation(6181, None, 6229)(6181, 6217)
	('S4', 'S5'), Operation(6195, None, 6261)(6195, 6249)
	('S5', 'E5'), Operation(6209, None, 6293)(6209, 6281)
29. Flow F29 [E2-->E5] with period 128000, payload 746B, e2e delay 128000us, jitter 12800us
	('E2', 'S2'), Operation(118265, None, 118271)(118265, 118265)
	('S2', 'S3'), Operation(118273, 118278, 118284)(118278, 118278)
	('S3', 'S4'), Operation(118286, None, 118310)(118286, 118304)
	('S4', 'S5'), Operation(118294, 118317, 118323)(118317, 118317)
	('S5', 'E5'), Operation(118325, 118330, 118336)(118330, 118330)
30. Flow F30 [E2-->E5] with period 8000, payload 1394B, e2e delay 8000us, jitter 800us
	('E2', 'S2'), Operation(6210, None, 6222)(6210, 6210)
	('S2', 'S3'), Operation(6224, None, 6254)(6224, 6242)
	('S3', 'S4'), Operation(6238, 6261, 6273)(6261, 6261)
	('S4', 'S5'), Operation(6275, 6280, 6292)(6280, 6280)
	('S5', 'E5'), Operation(6294, None, 6324)(6294, 6312)
31. Flow F31 [E4-->E1] with period 16000, payload 1085B, e2e delay 16000us, jitter 1600us
	('E4', 'S4'), Operation(1724, None, 1733)(1724, 1724)
	('S4', 'S3'), Operation(1735, 1740, 1749)(1740, 1740)
	('S3', 'S2'), Operation(1751, 1756, 1765)(1756, 1756)
	('S2', 'S1'), Operation(1767, None, 1794)(1767, 1785)
	('S1', 'E1'), Operation(1778, None, 1823)(1778, 1814)
32. Flow F32 [E1-->E2] with period 2000, payload 595B, e2e delay 2000us, jitter 200us
	('E1', 'S1'), Operation(1940, None, 1945)(1940, 1940)
	('S1', 'S2'), Operation(1947, 1952, 1957)(1952, 1952)
	('S2', 'E2'), Operation(1959, None, 1982)(1959, 1977)
33. Flow F33 [E1-->E5] with period 2000, payload 1319B, e2e delay 2000us, jitter 200us
	('E1', 'S1'), Operation(272, None, 283)(272, 272)
	('S1', 'S2'), Operation(285, None, 314)(285, 303)
	('S2', 'S3'), Operation(298, None, 345)(298, 334)
	('S3', 'S4'), Operation(311, None, 376)(311, 365)
	('S4', 'S5'), Operation(324, None, 407)(324, 396)
	('S5', 'E5'), Operation(337, None, 438)(337, 427)
34. Flow F34 [E5-->E2] with period 8000, payload 464B, e2e delay 8000us, jitter 800us
	('E5', 'S5'), Operation(719, None, 723)(719, 719)
	('S5', 'S4'), Operation(725, 730, 734)(730, 730)
	('S4', 'S3'), Operation(736, 741, 745)(741, 741)
	('S3', 'S2'), Operation(747, None, 769)(747, 765)
	('S2', 'E2'), Operation(753, 776, 780)(776, 776)
35. Flow F35 [E5-->E3] with period 4000, payload 701B, e2e delay 4000us, jitter 400us
	('E5', 'S5'), Operation(690, None, 696)(690, 690)
	('S5', 'S4'), Operation(698, 703, 709)(703, 703)
	('S4', 'S3'), Operation(711, None, 735)(711, 729)
	('S3', 'E3'), Operation(719, 742, 748)(742, 742)
36. Flow F36 [E1-->E2] with period 32000, payload 992B, e2e delay 32000us, jitter 3200us
	('E1', 'S1'), Operation(24305, None, 24313)(24305, 24305)
	('S1', 'S2'), Operation(24315, 24320, 24328)(24320, 24320)
	('S2', 'E2'), Operation(24330, None, 24356)(24330, 24348)
37. Flow F37 [E2-->E3] with period 4000, payload 705B, e2e delay 4000us, jitter 400us
	('E2', 'S2'), Operation(1735, None, 1741)(1735, 1735)
	('S2', 'S3'), Operation(1743, None, 1767)(1743, 1761)
	('S3', 'E3'), Operation(1751, 1774, 1780)(1774, 1774)
38. Flow F38 [E2-->E5] with period 8000, payload 1070B, e2e delay 8000us, jitter 800us
	('E2', 'S2'), Operation(6375, None, 6384)(6375, 6375)
	('S2', 'S3'), Operation(6386, None, 6413)(6386, 6404)
	('S3', 'S4'), Operation(6397, None, 6442)(6397, 6433)
	('S4', 'S5'), Operation(6408, 6449, 6458)(6449, 6449)
	('S5', 'E5'), Operation(6460, None, 6487)(6460, 6478)
39. Flow F39 [E3-->E5] with period 2000, payload 1449B, e2e delay 2000us, jitter 200us
	('E3', 'S3'), Operation(647, None, 659)(647, 647)
	('S3', 'S4'), Operation(661, 666, 678)(666, 666)
	('S4', 'S5'), Operation(680, 685, 697)(685, 685)
	('S5', 'E5'), Operation(699, 704, 716)(704, 704)
40. Flow F40 [E4-->E5] with period 32000, payload 758B, e2e delay 32000us, jitter 3200us
	('E4', 'S4'), Operation(29749, None, 29756)(29749, 29749)
	('S4', 'S5'), Operation(29758, None, 29783)(29758, 29776)
	('S5', 'E5'), Operation(29767, None, 29810)(29767, 29803)
41. Flow F41 [E3-->E5] with period 16000, payload 779B, e2e delay 16000us, jitter 1600us
	('E3', 'S3'), Operation(14881, None, 14888)(14881, 14881)
	('S3', 'S4'), Operation(14890, 14895, 14902)(14895, 14895)
	('S4', 'S5'), Operation(14904, None, 14929)(14904, 14922)
	('S5', 'E5'), Operation(14913, 14936, 14943)(14936, 14936)
42. Flow F42 [E2-->E1] with period 32000, payload 572B, e2e delay 32000us, jitter 3200us
	('E2', 'S2'), Operation(29742, None, 29747)(29742, 29742)
	('S2', 'S1'), Operation(29749, 29754, 29759)(29754, 29754)
	('S1', 'E1'), Operation(29761, 29766, 29771)(29766, 29766)
43. Flow F43 [E3-->E4] with period 2000, payload 971B, e2e delay 2000us, jitter 200us
	('E3', 'S3'), Operation(803, None, 811)(803, 803)
	('S3', 'S4'), Operation(813, 818, 826)(818, 818)
	('S4', 'E4'), Operation(828, None, 854)(828, 846)
44. Flow F44 [E2-->E1] with period 4000, payload 152B, e2e delay 4000us, jitter 400us
	('E2', 'S2'), Operation(1886, None, 1888)(1886, 1886)
	('S2', 'S1'), Operation(1890, 1895, 1897)(1895, 1895)
	('S1', 'E1'), Operation(1899, 1904, 1906)(1904, 1904)
45. Flow F45 [E4-->E2] with period 128000, payload 1482B, e2e delay 128000us, jitter 12800us
	('E4', 'S4'), Operation(43694, None, 43706)(43694, 43694)
	('S4', 'S3'), Operation(43708, 43713, 43725)(43713, 43713)
	('S3', 'S2'), Operation(43727, 43732, 43744)(43732, 43732)
	('S2', 'E2'), Operation(43746, None, 43776)(43746, 43764)
46. Flow F46 [E3-->E1] with period 8000, payload 1405B, e2e delay 8000us, jitter 800us
	('E3', 'S3'), Operation(6826, None, 6838)(6826, 6826)
	('S3', 'S2'), Operation(6840, 6845, 6857)(6845, 6845)
	('S2', 'S1'), Operation(6859, 6864, 6876)(6864, 6864)
	('S1', 'E1'), Operation(6878, 6883, 6895)(6883, 6883)
47. Flow F47 [E1-->E4] with period 32000, payload 954B, e2e delay 32000us, jitter 3200us
	('E1', 'S1'), Operation(26462, None, 26470)(26462, 26462)
	('S1', 'S2'), Operation(26472, None, 26498)(26472, 26490)
	('S2', 'S3'), Operation(26482, 26505, 26513)(26505, 26505)
	('S3', 'S4'), Operation(26515, 26520, 26528)(26520, 26520)
	('S4', 'E4'), Operation(26530, None, 26556)(26530, 26548)
48. Flow F48 [E3-->E2] with period 4000, payload 1509B, e2e delay 4000us, jitter 400us
	('E3', 'S3'), Operation(3692, None, 3705)(3692, 3692)
	('S3', 'S2'), Operation(3707, 3712, 3725)(3712, 3712)
	('S2', 'E2'), Operation(3727, 3732, 3745)(3732, 3732)
49. Flow F49 [E2-->E5] with period 4000, payload 1439B, e2e delay 4000us, jitter 400us
	('E2', 'S2'), Operation(2558, None, 2570)(2558, 2558)
	('S2', 'S3'), Operation(2572, None, 2602)(2572, 2590)
	('S3', 'S4'), Operation(2586, None, 2634)(2586, 2622)
	('S4', 'S5'), Operation(2600, None, 2666)(2600, 2654)
	('S5', 'E5'), Operation(2614, None, 2698)(2614, 2686)
50. Flow F50 [E2-->E1] with period 4000, payload 621B, e2e delay 4000us, jitter 400us
	('E2', 'S2'), Operation(2655, None, 2660)(2655, 2655)
	('S2', 'S1'), Operation(2662, None, 2685)(2662, 2680)
	('S1', 'E1'), Operation(2669, 2692, 2697)(2692, 2692)
51. Flow F51 [E2-->E5] with period 128000, payload 241B, e2e delay 128000us, jitter 12800us
	('E2', 'S2'), Operation(126444, None, 126446)(126444, 126444)
	('S2', 'S3'), Operation(126448, 126453, 126455)(126453, 126453)
	('S3', 'S4'), Operation(126457, None, 126477)(126457, 126475)
	('S4', 'S5'), Operation(126461, 126484, 126486)(126484, 126484)
	('S5', 'E5'), Operation(126488, 126493, 126495)(126493, 126493)
52. Flow F52 [E5-->E4] with period 4000, payload 502B, e2e delay 4000us, jitter 400us
	('E5', 'S5'), Operation(1657, None, 1662)(1657, 1657)
	('S5', 'S4'), Operation(1664, 1669, 1674)(1669, 1669)
	('S4', 'E4'), Operation(1676, None, 1699)(1676, 1694)
53. Flow F53 [E3-->E5] with period 2000, payload 1001B, e2e delay 2000us, jitter 200us
	('E3', 'S3'), Operation(816, None, 825)(816, 816)
	('S3', 'S4'), Operation(827, None, 854)(827, 845)
	('S4', 'S5'), Operation(838, None, 883)(838, 874)
	('S5', 'E5'), Operation(849, None, 912)(849, 903)
54. Flow F54 [E5-->E1] with period 2000, payload 1380B, e2e delay 2000us, jitter 200us
	('E5', 'S5'), Operation(647, None, 659)(647, 647)
	('S5', 'S4'), Operation(661, 666, 678)(666, 666)
	('S4', 'S3'), Operation(680, None, 710)(680, 698)
	('S3', 'S2'), Operation(694, None, 742)(694, 730)
	('S2', 'S1'), Operation(708, None, 774)(708, 762)
	('S1', 'E1'), Operation(722, 781, 793)(781, 781)
55. Flow F55 [E2-->E3] with period 64000, payload 345B, e2e delay 64000us, jitter 6400us
	('E2', 'S2'), Operation(62197, None, 62200)(62197, 62197)
	('S2', 'S3'), Operation(62202, None, 62223)(62202, 62220)
	('S3', 'E3'), Operation(62207, None, 62246)(62207, 62243)
56. Flow F56 [E2-->E4] with period 2000, payload 1390B, e2e delay 2000us, jitter 200us
	('E2', 'S2'), Operation(447, None, 459)(447, 447)
	('S2', 'S3'), Operation(461, 466, 478)(466, 466)
	('S3', 'S4'), Operation(480, None, 510)(480, 498)
	('S4', 'E4'), Operation(494, 517, 529)(517, 517)
57. Flow F57 [E3-->E5] with period 2000, payload 1501B, e2e delay 2000us, jitter 200us
	('E3', 'S3'), Operation(900, None, 913)(900, 900)
	('S3', 'S4'), Operation(915, None, 946)(915, 933)
	('S4', 'S5'), Operation(930, None, 979)(930, 966)
	('S5', 'E5'), Operation(945, None, 1012)(945, 999)
58. Flow F58 [E5-->E4] with period 64000, payload 1351B, e2e delay 64000us, jitter 6400us
	('E5', 'S5'), Operation(56754, None, 56765)(56754, 56754)
	('S5', 'S4'), Operation(56767, None, 56796)(56767, 56785)
	('S4', 'E4'), Operation(56780, None, 56827)(56780, 56816)
59. Flow F59 [E5-->E3] with period 8000, payload 1264B, e2e delay 8000us, jitter 800us
	('E5', 'S5'), Operation(724, None, 735)(724, 724)
	('S5', 'S4'), Operation(737, None, 766)(737, 755)
	('S4', 'S3'), Operation(750, None, 797)(750, 786)
	('S3', 'E3'), Operation(763, None, 828)(763, 817)

SMT variables: 
	F14_('S3', 'E3')_rr: 0
	F0_('S2', 'S1')_rr: 8
	F54_jitter: 0
	F32_jitter: 18
	F8_('S3', 'S2')_t3_min: 1794
	F47_('S2', 'S3')_rr: 4
	F24_('E2', 'S2')_rr: 0
	('S4', 'S3')_gcl_cycle: 128000
	F28_('S5', 'E5')_t5_max: 6293
	F48_('S3', 'S2')_t4_min: 3712
	F7_queue_index: 0
	F35_('S5', 'S4')_rr: 2
	F57_('S3', 'S4')_gc: False
	F0_('E5', 'S5')_rr: 0
	F24_('E2', 'S2')_gc: False
	F17_('S2', 'S1')_t4_min: 2476
	F16_('E3', 'S3')_t3_max: 62979
	F52_('E5', 'S5')_t3_max: 1644
	F31_('S1', 'E1')_t4_max: 1814
	F43_('E3', 'S3')_t3_max: 790
	F3_('S1', 'E1')_t4_min: 1892
	F54_('S5', 'S4')_t4_min: 666
	F9_('S2', 'S3')_t4_min: 74
	F38_('S4', 'S5')_t4_min: 6449
	F22_queue_index: 0
	F16_('E3', 'S3')_tb: 62992
	F37_('S2', 'S3')_t4_min: 1743
	F51_('S4', 'S5')_rr: 1
	F37_('S3', 'E3')_gc: True
	F35_('E5', 'S5')_t4_min: 690
	F0_('S4', 'S3')_t4_max: 5727
	F34_('S5', 'S4')_rr: 1
	F39_('S5', 'E5')_rr: 64
	F35_('S3', 'E3')_t5_min: 748
	F14_('E4', 'S4')_t3_max: 3937
	F31_('S1', 'E1')_t3_min: 1778
	F42_('E2', 'S2')_gc: False
	F29_('S4', 'S5')_t4_max: 118317
	F35_('E5', 'S5')_gc: False
	F10_('S3', 'S2')_t4_min: 677
	F51_('S2', 'S3')_t4_max: 126453
	F56_('E2', 'S2')_t3_max: 434
	F54_queue_index: 0
	F9_('S1', 'S2')_t4_min: 66
	F28_('S5', 'E5')_rr: 0
	F34_('S2', 'E2')_t4_max: 776
	F50_('S2', 'S1')_gc: False
	F12_('S3', 'S4')_gc: False
	F48_('S2', 'E2')_t4_min: 3732
	F30_('S4', 'S5')_t3_max: 6280
	F59_('S5', 'S4')_gc: False
	F13_('E3', 'S3')_gc: False
	F39_('E3', 'S3')_gc: False
	F52_('E5', 'S5')_gc: False
	F1_jitter: 0
	F12_('S3', 'S4')_t4_min: 10529
	F13_jitter: 0
	F13_('S3', 'S4')_t4_min: 13986
	F15_jitter: 36
	F25_('S4', 'S3')_t4_max: 29755
	F4_('S2', 'S3')_tb: 56169
	F54_('S4', 'S3')_t4_max: 698
	F28_('S5', 'E5')_t3_max: 6268
	F6_('E4', 'S4')_rr: 0
	F51_('S5', 'E5')_rr: 1
	F26_('S2', 'E2')_t4_min: 30006
	F49_('E2', 'S2')_t5_max: 2570
	F51_('S2', 'S3')_t4_min: 126453
	F37_('S2', 'S3')_rr: 0
	F57_('S5', 'E5')_rr: 0
	F6_queue_index: 0
	F49_('S2', 'S3')_t4_min: 2572
	F48_jitter: 0
	F41_('S5', 'E5')_t5_min: 14943
	F53_('S5', 'E5')_t4_min: 849
	F47_('S4', 'E4')_rr: 0
	F57_('S3', 'S4')_t3_min: 915
	F47_('S2', 'S3')_gc: True
	F56_('S2', 'S3')_t4_max: 466
	F8_('E5', 'S5')_tb: 1741
	F12_('E2', 'S2')_gc: False
	F16_('S3', 'S4')_t4_max: 63017
	F54_('E5', 'S5')_t3_max: 634
	F21_('E1', 'S1')_gc: False
	F46_('S3', 'S2')_gc: True
	('E2', 'S2')_gcl_cycle: 1
	F33_('E1', 'S1')_gc: False
	F7_('S2', 'S1')_t4_min: 12963
	('S2', 'E2')_gcl_cycle: 32000
	F54_('S1', 'E1')_t4_min: 781
	F59_('E5', 'S5')_t3_min: 724
	F57_('S3', 'S4')_t4_min: 915
	F13_('E3', 'S3')_t3_max: 13959
	F41_('S3', 'S4')_t4_min: 14895
	F30_('S2', 'S3')_t4_max: 6242
	F16_('S3', 'S4')_t3_min: 62999
	F25_('E4', 'S4')_t4_max: 29746
	F16_('S4', 'S5')_t5_max: 63047
	F27_('S2', 'S3')_rr: 0
	F12_('S3', 'S4')_t3_min: 10529
	F9_('S2', 'S3')_rr: 32
	F16_('S3', 'S4')_gc: False
	F34_('S3', 'S2')_t4_min: 747
	F33_('S4', 'S5')_t4_max: 396
	F22_('E2', 'S2')_t5_min: 7
	F4_('S5', 'E5')_rr: 0
	F52_jitter: 18
	('S3', 'E3')_gcl_cycle: 4000
	F26_('E3', 'S3')_t4_min: 29963
	F49_('S2', 'S3')_t4_max: 2590
	F8_('S1', 'E1')_gc: False
	F4_('S2', 'S3')_t4_max: 56187
	F59_('S4', 'S3')_t4_max: 786
	F29_('S2', 'S3')_t5_min: 118284
	F24_('S2', 'S3')_tb: 1901
	F15_('E2', 'S2')_t3_max: 2594
	F41_('E3', 'S3')_gc: False
	F24_('S2', 'S3')_gc: False
	F24_('S2', 'S3')_rr: 0
	F8_('S3', 'S2')_gc: True
	F46_('S2', 'S1')_gc: True
	F22_('S5', 'E5')_t3_max: 92
	F27_('S1', 'S2')_t4_min: 80
	F1_('S5', 'S4')_gc: False
	F43_('S4', 'E4')_gc: False
	F28_jitter: 72
	F53_('S3', 'S4')_t4_max: 845
	F21_('S2', 'E2')_t3_max: 86
	F30_('S2', 'S3')_t5_max: 6254
	F38_('S4', 'S5')_gc: True
	F15_('S1', 'E1')_t4_min: 2625
	F16_('S5', 'E5')_gc: False
	F22_('E2', 'S2')_gc: False
	F6_('S4', 'S5')_t4_min: 119978
	F41_('S5', 'E5')_t5_max: 14943
	F8_('S3', 'S2')_rr: 2
	F16_('S3', 'S4')_rr: 0
	F14_('E4', 'S4')_t4_max: 3950
	F31_('S2', 'S1')_rr: 0
	F49_('S3', 'S4')_rr: 0
	F15_('E2', 'S2')_t4_max: 2607
	F23_('E4', 'S4')_tb: 31923
	F27_('S1', 'S2')_tb: 80
	F21_('S2', 'E2')_t4_min: 81
	F37_('S2', 'S3')_gc: False
	F8_('S1', 'E1')_rr: 0
	F15_('S1', 'E1')_rr: 0
	F59_('S5', 'S4')_rr: 0
	F30_('S3', 'S4')_rr: 8
	F20_('E5', 'S5')_gc: False
	F57_('S5', 'E5')_tb: 945
	F53_('S4', 'S5')_t4_min: 838
	F29_('E2', 'S2')_t3_max: 118252
	F3_('E3', 'S3')_t3_max: 1814
	F51_('S3', 'S4')_t3_min: 126457
	F49_('S5', 'E5')_gc: False
	F41_('S3', 'S4')_gc: True
	F0_('S1', 'E1')_rr: 8
	F54_('E5', 'S5')_tb: 647
	F9_('S1', 'S2')_t5_min: 67
	F55_('S2', 'S3')_rr: 0
	F33_('S4', 'S5')_rr: 0
	F18_('S2', 'S1')_t4_max: 26691
	F46_('S1', 'E1')_gc: True
	F38_('S3', 'S4')_rr: 0
	F8_('S2', 'S1')_t3_max: 1814
	F28_('S3', 'S4')_t4_min: 6181
	F19_('S2', 'E2')_gc: True
	F54_('S3', 'S2')_t4_min: 694
	F24_('S3', 'E3')_gc: False
	F47_('S1', 'S2')_tb: 26472
	F38_('S2', 'S3')_gc: False
	F31_('S2', 'S1')_gc: False
	F23_('S5', 'E5')_rr: 0
	F17_('S1', 'E1')_rr: 0
	F38_('S5', 'E5')_t3_min: 6460
	F27_('S1', 'S2')_rr: 0
	F59_('E5', 'S5')_rr: 0
	F58_jitter: 36
	F29_('S3', 'S4')_gc: False
	F49_queue_index: 0
	F47_('S4', 'E4')_gc: False
	F29_('S4', 'S5')_rr: 1
	F22_('S4', 'S5')_gc: False
	F38_queue_index: 0
	F2_('S3', 'E3')_rr: 0
	F23_queue_index: 0
	F19_('S2', 'E2')_t3_max: 1800
	F0_('S1', 'E1')_gc: True
	F35_('S3', 'E3')_t4_min: 742
	('E1', 'S1')_gcl_cycle: 1
	F53_jitter: 54
	F46_('S2', 'S1')_t4_max: 6864
	F17_('E2', 'S2')_rr: 0
	F27_('S2', 'S3')_t4_min: 88
	F6_('S4', 'S5')_gc: False
	F18_jitter: 18
	F0_('S1', 'E1')_t5_min: 5796
	F3_('S2', 'S1')_gc: False
	('S1', 'S2')_gcl_cycle: 32000
	F44_('S1', 'E1')_gc: True
	F30_('S4', 'S5')_t4_min: 6280
	F25_('S3', 'S2')_t4_max: 29764
	F33_('S4', 'S5')_t5_max: 407
	F27_('S1', 'S2')_gc: False
	F0_('S5', 'S4')_gc: False
	F20_('S4', 'E4')_t4_min: 8855
	F9_('S1', 'S2')_t4_max: 66
	F34_('S4', 'S3')_gc: True
	F50_('S1', 'E1')_gc: True
	F30_('S5', 'E5')_rr: 0
	F50_('S2', 'S1')_rr: 0
	F54_('S3', 'S2')_t5_min: 706
	F55_('S2', 'S3')_gc: False
	F54_('S5', 'S4')_gc: True
	F7_('S3', 'S2')_t4_min: 12927
	F12_('S4', 'S5')_t3_min: 10538
	F40_('E4', 'S4')_gc: False
	F49_('E2', 'S2')_tb: 2558
	F39_('E3', 'S3')_t3_max: 634
	F17_('S1', 'E1')_gc: False
	F54_('E5', 'S5')_rr: 0
	F8_('S4', 'S3')_gc: True
	F16_('S5', 'E5')_rr: 0
	F21_jitter: 18
	F12_('S3', 'S4')_rr: 0
	F12_('S4', 'S5')_gc: True
	F56_('E2', 'S2')_gc: False
	F35_('S3', 'E3')_rr: 1
	F4_('S4', 'S5')_t4_max: 56205
	F49_('E2', 'S2')_rr: 0
	F58_('E5', 'S5')_rr: 0
	F37_('S2', 'S3')_t4_max: 1761
	F49_('S2', 'S3')_tb: 2572
	F19_('S3', 'S2')_t4_min: 1767
	F12_('S2', 'S3')_rr: 0
	F54_('S3', 'S2')_t3_max: 717
	F33_('S1', 'S2')_rr: 0
	F21_('S1', 'S2')_t4_min: 73
	F22_('S3', 'S4')_rr: 0
	F45_('S3', 'S2')_t4_min: 43732
	F44_('E2', 'S2')_gc: False
	F11_queue_index: 0
	F31_('S2', 'S1')_t4_max: 1785
	F50_jitter: 0
	F54_('S2', 'S1')_t4_max: 762
	F55_('S3', 'E3')_rr: 0
	F5_('S2', 'S1')_t4_min: 53736
	F30_('S3', 'S4')_gc: True
	F27_('E1', 'S1')_gc: False
	F28_('S5', 'E5')_t4_min: 6209
	F6_('S5', 'E5')_rr: 0
	F4_('S2', 'S3')_t4_min: 56169
	F18_('S1', 'E1')_rr: 0
	F4_('S4', 'S5')_tb: 56205
	F15_queue_index: 0
	F47_('S2', 'S3')_t4_min: 26505
	F26_jitter: 0
	F29_('S3', 'S4')_t4_max: 118304
	F22_('S2', 'S3')_t5_min: 15
	F48_('E3', 'S3')_t5_max: 3705
	F2_('E2', 'S2')_tb: 22245
	F4_('S5', 'E5')_gc: False
	F2_('E2', 'S2')_t4_max: 22245
	F39_('S3', 'S4')_t4_min: 666
	F7_('S1', 'E1')_rr: 2
	('S1', 'E1')_gcl_cycle: 64000
	F19_('E3', 'S3')_t3_max: 1744
	F11_('S4', 'S5')_rr: 8
	F44_('S1', 'E1')_rr: 16
	F4_('S2', 'S3')_gc: False
	F23_('S5', 'E5')_t4_min: 31951
	F47_('S3', 'S4')_t4_max: 26520
	F52_('S4', 'E4')_t5_max: 1699
	F12_('S2', 'S3')_gc: False
	F12_queue_index: 0
	F30_jitter: 18
	F56_('S4', 'E4')_t4_min: 517
	F19_('E3', 'S3')_gc: False
	F30_('S2', 'S3')_rr: 0
	F50_('E2', 'S2')_rr: 0
	F59_('S4', 'S3')_tb: 750
	F8_('S5', 'S4')_t4_min: 1751
	F28_('S3', 'S4')_t4_max: 6217
	F27_('S5', 'E5')_gc: False
	F27_('S4', 'S5')_tb: 104
	F20_jitter: 36
	F52_('S4', 'E4')_gc: False
	F10_jitter: 0
	F24_('S2', 'S3')_t4_max: 1919
	F41_('E3', 'S3')_t4_min: 14881
	F37_('E2', 'S2')_rr: 0
	F41_('S4', 'S5')_t4_min: 14904
	F51_('S3', 'S4')_t4_min: 126457
	F45_('E4', 'S4')_gc: False
	F21_('S2', 'E2')_rr: 0
	F50_('E2', 'S2')_t4_max: 2655
	F38_('S4', 'S5')_rr: 16
	F51_('S3', 'S4')_tb: 126457
	F47_jitter: 18
	F19_('S2', 'E2')_rr: 16
	F33_('S2', 'S3')_rr: 0
	F34_('S4', 'S3')_rr: 16
	F9_('E1', 'S1')_t3_min: 58
	F1_('S4', 'E4')_rr: 1
	F7_('S2', 'S1')_gc: True
	F23_('S4', 'S5')_t4_min: 31937
	F58_('E5', 'S5')_t5_max: 56765
	F4_('S4', 'S5')_t4_min: 56205
	F41_('S3', 'S4')_t5_min: 14902
	F31_('S4', 'S3')_gc: True
	F0_('S3', 'S2')_t4_max: 5746
	F28_('E2', 'S2')_t3_min: 6153
	F39_jitter: 0
	F35_('S5', 'S4')_gc: True
	F56_('S2', 'S3')_gc: True
	F31_('E4', 'S4')_rr: 0
	F33_('S4', 'S5')_gc: False
	F30_('E2', 'S2')_t4_max: 6210
	F30_('S2', 'S3')_t3_min: 6224
	F29_jitter: 0
	F22_('S2', 'S3')_gc: False
	F11_('S4', 'S5')_t4_min: 8713
	F31_('S4', 'S3')_rr: 8
	F51_('S4', 'S5')_t4_min: 126484
	F49_('S5', 'E5')_t4_min: 2614
	F1_('S5', 'S4')_rr: 0
	F33_queue_index: 0
	F50_('S2', 'S1')_t4_min: 2662
	F11_('S5', 'E5')_rr: 0
	F6_('S4', 'S5')_t4_max: 119996
	F26_('E3', 'S3')_t3_max: 29950
	F9_jitter: 18
	F22_('S2', 'S3')_t4_max: 27
	F30_('S5', 'E5')_t4_min: 6294
	F51_('S3', 'S4')_rr: 0
	F35_('S3', 'E3')_t3_min: 719
	F53_('S5', 'E5')_rr: 0
	F39_('S3', 'S4')_tb: 666
	F24_('S2', 'S3')_t4_min: 1901
	F53_('S5', 'E5')_gc: False
	F29_('S3', 'S4')_t4_min: 118286
	F4_('S3', 'S4')_rr: 1
	F39_('S3', 'S4')_gc: True
	F11_('S4', 'S5')_t5_max: 8715
	F9_('E1', 'S1')_t3_max: 45
	F0_queue_index: 0
	F38_('S5', 'E5')_rr: 0
	F52_('E5', 'S5')_rr: 0
	F16_queue_index: 0
	F31_('S3', 'S2')_t4_min: 1756
	F15_('S2', 'S1')_t4_max: 2634
	F45_('E4', 'S4')_rr: 0
	F51_('S5', 'E5')_t5_max: 126495
	F51_('S4', 'S5')_t4_max: 126484
	F33_('E1', 'S1')_tb: 272
	F29_('S5', 'E5')_t4_min: 118330
	F56_('S2', 'S3')_tb: 466
	F56_('S3', 'S4')_gc: False
	F33_('S5', 'E5')_gc: False
	F31_('S4', 'S3')_t4_min: 1740
	F37_('S3', 'E3')_t4_min: 1774
	F7_('E3', 'S3')_rr: 0
	F21_('E1', 'S1')_rr: 0
	F25_('S3', 'S2')_t3_max: 29764
	F0_('S3', 'S2')_gc: True
	F20_('E5', 'S5')_rr: 0
	F3_('E3', 'S3')_gc: False
	F0_('S3', 'S2')_t4_min: 5746
	F40_('S5', 'E5')_rr: 0
	F27_('E1', 'S1')_t3_max: 59
	F19_('S3', 'S2')_t4_max: 1785
	F45_('S2', 'E2')_t5_max: 43776
	F5_('E2', 'S2')_rr: 0
	F20_('S5', 'S4')_t4_max: 8867
	F6_('S5', 'E5')_t4_min: 119988
	F40_('S4', 'S5')_t5_max: 29783
	F10_('S1', 'E1')_gc: True
	F55_('S3', 'E3')_t5_min: 62210
	F22_('S2', 'S3')_t4_min: 9
	('E3', 'S3')_gcl_cycle: 1
	F8_('S4', 'S3')_t4_max: 1784
	F54_('S3', 'S2')_rr: 0
	F24_jitter: 36
	F59_jitter: 54
	F57_('S5', 'E5')_t4_min: 945
	F56_jitter: 0
	F42_('S1', 'E1')_t4_min: 29766
	F15_('E2', 'S2')_rr: 0
	F34_('E5', 'S5')_tb: 719
	F9_('S3', 'S4')_gc: True
	F42_jitter: 0
	F32_('E1', 'S1')_gc: False
	F58_('S4', 'E4')_t4_min: 56780
	F7_jitter: 0
	F42_queue_index: 0
	F2_queue_index: 0
	F36_('S2', 'E2')_t4_min: 24330
	('S2', 'S1')_gcl_cycle: 64000
	F6_('S4', 'S5')_rr: 0
	F41_('S5', 'E5')_t3_max: 14936
	F18_('E2', 'S2')_rr: 0
	F56_('S3', 'S4')_t4_max: 498
	F41_('S5', 'E5')_rr: 8
	F8_('S4', 'S3')_rr: 2
	F21_('S1', 'S2')_rr: 16
	F22_('S3', 'S4')_t4_min: 17
	F13_('S3', 'S4')_gc: False
	F14_('S4', 'S3')_t5_max: 3976
	F10_('S1', 'E1')_rr: 2
	F18_('E2', 'S2')_t5_min: 26684
	F34_jitter: 0
	F3_('S3', 'S2')_rr: 0
	F3_('S2', 'S1')_t4_min: 1843
	F0_('E5', 'S5')_t3_max: 5650
	F33_('E1', 'S1')_rr: 0
	F9_('S4', 'E4')_t4_min: 85
	F35_('S4', 'S3')_gc: False
	F41_('S4', 'S5')_t4_max: 14922
	F17_('S2', 'S1')_t4_max: 2476
	F33_('S2', 'S3')_t4_min: 298
	F20_('E5', 'S5')_t4_max: 8843
	F39_('S3', 'S4')_t5_min: 678
	F23_('S5', 'E5')_t5_max: 31999
	F59_queue_index: 0
	F56_('S3', 'S4')_t5_min: 492
	F11_('S4', 'S5')_t4_max: 8713
	F48_('S2', 'E2')_rr: 8
	F55_('S3', 'E3')_t4_min: 62207
	F38_('S3', 'S4')_t4_max: 6433
	F25_jitter: 0
	F46_('E3', 'S3')_t3_max: 6813
	F24_('S3', 'E3')_rr: 0
	F18_('S1', 'E1')_gc: False
	F41_('S3', 'S4')_rr: 4
	F21_queue_index: 0
	F13_('S4', 'E4')_gc: True
	F34_('S5', 'S4')_gc: True
	F0_('S2', 'S1')_t4_min: 5765
	F59_('S3', 'E3')_t4_min: 763
	F6_('E4', 'S4')_t3_max: 119955
	F8_('S5', 'S4')_rr: 0
	F45_('S2', 'E2')_rr: 0
	F28_('E2', 'S2')_gc: False
	F7_('S1', 'E1')_gc: True
	F17_('S2', 'S1')_t5_max: 2485
	F32_('S2', 'E2')_gc: False
	F9_('E1', 'S1')_rr: 0
	F22_('S5', 'E5')_rr: 0
	F0_('S4', 'S3')_gc: False
	F16_('E3', 'S3')_gc: False
	F13_('S4', 'E4')_rr: 8
	F35_jitter: 0
	F59_('E5', 'S5')_gc: False
	F9_('S1', 'S2')_rr: 8
	F14_jitter: 36
	F27_('S5', 'E5')_t5_min: 118
	F55_('S3', 'E3')_t3_max: 62230
	F15_('S2', 'S1')_gc: False
	F33_('S3', 'S4')_gc: False
	F54_('S1', 'E1')_gc: True
	F44_('S2', 'S1')_t4_min: 1895
	F59_('S4', 'S3')_gc: False
	F21_('S2', 'E2')_t5_min: 87
	F33_('S3', 'S4')_rr: 0
	F40_('E4', 'S4')_rr: 0
	F8_('S2', 'S1')_t4_max: 1814
	F19_('S3', 'S2')_rr: 0
	F16_('S4', 'S5')_rr: 0
	F51_queue_index: 0
	F32_('E1', 'S1')_rr: 0
	F20_('S5', 'S4')_t4_min: 8849
	F18_('S2', 'S1')_t3_min: 26686
	F58_('S4', 'E4')_t3_max: 56803
	F35_('E5', 'S5')_rr: 0
	F38_jitter: 18
	F54_('S4', 'S3')_gc: False
	F14_('S3', 'E3')_t4_min: 3960
	F46_('E3', 'S3')_gc: False
	F33_('S4', 'S5')_t4_min: 324
	F46_('S3', 'S2')_t4_min: 6845
	F30_('S3', 'S4')_t5_max: 6273
	('E4', 'S4')_gcl_cycle: 1
	F7_('S3', 'S2')_rr: 0
	F44_('E2', 'S2')_t3_max: 1873
	F52_('S5', 'S4')_rr: 2
	F1_('S5', 'S4')_t4_max: 18649
	F0_('S3', 'S2')_t3_max: 5746
	F52_('S4', 'E4')_rr: 0
	F57_('S3', 'S4')_t5_max: 946
	F31_('S1', 'E1')_t4_min: 1778
	F22_('S2', 'S3')_rr: 0
	F44_('S2', 'S1')_t4_max: 1895
	F1_('S4', 'E4')_t3_max: 18667
	F52_('S4', 'E4')_t4_min: 1676
	F34_('S2', 'E2')_t5_max: 780
	F51_('E2', 'S2')_t4_min: 126444
	F22_('S2', 'S3')_t5_max: 33
	F25_('S4', 'S3')_t4_min: 29755
	F33_('S1', 'S2')_t3_min: 285
	F27_('S3', 'S4')_rr: 0
	F3_jitter: 0
	F27_queue_index: 0
	F21_('S1', 'S2')_t4_max: 73
	F19_('S3', 'S2')_gc: False
	F44_('S2', 'S1')_rr: 16
	F57_('S5', 'E5')_gc: False
	F0_('E5', 'S5')_t4_max: 5663
	F34_('S3', 'S2')_gc: False
	F56_('S2', 'S3')_rr: 64
	F44_('S2', 'S1')_gc: True
	F48_('S3', 'S2')_t4_max: 3712
	F12_jitter: 18
	F57_jitter: 54
	F24_('S3', 'E3')_t3_min: 1913
	F47_('S1', 'S2')_rr: 0
	F33_('S1', 'S2')_t4_max: 303
	F6_('S5', 'E5')_gc: False
	F17_queue_index: 0
	F33_('S5', 'E5')_t4_min: 337
	F22_('S4', 'S5')_rr: 0
	F51_('E2', 'S2')_gc: False
	F53_('S4', 'S5')_gc: False
	F8_('E5', 'S5')_rr: 0
	F8_queue_index: 0
	F12_('S4', 'S5')_rr: 8
	F29_('S5', 'E5')_gc: True
	F55_('S3', 'E3')_gc: False
	F39_('S5', 'E5')_gc: True
	F27_('S1', 'S2')_t4_max: 98
	F5_('E2', 'S2')_gc: False
	F42_('S2', 'S1')_t4_max: 29754
	F14_('S4', 'S3')_t5_min: 3958
	F43_jitter: 18
	('S3', 'S2')_gcl_cycle: 128000
	F13_('E3', 'S3')_rr: 0
	F23_jitter: 36
	F12_('S3', 'S4')_t4_max: 10565
	F9_('S3', 'S4')_t3_max: 82
	F19_('S2', 'E2')_t3_min: 1777
	F19_('E3', 'S3')_rr: 0
	F10_('S3', 'S2')_rr: 4
	F43_('E3', 'S3')_rr: 0
	F24_('S2', 'S3')_t3_min: 1901
	F29_('E2', 'S2')_gc: False
	F52_('S5', 'S4')_t5_max: 1674
	F27_('S2', 'S3')_t4_max: 124
	F58_('S4', 'E4')_gc: False
	F25_('E4', 'S4')_t3_max: 29733
	F32_('S2', 'E2')_rr: 0
	F32_('S1', 'S2')_rr: 16
	F10_('S2', 'S1')_t4_max: 694
	F36_('S2', 'E2')_gc: False
	F5_('S1', 'E1')_rr: 0
	F31_('S1', 'E1')_gc: False
	F48_('S3', 'S2')_rr: 32
	F37_queue_index: 0
	F31_queue_index: 0
	F30_('S5', 'E5')_gc: False
	F25_('S4', 'S3')_gc: True
	F19_jitter: 0
	F47_('S1', 'S2')_gc: False
	F3_('S2', 'S1')_t4_max: 1879
	F34_('S5', 'S4')_t4_max: 730
	F16_('S4', 'S5')_t4_max: 63042
	F3_('S3', 'S2')_t4_max: 1853
	F42_('S1', 'E1')_tb: 29766
	F36_('E1', 'S1')_rr: 0
	F3_('S3', 'S2')_t4_min: 1835
	F0_('S4', 'S3')_t4_min: 5691
	F25_('S2', 'E2')_gc: True
	F33_('S2', 'S3')_t5_min: 309
	F41_('S4', 'S5')_gc: False
	F3_('E3', 'S3')_rr: 0
	F25_('S2', 'E2')_t3_max: 29773
	F28_('S3', 'S4')_rr: 0
	F31_('E4', 'S4')_gc: False
	F28_('E2', 'S2')_t3_max: 6140
	F48_('E3', 'S3')_rr: 0
	F18_('E2', 'S2')_gc: False
	F53_('S3', 'S4')_t4_min: 827
	F14_('E4', 'S4')_gc: False
	F30_('S2', 'S3')_gc: False
	F12_('S4', 'S5')_t4_max: 10579
	F38_('S3', 'S4')_t5_min: 6406
	('S4', 'E4')_gcl_cycle: 128000
	F54_('S3', 'S2')_t5_max: 742
	F32_('S1', 'S2')_t4_max: 1952
	F5_('S1', 'E1')_t4_min: 53749
	F55_('E2', 'S2')_t3_max: 62184
	F54_('E5', 'S5')_t5_max: 659
	F21_('S2', 'E2')_t4_max: 99
	F43_('S3', 'S4')_t4_min: 818
	F8_('S5', 'S4')_t5_min: 1759
	F20_('E5', 'S5')_t3_max: 8830
	F23_('E4', 'S4')_t3_max: 31910
	F2_('E2', 'S2')_t5_min: 22253
	F41_('S3', 'S4')_t3_min: 14890
	F11_('S5', 'E5')_gc: False
	F22_('E2', 'S2')_rr: 0
	F27_('S4', 'S5')_gc: False
	F57_('E3', 'S3')_rr: 0
	F14_('S4', 'S3')_gc: False
	F55_queue_index: 0
	F52_('S5', 'S4')_t4_max: 1669
	F21_('S2', 'E2')_gc: False
	F8_('S3', 'S2')_tb: 1799
	F47_('S2', 'S3')_t4_max: 26505
	F25_('S4', 'S3')_rr: 4
	F0_('S1', 'E1')_t4_min: 5784
	F54_('S3', 'S2')_tb: 694
	F35_queue_index: 0
	F9_('S4', 'E4')_gc: False
	F29_('S2', 'S3')_t4_min: 118278
	('S2', 'S3')_gcl_cycle: 128000
	F45_('S4', 'S3')_gc: True
	F2_('S2', 'S3')_gc: True
	F38_('S3', 'S4')_t3_max: 6420
	F58_('S4', 'E4')_rr: 0
	F48_('S2', 'E2')_gc: True
	F22_('S3', 'S4')_gc: False
	F55_('S2', 'S3')_t5_min: 62205
	F8_('S3', 'S2')_t4_max: 1799
	F58_queue_index: 0
	F29_('S2', 'S3')_rr: 1
	F52_('S4', 'E4')_t3_max: 1681
	F36_queue_index: 0
	F31_('S1', 'E1')_t5_max: 1823
	F22_('S5', 'E5')_gc: False
	F59_('S3', 'E3')_gc: False
	F25_('S2', 'E2')_rr: 1
	F15_('S2', 'S1')_rr: 0
	F52_queue_index: 0
	F19_('S2', 'E2')_t4_min: 1800
	F27_('S3', 'S4')_t4_min: 96
	F45_('S2', 'E2')_gc: False
	F9_('S3', 'S4')_rr: 16
	F40_queue_index: 0
	F26_('E3', 'S3')_rr: 0
	F42_('S2', 'S1')_t4_min: 29754
	F40_('S5', 'E5')_gc: False
	F11_('S4', 'S5')_gc: True
	F7_('S3', 'S2')_gc: False
	F5_queue_index: 0
	F9_('S3', 'S4')_t4_min: 82
	F50_('E2', 'S2')_gc: False
	F55_('S2', 'S3')_t4_max: 62220
	F1_('S4', 'E4')_gc: True
	F46_('E3', 'S3')_rr: 0
	F31_('S1', 'E1')_rr: 0
	F0_('S5', 'S4')_t4_min: 5677
	F34_('E5', 'S5')_t5_max: 723
	F13_('S4', 'E4')_t4_min: 14023
	F30_('E2', 'S2')_rr: 0
	F22_('S5', 'E5')_t4_min: 33
	F4_('S3', 'S4')_gc: True
	F53_('E3', 'S3')_t3_max: 803
	F54_('E5', 'S5')_gc: False
	F52_('S5', 'S4')_gc: True
	F51_('S4', 'S5')_t3_max: 126484
	F36_('S1', 'S2')_t4_max: 24320
	F54_('S1', 'E1')_rr: 32
	F37_jitter: 0
	F29_('S2', 'S3')_gc: True
	F53_('S3', 'S4')_rr: 0
	F31_('S3', 'S2')_gc: True
	F10_('S3', 'S2')_t4_max: 677
	F52_('S5', 'S4')_t5_min: 1674
	F45_('S4', 'S3')_t4_min: 43713
	F15_('E2', 'S2')_tb: 2607
	F11_('E4', 'S4')_rr: 0
	F46_('S1', 'E1')_rr: 8
	F26_('S3', 'S2')_rr: 0
	F45_('S4', 'S3')_rr: 1
	F56_('S3', 'S4')_t4_min: 480
	F8_('E5', 'S5')_gc: False
	F54_('S5', 'S4')_rr: 4
	F54_('S2', 'S1')_t5_min: 720
	F53_('E3', 'S3')_rr: 0
	F51_jitter: 0
	F50_('S1', 'E1')_t4_min: 2692
	F25_queue_index: 0
	F5_('S1', 'E1')_gc: False
	F49_('S4', 'S5')_gc: False
	F10_('E3', 'S3')_rr: 0
	F32_queue_index: 0
	F12_('S5', 'E5')_t4_min: 10588
	F14_('E4', 'S4')_t5_max: 3953
	F16_('S4', 'S5')_gc: False
	F2_('E2', 'S2')_t3_max: 22232
	F49_('S2', 'S3')_rr: 0
	F10_('E3', 'S3')_gc: False
	F47_('S3', 'S4')_t3_max: 26520
	F44_queue_index: 0
	F47_('E1', 'S1')_gc: False
	F16_('S5', 'E5')_t4_min: 63013
	F55_jitter: 36
	F54_('S3', 'S2')_t4_max: 730
	F58_('S5', 'S4')_t4_min: 56767
	F57_('E3', 'S3')_t3_max: 887
	F0_('S5', 'S4')_t4_max: 5695
	F40_('S4', 'S5')_t4_max: 29776
	('S3', 'S4')_gcl_length: 190
	F44_('S1', 'E1')_tb: 1904
	F46_('S2', 'S1')_t4_min: 6864
	F54_('S5', 'S4')_t4_max: 666
	F59_('E5', 'S5')_t3_max: 711
	F21_('E1', 'S1')_t3_max: 47
	F41_('E3', 'S3')_rr: 0
	F9_('S2', 'S3')_gc: True
	F4_('S2', 'S3')_t3_min: 56169
	F58_('S5', 'S4')_t4_max: 56785
	F1_('E5', 'S5')_gc: False
	F59_('S5', 'S4')_t4_max: 755
	F9_('S3', 'S4')_t4_max: 82
	F12_('S2', 'S3')_t5_max: 10545
	F14_('S3', 'E3')_gc: False
	F23_('S4', 'S5')_gc: False
	F8_('S5', 'S4')_tb: 1751
	F49_('E2', 'S2')_gc: False
	F9_('S3', 'S4')_t5_min: 83
	F28_('S5', 'E5')_gc: False
	F4_('S3', 'S4')_t3_max: 56196
	F7_('E3', 'S3')_gc: False
	F35_('S5', 'S4')_t4_min: 703
	F49_('S3', 'S4')_t4_min: 2586
	F45_('S4', 'S3')_t5_min: 43725
	F46_('S3', 'S2')_t4_max: 6845
	F36_('E1', 'S1')_gc: False
	F25_('S3', 'S2')_t3_min: 29759
	F40_('E4', 'S4')_t3_max: 29736
	F22_jitter: 72
	F29_('S5', 'E5')_rr: 1
	F49_('S5', 'E5')_rr: 0
	F53_('S4', 'S5')_rr: 0
	F8_('S2', 'S1')_rr: 1
	F8_('S4', 'S3')_t3_min: 1761
	F33_('S5', 'E5')_rr: 0
	F55_('E2', 'S2')_rr: 0
	F51_('S3', 'S4')_t5_min: 126459
	F37_('S3', 'E3')_rr: 1
	F23_('E4', 'S4')_rr: 0
	F49_('S3', 'S4')_t4_max: 2622
	F51_('S4', 'S5')_gc: True
	F4_('E2', 'S2')_gc: False
	F39_('S4', 'S5')_gc: True
	F33_('S1', 'S2')_t4_min: 285
	F34_('S3', 'S2')_t4_max: 765
	F18_('S2', 'S1')_t4_min: 26691
	F4_('S5', 'E5')_t4_min: 56209
	F45_jitter: 18
	F5_('E2', 'S2')_t5_max: 53729
	F32_('E1', 'S1')_t5_min: 1945
	F33_('S4', 'S5')_t5_min: 335
	F43_('S4', 'E4')_t3_max: 833
	F4_('S4', 'S5')_rr: 2
	F7_('E3', 'S3')_t3_max: 12901
	F38_('E2', 'S2')_t3_max: 6362
	F3_('S2', 'S1')_rr: 0
	F48_('E3', 'S3')_gc: False
	F10_('S3', 'S2')_gc: True
	F42_('E2', 'S2')_t3_max: 29729
	F3_('S1', 'E1')_gc: True
	F40_('S5', 'E5')_t4_max: 29803
	F40_jitter: 36
	F47_('S3', 'S4')_gc: True
	F38_('S3', 'S4')_t4_min: 6397
	F36_jitter: 18
	F32_('S1', 'S2')_tb: 1952
	F8_('S2', 'S1')_t4_min: 1814
	F27_('S3', 'S4')_gc: False
	F28_('S4', 'S5')_gc: False
	F17_('S1', 'E1')_t4_min: 2487
	F31_('S3', 'S2')_t4_max: 1756
	F41_('S4', 'S5')_t5_min: 14911
	F36_('S1', 'S2')_tb: 24320
	F32_('S2', 'E2')_t4_min: 1959
	F39_queue_index: 0
	F22_('S3', 'S4')_t4_max: 53
	F13_('S3', 'S4')_rr: 0
	F35_('S4', 'S3')_rr: 0
	F57_('S4', 'S5')_gc: False
	F41_('S4', 'S5')_t5_max: 14929
	F8_('S1', 'E1')_t4_min: 1824
	F28_('S2', 'S3')_t4_min: 6167
	F17_('E2', 'S2')_t5_min: 2469
	F31_('E4', 'S4')_t4_max: 1724
	F29_queue_index: 0
	F8_('S5', 'S4')_t4_max: 1769
	F6_('E4', 'S4')_gc: False
	F53_('E3', 'S3')_tb: 816
	F42_('E2', 'S2')_rr: 0
	F22_('S4', 'S5')_t4_max: 79
	F40_('S4', 'S5')_tb: 29758
	F54_('S1', 'E1')_tb: 781
	F9_('E1', 'S1')_gc: False
	F35_('S3', 'E3')_gc: True
	F12_('S2', 'S3')_t4_min: 10520
	F30_('S4', 'S5')_t3_min: 6275
	F30_('S3', 'S4')_t4_max: 6261
	F8_jitter: 18
	F7_('E3', 'S3')_t4_min: 12914
	F34_('S4', 'S3')_t4_max: 741
	F33_('S1', 'S2')_gc: False
	F21_('S1', 'S2')_gc: True
	F51_('S5', 'E5')_t3_max: 126493
	F0_('E5', 'S5')_gc: False
	F25_('S3', 'S2')_t4_min: 29764
	F40_('S4', 'S5')_t4_min: 29758
	F58_('E5', 'S5')_t3_max: 56741
	F28_('S2', 'S3')_t4_max: 6185
	F57_('S3', 'S4')_rr: 0
	('S5', 'S4')_gcl_length: 18
	F1_('E5', 'S5')_rr: 0
	F39_('E3', 'S3')_t4_max: 647
	F5_('S2', 'S1')_gc: True
	F48_('E3', 'S3')_t4_min: 3692
	F11_('E4', 'S4')_t4_min: 8704
	F27_('E1', 'S1')_t3_min: 72
	F10_('S2', 'S1')_gc: True
	F13_('S3', 'S4')_t4_max: 14004
	F14_('S4', 'S3')_rr: 0
	F34_('E5', 'S5')_t3_max: 706
	F34_('S2', 'E2')_t4_min: 776
	F34_('E5', 'S5')_t5_min: 723
	F35_('S3', 'E3')_t4_max: 742
	F31_('E4', 'S4')_t3_max: 1711
	F8_('S3', 'S2')_t3_max: 1799
	F38_('S4', 'S5')_t4_max: 6449
	F33_('S2', 'S3')_gc: False
	F35_('S5', 'S4')_t4_max: 703
	F1_('S4', 'E4')_t4_min: 18667
	F47_('S3', 'S4')_t4_min: 26520
	F46_('S2', 'S1')_rr: 8
	F33_jitter: 90
	F12_('S5', 'E5')_rr: 0
	F8_('S2', 'S1')_gc: True
	F41_jitter: 0
	F24_('S3', 'E3')_t4_min: 1913
	F36_('S2', 'E2')_t5_min: 24338
	F11_('E4', 'S4')_t3_max: 8691
	F44_('E2', 'S2')_rr: 0
	F5_('S2', 'S1')_t4_max: 53736
	F15_('E2', 'S2')_gc: False
	F30_('E2', 'S2')_gc: False
	F0_('S2', 'S1')_gc: True
	F40_('S4', 'S5')_gc: False
	F5_jitter: 18
	F57_('S4', 'S5')_t4_max: 966
	F10_('E3', 'S3')_t3_max: 647
	F0_('S4', 'S3')_t3_max: 5714
	F42_('S2', 'S1')_rr: 2
	F34_('E5', 'S5')_gc: False
	F19_queue_index: 0
	F30_('S4', 'S5')_gc: True
	F59_('S3', 'E3')_rr: 0
	F20_('S5', 'S4')_rr: 0
	F34_('E5', 'S5')_rr: 0
	F49_('S4', 'S5')_t4_max: 2654
	F59_('S4', 'S3')_t4_min: 750
	F57_('S4', 'S5')_rr: 0
	F12_('E2', 'S2')_rr: 0
	F9_('S4', 'E4')_rr: 0
	F41_('S4', 'S5')_rr: 0
	F0_('S2', 'S1')_t4_max: 5765
	F50_('S1', 'E1')_t4_max: 2692
	F4_jitter: 18
	F35_('E5', 'S5')_t3_max: 677
	F51_('S2', 'S3')_rr: 1
	F20_queue_index: 0
	F49_('S5', 'E5')_t5_min: 2626
	F3_('S1', 'E1')_t3_min: 1851
	F56_('S2', 'S3')_t5_min: 478
	F19_('S3', 'S2')_tb: 1767
	F16_('S3', 'S4')_t4_min: 62999
	F25_('S3', 'S2')_gc: True
	F48_queue_index: 0
	F43_('S3', 'S4')_gc: True
	F14_queue_index: 0
	F26_('S2', 'E2')_gc: True
	F8_('E5', 'S5')_t3_max: 1728
	F30_('S4', 'S5')_rr: 16
	F54_('S3', 'S2')_gc: False
	F54_('S2', 'S1')_t3_max: 749
	F49_('S2', 'S3')_gc: False
	F11_('S5', 'E5')_t4_min: 8717
	F7_('S2', 'S1')_rr: 2
	F50_queue_index: 0
	F0_jitter: 0
	F46_('S3', 'S2')_rr: 16
	F23_('S4', 'S5')_rr: 0
	F49_('S4', 'S5')_rr: 0
	F43_('S4', 'E4')_rr: 0
	F50_('S1', 'E1')_rr: 16
	F54_('S4', 'S3')_rr: 0
	F55_('S2', 'S3')_t4_min: 62202
	F10_('S2', 'S1')_rr: 2
	F47_('S4', 'E4')_t4_max: 26548
	F45_queue_index: 0
	F35_('S4', 'S3')_t4_min: 711
	F29_('S4', 'S5')_gc: True
	F27_('S2', 'S3')_gc: False
	F42_('S1', 'E1')_gc: True
	F31_jitter: 36
	F34_queue_index: 0
	F57_queue_index: 0
	F33_('E1', 'S1')_t3_min: 272
	F37_('E2', 'S2')_t5_min: 1741
	F34_('S5', 'S4')_t3_min: 725
	F18_('S2', 'S1')_rr: 1
	F7_('E3', 'S3')_t3_min: 12914
	F41_('S5', 'E5')_t4_min: 14936
	F20_('S4', 'E4')_rr: 0
	F6_jitter: 36
	F40_('S5', 'E5')_t4_min: 29767
	F56_queue_index: 0
	F18_queue_index: 0
	F9_('E1', 'S1')_t5_max: 59
	F39_('S4', 'S5')_t4_max: 685
	F3_queue_index: 0
	F46_('S1', 'E1')_t4_min: 6883
	F15_('S2', 'S1')_t4_min: 2616
	F1_('S4', 'E4')_t4_max: 18667
	F50_('E2', 'S2')_t3_max: 2642
	F28_('S4', 'S5')_t4_max: 6249
	F45_('S3', 'S2')_t5_max: 43744
	F30_('E2', 'S2')_t3_max: 6197
	F38_('E2', 'S2')_rr: 0
	F17_('S2', 'S1')_gc: True
	F33_('E1', 'S1')_t4_max: 272
	F4_('E2', 'S2')_t3_max: 56152
	F28_queue_index: 0
	F25_('E4', 'S4')_gc: False
	F33_('S3', 'S4')_t5_min: 322
	F57_('E3', 'S3')_gc: False
	F58_('S5', 'S4')_gc: False
	F26_('S3', 'S2')_t4_min: 29973
	F47_('S3', 'S4')_rr: 2
	F42_('S1', 'E1')_rr: 2
	F4_('S3', 'S4')_t4_min: 56196
	F20_('S4', 'E4')_gc: False
	F0_('E5', 'S5')_t5_max: 5675
	F53_queue_index: 0
	F12_('S4', 'S5')_t4_min: 10579
	F22_('S4', 'S5')_t4_min: 25
	F38_('S4', 'S5')_t3_min: 6408
	F43_('S3', 'S4')_t4_max: 818
	F40_('S4', 'S5')_t3_min: 29758
	F23_('S4', 'S5')_t4_max: 31955
	F0_('S2', 'S1')_t3_max: 5765
	F39_('S3', 'S4')_t4_max: 666
	F36_('S1', 'S2')_rr: 1
	F28_('S2', 'S3')_gc: False
	F43_('S4', 'E4')_t4_min: 828
	F6_('S4', 'S5')_tb: 119978
	F41_('E3', 'S3')_t3_max: 14868
	F17_('E2', 'S2')_t4_min: 2460
	('E5', 'S5')_gcl_cycle: 1
	F2_('S2', 'S3')_t4_min: 22260
	F22_('E2', 'S2')_t3_max: -12
	F2_('S2', 'S3')_t5_min: 22268
	F51_('S2', 'S3')_gc: True
	F55_('E2', 'S2')_gc: False
	F35_('S5', 'S4')_t5_min: 709
	F26_('E3', 'S3')_gc: False
	F31_('S1', 'E1')_t3_max: 1801
	F10_('S2', 'S1')_t4_min: 694
	F36_('E1', 'S1')_t3_max: 24292
	F42_('S1', 'E1')_t3_max: 29766
	F2_('E2', 'S2')_rr: 0
	F34_('S5', 'S4')_t4_min: 730
	F35_('S4', 'S3')_t4_max: 729
	F1_('S5', 'S4')_t4_min: 18631
	F30_('S3', 'S4')_t4_min: 6261
	F45_('S3', 'S2')_gc: True
	F56_('S4', 'E4')_t5_min: 529
	F27_('S4', 'S5')_t4_min: 104
	F47_('S4', 'E4')_t4_min: 26530
	F42_('E2', 'S2')_t4_max: 29742
	F9_('S1', 'S2')_gc: True
	F53_('E3', 'S3')_gc: False
	F53_('S3', 'S4')_gc: False
	F54_('S2', 'S1')_gc: False
	F4_('S3', 'S4')_t4_max: 56196
	F27_('E1', 'S1')_rr: 0
	F38_('S3', 'S4')_gc: False
	F44_('E2', 'S2')_t5_max: 1888
	F54_('E5', 'S5')_t3_min: 647
	F25_('S3', 'S2')_rr: 4
	F34_('S2', 'E2')_rr: 4
	F27_('S4', 'S5')_t4_max: 176
	F13_queue_index: 0
	F48_('E3', 'S3')_t3_max: 3679
	F41_queue_index: 0
	F29_('S4', 'S5')_t4_min: 118317
	F49_jitter: 72
	F28_('S3', 'S4')_gc: False
	F28_('S4', 'S5')_rr: 0
	F39_('E3', 'S3')_t3_min: 647
	F39_('S3', 'S4')_rr: 32
	F10_('S1', 'E1')_t4_min: 711
	F41_('S5', 'E5')_gc: True
	F31_('S2', 'S1')_t4_min: 1767
	F56_('S3', 'S4')_rr: 0
	F11_jitter: 18
	F11_('E4', 'S4')_gc: False
	F9_('S2', 'S3')_t3_min: 69
	F52_('S5', 'S4')_t4_min: 1669
	F52_('S4', 'E4')_t5_min: 1681
	F35_('S4', 'S3')_t3_max: 716
	F2_('S2', 'S3')_rr: 4
	F7_('S3', 'S2')_t4_max: 12945
	F5_('E2', 'S2')_t3_max: 53705
	F31_('S3', 'S2')_rr: 8
	F33_('S3', 'S4')_t4_max: 365
	F28_('S2', 'S3')_t5_min: 6179
	F16_('S5', 'E5')_tb: 63013
	F18_('E2', 'S2')_t3_max: 26666
	F30_('S4', 'S5')_t4_max: 6280
	F58_('S5', 'S4')_t5_min: 56778
	F27_jitter: 90
	F44_('S1', 'E1')_t4_min: 1904
	F8_('E5', 'S5')_t4_min: 1741
	F51_('S5', 'E5')_gc: True
	F28_('S4', 'S5')_t4_min: 6195
	F25_('E4', 'S4')_rr: 0
	F8_('S5', 'S4')_gc: False
	F44_jitter: 0
	F24_('E2', 'S2')_t3_max: 1876
	F7_('S2', 'S1')_t4_max: 12963
	F58_('S5', 'S4')_rr: 0
	F37_('E2', 'S2')_gc: False
	F26_queue_index: 0
	F45_('S2', 'E2')_t4_min: 43746
	F56_('S2', 'S3')_t4_min: 466
	F9_('S4', 'E4')_t5_max: 104
	F4_('S4', 'S5')_gc: True
	F7_('S1', 'E1')_t5_min: 12992
	F12_('S5', 'E5')_gc: False
	F47_('S1', 'S2')_t4_max: 26490
	F4_queue_index: 0
	F43_('S3', 'S4')_rr: 32
	F58_('E5', 'S5')_gc: False
	F26_('S2', 'E2')_rr: 1
	F25_('S2', 'E2')_t4_min: 29773
	F49_('S3', 'S4')_gc: False
	F32_('S1', 'S2')_gc: True
	F26_('S3', 'S2')_gc: False
	F23_('S5', 'E5')_gc: False
	F32_('S1', 'S2')_t4_min: 1952
	F45_('S3', 'S2')_t4_max: 43732
	F54_('S4', 'S3')_t4_min: 680
	F0_('S3', 'S2')_rr: 16
	F4_('S3', 'S4')_t5_min: 56198
	F43_('E3', 'S3')_gc: False
	F29_('E2', 'S2')_rr: 0
	F54_('S2', 'S1')_rr: 0
	F34_('S2', 'E2')_gc: True
	F57_('S3', 'S4')_t4_max: 933
	F27_('S1', 'S2')_t5_max: 104
	F10_queue_index: 0
	F49_('S5', 'E5')_tb: 2614
	F38_('S2', 'S3')_t4_max: 6404
	F41_('S3', 'S4')_t4_max: 14895
	F21_('E1', 'S1')_t4_min: 60
	F36_('S2', 'E2')_rr: 0
	F8_('S4', 'S3')_t4_min: 1784
	F51_('S3', 'S4')_t4_max: 126475
	F7_('S1', 'E1')_t4_min: 12981
	F29_('S2', 'S3')_t4_max: 118278
	F33_('S3', 'S4')_t4_min: 311
	F50_('S2', 'S1')_t4_max: 2680
	F23_('E4', 'S4')_gc: False
	F59_('S5', 'S4')_t3_min: 737
	F49_('S4', 'S5')_t4_min: 2600
	F27_('S5', 'E5')_rr: 0
	F28_('S2', 'S3')_rr: 0
	F12_('S2', 'S3')_t4_max: 10538
	F39_('S4', 'S5')_t4_min: 685
	F5_('S2', 'S1')_rr: 1
	F49_('E2', 'S2')_t3_max: 2545
	F17_('S2', 'S1')_rr: 8
	F40_('S4', 'S5')_rr: 0
	('S4', 'S5')_gcl_cycle: 128000
	F26_('S3', 'S2')_t4_max: 29991
	F20_('S5', 'S4')_gc: False
	F47_('E1', 'S1')_rr: 0
	F33_('E1', 'S1')_t5_min: 283
	F14_('S4', 'S3')_t4_min: 3955
	F9_('S2', 'S3')_t4_max: 74
	F53_('S4', 'S5')_tb: 838
	F30_queue_index: 0
	('S3', 'S4')_gcl_cycle: 64000
	F41_('S5', 'E5')_t3_min: 14913
	F2_('E2', 'S2')_gc: False
	F2_('S2', 'S3')_t4_max: 22260
	('S5', 'S4')_gcl_cycle: 8000
	F39_('S4', 'S5')_rr: 64
	F56_('E2', 'S2')_rr: 0
	F32_('E1', 'S1')_t3_max: 1927
	F2_('S3', 'E3')_t4_min: 22270
	F38_('E2', 'S2')_gc: False
	F17_jitter: 18
	F0_('S4', 'S3')_rr: 0
	F54_('S2', 'S1')_t4_min: 708
	F57_('S4', 'S5')_t4_min: 930
	F4_('S2', 'S3')_rr: 0
	F9_queue_index: 0
	F45_('S4', 'S3')_t4_max: 43713
	F25_('S4', 'S3')_t3_min: 29750
	F12_('E2', 'S2')_t3_max: 10498
	F27_('S5', 'E5')_t3_max: 189
	F33_('E1', 'S1')_t3_max: 259
	F42_('S2', 'S1')_t5_min: 29759
	F0_('S5', 'S4')_rr: 0
	F17_('E2', 'S2')_t3_max: 2447
	F8_('S1', 'E1')_t3_max: 1829
	F38_('S5', 'E5')_gc: False
	F51_('E2', 'S2')_rr: 0
	F17_('E2', 'S2')_gc: False
	F47_('E1', 'S1')_t3_max: 26449
	F3_('S3', 'S2')_gc: False
	F15_('S1', 'E1')_gc: False
	F47_('S4', 'E4')_t3_max: 26535
	F0_('E5', 'S5')_t5_min: 5675
	F59_('S4', 'S3')_rr: 0
	F45_('S3', 'S2')_rr: 1
	F51_('S5', 'E5')_t4_min: 126493
	F45_('S3', 'S2')_t5_min: 43744
	F3_('S1', 'E1')_rr: 1
	F56_('S3', 'S4')_t3_min: 480
	F27_('S1', 'S2')_t3_min: 80
	F42_('S2', 'S1')_gc: True
	F39_('S3', 'S4')_t3_min: 661
	F35_('S5', 'S4')_tb: 703
	('S5', 'E5')_gcl_cycle: 128000
	F28_('E2', 'S2')_rr: 0
	F39_('E3', 'S3')_rr: 0
	F27_('S4', 'S5')_rr: 0
	F39_('S5', 'E5')_t4_min: 704
	F37_('S3', 'E3')_t4_max: 1774
	F30_('S2', 'S3')_t4_min: 6224
	F1_queue_index: 0
	F32_('E1', 'S1')_t3_min: 1940
	F51_('S3', 'S4')_gc: False
	F38_('S2', 'S3')_t4_min: 6386
	F2_('S3', 'E3')_gc: False
	F6_('E4', 'S4')_t5_max: 119976
	F2_jitter: 18
	F47_queue_index: 0
	F8_('S3', 'S2')_t4_min: 1799
	F38_('S5', 'E5')_t4_min: 6460
	F47_('S1', 'S2')_t4_min: 26472
	F18_('S1', 'E1')_t4_min: 26698
	F37_('E2', 'S2')_t3_max: 1722
	F33_('S2', 'S3')_t4_max: 334
	F16_jitter: 54
	F45_('E4', 'S4')_t3_max: 43681
	F58_('E5', 'S5')_t3_min: 56754
	F18_('S2', 'S1')_gc: True
	F59_('S5', 'S4')_t4_min: 737
	F27_('S4', 'S5')_t3_min: 104
	F43_queue_index: 0
	F38_('S2', 'S3')_rr: 0
	F53_('S4', 'S5')_t4_max: 874
	F14_('S4', 'S3')_t4_max: 3973
	F16_('E3', 'S3')_rr: 0
	F24_('S3', 'E3')_t5_min: 1923
	F4_('E2', 'S2')_rr: 0
	F31_('S4', 'S3')_t4_max: 1740
	F27_('S5', 'E5')_t4_min: 112
	F27_('S3', 'S4')_t4_max: 150
	F34_('S4', 'S3')_t3_min: 736
	F27_('S4', 'S5')_t5_max: 182
	F46_jitter: 0
	F56_('S4', 'E4')_rr: 64
	F15_('S1', 'E1')_t3_min: 2625
	F29_('S3', 'S4')_rr: 0
	F48_('S3', 'S2')_gc: True
	('S3', 'S2')_gcl_length: 166
	F36_('S1', 'S2')_gc: True
	F46_queue_index: 0
	F36_('S1', 'S2')_t4_min: 24320
	F14_('E4', 'S4')_rr: 0
	F34_('S3', 'S2')_rr: 0
	F24_queue_index: 0
	F34_('S4', 'S3')_t4_min: 741
	F17_('S2', 'S1')_t5_min: 2485
	F56_('S4', 'E4')_gc: True
	F16_('S4', 'S5')_t4_min: 63006
	F26_('S2', 'E2')_t5_max: 30014
	F51_('E2', 'S2')_t3_max: 126431
	F1_('E5', 'S5')_t3_max: 18605
	F45_('S4', 'S3')_t3_max: 43713
	F25_('S4', 'S3')_t3_max: 29755
	F52_('S5', 'S4')_t3_max: 1669
	F23_('S4', 'S5')_t3_max: 31942
	F47_('S1', 'S2')_t3_max: 26477
	F12_('S2', 'S3')_t3_max: 10525
	F1_('S5', 'S4')_t3_max: 18636
	F58_('S5', 'S4')_t3_max: 56772
	F27_('S1', 'S2')_t3_max: 85
	F18_('S2', 'S1')_t3_max: 26691
	F2_('S2', 'S3')_t3_max: 22260
	F8_('S5', 'S4')_t3_max: 1756
	F4_('S2', 'S3')_t3_max: 56174
	F10_('S3', 'S2')_t3_max: 677
	F43_('S3', 'S4')_t3_max: 818
	F32_('S1', 'S2')_t3_max: 1952
	F59_('S5', 'S4')_t3_max: 742
	F55_('S2', 'S3')_t3_max: 62207
	F46_('S3', 'S2')_t3_max: 6845
	F49_('S2', 'S3')_t3_max: 2577
	F20_('S5', 'S4')_t3_max: 8854
	F54_('S5', 'S4')_t3_max: 666
	F35_('S5', 'S4')_t3_max: 703
	F51_('S2', 'S3')_t3_max: 126453
	F22_('S2', 'S3')_t3_max: 14
	F48_('S3', 'S2')_t3_max: 3712
	F30_('S2', 'S3')_t3_max: 6229
	F24_('S2', 'S3')_t3_max: 1906
	F26_('S3', 'S2')_t3_max: 29978
	F13_('S3', 'S4')_t3_max: 13991
	F29_('S2', 'S3')_t3_max: 118278
	F21_('S1', 'S2')_t3_max: 73
	F53_('S3', 'S4')_t3_max: 832
	F50_('S2', 'S1')_t3_max: 2667
	F36_('S1', 'S2')_t3_max: 24320
	F28_('S2', 'S3')_t3_max: 6172
	F6_('S4', 'S5')_t3_max: 119983
	F16_('S3', 'S4')_t3_max: 63004
	F15_('S2', 'S1')_t3_max: 2621
	F33_('S1', 'S2')_t3_max: 290
	F7_('S3', 'S2')_t3_max: 12932
	F3_('S3', 'S2')_t3_max: 1840
	F0_('S5', 'S4')_t3_max: 5682
	F5_('S2', 'S1')_t3_max: 53736
	F42_('S2', 'S1')_t3_max: 29754
	F11_('S4', 'S5')_t3_max: 8713
	F44_('S2', 'S1')_t3_max: 1895
	F9_('S1', 'S2')_t3_max: 66
	F40_('S4', 'S5')_t3_max: 29763
	F14_('S4', 'S3')_t3_max: 3960
	F56_('S2', 'S3')_t3_max: 466
	F31_('S4', 'S3')_t3_max: 1740
	F19_('S3', 'S2')_t3_max: 1772
	F39_('S3', 'S4')_t3_max: 666
	F17_('S2', 'S1')_t3_max: 2476
	F38_('S2', 'S3')_t3_max: 6391
	F57_('S3', 'S4')_t3_max: 920
	F34_('S5', 'S4')_t3_max: 730
	F37_('S2', 'S3')_t3_max: 1748
	F41_('S3', 'S4')_t3_max: 14895
	F39_('S5', 'E5')_t4_max: 704
	F54_('S5', 'S4')_tb: 666
	F46_('S2', 'S1')_tb: 6864
	F42_('S2', 'S1')_tb: 29754
	F45_('S2', 'E2')_t4_max: 43764
	F22_('S3', 'S4')_t3_max: 40
	F14_('S4', 'S3')_tb: 3955
	F37_('S2', 'S3')_t5_min: 1749
	F52_('E5', 'S5')_t3_min: 1657
	F7_('S2', 'S1')_t5_min: 12974
	F19_('E3', 'S3')_t4_min: 1757
	F15_('E2', 'S2')_t5_max: 2614
	F5_('S2', 'S1')_t3_min: 53731
	F11_('E4', 'S4')_t4_max: 8704
	F51_('S5', 'E5')_t4_max: 126493
	F5_('S2', 'S1')_t5_max: 53747
	F40_('E4', 'S4')_t4_max: 29749
	F29_('S4', 'S5')_t3_max: 118317
	F22_('S5', 'E5')_t4_max: 105
	F1_('E5', 'S5')_t4_max: 18618
	F54_('S2', 'S1')_t5_max: 774
	F54_('S1', 'E1')_t4_max: 781
	F6_('S4', 'S5')_t3_min: 119978
	F28_('S4', 'S5')_tb: 6195
	F45_('S3', 'S2')_tb: 43732
	F37_('E2', 'S2')_tb: 1735
	F13_('S3', 'S4')_tb: 13986
	F59_('S3', 'E3')_t4_max: 817
	F7_('S1', 'E1')_t5_max: 12992
	F46_('S2', 'S1')_t5_min: 6876
	F45_('E4', 'S4')_t4_min: 43694
	F48_('S2', 'E2')_t3_max: 3732
	F22_('S3', 'S4')_tb: 17
	F54_('S5', 'S4')_t5_min: 678
	F51_('S3', 'S4')_t5_max: 126477
	F37_('S3', 'E3')_t3_max: 1774
	F1_('E5', 'S5')_t5_max: 18629
	F43_('S3', 'S4')_t5_max: 826
	F27_('S3', 'S4')_t5_min: 102
	F14_('S3', 'E3')_t3_max: 3983
	F18_('S1', 'E1')_tb: 26698
	F58_('E5', 'S5')_t4_min: 56754
	F41_('S3', 'S4')_t5_max: 14902
	F35_('S5', 'S4')_t3_min: 698
	F8_('E5', 'S5')_t4_max: 1741
	F12_('E2', 'S2')_t4_min: 10511
	F28_('S5', 'E5')_t5_min: 6221
	F11_('S5', 'E5')_t3_min: 8717
	F55_('S3', 'E3')_t3_min: 62207
	F52_('E5', 'S5')_t5_max: 1662
	F21_('S2', 'E2')_t5_max: 105
	F8_('S1', 'E1')_tb: 1824
	F37_('E2', 'S2')_t4_min: 1735
	F14_('E4', 'S4')_t5_min: 3953
	F4_('S5', 'E5')_t5_min: 56211
	F44_('E2', 'S2')_t5_min: 1888
	F58_('S5', 'S4')_tb: 56767
	F16_('S4', 'S5')_t3_min: 63006
	F59_('S4', 'S3')_t3_min: 750
	F29_('S5', 'E5')_t4_max: 118330
	F30_('S5', 'E5')_t3_min: 6294
	F32_('E1', 'S1')_t4_min: 1940
	F49_('S3', 'S4')_tb: 2586
	F30_('S5', 'E5')_t5_max: 6324
	F31_('S2', 'S1')_t3_min: 1767
	F38_('E2', 'S2')_t5_max: 6384
	F18_('S2', 'S1')_tb: 26691
	F10_('S3', 'S2')_t5_max: 687
	('S5', 'E5')_gcl_length: 148
	F22_('S3', 'S4')_t3_min: 17
	F16_('S4', 'S5')_t5_min: 63011
	F1_('S4', 'E4')_t5_min: 18678
	F41_('E3', 'S3')_t3_min: 14881
	F43_('S4', 'E4')_t4_max: 846
	F8_('S2', 'S1')_t5_min: 1822
	F0_('E5', 'S5')_t4_min: 5663
	F56_('S4', 'E4')_t4_max: 517
	F18_('S2', 'S1')_t5_min: 26696
	F54_('E5', 'S5')_t5_min: 659
	F9_('S2', 'S3')_t5_min: 75
	F18_('E2', 'S2')_tb: 26679
	F3_('S3', 'S2')_t5_min: 1841
	F10_('E3', 'S3')_t5_min: 670
	F3_('E3', 'S3')_t4_min: 1827
	F47_('S2', 'S3')_tb: 26505
	F45_('E4', 'S4')_t5_max: 43706
	F19_('E3', 'S3')_t3_min: 1757
	F16_('E3', 'S3')_t3_min: 62992
	F11_('E4', 'S4')_t5_min: 8706
	F19_('E3', 'S3')_t5_max: 1765
	F53_('E3', 'S3')_t4_max: 816
	F30_('S2', 'S3')_t5_min: 6236
	F0_('S1', 'E1')_t3_max: 5784
	F0_('S2', 'S1')_t3_min: 5760
	('S1', 'S2')_gcl_length: 82
	F44_('S1', 'E1')_t3_max: 1904
	F31_('S4', 'S3')_t3_min: 1735
	F12_('E2', 'S2')_t5_max: 10518
	F2_('S2', 'S3')_t5_max: 22268
	F49_('S5', 'E5')_t3_max: 2673
	F10_('E3', 'S3')_t3_min: 660
	F43_('E3', 'S3')_t5_min: 811
	F47_('S3', 'S4')_t5_max: 26528
	('S1', 'E1')_gcl_length: 174
	F19_('E3', 'S3')_t5_min: 1765
	F4_('S3', 'S4')_tb: 56196
	F52_('S5', 'S4')_t3_min: 1664
	F41_('E3', 'S3')_t5_max: 14888
	F30_('S5', 'E5')_t4_max: 6312
	F45_('S4', 'S3')_t5_max: 43725
	F22_('S2', 'S3')_tb: 9
	F29_('S3', 'S4')_t3_min: 118286
	F48_('E3', 'S3')_t3_min: 3692
	F33_('S5', 'E5')_t3_min: 337
	F54_('S4', 'S3')_tb: 680
	F50_('S1', 'E1')_t5_min: 2697
	F37_('S3', 'E3')_t3_min: 1751
	F47_('E1', 'S1')_tb: 26462
	F40_('S4', 'S5')_t5_min: 29765
	F35_('S5', 'S4')_t5_max: 709
	F29_('E2', 'S2')_tb: 118265
	F35_('S4', 'S3')_t5_max: 735
	F45_('E4', 'S4')_t3_min: 43694
	F11_('E4', 'S4')_t3_min: 8704
	F59_('S3', 'E3')_t5_max: 828
	F15_('E2', 'S2')_t5_min: 2614
	F48_('S2', 'E2')_t4_max: 3732
	F46_('S3', 'S2')_t5_min: 6857
	F42_('S2', 'S1')_t3_min: 29749
	F15_('S2', 'S1')_t3_min: 2616
	F28_('S3', 'S4')_t5_max: 6229
	F4_('S3', 'S4')_t5_max: 56198
	F40_('S5', 'E5')_t3_min: 29767
	F26_('E3', 'S3')_t5_min: 29971
	F8_('S1', 'E1')_t3_min: 1824
	F24_('E2', 'S2')_t5_max: 1899
	F25_('S2', 'E2')_tb: 29773
	F28_('S5', 'E5')_t4_max: 6281
	F43_('S4', 'E4')_t5_max: 854
	F39_('S4', 'S5')_t5_min: 697
	F36_('E1', 'S1')_t4_min: 24305
	F59_('S4', 'S3')_t3_max: 773
	F44_('S1', 'E1')_t3_min: 1899
	F42_('E2', 'S2')_t4_min: 29742
	F59_('S3', 'E3')_tb: 763
	('S2', 'S3')_gcl_length: 212
	F43_('S3', 'S4')_tb: 818
	F34_('S5', 'S4')_t5_min: 734
	F8_('S4', 'S3')_tb: 1784
	F53_('S5', 'E5')_t5_min: 858
	F25_('E4', 'S4')_t4_min: 29746
	F34_('S3', 'S2')_t3_min: 747
	F51_('S5', 'E5')_t5_min: 126495
	F29_('S4', 'S5')_t5_max: 118323
	F59_('S3', 'E3')_t3_min: 763
	F28_('S2', 'S3')_t5_max: 6197
	F46_('S1', 'E1')_t3_max: 6883
	F29_('E2', 'S2')_t3_min: 118265
	F26_('E3', 'S3')_tb: 29963
	F15_('S2', 'S1')_tb: 2616
	F3_('S1', 'E1')_t4_max: 1892
	F57_('E3', 'S3')_t4_min: 900
	F33_('S5', 'E5')_t5_max: 438
	F0_('S4', 'S3')_t3_min: 5691
	F50_('S2', 'S1')_t3_min: 2662
	F46_('E3', 'S3')_t5_min: 6838
	F36_('S1', 'S2')_t3_min: 24315
	F2_('S3', 'E3')_t3_min: 22270
	F14_('E4', 'S4')_t3_min: 3950
	F9_('S2', 'S3')_t3_max: 74
	F33_('S3', 'S4')_t5_max: 376
	F9_('S2', 'S3')_t5_max: 75
	F1_('S4', 'E4')_t3_min: 18644
	F11_('S5', 'E5')_t5_max: 8737
	F6_('S5', 'E5')_t3_min: 119988
	F37_('S3', 'E3')_tb: 1774
	F22_('E2', 'S2')_t3_min: 1
	F6_('S5', 'E5')_tb: 119988
	F36_('S2', 'E2')_t3_max: 24335
	F3_('S3', 'S2')_t5_max: 1859
	F49_('S5', 'E5')_t3_min: 2614
	F49_('S4', 'S5')_tb: 2600
	F31_('S4', 'S3')_tb: 1740
	F8_('S1', 'E1')_t4_max: 1842
	F48_('S3', 'S2')_tb: 3712
	F22_('S4', 'S5')_t5_max: 85
	F29_('E2', 'S2')_t5_min: 118271
	F38_('S4', 'S5')_tb: 6449
	F46_('S1', 'E1')_t4_max: 6883
	F3_('S1', 'E1')_t5_max: 1898
	F5_('E2', 'S2')_t5_min: 53729
	F4_('E2', 'S2')_tb: 56165
	F25_('E4', 'S4')_t5_max: 29748
	F22_('S4', 'S5')_t3_max: 66
	('S3', 'E3')_gcl_length: 4
	F46_('S2', 'S1')_t3_min: 6859
	F22_('S5', 'E5')_t3_min: 33
	F32_('S2', 'E2')_t3_max: 1964
	F47_('S4', 'E4')_t3_min: 26530
	F44_('E2', 'S2')_t4_max: 1886
	F45_('S2', 'E2')_t5_min: 43758
	F51_('E2', 'S2')_t5_min: 126446
	F48_('S2', 'E2')_t5_max: 3745
	F15_('S2', 'S1')_t5_min: 2623
	F51_('S4', 'S5')_tb: 126484
	F38_('S5', 'E5')_t3_max: 6465
	F16_('E3', 'S3')_t5_min: 62997
	F56_('E2', 'S2')_t5_max: 459
	F4_('S4', 'S5')_t5_max: 56207
	F3_('S1', 'E1')_t5_min: 1898
	('E2', 'S2')_gcl_length: 0
	F26_('S2', 'E2')_t3_max: 30006
	F55_('S3', 'E3')_t5_max: 62246
	F38_('S4', 'S5')_t3_max: 6449
	F33_('S1', 'S2')_t5_min: 296
	F0_('S5', 'S4')_t3_min: 5677
	F47_('S3', 'S4')_t3_min: 26515
	F29_('E2', 'S2')_t4_min: 118265
	F11_('S4', 'S5')_t5_min: 8715
	F27_('E1', 'S1')_t5_min: 78
	F51_('E2', 'S2')_t4_max: 126444
	F4_('S4', 'S5')_t5_min: 56207
	F16_('S5', 'E5')_t5_max: 63072
	F22_('S5', 'E5')_t5_min: 39
	F9_('S4', 'E4')_tb: 85
	F6_('E4', 'S4')_t3_min: 119968
	F59_('S3', 'E3')_t3_max: 804
	F44_('S1', 'E1')_t4_max: 1904
	F55_('E2', 'S2')_t4_max: 62197
	F36_('E1', 'S1')_t3_min: 24305
	F52_('S4', 'E4')_tb: 1676
	F14_('S3', 'E3')_t5_min: 3963
	('S4', 'S5')_gcl_length: 232
	F33_('S1', 'S2')_tb: 285
	F28_('S3', 'S4')_tb: 6181
	F27_('S3', 'S4')_tb: 96
	F12_('E2', 'S2')_tb: 10511
	F11_('S4', 'S5')_tb: 8713
	F3_('S3', 'S2')_tb: 1835
	F8_('S5', 'S4')_t3_min: 1751
	F59_('E5', 'S5')_t4_min: 724
	F56_('S3', 'S4')_t5_max: 510
	F36_('S2', 'E2')_t5_max: 24356
	F57_('S4', 'S5')_t5_min: 943
	F39_('S4', 'S5')_t3_min: 680
	F50_('S2', 'S1')_t5_min: 2667
	F54_('S5', 'S4')_t5_max: 678
	F54_('S1', 'E1')_t5_max: 793
	F4_('S5', 'E5')_t5_max: 56229
	F49_('S4', 'S5')_t3_min: 2600
	F22_('S4', 'S5')_t5_min: 31
	F11_('S4', 'S5')_t3_min: 8708
	F12_('S3', 'S4')_t3_max: 10552
	F13_('E3', 'S3')_t4_min: 13972
	F53_('S5', 'E5')_t4_max: 903
	F14_('S3', 'E3')_t5_max: 3999
	F38_('E2', 'S2')_tb: 6375
	F32_('S2', 'E2')_t4_max: 1977
	F56_('E2', 'S2')_tb: 447
	F38_('S5', 'E5')_tb: 6460
	F59_('E5', 'S5')_t5_min: 735
	F30_('S3', 'S4')_t5_min: 6273
	F2_('S2', 'S3')_tb: 22260
	F43_('S4', 'E4')_tb: 828
	F17_('S1', 'E1')_t5_max: 2514
	F9_('S4', 'E4')_t5_min: 86
	F20_('E5', 'S5')_t5_min: 8847
	('E4', 'S4')_gcl_length: 0
	F53_('S4', 'S5')_t3_min: 838
	F56_('E2', 'S2')_t5_min: 459
	F18_('S1', 'E1')_t3_min: 26698
	F27_('S4', 'S5')_t5_min: 110
	F40_('S5', 'E5')_t3_max: 29790
	F50_('E2', 'S2')_tb: 2655
	F17_('E2', 'S2')_t3_min: 2460
	F44_('S2', 'S1')_t5_max: 1897
	F10_('E3', 'S3')_t4_min: 660
	F54_('S1', 'E1')_t3_min: 722
	F45_('E4', 'S4')_t4_max: 43694
	F12_('S4', 'S5')_t3_max: 10579
	F15_('S1', 'E1')_tb: 2625
	F52_('S4', 'E4')_t4_max: 1694
	F22_('E2', 'S2')_t4_min: 1
	F47_('S1', 'S2')_t5_min: 26480
	F40_('S5', 'E5')_t5_min: 29774
	F13_('S4', 'E4')_t4_max: 14023
	F46_('S1', 'E1')_t5_min: 6895
	F12_('S3', 'S4')_t5_max: 10572
	F6_('E4', 'S4')_tb: 119968
	F10_('S2', 'S1')_t5_max: 704
	F58_('S5', 'S4')_t5_max: 56796
	F57_('S5', 'E5')_t3_min: 945
	F47_('S1', 'S2')_t3_min: 26472
	F21_('E1', 'S1')_tb: 60
	F29_('S5', 'E5')_t3_max: 118330
	F47_('S2', 'S3')_t5_max: 26513
	F6_('S4', 'S5')_t5_min: 119986
	F49_('S3', 'S4')_t5_min: 2598
	F23_('E4', 'S4')_t5_min: 31935
	F20_('E5', 'S5')_t5_max: 8847
	F7_('S2', 'S1')_t5_max: 12974
	F10_('E3', 'S3')_tb: 660
	F49_('S4', 'S5')_t5_max: 2666
	F19_('E3', 'S3')_tb: 1757
	F15_('E2', 'S2')_t3_min: 2607
	F21_('S1', 'S2')_t3_min: 68
	F51_('E2', 'S2')_tb: 126444
	F46_('S3', 'S2')_tb: 6845
	F57_('S5', 'E5')_t5_min: 958
	F44_('E2', 'S2')_t3_min: 1886
	F27_('S3', 'S4')_t5_max: 156
	F53_('S3', 'S4')_t5_max: 854
	F7_('S2', 'S1')_t3_max: 12963
	F3_('E3', 'S3')_tb: 1827
	F17_('E2', 'S2')_tb: 2460
	F8_('S4', 'S3')_t3_max: 1784
	('E1', 'S1')_gcl_length: 0
	F18_('S1', 'E1')_t5_max: 26721
	F16_('E3', 'S3')_t4_min: 62992
	F8_('S1', 'E1')_t5_min: 1832
	F7_('S1', 'E1')_t3_max: 12981
	F55_('S3', 'E3')_tb: 62207
	F12_('E2', 'S2')_t3_min: 10511
	F3_('E3', 'S3')_t3_min: 1827
	F26_('E3', 'S3')_t4_max: 29963
	F43_('S3', 'S4')_t5_min: 826
	F19_('S2', 'E2')_tb: 1800
	F31_('S4', 'S3')_t5_max: 1749
	F33_('S5', 'E5')_t3_max: 414
	F11_('S5', 'E5')_t4_max: 8735
	F1_('E5', 'S5')_t3_min: 18618
	F53_('S5', 'E5')_t3_max: 890
	F59_('S5', 'S4')_t5_max: 766
	F27_('E1', 'S1')_t4_max: 72
	F15_('E2', 'S2')_t4_min: 2607
	F30_('S4', 'S5')_tb: 6280
	F51_('S2', 'S3')_t5_min: 126455
	F37_('S2', 'S3')_t3_min: 1743
	F57_('S5', 'E5')_t4_max: 999
	F51_('S5', 'E5')_tb: 126493
	F20_('S4', 'E4')_t3_max: 8878
	F0_('S3', 'S2')_t5_max: 5758
	F2_('S3', 'E3')_tb: 22270
	F23_('S4', 'S5')_t5_max: 31967
	F46_('S2', 'S1')_t5_max: 6876
	F38_('E2', 'S2')_t3_min: 6375
	F15_('S1', 'E1')_t4_max: 2661
	F9_('S1', 'S2')_t3_min: 61
	F56_('E2', 'S2')_t4_min: 447
	F53_('S4', 'S5')_t3_max: 861
	F41_('S5', 'E5')_t4_max: 14936
	F4_('S5', 'E5')_tb: 56209
	F14_('S3', 'E3')_t3_min: 3960
	F5_('S1', 'E1')_t4_max: 53767
	F37_('E2', 'S2')_t3_min: 1735
	F56_('S2', 'S3')_t3_min: 461
	F54_('S1', 'E1')_t3_max: 781
	F32_('S1', 'S2')_t5_max: 1957
	F38_('S2', 'S3')_t5_min: 6395
	F58_('E5', 'S5')_t4_max: 56754
	F51_('E2', 'S2')_t5_max: 126446
	F54_('S4', 'S3')_t5_min: 692
	F48_('S3', 'S2')_t5_min: 3725
	F3_('E3', 'S3')_t5_max: 1833
	F30_('S5', 'E5')_t3_max: 6299
	F29_('S4', 'S5')_t5_min: 118323
	F47_('S3', 'S4')_tb: 26520
	F41_('S4', 'S5')_t3_min: 14904
	F47_('S3', 'S4')_t5_min: 26528
	F14_('E4', 'S4')_t4_min: 3950
	F16_('S3', 'S4')_tb: 62999
	F26_('S2', 'E2')_t4_max: 30006
	F58_('E5', 'S5')_tb: 56754
	F25_('E4', 'S4')_t3_min: 29746
	F47_('E1', 'S1')_t4_min: 26462
	F39_('S5', 'E5')_t3_min: 699
	F3_('E3', 'S3')_t5_min: 1833
	F58_('S5', 'S4')_t3_min: 56767
	F28_('S2', 'S3')_t3_min: 6167
	F33_('E1', 'S1')_t4_min: 272
	F27_('S2', 'S3')_t3_min: 88
	F10_('S3', 'S2')_tb: 677
	F15_('S1', 'E1')_t5_min: 2632
	F0_('S3', 'S2')_t5_min: 5758
	F16_('E3', 'S3')_t4_max: 62992
	F12_('S5', 'E5')_t4_max: 10606
	F25_('S2', 'E2')_t5_min: 29775
	F38_('S5', 'E5')_t5_min: 6469
	F24_('E2', 'S2')_t4_min: 1889
	F9_('S3', 'S4')_tb: 82
	F50_('E2', 'S2')_t4_min: 2655
	F49_('S3', 'S4')_t3_min: 2586
	F0_('S1', 'E1')_t4_max: 5784
	F28_('S3', 'S4')_t3_min: 6181
	F16_('S5', 'E5')_t5_min: 63018
	F29_('S5', 'E5')_t3_min: 118325
	F46_('E3', 'S3')_t5_max: 6838
	F2_('S3', 'E3')_t4_max: 22288
	F17_('S1', 'E1')_t3_max: 2492
	F42_('E2', 'S2')_t5_max: 29747
	F53_('E3', 'S3')_t5_max: 825
	F39_('S4', 'S5')_tb: 685
	F4_('E2', 'S2')_t3_min: 56165
	F44_('S1', 'E1')_t5_min: 1906
	F15_('S1', 'E1')_t5_max: 2668
	F8_('S5', 'S4')_t5_max: 1777
	F24_('E2', 'S2')_t3_min: 1889
	F49_('S2', 'S3')_t3_min: 2572
	F35_('E5', 'S5')_t5_min: 696
	F2_('S3', 'E3')_t5_max: 22296
	F11_('S5', 'E5')_tb: 8717
	F23_('S4', 'S5')_t3_min: 31937
	F36_('E1', 'S1')_t5_max: 24313
	F54_('S4', 'S3')_t3_max: 685
	F48_('E3', 'S3')_t4_max: 3692
	F32_('S1', 'S2')_t3_min: 1947
	F23_('S5', 'E5')_t3_max: 31974
	F57_('S3', 'S4')_tb: 915
	F3_('S2', 'S1')_t5_min: 1849
	F45_('S2', 'E2')_tb: 43746
	F35_('S3', 'E3')_tb: 742
	F33_('S3', 'S4')_tb: 311
	F25_('S3', 'S2')_t5_min: 29766
	F49_('S2', 'S3')_t5_max: 2602
	F7_('E3', 'S3')_t5_min: 12925
	F56_('S4', 'E4')_t3_min: 494
	F9_('S1', 'S2')_t5_max: 67
	F50_('E2', 'S2')_t5_max: 2660
	F3_('E3', 'S3')_t4_max: 1827
	F41_('E3', 'S3')_t5_min: 14888
	F25_('E4', 'S4')_t5_min: 29748
	F15_('S2', 'S1')_t5_max: 2641
	F9_('E1', 'S1')_tb: 58
	F10_('S2', 'S1')_t3_max: 694
	F49_('E2', 'S2')_t4_min: 2558
	F24_('S2', 'S3')_t5_max: 1929
	F46_('E3', 'S3')_t4_min: 6826
	('E5', 'S5')_gcl_length: 0
	F3_('S2', 'S1')_t3_min: 1843
	F13_('E3', 'S3')_t4_max: 13972
	F53_('E3', 'S3')_t4_min: 816
	F13_('S3', 'S4')_t3_min: 13986
	F53_('E3', 'S3')_t3_min: 816
	F13_('E3', 'S3')_t5_min: 13984
	F28_('S4', 'S5')_t5_min: 6207
	F47_('S4', 'E4')_tb: 26530
	('E3', 'S3')_gcl_length: 0
	F29_('E2', 'S2')_t4_max: 118265
	F33_('S5', 'E5')_t5_min: 348
	F21_('S1', 'S2')_t5_min: 79
	F0_('S4', 'S3')_t5_max: 5739
	F58_('S4', 'E4')_tb: 56780
	F18_('E2', 'S2')_t4_max: 26679
	F24_('S3', 'E3')_t4_max: 1949
	F21_('S1', 'S2')_t5_max: 79
	F47_('S2', 'S3')_t3_max: 26505
	F34_('S2', 'E2')_t5_min: 780
	F22_('E2', 'S2')_t4_max: 1
	F10_('S2', 'S1')_t5_min: 704
	F54_('S2', 'S1')_tb: 708
	F20_('S5', 'S4')_t5_min: 8853
	F53_('S5', 'E5')_t3_min: 849
	F11_('E4', 'S4')_t5_max: 8706
	F43_('E3', 'S3')_t3_min: 803
	F56_('S3', 'S4')_t3_max: 485
	F46_('S3', 'S2')_t3_min: 6840
	F51_('S4', 'S5')_t5_min: 126486
	F38_('S5', 'E5')_t5_max: 6487
	F16_('S4', 'S5')_t3_max: 63029
	F49_('S3', 'S4')_t5_max: 2634
	F46_('E3', 'S3')_t4_max: 6826
	F27_('S5', 'E5')_t5_max: 208
	F34_('S3', 'S2')_t3_max: 752
	F38_('S2', 'S3')_t3_min: 6386
	F9_('S4', 'E4')_t4_max: 103
	F23_('E4', 'S4')_t4_min: 31923
	F8_('S3', 'S2')_t5_max: 1807
	F57_('S3', 'S4')_t5_min: 928
	F54_('S3', 'S2')_t3_min: 694
	F28_('S3', 'S4')_t5_min: 6193
	F32_('E1', 'S1')_tb: 1940
	F18_('E2', 'S2')_t3_min: 26679
	F45_('S2', 'E2')_t3_max: 43751
	F36_('S1', 'S2')_t5_max: 24328
	F20_('S4', 'E4')_t5_min: 8859
	F19_('S2', 'E2')_t4_max: 1800
	F29_('S5', 'E5')_tb: 118330
	F50_('S1', 'E1')_t3_min: 2669
	F1_('E5', 'S5')_t4_min: 18618
	F32_('E1', 'S1')_t4_max: 1940
	F30_('S3', 'S4')_t3_max: 6261
	F27_('S3', 'S4')_t3_max: 137
	F45_('S4', 'S3')_tb: 43713
	F21_('E1', 'S1')_t3_min: 60
	F9_('E1', 'S1')_t5_min: 59
	F5_('S2', 'S1')_t5_min: 53747
	F33_('S2', 'S3')_tb: 298
	F51_('S3', 'S4')_t3_max: 126462
	F12_('S5', 'E5')_t5_min: 10595
	F7_('S3', 'S2')_tb: 12927
	F48_('S2', 'E2')_t3_min: 3727
	F50_('S1', 'E1')_tb: 2692
	F38_('S2', 'S3')_tb: 6386
	F42_('E2', 'S2')_t5_min: 29747
	F3_('S2', 'S1')_t3_max: 1866
	F17_('E2', 'S2')_t5_max: 2469
	F23_('S4', 'S5')_tb: 31937
	F5_('S1', 'E1')_tb: 53749
	F26_('S3', 'S2')_t5_min: 29981
	F23_('S5', 'E5')_t4_max: 31987
	F44_('S2', 'S1')_tb: 1895
	F29_('S5', 'E5')_t5_min: 118336
	F5_('E2', 'S2')_t3_min: 53718
	F30_('S3', 'S4')_tb: 6261
	F30_('E2', 'S2')_tb: 6210
	F11_('E4', 'S4')_tb: 8704
	F30_('E2', 'S2')_t4_min: 6210
	F38_('S4', 'S5')_t5_min: 6458
	F19_('E3', 'S3')_t4_max: 1757
	F18_('E2', 'S2')_t5_max: 26684
	F0_('E5', 'S5')_tb: 5663
	F23_('E4', 'S4')_t3_min: 31923
	F25_('S3', 'S2')_t5_max: 29766
	F35_('S3', 'E3')_t3_max: 742
	F49_('S5', 'E5')_t5_max: 2698
	F17_('S1', 'E1')_t4_max: 2505
	F20_('E5', 'S5')_tb: 8843
	('S4', 'S3')_gcl_length: 62
	F5_('E2', 'S2')_tb: 53718
	F30_('S3', 'S4')_t3_min: 6238
	F33_('S4', 'S5')_t3_max: 383
	F23_('S4', 'S5')_t5_min: 31949
	F0_('S4', 'S3')_t5_min: 5703
	F17_('S1', 'E1')_t5_min: 2496
	F31_('S3', 'S2')_t5_min: 1765
	F31_('E4', 'S4')_t3_min: 1724
	F55_('E2', 'S2')_t4_min: 62197
	F2_('E2', 'S2')_t5_max: 22253
	F50_('S1', 'E1')_t5_max: 2697
	F42_('S1', 'E1')_t5_max: 29771
	F38_('E2', 'S2')_t5_min: 6384
	F21_('S2', 'E2')_t3_min: 81
	F6_('E4', 'S4')_t4_max: 119968
	F30_('S5', 'E5')_t5_min: 6306
	F27_('S2', 'S3')_t5_max: 130
	F12_('S4', 'S5')_t5_max: 10586
	F59_('E5', 'S5')_t5_max: 735
	F34_('E5', 'S5')_t4_min: 719
	F51_('S2', 'S3')_tb: 126453
	F24_('S3', 'E3')_tb: 1913
	F36_('E1', 'S1')_t5_min: 24313
	F57_('E3', 'S3')_t4_max: 900
	F13_('E3', 'S3')_tb: 13972
	F56_('S2', 'S3')_t5_max: 478
	F43_('S3', 'S4')_t3_min: 813
	F12_('S5', 'E5')_t5_max: 10613
	F50_('S1', 'E1')_t3_max: 2692
	F13_('S4', 'E4')_t3_max: 14023
	F16_('S3', 'S4')_t5_max: 63022
	F46_('E3', 'S3')_tb: 6826
	F33_('S1', 'S2')_t5_max: 314
	F14_('S4', 'S3')_t3_min: 3955
	F49_('S4', 'S5')_t3_max: 2641
	F8_('S2', 'S1')_t5_max: 1822
	F55_('E2', 'S2')_tb: 62197
	F34_('S4', 'S3')_t5_max: 745
	F32_('S2', 'E2')_t3_min: 1959
	F4_('E2', 'S2')_t4_min: 56165
	F0_('S1', 'E1')_tb: 5784
	F28_('E2', 'S2')_t4_max: 6153
	F39_('S5', 'E5')_t3_max: 704
	F40_('E4', 'S4')_tb: 29749
	F33_('S5', 'E5')_tb: 337
	F57_('S5', 'E5')_t3_max: 986
	F57_('E3', 'S3')_tb: 900
	F53_('S5', 'E5')_tb: 849
	F4_('S5', 'E5')_t3_max: 56214
	F22_('S3', 'S4')_t5_max: 59
	F51_('S2', 'S3')_t3_min: 126448
	F44_('S1', 'E1')_t5_max: 1906
	F47_('E1', 'S1')_t4_max: 26462
	F26_('S3', 'S2')_t3_min: 29973
	F38_('S3', 'S4')_tb: 6397
	F31_('E4', 'S4')_t5_max: 1733
	F31_('S2', 'S1')_tb: 1767
	F26_('S2', 'E2')_t3_min: 29983
	F40_('S5', 'E5')_t5_max: 29810
	F26_('S3', 'S2')_t5_max: 29999
	F38_('S5', 'E5')_t4_max: 6478
	F31_('S1', 'E1')_t5_min: 1787
	F20_('S4', 'E4')_t3_min: 8855
	F7_('S1', 'E1')_t3_min: 12976
	F38_('S4', 'S5')_t5_max: 6458
	F29_('S3', 'S4')_t5_min: 118292
	F10_('S1', 'E1')_t5_min: 721
	F52_('S5', 'S4')_tb: 1669
	F33_('S4', 'S5')_t3_min: 324
	F21_('E1', 'S1')_t5_max: 66
	F22_('E2', 'S2')_tb: 1
	F8_('S4', 'S3')_t5_max: 1792
	F22_('S5', 'E5')_tb: 33
	F24_('E2', 'S2')_t5_min: 1899
	F48_('S2', 'E2')_tb: 3732
	F24_('E2', 'S2')_tb: 1889
	F54_('S4', 'S3')_t3_min: 680
	F48_('S3', 'S2')_t5_max: 3725
	F57_('S5', 'E5')_t5_max: 1012
	F35_('E5', 'S5')_tb: 690
	F16_('S4', 'S5')_tb: 63006
	F14_('E4', 'S4')_tb: 3950
	F49_('E2', 'S2')_t4_max: 2558
	F47_('S1', 'S2')_t5_max: 26498
	F39_('S5', 'E5')_t5_min: 716
	F46_('S1', 'E1')_t5_max: 6895
	F32_('E1', 'S1')_t5_max: 1945
	F27_('S3', 'S4')_t3_min: 96
	F10_('S1', 'E1')_tb: 711
	F45_('S3', 'S2')_t3_max: 43732
	F27_('S2', 'S3')_t5_min: 94
	F45_('S3', 'S2')_t3_min: 43727
	F12_('S2', 'S3')_tb: 10520
	F49_('S2', 'S3')_t5_min: 2584
	F41_('S4', 'S5')_tb: 14904
	F18_('S1', 'E1')_t3_max: 26703
	F56_('S4', 'E4')_t5_max: 529
	F26_('S2', 'E2')_t5_min: 30014
	F27_('E1', 'S1')_t4_min: 72
	F27_('E1', 'S1')_t5_max: 78
	F25_('S2', 'E2')_t4_max: 29773
	F57_('E3', 'S3')_t5_min: 913
	F44_('E2', 'S2')_t4_min: 1886
	F51_('S2', 'S3')_t5_max: 126455
	F20_('E5', 'S5')_t4_min: 8843
	F10_('S2', 'S1')_t3_min: 689
	F13_('S3', 'S4')_t5_min: 13998
	F47_('E1', 'S1')_t5_min: 26470
	F25_('S4', 'S3')_tb: 29755
	F0_('S2', 'S1')_tb: 5765
	F2_('E2', 'S2')_t3_min: 22245
	F5_('S1', 'E1')_t5_max: 53778
	F2_('S3', 'E3')_t5_min: 22278
	F30_('S2', 'S3')_tb: 6224
	F51_('S5', 'E5')_t3_min: 126488
	F23_('S5', 'E5')_tb: 31951
	F45_('E4', 'S4')_t5_min: 43706
	F54_('E5', 'S5')_t4_max: 647
	F9_('E1', 'S1')_t4_min: 58
	F6_('E4', 'S4')_t5_min: 119976
	F31_('E4', 'S4')_tb: 1724
	F8_('E5', 'S5')_t3_min: 1741
	F58_('S4', 'E4')_t3_min: 56780
	F54_('S5', 'S4')_t3_min: 661
	F39_('E3', 'S3')_t4_min: 647
	F53_('E3', 'S3')_t5_min: 825
	F31_('E4', 'S4')_t4_min: 1724
	F22_('S4', 'S5')_t3_min: 25
	F53_('S4', 'S5')_t5_min: 847
	F34_('S3', 'S2')_t5_max: 769
	F0_('S5', 'S4')_t5_min: 5689
	F51_('E2', 'S2')_t3_min: 126444
	F13_('S4', 'E4')_t5_max: 14035
	F41_('S5', 'E5')_tb: 14936
	F8_('S4', 'S3')_t5_min: 1792
	F30_('E2', 'S2')_t5_min: 6222
	F16_('S3', 'S4')_t5_min: 63004
	F38_('S2', 'S3')_t5_max: 6413
	F10_('S1', 'E1')_t5_max: 721
	F3_('S1', 'E1')_tb: 1892
	F57_('E3', 'S3')_t3_min: 900
	F0_('S2', 'S1')_t5_min: 5777
	F5_('S1', 'E1')_t3_max: 53754
	F3_('S1', 'E1')_t3_max: 1892
	F36_('S2', 'E2')_t4_max: 24348
	F42_('E2', 'S2')_tb: 29742
	F50_('E2', 'S2')_t3_min: 2655
	F40_('E4', 'S4')_t5_max: 29756
	F39_('S5', 'E5')_tb: 704
	F25_('E4', 'S4')_tb: 29746
	F52_('S4', 'E4')_t3_min: 1676
	F34_('S5', 'S4')_t5_max: 734
	F28_('S5', 'E5')_t3_min: 6209
	F12_('S5', 'E5')_t3_max: 10593
	F1_('S5', 'S4')_t5_min: 18642
	F9_('S3', 'S4')_t3_min: 77
	F13_('S4', 'E4')_tb: 14023
	F55_('E2', 'S2')_t5_max: 62200
	F36_('S1', 'S2')_t5_min: 24328
	F49_('S4', 'S5')_t5_min: 2612
	F41_('E3', 'S3')_tb: 14881
	F28_('E2', 'S2')_tb: 6153
	F30_('S5', 'E5')_tb: 6294
	F19_('S2', 'E2')_t5_min: 1808
	F25_('S4', 'S3')_t5_min: 29757
	F14_('S3', 'E3')_tb: 3960
	F10_('S3', 'S2')_t5_min: 687
	F25_('S3', 'S2')_tb: 29764
	F37_('E2', 'S2')_t5_max: 1741
	F31_('S2', 'S1')_t5_max: 1794
	F10_('S1', 'E1')_t4_max: 711
	F25_('S4', 'S3')_t5_max: 29757
	F20_('S5', 'S4')_tb: 8849
	F13_('E3', 'S3')_t3_min: 13972
	F28_('S3', 'S4')_t3_max: 6204
	F13_('E3', 'S3')_t5_max: 13984
	F55_('S2', 'S3')_t5_max: 62223
	F0_('S5', 'S4')_t5_max: 5707
	F42_('S1', 'E1')_t5_min: 29771
	F0_('S3', 'S2')_tb: 5746
	F57_('S4', 'S5')_t3_max: 953
	F39_('S3', 'S4')_t5_max: 678
	F35_('S4', 'S3')_t5_min: 717
	F21_('E1', 'S1')_t4_max: 60
	F33_('S5', 'E5')_t4_max: 427
	F35_('E5', 'S5')_t4_max: 690
	F20_('S4', 'E4')_t5_max: 8895
	F30_('S4', 'S5')_t5_min: 6292
	F27_('S5', 'E5')_t3_min: 112
	F24_('S3', 'E3')_t5_max: 1959
	F47_('E1', 'S1')_t5_max: 26470
	F50_('S2', 'S1')_t5_max: 2685
	F29_('S2', 'S3')_t5_max: 118284
	F53_('S3', 'S4')_t5_min: 836
	F37_('S3', 'E3')_t5_min: 1780
	F34_('S3', 'S2')_tb: 747
	F27_('S1', 'S2')_t5_min: 86
	F40_('E4', 'S4')_t3_min: 29749
	F7_('S3', 'S2')_t3_min: 12927
	F31_('S4', 'S3')_t5_min: 1749
	F42_('S1', 'E1')_t4_max: 29766
	F30_('S4', 'S5')_t5_max: 6292
	F46_('E3', 'S3')_t3_min: 6826
	F12_('S5', 'E5')_tb: 10588
	F36_('E1', 'S1')_t4_max: 24305
	F31_('S3', 'S2')_t5_max: 1765
	F26_('S3', 'S2')_tb: 29973
	F59_('S5', 'S4')_tb: 737
	F17_('S2', 'S1')_tb: 2476
	F34_('S3', 'S2')_t5_min: 751
	F30_('E2', 'S2')_t3_min: 6210
	F28_('E2', 'S2')_t5_max: 6165
	F59_('S3', 'E3')_t5_min: 774
	F7_('E3', 'S3')_t5_max: 12925
	F45_('S4', 'S3')_t3_min: 43708
	F7_('S3', 'S2')_t5_min: 12938
	F59_('S5', 'S4')_t5_min: 748
	F22_('S3', 'S4')_t5_min: 23
	F36_('S2', 'E2')_t3_min: 24330
	F40_('E4', 'S4')_t4_min: 29749
	F27_('S2', 'S3')_tb: 88
	F16_('E3', 'S3')_t5_max: 62997
	F42_('E2', 'S2')_t3_min: 29742
	F33_('S3', 'S4')_t3_min: 311
	F58_('S4', 'E4')_t4_max: 56816
	F54_('S4', 'S3')_t5_max: 710
	F52_('E5', 'S5')_tb: 1657
	F9_('S1', 'S2')_tb: 66
	F28_('S5', 'E5')_tb: 6209
	F55_('S2', 'S3')_t3_min: 62202
	F54_('S2', 'S1')_t3_min: 708
	F6_('E4', 'S4')_t4_min: 119968
	F59_('E5', 'S5')_tb: 724
	F32_('S2', 'E2')_tb: 1959
	F36_('E1', 'S1')_tb: 24305
	F10_('S2', 'S1')_tb: 694
	F47_('S2', 'S3')_t5_min: 26513
	F4_('S2', 'S3')_t5_min: 56171
	F42_('S1', 'E1')_t3_min: 29761
	F33_('E1', 'S1')_t5_max: 283
	F6_('S5', 'E5')_t5_max: 120032
	F38_('S3', 'S4')_t3_min: 6397
	F17_('S1', 'E1')_tb: 2487
	F0_('S5', 'S4')_tb: 5677
	F12_('S5', 'E5')_t3_min: 10588
	F9_('E1', 'S1')_t4_max: 58
	F34_('S2', 'E2')_t3_min: 753
	F54_('E5', 'S5')_t4_min: 647
	F50_('E2', 'S2')_t5_min: 2660
	F7_('S3', 'S2')_t5_max: 12956
	F56_('E2', 'S2')_t4_max: 447
	F6_('S5', 'E5')_t3_max: 120011
	F48_('E3', 'S3')_t5_min: 3705
	F34_('S2', 'E2')_t3_max: 776
	F10_('S1', 'E1')_t3_min: 706
	F29_('S4', 'S5')_t3_min: 118294
	F38_('S3', 'S4')_t5_max: 6442
	F39_('S4', 'S5')_t5_max: 697
	F48_('S3', 'S2')_t3_min: 3707
	('S2', 'S1')_gcl_length: 98
	F28_('S4', 'S5')_t3_max: 6236
	F26_('E3', 'S3')_t5_max: 29971
	F53_('S5', 'E5')_t5_max: 912
	F51_('S4', 'S5')_t5_max: 126486
	F23_('E4', 'S4')_t4_max: 31923
	F29_('S3', 'S4')_tb: 118286
	F43_('E3', 'S3')_t4_min: 803
	F22_('E2', 'S2')_t5_max: 7
	F43_('E3', 'S3')_tb: 803
	F45_('S2', 'E2')_t3_min: 43746
	F5_('E2', 'S2')_t4_min: 53718
	F39_('E3', 'S3')_tb: 647
	F8_('E5', 'S5')_t5_max: 1749
	F58_('E5', 'S5')_t5_min: 56765
	F47_('E1', 'S1')_t3_min: 26462
	F13_('S3', 'S4')_t5_max: 14016
	F16_('S5', 'E5')_t3_max: 63054
	F34_('S4', 'S3')_t5_min: 745
	F28_('S4', 'S5')_t3_min: 6195
	F31_('S1', 'E1')_tb: 1778
	F10_('S3', 'S2')_t3_min: 672
	F32_('S1', 'S2')_t5_min: 1957
	F12_('S4', 'S5')_tb: 10579
	F51_('S4', 'S5')_t3_min: 126461
	F12_('E2', 'S2')_t4_max: 10511
	F38_('E2', 'S2')_t4_min: 6375
	F5_('E2', 'S2')_t4_max: 53718
	F20_('S4', 'E4')_t4_max: 8891
	F36_('S2', 'E2')_tb: 24330
	F31_('S3', 'S2')_tb: 1756
	F56_('S4', 'E4')_t3_max: 517
	F59_('E5', 'S5')_t4_max: 724
	F4_('S2', 'S3')_t5_max: 56189
	F58_('S4', 'E4')_t5_max: 56827
	F27_('S4', 'S5')_t3_max: 163
	F37_('S3', 'E3')_t5_max: 1780
	F25_('S2', 'E2')_t5_max: 29775
	F25_('S2', 'E2')_t3_min: 29768
	F21_('S1', 'S2')_tb: 73
	F17_('E2', 'S2')_t4_max: 2460
	F12_('S3', 'S4')_t5_min: 10536
	F6_('S4', 'S5')_t5_max: 120004
	F48_('S2', 'E2')_t5_min: 3745
	F33_('S2', 'S3')_t3_max: 321
	F39_('E3', 'S3')_t5_max: 659
	F4_('S5', 'E5')_t3_min: 56209
	F9_('S4', 'E4')_t3_max: 90
	F24_('E2', 'S2')_t4_max: 1889
	F55_('S2', 'S3')_tb: 62202
	F35_('S4', 'S3')_tb: 711
	F39_('S5', 'E5')_t5_max: 716
	F56_('S3', 'S4')_tb: 480
	F31_('S3', 'S2')_t3_min: 1751
	F5_('S1', 'E1')_t5_min: 53760
	F33_('S2', 'S3')_t5_max: 345
	F13_('S4', 'E4')_t5_min: 14035
	F55_('E2', 'S2')_t3_min: 62197
	F2_('S3', 'E3')_t3_max: 22275
	F3_('S3', 'S2')_t3_min: 1835
	F16_('S5', 'E5')_t4_max: 63067
	F52_('E5', 'S5')_t5_min: 1662
	F39_('S4', 'S5')_t3_max: 685
	F8_('S2', 'S1')_tb: 1814
	F23_('S5', 'E5')_t5_min: 31963
	F28_('S2', 'S3')_tb: 6167
	F3_('S2', 'S1')_tb: 1843
	F20_('E5', 'S5')_t3_min: 8843
	F31_('S2', 'S1')_t3_max: 1772
	F52_('E5', 'S5')_t4_max: 1657
	F44_('S2', 'S1')_t5_min: 1897
	F43_('S4', 'E4')_t3_min: 828
	F41_('S3', 'S4')_tb: 14895
	F34_('S2', 'E2')_tb: 776
	F46_('S2', 'S1')_t3_max: 6864
	F21_('E1', 'S1')_t5_min: 66
	F47_('S2', 'S3')_t3_min: 26482
	F1_('S5', 'S4')_t5_max: 18660
	F1_('E5', 'S5')_t5_min: 18629
	F46_('S3', 'S2')_t5_max: 6857
	F12_('E2', 'S2')_t5_min: 10518
	F18_('S1', 'E1')_t5_min: 26703
	F24_('S3', 'E3')_t3_max: 1936
	F10_('E3', 'S3')_t4_max: 660
	F4_('S5', 'E5')_t4_max: 56227
	F19_('S3', 'S2')_t5_max: 1793
	('S2', 'E2')_gcl_length: 60
	F34_('S4', 'S3')_t3_max: 741
	F8_('S1', 'E1')_t5_max: 1850
	F34_('S4', 'S3')_tb: 741
	F31_('S3', 'S2')_t3_max: 1756
	F28_('S4', 'S5')_t5_max: 6261
	F7_('S1', 'E1')_tb: 12981
	F43_('E3', 'S3')_t5_max: 811
	F17_('S1', 'E1')_t3_min: 2487
	F42_('S2', 'S1')_t5_max: 29759
	F24_('S2', 'S3')_t5_min: 1911
	F6_('S5', 'E5')_t5_min: 119996
	F33_('S4', 'S5')_tb: 324
	F31_('S2', 'S1')_t5_min: 1776
	F20_('S5', 'S4')_t3_min: 8849
	F49_('S5', 'E5')_t4_max: 2686
	F0_('S3', 'S2')_t3_min: 5705
	F35_('E5', 'S5')_t3_min: 690
	F0_('E5', 'S5')_t3_min: 5663
	F29_('E2', 'S2')_t5_max: 118271
	F18_('S2', 'S1')_t5_max: 26696
	F4_('S4', 'S5')_t3_max: 56205
	F5_('S2', 'S1')_tb: 53736
	F27_('E1', 'S1')_tb: 72
	F37_('S2', 'S3')_tb: 1743
	F59_('S4', 'S3')_t5_min: 761
	F22_('S4', 'S5')_tb: 25
	F23_('S5', 'E5')_t3_min: 31951
	F56_('E2', 'S2')_t3_min: 447
	F22_('S2', 'S3')_t3_min: 9
	F32_('S2', 'E2')_t5_max: 1982
	F13_('S4', 'E4')_t3_min: 14000
	F44_('S2', 'S1')_t3_min: 1890
	F19_('S2', 'E2')_t5_max: 1808
	F8_('S3', 'S2')_t5_min: 1807
	F56_('S4', 'E4')_tb: 517
	F26_('S2', 'E2')_tb: 30006
	F57_('S4', 'S5')_t5_max: 979
	F10_('S1', 'E1')_t3_max: 711
	F1_('S4', 'E4')_t5_max: 18678
	F0_('S1', 'E1')_t3_min: 5779
	F57_('S4', 'S5')_t3_min: 930
	F7_('S2', 'S1')_t3_min: 12940
	F52_('E5', 'S5')_t4_min: 1657
	F35_('E5', 'S5')_t5_max: 696
	F28_('E2', 'S2')_t4_min: 6153
	F20_('S5', 'S4')_t5_max: 8871
	F3_('S2', 'S1')_t5_max: 1885
	F8_('S2', 'S1')_t3_min: 1809
	F4_('E2', 'S2')_t5_min: 56167
	F34_('S5', 'S4')_tb: 730
	F0_('S4', 'S3')_tb: 5691
	F58_('S4', 'E4')_t5_min: 56791
	F18_('S1', 'E1')_t4_max: 26716
	F4_('E2', 'S2')_t5_max: 56167
	F45_('E4', 'S4')_tb: 43694
	F43_('E3', 'S3')_t4_max: 803
	F43_('S4', 'E4')_t5_min: 836
	F9_('S2', 'S3')_tb: 74
	F48_('E3', 'S3')_tb: 3692
	F49_('E2', 'S2')_t5_min: 2570
	F1_('S4', 'E4')_tb: 18667
	F46_('S1', 'E1')_tb: 6883
	F34_('E5', 'S5')_t4_max: 719
	F31_('E4', 'S4')_t5_min: 1733
	F4_('S3', 'S4')_t3_min: 56173
	F10_('E3', 'S3')_t5_max: 670
	F5_('S1', 'E1')_t3_min: 53749
	F0_('S1', 'E1')_t5_max: 5796
	F12_('S3', 'S4')_tb: 10529
	F28_('E2', 'S2')_t5_min: 6165
	F7_('S2', 'S1')_tb: 12963
	F55_('S3', 'E3')_t4_max: 62243
	F1_('S5', 'S4')_t3_min: 18631
	F21_('S2', 'E2')_tb: 81
	F37_('S2', 'S3')_t5_max: 1767
	F8_('E5', 'S5')_t5_min: 1749
	F49_('S3', 'S4')_t3_max: 2609
	F55_('E2', 'S2')_t5_min: 62200
	F53_('S3', 'S4')_t3_min: 827
	F35_('S3', 'E3')_t5_max: 748
	F19_('S3', 'S2')_t5_min: 1775
	F11_('S5', 'E5')_t3_max: 8722
	F7_('S1', 'E1')_t4_max: 12981
	F11_('S5', 'E5')_t5_min: 8719
	F29_('S2', 'S3')_tb: 118278
	F2_('E2', 'S2')_t4_min: 22245
	F1_('S5', 'S4')_tb: 18631
	F44_('E2', 'S2')_tb: 1886
	F7_('E3', 'S3')_tb: 12914
	F54_('S1', 'E1')_t5_min: 793
	F40_('E4', 'S4')_t5_min: 29756
	F12_('S4', 'S5')_t5_min: 10586
	F19_('S3', 'S2')_t3_min: 1767
	F17_('S2', 'S1')_t3_min: 2471
	F20_('S4', 'E4')_tb: 8855
	F47_('S4', 'E4')_t5_min: 26538
	F2_('S2', 'S3')_t3_min: 22255
	F30_('E2', 'S2')_t5_max: 6222
	F18_('E2', 'S2')_t4_min: 26679
	F53_('S3', 'S4')_tb: 827
	F32_('S2', 'E2')_t5_min: 1964
	F27_('S5', 'E5')_t4_max: 202
	F41_('E3', 'S3')_t4_max: 14881
	F16_('S5', 'E5')_t3_min: 63013
	F4_('S4', 'S5')_t3_min: 56200
	F29_('S3', 'S4')_t3_max: 118291
	F14_('S3', 'E3')_t4_max: 3996
	F34_('E5', 'S5')_t3_min: 719
	F4_('E2', 'S2')_t4_max: 56165
	F27_('S5', 'E5')_tb: 112
	F1_('E5', 'S5')_tb: 18618
	F41_('S4', 'S5')_t3_max: 14909
	F39_('E3', 'S3')_t5_min: 659
	F37_('E2', 'S2')_t4_max: 1735
	F6_('S5', 'E5')_t4_max: 120024
	F7_('E3', 'S3')_t4_max: 12914
	F33_('S3', 'S4')_t3_max: 352
	F27_('S2', 'S3')_t3_max: 111
	F22_('S5', 'E5')_t5_max: 111
	F12_('S2', 'S3')_t3_min: 10520
	F15_('S1', 'E1')_t3_max: 2648
	F53_('S4', 'S5')_t5_max: 883
	F49_('E2', 'S2')_t3_min: 2558
	F12_('S2', 'S3')_t5_min: 10527
	F59_('S4', 'S3')_t5_max: 797
	F57_('E3', 'S3')_t5_max: 913
	F0_('S2', 'S1')_t5_max: 5777
	F29_('S4', 'S5')_tb: 118317
	F40_('S5', 'E5')_tb: 29767
	F57_('S4', 'S5')_tb: 930
	F46_('S1', 'E1')_t3_min: 6878
	F9_('S3', 'S4')_t5_max: 83
	F29_('S5', 'E5')_t5_max: 118336
	F9_('S4', 'E4')_t3_min: 85
	F47_('S4', 'E4')_t5_max: 26556
	F38_('E2', 'S2')_t4_max: 6375
	F23_('E4', 'S4')_t5_max: 31935
	F35_('S4', 'S3')_t3_min: 711
	F29_('S2', 'S3')_t3_min: 118273
	('S4', 'E4')_gcl_length: 146
	F29_('S3', 'S4')_t5_max: 118310
	F26_('E3', 'S3')_t3_min: 29963
	F50_('S2', 'S1')_tb: 2662
	F33_('S2', 'S3')_t3_min: 298
