0. Flow F0 [E1-->E3] with period 128000, payload 778B, e2e delay 128000us, jitter 12800us
	('E1', 'S1'), Operation(110764, None, 110771)(110764, 110764)
	('S1', 'S2'), Operation(110773, None, 110798)(110773, 110791)
	('S2', 'S3'), Operation(110782, None, 110825)(110782, 110818)
	('S3', 'E3'), Operation(110791, None, 110852)(110791, 110845)
1. Flow F1 [E5-->E2] with period 16000, payload 251B, e2e delay 16000us, jitter 1600us
	('E5', 'S5'), Operation(15365, None, 15368)(15365, 15365)
	('S5', 'S4'), Operation(15370, None, 15391)(15370, 15388)
	('S4', 'S3'), Operation(15375, 15410, 15413)(15410, 15410)
	('S3', 'S2'), Operation(15415, 15432, 15435)(15432, 15432)
	('S2', 'E2'), Operation(15437, 15454, 15457)(15454, 15454)
2. Flow F2 [E1-->E5] with period 16000, payload 265B, e2e delay 16000us, jitter 1600us
	('E1', 'S1'), Operation(4589, None, 4592)(4589, 4589)
	('S1', 'S2'), Operation(4594, None, 4615)(4594, 4612)
	('S2', 'S3'), Operation(4599, None, 4638)(4599, 4635)
	('S3', 'S4'), Operation(4604, None, 4661)(4604, 4658)
	('S4', 'S5'), Operation(4609, 4680, 4683)(4680, 4680)
	('S5', 'E5'), Operation(4685, None, 4706)(4685, 4703)
3. Flow F3 [E5-->E1] with period 2000, payload 987B, e2e delay 2000us, jitter 200us
	('E5', 'S5'), Operation(1411, None, 1419)(1411, 1411)
	('S5', 'S4'), Operation(1421, 1426, 1434)(1426, 1426)
	('S4', 'S3'), Operation(1436, 1441, 1449)(1441, 1441)
	('S3', 'S2'), Operation(1451, 1468, 1476)(1468, 1468)
	('S2', 'S1'), Operation(1478, 1495, 1503)(1495, 1495)
	('S1', 'E1'), Operation(1505, None, 1531)(1505, 1523)
4. Flow F4 [E5-->E3] with period 4000, payload 194B, e2e delay 4000us, jitter 400us
	('E5', 'S5'), Operation(3154, None, 3156)(3154, 3154)
	('S5', 'S4'), Operation(3158, 3163, 3165)(3163, 3163)
	('S4', 'S3'), Operation(3167, None, 3187)(3167, 3185)
	('S3', 'E3'), Operation(3171, None, 3209)(3171, 3207)
5. Flow F5 [E4-->E3] with period 16000, payload 477B, e2e delay 16000us, jitter 1600us
	('E4', 'S4'), Operation(15338, None, 15342)(15338, 15338)
	('S4', 'S3'), Operation(15344, None, 15366)(15344, 15362)
	('S3', 'E3'), Operation(15350, None, 15390)(15350, 15386)
6. Flow F6 [E4-->E1] with period 16000, payload 1450B, e2e delay 16000us, jitter 1600us
	('E4', 'S4'), Operation(7030, None, 7042)(7030, 7030)
	('S4', 'S3'), Operation(7044, None, 7074)(7044, 7062)
	('S3', 'S2'), Operation(7058, None, 7106)(7058, 7094)
	('S2', 'S1'), Operation(7072, 7113, 7125)(7113, 7113)
	('S1', 'E1'), Operation(7127, 7132, 7144)(7132, 7132)
7. Flow F7 [E1-->E4] with period 128000, payload 759B, e2e delay 128000us, jitter 12800us
	('E1', 'S1'), Operation(127898, None, 127905)(127898, 127898)
	('S1', 'S2'), Operation(127907, 127924, 127931)(127924, 127924)
	('S2', 'S3'), Operation(127933, None, 127958)(127933, 127951)
	('S3', 'S4'), Operation(127942, 127965, 127972)(127965, 127965)
	('S4', 'E4'), Operation(127974, None, 127999)(127974, 127992)
8. Flow F8 [E5-->E2] with period 8000, payload 1378B, e2e delay 8000us, jitter 800us
	('E5', 'S5'), Operation(7293, None, 7305)(7293, 7293)
	('S5', 'S4'), Operation(7307, 7312, 7324)(7312, 7312)
	('S4', 'S3'), Operation(7326, 7331, 7343)(7331, 7331)
	('S3', 'S2'), Operation(7345, None, 7375)(7345, 7363)
	('S2', 'E2'), Operation(7359, None, 7407)(7359, 7395)
9. Flow F9 [E5-->E4] with period 128000, payload 1195B, e2e delay 128000us, jitter 12800us
	('E5', 'S5'), Operation(127380, None, 127390)(127380, 127380)
	('S5', 'S4'), Operation(127392, None, 127420)(127392, 127410)
	('S4', 'E4'), Operation(127404, None, 127450)(127404, 127440)
10. Flow F10 [E1-->E3] with period 2000, payload 853B, e2e delay 2000us, jitter 200us
	('E1', 'S1'), Operation(537, None, 544)(537, 537)
	('S1', 'S2'), Operation(546, None, 571)(546, 564)
	('S2', 'S3'), Operation(555, None, 598)(555, 591)
	('S3', 'E3'), Operation(564, None, 625)(564, 618)
11. Flow F11 [E2-->E4] with period 8000, payload 759B, e2e delay 8000us, jitter 800us
	('E2', 'S2'), Operation(7880, None, 7887)(7880, 7880)
	('S2', 'S3'), Operation(7889, None, 7914)(7889, 7907)
	('S3', 'S4'), Operation(7898, None, 7941)(7898, 7934)
	('S4', 'E4'), Operation(7907, None, 7968)(7907, 7961)
12. Flow F12 [E4-->E1] with period 16000, payload 485B, e2e delay 16000us, jitter 1600us
	('E4', 'S4'), Operation(520, None, 524)(520, 520)
	('S4', 'S3'), Operation(526, 531, 535)(531, 531)
	('S3', 'S2'), Operation(537, 542, 546)(542, 542)
	('S2', 'S1'), Operation(548, 553, 557)(553, 553)
	('S1', 'E1'), Operation(559, None, 581)(559, 577)
13. Flow F13 [E1-->E4] with period 8000, payload 326B, e2e delay 8000us, jitter 800us
	('E1', 'S1'), Operation(7726, None, 7729)(7726, 7726)
	('S1', 'S2'), Operation(7731, None, 7752)(7731, 7749)
	('S2', 'S3'), Operation(7736, None, 7775)(7736, 7772)
	('S3', 'S4'), Operation(7741, None, 7798)(7741, 7795)
	('S4', 'E4'), Operation(7746, None, 7821)(7746, 7818)
14. Flow F14 [E5-->E3] with period 128000, payload 457B, e2e delay 128000us, jitter 12800us
	('E5', 'S5'), Operation(2487, None, 2491)(2487, 2487)
	('S5', 'S4'), Operation(2493, None, 2515)(2493, 2511)
	('S4', 'S3'), Operation(2499, None, 2539)(2499, 2535)
	('S3', 'E3'), Operation(2505, None, 2563)(2505, 2559)
15. Flow F15 [E3-->E5] with period 16000, payload 626B, e2e delay 16000us, jitter 1600us
	('E3', 'S3'), Operation(629, None, 635)(629, 629)
	('S3', 'S4'), Operation(637, None, 661)(637, 655)
	('S4', 'S5'), Operation(645, 680, 686)(680, 680)
	('S5', 'E5'), Operation(688, None, 712)(688, 706)
16. Flow F16 [E4-->E2] with period 128000, payload 248B, e2e delay 128000us, jitter 12800us
	('E4', 'S4'), Operation(31298, None, 31300)(31298, 31298)
	('S4', 'S3'), Operation(31302, None, 31322)(31302, 31320)
	('S3', 'S2'), Operation(31306, 31342, 31344)(31342, 31342)
	('S2', 'E2'), Operation(31346, 31351, 31353)(31351, 31351)
17. Flow F17 [E3-->E1] with period 2000, payload 631B, e2e delay 2000us, jitter 200us
	('E3', 'S3'), Operation(988, None, 994)(988, 988)
	('S3', 'S2'), Operation(996, None, 1020)(996, 1014)
	('S2', 'S1'), Operation(1004, None, 1046)(1004, 1040)
	('S1', 'E1'), Operation(1012, None, 1072)(1012, 1066)
18. Flow F18 [E4-->E1] with period 2000, payload 121B, e2e delay 2000us, jitter 200us
	('E4', 'S4'), Operation(807, None, 808)(807, 807)
	('S4', 'S3'), Operation(810, None, 829)(810, 828)
	('S3', 'S2'), Operation(813, None, 850)(813, 849)
	('S2', 'S1'), Operation(816, None, 871)(816, 870)
	('S1', 'E1'), Operation(819, None, 892)(819, 891)
19. Flow F19 [E3-->E1] with period 4000, payload 1091B, e2e delay 4000us, jitter 400us
	('E3', 'S3'), Operation(915, None, 924)(915, 915)
	('S3', 'S2'), Operation(926, None, 953)(926, 944)
	('S2', 'S1'), Operation(937, None, 982)(937, 973)
	('S1', 'E1'), Operation(948, None, 1011)(948, 1002)
20. Flow F20 [E3-->E1] with period 16000, payload 182B, e2e delay 16000us, jitter 1600us
	('E3', 'S3'), Operation(7046, None, 7048)(7046, 7046)
	('S3', 'S2'), Operation(7050, 7055, 7057)(7055, 7055)
	('S2', 'S1'), Operation(7059, 7069, 7071)(7069, 7069)
	('S1', 'E1'), Operation(7073, 7078, 7080)(7078, 7078)
21. Flow F21 [E4-->E2] with period 64000, payload 1326B, e2e delay 64000us, jitter 6400us
	('E4', 'S4'), Operation(9437, None, 9448)(9437, 9437)
	('S4', 'S3'), Operation(9450, 9469, 9480)(9469, 9469)
	('S3', 'S2'), Operation(9482, None, 9511)(9482, 9500)
	('S2', 'E2'), Operation(9495, None, 9542)(9495, 9531)
22. Flow F22 [E4-->E2] with period 64000, payload 519B, e2e delay 64000us, jitter 6400us
	('E4', 'S4'), Operation(52954, None, 52959)(52954, 52954)
	('S4', 'S3'), Operation(52961, 52978, 52983)(52978, 52978)
	('S3', 'S2'), Operation(52985, 52990, 52995)(52990, 52990)
	('S2', 'E2'), Operation(52997, None, 53020)(52997, 53015)
23. Flow F23 [E1-->E4] with period 4000, payload 1120B, e2e delay 4000us, jitter 400us
	('E1', 'S1'), Operation(3778, None, 3787)(3778, 3778)
	('S1', 'S2'), Operation(3789, None, 3816)(3789, 3807)
	('S2', 'S3'), Operation(3800, None, 3845)(3800, 3836)
	('S3', 'S4'), Operation(3811, None, 3874)(3811, 3865)
	('S4', 'E4'), Operation(3822, None, 3903)(3822, 3894)
24. Flow F24 [E4-->E1] with period 128000, payload 942B, e2e delay 128000us, jitter 12800us
	('E4', 'S4'), Operation(36853, None, 36861)(36853, 36853)
	('S4', 'S3'), Operation(36863, None, 36889)(36863, 36881)
	('S3', 'S2'), Operation(36873, 36896, 36904)(36896, 36896)
	('S2', 'S1'), Operation(36906, 36911, 36919)(36911, 36911)
	('S1', 'E1'), Operation(36921, None, 36947)(36921, 36939)
25. Flow F25 [E1-->E3] with period 64000, payload 712B, e2e delay 64000us, jitter 6400us
	('E1', 'S1'), Operation(63830, None, 63836)(63830, 63830)
	('S1', 'S2'), Operation(63838, None, 63862)(63838, 63856)
	('S2', 'S3'), Operation(63846, None, 63888)(63846, 63882)
	('S3', 'E3'), Operation(63854, None, 63914)(63854, 63908)
26. Flow F26 [E2-->E5] with period 32000, payload 1473B, e2e delay 32000us, jitter 3200us
	('E2', 'S2'), Operation(7664, None, 7676)(7664, 7664)
	('S2', 'S3'), Operation(7678, None, 7708)(7678, 7696)
	('S3', 'S4'), Operation(7692, None, 7740)(7692, 7728)
	('S4', 'S5'), Operation(7706, None, 7772)(7706, 7760)
	('S5', 'E5'), Operation(7720, None, 7804)(7720, 7792)
27. Flow F27 [E1-->E5] with period 2000, payload 308B, e2e delay 2000us, jitter 200us
	('E1', 'S1'), Operation(1614, None, 1617)(1614, 1614)
	('S1', 'S2'), Operation(1619, None, 1640)(1619, 1637)
	('S2', 'S3'), Operation(1624, None, 1663)(1624, 1660)
	('S3', 'S4'), Operation(1629, None, 1686)(1629, 1683)
	('S4', 'S5'), Operation(1634, 1693, 1696)(1693, 1693)
	('S5', 'E5'), Operation(1698, None, 1719)(1698, 1716)
28. Flow F28 [E3-->E1] with period 32000, payload 268B, e2e delay 32000us, jitter 3200us
	('E3', 'S3'), Operation(625, None, 628)(625, 625)
	('S3', 'S2'), Operation(630, None, 651)(630, 648)
	('S2', 'S1'), Operation(635, 658, 661)(658, 658)
	('S1', 'E1'), Operation(663, None, 684)(663, 681)
29. Flow F29 [E1-->E2] with period 32000, payload 282B, e2e delay 32000us, jitter 3200us
	('E1', 'S1'), Operation(7493, None, 7496)(7493, 7493)
	('S1', 'S2'), Operation(7498, None, 7519)(7498, 7516)
	('S2', 'E2'), Operation(7503, None, 7542)(7503, 7539)
30. Flow F30 [E4-->E5] with period 128000, payload 328B, e2e delay 128000us, jitter 12800us
	('E4', 'S4'), Operation(80563, None, 80566)(80563, 80563)
	('S4', 'S5'), Operation(80568, None, 80589)(80568, 80586)
	('S5', 'E5'), Operation(80573, None, 80612)(80573, 80609)
31. Flow F31 [E4-->E5] with period 8000, payload 757B, e2e delay 8000us, jitter 800us
	('E4', 'S4'), Operation(7770, None, 7777)(7770, 7770)
	('S4', 'S5'), Operation(7779, 7796, 7803)(7796, 7796)
	('S5', 'E5'), Operation(7805, None, 7830)(7805, 7823)
32. Flow F32 [E3-->E1] with period 32000, payload 1473B, e2e delay 32000us, jitter 3200us
	('E3', 'S3'), Operation(25019, None, 25031)(25019, 25019)
	('S3', 'S2'), Operation(25033, None, 25063)(25033, 25051)
	('S2', 'S1'), Operation(25047, 25070, 25082)(25070, 25070)
	('S1', 'E1'), Operation(25084, None, 25114)(25084, 25102)
33. Flow F33 [E1-->E3] with period 32000, payload 1380B, e2e delay 32000us, jitter 3200us
	('E1', 'S1'), Operation(430, None, 442)(430, 430)
	('S1', 'S2'), Operation(444, None, 474)(444, 462)
	('S2', 'S3'), Operation(458, None, 506)(458, 494)
	('S3', 'E3'), Operation(472, None, 538)(472, 526)
34. Flow F34 [E4-->E1] with period 8000, payload 393B, e2e delay 8000us, jitter 800us
	('E4', 'S4'), Operation(558, None, 562)(558, 558)
	('S4', 'S3'), Operation(564, None, 586)(564, 582)
	('S3', 'S2'), Operation(570, None, 610)(570, 606)
	('S2', 'S1'), Operation(576, None, 634)(576, 630)
	('S1', 'E1'), Operation(582, None, 658)(582, 654)
35. Flow F35 [E1-->E5] with period 32000, payload 1369B, e2e delay 32000us, jitter 3200us
	('E1', 'S1'), Operation(481, None, 492)(481, 481)
	('S1', 'S2'), Operation(494, None, 523)(494, 512)
	('S2', 'S3'), Operation(507, None, 554)(507, 543)
	('S3', 'S4'), Operation(520, None, 585)(520, 574)
	('S4', 'S5'), Operation(533, 604, 615)(604, 604)
	('S5', 'E5'), Operation(617, None, 646)(617, 635)
36. Flow F36 [E1-->E2] with period 2000, payload 1386B, e2e delay 2000us, jitter 200us
	('E1', 'S1'), Operation(1515, None, 1527)(1515, 1515)
	('S1', 'S2'), Operation(1529, None, 1559)(1529, 1547)
	('S2', 'E2'), Operation(1543, None, 1591)(1543, 1579)
37. Flow F37 [E3-->E4] with period 8000, payload 171B, e2e delay 8000us, jitter 800us
	('E3', 'S3'), Operation(891, None, 893)(891, 891)
	('S3', 'S4'), Operation(895, None, 915)(895, 913)
	('S4', 'E4'), Operation(899, None, 937)(899, 935)
38. Flow F38 [E1-->E4] with period 2000, payload 1515B, e2e delay 2000us, jitter 200us
	('E1', 'S1'), Operation(617, None, 630)(617, 617)
	('S1', 'S2'), Operation(632, None, 663)(632, 650)
	('S2', 'S3'), Operation(647, None, 696)(647, 683)
	('S3', 'S4'), Operation(662, None, 729)(662, 716)
	('S4', 'E4'), Operation(677, None, 762)(677, 749)
39. Flow F39 [E2-->E3] with period 128000, payload 1276B, e2e delay 128000us, jitter 12800us
	('E2', 'S2'), Operation(127097, None, 127108)(127097, 127097)
	('S2', 'S3'), Operation(127110, None, 127139)(127110, 127128)
	('S3', 'E3'), Operation(127123, None, 127170)(127123, 127159)
40. Flow F40 [E3-->E4] with period 8000, payload 276B, e2e delay 8000us, jitter 800us
	('E3', 'S3'), Operation(2984, None, 2987)(2984, 2984)
	('S3', 'S4'), Operation(2989, None, 3010)(2989, 3007)
	('S4', 'E4'), Operation(2994, None, 3033)(2994, 3030)
41. Flow F41 [E2-->E3] with period 16000, payload 1298B, e2e delay 16000us, jitter 1600us
	('E2', 'S2'), Operation(398, None, 409)(398, 398)
	('S2', 'S3'), Operation(411, None, 440)(411, 429)
	('S3', 'E3'), Operation(424, None, 471)(424, 460)
42. Flow F42 [E2-->E4] with period 32000, payload 343B, e2e delay 32000us, jitter 3200us
	('E2', 'S2'), Operation(26921, None, 26924)(26921, 26921)
	('S2', 'S3'), Operation(26926, None, 26947)(26926, 26944)
	('S3', 'S4'), Operation(26931, None, 26970)(26931, 26967)
	('S4', 'E4'), Operation(26936, None, 26993)(26936, 26990)
43. Flow F43 [E3-->E2] with period 32000, payload 422B, e2e delay 32000us, jitter 3200us
	('E3', 'S3'), Operation(31218, None, 31222)(31218, 31218)
	('S3', 'S2'), Operation(31224, None, 31246)(31224, 31242)
	('S2', 'E2'), Operation(31230, None, 31270)(31230, 31266)
44. Flow F44 [E4-->E5] with period 16000, payload 518B, e2e delay 16000us, jitter 1600us
	('E4', 'S4'), Operation(7024, None, 7029)(7024, 7024)
	('S4', 'S5'), Operation(7031, 7048, 7053)(7048, 7048)
	('S5', 'E5'), Operation(7055, None, 7078)(7055, 7073)
45. Flow F45 [E5-->E2] with period 32000, payload 923B, e2e delay 32000us, jitter 3200us
	('E5', 'S5'), Operation(31226, None, 31234)(31226, 31226)
	('S5', 'S4'), Operation(31236, 31241, 31249)(31241, 31241)
	('S4', 'S3'), Operation(31251, None, 31277)(31251, 31269)
	('S3', 'S2'), Operation(31261, None, 31305)(31261, 31297)
	('S2', 'E2'), Operation(31271, None, 31333)(31271, 31325)
46. Flow F46 [E4-->E1] with period 128000, payload 312B, e2e delay 128000us, jitter 12800us
	('E4', 'S4'), Operation(119080, None, 119083)(119080, 119080)
	('S4', 'S3'), Operation(119085, 119102, 119105)(119102, 119102)
	('S3', 'S2'), Operation(119107, 119121, 119124)(119121, 119121)
	('S2', 'S1'), Operation(119126, 119140, 119143)(119140, 119140)
	('S1', 'E1'), Operation(119145, 119150, 119153)(119150, 119150)
47. Flow F47 [E5-->E1] with period 32000, payload 1029B, e2e delay 32000us, jitter 3200us
	('E5', 'S5'), Operation(30808, None, 30817)(30808, 30808)
	('S5', 'S4'), Operation(30819, None, 30846)(30819, 30837)
	('S4', 'S3'), Operation(30830, 30865, 30874)(30865, 30865)
	('S3', 'S2'), Operation(30876, 30893, 30902)(30893, 30893)
	('S2', 'S1'), Operation(30904, 30921, 30930)(30921, 30921)
	('S1', 'E1'), Operation(30932, 30949, 30958)(30949, 30949)
48. Flow F48 [E4-->E1] with period 8000, payload 523B, e2e delay 8000us, jitter 800us
	('E4', 'S4'), Operation(7126, None, 7131)(7126, 7126)
	('S4', 'S3'), Operation(7133, None, 7156)(7133, 7151)
	('S3', 'S2'), Operation(7140, None, 7181)(7140, 7176)
	('S2', 'S1'), Operation(7147, None, 7206)(7147, 7201)
	('S1', 'E1'), Operation(7154, None, 7231)(7154, 7226)
49. Flow F49 [E1-->E5] with period 64000, payload 303B, e2e delay 64000us, jitter 6400us
	('E1', 'S1'), Operation(62715, None, 62718)(62715, 62715)
	('S1', 'S2'), Operation(62720, None, 62741)(62720, 62738)
	('S2', 'S3'), Operation(62725, None, 62764)(62725, 62761)
	('S3', 'S4'), Operation(62730, None, 62787)(62730, 62784)
	('S4', 'S5'), Operation(62735, None, 62810)(62735, 62807)
	('S5', 'E5'), Operation(62740, 62829, 62832)(62829, 62829)
50. Flow F50 [E4-->E1] with period 128000, payload 231B, e2e delay 128000us, jitter 12800us
	('E4', 'S4'), Operation(31363, None, 31365)(31363, 31363)
	('S4', 'S3'), Operation(31367, 31372, 31374)(31372, 31372)
	('S3', 'S2'), Operation(31376, 31381, 31383)(31381, 31381)
	('S2', 'S1'), Operation(31385, 31404, 31406)(31404, 31404)
	('S1', 'E1'), Operation(31408, 31413, 31415)(31413, 31413)
51. Flow F51 [E1-->E5] with period 2000, payload 956B, e2e delay 2000us, jitter 200us
	('E1', 'S1'), Operation(372, None, 380)(372, 372)
	('S1', 'S2'), Operation(382, 387, 395)(387, 387)
	('S2', 'S3'), Operation(397, 402, 410)(402, 402)
	('S3', 'S4'), Operation(412, None, 438)(412, 430)
	('S4', 'S5'), Operation(422, None, 466)(422, 458)
	('S5', 'E5'), Operation(432, None, 494)(432, 486)
52. Flow F52 [E3-->E2] with period 16000, payload 172B, e2e delay 16000us, jitter 1600us
	('E3', 'S3'), Operation(14788, None, 14790)(14788, 14788)
	('S3', 'S2'), Operation(14792, None, 14812)(14792, 14810)
	('S2', 'E2'), Operation(14796, None, 14834)(14796, 14832)
53. Flow F53 [E4-->E1] with period 128000, payload 602B, e2e delay 128000us, jitter 12800us
	('E4', 'S4'), Operation(127181, None, 127186)(127181, 127181)
	('S4', 'S3'), Operation(127188, 127193, 127198)(127193, 127193)
	('S3', 'S2'), Operation(127200, None, 127223)(127200, 127218)
	('S2', 'S1'), Operation(127207, 127242, 127247)(127242, 127242)
	('S1', 'E1'), Operation(127249, None, 127272)(127249, 127267)
54. Flow F54 [E3-->E4] with period 64000, payload 1411B, e2e delay 64000us, jitter 6400us
	('E3', 'S3'), Operation(62871, None, 62883)(62871, 62871)
	('S3', 'S4'), Operation(62885, None, 62915)(62885, 62903)
	('S4', 'E4'), Operation(62899, None, 62947)(62899, 62935)
55. Flow F55 [E1-->E2] with period 8000, payload 333B, e2e delay 8000us, jitter 800us
	('E1', 'S1'), Operation(6759, 6759, 6762)(6759, 6759)
	('S1', 'S2'), Operation(6764, 6769, 6772)(6769, 6769)
	('S2', 'E2'), Operation(6774, None, 6795)(6774, 6792)
56. Flow F56 [E1-->E4] with period 128000, payload 537B, e2e delay 128000us, jitter 12800us
	('E1', 'S1'), Operation(126746, None, 126751)(126746, 126746)
	('S1', 'S2'), Operation(126753, 126758, 126763)(126758, 126758)
	('S2', 'S3'), Operation(126765, 126934, 126939)(126934, 126934)
	('S3', 'S4'), Operation(126941, None, 126964)(126941, 126959)
	('S4', 'E4'), Operation(126948, None, 126989)(126948, 126984)
57. Flow F57 [E5-->E4] with period 16000, payload 1507B, e2e delay 16000us, jitter 1600us
	('E5', 'S5'), Operation(14832, None, 14845)(14832, 14832)
	('S5', 'S4'), Operation(14847, 14852, 14865)(14852, 14852)
	('S4', 'E4'), Operation(14867, None, 14898)(14867, 14885)
58. Flow F58 [E3-->E5] with period 2000, payload 1020B, e2e delay 2000us, jitter 200us
	('E3', 'S3'), Operation(905, None, 914)(905, 905)
	('S3', 'S4'), Operation(916, 921, 930)(921, 921)
	('S4', 'S5'), Operation(932, None, 959)(932, 950)
	('S5', 'E5'), Operation(943, 978, 987)(978, 978)
59. Flow F59 [E1-->E5] with period 32000, payload 133B, e2e delay 32000us, jitter 3200us
	('E1', 'S1'), Operation(27556, None, 27558)(27556, 27556)
	('S1', 'S2'), Operation(27560, 27565, 27567)(27565, 27565)
	('S2', 'S3'), Operation(27569, 27587, 27589)(27587, 27587)
	('S3', 'S4'), Operation(27591, 27609, 27611)(27609, 27609)
	('S4', 'S5'), Operation(27613, 27631, 27633)(27631, 27631)
	('S5', 'E5'), Operation(27635, 27640, 27642)(27640, 27640)

SMT variables: 
	F37_('S4', 'E4')_gc: False
	F54_('E3', 'S3')_rr: 0
	F14_('S3', 'E3')_rr: 0
	F6_('S2', 'S1')_gc: True
	F54_jitter: 36
	F32_jitter: 18
	F20_('S2', 'S1')_t4_min: 7069
	F15_('S5', 'E5')_rr: 0
	F48_('S2', 'S1')_rr: 0
	F48_('S3', 'S2')_t4_min: 7140
	F35_('S5', 'E5')_t4_min: 617
	F2_('E1', 'S1')_tb: 4589
	F7_queue_index: 0
	F32_('S2', 'S1')_t4_min: 25070
	F30_('S4', 'S5')_t3_max: 80573
	('S4', 'S3')_gcl_cycle: 128000
	F59_('S3', 'S4')_rr: 4
	F17_('S2', 'S1')_t4_min: 1004
	F2_('S1', 'S2')_t4_min: 4594
	F26_('S3', 'S4')_t3_max: 7715
	F42_('S3', 'S4')_gc: False
	F43_('E3', 'S3')_t3_max: 31205
	F35_('S5', 'E5')_gc: False
	F43_('S3', 'S2')_gc: False
	F3_('S1', 'E1')_t4_min: 1505
	F48_('S1', 'E1')_t4_min: 7154
	F16_('S3', 'S2')_t3_min: 31306
	F1_('S3', 'S2')_t3_min: 15415
	F16_('E4', 'S4')_gc: False
	F17_('E3', 'S3')_rr: 0
	F46_('E4', 'S4')_rr: 0
	F26_('S2', 'S3')_t4_min: 7678
	F28_('S2', 'S1')_t4_min: 658
	F39_('S2', 'S3')_t3_max: 127115
	F46_('S4', 'S3')_rr: 1
	F7_('S3', 'S4')_rr: 1
	F22_queue_index: 0
	F35_('S5', 'E5')_rr: 0
	F34_('S2', 'S1')_t4_min: 576
	F2_('S1', 'S2')_t3_max: 4599
	F24_('S3', 'S2')_t4_max: 36896
	F0_('S2', 'S3')_rr: 0
	F39_('S2', 'S3')_gc: False
	F0_('E1', 'S1')_gc: False
	F4_('E5', 'S5')_t3_min: 3154
	F51_('S4', 'S5')_rr: 0
	F53_('S4', 'S3')_rr: 1
	F2_('E1', 'S1')_rr: 0
	F51_('S1', 'S2')_t4_max: 387
	F32_('S1', 'E1')_t4_min: 25084
	F25_('S2', 'S3')_t4_min: 63846
	F47_('S5', 'S4')_t4_min: 30819
	F18_('S4', 'S3')_t4_max: 828
	F44_('E4', 'S4')_gc: False
	F40_('S4', 'E4')_t4_min: 2994
	F42_('E2', 'S2')_gc: False
	F0_('S1', 'S2')_gc: False
	F41_('S2', 'S3')_t3_max: 416
	F8_('S3', 'S2')_t3_min: 7345
	F11_('S4', 'E4')_rr: 0
	F6_('S4', 'S3')_t4_min: 7044
	F51_('S2', 'S3')_t4_max: 402
	F54_queue_index: 0
	F47_('S1', 'E1')_t4_min: 30949
	F12_('S3', 'S2')_rr: 8
	F50_('S2', 'S1')_gc: True
	F59_('S1', 'S2')_t4_max: 27565
	F51_('S5', 'E5')_rr: 0
	F6_('S3', 'S2')_rr: 0
	F13_jitter: 72
	F1_jitter: 0
	F13_('S3', 'S4')_t4_min: 7741
	F24_('S4', 'S3')_t4_max: 36881
	F6_('E4', 'S4')_rr: 0
	F2_('E1', 'S1')_t5_min: 4592
	F4_('S5', 'S4')_rr: 8
	F34_('S1', 'E1')_rr: 0
	F15_jitter: 18
	F14_('E5', 'S5')_tb: 2487
	F5_('S4', 'S3')_t5_min: 15348
	F24_('S4', 'S3')_rr: 0
	F51_('S2', 'S3')_t4_min: 402
	F12_('S1', 'E1')_t4_min: 559
	F25_('S2', 'S3')_t5_min: 63852
	F6_queue_index: 0
	F49_('S2', 'S3')_t4_min: 62725
	F45_('S5', 'S4')_gc: True
	F48_jitter: 72
	F59_('E1', 'S1')_rr: 0
	F41_('S2', 'S3')_t4_max: 429
	F11_('S2', 'S3')_rr: 0
	F26_('S4', 'S5')_t4_max: 7760
	F22_('E4', 'S4')_rr: 0
	F17_('S2', 'S1')_t3_max: 1027
	F10_('S3', 'E3')_t5_min: 571
	F56_('S2', 'S3')_t4_max: 126934
	F28_('E3', 'S3')_gc: False
	F21_('E4', 'S4')_t3_max: 9424
	F37_('S3', 'S4')_rr: 0
	F46_('S3', 'S2')_gc: True
	F4_('E5', 'S5')_t5_min: 3156
	('E2', 'S2')_gcl_cycle: 1
	F33_('E1', 'S1')_gc: False
	F7_('S4', 'E4')_t4_min: 127974
	('S2', 'E2')_gcl_cycle: 128000
	F28_('S2', 'S1')_t4_max: 658
	F5_('S3', 'E3')_rr: 0
	F24_('S4', 'S3')_t4_min: 36863
	F11_('S4', 'E4')_t5_max: 7968
	F11_('S2', 'S3')_t4_max: 7907
	F33_('S1', 'S2')_t3_max: 449
	F11_('S2', 'S3')_t4_min: 7889
	F45_('S5', 'S4')_t3_max: 31241
	F0_('S1', 'S2')_rr: 0
	F27_('S2', 'S3')_rr: 0
	F23_('S2', 'S3')_rr: 0
	F34_('S3', 'S2')_t4_min: 570
	F57_('E5', 'S5')_t5_min: 14845
	F52_jitter: 36
	('S3', 'E3')_gcl_cycle: 1
	F28_('S2', 'S1')_gc: True
	F54_('S3', 'S4')_t4_max: 62903
	F28_('S2', 'S1')_tb: 658
	F32_('E3', 'S3')_gc: False
	F13_('S1', 'S2')_t4_min: 7731
	F22_('E4', 'S4')_gc: False
	F49_('S2', 'S3')_t4_max: 62761
	F53_('S4', 'S3')_t3_max: 127193
	F53_('S3', 'S2')_tb: 127200
	F48_('S4', 'S3')_rr: 0
	F10_('E1', 'S1')_gc: False
	F10_('S1', 'S2')_t4_min: 546
	F26_('E2', 'S2')_tb: 7664
	F8_('E5', 'S5')_tb: 7293
	F53_('S2', 'S1')_t4_min: 127242
	F22_('S3', 'S2')_gc: True
	F8_('S3', 'S2')_gc: False
	F46_('S2', 'S1')_gc: True
	F53_('S3', 'S2')_t4_max: 127218
	F38_('S4', 'E4')_t5_min: 690
	F27_('S1', 'S2')_t4_min: 1619
	F1_('S5', 'S4')_gc: False
	F28_jitter: 18
	F35_('S1', 'S2')_t4_max: 512
	F26_('S3', 'S4')_tb: 7692
	F8_('S3', 'S2')_rr: 0
	F47_('S1', 'E1')_rr: 4
	F38_('S4', 'E4')_tb: 677
	F35_('S2', 'S3')_t5_max: 554
	F3_('E5', 'S5')_rr: 0
	F49_('S3', 'S4')_rr: 0
	F35_('S2', 'S3')_t3_min: 507
	F13_('E1', 'S1')_gc: False
	F21_('S2', 'E2')_t4_min: 9495
	F16_('S4', 'S3')_t4_min: 31302
	F8_('E5', 'S5')_t4_min: 7293
	F9_('S4', 'E4')_t5_max: 127450
	F53_('S3', 'S2')_gc: False
	F33_('S3', 'E3')_gc: False
	F29_('S2', 'E2')_t4_min: 7503
	F26_('E2', 'S2')_rr: 0
	F57_('S5', 'S4')_t5_max: 14865
	F40_('S3', 'S4')_rr: 0
	F45_('S5', 'S4')_rr: 1
	F32_('S1', 'E1')_gc: False
	F24_('S4', 'S3')_t5_min: 36871
	F47_('S4', 'S3')_tb: 30865
	F4_('E5', 'S5')_t3_max: 3141
	F57_('E5', 'S5')_t3_max: 14819
	F23_('S1', 'S2')_t4_min: 3789
	F49_('S5', 'E5')_gc: True
	F23_('S2', 'S3')_t4_max: 3836
	F22_('S4', 'S3')_rr: 2
	F18_('S2', 'S1')_t4_max: 870
	F46_('S1', 'E1')_gc: True
	F42_('S3', 'S4')_rr: 0
	F38_('S3', 'S4')_rr: 0
	F22_('E4', 'S4')_t4_min: 52954
	F41_('S2', 'S3')_gc: False
	F41_('S2', 'S3')_rr: 0
	F54_('S4', 'E4')_rr: 0
	F38_('E1', 'S1')_t3_max: 604
	F21_('S2', 'E2')_t3_max: 9518
	F32_('S2', 'S1')_gc: True
	F48_('S2', 'S1')_gc: False
	F29_('S1', 'S2')_t3_min: 7498
	F55_('S1', 'S2')_t5_min: 6772
	F38_('S2', 'S3')_gc: False
	F26_('S3', 'S4')_t4_max: 7728
	F36_('S1', 'S2')_t3_max: 1534
	F17_('S1', 'E1')_rr: 0
	F4_('E5', 'S5')_t4_max: 3154
	F27_('S1', 'S2')_rr: 0
	F17_('S3', 'S2')_t4_max: 1014
	F31_('S4', 'S5')_t4_min: 7796
	F58_jitter: 0
	F33_('S3', 'E3')_rr: 0
	F49_queue_index: 0
	F5_('E4', 'S4')_t3_max: 15325
	F5_('S4', 'S3')_t4_max: 15362
	F26_('E2', 'S2')_t3_max: 7651
	F30_('E4', 'S4')_rr: 0
	F24_('E4', 'S4')_gc: False
	F37_('E3', 'S3')_t3_max: 878
	F38_queue_index: 0
	F18_('E4', 'S4')_t5_min: 808
	F42_('S4', 'E4')_gc: False
	F47_('S2', 'S1')_t4_min: 30921
	F11_('E2', 'S2')_tb: 7880
	F4_('S5', 'S4')_t4_max: 3163
	F23_queue_index: 0
	F7_('S1', 'S2')_t3_max: 127912
	F20_('E3', 'S3')_t5_min: 7048
	F27_('S1', 'S2')_t3_min: 1619
	('E1', 'S1')_gcl_cycle: 8000
	F53_jitter: 18
	F26_('E2', 'S2')_gc: False
	F46_('S2', 'S1')_t4_max: 119140
	F15_('S5', 'E5')_t4_min: 688
	F21_('S4', 'S3')_t4_min: 9469
	F27_('S2', 'S3')_t4_min: 1624
	F18_jitter: 72
	F5_('E4', 'S4')_t4_min: 15338
	F6_('E4', 'S4')_t5_max: 7042
	F3_('S2', 'S1')_gc: True
	F26_('S3', 'S4')_t4_min: 7692
	F7_('S3', 'S4')_t3_max: 127965
	F4_('S4', 'S3')_gc: False
	F30_('S4', 'S5')_t4_min: 80568
	('S1', 'S2')_gcl_cycle: 128000
	F4_('E5', 'S5')_rr: 0
	F52_('S2', 'E2')_gc: False
	F13_('S2', 'S3')_rr: 0
	F31_('S4', 'S5')_gc: True
	F27_('S1', 'S2')_gc: False
	F28_('S3', 'S2')_rr: 0
	F48_('S1', 'E1')_gc: False
	F59_('S4', 'S5')_gc: True
	F31_('S4', 'S5')_t4_max: 7796
	F10_('S1', 'S2')_gc: False
	F15_('S5', 'E5')_gc: False
	F34_('S4', 'S3')_gc: False
	F50_('S1', 'E1')_gc: True
	F11_('S3', 'S4')_t4_min: 7898
	F19_('S2', 'S1')_t4_min: 937
	F59_('S5', 'E5')_t4_min: 27640
	F30_('S5', 'E5')_rr: 0
	F35_('E1', 'S1')_t3_max: 468
	F41_('E2', 'S2')_t3_max: 385
	F50_('S2', 'S1')_rr: 1
	F58_('S5', 'E5')_rr: 32
	F17_('S1', 'E1')_gc: False
	F56_('S1', 'S2')_t4_min: 126758
	F8_('S4', 'S3')_gc: True
	F21_jitter: 36
	F19_('S1', 'E1')_t4_min: 948
	F47_('E5', 'S5')_rr: 0
	F5_('S3', 'E3')_gc: False
	F4_('S5', 'S4')_gc: True
	F19_('S3', 'S2')_t4_min: 926
	F58_('E3', 'S3')_t3_max: 892
	F33_('S1', 'S2')_rr: 0
	F35_('S4', 'S5')_rr: 1
	F58_('S4', 'S5')_t4_max: 950
	F47_('S5', 'S4')_rr: 0
	F24_('S2', 'S1')_gc: True
	F45_('S3', 'S2')_t4_min: 31261
	F29_('E1', 'S1')_gc: False
	F42_('S2', 'S3')_gc: False
	F15_('E3', 'S3')_t5_min: 635
	F11_queue_index: 0
	F10_('S2', 'S3')_t4_max: 591
	F40_('S3', 'S4')_t3_min: 2989
	F24_('S3', 'S2')_t3_min: 36873
	F50_jitter: 0
	F40_('E3', 'S3')_t3_max: 2971
	F6_('S2', 'S1')_t4_max: 7113
	F27_('E1', 'S1')_gc: False
	F40_('S3', 'S4')_gc: False
	F3_('S4', 'S3')_t4_min: 1441
	F44_('E4', 'S4')_t5_max: 7029
	F18_('S1', 'E1')_rr: 0
	F51_('S3', 'S4')_t3_min: 412
	F44_('S4', 'S5')_rr: 2
	F56_('E1', 'S1')_t3_max: 126733
	F23_('S2', 'S3')_gc: False
	F26_('S3', 'S4')_gc: False
	F15_queue_index: 0
	F38_('S1', 'S2')_t4_max: 650
	F39_('S2', 'S3')_t4_min: 127110
	F41_('S3', 'E3')_t4_min: 424
	F26_jitter: 72
	F48_('E4', 'S4')_gc: False
	F0_('S2', 'S3')_t4_min: 110782
	F58_('S3', 'S4')_rr: 64
	F18_('S3', 'S2')_gc: False
	('S1', 'E1')_gcl_cycle: 128000
	F4_('S5', 'S4')_t4_min: 3163
	F19_('E3', 'S3')_t3_max: 902
	F21_('S3', 'S2')_t4_max: 9500
	F26_('S5', 'E5')_t4_min: 7720
	F12_queue_index: 0
	F30_jitter: 36
	F56_('S4', 'E4')_t4_min: 126948
	F59_('S1', 'S2')_t3_max: 27565
	F19_('E3', 'S3')_gc: False
	F16_('S2', 'E2')_t3_max: 31351
	F59_('E1', 'S1')_t4_max: 27556
	F10_('E1', 'S1')_t3_max: 524
	F4_('S5', 'S4')_t3_max: 3163
	F22_('S4', 'S3')_tb: 52978
	F8_('S5', 'S4')_t4_min: 7312
	F30_('E4', 'S4')_tb: 80563
	F9_('E5', 'S5')_t3_max: 127367
	F34_('S2', 'S1')_tb: 576
	F27_('S5', 'E5')_gc: False
	F20_jitter: 0
	F35_('E1', 'S1')_tb: 481
	F7_('S2', 'S3')_gc: False
	F27_('S4', 'S5')_t5_max: 1696
	F10_jitter: 54
	F48_('S4', 'S3')_t4_max: 7151
	F47_('S4', 'S3')_rr: 4
	F17_('S2', 'S1')_t5_min: 1010
	F58_('S4', 'S5')_gc: False
	F59_('S5', 'E5')_gc: True
	F0_('S2', 'S3')_t4_max: 110818
	F51_('S3', 'S4')_t4_min: 412
	F4_('S5', 'S4')_tb: 3163
	F40_('S4', 'E4')_t5_max: 3033
	F21_('S2', 'E2')_rr: 0
	F47_jitter: 0
	F33_('S2', 'S3')_rr: 0
	F34_('S4', 'S3')_rr: 0
	F59_('S4', 'S5')_t4_max: 27631
	F47_('S1', 'E1')_t3_min: 30932
	F38_('S1', 'S2')_t3_max: 637
	F28_('S1', 'E1')_rr: 0
	F39_jitter: 36
	F56_('S2', 'S3')_gc: True
	F31_('E4', 'S4')_rr: 0
	F32_('S1', 'E1')_rr: 0
	F2_('S5', 'E5')_t4_min: 4685
	F26_('S4', 'S5')_t3_min: 7706
	F29_jitter: 36
	F4_('S4', 'S3')_rr: 0
	F23_('S1', 'S2')_rr: 0
	F15_('S3', 'S4')_gc: False
	F51_('S4', 'S5')_t4_min: 422
	F29_('E1', 'S1')_t5_min: 7496
	F49_('S5', 'E5')_t4_min: 62829
	F20_('E3', 'S3')_t3_max: 7033
	F15_('E3', 'S3')_t3_max: 616
	F1_('S5', 'S4')_rr: 0
	F37_('S4', 'E4')_rr: 0
	F42_('S2', 'S3')_t4_min: 26926
	F33_queue_index: 0
	F11_('E2', 'S2')_rr: 0
	F59_('S2', 'S3')_t3_min: 27569
	F50_('S2', 'S1')_t4_min: 31404
	F29_('S1', 'S2')_t4_max: 7516
	F24_('E4', 'S4')_t3_max: 36840
	F6_('S3', 'S2')_t4_min: 7058
	F25_('E1', 'S1')_gc: False
	F9_jitter: 36
	F30_('S5', 'E5')_t4_min: 80573
	F38_('S1', 'S2')_t4_min: 632
	F6_('S2', 'S1')_t3_min: 7072
	F39_('E2', 'S2')_gc: False
	F47_('S3', 'S2')_t4_min: 30893
	F51_('S3', 'S4')_rr: 0
	F59_('S1', 'S2')_t4_min: 27565
	F9_('E5', 'S5')_gc: False
	F53_('S4', 'S3')_gc: True
	F22_('S3', 'S2')_t4_min: 52990
	F54_('S3', 'S4')_t4_min: 62885
	F0_queue_index: 0
	F16_queue_index: 0
	F34_('S2', 'S1')_t4_max: 630
	F47_('S5', 'S4')_t4_max: 30837
	F10_('S3', 'E3')_t5_max: 625
	F38_('E1', 'S1')_gc: False
	F47_('S2', 'S1')_t4_max: 30921
	F53_('S3', 'S2')_t4_min: 127200
	F14_('E5', 'S5')_t3_max: 2474
	F51_('S4', 'S5')_t4_max: 458
	F38_('S1', 'S2')_rr: 0
	F56_('S3', 'S4')_gc: False
	F48_('S4', 'S3')_t4_min: 7133
	F34_('E4', 'S4')_gc: False
	F52_('S3', 'S2')_gc: False
	F7_('S1', 'S2')_rr: 1
	F1_('S2', 'E2')_rr: 8
	F24_('S2', 'S1')_t4_min: 36911
	F25_('S1', 'S2')_t4_max: 63856
	F45_('S5', 'S4')_t4_max: 31241
	F27_('E1', 'S1')_t3_max: 1601
	F19_('S3', 'S2')_t4_max: 944
	F55_('E1', 'S1')_rr: 1
	F35_('S3', 'S4')_rr: 0
	F1_('S5', 'S4')_t3_max: 15375
	F12_('E4', 'S4')_rr: 0
	F34_('S4', 'S3')_t3_max: 569
	F7_('S1', 'S2')_t5_max: 127931
	F44_('S4', 'S5')_t3_max: 7036
	F48_('S1', 'E1')_t3_min: 7154
	F24_('S1', 'E1')_rr: 0
	F39_('S2', 'S3')_t4_max: 127128
	F6_('S3', 'S2')_t4_max: 7094
	F35_('S2', 'S3')_rr: 0
	F46_('S4', 'S3')_t3_max: 119090
	('E3', 'S3')_gcl_cycle: 1
	F25_('E1', 'S1')_rr: 0
	F51_('S1', 'S2')_rr: 64
	F8_('S4', 'S3')_t4_max: 7331
	F24_jitter: 18
	F0_('S1', 'S2')_t4_min: 110773
	F54_('S3', 'S4')_gc: False
	F7_('S2', 'S3')_t4_max: 127951
	F22_('S4', 'S3')_t4_max: 52978
	F7_('S3', 'S4')_t4_max: 127965
	F59_jitter: 0
	F15_('E3', 'S3')_rr: 0
	F16_('S4', 'S3')_rr: 0
	F56_jitter: 36
	F26_('S4', 'S5')_rr: 0
	F40_('E3', 'S3')_rr: 0
	F46_('S4', 'S3')_t4_max: 119102
	F12_('S2', 'S1')_t3_max: 553
	F48_('E4', 'S4')_rr: 0
	F50_('S3', 'S2')_rr: 1
	F3_('E5', 'S5')_t3_max: 1398
	F42_jitter: 54
	F22_('S3', 'S2')_rr: 2
	F50_('E4', 'S4')_t3_max: 31350
	F7_jitter: 18
	F4_('S5', 'S4')_t5_max: 3165
	F42_('S3', 'S4')_t4_max: 26967
	F42_queue_index: 0
	F2_queue_index: 0
	F38_('S1', 'S2')_gc: False
	F36_('S2', 'E2')_t4_min: 1543
	('S2', 'S1')_gcl_cycle: 128000
	F55_('E1', 'S1')_t3_max: 6745
	F28_('S3', 'S2')_gc: False
	F23_('S1', 'S2')_t4_max: 3807
	F56_('S3', 'S4')_t4_max: 126959
	F24_('S3', 'S2')_rr: 1
	F35_('S2', 'S3')_gc: False
	F48_('E4', 'S4')_tb: 7126
	F8_('S4', 'S3')_rr: 16
	F50_('S2', 'S1')_t3_max: 31390
	F13_('S3', 'S4')_gc: False
	F14_('S5', 'S4')_t3_max: 2498
	F56_('E1', 'S1')_t4_min: 126746
	F57_('E5', 'S5')_rr: 0
	F34_jitter: 72
	F7_('S4', 'E4')_t4_max: 127992
	F3_('S3', 'S2')_rr: 64
	F59_('E1', 'S1')_gc: False
	F3_('S2', 'S1')_t4_min: 1495
	F52_('S3', 'S2')_t3_max: 14797
	F33_('E1', 'S1')_rr: 0
	F9_('S4', 'E4')_t4_min: 127404
	F47_('S1', 'E1')_tb: 30949
	F26_('S2', 'S3')_rr: 0
	F17_('S2', 'S1')_t4_max: 1040
	F33_('S2', 'S3')_t4_min: 458
	F58_('S5', 'E5')_t4_min: 978
	F3_('E5', 'S5')_gc: False
	F12_('S4', 'S3')_gc: True
	F59_queue_index: 0
	F45_('S5', 'S4')_t4_min: 31241
	F47_('S5', 'S4')_gc: False
	F53_('S1', 'E1')_rr: 0
	F11_('E2', 'S2')_t3_max: 7867
	F1_('S4', 'S3')_t4_max: 15410
	F38_('S3', 'S4')_t4_max: 716
	F25_jitter: 54
	F39_('S3', 'E3')_gc: False
	F6_('S2', 'S1')_rr: 8
	F18_('S1', 'E1')_gc: False
	F31_('S5', 'E5')_t4_min: 7805
	F17_('S3', 'S2')_t5_max: 1020
	F21_queue_index: 0
	F2_('S3', 'S4')_gc: False
	F13_('S4', 'E4')_gc: False
	F47_('E5', 'S5')_gc: False
	F57_('S5', 'S4')_t3_max: 14852
	F2_('S5', 'E5')_t5_max: 4706
	F51_('S5', 'E5')_t5_max: 494
	F6_('E4', 'S4')_t3_max: 7017
	F58_('E3', 'S3')_t3_min: 905
	F8_('S5', 'S4')_rr: 4
	F1_('S3', 'S2')_gc: True
	F34_('E4', 'S4')_rr: 0
	F3_('S5', 'S4')_gc: True
	F16_('E4', 'S4')_tb: 31298
	F24_('S3', 'S2')_t4_min: 36896
	F45_('S2', 'E2')_rr: 0
	F16_('E4', 'S4')_rr: 0
	F59_('S4', 'S5')_tb: 27631
	F7_('S1', 'S2')_tb: 127924
	F12_('S2', 'S1')_t4_min: 553
	F51_('S1', 'S2')_t4_min: 387
	F22_('S3', 'S2')_t4_max: 52990
	F26_('E2', 'S2')_t3_min: 7664
	F35_jitter: 18
	F13_('S4', 'E4')_rr: 0
	F10_('S3', 'E3')_gc: False
	F17_('S3', 'S2')_rr: 0
	F24_('S2', 'S1')_rr: 1
	F35_('E1', 'S1')_gc: False
	F16_('S3', 'S2')_gc: True
	F13_('S2', 'S3')_t4_max: 7772
	F14_jitter: 54
	F16_('S2', 'E2')_gc: True
	F44_('S4', 'S5')_tb: 7048
	F4_('S4', 'S3')_t4_max: 3185
	F24_('S3', 'S2')_gc: True
	F29_('S1', 'S2')_t3_max: 7503
	F59_('S5', 'E5')_t5_max: 27642
	F19_('S3', 'S2')_rr: 0
	F35_('S2', 'S3')_t4_min: 507
	F32_('E3', 'S3')_t3_max: 25006
	F51_queue_index: 0
	F25_('S3', 'E3')_gc: False
	F55_('S1', 'S2')_t4_max: 6769
	F59_('S1', 'S2')_rr: 4
	F20_('S3', 'S2')_gc: True
	F38_jitter: 72
	F14_('S3', 'E3')_t4_min: 2505
	F46_('S3', 'S2')_t4_min: 119121
	F39_('S2', 'S3')_rr: 0
	('E4', 'S4')_gcl_cycle: 1
	F32_('E3', 'S3')_rr: 0
	F1_('S5', 'S4')_t4_max: 15388
	F19_('S2', 'S1')_gc: False
	F38_('S1', 'S2')_t3_min: 632
	F27_('S1', 'S2')_tb: 1619
	F14_('S4', 'S3')_t5_max: 2539
	F4_('E5', 'S5')_gc: False
	F1_('S3', 'S2')_t4_min: 15432
	F31_('S4', 'S5')_t3_min: 7779
	F45_('E5', 'S5')_t3_max: 31213
	F46_('S4', 'S3')_t4_min: 119102
	F27_('S3', 'S4')_rr: 0
	F3_jitter: 18
	F27_queue_index: 0
	F26_('S2', 'S3')_t3_max: 7683
	F19_('S3', 'S2')_gc: False
	F20_('E3', 'S3')_gc: False
	F1_('S2', 'E2')_t4_min: 15454
	F57_('S5', 'S4')_t4_min: 14852
	F10_('S3', 'E3')_rr: 0
	F31_('S4', 'S5')_t3_max: 7784
	F18_('E4', 'S4')_t3_max: 794
	F34_('S3', 'S2')_gc: False
	F56_('S2', 'S3')_rr: 1
	F25_('S1', 'S2')_t3_max: 63843
	F22_('S2', 'E2')_gc: False
	F12_('S4', 'S3')_t3_max: 531
	F48_('S3', 'S2')_t4_max: 7176
	F48_('E4', 'S4')_t3_max: 7113
	F12_jitter: 18
	F13_('S2', 'S3')_gc: False
	F50_('S4', 'S3')_t3_max: 31372
	F57_jitter: 18
	F16_('S2', 'E2')_rr: 1
	F5_('S4', 'S3')_t4_min: 15344
	F50_('E4', 'S4')_gc: False
	F33_('S1', 'S2')_t4_max: 462
	F17_queue_index: 0
	F18_('S3', 'S2')_t4_max: 849
	F3_('S5', 'S4')_t4_max: 1426
	F34_('S1', 'E1')_t4_min: 582
	F49_('S1', 'S2')_t3_max: 62725
	F42_('S2', 'S3')_t3_max: 26931
	F48_('E4', 'S4')_t4_max: 7126
	F5_('S4', 'S3')_t3_max: 15349
	F21_('E4', 'S4')_gc: False
	F8_queue_index: 0
	F47_('S2', 'S1')_t3_max: 30909
	F8_('E5', 'S5')_rr: 0
	F55_('S1', 'S2')_gc: True
	F50_('S4', 'S3')_t4_max: 31372
	F44_('E4', 'S4')_t3_min: 7024
	F34_('S2', 'S1')_gc: False
	F20_('S2', 'S1')_rr: 8
	F20_('S3', 'S2')_t4_min: 7055
	F27_('S1', 'S2')_t4_max: 1637
	F19_('S3', 'S2')_t3_max: 931
	F43_jitter: 36
	F32_('S1', 'E1')_tb: 25084
	F17_('E3', 'S3')_gc: False
	('S3', 'S2')_gcl_cycle: 128000
	F58_('E3', 'S3')_rr: 0
	F23_jitter: 72
	F26_('S2', 'S3')_t4_max: 7696
	F42_('S4', 'E4')_rr: 0
	F10_('S2', 'S3')_rr: 0
	F19_('E3', 'S3')_rr: 0
	F43_('E3', 'S3')_rr: 0
	F37_('E3', 'S3')_rr: 0
	F45_('E5', 'S5')_rr: 0
	F27_('S2', 'S3')_t4_max: 1660
	F12_('S3', 'S2')_t4_max: 542
	F12_('E4', 'S4')_t5_max: 524
	F38_('E1', 'S1')_rr: 0
	F36_('S2', 'E2')_gc: False
	F52_('E3', 'S3')_rr: 0
	F55_('E1', 'S1')_gc: True
	F48_('S3', 'S2')_rr: 0
	F37_queue_index: 0
	F31_queue_index: 0
	F2_('S3', 'S4')_rr: 0
	F30_('S5', 'E5')_gc: False
	F9_('S5', 'S4')_rr: 0
	F19_jitter: 54
	F48_('S1', 'E1')_rr: 0
	F5_('S3', 'E3')_t3_min: 15350
	F3_('S2', 'S1')_t4_max: 1495
	F22_('S2', 'E2')_t4_min: 52997
	F56_('S2', 'S3')_tb: 126934
	F3_('S3', 'S2')_t4_max: 1468
	F17_('S2', 'S1')_t5_max: 1046
	F4_('S4', 'S3')_t4_min: 3167
	F49_('S1', 'S2')_rr: 0
	F7_('S1', 'S2')_t5_min: 127931
	F36_('E1', 'S1')_rr: 0
	F3_('S3', 'S2')_t4_min: 1468
	F29_('S2', 'E2')_t5_min: 7506
	F16_('S3', 'S2')_t4_min: 31342
	F53_('S4', 'S3')_t4_min: 127193
	F11_('E2', 'S2')_t4_max: 7880
	F52_('S3', 'S2')_t4_max: 14810
	F2_('S5', 'E5')_rr: 0
	F53_('E4', 'S4')_gc: False
	F31_('E4', 'S4')_gc: False
	F13_('S1', 'S2')_t3_max: 7736
	F35_('S3', 'S4')_t4_max: 574
	F20_('S1', 'E1')_t5_min: 7080
	F18_('S3', 'S2')_t4_min: 813
	F17_('E3', 'S3')_t4_max: 988
	('S4', 'E4')_gcl_cycle: 1
	F32_('S2', 'S1')_rr: 4
	F27_('S5', 'E5')_t5_min: 1701
	F31_('S4', 'S5')_rr: 4
	F27_('S1', 'S2')_t3_max: 1624
	F18_('E4', 'S4')_gc: False
	F27_('S4', 'S5')_gc: True
	F43_('S3', 'S2')_t4_max: 31242
	F14_('S4', 'S3')_gc: False
	F55_queue_index: 0
	F59_('S2', 'S3')_t4_min: 27587
	F23_('S4', 'E4')_t5_min: 3831
	F53_('S4', 'S3')_t3_min: 127188
	F21_('S2', 'E2')_gc: False
	F21_('S4', 'S3')_rr: 2
	F44_('S4', 'S5')_t4_min: 7048
	F56_('S1', 'S2')_t4_max: 126758
	F45_('S4', 'S3')_gc: False
	F35_queue_index: 0
	F9_('S4', 'E4')_gc: False
	F7_('S1', 'S2')_t4_max: 127924
	F2_('S2', 'S3')_gc: False
	('S2', 'S3')_gcl_cycle: 128000
	F8_('S3', 'S2')_t4_max: 7363
	F58_queue_index: 0
	F49_('E1', 'S1')_gc: False
	F7_('S1', 'S2')_t4_min: 127924
	F1_('S4', 'S3')_gc: True
	F24_('S1', 'E1')_gc: False
	F25_('S2', 'S3')_gc: False
	F37_('S3', 'S4')_gc: False
	F57_('E5', 'S5')_t4_max: 14832
	F12_('S4', 'S3')_t4_min: 531
	F36_queue_index: 0
	F21_('S2', 'E2')_t5_min: 9506
	F44_('S5', 'E5')_gc: False
	F2_('S1', 'S2')_t5_min: 4597
	F35_('E1', 'S1')_rr: 0
	F15_('S3', 'S4')_t3_max: 642
	F30_('E4', 'S4')_t3_max: 80550
	F58_('S5', 'E5')_t4_max: 978
	F52_queue_index: 0
	F27_('S3', 'S4')_t4_min: 1629
	F45_('S2', 'E2')_gc: False
	F3_('S5', 'S4')_t3_max: 1426
	F23_('S2', 'S3')_t4_min: 3800
	F40_queue_index: 0
	F15_('S4', 'S5')_t4_min: 680
	F5_('E4', 'S4')_gc: False
	F29_('S1', 'S2')_gc: False
	F20_('S1', 'E1')_rr: 8
	F4_('S3', 'E3')_t3_max: 3194
	F33_('S1', 'S2')_t3_min: 444
	F28_('S1', 'E1')_t5_max: 684
	F29_('S1', 'S2')_rr: 0
	F5_queue_index: 0
	F53_('S1', 'E1')_t4_min: 127249
	F10_('S1', 'S2')_rr: 0
	F58_('S5', 'E5')_gc: True
	F1_('S4', 'S3')_rr: 8
	F4_('S3', 'E3')_t4_min: 3171
	F33_('S3', 'E3')_t4_min: 472
	F5_('S3', 'E3')_t4_min: 15350
	F13_('S4', 'E4')_t4_min: 7746
	F6_('S4', 'S3')_t5_max: 7074
	F18_('E4', 'S4')_rr: 0
	F22_('S4', 'S3')_gc: True
	F16_('S2', 'E2')_t4_min: 31351
	F36_('S1', 'S2')_t4_max: 1547
	F43_('S3', 'S2')_rr: 0
	F56_('E1', 'S1')_gc: False
	F37_jitter: 36
	F2_('S1', 'S2')_rr: 0
	F42_('S2', 'S3')_rr: 0
	F45_('S4', 'S3')_t4_min: 31251
	F9_('S5', 'S4')_t4_max: 127410
	F42_('S3', 'S4')_t4_min: 26931
	F59_('S3', 'S4')_gc: True
	F59_('S3', 'S4')_t4_max: 27609
	F35_('S1', 'S2')_t4_min: 494
	F46_('S3', 'S2')_t3_max: 119112
	F59_('S2', 'S3')_t5_min: 27589
	F56_('S3', 'S4')_t4_min: 126941
	F8_('E5', 'S5')_gc: False
	F34_('E4', 'S4')_t5_max: 562
	F45_('S4', 'S3')_rr: 0
	F46_('S1', 'E1')_rr: 1
	F51_jitter: 54
	F50_('S1', 'E1')_t4_min: 31413
	F25_queue_index: 0
	F49_('S4', 'S5')_gc: False
	F35_('S1', 'S2')_t3_max: 499
	F35_('S1', 'S2')_rr: 0
	F32_queue_index: 0
	F25_('S2', 'S3')_t4_max: 63882
	F16_('S4', 'S3')_t4_max: 31320
	F6_('S1', 'E1')_rr: 8
	F5_('S4', 'S3')_rr: 0
	F49_('S2', 'S3')_rr: 0
	F53_('S2', 'S1')_t4_max: 127242
	F28_('E3', 'S3')_rr: 0
	F44_queue_index: 0
	F23_('S3', 'S4')_t4_min: 3811
	F55_jitter: 18
	F12_('S1', 'E1')_rr: 0
	F2_('S1', 'S2')_t4_max: 4612
	F38_('S4', 'E4')_rr: 0
	F51_('E1', 'S1')_rr: 0
	F38_('S4', 'E4')_gc: False
	F27_('S4', 'S5')_tb: 1693
	F23_('S3', 'S4')_tb: 3811
	F4_('E5', 'S5')_tb: 3154
	F53_('S2', 'S1')_rr: 1
	F46_('S2', 'S1')_t4_min: 119140
	F34_('E4', 'S4')_t3_max: 545
	F43_('S2', 'E2')_t4_min: 31230
	F39_('E2', 'S2')_t4_max: 127097
	F4_('S3', 'E3')_t4_max: 3207
	F50_('S4', 'S3')_gc: True
	F24_('E4', 'S4')_rr: 0
	F1_('E5', 'S5')_gc: False
	F40_('S3', 'S4')_t4_min: 2989
	F49_('S1', 'S2')_t4_max: 62738
	F47_('S3', 'S2')_gc: True
	F14_('S3', 'E3')_gc: False
	F54_('E3', 'S3')_gc: False
	F11_('S3', 'S4')_rr: 0
	F49_('S2', 'S3')_tb: 62725
	F49_('S5', 'E5')_rr: 1
	F49_('S3', 'S4')_t4_min: 62730
	F1_('S4', 'S3')_t4_min: 15410
	F46_('S3', 'S2')_t4_max: 119121
	F36_('E1', 'S1')_gc: False
	F54_('S4', 'E4')_gc: False
	F37_('S3', 'S4')_t4_min: 895
	F22_jitter: 18
	F21_('S3', 'S2')_rr: 0
	F18_('S4', 'S3')_gc: False
	F32_('S2', 'S1')_t4_max: 25070
	F23_('S1', 'S2')_t3_max: 3794
	F2_('S1', 'S2')_t5_max: 4615
	F35_('S3', 'S4')_gc: False
	F49_('S3', 'S4')_t4_max: 62784
	F12_('S2', 'S1')_rr: 8
	F50_('S4', 'S3')_rr: 1
	F8_('S2', 'E2')_t5_max: 7407
	F51_('S4', 'S5')_gc: False
	F34_('S3', 'S2')_t4_max: 606
	F53_('S4', 'S3')_t4_max: 127193
	F33_('S1', 'S2')_t4_min: 444
	F38_('S3', 'S4')_t5_min: 675
	F18_('S2', 'S1')_t4_min: 816
	F45_jitter: 54
	F41_('S2', 'S3')_t3_min: 411
	F42_('E2', 'S2')_t3_max: 26908
	F3_('S2', 'S1')_rr: 64
	F1_('S2', 'E2')_gc: True
	F9_('S5', 'S4')_gc: False
	F3_('S1', 'E1')_gc: False
	F2_('S3', 'S4')_t4_max: 4658
	F44_('S4', 'S5')_gc: True
	F25_('S1', 'S2')_t5_max: 63862
	F14_('E5', 'S5')_rr: 0
	F16_('E4', 'S4')_t3_max: 31285
	F9_('S5', 'S4')_t4_min: 127392
	F40_jitter: 36
	F38_('S3', 'S4')_t4_min: 662
	F25_('S3', 'E3')_t3_min: 63854
	F36_jitter: 36
	F27_('S3', 'S4')_gc: False
	F53_('S1', 'E1')_gc: False
	F16_('S4', 'S3')_t3_max: 31307
	F17_('S1', 'E1')_t4_min: 1012
	F8_('S3', 'S2')_tb: 7345
	F43_('S3', 'S2')_t4_min: 31224
	F58_('S4', 'S5')_t4_min: 932
	F55_('S1', 'S2')_rr: 16
	F39_queue_index: 0
	F8_('S2', 'E2')_gc: False
	F0_('S1', 'S2')_t4_max: 110791
	F13_('S3', 'S4')_rr: 0
	F58_('S4', 'S5')_rr: 0
	F31_('S5', 'E5')_gc: False
	F10_('S2', 'S3')_t3_max: 578
	F14_('S5', 'S4')_rr: 0
	F22_('S4', 'S3')_t4_min: 52978
	F8_('S2', 'E2')_t4_min: 7359
	F24_('S4', 'S3')_gc: False
	F37_('E3', 'S3')_gc: False
	F7_('S2', 'S3')_rr: 0
	F11_('S3', 'S4')_t5_min: 7905
	F43_('S2', 'E2')_rr: 0
	F54_('E3', 'S3')_t5_max: 62883
	F9_('E5', 'S5')_rr: 0
	F57_('S4', 'E4')_rr: 0
	F0_('S3', 'E3')_rr: 0
	F51_('S3', 'S4')_tb: 412
	F29_queue_index: 0
	F8_('S5', 'S4')_t4_max: 7312
	F6_('E4', 'S4')_gc: False
	F7_('S2', 'S3')_t4_min: 127933
	F15_('E3', 'S3')_tb: 629
	F29_('S2', 'E2')_rr: 0
	F54_('S3', 'S4')_t3_max: 62890
	F42_('E2', 'S2')_rr: 0
	F52_('S2', 'E2')_rr: 0
	F8_jitter: 36
	F7_('S4', 'E4')_rr: 0
	F28_('E3', 'S3')_t3_max: 612
	F26_('S3', 'S4')_rr: 0
	F34_('S4', 'S3')_t4_max: 582
	F33_('S1', 'S2')_gc: False
	F52_('E3', 'S3')_gc: False
	F25_('S1', 'S2')_gc: False
	F10_('S2', 'S3')_gc: False
	F11_('S3', 'S4')_gc: False
	F33_('E1', 'S1')_tb: 430
	F1_('E5', 'S5')_rr: 0
	F57_('S4', 'E4')_t4_min: 14867
	F2_('E1', 'S1')_t3_max: 4576
	F11_('E2', 'S2')_gc: False
	F38_('S3', 'S4')_t3_max: 703
	F11_('S2', 'S3')_gc: False
	F25_('S3', 'E3')_rr: 0
	F8_('S5', 'S4')_t3_max: 7312
	F25_('S2', 'S3')_tb: 63846
	F21_('S4', 'S3')_t4_max: 9469
	F18_('S4', 'S3')_t3_max: 815
	F13_('S3', 'S4')_t4_max: 7795
	F35_('S4', 'S5')_t4_max: 604
	F21_('S4', 'S3')_t3_max: 9455
	F7_('S1', 'S2')_gc: True
	F58_('S3', 'S4')_gc: True
	F14_('S4', 'S3')_rr: 0
	F1_('S3', 'S2')_rr: 8
	F29_('E1', 'S1')_rr: 0
	F31_('E4', 'S4')_t3_max: 7757
	F57_('E5', 'S5')_gc: False
	F22_('E4', 'S4')_t3_max: 52941
	F33_('S2', 'S3')_gc: False
	F46_('S2', 'S1')_rr: 1
	F33_jitter: 54
	F56_('E1', 'S1')_t4_max: 126746
	F50_('S3', 'S2')_t4_max: 31381
	F7_('E1', 'S1')_rr: 0
	F56_('S1', 'S2')_gc: True
	F23_('S1', 'S2')_gc: False
	F41_jitter: 36
	F35_('S5', 'E5')_t3_max: 622
	F6_('S4', 'S3')_rr: 0
	F45_('S5', 'S4')_tb: 31241
	F25_('S2', 'S3')_rr: 0
	F28_('S1', 'E1')_gc: False
	F5_jitter: 36
	F59_('S2', 'S3')_t4_max: 27587
	F35_('S2', 'S3')_t4_max: 543
	F28_('S1', 'E1')_t4_min: 663
	F45_('S2', 'E2')_t5_max: 31333
	F19_('S2', 'S1')_rr: 0
	F59_('S1', 'S2')_gc: True
	F19_queue_index: 0
	F30_('S4', 'S5')_gc: False
	F25_('S1', 'S2')_t4_min: 63838
	F13_('S1', 'S2')_t5_max: 7752
	F59_('E1', 'S1')_t3_max: 27543
	F49_('S4', 'S5')_t4_max: 62807
	F23_('S3', 'S4')_t5_max: 3874
	F42_('S4', 'E4')_t4_min: 26936
	F24_('S4', 'S3')_t3_max: 36868
	F54_('S3', 'S4')_rr: 0
	F23_('S4', 'E4')_gc: False
	F51_('S4', 'S5')_t3_max: 445
	F9_('S4', 'E4')_rr: 0
	F12_('E4', 'S4')_t3_max: 507
	F23_('E1', 'S1')_gc: False
	F56_('S1', 'S2')_rr: 1
	F6_('S3', 'S2')_gc: False
	F28_('S3', 'S2')_t4_min: 630
	F37_('S3', 'S4')_t4_max: 913
	F14_('S5', 'S4')_gc: False
	F47_('S3', 'S2')_t3_min: 30876
	F4_jitter: 36
	F34_('S1', 'E1')_gc: False
	F51_('S2', 'S3')_rr: 64
	F20_queue_index: 0
	F23_('S3', 'S4')_gc: False
	F35_('S1', 'S2')_gc: False
	F3_('S4', 'S3')_gc: True
	F48_queue_index: 0
	F43_('S3', 'S2')_t3_max: 31229
	F45_('E5', 'S5')_gc: False
	F2_('S2', 'S3')_t3_max: 4622
	F9_('S5', 'S4')_t3_max: 127397
	F19_('S1', 'E1')_gc: False
	F3_('S5', 'S4')_rr: 16
	F6_('S1', 'E1')_t4_min: 7132
	F52_('S2', 'E2')_t4_min: 14796
	F14_queue_index: 0
	F8_('E5', 'S5')_t3_max: 7280
	F26_('S5', 'E5')_gc: False
	F15_('S3', 'S4')_rr: 0
	F30_('S4', 'S5')_rr: 0
	F39_('E2', 'S2')_t5_max: 127108
	F49_('S2', 'S3')_gc: False
	F20_('S3', 'S2')_t3_max: 7055
	F15_('S3', 'S4')_t4_max: 655
	F2_('S3', 'S4')_t4_min: 4604
	F40_('S4', 'E4')_gc: False
	F50_queue_index: 0
	F0_jitter: 54
	F1_('S3', 'S2')_t5_max: 15435
	F46_('S3', 'S2')_rr: 1
	F49_('S4', 'S5')_rr: 0
	F48_('S2', 'S1')_t4_min: 7147
	F50_('S1', 'E1')_rr: 1
	F22_('S4', 'S3')_t3_min: 52961
	F10_('S2', 'S3')_t4_min: 555
	F37_('S3', 'S4')_t3_max: 900
	F23_('E1', 'S1')_t3_max: 3765
	F18_('S3', 'S2')_rr: 0
	F45_queue_index: 0
	F18_('S2', 'S1')_rr: 0
	F47_('S5', 'S4')_t3_min: 30819
	F27_('S2', 'S3')_gc: False
	F11_('S4', 'E4')_gc: False
	F31_jitter: 18
	F34_queue_index: 0
	F7_('E1', 'S1')_gc: False
	F57_queue_index: 0
	F14_('E5', 'S5')_t4_min: 2487
	F2_('S4', 'S5')_gc: True
	F18_('S2', 'S1')_t3_min: 816
	F51_('E1', 'S1')_gc: False
	F39_('S3', 'E3')_t4_min: 127123
	F6_jitter: 0
	F54_('S4', 'E4')_t3_min: 62899
	F12_('S2', 'S1')_gc: True
	F56_queue_index: 0
	F18_queue_index: 0
	F10_('S3', 'E3')_t4_min: 564
	F13_('S1', 'S2')_rr: 0
	F10_('S1', 'S2')_t4_max: 564
	F12_('S2', 'S1')_t4_max: 553
	F14_('E5', 'S5')_t5_max: 2491
	F40_('S4', 'E4')_rr: 0
	F53_('E4', 'S4')_rr: 0
	F11_('S3', 'S4')_t4_max: 7934
	F3_queue_index: 0
	F20_('S2', 'S1')_t4_max: 7069
	F32_('S3', 'S2')_t4_min: 25033
	F46_('S1', 'E1')_t4_min: 119150
	F53_('S3', 'S2')_rr: 0
	F50_('S3', 'S2')_gc: True
	F47_('E5', 'S5')_t3_max: 30795
	F20_('S1', 'E1')_t5_max: 7080
	F21_('E4', 'S4')_rr: 0
	F56_('S3', 'S4')_t5_min: 126946
	F47_('S4', 'S3')_t4_min: 30865
	F48_('S4', 'S3')_gc: False
	F17_('S2', 'S1')_gc: False
	F20_('S3', 'S2')_rr: 8
	F23_('S4', 'E4')_rr: 0
	F53_('S2', 'S1')_gc: True
	F28_queue_index: 0
	F11_('S2', 'S3')_t3_max: 7894
	F20_('S1', 'E1')_gc: True
	F41_('E2', 'S2')_t4_max: 398
	F47_('S4', 'S3')_t3_max: 30853
	F25_('S3', 'E3')_t4_min: 63854
	F13_('E1', 'S1')_rr: 0
	F14_('S5', 'S4')_t4_max: 2511
	F46_('E4', 'S4')_t3_max: 119067
	F48_('S2', 'S1')_t4_max: 7201
	F20_('S2', 'S1')_gc: True
	F53_queue_index: 0
	F26_('S2', 'S3')_gc: False
	F15_('S4', 'S5')_t4_max: 680
	F56_('S1', 'S2')_t3_max: 126758
	F36_('S1', 'S2')_rr: 0
	F26_('S5', 'E5')_rr: 0
	F40_('E3', 'S3')_gc: False
	('E5', 'S5')_gcl_cycle: 1
	F12_('E4', 'S4')_gc: False
	F2_('S2', 'S3')_t4_min: 4599
	F59_('S2', 'S3')_gc: True
	F49_('E1', 'S1')_rr: 0
	F32_('S3', 'S2')_rr: 0
	F24_('S2', 'S1')_t4_max: 36911
	('S3', 'S4')_gcl_length: 138
	F51_('S2', 'S3')_gc: True
	F51_('S1', 'S2')_gc: True
	F21_('S4', 'S3')_gc: True
	F59_('S5', 'E5')_t5_min: 27642
	F59_('S4', 'S5')_t4_min: 27631
	F57_('S5', 'S4')_rr: 2
	F20_('S1', 'E1')_t4_min: 7078
	F8_('S5', 'S4')_tb: 7312
	F44_('S5', 'E5')_rr: 0
	F36_('E1', 'S1')_t3_max: 1502
	F58_('S3', 'S4')_t4_max: 921
	F50_('E4', 'S4')_rr: 0
	F1_('S5', 'S4')_t4_min: 15370
	F29_('E1', 'S1')_t3_min: 7493
	F20_('S3', 'S2')_t4_max: 7055
	F45_('S3', 'S2')_gc: False
	F54_('S4', 'E4')_t4_min: 62899
	F2_('S4', 'S5')_t4_max: 4680
	F0_('E1', 'S1')_t3_max: 110751
	F27_('S4', 'S5')_t4_min: 1693
	F34_('S2', 'S1')_rr: 0
	F14_('E5', 'S5')_gc: False
	F45_('S4', 'S3')_t5_min: 31259
	F18_('S4', 'S3')_rr: 0
	F6_('S4', 'S3')_t3_max: 7049
	F51_('E1', 'S1')_t3_max: 359
	F27_('E1', 'S1')_rr: 0
	F38_('S3', 'S4')_gc: False
	F13_('E1', 'S1')_t3_max: 7713
	F16_('S3', 'S2')_rr: 1
	F51_('S1', 'S2')_t3_max: 387
	F27_('S4', 'S5')_t4_max: 1693
	F13_queue_index: 0
	F1_('S3', 'S2')_t4_max: 15432
	F41_('S2', 'S3')_t4_min: 411
	F41_queue_index: 0
	F16_('S4', 'S3')_gc: False
	F49_jitter: 0
	F14_('S4', 'S3')_t5_min: 2503
	F35_('S4', 'S5')_t4_min: 604
	F7_('E1', 'S1')_t5_min: 127905
	F47_('S3', 'S2')_rr: 4
	F6_('S4', 'S3')_gc: False
	F6_('S4', 'S3')_t4_max: 7062
	F49_('S1', 'S2')_gc: False
	F56_('S3', 'S4')_rr: 0
	F33_('S2', 'S3')_t5_min: 470
	F12_('S4', 'S3')_tb: 531
	F11_jitter: 54
	F52_('S3', 'S2')_t4_min: 14792
	F28_('S3', 'S2')_t3_max: 635
	F2_('S2', 'S3')_rr: 0
	F17_('S3', 'S2')_gc: False
	F26_('S4', 'S5')_gc: False
	F15_('S4', 'S5')_rr: 2
	F59_('S5', 'E5')_rr: 2
	F0_('S1', 'S2')_t3_max: 110778
	F58_('S3', 'S4')_t3_max: 921
	F58_('S3', 'S4')_t4_min: 921
	F30_('S4', 'S5')_t4_max: 80586
	F40_('S3', 'S4')_t4_max: 3007
	F27_jitter: 18
	F44_('S4', 'S5')_t4_max: 7048
	F46_('S4', 'S3')_gc: True
	F10_('E1', 'S1')_rr: 0
	F2_('S4', 'S5')_t3_min: 4609
	F51_('S5', 'E5')_gc: False
	F12_('S1', 'E1')_gc: False
	F7_('E1', 'S1')_t3_max: 127885
	F49_('E1', 'S1')_t3_max: 62702
	F8_('S5', 'S4')_gc: True
	F44_jitter: 18
	F5_('S4', 'S3')_t3_min: 15344
	F46_('E4', 'S4')_gc: False
	F0_('S3', 'E3')_t3_max: 110832
	F21_('S2', 'E2')_t4_max: 9531
	F26_queue_index: 0
	F45_('S2', 'E2')_t4_min: 31271
	F56_('S2', 'S3')_t4_min: 126934
	F17_('S3', 'S2')_t3_max: 1001
	F19_('S1', 'E1')_rr: 0
	F23_('S3', 'S4')_rr: 0
	F7_('S3', 'S4')_t4_min: 127965
	F3_('S5', 'S4')_t4_min: 1426
	F14_('S5', 'S4')_t4_min: 2493
	F4_queue_index: 0
	F55_('S2', 'E2')_t4_min: 6774
	F5_('S4', 'S3')_gc: False
	F43_('S2', 'E2')_gc: False
	F2_('S4', 'S5')_t4_min: 4680
	F26_('S4', 'S5')_t4_min: 7706
	F8_('S5', 'S4')_t5_min: 7324
	F28_('S2', 'S1')_rr: 4
	F44_('E4', 'S4')_t3_max: 7011
	F49_('S3', 'S4')_gc: False
	F45_('S3', 'S2')_t4_max: 31297
	F20_('E3', 'S3')_rr: 0
	F52_('E3', 'S3')_t3_max: 14775
	F41_('S3', 'E3')_gc: False
	F43_('E3', 'S3')_gc: False
	F8_('S4', 'S3')_t3_min: 7326
	F52_('S3', 'S2')_rr: 0
	F44_('E4', 'S4')_rr: 0
	F13_('S1', 'S2')_gc: False
	F36_('S2', 'E2')_rr: 0
	F10_queue_index: 0
	F38_('S2', 'S3')_t4_max: 683
	F29_('S1', 'S2')_t4_min: 7498
	F32_('S3', 'S2')_t4_max: 25051
	F3_('S4', 'S3')_t4_max: 1441
	F8_('S4', 'S3')_t4_min: 7331
	F23_('S3', 'S4')_t4_max: 3865
	F51_('S3', 'S4')_t4_max: 430
	F4_('S3', 'E3')_gc: False
	F50_('S2', 'S1')_t4_max: 31404
	F23_('E1', 'S1')_rr: 0
	F27_('S5', 'E5')_rr: 0
	F6_('S1', 'E1')_gc: True
	F49_('S4', 'S5')_t4_min: 62735
	F3_('E5', 'S5')_t5_max: 1419
	F22_('S3', 'S2')_t3_min: 52985
	F39_('E2', 'S2')_rr: 0
	F29_('S2', 'E2')_t3_min: 7503
	F17_('S2', 'S1')_rr: 0
	F59_('S2', 'S3')_rr: 4
	F15_('S3', 'S4')_t4_min: 637
	F23_('S4', 'E4')_t4_min: 3822
	F28_('S3', 'S2')_t4_max: 648
	('S4', 'S5')_gcl_cycle: 32000
	F17_('E3', 'S3')_t3_max: 975
	F59_('S4', 'S5')_rr: 1
	F38_('S4', 'E4')_t4_min: 677
	F55_('S2', 'E2')_rr: 0
	F37_('S4', 'E4')_t4_min: 899
	F44_('S5', 'E5')_t3_max: 7060
	F2_('S1', 'S2')_gc: False
	F31_('E4', 'S4')_t4_max: 7770
	F14_('S4', 'S3')_t4_min: 2499
	F47_('S5', 'S4')_t3_max: 30824
	F30_queue_index: 0
	F13_('E1', 'S1')_tb: 7726
	F12_('S3', 'S2')_gc: True
	F6_('S2', 'S1')_t4_min: 7113
	F2_('S2', 'S3')_t4_max: 4635
	('S5', 'S4')_gcl_cycle: 32000
	('S3', 'S4')_gcl_cycle: 128000
	F39_('E2', 'S2')_t3_max: 127084
	F53_('E4', 'S4')_t3_max: 127168
	F17_jitter: 54
	F49_('S1', 'S2')_t4_min: 62720
	F21_('S3', 'S2')_t4_min: 9482
	F29_('E1', 'S1')_t3_max: 7480
	F11_('S4', 'E4')_t3_max: 7948
	F12_('S3', 'S2')_t4_min: 542
	F18_('S4', 'S3')_t4_min: 810
	F26_('E2', 'S2')_t4_min: 7664
	F9_queue_index: 0
	F45_('S4', 'S3')_t4_max: 31269
	F34_('S1', 'E1')_t5_min: 586
	F2_('E1', 'S1')_gc: False
	F55_('S1', 'S2')_t4_min: 6769
	F11_('S4', 'E4')_t4_min: 7907
	F55_('S2', 'E2')_gc: False
	F5_('E4', 'S4')_t5_min: 15342
	F33_('E1', 'S1')_t3_max: 417
	F47_('S4', 'S3')_gc: True
	F29_('S2', 'E2')_gc: False
	F57_('S5', 'S4')_gc: True
	F10_('S1', 'S2')_t3_max: 551
	F30_('E4', 'S4')_t4_max: 80563
	F30_('S4', 'S5')_t3_min: 80568
	F0_('S3', 'E3')_gc: False
	F5_('E4', 'S4')_rr: 0
	F41_('E2', 'S2')_gc: False
	F58_('E3', 'S3')_gc: False
	F2_('S5', 'E5')_gc: False
	F50_('S3', 'S2')_t4_min: 31381
	F49_('S5', 'E5')_t5_min: 62832
	F19_('S2', 'S1')_t4_max: 973
	F3_('S3', 'S2')_gc: True
	F56_('E1', 'S1')_rr: 0
	F45_('S3', 'S2')_rr: 0
	F51_('S5', 'E5')_t4_min: 432
	F57_('S5', 'S4')_t4_max: 14852
	F3_('S1', 'E1')_rr: 0
	F50_('S4', 'S3')_t4_min: 31372
	F47_('S2', 'S1')_rr: 4
	F0_('E1', 'S1')_rr: 0
	F12_('S4', 'S3')_rr: 8
	F32_('S3', 'S2')_t3_max: 25038
	F54_('E3', 'S3')_t3_max: 62858
	F59_('S3', 'S4')_t4_min: 27609
	F50_('S3', 'S2')_tb: 31381
	('S5', 'E5')_gcl_cycle: 64000
	F8_('S3', 'S2')_t3_max: 7350
	F22_('S2', 'E2')_rr: 0
	F32_('S3', 'S2')_gc: False
	F27_('S4', 'S5')_rr: 16
	F2_('S5', 'E5')_t3_max: 4690
	F1_queue_index: 0
	F13_('S2', 'S3')_t4_min: 7736
	F51_('S3', 'S4')_gc: False
	F47_('S4', 'S3')_t4_max: 30865
	F25_('E1', 'S1')_t3_max: 63817
	F51_('S3', 'S4')_t5_min: 420
	F56_('S2', 'S3')_t5_min: 126939
	F38_('S2', 'S3')_t4_min: 647
	F39_('S3', 'E3')_rr: 0
	F22_('S4', 'S3')_t3_max: 52966
	F35_('S3', 'S4')_t4_min: 520
	F2_jitter: 18
	F47_queue_index: 0
	F8_('S3', 'S2')_t4_min: 7345
	F21_('S3', 'S2')_gc: False
	F7_('S4', 'E4')_gc: False
	F7_('S3', 'S4')_gc: True
	F18_('S1', 'E1')_t4_min: 819
	F0_('S3', 'E3')_t4_min: 110791
	F33_('S2', 'S3')_t4_max: 494
	F47_('E5', 'S5')_t4_min: 30808
	F16_jitter: 0
	F15_('S4', 'S5')_gc: True
	F42_('S2', 'S3')_t4_max: 26944
	F42_('S4', 'E4')_t5_min: 26939
	F18_('S3', 'S2')_t3_min: 813
	F18_('S2', 'S1')_gc: False
	F2_('S4', 'S5')_rr: 2
	F35_('S4', 'S5')_gc: True
	F38_('S2', 'S3')_rr: 0
	F43_queue_index: 0
	F30_('E4', 'S4')_gc: False
	F57_('S4', 'E4')_gc: False
	F40_('S3', 'S4')_t3_max: 2994
	F47_('S3', 'S2')_t4_max: 30893
	F41_('S3', 'E3')_rr: 0
	F14_('S4', 'S3')_t4_max: 2535
	F48_('E4', 'S4')_t5_max: 7131
	F55_('S1', 'S2')_t3_max: 6769
	F19_('S3', 'S2')_tb: 926
	F36_('S1', 'S2')_tb: 1529
	F4_('S3', 'E3')_rr: 0
	F13_('S1', 'S2')_t4_max: 7749
	F17_('S3', 'S2')_t4_min: 996
	F8_('S2', 'E2')_rr: 0
	F27_('S5', 'E5')_t4_min: 1698
	F27_('S3', 'S4')_t4_max: 1683
	F41_('E2', 'S2')_rr: 0
	F46_jitter: 0
	F25_('S1', 'S2')_rr: 0
	F56_('S4', 'E4')_rr: 0
	F24_('S1', 'E1')_t4_min: 36921
	F48_('S3', 'S2')_gc: False
	F35_('E1', 'S1')_t4_min: 481
	F36_('S1', 'S2')_gc: False
	F12_('S4', 'S3')_t4_max: 531
	F43_('S3', 'S2')_t5_max: 31246
	F46_queue_index: 0
	F0_('S2', 'S3')_gc: False
	F36_('S1', 'S2')_t4_min: 1529
	('S5', 'S4')_gcl_length: 62
	F47_('S1', 'E1')_gc: True
	F24_queue_index: 0
	F34_('S4', 'S3')_t4_min: 564
	F48_('S4', 'S3')_t3_max: 7138
	F13_('S2', 'S3')_tb: 7736
	F15_('E3', 'S3')_gc: False
	F42_('E2', 'S2')_t4_max: 26921
	F3_('S4', 'S3')_rr: 64
	F34_('S3', 'S2')_rr: 0
	F56_('S4', 'E4')_gc: False
	F47_('S2', 'S1')_gc: True
	F44_('S5', 'E5')_t4_min: 7055
	F16_('S3', 'S2')_t4_max: 31342
	F31_('S5', 'E5')_rr: 0
	F1_('E5', 'S5')_t3_max: 15352
	F49_('E1', 'S1')_t5_min: 62718
	F35_('S5', 'E5')_tb: 617
	F49_('E1', 'S1')_t5_max: 62718
	F34_('S2', 'S1')_t3_min: 576
	F45_('S2', 'E2')_t4_max: 31325
	F32_('S3', 'S2')_t5_min: 25045
	F23_('E1', 'S1')_t5_max: 3787
	F13_('S2', 'S3')_t3_min: 7736
	F12_('S1', 'E1')_t4_max: 577
	F43_('S2', 'E2')_t5_min: 31234
	F12_('E4', 'S4')_t4_min: 520
	F19_('E3', 'S3')_t4_min: 915
	F4_('S4', 'S3')_t3_min: 3167
	F17_('E3', 'S3')_t5_min: 994
	F12_('E4', 'S4')_t4_max: 520
	F51_('S5', 'E5')_t4_max: 486
	F52_('S2', 'E2')_t3_min: 14796
	F14_('S4', 'S3')_tb: 2499
	F1_('E5', 'S5')_t4_max: 15365
	F53_('S4', 'S3')_t5_min: 127198
	F29_('S2', 'E2')_t3_max: 7526
	F42_('S4', 'E4')_t5_max: 26993
	F46_('S2', 'S1')_tb: 119140
	F45_('S3', 'S2')_tb: 31261
	F13_('S3', 'S4')_tb: 7741
	F46_('S2', 'S1')_t5_min: 119143
	F8_('S2', 'E2')_t3_max: 7382
	F31_('S5', 'E5')_tb: 7805
	F2_('E1', 'S1')_t3_min: 4589
	F51_('S3', 'S4')_t5_max: 438
	F23_('S4', 'E4')_t5_max: 3903
	F33_('S3', 'E3')_t5_max: 538
	F1_('E5', 'S5')_t5_max: 15368
	F27_('S3', 'S4')_t5_min: 1632
	F6_('S4', 'S3')_t5_min: 7056
	F14_('S3', 'E3')_t3_max: 2546
	F18_('S1', 'E1')_tb: 819
	F3_('S5', 'S4')_tb: 1426
	F26_('S4', 'S5')_t3_max: 7747
	F8_('E5', 'S5')_t4_max: 7293
	F41_('E2', 'S2')_t3_min: 398
	F25_('S1', 'S2')_t3_min: 63838
	F12_('E4', 'S4')_t3_min: 520
	F21_('S2', 'E2')_t5_max: 9542
	F19_('S2', 'S1')_t3_min: 937
	F35_('S1', 'S2')_tb: 494
	F58_('E3', 'S3')_t4_max: 905
	F54_('S3', 'S4')_t5_min: 62897
	F12_('E4', 'S4')_tb: 520
	F0_('S3', 'E3')_t3_min: 110791
	F47_('E5', 'S5')_tb: 30808
	F53_('E4', 'S4')_tb: 127181
	F32_('S2', 'S1')_tb: 25070
	F48_('S1', 'E1')_t5_min: 7159
	F30_('S5', 'E5')_t3_min: 80573
	F41_('E2', 'S2')_tb: 398
	F9_('S5', 'S4')_t5_min: 127402
	F49_('S3', 'S4')_tb: 62730
	F35_('S1', 'S2')_t3_min: 494
	F20_('S1', 'E1')_tb: 7078
	F28_('S2', 'S1')_t5_min: 661
	F30_('S5', 'E5')_t5_max: 80612
	F18_('S2', 'S1')_tb: 816
	('S5', 'E5')_gcl_length: 70
	F14_('S4', 'S3')_t3_max: 2522
	F14_('E5', 'S5')_t4_max: 2487
	F8_('S2', 'E2')_t3_min: 7359
	F18_('S3', 'S2')_tb: 813
	F1_('S2', 'E2')_tb: 15454
	F42_('S3', 'S4')_t5_min: 26934
	F14_('S5', 'S4')_t3_min: 2493
	F56_('S4', 'E4')_t4_max: 126984
	F53_('S1', 'E1')_t3_max: 127254
	F52_('S3', 'S2')_t3_min: 14792
	F37_('E3', 'S3')_t4_min: 891
	F18_('S2', 'S1')_t5_min: 817
	F24_('E4', 'S4')_t5_min: 36861
	F57_('S4', 'E4')_t3_max: 14872
	F18_('S3', 'S2')_t3_max: 836
	F16_('E4', 'S4')_t4_min: 31298
	F3_('S3', 'S2')_t5_min: 1476
	F58_('S5', 'E5')_t3_min: 943
	F19_('E3', 'S3')_t3_min: 915
	F53_('S2', 'S1')_t5_max: 127247
	F16_('S2', 'E2')_t5_min: 31353
	F19_('E3', 'S3')_t5_max: 924
	('S1', 'S2')_gcl_length: 172
	F52_('S2', 'E2')_t4_max: 14832
	F42_('S4', 'E4')_t3_max: 26977
	F35_('S4', 'S5')_t5_min: 615
	('S1', 'E1')_gcl_length: 44
	F59_('S5', 'E5')_tb: 27640
	F52_('E3', 'S3')_t3_min: 14788
	F20_('E3', 'S3')_t3_min: 7046
	F9_('E5', 'S5')_t4_min: 127380
	F2_('S2', 'S3')_t5_max: 4638
	F49_('S5', 'E5')_t3_max: 62817
	F43_('E3', 'S3')_t5_min: 31222
	F9_('E5', 'S5')_t4_max: 127380
	F19_('S2', 'S1')_t5_max: 982
	F42_('S2', 'S3')_t5_max: 26947
	F20_('S3', 'S2')_t3_min: 7050
	F3_('E5', 'S5')_t3_min: 1411
	F23_('S4', 'E4')_t3_max: 3881
	F19_('E3', 'S3')_t5_min: 924
	F23_('S2', 'S3')_t3_min: 3800
	F59_('S3', 'S4')_t3_max: 27596
	F11_('S3', 'S4')_tb: 7898
	F30_('S5', 'E5')_t4_max: 80609
	F45_('S4', 'S3')_t5_max: 31277
	F3_('E5', 'S5')_t5_min: 1419
	F58_('S3', 'S4')_t3_min: 916
	F57_('S4', 'E4')_tb: 14867
	F41_('S3', 'E3')_t3_min: 424
	F50_('S1', 'E1')_t5_min: 31415
	F0_('S3', 'E3')_t5_min: 110798
	F2_('E1', 'S1')_t4_max: 4589
	F47_('S1', 'E1')_t4_max: 30949
	F42_('S2', 'S3')_t5_min: 26929
	F43_('S3', 'S2')_tb: 31224
	F37_('E3', 'S3')_t5_max: 893
	F12_('S1', 'E1')_tb: 559
	F18_('S4', 'S3')_t5_max: 829
	F46_('S3', 'S2')_t5_min: 119124
	F40_('E3', 'S3')_t5_max: 2987
	F58_('S3', 'S4')_tb: 921
	F55_('S2', 'E2')_t3_min: 6774
	F50_('E4', 'S4')_t4_max: 31363
	F32_('E3', 'S3')_t5_max: 25031
	F39_('S3', 'E3')_t3_max: 127146
	F0_('S2', 'S3')_t3_max: 110805
	F23_('S2', 'S3')_t5_max: 3845
	F23_('S2', 'S3')_t3_max: 3823
	F13_('E1', 'S1')_t5_max: 7729
	F2_('S3', 'S4')_t3_min: 4604
	F24_('S2', 'S1')_t5_max: 36919
	F21_('S3', 'S2')_t5_min: 9493
	F9_('E5', 'S5')_tb: 127380
	F45_('E5', 'S5')_t5_max: 31234
	F36_('E1', 'S1')_t4_min: 1515
	F10_('S1', 'S2')_tb: 546
	F42_('E2', 'S2')_t4_min: 26921
	F1_('S2', 'E2')_t3_max: 15442
	('S2', 'S3')_gcl_length: 138
	F57_('S4', 'E4')_t5_min: 14880
	F49_('S1', 'S2')_t5_min: 62723
	F24_('S4', 'S3')_tb: 36863
	F8_('S4', 'S3')_tb: 7331
	F20_('S2', 'S1')_t5_min: 7071
	F34_('S3', 'S2')_t3_min: 570
	F15_('S5', 'E5')_t5_max: 712
	F51_('S5', 'E5')_t5_min: 440
	F16_('S2', 'E2')_t3_min: 31346
	F46_('S1', 'E1')_t3_max: 119150
	F54_('S3', 'S4')_t5_max: 62915
	F1_('S4', 'S3')_t3_min: 15375
	F22_('E4', 'S4')_t5_max: 52959
	F3_('S1', 'E1')_t4_max: 1523
	F50_('S3', 'S2')_t3_max: 31381
	F12_('S4', 'S3')_t3_min: 526
	F50_('S2', 'S1')_t3_min: 31385
	F49_('S1', 'S2')_tb: 62720
	F36_('S1', 'S2')_t3_min: 1529
	F15_('E3', 'S3')_t3_min: 629
	F59_('S3', 'S4')_t5_max: 27611
	F59_('S2', 'S3')_t5_max: 27589
	F42_('S2', 'S3')_t3_min: 26926
	F26_('S5', 'E5')_t3_min: 7720
	F44_('S4', 'S5')_t3_min: 7031
	F41_('S3', 'E3')_t4_max: 460
	F15_('S4', 'S5')_t3_min: 645
	F21_('S4', 'S3')_t5_min: 9480
	F44_('S5', 'E5')_t5_min: 7060
	F59_('S5', 'E5')_t3_max: 27640
	F49_('S4', 'S5')_tb: 62735
	F4_('S3', 'E3')_tb: 3171
	F36_('S2', 'E2')_t3_max: 1566
	F38_('S4', 'E4')_t3_min: 677
	F3_('S3', 'S2')_t5_max: 1476
	F16_('S2', 'E2')_t4_max: 31351
	F59_('S1', 'S2')_t5_min: 27567
	F49_('S5', 'E5')_t3_min: 62740
	F3_('E5', 'S5')_t4_max: 1411
	F42_('S3', 'S4')_t3_min: 26931
	F22_('E4', 'S4')_t5_min: 52959
	F10_('S1', 'S2')_t5_max: 571
	F29_('S1', 'S2')_t5_max: 7519
	F46_('E4', 'S4')_t5_min: 119083
	F48_('S3', 'S2')_tb: 7140
	F46_('S1', 'E1')_t4_max: 119150
	F2_('S4', 'S5')_t5_max: 4683
	F33_('S3', 'E3')_t3_min: 472
	F15_('S5', 'E5')_t4_max: 706
	F3_('S1', 'E1')_t5_max: 1531
	F24_('S3', 'S2')_tb: 36896
	F24_('S3', 'S2')_t3_max: 36896
	('S3', 'E3')_gcl_length: 0
	F53_('S2', 'S1')_t5_min: 127247
	F24_('S4', 'S3')_t3_min: 36863
	F18_('S4', 'S3')_tb: 810
	F3_('E5', 'S5')_tb: 1411
	F46_('S2', 'S1')_t3_min: 119126
	F11_('S2', 'S3')_tb: 7889
	F30_('E4', 'S4')_t3_min: 80563
	F58_('S4', 'S5')_t5_min: 941
	F45_('S2', 'E2')_t5_min: 31279
	('E2', 'S2')_gcl_length: 0
	F59_('S2', 'S3')_tb: 27587
	F28_('S1', 'E1')_t3_max: 668
	F59_('S5', 'E5')_t4_max: 27640
	F13_('E1', 'S1')_t3_min: 7726
	F9_('S5', 'S4')_t3_min: 127392
	F1_('S2', 'E2')_t3_min: 15437
	F17_('E3', 'S3')_tb: 988
	F51_('S4', 'S5')_tb: 422
	F5_('E4', 'S4')_tb: 15338
	F19_('S2', 'S1')_t3_max: 960
	F47_('S5', 'S4')_tb: 30819
	F6_('S1', 'E1')_tb: 7132
	F4_('S3', 'E3')_t5_min: 3173
	F59_('S1', 'S2')_t5_max: 27567
	F3_('S1', 'E1')_t5_min: 1513
	F54_('S4', 'E4')_t5_max: 62947
	F59_('E1', 'S1')_t5_max: 27558
	F58_('E3', 'S3')_t4_min: 905
	F0_('E1', 'S1')_t5_min: 110771
	F34_('S1', 'E1')_t4_max: 654
	F29_('E1', 'S1')_t5_max: 7496
	F18_('S4', 'S3')_t3_min: 810
	F7_('S3', 'S4')_t3_min: 127942
	F38_('S1', 'S2')_t5_max: 663
	F33_('S1', 'S2')_t5_min: 456
	F32_('S1', 'E1')_t3_min: 25084
	F0_('S2', 'S3')_t3_min: 110782
	F8_('S2', 'E2')_t4_max: 7395
	F15_('S4', 'S5')_t5_min: 686
	F27_('E1', 'S1')_t5_min: 1617
	F45_('S5', 'S4')_t5_max: 31249
	F29_('S1', 'S2')_tb: 7498
	F9_('S4', 'E4')_tb: 127404
	F1_('S3', 'S2')_tb: 15432
	F10_('S3', 'E3')_t3_min: 564
	F40_('S4', 'E4')_t5_min: 2997
	F42_('S3', 'S4')_t5_max: 26970
	F32_('E3', 'S3')_t5_min: 25031
	F29_('S1', 'S2')_t5_min: 7501
	F43_('S2', 'E2')_tb: 31230
	F28_('S1', 'E1')_tb: 663
	F20_('S2', 'S1')_tb: 7069
	F2_('S1', 'S2')_tb: 4594
	F6_('E4', 'S4')_t3_min: 7030
	F12_('S3', 'S2')_t5_min: 546
	F26_('E2', 'S2')_t4_max: 7664
	F37_('E3', 'S3')_tb: 891
	F36_('E1', 'S1')_t3_min: 1515
	F19_('S1', 'E1')_t3_max: 989
	F58_('S4', 'S5')_t3_min: 932
	('S4', 'S5')_gcl_length: 56
	F55_('E1', 'S1')_t5_min: 6762
	F33_('S1', 'S2')_tb: 444
	F27_('S3', 'S4')_tb: 1629
	F14_('S3', 'E3')_t5_min: 2509
	F5_('S3', 'E3')_tb: 15350
	F3_('S3', 'S2')_tb: 1468
	F26_('S2', 'S3')_t3_min: 7678
	F28_('S1', 'E1')_t5_min: 666
	F16_('E4', 'S4')_t4_max: 31298
	F26_('S2', 'S3')_t5_max: 7708
	F30_('E4', 'S4')_t5_min: 80566
	F48_('S4', 'S3')_t5_max: 7156
	F8_('S5', 'S4')_t3_min: 7307
	F56_('S3', 'S4')_t5_max: 126964
	F50_('S2', 'S1')_t5_min: 31406
	F36_('S2', 'E2')_t5_max: 1591
	F38_('S4', 'E4')_t3_max: 736
	F35_('E1', 'S1')_t4_max: 481
	F11_('E2', 'S2')_t5_min: 7887
	F9_('S5', 'S4')_t5_max: 127420
	F45_('E5', 'S5')_tb: 31226
	F12_('S4', 'S3')_t5_max: 535
	F46_('E4', 'S4')_tb: 119080
	F15_('E3', 'S3')_t4_max: 629
	F49_('S4', 'S5')_t3_min: 62735
	F45_('E5', 'S5')_t4_max: 31226
	F1_('S3', 'S2')_t3_max: 15420
	F14_('S3', 'E3')_t5_max: 2563
	F12_('S3', 'S2')_t3_max: 542
	F5_('E4', 'S4')_t5_max: 15342
	F2_('S2', 'S3')_tb: 4599
	F0_('E1', 'S1')_tb: 110764
	F47_('S4', 'S3')_t5_max: 30874
	F17_('S1', 'E1')_t5_max: 1072
	F9_('S4', 'E4')_t5_min: 127414
	F41_('S3', 'E3')_t5_max: 471
	F29_('E1', 'S1')_t4_min: 7493
	('E4', 'S4')_gcl_length: 0
	F18_('S1', 'E1')_t3_min: 819
	F27_('S4', 'S5')_t5_min: 1696
	F52_('E3', 'S3')_tb: 14788
	F47_('S4', 'S3')_t5_min: 30874
	F10_('E1', 'S1')_t4_min: 537
	F35_('S4', 'S5')_tb: 604
	F25_('S3', 'E3')_t3_max: 63895
	F52_('S2', 'E2')_t3_max: 14819
	F24_('S1', 'E1')_t4_max: 36939
	F40_('E3', 'S3')_t5_min: 2987
	F29_('S2', 'E2')_t4_max: 7539
	F45_('S5', 'S4')_t3_min: 31236
	F44_('S5', 'E5')_t4_max: 7073
	F13_('S4', 'E4')_t4_max: 7818
	F46_('S1', 'E1')_t5_min: 119153
	F6_('E4', 'S4')_tb: 7030
	F32_('S2', 'S1')_t5_max: 25082
	F44_('S4', 'S5')_t5_max: 7053
	F25_('S3', 'E3')_t5_max: 63914
	F7_('S4', 'E4')_t5_min: 127981
	F34_('E4', 'S4')_t3_min: 558
	F49_('S3', 'S4')_t5_min: 62733
	F35_('S1', 'S2')_t5_max: 523
	F49_('S4', 'S5')_t5_max: 62810
	F19_('E3', 'S3')_tb: 915
	F46_('S3', 'S2')_tb: 119121
	F27_('S3', 'S4')_t5_max: 1686
	F8_('S4', 'S3')_t3_max: 7331
	F53_('S4', 'S3')_t5_max: 127198
	('E1', 'S1')_gcl_length: 2
	F18_('S1', 'E1')_t5_max: 892
	F22_('S2', 'E2')_t4_max: 53015
	F2_('S4', 'S5')_tb: 4680
	F21_('S3', 'S2')_t5_max: 9511
	F56_('E1', 'S1')_t5_max: 126751
	F54_('S4', 'E4')_t4_max: 62935
	F11_('S2', 'S3')_t3_min: 7889
	F25_('S3', 'E3')_tb: 63854
	F48_('S4', 'S3')_t3_min: 7133
	F28_('S2', 'S1')_t5_max: 661
	F11_('S2', 'S3')_t5_min: 7896
	F51_('E1', 'S1')_tb: 372
	F53_('S3', 'S2')_t5_min: 127205
	F42_('S4', 'E4')_t3_min: 26936
	F45_('E5', 'S5')_t3_min: 31226
	F6_('S1', 'E1')_t5_max: 7144
	F1_('E5', 'S5')_t3_min: 15365
	F57_('S5', 'S4')_t3_min: 14847
	F35_('S5', 'E5')_t5_min: 628
	F54_('E3', 'S3')_tb: 62871
	F18_('E4', 'S4')_t4_max: 807
	F7_('S1', 'S2')_t3_min: 127907
	F47_('S5', 'S4')_t5_min: 30828
	F51_('S1', 'S2')_tb: 387
	F27_('E1', 'S1')_t4_max: 1614
	F6_('S2', 'S1')_tb: 7113
	F53_('S1', 'E1')_t4_max: 127267
	F40_('S4', 'E4')_t4_max: 3030
	F43_('S2', 'E2')_t3_max: 31253
	F6_('S1', 'E1')_t3_min: 7127
	F31_('S5', 'E5')_t5_max: 7830
	F51_('S2', 'S3')_t5_min: 410
	F45_('E5', 'S5')_t5_min: 31234
	F30_('S4', 'S5')_tb: 80568
	F47_('S1', 'E1')_t5_min: 30958
	F48_('S2', 'S1')_tb: 7147
	F51_('S5', 'E5')_tb: 432
	F46_('S2', 'S1')_t5_max: 119143
	F41_('E2', 'S2')_t4_min: 398
	F55_('S2', 'E2')_tb: 6774
	F59_('S1', 'S2')_tb: 27565
	F59_('S2', 'S3')_t3_max: 27574
	F8_('S2', 'E2')_tb: 7359
	F24_('S1', 'E1')_t5_min: 36929
	F38_('E1', 'S1')_t5_max: 630
	F4_('S4', 'S3')_t5_max: 3187
	F51_('E1', 'S1')_t5_max: 380
	F14_('S3', 'E3')_t3_min: 2505
	F48_('E4', 'S4')_t4_min: 7126
	F56_('S2', 'S3')_t3_min: 126765
	F59_('S3', 'S4')_t5_min: 27611
	F12_('S2', 'S1')_t5_max: 557
	F38_('S2', 'S3')_t5_min: 660
	F48_('S2', 'S1')_t3_max: 7188
	F48_('S3', 'S2')_t5_min: 7145
	F41_('S3', 'E3')_t5_min: 435
	F35_('S4', 'S5')_t5_max: 615
	F28_('S2', 'S1')_t3_max: 658
	F30_('S5', 'E5')_t3_max: 80596
	F20_('S1', 'E1')_t3_min: 7073
	F55_('E1', 'S1')_t4_min: 6759
	F48_('S1', 'E1')_t4_max: 7226
	F10_('S2', 'S3')_t5_min: 562
	F32_('E3', 'S3')_t3_min: 25019
	F18_('E4', 'S4')_t3_min: 807
	F53_('E4', 'S4')_t4_max: 127181
	F33_('E1', 'S1')_t4_min: 430
	F27_('S2', 'S3')_t3_min: 1624
	F55_('S2', 'E2')_t3_max: 6779
	F47_('E5', 'S5')_t5_max: 30817
	F6_('S1', 'E1')_t3_max: 7132
	F22_('S4', 'S3')_t5_min: 52983
	F52_('E3', 'S3')_t5_min: 14790
	F44_('S5', 'E5')_tb: 7055
	F55_('S2', 'E2')_t5_min: 6777
	F51_('E1', 'S1')_t4_min: 372
	F16_('S3', 'S2')_t5_min: 31344
	F49_('S3', 'S4')_t3_min: 62730
	F7_('S4', 'E4')_t3_min: 127974
	F21_('E4', 'S4')_t4_max: 9437
	F42_('E2', 'S2')_t5_max: 26924
	F32_('S2', 'S1')_t5_min: 25082
	F35_('S2', 'S3')_t3_max: 530
	F17_('S1', 'E1')_t3_max: 1053
	F10_('E1', 'S1')_t5_max: 544
	F13_('E1', 'S1')_t5_min: 7729
	F11_('S4', 'E4')_t3_min: 7907
	F22_('S3', 'S2')_t3_max: 52990
	F23_('S4', 'E4')_t4_max: 3894
	F8_('S5', 'S4')_t5_max: 7324
	F25_('E1', 'S1')_tb: 63830
	F49_('S2', 'S3')_t3_min: 62725
	F15_('S4', 'S5')_tb: 680
	F52_('S2', 'E2')_tb: 14796
	F59_('S5', 'E5')_t3_min: 27635
	F36_('E1', 'S1')_t5_max: 1527
	F28_('S3', 'S2')_t5_max: 651
	F29_('E1', 'S1')_tb: 7493
	F22_('S2', 'E2')_t3_min: 52997
	F37_('S4', 'E4')_t4_max: 935
	F21_('S4', 'S3')_t5_max: 9480
	F1_('S4', 'S3')_tb: 15410
	F31_('S5', 'E5')_t5_min: 7812
	F11_('S4', 'E4')_t5_min: 7914
	F3_('S2', 'S1')_t5_min: 1503
	F45_('S2', 'E2')_tb: 31271
	F26_('S4', 'S5')_t5_max: 7772
	F10_('E1', 'S1')_t5_min: 544
	F5_('S3', 'E3')_t4_max: 15386
	F37_('S3', 'S4')_tb: 895
	F31_('S4', 'S5')_t5_min: 7803
	F34_('S1', 'E1')_tb: 582
	F49_('S2', 'S3')_t5_max: 62764
	F7_('E1', 'S1')_tb: 127898
	F56_('S4', 'E4')_t3_min: 126948
	F52_('S3', 'S2')_t5_min: 14794
	F52_('S2', 'E2')_t5_max: 14834
	F23_('S1', 'S2')_t5_min: 3798
	F47_('S2', 'S1')_tb: 30921
	F52_('S3', 'S2')_t5_max: 14812
	F16_('E4', 'S4')_t5_min: 31300
	F57_('E5', 'S5')_t5_max: 14845
	F23_('S4', 'E4')_tb: 3822
	('E5', 'S5')_gcl_length: 0
	F48_('S2', 'S1')_t5_max: 7206
	F3_('S2', 'S1')_t3_min: 1478
	F56_('S1', 'S2')_t5_min: 126763
	F39_('S2', 'S3')_t3_min: 127110
	F59_('E1', 'S1')_t4_min: 27556
	F33_('S3', 'E3')_t4_max: 526
	F13_('S3', 'S4')_t3_min: 7741
	F7_('E1', 'S1')_t3_min: 127898
	F22_('S3', 'S2')_t5_min: 52995
	F48_('E4', 'S4')_t3_min: 7126
	F59_('E1', 'S1')_t5_min: 27558
	F51_('S2', 'S3')_t3_max: 402
	('E3', 'S3')_gcl_length: 0
	F46_('E4', 'S4')_t5_max: 119083
	F17_('E3', 'S3')_t3_min: 988
	F24_('S2', 'S1')_t5_min: 36919
	F31_('S4', 'S5')_tb: 7796
	F43_('S3', 'S2')_t5_min: 31228
	F4_('S4', 'S3')_tb: 3167
	F34_('S1', 'E1')_t5_max: 658
	F16_('S4', 'S3')_t5_max: 31322
	F54_('S3', 'S4')_tb: 62885
	F14_('S5', 'S4')_t5_min: 2497
	F39_('E2', 'S2')_t4_min: 127097
	F53_('S3', 'S2')_t5_max: 127223
	F23_('S2', 'S3')_tb: 3800
	F43_('E3', 'S3')_t3_min: 31218
	F53_('E4', 'S4')_t5_min: 127186
	F56_('S3', 'S4')_t3_max: 126946
	F19_('S1', 'E1')_t3_min: 948
	F46_('S3', 'S2')_t3_min: 119107
	F0_('S3', 'E3')_t5_max: 110852
	F51_('S4', 'S5')_t5_min: 430
	F49_('S3', 'S4')_t5_max: 62787
	F56_('S2', 'S3')_t3_max: 126770
	F34_('E4', 'S4')_t4_min: 558
	F27_('S5', 'E5')_t5_max: 1719
	F9_('E5', 'S5')_t3_min: 127380
	F34_('S3', 'S2')_t3_max: 593
	F58_('S5', 'E5')_t5_max: 987
	F38_('S2', 'S3')_t3_min: 647
	F9_('S4', 'E4')_t4_max: 127440
	F48_('E4', 'S4')_t5_min: 7131
	F8_('S3', 'S2')_t5_max: 7375
	F23_('S4', 'E4')_t3_min: 3822
	F2_('S5', 'E5')_t5_min: 4688
	F0_('S3', 'E3')_t4_max: 110845
	F57_('S4', 'E4')_t4_max: 14885
	F36_('S1', 'S2')_t5_max: 1559
	F0_('S1', 'S2')_t3_min: 110773
	F45_('S2', 'E2')_t3_max: 31312
	F45_('S4', 'S3')_tb: 31251
	F24_('S4', 'S3')_t5_max: 36889
	F50_('S1', 'E1')_t3_min: 31408
	F1_('E5', 'S5')_t4_min: 15365
	F49_('E1', 'S1')_t3_min: 62715
	F40_('E3', 'S3')_t4_min: 2984
	F27_('S3', 'S4')_t3_max: 1670
	F23_('E1', 'S1')_t4_max: 3778
	F52_('E3', 'S3')_t4_min: 14788
	F21_('S4', 'S3')_t3_min: 9450
	F2_('E1', 'S1')_t5_max: 4592
	F33_('S2', 'S3')_tb: 458
	F51_('S3', 'S4')_t3_max: 417
	F11_('S2', 'S3')_t5_max: 7914
	F50_('S1', 'E1')_tb: 31413
	F38_('S2', 'S3')_tb: 647
	F42_('E2', 'S2')_t5_min: 26924
	F3_('S2', 'S1')_t3_max: 1483
	F10_('E1', 'S1')_t4_max: 537
	F47_('S3', 'S2')_t5_min: 30902
	F50_('S3', 'S2')_t5_max: 31383
	F21_('E4', 'S4')_t5_min: 9448
	F58_('S4', 'S5')_t3_max: 937
	F57_('E5', 'S5')_t4_min: 14832
	F47_('S3', 'S2')_tb: 30893
	F19_('S1', 'E1')_t4_max: 1002
	F26_('S2', 'S3')_tb: 7678
	F59_('E1', 'S1')_t3_min: 27556
	F24_('E4', 'S4')_t4_max: 36853
	F54_('S4', 'E4')_t5_min: 62911
	F19_('E3', 'S3')_t4_max: 915
	F20_('S2', 'S1')_t3_max: 7064
	F2_('S1', 'S2')_t3_min: 4594
	F39_('E2', 'S2')_t3_min: 127097
	F58_('S4', 'S5')_t5_max: 959
	F54_('E3', 'S3')_t5_min: 62883
	F28_('S3', 'S2')_t3_min: 630
	F20_('S2', 'S1')_t3_min: 7059
	F55_('E1', 'S1')_t5_max: 6762
	F49_('S5', 'E5')_t5_max: 62832
	F26_('S4', 'S5')_tb: 7706
	F56_('E1', 'S1')_tb: 126746
	F3_('S5', 'S4')_t3_min: 1421
	F43_('S3', 'S2')_t3_min: 31224
	F2_('S5', 'E5')_tb: 4685
	F17_('S1', 'E1')_t4_max: 1066
	('S4', 'S3')_gcl_length: 214
	F58_('S4', 'S5')_tb: 932
	F37_('S4', 'E4')_tb: 899
	F41_('E2', 'S2')_t5_max: 409
	F21_('S3', 'S2')_t3_min: 9482
	F17_('S1', 'E1')_t5_min: 1018
	F51_('S2', 'S3')_tb: 402
	F29_('S2', 'E2')_tb: 7503
	F25_('E1', 'S1')_t3_min: 63830
	F24_('S1', 'E1')_t3_min: 36921
	F20_('E3', 'S3')_t5_max: 7048
	F50_('S1', 'E1')_t5_max: 31415
	F30_('S5', 'E5')_t5_min: 80576
	F3_('S5', 'S4')_t5_max: 1434
	F21_('S2', 'E2')_t3_min: 9495
	F6_('E4', 'S4')_t4_max: 7030
	F6_('S4', 'S3')_t3_min: 7044
	F27_('S2', 'S3')_t5_max: 1663
	F31_('E4', 'S4')_t3_min: 7770
	F49_('S1', 'S2')_t3_min: 62720
	F26_('S5', 'E5')_tb: 7720
	F50_('E4', 'S4')_t5_max: 31365
	F39_('S3', 'E3')_t5_max: 127170
	F34_('S1', 'E1')_t3_max: 641
	F36_('E1', 'S1')_t5_min: 1527
	F25_('S1', 'S2')_t5_min: 63844
	F0_('S1', 'S2')_t5_min: 110780
	F40_('S3', 'S4')_t5_max: 3010
	F18_('S3', 'S2')_t5_max: 850
	F12_('S1', 'E1')_t3_max: 564
	F28_('S2', 'S1')_t3_min: 635
	F22_('S2', 'E2')_t5_max: 53020
	F53_('S3', 'S2')_t3_min: 127200
	F47_('E5', 'S5')_t5_min: 30817
	F56_('S2', 'S3')_t5_max: 126939
	F50_('S1', 'E1')_t3_max: 31413
	F13_('S4', 'E4')_t3_max: 7805
	F12_('E4', 'S4')_t5_min: 524
	F12_('S1', 'E1')_t3_min: 559
	F50_('S3', 'S2')_t5_min: 31383
	F33_('S1', 'S2')_t5_max: 474
	F38_('S1', 'S2')_tb: 632
	F14_('S4', 'S3')_t3_min: 2499
	F40_('E3', 'S3')_t3_min: 2984
	F49_('S4', 'S5')_t3_max: 62794
	F23_('S3', 'S4')_t5_min: 3820
	F34_('S4', 'S3')_t5_max: 586
	F57_('S4', 'E4')_t5_max: 14898
	F0_('S2', 'S3')_t5_min: 110789
	F51_('E1', 'S1')_t3_min: 372
	F50_('S4', 'S3')_t5_max: 31374
	F26_('E2', 'S2')_t5_min: 7676
	F5_('S3', 'E3')_t5_max: 15390
	F1_('S2', 'E2')_t5_max: 15457
	F59_('S1', 'S2')_t3_min: 27560
	F18_('E4', 'S4')_tb: 807
	F43_('S2', 'E2')_t4_max: 31266
	F54_('S4', 'E4')_tb: 62899
	F21_('S3', 'S2')_tb: 9482
	F15_('S3', 'S4')_t5_max: 661
	F47_('S1', 'E1')_t3_max: 30937
	F18_('S2', 'S1')_t3_max: 857
	F51_('S2', 'S3')_t3_min: 397
	F46_('S4', 'S3')_t5_min: 119105
	F25_('E1', 'S1')_t4_min: 63830
	F11_('S3', 'S4')_t3_max: 7921
	F2_('S5', 'E5')_t4_max: 4703
	F38_('S3', 'S4')_tb: 662
	F47_('S4', 'S3')_t3_min: 30830
	F31_('E4', 'S4')_t5_max: 7777
	F15_('S3', 'S4')_tb: 637
	F20_('S3', 'S2')_t5_min: 7057
	F14_('E5', 'S5')_t5_min: 2491
	F12_('S2', 'S1')_t3_min: 548
	F46_('S4', 'S3')_t5_max: 119105
	F41_('S2', 'S3')_tb: 411
	F35_('S2', 'S3')_t5_min: 518
	F35_('S3', 'S4')_t5_max: 585
	F37_('S4', 'E4')_t3_max: 922
	F8_('S4', 'S3')_t5_max: 7343
	F2_('S4', 'S5')_t3_max: 4668
	F48_('S3', 'S2')_t5_max: 7181
	F1_('S4', 'S3')_t5_max: 15413
	F55_('S1', 'S2')_tb: 6769
	F22_('E4', 'S4')_tb: 52954
	F44_('E4', 'S4')_tb: 7024
	F35_('E1', 'S1')_t3_min: 481
	F41_('S2', 'S3')_t5_min: 422
	F47_('S2', 'S1')_t5_max: 30930
	F46_('S1', 'E1')_t5_max: 119153
	F27_('S3', 'S4')_t3_min: 1629
	F9_('E5', 'S5')_t5_min: 127390
	F59_('S3', 'S4')_t3_min: 27591
	F0_('E1', 'S1')_t5_max: 110771
	F45_('S3', 'S2')_t3_max: 31284
	F27_('S2', 'S3')_t5_min: 1627
	F45_('S3', 'S2')_t3_min: 31261
	F35_('S5', 'E5')_t3_min: 617
	F5_('S4', 'S3')_tb: 15344
	F13_('S2', 'S3')_t3_max: 7759
	F28_('S3', 'S2')_t5_min: 633
	F49_('S2', 'S3')_t5_min: 62728
	F52_('E3', 'S3')_t5_max: 14790
	F18_('S1', 'E1')_t3_max: 878
	F39_('S3', 'E3')_t4_max: 127159
	F56_('S4', 'E4')_t5_max: 126989
	F12_('S1', 'E1')_t5_min: 563
	F19_('S1', 'E1')_tb: 948
	F0_('S2', 'S3')_tb: 110782
	F39_('S3', 'E3')_t5_min: 127134
	F6_('S3', 'S2')_t5_min: 7070
	F27_('E1', 'S1')_t4_min: 1614
	F32_('S1', 'E1')_t3_max: 25089
	F27_('E1', 'S1')_t5_max: 1617
	F16_('S4', 'S3')_t3_min: 31302
	F9_('S5', 'S4')_tb: 127392
	F51_('S2', 'S3')_t5_max: 410
	F49_('S1', 'S2')_t5_max: 62741
	F39_('S2', 'S3')_t5_min: 127121
	F4_('S5', 'S4')_t3_min: 3158
	F13_('S3', 'S4')_t5_min: 7744
	F7_('S3', 'S4')_t5_min: 127972
	F3_('E5', 'S5')_t4_min: 1411
	F40_('S3', 'S4')_tb: 2989
	F39_('E2', 'S2')_tb: 127097
	F28_('E3', 'S3')_tb: 625
	F16_('S2', 'E2')_tb: 31351
	F51_('S5', 'E5')_t3_min: 432
	F7_('S3', 'S4')_t5_max: 127972
	F47_('S2', 'S1')_t5_min: 30930
	F13_('S1', 'S2')_t5_min: 7734
	F38_('E1', 'S1')_t4_min: 617
	F3_('S5', 'S4')_t5_min: 1434
	F7_('S2', 'S3')_t5_min: 127940
	F1_('S4', 'S3')_t5_min: 15413
	F3_('S4', 'S3')_tb: 1441
	F24_('S2', 'S1')_t3_max: 36911
	F25_('S3', 'E3')_t4_max: 63908
	F6_('E4', 'S4')_t5_min: 7042
	F53_('S1', 'E1')_t3_min: 127249
	F42_('S2', 'S3')_tb: 26926
	F23_('E1', 'S1')_t3_min: 3778
	F31_('E4', 'S4')_tb: 7770
	F8_('E5', 'S5')_t3_min: 7293
	F58_('S5', 'E5')_t3_max: 966
	F31_('E4', 'S4')_t4_min: 7770
	F6_('S3', 'S2')_t3_max: 7081
	F0_('S1', 'S2')_tb: 110773
	F34_('S3', 'S2')_t5_max: 610
	F20_('E3', 'S3')_t4_min: 7046
	F28_('S1', 'E1')_t4_max: 681
	F33_('S3', 'E3')_t5_min: 484
	F10_('E1', 'S1')_tb: 537
	F58_('S3', 'S4')_t5_min: 930
	F33_('S3', 'E3')_t3_max: 513
	F13_('S4', 'E4')_t5_max: 7821
	F4_('S4', 'S3')_t5_min: 3169
	F40_('S4', 'E4')_t3_max: 3017
	F8_('S4', 'S3')_t5_min: 7343
	F4_('S4', 'S3')_t3_max: 3172
	F38_('S2', 'S3')_t5_max: 696
	F3_('S1', 'E1')_tb: 1505
	F15_('S5', 'E5')_t3_max: 693
	F6_('S3', 'S2')_t3_min: 7058
	F3_('S1', 'E1')_t3_max: 1510
	F42_('E2', 'S2')_tb: 26921
	F36_('S2', 'E2')_t4_max: 1579
	F37_('E3', 'S3')_t5_min: 893
	F7_('S4', 'E4')_t3_max: 127979
	F25_('E1', 'S1')_t5_max: 63836
	F56_('S1', 'S2')_t5_max: 126763
	F20_('S3', 'S2')_tb: 7055
	F52_('S2', 'E2')_t5_min: 14798
	F48_('S1', 'E1')_t3_max: 7213
	F48_('S3', 'S2')_t3_max: 7163
	F47_('S5', 'S4')_t5_max: 30846
	F25_('E1', 'S1')_t4_max: 63830
	F1_('S5', 'S4')_t5_min: 15373
	F44_('S5', 'E5')_t5_max: 7078
	F55_('S2', 'E2')_t4_max: 6792
	F13_('S4', 'E4')_tb: 7746
	F36_('S1', 'S2')_t5_min: 1541
	F49_('S4', 'S5')_t5_min: 62738
	F53_('S4', 'S3')_tb: 127193
	F37_('E3', 'S3')_t3_min: 891
	F39_('S2', 'S3')_tb: 127110
	F53_('S1', 'E1')_t5_max: 127272
	F30_('S5', 'E5')_tb: 80573
	F7_('S3', 'S4')_tb: 127965
	F42_('S4', 'E4')_tb: 26936
	F14_('S3', 'E3')_tb: 2505
	F21_('S4', 'S3')_tb: 9469
	F56_('E1', 'S1')_t5_min: 126751
	F17_('E3', 'S3')_t5_max: 994
	F24_('E4', 'S4')_tb: 36853
	F24_('E4', 'S4')_t3_min: 36853
	F21_('E4', 'S4')_t3_min: 9437
	F44_('S4', 'S5')_t5_min: 7053
	F5_('S4', 'S3')_t5_max: 15366
	F6_('S3', 'S2')_t5_max: 7106
	F57_('E5', 'S5')_t3_min: 14832
	F55_('E1', 'S1')_t4_max: 6759
	F22_('S3', 'S2')_t5_max: 52995
	F20_('S1', 'E1')_t4_max: 7078
	F38_('S4', 'E4')_t5_max: 762
	F27_('S5', 'E5')_t3_min: 1698
	F30_('S4', 'S5')_t5_min: 80571
	F6_('S2', 'S1')_t5_min: 7125
	F28_('E3', 'S3')_t5_min: 628
	F50_('S2', 'S1')_t5_max: 31406
	F7_('E1', 'S1')_t5_max: 127905
	F33_('S3', 'E3')_tb: 472
	F34_('S3', 'S2')_tb: 570
	F27_('S1', 'S2')_t5_min: 1622
	F57_('S5', 'S4')_t5_min: 14865
	F56_('S1', 'S2')_tb: 126758
	F21_('E4', 'S4')_t4_min: 9437
	F46_('S4', 'S3')_tb: 119102
	F25_('S3', 'E3')_t5_min: 63860
	F51_('S1', 'S2')_t5_min: 395
	F3_('S4', 'S3')_t3_min: 1436
	F30_('S4', 'S5')_t5_max: 80589
	F10_('S3', 'E3')_t4_max: 618
	F38_('S4', 'E4')_t4_max: 749
	F48_('S2', 'S1')_t5_min: 7152
	F35_('S4', 'S5')_t3_min: 533
	F59_('S4', 'S5')_t3_min: 27613
	F36_('E1', 'S1')_t4_max: 1515
	F15_('S5', 'E5')_tb: 688
	F22_('S2', 'E2')_tb: 52997
	F51_('E1', 'S1')_t5_min: 380
	F42_('S3', 'S4')_t3_max: 26954
	F2_('S3', 'S4')_tb: 4604
	F31_('S5', 'E5')_t3_min: 7805
	F10_('S3', 'E3')_t3_max: 605
	F17_('S2', 'S1')_tb: 1004
	F15_('E3', 'S3')_t4_min: 629
	F34_('S3', 'S2')_t5_min: 574
	F46_('S4', 'S3')_t3_min: 119085
	F58_('S5', 'E5')_t5_min: 987
	F51_('S1', 'S2')_t3_min: 382
	F24_('S2', 'S1')_tb: 36911
	F19_('S2', 'S1')_tb: 937
	F26_('S3', 'S4')_t3_min: 7692
	F45_('S4', 'S3')_t3_min: 31251
	F2_('S5', 'E5')_t3_min: 4685
	F35_('S1', 'S2')_t5_min: 505
	F38_('E1', 'S1')_t5_min: 630
	F11_('E2', 'S2')_t4_min: 7880
	F36_('S2', 'E2')_t3_min: 1543
	F20_('E3', 'S3')_tb: 7046
	F48_('S1', 'E1')_tb: 7154
	F27_('S2', 'S3')_tb: 1624
	F42_('E2', 'S2')_t3_min: 26921
	F54_('E3', 'S3')_t4_min: 62871
	F24_('E4', 'S4')_t5_max: 36861
	F18_('S3', 'S2')_t5_min: 814
	F55_('S1', 'S2')_t3_min: 6764
	F57_('S5', 'S4')_tb: 14852
	F13_('S1', 'S2')_tb: 7731
	F11_('S4', 'E4')_tb: 7907
	F12_('S2', 'S1')_t5_min: 557
	F6_('E4', 'S4')_t4_min: 7030
	F32_('S1', 'E1')_t5_max: 25114
	F23_('E1', 'S1')_t5_min: 3787
	F58_('S5', 'E5')_tb: 978
	F47_('S3', 'S2')_t3_max: 30881
	F36_('E1', 'S1')_tb: 1515
	F50_('S4', 'S3')_t3_min: 31367
	F38_('S3', 'S4')_t3_min: 662
	F33_('E1', 'S1')_t5_max: 442
	F15_('S5', 'E5')_t5_min: 694
	F13_('E1', 'S1')_t4_max: 7726
	F59_('S3', 'S4')_tb: 27609
	F17_('S1', 'E1')_tb: 1012
	F35_('E1', 'S1')_t5_max: 492
	F1_('S2', 'E2')_t5_min: 15457
	F34_('S1', 'E1')_t3_min: 582
	F6_('S4', 'S3')_tb: 7044
	F38_('E1', 'S1')_t4_max: 617
	F0_('S3', 'E3')_tb: 110791
	F4_('E5', 'S5')_t5_max: 3156
	F56_('E1', 'S1')_t3_min: 126746
	F34_('S2', 'S1')_t3_max: 617
	F26_('S5', 'E5')_t4_max: 7792
	F41_('S2', 'S3')_t5_max: 440
	F53_('E4', 'S4')_t3_min: 127181
	F45_('E5', 'S5')_t4_min: 31226
	F55_('S1', 'S2')_t5_max: 6772
	F38_('S3', 'S4')_t5_max: 729
	F38_('S2', 'S3')_t3_max: 670
	F48_('S3', 'S2')_t3_min: 7140
	F38_('S1', 'S2')_t5_min: 645
	('S2', 'S1')_gcl_length: 208
	F7_('S4', 'E4')_tb: 127974
	F51_('S4', 'S5')_t5_max: 466
	F32_('S3', 'S2')_t3_min: 25033
	F1_('S4', 'S3')_t3_max: 15398
	F58_('E3', 'S3')_t5_max: 914
	F52_('E3', 'S3')_t4_max: 14788
	F55_('E1', 'S1')_t3_min: 6759
	F48_('S4', 'S3')_t5_min: 7138
	F43_('E3', 'S3')_t4_min: 31218
	F22_('S2', 'E2')_t3_max: 53002
	F45_('S2', 'E2')_t3_min: 31271
	F8_('E5', 'S5')_t5_max: 7305
	F43_('E3', 'S3')_tb: 31218
	F13_('S3', 'S4')_t5_max: 7798
	F34_('S4', 'S3')_t5_min: 568
	F13_('S1', 'S2')_t3_min: 7731
	F32_('E3', 'S3')_tb: 25019
	F51_('S4', 'S5')_t3_min: 422
	F34_('E4', 'S4')_t4_max: 558
	F50_('S3', 'S2')_t3_min: 31376
	F24_('S2', 'S1')_t3_min: 36906
	F20_('E3', 'S3')_t4_max: 7046
	F50_('E4', 'S4')_t5_min: 31365
	F35_('S4', 'S5')_t3_max: 592
	F3_('S4', 'S3')_t5_min: 1449
	F25_('S1', 'S2')_tb: 63838
	F35_('S3', 'S4')_t3_max: 561
	F54_('S4', 'E4')_t3_max: 62922
	F44_('S5', 'E5')_t3_min: 7055
	F40_('S3', 'S4')_t5_min: 2992
	F44_('E4', 'S4')_t5_min: 7029
	F32_('S1', 'E1')_t5_min: 25096
	F36_('S2', 'E2')_tb: 1543
	F56_('S4', 'E4')_t3_max: 126971
	F24_('S1', 'E1')_t3_max: 36926
	F27_('S4', 'S5')_t3_max: 1693
	F30_('E4', 'S4')_t4_min: 80563
	F59_('S4', 'S5')_t5_max: 27633
	F58_('S3', 'S4')_t5_max: 930
	F26_('E2', 'S2')_t5_max: 7676
	F54_('E3', 'S3')_t4_max: 62871
	F10_('E1', 'S1')_t3_min: 537
	F13_('S3', 'S4')_t3_max: 7782
	F33_('S2', 'S3')_t3_max: 481
	F25_('E1', 'S1')_t5_min: 63836
	F9_('S4', 'E4')_t3_max: 127427
	F37_('E3', 'S3')_t4_max: 891
	F18_('S4', 'S3')_t5_min: 811
	F56_('S3', 'S4')_tb: 126941
	F24_('S1', 'E1')_tb: 36921
	F16_('S4', 'S3')_tb: 31302
	F35_('S5', 'E5')_t5_max: 646
	F14_('S5', 'S4')_tb: 2493
	F56_('S1', 'S2')_t3_min: 126753
	F53_('S2', 'S1')_t3_min: 127207
	F35_('E1', 'S1')_t5_min: 492
	F32_('S1', 'E1')_t4_max: 25102
	F48_('S1', 'E1')_t5_max: 7231
	F39_('E2', 'S2')_t5_min: 127108
	F3_('S3', 'S2')_t3_max: 1456
	F7_('E1', 'S1')_t4_min: 127898
	F35_('S5', 'E5')_t4_max: 635
	F28_('E3', 'S3')_t4_min: 625
	F13_('S2', 'S3')_t5_min: 7739
	F33_('S2', 'S3')_t5_max: 506
	F15_('S3', 'S4')_t3_min: 637
	F25_('S2', 'S3')_t3_min: 63846
	F26_('S4', 'S5')_t5_min: 7718
	F25_('S2', 'S3')_t3_max: 63869
	F14_('S5', 'S4')_t5_max: 2515
	F19_('S1', 'E1')_t5_max: 1011
	F13_('S4', 'E4')_t5_min: 7749
	F50_('E4', 'S4')_t3_min: 31363
	F26_('S5', 'E5')_t5_max: 7804
	F3_('S3', 'S2')_t3_min: 1451
	F53_('E4', 'S4')_t5_max: 127186
	F55_('E1', 'S1')_tb: 6759
	F50_('S4', 'S3')_t5_min: 31374
	F41_('S3', 'E3')_t3_max: 447
	F40_('S4', 'E4')_t3_min: 2994
	F24_('S3', 'S2')_t5_max: 36904
	F21_('E4', 'S4')_t5_max: 9448
	F19_('S1', 'E1')_t5_min: 957
	F3_('S2', 'S1')_tb: 1495
	F26_('S3', 'S4')_t5_max: 7740
	F57_('E5', 'S5')_tb: 14832
	F28_('S3', 'S2')_tb: 630
	F22_('E4', 'S4')_t3_min: 52954
	F0_('E1', 'S1')_t4_max: 110764
	F9_('E5', 'S5')_t5_max: 127390
	F10_('S1', 'S2')_t3_min: 546
	F46_('S2', 'S1')_t3_max: 119131
	F52_('S3', 'S2')_tb: 14792
	F1_('S5', 'S4')_t5_max: 15391
	F1_('E5', 'S5')_t5_min: 15368
	F34_('S2', 'S1')_t5_min: 580
	F46_('S3', 'S2')_t5_max: 119124
	F18_('S1', 'E1')_t5_min: 820
	F42_('S4', 'E4')_t4_max: 26990
	F31_('S4', 'S5')_t5_max: 7803
	F45_('S4', 'S3')_t3_max: 31256
	F31_('S5', 'E5')_t3_max: 7810
	F15_('E3', 'S3')_t5_max: 635
	F12_('S2', 'S1')_tb: 553
	F20_('S3', 'S2')_t5_max: 7057
	F19_('S3', 'S2')_t5_max: 953
	F11_('S3', 'S4')_t3_min: 7898
	('S2', 'E2')_gcl_length: 18
	F34_('S4', 'S3')_tb: 564
	F11_('S4', 'E4')_t4_max: 7961
	F6_('S1', 'E1')_t4_max: 7132
	F43_('E3', 'S3')_t5_max: 31222
	F35_('S3', 'S4')_t5_min: 531
	F26_('S3', 'S4')_t5_min: 7704
	F17_('S1', 'E1')_t3_min: 1012
	F59_('E1', 'S1')_tb: 27556
	F17_('S3', 'S2')_t5_min: 1002
	F30_('E4', 'S4')_t5_max: 80566
	F7_('S4', 'E4')_t5_max: 127999
	F53_('S2', 'S1')_tb: 127242
	F22_('S3', 'S2')_tb: 52990
	F2_('S4', 'S5')_t5_min: 4683
	F49_('S5', 'E5')_t4_max: 62829
	F4_('E5', 'S5')_t4_min: 3154
	F6_('S1', 'E1')_t5_min: 7144
	F32_('E3', 'S3')_t4_max: 25019
	F24_('S1', 'E1')_t5_max: 36947
	F4_('S5', 'S4')_t5_min: 3165
	F28_('E3', 'S3')_t5_max: 628
	F10_('S2', 'S3')_tb: 555
	F16_('S2', 'E2')_t5_max: 31353
	F18_('S2', 'S1')_t5_max: 871
	F27_('E1', 'S1')_tb: 1614
	F5_('S3', 'E3')_t3_max: 15373
	F59_('S4', 'S5')_t5_min: 27633
	F5_('E4', 'S4')_t3_min: 15338
	F44_('E4', 'S4')_t4_max: 7024
	F6_('S3', 'S2')_tb: 7058
	F55_('S2', 'E2')_t5_max: 6795
	F54_('S3', 'S4')_t3_min: 62885
	F39_('S2', 'S3')_t5_max: 127139
	F26_('S5', 'E5')_t5_min: 7732
	F23_('S1', 'S2')_t3_min: 3789
	F13_('S4', 'E4')_t3_min: 7746
	F7_('S2', 'S3')_t3_max: 127938
	F49_('E1', 'S1')_tb: 62715
	F12_('S3', 'S2')_tb: 542
	F10_('S2', 'S3')_t5_max: 598
	F8_('S3', 'S2')_t5_min: 7357
	F46_('E4', 'S4')_t4_max: 119080
	F16_('S3', 'S2')_t5_max: 31344
	F5_('E4', 'S4')_t4_max: 15338
	F24_('E4', 'S4')_t4_min: 36853
	F12_('S1', 'E1')_t5_max: 581
	F56_('S4', 'E4')_tb: 126948
	F37_('S3', 'S4')_t5_max: 915
	F46_('E4', 'S4')_t4_min: 119080
	F29_('S2', 'E2')_t5_max: 7542
	F23_('E1', 'S1')_tb: 3778
	F0_('E1', 'S1')_t3_min: 110764
	F3_('S2', 'S1')_t5_max: 1503
	F31_('S5', 'E5')_t4_max: 7823
	F22_('S2', 'E2')_t5_min: 53002
	F43_('S2', 'E2')_t3_min: 31230
	F15_('S4', 'S5')_t5_max: 686
	F32_('S2', 'S1')_t3_min: 25047
	F18_('S1', 'E1')_t4_max: 891
	F43_('E3', 'S3')_t4_max: 31218
	F0_('S1', 'S2')_t5_max: 110798
	F0_('S2', 'S3')_t5_max: 110825
	F17_('E3', 'S3')_t4_min: 988
	F51_('E1', 'S1')_t4_max: 372
	F34_('S2', 'S1')_t5_max: 634
	F10_('S1', 'S2')_t5_min: 553
	F0_('E1', 'S1')_t4_min: 110764
	F3_('S4', 'S3')_t5_max: 1449
	F46_('S1', 'E1')_tb: 119150
	F32_('S3', 'S2')_tb: 25033
	F31_('E4', 'S4')_t5_min: 7777
	F43_('S2', 'E2')_t5_max: 31270
	F46_('E4', 'S4')_t3_min: 119080
	F34_('E4', 'S4')_t5_min: 562
	F13_('S2', 'S3')_t5_max: 7775
	F17_('S3', 'S2')_tb: 996
	F50_('S4', 'S3')_tb: 31372
	F53_('S3', 'S2')_t3_max: 127205
	F1_('S5', 'S4')_t3_min: 15370
	F21_('S2', 'E2')_tb: 9495
	F16_('E4', 'S4')_t3_min: 31298
	F8_('E5', 'S5')_t5_min: 7305
	F10_('S2', 'S3')_t3_min: 555
	F37_('S4', 'E4')_t5_max: 937
	F15_('S3', 'S4')_t5_min: 643
	F49_('S3', 'S4')_t3_max: 62771
	F23_('S1', 'S2')_tb: 3789
	F53_('S1', 'E1')_t5_min: 127254
	F19_('S3', 'S2')_t5_min: 935
	F26_('S5', 'E5')_t3_max: 7779
	F48_('S2', 'S1')_t3_min: 7147
	F47_('S3', 'S2')_t5_max: 30902
	F22_('E4', 'S4')_t4_max: 52954
	F4_('S3', 'E3')_t5_max: 3209
	F26_('S2', 'S3')_t5_min: 7690
	F34_('E4', 'S4')_tb: 558
	F1_('S5', 'S4')_tb: 15370
	F37_('S3', 'S4')_t3_min: 895
	F20_('S1', 'E1')_t3_max: 7078
	F23_('S3', 'S4')_t3_max: 3852
	F50_('E4', 'S4')_tb: 31363
	F28_('E3', 'S3')_t3_min: 625
	F7_('E1', 'S1')_t4_max: 127898
	F19_('S3', 'S2')_t3_min: 926
	F17_('S2', 'S1')_t3_min: 1004
	F3_('S4', 'S3')_t3_max: 1441
	F49_('S2', 'S3')_t3_max: 62748
	F2_('S2', 'S3')_t3_min: 4599
	F16_('S4', 'S3')_t5_min: 31304
	F37_('S4', 'E4')_t3_min: 899
	F20_('S2', 'S1')_t5_max: 7071
	F47_('E5', 'S5')_t3_min: 30808
	F27_('S5', 'E5')_t4_max: 1716
	F38_('E1', 'S1')_t3_min: 617
	F23_('S1', 'S2')_t5_max: 3816
	F14_('S3', 'E3')_t4_max: 2559
	F22_('S4', 'S3')_t5_max: 52983
	F18_('E4', 'S4')_t5_max: 808
	F16_('S3', 'S2')_t3_max: 31329
	F1_('S3', 'S2')_t5_min: 15435
	F23_('S3', 'S4')_t3_min: 3811
	F32_('E3', 'S3')_t4_min: 25019
	F42_('S3', 'S4')_tb: 26931
	F40_('E3', 'S3')_tb: 2984
	F16_('S3', 'S2')_tb: 31342
	F57_('S4', 'E4')_t3_min: 14867
	F27_('S5', 'E5')_tb: 1698
	F50_('E4', 'S4')_t4_min: 31363
	F2_('S3', 'S4')_t5_min: 4607
	F40_('E3', 'S3')_t4_max: 2984
	F2_('S3', 'S4')_t3_max: 4645
	F27_('S2', 'S3')_t3_max: 1647
	F16_('E4', 'S4')_t5_max: 31300
	F1_('E5', 'S5')_tb: 15365
	F12_('S3', 'S2')_t5_max: 546
	F39_('S3', 'E3')_tb: 127123
	F35_('S3', 'S4')_t3_min: 520
	F51_('S1', 'S2')_t5_max: 395
	F46_('S1', 'E1')_t3_min: 119145
	F15_('S5', 'E5')_t3_min: 688
	F28_('S1', 'E1')_t3_min: 663
	F18_('E4', 'S4')_t4_min: 807
	F9_('S4', 'E4')_t3_min: 127404
	F23_('E1', 'S1')_t4_min: 3778
	('S4', 'E4')_gcl_length: 0
	F45_('S5', 'S4')_t5_min: 31249
	('S3', 'S2')_gcl_length: 196
	F1_('S2', 'E2')_t4_max: 15454
	F50_('S2', 'S1')_tb: 31404
	F41_('E2', 'S2')_t5_min: 409
	F33_('S2', 'S3')_t3_min: 458
	F7_('S2', 'S3')_tb: 127933
	F34_('S4', 'S3')_t3_min: 564
	F27_('S4', 'S5')_t3_min: 1634
	F49_('E1', 'S1')_t4_max: 62715
	F17_('S3', 'S2')_t3_min: 996
	F21_('S3', 'S2')_t3_max: 9487
	F7_('S2', 'S3')_t5_max: 127958
	F14_('E5', 'S5')_t3_min: 2487
	F56_('S3', 'S4')_t3_min: 126941
	F40_('S4', 'E4')_tb: 2994
	F10_('S3', 'E3')_tb: 564
	F59_('S4', 'S5')_t3_max: 27618
	F49_('E1', 'S1')_t4_min: 62715
	F45_('S3', 'S2')_t5_min: 31269
	F28_('E3', 'S3')_t4_max: 625
	F27_('S5', 'E5')_t3_max: 1703
	F47_('S1', 'E1')_t5_max: 30958
	F33_('E1', 'S1')_t5_min: 442
	F13_('E1', 'S1')_t4_min: 7726
	F38_('E1', 'S1')_tb: 617
	F49_('S5', 'E5')_tb: 62829
	F21_('E4', 'S4')_tb: 9437
	F54_('E3', 'S3')_t3_min: 62871
	F44_('E4', 'S4')_t4_min: 7024
	F27_('S1', 'S2')_t5_max: 1640
	F53_('E4', 'S4')_t4_min: 127181
	F4_('S3', 'E3')_t3_min: 3171
	F11_('E2', 'S2')_t3_min: 7880
	F5_('S3', 'E3')_t5_min: 15354
	F56_('S4', 'E4')_t5_min: 126953
	F53_('S1', 'E1')_tb: 127249
	F39_('S3', 'E3')_t3_min: 127123
	F32_('S3', 'S2')_t5_max: 25063
	F53_('S2', 'S1')_t3_max: 127230
	F37_('S3', 'S4')_t5_min: 897
	F32_('S2', 'S1')_t3_max: 25070
	F2_('S2', 'S3')_t5_min: 4602
	F58_('E3', 'S3')_tb: 905
	F48_('S4', 'S3')_tb: 7133
	F58_('E3', 'S3')_t5_min: 914
	F11_('E2', 'S2')_t5_max: 7887
	F33_('E1', 'S1')_t4_max: 430
	F25_('S2', 'S3')_t5_max: 63888
	F45_('S3', 'S2')_t5_max: 31305
	F12_('S3', 'S2')_t3_min: 537
	F29_('E1', 'S1')_t4_max: 7493
	F8_('S2', 'E2')_t5_min: 7371
	F6_('S2', 'S1')_t5_max: 7125
	F33_('E1', 'S1')_t3_min: 430
	F15_('S4', 'S5')_t3_max: 668
	F41_('S3', 'E3')_tb: 424
	F19_('S2', 'S1')_t5_min: 946
	F35_('S3', 'S4')_tb: 520
	F12_('S4', 'S3')_t5_min: 535
	F7_('S2', 'S3')_t3_min: 127933
	F35_('S2', 'S3')_tb: 507
	F27_('E1', 'S1')_t3_min: 1614
	F11_('S3', 'S4')_t5_max: 7941
	F3_('S1', 'E1')_t3_min: 1505
	F50_('S1', 'E1')_t4_max: 31413
	F47_('S2', 'S1')_t3_min: 30904
	F47_('E5', 'S5')_t4_max: 30808
	F2_('S3', 'S4')_t5_max: 4661
	F36_('S2', 'E2')_t5_min: 1555
	F2_('E1', 'S1')_t4_min: 4589
	F51_('S5', 'E5')_t3_max: 473
	F23_('S2', 'S3')_t5_min: 3809
	F37_('S4', 'E4')_t5_min: 901
	F24_('S3', 'S2')_t5_min: 36904
	F6_('S2', 'S1')_t3_max: 7113
