0. Flow F0 [E5-->E4] with period 8000, payload 851B, e2e delay 8000us, jitter 800us
	('E5', 'S5'), Operation(7493, None, 7500)(7493, 7493)
	('S5', 'S4'), Operation(7502, 7507, 7514)(7507, 7507)
	('S4', 'E4'), Operation(7516, None, 7541)(7516, 7534)
1. Flow F1 [E2-->E4] with period 128000, payload 744B, e2e delay 128000us, jitter 12800us
	('E2', 'S2'), Operation(77398, None, 77404)(77398, 77398)
	('S2', 'S3'), Operation(77406, 77411, 77417)(77411, 77411)
	('S3', 'S4'), Operation(77419, 77424, 77430)(77424, 77424)
	('S4', 'E4'), Operation(77432, None, 77456)(77432, 77450)
2. Flow F2 [E2-->E5] with period 8000, payload 1278B, e2e delay 8000us, jitter 800us
	('E2', 'S2'), Operation(1314, None, 1325)(1314, 1314)
	('S2', 'S3'), Operation(1327, None, 1356)(1327, 1345)
	('S3', 'S4'), Operation(1340, None, 1387)(1340, 1376)
	('S4', 'S5'), Operation(1353, 1394, 1405)(1394, 1394)
	('S5', 'E5'), Operation(1407, None, 1436)(1407, 1425)
3. Flow F3 [E4-->E3] with period 64000, payload 502B, e2e delay 64000us, jitter 6400us
	('E4', 'S4'), Operation(11875, None, 11880)(11875, 11875)
	('S4', 'S3'), Operation(11882, None, 11905)(11882, 11900)
	('S3', 'E3'), Operation(11889, None, 11930)(11889, 11925)
4. Flow F4 [E5-->E2] with period 32000, payload 688B, e2e delay 32000us, jitter 3200us
	('E5', 'S5'), Operation(29585, None, 29591)(29585, 29585)
	('S5', 'S4'), Operation(29593, None, 29617)(29593, 29611)
	('S4', 'S3'), Operation(29601, 29624, 29630)(29624, 29624)
	('S3', 'S2'), Operation(29632, None, 29656)(29632, 29650)
	('S2', 'E2'), Operation(29640, None, 29682)(29640, 29676)
5. Flow F5 [E2-->E5] with period 2000, payload 1184B, e2e delay 2000us, jitter 200us
	('E2', 'S2'), Operation(1374, None, 1384)(1374, 1374)
	('S2', 'S3'), Operation(1386, 1391, 1401)(1391, 1391)
	('S3', 'S4'), Operation(1403, 1408, 1418)(1408, 1408)
	('S4', 'S5'), Operation(1420, 1425, 1435)(1425, 1425)
	('S5', 'E5'), Operation(1437, None, 1465)(1437, 1455)
6. Flow F6 [E4-->E5] with period 64000, payload 166B, e2e delay 64000us, jitter 6400us
	('E4', 'S4'), Operation(63724, None, 63726)(63724, 63724)
	('S4', 'S5'), Operation(63728, 63733, 63735)(63733, 63733)
	('S5', 'E5'), Operation(63737, 63742, 63744)(63742, 63742)
7. Flow F7 [E5-->E1] with period 16000, payload 137B, e2e delay 16000us, jitter 1600us
	('E5', 'S5'), Operation(15674, None, 15676)(15674, 15674)
	('S5', 'S4'), Operation(15678, None, 15698)(15678, 15696)
	('S4', 'S3'), Operation(15682, 15705, 15707)(15705, 15705)
	('S3', 'S2'), Operation(15709, None, 15729)(15709, 15727)
	('S2', 'S1'), Operation(15713, None, 15751)(15713, 15749)
	('S1', 'E1'), Operation(15717, None, 15773)(15717, 15771)
8. Flow F8 [E2-->E5] with period 4000, payload 1089B, e2e delay 4000us, jitter 400us
	('E2', 'S2'), Operation(1493, None, 1502)(1493, 1493)
	('S2', 'S3'), Operation(1504, None, 1531)(1504, 1522)
	('S3', 'S4'), Operation(1515, 1538, 1547)(1538, 1538)
	('S4', 'S5'), Operation(1549, 1554, 1563)(1554, 1554)
	('S5', 'E5'), Operation(1565, None, 1592)(1565, 1583)
9. Flow F9 [E3-->E2] with period 64000, payload 76B, e2e delay 64000us, jitter 6400us
	('E3', 'S3'), Operation(37716, None, 37717)(37716, 37716)
	('S3', 'S2'), Operation(37719, None, 37738)(37719, 37737)
	('S2', 'E2'), Operation(37722, 37745, 37746)(37745, 37745)
10. Flow F10 [E4-->E5] with period 2000, payload 519B, e2e delay 2000us, jitter 200us
	('E4', 'S4'), Operation(1755, None, 1760)(1755, 1755)
	('S4', 'S5'), Operation(1762, 1767, 1772)(1767, 1767)
	('S5', 'E5'), Operation(1774, None, 1797)(1774, 1792)
11. Flow F11 [E1-->E2] with period 16000, payload 1134B, e2e delay 16000us, jitter 1600us
	('E1', 'S1'), Operation(1, None, 11)(1, 1)
	('S1', 'S2'), Operation(13, 18, 28)(18, 18)
	('S2', 'E2'), Operation(30, None, 58)(30, 48)
12. Flow F12 [E3-->E1] with period 16000, payload 814B, e2e delay 16000us, jitter 1600us
	('E3', 'S3'), Operation(13955, None, 13962)(13955, 13955)
	('S3', 'S2'), Operation(13964, None, 13989)(13964, 13982)
	('S2', 'S1'), Operation(13973, 13996, 14003)(13996, 13996)
	('S1', 'E1'), Operation(14005, None, 14030)(14005, 14023)
13. Flow F13 [E2-->E5] with period 64000, payload 221B, e2e delay 64000us, jitter 6400us
	('E2', 'S2'), Operation(47767, None, 47769)(47767, 47767)
	('S2', 'S3'), Operation(47771, 47776, 47778)(47776, 47776)
	('S3', 'S4'), Operation(47780, 47785, 47787)(47785, 47785)
	('S4', 'S5'), Operation(47789, 47794, 47796)(47794, 47794)
	('S5', 'E5'), Operation(47798, None, 47818)(47798, 47816)
14. Flow F14 [E4-->E2] with period 8000, payload 171B, e2e delay 8000us, jitter 800us
	('E4', 'S4'), Operation(5666, None, 5668)(5666, 5666)
	('S4', 'S3'), Operation(5670, 5675, 5677)(5675, 5675)
	('S3', 'S2'), Operation(5679, None, 5699)(5679, 5697)
	('S2', 'E2'), Operation(5683, None, 5721)(5683, 5719)
15. Flow F15 [E3-->E1] with period 128000, payload 709B, e2e delay 128000us, jitter 12800us
	('E3', 'S3'), Operation(127632, None, 127638)(127632, 127632)
	('S3', 'S2'), Operation(127640, None, 127664)(127640, 127658)
	('S2', 'S1'), Operation(127648, None, 127690)(127648, 127684)
	('S1', 'E1'), Operation(127656, None, 127716)(127656, 127710)
16. Flow F16 [E2-->E3] with period 64000, payload 829B, e2e delay 64000us, jitter 6400us
	('E2', 'S2'), Operation(55612, None, 55619)(55612, 55612)
	('S2', 'S3'), Operation(55621, None, 55646)(55621, 55639)
	('S3', 'E3'), Operation(55630, None, 55673)(55630, 55666)
17. Flow F17 [E3-->E4] with period 16000, payload 1199B, e2e delay 16000us, jitter 1600us
	('E3', 'S3'), Operation(15621, None, 15631)(15621, 15621)
	('S3', 'S4'), Operation(15633, None, 15661)(15633, 15651)
	('S4', 'E4'), Operation(15645, None, 15691)(15645, 15681)
18. Flow F18 [E2-->E4] with period 8000, payload 1149B, e2e delay 8000us, jitter 800us
	('E2', 'S2'), Operation(7882, None, 7892)(7882, 7882)
	('S2', 'S3'), Operation(7894, 7899, 7909)(7899, 7899)
	('S3', 'S4'), Operation(7911, None, 7939)(7911, 7929)
	('S4', 'E4'), Operation(7923, None, 7969)(7923, 7959)
19. Flow F19 [E3-->E4] with period 128000, payload 721B, e2e delay 128000us, jitter 12800us
	('E3', 'S3'), Operation(55383, None, 55389)(55383, 55383)
	('S3', 'S4'), Operation(55391, 55396, 55402)(55396, 55396)
	('S4', 'E4'), Operation(55404, None, 55428)(55404, 55422)
20. Flow F20 [E5-->E2] with period 32000, payload 1031B, e2e delay 32000us, jitter 3200us
	('E5', 'S5'), Operation(31905, None, 31914)(31905, 31905)
	('S5', 'S4'), Operation(31916, 31921, 31930)(31921, 31921)
	('S4', 'S3'), Operation(31932, 31937, 31946)(31937, 31937)
	('S3', 'S2'), Operation(31948, 31953, 31962)(31953, 31953)
	('S2', 'E2'), Operation(31964, None, 31991)(31964, 31982)
21. Flow F21 [E3-->E5] with period 128000, payload 897B, e2e delay 128000us, jitter 12800us
	('E3', 'S3'), Operation(127763, None, 127771)(127763, 127763)
	('S3', 'S4'), Operation(127773, 127778, 127786)(127778, 127778)
	('S4', 'S5'), Operation(127788, None, 127814)(127788, 127806)
	('S5', 'E5'), Operation(127798, None, 127842)(127798, 127834)
22. Flow F22 [E4-->E1] with period 2000, payload 824B, e2e delay 2000us, jitter 200us
	('E4', 'S4'), Operation(1897, None, 1904)(1897, 1897)
	('S4', 'S3'), Operation(1906, None, 1931)(1906, 1924)
	('S3', 'S2'), Operation(1915, 1938, 1945)(1938, 1938)
	('S2', 'S1'), Operation(1947, None, 1972)(1947, 1965)
	('S1', 'E1'), Operation(1956, None, 1999)(1956, 1992)
23. Flow F23 [E5-->E4] with period 8000, payload 204B, e2e delay 8000us, jitter 800us
	('E5', 'S5'), Operation(7902, None, 7904)(7902, 7902)
	('S5', 'S4'), Operation(7906, 7911, 7913)(7911, 7911)
	('S4', 'E4'), Operation(7915, 7920, 7922)(7920, 7920)
24. Flow F24 [E2-->E4] with period 16000, payload 195B, e2e delay 16000us, jitter 1600us
	('E2', 'S2'), Operation(15859, None, 15861)(15859, 15859)
	('S2', 'S3'), Operation(15863, None, 15883)(15863, 15881)
	('S3', 'S4'), Operation(15867, 15890, 15892)(15890, 15890)
	('S4', 'E4'), Operation(15894, None, 15914)(15894, 15912)
25. Flow F25 [E4-->E3] with period 128000, payload 1391B, e2e delay 128000us, jitter 12800us
	('E4', 'S4'), Operation(39742, None, 39754)(39742, 39742)
	('S4', 'S3'), Operation(39756, None, 39786)(39756, 39774)
	('S3', 'E3'), Operation(39770, None, 39818)(39770, 39806)
26. Flow F26 [E2-->E4] with period 2000, payload 388B, e2e delay 2000us, jitter 200us
	('E2', 'S2'), Operation(1439, None, 1443)(1439, 1439)
	('S2', 'S3'), Operation(1445, None, 1467)(1445, 1463)
	('S3', 'S4'), Operation(1451, None, 1491)(1451, 1487)
	('S4', 'E4'), Operation(1457, None, 1515)(1457, 1511)
27. Flow F27 [E4-->E5] with period 16000, payload 1105B, e2e delay 16000us, jitter 1600us
	('E4', 'S4'), Operation(15669, None, 15678)(15669, 15669)
	('S4', 'S5'), Operation(15680, None, 15707)(15680, 15698)
	('S5', 'E5'), Operation(15691, None, 15736)(15691, 15727)
28. Flow F28 [E1-->E5] with period 16000, payload 92B, e2e delay 16000us, jitter 1600us
	('E1', 'S1'), Operation(15945, None, 15946)(15945, 15945)
	('S1', 'S2'), Operation(15948, 15953, 15954)(15953, 15953)
	('S2', 'S3'), Operation(15956, 15961, 15962)(15961, 15961)
	('S3', 'S4'), Operation(15964, 15969, 15970)(15969, 15969)
	('S4', 'S5'), Operation(15972, 15977, 15978)(15977, 15977)
	('S5', 'E5'), Operation(15980, None, 15999)(15980, 15998)
29. Flow F29 [E5-->E4] with period 32000, payload 64B, e2e delay 32000us, jitter 3200us
	('E5', 'S5'), Operation(31627, None, 31628)(31627, 31627)
	('S5', 'S4'), Operation(31630, 31635, 31636)(31635, 31635)
	('S4', 'E4'), Operation(31638, 31643, 31644)(31643, 31643)
30. Flow F30 [E1-->E3] with period 16000, payload 1109B, e2e delay 16000us, jitter 1600us
	('E1', 'S1'), Operation(15888, None, 15897)(15888, 15888)
	('S1', 'S2'), Operation(15899, None, 15926)(15899, 15917)
	('S2', 'S3'), Operation(15910, None, 15955)(15910, 15946)
	('S3', 'E3'), Operation(15921, None, 15984)(15921, 15975)
31. Flow F31 [E4-->E1] with period 64000, payload 301B, e2e delay 64000us, jitter 6400us
	('E4', 'S4'), Operation(63799, None, 63802)(63799, 63799)
	('S4', 'S3'), Operation(63804, None, 63825)(63804, 63822)
	('S3', 'S2'), Operation(63809, 63832, 63835)(63832, 63832)
	('S2', 'S1'), Operation(63837, 63842, 63845)(63842, 63842)
	('S1', 'E1'), Operation(63847, None, 63868)(63847, 63865)
32. Flow F32 [E2-->E1] with period 128000, payload 127B, e2e delay 128000us, jitter 12800us
	('E2', 'S2'), Operation(127856, None, 127858)(127856, 127856)
	('S2', 'S1'), Operation(127860, 127865, 127867)(127865, 127865)
	('S1', 'E1'), Operation(127869, 127874, 127876)(127874, 127874)
33. Flow F33 [E1-->E3] with period 4000, payload 436B, e2e delay 4000us, jitter 400us
	('E1', 'S1'), Operation(1520, None, 1524)(1520, 1520)
	('S1', 'S2'), Operation(1526, None, 1548)(1526, 1544)
	('S2', 'S3'), Operation(1532, 1555, 1559)(1555, 1555)
	('S3', 'E3'), Operation(1561, None, 1583)(1561, 1579)
34. Flow F34 [E1-->E3] with period 32000, payload 1456B, e2e delay 32000us, jitter 3200us
	('E1', 'S1'), Operation(29440, None, 29452)(29440, 29440)
	('S1', 'S2'), Operation(29454, None, 29484)(29454, 29472)
	('S2', 'S3'), Operation(29468, 29491, 29503)(29491, 29491)
	('S3', 'E3'), Operation(29505, None, 29535)(29505, 29523)
35. Flow F35 [E1-->E2] with period 32000, payload 746B, e2e delay 32000us, jitter 3200us
	('E1', 'S1'), Operation(16038, None, 16044)(16038, 16038)
	('S1', 'S2'), Operation(16046, 16051, 16057)(16051, 16051)
	('S2', 'E2'), Operation(16059, None, 16083)(16059, 16077)
36. Flow F36 [E4-->E1] with period 2000, payload 376B, e2e delay 2000us, jitter 200us
	('E4', 'S4'), Operation(1727, None, 1731)(1727, 1727)
	('S4', 'S3'), Operation(1733, None, 1755)(1733, 1751)
	('S3', 'S2'), Operation(1739, 1762, 1766)(1762, 1762)
	('S2', 'S1'), Operation(1768, None, 1790)(1768, 1786)
	('S1', 'E1'), Operation(1774, None, 1814)(1774, 1810)
37. Flow F37 [E4-->E3] with period 2000, payload 1024B, e2e delay 2000us, jitter 200us
	('E4', 'S4'), Operation(1562, None, 1571)(1562, 1562)
	('S4', 'S3'), Operation(1573, None, 1600)(1573, 1591)
	('S3', 'E3'), Operation(1584, None, 1629)(1584, 1620)
38. Flow F38 [E3-->E4] with period 2000, payload 903B, e2e delay 2000us, jitter 200us
	('E3', 'S3'), Operation(1303, None, 1311)(1303, 1303)
	('S3', 'S4'), Operation(1313, None, 1339)(1313, 1331)
	('S4', 'E4'), Operation(1323, None, 1367)(1323, 1359)
39. Flow F39 [E2-->E1] with period 8000, payload 1517B, e2e delay 8000us, jitter 800us
	('E2', 'S2'), Operation(7780, None, 7793)(7780, 7780)
	('S2', 'S1'), Operation(7795, 7800, 7813)(7800, 7800)
	('S1', 'E1'), Operation(7815, None, 7846)(7815, 7833)

SMT variables: 
	F23_('E5', 'S5')_t5_max: 7904
	F32_jitter: 0
	F14_('E4', 'S4')_t5_max: 5668
	F24_('E2', 'S2')_rr: 0
	('S4', 'S3')_gcl_cycle: 32000
	F7_queue_index: 0
	F30_('S3', 'E3')_t4_min: 15921
	F32_('S2', 'S1')_t4_min: 127865
	F0_('E5', 'S5')_rr: 0
	F3_('S3', 'E3')_gc: False
	F24_('E2', 'S2')_gc: False
	F11_('S2', 'E2')_t3_max: 35
	('S3', 'S4')_gcl_length: 234
	F17_('E3', 'S3')_rr: 0
	F2_('S4', 'S5')_t3_min: 1353
	F26_('S2', 'S3')_t4_min: 1445
	F13_('E2', 'S2')_rr: 0
	F22_queue_index: 0
	F16_('S2', 'S3')_t4_max: 55639
	F37_('S3', 'E3')_gc: False
	F5_('S5', 'E5')_t4_min: 1437
	F7_('S4', 'S3')_rr: 2
	F29_('S5', 'S4')_gc: True
	F32_('S1', 'E1')_t4_min: 127874
	F19_('S4', 'E4')_gc: False
	F30_('S3', 'E3')_gc: False
	F32_('E2', 'S2')_gc: False
	F9_('S3', 'S2')_t4_min: 37719
	F30_('S3', 'E3')_t5_min: 15930
	F19_('S3', 'S4')_t3_min: 55391
	F14_('E4', 'S4')_t3_max: 5653
	F39_('S2', 'S1')_rr: 16
	F9_('E3', 'S3')_rr: 0
	F11_('S2', 'E2')_t4_min: 30
	F15_('S3', 'S2')_t4_max: 127658
	F21_('E3', 'S3')_t3_max: 127750
	F5_('S3', 'S4')_t4_min: 1408
	F22_('S3', 'S2')_t3_min: 1915
	F28_('S5', 'E5')_rr: 0
	F12_('S3', 'S2')_rr: 0
	F7_('E5', 'S5')_t3_max: 15661
	F8_('S2', 'S3')_t4_max: 1522
	F1_jitter: 18
	F13_jitter: 18
	F13_('S3', 'S4')_t4_min: 47785
	F6_('E4', 'S4')_rr: 0
	F25_('S4', 'S3')_t4_max: 39774
	F31_('E4', 'S4')_t4_max: 63799
	F15_jitter: 54
	F4_('S5', 'S4')_rr: 0
	F14_('S3', 'S2')_t4_min: 5679
	F10_('S5', 'E5')_gc: False
	F7_('S5', 'S4')_t4_max: 15696
	F36_('S3', 'S2')_gc: True
	F24_('S3', 'S4')_gc: True
	F29_('E5', 'S5')_gc: False
	F12_('S1', 'E1')_t4_min: 14005
	F32_('E2', 'S2')_t3_max: 127843
	F6_queue_index: 0
	F21_('E3', 'S3')_tb: 127763
	F8_('S5', 'E5')_t4_min: 1565
	F34_('S1', 'S2')_tb: 29454
	F22_('E4', 'S4')_rr: 0
	F24_('S4', 'E4')_t4_min: 15894
	F26_('E2', 'S2')_t4_min: 1439
	F19_('S3', 'S4')_rr: 1
	('E2', 'S2')_gcl_cycle: 1
	F33_('E1', 'S1')_gc: False
	F7_('S2', 'S1')_t4_min: 15713
	('S2', 'E2')_gcl_cycle: 64000
	F16_('E2', 'S2')_gc: False
	F29_('S5', 'S4')_t4_min: 31635
	F22_('S2', 'S1')_t4_max: 1965
	F30_('S2', 'S3')_t4_max: 15946
	F2_('S5', 'E5')_t3_max: 1412
	F32_('E2', 'S2')_t4_min: 127856
	F3_('E4', 'S4')_t5_max: 11880
	F22_('S2', 'S1')_t4_min: 1947
	F28_('E1', 'S1')_gc: False
	('S3', 'E3')_gcl_cycle: 1
	F24_('S3', 'S4')_t4_min: 15890
	F17_('S3', 'S4')_rr: 0
	F22_('E4', 'S4')_gc: False
	F36_('S3', 'S2')_t4_max: 1762
	F11_('S1', 'S2')_rr: 2
	F9_('S3', 'S2')_t4_max: 37737
	F5_('S2', 'S3')_gc: True
	F36_('S1', 'E1')_t4_min: 1774
	F30_('S1', 'S2')_t4_max: 15917
	F31_('S1', 'E1')_t4_max: 63865
	F24_('S2', 'S3')_gc: False
	F24_('S2', 'S3')_rr: 0
	F22_('S3', 'S2')_gc: True
	F8_('S5', 'E5')_gc: False
	F11_('S1', 'S2')_gc: True
	F28_jitter: 18
	F37_('S4', 'S3')_t4_min: 1573
	F35_('S1', 'S2')_t4_max: 16051
	F15_('S3', 'S2')_rr: 0
	F13_('S4', 'S5')_rr: 1
	F18_('S3', 'S4')_rr: 0
	F15_('S1', 'E1')_t4_min: 127656
	F6_('S4', 'S5')_t4_min: 63733
	F31_('S2', 'S1')_rr: 2
	F28_('E1', 'S1')_tb: 15945
	F3_('E4', 'S4')_t4_min: 11875
	F13_('S4', 'S5')_t4_max: 47794
	F16_('S2', 'S3')_gc: False
	F15_('S1', 'E1')_rr: 0
	F20_('E5', 'S5')_gc: False
	F10_('E4', 'S4')_rr: 0
	F33_('S3', 'E3')_gc: False
	F26_('E2', 'S2')_rr: 0
	F32_('S1', 'E1')_gc: True
	F5_('S5', 'E5')_gc: False
	F4_('E5', 'S5')_t3_max: 29572
	F9_('S3', 'S2')_rr: 0
	F22_('S4', 'S3')_rr: 0
	F38_('S3', 'S4')_rr: 0
	F28_('S3', 'S4')_t4_min: 15969
	F32_('S2', 'S1')_gc: True
	F9_('S2', 'E2')_t4_min: 37745
	F13_('S2', 'S3')_tb: 47776
	F37_('S4', 'S3')_gc: False
	F14_('S2', 'E2')_t5_min: 5685
	F31_('S2', 'S1')_gc: True
	F26_('S3', 'S4')_t4_max: 1487
	F4_('E5', 'S5')_t5_min: 29591
	F33_('S3', 'E3')_rr: 0
	F23_('S5', 'S4')_rr: 4
	F14_('S3', 'S2')_rr: 0
	F26_('E2', 'S2')_t3_max: 1426
	F31_('S1', 'E1')_t3_min: 63847
	F38_queue_index: 0
	F4_('S5', 'S4')_t4_max: 29611
	F23_queue_index: 0
	F0_('E5', 'S5')_t5_max: 7500
	('E1', 'S1')_gcl_cycle: 1
	F26_('E2', 'S2')_gc: False
	F11_('E1', 'S1')_gc: False
	F19_('S3', 'S4')_gc: True
	F6_('S4', 'S5')_gc: True
	F18_jitter: 36
	F8_('E2', 'S2')_t3_max: 1480
	F34_('S1', 'S2')_t4_min: 29454
	F26_('S3', 'S4')_t4_min: 1451
	F39_('S1', 'E1')_t4_max: 7833
	F4_('E5', 'S5')_rr: 0
	F4_('S4', 'S3')_gc: True
	F11_('E1', 'S1')_t3_max: -12
	('S1', 'S2')_gcl_cycle: 32000
	F13_('S2', 'S3')_rr: 2
	F35_('E1', 'S1')_t3_max: 16025
	F26_('E2', 'S2')_tb: 1439
	F0_('S5', 'S4')_gc: True
	F26_('S3', 'S4')_t3_max: 1474
	F5_('S5', 'E5')_t5_min: 1447
	F30_('S1', 'S2')_gc: False
	F18_('S4', 'E4')_rr: 0
	F7_('S3', 'S2')_t4_min: 15709
	F21_jitter: 36
	F1_('E2', 'S2')_gc: False
	F8_('S4', 'S5')_gc: True
	F4_('S5', 'S4')_gc: False
	F38_('S4', 'E4')_tb: 1323
	F34_('E1', 'S1')_t3_max: 29427
	F33_('S1', 'S2')_rr: 0
	F25_('E4', 'S4')_t4_max: 39742
	F11_queue_index: 0
	F31_('S2', 'S1')_t4_max: 63842
	F28_('S1', 'S2')_rr: 2
	F18_('S4', 'E4')_t3_max: 7946
	F26_('S4', 'E4')_gc: False
	F17_('S4', 'E4')_t3_max: 15668
	F9_('S3', 'S2')_gc: False
	F6_('S5', 'E5')_rr: 1
	F3_('S4', 'S3')_t4_min: 11882
	F28_('S5', 'E5')_t4_min: 15980
	F26_('S4', 'E4')_t4_min: 1457
	F31_('S1', 'E1')_t3_max: 63852
	F26_('S3', 'S4')_gc: False
	F15_queue_index: 0
	F26_jitter: 54
	F5_('S3', 'S4')_t4_max: 1408
	F23_('S5', 'S4')_t4_max: 7911
	F5_('S4', 'S5')_rr: 32
	F18_('S2', 'S3')_t4_min: 7899
	F7_('S1', 'E1')_rr: 0
	F4_('S5', 'S4')_t4_min: 29593
	('S1', 'E1')_gcl_cycle: 128000
	F19_('E3', 'S3')_t3_max: 55370
	F29_('E5', 'S5')_rr: 0
	F4_('E5', 'S5')_t3_min: 29585
	F7_('S5', 'S4')_gc: False
	F24_('S3', 'S4')_rr: 8
	F12_queue_index: 0
	F30_jitter: 54
	F30_('S1', 'S2')_rr: 0
	F19_('E3', 'S3')_gc: False
	F30_('S2', 'S3')_rr: 0
	F20_('S2', 'E2')_rr: 0
	F18_('S3', 'S4')_t3_max: 7916
	F28_('S2', 'S3')_t5_min: 15962
	F22_('E4', 'S4')_t4_min: 1897
	F28_('S3', 'S4')_t4_max: 15969
	F14_('S2', 'E2')_rr: 0
	F27_('S5', 'E5')_gc: False
	F15_('S3', 'S2')_t4_min: 127640
	F20_jitter: 18
	F10_jitter: 18
	F24_('S2', 'S3')_t4_max: 15881
	F38_('S4', 'E4')_t5_min: 1331
	F33_('S2', 'S3')_rr: 32
	F1_('S4', 'E4')_rr: 0
	F7_('S2', 'S1')_gc: False
	F5_('S2', 'S3')_t5_min: 1401
	F31_('S4', 'S3')_gc: False
	F26_('S3', 'S4')_tb: 1451
	F8_('S5', 'E5')_rr: 0
	F39_jitter: 18
	F31_('E4', 'S4')_rr: 0
	F9_('S2', 'E2')_t3_min: 37722
	F32_('S1', 'E1')_rr: 1
	F2_('S5', 'E5')_t4_min: 1407
	F38_('E3', 'S3')_t4_max: 1303
	F31_('S4', 'S3')_rr: 0
	F29_jitter: 0
	F0_('E5', 'S5')_t5_min: 7500
	F4_('S4', 'S3')_rr: 1
	F37_('S3', 'E3')_t4_max: 1620
	F39_('S2', 'S1')_gc: True
	F15_('E3', 'S3')_t3_max: 127619
	F33_queue_index: 0
	F6_('S4', 'S5')_t4_max: 63733
	F20_('S2', 'E2')_t3_max: 31969
	F9_jitter: 0
	F39_('E2', 'S2')_gc: False
	F36_('S4', 'S3')_rr: 0
	F24_('S2', 'S3')_t4_min: 15863
	F5_('S5', 'E5')_t3_min: 1437
	F22_('S3', 'S2')_t4_min: 1938
	F0_queue_index: 0
	F34_('E1', 'S1')_gc: False
	F16_queue_index: 0
	F15_('S2', 'S1')_t4_max: 127684
	F31_('S3', 'S2')_t4_min: 63832
	F30_('S2', 'S3')_t5_max: 15955
	F7_('S4', 'S3')_gc: True
	F37_('S3', 'E3')_t4_min: 1584
	F31_('S4', 'S3')_t4_min: 63804
	F35_('S2', 'E2')_rr: 0
	F20_('E5', 'S5')_rr: 0
	F39_('S1', 'E1')_gc: False
	F34_('S2', 'S3')_t4_max: 29491
	F6_('E4', 'S4')_t5_max: 63726
	F5_('E2', 'S2')_rr: 0
	F20_('S5', 'S4')_t4_max: 31921
	F6_('S5', 'E5')_t4_min: 63742
	F30_('E1', 'S1')_t3_max: 15875
	F30_('E1', 'S1')_rr: 0
	('E3', 'S3')_gcl_cycle: 1
	F24_jitter: 18
	F16_('S3', 'E3')_t4_min: 55630
	F11_('E1', 'S1')_t4_min: 1
	F22_('S4', 'S3')_t4_max: 1924
	F15_('E3', 'S3')_rr: 0
	F23_('E5', 'S5')_t4_max: 7902
	F5_('S4', 'S5')_t4_min: 1425
	F29_('S4', 'E4')_t4_min: 31643
	F3_('E4', 'S4')_t5_min: 11880
	F22_('S3', 'S2')_rr: 32
	F39_('S1', 'E1')_rr: 0
	F7_jitter: 54
	F8_('S2', 'S3')_t5_max: 1531
	F2_queue_index: 0
	F32_('E2', 'S2')_t5_min: 127858
	F18_('S3', 'S4')_t4_min: 7911
	('S2', 'S1')_gcl_cycle: 128000
	F6_('S4', 'S5')_rr: 1
	F29_('S4', 'E4')_rr: 1
	F18_('E2', 'S2')_rr: 0
	F14_('S2', 'E2')_gc: False
	F13_('S3', 'S4')_gc: True
	F23_('E5', 'S5')_rr: 0
	F34_jitter: 18
	F4_('E5', 'S5')_t4_max: 29585
	F27_('S4', 'S5')_t5_max: 15707
	F34_('S3', 'E3')_t4_min: 29505
	F18_('S2', 'S3')_gc: True
	F0_('E5', 'S5')_t3_max: 7480
	F33_('E1', 'S1')_rr: 0
	F21_('E3', 'S3')_rr: 0
	F11_('E1', 'S1')_rr: 0
	F24_('S4', 'E4')_t5_max: 15914
	F26_('S2', 'S3')_rr: 0
	F22_('S2', 'S1')_rr: 0
	F33_('S2', 'S3')_t4_min: 1555
	F20_('S4', 'S3')_t4_min: 31937
	F15_('S1', 'E1')_t3_min: 127656
	F23_('S5', 'S4')_t4_min: 7911
	F21_('S5', 'E5')_gc: False
	F4_('S5', 'S4')_tb: 29593
	F38_('S3', 'S4')_t4_max: 1331
	F25_jitter: 36
	F17_('S3', 'S4')_t4_min: 15633
	F21_queue_index: 0
	F2_('S3', 'S4')_gc: False
	F15_('E3', 'S3')_t5_min: 127638
	F19_('S4', 'E4')_rr: 0
	F6_('E4', 'S4')_t3_max: 63711
	F36_('E4', 'S4')_t3_max: 1714
	F10_('S5', 'E5')_tb: 1774
	F28_('S1', 'S2')_tb: 15953
	F7_('S1', 'E1')_gc: False
	F12_('S2', 'S1')_t4_min: 13996
	F21_('S4', 'S5')_t4_max: 127806
	F22_('S3', 'S2')_t4_max: 1938
	F16_('E2', 'S2')_t3_max: 55599
	F35_jitter: 18
	F36_('S1', 'E1')_rr: 0
	F36_('S3', 'S2')_rr: 32
	F24_('S4', 'E4')_gc: False
	F35_('E1', 'S1')_gc: False
	F14_jitter: 36
	F13_('S2', 'S3')_t4_max: 47776
	F20_('S4', 'S3')_t5_max: 31946
	F15_('S2', 'S1')_gc: False
	F4_('S4', 'S3')_t4_max: 29624
	F10_('E4', 'S4')_gc: False
	F16_('S3', 'E3')_rr: 0
	F36_('S3', 'S2')_t4_min: 1762
	F25_('S3', 'E3')_gc: False
	F20_('S5', 'S4')_t4_min: 31921
	F20_('S3', 'S2')_gc: True
	F38_jitter: 36
	F7_('S3', 'S2')_rr: 0
	('E4', 'S4')_gcl_cycle: 1
	F28_('S5', 'E5')_t5_max: 15999
	F35_('E1', 'S1')_tb: 16038
	F31_('S1', 'E1')_t4_min: 63847
	F4_('E5', 'S5')_gc: False
	F24_('S4', 'E4')_t3_max: 15899
	F36_('S3', 'S2')_t5_max: 1766
	F36_('S4', 'S3')_gc: False
	F25_('S4', 'S3')_t4_min: 39756
	F3_jitter: 36
	F27_queue_index: 0
	F22_('S4', 'S3')_tb: 1906
	F21_('S5', 'E5')_t4_min: 127798
	F4_('S2', 'E2')_t3_max: 29663
	F36_('S4', 'S3')_t4_max: 1751
	F1_('S3', 'S4')_gc: True
	F12_jitter: 18
	F13_('S2', 'S3')_gc: True
	F33_('S1', 'S2')_t4_max: 1544
	F6_('S5', 'E5')_gc: True
	F17_queue_index: 0
	F22_('S1', 'E1')_t5_min: 1963
	F8_queue_index: 0
	F3_('E4', 'S4')_t3_max: 11862
	F10_('S4', 'S5')_gc: True
	F20_('S3', 'S2')_t4_min: 31953
	F18_('S2', 'S3')_t5_min: 7909
	F20_('S4', 'S3')_t4_max: 31937
	F5_('E2', 'S2')_gc: False
	F8_('S3', 'S4')_rr: 32
	('S3', 'S2')_gcl_cycle: 64000
	F17_('E3', 'S3')_gc: False
	F23_jitter: 0
	F15_('S3', 'S2')_gc: False
	F26_('S2', 'S3')_t4_max: 1463
	F1_('S3', 'S4')_t3_max: 77424
	F19_('E3', 'S3')_rr: 0
	F25_('E4', 'S4')_t3_max: 39729
	F12_('S3', 'S2')_t4_max: 13982
	F21_('S4', 'S5')_rr: 0
	F23_('E5', 'S5')_gc: False
	F31_('S1', 'E1')_gc: False
	F8_('E2', 'S2')_rr: 0
	F37_queue_index: 0
	F31_queue_index: 0
	F2_('S3', 'S4')_rr: 0
	F0_('S4', 'E4')_gc: False
	F25_('S4', 'S3')_gc: False
	F19_jitter: 18
	F3_('S3', 'E3')_t3_min: 11889
	F23_('S5', 'S4')_gc: True
	F4_('S4', 'S3')_t4_min: 29624
	F14_('S3', 'S2')_t4_max: 5697
	F13_('E2', 'S2')_t3_min: 47767
	F12_('E3', 'S3')_gc: False
	F21_('E3', 'S3')_gc: False
	F36_('S2', 'S1')_rr: 0
	F28_('S5', 'E5')_t3_max: 15985
	F28_('S3', 'S4')_rr: 8
	F10_('E4', 'S4')_t4_max: 1755
	F1_('S2', 'S3')_t4_min: 77411
	F2_('S5', 'E5')_rr: 0
	F2_('E2', 'S2')_tb: 1314
	F15_('S3', 'S2')_t5_min: 127646
	F31_('E4', 'S4')_gc: False
	F16_('S2', 'S3')_t4_min: 55621
	F18_('E2', 'S2')_gc: False
	F18_('S3', 'S4')_gc: False
	F14_('E4', 'S4')_gc: False
	F30_('S2', 'S3')_gc: False
	F8_('S2', 'S3')_t4_min: 1504
	F36_('E4', 'S4')_tb: 1727
	('S4', 'E4')_gcl_cycle: 32000
	F32_('S2', 'S1')_rr: 1
	F20_('E5', 'S5')_t3_max: 31892
	F28_('E1', 'S1')_t3_max: 15932
	F18_('S4', 'E4')_gc: False
	F1_('S2', 'S3')_rr: 1
	F12_('S2', 'S1')_t3_max: 13996
	F27_('S4', 'S5')_gc: False
	F2_('S5', 'E5')_t5_max: 1436
	F14_('S4', 'S3')_gc: True
	F10_('S4', 'S5')_t4_min: 1767
	F25_('S4', 'S3')_rr: 0
	F7_('E5', 'S5')_rr: 0
	F2_('S2', 'S3')_gc: False
	F35_queue_index: 0
	('S2', 'S3')_gcl_cycle: 128000
	F13_('S5', 'E5')_rr: 0
	F38_('E3', 'S3')_rr: 0
	F4_('S5', 'S4')_t5_max: 29617
	F1_('S3', 'S4')_t5_min: 77430
	F1_('S3', 'S4')_rr: 1
	F26_('E2', 'S2')_t3_min: 1439
	F7_('S5', 'S4')_rr: 0
	F35_('E1', 'S1')_rr: 0
	F36_queue_index: 0
	F5_('S2', 'S3')_rr: 64
	F14_('S4', 'S3')_t5_max: 5677
	F17_('S4', 'E4')_gc: False
	F15_('S2', 'S1')_rr: 0
	F13_('E2', 'S2')_gc: False
	F18_('E2', 'S2')_t5_min: 7892
	F36_('S4', 'S3')_tb: 1733
	F21_('S3', 'S4')_t4_min: 127778
	F10_('S5', 'E5')_t4_max: 1792
	F20_('S4', 'S3')_rr: 1
	F7_('S3', 'S2')_gc: False
	F5_queue_index: 0
	F24_('S3', 'S4')_t4_max: 15890
	F1_('S4', 'E4')_gc: False
	F16_('S2', 'S3')_t5_min: 55628
	F21_('S3', 'S4')_t4_max: 127778
	F3_('E4', 'S4')_t4_max: 11875
	F31_('S1', 'E1')_rr: 0
	F0_('S5', 'S4')_t4_min: 7507
	F33_('S3', 'E3')_t4_min: 1561
	F34_('S1', 'S2')_gc: False
	F27_('S5', 'E5')_t5_min: 15700
	F32_('S1', 'E1')_tb: 127874
	F1_('S3', 'S4')_tb: 77424
	F20_('S4', 'S3')_gc: True
	F29_('S5', 'S4')_t5_max: 31636
	F28_('S1', 'S2')_t4_min: 15953
	F39_('S2', 'S1')_t4_max: 7800
	F22_('S4', 'S3')_gc: False
	F8_('E2', 'S2')_gc: False
	F5_('S2', 'S3')_t4_min: 1391
	F14_('S2', 'E2')_t4_min: 5683
	F3_('E4', 'S4')_rr: 0
	F10_('S5', 'E5')_rr: 0
	F12_('E3', 'S3')_t3_max: 13942
	F10_('S4', 'S5')_t4_max: 1767
	F37_jitter: 36
	F24_('S4', 'E4')_rr: 0
	F4_('S3', 'S2')_t4_min: 29632
	F31_('S3', 'S2')_gc: True
	F24_('S2', 'S3')_tb: 15863
	F3_('S3', 'E3')_tb: 11889
	F35_('S1', 'S2')_t4_min: 16051
	F22_('S2', 'S1')_t3_min: 1947
	F14_('E4', 'S4')_t4_max: 5666
	F16_('S3', 'E3')_t3_min: 55630
	F25_queue_index: 0
	F21_('S4', 'S5')_t4_min: 127788
	F35_('S1', 'S2')_rr: 1
	F32_queue_index: 0
	F18_('S2', 'S3')_t4_max: 7899
	F2_('E2', 'S2')_t3_max: 1301
	F9_('E3', 'S3')_gc: False
	F37_('E4', 'S4')_rr: 0
	F12_('S1', 'E1')_rr: 0
	F38_('S4', 'E4')_rr: 0
	F13_('S4', 'S5')_gc: True
	F38_('S4', 'E4')_gc: False
	F8_('S2', 'S3')_gc: False
	F0_('S5', 'S4')_t4_max: 7507
	F18_('S3', 'S4')_t4_max: 7929
	F36_('S4', 'S3')_t4_min: 1733
	F5_('S5', 'E5')_t4_max: 1455
	F13_('S4', 'S5')_tb: 47794
	F36_('S2', 'S1')_t4_min: 1768
	F5_('S2', 'S3')_t4_max: 1391
	F17_('E3', 'S3')_t4_max: 15621
	F32_('E2', 'S2')_t3_min: 127856
	F35_('S2', 'E2')_gc: False
	F27_('E4', 'S4')_rr: 0
	F34_('E1', 'S1')_rr: 0
	F1_('S2', 'S3')_gc: True
	F28_('S5', 'E5')_gc: False
	F16_('S2', 'S3')_rr: 0
	F22_jitter: 36
	F16_('S3', 'E3')_gc: False
	F34_('S2', 'S3')_rr: 4
	F32_('S2', 'S1')_t4_max: 127865
	F27_('S4', 'S5')_tb: 15680
	F37_('S3', 'E3')_rr: 0
	F23_('S4', 'E4')_t5_min: 7922
	F12_('S2', 'S1')_rr: 8
	F8_('S4', 'S5')_t4_min: 1554
	F35_('S2', 'E2')_t4_min: 16059
	F3_('S3', 'E3')_t4_min: 11889
	F33_('S1', 'S2')_t4_min: 1526
	F16_('S2', 'S3')_t3_min: 55621
	F2_('S3', 'S4')_t4_max: 1376
	F4_('S3', 'S2')_rr: 0
	F5_('S3', 'S4')_gc: True
	F29_('S4', 'E4')_gc: True
	F38_('S3', 'S4')_t4_min: 1313
	F36_jitter: 36
	F31_('S3', 'S2')_t4_max: 63832
	F28_('S4', 'S5')_gc: True
	F11_('S2', 'E2')_gc: False
	F36_('S1', 'E1')_gc: False
	F39_queue_index: 0
	F7_('S4', 'S3')_t4_min: 15705
	F12_('E3', 'S3')_rr: 0
	F13_('S3', 'S4')_rr: 2
	F37_('S4', 'S3')_rr: 0
	F22_('S4', 'S3')_t4_min: 1906
	F16_('S3', 'E3')_t5_max: 55673
	F5_('S2', 'S3')_t5_max: 1401
	F2_('E2', 'S2')_t4_max: 1314
	F28_('S2', 'S3')_t4_min: 15961
	F33_('S1', 'S2')_t3_min: 1526
	F1_('S3', 'S4')_t4_max: 77424
	F34_('S3', 'E3')_rr: 0
	F4_('S2', 'E2')_gc: False
	F29_queue_index: 0
	F6_('E4', 'S4')_gc: False
	F4_('S3', 'S2')_t4_max: 29650
	F36_('S2', 'S1')_t4_max: 1786
	F8_jitter: 18
	F36_('S2', 'S1')_t3_max: 1773
	F0_('S4', 'E4')_rr: 0
	F26_('S3', 'S4')_rr: 0
	F33_('S1', 'S2')_gc: False
	F0_('E5', 'S5')_gc: False
	F5_('S5', 'E5')_t5_max: 1465
	F28_('S2', 'S3')_t4_max: 15961
	F37_('S4', 'S3')_tb: 1573
	F25_('S3', 'E3')_rr: 0
	F34_('S2', 'S3')_gc: True
	F8_('S2', 'S3')_rr: 0
	F25_('S3', 'E3')_t3_min: 39770
	F13_('S3', 'S4')_t4_max: 47785
	F29_('S4', 'E4')_tb: 31643
	F14_('S4', 'S3')_rr: 4
	F34_('S1', 'S2')_rr: 0
	F13_('S4', 'S5')_t3_max: 47794
	F9_('E3', 'S3')_t5_min: 37717
	F31_('E4', 'S4')_t3_max: 63786
	F30_('S2', 'S3')_t3_min: 15910
	F22_('E4', 'S4')_t3_max: 1884
	F33_('S2', 'S3')_gc: True
	F1_('S4', 'E4')_t4_min: 77432
	F33_('E1', 'S1')_tb: 1520
	F33_jitter: 18
	F9_('E3', 'S3')_tb: 37716
	F21_('S4', 'S5')_gc: False
	F5_jitter: 18
	F19_queue_index: 0
	F1_('E2', 'S2')_t3_max: 77385
	F20_('S5', 'S4')_rr: 1
	F9_('S2', 'E2')_rr: 1
	F1_('E2', 'S2')_tb: 77398
	F18_('S2', 'S3')_rr: 16
	F23_('S4', 'E4')_gc: True
	F16_('E2', 'S2')_rr: 0
	F22_('S2', 'S1')_gc: False
	F11_('S1', 'S2')_t4_max: 18
	F13_('S4', 'S5')_t4_min: 47794
	F37_('E4', 'S4')_t3_max: 1549
	F4_jitter: 36
	F20_queue_index: 0
	F5_('S3', 'S4')_rr: 64
	F35_('S1', 'S2')_gc: True
	F9_('E3', 'S3')_t3_max: 37703
	F3_('S4', 'S3')_gc: False
	F29_('E5', 'S5')_t3_max: 31614
	F0_('E5', 'S5')_t4_max: 7493
	F20_('E5', 'S5')_t4_max: 31905
	F10_('E4', 'S4')_t4_min: 1755
	F4_('S2', 'E2')_rr: 0
	F14_queue_index: 0
	F8_('S4', 'S5')_t4_max: 1554
	F7_('S2', 'S1')_rr: 0
	F18_('S3', 'S4')_t3_min: 7911
	F2_('S3', 'S4')_t4_min: 1340
	F0_jitter: 18
	F21_('S4', 'S5')_t5_max: 127814
	F22_('S4', 'S3')_t3_min: 1906
	F19_('S3', 'S4')_t4_min: 55396
	F20_('S2', 'E2')_gc: False
	F27_('E4', 'S4')_gc: False
	F5_('S4', 'S5')_t4_max: 1425
	F17_('S4', 'E4')_t4_min: 15645
	F1_('E2', 'S2')_rr: 0
	F28_('E1', 'S1')_rr: 0
	F31_jitter: 18
	F30_('S3', 'E3')_rr: 0
	F34_queue_index: 0
	F2_('S4', 'S5')_gc: True
	F6_jitter: 0
	F12_('S2', 'S1')_gc: True
	F18_queue_index: 0
	F12_('S2', 'S1')_t4_max: 13996
	F3_queue_index: 0
	F9_('S2', 'E2')_gc: True
	F11_('S1', 'S2')_t4_min: 18
	F22_('S1', 'E1')_rr: 0
	F7_('S4', 'S3')_t4_max: 15705
	F15_('S2', 'S1')_t4_min: 127648
	F8_('S3', 'S4')_t4_max: 1538
	F28_('S4', 'S5')_t4_max: 15977
	F4_('S3', 'S2')_gc: False
	F39_('E2', 'S2')_t5_max: 7793
	F23_('S4', 'E4')_rr: 4
	F20_('S3', 'S2')_rr: 2
	F28_queue_index: 0
	F25_('E4', 'S4')_gc: False
	F24_('S2', 'S3')_t3_min: 15863
	F36_('S4', 'S3')_t3_min: 1733
	F1_('S2', 'S3')_t4_max: 77411
	F10_('E4', 'S4')_t3_max: 1742
	F4_('S2', 'E2')_t4_min: 29640
	F25_('S3', 'E3')_t4_min: 39770
	F10_('S5', 'E5')_t4_min: 1774
	F36_('S2', 'S1')_gc: False
	F26_('S2', 'S3')_gc: False
	F1_('S4', 'E4')_t3_max: 77437
	F28_('S2', 'S3')_gc: True
	F3_('S3', 'E3')_rr: 0
	('E5', 'S5')_gcl_cycle: 1
	F2_('S2', 'S3')_t4_min: 1327
	F4_('E5', 'S5')_tb: 29585
	F30_('S1', 'S2')_t4_min: 15899
	F14_('S4', 'S3')_t5_min: 5677
	F19_('S4', 'E4')_t4_min: 55404
	F7_('E5', 'S5')_gc: False
	F39_('S2', 'S1')_t4_min: 7800
	F39_('E2', 'S2')_t4_max: 7780
	F22_('S1', 'E1')_gc: False
	F2_('E2', 'S2')_rr: 0
	F7_('S5', 'S4')_t4_min: 15678
	F20_('S3', 'S2')_t4_max: 31953
	F2_('S4', 'S5')_t4_max: 1394
	F27_('S4', 'S5')_t4_min: 15680
	F38_('S3', 'S4')_gc: False
	F13_('S5', 'E5')_t4_min: 47798
	F37_('S4', 'S3')_t4_max: 1591
	F27_('S4', 'S5')_t4_max: 15698
	F13_queue_index: 0
	F33_('S2', 'S3')_t5_min: 1559
	F28_('S3', 'S4')_gc: True
	F39_('S1', 'E1')_t4_min: 7815
	F28_('S4', 'S5')_rr: 4
	F21_('S5', 'E5')_tb: 127798
	F31_('S2', 'S1')_t4_min: 63842
	F8_('S4', 'S5')_rr: 16
	F11_jitter: 18
	F2_('S2', 'S3')_rr: 0
	F5_('E2', 'S2')_t3_max: 1361
	F31_('S3', 'S2')_rr: 1
	F7_('S3', 'S2')_t4_max: 15727
	F29_('S5', 'S4')_t4_max: 31635
	F3_('E4', 'S4')_gc: False
	F18_('E2', 'S2')_t3_max: 7869
	F21_('S3', 'S4')_gc: True
	F27_jitter: 36
	F2_('E2', 'S2')_t5_min: 1325
	F30_('S3', 'E3')_t5_max: 15984
	F12_('S1', 'E1')_gc: False
	F28_('S4', 'S5')_t4_min: 15977
	F25_('E4', 'S4')_rr: 0
	F26_('S4', 'E4')_rr: 0
	F24_('E2', 'S2')_t3_max: 15846
	F7_('S2', 'S1')_t4_max: 15749
	F5_('S5', 'E5')_rr: 0
	F26_queue_index: 0
	F4_queue_index: 0
	F2_('S4', 'S5')_t4_min: 1394
	F5_('E2', 'S2')_t5_max: 1384
	F30_('E1', 'S1')_gc: False
	F36_('E4', 'S4')_gc: False
	F21_('S5', 'E5')_rr: 0
	F29_('S5', 'S4')_rr: 1
	F11_('E1', 'S1')_t5_max: 11
	F37_('E4', 'S4')_gc: False
	F10_queue_index: 0
	F3_('S4', 'S3')_t4_max: 11900
	F7_('S1', 'E1')_t4_min: 15717
	F22_('S1', 'E1')_t4_min: 1956
	F29_('S5', 'S4')_t3_min: 31630
	F27_('S5', 'E5')_rr: 0
	F28_('S2', 'S3')_rr: 8
	F8_('S3', 'S4')_t4_min: 1538
	F10_('S4', 'S5')_rr: 32
	F38_('E3', 'S3')_t3_max: 1290
	F39_('E2', 'S2')_rr: 0
	F14_('S3', 'S2')_gc: False
	F23_('S4', 'E4')_t4_min: 7920
	('S4', 'S5')_gcl_cycle: 64000
	F17_('E3', 'S3')_t3_max: 15608
	F27_('E4', 'S4')_t3_max: 15656
	F38_('E3', 'S3')_gc: False
	F20_('S5', 'S4')_gc: True
	F38_('S4', 'E4')_t4_min: 1323
	F35_('E1', 'S1')_t4_min: 16038
	F38_('S3', 'S4')_t5_min: 1321
	F15_('E3', 'S3')_tb: 127632
	F23_('E5', 'S5')_t3_max: 7889
	F36_('E4', 'S4')_rr: 0
	F14_('S4', 'S3')_t4_min: 5675
	('S5', 'S4')_gcl_length: 20
	F8_('E2', 'S2')_tb: 1493
	F30_queue_index: 0
	('S3', 'S4')_gcl_cycle: 128000
	F12_('S3', 'S2')_gc: False
	F2_('E2', 'S2')_gc: False
	F2_('S2', 'S3')_t4_max: 1345
	F28_('S1', 'S2')_t4_max: 15953
	F20_('S2', 'E2')_t5_max: 31991
	F29_('E5', 'S5')_t3_min: 31627
	('S5', 'S4')_gcl_cycle: 32000
	F34_('S2', 'S3')_t4_min: 29491
	F17_jitter: 36
	F13_('E2', 'S2')_t3_max: 47754
	F39_('E2', 'S2')_t3_max: 7767
	F12_('S3', 'S2')_t4_min: 13964
	F9_queue_index: 0
	F33_('E1', 'S1')_t3_max: 1507
	F32_('E2', 'S2')_rr: 0
	F0_('S5', 'S4')_rr: 4
	F1_('S3', 'S4')_t4_min: 77424
	F2_('S5', 'E5')_gc: False
	F15_('S1', 'E1')_gc: False
	F20_('S4', 'S3')_t5_min: 31946
	F17_('S4', 'E4')_rr: 0
	F5_('S4', 'S5')_gc: True
	F31_('S1', 'E1')_t5_max: 63868
	F22_('S2', 'S1')_tb: 1947
	('S5', 'E5')_gcl_cycle: 64000
	F0_('S4', 'E4')_t4_min: 7516
	F27_('S4', 'S5')_rr: 0
	F30_('S2', 'S3')_t4_min: 15910
	F1_queue_index: 0
	F13_('S2', 'S3')_t4_min: 47776
	F13_('S5', 'E5')_gc: False
	F36_('S2', 'S1')_t5_min: 1772
	F2_('S3', 'S4')_t5_max: 1387
	F27_('E4', 'S4')_tb: 15669
	F2_jitter: 18
	F17_('S3', 'S4')_gc: False
	F18_('S4', 'E4')_t4_min: 7923
	F33_('S2', 'S3')_t4_max: 1555
	F39_('S1', 'E1')_tb: 7815
	F2_('S4', 'S5')_rr: 8
	F16_jitter: 36
	F10_('S4', 'S5')_t3_min: 1762
	F11_('S2', 'E2')_rr: 0
	F14_('S4', 'S3')_t4_max: 5675
	F31_('S4', 'S3')_t4_max: 63822
	F20_('S2', 'E2')_t4_min: 31964
	F17_('S3', 'S4')_t4_max: 15651
	F27_('S5', 'E5')_t4_min: 15691
	F21_('S3', 'S4')_rr: 1
	F19_('S3', 'S4')_t4_max: 55396
	F12_('E3', 'S3')_t5_min: 13962
	F14_('E4', 'S4')_rr: 0
	F24_queue_index: 0
	F3_('S4', 'S3')_rr: 0
	F15_('E3', 'S3')_gc: False
	F34_('S3', 'E3')_gc: False
	F34_('S1', 'S2')_t4_max: 29472
	F8_('S3', 'S4')_gc: True
	F28_('S1', 'S2')_gc: True
	F25_('S4', 'S3')_t3_max: 39761
	F19_('S3', 'S4')_t3_max: 55396
	F17_('S3', 'S4')_t3_max: 15638
	F32_('S2', 'S1')_t3_max: 127865
	F28_('S1', 'S2')_t3_max: 15953
	F22_('S4', 'S3')_t3_max: 1911
	F38_('S3', 'S4')_t3_max: 1318
	F18_('S2', 'S3')_t3_max: 7899
	F6_('S4', 'S5')_t3_max: 63733
	F36_('S4', 'S3')_t3_max: 1738
	F33_('S1', 'S2')_t3_max: 1531
	F15_('S3', 'S2')_t3_max: 127645
	F2_('S2', 'S3')_t3_max: 1332
	F11_('S1', 'S2')_t3_max: 18
	F10_('S4', 'S5')_t3_max: 1767
	F0_('S5', 'S4')_t3_max: 7507
	F1_('S2', 'S3')_t3_max: 77411
	F13_('S2', 'S3')_t3_max: 47776
	F21_('S3', 'S4')_t3_max: 127778
	F14_('S4', 'S3')_t3_max: 5675
	F23_('S5', 'S4')_t3_max: 7911
	F31_('S4', 'S3')_t3_max: 63809
	F26_('S2', 'S3')_t3_max: 1450
	F7_('S5', 'S4')_t3_max: 15683
	F3_('S4', 'S3')_t3_max: 11887
	F4_('S5', 'S4')_t3_max: 29598
	F37_('S4', 'S3')_t3_max: 1578
	F39_('S2', 'S1')_t3_max: 7800
	F34_('S1', 'S2')_t3_max: 29459
	F16_('S2', 'S3')_t3_max: 55626
	F20_('S5', 'S4')_t3_max: 31921
	F9_('S3', 'S2')_t3_max: 37724
	F8_('S2', 'S3')_t3_max: 1509
	F12_('S3', 'S2')_t3_max: 13969
	F35_('S1', 'S2')_t3_max: 16051
	F27_('S4', 'S5')_t3_max: 15685
	F5_('S2', 'S3')_t3_max: 1391
	F29_('S5', 'S4')_t3_max: 31635
	F30_('S1', 'S2')_t3_max: 15904
	F24_('S2', 'S3')_t3_max: 15868
	F13_('S2', 'S3')_t3_min: 47771
	F39_('S2', 'S1')_t3_min: 7795
	F19_('E3', 'S3')_t4_min: 55383
	F12_('S1', 'E1')_t4_max: 14023
	F7_('S2', 'S1')_t5_min: 15715
	F4_('S4', 'S3')_t3_min: 29601
	F17_('E3', 'S3')_t5_min: 15631
	F30_('E1', 'S1')_t3_min: 15888
	F10_('S4', 'S5')_t5_min: 1772
	F14_('S4', 'S3')_tb: 5675
	F6_('S4', 'S5')_t3_min: 63728
	F28_('S4', 'S5')_tb: 15977
	F16_('S2', 'S3')_t5_max: 55646
	F0_('S4', 'E4')_t5_min: 7523
	F13_('S3', 'S4')_tb: 47785
	F34_('S3', 'E3')_t3_min: 29505
	F7_('S1', 'E1')_t5_max: 15773
	F5_('S3', 'S4')_t5_max: 1418
	F9_('S3', 'S2')_t3_min: 37719
	F23_('S4', 'E4')_t5_max: 7922
	F37_('S3', 'E3')_t3_max: 1607
	F38_('E3', 'S3')_t5_max: 1311
	F33_('S3', 'E3')_t5_max: 1583
	F28_('S5', 'E5')_t5_min: 15981
	F26_('S4', 'E4')_t3_max: 1498
	F35_('S1', 'S2')_tb: 16051
	F28_('S1', 'S2')_t5_max: 15954
	F36_('E4', 'S4')_t3_min: 1727
	F28_('E1', 'S1')_t3_min: 15945
	F14_('E4', 'S4')_t5_min: 5668
	F10_('E4', 'S4')_tb: 1755
	F15_('S3', 'S2')_t5_max: 127664
	F32_('S2', 'S1')_tb: 127865
	F36_('E4', 'S4')_t5_max: 1731
	F34_('S3', 'E3')_tb: 29505
	F34_('S2', 'S3')_t3_min: 29468
	F30_('E1', 'S1')_t5_max: 15897
	F1_('S3', 'S4')_t5_max: 77430
	F35_('S1', 'S2')_t3_min: 16046
	F36_('S2', 'S1')_t5_max: 1790
	F31_('S2', 'S1')_t3_min: 63837
	F4_('S3', 'S2')_t3_max: 29637
	F19_('S4', 'E4')_t3_min: 55404
	('S5', 'E5')_gcl_length: 2
	F35_('S2', 'E2')_tb: 16059
	F37_('S4', 'S3')_t3_min: 1573
	F28_('S1', 'S2')_t5_min: 15954
	F1_('S4', 'E4')_t5_min: 77438
	F29_('S4', 'E4')_t5_min: 31644
	F0_('E5', 'S5')_t4_min: 7493
	F28_('E1', 'S1')_t4_max: 15945
	F12_('E3', 'S3')_t4_min: 13955
	F18_('E2', 'S2')_tb: 7882
	F16_('E2', 'S2')_t3_min: 55612
	F10_('S4', 'S5')_t5_max: 1772
	F14_('S3', 'S2')_t3_min: 5679
	F8_('S4', 'S5')_t5_min: 1563
	F19_('E3', 'S3')_t3_min: 55383
	F19_('E3', 'S3')_t5_max: 55389
	F26_('S4', 'E4')_tb: 1457
	F37_('S4', 'S3')_t5_max: 1600
	F30_('S2', 'S3')_t5_min: 15919
	('S1', 'S2')_gcl_length: 10
	F21_('E3', 'S3')_t4_min: 127763
	F19_('S3', 'S4')_tb: 55396
	F5_('S3', 'S4')_t3_max: 1408
	F37_('E4', 'S4')_t5_min: 1571
	F31_('S4', 'S3')_t3_min: 63804
	F2_('S2', 'S3')_t5_max: 1356
	F10_('E4', 'S4')_t5_min: 1760
	F20_('S3', 'S2')_t3_min: 31948
	('S1', 'E1')_gcl_length: 2
	F23_('S4', 'E4')_t3_max: 7920
	F19_('E3', 'S3')_t5_min: 55389
	F30_('S3', 'E3')_t3_min: 15921
	F27_('E4', 'S4')_t3_min: 15669
	F37_('S3', 'E3')_t3_min: 1584
	F29_('S4', 'E4')_t3_max: 31643
	F24_('S4', 'E4')_t5_min: 15896
	F12_('S1', 'E1')_tb: 14005
	F8_('S5', 'E5')_t5_min: 1574
	F19_('S4', 'E4')_t5_min: 55410
	F13_('E2', 'S2')_t5_max: 47769
	F15_('S2', 'S1')_t3_min: 127648
	F28_('S3', 'S4')_t5_max: 15970
	F4_('S2', 'E2')_t5_max: 29682
	F36_('S2', 'S1')_t3_min: 1768
	F24_('E2', 'S2')_t5_max: 15861
	F2_('S3', 'S4')_t3_min: 1340
	F17_('S4', 'E4')_t4_max: 15681
	F28_('S5', 'E5')_t4_max: 15998
	F29_('S5', 'S4')_tb: 31635
	F36_('S4', 'S3')_t5_min: 1737
	F1_('S2', 'S3')_tb: 77411
	('S2', 'S3')_gcl_length: 254
	F1_('S2', 'S3')_t5_max: 77417
	F0_('S4', 'E4')_t3_max: 7521
	F25_('E4', 'S4')_t4_min: 39742
	F5_('S5', 'E5')_t3_max: 1442
	F22_('S1', 'E1')_t4_max: 1992
	F28_('S2', 'S3')_t5_max: 15962
	F39_('S2', 'S1')_t5_max: 7813
	F22_('E4', 'S4')_t5_max: 1904
	F5_('S2', 'S3')_tb: 1391
	F8_('S4', 'S5')_t3_min: 1549
	F4_('S2', 'E2')_t4_max: 29676
	F29_('S4', 'E4')_t4_max: 31643
	F15_('S2', 'S1')_tb: 127648
	F5_('S4', 'S5')_tb: 1425
	F14_('E4', 'S4')_t3_min: 5666
	F1_('S4', 'E4')_t3_min: 77432
	F15_('E3', 'S3')_t3_min: 127632
	F13_('S5', 'E5')_t5_min: 47800
	F6_('S5', 'E5')_t3_min: 63737
	F37_('S3', 'E3')_tb: 1584
	F6_('S5', 'E5')_tb: 63742
	F18_('S4', 'E4')_t4_max: 7959
	F22_('S1', 'E1')_tb: 1956
	F15_('S3', 'S2')_tb: 127640
	F13_('S5', 'E5')_tb: 47798
	F38_('S4', 'E4')_t3_min: 1323
	F19_('S4', 'E4')_t3_max: 55409
	F36_('S2', 'S1')_tb: 1768
	F22_('E4', 'S4')_t5_min: 1904
	F23_('S5', 'S4')_t3_min: 7906
	F31_('S4', 'S3')_tb: 63804
	F2_('S4', 'S5')_t5_max: 1405
	F16_('S3', 'E3')_tb: 55630
	F33_('S3', 'E3')_t3_min: 1561
	F36_('S3', 'S2')_t5_min: 1766
	F5_('E2', 'S2')_t5_min: 1384
	F25_('E4', 'S4')_t5_max: 39754
	('S3', 'E3')_gcl_length: 0
	F14_('S2', 'E2')_t4_max: 5719
	F15_('S2', 'S1')_t5_min: 127654
	F17_('E3', 'S3')_tb: 15621
	F35_('S2', 'E2')_t5_max: 16083
	F24_('S4', 'E4')_tb: 15894
	F18_('S4', 'E4')_t3_min: 7923
	('E2', 'S2')_gcl_length: 0
	F33_('S1', 'S2')_t5_min: 1530
	F0_('S5', 'S4')_t3_min: 7502
	F32_('S1', 'E1')_t3_min: 127869
	F15_('S3', 'S2')_t3_min: 127640
	F6_('E4', 'S4')_t3_min: 63724
	F27_('E4', 'S4')_t5_max: 15678
	F12_('S3', 'S2')_t5_min: 13971
	F26_('E2', 'S2')_t4_max: 1439
	F27_('E4', 'S4')_t4_max: 15669
	F7_('S4', 'S3')_t3_max: 15705
	F13_('S5', 'E5')_t5_max: 47818
	F36_('E4', 'S4')_t5_min: 1731
	F4_('S2', 'E2')_tb: 29640
	F26_('S2', 'S3')_t3_min: 1445
	('S4', 'S5')_gcl_length: 188
	F33_('S1', 'S2')_tb: 1526
	F26_('S2', 'S3')_t5_max: 1467
	F35_('S2', 'E2')_t4_max: 16077
	F30_('S3', 'E3')_t3_max: 15962
	F38_('S4', 'E4')_t3_max: 1346
	F35_('E1', 'S1')_t4_max: 16038
	F28_('S3', 'S4')_tb: 15969
	F34_('S1', 'S2')_t5_min: 29466
	F15_('E3', 'S3')_t4_max: 127632
	F39_('S1', 'E1')_t5_max: 7846
	F1_('E2', 'S2')_t4_max: 77398
	F2_('S2', 'S3')_tb: 1327
	F36_('E4', 'S4')_t4_max: 1727
	F20_('E5', 'S5')_t5_min: 31914
	('E4', 'S4')_gcl_length: 0
	F27_('S4', 'S5')_t5_min: 15689
	F13_('S5', 'E5')_t3_max: 47803
	F25_('S3', 'E3')_t3_max: 39793
	F15_('S1', 'E1')_tb: 127656
	F14_('S2', 'E2')_t3_min: 5683
	F6_('E4', 'S4')_tb: 63724
	F32_('S2', 'S1')_t5_max: 127867
	F8_('S2', 'S3')_tb: 1504
	F36_('S1', 'E1')_t5_max: 1814
	F8_('S2', 'S3')_t3_min: 1504
	F25_('S3', 'E3')_t5_max: 39818
	F0_('S4', 'E4')_t4_max: 7534
	F6_('S4', 'S5')_t5_min: 63735
	F30_('E1', 'S1')_t5_min: 15897
	F27_('E4', 'S4')_t5_min: 15678
	F20_('E5', 'S5')_t5_max: 31914
	F35_('S1', 'S2')_t5_max: 16057
	F7_('S2', 'S1')_t5_max: 15751
	F1_('S2', 'S3')_t5_min: 77417
	F19_('E3', 'S3')_tb: 55383
	F37_('S4', 'S3')_t5_min: 1582
	F7_('S2', 'S1')_t3_max: 15736
	F36_('S1', 'E1')_t5_min: 1778
	F39_('S2', 'S1')_tb: 7800
	F28_('S2', 'S3')_t3_max: 15961
	('E1', 'S1')_gcl_length: 0
	F7_('S1', 'E1')_t3_max: 15758
	F2_('S4', 'S5')_tb: 1394
	F13_('S5', 'E5')_t3_min: 47798
	F10_('S5', 'E5')_t5_max: 1797
	F22_('S2', 'S1')_t3_max: 1952
	F25_('S3', 'E3')_tb: 39770
	F31_('S4', 'S3')_t5_max: 63825
	F8_('E2', 'S2')_t5_max: 1502
	F5_('S4', 'S5')_t5_max: 1435
	F26_('S4', 'E4')_t3_min: 1457
	F18_('S2', 'S3')_t3_min: 7894
	F18_('S4', 'E4')_t5_max: 7969
	F17_('S4', 'E4')_t5_min: 15655
	F34_('S2', 'S3')_tb: 29491
	F30_('S3', 'E3')_t4_max: 15975
	F17_('S4', 'E4')_tb: 15645
	F15_('S1', 'E1')_t4_max: 127710
	F34_('E1', 'S1')_t4_max: 29440
	F20_('S3', 'S2')_t3_max: 31953
	F9_('S3', 'S2')_t5_min: 37720
	F7_('E5', 'S5')_t4_min: 15674
	F29_('E5', 'S5')_t5_min: 31628
	F23_('E5', 'S5')_t4_min: 7902
	F4_('S4', 'S3')_t5_max: 29630
	F7_('S5', 'S4')_t5_min: 15680
	F12_('S2', 'S1')_t5_max: 14003
	F17_('S4', 'E4')_t5_max: 15691
	F14_('E4', 'S4')_t4_min: 5666
	F9_('E3', 'S3')_t4_min: 37716
	F16_('E2', 'S2')_t4_max: 55612
	F25_('E4', 'S4')_t3_min: 39742
	F28_('S2', 'S3')_t3_min: 15956
	F9_('S3', 'S2')_t5_max: 37738
	F37_('E4', 'S4')_t3_min: 1562
	F29_('S4', 'E4')_t5_max: 31644
	F33_('E1', 'S1')_t4_min: 1520
	F15_('S1', 'E1')_t5_min: 127662
	F34_('S2', 'S3')_t5_max: 29503
	F22_('S4', 'S3')_t5_min: 1913
	F24_('E2', 'S2')_t4_min: 15859
	F39_('S2', 'S1')_t5_min: 7813
	F5_('S2', 'S3')_t3_min: 1386
	F28_('S3', 'S4')_t3_min: 15964
	F32_('S2', 'S1')_t5_min: 127867
	F9_('S2', 'E2')_t4_max: 37745
	F22_('S3', 'S2')_t3_max: 1938
	F23_('S4', 'E4')_t4_max: 7920
	F10_('S4', 'S5')_tb: 1767
	F15_('S1', 'E1')_t5_max: 127716
	F24_('E2', 'S2')_t3_min: 15859
	F24_('S3', 'S4')_tb: 15890
	F20_('S2', 'E2')_tb: 31964
	F30_('S3', 'E3')_tb: 15921
	F16_('S3', 'E3')_t5_min: 55637
	F26_('S4', 'E4')_t5_max: 1515
	F34_('S1', 'S2')_t3_min: 29454
	F39_('S1', 'E1')_t3_max: 7820
	F7_('E5', 'S5')_t4_max: 15674
	F12_('E3', 'S3')_tb: 13955
	F23_('E5', 'S5')_tb: 7902
	F20_('S4', 'S3')_t3_max: 31937
	F13_('E2', 'S2')_t4_min: 47767
	F29_('E5', 'S5')_t4_max: 31627
	F14_('S3', 'S2')_t5_max: 5699
	F7_('S4', 'S3')_tb: 15705
	F25_('E4', 'S4')_t5_min: 39754
	F15_('S2', 'S1')_t5_max: 127690
	F23_('S4', 'E4')_tb: 7920
	F24_('S2', 'S3')_t5_max: 15883
	('E5', 'S5')_gcl_length: 0
	F5_('S3', 'S4')_t3_min: 1403
	F34_('S3', 'E3')_t3_max: 29510
	F38_('E3', 'S3')_t5_min: 1311
	F33_('S3', 'E3')_t4_max: 1579
	F13_('S3', 'S4')_t3_min: 47780
	F13_('S5', 'E5')_t4_max: 47816
	F3_('S3', 'E3')_t5_min: 11894
	F22_('S3', 'S2')_t5_min: 1945
	F20_('S2', 'E2')_t3_min: 31964
	F28_('S4', 'S5')_t5_min: 15978
	('E3', 'S3')_gcl_length: 0
	F17_('E3', 'S3')_t3_min: 15621
	F4_('S4', 'S3')_tb: 29624
	F23_('E5', 'S5')_t5_min: 7904
	F12_('E3', 'S3')_t5_max: 13962
	F18_('E2', 'S2')_t4_max: 7882
	F11_('S1', 'S2')_tb: 18
	F10_('S5', 'E5')_t3_max: 1779
	F39_('E2', 'S2')_t4_min: 7780
	F20_('S5', 'S4')_t5_min: 31930
	F7_('E5', 'S5')_t3_min: 15674
	F8_('E2', 'S2')_t5_min: 1502
	F7_('E5', 'S5')_t5_min: 15676
	F27_('S5', 'E5')_t5_max: 15736
	F36_('S1', 'E1')_t3_min: 1774
	F8_('S4', 'S5')_t3_max: 1554
	F28_('S3', 'S4')_t5_min: 15970
	F23_('S4', 'E4')_t3_min: 7915
	F2_('S5', 'E5')_t5_min: 1418
	F13_('S4', 'S5')_t3_min: 47789
	F34_('E1', 'S1')_t5_min: 29452
	F18_('E2', 'S2')_t3_min: 7882
	F38_('E3', 'S3')_t3_min: 1303
	F39_('S1', 'E1')_t5_min: 7828
	F37_('E4', 'S4')_t4_min: 1562
	F33_('S2', 'S3')_tb: 1555
	F10_('E4', 'S4')_t5_max: 1760
	F7_('S3', 'S2')_tb: 15709
	F19_('S3', 'S4')_t5_min: 55402
	F17_('S3', 'S4')_t3_min: 15633
	F5_('E2', 'S2')_t3_min: 1374
	F34_('S1', 'S2')_t5_max: 29484
	F21_('S4', 'S5')_t3_max: 127793
	F34_('S3', 'E3')_t4_max: 29523
	F26_('S2', 'S3')_tb: 1445
	F19_('E3', 'S3')_t4_max: 55383
	F18_('E2', 'S2')_t5_max: 7892
	F0_('E5', 'S5')_tb: 7493
	F1_('E2', 'S2')_t4_min: 77398
	F38_('E3', 'S3')_tb: 1303
	F39_('E2', 'S2')_t3_min: 7780
	F30_('E1', 'S1')_t4_max: 15888
	F2_('S5', 'E5')_tb: 1407
	F20_('E5', 'S5')_tb: 31905
	F11_('S2', 'E2')_tb: 30
	('S4', 'S3')_gcl_length: 16
	F5_('E2', 'S2')_tb: 1374
	F31_('S3', 'S2')_t5_min: 63835
	F24_('S4', 'E4')_t4_max: 15912
	F2_('E2', 'S2')_t5_max: 1325
	F6_('E4', 'S4')_t4_max: 63724
	F7_('S3', 'S2')_t3_max: 15714
	F31_('E4', 'S4')_t3_min: 63799
	F35_('S2', 'E2')_t3_min: 16059
	F16_('E2', 'S2')_t4_min: 55612
	F12_('S1', 'E1')_t3_max: 14010
	F11_('S2', 'E2')_t5_min: 40
	F8_('S4', 'S5')_tb: 1554
	F7_('S5', 'S4')_tb: 15678
	F4_('S3', 'S2')_t5_min: 29638
	F28_('E1', 'S1')_t5_min: 15946
	F0_('S4', 'E4')_t5_max: 7541
	F12_('S1', 'E1')_t3_min: 14005
	F33_('S1', 'S2')_t5_max: 1548
	F14_('S4', 'S3')_t3_min: 5670
	F10_('S5', 'E5')_t3_min: 1774
	F7_('S5', 'S4')_t3_min: 15678
	F26_('E2', 'S2')_t5_min: 1443
	F11_('S2', 'E2')_t3_min: 30
	F11_('E1', 'S1')_t5_min: 11
	F14_('S2', 'E2')_t3_max: 5706
	F16_('S3', 'E3')_t3_max: 55653
	F13_('E2', 'S2')_tb: 47767
	F8_('E2', 'S2')_t3_min: 1493
	F34_('E1', 'S1')_t5_max: 29452
	F21_('S3', 'S4')_t5_max: 127786
	F29_('S5', 'S4')_t5_min: 31636
	F2_('S5', 'E5')_t4_max: 1425
	F38_('S3', 'S4')_tb: 1313
	F31_('E4', 'S4')_t5_max: 63802
	F31_('S2', 'S1')_tb: 63842
	F8_('S3', 'S4')_t5_max: 1547
	F20_('S3', 'S2')_t5_min: 31962
	F12_('S2', 'S1')_t3_min: 13973
	F31_('S1', 'E1')_t5_min: 63850
	F18_('S4', 'E4')_t5_min: 7933
	F7_('S1', 'E1')_t3_min: 15717
	F34_('S2', 'S3')_t3_max: 29491
	F21_('E3', 'S3')_t5_min: 127771
	F9_('E3', 'S3')_t5_max: 37717
	F22_('S1', 'E1')_t3_min: 1956
	F2_('S4', 'S5')_t3_max: 1394
	F24_('E2', 'S2')_t5_min: 15861
	F11_('S2', 'E2')_t5_max: 58
	F13_('E2', 'S2')_t5_min: 47769
	F24_('E2', 'S2')_tb: 15859
	F22_('E4', 'S4')_tb: 1897
	F14_('E4', 'S4')_tb: 5666
	F35_('E1', 'S1')_t3_min: 16038
	F10_('S5', 'E5')_t5_min: 1779
	F0_('S4', 'E4')_t3_min: 7516
	F29_('E5', 'S5')_t5_max: 31628
	F38_('E3', 'S3')_t4_min: 1303
	F12_('S1', 'E1')_t5_min: 14012
	F1_('S2', 'S3')_t3_min: 77406
	F32_('S1', 'E1')_t3_max: 127874
	F30_('S1', 'S2')_t5_max: 15926
	F22_('S1', 'E1')_t5_max: 1999
	F20_('E5', 'S5')_t4_min: 31905
	F4_('S5', 'S4')_t3_min: 29593
	F13_('S3', 'S4')_t5_min: 47787
	F36_('S3', 'S2')_tb: 1762
	F39_('E2', 'S2')_tb: 7780
	F25_('S4', 'S3')_tb: 39756
	F21_('S4', 'S5')_tb: 127788
	F21_('S5', 'E5')_t5_min: 127806
	F9_('S2', 'E2')_tb: 37745
	F7_('E5', 'S5')_tb: 15674
	F14_('S3', 'S2')_t5_min: 5681
	F3_('S3', 'E3')_t4_max: 11925
	F28_('E1', 'S1')_t4_min: 15945
	F2_('E2', 'S2')_t3_min: 1314
	F30_('S2', 'S3')_tb: 15910
	F24_('S3', 'S4')_t3_min: 15867
	F3_('S4', 'S3')_tb: 11882
	F22_('S1', 'E1')_t3_max: 1979
	F21_('S5', 'E5')_t5_max: 127842
	F25_('S3', 'E3')_t4_max: 39806
	F6_('E4', 'S4')_t5_min: 63726
	F35_('S2', 'E2')_t5_min: 16065
	F31_('E4', 'S4')_tb: 63799
	F31_('E4', 'S4')_t4_min: 63799
	F30_('S1', 'S2')_t3_min: 15899
	F7_('S4', 'S3')_t5_max: 15707
	F33_('S3', 'E3')_t5_min: 1565
	F0_('S5', 'S4')_t5_min: 7514
	F29_('E5', 'S5')_t4_min: 31627
	F33_('S3', 'E3')_t3_max: 1566
	F4_('S4', 'S3')_t5_min: 29630
	F8_('S3', 'S4')_t3_min: 1515
	F4_('S4', 'S3')_t3_max: 29624
	F5_('S3', 'S4')_tb: 1408
	F24_('S3', 'S4')_t5_min: 15892
	F36_('S4', 'S3')_t5_max: 1755
	F29_('S4', 'E4')_t3_min: 31638
	F24_('S3', 'S4')_t5_max: 15892
	F18_('S2', 'S3')_t5_max: 7909
	F16_('E2', 'S2')_t5_max: 55619
	F25_('E4', 'S4')_tb: 39742
	F20_('S3', 'S2')_tb: 31953
	F28_('S5', 'E5')_t3_min: 15980
	F4_('S2', 'E2')_t3_min: 29640
	F8_('S5', 'E5')_t4_max: 1583
	F8_('S4', 'S5')_t5_max: 1563
	F25_('S4', 'S3')_t5_min: 39768
	F15_('S2', 'S1')_t3_max: 127671
	F17_('E3', 'S3')_t5_max: 15631
	F13_('S4', 'S5')_t5_min: 47796
	F31_('S2', 'S1')_t5_max: 63845
	F14_('S2', 'E2')_t5_max: 5721
	F25_('S4', 'S3')_t5_max: 39786
	F20_('S5', 'S4')_tb: 31921
	F7_('S5', 'S4')_t5_max: 15698
	F28_('S3', 'S4')_t3_max: 15969
	F3_('E4', 'S4')_t3_min: 11875
	F0_('S5', 'S4')_t5_max: 7514
	F22_('S3', 'S2')_t5_max: 1945
	F32_('E2', 'S2')_tb: 127856
	F27_('S5', 'E5')_t3_min: 15691
	F38_('S4', 'E4')_t5_max: 1367
	F34_('S3', 'E3')_t5_min: 29517
	F37_('S3', 'E3')_t5_min: 1593
	F27_('E4', 'S4')_t4_min: 15669
	F33_('S3', 'E3')_tb: 1561
	F16_('E2', 'S2')_tb: 55612
	F31_('S4', 'S3')_t5_min: 63807
	F7_('S3', 'S2')_t3_min: 15709
	F25_('S3', 'E3')_t5_min: 39782
	F3_('S4', 'S3')_t3_min: 11882
	F1_('S3', 'S4')_t3_min: 77419
	F5_('S4', 'S5')_t5_min: 1435
	F3_('E4', 'S4')_tb: 11875
	F38_('S4', 'E4')_t4_max: 1359
	F24_('S4', 'E4')_t3_min: 15894
	F18_('S3', 'S4')_t5_max: 7939
	F31_('S3', 'S2')_t5_max: 63835
	F2_('S3', 'S4')_tb: 1340
	F8_('S5', 'E5')_t5_max: 1592
	F15_('E3', 'S3')_t4_min: 127632
	F36_('S1', 'E1')_tb: 1774
	F9_('E3', 'S3')_t4_max: 37716
	F26_('S3', 'S4')_t3_min: 1451
	F7_('S3', 'S2')_t5_min: 15711
	F4_('S3', 'S2')_t3_min: 29632
	F2_('S5', 'E5')_t3_min: 1407
	F35_('S1', 'S2')_t5_min: 16057
	F3_('S3', 'E3')_t3_max: 11912
	F34_('S2', 'S3')_t5_min: 29503
	F12_('E3', 'S3')_t3_min: 13955
	F28_('S5', 'E5')_tb: 15980
	F36_('E4', 'S4')_t4_min: 1727
	F12_('S2', 'S1')_t5_min: 14003
	F6_('E4', 'S4')_t4_min: 63724
	F32_('S1', 'E1')_t5_max: 127876
	F20_('S2', 'E2')_t4_max: 31982
	F33_('E1', 'S1')_t5_max: 1524
	F6_('S5', 'E5')_t5_max: 63744
	F38_('S3', 'S4')_t3_min: 1313
	F4_('S2', 'E2')_t5_min: 29646
	F0_('S5', 'S4')_tb: 7507
	F9_('E3', 'S3')_t3_min: 37716
	F14_('S3', 'S2')_t3_max: 5684
	F35_('E1', 'S1')_t5_max: 16044
	F8_('E2', 'S2')_t4_max: 1493
	F7_('S3', 'S2')_t5_max: 15729
	F6_('S5', 'E5')_t3_max: 63742
	F4_('E5', 'S5')_t5_max: 29591
	F38_('S3', 'S4')_t5_max: 1339
	F23_('S5', 'S4')_t5_max: 7913
	F1_('E2', 'S2')_t5_max: 77404
	F29_('E5', 'S5')_tb: 31627
	F28_('S4', 'S5')_t3_max: 15977
	('S2', 'S1')_gcl_length: 54
	F8_('S2', 'S3')_t5_min: 1513
	F9_('S2', 'E2')_t5_max: 37746
	F21_('E3', 'S3')_t3_min: 127763
	F14_('S3', 'S2')_tb: 5679
	F5_('E2', 'S2')_t4_min: 1374
	F13_('S3', 'S4')_t5_max: 47787
	F28_('S4', 'S5')_t3_min: 15972
	F31_('S1', 'E1')_tb: 63847
	F8_('S5', 'E5')_t3_max: 1570
	F26_('S4', 'E4')_t5_min: 1461
	F24_('S3', 'S4')_t3_max: 15890
	F3_('S4', 'S3')_t5_min: 11887
	F37_('E4', 'S4')_t5_max: 1571
	F5_('E2', 'S2')_t4_max: 1374
	F19_('S4', 'E4')_tb: 55404
	F32_('S1', 'E1')_t5_min: 127876
	F17_('S3', 'S4')_tb: 15633
	F31_('S3', 'S2')_tb: 63832
	F22_('S2', 'S1')_t5_max: 1972
	F26_('S4', 'E4')_t4_max: 1511
	F37_('S3', 'E3')_t5_max: 1629
	F19_('S4', 'E4')_t5_max: 55428
	F26_('E2', 'S2')_t5_max: 1443
	F18_('S3', 'S4')_tb: 7911
	F10_('E4', 'S4')_t3_min: 1755
	F13_('S3', 'S4')_t3_max: 47785
	F6_('S4', 'S5')_t5_max: 63735
	F8_('S5', 'E5')_t3_min: 1565
	F33_('S2', 'S3')_t3_max: 1555
	F11_('E1', 'S1')_tb: 1
	F21_('S4', 'S5')_t5_min: 127796
	F24_('E2', 'S2')_t4_max: 15859
	F21_('S5', 'E5')_t3_min: 127798
	F39_('S1', 'E1')_t3_min: 7815
	F35_('S2', 'E2')_t3_max: 16064
	F35_('E1', 'S1')_t5_min: 16044
	F32_('S1', 'E1')_t4_max: 127874
	F39_('E2', 'S2')_t5_min: 7793
	F18_('S2', 'S3')_tb: 7899
	F20_('S4', 'S3')_tb: 31937
	F4_('S3', 'S2')_tb: 29632
	F31_('S3', 'S2')_t3_min: 63809
	F13_('S2', 'S3')_t5_min: 47778
	F33_('S2', 'S3')_t5_max: 1559
	F36_('S1', 'E1')_t3_max: 1797
	F16_('S3', 'E3')_t4_max: 55666
	F28_('S2', 'S3')_tb: 15961
	F26_('S3', 'S4')_t5_max: 1491
	F31_('S2', 'S1')_t3_max: 63842
	F20_('E5', 'S5')_t3_min: 31905
	F22_('E4', 'S4')_t3_min: 1897
	F8_('S5', 'E5')_tb: 1565
	F36_('S1', 'E1')_t4_max: 1810
	F15_('E3', 'S3')_t5_max: 127638
	F12_('S2', 'S1')_tb: 13996
	F20_('S3', 'S2')_t5_max: 31962
	('S2', 'E2')_gcl_length: 2
	F31_('S3', 'S2')_t3_max: 63832
	F28_('S4', 'S5')_t5_max: 15978
	F19_('S3', 'S4')_t5_max: 55402
	F7_('S1', 'E1')_tb: 15717
	F26_('S3', 'S4')_t5_min: 1455
	F24_('S2', 'S3')_t5_min: 15865
	F6_('S5', 'E5')_t5_min: 63744
	F31_('S2', 'S1')_t5_min: 63845
	F22_('S3', 'S2')_tb: 1938
	F16_('E2', 'S2')_t5_min: 55619
	F30_('S1', 'S2')_tb: 15899
	F2_('S4', 'S5')_t5_min: 1405
	F20_('S5', 'S4')_t3_min: 31916
	F5_('S3', 'S4')_t5_min: 1418
	F4_('E5', 'S5')_t4_min: 29585
	F21_('E3', 'S3')_t4_max: 127763
	F4_('S5', 'S4')_t5_min: 29599
	F0_('E5', 'S5')_t3_min: 7493
	F7_('E5', 'S5')_t5_max: 15676
	F5_('S4', 'S5')_t3_min: 1420
	F21_('S3', 'S4')_tb: 127778
	F30_('S2', 'S3')_t3_max: 15933
	F21_('S4', 'S5')_t3_min: 127788
	F34_('E1', 'S1')_t4_min: 29440
	F20_('S2', 'E2')_t5_min: 31973
	F12_('S3', 'S2')_tb: 13964
	F28_('S1', 'S2')_t3_min: 15948
	F12_('S1', 'E1')_t5_max: 14030
	F1_('S4', 'E4')_t5_max: 77456
	F7_('S2', 'S1')_t3_min: 15713
	F23_('E5', 'S5')_t3_min: 7902
	F20_('S5', 'S4')_t5_max: 31930
	F17_('S3', 'S4')_t5_max: 15661
	F11_('S2', 'E2')_t4_max: 48
	F32_('S2', 'S1')_t3_min: 127860
	F18_('S3', 'S4')_t5_min: 7921
	F17_('E3', 'S3')_t4_min: 15621
	F21_('S5', 'E5')_t3_max: 127821
	F1_('S4', 'E4')_tb: 77432
	F7_('S4', 'S3')_t3_min: 15682
	F28_('E1', 'S1')_t5_max: 15946
	F4_('S3', 'S2')_t5_max: 29656
	F3_('S4', 'S3')_t5_max: 11905
	F31_('E4', 'S4')_t5_min: 63802
	F1_('E2', 'S2')_t3_min: 77398
	F13_('S2', 'S3')_t5_max: 47778
	F7_('S2', 'S1')_tb: 15713
	F21_('S5', 'E5')_t4_max: 127834
	F30_('S1', 'S2')_t5_min: 15908
	F3_('S3', 'E3')_t5_max: 11930
	F36_('S3', 'S2')_t3_max: 1762
	F8_('S3', 'S4')_t3_max: 1538
	F23_('S5', 'S4')_t5_min: 7913
	F7_('S1', 'E1')_t4_max: 15771
	F22_('E4', 'S4')_t4_max: 1897
	F30_('E1', 'S1')_t4_min: 15888
	F2_('E2', 'S2')_t4_min: 1314
	F26_('S2', 'S3')_t5_min: 1449
	F32_('E2', 'S2')_t5_max: 127858
	F19_('S4', 'E4')_t4_max: 55422
	F11_('S1', 'S2')_t5_max: 28
	F2_('S2', 'S3')_t3_min: 1327
	F18_('E2', 'S2')_t4_min: 7882
	F0_('S4', 'E4')_tb: 7516
	F34_('S3', 'E3')_t5_max: 29535
	F27_('S5', 'E5')_t4_max: 15727
	F9_('S2', 'E2')_t5_min: 37746
	F34_('E1', 'S1')_tb: 29440
	F5_('S4', 'S5')_t3_max: 1425
	F22_('S4', 'S3')_t5_max: 1931
	F8_('E2', 'S2')_t4_min: 1493
	F6_('S5', 'E5')_t4_max: 63742
	F27_('S5', 'E5')_tb: 15691
	F18_('S4', 'E4')_tb: 7923
	F2_('S3', 'S4')_t5_min: 1351
	F2_('S3', 'S4')_t3_max: 1363
	F15_('S1', 'E1')_t3_max: 127697
	F9_('S3', 'S2')_tb: 37719
	F12_('S3', 'S2')_t5_max: 13989
	F32_('E2', 'S2')_t4_max: 127856
	F11_('S1', 'S2')_t3_min: 13
	F16_('S2', 'S3')_tb: 55621
	F8_('S3', 'S4')_t5_min: 1547
	('S4', 'E4')_gcl_length: 10
	F9_('S2', 'E2')_t3_max: 37745
	F33_('S2', 'S3')_t3_min: 1532
	('S3', 'S2')_gcl_length: 134
	F27_('S4', 'S5')_t3_min: 15680
	F34_('E1', 'S1')_t3_min: 29440
	F23_('S5', 'S4')_tb: 7911
	F17_('S4', 'E4')_t3_min: 15645
	F22_('S2', 'S1')_t5_min: 1954
	F17_('S3', 'S4')_t5_min: 15643
	F13_('E2', 'S2')_t4_max: 47767
	F7_('S4', 'S3')_t5_min: 15707
	F27_('S5', 'E5')_t3_max: 15714
	F25_('S4', 'S3')_t3_min: 39756
	F30_('E1', 'S1')_tb: 15888
	F33_('E1', 'S1')_t5_min: 1524
	F21_('S3', 'S4')_t3_min: 127773
	F12_('E3', 'S3')_t4_max: 13955
	F11_('E1', 'S1')_t3_min: 1
	F37_('E4', 'S4')_tb: 1562
	F37_('E4', 'S4')_t4_max: 1562
	F7_('S1', 'E1')_t5_min: 15719
	F11_('E1', 'S1')_t4_max: 1
	F14_('S2', 'E2')_tb: 5683
	F13_('S4', 'S5')_t5_max: 47796
	F20_('S4', 'S3')_t3_min: 31932
	F11_('S1', 'S2')_t5_min: 28
	F5_('S5', 'E5')_tb: 1437
	F2_('S2', 'S3')_t5_min: 1338
	F21_('E3', 'S3')_t5_max: 127771
	F6_('S4', 'S5')_tb: 63733
	F36_('S3', 'S2')_t3_min: 1739
	F21_('S3', 'S4')_t5_min: 127786
	F1_('E2', 'S2')_t5_min: 77404
	F33_('E1', 'S1')_t4_max: 1520
	F12_('S3', 'S2')_t3_min: 13964
	F1_('S4', 'E4')_t4_max: 77450
	F33_('E1', 'S1')_t3_min: 1520
	F8_('S3', 'S4')_tb: 1538
