0. Flow F0 [E3-->E2] with period 64000, payload 492B, e2e delay 64000us, jitter 6400us
	('E3', 'S3'), Operation(16243, None, 16247)(16243, 16243)
	('S3', 'S2'), Operation(16249, None, 16271)(16249, 16267)
	('S2', 'E2'), Operation(16255, 16278, 16282)(16278, 16278)
1. Flow F1 [E1-->E2] with period 4000, payload 1132B, e2e delay 4000us, jitter 400us
	('E1', 'S1'), Operation(402, None, 412)(402, 402)
	('S1', 'S2'), Operation(414, None, 442)(414, 432)
	('S2', 'E2'), Operation(426, None, 472)(426, 462)
2. Flow F2 [E5-->E2] with period 4000, payload 969B, e2e delay 4000us, jitter 400us
	('E5', 'S5'), Operation(3665, None, 3673)(3665, 3665)
	('S5', 'S4'), Operation(3675, None, 3701)(3675, 3693)
	('S4', 'S3'), Operation(3685, None, 3729)(3685, 3721)
	('S3', 'S2'), Operation(3695, 3750, 3758)(3750, 3750)
	('S2', 'E2'), Operation(3760, 3779, 3787)(3779, 3779)
3. Flow F3 [E4-->E2] with period 8000, payload 338B, e2e delay 8000us, jitter 800us
	('E4', 'S4'), Operation(154, None, 157)(154, 154)
	('S4', 'S3'), Operation(159, 176, 179)(176, 176)
	('S3', 'S2'), Operation(181, None, 202)(181, 199)
	('S2', 'E2'), Operation(186, 223, 226)(223, 223)
4. Flow F4 [E2-->E3] with period 128000, payload 407B, e2e delay 128000us, jitter 12800us
	('E2', 'S2'), Operation(95508, None, 95512)(95508, 95508)
	('S2', 'S3'), Operation(95514, None, 95536)(95514, 95532)
	('S3', 'E3'), Operation(95520, None, 95560)(95520, 95556)
5. Flow F5 [E3-->E1] with period 8000, payload 1133B, e2e delay 8000us, jitter 800us
	('E3', 'S3'), Operation(89, None, 99)(89, 89)
	('S3', 'S2'), Operation(101, None, 129)(101, 119)
	('S2', 'S1'), Operation(113, None, 159)(113, 149)
	('S1', 'E1'), Operation(125, None, 189)(125, 179)
6. Flow F6 [E5-->E4] with period 8000, payload 1084B, e2e delay 8000us, jitter 800us
	('E5', 'S5'), Operation(7829, None, 7838)(7829, 7829)
	('S5', 'S4'), Operation(7840, None, 7867)(7840, 7858)
	('S4', 'E4'), Operation(7851, None, 7896)(7851, 7887)
7. Flow F7 [E3-->E2] with period 16000, payload 907B, e2e delay 16000us, jitter 1600us
	('E3', 'S3'), Operation(11768, None, 11776)(11768, 11768)
	('S3', 'S2'), Operation(11778, None, 11804)(11778, 11796)
	('S2', 'E2'), Operation(11788, None, 11832)(11788, 11824)
8. Flow F8 [E3-->E1] with period 8000, payload 493B, e2e delay 8000us, jitter 800us
	('E3', 'S3'), Operation(4689, None, 4693)(4689, 4689)
	('S3', 'S2'), Operation(4695, None, 4717)(4695, 4713)
	('S2', 'S1'), Operation(4701, None, 4741)(4701, 4737)
	('S1', 'E1'), Operation(4707, 4760, 4764)(4760, 4760)
9. Flow F9 [E2-->E4] with period 32000, payload 471B, e2e delay 32000us, jitter 3200us
	('E2', 'S2'), Operation(14746, None, 14750)(14746, 14746)
	('S2', 'S3'), Operation(14752, None, 14774)(14752, 14770)
	('S3', 'S4'), Operation(14758, None, 14798)(14758, 14794)
	('S4', 'E4'), Operation(14764, None, 14822)(14764, 14818)
10. Flow F10 [E2-->E5] with period 2000, payload 550B, e2e delay 2000us, jitter 200us
	('E2', 'S2'), Operation(1496, None, 1501)(1496, 1496)
	('S2', 'S3'), Operation(1503, 1508, 1513)(1508, 1508)
	('S3', 'S4'), Operation(1515, None, 1538)(1515, 1533)
	('S4', 'S5'), Operation(1522, 1545, 1550)(1545, 1545)
	('S5', 'E5'), Operation(1552, None, 1575)(1552, 1570)
11. Flow F11 [E4-->E5] with period 128000, payload 1128B, e2e delay 128000us, jitter 12800us
	('E4', 'S4'), Operation(109481, None, 109491)(109481, 109481)
	('S4', 'S5'), Operation(109493, None, 109521)(109493, 109511)
	('S5', 'E5'), Operation(109505, None, 109551)(109505, 109541)
12. Flow F12 [E5-->E3] with period 16000, payload 1094B, e2e delay 16000us, jitter 1600us
	('E5', 'S5'), Operation(15617, None, 15626)(15617, 15617)
	('S5', 'S4'), Operation(15628, None, 15655)(15628, 15646)
	('S4', 'S3'), Operation(15639, None, 15684)(15639, 15675)
	('S3', 'E3'), Operation(15650, None, 15713)(15650, 15704)
13. Flow F13 [E5-->E2] with period 4000, payload 1319B, e2e delay 4000us, jitter 400us
	('E5', 'S5'), Operation(3797, None, 3808)(3797, 3797)
	('S5', 'S4'), Operation(3810, None, 3839)(3810, 3828)
	('S4', 'S3'), Operation(3823, None, 3870)(3823, 3859)
	('S3', 'S2'), Operation(3836, None, 3901)(3836, 3890)
	('S2', 'E2'), Operation(3849, None, 3932)(3849, 3921)
14. Flow F14 [E1-->E2] with period 128000, payload 1264B, e2e delay 128000us, jitter 12800us
	('E1', 'S1'), Operation(84447, None, 84458)(84447, 84447)
	('S1', 'S2'), Operation(84460, None, 84489)(84460, 84478)
	('S2', 'E2'), Operation(84473, None, 84520)(84473, 84509)
15. Flow F15 [E1-->E3] with period 4000, payload 1154B, e2e delay 4000us, jitter 400us
	('E1', 'S1'), Operation(3445, None, 3455)(3445, 3445)
	('S1', 'S2'), Operation(3457, 3474, 3484)(3474, 3474)
	('S2', 'S3'), Operation(3486, 3492, 3502)(3492, 3492)
	('S3', 'E3'), Operation(3504, 3509, 3519)(3509, 3509)
16. Flow F16 [E2-->E1] with period 8000, payload 1359B, e2e delay 8000us, jitter 800us
	('E2', 'S2'), Operation(10, None, 21)(10, 10)
	('S2', 'S1'), Operation(23, None, 52)(23, 41)
	('S1', 'E1'), Operation(36, None, 83)(36, 72)
17. Flow F17 [E3-->E1] with period 8000, payload 634B, e2e delay 8000us, jitter 800us
	('E3', 'S3'), Operation(2101, None, 2107)(2101, 2101)
	('S3', 'S2'), Operation(2109, None, 2133)(2109, 2127)
	('S2', 'S1'), Operation(2117, None, 2159)(2117, 2153)
	('S1', 'E1'), Operation(2125, None, 2185)(2125, 2179)
18. Flow F18 [E4-->E5] with period 128000, payload 468B, e2e delay 128000us, jitter 12800us
	('E4', 'S4'), Operation(96634, None, 96638)(96634, 96634)
	('S4', 'S5'), Operation(96640, 96645, 96649)(96645, 96645)
	('S5', 'E5'), Operation(96651, None, 96673)(96651, 96669)
19. Flow F19 [E3-->E1] with period 128000, payload 688B, e2e delay 128000us, jitter 12800us
	('E3', 'S3'), Operation(127661, None, 127667)(127661, 127661)
	('S3', 'S2'), Operation(127669, 127688, 127694)(127688, 127688)
	('S2', 'S1'), Operation(127696, None, 127720)(127696, 127714)
	('S1', 'E1'), Operation(127704, None, 127746)(127704, 127740)
20. Flow F20 [E4-->E2] with period 32000, payload 1322B, e2e delay 32000us, jitter 3200us
	('E4', 'S4'), Operation(18218, None, 18229)(18218, 18218)
	('S4', 'S3'), Operation(18231, None, 18260)(18231, 18249)
	('S3', 'S2'), Operation(18244, None, 18291)(18244, 18280)
	('S2', 'E2'), Operation(18257, None, 18322)(18257, 18311)
21. Flow F21 [E4-->E5] with period 64000, payload 704B, e2e delay 64000us, jitter 6400us
	('E4', 'S4'), Operation(63489, None, 63495)(63489, 63489)
	('S4', 'S5'), Operation(63497, None, 63521)(63497, 63515)
	('S5', 'E5'), Operation(63505, None, 63547)(63505, 63541)
22. Flow F22 [E2-->E1] with period 2000, payload 970B, e2e delay 2000us, jitter 200us
	('E2', 'S2'), Operation(751, None, 759)(751, 751)
	('S2', 'S1'), Operation(761, 766, 774)(766, 766)
	('S1', 'E1'), Operation(776, 781, 789)(781, 781)
23. Flow F23 [E3-->E4] with period 64000, payload 1151B, e2e delay 64000us, jitter 6400us
	('E3', 'S3'), Operation(63929, None, 63939)(63929, 63929)
	('S3', 'S4'), Operation(63941, None, 63969)(63941, 63959)
	('S4', 'E4'), Operation(63953, None, 63999)(63953, 63989)
24. Flow F24 [E1-->E2] with period 4000, payload 1254B, e2e delay 4000us, jitter 400us
	('E1', 'S1'), Operation(1, None, 12)(1, 1)
	('S1', 'S2'), Operation(14, 19, 30)(19, 19)
	('S2', 'E2'), Operation(32, 37, 48)(37, 37)
25. Flow F25 [E3-->E2] with period 8000, payload 112B, e2e delay 8000us, jitter 800us
	('E3', 'S3'), Operation(7927, None, 7928)(7927, 7927)
	('S3', 'S2'), Operation(7930, None, 7949)(7930, 7948)
	('S2', 'E2'), Operation(7933, None, 7970)(7933, 7969)
26. Flow F26 [E3-->E1] with period 2000, payload 392B, e2e delay 2000us, jitter 200us
	('E3', 'S3'), Operation(61, None, 65)(61, 61)
	('S3', 'S2'), Operation(67, 72, 76)(72, 72)
	('S2', 'S1'), Operation(78, None, 100)(78, 96)
	('S1', 'E1'), Operation(84, None, 124)(84, 120)
27. Flow F27 [E2-->E1] with period 4000, payload 699B, e2e delay 4000us, jitter 400us
	('E2', 'S2'), Operation(2729, None, 2735)(2729, 2729)
	('S2', 'S1'), Operation(2737, 2754, 2760)(2754, 2754)
	('S1', 'E1'), Operation(2762, 2769, 2775)(2769, 2769)
28. Flow F28 [E1-->E4] with period 4000, payload 1101B, e2e delay 4000us, jitter 400us
	('E1', 'S1'), Operation(3418, None, 3427)(3418, 3418)
	('S1', 'S2'), Operation(3429, None, 3456)(3429, 3447)
	('S2', 'S3'), Operation(3440, None, 3485)(3440, 3476)
	('S3', 'S4'), Operation(3451, None, 3514)(3451, 3505)
	('S4', 'E4'), Operation(3462, None, 3543)(3462, 3534)
29. Flow F29 [E1-->E4] with period 8000, payload 785B, e2e delay 8000us, jitter 800us
	('E1', 'S1'), Operation(4637, None, 4644)(4637, 4637)
	('S1', 'S2'), Operation(4646, 4663, 4670)(4663, 4663)
	('S2', 'S3'), Operation(4672, None, 4697)(4672, 4690)
	('S3', 'S4'), Operation(4681, None, 4724)(4681, 4717)
	('S4', 'E4'), Operation(4690, None, 4751)(4690, 4744)
30. Flow F30 [E3-->E2] with period 32000, payload 823B, e2e delay 32000us, jitter 3200us
	('E3', 'S3'), Operation(4709, None, 4716)(4709, 4709)
	('S3', 'S2'), Operation(4718, 4723, 4730)(4723, 4723)
	('S2', 'E2'), Operation(4732, None, 4757)(4732, 4750)
31. Flow F31 [E2-->E3] with period 8000, payload 928B, e2e delay 8000us, jitter 800us
	('E2', 'S2'), Operation(1, None, 9)(1, 1)
	('S2', 'S3'), Operation(11, None, 37)(11, 29)
	('S3', 'E3'), Operation(21, None, 65)(21, 57)
32. Flow F32 [E5-->E2] with period 32000, payload 660B, e2e delay 32000us, jitter 3200us
	('E5', 'S5'), Operation(24089, None, 24095)(24089, 24089)
	('S5', 'S4'), Operation(24097, 24114, 24120)(24114, 24114)
	('S4', 'S3'), Operation(24122, None, 24146)(24122, 24140)
	('S3', 'S2'), Operation(24130, None, 24172)(24130, 24166)
	('S2', 'E2'), Operation(24138, 24179, 24185)(24179, 24179)
33. Flow F33 [E5-->E3] with period 128000, payload 1164B, e2e delay 128000us, jitter 12800us
	('E5', 'S5'), Operation(127549, None, 127559)(127549, 127549)
	('S5', 'S4'), Operation(127561, None, 127589)(127561, 127579)
	('S4', 'S3'), Operation(127573, None, 127619)(127573, 127609)
	('S3', 'E3'), Operation(127585, None, 127649)(127585, 127639)
34. Flow F34 [E1-->E5] with period 32000, payload 343B, e2e delay 32000us, jitter 3200us
	('E1', 'S1'), Operation(532, None, 535)(532, 532)
	('S1', 'S2'), Operation(537, None, 558)(537, 555)
	('S2', 'S3'), Operation(542, 578, 581)(578, 578)
	('S3', 'S4'), Operation(583, None, 604)(583, 601)
	('S4', 'S5'), Operation(588, None, 627)(588, 624)
	('S5', 'E5'), Operation(593, None, 650)(593, 647)
35. Flow F35 [E3-->E1] with period 2000, payload 1411B, e2e delay 2000us, jitter 200us
	('E3', 'S3'), Operation(1791, None, 1803)(1791, 1791)
	('S3', 'S2'), Operation(1805, None, 1835)(1805, 1823)
	('S2', 'S1'), Operation(1819, 1842, 1854)(1842, 1842)
	('S1', 'E1'), Operation(1856, None, 1886)(1856, 1874)
36. Flow F36 [E1-->E5] with period 128000, payload 497B, e2e delay 128000us, jitter 12800us
	('E1', 'S1'), Operation(46763, None, 46767)(46763, 46763)
	('S1', 'S2'), Operation(46769, None, 46791)(46769, 46787)
	('S2', 'S3'), Operation(46775, 46798, 46802)(46798, 46798)
	('S3', 'S4'), Operation(46804, 46809, 46813)(46809, 46809)
	('S4', 'S5'), Operation(46815, None, 46837)(46815, 46833)
	('S5', 'E5'), Operation(46821, 46856, 46860)(46856, 46856)
37. Flow F37 [E4-->E2] with period 4000, payload 1297B, e2e delay 4000us, jitter 400us
	('E4', 'S4'), Operation(2875, None, 2886)(2875, 2875)
	('S4', 'S3'), Operation(2888, None, 2917)(2888, 2906)
	('S3', 'S2'), Operation(2901, None, 2948)(2901, 2937)
	('S2', 'E2'), Operation(2914, 2955, 2966)(2955, 2955)
38. Flow F38 [E4-->E1] with period 32000, payload 626B, e2e delay 32000us, jitter 3200us
	('E4', 'S4'), Operation(30933, None, 30939)(30933, 30933)
	('S4', 'S3'), Operation(30941, None, 30965)(30941, 30959)
	('S3', 'S2'), Operation(30949, None, 30991)(30949, 30985)
	('S2', 'S1'), Operation(30957, None, 31017)(30957, 31011)
	('S1', 'E1'), Operation(30965, None, 31043)(30965, 31037)
39. Flow F39 [E4-->E3] with period 32000, payload 573B, e2e delay 32000us, jitter 3200us
	('E4', 'S4'), Operation(30959, None, 30964)(30959, 30959)
	('S4', 'S3'), Operation(30966, None, 30989)(30966, 30984)
	('S3', 'E3'), Operation(30973, 31010, 31015)(31010, 31010)
40. Flow F40 [E5-->E3] with period 64000, payload 373B, e2e delay 64000us, jitter 6400us
	('E5', 'S5'), Operation(62864, None, 62867)(62864, 62864)
	('S5', 'S4'), Operation(62869, 62874, 62877)(62874, 62874)
	('S4', 'S3'), Operation(62879, 62884, 62887)(62884, 62884)
	('S3', 'E3'), Operation(62889, None, 62910)(62889, 62907)
41. Flow F41 [E2-->E1] with period 32000, payload 1150B, e2e delay 32000us, jitter 3200us
	('E2', 'S2'), Operation(31943, None, 31953)(31943, 31943)
	('S2', 'S1'), Operation(31955, 31972, 31982)(31972, 31972)
	('S1', 'E1'), Operation(31984, 31989, 31999)(31989, 31989)
42. Flow F42 [E5-->E2] with period 64000, payload 563B, e2e delay 64000us, jitter 6400us
	('E5', 'S5'), Operation(52838, None, 52843)(52838, 52838)
	('S5', 'S4'), Operation(52845, 52860, 52865)(52860, 52860)
	('S4', 'S3'), Operation(52867, None, 52890)(52867, 52885)
	('S3', 'S2'), Operation(52874, None, 52915)(52874, 52910)
	('S2', 'E2'), Operation(52881, None, 52940)(52881, 52935)
43. Flow F43 [E5-->E2] with period 2000, payload 416B, e2e delay 2000us, jitter 200us
	('E5', 'S5'), Operation(299, None, 303)(299, 299)
	('S5', 'S4'), Operation(305, None, 327)(305, 323)
	('S4', 'S3'), Operation(311, None, 351)(311, 347)
	('S3', 'S2'), Operation(317, None, 375)(317, 371)
	('S2', 'E2'), Operation(323, None, 399)(323, 395)
44. Flow F44 [E2-->E1] with period 2000, payload 593B, e2e delay 2000us, jitter 200us
	('E2', 'S2'), Operation(802, None, 807)(802, 802)
	('S2', 'S1'), Operation(809, 814, 819)(814, 814)
	('S1', 'E1'), Operation(821, 826, 831)(826, 826)
45. Flow F45 [E5-->E3] with period 16000, payload 1068B, e2e delay 16000us, jitter 1600us
	('E5', 'S5'), Operation(10891, None, 10900)(10891, 10891)
	('S5', 'S4'), Operation(10902, 10907, 10916)(10907, 10907)
	('S4', 'S3'), Operation(10918, None, 10945)(10918, 10936)
	('S3', 'E3'), Operation(10929, 10952, 10961)(10952, 10952)
46. Flow F46 [E1-->E2] with period 16000, payload 837B, e2e delay 16000us, jitter 1600us
	('E1', 'S1'), Operation(12365, None, 12372)(12365, 12365)
	('S1', 'S2'), Operation(12374, 12391, 12398)(12391, 12391)
	('S2', 'E2'), Operation(12400, None, 12425)(12400, 12418)
47. Flow F47 [E1-->E5] with period 4000, payload 1218B, e2e delay 4000us, jitter 400us
	('E1', 'S1'), Operation(552, None, 562)(552, 552)
	('S1', 'S2'), Operation(564, 581, 591)(581, 581)
	('S2', 'S3'), Operation(593, None, 621)(593, 611)
	('S3', 'S4'), Operation(605, 638, 648)(638, 638)
	('S4', 'S5'), Operation(650, 662, 672)(662, 662)
	('S5', 'E5'), Operation(674, 679, 689)(679, 679)
48. Flow F48 [E3-->E1] with period 32000, payload 423B, e2e delay 32000us, jitter 3200us
	('E3', 'S3'), Operation(28656, None, 28660)(28656, 28656)
	('S3', 'S2'), Operation(28662, None, 28684)(28662, 28680)
	('S2', 'S1'), Operation(28668, 28691, 28695)(28691, 28691)
	('S1', 'E1'), Operation(28697, 28702, 28706)(28702, 28702)
49. Flow F49 [E5-->E4] with period 16000, payload 1356B, e2e delay 16000us, jitter 1600us
	('E5', 'S5'), Operation(15518, None, 15529)(15518, 15518)
	('S5', 'S4'), Operation(15531, None, 15560)(15531, 15549)
	('S4', 'E4'), Operation(15544, None, 15591)(15544, 15580)
50. Flow F50 [E3-->E5] with period 64000, payload 706B, e2e delay 64000us, jitter 6400us
	('E3', 'S3'), Operation(60649, None, 60655)(60649, 60649)
	('S3', 'S4'), Operation(60657, 60674, 60680)(60674, 60674)
	('S4', 'S5'), Operation(60682, None, 60706)(60682, 60700)
	('S5', 'E5'), Operation(60690, 60725, 60731)(60725, 60725)
51. Flow F51 [E4-->E2] with period 2000, payload 393B, e2e delay 2000us, jitter 200us
	('E4', 'S4'), Operation(204, None, 208)(204, 204)
	('S4', 'S3'), Operation(210, 215, 219)(215, 215)
	('S3', 'S2'), Operation(221, None, 243)(221, 239)
	('S2', 'E2'), Operation(227, 250, 254)(250, 250)
52. Flow F52 [E2-->E5] with period 8000, payload 1281B, e2e delay 8000us, jitter 800us
	('E2', 'S2'), Operation(4760, None, 4771)(4760, 4760)
	('S2', 'S3'), Operation(4773, None, 4802)(4773, 4791)
	('S3', 'S4'), Operation(4786, None, 4833)(4786, 4822)
	('S4', 'S5'), Operation(4799, 4852, 4863)(4852, 4852)
	('S5', 'E5'), Operation(4865, 4870, 4881)(4870, 4870)
53. Flow F53 [E5-->E1] with period 128000, payload 849B, e2e delay 128000us, jitter 12800us
	('E5', 'S5'), Operation(106777, None, 106784)(106777, 106777)
	('S5', 'S4'), Operation(106786, 106791, 106798)(106791, 106791)
	('S4', 'S3'), Operation(106800, 106805, 106812)(106805, 106805)
	('S3', 'S2'), Operation(106814, None, 106839)(106814, 106832)
	('S2', 'S1'), Operation(106823, None, 106866)(106823, 106859)
	('S1', 'E1'), Operation(106832, None, 106893)(106832, 106886)
54. Flow F54 [E5-->E3] with period 2000, payload 160B, e2e delay 2000us, jitter 200us
	('E5', 'S5'), Operation(833, None, 835)(833, 833)
	('S5', 'S4'), Operation(837, 842, 844)(842, 842)
	('S4', 'S3'), Operation(846, None, 866)(846, 864)
	('S3', 'E3'), Operation(850, None, 888)(850, 886)
55. Flow F55 [E5-->E3] with period 8000, payload 1149B, e2e delay 8000us, jitter 800us
	('E5', 'S5'), Operation(7503, None, 7513)(7503, 7503)
	('S5', 'S4'), Operation(7515, 7520, 7530)(7520, 7520)
	('S4', 'S3'), Operation(7532, 7549, 7559)(7549, 7549)
	('S3', 'E3'), Operation(7561, 7574, 7584)(7574, 7574)
56. Flow F56 [E3-->E4] with period 2000, payload 692B, e2e delay 2000us, jitter 200us
	('E3', 'S3'), Operation(719, None, 725)(719, 719)
	('S3', 'S4'), Operation(727, 744, 750)(744, 744)
	('S4', 'E4'), Operation(752, 757, 763)(757, 757)
57. Flow F57 [E1-->E5] with period 2000, payload 746B, e2e delay 2000us, jitter 200us
	('E1', 'S1'), Operation(482, None, 488)(482, 482)
	('S1', 'S2'), Operation(490, 495, 501)(495, 495)
	('S2', 'S3'), Operation(503, None, 527)(503, 521)
	('S3', 'S4'), Operation(511, None, 553)(511, 547)
	('S4', 'S5'), Operation(519, None, 579)(519, 573)
	('S5', 'E5'), Operation(527, 586, 592)(586, 586)
58. Flow F58 [E3-->E4] with period 16000, payload 1518B, e2e delay 16000us, jitter 1600us
	('E3', 'S3'), Operation(4571, None, 4584)(4571, 4571)
	('S3', 'S4'), Operation(4586, 4591, 4604)(4591, 4591)
	('S4', 'E4'), Operation(4606, 4623, 4636)(4623, 4623)
59. Flow F59 [E2-->E3] with period 4000, payload 484B, e2e delay 4000us, jitter 400us
	('E2', 'S2'), Operation(2797, None, 2801)(2797, 2797)
	('S2', 'S3'), Operation(2803, None, 2825)(2803, 2821)
	('S3', 'E3'), Operation(2809, None, 2849)(2809, 2845)

SMT variables: 
	F1_('S1', 'S2')_t5_min: 424
	F54_jitter: 36
	F32_jitter: 0
	F13_('S5', 'S4')_rr: 0
	F47_('S2', 'S3')_rr: 0
	F48_('S2', 'S1')_rr: 1
	F38_('E4', 'S4')_rr: 0
	F48_('S3', 'S2')_t4_min: 28662
	F8_('S3', 'S2')_t3_min: 4695
	('S4', 'S3')_gcl_cycle: 128000
	F7_queue_index: 0
	F38_('S2', 'S1')_t4_max: 31011
	F52_('S3', 'S4')_gc: False
	F31_('S2', 'S3')_gc: False
	F57_('S3', 'S4')_gc: False
	F17_('S2', 'S1')_t4_min: 2117
	F2_('S5', 'S4')_gc: False
	F32_('E5', 'S5')_t5_min: 24095
	F10_('S3', 'S4')_rr: 0
	F2_('S3', 'S2')_tb: 3750
	F43_('S3', 'S2')_gc: False
	F17_('E3', 'S3')_rr: 0
	F48_('S1', 'E1')_t4_min: 28702
	F11_('S4', 'S5')_t3_max: 109498
	F54_('S5', 'S4')_t4_min: 842
	F27_('E2', 'S2')_tb: 2729
	F53_('S4', 'S3')_rr: 1
	F9_('S2', 'S3')_t4_min: 14752
	F36_('S2', 'S3')_gc: True
	F5_('S3', 'S2')_t3_max: 106
	F43_('S5', 'S4')_gc: False
	F22_queue_index: 0
	F1_('S1', 'S2')_t4_max: 432
	F57_('S2', 'S3')_gc: False
	F34_('S1', 'S2')_tb: 537
	F30_('E3', 'S3')_rr: 0
	F10_('S3', 'S4')_t4_min: 1515
	F3_('E4', 'S4')_t5_max: 157
	F34_('S4', 'S5')_gc: False
	F51_('S4', 'S3')_t3_max: 215
	F55_('E5', 'S5')_rr: 0
	F5_('E3', 'S3')_gc: False
	F34_('S5', 'E5')_rr: 0
	F0_('S3', 'S2')_t3_max: 16254
	F3_('E4', 'S4')_t4_min: 154
	F13_('S2', 'E2')_t4_max: 3921
	F42_('S5', 'S4')_t3_max: 52850
	F57_('S1', 'S2')_t3_max: 495
	F54_queue_index: 0
	F32_('S5', 'S4')_t4_min: 24114
	F56_('E3', 'S3')_gc: False
	F13_jitter: 72
	F1_jitter: 36
	F30_('S2', 'E2')_t4_min: 4732
	F42_('S5', 'S4')_rr: 2
	F52_('S5', 'E5')_rr: 16
	F53_('S3', 'S2')_tb: 106814
	F51_('E4', 'S4')_t3_max: 191
	F15_jitter: 0
	F54_('S4', 'S3')_t4_max: 864
	F49_('E5', 'S5')_gc: False
	F10_('S5', 'E5')_gc: False
	F36_('S2', 'S3')_t4_min: 46798
	F57_('S5', 'E5')_rr: 64
	F55_('S5', 'S4')_t4_min: 7520
	F6_queue_index: 0
	F42_('S4', 'S3')_t3_min: 52867
	F45_('S5', 'S4')_gc: True
	F57_('S3', 'S4')_t3_min: 511
	F48_jitter: 0
	F8_('S3', 'S2')_t3_max: 4700
	F28_('S2', 'S3')_t5_min: 3449
	F42_('S3', 'S2')_t5_max: 52915
	F42_('S3', 'S2')_rr: 0
	F46_('S2', 'E2')_gc: False
	F47_('S2', 'S3')_gc: False
	F25_('E3', 'S3')_rr: 0
	F32_('E5', 'S5')_t3_max: 24076
	F34_('S1', 'S2')_t3_max: 542
	F21_('E4', 'S4')_t3_max: 63476
	F42_('S4', 'S3')_rr: 0
	F54_('E5', 'S5')_t3_max: 820
	('E2', 'S2')_gcl_cycle: 1
	F2_('S2', 'E2')_rr: 16
	F13_('S4', 'S3')_rr: 0
	('S2', 'E2')_gcl_cycle: 64000
	F16_('E2', 'S2')_gc: False
	F42_('S5', 'S4')_t4_max: 52860
	F24_('E1', 'S1')_rr: 0
	F46_('S1', 'S2')_t3_max: 12379
	F57_('S3', 'S4')_t4_min: 511
	F22_('S2', 'S1')_t4_max: 766
	F43_('S4', 'S3')_t4_min: 311
	F35_('S1', 'E1')_gc: False
	F45_('S5', 'S4')_t3_max: 10907
	F37_('S2', 'E2')_rr: 16
	F45_('S3', 'E3')_gc: True
	F9_('S4', 'E4')_t5_max: 14822
	F16_('S2', 'S1')_tb: 23
	F22_('S2', 'S1')_t4_min: 766
	F28_('E1', 'S1')_gc: False
	F9_('S2', 'S3')_rr: 0
	F41_('S2', 'S1')_rr: 1
	F22_('E2', 'S2')_t5_min: 759
	F52_jitter: 0
	('S3', 'E3')_gcl_cycle: 32000
	F52_('S2', 'S3')_rr: 0
	F26_('S1', 'E1')_rr: 0
	F40_('S3', 'E3')_t4_min: 62889
	F8_('S1', 'E1')_gc: True
	F4_('S2', 'S3')_t4_max: 95532
	F51_('S4', 'S3')_t4_min: 215
	F53_('S2', 'S1')_t4_min: 106823
	F1_('E1', 'S1')_gc: False
	F8_('S3', 'S2')_gc: False
	F38_('S4', 'S3')_gc: False
	F53_('S3', 'S2')_t4_max: 106832
	F28_jitter: 72
	F37_('S4', 'S3')_t4_min: 2888
	F31_('S3', 'E3')_t3_min: 21
	F38_('S4', 'S3')_t4_min: 30941
	F8_('S3', 'S2')_rr: 0
	F50_('S4', 'S5')_tb: 60682
	F56_('E3', 'S3')_rr: 0
	F10_('S2', 'S3')_t3_max: 1508
	F22_('E2', 'S2')_gc: False
	F51_('S3', 'S2')_t4_min: 221
	F34_('S5', 'E5')_t3_max: 634
	F2_('E5', 'S5')_gc: False
	F38_('S4', 'S3')_t3_max: 30946
	F14_('S1', 'S2')_t4_min: 84460
	F25_('S3', 'S2')_t3_max: 7935
	F14_('E1', 'S1')_t3_max: 84434
	F18_('E4', 'S4')_t5_min: 96638
	F8_('S1', 'E1')_rr: 4
	F57_('S1', 'S2')_t5_max: 501
	F6_('S4', 'E4')_rr: 0
	F53_('S3', 'S2')_gc: False
	F33_('S3', 'E3')_gc: False
	F43_('S4', 'S3')_gc: False
	F51_('E4', 'S4')_gc: False
	F26_('S1', 'E1')_gc: False
	F45_('S5', 'S4')_rr: 8
	F39_('E4', 'S4')_rr: 0
	F30_('E3', 'S3')_t5_max: 4716
	F1_('E1', 'S1')_rr: 0
	F12_('S3', 'E3')_rr: 0
	F49_('E5', 'S5')_t3_max: 15505
	F46_('S1', 'S2')_t4_min: 12391
	F14_('S1', 'S2')_t4_max: 84478
	F28_('S3', 'S4')_t4_min: 3451
	F50_('E3', 'S3')_rr: 0
	F39_('E4', 'S4')_gc: False
	F48_('S2', 'S1')_gc: True
	F37_('S4', 'S3')_gc: False
	F52_('S3', 'S4')_t4_min: 4786
	F36_('S1', 'S2')_t3_max: 46774
	F17_('S1', 'E1')_rr: 0
	F20_('S2', 'E2')_t3_max: 18298
	F34_('S3', 'S4')_rr: 0
	F17_('S3', 'S2')_t4_max: 2127
	F24_('E1', 'S1')_t5_min: 12
	F58_jitter: 0
	F29_('S3', 'S4')_gc: False
	F29_('S1', 'S2')_t3_min: 4646
	F49_queue_index: 0
	F33_('S3', 'E3')_rr: 0
	F47_('S5', 'E5')_rr: 32
	F0_('E3', 'S3')_t3_min: 16243
	F38_queue_index: 0
	F10_('E2', 'S2')_t3_max: 1483
	F23_queue_index: 0
	F54_('S5', 'S4')_t3_max: 842
	('E1', 'S1')_gcl_cycle: 1
	F49_('S5', 'S4')_rr: 0
	F38_('S4', 'S3')_t4_max: 30959
	F53_jitter: 54
	F3_('E4', 'S4')_t5_min: 157
	F18_jitter: 18
	F34_('S1', 'S2')_t4_min: 537
	('S1', 'S2')_gcl_cycle: 16000
	F44_('S1', 'E1')_gc: True
	F27_('S2', 'S1')_rr: 8
	F13_('S4', 'S3')_t4_min: 3823
	F25_('S3', 'S2')_t4_max: 7948
	F40_('S4', 'S3')_t4_min: 62884
	F48_('S1', 'E1')_gc: True
	F41_('E2', 'S2')_t3_max: 31930
	F19_('S2', 'S1')_t4_min: 127696
	F51_('S2', 'E2')_gc: True
	F43_('E5', 'S5')_t3_max: 286
	F54_('S5', 'S4')_gc: True
	F7_('S3', 'S2')_t4_min: 11778
	F28_('S1', 'S2')_tb: 3429
	F54_('E5', 'S5')_rr: 0
	F17_('S1', 'E1')_gc: False
	F17_('S2', 'S1')_t5_min: 2123
	F21_jitter: 36
	F27_('S2', 'S1')_t5_max: 2760
	F19_('S1', 'E1')_t4_min: 127704
	F47_('S5', 'E5')_gc: True
	F50_('S4', 'S5')_t4_min: 60682
	F50_('S4', 'S5')_rr: 0
	F34_('E1', 'S1')_t3_max: 519
	F19_('S3', 'S2')_t4_min: 127688
	F58_('E3', 'S3')_t3_max: 4558
	F52_('S5', 'E5')_gc: True
	F14_('S1', 'S2')_rr: 0
	F10_('S5', 'E5')_tb: 1552
	F44_('E2', 'S2')_gc: False
	F29_('E1', 'S1')_gc: False
	F10_('E2', 'S2')_rr: 0
	F11_queue_index: 0
	F10_('S2', 'S3')_t4_max: 1508
	F12_('S5', 'S4')_t4_min: 15628
	F51_('S2', 'E2')_t4_min: 250
	F50_jitter: 0
	F20_('S4', 'S3')_t5_max: 18260
	F57_('S2', 'S3')_t5_max: 527
	F5_('S2', 'S1')_t4_min: 113
	F44_('S2', 'S1')_t3_max: 814
	F26_('S2', 'S1')_t4_min: 78
	F59_('E2', 'S2')_tb: 2797
	F51_('S3', 'S2')_t3_min: 221
	F28_('S1', 'S2')_rr: 0
	F3_('S4', 'S3')_t4_min: 176
	F2_('S5', 'S4')_t3_min: 3675
	F4_('S2', 'S3')_t4_min: 95514
	F2_('S3', 'S2')_rr: 32
	F55_('S3', 'E3')_rr: 4
	F15_queue_index: 0
	F47_('S2', 'S3')_t4_min: 593
	F24_('E1', 'S1')_t3_max: -12
	F32_('E5', 'S5')_gc: False
	F26_jitter: 36
	F29_('S3', 'S4')_t4_max: 4717
	F58_('S3', 'S4')_rr: 8
	F29_('E1', 'S1')_t5_min: 4644
	F15_('S1', 'S2')_t3_max: 3462
	('S1', 'E1')_gcl_cycle: 32000
	F42_('S5', 'S4')_t4_min: 52860
	F2_('S4', 'S3')_rr: 0
	F19_('E3', 'S3')_t3_max: 127648
	F11_('S4', 'S5')_rr: 0
	F44_('S1', 'E1')_rr: 16
	F2_('S5', 'S4')_t3_max: 3680
	F4_('S2', 'S3')_gc: False
	F47_('S3', 'S4')_t4_max: 638
	F6_('S5', 'S4')_gc: False
	F40_('S3', 'E3')_gc: False
	F35_('E3', 'S3')_t4_min: 1791
	F12_queue_index: 0
	F30_jitter: 18
	F41_('S1', 'E1')_t4_min: 31989
	F56_('S4', 'E4')_t4_min: 757
	F19_('E3', 'S3')_gc: False
	F26_('S2', 'S1')_t4_max: 96
	F20_('S2', 'E2')_rr: 0
	F50_('S3', 'S4')_rr: 2
	F58_('E3', 'S3')_t3_min: 4571
	F3_('S4', 'S3')_t3_max: 164
	F28_('S4', 'E4')_rr: 0
	F5_('S3', 'S2')_gc: False
	F8_('S2', 'S1')_t3_max: 4724
	F18_('S4', 'S5')_t4_max: 96645
	F52_('S4', 'S5')_rr: 16
	F28_('S3', 'S4')_t4_max: 3505
	F14_('S2', 'E2')_rr: 0
	F23_('S3', 'S4')_t3_max: 63946
	F20_jitter: 54
	F26_('E3', 'S3')_t4_min: 61
	F12_('S5', 'S4')_gc: False
	F8_('E3', 'S3')_t3_max: 4676
	F10_jitter: 18
	F47_jitter: 0
	F53_('S5', 'S4')_gc: True
	F0_('S3', 'S2')_t4_max: 16267
	F39_jitter: 0
	F6_('S5', 'S4')_t4_max: 7858
	F29_('S2', 'S3')_t5_min: 4679
	F16_('S1', 'E1')_gc: False
	F13_('S4', 'S3')_t4_max: 3859
	F29_jitter: 54
	F57_('S1', 'S2')_t4_min: 495
	F11_('S4', 'S5')_t4_min: 109493
	F48_('S1', 'E1')_t3_min: 28697
	F1_('E1', 'S1')_t3_max: 389
	F33_('S5', 'S4')_gc: False
	F36_('S5', 'E5')_t4_min: 46856
	F32_('E5', 'S5')_rr: 0
	F33_queue_index: 0
	F4_('S2', 'S3')_tb: 95514
	F29_('S1', 'S2')_t4_max: 4663
	F11_('S5', 'E5')_rr: 0
	F26_('E3', 'S3')_t3_max: 48
	F24_('S1', 'S2')_gc: True
	F9_jitter: 54
	F30_('E3', 'S3')_tb: 4709
	F49_('S5', 'S4')_gc: False
	F29_('S3', 'S4')_t4_min: 4681
	F53_('S4', 'S3')_gc: True
	F0_queue_index: 0
	F42_('E5', 'S5')_t4_max: 52838
	F34_('E1', 'S1')_gc: False
	F16_queue_index: 0
	F12_('S5', 'S4')_rr: 0
	F2_('S3', 'S2')_gc: True
	F53_('S3', 'S2')_t4_min: 106814
	F22_('S2', 'S1')_t3_min: 761
	F52_('S2', 'S3')_t4_min: 4773
	F31_('S3', 'E3')_rr: 0
	F42_('E5', 'S5')_rr: 0
	F15_('S2', 'S3')_t4_min: 3492
	F56_('S3', 'S4')_gc: True
	F35_('S3', 'S2')_t4_min: 1805
	F7_('E3', 'S3')_rr: 0
	F35_('S1', 'E1')_rr: 0
	F23_('E3', 'S3')_rr: 0
	F47_('S1', 'S2')_tb: 581
	F0_('S3', 'S2')_gc: False
	F1_('S2', 'E2')_rr: 0
	F36_('S4', 'S5')_rr: 0
	F0_('S3', 'S2')_t4_min: 16249
	F16_('S1', 'E1')_t4_min: 36
	F52_('S2', 'S3')_t3_max: 4778
	F34_('S2', 'S3')_t4_max: 578
	F45_('S5', 'S4')_t4_max: 10907
	F19_('S3', 'S2')_t4_max: 127688
	F41_('S2', 'S1')_t4_max: 31972
	F16_('S1', 'E1')_rr: 0
	F40_('S3', 'E3')_rr: 0
	F46_('E1', 'S1')_rr: 0
	F54_('S3', 'E3')_gc: False
	F15_('S1', 'S2')_t5_min: 3484
	F32_('S5', 'S4')_t3_max: 24102
	('E3', 'S3')_gcl_cycle: 1
	F45_('S3', 'E3')_rr: 2
	F53_('S4', 'S3')_t3_max: 106805
	F41_('S2', 'S1')_gc: True
	F24_jitter: 0
	F13_('E5', 'S5')_t5_max: 3808
	F52_('S3', 'S4')_rr: 0
	F59_jitter: 36
	F38_('S1', 'E1')_t4_min: 30965
	F57_('S5', 'E5')_t4_min: 586
	F40_('S5', 'S4')_t4_max: 62874
	F56_jitter: 0
	F15_('S1', 'S2')_t4_min: 3474
	F46_('S2', 'E2')_t4_min: 12400
	F32_('S5', 'S4')_gc: True
	F13_('S2', 'E2')_t3_max: 3908
	F18_('S4', 'S5')_gc: True
	F15_('S3', 'E3')_rr: 8
	F31_('E2', 'S2')_rr: 0
	F9_('S3', 'S4')_gc: False
	F29_('S4', 'E4')_t4_min: 4690
	F35_('S2', 'S1')_t4_max: 1842
	F42_jitter: 54
	F58_('S4', 'E4')_t4_min: 4623
	F7_jitter: 36
	F22_('S1', 'E1')_t5_min: 789
	F54_('E5', 'S5')_tb: 833
	F57_('S5', 'E5')_tb: 586
	F40_('E5', 'S5')_rr: 0
	F42_queue_index: 0
	F59_('E2', 'S2')_t3_max: 2784
	F2_queue_index: 0
	('S2', 'S1')_gcl_cycle: 32000
	F34_('S4', 'S5')_rr: 0
	F43_('S5', 'S4')_t4_max: 323
	F29_('S4', 'E4')_rr: 0
	F52_('E2', 'S2')_gc: False
	F56_('S3', 'S4')_t4_max: 744
	F38_('S1', 'E1')_t5_min: 30971
	F14_('S2', 'E2')_gc: False
	F52_('S4', 'S5')_t4_max: 4852
	F33_('S4', 'S3')_gc: False
	F34_jitter: 54
	F47_('S5', 'E5')_t3_min: 674
	F3_('S3', 'S2')_rr: 0
	F54_('S3', 'E3')_rr: 0
	F2_('S3', 'S2')_t4_max: 3750
	F35_('S2', 'S1')_t5_min: 1854
	F43_('S5', 'S4')_t4_min: 305
	F9_('S4', 'E4')_t4_min: 14764
	F0_('S2', 'E2')_rr: 1
	F17_('S2', 'S1')_t4_max: 2153
	F22_('S2', 'S1')_rr: 16
	F20_('S4', 'S3')_t4_min: 18231
	F45_('S5', 'S4')_t4_min: 10907
	F12_('S4', 'S3')_gc: False
	F21_('S5', 'E5')_gc: False
	F24_('S2', 'E2')_gc: True
	F59_queue_index: 0
	F11_('S4', 'S5')_t4_max: 109511
	F50_('S4', 'S5')_t4_max: 60700
	F53_('S1', 'E1')_rr: 0
	F36_('S3', 'S4')_t3_min: 46804
	F55_('S3', 'E3')_t4_min: 7574
	F33_('E5', 'S5')_rr: 0
	F25_jitter: 36
	F10_('S3', 'S4')_gc: False
	F39_('S3', 'E3')_gc: True
	F35_('E3', 'S3')_gc: False
	F53_('S5', 'S4')_t4_max: 106791
	F53_('S5', 'S4')_t4_min: 106791
	F21_queue_index: 0
	F59_('S3', 'E3')_t4_min: 2809
	F50_('S3', 'S4')_t3_max: 60662
	F5_('S3', 'S2')_t4_min: 101
	F36_('S2', 'S3')_t4_max: 46798
	F40_('S4', 'S3')_gc: True
	F32_('S2', 'E2')_gc: True
	F15_('S1', 'S2')_gc: True
	F38_('S4', 'S3')_rr: 0
	F21_('S4', 'S5')_t4_max: 63515
	F46_('E1', 'S1')_t4_min: 12365
	F35_('S2', 'S1')_t4_min: 1842
	F16_('E2', 'S2')_t3_max: -3
	F35_jitter: 18
	F6_('S5', 'S4')_t4_min: 7840
	F53_('S5', 'S4')_t3_max: 106791
	F17_('S3', 'S2')_rr: 0
	F28_('S4', 'E4')_gc: False
	F14_jitter: 36
	F59_('S2', 'S3')_t3_min: 2803
	F34_('S3', 'S4')_t4_min: 583
	F29_('S1', 'S2')_t3_max: 4651
	F44_('S2', 'S1')_t4_min: 814
	F30_('S3', 'S2')_t4_min: 4723
	F37_('S2', 'E2')_t4_min: 2955
	F8_('S2', 'S1')_t4_max: 4737
	F38_('S3', 'S2')_t4_max: 30985
	F19_('S3', 'S2')_rr: 1
	F3_('S2', 'E2')_gc: True
	F51_queue_index: 0
	F30_('S3', 'S2')_gc: True
	F23_('E3', 'S3')_tb: 63929
	F20_('S3', 'S2')_gc: False
	F35_('S2', 'S1')_gc: True
	F38_jitter: 72
	F54_('S4', 'S3')_gc: False
	F38_('E4', 'S4')_gc: False
	F15_('S2', 'S3')_t4_max: 3492
	F7_('S3', 'S2')_rr: 0
	F13_('E5', 'S5')_t3_max: 3784
	('E4', 'S4')_gcl_cycle: 1
	F44_('E2', 'S2')_t3_max: 789
	F35_('E3', 'S3')_rr: 0
	F33_('S4', 'S3')_t4_min: 127573
	F19_('S2', 'S1')_gc: False
	F57_('S1', 'S2')_gc: True
	F1_('S1', 'S2')_gc: False
	F34_('S5', 'E5')_t3_min: 593
	F44_('S2', 'S1')_t4_max: 814
	F27_('E2', 'S2')_t5_max: 2735
	F45_('E5', 'S5')_t3_max: 10878
	F27_('S1', 'E1')_t4_min: 2769
	F37_('S4', 'S3')_t3_max: 2893
	F3_jitter: 0
	F27_queue_index: 0
	F57_('S2', 'S3')_t4_min: 503
	F19_('S3', 'S2')_gc: True
	F1_('S2', 'E2')_t4_min: 426
	F57_('S5', 'E5')_gc: True
	F21_('S5', 'E5')_t4_min: 63505
	F50_('S3', 'S4')_t4_max: 60674
	F43_('E5', 'S5')_t4_max: 299
	F7_('S2', 'E2')_rr: 0
	F8_('E3', 'S3')_rr: 0
	F0_('E3', 'S3')_t3_max: 16230
	F18_('E4', 'S4')_t3_max: 96621
	F31_('E2', 'S2')_t4_min: 1
	F44_('S2', 'S1')_rr: 16
	F44_('S2', 'S1')_gc: True
	F48_('S3', 'S2')_t4_max: 28680
	F46_('S1', 'S2')_rr: 1
	F15_('E1', 'S1')_t3_max: 3432
	F32_('S5', 'S4')_t4_max: 24114
	F37_('S2', 'E2')_gc: True
	F12_jitter: 54
	F57_jitter: 0
	F47_('S1', 'S2')_rr: 4
	F7_('S2', 'E2')_gc: False
	F17_('S3', 'S2')_t5_max: 2133
	F15_('S1', 'S2')_t4_max: 3474
	F17_('E3', 'S3')_t4_max: 2101
	F32_('S4', 'S3')_rr: 0
	F17_queue_index: 0
	F20_('E4', 'S4')_t3_max: 18205
	F40_('S5', 'S4')_t5_max: 62877
	F0_('S2', 'E2')_t4_min: 16278
	F15_('E1', 'S1')_gc: False
	F21_('E4', 'S4')_gc: False
	F8_queue_index: 0
	F49_('S5', 'S4')_t3_max: 15536
	F3_('E4', 'S4')_t3_max: 141
	F15_('S3', 'E3')_t3_max: 3509
	F10_('S4', 'S5')_gc: True
	F31_('S3', 'E3')_gc: False
	F55_('S3', 'E3')_gc: True
	F20_('S3', 'S2')_t4_min: 18244
	F20_('S4', 'S3')_t4_max: 18249
	F19_('S3', 'S2')_t3_max: 127674
	F42_('S4', 'S3')_t4_min: 52867
	F43_jitter: 72
	F17_('E3', 'S3')_gc: False
	F30_('S2', 'E2')_t4_max: 4750
	F27_('S2', 'S1')_gc: True
	F10_('S5', 'E5')_t4_max: 1570
	F2_('S2', 'E2')_t4_min: 3779
	F23_jitter: 36
	F34_('S5', 'E5')_t4_min: 593
	('S3', 'S2')_gcl_cycle: 128000
	F2_('E5', 'S5')_t3_max: 3652
	F10_('S2', 'S3')_rr: 64
	F0_('E3', 'S3')_rr: 0
	F18_('S4', 'S5')_rr: 1
	F53_('S4', 'S3')_t3_min: 106800
	F19_('E3', 'S3')_rr: 0
	F45_('E5', 'S5')_rr: 0
	F58_('E3', 'S3')_rr: 0
	F32_('S2', 'E2')_rr: 2
	F58_('S4', 'E4')_gc: True
	F40_('E5', 'S5')_gc: False
	F21_('S4', 'S5')_rr: 0
	F3_('E4', 'S4')_t4_max: 154
	F5_('S1', 'E1')_rr: 0
	F35_('S1', 'E1')_t4_min: 1856
	F17_('S2', 'S1')_t5_max: 2159
	F40_('S4', 'S3')_rr: 2
	F48_('S3', 'S2')_rr: 0
	F37_queue_index: 0
	F31_queue_index: 0
	F41_('S1', 'E1')_gc: True
	F48_('S1', 'E1')_rr: 1
	F19_jitter: 36
	F47_('S1', 'S2')_gc: True
	F48_('E3', 'S3')_t5_max: 28660
	F3_('S3', 'S2')_t4_max: 199
	F36_('E1', 'S1')_rr: 0
	F48_('S3', 'S2')_t3_max: 28667
	F3_('S3', 'S2')_t4_min: 181
	F25_('S2', 'E2')_gc: False
	F23_('S3', 'S4')_tb: 63941
	F53_('E5', 'S5')_tb: 106777
	F43_('E5', 'S5')_rr: 0
	F53_('S4', 'S3')_t4_min: 106805
	F28_('S3', 'S4')_rr: 0
	F37_('S4', 'S3')_tb: 2888
	F31_('S2', 'S3')_rr: 0
	F48_('E3', 'S3')_rr: 0
	F36_('S3', 'S4')_gc: True
	F28_('S4', 'E4')_t4_min: 3462
	F0_('E3', 'S3')_gc: False
	F35_('S3', 'S2')_gc: False
	F1_('S1', 'S2')_t4_min: 414
	F30_('S3', 'S2')_t3_max: 4723
	F35_('S3', 'S2')_t3_max: 1810
	F6_('S5', 'S4')_t5_min: 7849
	F26_('S2', 'S1')_t5_min: 82
	('S4', 'E4')_gcl_cycle: 16000
	F5_('S1', 'E1')_t4_min: 125
	F32_('E5', 'S5')_t4_max: 24089
	F36_('S3', 'S4')_t5_max: 46813
	F6_('E5', 'S5')_t3_max: 7816
	F55_('S4', 'S3')_rr: 16
	F28_('E1', 'S1')_t3_max: 3405
	F11_('S5', 'E5')_gc: False
	F18_('E4', 'S4')_gc: False
	F33_('S5', 'S4')_t4_max: 127579
	F1_('S1', 'S2')_t3_max: 419
	F55_queue_index: 0
	F9_('E2', 'S2')_gc: False
	F29_('S4', 'E4')_tb: 4690
	F43_('S3', 'S2')_t4_max: 371
	F59_('S2', 'S3')_t4_min: 2803
	F10_('S4', 'S5')_t4_min: 1545
	F6_('S5', 'S4')_rr: 0
	F47_('S2', 'S3')_t4_max: 611
	F22_('E2', 'S2')_rr: 0
	F25_('E3', 'S3')_t3_max: 7914
	F45_('S4', 'S3')_gc: False
	F35_queue_index: 0
	F9_('S4', 'E4')_gc: False
	F13_('S5', 'S4')_t4_min: 3810
	F29_('S2', 'S3')_t4_min: 4672
	('S2', 'S3')_gcl_cycle: 128000
	F12_('S3', 'E3')_t4_max: 15704
	F58_('S4', 'E4')_rr: 1
	F30_('E3', 'S3')_t3_max: 4696
	F8_('S3', 'S2')_t4_max: 4713
	F58_queue_index: 0
	F2_('S5', 'S4')_t4_max: 3693
	F18_('S4', 'S5')_t5_min: 96649
	F36_('S4', 'S5')_t4_max: 46833
	F16_('S2', 'S1')_rr: 0
	F29_('S2', 'S3')_rr: 0
	F53_('S5', 'S4')_rr: 1
	F12_('S4', 'S3')_t4_min: 15639
	F36_queue_index: 0
	F2_('E5', 'S5')_rr: 0
	F39_('E4', 'S4')_t3_max: 30946
	F52_('S2', 'S3')_gc: False
	F20_('E4', 'S4')_tb: 18218
	F59_('S3', 'E3')_gc: False
	F13_('S2', 'E2')_t4_min: 3849
	F50_('S5', 'E5')_gc: True
	F14_('E1', 'S1')_t5_max: 84458
	F52_('S4', 'S5')_gc: True
	F52_queue_index: 0
	F43_('S4', 'S3')_t4_max: 347
	F46_('S1', 'S2')_gc: True
	F47_('S4', 'S5')_t4_min: 662
	F55_('S5', 'S4')_t3_max: 7520
	F25_('S2', 'E2')_rr: 0
	F51_('E4', 'S4')_tb: 204
	F40_queue_index: 0
	F9_('S3', 'S4')_rr: 0
	F26_('E3', 'S3')_rr: 0
	F52_('E2', 'S2')_t3_max: 4747
	F29_('S1', 'S2')_gc: True
	F6_('E5', 'S5')_gc: False
	F11_('S4', 'S5')_gc: False
	F11_('S4', 'S5')_t5_max: 109521
	F12_('S5', 'S4')_t3_max: 15633
	F20_('S4', 'S3')_rr: 0
	F7_('S3', 'S2')_gc: False
	F38_('S2', 'S1')_t4_min: 30957
	F24_('S1', 'S2')_rr: 4
	F29_('S1', 'S2')_rr: 2
	F47_('S4', 'S5')_gc: True
	F5_queue_index: 0
	F9_('S3', 'S4')_t4_min: 14758
	F53_('S1', 'E1')_t4_min: 106832
	F45_('S5', 'S4')_tb: 10907
	F13_('S3', 'S2')_gc: False
	F4_('S3', 'E3')_t4_min: 95520
	F23_('S4', 'E4')_t5_min: 63963
	F18_('S5', 'E5')_t4_min: 96651
	F33_('S3', 'E3')_t4_min: 127585
	F34_('S1', 'S2')_gc: False
	F20_('S4', 'S3')_gc: False
	F34_('S4', 'S5')_t4_max: 624
	F40_('S5', 'S4')_t4_min: 62874
	F13_('S5', 'S4')_gc: False
	F28_('S1', 'S2')_t4_min: 3429
	F54_('E5', 'S5')_gc: False
	F49_('S5', 'S4')_t4_min: 15531
	F35_('S2', 'S1')_rr: 16
	F50_('E3', 'S3')_t3_max: 60636
	F18_('E4', 'S4')_rr: 0
	F42_('E5', 'S5')_t3_max: 52825
	F10_('S5', 'E5')_rr: 0
	F14_('S2', 'E2')_t4_min: 84473
	F36_('S1', 'S2')_t4_max: 46787
	F29_('E1', 'S1')_t3_min: 4637
	F3_('E4', 'S4')_rr: 0
	F10_('S4', 'S5')_t4_max: 1545
	F29_('S2', 'S3')_gc: False
	F37_jitter: 0
	F43_('S3', 'S2')_rr: 0
	F55_('S3', 'E3')_t3_max: 7566
	F5_('E3', 'S3')_t3_max: 76
	F27_('S2', 'S1')_t3_max: 2742
	F45_('S4', 'S3')_t4_min: 10918
	F55_('S3', 'E3')_t5_min: 7584
	F13_('S5', 'S4')_t3_max: 3815
	F11_('E4', 'S4')_rr: 0
	F54_('S5', 'S4')_rr: 64
	F26_('S3', 'S2')_rr: 64
	F45_('S4', 'S3')_rr: 0
	F56_('S3', 'S4')_t4_min: 744
	F34_('S3', 'S4')_t4_max: 601
	F38_('S3', 'S2')_rr: 0
	F51_jitter: 0
	F14_('E1', 'S1')_rr: 0
	F25_queue_index: 0
	F5_('S1', 'E1')_gc: False
	F21_('S4', 'S5')_t4_min: 63497
	F39_('S4', 'S3')_t4_min: 30966
	F32_queue_index: 0
	F58_('S4', 'E4')_t3_max: 4611
	F1_('E1', 'S1')_t5_min: 412
	F23_('S3', 'S4')_t5_max: 63969
	F53_('S2', 'S1')_t4_max: 106859
	F37_('E4', 'S4')_rr: 0
	F31_('E2', 'S2')_gc: False
	F44_queue_index: 0
	F47_('E1', 'S1')_gc: False
	F23_('S3', 'S4')_t4_min: 63941
	F42_('S3', 'S2')_t4_max: 52910
	F55_jitter: 0
	F56_('E3', 'S3')_t4_min: 719
	F53_('S2', 'S1')_rr: 0
	F33_('E5', 'S5')_gc: False
	F27_('S2', 'S1')_t4_max: 2754
	F54_('S5', 'S4')_t4_max: 842
	F15_('S3', 'E3')_t4_min: 3509
	F43_('S2', 'E2')_t4_min: 323
	F51_('S3', 'S2')_rr: 0
	F9_('S2', 'S3')_gc: False
	F24_('S2', 'E2')_t4_min: 37
	F7_('S3', 'S2')_t3_max: 11783
	F4_('S3', 'E3')_t3_max: 95543
	F2_('S4', 'S3')_gc: False
	F24_('S2', 'E2')_rr: 16
	F38_('S3', 'S2')_t3_max: 30972
	F9_('S3', 'S4')_t4_max: 14794
	F49_('S4', 'E4')_tb: 15544
	F39_('S4', 'S3')_rr: 0
	F34_('E1', 'S1')_rr: 0
	F7_('E3', 'S3')_gc: False
	F13_('S3', 'S2')_t4_max: 3890
	F36_('E1', 'S1')_gc: False
	F22_jitter: 0
	F34_('S2', 'S3')_rr: 4
	F41_('S1', 'E1')_rr: 1
	F55_('S4', 'S3')_gc: True
	F8_('S2', 'S1')_rr: 0
	F49_('S4', 'E4')_rr: 0
	F51_('S4', 'S3')_gc: True
	F37_('S3', 'S2')_t4_max: 2937
	F21_('S4', 'S5')_t3_max: 63502
	F4_('E2', 'S2')_gc: False
	F53_('S4', 'S3')_t4_max: 106805
	F20_('E4', 'S4')_rr: 0
	F36_('S4', 'S5')_t4_min: 46815
	F21_('S4', 'S5')_t5_max: 63521
	F45_jitter: 0
	F49_('S4', 'E4')_t4_min: 15544
	F51_('E4', 'S4')_rr: 0
	F56_('S3', 'S4')_t5_min: 750
	F7_('E3', 'S3')_t3_max: 11755
	F48_('E3', 'S3')_gc: False
	F36_('S5', 'E5')_gc: True
	F1_('S2', 'E2')_gc: False
	F29_('S4', 'E4')_gc: False
	F9_('S3', 'S4')_t3_max: 14781
	F40_jitter: 18
	F47_('S3', 'S4')_gc: True
	F6_('S4', 'E4')_gc: False
	F36_jitter: 0
	F8_('S2', 'S1')_t4_min: 4701
	F53_('S1', 'E1')_gc: False
	F17_('S1', 'E1')_t4_min: 2125
	F57_('S2', 'S3')_t3_min: 503
	F57_('S3', 'S4')_t5_max: 553
	F43_('S3', 'S2')_t4_min: 317
	F18_('S5', 'E5')_rr: 0
	F47_('S4', 'S5')_t4_max: 662
	F24_('E1', 'S1')_gc: False
	F39_queue_index: 0
	F46_('E1', 'S1')_gc: False
	F2_('S4', 'S3')_t4_min: 3685
	F32_('S2', 'E2')_t4_min: 24179
	F37_('S4', 'S3')_rr: 0
	F3_('S2', 'E2')_t4_min: 223
	F18_('S4', 'S5')_t4_min: 96645
	F57_('S4', 'S5')_gc: False
	F13_('S4', 'S3')_gc: False
	F24_('S1', 'S2')_t4_max: 19
	F8_('S1', 'E1')_t4_min: 4760
	F28_('S2', 'S3')_t4_min: 3440
	F56_('S3', 'S4')_t3_max: 732
	F59_('S2', 'S3')_t5_min: 2807
	F21_('S5', 'E5')_tb: 63505
	F41_('E2', 'S2')_t4_max: 31943
	F43_('S2', 'E2')_rr: 0
	F50_('E3', 'S3')_t4_min: 60649
	F38_('S1', 'E1')_rr: 0
	F29_queue_index: 0
	F52_('S3', 'S4')_t5_max: 4833
	F41_('S2', 'S1')_t3_max: 31960
	F43_('S4', 'S3')_rr: 0
	F8_jitter: 0
	F24_('S1', 'S2')_t4_min: 19
	F35_('S3', 'S2')_t4_max: 1823
	F34_('S4', 'S5')_t4_min: 588
	F15_('E1', 'S1')_t4_min: 3445
	F25_('S3', 'S2')_t4_min: 7930
	F36_('S4', 'S5')_gc: False
	F10_('S2', 'S3')_gc: True
	F28_('S2', 'S3')_t4_max: 3476
	F46_('S1', 'S2')_t4_max: 12391
	F5_('S3', 'S2')_t4_max: 119
	F51_('S4', 'S3')_t4_max: 215
	F12_('S4', 'S3')_tb: 15639
	F34_('S5', 'E5')_t4_max: 647
	F25_('S2', 'E2')_t3_max: 7956
	F42_('E5', 'S5')_gc: False
	F55_('E5', 'S5')_t5_max: 7513
	F8_('E3', 'S3')_gc: False
	F4_('S3', 'E3')_t4_max: 95556
	F5_('S2', 'S1')_gc: False
	F13_('S2', 'E2')_rr: 0
	F5_('S3', 'S2')_t3_min: 101
	F27_('E2', 'S2')_t3_max: 2716
	F57_('S3', 'S4')_rr: 0
	F34_('S2', 'S3')_gc: True
	F42_('S2', 'E2')_gc: False
	F18_('S4', 'S5')_t3_max: 96645
	F55_('S5', 'S4')_t4_max: 7520
	F20_('S4', 'S3')_t3_max: 18236
	F54_('E5', 'S5')_t5_max: 835
	F50_('S3', 'S4')_t4_min: 60674
	F58_('S3', 'S4')_gc: True
	F34_('S1', 'S2')_rr: 0
	F15_('E1', 'S1')_rr: 0
	F47_('S1', 'S2')_t3_max: 569
	F29_('E1', 'S1')_rr: 0
	F43_('S4', 'S3')_t5_max: 351
	F53_('E5', 'S5')_t3_max: 106764
	F50_('S5', 'E5')_t4_min: 60725
	F41_('S1', 'E1')_t5_min: 31999
	F2_('S2', 'E2')_gc: True
	F36_('S5', 'E5')_rr: 1
	F49_('E5', 'S5')_rr: 0
	F47_('S3', 'S4')_t4_min: 638
	F56_('E3', 'S3')_t5_max: 725
	F33_jitter: 54
	F32_('S4', 'S3')_tb: 24122
	F42_('S2', 'E2')_rr: 0
	F57_('S1', 'S2')_rr: 8
	F8_('S2', 'S1')_gc: False
	F41_jitter: 0
	F2_('S5', 'S4')_t4_min: 3675
	F11_('E4', 'S4')_t3_max: 109468
	F44_('E2', 'S2')_rr: 0
	F5_('S3', 'S2')_rr: 0
	F5_('S2', 'S1')_t4_max: 149
	F21_('S4', 'S5')_gc: False
	F42_('S5', 'S4')_gc: True
	F5_jitter: 54
	F59_('S2', 'S3')_t4_max: 2821
	F57_('S4', 'S5')_t4_max: 573
	F31_('S2', 'S3')_t5_min: 19
	F30_('E3', 'S3')_gc: False
	F50_('E3', 'S3')_gc: False
	F19_('S2', 'S1')_rr: 0
	F52_('E2', 'S2')_rr: 0
	F8_('S3', 'S2')_tb: 4695
	F19_queue_index: 0
	F30_('S2', 'E2')_gc: False
	F55_('S5', 'S4')_gc: True
	F40_('S5', 'S4')_t3_max: 62874
	F18_('S4', 'S5')_t3_min: 96640
	F20_('S2', 'E2')_t5_max: 18322
	F52_('S2', 'S3')_t4_max: 4791
	F59_('S3', 'E3')_rr: 0
	F22_('S2', 'S1')_tb: 766
	F57_('S4', 'S5')_rr: 0
	F23_('S4', 'E4')_gc: False
	F9_('S4', 'E4')_rr: 0
	F16_('E2', 'S2')_rr: 0
	F22_('S2', 'S1')_gc: True
	F26_('S3', 'S2')_t3_max: 72
	F16_('S2', 'S1')_t4_min: 23
	F55_('S4', 'S3')_t4_min: 7549
	F37_('E4', 'S4')_t3_max: 2862
	F4_jitter: 36
	F20_queue_index: 0
	F23_('S3', 'S4')_gc: False
	F3_('S4', 'S3')_gc: True
	F13_('S2', 'E2')_gc: False
	F6_('S5', 'S4')_t3_max: 7845
	F33_('S5', 'S4')_t3_max: 127566
	F53_('E5', 'S5')_gc: False
	F52_('S3', 'S4')_t4_max: 4822
	F2_('S5', 'S4')_rr: 0
	F18_('S5', 'E5')_gc: False
	F25_('S3', 'S2')_gc: False
	F42_('S3', 'S2')_gc: False
	F45_('E5', 'S5')_gc: False
	F59_('E2', 'S2')_gc: False
	F48_queue_index: 0
	F19_('S1', 'E1')_gc: False
	F30_('S3', 'S2')_rr: 4
	F30_('S2', 'E2')_rr: 0
	F10_('S3', 'S4')_t4_max: 1533
	F14_queue_index: 0
	F15_('S3', 'E3')_gc: True
	F59_('S2', 'S3')_t3_max: 2808
	F11_('S5', 'E5')_t4_min: 109505
	F57_('S2', 'S3')_t4_max: 521
	F50_queue_index: 0
	F16_('S2', 'S1')_gc: False
	F0_jitter: 0
	F3_('S2', 'E2')_rr: 8
	F12_('E5', 'S5')_gc: False
	F48_('S2', 'S1')_t4_min: 28691
	F37_('S3', 'S2')_rr: 0
	F35_('E3', 'S3')_t3_max: 1778
	F10_('S2', 'S3')_t4_min: 1508
	F36_('S3', 'S4')_rr: 1
	F54_('S4', 'S3')_rr: 0
	F20_('S2', 'E2')_gc: False
	F40_('S5', 'S4')_gc: True
	F52_('E2', 'S2')_t4_min: 4760
	F46_('E1', 'S1')_t3_max: 12352
	F45_queue_index: 0
	F28_('E1', 'S1')_rr: 0
	F31_jitter: 36
	F34_queue_index: 0
	F57_queue_index: 0
	F33_('E5', 'S5')_t3_max: 127536
	F2_('S4', 'S3')_t3_max: 3708
	F39_('S3', 'E3')_t4_min: 31010
	F6_jitter: 36
	F30_('E3', 'S3')_t4_min: 4709
	F56_queue_index: 0
	F18_queue_index: 0
	F33_('S4', 'S3')_t4_max: 127609
	F53_('E5', 'S5')_t3_min: 106777
	F40_('S4', 'S3')_t4_max: 62884
	F47_('S3', 'S4')_t3_max: 628
	F15_('S2', 'S3')_gc: True
	F2_('S3', 'S2')_t4_min: 3750
	F22_('S2', 'S1')_t3_max: 766
	F53_('S3', 'S2')_rr: 0
	F32_('S3', 'S2')_t4_min: 24130
	F3_queue_index: 0
	F22_('S1', 'E1')_rr: 16
	F50_('S4', 'S5')_gc: False
	F32_('S4', 'S3')_gc: False
	F33_('S4', 'S3')_rr: 0
	F38_('S2', 'S1')_rr: 0
	F14_('S1', 'S2')_t3_max: 84465
	F54_('S3', 'E3')_t5_min: 852
	F21_('E4', 'S4')_rr: 0
	F57_('S1', 'S2')_t4_max: 495
	F23_('S4', 'E4')_rr: 0
	F17_('S2', 'S1')_gc: False
	F4_('E2', 'S2')_t3_max: 95495
	F20_('S3', 'S2')_rr: 0
	F53_('S2', 'S1')_gc: False
	F28_queue_index: 0
	F43_('S5', 'S4')_rr: 0
	F13_('S3', 'S2')_t4_min: 3836
	('S3', 'S4')_gcl_length: 214
	F26_('S3', 'S2')_t4_min: 72
	F45_('S4', 'S3')_t5_min: 10927
	F39_('S4', 'S3')_t3_max: 30971
	F42_('S3', 'S2')_t4_min: 52874
	F44_('S1', 'E1')_tb: 826
	F10_('S5', 'E5')_t4_min: 1552
	F43_('E5', 'S5')_gc: False
	F12_('S5', 'S4')_t4_max: 15646
	F51_('S3', 'S2')_t4_max: 239
	F4_('S2', 'S3')_t3_min: 95514
	F57_('E1', 'S1')_gc: False
	F39_('S4', 'S3')_gc: False
	F48_('S2', 'S1')_t4_max: 28691
	F12_('E5', 'S5')_rr: 0
	F47_('S3', 'S4')_rr: 32
	F53_queue_index: 0
	F26_('S1', 'E1')_t4_min: 84
	F34_('S3', 'S4')_gc: False
	F12_('E5', 'S5')_t3_max: 15604
	F7_('S2', 'E2')_t4_min: 11788
	F36_('S1', 'S2')_rr: 0
	F28_('S2', 'S3')_gc: False
	F57_('S2', 'S3')_rr: 0
	F15_('S2', 'S3')_rr: 32
	F6_('E5', 'S5')_rr: 0
	('E5', 'S5')_gcl_cycle: 1
	F59_('E2', 'S2')_rr: 0
	F59_('S2', 'S3')_gc: False
	F47_('S4', 'S5')_t5_max: 672
	F32_('S3', 'S2')_rr: 0
	F22_('E2', 'S2')_t3_max: 738
	F23_('E3', 'S3')_gc: False
	F55_('E5', 'S5')_gc: False
	F26_('E3', 'S3')_gc: False
	F9_('S3', 'S4')_t5_min: 14762
	F23_('E3', 'S3')_t3_max: 63916
	F36_('E1', 'S1')_t3_max: 46750
	F22_('S1', 'E1')_gc: True
	F58_('S3', 'S4')_t4_max: 4591
	F13_('S3', 'S2')_rr: 0
	F20_('S3', 'S2')_t4_max: 18280
	F42_('S2', 'E2')_t4_min: 52881
	F13_('S4', 'S3')_t3_min: 3823
	F31_('E2', 'S2')_t3_max: -12
	F2_('S3', 'S2')_t3_min: 3695
	F25_('S3', 'S2')_t3_min: 7930
	F12_('S3', 'E3')_gc: False
	F37_('S4', 'S3')_t4_max: 2906
	F25_('S3', 'S2')_rr: 0
	F35_('S3', 'S2')_t5_min: 1817
	F13_queue_index: 0
	F30_('S2', 'E2')_t3_min: 4732
	F48_('E3', 'S3')_t3_max: 28643
	F41_queue_index: 0
	F55_('S5', 'S4')_rr: 16
	F49_jitter: 36
	F28_('S3', 'S4')_gc: False
	F31_('S3', 'E3')_t4_min: 21
	F57_('E1', 'S1')_rr: 0
	F36_('S1', 'S2')_tb: 46769
	F56_('S3', 'S4')_rr: 64
	F48_('E3', 'S3')_t4_min: 28656
	F46_('S2', 'E2')_rr: 0
	F11_jitter: 36
	F11_('E4', 'S4')_gc: False
	F17_('S3', 'S2')_gc: False
	F9_('E2', 'S2')_rr: 0
	F33_('S5', 'S4')_rr: 0
	F7_('S3', 'S2')_t4_max: 11796
	F3_('E4', 'S4')_gc: False
	F52_('S4', 'S5')_t4_min: 4852
	F58_('S3', 'S4')_t3_max: 4591
	F38_('S1', 'E1')_gc: False
	F58_('S3', 'S4')_t4_min: 4591
	F26_('S2', 'S1')_rr: 0
	F54_('S3', 'E3')_t4_min: 850
	F27_jitter: 0
	F44_('S1', 'E1')_t4_min: 826
	F11_('E4', 'S4')_t4_min: 109481
	F13_('E5', 'S5')_gc: False
	F50_('S3', 'S4')_gc: True
	F50_('S3', 'S4')_t3_min: 60657
	F4_('S2', 'S3')_t3_max: 95519
	F44_jitter: 0
	F27_('S1', 'E1')_gc: True
	F24_('E1', 'S1')_t4_max: 1
	F39_('S4', 'S3')_t4_max: 30984
	F26_queue_index: 0
	F53_('E5', 'S5')_rr: 0
	F51_('S4', 'S3')_rr: 64
	F38_('S2', 'S1')_gc: False
	F17_('S3', 'S2')_t3_max: 2114
	F38_('E4', 'S4')_t3_max: 30920
	F19_('S1', 'E1')_rr: 0
	F23_('S3', 'S4')_rr: 0
	F26_('S2', 'S1')_gc: False
	F0_('S2', 'E2')_gc: True
	F4_queue_index: 0
	F2_('S4', 'S3')_t4_max: 3721
	F47_('S1', 'S2')_t4_max: 581
	F36_('S3', 'S4')_t4_min: 46809
	F43_('S2', 'E2')_gc: False
	F25_('S2', 'E2')_t4_min: 7933
	F19_('S3', 'S2')_tb: 127688
	F54_('S4', 'S3')_t4_min: 846
	F49_('S4', 'E4')_t3_max: 15567
	F14_('S1', 'S2')_gc: False
	F26_('S3', 'S2')_gc: True
	F12_('E5', 'S5')_t5_max: 15626
	F0_('S3', 'S2')_rr: 0
	F15_('S1', 'S2')_rr: 4
	F21_('S5', 'E5')_rr: 0
	F37_('E4', 'S4')_gc: False
	F45_('S3', 'E3')_t4_min: 10952
	F9_('S2', 'S3')_t3_max: 14757
	F57_('S3', 'S4')_t4_max: 547
	F37_('S3', 'S2')_t4_min: 2901
	F55_('S4', 'S3')_t4_max: 7549
	F10_queue_index: 0
	F57_('E1', 'S1')_t3_max: 469
	F29_('S1', 'S2')_t4_min: 4663
	F32_('S3', 'S2')_t4_max: 24166
	F3_('S4', 'S3')_t4_max: 176
	F23_('S3', 'S4')_t4_max: 63959
	F31_('S2', 'S3')_t3_max: 16
	F22_('S1', 'E1')_t4_min: 781
	F4_('S3', 'E3')_gc: False
	F29_('S2', 'S3')_t4_max: 4690
	F33_('S5', 'S4')_t4_min: 127561
	F43_('S5', 'S4')_t3_max: 310
	F45_('S3', 'E3')_t4_max: 10952
	F50_('S4', 'S5')_t3_max: 60687
	F43_('S3', 'S2')_t5_max: 375
	F27_('E2', 'S2')_rr: 0
	F7_('E3', 'S3')_t4_min: 11768
	F36_('S3', 'S4')_t4_max: 46809
	F5_('S2', 'S1')_rr: 0
	F10_('S4', 'S5')_rr: 64
	F13_('E5', 'S5')_rr: 0
	F41_('S1', 'E1')_t3_max: 31989
	F28_('S2', 'S3')_rr: 0
	F36_('S2', 'S3')_rr: 1
	F51_('S2', 'E2')_rr: 32
	F28_('S1', 'S2')_t3_max: 3434
	F17_('S2', 'S1')_rr: 0
	F59_('S2', 'S3')_rr: 0
	F23_('S4', 'E4')_t4_min: 63953
	F26_('S3', 'S2')_t4_max: 72
	F25_('E3', 'S3')_gc: False
	F51_('S3', 'S2')_gc: False
	('S4', 'S5')_gcl_cycle: 128000
	F17_('E3', 'S3')_t3_max: 2088
	F31_('S2', 'S3')_t4_max: 29
	F47_('E1', 'S1')_rr: 0
	F9_('S2', 'S3')_t4_max: 14770
	F30_queue_index: 0
	F49_('S5', 'S4')_t4_max: 15549
	('S3', 'S4')_gcl_cycle: 128000
	('S5', 'S4')_gcl_cycle: 128000
	F28_('S1', 'S2')_t4_max: 3447
	F44_('E2', 'S2')_t5_max: 807
	F37_('S3', 'S2')_gc: False
	F34_('S2', 'S3')_t4_min: 578
	F17_jitter: 54
	F38_('S3', 'S2')_gc: False
	F27_('E2', 'S2')_gc: False
	F30_('S3', 'S2')_t4_max: 4723
	F29_('E1', 'S1')_t3_max: 4624
	F35_('S3', 'S2')_rr: 0
	F14_('S2', 'E2')_t5_min: 84484
	F41_('S2', 'S1')_t4_min: 31972
	F57_('S4', 'S5')_t4_min: 519
	F9_queue_index: 0
	F45_('S4', 'S3')_t4_max: 10936
	F4_('S2', 'S3')_rr: 0
	F47_('S4', 'S5')_rr: 32
	F20_('E4', 'S4')_gc: False
	F40_('E5', 'S5')_t3_max: 62851
	F55_('E5', 'S5')_t3_max: 7490
	F31_('S2', 'S3')_t4_min: 11
	F27_('S2', 'S1')_t4_min: 2754
	('S5', 'S4')_gcl_length: 194
	F2_('S2', 'E2')_t4_max: 3779
	F26_('S1', 'E1')_t3_min: 84
	F42_('S4', 'S3')_t5_min: 52872
	F41_('E2', 'S2')_gc: False
	F6_('S4', 'E4')_t4_min: 7851
	F58_('E3', 'S3')_gc: False
	F49_('S4', 'E4')_gc: False
	F34_('S5', 'E5')_gc: False
	F47_('E1', 'S1')_t3_max: 539
	F19_('S2', 'S1')_t4_max: 127714
	F3_('S3', 'S2')_gc: False
	F1_('S1', 'S2')_rr: 0
	F40_('S5', 'S4')_rr: 2
	F5_('E3', 'S3')_rr: 0
	F12_('S4', 'S3')_rr: 0
	F33_('S5', 'S4')_t5_max: 127589
	F50_('S5', 'E5')_rr: 2
	F17_('S2', 'S1')_t3_max: 2140
	F42_('S4', 'S3')_gc: False
	F42_('S4', 'S3')_t4_max: 52885
	('S5', 'E5')_gcl_cycle: 128000
	F14_('E1', 'S1')_gc: False
	F32_('S3', 'S2')_gc: False
	F16_('S2', 'S1')_t4_max: 41
	F42_('S2', 'E2')_t3_min: 52881
	F9_('E2', 'S2')_t3_max: 14733
	F1_queue_index: 0
	F39_('S3', 'E3')_rr: 1
	F2_jitter: 0
	F47_queue_index: 0
	F8_('S3', 'S2')_t4_min: 4695
	F38_('S3', 'S2')_t4_min: 30949
	F47_('S1', 'S2')_t4_min: 581
	F32_('S4', 'S3')_t4_min: 24122
	F12_('S3', 'E3')_t4_min: 15650
	F16_jitter: 36
	F54_('E5', 'S5')_t3_min: 833
	F28_('E1', 'S1')_tb: 3418
	F25_('E3', 'S3')_t5_max: 7928
	F43_queue_index: 0
	F16_('S2', 'S1')_t3_max: 28
	F32_('S4', 'S3')_t4_max: 24140
	F59_('E2', 'S2')_t4_min: 2797
	F4_('S3', 'E3')_rr: 0
	F9_('S2', 'S3')_t3_min: 14752
	F4_('E2', 'S2')_rr: 0
	F17_('S3', 'S2')_t4_min: 2109
	F20_('S2', 'E2')_t4_min: 18257
	F32_('S5', 'S4')_rr: 4
	F41_('E2', 'S2')_rr: 0
	F24_('S1', 'S2')_t3_max: 19
	F46_jitter: 18
	F56_('E3', 'S3')_t3_max: 706
	F29_('S3', 'S4')_rr: 0
	F56_('S4', 'E4')_rr: 8
	F48_('S3', 'S2')_gc: False
	F10_('E2', 'S2')_gc: False
	F36_('S1', 'S2')_gc: False
	F47_('S5', 'E5')_t4_min: 679
	F12_('S4', 'S3')_t4_max: 15675
	F46_queue_index: 0
	F36_('S1', 'S2')_t4_min: 46769
	F52_('S5', 'E5')_t4_min: 4870
	F24_queue_index: 0
	F3_('S4', 'S3')_rr: 16
	F20_('E4', 'S4')_t5_max: 18229
	F34_('S1', 'S2')_t4_max: 555
	F13_('S5', 'S4')_t4_max: 3828
	F28_('S1', 'S2')_gc: False
	F56_('S4', 'E4')_gc: True
	F27_('S1', 'E1')_rr: 8
	F47_('S5', 'E5')_tb: 679
	F51_('S4', 'S3')_t3_min: 210
	F34_('S3', 'S4')_t3_min: 583
	F40_('S3', 'E3')_t5_max: 62910
	F43_('S2', 'E2')_t5_min: 327
	F32_('S3', 'S2')_t5_min: 24136
	F15_('E1', 'S1')_t4_max: 3445
	F0_('E3', 'S3')_tb: 16243
	F38_('S3', 'S2')_t3_min: 30949
	F19_('E3', 'S3')_t4_min: 127661
	F17_('E3', 'S3')_t5_min: 2107
	F11_('E4', 'S4')_t4_max: 109481
	F5_('S2', 'S1')_t3_min: 113
	F5_('S2', 'S1')_t5_max: 159
	F53_('S4', 'S3')_t5_min: 106812
	F53_('S5', 'S4')_t5_min: 106798
	F9_('E2', 'S2')_t5_max: 14750
	F10_('S4', 'S5')_t5_min: 1550
	F59_('S3', 'E3')_t4_max: 2845
	F55_('E5', 'S5')_t4_min: 7503
	F54_('S5', 'S4')_t5_min: 844
	F0_('S2', 'E2')_t3_min: 16255
	F23_('S4', 'E4')_t5_max: 63999
	F5_('E3', 'S3')_t5_min: 99
	F40_('S4', 'S3')_t5_min: 62887
	F33_('S3', 'E3')_t5_max: 127649
	F54_('S5', 'S4')_tb: 842
	F34_('S4', 'S5')_t3_min: 588
	F42_('S4', 'S3')_t5_max: 52890
	F35_('E3', 'S3')_t3_min: 1791
	F41_('E2', 'S2')_t3_min: 31943
	F11_('S5', 'E5')_t3_min: 109505
	F57_('S1', 'S2')_tb: 495
	F14_('S1', 'S2')_t3_min: 84460
	F55_('S3', 'E3')_t3_min: 7561
	F19_('S2', 'S1')_t3_min: 127696
	F36_('S5', 'E5')_tb: 46856
	F54_('S3', 'E3')_t3_max: 873
	F28_('S1', 'S2')_t5_max: 3456
	F8_('S1', 'E1')_tb: 4760
	F28_('E1', 'S1')_t3_min: 3418
	F58_('E3', 'S3')_t4_max: 4571
	F44_('E2', 'S2')_t5_min: 807
	F48_('S1', 'E1')_t5_min: 28706
	F13_('S2', 'E2')_t5_max: 3932
	F34_('S2', 'S3')_t3_min: 542
	F41_('E2', 'S2')_tb: 31943
	F37_('S3', 'S2')_t3_max: 2924
	F5_('S2', 'S1')_t3_max: 136
	F13_('E5', 'S5')_t4_max: 3797
	F24_('E1', 'S1')_tb: 1
	F39_('E4', 'S4')_tb: 30959
	F13_('S5', 'S4')_t3_min: 3810
	('S5', 'E5')_gcl_length: 230
	F37_('S4', 'S3')_t3_min: 2888
	F35_('E3', 'S3')_t5_max: 1803
	F28_('S1', 'S2')_t5_min: 3438
	F1_('S2', 'E2')_tb: 426
	F56_('S4', 'E4')_t4_max: 757
	F29_('S4', 'E4')_t5_min: 4697
	F8_('S2', 'S1')_t5_min: 4705
	F54_('E5', 'S5')_t5_min: 835
	F28_('E1', 'S1')_t4_max: 3418
	F53_('S1', 'E1')_t3_max: 106873
	F32_('S3', 'S2')_t3_max: 24153
	F38_('S2', 'S1')_t3_min: 30957
	F35_('S1', 'E1')_t3_min: 1856
	F9_('S2', 'S3')_t5_min: 14756
	F3_('S3', 'S2')_t5_min: 184
	F16_('E2', 'S2')_t3_min: 10
	F10_('S4', 'S5')_t5_max: 1550
	F19_('E3', 'S3')_t3_min: 127661
	F53_('S2', 'S1')_t5_max: 106866
	F11_('E4', 'S4')_t5_min: 109491
	F19_('E3', 'S3')_t5_max: 127667
	F47_('S2', 'S3')_tb: 593
	F37_('S4', 'S3')_t5_max: 2917
	F25_('E3', 'S3')_tb: 7927
	('S1', 'S2')_gcl_length: 46
	F44_('S1', 'E1')_t3_max: 826
	F36_('S5', 'E5')_t3_max: 46844
	F37_('E4', 'S4')_t5_min: 2886
	('S1', 'E1')_gcl_length: 92
	F47_('S3', 'S4')_t5_max: 648
	F19_('S2', 'S1')_t5_max: 127720
	F43_('S4', 'S3')_t5_min: 315
	F20_('S3', 'S2')_t3_min: 18244
	F30_('E3', 'S3')_t4_max: 4709
	F23_('S4', 'E4')_t3_max: 63976
	F19_('E3', 'S3')_t5_min: 127667
	F15_('S3', 'E3')_t4_max: 3509
	F45_('S4', 'S3')_t5_max: 10945
	F40_('S4', 'S3')_tb: 62884
	F58_('S3', 'S4')_t3_min: 4586
	F29_('S3', 'S4')_t3_min: 4681
	F48_('E3', 'S3')_t3_min: 28656
	F54_('S4', 'S3')_tb: 846
	F43_('S3', 'S2')_tb: 317
	F47_('E1', 'S1')_tb: 552
	F29_('S4', 'E4')_t3_max: 4731
	F24_('S1', 'S2')_t5_min: 30
	F11_('E4', 'S4')_t3_min: 109481
	F59_('S3', 'E3')_t5_max: 2849
	F43_('S5', 'S4')_t3_min: 305
	F36_('S4', 'S5')_t5_min: 46819
	F58_('S3', 'S4')_tb: 4591
	F28_('S3', 'S4')_t5_max: 3514
	F24_('E1', 'S1')_t3_min: 1
	F12_('S3', 'E3')_t3_min: 15650
	F50_('S5', 'E5')_t5_min: 60731
	F26_('E3', 'S3')_t5_min: 65
	F13_('S2', 'E2')_t3_min: 3849
	F2_('E5', 'S5')_t5_max: 3673
	F39_('S3', 'E3')_t3_max: 30996
	F8_('S1', 'E1')_t3_min: 4707
	F25_('S2', 'E2')_tb: 7933
	F55_('S4', 'S3')_t5_max: 7559
	F36_('S5', 'E5')_t5_min: 46860
	F10_('E2', 'S2')_t5_max: 1501
	F45_('E5', 'S5')_t5_max: 10900
	F36_('E1', 'S1')_t4_min: 46763
	F44_('S1', 'E1')_t3_min: 821
	F36_('S2', 'S3')_t3_max: 46798
	F59_('S3', 'E3')_tb: 2809
	F1_('S2', 'E2')_t3_max: 449
	('S2', 'S3')_gcl_length: 202
	F49_('S5', 'S4')_t5_min: 15542
	F1_('S1', 'S2')_t5_max: 442
	F52_('S2', 'S3')_tb: 4773
	F30_('S2', 'E2')_t5_max: 4757
	F38_('E4', 'S4')_t5_max: 30939
	F22_('S1', 'E1')_t4_max: 781
	F50_('S5', 'E5')_t3_min: 60690
	F59_('E2', 'S2')_t5_min: 2801
	F43_('S4', 'S3')_tb: 311
	F28_('S2', 'S3')_t5_max: 3485
	F59_('S3', 'E3')_t3_min: 2809
	F26_('E3', 'S3')_tb: 61
	F29_('S4', 'E4')_t4_max: 4744
	F12_('S4', 'S3')_t3_min: 15639
	F18_('S5', 'E5')_t4_max: 96669
	F15_('S3', 'E3')_t5_min: 3519
	F25_('E3', 'S3')_t4_min: 7927
	F36_('S1', 'S2')_t3_min: 46769
	F59_('S2', 'S3')_t5_max: 2825
	F2_('S5', 'S4')_tb: 3675
	F9_('S2', 'S3')_t5_max: 14774
	F11_('S5', 'E5')_t5_max: 109551
	F6_('S4', 'E4')_t4_max: 7887
	F35_('S1', 'E1')_t4_max: 1874
	F39_('E4', 'S4')_t3_min: 30959
	F22_('E2', 'S2')_t3_min: 751
	F22_('S1', 'E1')_tb: 781
	F50_('E3', 'S3')_tb: 60649
	F4_('S3', 'E3')_tb: 95520
	F52_('S5', 'E5')_t5_min: 4881
	F3_('S3', 'S2')_t5_max: 202
	F48_('S3', 'S2')_tb: 28662
	F39_('S4', 'S3')_tb: 30966
	F3_('S2', 'E2')_tb: 223
	F31_('S3', 'E3')_tb: 21
	F59_('E2', 'S2')_t3_min: 2797
	F57_('S1', 'S2')_t3_min: 490
	F24_('S1', 'S2')_t5_max: 30
	F52_('E2', 'S2')_t5_min: 4771
	F35_('E3', 'S3')_t5_min: 1803
	F29_('S1', 'S2')_t5_max: 4670
	F8_('S1', 'E1')_t4_max: 4760
	F34_('S5', 'E5')_t5_min: 596
	F6_('S4', 'E4')_t5_min: 7860
	F42_('E5', 'S5')_t5_max: 52843
	F33_('S3', 'E3')_t3_min: 127585
	F10_('S3', 'S4')_t5_min: 1520
	F33_('E5', 'S5')_t5_max: 127559
	F35_('S3', 'S2')_t3_min: 1805
	F4_('E2', 'S2')_tb: 95508
	F53_('S2', 'S1')_t5_min: 106830
	F43_('S5', 'S4')_tb: 305
	F49_('S4', 'E4')_t5_max: 15591
	F40_('E5', 'S5')_t5_max: 62867
	F32_('S2', 'E2')_t3_max: 24179
	('S3', 'E3')_gcl_length: 30
	F44_('E2', 'S2')_t4_max: 802
	F14_('S2', 'E2')_t4_max: 84509
	F59_('S2', 'S3')_tb: 2803
	F45_('S3', 'E3')_tb: 10952
	F17_('E3', 'S3')_tb: 2101
	F1_('S2', 'E2')_t3_min: 426
	F51_('S4', 'S3')_t5_min: 219
	F47_('S5', 'E5')_t3_max: 679
	F42_('S2', 'E2')_t3_max: 52922
	F19_('S2', 'S1')_t3_max: 127701
	F7_('S2', 'E2')_t3_max: 11811
	F51_('S2', 'E2')_t5_min: 254
	F4_('S3', 'E3')_t5_min: 95524
	F2_('E5', 'S5')_tb: 3665
	F50_('E3', 'S3')_t5_min: 60655
	('E2', 'S2')_gcl_length: 0
	F30_('S3', 'S2')_tb: 4723
	F29_('E1', 'S1')_t5_max: 4644
	F55_('S3', 'E3')_t5_max: 7584
	F31_('E2', 'S2')_t4_max: 1
	F13_('S5', 'S4')_t5_max: 3839
	F47_('S3', 'S4')_t3_min: 605
	F58_('E3', 'S3')_t4_min: 4571
	F6_('E5', 'S5')_t5_min: 7838
	F11_('S4', 'S5')_t5_min: 109503
	F56_('E3', 'S3')_tb: 719
	F45_('S5', 'S4')_t5_max: 10916
	F31_('E2', 'S2')_tb: 1
	F29_('S1', 'S2')_tb: 4663
	F55_('E5', 'S5')_tb: 7503
	F24_('S2', 'E2')_t5_max: 48
	F9_('S4', 'E4')_tb: 14764
	F43_('S5', 'S4')_t5_min: 309
	F0_('S2', 'E2')_t5_max: 16282
	F29_('S1', 'S2')_t5_min: 4670
	F52_('S5', 'E5')_t3_min: 4865
	F43_('S2', 'E2')_tb: 323
	F40_('S3', 'E3')_t5_min: 62892
	F46_('S2', 'E2')_t3_min: 12400
	F6_('S5', 'S4')_t5_max: 7867
	F14_('E1', 'S1')_t3_min: 84447
	F59_('S3', 'E3')_t3_max: 2832
	F44_('S1', 'E1')_t4_max: 826
	F36_('E1', 'S1')_t3_min: 46763
	F19_('S1', 'E1')_t3_max: 127727
	F46_('S1', 'S2')_t5_max: 12398
	F56_('E3', 'S3')_t5_min: 725
	F13_('S4', 'S3')_t3_max: 3846
	F35_('S3', 'S2')_t5_max: 1835
	('S4', 'S5')_gcl_length: 226
	F3_('S3', 'S2')_tb: 181
	F12_('E5', 'S5')_t3_min: 15617
	F45_('E5', 'S5')_tb: 10891
	F56_('S3', 'S4')_t5_max: 750
	F42_('E5', 'S5')_tb: 52838
	F11_('S4', 'S5')_tb: 109493
	F57_('S4', 'S5')_t5_min: 525
	F54_('S5', 'S4')_t5_max: 844
	F2_('S4', 'S3')_t3_min: 3685
	F33_('S5', 'S4')_t5_min: 127571
	F12_('S4', 'S3')_t5_max: 15684
	F34_('S1', 'S2')_t5_min: 540
	F11_('S4', 'S5')_t3_min: 109493
	F28_('S3', 'S4')_tb: 3451
	F2_('S2', 'E2')_tb: 3779
	F32_('E5', 'S5')_t3_min: 24089
	F42_('S3', 'S2')_t3_max: 52897
	F45_('E5', 'S5')_t4_max: 10891
	F33_('E5', 'S5')_t5_min: 127559
	F32_('S2', 'E2')_t4_max: 24179
	F46_('S2', 'E2')_tb: 12400
	F2_('E5', 'S5')_t3_min: 3665
	F54_('S3', 'E3')_t3_min: 850
	F46_('S2', 'E2')_t3_max: 12405
	F16_('S1', 'E1')_t3_max: 59
	F10_('E2', 'S2')_t3_min: 1496
	F46_('S2', 'E2')_t5_max: 12425
	F17_('S1', 'E1')_t5_max: 2185
	F51_('S3', 'S2')_t5_max: 243
	F9_('S4', 'E4')_t5_min: 14768
	F29_('E1', 'S1')_t4_min: 4637
	('E4', 'S4')_gcl_length: 0
	F38_('E4', 'S4')_t4_min: 30933
	F51_('S3', 'S2')_t3_max: 226
	F24_('S1', 'S2')_tb: 19
	F44_('S2', 'S1')_t5_max: 819
	F12_('S3', 'E3')_tb: 15650
	F15_('E1', 'S1')_t3_min: 3445
	F47_('S1', 'S2')_t5_min: 591
	F45_('S5', 'S4')_t3_min: 10902
	F38_('S2', 'S1')_t3_max: 30998
	F22_('E2', 'S2')_t4_min: 751
	F33_('E5', 'S5')_t4_min: 127549
	F10_('E2', 'S2')_t5_min: 1501
	F41_('S1', 'E1')_t3_min: 31984
	F6_('S4', 'E4')_t5_max: 7896
	F14_('S2', 'E2')_t3_min: 84473
	F57_('E1', 'S1')_t4_min: 482
	F40_('E5', 'S5')_t5_min: 62867
	F52_('S2', 'S3')_t5_max: 4802
	F50_('S3', 'S4')_tb: 60674
	F57_('S5', 'E5')_t3_min: 527
	F47_('S1', 'S2')_t3_min: 564
	F47_('S2', 'S3')_t5_max: 621
	F35_('S2', 'S1')_tb: 1842
	F42_('S4', 'S3')_tb: 52867
	F19_('E3', 'S3')_tb: 127661
	F27_('E2', 'S2')_t4_min: 2729
	F42_('S5', 'S4')_tb: 52860
	F40_('E5', 'S5')_t3_min: 62864
	F37_('S4', 'S3')_t5_min: 2899
	F42_('S5', 'S4')_t5_max: 52865
	F57_('S5', 'E5')_t5_min: 592
	F41_('S2', 'S1')_t3_min: 31955
	F44_('E2', 'S2')_t3_min: 802
	F31_('S3', 'E3')_t3_max: 44
	('E1', 'S1')_gcl_length: 0
	F35_('S3', 'S2')_tb: 1805
	F53_('S4', 'S3')_t5_max: 106812
	F28_('S4', 'E4')_t5_min: 3471
	F40_('S3', 'E3')_t3_max: 62894
	F32_('S4', 'S3')_t5_min: 24128
	F28_('S2', 'S3')_t3_max: 3463
	F14_('E1', 'S1')_t4_max: 84447
	F8_('S1', 'E1')_t5_min: 4764
	F55_('S3', 'E3')_tb: 7574
	F10_('S5', 'E5')_t5_max: 1575
	F57_('S1', 'S2')_t5_min: 501
	F55_('S5', 'S4')_tb: 7520
	F26_('E3', 'S3')_t4_max: 61
	F57_('S2', 'S3')_tb: 503
	F53_('S3', 'S2')_t5_min: 106821
	F1_('S1', 'S2')_t3_min: 414
	F11_('S5', 'E5')_t4_max: 109541
	F45_('E5', 'S5')_t3_min: 10891
	F30_('S3', 'S2')_t5_max: 4730
	F36_('S3', 'S4')_t5_min: 46813
	F18_('E4', 'S4')_t4_max: 96634
	F55_('S5', 'S4')_t5_min: 7530
	F24_('S2', 'E2')_t3_min: 32
	F57_('S2', 'S3')_t3_max: 508
	F49_('S5', 'S4')_t3_min: 15531
	F18_('S5', 'E5')_t3_max: 96656
	F53_('S1', 'E1')_t4_max: 106886
	F3_('S2', 'E2')_t3_min: 186
	F43_('S2', 'E2')_t3_max: 382
	F33_('S5', 'S4')_tb: 127561
	F45_('E5', 'S5')_t5_min: 10900
	F34_('S2', 'S3')_tb: 578
	F57_('S5', 'E5')_t4_max: 586
	F48_('S2', 'S1')_tb: 28691
	F27_('E2', 'S2')_t3_min: 2729
	F18_('S4', 'S5')_tb: 96645
	F0_('S3', 'S2')_t5_max: 16271
	F37_('S2', 'E2')_t3_max: 2955
	F43_('E5', 'S5')_t3_min: 299
	F1_('E1', 'S1')_tb: 402
	F41_('E2', 'S2')_t4_min: 31943
	F33_('E5', 'S5')_t4_max: 127549
	F20_('S3', 'S2')_t3_max: 18267
	F34_('E1', 'S1')_t4_max: 532
	F51_('E4', 'S4')_t4_max: 204
	F15_('S2', 'S3')_t5_min: 3502
	F5_('S1', 'E1')_t4_max: 179
	F51_('S2', 'E2')_t3_max: 250
	F30_('E3', 'S3')_t5_min: 4716
	F47_('S3', 'S4')_tb: 638
	F7_('S2', 'E2')_t5_min: 11796
	F56_('E3', 'S3')_t4_max: 719
	F43_('S3', 'S2')_t3_max: 358
	F53_('E5', 'S5')_t5_max: 106784
	F48_('S2', 'S1')_t3_max: 28691
	F48_('S3', 'S2')_t5_min: 28666
	F54_('S4', 'S3')_t5_min: 848
	F50_('E3', 'S3')_t4_max: 60649
	F54_('S3', 'E3')_t5_max: 888
	F52_('S4', 'S5')_t5_max: 4863
	F48_('S1', 'E1')_t4_max: 28702
	F10_('S2', 'S3')_t5_min: 1513
	F47_('S3', 'S4')_t5_min: 648
	F6_('S5', 'S4')_t3_min: 7840
	F42_('E5', 'S5')_t4_min: 52838
	F16_('E2', 'S2')_t4_max: 10
	F18_('E4', 'S4')_t3_min: 96634
	F10_('E2', 'S2')_t4_min: 1496
	F30_('S3', 'S2')_t5_min: 4730
	F47_('E1', 'S1')_t4_min: 552
	F6_('S4', 'E4')_tb: 7851
	F28_('S2', 'S3')_t3_min: 3440
	F13_('S3', 'S2')_t5_min: 3847
	F37_('E4', 'S4')_t3_min: 2875
	F29_('S4', 'E4')_t5_max: 4751
	F14_('E1', 'S1')_tb: 84447
	F13_('E5', 'S5')_tb: 3797
	F45_('S3', 'E3')_t5_min: 10961
	F34_('S2', 'S3')_t5_max: 581
	F1_('E1', 'S1')_t4_min: 402
	F1_('E1', 'S1')_t4_max: 402
	F0_('S3', 'S2')_t5_min: 16253
	F26_('S1', 'E1')_t5_max: 124
	F40_('S5', 'S4')_t5_min: 62877
	F25_('S2', 'E2')_t5_min: 7934
	F12_('E5', 'S5')_t4_max: 15617
	F10_('S3', 'S4')_t3_min: 1515
	F35_('S1', 'E1')_t5_max: 1886
	F42_('S2', 'E2')_tb: 52881
	F40_('S3', 'E3')_tb: 62889
	F21_('E4', 'S4')_t4_max: 63489
	F28_('S3', 'S4')_t3_min: 3451
	F10_('S4', 'S5')_tb: 1545
	F9_('S3', 'S4')_tb: 14758
	F33_('S4', 'S3')_t3_min: 127573
	F17_('S1', 'E1')_t3_max: 2166
	F2_('S4', 'S3')_t5_min: 3693
	F10_('S4', 'S5')_t3_max: 1545
	F35_('E3', 'S3')_t4_max: 1791
	F23_('S4', 'E4')_t4_max: 63989
	F4_('E2', 'S2')_t3_min: 95508
	F46_('E1', 'S1')_t5_min: 12372
	F44_('S1', 'E1')_t5_min: 831
	F13_('S4', 'S3')_tb: 3823
	F0_('E3', 'S3')_t4_max: 16243
	F53_('S5', 'S4')_t3_min: 106786
	F5_('E3', 'S3')_t3_min: 89
	F20_('S2', 'E2')_tb: 18257
	F11_('S5', 'E5')_tb: 109505
	F41_('S2', 'S1')_t5_max: 31982
	F16_('S1', 'E1')_t5_min: 47
	F36_('E1', 'S1')_t5_max: 46767
	F12_('S3', 'E3')_t3_max: 15691
	F29_('E1', 'S1')_tb: 4637
	F12_('E5', 'S5')_t4_min: 15617
	F42_('S2', 'E2')_t5_min: 52886
	F48_('E3', 'S3')_t4_max: 28656
	F13_('S3', 'S2')_tb: 3836
	F54_('S4', 'S3')_t3_max: 851
	F52_('S3', 'S4')_t3_min: 4786
	F34_('S1', 'S2')_t3_min: 537
	F57_('S3', 'S4')_tb: 511
	F24_('S2', 'E2')_t3_max: 37
	F49_('E5', 'S5')_t5_max: 15529
	F28_('S4', 'E4')_t3_max: 3521
	F36_('S3', 'S4')_tb: 46809
	F25_('S3', 'S2')_t5_min: 7931
	F39_('E4', 'S4')_t5_max: 30964
	F7_('E3', 'S3')_t5_min: 11776
	F56_('S4', 'E4')_t3_min: 752
	F42_('E5', 'S5')_t5_min: 52843
	F49_('S4', 'E4')_t3_min: 15544
	F1_('E1', 'S1')_t5_max: 412
	F35_('S2', 'S1')_t3_max: 1842
	F9_('E2', 'S2')_t4_max: 14746
	F12_('E5', 'S5')_tb: 15617
	('E5', 'S5')_gcl_length: 0
	F23_('S4', 'E4')_tb: 63953
	F52_('E2', 'S2')_t3_min: 4760
	F48_('S2', 'S1')_t5_max: 28695
	F40_('E5', 'S5')_t4_max: 62864
	F24_('E1', 'S1')_t4_min: 1
	F13_('S5', 'S4')_t5_min: 3821
	F33_('S3', 'E3')_t4_max: 127639
	F16_('S2', 'S1')_t5_min: 34
	F32_('S5', 'S4')_tb: 24114
	F18_('S4', 'S5')_t5_max: 96649
	F27_('S2', 'S1')_t5_min: 2760
	F20_('S2', 'E2')_t3_min: 18257
	('E3', 'S3')_gcl_length: 0
	F55_('S4', 'S3')_t5_min: 7559
	F47_('S4', 'S5')_t5_min: 672
	F17_('E3', 'S3')_t3_min: 2101
	F54_('S3', 'E3')_tb: 850
	F45_('S3', 'E3')_t3_min: 10929
	F18_('S5', 'E5')_t5_max: 96673
	F43_('S3', 'S2')_t5_min: 321
	F16_('S2', 'S1')_t5_max: 52
	F16_('S1', 'E1')_tb: 36
	F12_('S3', 'E3')_t5_max: 15713
	F58_('S4', 'E4')_tb: 4623
	F40_('S4', 'S3')_t3_max: 62884
	F38_('S1', 'E1')_t3_max: 31024
	F27_('S1', 'E1')_t5_min: 2775
	F37_('S2', 'E2')_t5_max: 2966
	F22_('E2', 'S2')_t4_max: 751
	F47_('S2', 'S3')_t3_max: 598
	F10_('S5', 'E5')_t3_max: 1557
	F2_('S3', 'S2')_t5_max: 3758
	F53_('S3', 'S2')_t5_max: 106839
	F43_('E5', 'S5')_t4_min: 299
	F11_('E4', 'S4')_t5_max: 109491
	F19_('S1', 'E1')_t3_min: 127704
	F34_('S4', 'S5')_t5_min: 591
	F42_('S3', 'S2')_tb: 52874
	F23_('E3', 'S3')_t4_max: 63929
	F16_('S1', 'E1')_t3_min: 36
	F55_('S4', 'S3')_tb: 7549
	F38_('E4', 'S4')_tb: 30933
	F5_('S3', 'S2')_tb: 101
	F42_('E5', 'S5')_t3_min: 52838
	F57_('S3', 'S4')_t5_min: 517
	F46_('S2', 'E2')_t5_min: 12407
	F9_('S4', 'E4')_t4_max: 14818
	F57_('E1', 'S1')_t4_max: 482
	F8_('S3', 'S2')_t5_max: 4717
	F38_('S4', 'S3')_t5_min: 30947
	F23_('S4', 'E4')_t3_min: 63953
	F52_('S5', 'E5')_t5_max: 4881
	F28_('S3', 'S4')_t5_min: 3460
	F10_('S3', 'S4')_t3_max: 1520
	F34_('E1', 'S1')_t5_min: 535
	F36_('S1', 'S2')_t5_max: 46791
	F27_('E2', 'S2')_t4_max: 2729
	F45_('S4', 'S3')_tb: 10918
	F30_('S2', 'E2')_tb: 4732
	F42_('S4', 'S3')_t3_max: 52872
	F15_('S3', 'E3')_tb: 3509
	F12_('S5', 'S4')_tb: 15628
	F33_('S4', 'S3')_t5_min: 127583
	F15_('S3', 'E3')_t5_max: 3519
	F37_('E4', 'S4')_t4_min: 2875
	F5_('S2', 'S1')_t5_min: 123
	F2_('S3', 'S2')_t3_max: 3736
	F7_('S2', 'E2')_tb: 11788
	F7_('S3', 'S2')_tb: 11778
	F15_('S1', 'S2')_t3_min: 3457
	F5_('S1', 'E1')_tb: 125
	F31_('E2', 'S2')_t3_min: 1
	F40_('S4', 'S3')_t5_max: 62887
	F13_('E5', 'S5')_t5_min: 3808
	F42_('S3', 'S2')_t5_min: 52879
	F36_('S4', 'S5')_t3_min: 46815
	F33_('S4', 'S3')_t3_max: 127596
	F20_('E4', 'S4')_t4_min: 18218
	F25_('E3', 'S3')_t4_max: 7927
	F26_('S1', 'E1')_t5_min: 88
	F37_('S3', 'S2')_t3_min: 2901
	F26_('S3', 'S2')_t5_min: 76
	F21_('E4', 'S4')_t5_min: 63495
	F37_('S2', 'E2')_tb: 2955
	F57_('S2', 'S3')_t5_min: 509
	F53_('E5', 'S5')_t4_min: 106777
	F14_('E1', 'S1')_t4_min: 84447
	F34_('S1', 'S2')_t5_max: 558
	F36_('S5', 'E5')_t4_max: 46856
	F19_('S1', 'E1')_t4_max: 127740
	F52_('S5', 'E5')_tb: 4870
	F11_('E4', 'S4')_tb: 109481
	F23_('E3', 'S3')_t5_min: 63939
	F52_('S3', 'S4')_t3_max: 4809
	F19_('E3', 'S3')_t4_max: 127661
	F44_('S2', 'S1')_tb: 814
	F41_('S1', 'E1')_t4_max: 31989
	F25_('S3', 'S2')_t5_max: 7949
	F52_('E2', 'S2')_t5_max: 4771
	F9_('E2', 'S2')_t4_min: 14746
	F55_('E5', 'S5')_t4_max: 7503
	F6_('S4', 'E4')_t3_min: 7851
	F15_('E1', 'S1')_t5_max: 3455
	F43_('S3', 'S2')_t3_min: 317
	F36_('S4', 'S5')_t5_max: 46837
	F33_('S4', 'S3')_t5_max: 127619
	F17_('S1', 'E1')_t4_max: 2179
	F30_('E3', 'S3')_t3_min: 4709
	('S4', 'S3')_gcl_length: 198
	F10_('S3', 'S4')_tb: 1515
	F23_('E3', 'S3')_t5_max: 63939
	F42_('S3', 'S2')_t3_min: 52874
	F41_('E2', 'S2')_t5_max: 31953
	F39_('S4', 'S3')_t5_max: 30989
	F17_('S1', 'E1')_t5_min: 2131
	F55_('S4', 'S3')_t3_min: 7532
	F15_('E1', 'S1')_tb: 3445
	F40_('E5', 'S5')_t4_min: 62864
	F13_('S2', 'E2')_t5_min: 3860
	F36_('S5', 'E5')_t5_max: 46860
	F34_('S4', 'S5')_t3_max: 611
	F43_('E5', 'S5')_tb: 299
	F57_('E1', 'S1')_t5_min: 488
	F50_('S5', 'E5')_t3_max: 60713
	F0_('S2', 'E2')_tb: 16278
	F49_('E5', 'S5')_t4_min: 15518
	F39_('S3', 'E3')_t5_max: 31015
	F36_('E1', 'S1')_t5_min: 46767
	F46_('E1', 'S1')_tb: 12365
	F16_('E2', 'S2')_t4_min: 10
	F40_('S4', 'S3')_t3_min: 62879
	F52_('S4', 'S5')_t3_min: 4799
	F53_('S3', 'S2')_t3_min: 106814
	F26_('S1', 'E1')_t4_max: 120
	F13_('S4', 'S3')_t5_min: 3834
	F0_('S2', 'E2')_t3_max: 16278
	F28_('E1', 'S1')_t5_min: 3427
	F37_('S3', 'S2')_t5_min: 2912
	F10_('S5', 'E5')_t3_min: 1552
	F8_('S2', 'S1')_t5_max: 4741
	F2_('S3', 'S2')_t5_min: 3758
	F23_('S3', 'S4')_t5_min: 63951
	F32_('S2', 'E2')_t3_min: 24138
	F4_('E2', 'S2')_t4_min: 95508
	F0_('S2', 'E2')_t5_min: 16282
	F47_('S5', 'E5')_t4_max: 679
	F28_('S4', 'E4')_tb: 3462
	F1_('S2', 'E2')_t5_max: 472
	F24_('S2', 'E2')_tb: 37
	F18_('E4', 'S4')_tb: 96634
	F57_('S5', 'E5')_t3_max: 586
	F43_('S2', 'E2')_t4_max: 395
	F14_('S2', 'E2')_t3_max: 84496
	F5_('S3', 'S2')_t5_min: 111
	F36_('S5', 'E5')_t3_min: 46821
	F43_('S4', 'S3')_t3_min: 311
	F27_('E2', 'S2')_t5_min: 2735
	F26_('S1', 'E1')_t3_max: 107
	F3_('S2', 'E2')_t3_max: 209
	F32_('E5', 'S5')_t5_max: 24095
	F34_('E1', 'S1')_t5_max: 535
	F44_('S1', 'E1')_t5_max: 831
	F27_('S1', 'E1')_tb: 2769
	F36_('S2', 'S3')_t3_min: 46775
	F47_('E1', 'S1')_t4_max: 552
	F30_('S3', 'S2')_t3_min: 4718
	F26_('S3', 'S2')_t3_min: 67
	F53_('E5', 'S5')_t5_min: 106784
	F32_('S5', 'S4')_t5_min: 24120
	F20_('S3', 'S2')_t5_min: 18255
	F6_('S4', 'E4')_t3_max: 7874
	F26_('S3', 'S2')_t5_max: 76
	F32_('E5', 'S5')_tb: 24089
	F34_('S2', 'S3')_t3_max: 565
	F29_('S3', 'S4')_t5_min: 4688
	F32_('S5', 'S4')_t5_max: 24120
	F34_('S3', 'S4')_t3_max: 588
	F12_('E5', 'S5')_t5_min: 15626
	F51_('S2', 'E2')_t3_min: 227
	F22_('S1', 'E1')_t3_min: 776
	F22_('E2', 'S2')_tb: 751
	F54_('S4', 'S3')_t3_min: 846
	F48_('S3', 'S2')_t5_max: 28684
	F57_('S5', 'E5')_t5_max: 592
	F3_('S2', 'E2')_t4_max: 223
	F46_('E1', 'S1')_t5_max: 12372
	F47_('S1', 'S2')_t5_max: 591
	F35_('S1', 'E1')_t3_max: 1861
	F10_('S5', 'E5')_t5_min: 1557
	F6_('E5', 'S5')_t3_min: 7829
	F38_('S1', 'E1')_tb: 30965
	F41_('S1', 'E1')_t5_max: 31999
	F5_('E3', 'S3')_t4_max: 89
	F2_('S4', 'S3')_tb: 3685
	F56_('S4', 'E4')_t5_max: 763
	F39_('S3', 'E3')_t4_max: 31010
	F38_('S4', 'S3')_t5_max: 30965
	F34_('S4', 'S5')_t5_max: 627
	F49_('E5', 'S5')_t3_min: 15518
	F39_('S3', 'E3')_t5_min: 31015
	F19_('S1', 'E1')_tb: 127704
	F25_('S2', 'E2')_t4_max: 7969
	F10_('E2', 'S2')_tb: 1496
	F44_('E2', 'S2')_t4_min: 802
	F13_('S5', 'S4')_tb: 3810
	F22_('S1', 'E1')_t5_max: 789
	F39_('S4', 'S3')_t3_min: 30966
	F47_('E1', 'S1')_t5_min: 562
	F9_('E2', 'S2')_t3_min: 14746
	F0_('E3', 'S3')_t4_min: 16243
	F21_('S5', 'E5')_t5_min: 63511
	F21_('S4', 'S5')_tb: 63497
	F8_('E3', 'S3')_t5_min: 4693
	F35_('S2', 'S1')_t5_max: 1854
	F28_('E1', 'S1')_t4_min: 3418
	F5_('S1', 'E1')_t5_max: 189
	F3_('S4', 'S3')_tb: 176
	F30_('S2', 'E2')_t5_min: 4739
	F22_('S1', 'E1')_t3_max: 781
	F38_('S4', 'S3')_t3_min: 30941
	F54_('E5', 'S5')_t4_max: 833
	F8_('E3', 'S3')_tb: 4689
	F21_('S5', 'E5')_t5_max: 63547
	F13_('E5', 'S5')_t3_min: 3797
	F53_('S1', 'E1')_t3_min: 106832
	F58_('S4', 'E4')_t3_min: 4606
	F55_('S4', 'S3')_t3_max: 7537
	F54_('S5', 'S4')_t3_min: 837
	F41_('S2', 'S1')_t5_min: 31982
	F33_('S3', 'E3')_t5_min: 127595
	F58_('S3', 'S4')_t5_min: 4604
	F33_('S3', 'E3')_t3_max: 127626
	F36_('S4', 'S5')_t3_max: 46820
	F51_('S2', 'E2')_tb: 250
	F57_('E1', 'S1')_t5_max: 488
	F5_('S1', 'E1')_t3_max: 166
	F43_('S5', 'S4')_t5_max: 327
	F1_('S1', 'S2')_tb: 414
	F29_('S4', 'E4')_t3_min: 4690
	F45_('S3', 'E3')_t3_max: 10952
	F47_('S4', 'S5')_t3_max: 655
	F9_('E2', 'S2')_tb: 14746
	F16_('E2', 'S2')_t5_max: 21
	F20_('S3', 'S2')_tb: 18244
	F48_('S1', 'E1')_t3_max: 28702
	F41_('S2', 'S1')_tb: 31972
	F9_('S3', 'S4')_t3_min: 14758
	F0_('E3', 'S3')_t5_min: 16247
	F52_('S2', 'S3')_t3_min: 4773
	F36_('S1', 'S2')_t5_min: 46773
	F53_('S4', 'S3')_tb: 106805
	F53_('S1', 'E1')_t5_max: 106893
	F28_('S4', 'E4')_t4_max: 3534
	F39_('E4', 'S4')_t5_min: 30964
	F47_('S4', 'S5')_t3_min: 650
	F13_('S3', 'S2')_t3_max: 3877
	F15_('S2', 'S3')_tb: 3492
	F25_('S3', 'S2')_tb: 7930
	F17_('E3', 'S3')_t5_max: 2107
	F33_('E5', 'S5')_t3_min: 127549
	F40_('S5', 'S4')_tb: 62874
	F14_('S1', 'S2')_tb: 84460
	F13_('S2', 'E2')_tb: 3849
	F21_('E4', 'S4')_t3_min: 63489
	F14_('S2', 'E2')_t5_max: 84520
	F31_('E2', 'S2')_t5_max: 9
	F3_('E4', 'S4')_t3_min: 154
	F59_('E2', 'S2')_t4_max: 2797
	F28_('S3', 'S4')_t3_max: 3492
	F5_('E3', 'S3')_t5_max: 99
	F39_('E4', 'S4')_t4_max: 30959
	F32_('S4', 'S3')_t3_max: 24127
	F0_('E3', 'S3')_t5_max: 16247
	F43_('E5', 'S5')_t5_min: 303
	F52_('E2', 'S2')_tb: 4760
	F57_('S4', 'S5')_t3_max: 560
	F15_('S2', 'S3')_t3_max: 3491
	F0_('S3', 'S2')_tb: 16249
	F47_('E1', 'S1')_t5_max: 562
	F32_('S5', 'S4')_t3_min: 24097
	F39_('E4', 'S4')_t4_min: 30959
	F29_('S2', 'S3')_t5_max: 4697
	F26_('S2', 'S1')_t3_max: 83
	F33_('S3', 'E3')_tb: 127585
	F46_('S1', 'S2')_t3_min: 12374
	F10_('E2', 'S2')_t4_max: 1496
	F6_('E5', 'S5')_t4_min: 7829
	F21_('E4', 'S4')_t4_min: 63489
	F7_('S3', 'S2')_t3_min: 11778
	F16_('E2', 'S2')_tb: 10
	F3_('S4', 'S3')_t3_min: 159
	F33_('S4', 'S3')_tb: 127573
	F3_('E4', 'S4')_tb: 154
	F7_('S2', 'E2')_t4_max: 11824
	F59_('E2', 'S2')_t5_max: 2801
	F48_('S2', 'S1')_t5_min: 28695
	F38_('S2', 'S1')_tb: 30957
	F34_('S5', 'E5')_tb: 593
	F52_('S4', 'S5')_t3_max: 4840
	F15_('S3', 'E3')_t3_min: 3504
	F36_('E1', 'S1')_t4_max: 46763
	F12_('S4', 'S3')_t3_max: 15662
	F38_('S4', 'S3')_tb: 30941
	F37_('S3', 'S2')_tb: 2901
	F15_('S2', 'S3')_t5_max: 3502
	F26_('S3', 'S2')_tb: 72
	F17_('S2', 'S1')_tb: 2117
	F5_('E3', 'S3')_tb: 89
	F43_('S4', 'S3')_t3_max: 334
	F50_('S3', 'S4')_t5_min: 60680
	F38_('E4', 'S4')_t4_max: 30933
	F36_('S2', 'S3')_tb: 46798
	F19_('S2', 'S1')_tb: 127696
	F6_('S5', 'S4')_tb: 7840
	F59_('S3', 'E3')_t5_min: 2813
	F42_('S2', 'E2')_t4_max: 52935
	F37_('S2', 'E2')_t4_max: 2955
	F45_('S4', 'S3')_t3_min: 10918
	F7_('E3', 'S3')_t5_max: 11776
	F2_('S5', 'S4')_t5_max: 3701
	F7_('S3', 'S2')_t5_min: 11786
	F52_('S4', 'S5')_t5_min: 4863
	F37_('S2', 'E2')_t3_min: 2914
	F48_('S1', 'E1')_tb: 28702
	F37_('S2', 'E2')_t5_min: 2966
	F58_('S4', 'E4')_t4_max: 4623
	F54_('S4', 'S3')_t5_max: 866
	F32_('S4', 'S3')_t5_max: 24146
	F40_('S3', 'E3')_t4_max: 62907
	F34_('S2', 'S3')_t5_min: 581
	F2_('S4', 'S3')_t5_max: 3729
	F14_('S1', 'S2')_t5_min: 84471
	F32_('S2', 'E2')_tb: 24179
	F20_('S2', 'E2')_t4_max: 18311
	F47_('S2', 'S3')_t5_min: 603
	F4_('S2', 'S3')_t5_min: 95518
	F36_('E1', 'S1')_tb: 46763
	F18_('S5', 'E5')_t3_min: 96651
	F53_('E5', 'S5')_t4_max: 106777
	F31_('S3', 'E3')_t5_min: 29
	F13_('S3', 'S2')_t5_max: 3901
	F17_('S1', 'E1')_tb: 2125
	F49_('E5', 'S5')_t4_max: 15518
	F1_('S2', 'E2')_t5_min: 436
	F54_('E5', 'S5')_t4_min: 833
	F18_('S5', 'E5')_tb: 96651
	F7_('S3', 'S2')_t5_max: 11804
	F50_('S5', 'E5')_tb: 60725
	F31_('E2', 'S2')_t5_min: 9
	F48_('E3', 'S3')_t5_min: 28660
	F35_('E3', 'S3')_tb: 1791
	F7_('S2', 'E2')_t3_min: 11788
	F34_('S3', 'S4')_tb: 583
	F45_('E5', 'S5')_t4_min: 10891
	F54_('S3', 'E3')_t4_max: 886
	F48_('S3', 'S2')_t3_min: 28662
	F36_('S2', 'S3')_t5_min: 46802
	('S2', 'S1')_gcl_length: 116
	F26_('E3', 'S3')_t5_max: 65
	F29_('S3', 'S4')_tb: 4681
	F58_('E3', 'S3')_t5_max: 4584
	F32_('S3', 'S2')_t3_min: 24130
	F6_('E5', 'S5')_t4_max: 7829
	F35_('S1', 'E1')_tb: 1856
	F31_('S2', 'S3')_t5_max: 37
	F38_('S2', 'S1')_t5_min: 30963
	F22_('E2', 'S2')_t5_max: 759
	F12_('S3', 'E3')_t5_min: 15659
	F52_('S3', 'S4')_t5_min: 4797
	F43_('E5', 'S5')_t5_max: 303
	F47_('E1', 'S1')_t3_min: 552
	F38_('E4', 'S4')_t5_min: 30939
	F46_('S1', 'S2')_t5_min: 12398
	F51_('S3', 'S2')_tb: 221
	F51_('S4', 'S3')_tb: 215
	F35_('S2', 'S1')_t3_min: 1819
	F20_('E4', 'S4')_t3_min: 18218
	F3_('S4', 'S3')_t5_min: 179
	F52_('S4', 'S5')_tb: 4852
	F51_('E4', 'S4')_t3_min: 204
	F37_('E4', 'S4')_t5_max: 2886
	F30_('S2', 'E2')_t3_max: 4737
	F36_('S3', 'S4')_t3_max: 46809
	F27_('S1', 'E1')_t5_max: 2775
	F20_('E4', 'S4')_t4_max: 18218
	F22_('S2', 'S1')_t5_max: 774
	F13_('E5', 'S5')_t4_min: 3797
	F56_('S4', 'E4')_t3_max: 757
	F51_('S2', 'E2')_t4_max: 250
	F10_('S3', 'S4')_t5_max: 1538
	F4_('S2', 'S3')_t5_max: 95536
	F58_('S4', 'E4')_t5_max: 4636
	F58_('S3', 'S4')_t5_max: 4604
	F33_('S5', 'S4')_t3_min: 127561
	F27_('S1', 'E1')_t3_max: 2767
	F25_('S2', 'E2')_t5_max: 7970
	F25_('S2', 'E2')_t3_min: 7933
	F55_('E5', 'S5')_t5_min: 7513
	F49_('E5', 'S5')_tb: 15518
	F35_('S1', 'E1')_t5_min: 1868
	F29_('S2', 'S3')_t3_max: 4677
	F21_('S4', 'S5')_t5_min: 63503
	F9_('S4', 'E4')_t3_max: 14805
	F2_('E5', 'S5')_t5_min: 3673
	F49_('E5', 'S5')_t5_min: 15529
	F21_('S5', 'E5')_t3_min: 63505
	F40_('S5', 'S4')_t3_min: 62869
	F16_('S1', 'E1')_t4_max: 72
	F46_('S2', 'E2')_t4_max: 12418
	F56_('S3', 'S4')_tb: 744
	F41_('S1', 'E1')_tb: 31989
	F51_('S3', 'S2')_t5_min: 225
	F53_('S5', 'S4')_tb: 106791
	F5_('S3', 'S2')_t5_max: 129
	F3_('S3', 'S2')_t3_max: 186
	F20_('S4', 'S3')_tb: 18231
	F50_('E3', 'S3')_t3_min: 60649
	F5_('S1', 'E1')_t5_min: 135
	F2_('E5', 'S5')_t4_max: 3665
	F2_('S2', 'E2')_t5_min: 3787
	F53_('S2', 'S1')_t3_min: 106823
	F48_('S1', 'E1')_t5_max: 28706
	F38_('S2', 'S1')_t5_max: 31017
	F19_('S1', 'E1')_t5_max: 127746
	F16_('S1', 'E1')_t5_max: 83
	F36_('S4', 'S5')_tb: 46815
	F3_('S3', 'S2')_t3_min: 181
	F23_('E3', 'S3')_t4_min: 63929
	F8_('S2', 'S1')_tb: 4701
	F51_('S2', 'E2')_t5_max: 254
	F28_('S2', 'S3')_tb: 3440
	F12_('S5', 'S4')_t5_max: 15655
	F21_('E4', 'S4')_t5_max: 63495
	F19_('S1', 'E1')_t5_min: 127710
	F55_('E5', 'S5')_t3_min: 7503
	F44_('S2', 'S1')_t5_min: 819
	F31_('S2', 'S3')_t3_min: 11
	F47_('S2', 'S3')_t3_min: 593
	F49_('S4', 'E4')_t4_max: 15580
	F45_('S4', 'S3')_t3_max: 10923
	F26_('S2', 'S1')_t3_min: 78
	F42_('S5', 'S4')_t5_min: 52865
	F20_('S3', 'S2')_t5_max: 18291
	F1_('E1', 'S1')_t3_min: 402
	F8_('E3', 'S3')_t5_max: 4693
	F19_('S3', 'S2')_t5_max: 127694
	F26_('S2', 'S1')_tb: 78
	F8_('S1', 'E1')_t5_max: 4764
	F15_('E1', 'S1')_t5_min: 3455
	('S2', 'E2')_gcl_length: 182
	F17_('S1', 'E1')_t3_min: 2125
	F50_('S4', 'S5')_t3_min: 60682
	F17_('S3', 'S2')_t5_min: 2115
	F53_('S2', 'S1')_tb: 106823
	F23_('E3', 'S3')_t3_min: 63929
	F47_('S5', 'E5')_t5_max: 689
	F26_('S2', 'S1')_t5_max: 100
	F14_('E1', 'S1')_t5_min: 84458
	F3_('S2', 'E2')_t5_max: 226
	F16_('E2', 'S2')_t5_min: 21
	F12_('S5', 'S4')_t5_min: 15637
	F52_('S5', 'E5')_t3_max: 4870
	F50_('S4', 'S5')_t5_max: 60706
	F31_('S3', 'E3')_t5_max: 65
	F8_('E3', 'S3')_t4_max: 4689
	F0_('S3', 'S2')_t3_min: 16249
	F32_('S4', 'S3')_t3_min: 24122
	F24_('E1', 'S1')_t5_max: 12
	F10_('S2', 'S3')_tb: 1508
	F33_('E5', 'S5')_tb: 127549
	F45_('S3', 'E3')_t5_max: 10961
	F5_('S2', 'S1')_tb: 113
	F16_('S2', 'S1')_t3_min: 23
	F5_('E3', 'S3')_t4_min: 89
	F2_('S2', 'E2')_t5_max: 3787
	F51_('E4', 'S4')_t4_min: 204
	F52_('S5', 'E5')_t4_max: 4870
	F32_('S2', 'E2')_t5_max: 24185
	F52_('S2', 'S3')_t5_min: 4784
	F21_('S4', 'S5')_t3_min: 63497
	F44_('S2', 'S1')_t3_min: 809
	F34_('E1', 'S1')_t4_min: 532
	F20_('S2', 'E2')_t5_min: 18268
	F50_('E3', 'S3')_t5_max: 60655
	F10_('S2', 'S3')_t5_max: 1513
	F8_('S3', 'S2')_t5_min: 4699
	F55_('S5', 'S4')_t3_min: 7515
	F56_('S4', 'E4')_tb: 757
	F28_('S1', 'S2')_t3_min: 3429
	F38_('S1', 'E1')_t4_max: 31037
	F57_('S4', 'S5')_t3_min: 519
	F57_('S4', 'S5')_t5_max: 579
	F18_('S5', 'E5')_t5_min: 96655
	F43_('S2', 'E2')_t3_min: 323
	F8_('S2', 'S1')_t3_min: 4701
	F4_('E2', 'S2')_t5_min: 95512
	F58_('S4', 'E4')_t5_min: 4636
	F4_('E2', 'S2')_t5_max: 95512
	F50_('S5', 'E5')_t4_max: 60725
	F53_('S5', 'S4')_t5_max: 106798
	F9_('S2', 'S3')_tb: 14752
	F48_('E3', 'S3')_tb: 28656
	F17_('E3', 'S3')_t4_min: 2101
	F21_('S5', 'E5')_t3_max: 63528
	F49_('S5', 'S4')_t5_max: 15560
	F28_('E1', 'S1')_t5_max: 3427
	F51_('E4', 'S4')_t5_max: 208
	F3_('S4', 'S3')_t5_max: 179
	F32_('S3', 'S2')_tb: 24130
	F37_('S3', 'S2')_t5_max: 2948
	F5_('S1', 'E1')_t3_min: 125
	F26_('S1', 'E1')_tb: 84
	F43_('S2', 'E2')_t5_max: 399
	F57_('S3', 'S4')_t3_max: 534
	F46_('S1', 'S2')_tb: 12391
	F17_('S3', 'S2')_tb: 2109
	F42_('S2', 'E2')_t5_max: 52940
	F8_('E3', 'S3')_t3_min: 4689
	F55_('S3', 'E3')_t4_max: 7574
	F50_('S3', 'S4')_t5_max: 60680
	F53_('S3', 'S2')_t3_max: 106819
	F38_('S3', 'S2')_t5_max: 30991
	F21_('S5', 'E5')_t4_max: 63541
	F8_('E3', 'S3')_t4_min: 4689
	F10_('S2', 'S3')_t3_min: 1503
	F57_('E1', 'S1')_t3_min: 482
	F28_('S4', 'E4')_t3_min: 3462
	F51_('S4', 'S3')_t5_max: 219
	F29_('S2', 'S3')_tb: 4672
	F53_('S1', 'E1')_t5_min: 106839
	F19_('S3', 'S2')_t5_min: 127694
	F13_('S4', 'S3')_t5_max: 3870
	F11_('S5', 'E5')_t3_max: 109528
	F3_('S2', 'E2')_t5_min: 226
	F2_('E5', 'S5')_t4_min: 3665
	F48_('S2', 'S1')_t3_min: 28668
	F4_('S3', 'E3')_t5_max: 95560
	F11_('S5', 'E5')_t5_min: 109515
	F52_('E2', 'S2')_t4_max: 4760
	F27_('S2', 'S1')_t3_min: 2737
	F44_('E2', 'S2')_tb: 802
	F7_('E3', 'S3')_tb: 11768
	F51_('E4', 'S4')_t5_min: 208
	F19_('S3', 'S2')_t3_min: 127669
	F17_('S2', 'S1')_t3_min: 2117
	F38_('S3', 'S2')_tb: 30949
	F52_('S3', 'S4')_tb: 4786
	F24_('S1', 'S2')_t3_min: 14
	F32_('S2', 'E2')_t5_min: 24185
	F34_('E1', 'S1')_tb: 532
	F14_('S1', 'S2')_t5_max: 84489
	F15_('S1', 'S2')_tb: 3474
	F50_('S5', 'E5')_t5_max: 60731
	F29_('S3', 'S4')_t3_max: 4704
	F46_('E1', 'S1')_t3_min: 12365
	F39_('S4', 'S3')_t5_min: 30971
	F18_('E4', 'S4')_t5_max: 96638
	F15_('S1', 'S2')_t5_max: 3484
	F4_('E2', 'S2')_t4_max: 95508
	F23_('S3', 'S4')_t3_min: 63941
	F27_('S1', 'E1')_t4_max: 2769
	F7_('E3', 'S3')_t4_max: 11768
	F25_('E3', 'S3')_t5_min: 7928
	F34_('S3', 'S4')_t5_min: 586
	F57_('E1', 'S1')_tb: 482
	F39_('S3', 'E3')_tb: 31010
	F40_('E5', 'S5')_tb: 62864
	F34_('S3', 'S4')_t5_max: 604
	F15_('S2', 'S3')_t3_min: 3486
	F2_('S5', 'S4')_t5_min: 3683
	F46_('E1', 'S1')_t4_max: 12365
	F57_('S4', 'S5')_tb: 519
	F42_('S5', 'S4')_t3_min: 52845
	F13_('S3', 'S2')_t3_min: 3836
	F9_('S3', 'S4')_t5_max: 14798
	F20_('E4', 'S4')_t5_min: 18229
	F18_('E4', 'S4')_t4_min: 96634
	F9_('S4', 'E4')_t3_min: 14764
	F29_('S2', 'S3')_t3_min: 4672
	('S4', 'E4')_gcl_length: 18
	F26_('E3', 'S3')_t3_min: 61
	F45_('S5', 'S4')_t5_min: 10916
	F29_('S3', 'S4')_t5_max: 4724
	F1_('S2', 'E2')_t4_max: 462
	F41_('E2', 'S2')_t5_min: 31953
	F24_('S2', 'E2')_t4_max: 37
	F50_('S4', 'S5')_t5_min: 60688
	('S3', 'S2')_gcl_length: 202
	F34_('E1', 'S1')_t3_min: 532
	F17_('S3', 'S2')_t3_min: 2109
	F6_('E5', 'S5')_t5_max: 7838
	F38_('E4', 'S4')_t3_min: 30933
	F0_('S2', 'E2')_t4_max: 16278
	F56_('S3', 'S4')_t3_min: 727
	F36_('S2', 'S3')_t5_max: 46802
	F47_('S5', 'E5')_t5_min: 689
	F47_('S4', 'S5')_tb: 662
	F22_('S2', 'S1')_t5_min: 774
	F38_('S1', 'E1')_t3_min: 30965
	F8_('S1', 'E1')_t3_max: 4748
	F49_('S4', 'E4')_t5_min: 15555
	F40_('S3', 'E3')_t3_min: 62889
	F2_('S2', 'E2')_t3_max: 3765
	F37_('E4', 'S4')_tb: 2875
	F21_('E4', 'S4')_tb: 63489
	F34_('S4', 'S5')_tb: 588
	F6_('E5', 'S5')_tb: 7829
	F37_('E4', 'S4')_t4_max: 2875
	F24_('S2', 'E2')_t5_min: 48
	F38_('S1', 'E1')_t5_max: 31043
	F4_('S3', 'E3')_t3_min: 95520
	F14_('S2', 'E2')_tb: 84473
	F38_('S3', 'S2')_t5_min: 30955
	F20_('S4', 'S3')_t3_min: 18231
	F56_('S4', 'E4')_t5_min: 763
	F31_('S3', 'E3')_t4_max: 57
	F53_('S1', 'E1')_tb: 106832
	F39_('S3', 'E3')_t3_min: 30973
	F32_('S3', 'S2')_t5_max: 24172
	F56_('E3', 'S3')_t3_min: 719
	F27_('S1', 'E1')_t3_min: 2762
	F53_('S2', 'S1')_t3_max: 106846
	F55_('S5', 'S4')_t5_max: 7530
	F49_('S5', 'S4')_tb: 15531
	F28_('S4', 'E4')_t5_max: 3543
	F58_('E3', 'S3')_tb: 4571
	F2_('S2', 'E2')_t3_min: 3760
	F58_('E3', 'S3')_t5_min: 4584
	F29_('E1', 'S1')_t4_max: 4637
	F7_('E3', 'S3')_t3_min: 11768
	F32_('E5', 'S5')_t4_min: 24089
	F31_('S2', 'S3')_tb: 11
	F12_('S5', 'S4')_t3_min: 15628
	F34_('S5', 'E5')_t5_max: 650
	F19_('S2', 'S1')_t5_min: 127702
	F12_('S4', 'S3')_t5_min: 15648
	F10_('S4', 'S5')_t3_min: 1522
	F9_('E2', 'S2')_t5_min: 14750
	F25_('E3', 'S3')_t3_min: 7927
	F7_('S2', 'E2')_t5_max: 11832
	F27_('S2', 'S1')_tb: 2754
	F20_('S4', 'S3')_t5_min: 18242
