0. Flow F0 [E2-->E1] with period 4000, payload 1049B, e2e delay 4000us, jitter 400us
	('E2', 'S2'), Operation(2710, None, 2719)(2710, 2710)
	('S2', 'S1'), Operation(2721, 2738, 2747)(2738, 2738)
	('S1', 'E1'), Operation(2749, None, 2776)(2749, 2767)
1. Flow F1 [E3-->E2] with period 32000, payload 677B, e2e delay 32000us, jitter 3200us
	('E3', 'S3'), Operation(6879, None, 6885)(6879, 6879)
	('S3', 'S2'), Operation(6887, None, 6911)(6887, 6905)
	('S2', 'E2'), Operation(6895, 6918, 6924)(6918, 6918)
2. Flow F2 [E1-->E2] with period 4000, payload 1342B, e2e delay 4000us, jitter 400us
	('E1', 'S1'), Operation(2379, None, 2390)(2379, 2379)
	('S1', 'S2'), Operation(2392, 2397, 2408)(2397, 2397)
	('S2', 'E2'), Operation(2410, None, 2439)(2410, 2428)
3. Flow F3 [E1-->E3] with period 4000, payload 1441B, e2e delay 4000us, jitter 400us
	('E1', 'S1'), Operation(2525, None, 2537)(2525, 2525)
	('S1', 'S2'), Operation(2539, None, 2569)(2539, 2557)
	('S2', 'S3'), Operation(2553, None, 2601)(2553, 2589)
	('S3', 'E3'), Operation(2567, None, 2633)(2567, 2621)
4. Flow F4 [E5-->E3] with period 8000, payload 1032B, e2e delay 8000us, jitter 800us
	('E5', 'S5'), Operation(6601, None, 6610)(6601, 6601)
	('S5', 'S4'), Operation(6612, None, 6639)(6612, 6630)
	('S4', 'S3'), Operation(6623, None, 6668)(6623, 6659)
	('S3', 'E3'), Operation(6634, None, 6697)(6634, 6688)
5. Flow F5 [E2-->E3] with period 128000, payload 159B, e2e delay 128000us, jitter 12800us
	('E2', 'S2'), Operation(58804, None, 58806)(58804, 58804)
	('S2', 'S3'), Operation(58808, None, 58828)(58808, 58826)
	('S3', 'E3'), Operation(58812, None, 58850)(58812, 58848)
6. Flow F6 [E3-->E4] with period 4000, payload 720B, e2e delay 4000us, jitter 400us
	('E3', 'S3'), Operation(3768, None, 3774)(3768, 3768)
	('S3', 'S4'), Operation(3776, None, 3800)(3776, 3794)
	('S4', 'E4'), Operation(3784, None, 3826)(3784, 3820)
7. Flow F7 [E4-->E1] with period 8000, payload 1434B, e2e delay 8000us, jitter 800us
	('E4', 'S4'), Operation(6810, None, 6822)(6810, 6810)
	('S4', 'S3'), Operation(6824, None, 6854)(6824, 6842)
	('S3', 'S2'), Operation(6838, None, 6886)(6838, 6874)
	('S2', 'S1'), Operation(6852, None, 6918)(6852, 6906)
	('S1', 'E1'), Operation(6866, None, 6950)(6866, 6938)
8. Flow F8 [E1-->E4] with period 64000, payload 64B, e2e delay 64000us, jitter 6400us
	('E1', 'S1'), Operation(60022, None, 60023)(60022, 60022)
	('S1', 'S2'), Operation(60025, 60042, 60043)(60042, 60042)
	('S2', 'S3'), Operation(60045, None, 60064)(60045, 60063)
	('S3', 'S4'), Operation(60048, 60071, 60072)(60071, 60071)
	('S4', 'E4'), Operation(60074, None, 60093)(60074, 60092)
9. Flow F9 [E5-->E2] with period 8000, payload 127B, e2e delay 8000us, jitter 800us
	('E5', 'S5'), Operation(6782, None, 6784)(6782, 6782)
	('S5', 'S4'), Operation(6786, 6791, 6793)(6791, 6791)
	('S4', 'S3'), Operation(6795, None, 6815)(6795, 6813)
	('S3', 'S2'), Operation(6799, None, 6837)(6799, 6835)
	('S2', 'E2'), Operation(6803, 6844, 6846)(6844, 6844)
10. Flow F10 [E4-->E2] with period 32000, payload 855B, e2e delay 32000us, jitter 3200us
	('E4', 'S4'), Operation(24744, None, 24751)(24744, 24744)
	('S4', 'S3'), Operation(24753, 24758, 24765)(24758, 24758)
	('S3', 'S2'), Operation(24767, 24784, 24791)(24784, 24784)
	('S2', 'E2'), Operation(24793, None, 24818)(24793, 24811)
11. Flow F11 [E1-->E5] with period 4000, payload 441B, e2e delay 4000us, jitter 400us
	('E1', 'S1'), Operation(2137, None, 2141)(2137, 2137)
	('S1', 'S2'), Operation(2143, None, 2165)(2143, 2161)
	('S2', 'S3'), Operation(2149, 2172, 2176)(2172, 2172)
	('S3', 'S4'), Operation(2178, None, 2200)(2178, 2196)
	('S4', 'S5'), Operation(2184, None, 2224)(2184, 2220)
	('S5', 'E5'), Operation(2190, None, 2248)(2190, 2244)
12. Flow F12 [E2-->E5] with period 4000, payload 208B, e2e delay 4000us, jitter 400us
	('E2', 'S2'), Operation(1, None, 3)(1, 1)
	('S2', 'S3'), Operation(5, None, 25)(5, 23)
	('S3', 'S4'), Operation(9, None, 47)(9, 45)
	('S4', 'S5'), Operation(13, None, 69)(13, 67)
	('S5', 'E5'), Operation(17, None, 91)(17, 89)
13. Flow F13 [E1-->E5] with period 64000, payload 1354B, e2e delay 64000us, jitter 6400us
	('E1', 'S1'), Operation(63833, None, 63844)(63833, 63833)
	('S1', 'S2'), Operation(63846, None, 63875)(63846, 63864)
	('S2', 'S3'), Operation(63859, None, 63906)(63859, 63895)
	('S3', 'S4'), Operation(63872, None, 63937)(63872, 63926)
	('S4', 'S5'), Operation(63885, None, 63968)(63885, 63957)
	('S5', 'E5'), Operation(63898, None, 63999)(63898, 63988)
14. Flow F14 [E1-->E2] with period 64000, payload 1134B, e2e delay 64000us, jitter 6400us
	('E1', 'S1'), Operation(44955, None, 44965)(44955, 44955)
	('S1', 'S2'), Operation(44967, None, 44995)(44967, 44985)
	('S2', 'E2'), Operation(44979, None, 45025)(44979, 45015)
15. Flow F15 [E1-->E2] with period 16000, payload 786B, e2e delay 16000us, jitter 1600us
	('E1', 'S1'), Operation(13055, None, 13062)(13055, 13055)
	('S1', 'S2'), Operation(13064, None, 13089)(13064, 13082)
	('S2', 'E2'), Operation(13073, None, 13116)(13073, 13109)
16. Flow F16 [E2-->E3] with period 4000, payload 1033B, e2e delay 4000us, jitter 400us
	('E2', 'S2'), Operation(2498, None, 2507)(2498, 2498)
	('S2', 'S3'), Operation(2509, 2528, 2537)(2528, 2528)
	('S3', 'E3'), Operation(2539, None, 2566)(2539, 2557)
17. Flow F17 [E4-->E5] with period 32000, payload 777B, e2e delay 32000us, jitter 3200us
	('E4', 'S4'), Operation(30340, None, 30347)(30340, 30340)
	('S4', 'S5'), Operation(30349, None, 30374)(30349, 30367)
	('S5', 'E5'), Operation(30358, None, 30401)(30358, 30394)
18. Flow F18 [E5-->E3] with period 2000, payload 422B, e2e delay 2000us, jitter 200us
	('E5', 'S5'), Operation(1098, None, 1102)(1098, 1098)
	('S5', 'S4'), Operation(1104, None, 1126)(1104, 1122)
	('S4', 'S3'), Operation(1110, None, 1150)(1110, 1146)
	('S3', 'E3'), Operation(1116, 1169, 1173)(1169, 1169)
19. Flow F19 [E5-->E2] with period 4000, payload 1499B, e2e delay 4000us, jitter 400us
	('E5', 'S5'), Operation(1009, None, 1021)(1009, 1009)
	('S5', 'S4'), Operation(1023, 1040, 1052)(1040, 1040)
	('S4', 'S3'), Operation(1054, None, 1084)(1054, 1072)
	('S3', 'S2'), Operation(1068, 1103, 1115)(1103, 1103)
	('S2', 'E2'), Operation(1117, None, 1147)(1117, 1135)
20. Flow F20 [E1-->E5] with period 32000, payload 951B, e2e delay 32000us, jitter 3200us
	('E1', 'S1'), Operation(19848, None, 19856)(19848, 19848)
	('S1', 'S2'), Operation(19858, None, 19884)(19858, 19876)
	('S2', 'S3'), Operation(19868, None, 19912)(19868, 19904)
	('S3', 'S4'), Operation(19878, None, 19940)(19878, 19932)
	('S4', 'S5'), Operation(19888, None, 19968)(19888, 19960)
	('S5', 'E5'), Operation(19898, None, 19996)(19898, 19988)
21. Flow F21 [E1-->E5] with period 4000, payload 1323B, e2e delay 4000us, jitter 400us
	('E1', 'S1'), Operation(3745, None, 3756)(3745, 3745)
	('S1', 'S2'), Operation(3758, 3775, 3786)(3775, 3775)
	('S2', 'S3'), Operation(3788, None, 3817)(3788, 3806)
	('S3', 'S4'), Operation(3801, None, 3848)(3801, 3837)
	('S4', 'S5'), Operation(3814, 3855, 3866)(3855, 3855)
	('S5', 'E5'), Operation(3868, None, 3897)(3868, 3886)
22. Flow F22 [E2-->E3] with period 4000, payload 556B, e2e delay 4000us, jitter 400us
	('E2', 'S2'), Operation(2720, None, 2725)(2720, 2720)
	('S2', 'S3'), Operation(2727, 2746, 2751)(2746, 2746)
	('S3', 'E3'), Operation(2753, 2772, 2777)(2772, 2772)
23. Flow F23 [E4-->E1] with period 32000, payload 705B, e2e delay 32000us, jitter 3200us
	('E4', 'S4'), Operation(3028, None, 3034)(3028, 3028)
	('S4', 'S3'), Operation(3036, 3053, 3059)(3053, 3053)
	('S3', 'S2'), Operation(3061, 3078, 3084)(3078, 3078)
	('S2', 'S1'), Operation(3086, 3103, 3109)(3103, 3103)
	('S1', 'E1'), Operation(3111, None, 3135)(3111, 3129)
24. Flow F24 [E1-->E2] with period 8000, payload 1235B, e2e delay 8000us, jitter 800us
	('E1', 'S1'), Operation(5002, None, 5012)(5002, 5002)
	('S1', 'S2'), Operation(5014, None, 5042)(5014, 5032)
	('S2', 'E2'), Operation(5026, None, 5072)(5026, 5062)
25. Flow F25 [E5-->E1] with period 2000, payload 837B, e2e delay 2000us, jitter 200us
	('E5', 'S5'), Operation(1118, None, 1125)(1118, 1118)
	('S5', 'S4'), Operation(1127, 1142, 1149)(1142, 1142)
	('S4', 'S3'), Operation(1151, None, 1176)(1151, 1169)
	('S3', 'S2'), Operation(1160, 1183, 1190)(1183, 1183)
	('S2', 'S1'), Operation(1192, 1197, 1204)(1197, 1197)
	('S1', 'E1'), Operation(1206, None, 1231)(1206, 1224)
26. Flow F26 [E5-->E2] with period 128000, payload 1390B, e2e delay 128000us, jitter 12800us
	('E5', 'S5'), Operation(19047, None, 19059)(19047, 19047)
	('S5', 'S4'), Operation(19061, 19066, 19078)(19066, 19066)
	('S4', 'S3'), Operation(19080, 19097, 19109)(19097, 19097)
	('S3', 'S2'), Operation(19111, 19128, 19140)(19128, 19128)
	('S2', 'E2'), Operation(19142, 19159, 19171)(19159, 19159)
27. Flow F27 [E5-->E2] with period 16000, payload 178B, e2e delay 16000us, jitter 1600us
	('E5', 'S5'), Operation(14961, None, 14963)(14961, 14961)
	('S5', 'S4'), Operation(14965, None, 14985)(14965, 14983)
	('S4', 'S3'), Operation(14969, None, 15007)(14969, 15005)
	('S3', 'S2'), Operation(14973, 15014, 15016)(15014, 15014)
	('S2', 'E2'), Operation(15018, None, 15038)(15018, 15036)
28. Flow F28 [E3-->E4] with period 128000, payload 593B, e2e delay 128000us, jitter 12800us
	('E3', 'S3'), Operation(126527, None, 126532)(126527, 126527)
	('S3', 'S4'), Operation(126534, 126539, 126544)(126539, 126539)
	('S4', 'E4'), Operation(126546, None, 126569)(126546, 126564)
29. Flow F29 [E2-->E5] with period 8000, payload 545B, e2e delay 8000us, jitter 800us
	('E2', 'S2'), Operation(6478, None, 6483)(6478, 6478)
	('S2', 'S3'), Operation(6485, None, 6508)(6485, 6503)
	('S3', 'S4'), Operation(6492, None, 6533)(6492, 6528)
	('S4', 'S5'), Operation(6499, None, 6558)(6499, 6553)
	('S5', 'E5'), Operation(6506, None, 6583)(6506, 6578)
30. Flow F30 [E4-->E1] with period 16000, payload 812B, e2e delay 16000us, jitter 1600us
	('E4', 'S4'), Operation(5019, None, 5026)(5019, 5019)
	('S4', 'S3'), Operation(5028, 5033, 5040)(5033, 5033)
	('S3', 'S2'), Operation(5042, None, 5067)(5042, 5060)
	('S2', 'S1'), Operation(5051, None, 5094)(5051, 5087)
	('S1', 'E1'), Operation(5060, None, 5121)(5060, 5114)
31. Flow F31 [E2-->E1] with period 4000, payload 951B, e2e delay 4000us, jitter 400us
	('E2', 'S2'), Operation(2189, None, 2197)(2189, 2189)
	('S2', 'S1'), Operation(2199, 2204, 2212)(2204, 2204)
	('S1', 'E1'), Operation(2214, None, 2240)(2214, 2232)
32. Flow F32 [E5-->E3] with period 32000, payload 1442B, e2e delay 32000us, jitter 3200us
	('E5', 'S5'), Operation(20964, None, 20976)(20964, 20964)
	('S5', 'S4'), Operation(20978, None, 21008)(20978, 20996)
	('S4', 'S3'), Operation(20992, 21015, 21027)(21015, 21015)
	('S3', 'E3'), Operation(21029, None, 21059)(21029, 21047)
33. Flow F33 [E2-->E3] with period 128000, payload 829B, e2e delay 128000us, jitter 12800us
	('E2', 'S2'), Operation(126450, None, 126457)(126450, 126450)
	('S2', 'S3'), Operation(126459, None, 126484)(126459, 126477)
	('S3', 'E3'), Operation(126468, None, 126511)(126468, 126504)
34. Flow F34 [E2-->E1] with period 64000, payload 402B, e2e delay 64000us, jitter 6400us
	('E2', 'S2'), Operation(62229, None, 62233)(62229, 62229)
	('S2', 'S1'), Operation(62235, None, 62257)(62235, 62253)
	('S1', 'E1'), Operation(62241, None, 62281)(62241, 62277)
35. Flow F35 [E4-->E1] with period 64000, payload 199B, e2e delay 64000us, jitter 6400us
	('E4', 'S4'), Operation(24791, None, 24793)(24791, 24791)
	('S4', 'S3'), Operation(24795, None, 24815)(24795, 24813)
	('S3', 'S2'), Operation(24799, None, 24837)(24799, 24835)
	('S2', 'S1'), Operation(24803, None, 24859)(24803, 24857)
	('S1', 'E1'), Operation(24807, None, 24881)(24807, 24879)
36. Flow F36 [E1-->E4] with period 16000, payload 106B, e2e delay 16000us, jitter 1600us
	('E1', 'S1'), Operation(15724, None, 15725)(15724, 15724)
	('S1', 'S2'), Operation(15727, 15732, 15733)(15732, 15732)
	('S2', 'S3'), Operation(15735, 15740, 15741)(15740, 15740)
	('S3', 'S4'), Operation(15743, None, 15762)(15743, 15761)
	('S4', 'E4'), Operation(15746, None, 15783)(15746, 15782)
37. Flow F37 [E1-->E2] with period 32000, payload 1088B, e2e delay 32000us, jitter 3200us
	('E1', 'S1'), Operation(14104, None, 14113)(14104, 14104)
	('S1', 'S2'), Operation(14115, None, 14142)(14115, 14133)
	('S2', 'E2'), Operation(14126, None, 14171)(14126, 14162)
38. Flow F38 [E4-->E1] with period 4000, payload 669B, e2e delay 4000us, jitter 400us
	('E4', 'S4'), Operation(3001, None, 3007)(3001, 3001)
	('S4', 'S3'), Operation(3009, None, 3033)(3009, 3027)
	('S3', 'S2'), Operation(3017, None, 3059)(3017, 3053)
	('S2', 'S1'), Operation(3025, None, 3085)(3025, 3079)
	('S1', 'E1'), Operation(3033, 3104, 3110)(3104, 3104)
39. Flow F39 [E5-->E1] with period 16000, payload 1447B, e2e delay 16000us, jitter 1600us
	('E5', 'S5'), Operation(12767, None, 12779)(12767, 12767)
	('S5', 'S4'), Operation(12781, None, 12811)(12781, 12799)
	('S4', 'S3'), Operation(12795, None, 12843)(12795, 12831)
	('S3', 'S2'), Operation(12809, None, 12875)(12809, 12863)
	('S2', 'S1'), Operation(12823, None, 12907)(12823, 12895)
	('S1', 'E1'), Operation(12837, None, 12939)(12837, 12927)
40. Flow F40 [E5-->E4] with period 32000, payload 730B, e2e delay 32000us, jitter 3200us
	('E5', 'S5'), Operation(30632, None, 30638)(30632, 30632)
	('S5', 'S4'), Operation(30640, 30645, 30651)(30645, 30645)
	('S4', 'E4'), Operation(30653, None, 30677)(30653, 30671)
41. Flow F41 [E2-->E5] with period 64000, payload 81B, e2e delay 64000us, jitter 6400us
	('E2', 'S2'), Operation(62441, None, 62442)(62441, 62441)
	('S2', 'S3'), Operation(62444, 62449, 62450)(62449, 62449)
	('S3', 'S4'), Operation(62452, None, 62471)(62452, 62470)
	('S4', 'S5'), Operation(62455, 62483, 62484)(62483, 62483)
	('S5', 'E5'), Operation(62486, None, 62505)(62486, 62504)
42. Flow F42 [E4-->E1] with period 4000, payload 1420B, e2e delay 4000us, jitter 400us
	('E4', 'S4'), Operation(2903, None, 2915)(2903, 2903)
	('S4', 'S3'), Operation(2917, 2928, 2940)(2928, 2928)
	('S3', 'S2'), Operation(2942, None, 2972)(2942, 2960)
	('S2', 'S1'), Operation(2956, 2988, 3000)(2988, 2988)
	('S1', 'E1'), Operation(3002, None, 3032)(3002, 3020)
43. Flow F43 [E5-->E1] with period 4000, payload 818B, e2e delay 4000us, jitter 400us
	('E5', 'S5'), Operation(857, None, 864)(857, 857)
	('S5', 'S4'), Operation(866, None, 891)(866, 884)
	('S4', 'S3'), Operation(875, 913, 920)(913, 913)
	('S3', 'S2'), Operation(922, None, 947)(922, 940)
	('S2', 'S1'), Operation(931, None, 974)(931, 967)
	('S1', 'E1'), Operation(940, None, 1001)(940, 994)
44. Flow F44 [E4-->E2] with period 16000, payload 703B, e2e delay 16000us, jitter 1600us
	('E4', 'S4'), Operation(12855, None, 12861)(12855, 12855)
	('S4', 'S3'), Operation(12863, 12868, 12874)(12868, 12868)
	('S3', 'S2'), Operation(12876, None, 12900)(12876, 12894)
	('S2', 'E2'), Operation(12884, None, 12926)(12884, 12920)
45. Flow F45 [E5-->E3] with period 32000, payload 230B, e2e delay 32000us, jitter 3200us
	('E5', 'S5'), Operation(1059, None, 1061)(1059, 1059)
	('S5', 'S4'), Operation(1063, 1081, 1083)(1081, 1081)
	('S4', 'S3'), Operation(1085, 1092, 1094)(1092, 1092)
	('S3', 'E3'), Operation(1096, 1103, 1105)(1103, 1103)
46. Flow F46 [E4-->E1] with period 16000, payload 127B, e2e delay 16000us, jitter 1600us
	('E4', 'S4'), Operation(14665, None, 14667)(14665, 14665)
	('S4', 'S3'), Operation(14669, 14674, 14676)(14674, 14674)
	('S3', 'S2'), Operation(14678, None, 14698)(14678, 14696)
	('S2', 'S1'), Operation(14682, None, 14720)(14682, 14718)
	('S1', 'E1'), Operation(14686, None, 14742)(14686, 14740)
47. Flow F47 [E1-->E2] with period 2000, payload 124B, e2e delay 2000us, jitter 200us
	('E1', 'S1'), Operation(945, None, 946)(945, 945)
	('S1', 'S2'), Operation(948, 965, 966)(965, 965)
	('S2', 'E2'), Operation(968, 977, 978)(977, 977)
48. Flow F48 [E3-->E5] with period 2000, payload 1331B, e2e delay 2000us, jitter 200us
	('E3', 'S3'), Operation(85, None, 96)(85, 85)
	('S3', 'S4'), Operation(98, None, 127)(98, 116)
	('S4', 'S5'), Operation(111, None, 158)(111, 147)
	('S5', 'E5'), Operation(124, None, 189)(124, 178)
49. Flow F49 [E3-->E4] with period 32000, payload 74B, e2e delay 32000us, jitter 3200us
	('E3', 'S3'), Operation(30198, None, 30199)(30198, 30198)
	('S3', 'S4'), Operation(30201, None, 30220)(30201, 30219)
	('S4', 'E4'), Operation(30204, None, 30241)(30204, 30240)
50. Flow F50 [E5-->E2] with period 128000, payload 80B, e2e delay 128000us, jitter 12800us
	('E5', 'S5'), Operation(106772, None, 106773)(106772, 106772)
	('S5', 'S4'), Operation(106775, 106792, 106793)(106792, 106792)
	('S4', 'S3'), Operation(106795, 106800, 106801)(106800, 106800)
	('S3', 'S2'), Operation(106803, 106808, 106809)(106808, 106808)
	('S2', 'E2'), Operation(106811, 106816, 106817)(106816, 106816)
51. Flow F51 [E2-->E5] with period 64000, payload 1424B, e2e delay 64000us, jitter 6400us
	('E2', 'S2'), Operation(62176, None, 62188)(62176, 62176)
	('S2', 'S3'), Operation(62190, 62207, 62219)(62207, 62207)
	('S3', 'S4'), Operation(62221, None, 62251)(62221, 62239)
	('S4', 'S5'), Operation(62235, 62271, 62283)(62271, 62271)
	('S5', 'E5'), Operation(62285, None, 62315)(62285, 62303)
52. Flow F52 [E3-->E4] with period 2000, payload 688B, e2e delay 2000us, jitter 200us
	('E3', 'S3'), Operation(65, None, 71)(65, 65)
	('S3', 'S4'), Operation(73, 91, 97)(91, 91)
	('S4', 'E4'), Operation(99, None, 123)(99, 117)
53. Flow F53 [E2-->E5] with period 16000, payload 1317B, e2e delay 16000us, jitter 1600us
	('E2', 'S2'), Operation(14350, None, 14361)(14350, 14350)
	('S2', 'S3'), Operation(14363, None, 14392)(14363, 14381)
	('S3', 'S4'), Operation(14376, None, 14423)(14376, 14412)
	('S4', 'S5'), Operation(14389, None, 14454)(14389, 14443)
	('S5', 'E5'), Operation(14402, None, 14485)(14402, 14474)
54. Flow F54 [E5-->E2] with period 8000, payload 552B, e2e delay 8000us, jitter 800us
	('E5', 'S5'), Operation(6874, None, 6879)(6874, 6874)
	('S5', 'S4'), Operation(6881, None, 6904)(6881, 6899)
	('S4', 'S3'), Operation(6888, 6911, 6916)(6911, 6911)
	('S3', 'S2'), Operation(6918, None, 6941)(6918, 6936)
	('S2', 'E2'), Operation(6925, 6962, 6967)(6962, 6962)
55. Flow F55 [E1-->E3] with period 32000, payload 1011B, e2e delay 32000us, jitter 3200us
	('E1', 'S1'), Operation(30354, None, 30363)(30354, 30354)
	('S1', 'S2'), Operation(30365, 30382, 30391)(30382, 30382)
	('S2', 'S3'), Operation(30393, 30398, 30407)(30398, 30398)
	('S3', 'E3'), Operation(30409, 30426, 30435)(30426, 30426)
56. Flow F56 [E4-->E3] with period 2000, payload 1146B, e2e delay 2000us, jitter 200us
	('E4', 'S4'), Operation(754, None, 764)(754, 754)
	('S4', 'S3'), Operation(766, None, 794)(766, 784)
	('S3', 'E3'), Operation(778, 801, 811)(801, 801)
57. Flow F57 [E2-->E4] with period 32000, payload 1179B, e2e delay 32000us, jitter 3200us
	('E2', 'S2'), Operation(30211, None, 30221)(30211, 30211)
	('S2', 'S3'), Operation(30223, 30240, 30250)(30240, 30240)
	('S3', 'S4'), Operation(30252, None, 30280)(30252, 30270)
	('S4', 'E4'), Operation(30264, 30287, 30297)(30287, 30287)
58. Flow F58 [E4-->E5] with period 16000, payload 589B, e2e delay 16000us, jitter 1600us
	('E4', 'S4'), Operation(14302, None, 14307)(14302, 14302)
	('S4', 'S5'), Operation(14309, None, 14332)(14309, 14327)
	('S5', 'E5'), Operation(14316, None, 14357)(14316, 14352)
59. Flow F59 [E5-->E3] with period 64000, payload 383B, e2e delay 64000us, jitter 6400us
	('E5', 'S5'), Operation(1078, None, 1082)(1078, 1078)
	('S5', 'S4'), Operation(1084, 1089, 1093)(1089, 1089)
	('S4', 'S3'), Operation(1095, 1100, 1104)(1100, 1100)
	('S3', 'E3'), Operation(1106, 1111, 1115)(1111, 1111)

SMT variables: 
	F26_('S5', 'S4')_gc: True
	F27_('S5', 'S4')_rr: 0
	F0_('S2', 'S1')_rr: 8
	F54_jitter: 0
	F32_jitter: 18
	F49_('E3', 'S3')_t4_min: 30198
	F42_('S3', 'S2')_t5_max: 2972
	F27_('E5', 'S5')_rr: 0
	F9_('S2', 'E2')_t3_min: 6803
	F38_('S2', 'S1')_t4_max: 3079
	F27_('S3', 'S2')_gc: True
	F50_('S2', 'E2')_gc: True
	F52_('S3', 'S4')_gc: True
	F7_queue_index: 0
	('S4', 'S3')_gcl_cycle: 128000
	F38_('E4', 'S4')_rr: 0
	F57_('S3', 'S4')_gc: False
	F3_('S3', 'E3')_gc: False
	F2_('S1', 'S2')_t4_min: 2397
	F2_('E1', 'S1')_tb: 2379
	F1_('S3', 'S2')_t3_min: 6887
	F43_('S3', 'S2')_gc: False
	F54_('S5', 'S4')_t4_min: 6881
	F10_('S2', 'E2')_t4_max: 24811
	F27_('E5', 'S5')_t3_min: 14961
	F49_('E3', 'S3')_gc: False
	F46_('E4', 'S4')_rr: 0
	F36_('S2', 'S3')_gc: True
	F43_('S5', 'S4')_gc: False
	F46_('S4', 'S3')_rr: 8
	F22_queue_index: 0
	F16_('S2', 'S3')_t4_max: 2528
	F34_('S2', 'S1')_t4_min: 62235
	F2_('S1', 'S2')_t3_max: 2397
	F26_('S4', 'S3')_t4_max: 19097
	F44_('S2', 'E2')_t4_min: 12884
	F7_('E4', 'S4')_rr: 0
	F19_('E5', 'S5')_t3_max: 996
	F22_('S3', 'E3')_rr: 16
	F7_('S4', 'S3')_rr: 0
	F51_('S4', 'S5')_rr: 1
	F48_('S4', 'S5')_t4_max: 147
	F2_('E1', 'S1')_rr: 0
	F57_('S2', 'S3')_gc: True
	F25_('S2', 'S1')_t4_max: 1197
	F9_('S3', 'S2')_t4_min: 6799
	F18_('S4', 'S3')_t4_max: 1146
	F44_('E4', 'S4')_gc: False
	F39_('S2', 'S1')_rr: 0
	F40_('S4', 'E4')_t4_min: 30653
	F29_('S4', 'S5')_t4_max: 6553
	F41_('S2', 'S3')_t3_max: 62449
	F2_('E1', 'S1')_t5_min: 2390
	F32_('E5', 'S5')_t5_min: 20976
	F10_('S3', 'S2')_t4_min: 24784
	F7_('E4', 'S4')_t3_max: 6797
	F44_('S4', 'S3')_rr: 8
	F8_('S4', 'E4')_t4_min: 60074
	F51_('S2', 'S3')_t4_max: 62207
	F18_('S5', 'S4')_t5_min: 1108
	F54_queue_index: 0
	F0_('E2', 'S2')_rr: 0
	F43_('S2', 'S1')_t5_max: 974
	F32_('S5', 'S4')_t4_min: 20978
	F58_('E4', 'S4')_gc: False
	F12_('S3', 'S4')_gc: False
	F31_('S1', 'E1')_t4_max: 2232
	F42_('E4', 'S4')_t3_max: 2890
	F59_('S5', 'S4')_gc: True
	F1_jitter: 0
	F8_('S2', 'S3')_t4_max: 60063
	F12_('S3', 'S4')_t4_min: 9
	F13_jitter: 90
	F13_('S3', 'S4')_t4_min: 63872
	F20_('S4', 'S5')_t4_max: 19960
	F23_('S1', 'E1')_t4_min: 3111
	F15_jitter: 36
	F25_('S4', 'S3')_t4_max: 1169
	F4_('E5', 'S5')_t5_min: 6610
	F54_('S4', 'S3')_t4_max: 6911
	F4_('S5', 'S4')_rr: 0
	F18_('S3', 'E3')_gc: True
	F34_('S1', 'E1')_rr: 0
	F20_('S2', 'S3')_t4_max: 19904
	F26_('S2', 'E2')_t4_min: 19159
	F51_('S2', 'S3')_t4_min: 62207
	F20_('S1', 'S2')_gc: False
	F10_('S2', 'E2')_gc: False
	F44_('S2', 'E2')_rr: 0
	F22_('S3', 'E3')_t4_min: 2772
	F36_('S2', 'S3')_t4_min: 15740
	F54_('S2', 'E2')_t4_min: 6962
	F20_('S2', 'S3')_t3_min: 19868
	F6_queue_index: 0
	F51_('S5', 'E5')_rr: 0
	F7_('E4', 'S4')_gc: False
	F45_('S5', 'S4')_gc: True
	F43_('S1', 'E1')_t4_min: 940
	F48_jitter: 54
	F41_('S2', 'S3')_t4_max: 62449
	F53_('S5', 'E5')_t4_min: 14402
	F41_('S5', 'E5')_t3_min: 62486
	F11_('S2', 'S3')_rr: 16
	F42_('S3', 'S2')_rr: 0
	F0_('S2', 'S1')_t3_max: 2726
	F28_('E3', 'S3')_gc: False
	F12_('E2', 'S2')_gc: False
	F32_('E5', 'S5')_t3_max: 20951
	F35_('E4', 'S4')_rr: 0
	F42_('S4', 'S3')_rr: 32
	F54_('E5', 'S5')_t3_max: 6861
	F21_('E1', 'S1')_gc: False
	F46_('S3', 'S2')_gc: False
	F25_('S1', 'E1')_t4_min: 1206
	F6_('S3', 'S4')_t5_min: 3782
	('E2', 'S2')_gcl_cycle: 1
	F7_('S2', 'S1')_t4_min: 6852
	F31_('S1', 'E1')_t3_min: 2214
	F2_('S2', 'E2')_rr: 0
	('S2', 'E2')_gcl_cycle: 128000
	F16_('E2', 'S2')_gc: False
	F5_('S3', 'E3')_rr: 0
	F24_('E1', 'S1')_rr: 0
	F48_('S3', 'S4')_t3_max: 103
	F57_('S3', 'S4')_t4_min: 30252
	F41_('S3', 'S4')_t4_min: 62452
	F11_('S2', 'S3')_t4_max: 2172
	F11_('E1', 'S1')_t4_min: 2137
	F24_('E1', 'S1')_t5_min: 5012
	F11_('S2', 'S3')_t4_min: 2172
	F43_('S4', 'S3')_t4_min: 913
	F35_('S1', 'E1')_gc: False
	F45_('S5', 'S4')_t3_max: 1068
	F6_('E3', 'S3')_t3_max: 3755
	F42_('S4', 'S3')_t3_min: 2917
	F45_('S3', 'E3')_gc: True
	F8_('E1', 'S1')_rr: 0
	F37_('S2', 'E2')_rr: 0
	F57_('S3', 'S4')_t3_min: 30252
	F52_jitter: 18
	('S3', 'E3')_gcl_cycle: 64000
	F39_('S1', 'E1')_t4_max: 12927
	F13_('S1', 'S2')_t4_min: 63846
	F41_('S5', 'E5')_t5_min: 62487
	F11_('S1', 'S2')_rr: 0
	F9_('S3', 'S2')_t4_max: 6835
	F5_('S2', 'S3')_gc: False
	F59_('S4', 'S3')_t4_max: 1100
	F12_('S3', 'S4')_t3_min: 9
	F21_('S2', 'S3')_t3_min: 3788
	F25_('S2', 'S1')_rr: 16
	F30_('S4', 'S3')_rr: 8
	F46_('S2', 'S1')_gc: False
	F38_('S4', 'S3')_gc: False
	F11_('S1', 'S2')_gc: False
	F3_('S2', 'S3')_t4_min: 2553
	F28_jitter: 18
	F53_('S3', 'S4')_t4_max: 14412
	F38_('S4', 'S3')_t4_min: 3009
	F22_('E2', 'S2')_t5_min: 2725
	F13_('S4', 'S5')_rr: 0
	F27_('E5', 'S5')_gc: False
	F22_('E2', 'S2')_gc: False
	F31_('S2', 'S1')_rr: 8
	F48_('S3', 'S4')_gc: False
	F38_('S4', 'S3')_t3_max: 3014
	F14_('S1', 'S2')_t4_min: 44967
	F13_('S4', 'S5')_t4_max: 63957
	F14_('E1', 'S1')_t3_max: 44942
	F49_('S3', 'S4')_rr: 0
	F20_('S3', 'S4')_t5_min: 19886
	F13_('E1', 'S1')_gc: False
	F20_('S4', 'S5')_tb: 19888
	F16_('S2', 'S3')_gc: True
	F59_('S5', 'S4')_rr: 2
	F6_('S4', 'E4')_rr: 0
	F4_('S5', 'S4')_tb: 6612
	F26_('S2', 'E2')_t5_max: 19171
	F10_('E4', 'S4')_rr: 0
	F53_('S4', 'S5')_t4_min: 14389
	F27_('S2', 'E2')_rr: 0
	F33_('S3', 'E3')_gc: False
	F43_('S4', 'S3')_gc: True
	F45_('S5', 'S4')_rr: 4
	F29_('E2', 'S2')_t3_max: 6465
	F47_('S2', 'E2')_t4_min: 977
	F18_('E5', 'S5')_gc: False
	F4_('E5', 'S5')_t3_max: 6588
	F41_('S3', 'S4')_gc: False
	F0_('S1', 'E1')_rr: 0
	F9_('S3', 'S2')_rr: 0
	F55_('S2', 'S3')_rr: 2
	F46_('S1', 'E1')_gc: False
	F41_('S2', 'S3')_gc: True
	F5_('S2', 'S3')_t5_min: 58810
	F14_('S1', 'S2')_t4_max: 44985
	F41_('S2', 'S3')_rr: 1
	F48_('S3', 'S4')_rr: 0
	F3_('E1', 'S1')_rr: 0
	F23_('S2', 'S1')_gc: True
	F19_('S2', 'E2')_gc: False
	F9_('S2', 'E2')_t4_min: 6844
	F28_('S3', 'S4')_t4_min: 126539
	F54_('S3', 'S2')_t4_min: 6918
	F57_('S2', 'S3')_t5_max: 30250
	F57_('E2', 'S2')_t3_max: 30198
	F41_('S5', 'E5')_t5_max: 62505
	F31_('S2', 'S1')_gc: True
	F52_('S3', 'S4')_t4_min: 91
	F36_('S1', 'S2')_t3_max: 15732
	F20_('S3', 'S4')_tb: 19878
	F30_('S2', 'S1')_t5_min: 5058
	F3_('E1', 'S1')_t3_max: 2512
	F18_('S3', 'E3')_rr: 32
	F32_('S3', 'E3')_gc: False
	F29_('S3', 'S4')_gc: False
	F58_jitter: 36
	F49_queue_index: 0
	F40_('S4', 'E4')_t5_max: 30677
	F29_('S4', 'S5')_rr: 0
	F33_('S3', 'E3')_rr: 0
	F59_('E5', 'S5')_t3_min: 1078
	F30_('E4', 'S4')_rr: 0
	F59_('E5', 'S5')_rr: 0
	F38_queue_index: 0
	F27_('S3', 'S2')_rr: 8
	F4_('S5', 'S4')_t4_max: 6630
	F23_queue_index: 0
	F54_('S5', 'S4')_t3_max: 6886
	F0_('S1', 'E1')_gc: False
	F35_('S4', 'S3')_t3_max: 24800
	F38_('S4', 'S3')_t4_max: 3027
	F53_jitter: 72
	('E1', 'S1')_gcl_cycle: 1
	F4_('S5', 'S4')_t5_max: 6639
	F46_('S2', 'S1')_t4_max: 14718
	F11_('E1', 'S1')_gc: False
	F20_('S3', 'S4')_t4_min: 19878
	F29_('S2', 'S3')_t5_min: 6490
	F18_jitter: 0
	F15_('S2', 'E2')_t4_min: 13073
	F4_('E5', 'S5')_rr: 0
	F11_('E1', 'S1')_t3_max: 2124
	('S1', 'S2')_gcl_cycle: 64000
	F13_('S2', 'S3')_rr: 0
	F4_('S4', 'S3')_gc: False
	F25_('S3', 'S2')_t4_max: 1183
	F10_('S4', 'S3')_gc: True
	F58_('S5', 'E5')_rr: 0
	F41_('E2', 'S2')_t3_max: 62428
	F43_('E5', 'S5')_t3_max: 844
	F11_('S3', 'S4')_t4_min: 2178
	F18_('S3', 'E3')_t4_min: 1169
	F55_('S2', 'S3')_gc: True
	F54_('S5', 'S4')_gc: False
	F7_('S3', 'S2')_t4_min: 6838
	F25_('S5', 'S4')_t3_max: 1132
	F54_('E5', 'S5')_rr: 0
	F21_jitter: 18
	F12_('S3', 'S4')_rr: 0
	F30_('S4', 'S3')_gc: True
	F12_('S4', 'S5')_gc: False
	F27_('S5', 'S4')_t3_max: 14970
	F5_('S3', 'E3')_gc: False
	F4_('S5', 'S4')_gc: False
	F55_('S1', 'S2')_t5_min: 30391
	F19_('S3', 'S2')_t4_min: 1103
	F12_('S2', 'S3')_rr: 0
	F21_('S1', 'S2')_t4_min: 3775
	F58_('S4', 'S5')_t4_max: 14327
	F14_('S1', 'S2')_rr: 0
	F20_('S5', 'E5')_t4_min: 19898
	F11_queue_index: 0
	F16_('S2', 'S3')_t5_min: 2537
	F3_('S3', 'E3')_tb: 2567
	F31_('S2', 'S1')_t4_max: 2204
	F50_jitter: 0
	F55_('S3', 'E3')_rr: 2
	F56_('E4', 'S4')_t5_min: 764
	F9_('S3', 'S2')_gc: False
	F25_('E5', 'S5')_gc: False
	F8_('S2', 'S3')_t5_max: 60064
	F23_('S3', 'S2')_t4_max: 3078
	F15_queue_index: 0
	F24_('E1', 'S1')_t3_max: 4989
	F32_('E5', 'S5')_gc: False
	F26_jitter: 0
	F29_('S3', 'S4')_t4_max: 6528
	F4_('E5', 'S5')_t4_max: 6601
	F50_('S2', 'E2')_t4_min: 106816
	F7_('S1', 'E1')_rr: 0
	F50_('S2', 'E2')_rr: 1
	F15_('S1', 'S2')_t3_max: 13069
	('S1', 'E1')_gcl_cycle: 4000
	F4_('S5', 'S4')_t4_min: 6612
	F19_('S5', 'S4')_t3_max: 1028
	F11_('S4', 'S5')_t3_max: 2207
	F11_('S4', 'S5')_rr: 0
	F49_('E3', 'S3')_rr: 0
	F26_('S5', 'S4')_t3_max: 19066
	F27_('S2', 'E2')_gc: False
	F12_('S2', 'S3')_gc: False
	F12_queue_index: 0
	F30_jitter: 54
	F23_('S4', 'S3')_t4_max: 3053
	F4_('S5', 'S4')_t3_max: 6617
	F28_('S4', 'E4')_rr: 0
	F50_('S5', 'S4')_t4_max: 106792
	F28_('S3', 'S4')_t4_max: 126539
	F34_('S2', 'S1')_tb: 62235
	F51_('S3', 'S4')_t3_min: 62221
	F9_('E5', 'S5')_t3_max: 6769
	F14_('S2', 'E2')_rr: 0
	F1_('E3', 'S3')_gc: False
	F20_jitter: 90
	F34_('E2', 'S2')_t3_max: 62216
	F52_('S4', 'E4')_gc: False
	F10_jitter: 18
	F18_('S5', 'S4')_t4_min: 1104
	F58_('S4', 'S5')_gc: False
	F30_('S4', 'S3')_t4_min: 5033
	F41_('S4', 'S5')_t4_min: 62483
	F51_('S3', 'S4')_t4_min: 62221
	F19_('S2', 'E2')_rr: 0
	F47_jitter: 0
	F33_('S2', 'S3')_rr: 0
	F49_('S3', 'S4')_t3_max: 30206
	F30_('S2', 'S1')_gc: False
	F7_('S2', 'S1')_gc: False
	F44_('S3', 'S2')_t4_min: 12876
	F19_('S4', 'S3')_gc: False
	F39_jitter: 90
	F56_('S3', 'E3')_gc: True
	F23_('S1', 'E1')_rr: 0
	F6_('E3', 'S3')_tb: 3768
	F23_('S2', 'S1')_t4_max: 3103
	F44_('E4', 'S4')_t5_max: 12861
	F43_('S2', 'S1')_gc: False
	F20_('S5', 'E5')_rr: 0
	F29_jitter: 72
	F22_('S2', 'S3')_gc: True
	F11_('S4', 'S5')_t4_min: 2184
	F4_('S4', 'S3')_rr: 0
	F51_('S4', 'S5')_t4_min: 62271
	F39_('S2', 'S1')_gc: False
	F32_('E5', 'S5')_rr: 0
	F33_queue_index: 0
	F11_('S5', 'E5')_rr: 0
	F24_('S1', 'S2')_gc: False
	F9_jitter: 0
	F43_('S1', 'E1')_gc: False
	F22_('S2', 'S3')_t4_max: 2746
	F30_('S1', 'E1')_t4_min: 5060
	F23_('E4', 'S4')_tb: 3028
	F26_('E5', 'S5')_gc: False
	F17_('E4', 'S4')_t3_max: 30327
	F25_('E5', 'S5')_t3_max: 1105
	F48_('S5', 'E5')_rr: 0
	F51_('S3', 'S4')_rr: 0
	F53_('S5', 'E5')_gc: False
	F29_('S3', 'S4')_t4_min: 6492
	F53_('S5', 'E5')_rr: 0
	F9_('E5', 'S5')_gc: False
	F18_('S3', 'E3')_t3_min: 1116
	F0_queue_index: 0
	F16_queue_index: 0
	F0_('E2', 'S2')_t3_max: 2697
	F34_('S2', 'S1')_t4_max: 62253
	F50_('S5', 'S4')_rr: 1
	F8_('S1', 'S2')_t4_min: 60042
	F20_('E1', 'S1')_rr: 0
	F7_('S4', 'S3')_gc: False
	F20_('S3', 'S4')_t4_max: 19932
	F51_('S4', 'S5')_t4_max: 62271
	F29_('S5', 'E5')_t4_min: 6506
	F30_('E4', 'S4')_tb: 5019
	F10_('S2', 'E2')_rr: 0
	F35_('S3', 'S2')_t4_min: 24799
	F54_('S3', 'S2')_t5_min: 6923
	F21_('E1', 'S1')_rr: 0
	F35_('S1', 'E1')_rr: 0
	F56_('S4', 'S3')_t3_max: 771
	F23_('S1', 'E1')_t3_max: 3116
	F47_('S1', 'S2')_tb: 965
	F1_('S2', 'E2')_rr: 4
	F39_('S1', 'E1')_gc: False
	F45_('S5', 'S4')_t4_max: 1081
	F55_('E1', 'S1')_rr: 0
	F19_('S3', 'S2')_t4_max: 1103
	F15_('S1', 'S2')_t5_min: 13071
	F25_('S5', 'S4')_gc: True
	F54_('E5', 'S5')_tb: 6874
	F5_('E2', 'S2')_rr: 0
	F54_('S2', 'E2')_rr: 16
	F12_('S4', 'S5')_t3_min: 13
	F32_('S5', 'S4')_t3_max: 20983
	F16_('S3', 'E3')_t3_min: 2539
	F43_('S2', 'S1')_t4_min: 931
	F39_('S3', 'S2')_rr: 0
	F22_('S2', 'S3')_t4_min: 2746
	F46_('S4', 'S3')_t3_max: 14674
	F3_('S3', 'E3')_t3_min: 2567
	('E3', 'S3')_gcl_cycle: 1
	F43_('S2', 'S1')_t4_max: 967
	F45_('S3', 'E3')_rr: 2
	F54_('S3', 'S2')_rr: 0
	F20_('S1', 'S2')_rr: 0
	F24_jitter: 36
	F16_('S3', 'E3')_t4_min: 2539
	F52_('S3', 'S4')_rr: 64
	F9_('S4', 'S3')_t4_min: 6795
	F38_('S1', 'E1')_t4_min: 3104
	F59_jitter: 0
	F56_('E4', 'S4')_gc: False
	F31_('S2', 'S1')_t3_max: 2204
	F40_('S5', 'S4')_t4_max: 30645
	F42_('S1', 'E1')_t4_min: 3002
	F53_('S2', 'S3')_t4_max: 14381
	F15_('S1', 'S2')_t4_min: 13064
	F46_('S4', 'S3')_t4_max: 14674
	F32_('S5', 'S4')_gc: False
	F56_jitter: 0
	F22_('S2', 'S3')_t5_min: 2751
	F19_('S2', 'E2')_t3_max: 1122
	F5_('S3', 'E3')_t3_min: 58812
	F42_jitter: 18
	F25_('E5', 'S5')_t5_min: 1125
	F35_('S2', 'S1')_t4_max: 24857
	F10_('E4', 'S4')_t4_max: 24744
	F31_('E2', 'S2')_rr: 0
	F7_jitter: 72
	F0_('S1', 'E1')_t5_min: 2758
	F33_('E2', 'S2')_t3_max: 126437
	F39_('S1', 'E1')_rr: 0
	F36_('S4', 'E4')_gc: False
	F42_queue_index: 0
	F25_('S2', 'S1')_t3_min: 1192
	F2_queue_index: 0
	('S2', 'S1')_gcl_cycle: 32000
	F40_('E5', 'S5')_rr: 0
	F35_('S2', 'S1')_t5_min: 24805
	F50_('E5', 'S5')_t3_max: 106759
	F50_('S3', 'S2')_rr: 1
	F43_('E5', 'S5')_t4_max: 857
	F55_('E1', 'S1')_t3_max: 30341
	F43_('S5', 'S4')_t4_max: 884
	F31_('E2', 'S2')_t4_min: 2189
	F58_('E4', 'S4')_t3_max: 14289
	F41_('S5', 'E5')_rr: 0
	F30_('S4', 'S3')_t3_max: 5033
	F21_('S1', 'S2')_rr: 16
	F14_('S2', 'E2')_gc: False
	F44_('S2', 'E2')_gc: False
	F13_('S3', 'S4')_gc: False
	F29_('S2', 'S3')_t3_max: 6490
	F33_('S2', 'S3')_t3_max: 126464
	F39_('S5', 'S4')_t4_min: 12781
	F36_('S3', 'S4')_t3_min: 15743
	F34_jitter: 36
	F38_('S1', 'E1')_t5_min: 3110
	F7_('E4', 'S4')_t4_min: 6810
	F39_('S5', 'S4')_t3_max: 12786
	F26_('S4', 'S3')_gc: True
	F47_('S2', 'E2')_t5_min: 978
	F17_('S5', 'E5')_t4_min: 30358
	F52_('S4', 'E4')_t5_max: 123
	F43_('S5', 'S4')_t4_min: 866
	F44_('S2', 'E2')_t3_max: 12907
	F59_('S4', 'S3')_tb: 1100
	F11_('E1', 'S1')_rr: 0
	F35_('S4', 'S3')_gc: False
	F41_('S4', 'S5')_t4_max: 62483
	F58_('S5', 'E5')_t4_min: 14316
	F33_('S2', 'S3')_t4_min: 126459
	F45_('S5', 'S4')_t4_min: 1081
	F59_queue_index: 0
	F21_('S5', 'E5')_gc: False
	F24_('S2', 'E2')_gc: False
	F51_('S5', 'E5')_t5_max: 62315
	F11_('S4', 'S5')_t4_max: 2220
	F59_('S5', 'S4')_t3_max: 1089
	F41_('S5', 'E5')_t3_max: 62491
	F1_('E3', 'S3')_rr: 0
	F55_('S3', 'E3')_t4_min: 30426
	F47_('S2', 'E2')_gc: True
	F25_jitter: 18
	F20_('S1', 'S2')_t4_max: 19876
	F40_('S5', 'S4')_t5_max: 30651
	F41_('S3', 'S4')_rr: 0
	F21_queue_index: 0
	F59_('S3', 'E3')_t4_min: 1111
	F0_('S2', 'S1')_t4_min: 2738
	F12_('S2', 'S3')_t3_max: 10
	F54_('S3', 'S2')_t3_max: 6923
	F30_('S1', 'E1')_tb: 5060
	F36_('S2', 'S3')_t4_max: 15740
	F1_('S3', 'S2')_gc: False
	F10_('S4', 'S3')_t4_max: 24758
	F7_('S1', 'E1')_gc: False
	F19_('S5', 'S4')_gc: True
	F15_('S1', 'S2')_gc: False
	F23_('S4', 'S3')_t3_max: 3041
	F58_('S5', 'E5')_t4_max: 14352
	F21_('S4', 'S5')_t4_max: 3855
	F30_('S2', 'S1')_t4_max: 5087
	F35_('S2', 'S1')_t4_min: 24803
	F23_('S3', 'S2')_gc: True
	F32_('E5', 'S5')_t4_max: 20964
	F35_jitter: 72
	F16_('E2', 'S2')_t3_max: 2485
	F35_('E4', 'S4')_t3_max: 24778
	F38_('S4', 'S3')_rr: 0
	F59_('E5', 'S5')_gc: False
	F6_('E3', 'S3')_rr: 0
	F53_('E2', 'S2')_t3_max: 14337
	F28_('S4', 'E4')_gc: False
	F14_jitter: 36
	F13_('S2', 'S3')_t4_max: 63895
	F17_('E4', 'S4')_gc: False
	F44_('E4', 'S4')_t3_min: 12855
	F34_('S2', 'S1')_t3_max: 62240
	F6_('E3', 'S3')_t4_min: 3768
	F18_('S3', 'E3')_t3_max: 1157
	F4_('S4', 'S3')_t4_max: 6659
	F10_('E4', 'S4')_gc: False
	F59_('S4', 'S3')_gc: True
	F30_('S3', 'S2')_t4_min: 5042
	F30_('S2', 'S1')_t5_max: 5094
	F37_('S2', 'E2')_t4_min: 14126
	F38_('S3', 'S2')_t4_max: 3053
	F19_('S3', 'S2')_rr: 32
	F16_('S3', 'E3')_rr: 0
	F51_queue_index: 0
	F30_('S3', 'S2')_gc: False
	F55_('S1', 'S2')_t4_max: 30382
	F5_('S2', 'S3')_t5_max: 58828
	F35_('S2', 'S1')_gc: False
	F38_jitter: 0
	F54_('S4', 'S3')_gc: True
	F38_('E4', 'S4')_gc: False
	F46_('S3', 'S2')_t4_min: 14678
	F39_('S3', 'S2')_t4_max: 12863
	F36_('S3', 'S4')_t5_max: 15762
	F30_('S1', 'E1')_gc: False
	('E4', 'S4')_gcl_cycle: 1
	F7_('S3', 'S2')_rr: 0
	F52_('S4', 'E4')_rr: 0
	F36_('S4', 'E4')_t4_max: 15782
	F22_('S2', 'S3')_rr: 16
	F31_('S1', 'E1')_t4_min: 2214
	F4_('E5', 'S5')_gc: False
	F1_('S3', 'S2')_t4_min: 6887
	F52_('S4', 'E4')_t4_min: 99
	F45_('E5', 'S5')_t3_max: 1046
	F34_('E2', 'S2')_rr: 0
	F32_('S3', 'E3')_t4_min: 21029
	F25_('S4', 'S3')_t4_min: 1151
	F46_('S4', 'S3')_t4_min: 14674
	F55_('S3', 'E3')_t3_max: 30414
	F8_('S4', 'E4')_rr: 0
	F3_jitter: 54
	F27_queue_index: 0
	F21_('S1', 'S2')_t4_max: 3775
	F19_('S3', 'S2')_gc: True
	F1_('S2', 'E2')_t4_min: 6918
	F21_('S5', 'E5')_t4_min: 3868
	F0_('E2', 'S2')_gc: False
	F57_('S2', 'S3')_t4_min: 30240
	F36_('S4', 'E4')_t4_min: 15746
	F39_('S2', 'S1')_t3_max: 12882
	F15_('E1', 'S1')_t3_max: 13042
	F11_('S1', 'S2')_t3_max: 2148
	F32_('S5', 'S4')_t4_max: 20996
	F37_('S2', 'E2')_gc: False
	F12_jitter: 72
	F13_('S2', 'S3')_gc: False
	F48_('S4', 'S5')_gc: False
	F57_jitter: 0
	F16_('S2', 'S3')_t3_min: 2509
	F48_('E3', 'S3')_t5_max: 96
	F15_('S1', 'S2')_t4_max: 13082
	F32_('S4', 'S3')_rr: 4
	F47_('S1', 'S2')_rr: 32
	F17_queue_index: 0
	F51_('E2', 'S2')_gc: False
	F8_('S1', 'S2')_t4_max: 60042
	F34_('S1', 'E1')_t4_min: 62241
	F15_('E1', 'S1')_gc: False
	F53_('S4', 'S5')_gc: False
	F8_queue_index: 0
	F12_('S4', 'S5')_rr: 0
	F55_('S1', 'S2')_gc: True
	F50_('S4', 'S3')_t4_max: 106800
	F13_('S4', 'S5')_tb: 63885
	F29_('S5', 'E5')_gc: False
	F34_('S2', 'S1')_gc: False
	F55_('S3', 'E3')_gc: True
	F25_('S2', 'S1')_gc: True
	F27_('S4', 'S3')_gc: False
	F42_('S2', 'S1')_t4_max: 2988
	F5_('E2', 'S2')_gc: False
	F50_('S5', 'S4')_t4_min: 106792
	F2_('S1', 'S2')_t5_max: 2408
	F23_('S3', 'S2')_t4_min: 3078
	F8_('S3', 'S4')_rr: 2
	F42_('S4', 'S3')_t4_min: 2928
	F43_jitter: 54
	('S3', 'S2')_gcl_cycle: 128000
	F49_('E3', 'S3')_t3_max: 30185
	F2_('S2', 'E2')_t4_min: 2410
	F23_jitter: 18
	F12_('S3', 'S4')_t4_max: 45
	F19_('E5', 'S5')_t5_min: 1021
	F28_('S3', 'S4')_t3_max: 126539
	F10_('S3', 'S2')_rr: 4
	F45_('E5', 'S5')_rr: 0
	F29_('E2', 'S2')_gc: False
	F39_('S3', 'S2')_t4_min: 12809
	F20_('S5', 'E5')_t3_min: 19898
	F40_('E5', 'S5')_gc: False
	F8_('E1', 'S1')_t3_max: 60009
	F6_('E3', 'S3')_gc: False
	F51_('E2', 'S2')_t4_min: 62176
	F21_('S4', 'S5')_rr: 16
	F37_('E1', 'S1')_t3_max: 14091
	F35_('S1', 'E1')_t4_min: 24807
	F37_('S1', 'S2')_gc: False
	F31_('S1', 'E1')_gc: False
	F55_('E1', 'S1')_gc: False
	F37_queue_index: 0
	F31_queue_index: 0
	F19_('S5', 'S4')_t4_max: 1040
	F16_('S3', 'E3')_t5_max: 2566
	F9_('S5', 'S4')_rr: 16
	F25_('S4', 'S3')_gc: False
	F19_jitter: 18
	F52_('E3', 'S3')_rr: 0
	F47_('S1', 'S2')_gc: True
	F3_('S1', 'S2')_t4_min: 2539
	F4_('S4', 'S3')_t4_min: 6623
	F36_('E1', 'S1')_rr: 0
	F23_('S3', 'S2')_rr: 4
	F41_('S4', 'S5')_gc: True
	F37_('S1', 'S2')_t4_max: 14133
	F37_('E1', 'S1')_rr: 0
	F28_('S3', 'S4')_rr: 1
	F43_('E5', 'S5')_rr: 0
	F37_('E1', 'S1')_gc: False
	F2_('S1', 'S2')_t5_min: 2408
	F13_('S1', 'S2')_t3_max: 63851
	F36_('S3', 'S4')_gc: False
	F16_('S2', 'S3')_t4_min: 2528
	F28_('S4', 'E4')_t4_min: 126546
	F53_('S3', 'S4')_t4_min: 14376
	F8_('S2', 'S3')_t4_min: 60045
	F35_('S3', 'S2')_gc: False
	F12_('S4', 'S5')_t4_max: 67
	F50_('S2', 'E2')_tb: 106816
	F4_('S3', 'E3')_t3_max: 6675
	('S4', 'E4')_gcl_cycle: 32000
	F48_('E3', 'S3')_rr: 0
	F53_('E2', 'S2')_rr: 0
	F53_('S2', 'S3')_rr: 0
	F27_('E5', 'S5')_t4_min: 14961
	F23_('E4', 'S4')_t3_max: 3015
	F11_('S5', 'E5')_gc: False
	F46_('S3', 'S2')_t3_max: 14683
	F30_('S2', 'S1')_t4_min: 5051
	F43_('S3', 'S2')_t4_max: 940
	F55_queue_index: 0
	F22_('E2', 'S2')_rr: 0
	F49_('S4', 'E4')_tb: 30204
	F18_('S5', 'S4')_rr: 0
	F0_('S1', 'E1')_t4_min: 2749
	F25_('S4', 'S3')_rr: 0
	F26_('E5', 'S5')_rr: 0
	F45_('S4', 'S3')_gc: True
	F35_queue_index: 0
	F29_('S2', 'S3')_t4_min: 6485
	F21_('S2', 'S3')_gc: False
	('S2', 'S3')_gcl_cycle: 64000
	F13_('S5', 'E5')_rr: 0
	F23_('S2', 'S1')_tb: 3103
	F27_('S5', 'S4')_t4_min: 14965
	F58_queue_index: 0
	F41_('S3', 'S4')_t5_min: 62453
	F29_('S2', 'S3')_rr: 0
	F37_('S1', 'S2')_t4_min: 14115
	F51_('S3', 'S4')_tb: 62221
	F43_('S2', 'S1')_rr: 0
	F36_queue_index: 0
	F10_('E4', 'S4')_t4_min: 24744
	F13_('S4', 'S5')_t3_max: 63944
	F21_('S4', 'S5')_t5_max: 3866
	F5_('S2', 'S3')_rr: 0
	F44_('S3', 'S2')_t4_max: 12894
	F23_('S4', 'S3')_rr: 4
	F59_('S3', 'E3')_gc: True
	F30_('E4', 'S4')_t3_max: 5006
	F52_queue_index: 0
	F19_('S2', 'E2')_t4_min: 1117
	F39_('S3', 'S2')_gc: False
	F43_('S4', 'S3')_t4_max: 913
	F17_('E4', 'S4')_t4_min: 30340
	F14_('E1', 'S1')_t5_max: 44965
	F40_queue_index: 0
	F11_('S4', 'S5')_t5_max: 2224
	F42_('S2', 'S1')_t4_min: 2988
	F21_('S3', 'S4')_t4_min: 3801
	F11_('S4', 'S5')_gc: False
	F24_('S1', 'S2')_rr: 0
	F56_('E4', 'S4')_t3_max: 741
	F7_('S3', 'S2')_gc: False
	F3_('S2', 'S3')_t4_max: 2589
	F38_('S2', 'S1')_t4_min: 3025
	F5_queue_index: 0
	F55_('S2', 'S3')_t4_max: 30398
	F58_('S5', 'E5')_gc: False
	F21_('S5', 'E5')_tb: 3868
	F23_('S4', 'S3')_gc: True
	F4_('S3', 'E3')_t4_min: 6634
	F21_('S3', 'S4')_t4_max: 3837
	F31_('S1', 'E1')_rr: 0
	F4_('E5', 'S5')_tb: 6601
	F33_('S3', 'E3')_t4_min: 126468
	F19_('S4', 'S3')_t4_min: 1054
	F53_('S2', 'S3')_t3_max: 14368
	F17_('S4', 'S5')_gc: False
	F5_('S3', 'E3')_t4_min: 58812
	F25_('S1', 'E1')_rr: 0
	F15_('E1', 'S1')_t4_min: 13055
	F40_('S5', 'S4')_t4_min: 30645
	F20_('S1', 'S2')_t4_min: 19858
	F4_('S3', 'E3')_t4_max: 6688
	F54_('E5', 'S5')_gc: False
	F39_('S2', 'S1')_t4_max: 12895
	F35_('S2', 'S1')_rr: 0
	F56_('S4', 'S3')_rr: 0
	F20_('S3', 'S4')_rr: 0
	F5_('S2', 'S3')_t4_min: 58808
	F44_('S4', 'S3')_t3_max: 12868
	F14_('S2', 'E2')_t4_min: 44979
	F21_('S2', 'S3')_t4_max: 3806
	F36_('S1', 'S2')_t4_max: 15732
	F43_('S3', 'S2')_rr: 0
	F37_jitter: 36
	F29_('S2', 'S3')_gc: False
	F2_('S1', 'S2')_rr: 16
	F53_('S3', 'S4')_rr: 0
	F23_('S4', 'S3')_t4_min: 3053
	F10_('S3', 'S2')_t4_max: 24784
	F25_('S1', 'E1')_gc: False
	F9_('S5', 'S4')_t4_max: 6791
	F45_('S4', 'S3')_t4_min: 1092
	F46_('S1', 'E1')_rr: 0
	F25_('S5', 'S4')_t4_max: 1142
	F26_('S3', 'S2')_rr: 1
	F45_('S4', 'S3')_rr: 4
	F54_('S5', 'S4')_rr: 0
	F10_('S4', 'S3')_t3_max: 24758
	F51_jitter: 18
	F14_('E1', 'S1')_rr: 0
	F25_queue_index: 0
	F21_('S4', 'S5')_t4_min: 3855
	F39_('S4', 'S3')_t4_min: 12795
	F38_('S3', 'S2')_rr: 0
	F32_queue_index: 0
	F43_('S4', 'S3')_t5_max: 920
	F12_('S5', 'E5')_t4_min: 17
	F31_('E2', 'S2')_gc: False
	F44_queue_index: 0
	F47_('E1', 'S1')_gc: False
	F42_('S3', 'S2')_t4_max: 2960
	F55_jitter: 0
	F2_('S1', 'S2')_t4_max: 2397
	F13_('S4', 'S5')_gc: False
	F54_('S3', 'S2')_t4_max: 6936
	F41_('S2', 'S3')_t3_min: 62444
	F8_('S2', 'S3')_gc: False
	F20_('S2', 'S3')_rr: 0
	F26_('S5', 'S4')_rr: 1
	F28_('E3', 'S3')_rr: 0
	F30_('S4', 'S3')_t4_max: 5033
	F46_('S2', 'S1')_t4_min: 14682
	F54_('S5', 'S4')_t4_max: 6899
	F45_('S5', 'S4')_tb: 1081
	F21_('E1', 'S1')_t3_max: 3732
	F59_('E5', 'S5')_t3_max: 1065
	F24_('S2', 'E2')_t4_min: 5026
	F6_('S3', 'S4')_gc: False
	F50_('S4', 'S3')_gc: True
	F18_('E5', 'S5')_t3_max: 1085
	F5_('S2', 'S3')_t4_max: 58826
	F24_('S2', 'E2')_rr: 0
	F56_('S4', 'S3')_t4_max: 784
	F59_('S5', 'S4')_t4_max: 1089
	F41_('S3', 'S4')_t3_min: 62452
	F39_('S4', 'S3')_rr: 0
	F11_('S3', 'S4')_rr: 0
	F22_('S3', 'E3')_tb: 2772
	F49_('S3', 'S4')_t4_min: 30201
	F8_('S4', 'E4')_gc: False
	F53_('S4', 'S5')_rr: 0
	F46_('S3', 'S2')_t4_max: 14696
	F36_('E1', 'S1')_gc: False
	F16_('S2', 'S3')_rr: 16
	F22_jitter: 0
	F16_('S3', 'E3')_gc: False
	F25_('S3', 'S2')_t3_max: 1183
	F18_('S4', 'S3')_gc: False
	F17_('E4', 'S4')_rr: 0
	F29_('S5', 'E5')_rr: 0
	F49_('S4', 'E4')_rr: 0
	F11_('S3', 'S4')_t5_min: 2182
	F52_('S3', 'S4')_t3_max: 78
	F27_('S4', 'S3')_t4_max: 15005
	F3_('S1', 'S2')_t4_max: 2557
	F23_('E4', 'S4')_rr: 0
	F49_('S3', 'S4')_t4_max: 30219
	F8_('S4', 'E4')_tb: 60074
	F50_('S4', 'S3')_rr: 1
	F48_('S5', 'E5')_gc: False
	F51_('S4', 'S5')_gc: True
	F58_('S4', 'S5')_t3_max: 14314
	F57_('E2', 'S2')_gc: False
	F3_('S3', 'E3')_t4_min: 2567
	F45_jitter: 0
	F26_('S4', 'S3')_t4_min: 19097
	F49_('S4', 'E4')_t4_min: 30204
	F42_('S1', 'E1')_tb: 3002
	F43_('S1', 'E1')_rr: 0
	F18_('S5', 'S4')_t4_max: 1122
	F10_('S3', 'S2')_gc: True
	F48_('E3', 'S3')_gc: False
	F1_('S2', 'E2')_gc: True
	F9_('S5', 'S4')_gc: True
	F13_('S1', 'S2')_t5_max: 63875
	F39_('S5', 'S4')_gc: False
	F19_('E5', 'S5')_rr: 0
	F27_('S4', 'S3')_rr: 0
	F42_('S4', 'S3')_t3_max: 2922
	F35_('E4', 'S4')_t5_max: 24793
	F3_('S1', 'S2')_t3_max: 2544
	F38_('S3', 'S2')_t3_max: 3040
	F9_('S5', 'S4')_t4_min: 6791
	F40_jitter: 18
	F57_('S2', 'S3')_t3_min: 30223
	F3_('S2', 'S3')_gc: False
	F6_('S4', 'E4')_gc: False
	F20_('S5', 'E5')_gc: False
	F36_jitter: 36
	F55_('S3', 'E3')_t5_min: 30435
	F26_('S4', 'S3')_rr: 1
	F1_('S3', 'S2')_t5_max: 6911
	F39_('E5', 'S5')_rr: 0
	F43_('S3', 'S2')_t4_min: 922
	F16_('S2', 'S3')_t3_max: 2514
	F58_('S4', 'S5')_t4_min: 14309
	F24_('E1', 'S1')_gc: False
	F39_queue_index: 0
	F7_('S4', 'S3')_t4_min: 6824
	F10_('S4', 'S3')_rr: 4
	F13_('S3', 'S4')_rr: 0
	F55_('S1', 'S2')_rr: 2
	F58_('S4', 'S5')_rr: 0
	F57_('S3', 'S4')_t5_max: 30280
	F27_('S3', 'S2')_t4_max: 15014
	F24_('S1', 'S2')_t4_max: 5032
	F35_('S4', 'S3')_rr: 0
	F18_('E5', 'S5')_rr: 0
	F44_('S3', 'S2')_rr: 0
	F57_('S4', 'E4')_rr: 1
	F9_('E5', 'S5')_rr: 0
	F38_('S1', 'E1')_rr: 1
	F56_('S4', 'S3')_t4_min: 766
	F9_('S4', 'S3')_t4_max: 6813
	F29_queue_index: 0
	F20_('E1', 'S1')_gc: False
	F48_('S4', 'S5')_rr: 0
	F48_('S3', 'S4')_t4_min: 98
	F12_('S2', 'S3')_t4_min: 5
	F43_('S4', 'S3')_rr: 32
	F9_('S4', 'S3')_gc: False
	F8_jitter: 18
	F22_('S2', 'S3')_t3_max: 2732
	F15_('S2', 'E2')_gc: False
	F24_('S1', 'S2')_t4_min: 5014
	F35_('S3', 'S2')_t4_max: 24835
	F51_('S2', 'S3')_t3_max: 62195
	F54_('S3', 'S2')_tb: 6918
	F31_('S1', 'E1')_t5_max: 2240
	F25_('S5', 'S4')_t4_min: 1142
	F39_('S3', 'S2')_t5_max: 12875
	F21_('S1', 'S2')_gc: True
	F52_('E3', 'S3')_gc: False
	F28_('E3', 'S3')_t3_max: 126514
	F20_('E1', 'S1')_t3_max: 19835
	F25_('S3', 'S2')_t4_min: 1183
	F57_('S3', 'S4')_rr: 0
	F11_('S3', 'S4')_gc: False
	F18_('S5', 'S4')_gc: False
	F27_('S4', 'S3')_t4_min: 14969
	F51_('S4', 'S5')_t3_max: 62258
	F57_('S4', 'E4')_t4_min: 30287
	F2_('E1', 'S1')_t3_max: 2366
	F21_('S2', 'S3')_rr: 0
	F3_('E1', 'S1')_gc: False
	F22_('S2', 'S3')_t5_max: 2751
	F11_('S2', 'S3')_gc: True
	F17_('S5', 'E5')_rr: 0
	F41_('E2', 'S2')_t4_max: 62441
	F8_('S2', 'S3')_rr: 0
	F13_('S3', 'S4')_t4_max: 63926
	F52_('S3', 'S4')_t5_max: 97
	F55_('S2', 'S3')_t5_min: 30407
	F47_('S2', 'E2')_rr: 64
	F15_('E1', 'S1')_rr: 0
	F47_('S1', 'S2')_t3_max: 953
	F1_('S3', 'S2')_rr: 0
	F23_('S2', 'S1')_rr: 1
	F57_('E2', 'S2')_rr: 0
	F2_('S2', 'E2')_gc: False
	F33_('S2', 'S3')_gc: False
	F46_('S2', 'S1')_rr: 0
	F17_('S4', 'S5')_t3_max: 30354
	F33_jitter: 36
	F12_('S5', 'E5')_rr: 0
	F50_('S3', 'S2')_t4_max: 106808
	('S3', 'S4')_gcl_length: 134
	F19_('S2', 'E2')_t3_min: 1117
	F41_jitter: 18
	F23_('S2', 'S1')_t3_max: 3091
	F20_('S5', 'E5')_t4_max: 19988
	F45_('S4', 'S3')_t5_min: 1094
	F0_('S2', 'S1')_gc: True
	F21_('S4', 'S5')_gc: True
	F5_jitter: 36
	F27_('S4', 'S3')_t3_min: 14969
	F15_('S2', 'E2')_rr: 0
	F25_('S2', 'S1')_t4_min: 1197
	F22_('S3', 'E3')_gc: True
	F42_('S2', 'S1')_rr: 8
	F17_('S4', 'S5')_t4_min: 30349
	F19_queue_index: 0
	F30_('S1', 'E1')_rr: 0
	F40_('S5', 'S4')_t3_max: 30645
	F59_('S3', 'E3')_rr: 1
	F1_('E3', 'S3')_t5_max: 6885
	F41_('S4', 'S5')_t5_min: 62484
	F33_('S2', 'S3')_t5_min: 126466
	F19_('S4', 'S3')_t4_max: 1072
	F59_('S4', 'S3')_t4_min: 1100
	F35_('S3', 'S2')_t5_min: 24801
	F9_('S2', 'E2')_rr: 16
	F48_('S5', 'E5')_t4_min: 124
	F12_('E2', 'S2')_rr: 0
	F16_('E2', 'S2')_rr: 0
	F41_('S4', 'S5')_rr: 1
	F0_('S2', 'S1')_t4_max: 2738
	F8_('S1', 'S2')_t3_max: 60030
	F13_('S4', 'S5')_t4_min: 63885
	F54_('S2', 'E2')_gc: True
	F11_('S1', 'S2')_t4_max: 2161
	F5_('S2', 'S3')_t3_max: 58813
	F56_('S3', 'E3')_t4_min: 801
	F4_jitter: 54
	F34_('S1', 'E1')_gc: False
	F51_('S2', 'S3')_rr: 1
	F20_queue_index: 0
	F54_('E5', 'S5')_t5_max: 6879
	F52_('S3', 'S4')_t4_max: 91
	F25_('S3', 'S2')_gc: True
	F42_('S3', 'S2')_gc: False
	F45_('E5', 'S5')_gc: False
	F53_('S2', 'S3')_gc: False
	F48_queue_index: 0
	F9_('S5', 'S4')_t3_max: 6791
	F30_('S3', 'S2')_rr: 0
	F14_queue_index: 0
	F26_('S2', 'E2')_gc: True
	F19_('E5', 'S5')_gc: False
	F54_('S3', 'S2')_gc: False
	F7_('S2', 'S1')_rr: 0
	F11_('S5', 'E5')_t4_min: 2190
	F57_('S2', 'S3')_t4_max: 30240
	F40_('S4', 'E4')_gc: False
	F50_queue_index: 0
	F0_jitter: 18
	F6_('S3', 'S4')_rr: 0
	F53_('E2', 'S2')_gc: False
	F46_('S3', 'S2')_rr: 0
	F17_('S5', 'E5')_t3_max: 30381
	F41_('S4', 'S5')_t5_max: 62484
	F39_('S5', 'S4')_t4_max: 12799
	F27_('S2', 'E2')_t5_min: 15020
	F54_('S4', 'S3')_rr: 16
	F36_('S3', 'S4')_rr: 0
	F40_('S5', 'S4')_gc: True
	F55_('S2', 'S3')_t4_min: 30398
	F45_queue_index: 0
	F19_('S5', 'S4')_t4_min: 1040
	F29_('S4', 'S5')_gc: False
	F31_jitter: 18
	F42_('S1', 'E1')_gc: False
	F35_('S4', 'S3')_t4_min: 24795
	F34_queue_index: 0
	F57_queue_index: 0
	F57_('S2', 'S3')_t3_max: 30228
	F27_('S5', 'S4')_t4_max: 14983
	F17_('S4', 'S5')_t5_max: 30374
	F41_('S5', 'E5')_t4_min: 62486
	F6_jitter: 36
	F48_('E3', 'S3')_t4_min: 85
	F56_queue_index: 0
	F18_queue_index: 0
	F50_('S3', 'S2')_tb: 106808
	F50_('S5', 'S4')_gc: True
	F13_('S1', 'S2')_rr: 0
	F40_('S4', 'E4')_rr: 0
	F25_('S4', 'S3')_t3_max: 1156
	F11_('S3', 'S4')_t4_max: 2196
	F3_queue_index: 0
	F9_('S2', 'E2')_gc: True
	F11_('S1', 'S2')_t4_min: 2143
	F18_('S5', 'S4')_t3_max: 1109
	F46_('S1', 'E1')_t4_min: 14686
	F50_('S3', 'S2')_gc: True
	F6_('S3', 'S4')_t4_max: 3794
	F32_('S4', 'S3')_gc: True
	F7_('S4', 'S3')_t4_max: 6842
	F8_('S3', 'S4')_t4_max: 60071
	F38_('S2', 'S1')_rr: 0
	F14_('S1', 'S2')_t3_max: 44972
	F52_('S4', 'E4')_t3_max: 104
	F10_('S2', 'E2')_t4_min: 24793
	F53_('E2', 'S2')_t5_min: 14361
	F32_('S3', 'E3')_rr: 0
	F28_queue_index: 0
	F17_('S4', 'S5')_t4_max: 30367
	F43_('S5', 'S4')_rr: 0
	F20_('S2', 'S3')_t4_min: 19868
	F20_('S2', 'S3')_tb: 19868
	F26_('S3', 'S2')_t4_min: 19128
	F10_('E4', 'S4')_t3_max: 24731
	F42_('S3', 'S2')_t4_min: 2942
	F27_('S5', 'S4')_gc: False
	F13_('E1', 'S1')_rr: 0
	F43_('E5', 'S5')_gc: False
	F42_('S1', 'E1')_rr: 0
	F46_('E4', 'S4')_t3_max: 14652
	F39_('S4', 'S3')_gc: False
	F53_queue_index: 0
	F12_('S4', 'S5')_t4_min: 13
	F37_('S1', 'S2')_rr: 0
	F27_('S2', 'E2')_t4_min: 15018
	F36_('S1', 'S2')_rr: 4
	F57_('S2', 'S3')_rr: 2
	F3_('S2', 'S3')_rr: 0
	F3_('S3', 'E3')_rr: 0
	F20_('S4', 'S5')_rr: 0
	('E5', 'S5')_gcl_cycle: 1
	F39_('E5', 'S5')_gc: False
	F56_('S3', 'E3')_rr: 32
	F9_('S4', 'S3')_rr: 0
	F17_('S4', 'S5')_rr: 0
	F22_('E2', 'S2')_t3_max: 2707
	F23_('S2', 'S1')_t4_min: 3103
	F20_('S4', 'S5')_gc: False
	F51_('S2', 'S3')_gc: True
	F39_('E5', 'S5')_t3_max: 12754
	F44_('S4', 'S3')_t4_max: 12868
	F20_('S1', 'S2')_t3_max: 19863
	F39_('S2', 'S1')_t4_min: 12823
	F50_('E5', 'S5')_rr: 0
	F56_('S4', 'S3')_gc: False
	F36_('E1', 'S1')_t3_max: 15711
	F1_('S3', 'S2')_t3_max: 6892
	F54_('S3', 'S2')_t5_max: 6941
	F36_('S4', 'E4')_rr: 0
	F35_('S4', 'S3')_t4_max: 24813
	F26_('S5', 'S4')_t4_min: 19066
	F34_('S2', 'S1')_rr: 0
	F3_('S1', 'S2')_rr: 0
	F53_('S3', 'S4')_gc: False
	F18_('S4', 'S3')_rr: 0
	F31_('E2', 'S2')_t3_max: 2176
	F13_('S5', 'E5')_t4_min: 63898
	F13_('E1', 'S1')_t3_max: 63820
	F7_('S4', 'S3')_t3_max: 6829
	F25_('S3', 'S2')_rr: 64
	F13_('E1', 'S1')_tb: 63833
	F13_queue_index: 0
	F1_('S3', 'S2')_t4_max: 6905
	F41_('S2', 'S3')_t4_min: 62449
	F41_queue_index: 0
	F21_('S1', 'S2')_t3_max: 3763
	F8_('S1', 'S2')_gc: True
	F28_('S3', 'S4')_gc: True
	F29_('S4', 'S5')_t4_min: 6499
	F39_('S1', 'E1')_t4_min: 12837
	F20_('S4', 'S5')_t4_min: 19888
	F49_jitter: 36
	F41_('S5', 'E5')_gc: False
	F8_('E1', 'S1')_t4_min: 60022
	F31_('S2', 'S1')_t4_min: 2204
	F10_('S4', 'S3')_t4_min: 24758
	F48_('E3', 'S3')_t3_max: 72
	F56_('E4', 'S4')_rr: 0
	F33_('E2', 'S2')_gc: False
	F11_jitter: 54
	F5_('E2', 'S2')_t3_max: 58791
	F7_('S3', 'S2')_t4_max: 6874
	F50_('E5', 'S5')_gc: False
	F19_('S3', 'S2')_tb: 1103
	F38_('S1', 'E1')_gc: True
	F21_('S3', 'S4')_gc: False
	F27_jitter: 18
	F46_('S4', 'S3')_gc: True
	F51_('S5', 'E5')_gc: False
	F58_('E4', 'S4')_rr: 0
	F25_('S5', 'S4')_rr: 64
	F44_jitter: 36
	F7_('S2', 'S1')_t4_max: 6906
	F46_('E4', 'S4')_gc: False
	F39_('S4', 'S3')_t4_max: 12831
	F26_queue_index: 0
	F30_('S2', 'S1')_rr: 0
	F38_('S2', 'S1')_gc: False
	F38_('E4', 'S4')_t3_max: 2988
	F3_('S1', 'S2')_gc: False
	F34_('E2', 'S2')_gc: False
	F12_('S5', 'E5')_gc: False
	F47_('S1', 'S2')_t4_max: 965
	F17_('S5', 'E5')_gc: False
	F4_queue_index: 0
	F36_('S3', 'S4')_t4_min: 15743
	F21_('S2', 'S3')_t4_min: 3788
	F26_('S2', 'E2')_rr: 1
	F44_('E4', 'S4')_t3_max: 12842
	F45_('S3', 'E3')_t4_max: 1103
	F15_('S1', 'S2')_rr: 0
	F49_('S3', 'S4')_gc: False
	F54_('S4', 'S3')_t4_min: 6911
	F14_('S1', 'S2')_gc: False
	F26_('S3', 'S2')_gc: True
	F23_('S1', 'E1')_gc: False
	F25_('S1', 'E1')_t3_max: 1211
	F21_('S5', 'E5')_rr: 0
	F27_('E5', 'S5')_t3_max: 14948
	F52_('E3', 'S3')_t3_max: 52
	F45_('S3', 'E3')_t4_min: 1103
	F29_('E2', 'S2')_rr: 0
	F57_('S3', 'S4')_t4_max: 30270
	F44_('E4', 'S4')_rr: 0
	F13_('S1', 'S2')_gc: False
	F49_('E3', 'S3')_t4_max: 30198
	F10_queue_index: 0
	F41_('S3', 'S4')_t4_max: 62470
	F51_('S3', 'S4')_t4_max: 62239
	F7_('S1', 'E1')_t4_min: 6866
	F4_('S3', 'E3')_gc: False
	F29_('S2', 'S3')_t4_max: 6503
	F43_('S5', 'S4')_t3_max: 871
	F23_('E4', 'S4')_gc: False
	F36_('S2', 'S3')_rr: 4
	F8_('S3', 'S4')_t4_min: 60071
	F27_('S3', 'S2')_t4_min: 15014
	F13_('S2', 'S3')_tb: 63859
	F36_('S3', 'S4')_t4_max: 15761
	F12_('S2', 'S3')_t4_max: 23
	F14_('S2', 'E2')_t5_min: 44989
	F19_('S4', 'S3')_rr: 0
	F33_('E2', 'S2')_rr: 0
	F2_('S2', 'E2')_t4_max: 2428
	F42_('S4', 'S3')_t5_min: 2940
	F26_('S3', 'S2')_t4_max: 19128
	F48_('S3', 'S4')_t4_max: 116
	('S4', 'S5')_gcl_cycle: 64000
	F19_('S5', 'S4')_rr: 32
	F12_('S2', 'S3')_t5_max: 25
	F47_('E1', 'S1')_rr: 0
	F2_('S1', 'S2')_gc: True
	F35_('E4', 'S4')_gc: False
	F4_('E5', 'S5')_t3_min: 6601
	F30_queue_index: 0
	F1_('E3', 'S3')_t3_max: 6866
	('S3', 'S4')_gcl_cycle: 128000
	('S5', 'S4')_gcl_cycle: 128000
	F44_('S3', 'S2')_gc: False
	F31_('S1', 'E1')_t3_max: 2219
	F35_('S3', 'S2')_rr: 0
	F17_jitter: 36
	F38_('S3', 'S2')_gc: False
	F30_('S3', 'S2')_t4_max: 5060
	F18_('S4', 'S3')_t4_min: 1110
	F9_queue_index: 0
	F45_('S4', 'S3')_t4_max: 1092
	F54_('E5', 'S5')_t3_min: 6874
	F2_('E1', 'S1')_gc: False
	F55_('S1', 'S2')_t4_min: 30382
	F12_('E2', 'S2')_t3_max: -12
	F40_('E5', 'S5')_t3_max: 30619
	F48_('S5', 'E5')_tb: 124
	F53_('S2', 'S3')_t4_min: 14363
	F26_('E5', 'S5')_t3_max: 19034
	F51_('E2', 'S2')_rr: 0
	F41_('E2', 'S2')_gc: False
	F6_('S4', 'E4')_t4_min: 3784
	F49_('S4', 'E4')_gc: False
	F37_('S1', 'S2')_t3_max: 14120
	F50_('S3', 'S2')_t4_min: 106808
	F47_('E1', 'S1')_t3_max: 932
	F26_('S5', 'S4')_t4_max: 19066
	F59_('S4', 'S3')_rr: 2
	F50_('S5', 'S4')_t3_max: 106780
	F51_('S5', 'E5')_t4_min: 62285
	F40_('S5', 'S4')_rr: 4
	F50_('S4', 'S3')_t4_min: 106800
	F20_('S3', 'S4')_gc: False
	F56_('S3', 'E3')_tb: 801
	F42_('S2', 'S1')_gc: True
	F42_('E4', 'S4')_gc: False
	F34_('S1', 'E1')_t5_min: 62245
	F42_('S4', 'S3')_gc: True
	F42_('S4', 'S3')_t4_max: 2928
	('S5', 'E5')_gcl_cycle: 1
	F14_('E1', 'S1')_gc: False
	F1_queue_index: 0
	F13_('S2', 'S3')_t4_min: 63859
	F13_('S5', 'E5')_gc: False
	F51_('S3', 'S4')_gc: False
	F6_('S3', 'S4')_t3_max: 3781
	F48_('S4', 'S5')_t4_min: 111
	F25_('S3', 'S2')_t3_min: 1160
	F2_jitter: 18
	F47_queue_index: 0
	F38_('S3', 'S2')_t4_min: 3017
	F47_('S1', 'S2')_t4_min: 965
	F32_('S4', 'S3')_t4_min: 21015
	F30_('E4', 'S4')_t4_max: 5019
	F33_('S2', 'S3')_t4_max: 126477
	F8_('S1', 'S2')_rr: 1
	F16_jitter: 18
	F5_('E2', 'S2')_t5_max: 58806
	F51_('S3', 'S4')_t5_min: 62233
	F42_('E4', 'S4')_rr: 0
	F27_('S3', 'S2')_tb: 15014
	F39_('S5', 'S4')_rr: 0
	F59_('S5', 'S4')_t4_min: 1089
	F43_queue_index: 0
	F30_('E4', 'S4')_gc: False
	F57_('S4', 'E4')_gc: True
	F32_('S4', 'S3')_t4_max: 21015
	F53_('S4', 'S5')_t4_max: 14443
	F32_('S4', 'S3')_tb: 21015
	F11_('E1', 'S1')_t5_max: 2141
	F44_('S4', 'S3')_gc: True
	F55_('S1', 'S2')_t3_max: 30370
	F4_('S3', 'E3')_rr: 0
	F13_('S1', 'S2')_t4_max: 63864
	F32_('S5', 'S4')_rr: 0
	F41_('E2', 'S2')_rr: 0
	F24_('S1', 'S2')_t3_max: 5019
	F46_jitter: 54
	F29_('S3', 'S4')_rr: 0
	F24_('E1', 'S1')_t4_max: 5002
	F36_('S1', 'S2')_gc: True
	F21_('S3', 'S4')_rr: 0
	F20_('S2', 'S3')_gc: False
	F46_queue_index: 0
	F36_('S1', 'S2')_t4_min: 15732
	F8_('E1', 'S1')_gc: False
	F24_queue_index: 0
	F6_('S3', 'S4')_t4_min: 3776
	F44_('S4', 'S3')_t4_min: 12868
	F25_('E5', 'S5')_rr: 0
	F8_('S3', 'S4')_gc: True
	F51_('E2', 'S2')_t3_max: 62163
	F50_('S2', 'E2')_t5_max: 106817
	F37_('S1', 'S2')_tb: 14115
	F34_('S2', 'S1')_t3_min: 62235
	F42_('S2', 'S1')_tb: 2988
	F1_('E3', 'S3')_t3_min: 6879
	F13_('S2', 'S3')_t3_min: 63859
	F39_('S2', 'S1')_t3_min: 12823
	F15_('E1', 'S1')_t4_max: 13055
	F27_('S4', 'S3')_t5_max: 15007
	F7_('S2', 'S1')_t5_min: 6864
	F4_('S4', 'S3')_t3_min: 6623
	F10_('S4', 'S3')_t5_min: 24765
	F22_('S3', 'E3')_t4_max: 2772
	F38_('S3', 'S2')_t3_min: 3017
	F51_('S5', 'E5')_t4_max: 62303
	F29_('S4', 'S5')_t3_max: 6540
	F46_('S2', 'S1')_tb: 14682
	F13_('S3', 'S4')_tb: 63872
	F26_('E5', 'S5')_t3_min: 19047
	F58_('E4', 'S4')_t5_max: 14307
	F17_('E4', 'S4')_t5_min: 30347
	F16_('S2', 'S3')_t5_max: 2537
	F59_('S3', 'E3')_t4_max: 1111
	F46_('S2', 'S1')_t5_min: 14684
	F20_('E1', 'S1')_t4_max: 19848
	F7_('S1', 'E1')_t5_max: 6950
	F20_('S1', 'S2')_t5_min: 19866
	F9_('S3', 'S2')_t3_min: 6799
	F54_('S5', 'S4')_t5_min: 6886
	F54_('S5', 'S4')_tb: 6881
	F51_('S3', 'S4')_t5_max: 62251
	F33_('S3', 'E3')_t5_max: 126511
	F2_('E1', 'S1')_t3_min: 2379
	F36_('S4', 'E4')_t5_max: 15783
	F25_('E5', 'S5')_t5_max: 1125
	F27_('S5', 'S4')_t5_max: 14985
	F42_('S4', 'S3')_t5_max: 2940
	F41_('E2', 'S2')_t3_min: 62441
	F41_('S3', 'S4')_t5_max: 62471
	F12_('E2', 'S2')_t4_min: 1
	F32_('S3', 'E3')_t4_max: 21047
	F11_('S5', 'E5')_t3_min: 2190
	F14_('S1', 'S2')_t3_min: 44967
	F55_('S3', 'E3')_t3_min: 30409
	F33_('E2', 'S2')_t4_min: 126450
	F23_('S1', 'E1')_t3_min: 3111
	F10_('S4', 'S3')_tb: 24758
	F10_('E4', 'S4')_tb: 24744
	F20_('S1', 'S2')_t3_min: 19858
	F7_('E4', 'S4')_t5_max: 6822
	F59_('S4', 'S3')_t3_min: 1095
	F29_('S5', 'E5')_t4_max: 6578
	F10_('S2', 'E2')_t3_max: 24798
	F41_('E2', 'S2')_tb: 62441
	F9_('S5', 'S4')_t5_min: 6793
	F49_('S3', 'S4')_tb: 30201
	F30_('S1', 'E1')_t3_max: 5101
	F53_('E2', 'S2')_t5_max: 14361
	F31_('S2', 'S1')_t3_min: 2199
	F24_('E1', 'S1')_tb: 5002
	F10_('S3', 'S2')_t5_max: 24791
	F44_('S2', 'E2')_t3_min: 12884
	('S5', 'E5')_gcl_length: 0
	F27_('S2', 'E2')_t3_min: 15018
	F1_('S2', 'E2')_tb: 6918
	F33_('E2', 'S2')_t3_min: 126450
	F57_('S4', 'E4')_t3_max: 30287
	F53_('S2', 'S3')_t5_max: 14392
	F54_('E5', 'S5')_t5_min: 6879
	F38_('S2', 'S1')_t3_min: 3025
	F35_('S1', 'E1')_t3_min: 24807
	F0_('E2', 'S2')_t4_max: 2710
	F6_('E3', 'S3')_t3_min: 3768
	F16_('E2', 'S2')_t3_min: 2498
	F58_('S5', 'E5')_t3_min: 14316
	F26_('S4', 'S3')_t5_max: 19109
	F0_('S1', 'E1')_t3_max: 2754
	F0_('S2', 'S1')_t3_min: 2721
	('S1', 'S2')_gcl_length: 142
	F52_('E3', 'S3')_t3_min: 65
	F12_('E2', 'S2')_t5_max: 3
	F9_('E5', 'S5')_t4_min: 6782
	F19_('S5', 'S4')_t5_min: 1052
	F10_('E4', 'S4')_t5_min: 24751
	F9_('E5', 'S5')_t4_max: 6782
	('S1', 'E1')_gcl_length: 2
	F34_('E2', 'S2')_tb: 62229
	F32_('S3', 'E3')_tb: 21029
	F43_('S4', 'S3')_t5_min: 920
	F7_('E4', 'S4')_t3_min: 6810
	F57_('S4', 'E4')_tb: 30287
	F0_('E2', 'S2')_t3_min: 2710
	F11_('S3', 'S4')_tb: 2178
	F45_('S4', 'S3')_t5_max: 1094
	F20_('S3', 'S4')_t5_max: 19940
	F22_('S2', 'S3')_tb: 2746
	F29_('S3', 'S4')_t3_min: 6492
	F23_('S3', 'S2')_t5_min: 3084
	F48_('E3', 'S3')_t3_min: 85
	F54_('S4', 'S3')_tb: 6911
	F47_('E1', 'S1')_tb: 945
	F43_('S3', 'S2')_tb: 922
	F2_('E1', 'S1')_t4_max: 2379
	F29_('E2', 'S2')_tb: 6478
	F59_('S3', 'E3')_t5_max: 1115
	F3_('S1', 'S2')_t5_min: 2551
	F55_('S2', 'S3')_t3_max: 30398
	F23_('S2', 'S1')_t3_min: 3086
	F35_('S4', 'S3')_t5_max: 24815
	F24_('S1', 'S2')_t5_min: 5024
	F46_('S3', 'S2')_t5_min: 14680
	F27_('E5', 'S5')_t5_min: 14963
	F43_('S5', 'S4')_t3_min: 866
	F18_('S4', 'S3')_t5_max: 1150
	F44_('S3', 'S2')_t3_max: 12881
	F42_('S2', 'S1')_t3_min: 2956
	F17_('E4', 'S4')_t5_max: 30347
	F57_('E2', 'S2')_tb: 30211
	F28_('S3', 'S4')_t5_max: 126544
	F24_('E1', 'S1')_t3_min: 5002
	F50_('E5', 'S5')_t4_max: 106772
	F13_('E1', 'S1')_t5_max: 63844
	F3_('S2', 'S3')_tb: 2553
	F26_('S4', 'S3')_tb: 19097
	F9_('E5', 'S5')_tb: 6782
	F45_('E5', 'S5')_t5_max: 1061
	F36_('E1', 'S1')_t4_min: 15724
	('S2', 'S3')_gcl_length: 116
	F59_('S4', 'S3')_t3_max: 1100
	F36_('S2', 'S3')_t3_max: 15740
	F59_('S3', 'E3')_tb: 1111
	F18_('S5', 'S4')_t5_max: 1126
	F1_('S2', 'E2')_t3_max: 6918
	F20_('S3', 'S4')_t3_min: 19878
	F57_('S4', 'E4')_t5_min: 30297
	F53_('S5', 'E5')_t5_min: 14413
	F51_('S5', 'E5')_t5_min: 62297
	F54_('S2', 'E2')_t3_min: 6925
	F38_('E4', 'S4')_t5_max: 3007
	F29_('S4', 'S5')_t5_max: 6558
	F56_('E4', 'S4')_t4_min: 754
	F43_('S4', 'S3')_tb: 913
	F59_('S3', 'E3')_t3_min: 1106
	F46_('S1', 'E1')_t3_max: 14727
	F29_('E2', 'S2')_t3_min: 6478
	F39_('S2', 'S1')_t5_max: 12907
	F5_('S2', 'S3')_tb: 58808
	F50_('S3', 'S2')_t3_max: 106808
	F8_('S4', 'E4')_t3_min: 60074
	F36_('S1', 'S2')_t3_min: 15727
	F35_('S1', 'E1')_t4_max: 24879
	F11_('S5', 'E5')_t5_max: 2248
	F6_('S4', 'E4')_t4_max: 3820
	F13_('S5', 'E5')_t5_min: 63909
	F22_('E2', 'S2')_t3_min: 2720
	F47_('S2', 'E2')_tb: 977
	F13_('S5', 'E5')_tb: 63898
	F33_('E2', 'S2')_t5_min: 126457
	F4_('S3', 'E3')_tb: 6634
	F41_('S3', 'S4')_t3_max: 62457
	F49_('E3', 'S3')_t5_min: 30199
	('S3', 'E3')_gcl_length: 170
	F24_('S1', 'S2')_t5_max: 5042
	F43_('S5', 'S4')_tb: 866
	F39_('S4', 'S3')_tb: 12795
	F16_('S3', 'E3')_tb: 2539
	F46_('E4', 'S4')_t5_min: 14667
	F46_('S1', 'E1')_t4_max: 14740
	F6_('S4', 'E4')_t5_min: 3790
	F29_('E2', 'S2')_t5_min: 6483
	F33_('S3', 'E3')_t3_min: 126468
	F23_('S1', 'E1')_t5_min: 3117
	F35_('S3', 'S2')_t3_min: 24799
	F5_('E2', 'S2')_t5_min: 58806
	F25_('S5', 'S4')_tb: 1142
	F30_('S1', 'E1')_t5_min: 5067
	F18_('S4', 'S3')_tb: 1110
	F11_('S2', 'S3')_tb: 2172
	F49_('S4', 'E4')_t5_max: 30241
	F46_('S2', 'S1')_t3_min: 14682
	F40_('E5', 'S5')_t5_max: 30638
	F30_('E4', 'S4')_t3_min: 5019
	F58_('S4', 'S5')_t5_min: 14314
	F51_('E2', 'S2')_t5_min: 62188
	F47_('S2', 'E2')_t5_max: 978
	F14_('S2', 'E2')_t4_max: 45015
	F49_('E3', 'S3')_tb: 30198
	F7_('E4', 'S4')_tb: 6810
	F13_('E1', 'S1')_t3_min: 63833
	F17_('S4', 'S5')_t5_min: 30356
	F9_('S5', 'S4')_t3_min: 6786
	F1_('S2', 'E2')_t3_min: 6895
	F54_('S2', 'E2')_t3_max: 6948
	F44_('S4', 'S3')_t3_min: 12863
	F45_('S3', 'E3')_tb: 1103
	F51_('S4', 'S5')_tb: 62271
	F4_('S3', 'E3')_t5_min: 6643
	F3_('S1', 'S2')_t3_min: 2539
	('E2', 'S2')_gcl_length: 0
	F36_('S4', 'E4')_tb: 15746
	F30_('S3', 'S2')_tb: 5042
	F34_('S1', 'E1')_t4_max: 62277
	F26_('S2', 'E2')_t3_max: 19147
	F18_('S4', 'S3')_t3_min: 1110
	F31_('E2', 'S2')_t4_max: 2189
	F55_('S3', 'E3')_t5_max: 30435
	F51_('E2', 'S2')_t4_max: 62176
	F29_('E2', 'S2')_t4_min: 6478
	F11_('S4', 'S5')_t5_min: 2188
	F27_('S4', 'S3')_t5_min: 14971
	F45_('S5', 'S4')_t5_max: 1083
	F31_('E2', 'S2')_tb: 2189
	F24_('S2', 'E2')_t5_max: 5072
	F40_('S4', 'E4')_t5_min: 30659
	F43_('S5', 'S4')_t5_min: 873
	F1_('S3', 'S2')_tb: 6887
	F37_('E1', 'S1')_t5_min: 14113
	F2_('S1', 'S2')_tb: 2397
	F17_('E4', 'S4')_t3_min: 30340
	F14_('E1', 'S1')_t3_min: 44955
	F59_('S3', 'E3')_t3_max: 1111
	F9_('S4', 'S3')_t3_max: 6800
	F36_('E1', 'S1')_t3_min: 15724
	F13_('S5', 'E5')_t5_max: 63999
	F58_('S4', 'S5')_t3_min: 14309
	F52_('S4', 'E4')_tb: 99
	F20_('S4', 'S5')_t3_max: 19947
	F55_('E1', 'S1')_t5_min: 30363
	F35_('S3', 'S2')_t5_max: 24837
	F3_('E1', 'S1')_t4_max: 2525
	('S4', 'S5')_gcl_length: 36
	F42_('E4', 'S4')_t3_min: 2903
	F46_('E4', 'S4')_tb: 14665
	F37_('E1', 'S1')_t4_max: 14104
	F30_('E4', 'S4')_t5_min: 5026
	F12_('E2', 'S2')_tb: 1
	F42_('E4', 'S4')_t5_min: 2915
	F45_('E5', 'S5')_tb: 1059
	F59_('E5', 'S5')_t4_min: 1078
	F48_('S4', 'S5')_t5_max: 158
	F28_('S3', 'S4')_tb: 126539
	F11_('S4', 'S5')_tb: 2184
	F5_('S3', 'E3')_tb: 58812
	F9_('S5', 'S4')_t5_max: 6793
	F2_('S2', 'E2')_tb: 2410
	F58_('E4', 'S4')_t5_min: 14307
	F54_('S5', 'S4')_t5_max: 6904
	F39_('S1', 'E1')_t5_max: 12939
	F11_('S4', 'S5')_t3_min: 2184
	F12_('S3', 'S4')_t3_max: 32
	F53_('S5', 'E5')_t4_max: 14474
	F53_('S2', 'S3')_t3_min: 14363
	F42_('S3', 'S2')_t3_max: 2947
	F45_('E5', 'S5')_t4_max: 1059
	F32_('E5', 'S5')_t3_min: 20964
	F9_('S4', 'S3')_t5_max: 6815
	F9_('S4', 'S3')_t3_min: 6795
	F59_('E5', 'S5')_t5_min: 1082
	F25_('E5', 'S5')_tb: 1118
	F39_('S3', 'S2')_t3_max: 12850
	F43_('S1', 'E1')_t5_min: 947
	F20_('S5', 'E5')_tb: 19898
	F37_('S1', 'S2')_t3_min: 14115
	('E4', 'S4')_gcl_length: 0
	F52_('E3', 'S3')_tb: 65
	F57_('E2', 'S2')_t5_max: 30221
	F53_('S4', 'S5')_t3_min: 14389
	F39_('S5', 'S4')_tb: 12781
	F44_('S3', 'S2')_t5_min: 12882
	F38_('E4', 'S4')_t4_min: 3001
	F24_('S1', 'S2')_tb: 5014
	F35_('E4', 'S4')_t3_min: 24791
	F13_('S5', 'E5')_t3_max: 63975
	F25_('S5', 'S4')_t5_min: 1149
	F23_('S4', 'S3')_tb: 3053
	F15_('E1', 'S1')_t3_min: 13055
	F52_('S4', 'E4')_t4_max: 117
	F17_('S5', 'E5')_t5_min: 30365
	F12_('S4', 'S5')_t3_max: 54
	F27_('S5', 'S4')_t3_min: 14965
	F47_('S1', 'S2')_t5_min: 966
	F45_('S5', 'S4')_t3_min: 1063
	F38_('S2', 'S1')_t3_max: 3066
	F37_('E1', 'S1')_t4_min: 14104
	F22_('E2', 'S2')_t4_min: 2720
	F46_('S1', 'E1')_t5_min: 14688
	F34_('E2', 'S2')_t4_min: 62229
	F14_('S2', 'E2')_t3_min: 44979
	F6_('S4', 'E4')_t5_max: 3826
	F12_('S3', 'S4')_t5_max: 47
	F22_('S3', 'E3')_t5_min: 2777
	F40_('E5', 'S5')_t5_min: 30638
	F35_('E4', 'S4')_t4_min: 24791
	F8_('S2', 'S3')_tb: 60045
	F8_('S2', 'S3')_t3_min: 60045
	F47_('S1', 'S2')_t3_min: 948
	F21_('E1', 'S1')_tb: 3745
	F29_('S5', 'E5')_t3_max: 6565
	F22_('S3', 'E3')_t3_max: 2758
	F39_('S4', 'S3')_t3_max: 12818
	F49_('S3', 'S4')_t5_min: 30202
	F23_('E4', 'S4')_t5_min: 3034
	F7_('S2', 'S1')_t5_max: 6918
	F35_('S2', 'S1')_tb: 24803
	F51_('E2', 'S2')_tb: 62176
	F42_('S4', 'S3')_tb: 2928
	F21_('S2', 'S3')_t5_max: 3817
	F11_('S2', 'S3')_t3_max: 2172
	F21_('S1', 'S2')_t3_min: 3758
	F46_('S3', 'S2')_tb: 14678
	F40_('E5', 'S5')_t3_min: 30632
	F26_('S4', 'S3')_t3_min: 19080
	F17_('S5', 'E5')_t3_min: 30358
	F53_('S3', 'S4')_t5_max: 14423
	F43_('S2', 'S1')_t5_min: 938
	F10_('S2', 'E2')_t5_max: 24818
	F7_('S2', 'S1')_t3_max: 6893
	('E1', 'S1')_gcl_length: 0
	F39_('S2', 'S1')_tb: 12823
	F55_('S3', 'E3')_tb: 30426
	F35_('S3', 'S2')_tb: 24799
	F6_('S3', 'S4')_tb: 3776
	F28_('S4', 'E4')_t5_min: 126551
	F30_('S2', 'S1')_tb: 5051
	F48_('S5', 'E5')_t5_max: 189
	F32_('S4', 'S3')_t5_min: 21027
	F14_('E1', 'S1')_t4_max: 44955
	F7_('S1', 'E1')_t3_max: 6925
	F43_('S1', 'E1')_t3_max: 981
	F13_('S5', 'E5')_t3_min: 63898
	F11_('S2', 'S3')_t3_min: 2149
	F12_('E2', 'S2')_t3_min: 1
	F17_('S5', 'E5')_t5_max: 30401
	F8_('S4', 'E4')_t5_min: 60075
	F57_('S2', 'S3')_tb: 30240
	F42_('S2', 'S1')_t3_max: 2979
	F53_('S2', 'S3')_tb: 14363
	F11_('S2', 'S3')_t5_min: 2176
	F19_('S2', 'E2')_tb: 1117
	F20_('E1', 'S1')_t5_max: 19856
	F50_('E5', 'S5')_t3_min: 106772
	F45_('E5', 'S5')_t3_min: 1059
	F11_('S5', 'E5')_t4_max: 2244
	F8_('S4', 'E4')_t5_max: 60093
	F26_('S4', 'S3')_t5_min: 19109
	F30_('S3', 'S2')_t5_max: 5067
	F36_('S3', 'S4')_t5_min: 15744
	F53_('S5', 'E5')_t3_max: 14461
	F24_('S2', 'E2')_t3_min: 5026
	F59_('S5', 'S4')_t5_max: 1093
	F27_('S2', 'E2')_t4_max: 15036
	F25_('S5', 'S4')_t5_max: 1149
	F40_('S4', 'E4')_t4_max: 30671
	F47_('S2', 'E2')_t3_max: 973
	F50_('S2', 'E2')_t3_max: 106816
	F51_('S2', 'S3')_t5_min: 62219
	F45_('E5', 'S5')_t5_min: 1061
	F51_('S5', 'E5')_tb: 62285
	F43_('E5', 'S5')_t3_min: 857
	F50_('S5', 'S4')_t5_max: 106793
	F3_('E1', 'S1')_t3_min: 2525
	F39_('S3', 'S2')_t5_min: 12821
	F37_('S2', 'E2')_t3_max: 14149
	F43_('S1', 'E1')_t5_max: 1001
	F46_('S2', 'S1')_t5_max: 14720
	F41_('E2', 'S2')_t4_min: 62441
	F8_('E1', 'S1')_tb: 60022
	F43_('S1', 'E1')_t3_min: 940
	F9_('S3', 'S2')_t5_min: 6801
	F37_('E1', 'S1')_tb: 14104
	F53_('S4', 'S5')_t3_max: 14430
	F41_('S5', 'E5')_t4_max: 62504
	F23_('S4', 'S3')_t5_max: 3059
	F4_('S4', 'S3')_t5_max: 6668
	F34_('E2', 'S2')_t5_max: 62233
	F27_('S4', 'S3')_tb: 14969
	F17_('S5', 'E5')_t4_max: 30394
	F43_('S3', 'S2')_t3_max: 927
	F51_('E2', 'S2')_t5_max: 62188
	F54_('S4', 'S3')_t5_min: 6916
	F29_('S4', 'S5')_t5_min: 6504
	F55_('E1', 'S1')_t4_min: 30354
	F41_('S4', 'S5')_t3_min: 62455
	F18_('E5', 'S5')_t4_max: 1098
	F8_('E1', 'S1')_t5_min: 60023
	F26_('S2', 'E2')_t4_max: 19159
	F16_('E2', 'S2')_t4_max: 2498
	F47_('E1', 'S1')_t4_min: 945
	F30_('S3', 'S2')_t5_min: 5049
	F27_('S3', 'S2')_t5_max: 15016
	F9_('S3', 'S2')_t5_max: 6837
	F6_('S4', 'E4')_tb: 3784
	F26_('S3', 'S2')_t3_max: 19116
	F10_('S3', 'S2')_tb: 24784
	F45_('S3', 'E3')_t5_min: 1105
	F14_('E1', 'S1')_tb: 44955
	F58_('E4', 'S4')_t4_min: 14302
	F20_('E1', 'S1')_t3_min: 19848
	F12_('S5', 'E5')_t4_max: 89
	F40_('S5', 'S4')_t5_min: 30651
	F52_('E3', 'S3')_t5_min: 71
	F3_('E1', 'S1')_t4_min: 2525
	F15_('S2', 'E2')_tb: 13073
	F58_('E4', 'S4')_tb: 14302
	F39_('S2', 'S1')_t5_min: 12835
	F35_('S1', 'E1')_t5_max: 24881
	F30_('S2', 'S1')_t3_max: 5074
	F5_('S2', 'S3')_t3_min: 58808
	F0_('S1', 'E1')_t4_max: 2767
	F49_('S3', 'S4')_t3_min: 30201
	F28_('S3', 'S4')_t3_min: 126534
	F29_('S5', 'E5')_t3_min: 6506
	F56_('S4', 'S3')_t5_max: 794
	F9_('S2', 'E2')_t4_max: 6844
	F13_('E1', 'S1')_t5_min: 63844
	F26_('S5', 'S4')_t3_min: 19061
	F21_('S3', 'S4')_t3_max: 3824
	F56_('S4', 'S3')_tb: 766
	F11_('S5', 'E5')_tb: 2190
	F23_('S3', 'S2')_t3_min: 3061
	F43_('S2', 'S1')_t3_max: 954
	F58_('E4', 'S4')_t3_min: 14302
	F26_('E5', 'S5')_t4_max: 19047
	F6_('S3', 'S4')_t5_max: 3800
	F43_('S2', 'S1')_t3_min: 931
	F36_('E1', 'S1')_t5_max: 15725
	F16_('S3', 'E3')_t5_min: 2548
	F48_('E3', 'S3')_t4_max: 85
	F54_('S4', 'S3')_t3_max: 6911
	F8_('S4', 'E4')_t3_max: 60079
	F52_('S3', 'S4')_t3_min: 73
	F57_('S3', 'S4')_tb: 30252
	F57_('E2', 'S2')_t4_min: 30211
	F36_('S4', 'E4')_t3_min: 15746
	F39_('S3', 'S2')_tb: 12809
	F23_('S1', 'E1')_t5_max: 3135
	F56_('E4', 'S4')_t5_max: 764
	F39_('S1', 'E1')_t3_max: 12914
	F24_('S2', 'E2')_t3_max: 5049
	F33_('E2', 'S2')_t4_max: 126450
	F33_('E2', 'S2')_t5_max: 126457
	F28_('S4', 'E4')_t3_max: 126551
	F5_('S3', 'E3')_t4_max: 58848
	F36_('S3', 'S4')_tb: 15743
	F25_('S3', 'S2')_t5_min: 1190
	F34_('S1', 'E1')_tb: 62241
	F44_('S2', 'E2')_t4_max: 12920
	F39_('S3', 'S2')_t3_min: 12809
	F42_('E4', 'S4')_tb: 2903
	F18_('S4', 'S3')_t3_max: 1133
	F56_('S3', 'E3')_t4_max: 801
	F49_('S4', 'E4')_t3_min: 30204
	F30_('S4', 'S3')_t5_min: 5040
	F6_('S3', 'S4')_t3_min: 3776
	F7_('S4', 'S3')_tb: 6824
	F35_('S2', 'S1')_t3_max: 24844
	('E5', 'S5')_gcl_length: 0
	F48_('S3', 'S4')_t5_min: 109
	F40_('E5', 'S5')_t4_max: 30632
	F56_('E4', 'S4')_tb: 754
	F24_('E1', 'S1')_t4_min: 5002
	F33_('S3', 'E3')_t4_max: 126504
	F13_('S3', 'S4')_t3_min: 63872
	F13_('S5', 'E5')_t4_max: 63988
	F32_('S5', 'S4')_tb: 20978
	F26_('E5', 'S5')_t4_min: 19047
	F3_('S3', 'E3')_t5_min: 2579
	F39_('E5', 'S5')_t4_min: 12767
	F1_('E3', 'S3')_t4_max: 6879
	F9_('S3', 'S2')_t3_max: 6822
	('E3', 'S3')_gcl_length: 0
	F46_('E4', 'S4')_t5_max: 14667
	F4_('S4', 'S3')_tb: 6623
	F45_('S3', 'E3')_t3_min: 1096
	F29_('E2', 'S2')_t4_max: 6478
	F43_('S3', 'S2')_t5_min: 929
	F34_('S1', 'E1')_t5_max: 62281
	F21_('S1', 'S2')_t5_min: 3786
	F15_('S2', 'E2')_t3_max: 13096
	F38_('S1', 'E1')_t3_max: 3092
	F25_('S1', 'E1')_t5_min: 1213
	F0_('E2', 'S2')_t5_max: 2719
	F21_('S1', 'S2')_t5_max: 3786
	F37_('S2', 'E2')_t5_max: 14171
	F11_('S1', 'S2')_tb: 2143
	F22_('E2', 'S2')_t4_max: 2720
	F19_('E5', 'S5')_t4_min: 1009
	F27_('S3', 'S2')_t3_max: 15014
	F53_('S5', 'E5')_t3_min: 14402
	F43_('E5', 'S5')_t4_min: 857
	F56_('S4', 'S3')_t5_min: 776
	F19_('S5', 'S4')_t3_min: 1023
	F46_('S3', 'S2')_t3_min: 14678
	F42_('S3', 'S2')_tb: 2942
	F51_('S4', 'S5')_t5_min: 62283
	F53_('E2', 'S2')_t3_min: 14350
	F42_('E4', 'S4')_t5_max: 2915
	F49_('S3', 'S4')_t5_max: 30220
	F20_('E1', 'S1')_t5_min: 19856
	F9_('E5', 'S5')_t3_min: 6782
	F38_('E4', 'S4')_tb: 3001
	F58_('S5', 'E5')_t5_max: 14357
	F57_('S3', 'S4')_t5_min: 30262
	F23_('E4', 'S4')_t4_min: 3028
	F38_('S4', 'S3')_t5_min: 3015
	F54_('S3', 'S2')_t3_min: 6918
	F28_('S3', 'S4')_t5_min: 126544
	F13_('S4', 'S5')_t3_min: 63885
	F50_('E5', 'S5')_tb: 106772
	F57_('S4', 'E4')_t4_max: 30287
	F43_('S1', 'E1')_t4_max: 994
	F36_('S1', 'S2')_t5_max: 15733
	F29_('S5', 'E5')_tb: 6506
	F20_('S2', 'S3')_t3_max: 19891
	F19_('S2', 'E2')_t4_max: 1135
	F6_('E3', 'S3')_t4_max: 3768
	F15_('S2', 'E2')_t4_max: 13109
	F45_('S4', 'S3')_tb: 1092
	F33_('S2', 'S3')_tb: 126459
	F7_('S3', 'S2')_tb: 6838
	F21_('E1', 'S1')_t3_min: 3745
	F10_('S2', 'E2')_t5_min: 24800
	F34_('E2', 'S2')_t5_min: 62233
	F52_('E3', 'S3')_t4_min: 65
	F51_('S3', 'S4')_t3_max: 62226
	F2_('E1', 'S1')_t5_max: 2390
	F44_('S4', 'S3')_t5_min: 12874
	F39_('S1', 'E1')_t5_min: 12849
	F15_('S1', 'S2')_t3_min: 13064
	F10_('E4', 'S4')_t5_max: 24751
	F12_('S5', 'E5')_t5_min: 19
	F11_('S2', 'S3')_t5_max: 2176
	F31_('E2', 'S2')_t3_min: 2189
	F50_('S3', 'S2')_t5_max: 106809
	F48_('S3', 'S4')_t5_max: 127
	F42_('S3', 'S2')_t5_min: 2954
	F26_('S3', 'S2')_t5_min: 19140
	F57_('S2', 'S3')_t5_min: 30250
	F29_('S5', 'E5')_t5_min: 6511
	F14_('E1', 'S1')_t4_min: 44955
	F21_('S4', 'S5')_t3_max: 3855
	F5_('E2', 'S2')_t3_min: 58804
	F37_('S2', 'E2')_tb: 14126
	F10_('S4', 'S3')_t5_max: 24765
	F56_('E4', 'S4')_t4_max: 754
	F2_('S1', 'S2')_t3_min: 2392
	F20_('S1', 'S2')_tb: 19858
	F23_('E4', 'S4')_t3_min: 3028
	F25_('S3', 'S2')_t5_max: 1190
	F18_('S3', 'E3')_tb: 1169
	F58_('S4', 'S5')_t5_max: 14332
	F55_('E1', 'S1')_t5_max: 30363
	F32_('S3', 'E3')_t3_min: 21029
	F3_('S1', 'S2')_tb: 2539
	F6_('S4', 'E4')_t3_min: 3784
	F8_('E1', 'S1')_t3_min: 60022
	F37_('S1', 'S2')_t5_max: 14142
	F43_('S3', 'S2')_t3_min: 922
	F15_('E1', 'S1')_t5_max: 13062
	F20_('S1', 'S2')_t5_max: 19884
	('S4', 'S3')_gcl_length: 248
	F5_('E2', 'S2')_tb: 58804
	F44_('S3', 'S2')_t5_max: 12900
	F42_('S3', 'S2')_t3_min: 2942
	F41_('E2', 'S2')_t5_max: 62442
	F19_('S4', 'S3')_t5_max: 1084
	F39_('S4', 'S3')_t5_max: 12843
	F3_('S2', 'S3')_t5_max: 2601
	F44_('S2', 'E2')_t5_min: 12890
	F40_('E5', 'S5')_t4_min: 30632
	F15_('E1', 'S1')_tb: 13055
	F42_('S1', 'E1')_t5_max: 3032
	F58_('S4', 'S5')_tb: 14309
	F7_('S3', 'S2')_t3_max: 6861
	F43_('E5', 'S5')_tb: 857
	F12_('S4', 'S5')_t5_max: 69
	F51_('S2', 'S3')_tb: 62207
	F59_('E5', 'S5')_t5_max: 1082
	F23_('S1', 'E1')_tb: 3111
	F19_('S5', 'S4')_tb: 1040
	F34_('S1', 'E1')_t3_max: 62264
	F36_('E1', 'S1')_t5_min: 15725
	F25_('S2', 'S1')_t3_max: 1197
	F15_('S2', 'E2')_t5_min: 13080
	F16_('E2', 'S2')_t4_min: 2498
	F3_('E1', 'S1')_t5_min: 2537
	F42_('E4', 'S4')_t4_max: 2903
	F26_('E5', 'S5')_t5_min: 19059
	F12_('S5', 'E5')_t5_max: 91
	F53_('E2', 'S2')_tb: 14350
	F44_('S4', 'S3')_t5_max: 12874
	F50_('S3', 'S2')_t5_min: 106809
	F0_('S1', 'E1')_tb: 2749
	F57_('E2', 'S2')_t4_max: 30211
	F57_('S4', 'E4')_t5_max: 30297
	F28_('S4', 'E4')_tb: 126546
	F50_('S4', 'S3')_t5_max: 106801
	F5_('S3', 'E3')_t5_max: 58850
	F1_('S2', 'E2')_t5_max: 6924
	F3_('E1', 'S1')_tb: 2525
	F11_('E1', 'S1')_t5_min: 2141
	F14_('S2', 'E2')_t3_max: 45002
	F24_('S2', 'E2')_tb: 5026
	F16_('S3', 'E3')_t3_max: 2544
	F43_('S4', 'S3')_t3_min: 875
	F53_('S5', 'E5')_tb: 14402
	F51_('S2', 'S3')_t3_min: 62190
	F32_('E5', 'S5')_t5_max: 20976
	F6_('E3', 'S3')_t5_min: 3774
	F21_('S3', 'S4')_t5_max: 3848
	F46_('S4', 'S3')_t5_min: 14676
	F39_('S5', 'S4')_t3_min: 12781
	F19_('S5', 'S4')_t5_max: 1052
	F31_('S2', 'S1')_tb: 2204
	F30_('S1', 'E1')_t4_max: 5114
	F47_('E1', 'S1')_t4_max: 945
	F36_('S2', 'S3')_t3_min: 15735
	F11_('S3', 'S4')_t3_max: 2183
	F30_('S3', 'S2')_t3_min: 5042
	F26_('S3', 'S2')_t3_min: 19111
	F48_('S5', 'E5')_t5_min: 135
	F32_('S5', 'S4')_t5_min: 20990
	F26_('S2', 'E2')_t3_min: 19142
	F8_('S3', 'S4')_t5_max: 60072
	F6_('S4', 'E4')_t3_max: 3807
	F53_('E2', 'S2')_t4_max: 14350
	F50_('S5', 'S4')_t3_min: 106775
	F26_('S3', 'S2')_t5_max: 19140
	F46_('S4', 'S3')_t5_max: 14676
	F39_('E5', 'S5')_t5_min: 12779
	F31_('S1', 'E1')_t5_min: 2222
	F41_('S2', 'S3')_tb: 62449
	F32_('E5', 'S5')_tb: 20964
	F27_('S2', 'E2')_t3_max: 15023
	F7_('S1', 'E1')_t3_min: 6866
	F29_('S3', 'S4')_t5_min: 6497
	F32_('S5', 'S4')_t5_max: 21008
	F50_('S2', 'E2')_t3_min: 106811
	F21_('E1', 'S1')_t5_max: 3756
	F22_('E2', 'S2')_tb: 2720
	F32_('S3', 'E3')_t5_max: 21059
	F25_('S5', 'S4')_t3_min: 1127
	F48_('S5', 'E5')_t4_max: 178
	F54_('S4', 'S3')_t3_min: 6888
	F25_('S1', 'E1')_tb: 1206
	F55_('S1', 'S2')_tb: 30382
	F44_('E4', 'S4')_tb: 12855
	F18_('S3', 'E3')_t5_min: 1173
	F26_('E5', 'S5')_tb: 19047
	F47_('S1', 'S2')_t5_max: 966
	F41_('S2', 'S3')_t5_min: 62450
	F46_('S1', 'E1')_t5_max: 14742
	F35_('S1', 'E1')_t3_max: 24866
	F9_('E5', 'S5')_t5_min: 6784
	F8_('S1', 'S2')_t5_min: 60043
	F38_('S1', 'E1')_tb: 3104
	F23_('S3', 'S2')_t5_max: 3084
	F25_('S1', 'E1')_t5_max: 1231
	F17_('S5', 'E5')_tb: 30358
	F12_('S2', 'S3')_tb: 5
	F50_('E5', 'S5')_t4_min: 106772
	F13_('S2', 'S3')_t3_max: 63882
	F41_('S4', 'S5')_tb: 62483
	F52_('E3', 'S3')_t5_max: 71
	F38_('S4', 'S3')_t5_max: 3033
	F26_('S2', 'E2')_t5_min: 19171
	F56_('E4', 'S4')_t3_min: 754
	F44_('S4', 'S3')_tb: 12868
	F3_('S2', 'S3')_t5_min: 2565
	F20_('S3', 'S4')_t3_max: 19919
	F9_('S5', 'S4')_tb: 6791
	F51_('S2', 'S3')_t5_max: 62219
	F39_('S4', 'S3')_t3_min: 12795
	F4_('S5', 'S4')_t3_min: 6612
	F13_('S3', 'S4')_t5_min: 63883
	F25_('S4', 'S3')_tb: 1151
	F47_('E1', 'S1')_t5_min: 946
	F21_('S4', 'S5')_tb: 3855
	F9_('S2', 'E2')_tb: 6844
	F21_('S5', 'E5')_t5_min: 3879
	F19_('E5', 'S5')_t3_min: 1009
	F0_('S2', 'S1')_tb: 2738
	F18_('E5', 'S5')_t3_min: 1098
	F3_('S3', 'E3')_t4_max: 2621
	F35_('S2', 'S1')_t5_max: 24859
	F28_('E3', 'S3')_tb: 126527
	F8_('S1', 'S2')_tb: 60042
	F51_('S5', 'E5')_t3_min: 62285
	F13_('S1', 'S2')_t5_min: 63857
	F1_('E3', 'S3')_t5_min: 6885
	F50_('E5', 'S5')_t5_min: 106773
	F27_('E5', 'S5')_t4_max: 14961
	F54_('E5', 'S5')_t4_max: 6874
	F38_('S4', 'S3')_t3_min: 3009
	F42_('E4', 'S4')_t4_min: 2903
	F21_('S5', 'E5')_t5_max: 3897
	F56_('S3', 'E3')_t3_min: 778
	F18_('S3', 'E3')_t4_max: 1169
	F58_('S5', 'E5')_t3_max: 14339
	F54_('S5', 'S4')_t3_min: 6881
	F53_('S4', 'S5')_t5_min: 14400
	F17_('S4', 'S5')_t3_min: 30349
	F19_('E5', 'S5')_t5_max: 1021
	F7_('S4', 'S3')_t5_max: 6854
	F51_('E2', 'S2')_t3_min: 62176
	F33_('S3', 'E3')_t5_min: 126475
	F50_('S5', 'S4')_t5_min: 106793
	F35_('S3', 'S2')_t3_max: 24822
	F1_('E3', 'S3')_t4_min: 6879
	F33_('S3', 'E3')_t3_max: 126491
	F30_('S3', 'S2')_t3_max: 5047
	F4_('S4', 'S3')_t5_min: 6632
	F8_('S3', 'S4')_t3_min: 60048
	F4_('S4', 'S3')_t3_max: 6646
	F40_('S4', 'E4')_t3_max: 30658
	F41_('S5', 'E5')_tb: 62486
	F0_('S2', 'S1')_t5_min: 2747
	F43_('S5', 'S4')_t5_max: 891
	F20_('S4', 'S5')_t5_max: 19968
	F25_('E5', 'S5')_t3_min: 1118
	F45_('S3', 'E3')_t3_max: 1101
	F30_('S1', 'E1')_t3_min: 5060
	F16_('E2', 'S2')_t5_max: 2507
	F52_('S4', 'E4')_t3_min: 99
	F21_('S2', 'S3')_t3_max: 3793
	F12_('S5', 'E5')_t3_max: 76
	F36_('S1', 'S2')_t5_min: 15733
	F23_('S2', 'S1')_t5_min: 3109
	F28_('S4', 'E4')_t4_max: 126564
	F19_('S2', 'E2')_t5_min: 1129
	F20_('S5', 'E5')_t3_max: 19975
	F53_('S3', 'S4')_t3_max: 14399
	F25_('S4', 'S3')_t5_min: 1158
	F20_('S5', 'E5')_t5_min: 19906
	F10_('S3', 'S2')_t5_min: 24791
	F25_('S3', 'S2')_tb: 1183
	F21_('S2', 'S3')_tb: 3788
	F13_('S4', 'S5')_t5_min: 63896
	F31_('S2', 'S1')_t5_max: 2212
	F31_('E2', 'S2')_t5_max: 2197
	F14_('S2', 'E2')_t5_max: 45025
	F25_('S4', 'S3')_t5_max: 1176
	F40_('S5', 'S4')_tb: 30645
	F55_('S2', 'S3')_t5_max: 30407
	F32_('S4', 'S3')_t3_max: 21015
	F14_('S1', 'S2')_tb: 44967
	F55_('E1', 'S1')_t4_max: 30354
	F30_('S4', 'S3')_t3_min: 5028
	F42_('S1', 'E1')_t5_min: 3014
	F43_('E5', 'S5')_t5_min: 864
	F35_('S4', 'S3')_t5_min: 24797
	F27_('S3', 'S2')_t5_min: 15016
	F23_('S4', 'S3')_t3_min: 3036
	F21_('E1', 'S1')_t4_max: 3745
	F19_('S3', 'S2')_t3_max: 1091
	F50_('S5', 'S4')_tb: 106792
	F47_('E1', 'S1')_t5_max: 946
	F32_('S5', 'S4')_t3_min: 20978
	F28_('E3', 'S3')_t5_min: 126532
	F29_('S2', 'S3')_t5_max: 6508
	F53_('S3', 'S4')_t5_min: 14387
	F7_('E4', 'S4')_t4_max: 6810
	F33_('S3', 'E3')_tb: 126468
	F39_('S5', 'S4')_t5_max: 12811
	F25_('S1', 'E1')_t3_min: 1206
	F7_('S3', 'S2')_t3_min: 6838
	F16_('E2', 'S2')_tb: 2498
	F46_('S4', 'S3')_tb: 14674
	F44_('S2', 'E2')_t5_max: 12926
	F42_('S1', 'E1')_t4_max: 3020
	F0_('E2', 'S2')_tb: 2710
	F38_('S2', 'S1')_tb: 3025
	F50_('S4', 'S3')_t3_max: 106800
	F12_('S5', 'E5')_tb: 17
	F26_('S4', 'S3')_t3_max: 19085
	F36_('E1', 'S1')_t4_max: 15724
	F39_('E5', 'S5')_t5_max: 12779
	F38_('S4', 'S3')_tb: 3009
	F59_('S5', 'S4')_tb: 1089
	F26_('S3', 'S2')_tb: 19128
	F43_('S1', 'E1')_tb: 940
	F43_('S4', 'S3')_t3_max: 898
	F25_('S2', 'S1')_tb: 1197
	F38_('E4', 'S4')_t4_max: 3001
	F46_('S4', 'S3')_t3_min: 14669
	F57_('E2', 'S2')_t5_min: 30221
	F58_('S5', 'E5')_t5_min: 14321
	F0_('E2', 'S2')_t5_min: 2719
	F59_('S3', 'E3')_t5_min: 1115
	F37_('S2', 'E2')_t4_max: 14162
	F36_('S2', 'S3')_tb: 15740
	F45_('S4', 'S3')_t3_min: 1085
	F7_('S3', 'S2')_t5_min: 6850
	F59_('S5', 'S4')_t5_min: 1093
	F56_('S3', 'E3')_t5_max: 811
	F37_('S2', 'E2')_t3_min: 14126
	F3_('S3', 'E3')_t3_max: 2608
	F36_('S4', 'E4')_t5_min: 15747
	F37_('S2', 'E2')_t5_min: 14135
	F22_('S3', 'E3')_t3_min: 2753
	F32_('S4', 'S3')_t5_max: 21027
	F54_('S4', 'S3')_t5_max: 6916
	F3_('S1', 'S2')_t5_max: 2569
	F56_('S4', 'S3')_t3_min: 766
	F55_('S1', 'S2')_t3_min: 30365
	F39_('E5', 'S5')_t4_max: 12767
	F54_('S2', 'E2')_t4_max: 6962
	F55_('S2', 'S3')_t3_min: 30393
	F13_('S1', 'S2')_tb: 63846
	F14_('S1', 'S2')_t5_min: 44977
	F58_('S5', 'E5')_tb: 14316
	F59_('E5', 'S5')_tb: 1078
	F36_('E1', 'S1')_tb: 15724
	F50_('S4', 'S3')_t3_min: 106795
	F42_('S1', 'E1')_t3_min: 3002
	F13_('E1', 'S1')_t4_max: 63833
	F9_('S4', 'S3')_t5_min: 6797
	F23_('S2', 'S1')_t5_max: 3109
	F12_('S5', 'E5')_t3_min: 17
	F53_('E2', 'S2')_t4_min: 14350
	F34_('S1', 'E1')_t3_min: 62241
	F19_('S4', 'S3')_t5_min: 1066
	F1_('S2', 'E2')_t5_min: 6924
	F8_('E1', 'S1')_t4_max: 60022
	F54_('E5', 'S5')_t4_min: 6874
	F7_('S3', 'S2')_t5_max: 6886
	F4_('E5', 'S5')_t5_max: 6610
	F31_('E2', 'S2')_t5_min: 2197
	F48_('E3', 'S3')_t5_min: 96
	F41_('S2', 'S3')_t5_max: 62450
	F55_('S1', 'S2')_t5_max: 30391
	F45_('E5', 'S5')_t4_min: 1059
	F29_('S4', 'S5')_t3_min: 6499
	F37_('E1', 'S1')_t5_max: 14113
	F32_('S3', 'E3')_t5_min: 21041
	('S2', 'S1')_gcl_length: 82
	F35_('S1', 'E1')_tb: 24807
	F29_('S3', 'S4')_tb: 6492
	F27_('S2', 'E2')_tb: 15018
	F36_('S2', 'S3')_t5_min: 15741
	F53_('S5', 'E5')_t5_max: 14485
	F6_('E3', 'S3')_t5_max: 3774
	F51_('S4', 'S5')_t5_max: 62283
	F50_('S2', 'E2')_t5_min: 106817
	F23_('E4', 'S4')_t4_max: 3028
	F26_('E5', 'S5')_t5_max: 19059
	F55_('E1', 'S1')_t3_min: 30354
	F52_('E3', 'S3')_t4_max: 65
	F38_('S2', 'S1')_t5_min: 3031
	F8_('S2', 'S3')_t5_min: 60046
	F20_('S2', 'S3')_t5_max: 19912
	F9_('S2', 'E2')_t5_max: 6846
	F22_('E2', 'S2')_t5_max: 2725
	F19_('E5', 'S5')_t4_max: 1009
	F39_('S5', 'S4')_t5_min: 12793
	F39_('E5', 'S5')_tb: 12767
	F5_('E2', 'S2')_t4_min: 58804
	F52_('S3', 'S4')_t5_min: 97
	F47_('E1', 'S1')_t3_min: 945
	F43_('E5', 'S5')_t5_max: 864
	F38_('E4', 'S4')_t5_min: 3007
	F13_('S3', 'S4')_t5_max: 63937
	F31_('S1', 'E1')_tb: 2214
	F12_('S4', 'S5')_tb: 13
	F35_('S2', 'S1')_t3_min: 24803
	F13_('S1', 'S2')_t3_min: 63846
	F10_('S3', 'S2')_t3_min: 24767
	F19_('S4', 'S3')_t3_max: 1059
	F50_('S3', 'S2')_t3_min: 106803
	F22_('S3', 'E3')_t5_max: 2777
	F8_('E1', 'S1')_t5_max: 60023
	F51_('S4', 'S5')_t3_min: 62235
	F12_('E2', 'S2')_t4_max: 1
	F17_('S4', 'S5')_tb: 30349
	F15_('S2', 'E2')_t3_min: 13073
	F5_('E2', 'S2')_t4_max: 58804
	F44_('E4', 'S4')_t5_min: 12861
	F36_('S3', 'S4')_t3_max: 15748
	F30_('S1', 'E1')_t5_max: 5121
	F26_('S5', 'S4')_tb: 19066
	F59_('E5', 'S5')_t4_max: 1078
	F26_('S5', 'S4')_t5_max: 19078
	F19_('S4', 'S3')_tb: 1054
	F48_('S5', 'E5')_t3_max: 165
	F30_('E4', 'S4')_t4_min: 5019
	F10_('E4', 'S4')_t3_min: 24744
	F21_('S1', 'S2')_tb: 3775
	F25_('E5', 'S5')_t4_max: 1118
	F13_('S3', 'S4')_t3_max: 63913
	F12_('S3', 'S4')_t5_min: 11
	F21_('S2', 'S3')_t5_min: 3799
	F11_('E1', 'S1')_tb: 2137
	F35_('S1', 'E1')_t5_min: 24809
	F21_('S4', 'S5')_t5_min: 3866
	F18_('S4', 'S3')_t5_min: 1114
	F21_('S5', 'E5')_t3_min: 3868
	F40_('S5', 'S4')_t3_min: 30640
	F55_('S2', 'S3')_tb: 30398
	F39_('S1', 'E1')_t3_min: 12837
	F8_('S1', 'S2')_t3_min: 60025
	F35_('S4', 'S3')_tb: 24795
	F43_('S2', 'S1')_tb: 931
	F27_('E5', 'S5')_t5_max: 14963
	F27_('S2', 'E2')_t5_max: 15038
	F23_('S3', 'S2')_t3_max: 3066
	F28_('E3', 'S3')_t4_min: 126527
	F13_('S2', 'S3')_t5_min: 63870
	F2_('S2', 'E2')_t5_min: 2421
	F33_('S2', 'S3')_t5_max: 126484
	F38_('S2', 'S1')_t5_max: 3085
	F19_('E5', 'S5')_tb: 1009
	F25_('S2', 'S1')_t5_max: 1204
	F50_('S4', 'S3')_t5_min: 106801
	F40_('S4', 'E4')_t3_min: 30653
	F16_('S3', 'E3')_t4_max: 2557
	F55_('E1', 'S1')_tb: 30354
	F9_('S4', 'S3')_tb: 6795
	F8_('S2', 'S3')_t3_max: 60050
	F50_('E5', 'S5')_t5_max: 106773
	F9_('E5', 'S5')_t5_max: 6784
	F46_('S2', 'S1')_t3_max: 14705
	F21_('E1', 'S1')_t5_min: 3756
	F44_('S2', 'E2')_tb: 12884
	F41_('S3', 'S4')_tb: 62452
	F34_('S2', 'S1')_t5_min: 62239
	F12_('E2', 'S2')_t5_min: 3
	F46_('S3', 'S2')_t5_max: 14698
	F49_('S4', 'E4')_t4_max: 30240
	F25_('S2', 'S1')_t5_min: 1204
	F45_('S4', 'S3')_t3_max: 1090
	F23_('S4', 'S3')_t5_min: 3059
	F44_('S3', 'S2')_t3_min: 12876
	F20_('S4', 'S5')_t3_min: 19888
	F19_('S3', 'S2')_t5_max: 1115
	F11_('S3', 'S4')_t3_min: 2178
	('S2', 'E2')_gcl_length: 204
	F53_('S2', 'S3')_t5_min: 14374
	F15_('E1', 'S1')_t5_min: 13062
	F48_('S4', 'S5')_t3_min: 111
	F48_('S3', 'S4')_tb: 98
	F7_('S1', 'E1')_tb: 6866
	F42_('S2', 'S1')_t5_max: 3000
	F30_('E4', 'S4')_t5_max: 5026
	F31_('S2', 'S1')_t5_min: 2212
	F14_('E1', 'S1')_t5_min: 44965
	F16_('E2', 'S2')_t5_min: 2507
	F4_('E5', 'S5')_t4_min: 6601
	F27_('S4', 'S3')_t3_max: 14992
	F32_('S4', 'S3')_t3_min: 20992
	F4_('S5', 'S4')_t5_min: 6621
	F28_('E3', 'S3')_t5_max: 126532
	F24_('E1', 'S1')_t5_max: 5012
	F54_('S2', 'E2')_tb: 6962
	F29_('E2', 'S2')_t5_max: 6483
	F27_('S5', 'S4')_t5_min: 14967
	F18_('E5', 'S5')_t4_min: 1098
	F45_('S3', 'E3')_t5_max: 1105
	F15_('S2', 'E2')_t5_max: 13116
	F21_('S3', 'S4')_tb: 3801
	F5_('S3', 'E3')_t3_max: 58835
	F59_('S4', 'S3')_t5_min: 1104
	F2_('S2', 'E2')_t5_max: 2439
	F44_('E4', 'S4')_t4_max: 12855
	F22_('S2', 'S3')_t3_min: 2727
	F21_('S4', 'S5')_t3_min: 3814
	F27_('S5', 'S4')_tb: 14965
	F19_('S2', 'E2')_t5_max: 1147
	F46_('E4', 'S4')_t4_max: 14665
	F26_('S2', 'E2')_tb: 19159
	F38_('S1', 'E1')_t4_max: 3104
	F0_('S1', 'E1')_t3_min: 2749
	F34_('E2', 'S2')_t4_max: 62229
	F7_('S2', 'S1')_t3_min: 6852
	F46_('E4', 'S4')_t4_min: 14665
	F20_('S5', 'E5')_t5_max: 19996
	F54_('S2', 'E2')_t5_max: 6967
	F48_('E3', 'S3')_tb: 85
	F21_('S5', 'E5')_t3_max: 3873
	F23_('S3', 'S2')_tb: 3078
	F34_('S2', 'S1')_t5_max: 62257
	F7_('S4', 'S3')_t3_min: 6824
	F18_('S3', 'E3')_t5_max: 1173
	F17_('E4', 'S4')_t4_max: 30340
	F46_('S1', 'E1')_tb: 14686
	F0_('S1', 'E1')_t5_max: 2776
	F12_('S3', 'S4')_tb: 9
	F57_('S3', 'S4')_t3_max: 30257
	F25_('E5', 'S5')_t4_min: 1118
	F46_('E4', 'S4')_t3_min: 14665
	F13_('S2', 'S3')_t5_max: 63906
	F7_('S2', 'S1')_tb: 6852
	F50_('S4', 'S3')_tb: 106800
	F55_('S3', 'E3')_t4_max: 30426
	F38_('S3', 'S2')_t5_max: 3059
	F19_('S4', 'S3')_t3_min: 1054
	F21_('S5', 'E5')_t4_max: 3886
	F7_('E4', 'S4')_t5_min: 6822
	F3_('S3', 'E3')_t5_max: 2633
	F36_('S4', 'E4')_t3_max: 15769
	F8_('S4', 'E4')_t4_max: 60092
	F28_('S4', 'E4')_t3_min: 126546
	F53_('S3', 'S4')_t3_min: 14376
	F19_('S3', 'S2')_t5_min: 1115
	F8_('S3', 'S4')_t3_max: 60071
	F7_('S1', 'E1')_t4_max: 6938
	F11_('S5', 'E5')_t3_max: 2231
	F39_('E5', 'S5')_t3_min: 12767
	F30_('S4', 'S3')_tb: 5033
	F4_('S3', 'E3')_t5_max: 6697
	F11_('S5', 'E5')_t5_min: 2194
	F29_('S2', 'S3')_tb: 6485
	F50_('S2', 'E2')_t4_max: 106816
	F20_('E1', 'S1')_t4_min: 19848
	F28_('E3', 'S3')_t3_min: 126527
	F12_('S4', 'S5')_t5_min: 15
	F19_('S3', 'S2')_t3_min: 1068
	F38_('S3', 'S2')_tb: 3017
	F52_('S3', 'S4')_tb: 91
	F17_('E4', 'S4')_tb: 30340
	F11_('S1', 'S2')_t5_max: 2165
	F0_('E2', 'S2')_t4_min: 2710
	F53_('S3', 'S4')_tb: 14376
	F24_('S1', 'S2')_t3_min: 5014
	F35_('E4', 'S4')_tb: 24791
	F18_('S5', 'S4')_t3_min: 1104
	F34_('E2', 'S2')_t3_min: 62229
	F20_('S4', 'S5')_t5_min: 19896
	F9_('S2', 'E2')_t5_min: 6846
	F18_('E5', 'S5')_tb: 1098
	F18_('E5', 'S5')_t5_min: 1102
	F14_('S1', 'S2')_t5_max: 44995
	F23_('S1', 'E1')_t4_max: 3129
	F48_('S4', 'S5')_tb: 111
	F15_('S1', 'S2')_tb: 13064
	F47_('S2', 'E2')_t3_min: 968
	F29_('S3', 'S4')_t3_max: 6515
	F1_('E3', 'S3')_tb: 6879
	F37_('E1', 'S1')_t3_min: 14104
	F39_('S4', 'S3')_t5_min: 12807
	F37_('S1', 'S2')_t5_min: 14124
	F15_('S1', 'S2')_t5_max: 13089
	F1_('S3', 'S2')_t5_min: 6893
	F48_('S4', 'S5')_t3_max: 134
	F57_('S4', 'E4')_t3_min: 30264
	F9_('S3', 'S2')_tb: 6799
	F41_('S4', 'S5')_t3_max: 62478
	F59_('S4', 'S3')_t5_max: 1104
	F56_('S3', 'E3')_t5_min: 811
	F12_('S2', 'S3')_t3_min: 5
	F53_('S4', 'S5')_t5_max: 14454
	F35_('E4', 'S4')_t4_max: 24791
	F48_('S4', 'S5')_t5_min: 122
	F12_('S2', 'S3')_t5_min: 7
	F30_('S2', 'S1')_t3_min: 5051
	F30_('S4', 'S3')_t5_max: 5040
	F56_('S3', 'E3')_t3_max: 801
	F20_('S2', 'S3')_t5_min: 19876
	F0_('S2', 'S1')_t5_max: 2747
	F40_('E5', 'S5')_tb: 30632
	F29_('S4', 'S5')_tb: 6499
	F11_('S1', 'S2')_t3_min: 2143
	F46_('S1', 'E1')_t3_min: 14686
	F16_('S2', 'S3')_tb: 2528
	F10_('S4', 'S3')_t3_min: 24753
	F8_('S3', 'S4')_t5_min: 60072
	('S4', 'E4')_gcl_length: 2
	F58_('E4', 'S4')_t4_max: 14302
	F29_('S5', 'E5')_t5_max: 6583
	F49_('E3', 'S3')_t5_max: 30199
	F45_('S5', 'S4')_t5_min: 1083
	F23_('E4', 'S4')_t5_max: 3034
	F35_('S4', 'S3')_t3_min: 24795
	F29_('S2', 'S3')_t3_min: 6485
	F8_('S1', 'S2')_t5_max: 60043
	F41_('E2', 'S2')_t5_min: 62442
	F9_('S2', 'E2')_t3_max: 6844
	F29_('S3', 'S4')_t5_max: 6533
	F1_('S2', 'E2')_t4_max: 6918
	F33_('S2', 'S3')_t3_min: 126459
	F24_('S2', 'E2')_t4_max: 5062
	F27_('S3', 'S2')_t3_min: 14973
	('S3', 'S2')_gcl_length: 228
	F49_('E3', 'S3')_t3_min: 30198
	F27_('E5', 'S5')_tb: 14961
	F38_('E4', 'S4')_t3_min: 3001
	F10_('S2', 'E2')_tb: 24793
	F36_('S2', 'S3')_t5_max: 15741
	F10_('S2', 'E2')_t3_min: 24793
	F40_('S4', 'E4')_tb: 30653
	F38_('S1', 'E1')_t3_min: 3033
	F7_('S4', 'S3')_t5_min: 6836
	F10_('S3', 'S2')_t3_max: 24772
	F49_('S4', 'E4')_t5_min: 30205
	F42_('S2', 'S1')_t5_min: 3000
	F28_('E3', 'S3')_t4_max: 126527
	F25_('S4', 'S3')_t3_min: 1151
	F54_('S2', 'E2')_t5_min: 6967
	F53_('S4', 'S5')_tb: 14389
	F25_('S1', 'E1')_t4_max: 1224
	F21_('S3', 'S4')_t3_min: 3801
	F3_('E1', 'S1')_t5_max: 2537
	F13_('E1', 'S1')_t4_min: 63833
	F59_('S5', 'S4')_t3_min: 1084
	F3_('S2', 'S3')_t3_max: 2576
	F21_('E1', 'S1')_t4_min: 3745
	F2_('S2', 'E2')_t3_max: 2415
	F11_('E1', 'S1')_t3_min: 2137
	F44_('E4', 'S4')_t4_min: 12855
	F24_('S2', 'E2')_t5_min: 5036
	F7_('S1', 'E1')_t5_min: 6878
	F38_('S1', 'E1')_t5_max: 3110
	F35_('E4', 'S4')_t5_min: 24793
	F18_('E5', 'S5')_t5_max: 1102
	F52_('S4', 'E4')_t5_min: 105
	F48_('S3', 'S4')_t3_min: 98
	F4_('S3', 'E3')_t3_min: 6634
	F11_('E1', 'S1')_t4_max: 2137
	F14_('S2', 'E2')_tb: 44979
	F48_('S5', 'E5')_t3_min: 124
	F47_('S2', 'E2')_t4_max: 977
	F13_('S4', 'S5')_t5_max: 63968
	F38_('S3', 'S2')_t5_min: 3023
	F5_('S3', 'E3')_t5_min: 58814
	F3_('S2', 'S3')_t3_min: 2553
	F42_('S1', 'E1')_t3_max: 3007
	F11_('S1', 'S2')_t5_min: 2147
	F28_('S4', 'E4')_t5_max: 126569
	F21_('S3', 'S4')_t5_min: 3812
	F2_('S2', 'E2')_t3_min: 2410
	F18_('S5', 'S4')_tb: 1104
	F26_('S5', 'S4')_t5_min: 19078
	F32_('E5', 'S5')_t4_min: 20964
	F8_('S3', 'S4')_tb: 60071
	F20_('E1', 'S1')_tb: 19848
	F57_('E2', 'S2')_t3_min: 30211
	F44_('S3', 'S2')_tb: 12876
	F32_('S3', 'E3')_t3_max: 21034
	F11_('S3', 'S4')_t5_max: 2200
	F39_('S1', 'E1')_tb: 12837
	F33_('E2', 'S2')_tb: 126450
	F2_('E1', 'S1')_t4_min: 2379
	F51_('S5', 'E5')_t3_max: 62290
	('S5', 'S4')_gcl_length: 248
	F43_('S3', 'S2')_t5_max: 947
	F36_('S1', 'S2')_tb: 15732
	F49_('S4', 'E4')_t3_max: 30227
