0. Flow F0 [E3-->E4] with period 16000, payload 1047B, e2e delay 16000us, jitter 1600us
	('E3', 'S3'), Operation(12487, None, 12496)(12487, 12487)
	('S3', 'S4'), Operation(12498, None, 12525)(12498, 12516)
	('S4', 'E4'), Operation(12509, None, 12554)(12509, 12545)
1. Flow F1 [E2-->E3] with period 4000, payload 1018B, e2e delay 4000us, jitter 400us
	('E2', 'S2'), Operation(2908, None, 2917)(2908, 2908)
	('S2', 'S3'), Operation(2919, None, 2946)(2919, 2937)
	('S3', 'E3'), Operation(2930, None, 2975)(2930, 2966)
2. Flow F2 [E1-->E2] with period 4000, payload 1389B, e2e delay 4000us, jitter 400us
	('E1', 'S1'), Operation(286, None, 298)(286, 286)
	('S1', 'S2'), Operation(300, None, 330)(300, 318)
	('S2', 'E2'), Operation(314, 337, 349)(337, 337)
3. Flow F3 [E2-->E5] with period 16000, payload 1294B, e2e delay 16000us, jitter 1600us
	('E2', 'S2'), Operation(6778, None, 6789)(6778, 6778)
	('S2', 'S3'), Operation(6791, None, 6820)(6791, 6809)
	('S3', 'S4'), Operation(6804, None, 6851)(6804, 6840)
	('S4', 'S5'), Operation(6817, None, 6882)(6817, 6871)
	('S5', 'E5'), Operation(6830, None, 6913)(6830, 6902)
4. Flow F4 [E4-->E5] with period 64000, payload 321B, e2e delay 64000us, jitter 6400us
	('E4', 'S4'), Operation(58463, None, 58466)(58463, 58463)
	('S4', 'S5'), Operation(58468, 58473, 58476)(58473, 58473)
	('S5', 'E5'), Operation(58478, 58483, 58486)(58483, 58483)
5. Flow F5 [E3-->E4] with period 4000, payload 1400B, e2e delay 4000us, jitter 400us
	('E3', 'S3'), Operation(2337, None, 2349)(2337, 2337)
	('S3', 'S4'), Operation(2351, None, 2381)(2351, 2369)
	('S4', 'E4'), Operation(2365, None, 2413)(2365, 2401)
6. Flow F6 [E1-->E5] with period 32000, payload 421B, e2e delay 32000us, jitter 3200us
	('E1', 'S1'), Operation(31006, None, 31010)(31006, 31006)
	('S1', 'S2'), Operation(31012, None, 31034)(31012, 31030)
	('S2', 'S3'), Operation(31018, None, 31058)(31018, 31054)
	('S3', 'S4'), Operation(31024, None, 31082)(31024, 31078)
	('S4', 'S5'), Operation(31030, 31089, 31093)(31089, 31089)
	('S5', 'E5'), Operation(31095, 31100, 31104)(31100, 31100)
7. Flow F7 [E2-->E1] with period 8000, payload 562B, e2e delay 8000us, jitter 800us
	('E2', 'S2'), Operation(83, None, 88)(83, 83)
	('S2', 'S1'), Operation(90, None, 113)(90, 108)
	('S1', 'E1'), Operation(97, 120, 125)(120, 120)
8. Flow F8 [E3-->E2] with period 2000, payload 918B, e2e delay 2000us, jitter 200us
	('E3', 'S3'), Operation(1961, None, 1969)(1961, 1961)
	('S3', 'S2'), Operation(1971, 1976, 1984)(1976, 1976)
	('S2', 'E2'), Operation(1986, 1991, 1999)(1991, 1991)
9. Flow F9 [E1-->E4] with period 16000, payload 1114B, e2e delay 16000us, jitter 1600us
	('E1', 'S1'), Operation(6925, None, 6934)(6925, 6925)
	('S1', 'S2'), Operation(6936, None, 6963)(6936, 6954)
	('S2', 'S3'), Operation(6947, None, 6992)(6947, 6983)
	('S3', 'S4'), Operation(6958, None, 7021)(6958, 7012)
	('S4', 'E4'), Operation(6969, None, 7050)(6969, 7041)
10. Flow F10 [E1-->E4] with period 2000, payload 971B, e2e delay 2000us, jitter 200us
	('E1', 'S1'), Operation(209, None, 217)(209, 209)
	('S1', 'S2'), Operation(219, 224, 232)(224, 224)
	('S2', 'S3'), Operation(234, None, 260)(234, 252)
	('S3', 'S4'), Operation(244, None, 288)(244, 280)
	('S4', 'E4'), Operation(254, None, 316)(254, 308)
11. Flow F11 [E2-->E1] with period 64000, payload 961B, e2e delay 64000us, jitter 6400us
	('E2', 'S2'), Operation(62713, None, 62721)(62713, 62713)
	('S2', 'S1'), Operation(62723, None, 62749)(62723, 62741)
	('S1', 'E1'), Operation(62733, None, 62777)(62733, 62769)
12. Flow F12 [E1-->E5] with period 128000, payload 594B, e2e delay 128000us, jitter 12800us
	('E1', 'S1'), Operation(44188, None, 44193)(44188, 44188)
	('S1', 'S2'), Operation(44195, None, 44218)(44195, 44213)
	('S2', 'S3'), Operation(44202, 44225, 44230)(44225, 44225)
	('S3', 'S4'), Operation(44232, 44237, 44242)(44237, 44237)
	('S4', 'S5'), Operation(44244, 44249, 44254)(44249, 44249)
	('S5', 'E5'), Operation(44256, 44261, 44266)(44261, 44261)
13. Flow F13 [E1-->E4] with period 2000, payload 526B, e2e delay 2000us, jitter 200us
	('E1', 'S1'), Operation(517, None, 522)(517, 517)
	('S1', 'S2'), Operation(524, 529, 534)(529, 529)
	('S2', 'S3'), Operation(536, 541, 546)(541, 541)
	('S3', 'S4'), Operation(548, None, 571)(548, 566)
	('S4', 'E4'), Operation(555, 578, 583)(578, 578)
14. Flow F14 [E5-->E1] with period 64000, payload 668B, e2e delay 64000us, jitter 6400us
	('E5', 'S5'), Operation(39912, None, 39918)(39912, 39912)
	('S5', 'S4'), Operation(39920, None, 39944)(39920, 39938)
	('S4', 'S3'), Operation(39928, 39951, 39957)(39951, 39951)
	('S3', 'S2'), Operation(39959, 39964, 39970)(39964, 39964)
	('S2', 'S1'), Operation(39972, 39977, 39983)(39977, 39977)
	('S1', 'E1'), Operation(39985, None, 40009)(39985, 40003)
15. Flow F15 [E1-->E4] with period 128000, payload 1205B, e2e delay 128000us, jitter 12800us
	('E1', 'S1'), Operation(123, None, 133)(123, 123)
	('S1', 'S2'), Operation(135, None, 163)(135, 153)
	('S2', 'S3'), Operation(147, None, 193)(147, 183)
	('S3', 'S4'), Operation(159, None, 223)(159, 213)
	('S4', 'E4'), Operation(171, None, 253)(171, 243)
16. Flow F16 [E3-->E4] with period 2000, payload 478B, e2e delay 2000us, jitter 200us
	('E3', 'S3'), Operation(480, None, 484)(480, 480)
	('S3', 'S4'), Operation(486, 491, 495)(491, 491)
	('S4', 'E4'), Operation(497, 502, 506)(502, 502)
17. Flow F17 [E3-->E2] with period 64000, payload 92B, e2e delay 64000us, jitter 6400us
	('E3', 'S3'), Operation(63955, None, 63956)(63955, 63955)
	('S3', 'S2'), Operation(63958, 63963, 63964)(63963, 63963)
	('S2', 'E2'), Operation(63966, None, 63985)(63966, 63984)
18. Flow F18 [E4-->E3] with period 32000, payload 1209B, e2e delay 32000us, jitter 3200us
	('E4', 'S4'), Operation(10859, None, 10869)(10859, 10859)
	('S4', 'S3'), Operation(10871, None, 10899)(10871, 10889)
	('S3', 'E3'), Operation(10883, None, 10929)(10883, 10919)
19. Flow F19 [E4-->E3] with period 32000, payload 1049B, e2e delay 32000us, jitter 3200us
	('E4', 'S4'), Operation(30018, None, 30027)(30018, 30018)
	('S4', 'S3'), Operation(30029, None, 30056)(30029, 30047)
	('S3', 'E3'), Operation(30040, None, 30085)(30040, 30076)
20. Flow F20 [E3-->E5] with period 32000, payload 850B, e2e delay 32000us, jitter 3200us
	('E3', 'S3'), Operation(18316, None, 18323)(18316, 18316)
	('S3', 'S4'), Operation(18325, None, 18350)(18325, 18343)
	('S4', 'S5'), Operation(18334, 18357, 18364)(18357, 18357)
	('S5', 'E5'), Operation(18366, 18371, 18378)(18371, 18371)
21. Flow F21 [E5-->E2] with period 2000, payload 1491B, e2e delay 2000us, jitter 200us
	('E5', 'S5'), Operation(1851, None, 1863)(1851, 1851)
	('S5', 'S4'), Operation(1865, 1870, 1882)(1870, 1870)
	('S4', 'S3'), Operation(1884, 1889, 1901)(1889, 1889)
	('S3', 'S2'), Operation(1903, None, 1933)(1903, 1921)
	('S2', 'E2'), Operation(1917, None, 1965)(1917, 1953)
22. Flow F22 [E2-->E5] with period 64000, payload 542B, e2e delay 64000us, jitter 6400us
	('E2', 'S2'), Operation(50492, None, 50497)(50492, 50492)
	('S2', 'S3'), Operation(50499, None, 50522)(50499, 50517)
	('S3', 'S4'), Operation(50506, None, 50547)(50506, 50542)
	('S4', 'S5'), Operation(50513, 50554, 50559)(50554, 50554)
	('S5', 'E5'), Operation(50561, 50566, 50571)(50566, 50566)
23. Flow F23 [E1-->E5] with period 16000, payload 746B, e2e delay 16000us, jitter 1600us
	('E1', 'S1'), Operation(14932, None, 14938)(14932, 14932)
	('S1', 'S2'), Operation(14940, None, 14964)(14940, 14958)
	('S2', 'S3'), Operation(14948, None, 14990)(14948, 14984)
	('S3', 'S4'), Operation(14956, None, 15016)(14956, 15010)
	('S4', 'S5'), Operation(14964, 15023, 15029)(15023, 15023)
	('S5', 'E5'), Operation(15031, None, 15055)(15031, 15049)
24. Flow F24 [E5-->E4] with period 2000, payload 629B, e2e delay 2000us, jitter 200us
	('E5', 'S5'), Operation(125, None, 131)(125, 125)
	('S5', 'S4'), Operation(133, 138, 144)(138, 138)
	('S4', 'E4'), Operation(146, None, 170)(146, 164)
25. Flow F25 [E3-->E2] with period 16000, payload 893B, e2e delay 16000us, jitter 1600us
	('E3', 'S3'), Operation(15865, None, 15873)(15865, 15865)
	('S3', 'S2'), Operation(15875, 15880, 15888)(15880, 15880)
	('S2', 'E2'), Operation(15890, None, 15916)(15890, 15908)
26. Flow F26 [E3-->E4] with period 128000, payload 606B, e2e delay 128000us, jitter 12800us
	('E3', 'S3'), Operation(126938, None, 126943)(126938, 126938)
	('S3', 'S4'), Operation(126945, 126950, 126955)(126950, 126950)
	('S4', 'E4'), Operation(126957, None, 126980)(126957, 126975)
27. Flow F27 [E5-->E1] with period 64000, payload 879B, e2e delay 64000us, jitter 6400us
	('E5', 'S5'), Operation(62087, None, 62095)(62087, 62087)
	('S5', 'S4'), Operation(62097, 62102, 62110)(62102, 62102)
	('S4', 'S3'), Operation(62112, None, 62138)(62112, 62130)
	('S3', 'S2'), Operation(62122, 62145, 62153)(62145, 62145)
	('S2', 'S1'), Operation(62155, None, 62181)(62155, 62173)
	('S1', 'E1'), Operation(62165, None, 62209)(62165, 62201)
28. Flow F28 [E4-->E5] with period 8000, payload 1219B, e2e delay 8000us, jitter 800us
	('E4', 'S4'), Operation(6885, None, 6895)(6885, 6885)
	('S4', 'S5'), Operation(6897, 6902, 6912)(6902, 6902)
	('S5', 'E5'), Operation(6914, 6919, 6929)(6919, 6919)
29. Flow F29 [E3-->E1] with period 4000, payload 1484B, e2e delay 4000us, jitter 400us
	('E3', 'S3'), Operation(1, None, 13)(1, 1)
	('S3', 'S2'), Operation(15, 20, 32)(20, 20)
	('S2', 'S1'), Operation(34, None, 64)(34, 52)
	('S1', 'E1'), Operation(48, None, 96)(48, 84)
30. Flow F30 [E1-->E3] with period 16000, payload 592B, e2e delay 16000us, jitter 1600us
	('E1', 'S1'), Operation(14576, None, 14581)(14576, 14576)
	('S1', 'S2'), Operation(14583, 14588, 14593)(14588, 14588)
	('S2', 'S3'), Operation(14595, None, 14618)(14595, 14613)
	('S3', 'E3'), Operation(14602, 14625, 14630)(14625, 14625)
31. Flow F31 [E1-->E5] with period 64000, payload 1018B, e2e delay 64000us, jitter 6400us
	('E1', 'S1'), Operation(46864, None, 46873)(46864, 46864)
	('S1', 'S2'), Operation(46875, 46880, 46889)(46880, 46880)
	('S2', 'S3'), Operation(46891, None, 46918)(46891, 46909)
	('S3', 'S4'), Operation(46902, None, 46947)(46902, 46938)
	('S4', 'S5'), Operation(46913, 46954, 46963)(46954, 46954)
	('S5', 'E5'), Operation(46965, 46970, 46979)(46970, 46970)
32. Flow F32 [E4-->E3] with period 2000, payload 968B, e2e delay 2000us, jitter 200us
	('E4', 'S4'), Operation(1, None, 9)(1, 1)
	('S4', 'S3'), Operation(11, 16, 24)(16, 16)
	('S3', 'E3'), Operation(26, 31, 39)(31, 31)
33. Flow F33 [E2-->E5] with period 4000, payload 644B, e2e delay 4000us, jitter 400us
	('E2', 'S2'), Operation(2611, None, 2617)(2611, 2611)
	('S2', 'S3'), Operation(2619, None, 2643)(2619, 2637)
	('S3', 'S4'), Operation(2627, None, 2669)(2627, 2663)
	('S4', 'S5'), Operation(2635, 2676, 2682)(2676, 2676)
	('S5', 'E5'), Operation(2684, None, 2708)(2684, 2702)
34. Flow F34 [E5-->E4] with period 64000, payload 1419B, e2e delay 64000us, jitter 6400us
	('E5', 'S5'), Operation(37959, None, 37971)(37959, 37959)
	('S5', 'S4'), Operation(37973, 37978, 37990)(37978, 37978)
	('S4', 'E4'), Operation(37992, 37997, 38009)(37997, 37997)
35. Flow F35 [E4-->E5] with period 32000, payload 1091B, e2e delay 32000us, jitter 3200us
	('E4', 'S4'), Operation(30481, None, 30490)(30481, 30481)
	('S4', 'S5'), Operation(30492, 30497, 30506)(30497, 30497)
	('S5', 'E5'), Operation(30508, None, 30535)(30508, 30526)
36. Flow F36 [E5-->E3] with period 16000, payload 836B, e2e delay 16000us, jitter 1600us
	('E5', 'S5'), Operation(7975, None, 7982)(7975, 7975)
	('S5', 'S4'), Operation(7984, 7989, 7996)(7989, 7989)
	('S4', 'S3'), Operation(7998, 8003, 8010)(8003, 8003)
	('S3', 'E3'), Operation(8012, 8017, 8024)(8017, 8017)
37. Flow F37 [E5-->E2] with period 32000, payload 1229B, e2e delay 32000us, jitter 3200us
	('E5', 'S5'), Operation(30507, None, 30517)(30507, 30507)
	('S5', 'S4'), Operation(30519, 30524, 30534)(30524, 30524)
	('S4', 'S3'), Operation(30536, 30541, 30551)(30541, 30541)
	('S3', 'S2'), Operation(30553, None, 30581)(30553, 30571)
	('S2', 'E2'), Operation(30565, 30588, 30598)(30588, 30588)
38. Flow F38 [E4-->E2] with period 2000, payload 1110B, e2e delay 2000us, jitter 200us
	('E4', 'S4'), Operation(467, None, 476)(467, 467)
	('S4', 'S3'), Operation(478, 483, 492)(483, 483)
	('S3', 'S2'), Operation(494, 499, 508)(499, 499)
	('S2', 'E2'), Operation(510, 515, 524)(515, 515)
39. Flow F39 [E5-->E3] with period 32000, payload 336B, e2e delay 32000us, jitter 3200us
	('E5', 'S5'), Operation(30542, None, 30545)(30542, 30542)
	('S5', 'S4'), Operation(30547, None, 30568)(30547, 30565)
	('S4', 'S3'), Operation(30552, 30575, 30578)(30575, 30575)
	('S3', 'E3'), Operation(30580, None, 30601)(30580, 30598)
40. Flow F40 [E5-->E2] with period 16000, payload 1008B, e2e delay 16000us, jitter 1600us
	('E5', 'S5'), Operation(5947, None, 5956)(5947, 5947)
	('S5', 'S4'), Operation(5958, 5963, 5972)(5963, 5963)
	('S4', 'S3'), Operation(5974, None, 6001)(5974, 5992)
	('S3', 'S2'), Operation(5985, 6008, 6017)(6008, 6008)
	('S2', 'E2'), Operation(6019, 6024, 6033)(6024, 6024)
41. Flow F41 [E3-->E5] with period 32000, payload 1053B, e2e delay 32000us, jitter 3200us
	('E3', 'S3'), Operation(26420, None, 26429)(26420, 26420)
	('S3', 'S4'), Operation(26431, 26436, 26445)(26436, 26436)
	('S4', 'S5'), Operation(26447, 26452, 26461)(26452, 26452)
	('S5', 'E5'), Operation(26463, 26468, 26477)(26468, 26468)
42. Flow F42 [E3-->E4] with period 32000, payload 1044B, e2e delay 32000us, jitter 3200us
	('E3', 'S3'), Operation(26392, None, 26401)(26392, 26392)
	('S3', 'S4'), Operation(26403, None, 26430)(26403, 26421)
	('S4', 'E4'), Operation(26414, None, 26459)(26414, 26450)
43. Flow F43 [E4-->E1] with period 64000, payload 865B, e2e delay 64000us, jitter 6400us
	('E4', 'S4'), Operation(62491, None, 62498)(62491, 62491)
	('S4', 'S3'), Operation(62500, None, 62525)(62500, 62518)
	('S3', 'S2'), Operation(62509, None, 62552)(62509, 62545)
	('S2', 'S1'), Operation(62518, None, 62579)(62518, 62572)
	('S1', 'E1'), Operation(62527, None, 62606)(62527, 62599)
44. Flow F44 [E5-->E4] with period 32000, payload 1258B, e2e delay 32000us, jitter 3200us
	('E5', 'S5'), Operation(30098, None, 30109)(30098, 30098)
	('S5', 'S4'), Operation(30111, 30116, 30127)(30116, 30116)
	('S4', 'E4'), Operation(30129, 30134, 30145)(30134, 30134)
45. Flow F45 [E3-->E5] with period 64000, payload 1388B, e2e delay 64000us, jitter 6400us
	('E3', 'S3'), Operation(62558, None, 62570)(62558, 62558)
	('S3', 'S4'), Operation(62572, None, 62602)(62572, 62590)
	('S4', 'S5'), Operation(62586, None, 62634)(62586, 62622)
	('S5', 'E5'), Operation(62600, 62641, 62653)(62641, 62641)
46. Flow F46 [E3-->E5] with period 128000, payload 584B, e2e delay 128000us, jitter 12800us
	('E3', 'S3'), Operation(118678, None, 118683)(118678, 118678)
	('S3', 'S4'), Operation(118685, 118690, 118695)(118690, 118690)
	('S4', 'S5'), Operation(118697, 118702, 118707)(118702, 118702)
	('S5', 'E5'), Operation(118709, 118714, 118719)(118714, 118714)
47. Flow F47 [E2-->E3] with period 2000, payload 900B, e2e delay 2000us, jitter 200us
	('E2', 'S2'), Operation(704, None, 712)(704, 704)
	('S2', 'S3'), Operation(714, None, 740)(714, 732)
	('S3', 'E3'), Operation(724, None, 768)(724, 760)
48. Flow F48 [E1-->E5] with period 16000, payload 1119B, e2e delay 16000us, jitter 1600us
	('E1', 'S1'), Operation(6714, None, 6723)(6714, 6714)
	('S1', 'S2'), Operation(6725, 6730, 6739)(6730, 6730)
	('S2', 'S3'), Operation(6741, None, 6768)(6741, 6759)
	('S3', 'S4'), Operation(6752, 6775, 6784)(6775, 6775)
	('S4', 'S5'), Operation(6786, 6791, 6800)(6791, 6791)
	('S5', 'E5'), Operation(6802, None, 6829)(6802, 6820)
49. Flow F49 [E2-->E5] with period 128000, payload 756B, e2e delay 128000us, jitter 12800us
	('E2', 'S2'), Operation(122884, None, 122891)(122884, 122884)
	('S2', 'S3'), Operation(122893, None, 122918)(122893, 122911)
	('S3', 'S4'), Operation(122902, 122925, 122932)(122925, 122925)
	('S4', 'S5'), Operation(122934, 122939, 122946)(122939, 122939)
	('S5', 'E5'), Operation(122948, 122953, 122960)(122953, 122953)
50. Flow F50 [E3-->E2] with period 64000, payload 756B, e2e delay 64000us, jitter 6400us
	('E3', 'S3'), Operation(62016, None, 62023)(62016, 62016)
	('S3', 'S2'), Operation(62025, None, 62050)(62025, 62043)
	('S2', 'E2'), Operation(62034, None, 62077)(62034, 62070)
51. Flow F51 [E5-->E2] with period 32000, payload 724B, e2e delay 32000us, jitter 3200us
	('E5', 'S5'), Operation(30036, None, 30042)(30036, 30036)
	('S5', 'S4'), Operation(30044, 30049, 30055)(30049, 30049)
	('S4', 'S3'), Operation(30057, 30062, 30068)(30062, 30062)
	('S3', 'S2'), Operation(30070, None, 30094)(30070, 30088)
	('S2', 'E2'), Operation(30078, 30101, 30107)(30101, 30101)
52. Flow F52 [E3-->E4] with period 4000, payload 330B, e2e delay 4000us, jitter 400us
	('E3', 'S3'), Operation(2492, None, 2495)(2492, 2492)
	('S3', 'S4'), Operation(2497, 2502, 2505)(2502, 2502)
	('S4', 'E4'), Operation(2507, None, 2528)(2507, 2525)
53. Flow F53 [E5-->E1] with period 64000, payload 900B, e2e delay 64000us, jitter 6400us
	('E5', 'S5'), Operation(62055, None, 62063)(62055, 62055)
	('S5', 'S4'), Operation(62065, 62070, 62078)(62070, 62070)
	('S4', 'S3'), Operation(62080, 62085, 62093)(62085, 62085)
	('S3', 'S2'), Operation(62095, None, 62121)(62095, 62113)
	('S2', 'S1'), Operation(62105, 62128, 62136)(62128, 62128)
	('S1', 'E1'), Operation(62138, 62143, 62151)(62143, 62143)
54. Flow F54 [E3-->E2] with period 2000, payload 623B, e2e delay 2000us, jitter 200us
	('E3', 'S3'), Operation(331, None, 336)(331, 331)
	('S3', 'S2'), Operation(338, 343, 348)(343, 343)
	('S2', 'E2'), Operation(350, 355, 360)(355, 355)
55. Flow F55 [E2-->E1] with period 8000, payload 1290B, e2e delay 8000us, jitter 800us
	('E2', 'S2'), Operation(2480, None, 2491)(2480, 2480)
	('S2', 'S1'), Operation(2493, None, 2522)(2493, 2511)
	('S1', 'E1'), Operation(2506, None, 2553)(2506, 2542)
56. Flow F56 [E3-->E4] with period 64000, payload 1301B, e2e delay 64000us, jitter 6400us
	('E3', 'S3'), Operation(62291, None, 62302)(62291, 62291)
	('S3', 'S4'), Operation(62304, None, 62333)(62304, 62322)
	('S4', 'E4'), Operation(62317, None, 62364)(62317, 62353)
57. Flow F57 [E3-->E4] with period 64000, payload 1215B, e2e delay 64000us, jitter 6400us
	('E3', 'S3'), Operation(38426, None, 38436)(38426, 38426)
	('S3', 'S4'), Operation(38438, None, 38466)(38438, 38456)
	('S4', 'E4'), Operation(38450, None, 38496)(38450, 38486)
58. Flow F58 [E1-->E2] with period 2000, payload 552B, e2e delay 2000us, jitter 200us
	('E1', 'S1'), Operation(883, None, 888)(883, 883)
	('S1', 'S2'), Operation(890, 895, 900)(895, 895)
	('S2', 'E2'), Operation(902, 907, 912)(907, 907)
59. Flow F59 [E2-->E5] with period 8000, payload 1088B, e2e delay 8000us, jitter 800us
	('E2', 'S2'), Operation(6675, None, 6684)(6675, 6675)
	('S2', 'S3'), Operation(6686, None, 6713)(6686, 6704)
	('S3', 'S4'), Operation(6697, None, 6742)(6697, 6733)
	('S4', 'S5'), Operation(6708, 6749, 6758)(6749, 6749)
	('S5', 'E5'), Operation(6760, None, 6787)(6760, 6778)

SMT variables: 
	F27_('S5', 'S4')_rr: 1
	F54_jitter: 0
	F6_('S1', 'S2')_gc: False
	F32_jitter: 0
	F47_('S2', 'S3')_rr: 0
	F27_('E5', 'S5')_rr: 0
	F27_('S3', 'S2')_gc: True
	F31_('S1', 'S2')_t4_max: 46880
	F50_('S2', 'E2')_gc: False
	F52_('S3', 'S4')_gc: True
	F7_queue_index: 0
	F3_('S4', 'S5')_gc: False
	F2_('E1', 'S1')_tb: 286
	F31_('S2', 'S3')_gc: False
	F57_('S3', 'S4')_gc: False
	F30_('S3', 'E3')_t4_min: 14625
	F35_('S5', 'E5')_t4_min: 30508
	F2_('S1', 'S2')_t4_min: 300
	F8_('S3', 'S2')_t3_min: 1971
	F12_('E1', 'S1')_rr: 0
	F20_('S4', 'S5')_tb: 18357
	F42_('S3', 'S4')_gc: False
	F19_('S3', 'E3')_t5_max: 30085
	F27_('E5', 'S5')_t3_min: 62087
	F35_('S5', 'E5')_gc: False
	F43_('S3', 'S2')_gc: False
	F51_('S5', 'S4')_gc: True
	F10_('S3', 'S4')_rr: 0
	F12_('S1', 'S2')_rr: 0
	('S4', 'S3')_gcl_cycle: 64000
	F16_('E3', 'S3')_t3_max: 467
	F17_('E3', 'S3')_rr: 0
	F9_('S2', 'S3')_t4_min: 6947
	F38_('E4', 'S4')_rr: 0
	F53_('S4', 'S3')_rr: 1
	F27_('S2', 'S1')_t5_max: 62181
	F55_('S2', 'S1')_rr: 0
	F59_('S3', 'S4')_rr: 0
	F22_queue_index: 0
	F35_('S5', 'E5')_rr: 0
	F28_('S5', 'E5')_t5_max: 6929
	F2_('E1', 'S1')_t5_min: 298
	F48_('S4', 'S5')_t4_max: 6791
	F2_('E1', 'S1')_rr: 0
	F36_('E5', 'S5')_gc: False
	F34_('S5', 'S4')_rr: 1
	F10_('S3', 'S4')_t4_min: 244
	F43_('S2', 'S1')_t5_max: 62579
	F30_('S3', 'E3')_gc: True
	F24_('E5', 'S5')_t3_max: 112
	F18_('S4', 'S3')_t4_max: 10889
	F5_('E3', 'S3')_gc: False
	F5_('S3', 'S4')_t4_min: 2351
	F24_('S5', 'S4')_t5_min: 144
	F54_queue_index: 0
	F9_('S1', 'S2')_t4_min: 6936
	F28_('S5', 'E5')_rr: 16
	F12_('S3', 'S4')_gc: True
	F56_('E3', 'S3')_gc: False
	F13_jitter: 0
	F1_jitter: 36
	F13_('S3', 'S4')_t4_min: 548
	F12_('S3', 'S4')_t4_min: 44237
	F20_('S4', 'S5')_t4_max: 18357
	F15_jitter: 72
	F28_('S5', 'E5')_t3_max: 6919
	F14_('S3', 'S2')_t4_min: 39964
	F18_('S3', 'E3')_gc: False
	F40_('S2', 'E2')_gc: True
	F51_('S5', 'S4')_t4_max: 30049
	F36_('S5', 'S4')_t4_min: 7989
	F54_('S2', 'E2')_t4_min: 355
	F6_queue_index: 0
	F49_('S2', 'S3')_t4_min: 122893
	F17_('S2', 'E2')_rr: 0
	F43_('S1', 'E1')_t4_min: 62527
	F48_jitter: 18
	F37_('S5', 'S4')_rr: 2
	F3_('S4', 'S5')_t5_max: 6882
	F24_('S4', 'E4')_t4_min: 146
	F21_('E5', 'S5')_t5_min: 1863
	F47_('S2', 'S3')_gc: False
	F25_('E3', 'S3')_rr: 0
	F35_('E4', 'S4')_rr: 0
	F49_('E2', 'S2')_t5_max: 122891
	F16_('S3', 'S4')_t4_max: 491
	F42_('E3', 'S3')_t3_max: 26379
	F3_('E2', 'S2')_t5_min: 6789
	F37_('E5', 'S5')_t3_max: 30494
	('E2', 'S2')_gcl_cycle: 1
	F7_('S2', 'S1')_t4_min: 90
	F2_('S2', 'E2')_rr: 8
	F45_('S5', 'E5')_rr: 2
	('S2', 'E2')_gcl_cycle: 32000
	F48_('S2', 'S3')_rr: 0
	F16_('E3', 'S3')_tb: 480
	F26_('E3', 'S3')_t4_min: 126938
	F20_('S3', 'S4')_tb: 18325
	F16_('S4', 'E4')_gc: True
	F57_('S3', 'S4')_t4_min: 38438
	F41_('S3', 'S4')_t4_min: 26436
	F14_('E5', 'S5')_tb: 39912
	F30_('S2', 'S3')_t4_max: 14613
	F43_('S4', 'S3')_t4_min: 62500
	F36_('E5', 'S5')_t3_max: 7962
	F12_('S1', 'S2')_tb: 44195
	F37_('S2', 'E2')_rr: 1
	F36_('S4', 'S3')_tb: 8003
	F10_('S4', 'E4')_gc: False
	F16_('S3', 'S4')_gc: True
	F47_('S3', 'E3')_tb: 724
	F9_('S2', 'S3')_rr: 0
	F33_('S4', 'S5')_t4_max: 2676
	F23_('S2', 'S3')_rr: 0
	F4_('S5', 'E5')_rr: 2
	F0_('S3', 'S4')_t3_min: 12498
	F52_jitter: 18
	F59_('E2', 'S2')_tb: 6675
	('S3', 'E3')_gcl_cycle: 16000
	F13_('S1', 'S2')_t4_min: 529
	F49_('S2', 'S3')_t4_max: 122911
	F24_('S5', 'S4')_t4_min: 138
	F10_('E1', 'S1')_gc: False
	F10_('S1', 'S2')_t4_min: 224
	F30_('S1', 'S2')_t4_max: 14588
	F41_('E3', 'S3')_gc: False
	F51_('S4', 'S3')_t4_min: 30062
	F6_('E1', 'S1')_rr: 0
	F53_('S2', 'S1')_t4_min: 62128
	F8_('S3', 'S2')_gc: True
	F53_('S3', 'S2')_t4_max: 62113
	F38_('S4', 'S3')_gc: True
	F3_('S2', 'S3')_t4_min: 6791
	F28_jitter: 0
	F37_('S4', 'S3')_t4_min: 30541
	F38_('S4', 'S3')_t4_min: 483
	F8_('S3', 'S2')_rr: 32
	F27_('E5', 'S5')_gc: False
	F56_('E3', 'S3')_rr: 0
	F22_('E2', 'S2')_gc: False
	F6_('S4', 'S5')_t4_min: 31089
	F51_('S3', 'S2')_t4_min: 30070
	F0_('S3', 'S4')_gc: False
	F15_('S4', 'E4')_rr: 0
	F16_('S3', 'S4')_rr: 64
	F48_('S3', 'S4')_gc: True
	F49_('S3', 'S4')_rr: 1
	F58_('E1', 'S1')_t3_max: 870
	F13_('E1', 'S1')_gc: False
	F21_('S2', 'E2')_t4_min: 1917
	F59_('S4', 'S5')_tb: 6749
	F28_('E4', 'S4')_rr: 0
	F6_('S2', 'S3')_gc: False
	F48_('E1', 'S1')_rr: 0
	F51_('S5', 'S4')_rr: 2
	F24_('E5', 'S5')_gc: False
	F53_('S3', 'S2')_gc: False
	F43_('S4', 'S3')_gc: False
	F29_('E3', 'S3')_t3_max: -12
	F23_('S1', 'S2')_t4_min: 14940
	F22_('S5', 'E5')_t3_max: 50566
	F49_('S5', 'E5')_gc: True
	F41_('S3', 'S4')_gc: True
	F42_('E3', 'S3')_gc: False
	F23_('S2', 'S3')_t4_max: 14984
	F14_('S2', 'S1')_rr: 1
	F46_('S4', 'S5')_t4_max: 118702
	F33_('S4', 'S5')_rr: 32
	F42_('S3', 'S4')_rr: 0
	F3_('S4', 'S5')_t3_min: 6817
	F3_('E2', 'S2')_rr: 0
	F48_('S3', 'S4')_rr: 8
	F45_('S4', 'S5')_t4_max: 62622
	F45_('S3', 'S4')_gc: False
	F54_('S3', 'S2')_t4_min: 343
	F50_('E3', 'S3')_rr: 0
	F45_('S3', 'S4')_tb: 62572
	F37_('S4', 'S3')_gc: True
	F6_('S2', 'S3')_t4_max: 31054
	F26_('S3', 'S4')_t4_max: 126950
	F0_('S3', 'S4')_t4_min: 12498
	F52_('S3', 'S4')_t4_min: 2502
	F23_('S5', 'E5')_rr: 0
	F12_('S1', 'S2')_t4_max: 44213
	F17_('S3', 'S2')_t4_max: 63963
	F31_('S4', 'S5')_t4_min: 46954
	F3_('S3', 'S4')_rr: 0
	F18_('S3', 'E3')_rr: 0
	F32_('S3', 'E3')_gc: True
	F58_jitter: 0
	F49_queue_index: 0
	F14_('S3', 'S2')_rr: 1
	F53_('S3', 'S2')_tb: 62095
	F22_('S4', 'S5')_gc: True
	F38_queue_index: 0
	F27_('S3', 'S2')_rr: 1
	F42_('S4', 'E4')_gc: False
	F43_('E4', 'S4')_rr: 0
	F58_('E1', 'S1')_tb: 883
	F23_queue_index: 0
	F37_('S5', 'S4')_t4_max: 30524
	F36_('S3', 'E3')_t4_min: 8017
	('E1', 'S1')_gcl_cycle: 1
	F38_('S4', 'S3')_t4_max: 483
	F36_('S5', 'S4')_t5_max: 7996
	F53_jitter: 0
	F53_('S4', 'S3')_t3_max: 62085
	F3_('S3', 'S4')_tb: 6804
	F31_('S4', 'S5')_t3_min: 46913
	F20_('S3', 'S4')_t4_min: 18325
	F3_('S3', 'S4')_gc: False
	F6_('S4', 'S5')_gc: True
	F18_jitter: 36
	F21_('S4', 'S3')_t4_min: 1889
	F13_('S2', 'S3')_rr: 64
	F26_('S3', 'S4')_t4_min: 126950
	F19_('S3', 'E3')_t4_min: 30040
	('S1', 'S2')_gcl_cycle: 64000
	F27_('S2', 'S1')_rr: 0
	F31_('S3', 'S4')_rr: 0
	F25_('S3', 'S2')_t4_max: 15880
	F40_('S4', 'S3')_t4_min: 5974
	F46_('S4', 'S5')_gc: True
	F31_('S4', 'S5')_gc: True
	F38_('S2', 'E2')_t5_max: 524
	F31_('S4', 'S5')_t4_max: 46954
	F59_('S4', 'S5')_gc: True
	F59_('S5', 'E5')_t4_min: 6760
	F10_('S1', 'S2')_gc: True
	F9_('S1', 'S2')_t4_max: 6954
	F9_('S1', 'S2')_t5_min: 6945
	F51_('S2', 'E2')_gc: True
	F30_('S1', 'S2')_gc: True
	F18_('S3', 'E3')_t4_min: 10883
	F37_('S5', 'S4')_t4_min: 30524
	F57_('S3', 'S4')_t3_min: 38438
	F41_('S5', 'E5')_t5_min: 26477
	F14_('S2', 'S1')_gc: True
	F45_('S4', 'S5')_gc: False
	F48_('S2', 'S3')_t4_max: 6759
	F44_('E5', 'S5')_t5_min: 30109
	F21_jitter: 36
	F12_('S3', 'S4')_rr: 1
	F12_('S4', 'S5')_gc: True
	F1_('E2', 'S2')_gc: False
	F28_('E4', 'S4')_t4_max: 6885
	F15_('S4', 'E4')_gc: False
	F4_('S4', 'S5')_t4_max: 58473
	F6_('S1', 'S2')_t3_min: 31012
	F49_('E2', 'S2')_rr: 0
	F33_('S4', 'S5')_t5_max: 2682
	F58_('S1', 'S2')_t4_min: 895
	F49_('E2', 'S2')_tb: 122884
	F12_('S2', 'S3')_rr: 1
	F35_('S4', 'S5')_rr: 4
	F22_('S3', 'S4')_rr: 0
	F3_('E2', 'S2')_gc: False
	F12_('E1', 'S1')_gc: False
	F17_('E3', 'S3')_t4_max: 63955
	F20_('S5', 'E5')_t4_min: 18371
	F11_queue_index: 0
	F10_('S2', 'S3')_t4_max: 252
	F31_('E1', 'S1')_gc: False
	F14_('S1', 'E1')_t4_min: 39985
	F48_('S2', 'S3')_t4_min: 6741
	F50_jitter: 36
	F26_('S4', 'E4')_gc: False
	F51_('S2', 'E2')_t4_min: 30101
	F51_('S5', 'S4')_tb: 30049
	F6_('S5', 'E5')_rr: 4
	F28_('S5', 'E5')_t4_min: 6919
	F12_('E1', 'S1')_t3_max: 44175
	F26_('S4', 'E4')_t4_min: 126957
	F48_('S1', 'S2')_gc: True
	F29_('S2', 'S1')_t4_max: 52
	F16_('S3', 'S4')_t3_min: 486
	F23_('S2', 'S3')_gc: False
	F26_('S3', 'S4')_gc: True
	F15_queue_index: 0
	F47_('S2', 'S3')_t4_min: 714
	F29_('S2', 'S1')_gc: False
	F26_jitter: 18
	F3_('S4', 'S5')_t3_max: 6858
	F50_('S2', 'E2')_t4_min: 62034
	F4_('S5', 'E5')_gc: True
	F5_('S3', 'S4')_t4_max: 2369
	F7_('S1', 'E1')_rr: 8
	F50_('S2', 'E2')_rr: 0
	('S1', 'E1')_gcl_cycle: 64000
	F3_('S5', 'E5')_gc: False
	F12_('S3', 'S4')_t3_min: 44232
	F29_('S1', 'E1')_t3_max: 71
	F1_('S3', 'E3')_t4_min: 2930
	F23_('S5', 'E5')_t4_min: 15031
	F40_('S5', 'S4')_t5_max: 5972
	F53_('S4', 'S3')_t3_min: 62080
	F22_('E2', 'S2')_t5_min: 50497
	F21_('S3', 'S2')_t4_max: 1921
	F20_('S3', 'S4')_t5_min: 18332
	F12_('S2', 'S3')_gc: True
	F12_queue_index: 0
	F30_jitter: 0
	F56_('S4', 'E4')_t4_min: 62317
	F10_('E1', 'S1')_t3_max: 196
	F30_('S1', 'S2')_rr: 4
	F30_('S2', 'S3')_rr: 0
	F48_('S2', 'S3')_gc: False
	F17_('S2', 'E2')_t4_min: 63966
	F14_('S2', 'S1')_t4_min: 39977
	F6_('S2', 'S3')_rr: 0
	F4_('S4', 'S5')_tb: 58473
	F20_jitter: 0
	F3_('S4', 'S5')_t4_min: 6817
	F52_('S4', 'E4')_gc: False
	F8_('E3', 'S3')_t3_max: 1948
	F10_jitter: 54
	F36_('E5', 'S5')_rr: 0
	F49_('S2', 'S3')_tb: 122893
	F41_('S4', 'S5')_t4_min: 26452
	F59_('S5', 'E5')_gc: False
	F44_('S5', 'S4')_t4_max: 30116
	F21_('S2', 'E2')_rr: 0
	F32_('E4', 'S4')_rr: 0
	F47_jitter: 36
	F33_('S2', 'S3')_rr: 0
	F1_('S3', 'E3')_gc: False
	F21_('S2', 'E2')_t3_max: 1940
	F7_('S2', 'S1')_gc: False
	F10_('S4', 'E4')_t4_min: 254
	F23_('S4', 'S5')_t4_min: 15023
	F32_('E4', 'S4')_t3_max: -12
	F4_('S4', 'S5')_t4_min: 58473
	F59_('S4', 'S5')_t4_max: 6749
	F53_('S5', 'S4')_gc: True
	F19_('S4', 'S3')_gc: False
	F11_('S2', 'S1')_t4_max: 62741
	F39_jitter: 18
	F40_('S3', 'S2')_gc: True
	F23_('S3', 'S4')_tb: 14956
	F30_('S2', 'S3')_t5_max: 14618
	F17_('S2', 'E2')_gc: False
	F33_('S4', 'S5')_gc: True
	F43_('S2', 'S1')_gc: False
	F24_('S4', 'E4')_t5_max: 170
	F20_('S5', 'E5')_rr: 4
	F29_jitter: 36
	F22_('S2', 'S3')_gc: False
	F58_('S2', 'E2')_t4_min: 907
	F15_('S3', 'S4')_gc: False
	F50_('S2', 'E2')_tb: 62034
	F20_('E3', 'S3')_t3_max: 18303
	F49_('S5', 'E5')_t4_min: 122953
	F23_('S1', 'S2')_rr: 0
	F44_('S5', 'S4')_t4_min: 30116
	F33_queue_index: 0
	F11_('E2', 'S2')_rr: 0
	F6_('S4', 'S5')_t4_max: 31089
	F26_('E3', 'S3')_t3_max: 126925
	F9_jitter: 72
	F22_('S2', 'S3')_t4_max: 50517
	F43_('S1', 'E1')_gc: False
	F48_('S5', 'E5')_rr: 0
	F36_('S4', 'S3')_rr: 4
	F53_('S4', 'S3')_gc: True
	F41_('S5', 'E5')_t5_max: 26477
	F9_('E1', 'S1')_t3_max: 6912
	F0_queue_index: 0
	F45_('S4', 'S5')_rr: 0
	F16_queue_index: 0
	F11_('S1', 'E1')_rr: 0
	F53_('S3', 'S2')_t4_min: 62095
	F2_('S1', 'S2')_t5_max: 330
	F14_('E5', 'S5')_t3_max: 39899
	F20_('S3', 'S4')_t4_max: 18343
	F5_('S4', 'E4')_rr: 0
	F15_('S2', 'S3')_t4_min: 147
	F56_('S3', 'S4')_gc: False
	F33_('S5', 'E5')_gc: False
	F3_('S5', 'E5')_t4_max: 6902
	F21_('S5', 'S4')_rr: 32
	F20_('S5', 'E5')_t3_min: 18366
	F37_('S5', 'S4')_gc: True
	F29_('S2', 'S1')_t4_min: 34
	F10_('S2', 'S3')_t3_max: 239
	F54_('S2', 'E2')_rr: 16
	F6_('S5', 'E5')_t4_min: 31100
	F19_('S3', 'E3')_gc: False
	F30_('E1', 'S1')_t3_max: 14563
	F0_('S3', 'S4')_t4_max: 12516
	F43_('S2', 'S1')_t4_min: 62518
	F30_('E1', 'S1')_rr: 0
	F22_('S2', 'S3')_t4_min: 50499
	F55_('S1', 'E1')_gc: False
	F54_('E3', 'S3')_t5_max: 336
	('E3', 'S3')_gcl_cycle: 1
	F43_('S2', 'S1')_t4_max: 62572
	F20_('E3', 'S3')_t5_min: 18323
	F51_('S3', 'S2')_t3_min: 30070
	F54_('S3', 'S2')_rr: 32
	F24_jitter: 18
	F52_('S3', 'S4')_rr: 32
	F59_jitter: 18
	F33_('E2', 'S2')_t3_max: 2598
	F41_('S3', 'S4')_t5_min: 26445
	F29_('S2', 'S1')_rr: 0
	F40_('S5', 'S4')_t4_max: 5963
	F9_('E1', 'S1')_t3_min: 6925
	F55_('S2', 'S1')_gc: False
	F56_jitter: 36
	F15_('S1', 'S2')_t4_min: 135
	F50_('S3', 'S2')_rr: 0
	F37_('S4', 'S3')_tb: 30541
	F9_('S3', 'S4')_gc: False
	F31_('S3', 'S4')_gc: False
	F42_jitter: 36
	F53_('E5', 'S5')_tb: 62055
	F17_('S2', 'E2')_t3_min: 63966
	F7_jitter: 0
	F30_('S2', 'S3')_t3_min: 14595
	F42_('S3', 'S4')_t4_max: 26421
	F18_('S3', 'E3')_t3_min: 10883
	F24_('S4', 'E4')_t3_max: 151
	F42_queue_index: 0
	F13_('S1', 'S2')_t5_max: 534
	F2_queue_index: 0
	F34_('E5', 'S5')_tb: 37959
	F54_('S3', 'S2')_t5_min: 348
	F6_('E1', 'S1')_t3_max: 30993
	('S2', 'S1')_gcl_cycle: 64000
	F55_('S1', 'E1')_t4_max: 2542
	F23_('S3', 'S4')_t5_max: 15016
	F6_('S2', 'S3')_t4_min: 31018
	F23_('S1', 'S2')_t4_max: 14958
	F15_('S1', 'S2')_t5_min: 145
	F51_('E5', 'S5')_gc: False
	F56_('S3', 'S4')_t4_max: 62322
	F6_('S4', 'S5')_rr: 4
	F40_('E5', 'S5')_rr: 0
	F41_('S5', 'E5')_rr: 4
	F59_('E2', 'S2')_t3_max: 6662
	F22_('S3', 'S4')_t4_min: 50506
	F13_('S3', 'S4')_gc: False
	F39_('S5', 'S4')_t4_min: 30547
	F12_('S4', 'S5')_t3_min: 44244
	F34_jitter: 0
	F35_('E4', 'S4')_t5_max: 30490
	F46_('S5', 'E5')_t4_min: 118714
	F9_('S4', 'E4')_t4_min: 6969
	F22_('S2', 'S3')_t5_min: 50504
	F41_('S4', 'S5')_t4_max: 26452
	F38_('S3', 'S2')_t3_max: 499
	F33_('S2', 'S3')_t4_min: 2619
	F29_('S3', 'S2')_rr: 16
	F46_('S5', 'E5')_t4_max: 118714
	F52_('S4', 'E4')_t5_max: 2528
	F59_queue_index: 0
	F3_('E2', 'S2')_t3_max: 6765
	F53_('S1', 'E1')_rr: 1
	F59_('S2', 'S3')_t3_min: 6686
	F11_('E2', 'S2')_t3_max: 62700
	F40_('S2', 'E2')_rr: 2
	F25_jitter: 18
	F46_('E3', 'S3')_t3_max: 118665
	F10_('S3', 'S4')_gc: False
	F39_('S3', 'E3')_gc: False
	F31_('S5', 'E5')_t4_min: 46970
	F53_('S5', 'S4')_t4_max: 62070
	F53_('S5', 'S4')_t4_min: 62070
	F41_('E3', 'S3')_t4_min: 26420
	F56_('S3', 'S4')_t5_min: 62315
	F44_('S5', 'S4')_tb: 30116
	F21_queue_index: 0
	F13_('S4', 'E4')_gc: True
	F34_('S5', 'S4')_gc: True
	F41_('S3', 'S4')_rr: 4
	F40_('S4', 'S3')_gc: False
	F7_('S1', 'E1')_gc: True
	F9_('E1', 'S1')_rr: 0
	F22_('S5', 'E5')_rr: 2
	F15_('S1', 'S2')_gc: False
	F16_('E3', 'S3')_gc: False
	F38_('S4', 'S3')_rr: 32
	F35_('E4', 'S4')_t3_max: 30468
	F13_('S4', 'E4')_rr: 32
	F35_jitter: 18
	F1_('E2', 'S2')_tb: 2908
	F24_('S4', 'E4')_gc: False
	F9_('S1', 'S2')_rr: 0
	F17_('S3', 'S2')_rr: 1
	F14_jitter: 18
	F13_('S2', 'S3')_t4_max: 541
	F33_('S3', 'S4')_gc: False
	F59_('S5', 'E5')_t5_min: 6769
	F44_('E5', 'S5')_rr: 0
	F16_('S4', 'E4')_t3_max: 502
	F31_('S3', 'S4')_t4_max: 46938
	F33_('S3', 'S4')_rr: 0
	F37_('S2', 'E2')_t4_min: 30588
	F3_('E2', 'S2')_t4_max: 6778
	F38_('S3', 'S2')_t4_max: 499
	F38_('S2', 'E2')_t4_min: 515
	F21_('S5', 'S4')_gc: True
	F7_('E2', 'S2')_rr: 0
	F58_('E1', 'S1')_rr: 0
	F51_queue_index: 0
	F38_jitter: 0
	F33_('S4', 'S5')_t4_min: 2676
	F38_('E4', 'S4')_gc: False
	F46_('E3', 'S3')_gc: False
	F15_('S2', 'S3')_t4_max: 183
	F52_('S4', 'E4')_rr: 0
	F51_('E5', 'S5')_t4_min: 30036
	('E4', 'S4')_gcl_cycle: 1
	F36_('S5', 'S4')_gc: True
	F28_('E4', 'S4')_gc: False
	F44_('E5', 'S5')_gc: False
	F3_('S3', 'S4')_t4_max: 6840
	F14_('S2', 'S1')_t3_max: 39977
	F47_('E2', 'S2')_t4_max: 704
	F22_('S2', 'S3')_rr: 0
	F52_('S4', 'E4')_t4_min: 2507
	F17_('S3', 'S2')_t5_max: 63964
	F44_('S5', 'S4')_gc: True
	F57_('S3', 'S4')_t5_max: 38466
	F36_('S4', 'S3')_gc: True
	F32_('E4', 'S4')_gc: False
	F27_('S1', 'E1')_t4_min: 62165
	F32_('S3', 'E3')_t4_min: 31
	F36_('S4', 'S3')_t3_min: 7998
	F42_('E3', 'S3')_rr: 0
	F34_('S4', 'E4')_t4_min: 37997
	F3_jitter: 72
	F27_queue_index: 0
	F29_('S1', 'E1')_t4_max: 84
	F22_('S2', 'S3')_t5_max: 50522
	F20_('E3', 'S3')_gc: False
	F18_('E4', 'S4')_t3_max: 10846
	F8_('E3', 'S3')_rr: 0
	F0_('E3', 'S3')_t3_max: 12474
	F41_('S5', 'E5')_t3_max: 26468
	F14_('S1', 'E1')_t4_max: 40003
	F36_('S4', 'S3')_t4_max: 8003
	F59_('S5', 'E5')_t5_max: 6787
	F15_('E1', 'S1')_t3_max: 110
	F37_('S2', 'E2')_gc: True
	F12_jitter: 0
	F13_('S2', 'S3')_gc: True
	F48_('S4', 'S5')_gc: True
	F48_('S1', 'S2')_t4_max: 6730
	F57_jitter: 36
	F36_('S3', 'E3')_gc: True
	F15_('S1', 'S2')_t4_max: 153
	F32_('S4', 'S3')_rr: 32
	F6_('S5', 'E5')_gc: True
	F17_queue_index: 0
	F33_('S5', 'E5')_t4_min: 2684
	F15_('S4', 'E4')_t5_max: 253
	F14_('S4', 'S3')_t5_max: 39957
	F22_('S4', 'S5')_rr: 2
	F15_('E1', 'S1')_gc: False
	F6_('E1', 'S1')_gc: False
	F14_('S4', 'S3')_t5_min: 39957
	F8_queue_index: 0
	F12_('S4', 'S5')_rr: 1
	F20_('S5', 'E5')_t4_max: 18371
	F23_('S5', 'E5')_t5_max: 15055
	F11_('E2', 'S2')_t4_max: 62713
	F27_('S4', 'S3')_gc: False
	F43_jitter: 72
	('S3', 'S2')_gcl_cycle: 64000
	F17_('E3', 'S3')_gc: False
	F27_('S2', 'S1')_gc: False
	F31_('E1', 'S1')_t3_max: 46851
	F2_('S2', 'E2')_t4_min: 337
	F23_jitter: 18
	F12_('S3', 'S4')_t4_max: 44237
	F18_('S3', 'E3')_t3_max: 10906
	F10_('S2', 'S3')_rr: 0
	F42_('S4', 'E4')_rr: 0
	F0_('E3', 'S3')_rr: 0
	F43_('E4', 'S4')_t3_max: 62478
	F16_('S4', 'E4')_t4_min: 502
	F40_('E5', 'S5')_gc: False
	F12_('S1', 'S2')_gc: False
	F40_('S4', 'S3')_rr: 0
	F52_('E3', 'S3')_rr: 0
	F37_queue_index: 0
	F31_queue_index: 0
	F0_('S4', 'E4')_gc: False
	F19_jitter: 36
	F34_('S5', 'S4')_t4_max: 37978
	F31_('S1', 'S2')_t4_min: 46880
	F33_('S2', 'S3')_t5_min: 2625
	F14_('S3', 'S2')_t4_max: 39964
	F37_('S5', 'S4')_t5_min: 30534
	F21_('E5', 'S5')_gc: False
	F24_('S5', 'S4')_gc: True
	F25_('S2', 'E2')_gc: False
	F41_('S4', 'S5')_gc: True
	F51_('S4', 'S3')_t3_max: 30062
	F46_('S3', 'S4')_t4_min: 118690
	F53_('S4', 'S3')_t4_min: 62085
	F48_('E1', 'S1')_t5_min: 6723
	F1_('S2', 'S3')_t4_min: 2919
	F58_('S1', 'S2')_gc: True
	F31_('S2', 'S3')_rr: 0
	F0_('E3', 'S3')_gc: False
	F30_('S2', 'S3')_gc: False
	F12_('S4', 'S5')_t4_max: 44249
	('S4', 'E4')_gcl_cycle: 64000
	F48_('E1', 'S1')_t3_max: 6701
	F55_('E2', 'S2')_t3_max: 2467
	F21_('S2', 'E2')_t4_max: 1953
	F31_('S4', 'S5')_rr: 2
	F1_('S2', 'S3')_rr: 0
	F18_('E4', 'S4')_gc: False
	F43_('S3', 'S2')_t4_max: 62545
	F59_('S2', 'S3')_t4_min: 6686
	F14_('S4', 'S3')_gc: True
	F55_queue_index: 0
	F21_('S4', 'S3')_rr: 32
	F22_('E2', 'S2')_rr: 0
	F25_('E3', 'S3')_t3_max: 15852
	F21_('S2', 'E2')_gc: False
	F57_('E3', 'S3')_rr: 0
	F47_('S2', 'S3')_t4_max: 732
	F21_('S2', 'E2')_t5_min: 1929
	F35_queue_index: 0
	F9_('S4', 'E4')_gc: False
	('S2', 'S3')_gcl_cycle: 128000
	F24_('S5', 'S4')_t4_max: 138
	F22_('S3', 'S4')_gc: False
	F8_('S3', 'S2')_t4_max: 1976
	F27_('S5', 'S4')_t4_min: 62102
	F58_queue_index: 0
	F56_('E3', 'S3')_t4_min: 62291
	F11_('S2', 'S1')_rr: 0
	F36_('S5', 'S4')_rr: 4
	F52_('S3', 'S4')_t5_max: 2505
	F31_('S2', 'S3')_t5_min: 46900
	F43_('S2', 'S1')_rr: 0
	F53_('S5', 'S4')_rr: 1
	F36_queue_index: 0
	F14_('S2', 'S1')_t4_max: 39977
	F30_('S3', 'E3')_t5_max: 14630
	F22_('S5', 'E5')_gc: True
	F19_('E4', 'S4')_gc: False
	F25_('S2', 'E2')_rr: 0
	F52_queue_index: 0
	F29_('S3', 'S2')_gc: True
	F43_('S4', 'S3')_t4_max: 62518
	F45_('S4', 'S5')_t4_min: 62586
	F15_('S4', 'E4')_t4_min: 171
	F23_('S2', 'S3')_t4_min: 14948
	F40_queue_index: 0
	F9_('S3', 'S4')_rr: 0
	F26_('E3', 'S3')_rr: 0
	F7_('E2', 'S2')_t3_max: 70
	F3_('S5', 'E5')_t4_min: 6830
	F2_('S1', 'S2')_t5_min: 312
	F44_('S4', 'E4')_gc: True
	F3_('S2', 'S3')_t4_max: 6809
	F5_queue_index: 0
	F9_('S3', 'S4')_t4_min: 6958
	F53_('S1', 'E1')_t4_min: 62143
	F10_('S1', 'S2')_rr: 32
	F46_('E3', 'S3')_rr: 0
	F46_('S4', 'S5')_rr: 1
	F27_('E5', 'S5')_t4_min: 62087
	F19_('S4', 'S3')_t4_min: 30029
	F13_('S4', 'E4')_t4_min: 578
	F52_('S4', 'E4')_t3_max: 2512
	F54_('S3', 'S2')_t5_max: 348
	F22_('S5', 'E5')_t4_min: 50566
	F10_('S4', 'E4')_t4_max: 308
	F40_('S5', 'S4')_t4_min: 5963
	F56_('E3', 'S3')_t5_max: 62302
	F12_('S2', 'S3')_t5_max: 44230
	F50_('E3', 'S3')_t3_max: 62003
	F18_('E4', 'S4')_rr: 0
	F20_('S3', 'S4')_rr: 0
	F7_('E2', 'S2')_t3_min: 83
	F43_('S3', 'S2')_rr: 0
	F37_jitter: 0
	F48_('E1', 'S1')_gc: False
	F2_('S1', 'S2')_rr: 0
	F24_('S4', 'E4')_rr: 0
	F5_('E3', 'S3')_t3_max: 2324
	F42_('S3', 'S4')_t4_min: 26403
	F47_('E2', 'S2')_t3_max: 691
	F59_('S3', 'S4')_gc: False
	F59_('S3', 'S4')_t4_max: 6733
	F56_('S3', 'S4')_t4_min: 62304
	F38_('S3', 'S2')_rr: 32
	F51_jitter: 0
	F25_('S3', 'S2')_t3_min: 15875
	F25_queue_index: 0
	F49_('S4', 'S5')_gc: True
	F39_('S4', 'S3')_t4_min: 30575
	F32_queue_index: 0
	F48_('S2', 'S3')_t5_max: 6768
	F12_('S5', 'E5')_t4_min: 44261
	F49_('S2', 'S3')_rr: 0
	F53_('S2', 'S1')_t4_max: 62128
	F44_queue_index: 0
	F23_('S3', 'S4')_t4_min: 14956
	F31_('S3', 'S4')_t4_min: 46902
	F55_jitter: 36
	F2_('S1', 'S2')_t4_max: 318
	F54_('S3', 'S2')_t4_max: 343
	F19_('E4', 'S4')_rr: 0
	F53_('S2', 'S1')_rr: 1
	F59_('S2', 'S3')_t5_min: 6695
	F36_('S4', 'S3')_t4_min: 8003
	F9_('S3', 'S4')_t3_max: 6999
	F27_('S2', 'S1')_t4_max: 62173
	F10_('S4', 'E4')_rr: 0
	F57_('E3', 'S3')_t3_max: 38413
	F16_('S4', 'E4')_rr: 32
	F41_('E3', 'S3')_rr: 0
	F9_('S2', 'S3')_gc: False
	F51_('S3', 'S2')_rr: 0
	F6_('S3', 'S4')_gc: False
	F6_('S1', 'S2')_t5_max: 31034
	F4_('E4', 'S4')_t3_max: 58450
	F40_('S2', 'E2')_t5_max: 6033
	F9_('S3', 'S4')_t4_max: 7012
	F38_('S2', 'E2')_gc: True
	F39_('S4', 'S3')_rr: 2
	F46_('S3', 'S4')_gc: True
	F23_('S4', 'S5')_gc: True
	F54_('E3', 'S3')_gc: False
	F49_('E2', 'S2')_gc: False
	F29_('E3', 'S3')_gc: False
	F1_('S2', 'S3')_gc: False
	F28_('S5', 'E5')_gc: True
	F29_('S1', 'E1')_t4_min: 48
	F49_('S3', 'S4')_t4_min: 122925
	F50_('E3', 'S3')_t4_min: 62016
	F34_('S4', 'E4')_rr: 1
	F21_('S3', 'S2')_rr: 0
	F49_('S5', 'E5')_rr: 1
	F53_('E5', 'S5')_t3_min: 62055
	F22_jitter: 0
	F18_('S4', 'S3')_gc: False
	F12_('S1', 'S2')_t3_min: 44195
	F33_('S5', 'E5')_rr: 0
	F55_('E2', 'S2')_rr: 0
	F58_('S2', 'E2')_rr: 16
	F27_('S4', 'S3')_t4_max: 62130
	F51_('S4', 'S3')_gc: True
	F37_('S3', 'S2')_t4_max: 30571
	F25_('S2', 'E2')_t3_max: 15895
	F15_('E1', 'S1')_t4_min: 123
	F49_('S3', 'S4')_t4_max: 122925
	F41_('S3', 'S4')_t3_min: 26431
	F8_('S2', 'E2')_t5_max: 1999
	F48_('S5', 'E5')_gc: False
	F53_('S4', 'S3')_t4_max: 62085
	F13_('E1', 'S1')_tb: 517
	F29_('S2', 'S1')_t5_max: 64
	F4_('S5', 'E5')_t4_min: 58483
	F45_jitter: 0
	F4_('S4', 'S5')_rr: 2
	F4_('E4', 'S4')_rr: 0
	F43_('S1', 'E1')_rr: 0
	F47_('E2', 'S2')_gc: False
	F11_('S2', 'S1')_t4_min: 62723
	F27_('S4', 'S3')_rr: 0
	F14_('E5', 'S5')_rr: 0
	F39_('S5', 'S4')_gc: False
	F58_('S2', 'E2')_gc: True
	F5_('S3', 'S4')_gc: False
	F27_('S3', 'S2')_tb: 62145
	F4_('E4', 'S4')_gc: False
	F44_('S4', 'E4')_t4_min: 30134
	F40_jitter: 0
	F3_('S2', 'S3')_gc: False
	F36_jitter: 0
	F20_('S5', 'E5')_gc: True
	F39_('E5', 'S5')_rr: 0
	F53_('S1', 'E1')_gc: True
	F28_('S4', 'S5')_gc: True
	F29_('S3', 'S2')_t4_max: 20
	F43_('S3', 'S2')_t4_min: 62509
	F32_('S4', 'S3')_tb: 16
	F37_('S5', 'S4')_tb: 30524
	F39_queue_index: 0
	F8_('S2', 'E2')_gc: True
	F22_('S3', 'S4')_t4_max: 50542
	F43_('S3', 'S2')_t5_max: 62552
	F13_('S3', 'S4')_rr: 0
	F31_('S5', 'E5')_gc: True
	F31_('E1', 'S1')_rr: 0
	F14_('S5', 'S4')_rr: 0
	F37_('S4', 'S3')_rr: 2
	F8_('S2', 'E2')_t4_min: 1991
	F27_('S3', 'S2')_t4_max: 62145
	('S5', 'S4')_gcl_length: 162
	F46_('S5', 'E5')_t3_min: 118709
	F40_('S2', 'E2')_t4_max: 6024
	F57_('S4', 'E4')_rr: 0
	F23_('S2', 'S3')_t5_min: 14954
	F31_('S1', 'S2')_gc: True
	F47_('S3', 'E3')_rr: 0
	F25_('E3', 'S3')_t5_max: 15873
	F29_queue_index: 0
	F40_('S3', 'S2')_rr: 4
	F22_('S4', 'S5')_t4_max: 50554
	F48_('S4', 'S5')_rr: 8
	F48_('S3', 'S4')_t4_min: 6775
	F9_('E1', 'S1')_gc: False
	F12_('S2', 'S3')_t4_min: 44225
	F2_('E1', 'S1')_t4_min: 286
	F43_('S4', 'S3')_rr: 0
	F8_jitter: 0
	F47_('E2', 'S2')_rr: 0
	F0_('S4', 'E4')_rr: 0
	F43_('S4', 'S3')_t5_max: 62525
	F26_('S3', 'S4')_rr: 1
	F52_('E3', 'S3')_gc: False
	F25_('S3', 'S2')_t4_min: 15880
	F10_('S2', 'S3')_gc: False
	F51_('S4', 'S3')_t4_max: 30062
	F27_('S4', 'S3')_t4_min: 62112
	F8_('S3', 'S2')_tb: 1976
	F57_('S3', 'S4')_rr: 0
	F57_('S4', 'E4')_t4_min: 38450
	F2_('E1', 'S1')_t3_max: 273
	F8_('E3', 'S3')_gc: False
	F11_('E2', 'S2')_gc: False
	F40_('S2', 'E2')_t4_min: 6024
	F21_('S4', 'S3')_t4_max: 1889
	F35_('S4', 'S5')_t4_max: 30497
	F13_('S3', 'S4')_t4_max: 566
	F36_('S3', 'E3')_tb: 8017
	F14_('S4', 'S3')_rr: 1
	F19_('E4', 'S4')_t3_max: 30005
	F34_('E5', 'S5')_t3_max: 37946
	F15_('E1', 'S1')_rr: 0
	F54_('S3', 'S2')_tb: 343
	F53_('E5', 'S5')_t3_max: 62042
	F2_('S2', 'E2')_gc: True
	F33_('S2', 'S3')_gc: False
	F34_('E5', 'S5')_t5_max: 37971
	F35_('S5', 'E5')_t3_max: 30513
	F33_jitter: 18
	F12_('S5', 'E5')_rr: 1
	F50_('S3', 'S2')_t4_max: 62043
	F41_jitter: 0
	F23_('S1', 'S2')_gc: False
	F14_('E5', 'S5')_t4_min: 39912
	F45_('E3', 'S3')_t3_max: 62545
	F14_('S1', 'E1')_rr: 0
	F59_('E2', 'S2')_t4_min: 6675
	F5_jitter: 36
	F59_('S2', 'S3')_t4_max: 6704
	F27_('S2', 'S1')_tb: 62155
	F14_('E5', 'S5')_t5_max: 39918
	F50_('E3', 'S3')_gc: False
	F36_('S3', 'E3')_t5_min: 8024
	F34_('E5', 'S5')_gc: False
	F19_queue_index: 0
	F6_('S1', 'S2')_t4_min: 31012
	F1_('E2', 'S2')_t3_max: 2895
	F33_('E2', 'S2')_tb: 2611
	F34_('E5', 'S5')_rr: 0
	F19_('S4', 'S3')_t4_max: 30047
	F49_('S4', 'S5')_t4_max: 122939
	F48_('S5', 'E5')_t4_min: 6802
	F42_('S4', 'E4')_t4_min: 26414
	F3_('S3', 'S4')_t4_min: 6804
	F45_('S3', 'S4')_t5_max: 62602
	F3_('S5', 'E5')_t3_min: 6830
	F0_('S3', 'S4')_rr: 0
	F9_('S4', 'E4')_rr: 0
	F41_('S4', 'S5')_rr: 4
	F23_('E1', 'S1')_gc: False
	F54_('S2', 'E2')_gc: True
	F48_('S1', 'S2')_t5_max: 6739
	F36_('S5', 'S4')_t4_max: 7989
	F14_('S5', 'S4')_gc: False
	F19_('E4', 'S4')_t3_min: 30018
	F4_jitter: 0
	F3_('S4', 'S5')_rr: 0
	F20_queue_index: 0
	F5_('S3', 'S4')_rr: 0
	F23_('S3', 'S4')_gc: False
	F16_('S3', 'S4')_t4_min: 491
	F53_('E5', 'S5')_gc: False
	F52_('S3', 'S4')_t4_max: 2502
	F32_('S3', 'E3')_t3_max: 31
	F55_('S2', 'S1')_t4_min: 2493
	F25_('S3', 'S2')_gc: True
	F59_('E2', 'S2')_gc: False
	F48_queue_index: 0
	F25_('E3', 'S3')_t3_min: 15865
	F45_('S3', 'S4')_t4_max: 62590
	F10_('S3', 'S4')_t4_max: 280
	F55_('S1', 'E1')_rr: 0
	F14_queue_index: 0
	F15_('S3', 'S4')_rr: 0
	F54_('S3', 'S2')_gc: True
	F7_('S2', 'S1')_rr: 0
	F49_('S2', 'S3')_gc: False
	F42_('E3', 'S3')_tb: 26392
	F15_('S3', 'S4')_t4_max: 213
	F5_('S4', 'E4')_gc: False
	F50_queue_index: 0
	F0_jitter: 36
	F6_('S3', 'S4')_rr: 0
	F58_('S1', 'S2')_t4_max: 895
	F9_('S3', 'S4')_t5_min: 6967
	F23_('S4', 'S5')_rr: 8
	F37_('S3', 'S2')_rr: 0
	F49_('S4', 'S5')_rr: 1
	F11_('S1', 'E1')_t4_min: 62733
	F39_('S5', 'S4')_t4_max: 30565
	F10_('S2', 'S3')_t4_min: 234
	F27_('S4', 'S3')_t3_min: 62112
	F40_('S5', 'S4')_gc: True
	F55_('S2', 'S1')_t5_min: 2504
	F1_('E2', 'S2')_rr: 0
	F45_queue_index: 0
	F23_('E1', 'S1')_t3_max: 14919
	F31_jitter: 0
	F28_('E4', 'S4')_t3_max: 6872
	F30_('S3', 'E3')_rr: 1
	F34_queue_index: 0
	F57_queue_index: 0
	F27_('S5', 'S4')_t4_max: 62102
	F30_('S3', 'E3')_t5_min: 14630
	F39_('S3', 'E3')_t4_min: 30580
	F41_('S5', 'E5')_t4_min: 26468
	F6_jitter: 0
	F46_('S3', 'S4')_t4_max: 118690
	F56_queue_index: 0
	F18_queue_index: 0
	F40_('S4', 'S3')_t4_max: 5992
	F13_('S1', 'S2')_rr: 32
	F15_('S2', 'S3')_gc: False
	F10_('S1', 'S2')_t4_max: 224
	F45_('S3', 'S4')_t4_min: 62572
	F33_('S4', 'S5')_t5_min: 2682
	F53_('S3', 'S2')_rr: 0
	F3_queue_index: 0
	F7_('E2', 'S2')_gc: False
	F50_('S3', 'S2')_gc: False
	F6_('S3', 'S4')_t4_max: 31078
	F32_('S4', 'S3')_gc: True
	F41_('S4', 'S5')_t5_min: 26461
	F34_('S5', 'S4')_t3_min: 37973
	F28_('S4', 'S5')_t4_max: 6902
	F41_('S4', 'S5')_t5_max: 26461
	F53_('S2', 'S1')_gc: True
	F28_queue_index: 0
	F50_('S3', 'S2')_tb: 62025
	F47_('S3', 'E3')_gc: False
	F31_('S2', 'S3')_tb: 46891
	('S3', 'S4')_gcl_length: 224
	F57_('E3', 'S3')_gc: False
	F32_('S3', 'E3')_rr: 8
	F1_('S2', 'S3')_t4_max: 2937
	F27_('S5', 'S4')_gc: True
	F13_('E1', 'S1')_rr: 0
	F34_('S4', 'E4')_gc: True
	F51_('S3', 'S2')_t4_max: 30088
	F14_('S5', 'S4')_t4_max: 39938
	F39_('S4', 'S3')_gc: True
	F53_queue_index: 0
	F12_('S4', 'S5')_t4_min: 44249
	F22_('S4', 'S5')_t4_min: 50554
	F29_('S2', 'S1')_tb: 34
	F23_('S4', 'S5')_t4_max: 15023
	F8_('S2', 'E2')_t5_min: 1999
	F44_('S4', 'E4')_rr: 2
	F41_('E3', 'S3')_t3_max: 26407
	F9_('E1', 'S1')_t5_max: 6934
	F49_('S5', 'E5')_t5_min: 122960
	F3_('S2', 'S3')_rr: 0
	F15_('S2', 'S3')_rr: 0
	('E5', 'S5')_gcl_cycle: 1
	F20_('S4', 'S5')_rr: 4
	F45_('E3', 'S3')_rr: 0
	F39_('E5', 'S5')_gc: False
	F59_('S2', 'S3')_gc: False
	F1_('E2', 'S2')_t5_min: 2917
	F43_('E4', 'S4')_gc: False
	F2_('S2', 'E2')_t3_min: 314
	F22_('E2', 'S2')_t3_max: 50479
	F30_('S1', 'S2')_t4_min: 14588
	F45_('S3', 'S4')_rr: 0
	F20_('S4', 'S5')_gc: True
	F46_('S5', 'E5')_rr: 1
	F55_('E2', 'S2')_gc: False
	F59_('E2', 'S2')_rr: 0
	F1_('S3', 'E3')_rr: 0
	F26_('E3', 'S3')_gc: False
	F21_('S4', 'S3')_gc: True
	F6_('S4', 'S5')_t3_max: 31089
	F37_('E5', 'S5')_gc: False
	F59_('S4', 'S5')_t4_min: 6749
	F39_('E5', 'S5')_t3_max: 30529
	F48_('S1', 'S2')_rr: 4
	F34_('S5', 'S4')_t4_min: 37978
	F55_('S2', 'S1')_t4_max: 2511
	F14_('S1', 'E1')_gc: False
	F48_('S1', 'S2')_t4_min: 6730
	F11_('E2', 'S2')_t5_max: 62721
	F34_('S4', 'E4')_t5_min: 38009
	F9_('S1', 'S2')_gc: False
	F14_('E5', 'S5')_gc: False
	F44_('S5', 'S4')_t5_min: 30127
	F19_('E4', 'S4')_t5_max: 30027
	F34_('E5', 'S5')_t5_min: 37971
	F18_('S4', 'S3')_rr: 0
	F5_('S4', 'E4')_t4_min: 2365
	F46_('S4', 'S5')_t4_min: 118702
	F13_('E1', 'S1')_t3_max: 504
	F37_('S4', 'S3')_t4_max: 30541
	F25_('S3', 'S2')_rr: 4
	F42_('S4', 'E4')_t5_min: 26423
	F13_queue_index: 0
	F55_('S1', 'E1')_tb: 2506
	F41_queue_index: 0
	F49_jitter: 0
	F35_('S4', 'S5')_t4_min: 30497
	F28_('S4', 'S5')_rr: 16
	F20_('S4', 'S5')_t4_min: 18357
	F41_('S5', 'E5')_gc: True
	F3_('S4', 'S5')_t4_max: 6871
	F56_('S3', 'S4')_rr: 0
	F33_('E2', 'S2')_gc: False
	F11_jitter: 36
	F13_('S2', 'S3')_tb: 541
	F29_('S1', 'E1')_rr: 0
	F38_('S2', 'E2')_rr: 16
	F17_('S3', 'S2')_gc: True
	F6_('S4', 'S5')_tb: 31089
	F59_('S5', 'E5')_rr: 0
	F33_('S3', 'S4')_t4_max: 2663
	F27_jitter: 36
	F10_('E1', 'S1')_rr: 0
	F33_('S3', 'S4')_t5_min: 2633
	F2_('S2', 'E2')_t4_max: 337
	F28_('S4', 'S5')_t4_min: 6902
	F26_('S4', 'E4')_rr: 0
	F44_jitter: 0
	F29_('S1', 'E1')_gc: False
	F7_('S2', 'S1')_t4_max: 108
	F27_('S1', 'E1')_gc: False
	F29_('S3', 'S2')_tb: 20
	F19_('S3', 'E3')_rr: 0
	F39_('S4', 'S3')_t4_max: 30575
	F26_queue_index: 0
	F53_('S2', 'S1')_t3_max: 62128
	F27_('S1', 'E1')_t3_min: 62165
	F31_('S1', 'S2')_rr: 1
	F38_('E4', 'S4')_t3_max: 454
	F51_('S4', 'S3')_rr: 2
	F4_('S4', 'S5')_gc: True
	F48_('S5', 'E5')_tb: 6802
	F45_('S5', 'E5')_t4_min: 62641
	F23_('S3', 'S4')_rr: 0
	F12_('S5', 'E5')_gc: True
	F53_('E5', 'S5')_rr: 0
	F14_('S5', 'S4')_t4_min: 39920
	F4_queue_index: 0
	F9_('S2', 'S3')_t3_min: 6947
	F56_('E3', 'S3')_t3_min: 62291
	F25_('S2', 'E2')_t4_min: 15890
	F15_('S1', 'S2')_rr: 0
	F49_('S3', 'S4')_gc: True
	F30_('E1', 'S1')_gc: False
	F51_('S5', 'S4')_t4_min: 30049
	F23_('S5', 'E5')_gc: False
	F43_('E4', 'S4')_t5_min: 62498
	F20_('E3', 'S3')_rr: 0
	F12_('E1', 'S1')_t5_max: 44193
	F27_('E5', 'S5')_t3_max: 62074
	F52_('E3', 'S3')_t3_max: 2479
	F57_('S3', 'S4')_t4_max: 38456
	F37_('S3', 'S2')_t4_min: 30553
	F13_('S1', 'S2')_gc: True
	F26_('S3', 'S4')_tb: 126950
	F39_('S3', 'E3')_t3_min: 30580
	F10_queue_index: 0
	F41_('S3', 'S4')_t4_max: 26436
	F47_('S3', 'E3')_t4_min: 724
	F23_('S3', 'S4')_t4_max: 15010
	F23_('E1', 'S1')_rr: 0
	F53_('S1', 'E1')_tb: 62143
	F7_('S1', 'E1')_t4_min: 120
	F9_('S4', 'E4')_t5_max: 7050
	F33_('S3', 'S4')_t4_min: 2627
	F40_('S3', 'S2')_t4_max: 6008
	F49_('S4', 'S5')_t4_min: 122939
	F27_('S3', 'S2')_t4_min: 62145
	F15_('S4', 'E4')_t4_max: 243
	F12_('S2', 'S3')_t4_max: 44225
	F41_('S5', 'E5')_t3_min: 26463
	F45_('E3', 'S3')_gc: False
	F19_('S4', 'S3')_rr: 0
	F33_('E2', 'S2')_rr: 0
	F51_('E5', 'S5')_t3_max: 30023
	F49_('E2', 'S2')_t3_max: 122871
	F51_('S2', 'E2')_rr: 1
	F21_('S5', 'S4')_t4_max: 1870
	F59_('S2', 'S3')_rr: 0
	F15_('S3', 'S4')_t4_min: 159
	F14_('S3', 'S2')_gc: True
	F29_('S3', 'S2')_t4_min: 20
	F25_('E3', 'S3')_gc: False
	F51_('S3', 'S2')_gc: False
	F48_('S3', 'S4')_t4_max: 6775
	('S4', 'S5')_gcl_cycle: 128000
	F31_('S2', 'S3')_t4_max: 46909
	F17_('E3', 'S3')_t3_max: 63942
	F36_('S3', 'E3')_rr: 1
	F59_('S4', 'S5')_rr: 16
	F2_('S1', 'S2')_gc: False
	F35_('E4', 'S4')_gc: False
	F56_('S4', 'E4')_t5_min: 62328
	F9_('S2', 'S3')_t4_max: 6983
	F14_('S4', 'S3')_t4_min: 39951
	F30_queue_index: 0
	F6_('S3', 'S4')_t5_min: 31028
	('S3', 'S4')_gcl_cycle: 128000
	('S5', 'S4')_gcl_cycle: 64000
	F21_('S5', 'S4')_t4_min: 1870
	F37_('S3', 'S2')_gc: False
	F3_('S2', 'S3')_t3_min: 6791
	F17_jitter: 18
	F38_('S3', 'S2')_gc: True
	F21_('S3', 'S2')_t4_min: 1903
	F38_('S3', 'S2')_t5_min: 508
	F18_('S4', 'S3')_t4_min: 10871
	F9_queue_index: 0
	F44_('E5', 'S5')_t4_max: 30098
	F2_('E1', 'S1')_gc: False
	F18_('E4', 'S4')_t5_min: 10869
	F48_('S5', 'E5')_t3_min: 6802
	F40_('S3', 'S2')_t4_min: 6008
	F45_('E3', 'S3')_t4_min: 62558
	F40_('E5', 'S5')_t3_max: 5934
	F58_('S1', 'S2')_rr: 32
	F31_('S2', 'S3')_t4_min: 46891
	F27_('S2', 'S1')_t4_min: 62155
	F44_('S5', 'S4')_rr: 2
	F24_('E5', 'S5')_rr: 0
	F50_('S3', 'S2')_t4_min: 62025
	F11_('E2', 'S2')_t3_min: 62713
	F11_('E2', 'S2')_tb: 62713
	F44_('E5', 'S5')_t3_max: 30085
	F45_('S4', 'S5')_tb: 62586
	F40_('S5', 'S4')_rr: 4
	F20_('S3', 'S4')_gc: False
	F5_('E3', 'S3')_rr: 0
	F24_('S5', 'S4')_rr: 32
	F54_('E3', 'S3')_t3_max: 318
	F46_('S5', 'E5')_gc: True
	F12_('S1', 'S2')_t4_min: 44195
	F48_('S3', 'S4')_t3_min: 6752
	F59_('S3', 'S4')_t4_min: 6697
	('S5', 'E5')_gcl_cycle: 128000
	F0_('S4', 'E4')_t4_min: 12509
	F6_('S1', 'S2')_rr: 0
	F30_('S2', 'S3')_t4_min: 14595
	F1_queue_index: 0
	F13_('S2', 'S3')_t4_min: 541
	F48_('S4', 'S5')_t4_min: 6791
	F3_('S5', 'E5')_rr: 0
	F21_('E5', 'S5')_rr: 0
	F39_('S3', 'E3')_rr: 0
	F21_('E5', 'S5')_t3_max: 1838
	F2_jitter: 0
	F47_queue_index: 0
	F8_('S3', 'S2')_t4_min: 1976
	F38_('S3', 'S2')_t4_min: 499
	F31_('S1', 'S2')_tb: 46880
	F32_('S4', 'S3')_t4_min: 16
	F21_('S3', 'S2')_gc: False
	F6_('S1', 'S2')_t4_max: 31030
	F45_('E3', 'S3')_t5_min: 62570
	F33_('S2', 'S3')_t4_max: 2637
	F46_('S4', 'S5')_t5_min: 118707
	F16_jitter: 0
	F42_('E3', 'S3')_t3_min: 26392
	F39_('S5', 'S4')_rr: 0
	F35_('S4', 'S5')_gc: True
	F37_('E5', 'S5')_rr: 0
	F43_queue_index: 0
	F57_('S4', 'E4')_gc: False
	F32_('S4', 'S3')_t4_max: 16
	F14_('S4', 'S3')_t4_max: 39951
	F16_('E3', 'S3')_rr: 0
	F48_('S3', 'S4')_t3_max: 6775
	F8_('S2', 'E2')_rr: 16
	F55_('S1', 'E1')_t4_min: 2506
	F13_('S1', 'S2')_t4_max: 529
	F17_('S3', 'S2')_t4_min: 63963
	F52_('S4', 'E4')_t5_min: 2510
	F45_('S5', 'E5')_gc: True
	F56_('E3', 'S3')_t3_max: 62278
	F46_jitter: 0
	F56_('S4', 'E4')_rr: 0
	F35_('E4', 'S4')_t5_min: 30490
	F45_('S3', 'S4')_t3_min: 62572
	F0_('E3', 'S3')_t3_min: 12487
	F46_queue_index: 0
	F51_('E5', 'S5')_rr: 0
	F6_('S3', 'S4')_t4_min: 31024
	F24_queue_index: 0
	F11_('S2', 'S1')_gc: False
	F46_('S3', 'S4')_rr: 1
	F11_('S1', 'E1')_gc: False
	F58_('E1', 'S1')_gc: False
	F29_('E3', 'S3')_rr: 0
	F56_('S4', 'E4')_gc: False
	F27_('S1', 'E1')_rr: 0
	F31_('S5', 'E5')_rr: 2
	F45_('S4', 'S5')_t3_min: 62586
	F54_('E3', 'S3')_rr: 0
	F21_('S5', 'S4')_t3_max: 1870
	F27_('S5', 'S4')_t3_max: 62102
	F5_('S3', 'S4')_t3_max: 2356
	F36_('S5', 'S4')_t3_max: 7989
	F17_('S3', 'S2')_t3_max: 63963
	F55_('S2', 'S1')_t3_max: 2498
	F59_('S2', 'S3')_t3_max: 6691
	F10_('S1', 'S2')_t3_max: 224
	F18_('S4', 'S3')_t3_max: 10876
	F46_('S3', 'S4')_t3_max: 118690
	F58_('S1', 'S2')_t3_max: 895
	F31_('S1', 'S2')_t3_max: 46880
	F25_('S3', 'S2')_t3_max: 15880
	F19_('S4', 'S3')_t3_max: 30034
	F38_('S4', 'S3')_t3_max: 483
	F42_('S3', 'S4')_t3_max: 26408
	F35_('S4', 'S5')_t3_max: 30497
	F3_('S2', 'S3')_t3_max: 6796
	F43_('S4', 'S3')_t3_max: 62505
	F13_('S1', 'S2')_t3_max: 529
	F52_('S3', 'S4')_t3_max: 2502
	F45_('S3', 'S4')_t3_max: 62577
	F54_('S3', 'S2')_t3_max: 343
	F49_('S2', 'S3')_t3_max: 122898
	F23_('S1', 'S2')_t3_max: 14945
	F4_('S4', 'S5')_t3_max: 58473
	F11_('S2', 'S1')_t3_max: 62728
	F22_('S2', 'S3')_t3_max: 50504
	F30_('S1', 'S2')_t3_max: 14588
	F39_('S5', 'S4')_t3_max: 30552
	F51_('S5', 'S4')_t3_max: 30049
	F15_('S1', 'S2')_t3_max: 140
	F0_('S3', 'S4')_t3_max: 12503
	F33_('S2', 'S3')_t3_max: 2624
	F14_('S5', 'S4')_t3_max: 39925
	F7_('S2', 'S1')_t3_max: 95
	F44_('S5', 'S4')_t3_max: 30116
	F12_('S1', 'S2')_t3_max: 44200
	F48_('S1', 'S2')_t3_max: 6730
	F47_('S2', 'S3')_t3_max: 719
	F2_('S1', 'S2')_t3_max: 305
	F16_('S3', 'S4')_t3_max: 491
	F40_('S5', 'S4')_t3_max: 5963
	F1_('S2', 'S3')_t3_max: 2924
	F56_('S3', 'S4')_t3_max: 62309
	F9_('S1', 'S2')_t3_max: 6941
	F32_('S4', 'S3')_t3_max: 16
	F50_('S3', 'S2')_t3_max: 62030
	F20_('S3', 'S4')_t3_max: 18330
	F37_('S5', 'S4')_t3_max: 30524
	F24_('S5', 'S4')_t3_max: 138
	F53_('S5', 'S4')_t3_max: 62070
	F26_('S3', 'S4')_t3_max: 126950
	F29_('S3', 'S2')_t3_max: 20
	F6_('S1', 'S2')_t3_max: 31017
	F57_('S3', 'S4')_t3_max: 38443
	F34_('S5', 'S4')_t3_max: 37978
	F28_('S4', 'S5')_t3_max: 6902
	F8_('S3', 'S2')_t3_max: 1976
	F41_('S3', 'S4')_t3_max: 26436
	F50_('S2', 'E2')_t5_max: 62077
	F35_('S5', 'E5')_tb: 30508
	F51_('S4', 'S3')_t3_min: 30057
	F24_('E5', 'S5')_t5_max: 131
	F13_('S2', 'S3')_t3_min: 536
	F3_('S5', 'E5')_t5_max: 6913
	F22_('S3', 'S4')_t3_max: 50529
	F0_('E3', 'S3')_tb: 12487
	F15_('E1', 'S1')_t4_max: 123
	F27_('S4', 'S3')_t5_max: 62138
	F7_('S2', 'S1')_t5_min: 95
	F17_('E3', 'S3')_t5_min: 63956
	F23_('E1', 'S1')_t5_max: 14938
	F38_('S3', 'S2')_t3_min: 494
	F46_('S3', 'S4')_tb: 118690
	F14_('S4', 'S3')_tb: 39951
	F30_('E1', 'S1')_t3_min: 14576
	F53_('S4', 'S3')_t5_min: 62093
	F22_('S5', 'E5')_t4_max: 50566
	F53_('S5', 'S4')_t5_min: 62078
	F42_('S4', 'E4')_t5_max: 26459
	F6_('S4', 'S5')_t3_min: 31030
	F28_('S4', 'S5')_tb: 6902
	F19_('E4', 'S4')_t5_min: 30027
	F0_('S4', 'E4')_t5_min: 12518
	F13_('S3', 'S4')_tb: 548
	F7_('S1', 'E1')_t5_max: 125
	F5_('S3', 'S4')_t5_max: 2381
	F8_('S2', 'E2')_t3_max: 1991
	F22_('S3', 'S4')_tb: 50506
	F55_('S2', 'S1')_tb: 2493
	F5_('E3', 'S3')_t5_min: 2349
	F31_('S5', 'E5')_tb: 46970
	F40_('S4', 'S3')_t5_min: 5983
	F29_('E3', 'S3')_t5_max: 13
	F2_('E1', 'S1')_t3_min: 286
	F28_('E4', 'S4')_t4_min: 6885
	F27_('S5', 'S4')_t5_max: 62110
	F11_('S1', 'E1')_t4_max: 62769
	F11_('S2', 'S1')_tb: 62723
	F36_('E5', 'S5')_t3_min: 7975
	F32_('S3', 'E3')_t4_max: 31
	F28_('S5', 'E5')_t5_min: 6929
	F41_('S3', 'S4')_t5_max: 26445
	F55_('S1', 'E1')_t5_min: 2517
	F1_('S3', 'E3')_t3_max: 2953
	F33_('E2', 'S2')_t4_min: 2611
	F26_('S4', 'E4')_t3_max: 126962
	F21_('S2', 'E2')_t5_max: 1965
	F44_('S5', 'S4')_t3_min: 30111
	F3_('S3', 'S4')_t3_max: 6827
	F11_('S1', 'E1')_t3_min: 62733
	F4_('S5', 'E5')_t5_min: 58486
	F58_('E1', 'S1')_t4_min: 883
	F14_('S1', 'E1')_t5_min: 39991
	F36_('S5', 'S4')_t3_min: 7984
	F6_('S3', 'S4')_t3_max: 31065
	F47_('E2', 'S2')_tb: 704
	F37_('S3', 'S2')_t3_max: 30558
	F30_('E1', 'S1')_t5_max: 14581
	F47_('S3', 'E3')_t5_min: 732
	F49_('S3', 'S4')_tb: 122925
	('S5', 'E5')_gcl_length: 78
	F58_('S1', 'S2')_tb: 895
	F45_('S4', 'S5')_t3_max: 62609
	F37_('S4', 'S3')_t3_min: 30536
	F22_('S3', 'S4')_t3_min: 50506
	F14_('S4', 'S3')_t3_max: 39951
	F14_('E5', 'S5')_t4_max: 39912
	F8_('S2', 'E2')_t3_min: 1986
	F34_('S4', 'E4')_tb: 37997
	F42_('S3', 'S4')_t5_min: 26412
	F14_('S5', 'S4')_t3_min: 39920
	F41_('E3', 'S3')_t3_min: 26420
	F33_('E2', 'S2')_t3_min: 2611
	F53_('S1', 'E1')_t3_max: 62143
	F36_('S3', 'E3')_t5_max: 8024
	F56_('S4', 'E4')_t4_max: 62353
	F57_('S4', 'E4')_t3_max: 38473
	F9_('S2', 'S3')_t5_min: 6956
	F14_('S3', 'S2')_t3_min: 39959
	F47_('S2', 'S3')_tb: 714
	F53_('S2', 'S1')_t5_max: 62136
	F16_('E3', 'S3')_t3_min: 480
	F26_('S4', 'E4')_tb: 126957
	F25_('E3', 'S3')_tb: 15865
	F37_('S4', 'S3')_t5_max: 30551
	F30_('S2', 'S3')_t5_min: 14600
	F42_('S4', 'E4')_t3_max: 26437
	F35_('S4', 'S5')_t5_min: 30506
	F48_('E1', 'S1')_tb: 6714
	('S1', 'S2')_gcl_length: 210
	('S1', 'E1')_gcl_length: 18
	F52_('E3', 'S3')_t3_min: 2492
	F49_('S5', 'E5')_t3_max: 122953
	F59_('S5', 'E5')_tb: 6760
	F32_('S3', 'E3')_tb: 31
	F20_('E3', 'S3')_t3_min: 18316
	F19_('S3', 'E3')_tb: 30040
	F3_('S5', 'E5')_tb: 6830
	F46_('S4', 'S5')_t3_min: 118697
	F43_('S4', 'S3')_t5_min: 62507
	F59_('S3', 'S4')_t3_max: 6720
	F23_('S2', 'S3')_t3_min: 14948
	F30_('S3', 'E3')_t3_min: 14602
	F41_('E3', 'S3')_t5_max: 26429
	F40_('S4', 'S3')_tb: 5974
	F20_('S3', 'S4')_t5_max: 18350
	F22_('S2', 'S3')_tb: 50499
	F57_('S4', 'E4')_tb: 38450
	F48_('S2', 'S3')_t5_min: 6750
	F33_('S5', 'E5')_t3_min: 2684
	F2_('E1', 'S1')_t4_max: 286
	F43_('S3', 'S2')_tb: 62509
	F31_('E1', 'S1')_t5_min: 46873
	F6_('S1', 'S2')_tb: 31012
	F24_('S4', 'E4')_t5_min: 152
	F27_('E5', 'S5')_t5_min: 62095
	F18_('S4', 'S3')_t5_max: 10899
	F29_('E3', 'S3')_tb: 1
	F25_('S2', 'E2')_tb: 15890
	F16_('S4', 'E4')_t3_min: 497
	F3_('S2', 'S3')_tb: 6791
	F26_('E3', 'S3')_t5_min: 126943
	F39_('S3', 'E3')_t3_max: 30585
	F23_('S2', 'S3')_t3_max: 14971
	F23_('S2', 'S3')_t5_max: 14990
	F13_('E1', 'S1')_t5_max: 522
	F58_('S1', 'S2')_t3_min: 890
	F21_('S3', 'S2')_t5_min: 1915
	F28_('S5', 'E5')_t4_max: 6919
	F3_('E2', 'S2')_tb: 6778
	F10_('S1', 'S2')_tb: 224
	F36_('S4', 'S3')_t5_min: 8010
	F1_('S2', 'S3')_tb: 2919
	('S2', 'S3')_gcl_length: 130
	F57_('S4', 'E4')_t5_min: 38460
	F34_('S5', 'S4')_t5_min: 37990
	F20_('S3', 'S4')_t3_min: 18325
	F1_('S2', 'S3')_t5_max: 2946
	F0_('S4', 'E4')_t3_max: 12532
	F45_('S5', 'E5')_t3_max: 62641
	F44_('E5', 'S5')_t3_min: 30098
	F54_('S2', 'E2')_t3_min: 350
	F38_('E4', 'S4')_t5_max: 476
	F3_('S3', 'S4')_t5_max: 6851
	F59_('E2', 'S2')_t5_min: 6684
	F43_('S4', 'S3')_tb: 62500
	F31_('S2', 'S3')_t3_max: 46896
	F57_('E3', 'S3')_t4_min: 38426
	F26_('E3', 'S3')_tb: 126938
	F33_('S5', 'E5')_t5_max: 2708
	F46_('E3', 'S3')_t5_min: 118683
	F25_('E3', 'S3')_t4_min: 15865
	F59_('S2', 'S3')_t5_max: 6713
	F9_('S2', 'S3')_t3_max: 6970
	F33_('S3', 'S4')_t5_max: 2669
	F59_('S3', 'S4')_t5_max: 6742
	F9_('S2', 'S3')_t5_max: 6992
	F47_('S3', 'E3')_t5_max: 768
	F40_('S3', 'S2')_t5_max: 6017
	F6_('S5', 'E5')_t3_min: 31095
	F6_('S2', 'S3')_t3_max: 31041
	F21_('S4', 'S3')_t5_min: 1901
	F6_('S5', 'E5')_tb: 31100
	F22_('E2', 'S2')_t3_min: 50492
	F45_('S5', 'E5')_t5_min: 62653
	F59_('S5', 'E5')_t3_max: 6765
	F33_('E2', 'S2')_t5_min: 2617
	F58_('E1', 'S1')_t4_max: 883
	F45_('E3', 'S3')_tb: 62558
	F49_('S5', 'E5')_t3_min: 122948
	F49_('S4', 'S5')_tb: 122939
	F42_('S3', 'S4')_t3_min: 26403
	F10_('S1', 'S2')_t5_max: 232
	F59_('E2', 'S2')_t3_min: 6675
	F39_('S4', 'S3')_tb: 30575
	F22_('S4', 'S5')_t5_max: 50559
	F50_('E3', 'S3')_tb: 62016
	F10_('S3', 'S4')_t5_min: 252
	F53_('S2', 'S1')_t5_min: 62136
	F22_('S4', 'S5')_t3_max: 50554
	F43_('E4', 'S4')_tb: 62491
	F18_('S4', 'S3')_tb: 10871
	F40_('E5', 'S5')_t5_max: 5956
	F22_('S5', 'E5')_t3_min: 50561
	F4_('E4', 'S4')_t4_min: 58463
	('S3', 'E3')_gcl_length: 20
	F59_('S2', 'S3')_tb: 6686
	F59_('S5', 'E5')_t4_max: 6778
	F55_('S2', 'S1')_t3_min: 2493
	F13_('E1', 'S1')_t3_min: 517
	F17_('E3', 'S3')_tb: 63955
	F54_('S2', 'E2')_t3_max: 355
	F51_('S4', 'S3')_t5_min: 30068
	F16_('E3', 'S3')_t5_min: 484
	F51_('S2', 'E2')_t5_min: 30107
	F4_('S4', 'S5')_t5_max: 58476
	F50_('E3', 'S3')_t5_min: 62023
	F24_('S4', 'E4')_tb: 146
	('E2', 'S2')_gcl_length: 0
	F18_('S4', 'S3')_t3_min: 10871
	F48_('S2', 'S3')_t3_min: 6741
	F8_('S2', 'E2')_t4_max: 1991
	F27_('S4', 'S3')_t5_min: 62120
	F56_('E3', 'S3')_tb: 62291
	F4_('S4', 'S5')_t5_min: 58476
	F48_('E1', 'S1')_t4_max: 6714
	F22_('S5', 'E5')_t5_min: 50571
	F40_('S3', 'S2')_t3_min: 5985
	F9_('S4', 'E4')_tb: 6969
	F42_('S3', 'S4')_t5_max: 26430
	F2_('S1', 'S2')_tb: 300
	F55_('E2', 'S2')_t4_max: 2480
	F56_('E3', 'S3')_t5_min: 62302
	F20_('S4', 'S5')_t3_max: 18357
	F52_('S4', 'E4')_tb: 2507
	('S4', 'S5')_gcl_length: 210
	F36_('E5', 'S5')_tb: 7975
	F5_('S4', 'E4')_t4_max: 2401
	F29_('S1', 'E1')_tb: 48
	F45_('S5', 'E5')_t4_max: 62641
	F14_('S2', 'S1')_t3_min: 39972
	F56_('S3', 'S4')_t5_max: 62333
	F48_('S4', 'S5')_t5_max: 6800
	F30_('S3', 'E3')_t3_max: 14625
	F51_('E5', 'S5')_t5_min: 30042
	F6_('E1', 'S1')_tb: 31006
	F11_('E2', 'S2')_t5_min: 62721
	F4_('S5', 'E5')_t5_max: 58486
	F49_('S4', 'S5')_t3_min: 122934
	F12_('S3', 'S4')_t3_max: 44237
	F22_('S4', 'S5')_t5_min: 50559
	F36_('S3', 'E3')_t3_max: 8017
	F2_('S2', 'E2')_tb: 337
	F1_('E2', 'S2')_t4_max: 2908
	F1_('S3', 'E3')_t3_min: 2930
	F43_('S1', 'E1')_t5_min: 62534
	F46_('S4', 'S5')_t3_max: 118702
	F20_('S5', 'E5')_tb: 18371
	F51_('S3', 'S2')_t5_max: 30094
	F9_('S4', 'E4')_t5_min: 6978
	F51_('E5', 'S5')_t5_max: 30042
	F37_('E5', 'S5')_t3_min: 30507
	F45_('S4', 'S5')_t5_min: 62598
	F24_('E5', 'S5')_t4_max: 125
	('E4', 'S4')_gcl_length: 0
	F52_('E3', 'S3')_tb: 2492
	F39_('S5', 'S4')_tb: 30547
	F38_('E4', 'S4')_t4_min: 467
	F35_('E4', 'S4')_t3_min: 30481
	F51_('S3', 'S2')_t3_max: 30075
	F10_('E1', 'S1')_t4_min: 209
	F35_('S4', 'S5')_tb: 30497
	F48_('S1', 'S2')_tb: 6730
	F12_('S4', 'S5')_t3_max: 44249
	F27_('S5', 'S4')_t3_min: 62097
	F22_('E2', 'S2')_t4_min: 50492
	F52_('S4', 'E4')_t4_max: 2525
	F13_('S4', 'E4')_t4_max: 578
	F47_('S3', 'E3')_t3_min: 724
	F12_('S3', 'S4')_t5_max: 44242
	F15_('E1', 'S1')_t3_min: 123
	F40_('E5', 'S5')_t5_min: 5956
	F28_('E4', 'S4')_t3_min: 6885
	F35_('E4', 'S4')_t4_min: 30481
	F3_('S4', 'S5')_tb: 6817
	F0_('S4', 'E4')_t4_max: 12545
	F5_('S4', 'E4')_tb: 2365
	F47_('S2', 'S3')_t5_max: 740
	F39_('S4', 'S3')_t3_max: 30575
	F6_('S4', 'S5')_t5_min: 31093
	F30_('E1', 'S1')_t5_min: 14581
	F49_('S3', 'S4')_t5_min: 122932
	F37_('E5', 'S5')_tb: 30507
	F7_('E2', 'S2')_t4_min: 83
	F7_('S2', 'S1')_t5_max: 113
	F1_('S2', 'S3')_t5_min: 2928
	F19_('E4', 'S4')_t4_max: 30018
	F49_('S4', 'S5')_t5_max: 122946
	F37_('S4', 'S3')_t5_min: 30551
	F43_('E4', 'S4')_t3_min: 62491
	F40_('E5', 'S5')_t3_min: 5947
	F43_('S2', 'S1')_t5_min: 62525
	F21_('E5', 'S5')_t5_max: 1863
	('E1', 'S1')_gcl_length: 0
	F6_('S3', 'S4')_tb: 31024
	F55_('S1', 'E1')_t3_min: 2506
	F3_('E2', 'S2')_t3_min: 6778
	F53_('S4', 'S3')_t5_max: 62093
	F48_('S5', 'E5')_t5_max: 6829
	F43_('S1', 'E1')_t3_max: 62586
	F32_('S4', 'S3')_t5_min: 24
	F21_('S3', 'S2')_t5_max: 1933
	F16_('E3', 'S3')_t4_min: 480
	F7_('S1', 'E1')_t3_max: 120
	F7_('E2', 'S2')_t5_max: 88
	F3_('S5', 'E5')_t3_max: 6889
	F21_('E5', 'S5')_tb: 1851
	F26_('E3', 'S3')_t4_max: 126938
	F34_('S4', 'E4')_t3_min: 37992
	F53_('S3', 'S2')_t5_min: 62103
	F33_('S5', 'E5')_t3_max: 2689
	F42_('S4', 'E4')_t3_min: 26414
	F12_('E1', 'S1')_t3_min: 44188
	F54_('E3', 'S3')_tb: 331
	F35_('S5', 'E5')_t5_min: 30517
	F24_('E5', 'S5')_tb: 125
	F18_('E4', 'S4')_t4_max: 10859
	F26_('S4', 'E4')_t3_min: 126957
	F46_('S5', 'E5')_t3_max: 118714
	F29_('S3', 'S2')_t5_min: 32
	F53_('S1', 'E1')_t4_max: 62143
	F28_('E4', 'S4')_t5_min: 6895
	F50_('S2', 'E2')_t3_max: 62057
	F31_('S5', 'E5')_t5_max: 46979
	F43_('S1', 'E1')_t5_max: 62606
	F30_('S3', 'E3')_t4_max: 14625
	F37_('S2', 'E2')_t3_max: 30588
	F4_('E4', 'S4')_t4_max: 58463
	F23_('S4', 'S5')_t5_max: 15029
	F9_('S1', 'S2')_t3_min: 6936
	F43_('S1', 'E1')_t3_min: 62527
	F45_('E3', 'S3')_t3_min: 62558
	F8_('S2', 'E2')_tb: 1991
	F41_('S5', 'E5')_t4_max: 26468
	F15_('S2', 'S3')_t5_min: 157
	F31_('S1', 'S2')_t5_min: 46889
	F4_('S5', 'E5')_tb: 58483
	F27_('S4', 'S3')_tb: 62112
	F51_('S2', 'E2')_t3_max: 30101
	F58_('S1', 'S2')_t5_min: 900
	F58_('E1', 'S1')_t3_min: 883
	F43_('S3', 'S2')_t3_max: 62532
	F53_('E5', 'S5')_t5_max: 62063
	F56_('E3', 'S3')_t4_max: 62291
	F50_('E3', 'S3')_t4_max: 62016
	F4_('E4', 'S4')_t5_min: 58466
	F35_('S4', 'S5')_t5_max: 30506
	F59_('S3', 'S4')_t5_min: 6706
	F10_('S2', 'S3')_t5_min: 242
	F41_('S4', 'S5')_t3_min: 26447
	F16_('S3', 'S4')_tb: 491
	F18_('E4', 'S4')_t3_min: 10859
	F43_('E4', 'S4')_t5_max: 62498
	F27_('S3', 'S2')_t5_max: 62153
	F40_('S3', 'S2')_t3_max: 6008
	F47_('S3', 'E3')_t3_max: 747
	F40_('S5', 'S4')_t5_min: 5972
	F16_('E3', 'S3')_t4_max: 480
	F12_('S5', 'E5')_t4_max: 44261
	F25_('S2', 'E2')_t5_min: 15898
	F52_('E3', 'S3')_t5_min: 2495
	F10_('S3', 'S4')_t3_min: 244
	F45_('S5', 'E5')_tb: 62641
	F29_('E3', 'S3')_t3_min: 1
	F38_('S2', 'E2')_t3_min: 510
	F9_('S3', 'S4')_tb: 6958
	F49_('S3', 'S4')_t3_min: 122902
	F46_('E3', 'S3')_t5_max: 118683
	F10_('E1', 'S1')_t5_max: 217
	F1_('S3', 'E3')_t5_min: 2939
	F13_('E1', 'S1')_t5_min: 522
	F45_('S5', 'E5')_t3_min: 62600
	F4_('E4', 'S4')_t5_max: 58466
	F21_('S5', 'S4')_t3_min: 1865
	F53_('S5', 'S4')_t3_min: 62065
	F49_('S2', 'S3')_t3_min: 122893
	F3_('S5', 'E5')_t5_min: 6841
	F0_('E3', 'S3')_t4_max: 12487
	F5_('S4', 'E4')_t3_max: 2388
	F5_('E3', 'S3')_t3_min: 2337
	F59_('S5', 'E5')_t3_min: 6760
	F43_('S2', 'S1')_t3_max: 62559
	F23_('S4', 'S5')_t3_min: 14964
	F6_('S3', 'S4')_t5_max: 31082
	F43_('S2', 'S1')_t3_min: 62518
	F6_('E1', 'S1')_t5_max: 31010
	F30_('S3', 'E3')_tb: 14625
	F52_('S3', 'S4')_t3_min: 2497
	F36_('E5', 'S5')_t4_min: 7975
	F23_('S5', 'E5')_t3_max: 15036
	F12_('E1', 'S1')_t4_max: 44188
	F26_('S4', 'E4')_t5_max: 126980
	F21_('S4', 'S3')_t5_max: 1901
	F57_('S3', 'S4')_tb: 38438
	F48_('E1', 'S1')_t3_min: 6714
	F21_('S5', 'S4')_t5_min: 1882
	F31_('S5', 'E5')_t5_min: 46979
	F33_('S3', 'S4')_tb: 2627
	F0_('S3', 'S4')_tb: 12498
	F45_('S5', 'E5')_t5_max: 62653
	F33_('E2', 'S2')_t5_max: 2617
	F10_('E1', 'S1')_t5_min: 217
	F33_('E2', 'S2')_t4_max: 2611
	F5_('S4', 'E4')_t3_min: 2365
	F49_('S2', 'S3')_t5_max: 122918
	F31_('S4', 'S5')_t5_min: 46963
	F25_('S3', 'S2')_t5_min: 15888
	F14_('S1', 'E1')_t3_max: 39990
	F56_('S4', 'E4')_t3_min: 62317
	F36_('E5', 'S5')_t5_min: 7982
	F21_('S4', 'S3')_t3_max: 1889
	F23_('S1', 'S2')_t5_min: 14946
	F9_('S1', 'S2')_t5_max: 6963
	F16_('S4', 'E4')_tb: 502
	F14_('S2', 'S1')_t5_min: 39983
	F47_('E2', 'S2')_t5_max: 712
	F41_('E3', 'S3')_t5_min: 26429
	F14_('S3', 'S2')_t5_max: 39970
	F6_('S3', 'S4')_t3_min: 31024
	F11_('S2', 'S1')_t5_min: 62731
	F9_('E1', 'S1')_tb: 6925
	F49_('E2', 'S2')_t4_min: 122884
	F48_('S1', 'S2')_t5_min: 6739
	F24_('S5', 'S4')_t5_max: 144
	('E5', 'S5')_gcl_length: 0
	F48_('S3', 'S4')_t5_min: 6784
	F46_('E3', 'S3')_t4_min: 118678
	F40_('E5', 'S5')_t4_max: 5947
	F21_('S5', 'S4')_t5_max: 1882
	F5_('S3', 'S4')_t3_min: 2351
	F11_('S1', 'E1')_tb: 62733
	F1_('S3', 'E3')_t4_max: 2966
	F13_('S3', 'S4')_t3_min: 548
	F6_('S1', 'S2')_t5_min: 31016
	F39_('E5', 'S5')_t4_min: 30542
	F27_('S2', 'S1')_t5_min: 62163
	F28_('S4', 'S5')_t5_min: 6912
	('E3', 'S3')_gcl_length: 0
	F48_('S1', 'S2')_t3_min: 6725
	F17_('E3', 'S3')_t3_min: 63955
	F43_('S3', 'S2')_t5_min: 62516
	F33_('S5', 'E5')_t5_min: 2690
	F31_('S4', 'S5')_tb: 46954
	F46_('S5', 'E5')_t5_max: 118719
	F11_('S2', 'S1')_t5_max: 62749
	F14_('S5', 'S4')_t5_min: 39926
	F46_('S5', 'E5')_tb: 118714
	F40_('S4', 'S3')_t3_max: 5979
	F27_('S1', 'E1')_t5_min: 62173
	F37_('S2', 'E2')_t5_max: 30598
	F22_('E2', 'S2')_t4_max: 50492
	F29_('E3', 'S3')_t5_min: 13
	F27_('S3', 'S2')_t3_max: 62145
	F53_('S3', 'S2')_t5_max: 62121
	F34_('S4', 'E4')_t5_max: 38009
	F23_('S2', 'S3')_tb: 14948
	F42_('E3', 'S3')_t4_max: 26392
	F1_('S3', 'E3')_tb: 2930
	F14_('S1', 'E1')_t3_min: 39985
	F3_('S4', 'S5')_t5_min: 6828
	F31_('S1', 'S2')_t3_min: 46875
	F49_('S3', 'S4')_t5_max: 122932
	F46_('E3', 'S3')_t4_max: 118678
	F38_('S2', 'E2')_tb: 515
	F3_('E2', 'S2')_t4_min: 6778
	F36_('S5', 'S4')_tb: 7989
	F57_('S3', 'S4')_t5_min: 38448
	F37_('E5', 'S5')_t4_min: 30507
	F46_('S4', 'S5')_t5_max: 118707
	F9_('S4', 'E4')_t4_max: 7041
	F44_('S4', 'E4')_t3_min: 30129
	F8_('S3', 'S2')_t5_max: 1984
	F38_('S4', 'S3')_t5_min: 492
	F38_('E4', 'S4')_tb: 467
	F58_('S1', 'S2')_t5_max: 900
	F54_('S3', 'S2')_t3_min: 338
	F57_('S4', 'E4')_t4_max: 38486
	F10_('S3', 'S4')_t3_max: 267
	F45_('S3', 'S4')_t5_min: 62584
	F14_('S1', 'E1')_t5_max: 40009
	F43_('S1', 'E1')_t4_max: 62599
	F6_('E1', 'S1')_t4_min: 31006
	F10_('S4', 'E4')_t5_min: 262
	F24_('E5', 'S5')_t5_min: 131
	F29_('S3', 'S2')_t3_min: 15
	F23_('E1', 'S1')_t4_max: 14932
	F52_('E3', 'S3')_t4_min: 2492
	F21_('S4', 'S3')_t3_min: 1884
	F2_('E1', 'S1')_t5_max: 298
	F9_('E1', 'S1')_t5_min: 6934
	F33_('S2', 'S3')_tb: 2619
	F11_('S1', 'E1')_t5_max: 62777
	F12_('S5', 'E5')_t5_min: 44266
	F15_('S1', 'S2')_t3_min: 135
	F40_('S4', 'S3')_t5_max: 6001
	F23_('S4', 'S5')_tb: 15023
	F10_('E1', 'S1')_t4_max: 209
	F25_('E3', 'S3')_t4_max: 15865
	F50_('S3', 'S2')_t5_max: 62050
	F48_('S3', 'S4')_t5_max: 6784
	F37_('S3', 'S2')_t3_min: 30553
	F23_('S5', 'E5')_t4_max: 15049
	F53_('E5', 'S5')_t4_min: 62055
	F37_('S2', 'E2')_tb: 30588
	F36_('E5', 'S5')_t4_max: 7975
	F54_('E3', 'S3')_t5_min: 336
	F40_('S2', 'E2')_t5_min: 6033
	F2_('S1', 'S2')_t3_min: 300
	F1_('S3', 'E3')_t5_max: 2975
	F24_('E5', 'S5')_t4_min: 125
	F1_('E2', 'S2')_t4_min: 2908
	F25_('S3', 'S2')_t5_max: 15888
	F18_('S3', 'E3')_tb: 10883
	F30_('E1', 'S1')_t4_max: 14576
	F49_('S5', 'E5')_t5_max: 122960
	F32_('S3', 'E3')_t3_min: 26
	F3_('E2', 'S2')_t5_max: 6789
	F29_('S1', 'E1')_t5_max: 96
	F15_('E1', 'S1')_t5_max: 133
	F43_('S3', 'S2')_t3_min: 62509
	('S4', 'S3')_gcl_length: 216
	F10_('S3', 'S4')_tb: 244
	F47_('S3', 'E3')_t4_max: 760
	F44_('S4', 'E4')_t5_max: 30145
	F39_('S4', 'S3')_t5_max: 30578
	F33_('S4', 'S5')_t3_max: 2676
	F23_('S4', 'S5')_t5_min: 15029
	F19_('S4', 'S3')_t5_max: 30056
	F5_('S4', 'E4')_t5_max: 2413
	F3_('S2', 'S3')_t5_max: 6820
	F21_('S3', 'S2')_t3_min: 1903
	F15_('E1', 'S1')_tb: 123
	F48_('S2', 'S3')_t3_max: 6746
	F24_('S4', 'E4')_t4_max: 164
	F40_('E5', 'S5')_t4_min: 5947
	F20_('E3', 'S3')_t5_max: 18323
	F55_('E2', 'S2')_t4_min: 2480
	F21_('S2', 'E2')_t3_min: 1917
	F46_('S3', 'S4')_t3_min: 118685
	F12_('S4', 'S5')_t5_max: 44254
	F34_('E5', 'S5')_t4_min: 37959
	F39_('S3', 'E3')_t5_max: 30601
	F40_('S4', 'S3')_t3_min: 5974
	F57_('E3', 'S3')_t4_max: 38426
	F53_('S3', 'S2')_t3_min: 62095
	F6_('S2', 'S3')_t5_min: 31022
	F12_('S5', 'E5')_t5_max: 44266
	F13_('S4', 'E4')_t3_max: 578
	F0_('S4', 'E4')_t5_max: 12554
	F16_('S3', 'S4')_t5_max: 495
	F37_('E5', 'S5')_t5_max: 30517
	F46_('E3', 'S3')_tb: 118678
	F50_('S3', 'S2')_t5_min: 62032
	F14_('S4', 'S3')_t3_min: 39928
	F49_('S4', 'S5')_t3_max: 122939
	F23_('S3', 'S4')_t5_min: 14962
	F55_('E2', 'S2')_tb: 2480
	F29_('E3', 'S3')_t4_max: 1
	F37_('S3', 'S2')_t5_min: 30563
	F57_('S4', 'E4')_t5_max: 38496
	F33_('S5', 'E5')_tb: 2684
	F18_('E4', 'S4')_tb: 10859
	F57_('E3', 'S3')_tb: 38426
	F27_('S2', 'S1')_t3_max: 62160
	F21_('S3', 'S2')_tb: 1903
	F43_('S4', 'S3')_t3_min: 62500
	F17_('S2', 'E2')_tb: 63966
	F15_('S3', 'S4')_t5_max: 223
	F4_('S5', 'E5')_t3_max: 58483
	F22_('S3', 'S4')_t5_max: 50547
	F51_('E5', 'S5')_t4_max: 30036
	F17_('S2', 'E2')_t4_max: 63984
	F7_('E2', 'S2')_t4_max: 83
	F39_('S5', 'S4')_t3_min: 30547
	F38_('S2', 'E2')_t5_min: 524
	F7_('E2', 'S2')_t5_min: 88
	F24_('S5', 'S4')_t3_min: 133
	F27_('S1', 'E1')_tb: 62165
	F53_('E5', 'S5')_t5_min: 62063
	F48_('S5', 'E5')_t5_min: 6811
	F15_('S3', 'S4')_tb: 159
	F40_('S2', 'E2')_tb: 6024
	F14_('E5', 'S5')_t5_min: 39918
	F36_('E5', 'S5')_t5_max: 7982
	F39_('E5', 'S5')_t5_min: 30545
	F7_('S1', 'E1')_t3_min: 97
	F10_('S4', 'E4')_t5_max: 316
	F58_('S2', 'E2')_t3_min: 902
	F51_('S2', 'E2')_t3_min: 30078
	F50_('S2', 'E2')_t3_min: 62034
	F33_('S4', 'S5')_t3_min: 2635
	F22_('S5', 'E5')_tb: 50566
	F22_('E2', 'S2')_tb: 50492
	F32_('S3', 'E3')_t5_max: 39
	F48_('S5', 'E5')_t4_max: 6820
	F31_('E1', 'S1')_tb: 46864
	F12_('E1', 'S1')_t4_min: 44188
	F18_('S3', 'E3')_t5_min: 10893
	F49_('E2', 'S2')_t4_max: 122884
	F59_('S3', 'S4')_t3_min: 6697
	F40_('S3', 'S2')_tb: 6008
	F0_('S4', 'E4')_t3_min: 12509
	F41_('S4', 'S5')_tb: 26452
	F12_('S2', 'S3')_tb: 44225
	F35_('S5', 'E5')_t3_min: 30508
	F5_('E3', 'S3')_t4_max: 2337
	F52_('E3', 'S3')_t5_max: 2495
	F13_('S2', 'S3')_t3_max: 541
	F49_('S2', 'S3')_t5_min: 122900
	F39_('S3', 'E3')_t4_max: 30598
	F16_('S4', 'E4')_t4_max: 502
	F38_('S4', 'S3')_t5_max: 492
	F6_('E1', 'S1')_t5_min: 31010
	F56_('S4', 'E4')_t5_max: 62364
	F15_('S3', 'S4')_t3_max: 200
	F39_('S3', 'E3')_t5_min: 30583
	F3_('S2', 'S3')_t5_min: 6802
	F1_('S2', 'S3')_t3_min: 2919
	F31_('E1', 'S1')_t3_min: 46864
	F25_('S2', 'E2')_t4_max: 15908
	F30_('S1', 'S2')_t5_max: 14593
	F57_('E3', 'S3')_t5_min: 38436
	F51_('S5', 'S4')_t3_min: 30044
	F39_('S4', 'S3')_t3_min: 30552
	F37_('E5', 'S5')_t5_min: 30517
	F15_('S4', 'E4')_t3_min: 171
	F13_('S3', 'S4')_t5_min: 553
	F45_('E3', 'S3')_t5_max: 62570
	F10_('S4', 'E4')_t3_min: 254
	F0_('E3', 'S3')_t4_min: 12487
	F44_('E5', 'S5')_tb: 30098
	F8_('E3', 'S3')_t5_min: 1969
	F14_('S3', 'S2')_t5_min: 39970
	F32_('E4', 'S4')_t5_max: 9
	F58_('E1', 'S1')_t5_min: 888
	F30_('S2', 'S3')_tb: 14595
	F13_('S1', 'S2')_t5_min: 534
	F23_('S5', 'E5')_tb: 15031
	F27_('E5', 'S5')_t4_max: 62087
	F38_('S4', 'S3')_t3_min: 478
	F9_('E1', 'S1')_t4_min: 6925
	F8_('E3', 'S3')_tb: 1961
	F31_('S3', 'S4')_t5_max: 46947
	F12_('S1', 'S2')_t5_max: 44218
	F53_('S1', 'E1')_t3_min: 62138
	F18_('S3', 'E3')_t4_max: 10919
	F23_('E1', 'S1')_t3_min: 14932
	F22_('S4', 'S5')_t3_min: 50513
	F30_('S1', 'S2')_t3_min: 14583
	F20_('E3', 'S3')_t4_min: 18316
	F14_('S2', 'S1')_tb: 39977
	F51_('S5', 'S4')_t5_max: 30055
	F13_('S4', 'E4')_t5_max: 583
	F10_('E1', 'S1')_tb: 209
	F51_('S2', 'E2')_tb: 30101
	F16_('S3', 'S4')_t5_min: 495
	F43_('E4', 'S4')_t4_min: 62491
	F41_('S5', 'E5')_tb: 26468
	F57_('E3', 'S3')_t3_min: 38426
	F5_('S3', 'S4')_tb: 2351
	F20_('S4', 'S5')_t5_max: 18364
	F38_('S2', 'E2')_t4_max: 515
	F36_('S4', 'S3')_t5_max: 8010
	F45_('E3', 'S3')_t4_max: 62558
	F52_('S4', 'E4')_t3_min: 2507
	F34_('S5', 'S4')_t5_max: 37990
	F12_('S5', 'E5')_t3_max: 44261
	F28_('S5', 'E5')_t3_min: 6914
	F9_('S3', 'S4')_t3_min: 6958
	F0_('E3', 'S3')_t5_min: 12496
	F24_('S5', 'S4')_tb: 138
	F13_('S4', 'E4')_tb: 578
	F55_('E2', 'S2')_t5_max: 2491
	F49_('S4', 'S5')_t5_min: 122946
	F41_('E3', 'S3')_tb: 26420
	F53_('S4', 'S3')_tb: 62085
	F53_('S1', 'E1')_t5_max: 62151
	F20_('S5', 'E5')_t3_max: 18371
	F15_('S2', 'S3')_tb: 147
	F42_('S4', 'E4')_tb: 26414
	F25_('S3', 'S2')_tb: 15880
	F20_('S5', 'E5')_t5_min: 18378
	F21_('S4', 'S3')_tb: 1889
	F17_('E3', 'S3')_t5_max: 63956
	F19_('S3', 'E3')_t5_min: 30049
	F28_('E4', 'S4')_t5_max: 6895
	F19_('E4', 'S4')_t4_min: 30018
	F59_('E2', 'S2')_t4_max: 6675
	F31_('S3', 'S4')_t5_min: 46911
	F5_('E3', 'S3')_t5_max: 2349
	F40_('S5', 'S4')_tb: 5963
	F34_('S4', 'E4')_t4_max: 37997
	F0_('E3', 'S3')_t5_max: 12496
	F12_('S1', 'S2')_t5_min: 44200
	F0_('S3', 'S4')_t5_min: 12507
	F27_('S3', 'S2')_t5_min: 62153
	F33_('S5', 'E5')_t4_max: 2702
	F15_('S2', 'S3')_t3_max: 170
	F44_('E5', 'S5')_t5_max: 30109
	F6_('S2', 'S3')_tb: 31018
	F31_('S3', 'S4')_t3_min: 46902
	F32_('E4', 'S4')_t5_min: 9
	F39_('S5', 'S4')_t5_max: 30568
	F32_('E4', 'S4')_t4_min: 1
	F47_('E2', 'S2')_t5_min: 712
	F59_('E2', 'S2')_t5_max: 6684
	F46_('E3', 'S3')_t3_min: 118678
	F19_('S3', 'E3')_t3_max: 30063
	F17_('S2', 'E2')_t3_max: 63971
	F16_('S4', 'E4')_t5_min: 506
	F35_('S4', 'S5')_t3_min: 30492
	F24_('S4', 'E4')_t3_min: 146
	F12_('S5', 'E5')_tb: 44261
	F17_('S2', 'E2')_t5_min: 63967
	F59_('S4', 'S5')_t3_min: 6708
	F39_('E5', 'S5')_t5_max: 30545
	F38_('S4', 'S3')_tb: 483
	F29_('S1', 'E1')_t5_min: 60
	F15_('S2', 'S3')_t5_max: 193
	F5_('E3', 'S3')_tb: 2337
	F31_('S5', 'E5')_t3_min: 46965
	F31_('S4', 'S5')_t3_max: 46954
	F11_('S2', 'S1')_t3_min: 62723
	F38_('E4', 'S4')_t4_max: 467
	F44_('S4', 'E4')_tb: 30134
	F43_('S1', 'E1')_tb: 62527
	F37_('S3', 'S2')_tb: 30553
	F37_('S2', 'E2')_t4_max: 30588
	F26_('S3', 'S4')_t3_min: 126945
	F37_('S4', 'S3')_t3_max: 30541
	F14_('S2', 'S1')_t5_max: 39983
	F58_('E1', 'S1')_t5_max: 888
	F42_('E3', 'S3')_t5_min: 26401
	F11_('E2', 'S2')_t4_min: 62713
	F22_('S3', 'S4')_t5_min: 50511
	F48_('S2', 'S3')_tb: 6741
	F20_('E3', 'S3')_tb: 18316
	F37_('S2', 'E2')_t3_min: 30565
	F16_('E3', 'S3')_t5_max: 484
	F37_('S2', 'E2')_t5_min: 30598
	F33_('S3', 'S4')_t3_min: 2627
	F21_('S5', 'S4')_tb: 1870
	F6_('S2', 'S3')_t5_max: 31058
	F32_('S4', 'S3')_t5_max: 24
	F54_('E3', 'S3')_t4_min: 331
	F31_('S3', 'S4')_tb: 46902
	F10_('S4', 'E4')_tb: 254
	F9_('S1', 'S2')_tb: 6936
	F39_('E5', 'S5')_t4_max: 30542
	F54_('S2', 'E2')_t4_max: 355
	F28_('S5', 'E5')_tb: 6919
	F13_('S1', 'S2')_tb: 529
	F44_('S4', 'E4')_t4_max: 30134
	F23_('E1', 'S1')_t5_min: 14938
	F47_('S2', 'S3')_t5_min: 722
	F59_('S3', 'S4')_tb: 6697
	F6_('S5', 'E5')_t5_max: 31104
	F13_('E1', 'S1')_t4_max: 517
	F12_('E1', 'S1')_tb: 44188
	F53_('E5', 'S5')_t4_max: 62055
	F31_('S3', 'S4')_t3_max: 46925
	F19_('S3', 'E3')_t4_max: 30076
	F14_('S3', 'S2')_t3_max: 39964
	F12_('S5', 'E5')_t3_min: 44256
	F9_('E1', 'S1')_t4_max: 6925
	F21_('E5', 'S5')_t3_min: 1851
	F19_('S4', 'S3')_t5_min: 30038
	F32_('E4', 'S4')_tb: 1
	F6_('S5', 'E5')_t3_max: 31100
	F32_('E4', 'S4')_t3_min: 1
	F32_('S3', 'E3')_t5_min: 39
	F51_('S5', 'S4')_t5_min: 30055
	F58_('S2', 'E2')_t5_min: 912
	F1_('E2', 'S2')_t5_max: 2917
	F58_('S2', 'E2')_t5_max: 912
	('S2', 'S1')_gcl_length: 4
	F47_('E2', 'S2')_t4_min: 704
	F26_('E3', 'S3')_t5_max: 126943
	F50_('S2', 'E2')_t5_min: 62041
	F19_('E4', 'S4')_tb: 30018
	F52_('E3', 'S3')_t4_max: 2492
	F15_('S4', 'E4')_tb: 171
	F14_('S3', 'S2')_tb: 39964
	F31_('S2', 'S3')_t5_max: 46918
	F31_('S1', 'S2')_t5_max: 46889
	F22_('E2', 'S2')_t5_max: 50497
	F39_('S5', 'S4')_t5_min: 30550
	F52_('S3', 'S4')_t5_min: 2505
	F39_('E5', 'S5')_tb: 30542
	F12_('S2', 'S3')_t3_max: 44225
	F38_('E4', 'S4')_t5_min: 476
	F13_('S3', 'S4')_t5_max: 571
	F37_('S5', 'S4')_t5_max: 30534
	F51_('S3', 'S2')_tb: 30070
	F51_('S4', 'S3')_tb: 30062
	F36_('S3', 'E3')_t4_max: 8017
	F28_('S4', 'S5')_t3_min: 6897
	F13_('S1', 'S2')_t3_min: 524
	F12_('S4', 'S5')_tb: 44249
	F50_('S3', 'S2')_t3_min: 62025
	F26_('S4', 'E4')_t5_min: 126962
	F20_('E3', 'S3')_t4_max: 18316
	F48_('E1', 'S1')_t5_max: 6723
	F40_('S2', 'E2')_t3_min: 6019
	F4_('E4', 'S4')_t3_min: 58463
	F58_('S2', 'E2')_tb: 907
	F21_('E5', 'S5')_t4_max: 1851
	F3_('S3', 'S4')_t3_min: 6804
	F34_('S4', 'E4')_t3_max: 37997
	F58_('S2', 'E2')_t4_max: 907
	F19_('S4', 'S3')_tb: 30029
	F56_('S4', 'E4')_t3_max: 62340
	F27_('S1', 'E1')_t5_max: 62209
	F51_('S2', 'E2')_t4_max: 30101
	F45_('S4', 'S5')_t5_max: 62634
	F10_('S3', 'S4')_t5_max: 288
	F14_('S1', 'E1')_tb: 39985
	F26_('S4', 'E4')_t4_max: 126975
	F10_('E1', 'S1')_t3_min: 209
	F48_('S5', 'E5')_t3_max: 6807
	F42_('E3', 'S3')_t4_min: 26392
	F59_('S4', 'S5')_t5_max: 6758
	F54_('E3', 'S3')_t4_max: 331
	F27_('S1', 'E1')_t3_max: 62188
	F25_('S2', 'E2')_t5_max: 15916
	F25_('S2', 'E2')_t3_min: 15890
	F29_('S2', 'S1')_t3_max: 39
	F13_('S3', 'S4')_t3_max: 553
	F12_('S3', 'S4')_t5_min: 44242
	F6_('S4', 'S5')_t5_max: 31093
	F44_('S5', 'S4')_t5_max: 30127
	F4_('S5', 'E5')_t3_min: 58478
	F9_('S4', 'E4')_t3_max: 7028
	F18_('S4', 'S3')_t5_min: 10881
	F40_('S5', 'S4')_t3_min: 5958
	F35_('S5', 'E5')_t5_max: 30535
	F56_('S3', 'S4')_tb: 62304
	F53_('S5', 'S4')_tb: 62070
	F51_('S3', 'S2')_t5_min: 30076
	F43_('S2', 'S1')_tb: 62518
	F14_('S5', 'S4')_tb: 39920
	F31_('E1', 'S1')_t4_min: 46864
	F27_('E5', 'S5')_t5_max: 62095
	F50_('E3', 'S3')_t3_min: 62016
	F53_('S2', 'S1')_t3_min: 62105
	F13_('S2', 'S3')_t5_min: 546
	F2_('S2', 'E2')_t5_min: 349
	F15_('S3', 'S4')_t3_min: 159
	F33_('S2', 'S3')_t5_max: 2643
	F17_('S2', 'E2')_t5_max: 63985
	F14_('S5', 'S4')_t5_max: 39944
	F35_('S5', 'E5')_t4_max: 30526
	F13_('S4', 'E4')_t5_min: 583
	F55_('E2', 'S2')_t3_min: 2480
	F15_('S4', 'E4')_t5_min: 181
	F51_('S2', 'E2')_t5_max: 30107
	F23_('S5', 'E5')_t5_min: 15037
	F24_('E5', 'S5')_t3_min: 125
	F26_('S3', 'S4')_t5_max: 126955
	F55_('S1', 'E1')_t3_max: 2529
	F10_('S1', 'S2')_t3_min: 219
	F31_('S2', 'S3')_t3_min: 46891
	F29_('S2', 'S1')_t5_min: 46
	F47_('S2', 'S3')_t3_min: 714
	F41_('S3', 'S4')_tb: 26436
	F42_('S4', 'E4')_t4_max: 26450
	F31_('S4', 'S5')_t5_max: 46963
	F31_('S5', 'E5')_t3_max: 46970
	F4_('S5', 'E5')_t4_max: 58483
	F20_('S4', 'S5')_t3_min: 18334
	F8_('E3', 'S3')_t5_max: 1969
	('S2', 'E2')_gcl_length: 152
	F48_('S3', 'S4')_tb: 6775
	F7_('E2', 'S2')_tb: 83
	F15_('E1', 'S1')_t5_min: 133
	F48_('S4', 'S5')_t3_min: 6786
	F28_('S4', 'S5')_t5_max: 6912
	F7_('S1', 'E1')_tb: 120
	F29_('S2', 'S1')_t3_min: 34
	F26_('S3', 'S4')_t5_min: 126955
	F53_('S2', 'S1')_tb: 62128
	F46_('S4', 'S5')_tb: 118702
	F17_('S3', 'S2')_t5_min: 63964
	F19_('S3', 'E3')_t3_min: 30040
	F6_('S5', 'E5')_t5_min: 31104
	F33_('S4', 'S5')_tb: 2676
	F30_('S1', 'S2')_tb: 14588
	F49_('S5', 'E5')_t4_max: 122953
	F29_('S3', 'S2')_t5_max: 32
	F8_('E3', 'S3')_t4_max: 1961
	F3_('S3', 'S4')_t5_min: 6815
	F5_('S3', 'S4')_t5_min: 2363
	F0_('S3', 'S4')_t5_max: 12525
	F27_('S4', 'S3')_t3_max: 62117
	F38_('S2', 'E2')_t3_max: 515
	F32_('S4', 'S3')_t3_min: 11
	F29_('S1', 'E1')_t3_min: 48
	F54_('S2', 'E2')_tb: 355
	F10_('S2', 'S3')_tb: 234
	F27_('S5', 'S4')_t5_min: 62110
	F16_('S4', 'E4')_t5_max: 506
	F11_('S1', 'E1')_t3_max: 62756
	F44_('E5', 'S5')_t4_min: 30098
	F5_('E3', 'S3')_t4_min: 2337
	F22_('S4', 'S5')_tb: 50554
	F59_('S4', 'S5')_t5_min: 6758
	F2_('S2', 'E2')_t5_max: 349
	F23_('S5', 'E5')_t3_min: 15031
	F22_('S2', 'S3')_t3_min: 50499
	F30_('S2', 'S3')_t3_max: 14600
	F23_('S1', 'S2')_t3_min: 14940
	F13_('S4', 'E4')_t3_min: 555
	F12_('E1', 'S1')_t5_min: 44193
	F27_('S5', 'S4')_tb: 62102
	F50_('E3', 'S3')_t5_max: 62023
	F10_('S2', 'S3')_t5_max: 260
	F8_('S3', 'S2')_t5_min: 1984
	F44_('S4', 'E4')_t5_min: 30145
	F56_('S4', 'E4')_tb: 62317
	F7_('S2', 'S1')_t3_min: 90
	F23_('E1', 'S1')_tb: 14932
	F20_('S5', 'E5')_t5_max: 18378
	F54_('S2', 'E2')_t5_max: 360
	F31_('S5', 'E5')_t4_max: 46970
	F34_('S5', 'S4')_tb: 37978
	F53_('S5', 'S4')_t5_max: 62078
	F9_('S2', 'S3')_tb: 6947
	F29_('E3', 'S3')_t4_min: 1
	F17_('E3', 'S3')_t4_min: 63955
	F49_('E2', 'S2')_t5_min: 122891
	F18_('S3', 'E3')_t5_max: 10929
	F10_('S1', 'S2')_t5_min: 232
	F47_('E2', 'S2')_t3_min: 704
	F12_('S3', 'S4')_tb: 44237
	F55_('S1', 'E1')_t5_max: 2553
	F37_('S3', 'S2')_t5_max: 30581
	F34_('E5', 'S5')_t4_max: 37959
	F1_('E2', 'S2')_t3_min: 2908
	F21_('S2', 'E2')_tb: 1917
	F17_('S3', 'S2')_tb: 63963
	F7_('S2', 'S1')_tb: 90
	F8_('E3', 'S3')_t3_min: 1961
	F13_('S2', 'S3')_t5_max: 546
	F53_('S3', 'S2')_t3_max: 62100
	F32_('E4', 'S4')_t4_max: 1
	F38_('S3', 'S2')_t5_max: 508
	F37_('S5', 'S4')_t3_min: 30519
	F8_('E3', 'S3')_t4_min: 1961
	F19_('S4', 'S3')_t3_min: 30029
	F5_('S4', 'E4')_t5_min: 2377
	F37_('E5', 'S5')_t4_max: 30507
	F31_('E1', 'S1')_t4_max: 46864
	F36_('S3', 'E3')_t3_min: 8012
	F30_('S1', 'S2')_t5_min: 14593
	F10_('S2', 'S3')_t3_min: 234
	F23_('S4', 'S5')_t3_max: 15023
	F15_('S3', 'S4')_t5_min: 169
	F49_('S3', 'S4')_t3_max: 122925
	F44_('S4', 'E4')_t3_max: 30134
	F10_('S4', 'E4')_t3_max: 295
	F51_('S4', 'S3')_t5_max: 30068
	F11_('S1', 'E1')_t5_min: 62741
	F55_('E2', 'S2')_t5_min: 2491
	F7_('S1', 'E1')_t4_max: 120
	F39_('E5', 'S5')_t3_min: 30542
	F23_('S1', 'S2')_tb: 14940
	F53_('S1', 'E1')_t5_min: 62151
	F6_('E1', 'S1')_t4_max: 31006
	F31_('E1', 'S1')_t5_max: 46873
	F30_('E1', 'S1')_t4_min: 14576
	F27_('S2', 'S1')_t3_min: 62155
	F4_('E4', 'S4')_tb: 58463
	F23_('S3', 'S4')_t3_max: 14997
	F50_('S2', 'E2')_t4_max: 62070
	F12_('S4', 'S5')_t5_min: 44254
	F38_('S3', 'S2')_tb: 499
	F6_('E1', 'S1')_t3_min: 31006
	F52_('S3', 'S4')_tb: 2502
	F48_('E1', 'S1')_t4_min: 6714
	F0_('S4', 'E4')_tb: 12509
	F20_('S4', 'S5')_t5_min: 18364
	F35_('E4', 'S4')_tb: 30481
	F46_('S3', 'S4')_t5_min: 118695
	F41_('E3', 'S3')_t4_max: 26420
	F4_('S4', 'S5')_t3_min: 58468
	F48_('S4', 'S5')_tb: 6791
	F15_('S1', 'S2')_tb: 135
	F23_('S1', 'S2')_t5_max: 14964
	F34_('E5', 'S5')_t3_min: 37959
	F39_('S4', 'S3')_t5_min: 30578
	F21_('E5', 'S5')_t4_min: 1851
	F18_('E4', 'S4')_t5_max: 10869
	F15_('S1', 'S2')_t5_max: 163
	F23_('S3', 'S4')_t3_min: 14956
	F51_('E5', 'S5')_tb: 30036
	F48_('S4', 'S5')_t3_max: 6791
	F42_('S3', 'S4')_tb: 26403
	F57_('S4', 'E4')_t3_min: 38450
	F41_('S4', 'S5')_t3_max: 26452
	F27_('S1', 'E1')_t4_max: 62201
	F6_('S5', 'E5')_t4_max: 31100
	F36_('S4', 'S3')_t3_max: 8003
	F25_('E3', 'S3')_t5_min: 15873
	F49_('E2', 'S2')_t3_min: 122884
	F22_('S5', 'E5')_t5_max: 50571
	F12_('S2', 'S3')_t3_min: 44202
	F33_('S3', 'S4')_t3_max: 2650
	F35_('E4', 'S4')_t4_max: 30481
	F48_('S4', 'S5')_t5_min: 6800
	F12_('S2', 'S3')_t5_min: 44230
	F57_('E3', 'S3')_t5_max: 38436
	F40_('E5', 'S5')_tb: 5947
	F39_('S3', 'E3')_tb: 30580
	F6_('S2', 'S3')_t3_min: 31018
	F40_('S2', 'E2')_t3_max: 6024
	F43_('E4', 'S4')_t4_max: 62491
	F40_('S3', 'S2')_t5_min: 6017
	F15_('S2', 'S3')_t3_min: 147
	F9_('S3', 'S4')_t5_max: 7021
	F51_('E5', 'S5')_t3_min: 30036
	F18_('E4', 'S4')_t4_min: 10859
	F9_('S4', 'E4')_t3_min: 6969
	F23_('E1', 'S1')_t4_min: 14932
	F46_('S3', 'S4')_t5_max: 118695
	('S4', 'E4')_gcl_length: 134
	F26_('E3', 'S3')_t3_min: 126938
	F33_('S2', 'S3')_t3_min: 2619
	F27_('S3', 'S2')_t3_min: 62122
	F15_('S4', 'E4')_t3_max: 230
	('S3', 'S2')_gcl_length: 246
	F17_('S3', 'S2')_t3_min: 63958
	F21_('S3', 'S2')_t3_max: 1908
	F14_('E5', 'S5')_t3_min: 39912
	F55_('S2', 'S1')_t5_max: 2522
	F27_('E5', 'S5')_tb: 62087
	F38_('E4', 'S4')_t3_min: 467
	F56_('S3', 'S4')_t3_min: 62304
	F59_('S4', 'S5')_t3_max: 6749
	F28_('E4', 'S4')_tb: 6885
	F54_('S2', 'E2')_t5_min: 360
	F30_('E1', 'S1')_tb: 14576
	F13_('E1', 'S1')_t4_min: 517
	F46_('S5', 'E5')_t5_min: 118719
	F2_('S2', 'E2')_t3_max: 337
	F49_('S5', 'E5')_tb: 122953
	F58_('S2', 'E2')_t3_max: 907
	F54_('E3', 'S3')_t3_min: 331
	F42_('E3', 'S3')_t5_max: 26401
	F7_('S1', 'E1')_t5_min: 125
	F36_('S5', 'S4')_t5_min: 7996
