0. Flow F0 [E5-->E3] with period 8000, payload 704B, e2e delay 8000us, jitter 800us
	('E5', 'S5'), Operation(6340, None, 6346)(6340, 6340)
	('S5', 'S4'), Operation(6348, 6353, 6359)(6353, 6353)
	('S4', 'S3'), Operation(6361, 6366, 6372)(6366, 6366)
	('S3', 'E3'), Operation(6374, None, 6398)(6374, 6392)
1. Flow F1 [E5-->E2] with period 4000, payload 256B, e2e delay 4000us, jitter 400us
	('E5', 'S5'), Operation(2278, None, 2281)(2278, 2278)
	('S5', 'S4'), Operation(2283, None, 2304)(2283, 2301)
	('S4', 'S3'), Operation(2288, None, 2327)(2288, 2324)
	('S3', 'S2'), Operation(2293, 2339, 2342)(2339, 2339)
	('S2', 'E2'), Operation(2344, None, 2365)(2344, 2362)
2. Flow F2 [E3-->E4] with period 128000, payload 1435B, e2e delay 128000us, jitter 12800us
	('E3', 'S3'), Operation(73341, None, 73353)(73341, 73341)
	('S3', 'S4'), Operation(73355, 73372, 73384)(73372, 73372)
	('S4', 'E4'), Operation(73386, None, 73416)(73386, 73404)
3. Flow F3 [E2-->E4] with period 128000, payload 1438B, e2e delay 128000us, jitter 12800us
	('E2', 'S2'), Operation(94205, None, 94217)(94205, 94205)
	('S2', 'S3'), Operation(94219, None, 94249)(94219, 94237)
	('S3', 'S4'), Operation(94233, None, 94281)(94233, 94269)
	('S4', 'E4'), Operation(94247, None, 94313)(94247, 94301)
4. Flow F4 [E3-->E4] with period 2000, payload 1445B, e2e delay 2000us, jitter 200us
	('E3', 'S3'), Operation(424, None, 436)(424, 424)
	('S3', 'S4'), Operation(438, None, 468)(438, 456)
	('S4', 'E4'), Operation(452, 489, 501)(489, 489)
5. Flow F5 [E4-->E5] with period 128000, payload 373B, e2e delay 128000us, jitter 12800us
	('E4', 'S4'), Operation(127587, None, 127590)(127587, 127587)
	('S4', 'S5'), Operation(127592, None, 127613)(127592, 127610)
	('S5', 'E5'), Operation(127597, None, 127636)(127597, 127633)
6. Flow F6 [E4-->E3] with period 32000, payload 1380B, e2e delay 32000us, jitter 3200us
	('E4', 'S4'), Operation(2207, None, 2219)(2207, 2207)
	('S4', 'S3'), Operation(2221, 2226, 2238)(2226, 2226)
	('S3', 'E3'), Operation(2240, None, 2270)(2240, 2258)
7. Flow F7 [E4-->E3] with period 16000, payload 1357B, e2e delay 16000us, jitter 1600us
	('E4', 'S4'), Operation(6373, None, 6384)(6373, 6373)
	('S4', 'S3'), Operation(6386, None, 6415)(6386, 6404)
	('S3', 'E3'), Operation(6399, None, 6446)(6399, 6435)
8. Flow F8 [E4-->E3] with period 16000, payload 151B, e2e delay 16000us, jitter 1600us
	('E4', 'S4'), Operation(10056, None, 10058)(10056, 10056)
	('S4', 'S3'), Operation(10060, None, 10080)(10060, 10078)
	('S3', 'E3'), Operation(10064, None, 10102)(10064, 10100)
9. Flow F9 [E1-->E5] with period 32000, payload 1044B, e2e delay 32000us, jitter 3200us
	('E1', 'S1'), Operation(14319, None, 14328)(14319, 14319)
	('S1', 'S2'), Operation(14330, 14335, 14344)(14335, 14335)
	('S2', 'S3'), Operation(14346, None, 14373)(14346, 14364)
	('S3', 'S4'), Operation(14357, None, 14402)(14357, 14393)
	('S4', 'S5'), Operation(14368, None, 14431)(14368, 14422)
	('S5', 'E5'), Operation(14379, None, 14460)(14379, 14451)
10. Flow F10 [E5-->E3] with period 128000, payload 1037B, e2e delay 128000us, jitter 12800us
	('E5', 'S5'), Operation(9967, None, 9976)(9967, 9967)
	('S5', 'S4'), Operation(9978, None, 10005)(9978, 9996)
	('S4', 'S3'), Operation(9989, None, 10034)(9989, 10025)
	('S3', 'E3'), Operation(10000, None, 10063)(10000, 10054)
11. Flow F11 [E3-->E1] with period 128000, payload 555B, e2e delay 128000us, jitter 12800us
	('E3', 'S3'), Operation(35761, None, 35766)(35761, 35761)
	('S3', 'S2'), Operation(35768, None, 35791)(35768, 35786)
	('S2', 'S1'), Operation(35775, None, 35816)(35775, 35811)
	('S1', 'E1'), Operation(35782, None, 35841)(35782, 35836)
12. Flow F12 [E2-->E3] with period 64000, payload 1263B, e2e delay 64000us, jitter 6400us
	('E2', 'S2'), Operation(35866, None, 35877)(35866, 35866)
	('S2', 'S3'), Operation(35879, None, 35908)(35879, 35897)
	('S3', 'E3'), Operation(35892, None, 35939)(35892, 35928)
13. Flow F13 [E4-->E5] with period 16000, payload 606B, e2e delay 16000us, jitter 1600us
	('E4', 'S4'), Operation(15541, None, 15546)(15541, 15541)
	('S4', 'S5'), Operation(15548, None, 15571)(15548, 15566)
	('S5', 'E5'), Operation(15555, None, 15596)(15555, 15591)
14. Flow F14 [E3-->E1] with period 4000, payload 1263B, e2e delay 4000us, jitter 400us
	('E3', 'S3'), Operation(3703, None, 3714)(3703, 3703)
	('S3', 'S2'), Operation(3716, 3721, 3732)(3721, 3721)
	('S2', 'S1'), Operation(3734, 3739, 3750)(3739, 3739)
	('S1', 'E1'), Operation(3752, None, 3781)(3752, 3770)
15. Flow F15 [E5-->E4] with period 128000, payload 208B, e2e delay 128000us, jitter 12800us
	('E5', 'S5'), Operation(102323, None, 102325)(102323, 102323)
	('S5', 'S4'), Operation(102327, None, 102347)(102327, 102345)
	('S4', 'E4'), Operation(102331, None, 102369)(102331, 102367)
16. Flow F16 [E3-->E1] with period 128000, payload 213B, e2e delay 128000us, jitter 12800us
	('E3', 'S3'), Operation(127931, None, 127933)(127931, 127931)
	('S3', 'S2'), Operation(127935, None, 127955)(127935, 127953)
	('S2', 'S1'), Operation(127939, None, 127977)(127939, 127975)
	('S1', 'E1'), Operation(127943, None, 127999)(127943, 127997)
17. Flow F17 [E3-->E2] with period 4000, payload 1495B, e2e delay 4000us, jitter 400us
	('E3', 'S3'), Operation(3622, None, 3634)(3622, 3622)
	('S3', 'S2'), Operation(3636, None, 3666)(3636, 3654)
	('S2', 'E2'), Operation(3650, None, 3698)(3650, 3686)
18. Flow F18 [E1-->E3] with period 2000, payload 550B, e2e delay 2000us, jitter 200us
	('E1', 'S1'), Operation(1919, None, 1924)(1919, 1919)
	('S1', 'S2'), Operation(1926, None, 1949)(1926, 1944)
	('S2', 'S3'), Operation(1933, None, 1974)(1933, 1969)
	('S3', 'E3'), Operation(1940, None, 1999)(1940, 1994)
19. Flow F19 [E5-->E2] with period 2000, payload 267B, e2e delay 2000us, jitter 200us
	('E5', 'S5'), Operation(1669, None, 1672)(1669, 1669)
	('S5', 'S4'), Operation(1674, 1679, 1682)(1679, 1679)
	('S4', 'S3'), Operation(1684, 1689, 1692)(1689, 1689)
	('S3', 'S2'), Operation(1694, None, 1715)(1694, 1712)
	('S2', 'E2'), Operation(1699, None, 1738)(1699, 1735)
20. Flow F20 [E2-->E4] with period 64000, payload 1477B, e2e delay 64000us, jitter 6400us
	('E2', 'S2'), Operation(14041, None, 14053)(14041, 14041)
	('S2', 'S3'), Operation(14055, None, 14085)(14055, 14073)
	('S3', 'S4'), Operation(14069, None, 14117)(14069, 14105)
	('S4', 'E4'), Operation(14083, None, 14149)(14083, 14137)
21. Flow F21 [E2-->E5] with period 128000, payload 1424B, e2e delay 128000us, jitter 12800us
	('E2', 'S2'), Operation(127538, None, 127550)(127538, 127538)
	('S2', 'S3'), Operation(127552, 127569, 127581)(127569, 127569)
	('S3', 'S4'), Operation(127583, 127600, 127612)(127600, 127600)
	('S4', 'S5'), Operation(127614, 127623, 127635)(127623, 127623)
	('S5', 'E5'), Operation(127637, None, 127667)(127637, 127655)
22. Flow F22 [E4-->E5] with period 8000, payload 441B, e2e delay 8000us, jitter 800us
	('E4', 'S4'), Operation(7502, None, 7506)(7502, 7502)
	('S4', 'S5'), Operation(7508, None, 7530)(7508, 7526)
	('S5', 'E5'), Operation(7514, None, 7554)(7514, 7550)
23. Flow F23 [E1-->E4] with period 16000, payload 364B, e2e delay 16000us, jitter 1600us
	('E1', 'S1'), Operation(15445, None, 15448)(15445, 15445)
	('S1', 'S2'), Operation(15450, None, 15471)(15450, 15468)
	('S2', 'S3'), Operation(15455, None, 15494)(15455, 15491)
	('S3', 'S4'), Operation(15460, None, 15517)(15460, 15514)
	('S4', 'E4'), Operation(15465, None, 15540)(15465, 15537)
24. Flow F24 [E1-->E5] with period 128000, payload 255B, e2e delay 128000us, jitter 12800us
	('E1', 'S1'), Operation(94074, None, 94077)(94074, 94074)
	('S1', 'S2'), Operation(94079, None, 94100)(94079, 94097)
	('S2', 'S3'), Operation(94084, None, 94123)(94084, 94120)
	('S3', 'S4'), Operation(94089, None, 94146)(94089, 94143)
	('S4', 'S5'), Operation(94094, None, 94169)(94094, 94166)
	('S5', 'E5'), Operation(94099, None, 94192)(94099, 94189)
25. Flow F25 [E2-->E1] with period 8000, payload 97B, e2e delay 8000us, jitter 800us
	('E2', 'S2'), Operation(3864, 3864, 3865)(3864, 3864)
	('S2', 'S1'), Operation(3867, None, 3886)(3867, 3885)
	('S1', 'E1'), Operation(3870, None, 3907)(3870, 3906)
26. Flow F26 [E3-->E4] with period 8000, payload 78B, e2e delay 8000us, jitter 800us
	('E3', 'S3'), Operation(6144, None, 6145)(6144, 6144)
	('S3', 'S4'), Operation(6147, None, 6166)(6147, 6165)
	('S4', 'E4'), Operation(6150, None, 6187)(6150, 6186)
27. Flow F27 [E1-->E5] with period 2000, payload 1512B, e2e delay 2000us, jitter 200us
	('E1', 'S1'), Operation(1306, None, 1319)(1306, 1306)
	('S1', 'S2'), Operation(1321, 1338, 1351)(1338, 1338)
	('S2', 'S3'), Operation(1353, 1370, 1383)(1370, 1370)
	('S3', 'S4'), Operation(1385, 1390, 1403)(1390, 1390)
	('S4', 'S5'), Operation(1405, None, 1436)(1405, 1423)
	('S5', 'E5'), Operation(1420, None, 1469)(1420, 1456)
28. Flow F28 [E1-->E4] with period 4000, payload 872B, e2e delay 4000us, jitter 400us
	('E1', 'S1'), Operation(339, None, 346)(339, 339)
	('S1', 'S2'), Operation(348, 365, 372)(365, 365)
	('S2', 'S3'), Operation(374, 391, 398)(391, 391)
	('S3', 'S4'), Operation(400, 417, 424)(417, 417)
	('S4', 'E4'), Operation(426, None, 451)(426, 444)
29. Flow F29 [E3-->E5] with period 32000, payload 800B, e2e delay 32000us, jitter 3200us
	('E3', 'S3'), Operation(31438, None, 31445)(31438, 31438)
	('S3', 'S4'), Operation(31447, 31452, 31459)(31452, 31452)
	('S4', 'S5'), Operation(31461, None, 31486)(31461, 31479)
	('S5', 'E5'), Operation(31470, None, 31513)(31470, 31506)
30. Flow F30 [E2-->E1] with period 64000, payload 1034B, e2e delay 64000us, jitter 6400us
	('E2', 'S2'), Operation(35806, None, 35815)(35806, 35806)
	('S2', 'S1'), Operation(35817, 35831, 35840)(35831, 35831)
	('S1', 'E1'), Operation(35842, None, 35869)(35842, 35860)
31. Flow F31 [E4-->E3] with period 4000, payload 1493B, e2e delay 4000us, jitter 400us
	('E4', 'S4'), Operation(2243, None, 2255)(2243, 2243)
	('S4', 'S3'), Operation(2257, None, 2287)(2257, 2275)
	('S3', 'E3'), Operation(2271, None, 2319)(2271, 2307)
32. Flow F32 [E1-->E3] with period 32000, payload 102B, e2e delay 32000us, jitter 3200us
	('E1', 'S1'), Operation(2188, None, 2189)(2188, 2188)
	('S1', 'S2'), Operation(2191, 2196, 2197)(2196, 2196)
	('S2', 'S3'), Operation(2199, None, 2218)(2199, 2217)
	('S3', 'E3'), Operation(2202, None, 2239)(2202, 2238)
33. Flow F33 [E5-->E2] with period 2000, payload 934B, e2e delay 2000us, jitter 200us
	('E5', 'S5'), Operation(295, None, 303)(295, 295)
	('S5', 'S4'), Operation(305, 318, 326)(318, 318)
	('S4', 'S3'), Operation(328, 333, 341)(333, 333)
	('S3', 'S2'), Operation(343, 360, 368)(360, 360)
	('S2', 'E2'), Operation(370, None, 396)(370, 388)
34. Flow F34 [E4-->E1] with period 64000, payload 1197B, e2e delay 64000us, jitter 6400us
	('E4', 'S4'), Operation(63591, None, 63601)(63591, 63591)
	('S4', 'S3'), Operation(63603, 63608, 63618)(63608, 63608)
	('S3', 'S2'), Operation(63620, 63625, 63635)(63625, 63625)
	('S2', 'S1'), Operation(63637, 63654, 63664)(63654, 63654)
	('S1', 'E1'), Operation(63666, None, 63694)(63666, 63684)
35. Flow F35 [E4-->E5] with period 2000, payload 458B, e2e delay 2000us, jitter 200us
	('E4', 'S4'), Operation(59, None, 63)(59, 59)
	('S4', 'S5'), Operation(65, 70, 74)(70, 70)
	('S5', 'E5'), Operation(76, None, 98)(76, 94)
36. Flow F36 [E1-->E4] with period 64000, payload 521B, e2e delay 64000us, jitter 6400us
	('E1', 'S1'), Operation(14348, 14348, 14353)(14348, 14348)
	('S1', 'S2'), Operation(14355, 14372, 14377)(14372, 14372)
	('S2', 'S3'), Operation(14379, 14396, 14401)(14396, 14396)
	('S3', 'S4'), Operation(14403, None, 14426)(14403, 14421)
	('S4', 'E4'), Operation(14410, None, 14451)(14410, 14446)
37. Flow F37 [E1-->E3] with period 64000, payload 398B, e2e delay 64000us, jitter 6400us
	('E1', 'S1'), Operation(63483, 63483, 63487)(63483, 63483)
	('S1', 'S2'), Operation(63489, None, 63511)(63489, 63507)
	('S2', 'S3'), Operation(63495, None, 63535)(63495, 63531)
	('S3', 'E3'), Operation(63501, None, 63559)(63501, 63555)
38. Flow F38 [E5-->E4] with period 2000, payload 278B, e2e delay 2000us, jitter 200us
	('E5', 'S5'), Operation(360, None, 363)(360, 360)
	('S5', 'S4'), Operation(365, None, 386)(365, 383)
	('S4', 'E4'), Operation(370, None, 409)(370, 406)
39. Flow F39 [E2-->E4] with period 4000, payload 445B, e2e delay 4000us, jitter 400us
	('E2', 'S2'), Operation(2170, None, 2174)(2170, 2170)
	('S2', 'S3'), Operation(2176, None, 2198)(2176, 2194)
	('S3', 'S4'), Operation(2182, None, 2222)(2182, 2218)
	('S4', 'E4'), Operation(2188, None, 2246)(2188, 2242)

SMT variables: 
	F32_jitter: 36
	F15_('E5', 'S5')_gc: False
	('S4', 'S3')_gcl_cycle: 64000
	F35_('S5', 'E5')_t4_min: 76
	F7_queue_index: 0
	F1_('S3', 'S2')_t3_min: 2293
	F0_('E5', 'S5')_rr: 0
	F16_('E3', 'S3')_t3_max: 127918
	F9_('S4', 'S5')_gc: False
	F35_('S5', 'E5')_gc: False
	F17_('E3', 'S3')_rr: 0
	F9_('S2', 'S3')_t4_min: 14346
	F39_('S2', 'S3')_t3_max: 2181
	F36_('S2', 'S3')_gc: True
	F10_('E5', 'S5')_t3_min: 9967
	F3_('E2', 'S2')_t5_min: 94217
	F22_queue_index: 0
	F35_('S5', 'E5')_rr: 0
	F34_('S2', 'S1')_t4_min: 63654
	F37_('S2', 'S3')_t4_min: 63495
	F7_('E4', 'S4')_rr: 0
	F37_('S3', 'E3')_gc: False
	F39_('S2', 'S3')_gc: False
	F19_('E5', 'S5')_t3_max: 1656
	F0_('S4', 'S3')_t4_max: 6366
	F5_('S5', 'E5')_t4_min: 127597
	F7_('S4', 'S3')_rr: 0
	F21_('E2', 'S2')_rr: 0
	F2_('E3', 'S3')_t3_max: 73328
	F25_('S2', 'S1')_t4_max: 3885
	F16_('E3', 'S3')_tb: 127931
	F8_('S4', 'S3')_t3_min: 10060
	F24_('S4', 'S5')_tb: 94094
	F9_('S5', 'E5')_rr: 0
	F29_('S4', 'S5')_t4_max: 31479
	F7_('E4', 'S4')_t3_max: 6360
	F6_('S4', 'S3')_t4_min: 2226
	F9_('S1', 'S2')_t4_min: 14335
	F13_jitter: 36
	F1_jitter: 18
	F6_('E4', 'S4')_rr: 0
	F34_('S1', 'E1')_rr: 0
	F15_jitter: 36
	F14_('S3', 'S2')_t4_min: 3721
	F18_('S3', 'E3')_gc: False
	F20_('S2', 'S3')_t4_max: 14073
	F4_('S3', 'S4')_t3_max: 443
	F36_('S2', 'S3')_t4_min: 14396
	F24_('S3', 'S4')_gc: False
	F37_('S2', 'S3')_rr: 0
	F6_queue_index: 0
	F17_('S2', 'E2')_rr: 0
	F7_('E4', 'S4')_gc: False
	F22_('E4', 'S4')_rr: 0
	F26_('S3', 'S4')_t3_max: 6152
	F20_('S2', 'S3')_t3_min: 14055
	F12_('E2', 'S2')_gc: False
	F35_('E4', 'S4')_rr: 0
	('E2', 'S2')_gcl_cycle: 8000
	F25_('S1', 'E1')_t4_min: 3870
	('S2', 'E2')_gcl_cycle: 1
	F16_('S2', 'S1')_tb: 127939
	F24_('E1', 'S1')_rr: 0
	F27_('S2', 'S3')_rr: 64
	F4_('E3', 'S3')_t3_max: 411
	F9_('S2', 'S3')_rr: 0
	F23_('S2', 'S3')_rr: 0
	F28_('E1', 'S1')_gc: False
	F34_('S3', 'S2')_t4_min: 63625
	F5_('S5', 'E5')_t5_min: 127600
	('S3', 'E3')_gcl_cycle: 1
	F24_('S3', 'S4')_t4_min: 94089
	F15_('S5', 'S4')_t3_min: 102327
	F22_('E4', 'S4')_gc: False
	F38_('S4', 'E4')_tb: 370
	F24_('S5', 'E5')_rr: 0
	F11_('S3', 'S2')_rr: 0
	F24_('S2', 'S3')_gc: False
	F24_('S2', 'S3')_rr: 0
	F18_('S1', 'S2')_t4_max: 1944
	F25_('S2', 'S1')_rr: 0
	F3_('S2', 'S3')_t4_min: 94219
	F21_('S2', 'S3')_t3_min: 127552
	F27_('S1', 'S2')_t4_min: 1338
	F1_('S5', 'S4')_gc: False
	F28_jitter: 18
	F4_('S4', 'E4')_rr: 1
	F13_('S4', 'S5')_rr: 0
	F9_('S4', 'S5')_t4_min: 14368
	F32_('S1', 'S2')_t3_max: 2196
	F8_('E4', 'S4')_gc: False
	F13_('S4', 'S5')_t3_max: 15553
	F15_('S4', 'E4')_rr: 0
	F31_('S3', 'E3')_t3_min: 2271
	F20_('S3', 'S4')_t5_min: 14081
	F13_('S4', 'S5')_t4_max: 15566
	F22_('E4', 'S4')_t4_min: 7502
	F37_('S2', 'S3')_gc: False
	F3_('S4', 'E4')_t3_min: 94247
	F5_('S5', 'E5')_gc: False
	F29_('E3', 'S3')_t3_max: 31425
	F23_('S1', 'S2')_t4_min: 15450
	F12_('S3', 'E3')_rr: 0
	F6_('S3', 'E3')_t4_min: 2240
	F11_('S3', 'S2')_gc: False
	F23_('S2', 'S3')_t4_max: 15491
	F14_('S2', 'S1')_rr: 16
	F3_('E2', 'S2')_rr: 0
	F34_('S2', 'S1')_tb: 63654
	F28_('S3', 'S4')_t4_min: 417
	F19_('S2', 'E2')_gc: False
	F26_('S3', 'S4')_t4_max: 6165
	F36_('S1', 'S2')_t3_max: 14360
	F27_('S1', 'S2')_rr: 32
	F17_('S3', 'S2')_t4_max: 3654
	F18_('S3', 'E3')_rr: 0
	F3_('S3', 'S4')_rr: 0
	F32_('S3', 'E3')_gc: False
	F29_('S3', 'S4')_gc: True
	F31_('E4', 'S4')_t4_max: 2243
	F29_('S4', 'S5')_rr: 0
	F5_('E4', 'S4')_t3_max: 127574
	F14_('S3', 'S2')_rr: 16
	F22_('S4', 'S5')_gc: False
	F38_queue_index: 0
	F23_queue_index: 0
	F20_('S2', 'S3')_tb: 14055
	F11_('S3', 'S2')_t3_max: 35773
	F19_('S3', 'S2')_tb: 1694
	('E1', 'S1')_gcl_cycle: 64000
	F20_('S3', 'S4')_t4_min: 14069
	F3_('S3', 'S4')_gc: False
	F27_('S2', 'S3')_t4_min: 1370
	F18_jitter: 54
	F26_('S3', 'S4')_t4_min: 6147
	F3_('S2', 'S3')_t3_max: 94224
	('S1', 'S2')_gcl_cycle: 64000
	F2_('S4', 'E4')_t5_min: 73398
	F10_('S4', 'S3')_gc: False
	F27_('S1', 'S2')_gc: True
	F0_('S5', 'S4')_gc: True
	F20_('S4', 'E4')_t4_min: 14083
	F9_('S1', 'S2')_t4_max: 14335
	F34_('S4', 'S3')_gc: True
	F18_('S3', 'E3')_t4_min: 1940
	F32_('S2', 'S3')_rr: 0
	F14_('S2', 'S1')_gc: True
	F8_('S4', 'S3')_gc: False
	F28_('E1', 'S1')_tb: 339
	F21_jitter: 18
	F15_('S4', 'E4')_gc: False
	F37_('S2', 'S3')_t4_max: 63531
	F15_('S5', 'S4')_t4_max: 102345
	F19_('S3', 'S2')_t4_min: 1694
	F12_('S2', 'S3')_rr: 0
	F35_('S4', 'S5')_rr: 64
	F3_('E2', 'S2')_gc: False
	F15_('S5', 'S4')_t4_min: 102327
	F11_queue_index: 0
	F14_('S1', 'E1')_t4_min: 3752
	F32_('S2', 'S3')_t3_max: 2204
	F28_('S1', 'S2')_rr: 16
	F26_('S4', 'E4')_gc: False
	F27_('E1', 'S1')_gc: False
	F26_('S4', 'E4')_t4_min: 6150
	F33_('S2', 'E2')_gc: False
	F2_('S3', 'S4')_t3_max: 73360
	F18_('S1', 'S2')_rr: 0
	F23_('S2', 'S3')_gc: False
	F26_('S3', 'S4')_gc: False
	F15_queue_index: 0
	F39_('S2', 'S3')_t4_min: 2176
	F24_('E1', 'S1')_t3_max: 94061
	F26_jitter: 36
	F29_('S3', 'S4')_t4_max: 31452
	F17_('S2', 'E2')_t3_min: 3650
	F39_('S3', 'S4')_t4_min: 2182
	F16_('S3', 'S2')_t3_max: 127940
	F18_('S2', 'S3')_t4_min: 1933
	F5_('S4', 'S5')_rr: 0
	F11_('E3', 'S3')_rr: 0
	F19_('S5', 'S4')_t3_max: 1679
	F29_('S3', 'S4')_t3_max: 31452
	('S1', 'E1')_gcl_cycle: 1
	F5_('S4', 'S5')_t3_max: 127597
	F25_('S1', 'E1')_t3_max: 3893
	F24_('S3', 'S4')_rr: 0
	F20_('E2', 'S2')_rr: 0
	F12_('S2', 'S3')_gc: False
	F12_queue_index: 0
	F30_jitter: 18
	F17_('S2', 'E2')_t4_min: 3650
	F28_('S4', 'E4')_rr: 0
	F0_('E5', 'S5')_t5_max: 6346
	F38_('E5', 'S5')_t3_max: 347
	F14_('S2', 'S1')_t4_min: 3739
	F18_('S3', 'E3')_t3_min: 1940
	F28_('S3', 'S4')_t4_max: 417
	F8_('S3', 'E3')_t4_min: 10064
	F27_('S5', 'E5')_gc: False
	F20_jitter: 54
	F9_('S5', 'E5')_gc: False
	F10_jitter: 54
	F24_('S2', 'S3')_t4_max: 94120
	F33_('S3', 'S2')_t4_max: 360
	F15_('E5', 'S5')_rr: 0
	F19_('S2', 'E2')_rr: 0
	F25_('E2', 'S2')_t3_min: 3864
	F11_('S3', 'S2')_t4_min: 35768
	F34_('S4', 'S3')_rr: 1
	F16_('S3', 'S2')_t3_min: 127935
	F33_('S5', 'S4')_t5_max: 326
	F30_('S2', 'S1')_gc: True
	F19_('S4', 'S3')_gc: True
	F31_('S4', 'S3')_gc: False
	F11_('S2', 'S1')_t4_max: 35811
	F24_('S5', 'E5')_gc: False
	F39_jitter: 54
	F31_('E4', 'S4')_rr: 0
	F17_('S2', 'E2')_gc: False
	F14_('E3', 'S3')_rr: 0
	F16_('S1', 'E1')_gc: False
	F31_('S4', 'S3')_rr: 0
	F29_jitter: 36
	F23_('S1', 'S2')_rr: 0
	F33_('S5', 'S4')_gc: True
	F4_('S4', 'E4')_t4_min: 489
	F1_('S5', 'S4')_rr: 0
	F33_queue_index: 0
	F36_('S3', 'S4')_t3_min: 14403
	F26_('E3', 'S3')_t3_max: 6131
	F24_('S1', 'S2')_gc: False
	F9_jitter: 72
	F30_('S1', 'E1')_t4_min: 35842
	F39_('E2', 'S2')_gc: False
	F10_('S3', 'E3')_t5_min: 10009
	F9_('S2', 'S3')_t3_min: 14346
	F24_('S2', 'S3')_t4_min: 94084
	F29_('S3', 'S4')_t4_min: 31452
	F4_('S3', 'S4')_rr: 0
	F39_('S3', 'S4')_gc: False
	F9_('E1', 'S1')_t3_max: 14306
	F0_queue_index: 0
	F16_queue_index: 0
	F11_('S1', 'E1')_rr: 0
	F34_('S2', 'S1')_t4_max: 63654
	F28_('S2', 'S3')_t5_min: 398
	F7_('S4', 'S3')_gc: False
	F20_('S3', 'S4')_t4_max: 14105
	F31_('S3', 'E3')_rr: 0
	F29_('S5', 'E5')_t4_min: 31470
	F37_('S3', 'E3')_t4_min: 63501
	F31_('S4', 'S3')_t4_min: 2257
	F6_('S3', 'E3')_rr: 0
	F24_('S4', 'S5')_rr: 0
	F33_('S3', 'S2')_gc: True
	F34_('E4', 'S4')_gc: False
	F1_('S2', 'E2')_rr: 0
	F16_('S1', 'E1')_t4_min: 127943
	F32_('S2', 'S3')_gc: False
	F27_('E1', 'S1')_t3_max: 1293
	F19_('S3', 'S2')_t4_max: 1712
	F38_('S4', 'E4')_t5_min: 373
	F16_('S1', 'E1')_rr: 0
	F1_('S5', 'S4')_t3_max: 2288
	F26_('S3', 'S4')_tb: 6147
	F34_('S4', 'S3')_t3_max: 63608
	F39_('S2', 'S3')_t4_max: 2194
	F10_('E5', 'S5')_rr: 0
	('E3', 'S3')_gcl_cycle: 1
	F8_('S4', 'S3')_t4_max: 10078
	F24_jitter: 90
	F20_('E2', 'S2')_gc: False
	F5_('S4', 'S5')_t4_min: 127592
	F9_('S3', 'S4')_gc: False
	F15_('S5', 'S4')_gc: False
	F32_('E1', 'S1')_gc: False
	F7_jitter: 36
	F10_('S5', 'S4')_t3_max: 9983
	F36_('S4', 'E4')_gc: False
	F2_queue_index: 0
	('S2', 'S1')_gcl_cycle: 64000
	F11_('S3', 'S2')_t5_max: 35791
	F10_('S5', 'S4')_rr: 0
	F23_('S1', 'S2')_t4_max: 15468
	F10_('S3', 'E3')_t5_max: 10063
	F8_('S4', 'S3')_rr: 0
	F33_('S4', 'S3')_gc: True
	F34_jitter: 18
	F3_('S4', 'E4')_gc: False
	F18_('E1', 'S1')_t3_max: 1906
	F18_('S2', 'S3')_gc: False
	F0_('E5', 'S5')_t3_max: 6327
	F4_('S3', 'S4')_t5_min: 450
	F13_('E4', 'S4')_t4_max: 15541
	F14_('E3', 'S3')_t3_max: 3690
	F32_('S2', 'S3')_t4_max: 2217
	F21_('E2', 'S2')_gc: False
	F21_('S5', 'E5')_gc: False
	F4_('E3', 'S3')_gc: False
	F3_('E2', 'S2')_t3_max: 94192
	F9_('S4', 'S5')_t4_max: 14422
	F35_('S4', 'S5')_t3_max: 70
	F33_('E5', 'S5')_rr: 0
	F1_('S4', 'S3')_t4_max: 2324
	F25_jitter: 36
	F21_queue_index: 0
	F2_('S3', 'S4')_gc: True
	F12_('S2', 'S3')_t3_max: 35884
	F6_('E4', 'S4')_t3_max: 2194
	F36_('S2', 'S3')_t4_max: 14396
	F1_('S3', 'S2')_gc: True
	F34_('E4', 'S4')_rr: 0
	F10_('S4', 'S3')_t4_max: 10025
	F22_('S5', 'E5')_rr: 0
	F19_('S5', 'S4')_gc: True
	F9_('E1', 'S1')_rr: 0
	F6_('S3', 'E3')_t4_max: 2258
	F0_('S4', 'S3')_gc: True
	F16_('E3', 'S3')_gc: False
	F21_('S4', 'S5')_t4_max: 127623
	F30_('S2', 'S1')_t4_max: 35831
	F7_('E4', 'S4')_t4_min: 6373
	F35_('E4', 'S4')_t3_max: 46
	F35_jitter: 18
	F10_('S3', 'E3')_gc: False
	F9_('S1', 'S2')_rr: 2
	F17_('S3', 'S2')_rr: 0
	F28_('S4', 'E4')_gc: False
	F16_('S3', 'S2')_gc: False
	F14_jitter: 18
	F0_('E5', 'S5')_t5_min: 6346
	F19_('S3', 'S2')_rr: 0
	F14_('S3', 'S2')_t3_max: 3721
	F32_('E1', 'S1')_rr: 0
	F0_('S5', 'S4')_t3_max: 6353
	F38_jitter: 36
	F39_('S2', 'S3')_rr: 0
	F30_('S1', 'E1')_gc: False
	('E4', 'S4')_gcl_cycle: 1
	F27_('S1', 'S2')_t3_min: 1321
	F3_('E2', 'S2')_t4_max: 94205
	F1_('S5', 'S4')_t4_max: 2301
	F33_('S4', 'S3')_t4_min: 333
	F3_('S3', 'S4')_t4_max: 94269
	F1_('S3', 'S2')_t4_min: 2339
	F10_('S5', 'S4')_t4_max: 9996
	F37_('S3', 'E3')_t4_max: 63555
	F5_('E4', 'S4')_t4_min: 127587
	F32_('S3', 'E3')_t4_min: 2202
	F27_('S3', 'S4')_rr: 64
	F3_jitter: 54
	F27_queue_index: 0
	F32_('E1', 'S1')_t3_min: 2188
	F19_('S3', 'S2')_gc: False
	F1_('S2', 'E2')_t4_min: 2344
	F21_('S5', 'E5')_t4_min: 127637
	F10_('S3', 'E3')_rr: 0
	F21_('E2', 'S2')_t3_max: 127525
	F36_('S4', 'E4')_t4_min: 14410
	F34_('S3', 'S2')_gc: True
	F3_('S4', 'E4')_t4_min: 94247
	F12_jitter: 36
	F38_('E5', 'S5')_rr: 0
	F17_queue_index: 0
	F22_('S4', 'S5')_rr: 0
	F34_('S1', 'E1')_t4_min: 63666
	F8_queue_index: 0
	F8_('S3', 'E3')_rr: 0
	F11_('E3', 'S3')_t3_max: 35748
	F29_('S5', 'E5')_gc: False
	F31_('S3', 'E3')_gc: False
	F34_('S2', 'S1')_gc: True
	F25_('S2', 'S1')_gc: False
	F39_('S3', 'S4')_tb: 2182
	F27_('S1', 'S2')_t4_max: 1338
	F5_('S5', 'E5')_t3_min: 127597
	F13_('E4', 'S4')_rr: 0
	('S3', 'S2')_gcl_cycle: 64000
	F17_('E3', 'S3')_gc: False
	F23_jitter: 72
	F33_('S3', 'S2')_rr: 32
	F27_('S2', 'S3')_t4_max: 1370
	F37_('E1', 'S1')_t3_max: 63471
	F14_('S2', 'S1')_t3_max: 3739
	F21_('S4', 'S5')_rr: 1
	F32_('S1', 'S2')_rr: 2
	F37_('S1', 'S2')_gc: False
	F17_('S3', 'S2')_t5_max: 3666
	F6_('E4', 'S4')_t5_max: 2219
	F37_queue_index: 0
	F31_queue_index: 0
	F19_('S5', 'S4')_t4_max: 1679
	F24_('E1', 'S1')_t5_min: 94077
	F2_('S3', 'S4')_rr: 1
	F19_jitter: 36
	F24_('S5', 'E5')_t5_min: 94102
	F28_('S1', 'S2')_tb: 365
	F14_('S3', 'S2')_t4_max: 3721
	F21_('S2', 'S3')_t3_max: 127557
	F36_('E1', 'S1')_rr: 1
	F0_('S4', 'S3')_t4_min: 6366
	F16_('S3', 'S2')_t4_min: 127935
	F37_('S1', 'S2')_t4_max: 63507
	F28_('S3', 'S4')_rr: 32
	F37_('E1', 'S1')_rr: 1
	F37_('E1', 'S1')_gc: True
	F33_('S2', 'E2')_rr: 0
	F31_('E4', 'S4')_gc: False
	F13_('E4', 'S4')_gc: False
	F36_('S3', 'S4')_gc: False
	F28_('S4', 'E4')_t4_min: 426
	F4_('E3', 'S3')_tb: 424
	('S4', 'E4')_gcl_cycle: 2000
	F32_('S1', 'S2')_t4_max: 2196
	F27_('S1', 'S2')_t3_max: 1326
	F15_('E5', 'S5')_t3_max: 102310
	F30_('S1', 'E1')_tb: 35842
	F28_('E1', 'S1')_t3_max: 326
	F27_('S4', 'S5')_gc: False
	F30_('S2', 'S1')_t4_min: 35831
	F33_('S5', 'S4')_t4_max: 318
	F2_('E3', 'S3')_t4_min: 73341
	F18_('E1', 'S1')_rr: 0
	F3_('S4', 'E4')_rr: 0
	F21_('S2', 'S3')_gc: True
	F35_queue_index: 0
	('S2', 'S3')_gcl_cycle: 128000
	F13_('S5', 'E5')_rr: 0
	F9_('S5', 'E5')_t4_min: 14379
	F11_('S2', 'S1')_rr: 0
	F16_('S2', 'S1')_rr: 0
	F1_('S4', 'S3')_gc: False
	F37_('S1', 'S2')_t4_min: 63489
	F36_queue_index: 0
	F14_('S2', 'S1')_t4_max: 3739
	F39_('S4', 'E4')_t4_min: 2188
	F27_('S4', 'S5')_t5_max: 1436
	F22_('S5', 'E5')_gc: False
	F27_('S3', 'S4')_t4_min: 1390
	F19_('S2', 'E2')_t4_min: 1699
	F27_('S5', 'E5')_t5_min: 1433
	F15_('S4', 'E4')_t4_min: 102331
	F23_('S2', 'S3')_t4_min: 15455
	F9_('S3', 'S4')_rr: 0
	F26_('E3', 'S3')_rr: 0
	F20_('S3', 'S4')_tb: 14069
	F5_('E4', 'S4')_gc: False
	F21_('S3', 'S4')_t4_min: 127600
	F24_('S1', 'S2')_rr: 0
	F3_('S2', 'S3')_t4_max: 94237
	F18_('S3', 'E3')_t3_max: 1981
	F5_queue_index: 0
	F9_('S3', 'S4')_t4_min: 14357
	F24_('S3', 'S4')_t4_max: 94143
	F38_('E5', 'S5')_gc: False
	F1_('S4', 'S3')_rr: 0
	F21_('S3', 'S4')_t4_max: 127600
	F39_('S4', 'E4')_rr: 0
	F0_('S5', 'S4')_t4_min: 6353
	F19_('S4', 'S3')_t4_min: 1689
	F8_('S3', 'E3')_gc: False
	F30_('E2', 'S2')_rr: 0
	F22_('S5', 'E5')_t4_min: 7514
	F25_('S1', 'E1')_rr: 0
	F4_('S3', 'S4')_gc: False
	F28_('S1', 'S2')_t4_min: 365
	F7_('S3', 'E3')_t4_min: 6399
	F20_('S3', 'S4')_rr: 0
	F36_('S1', 'S2')_t4_max: 14372
	F21_('S2', 'S3')_t4_max: 127569
	F25_('E2', 'S2')_t4_min: 3864
	F37_jitter: 54
	F25_('S1', 'E1')_gc: False
	F30_('S2', 'S1')_t5_max: 35840
	F24_('S5', 'E5')_t4_min: 94099
	F25_queue_index: 0
	F21_('S4', 'S5')_t4_min: 127623
	F32_queue_index: 0
	F30_('S2', 'S1')_t5_min: 35840
	F18_('S2', 'S3')_t4_max: 1969
	F23_('S3', 'S4')_t4_min: 15460
	F38_('S4', 'E4')_rr: 0
	F13_('S4', 'S5')_gc: False
	F38_('S4', 'E4')_gc: False
	F0_('S5', 'S4')_t4_max: 6353
	F33_('E5', 'S5')_gc: False
	F20_('S2', 'S3')_rr: 0
	F25_('S2', 'S1')_t3_max: 3872
	F34_('E4', 'S4')_t3_max: 63578
	F9_('S2', 'S3')_gc: False
	F1_('E5', 'S5')_gc: False
	F9_('S3', 'S4')_t4_max: 14393
	F18_('S2', 'S3')_t5_min: 1938
	F38_('S5', 'S4')_gc: False
	F36_('S3', 'S4')_t5_max: 14426
	F18_('S1', 'S2')_gc: False
	F29_('E3', 'S3')_gc: False
	F1_('S4', 'S3')_t4_min: 2288
	F36_('E1', 'S1')_gc: True
	F22_jitter: 36
	F29_('S5', 'E5')_rr: 0
	F23_('S1', 'S2')_t3_max: 15455
	F8_('S3', 'E3')_t3_max: 10087
	F18_('S1', 'S2')_t4_min: 1926
	F10_('E5', 'S5')_t3_max: 9954
	F37_('S3', 'E3')_rr: 0
	F34_('S3', 'S2')_t4_max: 63625
	F2_('S4', 'E4')_t4_min: 73386
	F11_('S2', 'S1')_t4_min: 35775
	F19_('E5', 'S5')_rr: 0
	F1_('S2', 'E2')_gc: False
	F39_('S4', 'E4')_t5_max: 2246
	F2_('S3', 'S4')_t4_max: 73372
	F26_('E3', 'S3')_t4_min: 6144
	F23_('S4', 'E4')_t5_min: 15468
	F20_('S2', 'S3')_t3_max: 14060
	F18_('S1', 'S2')_t5_min: 1931
	F3_('S2', 'S3')_gc: False
	F36_jitter: 36
	F27_('S3', 'S4')_gc: True
	F13_('E4', 'S4')_t3_max: 15528
	F24_('E1', 'S1')_gc: False
	F39_queue_index: 0
	F4_('S4', 'E4')_gc: True
	F7_('S4', 'S3')_t4_min: 6386
	F10_('S4', 'S3')_rr: 0
	F25_('E2', 'S2')_t3_max: 3850
	F8_('E4', 'S4')_t3_max: 10043
	F24_('S1', 'S2')_t4_max: 94097
	F28_('S2', 'S3')_t4_min: 391
	F0_('S3', 'E3')_rr: 0
	F24_('S2', 'S3')_tb: 94084
	F22_('S5', 'E5')_t3_max: 7537
	F29_queue_index: 0
	F6_('E4', 'S4')_gc: False
	F6_('S3', 'E3')_gc: False
	F22_('S4', 'S5')_t4_max: 7526
	F9_('E1', 'S1')_gc: False
	F12_('S2', 'S3')_t4_min: 35879
	F8_jitter: 36
	F18_('S1', 'S2')_t3_max: 1931
	F24_('S1', 'S2')_t4_min: 94079
	F26_('S3', 'S4')_rr: 0
	F34_('S4', 'S3')_t4_max: 63608
	F0_('E5', 'S5')_gc: False
	F28_('S2', 'S3')_t4_max: 391
	F10_('E5', 'S5')_gc: False
	F3_('S3', 'S4')_tb: 94233
	F1_('E5', 'S5')_rr: 0
	F21_('S2', 'S3')_rr: 1
	F35_('S4', 'S5')_t4_max: 70
	F1_('S3', 'S2')_rr: 16
	F31_('E4', 'S4')_t3_max: 2230
	F27_('S1', 'S2')_tb: 1338
	F10_('S5', 'S4')_gc: False
	F22_('E4', 'S4')_t3_max: 7489
	F18_('E1', 'S1')_gc: False
	F8_('E4', 'S4')_rr: 0
	F33_jitter: 18
	F38_('S5', 'S4')_rr: 0
	F23_('S1', 'S2')_gc: False
	F6_('S4', 'S3')_rr: 2
	F9_('S1', 'S2')_t5_min: 14344
	F5_('S5', 'E5')_t4_max: 127633
	F19_('S2', 'E2')_t3_max: 1722
	F14_('S1', 'E1')_rr: 0
	F30_('E2', 'S2')_gc: False
	F21_('S4', 'S5')_gc: True
	F5_jitter: 36
	F15_('S5', 'S4')_t3_max: 102332
	F25_('S2', 'S1')_t4_min: 3867
	F19_queue_index: 0
	F30_('S1', 'E1')_rr: 0
	F9_('S5', 'E5')_t3_min: 14379
	F30_('S2', 'S1')_t3_max: 35822
	F5_('S5', 'E5')_t5_max: 127636
	F19_('S4', 'S3')_t4_max: 1689
	F18_('S2', 'S3')_rr: 0
	F3_('S3', 'S4')_t4_min: 94233
	F12_('E2', 'S2')_rr: 0
	F23_('S4', 'E4')_gc: False
	F23_('E1', 'S1')_gc: False
	F13_('S4', 'S5')_t4_min: 15548
	F16_('S2', 'S1')_t4_min: 127939
	F4_jitter: 0
	F34_('S1', 'E1')_gc: False
	F20_queue_index: 0
	F23_('S3', 'S4')_gc: False
	F33_('S5', 'S4')_t3_max: 310
	F25_('E2', 'S2')_rr: 1
	F7_('S3', 'E3')_rr: 0
	F0_('E5', 'S5')_t4_max: 6340
	F14_queue_index: 0
	F19_('E5', 'S5')_gc: False
	F10_('S5', 'S4')_t4_min: 9978
	F25_('S2', 'S1')_t3_min: 3867
	F2_('S3', 'S4')_t4_min: 73372
	F16_('S2', 'S1')_gc: False
	F0_jitter: 18
	F9_('S3', 'S4')_t3_max: 14380
	F11_('S1', 'E1')_t4_min: 35782
	F14_('E3', 'S3')_gc: False
	F36_('S3', 'S4')_rr: 0
	F5_('S4', 'S5')_t4_max: 127610
	F23_('E1', 'S1')_t3_max: 15432
	F19_('S5', 'S4')_t4_min: 1679
	F21_('S4', 'S5')_t5_max: 127635
	F29_('S4', 'S5')_gc: False
	F27_('S2', 'S3')_gc: True
	F31_jitter: 36
	F38_('S5', 'S4')_t3_max: 370
	F34_queue_index: 0
	F28_('E1', 'S1')_rr: 0
	F33_('E5', 'S5')_t3_max: 282
	F31_('S4', 'S3')_t3_max: 2262
	F20_('S4', 'E4')_rr: 0
	F2_('S4', 'E4')_gc: False
	F6_jitter: 18
	F24_('S2', 'S3')_t3_min: 94084
	F33_('S4', 'S3')_t4_max: 333
	F18_queue_index: 0
	F10_('S3', 'E3')_t4_min: 10000
	F32_('S2', 'S3')_t4_min: 2199
	F3_queue_index: 0
	F13_('S4', 'S5')_tb: 15548
	F7_('S4', 'S3')_t4_max: 6404
	F11_('S3', 'S2')_t5_min: 35773
	F8_('S4', 'S3')_t3_max: 10065
	F33_('S4', 'S3')_rr: 32
	F30_('E2', 'S2')_t3_max: 35793
	F23_('S4', 'E4')_rr: 0
	F32_('S3', 'E3')_rr: 0
	F28_queue_index: 0
	F24_('S4', 'S5')_gc: False
	F20_('S2', 'S3')_t4_min: 14055
	F38_('S5', 'S4')_t4_min: 365
	F4_('S3', 'S4')_t4_min: 438
	F9_('S5', 'E5')_t3_max: 14438
	F20_('S4', 'E4')_gc: False
	F17_('E3', 'S3')_t4_max: 3622
	F22_('S4', 'S5')_t4_min: 7508
	F37_('S1', 'S2')_rr: 0
	F36_('S1', 'S2')_rr: 1
	F39_('S3', 'S4')_t4_max: 2218
	F39_('E2', 'S2')_t4_max: 2170
	F28_('S2', 'S3')_gc: True
	F3_('S2', 'S3')_rr: 0
	F21_('S5', 'E5')_tb: 127637
	F33_('S2', 'E2')_t4_min: 370
	('E5', 'S5')_gcl_cycle: 1
	F6_('S4', 'S3')_t5_max: 2238
	F34_('E4', 'S4')_t5_max: 63601
	F26_('E3', 'S3')_gc: False
	F24_('S4', 'S5')_t4_max: 94166
	F36_('E1', 'S1')_t3_max: 14336
	F36_('S4', 'E4')_rr: 0
	F1_('S5', 'S4')_t4_min: 2283
	F34_('S2', 'S1')_rr: 1
	F36_('S4', 'E4')_t4_max: 14446
	F14_('S1', 'E1')_gc: False
	F27_('S4', 'S5')_t4_min: 1405
	F38_('E5', 'S5')_tb: 360
	F9_('S1', 'S2')_gc: True
	F6_('S4', 'S3')_t3_max: 2226
	F4_('S3', 'S4')_t4_max: 456
	F27_('E1', 'S1')_rr: 0
	F13_('S5', 'E5')_t4_min: 15555
	F16_('S3', 'S2')_rr: 0
	F7_('S4', 'S3')_t3_max: 6391
	F12_('S3', 'E3')_gc: False
	F27_('S4', 'S5')_t4_max: 1423
	F13_queue_index: 0
	F1_('S3', 'S2')_t4_max: 2339
	F29_('S4', 'S5')_t4_min: 31461
	F23_('S3', 'S4')_tb: 15460
	F28_('S3', 'S4')_gc: True
	F31_('S3', 'E3')_t4_min: 2271
	F35_('S4', 'S5')_t4_min: 70
	F39_('S3', 'S4')_rr: 0
	F6_('S4', 'S3')_gc: True
	F6_('S4', 'S3')_t4_max: 2226
	F10_('S4', 'S3')_t4_min: 9989
	F11_jitter: 54
	F17_('S3', 'S2')_gc: False
	F33_('S5', 'S4')_rr: 4
	F21_('S3', 'S4')_gc: True
	F27_jitter: 36
	F26_('S4', 'E4')_rr: 0
	F27_('S4', 'S5')_tb: 1405
	F19_('E5', 'S5')_t5_min: 1672
	F22_('S4', 'S5')_t3_max: 7513
	F5_('S5', 'E5')_rr: 0
	F26_queue_index: 0
	F30_('S2', 'S1')_rr: 1
	F17_('S3', 'S2')_t3_max: 3641
	F23_('S3', 'S4')_rr: 0
	F4_('E3', 'S3')_rr: 0
	F4_queue_index: 0
	F9_('E1', 'S1')_t3_min: 14319
	F36_('S3', 'S4')_t4_min: 14403
	F21_('S2', 'S3')_t4_min: 127569
	F32_('S1', 'S2')_gc: True
	F32_('S1', 'S2')_t4_min: 2196
	F12_('S3', 'E3')_t4_max: 35928
	F21_('S5', 'E5')_rr: 0
	F35_('S5', 'E5')_t3_max: 81
	F10_queue_index: 0
	F9_('S1', 'S2')_t3_max: 14335
	F33_('S5', 'S4')_t4_min: 318
	F23_('S3', 'S4')_t4_max: 15514
	F8_('S4', 'S3')_t4_min: 10060
	F23_('E1', 'S1')_rr: 0
	F27_('S5', 'E5')_rr: 0
	F36_('S2', 'S3')_rr: 2
	F33_('S3', 'S2')_t4_min: 360
	F25_('E2', 'S2')_tb: 3864
	F28_('S2', 'S3')_rr: 32
	F39_('S4', 'E4')_gc: False
	F36_('S3', 'S4')_t4_max: 14421
	F12_('S2', 'S3')_t4_max: 35897
	F19_('S4', 'S3')_rr: 32
	F39_('E2', 'S2')_rr: 0
	F25_('E2', 'S2')_gc: True
	F28_('S1', 'S2')_t3_max: 353
	F14_('S3', 'S2')_gc: True
	F23_('S4', 'E4')_t4_min: 15465
	('S4', 'S5')_gcl_cycle: 128000
	F17_('E3', 'S3')_t3_max: 3609
	F30_('E2', 'S2')_t4_max: 35806
	F24_('S4', 'S5')_t4_min: 94094
	F38_('S4', 'E4')_t4_min: 370
	F19_('S5', 'S4')_rr: 4
	F35_('E4', 'S4')_gc: False
	F9_('S2', 'S3')_t4_max: 14364
	F30_queue_index: 0
	F23_('S3', 'S4')_t5_max: 15517
	('S3', 'S4')_gcl_cycle: 128000
	('S5', 'S4')_gcl_cycle: 8000
	F28_('S1', 'S2')_t4_max: 365
	F39_('E2', 'S2')_t3_max: 2157
	F2_('E3', 'S3')_gc: False
	F17_jitter: 36
	F32_('E1', 'S1')_t3_max: 2175
	F0_('S4', 'S3')_rr: 8
	F2_('S4', 'E4')_rr: 0
	F9_queue_index: 0
	F12_('E2', 'S2')_t3_max: 35853
	F0_('S5', 'S4')_rr: 1
	F11_('E3', 'S3')_gc: False
	F35_('E4', 'S4')_t5_max: 63
	F0_('S3', 'E3')_gc: False
	F5_('E4', 'S4')_rr: 0
	F15_('S5', 'S4')_rr: 0
	F37_('S1', 'S2')_t3_max: 63494
	F39_('E2', 'S2')_t5_max: 2174
	F20_('S3', 'S4')_gc: False
	F2_('E3', 'S3')_rr: 0
	F5_('S4', 'S5')_gc: False
	F1_('S3', 'S2')_t5_max: 2342
	F9_('S4', 'S5')_rr: 0
	F7_('S3', 'E3')_gc: False
	('S3', 'S4')_gcl_length: 204
	('S5', 'E5')_gcl_cycle: 1
	F27_('S4', 'S5')_rr: 0
	F16_('S2', 'S1')_t4_max: 127975
	F1_queue_index: 0
	F13_('S5', 'E5')_gc: False
	F38_('S5', 'S4')_t4_max: 383
	F2_jitter: 18
	F9_('S4', 'S5')_t3_max: 14409
	F11_('S3', 'S2')_t4_max: 35786
	F39_('S3', 'S4')_t5_min: 2186
	F0_('S3', 'E3')_t4_min: 6374
	F12_('S3', 'E3')_t4_min: 35892
	F16_jitter: 54
	F13_('E4', 'S4')_t5_min: 15546
	F35_('S4', 'S5')_gc: True
	F9_('S3', 'S4')_t5_min: 14366
	F20_('E2', 'S2')_t3_max: 14028
	F14_('S1', 'E1')_t4_max: 3770
	F0_('S3', 'E3')_t3_max: 6379
	F16_('E3', 'S3')_rr: 0
	F17_('S3', 'S2')_t4_min: 3636
	F31_('S4', 'S3')_t4_max: 2275
	F27_('S5', 'E5')_t4_min: 1420
	F27_('S3', 'S4')_t4_max: 1390
	F24_('S1', 'S2')_t3_max: 94084
	F29_('S3', 'S4')_rr: 4
	F36_('S1', 'S2')_gc: True
	F21_('S3', 'S4')_rr: 1
	F20_('S2', 'S3')_gc: False
	F36_('S1', 'S2')_t4_min: 14372
	F34_('S3', 'S2')_rr: 1
	F24_queue_index: 0
	F34_('S4', 'S3')_t4_min: 63608
	F11_('S2', 'S1')_gc: False
	F15_('S4', 'E4')_t5_max: 102369
	F11_('S1', 'E1')_gc: False
	F29_('E3', 'S3')_rr: 0
	F28_('S1', 'S2')_gc: True
	F16_('S3', 'S2')_t4_max: 127953
	F1_('E5', 'S5')_t3_max: 2265
	F6_('S3', 'E3')_t3_min: 2240
	F37_('S1', 'S2')_tb: 63489
	F34_('S2', 'S1')_t3_min: 63637
	F37_('S2', 'S3')_t5_min: 63499
	F11_('E3', 'S3')_t4_max: 35761
	F35_('S5', 'E5')_tb: 76
	F17_('E3', 'S3')_t5_min: 3634
	F23_('E1', 'S1')_t5_max: 15448
	F10_('S4', 'S3')_t5_min: 9998
	F6_('S3', 'E3')_t5_min: 2252
	F29_('S4', 'S5')_t3_max: 31466
	F22_('S5', 'E5')_t4_max: 7550
	F1_('E5', 'S5')_t4_max: 2278
	F20_('E2', 'S2')_tb: 14041
	F37_('S3', 'E3')_t3_max: 63542
	F23_('S4', 'E4')_t5_max: 15540
	F36_('S4', 'E4')_t5_max: 14451
	F1_('E5', 'S5')_t5_max: 2281
	F29_('E3', 'S3')_t5_max: 31445
	F6_('S4', 'S3')_t5_min: 2238
	F27_('S3', 'S4')_t5_min: 1403
	F25_('E2', 'S2')_t5_min: 3865
	F11_('S1', 'E1')_t4_max: 35836
	F16_('S2', 'S1')_t3_max: 127962
	F12_('E2', 'S2')_t4_min: 35866
	F32_('S3', 'E3')_t4_max: 2238
	F11_('S2', 'S1')_tb: 35775
	F26_('S4', 'E4')_t3_max: 6173
	F3_('S3', 'S4')_t3_max: 94256
	F28_('S1', 'S2')_t5_max: 372
	F11_('S1', 'E1')_t3_min: 35782
	F28_('E1', 'S1')_t3_min: 339
	F10_('S4', 'S3')_tb: 9989
	F6_('S3', 'E3')_t5_max: 2270
	F21_('E2', 'S2')_t5_max: 127550
	F14_('S1', 'E1')_t5_min: 3763
	F0_('S3', 'E3')_t3_min: 6374
	F21_('E2', 'S2')_t4_min: 127538
	F7_('E4', 'S4')_t5_max: 6384
	F10_('E5', 'S5')_t5_min: 9976
	F29_('S5', 'E5')_t4_max: 31506
	F32_('E1', 'S1')_t4_min: 2188
	F9_('S5', 'E5')_t4_max: 14451
	F30_('S1', 'E1')_t3_max: 35847
	F8_('E4', 'S4')_t3_min: 10056
	F24_('E1', 'S1')_tb: 94074
	F11_('E3', 'S3')_t4_min: 35761
	('S5', 'E5')_gcl_length: 0
	F28_('S1', 'S2')_t5_min: 372
	F39_('S4', 'E4')_t3_min: 2188
	F0_('E5', 'S5')_t4_min: 6340
	F28_('E1', 'S1')_t4_max: 339
	F1_('S2', 'E2')_tb: 2344
	F4_('S4', 'E4')_t3_min: 452
	F39_('S3', 'S4')_t3_max: 2205
	F9_('S2', 'S3')_t5_min: 14355
	F14_('S3', 'S2')_t3_min: 3716
	F14_('E3', 'S3')_t4_min: 3703
	F16_('E3', 'S3')_t3_min: 127931
	F26_('S4', 'E4')_tb: 6150
	F35_('S4', 'S5')_t5_min: 74
	('S1', 'S2')_gcl_length: 106
	F31_('S4', 'S3')_t3_min: 2257
	F12_('E2', 'S2')_t5_max: 35877
	F19_('S5', 'S4')_t5_min: 1682
	F21_('E2', 'S2')_t4_max: 127538
	('S1', 'E1')_gcl_length: 0
	F32_('S3', 'E3')_tb: 2202
	F7_('E4', 'S4')_t3_min: 6373
	F23_('S4', 'E4')_t3_max: 15524
	F23_('S2', 'S3')_t3_min: 15455
	F4_('S3', 'S4')_tb: 438
	F32_('S2', 'S3')_t3_min: 2199
	F20_('S3', 'S4')_t5_max: 14117
	F4_('S4', 'E4')_t3_max: 475
	F8_('E4', 'S4')_t5_max: 10058
	F29_('S3', 'S4')_t3_min: 31447
	F0_('S3', 'E3')_t5_min: 6380
	F37_('S3', 'E3')_t3_min: 63501
	F24_('S1', 'S2')_t5_min: 94082
	F2_('S4', 'E4')_tb: 73386
	F38_('E5', 'S5')_t3_min: 360
	F28_('S3', 'S4')_t5_max: 424
	F24_('E1', 'S1')_t3_min: 94074
	F12_('S3', 'E3')_t3_min: 35892
	F4_('S3', 'S4')_t5_max: 468
	F26_('E3', 'S3')_t5_min: 6145
	F29_('E3', 'S3')_tb: 31438
	F23_('S2', 'S3')_t3_max: 15478
	F23_('S2', 'S3')_t5_max: 15494
	F2_('S3', 'S4')_t3_min: 73355
	F3_('S2', 'S3')_tb: 94219
	F3_('E2', 'S2')_tb: 94205
	F36_('E1', 'S1')_t4_min: 14348
	F36_('S2', 'S3')_t3_max: 14384
	F9_('S5', 'E5')_tb: 14379
	F20_('S3', 'S4')_t3_min: 14069
	F1_('S2', 'E2')_t3_max: 2349
	F3_('S4', 'E4')_t5_max: 94313
	('S2', 'S3')_gcl_length: 198
	F9_('S5', 'E5')_t5_max: 14460
	F8_('S4', 'S3')_tb: 10060
	F34_('S3', 'S2')_t3_min: 63620
	F5_('S5', 'E5')_t3_max: 127620
	F3_('S3', 'S4')_t5_max: 94281
	F29_('S4', 'S5')_t5_max: 31486
	F9_('S4', 'S5')_t3_min: 14368
	F28_('S2', 'S3')_t5_max: 398
	F38_('S5', 'S4')_t5_min: 368
	F1_('S4', 'S3')_t3_min: 2288
	F22_('E4', 'S4')_t5_max: 7506
	F26_('E3', 'S3')_tb: 6144
	F0_('S4', 'S3')_t3_min: 6361
	F5_('S4', 'S5')_tb: 127592
	F36_('S1', 'S2')_t3_min: 14355
	F18_('E1', 'S1')_t4_min: 1919
	F9_('S2', 'S3')_t3_max: 14351
	F33_('S2', 'E2')_tb: 370
	F9_('S2', 'S3')_t5_max: 14373
	F13_('S5', 'E5')_t5_min: 15560
	F37_('S3', 'E3')_tb: 63501
	F13_('S5', 'E5')_tb: 15555
	F38_('S5', 'S4')_t3_min: 365
	F38_('S4', 'E4')_t3_min: 370
	F22_('E4', 'S4')_t5_min: 7506
	F8_('E4', 'S4')_t5_min: 10058
	F24_('S1', 'S2')_t5_max: 94100
	F31_('S4', 'S3')_tb: 2257
	F31_('S3', 'E3')_tb: 2271
	F22_('S4', 'S5')_t5_max: 7530
	F33_('E5', 'S5')_t5_max: 303
	F30_('S1', 'E1')_t5_min: 35851
	F14_('E3', 'S3')_t5_min: 3714
	F22_('S5', 'E5')_t3_min: 7514
	('S3', 'E3')_gcl_length: 0
	F7_('E4', 'S4')_tb: 6373
	F18_('E1', 'S1')_t5_min: 1924
	F1_('S2', 'E2')_t3_min: 2344
	F17_('E3', 'S3')_tb: 3622
	F10_('E5', 'S5')_t5_max: 9976
	F5_('E4', 'S4')_tb: 127587
	F16_('E3', 'S3')_t5_min: 127933
	('E2', 'S2')_gcl_length: 2
	F36_('S4', 'E4')_tb: 14410
	F34_('S1', 'E1')_t4_max: 63684
	F0_('S5', 'S4')_t3_min: 6348
	F27_('E1', 'S1')_t5_min: 1319
	F22_('S5', 'E5')_t5_min: 7518
	F10_('S3', 'E3')_t3_min: 10000
	F1_('S3', 'S2')_tb: 2339
	F37_('E1', 'S1')_t5_min: 63487
	F6_('E4', 'S4')_t3_min: 2207
	F36_('E1', 'S1')_t3_min: 14348
	F13_('S5', 'E5')_t5_max: 15596
	F18_('E1', 'S1')_tb: 1919
	('S4', 'S5')_gcl_length: 130
	F37_('E1', 'S1')_t4_max: 63483
	F12_('E2', 'S2')_tb: 35866
	F14_('S2', 'S1')_t3_min: 3734
	F38_('S4', 'E4')_t3_max: 393
	F27_('S3', 'S4')_tb: 1390
	F15_('E5', 'S5')_tb: 102323
	F33_('S5', 'S4')_t5_min: 326
	F28_('S3', 'S4')_tb: 417
	F22_('S4', 'S5')_t5_min: 7512
	F1_('S3', 'S2')_t3_max: 2334
	F5_('E4', 'S4')_t5_max: 127590
	F33_('E5', 'S5')_t5_min: 303
	F16_('S1', 'E1')_t3_max: 127984
	F10_('S5', 'S4')_tb: 9978
	F37_('S1', 'S2')_t3_min: 63489
	('E4', 'S4')_gcl_length: 0
	F27_('S4', 'S5')_t5_min: 1418
	F35_('S4', 'S5')_tb: 70
	F35_('E4', 'S4')_t3_min: 59
	F13_('S5', 'E5')_t3_max: 15578
	F24_('S1', 'S2')_tb: 94079
	F6_('S3', 'E3')_tb: 2240
	F18_('S1', 'S2')_t5_max: 1949
	F37_('E1', 'S1')_t4_min: 63483
	F12_('S3', 'E3')_tb: 35892
	F33_('E5', 'S5')_t4_min: 295
	F6_('E4', 'S4')_tb: 2207
	F35_('E4', 'S4')_t4_min: 59
	F10_('S5', 'S4')_t3_min: 9978
	F34_('E4', 'S4')_t3_min: 63591
	F29_('S5', 'E5')_t3_max: 31493
	F2_('S4', 'E4')_t3_max: 73391
	F39_('S4', 'E4')_tb: 2188
	F24_('S2', 'S3')_t3_max: 94107
	F21_('S2', 'S3')_t5_max: 127581
	F7_('S3', 'E3')_t5_max: 6446
	F8_('S3', 'E3')_t5_min: 10066
	F27_('S3', 'S4')_t5_max: 1403
	F31_('S3', 'E3')_t3_max: 2294
	F15_('S5', 'S4')_t5_min: 102329
	('E1', 'S1')_gcl_length: 4
	F28_('S4', 'E4')_t5_min: 433
	F2_('E3', 'S3')_t4_max: 73341
	F30_('S2', 'S1')_tb: 35831
	F9_('S4', 'S5')_tb: 14368
	F28_('S2', 'S3')_t3_max: 379
	F3_('E2', 'S2')_t3_min: 94205
	F16_('E3', 'S3')_t4_min: 127931
	F13_('S5', 'E5')_t3_min: 15555
	F12_('E2', 'S2')_t3_min: 35866
	F2_('E3', 'S3')_t3_min: 73341
	F25_('E2', 'S2')_t5_max: 3865
	F26_('E3', 'S3')_t4_max: 6144
	F19_('S2', 'E2')_tb: 1699
	F31_('S4', 'S3')_t5_max: 2287
	F1_('E5', 'S5')_t3_min: 2278
	F36_('S3', 'S4')_t5_min: 14408
	F35_('S5', 'E5')_t5_min: 80
	F5_('S4', 'S5')_t5_max: 127613
	F26_('S4', 'E4')_t3_min: 6150
	F18_('S2', 'S3')_t3_min: 1933
	F27_('E1', 'S1')_t4_max: 1306
	F33_('S5', 'S4')_tb: 318
	F37_('S2', 'S3')_t3_min: 63495
	F20_('S4', 'E4')_t3_max: 14124
	F33_('E5', 'S5')_t4_max: 295
	F9_('S1', 'S2')_t3_min: 14330
	F37_('E1', 'S1')_tb: 63483
	F32_('S1', 'S2')_t5_max: 2197
	F4_('S4', 'E4')_t4_max: 489
	F35_('S4', 'S5')_t5_max: 74
	F29_('S4', 'S5')_t5_min: 31468
	F38_('E5', 'S5')_t4_max: 360
	F28_('S2', 'S3')_t3_min: 374
	F14_('E3', 'S3')_t4_max: 3703
	F27_('S2', 'S3')_t3_min: 1353
	F16_('E3', 'S3')_t4_max: 127931
	F16_('S3', 'S2')_t5_min: 127937
	F29_('E3', 'S3')_t3_min: 31438
	F28_('S3', 'S4')_t3_min: 400
	F29_('S5', 'E5')_t3_min: 31470
	F9_('S3', 'S4')_tb: 14357
	F33_('S4', 'S3')_t3_min: 328
	F23_('S4', 'E4')_t4_max: 15537
	F21_('S3', 'S4')_t3_max: 127588
	F24_('S3', 'S4')_tb: 94089
	F13_('E4', 'S4')_t4_min: 15541
	F16_('S1', 'E1')_t5_min: 127945
	F36_('E1', 'S1')_t5_max: 14353
	F12_('S3', 'E3')_t3_max: 35915
	F20_('E2', 'S2')_t5_max: 14053
	F4_('E3', 'S3')_t3_min: 424
	F32_('S1', 'S2')_t3_min: 2191
	F26_('S4', 'E4')_t5_max: 6187
	F36_('S4', 'E4')_t3_min: 14410
	F4_('S4', 'E4')_t5_max: 501
	F1_('S4', 'S3')_tb: 2288
	F28_('S4', 'E4')_t3_max: 431
	F36_('S3', 'S4')_tb: 14403
	F34_('S1', 'E1')_tb: 63666
	F14_('S1', 'E1')_t3_max: 3757
	F23_('S1', 'S2')_t5_min: 15453
	F9_('S1', 'S2')_t5_max: 14344
	F14_('S2', 'S1')_t5_min: 3750
	F14_('S3', 'S2')_t5_max: 3732
	F11_('S2', 'S1')_t5_min: 35780
	F7_('S4', 'S3')_tb: 6386
	F8_('E4', 'S4')_tb: 10056
	F9_('E1', 'S1')_tb: 14319
	F32_('S2', 'S3')_t5_max: 2218
	F4_('E3', 'S3')_t4_max: 424
	F23_('S4', 'E4')_tb: 15465
	F24_('S2', 'S3')_t5_max: 94123
	('E5', 'S5')_gcl_length: 0
	F11_('S1', 'E1')_tb: 35782
	F39_('S2', 'S3')_t3_min: 2176
	F33_('S3', 'S2')_t5_min: 368
	F24_('E1', 'S1')_t4_min: 94074
	F16_('S2', 'S1')_t5_min: 127941
	F13_('S5', 'E5')_t4_max: 15591
	F3_('S4', 'E4')_t5_min: 94259
	F15_('E5', 'S5')_t3_min: 102323
	('E3', 'S3')_gcl_length: 0
	F17_('E3', 'S3')_t3_min: 3622
	F33_('S2', 'E2')_t5_min: 378
	F34_('S1', 'E1')_t5_max: 63694
	F16_('S2', 'S1')_t5_max: 127977
	F0_('S4', 'S3')_t5_max: 6372
	F16_('S1', 'E1')_tb: 127943
	F12_('S3', 'E3')_t5_max: 35939
	F11_('S2', 'S1')_t5_max: 35816
	F25_('S1', 'E1')_t5_min: 3871
	F24_('S4', 'S5')_t5_max: 94169
	F29_('E3', 'S3')_t5_min: 31445
	F19_('E5', 'S5')_t4_min: 1669
	F39_('E2', 'S2')_t4_min: 2170
	F23_('S2', 'S3')_tb: 15455
	F19_('S5', 'S4')_t3_min: 1674
	F11_('E3', 'S3')_t5_max: 35766
	F14_('S1', 'E1')_t3_min: 3752
	F0_('S3', 'E3')_t5_max: 6398
	F7_('S3', 'E3')_tb: 6399
	F16_('S1', 'E1')_t3_min: 127943
	F34_('E4', 'S4')_t4_min: 63591
	F27_('S5', 'E5')_t5_max: 1469
	F34_('S3', 'S2')_t3_max: 63625
	F3_('E2', 'S2')_t4_min: 94205
	F33_('S2', 'E2')_t5_max: 396
	F21_('E2', 'S2')_tb: 127538
	F15_('E5', 'S5')_t5_min: 102325
	F28_('S3', 'S4')_t5_min: 424
	F23_('S4', 'E4')_t3_min: 15465
	F25_('E2', 'S2')_t4_max: 3864
	F13_('S4', 'S5')_t3_min: 15548
	F32_('E1', 'S1')_tb: 2188
	F0_('S3', 'E3')_t4_max: 6392
	F2_('E3', 'S3')_t5_max: 73353
	F14_('S1', 'E1')_t5_max: 3781
	F36_('S1', 'S2')_t5_max: 14377
	F20_('S4', 'E4')_t5_min: 14095
	F19_('S2', 'E2')_t4_max: 1735
	F29_('S5', 'E5')_tb: 31470
	F1_('E5', 'S5')_t4_min: 2278
	F32_('E1', 'S1')_t4_max: 2188
	F27_('S3', 'S4')_t3_max: 1390
	F23_('E1', 'S1')_t4_max: 15445
	F33_('S4', 'S3')_t5_min: 341
	F9_('E1', 'S1')_t5_min: 14328
	F11_('S1', 'E1')_t5_max: 35841
	F24_('S4', 'S5')_t3_min: 94094
	F33_('S4', 'S3')_t3_max: 333
	F29_('S5', 'E5')_t5_min: 31477
	F21_('S4', 'S5')_t3_max: 127619
	F30_('E2', 'S2')_t4_min: 35806
	F10_('S4', 'S3')_t5_max: 10034
	F8_('S3', 'E3')_t3_min: 10064
	F8_('S3', 'E3')_t5_max: 10102
	F30_('E2', 'S2')_tb: 35806
	F0_('E5', 'S5')_tb: 6340
	F18_('S3', 'E3')_tb: 1940
	F39_('E2', 'S2')_t3_min: 2170
	F32_('S3', 'E3')_t3_min: 2202
	F3_('E2', 'S2')_t5_max: 94217
	F37_('S1', 'S2')_t5_max: 63511
	F33_('S4', 'S3')_t5_max: 341
	('S4', 'S3')_gcl_length: 150
	F19_('S4', 'S3')_t5_max: 1692
	F3_('S2', 'S3')_t5_max: 94249
	F0_('S4', 'S3')_t5_min: 6372
	F6_('E4', 'S4')_t4_max: 2207
	F6_('S4', 'S3')_t3_min: 2221
	F27_('S2', 'S3')_t5_max: 1383
	F31_('E4', 'S4')_t3_min: 2243
	F4_('S4', 'E4')_tb: 489
	F2_('E3', 'S3')_t5_min: 73353
	F19_('S5', 'S4')_tb: 1679
	F34_('S1', 'E1')_t3_max: 63671
	F18_('S1', 'S2')_tb: 1926
	F36_('E1', 'S1')_t5_min: 14353
	F15_('E5', 'S5')_t4_min: 102323
	F28_('E1', 'S1')_t5_min: 346
	F15_('S5', 'S4')_t5_max: 102347
	F24_('S4', 'S5')_t3_max: 94153
	F11_('E3', 'S3')_tb: 35761
	F18_('S1', 'S2')_t3_min: 1926
	F37_('S2', 'S3')_t3_max: 63518
	F23_('S3', 'S4')_t5_min: 15463
	F34_('S4', 'S3')_t5_max: 63618
	F29_('E3', 'S3')_t4_max: 31438
	F10_('S4', 'S3')_t3_max: 10012
	F28_('S4', 'E4')_tb: 426
	F11_('E3', 'S3')_t5_min: 35766
	F33_('S2', 'E2')_t4_max: 388
	F1_('S2', 'E2')_t5_max: 2365
	F4_('E3', 'S3')_t4_min: 424
	F17_('S2', 'E2')_tb: 3650
	F21_('S3', 'S4')_t5_max: 127612
	F17_('S2', 'E2')_t4_max: 3686
	F19_('S5', 'S4')_t5_max: 1682
	F30_('S1', 'E1')_t4_max: 35860
	F36_('S2', 'S3')_t3_min: 14379
	F31_('E4', 'S4')_t5_max: 2255
	F38_('S5', 'S4')_tb: 365
	F20_('S4', 'E4')_t3_min: 14083
	F29_('S3', 'S4')_t5_min: 31459
	F10_('E5', 'S5')_t4_max: 9967
	F22_('S5', 'E5')_tb: 7514
	F8_('S4', 'S3')_t5_max: 10080
	F32_('S3', 'E3')_t5_max: 2239
	F25_('S1', 'E1')_tb: 3870
	F1_('S4', 'S3')_t5_max: 2327
	F22_('E4', 'S4')_tb: 7502
	F39_('S4', 'E4')_t5_min: 2192
	F18_('S3', 'E3')_t5_min: 1945
	F8_('E4', 'S4')_t4_max: 10056
	F4_('S4', 'E4')_t5_min: 501
	F33_('S3', 'S2')_t5_max: 368
	F32_('E1', 'S1')_t5_max: 2189
	F27_('S3', 'S4')_t3_min: 1385
	F3_('S4', 'E4')_t3_max: 94288
	F25_('S1', 'E1')_t5_max: 3907
	F27_('S2', 'S3')_t5_min: 1383
	F2_('S4', 'E4')_t3_min: 73386
	F15_('S5', 'S4')_tb: 102327
	F9_('S4', 'S5')_t5_min: 14377
	F35_('S5', 'E5')_t3_min: 76
	F12_('S2', 'S3')_tb: 35879
	F32_('S2', 'S3')_tb: 2199
	F39_('S4', 'E4')_t4_max: 2242
	F27_('E1', 'S1')_t4_min: 1306
	F3_('S2', 'S3')_t5_min: 94231
	F20_('S3', 'S4')_t3_max: 14092
	F27_('E1', 'S1')_t5_max: 1319
	F24_('S5', 'E5')_t3_max: 94176
	F39_('S2', 'S3')_t5_min: 2180
	F15_('S4', 'E4')_t3_min: 102331
	F39_('E2', 'S2')_tb: 2170
	F21_('S4', 'S5')_tb: 127623
	F19_('E5', 'S5')_t3_min: 1669
	F21_('S5', 'E5')_t5_min: 127649
	F20_('E2', 'S2')_t5_min: 14053
	F38_('E5', 'S5')_t5_min: 363
	F14_('S3', 'S2')_t5_min: 3732
	F28_('E1', 'S1')_t4_min: 339
	F1_('S4', 'S3')_t5_min: 2291
	F24_('S3', 'S4')_t3_min: 94089
	F9_('E1', 'S1')_t4_min: 14319
	F21_('S5', 'E5')_t5_max: 127667
	F6_('E4', 'S4')_t5_min: 2219
	F18_('S3', 'E3')_t4_max: 1994
	F24_('S5', 'E5')_tb: 94099
	F23_('E1', 'S1')_t3_min: 15445
	F31_('E4', 'S4')_tb: 2243
	F18_('S2', 'S3')_t3_max: 1956
	F31_('E4', 'S4')_t4_min: 2243
	F22_('S4', 'S5')_t3_min: 7508
	F34_('S3', 'S2')_t5_max: 63635
	F19_('E5', 'S5')_t5_max: 1672
	F7_('S4', 'S3')_t5_max: 6415
	F3_('S4', 'E4')_tb: 94247
	F0_('S5', 'S4')_t5_min: 6359
	F14_('S2', 'S1')_tb: 3739
	F8_('S4', 'S3')_t5_min: 10062
	F30_('E2', 'S2')_t5_min: 35815
	F33_('S2', 'E2')_t3_min: 370
	F24_('S3', 'S4')_t5_min: 94092
	F39_('S4', 'E4')_t3_max: 2229
	F24_('S3', 'S4')_t5_max: 94146
	F18_('S2', 'S3')_t5_max: 1974
	F30_('S1', 'E1')_t3_min: 35842
	F1_('S5', 'S4')_t5_min: 2286
	F9_('S3', 'S4')_t3_min: 14357
	F14_('E3', 'S3')_t3_min: 3703
	F36_('S1', 'S2')_t5_min: 14377
	F39_('S2', 'S3')_tb: 2176
	F28_('S4', 'E4')_t4_max: 444
	F19_('S2', 'E2')_t5_min: 1702
	F17_('E3', 'S3')_t5_max: 3634
	F33_('E5', 'S5')_t3_min: 295
	F13_('S4', 'S5')_t5_min: 15553
	F33_('S3', 'S2')_t3_max: 348
	F21_('S2', 'S3')_tb: 127569
	F6_('S3', 'E3')_t3_max: 2245
	F28_('S3', 'S4')_t3_max: 405
	F0_('S5', 'S4')_t5_max: 6359
	F39_('S3', 'S4')_t5_max: 2222
	F19_('S3', 'S2')_t3_max: 1699
	F20_('S4', 'E4')_t5_max: 14149
	F27_('S5', 'E5')_t3_min: 1420
	F38_('S4', 'E4')_t5_max: 409
	F7_('E4', 'S4')_t4_max: 6373
	F37_('S3', 'E3')_t5_min: 63505
	F34_('S3', 'S2')_tb: 63625
	F21_('E2', 'S2')_t5_min: 127550
	F27_('S1', 'S2')_t5_min: 1351
	F25_('S1', 'E1')_t3_min: 3870
	F31_('S4', 'S3')_t5_min: 2269
	F10_('S3', 'E3')_t4_max: 10054
	F5_('S4', 'S5')_t5_min: 127595
	F33_('S4', 'S3')_tb: 333
	F38_('S4', 'E4')_t4_max: 406
	F17_('S2', 'E2')_t3_max: 3673
	F35_('S4', 'S5')_t3_min: 65
	F17_('S2', 'E2')_t5_min: 3662
	F36_('E1', 'S1')_t4_max: 14348
	F24_('S4', 'S5')_t5_min: 94097
	F2_('S3', 'S4')_tb: 73372
	F10_('S3', 'E3')_t3_max: 10041
	F11_('S2', 'S1')_t3_min: 35775
	F25_('S2', 'S1')_tb: 3867
	F34_('S3', 'S2')_t5_min: 63635
	F30_('E2', 'S2')_t3_min: 35806
	F26_('S3', 'S4')_t3_min: 6147
	F14_('S2', 'S1')_t5_max: 3750
	F14_('E3', 'S3')_tb: 3703
	F36_('S2', 'S3')_tb: 14396
	F11_('S2', 'S1')_t3_max: 35798
	F15_('E5', 'S5')_t4_max: 102323
	F36_('S4', 'E4')_t5_min: 14415
	F16_('E3', 'S3')_t5_max: 127933
	F27_('S2', 'S3')_tb: 1370
	F24_('S5', 'E5')_t5_max: 94192
	F9_('S1', 'S2')_tb: 14335
	F6_('E4', 'S4')_t4_min: 2207
	F23_('E1', 'S1')_t5_min: 15448
	F33_('S2', 'E2')_t3_max: 375
	F36_('E1', 'S1')_tb: 14348
	F31_('S3', 'E3')_t5_min: 2283
	F3_('S4', 'E4')_t4_max: 94301
	F0_('S5', 'S4')_tb: 6353
	F9_('E1', 'S1')_t4_max: 14319
	F34_('S1', 'E1')_t3_min: 63666
	F1_('S2', 'E2')_t5_min: 2347
	F19_('S4', 'S3')_t5_min: 1692
	F6_('S4', 'S3')_tb: 2226
	F0_('S3', 'E3')_tb: 6374
	F34_('S2', 'S1')_t3_max: 63642
	F29_('S4', 'S5')_t3_min: 31461
	F37_('E1', 'S1')_t5_max: 63487
	F32_('S3', 'E3')_t5_min: 2203
	F20_('E2', 'S2')_t3_min: 14041
	F24_('S5', 'E5')_t4_max: 94189
	('S2', 'S1')_gcl_length: 36
	F36_('S2', 'S3')_t5_min: 14401
	F14_('E3', 'S3')_t5_max: 3714
	F26_('E3', 'S3')_t5_max: 6145
	F29_('S3', 'S4')_tb: 31452
	F1_('S4', 'S3')_t3_max: 2311
	F15_('S4', 'E4')_tb: 102331
	F20_('S2', 'S3')_t5_max: 14085
	F14_('S3', 'S2')_tb: 3721
	F19_('E5', 'S5')_t4_max: 1669
	F12_('S3', 'E3')_t5_min: 35903
	F34_('S4', 'S3')_t5_min: 63618
	F11_('S3', 'S2')_tb: 35768
	F8_('S3', 'E3')_tb: 10064
	F34_('E4', 'S4')_t4_max: 63591
	F19_('S4', 'S3')_t3_max: 1689
	F32_('S1', 'S2')_t5_min: 2197
	F20_('E2', 'S2')_t4_min: 14041
	F26_('S4', 'E4')_t5_min: 6151
	F12_('E2', 'S2')_t4_max: 35866
	F24_('S3', 'S4')_t3_max: 94130
	F3_('S3', 'S4')_t3_min: 94233
	F36_('S3', 'S4')_t3_max: 14408
	F20_('S4', 'E4')_t4_max: 14137
	F30_('S1', 'E1')_t5_max: 35869
	F19_('S4', 'S3')_tb: 1689
	F26_('S4', 'E4')_t4_max: 6186
	F9_('S5', 'E5')_t5_min: 14388
	F27_('S4', 'S5')_t3_max: 1410
	F37_('S3', 'E3')_t5_max: 63559
	F33_('S5', 'S4')_t3_min: 305
	F14_('S1', 'E1')_tb: 3752
	F21_('S2', 'S3')_t5_min: 127581
	F21_('S4', 'S5')_t5_min: 127635
	F21_('S5', 'E5')_t3_min: 127637
	F16_('S1', 'E1')_t4_max: 127997
	F35_('S5', 'E5')_t5_max: 98
	F8_('S3', 'E3')_t4_max: 10100
	F39_('E2', 'S2')_t5_min: 2174
	F18_('S2', 'S3')_tb: 1933
	F35_('S5', 'E5')_t4_max: 94
	F10_('S5', 'S4')_t5_max: 10005
	F17_('S2', 'E2')_t5_max: 3698
	F13_('E4', 'S4')_t5_max: 15546
	F16_('S1', 'E1')_t5_max: 127999
	F19_('E5', 'S5')_tb: 1669
	F25_('S2', 'S1')_t5_max: 3886
	F15_('S4', 'E4')_t5_min: 102333
	F28_('S2', 'S3')_tb: 391
	F26_('S3', 'S4')_t5_max: 6166
	F38_('E5', 'S5')_t4_min: 360
	F22_('E4', 'S4')_t3_min: 7502
	F21_('E2', 'S2')_t3_min: 127538
	F1_('S5', 'S4')_t5_max: 2304
	F1_('E5', 'S5')_t5_min: 2281
	F34_('S2', 'S1')_t5_min: 63664
	F12_('E2', 'S2')_t5_min: 35877
	F25_('S2', 'S1')_t5_min: 3868
	F33_('S3', 'S2')_tb: 360
	F19_('S3', 'S2')_t5_max: 1715
	('S2', 'E2')_gcl_length: 0
	F34_('S4', 'S3')_tb: 63608
	F26_('S3', 'S4')_t5_min: 6148
	F17_('S3', 'S2')_t5_min: 3648
	F24_('S2', 'S3')_t5_min: 94087
	F18_('E1', 'S1')_t3_min: 1919
	F31_('S3', 'E3')_t5_max: 2319
	F3_('S3', 'S4')_t5_min: 94245
	F0_('E5', 'S5')_t3_min: 6340
	F24_('E1', 'S1')_t5_max: 94077
	F9_('S4', 'S5')_t5_max: 14431
	F33_('E5', 'S5')_tb: 295
	F5_('S4', 'S5')_t3_min: 127592
	F21_('S3', 'S4')_tb: 127600
	F11_('S1', 'E1')_t3_max: 35823
	F16_('S2', 'S1')_t3_min: 127939
	F2_('S4', 'E4')_t5_max: 73416
	F27_('E1', 'S1')_tb: 1306
	F37_('S2', 'S3')_tb: 63495
	F22_('S4', 'S5')_tb: 7508
	F32_('S2', 'S3')_t5_min: 2200
	F5_('E4', 'S4')_t3_min: 127587
	F11_('E3', 'S3')_t3_min: 35761
	F39_('S2', 'S3')_t5_max: 2198
	F21_('S4', 'S5')_t3_min: 127614
	F23_('S1', 'S2')_t3_min: 15450
	F33_('S3', 'S2')_t3_min: 343
	F19_('S2', 'E2')_t5_max: 1738
	F16_('S3', 'S2')_t5_max: 127955
	F8_('E4', 'S4')_t4_min: 10056
	F5_('E4', 'S4')_t4_max: 127587
	F28_('S1', 'S2')_t3_min: 348
	F23_('E1', 'S1')_tb: 15445
	F0_('S4', 'S3')_tb: 6366
	F9_('S2', 'S3')_tb: 14346
	F29_('E3', 'S3')_t4_min: 31438
	F17_('E3', 'S3')_t4_min: 3622
	F21_('S5', 'E5')_t3_max: 127642
	F34_('S2', 'S1')_t5_max: 63664
	F28_('E1', 'S1')_t5_max: 346
	F7_('S4', 'S3')_t3_min: 6386
	F18_('S3', 'E3')_t5_max: 1999
	F4_('S3', 'S4')_t3_min: 438
	F31_('E4', 'S4')_t5_min: 2255
	F34_('E4', 'S4')_t5_min: 63601
	F38_('E5', 'S5')_t5_max: 363
	F17_('S3', 'S2')_tb: 3636
	F19_('S4', 'S3')_t3_min: 1684
	F21_('S5', 'E5')_t4_max: 127655
	F1_('S5', 'S4')_t3_min: 2283
	F37_('S2', 'S3')_t5_max: 63535
	F7_('E4', 'S4')_t5_min: 6384
	F36_('S4', 'E4')_t3_max: 14433
	F7_('S3', 'E3')_t3_min: 6399
	F28_('S4', 'E4')_t3_min: 426
	F11_('S1', 'E1')_t5_min: 35787
	F19_('S3', 'S2')_t5_min: 1697
	F23_('S1', 'S2')_tb: 15450
	F22_('E4', 'S4')_t4_max: 7502
	F11_('S3', 'S2')_t3_min: 35768
	F1_('S5', 'S4')_tb: 2283
	F34_('E4', 'S4')_tb: 63591
	F23_('S3', 'S4')_t3_max: 15501
	F24_('S5', 'E5')_t3_min: 94099
	F19_('S3', 'S2')_t3_min: 1694
	F20_('S4', 'E4')_tb: 14083
	F4_('E3', 'S3')_t5_min: 436
	F30_('E2', 'S2')_t5_max: 35815
	F10_('S5', 'S4')_t5_min: 9987
	F24_('S1', 'S2')_t3_min: 94079
	F27_('S5', 'E5')_t4_max: 1456
	F35_('E4', 'S4')_tb: 59
	F23_('S1', 'S2')_t5_max: 15471
	F37_('E1', 'S1')_t3_min: 63483
	F7_('S3', 'E3')_t3_max: 6422
	F2_('S4', 'E4')_t4_max: 73404
	F37_('S1', 'S2')_t5_min: 63493
	F18_('E1', 'S1')_t5_max: 1924
	F1_('S3', 'S2')_t5_min: 2342
	F23_('S3', 'S4')_t3_min: 15460
	F16_('S3', 'S2')_tb: 127935
	F13_('E4', 'S4')_tb: 15541
	F27_('S5', 'E5')_tb: 1420
	F2_('S3', 'S4')_t5_min: 73384
	F22_('S5', 'E5')_t5_max: 7554
	F12_('S2', 'S3')_t3_min: 35879
	F27_('S2', 'S3')_t3_max: 1358
	F35_('E4', 'S4')_t4_max: 59
	F1_('E5', 'S5')_tb: 2278
	F12_('S2', 'S3')_t5_min: 35890
	F30_('S2', 'S1')_t3_min: 35817
	F20_('S2', 'S3')_t5_min: 14067
	F29_('S4', 'S5')_tb: 31461
	F2_('E3', 'S3')_tb: 73341
	F10_('S4', 'S3')_t3_min: 9989
	F9_('S3', 'S4')_t5_max: 14402
	F29_('S5', 'E5')_t5_max: 31513
	F23_('E1', 'S1')_t4_min: 15445
	('S4', 'E4')_gcl_length: 2
	F7_('S3', 'E3')_t4_max: 6435
	F29_('S3', 'S4')_t5_max: 31459
	F1_('S2', 'E2')_t4_max: 2362
	F26_('E3', 'S3')_t3_min: 6144
	('S3', 'S2')_gcl_length: 130
	F15_('S4', 'E4')_t3_max: 102354
	F34_('S4', 'S3')_t3_min: 63603
	F20_('E2', 'S2')_t4_max: 14041
	F27_('S4', 'S5')_t3_min: 1405
	F17_('S3', 'S2')_t3_min: 3636
	F39_('S3', 'S4')_t3_min: 2182
	F38_('S5', 'S4')_t5_max: 386
	F15_('E5', 'S5')_t5_max: 102325
	F36_('S2', 'S3')_t5_max: 14401
	F7_('S4', 'S3')_t5_min: 6397
	F10_('S3', 'E3')_tb: 10000
	F27_('S5', 'E5')_t3_max: 1443
	F25_('S1', 'E1')_t4_max: 3906
	F21_('S3', 'S4')_t3_min: 127583
	F10_('E5', 'S5')_t4_min: 9967
	F27_('S1', 'S2')_t5_max: 1351
	F35_('E4', 'S4')_t5_min: 63
	F7_('S3', 'E3')_t5_min: 6410
	F13_('S4', 'S5')_t5_max: 15571
	F18_('E1', 'S1')_t4_max: 1919
	F3_('S2', 'S3')_t3_min: 94219
	F31_('S3', 'E3')_t4_max: 2307
	F15_('S4', 'E4')_t4_max: 102367
	F5_('S5', 'E5')_tb: 127597
	F28_('S4', 'E4')_t5_max: 451
	F21_('S3', 'S4')_t5_min: 127612
	F9_('E1', 'S1')_t5_max: 14328
	F32_('S3', 'E3')_t3_max: 2225
	F0_('S4', 'S3')_t3_max: 6366
	F2_('S3', 'S4')_t5_max: 73384
	F27_('E1', 'S1')_t3_min: 1306
	F23_('S2', 'S3')_t5_min: 15458
	('S5', 'S4')_gcl_length: 18
	F24_('E1', 'S1')_t4_max: 94074
	F36_('S1', 'S2')_tb: 14372
	F32_('S1', 'S2')_tb: 2196
	F32_('E1', 'S1')_t5_min: 2189
	F5_('E4', 'S4')_t5_min: 127590
	F4_('E3', 'S3')_t5_max: 436
	F34_('S1', 'E1')_t5_min: 63676
	F12_('S2', 'S3')_t5_max: 35908
	F10_('E5', 'S5')_tb: 9967
	F13_('E4', 'S4')_t3_min: 15541
	F19_('S2', 'E2')_t3_min: 1699
