0. Flow F0 [E5-->E1] with period 32000, payload 897B, e2e delay 32000us, jitter 3200us
	('E5', 'S5'), Operation(19608, None, 19616)(19608, 19608)
	('S5', 'S4'), Operation(19618, None, 19644)(19618, 19636)
	('S4', 'S3'), Operation(19628, 19651, 19659)(19651, 19651)
	('S3', 'S2'), Operation(19661, 19666, 19674)(19666, 19666)
	('S2', 'S1'), Operation(19676, 19681, 19689)(19681, 19681)
	('S1', 'E1'), Operation(19691, 19696, 19704)(19696, 19696)
1. Flow F1 [E1-->E5] with period 16000, payload 1227B, e2e delay 16000us, jitter 1600us
	('E1', 'S1'), Operation(7940, None, 7950)(7940, 7940)
	('S1', 'S2'), Operation(7952, None, 7980)(7952, 7970)
	('S2', 'S3'), Operation(7964, 7987, 7997)(7987, 7987)
	('S3', 'S4'), Operation(7999, 8004, 8014)(8004, 8004)
	('S4', 'S5'), Operation(8016, 8021, 8031)(8021, 8021)
	('S5', 'E5'), Operation(8033, None, 8061)(8033, 8051)
2. Flow F2 [E5-->E2] with period 4000, payload 804B, e2e delay 4000us, jitter 400us
	('E5', 'S5'), Operation(1, None, 8)(1, 1)
	('S5', 'S4'), Operation(10, 15, 22)(15, 15)
	('S4', 'S3'), Operation(24, None, 49)(24, 42)
	('S3', 'S2'), Operation(33, None, 76)(33, 69)
	('S2', 'E2'), Operation(42, None, 103)(42, 96)
3. Flow F3 [E4-->E3] with period 8000, payload 319B, e2e delay 8000us, jitter 800us
	('E4', 'S4'), Operation(6404, None, 6407)(6404, 6404)
	('S4', 'S3'), Operation(6409, None, 6430)(6409, 6427)
	('S3', 'E3'), Operation(6414, 6437, 6440)(6437, 6437)
4. Flow F4 [E5-->E1] with period 4000, payload 1314B, e2e delay 4000us, jitter 400us
	('E5', 'S5'), Operation(3634, None, 3645)(3634, 3634)
	('S5', 'S4'), Operation(3647, None, 3676)(3647, 3665)
	('S4', 'S3'), Operation(3660, 3683, 3694)(3683, 3683)
	('S3', 'S2'), Operation(3696, 3701, 3712)(3701, 3701)
	('S2', 'S1'), Operation(3714, None, 3743)(3714, 3732)
	('S1', 'E1'), Operation(3727, None, 3774)(3727, 3763)
5. Flow F5 [E3-->E2] with period 4000, payload 221B, e2e delay 4000us, jitter 400us
	('E3', 'S3'), Operation(2473, None, 2475)(2473, 2473)
	('S3', 'S2'), Operation(2477, 2482, 2484)(2482, 2482)
	('S2', 'E2'), Operation(2486, 2491, 2493)(2491, 2491)
6. Flow F6 [E1-->E4] with period 16000, payload 285B, e2e delay 16000us, jitter 1600us
	('E1', 'S1'), Operation(15917, None, 15920)(15917, 15917)
	('S1', 'S2'), Operation(15922, 15927, 15930)(15927, 15927)
	('S2', 'S3'), Operation(15932, None, 15953)(15932, 15950)
	('S3', 'S4'), Operation(15937, None, 15976)(15937, 15973)
	('S4', 'E4'), Operation(15942, None, 15999)(15942, 15996)
7. Flow F7 [E4-->E3] with period 64000, payload 374B, e2e delay 64000us, jitter 6400us
	('E4', 'S4'), Operation(54309, None, 54312)(54309, 54309)
	('S4', 'S3'), Operation(54314, None, 54335)(54314, 54332)
	('S3', 'E3'), Operation(54319, None, 54358)(54319, 54355)
8. Flow F8 [E3-->E4] with period 128000, payload 1394B, e2e delay 128000us, jitter 12800us
	('E3', 'S3'), Operation(63741, None, 63753)(63741, 63741)
	('S3', 'S4'), Operation(63755, None, 63785)(63755, 63773)
	('S4', 'E4'), Operation(63769, None, 63817)(63769, 63805)
9. Flow F9 [E1-->E3] with period 4000, payload 1177B, e2e delay 4000us, jitter 400us
	('E1', 'S1'), Operation(2231, None, 2241)(2231, 2231)
	('S1', 'S2'), Operation(2243, 2248, 2258)(2248, 2248)
	('S2', 'S3'), Operation(2260, None, 2288)(2260, 2278)
	('S3', 'E3'), Operation(2272, None, 2318)(2272, 2308)
10. Flow F10 [E2-->E3] with period 8000, payload 990B, e2e delay 8000us, jitter 800us
	('E2', 'S2'), Operation(90, None, 98)(90, 90)
	('S2', 'S3'), Operation(100, None, 126)(100, 118)
	('S3', 'E3'), Operation(110, 133, 141)(133, 133)
11. Flow F11 [E1-->E2] with period 128000, payload 68B, e2e delay 128000us, jitter 12800us
	('E1', 'S1'), Operation(98442, None, 98443)(98442, 98442)
	('S1', 'S2'), Operation(98445, None, 98464)(98445, 98463)
	('S2', 'E2'), Operation(98448, None, 98485)(98448, 98484)
12. Flow F12 [E4-->E2] with period 64000, payload 873B, e2e delay 64000us, jitter 6400us
	('E4', 'S4'), Operation(8072, None, 8079)(8072, 8072)
	('S4', 'S3'), Operation(8081, 8086, 8093)(8086, 8086)
	('S3', 'S2'), Operation(8095, None, 8120)(8095, 8113)
	('S2', 'E2'), Operation(8104, None, 8147)(8104, 8140)
13. Flow F13 [E1-->E4] with period 128000, payload 1212B, e2e delay 128000us, jitter 12800us
	('E1', 'S1'), Operation(2260, None, 2270)(2260, 2260)
	('S1', 'S2'), Operation(2272, 2277, 2287)(2277, 2277)
	('S2', 'S3'), Operation(2289, None, 2317)(2289, 2307)
	('S3', 'S4'), Operation(2301, None, 2347)(2301, 2337)
	('S4', 'E4'), Operation(2313, None, 2377)(2313, 2367)
14. Flow F14 [E5-->E1] with period 128000, payload 790B, e2e delay 128000us, jitter 12800us
	('E5', 'S5'), Operation(127791, None, 127798)(127791, 127791)
	('S5', 'S4'), Operation(127800, 127805, 127812)(127805, 127805)
	('S4', 'S3'), Operation(127814, 127819, 127826)(127819, 127819)
	('S3', 'S2'), Operation(127828, 127833, 127840)(127833, 127833)
	('S2', 'S1'), Operation(127842, None, 127867)(127842, 127860)
	('S1', 'E1'), Operation(127851, None, 127894)(127851, 127887)
15. Flow F15 [E2-->E3] with period 4000, payload 452B, e2e delay 4000us, jitter 400us
	('E2', 'S2'), Operation(1, None, 5)(1, 1)
	('S2', 'S3'), Operation(7, None, 29)(7, 25)
	('S3', 'E3'), Operation(13, None, 53)(13, 49)
16. Flow F16 [E3-->E4] with period 8000, payload 1476B, e2e delay 8000us, jitter 800us
	('E3', 'S3'), Operation(1, None, 13)(1, 1)
	('S3', 'S4'), Operation(15, None, 45)(15, 33)
	('S4', 'E4'), Operation(29, None, 77)(29, 65)
17. Flow F17 [E3-->E5] with period 8000, payload 1435B, e2e delay 8000us, jitter 800us
	('E3', 'S3'), Operation(7892, None, 7904)(7892, 7892)
	('S3', 'S4'), Operation(7906, None, 7936)(7906, 7924)
	('S4', 'S5'), Operation(7920, 7943, 7955)(7943, 7943)
	('S5', 'E5'), Operation(7957, None, 7987)(7957, 7975)
18. Flow F18 [E5-->E3] with period 16000, payload 1398B, e2e delay 16000us, jitter 1600us
	('E5', 'S5'), Operation(15667, None, 15679)(15667, 15667)
	('S5', 'S4'), Operation(15681, None, 15711)(15681, 15699)
	('S4', 'S3'), Operation(15695, 15718, 15730)(15718, 15718)
	('S3', 'E3'), Operation(15732, None, 15762)(15732, 15750)
19. Flow F19 [E5-->E2] with period 16000, payload 213B, e2e delay 16000us, jitter 1600us
	('E5', 'S5'), Operation(14113, None, 14115)(14113, 14113)
	('S5', 'S4'), Operation(14117, 14122, 14124)(14122, 14122)
	('S4', 'S3'), Operation(14126, 14131, 14133)(14131, 14131)
	('S3', 'S2'), Operation(14135, None, 14155)(14135, 14153)
	('S2', 'E2'), Operation(14139, None, 14177)(14139, 14175)
20. Flow F20 [E3-->E5] with period 32000, payload 1060B, e2e delay 32000us, jitter 3200us
	('E3', 'S3'), Operation(31865, None, 31874)(31865, 31865)
	('S3', 'S4'), Operation(31876, 31881, 31890)(31881, 31881)
	('S4', 'S5'), Operation(31892, None, 31919)(31892, 31910)
	('S5', 'E5'), Operation(31903, None, 31948)(31903, 31939)
21. Flow F21 [E1-->E4] with period 2000, payload 1277B, e2e delay 2000us, jitter 200us
	('E1', 'S1'), Operation(26, None, 37)(26, 26)
	('S1', 'S2'), Operation(39, None, 68)(39, 57)
	('S2', 'S3'), Operation(52, None, 99)(52, 88)
	('S3', 'S4'), Operation(65, None, 130)(65, 119)
	('S4', 'E4'), Operation(78, None, 161)(78, 150)
22. Flow F22 [E1-->E3] with period 4000, payload 749B, e2e delay 4000us, jitter 400us
	('E1', 'S1'), Operation(2200, None, 2206)(2200, 2200)
	('S1', 'S2'), Operation(2208, 2213, 2219)(2213, 2213)
	('S2', 'S3'), Operation(2221, None, 2245)(2221, 2239)
	('S3', 'E3'), Operation(2229, None, 2271)(2229, 2265)
23. Flow F23 [E4-->E2] with period 4000, payload 694B, e2e delay 4000us, jitter 400us
	('E4', 'S4'), Operation(2389, None, 2395)(2389, 2389)
	('S4', 'S3'), Operation(2397, 2402, 2408)(2402, 2402)
	('S3', 'S2'), Operation(2410, 2415, 2421)(2415, 2415)
	('S2', 'E2'), Operation(2423, None, 2447)(2423, 2441)
24. Flow F24 [E2-->E3] with period 16000, payload 1496B, e2e delay 16000us, jitter 1600us
	('E2', 'S2'), Operation(8335, None, 8347)(8335, 8335)
	('S2', 'S3'), Operation(8349, None, 8379)(8349, 8367)
	('S3', 'E3'), Operation(8363, None, 8411)(8363, 8399)
25. Flow F25 [E3-->E1] with period 128000, payload 1151B, e2e delay 128000us, jitter 12800us
	('E3', 'S3'), Operation(127854, None, 127864)(127854, 127854)
	('S3', 'S2'), Operation(127866, 127871, 127881)(127871, 127871)
	('S2', 'S1'), Operation(127883, None, 127911)(127883, 127901)
	('S1', 'E1'), Operation(127895, None, 127941)(127895, 127931)
26. Flow F26 [E2-->E1] with period 64000, payload 1100B, e2e delay 64000us, jitter 6400us
	('E2', 'S2'), Operation(62335, None, 62344)(62335, 62335)
	('S2', 'S1'), Operation(62346, None, 62373)(62346, 62364)
	('S1', 'E1'), Operation(62357, None, 62402)(62357, 62393)
27. Flow F27 [E5-->E4] with period 8000, payload 1073B, e2e delay 8000us, jitter 800us
	('E5', 'S5'), Operation(7701, None, 7710)(7701, 7701)
	('S5', 'S4'), Operation(7712, None, 7739)(7712, 7730)
	('S4', 'E4'), Operation(7723, None, 7768)(7723, 7759)
28. Flow F28 [E5-->E1] with period 128000, payload 1155B, e2e delay 128000us, jitter 12800us
	('E5', 'S5'), Operation(116063, None, 116073)(116063, 116063)
	('S5', 'S4'), Operation(116075, None, 116103)(116075, 116093)
	('S4', 'S3'), Operation(116087, None, 116133)(116087, 116123)
	('S3', 'S2'), Operation(116099, None, 116163)(116099, 116153)
	('S2', 'S1'), Operation(116111, 116170, 116180)(116170, 116170)
	('S1', 'E1'), Operation(116182, None, 116210)(116182, 116200)
29. Flow F29 [E1-->E3] with period 8000, payload 188B, e2e delay 8000us, jitter 800us
	('E1', 'S1'), Operation(4168, None, 4170)(4168, 4168)
	('S1', 'S2'), Operation(4172, 4177, 4179)(4177, 4177)
	('S2', 'S3'), Operation(4181, None, 4201)(4181, 4199)
	('S3', 'E3'), Operation(4185, None, 4223)(4185, 4221)
30. Flow F30 [E5-->E4] with period 16000, payload 561B, e2e delay 16000us, jitter 1600us
	('E5', 'S5'), Operation(15628, None, 15633)(15628, 15628)
	('S5', 'S4'), Operation(15635, 15640, 15645)(15640, 15640)
	('S4', 'E4'), Operation(15647, None, 15670)(15647, 15665)
31. Flow F31 [E3-->E1] with period 2000, payload 1007B, e2e delay 2000us, jitter 200us
	('E3', 'S3'), Operation(1754, None, 1763)(1754, 1754)
	('S3', 'S2'), Operation(1765, None, 1792)(1765, 1783)
	('S2', 'S1'), Operation(1776, None, 1821)(1776, 1812)
	('S1', 'E1'), Operation(1787, None, 1850)(1787, 1841)
32. Flow F32 [E4-->E3] with period 16000, payload 1168B, e2e delay 16000us, jitter 1600us
	('E4', 'S4'), Operation(10156, None, 10166)(10156, 10156)
	('S4', 'S3'), Operation(10168, 10173, 10183)(10173, 10173)
	('S3', 'E3'), Operation(10185, None, 10213)(10185, 10203)
33. Flow F33 [E1-->E2] with period 64000, payload 281B, e2e delay 64000us, jitter 6400us
	('E1', 'S1'), Operation(62191, None, 62194)(62191, 62191)
	('S1', 'S2'), Operation(62196, 62201, 62204)(62201, 62201)
	('S2', 'E2'), Operation(62206, None, 62227)(62206, 62224)
34. Flow F34 [E2-->E5] with period 2000, payload 520B, e2e delay 2000us, jitter 200us
	('E2', 'S2'), Operation(329, None, 334)(329, 329)
	('S2', 'S3'), Operation(336, 341, 346)(341, 341)
	('S3', 'S4'), Operation(348, 353, 358)(353, 353)
	('S4', 'S5'), Operation(360, 365, 370)(365, 365)
	('S5', 'E5'), Operation(372, 377, 382)(377, 377)
35. Flow F35 [E1-->E3] with period 8000, payload 346B, e2e delay 8000us, jitter 800us
	('E1', 'S1'), Operation(6182, None, 6185)(6182, 6182)
	('S1', 'S2'), Operation(6187, 6192, 6195)(6192, 6192)
	('S2', 'S3'), Operation(6197, 6202, 6205)(6202, 6202)
	('S3', 'E3'), Operation(6207, None, 6228)(6207, 6225)
36. Flow F36 [E5-->E3] with period 16000, payload 216B, e2e delay 16000us, jitter 1600us
	('E5', 'S5'), Operation(14151, None, 14153)(14151, 14151)
	('S5', 'S4'), Operation(14155, None, 14175)(14155, 14173)
	('S4', 'S3'), Operation(14159, 14182, 14184)(14182, 14182)
	('S3', 'E3'), Operation(14186, None, 14206)(14186, 14204)
37. Flow F37 [E3-->E1] with period 16000, payload 971B, e2e delay 16000us, jitter 1600us
	('E3', 'S3'), Operation(14373, None, 14381)(14373, 14373)
	('S3', 'S2'), Operation(14383, None, 14409)(14383, 14401)
	('S2', 'S1'), Operation(14393, None, 14437)(14393, 14429)
	('S1', 'E1'), Operation(14403, None, 14465)(14403, 14457)
38. Flow F38 [E5-->E1] with period 2000, payload 1424B, e2e delay 2000us, jitter 200us
	('E5', 'S5'), Operation(162, None, 174)(162, 162)
	('S5', 'S4'), Operation(176, None, 206)(176, 194)
	('S4', 'S3'), Operation(190, None, 238)(190, 226)
	('S3', 'S2'), Operation(204, None, 270)(204, 258)
	('S2', 'S1'), Operation(218, 277, 289)(277, 277)
	('S1', 'E1'), Operation(291, None, 321)(291, 309)
39. Flow F39 [E4-->E3] with period 2000, payload 698B, e2e delay 2000us, jitter 200us
	('E4', 'S4'), Operation(126, None, 132)(126, 126)
	('S4', 'S3'), Operation(134, None, 158)(134, 152)
	('S3', 'E3'), Operation(142, None, 184)(142, 178)

SMT variables: 
	F27_('S5', 'S4')_rr: 0
	F0_('S2', 'S1')_rr: 4
	F6_('S1', 'S2')_gc: True
	F32_jitter: 18
	F27_('E5', 'S5')_rr: 0
	F24_('E2', 'S2')_rr: 0
	F38_('S2', 'S1')_t4_max: 277
	('S4', 'S3')_gcl_cycle: 128000
	F7_queue_index: 0
	F0_('E5', 'S5')_rr: 0
	F16_('E3', 'S3')_t3_max: -12
	F3_('S3', 'E3')_gc: True
	F24_('E2', 'S2')_gc: False
	F37_('S2', 'S1')_gc: False
	F2_('S5', 'S4')_gc: True
	F17_('E3', 'S3')_rr: 0
	F37_('S2', 'S1')_t4_max: 14429
	F9_('S2', 'S3')_t4_min: 2260
	F28_('S2', 'S1')_t4_min: 116170
	F22_queue_index: 0
	F22_('S3', 'E3')_rr: 0
	F7_('E4', 'S4')_rr: 0
	F19_('E5', 'S5')_t3_max: 14100
	F0_('S4', 'S3')_t4_max: 19651
	F7_('S4', 'S3')_rr: 0
	F1_('S1', 'S2')_t4_max: 7970
	F36_('E5', 'S5')_gc: False
	F25_('S2', 'S1')_t4_max: 127901
	F1_('S1', 'S2')_t5_min: 7962
	F34_('S4', 'S5')_gc: True
	F18_('S4', 'S3')_t4_max: 15718
	F27_('E5', 'S5')_t3_min: 7701
	F11_('S2', 'E2')_t3_max: 98471
	F11_('S2', 'E2')_t4_min: 98448
	F18_('S5', 'S4')_t5_min: 15693
	F5_('E3', 'S3')_gc: False
	F7_('E4', 'S4')_t3_max: 54296
	F34_('S5', 'E5')_rr: 1
	F8_('S4', 'E4')_t4_min: 63769
	F9_('S1', 'S2')_t4_min: 2248
	F12_('S3', 'S2')_rr: 0
	F10_('S3', 'E3')_t5_min: 141
	F13_jitter: 54
	F1_jitter: 18
	F13_('S3', 'S4')_t4_min: 2301
	F28_('S5', 'S4')_rr: 0
	F20_('S4', 'S5')_t4_max: 31910
	F9_('S2', 'S3')_t3_min: 2260
	F4_('S5', 'S4')_rr: 0
	F15_jitter: 36
	F14_('S3', 'S2')_t4_min: 127833
	F4_('S1', 'E1')_t3_max: 3750
	F6_('S3', 'S4')_t5_min: 15940
	F18_('S3', 'E3')_gc: False
	F0_('E5', 'S5')_t5_min: 19616
	F22_('S3', 'E3')_t4_min: 2229
	F36_('S5', 'S4')_t4_min: 14155
	F6_queue_index: 0
	F7_('E4', 'S4')_gc: False
	F1_('S5', 'E5')_t4_min: 8033
	F37_('S1', 'E1')_t4_min: 14403
	F25_('E3', 'S3')_rr: 0
	F16_('S3', 'S4')_t4_max: 33
	F37_('S1', 'E1')_t4_max: 14457
	F11_('E1', 'S1')_t4_min: 98442
	F21_('E1', 'S1')_gc: False
	F2_('S3', 'S2')_tb: 33
	F25_('S1', 'E1')_t4_min: 127895
	F33_('E1', 'S1')_gc: False
	('E2', 'S2')_gcl_cycle: 1
	F2_('S2', 'E2')_rr: 0
	F22_('S1', 'S2')_t4_min: 2213
	('S2', 'E2')_gcl_cycle: 4000
	F28_('S2', 'S1')_t4_max: 116170
	F16_('S4', 'E4')_gc: False
	F23_('S2', 'E2')_rr: 0
	F24_('S3', 'E3')_t5_min: 8375
	F36_('E5', 'S5')_t3_max: 14138
	F3_('E4', 'S4')_t5_max: 6407
	F9_('S2', 'S3')_rr: 0
	F20_('S4', 'S5')_tb: 31892
	F16_('S3', 'S4')_gc: False
	('S3', 'E3')_gcl_cycle: 8000
	F28_('S2', 'S1')_gc: True
	F17_('S3', 'S4')_rr: 0
	F12_('S2', 'E2')_rr: 0
	F4_('S2', 'S1')_gc: False
	F13_('S1', 'S2')_t4_min: 2277
	F4_('S5', 'S4')_tb: 3647
	F26_('S1', 'E1')_rr: 0
	F11_('S1', 'S2')_rr: 0
	F31_('S1', 'E1')_t4_max: 1841
	F15_('E2', 'S2')_t3_max: -12
	F6_('E1', 'S1')_rr: 0
	F24_('S2', 'S3')_gc: False
	F24_('S2', 'S3')_rr: 0
	F25_('S2', 'S1')_rr: 0
	F1_('E1', 'S1')_gc: False
	F38_('S4', 'S3')_gc: False
	F11_('S1', 'S2')_gc: False
	F28_jitter: 18
	F35_('S1', 'S2')_t4_max: 6192
	F38_('S4', 'S3')_t4_min: 190
	F27_('E5', 'S5')_gc: False
	F20_('S3', 'S4')_tb: 31881
	F31_('S2', 'S1')_rr: 0
	F16_('S3', 'S4')_rr: 0
	F2_('E5', 'S5')_gc: False
	F13_('E1', 'S1')_gc: False
	F6_('S2', 'S3')_gc: False
	F14_('E5', 'S5')_tb: 127791
	F6_('S4', 'E4')_rr: 0
	F29_('E1', 'S1')_t5_min: 4170
	F23_('S2', 'E2')_t5_max: 2447
	F26_('E2', 'S2')_rr: 0
	F26_('S1', 'E1')_gc: False
	F39_('E4', 'S4')_rr: 0
	F18_('E5', 'S5')_gc: False
	F4_('E5', 'S5')_t3_max: 3621
	F1_('E1', 'S1')_rr: 0
	F0_('S1', 'E1')_rr: 1
	F14_('S2', 'S1')_rr: 0
	F3_('E4', 'S4')_t4_min: 6404
	F4_('S5', 'S4')_t5_max: 3676
	F30_('S5', 'S4')_rr: 8
	F4_('S2', 'S1')_rr: 0
	F19_('S2', 'E2')_gc: False
	F39_('E4', 'S4')_gc: False
	F24_('S3', 'E3')_gc: False
	F6_('S2', 'S3')_t4_max: 15950
	F31_('S2', 'S1')_gc: False
	F34_('S3', 'S4')_rr: 16
	F12_('S2', 'E2')_gc: False
	F1_('S4', 'S5')_gc: True
	F29_('S2', 'S3')_t5_min: 4183
	F18_('S3', 'E3')_rr: 0
	F32_('S3', 'E3')_gc: False
	F37_('E3', 'S3')_t3_max: 14360
	F14_('S3', 'S2')_rr: 1
	F26_('E2', 'S2')_t3_max: 62322
	F38_queue_index: 0
	F36_('S4', 'S3')_tb: 14182
	F4_('S5', 'S4')_t4_max: 3665
	F23_queue_index: 0
	('E1', 'S1')_gcl_cycle: 1
	F0_('S1', 'E1')_gc: True
	F35_('S3', 'E3')_t4_min: 6207
	F36_('S3', 'E3')_t4_min: 14186
	F38_('S4', 'S3')_t4_max: 226
	F26_('E2', 'S2')_gc: False
	F10_('E2', 'S2')_t3_max: 77
	F24_('S2', 'S3')_tb: 8349
	F28_('S3', 'S2')_rr: 0
	F11_('E1', 'S1')_gc: False
	F20_('S3', 'S4')_t4_min: 31881
	F18_jitter: 18
	F4_('E5', 'S5')_t5_min: 3645
	F4_('E5', 'S5')_rr: 0
	F11_('E1', 'S1')_t3_max: 98429
	('S1', 'S2')_gcl_cycle: 128000
	F13_('S2', 'S3')_rr: 0
	F4_('S4', 'S3')_gc: True
	F35_('E1', 'S1')_t3_max: 6169
	F25_('S3', 'S2')_t4_max: 127871
	F37_('S2', 'S1')_t4_min: 14393
	F0_('S5', 'S4')_gc: False
	F9_('S1', 'S2')_t4_max: 2248
	F3_('S3', 'E3')_tb: 6437
	F1_('S5', 'E5')_t3_max: 8038
	F30_('E5', 'S5')_t3_max: 15615
	F18_('S3', 'E3')_t4_min: 15732
	F30_('E5', 'S5')_rr: 0
	F12_('S2', 'E2')_t4_min: 8104
	F35_('S3', 'E3')_t5_min: 6210
	F14_('S2', 'S1')_gc: False
	F22_('S1', 'S2')_rr: 32
	F21_jitter: 72
	F35_('S3', 'E3')_rr: 0
	F4_('S5', 'S4')_gc: False
	F4_('S2', 'S1')_t4_min: 3714
	F36_('S5', 'S4')_t5_max: 14175
	F19_('S3', 'S2')_t4_min: 14135
	F31_('S1', 'E1')_t3_min: 1787
	F33_('S1', 'S2')_rr: 2
	F21_('S1', 'S2')_t4_min: 39
	F4_('S1', 'E1')_t5_max: 3774
	F29_('E1', 'S1')_gc: False
	F20_('S5', 'E5')_t4_min: 31903
	F23_('E4', 'S4')_tb: 2389
	F11_queue_index: 0
	F10_('S2', 'S3')_t4_max: 118
	F14_('S1', 'E1')_t4_min: 127851
	F31_('S2', 'S1')_t4_max: 1812
	F9_('S1', 'S2')_t5_min: 2258
	F10_('E2', 'S2')_rr: 0
	F26_('S2', 'S1')_t4_min: 62346
	F3_('S4', 'S3')_t4_min: 6409
	F33_('S2', 'E2')_gc: False
	F12_('E4', 'S4')_t5_max: 8079
	F23_('S3', 'S2')_t4_max: 2415
	F2_('S3', 'S2')_rr: 0
	F15_queue_index: 0
	F26_jitter: 36
	F31_('E3', 'S3')_t3_min: 1754
	('S1', 'E1')_gcl_cycle: 32000
	F4_('S5', 'S4')_t4_min: 3647
	F2_('S4', 'S3')_rr: 0
	F31_('E3', 'S3')_rr: 0
	F16_('E3', 'S3')_tb: 1
	F28_('S2', 'S1')_tb: 116170
	F6_('S1', 'S2')_t3_min: 15922
	F12_queue_index: 0
	F30_jitter: 18
	F0_('S1', 'E1')_t5_min: 19704
	F23_('S4', 'S3')_t4_max: 2402
	F26_('S2', 'S1')_t4_max: 62364
	F19_('S2', 'E2')_t3_max: 14162
	F38_('E5', 'S5')_t3_max: 149
	F5_('S3', 'S2')_gc: True
	F14_('S2', 'S1')_t4_min: 127842
	F6_('S2', 'S3')_rr: 0
	F28_('S5', 'S4')_gc: False
	F20_jitter: 36
	F22_('S1', 'S2')_t4_max: 2213
	F34_('E2', 'S2')_t3_max: 316
	F8_('E3', 'S3')_t3_max: 63728
	F10_jitter: 0
	F24_('S2', 'S3')_t4_max: 8367
	F18_('S5', 'S4')_t4_min: 15681
	F25_('S2', 'S1')_t3_min: 127883
	F36_('E5', 'S5')_rr: 0
	F32_('E4', 'S4')_rr: 0
	F26_('E2', 'S2')_tb: 62335
	F19_('S2', 'E2')_rr: 0
	F16_('S3', 'S4')_t3_min: 15
	F32_('E4', 'S4')_t3_max: 10143
	F19_('S4', 'S3')_gc: True
	F0_('S3', 'S2')_t4_max: 19666
	F28_('S1', 'E1')_rr: 0
	F39_jitter: 36
	F1_('S5', 'E5')_rr: 0
	F20_('S5', 'E5')_rr: 0
	F29_jitter: 36
	F22_('S2', 'S3')_gc: False
	F1_('E1', 'S1')_t3_max: 7927
	F4_('S4', 'S3')_rr: 32
	F34_('S5', 'E5')_t3_min: 372
	F20_('E3', 'S3')_t3_max: 31852
	F33_queue_index: 0
	F29_('S1', 'S2')_t4_max: 4177
	F9_jitter: 36
	F22_('S2', 'S3')_t4_max: 2239
	F17_('E3', 'S3')_t4_max: 7892
	F36_('S4', 'S3')_rr: 8
	F24_('S2', 'S3')_t4_min: 8349
	F27_('S4', 'E4')_tb: 7723
	F9_('S3', 'E3')_rr: 0
	F9_('E1', 'S1')_t3_max: 2218
	F0_queue_index: 0
	F28_('S5', 'S4')_t4_max: 116093
	F16_queue_index: 0
	F31_('S3', 'S2')_t4_min: 1765
	F2_('S3', 'S2')_gc: False
	F1_('S5', 'E5')_gc: False
	F14_('E5', 'S5')_t3_max: 127778
	F7_('S4', 'S3')_gc: False
	F20_('S3', 'S4')_t4_max: 31881
	F21_('S2', 'S3')_t3_min: 52
	F15_('S2', 'S3')_t4_min: 7
	F21_('E1', 'S1')_rr: 0
	F35_('S2', 'S3')_t3_min: 6197
	F0_('S3', 'S2')_gc: True
	F0_('S3', 'S2')_t4_min: 19666
	F34_('S2', 'S3')_t4_max: 341
	F9_('S3', 'E3')_gc: False
	F19_('S3', 'S2')_t4_max: 14153
	F19_('E5', 'S5')_t5_min: 14115
	F34_('S5', 'E5')_t3_max: 377
	F22_('E1', 'S1')_rr: 0
	F12_('E4', 'S4')_rr: 0
	F20_('S5', 'E5')_t3_min: 31903
	F9_('E1', 'S1')_t3_min: 2231
	F22_('E1', 'S1')_t3_max: 2187
	F35_('S2', 'S3')_rr: 2
	F22_('S2', 'S3')_t4_min: 2221
	('E3', 'S3')_gcl_cycle: 1
	F24_jitter: 36
	F35_('S2', 'S3')_t5_max: 6205
	F33_('E1', 'S1')_tb: 62191
	F38_('S4', 'S3')_t3_max: 213
	F38_('S1', 'E1')_t4_min: 291
	F15_('E2', 'S2')_rr: 0
	F15_('S3', 'E3')_rr: 0
	F29_('E1', 'S1')_t3_min: 4168
	F20_('S3', 'S4')_t5_min: 31890
	F29_('S1', 'S2')_t3_min: 4172
	F7_jitter: 36
	F2_queue_index: 0
	('S2', 'S1')_gcl_cycle: 128000
	F6_('E1', 'S1')_t3_max: 15904
	F34_('S4', 'S5')_rr: 8
	F28_('S3', 'S2')_gc: False
	F6_('S2', 'S3')_t4_min: 15932
	F35_('S2', 'S3')_gc: True
	F21_('S1', 'S2')_rr: 0
	F13_('S3', 'S4')_gc: False
	F34_jitter: 0
	F29_('S3', 'E3')_gc: False
	F2_('S3', 'S2')_t4_max: 69
	F17_('S5', 'E5')_t4_min: 7957
	F22_('E1', 'S1')_gc: False
	F3_('E4', 'S4')_t5_min: 6407
	F0_('E5', 'S5')_t3_max: 19595
	F33_('E1', 'S1')_rr: 0
	F11_('E1', 'S1')_rr: 0
	F4_('E5', 'S5')_t4_max: 3634
	F15_('E2', 'S2')_t4_max: 1
	F12_('S4', 'S3')_gc: True
	F23_('S2', 'E2')_gc: False
	F2_('S5', 'S4')_t3_min: 10
	F25_jitter: 36
	F39_('S3', 'E3')_gc: False
	F17_('S3', 'S4')_t4_min: 7906
	F24_('S3', 'E3')_rr: 0
	F21_queue_index: 0
	F13_('S4', 'E4')_gc: False
	F1_('S4', 'S5')_t4_min: 8021
	F0_('S2', 'S1')_t4_min: 19681
	F5_('S3', 'S2')_t4_min: 2482
	F19_('S5', 'S4')_gc: True
	F9_('E1', 'S1')_rr: 0
	F0_('S4', 'S3')_gc: True
	F16_('E3', 'S3')_gc: False
	F20_('E3', 'S3')_t5_min: 31874
	F38_('S4', 'S3')_rr: 0
	F23_('S3', 'S2')_gc: True
	F13_('S4', 'E4')_rr: 0
	F35_jitter: 18
	F13_('S1', 'S2')_t5_max: 2287
	F5_('S2', 'E2')_rr: 1
	F10_('S3', 'E3')_gc: True
	F9_('S1', 'S2')_rr: 32
	F35_('E1', 'S1')_gc: False
	F14_jitter: 36
	F13_('S2', 'S3')_t4_max: 2307
	F34_('S3', 'S4')_t4_min: 353
	F4_('S4', 'S3')_t4_max: 3683
	F38_('S3', 'S2')_t4_max: 258
	F19_('S3', 'S2')_rr: 0
	F35_('S2', 'S3')_t4_min: 6202
	F37_('S1', 'E1')_rr: 0
	F38_jitter: 18
	F35_('E1', 'S1')_tb: 6182
	F15_('S2', 'S3')_t4_max: 25
	('E4', 'S4')_gcl_cycle: 1
	F36_('S5', 'S4')_gc: False
	F30_('S5', 'S4')_gc: True
	F31_('S1', 'E1')_t4_min: 1787
	F4_('E5', 'S5')_gc: False
	F1_('S1', 'S2')_gc: False
	F22_('S2', 'S3')_rr: 0
	F38_('S3', 'S2')_t3_max: 245
	F34_('E2', 'S2')_rr: 0
	F18_('S3', 'E3')_t3_min: 15732
	F36_('S4', 'S3')_gc: True
	F32_('E4', 'S4')_gc: False
	F32_('S3', 'E3')_t4_min: 10185
	F8_('S4', 'E4')_rr: 0
	F3_jitter: 0
	F27_queue_index: 0
	F21_('S1', 'S2')_t4_max: 57
	F19_('S3', 'S2')_gc: False
	F20_('E3', 'S3')_gc: False
	F10_('S3', 'E3')_rr: 1
	F8_('E3', 'S3')_rr: 0
	F36_('S4', 'S3')_t4_max: 14182
	F1_('S3', 'S4')_gc: True
	F12_jitter: 36
	F13_('S2', 'S3')_gc: False
	F38_('E5', 'S5')_rr: 0
	F32_('S4', 'S3')_rr: 8
	F36_('S3', 'E3')_gc: False
	F33_('S1', 'S2')_t4_max: 62201
	F1_('S3', 'S4')_t3_max: 8004
	F28_('S4', 'S3')_rr: 0
	F17_queue_index: 0
	F36_('S4', 'S3')_t3_min: 14159
	F6_('E1', 'S1')_gc: False
	F8_queue_index: 0
	F3_('E4', 'S4')_t3_max: 6391
	F25_('S2', 'S1')_gc: False
	F8_('S3', 'S4')_rr: 0
	F23_('S3', 'S2')_t4_min: 2415
	('S3', 'S2')_gcl_cycle: 128000
	F17_('E3', 'S3')_gc: False
	F2_('S2', 'E2')_t4_min: 42
	F23_jitter: 18
	F34_('S5', 'E5')_t4_min: 377
	F2_('E5', 'S5')_t3_max: -12
	F10_('S2', 'S3')_rr: 0
	F3_('S3', 'E3')_t3_min: 6414
	F37_('E3', 'S3')_rr: 0
	F16_('S4', 'E4')_t4_min: 29
	F22_('S2', 'S3')_t5_max: 2245
	F27_('S4', 'E4')_rr: 0
	F12_('S3', 'S2')_t4_max: 8113
	F31_('S1', 'E1')_gc: False
	F14_('S1', 'E1')_t4_max: 127887
	F37_queue_index: 0
	F31_queue_index: 0
	F19_('S5', 'S4')_t4_max: 14122
	F19_jitter: 36
	F22_('S2', 'S3')_t5_min: 2227
	F4_('S4', 'S3')_t4_min: 3683
	F9_('S3', 'E3')_t4_min: 2272
	F14_('S3', 'S2')_t4_max: 127833
	F30_('E5', 'S5')_t5_min: 15633
	F0_('S4', 'S3')_t4_min: 19651
	F23_('S3', 'S2')_rr: 32
	F28_('E5', 'S5')_gc: False
	F1_('S2', 'S3')_t4_min: 7987
	F30_('S4', 'E4')_gc: False
	F33_('S2', 'E2')_rr: 0
	F10_('S3', 'E3')_t5_max: 141
	F21_('S4', 'E4')_t4_min: 78
	F24_('S3', 'E3')_t3_min: 8363
	F1_('S1', 'S2')_t4_min: 7952
	('S4', 'E4')_gcl_cycle: 1
	F38_('S1', 'E1')_t5_min: 303
	F5_('S2', 'E2')_t4_min: 2491
	F22_('E1', 'S1')_tb: 2200
	F1_('S2', 'S3')_rr: 1
	F7_('E4', 'S4')_t4_min: 54309
	F16_('S4', 'E4')_t3_max: 52
	F23_('E4', 'S4')_t3_max: 2376
	F25_('E3', 'S3')_t3_max: 127841
	F14_('S4', 'S3')_gc: True
	F18_('S5', 'S4')_rr: 0
	F0_('S1', 'E1')_t4_min: 19696
	F35_('S3', 'E3')_t3_min: 6207
	F35_queue_index: 0
	F29_('S2', 'S3')_t4_min: 4181
	F28_('S4', 'S3')_gc: False
	('S2', 'S3')_gcl_cycle: 16000
	F21_('S2', 'S3')_gc: False
	F29_('S3', 'E3')_t4_min: 4185
	F1_('S4', 'S5')_t5_max: 8031
	F27_('S5', 'S4')_t4_min: 7712
	F2_('S5', 'S4')_t4_max: 15
	F14_('S2', 'S1')_t3_max: 127847
	F29_('S2', 'S3')_rr: 0
	F36_('S5', 'S4')_rr: 0
	F1_('S3', 'S4')_rr: 2
	F35_('E1', 'S1')_rr: 0
	F12_('S4', 'S3')_t4_min: 8086
	F36_queue_index: 0
	F14_('S2', 'S1')_t4_max: 127860
	F30_('E5', 'S5')_gc: False
	F2_('E5', 'S5')_rr: 0
	F39_('E4', 'S4')_t3_max: 113
	F21_('S4', 'E4')_tb: 78
	F23_('S4', 'S3')_rr: 32
	F1_('S3', 'S4')_t5_min: 8014
	F15_('S3', 'E3')_t3_max: 36
	F19_('S2', 'E2')_t4_min: 14139
	F14_('S4', 'S3')_t5_min: 127826
	F26_('E2', 'S2')_t3_min: 62335
	F21_('S3', 'S4')_t4_min: 65
	F29_('S1', 'S2')_gc: True
	F14_('S4', 'S3')_t5_max: 127826
	F38_('S2', 'S1')_t4_min: 277
	F29_('S1', 'S2')_rr: 16
	F5_queue_index: 0
	F38_('E5', 'S5')_gc: False
	F23_('S4', 'S3')_gc: True
	F21_('S3', 'S4')_t4_max: 119
	F31_('S1', 'E1')_rr: 0
	F0_('S5', 'S4')_t4_min: 19618
	F19_('S4', 'S3')_t4_min: 14131
	F17_('S4', 'S5')_gc: True
	F13_('S4', 'E4')_t4_min: 2313
	F25_('S1', 'E1')_rr: 0
	F34_('S4', 'S5')_t4_max: 365
	F30_('S5', 'S4')_t4_max: 15640
	F3_('E4', 'S4')_t4_max: 6404
	F7_('S3', 'E3')_t4_min: 54319
	F20_('S3', 'S4')_rr: 1
	F19_('S2', 'E2')_t3_min: 14139
	F21_('S2', 'S3')_t4_max: 88
	F20_('S5', 'E5')_t4_max: 31939
	F3_('E4', 'S4')_rr: 0
	F37_jitter: 54
	F29_('S2', 'S3')_gc: False
	F23_('S4', 'S3')_t4_min: 2402
	F4_('S3', 'S2')_t4_min: 3701
	F31_('S3', 'S2')_gc: False
	F5_('E3', 'S3')_t3_max: 2460
	F25_('S1', 'E1')_gc: False
	F5_('S3', 'S2')_t3_min: 2477
	F26_('S2', 'S1')_t5_min: 62355
	F12_('S4', 'S3')_tb: 8086
	F35_('S1', 'S2')_t4_min: 6192
	F34_('S3', 'S4')_t4_max: 353
	F4_('S1', 'E1')_gc: False
	F18_('S3', 'E3')_t3_max: 15737
	F38_('S3', 'S2')_rr: 0
	F25_queue_index: 0
	F39_('S4', 'S3')_t4_min: 134
	F21_('S4', 'E4')_rr: 0
	F32_queue_index: 0
	F35_('S1', 'S2')_rr: 16
	F1_('S3', 'S4')_tb: 8004
	F28_('E5', 'S5')_t3_max: 116050
	F0_('S3', 'S2')_t3_max: 19666
	F0_('S5', 'S4')_t4_max: 19636
	F36_('S4', 'S3')_t4_min: 14182
	F15_('S3', 'E3')_t4_min: 13
	F16_('S4', 'E4')_rr: 0
	F21_('E1', 'S1')_t3_max: 13
	F9_('S2', 'S3')_gc: False
	F6_('S3', 'S4')_gc: False
	F18_('E5', 'S5')_t3_max: 15654
	F2_('S4', 'S3')_gc: False
	F39_('S4', 'S3')_rr: 0
	F38_('S5', 'S4')_gc: False
	F1_('S2', 'S3')_gc: True
	F8_('S4', 'E4')_gc: False
	F22_jitter: 36
	F4_('S1', 'E1')_rr: 0
	F34_('S2', 'S3')_rr: 8
	F18_('S4', 'S3')_gc: True
	F30_('S4', 'E4')_t4_min: 15647
	F37_('S3', 'S2')_t4_max: 14401
	F23_('E4', 'S4')_rr: 0
	F3_('S3', 'E3')_t4_min: 6437
	F17_('S5', 'E5')_t3_max: 7962
	F33_('S1', 'S2')_t4_min: 62201
	F1_('E1', 'S1')_t5_min: 7950
	F18_('S5', 'S4')_t4_max: 15699
	F27_('E5', 'S5')_t4_min: 7701
	F19_('E5', 'S5')_rr: 0
	F14_('E5', 'S5')_rr: 0
	F4_('S3', 'S2')_rr: 32
	F13_('E1', 'S1')_tb: 2260
	F6_('S4', 'E4')_gc: False
	F36_jitter: 18
	F20_('S5', 'E5')_gc: False
	F31_('S3', 'S2')_t4_max: 1783
	F11_('S2', 'E2')_gc: False
	F2_('S4', 'S3')_t4_min: 24
	F39_queue_index: 0
	F7_('S4', 'S3')_t4_min: 54314
	F13_('S3', 'S4')_rr: 0
	F14_('S5', 'S4')_rr: 1
	F37_('E3', 'S3')_gc: False
	F18_('E5', 'S5')_rr: 0
	F23_('S2', 'E2')_t4_min: 2423
	F32_('S4', 'S3')_tb: 10173
	F2_('S4', 'S3')_t3_max: 29
	F38_('S1', 'E1')_rr: 0
	F1_('S3', 'S4')_t4_max: 8004
	F29_queue_index: 0
	F30_('S5', 'S4')_t4_min: 15640
	F4_('S3', 'S2')_t4_max: 3701
	F33_('S1', 'S2')_t3_min: 62196
	F28_('S1', 'E1')_t5_max: 116210
	F9_('E1', 'S1')_gc: False
	F35_('S3', 'E3')_gc: False
	F8_jitter: 36
	F34_('S4', 'S5')_t4_min: 365
	F33_('S1', 'S2')_gc: True
	F21_('S1', 'S2')_gc: False
	F0_('E5', 'S5')_t4_max: 19608
	F0_('E5', 'S5')_gc: False
	F25_('S3', 'S2')_t4_min: 127871
	F10_('S2', 'S3')_gc: False
	F18_('S5', 'S4')_gc: False
	F5_('S3', 'S2')_t4_max: 2482
	F15_('E2', 'S2')_tb: 1
	F8_('E3', 'S3')_gc: False
	F21_('S2', 'S3')_rr: 0
	F17_('S5', 'E5')_rr: 0
	F34_('S2', 'S3')_gc: True
	F13_('S3', 'S4')_t4_max: 2337
	F14_('S4', 'S3')_rr: 1
	F24_('S2', 'S3')_t3_min: 8349
	F29_('E1', 'S1')_rr: 0
	F31_('E3', 'S3')_t5_min: 1763
	F2_('S2', 'E2')_gc: False
	F4_('E5', 'S5')_tb: 3634
	F25_('S3', 'S2')_t3_min: 127866
	F33_jitter: 18
	F38_('S5', 'S4')_rr: 0
	F2_('S5', 'S4')_t4_min: 15
	F24_('S3', 'E3')_t4_min: 8363
	F14_('S1', 'E1')_rr: 0
	F5_('S3', 'S2')_rr: 32
	F12_('S2', 'E2')_tb: 8104
	F15_('E2', 'S2')_gc: False
	F28_('S1', 'E1')_gc: False
	F0_('S2', 'S1')_gc: True
	F5_jitter: 0
	F35_('S2', 'S3')_t4_max: 6202
	F25_('S2', 'S1')_t4_min: 127883
	F22_('S3', 'E3')_gc: False
	F28_('S1', 'E1')_t4_min: 116182
	F17_('S4', 'S5')_t4_min: 7943
	F19_queue_index: 0
	F6_('S1', 'S2')_t4_min: 15927
	F34_('S5', 'E5')_t4_max: 377
	F21_('S4', 'E4')_gc: False
	F22_('S3', 'E3')_tb: 2229
	F19_('S4', 'S3')_t4_max: 14131
	F12_('E4', 'S4')_t3_max: 8059
	F0_('S2', 'S1')_t4_max: 19681
	F37_('S1', 'E1')_gc: False
	F11_('S1', 'S2')_t4_max: 98463
	F1_('S4', 'S5')_t4_max: 8021
	F28_('S3', 'S2')_t4_min: 116099
	F36_('S5', 'S4')_t4_max: 14173
	F38_('E5', 'S5')_tb: 162
	F14_('S5', 'S4')_gc: True
	F4_jitter: 36
	F20_queue_index: 0
	F35_('S1', 'S2')_gc: True
	F8_('S4', 'E4')_tb: 63769
	F3_('S4', 'S3')_gc: False
	F36_('S3', 'E3')_tb: 14186
	F16_('S3', 'S4')_t4_min: 15
	F31_('S1', 'E1')_t5_max: 1850
	F6_('S1', 'S2')_t5_max: 15930
	F2_('S5', 'S4')_rr: 32
	F7_('S3', 'E3')_rr: 0
	F25_('S3', 'S2')_gc: True
	F1_('S4', 'S5')_t3_min: 8016
	F11_('E1', 'S1')_t5_max: 98443
	F27_('S4', 'E4')_gc: False
	F14_queue_index: 0
	F15_('S3', 'E3')_gc: False
	F19_('E5', 'S5')_gc: False
	F0_jitter: 0
	F6_('S3', 'S4')_rr: 0
	F37_('S3', 'S2')_rr: 0
	F10_('S2', 'S3')_t4_min: 100
	F4_('S1', 'E1')_t4_min: 3727
	F19_('S5', 'S4')_t4_min: 14122
	F31_jitter: 54
	F34_queue_index: 0
	F27_('S5', 'S4')_t4_max: 7730
	F39_('S3', 'E3')_t4_min: 142
	F31_('E3', 'S3')_gc: False
	F6_jitter: 54
	F18_queue_index: 0
	F10_('S3', 'E3')_t4_min: 133
	F13_('S1', 'S2')_rr: 1
	F15_('S2', 'S3')_gc: False
	F2_('S3', 'S2')_t4_min: 33
	F14_('E5', 'S5')_t4_min: 127791
	F3_queue_index: 0
	F11_('S1', 'S2')_t4_min: 98445
	F35_('E1', 'S1')_t4_min: 6182
	F6_('S3', 'S4')_t4_max: 15973
	F32_('S4', 'S3')_gc: True
	F7_('S4', 'S3')_t4_max: 54332
	F8_('S3', 'S4')_t4_max: 63773
	('S5', 'S4')_gcl_length: 98
	F14_('E5', 'S5')_t5_max: 127798
	F4_('S3', 'S2')_gc: True
	F38_('S2', 'S1')_rr: 64
	F25_('E3', 'S3')_t5_max: 127864
	F28_queue_index: 0
	F17_('S4', 'S5')_t4_max: 7943
	F32_('S3', 'E3')_rr: 0
	F1_('S2', 'S3')_t4_max: 7987
	F38_('S5', 'S4')_t4_min: 176
	F27_('S5', 'S4')_gc: False
	F13_('E1', 'S1')_rr: 0
	F14_('S5', 'S4')_t4_max: 127805
	F39_('S4', 'S3')_gc: False
	F26_('S1', 'E1')_t4_min: 62357
	F34_('S3', 'S4')_gc: True
	F35_('S2', 'S3')_tb: 6202
	F35_('S3', 'E3')_t4_max: 6225
	F3_('S3', 'E3')_rr: 1
	F20_('S4', 'S5')_rr: 0
	F15_('S2', 'S3')_rr: 0
	F33_('S2', 'E2')_t4_min: 62206
	('E5', 'S5')_gcl_cycle: 1
	F12_('E4', 'S4')_gc: False
	F17_('S4', 'S5')_rr: 2
	F22_('S1', 'S2')_gc: True
	F20_('S4', 'S5')_gc: False
	F36_('S3', 'E3')_t5_min: 14188
	F21_('S4', 'E4')_t4_max: 150
	('S3', 'S4')_gcl_length: 38
	F2_('S3', 'S2')_t3_min: 33
	F0_('S4', 'S3')_t3_max: 19651
	F28_('E5', 'S5')_rr: 0
	F14_('S1', 'E1')_gc: False
	F30_('S4', 'E4')_rr: 0
	F9_('S1', 'S2')_gc: True
	F14_('E5', 'S5')_gc: False
	F32_('S3', 'E3')_t3_max: 10190
	F18_('S4', 'S3')_rr: 8
	F28_('S4', 'S3')_t4_min: 116087
	F13_('E1', 'S1')_t3_max: 2247
	F25_('S3', 'S2')_rr: 1
	F25_('E3', 'S3')_t3_min: 127854
	F13_queue_index: 0
	F12_('S4', 'S3')_t5_min: 8093
	F20_('S4', 'S5')_t4_min: 31892
	F31_('S2', 'S1')_t4_min: 1776
	F28_('E5', 'S5')_t4_max: 116063
	F26_('E2', 'S2')_t4_min: 62335
	F11_jitter: 36
	F31_('S3', 'S2')_rr: 0
	F17_('S4', 'S5')_t5_max: 7955
	F3_('E4', 'S4')_gc: False
	F26_('S2', 'S1')_rr: 0
	F38_('S1', 'E1')_gc: False
	F21_('S3', 'S4')_gc: False
	F4_('S2', 'S1')_t4_max: 3732
	F27_('S4', 'E4')_t4_min: 7723
	F27_jitter: 36
	F34_('S5', 'E5')_t5_max: 382
	F1_('S2', 'S3')_t3_max: 7987
	F24_('E2', 'S2')_t3_max: 8322
	F39_('S4', 'S3')_t4_max: 152
	F26_queue_index: 0
	F38_('S2', 'S1')_gc: True
	F26_('S2', 'S1')_gc: False
	F34_('E2', 'S2')_gc: False
	F2_('S4', 'S3')_t4_max: 42
	F4_queue_index: 0
	F17_('S5', 'E5')_gc: False
	F14_('S5', 'S4')_t4_min: 127805
	F19_('S3', 'S2')_tb: 14135
	F21_('S2', 'S3')_t4_min: 52
	F28_('S2', 'S1')_rr: 1
	F25_('S1', 'E1')_t3_max: 127918
	F20_('E3', 'S3')_rr: 0
	F0_('S3', 'S2')_rr: 4
	F27_('E5', 'S5')_t3_max: 7688
	F13_('S2', 'S3')_tb: 2289
	F37_('S3', 'S2')_t4_min: 14383
	F13_('S1', 'S2')_gc: True
	F10_queue_index: 0
	F26_('S1', 'E1')_t3_min: 62357
	F29_('S1', 'S2')_t4_min: 4177
	F3_('S4', 'S3')_t4_max: 6427
	F29_('S2', 'S3')_t4_max: 4199
	F23_('E4', 'S4')_gc: False
	F8_('S3', 'S4')_t4_min: 63755
	F28_('S5', 'S4')_t4_min: 116075
	F1_('S4', 'S5')_rr: 1
	F33_('E1', 'S1')_t3_min: 62191
	F19_('S4', 'S3')_rr: 8
	F8_('S3', 'S4')_tb: 63755
	F37_('S2', 'S1')_rr: 0
	F14_('S3', 'S2')_gc: True
	F28_('S3', 'S2')_t4_max: 116153
	F25_('E3', 'S3')_gc: False
	F9_('E1', 'S1')_t5_max: 2241
	F0_('E5', 'S5')_t5_max: 19616
	('S4', 'S5')_gcl_cycle: 16000
	F17_('E3', 'S3')_t3_max: 7879
	F29_('E1', 'S1')_t4_max: 4168
	F36_('S3', 'E3')_rr: 0
	F19_('S5', 'S4')_rr: 8
	F14_('S4', 'S3')_t4_min: 127819
	F9_('S2', 'S3')_t4_max: 2278
	F30_queue_index: 0
	('S3', 'S4')_gcl_cycle: 32000
	F12_('S3', 'S2')_gc: False
	('S5', 'S4')_gcl_cycle: 128000
	F37_('S3', 'S2')_gc: False
	F34_('S2', 'S3')_t4_min: 341
	F17_jitter: 18
	F38_('S3', 'S2')_gc: False
	F2_('S2', 'E2')_t4_max: 96
	F0_('S2', 'S1')_t3_max: 19681
	F0_('S4', 'S3')_rr: 4
	F29_('E1', 'S1')_t3_max: 4155
	F12_('S3', 'S2')_t4_min: 8095
	F18_('S4', 'S3')_t4_min: 15718
	F9_queue_index: 0
	F33_('E1', 'S1')_t3_max: 62178
	F12_('S3', 'S2')_t3_min: 8095
	F0_('S5', 'S4')_rr: 0
	F1_('S3', 'S4')_t4_min: 8004
	F6_('S4', 'E4')_t4_min: 15942
	F34_('S5', 'E5')_gc: True
	F1_('S1', 'S2')_rr: 0
	F31_('S1', 'E1')_t3_max: 1828
	F20_('S3', 'S4')_gc: True
	F5_('E3', 'S3')_rr: 0
	F12_('S4', 'S3')_rr: 2
	F7_('S3', 'E3')_gc: False
	F18_('S5', 'S4')_tb: 15681
	('S5', 'E5')_gcl_cycle: 2000
	F29_('S3', 'E3')_rr: 0
	F6_('S1', 'S2')_rr: 8
	F1_queue_index: 0
	F13_('S2', 'S3')_t4_min: 2289
	F39_('S3', 'E3')_rr: 0
	F38_('S5', 'S4')_t4_max: 194
	F2_jitter: 54
	F38_('S3', 'S2')_t4_min: 204
	F32_('S4', 'S3')_t4_min: 10173
	F6_('S1', 'S2')_t4_max: 15927
	F17_('S3', 'S4')_gc: False
	F16_jitter: 36
	F5_('S2', 'E2')_t3_min: 2486
	F2_('S2', 'E2')_t3_min: 42
	F32_('S4', 'S3')_t4_max: 10173
	F11_('S2', 'E2')_rr: 0
	F14_('S4', 'S3')_t4_max: 127819
	F16_('E3', 'S3')_rr: 0
	F28_('S4', 'S3')_t4_max: 116123
	F13_('S1', 'S2')_t4_max: 2277
	F17_('S3', 'S4')_t4_max: 7924
	F31_('E3', 'S3')_t3_max: 1741
	F10_('E2', 'S2')_gc: False
	F4_('E5', 'S5')_t3_min: 3634
	F21_('S3', 'S4')_rr: 0
	F12_('S4', 'S3')_t4_max: 8086
	F21_('S3', 'S4')_t5_min: 76
	F24_queue_index: 0
	F6_('S3', 'S4')_t4_min: 15937
	F33_('E1', 'S1')_t4_max: 62191
	F3_('S4', 'S3')_rr: 0
	F8_('S3', 'S4')_gc: False
	F5_('S2', 'E2')_gc: True
	F27_('S5', 'S4')_t3_max: 7717
	F19_('S5', 'S4')_t3_max: 14122
	F36_('S5', 'S4')_t3_max: 14160
	F14_('S5', 'S4')_t3_max: 127805
	F17_('S3', 'S4')_t3_max: 7911
	F21_('S1', 'S2')_t3_max: 44
	F31_('S3', 'S2')_t3_max: 1770
	F1_('S1', 'S2')_t3_max: 7957
	F30_('S5', 'S4')_t3_max: 15640
	F18_('S5', 'S4')_t3_max: 15686
	F16_('S3', 'S4')_t3_max: 20
	F8_('S3', 'S4')_t3_max: 63760
	F7_('S4', 'S3')_t3_max: 54319
	F37_('S3', 'S2')_t3_max: 14388
	F33_('S1', 'S2')_t3_max: 62201
	F5_('S3', 'S2')_t3_max: 2482
	F25_('S3', 'S2')_t3_max: 127871
	F11_('S1', 'S2')_t3_max: 98450
	F0_('S5', 'S4')_t3_max: 19623
	F12_('S4', 'S3')_t3_max: 8086
	F9_('S1', 'S2')_t3_max: 2248
	F10_('S2', 'S3')_t3_max: 105
	F32_('S4', 'S3')_t3_max: 10173
	F22_('S1', 'S2')_t3_max: 2213
	F29_('S1', 'S2')_t3_max: 4177
	F13_('S1', 'S2')_t3_max: 2277
	F20_('S3', 'S4')_t3_max: 31881
	F3_('S4', 'S3')_t3_max: 6414
	F4_('S5', 'S4')_t3_max: 3652
	F38_('S5', 'S4')_t3_max: 181
	F39_('S4', 'S3')_t3_max: 139
	F15_('S2', 'S3')_t3_max: 12
	F34_('S2', 'S3')_t3_max: 341
	F28_('S5', 'S4')_t3_max: 116080
	F35_('S1', 'S2')_t3_max: 6192
	F6_('S1', 'S2')_t3_max: 15927
	F26_('S2', 'S1')_t3_max: 62351
	F24_('S2', 'S3')_t3_max: 8354
	F23_('S4', 'S3')_t3_max: 2402
	F2_('S5', 'S4')_t3_max: 15
	F34_('S3', 'S4')_t3_min: 348
	F13_('S2', 'S3')_t3_min: 2289
	F38_('S3', 'S2')_t3_min: 204
	F12_('E4', 'S4')_t4_min: 8072
	F4_('S4', 'S3')_t3_min: 3660
	F15_('E2', 'S2')_t5_max: 5
	F17_('E3', 'S3')_t5_min: 7904
	F22_('S3', 'E3')_t4_max: 2265
	F12_('E4', 'S4')_t4_max: 8072
	F14_('S4', 'S3')_tb: 127819
	F13_('S3', 'S4')_tb: 2301
	F5_('S2', 'E2')_t3_max: 2491
	F5_('E3', 'S3')_t5_min: 2475
	F34_('S4', 'S5')_t3_min: 360
	F9_('S3', 'E3')_t4_max: 2308
	F1_('S5', 'E5')_t4_max: 8051
	F31_('E3', 'S3')_t4_max: 1754
	F27_('S5', 'S4')_t5_max: 7739
	F30_('S5', 'S4')_t5_max: 15645
	F28_('S4', 'S3')_t5_min: 116097
	F32_('S3', 'E3')_t4_max: 10203
	F36_('E5', 'S5')_t3_min: 14151
	F12_('E4', 'S4')_t3_min: 8072
	F35_('S1', 'S2')_tb: 6192
	F12_('E4', 'S4')_tb: 8072
	F29_('S3', 'E3')_t3_min: 4185
	F14_('S1', 'E1')_t5_min: 127858
	F36_('S5', 'S4')_t3_min: 14155
	F7_('E4', 'S4')_t5_max: 54312
	F34_('S2', 'S3')_t3_min: 336
	F6_('S3', 'S4')_t3_max: 15960
	F1_('S3', 'S4')_t5_max: 8014
	F35_('S1', 'S2')_t3_min: 6187
	F28_('S2', 'S1')_t5_min: 116180
	F31_('S2', 'S1')_t3_min: 1776
	F4_('S3', 'S2')_t3_max: 3701
	F39_('E4', 'S4')_tb: 126
	F29_('S3', 'E3')_t3_max: 4208
	('S5', 'E5')_gcl_length: 2
	F14_('E5', 'S5')_t4_max: 127791
	F14_('S4', 'S3')_t3_max: 127819
	F14_('S5', 'S4')_t3_min: 127800
	F0_('E5', 'S5')_t4_min: 19608
	F37_('E3', 'S3')_t4_min: 14373
	F36_('S3', 'E3')_t5_max: 14206
	F38_('S2', 'S1')_t3_min: 218
	F9_('S2', 'S3')_t5_min: 2270
	F14_('S3', 'S2')_t3_min: 127828
	F16_('E3', 'S3')_t3_min: 1
	F25_('E3', 'S3')_tb: 127854
	F0_('S1', 'E1')_t3_max: 19696
	F0_('S2', 'S1')_t3_min: 19676
	('S1', 'S2')_gcl_length: 214
	F19_('S5', 'S4')_t5_min: 14124
	F20_('E3', 'S3')_t3_min: 31865
	F34_('E2', 'S2')_tb: 329
	F32_('S3', 'E3')_tb: 10185
	F28_('S5', 'S4')_t5_max: 116103
	('S1', 'E1')_gcl_length: 2
	F7_('E4', 'S4')_t3_min: 54309
	F15_('S3', 'E3')_t4_max: 49
	F28_('S4', 'S3')_t3_max: 116110
	F20_('S3', 'S4')_t5_max: 31890
	F22_('S2', 'S3')_tb: 2221
	F23_('S3', 'S2')_t5_min: 2421
	F28_('E5', 'S5')_t3_min: 116063
	F37_('E3', 'S3')_t5_max: 14381
	F6_('S1', 'S2')_tb: 15927
	F27_('E5', 'S5')_t5_min: 7710
	F15_('E2', 'S2')_t5_min: 5
	F18_('S4', 'S3')_t5_max: 15730
	F38_('E5', 'S5')_t3_min: 162
	F16_('S4', 'E4')_t3_min: 29
	F2_('E5', 'S5')_t5_max: 8
	F39_('S3', 'E3')_t3_max: 165
	F24_('E2', 'S2')_t5_max: 8347
	F13_('E1', 'S1')_t5_max: 2270
	F10_('E2', 'S2')_t5_max: 98
	F36_('S4', 'S3')_t5_min: 14184
	F1_('S2', 'S3')_tb: 7987
	F18_('S5', 'S4')_t5_max: 15711
	F20_('S3', 'S4')_t3_min: 31876
	('S2', 'S3')_gcl_length: 22
	F1_('S2', 'S3')_t5_max: 7997
	F1_('S1', 'S2')_t5_max: 7980
	F28_('S5', 'S4')_t3_min: 116075
	F27_('S4', 'E4')_t3_min: 7723
	F38_('S5', 'S4')_t5_min: 188
	F4_('S2', 'S1')_t5_max: 3743
	F12_('S4', 'S3')_t3_min: 8081
	F0_('S4', 'S3')_t3_min: 19628
	F25_('E3', 'S3')_t4_min: 127854
	F15_('S3', 'E3')_t5_min: 17
	F8_('S4', 'E4')_t3_min: 63769
	F9_('S2', 'S3')_t3_max: 2265
	F33_('S2', 'E2')_tb: 62206
	F9_('S2', 'S3')_t5_max: 2288
	F2_('S5', 'S4')_tb: 15
	F6_('S4', 'E4')_t4_max: 15996
	F6_('S2', 'S3')_t3_max: 15937
	F4_('S2', 'S1')_t3_min: 3714
	F39_('E4', 'S4')_t3_min: 126
	F38_('S5', 'S4')_t3_min: 176
	F31_('E3', 'S3')_t4_min: 1754
	F29_('S1', 'S2')_t5_max: 4179
	F39_('S4', 'S3')_tb: 134
	F34_('S5', 'E5')_t5_min: 382
	F6_('S4', 'E4')_t5_min: 15945
	F18_('S4', 'S3')_tb: 15718
	('S3', 'E3')_gcl_length: 4
	F28_('S1', 'E1')_t3_max: 116187
	F7_('E4', 'S4')_tb: 54309
	F17_('S4', 'S5')_t5_min: 7955
	F13_('E1', 'S1')_t3_min: 2260
	F17_('E3', 'S3')_tb: 7892
	F30_('E5', 'S5')_tb: 15628
	F16_('E3', 'S3')_t5_min: 13
	F2_('E5', 'S5')_tb: 1
	('E2', 'S2')_gcl_length: 0
	F29_('E1', 'S1')_t5_max: 4170
	F18_('S4', 'S3')_t3_min: 15695
	F33_('S1', 'S2')_t5_min: 62204
	F0_('S5', 'S4')_t3_min: 19618
	F28_('S3', 'S2')_t3_max: 116140
	F22_('E1', 'S1')_t4_min: 2200
	F29_('S1', 'S2')_tb: 4177
	F10_('S3', 'E3')_t3_min: 110
	F29_('S1', 'S2')_t5_min: 4179
	F30_('S5', 'S4')_t5_min: 15645
	F5_('S2', 'E2')_t4_max: 2491
	F28_('S1', 'E1')_tb: 116182
	F12_('S3', 'S2')_t5_min: 8102
	F26_('E2', 'S2')_t4_max: 62335
	F4_('S1', 'E1')_t5_min: 3738
	F37_('E3', 'S3')_tb: 14373
	F20_('S4', 'S5')_t3_max: 31897
	('S4', 'S5')_gcl_length: 22
	F28_('S1', 'E1')_t5_min: 116192
	F27_('S4', 'E4')_t3_max: 7746
	F33_('S1', 'S2')_tb: 62201
	F14_('S2', 'S1')_t3_min: 127842
	F36_('E5', 'S5')_tb: 14151
	F6_('E1', 'S1')_tb: 15917
	F35_('E1', 'S1')_t4_max: 6182
	F2_('S4', 'S3')_t3_min: 24
	F12_('S4', 'S3')_t5_max: 8093
	F31_('E3', 'S3')_tb: 1754
	F2_('S2', 'E2')_tb: 42
	F36_('S3', 'E3')_t3_max: 14191
	F12_('S3', 'S2')_t3_max: 8100
	F2_('E5', 'S5')_t3_min: 1
	F30_('S4', 'E4')_t5_max: 15670
	F20_('S5', 'E5')_tb: 31903
	F10_('E2', 'S2')_t3_min: 90
	F4_('S2', 'S1')_t5_min: 3725
	F29_('E1', 'S1')_t4_min: 4168
	('E4', 'S4')_gcl_length: 0
	F17_('S5', 'E5')_t5_min: 7969
	F27_('S5', 'S4')_t3_min: 7712
	F23_('S4', 'S3')_tb: 2402
	F38_('S2', 'S1')_t3_max: 277
	F10_('E2', 'S2')_t5_min: 98
	F13_('S4', 'E4')_t4_max: 2367
	F6_('S4', 'E4')_t5_max: 15999
	F34_('E2', 'S2')_t4_min: 329
	F22_('S3', 'E3')_t5_min: 2235
	F21_('E1', 'S1')_tb: 26
	F22_('S3', 'E3')_t3_max: 2252
	F23_('E4', 'S4')_t5_min: 2395
	F1_('S5', 'E5')_tb: 8033
	F35_('S1', 'S2')_t5_max: 6195
	F1_('S2', 'S3')_t5_min: 7997
	F15_('E2', 'S2')_t3_min: 1
	F21_('S2', 'S3')_t5_max: 99
	F21_('S1', 'S2')_t3_min: 39
	F7_('S3', 'E3')_t5_max: 54358
	F17_('S5', 'E5')_t3_min: 7957
	F29_('S3', 'E3')_tb: 4185
	F6_('S3', 'S4')_tb: 15937
	('E1', 'S1')_gcl_length: 0
	F32_('S4', 'S3')_t5_min: 10183
	F16_('E3', 'S3')_t4_min: 1
	F17_('S5', 'E5')_t5_max: 7987
	F8_('S4', 'E4')_t5_min: 63781
	F28_('S2', 'S1')_t5_max: 116180
	F37_('S1', 'E1')_t3_min: 14403
	F28_('S4', 'S3')_t3_min: 116087
	F19_('S2', 'E2')_tb: 14139
	F1_('S1', 'S2')_t3_min: 7952
	F8_('S4', 'E4')_t5_max: 63817
	F37_('S2', 'S1')_t5_min: 14401
	F15_('E2', 'S2')_t4_min: 1
	F34_('S2', 'S3')_tb: 341
	F0_('S3', 'S2')_t5_max: 19674
	F1_('E1', 'S1')_tb: 7940
	F9_('S1', 'S2')_t3_min: 2243
	F15_('S2', 'S3')_t5_min: 11
	F23_('S4', 'S3')_t5_max: 2408
	F4_('S4', 'S3')_t5_max: 3694
	F34_('E2', 'S2')_t5_max: 334
	F17_('S5', 'E5')_t4_max: 7975
	F28_('S2', 'S1')_t3_max: 116170
	F30_('S4', 'E4')_tb: 15647
	F10_('S2', 'S3')_t5_min: 108
	F18_('E5', 'S5')_t4_max: 15667
	F16_('S3', 'S4')_tb: 15
	F10_('E2', 'S2')_t4_min: 90
	F38_('E5', 'S5')_t4_max: 162
	F6_('S4', 'E4')_tb: 15942
	F33_('E1', 'S1')_t4_min: 62191
	F34_('S2', 'S3')_t5_max: 346
	F26_('S1', 'E1')_t5_max: 62402
	F1_('E1', 'S1')_t4_max: 7940
	F0_('S3', 'S2')_t5_min: 19674
	F1_('E1', 'S1')_t4_min: 7940
	F16_('E3', 'S3')_t4_max: 1
	F24_('E2', 'S2')_t4_min: 8335
	F4_('S1', 'E1')_t4_max: 3763
	F0_('S1', 'E1')_t4_max: 19696
	F35_('S2', 'S3')_t3_max: 6202
	F13_('E1', 'S1')_t5_min: 2270
	F2_('S4', 'S3')_t5_min: 31
	F21_('S3', 'S4')_t3_max: 106
	F24_('E2', 'S2')_t3_min: 8335
	F1_('S4', 'S5')_t5_min: 8031
	F5_('E3', 'S3')_t3_min: 2473
	F23_('S3', 'S2')_t3_min: 2410
	F6_('S3', 'S4')_t5_max: 15976
	F28_('S3', 'S2')_t5_max: 116163
	F6_('E1', 'S1')_t5_max: 15920
	F9_('S3', 'E3')_t5_max: 2318
	F29_('E1', 'S1')_tb: 4168
	F36_('E5', 'S5')_t4_min: 14151
	F8_('S4', 'E4')_t3_max: 63792
	F17_('S4', 'S5')_t3_max: 7943
	F22_('S1', 'S2')_t3_min: 2208
	F35_('S3', 'E3')_tb: 6207
	F30_('E5', 'S5')_t4_max: 15628
	F39_('E4', 'S4')_t5_max: 132
	F25_('S3', 'S2')_t5_min: 127881
	F14_('S1', 'E1')_t3_max: 127874
	F36_('E5', 'S5')_t5_min: 14153
	F22_('S1', 'S2')_t5_min: 2219
	F16_('S4', 'E4')_tb: 29
	F9_('S1', 'S2')_t5_max: 2258
	F18_('S4', 'S3')_t3_max: 15718
	F14_('S2', 'S1')_t5_min: 127849
	F1_('E1', 'S1')_t5_max: 7950
	F14_('S3', 'S2')_t5_max: 127840
	F6_('S3', 'S4')_t3_min: 15937
	F7_('S4', 'S3')_tb: 54314
	F9_('E1', 'S1')_tb: 2231
	F24_('S2', 'S3')_t5_max: 8379
	('E5', 'S5')_gcl_length: 0
	F30_('S4', 'E4')_t4_max: 15665
	F22_('E1', 'S1')_t3_min: 2200
	F13_('S3', 'S4')_t3_min: 2301
	F6_('S1', 'S2')_t5_min: 15930
	F3_('S3', 'E3')_t5_min: 6440
	F22_('S2', 'S3')_t3_max: 2226
	('E3', 'S3')_gcl_length: 0
	F17_('E3', 'S3')_t3_min: 7892
	F33_('S2', 'E2')_t5_min: 62209
	F4_('S4', 'S3')_tb: 3683
	F21_('S1', 'S2')_t5_min: 50
	F0_('S4', 'S3')_t5_max: 19659
	F38_('S1', 'E1')_t3_max: 296
	F25_('S1', 'E1')_t5_min: 127905
	F14_('S5', 'S4')_t5_min: 127812
	F24_('S3', 'E3')_t4_max: 8399
	F21_('S1', 'S2')_t5_max: 68
	F22_('S1', 'S2')_t5_max: 2219
	F11_('S1', 'S2')_tb: 98445
	F23_('S2', 'E2')_t5_min: 2429
	F19_('E5', 'S5')_t4_min: 14113
	F2_('S3', 'S2')_t5_max: 76
	F12_('S2', 'E2')_t5_min: 8111
	F34_('S4', 'S5')_t5_min: 370
	F19_('S5', 'S4')_t3_min: 14117
	F14_('S1', 'E1')_t3_min: 127851
	F7_('S3', 'E3')_tb: 54319
	F1_('S5', 'E5')_t3_min: 8033
	F33_('S2', 'E2')_t5_max: 62227
	F36_('S5', 'S4')_tb: 14155
	F23_('E4', 'S4')_t4_min: 2389
	F38_('S4', 'S3')_t5_min: 202
	F5_('S3', 'S2')_tb: 2482
	F12_('S2', 'E2')_t3_min: 8104
	F14_('S1', 'E1')_t5_max: 127894
	F19_('S2', 'E2')_t4_max: 14175
	F6_('E1', 'S1')_t4_min: 15917
	F30_('E5', 'S5')_t4_min: 15628
	F34_('E2', 'S2')_t5_min: 334
	F15_('S3', 'E3')_tb: 13
	F15_('S3', 'E3')_t5_max: 53
	F9_('E1', 'S1')_t5_min: 2241
	F21_('E1', 'S1')_t3_min: 26
	F2_('S3', 'S2')_t3_max: 56
	F12_('S2', 'E2')_t4_max: 8140
	F17_('S3', 'S4')_t3_min: 7906
	F25_('E3', 'S3')_t4_max: 127854
	F26_('S1', 'E1')_t5_min: 62366
	F37_('S3', 'S2')_t3_min: 14383
	F36_('E5', 'S5')_t4_max: 14151
	F0_('E5', 'S5')_tb: 19608
	F23_('E4', 'S4')_t3_min: 2389
	F25_('S3', 'S2')_t5_max: 127881
	F18_('S3', 'E3')_tb: 15732
	F28_('S3', 'S2')_t3_min: 116099
	F35_('S3', 'E3')_t3_max: 6212
	F32_('S3', 'E3')_t3_min: 10185
	F6_('S4', 'E4')_t3_min: 15942
	F1_('S4', 'S5')_tb: 8021
	F30_('S4', 'E4')_t5_min: 15652
	F11_('S2', 'E2')_tb: 98448
	F23_('S2', 'E2')_t3_max: 2428
	('S4', 'S3')_gcl_length: 206
	F19_('S4', 'S3')_t5_max: 14133
	F39_('S4', 'S3')_t5_max: 158
	F0_('S4', 'S3')_t5_min: 19659
	F31_('S3', 'S2')_t5_min: 1774
	F20_('E3', 'S3')_t5_max: 31874
	F34_('S4', 'S5')_t3_max: 365
	F1_('S5', 'E5')_t5_min: 8043
	F24_('S3', 'E3')_tb: 8363
	F39_('S3', 'E3')_t5_max: 184
	F19_('S5', 'S4')_tb: 14122
	F25_('S2', 'S1')_t3_max: 127888
	F11_('S2', 'E2')_t5_min: 98449
	F28_('S2', 'S1')_t3_min: 116111
	F26_('S1', 'E1')_t4_max: 62393
	F6_('S2', 'S3')_t5_min: 15935
	F4_('S3', 'S2')_t5_min: 3712
	F13_('S4', 'E4')_t3_max: 2354
	F12_('E4', 'S4')_t5_min: 8079
	F16_('S3', 'S4')_t5_max: 45
	F33_('S1', 'S2')_t5_max: 62204
	F14_('S4', 'S3')_t3_min: 127814
	F28_('S5', 'S4')_tb: 116075
	F5_('S2', 'E2')_tb: 2491
	F2_('S3', 'S2')_t5_min: 40
	F31_('E3', 'S3')_t5_max: 1763
	F21_('S4', 'E4')_t5_max: 161
	F28_('S4', 'S3')_t5_max: 116133
	F37_('S3', 'S2')_t5_min: 14391
	F0_('S1', 'E1')_tb: 19696
	F26_('E2', 'S2')_t5_min: 62344
	F33_('S2', 'E2')_t4_max: 62224
	F11_('S2', 'E2')_t3_min: 98448
	F11_('E1', 'S1')_t5_min: 98443
	F5_('S3', 'S2')_t5_min: 2484
	F26_('S1', 'E1')_t3_max: 62380
	F21_('S3', 'S4')_t5_max: 130
	F19_('S5', 'S4')_t5_max: 14124
	F38_('S5', 'S4')_tb: 176
	F31_('S2', 'S1')_tb: 1776
	F8_('S3', 'S4')_t5_max: 63785
	F6_('S4', 'E4')_t3_max: 15983
	F28_('E5', 'S5')_t4_min: 116063
	F27_('S4', 'E4')_t5_max: 7768
	F14_('E5', 'S5')_t5_min: 127798
	F36_('E5', 'S5')_t5_max: 14153
	F31_('S1', 'E1')_t5_min: 1796
	F35_('S2', 'S3')_t5_min: 6205
	F34_('S3', 'S4')_t3_max: 353
	F21_('E1', 'S1')_t5_max: 37
	F32_('S3', 'E3')_t5_max: 10213
	F24_('E2', 'S2')_t5_min: 8347
	F11_('S2', 'E2')_t5_max: 98485
	F25_('S1', 'E1')_tb: 127895
	F24_('E2', 'S2')_tb: 8335
	F1_('S4', 'S5')_t3_max: 8021
	F18_('S3', 'E3')_t5_min: 15744
	F28_('E5', 'S5')_t5_min: 116073
	F35_('E1', 'S1')_t3_min: 6182
	F38_('S1', 'E1')_tb: 291
	F23_('S3', 'S2')_t5_max: 2421
	F25_('S1', 'E1')_t5_max: 127941
	F17_('S5', 'E5')_tb: 7957
	F5_('E3', 'S3')_t4_max: 2473
	F2_('S4', 'S3')_tb: 24
	F13_('S2', 'S3')_t3_max: 2294
	F28_('S3', 'S2')_t5_min: 116109
	F39_('S3', 'E3')_t4_max: 178
	F16_('S4', 'E4')_t4_max: 65
	F38_('S4', 'S3')_t5_max: 238
	F6_('E1', 'S1')_t5_min: 15920
	F34_('S4', 'S5')_t5_max: 370
	F39_('S3', 'E3')_t5_min: 148
	F37_('S2', 'S1')_t5_max: 14437
	F30_('S5', 'S4')_t3_min: 15635
	F1_('S2', 'S3')_t3_min: 7964
	F10_('E2', 'S2')_tb: 90
	F9_('S3', 'E3')_t3_max: 2295
	F39_('S4', 'S3')_t3_min: 134
	F4_('S5', 'S4')_t3_min: 3647
	F13_('S3', 'S4')_t5_min: 2311
	F0_('S2', 'S1')_tb: 19681
	F19_('E5', 'S5')_t3_min: 14113
	F18_('E5', 'S5')_t3_min: 15667
	F38_('E5', 'S5')_t5_min: 174
	F29_('S3', 'E3')_t4_max: 4221
	F32_('E4', 'S4')_t5_max: 10166
	F8_('E3', 'S3')_t5_min: 63753
	F14_('S3', 'S2')_t5_min: 127840
	F3_('S3', 'E3')_t4_max: 6437
	F13_('S1', 'S2')_t5_min: 2287
	F3_('S4', 'S3')_tb: 6409
	F27_('E5', 'S5')_t4_max: 7701
	F38_('S4', 'S3')_t3_min: 190
	F9_('E1', 'S1')_t4_min: 2231
	F8_('E3', 'S3')_tb: 63741
	F18_('S3', 'E3')_t4_max: 15750
	F28_('S1', 'E1')_t4_max: 116200
	F20_('E3', 'S3')_t4_min: 31865
	F17_('S4', 'S5')_t3_min: 7920
	F19_('E5', 'S5')_t5_max: 14115
	F7_('S4', 'S3')_t5_max: 54335
	F37_('S1', 'E1')_t5_max: 14465
	F0_('S5', 'S4')_t5_min: 19626
	F14_('S2', 'S1')_tb: 127842
	F13_('S4', 'E4')_t5_max: 2377
	F4_('S4', 'S3')_t5_min: 3694
	F8_('S3', 'S4')_t3_min: 63755
	F4_('S4', 'S3')_t3_max: 3683
	F16_('S3', 'S4')_t5_min: 27
	F0_('S2', 'S1')_t5_min: 19689
	F9_('S3', 'E3')_t3_min: 2272
	F33_('S2', 'E2')_t3_min: 62206
	F20_('S4', 'S5')_t5_max: 31919
	F1_('S1', 'S2')_tb: 7952
	F37_('E3', 'S3')_t5_min: 14381
	F36_('S4', 'S3')_t5_max: 14184
	F21_('S2', 'S3')_t3_max: 75
	F13_('S4', 'E4')_tb: 2313
	F37_('S1', 'E1')_tb: 14403
	F23_('S2', 'E2')_tb: 2423
	F21_('S4', 'E4')_t3_max: 137
	F30_('E5', 'S5')_t3_min: 15628
	F37_('E3', 'S3')_t3_min: 14373
	F19_('S2', 'E2')_t5_min: 14141
	F39_('E4', 'S4')_t5_min: 132
	F20_('S5', 'E5')_t3_max: 31926
	F15_('S2', 'S3')_tb: 7
	F20_('S5', 'E5')_t5_min: 31912
	F17_('E3', 'S3')_t5_max: 7904
	F25_('S3', 'S2')_tb: 127871
	F21_('S2', 'S3')_tb: 52
	F31_('S2', 'S1')_t5_max: 1821
	F5_('E3', 'S3')_t5_max: 2475
	F3_('E4', 'S4')_t3_min: 6404
	F22_('S1', 'S2')_tb: 2213
	F39_('E4', 'S4')_t4_max: 126
	F0_('S5', 'S4')_t5_max: 19644
	F9_('S3', 'E3')_t5_min: 2282
	F23_('S4', 'S3')_t3_min: 2397
	F21_('E1', 'S1')_t4_max: 26
	F19_('S3', 'S2')_t3_max: 14140
	F4_('S2', 'S1')_tb: 3714
	F4_('S1', 'E1')_tb: 3727
	F0_('S3', 'S2')_tb: 19666
	F24_('S3', 'E3')_t5_max: 8411
	F37_('S1', 'E1')_t5_min: 14411
	F39_('E4', 'S4')_t4_min: 126
	F29_('S2', 'S3')_t5_max: 4201
	F6_('S2', 'S3')_tb: 15932
	F7_('E4', 'S4')_t4_max: 54309
	F10_('E2', 'S2')_t4_max: 90
	F32_('E4', 'S4')_t5_min: 10166
	F32_('E4', 'S4')_t4_min: 10156
	F25_('S1', 'E1')_t3_min: 127895
	F23_('S2', 'E2')_t4_max: 2441
	F3_('S4', 'S3')_t3_min: 6409
	F1_('S3', 'S4')_t3_min: 7999
	F10_('S3', 'E3')_t4_max: 133
	F3_('E4', 'S4')_tb: 6404
	F38_('S2', 'S1')_tb: 277
	F34_('S5', 'E5')_tb: 377
	F16_('S4', 'E4')_t5_min: 41
	F15_('S3', 'E3')_t3_min: 13
	F29_('S3', 'E3')_t5_max: 4223
	F38_('S4', 'S3')_tb: 190
	F15_('S2', 'S3')_t5_max: 29
	F31_('S3', 'S2')_t5_max: 1792
	F5_('E3', 'S3')_tb: 2473
	F10_('S3', 'E3')_t3_max: 133
	F25_('S2', 'S1')_tb: 127883
	F21_('S4', 'E4')_t5_min: 89
	F37_('S3', 'S2')_tb: 14383
	F35_('S1', 'S2')_t5_min: 6195
	F30_('S4', 'E4')_t3_min: 15647
	F14_('S2', 'S1')_t5_max: 127867
	F2_('S5', 'S4')_t5_max: 22
	F4_('S3', 'S2')_t3_min: 3696
	F28_('S5', 'S4')_t5_min: 116085
	F20_('E3', 'S3')_tb: 31865
	F3_('S3', 'E3')_t3_max: 6437
	F16_('E3', 'S3')_t5_max: 13
	F22_('S3', 'E3')_t3_min: 2229
	F6_('S2', 'S3')_t5_max: 15953
	F32_('S4', 'S3')_t5_max: 10183
	F34_('S2', 'S3')_t5_min: 346
	F9_('S1', 'S2')_tb: 2248
	F2_('S4', 'S3')_t5_max: 49
	F13_('S1', 'S2')_tb: 2277
	F4_('S2', 'S1')_t3_max: 3719
	F22_('E1', 'S1')_t5_min: 2206
	F29_('S3', 'E3')_t5_min: 4187
	F33_('S2', 'E2')_t3_max: 62211
	F33_('E1', 'S1')_t5_max: 62194
	F13_('E1', 'S1')_t4_max: 2260
	F0_('S5', 'S4')_tb: 19618
	F37_('S1', 'E1')_t3_max: 14444
	F35_('E1', 'S1')_t5_max: 6185
	F14_('S3', 'S2')_t3_max: 127833
	F9_('E1', 'S1')_t4_max: 2231
	F19_('S4', 'S3')_t5_min: 14133
	F32_('E4', 'S4')_tb: 10156
	F30_('E5', 'S5')_t5_max: 15633
	F27_('S4', 'E4')_t5_min: 7732
	F4_('E5', 'S5')_t5_max: 3645
	F32_('E4', 'S4')_t3_min: 10156
	F34_('S3', 'S4')_tb: 353
	F32_('S3', 'E3')_t5_min: 10195
	F37_('S2', 'S1')_t3_max: 14416
	('S2', 'S1')_gcl_length: 138
	F23_('E4', 'S4')_t4_max: 2389
	F5_('S2', 'E2')_t5_max: 2493
	F14_('S3', 'S2')_tb: 127833
	F38_('S2', 'S1')_t5_min: 289
	F19_('E5', 'S5')_t4_max: 14113
	F30_('S4', 'E4')_t3_max: 15652
	F13_('S3', 'S4')_t5_max: 2347
	F36_('S3', 'E3')_t4_max: 14204
	F31_('S1', 'E1')_tb: 1787
	F13_('S1', 'S2')_t3_min: 2272
	F19_('S4', 'S3')_t3_max: 14131
	F22_('S3', 'E3')_t5_max: 2271
	F20_('E3', 'S3')_t4_max: 31865
	F17_('S4', 'S5')_tb: 7943
	F3_('S4', 'S3')_t5_min: 6412
	F17_('S3', 'S4')_tb: 7906
	F31_('S3', 'S2')_tb: 1765
	F19_('S4', 'S3')_tb: 14131
	F12_('S2', 'E2')_t3_max: 8127
	F26_('E2', 'S2')_t5_max: 62344
	F22_('E1', 'S1')_t4_max: 2200
	F21_('S1', 'S2')_tb: 39
	F14_('S1', 'E1')_tb: 127851
	F13_('S3', 'S4')_t3_max: 2324
	F21_('S2', 'S3')_t5_min: 63
	F11_('E1', 'S1')_tb: 98442
	F37_('E3', 'S3')_t4_max: 14373
	F29_('S2', 'S3')_t3_max: 4186
	F24_('E2', 'S2')_t4_max: 8335
	F2_('E5', 'S5')_t5_min: 8
	F18_('S4', 'S3')_t5_min: 15730
	F14_('S5', 'S4')_tb: 127805
	F35_('E1', 'S1')_t5_min: 6185
	F4_('S3', 'S2')_tb: 3701
	F5_('S3', 'S2')_t5_max: 2484
	F31_('S3', 'S2')_t3_min: 1765
	F27_('E5', 'S5')_t5_max: 7710
	F23_('S3', 'S2')_t3_max: 2415
	F13_('S2', 'S3')_t5_min: 2299
	F2_('E5', 'S5')_t4_max: 1
	F2_('S2', 'E2')_t5_min: 49
	F38_('S2', 'S1')_t5_max: 289
	F14_('S5', 'S4')_t5_max: 127812
	F13_('S4', 'E4')_t5_min: 2323
	F19_('E5', 'S5')_tb: 14113
	F25_('S2', 'S1')_t5_max: 127911
	F22_('E1', 'S1')_t5_max: 2206
	F28_('S4', 'S3')_tb: 116087
	F31_('S2', 'S1')_t3_max: 1799
	F28_('S3', 'S2')_tb: 116099
	F38_('E5', 'S5')_t4_min: 162
	F21_('E1', 'S1')_t5_min: 37
	F25_('S2', 'S1')_t5_min: 127893
	F24_('S3', 'E3')_t3_max: 8386
	F26_('S2', 'S1')_t3_min: 62346
	F23_('S4', 'S3')_t5_min: 2408
	F1_('E1', 'S1')_t3_min: 7940
	F20_('S4', 'S5')_t3_min: 31892
	F8_('E3', 'S3')_t5_max: 63753
	F19_('S3', 'S2')_t5_max: 14155
	F26_('S2', 'S1')_tb: 62346
	('S2', 'E2')_gcl_length: 2
	F24_('S2', 'S3')_t5_min: 8361
	F31_('S2', 'S1')_t5_min: 1785
	F26_('S2', 'S1')_t5_max: 62373
	F21_('S4', 'E4')_t3_min: 78
	F8_('E3', 'S3')_t4_max: 63741
	F4_('E5', 'S5')_t4_min: 3634
	F0_('S3', 'S2')_t3_min: 19661
	F5_('S2', 'E2')_t5_min: 2493
	F32_('S4', 'S3')_t3_min: 10168
	F4_('S5', 'S4')_t5_min: 3658
	F0_('E5', 'S5')_t3_min: 19608
	F10_('S2', 'S3')_tb: 100
	F27_('S5', 'S4')_t5_min: 7721
	F18_('E5', 'S5')_t4_min: 15667
	F16_('S4', 'E4')_t5_max: 77
	F21_('S3', 'S4')_tb: 65
	F5_('E3', 'S3')_t4_min: 2473
	F2_('S2', 'E2')_t5_max: 103
	F22_('S2', 'S3')_t3_min: 2221
	F27_('S5', 'S4')_tb: 7712
	F13_('S4', 'E4')_t3_min: 2313
	F12_('S3', 'S2')_tb: 8095
	F19_('S2', 'E2')_t5_max: 14177
	F10_('S2', 'S3')_t5_max: 126
	F1_('S5', 'E5')_t5_max: 8061
	F0_('S1', 'E1')_t3_min: 19691
	F38_('S1', 'E1')_t4_max: 309
	F34_('E2', 'S2')_t4_max: 329
	F30_('S5', 'S4')_tb: 15640
	F20_('S5', 'E5')_t5_max: 31948
	F17_('S3', 'S4')_t5_max: 7936
	F11_('S2', 'E2')_t4_max: 98484
	F0_('S4', 'S3')_tb: 19651
	F9_('S2', 'S3')_tb: 2260
	F17_('E3', 'S3')_t4_min: 7892
	F23_('S3', 'S2')_tb: 2415
	F7_('S4', 'S3')_t3_min: 54314
	F18_('S3', 'E3')_t5_max: 15762
	F4_('S3', 'S2')_t5_max: 3712
	F3_('S4', 'S3')_t5_max: 6430
	F37_('S3', 'S2')_t5_max: 14409
	F23_('S2', 'E2')_t3_min: 2423
	F0_('S1', 'E1')_t5_max: 19704
	F26_('S1', 'E1')_tb: 62357
	F38_('E5', 'S5')_t5_max: 174
	F13_('S2', 'S3')_t5_max: 2317
	F32_('E4', 'S4')_t4_max: 10156
	F8_('E3', 'S3')_t3_min: 63741
	F38_('S3', 'S2')_t5_max: 270
	F19_('S4', 'S3')_t3_min: 14126
	F8_('E3', 'S3')_t4_min: 63741
	F36_('S3', 'E3')_t3_min: 14186
	F10_('S2', 'S3')_t3_min: 100
	F7_('E4', 'S4')_t5_min: 54312
	F3_('S3', 'E3')_t5_max: 6440
	F7_('S3', 'E3')_t3_min: 54319
	F8_('S4', 'E4')_t4_max: 63805
	F35_('S3', 'E3')_t5_max: 6228
	F19_('S3', 'S2')_t5_min: 14137
	F2_('E5', 'S5')_t4_min: 1
	F6_('E1', 'S1')_t4_max: 15917
	F29_('S2', 'S3')_tb: 4181
	F28_('E5', 'S5')_tb: 116063
	F19_('S3', 'S2')_t3_min: 14135
	F38_('S3', 'S2')_tb: 204
	F6_('E1', 'S1')_t3_min: 15917
	F37_('S2', 'S1')_tb: 14393
	F11_('S1', 'S2')_t5_max: 98464
	F12_('S2', 'E2')_t5_max: 8147
	F18_('S5', 'S4')_t3_min: 15681
	F34_('E2', 'S2')_t3_min: 329
	F20_('S4', 'S5')_t5_min: 31901
	F27_('S4', 'E4')_t4_max: 7759
	F18_('E5', 'S5')_tb: 15667
	F18_('E5', 'S5')_t5_min: 15679
	F7_('S3', 'E3')_t3_max: 54342
	F39_('S4', 'S3')_t5_min: 140
	F9_('S3', 'E3')_tb: 2272
	F37_('S2', 'S1')_t3_min: 14393
	F36_('S4', 'S3')_t3_max: 14182
	F25_('E3', 'S3')_t5_min: 127864
	F34_('S3', 'S4')_t5_min: 358
	F12_('S3', 'S2')_t5_max: 8120
	F39_('S3', 'E3')_tb: 142
	F0_('S2', 'S1')_t5_max: 19689
	F6_('S2', 'S3')_t3_min: 15932
	F11_('S1', 'S2')_t3_min: 98445
	F34_('S3', 'S4')_t5_max: 358
	F15_('S2', 'S3')_t3_min: 7
	F2_('S5', 'S4')_t5_min: 22
	F28_('S1', 'E1')_t3_min: 116182
	F8_('S3', 'S4')_t5_min: 63767
	F23_('E4', 'S4')_t5_max: 2395
	F29_('S2', 'S3')_t3_min: 4181
	('S4', 'E4')_gcl_length: 0
	F7_('S3', 'E3')_t4_max: 54355
	('S3', 'S2')_gcl_length: 204
	F28_('E5', 'S5')_t5_max: 116073
	F14_('E5', 'S5')_t3_min: 127791
	F38_('S5', 'S4')_t5_max: 206
	F27_('E5', 'S5')_tb: 7701
	F10_('S3', 'E3')_tb: 133
	F17_('S3', 'S4')_t5_min: 7918
	F7_('S4', 'S3')_t5_min: 54317
	F38_('S1', 'E1')_t3_min: 291
	F33_('E1', 'S1')_t5_min: 62194
	F25_('S1', 'E1')_t4_max: 127931
	F21_('S3', 'S4')_t3_min: 65
	F13_('E1', 'S1')_t4_min: 2260
	F11_('E1', 'S1')_t3_min: 98442
	F21_('E1', 'S1')_t4_min: 26
	F2_('S2', 'E2')_t3_max: 83
	F4_('S1', 'E1')_t3_min: 3727
	F34_('S4', 'S5')_tb: 365
	F38_('S1', 'E1')_t5_max: 321
	F36_('S5', 'S4')_t5_min: 14157
	F18_('E5', 'S5')_t5_max: 15679
	F7_('S3', 'E3')_t5_min: 54322
	F11_('E1', 'S1')_t4_max: 98442
	F38_('S3', 'S2')_t5_min: 216
	F39_('S3', 'E3')_t3_min: 142
	F11_('S1', 'S2')_t5_min: 98446
