0. Flow F0 [E1-->E2] with period 32000, payload 897B, e2e delay 32000us, jitter 3200us
	('E1', 'S1'), Operation(30068, None, 30076)(30068, 30068)
	('S1', 'S2'), Operation(30078, None, 30104)(30078, 30096)
	('S2', 'E2'), Operation(30088, None, 30132)(30088, 30124)
1. Flow F1 [E2-->E4] with period 4000, payload 428B, e2e delay 4000us, jitter 400us
	('E2', 'S2'), Operation(3923, None, 3927)(3923, 3923)
	('S2', 'S3'), Operation(3929, None, 3951)(3929, 3947)
	('S3', 'S4'), Operation(3935, None, 3975)(3935, 3971)
	('S4', 'E4'), Operation(3941, None, 3999)(3941, 3995)
2. Flow F2 [E5-->E1] with period 16000, payload 685B, e2e delay 16000us, jitter 1600us
	('E5', 'S5'), Operation(14018, None, 14024)(14018, 14018)
	('S5', 'S4'), Operation(14026, None, 14050)(14026, 14044)
	('S4', 'S3'), Operation(14034, 14057, 14063)(14057, 14057)
	('S3', 'S2'), Operation(14065, None, 14089)(14065, 14083)
	('S2', 'S1'), Operation(14073, 14096, 14102)(14096, 14096)
	('S1', 'E1'), Operation(14104, None, 14128)(14104, 14122)
3. Flow F3 [E4-->E5] with period 128000, payload 510B, e2e delay 128000us, jitter 12800us
	('E4', 'S4'), Operation(41893, None, 41898)(41893, 41893)
	('S4', 'S5'), Operation(41900, 41919, 41924)(41919, 41919)
	('S5', 'E5'), Operation(41926, None, 41949)(41926, 41944)
4. Flow F4 [E3-->E1] with period 32000, payload 1102B, e2e delay 32000us, jitter 3200us
	('E3', 'S3'), Operation(15635, None, 15644)(15635, 15635)
	('S3', 'S2'), Operation(15646, 15663, 15672)(15663, 15663)
	('S2', 'S1'), Operation(15674, 15691, 15700)(15691, 15691)
	('S1', 'E1'), Operation(15702, None, 15729)(15702, 15720)
5. Flow F5 [E1-->E2] with period 4000, payload 153B, e2e delay 4000us, jitter 400us
	('E1', 'S1'), Operation(1975, None, 1977)(1975, 1975)
	('S1', 'S2'), Operation(1979, 1984, 1986)(1984, 1984)
	('S2', 'E2'), Operation(1988, None, 2008)(1988, 2006)
6. Flow F6 [E4-->E5] with period 16000, payload 972B, e2e delay 16000us, jitter 1600us
	('E4', 'S4'), Operation(9861, None, 9869)(9861, 9861)
	('S4', 'S5'), Operation(9871, None, 9897)(9871, 9889)
	('S5', 'E5'), Operation(9881, None, 9925)(9881, 9917)
7. Flow F7 [E4-->E1] with period 64000, payload 1406B, e2e delay 64000us, jitter 6400us
	('E4', 'S4'), Operation(41848, None, 41860)(41848, 41848)
	('S4', 'S3'), Operation(41862, None, 41892)(41862, 41880)
	('S3', 'S2'), Operation(41876, None, 41924)(41876, 41912)
	('S2', 'S1'), Operation(41890, None, 41956)(41890, 41944)
	('S1', 'E1'), Operation(41904, None, 41988)(41904, 41976)
8. Flow F8 [E3-->E2] with period 2000, payload 303B, e2e delay 2000us, jitter 200us
	('E3', 'S3'), Operation(38, None, 41)(38, 38)
	('S3', 'S2'), Operation(43, None, 64)(43, 61)
	('S2', 'E2'), Operation(48, None, 87)(48, 84)
9. Flow F9 [E4-->E1] with period 64000, payload 948B, e2e delay 64000us, jitter 6400us
	('E4', 'S4'), Operation(63815, None, 63823)(63815, 63815)
	('S4', 'S3'), Operation(63825, 63842, 63850)(63842, 63842)
	('S3', 'S2'), Operation(63852, 63868, 63876)(63868, 63868)
	('S2', 'S1'), Operation(63878, 63894, 63902)(63894, 63894)
	('S1', 'E1'), Operation(63904, None, 63930)(63904, 63922)
10. Flow F10 [E5-->E2] with period 32000, payload 883B, e2e delay 32000us, jitter 3200us
	('E5', 'S5'), Operation(31617, None, 31625)(31617, 31617)
	('S5', 'S4'), Operation(31627, None, 31653)(31627, 31645)
	('S4', 'S3'), Operation(31637, None, 31681)(31637, 31673)
	('S3', 'S2'), Operation(31647, None, 31709)(31647, 31701)
	('S2', 'E2'), Operation(31657, None, 31737)(31657, 31729)
11. Flow F11 [E1-->E4] with period 128000, payload 977B, e2e delay 128000us, jitter 12800us
	('E1', 'S1'), Operation(89943, None, 89951)(89943, 89943)
	('S1', 'S2'), Operation(89953, 89970, 89978)(89970, 89970)
	('S2', 'S3'), Operation(89980, 91514, 91522)(91514, 91514)
	('S3', 'S4'), Operation(91524, None, 91550)(91524, 91542)
	('S4', 'E4'), Operation(91534, None, 91578)(91534, 91570)
12. Flow F12 [E3-->E1] with period 64000, payload 1112B, e2e delay 64000us, jitter 6400us
	('E3', 'S3'), Operation(63759, None, 63768)(63759, 63759)
	('S3', 'S2'), Operation(63770, 63775, 63784)(63775, 63775)
	('S2', 'S1'), Operation(63786, None, 63813)(63786, 63804)
	('S1', 'E1'), Operation(63797, None, 63842)(63797, 63833)
13. Flow F13 [E4-->E5] with period 4000, payload 1254B, e2e delay 4000us, jitter 400us
	('E4', 'S4'), Operation(3926, None, 3937)(3926, 3926)
	('S4', 'S5'), Operation(3939, None, 3968)(3939, 3957)
	('S5', 'E5'), Operation(3952, None, 3999)(3952, 3988)
14. Flow F14 [E3-->E1] with period 2000, payload 727B, e2e delay 2000us, jitter 200us
	('E3', 'S3'), Operation(1819, None, 1825)(1819, 1819)
	('S3', 'S2'), Operation(1827, None, 1851)(1827, 1845)
	('S2', 'S1'), Operation(1835, None, 1877)(1835, 1871)
	('S1', 'E1'), Operation(1843, None, 1903)(1843, 1897)
15. Flow F15 [E1-->E5] with period 64000, payload 1496B, e2e delay 64000us, jitter 6400us
	('E1', 'S1'), Operation(25709, None, 25721)(25709, 25709)
	('S1', 'S2'), Operation(25723, 25740, 25752)(25740, 25740)
	('S2', 'S3'), Operation(25754, None, 25784)(25754, 25772)
	('S3', 'S4'), Operation(25768, None, 25816)(25768, 25804)
	('S4', 'S5'), Operation(25782, None, 25848)(25782, 25836)
	('S5', 'E5'), Operation(25796, None, 25880)(25796, 25868)
16. Flow F16 [E1-->E5] with period 8000, payload 999B, e2e delay 8000us, jitter 800us
	('E1', 'S1'), Operation(1917, None, 1925)(1917, 1917)
	('S1', 'S2'), Operation(1927, 1944, 1952)(1944, 1944)
	('S2', 'S3'), Operation(1954, 1971, 1979)(1971, 1971)
	('S3', 'S4'), Operation(1981, None, 2007)(1981, 1999)
	('S4', 'S5'), Operation(1991, None, 2035)(1991, 2027)
	('S5', 'E5'), Operation(2001, None, 2063)(2001, 2055)
17. Flow F17 [E3-->E5] with period 32000, payload 450B, e2e delay 32000us, jitter 3200us
	('E3', 'S3'), Operation(31901, None, 31905)(31901, 31901)
	('S3', 'S4'), Operation(31907, 31912, 31916)(31912, 31912)
	('S4', 'S5'), Operation(31918, 31923, 31927)(31923, 31923)
	('S5', 'E5'), Operation(31929, None, 31951)(31929, 31947)
18. Flow F18 [E1-->E3] with period 8000, payload 943B, e2e delay 8000us, jitter 800us
	('E1', 'S1'), Operation(3503, None, 3511)(3503, 3503)
	('S1', 'S2'), Operation(3513, None, 3539)(3513, 3531)
	('S2', 'S3'), Operation(3523, None, 3567)(3523, 3559)
	('S3', 'E3'), Operation(3533, None, 3595)(3533, 3587)
19. Flow F19 [E2-->E1] with period 128000, payload 1300B, e2e delay 128000us, jitter 12800us
	('E2', 'S2'), Operation(73694, None, 73705)(73694, 73694)
	('S2', 'S1'), Operation(73707, 73712, 73723)(73712, 73712)
	('S1', 'E1'), Operation(73725, None, 73754)(73725, 73743)
20. Flow F20 [E4-->E5] with period 128000, payload 1296B, e2e delay 128000us, jitter 12800us
	('E4', 'S4'), Operation(9820, None, 9831)(9820, 9820)
	('S4', 'S5'), Operation(9833, 9838, 9849)(9838, 9838)
	('S5', 'E5'), Operation(9851, None, 9880)(9851, 9869)
21. Flow F21 [E5-->E1] with period 4000, payload 267B, e2e delay 4000us, jitter 400us
	('E5', 'S5'), Operation(3661, None, 3664)(3661, 3661)
	('S5', 'S4'), Operation(3666, 3683, 3686)(3683, 3683)
	('S4', 'S3'), Operation(3688, 3705, 3708)(3705, 3705)
	('S3', 'S2'), Operation(3710, 3715, 3718)(3715, 3715)
	('S2', 'S1'), Operation(3720, 3725, 3728)(3725, 3725)
	('S1', 'E1'), Operation(3730, None, 3751)(3730, 3748)
22. Flow F22 [E3-->E5] with period 128000, payload 370B, e2e delay 128000us, jitter 12800us
	('E3', 'S3'), Operation(91498, None, 91501)(91498, 91498)
	('S3', 'S4'), Operation(91503, 91520, 91523)(91520, 91520)
	('S4', 'S5'), Operation(91525, 91542, 91545)(91542, 91542)
	('S5', 'E5'), Operation(91547, None, 91568)(91547, 91565)
23. Flow F23 [E2-->E5] with period 16000, payload 1065B, e2e delay 16000us, jitter 1600us
	('E2', 'S2'), Operation(9887, None, 9896)(9887, 9887)
	('S2', 'S3'), Operation(9898, 9903, 9912)(9903, 9903)
	('S3', 'S4'), Operation(9914, None, 9941)(9914, 9932)
	('S4', 'S5'), Operation(9925, 9962, 9971)(9962, 9962)
	('S5', 'E5'), Operation(9973, None, 10000)(9973, 9991)
24. Flow F24 [E4-->E1] with period 4000, payload 408B, e2e delay 4000us, jitter 400us
	('E4', 'S4'), Operation(3735, None, 3739)(3735, 3735)
	('S4', 'S3'), Operation(3741, 3746, 3750)(3746, 3746)
	('S3', 'S2'), Operation(3752, 3757, 3761)(3757, 3757)
	('S2', 'S1'), Operation(3763, 3768, 3772)(3768, 3768)
	('S1', 'E1'), Operation(3774, None, 3796)(3774, 3792)
25. Flow F25 [E3-->E1] with period 4000, payload 572B, e2e delay 4000us, jitter 400us
	('E3', 'S3'), Operation(1775, None, 1780)(1775, 1775)
	('S3', 'S2'), Operation(1782, 1787, 1792)(1787, 1787)
	('S2', 'S1'), Operation(1794, None, 1817)(1794, 1812)
	('S1', 'E1'), Operation(1801, None, 1842)(1801, 1837)
26. Flow F26 [E3-->E5] with period 8000, payload 1230B, e2e delay 8000us, jitter 800us
	('E3', 'S3'), Operation(3446, None, 3456)(3446, 3446)
	('S3', 'S4'), Operation(3458, None, 3486)(3458, 3476)
	('S4', 'S5'), Operation(3470, None, 3516)(3470, 3506)
	('S5', 'E5'), Operation(3482, None, 3546)(3482, 3536)
27. Flow F27 [E3-->E1] with period 4000, payload 453B, e2e delay 4000us, jitter 400us
	('E3', 'S3'), Operation(3896, None, 3900)(3896, 3896)
	('S3', 'S2'), Operation(3902, 3919, 3923)(3919, 3919)
	('S2', 'S1'), Operation(3925, None, 3947)(3925, 3943)
	('S1', 'E1'), Operation(3931, None, 3971)(3931, 3967)
28. Flow F28 [E2-->E1] with period 4000, payload 1005B, e2e delay 4000us, jitter 400us
	('E2', 'S2'), Operation(1733, None, 1742)(1733, 1733)
	('S2', 'S1'), Operation(1744, None, 1771)(1744, 1762)
	('S1', 'E1'), Operation(1755, None, 1800)(1755, 1791)
29. Flow F29 [E5-->E4] with period 16000, payload 1105B, e2e delay 16000us, jitter 1600us
	('E5', 'S5'), Operation(15589, None, 15598)(15589, 15589)
	('S5', 'S4'), Operation(15600, 15617, 15626)(15617, 15617)
	('S4', 'E4'), Operation(15628, None, 15655)(15628, 15646)
30. Flow F30 [E5-->E4] with period 128000, payload 911B, e2e delay 128000us, jitter 12800us
	('E5', 'S5'), Operation(127576, None, 127584)(127576, 127576)
	('S5', 'S4'), Operation(127586, 127591, 127599)(127591, 127591)
	('S4', 'E4'), Operation(127601, None, 127627)(127601, 127619)
31. Flow F31 [E4-->E5] with period 128000, payload 1441B, e2e delay 128000us, jitter 12800us
	('E4', 'S4'), Operation(123519, None, 123531)(123519, 123519)
	('S4', 'S5'), Operation(123533, None, 123563)(123533, 123551)
	('S5', 'E5'), Operation(123547, None, 123595)(123547, 123583)
32. Flow F32 [E3-->E2] with period 128000, payload 685B, e2e delay 128000us, jitter 12800us
	('E3', 'S3'), Operation(123439, None, 123445)(123439, 123439)
	('S3', 'S2'), Operation(123447, None, 123471)(123447, 123465)
	('S2', 'E2'), Operation(123455, None, 123497)(123455, 123491)
33. Flow F33 [E2-->E5] with period 8000, payload 876B, e2e delay 8000us, jitter 800us
	('E2', 'S2'), Operation(1, None, 9)(1, 1)
	('S2', 'S3'), Operation(11, 28, 36)(28, 28)
	('S3', 'S4'), Operation(38, None, 64)(38, 56)
	('S4', 'S5'), Operation(48, None, 92)(48, 84)
	('S5', 'E5'), Operation(58, None, 120)(58, 112)
34. Flow F34 [E4-->E5] with period 128000, payload 1093B, e2e delay 128000us, jitter 12800us
	('E4', 'S4'), Operation(91415, None, 91424)(91415, 91415)
	('S4', 'S5'), Operation(91426, 91443, 91452)(91443, 91443)
	('S5', 'E5'), Operation(91454, None, 91481)(91454, 91472)
35. Flow F35 [E2-->E1] with period 16000, payload 340B, e2e delay 16000us, jitter 1600us
	('E2', 'S2'), Operation(11725, None, 11728)(11725, 11725)
	('S2', 'S1'), Operation(11730, 11747, 11750)(11747, 11747)
	('S1', 'E1'), Operation(11752, None, 11773)(11752, 11770)
36. Flow F36 [E1-->E2] with period 64000, payload 249B, e2e delay 64000us, jitter 6400us
	('E1', 'S1'), Operation(62001, None, 62003)(62001, 62001)
	('S1', 'S2'), Operation(62005, None, 62025)(62005, 62023)
	('S2', 'E2'), Operation(62009, None, 62047)(62009, 62045)
37. Flow F37 [E5-->E3] with period 4000, payload 778B, e2e delay 4000us, jitter 400us
	('E5', 'S5'), Operation(3376, None, 3383)(3376, 3376)
	('S5', 'S4'), Operation(3385, 3578, 3585)(3578, 3578)
	('S4', 'S3'), Operation(3587, None, 3612)(3587, 3605)
	('S3', 'E3'), Operation(3596, None, 3639)(3596, 3632)
38. Flow F38 [E2-->E4] with period 16000, payload 875B, e2e delay 16000us, jitter 1600us
	('E2', 'S2'), Operation(3559, None, 3566)(3559, 3559)
	('S2', 'S3'), Operation(3568, None, 3593)(3568, 3586)
	('S3', 'S4'), Operation(3577, None, 3620)(3577, 3613)
	('S4', 'E4'), Operation(3586, None, 3647)(3586, 3640)
39. Flow F39 [E5-->E2] with period 2000, payload 1441B, e2e delay 2000us, jitter 200us
	('E5', 'S5'), Operation(1340, None, 1352)(1340, 1340)
	('S5', 'S4'), Operation(1354, None, 1384)(1354, 1372)
	('S4', 'S3'), Operation(1368, 1391, 1403)(1391, 1391)
	('S3', 'S2'), Operation(1405, 1410, 1422)(1410, 1410)
	('S2', 'E2'), Operation(1424, None, 1454)(1424, 1442)

SMT variables: 
	F32_jitter: 36
	F8_('S3', 'S2')_t3_min: 43
	F2_('S3', 'S2')_tb: 14065
	F10_('E5', 'S5')_t3_min: 31617
	F15_('S5', 'E5')_rr: 0
	F3_('E4', 'S4')_t4_min: 41893
	('S4', 'S3')_gcl_cycle: 64000
	F27_('S3', 'S2')_gc: True
	F16_('S1', 'S2')_t4_min: 1944
	F7_queue_index: 0
	F3_('S4', 'S5')_gc: True
	F3_('E4', 'S4')_t5_max: 41898
	F3_('S4', 'S5')_t3_min: 41900
	F2_('S2', 'S1')_t4_min: 14096
	F11_('S4', 'E4')_t5_max: 91578
	F9_('S1', 'E1')_rr: 0
	F2_('S5', 'S4')_gc: False
	F17_('E3', 'S3')_rr: 0
	F9_('E4', 'S4')_t5_max: 63823
	F38_('S4', 'E4')_t5_min: 3593
	F9_('S2', 'S1')_rr: 2
	F28_('S2', 'S1')_t4_min: 1744
	F22_queue_index: 0
	F16_('S2', 'S3')_t4_max: 1971
	F7_('E4', 'S4')_rr: 0
	F24_('S3', 'S2')_t4_max: 3757
	F37_('S3', 'E3')_gc: False
	F28_('S2', 'S1')_tb: 1744
	F0_('E1', 'S1')_gc: False
	F7_('S4', 'S3')_rr: 0
	F38_('S4', 'E4')_tb: 3586
	F29_('S5', 'S4')_gc: True
	F5_('S1', 'S2')_t4_min: 1984
	F16_('E1', 'S1')_t3_max: 1904
	F25_('S2', 'S1')_t4_max: 1812
	F9_('S3', 'S2')_t4_min: 63868
	F34_('S4', 'S5')_gc: True
	F5_('E1', 'S1')_t3_max: 1962
	F0_('S1', 'S2')_gc: False
	F2_('S1', 'E1')_tb: 14104
	F7_('E4', 'S4')_t3_max: 41835
	F11_('S4', 'E4')_rr: 0
	F34_('S5', 'E5')_rr: 0
	F10_('S3', 'S2')_t4_min: 31647
	F12_('S3', 'S2')_rr: 1
	F13_jitter: 36
	F1_jitter: 54
	F24_('S4', 'S3')_t4_max: 3746
	F26_('S3', 'S4')_tb: 3458
	F20_('S4', 'S5')_t4_max: 9838
	F6_('E4', 'S4')_rr: 0
	F15_jitter: 72
	F14_('S3', 'S2')_t4_min: 1827
	F24_('S4', 'S3')_rr: 16
	F18_('S3', 'E3')_gc: False
	F12_('S1', 'E1')_t4_min: 63797
	F10_('S2', 'E2')_gc: False
	F29_('E5', 'S5')_gc: False
	F17_('S3', 'S4')_t3_max: 31912
	F6_queue_index: 0
	F7_('E4', 'S4')_gc: False
	F8_('S3', 'S2')_t3_max: 48
	F37_('S5', 'S4')_rr: 32
	F10_('S2', 'E2')_t4_max: 31729
	F26_('S4', 'S5')_t4_max: 3506
	F37_('S3', 'E3')_t4_max: 3632
	F11_('S2', 'S3')_rr: 1
	F27_('E3', 'S3')_gc: False
	F26_('S3', 'S4')_t3_max: 3463
	F11_('E1', 'S1')_t4_min: 89943
	F25_('E3', 'S3')_rr: 0
	F16_('S3', 'S4')_t4_max: 1999
	F37_('E5', 'S5')_t3_max: 3363
	('E2', 'S2')_gcl_cycle: 1
	F25_('S1', 'E1')_t4_min: 1801
	F7_('S2', 'S1')_t4_min: 41890
	F16_('S1', 'S2')_gc: True
	('S2', 'E2')_gcl_cycle: 1
	F28_('S2', 'S1')_t4_max: 1762
	F24_('S4', 'S3')_t4_min: 3746
	F6_('E4', 'S4')_t5_max: 9869
	F29_('S5', 'S4')_t4_min: 15617
	F11_('S2', 'S3')_t4_max: 91514
	F11_('S2', 'S3')_t4_min: 91514
	F16_('S3', 'S4')_t3_min: 1981
	F35_('S1', 'E1')_gc: False
	F0_('S1', 'S2')_rr: 0
	F4_('E3', 'S3')_t3_max: 15622
	F23_('S2', 'S3')_rr: 8
	F16_('S3', 'S4')_gc: False
	F33_('S4', 'S5')_t4_max: 84
	F39_('S2', 'E2')_rr: 0
	('S3', 'E3')_gcl_cycle: 1
	F28_('S2', 'S1')_gc: False
	F17_('S3', 'S4')_rr: 4
	F4_('S2', 'S1')_gc: True
	F32_('E3', 'S3')_gc: False
	F11_('S1', 'S2')_rr: 1
	F9_('S3', 'S2')_t4_max: 63868
	F23_('E2', 'S2')_gc: False
	F34_('S5', 'E5')_t3_max: 91459
	F25_('S2', 'S1')_rr: 0
	F21_('S1', 'E1')_t4_min: 3730
	F18_('S1', 'S2')_t4_max: 3531
	F24_('S4', 'S3')_t5_min: 3750
	F8_('S3', 'S2')_gc: False
	F3_('S4', 'S5')_t3_max: 41905
	F3_('E4', 'S4')_t5_min: 41898
	F11_('S1', 'S2')_gc: True
	F21_('S2', 'S1')_gc: True
	F28_jitter: 36
	F37_('S4', 'S3')_t4_min: 3587
	F8_('S3', 'S2')_rr: 0
	F13_('S4', 'S5')_rr: 0
	F16_('S5', 'E5')_gc: False
	F6_('S4', 'S5')_t4_min: 9871
	F13_('S4', 'S5')_t3_max: 3944
	F16_('S3', 'S4')_rr: 0
	F2_('E5', 'S5')_gc: False
	F13_('S4', 'S5')_t4_max: 3957
	F25_('S3', 'S2')_t3_max: 1787
	F20_('S4', 'S5')_tb: 9838
	F16_('S2', 'S3')_gc: True
	F9_('S1', 'E1')_t4_min: 63904
	F5_('S1', 'S2')_gc: True
	F27_('S2', 'S1')_t5_max: 3947
	F23_('S2', 'S3')_t4_max: 9903
	F9_('S3', 'S2')_rr: 1
	F39_('S2', 'E2')_gc: False
	F14_('S2', 'S1')_rr: 0
	F37_('S5', 'S4')_t3_max: 3390
	F33_('S4', 'S5')_rr: 0
	F27_('E3', 'S3')_rr: 0
	F38_('S3', 'S4')_rr: 0
	F30_('S5', 'S4')_rr: 1
	F4_('S2', 'S1')_rr: 4
	F1_('S2', 'S3')_t3_max: 3934
	F38_('S2', 'S3')_gc: False
	F37_('S4', 'S3')_gc: False
	F26_('S3', 'S4')_t4_max: 3476
	F18_('S2', 'S3')_t5_min: 3531
	F23_('S5', 'E5')_rr: 0
	F6_('S4', 'S5')_t3_max: 9876
	F36_('S1', 'S2')_t3_max: 62010
	F3_('S4', 'S5')_t5_max: 41924
	F2_('S5', 'S4')_t3_min: 14026
	F31_('S4', 'S5')_t4_min: 123533
	F18_('S3', 'E3')_rr: 0
	F14_('S3', 'S2')_rr: 0
	F21_('E5', 'S5')_t5_min: 3664
	F24_('E4', 'S4')_gc: False
	F22_('S4', 'S5')_gc: True
	F38_queue_index: 0
	F27_('S3', 'S2')_rr: 16
	F23_queue_index: 0
	F37_('S5', 'S4')_t4_max: 3578
	('E1', 'S1')_gcl_cycle: 1
	F11_('E1', 'S1')_gc: False
	F15_('S5', 'E5')_t4_min: 25796
	F6_('S4', 'S5')_gc: False
	F18_jitter: 54
	F21_('S4', 'S3')_t4_min: 3705
	F26_('S3', 'S4')_t4_min: 3458
	('S1', 'S2')_gcl_cycle: 128000
	F16_('S4', 'S5')_t5_max: 2035
	F26_('E3', 'S3')_t4_min: 3446
	F2_('S1', 'E1')_t4_min: 14104
	F25_('S3', 'S2')_t4_max: 1787
	F16_('S2', 'S3')_t5_min: 1979
	F11_('E1', 'S1')_t3_max: 89930
	F27_('S2', 'S1')_rr: 0
	F31_('S4', 'S5')_gc: False
	F10_('S4', 'S3')_gc: False
	F31_('S4', 'S5')_t4_max: 123551
	F24_('S3', 'S2')_t3_min: 3752
	F15_('S5', 'E5')_gc: False
	F19_('S2', 'S1')_t4_min: 73712
	F37_('S5', 'S4')_t4_min: 3578
	F9_('S1', 'E1')_gc: False
	F11_('S3', 'S4')_t4_min: 91524
	F18_('S3', 'E3')_t4_min: 3533
	F7_('S3', 'S2')_t4_min: 41876
	F30_('E5', 'S5')_t3_max: 127563
	F30_('E5', 'S5')_rr: 0
	F14_('S2', 'S1')_gc: False
	F16_('S5', 'E5')_rr: 0
	F21_jitter: 18
	F1_('E2', 'S2')_gc: False
	F19_('S1', 'E1')_t4_min: 73725
	F4_('S2', 'S1')_t4_min: 15691
	F22_('S3', 'S4')_rr: 1
	F24_('S2', 'S1')_gc: True
	F29_('S5', 'S4')_t5_max: 15626
	F20_('S5', 'E5')_t4_min: 9851
	F11_queue_index: 0
	F14_('S1', 'E1')_t4_min: 1843
	F2_('S2', 'S1')_t4_max: 14096
	F9_('S3', 'S2')_gc: True
	F6_('S5', 'E5')_rr: 0
	F2_('S3', 'S2')_rr: 0
	F18_('S1', 'S2')_rr: 0
	F23_('S2', 'S3')_gc: True
	F26_('S3', 'S4')_gc: False
	F15_queue_index: 0
	F26_jitter: 54
	F18_('S3', 'E3')_t3_min: 3533
	F7_('S1', 'E1')_rr: 0
	F29_('E5', 'S5')_rr: 0
	F15_('S1', 'S2')_t3_max: 25728
	F18_('S2', 'S3')_t4_min: 3523
	F3_('S5', 'E5')_gc: False
	F2_('S4', 'S3')_rr: 4
	('S1', 'E1')_gcl_cycle: 1
	F2_('S5', 'S4')_t3_max: 14031
	F23_('S5', 'E5')_t4_min: 9973
	F22_('S5', 'E5')_t3_max: 91552
	F21_('S3', 'S2')_t4_max: 3715
	F26_('S5', 'E5')_t4_min: 3482
	F12_queue_index: 0
	F30_jitter: 18
	F14_('S2', 'S1')_t4_min: 1835
	F20_jitter: 18
	F3_('S4', 'S5')_t4_min: 41919
	F8_('E3', 'S3')_t3_max: 25
	F10_jitter: 72
	F33_('S2', 'S3')_rr: 16
	F1_('S4', 'E4')_rr: 0
	F7_('S2', 'S1')_gc: False
	F23_('S4', 'S5')_t4_min: 9962
	F16_('E1', 'S1')_t4_min: 1917
	F21_('S5', 'S4')_t3_max: 3671
	F28_('S1', 'E1')_rr: 0
	F39_jitter: 18
	F31_('E4', 'S4')_rr: 0
	F33_('S4', 'S5')_gc: False
	F14_('E3', 'S3')_rr: 0
	F20_('S5', 'E5')_rr: 0
	F29_jitter: 18
	F15_('S3', 'S4')_gc: False
	F33_queue_index: 0
	F24_('E4', 'S4')_t3_max: 3722
	F6_('S4', 'S5')_t4_max: 9889
	F26_('E3', 'S3')_t3_max: 3433
	F9_jitter: 18
	F0_queue_index: 0
	F16_queue_index: 0
	F15_('S1', 'S2')_t5_min: 25752
	F2_('S3', 'S2')_gc: False
	F7_('S4', 'S3')_gc: False
	F4_('S1', 'E1')_t5_max: 15729
	F10_('S2', 'E2')_rr: 0
	F15_('S2', 'S3')_t4_min: 25754
	F37_('S3', 'E3')_t4_min: 3596
	F33_('S5', 'E5')_gc: False
	F35_('S1', 'E1')_rr: 0
	F2_('S2', 'S1')_t3_max: 14096
	F21_('S5', 'S4')_rr: 32
	F34_('E4', 'S4')_gc: False
	F24_('S2', 'S1')_t4_min: 3768
	F37_('S5', 'S4')_gc: True
	F1_('S3', 'S4')_t3_max: 3958
	F26_('S4', 'S5')_t3_min: 3470
	F6_('S5', 'E5')_t4_min: 9881
	F24_('S1', 'E1')_rr: 0
	F30_('E5', 'S5')_t5_min: 127584
	F10_('E5', 'S5')_rr: 0
	F16_('E1', 'S1')_rr: 0
	F39_('S3', 'S2')_rr: 32
	('E3', 'S3')_gcl_cycle: 1
	F24_jitter: 18
	F0_('S1', 'S2')_t4_min: 30078
	F26_('S4', 'S5')_rr: 0
	F9_('S4', 'S3')_t4_min: 63842
	F33_('E2', 'S2')_t3_max: -12
	F19_('E2', 'S2')_t3_max: 73681
	F15_('S1', 'S2')_t4_min: 25740
	F35_('S2', 'S1')_t5_min: 11750
	F31_('S4', 'S5')_t3_min: 123533
	F29_('S4', 'E4')_t4_min: 15628
	F35_('S2', 'S1')_t4_max: 11747
	F7_jitter: 72
	F10_('S5', 'S4')_t3_max: 31632
	F25_('S2', 'S1')_t3_min: 1794
	F2_queue_index: 0
	F16_('S1', 'S2')_t4_max: 1944
	F36_('S2', 'E2')_t4_min: 62009
	('S2', 'S1')_gcl_cycle: 128000
	F34_('S4', 'S5')_rr: 1
	F10_('S5', 'S4')_rr: 0
	F6_('S4', 'S5')_rr: 0
	F29_('S4', 'E4')_rr: 0
	F2_('S2', 'S1')_tb: 14096
	F24_('S3', 'S2')_rr: 16
	F22_('S3', 'S4')_t4_min: 91520
	F33_('S2', 'S3')_t3_max: 16
	F39_('S5', 'S4')_t4_min: 1354
	F34_jitter: 18
	F2_('S3', 'S2')_t4_max: 14083
	F39_('S5', 'S4')_t3_max: 1359
	F18_('E1', 'S1')_t3_max: 3490
	F18_('S2', 'S3')_gc: False
	F17_('S5', 'E5')_t4_min: 31929
	F11_('E1', 'S1')_rr: 0
	F0_('S2', 'E2')_rr: 0
	F12_('S2', 'S1')_t3_max: 63791
	F14_('E3', 'S3')_t3_max: 1806
	F9_('S2', 'S1')_gc: True
	F33_('S2', 'S3')_t4_min: 28
	F4_('E3', 'S3')_gc: False
	F13_('S4', 'S5')_tb: 3939
	F38_('S3', 'S4')_t4_max: 3613
	F25_jitter: 36
	F17_('S3', 'S4')_t4_min: 31912
	F31_('S5', 'E5')_t4_min: 123547
	F21_queue_index: 0
	F22_('E3', 'S3')_rr: 0
	F6_('E4', 'S4')_t3_max: 9848
	F9_('E4', 'S4')_gc: False
	F13_('E4', 'S4')_t4_max: 3926
	F28_('E2', 'S2')_gc: False
	F10_('S4', 'S3')_t4_max: 31673
	F7_('S1', 'E1')_gc: False
	F24_('S3', 'S2')_t4_min: 3757
	F32_('S2', 'E2')_gc: False
	F33_('S4', 'S5')_t5_max: 92
	F15_('S1', 'S2')_gc: True
	F34_('S5', 'E5')_t3_min: 91454
	F22_('S5', 'E5')_rr: 0
	F34_('E4', 'S4')_rr: 0
	F12_('S2', 'S1')_t4_min: 63786
	F35_('S2', 'S1')_t4_min: 11747
	F38_('S2', 'S3')_t3_max: 3573
	F35_jitter: 18
	F16_('E1', 'S1')_gc: False
	F5_('S2', 'E2')_rr: 0
	F24_('S2', 'S1')_rr: 32
	F14_jitter: 54
	F33_('S3', 'S4')_gc: False
	F24_('S3', 'S2')_gc: True
	F33_('S3', 'S4')_rr: 0
	F22_('E3', 'S3')_gc: False
	F21_('S5', 'S4')_gc: True
	F14_('S3', 'S2')_t3_max: 1832
	F7_('E4', 'S4')_t4_min: 41848
	F16_('S4', 'S5')_rr: 0
	F32_('E3', 'S3')_t3_max: 123426
	F35_('S2', 'S1')_gc: True
	F38_jitter: 54
	F33_('S4', 'S5')_t4_min: 48
	F7_('S3', 'S2')_rr: 0
	F15_('S2', 'S3')_t4_max: 25772
	F39_('S3', 'S2')_t4_max: 1410
	F35_('E2', 'S2')_t5_min: 11728
	('E4', 'S4')_gcl_cycle: 1
	F32_('E3', 'S3')_rr: 0
	F19_('S2', 'S1')_gc: True
	F22_('E3', 'S3')_t3_min: 91498
	F30_('S5', 'S4')_gc: True
	F9_('S1', 'E1')_t3_max: 63909
	F17_('E3', 'S3')_t4_max: 31901
	F10_('S5', 'S4')_t4_max: 31645
	F27_('S1', 'E1')_t4_min: 3931
	F3_jitter: 18
	F27_queue_index: 0
	F14_('S2', 'S1')_t3_max: 1858
	F19_('E2', 'S2')_t4_min: 73694
	F5_('S1', 'S2')_t3_max: 1984
	F1_('S3', 'S4')_t5_min: 3939
	F31_('S4', 'S5')_t3_max: 123538
	F8_('E3', 'S3')_rr: 0
	F4_('E3', 'S3')_tb: 15635
	F23_('E2', 'S2')_rr: 0
	F34_('E4', 'S4')_t5_max: 91424
	F15_('E1', 'S1')_t3_max: 25696
	F11_('S1', 'S2')_t3_max: 89958
	F1_('S3', 'S4')_gc: False
	F12_jitter: 36
	F15_('S1', 'S2')_t4_max: 25740
	F6_('S5', 'E5')_gc: False
	F17_queue_index: 0
	F33_('S5', 'E5')_t4_min: 58
	F20_('E4', 'S4')_t3_max: 9807
	F22_('S4', 'S5')_rr: 1
	F0_('S2', 'E2')_t4_min: 30088
	F15_('E1', 'S1')_gc: False
	F23_('S3', 'S4')_tb: 9914
	F8_queue_index: 0
	F3_('E4', 'S4')_t3_max: 41880
	F25_('S2', 'S1')_gc: False
	F3_('S5', 'E5')_t4_max: 41944
	F13_('E4', 'S4')_rr: 0
	('S3', 'S2')_gcl_cycle: 64000
	F17_('E3', 'S3')_gc: False
	F27_('S2', 'S1')_gc: False
	F23_jitter: 18
	F34_('S5', 'E5')_t4_min: 91454
	F2_('E5', 'S5')_t3_max: 14005
	F21_('S2', 'S1')_t4_max: 3725
	F10_('S3', 'S2')_rr: 0
	F39_('S3', 'S2')_t4_min: 1410
	F32_('S2', 'E2')_rr: 0
	F12_('S3', 'S2')_t4_max: 63775
	F36_('S2', 'E2')_gc: False
	F35_('S1', 'E1')_t4_min: 11752
	F37_queue_index: 0
	F31_queue_index: 0
	F19_jitter: 18
	F16_('S4', 'S5')_t4_max: 2027
	F14_('S3', 'S2')_t4_max: 1845
	F36_('E1', 'S1')_rr: 0
	F21_('E5', 'S5')_gc: False
	F12_('E3', 'S3')_gc: False
	F5_('E1', 'S1')_gc: False
	F5_('E1', 'S1')_rr: 0
	F23_('S5', 'E5')_t5_max: 10000
	F1_('S2', 'S3')_t4_min: 3929
	F30_('S4', 'E4')_gc: False
	F20_('S5', 'E5')_t3_min: 9851
	F31_('E4', 'S4')_gc: False
	F13_('E4', 'S4')_gc: False
	F37_('S4', 'S3')_tb: 3587
	F16_('S2', 'S3')_t4_min: 1971
	F29_('S4', 'E4')_tb: 15628
	F28_('E2', 'S2')_t3_max: 1720
	('S4', 'E4')_gcl_cycle: 1
	F3_('E4', 'S4')_t4_max: 41893
	F31_('S4', 'S5')_rr: 0
	F28_('E2', 'S2')_t3_min: 1733
	F5_('S2', 'E2')_t4_min: 1988
	F1_('S2', 'S3')_rr: 0
	F9_('E4', 'S4')_t3_max: 63802
	F21_('S4', 'S3')_rr: 16
	F25_('E3', 'S3')_t3_max: 1762
	F18_('E1', 'S1')_rr: 0
	F35_queue_index: 0
	('S2', 'S3')_gcl_cycle: 128000
	F13_('S5', 'E5')_rr: 0
	F22_('S3', 'S4')_gc: True
	F8_('S3', 'S2')_t4_max: 61
	F9_('E4', 'S4')_rr: 0
	F2_('S5', 'S4')_t4_max: 14044
	F24_('S1', 'E1')_gc: False
	F1_('S3', 'S4')_rr: 0
	F23_('S3', 'S4')_t5_max: 9941
	F36_queue_index: 0
	F14_('S2', 'S1')_t4_max: 1871
	F30_('E5', 'S5')_gc: False
	F35_('E2', 'S2')_t4_max: 11725
	F22_('S5', 'E5')_gc: False
	F2_('E5', 'S5')_rr: 0
	F21_('S2', 'S1')_rr: 32
	F39_('S3', 'S2')_gc: True
	F1_('E2', 'S2')_tb: 3923
	F23_('S2', 'S3')_t4_min: 9903
	F20_('E4', 'S4')_tb: 9820
	F26_('E3', 'S3')_rr: 0
	F15_('S4', 'S5')_t4_min: 25782
	F3_('S5', 'E5')_t4_min: 41926
	F7_('S3', 'S2')_gc: False
	F5_queue_index: 0
	F9_('S2', 'S1')_t3_min: 63878
	F1_('S4', 'E4')_gc: False
	F9_('S2', 'S1')_t4_min: 63894
	F17_('S4', 'S5')_gc: True
	F22_('S5', 'E5')_t4_min: 91547
	F25_('S1', 'E1')_rr: 0
	F34_('S4', 'S5')_t4_max: 91443
	F30_('S5', 'S4')_t4_max: 127591
	F35_('S2', 'S1')_rr: 8
	F36_('S1', 'S2')_t4_max: 62023
	F3_('E4', 'S4')_rr: 0
	F12_('E3', 'S3')_t3_max: 63746
	F37_jitter: 36
	F13_('E4', 'S4')_t5_min: 3937
	F1_('S4', 'E4')_t3_max: 3982
	F4_('S3', 'S2')_t4_min: 15663
	F10_('S3', 'S2')_t4_max: 31701
	F25_('S1', 'E1')_gc: False
	F18_('S3', 'E3')_t3_max: 3574
	F1_('S3', 'S4')_tb: 3935
	F35_('E2', 'S2')_rr: 0
	F18_('S1', 'S2')_t5_min: 3521
	F14_('S1', 'E1')_t4_max: 1897
	F4_('S1', 'E1')_gc: False
	F25_queue_index: 0
	F39_('S4', 'S3')_t4_min: 1391
	F32_queue_index: 0
	F16_('S4', 'S5')_gc: False
	F18_('S2', 'S3')_t4_max: 3559
	F16_('S5', 'E5')_t4_min: 2001
	F23_('S3', 'S4')_t4_min: 9914
	F12_('S1', 'E1')_rr: 0
	F38_('S4', 'E4')_rr: 0
	F13_('S4', 'S5')_gc: False
	F16_('S2', 'S3')_t3_min: 1954
	F38_('S4', 'E4')_gc: False
	F27_('S2', 'S1')_t4_max: 3943
	F34_('E4', 'S4')_t3_max: 91402
	F9_('S2', 'S1')_t3_max: 63883
	F37_('S5', 'S4')_tb: 3578
	F2_('S4', 'S3')_gc: True
	F24_('E4', 'S4')_rr: 0
	F34_('S4', 'S5')_t3_max: 91431
	F20_('S5', 'E5')_t4_max: 9869
	F39_('S4', 'S3')_rr: 32
	F11_('S3', 'S4')_rr: 0
	F23_('S4', 'S5')_gc: True
	F18_('S1', 'S2')_gc: False
	F1_('S2', 'S3')_gc: False
	F16_('S2', 'S3')_rr: 16
	F36_('E1', 'S1')_gc: False
	F21_('S3', 'S2')_rr: 16
	F22_jitter: 18
	F4_('S1', 'E1')_rr: 0
	F30_('S4', 'E4')_t4_min: 127601
	F33_('S5', 'E5')_rr: 0
	F18_('S1', 'S2')_t4_min: 3513
	F10_('E5', 'S5')_t3_max: 31604
	F37_('S3', 'E3')_rr: 0
	F12_('S2', 'S1')_rr: 0
	F35_('E2', 'S2')_tb: 11725
	F5_('S1', 'S2')_rr: 32
	F20_('E4', 'S4')_rr: 0
	F28_('S1', 'E1')_t5_max: 1800
	F38_('E2', 'S2')_t3_max: 3546
	F10_('S3', 'S2')_gc: False
	F33_('S2', 'S3')_t5_min: 36
	F39_('S5', 'S4')_gc: False
	F4_('S3', 'S2')_rr: 2
	F29_('S4', 'E4')_gc: False
	F38_('S3', 'S4')_t4_min: 3577
	F39_('E5', 'S5')_rr: 0
	F36_jitter: 36
	F20_('S5', 'E5')_gc: False
	F13_('E4', 'S4')_t3_max: 3913
	F2_('S4', 'S3')_t4_min: 14057
	F39_queue_index: 0
	F8_('S2', 'E2')_gc: False
	F0_('S1', 'S2')_t4_max: 30096
	F7_('S4', 'S3')_t4_min: 41862
	F22_('S3', 'S4')_t4_max: 91520
	F31_('S5', 'E5')_gc: False
	F32_('S2', 'E2')_t4_min: 123455
	F10_('S4', 'S3')_rr: 0
	F12_('E3', 'S3')_rr: 0
	F37_('S5', 'S4')_t5_min: 3585
	F37_('S4', 'S3')_rr: 0
	F19_('E2', 'S2')_tb: 73694
	F8_('S2', 'E2')_t4_min: 48
	F24_('S4', 'S3')_gc: True
	F27_('S3', 'S2')_t4_max: 3919
	F21_('S1', 'E1')_rr: 0
	F1_('S3', 'S4')_t4_max: 3971
	F27_('S3', 'S2')_t3_max: 3907
	F23_('E2', 'S2')_t3_max: 9874
	F9_('S4', 'S3')_t4_max: 63842
	F29_queue_index: 0
	F6_('E4', 'S4')_gc: False
	F4_('S3', 'S2')_t4_max: 15663
	F30_('S5', 'S4')_t4_min: 127591
	F22_('S4', 'S5')_t4_max: 91542
	F13_('E4', 'S4')_t3_min: 3926
	F15_('E1', 'S1')_t4_min: 25709
	F8_('S2', 'E2')_t5_max: 87
	F2_('S2', 'S1')_rr: 8
	F27_('E3', 'S3')_t3_max: 3883
	F9_('S4', 'S3')_gc: True
	F8_jitter: 36
	F18_('S1', 'S2')_t3_max: 3518
	F34_('S4', 'S5')_t4_min: 91443
	F26_('S3', 'S4')_rr: 0
	F25_('S3', 'S2')_t4_min: 1787
	F11_('S3', 'S4')_gc: False
	F10_('E5', 'S5')_gc: False
	F8_('E3', 'S3')_gc: False
	F35_('S2', 'S1')_t3_max: 11735
	F11_('S2', 'S3')_gc: True
	F17_('S5', 'E5')_rr: 0
	F35_('E2', 'S2')_gc: False
	F21_('S4', 'S3')_t4_max: 3705
	F15_('E1', 'S1')_rr: 0
	F31_('E4', 'S4')_t3_max: 123506
	F34_('S5', 'E5')_t4_max: 91472
	F10_('S5', 'S4')_gc: False
	F33_('S2', 'S3')_gc: True
	F1_('S4', 'E4')_t4_min: 3941
	F18_('E1', 'S1')_gc: False
	F38_('S3', 'S4')_t5_min: 3584
	F33_jitter: 54
	F17_('S5', 'E5')_t3_max: 31934
	F2_('S5', 'S4')_t4_min: 14026
	F8_('S3', 'S2')_tb: 43
	F14_('S1', 'E1')_rr: 0
	F28_('S1', 'E1')_gc: False
	F5_jitter: 18
	F11_('S3', 'S4')_t5_min: 91532
	F25_('S2', 'S1')_t4_min: 1794
	F28_('S1', 'E1')_t4_min: 1755
	F19_('S2', 'S1')_rr: 1
	F17_('S4', 'S5')_t4_min: 31923
	F19_queue_index: 0
	F1_('E2', 'S2')_t3_max: 3910
	F18_('S2', 'S3')_rr: 0
	F24_('S4', 'S3')_t3_max: 3746
	F13_('S4', 'S5')_t4_min: 3939
	F11_('S1', 'S2')_t4_max: 89970
	F4_jitter: 18
	F3_('S4', 'S5')_rr: 1
	F20_queue_index: 0
	F23_('S3', 'S4')_gc: False
	F39_('S2', 'E2')_tb: 1424
	F29_('E5', 'S5')_t3_max: 15576
	F16_('S3', 'S4')_t4_min: 1981
	F38_('S3', 'S4')_t3_max: 3600
	F28_('S2', 'S1')_t3_max: 1749
	F2_('S5', 'S4')_rr: 0
	F39_('S2', 'E2')_t4_min: 1424
	F22_('E3', 'S3')_t3_max: 91485
	F25_('S3', 'S2')_gc: True
	F19_('S1', 'E1')_gc: False
	F14_queue_index: 0
	F15_('S3', 'S4')_rr: 0
	F26_('S5', 'E5')_gc: False
	F10_('E5', 'S5')_tb: 31617
	F10_('S5', 'S4')_t4_min: 31627
	F7_('S2', 'S1')_rr: 0
	F39_('S3', 'S2')_t5_max: 1422
	F15_('S3', 'S4')_t4_max: 25804
	F0_jitter: 36
	F23_('S4', 'S5')_rr: 8
	F2_('S1', 'E1')_rr: 0
	F39_('S5', 'S4')_t4_max: 1372
	F14_('E3', 'S3')_gc: False
	F19_('E2', 'S2')_gc: False
	F4_('S1', 'E1')_t4_min: 15702
	F1_('E2', 'S2')_rr: 0
	F35_('E2', 'S2')_t3_max: 11712
	F2_('S4', 'S3')_t3_max: 14057
	F31_jitter: 36
	F11_('S4', 'E4')_gc: False
	F34_queue_index: 0
	F3_('S5', 'E5')_t3_min: 41926
	('S3', 'S4')_gcl_length: 10
	F6_jitter: 36
	F12_('S2', 'S1')_gc: False
	F18_queue_index: 0
	F15_('S2', 'S3')_gc: False
	F2_('S3', 'S2')_t4_min: 14065
	F12_('S2', 'S1')_t4_max: 63804
	F11_('S3', 'S4')_t4_max: 91542
	F3_queue_index: 0
	F32_('S3', 'S2')_t4_min: 123447
	F11_('S1', 'S2')_t4_min: 89970
	F7_('S4', 'S3')_t4_max: 41880
	F4_('S3', 'S2')_gc: True
	F38_('E2', 'S2')_rr: 0
	F10_('S2', 'E2')_t4_min: 31657
	F2_('S3', 'S2')_t3_min: 14065
	F28_queue_index: 0
	F17_('S4', 'S5')_t4_max: 31923
	F1_('S2', 'S3')_t4_max: 3947
	F21_('S1', 'E1')_gc: False
	F27_('E3', 'S3')_t5_min: 3900
	F5_('S1', 'S2')_t4_max: 1984
	F39_('S4', 'S3')_gc: True
	F22_('S4', 'S5')_t4_min: 91542
	F15_('S4', 'S5')_t4_max: 25836
	F23_('S4', 'S5')_t4_max: 9962
	F36_('S1', 'S2')_rr: 0
	F26_('S5', 'E5')_rr: 0
	F11_('S4', 'E4')_t3_max: 91557
	F20_('S4', 'S5')_rr: 1
	F15_('S2', 'S3')_rr: 0
	('E5', 'S5')_gcl_cycle: 1
	F39_('E5', 'S5')_gc: False
	F4_('E3', 'S3')_t5_max: 15644
	F24_('S2', 'S1')_t4_max: 3768
	F9_('S4', 'S3')_rr: 1
	F17_('S4', 'S5')_rr: 4
	F32_('S3', 'S2')_rr: 0
	F20_('S4', 'S5')_gc: True
	F39_('E5', 'S5')_t3_max: 1327
	F26_('E3', 'S3')_gc: False
	F21_('S4', 'S3')_gc: True
	F37_('E5', 'S5')_gc: False
	F33_('S4', 'S5')_t5_min: 56
	F12_('S3', 'S2')_t3_max: 63775
	F36_('E1', 'S1')_t3_max: 61988
	F16_('S1', 'S2')_t3_min: 1927
	F14_('S1', 'E1')_gc: False
	F0_('E1', 'S1')_t3_max: 30055
	F30_('S4', 'E4')_rr: 0
	F9_('S2', 'S1')_t4_max: 63894
	F20_('S4', 'S5')_t3_max: 9838
	F38_('S3', 'S4')_gc: False
	F13_('S5', 'E5')_t4_min: 3952
	F7_('S4', 'S3')_t3_max: 41867
	F37_('S4', 'S3')_t4_max: 3605
	F9_('S4', 'S3')_t3_max: 63830
	F25_('S3', 'S2')_rr: 16
	F13_queue_index: 0
	F16_('S1', 'S2')_t3_max: 1932
	F20_('S4', 'S5')_t4_min: 9838
	F3_('S4', 'S5')_t4_max: 41919
	F10_('S4', 'S3')_t4_min: 31637
	F33_('E2', 'S2')_gc: False
	F11_jitter: 36
	F31_('E4', 'S4')_t4_max: 123519
	F26_('S4', 'S5')_gc: False
	F7_('S3', 'S2')_t4_max: 41912
	F17_('S4', 'S5')_t5_max: 31927
	F29_('S5', 'S4')_t4_max: 15617
	F3_('E4', 'S4')_gc: False
	F33_('S3', 'S4')_t4_max: 56
	F25_('S3', 'S2')_t3_min: 1782
	F15_('S4', 'S5')_rr: 0
	F0_('S1', 'S2')_t3_max: 30083
	F19_('S2', 'S1')_t3_max: 73712
	F4_('S2', 'S1')_t4_max: 15691
	F27_jitter: 36
	F12_('S1', 'E1')_gc: False
	F7_('S2', 'S1')_t4_max: 41944
	F27_('S1', 'E1')_gc: False
	F39_('S4', 'S3')_t4_max: 1391
	F26_queue_index: 0
	F19_('S1', 'E1')_rr: 0
	F27_('S3', 'S2')_tb: 3919
	F23_('S3', 'S4')_rr: 0
	F4_('E3', 'S3')_rr: 0
	F0_('S2', 'E2')_gc: False
	F4_queue_index: 0
	F17_('S5', 'E5')_gc: False
	F2_('S4', 'S3')_t4_max: 14057
	F26_('S4', 'S5')_t4_min: 3470
	F25_('S1', 'E1')_t3_max: 1824
	F36_('S1', 'S2')_tb: 62005
	F28_('S2', 'S1')_rr: 0
	F15_('S1', 'S2')_rr: 2
	F29_('S5', 'S4')_rr: 8
	F23_('S5', 'E5')_gc: False
	F36_('S2', 'E2')_rr: 0
	F10_queue_index: 0
	F38_('S2', 'S3')_t4_max: 3586
	F32_('S3', 'S2')_t4_max: 123465
	F23_('S3', 'S4')_t4_max: 9932
	F7_('S1', 'E1')_t4_min: 41904
	F33_('S3', 'S4')_t4_min: 38
	F27_('S3', 'S2')_t4_min: 3919
	F30_('S5', 'S4')_t3_max: 127591
	F33_('E2', 'S2')_rr: 0
	F21_('S5', 'S4')_t4_max: 3683
	F15_('S3', 'S4')_t4_min: 25768
	F14_('S3', 'S2')_gc: False
	('S4', 'S5')_gcl_cycle: 128000
	F25_('E3', 'S3')_gc: False
	F17_('E3', 'S3')_t3_max: 31888
	F23_('S2', 'S3')_t3_max: 9903
	F38_('S4', 'E4')_t4_min: 3586
	F33_('S3', 'S4')_t5_min: 46
	F30_queue_index: 0
	('S3', 'S4')_gcl_cycle: 128000
	F12_('S3', 'S2')_gc: True
	('S5', 'S4')_gcl_cycle: 128000
	F21_('S5', 'S4')_t4_min: 3683
	F17_jitter: 18
	F38_('E2', 'S2')_gc: False
	F21_('S3', 'S2')_t4_min: 3715
	F12_('S3', 'S2')_t4_min: 63775
	F9_queue_index: 0
	F20_('E4', 'S4')_gc: False
	F11_('S4', 'E4')_t4_min: 91534
	F27_('S2', 'S1')_t4_min: 3925
	F1_('S3', 'S4')_t4_min: 3935
	F34_('S5', 'E5')_gc: False
	F19_('S2', 'S1')_t4_max: 73712
	F16_('S5', 'E5')_tb: 2001
	F0_('E1', 'S1')_rr: 0
	F32_('S3', 'S2')_t3_max: 123452
	('S5', 'E5')_gcl_cycle: 1
	F4_('S3', 'S2')_t3_max: 15651
	F28_('E2', 'S2')_rr: 0
	F32_('S3', 'S2')_gc: False
	F1_queue_index: 0
	F3_('S5', 'E5')_rr: 0
	F13_('S5', 'E5')_gc: False
	F38_('S2', 'S3')_t4_min: 3568
	F21_('E5', 'S5')_rr: 0
	F11_('E1', 'S1')_t5_max: 89951
	F21_('E5', 'S5')_t3_max: 3648
	F2_jitter: 18
	F8_('S3', 'S2')_t4_min: 43
	F21_('S3', 'S2')_gc: True
	F17_('S3', 'S4')_gc: True
	F33_('S2', 'S3')_t4_max: 28
	F16_jitter: 54
	F15_('S4', 'S5')_gc: False
	F29_('S5', 'S4')_t3_max: 15605
	F16_('S1', 'S2')_rr: 16
	F39_('S5', 'S4')_rr: 0
	F37_('E5', 'S5')_rr: 0
	F38_('S2', 'S3')_rr: 0
	F29_('S5', 'S4')_t3_min: 15600
	F21_('S2', 'S1')_t4_min: 3725
	F8_('S2', 'E2')_rr: 0
	F2_('S1', 'E1')_gc: False
	F17_('S3', 'S4')_t4_max: 31912
	F24_('S1', 'E1')_t4_min: 3774
	F36_('S1', 'S2')_gc: False
	F36_('S1', 'S2')_t4_min: 62005
	F24_queue_index: 0
	F2_('S2', 'S1')_gc: True
	F19_('E2', 'S2')_rr: 0
	F22_('S3', 'S4')_t3_max: 91508
	F16_('S4', 'S5')_t4_min: 1991
	F27_('S1', 'E1')_rr: 0
	F4_('S1', 'E1')_t3_max: 15707
	F31_('S5', 'E5')_rr: 0
	F5_('S2', 'E2')_gc: False
	F3_('S5', 'E5')_t5_max: 41949
	F32_('S3', 'S2')_t5_min: 123453
	F15_('E1', 'S1')_t4_max: 25709
	F12_('S1', 'E1')_t4_max: 63833
	F7_('S2', 'S1')_t5_min: 41902
	F17_('E3', 'S3')_t5_min: 31905
	F10_('S4', 'S3')_t5_min: 31645
	F23_('E2', 'S2')_t4_min: 9887
	F22_('S5', 'E5')_t4_max: 91565
	F21_('S2', 'S1')_t5_max: 3728
	F6_('S4', 'S5')_t3_min: 9871
	F16_('S2', 'S3')_t5_max: 1979
	F22_('S3', 'S4')_tb: 91520
	F7_('S1', 'E1')_t5_max: 41988
	F9_('S3', 'S2')_t3_min: 63852
	F8_('S2', 'E2')_t3_max: 71
	F5_('S2', 'E2')_t3_max: 1993
	F0_('S2', 'E2')_t3_min: 30088
	F37_('S3', 'E3')_t3_max: 3619
	F21_('S2', 'S1')_t3_min: 3720
	F31_('S5', 'E5')_tb: 123547
	F19_('E2', 'S2')_t3_min: 73694
	F34_('S4', 'S5')_t3_min: 91426
	F26_('S4', 'S5')_t3_max: 3493
	F30_('S5', 'S4')_t5_max: 127599
	F33_('E2', 'S2')_t4_min: 1
	F19_('S2', 'S1')_t3_min: 73707
	F22_('E3', 'S3')_t4_max: 91498
	F10_('S4', 'S3')_tb: 31637
	F14_('S1', 'E1')_t5_min: 1849
	F16_('S4', 'S5')_t3_min: 1991
	F9_('S2', 'S1')_tb: 63894
	F7_('E4', 'S4')_t5_max: 41860
	F10_('E5', 'S5')_t5_min: 31625
	F10_('S2', 'E2')_t3_max: 31716
	F1_('S3', 'S4')_t5_max: 3975
	F28_('S2', 'S1')_t5_min: 1753
	('S5', 'E5')_gcl_length: 0
	F38_('E2', 'S2')_t5_max: 3566
	F37_('S4', 'S3')_t3_min: 3587
	F10_('S3', 'S2')_t5_max: 31709
	F22_('S3', 'S4')_t3_min: 91503
	F16_('S4', 'S5')_t5_min: 1999
	F8_('S2', 'E2')_t3_min: 48
	F1_('S4', 'E4')_t5_min: 3945
	F29_('S4', 'E4')_t5_min: 15637
	F33_('E2', 'S2')_t3_min: 1
	F24_('E4', 'S4')_t5_min: 3739
	F35_('S1', 'E1')_t3_min: 11752
	F12_('E3', 'S3')_t4_min: 63759
	F14_('S3', 'S2')_t3_min: 1827
	F14_('E3', 'S3')_t4_min: 1819
	F2_('S2', 'S1')_t5_max: 14102
	F37_('S4', 'S3')_t5_max: 3612
	F25_('E3', 'S3')_tb: 1775
	('S1', 'S2')_gcl_length: 102
	F5_('E1', 'S1')_t4_max: 1975
	F21_('S2', 'S1')_tb: 3725
	F19_('S2', 'S1')_t5_max: 73723
	('S1', 'E1')_gcl_length: 0
	F22_('E3', 'S3')_tb: 91498
	F3_('S5', 'E5')_tb: 41926
	F7_('E4', 'S4')_t3_min: 41848
	F23_('S2', 'S3')_t3_min: 9898
	F11_('S3', 'S4')_tb: 91524
	F33_('S5', 'E5')_t3_min: 58
	F37_('S3', 'E3')_t3_min: 3596
	F29_('S4', 'E4')_t3_max: 15633
	F12_('S1', 'E1')_tb: 63797
	F9_('S2', 'S1')_t5_max: 63902
	F32_('E3', 'S3')_t5_max: 123445
	F26_('E3', 'S3')_t5_min: 3456
	F2_('S1', 'E1')_t5_max: 14128
	F2_('E5', 'S5')_t5_max: 14024
	F23_('S2', 'S3')_t5_max: 9912
	F24_('S2', 'S1')_t5_max: 3772
	F21_('S3', 'S2')_t5_min: 3718
	F29_('S5', 'S4')_tb: 15617
	F5_('S1', 'S2')_t5_max: 1986
	F35_('E2', 'S2')_t4_min: 11725
	F36_('E1', 'S1')_t4_min: 62001
	F1_('S2', 'S3')_tb: 3929
	('S2', 'S3')_gcl_length: 82
	F1_('S2', 'S3')_t5_max: 3951
	F24_('S4', 'S3')_tb: 3746
	F15_('S5', 'E5')_t5_max: 25880
	F9_('E4', 'S4')_t4_min: 63815
	F4_('S2', 'S1')_t5_max: 15700
	F26_('E3', 'S3')_tb: 3446
	F33_('S5', 'E5')_t5_max: 120
	F29_('S4', 'E4')_t4_max: 15646
	F2_('S5', 'S4')_tb: 14026
	F25_('E3', 'S3')_t4_min: 1775
	F36_('S1', 'S2')_t3_min: 62005
	F35_('S1', 'E1')_t4_max: 11770
	F18_('E1', 'S1')_t4_min: 3503
	F33_('S3', 'S4')_t5_max: 64
	F26_('S5', 'E5')_t3_min: 3482
	F1_('S4', 'E4')_t3_min: 3941
	F15_('S4', 'S5')_t3_min: 25782
	F13_('S5', 'E5')_t5_min: 3963
	F6_('S5', 'E5')_t3_min: 9881
	F4_('S2', 'S1')_t3_min: 15674
	F21_('S4', 'S3')_t5_min: 3708
	F37_('S3', 'E3')_tb: 3596
	F6_('S5', 'E5')_tb: 9881
	F13_('S5', 'E5')_tb: 3952
	F33_('E2', 'S2')_t5_min: 9
	F36_('S2', 'E2')_t3_max: 62032
	F38_('S4', 'E4')_t3_min: 3586
	F9_('S1', 'E1')_t3_min: 63904
	F27_('E3', 'S3')_t5_max: 3900
	F39_('S4', 'S3')_tb: 1391
	F34_('S5', 'E5')_t5_min: 91463
	F22_('S4', 'S5')_t5_max: 91545
	F15_('S5', 'E5')_t4_max: 25868
	F24_('S3', 'S2')_tb: 3757
	F24_('S3', 'S2')_t3_max: 3757
	F24_('S4', 'S3')_t3_min: 3741
	F22_('S4', 'S5')_t3_max: 91530
	F14_('E3', 'S3')_t5_min: 1825
	F11_('S2', 'S3')_tb: 91514
	F22_('S5', 'E5')_t3_min: 91547
	F32_('S2', 'E2')_t3_max: 123478
	('S3', 'E3')_gcl_length: 0
	F28_('S1', 'E1')_t3_max: 1778
	F7_('E4', 'S4')_tb: 41848
	F18_('E1', 'S1')_t5_min: 3511
	F17_('S4', 'S5')_t5_min: 31927
	F17_('E3', 'S3')_tb: 31901
	F30_('E5', 'S5')_tb: 127576
	F10_('E5', 'S5')_t5_max: 31625
	F2_('E5', 'S5')_tb: 14018
	('E2', 'S2')_gcl_length: 0
	F0_('E1', 'S1')_t5_min: 30076
	F8_('S2', 'E2')_t4_max: 84
	F15_('S4', 'S5')_t5_min: 25794
	F16_('S5', 'E5')_t5_max: 2063
	F22_('S5', 'E5')_t5_min: 91550
	F0_('S2', 'E2')_t5_max: 30132
	F32_('E3', 'S3')_t5_min: 123445
	F30_('S5', 'S4')_t5_min: 127599
	F5_('S2', 'E2')_t4_max: 2006
	F28_('S1', 'E1')_tb: 1755
	F6_('E4', 'S4')_t3_min: 9861
	F12_('S3', 'S2')_t5_min: 63784
	F4_('S1', 'E1')_t5_min: 15711
	F36_('E1', 'S1')_t3_min: 62001
	F19_('S1', 'E1')_t3_max: 73730
	F13_('S5', 'E5')_t5_max: 3999
	F18_('E1', 'S1')_tb: 3503
	('S4', 'S5')_gcl_length: 32
	F28_('S1', 'E1')_t5_min: 1764
	F14_('S2', 'S1')_t3_min: 1835
	F38_('S4', 'E4')_t3_max: 3627
	F36_('S2', 'E2')_t5_max: 62047
	F9_('E4', 'S4')_t5_min: 63823
	F5_('S1', 'S2')_tb: 1984
	F16_('E1', 'S1')_tb: 1917
	F9_('S1', 'E1')_t4_max: 63922
	F2_('S4', 'S3')_t3_min: 14034
	F22_('S4', 'S5')_t5_min: 91545
	F38_('E2', 'S2')_tb: 3559
	F32_('S2', 'E2')_t4_max: 123491
	F1_('E2', 'S2')_t4_max: 3923
	F9_('S4', 'S3')_t5_max: 63850
	F9_('S4', 'S3')_t3_min: 63825
	F2_('E5', 'S5')_t3_min: 14018
	F39_('S3', 'S2')_t3_max: 1410
	F0_('E1', 'S1')_tb: 30068
	F30_('S4', 'E4')_t5_max: 127627
	F20_('S5', 'E5')_tb: 9851
	F10_('S5', 'S4')_tb: 31627
	F4_('S2', 'S1')_t5_min: 15700
	F37_('E5', 'S5')_t3_min: 3376
	('E4', 'S4')_gcl_length: 0
	F39_('S5', 'S4')_tb: 1354
	F13_('S5', 'E5')_t3_max: 3975
	F18_('S1', 'S2')_t5_max: 3539
	F17_('S5', 'E5')_t5_min: 31933
	F24_('S1', 'E1')_t4_max: 3792
	F6_('E4', 'S4')_tb: 9861
	F15_('E1', 'S1')_t3_min: 25709
	F21_('S1', 'E1')_t4_max: 3748
	F3_('S4', 'S5')_tb: 41919
	F10_('S5', 'S4')_t3_min: 31627
	F34_('E4', 'S4')_t3_min: 91415
	F39_('S4', 'S3')_t3_max: 1391
	F6_('S4', 'S5')_t5_min: 9879
	F37_('E5', 'S5')_tb: 3376
	F22_('E3', 'S3')_t5_max: 91501
	F7_('S2', 'S1')_t5_max: 41956
	F1_('S2', 'S3')_t5_min: 3933
	F35_('S2', 'S1')_tb: 11747
	F16_('S1', 'S2')_t5_min: 1952
	F11_('S2', 'S3')_t3_max: 89985
	F37_('S4', 'S3')_t5_min: 3594
	F17_('S5', 'E5')_t3_min: 31929
	F21_('E5', 'S5')_t5_max: 3664
	F10_('S2', 'E2')_t5_max: 31737
	F7_('S2', 'S1')_t3_max: 41931
	F16_('E1', 'S1')_t5_min: 1925
	('E1', 'S1')_gcl_length: 0
	F21_('S3', 'S2')_t5_max: 3718
	F7_('S1', 'E1')_t3_max: 41963
	F13_('S5', 'E5')_t3_min: 3952
	F3_('S5', 'E5')_t3_max: 41931
	F11_('S2', 'S3')_t3_min: 89980
	F17_('S5', 'E5')_t5_max: 31951
	F21_('E5', 'S5')_tb: 3661
	F26_('E3', 'S3')_t4_max: 3446
	F28_('S2', 'S1')_t5_max: 1771
	F11_('S2', 'S3')_t5_min: 91522
	F27_('E3', 'S3')_tb: 3896
	F33_('S5', 'E5')_t3_max: 99
	F18_('S2', 'S3')_t3_min: 3523
	F31_('S5', 'E5')_t5_max: 123595
	F39_('S3', 'S2')_t5_min: 1422
	F23_('S4', 'S5')_t5_max: 9971
	F2_('S1', 'E1')_t3_min: 14104
	F38_('E2', 'S2')_t3_min: 3559
	F9_('S3', 'S2')_t5_min: 63876
	F8_('S2', 'E2')_tb: 48
	F16_('E1', 'S1')_t4_max: 1917
	F24_('S1', 'E1')_t5_min: 3778
	F15_('S2', 'S3')_t5_min: 25766
	F29_('E5', 'S5')_t5_min: 15598
	F17_('S5', 'E5')_t4_max: 31947
	F12_('S2', 'S1')_t5_max: 63813
	F38_('S2', 'S3')_t5_min: 3575
	F39_('S2', 'E2')_t3_min: 1424
	F30_('S4', 'E4')_tb: 127601
	F39_('S2', 'E2')_t3_max: 1429
	F16_('S1', 'S2')_tb: 1944
	F16_('S3', 'S4')_tb: 1981
	F32_('E3', 'S3')_t3_min: 123439
	F27_('S3', 'S2')_t5_max: 3923
	F9_('S3', 'S2')_t5_max: 63876
	F29_('S4', 'E4')_t5_max: 15655
	F14_('E3', 'S3')_t4_max: 1819
	F10_('S3', 'S2')_tb: 31647
	F4_('S1', 'E1')_t4_max: 15720
	F19_('E2', 'S2')_t5_min: 73705
	F35_('S1', 'E1')_t5_max: 11773
	F27_('E3', 'S3')_t3_min: 3896
	F16_('S5', 'E5')_t5_min: 2009
	F27_('E3', 'S3')_t4_max: 3896
	F2_('S4', 'S3')_t5_min: 14063
	F11_('S4', 'E4')_t3_min: 91534
	F21_('S5', 'S4')_t3_min: 3666
	F3_('S5', 'E5')_t5_min: 41931
	F15_('S4', 'S5')_tb: 25782
	F23_('S4', 'S5')_t3_min: 9925
	F13_('E4', 'S4')_t4_min: 3926
	F2_('S1', 'E1')_t3_max: 14109
	F36_('E1', 'S1')_t5_max: 62003
	F4_('E3', 'S3')_t3_min: 15635
	F23_('S5', 'E5')_t3_max: 9978
	F17_('S4', 'S5')_t3_max: 31923
	F21_('S4', 'S3')_t5_max: 3708
	F31_('S5', 'E5')_t5_min: 123559
	F21_('S5', 'S4')_t5_min: 3686
	F11_('S4', 'E4')_t5_min: 91542
	F39_('S3', 'S2')_tb: 1410
	F26_('S4', 'S5')_t5_max: 3516
	F33_('E2', 'S2')_t5_max: 9
	F33_('E2', 'S2')_t4_max: 1
	F30_('E5', 'S5')_t4_max: 127576
	F33_('S3', 'S4')_tb: 38
	F31_('S4', 'S5')_t5_min: 123545
	F25_('S3', 'S2')_t5_min: 1792
	F14_('S1', 'E1')_t3_max: 1884
	F12_('E3', 'S3')_tb: 63759
	F39_('S3', 'S2')_t3_min: 1405
	F21_('S4', 'S3')_t3_max: 3693
	F14_('S2', 'S1')_t5_min: 1841
	F29_('E5', 'S5')_t4_max: 15589
	F14_('S3', 'S2')_t5_max: 1851
	F7_('S4', 'S3')_tb: 41862
	F4_('E3', 'S3')_t4_max: 15635
	('E5', 'S5')_gcl_length: 0
	F30_('S4', 'E4')_t4_max: 127619
	F21_('S5', 'S4')_t5_max: 3686
	F5_('E1', 'S1')_t5_max: 1977
	F13_('S5', 'E5')_t4_max: 3988
	F39_('E5', 'S5')_t4_min: 1340
	F27_('S2', 'S1')_t5_min: 3929
	F9_('S3', 'S2')_t3_max: 63857
	('E3', 'S3')_gcl_length: 0
	F22_('E3', 'S3')_t5_min: 91501
	F21_('S1', 'E1')_tb: 3730
	F17_('E3', 'S3')_t3_min: 31901
	F24_('S2', 'S1')_t5_min: 3772
	F9_('S1', 'E1')_tb: 63904
	F33_('S5', 'E5')_t5_min: 66
	F12_('E3', 'S3')_t5_max: 63768
	F31_('S4', 'S5')_tb: 123533
	F5_('E1', 'S1')_t4_min: 1975
	F25_('S1', 'E1')_t5_min: 1806
	F27_('S1', 'E1')_t5_min: 3935
	F11_('S1', 'S2')_tb: 89970
	F2_('S3', 'S2')_t5_max: 14089
	F23_('S2', 'S3')_tb: 9903
	F16_('S1', 'S2')_t5_max: 1952
	F22_('E3', 'S3')_t4_min: 91498
	F19_('S1', 'E1')_t3_min: 73725
	F34_('S4', 'S5')_t5_min: 91452
	F14_('S1', 'E1')_t3_min: 1843
	F3_('S4', 'S5')_t5_min: 41924
	F16_('S4', 'S5')_t3_max: 2014
	F19_('E2', 'S2')_t5_max: 73705
	F34_('E4', 'S4')_t4_min: 91415
	F38_('S2', 'S3')_t3_min: 3568
	F37_('E5', 'S5')_t4_min: 3376
	F16_('S2', 'S3')_t3_max: 1959
	F8_('S3', 'S2')_t5_max: 64
	F13_('S4', 'S5')_t3_min: 3939
	F36_('S1', 'S2')_t5_max: 62025
	F14_('S1', 'E1')_t5_max: 1903
	F0_('S1', 'S2')_t3_min: 30078
	F24_('S4', 'S3')_t5_max: 3750
	F30_('E5', 'S5')_t4_min: 127576
	F10_('S2', 'E2')_t5_min: 31665
	F21_('S4', 'S3')_t3_min: 3688
	F33_('S2', 'S3')_tb: 28
	F2_('S3', 'S2')_t3_max: 14070
	F7_('S3', 'S2')_tb: 41876
	F15_('S1', 'S2')_t3_min: 25723
	F11_('S2', 'S3')_t5_max: 91522
	F21_('S1', 'E1')_t3_min: 3730
	F38_('S2', 'S3')_tb: 3568
	F20_('E4', 'S4')_t4_min: 9820
	F17_('S3', 'S4')_t3_min: 31907
	F25_('E3', 'S3')_t4_max: 1775
	F23_('S4', 'S5')_tb: 9962
	F23_('S5', 'E5')_t4_max: 9991
	F19_('S1', 'E1')_t4_max: 73743
	F10_('S4', 'S3')_t5_max: 31681
	F24_('E4', 'S4')_t4_max: 3735
	F39_('S2', 'E2')_t5_max: 1454
	F1_('E2', 'S2')_t4_min: 3923
	F25_('S3', 'S2')_t5_max: 1792
	F18_('S3', 'E3')_tb: 3533
	F26_('S4', 'S5')_tb: 3470
	F15_('E1', 'S1')_t5_max: 25721
	F30_('S4', 'E4')_t5_min: 127609
	('S4', 'S3')_gcl_length: 138
	F39_('S2', 'E2')_t4_max: 1442
	F33_('S4', 'S5')_t3_max: 71
	F23_('S4', 'S5')_t5_min: 9971
	F39_('S4', 'S3')_t5_max: 1403
	F21_('S3', 'S2')_t3_min: 3710
	F15_('E1', 'S1')_tb: 25709
	F24_('S1', 'E1')_t3_min: 3774
	F16_('S3', 'S4')_t3_max: 1986
	F38_('E2', 'S2')_t5_min: 3566
	F6_('E4', 'S4')_t4_max: 9861
	F7_('S3', 'S2')_t3_max: 41899
	F0_('S2', 'E2')_tb: 30088
	F31_('E4', 'S4')_t3_min: 123519
	F26_('S5', 'E5')_tb: 3482
	F18_('S1', 'S2')_tb: 3513
	F36_('E1', 'S1')_t5_min: 62003
	F25_('S2', 'S1')_t3_max: 1799
	F0_('S1', 'S2')_t5_min: 30086
	F12_('S1', 'E1')_t3_max: 63820
	F28_('S2', 'S1')_t3_min: 1744
	F4_('S3', 'S2')_t5_min: 15672
	F0_('S2', 'E2')_t3_max: 30111
	F16_('S3', 'S4')_t5_max: 2007
	F12_('S1', 'E1')_t3_min: 63797
	F37_('E5', 'S5')_t5_max: 3383
	F18_('S1', 'S2')_t3_min: 3513
	F2_('S3', 'S2')_t5_min: 14071
	F23_('S3', 'S4')_t5_min: 9923
	F32_('S2', 'E2')_t3_min: 123455
	F10_('S4', 'S3')_t3_max: 31660
	F0_('S2', 'E2')_t5_min: 30096
	F5_('S2', 'E2')_tb: 1988
	F28_('E2', 'S2')_t4_max: 1733
	F33_('S5', 'E5')_tb: 58
	F21_('S1', 'E1')_t5_min: 3733
	F11_('E1', 'S1')_t5_min: 89951
	F4_('E3', 'S3')_t4_min: 15635
	F27_('S2', 'S1')_t3_max: 3930
	F21_('S3', 'S2')_tb: 3715
	F15_('S3', 'S4')_t5_max: 25816
	F22_('S3', 'S4')_t5_max: 91523
	F2_('S2', 'S1')_t5_min: 14102
	F39_('S5', 'S4')_t3_min: 1354
	F29_('S5', 'S4')_t5_min: 15626
	F9_('S1', 'E1')_t5_max: 63930
	F11_('S3', 'S4')_t3_max: 91529
	F9_('E4', 'S4')_t4_max: 63815
	F38_('S3', 'S4')_tb: 3577
	F27_('S1', 'E1')_tb: 3931
	F31_('E4', 'S4')_t5_max: 123531
	F15_('S3', 'S4')_tb: 25768
	F12_('S2', 'S1')_t3_min: 63786
	F39_('E5', 'S5')_t5_min: 1352
	F7_('S1', 'E1')_t3_min: 41904
	F21_('S2', 'S1')_t3_max: 3725
	F10_('E5', 'S5')_t4_max: 31617
	F33_('S4', 'S5')_t3_min: 48
	F22_('S5', 'E5')_tb: 91547
	F25_('S1', 'E1')_tb: 1801
	F18_('S3', 'E3')_t5_min: 3541
	F16_('S4', 'S5')_tb: 1991
	F35_('S1', 'E1')_t3_max: 11757
	F0_('E1', 'S1')_t5_max: 30076
	F25_('S1', 'E1')_t5_max: 1842
	F17_('S5', 'E5')_tb: 31929
	F29_('E5', 'S5')_t5_max: 15598
	F2_('S4', 'S3')_tb: 14057
	F34_('S4', 'S5')_t5_max: 91452
	F9_('S1', 'E1')_t5_min: 63912
	F15_('S3', 'S4')_t3_max: 25791
	F12_('S1', 'E1')_t5_min: 63806
	F30_('S5', 'S4')_t3_min: 127586
	F1_('S2', 'S3')_t3_min: 3929
	F19_('S1', 'E1')_tb: 73725
	F39_('S4', 'S3')_t3_min: 1368
	F37_('E5', 'S5')_t5_min: 3383
	F8_('E3', 'S3')_t5_min: 41
	F14_('S3', 'S2')_t5_min: 1833
	F35_('S2', 'S1')_t5_max: 11750
	F23_('E2', 'S2')_t3_min: 9887
	F23_('S5', 'E5')_tb: 9973
	F24_('S2', 'S1')_t3_max: 3768
	F8_('E3', 'S3')_tb: 38
	F6_('E4', 'S4')_t5_min: 9869
	F18_('S3', 'E3')_t4_max: 3587
	F31_('E4', 'S4')_tb: 123519
	F18_('S2', 'S3')_t3_max: 3546
	F31_('E4', 'S4')_t4_min: 123519
	F22_('S4', 'S5')_t3_min: 91525
	F0_('S1', 'S2')_tb: 30078
	F17_('S4', 'S5')_t3_min: 31918
	F28_('S1', 'E1')_t4_max: 1791
	F7_('S4', 'S3')_t5_max: 41892
	F14_('S2', 'S1')_tb: 1835
	F29_('E5', 'S5')_t4_min: 15589
	F16_('S3', 'S4')_t5_min: 1989
	F38_('S2', 'S3')_t5_max: 3593
	F15_('S5', 'E5')_t3_max: 25855
	F20_('S4', 'S5')_t5_max: 9849
	F36_('S2', 'E2')_t4_max: 62045
	F29_('S4', 'E4')_t3_min: 15628
	F21_('S2', 'S1')_t5_min: 3728
	F18_('S2', 'S3')_t5_max: 3567
	F14_('E3', 'S3')_t3_min: 1819
	F9_('E4', 'S4')_t3_min: 63815
	F36_('S1', 'S2')_t5_min: 62007
	F30_('E5', 'S5')_t3_min: 127576
	F28_('E2', 'S2')_tb: 1733
	F20_('S5', 'E5')_t3_max: 9856
	F15_('S2', 'S3')_tb: 25754
	F25_('S3', 'S2')_tb: 1787
	F21_('S4', 'S3')_tb: 3705
	F20_('S5', 'E5')_t5_min: 9862
	F10_('S3', 'S2')_t5_min: 31655
	F17_('E3', 'S3')_t5_max: 31905
	F24_('E4', 'S4')_tb: 3735
	F24_('E4', 'S4')_t3_min: 3735
	F13_('S4', 'S5')_t5_min: 3950
	F9_('S2', 'S1')_t5_min: 63902
	F3_('E4', 'S4')_t3_min: 41893
	F27_('S3', 'S2')_t5_min: 3923
	F33_('S5', 'E5')_t4_max: 112
	F15_('S2', 'S3')_t3_max: 25759
	F4_('S2', 'S1')_tb: 15691
	F4_('S1', 'E1')_tb: 15702
	F38_('S4', 'E4')_t5_max: 3647
	F7_('E4', 'S4')_t4_max: 41848
	F37_('S3', 'E3')_t5_min: 3603
	F39_('S5', 'S4')_t5_max: 1384
	F25_('S1', 'E1')_t3_min: 1801
	F7_('S3', 'S2')_t3_min: 41876
	F9_('E4', 'S4')_tb: 63815
	F1_('S3', 'S4')_t3_min: 3935
	F3_('E4', 'S4')_tb: 41893
	F16_('E1', 'S1')_t5_max: 1925
	F38_('S4', 'E4')_t4_max: 3640
	F34_('S5', 'E5')_tb: 91454
	F36_('E1', 'S1')_t4_max: 62001
	F15_('S5', 'E5')_tb: 25796
	F39_('E5', 'S5')_t5_max: 1352
	F15_('S2', 'S3')_t5_max: 25784
	F25_('S2', 'S1')_tb: 1794
	F31_('S5', 'E5')_t3_min: 123547
	F24_('S2', 'S1')_tb: 3768
	F5_('S1', 'S2')_t5_min: 1986
	F23_('E2', 'S2')_tb: 9887
	F19_('S2', 'S1')_tb: 73712
	F14_('E3', 'S3')_tb: 1819
	F28_('E2', 'S2')_t5_max: 1742
	F39_('S2', 'E2')_t5_min: 1436
	F37_('S4', 'S3')_t3_max: 3592
	F30_('S4', 'E4')_t3_min: 127601
	F26_('S3', 'S4')_t3_min: 3458
	F14_('S2', 'S1')_t5_max: 1877
	F7_('S3', 'S2')_t5_min: 41888
	F2_('S5', 'S4')_t5_max: 14050
	F4_('S3', 'S2')_t3_min: 15646
	F22_('S3', 'S4')_t5_min: 91523
	F23_('E2', 'S2')_t5_max: 9896
	F36_('S2', 'E2')_t3_min: 62009
	F33_('S3', 'S4')_t3_min: 38
	F21_('S5', 'S4')_tb: 3683
	F24_('E4', 'S4')_t5_max: 3739
	F12_('E3', 'S3')_t3_min: 63759
	F2_('S4', 'S3')_t5_max: 14063
	F39_('E5', 'S5')_t4_max: 1340
	F11_('S4', 'E4')_tb: 91534
	F12_('S2', 'S1')_t5_min: 63795
	F6_('E4', 'S4')_t4_min: 9861
	F32_('S2', 'E2')_tb: 123455
	F4_('S2', 'S1')_t3_max: 15679
	F36_('E1', 'S1')_tb: 62001
	F38_('S3', 'S4')_t3_min: 3577
	F15_('S5', 'E5')_t5_min: 25808
	F6_('S5', 'E5')_t5_max: 9925
	F9_('S4', 'S3')_t5_min: 63850
	F35_('E2', 'S2')_t5_max: 11728
	F21_('E5', 'S5')_t3_min: 3661
	F7_('S3', 'S2')_t5_max: 41924
	F2_('S2', 'S1')_t3_min: 14073
	F30_('E5', 'S5')_t5_max: 127584
	F6_('S5', 'E5')_t3_max: 9904
	F26_('S5', 'E5')_t4_max: 3536
	F38_('S3', 'S4')_t5_max: 3620
	F21_('S1', 'E1')_t3_max: 3735
	F1_('E2', 'S2')_t5_max: 3927
	('S2', 'S1')_gcl_length: 174
	F29_('E5', 'S5')_tb: 15589
	F14_('E3', 'S3')_t5_max: 1825
	F26_('E3', 'S3')_t5_max: 3456
	F5_('E1', 'S1')_t3_min: 1975
	F32_('S3', 'S2')_t3_min: 123447
	F5_('S2', 'E2')_t5_max: 2008
	F35_('S1', 'E1')_tb: 11752
	F14_('S3', 'S2')_tb: 1827
	F39_('S5', 'S4')_t5_min: 1366
	F39_('E5', 'S5')_tb: 1340
	F30_('S4', 'E4')_t3_max: 127606
	F16_('S5', 'E5')_t3_max: 2042
	F37_('S5', 'S4')_t5_max: 3585
	F35_('S2', 'S1')_t3_min: 11730
	F23_('E2', 'S2')_t4_max: 9887
	F10_('S3', 'S2')_t3_min: 31647
	F32_('E3', 'S3')_tb: 123439
	F34_('E4', 'S4')_t4_max: 91415
	F20_('E4', 'S4')_t3_min: 9820
	F24_('S2', 'S1')_t3_min: 3763
	F17_('S4', 'S5')_tb: 31923
	F38_('E2', 'S2')_t4_min: 3559
	F21_('E5', 'S5')_t4_max: 3661
	F17_('S3', 'S4')_tb: 31912
	F36_('S2', 'E2')_tb: 62009
	F20_('E4', 'S4')_t4_max: 9820
	F27_('S1', 'E1')_t5_max: 3971
	F24_('S1', 'E1')_t3_max: 3779
	F37_('S3', 'E3')_t5_max: 3639
	F27_('S1', 'E1')_t3_max: 3954
	F14_('S1', 'E1')_tb: 1843
	F6_('S4', 'S5')_t5_max: 9897
	F11_('E1', 'S1')_tb: 89943
	F35_('S1', 'E1')_t5_min: 11755
	F2_('E5', 'S5')_t5_min: 14024
	F24_('S1', 'E1')_tb: 3774
	F18_('S2', 'S3')_tb: 3523
	F4_('S3', 'S2')_tb: 15663
	F2_('E5', 'S5')_t4_max: 14018
	F15_('S3', 'S4')_t3_min: 25768
	F33_('S2', 'S3')_t5_max: 36
	F26_('S4', 'S5')_t5_min: 3480
	F10_('S5', 'S4')_t5_max: 31653
	F19_('S1', 'E1')_t5_max: 73754
	F13_('E4', 'S4')_t5_max: 3937
	F26_('S5', 'E5')_t5_max: 3546
	F25_('S2', 'S1')_t5_max: 1817
	F16_('S5', 'E5')_t4_max: 2055
	F23_('S5', 'E5')_t5_min: 9982
	F24_('S3', 'S2')_t5_max: 3761
	F19_('S1', 'E1')_t5_min: 73736
	F26_('S3', 'S4')_t5_max: 3486
	F9_('S4', 'S3')_tb: 63842
	F0_('E1', 'S1')_t4_max: 30068
	F31_('S4', 'S5')_t5_max: 123563
	F25_('S2', 'S1')_t5_min: 1799
	F35_('E2', 'S2')_t3_min: 11725
	F31_('S5', 'E5')_t3_max: 123570
	F12_('S2', 'S1')_tb: 63786
	F20_('S4', 'S5')_t3_min: 9833
	F8_('E3', 'S3')_t5_max: 41
	F11_('S3', 'S4')_t3_min: 91524
	F15_('E1', 'S1')_t5_min: 25721
	F11_('S4', 'E4')_t4_max: 91570
	('S2', 'E2')_gcl_length: 0
	F7_('S1', 'E1')_tb: 41904
	F26_('S3', 'S4')_t5_min: 3468
	F6_('S5', 'E5')_t5_min: 9889
	F33_('S4', 'S5')_tb: 48
	F23_('E2', 'S2')_t5_min: 9896
	F18_('E1', 'S1')_t3_min: 3503
	F8_('E3', 'S3')_t4_max: 38
	F5_('S2', 'E2')_t5_min: 1990
	F24_('S1', 'E1')_t5_max: 3796
	F32_('E3', 'S3')_t4_max: 123439
	F2_('S1', 'E1')_t4_max: 14122
	F2_('S1', 'E1')_t5_min: 14110
	F22_('S4', 'S5')_tb: 91542
	F23_('S5', 'E5')_t3_min: 9973
	F32_('S2', 'E2')_t5_max: 123497
	F26_('S5', 'E5')_t5_min: 3492
	F12_('S3', 'S2')_tb: 63775
	F8_('S3', 'S2')_t5_min: 46
	F24_('E4', 'S4')_t4_min: 3735
	F12_('S1', 'E1')_t5_max: 63842
	F1_('S4', 'E4')_t5_max: 3999
	F7_('S2', 'S1')_t3_min: 41890
	F30_('S5', 'S4')_tb: 127591
	F20_('S5', 'E5')_t5_max: 9880
	F28_('E2', 'S2')_t4_min: 1733
	F17_('S3', 'S4')_t5_max: 31916
	F31_('S5', 'E5')_t4_max: 123583
	F0_('E1', 'S1')_t3_min: 30068
	F5_('E1', 'S1')_t5_min: 1977
	F15_('S4', 'S5')_t5_max: 25848
	F0_('S1', 'S2')_t5_max: 30104
	F17_('E3', 'S3')_t4_min: 31901
	F1_('S4', 'E4')_tb: 3941
	F7_('S4', 'S3')_t3_min: 41862
	F18_('S3', 'E3')_t5_max: 3595
	F0_('E1', 'S1')_t4_min: 30068
	F4_('S3', 'S2')_t5_max: 15672
	F32_('S3', 'S2')_tb: 123447
	F31_('E4', 'S4')_t5_min: 123531
	F1_('E2', 'S2')_t3_min: 3923
	F28_('E2', 'S2')_t5_min: 1742
	F34_('E4', 'S4')_t5_min: 91424
	F7_('S2', 'S1')_tb: 41890
	F8_('E3', 'S3')_t3_min: 38
	F8_('E3', 'S3')_t4_min: 38
	F37_('S5', 'S4')_t3_min: 3385
	F37_('E5', 'S5')_t4_max: 3376
	F23_('S4', 'S5')_t3_max: 9948
	F7_('E4', 'S4')_t5_min: 41860
	F15_('S3', 'S4')_t5_min: 25780
	F19_('E2', 'S2')_t4_max: 73694
	F26_('S5', 'E5')_t3_max: 3523
	F7_('S1', 'E1')_t4_max: 41976
	F39_('E5', 'S5')_t3_min: 1340
	F2_('E5', 'S5')_t4_min: 14018
	F34_('E4', 'S4')_tb: 91415
	F27_('S2', 'S1')_t3_min: 3925
	F23_('S3', 'S4')_t3_max: 9919
	F4_('E3', 'S3')_t5_min: 15644
	F11_('S1', 'S2')_t5_max: 89978
	F10_('S5', 'S4')_t5_min: 31635
	F20_('S4', 'S5')_t5_min: 9849
	F32_('S2', 'E2')_t5_min: 123461
	F16_('S5', 'E5')_t3_min: 2001
	F15_('S1', 'S2')_tb: 25740
	F21_('S1', 'E1')_t5_max: 3751
	F39_('S4', 'S3')_t5_min: 1403
	F21_('E5', 'S5')_t4_min: 3661
	F18_('E1', 'S1')_t5_max: 3511
	F15_('S1', 'S2')_t5_max: 25752
	F5_('S1', 'S2')_t3_min: 1979
	F23_('S3', 'S4')_t3_min: 9914
	F32_('E3', 'S3')_t4_min: 123439
	F27_('S1', 'E1')_t4_max: 3967
	F6_('S5', 'E5')_t4_max: 9917
	F13_('E4', 'S4')_tb: 3926
	F25_('E3', 'S3')_t5_min: 1780
	F22_('S5', 'E5')_t5_max: 91568
	F33_('S3', 'S4')_t3_max: 43
	F9_('S3', 'S2')_tb: 63868
	F12_('S3', 'S2')_t5_max: 63784
	F11_('S1', 'S2')_t3_min: 89953
	F15_('S2', 'S3')_t3_min: 25754
	F2_('S5', 'S4')_t5_min: 14032
	F16_('S2', 'S3')_tb: 1971
	F15_('S5', 'E5')_t3_min: 25796
	F28_('S1', 'E1')_t3_min: 1755
	F10_('S4', 'S3')_t3_min: 31637
	F20_('E4', 'S4')_t5_min: 9831
	F38_('E2', 'S2')_t4_max: 3559
	('S4', 'E4')_gcl_length: 0
	F26_('E3', 'S3')_t3_min: 3446
	F33_('S2', 'S3')_t3_min: 11
	F27_('S3', 'S2')_t3_min: 3902
	('S3', 'S2')_gcl_length: 200
	F21_('S3', 'S2')_t3_max: 3715
	F16_('E1', 'S1')_t3_min: 1917
	F0_('S2', 'E2')_t4_max: 30124
	F10_('S2', 'E2')_tb: 31657
	F10_('S2', 'E2')_t3_min: 31657
	F17_('S3', 'S4')_t5_min: 31916
	F7_('S4', 'S3')_t5_min: 41874
	F10_('S3', 'S2')_t3_max: 31688
	F25_('S1', 'E1')_t4_max: 1837
	F5_('E1', 'S1')_tb: 1975
	F12_('E3', 'S3')_t4_max: 63759
	F11_('E1', 'S1')_t3_min: 89943
	F10_('E5', 'S5')_t4_min: 31617
	F4_('S1', 'E1')_t3_min: 15702
	F34_('S4', 'S5')_tb: 91443
	F7_('S1', 'E1')_t5_min: 41916
	F27_('E3', 'S3')_t4_min: 3896
	F11_('E1', 'S1')_t4_max: 89943
	F13_('S4', 'S5')_t5_max: 3968
	F18_('E1', 'S1')_t4_max: 3503
	F32_('S3', 'S2')_t5_max: 123471
	F27_('S1', 'E1')_t3_min: 3931
	F11_('S1', 'S2')_t5_min: 89978
	F6_('S4', 'S5')_tb: 9871
	F1_('E2', 'S2')_t5_min: 3927
	F5_('S2', 'E2')_t3_min: 1988
	F12_('S3', 'S2')_t3_min: 63770
	F1_('S4', 'E4')_t4_max: 3995
	F8_('S2', 'E2')_t5_min: 51
	F15_('S4', 'S5')_t3_max: 25823
	F12_('E3', 'S3')_t5_min: 63768
	F34_('S5', 'E5')_t5_max: 91481
	F19_('S2', 'S1')_t5_min: 73723
	F25_('E3', 'S3')_t3_min: 1775
	F11_('S3', 'S4')_t5_max: 91550
	F33_('E2', 'S2')_tb: 1
	F27_('S2', 'S1')_tb: 3925
	F36_('S2', 'E2')_t5_min: 62011
	F20_('E4', 'S4')_t5_max: 9831
	F25_('E3', 'S3')_t5_max: 1780
	F23_('S2', 'S3')_t5_min: 9912
	F24_('S3', 'S2')_t5_min: 3761
	F29_('E5', 'S5')_t3_min: 15589
	('S5', 'S4')_gcl_length: 146
