0. Flow F0 [SMRIU2-->RCM2] with period 8000, payload 733B, e2e delay 8000us, jitter 800us
	('SMRIU2', 'SW6'), Operation(6172, None, 6231)(6172, 6172)
	('SW6', 'SW32'), Operation(6233, None, 6421)(6233, 6362)
	('SW32', 'RCM2'), Operation(6294, None, 6611)(6294, 6552)
1. Flow F1 [LCM2-->DU1] with period 16000, payload 766B, e2e delay 16000us, jitter 1600us
	('LCM2', 'SW32'), Operation(1513, None, 1575)(1513, 1513)
	('SW32', 'SW22'), Operation(1577, None, 1768)(1577, 1706)
	('SW22', 'SW11'), Operation(1641, None, 1961)(1641, 1899)
	('SW11', 'DU1'), Operation(1705, None, 2154)(1705, 2092)
2. Flow F2 [SM2CB-->SM1CA] with period 2000, payload 840B, e2e delay 2000us, jitter 200us
	('SM2CB', 'SW52'), Operation(857, None, 925)(857, 857)
	('SW52', 'SW8'), Operation(927, 932, 1000)(932, 932)
	('SW8', 'SW51'), Operation(1002, None, 1199)(1002, 1131)
	('SW51', 'SM1CA'), Operation(1072, 1206, 1274)(1206, 1206)
3. Flow F3 [MIMU3-->CMRIU1] with period 4000, payload 1431B, e2e delay 4000us, jitter 400us
	('MIMU3', 'SW13'), Operation(1873, None, 1988)(1873, 1873)
	('SW13', 'SW21'), Operation(1990, 1995, 2110)(1995, 1995)
	('SW21', 'CMRIU1'), Operation(2112, 3884, 3999)(3884, 3884)
4. Flow F4 [StarTr1-->CMRIU2] with period 32000, payload 1235B, e2e delay 32000us, jitter 3200us
	('StarTr1', 'SW13'), Operation(3917, None, 4016)(3917, 3917)
	('SW13', 'SW22'), Operation(4018, None, 4246)(4018, 4147)
	('SW22', 'CMRIU2'), Operation(4119, None, 4476)(4119, 4377)
5. Flow F5 [DU3-->RCM2] with period 128000, payload 1006B, e2e delay 128000us, jitter 12800us
	('DU3', 'SW11'), Operation(118297, None, 118378)(118297, 118297)
	('SW11', 'SW22'), Operation(118380, None, 118590)(118380, 118509)
	('SW22', 'SW32'), Operation(118463, 118720, 118801)(118720, 118720)
	('SW32', 'RCM2'), Operation(118803, None, 119013)(118803, 118932)
6. Flow F6 [SM1CA-->SM1CB] with period 64000, payload 137B, e2e delay 64000us, jitter 6400us
	('SM1CA', 'SW51'), Operation(31210, None, 31221)(31210, 31210)
	('SW51', 'SM1CB'), Operation(31223, None, 31363)(31223, 31352)
7. Flow F7 [CM2CB-->FCM1] with period 16000, payload 711B, e2e delay 16000us, jitter 1600us
	('CM2CB', 'SW42'), Operation(13431, None, 13488)(13431, 13431)
	('SW42', 'SW32'), Operation(13490, None, 13676)(13490, 13619)
	('SW32', 'SW7'), Operation(13549, 13806, 13863)(13806, 13806)
	('SW7', 'SW31'), Operation(13865, None, 14051)(13865, 13994)
	('SW31', 'FCM1'), Operation(13924, None, 14239)(13924, 14182)
8. Flow F8 [CM2CA-->LCM1] with period 4000, payload 1329B, e2e delay 4000us, jitter 400us
	('CM2CA', 'SW42'), Operation(3312, None, 3419)(3312, 3312)
	('SW42', 'SW32'), Operation(3421, 3426, 3533)(3426, 3426)
	('SW32', 'SW7'), Operation(3535, 3540, 3647)(3540, 3540)
	('SW7', 'SW31'), Operation(3649, 3654, 3761)(3654, 3654)
	('SW31', 'LCM1'), Operation(3763, None, 3999)(3763, 3892)
9. Flow F9 [CMRIU2-->DU4] with period 32000, payload 377B, e2e delay 32000us, jitter 3200us
	('CMRIU2', 'SW22'), Operation(31644, None, 31675)(31644, 31644)
	('SW22', 'SW14'), Operation(31677, None, 31837)(31677, 31806)
	('SW14', 'DU4'), Operation(31710, None, 31999)(31710, 31968)
10. Flow F10 [CMRIU1-->DU5] with period 16000, payload 1213B, e2e delay 16000us, jitter 1600us
	('CMRIU1', 'SW21'), Operation(1, None, 99)(1, 1)
	('SW21', 'SW14'), Operation(101, None, 328)(101, 230)
	('SW14', 'DU5'), Operation(201, None, 557)(201, 459)
11. Flow F11 [DU5-->MIMU3] with period 64000, payload 1280B, e2e delay 64000us, jitter 6400us
	('DU5', 'SW14'), Operation(56331, None, 56434)(56331, 56331)
	('SW14', 'SW21'), Operation(56436, None, 56668)(56436, 56565)
	('SW21', 'SW13'), Operation(56541, None, 56902)(56541, 56799)
	('SW13', 'MIMU3'), Operation(56646, None, 57136)(56646, 57033)
12. Flow F12 [DU1-->LCM1] with period 4000, payload 970B, e2e delay 4000us, jitter 400us
	('DU1', 'SW11'), Operation(472, None, 550)(472, 472)
	('SW11', 'SW21'), Operation(552, None, 759)(552, 681)
	('SW21', 'SW31'), Operation(632, None, 968)(632, 890)
	('SW31', 'LCM1'), Operation(712, None, 1177)(712, 1099)
13. Flow F13 [SM1CA-->SMRIU1] with period 32000, payload 1051B, e2e delay 32000us, jitter 3200us
	('SM1CA', 'SW51'), Operation(19066, None, 19151)(19066, 19066)
	('SW51', 'SW41'), Operation(19153, None, 19367)(19153, 19282)
	('SW41', 'SW31'), Operation(19240, None, 19583)(19240, 19498)
	('SW31', 'SW6'), Operation(19327, None, 19799)(19327, 19714)
	('SW6', 'SMRIU1'), Operation(19414, None, 20015)(19414, 19930)
14. Flow F14 [LCM2-->BFCU] with period 128000, payload 1421B, e2e delay 128000us, jitter 12800us
	('LCM2', 'SW32'), Operation(27513, None, 27627)(27513, 27513)
	('SW32', 'SW22'), Operation(27629, None, 27872)(27629, 27758)
	('SW22', 'BFCU'), Operation(27745, None, 28117)(27745, 28003)
15. Flow F15 [DU2-->LCM2] with period 16000, payload 1503B, e2e delay 16000us, jitter 1600us
	('DU2', 'SW11'), Operation(15122, None, 15243)(15122, 15122)
	('SW11', 'SW22'), Operation(15245, None, 15495)(15245, 15374)
	('SW22', 'SW32'), Operation(15368, None, 15747)(15368, 15626)
	('SW32', 'LCM2'), Operation(15491, None, 15999)(15491, 15878)
16. Flow F16 [SM1CA-->SM2CB] with period 4000, payload 896B, e2e delay 4000us, jitter 400us
	('SM1CA', 'SW51'), Operation(2700, None, 2772)(2700, 2700)
	('SW51', 'SW8'), Operation(2774, None, 2975)(2774, 2903)
	('SW8', 'SW52'), Operation(2848, None, 3178)(2848, 3106)
	('SW52', 'SM2CB'), Operation(2922, None, 3381)(2922, 3309)
17. Flow F17 [CM2CA-->DU5] with period 4000, payload 640B, e2e delay 4000us, jitter 400us
	('CM2CA', 'SW42'), Operation(1254, None, 1306)(1254, 1254)
	('SW42', 'SW32'), Operation(1308, None, 1489)(1308, 1437)
	('SW32', 'SW22'), Operation(1362, 1496, 1548)(1496, 1496)
	('SW22', 'SW14'), Operation(1550, 1678, 1730)(1678, 1678)
	('SW14', 'DU5'), Operation(1732, None, 1913)(1732, 1861)
18. Flow F18 [CMRIU2-->DU4] with period 8000, payload 276B, e2e delay 8000us, jitter 800us
	('CMRIU2', 'SW22'), Operation(7378, None, 7401)(7378, 7378)
	('SW22', 'SW14'), Operation(7403, None, 7555)(7403, 7532)
	('SW14', 'DU4'), Operation(7428, None, 7709)(7428, 7686)
19. Flow F19 [SMRIU1-->CM2CB] with period 2000, payload 1399B, e2e delay 2000us, jitter 200us
	('SMRIU1', 'SW6'), Operation(1, None, 113)(1, 1)
	('SW6', 'SW32'), Operation(115, 120, 232)(120, 120)
	('SW32', 'SW42'), Operation(234, None, 475)(234, 363)
	('SW42', 'CM2CB'), Operation(348, 482, 594)(482, 482)
20. Flow F20 [DU1-->CMRIU2] with period 32000, payload 293B, e2e delay 32000us, jitter 3200us
	('DU1', 'SW11'), Operation(3784, None, 3808)(3784, 3784)
	('SW11', 'SW22'), Operation(3810, None, 3963)(3810, 3939)
	('SW22', 'CMRIU2'), Operation(3836, None, 4118)(3836, 4094)
21. Flow F21 [CM1CA-->FCM1] with period 2000, payload 892B, e2e delay 2000us, jitter 200us
	('CM1CA', 'SW41'), Operation(1088, None, 1160)(1088, 1088)
	('SW41', 'SW31'), Operation(1162, 1167, 1239)(1167, 1167)
	('SW31', 'FCM1'), Operation(1241, None, 1442)(1241, 1370)
22. Flow F22 [DU2-->MIMU2] with period 8000, payload 110B, e2e delay 8000us, jitter 800us
	('DU2', 'SW11'), Operation(7695, None, 7704)(7695, 7695)
	('SW11', 'SW21'), Operation(7706, 7834, 7843)(7834, 7834)
	('SW21', 'SW13'), Operation(7845, 7850, 7859)(7850, 7850)
	('SW13', 'MIMU2'), Operation(7861, None, 7999)(7861, 7990)
23. Flow F23 [SM2CB-->FCM1] with period 8000, payload 317B, e2e delay 8000us, jitter 800us
	('SM2CB', 'SW52'), Operation(743, None, 769)(743, 743)
	('SW52', 'SW8'), Operation(771, None, 926)(771, 900)
	('SW8', 'SW31'), Operation(799, None, 1083)(799, 1057)
	('SW31', 'FCM1'), Operation(827, None, 1240)(827, 1214)
24. Flow F24 [DU4-->RCM1] with period 16000, payload 649B, e2e delay 16000us, jitter 1600us
	('DU4', 'SW14'), Operation(15646, None, 15698)(15646, 15646)
	('SW14', 'SW21'), Operation(15700, 15705, 15757)(15705, 15705)
	('SW21', 'SW31'), Operation(15759, None, 15940)(15759, 15888)
	('SW31', 'RCM1'), Operation(15813, 15947, 15999)(15947, 15947)
25. Flow F25 [StarTr2-->MIMU1] with period 8000, payload 762B, e2e delay 8000us, jitter 800us
	('StarTr2', 'SW13'), Operation(1, None, 62)(1, 1)
	('SW13', 'MIMU1'), Operation(64, None, 254)(64, 193)
26. Flow F26 [MIMU1-->DU1] with period 8000, payload 261B, e2e delay 8000us, jitter 800us
	('MIMU1', 'SW13'), Operation(6736, None, 6757)(6736, 6736)
	('SW13', 'SW21'), Operation(6759, None, 6909)(6759, 6888)
	('SW21', 'SW11'), Operation(6782, 6916, 6937)(6916, 6916)
	('SW11', 'DU1'), Operation(6939, None, 7089)(6939, 7068)
27. Flow F27 [DU4-->FCM1] with period 8000, payload 788B, e2e delay 8000us, jitter 800us
	('DU4', 'SW14'), Operation(176, None, 240)(176, 176)
	('SW14', 'SW21'), Operation(242, None, 435)(242, 371)
	('SW21', 'SW31'), Operation(308, 567, 631)(567, 567)
	('SW31', 'FCM1'), Operation(633, None, 826)(633, 762)
28. Flow F28 [FCM2-->SBAND2] with period 8000, payload 268B, e2e delay 8000us, jitter 800us
	('FCM2', 'SW32'), Operation(1525, None, 1547)(1525, 1525)
	('SW32', 'SW22'), Operation(1549, 1554, 1576)(1554, 1554)
	('SW22', 'SW12'), Operation(1578, 1706, 1728)(1706, 1706)
	('SW12', 'SBAND2'), Operation(1730, None, 1881)(1730, 1859)
29. Flow F29 [LCM2-->CM1CB] with period 2000, payload 877B, e2e delay 2000us, jitter 200us
	('LCM2', 'SW32'), Operation(1441, None, 1512)(1441, 1441)
	('SW32', 'SW6'), Operation(1514, 1519, 1590)(1519, 1519)
	('SW6', 'SW31'), Operation(1592, 1597, 1668)(1597, 1597)
	('SW31', 'SW41'), Operation(1670, None, 1870)(1670, 1799)
	('SW41', 'CM1CB'), Operation(1743, 1877, 1948)(1877, 1877)
30. Flow F30 [MIMU2-->DU1] with period 4000, payload 443B, e2e delay 4000us, jitter 400us
	('MIMU2', 'SW13'), Operation(2429, None, 2465)(2429, 2429)
	('SW13', 'SW21'), Operation(2467, 2472, 2508)(2472, 2472)
	('SW21', 'SW11'), Operation(2510, None, 2675)(2510, 2639)
	('SW11', 'DU1'), Operation(2548, None, 2842)(2548, 2806)
31. Flow F31 [StarTr1-->FCM2] with period 128000, payload 1374B, e2e delay 128000us, jitter 12800us
	('StarTr1', 'SW13'), Operation(62775, None, 62885)(62775, 62775)
	('SW13', 'SW22'), Operation(62887, None, 63126)(62887, 63016)
	('SW22', 'SW32'), Operation(62999, None, 63367)(62999, 63257)
	('SW32', 'FCM2'), Operation(63111, None, 63608)(63111, 63498)
32. Flow F32 [SM1CA-->MIMU3] with period 32000, payload 336B, e2e delay 32000us, jitter 3200us
	('SM1CA', 'SW51'), Operation(31182, None, 31209)(31182, 31182)
	('SW51', 'SW41'), Operation(31211, None, 31367)(31211, 31340)
	('SW41', 'SW31'), Operation(31240, None, 31525)(31240, 31498)
	('SW31', 'SW21'), Operation(31269, None, 31683)(31269, 31656)
	('SW21', 'SW13'), Operation(31298, None, 31841)(31298, 31814)
	('SW13', 'MIMU3'), Operation(31327, None, 31999)(31327, 31972)
33. Flow F33 [SM2CB-->BFCU] with period 16000, payload 210B, e2e delay 16000us, jitter 1600us
	('SM2CB', 'SW52'), Operation(724, None, 741)(724, 724)
	('SW52', 'SW42'), Operation(743, None, 889)(743, 872)
	('SW42', 'SW32'), Operation(762, None, 1037)(762, 1020)
	('SW32', 'SW22'), Operation(781, None, 1185)(781, 1168)
	('SW22', 'BFCU'), Operation(800, None, 1333)(800, 1316)
34. Flow F34 [RCM1-->CM1CA] with period 128000, payload 514B, e2e delay 128000us, jitter 12800us
	('RCM1', 'SW31'), Operation(125454, None, 125496)(125454, 125454)
	('SW31', 'SW41'), Operation(125498, None, 125669)(125498, 125627)
	('SW41', 'CM1CA'), Operation(125542, None, 125842)(125542, 125800)
35. Flow F35 [SM1CA-->SBAND1] with period 32000, payload 1110B, e2e delay 32000us, jitter 3200us
	('SM1CA', 'SW51'), Operation(30397, None, 30486)(30397, 30397)
	('SW51', 'SW41'), Operation(30488, 30493, 30582)(30493, 30493)
	('SW41', 'SW31'), Operation(30584, None, 30802)(30584, 30713)
	('SW31', 'SW21'), Operation(30675, None, 31022)(30675, 30933)
	('SW21', 'SW12'), Operation(30766, None, 31242)(30766, 31153)
	('SW12', 'SBAND1'), Operation(30857, None, 31462)(30857, 31373)
36. Flow F36 [SM2CB-->LCM2] with period 16000, payload 767B, e2e delay 16000us, jitter 1600us
	('SM2CB', 'SW52'), Operation(11976, None, 12038)(11976, 11976)
	('SW52', 'SW42'), Operation(12040, 12045, 12107)(12045, 12045)
	('SW42', 'SW32'), Operation(12109, 12114, 12176)(12114, 12114)
	('SW32', 'LCM2'), Operation(12178, None, 12369)(12178, 12307)
37. Flow F37 [SMRIU2-->DU1] with period 64000, payload 163B, e2e delay 64000us, jitter 6400us
	('SMRIU2', 'SW6'), Operation(63653, None, 63667)(63653, 63653)
	('SW6', 'SW31'), Operation(63669, 63674, 63688)(63674, 63674)
	('SW31', 'SW21'), Operation(63690, 63695, 63709)(63695, 63695)
	('SW21', 'SW11'), Operation(63711, None, 63854)(63711, 63840)
	('SW11', 'DU1'), Operation(63727, None, 63999)(63727, 63985)
38. Flow F38 [DU4-->CMRIU1] with period 8000, payload 1048B, e2e delay 8000us, jitter 800us
	('DU4', 'SW14'), Operation(5597, None, 5681)(5597, 5597)
	('SW14', 'SW21'), Operation(5683, None, 5896)(5683, 5812)
	('SW21', 'CMRIU1'), Operation(5769, None, 6111)(5769, 6027)
39. Flow F39 [CM2CB-->RCM1] with period 4000, payload 625B, e2e delay 4000us, jitter 400us
	('CM2CB', 'SW42'), Operation(1, None, 51)(1, 1)
	('SW42', 'SW32'), Operation(53, 58, 108)(58, 58)
	('SW32', 'SW7'), Operation(110, 238, 288)(238, 238)
	('SW7', 'SW31'), Operation(290, None, 469)(290, 419)
	('SW31', 'RCM1'), Operation(342, None, 650)(342, 600)
40. Flow F40 [DU1-->DU3] with period 8000, payload 1069B, e2e delay 8000us, jitter 800us
	('DU1', 'SW11'), Operation(6925, None, 7011)(6925, 6925)
	('SW11', 'DU3'), Operation(7013, None, 7228)(7013, 7142)
41. Flow F41 [MIMU1-->CM1CB] with period 64000, payload 1044B, e2e delay 64000us, jitter 6400us
	('MIMU1', 'SW13'), Operation(62167, None, 62251)(62167, 62167)
	('SW13', 'SW21'), Operation(62253, None, 62466)(62253, 62382)
	('SW21', 'SW31'), Operation(62339, None, 62681)(62339, 62597)
	('SW31', 'SW41'), Operation(62425, None, 62896)(62425, 62812)
	('SW41', 'CM1CB'), Operation(62511, None, 63111)(62511, 63027)
42. Flow F42 [LCM1-->RCM1] with period 2000, payload 918B, e2e delay 2000us, jitter 200us
	('LCM1', 'SW31'), Operation(1657, None, 1731)(1657, 1657)
	('SW31', 'RCM1'), Operation(1733, 1738, 1812)(1738, 1738)
43. Flow F43 [FCM1-->DU3] with period 2000, payload 1247B, e2e delay 2000us, jitter 200us
	('FCM1', 'SW31'), Operation(344, None, 444)(344, 344)
	('SW31', 'SW21'), Operation(446, 574, 674)(574, 574)
	('SW21', 'SW11'), Operation(676, 681, 781)(681, 681)
	('SW11', 'DU3'), Operation(783, None, 1012)(783, 912)
44. Flow F44 [SM1CA-->LCM1] with period 8000, payload 1244B, e2e delay 8000us, jitter 800us
	('SM1CA', 'SW51'), Operation(6599, None, 6699)(6599, 6599)
	('SW51', 'SW41'), Operation(6701, None, 6930)(6701, 6830)
	('SW41', 'SW31'), Operation(6803, None, 7161)(6803, 7061)
	('SW31', 'LCM1'), Operation(6905, None, 7392)(6905, 7292)
45. Flow F45 [CM2CB-->FCM2] with period 128000, payload 670B, e2e delay 128000us, jitter 12800us
	('CM2CB', 'SW42'), Operation(80053, None, 80107)(80053, 80053)
	('SW42', 'SW32'), Operation(80109, None, 80292)(80109, 80238)
	('SW32', 'FCM2'), Operation(80165, None, 80477)(80165, 80423)
46. Flow F46 [StarTr1-->SM1CB] with period 2000, payload 1149B, e2e delay 2000us, jitter 200us
	('StarTr1', 'SW13'), Operation(17, None, 109)(17, 17)
	('SW13', 'SW21'), Operation(111, 116, 208)(116, 116)
	('SW21', 'SW31'), Operation(210, 215, 307)(215, 215)
	('SW31', 'SW41'), Operation(309, 332, 424)(332, 332)
	('SW41', 'SW51'), Operation(426, 1684, 1776)(1684, 1684)
	('SW51', 'SM1CB'), Operation(1778, None, 1999)(1778, 1907)
47. Flow F47 [SM2CA-->RCM2] with period 2000, payload 419B, e2e delay 2000us, jitter 200us
	('SM2CA', 'SW52'), Operation(521, None, 555)(521, 521)
	('SW52', 'SW42'), Operation(557, 562, 596)(562, 562)
	('SW42', 'SW32'), Operation(598, None, 761)(598, 727)
	('SW32', 'RCM2'), Operation(634, 768, 802)(768, 768)
48. Flow F48 [FCM2-->SBAND1] with period 32000, payload 564B, e2e delay 32000us, jitter 3200us
	('FCM2', 'SW32'), Operation(17138, None, 17184)(17138, 17138)
	('SW32', 'SW22'), Operation(17186, None, 17361)(17186, 17315)
	('SW22', 'SW12'), Operation(17234, 17368, 17414)(17368, 17368)
	('SW12', 'SBAND1'), Operation(17416, None, 17591)(17416, 17545)
49. Flow F49 [FCM2-->MIMU2] with period 16000, payload 737B, e2e delay 16000us, jitter 1600us
	('FCM2', 'SW32'), Operation(11812, None, 11871)(11812, 11812)
	('SW32', 'SW22'), Operation(11873, None, 12061)(11873, 12002)
	('SW22', 'SW13'), Operation(11934, None, 12251)(11934, 12192)
	('SW13', 'MIMU2'), Operation(11995, None, 12441)(11995, 12382)

SMT variables: 
	F32_jitter: 645
	F33_('SW22', 'BFCU')_gc: False
	F7_queue_index: 0
	('SW21', 'SW13')_gcl_cycle: 8000
	F45_('SW42', 'SW32')_gc: False
	('SW51', 'SM1CB')_gcl_cycle: 1
	F41_('SW31', 'SW41')_rr: 0
	F3_('MIMU3', 'SW13')_t3_max: 1749
	F27_('DU4', 'SW14')_t3_max: 52
	F22_queue_index: 0
	F24_('SW14', 'SW21')_gc: True
	F19_('SW32', 'SW42')_rr: 0
	F12_('SW21', 'SW31')_rr: 0
	F33_('SM2CB', 'SW52')_gc: False
	F35_('SW51', 'SW41')_gc: True
	('MIMU2', 'SW13')_gcl_cycle: 1
	F8_('SW7', 'SW31')_t4_min: 3654
	F13_('SW51', 'SW41')_t4_max: 19282
	F24_('SW14', 'SW21')_t3_max: 15705
	F46_('StarTr1', 'SW13')_rr: 0
	F22_('SW21', 'SW13')_t4_min: 7850
	F26_('MIMU1', 'SW13')_gc: False
	F14_('LCM2', 'SW32')_t3_max: 27389
	F24_('SW31', 'RCM1')_t3_min: 15813
	F20_('SW22', 'CMRIU2')_t5_max: 4118
	F35_('SW41', 'SW31')_gc: False
	('SW32', 'SW7')_gcl_cycle: 16000
	('DU4', 'SW14')_gcl_cycle: 1
	F29_('SW41', 'CM1CB')_t4_min: 1877
	F12_('SW11', 'SW21')_gc: False
	F13_('SW41', 'SW31')_t4_min: 19240
	F40_('SW11', 'DU3')_t3_max: 7018
	F17_('CM2CA', 'SW42')_gc: False
	('CM2CB', 'SW42')_gcl_length: 0
	F32_('SW21', 'SW13')_gc: False
	('SW8', 'SW51')_gcl_cycle: 1
	F49_('SW32', 'SW22')_t3_max: 11878
	F8_('CM2CA', 'SW42')_t4_min: 3312
	F32_('SW51', 'SW41')_rr: 0
	F21_('CM1CA', 'SW41')_gc: False
	F1_('LCM2', 'SW32')_rr: 0
	F13_jitter: 516
	F1_jitter: 387
	F9_('SW14', 'DU4')_rr: 0
	('SW32', 'LCM2')_gcl_cycle: 1
	F15_jitter: 387
	F22_('DU2', 'SW11')_rr: 0
	F27_('SW31', 'FCM1')_gc: False
	F37_('SW31', 'SW21')_t4_max: 63695
	F49_('SW13', 'MIMU2')_t5_min: 12054
	F17_('CM2CA', 'SW42')_t5_min: 1306
	F46_('SW51', 'SM1CB')_t3_max: 1783
	F8_('SW32', 'SW7')_gc: True
	F17_('SW32', 'SW22')_t4_max: 1496
	F8_('SW7', 'SW31')_t4_max: 3654
	F36_('SM2CB', 'SW52')_gc: False
	F6_queue_index: 0
	F46_('SW13', 'SW21')_t3_max: 116
	F15_('SW22', 'SW32')_t4_max: 15626
	F19_('SW32', 'SW42')_t4_max: 363
	F35_('SM1CA', 'SW51')_gc: False
	F48_jitter: 129
	F4_('StarTr1', 'SW13')_t5_min: 4016
	F31_('StarTr1', 'SW13')_tb: 62775
	F14_('SW32', 'SW22')_rr: 0
	F32_('SW13', 'MIMU3')_t5_max: 31999
	F45_('SW42', 'SW32')_t3_max: 80114
	F35_('SM1CA', 'SW51')_rr: 0
	F6_('SW51', 'SM1CB')_t4_max: 31352
	F30_('MIMU2', 'SW13')_gc: False
	F44_('SW31', 'LCM1')_gc: False
	F32_('SW31', 'SW21')_t4_max: 31656
	F44_('SW51', 'SW41')_gc: False
	F4_('SW22', 'CMRIU2')_gc: False
	('SW6', 'SW32')_gcl_cycle: 2000
	F35_('SW41', 'SW31')_rr: 0
	F38_('DU4', 'SW14')_gc: False
	F19_('SW32', 'SW42')_t4_min: 234
	('SW6', 'SW31')_gcl_cycle: 64000
	F40_('SW11', 'DU3')_t5_max: 7228
	F27_('DU4', 'SW14')_gc: False
	F26_('SW21', 'SW11')_rr: 1
	F29_('LCM2', 'SW32')_t3_max: 1317
	F9_('CMRIU2', 'SW22')_gc: False
	F48_('SW32', 'SW22')_gc: False
	F39_('SW42', 'SW32')_t4_min: 58
	F6_('SM1CA', 'SW51')_rr: 0
	F36_('SW52', 'SW42')_rr: 1
	F36_('SW42', 'SW32')_rr: 1
	F28_jitter: 129
	F41_('SW13', 'SW21')_t4_max: 62382
	F29_('SW31', 'SW41')_rr: 0
	F48_('FCM2', 'SW32')_t3_max: 17014
	F35_('SW31', 'SW21')_gc: False
	F16_('SW8', 'SW52')_rr: 0
	F14_('SW22', 'BFCU')_t4_min: 27745
	F30_('SW21', 'SW11')_t4_max: 2639
	F43_('SW31', 'SW21')_t5_max: 674
	F35_('SW51', 'SW41')_t5_min: 30582
	F41_('SW13', 'SW21')_t4_min: 62253
	F0_('SMRIU2', 'SW6')_t4_max: 6172
	F17_('SW14', 'DU5')_gc: False
	F25_('StarTr2', 'SW13')_gc: False
	F44_('SW41', 'SW31')_t5_min: 6903
	F32_('SW13', 'MIMU3')_t4_min: 31327
	F20_('SW22', 'CMRIU2')_rr: 0
	F4_('SW13', 'SW22')_t3_min: 4018
	F24_('SW21', 'SW31')_t3_min: 15759
	('SW22', 'SW14')_gcl_cycle: 4000
	F23_('SW52', 'SW8')_rr: 0
	F26_('MIMU1', 'SW13')_t3_max: 6612
	F21_('SW31', 'FCM1')_t5_max: 1442
	F11_('SW14', 'SW21')_t4_min: 56436
	F17_('SW22', 'SW14')_gc: True
	F27_('SW14', 'SW21')_t4_min: 242
	F47_('SW32', 'RCM2')_rr: 1
	('SW8', 'SW31')_gcl_cycle: 1
	F45_('SW32', 'FCM2')_rr: 0
	F14_('LCM2', 'SW32')_gc: False
	F42_('LCM1', 'SW31')_gc: False
	F13_('SW6', 'SMRIU1')_t4_min: 19414
	F31_('SW13', 'SW22')_gc: False
	F7_('SW31', 'FCM1')_gc: False
	F28_('SW22', 'SW12')_t4_min: 1706
	('SW11', 'SW21')_gcl_cycle: 8000
	F5_('SW22', 'SW32')_t4_min: 118720
	F24_('SW31', 'RCM1')_rr: 1
	F2_('SW8', 'SW51')_gc: False
	F48_('FCM2', 'SW32')_t5_max: 17184
	F32_('SW41', 'SW31')_gc: False
	F47_('SW52', 'SW42')_rr: 8
	F1_('SW22', 'SW11')_gc: False
	F40_('SW11', 'DU3')_gc: False
	F4_('SW13', 'SW22')_t4_max: 4147
	F1_('SW32', 'SW22')_rr: 0
	F5_('SW32', 'RCM2')_t3_min: 118803
	F31_('StarTr1', 'SW13')_t3_max: 62651
	F11_('SW21', 'SW13')_gc: False
	('SW14', 'DU4')_gcl_cycle: 1
	F49_queue_index: 0
	F13_('SW51', 'SW41')_t3_max: 19158
	F42_('SW31', 'RCM1')_t3_max: 1738
	F4_('SW13', 'SW22')_rr: 0
	F28_('SW32', 'SW22')_t5_max: 1576
	F11_('DU5', 'SW14')_rr: 0
	F38_queue_index: 0
	F15_('DU2', 'SW11')_t3_max: 14998
	F43_('SW21', 'SW11')_rr: 4
	F23_('SW52', 'SW8')_t3_max: 776
	F23_queue_index: 0
	F21_('CM1CA', 'SW41')_t3_max: 964
	F37_('SW6', 'SW31')_gc: True
	F7_('SW42', 'SW32')_t5_max: 13676
	F49_('SW22', 'SW13')_t4_min: 11934
	F41_('MIMU1', 'SW13')_t3_max: 62043
	F18_jitter: 258
	F37_('SW31', 'SW21')_rr: 1
	F22_('SW21', 'SW13')_gc: True
	F46_('SW13', 'SW21')_t4_max: 116
	F3_('SW13', 'SW21')_t4_min: 1995
	F15_('SW11', 'SW22')_t3_max: 15250
	F33_('SW22', 'BFCU')_t4_min: 800
	F31_('SW22', 'SW32')_tb: 62999
	('CM2CB', 'SW42')_gcl_cycle: 1
	F47_('SW52', 'SW42')_t3_max: 562
	F13_('SW6', 'SMRIU1')_gc: False
	F36_('SW52', 'SW42')_t4_min: 12045
	F7_('SW7', 'SW31')_gc: False
	F1_('SW32', 'SW22')_t5_min: 1639
	F31_('SW13', 'SW22')_rr: 0
	F31_('SW22', 'SW32')_rr: 0
	F7_('SW42', 'SW32')_t3_max: 13495
	F22_('SW13', 'MIMU2')_gc: False
	F9_('SW22', 'SW14')_t4_min: 31677
	F20_('DU1', 'SW11')_t4_min: 3784
	F10_('SW21', 'SW14')_gc: False
	F41_('SW41', 'CM1CB')_rr: 0
	F21_jitter: 129
	F39_('SW42', 'SW32')_gc: True
	F13_('SW31', 'SW6')_rr: 0
	F12_('SW31', 'LCM1')_t4_min: 712
	F26_('SW13', 'SW21')_t4_min: 6759
	F28_('SW32', 'SW22')_rr: 1
	F48_('SW32', 'SW22')_t4_min: 17186
	F32_('SW13', 'MIMU3')_tb: 31327
	F5_('DU3', 'SW11')_t3_max: 118173
	F22_('SW13', 'MIMU2')_t4_min: 7861
	F6_('SM1CA', 'SW51')_t5_min: 31221
	('SW42', 'SW32')_gcl_cycle: 16000
	('SW51', 'SM1CA')_gcl_cycle: 2000
	('SW21', 'SW14')_gcl_cycle: 1
	F45_('CM2CB', 'SW42')_rr: 0
	F11_queue_index: 0
	F36_('SW42', 'SW32')_gc: True
	F35_('SW41', 'SW31')_t4_min: 30584
	F32_('SM1CA', 'SW51')_rr: 0
	F19_('SW6', 'SW32')_t3_max: 120
	('SW13', 'MIMU2')_gcl_length: 0
	F13_('SW31', 'SW6')_t4_max: 19714
	('DU2', 'SW11')_gcl_length: 0
	('SW22', 'CMRIU2')_gcl_cycle: 1
	F15_queue_index: 0
	F25_('SW13', 'MIMU1')_gc: False
	F12_('SW11', 'SW21')_t3_max: 557
	F13_('SW31', 'SW6')_gc: False
	F26_jitter: 129
	F43_('SW31', 'SW21')_t4_min: 574
	F29_('LCM2', 'SW32')_gc: False
	F35_('SW51', 'SW41')_t3_max: 30493
	F35_('SW51', 'SW41')_t4_max: 30493
	F4_('SW13', 'SW22')_gc: False
	F37_('SW31', 'SW21')_gc: True
	F22_('SW21', 'SW13')_t4_max: 7850
	F45_('SW42', 'SW32')_rr: 0
	F6_('SW51', 'SM1CB')_t3_max: 31228
	F43_('SW21', 'SW11')_t3_max: 681
	F46_('SW51', 'SM1CB')_rr: 0
	F24_('SW21', 'SW31')_gc: False
	F33_('SM2CB', 'SW52')_rr: 0
	F48_('SW32', 'SW22')_rr: 0
	F12_queue_index: 0
	F30_jitter: 258
	F49_('SW32', 'SW22')_t4_max: 12002
	F23_('SW52', 'SW8')_gc: False
	F21_('CM1CA', 'SW41')_rr: 0
	F16_('SW52', 'SM2CB')_rr: 0
	F43_('SW31', 'SW21')_t3_max: 451
	F20_jitter: 258
	F5_('SW32', 'RCM2')_gc: False
	F41_('MIMU1', 'SW13')_rr: 0
	F10_jitter: 258
	F8_('SW7', 'SW31')_gc: True
	F24_('SW14', 'SW21')_rr: 1
	F7_('SW32', 'SW7')_tb: 13806
	('CM1CA', 'SW41')_gcl_cycle: 1
	F25_('StarTr2', 'SW13')_t3_max: -123
	F6_('SW51', 'SM1CB')_t4_min: 31223
	F18_('CMRIU2', 'SW22')_gc: False
	F3_('SW21', 'CMRIU1')_gc: True
	F13_('SW41', 'SW31')_t4_max: 19498
	F27_('SW21', 'SW31')_t4_min: 567
	F45_('SW32', 'FCM2')_t4_min: 80165
	F45_('SW42', 'SW32')_t4_max: 80238
	F8_('SW32', 'SW7')_t4_max: 3540
	F47_jitter: 0
	F27_('DU4', 'SW14')_rr: 0
	F43_('SW11', 'DU3')_t3_max: 788
	F22_('SW11', 'SW21')_rr: 1
	F13_('SM1CA', 'SW51')_t4_max: 19066
	F32_('SW21', 'SW13')_t4_max: 31814
	F33_('SW42', 'SW32')_rr: 0
	F28_('SW12', 'SBAND2')_gc: False
	F17_('SW14', 'DU5')_t3_max: 1737
	F22_('SW21', 'SW13')_rr: 1
	F6_('SW51', 'SM1CB')_gc: False
	F39_jitter: 258
	F12_('SW21', 'SW31')_t5_min: 710
	F44_('SW41', 'SW31')_t4_max: 7061
	F31_('SW13', 'SW22')_t3_max: 62892
	F27_('SW31', 'FCM1')_t3_max: 638
	F27_('SW14', 'SW21')_t3_min: 242
	('SW22', 'SW11')_gcl_cycle: 1
	('SW51', 'SM1CA')_gcl_length: 2
	F29_('SW6', 'SW31')_t4_max: 1597
	F49_('SW22', 'SW13')_rr: 0
	F29_jitter: 0
	F1_('SW32', 'SW22')_t3_max: 1582
	F34_('SW41', 'CM1CA')_gc: False
	F17_('SW32', 'SW22')_t4_min: 1496
	F29_('SW31', 'SW41')_t4_max: 1799
	F33_queue_index: 0
	F30_('MIMU2', 'SW13')_t5_max: 2465
	F31_('SW32', 'FCM2')_t4_min: 63111
	F43_('SW31', 'SW21')_rr: 32
	F9_('SW22', 'SW14')_t4_max: 31806
	F8_('SW42', 'SW32')_t3_max: 3426
	F9_jitter: 258
	F32_('SW21', 'SW13')_t4_min: 31298
	F32_('SW31', 'SW21')_rr: 0
	F39_('CM2CB', 'SW42')_gc: False
	F2_('SW51', 'SM1CA')_gc: True
	F33_('SW32', 'SW22')_t4_max: 1168
	F48_('SW12', 'SBAND1')_gc: False
	F0_('SMRIU2', 'SW6')_t3_max: 6048
	F47_('SM2CA', 'SW52')_t3_max: 397
	F44_('SW41', 'SW31')_gc: False
	F0_queue_index: 0
	F33_('SW42', 'SW32')_t3_min: 762
	F16_queue_index: 0
	F36_('SW42', 'SW32')_t4_min: 12114
	('DU3', 'SW11')_gcl_cycle: 1
	F23_('SW52', 'SW8')_t4_max: 900
	F19_('SMRIU1', 'SW6')_t3_max: -123
	F17_('CM2CA', 'SW42')_rr: 0
	F35_('SW21', 'SW12')_t4_min: 30766
	F46_('SW21', 'SW31')_t4_max: 215
	F24_('DU4', 'SW14')_t5_max: 15698
	F39_('SW7', 'SW31')_rr: 0
	F8_('SW32', 'SW7')_rr: 4
	F7_('SW7', 'SW31')_t4_max: 13994
	F46_('SW13', 'SW21')_t4_min: 116
	F0_('SW32', 'RCM2')_t4_min: 6294
	('MIMU3', 'SW13')_gcl_length: 0
	F38_('DU4', 'SW14')_tb: 5597
	F11_('DU5', 'SW14')_gc: False
	F38_('SW21', 'CMRIU1')_gc: False
	F27_('SW31', 'FCM1')_rr: 0
	('SW21', 'SW11')_gcl_cycle: 8000
	F41_('SW31', 'SW41')_t4_min: 62425
	F23_('SW8', 'SW31')_t4_max: 1057
	F32_('SW51', 'SW41')_t3_max: 31216
	F38_('SW14', 'SW21')_rr: 0
	F24_jitter: 0
	F38_('SW14', 'SW21')_t3_min: 5683
	F35_('SW51', 'SW41')_t5_max: 30582
	F38_('SW14', 'SW21')_t4_min: 5683
	F48_('SW22', 'SW12')_t4_min: 17368
	F22_('SW11', 'SW21')_t4_max: 7834
	F28_('FCM2', 'SW32')_t3_max: 1401
	F36_('SM2CB', 'SW52')_t3_max: 11852
	F33_('SM2CB', 'SW52')_tb: 724
	F26_('SW13', 'SW21')_t3_max: 6764
	('SW32', 'FCM2')_gcl_cycle: 1
	F7_('SW7', 'SW31')_t5_min: 13922
	F42_jitter: 0
	F7_jitter: 258
	F28_('FCM2', 'SW32')_gc: False
	F7_('SW42', 'SW32')_t4_max: 13619
	('SW32', 'SW6')_gcl_length: 2
	F4_('StarTr1', 'SW13')_rr: 0
	F42_queue_index: 0
	F4_('SW22', 'CMRIU2')_t4_min: 4119
	F2_queue_index: 0
	F10_('SW21', 'SW14')_t3_max: 106
	F0_('SW32', 'RCM2')_rr: 0
	('SW31', 'FCM1')_gcl_cycle: 1
	('SW51', 'SW8')_gcl_cycle: 1
	('SMRIU2', 'SW6')_gcl_cycle: 1
	F47_('SM2CA', 'SW52')_tb: 521
	F20_('DU1', 'SW11')_gc: False
	F48_('FCM2', 'SW32')_t3_min: 17138
	F47_('SW32', 'RCM2')_t4_min: 768
	F46_('SW21', 'SW31')_t4_min: 215
	F47_('SW52', 'SW42')_t4_max: 562
	F8_('SW42', 'SW32')_gc: True
	F15_('SW11', 'SW22')_gc: False
	F48_('SW32', 'SW22')_t4_max: 17315
	F14_('SW32', 'SW22')_t4_min: 27629
	F14_('SW32', 'SW22')_tb: 27629
	F13_('SM1CA', 'SW51')_t3_max: 18942
	F36_('SW42', 'SW32')_t4_max: 12114
	F31_('SW32', 'FCM2')_rr: 0
	F14_('SW32', 'SW22')_t4_max: 27758
	F15_('SW32', 'LCM2')_t4_min: 15491
	F32_('SW21', 'SW13')_rr: 0
	F34_jitter: 258
	F23_('SW31', 'FCM1')_t4_max: 1214
	F30_('MIMU2', 'SW13')_rr: 0
	F17_('SW42', 'SW32')_t4_min: 1308
	F23_('SW8', 'SW31')_rr: 0
	F13_('SM1CA', 'SW51')_rr: 0
	F18_('SW22', 'SW14')_gc: False
	F16_('SW51', 'SW8')_rr: 0
	F42_('LCM1', 'SW31')_t3_max: 1533
	F42_('SW31', 'RCM1')_gc: True
	F8_('SW32', 'SW7')_t4_min: 3540
	F10_('SW14', 'DU5')_t4_min: 201
	F4_('StarTr1', 'SW13')_t3_max: 3793
	F15_('SW32', 'LCM2')_gc: False
	F27_('SW14', 'SW21')_gc: False
	F32_('SW51', 'SW41')_t3_min: 31211
	F2_('SW8', 'SW51')_t5_min: 1070
	F17_('SW42', 'SW32')_gc: False
	F11_('DU5', 'SW14')_t3_max: 56207
	F31_('StarTr1', 'SW13')_rr: 0
	F46_('SW31', 'SW41')_gc: True
	F25_jitter: 129
	F46_('SW51', 'SM1CB')_gc: False
	F36_('SW52', 'SW42')_t4_max: 12045
	F12_('SW31', 'LCM1')_t5_max: 1177
	F36_('SW32', 'LCM2')_t4_min: 12178
	F25_('StarTr2', 'SW13')_t5_max: 62
	F12_('SW11', 'SW21')_t5_max: 759
	F21_queue_index: 0
	F19_('SMRIU1', 'SW6')_rr: 0
	F32_('SW41', 'SW31')_rr: 0
	F28_('FCM2', 'SW32')_rr: 0
	('SW41', 'SW51')_gcl_cycle: 2000
	F20_('DU1', 'SW11')_rr: 0
	F46_('SW41', 'SW51')_t4_min: 1684
	F12_('SW31', 'LCM1')_gc: False
	F44_('SM1CA', 'SW51')_gc: False
	F35_('SW21', 'SW12')_t4_max: 31153
	F48_('FCM2', 'SW32')_rr: 0
	F13_('SM1CA', 'SW51')_gc: False
	F16_('SW8', 'SW52')_t4_max: 3106
	F34_('SW31', 'SW41')_t4_max: 125627
	F35_jitter: 516
	F10_('SW21', 'SW14')_rr: 0
	F5_('SW11', 'SW22')_rr: 0
	F13_('SW51', 'SW41')_t5_min: 19238
	F14_jitter: 258
	F14_('SW22', 'BFCU')_rr: 0
	F48_('SW22', 'SW12')_t4_max: 17368
	F27_('SW21', 'SW31')_rr: 1
	F11_('SW13', 'MIMU3')_gc: False
	F38_('SW14', 'SW21')_gc: False
	F8_('SW31', 'LCM1')_t4_min: 3763
	F20_('SW11', 'SW22')_t4_min: 3810
	F5_('SW32', 'RCM2')_t4_max: 118932
	F26_('SW11', 'DU1')_rr: 0
	F16_('SW51', 'SW8')_gc: False
	F34_('RCM1', 'SW31')_gc: False
	F32_('SW31', 'SW21')_gc: False
	F27_('SW21', 'SW31')_t4_max: 567
	F41_('SW13', 'SW21')_t3_max: 62258
	F6_('SW51', 'SM1CB')_rr: 0
	F49_('FCM2', 'SW32')_rr: 0
	F20_('DU1', 'SW11')_t5_min: 3808
	F17_('SW42', 'SW32')_t4_max: 1437
	F1_('SW11', 'DU1')_t3_min: 1705
	('SW21', 'SW12')_gcl_cycle: 1
	F29_('SW6', 'SW31')_t4_min: 1597
	F38_jitter: 258
	F37_('SW6', 'SW31')_t4_min: 63674
	F34_('RCM1', 'SW31')_rr: 0
	F2_('SM2CB', 'SW52')_t3_max: 733
	F20_('SW22', 'CMRIU2')_t4_min: 3836
	F8_('SW31', 'LCM1')_rr: 0
	F2_('SW52', 'SW8')_t4_max: 932
	F23_('SM2CB', 'SW52')_tb: 743
	('SW11', 'DU1')_gcl_cycle: 1
	F1_('SW32', 'SW22')_t4_max: 1706
	F25_('SW13', 'MIMU1')_t4_min: 64
	F39_('SW32', 'SW7')_t4_min: 238
	('SW14', 'SW21')_gcl_cycle: 16000
	F47_('SW42', 'SW32')_t4_max: 727
	F39_('SW31', 'RCM1')_rr: 0
	F43_('FCM1', 'SW31')_gc: False
	F7_('SW7', 'SW31')_t4_min: 13865
	F26_('SW13', 'SW21')_t4_max: 6888
	F7_('CM2CB', 'SW42')_rr: 0
	F5_('DU3', 'SW11')_gc: False
	F0_('SW32', 'RCM2')_gc: False
	('SW42', 'CM2CB')_gcl_cycle: 2000
	F3_jitter: 0
	F27_queue_index: 0
	('CM2CA', 'SW42')_gcl_cycle: 1
	F23_('SM2CB', 'SW52')_rr: 0
	F29_('SW32', 'SW6')_t3_min: 1514
	F1_('SW22', 'SW11')_rr: 0
	F12_('SW21', 'SW31')_t4_min: 632
	F17_('CM2CA', 'SW42')_t3_max: 1130
	F23_('SW8', 'SW31')_gc: False
	F24_('SW21', 'SW31')_rr: 0
	F10_('SW14', 'DU5')_rr: 0
	F12_jitter: 387
	F0_('SMRIU2', 'SW6')_gc: False
	F35_('SW12', 'SBAND1')_t4_min: 30857
	('FCM1', 'SW31')_gcl_length: 0
	('DU1', 'SW11')_gcl_cycle: 1
	F36_('SW32', 'LCM2')_rr: 0
	F17_queue_index: 0
	F46_('SW41', 'SW51')_t4_max: 1684
	F26_('SW11', 'DU1')_gc: False
	F32_('SW41', 'SW31')_t4_max: 31498
	F41_('SW31', 'SW41')_t5_max: 62896
	F24_('SW21', 'SW31')_t4_max: 15888
	F5_('SW22', 'SW32')_rr: 1
	('DU2', 'SW11')_gcl_cycle: 1
	F20_('SW11', 'SW22')_gc: False
	F8_queue_index: 0
	('SW13', 'MIMU3')_gcl_cycle: 1
	F16_('SM1CA', 'SW51')_rr: 0
	F39_('CM2CB', 'SW42')_t3_max: -123
	F30_('SW13', 'SW21')_t4_min: 2472
	F32_('SM1CA', 'SW51')_gc: False
	F3_('SW13', 'SW21')_t4_max: 1995
	F30_('SW11', 'DU1')_gc: False
	F32_('SW31', 'SW21')_t4_min: 31269
	F17_('SW32', 'SW22')_gc: True
	F47_('SW52', 'SW42')_tb: 562
	F19_('SW42', 'CM2CB')_rr: 1
	F43_jitter: 129
	F23_jitter: 387
	F37_('SW21', 'SW11')_rr: 0
	F43_('SW21', 'SW11')_t5_min: 781
	F37_('SW11', 'DU1')_rr: 0
	F47_('SW42', 'SW32')_gc: False
	F9_('SW22', 'SW14')_rr: 0
	F9_('CMRIU2', 'SW22')_t3_max: 31520
	F41_('SW13', 'SW21')_rr: 0
	F40_('DU1', 'SW11')_rr: 0
	F31_('SW22', 'SW32')_t4_max: 63257
	F37_queue_index: 0
	F31_queue_index: 0
	F24_('DU4', 'SW14')_t3_max: 15522
	F19_jitter: 0
	('MIMU1', 'SW13')_gcl_cycle: 1
	F1_('LCM2', 'SW32')_t3_max: 1389
	('SW41', 'CM1CA')_gcl_cycle: 1
	F2_('SW52', 'SW8')_gc: True
	F7_('SW42', 'SW32')_rr: 0
	F27_('SW14', 'SW21')_t4_max: 371
	F46_('SW31', 'SW41')_t4_min: 332
	F1_('SW32', 'SW22')_t4_min: 1577
	F39_('SW42', 'SW32')_t3_max: 58
	F37_('SW6', 'SW31')_t4_max: 63674
	F5_('SW22', 'SW32')_t4_max: 118720
	F8_('SW7', 'SW31')_rr: 1
	F4_('SW13', 'SW22')_t4_min: 4018
	F19_('SMRIU1', 'SW6')_gc: False
	F28_('SW32', 'SW22')_t3_max: 1554
	F44_('SW51', 'SW41')_t4_max: 6830
	F10_('SW14', 'DU5')_gc: False
	F11_('DU5', 'SW14')_t3_min: 56331
	F17_('SW22', 'SW14')_t4_max: 1678
	F9_('SW22', 'SW14')_gc: False
	F31_('SW13', 'SW22')_t4_max: 63016
	F7_('SW42', 'SW32')_t4_min: 13490
	F44_('SM1CA', 'SW51')_rr: 0
	('MIMU2', 'SW13')_gcl_length: 0
	F29_('SW32', 'SW6')_gc: True
	F35_('SW12', 'SBAND1')_t5_min: 30946
	F12_('SW11', 'SW21')_rr: 0
	F49_('SW32', 'SW22')_rr: 0
	F8_('SW42', 'SW32')_t4_max: 3426
	F27_('SW21', 'SW31')_gc: True
	F46_('SW21', 'SW31')_tb: 215
	F4_('SW22', 'CMRIU2')_t4_max: 4377
	F1_('SW32', 'SW22')_gc: False
	F15_('SW11', 'SW22')_t5_min: 15366
	('SW32', 'SW22')_gcl_cycle: 8000
	('MIMU3', 'SW13')_gcl_cycle: 1
	F21_('SW31', 'FCM1')_rr: 0
	F30_('SW13', 'SW21')_t3_max: 2472
	('SW22', 'SW32')_gcl_cycle: 128000
	F16_('SW52', 'SM2CB')_gc: False
	F39_('SW7', 'SW31')_t4_max: 419
	F35_('SW51', 'SW41')_t3_min: 30488
	('SM1CA', 'SW51')_gcl_cycle: 1
	F35_queue_index: 0
	F8_('SW42', 'SW32')_t4_min: 3426
	F9_('CMRIU2', 'SW22')_rr: 0
	F45_('CM2CB', 'SW42')_gc: False
	F22_('DU2', 'SW11')_gc: False
	F43_('SW21', 'SW11')_gc: True
	F36_('SW52', 'SW42')_t3_max: 12045
	F46_('SW31', 'SW41')_t4_max: 332
	F0_('SW6', 'SW32')_t4_max: 6362
	F38_('DU4', 'SW14')_t3_max: 5473
	('SW13', 'MIMU2')_gcl_cycle: 1
	F32_('SW51', 'SW41')_t4_max: 31340
	F36_queue_index: 0
	F2_('SW52', 'SW8')_rr: 1
	F33_('SW32', 'SW22')_rr: 0
	F41_('SW41', 'CM1CB')_t4_min: 62511
	F26_('SW21', 'SW11')_t4_max: 6916
	F9_('SW14', 'DU4')_tb: 31710
	('SW31', 'LCM1')_gcl_cycle: 1
	F16_('SM1CA', 'SW51')_gc: False
	F27_('SW31', 'FCM1')_t4_min: 633
	F29_('SW32', 'SW6')_rr: 1
	F10_('CMRIU1', 'SW21')_t3_max: -123
	F23_('SM2CB', 'SW52')_t3_max: 619
	F18_('CMRIU2', 'SW22')_t3_max: 7254
	F40_queue_index: 0
	F5_('DU3', 'SW11')_rr: 0
	F36_('SW52', 'SW42')_tb: 12045
	F7_('SW31', 'FCM1')_t4_min: 13924
	F35_('SW21', 'SW12')_rr: 0
	F35_('SW31', 'SW21')_t4_min: 30675
	F17_('SW42', 'SW32')_t3_max: 1313
	F3_('SW21', 'CMRIU1')_t4_min: 3884
	('SW51', 'SW41')_gcl_cycle: 32000
	F22_('SW11', 'SW21')_gc: True
	F29_('SW41', 'CM1CB')_gc: True
	F18_('SW22', 'SW14')_t3_max: 7408
	F41_('SW21', 'SW31')_t4_min: 62339
	F5_queue_index: 0
	F44_('SW41', 'SW31')_t4_min: 6803
	F46_('SW31', 'SW41')_t5_min: 424
	F33_('SW22', 'BFCU')_rr: 0
	F1_('LCM2', 'SW32')_gc: False
	F14_('SW22', 'BFCU')_gc: False
	F5_('SW32', 'RCM2')_t4_min: 118803
	F49_('SW13', 'MIMU2')_t4_min: 11995
	F38_('DU4', 'SW14')_t5_min: 5681
	F47_('SW32', 'RCM2')_gc: True
	F33_('SW52', 'SW42')_t4_min: 743
	F43_('SW21', 'SW11')_t4_min: 681
	F3_('MIMU3', 'SW13')_rr: 0
	('CMRIU1', 'SW21')_gcl_cycle: 1
	F25_('StarTr2', 'SW13')_rr: 0
	F26_('SW21', 'SW11')_t4_min: 6916
	F40_('SW11', 'DU3')_t4_min: 7013
	F18_('SW22', 'SW14')_t4_max: 7532
	F12_('DU1', 'SW11')_t3_max: 348
	F10_('SW21', 'SW14')_t4_min: 101
	F33_('SW52', 'SW42')_t4_max: 872
	F46_('SW31', 'SW41')_rr: 1
	F23_('SW31', 'FCM1')_t4_min: 827
	F16_('SW51', 'SW8')_t4_max: 2903
	F32_('SW51', 'SW41')_t4_min: 31211
	F37_jitter: 258
	F8_('CM2CA', 'SW42')_t3_max: 3188
	F36_('SW52', 'SW42')_gc: True
	F29_('SW31', 'SW41')_t4_min: 1670
	('SW13', 'MIMU3')_gcl_length: 0
	F8_('SW32', 'SW7')_t3_max: 3540
	F29_('LCM2', 'SW32')_t4_max: 1441
	F12_('DU1', 'SW11')_rr: 0
	F25_queue_index: 0
	F5_('SW11', 'SW22')_t3_max: 118385
	F32_queue_index: 0
	F15_('SW22', 'SW32')_gc: False
	F39_('SW7', 'SW31')_t3_max: 295
	F38_('SW21', 'CMRIU1')_rr: 0
	F26_('SW13', 'SW21')_rr: 0
	F44_queue_index: 0
	F29_('SW32', 'SW6')_t4_max: 1519
	F3_('MIMU3', 'SW13')_gc: False
	F7_('SW7', 'SW31')_rr: 0
	F13_('SW31', 'SW6')_t4_min: 19327
	F27_('SW14', 'SW21')_rr: 0
	F28_('SW22', 'SW12')_rr: 4
	('SW52', 'SW8')_gcl_length: 2
	F44_('SW41', 'SW31')_rr: 0
	F12_('SW21', 'SW31')_gc: False
	('SW31', 'SW41')_gcl_cycle: 2000
	F35_('SW51', 'SW41')_t4_min: 30493
	F31_('StarTr1', 'SW13')_gc: False
	F30_('SW21', 'SW11')_rr: 0
	F22_('SW11', 'SW21')_t4_min: 7834
	F30_('MIMU2', 'SW13')_t3_min: 2429
	('SW32', 'RCM2')_gcl_cycle: 2000
	F8_('SW42', 'SW32')_rr: 4
	F14_('SW32', 'SW22')_t3_max: 27634
	('SW11', 'SW22')_gcl_cycle: 1
	F40_('DU1', 'SW11')_t3_max: 6801
	F15_('DU2', 'SW11')_gc: False
	F39_('SW42', 'SW32')_t4_max: 58
	F22_jitter: 129
	F6_('SW51', 'SM1CB')_tb: 31223
	('SW13', 'MIMU1')_gcl_cycle: 1
	F35_('SW31', 'SW21')_t4_max: 30933
	('SW13', 'SW21')_gcl_cycle: 4000
	F21_('SW31', 'FCM1')_gc: False
	F1_('SW11', 'DU1')_t4_min: 1705
	F2_('SW8', 'SW51')_t4_max: 1131
	F18_('SW22', 'SW14')_t4_min: 7403
	F34_('SW31', 'SW41')_t4_min: 125498
	F30_('SW13', 'SW21')_rr: 1
	F18_('SW22', 'SW14')_rr: 0
	F7_('CM2CB', 'SW42')_t3_max: 13307
	F45_jitter: 258
	F28_('SW32', 'SW22')_t4_min: 1554
	F4_('SW22', 'CMRIU2')_rr: 0
	F37_('SW21', 'SW11')_t4_max: 63840
	('SM2CB', 'SW52')_gcl_cycle: 1
	F17_('SW22', 'SW14')_t4_min: 1678
	F49_('SW22', 'SW13')_t4_max: 12192
	F28_('SW12', 'SBAND2')_t4_min: 1730
	F24_('SW21', 'SW31')_t4_min: 15759
	F4_('StarTr1', 'SW13')_gc: False
	('FCM2', 'SW32')_gcl_cycle: 1
	F46_('SW41', 'SW51')_gc: True
	F40_jitter: 129
	F18_('SW14', 'DU4')_gc: False
	F19_('SW32', 'SW42')_gc: False
	F36_jitter: 129
	F49_('SW13', 'MIMU2')_rr: 0
	('SW32', 'SW22')_gcl_length: 6
	F45_('SW42', 'SW32')_t4_min: 80109
	F39_queue_index: 0
	F30_('SW21', 'SW11')_gc: False
	F3_('SW21', 'CMRIU1')_rr: 1
	F49_('SW13', 'MIMU2')_gc: False
	F33_('SW32', 'SW22')_gc: False
	F41_('SW21', 'SW31')_gc: False
	('SW22', 'SW13')_gcl_cycle: 1
	F33_('SW42', 'SW32')_t4_max: 1020
	F33_('SM2CB', 'SW52')_t3_min: 724
	F41_('MIMU1', 'SW13')_gc: False
	F29_queue_index: 0
	F11_('SW21', 'SW13')_t4_max: 56799
	F29_('SW32', 'SW6')_t3_max: 1519
	F19_('SW6', 'SW32')_t4_min: 120
	F35_('SW21', 'SW12')_t3_max: 31029
	F6_('SM1CA', 'SW51')_t3_max: 31086
	F19_('SW6', 'SW32')_t4_max: 120
	F28_('SW22', 'SW12')_t4_max: 1706
	F3_('SW13', 'SW21')_t3_min: 1990
	F43_('SW11', 'DU3')_t4_min: 783
	F48_('SW12', 'SBAND1')_rr: 0
	('SW21', 'CMRIU1')_gcl_cycle: 4000
	F8_jitter: 129
	F44_('SW31', 'LCM1')_rr: 0
	('SW31', 'RCM1')_gcl_cycle: 16000
	F44_('SM1CA', 'SW51')_t3_max: 6475
	('LCM2', 'SW32')_gcl_cycle: 1
	F18_('SW14', 'DU4')_t4_min: 7428
	F16_('SW52', 'SM2CB')_t4_min: 2922
	F21_('SW41', 'SW31')_gc: True
	F8_('SW31', 'LCM1')_gc: False
	F12_('SW31', 'LCM1')_rr: 0
	F43_('SW21', 'SW11')_t4_max: 681
	F32_('SW41', 'SW31')_t5_min: 31267
	('RCM1', 'SW31')_gcl_cycle: 1
	F39_('SW42', 'SW32')_rr: 4
	F7_('SW42', 'SW32')_gc: False
	F21_('SW41', 'SW31')_t3_max: 1167
	F3_('MIMU3', 'SW13')_t5_min: 1988
	F18_('CMRIU2', 'SW22')_rr: 0
	F35_('SW21', 'SW12')_gc: False
	F29_('LCM2', 'SW32')_rr: 0
	F14_('SW32', 'SW22')_gc: False
	F10_('CMRIU1', 'SW21')_gc: False
	F39_('SW7', 'SW31')_t4_min: 290
	('SW12', 'SBAND2')_gcl_cycle: 1
	F49_('FCM2', 'SW32')_gc: False
	F8_('CM2CA', 'SW42')_rr: 0
	F1_('SW22', 'SW11')_t4_min: 1641
	F21_('SW41', 'SW31')_t4_min: 1167
	F43_('FCM1', 'SW31')_rr: 0
	F1_('LCM2', 'SW32')_t4_min: 1513
	F24_('SW14', 'SW21')_t4_min: 15705
	F33_jitter: 516
	F15_('SW11', 'SW22')_rr: 0
	F11_('SW21', 'SW13')_t4_min: 56541
	F39_('SW32', 'SW7')_rr: 4
	F41_jitter: 516
	F30_('SW13', 'SW21')_t4_max: 2472
	F39_('SW31', 'RCM1')_t4_min: 342
	F14_('LCM2', 'SW32')_rr: 0
	F43_('SW11', 'DU3')_gc: False
	F0_('SW32', 'RCM2')_t4_max: 6552
	F12_('SW31', 'LCM1')_t5_min: 790
	F5_jitter: 129
	F11_('SW14', 'SW21')_t4_max: 56565
	F48_('SW22', 'SW12')_rr: 1
	F45_('SW32', 'FCM2')_gc: False
	F20_('SW11', 'SW22')_t4_max: 3939
	F19_queue_index: 0
	F24_('SW21', 'SW31')_t5_max: 15940
	F28_('SW12', 'SBAND2')_rr: 0
	F15_('SW22', 'SW32')_rr: 0
	F38_('SW14', 'SW21')_t4_max: 5812
	F32_('SW13', 'MIMU3')_rr: 0
	F33_('SW42', 'SW32')_gc: False
	F13_('SW41', 'SW31')_rr: 0
	F13_('SW51', 'SW41')_gc: False
	F48_('SW12', 'SBAND1')_t4_min: 17416
	F2_('SW8', 'SW51')_rr: 0
	F7_('SW31', 'FCM1')_rr: 0
	('SW52', 'SW8')_gcl_cycle: 2000
	F11_('SW14', 'SW21')_gc: False
	F4_jitter: 258
	F37_('SMRIU2', 'SW6')_t3_max: 63529
	F5_('SW22', 'SW32')_gc: True
	F20_queue_index: 0
	F10_('SW21', 'SW14')_t5_max: 328
	F4_('SW22', 'CMRIU2')_tb: 4119
	F47_('SW42', 'SW32')_rr: 0
	F3_('SW13', 'SW21')_gc: True
	F30_('SW21', 'SW11')_t5_max: 2675
	F36_('SM2CB', 'SW52')_rr: 0
	F39_('SW31', 'RCM1')_gc: False
	F42_('LCM1', 'SW31')_rr: 0
	F46_('SW41', 'SW51')_rr: 1
	F48_queue_index: 0
	('CMRIU2', 'SW22')_gcl_cycle: 1
	F47_('SW42', 'SW32')_t4_min: 598
	F33_('SM2CB', 'SW52')_t3_max: 600
	F34_('SW31', 'SW41')_rr: 0
	F29_('SW6', 'SW31')_rr: 32
	F20_('DU1', 'SW11')_t3_max: 3660
	F47_('SW52', 'SW42')_t4_min: 562
	F14_queue_index: 0
	F7_('SW31', 'FCM1')_tb: 13924
	F26_('SW21', 'SW11')_t3_max: 6916
	F19_('SW6', 'SW32')_rr: 1
	F29_('SW41', 'CM1CB')_rr: 1
	F35_('SW51', 'SW41')_rr: 1
	F29_('SW32', 'SW6')_t5_min: 1590
	F0_jitter: 258
	F37_('SMRIU2', 'SW6')_gc: False
	F36_('SW32', 'LCM2')_gc: False
	F46_('StarTr1', 'SW13')_t3_max: -107
	F24_('DU4', 'SW14')_rr: 0
	('SW14', 'DU5')_gcl_cycle: 1
	F21_('SW41', 'SW31')_rr: 1
	F15_('DU2', 'SW11')_rr: 0
	('SW13', 'SW21')_gcl_length: 8
	F2_('SW51', 'SM1CA')_t4_min: 1206
	F45_queue_index: 0
	F40_('DU1', 'SW11')_t5_max: 7011
	F41_('SW31', 'SW41')_t3_min: 62425
	F31_jitter: 387
	F41_('SW21', 'SW31')_rr: 0
	('LCM1', 'SW31')_gcl_cycle: 1
	F34_queue_index: 0
	F32_('SW41', 'SW31')_t4_min: 31240
	F37_('SW31', 'SW21')_t4_min: 63695
	F33_('SW52', 'SW42')_gc: False
	F13_('SW6', 'SMRIU1')_t5_min: 19499
	F41_('SW13', 'SW21')_gc: False
	F16_('SW8', 'SW52')_gc: False
	F32_('SW21', 'SW13')_t5_min: 31325
	F6_jitter: 129
	F2_('SW51', 'SM1CA')_t3_min: 1072
	F17_('CM2CA', 'SW42')_tb: 1254
	('SW41', 'SW31')_gcl_cycle: 2000
	F18_queue_index: 0
	F39_('SW32', 'SW7')_gc: True
	F13_('SW41', 'SW31')_gc: False
	F39_('CM2CB', 'SW42')_rr: 0
	F3_queue_index: 0
	F13_('SW51', 'SW41')_t3_min: 19153
	F1_('SW11', 'DU1')_gc: False
	F24_('SW31', 'RCM1')_t4_max: 15947
	F5_('SW11', 'SW22')_t4_max: 118509
	F39_('SW7', 'SW31')_gc: False
	F35_('SW12', 'SBAND1')_rr: 0
	F41_('SW21', 'SW31')_t3_max: 62473
	F48_('SW32', 'SW22')_t3_max: 17191
	F20_('SW11', 'SW22')_rr: 0
	F32_('SW13', 'MIMU3')_gc: False
	('SMRIU1', 'SW6')_gcl_cycle: 1
	F28_queue_index: 0
	F37_('SMRIU2', 'SW6')_rr: 0
	F11_('SW14', 'SW21')_rr: 0
	F31_('SW13', 'SW22')_t4_min: 62887
	F33_('SW52', 'SW42')_t3_max: 748
	F34_('SW31', 'SW41')_gc: False
	F17_('SW42', 'SW32')_rr: 0
	F1_('SW11', 'DU1')_rr: 0
	F32_('SW51', 'SW41')_gc: False
	F8_('SW31', 'LCM1')_t5_min: 3870
	F34_('RCM1', 'SW31')_t4_min: 125454
	F24_('SW31', 'RCM1')_t4_min: 15947
	F38_('DU4', 'SW14')_rr: 0
	F12_('DU1', 'SW11')_gc: False
	F11_('SW14', 'SW21')_t3_max: 56441
	F26_('SW11', 'DU1')_t4_min: 6939
	F7_('SW32', 'SW7')_t4_max: 13806
	F35_('SW12', 'SBAND1')_gc: False
	F22_('SW13', 'MIMU2')_rr: 0
	F37_('SW6', 'SW31')_t3_max: 63674
	F22_('SW11', 'SW21')_t3_max: 7711
	F48_('SW12', 'SBAND1')_t5_min: 17462
	F35_('SM1CA', 'SW51')_t3_max: 30273
	F44_('SW31', 'LCM1')_t4_min: 6905
	('SW7', 'SW31')_gcl_cycle: 4000
	('SW12', 'SBAND1')_gcl_cycle: 1
	F49_('FCM2', 'SW32')_t3_max: 11688
	F16_('SW8', 'SW52')_t3_min: 2848
	F43_('SW31', 'SW21')_gc: True
	F9_('SW22', 'SW14')_t3_max: 31682
	F43_('FCM1', 'SW31')_t3_max: 220
	('SW32', 'SW6')_gcl_cycle: 2000
	F19_('SW42', 'CM2CB')_gc: True
	F21_('SW41', 'SW31')_t4_max: 1167
	F7_('SW32', 'SW7')_t4_min: 13806
	F44_('SW51', 'SW41')_t3_max: 6706
	F12_('SW11', 'SW21')_t4_max: 681
	F40_('DU1', 'SW11')_gc: False
	F5_('SW22', 'SW32')_t5_max: 118801
	F37_('SW11', 'DU1')_t3_max: 63861
	F6_('SM1CA', 'SW51')_gc: False
	F47_('SM2CA', 'SW52')_rr: 0
	F30_('MIMU2', 'SW13')_t3_max: 2305
	F46_('SW21', 'SW31')_rr: 4
	F49_('SW22', 'SW13')_gc: False
	F24_('DU4', 'SW14')_gc: False
	F0_('SW6', 'SW32')_t3_max: 6238
	F13_queue_index: 0
	F30_('SW21', 'SW11')_t4_min: 2510
	F31_('SW32', 'FCM2')_t5_max: 63608
	F41_queue_index: 0
	F35_('SW31', 'SW21')_rr: 0
	F49_jitter: 387
	F18_('SW14', 'DU4')_rr: 0
	('FCM1', 'SW31')_gcl_cycle: 1
	F37_('SW21', 'SW11')_t4_min: 63711
	F29_('SW31', 'SW41')_gc: False
	('CMRIU2', 'SW22')_gcl_length: 0
	F37_('SW6', 'SW31')_rr: 1
	F15_('SW22', 'SW32')_t4_min: 15368
	F7_('SW32', 'SW7')_rr: 1
	('DU5', 'SW14')_gcl_cycle: 1
	F11_jitter: 387
	F33_('SW32', 'SW22')_t4_min: 781
	('SW52', 'SW42')_gcl_cycle: 16000
	F8_('SW32', 'SW7')_tb: 3540
	F26_('MIMU1', 'SW13')_rr: 0
	F29_('SW31', 'SW41')_t5_max: 1870
	('StarTr2', 'SW13')_gcl_cycle: 1
	F15_('SW32', 'LCM2')_rr: 0
	F16_('SM1CA', 'SW51')_t3_max: 2576
	F8_('CM2CA', 'SW42')_gc: False
	F27_jitter: 129
	F25_('StarTr2', 'SW13')_t4_max: 1
	F4_('SW13', 'SW22')_t3_max: 4023
	F49_('SW32', 'SW22')_gc: False
	('SW21', 'SW31')_gcl_cycle: 8000
	F40_('SW11', 'DU3')_rr: 0
	F44_jitter: 387
	F11_('SW13', 'MIMU3')_t4_min: 56646
	F48_('SW22', 'SW12')_gc: True
	F38_('DU4', 'SW14')_t5_max: 5681
	F43_('SW31', 'SW21')_t4_max: 574
	F26_queue_index: 0
	F5_('SW32', 'RCM2')_t5_min: 118884
	F5_('SW11', 'SW22')_gc: False
	F11_('SW21', 'SW13')_rr: 0
	F20_('SW11', 'SW22')_t3_max: 3815
	F34_('SW41', 'CM1CA')_rr: 0
	F43_('SW11', 'DU3')_rr: 0
	F9_('SW14', 'DU4')_gc: False
	F24_('SW31', 'RCM1')_gc: True
	F23_('SW8', 'SW31')_t4_min: 799
	F27_('SW14', 'SW21')_t3_max: 247
	F4_queue_index: 0
	F13_('SW6', 'SMRIU1')_rr: 0
	F37_('SW11', 'DU1')_gc: False
	F16_('SW51', 'SW8')_t3_max: 2779
	F35_('SW41', 'SW31')_t4_max: 30713
	F11_('SW13', 'MIMU3')_rr: 0
	F2_('SM2CB', 'SW52')_t3_min: 857
	F0_('SMRIU2', 'SW6')_rr: 0
	F28_('SW32', 'SW22')_t4_max: 1554
	F31_('SW32', 'FCM2')_gc: False
	F20_('SW22', 'CMRIU2')_gc: False
	F41_('SW41', 'CM1CB')_t4_max: 63027
	F0_('SW6', 'SW32')_rr: 0
	('SW13', 'SW22')_gcl_cycle: 1
	F41_('SW41', 'CM1CB')_gc: False
	F10_queue_index: 0
	F46_('SW51', 'SM1CB')_t4_min: 1778
	('SW8', 'SW52')_gcl_cycle: 1
	F45_('CM2CB', 'SW42')_t3_max: 79929
	('SW22', 'SW12')_gcl_cycle: 32000
	F37_('SW11', 'DU1')_t4_min: 63727
	F41_('SW31', 'SW41')_gc: False
	F7_('CM2CB', 'SW42')_gc: False
	F26_('SW13', 'SW21')_gc: False
	F31_('SW22', 'SW32')_t4_min: 62999
	F13_('SW51', 'SW41')_t4_min: 19153
	F5_('SW11', 'SW22')_t4_min: 118380
	F41_('SW21', 'SW31')_t4_max: 62597
	F2_('SW8', 'SW51')_t4_min: 1002
	F41_('SW31', 'SW41')_t4_max: 62812
	F49_('FCM2', 'SW32')_t4_max: 11812
	F44_('SW51', 'SW41')_t4_min: 6701
	F0_('SW6', 'SW32')_gc: False
	F29_('SW32', 'SW6')_t4_min: 1519
	F5_('SW11', 'SW22')_t5_max: 118590
	F29_('LCM2', 'SW32')_t4_min: 1441
	F19_('SW42', 'CM2CB')_t3_min: 348
	F3_('SW13', 'SW21')_rr: 1
	F18_('SW22', 'SW14')_t5_max: 7555
	F32_('SM1CA', 'SW51')_t3_max: 31058
	F17_('SW14', 'DU5')_rr: 0
	F7_('SW32', 'SW7')_gc: True
	F38_('SW21', 'CMRIU1')_t4_min: 5769
	F46_('StarTr1', 'SW13')_gc: False
	F23_('SW8', 'SW31')_t5_max: 1083
	F23_('SW31', 'FCM1')_gc: False
	F30_('SW13', 'SW21')_gc: True
	F30_queue_index: 0
	F38_('SW14', 'SW21')_t3_max: 5688
	F23_('SW31', 'FCM1')_rr: 0
	F19_('SW42', 'CM2CB')_t4_min: 482
	F17_jitter: 129
	F0_('SW6', 'SW32')_t4_min: 6233
	F5_('SW32', 'RCM2')_rr: 0
	F32_('SW31', 'SW21')_tb: 31269
	F17_('SW42', 'SW32')_t5_max: 1489
	F10_('CMRIU1', 'SW21')_rr: 0
	('SW14', 'DU4')_gcl_length: 0
	F9_queue_index: 0
	F24_('SW14', 'SW21')_t4_max: 15705
	F48_('FCM2', 'SW32')_gc: False
	F16_('SW8', 'SW52')_t4_min: 2848
	F1_('SW22', 'SW11')_t4_max: 1899
	F23_('SW52', 'SW8')_t4_min: 771
	F33_('SW42', 'SW32')_t4_min: 762
	F47_('SM2CA', 'SW52')_gc: False
	F2_('SW52', 'SW8')_t4_min: 932
	F31_('SW22', 'SW32')_gc: False
	F37_('SW21', 'SW11')_gc: False
	F47_('SW52', 'SW42')_gc: True
	F19_('SW6', 'SW32')_gc: True
	F15_('SW11', 'SW22')_t4_max: 15374
	F34_('RCM1', 'SW31')_t3_max: 125330
	F34_('SW31', 'SW41')_t3_max: 125503
	F46_('SW21', 'SW31')_gc: True
	('SW32', 'SW42')_gcl_cycle: 1
	F46_('SW13', 'SW21')_gc: True
	('SW31', 'SW21')_gcl_cycle: 64000
	F44_('SW51', 'SW41')_rr: 0
	F46_('SW13', 'SW21')_rr: 2
	F28_('SW32', 'SW22')_gc: True
	F25_('SW13', 'MIMU1')_rr: 0
	F33_('SW52', 'SW42')_rr: 0
	('SM2CA', 'SW52')_gcl_cycle: 1
	F21_('SW41', 'SW31')_t3_min: 1162
	F29_('SW6', 'SW31')_gc: True
	F39_('SW31', 'RCM1')_t5_max: 650
	F26_('SW21', 'SW11')_gc: True
	F25_('SW13', 'MIMU1')_t3_max: 69
	F22_('DU2', 'SW11')_t3_max: 7571
	F30_('SW11', 'DU1')_t4_min: 2548
	F1_queue_index: 0
	F42_('SW31', 'RCM1')_t4_min: 1738
	F17_('SW32', 'SW22')_rr: 2
	F31_('SW22', 'SW32')_t3_min: 62999
	F17_('SW22', 'SW14')_rr: 1
	F23_('SM2CB', 'SW52')_gc: False
	F30_('SW11', 'DU1')_rr: 0
	F2_('SW52', 'SW8')_t3_max: 932
	F47_queue_index: 0
	F2_jitter: 0
	('SW6', 'SMRIU1')_gcl_cycle: 1
	F9_('SW14', 'DU4')_t3_max: 31844
	('SW22', 'BFCU')_gcl_cycle: 1
	F4_('SW22', 'CMRIU2')_t3_min: 4119
	F16_jitter: 387
	F16_('SW51', 'SW8')_t4_min: 2774
	F43_queue_index: 0
	F3_('SW13', 'SW21')_t3_max: 1995
	('SW11', 'DU3')_gcl_cycle: 1
	F12_('SW11', 'SW21')_t4_min: 552
	F42_('SW31', 'RCM1')_rr: 8
	('SW41', 'CM1CB')_gcl_cycle: 2000
	F8_('SW31', 'LCM1')_t5_max: 3999
	F2_('SM2CB', 'SW52')_rr: 0
	F28_('SW22', 'SW12')_gc: True
	F12_('SW21', 'SW31')_t4_max: 890
	F9_('CMRIU2', 'SW22')_t3_min: 31644
	F46_jitter: 129
	F15_('SW11', 'SW22')_t4_min: 15245
	F13_('SW51', 'SW41')_rr: 0
	F21_('SW31', 'FCM1')_t4_min: 1241
	F20_('SW22', 'CMRIU2')_tb: 3836
	F34_('SW41', 'CM1CA')_t4_min: 125542
	('SW31', 'SW6')_gcl_cycle: 1
	('SW52', 'SM2CB')_gcl_cycle: 1
	F2_('SM2CB', 'SW52')_gc: False
	F46_queue_index: 0
	F2_('SW51', 'SM1CA')_rr: 1
	F24_queue_index: 0
	F17_('SW14', 'DU5')_t4_min: 1732
	F9_('SW14', 'DU4')_t4_min: 31710
	F49_('SW32', 'SW22')_t4_min: 11873
	('StarTr1', 'SW13')_gcl_cycle: 1
	F13_('SW31', 'SW6')_t3_min: 19327
	F39_('SW32', 'SW7')_t4_max: 238
	F10_('SW21', 'SW14')_t4_max: 230
	F7_('SW42', 'SW32')_t5_min: 13547
	F35_('SW31', 'SW21')_t5_max: 31022
	F29_('SW31', 'SW41')_t3_max: 1675
	F19_('SW6', 'SW32')_t5_min: 232
	F8_('SW7', 'SW31')_t3_min: 3649
	F37_('SW6', 'SW31')_t5_max: 63688
	F16_('SW52', 'SM2CB')_t3_min: 2922
	F5_('DU3', 'SW11')_t5_min: 118378
	F24_('SW21', 'SW31')_t5_min: 15811
	F8_('SW32', 'SW7')_t5_max: 3647
	F16_('SW52', 'SM2CB')_tb: 2922
	F33_('SW32', 'SW22')_t5_max: 1185
	F12_('SW11', 'SW21')_tb: 552
	F46_('SW13', 'SW21')_tb: 116
	F16_('SW51', 'SW8')_t5_max: 2975
	F27_('DU4', 'SW14')_tb: 176
	F11_('SW14', 'SW21')_t3_min: 56436
	F15_('SW11', 'SW22')_tb: 15245
	F17_('SW14', 'DU5')_tb: 1732
	F37_('SW21', 'SW11')_t5_max: 63854
	F41_('SW41', 'CM1CB')_t5_min: 62595
	F37_('SW31', 'SW21')_t5_max: 63709
	F2_('SW52', 'SW8')_t5_min: 1000
	F21_('SW31', 'FCM1')_t5_min: 1313
	F31_('SW13', 'SW22')_tb: 62887
	F28_('SW22', 'SW12')_t3_min: 1578
	F40_('SW11', 'DU3')_t5_min: 7099
	F22_('SW13', 'MIMU2')_tb: 7861
	F30_('MIMU2', 'SW13')_t5_min: 2465
	F15_('DU2', 'SW11')_t5_max: 15243
	F41_('SW41', 'CM1CB')_t3_min: 62511
	F11_('SW13', 'MIMU3')_t3_max: 56909
	F32_('SW31', 'SW21')_t5_min: 31296
	F25_('StarTr2', 'SW13')_t3_min: 1
	F10_('CMRIU1', 'SW21')_tb: 1
	F44_('SW51', 'SW41')_t5_min: 6801
	F12_('DU1', 'SW11')_t5_min: 550
	F5_('SW22', 'SW32')_t5_min: 118801
	F13_('SW41', 'SW31')_t3_max: 19374
	F47_('SW32', 'RCM2')_t5_max: 802
	F23_('SW52', 'SW8')_t5_max: 926
	F19_('SW42', 'CM2CB')_t5_max: 594
	F12_('SW21', 'SW31')_t5_max: 968
	F12_('DU1', 'SW11')_t3_min: 472
	F15_('DU2', 'SW11')_t4_max: 15122
	F9_('SW14', 'DU4')_t5_max: 31999
	F31_('StarTr1', 'SW13')_t5_min: 62885
	F45_('CM2CB', 'SW42')_t5_min: 80107
	F41_('SW41', 'CM1CB')_t3_max: 62903
	F30_('SW21', 'SW11')_t3_max: 2515
	F2_('SW51', 'SM1CA')_t5_min: 1274
	F43_('SW31', 'SW21')_tb: 574
	F43_('SW31', 'SW21')_t3_min: 446
	F26_('MIMU1', 'SW13')_t3_min: 6736
	F36_('SW32', 'LCM2')_t3_min: 12178
	F36_('SW42', 'SW32')_t5_max: 12176
	F35_('SW31', 'SW21')_tb: 30675
	F49_('SW13', 'MIMU2')_t5_max: 12441
	F16_('SW51', 'SW8')_t5_min: 2846
	F44_('SW41', 'SW31')_t3_max: 6937
	F32_('SW51', 'SW41')_t5_max: 31367
	F18_('CMRIU2', 'SW22')_tb: 7378
	F31_('SW32', 'FCM2')_t3_min: 63111
	F47_('SW52', 'SW42')_t3_min: 557
	F23_('SW8', 'SW31')_tb: 799
	F43_('FCM1', 'SW31')_t4_min: 344
	F16_('SM1CA', 'SW51')_t4_min: 2700
	F41_('SW21', 'SW31')_t5_max: 62681
	F1_('LCM2', 'SW32')_t5_min: 1575
	F22_('SW11', 'SW21')_t3_min: 7706
	('CMRIU1', 'SW21')_gcl_length: 0
	F0_('SMRIU2', 'SW6')_t3_min: 6172
	F38_('SW21', 'CMRIU1')_t5_min: 5853
	F25_('StarTr2', 'SW13')_t5_min: 62
	F9_('CMRIU2', 'SW22')_t5_max: 31675
	F16_('SW8', 'SW52')_t3_max: 2982
	F31_('SW13', 'SW22')_t5_min: 62997
	F35_('SW21', 'SW12')_t3_min: 30766
	F21_('CM1CA', 'SW41')_t4_min: 1088
	F49_('SW22', 'SW13')_t3_min: 11934
	F33_('SW42', 'SW32')_tb: 762
	F38_('SW21', 'CMRIU1')_t4_max: 6027
	F24_('DU4', 'SW14')_t4_max: 15646
	F8_('SW32', 'SW7')_t5_min: 3647
	F11_('DU5', 'SW14')_t4_min: 56331
	F46_('StarTr1', 'SW13')_t5_max: 109
	F10_('SW21', 'SW14')_tb: 101
	F41_('SW31', 'SW41')_t5_min: 62509
	F48_('SW12', 'SBAND1')_tb: 17416
	F27_('DU4', 'SW14')_t5_max: 240
	F36_('SM2CB', 'SW52')_t4_min: 11976
	F30_('SW13', 'SW21')_tb: 2472
	F39_('SW42', 'SW32')_t5_min: 108
	F28_('FCM2', 'SW32')_t5_min: 1547
	F4_('StarTr1', 'SW13')_tb: 3917
	F25_('SW13', 'MIMU1')_t4_max: 193
	F46_('SW13', 'SW21')_t5_max: 208
	F25_('StarTr2', 'SW13')_tb: 1
	F12_('SW21', 'SW31')_tb: 632
	F47_('SM2CA', 'SW52')_t5_min: 555
	F32_('SW13', 'MIMU3')_t3_max: 31848
	F11_('DU5', 'SW14')_t5_max: 56434
	F41_('SW21', 'SW31')_t3_min: 62339
	F35_('SW21', 'SW12')_t5_min: 30855
	('SW41', 'SW51')_gcl_length: 2
	F32_('SW21', 'SW13')_t5_max: 31841
	F32_('SW51', 'SW41')_t5_min: 31238
	F15_('SW22', 'SW32')_t5_min: 15489
	F22_('DU2', 'SW11')_t3_min: 7695
	F29_('SW6', 'SW31')_t5_max: 1668
	F13_('SW41', 'SW31')_tb: 19240
	F26_('SW11', 'DU1')_tb: 6939
	F43_('FCM1', 'SW31')_t5_max: 444
	F3_('SW21', 'CMRIU1')_t3_max: 2117
	F1_('SW32', 'SW22')_tb: 1577
	F45_('SW42', 'SW32')_tb: 80109
	('SW8', 'SW51')_gcl_length: 0
	F1_('LCM2', 'SW32')_t3_min: 1513
	F38_('SW21', 'CMRIU1')_t5_max: 6111
	F32_('SW13', 'MIMU3')_t4_max: 31972
	F26_('SW11', 'DU1')_t3_min: 6939
	F15_('SW22', 'SW32')_t3_max: 15502
	F17_('SW22', 'SW14')_t3_min: 1550
	F23_('SW52', 'SW8')_tb: 771
	F39_('SW7', 'SW31')_t5_max: 469
	F13_('SW41', 'SW31')_t5_min: 19325
	('SW31', 'FCM1')_gcl_length: 0
	F47_('SW32', 'RCM2')_t3_min: 634
	F46_('SW51', 'SM1CB')_t3_min: 1778
	F3_('SW13', 'SW21')_t5_min: 2110
	F10_('SW21', 'SW14')_t5_min: 199
	F5_('SW22', 'SW32')_t3_max: 118597
	('StarTr2', 'SW13')_gcl_length: 0
	F44_('SW31', 'LCM1')_tb: 6905
	F27_('SW21', 'SW31')_tb: 567
	F21_('CM1CA', 'SW41')_t5_min: 1160
	F35_('SW12', 'SBAND1')_t4_max: 31373
	F13_('SW6', 'SMRIU1')_t4_max: 19930
	('SW22', 'SW14')_gcl_length: 2
	F48_('SW32', 'SW22')_t3_min: 17186
	F25_('StarTr2', 'SW13')_t4_min: 1
	F8_('SW42', 'SW32')_t5_min: 3533
	F33_('SW22', 'BFCU')_t4_max: 1316
	F19_('SW32', 'SW42')_t5_min: 346
	F37_('SMRIU2', 'SW6')_tb: 63653
	F10_('CMRIU1', 'SW21')_t5_max: 99
	F44_('SW31', 'LCM1')_t3_min: 6905
	F17_('SW22', 'SW14')_t5_min: 1730
	F7_('CM2CB', 'SW42')_t4_max: 13431
	F21_('SW41', 'SW31')_t5_min: 1239
	('SW21', 'SW13')_gcl_length: 2
	F9_('CMRIU2', 'SW22')_t4_min: 31644
	F7_('SW31', 'FCM1')_t3_max: 14058
	('SW21', 'SW31')_gcl_length: 10
	F43_('FCM1', 'SW31')_t3_min: 344
	F21_('CM1CA', 'SW41')_t4_max: 1088
	F14_('SW22', 'BFCU')_t5_max: 28117
	F45_('SW32', 'FCM2')_t4_max: 80423
	F30_('SW11', 'DU1')_t5_max: 2842
	F31_('StarTr1', 'SW13')_t4_min: 62775
	F27_('SW31', 'FCM1')_t5_max: 826
	F37_('SW11', 'DU1')_t3_min: 63727
	F17_('SW22', 'SW14')_t5_max: 1730
	F24_('SW31', 'RCM1')_t5_min: 15999
	F34_('RCM1', 'SW31')_t4_max: 125454
	F34_('SW41', 'CM1CA')_t5_min: 125584
	F19_('SMRIU1', 'SW6')_t4_max: 1
	F8_('CM2CA', 'SW42')_t5_min: 3419
	F31_('StarTr1', 'SW13')_t4_max: 62775
	F10_('SW21', 'SW14')_t3_min: 101
	F17_('SW42', 'SW32')_t5_min: 1360
	('RCM1', 'SW31')_gcl_length: 0
	F16_('SM1CA', 'SW51')_t4_max: 2700
	F36_('SW32', 'LCM2')_t5_min: 12240
	F45_('SW42', 'SW32')_t5_min: 80163
	F19_('SW6', 'SW32')_t3_min: 115
	F23_('SM2CB', 'SW52')_t4_min: 743
	('SW11', 'DU3')_gcl_length: 0
	F15_('DU2', 'SW11')_t3_min: 15122
	F0_('SW32', 'RCM2')_t3_min: 6294
	F33_('SM2CB', 'SW52')_t4_min: 724
	F29_('LCM2', 'SW32')_t5_min: 1512
	F23_('SW8', 'SW31')_t3_max: 933
	F9_('SW22', 'SW14')_t5_min: 31708
	F32_('SM1CA', 'SW51')_t3_min: 31182
	F11_('SW21', 'SW13')_t5_max: 56902
	F1_('LCM2', 'SW32')_t5_max: 1575
	F15_('SW11', 'SW22')_t3_min: 15245
	F46_('StarTr1', 'SW13')_t5_min: 109
	F0_('SMRIU2', 'SW6')_t5_max: 6231
	F12_('DU1', 'SW11')_t5_max: 550
	F12_('SW31', 'LCM1')_t3_min: 712
	('SMRIU1', 'SW6')_gcl_length: 0
	F35_('SW41', 'SW31')_t3_min: 30584
	F39_('SW7', 'SW31')_t3_min: 290
	F18_('SW22', 'SW14')_t5_min: 7426
	F22_('SW11', 'SW21')_t5_min: 7843
	F5_('DU3', 'SW11')_t5_max: 118378
	F18_('SW14', 'DU4')_t5_min: 7451
	('SW6', 'SMRIU1')_gcl_length: 0
	F33_('SW22', 'BFCU')_t5_max: 1333
	F41_('MIMU1', 'SW13')_t3_min: 62167
	F29_('SW41', 'CM1CB')_t3_min: 1743
	F38_('DU4', 'SW14')_t3_min: 5597
	F35_('SM1CA', 'SW51')_tb: 30397
	F46_('SW21', 'SW31')_t3_max: 215
	F43_('FCM1', 'SW31')_t5_min: 444
	F39_('SW32', 'SW7')_t5_max: 288
	F43_('FCM1', 'SW31')_tb: 344
	F1_('SW22', 'SW11')_t5_min: 1703
	F35_('SM1CA', 'SW51')_t4_max: 30397
	F0_('SMRIU2', 'SW6')_t4_min: 6172
	F39_('SW31', 'RCM1')_t3_min: 342
	F32_('SW51', 'SW41')_tb: 31211
	F41_('MIMU1', 'SW13')_tb: 62167
	F1_('SW11', 'DU1')_t5_max: 2154
	F35_('SW41', 'SW31')_t5_min: 30673
	F19_('SW6', 'SW32')_t5_max: 232
	('SMRIU2', 'SW6')_gcl_length: 0
	F11_('SW21', 'SW13')_t3_max: 56675
	F18_('SW14', 'DU4')_t5_max: 7709
	F6_('SW51', 'SM1CB')_t5_min: 31234
	F15_('SW11', 'SW22')_t5_max: 15495
	F11_('SW13', 'MIMU3')_t5_min: 56749
	F46_('SW21', 'SW31')_t5_min: 307
	F32_('SW31', 'SW21')_t3_min: 31269
	F10_('CMRIU1', 'SW21')_t5_min: 99
	F24_('SW31', 'RCM1')_t3_max: 15947
	F7_('SW42', 'SW32')_t3_min: 13490
	F47_('SW42', 'SW32')_t3_min: 598
	F17_('SW42', 'SW32')_t3_min: 1308
	F35_('SW12', 'SBAND1')_t5_max: 31462
	F20_('DU1', 'SW11')_t5_max: 3808
	F22_('SW11', 'SW21')_tb: 7834
	F11_('SW13', 'MIMU3')_t3_min: 56646
	F33_('SW32', 'SW22')_t3_min: 781
	F4_('SW22', 'CMRIU2')_t5_max: 4476
	('SW22', 'SW13')_gcl_length: 0
	F38_('SW14', 'SW21')_tb: 5683
	F41_('MIMU1', 'SW13')_t4_min: 62167
	F24_('SW21', 'SW31')_tb: 15759
	F0_('SW32', 'RCM2')_tb: 6294
	F15_('DU2', 'SW11')_t5_min: 15243
	F44_('SW51', 'SW41')_t5_max: 6930
	F39_('SW32', 'SW7')_t5_min: 288
	('MIMU1', 'SW13')_gcl_length: 0
	F33_('SW22', 'BFCU')_tb: 800
	F12_('DU1', 'SW11')_tb: 472
	F5_('SW22', 'SW32')_tb: 118720
	F4_('StarTr1', 'SW13')_t5_max: 4016
	('SW41', 'CM1CA')_gcl_length: 0
	F48_('SW32', 'SW22')_tb: 17186
	('DU1', 'SW11')_gcl_length: 0
	F30_('SW21', 'SW11')_tb: 2510
	F4_('SW13', 'SW22')_t5_min: 4117
	F26_('SW11', 'DU1')_t5_max: 7089
	F9_('SW14', 'DU4')_t4_max: 31968
	F7_('SW31', 'FCM1')_t3_min: 13924
	F42_('SW31', 'RCM1')_t4_max: 1738
	F23_('SM2CB', 'SW52')_t5_min: 769
	F34_('SW41', 'CM1CA')_t3_max: 125676
	('FCM2', 'SW32')_gcl_length: 0
	F20_('SW11', 'SW22')_tb: 3810
	F2_('SM2CB', 'SW52')_tb: 857
	F48_('SW32', 'SW22')_t5_max: 17361
	F25_('SW13', 'MIMU1')_t5_min: 125
	F9_('CMRIU2', 'SW22')_tb: 31644
	F38_('SW21', 'CMRIU1')_t3_max: 5903
	F8_('SW42', 'SW32')_t5_max: 3533
	('SW42', 'SW32')_gcl_length: 18
	F20_('SW22', 'CMRIU2')_t4_max: 4094
	F49_('SW22', 'SW13')_t5_max: 12251
	F40_('DU1', 'SW11')_t3_min: 6925
	F14_('SW22', 'BFCU')_t5_min: 27859
	('SW51', 'SM1CB')_gcl_length: 0
	F20_('SW22', 'CMRIU2')_t3_max: 3970
	F43_('SW11', 'DU3')_t5_min: 883
	F46_('StarTr1', 'SW13')_t3_min: 17
	F30_('SW13', 'SW21')_t3_min: 2467
	F10_('CMRIU1', 'SW21')_t3_min: 1
	F36_('SW32', 'LCM2')_t5_max: 12369
	F18_('CMRIU2', 'SW22')_t4_max: 7378
	F43_('SW31', 'SW21')_t5_min: 674
	F47_('SW32', 'RCM2')_tb: 768
	F2_('SM2CB', 'SW52')_t5_min: 925
	F47_('SW32', 'RCM2')_t3_max: 768
	F46_('SW21', 'SW31')_t5_max: 307
	F45_('CM2CB', 'SW42')_t4_max: 80053
	F33_('SM2CB', 'SW52')_t5_max: 741
	F12_('DU1', 'SW11')_t4_min: 472
	F33_('SM2CB', 'SW52')_t5_min: 741
	('SW42', 'CM2CB')_gcl_length: 2
	F49_('FCM2', 'SW32')_t5_max: 11871
	F7_('SW42', 'SW32')_tb: 13490
	('SW32', 'SW42')_gcl_length: 0
	F37_('SW11', 'DU1')_tb: 63727
	F22_('DU2', 'SW11')_t5_max: 7704
	F19_('SMRIU1', 'SW6')_tb: 1
	F47_('SW52', 'SW42')_t5_max: 596
	F32_('SW31', 'SW21')_t3_max: 31532
	F44_('SW51', 'SW41')_tb: 6701
	F37_('SMRIU2', 'SW6')_t5_min: 63667
	F33_('SW22', 'BFCU')_t5_min: 817
	F5_('SW11', 'SW22')_tb: 118380
	F7_('CM2CB', 'SW42')_t5_min: 13488
	F1_('SW22', 'SW11')_t5_max: 1961
	F35_('SW51', 'SW41')_tb: 30493
	F19_('SW32', 'SW42')_tb: 234
	F41_('SW21', 'SW31')_t5_min: 62423
	F13_('SM1CA', 'SW51')_t3_min: 19066
	F44_('SW31', 'LCM1')_t5_max: 7392
	F4_('SW13', 'SW22')_t5_max: 4246
	F20_('DU1', 'SW11')_t4_max: 3784
	F15_('SW22', 'SW32')_t3_min: 15368
	F19_('SW42', 'CM2CB')_t5_min: 594
	F34_('RCM1', 'SW31')_tb: 125454
	F13_('SM1CA', 'SW51')_tb: 19066
	F3_('SW21', 'CMRIU1')_t5_max: 3999
	F47_('SM2CA', 'SW52')_t4_min: 521
	F28_('SW12', 'SBAND2')_tb: 1730
	F5_('SW32', 'RCM2')_t5_max: 119013
	F43_('FCM1', 'SW31')_t4_max: 344
	F27_('SW14', 'SW21')_t5_min: 306
	F8_('CM2CA', 'SW42')_t3_min: 3312
	F23_('SW52', 'SW8')_t5_min: 797
	F25_('SW13', 'MIMU1')_t3_min: 64
	F39_('CM2CB', 'SW42')_t4_min: 1
	F17_('SW32', 'SW22')_t3_max: 1496
	F28_('FCM2', 'SW32')_t5_max: 1547
	F29_('SW32', 'SW6')_tb: 1519
	F24_('DU4', 'SW14')_t4_min: 15646
	F10_('CMRIU1', 'SW21')_t4_min: 1
	F29_('LCM2', 'SW32')_tb: 1441
	F24_('SW14', 'SW21')_t5_max: 15757
	F15_('SW22', 'SW32')_t5_max: 15747
	F14_('LCM2', 'SW32')_t5_max: 27627
	F5_('DU3', 'SW11')_t3_min: 118297
	F39_('SW42', 'SW32')_t5_max: 108
	F29_('SW41', 'CM1CB')_t4_max: 1877
	F33_('SW52', 'SW42')_tb: 743
	('SW22', 'SW32')_gcl_length: 2
	('SW32', 'FCM2')_gcl_length: 0
	F49_('FCM2', 'SW32')_t3_min: 11812
	F41_('SW13', 'SW21')_t3_min: 62253
	F8_('CM2CA', 'SW42')_tb: 3312
	F44_('SM1CA', 'SW51')_t5_max: 6699
	F7_('SW32', 'SW7')_t5_max: 13863
	F14_('SW32', 'SW22')_t5_min: 27743
	F40_('SW11', 'DU3')_tb: 7013
	('SW52', 'SM2CB')_gcl_length: 0
	F48_('FCM2', 'SW32')_t5_min: 17184
	F22_('SW13', 'MIMU2')_t5_max: 7999
	F0_('SW32', 'RCM2')_t5_max: 6611
	F9_('CMRIU2', 'SW22')_t4_max: 31644
	F46_('SW41', 'SW51')_t5_min: 1776
	F7_('SW7', 'SW31')_t3_min: 13865
	('SW6', 'SW31')_gcl_length: 66
	F32_('SW41', 'SW31')_tb: 31240
	F13_('SW6', 'SMRIU1')_t3_max: 19806
	F24_('SW14', 'SW21')_t5_min: 15757
	F37_('SMRIU2', 'SW6')_t3_min: 63653
	F48_('FCM2', 'SW32')_t4_min: 17138
	F36_('SW52', 'SW42')_t5_max: 12107
	F27_('SW21', 'SW31')_t5_max: 631
	F26_('SW13', 'SW21')_t5_min: 6780
	F7_('CM2CB', 'SW42')_t5_max: 13488
	F49_('SW22', 'SW13')_t3_max: 12068
	('SW11', 'SW22')_gcl_length: 0
	F26_('SW13', 'SW21')_tb: 6759
	F37_('SW31', 'SW21')_tb: 63695
	F22_('SW21', 'SW13')_t3_max: 7850
	F34_('SW31', 'SW41')_t3_min: 125498
	F39_('CM2CB', 'SW42')_t5_min: 51
	F26_('MIMU1', 'SW13')_t4_min: 6736
	F27_('SW31', 'FCM1')_t4_max: 762
	F49_('SW32', 'SW22')_t3_min: 11873
	F28_('SW12', 'SBAND2')_t5_min: 1752
	F17_('CM2CA', 'SW42')_t4_max: 1254
	F46_('StarTr1', 'SW13')_t4_max: 17
	F1_('SW22', 'SW11')_t3_min: 1641
	F45_('CM2CB', 'SW42')_t3_min: 80053
	F22_('DU2', 'SW11')_t4_max: 7695
	F35_('SW12', 'SBAND1')_t3_min: 30857
	('SW22', 'SW12')_gcl_length: 10
	F20_('SW11', 'SW22')_t5_min: 3834
	F32_('SM1CA', 'SW51')_t5_max: 31209
	F41_('MIMU1', 'SW13')_t5_max: 62251
	('SM2CB', 'SW52')_gcl_length: 0
	('SW6', 'SW32')_gcl_length: 2
	F36_('SW32', 'LCM2')_t3_max: 12183
	F26_('SW11', 'DU1')_t3_max: 6944
	F26_('SW21', 'SW11')_tb: 6916
	F47_('SW42', 'SW32')_t5_min: 632
	F33_('SW22', 'BFCU')_t3_max: 1192
	F45_('SW32', 'FCM2')_tb: 80165
	F34_('SW31', 'SW41')_t5_min: 125540
	F32_('SW31', 'SW21')_t5_max: 31683
	F11_('SW14', 'SW21')_t5_min: 56539
	F7_('SW32', 'SW7')_t3_min: 13549
	F27_('SW21', 'SW31')_t3_max: 442
	F30_('SW13', 'SW21')_t5_min: 2508
	('SW31', 'LCM1')_gcl_length: 0
	F46_('SW51', 'SM1CB')_t4_max: 1907
	F32_('SW41', 'SW31')_t3_max: 31374
	F36_('SW52', 'SW42')_t5_min: 12107
	F33_('SW42', 'SW32')_t5_min: 779
	F8_('SW7', 'SW31')_t5_max: 3761
	F41_('SW41', 'CM1CB')_t5_max: 63111
	F7_('SW31', 'FCM1')_t4_max: 14182
	F2_('SW51', 'SM1CA')_t5_max: 1274
	F39_('SW32', 'SW7')_tb: 238
	F23_('SW52', 'SW8')_t3_min: 771
	('SW7', 'SW31')_gcl_length: 2
	F1_('SW11', 'DU1')_t3_max: 1968
	F45_('CM2CB', 'SW42')_t4_min: 80053
	F34_('RCM1', 'SW31')_t5_min: 125496
	F49_('SW13', 'MIMU2')_t3_max: 12258
	F37_('SW6', 'SW31')_t5_min: 63688
	F23_('SM2CB', 'SW52')_t5_max: 769
	F49_('SW32', 'SW22')_t5_max: 12061
	('SW22', 'CMRIU2')_gcl_length: 0
	F37_('SMRIU2', 'SW6')_t4_min: 63653
	F3_('MIMU3', 'SW13')_t4_min: 1873
	F39_('SW31', 'RCM1')_t5_min: 392
	F15_('SW32', 'LCM2')_t5_min: 15612
	('LCM1', 'SW31')_gcl_length: 0
	F11_('SW21', 'SW13')_t3_min: 56541
	F35_('SW41', 'SW31')_tb: 30584
	F43_('SW11', 'DU3')_t3_min: 783
	F5_('SW11', 'SW22')_t5_min: 118461
	F32_('SM1CA', 'SW51')_t5_min: 31209
	F44_('SM1CA', 'SW51')_t5_min: 6699
	F48_('SW22', 'SW12')_tb: 17368
	F39_('CM2CB', 'SW42')_t3_min: 1
	F27_('DU4', 'SW14')_t5_min: 240
	F13_('SW31', 'SW6')_tb: 19327
	F26_('SW21', 'SW11')_t5_max: 6937
	F28_('SW12', 'SBAND2')_t5_max: 1881
	F42_('LCM1', 'SW31')_t4_min: 1657
	F7_('SW7', 'SW31')_t5_max: 14051
	F31_('SW32', 'FCM2')_tb: 63111
	F35_('SW41', 'SW31')_t5_max: 30802
	F12_('SW11', 'SW21')_t3_min: 552
	F41_('SW31', 'SW41')_t3_max: 62688
	F6_('SM1CA', 'SW51')_t3_min: 31210
	F48_('SW32', 'SW22')_t5_min: 17232
	F44_('SW41', 'SW31')_t5_max: 7161
	F28_('SW12', 'SBAND2')_t4_max: 1859
	F33_('SW42', 'SW32')_t5_max: 1037
	F1_('SW11', 'DU1')_t4_max: 2092
	F40_('DU1', 'SW11')_t4_max: 6925
	F36_('SM2CB', 'SW52')_t5_max: 12038
	F5_('SW22', 'SW32')_t3_min: 118463
	F35_('SW21', 'SW12')_tb: 30766
	F13_('SW51', 'SW41')_tb: 19153
	F48_('SW12', 'SBAND1')_t3_min: 17416
	F33_('SW42', 'SW32')_t3_max: 896
	F13_('SW31', 'SW6')_t5_min: 19412
	F6_('SW51', 'SM1CB')_t3_min: 31223
	F46_('SW41', 'SW51')_t3_max: 431
	F16_('SW8', 'SW52')_t5_min: 2920
	('SW12', 'SBAND1')_gcl_length: 0
	F40_('SW11', 'DU3')_t3_min: 7013
	F28_('FCM2', 'SW32')_t3_min: 1525
	F29_('SW6', 'SW31')_tb: 1597
	F45_('SW32', 'FCM2')_t5_min: 80219
	F32_('SM1CA', 'SW51')_tb: 31182
	F40_('SW11', 'DU3')_t4_max: 7142
	F29_('SW41', 'CM1CB')_t5_max: 1948
	F33_('SW32', 'SW22')_t5_min: 798
	F7_('SW32', 'SW7')_t3_max: 13683
	F8_('SW42', 'SW32')_t3_min: 3421
	F16_('SW51', 'SW8')_tb: 2774
	F30_('SW11', 'DU1')_t3_max: 2682
	F6_('SW51', 'SM1CB')_t5_max: 31363
	('SW12', 'SBAND2')_gcl_length: 0
	F7_('SW32', 'SW7')_t5_min: 13863
	F26_('MIMU1', 'SW13')_tb: 6736
	F13_('SM1CA', 'SW51')_t5_max: 19151
	F4_('StarTr1', 'SW13')_t4_max: 3917
	F39_('SW31', 'RCM1')_t4_max: 600
	F5_('SW32', 'RCM2')_tb: 118803
	F5_('DU3', 'SW11')_t4_max: 118297
	F30_('SW11', 'DU1')_t4_max: 2806
	F37_('SW31', 'SW21')_t5_min: 63709
	('SW22', 'BFCU')_gcl_length: 0
	F48_('SW22', 'SW12')_t5_max: 17414
	F16_('SM1CA', 'SW51')_t5_min: 2772
	F42_('LCM1', 'SW31')_tb: 1657
	F36_('SM2CB', 'SW52')_tb: 11976
	F31_('SW22', 'SW32')_t3_max: 63133
	F0_('SW6', 'SW32')_t5_max: 6421
	F17_('CM2CA', 'SW42')_t4_min: 1254
	F41_('SW13', 'SW21')_tb: 62253
	F22_('DU2', 'SW11')_tb: 7695
	F31_('StarTr1', 'SW13')_t5_max: 62885
	F19_('SW6', 'SW32')_tb: 120
	F28_('SW32', 'SW22')_t3_min: 1549
	F17_('SW22', 'SW14')_t3_max: 1555
	F19_('SW42', 'CM2CB')_tb: 482
	F3_('SW21', 'CMRIU1')_t3_min: 2112
	F32_('SW13', 'MIMU3')_t3_min: 31327
	('SW32', 'RCM2')_gcl_length: 2
	F3_('SW21', 'CMRIU1')_tb: 3884
	F38_('SW21', 'CMRIU1')_t3_min: 5769
	F35_('SW12', 'SBAND1')_t3_max: 31249
	F46_('SW31', 'SW41')_t5_max: 424
	F0_('SW6', 'SW32')_tb: 6233
	('SW31', 'SW21')_gcl_length: 66
	F43_('SW11', 'DU3')_tb: 783
	F41_('SW41', 'CM1CB')_tb: 62511
	F40_('DU1', 'SW11')_t5_min: 7011
	F31_('SW32', 'FCM2')_t3_max: 63374
	F8_('SW42', 'SW32')_tb: 3426
	F46_('SW41', 'SW51')_tb: 1684
	F21_('SW41', 'SW31')_tb: 1167
	F13_('SW6', 'SMRIU1')_t3_min: 19414
	F36_('SW32', 'LCM2')_tb: 12178
	F9_('SW14', 'DU4')_t5_min: 31741
	F16_('SW8', 'SW52')_t5_max: 3178
	F35_('SW31', 'SW21')_t5_min: 30764
	F12_('SW31', 'LCM1')_t4_max: 1099
	F40_('DU1', 'SW11')_t4_min: 6925
	F27_('SW14', 'SW21')_tb: 242
	F18_('CMRIU2', 'SW22')_t3_min: 7378
	F23_('SM2CB', 'SW52')_t4_max: 743
	F2_('SW8', 'SW51')_t3_max: 1007
	F23_('SM2CB', 'SW52')_t3_min: 743
	F23_('SW31', 'FCM1')_tb: 827
	F35_('SW41', 'SW31')_t3_max: 30589
	('SW31', 'SW41')_gcl_length: 2
	F32_('SW41', 'SW31')_t5_max: 31525
	F30_('SW13', 'SW21')_t5_max: 2508
	F1_('SW32', 'SW22')_t3_min: 1577
	F20_('DU1', 'SW11')_tb: 3784
	('SW22', 'SW11')_gcl_length: 0
	F44_('SM1CA', 'SW51')_t4_min: 6599
	F47_('SM2CA', 'SW52')_t5_max: 555
	F23_('SW31', 'FCM1')_t5_max: 1240
	('SW31', 'SW6')_gcl_length: 0
	F13_('SM1CA', 'SW51')_t4_min: 19066
	F43_('SW21', 'SW11')_t5_max: 781
	F16_('SM1CA', 'SW51')_t5_max: 2772
	F26_('SW21', 'SW11')_t5_min: 6937
	F22_('DU2', 'SW11')_t5_min: 7704
	F37_('SW21', 'SW11')_t3_max: 63716
	F29_('SW6', 'SW31')_t3_max: 1597
	F8_('SW7', 'SW31')_t3_max: 3654
	F23_('SW8', 'SW31')_t3_min: 799
	('SW14', 'DU5')_gcl_length: 0
	F22_('SW21', 'SW13')_tb: 7850
	F8_('CM2CA', 'SW42')_t4_max: 3312
	F42_('SW31', 'RCM1')_tb: 1738
	F38_('SW14', 'SW21')_t5_min: 5767
	F2_('SW52', 'SW8')_t3_min: 927
	F33_('SW52', 'SW42')_t3_min: 743
	F31_('SW13', 'SW22')_t5_max: 63126
	F14_('SW22', 'BFCU')_tb: 27745
	F49_('SW22', 'SW13')_tb: 11934
	F24_('DU4', 'SW14')_tb: 15646
	F33_('SW52', 'SW42')_t5_min: 760
	F0_('SW6', 'SW32')_t3_min: 6233
	F7_('CM2CB', 'SW42')_t4_min: 13431
	F18_('SW14', 'DU4')_t4_max: 7686
	F24_('SW21', 'SW31')_t3_max: 15764
	F26_('SW21', 'SW11')_t3_min: 6782
	F10_('SW14', 'DU5')_t3_min: 201
	F30_('SW11', 'DU1')_tb: 2548
	F9_('SW22', 'SW14')_t3_min: 31677
	F21_('SW31', 'FCM1')_t3_max: 1246
	F13_('SW31', 'SW6')_t3_max: 19590
	('CM1CA', 'SW41')_gcl_length: 0
	F12_('SW31', 'LCM1')_tb: 712
	F14_('LCM2', 'SW32')_t5_min: 27627
	F17_('CM2CA', 'SW42')_t3_min: 1254
	('SM2CA', 'SW52')_gcl_length: 0
	F29_('SW41', 'CM1CB')_t3_max: 1877
	F14_('LCM2', 'SW32')_t4_min: 27513
	F18_('SW22', 'SW14')_t3_min: 7403
	F13_('SM1CA', 'SW51')_t5_min: 19151
	F19_('SMRIU1', 'SW6')_t3_min: 1
	F16_('SW52', 'SM2CB')_t3_max: 3185
	F4_('SW22', 'CMRIU2')_t3_max: 4253
	F31_('StarTr1', 'SW13')_t3_min: 62775
	F30_('MIMU2', 'SW13')_t4_min: 2429
	F26_('SW11', 'DU1')_t4_max: 7068
	('SW13', 'MIMU1')_gcl_length: 0
	F22_('SW13', 'MIMU2')_t4_max: 7990
	F49_('SW22', 'SW13')_t5_min: 11993
	F2_('SW51', 'SM1CA')_t3_max: 1206
	F20_('SW22', 'CMRIU2')_t3_min: 3836
	('SW11', 'DU1')_gcl_length: 0
	F29_('SW41', 'CM1CB')_tb: 1877
	F10_('CMRIU1', 'SW21')_t4_max: 1
	F49_('SW32', 'SW22')_t5_min: 11932
	F12_('SW21', 'SW31')_t3_min: 632
	F28_('FCM2', 'SW32')_t4_min: 1525
	F39_('SW7', 'SW31')_tb: 290
	F36_('SM2CB', 'SW52')_t5_min: 12038
	F14_('SW22', 'BFCU')_t4_max: 28003
	F36_('SW42', 'SW32')_t3_max: 12114
	F7_('SW7', 'SW31')_t3_max: 13870
	F34_('SW31', 'SW41')_t5_max: 125669
	F44_('SW31', 'LCM1')_t4_max: 7292
	F9_('SW14', 'DU4')_t3_min: 31710
	F46_('SW51', 'SM1CB')_t5_min: 1870
	F47_('SW42', 'SW32')_t3_max: 603
	F47_('SW32', 'RCM2')_t5_min: 802
	F8_('SW31', 'LCM1')_t3_max: 3768
	F22_('SW11', 'SW21')_t5_max: 7843
	('SW52', 'SW42')_gcl_length: 18
	F34_('SW41', 'CM1CA')_t3_min: 125542
	F28_('FCM2', 'SW32')_tb: 1525
	F27_('SW31', 'FCM1')_tb: 633
	F17_('SW14', 'DU5')_t5_max: 1913
	F42_('LCM1', 'SW31')_t3_min: 1657
	F30_('MIMU2', 'SW13')_t4_max: 2429
	F0_('SW32', 'RCM2')_t3_max: 6428
	F36_('SW42', 'SW32')_t5_min: 12176
	F16_('SM1CA', 'SW51')_t3_min: 2700
	F41_('SW31', 'SW41')_tb: 62425
	F48_('SW22', 'SW12')_t3_min: 17234
	F46_('SW13', 'SW21')_t5_min: 208
	F15_('SW32', 'LCM2')_t3_max: 15754
	F7_('SW7', 'SW31')_tb: 13865
	F15_('SW22', 'SW32')_tb: 15368
	F37_('SW11', 'DU1')_t5_min: 63741
	('DU3', 'SW11')_gcl_length: 0
	F48_('FCM2', 'SW32')_tb: 17138
	F14_('SW32', 'SW22')_t3_min: 27629
	F46_('SW41', 'SW51')_t5_max: 1776
	F20_('SW11', 'SW22')_t5_max: 3963
	F16_('SW52', 'SM2CB')_t4_max: 3309
	F1_('SW22', 'SW11')_t3_max: 1775
	F13_('SW31', 'SW6')_t5_max: 19799
	F14_('SW32', 'SW22')_t5_max: 27872
	F17_('SW32', 'SW22')_t5_min: 1548
	F8_('SW7', 'SW31')_t5_min: 3761
	F21_('SW31', 'FCM1')_tb: 1241
	('SW32', 'SW7')_gcl_length: 18
	F22_('SW13', 'MIMU2')_t3_min: 7861
	F49_('FCM2', 'SW32')_tb: 11812
	F5_('SW11', 'SW22')_t3_min: 118380
	F16_('SW51', 'SW8')_t3_min: 2774
	F21_('SW31', 'FCM1')_t3_min: 1241
	F46_('SW51', 'SM1CB')_tb: 1778
	F48_('FCM2', 'SW32')_t4_max: 17138
	F36_('SW52', 'SW42')_t3_min: 12040
	F27_('SW31', 'FCM1')_t3_min: 633
	F13_('SW41', 'SW31')_t3_min: 19240
	F13_('SW51', 'SW41')_t5_max: 19367
	F22_('SW21', 'SW13')_t3_min: 7845
	F46_('SW31', 'SW41')_t3_min: 309
	F47_('SW42', 'SW32')_tb: 598
	F39_('SW32', 'SW7')_t3_min: 110
	F44_('SW31', 'LCM1')_t3_max: 7168
	F4_('StarTr1', 'SW13')_t3_min: 3917
	F29_('SW31', 'SW41')_tb: 1670
	F2_('SW8', 'SW51')_tb: 1002
	F31_('SW22', 'SW32')_t5_min: 63109
	F17_('CM2CA', 'SW42')_t5_max: 1306
	F4_('SW22', 'CMRIU2')_t5_min: 4218
	F15_('SW32', 'LCM2')_t5_max: 15999
	F7_('SW31', 'FCM1')_t5_max: 14239
	F11_('DU5', 'SW14')_t4_max: 56331
	F35_('SW12', 'SBAND1')_tb: 30857
	F44_('SW41', 'SW31')_tb: 6803
	F21_('CM1CA', 'SW41')_t3_min: 1088
	F24_('DU4', 'SW14')_t5_min: 15698
	F10_('SW14', 'DU5')_t5_max: 557
	F32_('SM1CA', 'SW51')_t4_max: 31182
	F32_('SW21', 'SW13')_t3_min: 31298
	F29_('SW31', 'SW41')_t3_min: 1670
	F37_('SMRIU2', 'SW6')_t4_max: 63653
	F21_('CM1CA', 'SW41')_tb: 1088
	F8_('SW7', 'SW31')_tb: 3654
	F48_('SW12', 'SBAND1')_t4_max: 17545
	F24_('DU4', 'SW14')_t3_min: 15646
	F43_('SW11', 'DU3')_t5_max: 1012
	F37_('SW21', 'SW11')_tb: 63711
	F2_('SM2CB', 'SW52')_t5_max: 925
	F27_('SW21', 'SW31')_t5_min: 631
	F14_('LCM2', 'SW32')_t3_min: 27513
	F14_('LCM2', 'SW32')_t4_max: 27513
	F3_('MIMU3', 'SW13')_tb: 1873
	('SW51', 'SW8')_gcl_length: 0
	F24_('SW31', 'RCM1')_tb: 15947
	F38_('SW14', 'SW21')_t5_max: 5896
	F17_('SW14', 'DU5')_t4_max: 1861
	F14_('SW22', 'BFCU')_t3_min: 27745
	F46_('SW31', 'SW41')_tb: 332
	('SW11', 'SW21')_gcl_length: 2
	F42_('LCM1', 'SW31')_t4_max: 1657
	F35_('SW31', 'SW21')_t3_max: 30809
	F45_('CM2CB', 'SW42')_t5_max: 80107
	F35_('SM1CA', 'SW51')_t4_min: 30397
	F28_('SW12', 'SBAND2')_t3_min: 1730
	F8_('SW31', 'LCM1')_t4_max: 3892
	F11_('SW13', 'MIMU3')_tb: 56646
	F26_('MIMU1', 'SW13')_t5_max: 6757
	F15_('DU2', 'SW11')_t4_min: 15122
	F9_('SW22', 'SW14')_tb: 31677
	F11_('DU5', 'SW14')_tb: 56331
	F47_('SW52', 'SW42')_t5_min: 596
	F34_('SW41', 'CM1CA')_t5_max: 125842
	F14_('LCM2', 'SW32')_tb: 27513
	F49_('FCM2', 'SW32')_t4_min: 11812
	F2_('SW52', 'SW8')_t5_max: 1000
	F27_('SW31', 'FCM1')_t5_min: 697
	F17_('SW14', 'DU5')_t5_min: 1784
	F38_('DU4', 'SW14')_t4_min: 5597
	F0_('SMRIU2', 'SW6')_t5_min: 6231
	F10_('SW14', 'DU5')_t4_max: 459
	F16_('SW8', 'SW52')_tb: 2848
	F39_('SW7', 'SW31')_t5_min: 340
	F18_('SW14', 'DU4')_t3_max: 7562
	F23_('SW31', 'FCM1')_t5_min: 853
	F19_('SMRIU1', 'SW6')_t5_min: 113
	F10_('SW14', 'DU5')_tb: 201
	F47_('SM2CA', 'SW52')_t3_min: 521
	F28_('SW32', 'SW22')_t5_min: 1576
	F23_('SW31', 'FCM1')_t3_max: 1090
	F1_('SW22', 'SW11')_tb: 1641
	F44_('SW51', 'SW41')_t3_min: 6701
	F5_('SW32', 'RCM2')_t3_max: 118808
	F1_('SW11', 'DU1')_tb: 1705
	F3_('SW13', 'SW21')_t5_max: 2110
	F18_('CMRIU2', 'SW22')_t5_min: 7401
	F35_('SW31', 'SW21')_t3_min: 30675
	F39_('SW32', 'SW7')_t3_max: 115
	F49_('SW13', 'MIMU2')_t3_min: 11995
	F26_('SW13', 'SW21')_t5_max: 6909
	F30_('MIMU2', 'SW13')_tb: 2429
	F13_('SW41', 'SW31')_t5_max: 19583
	('DU4', 'SW14')_gcl_length: 0
	('SW41', 'SW31')_gcl_length: 2
	F37_('SW6', 'SW31')_tb: 63674
	F37_('SW6', 'SW31')_t3_min: 63669
	F32_('SM1CA', 'SW51')_t4_min: 31182
	F11_('DU5', 'SW14')_t5_min: 56434
	F34_('SW41', 'CM1CA')_t4_max: 125800
	F3_('SW13', 'SW21')_tb: 1995
	F17_('SW32', 'SW22')_t5_max: 1548
	F9_('SW22', 'SW14')_t5_max: 31837
	('SW32', 'LCM2')_gcl_length: 0
	F1_('SW11', 'DU1')_t5_min: 1767
	F46_('SW13', 'SW21')_t3_min: 111
	F22_('SW21', 'SW13')_t5_min: 7859
	F36_('SW42', 'SW32')_tb: 12114
	('SW21', 'SW12')_gcl_length: 0
	F3_('MIMU3', 'SW13')_t5_max: 1988
	F49_('SW32', 'SW22')_tb: 11873
	F17_('SW42', 'SW32')_tb: 1308
	F37_('SMRIU2', 'SW6')_t5_max: 63667
	F14_('SW22', 'BFCU')_t3_max: 27879
	F27_('SW21', 'SW31')_t3_min: 308
	F31_('SW22', 'SW32')_t5_max: 63367
	F30_('SW21', 'SW11')_t3_min: 2510
	('SW8', 'SW31')_gcl_length: 0
	F40_('DU1', 'SW11')_tb: 6925
	F39_('SW31', 'RCM1')_tb: 342
	F47_('SM2CA', 'SW52')_t4_max: 521
	F12_('SW31', 'LCM1')_t3_max: 975
	F19_('SW32', 'SW42')_t3_min: 234
	F38_('SW21', 'CMRIU1')_tb: 5769
	F25_('SW13', 'MIMU1')_t5_max: 254
	F10_('SW14', 'DU5')_t5_min: 299
	F33_('SW22', 'BFCU')_t3_min: 800
	F16_('SW52', 'SM2CB')_t5_min: 2994
	F27_('DU4', 'SW14')_t3_min: 176
	F2_('SW52', 'SW8')_tb: 932
	F0_('SMRIU2', 'SW6')_tb: 6172
	F37_('SW31', 'SW21')_t3_min: 63690
	F32_('SW21', 'SW13')_tb: 31298
	F29_('LCM2', 'SW32')_t5_max: 1512
	F26_('SW11', 'DU1')_t5_min: 6960
	F41_('SW13', 'SW21')_t5_min: 62337
	F20_('SW11', 'SW22')_t3_min: 3810
	F37_('SW21', 'SW11')_t5_min: 63725
	F27_('DU4', 'SW14')_t4_min: 176
	F8_('SW31', 'LCM1')_t3_min: 3763
	F3_('SW21', 'CMRIU1')_t4_max: 3884
	F15_('SW32', 'LCM2')_t4_max: 15878
	F43_('SW21', 'SW11')_tb: 681
	F37_('SW21', 'SW11')_t3_min: 63711
	F22_('SW13', 'MIMU2')_t3_max: 7866
	F22_('DU2', 'SW11')_t4_min: 7695
	F1_('LCM2', 'SW32')_tb: 1513
	F32_('SW21', 'SW13')_t3_max: 31690
	F30_('SW11', 'DU1')_t5_min: 2584
	F23_('SW8', 'SW31')_t5_min: 825
	('SW41', 'CM1CB')_gcl_length: 2
	F45_('SW32', 'FCM2')_t3_max: 80299
	F25_('SW13', 'MIMU1')_tb: 64
	F19_('SMRIU1', 'SW6')_t5_max: 113
	F18_('SW14', 'DU4')_tb: 7428
	F28_('SW32', 'SW22')_tb: 1554
	F39_('SW31', 'RCM1')_t3_max: 476
	F38_('DU4', 'SW14')_t4_max: 5597
	F2_('SM2CB', 'SW52')_t4_min: 857
	F5_('DU3', 'SW11')_t4_min: 118297
	F1_('LCM2', 'SW32')_t4_max: 1513
	F18_('SW22', 'SW14')_tb: 7403
	F41_('MIMU1', 'SW13')_t4_max: 62167
	F32_('SW13', 'MIMU3')_t5_min: 31354
	F41_('MIMU1', 'SW13')_t5_min: 62251
	F22_('SW21', 'SW13')_t5_max: 7859
	F19_('SW32', 'SW42')_t3_max: 239
	F37_('SW31', 'SW21')_t3_max: 63695
	F7_('CM2CB', 'SW42')_t3_min: 13431
	F19_('SW42', 'CM2CB')_t3_max: 482
	F24_('SW14', 'SW21')_t3_min: 15700
	('StarTr1', 'SW13')_gcl_length: 0
	F15_('SW32', 'LCM2')_tb: 15491
	F6_('SM1CA', 'SW51')_tb: 31210
	F35_('SM1CA', 'SW51')_t5_min: 30486
	F2_('SW51', 'SM1CA')_t4_max: 1206
	F13_('SW6', 'SMRIU1')_t5_max: 20015
	F46_('SW41', 'SW51')_t3_min: 426
	F19_('SW32', 'SW42')_t5_max: 475
	F24_('SW14', 'SW21')_tb: 15705
	F10_('SW14', 'DU5')_t3_max: 335
	F9_('CMRIU2', 'SW22')_t5_min: 31675
	F42_('SW31', 'RCM1')_t3_min: 1733
	F45_('SW42', 'SW32')_t5_max: 80292
	F8_('SW31', 'LCM1')_tb: 3763
	F34_('RCM1', 'SW31')_t3_min: 125454
	('SW21', 'SW14')_gcl_length: 0
	F20_('SW22', 'CMRIU2')_t5_min: 3860
	F46_('SW31', 'SW41')_t3_max: 314
	F1_('SW32', 'SW22')_t5_max: 1768
	F46_('StarTr1', 'SW13')_tb: 17
	F17_('SW14', 'DU5')_t3_min: 1732
	F34_('SW31', 'SW41')_tb: 125498
	F39_('CM2CB', 'SW42')_t4_max: 1
	F30_('SW11', 'DU1')_t3_min: 2548
	F31_('SW32', 'FCM2')_t4_max: 63498
	F29_('SW32', 'SW6')_t5_max: 1590
	F22_('SW13', 'MIMU2')_t5_min: 7870
	('SW51', 'SW41')_gcl_length: 2
	F45_('SW42', 'SW32')_t3_min: 80109
	F28_('SW22', 'SW12')_tb: 1706
	F17_('SW22', 'SW14')_tb: 1678
	F48_('SW22', 'SW12')_t5_min: 17414
	F28_('SW22', 'SW12')_t5_max: 1728
	F0_('SW6', 'SW32')_t5_min: 6292
	('SW13', 'SW22')_gcl_length: 0
	F34_('SW41', 'CM1CA')_tb: 125542
	F31_('SW13', 'SW22')_t3_min: 62887
	F29_('SW41', 'CM1CB')_t5_min: 1948
	F6_('SM1CA', 'SW51')_t4_max: 31210
	F39_('CM2CB', 'SW42')_tb: 1
	F28_('SW12', 'SBAND2')_t3_max: 1735
	F24_('SW31', 'RCM1')_t5_max: 15999
	F36_('SM2CB', 'SW52')_t3_min: 11976
	('SW31', 'RCM1')_gcl_length: 18
	F37_('SW11', 'DU1')_t4_max: 63985
	F30_('SW21', 'SW11')_t5_min: 2546
	F0_('SW32', 'RCM2')_t5_min: 6353
	F16_('SW52', 'SM2CB')_t5_max: 3381
	F21_('CM1CA', 'SW41')_t5_max: 1160
	F33_('SW32', 'SW22')_t3_max: 1044
	F33_('SW52', 'SW42')_t5_max: 889
	F8_('CM2CA', 'SW42')_t5_max: 3419
	F47_('SW32', 'RCM2')_t4_max: 768
	F45_('SW32', 'FCM2')_t5_max: 80477
	('SW14', 'SW21')_gcl_length: 2
	F44_('SW41', 'SW31')_t3_min: 6803
	F12_('SW21', 'SW31')_t3_max: 766
	F33_('SW32', 'SW22')_tb: 781
	F4_('StarTr1', 'SW13')_t4_min: 3917
	F7_('CM2CB', 'SW42')_tb: 13431
	F49_('SW13', 'MIMU2')_tb: 11995
	F16_('SM1CA', 'SW51')_tb: 2700
	F35_('SM1CA', 'SW51')_t3_min: 30397
	F11_('SW21', 'SW13')_tb: 56541
	F12_('DU1', 'SW11')_t4_max: 472
	F44_('SW31', 'LCM1')_t5_min: 7005
	F28_('SW22', 'SW12')_t3_max: 1583
	F11_('SW14', 'SW21')_t5_max: 56668
	F2_('SW8', 'SW51')_t3_min: 1002
	F8_('SW32', 'SW7')_t3_min: 3535
	F37_('SW11', 'DU1')_t5_max: 63999
	F15_('SW32', 'LCM2')_t3_min: 15491
	F5_('DU3', 'SW11')_tb: 118297
	F21_('SW41', 'SW31')_t5_max: 1239
	F23_('SW31', 'FCM1')_t3_min: 827
	F33_('SM2CB', 'SW52')_t4_max: 724
	F17_('SW32', 'SW22')_tb: 1496
	F26_('SW13', 'SW21')_t3_min: 6759
	F29_('SW6', 'SW31')_t5_min: 1668
	F17_('SW32', 'SW22')_t3_min: 1362
	('SM1CA', 'SW51')_gcl_length: 0
	F13_('SW6', 'SMRIU1')_tb: 19414
	F20_('DU1', 'SW11')_t3_min: 3784
	F28_('SW22', 'SW12')_t5_min: 1728
	F11_('SW21', 'SW13')_t5_min: 56644
	F28_('FCM2', 'SW32')_t4_max: 1525
	F45_('CM2CB', 'SW42')_tb: 80053
	F11_('SW14', 'SW21')_tb: 56436
	F19_('SW42', 'CM2CB')_t4_max: 482
	F46_('SW51', 'SM1CB')_t5_max: 1999
	F43_('SW21', 'SW11')_t3_min: 676
	F42_('SW31', 'RCM1')_t5_max: 1812
	F27_('SW14', 'SW21')_t5_max: 435
	F34_('RCM1', 'SW31')_t5_max: 125496
	F2_('SM2CB', 'SW52')_t4_max: 857
	F36_('SM2CB', 'SW52')_t4_max: 11976
	('SW21', 'SW11')_gcl_length: 10
	F44_('SM1CA', 'SW51')_tb: 6599
	('CM2CA', 'SW42')_gcl_length: 0
	F44_('SM1CA', 'SW51')_t4_max: 6599
	F41_('SW13', 'SW21')_t5_max: 62466
	F32_('SW41', 'SW31')_t3_min: 31240
	F42_('LCM1', 'SW31')_t5_min: 1731
	F26_('MIMU1', 'SW13')_t5_min: 6757
	F11_('SW13', 'MIMU3')_t4_max: 57033
	F18_('CMRIU2', 'SW22')_t5_max: 7401
	F11_('SW13', 'MIMU3')_t5_max: 57136
	F3_('MIMU3', 'SW13')_t4_max: 1873
	F48_('SW22', 'SW12')_t3_max: 17368
	F18_('SW14', 'DU4')_t3_min: 7428
	F48_('SW12', 'SBAND1')_t5_max: 17591
	F45_('SW32', 'FCM2')_t3_min: 80165
	F19_('SMRIU1', 'SW6')_t4_min: 1
	F41_('SW21', 'SW31')_tb: 62339
	F39_('CM2CB', 'SW42')_t5_max: 51
	F46_('SW21', 'SW31')_t3_min: 210
	F2_('SW51', 'SM1CA')_tb: 1206
	F46_('StarTr1', 'SW13')_t4_min: 17
	F15_('DU2', 'SW11')_tb: 15122
	F21_('SW31', 'FCM1')_t4_max: 1370
	F2_('SW8', 'SW51')_t5_max: 1199
	F42_('SW31', 'RCM1')_t5_min: 1812
	F29_('SW31', 'SW41')_t5_min: 1741
	('LCM2', 'SW32')_gcl_length: 0
	F39_('SW42', 'SW32')_tb: 58
	F4_('SW13', 'SW22')_tb: 4018
	F3_('SW21', 'CMRIU1')_t5_min: 3999
	F42_('LCM1', 'SW31')_t5_max: 1731
	F3_('MIMU3', 'SW13')_t3_min: 1873
	F49_('FCM2', 'SW32')_t5_min: 11871
	F35_('SW21', 'SW12')_t5_max: 31242
	F6_('SM1CA', 'SW51')_t4_min: 31210
	F7_('SW31', 'FCM1')_t5_min: 13981
	F49_('SW13', 'MIMU2')_t4_max: 12382
	F36_('SW42', 'SW32')_t3_min: 12109
	F27_('DU4', 'SW14')_t4_max: 176
	F43_('SW11', 'DU3')_t4_max: 912
	('DU5', 'SW14')_gcl_length: 0
	F18_('CMRIU2', 'SW22')_t4_min: 7378
	F44_('SM1CA', 'SW51')_t3_min: 6599
	F36_('SW32', 'LCM2')_t4_max: 12307
	F35_('SM1CA', 'SW51')_t5_max: 30486
	F47_('SW42', 'SW32')_t5_max: 761
	F39_('SW42', 'SW32')_t3_min: 53
	F26_('MIMU1', 'SW13')_t4_max: 6736
	F29_('LCM2', 'SW32')_t3_min: 1441
	F48_('SW12', 'SBAND1')_t3_max: 17421
	('SW8', 'SW52')_gcl_length: 0
	('SW21', 'CMRIU1')_gcl_length: 2
	F12_('SW11', 'SW21')_t5_min: 630
	F29_('SW6', 'SW31')_t3_min: 1592
	F6_('SM1CA', 'SW51')_t5_max: 31221
	F31_('SW32', 'FCM2')_t5_min: 63221
