0. Flow F0 [FCM2-->SM1CA] with period 32000, payload 998B, e2e delay 32000us, jitter 3200us
	('FCM2', 'SW32'), Operation(7290, None, 7370)(7290, 7290)
	('SW32', 'SW8'), Operation(7372, 7377, 7457)(7377, 7377)
	('SW8', 'SW51'), Operation(7459, None, 7668)(7459, 7588)
	('SW51', 'SM1CA'), Operation(7541, None, 7879)(7541, 7799)
1. Flow F1 [CMRIU1-->CMRIU2] with period 32000, payload 507B, e2e delay 32000us, jitter 3200us
	('CMRIU1', 'SW21'), Operation(24880, None, 24921)(24880, 24880)
	('SW21', 'SW11'), Operation(24923, None, 25093)(24923, 25052)
	('SW11', 'SW22'), Operation(24966, 25100, 25141)(25100, 25100)
	('SW22', 'CMRIU2'), Operation(25143, None, 25313)(25143, 25272)
2. Flow F2 [DU4-->StarTr1] with period 4000, payload 933B, e2e delay 4000us, jitter 400us
	('DU4', 'SW14'), Operation(1, None, 76)(1, 1)
	('SW14', 'SW21'), Operation(78, 83, 158)(83, 83)
	('SW21', 'SW13'), Operation(160, None, 364)(160, 289)
	('SW13', 'StarTr1'), Operation(237, None, 570)(237, 495)
3. Flow F3 [FCM1-->DU3] with period 8000, payload 728B, e2e delay 8000us, jitter 800us
	('FCM1', 'SW31'), Operation(7091, None, 7150)(7091, 7091)
	('SW31', 'SW21'), Operation(7152, 7280, 7339)(7280, 7280)
	('SW21', 'SW11'), Operation(7341, None, 7529)(7341, 7470)
	('SW11', 'DU3'), Operation(7402, None, 7719)(7402, 7660)
4. Flow F4 [FCM2-->CMRIU2] with period 2000, payload 1445B, e2e delay 2000us, jitter 200us
	('FCM2', 'SW32'), Operation(1173, None, 1289)(1173, 1173)
	('SW32', 'SW22'), Operation(1291, 1419, 1535)(1419, 1419)
	('SW22', 'CMRIU2'), Operation(1537, None, 1782)(1537, 1666)
5. Flow F5 [BFCU-->DU5] with period 16000, payload 1459B, e2e delay 16000us, jitter 1600us
	('BFCU', 'SW22'), Operation(1, None, 118)(1, 1)
	('SW22', 'SW14'), Operation(120, None, 366)(120, 249)
	('SW14', 'DU5'), Operation(239, None, 614)(239, 497)
6. Flow F6 [SMRIU1-->RCM2] with period 64000, payload 1416B, e2e delay 64000us, jitter 6400us
	('SMRIU1', 'SW6'), Operation(56233, None, 56347)(56233, 56233)
	('SW6', 'SW32'), Operation(56349, None, 56592)(56349, 56478)
	('SW32', 'RCM2'), Operation(56465, None, 56837)(56465, 56723)
7. Flow F7 [MIMU1-->SBAND1] with period 2000, payload 478B, e2e delay 2000us, jitter 200us
	('MIMU1', 'SW13'), Operation(1698, None, 1737)(1698, 1698)
	('SW13', 'SW21'), Operation(1739, 1744, 1783)(1744, 1744)
	('SW21', 'SW12'), Operation(1785, None, 1953)(1785, 1914)
	('SW12', 'SBAND1'), Operation(1826, 1960, 1999)(1960, 1960)
8. Flow F8 [DU5-->DU1] with period 8000, payload 735B, e2e delay 8000us, jitter 800us
	('DU5', 'SW14'), Operation(6922, None, 6981)(6922, 6922)
	('SW14', 'SW21'), Operation(6983, 7560, 7619)(7560, 7560)
	('SW21', 'SW11'), Operation(7621, None, 7809)(7621, 7750)
	('SW11', 'DU1'), Operation(7682, None, 7999)(7682, 7940)
9. Flow F9 [RCM2-->SM1CB] with period 64000, payload 1427B, e2e delay 64000us, jitter 6400us
	('RCM2', 'SW32'), Operation(15885, None, 16000)(15885, 15885)
	('SW32', 'SW8'), Operation(16002, 16130, 16245)(16130, 16130)
	('SW8', 'SW51'), Operation(16247, None, 16491)(16247, 16376)
	('SW51', 'SM1CB'), Operation(16364, None, 16737)(16364, 16622)
10. Flow F10 [SBAND2-->SM1CB] with period 64000, payload 231B, e2e delay 64000us, jitter 6400us
	('SBAND2', 'SW12'), Operation(45536, None, 45555)(45536, 45536)
	('SW12', 'SW21'), Operation(45557, 45562, 45581)(45562, 45562)
	('SW21', 'SW31'), Operation(45583, 45588, 45607)(45588, 45588)
	('SW31', 'SW41'), Operation(45609, None, 45757)(45609, 45738)
	('SW41', 'SW51'), Operation(45630, None, 45907)(45630, 45888)
	('SW51', 'SM1CB'), Operation(45651, None, 46057)(45651, 46038)
11. Flow F11 [RCM1-->MIMU1] with period 16000, payload 1336B, e2e delay 16000us, jitter 1600us
	('RCM1', 'SW31'), Operation(5864, None, 5971)(5864, 5864)
	('SW31', 'SW21'), Operation(5973, None, 6209)(5973, 6102)
	('SW21', 'SW13'), Operation(6082, None, 6447)(6082, 6340)
	('SW13', 'MIMU1'), Operation(6191, None, 6685)(6191, 6578)
12. Flow F12 [LCM1-->MIMU2] with period 2000, payload 263B, e2e delay 2000us, jitter 200us
	('LCM1', 'SW31'), Operation(468, None, 490)(468, 468)
	('SW31', 'SW21'), Operation(492, 546, 568)(546, 546)
	('SW21', 'SW13'), Operation(570, 575, 597)(575, 575)
	('SW13', 'MIMU2'), Operation(599, None, 750)(599, 728)
13. Flow F13 [MIMU1-->MIMU3] with period 16000, payload 968B, e2e delay 16000us, jitter 1600us
	('MIMU1', 'SW13'), Operation(14458, None, 14536)(14458, 14458)
	('SW13', 'MIMU3'), Operation(14538, None, 14745)(14538, 14667)
14. Flow F14 [SMRIU1-->LCM2] with period 4000, payload 418B, e2e delay 4000us, jitter 400us
	('SMRIU1', 'SW6'), Operation(198, None, 232)(198, 198)
	('SW6', 'SW32'), Operation(234, 239, 273)(239, 239)
	('SW32', 'LCM2'), Operation(275, None, 438)(275, 404)
15. Flow F15 [MIMU2-->RCM1] with period 4000, payload 766B, e2e delay 4000us, jitter 400us
	('MIMU2', 'SW13'), Operation(706, None, 768)(706, 706)
	('SW13', 'SW21'), Operation(770, None, 961)(770, 899)
	('SW21', 'SW31'), Operation(834, None, 1154)(834, 1092)
	('SW31', 'RCM1'), Operation(898, None, 1347)(898, 1285)
16. Flow F16 [LCM1-->SBAND2] with period 32000, payload 993B, e2e delay 32000us, jitter 3200us
	('LCM1', 'SW31'), Operation(30814, None, 30894)(30814, 30814)
	('SW31', 'SW21'), Operation(30896, None, 31105)(30896, 31025)
	('SW21', 'SW12'), Operation(30978, None, 31316)(30978, 31236)
	('SW12', 'SBAND2'), Operation(31060, None, 31527)(31060, 31447)
17. Flow F17 [SM1CA-->StarTr2] with period 2000, payload 232B, e2e delay 2000us, jitter 200us
	('SM1CA', 'SW51'), Operation(226, None, 245)(226, 226)
	('SW51', 'SW41'), Operation(247, 375, 394)(375, 375)
	('SW41', 'SW31'), Operation(396, 401, 420)(401, 401)
	('SW31', 'SW21'), Operation(422, 427, 446)(427, 427)
	('SW21', 'SW13'), Operation(448, 473, 492)(473, 473)
	('SW13', 'StarTr2'), Operation(494, None, 642)(494, 623)
18. Flow F18 [MIMU1-->SM1CA] with period 8000, payload 1170B, e2e delay 8000us, jitter 800us
	('MIMU1', 'SW13'), Operation(5420, None, 5514)(5420, 5420)
	('SW13', 'SW21'), Operation(5516, 5644, 5738)(5644, 5644)
	('SW21', 'SW31'), Operation(5740, 5868, 5962)(5868, 5868)
	('SW31', 'SW41'), Operation(5964, 6092, 6186)(6092, 6092)
	('SW41', 'SW51'), Operation(6188, 6316, 6410)(6316, 6316)
	('SW51', 'SM1CA'), Operation(6412, None, 6635)(6412, 6541)
19. Flow F19 [RCM1-->LCM1] with period 8000, payload 1518B, e2e delay 8000us, jitter 800us
	('RCM1', 'SW31'), Operation(1, None, 123)(1, 1)
	('SW31', 'LCM1'), Operation(125, None, 376)(125, 254)
20. Flow F20 [RCM1-->SM1CA] with period 32000, payload 163B, e2e delay 32000us, jitter 3200us
	('RCM1', 'SW31'), Operation(21593, None, 21607)(21593, 21593)
	('SW31', 'SW41'), Operation(21609, 21614, 21628)(21614, 21614)
	('SW41', 'SW51'), Operation(21630, None, 21773)(21630, 21759)
	('SW51', 'SM1CA'), Operation(21646, None, 21918)(21646, 21904)
21. Flow F21 [CM2CA-->MIMU3] with period 4000, payload 1443B, e2e delay 4000us, jitter 400us
	('CM2CA', 'SW42'), Operation(2570, None, 2686)(2570, 2570)
	('SW42', 'SW32'), Operation(2688, 2730, 2846)(2730, 2730)
	('SW32', 'SW22'), Operation(2848, 2976, 3092)(2976, 2976)
	('SW22', 'SW13'), Operation(3094, 3099, 3215)(3099, 3099)
	('SW13', 'MIMU3'), Operation(3217, None, 3462)(3217, 3346)
22. Flow F22 [RCM2-->RCM1] with period 4000, payload 1036B, e2e delay 4000us, jitter 400us
	('RCM2', 'SW32'), Operation(1, None, 84)(1, 1)
	('SW32', 'SW6'), Operation(86, 91, 174)(91, 91)
	('SW6', 'SW31'), Operation(176, None, 388)(176, 305)
	('SW31', 'RCM1'), Operation(261, None, 602)(261, 519)
23. Flow F23 [DU5-->DU3] with period 32000, payload 987B, e2e delay 32000us, jitter 3200us
	('DU5', 'SW14'), Operation(22693, None, 22772)(22693, 22693)
	('SW14', 'SW21'), Operation(22774, None, 22982)(22774, 22903)
	('SW21', 'SW11'), Operation(22855, 23112, 23191)(23112, 23112)
	('SW11', 'DU3'), Operation(23193, None, 23401)(23193, 23322)
24. Flow F24 [RCM1-->LCM1] with period 32000, payload 292B, e2e delay 32000us, jitter 3200us
	('RCM1', 'SW31'), Operation(25608, None, 25632)(25608, 25608)
	('SW31', 'LCM1'), Operation(25634, None, 25787)(25634, 25763)
25. Flow F25 [CMRIU1-->CMRIU2] with period 16000, payload 298B, e2e delay 16000us, jitter 1600us
	('CMRIU1', 'SW21'), Operation(12897, None, 12921)(12897, 12897)
	('SW21', 'SW11'), Operation(12923, None, 13076)(12923, 13052)
	('SW11', 'SW22'), Operation(12949, None, 13231)(12949, 13207)
	('SW22', 'CMRIU2'), Operation(12975, None, 13386)(12975, 13362)
26. Flow F26 [LCM1-->CM1CB] with period 4000, payload 390B, e2e delay 4000us, jitter 400us
	('LCM1', 'SW31'), Operation(1413, None, 1445)(1413, 1413)
	('SW31', 'SW41'), Operation(1447, None, 1608)(1447, 1576)
	('SW41', 'CM1CB'), Operation(1481, None, 1771)(1481, 1739)
27. Flow F27 [SBAND2-->CMRIU2] with period 2000, payload 244B, e2e delay 2000us, jitter 200us
	('SBAND2', 'SW12'), Operation(1338, None, 1358)(1338, 1338)
	('SW12', 'SW22'), Operation(1360, 1365, 1385)(1365, 1365)
	('SW22', 'CMRIU2'), Operation(1387, None, 1536)(1387, 1516)
28. Flow F28 [StarTr1-->DU2] with period 4000, payload 265B, e2e delay 4000us, jitter 400us
	('StarTr1', 'SW13'), Operation(595, None, 617)(595, 595)
	('SW13', 'SW21'), Operation(619, 747, 769)(747, 747)
	('SW21', 'SW11'), Operation(771, None, 922)(771, 900)
	('SW11', 'DU2'), Operation(795, None, 1075)(795, 1053)
29. Flow F29 [CMRIU2-->SBAND2] with period 4000, payload 1455B, e2e delay 4000us, jitter 400us
	('CMRIU2', 'SW22'), Operation(221, None, 338)(221, 221)
	('SW22', 'SW12'), Operation(340, None, 586)(340, 469)
	('SW12', 'SBAND2'), Operation(459, None, 834)(459, 717)
30. Flow F30 [SM1CB-->SBAND2] with period 4000, payload 463B, e2e delay 4000us, jitter 400us
	('SM1CB', 'SW51'), Operation(3072, None, 3110)(3072, 3072)
	('SW51', 'SW41'), Operation(3112, 3240, 3278)(3240, 3240)
	('SW41', 'SW31'), Operation(3280, 3408, 3446)(3408, 3408)
	('SW31', 'SW21'), Operation(3448, None, 3615)(3448, 3577)
	('SW21', 'SW12'), Operation(3488, None, 3784)(3488, 3746)
	('SW12', 'SBAND2'), Operation(3528, None, 3953)(3528, 3915)
31. Flow F31 [CMRIU2-->MIMU2] with period 64000, payload 717B, e2e delay 64000us, jitter 6400us
	('CMRIU2', 'SW22'), Operation(48162, None, 48220)(48162, 48162)
	('SW22', 'SW13'), Operation(48222, None, 48409)(48222, 48351)
	('SW13', 'MIMU2'), Operation(48282, None, 48598)(48282, 48540)
32. Flow F32 [CMRIU1-->MIMU1] with period 64000, payload 604B, e2e delay 64000us, jitter 6400us
	('CMRIU1', 'SW21'), Operation(55930, None, 55979)(55930, 55930)
	('SW21', 'SW13'), Operation(55981, None, 56159)(55981, 56110)
	('SW13', 'MIMU1'), Operation(56032, None, 56339)(56032, 56290)
33. Flow F33 [StarTr2-->RCM1] with period 16000, payload 105B, e2e delay 16000us, jitter 1600us
	('StarTr2', 'SW13'), Operation(13941, None, 13950)(13941, 13941)
	('SW13', 'SW21'), Operation(13952, None, 14090)(13952, 14081)
	('SW21', 'SW31'), Operation(13963, 14097, 14106)(14097, 14097)
	('SW31', 'RCM1'), Operation(14108, None, 14246)(14108, 14237)
34. Flow F34 [LCM1-->CMRIU1] with period 2000, payload 760B, e2e delay 2000us, jitter 200us
	('LCM1', 'SW31'), Operation(726, None, 787)(726, 726)
	('SW31', 'SW21'), Operation(789, 794, 855)(794, 794)
	('SW21', 'CMRIU1'), Operation(857, None, 1047)(857, 986)
35. Flow F35 [SBAND1-->RCM2] with period 4000, payload 1490B, e2e delay 4000us, jitter 400us
	('SBAND1', 'SW12'), Operation(3374, None, 3494)(3374, 3374)
	('SW12', 'SW22'), Operation(3496, 3501, 3621)(3501, 3501)
	('SW22', 'SW32'), Operation(3623, 3628, 3748)(3628, 3628)
	('SW32', 'RCM2'), Operation(3750, None, 3999)(3750, 3879)
36. Flow F36 [SBAND1-->MIMU3] with period 2000, payload 660B, e2e delay 2000us, jitter 200us
	('SBAND1', 'SW12'), Operation(1320, None, 1373)(1320, 1320)
	('SW12', 'SW21'), Operation(1375, 1503, 1556)(1503, 1503)
	('SW21', 'SW13'), Operation(1558, 1686, 1739)(1686, 1686)
	('SW13', 'MIMU3'), Operation(1741, None, 1923)(1741, 1870)
37. Flow F37 [FCM1-->SM2CA] with period 4000, payload 932B, e2e delay 4000us, jitter 400us
	('FCM1', 'SW31'), Operation(858, None, 933)(858, 858)
	('SW31', 'SW8'), Operation(935, None, 1139)(935, 1064)
	('SW8', 'SW52'), Operation(1012, None, 1345)(1012, 1270)
	('SW52', 'SM2CA'), Operation(1089, None, 1551)(1089, 1476)
38. Flow F38 [SMRIU1-->StarTr1] with period 2000, payload 478B, e2e delay 2000us, jitter 200us
	('SMRIU1', 'SW6'), Operation(348, None, 387)(348, 348)
	('SW6', 'SW31'), Operation(389, 406, 445)(406, 406)
	('SW31', 'SW21'), Operation(447, 452, 491)(452, 452)
	('SW21', 'SW13'), Operation(493, 530, 569)(530, 530)
	('SW13', 'StarTr1'), Operation(571, None, 739)(571, 700)
39. Flow F39 [DU2-->CM2CB] with period 128000, payload 1438B, e2e delay 128000us, jitter 12800us
	('DU2', 'SW11'), Operation(115508, None, 115624)(115508, 115508)
	('SW11', 'SW22'), Operation(115626, 115631, 115747)(115631, 115631)
	('SW22', 'SW32'), Operation(115749, None, 115994)(115749, 115878)
	('SW32', 'SW42'), Operation(115867, None, 116241)(115867, 116125)
	('SW42', 'CM2CB'), Operation(115985, None, 116488)(115985, 116372)
40. Flow F40 [BFCU-->MIMU3] with period 64000, payload 227B, e2e delay 64000us, jitter 6400us
	('BFCU', 'SW22'), Operation(47421, None, 47440)(47421, 47421)
	('SW22', 'SW13'), Operation(47442, None, 47590)(47442, 47571)
	('SW13', 'MIMU3'), Operation(47463, None, 47740)(47463, 47721)
41. Flow F41 [DU4-->SM2CA] with period 4000, payload 1256B, e2e delay 4000us, jitter 400us
	('DU4', 'SW14'), Operation(77, None, 178)(77, 77)
	('SW14', 'SW22'), Operation(180, 185, 286)(185, 185)
	('SW22', 'SW32'), Operation(288, 293, 394)(293, 293)
	('SW32', 'SW42'), Operation(396, 524, 625)(524, 524)
	('SW42', 'SW52'), Operation(627, 755, 856)(755, 755)
	('SW52', 'SM2CA'), Operation(858, None, 1088)(858, 987)
42. Flow F42 [RCM1-->SM1CA] with period 64000, payload 1406B, e2e delay 64000us, jitter 6400us
	('RCM1', 'SW31'), Operation(57494, None, 57607)(57494, 57494)
	('SW31', 'SW41'), Operation(57609, None, 57851)(57609, 57738)
	('SW41', 'SW51'), Operation(57724, None, 58095)(57724, 57982)
	('SW51', 'SM1CA'), Operation(57839, None, 58339)(57839, 58226)
43. Flow F43 [SM1CA-->LCM2] with period 32000, payload 756B, e2e delay 32000us, jitter 3200us
	('SM1CA', 'SW51'), Operation(15994, None, 16055)(15994, 15994)
	('SW51', 'SW8'), Operation(16057, 16185, 16246)(16185, 16185)
	('SW8', 'SW32'), Operation(16248, 16376, 16437)(16376, 16376)
	('SW32', 'LCM2'), Operation(16439, None, 16629)(16439, 16568)
44. Flow F44 [MIMU2-->DU2] with period 4000, payload 1245B, e2e delay 4000us, jitter 400us
	('MIMU2', 'SW13'), Operation(1, None, 101)(1, 1)
	('SW13', 'SW21'), Operation(103, None, 332)(103, 232)
	('SW21', 'SW11'), Operation(205, None, 563)(205, 463)
	('SW11', 'DU2'), Operation(307, None, 794)(307, 694)
45. Flow F45 [DU5-->CM1CA] with period 16000, payload 472B, e2e delay 16000us, jitter 1600us
	('DU5', 'SW14'), Operation(8119, None, 8157)(8119, 8119)
	('SW14', 'SW21'), Operation(8159, None, 8326)(8159, 8288)
	('SW21', 'SW31'), Operation(8199, None, 8495)(8199, 8457)
	('SW31', 'SW41'), Operation(8239, None, 8664)(8239, 8626)
	('SW41', 'CM1CA'), Operation(8279, None, 8833)(8279, 8795)
46. Flow F46 [MIMU2-->StarTr2] with period 8000, payload 726B, e2e delay 8000us, jitter 800us
	('MIMU2', 'SW13'), Operation(4244, None, 4303)(4244, 4244)
	('SW13', 'StarTr2'), Operation(4305, None, 4493)(4305, 4434)
47. Flow F47 [SM2CA-->FCM2] with period 16000, payload 215B, e2e delay 16000us, jitter 1600us
	('SM2CA', 'SW52'), Operation(14371, None, 14389)(14371, 14371)
	('SW52', 'SW42'), Operation(14391, None, 14538)(14391, 14520)
	('SW42', 'SW32'), Operation(14411, None, 14687)(14411, 14669)
	('SW32', 'FCM2'), Operation(14431, None, 14836)(14431, 14818)
48. Flow F48 [SM2CA-->DU2] with period 64000, payload 1391B, e2e delay 64000us, jitter 6400us
	('SM2CA', 'SW52'), Operation(14258, None, 14370)(14258, 14258)
	('SW52', 'SW8'), Operation(14372, 14500, 14612)(14500, 14500)
	('SW8', 'SW31'), Operation(14614, 14742, 14854)(14742, 14742)
	('SW31', 'SW21'), Operation(14856, None, 15097)(14856, 14985)
	('SW21', 'SW11'), Operation(14970, None, 15340)(14970, 15228)
	('SW11', 'DU2'), Operation(15084, None, 15583)(15084, 15471)
49. Flow F49 [LCM1-->MIMU3] with period 4000, payload 1028B, e2e delay 4000us, jitter 400us
	('LCM1', 'SW31'), Operation(2491, None, 2574)(2491, 2491)
	('SW31', 'SW21'), Operation(2576, None, 2788)(2576, 2705)
	('SW21', 'SW13'), Operation(2661, None, 3002)(2661, 2919)
	('SW13', 'MIMU3'), Operation(2746, None, 3216)(2746, 3133)

SMT variables: 
	F10_('SW31', 'SW41')_t4_min: 45609
	F5_('SW14', 'DU5')_t3_min: 239
	F32_jitter: 258
	F6_('SW6', 'SW32')_t3_max: 56354
	F49_('SW31', 'SW21')_t3_max: 2581
	F41_('DU4', 'SW14')_t5_min: 178
	F12_('SW13', 'MIMU2')_t4_max: 728
	F7_queue_index: 0
	F45_('SW21', 'SW31')_t3_max: 8333
	F9_('SW51', 'SM1CB')_gc: False
	F45_('SW21', 'SW31')_t4_max: 8457
	('SW21', 'SW13')_gcl_cycle: 2000
	('RCM2', 'SW32')_gcl_cycle: 1
	('SW51', 'SM1CB')_gcl_cycle: 1
	F31_('SW22', 'SW13')_t4_min: 48222
	F37_('SW8', 'SW52')_gc: False
	F36_('SW12', 'SW21')_t4_max: 1503
	F12_('SW21', 'SW13')_tb: 575
	F24_('SW31', 'LCM1')_t4_max: 25763
	F22_('RCM2', 'SW32')_t3_max: -123
	F22_('SW6', 'SW31')_t4_min: 176
	F19_('SW31', 'LCM1')_t4_min: 125
	F22_queue_index: 0
	F29_('SW12', 'SBAND2')_rr: 0
	F26_('SW41', 'CM1CB')_t4_min: 1481
	('MIMU2', 'SW13')_gcl_cycle: 1
	F15_('MIMU2', 'SW13')_rr: 0
	F26_('SW31', 'SW41')_t5_min: 1479
	F25_('SW22', 'CMRIU2')_t4_min: 12975
	F8_('SW11', 'DU1')_gc: False
	F46_('SW13', 'StarTr2')_t4_min: 4305
	F40_('SW22', 'SW13')_t3_max: 47447
	('DU4', 'SW14')_gcl_cycle: 1
	F42_('SW51', 'SM1CA')_t4_max: 58226
	F3_('FCM1', 'SW31')_rr: 0
	F23_('SW11', 'DU3')_gc: False
	F46_('MIMU2', 'SW13')_gc: False
	F44_('MIMU2', 'SW13')_t4_min: 1
	F17_('SW21', 'SW13')_rr: 1
	F21_('SW13', 'MIMU3')_rr: 0
	F23_('SW14', 'SW21')_t4_min: 22774
	F18_('SW51', 'SM1CA')_gc: False
	F37_('FCM1', 'SW31')_t3_max: 734
	F2_('SW14', 'SW21')_gc: True
	('SW8', 'SW51')_gcl_cycle: 1
	F32_('SW21', 'SW13')_gc: False
	F40_('SW22', 'SW13')_rr: 0
	F40_('SW22', 'SW13')_t4_max: 47571
	F43_('SW32', 'LCM2')_gc: False
	F36_('SBAND1', 'SW12')_t3_max: 1196
	F13_jitter: 129
	F1_jitter: 129
	F9_('RCM2', 'SW32')_gc: False
	F29_('SW22', 'SW12')_t3_max: 345
	('SW32', 'LCM2')_gcl_cycle: 1
	F15_jitter: 387
	F16_('SW21', 'SW12')_t4_max: 31236
	F0_('SW8', 'SW51')_rr: 0
	('SW51', 'SM1CA')_gcl_length: 0
	F8_('SW14', 'SW21')_t4_min: 7560
	F18_('SW21', 'SW31')_t4_min: 5868
	F22_('SW31', 'RCM1')_t4_min: 261
	F6_queue_index: 0
	F48_jitter: 387
	F49_('LCM1', 'SW31')_rr: 0
	F38_('SW21', 'SW13')_gc: True
	F9_('SW51', 'SM1CB')_t5_min: 16479
	F33_('SW21', 'SW31')_t4_min: 14097
	F46_('SW13', 'StarTr2')_gc: False
	F29_('SW22', 'SW12')_t4_min: 340
	F24_('RCM1', 'SW31')_gc: False
	F37_('SW31', 'SW8')_t4_max: 1064
	F8_('SW14', 'SW21')_t4_max: 7560
	F44_('SW21', 'SW11')_gc: False
	F32_('SW13', 'MIMU1')_gc: False
	F3_('FCM1', 'SW31')_tb: 7091
	F48_('SW31', 'SW21')_tb: 14856
	F4_('SW22', 'CMRIU2')_gc: False
	F49_('SW13', 'MIMU3')_t4_max: 3133
	F17_('SW51', 'SW41')_gc: True
	('SW6', 'SW32')_gcl_cycle: 4000
	F7_('SW21', 'SW12')_rr: 0
	F7_('SW13', 'SW21')_gc: True
	('SW6', 'SW31')_gcl_cycle: 2000
	F39_('SW32', 'SW42')_t4_max: 116125
	F22_('SW32', 'SW6')_t3_max: 91
	F45_('SW31', 'SW41')_t4_max: 8626
	F31_('CMRIU2', 'SW22')_rr: 0
	F34_('SW31', 'SW21')_t3_max: 794
	F13_('SW13', 'MIMU3')_gc: False
	F25_('SW21', 'SW11')_t3_max: 12928
	F33_('SW31', 'RCM1')_rr: 0
	F17_('SW31', 'SW21')_t4_min: 427
	F39_('SW22', 'SW32')_t4_max: 115878
	F17_('SM1CA', 'SW51')_t3_max: 102
	F27_('SW12', 'SW22')_gc: True
	F10_('SW31', 'SW41')_t4_max: 45738
	F28_jitter: 258
	F25_('SW21', 'SW11')_t3_min: 12923
	F36_('SW21', 'SW13')_rr: 1
	F35_('SW12', 'SW22')_gc: True
	('SW31', 'SW8')_gcl_cycle: 1
	F49_('LCM1', 'SW31')_t3_min: 2491
	F39_('SW11', 'SW22')_t3_max: 115631
	F0_('FCM2', 'SW32')_gc: False
	F21_('CM2CA', 'SW42')_t3_max: 2446
	F24_('RCM1', 'SW31')_t3_max: 25484
	F38_('SW21', 'SW13')_t5_max: 569
	F28_('SW13', 'SW21')_gc: True
	F10_('SW51', 'SM1CB')_gc: False
	F48_('SW11', 'DU2')_t3_min: 15084
	('SW22', 'SW14')_gcl_cycle: 1
	F48_('SW8', 'SW31')_t4_min: 14742
	F36_('SW12', 'SW21')_t4_min: 1503
	F48_('SW21', 'SW11')_t4_min: 14970
	F35_('SBAND1', 'SW12')_rr: 0
	F35_('SW12', 'SW22')_t4_max: 3501
	F41_('SW22', 'SW32')_t4_max: 293
	F6_('SW32', 'RCM2')_t4_min: 56465
	F22_('SW32', 'SW6')_rr: 1
	F25_('CMRIU1', 'SW21')_rr: 0
	F11_('SW31', 'SW21')_t4_max: 6102
	F43_('SW32', 'LCM2')_t3_min: 16439
	F15_('SW31', 'RCM1')_t4_min: 898
	F17_('SM1CA', 'SW51')_gc: False
	F20_('RCM1', 'SW31')_gc: False
	F43_('SW32', 'LCM2')_t3_max: 16444
	F17_('SW21', 'SW13')_t4_max: 473
	F45_('DU5', 'SW14')_gc: False
	F29_('SW22', 'SW12')_t4_max: 469
	F33_('SW31', 'RCM1')_t5_min: 14117
	F42_('RCM1', 'SW31')_gc: False
	F18_('SW31', 'SW41')_tb: 6092
	('SW8', 'SW31')_gcl_cycle: 64000
	F9_('SW32', 'SW8')_rr: 1
	F12_('SW31', 'SW21')_t3_max: 497
	F47_('SM2CA', 'SW52')_tb: 14371
	F45_('SW31', 'SW41')_t5_max: 8664
	F38_('SW31', 'SW21')_t4_min: 452
	F15_('SW31', 'RCM1')_rr: 0
	F47_('SW52', 'SW42')_rr: 0
	F44_('SW11', 'DU2')_t3_max: 570
	F26_('LCM1', 'SW31')_gc: False
	('SW13', 'MIMU2')_gcl_length: 0
	F26_('LCM1', 'SW31')_t5_min: 1445
	F33_('SW21', 'SW31')_t5_min: 14106
	F11_('SW13', 'MIMU1')_gc: False
	('SW32', 'SW6')_gcl_length: 2
	F5_('SW14', 'DU5')_t3_max: 373
	F13_('MIMU1', 'SW13')_gc: False
	('DU2', 'SW11')_gcl_length: 0
	F11_('SW21', 'SW13')_gc: False
	F34_('LCM1', 'SW31')_rr: 0
	F49_queue_index: 0
	F38_queue_index: 0
	('SW32', 'SW8')_gcl_cycle: 64000
	F2_('SW21', 'SW13')_rr: 0
	F48_('SW21', 'SW11')_gc: False
	F23_queue_index: 0
	F10_('SW41', 'SW51')_t4_min: 45630
	F25_('CMRIU1', 'SW21')_tb: 12897
	F27_('SW22', 'CMRIU2')_gc: False
	F36_('SW13', 'MIMU3')_rr: 0
	F18_jitter: 129
	F1_('SW21', 'SW11')_t4_max: 25052
	F25_('SW11', 'SW22')_t4_min: 12949
	F21_('SW22', 'SW13')_gc: True
	F14_('SW32', 'LCM2')_rr: 0
	F18_('SW31', 'SW41')_t5_min: 6186
	F29_('SW12', 'SBAND2')_gc: False
	F35_('SW22', 'SW32')_gc: True
	F20_('SW31', 'SW41')_t4_min: 21614
	F47_('SW52', 'SW42')_t3_max: 14396
	F19_('RCM1', 'SW31')_t3_max: -123
	F0_('SW32', 'SW8')_t4_min: 7377
	F42_('SW51', 'SM1CA')_tb: 57839
	F21_('SW32', 'SW22')_t4_min: 2976
	F3_('SW11', 'DU3')_rr: 0
	F30_('SW21', 'SW12')_rr: 0
	F7_('MIMU1', 'SW13')_gc: False
	F24_('SW31', 'LCM1')_t4_min: 25634
	F14_('SW6', 'SW32')_rr: 1
	F23_('SW14', 'SW21')_t3_max: 22779
	F39_('SW42', 'CM2CB')_rr: 0
	F8_('SW21', 'SW11')_t3_min: 7621
	F5_('BFCU', 'SW22')_gc: False
	F2_('SW13', 'StarTr1')_t4_min: 237
	F20_('SW31', 'SW41')_gc: True
	F25_('SW21', 'SW11')_gc: False
	F21_jitter: 129
	F48_('SW11', 'DU2')_tb: 15084
	F13_('MIMU1', 'SW13')_t3_max: 14334
	F8_('SW21', 'SW11')_gc: False
	F44_('SW11', 'DU2')_gc: False
	F23_('SW14', 'SW21')_t4_max: 22903
	F5_('SW22', 'SW14')_gc: False
	F11_('SW31', 'SW21')_t3_max: 5978
	F16_('SW12', 'SBAND2')_t4_min: 31060
	F41_('SW42', 'SW52')_t4_min: 755
	('SW51', 'SM1CA')_gcl_cycle: 1
	('SW42', 'SW32')_gcl_cycle: 4000
	F27_('SBAND2', 'SW12')_tb: 1338
	F35_('SW32', 'RCM2')_rr: 0
	F0_('SW8', 'SW51')_gc: False
	F11_queue_index: 0
	F9_('RCM2', 'SW32')_t3_max: 15761
	F1_('CMRIU1', 'SW21')_rr: 0
	F20_('SW51', 'SM1CA')_tb: 21646
	F23_('SW21', 'SW11')_gc: True
	F6_('SMRIU1', 'SW6')_rr: 0
	F20_('SW31', 'SW41')_t4_max: 21614
	F8_('SW14', 'SW21')_gc: True
	F41_('SW14', 'SW22')_t5_min: 286
	F14_('SMRIU1', 'SW6')_t3_max: 74
	F48_('SW21', 'SW11')_t3_max: 15104
	F15_queue_index: 0
	('SW22', 'CMRIU2')_gcl_cycle: 1
	F4_('FCM2', 'SW32')_rr: 0
	F49_('SW31', 'SW21')_rr: 0
	F26_jitter: 258
	F33_('SW13', 'SW21')_t4_min: 13952
	F42_('RCM1', 'SW31')_rr: 0
	F42_('RCM1', 'SW31')_t5_max: 57607
	F23_('SW21', 'SW11')_t4_max: 23112
	F10_('SW31', 'SW41')_rr: 0
	F10_('SW41', 'SW51')_rr: 0
	F3_('SW31', 'SW21')_t3_max: 7157
	F41_('SW42', 'SW52')_t4_max: 755
	F36_('SW13', 'MIMU3')_gc: False
	F12_('SW21', 'SW13')_t4_min: 575
	F17_('SW31', 'SW21')_t4_max: 427
	F43_('SW51', 'SW8')_t3_max: 16062
	F18_('SW21', 'SW31')_rr: 8
	F22_('RCM2', 'SW32')_rr: 0
	F30_('SW21', 'SW12')_gc: False
	F12_queue_index: 0
	F28_('SW11', 'DU2')_t4_min: 795
	F22_('SW32', 'SW6')_gc: True
	F30_('SW41', 'SW31')_gc: True
	F30_jitter: 387
	F38_('SW31', 'SW21')_rr: 4
	F42_('SW31', 'SW41')_gc: False
	F30_('SW12', 'SBAND2')_t4_min: 3528
	F41_('SW14', 'SW22')_t3_max: 185
	F47_('SW32', 'FCM2')_rr: 0
	F20_jitter: 258
	F26_('LCM1', 'SW31')_rr: 0
	F10_jitter: 387
	F41_('SW22', 'SW32')_t4_min: 293
	F11_('SW13', 'MIMU1')_t4_min: 6191
	F49_('SW21', 'SW13')_t4_max: 2919
	F47_jitter: 387
	F45_('SW14', 'SW21')_gc: False
	('SW12', 'SW22')_gcl_cycle: 4000
	F1_('CMRIU1', 'SW21')_t3_max: 24756
	F38_('SW6', 'SW31')_t3_max: 394
	F8_('SW11', 'DU1')_rr: 0
	F21_('SW22', 'SW13')_rr: 1
	F17_('SW31', 'SW21')_gc: True
	F38_('SW21', 'SW13')_t4_min: 530
	F41_('SW22', 'SW32')_rr: 1
	F32_('SW21', 'SW13')_t4_max: 56110
	F29_('SW22', 'SW12')_t5_min: 457
	F36_('SW21', 'SW13')_t4_max: 1686
	F39_jitter: 387
	F48_('SW52', 'SW8')_gc: True
	F45_('SW31', 'SW41')_rr: 0
	F12_('SW31', 'SW21')_rr: 4
	F1_('SW11', 'SW22')_t4_max: 25100
	F45_('SW41', 'CM1CA')_gc: False
	F29_jitter: 258
	F49_('SW31', 'SW21')_t4_min: 2576
	F36_('SW12', 'SW21')_t3_max: 1380
	F36_('SW13', 'MIMU3')_t4_min: 1741
	F18_('SW13', 'SW21')_rr: 1
	F20_('RCM1', 'SW31')_rr: 0
	F5_('SW22', 'SW14')_t4_max: 249
	F33_queue_index: 0
	F36_('SW21', 'SW13')_t4_min: 1686
	F9_('SW32', 'SW8')_gc: True
	F9_jitter: 258
	F29_('SW22', 'SW12')_gc: False
	F32_('SW21', 'SW13')_t4_min: 55981
	F25_('SW22', 'CMRIU2')_gc: False
	F37_('FCM1', 'SW31')_t4_max: 858
	F5_('BFCU', 'SW22')_rr: 0
	F41_('SW42', 'SW52')_rr: 1
	F22_('SW32', 'SW6')_t4_min: 91
	F44_('SW11', 'DU2')_t4_min: 307
	('SW52', 'SM2CA')_gcl_cycle: 1
	F47_('SM2CA', 'SW52')_t3_max: 14247
	F33_('SW21', 'SW31')_gc: True
	F0_queue_index: 0
	F10_('SW12', 'SW21')_t4_max: 45562
	F16_queue_index: 0
	F48_('SW11', 'DU2')_rr: 0
	F42_('SW41', 'SW51')_gc: False
	F17_('SW13', 'StarTr2')_gc: False
	F44_('SW13', 'SW21')_gc: False
	F43_('SW32', 'LCM2')_t4_min: 16439
	F49_('SW13', 'MIMU3')_rr: 0
	F14_('SW32', 'LCM2')_t4_min: 275
	F38_('SW6', 'SW31')_gc: True
	F32_('SW21', 'SW13')_t3_max: 55986
	F37_('SW8', 'SW52')_t4_max: 1270
	F11_('SW13', 'MIMU1')_t5_max: 6685
	F0_('SW8', 'SW51')_t4_max: 7588
	F46_('SW13', 'StarTr2')_t4_max: 4434
	F42_('SW31', 'SW41')_t4_max: 57738
	F49_('SW13', 'MIMU3')_tb: 2746
	F3_('FCM1', 'SW31')_t3_max: 6967
	F35_('SW22', 'SW32')_rr: 1
	F43_('SW51', 'SW8')_t4_max: 16185
	F33_('StarTr2', 'SW13')_t4_max: 13941
	F46_('SW13', 'StarTr2')_rr: 0
	F45_('SW31', 'SW41')_gc: False
	F43_('SW32', 'LCM2')_t5_max: 16629
	F31_('CMRIU2', 'SW22')_gc: False
	F18_('SW41', 'SW51')_rr: 1
	F1_('SW22', 'CMRIU2')_rr: 0
	F33_('SW13', 'SW21')_t4_max: 14081
	F17_('SW41', 'SW31')_gc: True
	F27_('SBAND2', 'SW12')_rr: 0
	('SW21', 'SW11')_gcl_cycle: 32000
	F15_('SW13', 'SW21')_t4_min: 770
	F25_('SW21', 'SW11')_t4_min: 12923
	F27_('SW22', 'CMRIU2')_rr: 0
	F24_jitter: 129
	F34_('SW31', 'SW21')_rr: 4
	F42_('SW31', 'SW41')_rr: 0
	F25_('CMRIU1', 'SW21')_gc: False
	F34_('SW21', 'CMRIU1')_rr: 0
	F39_('SW42', 'CM2CB')_t3_min: 115985
	F5_('BFCU', 'SW22')_t3_max: -123
	F10_('SW21', 'SW31')_rr: 1
	('SW32', 'FCM2')_gcl_cycle: 1
	F15_('SW21', 'SW31')_t4_max: 1092
	F42_jitter: 387
	F6_('SW6', 'SW32')_t4_max: 56478
	F25_('CMRIU1', 'SW21')_t3_max: 12773
	F7_jitter: 0
	F33_('SW13', 'SW21')_t3_max: 13957
	F35_('SW12', 'SW22')_t4_min: 3501
	F42_queue_index: 0
	F4_('SW22', 'CMRIU2')_t4_min: 1537
	F2_queue_index: 0
	('SW51', 'SW8')_gcl_cycle: 32000
	F26_('SW31', 'SW41')_t3_max: 1452
	F48_('SW52', 'SW8')_t3_max: 14377
	F10_('SW41', 'SW51')_gc: False
	F47_('SW52', 'SW42')_t4_max: 14520
	F27_('SW22', 'CMRIU2')_t4_min: 1387
	F39_('SW42', 'CM2CB')_gc: False
	F22_('SW6', 'SW31')_gc: False
	F37_('SW31', 'SW8')_gc: False
	F10_('SW21', 'SW31')_t5_min: 45607
	F32_('SW21', 'SW13')_rr: 0
	F49_('SW13', 'MIMU3')_gc: False
	F49_('LCM1', 'SW31')_gc: False
	F34_jitter: 129
	F39_('DU2', 'SW11')_rr: 0
	F18_('SW31', 'SW41')_t4_min: 6092
	F41_('SW32', 'SW42')_t4_max: 524
	F11_('SW31', 'SW21')_gc: False
	('FCM1', 'SW31')_gcl_length: 0
	F13_('SW13', 'MIMU3')_rr: 0
	F22_('SW31', 'RCM1')_rr: 0
	F8_('SW11', 'DU1')_t4_min: 7682
	F39_('SW22', 'SW32')_rr: 0
	F2_('DU4', 'SW14')_t5_min: 76
	F12_('SW31', 'SW21')_gc: True
	F34_('LCM1', 'SW31')_gc: False
	F16_('LCM1', 'SW31')_gc: False
	F34_('SW21', 'CMRIU1')_gc: False
	F41_('SW32', 'SW42')_t4_min: 524
	F48_('SW52', 'SW8')_t4_min: 14500
	F18_('SW21', 'SW31')_t5_max: 5962
	F25_jitter: 387
	F21_('SW42', 'SW32')_t3_max: 2693
	F10_('SW31', 'SW41')_gc: False
	F41_('DU4', 'SW14')_rr: 0
	F39_('SW32', 'SW42')_t4_min: 115867
	F42_('SW31', 'SW41')_t3_max: 57614
	F21_queue_index: 0
	F32_('CMRIU1', 'SW21')_rr: 0
	('SW41', 'SW51')_gcl_cycle: 8000
	F30_('SW12', 'SBAND2')_t5_min: 3566
	F37_('SW52', 'SM2CA')_t5_min: 1164
	F43_('SW51', 'SW8')_gc: True
	F46_('MIMU2', 'SW13')_rr: 0
	F41_('SW14', 'SW22')_t4_max: 185
	F37_('SW52', 'SM2CA')_t4_min: 1089
	F4_('SW22', 'CMRIU2')_t4_max: 1666
	F21_('SW32', 'SW22')_gc: True
	F26_('SW31', 'SW41')_t4_max: 1576
	F49_('SW21', 'SW13')_gc: False
	F3_('SW21', 'SW11')_t4_min: 7341
	F6_('SW6', 'SW32')_rr: 0
	F35_jitter: 129
	F33_('SW13', 'SW21')_t5_min: 13961
	F2_('SW21', 'SW13')_t4_max: 289
	F14_jitter: 129
	F14_('SW6', 'SW32')_tb: 239
	F5_('SW14', 'DU5')_rr: 0
	F20_('SW51', 'SM1CA')_rr: 0
	F40_('BFCU', 'SW22')_t3_max: 47297
	F21_('SW13', 'MIMU3')_t4_min: 3217
	F16_('SW12', 'SBAND2')_rr: 0
	F23_('SW21', 'SW11')_t4_min: 23112
	F22_('SW32', 'SW6')_t4_max: 91
	('SW21', 'SW12')_gcl_cycle: 1
	F17_('SW51', 'SW41')_t4_max: 375
	F38_jitter: 129
	F44_('SW21', 'SW11')_t4_min: 205
	F33_('SW31', 'RCM1')_gc: False
	F48_('SW21', 'SW11')_rr: 0
	F42_('SW41', 'SW51')_t4_min: 57724
	F21_('SW22', 'SW13')_t4_max: 3099
	F41_('DU4', 'SW14')_t3_min: 77
	F49_('SW31', 'SW21')_gc: False
	('SW11', 'DU1')_gcl_cycle: 1
	F29_('SW22', 'SW12')_rr: 0
	F14_('SMRIU1', 'SW6')_gc: False
	('SW14', 'SW21')_gcl_cycle: 8000
	F47_('SW42', 'SW32')_t4_max: 14669
	F14_('SW32', 'LCM2')_gc: False
	F21_('CM2CA', 'SW42')_gc: False
	F20_('SW41', 'SW51')_t4_max: 21759
	F35_('SBAND1', 'SW12')_t3_max: 3250
	F18_('SW41', 'SW51')_gc: True
	F3_jitter: 258
	F27_queue_index: 0
	F38_('SW6', 'SW31')_t4_max: 406
	('CM2CA', 'SW42')_gcl_cycle: 1
	('SW42', 'CM2CB')_gcl_cycle: 1
	F15_('MIMU2', 'SW13')_gc: False
	F15_('SW13', 'SW21')_t3_max: 775
	F7_('SW12', 'SBAND1')_gc: True
	F43_('SM1CA', 'SW51')_gc: False
	F26_('SW31', 'SW41')_t4_min: 1447
	F22_('SW32', 'SW6')_tb: 91
	F17_('SM1CA', 'SW51')_rr: 0
	F18_('SW21', 'SW31')_gc: True
	F21_('SW42', 'SW32')_rr: 1
	F5_('SW22', 'SW14')_t3_max: 125
	F12_jitter: 129
	F9_('RCM2', 'SW32')_rr: 0
	F44_('SW13', 'SW21')_t3_max: 108
	F17_queue_index: 0
	('DU2', 'SW11')_gcl_cycle: 1
	F45_('SW41', 'CM1CA')_rr: 0
	F38_('SW6', 'SW31')_t4_min: 406
	F8_queue_index: 0
	('SW13', 'MIMU3')_gcl_cycle: 1
	F2_('DU4', 'SW14')_gc: False
	F9_('SW8', 'SW51')_rr: 0
	F4_('FCM2', 'SW32')_t3_max: 1049
	F25_('SW11', 'SW22')_gc: False
	F43_('SW8', 'SW32')_gc: True
	F34_('SW21', 'CMRIU1')_t4_min: 857
	F10_('SW51', 'SM1CB')_t4_max: 46038
	F11_('RCM1', 'SW31')_rr: 0
	F39_('SW11', 'SW22')_gc: True
	F46_('MIMU2', 'SW13')_t3_max: 4120
	F49_('LCM1', 'SW31')_t3_max: 2367
	F4_('FCM2', 'SW32')_gc: False
	F43_jitter: 129
	F48_('SW52', 'SW8')_t4_max: 14500
	F44_('MIMU2', 'SW13')_t3_min: 1
	F31_('SW22', 'SW13')_t4_max: 48351
	F23_jitter: 129
	F32_('SW13', 'MIMU1')_t3_min: 56032
	F35_('SW32', 'RCM2')_t4_min: 3750
	F8_('SW21', 'SW11')_t4_max: 7750
	F30_('SW31', 'SW21')_t4_min: 3448
	F47_('SW42', 'SW32')_gc: False
	F49_('SW21', 'SW13')_rr: 0
	F45_('SW41', 'CM1CA')_t4_min: 8279
	F16_('SW31', 'SW21')_rr: 0
	F37_('SW31', 'SW8')_t4_min: 935
	F37_queue_index: 0
	F18_('SW31', 'SW41')_gc: True
	F31_queue_index: 0
	F15_('SW13', 'SW21')_t4_max: 899
	F40_('SW22', 'SW13')_t5_min: 47461
	F12_('SW13', 'MIMU2')_t4_min: 599
	F19_jitter: 129
	F3_('SW21', 'SW11')_rr: 0
	('MIMU1', 'SW13')_gcl_cycle: 1
	F36_('SW12', 'SW21')_rr: 32
	F22_('SW6', 'SW31')_rr: 0
	F45_('DU5', 'SW14')_t4_min: 8119
	('SW41', 'CM1CA')_gcl_cycle: 1
	F33_('SW13', 'SW21')_t5_max: 14090
	F39_('SW22', 'SW32')_t4_min: 115749
	F38_('SW31', 'SW21')_gc: True
	F21_('SW42', 'SW32')_gc: True
	F27_('SW12', 'SW22')_t4_max: 1365
	F28_('StarTr1', 'SW13')_t3_max: 471
	F30_('SW41', 'SW31')_rr: 1
	F45_('SW21', 'SW31')_rr: 0
	F42_('SW51', 'SM1CA')_gc: False
	F18_('SW51', 'SM1CA')_t4_min: 6412
	F26_('SW41', 'CM1CB')_rr: 0
	F43_('SW8', 'SW32')_t4_max: 16376
	F30_('SW31', 'SW21')_gc: False
	F25_('SW11', 'SW22')_rr: 0
	F32_('SW13', 'MIMU1')_rr: 0
	F39_('SW11', 'SW22')_t4_min: 115631
	F43_('SW32', 'LCM2')_rr: 0
	('SW32', 'SW22')_gcl_length: 6
	F47_('SW32', 'FCM2')_t4_min: 14431
	F21_('CM2CA', 'SW42')_rr: 0
	F2_('DU4', 'SW14')_rr: 0
	F42_('SW51', 'SM1CA')_rr: 0
	F1_('SW22', 'CMRIU2')_t4_min: 25143
	F30_('SW21', 'SW12')_t4_min: 3488
	('BFCU', 'SW22')_gcl_cycle: 1
	F41_('SW52', 'SM2CA')_rr: 0
	('SW32', 'SW22')_gcl_cycle: 4000
	F12_('LCM1', 'SW31')_rr: 0
	F40_('SW22', 'SW13')_gc: False
	F33_('SW13', 'SW21')_gc: False
	F28_('SW13', 'SW21')_t3_max: 624
	F24_('SW31', 'LCM1')_rr: 0
	('SW22', 'SW32')_gcl_cycle: 4000
	F47_('SW52', 'SW42')_tb: 14391
	F23_('DU5', 'SW14')_t3_max: 22569
	F35_queue_index: 0
	F1_('SW21', 'SW11')_rr: 0
	('SM1CA', 'SW51')_gcl_cycle: 1
	F20_('RCM1', 'SW31')_t3_max: 21469
	F7_('SW12', 'SBAND1')_t4_min: 1960
	F33_('SW21', 'SW31')_t4_max: 14097
	F4_('SW22', 'CMRIU2')_tb: 1537
	F23_('DU5', 'SW14')_rr: 0
	F36_('SW12', 'SW21')_gc: True
	F24_('SW31', 'LCM1')_t3_max: 25639
	F27_('SW12', 'SW22')_rr: 2
	F49_('SW31', 'SW21')_t4_max: 2705
	('SW13', 'SW21')_gcl_length: 14
	F1_('SW11', 'SW22')_gc: True
	('SW13', 'MIMU2')_gcl_cycle: 1
	F36_('SBAND1', 'SW12')_gc: False
	F19_('SW31', 'LCM1')_t3_max: 130
	F10_('SW12', 'SW21')_t4_min: 45562
	F21_('CM2CA', 'SW42')_t3_min: 2570
	F36_queue_index: 0
	F6_('SMRIU1', 'SW6')_gc: False
	F30_('SW51', 'SW41')_t4_max: 3240
	F46_('SW13', 'StarTr2')_t3_max: 4310
	F34_('LCM1', 'SW31')_t3_max: 602
	F7_('SW13', 'SW21')_t3_max: 1744
	F28_('SW21', 'SW11')_t4_max: 900
	F44_('SW11', 'DU2')_t5_max: 794
	('SW31', 'LCM1')_gcl_cycle: 1
	F17_('SW21', 'SW13')_gc: True
	F45_('DU5', 'SW14')_t3_max: 7995
	F15_('SW21', 'SW31')_rr: 0
	('SM1CB', 'SW51')_gcl_cycle: 1
	F44_('SW21', 'SW11')_t4_max: 463
	F40_queue_index: 0
	F33_('StarTr2', 'SW13')_rr: 0
	F38_('SW13', 'StarTr1')_rr: 0
	('MIMU2', 'SW13')_gcl_length: 0
	F23_('SW21', 'SW11')_t5_min: 23191
	F12_('LCM1', 'SW31')_gc: False
	F28_('SW21', 'SW11')_rr: 0
	F22_('RCM2', 'SW32')_gc: False
	F5_('SW14', 'DU5')_t4_min: 239
	F28_('SW13', 'SW21')_t4_min: 747
	F4_('SW32', 'SW22')_rr: 2
	F17_('SW51', 'SW41')_rr: 2
	('SW51', 'SW41')_gcl_cycle: 4000
	F29_('CMRIU2', 'SW22')_t3_max: 97
	F5_queue_index: 0
	F11_('RCM1', 'SW31')_tb: 5864
	F31_('CMRIU2', 'SW22')_t4_max: 48162
	F39_('SW32', 'SW42')_rr: 0
	F40_('SW13', 'MIMU3')_gc: False
	F10_('SW51', 'SM1CB')_tb: 45651
	('CMRIU1', 'SW21')_gcl_cycle: 1
	F20_('SW51', 'SM1CA')_t4_min: 21646
	F44_('SW13', 'SW21')_t4_max: 232
	F24_('RCM1', 'SW31')_rr: 0
	F7_('SW21', 'SW12')_t4_min: 1785
	F30_('SW21', 'SW12')_t4_max: 3746
	F45_('SW21', 'SW31')_t4_min: 8199
	('SBAND1', 'SW12')_gcl_length: 0
	F42_('SW41', 'SW51')_rr: 0
	F41_('DU4', 'SW14')_gc: False
	F13_('SW13', 'MIMU3')_t4_min: 14538
	F8_('SW21', 'SW11')_t4_min: 7621
	F41_('SW32', 'SW42')_rr: 1
	F10_('SW12', 'SW21')_rr: 1
	F0_('SW32', 'SW8')_rr: 2
	F40_('BFCU', 'SW22')_rr: 0
	F37_jitter: 387
	F22_('SW31', 'RCM1')_gc: False
	F13_('MIMU1', 'SW13')_rr: 0
	F34_('SW31', 'SW21')_gc: True
	F32_('SW13', 'MIMU1')_t4_min: 56032
	F32_('SW21', 'SW13')_t5_min: 56030
	F16_('LCM1', 'SW31')_t3_max: 30690
	F26_('SW31', 'SW41')_rr: 0
	F48_('SW31', 'SW21')_rr: 0
	F26_('SW41', 'CM1CB')_gc: False
	F48_('SM2CA', 'SW52')_rr: 0
	F25_queue_index: 0
	F6_('SMRIU1', 'SW6')_t3_max: 56109
	F32_queue_index: 0
	F10_('SW51', 'SM1CB')_t4_min: 45651
	F17_('SW41', 'SW31')_t4_max: 401
	F35_('SW12', 'SW22')_t3_max: 3501
	F20_('RCM1', 'SW31')_t5_min: 21607
	F44_queue_index: 0
	F3_('SW31', 'SW21')_t4_min: 7280
	F26_('SW41', 'CM1CB')_tb: 1481
	F14_('SMRIU1', 'SW6')_rr: 0
	F3_('FCM1', 'SW31')_gc: False
	F20_('SW51', 'SM1CA')_gc: False
	F45_('SW31', 'SW41')_t4_min: 8239
	F17_('SW51', 'SW41')_t4_min: 375
	F12_('SW13', 'MIMU2')_rr: 0
	F20_('SW41', 'SW51')_gc: False
	F8_('DU5', 'SW14')_rr: 0
	F16_('LCM1', 'SW31')_rr: 0
	F8_('DU5', 'SW14')_gc: False
	('SBAND2', 'SW12')_gcl_cycle: 1
	F26_('LCM1', 'SW31')_t3_max: 1289
	F10_('SW12', 'SW21')_gc: True
	F11_('SW31', 'SW21')_t4_min: 5973
	F11_('RCM1', 'SW31')_t5_min: 5971
	('SW31', 'SW41')_gcl_cycle: 32000
	F11_('SW13', 'MIMU1')_rr: 0
	F48_('SW8', 'SW31')_rr: 1
	F10_('SBAND2', 'SW12')_t4_min: 45536
	F31_('SW13', 'MIMU2')_t4_min: 48282
	F15_('SW13', 'SW21')_gc: False
	('SW32', 'RCM2')_gcl_cycle: 1
	F10_('SBAND2', 'SW12')_t3_max: 45412
	('SW11', 'SW22')_gcl_cycle: 128000
	F0_('SW51', 'SM1CA')_t4_min: 7541
	F7_('SW13', 'SW21')_t4_max: 1744
	F32_('CMRIU1', 'SW21')_gc: False
	F22_jitter: 258
	('SW13', 'MIMU1')_gcl_cycle: 1
	F1_('SW21', 'SW11')_gc: False
	F30_('SW51', 'SW41')_rr: 1
	('SW13', 'SW21')_gcl_cycle: 8000
	F0_('SW8', 'SW51')_t4_min: 7459
	F9_('SW32', 'SW8')_t3_max: 16007
	F25_('SW22', 'CMRIU2')_rr: 0
	F30_('SM1CB', 'SW51')_gc: False
	('SW13', 'MIMU3')_gcl_length: 0
	F9_('SW32', 'SW8')_t4_max: 16130
	F27_('SW22', 'CMRIU2')_tb: 1387
	F31_('SW13', 'MIMU2')_rr: 0
	F13_('SW13', 'MIMU3')_t3_max: 14543
	F1_('CMRIU1', 'SW21')_gc: False
	F45_jitter: 516
	F4_('SW22', 'CMRIU2')_rr: 0
	F16_('SW31', 'SW21')_t4_min: 30896
	F49_('SW13', 'MIMU3')_t4_min: 2746
	F18_('SW13', 'SW21')_gc: True
	F43_('SW8', 'SW32')_t4_min: 16376
	('SW52', 'SW8')_gcl_length: 2
	F45_('SW14', 'SW21')_t5_max: 8326
	F35_('SW32', 'RCM2')_gc: False
	F18_('SW51', 'SM1CA')_rr: 0
	F26_('LCM1', 'SW31')_t3_min: 1413
	F28_('SW21', 'SW11')_gc: False
	('FCM2', 'SW32')_gcl_cycle: 1
	F37_('SW52', 'SM2CA')_rr: 0
	F24_('SW31', 'LCM1')_t3_min: 25634
	F48_('SW31', 'SW21')_t4_min: 14856
	F17_('SW13', 'StarTr2')_rr: 0
	F40_jitter: 258
	F36_jitter: 129
	F0_('SW32', 'SW8')_t3_max: 7377
	F3_('SW31', 'SW21')_rr: 1
	F39_queue_index: 0
	F48_('SW11', 'DU2')_t4_min: 15084
	F18_('SW13', 'SW21')_t4_min: 5644
	F14_('SW6', 'SW32')_gc: True
	F12_('SW31', 'SW21')_t4_max: 546
	F7_('SW21', 'SW12')_gc: False
	F18_('SW51', 'SM1CA')_t3_min: 6412
	('SW22', 'SW13')_gcl_cycle: 4000
	F11_('RCM1', 'SW31')_gc: False
	F23_('SW21', 'SW11')_rr: 1
	F38_('SW6', 'SW31')_t3_min: 389
	F19_('RCM1', 'SW31')_rr: 0
	F1_('SW22', 'CMRIU2')_gc: False
	F29_queue_index: 0
	F11_('SW21', 'SW13')_t4_max: 6340
	('SW13', 'StarTr2')_gcl_cycle: 1
	F19_('SW31', 'LCM1')_rr: 0
	F30_('SW31', 'SW21')_rr: 0
	('SW8', 'SW32')_gcl_cycle: 32000
	F27_('SW12', 'SW22')_t3_max: 1365
	F30_('SW12', 'SBAND2')_gc: False
	F16_('SW21', 'SW12')_t5_max: 31316
	F30_('SW51', 'SW41')_t3_max: 3117
	F42_('RCM1', 'SW31')_t3_max: 57370
	F44_('SW11', 'DU2')_rr: 0
	('SW21', 'CMRIU1')_gcl_cycle: 1
	F15_('SW13', 'SW21')_rr: 0
	('SBAND1', 'SW12')_gcl_cycle: 1
	F8_jitter: 258
	F25_('SW21', 'SW11')_rr: 0
	('SW31', 'RCM1')_gcl_cycle: 1
	('SW12', 'SW21')_gcl_cycle: 64000
	F47_('SW32', 'FCM2')_gc: False
	F8_('SW14', 'SW21')_rr: 1
	F33_('StarTr2', 'SW13')_gc: False
	F21_('SW32', 'SW22')_rr: 1
	('RCM1', 'SW31')_gcl_cycle: 1
	F49_('SW21', 'SW13')_t5_min: 2744
	F18_('SW13', 'SW21')_t4_max: 5644
	F27_('SBAND2', 'SW12')_t3_max: 1214
	F48_('SM2CA', 'SW52')_t4_min: 14258
	F23_('DU5', 'SW14')_t3_min: 22693
	F1_('SW21', 'SW11')_t5_min: 24964
	F38_('SW13', 'StarTr1')_gc: False
	F7_('SW13', 'SW21')_rr: 4
	F19_('SW31', 'LCM1')_gc: False
	F10_('SW21', 'SW31')_t4_min: 45588
	F48_('SW8', 'SW31')_gc: True
	F44_('MIMU2', 'SW13')_rr: 0
	F21_('SW13', 'MIMU3')_gc: False
	F0_('SW51', 'SM1CA')_rr: 0
	F42_('SW31', 'SW41')_t4_min: 57609
	F18_('SW21', 'SW31')_t4_max: 5868
	F29_('SW12', 'SBAND2')_t4_min: 459
	F21_('SW22', 'SW13')_t4_min: 3099
	F11_('SW13', 'MIMU1')_t3_max: 6454
	F16_('SW31', 'SW21')_t3_max: 30901
	F2_('DU4', 'SW14')_t3_min: 1
	F11_('SW31', 'SW21')_rr: 0
	('SW12', 'SBAND2')_gcl_cycle: 1
	F31_('CMRIU2', 'SW22')_t3_max: 48038
	F43_('SW8', 'SW32')_rr: 1
	F33_jitter: 129
	F40_('SW13', 'MIMU3')_t5_max: 47740
	F11_('SW21', 'SW13')_t4_min: 6082
	F41_jitter: 129
	F33_('SW13', 'SW21')_rr: 0
	F15_('MIMU2', 'SW13')_t3_max: 582
	F17_('SW41', 'SW31')_rr: 2
	F5_jitter: 258
	F21_('SW32', 'SW22')_t4_max: 2976
	F20_('SW41', 'SW51')_t4_min: 21630
	F39_('SW42', 'CM2CB')_t4_max: 116372
	F38_('SW13', 'StarTr1')_t5_max: 739
	F37_('SW52', 'SM2CA')_gc: False
	F8_('SW21', 'SW11')_t5_min: 7680
	F19_queue_index: 0
	F10_('SW41', 'SW51')_t4_max: 45888
	F48_('SM2CA', 'SW52')_gc: False
	F26_('SW31', 'SW41')_gc: False
	F2_('SW21', 'SW13')_t3_max: 165
	F31_('SW13', 'MIMU2')_gc: False
	F13_('MIMU1', 'SW13')_t3_min: 14458
	F3_('SW31', 'SW21')_gc: True
	('SW52', 'SW8')_gcl_cycle: 64000
	F4_('SW32', 'SW22')_t4_min: 1419
	F28_('SW21', 'SW11')_t4_min: 771
	F12_('SW13', 'MIMU2')_gc: False
	F3_('SW11', 'DU3')_gc: False
	F4_jitter: 129
	F18_('SW13', 'SW21')_t3_max: 5521
	F20_queue_index: 0
	F25_('SW11', 'SW22')_t4_max: 13207
	F47_('SW42', 'SW32')_rr: 0
	F41_('SW52', 'SM2CA')_gc: False
	F28_('SW11', 'DU2')_gc: False
	F7_('SW21', 'SW12')_t4_max: 1914
	F41_('SW32', 'SW42')_gc: True
	F22_('SW6', 'SW31')_tb: 176
	F48_queue_index: 0
	('CMRIU2', 'SW22')_gcl_cycle: 1
	F47_('SW42', 'SW32')_t4_min: 14411
	F48_('SW52', 'SW8')_tb: 14500
	F41_('SW32', 'SW42')_t3_max: 401
	F26_('LCM1', 'SW31')_tb: 1413
	F0_('SW32', 'SW8')_t4_max: 7377
	F18_('MIMU1', 'SW13')_gc: False
	F40_('SW13', 'MIMU3')_t4_min: 47463
	F47_('SW52', 'SW42')_t4_min: 14391
	F14_queue_index: 0
	F2_('SW13', 'StarTr1')_rr: 0
	F3_('SW11', 'DU3')_t4_min: 7402
	('SW11', 'DU2')_gcl_cycle: 1
	F44_('SW13', 'SW21')_rr: 0
	F38_('SMRIU1', 'SW6')_gc: False
	F48_('SW52', 'SW8')_rr: 1
	F37_('SW31', 'SW8')_t3_max: 940
	F0_jitter: 258
	F9_('SW51', 'SM1CB')_rr: 0
	F20_('SW41', 'SW51')_t3_min: 21630
	F7_('MIMU1', 'SW13')_t3_min: 1698
	('SW14', 'DU5')_gcl_cycle: 1
	F44_('SW13', 'SW21')_t4_min: 103
	F30_('SW51', 'SW41')_t4_min: 3240
	F1_('SW11', 'SW22')_rr: 4
	F45_queue_index: 0
	F31_jitter: 258
	('LCM1', 'SW31')_gcl_cycle: 1
	F34_queue_index: 0
	F20_('SW31', 'SW41')_t3_max: 21614
	F16_('SW21', 'SW12')_rr: 0
	F10_('SW21', 'SW31')_t4_max: 45588
	F18_('SW41', 'SW51')_t4_max: 6316
	F6_jitter: 258
	('SW41', 'SW31')_gcl_cycle: 4000
	F48_('SW31', 'SW21')_gc: False
	F18_queue_index: 0
	F4_('SW32', 'SW22')_t3_max: 1296
	F35_('SW22', 'SW32')_t4_max: 3628
	F49_('SW21', 'SW13')_t4_min: 2661
	F5_('BFCU', 'SW22')_t3_min: 1
	F3_queue_index: 0
	F4_('SW32', 'SW22')_gc: True
	F5_('SW22', 'SW14')_t4_min: 120
	F20_('SW31', 'SW41')_t3_min: 21609
	F8_('SW21', 'SW11')_rr: 0
	F27_('SBAND2', 'SW12')_gc: False
	F28_('StarTr1', 'SW13')_gc: False
	F35_('SW22', 'SW32')_t4_min: 3628
	F48_('SW21', 'SW11')_t4_max: 15228
	F20_('SW41', 'SW51')_rr: 0
	F39_('DU2', 'SW11')_t3_max: 115384
	F14_('SW6', 'SW32')_t3_max: 239
	F30_('SW12', 'SBAND2')_rr: 0
	F10_('SW21', 'SW31')_gc: True
	F9_('SW8', 'SW51')_t4_max: 16376
	F28_queue_index: 0
	F41_('SW52', 'SM2CA')_t4_min: 858
	F4_('SW22', 'CMRIU2')_t3_min: 1537
	('SMRIU1', 'SW6')_gcl_cycle: 1
	F42_('SW41', 'SW51')_t4_max: 57982
	F32_('CMRIU1', 'SW21')_t3_max: 55806
	F31_('SW22', 'SW13')_rr: 0
	F37_('SW31', 'SW8')_rr: 0
	F30_('SW51', 'SW41')_gc: True
	F43_('SW51', 'SW8')_rr: 1
	F18_('SW31', 'SW41')_t4_max: 6092
	F23_('DU5', 'SW14')_gc: False
	F49_('SW13', 'MIMU3')_t3_max: 3009
	F2_('SW21', 'SW13')_t4_min: 160
	F0_('FCM2', 'SW32')_rr: 0
	F35_('SW12', 'SW22')_rr: 1
	F17_('SW21', 'SW13')_t4_min: 473
	F33_('SW21', 'SW31')_rr: 4
	F2_('SW14', 'SW21')_t3_max: 83
	F22_('SW6', 'SW31')_t5_min: 259
	F20_('SW41', 'SW51')_t3_max: 21635
	F9_('SW8', 'SW51')_t4_min: 16247
	F13_('SW13', 'MIMU3')_t3_min: 14538
	F12_('SW21', 'SW13')_gc: True
	F0_('SW51', 'SM1CA')_t5_min: 7621
	F36_('SBAND1', 'SW12')_t5_max: 1373
	F2_('DU4', 'SW14')_t3_max: -123
	F7_('SW12', 'SBAND1')_rr: 1
	F38_('SMRIU1', 'SW6')_t3_max: 224
	F16_('SW31', 'SW21')_t4_max: 31025
	F28_('StarTr1', 'SW13')_rr: 0
	('CMRIU2', 'SW22')_gcl_length: 0
	F18_('SW41', 'SW51')_t4_min: 6316
	F0_('FCM2', 'SW32')_t4_max: 7290
	F45_('SW14', 'SW21')_t3_max: 8164
	('SW42', 'SW52')_gcl_cycle: 4000
	F48_('SW8', 'SW31')_t4_max: 14742
	('SW12', 'SBAND1')_gcl_cycle: 2000
	F40_('BFCU', 'SW22')_gc: False
	F6_('SW6', 'SW32')_t4_min: 56349
	F45_('SW14', 'SW21')_t4_max: 8288
	F48_('SW31', 'SW21')_t4_max: 14985
	F18_('MIMU1', 'SW13')_t3_max: 5296
	F18_('MIMU1', 'SW13')_rr: 0
	F14_('SW6', 'SW32')_t4_min: 239
	F41_('SW14', 'SW22')_rr: 1
	F39_('SW42', 'CM2CB')_t5_min: 116101
	('SW32', 'SW6')_gcl_cycle: 4000
	F6_('SW32', 'RCM2')_t5_max: 56837
	F2_('SW13', 'StarTr1')_gc: False
	F34_('SW31', 'SW21')_t4_min: 794
	F4_('SW32', 'SW22')_t4_max: 1419
	F2_('SW14', 'SW21')_rr: 2
	F24_('SW31', 'LCM1')_gc: False
	F14_('SW6', 'SW32')_t4_max: 239
	F3_('SW21', 'SW11')_gc: False
	F39_('SW11', 'SW22')_rr: 1
	F23_('SW14', 'SW21')_rr: 0
	F33_('SW31', 'RCM1')_t4_min: 14108
	F4_('SW32', 'SW22')_t5_min: 1535
	F40_('SW13', 'MIMU3')_rr: 0
	F2_('SW21', 'SW13')_gc: False
	F28_('SW13', 'SW21')_rr: 2
	F47_('SM2CA', 'SW52')_rr: 0
	F30_('SW31', 'SW21')_t5_max: 3615
	F41_('DU4', 'SW14')_t3_max: -47
	F13_queue_index: 0
	F23_('SW11', 'DU3')_rr: 0
	('FCM1', 'SW31')_gcl_cycle: 1
	F41_queue_index: 0
	F16_('SW21', 'SW12')_gc: False
	F37_('FCM1', 'SW31')_gc: False
	F49_jitter: 387
	F30_('SW51', 'SW41')_t5_max: 3278
	F17_('SW13', 'StarTr2')_t4_min: 494
	F26_('LCM1', 'SW31')_t4_min: 1413
	('DU5', 'SW14')_gcl_cycle: 1
	F11_jitter: 387
	F41_('SW14', 'SW22')_t4_min: 185
	F30_('SM1CB', 'SW51')_t3_max: 2948
	('SW52', 'SW42')_gcl_cycle: 1
	F3_('SW31', 'SW21')_t4_max: 7280
	F44_('SW21', 'SW11')_rr: 0
	('StarTr2', 'SW13')_gcl_cycle: 1
	F37_('FCM1', 'SW31')_rr: 0
	F35_('SBAND1', 'SW12')_gc: False
	F30_('SW41', 'SW31')_t4_min: 3408
	F17_('SW31', 'SW21')_rr: 4
	F27_jitter: 129
	F30_('SW51', 'SW41')_tb: 3240
	('SW21', 'SW31')_gcl_cycle: 64000
	F29_('CMRIU2', 'SW22')_rr: 0
	F11_('RCM1', 'SW31')_t3_min: 5864
	F44_jitter: 387
	F10_('SBAND2', 'SW12')_gc: False
	F36_('SBAND1', 'SW12')_rr: 0
	F1_('SW11', 'SW22')_t4_min: 25100
	F10_('SW21', 'SW31')_t3_max: 45588
	F11_('SW21', 'SW13')_rr: 0
	F26_queue_index: 0
	F23_('SW14', 'SW21')_gc: False
	F34_('SW31', 'SW21')_t4_max: 794
	F22_('SW6', 'SW31')_t4_max: 305
	F41_('SW22', 'SW32')_gc: True
	F28_('StarTr1', 'SW13')_t4_min: 595
	F5_('SW14', 'DU5')_gc: False
	F15_('SW21', 'SW31')_gc: False
	F4_queue_index: 0
	F1_('SW21', 'SW11')_t4_min: 24923
	F37_('SW8', 'SW52')_t4_min: 1012
	F10_('SBAND2', 'SW12')_rr: 0
	F18_('SW31', 'SW41')_rr: 4
	F38_('SW6', 'SW31')_rr: 1
	F0_('SW32', 'SW8')_gc: True
	F41_('SW14', 'SW22')_gc: True
	F7_('MIMU1', 'SW13')_t3_max: 1574
	F7_('MIMU1', 'SW13')_rr: 0
	F12_('SW21', 'SW13')_rr: 1
	F10_queue_index: 0
	F35_('SBAND1', 'SW12')_t3_min: 3374
	F5_('SW22', 'SW14')_rr: 0
	F48_('SW11', 'DU2')_gc: False
	F20_('SW31', 'SW41')_rr: 1
	F7_('SW13', 'SW21')_t4_min: 1744
	F16_('SW12', 'SBAND2')_gc: False
	F41_('SW42', 'SW52')_gc: True
	('SW8', 'SW52')_gcl_cycle: 1
	('SW22', 'SW12')_gcl_cycle: 1
	F48_('SM2CA', 'SW52')_t3_max: 14134
	F0_('SW51', 'SM1CA')_gc: False
	F43_('SM1CA', 'SW51')_t3_max: 15870
	F44_('MIMU2', 'SW13')_gc: False
	F23_('SW11', 'DU3')_t4_min: 23193
	F33_('StarTr2', 'SW13')_t3_max: 13817
	F16_('SW21', 'SW12')_t4_min: 30978
	F30_('SW31', 'SW21')_t4_max: 3577
	F6_('SW6', 'SW32')_gc: False
	F10_('SW12', 'SW21')_t3_max: 45562
	F43_('SM1CA', 'SW51')_rr: 0
	F21_('SW42', 'SW32')_t4_max: 2730
	F38_('SW21', 'SW13')_rr: 1
	F30_queue_index: 0
	F38_('SW31', 'SW21')_t4_max: 452
	F0_('SW51', 'SM1CA')_t3_min: 7541
	F8_('SW14', 'SW21')_t3_max: 6988
	F12_('SW21', 'SW13')_t4_max: 575
	F17_jitter: 129
	F13_('SW13', 'MIMU3')_tb: 14538
	F9_('SW8', 'SW51')_gc: False
	F36_('SW21', 'SW13')_gc: True
	F39_('SW22', 'SW32')_gc: False
	F27_('SW22', 'CMRIU2')_t5_max: 1536
	F9_queue_index: 0
	('SW13', 'StarTr1')_gcl_cycle: 1
	F45_('SW14', 'SW21')_rr: 0
	F28_('SW13', 'SW21')_t4_max: 747
	F8_('DU5', 'SW14')_t3_max: 6798
	('SW14', 'SW22')_gcl_cycle: 4000
	F30_('SM1CB', 'SW51')_rr: 0
	F47_('SM2CA', 'SW52')_gc: False
	F11_('RCM1', 'SW31')_t3_max: 5740
	F47_('SW52', 'SW42')_gc: False
	F9_('SW32', 'SW8')_t4_min: 16130
	F17_('SW51', 'SW41')_t3_max: 252
	F19_('SW31', 'LCM1')_t3_min: 125
	F16_('SW31', 'SW21')_gc: False
	F46_('MIMU2', 'SW13')_t4_min: 4244
	F6_('SW32', 'RCM2')_gc: False
	F0_('FCM2', 'SW32')_t3_max: 7166
	F19_('RCM1', 'SW31')_gc: False
	('SW32', 'SW42')_gcl_cycle: 4000
	('SW31', 'SW21')_gcl_cycle: 8000
	F28_('SW11', 'DU2')_rr: 0
	F15_('SW21', 'SW31')_t4_min: 834
	F2_('SW14', 'SW21')_t4_min: 83
	F15_('SW31', 'RCM1')_gc: False
	F39_('SW42', 'CM2CB')_t4_min: 115985
	F47_('SW32', 'FCM2')_t5_max: 14836
	('SM2CA', 'SW52')_gcl_cycle: 1
	F3_('SW21', 'SW11')_t4_max: 7470
	F17_('SW41', 'SW31')_t4_min: 401
	F39_('DU2', 'SW11')_gc: False
	F6_('SW32', 'RCM2')_rr: 0
	F30_('SW41', 'SW31')_t4_max: 3408
	F1_queue_index: 0
	F47_('SW32', 'FCM2')_tb: 14431
	F12_('SW31', 'SW21')_t4_min: 546
	F32_('SW13', 'MIMU1')_tb: 56032
	F21_('SW42', 'SW32')_t4_min: 2730
	F2_jitter: 258
	F47_queue_index: 0
	F2_('SW14', 'SW21')_t4_max: 83
	F10_('SBAND2', 'SW12')_t3_min: 45536
	F38_('SW13', 'StarTr1')_t4_min: 571
	F40_('SW22', 'SW13')_t4_min: 47442
	('SM1CB', 'SW51')_gcl_length: 0
	F39_('SW32', 'SW42')_gc: False
	F8_('SW11', 'DU1')_t3_max: 7816
	F12_('LCM1', 'SW31')_t3_max: 344
	F16_jitter: 387
	F27_('SW12', 'SW22')_t4_min: 1365
	F37_('SW8', 'SW52')_rr: 0
	F43_('SW51', 'SW8')_t4_min: 16185
	F38_('SMRIU1', 'SW6')_rr: 0
	F1_('SW21', 'SW11')_t3_max: 24928
	F17_('SW51', 'SW41')_t3_min: 247
	F44_('MIMU2', 'SW13')_t3_max: -123
	F43_queue_index: 0
	('SW11', 'DU3')_gcl_cycle: 1
	F45_('DU5', 'SW14')_rr: 0
	('SW41', 'CM1CB')_gcl_cycle: 1
	F31_('SW22', 'SW13')_gc: False
	F45_('SW21', 'SW31')_gc: False
	F9_('SW51', 'SM1CB')_t4_min: 16364
	F46_jitter: 129
	F39_('SW22', 'SW32')_t3_max: 115754
	F25_('SW21', 'SW11')_t4_max: 13052
	F38_('SW21', 'SW13')_t4_max: 530
	F46_queue_index: 0
	F31_('SW22', 'SW13')_t3_max: 48227
	F39_('SW11', 'SW22')_t4_max: 115631
	F9_('RCM2', 'SW32')_t5_min: 16000
	F24_queue_index: 0
	F45_('SW14', 'SW21')_t4_min: 8159
	F10_('SW51', 'SM1CB')_rr: 0
	F40_('SW13', 'MIMU3')_t4_max: 47721
	F29_('CMRIU2', 'SW22')_gc: False
	('StarTr1', 'SW13')_gcl_cycle: 1
	F42_('SW51', 'SM1CA')_t4_min: 57839
	F20_('SW41', 'SW51')_t5_max: 21773
	F11_('SW13', 'MIMU1')_t3_min: 6191
	F20_('SW51', 'SM1CA')_t3_max: 21780
	F32_('CMRIU1', 'SW21')_t4_max: 55930
	F30_('SM1CB', 'SW51')_t5_min: 3110
	F30_('SM1CB', 'SW51')_t4_min: 3072
	F42_('SW41', 'SW51')_t3_min: 57724
	F22_('SW32', 'SW6')_t5_min: 174
	F7_('SW12', 'SBAND1')_t4_max: 1960
	F34_('SW31', 'SW21')_t5_min: 855
	F38_('SW31', 'SW21')_t3_min: 447
	F37_('FCM1', 'SW31')_t3_min: 858
	F37_('SW31', 'SW8')_t3_min: 935
	F44_('MIMU2', 'SW13')_t5_min: 101
	F44_('SW21', 'SW11')_tb: 205
	F14_('SW32', 'LCM2')_t3_min: 275
	F44_('SW11', 'DU2')_t5_min: 407
	F28_('SW11', 'DU2')_t3_max: 929
	F2_('SW21', 'SW13')_t3_min: 160
	F41_('SW42', 'SW52')_tb: 755
	F5_('BFCU', 'SW22')_t5_max: 118
	F45_('SW31', 'SW41')_t3_min: 8239
	F48_('SW8', 'SW31')_tb: 14742
	F14_('SW6', 'SW32')_t5_min: 273
	F40_('SW22', 'SW13')_t3_min: 47442
	F35_('SBAND1', 'SW12')_t4_min: 3374
	F30_('SW41', 'SW31')_tb: 3408
	F16_('SW12', 'SBAND2')_tb: 31060
	F28_('SW11', 'DU2')_tb: 795
	F48_('SW8', 'SW31')_t3_min: 14614
	F41_('SW32', 'SW42')_t5_max: 625
	F35_('SW12', 'SW22')_t5_min: 3621
	F41_('SW32', 'SW42')_t3_min: 396
	F33_('SW31', 'RCM1')_t5_max: 14246
	F16_('SW31', 'SW21')_t3_min: 30896
	F15_('SW31', 'RCM1')_t4_max: 1285
	F9_('SW8', 'SW51')_t5_min: 16362
	F1_('SW22', 'CMRIU2')_t3_min: 25143
	('SW13', 'StarTr2')_gcl_length: 0
	F37_('SW8', 'SW52')_t3_min: 1012
	F9_('SW51', 'SM1CB')_t3_min: 16364
	F23_('SW14', 'SW21')_tb: 22774
	F40_('SW13', 'MIMU3')_t3_min: 47463
	F39_('SW42', 'CM2CB')_t5_max: 116488
	F45_('SW14', 'SW21')_t3_min: 8159
	F17_('SW13', 'StarTr2')_t3_max: 499
	F47_('SW52', 'SW42')_t3_min: 14391
	F43_('SW8', 'SW32')_t3_min: 16248
	F17_('SW21', 'SW13')_t3_min: 448
	F36_('SW12', 'SW21')_t5_max: 1556
	F21_('CM2CA', 'SW42')_t4_max: 2570
	F1_('SW11', 'SW22')_t5_max: 25141
	F2_('DU4', 'SW14')_tb: 1
	F44_('MIMU2', 'SW13')_t4_max: 1
	F29_('CMRIU2', 'SW22')_t3_min: 221
	F38_('SW13', 'StarTr1')_tb: 571
	F37_('SW8', 'SW52')_t3_max: 1146
	F1_('SW21', 'SW11')_t3_min: 24923
	F49_('LCM1', 'SW31')_t4_max: 2491
	F34_('LCM1', 'SW31')_t4_max: 726
	('CMRIU1', 'SW21')_gcl_length: 0
	F8_('SW21', 'SW11')_t3_max: 7626
	F49_('SW13', 'MIMU3')_t5_max: 3216
	F7_('SW12', 'SBAND1')_t3_max: 1960
	F30_('SW31', 'SW21')_t5_min: 3486
	F39_('SW22', 'SW32')_t5_min: 115865
	F32_('CMRIU1', 'SW21')_t5_min: 55979
	F31_('CMRIU2', 'SW22')_t3_min: 48162
	F41_('DU4', 'SW14')_t4_min: 77
	F39_('SW32', 'SW42')_t5_max: 116241
	F15_('SW31', 'RCM1')_t5_max: 1347
	F25_('CMRIU1', 'SW21')_t3_min: 12897
	F22_('SW31', 'RCM1')_t5_min: 344
	F17_('SW31', 'SW21')_tb: 427
	F8_('SW21', 'SW11')_t5_max: 7809
	F49_('LCM1', 'SW31')_t5_max: 2574
	F43_('SM1CA', 'SW51')_t4_max: 15994
	F32_('SW13', 'MIMU1')_t5_max: 56339
	F39_('SW11', 'SW22')_tb: 115631
	F16_('SW31', 'SW21')_t5_max: 31105
	F36_('SW13', 'MIMU3')_tb: 1741
	F17_('SW41', 'SW31')_t5_min: 420
	F33_('SW13', 'SW21')_tb: 13952
	F27_('SW22', 'CMRIU2')_t3_min: 1387
	F27_('SBAND2', 'SW12')_t4_max: 1338
	F43_('SM1CA', 'SW51')_t3_min: 15994
	F6_('SW32', 'RCM2')_tb: 56465
	F38_('SW31', 'SW21')_t5_min: 491
	F29_('SW12', 'SBAND2')_t3_min: 459
	F26_('SW31', 'SW41')_t5_max: 1608
	F22_('RCM2', 'SW32')_t4_min: 1
	F3_('SW21', 'SW11')_t5_max: 7529
	F0_('FCM2', 'SW32')_t4_min: 7290
	F18_('MIMU1', 'SW13')_t5_max: 5514
	F18_('SW51', 'SM1CA')_t5_min: 6506
	F4_('FCM2', 'SW32')_tb: 1173
	F47_('SM2CA', 'SW52')_t5_min: 14389
	F43_('SW32', 'LCM2')_t5_min: 16500
	F9_('SW51', 'SM1CB')_tb: 16364
	F44_('SW11', 'DU2')_t4_max: 694
	F38_('SW21', 'SW13')_t3_max: 498
	F18_('SW51', 'SM1CA')_t4_max: 6541
	F17_('SW13', 'StarTr2')_t5_min: 513
	F16_('LCM1', 'SW31')_t5_max: 30894
	F0_('SW8', 'SW51')_t5_max: 7668
	('SW41', 'SW51')_gcl_length: 2
	F32_('SW21', 'SW13')_t5_max: 56159
	F10_('SW21', 'SW31')_t5_max: 45607
	F40_('BFCU', 'SW22')_t4_min: 47421
	F30_('SW21', 'SW12')_t5_max: 3784
	F38_('SW31', 'SW21')_tb: 452
	F12_('SW31', 'SW21')_t3_min: 492
	F29_('SW12', 'SBAND2')_tb: 459
	F35_('SBAND1', 'SW12')_t4_max: 3374
	F15_('SW21', 'SW31')_tb: 834
	F1_('CMRIU1', 'SW21')_t5_max: 24921
	F41_('SW52', 'SM2CA')_t3_max: 863
	F10_('SW31', 'SW41')_t5_min: 45628
	F40_('BFCU', 'SW22')_tb: 47421
	('SW8', 'SW51')_gcl_length: 0
	F25_('SW22', 'CMRIU2')_t3_max: 13238
	F3_('FCM1', 'SW31')_t5_max: 7150
	F48_('SM2CA', 'SW52')_t4_max: 14258
	F18_('SW21', 'SW31')_tb: 5868
	F17_('SW13', 'StarTr2')_tb: 494
	('StarTr2', 'SW13')_gcl_length: 0
	('SW12', 'SW21')_gcl_length: 66
	F18_('SW31', 'SW41')_t3_max: 5969
	F7_('SW21', 'SW12')_t5_max: 1953
	F37_('FCM1', 'SW31')_t5_max: 933
	F7_('MIMU1', 'SW13')_tb: 1698
	F37_('SW31', 'SW8')_tb: 935
	F44_('SW13', 'SW21')_t5_min: 203
	F41_('SW42', 'SW52')_t5_min: 856
	F17_('SW21', 'SW13')_t3_max: 453
	F18_('SW21', 'SW31')_t3_max: 5745
	F46_('MIMU2', 'SW13')_t5_max: 4303
	F13_('SW13', 'MIMU3')_t5_max: 14745
	('SW22', 'SW14')_gcl_length: 0
	F18_('SW31', 'SW41')_t3_min: 5964
	F1_('SW22', 'CMRIU2')_t5_max: 25313
	F6_('SW6', 'SW32')_tb: 56349
	F8_('DU5', 'SW14')_t5_max: 6981
	F5_('SW14', 'DU5')_t4_max: 497
	F25_('SW11', 'SW22')_tb: 12949
	F9_('SW32', 'SW8')_tb: 16130
	F4_('SW32', 'SW22')_tb: 1419
	F17_('SW13', 'StarTr2')_t3_min: 494
	F36_('SW13', 'MIMU3')_t3_min: 1741
	F25_('SW21', 'SW11')_tb: 12923
	('SW21', 'SW13')_gcl_length: 8
	F40_('BFCU', 'SW22')_t3_min: 47421
	('SW21', 'SW31')_gcl_length: 26
	F35_('SW12', 'SW22')_tb: 3501
	F49_('SW13', 'MIMU3')_t5_min: 2829
	F45_('SW41', 'CM1CA')_t4_max: 8795
	F33_('SW21', 'SW31')_tb: 14097
	F42_('SW41', 'SW51')_t5_max: 58095
	F16_('SW12', 'SBAND2')_t5_min: 31140
	F15_('MIMU2', 'SW13')_tb: 706
	F7_('SW13', 'SW21')_t5_max: 1783
	F39_('SW32', 'SW42')_t3_min: 115867
	F7_('MIMU1', 'SW13')_t4_max: 1698
	F34_('SW21', 'CMRIU1')_t5_min: 918
	F37_('SW52', 'SM2CA')_tb: 1089
	F30_('SW21', 'SW12')_tb: 3488
	F5_('BFCU', 'SW22')_t5_min: 118
	F23_('SW11', 'DU3')_t3_min: 23193
	F22_('SW31', 'RCM1')_t4_max: 519
	F31_('SW13', 'MIMU2')_t4_max: 48540
	F29_('CMRIU2', 'SW22')_tb: 221
	F39_('SW32', 'SW42')_t3_max: 116001
	F23_('SW11', 'DU3')_t3_max: 23198
	F10_('SW41', 'SW51')_t3_min: 45630
	F15_('SW21', 'SW31')_t5_min: 896
	F48_('SW11', 'DU2')_t4_max: 15471
	F43_('SW8', 'SW32')_t3_max: 16253
	F7_('SW12', 'SBAND1')_t5_min: 1999
	F18_('SW51', 'SM1CA')_t3_max: 6417
	F18_('SW51', 'SM1CA')_t5_max: 6635
	F33_('SW31', 'RCM1')_t3_min: 14108
	F14_('SW32', 'LCM2')_t3_max: 280
	('RCM1', 'SW31')_gcl_length: 0
	F35_('SW32', 'RCM2')_t5_max: 3999
	F14_('SW6', 'SW32')_t5_max: 273
	F22_('SW31', 'RCM1')_t3_min: 261
	F18_('SW41', 'SW51')_t3_min: 6188
	F9_('SW8', 'SW51')_t5_max: 16491
	F20_('RCM1', 'SW31')_t5_max: 21607
	F7_('SW13', 'SW21')_t3_min: 1739
	('SW11', 'DU3')_gcl_length: 0
	F20_('RCM1', 'SW31')_t3_min: 21593
	F38_('SMRIU1', 'SW6')_t5_min: 387
	F36_('SBAND1', 'SW12')_t4_min: 1320
	F3_('SW21', 'SW11')_t5_min: 7400
	F23_('SW11', 'DU3')_t4_max: 23322
	F38_('SMRIU1', 'SW6')_t3_min: 348
	F21_('SW42', 'SW32')_tb: 2730
	F8_('SW14', 'SW21')_t3_min: 6983
	F45_('DU5', 'SW14')_t5_max: 8157
	F36_('SW13', 'MIMU3')_t5_min: 1794
	F11_('SW21', 'SW13')_t5_max: 6447
	F10_('SW31', 'SW41')_t3_max: 45614
	F21_('SW13', 'MIMU3')_t4_max: 3346
	F46_('SW13', 'StarTr2')_t5_max: 4493
	F16_('LCM1', 'SW31')_t3_min: 30814
	F46_('MIMU2', 'SW13')_t5_min: 4303
	('SMRIU1', 'SW6')_gcl_length: 0
	F28_('SW11', 'DU2')_t4_max: 1053
	F38_('SW21', 'SW13')_t5_min: 569
	F20_('RCM1', 'SW31')_t4_max: 21593
	F44_('SW13', 'SW21')_tb: 103
	F14_('SW32', 'LCM2')_t4_max: 404
	F41_('SW42', 'SW52')_t3_max: 632
	F17_('SW21', 'SW13')_t5_max: 492
	F10_('SW12', 'SW21')_t5_min: 45581
	F48_('SM2CA', 'SW52')_tb: 14258
	F28_('StarTr1', 'SW13')_t3_min: 595
	F35_('SW32', 'RCM2')_t5_min: 3870
	F31_('SW13', 'MIMU2')_t3_max: 48416
	F28_('SW13', 'SW21')_t3_min: 619
	F18_('SW13', 'SW21')_t3_min: 5516
	F21_('SW22', 'SW13')_t5_min: 3215
	F11_('RCM1', 'SW31')_t4_max: 5864
	F15_('MIMU2', 'SW13')_t3_min: 706
	F11_('SW21', 'SW13')_t3_max: 6216
	F31_('SW22', 'SW13')_t3_min: 48222
	F17_('SW31', 'SW21')_t5_min: 446
	F2_('SW13', 'StarTr1')_t5_max: 570
	F18_('SW21', 'SW31')_t3_min: 5740
	F24_('RCM1', 'SW31')_tb: 25608
	F37_('SW52', 'SM2CA')_t3_max: 1352
	F48_('SW31', 'SW21')_t3_min: 14856
	F47_('SW42', 'SW32')_t3_min: 14411
	F34_('SW21', 'CMRIU1')_t3_max: 862
	F12_('SW13', 'MIMU2')_t5_min: 621
	F7_('SW21', 'SW12')_t5_min: 1824
	F16_('SW31', 'SW21')_t5_min: 30976
	F15_('SW13', 'SW21')_tb: 770
	F7_('SW21', 'SW12')_t3_max: 1790
	F4_('SW22', 'CMRIU2')_t5_max: 1782
	F12_('SW13', 'MIMU2')_t3_max: 604
	F31_('SW13', 'MIMU2')_t5_max: 48598
	F29_('CMRIU2', 'SW22')_t5_max: 338
	F2_('SW21', 'SW13')_t5_min: 235
	('SW22', 'SW13')_gcl_length: 2
	('MIMU1', 'SW13')_gcl_length: 0
	F45_('SW21', 'SW31')_tb: 8199
	F18_('SW41', 'SW51')_t3_max: 6193
	F35_('SW32', 'RCM2')_t3_max: 3755
	F16_('LCM1', 'SW31')_t4_max: 30814
	F1_('CMRIU1', 'SW21')_t4_max: 24880
	('SW52', 'SM2CA')_gcl_length: 0
	F27_('SBAND2', 'SW12')_t3_min: 1338
	F5_('SW22', 'SW14')_t5_max: 366
	F42_('SW41', 'SW51')_t3_max: 57858
	('SW41', 'CM1CA')_gcl_length: 0
	F32_('CMRIU1', 'SW21')_t3_min: 55930
	F49_('LCM1', 'SW31')_tb: 2491
	F12_('LCM1', 'SW31')_t3_min: 468
	F31_('CMRIU2', 'SW22')_t5_max: 48220
	('FCM2', 'SW32')_gcl_length: 0
	F49_('SW21', 'SW13')_tb: 2661
	F43_('SW51', 'SW8')_tb: 16185
	F12_('SW31', 'SW21')_t5_min: 568
	('SW42', 'SW32')_gcl_length: 2
	F18_('SW13', 'SW21')_t5_min: 5738
	F25_('CMRIU1', 'SW21')_t4_min: 12897
	F23_('SW21', 'SW11')_tb: 23112
	F31_('SW22', 'SW13')_tb: 48222
	F6_('SW6', 'SW32')_t5_min: 56463
	F1_('CMRIU1', 'SW21')_t4_min: 24880
	F41_('DU4', 'SW14')_t4_max: 77
	('SW51', 'SM1CB')_gcl_length: 0
	F33_('SW13', 'SW21')_t3_min: 13952
	F23_('SW11', 'DU3')_t5_min: 23272
	F21_('SW13', 'MIMU3')_t3_min: 3217
	('SW12', 'SW22')_gcl_length: 6
	F42_('SW51', 'SM1CA')_t5_max: 58339
	F17_('SW21', 'SW13')_t5_min: 492
	F22_('RCM2', 'SW32')_t3_min: 1
	F36_('SBAND1', 'SW12')_t4_max: 1320
	F9_('SW32', 'SW8')_t5_max: 16245
	F21_('SW32', 'SW22')_tb: 2976
	F34_('LCM1', 'SW31')_t5_max: 787
	F24_('SW31', 'LCM1')_t5_min: 25658
	F24_('RCM1', 'SW31')_t5_max: 25632
	F31_('SW13', 'MIMU2')_tb: 48282
	F21_('SW22', 'SW13')_t3_max: 3099
	F11_('RCM1', 'SW31')_t5_max: 5971
	F8_('SW14', 'SW21')_t5_max: 7619
	('SW42', 'CM2CB')_gcl_length: 0
	F38_('SW13', 'StarTr1')_t4_max: 700
	('SW32', 'SW42')_gcl_length: 2
	F48_('SW21', 'SW11')_tb: 14970
	F41_('SW32', 'SW42')_tb: 524
	F41_('SW22', 'SW32')_tb: 293
	F27_('SW12', 'SW22')_tb: 1365
	F42_('SW31', 'SW41')_t3_min: 57609
	F34_('SW21', 'CMRIU1')_t5_max: 1047
	F20_('SW31', 'SW41')_t5_max: 21628
	F17_('SM1CA', 'SW51')_t5_min: 245
	F47_('SW52', 'SW42')_t5_max: 14538
	F8_('DU5', 'SW14')_t3_min: 6922
	F35_('SBAND1', 'SW12')_t5_min: 3494
	F27_('SBAND2', 'SW12')_t4_min: 1338
	F1_('SW11', 'SW22')_t3_min: 24966
	F30_('SM1CB', 'SW51')_t4_max: 3072
	F24_('RCM1', 'SW31')_t3_min: 25608
	F36_('SW12', 'SW21')_t5_min: 1556
	F37_('SW52', 'SM2CA')_t4_max: 1476
	F25_('CMRIU1', 'SW21')_t5_max: 12921
	F1_('SW21', 'SW11')_tb: 24923
	F49_('SW21', 'SW13')_t3_min: 2661
	F12_('SW21', 'SW13')_t3_max: 575
	F23_('DU5', 'SW14')_t5_max: 22772
	F44_('SW21', 'SW11')_t3_max: 339
	F21_('SW22', 'SW13')_t3_min: 3094
	F28_('StarTr1', 'SW13')_tb: 595
	F14_('SMRIU1', 'SW6')_t3_min: 198
	F33_('SW31', 'RCM1')_t3_max: 14113
	F44_('SW21', 'SW11')_t5_min: 305
	F21_('SW13', 'MIMU3')_tb: 3217
	F47_('SM2CA', 'SW52')_t4_min: 14371
	F43_('SW51', 'SW8')_t5_max: 16246
	F36_('SW12', 'SW21')_t3_min: 1375
	F19_('RCM1', 'SW31')_t5_min: 123
	F19_('RCM1', 'SW31')_t4_max: 1
	F6_('SMRIU1', 'SW6')_t4_max: 56233
	F9_('SW51', 'SM1CB')_t3_max: 16498
	F1_('SW11', 'SW22')_tb: 25100
	F8_('SW11', 'DU1')_t4_max: 7940
	F21_('CM2CA', 'SW42')_t5_min: 2686
	F36_('SW21', 'SW13')_t3_min: 1558
	F40_('BFCU', 'SW22')_t4_max: 47421
	F26_('SW41', 'CM1CB')_t4_max: 1739
	F26_('SW41', 'CM1CB')_t3_min: 1481
	F10_('SBAND2', 'SW12')_t5_max: 45555
	F4_('SW32', 'SW22')_t3_min: 1291
	F19_('RCM1', 'SW31')_t4_min: 1
	F29_('SW12', 'SBAND2')_t3_max: 593
	F6_('SW6', 'SW32')_t5_max: 56592
	('SW32', 'FCM2')_gcl_length: 0
	F49_('SW31', 'SW21')_tb: 2576
	F17_('SW41', 'SW31')_tb: 401
	F22_('RCM2', 'SW32')_t5_min: 84
	F10_('SW12', 'SW21')_t3_min: 45557
	F18_('SW13', 'SW21')_tb: 5644
	F38_('SW31', 'SW21')_t3_max: 452
	F10_('SW12', 'SW21')_tb: 45562
	F47_('SW32', 'FCM2')_t5_min: 14449
	('SW22', 'SW32')_gcl_length: 4
	F38_('SW21', 'SW13')_tb: 530
	F37_('SW8', 'SW52')_tb: 1012
	F18_('MIMU1', 'SW13')_t4_min: 5420
	F22_('SW32', 'SW6')_t5_max: 174
	F13_('MIMU1', 'SW13')_t4_min: 14458
	F10_('SBAND2', 'SW12')_t5_min: 45555
	F37_('SW8', 'SW52')_t5_min: 1087
	F36_('SW13', 'MIMU3')_t4_max: 1870
	F12_('LCM1', 'SW31')_t4_min: 468
	F5_('BFCU', 'SW22')_tb: 1
	F49_('SW31', 'SW21')_t5_max: 2788
	('SW6', 'SW31')_gcl_length: 2
	F45_('SW14', 'SW21')_tb: 8159
	F17_('SW31', 'SW21')_t3_max: 427
	F19_('SW31', 'LCM1')_tb: 125
	F18_('MIMU1', 'SW13')_tb: 5420
	F8_('SW14', 'SW21')_tb: 7560
	F35_('SW22', 'SW32')_t3_min: 3623
	F41_('SW52', 'SM2CA')_t5_min: 959
	F9_('RCM2', 'SW32')_tb: 15885
	F0_('FCM2', 'SW32')_t3_min: 7290
	F3_('FCM1', 'SW31')_t5_min: 7150
	F46_('SW13', 'StarTr2')_tb: 4305
	F7_('SW12', 'SBAND1')_tb: 1960
	F45_('SW21', 'SW31')_t3_min: 8199
	F28_('StarTr1', 'SW13')_t5_min: 617
	F40_('BFCU', 'SW22')_t5_min: 47440
	F11_('SW13', 'MIMU1')_t4_max: 6578
	('SW11', 'SW22')_gcl_length: 10
	F43_('SM1CA', 'SW51')_t4_min: 15994
	F42_('SW31', 'SW41')_tb: 57609
	F38_('SMRIU1', 'SW6')_tb: 348
	F12_('SW31', 'SW21')_tb: 546
	F47_('SW32', 'FCM2')_t3_min: 14431
	F5_('BFCU', 'SW22')_t4_max: 1
	F1_('CMRIU1', 'SW21')_tb: 24880
	F30_('SW12', 'SBAND2')_t3_min: 3528
	F30_('SW41', 'SW31')_t5_min: 3446
	F9_('SW32', 'SW8')_t3_min: 16002
	F3_('SW21', 'SW11')_t3_max: 7346
	F29_('SW12', 'SBAND2')_t4_max: 717
	F22_('RCM2', 'SW32')_t4_max: 1
	F21_('SW32', 'SW22')_t3_max: 2853
	F5_('SW14', 'DU5')_t5_min: 356
	F48_('SW52', 'SW8')_t5_max: 14612
	F3_('SW31', 'SW21')_t5_max: 7339
	F2_('SW21', 'SW13')_t5_max: 364
	F29_('SW22', 'SW12')_tb: 340
	F19_('RCM1', 'SW31')_t3_min: 1
	F39_('SW22', 'SW32')_t3_min: 115749
	F0_('FCM2', 'SW32')_t5_min: 7370
	F34_('SW21', 'CMRIU1')_t4_max: 986
	F23_('DU5', 'SW14')_t4_max: 22693
	F38_('SW21', 'SW13')_t3_min: 493
	F15_('SW21', 'SW31')_t5_max: 1154
	F41_('SW42', 'SW52')_t5_max: 856
	F8_('SW21', 'SW11')_tb: 7621
	('SW22', 'SW12')_gcl_length: 0
	F42_('RCM1', 'SW31')_tb: 57494
	F0_('SW32', 'SW8')_t5_min: 7457
	F35_('SW12', 'SW22')_t5_max: 3621
	F3_('SW31', 'SW21')_t3_min: 7152
	F39_('SW22', 'SW32')_t5_max: 115994
	F39_('SW11', 'SW22')_t3_min: 115626
	F11_('SW31', 'SW21')_t5_max: 6209
	F15_('SW21', 'SW31')_t3_max: 968
	('SW11', 'DU2')_gcl_length: 0
	F28_('SW13', 'SW21')_tb: 747
	F40_('SW22', 'SW13')_tb: 47442
	F34_('SW31', 'SW21')_t5_max: 855
	F6_('SMRIU1', 'SW6')_t4_min: 56233
	F20_('SW41', 'SW51')_tb: 21630
	F3_('FCM1', 'SW31')_t3_min: 7091
	F42_('RCM1', 'SW31')_t5_min: 57607
	F47_('SW42', 'SW32')_t5_min: 14429
	F45_('SW41', 'CM1CA')_t5_min: 8317
	F36_('SW13', 'MIMU3')_t3_max: 1746
	F33_('StarTr2', 'SW13')_t4_min: 13941
	('SW6', 'SW32')_gcl_length: 2
	F42_('RCM1', 'SW31')_t3_min: 57494
	('SW31', 'LCM1')_gcl_length: 0
	F30_('SW51', 'SW41')_t5_min: 3278
	F20_('SW51', 'SM1CA')_t4_max: 21904
	('SW8', 'SW32')_gcl_length: 2
	F4_('FCM2', 'SW32')_t5_max: 1289
	F38_('SW6', 'SW31')_t5_min: 445
	F22_('SW31', 'RCM1')_tb: 261
	F16_('SW12', 'SBAND2')_t4_max: 31447
	F25_('SW22', 'CMRIU2')_tb: 12975
	F36_('SBAND1', 'SW12')_t3_min: 1320
	F17_('SW21', 'SW13')_tb: 473
	F45_('SW41', 'CM1CA')_t3_max: 8671
	F33_('StarTr2', 'SW13')_t5_min: 13950
	F2_('SW14', 'SW21')_tb: 83
	F38_('SW6', 'SW31')_t5_max: 445
	F5_('SW22', 'SW14')_tb: 120
	F28_('SW11', 'DU2')_t3_min: 795
	F31_('SW13', 'MIMU2')_t3_min: 48282
	F1_('SW11', 'SW22')_t3_max: 25100
	F25_('SW11', 'SW22')_t3_min: 12949
	F48_('SM2CA', 'SW52')_t3_min: 14258
	('LCM1', 'SW31')_gcl_length: 0
	('SW22', 'CMRIU2')_gcl_length: 0
	F6_('SMRIU1', 'SW6')_t3_min: 56233
	F43_('SW8', 'SW32')_t5_min: 16437
	F22_('SW6', 'SW31')_t3_max: 181
	F11_('SW21', 'SW13')_t3_min: 6082
	F28_('SW11', 'DU2')_t5_max: 1075
	F3_('SW11', 'DU3')_t5_min: 7461
	F30_('SW12', 'SBAND2')_t3_max: 3791
	F47_('SW32', 'FCM2')_t3_max: 14694
	F29_('SW22', 'SW12')_t5_max: 586
	F7_('MIMU1', 'SW13')_t4_min: 1698
	F0_('SW51', 'SM1CA')_t3_max: 7675
	F34_('LCM1', 'SW31')_tb: 726
	F5_('SW14', 'DU5')_tb: 239
	F14_('SMRIU1', 'SW6')_t5_max: 232
	F12_('LCM1', 'SW31')_t5_max: 490
	F9_('RCM2', 'SW32')_t3_min: 15885
	F22_('SW31', 'RCM1')_t5_max: 602
	F45_('SW31', 'SW41')_t5_min: 8277
	F7_('SW21', 'SW12')_t3_min: 1785
	F15_('SW31', 'RCM1')_tb: 898
	F13_('SW13', 'MIMU3')_t5_min: 14616
	F12_('SW13', 'MIMU2')_tb: 599
	F3_('SW11', 'DU3')_t5_max: 7719
	F26_('SW41', 'CM1CB')_t5_max: 1771
	F14_('SMRIU1', 'SW6')_t4_max: 198
	F2_('SW21', 'SW13')_tb: 160
	F23_('SW14', 'SW21')_t3_min: 22774
	('SW12', 'SBAND1')_gcl_length: 2
	F49_('SW31', 'SW21')_t5_min: 2659
	F23_('SW21', 'SW11')_t5_max: 23191
	F1_('SW22', 'CMRIU2')_t5_min: 25184
	F20_('SW31', 'SW41')_tb: 21614
	F27_('SBAND2', 'SW12')_t5_max: 1358
	F20_('RCM1', 'SW31')_t4_min: 21593
	F6_('SW32', 'RCM2')_t3_max: 56599
	F4_('FCM2', 'SW32')_t4_max: 1173
	F48_('SW31', 'SW21')_t5_min: 14968
	F45_('SW21', 'SW31')_t5_min: 8237
	F42_('RCM1', 'SW31')_t4_max: 57494
	F41_('SW22', 'SW32')_t5_min: 394
	F28_('SW11', 'DU2')_t5_min: 817
	F22_('RCM2', 'SW32')_tb: 1
	F42_('SW31', 'SW41')_t5_min: 57722
	F21_('SW32', 'SW22')_t5_min: 3092
	('SW12', 'SBAND2')_gcl_length: 0
	F10_('SW21', 'SW31')_tb: 45588
	F22_('RCM2', 'SW32')_t5_max: 84
	F10_('SBAND2', 'SW12')_t4_max: 45536
	F25_('SW22', 'CMRIU2')_t5_max: 13386
	F6_('SW32', 'RCM2')_t4_max: 56723
	F30_('SW12', 'SBAND2')_t5_max: 3953
	F45_('DU5', 'SW14')_t3_min: 8119
	F48_('SW31', 'SW21')_t3_max: 14861
	F49_('SW31', 'SW21')_t3_min: 2576
	F28_('SW13', 'SW21')_t5_min: 769
	F13_('MIMU1', 'SW13')_t5_min: 14536
	F2_('SW13', 'StarTr1')_t4_max: 495
	F8_('SW14', 'SW21')_t5_min: 7619
	F39_('SW11', 'SW22')_t5_max: 115747
	F10_('SW51', 'SM1CB')_t5_min: 45670
	('SW32', 'RCM2')_gcl_length: 0
	('SW31', 'SW8')_gcl_length: 0
	F1_('SW21', 'SW11')_t5_max: 25093
	('SW31', 'SW21')_gcl_length: 34
	F11_('SW31', 'SW21')_tb: 5973
	F37_('SW31', 'SW8')_t5_min: 1010
	F34_('LCM1', 'SW31')_t3_min: 726
	F48_('SW11', 'DU2')_t5_max: 15583
	F36_('SBAND1', 'SW12')_t5_min: 1373
	F30_('SW51', 'SW41')_t3_min: 3112
	F9_('SW8', 'SW51')_t3_min: 16247
	F0_('FCM2', 'SW32')_t5_max: 7370
	F10_('SW31', 'SW41')_t3_min: 45609
	F0_('SW32', 'SW8')_tb: 7377
	F44_('SW13', 'SW21')_t3_min: 103
	F39_('DU2', 'SW11')_t3_min: 115508
	F48_('SW11', 'DU2')_t5_min: 15196
	F3_('SW11', 'DU3')_t4_max: 7660
	F37_('SW31', 'SW8')_t5_max: 1139
	F42_('SW51', 'SM1CA')_t3_max: 58102
	F33_('SW21', 'SW31')_t5_max: 14106
	F3_('SW11', 'DU3')_t3_min: 7402
	F17_('SW31', 'SW21')_t3_min: 422
	F3_('SW31', 'SW21')_t5_min: 7339
	F40_('SW22', 'SW13')_t5_max: 47590
	F0_('SW51', 'SM1CA')_t5_max: 7879
	F38_('SW31', 'SW21')_t5_max: 491
	F2_('DU4', 'SW14')_t4_max: 1
	F12_('SW31', 'SW21')_t5_max: 568
	F36_('SW21', 'SW13')_tb: 1686
	F0_('SW8', 'SW51')_t3_min: 7459
	F10_('SBAND2', 'SW12')_tb: 45536
	('SW31', 'SW41')_gcl_length: 10
	F0_('FCM2', 'SW32')_tb: 7290
	F38_('SW13', 'StarTr1')_t3_min: 571
	F32_('CMRIU1', 'SW21')_t5_max: 55979
	F18_('SW31', 'SW41')_t5_max: 6186
	F28_('SW21', 'SW11')_t3_min: 771
	F47_('SM2CA', 'SW52')_t5_max: 14389
	F28_('SW21', 'SW11')_t3_max: 776
	F25_('SW22', 'CMRIU2')_t4_max: 13362
	F7_('SW13', 'SW21')_t5_min: 1783
	F26_('SW41', 'CM1CB')_t5_min: 1513
	F25_('SW21', 'SW11')_t5_min: 12947
	F15_('SW31', 'RCM1')_t3_min: 898
	F27_('SW22', 'CMRIU2')_t4_max: 1516
	F15_('MIMU2', 'SW13')_t4_min: 706
	F1_('SW22', 'CMRIU2')_tb: 25143
	F16_('SW21', 'SW12')_tb: 30978
	F31_('SW13', 'MIMU2')_t5_min: 48340
	('SW14', 'DU5')_gcl_length: 0
	F38_('SW6', 'SW31')_tb: 406
	F17_('SW41', 'SW31')_t5_max: 420
	F33_('StarTr2', 'SW13')_tb: 13941
	F22_('SW6', 'SW31')_t5_max: 388
	F30_('SW21', 'SW12')_t3_max: 3622
	F9_('SW51', 'SM1CB')_t5_max: 16737
	F30_('SW41', 'SW31')_t3_min: 3280
	F48_('SM2CA', 'SW52')_t5_max: 14370
	F40_('SW13', 'MIMU3')_t3_max: 47597
	F10_('SW41', 'SW51')_t5_min: 45649
	F35_('SW32', 'RCM2')_tb: 3750
	F17_('SW51', 'SW41')_tb: 375
	F48_('SW31', 'SW21')_t5_max: 15097
	F18_('MIMU1', 'SW13')_t4_max: 5420
	F16_('LCM1', 'SW31')_t4_min: 30814
	F18_('SW13', 'SW21')_t5_max: 5738
	F46_('SW13', 'StarTr2')_t5_min: 4364
	F17_('SM1CA', 'SW51')_t3_min: 226
	F17_('SM1CA', 'SW51')_t4_max: 226
	('SM2CA', 'SW52')_gcl_length: 0
	F36_('SW13', 'MIMU3')_t5_max: 1923
	F5_('SW22', 'SW14')_t5_min: 237
	F4_('SW22', 'CMRIU2')_t3_max: 1542
	F15_('SW31', 'RCM1')_t3_max: 1161
	('SW13', 'MIMU1')_gcl_length: 0
	('SW11', 'DU1')_gcl_length: 0
	F45_('DU5', 'SW14')_tb: 8119
	F45_('SW31', 'SW41')_t3_max: 8502
	F6_('SW32', 'RCM2')_t5_min: 56579
	F49_('SW21', 'SW13')_t5_max: 3002
	F37_('SW52', 'SM2CA')_t3_min: 1089
	F31_('SW22', 'SW13')_t5_min: 48280
	F17_('SW13', 'StarTr2')_t5_max: 642
	F1_('SW22', 'CMRIU2')_t4_max: 25272
	F6_('SW6', 'SW32')_t3_min: 56349
	F18_('SW21', 'SW31')_t5_min: 5962
	F18_('SW51', 'SM1CA')_tb: 6412
	F29_('CMRIU2', 'SW22')_t4_max: 221
	F35_('SW22', 'SW32')_tb: 3628
	F16_('SW31', 'SW21')_tb: 30896
	F22_('SW32', 'SW6')_t3_min: 86
	F47_('SW42', 'SW32')_t3_max: 14545
	('SW52', 'SW42')_gcl_length: 0
	F36_('SBAND1', 'SW12')_tb: 1320
	F21_('SW42', 'SW32')_t5_min: 2846
	F4_('FCM2', 'SW32')_t5_min: 1289
	F5_('BFCU', 'SW22')_t4_min: 1
	F43_('SM1CA', 'SW51')_t5_min: 16055
	F29_('SW12', 'SBAND2')_t5_min: 576
	F0_('SW8', 'SW51')_t5_min: 7539
	F38_('SW13', 'StarTr1')_t3_max: 576
	F25_('SW11', 'SW22')_t5_min: 12973
	F45_('DU5', 'SW14')_t4_max: 8119
	F46_('MIMU2', 'SW13')_t3_min: 4244
	F34_('LCM1', 'SW31')_t5_min: 787
	F11_('SW13', 'MIMU1')_tb: 6191
	F1_('CMRIU1', 'SW21')_t3_min: 24880
	F16_('SW21', 'SW12')_t5_min: 31058
	F38_('SMRIU1', 'SW6')_t4_min: 348
	F21_('SW22', 'SW13')_tb: 3099
	F7_('SW13', 'SW21')_tb: 1744
	('SW14', 'SW22')_gcl_length: 2
	F41_('SW14', 'SW22')_t3_min: 180
	F18_('SW41', 'SW51')_t5_min: 6410
	F45_('SW21', 'SW31')_t5_max: 8495
	F14_('SMRIU1', 'SW6')_tb: 198
	F42_('SW31', 'SW41')_t5_max: 57851
	F41_('SW52', 'SM2CA')_t4_max: 987
	F41_('SW22', 'SW32')_t5_max: 394
	F11_('RCM1', 'SW31')_t4_min: 5864
	F3_('SW21', 'SW11')_t3_min: 7341
	F40_('SW13', 'MIMU3')_t5_min: 47482
	F4_('SW32', 'SW22')_t5_max: 1535
	F0_('SW32', 'SW8')_t5_max: 7457
	F27_('SW22', 'CMRIU2')_t3_max: 1392
	F33_('SW21', 'SW31')_t3_max: 14097
	F28_('SW21', 'SW11')_t5_min: 793
	F32_('SW13', 'MIMU1')_t4_max: 56290
	('SW42', 'SW52')_gcl_length: 2
	F44_('SW11', 'DU2')_tb: 307
	F15_('SW13', 'SW21')_t5_max: 961
	F25_('SW11', 'SW22')_t3_max: 13083
	F7_('MIMU1', 'SW13')_t5_min: 1737
	F37_('FCM1', 'SW31')_tb: 858
	F18_('SW41', 'SW51')_tb: 6316
	F47_('SW42', 'SW32')_tb: 14411
	F39_('DU2', 'SW11')_t5_max: 115624
	F39_('SW32', 'SW42')_t5_min: 115983
	F37_('SW8', 'SW52')_t5_max: 1345
	F35_('SW22', 'SW32')_t5_min: 3748
	F41_('SW42', 'SW52')_t3_min: 627
	F14_('SMRIU1', 'SW6')_t4_min: 198
	F16_('SW12', 'SBAND2')_t5_max: 31527
	F4_('SW22', 'CMRIU2')_t5_min: 1653
	F44_('MIMU2', 'SW13')_tb: 1
	F36_('SW12', 'SW21')_tb: 1503
	F16_('LCM1', 'SW31')_tb: 30814
	F40_('BFCU', 'SW22')_t5_max: 47440
	F13_('MIMU1', 'SW13')_t4_max: 14458
	F28_('StarTr1', 'SW13')_t5_max: 617
	F43_('SW8', 'SW32')_tb: 16376
	F48_('SW21', 'SW11')_t5_min: 15082
	F3_('SW31', 'SW21')_tb: 7280
	F34_('SW31', 'SW21')_tb: 794
	F0_('SW32', 'SW8')_t3_min: 7372
	('SBAND2', 'SW12')_gcl_length: 0
	F32_('SW21', 'SW13')_t3_min: 55981
	F25_('SW21', 'SW11')_t5_max: 13076
	F16_('SW21', 'SW12')_t3_max: 31112
	F6_('SMRIU1', 'SW6')_t5_max: 56347
	F21_('SW42', 'SW32')_t5_max: 2846
	F49_('SW21', 'SW13')_t3_max: 2795
	F31_('CMRIU2', 'SW22')_t4_min: 48162
	('SW51', 'SW8')_gcl_length: 2
	F46_('MIMU2', 'SW13')_tb: 4244
	F30_('SW21', 'SW12')_t3_min: 3488
	F29_('SW22', 'SW12')_t3_min: 340
	F8_('DU5', 'SW14')_tb: 6922
	F26_('LCM1', 'SW31')_t4_max: 1413
	F44_('SW21', 'SW11')_t5_max: 563
	F41_('SW52', 'SM2CA')_t3_min: 858
	F26_('SW41', 'CM1CB')_t3_max: 1615
	F13_('MIMU1', 'SW13')_t5_max: 14536
	F17_('SM1CA', 'SW51')_t4_min: 226
	F7_('MIMU1', 'SW13')_t5_max: 1737
	F10_('SW51', 'SM1CB')_t5_max: 46057
	F2_('SW13', 'StarTr1')_tb: 237
	F35_('SW22', 'SW32')_t5_max: 3748
	F47_('SW52', 'SW42')_t5_min: 14409
	F21_('SW32', 'SW22')_t3_min: 2848
	F17_('SM1CA', 'SW51')_t5_max: 245
	F48_('SW52', 'SW8')_t5_min: 14612
	F44_('SW21', 'SW11')_t3_min: 205
	F7_('SW21', 'SW12')_tb: 1785
	F21_('SW13', 'MIMU3')_t3_max: 3222
	F45_('SW41', 'CM1CA')_tb: 8279
	F21_('SW13', 'MIMU3')_t5_max: 3462
	F7_('SW12', 'SBAND1')_t5_max: 1999
	('BFCU', 'SW22')_gcl_length: 0
	('SW13', 'StarTr1')_gcl_length: 0
	F43_('SW32', 'LCM2')_tb: 16439
	F23_('SW21', 'SW11')_t3_max: 22989
	F24_('SW31', 'LCM1')_tb: 25634
	F0_('SW8', 'SW51')_tb: 7459
	F18_('MIMU1', 'SW13')_t5_min: 5514
	F38_('SMRIU1', 'SW6')_t5_max: 387
	F42_('RCM1', 'SW31')_t4_min: 57494
	F39_('DU2', 'SW11')_t4_max: 115508
	F33_('StarTr2', 'SW13')_t5_max: 13950
	F21_('SW42', 'SW32')_t3_min: 2688
	F12_('LCM1', 'SW31')_t5_min: 490
	F6_('SMRIU1', 'SW6')_tb: 56233
	F48_('SW8', 'SW31')_t5_max: 14854
	F48_('SW21', 'SW11')_t3_min: 14970
	F45_('DU5', 'SW14')_t5_min: 8157
	F27_('SW12', 'SW22')_t3_min: 1360
	F43_('SW32', 'LCM2')_t4_max: 16568
	F28_('SW13', 'SW21')_t5_max: 769
	F47_('SM2CA', 'SW52')_t3_min: 14371
	F49_('LCM1', 'SW31')_t4_min: 2491
	F30_('SW41', 'SW31')_t5_max: 3446
	F30_('SW41', 'SW31')_t3_max: 3285
	F10_('SW41', 'SW51')_t5_max: 45907
	F1_('SW11', 'SW22')_t5_min: 25141
	F22_('SW6', 'SW31')_t3_min: 176
	F41_('SW14', 'SW22')_t5_max: 286
	F1_('SW22', 'CMRIU2')_t3_max: 25148
	F28_('StarTr1', 'SW13')_t4_max: 595
	F5_('SW14', 'DU5')_t5_max: 614
	F39_('SW42', 'CM2CB')_tb: 115985
	F21_('CM2CA', 'SW42')_tb: 2570
	F44_('SW11', 'DU2')_t3_min: 307
	F19_('SW31', 'LCM1')_t4_max: 254
	F41_('DU4', 'SW14')_t5_max: 178
	F1_('CMRIU1', 'SW21')_t5_min: 24921
	F10_('SW41', 'SW51')_t3_max: 45764
	F2_('SW14', 'SW21')_t5_min: 158
	F21_('CM2CA', 'SW42')_t4_min: 2570
	('DU4', 'SW14')_gcl_length: 0
	('SW41', 'SW31')_gcl_length: 6
	F48_('SW8', 'SW31')_t3_max: 14619
	F8_('SW11', 'DU1')_tb: 7682
	F32_('CMRIU1', 'SW21')_t4_min: 55930
	F25_('SW22', 'CMRIU2')_t3_min: 12975
	F8_('SW11', 'DU1')_t3_min: 7682
	F27_('SBAND2', 'SW12')_t5_min: 1358
	F27_('SW12', 'SW22')_t5_max: 1385
	('SW32', 'LCM2')_gcl_length: 0
	F3_('FCM1', 'SW31')_t4_min: 7091
	F15_('SW21', 'SW31')_t3_min: 834
	F43_('SW8', 'SW32')_t5_max: 16437
	('SW21', 'SW12')_gcl_length: 0
	F10_('SW41', 'SW51')_tb: 45630
	F11_('SW31', 'SW21')_t3_min: 5973
	F39_('DU2', 'SW11')_tb: 115508
	F31_('CMRIU2', 'SW22')_t5_min: 48220
	F30_('SM1CB', 'SW51')_t3_min: 3072
	F8_('SW11', 'DU1')_t5_max: 7999
	F23_('SW14', 'SW21')_t5_max: 22982
	('SW8', 'SW31')_gcl_length: 2
	F2_('DU4', 'SW14')_t4_min: 1
	F10_('SW31', 'SW41')_tb: 45609
	F45_('SW31', 'SW41')_tb: 8239
	F17_('SW51', 'SW41')_t5_max: 394
	F9_('RCM2', 'SW32')_t5_max: 16000
	F47_('SM2CA', 'SW52')_t4_max: 14371
	F21_('SW13', 'MIMU3')_t5_min: 3333
	F2_('SW13', 'StarTr1')_t3_min: 237
	F20_('SW31', 'SW41')_t5_min: 21628
	F11_('SW31', 'SW21')_t5_min: 6080
	F13_('SW13', 'MIMU3')_t4_max: 14667
	F0_('SW51', 'SM1CA')_tb: 7541
	F34_('SW21', 'CMRIU1')_t3_min: 857
	F14_('SMRIU1', 'SW6')_t5_min: 232
	F25_('SW11', 'SW22')_t5_max: 13231
	F41_('SW22', 'SW32')_t3_min: 288
	F39_('SW11', 'SW22')_t5_min: 115747
	F23_('SW21', 'SW11')_t3_min: 22855
	F39_('DU2', 'SW11')_t4_min: 115508
	F32_('SW21', 'SW13')_tb: 55981
	F15_('SW13', 'SW21')_t5_min: 832
	F16_('SW12', 'SBAND2')_t3_max: 31323
	F36_('SW21', 'SW13')_t3_max: 1563
	F17_('SW41', 'SW31')_t3_max: 401
	F30_('SM1CB', 'SW51')_tb: 3072
	F14_('SW32', 'LCM2')_t5_min: 309
	F23_('SW11', 'DU3')_tb: 23193
	F10_('SW51', 'SM1CB')_t3_max: 45914
	F48_('SW8', 'SW31')_t5_min: 14854
	F25_('SW22', 'CMRIU2')_t5_min: 12999
	F22_('SW31', 'RCM1')_t3_max: 395
	F3_('SW11', 'DU3')_t3_max: 7536
	F9_('SW51', 'SM1CB')_t4_max: 16622
	F9_('SW8', 'SW51')_tb: 16247
	F42_('SW41', 'SW51')_tb: 57724
	F23_('SW11', 'DU3')_t5_max: 23401
	F12_('SW21', 'SW13')_t5_max: 597
	F41_('SW22', 'SW32')_t3_max: 293
	('SW41', 'CM1CB')_gcl_length: 0
	F39_('SW42', 'CM2CB')_t3_max: 116248
	F46_('MIMU2', 'SW13')_t4_max: 4244
	F20_('SW41', 'SW51')_t5_min: 21644
	F48_('SW52', 'SW8')_t3_min: 14372
	F8_('SW11', 'DU1')_t5_min: 7741
	F29_('CMRIU2', 'SW22')_t5_min: 338
	F3_('SW21', 'SW11')_tb: 7341
	('StarTr1', 'SW13')_gcl_length: 0
	F41_('SW52', 'SM2CA')_t5_max: 1088
	F15_('MIMU2', 'SW13')_t4_max: 706
	F0_('SW51', 'SM1CA')_t4_max: 7799
	F8_('DU5', 'SW14')_t5_min: 6981
	F39_('SW22', 'SW32')_tb: 115749
	F16_('SW21', 'SW12')_t3_min: 30978
	F2_('SW13', 'StarTr1')_t5_min: 312
	F26_('LCM1', 'SW31')_t5_max: 1445
	F19_('RCM1', 'SW31')_t5_max: 123
	F41_('SW32', 'SW42')_t5_min: 625
	F34_('SW21', 'CMRIU1')_tb: 857
	F29_('SW12', 'SBAND2')_t5_max: 834
	F44_('SW13', 'SW21')_t5_max: 332
	F35_('SW22', 'SW32')_t3_max: 3628
	F26_('SW31', 'SW41')_t3_min: 1447
	F20_('SW51', 'SM1CA')_t5_max: 21918
	F36_('SW21', 'SW13')_t5_max: 1739
	F17_('SW51', 'SW41')_t5_min: 394
	F32_('SW13', 'MIMU1')_t5_min: 56081
	F14_('SW32', 'LCM2')_tb: 275
	F15_('SW31', 'RCM1')_t5_min: 960
	('SW51', 'SW41')_gcl_length: 6
	F32_('CMRIU1', 'SW21')_tb: 55930
	F31_('CMRIU2', 'SW22')_tb: 48162
	F30_('SW21', 'SW12')_t5_min: 3526
	F49_('LCM1', 'SW31')_t5_min: 2574
	F32_('SW13', 'MIMU1')_t3_max: 56166
	F45_('SW41', 'CM1CA')_t5_max: 8833
	F30_('SW31', 'SW21')_t3_max: 3453
	F12_('SW21', 'SW13')_t5_min: 597
	F42_('SW41', 'SW51')_t5_min: 57837
	F39_('DU2', 'SW11')_t5_min: 115624
	('SW31', 'RCM1')_gcl_length: 0
	F18_('MIMU1', 'SW13')_t3_min: 5420
	F9_('SW32', 'SW8')_t5_min: 16245
	F8_('DU5', 'SW14')_t4_min: 6922
	F12_('SW13', 'MIMU2')_t5_max: 750
	F23_('DU5', 'SW14')_t4_min: 22693
	F43_('SW51', 'SW8')_t3_min: 16057
	F6_('SMRIU1', 'SW6')_t5_min: 56347
	F34_('LCM1', 'SW31')_t4_min: 726
	('SW14', 'SW21')_gcl_length: 6
	F28_('SW21', 'SW11')_tb: 771
	F14_('SW32', 'LCM2')_t5_max: 438
	F38_('SW13', 'StarTr1')_t5_min: 610
	F10_('SW12', 'SW21')_t5_max: 45581
	F49_('SW13', 'MIMU3')_t3_min: 2746
	F24_('RCM1', 'SW31')_t4_max: 25608
	F16_('SW12', 'SBAND2')_t3_min: 31060
	F20_('SW51', 'SM1CA')_t5_min: 21660
	F38_('SMRIU1', 'SW6')_t4_max: 348
	F10_('SW31', 'SW41')_t5_max: 45757
	F28_('SW21', 'SW11')_t5_max: 922
	F41_('SW52', 'SM2CA')_tb: 858
	F11_('SW21', 'SW13')_tb: 6082
	F46_('SW13', 'StarTr2')_t3_min: 4305
	F15_('MIMU2', 'SW13')_t5_min: 768
	F2_('SW14', 'SW21')_t5_max: 158
	F37_('FCM1', 'SW31')_t5_min: 933
	F17_('SW31', 'SW21')_t5_max: 446
	F41_('DU4', 'SW14')_tb: 77
	F30_('SM1CB', 'SW51')_t5_max: 3110
	F21_('SW22', 'SW13')_t5_max: 3215
	F24_('RCM1', 'SW31')_t4_min: 25608
	F47_('SW32', 'FCM2')_t4_max: 14818
	F30_('SW31', 'SW21')_tb: 3448
	F2_('DU4', 'SW14')_t5_max: 76
	F12_('LCM1', 'SW31')_tb: 468
	F40_('SW13', 'MIMU3')_tb: 47463
	F48_('SM2CA', 'SW52')_t5_min: 14370
	F2_('SW14', 'SW21')_t3_min: 78
	F33_('SW31', 'RCM1')_tb: 14108
	('SM1CA', 'SW51')_gcl_length: 0
	F10_('SW51', 'SM1CB')_t3_min: 45651
	F4_('FCM2', 'SW32')_t4_min: 1173
	F23_('DU5', 'SW14')_t5_min: 22772
	F27_('SW22', 'CMRIU2')_t5_min: 1407
	F43_('SM1CA', 'SW51')_tb: 15994
	F26_('SW31', 'SW41')_tb: 1447
	F35_('SW32', 'RCM2')_t4_max: 3879
	F11_('SW21', 'SW13')_t5_min: 6189
	F12_('LCM1', 'SW31')_t4_max: 468
	F43_('SW51', 'SW8')_t5_min: 16246
	F17_('SM1CA', 'SW51')_tb: 226
	F14_('SW6', 'SW32')_t3_min: 234
	F35_('SBAND1', 'SW12')_t5_max: 3494
	F19_('SW31', 'LCM1')_t5_min: 247
	F21_('CM2CA', 'SW42')_t5_max: 2686
	F34_('SW31', 'SW21')_t3_min: 789
	F10_('SW21', 'SW31')_t3_min: 45583
	('SW21', 'SW11')_gcl_length: 2
	F24_('RCM1', 'SW31')_t5_min: 25632
	('CM2CA', 'SW42')_gcl_length: 0
	F48_('SW11', 'DU2')_t3_max: 15347
	F25_('CMRIU1', 'SW21')_t4_max: 12897
	F4_('FCM2', 'SW32')_t3_min: 1173
	F43_('SM1CA', 'SW51')_t5_max: 16055
	F6_('SW32', 'RCM2')_t3_min: 56465
	F37_('FCM1', 'SW31')_t4_min: 858
	F7_('SW12', 'SBAND1')_t3_min: 1826
	F48_('SW21', 'SW11')_t5_max: 15340
	F39_('SW32', 'SW42')_tb: 115867
	F31_('SW22', 'SW13')_t5_max: 48409
	F20_('RCM1', 'SW31')_tb: 21593
	F23_('DU5', 'SW14')_tb: 22693
	F42_('SW51', 'SM1CA')_t3_min: 57839
	F17_('SW13', 'StarTr2')_t4_max: 623
	F0_('SW8', 'SW51')_t3_max: 7464
	F36_('SW21', 'SW13')_t5_min: 1739
	F33_('SW31', 'RCM1')_t4_max: 14237
	F41_('SW14', 'SW22')_tb: 185
	F35_('SBAND1', 'SW12')_tb: 3374
	F19_('RCM1', 'SW31')_tb: 1
	F16_('LCM1', 'SW31')_t5_min: 30894
	F37_('SW52', 'SM2CA')_t5_max: 1551
	F5_('SW22', 'SW14')_t3_min: 120
	F25_('CMRIU1', 'SW21')_t5_min: 12921
	F35_('SW32', 'RCM2')_t3_min: 3750
	F13_('MIMU1', 'SW13')_tb: 14458
	F42_('SW51', 'SM1CA')_t5_min: 57952
	F3_('SW11', 'DU3')_tb: 7402
	F33_('StarTr2', 'SW13')_t3_min: 13941
	('DU5', 'SW14')_gcl_length: 0
	F23_('SW14', 'SW21')_t5_min: 22853
	F30_('SW12', 'SBAND2')_tb: 3528
	F3_('FCM1', 'SW31')_t4_max: 7091
	F15_('SW13', 'SW21')_t3_min: 770
	F30_('SW12', 'SBAND2')_t4_max: 3915
	F17_('SW41', 'SW31')_t3_min: 396
	F12_('SW13', 'MIMU2')_t3_min: 599
	F35_('SW12', 'SW22')_t3_min: 3496
	F45_('SW14', 'SW21')_t5_min: 8197
	F47_('SW42', 'SW32')_t5_max: 14687
	('RCM2', 'SW32')_gcl_length: 0
	F9_('SW8', 'SW51')_t3_max: 16252
	F30_('SW31', 'SW21')_t3_min: 3448
	F20_('SW51', 'SM1CA')_t3_min: 21646
	('SW8', 'SW52')_gcl_length: 0
	('SW21', 'CMRIU1')_gcl_length: 0
	F29_('CMRIU2', 'SW22')_t4_min: 221
	F11_('SW13', 'MIMU1')_t5_min: 6298
	F33_('SW21', 'SW31')_t3_min: 13963
	F27_('SW12', 'SW22')_t5_min: 1385
	F45_('SW41', 'CM1CA')_t3_min: 8279
	F24_('SW31', 'LCM1')_t5_max: 25787
	F19_('SW31', 'LCM1')_t5_max: 376
	F15_('MIMU2', 'SW13')_t5_max: 768
	F21_('SW32', 'SW22')_t5_max: 3092
	F12_('SW21', 'SW13')_t3_min: 570
	F9_('RCM2', 'SW32')_t4_min: 15885
	F2_('SW13', 'StarTr1')_t3_max: 371
	('SW32', 'SW8')_gcl_length: 6
	F8_('DU5', 'SW14')_t4_max: 6922
	F44_('MIMU2', 'SW13')_t5_max: 101
	F18_('SW41', 'SW51')_t5_max: 6410
	F9_('RCM2', 'SW32')_t4_max: 15885
