0. Flow F0 [LCM2-->FCM2] with period 8000, payload 780B, e2e delay 8000us, jitter 800us
	('LCM2', 'SW32'), Operation(6077, None, 6140)(6077, 6077)
	('SW32', 'FCM2'), Operation(6142, None, 6334)(6142, 6271)
1. Flow F1 [SMRIU1-->RCM2] with period 2000, payload 363B, e2e delay 2000us, jitter 200us
	('SMRIU1', 'SW6'), Operation(1415, None, 1445)(1415, 1415)
	('SW6', 'SW32'), Operation(1447, None, 1606)(1447, 1576)
	('SW32', 'RCM2'), Operation(1479, 1613, 1643)(1613, 1613)
2. Flow F2 [RCM1-->SM1CA] with period 64000, payload 907B, e2e delay 64000us, jitter 6400us
	('RCM1', 'SW31'), Operation(61830, None, 61903)(61830, 61830)
	('SW31', 'SW41'), Operation(61905, None, 62107)(61905, 62034)
	('SW41', 'SW51'), Operation(61980, None, 62311)(61980, 62238)
	('SW51', 'SM1CA'), Operation(62055, None, 62515)(62055, 62442)
3. Flow F3 [MIMU2-->RCM1] with period 64000, payload 929B, e2e delay 64000us, jitter 6400us
	('MIMU2', 'SW13'), Operation(48916, None, 48991)(48916, 48916)
	('SW13', 'SW21'), Operation(48993, None, 49197)(48993, 49122)
	('SW21', 'SW31'), Operation(49070, None, 49403)(49070, 49328)
	('SW31', 'RCM1'), Operation(49147, None, 49609)(49147, 49534)
4. Flow F4 [StarTr1-->MIMU1] with period 16000, payload 658B, e2e delay 16000us, jitter 1600us
	('StarTr1', 'SW13'), Operation(12753, None, 12806)(12753, 12753)
	('SW13', 'MIMU1'), Operation(12808, None, 12990)(12808, 12937)
5. Flow F5 [BFCU-->DU1] with period 64000, payload 854B, e2e delay 64000us, jitter 6400us
	('BFCU', 'SW22'), Operation(62792, None, 62861)(62792, 62792)
	('SW22', 'SW11'), Operation(62863, None, 63061)(62863, 62992)
	('SW11', 'DU1'), Operation(62934, None, 63261)(62934, 63192)
6. Flow F6 [CM2CB-->DU4] with period 128000, payload 373B, e2e delay 128000us, jitter 12800us
	('CM2CB', 'SW42'), Operation(121805, None, 121835)(121805, 121805)
	('SW42', 'SW32'), Operation(121837, 121842, 121872)(121842, 121842)
	('SW32', 'SW22'), Operation(121874, 121879, 121909)(121879, 121879)
	('SW22', 'SW14'), Operation(121911, None, 122070)(121911, 122040)
	('SW14', 'DU4'), Operation(121943, None, 122231)(121943, 122201)
7. Flow F7 [SM2CB-->MIMU1] with period 64000, payload 824B, e2e delay 64000us, jitter 6400us
	('SM2CB', 'SW52'), Operation(60636, None, 60702)(60636, 60636)
	('SW52', 'SW42'), Operation(60704, 60709, 60775)(60709, 60709)
	('SW42', 'SW32'), Operation(60777, 60782, 60848)(60782, 60782)
	('SW32', 'SW22'), Operation(60850, 60855, 60921)(60855, 60855)
	('SW22', 'SW13'), Operation(60923, None, 61118)(60923, 61052)
	('SW13', 'MIMU1'), Operation(60991, None, 61315)(60991, 61249)
8. Flow F8 [FCM2-->DU5] with period 128000, payload 1412B, e2e delay 128000us, jitter 12800us
	('FCM2', 'SW32'), Operation(121557, None, 121670)(121557, 121557)
	('SW32', 'SW22'), Operation(121672, 121677, 121790)(121677, 121677)
	('SW22', 'SW14'), Operation(121792, 121797, 121910)(121797, 121797)
	('SW14', 'DU5'), Operation(121912, None, 122154)(121912, 122041)
9. Flow F9 [SM2CA-->RCM2] with period 64000, payload 805B, e2e delay 64000us, jitter 6400us
	('SM2CA', 'SW52'), Operation(42643, None, 42708)(42643, 42643)
	('SW52', 'SW42'), Operation(42710, None, 42904)(42710, 42839)
	('SW42', 'SW32'), Operation(42777, None, 43100)(42777, 43035)
	('SW32', 'RCM2'), Operation(42844, 43107, 43172)(43107, 43107)
10. Flow F10 [CM2CB-->MIMU2] with period 64000, payload 952B, e2e delay 64000us, jitter 6400us
	('CM2CB', 'SW42'), Operation(60410, None, 60487)(60410, 60410)
	('SW42', 'SW32'), Operation(60489, 60494, 60571)(60494, 60494)
	('SW32', 'SW22'), Operation(60573, None, 60779)(60573, 60702)
	('SW22', 'SW13'), Operation(60652, 60786, 60863)(60786, 60786)
	('SW13', 'MIMU2'), Operation(60865, None, 61071)(60865, 60994)
11. Flow F11 [RCM2-->MIMU2] with period 2000, payload 726B, e2e delay 2000us, jitter 200us
	('RCM2', 'SW32'), Operation(997, None, 1056)(997, 997)
	('SW32', 'SW22'), Operation(1058, None, 1246)(1058, 1187)
	('SW22', 'SW13'), Operation(1119, 1253, 1312)(1253, 1253)
	('SW13', 'MIMU2'), Operation(1314, None, 1502)(1314, 1443)
12. Flow F12 [SM2CA-->DU2] with period 16000, payload 227B, e2e delay 16000us, jitter 1600us
	('SM2CA', 'SW52'), Operation(15726, None, 15745)(15726, 15726)
	('SW52', 'SW8'), Operation(15747, 15752, 15771)(15752, 15752)
	('SW8', 'SW31'), Operation(15773, 15778, 15797)(15778, 15778)
	('SW31', 'SW21'), Operation(15799, 15804, 15823)(15804, 15804)
	('SW21', 'SW11'), Operation(15825, 15830, 15849)(15830, 15830)
	('SW11', 'DU2'), Operation(15851, None, 15999)(15851, 15980)
13. Flow F13 [RCM2-->LCM2] with period 8000, payload 1199B, e2e delay 8000us, jitter 800us
	('RCM2', 'SW32'), Operation(7057, None, 7153)(7057, 7057)
	('SW32', 'LCM2'), Operation(7155, None, 7380)(7155, 7284)
14. Flow F14 [CM2CB-->StarTr2] with period 32000, payload 799B, e2e delay 32000us, jitter 3200us
	('CM2CB', 'SW42'), Operation(30151, None, 30215)(30151, 30151)
	('SW42', 'SW32'), Operation(30217, None, 30410)(30217, 30346)
	('SW32', 'SW22'), Operation(30283, None, 30605)(30283, 30541)
	('SW22', 'SW13'), Operation(30349, None, 30800)(30349, 30736)
	('SW13', 'StarTr2'), Operation(30415, None, 30995)(30415, 30931)
15. Flow F15 [CMRIU1-->CM1CA] with period 128000, payload 435B, e2e delay 128000us, jitter 12800us
	('CMRIU1', 'SW21'), Operation(125031, None, 125066)(125031, 125031)
	('SW21', 'SW31'), Operation(125068, 125073, 125108)(125073, 125073)
	('SW31', 'SW41'), Operation(125110, None, 125274)(125110, 125239)
	('SW41', 'CM1CA'), Operation(125147, None, 125440)(125147, 125405)
16. Flow F16 [BFCU-->RCM2] with period 32000, payload 593B, e2e delay 32000us, jitter 3200us
	('BFCU', 'SW22'), Operation(31072, None, 31120)(31072, 31072)
	('SW22', 'SW32'), Operation(31122, None, 31299)(31122, 31251)
	('SW32', 'RCM2'), Operation(31172, None, 31478)(31172, 31430)
17. Flow F17 [DU4-->MIMU1] with period 32000, payload 861B, e2e delay 32000us, jitter 3200us
	('DU4', 'SW14'), Operation(24253, None, 24322)(24253, 24253)
	('SW14', 'SW21'), Operation(24324, 24329, 24398)(24329, 24329)
	('SW21', 'SW13'), Operation(24400, None, 24598)(24400, 24529)
	('SW13', 'MIMU1'), Operation(24471, None, 24798)(24471, 24729)
18. Flow F18 [MIMU2-->CM2CB] with period 16000, payload 606B, e2e delay 16000us, jitter 1600us
	('MIMU2', 'SW13'), Operation(4063, None, 4112)(4063, 4063)
	('SW13', 'SW22'), Operation(4114, 4119, 4168)(4119, 4119)
	('SW22', 'SW32'), Operation(4170, 4175, 4224)(4175, 4175)
	('SW32', 'SW42'), Operation(4226, None, 4404)(4226, 4355)
	('SW42', 'CM2CB'), Operation(4277, None, 4584)(4277, 4535)
19. Flow F19 [CM1CB-->DU2] with period 4000, payload 1263B, e2e delay 4000us, jitter 400us
	('CM1CB', 'SW41'), Operation(2682, None, 2784)(2682, 2682)
	('SW41', 'SW31'), Operation(2786, 2791, 2893)(2791, 2791)
	('SW31', 'SW21'), Operation(2895, 2900, 3002)(2900, 2900)
	('SW21', 'SW11'), Operation(3004, 3009, 3111)(3009, 3009)
	('SW11', 'DU2'), Operation(3113, None, 3344)(3113, 3242)
20. Flow F20 [LCM2-->DU4] with period 2000, payload 933B, e2e delay 2000us, jitter 200us
	('LCM2', 'SW32'), Operation(1, None, 76)(1, 1)
	('SW32', 'SW22'), Operation(78, None, 282)(78, 207)
	('SW22', 'SW14'), Operation(155, None, 488)(155, 413)
	('SW14', 'DU4'), Operation(232, 495, 570)(495, 495)
21. Flow F21 [MIMU2-->SM1CB] with period 2000, payload 246B, e2e delay 2000us, jitter 200us
	('MIMU2', 'SW13'), Operation(42, None, 62)(42, 42)
	('SW13', 'SW21'), Operation(64, None, 213)(64, 193)
	('SW21', 'SW31'), Operation(86, None, 364)(86, 344)
	('SW31', 'SW41'), Operation(108, 371, 391)(371, 371)
	('SW41', 'SW51'), Operation(393, None, 542)(393, 522)
	('SW51', 'SM1CB'), Operation(415, 549, 569)(549, 549)
22. Flow F22 [MIMU2-->SM1CB] with period 64000, payload 435B, e2e delay 64000us, jitter 6400us
	('MIMU2', 'SW13'), Operation(58525, None, 58560)(58525, 58525)
	('SW13', 'SW21'), Operation(58562, None, 58726)(58562, 58691)
	('SW21', 'SW31'), Operation(58599, 58733, 58768)(58733, 58733)
	('SW31', 'SW41'), Operation(58770, None, 58934)(58770, 58899)
	('SW41', 'SW51'), Operation(58807, None, 59100)(58807, 59065)
	('SW51', 'SM1CB'), Operation(58844, None, 59266)(58844, 59231)
23. Flow F23 [SBAND1-->CM1CA] with period 8000, payload 105B, e2e delay 8000us, jitter 800us
	('SBAND1', 'SW12'), Operation(7344, None, 7353)(7344, 7344)
	('SW12', 'SW21'), Operation(7355, 7360, 7369)(7360, 7360)
	('SW21', 'SW31'), Operation(7371, 7376, 7385)(7376, 7376)
	('SW31', 'SW41'), Operation(7387, None, 7525)(7387, 7516)
	('SW41', 'CM1CA'), Operation(7398, None, 7665)(7398, 7656)
24. Flow F24 [SBAND2-->CM1CA] with period 32000, payload 104B, e2e delay 32000us, jitter 3200us
	('SBAND2', 'SW12'), Operation(23612, None, 23621)(23612, 23612)
	('SW12', 'SW21'), Operation(23623, 23628, 23637)(23628, 23628)
	('SW21', 'SW31'), Operation(23639, 23644, 23653)(23644, 23644)
	('SW31', 'SW41'), Operation(23655, None, 23793)(23655, 23784)
	('SW41', 'CM1CA'), Operation(23666, None, 23933)(23666, 23924)
25. Flow F25 [LCM1-->CMRIU1] with period 4000, payload 197B, e2e delay 4000us, jitter 400us
	('LCM1', 'SW31'), Operation(2391, None, 2407)(2391, 2391)
	('SW31', 'SW21'), Operation(2409, None, 2554)(2409, 2538)
	('SW21', 'CMRIU1'), Operation(2427, None, 2701)(2427, 2685)
26. Flow F26 [MIMU3-->SM2CA] with period 64000, payload 1477B, e2e delay 64000us, jitter 6400us
	('MIMU3', 'SW13'), Operation(61276, None, 61395)(61276, 61276)
	('SW13', 'SW22'), Operation(61397, 61402, 61521)(61402, 61402)
	('SW22', 'SW32'), Operation(61523, 61528, 61647)(61528, 61528)
	('SW32', 'SW42'), Operation(61649, 61654, 61773)(61654, 61654)
	('SW42', 'SW52'), Operation(61775, None, 62023)(61775, 61904)
	('SW52', 'SM2CA'), Operation(61896, 62030, 62149)(62030, 62030)
27. Flow F27 [MIMU3-->FCM1] with period 64000, payload 450B, e2e delay 64000us, jitter 6400us
	('MIMU3', 'SW13'), Operation(61033, None, 61069)(61033, 61033)
	('SW13', 'SW21'), Operation(61071, None, 61236)(61071, 61200)
	('SW21', 'SW31'), Operation(61109, None, 61403)(61109, 61367)
	('SW31', 'FCM1'), Operation(61147, None, 61570)(61147, 61534)
28. Flow F28 [StarTr1-->BFCU] with period 16000, payload 1082B, e2e delay 16000us, jitter 1600us
	('StarTr1', 'SW13'), Operation(15600, None, 15687)(15600, 15600)
	('SW13', 'SW22'), Operation(15689, None, 15905)(15689, 15818)
	('SW22', 'BFCU'), Operation(15778, 15912, 15999)(15912, 15912)
29. Flow F29 [LCM1-->SM1CB] with period 16000, payload 150B, e2e delay 16000us, jitter 1600us
	('LCM1', 'SW31'), Operation(6076, None, 6088)(6076, 6076)
	('SW31', 'SW41'), Operation(6090, 6095, 6107)(6095, 6095)
	('SW41', 'SW51'), Operation(6109, None, 6250)(6109, 6238)
	('SW51', 'SM1CB'), Operation(6123, None, 6393)(6123, 6381)
30. Flow F30 [FCM1-->SM2CB] with period 64000, payload 182B, e2e delay 64000us, jitter 6400us
	('FCM1', 'SW31'), Operation(1, None, 16)(1, 1)
	('SW31', 'SW8'), Operation(18, None, 162)(18, 147)
	('SW8', 'SW52'), Operation(35, None, 308)(35, 293)
	('SW52', 'SM2CB'), Operation(52, None, 454)(52, 439)
31. Flow F31 [DU5-->SBAND2] with period 2000, payload 124B, e2e delay 2000us, jitter 200us
	('DU5', 'SW14'), Operation(172, None, 182)(172, 172)
	('SW14', 'SW21'), Operation(184, None, 323)(184, 313)
	('SW21', 'SW12'), Operation(196, None, 464)(196, 454)
	('SW12', 'SBAND2'), Operation(208, 471, 481)(471, 471)
32. Flow F32 [MIMU2-->LCM1] with period 2000, payload 1264B, e2e delay 2000us, jitter 200us
	('MIMU2', 'SW13'), Operation(1441, None, 1543)(1441, 1441)
	('SW13', 'SW21'), Operation(1545, 1550, 1652)(1550, 1550)
	('SW21', 'SW31'), Operation(1654, 1659, 1761)(1659, 1659)
	('SW31', 'LCM1'), Operation(1763, None, 1994)(1763, 1892)
33. Flow F33 [DU1-->SM1CA] with period 8000, payload 1393B, e2e delay 8000us, jitter 800us
	('DU1', 'SW11'), Operation(6716, None, 6828)(6716, 6716)
	('SW11', 'SW21'), Operation(6830, 6835, 6947)(6835, 6835)
	('SW21', 'SW31'), Operation(6949, 6954, 7066)(6954, 6954)
	('SW31', 'SW41'), Operation(7068, 7073, 7185)(7073, 7073)
	('SW41', 'SW51'), Operation(7187, None, 7428)(7187, 7316)
	('SW51', 'SM1CA'), Operation(7301, None, 7671)(7301, 7559)
34. Flow F34 [DU4-->CM2CB] with period 8000, payload 78B, e2e delay 8000us, jitter 800us
	('DU4', 'SW14'), Operation(7440, None, 7447)(7440, 7440)
	('SW14', 'SW22'), Operation(7449, None, 7585)(7449, 7578)
	('SW22', 'SW32'), Operation(7458, None, 7723)(7458, 7716)
	('SW32', 'SW42'), Operation(7467, None, 7861)(7467, 7854)
	('SW42', 'CM2CB'), Operation(7476, None, 7999)(7476, 7992)
35. Flow F35 [DU1-->DU3] with period 2000, payload 1512B, e2e delay 2000us, jitter 200us
	('DU1', 'SW11'), Operation(1, None, 122)(1, 1)
	('SW11', 'DU3'), Operation(124, None, 374)(124, 253)
36. Flow F36 [CMRIU2-->CMRIU1] with period 16000, payload 1054B, e2e delay 16000us, jitter 1600us
	('CMRIU2', 'SW22'), Operation(14436, None, 14521)(14436, 14436)
	('SW22', 'SW11'), Operation(14523, 14528, 14613)(14528, 14528)
	('SW11', 'SW21'), Operation(14615, None, 14829)(14615, 14744)
	('SW21', 'CMRIU1'), Operation(14702, None, 15045)(14702, 14960)
37. Flow F37 [LCM1-->CM1CB] with period 128000, payload 1418B, e2e delay 128000us, jitter 12800us
	('LCM1', 'SW31'), Operation(126276, None, 126390)(126276, 126276)
	('SW31', 'SW41'), Operation(126392, None, 126635)(126392, 126521)
	('SW41', 'CM1CB'), Operation(126508, None, 126880)(126508, 126766)
38. Flow F38 [LCM2-->CMRIU2] with period 128000, payload 616B, e2e delay 128000us, jitter 12800us
	('LCM2', 'SW32'), Operation(29846, None, 29896)(29846, 29846)
	('SW32', 'SW22'), Operation(29898, None, 30077)(29898, 30027)
	('SW22', 'CMRIU2'), Operation(29950, None, 30258)(29950, 30208)
39. Flow F39 [SMRIU1-->FCM2] with period 2000, payload 391B, e2e delay 2000us, jitter 200us
	('SMRIU1', 'SW6'), Operation(1765, None, 1797)(1765, 1765)
	('SW6', 'SW32'), Operation(1799, 1804, 1836)(1804, 1804)
	('SW32', 'FCM2'), Operation(1838, None, 1999)(1838, 1967)
40. Flow F40 [SBAND1-->CM2CB] with period 16000, payload 1347B, e2e delay 16000us, jitter 1600us
	('SBAND1', 'SW12'), Operation(14659, None, 14767)(14659, 14659)
	('SW12', 'SW22'), Operation(14769, None, 15006)(14769, 14898)
	('SW22', 'SW32'), Operation(14879, 15013, 15121)(15013, 15013)
	('SW32', 'SW42'), Operation(15123, 15128, 15236)(15128, 15128)
	('SW42', 'CM2CB'), Operation(15238, None, 15475)(15238, 15367)
41. Flow F41 [MIMU3-->CM1CB] with period 4000, payload 1493B, e2e delay 4000us, jitter 400us
	('MIMU3', 'SW13'), Operation(1155, None, 1275)(1155, 1155)
	('SW13', 'SW21'), Operation(1277, 1282, 1402)(1282, 1282)
	('SW21', 'SW31'), Operation(1404, None, 1653)(1404, 1533)
	('SW31', 'SW41'), Operation(1526, None, 1904)(1526, 1784)
	('SW41', 'CM1CB'), Operation(1648, None, 2155)(1648, 2035)
42. Flow F42 [DU3-->CM1CB] with period 32000, payload 102B, e2e delay 32000us, jitter 3200us
	('DU3', 'SW11'), Operation(27488, None, 27497)(27488, 27488)
	('SW11', 'SW21'), Operation(27499, 27504, 27513)(27504, 27504)
	('SW21', 'SW31'), Operation(27515, None, 27653)(27515, 27644)
	('SW31', 'SW41'), Operation(27526, None, 27793)(27526, 27784)
	('SW41', 'CM1CB'), Operation(27537, None, 27933)(27537, 27924)
43. Flow F43 [CM2CA-->FCM1] with period 2000, payload 934B, e2e delay 2000us, jitter 200us
	('CM2CA', 'SW42'), Operation(495, None, 570)(495, 495)
	('SW42', 'SW32'), Operation(572, None, 776)(572, 701)
	('SW32', 'SW7'), Operation(649, 783, 858)(783, 783)
	('SW7', 'SW31'), Operation(860, 865, 940)(865, 865)
	('SW31', 'FCM1'), Operation(942, None, 1146)(942, 1071)
44. Flow F44 [MIMU2-->SMRIU2] with period 32000, payload 1235B, e2e delay 32000us, jitter 3200us
	('MIMU2', 'SW13'), Operation(26163, None, 26262)(26163, 26163)
	('SW13', 'SW21'), Operation(26264, None, 26492)(26264, 26393)
	('SW21', 'SW31'), Operation(26365, 26499, 26598)(26499, 26499)
	('SW31', 'SW6'), Operation(26600, 26605, 26704)(26605, 26605)
	('SW6', 'SMRIU2'), Operation(26706, None, 26934)(26706, 26835)
45. Flow F45 [DU1-->RCM2] with period 16000, payload 1478B, e2e delay 16000us, jitter 1600us
	('DU1', 'SW11'), Operation(14507, None, 14626)(14507, 14507)
	('SW11', 'SW22'), Operation(14628, 14633, 14752)(14633, 14633)
	('SW22', 'SW32'), Operation(14754, 14759, 14878)(14759, 14759)
	('SW32', 'RCM2'), Operation(14880, None, 15128)(14880, 15009)
46. Flow F46 [CM2CB-->RCM1] with period 2000, payload 103B, e2e delay 2000us, jitter 200us
	('CM2CB', 'SW42'), Operation(400, None, 409)(400, 400)
	('SW42', 'SW32'), Operation(411, 416, 425)(416, 416)
	('SW32', 'SW7'), Operation(427, 432, 441)(432, 432)
	('SW7', 'SW31'), Operation(443, None, 581)(443, 572)
	('SW31', 'RCM1'), Operation(454, 588, 597)(588, 588)
47. Flow F47 [SBAND1-->LCM2] with period 4000, payload 1077B, e2e delay 4000us, jitter 400us
	('SBAND1', 'SW12'), Operation(1470, None, 1557)(1470, 1470)
	('SW12', 'SW22'), Operation(1559, None, 1775)(1559, 1688)
	('SW22', 'SW32'), Operation(1648, None, 1993)(1648, 1906)
	('SW32', 'LCM2'), Operation(1737, None, 2211)(1737, 2124)
48. Flow F48 [BFCU-->DU2] with period 64000, payload 1480B, e2e delay 64000us, jitter 6400us
	('BFCU', 'SW22'), Operation(62493, None, 62612)(62493, 62493)
	('SW22', 'SW11'), Operation(62614, None, 62862)(62614, 62743)
	('SW11', 'DU2'), Operation(62735, None, 63112)(62735, 62993)
49. Flow F49 [DU5-->SBAND1] with period 4000, payload 743B, e2e delay 4000us, jitter 400us
	('DU5', 'SW14'), Operation(1, None, 61)(1, 1)
	('SW14', 'SW21'), Operation(63, 68, 128)(68, 68)
	('SW21', 'SW12'), Operation(130, 135, 195)(135, 135)
	('SW12', 'SBAND1'), Operation(197, 202, 262)(202, 202)

SMT variables: 
	F43_('SW31', 'FCM1')_t4_min: 942
	F2_('SW41', 'SW51')_t4_min: 61980
	F33_('SW31', 'SW41')_t5_min: 7185
	F39_('SMRIU1', 'SW6')_gc: False
	F32_jitter: 129
	F3_('SW21', 'SW31')_rr: 0
	F39_('SW32', 'FCM2')_t5_max: 1999
	F43_('SW32', 'SW7')_t4_max: 783
	F3_('SW21', 'SW31')_t4_max: 49328
	F5_('SW11', 'DU1')_rr: 0
	F33_('SW51', 'SM1CA')_gc: False
	F38_('LCM2', 'SW32')_rr: 0
	F7_('SW32', 'SW22')_t4_min: 60855
	F7_queue_index: 0
	F40_('SW12', 'SW22')_t4_max: 14898
	F49_('SW12', 'SBAND1')_rr: 1
	('RCM2', 'SW32')_gcl_cycle: 1
	('SW21', 'SW13')_gcl_cycle: 1
	F25_('SW31', 'SW21')_t4_max: 2538
	('SW51', 'SM1CB')_gcl_cycle: 2000
	F6_('SW32', 'SW22')_gc: True
	F9_('SW42', 'SW32')_gc: False
	F28_('SW22', 'BFCU')_gc: True
	F35_('DU1', 'SW11')_gc: False
	F19_('SW21', 'SW11')_t4_max: 3009
	F20_('SW22', 'SW14')_t4_max: 413
	F46_('SW7', 'SW31')_t3_min: 443
	F43_('SW31', 'FCM1')_rr: 0
	F41_('SW31', 'SW41')_rr: 0
	F23_('SW41', 'CM1CA')_gc: False
	F22_queue_index: 0
	F32_('MIMU2', 'SW13')_t5_max: 1543
	F19_('SW21', 'SW11')_rr: 4
	F15_('SW31', 'SW41')_t3_max: 125115
	F33_('SW11', 'SW21')_rr: 4
	F40_('SW42', 'CM2CB')_t5_min: 15346
	F0_('SW32', 'FCM2')_t4_min: 6142
	('MIMU2', 'SW13')_gcl_cycle: 1
	F11_('SW22', 'SW13')_t4_min: 1253
	F20_('SW32', 'SW22')_t4_max: 207
	F47_('SW12', 'SW22')_rr: 0
	F21_('SW13', 'SW21')_t4_min: 64
	F8_('SW22', 'SW14')_t4_max: 121797
	F10_('SW32', 'SW22')_t4_max: 60702
	F13_('RCM2', 'SW32')_rr: 0
	F45_('DU1', 'SW11')_t3_max: 14383
	('DU4', 'SW14')_gcl_cycle: 1
	('SW32', 'SW7')_gcl_cycle: 2000
	F17_('SW21', 'SW13')_rr: 0
	F19_('SW41', 'SW31')_rr: 1
	F41_('MIMU3', 'SW13')_t5_min: 1275
	F41_('MIMU3', 'SW13')_t3_max: 1031
	F7_('SW32', 'SW22')_t4_max: 60855
	F23_('SW21', 'SW31')_rr: 16
	F49_('SW21', 'SW12')_tb: 135
	F22_('SW41', 'SW51')_rr: 0
	F31_('SW12', 'SBAND2')_rr: 1
	F4_('StarTr1', 'SW13')_t5_min: 12806
	F26_('SW52', 'SM2CA')_t4_max: 62030
	F20_('SW22', 'SW14')_rr: 0
	F13_jitter: 129
	F1_jitter: 0
	F31_('SW21', 'SW12')_t4_max: 454
	('SW32', 'LCM2')_gcl_cycle: 1
	F15_jitter: 258
	F47_('SW32', 'LCM2')_t4_min: 1737
	F27_('SW31', 'FCM1')_gc: False
	F14_('CM2CB', 'SW42')_t5_max: 30215
	F7_('SW22', 'SW13')_rr: 0
	F30_('SW31', 'SW8')_rr: 0
	F43_('SW32', 'SW7')_rr: 1
	F48_('SW22', 'SW11')_t4_min: 62614
	F33_('SW41', 'SW51')_gc: False
	F33_('DU1', 'SW11')_rr: 0
	F6_queue_index: 0
	F49_('DU5', 'SW14')_t3_max: -123
	F23_('SW12', 'SW21')_rr: 4
	F27_('MIMU3', 'SW13')_t4_max: 61033
	F48_jitter: 258
	F36_('SW22', 'SW11')_t3_min: 14523
	F18_('SW13', 'SW22')_t4_max: 4119
	F11_('SW13', 'MIMU2')_rr: 0
	F25_('SW21', 'CMRIU1')_gc: False
	F33_('SW21', 'SW31')_t4_min: 6954
	('SW6', 'SMRIU2')_gcl_length: 0
	F14_('SW32', 'SW22')_rr: 0
	F40_('SBAND1', 'SW12')_t3_max: 14535
	F22_('SW13', 'SW21')_gc: False
	F46_('SW7', 'SW31')_t4_min: 443
	F18_('SW22', 'SW32')_gc: True
	F24_('SW41', 'CM1CA')_rr: 0
	F34_('DU4', 'SW14')_gc: False
	F27_('MIMU3', 'SW13')_t3_max: 60909
	F42_('DU3', 'SW11')_rr: 0
	F24_('SW12', 'SW21')_gc: True
	F3_('MIMU2', 'SW13')_rr: 0
	F49_('SW21', 'SW12')_t4_max: 135
	F29_('SW41', 'SW51')_t4_min: 6109
	F49_('SW14', 'SW21')_t4_min: 68
	F12_('SW8', 'SW31')_t4_min: 15778
	F20_('SW32', 'SW22')_t5_max: 282
	('SW6', 'SW32')_gcl_cycle: 2000
	F32_('SW31', 'LCM1')_gc: False
	F12_('SW52', 'SW8')_t4_min: 15752
	F35_('SW11', 'DU3')_rr: 0
	F45_('SW11', 'SW22')_gc: True
	F11_('SW32', 'SW22')_t4_max: 1187
	('SBAND1', 'SW12')_gcl_length: 0
	F9_('SM2CA', 'SW52')_gc: False
	F34_('SW42', 'CM2CB')_tb: 7476
	F23_('SW31', 'SW41')_gc: False
	F14_('CM2CB', 'SW42')_gc: False
	F15_('CMRIU1', 'SW21')_rr: 0
	F31_('SW12', 'SBAND2')_t4_min: 471
	F49_('DU5', 'SW14')_rr: 0
	F32_('SW21', 'SW31')_t4_min: 1659
	F25_('LCM1', 'SW31')_t3_max: 2267
	F8_('SW14', 'DU5')_rr: 0
	F22_('SW41', 'SW51')_t4_max: 59065
	F21_('SW31', 'SW41')_t5_max: 391
	F46_('SW32', 'SW7')_tb: 432
	F18_('SW32', 'SW42')_t4_max: 4355
	F40_('SW22', 'SW32')_gc: True
	F14_('SW13', 'StarTr2')_rr: 0
	F18_('SW13', 'SW22')_rr: 4
	F35_('SW11', 'DU3')_t4_min: 124
	F28_jitter: 0
	F15_('SW41', 'CM1CA')_t4_min: 125147
	F11_('SW32', 'SW22')_gc: False
	F41_('SW13', 'SW21')_t4_max: 1282
	('MIMU2', 'SW13')_gcl_length: 0
	F29_('SW31', 'SW41')_rr: 1
	F24_('SW12', 'SW21')_t4_max: 23628
	('SW31', 'SW8')_gcl_cycle: 1
	F14_('SW13', 'StarTr2')_t4_min: 30415
	F18_('MIMU2', 'SW13')_gc: False
	F0_('SW32', 'FCM2')_t5_min: 6205
	F25_('LCM1', 'SW31')_gc: False
	F12_('SM2CA', 'SW52')_rr: 0
	F41_('SW13', 'SW21')_t4_min: 1282
	F20_('SW22', 'SW14')_t4_min: 155
	F49_('DU5', 'SW14')_gc: False
	F4_('SW13', 'MIMU1')_t3_min: 12808
	F22_('SW21', 'SW31')_rr: 2
	F43_('SW42', 'SW32')_t4_max: 701
	F9_('SW42', 'SW32')_t4_min: 42777
	F26_('SW22', 'SW32')_gc: True
	('SW22', 'SW14')_gcl_cycle: 128000
	F2_('SW41', 'SW51')_rr: 0
	F33_('SW41', 'SW51')_rr: 0
	F10_('SW22', 'SW13')_rr: 1
	F2_('SW41', 'SW51')_t3_max: 62114
	F14_('CM2CB', 'SW42')_rr: 0
	('SW8', 'SW31')_gcl_cycle: 16000
	F21_('SW21', 'SW31')_t4_min: 86
	F48_('SW11', 'DU2')_t3_min: 62735
	F37_('SW31', 'SW41')_t4_min: 126392
	F17_('SW21', 'SW13')_t4_max: 24529
	F34_('SW14', 'SW22')_gc: False
	F40_('SW32', 'SW42')_t4_max: 15128
	F30_('SW52', 'SM2CB')_rr: 0
	F8_('SW32', 'SW22')_gc: True
	F29_('LCM1', 'SW31')_tb: 6076
	('SW11', 'SW21')_gcl_cycle: 32000
	F36_('SW11', 'SW21')_t4_min: 14615
	F6_('SW32', 'SW22')_rr: 1
	F2_('SW41', 'SW51')_gc: False
	F2_('SW41', 'SW51')_tb: 61980
	F33_('DU1', 'SW11')_t3_max: 6592
	F43_('SW42', 'SW32')_t4_min: 572
	F26_('MIMU3', 'SW13')_rr: 0
	F36_('CMRIU2', 'SW22')_t3_max: 14312
	('SW14', 'DU4')_gcl_cycle: 2000
	F36_('SW22', 'SW11')_gc: True
	F49_queue_index: 0
	F10_('SW13', 'MIMU2')_t4_min: 60865
	F33_('SW31', 'SW41')_t4_max: 7073
	F23_('SW31', 'SW41')_tb: 7387
	F38_queue_index: 0
	F22_('SW51', 'SM1CB')_t4_min: 58844
	F22_('MIMU2', 'SW13')_gc: False
	F23_queue_index: 0
	F21_('SW31', 'SW41')_t4_min: 371
	F39_('SW6', 'SW32')_t4_max: 1804
	F15_('SW41', 'CM1CA')_rr: 0
	F31_('SW14', 'SW21')_t4_min: 184
	F13_('RCM2', 'SW32')_t3_max: 6933
	F18_jitter: 258
	F3_('SW13', 'SW21')_t4_min: 48993
	F35_('SW11', 'DU3')_gc: False
	F44_('SW6', 'SMRIU2')_gc: False
	F8_('SW22', 'SW14')_t5_min: 121910
	F12_('SW21', 'SW11')_t4_min: 15830
	F18_('SW42', 'CM2CB')_t4_min: 4277
	('CM2CB', 'SW42')_gcl_cycle: 1
	F44_('SW21', 'SW31')_t4_max: 26499
	F31_('SW21', 'SW12')_rr: 0
	F25_('SW31', 'SW21')_t4_min: 2409
	F24_('SBAND2', 'SW12')_rr: 0
	F12_('SM2CA', 'SW52')_t3_max: 15602
	F49_('SW21', 'SW12')_t4_min: 135
	F43_('CM2CA', 'SW42')_t3_max: 371
	F16_('BFCU', 'SW22')_t3_max: 30948
	F41_('SW41', 'CM1CB')_rr: 0
	F5_('BFCU', 'SW22')_gc: False
	F21_jitter: 0
	F29_('LCM1', 'SW31')_t4_min: 6076
	F40_('SW32', 'SW42')_t4_min: 15128
	F46_('CM2CB', 'SW42')_tb: 400
	F31_('DU5', 'SW14')_t5_max: 182
	F23_('SBAND1', 'SW12')_t4_min: 7344
	F7_('SW22', 'SW13')_t4_min: 60923
	F6_('SW22', 'SW14')_t4_max: 122040
	F12_('SW11', 'DU2')_t3_min: 15851
	('SW42', 'SW32')_gcl_cycle: 128000
	('SW51', 'SM1CA')_gcl_cycle: 1
	F24_('SW12', 'SW21')_t4_min: 23628
	F11_queue_index: 0
	F20_('LCM2', 'SW32')_tb: 1
	F32_('SW21', 'SW31')_gc: True
	F12_('SW52', 'SW8')_t4_max: 15752
	('SW52', 'SW8')_gcl_length: 2
	F8_('SW14', 'DU5')_gc: False
	F6_('CM2CB', 'SW42')_rr: 0
	F47_('SBAND1', 'SW12')_gc: False
	F11_('SW13', 'MIMU2')_gc: False
	F48_('BFCU', 'SW22')_t4_max: 62493
	F15_queue_index: 0
	F7_('SW42', 'SW32')_t5_max: 60848
	('SW22', 'CMRIU2')_gcl_cycle: 1
	F22_('SW51', 'SM1CB')_rr: 0
	F26_jitter: 0
	('SW13', 'MIMU2')_gcl_length: 0
	F42_('SW21', 'SW31')_gc: False
	F19_('SW21', 'SW11')_t5_max: 3111
	F6_('SW22', 'SW14')_gc: False
	F24_('SBAND2', 'SW12')_gc: False
	F33_('SW31', 'SW41')_gc: True
	F0_('SW32', 'FCM2')_gc: False
	F26_('SW22', 'SW32')_rr: 1
	F24_('SW21', 'SW31')_gc: True
	F33_('SW51', 'SM1CA')_t4_min: 7301
	F12_queue_index: 0
	F30_jitter: 387
	F44_('SW31', 'SW6')_t4_min: 26605
	F22_('MIMU2', 'SW13')_rr: 0
	F37_('LCM1', 'SW31')_rr: 0
	F42_('SW31', 'SW41')_gc: False
	F38_('SW32', 'SW22')_gc: False
	F33_('SW31', 'SW41')_t4_min: 7073
	F9_('SW42', 'SW32')_t4_max: 43035
	F20_jitter: 0
	F24_('SW31', 'SW41')_t3_max: 23660
	F37_('SW31', 'SW41')_rr: 0
	F10_jitter: 129
	F15_('SW31', 'SW41')_t4_min: 125110
	F10_('CM2CB', 'SW42')_rr: 0
	F18_('SW22', 'SW32')_rr: 4
	F22_('SW41', 'SW51')_t4_min: 58807
	F32_('SW31', 'LCM1')_rr: 0
	F27_('SW21', 'SW31')_t4_min: 61109
	F47_jitter: 387
	F7_('SW32', 'SW22')_gc: True
	F34_('DU4', 'SW14')_t3_max: 7316
	F15_('CMRIU1', 'SW21')_gc: False
	('SW12', 'SW22')_gcl_cycle: 1
	F47_('SW22', 'SW32')_rr: 0
	F26_('SW52', 'SM2CA')_rr: 1
	F6_('SW14', 'DU4')_rr: 0
	F7_('SM2CB', 'SW52')_t4_max: 60636
	F33_('SW21', 'SW31')_t5_min: 7066
	F49_('DU5', 'SW14')_t3_min: 1
	F32_('SW13', 'SW21')_rr: 2
	F39_jitter: 129
	('SW22', 'SW11')_gcl_cycle: 16000
	F12_('SW31', 'SW21')_rr: 1
	F3_('MIMU2', 'SW13')_t3_max: 48792
	F6_('SW42', 'SW32')_gc: True
	F8_('SW22', 'SW14')_t4_min: 121797
	F7_('SW52', 'SW42')_tb: 60709
	F16_('SW32', 'RCM2')_t3_min: 31172
	F35_('DU1', 'SW11')_rr: 0
	F29_jitter: 258
	F36_('SW11', 'SW21')_t4_max: 14744
	F39_('SW32', 'FCM2')_rr: 0
	F29_('SW31', 'SW41')_t4_max: 6095
	F30_('SW31', 'SW8')_t4_max: 147
	F33_queue_index: 0
	F33_('SW41', 'SW51')_t3_min: 7187
	F24_('SW31', 'SW41')_t4_min: 23655
	F27_('SW31', 'FCM1')_t3_max: 61410
	F46_('SW32', 'SW7')_rr: 1
	F46_('SW31', 'RCM1')_rr: 1
	F49_('SW14', 'SW21')_rr: 8
	F44_('SW6', 'SMRIU2')_t5_max: 26934
	F9_jitter: 0
	F10_('CM2CB', 'SW42')_gc: False
	F39_('SMRIU1', 'SW6')_t4_max: 1765
	F5_('BFCU', 'SW22')_rr: 0
	F17_('SW14', 'SW21')_rr: 1
	F40_('SBAND1', 'SW12')_rr: 0
	F2_('SW51', 'SM1CA')_gc: False
	('SW52', 'SM2CA')_gcl_cycle: 64000
	F8_('FCM2', 'SW32')_t3_max: 121433
	F19_('CM1CB', 'SW41')_rr: 0
	F33_('SW21', 'SW31')_gc: True
	F0_queue_index: 0
	F32_('MIMU2', 'SW13')_t3_max: 1317
	F16_queue_index: 0
	F48_('SW11', 'DU2')_rr: 0
	F10_('SW13', 'MIMU2')_tb: 60865
	('DU3', 'SW11')_gcl_cycle: 1
	F34_('DU4', 'SW14')_t4_min: 7440
	F43_('SW31', 'FCM1')_gc: False
	F12_('SW52', 'SW8')_t5_max: 15771
	F34_('SW14', 'SW22')_rr: 0
	F44_('SW13', 'SW21')_gc: False
	F2_('RCM1', 'SW31')_t3_max: 61706
	F9_('SM2CA', 'SW52')_t3_max: 42519
	F14_('SW42', 'SW32')_rr: 0
	F29_('LCM1', 'SW31')_t5_min: 6088
	F15_('SW31', 'SW41')_rr: 0
	F26_('MIMU3', 'SW13')_t3_max: 61152
	F32_('SW13', 'SW21')_t4_min: 1550
	F17_('DU4', 'SW14')_t4_min: 24253
	F10_('SW42', 'SW32')_t4_max: 60494
	F23_('SW41', 'CM1CA')_rr: 0
	F25_('SW21', 'CMRIU1')_t4_min: 2427
	F49_('SW12', 'SBAND1')_gc: True
	F22_('SW13', 'SW21')_rr: 0
	F42_('SW31', 'SW41')_t4_max: 27784
	F39_('SW6', 'SW32')_gc: True
	F21_('SW41', 'SW51')_t4_min: 393
	F38_('SW32', 'SW22')_t4_min: 29898
	F30_('FCM1', 'SW31')_t4_min: 1
	F16_('SW22', 'SW32')_t5_max: 31299
	F15_('SW31', 'SW41')_gc: False
	F6_('CM2CB', 'SW42')_t3_max: 121681
	F34_('SW22', 'SW32')_rr: 0
	F40_('SW42', 'CM2CB')_gc: False
	F34_('SW14', 'SW22')_t4_min: 7449
	F31_('SW12', 'SBAND2')_gc: True
	F40_('SW32', 'SW42')_gc: True
	F10_('SW42', 'SW32')_t5_max: 60571
	F6_('SW22', 'SW14')_rr: 0
	F20_('LCM2', 'SW32')_rr: 0
	F21_('SW21', 'SW31')_rr: 0
	F3_('SW21', 'SW31')_gc: False
	F46_('SW42', 'SW32')_gc: True
	F14_('SW13', 'StarTr2')_gc: False
	F27_('SW31', 'FCM1')_rr: 0
	F18_('SW22', 'SW32')_t4_min: 4175
	F41_('SW31', 'SW41')_t4_min: 1526
	F34_('SW32', 'SW42')_t4_min: 7467
	F22_('SW31', 'SW41')_t4_max: 58899
	('SW21', 'SW11')_gcl_cycle: 16000
	F22_('SW13', 'SW21')_t4_min: 58562
	F24_jitter: 258
	F42_('SW31', 'SW41')_rr: 0
	F10_('SW13', 'MIMU2')_rr: 0
	F36_('SW11', 'SW21')_t3_min: 14615
	F26_('MIMU3', 'SW13')_tb: 61276
	F5_('BFCU', 'SW22')_t3_max: 62668
	F40_('SW42', 'CM2CB')_rr: 0
	F12_('SW11', 'DU2')_t4_min: 15851
	F42_('SW11', 'SW21')_t4_min: 27504
	('SW32', 'FCM2')_gcl_cycle: 1
	F24_('SW31', 'SW41')_rr: 0
	F15_('SW21', 'SW31')_t4_max: 125073
	F42_jitter: 387
	F31_('SW12', 'SBAND2')_t4_max: 471
	F33_('SW31', 'SW41')_rr: 2
	F7_jitter: 258
	F7_('SW42', 'SW32')_t4_max: 60782
	F4_('StarTr1', 'SW13')_rr: 0
	('SW31', 'FCM1')_gcl_cycle: 1
	F42_queue_index: 0
	F46_('SW32', 'SW7')_gc: True
	F2_queue_index: 0
	F23_('SW12', 'SW21')_gc: True
	F10_('SW22', 'SW13')_t3_min: 60652
	F36_('SW11', 'SW21')_rr: 0
	F36_('CMRIU2', 'SW22')_rr: 0
	F7_('SW52', 'SW42')_t4_max: 60709
	F17_('SW14', 'SW21')_gc: True
	F1_('SMRIU1', 'SW6')_gc: False
	F14_('SW32', 'SW22')_t4_min: 30283
	F28_('SW13', 'SW22')_rr: 0
	F29_('SW51', 'SM1CB')_gc: False
	F15_('SW41', 'CM1CA')_gc: False
	F12_('SM2CA', 'SW52')_gc: False
	F14_('SW32', 'SW22')_t4_max: 30541
	F11_('SW32', 'SW22')_rr: 0
	F34_jitter: 516
	F6_('SW32', 'SW22')_t4_max: 121879
	F19_('SW11', 'DU2')_t4_min: 3113
	F1_('SW6', 'SW32')_rr: 0
	F21_('SW51', 'SM1CB')_gc: True
	F26_('SW32', 'SW42')_t4_max: 61654
	F3_('SW13', 'SW21')_t3_min: 48993
	F26_('SW13', 'SW22')_gc: True
	F23_('SW21', 'SW31')_gc: True
	F11_('SW32', 'SW22')_t4_min: 1058
	F24_('SBAND2', 'SW12')_t3_max: 23488
	F19_('SW21', 'SW11')_t4_min: 3009
	F39_('SMRIU1', 'SW6')_t5_min: 1797
	F29_('SW41', 'SW51')_rr: 0
	F12_('SW8', 'SW31')_t3_min: 15773
	('FCM1', 'SW31')_gcl_length: 0
	F4_('StarTr1', 'SW13')_t3_max: 12629
	F12_('SW31', 'SW21')_gc: True
	F34_('SW14', 'SW22')_t4_max: 7578
	F5_('BFCU', 'SW22')_t3_min: 62792
	F25_jitter: 258
	F19_('SW41', 'SW31')_t4_min: 2791
	F41_('SW31', 'SW41')_t3_min: 1526
	F21_queue_index: 0
	F46_('SW32', 'SW7')_t4_max: 432
	('SW41', 'SW51')_gcl_cycle: 1
	F30_('FCM1', 'SW31')_t3_max: -123
	F42_('SW41', 'CM1CB')_rr: 0
	F28_('SW13', 'SW22')_t4_max: 15818
	F29_('LCM1', 'SW31')_t3_max: 5952
	F41_('SW31', 'SW41')_t5_max: 1904
	F29_('SW51', 'SM1CB')_rr: 0
	F35_jitter: 129
	F29_('SW51', 'SM1CB')_t4_max: 6381
	F45_('SW32', 'RCM2')_t4_min: 14880
	F32_('SW13', 'SW21')_t5_max: 1652
	F30_('FCM1', 'SW31')_rr: 0
	F14_jitter: 516
	F14_('CM2CB', 'SW42')_t4_max: 30151
	F7_('SW32', 'SW22')_rr: 2
	F27_('SW21', 'SW31')_rr: 0
	F22_('SW21', 'SW31')_gc: True
	F36_('CMRIU2', 'SW22')_gc: False
	F23_('SW12', 'SW21')_t4_min: 7360
	F9_('SW42', 'SW32')_t5_max: 43100
	F19_('SW31', 'SW21')_t4_min: 2900
	F27_('SW21', 'SW31')_t4_max: 61367
	F40_('SW22', 'SW32')_t5_max: 15121
	F44_('SW31', 'SW6')_gc: True
	F34_('SW32', 'SW42')_t4_max: 7854
	F38_jitter: 258
	('SW21', 'SW12')_gcl_cycle: 4000
	F22_('SW31', 'SW41')_gc: False
	F44_('MIMU2', 'SW13')_t3_min: 26163
	F7_('SW52', 'SW42')_gc: True
	F14_('SW42', 'SW32')_t3_min: 30217
	F46_('SW42', 'SW32')_t4_max: 416
	F9_('SW32', 'RCM2')_rr: 1
	F40_('SW22', 'SW32')_rr: 4
	F28_('SW13', 'SW22')_gc: False
	F29_('LCM1', 'SW31')_gc: False
	F8_('FCM2', 'SW32')_gc: False
	F24_('SW21', 'SW31')_t5_max: 23653
	F17_('SW14', 'SW21')_t4_min: 24329
	('SW11', 'DU1')_gcl_cycle: 1
	F4_('SW13', 'MIMU1')_gc: False
	F21_('SW21', 'SW31')_t4_max: 344
	('SW14', 'SW21')_gcl_cycle: 32000
	F2_('SW31', 'SW41')_t4_min: 61905
	F9_('SW52', 'SW42')_t4_min: 42710
	F5_('SW11', 'DU1')_t4_min: 62934
	F26_('SW13', 'SW22')_rr: 1
	F7_('SW13', 'MIMU1')_gc: False
	F42_('DU3', 'SW11')_t5_max: 27497
	('SW32', 'SW22')_gcl_length: 8
	F0_('LCM2', 'SW32')_t3_max: 5953
	('SW42', 'CM2CB')_gcl_cycle: 1
	F3_jitter: 387
	F27_queue_index: 0
	('CM2CA', 'SW42')_gcl_cycle: 1
	F45_('SW32', 'RCM2')_gc: False
	F18_('SW42', 'CM2CB')_rr: 0
	F19_('CM1CB', 'SW41')_t3_max: 2558
	F49_('SW14', 'SW21')_t5_min: 128
	F6_('SW14', 'DU4')_t4_max: 122201
	F44_('SW31', 'SW6')_t4_max: 26605
	F49_('SW12', 'SBAND1')_t3_min: 197
	F26_('SW32', 'SW42')_t4_min: 61654
	F24_('SW21', 'SW31')_rr: 4
	F12_jitter: 129
	('DU1', 'SW11')_gcl_cycle: 1
	F47_('SW32', 'LCM2')_rr: 0
	F8_('SW22', 'SW14')_tb: 121797
	F17_queue_index: 0
	F21_('SW41', 'SW51')_tb: 393
	F1_('SW32', 'RCM2')_t4_min: 1613
	F10_('SW32', 'SW22')_rr: 0
	F24_('SW21', 'SW31')_t4_max: 23644
	F20_('SW14', 'DU4')_gc: True
	F2_('SW31', 'SW41')_gc: False
	F8_queue_index: 0
	F11_('SW22', 'SW13')_gc: True
	F14_('SW42', 'SW32')_t4_min: 30217
	F30_('SW52', 'SM2CB')_gc: False
	F3_('SW13', 'SW21')_t4_max: 49122
	F18_('SW32', 'SW42')_t4_min: 4226
	F30_('SW31', 'SW8')_t4_min: 18
	F43_jitter: 129
	F19_('SW21', 'SW11')_t5_min: 3111
	F23_jitter: 258
	F43_('SW32', 'SW7')_t4_min: 783
	F31_('DU5', 'SW14')_rr: 0
	F0_('SW32', 'FCM2')_rr: 0
	F3_('SW31', 'RCM1')_gc: False
	F43_('CM2CA', 'SW42')_gc: False
	F33_('SW41', 'SW51')_t4_min: 7187
	('SW13', 'SW21')_gcl_length: 6
	F2_('SW41', 'SW51')_t3_min: 61980
	F41_('SW13', 'SW21')_rr: 1
	F39_('SMRIU1', 'SW6')_rr: 0
	F37_queue_index: 0
	F31_queue_index: 0
	F36_('SW22', 'SW11')_t4_max: 14528
	F46_('CM2CB', 'SW42')_gc: False
	F19_jitter: 129
	F11_('RCM2', 'SW32')_t5_min: 1056
	F44_('SW6', 'SMRIU2')_rr: 0
	F26_('SW13', 'SW22')_t4_max: 61402
	F20_('SW14', 'DU4')_t4_min: 495
	('SW41', 'CM1CA')_gcl_cycle: 1
	F46_('CM2CB', 'SW42')_t3_max: 276
	F7_('SW42', 'SW32')_rr: 2
	F32_('SW13', 'SW21')_t4_max: 1550
	F46_('SW7', 'SW31')_gc: False
	F34_('SW22', 'SW32')_t4_max: 7716
	F38_('SW22', 'CMRIU2')_t4_min: 29950
	F21_('SW13', 'SW21')_t4_max: 193
	F28_('StarTr1', 'SW13')_t3_max: 15476
	F27_('MIMU3', 'SW13')_rr: 0
	F4_('SW13', 'MIMU1')_t4_min: 12808
	F37_('SW41', 'CM1CB')_gc: False
	F19_('SW31', 'SW21')_gc: True
	F11_('SW22', 'SW13')_t4_max: 1253
	F33_('SW41', 'SW51')_t3_max: 7192
	F41_('SW21', 'SW31')_t3_max: 1409
	F12_('SW52', 'SW8')_gc: True
	F40_('SBAND1', 'SW12')_gc: False
	F30_('FCM1', 'SW31')_gc: False
	F7_('SW42', 'SW32')_t4_min: 60782
	F39_('SW32', 'FCM2')_t4_min: 1838
	F21_('SW31', 'SW41')_t3_max: 371
	F24_('SBAND2', 'SW12')_tb: 23612
	F2_('SW51', 'SM1CA')_t3_min: 62055
	F10_('SW42', 'SW32')_rr: 2
	F27_('SW21', 'SW31')_gc: False
	F12_('SW11', 'DU2')_gc: False
	F26_('SW13', 'SW22')_t5_max: 61521
	('BFCU', 'SW22')_gcl_cycle: 1
	F20_('SW14', 'DU4')_rr: 1
	('CMRIU2', 'SW22')_gcl_length: 0
	F2_('SW31', 'SW41')_t4_max: 62034
	('SW32', 'SW22')_gcl_cycle: 128000
	('MIMU3', 'SW13')_gcl_cycle: 1
	F29_('SW41', 'SW51')_t4_max: 6238
	F44_('SW21', 'SW31')_t4_min: 26499
	('SW22', 'SW32')_gcl_cycle: 64000
	F21_('SW13', 'SW21')_t5_min: 84
	F47_('SBAND1', 'SW12')_rr: 0
	F35_queue_index: 0
	F45_('SW22', 'SW32')_t4_max: 14759
	F26_('SW42', 'SW52')_gc: False
	F33_('SW21', 'SW31')_t4_max: 6954
	F19_('SW41', 'SW31')_gc: True
	F1_('SMRIU1', 'SW6')_rr: 0
	F7_('SW13', 'MIMU1')_rr: 0
	F9_('SW52', 'SW42')_rr: 0
	F36_('SW21', 'CMRIU1')_rr: 0
	F12_('SW8', 'SW31')_t4_max: 15778
	F10_('SW42', 'SW32')_t5_min: 60571
	F9_('SW42', 'SW32')_t3_max: 42911
	('SW13', 'MIMU2')_gcl_cycle: 1
	F47_('SW22', 'SW32')_t4_max: 1906
	F38_('LCM2', 'SW32')_t3_max: 29722
	F36_('SW21', 'CMRIU1')_gc: False
	F26_('SW32', 'SW42')_gc: True
	F27_('SW13', 'SW21')_gc: False
	F36_queue_index: 0
	F1_('SMRIU1', 'SW6')_t3_min: 1415
	F27_('MIMU3', 'SW13')_gc: False
	F22_('SW31', 'SW41')_t4_min: 58770
	F38_('LCM2', 'SW32')_gc: False
	F41_('SW41', 'CM1CB')_t4_min: 1648
	('SW31', 'LCM1')_gcl_cycle: 1
	F40_('SW42', 'CM2CB')_t4_min: 15238
	F17_('SW21', 'SW13')_gc: False
	F27_('SW31', 'FCM1')_t4_min: 61147
	F31_('SW14', 'SW21')_gc: False
	F40_('SBAND1', 'SW12')_t5_min: 14767
	F15_('SW21', 'SW31')_rr: 1
	F40_queue_index: 0
	F42_('SW41', 'CM1CB')_t4_min: 27537
	F28_('StarTr1', 'SW13')_t4_min: 15600
	F26_('MIMU3', 'SW13')_gc: False
	F46_('SW32', 'SW7')_t4_min: 432
	F41_('SW21', 'SW31')_t4_min: 1404
	F2_('RCM1', 'SW31')_rr: 0
	F5_queue_index: 0
	F5_('SW22', 'SW11')_rr: 0
	F12_('SW21', 'SW11')_gc: True
	F11_('SW32', 'SW22')_t5_max: 1246
	F29_('SW31', 'SW41')_t5_max: 6107
	F10_('CM2CB', 'SW42')_t3_max: 60286
	F12_('SW52', 'SW8')_rr: 1
	F26_('SW42', 'SW52')_rr: 0
	F39_('SMRIU1', 'SW6')_t3_max: 1641
	F5_('SW11', 'DU1')_gc: False
	F21_('SW31', 'SW41')_gc: True
	('CMRIU1', 'SW21')_gcl_cycle: 1
	F21_('SW41', 'SW51')_rr: 0
	F0_('SW32', 'FCM2')_t5_max: 6334
	F44_('SW13', 'SW21')_t4_max: 26393
	F5_('SW22', 'SW11')_gc: False
	F40_('SW22', 'SW32')_t4_max: 15013
	F18_('SW22', 'SW32')_tb: 4175
	F6_('SW32', 'SW22')_t3_min: 121874
	F41_('SW41', 'CM1CB')_t4_max: 2035
	F18_('SW13', 'SW22')_t3_min: 4114
	F49_('SW14', 'SW21')_t4_max: 68
	F20_('SW32', 'SW22')_gc: False
	F16_('BFCU', 'SW22')_tb: 31072
	F18_('SW42', 'CM2CB')_gc: False
	F37_jitter: 258
	F38_('SW32', 'SW22')_t4_max: 30027
	F29_('SW31', 'SW41')_t4_min: 6095
	F30_('SW52', 'SM2CB')_t4_min: 52
	F40_('SW12', 'SW22')_t4_min: 14769
	F47_('SW22', 'SW32')_t4_min: 1648
	F49_('SW12', 'SBAND1')_t4_min: 202
	F2_('RCM1', 'SW31')_gc: False
	F7_('SW52', 'SW42')_rr: 1
	F14_('SW22', 'SW13')_rr: 0
	F38_('SW22', 'CMRIU2')_gc: False
	F21_('SW13', 'SW21')_rr: 0
	F18_('SW22', 'SW32')_t5_min: 4224
	F45_('SW11', 'SW22')_rr: 1
	F46_('CM2CB', 'SW42')_rr: 0
	F25_queue_index: 0
	F32_queue_index: 0
	F42_('SW11', 'SW21')_t4_max: 27504
	F37_('SW41', 'CM1CB')_t4_max: 126766
	F17_('SW13', 'MIMU1')_rr: 0
	F20_('SW32', 'SW22')_rr: 0
	F26_('SW22', 'SW32')_t4_max: 61528
	F23_('SW21', 'SW31')_t4_min: 7376
	F26_('SW42', 'SW52')_tb: 61775
	F44_queue_index: 0
	F49_('SW12', 'SBAND1')_t4_max: 202
	F14_('SW42', 'SW32')_gc: False
	F47_('SW32', 'LCM2')_gc: False
	F34_('SW32', 'SW42')_gc: False
	F1_('SW6', 'SW32')_t4_min: 1447
	F19_('CM1CB', 'SW41')_gc: False
	F43_('SW7', 'SW31')_t4_min: 865
	F5_('SW22', 'SW11')_t4_min: 62863
	F26_('SW42', 'SW52')_t3_max: 61780
	F37_('LCM1', 'SW31')_t3_max: 126152
	F48_('SW22', 'SW11')_rr: 0
	F37_('SW31', 'SW41')_t4_max: 126521
	F37_('LCM1', 'SW31')_gc: False
	('SBAND2', 'SW12')_gcl_cycle: 1
	F17_('SW13', 'MIMU1')_t4_min: 24471
	('SW31', 'SW41')_gcl_cycle: 16000
	F30_('SW31', 'SW8')_gc: False
	F14_('SW22', 'SW13')_t4_min: 30349
	F20_('LCM2', 'SW32')_gc: False
	F23_('SBAND1', 'SW12')_rr: 0
	('SW32', 'RCM2')_gcl_cycle: 64000
	F46_('SW7', 'SW31')_rr: 0
	F48_('SW22', 'SW11')_t4_max: 62743
	F31_('SW21', 'SW12')_gc: False
	('SW11', 'SW22')_gcl_cycle: 16000
	F4_('SW13', 'MIMU1')_rr: 0
	F22_('SW51', 'SM1CB')_gc: False
	F34_('DU4', 'SW14')_rr: 0
	F22_jitter: 387
	F39_('SW6', 'SW32')_t4_min: 1804
	('SW13', 'MIMU1')_gcl_cycle: 1
	F31_('SW14', 'SW21')_t4_max: 313
	F20_('SW32', 'SW22')_t4_min: 78
	F34_('SW32', 'SW42')_rr: 0
	F36_('SW22', 'SW11')_rr: 1
	F33_('DU1', 'SW11')_gc: False
	F25_('SW21', 'CMRIU1')_tb: 2427
	('SW13', 'SW21')_gcl_cycle: 4000
	F15_('CMRIU1', 'SW21')_t3_max: 124907
	('CM2CB', 'SW42')_gcl_length: 0
	F44_('SW21', 'SW31')_gc: True
	F27_('SW13', 'SW21')_rr: 0
	F23_('SW31', 'SW41')_t3_min: 7387
	F45_jitter: 129
	F7_('SW32', 'SW22')_t3_max: 60855
	F1_('SMRIU1', 'SW6')_t3_max: 1291
	F38_('SW32', 'SW22')_rr: 0
	F7_('SW13', 'MIMU1')_t4_min: 60991
	('SM2CB', 'SW52')_gcl_cycle: 1
	F46_('SW31', 'RCM1')_t3_min: 454
	F6_('CM2CB', 'SW42')_tb: 121805
	F17_('DU4', 'SW14')_gc: False
	F18_('SW32', 'SW42')_t5_min: 4275
	F24_('SW21', 'SW31')_t4_min: 23644
	F4_('StarTr1', 'SW13')_gc: False
	F29_('SW41', 'SW51')_t5_min: 6121
	F12_('SW8', 'SW31')_rr: 1
	F11_('SW13', 'MIMU2')_t4_min: 1314
	('FCM2', 'SW32')_gcl_cycle: 1
	F31_('DU5', 'SW14')_t3_max: 48
	F28_('SW13', 'SW22')_t4_min: 15689
	F14_('SW22', 'SW13')_t3_min: 30349
	F40_jitter: 129
	F29_('LCM1', 'SW31')_t3_min: 6076
	F15_('CMRIU1', 'SW21')_t4_max: 125031
	F36_jitter: 258
	F43_('CM2CA', 'SW42')_t5_min: 570
	F32_('MIMU2', 'SW13')_tb: 1441
	F45_('SW22', 'SW32')_gc: True
	F9_('SW32', 'RCM2')_t4_min: 43107
	F21_('SW31', 'SW41')_t4_max: 371
	F39_queue_index: 0
	F48_('SW11', 'DU2')_t4_min: 62735
	F19_('SW31', 'SW21')_rr: 4
	F39_('SW32', 'FCM2')_t3_min: 1838
	F18_('SW13', 'SW22')_gc: True
	F34_('SW22', 'SW32')_t4_min: 7458
	F21_('SW31', 'SW41')_rr: 8
	F12_('SW31', 'SW21')_t4_max: 15804
	F30_('SW52', 'SM2CB')_tb: 52
	F44_('MIMU2', 'SW13')_t5_max: 26262
	F41_('SW21', 'SW31')_gc: False
	('SW22', 'SW13')_gcl_cycle: 64000
	F10_('SW22', 'SW13')_gc: True
	F26_('SW32', 'SW42')_rr: 1
	F29_queue_index: 0
	F21_('SW51', 'SM1CB')_t4_min: 549
	F6_('SW14', 'DU4')_gc: False
	F18_('SW13', 'SW22')_t4_min: 4119
	('SW14', 'DU4')_gcl_length: 2
	('SW13', 'StarTr2')_gcl_cycle: 1
	F21_('MIMU2', 'SW13')_t3_max: -82
	F25_('SW31', 'SW21')_rr: 0
	F44_('SW21', 'SW31')_rr: 4
	F42_('SW41', 'CM1CB')_t3_min: 27537
	('SW21', 'CMRIU1')_gcl_cycle: 1
	('SBAND1', 'SW12')_gcl_cycle: 1
	F9_('SW42', 'SW32')_rr: 0
	F1_('SW32', 'RCM2')_rr: 32
	F8_jitter: 129
	('SW31', 'RCM1')_gcl_cycle: 2000
	('SW12', 'SW21')_gcl_cycle: 32000
	('LCM2', 'SW32')_gcl_cycle: 1
	F23_('SW41', 'CM1CA')_t4_min: 7398
	F24_('SW21', 'SW31')_t3_min: 23639
	('RCM1', 'SW31')_gcl_cycle: 1
	F31_('DU5', 'SW14')_t5_min: 182
	F7_('SW42', 'SW32')_gc: True
	F32_('SW21', 'SW31')_t4_max: 1659
	F27_('SW13', 'SW21')_t4_min: 61071
	F17_('DU4', 'SW14')_rr: 0
	F46_('SW32', 'SW7')_t5_min: 441
	F40_('SW32', 'SW42')_rr: 4
	F7_('SM2CB', 'SW52')_t3_max: 60512
	F14_('CM2CB', 'SW42')_t3_max: 30027
	F21_('MIMU2', 'SW13')_gc: False
	F31_('DU5', 'SW14')_gc: False
	F34_('SW42', 'CM2CB')_gc: False
	F6_('SW14', 'DU4')_t4_min: 121943
	F8_('SW32', 'SW22')_rr: 1
	F16_('SW22', 'SW32')_rr: 0
	('CM1CB', 'SW41')_gcl_cycle: 1
	F31_('SW21', 'SW12')_t5_min: 206
	F14_('SW32', 'SW22')_gc: False
	F26_('SW52', 'SM2CA')_t4_min: 62030
	F23_('SW31', 'SW41')_rr: 0
	F44_('MIMU2', 'SW13')_rr: 0
	F42_('SW31', 'SW41')_t4_min: 27526
	F31_('SW14', 'SW21')_rr: 0
	('SW12', 'SBAND2')_gcl_cycle: 2000
	F16_('SW22', 'SW32')_tb: 31122
	F43_('SW7', 'SW31')_gc: True
	F46_('SW31', 'RCM1')_gc: True
	F47_('SW22', 'SW32')_gc: False
	F19_('SW31', 'SW21')_t5_max: 3002
	F10_('SW32', 'SW22')_t4_min: 60573
	F33_jitter: 258
	F21_('SW21', 'SW31')_gc: False
	F47_('SBAND1', 'SW12')_t3_max: 1346
	F41_jitter: 387
	F8_('SW32', 'SW22')_t4_min: 121677
	F21_('SW13', 'SW21')_gc: False
	F5_jitter: 258
	F24_('SW12', 'SW21')_rr: 1
	F7_('SM2CB', 'SW52')_gc: False
	F19_queue_index: 0
	F21_('SW51', 'SM1CB')_t5_min: 569
	F10_('SW42', 'SW32')_gc: True
	F47_('SW12', 'SW22')_t4_min: 1559
	F15_('SW31', 'SW41')_t4_max: 125239
	F45_('SW22', 'SW32')_t4_min: 14759
	F6_('SW22', 'SW14')_t4_min: 121911
	F8_('SW32', 'SW22')_t4_max: 121677
	F46_('SW42', 'SW32')_t5_min: 425
	F32_('SW31', 'LCM1')_t4_min: 1763
	F46_('SW31', 'RCM1')_t4_min: 588
	('SW52', 'SW8')_gcl_cycle: 16000
	F26_('SW52', 'SM2CA')_gc: True
	F8_('FCM2', 'SW32')_rr: 0
	F7_('SM2CB', 'SW52')_t4_min: 60636
	F4_jitter: 129
	F6_('SW42', 'SW32')_t4_max: 121842
	F14_('SW22', 'SW13')_gc: False
	F7_('SW22', 'SW13')_tb: 60923
	F20_queue_index: 0
	F32_('SW21', 'SW31')_rr: 64
	F2_('SW41', 'SW51')_t4_max: 62238
	F3_('SW13', 'SW21')_gc: False
	F42_('DU3', 'SW11')_gc: False
	F47_('SW22', 'SW32')_t5_max: 1993
	F10_('SW32', 'SW22')_gc: False
	F32_('MIMU2', 'SW13')_rr: 0
	F48_queue_index: 0
	F12_('SW31', 'SW21')_t3_max: 15804
	F26_('SW32', 'SW42')_t5_max: 61773
	('CMRIU2', 'SW22')_gcl_cycle: 1
	F18_('SW32', 'SW42')_rr: 0
	F19_('SW11', 'DU2')_rr: 0
	F46_('SW42', 'SW32')_rr: 64
	F49_('SW21', 'SW12')_rr: 1
	F14_queue_index: 0
	F24_('SW31', 'SW41')_gc: False
	F13_('SW32', 'LCM2')_t4_min: 7155
	F21_('SW41', 'SW51')_gc: False
	('SW11', 'DU2')_gcl_cycle: 1
	F44_('SW13', 'SW21')_rr: 0
	F23_('SW31', 'SW41')_t4_min: 7387
	F19_('SW31', 'SW21')_t4_max: 2900
	F0_jitter: 129
	F19_('SW21', 'SW11')_gc: True
	F31_('SW14', 'SW21')_t5_max: 323
	F26_('SW22', 'SW32')_t4_min: 61528
	F30_('SW8', 'SW52')_rr: 0
	F43_('CM2CA', 'SW42')_rr: 0
	('SW14', 'DU5')_gcl_cycle: 1
	F0_('SW32', 'FCM2')_t3_min: 6142
	F6_('CM2CB', 'SW42')_gc: False
	F7_('SW52', 'SW42')_t4_min: 60709
	F44_('SW13', 'SW21')_t4_min: 26264
	F21_('MIMU2', 'SW13')_rr: 0
	F45_('DU1', 'SW11')_gc: False
	F2_('SW51', 'SM1CA')_t4_min: 62055
	F45_queue_index: 0
	F41_('SW21', 'SW31')_rr: 0
	F11_('RCM2', 'SW32')_gc: False
	F31_jitter: 0
	F48_('SW22', 'SW11')_gc: False
	F2_('SW31', 'SW41')_rr: 0
	F34_queue_index: 0
	F11_('RCM2', 'SW32')_rr: 0
	('LCM1', 'SW31')_gcl_cycle: 1
	F22_('MIMU2', 'SW13')_t3_max: 58401
	F26_('SW52', 'SM2CA')_t5_max: 62149
	F41_('SW13', 'SW21')_gc: True
	F12_('SW21', 'SW11')_tb: 15830
	F33_('SW41', 'SW51')_t4_max: 7316
	F6_jitter: 258
	('SW41', 'SW31')_gcl_cycle: 4000
	F18_('SW42', 'CM2CB')_tb: 4277
	F18_queue_index: 0
	F12_('SW21', 'SW11')_rr: 1
	F25_('LCM1', 'SW31')_rr: 0
	F0_('LCM2', 'SW32')_gc: False
	F3_queue_index: 0
	F47_('SW12', 'SW22')_t4_max: 1688
	F12_('SW8', 'SW31')_gc: True
	F33_('SW21', 'SW31')_t3_min: 6949
	F28_('StarTr1', 'SW13')_gc: False
	F40_('SW12', 'SW22')_rr: 0
	F23_('SW12', 'SW21')_t3_min: 7355
	F34_('SW14', 'SW22')_tb: 7449
	F1_('SW6', 'SW32')_t4_max: 1576
	F14_('SW22', 'SW13')_t4_max: 30736
	('SMRIU1', 'SW6')_gcl_cycle: 1
	F28_queue_index: 0
	F16_('SW32', 'RCM2')_t4_min: 31172
	F5_('SW22', 'SW11')_t4_max: 62992
	F45_('SW22', 'SW32')_tb: 14759
	F13_('SW32', 'LCM2')_rr: 0
	F43_('SW31', 'FCM1')_t5_max: 1146
	F23_('SW31', 'SW41')_t4_max: 7516
	F12_('SW21', 'SW11')_t4_max: 15830
	F27_('MIMU3', 'SW13')_t5_max: 61069
	F16_('SW32', 'RCM2')_gc: False
	F34_('SW22', 'SW32')_gc: False
	F6_('SW42', 'SW32')_tb: 121842
	F45_('DU1', 'SW11')_rr: 0
	F33_('SW11', 'SW21')_t4_min: 6835
	('SW21', 'CMRIU1')_gcl_length: 0
	F28_('SW13', 'SW22')_t5_min: 15776
	F33_('SW31', 'SW41')_t5_max: 7185
	F17_('SW21', 'SW13')_t4_min: 24400
	F47_('SW12', 'SW22')_gc: False
	F23_('SBAND1', 'SW12')_t3_max: 7220
	F3_('SW21', 'SW31')_t4_min: 49070
	F44_('SW6', 'SMRIU2')_t4_min: 26706
	F33_('SW21', 'SW31')_rr: 16
	F38_('SW32', 'SW22')_t5_max: 30077
	F10_('SW22', 'SW13')_t5_max: 60863
	F33_('SW11', 'SW21')_gc: True
	('SW8', 'SW52')_gcl_length: 0
	F43_('SW32', 'SW7')_gc: True
	F33_('SW51', 'SM1CA')_rr: 0
	F6_('SW32', 'SW22')_t4_min: 121879
	F44_('MIMU2', 'SW13')_t4_min: 26163
	('SW6', 'SMRIU2')_gcl_cycle: 1
	F28_('StarTr1', 'SW13')_rr: 0
	F13_('SW32', 'LCM2')_gc: False
	('RCM2', 'SW32')_gcl_length: 0
	F18_('MIMU2', 'SW13')_rr: 0
	F42_('SW11', 'SW21')_rr: 1
	('SW42', 'SW52')_gcl_cycle: 1
	F36_('SW22', 'SW11')_t5_min: 14613
	F47_('SW32', 'LCM2')_tb: 1737
	('SW7', 'SW31')_gcl_cycle: 2000
	F36_('SW22', 'SW11')_t4_min: 14528
	F45_('SW11', 'SW22')_t4_max: 14633
	('SW12', 'SBAND1')_gcl_cycle: 4000
	F34_('SW42', 'CM2CB')_t4_min: 7476
	F26_('SW13', 'SW22')_t4_min: 61402
	F25_('SW31', 'SW21')_gc: False
	F20_('LCM2', 'SW32')_t3_max: -123
	F8_('SW22', 'SW14')_gc: True
	F24_('SW41', 'CM1CA')_t5_max: 23933
	F49_('SW21', 'SW12')_gc: True
	F29_('SW51', 'SM1CB')_t5_min: 6135
	F30_('SW8', 'SW52')_t4_max: 293
	F41_('MIMU3', 'SW13')_t5_max: 1275
	F18_('SW22', 'SW32')_t4_max: 4175
	F3_('SW31', 'RCM1')_t4_min: 49147
	F1_('SW6', 'SW32')_gc: False
	F11_('SW13', 'MIMU2')_t3_max: 1319
	F8_('SW22', 'SW14')_rr: 1
	F16_('SW32', 'RCM2')_rr: 0
	F13_queue_index: 0
	('FCM1', 'SW31')_gcl_cycle: 1
	F41_queue_index: 0
	F16_('SW22', 'SW32')_t4_min: 31122
	F49_jitter: 0
	F3_('SW31', 'RCM1')_rr: 0
	F0_('SW32', 'FCM2')_tb: 6142
	F29_('SW31', 'SW41')_gc: True
	F40_('SW12', 'SW22')_gc: False
	F30_('SW8', 'SW52')_t5_min: 50
	('SW51', 'SM1CA')_gcl_length: 0
	F15_('SW41', 'CM1CA')_t5_max: 125440
	F39_('SW32', 'FCM2')_gc: False
	('DU5', 'SW14')_gcl_cycle: 1
	F32_('SW13', 'SW21')_gc: True
	F11_jitter: 129
	F23_('SW12', 'SW21')_t4_max: 7360
	F23_('SW21', 'SW31')_t4_max: 7376
	('SW52', 'SW42')_gcl_cycle: 64000
	F45_('SW22', 'SW32')_rr: 4
	F29_('SW41', 'SW51')_gc: False
	('MIMU3', 'SW13')_gcl_length: 0
	F37_('SW41', 'CM1CB')_rr: 0
	F33_('SW51', 'SM1CA')_t3_max: 7435
	F29_('LCM1', 'SW31')_rr: 0
	F27_jitter: 387
	('SW21', 'SW31')_gcl_cycle: 128000
	F26_('SW42', 'SW52')_t4_min: 61775
	F44_jitter: 129
	F23_('SBAND1', 'SW12')_gc: False
	F26_('SW42', 'SW52')_t4_max: 61904
	F34_('SW42', 'CM2CB')_rr: 0
	F9_('SW32', 'RCM2')_t5_max: 43172
	F26_queue_index: 0
	F33_('SW11', 'SW21')_t4_max: 6835
	F38_('SW22', 'CMRIU2')_tb: 29950
	F15_('SW21', 'SW31')_gc: True
	F16_('BFCU', 'SW22')_t4_max: 31072
	F44_('SW31', 'SW6')_rr: 1
	F4_queue_index: 0
	F40_('SW22', 'SW32')_tb: 15013
	F0_('LCM2', 'SW32')_rr: 0
	F3_('SW31', 'RCM1')_t3_max: 49410
	F19_('CM1CB', 'SW41')_t5_min: 2784
	F30_('SW8', 'SW52')_gc: False
	F24_('SW41', 'CM1CA')_gc: False
	F47_('SW12', 'SW22')_tb: 1559
	F9_('SW32', 'RCM2')_gc: True
	F17_('SW13', 'MIMU1')_gc: False
	F28_('SW22', 'BFCU')_t4_min: 15912
	F40_('SBAND1', 'SW12')_t5_max: 14767
	F42_('SW21', 'SW31')_tb: 27515
	('SW13', 'SW22')_gcl_cycle: 64000
	F48_('BFCU', 'SW22')_gc: False
	('DU5', 'SW14')_gcl_length: 0
	F30_('SW8', 'SW52')_t4_min: 35
	F41_('SW41', 'CM1CB')_gc: False
	F24_('SW41', 'CM1CA')_t4_min: 23666
	F37_('SW31', 'SW41')_gc: False
	F10_queue_index: 0
	F40_('SW22', 'SW32')_t4_min: 15013
	F18_('SW32', 'SW42')_t5_max: 4404
	F10_('SW42', 'SW32')_tb: 60494
	F48_('SW11', 'DU2')_gc: False
	F16_('SW22', 'SW32')_gc: False
	F21_('SW51', 'SM1CB')_rr: 1
	('SW8', 'SW52')_gcl_cycle: 1
	F12_('SW11', 'DU2')_rr: 0
	F43_('SW42', 'SW32')_rr: 0
	F41_('SW31', 'SW41')_gc: False
	F46_('SW7', 'SW31')_t4_max: 572
	F44_('MIMU2', 'SW13')_gc: False
	F41_('SW21', 'SW31')_t4_max: 1533
	F45_('SW32', 'RCM2')_rr: 0
	F41_('SW31', 'SW41')_t4_max: 1784
	F3_('SW13', 'SW21')_rr: 0
	F36_('SW11', 'SW21')_gc: False
	F43_('SW42', 'SW32')_gc: False
	F9_('SW52', 'SW42')_gc: False
	F22_('SW21', 'SW31')_t4_max: 58733
	F6_('SW42', 'SW32')_rr: 1
	F48_('SW11', 'DU2')_tb: 62735
	F34_('SW32', 'SW42')_t5_min: 7474
	F22_('SW21', 'SW31')_t4_min: 58733
	F48_('BFCU', 'SW22')_rr: 0
	F38_('LCM2', 'SW32')_t3_min: 29846
	F1_('SW32', 'RCM2')_t4_max: 1613
	F30_queue_index: 0
	F28_('SW22', 'BFCU')_t5_max: 15999
	F29_('SW51', 'SM1CB')_t4_min: 6123
	F7_('SW22', 'SW13')_t4_max: 61052
	F17_jitter: 258
	F9_queue_index: 0
	F31_('SW21', 'SW12')_t4_min: 196
	F10_('SW42', 'SW32')_t4_min: 60494
	F20_('SW14', 'DU4')_t5_min: 570
	F1_('SW32', 'RCM2')_gc: True
	F10_('SW22', 'SW13')_t4_max: 60786
	F16_('SW22', 'SW32')_t4_max: 31251
	('SW14', 'SW22')_gcl_cycle: 1
	F16_('BFCU', 'SW22')_gc: False
	F43_('SW31', 'FCM1')_t4_max: 1071
	F19_('SW41', 'SW31')_t4_max: 2791
	F22_('SW31', 'SW41')_rr: 0
	('LCM2', 'SW32')_gcl_length: 0
	F14_('SW42', 'SW32')_t4_max: 30346
	F21_('SW41', 'SW51')_t4_max: 522
	F5_('SW11', 'DU1')_t4_max: 63192
	F1_('SW32', 'RCM2')_t3_max: 1613
	F42_('SW21', 'SW31')_t4_min: 27515
	F22_('SW41', 'SW51')_gc: False
	('SW32', 'SW42')_gcl_cycle: 64000
	F11_('SW22', 'SW13')_rr: 32
	F16_('BFCU', 'SW22')_rr: 0
	('SW31', 'SW21')_gcl_cycle: 16000
	F41_('MIMU3', 'SW13')_gc: False
	F7_('SW13', 'MIMU1')_t5_min: 61057
	F15_('SW21', 'SW31')_t4_min: 125073
	F25_('SW21', 'CMRIU1')_rr: 0
	F43_('SW7', 'SW31')_rr: 1
	F7_('SW52', 'SW42')_t3_min: 60704
	('SM2CA', 'SW52')_gcl_cycle: 1
	F42_('SW21', 'SW31')_rr: 0
	F6_('SW42', 'SW32')_t4_min: 121842
	F42_('SW41', 'CM1CB')_gc: False
	F10_('SW22', 'SW13')_t4_min: 60786
	F1_queue_index: 0
	F19_('SW11', 'DU2')_gc: False
	F12_('SW31', 'SW21')_t4_min: 15804
	F6_('SW14', 'DU4')_tb: 121943
	F37_('SW41', 'CM1CB')_t4_min: 126508
	F7_('SW22', 'SW13')_gc: False
	F2_jitter: 387
	F47_queue_index: 0
	F29_('SW31', 'SW41')_t5_min: 6107
	F3_('MIMU2', 'SW13')_gc: False
	F9_('SM2CA', 'SW52')_rr: 0
	F28_('SW22', 'BFCU')_rr: 1
	F24_('SW31', 'SW41')_t4_max: 23784
	F13_('RCM2', 'SW32')_gc: False
	('SW22', 'BFCU')_gcl_cycle: 16000
	F16_jitter: 258
	F17_('SW14', 'SW21')_t4_max: 24329
	F46_('SW42', 'SW32')_t4_min: 416
	F25_('SW31', 'SW21')_t3_min: 2409
	F42_('SW11', 'SW21')_gc: True
	F7_('SM2CB', 'SW52')_rr: 0
	F39_('SW6', 'SW32')_rr: 1
	F45_('SW11', 'SW22')_t4_min: 14633
	F18_('SW32', 'SW42')_gc: False
	F43_queue_index: 0
	F44_('MIMU2', 'SW13')_t3_max: 26039
	F18_('MIMU2', 'SW13')_t3_max: 3939
	('SW11', 'DU3')_gcl_cycle: 1
	F27_('SW13', 'SW21')_t4_max: 61200
	('SW41', 'CM1CB')_gcl_cycle: 1
	F42_('SW21', 'SW31')_t4_max: 27644
	F41_('MIMU3', 'SW13')_rr: 0
	F46_jitter: 0
	F8_('SW14', 'DU5')_t4_min: 121912
	F14_('SW32', 'SW22')_tb: 30283
	('SW52', 'SM2CB')_gcl_cycle: 1
	F42_('DU3', 'SW11')_t3_max: 27364
	F0_('LCM2', 'SW32')_t5_min: 6140
	F49_('SW14', 'SW21')_gc: True
	('SW31', 'SW6')_gcl_cycle: 32000
	F46_queue_index: 0
	F48_('BFCU', 'SW22')_t3_max: 62369
	F10_('SW13', 'MIMU2')_gc: False
	F31_('DU5', 'SW14')_t3_min: 172
	F32_('MIMU2', 'SW13')_gc: False
	F24_queue_index: 0
	F2_('SW51', 'SM1CA')_rr: 0
	F20_('SW22', 'SW14')_t5_min: 230
	F11_('RCM2', 'SW32')_t3_max: 873
	F35_('DU1', 'SW11')_t3_max: -123
	F23_('SBAND1', 'SW12')_tb: 7344
	F43_('SW7', 'SW31')_t4_max: 865
	('StarTr1', 'SW13')_gcl_cycle: 1
	F9_('SW52', 'SW42')_t4_max: 42839
	F38_('SW22', 'CMRIU2')_rr: 0
	F20_('SW22', 'SW14')_gc: False
	F36_('SW21', 'CMRIU1')_t4_min: 14702
	F22_('SW13', 'SW21')_t4_max: 58691
	F26_('SW22', 'SW32')_tb: 61528
	F17_('DU4', 'SW14')_t3_max: 24129
	F38_('SW32', 'SW22')_t3_max: 29903
	F36_('SW22', 'SW11')_t3_max: 14528
	F19_('SW41', 'SW31')_t3_max: 2791
	F33_('SW11', 'SW21')_t3_max: 6835
	F29_('SW31', 'SW41')_t3_max: 6095
	F26_('SW13', 'SW22')_t3_max: 61402
	F37_('SW31', 'SW41')_t3_max: 126397
	F42_('SW11', 'SW21')_t3_max: 27504
	F44_('SW13', 'SW21')_t3_max: 26269
	F12_('SW52', 'SW8')_t3_max: 15752
	F16_('SW22', 'SW32')_t3_max: 31127
	F49_('SW14', 'SW21')_t3_max: 68
	F43_('SW42', 'SW32')_t3_max: 577
	F11_('SW32', 'SW22')_t3_max: 1063
	F6_('SW42', 'SW32')_t3_max: 121842
	F34_('SW14', 'SW22')_t3_max: 7454
	F45_('SW11', 'SW22')_t3_max: 14633
	F28_('SW13', 'SW22')_t3_max: 15694
	F21_('SW13', 'SW21')_t3_max: 69
	F48_('SW22', 'SW11')_t3_max: 62619
	F47_('SW12', 'SW22')_t3_max: 1564
	F3_('SW13', 'SW21')_t3_max: 48998
	F25_('SW31', 'SW21')_t3_max: 2414
	F22_('SW13', 'SW21')_t3_max: 58567
	F4_('SW13', 'MIMU1')_t3_max: 12813
	F0_('SW32', 'FCM2')_t3_max: 6147
	F5_('SW22', 'SW11')_t3_max: 62868
	F20_('SW32', 'SW22')_t3_max: 83
	F35_('SW11', 'DU3')_t3_max: 129
	F9_('SW52', 'SW42')_t3_max: 42715
	F13_('SW32', 'LCM2')_t3_max: 7160
	F14_('SW42', 'SW32')_t3_max: 30222
	F8_('SW32', 'SW22')_t3_max: 121677
	F15_('SW21', 'SW31')_t3_max: 125073
	F39_('SW6', 'SW32')_t3_max: 1804
	F41_('SW13', 'SW21')_t3_max: 1282
	F32_('SW13', 'SW21')_t3_max: 1550
	F31_('SW14', 'SW21')_t3_max: 189
	F24_('SW12', 'SW21')_t3_max: 23628
	F1_('SW6', 'SW32')_t3_max: 1452
	F2_('SW31', 'SW41')_t3_max: 61910
	F17_('SW14', 'SW21')_t3_max: 24329
	F18_('SW13', 'SW22')_t3_max: 4119
	F23_('SW12', 'SW21')_t3_max: 7360
	F30_('SW31', 'SW8')_t3_max: 23
	F7_('SW52', 'SW42')_t3_max: 60709
	F40_('SW12', 'SW22')_t3_max: 14774
	F46_('SW42', 'SW32')_t3_max: 416
	F10_('SW42', 'SW32')_t3_max: 60494
	F27_('SW13', 'SW21')_t3_max: 61076
	F7_('SW42', 'SW32')_t5_min: 60848
	F42_('SW21', 'SW31')_t3_max: 27520
	F22_('SW21', 'SW31')_t5_max: 58768
	F36_('SW21', 'CMRIU1')_t3_max: 14836
	F26_('SW32', 'SW42')_t5_min: 61773
	F34_('DU4', 'SW14')_t4_max: 7440
	F36_('CMRIU2', 'SW22')_t4_max: 14436
	F24_('SW21', 'SW31')_t5_min: 23653
	F4_('SW13', 'MIMU1')_tb: 12808
	F37_('SW41', 'CM1CB')_t3_max: 126642
	F18_('SW42', 'CM2CB')_t5_max: 4584
	F1_('SMRIU1', 'SW6')_t5_min: 1445
	F46_('SW7', 'SW31')_t5_max: 581
	F7_('SW22', 'SW13')_t5_max: 61118
	F13_('RCM2', 'SW32')_tb: 7057
	F8_('FCM2', 'SW32')_t4_min: 121557
	F17_('DU4', 'SW14')_t3_min: 24253
	F3_('SW31', 'RCM1')_t5_max: 49609
	F45_('SW32', 'RCM2')_t4_max: 15009
	F43_('SW42', 'SW32')_tb: 572
	F42_('SW11', 'SW21')_t5_min: 27513
	F20_('SW14', 'DU4')_tb: 495
	F44_('MIMU2', 'SW13')_t5_min: 26262
	F41_('SW41', 'CM1CB')_t5_min: 1768
	F27_('SW13', 'SW21')_t5_min: 61107
	F7_('SW32', 'SW22')_t5_max: 60921
	F17_('SW14', 'SW21')_t5_max: 24398
	F25_('SW21', 'CMRIU1')_t4_max: 2685
	F30_('SW52', 'SM2CB')_t4_max: 439
	F42_('SW41', 'CM1CB')_t4_max: 27924
	F11_('RCM2', 'SW32')_tb: 997
	F41_('SW41', 'CM1CB')_t3_min: 1648
	F47_('SW22', 'SW32')_t3_min: 1648
	F17_('SW13', 'MIMU1')_t4_max: 24729
	F5_('BFCU', 'SW22')_t5_max: 62861
	F14_('SW22', 'SW13')_tb: 30349
	F14_('SW13', 'StarTr2')_t3_min: 30415
	F36_('SW21', 'CMRIU1')_t4_max: 14960
	F16_('BFCU', 'SW22')_t3_min: 31072
	F19_('SW21', 'SW11')_t3_max: 3009
	F29_('LCM1', 'SW31')_t5_max: 6088
	F47_('SW22', 'SW32')_t3_max: 1782
	F31_('SW14', 'SW21')_t5_min: 194
	F42_('SW11', 'SW21')_t5_max: 27513
	F40_('SW32', 'SW42')_t3_min: 15123
	F45_('SW32', 'RCM2')_t5_max: 15128
	F46_('SW7', 'SW31')_t5_min: 452
	F27_('SW13', 'SW21')_tb: 61071
	F11_('RCM2', 'SW32')_t5_max: 1056
	F41_('SW41', 'CM1CB')_t3_max: 1911
	F34_('SW14', 'SW22')_t3_min: 7449
	F12_('SW11', 'DU2')_t3_max: 15856
	F22_('SW21', 'SW31')_t5_min: 58768
	F2_('SW51', 'SM1CA')_t5_min: 62128
	F22_('MIMU2', 'SW13')_t5_max: 58560
	F26_('SW42', 'SW52')_t3_min: 61775
	F40_('SW32', 'SW42')_t5_max: 15236
	('SW13', 'StarTr2')_gcl_length: 0
	F12_('SW52', 'SW8')_tb: 15752
	F46_('SW32', 'SW7')_t3_max: 432
	F21_('MIMU2', 'SW13')_t4_min: 42
	F12_('SW21', 'SW11')_t3_min: 15825
	F40_('SW42', 'CM2CB')_t3_min: 15238
	F39_('SMRIU1', 'SW6')_t4_min: 1765
	F31_('SW21', 'SW12')_t5_max: 464
	F19_('SW11', 'DU2')_tb: 3113
	F27_('MIMU3', 'SW13')_t5_min: 61069
	F17_('SW21', 'SW13')_t3_min: 24400
	F38_('LCM2', 'SW32')_t4_max: 29846
	F44_('MIMU2', 'SW13')_t4_max: 26163
	F22_('SW13', 'SW21')_t3_min: 58562
	F20_('LCM2', 'SW32')_t5_min: 76
	F37_('LCM1', 'SW31')_t4_max: 126276
	F9_('SW42', 'SW32')_t3_min: 42777
	F19_('CM1CB', 'SW41')_t3_min: 2682
	F41_('SW21', 'SW31')_t5_max: 1653
	('CMRIU1', 'SW21')_gcl_length: 0
	F10_('SW32', 'SW22')_t3_max: 60578
	F27_('MIMU3', 'SW13')_t4_min: 61033
	F23_('SW12', 'SW21')_tb: 7360
	F47_('SW12', 'SW22')_t3_min: 1559
	F12_('SM2CA', 'SW52')_t4_min: 15726
	F30_('SW52', 'SM2CB')_t5_min: 67
	F14_('CM2CB', 'SW42')_t4_min: 30151
	F37_('SW31', 'SW41')_tb: 126392
	F12_('SM2CA', 'SW52')_t5_min: 15745
	F29_('SW51', 'SM1CB')_t3_max: 6257
	F3_('SW21', 'SW31')_t3_max: 49204
	F2_('SW41', 'SW51')_t5_max: 62311
	F20_('SW32', 'SW22')_t5_min: 153
	F3_('MIMU2', 'SW13')_tb: 48916
	F40_('SW42', 'CM2CB')_t3_max: 15243
	F2_('RCM1', 'SW31')_t3_min: 61830
	F41_('SW31', 'SW41')_t5_min: 1646
	F11_('SW22', 'SW13')_t5_max: 1312
	F40_('SBAND1', 'SW12')_t4_max: 14659
	F24_('SW31', 'SW41')_t5_min: 23664
	F7_('SM2CB', 'SW52')_t5_min: 60702
	F23_('SW41', 'CM1CA')_tb: 7398
	F8_('SW14', 'DU5')_tb: 121912
	F8_('SW32', 'SW22')_tb: 121677
	F4_('StarTr1', 'SW13')_tb: 12753
	F23_('SW31', 'SW41')_t3_max: 7392
	F14_('SW42', 'SW32')_t5_max: 30410
	F34_('SW22', 'SW32')_t5_max: 7723
	F30_('SW52', 'SM2CB')_t5_max: 454
	F43_('SW7', 'SW31')_t5_max: 940
	F14_('SW22', 'SW13')_t3_max: 30612
	F22_('SW31', 'SW41')_t5_max: 58934
	F19_('CM1CB', 'SW41')_t5_max: 2784
	F8_('SW14', 'DU5')_t4_max: 122041
	F26_('SW32', 'SW42')_tb: 61654
	F33_('SW41', 'SW51')_t5_min: 7299
	F33_('SW51', 'SM1CA')_tb: 7301
	F2_('SW31', 'SW41')_t5_min: 61978
	F42_('DU3', 'SW11')_t4_max: 27488
	F24_('SBAND2', 'SW12')_t5_min: 23621
	F41_('SW21', 'SW31')_t3_min: 1404
	F34_('SW14', 'SW22')_t5_min: 7456
	('SW41', 'SW51')_gcl_length: 0
	F38_('LCM2', 'SW32')_t5_max: 29896
	F28_('SW22', 'BFCU')_t5_min: 15999
	F49_('DU5', 'SW14')_tb: 1
	F7_('SW13', 'MIMU1')_t4_max: 61249
	F12_('SW31', 'SW21')_t3_min: 15799
	F15_('SW21', 'SW31')_tb: 125073
	F2_('SW31', 'SW41')_t5_max: 62107
	F39_('SW6', 'SW32')_t5_min: 1836
	F24_('SW41', 'CM1CA')_t3_max: 23800
	F14_('SW13', 'StarTr2')_t5_min: 30479
	F22_('SW51', 'SM1CB')_tb: 58844
	F43_('SW32', 'SW7')_t3_max: 783
	('SW31', 'FCM1')_gcl_length: 0
	F3_('SW13', 'SW21')_t5_min: 49068
	('SW12', 'SW21')_gcl_length: 10
	F27_('SW21', 'SW31')_tb: 61109
	F46_('CM2CB', 'SW42')_t5_max: 409
	F19_('SW11', 'DU2')_t5_min: 3215
	F40_('SW22', 'SW32')_t5_min: 15121
	F9_('SW32', 'RCM2')_t5_min: 43172
	F37_('SW41', 'CM1CB')_t5_min: 126622
	F8_('FCM2', 'SW32')_t5_max: 121670
	F44_('SW13', 'SW21')_t5_min: 26363
	F17_('SW21', 'SW13')_t3_max: 24405
	('SW22', 'SW14')_gcl_length: 2
	F9_('SM2CA', 'SW52')_t4_max: 42643
	F33_('SW51', 'SM1CA')_t4_max: 7559
	F23_('SW31', 'SW41')_t5_max: 7525
	F12_('SW8', 'SW31')_tb: 15778
	F26_('MIMU3', 'SW13')_t4_min: 61276
	F1_('SMRIU1', 'SW6')_tb: 1415
	F49_('SW14', 'SW21')_t3_min: 63
	F24_('SBAND2', 'SW12')_t4_max: 23612
	F49_('SW12', 'SBAND1')_t5_min: 262
	F34_('SW22', 'SW32')_t3_min: 7458
	F23_('SW21', 'SW31')_t3_min: 7371
	F18_('MIMU2', 'SW13')_t5_max: 4112
	F13_('RCM2', 'SW32')_t4_min: 7057
	F40_('SW12', 'SW22')_tb: 14769
	F1_('SMRIU1', 'SW6')_t5_max: 1445
	F38_('LCM2', 'SW32')_t5_min: 29896
	('SW21', 'SW13')_gcl_length: 0
	F20_('SW22', 'SW14')_t3_min: 155
	F33_('SW21', 'SW31')_tb: 6954
	F29_('SW41', 'SW51')_t5_max: 6250
	F36_('SW21', 'CMRIU1')_t5_min: 14787
	('SW21', 'SW31')_gcl_length: 214
	F43_('SW7', 'SW31')_tb: 865
	F48_('SW22', 'SW11')_t5_min: 62733
	F6_('SW42', 'SW32')_t5_max: 121872
	F48_('BFCU', 'SW22')_t5_max: 62612
	F36_('CMRIU2', 'SW22')_t5_max: 14521
	F27_('SW31', 'FCM1')_t5_max: 61570
	F23_('SW41', 'CM1CA')_t4_max: 7656
	F5_('SW11', 'DU1')_t5_min: 63003
	F22_('MIMU2', 'SW13')_t4_max: 58525
	F5_('BFCU', 'SW22')_t5_min: 62861
	F19_('SW21', 'SW11')_tb: 3009
	F35_('SW11', 'DU3')_t4_max: 253
	F22_('SW31', 'SW41')_t3_min: 58770
	F15_('SW21', 'SW31')_t5_min: 125108
	F10_('CM2CB', 'SW42')_tb: 60410
	F19_('CM1CB', 'SW41')_t4_min: 2682
	F48_('SW11', 'DU2')_t4_max: 62993
	F22_('SW21', 'SW31')_t3_min: 58599
	F25_('SW31', 'SW21')_t5_min: 2425
	F3_('SW31', 'RCM1')_tb: 49147
	('RCM1', 'SW31')_gcl_length: 0
	F45_('DU1', 'SW11')_t5_min: 14626
	F22_('SW13', 'SW21')_t5_max: 58726
	F40_('SBAND1', 'SW12')_t3_min: 14659
	F21_('SW51', 'SM1CB')_t3_min: 415
	('SW11', 'DU3')_gcl_length: 0
	F38_('LCM2', 'SW32')_t4_min: 29846
	F8_('FCM2', 'SW32')_t3_min: 121557
	F35_('DU1', 'SW11')_t4_max: 1
	F11_('SW13', 'MIMU2')_tb: 1314
	F35_('DU1', 'SW11')_t5_min: 122
	F31_('SW12', 'SBAND2')_t5_min: 481
	F6_('CM2CB', 'SW42')_t5_max: 121835
	F34_('SW22', 'SW32')_tb: 7458
	F15_('SW41', 'CM1CA')_t4_max: 125405
	F7_('SW13', 'MIMU1')_t3_max: 61125
	F38_('SW32', 'SW22')_t5_min: 29948
	F18_('MIMU2', 'SW13')_t5_min: 4112
	F21_('SW21', 'SW31')_t5_max: 364
	F0_('SW32', 'FCM2')_t4_max: 6271
	F32_('SW21', 'SW31')_tb: 1659
	F7_('SM2CB', 'SW52')_t3_min: 60636
	F18_('SW13', 'SW22')_t5_min: 4168
	('SMRIU1', 'SW6')_gcl_length: 0
	F22_('SW13', 'SW21')_t5_min: 58597
	F24_('SW41', 'CM1CA')_t5_min: 23675
	F24_('SW31', 'SW41')_t3_min: 23655
	F41_('MIMU3', 'SW13')_tb: 1155
	F28_('SW22', 'BFCU')_t3_max: 15912
	F26_('SW32', 'SW42')_t3_min: 61649
	F17_('SW14', 'SW21')_t5_min: 24398
	F28_('SW22', 'BFCU')_t3_min: 15778
	F44_('SW13', 'SW21')_tb: 26264
	F44_('SW31', 'SW6')_t3_max: 26605
	F30_('SW8', 'SW52')_t5_max: 308
	F6_('CM2CB', 'SW42')_t5_min: 121835
	F17_('SW21', 'SW13')_t5_max: 24598
	F15_('SW41', 'CM1CA')_tb: 125147
	F15_('CMRIU1', 'SW21')_tb: 125031
	F2_('RCM1', 'SW31')_t5_max: 61903
	F43_('SW7', 'SW31')_t3_min: 860
	F47_('SBAND1', 'SW12')_t4_min: 1470
	F10_('SW32', 'SW22')_tb: 60573
	F46_('SW42', 'SW32')_tb: 416
	F32_('MIMU2', 'SW13')_t5_min: 1543
	F17_('DU4', 'SW14')_t5_min: 24322
	F5_('SW11', 'DU1')_t5_max: 63261
	F9_('SW52', 'SW42')_t3_min: 42710
	F21_('SW41', 'SW51')_t3_max: 398
	F28_('StarTr1', 'SW13')_t3_min: 15600
	F21_('SW21', 'SW31')_t3_max: 220
	F20_('LCM2', 'SW32')_t4_min: 1
	F49_('DU5', 'SW14')_t4_min: 1
	F42_('SW21', 'SW31')_t3_min: 27515
	F34_('SW32', 'SW42')_t3_max: 7730
	F13_('SW32', 'LCM2')_t4_max: 7284
	F7_('SW42', 'SW32')_t3_min: 60777
	F29_('SW51', 'SM1CB')_t5_max: 6393
	F30_('FCM1', 'SW31')_t5_max: 16
	F5_('SW11', 'DU1')_t3_min: 62934
	F4_('SW13', 'MIMU1')_t4_max: 12937
	F20_('SW22', 'SW14')_t3_max: 289
	F36_('SW11', 'SW21')_t3_max: 14620
	F44_('SW6', 'SMRIU2')_t4_max: 26835
	('SW22', 'SW13')_gcl_length: 66
	F45_('SW32', 'RCM2')_t3_min: 14880
	F34_('SW22', 'SW32')_t5_min: 7465
	F20_('SW14', 'DU4')_t5_max: 570
	F9_('SW42', 'SW32')_t5_min: 42842
	F24_('SW21', 'SW31')_tb: 23644
	F25_('LCM1', 'SW31')_t4_min: 2391
	F25_('SW21', 'CMRIU1')_t3_min: 2427
	F14_('CM2CB', 'SW42')_t3_min: 30151
	F25_('SW21', 'CMRIU1')_t5_max: 2701
	('SW52', 'SM2CA')_gcl_length: 2
	F19_('SW41', 'SW31')_t5_min: 2893
	F9_('SW32', 'RCM2')_t3_max: 43107
	('SW41', 'CM1CA')_gcl_length: 0
	('DU1', 'SW11')_gcl_length: 0
	F4_('StarTr1', 'SW13')_t5_max: 12806
	F49_('DU5', 'SW14')_t5_max: 61
	F43_('SW7', 'SW31')_t5_min: 940
	F28_('SW13', 'SW22')_t5_max: 15905
	F29_('SW41', 'SW51')_tb: 6109
	F49_('SW21', 'SW12')_t3_max: 135
	F37_('LCM1', 'SW31')_t5_min: 126390
	F9_('SM2CA', 'SW52')_t4_min: 42643
	F9_('SW32', 'RCM2')_tb: 43107
	F20_('LCM2', 'SW32')_t5_max: 76
	('FCM2', 'SW32')_gcl_length: 0
	F11_('SW22', 'SW13')_t5_min: 1312
	F1_('SW32', 'RCM2')_t3_min: 1479
	F12_('SW31', 'SW21')_t5_min: 15823
	F14_('SW22', 'SW13')_t5_max: 30800
	F25_('SW21', 'CMRIU1')_t5_min: 2443
	('SW42', 'SW32')_gcl_length: 138
	F41_('MIMU3', 'SW13')_t3_min: 1155
	F8_('FCM2', 'SW32')_tb: 121557
	F43_('CM2CA', 'SW42')_t4_min: 495
	('SW51', 'SM1CB')_gcl_length: 2
	F45_('SW32', 'RCM2')_t5_min: 14999
	('SW12', 'SW22')_gcl_length: 0
	F17_('SW21', 'SW13')_t5_min: 24469
	F9_('SW52', 'SW42')_t5_max: 42904
	F11_('SW22', 'SW13')_tb: 1253
	F8_('SW32', 'SW22')_t5_min: 121790
	F7_('SW22', 'SW13')_t5_min: 60989
	F22_('MIMU2', 'SW13')_t5_min: 58560
	F19_('SW31', 'SW21')_t3_max: 2900
	F15_('CMRIU1', 'SW21')_t4_min: 125031
	F12_('SM2CA', 'SW52')_t3_min: 15726
	('SW42', 'CM2CB')_gcl_length: 0
	F37_('SW41', 'CM1CB')_tb: 126508
	F43_('SW32', 'SW7')_t5_min: 858
	F34_('DU4', 'SW14')_tb: 7440
	F7_('SW42', 'SW32')_tb: 60782
	F34_('SW42', 'CM2CB')_t5_min: 7483
	('SW32', 'SW42')_gcl_length: 10
	F45_('SW11', 'SW22')_t5_min: 14752
	F46_('SW32', 'SW7')_t3_min: 427
	F42_('SW31', 'SW41')_t3_min: 27526
	F6_('SW22', 'SW14')_t3_max: 121916
	F47_('SW32', 'LCM2')_t5_max: 2211
	F43_('SW42', 'SW32')_t3_min: 572
	F45_('SW32', 'RCM2')_t3_max: 14885
	F11_('SW22', 'SW13')_t3_min: 1119
	F21_('SW51', 'SM1CB')_t4_max: 549
	F3_('SW21', 'SW31')_tb: 49070
	F47_('SBAND1', 'SW12')_tb: 1470
	F42_('SW11', 'SW21')_t3_min: 27499
	F20_('SW14', 'DU4')_t3_min: 232
	F10_('SW13', 'MIMU2')_t5_max: 61071
	F41_('SW21', 'SW31')_t5_min: 1524
	F22_('SW41', 'SW51')_t3_min: 58807
	F21_('SW21', 'SW31')_t3_min: 86
	F46_('SW7', 'SW31')_t3_max: 448
	F28_('StarTr1', 'SW13')_tb: 15600
	F10_('CM2CB', 'SW42')_t5_max: 60487
	F23_('SW21', 'SW31')_t5_max: 7385
	F42_('SW41', 'CM1CB')_t5_min: 27546
	F48_('BFCU', 'SW22')_t4_min: 62493
	F37_('LCM1', 'SW31')_tb: 126276
	F2_('RCM1', 'SW31')_t4_min: 61830
	F29_('LCM1', 'SW31')_t4_max: 6076
	F40_('SW12', 'SW22')_t3_min: 14769
	F7_('SW52', 'SW42')_t5_min: 60775
	F31_('SW14', 'SW21')_t3_min: 184
	F27_('MIMU3', 'SW13')_t3_min: 61033
	F14_('SW42', 'SW32')_t5_min: 30281
	F47_('SW12', 'SW22')_t5_max: 1775
	F44_('SW21', 'SW31')_t3_max: 26499
	F15_('CMRIU1', 'SW21')_t5_max: 125066
	F26_('SW22', 'SW32')_t3_max: 61528
	F7_('SW13', 'MIMU1')_t3_min: 60991
	F37_('LCM1', 'SW31')_t4_min: 126276
	F47_('SW32', 'LCM2')_t3_min: 1737
	F30_('SW31', 'SW8')_tb: 18
	F14_('SW42', 'SW32')_tb: 30217
	F29_('SW51', 'SM1CB')_tb: 6123
	F44_('SW6', 'SMRIU2')_tb: 26706
	F19_('SW41', 'SW31')_tb: 2791
	F44_('SW6', 'SMRIU2')_t5_min: 26805
	F48_('SW22', 'SW11')_t5_max: 62862
	F3_('MIMU2', 'SW13')_t5_min: 48991
	F45_('SW22', 'SW32')_t5_min: 14878
	F30_('SW31', 'SW8')_t5_max: 162
	F22_('SW41', 'SW51')_t5_max: 59100
	F4_('SW13', 'MIMU1')_t5_max: 12990
	('SW32', 'FCM2')_gcl_length: 0
	('SW22', 'SW32')_gcl_length: 26
	F12_('SW11', 'DU2')_t4_max: 15980
	F41_('SW13', 'SW21')_t3_min: 1277
	F39_('SW32', 'FCM2')_t4_max: 1967
	F26_('SW22', 'SW32')_t5_min: 61647
	F8_('SW32', 'SW22')_t5_max: 121790
	F4_('SW13', 'MIMU1')_t5_min: 12861
	F42_('DU3', 'SW11')_tb: 27488
	F33_('SW31', 'SW41')_tb: 7073
	F14_('SW32', 'SW22')_t5_min: 30347
	('SW52', 'SM2CB')_gcl_length: 0
	F5_('BFCU', 'SW22')_tb: 62792
	F1_('SW32', 'RCM2')_tb: 1613
	F17_('SW13', 'MIMU1')_t3_min: 24471
	F14_('CM2CB', 'SW42')_t5_min: 30215
	F8_('SW14', 'DU5')_t5_max: 122154
	F32_('SW21', 'SW31')_t5_max: 1761
	F20_('SW22', 'SW14')_tb: 155
	F10_('SW22', 'SW13')_tb: 60786
	F9_('SW32', 'RCM2')_t4_max: 43107
	F3_('SW31', 'RCM1')_t5_min: 49222
	F27_('SW21', 'SW31')_t5_max: 61403
	F40_('SBAND1', 'SW12')_t4_min: 14659
	F28_('StarTr1', 'SW13')_t5_min: 15687
	F24_('SW12', 'SW21')_t5_max: 23637
	('SW11', 'SW22')_gcl_length: 2
	F7_('SW13', 'MIMU1')_t5_max: 61315
	F45_('SW11', 'SW22')_t3_min: 14628
	F39_('SW6', 'SW32')_tb: 1804
	F33_('DU1', 'SW11')_t4_max: 6716
	F42_('SW31', 'SW41')_tb: 27526
	F10_('CM2CB', 'SW42')_t4_min: 60410
	F5_('BFCU', 'SW22')_t4_max: 62792
	F42_('DU3', 'SW11')_t4_min: 27488
	F19_('SW31', 'SW21')_t3_min: 2895
	F27_('SW13', 'SW21')_t3_min: 61071
	F12_('SW31', 'SW21')_tb: 15804
	F47_('SW22', 'SW32')_t5_min: 1735
	F11_('RCM2', 'SW32')_t4_max: 997
	F26_('SW22', 'SW32')_t3_min: 61523
	F20_('SW22', 'SW14')_t5_max: 488
	F14_('SW22', 'SW13')_t5_min: 30413
	F5_('SW11', 'DU1')_tb: 62934
	F27_('SW31', 'FCM1')_t4_max: 61534
	F23_('SW41', 'CM1CA')_t5_min: 7407
	F31_('SW21', 'SW12')_t3_min: 196
	F26_('SW13', 'SW22')_t3_min: 61397
	F43_('SW31', 'FCM1')_t5_min: 1017
	F45_('SW22', 'SW32')_t3_min: 14754
	F19_('CM1CB', 'SW41')_t4_max: 2682
	F15_('SW21', 'SW31')_t5_max: 125108
	F25_('LCM1', 'SW31')_t5_min: 2407
	F9_('SM2CA', 'SW52')_tb: 42643
	F6_('SW32', 'SW22')_t5_max: 121909
	F23_('SW31', 'SW41')_t5_min: 7396
	F40_('SW32', 'SW42')_t3_max: 15128
	F40_('SW42', 'CM2CB')_t5_max: 15475
	F18_('MIMU2', 'SW13')_t4_min: 4063
	F30_('SW52', 'SM2CB')_t3_min: 52
	F9_('SM2CA', 'SW52')_t5_max: 42708
	F2_('SW31', 'SW41')_tb: 61905
	F0_('LCM2', 'SW32')_t3_min: 6077
	F43_('SW7', 'SW31')_t3_max: 865
	F31_('SW12', 'SBAND2')_t3_max: 471
	F14_('SW13', 'StarTr2')_t5_max: 30995
	F0_('LCM2', 'SW32')_t4_max: 6077
	('SW11', 'DU2')_gcl_length: 0
	F12_('SM2CA', 'SW52')_t4_max: 15726
	F11_('SW13', 'MIMU2')_t5_min: 1373
	F6_('SW42', 'SW32')_t5_min: 121872
	('SM2CB', 'SW52')_gcl_length: 0
	F18_('SW13', 'SW22')_t5_max: 4168
	F10_('SW13', 'MIMU2')_t3_max: 60870
	('SW6', 'SW32')_gcl_length: 2
	F33_('DU1', 'SW11')_t5_min: 6828
	F19_('SW11', 'DU2')_t3_min: 3113
	F1_('SMRIU1', 'SW6')_t4_min: 1415
	F27_('SW21', 'SW31')_t3_max: 61243
	F16_('SW32', 'RCM2')_tb: 31172
	('SW31', 'LCM1')_gcl_length: 0
	F9_('SW52', 'SW42')_t5_min: 42775
	F20_('SW14', 'DU4')_t4_max: 495
	F39_('SW32', 'FCM2')_t5_min: 1870
	F6_('SW32', 'SW22')_t3_max: 121879
	F32_('SW31', 'LCM1')_t3_min: 1763
	F48_('BFCU', 'SW22')_t5_min: 62612
	F41_('SW41', 'CM1CB')_t5_max: 2155
	F17_('SW21', 'SW13')_tb: 24400
	F2_('SW51', 'SM1CA')_t5_max: 62515
	F33_('DU1', 'SW11')_t5_max: 6828
	('SW7', 'SW31')_gcl_length: 2
	F31_('SW21', 'SW12')_t3_max: 330
	F30_('SW52', 'SM2CB')_t3_max: 315
	F29_('SW41', 'SW51')_t3_min: 6109
	F15_('SW31', 'SW41')_t5_min: 125145
	F12_('SW8', 'SW31')_t3_max: 15778
	F6_('SW32', 'SW22')_tb: 121879
	F42_('DU3', 'SW11')_t5_min: 27497
	F30_('SW31', 'SW8')_t5_min: 33
	F21_('SW21', 'SW31')_t5_min: 106
	F21_('MIMU2', 'SW13')_t5_min: 62
	F23_('SBAND1', 'SW12')_t5_min: 7353
	F18_('SW13', 'SW22')_tb: 4119
	F45_('SW11', 'SW22')_t5_max: 14752
	F11_('RCM2', 'SW32')_t4_min: 997
	('LCM1', 'SW31')_gcl_length: 0
	('SW22', 'CMRIU2')_gcl_length: 0
	F30_('SW8', 'SW52')_tb: 35
	F40_('SW32', 'SW42')_t5_min: 15236
	F26_('MIMU3', 'SW13')_t4_max: 61276
	F42_('SW41', 'CM1CB')_t3_max: 27800
	F3_('SW21', 'SW31')_t3_min: 49070
	F35_('SW11', 'DU3')_tb: 124
	F32_('SW21', 'SW31')_t3_max: 1659
	F3_('SW21', 'SW31')_t5_min: 49145
	F3_('MIMU2', 'SW13')_t5_max: 48991
	F34_('SW32', 'SW42')_tb: 7467
	F21_('MIMU2', 'SW13')_tb: 42
	F11_('SW32', 'SW22')_t3_min: 1058
	F10_('SW13', 'MIMU2')_t4_max: 60994
	F21_('MIMU2', 'SW13')_t4_max: 42
	F27_('MIMU3', 'SW13')_tb: 61033
	F14_('SW32', 'SW22')_t3_max: 30417
	F33_('DU1', 'SW11')_tb: 6716
	F20_('SW32', 'SW22')_tb: 78
	F41_('SW31', 'SW41')_t3_max: 1660
	F34_('SW32', 'SW42')_t5_max: 7861
	F19_('SW31', 'SW21')_tb: 2900
	F1_('SW6', 'SW32')_t5_max: 1606
	F44_('SW6', 'SMRIU2')_t3_min: 26706
	F33_('SW11', 'SW21')_t5_min: 6947
	F10_('SW42', 'SW32')_t3_min: 60489
	F35_('SW11', 'DU3')_t5_min: 245
	F22_('SW41', 'SW51')_t3_max: 58941
	F17_('SW13', 'MIMU1')_t5_min: 24540
	F8_('SW22', 'SW14')_t5_max: 121910
	F40_('SW22', 'SW32')_t3_min: 14879
	('SW12', 'SBAND1')_gcl_length: 2
	F46_('CM2CB', 'SW42')_t4_max: 400
	F44_('SW6', 'SMRIU2')_t3_max: 26711
	F5_('SW11', 'DU1')_t3_max: 63068
	F32_('SW31', 'LCM1')_t5_min: 1865
	F10_('SW22', 'SW13')_t3_max: 60786
	F10_('CM2CB', 'SW42')_t3_min: 60410
	F43_('CM2CA', 'SW42')_tb: 495
	F22_('SW31', 'SW41')_t5_min: 58805
	('SW12', 'SBAND2')_gcl_length: 2
	F42_('SW31', 'SW41')_t5_min: 27535
	F45_('SW32', 'RCM2')_tb: 14880
	F36_('CMRIU2', 'SW22')_tb: 14436
	F44_('SW31', 'SW6')_t5_min: 26704
	F36_('SW21', 'CMRIU1')_t3_min: 14702
	F5_('SW22', 'SW11')_t3_min: 62863
	F12_('SW21', 'SW11')_t5_max: 15849
	F42_('SW11', 'SW21')_tb: 27504
	F44_('SW31', 'SW6')_t5_max: 26704
	F4_('StarTr1', 'SW13')_t4_max: 12753
	('SW22', 'BFCU')_gcl_length: 2
	F36_('SW22', 'SW11')_tb: 14528
	F34_('SW42', 'CM2CB')_t3_max: 7868
	F11_('SW13', 'MIMU2')_t3_min: 1314
	F26_('SW13', 'SW22')_t5_min: 61521
	F8_('SW32', 'SW22')_t3_min: 121672
	F12_('SM2CA', 'SW52')_tb: 15726
	F42_('SW41', 'CM1CB')_t5_max: 27933
	F34_('SW42', 'CM2CB')_t5_max: 7999
	F15_('SW41', 'CM1CA')_t5_min: 125182
	F10_('CM2CB', 'SW42')_t5_min: 60487
	F8_('SW22', 'SW14')_t3_max: 121797
	F3_('SW31', 'RCM1')_t4_max: 49534
	F28_('SW22', 'BFCU')_t4_max: 15912
	F26_('SW52', 'SM2CA')_t3_min: 61896
	F41_('SW13', 'SW21')_tb: 1282
	F22_('SW31', 'SW41')_t3_max: 58775
	F17_('SW13', 'MIMU1')_t3_max: 24605
	('SW32', 'RCM2')_gcl_length: 66
	F22_('SW51', 'SM1CB')_t5_max: 59266
	('SW31', 'SW8')_gcl_length: 0
	F20_('LCM2', 'SW32')_t3_min: 1
	F16_('SW22', 'SW32')_t3_min: 31122
	F39_('SMRIU1', 'SW6')_t5_max: 1797
	F11_('SW32', 'SW22')_t5_min: 1117
	F6_('SW14', 'DU4')_t3_max: 122077
	F48_('SW11', 'DU2')_t5_max: 63112
	F44_('SW13', 'SW21')_t3_min: 26264
	('SW31', 'SW21')_gcl_length: 10
	F6_('SW42', 'SW32')_t3_min: 121837
	F48_('SW11', 'DU2')_t5_min: 62854
	F29_('SW41', 'SW51')_t3_max: 6114
	F39_('SW32', 'FCM2')_t3_max: 1843
	F41_('SW41', 'CM1CB')_tb: 1648
	F33_('SW21', 'SW31')_t5_max: 7066
	F23_('SW12', 'SW21')_t5_min: 7369
	F39_('SW6', 'SW32')_t3_min: 1799
	F17_('DU4', 'SW14')_t4_max: 24253
	F36_('CMRIU2', 'SW22')_t3_min: 14436
	F23_('SBAND1', 'SW12')_t4_max: 7344
	F46_('SW31', 'RCM1')_tb: 588
	F27_('SW13', 'SW21')_t5_max: 61236
	F33_('DU1', 'SW11')_t3_min: 6716
	F43_('SW42', 'SW32')_t5_min: 647
	F6_('SW22', 'SW14')_tb: 121911
	F36_('CMRIU2', 'SW22')_t5_min: 14521
	F40_('SW32', 'SW42')_tb: 15128
	F47_('SW12', 'SW22')_t5_min: 1646
	F26_('SW52', 'SM2CA')_t5_min: 62149
	F9_('SW32', 'RCM2')_t3_min: 42844
	F1_('SMRIU1', 'SW6')_t4_max: 1415
	F47_('SBAND1', 'SW12')_t3_min: 1470
	F43_('SW32', 'SW7')_t3_min: 649
	F12_('SW31', 'SW21')_t5_max: 15823
	F6_('SW22', 'SW14')_t3_min: 121911
	F36_('SW11', 'SW21')_t5_max: 14829
	F47_('SBAND1', 'SW12')_t5_min: 1557
	F32_('MIMU2', 'SW13')_t3_min: 1441
	F25_('SW21', 'CMRIU1')_t3_max: 2561
	F11_('RCM2', 'SW32')_t3_min: 997
	F9_('SM2CA', 'SW52')_t3_min: 42643
	F47_('SW32', 'LCM2')_t5_min: 1824
	F43_('CM2CA', 'SW42')_t3_min: 495
	F17_('SW14', 'SW21')_t3_min: 24324
	('SW31', 'SW41')_gcl_length: 22
	F8_('FCM2', 'SW32')_t4_max: 121557
	F10_('SW32', 'SW22')_t5_min: 60650
	F7_('SW22', 'SW13')_t3_max: 60928
	('SW22', 'SW11')_gcl_length: 2
	F24_('SBAND2', 'SW12')_t3_min: 23612
	F21_('SW31', 'SW41')_t5_min: 391
	F8_('SW22', 'SW14')_t3_min: 121792
	('SW31', 'SW6')_gcl_length: 2
	('CM1CB', 'SW41')_gcl_length: 0
	F46_('CM2CB', 'SW42')_t3_min: 400
	F44_('SW21', 'SW31')_t5_max: 26598
	F22_('MIMU2', 'SW13')_tb: 58525
	F15_('SW41', 'CM1CA')_t3_max: 125281
	F6_('SW22', 'SW14')_t5_min: 121941
	F24_('SW41', 'CM1CA')_tb: 23666
	F8_('SW14', 'DU5')_t3_max: 121917
	('SW14', 'DU5')_gcl_length: 0
	F12_('SW52', 'SW8')_t3_min: 15747
	F47_('SW22', 'SW32')_tb: 1648
	F32_('SW21', 'SW31')_t5_min: 1761
	F19_('SW31', 'SW21')_t5_min: 3002
	F49_('SW12', 'SBAND1')_tb: 202
	F36_('SW11', 'SW21')_t5_min: 14700
	F36_('SW21', 'CMRIU1')_tb: 14702
	F38_('SW22', 'CMRIU2')_t5_max: 30258
	F6_('CM2CB', 'SW42')_t3_min: 121805
	F7_('SW32', 'SW22')_tb: 60855
	F22_('SW41', 'SW51')_tb: 58807
	F17_('SW14', 'SW21')_tb: 24329
	F22_('SW51', 'SM1CB')_t5_min: 58879
	F24_('SW21', 'SW31')_t3_max: 23644
	F16_('SW32', 'RCM2')_t5_max: 31478
	F19_('SW11', 'DU2')_t4_max: 3242
	F22_('MIMU2', 'SW13')_t3_min: 58525
	F34_('SW22', 'SW32')_t3_max: 7592
	F26_('SW52', 'SM2CA')_t3_max: 62030
	F21_('SW21', 'SW31')_tb: 86
	F22_('MIMU2', 'SW13')_t4_min: 58525
	F24_('SBAND2', 'SW12')_t4_min: 23612
	F18_('MIMU2', 'SW13')_t4_max: 4063
	F18_('SW42', 'CM2CB')_t5_min: 4326
	F39_('SMRIU1', 'SW6')_t3_min: 1765
	F46_('SW31', 'RCM1')_t3_max: 588
	('SM2CA', 'SW52')_gcl_length: 0
	F12_('SW11', 'DU2')_t5_min: 15870
	F8_('SW14', 'DU5')_t5_min: 122025
	F2_('RCM1', 'SW31')_t5_min: 61903
	F22_('SW21', 'SW31')_t3_max: 58733
	F48_('SW22', 'SW11')_tb: 62614
	F19_('SW11', 'DU2')_t5_max: 3344
	F23_('SW21', 'SW31')_t5_min: 7385
	('SW13', 'MIMU1')_gcl_length: 0
	F2_('SW51', 'SM1CA')_t3_max: 62318
	('SW11', 'DU1')_gcl_length: 0
	F16_('SW22', 'SW32')_t5_min: 31170
	F15_('SW31', 'SW41')_tb: 125110
	F33_('SW51', 'SM1CA')_t5_min: 7413
	F18_('SW22', 'SW32')_t3_min: 4170
	F6_('SW32', 'SW22')_t5_min: 121909
	F11_('SW22', 'SW13')_t3_max: 1253
	F31_('SW14', 'SW21')_tb: 184
	F37_('SW41', 'CM1CB')_t3_min: 126508
	F43_('SW31', 'FCM1')_tb: 942
	F19_('SW41', 'SW31')_t5_max: 2893
	F28_('SW13', 'SW22')_t3_min: 15689
	('SW52', 'SW42')_gcl_length: 2
	F18_('SW22', 'SW32')_t5_max: 4224
	F10_('SW32', 'SW22')_t5_max: 60779
	F14_('SW13', 'StarTr2')_tb: 30415
	F46_('CM2CB', 'SW42')_t4_min: 400
	F13_('RCM2', 'SW32')_t5_min: 7153
	F5_('BFCU', 'SW22')_t4_min: 62792
	F27_('SW31', 'FCM1')_tb: 61147
	F22_('SW13', 'SW21')_tb: 58562
	F38_('SW22', 'CMRIU2')_t3_min: 29950
	F33_('SW41', 'SW51')_t5_max: 7428
	F35_('DU1', 'SW11')_t4_min: 1
	F20_('LCM2', 'SW32')_t4_max: 1
	F22_('SW51', 'SM1CB')_t4_max: 59231
	F41_('SW31', 'SW41')_tb: 1526
	F21_('SW51', 'SM1CB')_tb: 549
	F36_('SW21', 'CMRIU1')_t5_max: 15045
	F46_('SW31', 'RCM1')_t5_max: 597
	F33_('SW51', 'SM1CA')_t3_min: 7301
	F31_('DU5', 'SW14')_t4_min: 172
	F17_('DU4', 'SW14')_t5_max: 24322
	F46_('SW32', 'SW7')_t5_max: 441
	F47_('SW32', 'LCM2')_t3_max: 2000
	F2_('SW41', 'SW51')_t5_min: 62053
	F1_('SW6', 'SW32')_tb: 1447
	F13_('SW32', 'LCM2')_tb: 7155
	F26_('SW22', 'SW32')_t5_max: 61647
	('SW14', 'SW22')_gcl_length: 0
	F15_('SW31', 'SW41')_t3_min: 125110
	F14_('SW32', 'SW22')_t3_min: 30283
	F23_('SBAND1', 'SW12')_t3_min: 7344
	F36_('CMRIU2', 'SW22')_t4_min: 14436
	('DU3', 'SW11')_gcl_length: 0
	F14_('SW32', 'SW22')_t5_max: 30605
	F44_('SW31', 'SW6')_tb: 26605
	F45_('DU1', 'SW11')_t3_min: 14507
	F42_('SW31', 'SW41')_t5_max: 27793
	F33_('SW21', 'SW31')_t3_max: 6954
	F29_('SW51', 'SM1CB')_t3_min: 6123
	F37_('SW31', 'SW41')_t5_min: 126506
	('SW32', 'SW7')_gcl_length: 4
	F6_('SW22', 'SW14')_t5_max: 122070
	F36_('SW11', 'SW21')_tb: 14615
	F28_('SW22', 'BFCU')_tb: 15912
	F40_('SBAND1', 'SW12')_tb: 14659
	F22_('SW31', 'SW41')_tb: 58770
	('SW42', 'SW52')_gcl_length: 0
	F34_('DU4', 'SW14')_t5_min: 7447
	F27_('SW31', 'FCM1')_t3_min: 61147
	F21_('SW41', 'SW51')_t5_max: 542
	F13_('RCM2', 'SW32')_t3_min: 7057
	F35_('DU1', 'SW11')_t5_max: 122
	F4_('StarTr1', 'SW13')_t3_min: 12753
	F43_('SW32', 'SW7')_tb: 783
	F29_('SW31', 'SW41')_tb: 6095
	F32_('SW31', 'LCM1')_tb: 1763
	F44_('MIMU2', 'SW13')_tb: 26163
	F26_('SW42', 'SW52')_t5_max: 62023
	F40_('SW12', 'SW22')_t5_min: 14877
	F28_('StarTr1', 'SW13')_t5_max: 15687
	F45_('DU1', 'SW11')_t4_max: 14507
	F13_('SW32', 'LCM2')_t5_max: 7380
	F19_('SW11', 'DU2')_t3_max: 3118
	F49_('SW21', 'SW12')_t5_min: 195
	F9_('SM2CA', 'SW52')_t5_min: 42708
	F40_('SW42', 'CM2CB')_tb: 15238
	F49_('SW21', 'SW12')_t3_min: 130
	('SBAND2', 'SW12')_gcl_length: 0
	F23_('SW41', 'CM1CA')_t3_min: 7398
	F29_('SW31', 'SW41')_t3_min: 6090
	F36_('SW22', 'SW11')_t5_max: 14613
	F10_('SW32', 'SW22')_t3_min: 60573
	F37_('SW41', 'CM1CB')_t5_max: 126880
	F32_('MIMU2', 'SW13')_t4_max: 1441
	F42_('SW41', 'CM1CB')_tb: 27537
	F45_('DU1', 'SW11')_t4_min: 14507
	F30_('SW31', 'SW8')_t3_min: 18
	F27_('SW21', 'SW31')_t5_min: 61145
	F47_('SW32', 'LCM2')_t4_max: 2124
	F33_('SW41', 'SW51')_tb: 7187
	F40_('SW42', 'CM2CB')_t4_max: 15367
	F9_('SW42', 'SW32')_tb: 42777
	('SW11', 'SW21')_gcl_length: 10
	F21_('SW13', 'SW21')_t3_min: 64
	F15_('SW31', 'SW41')_t5_max: 125274
	F46_('SW31', 'RCM1')_t5_min: 597
	F0_('LCM2', 'SW32')_t5_max: 6140
	F11_('SW13', 'MIMU2')_t5_max: 1502
	F30_('FCM1', 'SW31')_t3_min: 1
	F16_('BFCU', 'SW22')_t5_min: 31120
	F10_('CM2CB', 'SW42')_t4_max: 60410
	F24_('SW31', 'SW41')_tb: 23655
	F48_('BFCU', 'SW22')_t3_min: 62493
	F26_('MIMU3', 'SW13')_t5_max: 61395
	F49_('SW12', 'SBAND1')_t5_max: 262
	F31_('SW12', 'SBAND2')_tb: 471
	F14_('CM2CB', 'SW42')_tb: 30151
	F19_('CM1CB', 'SW41')_tb: 2682
	F24_('SW41', 'CM1CA')_t3_min: 23666
	F5_('SW22', 'SW11')_tb: 62863
	F33_('SW31', 'SW41')_t3_max: 7073
	F26_('SW42', 'SW52')_t5_min: 61894
	F7_('SM2CB', 'SW52')_tb: 60636
	F30_('FCM1', 'SW31')_t4_max: 1
	F42_('SW31', 'SW41')_t3_max: 27660
	F31_('DU5', 'SW14')_t4_max: 172
	F27_('SW31', 'FCM1')_t5_min: 61183
	F40_('SW22', 'SW32')_t3_max: 15013
	F49_('DU5', 'SW14')_t4_max: 1
	('BFCU', 'SW22')_gcl_length: 0
	F21_('SW13', 'SW21')_tb: 64
	F2_('RCM1', 'SW31')_tb: 61830
	F25_('LCM1', 'SW31')_t4_max: 2391
	F19_('SW41', 'SW31')_t3_min: 2786
	F42_('SW21', 'SW31')_t5_max: 27653
	F37_('SW31', 'SW41')_t5_max: 126635
	F30_('SW8', 'SW52')_t3_max: 169
	F12_('SW21', 'SW11')_t3_max: 15830
	F18_('MIMU2', 'SW13')_t3_min: 4063
	F44_('SW31', 'SW6')_t3_min: 26600
	F32_('SW31', 'LCM1')_t5_max: 1994
	F7_('SM2CB', 'SW52')_t5_max: 60702
	F17_('DU4', 'SW14')_tb: 24253
	F18_('SW32', 'SW42')_tb: 4226
	F6_('SW14', 'DU4')_t5_min: 121973
	F43_('SW31', 'FCM1')_t3_max: 947
	F28_('StarTr1', 'SW13')_t4_max: 15600
	F3_('SW13', 'SW21')_t5_max: 49197
	F38_('SW32', 'SW22')_tb: 29898
	F42_('DU3', 'SW11')_t3_min: 27488
	F6_('CM2CB', 'SW42')_t4_min: 121805
	F21_('SW41', 'SW51')_t5_min: 413
	F32_('SW13', 'SW21')_tb: 1550
	F34_('DU4', 'SW14')_t5_max: 7447
	F7_('SW32', 'SW22')_t5_min: 60921
	F41_('MIMU3', 'SW13')_t4_min: 1155
	F3_('MIMU2', 'SW13')_t4_min: 48916
	('DU4', 'SW14')_gcl_length: 0
	F3_('MIMU2', 'SW13')_t4_max: 48916
	('SW41', 'SW31')_gcl_length: 2
	F31_('SW21', 'SW12')_tb: 196
	F10_('SW13', 'MIMU2')_t5_min: 60942
	F24_('SW41', 'CM1CA')_t4_max: 23924
	F3_('SW13', 'SW21')_tb: 48993
	('SW32', 'LCM2')_gcl_length: 0
	F15_('SW21', 'SW31')_t3_min: 125068
	('SW21', 'SW12')_gcl_length: 2
	F16_('SW32', 'RCM2')_t4_max: 31430
	F32_('SW31', 'LCM1')_t3_max: 1768
	F16_('SW32', 'RCM2')_t5_min: 31220
	F49_('SW21', 'SW12')_t5_max: 195
	F23_('SBAND1', 'SW12')_t5_max: 7353
	F27_('SW21', 'SW31')_t3_min: 61109
	F23_('SW21', 'SW31')_t3_max: 7376
	F6_('SW14', 'DU4')_t5_max: 122231
	F8_('SW14', 'DU5')_t3_min: 121912
	F39_('SW32', 'FCM2')_tb: 1838
	F43_('SW32', 'SW7')_t5_max: 858
	F24_('SW12', 'SW21')_t3_min: 23623
	F0_('LCM2', 'SW32')_tb: 6077
	F13_('RCM2', 'SW32')_t4_max: 7057
	F5_('SW22', 'SW11')_t5_min: 62932
	F39_('SMRIU1', 'SW6')_tb: 1765
	F38_('SW22', 'CMRIU2')_t3_max: 30084
	('SW8', 'SW31')_gcl_length: 2
	F31_('SW12', 'SBAND2')_t3_min: 208
	F22_('SW41', 'SW51')_t5_min: 58842
	F46_('SW42', 'SW32')_t5_max: 425
	F49_('SW12', 'SBAND1')_t3_max: 202
	F46_('CM2CB', 'SW42')_t5_min: 409
	F43_('SW42', 'SW32')_t5_max: 776
	F18_('SW32', 'SW42')_t3_max: 4231
	F35_('SW11', 'DU3')_t3_min: 124
	F31_('SW12', 'SBAND2')_t5_max: 481
	F43_('SW31', 'FCM1')_t3_min: 942
	F48_('BFCU', 'SW22')_tb: 62493
	F37_('LCM1', 'SW31')_t5_max: 126390
	F33_('SW11', 'SW21')_t3_min: 6830
	F23_('SW12', 'SW21')_t5_max: 7369
	F21_('SW31', 'SW41')_t3_min: 108
	F38_('SW22', 'CMRIU2')_t5_min: 30000
	F11_('SW13', 'MIMU2')_t4_max: 1443
	F3_('SW31', 'RCM1')_t3_min: 49147
	F38_('LCM2', 'SW32')_tb: 29846
	F35_('DU1', 'SW11')_t3_min: 1
	F43_('CM2CA', 'SW42')_t4_max: 495
	F41_('SW13', 'SW21')_t5_min: 1402
	F38_('SW22', 'CMRIU2')_t4_max: 30208
	F32_('SW13', 'SW21')_t3_min: 1545
	F45_('SW22', 'SW32')_t5_max: 14878
	F21_('MIMU2', 'SW13')_t3_min: 42
	F15_('CMRIU1', 'SW21')_t5_min: 125066
	F49_('DU5', 'SW14')_t5_min: 61
	F26_('MIMU3', 'SW13')_t5_min: 61395
	F25_('SW31', 'SW21')_t5_max: 2554
	F15_('SW41', 'CM1CA')_t3_min: 125147
	F1_('SW32', 'RCM2')_t5_max: 1643
	F22_('SW51', 'SM1CB')_t3_min: 58844
	F12_('SW52', 'SW8')_t5_min: 15771
	F13_('RCM2', 'SW32')_t5_max: 7153
	F24_('SW12', 'SW21')_tb: 23628
	F28_('SW13', 'SW22')_tb: 15689
	F38_('SW32', 'SW22')_t3_min: 29898
	F2_('SW31', 'SW41')_t3_min: 61905
	F18_('SW42', 'CM2CB')_t3_max: 4411
	('SW41', 'CM1CB')_gcl_length: 0
	F14_('SW13', 'StarTr2')_t3_max: 30807
	F34_('SW32', 'SW42')_t3_min: 7467
	F20_('SW32', 'SW22')_t3_min: 78
	F35_('DU1', 'SW11')_tb: 1
	F25_('LCM1', 'SW31')_tb: 2391
	F17_('SW13', 'MIMU1')_tb: 24471
	F44_('SW21', 'SW31')_t3_min: 26365
	F40_('SW12', 'SW22')_t5_max: 15006
	F33_('DU1', 'SW11')_t4_min: 6716
	F18_('SW42', 'CM2CB')_t3_min: 4277
	F10_('SW13', 'MIMU2')_t3_min: 60865
	F7_('SW32', 'SW22')_t3_min: 60850
	F0_('LCM2', 'SW32')_t4_min: 6077
	F23_('SW41', 'CM1CA')_t5_max: 7665
	F3_('MIMU2', 'SW13')_t3_min: 48916
	F42_('SW21', 'SW31')_t5_min: 27524
	F13_('SW32', 'LCM2')_t5_min: 7251
	('StarTr1', 'SW13')_gcl_length: 0
	F45_('SW11', 'SW22')_tb: 14633
	F7_('SW52', 'SW42')_t5_max: 60775
	F11_('SW32', 'SW22')_tb: 1058
	F1_('SW6', 'SW32')_t3_min: 1447
	F45_('SW22', 'SW32')_t3_max: 14759
	F18_('SW42', 'CM2CB')_t4_max: 4535
	F2_('RCM1', 'SW31')_t4_max: 61830
	F2_('SW51', 'SM1CA')_t4_max: 62442
	F45_('DU1', 'SW11')_tb: 14507
	F26_('SW13', 'SW22')_tb: 61402
	F12_('SM2CA', 'SW52')_t5_max: 15745
	F10_('SW22', 'SW13')_t5_min: 60863
	F49_('SW14', 'SW21')_tb: 68
	F32_('MIMU2', 'SW13')_t4_min: 1441
	F21_('SW51', 'SM1CB')_t3_max: 549
	F30_('FCM1', 'SW31')_t5_min: 16
	F33_('SW51', 'SM1CA')_t5_max: 7671
	F6_('CM2CB', 'SW42')_t4_max: 121805
	F44_('SW13', 'SW21')_t5_max: 26492
	F24_('SW12', 'SW21')_t5_min: 23637
	F9_('SW52', 'SW42')_tb: 42710
	F5_('SW22', 'SW11')_t5_max: 63061
	F23_('SW41', 'CM1CA')_t3_max: 7532
	F21_('SW31', 'SW41')_tb: 371
	F21_('SW41', 'SW51')_t3_min: 393
	F37_('LCM1', 'SW31')_t3_min: 126276
	F44_('SW21', 'SW31')_t5_min: 26598
	F3_('SW21', 'SW31')_t5_max: 49403
	F22_('SW51', 'SM1CB')_t3_max: 59107
	F34_('SW14', 'SW22')_t5_max: 7585
	F6_('SW14', 'DU4')_t3_min: 121943
	F21_('SW51', 'SM1CB')_t5_max: 569
	('SW13', 'SW22')_gcl_length: 10
	F8_('FCM2', 'SW32')_t5_min: 121670
	F32_('SW13', 'SW21')_t5_min: 1652
	('SW31', 'RCM1')_gcl_length: 2
	F12_('SW8', 'SW31')_t5_min: 15797
	F35_('SW11', 'DU3')_t5_max: 374
	F34_('DU4', 'SW14')_t3_min: 7440
	F25_('SW31', 'SW21')_tb: 2409
	F46_('SW31', 'RCM1')_t4_max: 588
	F16_('BFCU', 'SW22')_t5_max: 31120
	F46_('SW7', 'SW31')_tb: 443
	F26_('MIMU3', 'SW13')_t3_min: 61276
	F19_('SW21', 'SW11')_t3_min: 3004
	F46_('SW42', 'SW32')_t3_min: 411
	('SW14', 'SW21')_gcl_length: 18
	F12_('SW21', 'SW11')_t5_min: 15849
	F20_('SW14', 'DU4')_t3_max: 495
	F31_('DU5', 'SW14')_tb: 172
	F26_('SW32', 'SW42')_t3_max: 61654
	F18_('MIMU2', 'SW13')_tb: 4063
	F4_('StarTr1', 'SW13')_t4_min: 12753
	F45_('DU1', 'SW11')_t5_max: 14626
	F1_('SW6', 'SW32')_t5_min: 1477
	F47_('SBAND1', 'SW12')_t5_max: 1557
	F21_('MIMU2', 'SW13')_t5_max: 62
	F41_('MIMU3', 'SW13')_t4_max: 1155
	F16_('BFCU', 'SW22')_t4_min: 31072
	F33_('SW11', 'SW21')_tb: 6835
	F33_('SW11', 'SW21')_t5_max: 6947
	F12_('SW8', 'SW31')_t5_max: 15797
	F1_('SW32', 'RCM2')_t5_min: 1643
	F43_('CM2CA', 'SW42')_t5_max: 570
	F22_('SW21', 'SW31')_tb: 58733
	F14_('SW13', 'StarTr2')_t4_max: 30931
	F49_('SW14', 'SW21')_t5_max: 128
	F47_('SBAND1', 'SW12')_t4_max: 1470
	F44_('SW21', 'SW31')_tb: 26499
	F48_('SW22', 'SW11')_t3_min: 62614
	F18_('SW32', 'SW42')_t3_min: 4226
	F15_('CMRIU1', 'SW21')_t3_min: 125031
	F13_('SW32', 'LCM2')_t3_min: 7155
	F24_('SW31', 'SW41')_t5_max: 23793
	F12_('SW11', 'DU2')_t5_max: 15999
	F17_('SW13', 'MIMU1')_t5_max: 24798
	F33_('SW31', 'SW41')_t3_min: 7068
	F32_('SW21', 'SW31')_t3_min: 1654
	F39_('SW6', 'SW32')_t5_max: 1836
	F37_('SW31', 'SW41')_t3_min: 126392
	F26_('SW52', 'SM2CA')_tb: 62030
	('SW21', 'SW11')_gcl_length: 10
	('CM2CA', 'SW42')_gcl_length: 0
	F48_('SW11', 'DU2')_t3_max: 62869
	F41_('SW13', 'SW21')_t5_max: 1402
	F32_('SW31', 'LCM1')_t4_max: 1892
	F30_('FCM1', 'SW31')_tb: 1
	F34_('SW42', 'CM2CB')_t4_max: 7992
	F7_('SW22', 'SW13')_t3_min: 60923
	F23_('SW21', 'SW31')_tb: 7376
	F30_('SW8', 'SW52')_t3_min: 35
	F24_('SBAND2', 'SW12')_t5_max: 23621
	F7_('SW42', 'SW32')_t3_max: 60782
	F12_('SW11', 'DU2')_tb: 15851
	F7_('SW13', 'MIMU1')_tb: 60991
	F25_('LCM1', 'SW31')_t3_min: 2391
	F41_('SW21', 'SW31')_tb: 1404
	F2_('SW51', 'SM1CA')_tb: 62055
	F34_('SW42', 'CM2CB')_t3_min: 7476
	F25_('LCM1', 'SW31')_t5_max: 2407
	F21_('SW13', 'SW21')_t5_max: 213
	F18_('SW22', 'SW32')_t3_max: 4175
	F16_('SW32', 'RCM2')_t3_max: 31306
