0. Flow F0 [CM1CA-->MIMU3] with period 2000, payload 670B, e2e delay 2000us, jitter 200us
	('CM1CA', 'SW41'), Operation(1561, None, 1615)(1561, 1561)
	('SW41', 'SW31'), Operation(1617, 1622, 1676)(1622, 1622)
	('SW31', 'SW21'), Operation(1678, 1683, 1737)(1683, 1683)
	('SW21', 'SW13'), Operation(1739, 1744, 1798)(1744, 1744)
	('SW13', 'MIMU3'), Operation(1800, None, 1983)(1800, 1929)
1. Flow F1 [DU5-->SM2CB] with period 64000, payload 1335B, e2e delay 64000us, jitter 6400us
	('DU5', 'SW14'), Operation(6113, None, 6220)(6113, 6113)
	('SW14', 'SW22'), Operation(6222, 6227, 6334)(6227, 6227)
	('SW22', 'SW32'), Operation(6336, None, 6572)(6336, 6465)
	('SW32', 'SW42'), Operation(6445, 6579, 6686)(6579, 6579)
	('SW42', 'SW52'), Operation(6688, 6693, 6800)(6693, 6693)
	('SW52', 'SM2CB'), Operation(6802, 6807, 6914)(6807, 6807)
2. Flow F2 [SM2CA-->CMRIU2] with period 128000, payload 776B, e2e delay 128000us, jitter 12800us
	('SM2CA', 'SW52'), Operation(127528, None, 127591)(127528, 127528)
	('SW52', 'SW42'), Operation(127593, None, 127785)(127593, 127722)
	('SW42', 'SW32'), Operation(127658, 127792, 127855)(127792, 127792)
	('SW32', 'SW22'), Operation(127857, 127862, 127925)(127862, 127862)
	('SW22', 'CMRIU2'), Operation(127927, 127932, 127995)(127932, 127932)
3. Flow F3 [DU1-->SM1CA] with period 64000, payload 811B, e2e delay 64000us, jitter 6400us
	('DU1', 'SW11'), Operation(46068, None, 46133)(46068, 46068)
	('SW11', 'SW21'), Operation(46135, None, 46329)(46135, 46264)
	('SW21', 'SW31'), Operation(46202, 46336, 46401)(46336, 46336)
	('SW31', 'SW41'), Operation(46403, 46408, 46473)(46408, 46408)
	('SW41', 'SW51'), Operation(46475, 46480, 46545)(46480, 46480)
	('SW51', 'SM1CA'), Operation(46547, None, 46741)(46547, 46676)
4. Flow F4 [FCM2-->FCM1] with period 8000, payload 469B, e2e delay 8000us, jitter 800us
	('FCM2', 'SW32'), Operation(6534, None, 6572)(6534, 6534)
	('SW32', 'SW6'), Operation(6574, None, 6741)(6574, 6703)
	('SW6', 'SW31'), Operation(6614, None, 6910)(6614, 6872)
	('SW31', 'FCM1'), Operation(6654, None, 7079)(6654, 7041)
5. Flow F5 [FCM2-->BFCU] with period 2000, payload 176B, e2e delay 2000us, jitter 200us
	('FCM2', 'SW32'), Operation(29, None, 44)(29, 29)
	('SW32', 'SW22'), Operation(46, 51, 66)(51, 51)
	('SW22', 'BFCU'), Operation(68, None, 212)(68, 197)
6. Flow F6 [SBAND1-->StarTr1] with period 2000, payload 144B, e2e delay 2000us, jitter 200us
	('SBAND1', 'SW12'), Operation(1141, None, 1153)(1141, 1141)
	('SW12', 'SW21'), Operation(1155, None, 1296)(1155, 1284)
	('SW21', 'SW13'), Operation(1169, 1303, 1315)(1303, 1303)
	('SW13', 'StarTr1'), Operation(1317, None, 1458)(1317, 1446)
7. Flow F7 [MIMU1-->SM2CB] with period 128000, payload 1262B, e2e delay 128000us, jitter 12800us
	('MIMU1', 'SW13'), Operation(126738, None, 126839)(126738, 126738)
	('SW13', 'SW22'), Operation(126841, None, 127071)(126841, 126970)
	('SW22', 'SW32'), Operation(126944, None, 127303)(126944, 127202)
	('SW32', 'SW42'), Operation(127047, None, 127535)(127047, 127434)
	('SW42', 'SW52'), Operation(127150, None, 127767)(127150, 127666)
	('SW52', 'SM2CB'), Operation(127253, None, 127999)(127253, 127898)
8. Flow F8 [StarTr1-->DU1] with period 8000, payload 202B, e2e delay 8000us, jitter 800us
	('StarTr1', 'SW13'), Operation(7502, None, 7519)(7502, 7502)
	('SW13', 'SW21'), Operation(7521, 7526, 7543)(7526, 7526)
	('SW21', 'SW11'), Operation(7545, 7550, 7567)(7550, 7550)
	('SW11', 'DU1'), Operation(7569, None, 7715)(7569, 7698)
9. Flow F9 [SMRIU2-->SBAND1] with period 64000, payload 402B, e2e delay 64000us, jitter 6400us
	('SMRIU2', 'SW6'), Operation(37316, None, 37349)(37316, 37316)
	('SW6', 'SW31'), Operation(37351, None, 37513)(37351, 37480)
	('SW31', 'SW21'), Operation(37386, None, 37677)(37386, 37644)
	('SW21', 'SW12'), Operation(37421, 37684, 37717)(37684, 37684)
	('SW12', 'SBAND1'), Operation(37719, None, 37881)(37719, 37848)
10. Flow F10 [RCM2-->SM1CB] with period 4000, payload 901B, e2e delay 4000us, jitter 400us
	('RCM2', 'SW32'), Operation(1718, None, 1791)(1718, 1718)
	('SW32', 'SW8'), Operation(1793, 1798, 1871)(1798, 1798)
	('SW8', 'SW51'), Operation(1873, None, 2075)(1873, 2002)
	('SW51', 'SM1CB'), Operation(1948, None, 2279)(1948, 2206)
11. Flow F11 [SMRIU1-->StarTr1] with period 4000, payload 869B, e2e delay 4000us, jitter 400us
	('SMRIU1', 'SW6'), Operation(1161, None, 1231)(1161, 1161)
	('SW6', 'SW31'), Operation(1233, 1238, 1308)(1238, 1238)
	('SW31', 'SW21'), Operation(1310, 1315, 1385)(1315, 1315)
	('SW21', 'SW13'), Operation(1387, None, 1586)(1387, 1516)
	('SW13', 'StarTr1'), Operation(1459, None, 1787)(1459, 1717)
12. Flow F12 [MIMU2-->FCM1] with period 8000, payload 694B, e2e delay 8000us, jitter 800us
	('MIMU2', 'SW13'), Operation(7091, None, 7147)(7091, 7091)
	('SW13', 'SW21'), Operation(7149, None, 7334)(7149, 7278)
	('SW21', 'SW31'), Operation(7207, None, 7521)(7207, 7465)
	('SW31', 'FCM1'), Operation(7265, None, 7708)(7265, 7652)
13. Flow F13 [RCM2-->MIMU1] with period 32000, payload 755B, e2e delay 32000us, jitter 3200us
	('RCM2', 'SW32'), Operation(17792, None, 17853)(17792, 17792)
	('SW32', 'SW22'), Operation(17855, None, 18045)(17855, 17984)
	('SW22', 'SW13'), Operation(17918, None, 18237)(17918, 18176)
	('SW13', 'MIMU1'), Operation(17981, None, 18429)(17981, 18368)
14. Flow F14 [CM2CA-->DU2] with period 64000, payload 223B, e2e delay 64000us, jitter 6400us
	('CM2CA', 'SW42'), Operation(63881, None, 63899)(63881, 63881)
	('SW42', 'SW32'), Operation(63901, 63906, 63924)(63906, 63906)
	('SW32', 'SW22'), Operation(63926, 63931, 63949)(63931, 63931)
	('SW22', 'SW11'), Operation(63951, 63956, 63974)(63956, 63956)
	('SW11', 'DU2'), Operation(63976, 63981, 63999)(63981, 63981)
15. Flow F15 [DU4-->DU1] with period 2000, payload 1036B, e2e delay 2000us, jitter 200us
	('DU4', 'SW14'), Operation(1398, None, 1481)(1398, 1398)
	('SW14', 'SW21'), Operation(1483, None, 1695)(1483, 1612)
	('SW21', 'SW11'), Operation(1568, 1702, 1785)(1702, 1702)
	('SW11', 'DU1'), Operation(1787, None, 1999)(1787, 1916)
16. Flow F16 [CM1CA-->SM1CA] with period 128000, payload 458B, e2e delay 128000us, jitter 12800us
	('CM1CA', 'SW41'), Operation(126922, None, 126959)(126922, 126922)
	('SW41', 'SW51'), Operation(126961, None, 127127)(126961, 127090)
	('SW51', 'SM1CA'), Operation(127000, None, 127295)(127000, 127258)
17. Flow F17 [DU5-->FCM2] with period 2000, payload 188B, e2e delay 2000us, jitter 200us
	('DU5', 'SW14'), Operation(1, None, 17)(1, 1)
	('SW14', 'SW22'), Operation(19, 24, 40)(24, 24)
	('SW22', 'SW32'), Operation(42, 47, 63)(47, 47)
	('SW32', 'FCM2'), Operation(65, None, 210)(65, 194)
18. Flow F18 [FCM1-->SMRIU1] with period 32000, payload 613B, e2e delay 32000us, jitter 3200us
	('FCM1', 'SW31'), Operation(22084, None, 22134)(22084, 22084)
	('SW31', 'SW6'), Operation(22136, None, 22315)(22136, 22265)
	('SW6', 'SMRIU1'), Operation(22188, None, 22496)(22188, 22446)
19. Flow F19 [MIMU2-->MIMU1] with period 128000, payload 1342B, e2e delay 128000us, jitter 12800us
	('MIMU2', 'SW13'), Operation(822, None, 930)(822, 822)
	('SW13', 'MIMU1'), Operation(932, None, 1169)(932, 1061)
20. Flow F20 [SMRIU2-->CMRIU1] with period 16000, payload 1001B, e2e delay 16000us, jitter 1600us
	('SMRIU2', 'SW6'), Operation(14320, None, 14401)(14320, 14320)
	('SW6', 'SW31'), Operation(14403, None, 14613)(14403, 14532)
	('SW31', 'SW21'), Operation(14486, None, 14825)(14486, 14744)
	('SW21', 'CMRIU1'), Operation(14569, None, 15037)(14569, 14956)
21. Flow F21 [CM1CB-->RCM1] with period 16000, payload 1214B, e2e delay 16000us, jitter 1600us
	('CM1CB', 'SW41'), Operation(15413, None, 15511)(15413, 15413)
	('SW41', 'SW31'), Operation(15513, 15518, 15616)(15518, 15518)
	('SW31', 'RCM1'), Operation(15618, None, 15845)(15618, 15747)
22. Flow F22 [SM1CB-->CMRIU2] with period 64000, payload 1367B, e2e delay 64000us, jitter 6400us
	('SM1CB', 'SW51'), Operation(62976, None, 63086)(62976, 62976)
	('SW51', 'SW8'), Operation(63088, None, 63327)(63088, 63217)
	('SW8', 'SW32'), Operation(63200, None, 63568)(63200, 63458)
	('SW32', 'SW22'), Operation(63312, 63575, 63685)(63575, 63575)
	('SW22', 'CMRIU2'), Operation(63687, None, 63926)(63687, 63816)
23. Flow F23 [StarTr2-->DU4] with period 16000, payload 1464B, e2e delay 16000us, jitter 1600us
	('StarTr2', 'SW13'), Operation(14506, None, 14624)(14506, 14506)
	('SW13', 'SW21'), Operation(14626, 14631, 14749)(14631, 14631)
	('SW21', 'SW14'), Operation(14751, None, 14998)(14751, 14880)
	('SW14', 'DU4'), Operation(14871, None, 15247)(14871, 15129)
24. Flow F24 [FCM2-->SMRIU1] with period 2000, payload 195B, e2e delay 2000us, jitter 200us
	('FCM2', 'SW32'), Operation(1, None, 17)(1, 1)
	('SW32', 'SW6'), Operation(19, 24, 40)(24, 24)
	('SW6', 'SMRIU1'), Operation(42, None, 187)(42, 171)
25. Flow F25 [BFCU-->FCM1] with period 8000, payload 1215B, e2e delay 8000us, jitter 800us
	('BFCU', 'SW22'), Operation(5690, None, 5788)(5690, 5690)
	('SW22', 'SW7'), Operation(5790, 5795, 5893)(5795, 5795)
	('SW7', 'SW31'), Operation(5895, None, 6122)(5895, 6024)
	('SW31', 'FCM1'), Operation(5995, None, 6351)(5995, 6253)
26. Flow F26 [CM1CB-->DU4] with period 2000, payload 1012B, e2e delay 2000us, jitter 200us
	('CM1CB', 'SW41'), Operation(906, None, 987)(906, 906)
	('SW41', 'SW31'), Operation(989, 994, 1075)(994, 994)
	('SW31', 'SW21'), Operation(1077, 1082, 1163)(1082, 1082)
	('SW21', 'SW14'), Operation(1165, None, 1375)(1165, 1294)
	('SW14', 'DU4'), Operation(1248, 1382, 1463)(1382, 1382)
27. Flow F27 [CMRIU1-->DU4] with period 16000, payload 913B, e2e delay 16000us, jitter 1600us
	('CMRIU1', 'SW21'), Operation(763, None, 837)(763, 763)
	('SW21', 'SW14'), Operation(839, None, 1042)(839, 968)
	('SW14', 'DU4'), Operation(915, None, 1247)(915, 1173)
28. Flow F28 [DU5-->FCM2] with period 32000, payload 1296B, e2e delay 32000us, jitter 3200us
	('DU5', 'SW14'), Operation(31092, None, 31196)(31092, 31092)
	('SW14', 'SW22'), Operation(31198, None, 31431)(31198, 31327)
	('SW22', 'SW32'), Operation(31304, None, 31666)(31304, 31562)
	('SW32', 'FCM2'), Operation(31410, None, 31901)(31410, 31797)
29. Flow F29 [SBAND1-->BFCU] with period 8000, payload 1036B, e2e delay 8000us, jitter 800us
	('SBAND1', 'SW12'), Operation(43, None, 126)(43, 43)
	('SW12', 'SW22'), Operation(128, None, 340)(128, 257)
	('SW22', 'BFCU'), Operation(213, None, 554)(213, 471)
30. Flow F30 [FCM2-->SM1CA] with period 2000, payload 971B, e2e delay 2000us, jitter 200us
	('FCM2', 'SW32'), Operation(1376, None, 1454)(1376, 1376)
	('SW32', 'SW8'), Operation(1456, None, 1663)(1456, 1585)
	('SW8', 'SW51'), Operation(1536, None, 1872)(1536, 1794)
	('SW51', 'SM1CA'), Operation(1616, 1879, 1957)(1879, 1879)
31. Flow F31 [MIMU3-->CM1CA] with period 16000, payload 272B, e2e delay 16000us, jitter 1600us
	('MIMU3', 'SW13'), Operation(15469, None, 15491)(15469, 15469)
	('SW13', 'SW21'), Operation(15493, 15498, 15520)(15498, 15498)
	('SW21', 'SW31'), Operation(15522, 15527, 15549)(15527, 15527)
	('SW31', 'SW41'), Operation(15551, None, 15702)(15551, 15680)
	('SW41', 'CM1CA'), Operation(15575, None, 15855)(15575, 15833)
32. Flow F32 [FCM1-->SM2CA] with period 4000, payload 208B, e2e delay 4000us, jitter 400us
	('FCM1', 'SW31'), Operation(2135, None, 2152)(2135, 2135)
	('SW31', 'SW8'), Operation(2154, None, 2300)(2154, 2283)
	('SW8', 'SW52'), Operation(2173, 2307, 2324)(2307, 2307)
	('SW52', 'SM2CA'), Operation(2326, None, 2472)(2326, 2455)
33. Flow F33 [SMRIU1-->SM1CA] with period 8000, payload 999B, e2e delay 8000us, jitter 800us
	('SMRIU1', 'SW6'), Operation(6829, None, 6909)(6829, 6829)
	('SW6', 'SW31'), Operation(6911, None, 7120)(6911, 7040)
	('SW31', 'SW41'), Operation(6993, 7127, 7207)(7127, 7127)
	('SW41', 'SW51'), Operation(7209, 7214, 7294)(7214, 7214)
	('SW51', 'SM1CA'), Operation(7296, None, 7505)(7296, 7425)
34. Flow F34 [FCM2-->DU2] with period 128000, payload 162B, e2e delay 128000us, jitter 12800us
	('FCM2', 'SW32'), Operation(126052, None, 126065)(126052, 126052)
	('SW32', 'SW22'), Operation(126067, None, 126209)(126067, 126196)
	('SW22', 'SW11'), Operation(126082, 126216, 126229)(126216, 126216)
	('SW11', 'DU2'), Operation(126231, None, 126373)(126231, 126360)
35. Flow F35 [MIMU2-->DU5] with period 4000, payload 133B, e2e delay 4000us, jitter 400us
	('MIMU2', 'SW13'), Operation(2993, None, 3004)(2993, 2993)
	('SW13', 'SW21'), Operation(3006, 3011, 3022)(3011, 3011)
	('SW21', 'SW14'), Operation(3024, None, 3164)(3024, 3153)
	('SW14', 'DU5'), Operation(3037, None, 3306)(3037, 3295)
36. Flow F36 [LCM1-->LCM2] with period 64000, payload 1086B, e2e delay 64000us, jitter 6400us
	('LCM1', 'SW31'), Operation(63258, None, 63345)(63258, 63258)
	('SW31', 'SW6'), Operation(63347, None, 63563)(63347, 63476)
	('SW6', 'SW32'), Operation(63436, None, 63781)(63436, 63694)
	('SW32', 'LCM2'), Operation(63525, None, 63999)(63525, 63912)
37. Flow F37 [CM2CB-->MIMU3] with period 16000, payload 125B, e2e delay 16000us, jitter 1600us
	('CM2CB', 'SW42'), Operation(1, None, 11)(1, 1)
	('SW42', 'SW32'), Operation(13, 18, 28)(18, 18)
	('SW32', 'SW22'), Operation(30, 35, 45)(35, 35)
	('SW22', 'SW13'), Operation(47, 52, 62)(52, 52)
	('SW13', 'MIMU3'), Operation(64, None, 203)(64, 193)
38. Flow F38 [DU1-->CMRIU2] with period 4000, payload 715B, e2e delay 4000us, jitter 400us
	('DU1', 'SW11'), Operation(2618, None, 2676)(2618, 2618)
	('SW11', 'SW22'), Operation(2678, None, 2865)(2678, 2807)
	('SW22', 'CMRIU2'), Operation(2738, None, 3054)(2738, 2996)
39. Flow F39 [CM1CB-->CM1CA] with period 2000, payload 876B, e2e delay 2000us, jitter 200us
	('CM1CB', 'SW41'), Operation(1, None, 72)(1, 1)
	('SW41', 'CM1CA'), Operation(74, None, 274)(74, 203)
40. Flow F40 [SM2CB-->SM2CA] with period 16000, payload 927B, e2e delay 16000us, jitter 1600us
	('SM2CB', 'SW52'), Operation(14044, None, 14119)(14044, 14044)
	('SW52', 'SM2CA'), Operation(14121, None, 14325)(14121, 14250)
41. Flow F41 [StarTr2-->CM1CB] with period 16000, payload 904B, e2e delay 16000us, jitter 1600us
	('StarTr2', 'SW13'), Operation(14973, None, 15046)(14973, 14973)
	('SW13', 'SW21'), Operation(15048, 15053, 15126)(15053, 15053)
	('SW21', 'SW31'), Operation(15128, 15133, 15206)(15133, 15133)
	('SW31', 'SW41'), Operation(15208, None, 15410)(15208, 15337)
	('SW41', 'CM1CB'), Operation(15283, None, 15614)(15283, 15541)
42. Flow F42 [StarTr1-->CM2CB] with period 8000, payload 947B, e2e delay 8000us, jitter 800us
	('StarTr1', 'SW13'), Operation(6453, None, 6529)(6453, 6453)
	('SW13', 'SW22'), Operation(6531, None, 6736)(6531, 6660)
	('SW22', 'SW32'), Operation(6609, None, 6943)(6609, 6867)
	('SW32', 'SW42'), Operation(6687, 6950, 7026)(6950, 6950)
	('SW42', 'CM2CB'), Operation(7028, None, 7233)(7028, 7157)
43. Flow F43 [SM1CA-->SM1CB] with period 4000, payload 645B, e2e delay 4000us, jitter 400us
	('SM1CA', 'SW51'), Operation(1, None, 53)(1, 1)
	('SW51', 'SM1CB'), Operation(55, None, 236)(55, 184)
44. Flow F44 [SM1CA-->StarTr1] with period 128000, payload 915B, e2e delay 128000us, jitter 12800us
	('SM1CA', 'SW51'), Operation(112054, None, 112128)(112054, 112054)
	('SW51', 'SW41'), Operation(112130, None, 112333)(112130, 112259)
	('SW41', 'SW31'), Operation(112206, None, 112538)(112206, 112464)
	('SW31', 'SW21'), Operation(112282, None, 112743)(112282, 112669)
	('SW21', 'SW13'), Operation(112358, None, 112948)(112358, 112874)
	('SW13', 'StarTr1'), Operation(112434, None, 113153)(112434, 113079)
45. Flow F45 [StarTr1-->MIMU2] with period 16000, payload 513B, e2e delay 16000us, jitter 1600us
	('StarTr1', 'SW13'), Operation(1, None, 43)(1, 1)
	('SW13', 'MIMU2'), Operation(45, None, 216)(45, 174)
46. Flow F46 [SM2CA-->CM1CA] with period 64000, payload 519B, e2e delay 64000us, jitter 6400us
	('SM2CA', 'SW52'), Operation(46431, None, 46473)(46431, 46431)
	('SW52', 'SW8'), Operation(46475, None, 46646)(46475, 46604)
	('SW8', 'SW31'), Operation(46519, None, 46819)(46519, 46777)
	('SW31', 'SW41'), Operation(46563, None, 46992)(46563, 46950)
	('SW41', 'CM1CA'), Operation(46607, None, 47165)(46607, 47123)
47. Flow F47 [CM1CB-->MIMU1] with period 16000, payload 1059B, e2e delay 16000us, jitter 1600us
	('CM1CB', 'SW41'), Operation(683, None, 768)(683, 683)
	('SW41', 'SW31'), Operation(770, 775, 860)(775, 775)
	('SW31', 'SW21'), Operation(862, None, 1076)(862, 991)
	('SW21', 'SW13'), Operation(949, 1083, 1168)(1083, 1083)
	('SW13', 'MIMU1'), Operation(1170, None, 1384)(1170, 1299)
48. Flow F48 [BFCU-->CM1CA] with period 32000, payload 77B, e2e delay 32000us, jitter 3200us
	('BFCU', 'SW22'), Operation(14105, None, 14112)(14105, 14105)
	('SW22', 'SW7'), Operation(14114, None, 14250)(14114, 14243)
	('SW7', 'SW31'), Operation(14123, 14257, 14264)(14257, 14257)
	('SW31', 'SW41'), Operation(14266, None, 14402)(14266, 14395)
	('SW41', 'CM1CA'), Operation(14275, None, 14540)(14275, 14533)
49. Flow F49 [CM2CA-->CMRIU2] with period 4000, payload 580B, e2e delay 4000us, jitter 400us
	('CM2CA', 'SW42'), Operation(2908, None, 2955)(2908, 2908)
	('SW42', 'SW32'), Operation(2957, None, 3133)(2957, 3086)
	('SW32', 'SW22'), Operation(3006, None, 3311)(3006, 3264)
	('SW22', 'CMRIU2'), Operation(3055, 3318, 3365)(3318, 3318)

SMT variables: 
	F46_('SW52', 'SW8')_t4_min: 46475
	F17_('DU5', 'SW14')_t4_max: 1
	F6_('SW21', 'SW13')_t4_max: 1303
	F36_('SW31', 'SW6')_t4_max: 63476
	F32_jitter: 129
	F37_('SW22', 'SW13')_t4_max: 52
	F31_('MIMU3', 'SW13')_gc: False
	F44_('SW21', 'SW13')_t4_max: 112874
	F3_('SW21', 'SW31')_t4_max: 46336
	F48_('SW22', 'SW7')_t4_min: 14114
	F33_('SW51', 'SM1CA')_gc: False
	F48_('SW31', 'SW41')_t4_max: 14395
	F28_('SW22', 'SW32')_t4_max: 31562
	F0_('CM1CA', 'SW41')_t5_max: 1615
	F3_('SW21', 'SW31')_rr: 1
	F6_('SW12', 'SW21')_rr: 0
	F44_('SW13', 'StarTr1')_t4_min: 112434
	F7_queue_index: 0
	F26_('SW31', 'SW21')_t4_max: 1082
	F20_('SW6', 'SW31')_t4_max: 14532
	F12_('SW31', 'FCM1')_rr: 0
	F18_('SW6', 'SMRIU1')_tb: 22188
	('SW21', 'SW13')_gcl_cycle: 16000
	('MIMU3', 'SW13')_gcl_length: 0
	('RCM2', 'SW32')_gcl_cycle: 1
	F46_('SW8', 'SW31')_gc: False
	('SW51', 'SM1CB')_gcl_cycle: 1
	F0_('SW31', 'SW21')_gc: True
	F30_('SW8', 'SW51')_rr: 0
	F3_('SW51', 'SM1CA')_rr: 0
	F1_('SW14', 'SW22')_t5_min: 6334
	F43_('SW51', 'SM1CB')_rr: 0
	F47_('CM1CB', 'SW41')_t4_max: 683
	F33_('SMRIU1', 'SW6')_gc: False
	F38_('DU1', 'SW11')_gc: False
	F23_('SW14', 'DU4')_gc: False
	F0_('SW21', 'SW13')_t4_max: 1744
	F8_('SW21', 'SW11')_t3_min: 7545
	F17_('SW22', 'SW32')_rr: 1
	F22_queue_index: 0
	F9_('SW31', 'SW21')_t4_max: 37644
	F47_('SW21', 'SW13')_t4_max: 1083
	F21_('SW31', 'RCM1')_t3_max: 15623
	F47_('SW21', 'SW13')_t3_max: 1083
	F42_('StarTr1', 'SW13')_t5_max: 6529
	F0_('CM1CA', 'SW41')_t3_max: 1437
	F12_('SW21', 'SW31')_rr: 0
	F48_('SW7', 'SW31')_t5_max: 14264
	('MIMU2', 'SW13')_gcl_cycle: 1
	F41_('SW31', 'SW41')_rr: 0
	F6_('SW12', 'SW21')_gc: False
	F37_('CM2CB', 'SW42')_rr: 0
	F8_('SW11', 'DU1')_gc: False
	F1_('DU5', 'SW14')_t3_max: 5989
	F13_('RCM2', 'SW32')_rr: 0
	F30_('SW32', 'SW8')_t4_max: 1585
	('DU4', 'SW14')_gcl_cycle: 1
	F14_('SW32', 'SW22')_tb: 63931
	F34_('SW32', 'SW22')_rr: 0
	F23_('SW13', 'SW21')_rr: 1
	F9_('SW6', 'SW31')_t4_max: 37480
	F3_('DU1', 'SW11')_t4_min: 46068
	F27_('SW14', 'DU4')_gc: False
	('SW8', 'SW51')_gcl_cycle: 1
	F26_('SW21', 'SW14')_gc: False
	F47_('SW41', 'SW31')_rr: 1
	F37_('SW42', 'SW32')_t4_min: 18
	F21_('SW31', 'RCM1')_t4_max: 15747
	F32_('SW52', 'SM2CA')_t4_max: 2455
	F13_jitter: 387
	F1_jitter: 0
	('SW32', 'LCM2')_gcl_cycle: 1
	F12_('SW13', 'SW21')_t4_max: 7278
	F3_('SW31', 'SW41')_gc: True
	F46_('SW52', 'SW8')_gc: False
	F15_jitter: 129
	F19_('MIMU2', 'SW13')_t3_max: 698
	F33_('SW41', 'SW51')_gc: True
	F10_('RCM2', 'SW32')_t3_min: 1718
	F9_('SW31', 'SW21')_t3_min: 37386
	F19_('MIMU2', 'SW13')_gc: False
	F0_('SW41', 'SW31')_gc: True
	F6_queue_index: 0
	F11_('SW6', 'SW31')_t4_max: 1238
	F17_('SW14', 'SW22')_t4_max: 24
	F48_jitter: 258
	F39_('CM1CB', 'SW41')_t3_max: -123
	F1_('SW52', 'SM2CB')_t4_min: 6807
	F1_('SW52', 'SM2CB')_t4_max: 6807
	F45_('StarTr1', 'SW13')_t3_max: -123
	F1_('SW52', 'SM2CB')_gc: True
	F12_('MIMU2', 'SW13')_t3_max: 6967
	F0_('SW21', 'SW13')_t5_min: 1798
	F37_('SW32', 'SW22')_t4_max: 35
	F27_('CMRIU1', 'SW21')_t5_min: 837
	F14_('SW32', 'SW22')_rr: 2
	F26_('SW41', 'SW31')_t4_min: 994
	F23_('SW21', 'SW14')_gc: False
	F12_('SW31', 'FCM1')_t3_max: 7528
	F9_('SW31', 'SW21')_t4_min: 37386
	F23_('SW13', 'SW21')_t4_max: 14631
	F15_('SW11', 'DU1')_t3_max: 1792
	F16_('CM1CA', 'SW41')_t3_max: 126798
	F44_('SW51', 'SW41')_gc: False
	F27_('SW14', 'DU4')_rr: 0
	('SW6', 'SW32')_gcl_cycle: 1
	F13_('SW22', 'SW13')_t3_min: 17918
	F39_('CM1CB', 'SW41')_gc: False
	('SW6', 'SW31')_gcl_cycle: 4000
	F34_('SW22', 'SW11')_t4_max: 126216
	F33_('SW31', 'SW41')_t5_min: 7207
	F7_('SW42', 'SW52')_t4_max: 127666
	F28_('SW32', 'FCM2')_t3_max: 31673
	F40_('SW52', 'SM2CA')_rr: 0
	F17_('SW22', 'SW32')_t4_max: 47
	F22_('SW8', 'SW32')_gc: False
	F20_('SMRIU2', 'SW6')_rr: 0
	F47_('SW31', 'SW21')_rr: 0
	F13_('SW32', 'SW22')_rr: 0
	F16_('SW51', 'SM1CA')_gc: False
	F14_('CM2CA', 'SW42')_gc: False
	F3_('SW11', 'SW21')_t4_max: 46264
	F30_('FCM2', 'SW32')_gc: False
	F11_('SMRIU1', 'SW6')_t3_max: 1037
	F28_jitter: 387
	F12_('SW31', 'FCM1')_gc: False
	F41_('SW13', 'SW21')_t4_max: 15053
	F46_('SW41', 'CM1CA')_rr: 0
	('SW31', 'SW8')_gcl_cycle: 1
	F9_('SW6', 'SW31')_rr: 0
	F7_('SW13', 'SW22')_gc: False
	F48_('SW41', 'CM1CA')_t5_max: 14540
	F23_('SW14', 'DU4')_rr: 0
	F42_('SW32', 'SW42')_t4_min: 6950
	F30_('SW32', 'SW8')_gc: False
	F41_('SW13', 'SW21')_t4_min: 15053
	F34_('SW11', 'DU2')_rr: 0
	F11_('SW13', 'StarTr1')_gc: False
	F28_('SW14', 'SW22')_t4_min: 31198
	F48_('SW41', 'CM1CA')_t4_max: 14533
	F10_('SW51', 'SM1CB')_gc: False
	F18_('SW31', 'SW6')_t4_max: 22265
	F34_('SW22', 'SW11')_t4_min: 126216
	F21_('CM1CB', 'SW41')_gc: False
	F6_('SBAND1', 'SW12')_t3_min: 1141
	F33_('SW41', 'SW51')_rr: 8
	F42_('SW32', 'SW42')_t5_max: 7026
	F18_('FCM1', 'SW31')_t3_max: 21960
	F48_('SW22', 'SW7')_rr: 0
	F8_('SW13', 'SW21')_rr: 2
	F42_('SW42', 'CM2CB')_tb: 7028
	F34_('SW32', 'SW22')_t4_min: 126067
	F11_('SW31', 'SW21')_t4_max: 1315
	('SW8', 'SW31')_gcl_cycle: 1
	F24_('SW6', 'SMRIU1')_t4_min: 42
	F48_('SW7', 'SW31')_t4_min: 14257
	('SBAND1', 'SW12')_gcl_length: 0
	F45_('StarTr1', 'SW13')_rr: 0
	F35_('MIMU2', 'SW13')_t3_min: 2993
	F1_('SW14', 'SW22')_t4_max: 6227
	F10_('SW51', 'SM1CB')_t4_max: 2206
	F16_('CM1CA', 'SW41')_t4_min: 126922
	F26_('SW41', 'SW31')_t4_max: 994
	F24_('SW6', 'SMRIU1')_gc: False
	('SW11', 'SW21')_gcl_cycle: 1
	F14_('SW22', 'SW11')_rr: 2
	F22_('SW8', 'SW32')_tb: 63200
	F47_('SW13', 'MIMU1')_t4_min: 1170
	F38_('DU1', 'SW11')_tb: 2618
	F26_('SW21', 'SW14')_t4_min: 1165
	F11_('SW13', 'StarTr1')_t4_min: 1459
	F5_('FCM2', 'SW32')_gc: False
	F4_('SW6', 'SW31')_t4_min: 6614
	F31_('SW31', 'SW41')_t5_min: 15573
	F28_('SW14', 'SW22')_rr: 0
	F0_('SW31', 'SW21')_t4_min: 1683
	F6_('SW12', 'SW21')_t4_min: 1155
	F11_('SW21', 'SW13')_gc: False
	('SW14', 'DU4')_gcl_cycle: 2000
	F49_queue_index: 0
	F49_('SW42', 'SW32')_gc: False
	F42_('SW32', 'SW42')_t5_min: 7026
	F33_('SW31', 'SW41')_t4_max: 7127
	F42_('SW13', 'SW22')_t5_max: 6736
	F28_('SW32', 'FCM2')_t4_min: 31410
	F38_queue_index: 0
	F39_('SW41', 'CM1CA')_t4_min: 74
	F9_('SMRIU2', 'SW6')_rr: 0
	('SW32', 'SW8')_gcl_cycle: 4000
	F31_('SW31', 'SW41')_rr: 0
	F26_('CM1CB', 'SW41')_t3_max: 782
	F23_queue_index: 0
	F1_('SW14', 'SW22')_gc: True
	F44_('SW41', 'SW31')_t5_min: 112280
	F28_('DU5', 'SW14')_gc: False
	F13_('SW13', 'MIMU1')_rr: 0
	F44_('SW21', 'SW13')_rr: 0
	F42_('SW13', 'SW22')_gc: False
	F8_('SW13', 'SW21')_t4_max: 7526
	F19_('SW13', 'MIMU1')_t4_min: 932
	F18_jitter: 258
	F0_('SW13', 'MIMU3')_rr: 0
	F13_('RCM2', 'SW32')_t3_max: 17668
	F19_('SW13', 'MIMU1')_gc: False
	F46_('SW41', 'CM1CA')_gc: False
	F33_('SMRIU1', 'SW6')_rr: 0
	('SW13', 'MIMU2')_gcl_length: 0
	('CM2CB', 'SW42')_gcl_cycle: 1
	F37_('SW32', 'SW22')_gc: True
	F37_('SW22', 'SW13')_t4_min: 52
	F7_('MIMU1', 'SW13')_gc: False
	('SW32', 'SW6')_gcl_length: 2
	F7_('SW52', 'SM2CB')_rr: 0
	F17_('DU5', 'SW14')_t3_max: -123
	F37_('SW13', 'MIMU3')_gc: False
	F27_('CMRIU1', 'SW21')_t3_max: 639
	F32_('SW8', 'SW52')_rr: 1
	F32_('FCM1', 'SW31')_rr: 0
	F4_('SW6', 'SW31')_rr: 0
	F41_('SW41', 'CM1CB')_rr: 0
	F21_jitter: 129
	F24_('FCM2', 'SW32')_t3_max: -123
	F38_('SW11', 'SW22')_t4_min: 2678
	F25_('SW22', 'SW7')_t3_min: 5790
	F8_('SW21', 'SW11')_gc: True
	F7_('SW42', 'SW52')_t4_min: 127150
	F13_('SW22', 'SW13')_rr: 0
	F42_('SW22', 'SW32')_gc: False
	F48_('SW41', 'CM1CA')_rr: 0
	F2_('SM2CA', 'SW52')_gc: False
	('SW42', 'SW32')_gcl_cycle: 128000
	F18_('SW31', 'SW6')_gc: False
	('SW51', 'SM1CA')_gcl_cycle: 2000
	F42_('SW22', 'SW32')_rr: 0
	F33_('SW41', 'SW51')_t3_min: 7209
	('SW21', 'SW14')_gcl_cycle: 1
	F25_('SW31', 'FCM1')_t4_min: 5995
	F10_('SW32', 'SW8')_rr: 1
	F11_queue_index: 0
	F15_('SW11', 'DU1')_rr: 0
	F1_('DU5', 'SW14')_t3_min: 6113
	F3_('SW41', 'SW51')_t4_min: 46480
	F12_('SW13', 'SW21')_t4_min: 7149
	('SW22', 'CMRIU2')_gcl_cycle: 128000
	F15_queue_index: 0
	F4_('FCM2', 'SW32')_rr: 0
	F5_('FCM2', 'SW32')_rr: 0
	F17_('SW14', 'SW22')_gc: True
	F26_jitter: 0
	F4_('SW32', 'SW6')_t5_min: 6612
	F28_('SW14', 'SW22')_t4_max: 31327
	F5_('SW32', 'SW22')_t4_max: 51
	F18_('SW6', 'SMRIU1')_gc: False
	F44_('SW13', 'StarTr1')_gc: False
	F46_('SW8', 'SW31')_t4_min: 46519
	F40_('SM2CB', 'SW52')_rr: 0
	F30_('FCM2', 'SW32')_rr: 0
	F33_('SW31', 'SW41')_gc: True
	F14_('CM2CA', 'SW42')_t3_max: 63757
	F33_('SW51', 'SM1CA')_t4_min: 7296
	F24_('SW32', 'SW6')_t5_min: 40
	F46_('SW8', 'SW31')_t4_max: 46777
	F12_queue_index: 0
	F30_jitter: 0
	F9_('SW21', 'SW12')_rr: 1
	F32_('SW31', 'SW8')_t4_min: 2154
	F49_('SW32', 'SW22')_t4_max: 3264
	F21_('CM1CB', 'SW41')_t3_max: 15289
	F35_('MIMU2', 'SW13')_t5_max: 3004
	F48_('SW31', 'SW41')_t4_min: 14266
	F11_('SW6', 'SW31')_gc: True
	F44_('SW13', 'StarTr1')_t5_min: 112508
	F33_('SW31', 'SW41')_t4_min: 7127
	F47_('CM1CB', 'SW41')_rr: 0
	F20_jitter: 387
	F9_('SW21', 'SW12')_gc: True
	F5_('SW22', 'BFCU')_rr: 0
	F1_('SW42', 'SW52')_t4_min: 6693
	F45_('StarTr1', 'SW13')_gc: False
	F10_jitter: 258
	F21_('CM1CB', 'SW41')_rr: 0
	F31_('SW21', 'SW31')_t4_max: 15527
	('CM1CA', 'SW41')_gcl_cycle: 1
	F47_jitter: 129
	F26_('SW41', 'SW31')_gc: True
	('MIMU2', 'SW13')_gcl_length: 0
	('SW12', 'SW22')_gcl_cycle: 1
	F8_('SW11', 'DU1')_rr: 0
	F29_('SW12', 'SW22')_t4_max: 257
	F47_('SW31', 'SW21')_t5_max: 1076
	F39_jitter: 129
	('SW22', 'SW11')_gcl_cycle: 128000
	F44_('SW41', 'SW31')_t4_max: 112464
	F45_('SW13', 'MIMU2')_rr: 0
	F3_('SW51', 'SM1CA')_gc: False
	F2_('SW22', 'CMRIU2')_t4_max: 127932
	F28_('DU5', 'SW14')_t3_max: 30968
	F29_jitter: 258
	F10_('SW8', 'SW51')_t4_max: 2002
	F4_('SW32', 'SW6')_t4_min: 6574
	F42_('SW22', 'SW32')_t4_max: 6867
	F12_('SW13', 'SW21')_rr: 0
	F26_('SW21', 'SW14')_rr: 0
	F45_('SW13', 'MIMU2')_gc: False
	F33_queue_index: 0
	F22_('SW32', 'SW22')_t4_max: 63575
	F25_('SW22', 'SW7')_gc: True
	F35_('SW21', 'SW14')_gc: False
	F9_jitter: 129
	F22_('SW51', 'SW8')_t4_min: 63088
	F24_('SW32', 'SW6')_t3_min: 19
	F19_('SW13', 'MIMU1')_t5_max: 1169
	F32_('SW52', 'SM2CA')_gc: False
	F31_('MIMU3', 'SW13')_t3_max: 15345
	F48_('SW7', 'SW31')_t4_max: 14257
	F9_('SW31', 'SW21')_gc: False
	F9_('SW12', 'SBAND1')_gc: False
	F29_('SW12', 'SW22')_t4_min: 128
	('SW52', 'SM2CA')_gcl_cycle: 1
	F44_('SW41', 'SW31')_gc: False
	F0_queue_index: 0
	F6_('SBAND1', 'SW12')_t3_max: 1017
	F16_queue_index: 0
	F15_('SW21', 'SW11')_gc: True
	F14_('SW42', 'SW32')_rr: 2
	F32_('SW52', 'SM2CA')_tb: 2326
	F41_('StarTr2', 'SW13')_t3_max: 14849
	F8_('StarTr1', 'SW13')_rr: 0
	F31_('SW13', 'SW21')_gc: True
	F23_('SW21', 'SW14')_rr: 0
	F0_('SW13', 'MIMU3')_gc: False
	F28_('SW32', 'FCM2')_gc: False
	F49_('SW42', 'SW32')_t5_min: 3004
	F25_('SW31', 'FCM1')_gc: False
	F36_('SW6', 'SW32')_rr: 0
	F44_('SW21', 'SW13')_gc: False
	F47_('SW31', 'SW21')_gc: False
	('SW13', 'MIMU3')_gcl_length: 0
	F27_('SW21', 'SW14')_t4_max: 968
	F6_('SW13', 'StarTr1')_gc: False
	F28_('SW32', 'FCM2')_rr: 0
	F10_('SW8', 'SW51')_t5_max: 2075
	('SW52', 'SW8')_gcl_length: 0
	F8_('StarTr1', 'SW13')_t3_max: 7378
	F37_('SW13', 'MIMU3')_rr: 0
	F8_('SW13', 'SW21')_t4_min: 7526
	F9_('SMRIU2', 'SW6')_gc: False
	F29_('SW12', 'SW22')_rr: 0
	F3_('SW21', 'SW31')_gc: True
	F6_('SW21', 'SW13')_rr: 8
	F5_('SW22', 'BFCU')_gc: False
	F11_('SW6', 'SW31')_rr: 1
	F16_('SW41', 'SW51')_rr: 0
	('SW21', 'SW11')_gcl_cycle: 8000
	F41_('SW31', 'SW41')_t4_min: 15208
	F48_('BFCU', 'SW22')_t4_max: 14105
	F24_('SW6', 'SMRIU1')_rr: 0
	F31_('SW13', 'SW21')_rr: 1
	F23_('StarTr2', 'SW13')_rr: 0
	F24_jitter: 129
	F1_('DU5', 'SW14')_t5_max: 6220
	F38_('DU1', 'SW11')_t3_max: 2494
	F27_('CMRIU1', 'SW21')_rr: 0
	F1_('SW22', 'SW32')_rr: 0
	F28_('SW14', 'SW22')_gc: False
	F3_('SW41', 'SW51')_gc: True
	F42_jitter: 129
	('SW32', 'FCM2')_gcl_cycle: 1
	F14_('SW11', 'DU2')_t4_min: 63981
	F3_('SW41', 'SW51')_t5_max: 46545
	F42_('StarTr1', 'SW13')_gc: False
	F7_jitter: 645
	F17_('SW32', 'FCM2')_rr: 0
	('SW31', 'FCM1')_gcl_cycle: 1
	F33_('SW31', 'SW41')_rr: 8
	F2_('SW32', 'SW22')_gc: True
	F42_queue_index: 0
	F28_('DU5', 'SW14')_rr: 0
	F2_queue_index: 0
	F47_('CM1CB', 'SW41')_gc: False
	('SW51', 'SW8')_gcl_cycle: 1
	F22_('SW51', 'SW8')_rr: 0
	F48_('SW7', 'SW31')_rr: 1
	('SMRIU2', 'SW6')_gcl_cycle: 1
	F28_('SW22', 'SW32')_t4_min: 31304
	F49_('SW42', 'SW32')_t4_min: 2957
	F48_('SW41', 'CM1CA')_gc: False
	F35_('MIMU2', 'SW13')_rr: 0
	F49_('CM2CA', 'SW42')_gc: False
	F12_('MIMU2', 'SW13')_t4_min: 7091
	F0_('SW41', 'SW31')_t4_max: 1622
	F14_('SW32', 'SW22')_t4_min: 63931
	F10_('RCM2', 'SW32')_gc: False
	F11_('SW13', 'StarTr1')_rr: 0
	F14_('SW32', 'SW22')_t4_max: 63931
	F31_('SW21', 'SW31')_t5_min: 15549
	('FCM1', 'SW31')_gcl_length: 0
	F40_('SM2CB', 'SW52')_tb: 14044
	F34_jitter: 129
	F3_('SW11', 'SW21')_rr: 0
	F32_('SW31', 'SW8')_rr: 0
	F41_('SW31', 'SW41')_t5_max: 15410
	F37_('SW22', 'SW13')_rr: 1
	F9_('SW6', 'SW31')_t4_min: 37351
	F17_('SW14', 'SW22')_rr: 32
	F2_('SW42', 'SW32')_rr: 1
	F11_('SW31', 'SW21')_gc: True
	F37_('SW42', 'SW32')_gc: True
	F8_('SW11', 'DU1')_t4_min: 7569
	F7_('SW52', 'SM2CB')_gc: False
	F30_('SW8', 'SW51')_gc: False
	F26_('SW31', 'SW21')_t4_min: 1082
	F3_('SW11', 'SW21')_t5_max: 46329
	F20_('SW31', 'SW21')_t4_max: 14744
	F2_('SW32', 'SW22')_rr: 1
	F15_('SW11', 'DU1')_gc: False
	F42_('SW13', 'SW22')_t5_min: 6607
	F22_('SW32', 'SW22')_tb: 63575
	F39_('SW41', 'CM1CA')_t4_max: 203
	F46_('SW31', 'SW41')_gc: False
	F5_('SW22', 'BFCU')_t4_min: 68
	F25_jitter: 258
	F49_('SW22', 'CMRIU2')_t3_max: 3318
	F33_('SW6', 'SW31')_t4_max: 7040
	F36_('SW32', 'LCM2')_t4_min: 63525
	F21_queue_index: 0
	F16_('SW51', 'SM1CA')_t4_min: 127000
	('SW41', 'SW51')_gcl_cycle: 64000
	F37_('SW13', 'MIMU3')_tb: 64
	F2_('SW32', 'SW22')_t4_max: 127862
	F44_('SW31', 'SW21')_gc: False
	F46_('SW8', 'SW31')_rr: 0
	F10_('SW32', 'SW8')_gc: True
	F46_('SM2CA', 'SW52')_rr: 0
	F44_('SM1CA', 'SW51')_gc: False
	F35_jitter: 258
	F18_('SW31', 'SW6')_t4_min: 22136
	F7_('SW22', 'SW32')_gc: False
	F40_('SW52', 'SM2CA')_t5_max: 14325
	F14_jitter: 0
	F1_('SW14', 'SW22')_rr: 1
	F14_('SW22', 'SW11')_gc: True
	F4_('SW31', 'FCM1')_t4_min: 6654
	F33_('SW6', 'SW31')_t4_min: 6911
	F28_('SW22', 'SW32')_gc: False
	F24_('SW32', 'SW6')_rr: 1
	F25_('SW7', 'SW31')_t4_min: 5895
	F6_('SW13', 'StarTr1')_rr: 0
	F47_('SW41', 'SW31')_gc: True
	F0_('SW13', 'MIMU3')_t4_min: 1800
	F6_('SW21', 'SW13')_t5_min: 1315
	F49_('SW42', 'SW32')_t4_max: 3086
	F0_('CM1CA', 'SW41')_rr: 0
	F38_jitter: 258
	F22_('SW32', 'SW22')_t4_min: 63575
	F4_('SW32', 'SW6')_gc: False
	F46_('SW31', 'SW41')_t5_min: 46605
	F3_('DU1', 'SW11')_t3_max: 45944
	F44_('SW13', 'StarTr1')_t5_max: 113153
	F0_('CM1CA', 'SW41')_gc: False
	('SW21', 'SW12')_gcl_cycle: 64000
	F44_('SW31', 'SW21')_t4_min: 112282
	F17_('DU5', 'SW14')_rr: 0
	('SW11', 'DU1')_gcl_cycle: 1
	F3_('SW31', 'SW41')_rr: 1
	F23_('SW21', 'SW14')_t3_min: 14751
	F34_('SW11', 'DU2')_gc: False
	('SW14', 'SW21')_gcl_cycle: 1
	F20_('SMRIU2', 'SW6')_t3_min: 14320
	F39_('SW41', 'CM1CA')_rr: 0
	F37_('SW22', 'SW13')_gc: True
	F36_('SW6', 'SW32')_t5_max: 63781
	('SW42', 'CM2CB')_gcl_cycle: 1
	F3_jitter: 129
	F27_queue_index: 0
	F45_('StarTr1', 'SW13')_t3_min: 1
	('CM2CA', 'SW42')_gcl_cycle: 1
	F12_('SW31', 'FCM1')_t4_min: 7265
	F12_('SW21', 'SW31')_t4_min: 7207
	F43_('SM1CA', 'SW51')_gc: False
	F37_('SW42', 'SW32')_t4_max: 18
	F46_('SW52', 'SW8')_rr: 0
	F6_('SW21', 'SW13')_gc: True
	F8_('SW21', 'SW11')_t5_min: 7567
	('SW32', 'SW22')_gcl_length: 154
	F24_('SW6', 'SMRIU1')_t3_min: 42
	F28_('SW22', 'SW32')_rr: 0
	F26_('CM1CB', 'SW41')_gc: False
	F42_('SW22', 'SW32')_t4_min: 6609
	('SW13', 'SW21')_gcl_length: 18
	F20_('SW6', 'SW31')_rr: 0
	F12_jitter: 387
	F29_('SBAND1', 'SW12')_t3_max: -81
	F36_('SW32', 'LCM2')_rr: 0
	('DU1', 'SW11')_gcl_cycle: 1
	F22_('SW8', 'SW32')_t4_min: 63200
	F42_('SW13', 'SW22')_t4_min: 6531
	F14_('SW11', 'DU2')_gc: True
	F17_queue_index: 0
	F27_('CMRIU1', 'SW21')_gc: False
	F7_('SW42', 'SW52')_tb: 127150
	F32_('SW8', 'SW52')_t4_max: 2307
	F5_('SW32', 'SW22')_t4_min: 51
	F15_('SW21', 'SW11')_t4_min: 1702
	F8_queue_index: 0
	F23_('SW21', 'SW14')_t4_max: 14880
	('SW13', 'MIMU3')_gcl_cycle: 1
	F14_('SW42', 'SW32')_t4_min: 63906
	F4_('FCM2', 'SW32')_t3_max: 6410
	F10_('RCM2', 'SW32')_t3_max: 1594
	F32_('FCM1', 'SW31')_t3_max: 2011
	F0_('SW41', 'SW31')_rr: 8
	F47_('SW13', 'MIMU1')_t3_min: 1170
	F10_('SW51', 'SM1CB')_tb: 1948
	F37_('CM2CB', 'SW42')_gc: False
	F42_('SW42', 'CM2CB')_t4_min: 7028
	F4_('FCM2', 'SW32')_gc: False
	F43_jitter: 129
	F3_('SW11', 'SW21')_t4_min: 46135
	F23_jitter: 258
	F46_('SW41', 'CM1CA')_t4_min: 46607
	F27_('SW21', 'SW14')_t4_min: 839
	F8_('StarTr1', 'SW13')_gc: False
	F8_('SW21', 'SW11')_t4_max: 7550
	F33_('SW41', 'SW51')_t4_min: 7214
	F41_('SW13', 'SW21')_rr: 1
	F12_('MIMU2', 'SW13')_tb: 7091
	F42_('SW32', 'SW42')_gc: True
	F9_('SW21', 'SW12')_tb: 37684
	F37_queue_index: 0
	F31_queue_index: 0
	F20_('SW21', 'CMRIU1')_t4_min: 14569
	F47_('SW31', 'SW21')_t4_max: 991
	F3_('DU1', 'SW11')_rr: 0
	F19_jitter: 129
	F23_('SW14', 'DU4')_t3_max: 15005
	F3_('SW31', 'SW41')_t4_max: 46408
	('MIMU1', 'SW13')_gcl_cycle: 1
	F9_('SW31', 'SW21')_rr: 0
	F15_('DU4', 'SW14')_rr: 0
	F22_('SW22', 'CMRIU2')_rr: 0
	('SW41', 'CM1CA')_gcl_cycle: 1
	F2_('SW52', 'SW42')_t4_max: 127722
	F31_('MIMU3', 'SW13')_rr: 0
	F48_('SW31', 'SW41')_rr: 0
	F46_('SW31', 'SW41')_t4_min: 46563
	F26_('SW14', 'DU4')_t4_max: 1382
	F18_('SW31', 'SW6')_rr: 0
	F22_('SW22', 'CMRIU2')_gc: False
	F38_('SW22', 'CMRIU2')_t4_min: 2738
	F14_('SW42', 'SW32')_t3_min: 63901
	F41_('SW31', 'SW41')_t3_min: 15208
	F44_('SW51', 'SW41')_t4_max: 112259
	F22_('SW8', 'SW32')_t4_max: 63458
	F40_('SM2CB', 'SW52')_t3_max: 13920
	F5_('SW32', 'SW22')_gc: True
	F44_('SM1CA', 'SW51')_rr: 0
	F2_('SW42', 'SW32')_t4_max: 127792
	F49_('SW32', 'SW22')_rr: 0
	F42_('SW32', 'SW42')_t4_max: 6950
	F47_('SW21', 'SW13')_t4_min: 1083
	('BFCU', 'SW22')_gcl_cycle: 1
	F34_('FCM2', 'SW32')_gc: False
	('SW32', 'SW22')_gcl_cycle: 128000
	('MIMU3', 'SW13')_gcl_cycle: 1
	('SW22', 'SW7')_gcl_cycle: 8000
	F0_('SW21', 'SW13')_rr: 8
	F13_('SW13', 'MIMU1')_gc: False
	F9_('SW12', 'SBAND1')_t4_min: 37719
	('SW22', 'SW32')_gcl_cycle: 2000
	F1_('SW14', 'SW22')_t4_min: 6227
	('SM1CA', 'SW51')_gcl_cycle: 1
	F46_('SW52', 'SW8')_t5_max: 46646
	F35_queue_index: 0
	F15_('SW14', 'SW21')_t5_min: 1566
	F9_('SW12', 'SBAND1')_t3_min: 37719
	F1_('SW52', 'SM2CB')_t3_min: 6802
	F19_('SW13', 'MIMU1')_rr: 0
	F46_('SW31', 'SW41')_t4_max: 46950
	F40_('SM2CB', 'SW52')_gc: False
	F35_('SW13', 'SW21')_t5_min: 3022
	F15_('DU4', 'SW14')_t4_max: 1398
	F37_('SW32', 'SW22')_rr: 8
	('SW13', 'MIMU2')_gcl_cycle: 1
	F19_('MIMU2', 'SW13')_rr: 0
	F16_('SW41', 'SW51')_t4_min: 126961
	F6_('SBAND1', 'SW12')_gc: False
	F35_('SW14', 'DU5')_gc: False
	F36_queue_index: 0
	F41_('SW41', 'CM1CB')_t4_min: 15283
	F35_('SW14', 'DU5')_t3_max: 3171
	F46_('SM2CA', 'SW52')_t3_max: 46307
	F24_('FCM2', 'SW32')_rr: 0
	F44_('SW13', 'StarTr1')_rr: 0
	F22_('SW51', 'SW8')_t4_max: 63217
	('SM1CB', 'SW51')_gcl_cycle: 1
	F31_('SW13', 'SW21')_t4_min: 15498
	F40_queue_index: 0
	F12_('MIMU2', 'SW13')_rr: 0
	F7_('SW13', 'SW22')_t4_max: 126970
	F29_('SW12', 'SW22')_gc: False
	F1_('SW52', 'SM2CB')_rr: 1
	F30_('SW32', 'SW8')_t4_min: 1456
	F48_('SW41', 'CM1CA')_t4_min: 14275
	F33_('SW41', 'SW51')_t3_max: 7214
	F32_('SW8', 'SW52')_t4_min: 2307
	F44_('SW41', 'SW31')_t4_min: 112206
	F36_('SW31', 'SW6')_t4_min: 63347
	F25_('SW22', 'SW7')_t4_min: 5795
	F41_('SW21', 'SW31')_t4_min: 15133
	F5_queue_index: 0
	F41_('SW21', 'SW31')_t3_max: 15133
	F6_('SW12', 'SW21')_t5_min: 1167
	F15_('DU4', 'SW14')_t3_max: 1274
	F16_('SW51', 'SM1CA')_rr: 0
	('SW51', 'SW41')_gcl_cycle: 1
	F34_('SW11', 'DU2')_t4_min: 126231
	('CMRIU1', 'SW21')_gcl_cycle: 1
	F15_('SW14', 'SW21')_gc: False
	F1_('DU5', 'SW14')_gc: False
	F42_('SW32', 'SW42')_rr: 8
	F47_('CM1CB', 'SW41')_t4_min: 683
	F20_('SMRIU2', 'SW6')_t3_max: 14196
	F8_('SW21', 'SW11')_t4_min: 7550
	F36_('SW31', 'SW6')_gc: False
	F46_('SW31', 'SW41')_rr: 0
	F35_('SW21', 'SW14')_t4_min: 3024
	F36_('SW6', 'SW32')_gc: False
	F14_('SW22', 'SW11')_t4_max: 63956
	F37_jitter: 129
	F18_('SW31', 'SW6')_t5_max: 22315
	F25_('BFCU', 'SW22')_t3_max: 5566
	F22_('SW32', 'SW22')_gc: True
	F45_('StarTr1', 'SW13')_tb: 1
	F17_('SW22', 'SW32')_gc: True
	F38_('SW22', 'CMRIU2')_gc: False
	F7_('SW13', 'SW22')_t4_min: 126841
	F0_('SW31', 'SW21')_t4_max: 1683
	F32_('SW52', 'SM2CA')_rr: 0
	F34_('SW22', 'SW11')_gc: True
	F25_queue_index: 0
	F30_('SW8', 'SW51')_t4_min: 1536
	F2_('SW52', 'SW42')_t4_min: 127593
	F32_queue_index: 0
	F10_('SW51', 'SM1CB')_t4_min: 1948
	F31_('SW31', 'SW41')_t4_min: 15551
	F3_('SW51', 'SM1CA')_t4_min: 46547
	F0_('SW31', 'SW21')_rr: 2
	F36_('LCM1', 'SW31')_rr: 0
	F44_queue_index: 0
	F22_('SM1CB', 'SW51')_rr: 0
	F14_('SW42', 'SW32')_gc: True
	F38_('SW11', 'SW22')_rr: 0
	F48_('SW22', 'SW7')_tb: 14114
	F48_('SW22', 'SW7')_gc: False
	F4_('SW6', 'SW31')_gc: False
	F5_('FCM2', 'SW32')_t3_max: -95
	F23_('SW13', 'SW21')_gc: True
	F41_('StarTr2', 'SW13')_t5_min: 15046
	F6_('SBAND1', 'SW12')_rr: 0
	F31_('SW41', 'CM1CA')_rr: 0
	F7_('SW42', 'SW52')_rr: 0
	F21_('SW31', 'RCM1')_rr: 0
	F42_('StarTr1', 'SW13')_t3_max: 6329
	F1_('SW42', 'SW52')_gc: True
	F47_('SW41', 'SW31')_t4_min: 775
	F47_('SW31', 'SW21')_t4_min: 862
	F1_('SW32', 'SW42')_rr: 1
	F25_('SW22', 'SW7')_tb: 5795
	F12_('SW21', 'SW31')_gc: False
	F11_('SW31', 'SW21')_t4_min: 1315
	('SW31', 'SW41')_gcl_cycle: 64000
	F44_('SW41', 'SW31')_rr: 0
	F49_('SW22', 'CMRIU2')_t5_max: 3365
	F2_('SW22', 'CMRIU2')_t4_min: 127932
	F6_('SW21', 'SW13')_t4_min: 1303
	('SW11', 'SW22')_gcl_cycle: 1
	F24_('SW32', 'SW6')_t4_min: 24
	F9_('SMRIU2', 'SW6')_t3_max: 37192
	F22_jitter: 129
	('SW13', 'MIMU1')_gcl_cycle: 1
	F16_('SW41', 'SW51')_gc: False
	F38_('DU1', 'SW11')_rr: 0
	F18_('SW6', 'SMRIU1')_t4_min: 22188
	F17_('SW22', 'SW32')_t4_min: 47
	('SW13', 'SW21')_gcl_cycle: 16000
	F37_('SW32', 'SW22')_t4_min: 35
	F38_('SW11', 'SW22')_tb: 2678
	F49_('CM2CA', 'SW42')_rr: 0
	F9_('SW21', 'SW12')_t4_max: 37684
	F28_('SW14', 'SW22')_t3_min: 31198
	F25_('SW7', 'SW31')_gc: False
	F1_('SW42', 'SW52')_tb: 6693
	F48_('SW31', 'SW41')_gc: False
	F4_('SW32', 'SW6')_t4_max: 6703
	F47_('SW13', 'MIMU1')_gc: False
	F7_('SW42', 'SW52')_gc: False
	F26_('SW14', 'DU4')_gc: True
	F45_jitter: 129
	F28_('DU5', 'SW14')_t3_min: 31092
	F22_('SM1CB', 'SW51')_t3_max: 62852
	F26_('SW14', 'DU4')_t4_min: 1382
	('SM2CB', 'SW52')_gcl_cycle: 1
	F45_('SW13', 'MIMU2')_t4_min: 45
	F18_('FCM1', 'SW31')_gc: False
	F35_('SW13', 'SW21')_t4_max: 3011
	F10_('SW32', 'SW8')_t4_min: 1798
	F49_('SW22', 'CMRIU2')_t4_min: 3318
	F10_('SW8', 'SW51')_t4_min: 1873
	F4_('SW31', 'FCM1')_rr: 0
	F41_('SW41', 'CM1CB')_t4_max: 15541
	F20_('SMRIU2', 'SW6')_t5_min: 14401
	('FCM2', 'SW32')_gcl_cycle: 1
	F22_('SM1CB', 'SW51')_tb: 62976
	F36_('LCM1', 'SW31')_gc: False
	F40_jitter: 129
	F4_('SW6', 'SW31')_t4_max: 6872
	('SW14', 'DU4')_gcl_length: 2
	F29_('SW12', 'SW22')_tb: 128
	F36_jitter: 387
	F22_('SM1CB', 'SW51')_gc: False
	F25_('SW22', 'SW7')_t4_max: 5795
	F40_('SW52', 'SM2CA')_t4_min: 14121
	F39_queue_index: 0
	F1_('SW22', 'SW32')_t4_max: 6465
	F30_('FCM2', 'SW32')_t3_min: 1376
	F49_('SW32', 'SW22')_t3_max: 3140
	F17_('SW32', 'FCM2')_gc: False
	F32_('SW52', 'SM2CA')_t5_max: 2472
	F34_('SW32', 'SW22')_gc: False
	F41_('SW21', 'SW31')_gc: True
	('SW32', 'SW8')_gcl_length: 2
	F40_('SW52', 'SM2CA')_gc: False
	('SW22', 'SW13')_gcl_cycle: 16000
	F14_('CM2CA', 'SW42')_rr: 0
	F29_queue_index: 0
	F36_('SW6', 'SW32')_t4_min: 63436
	F11_('SW21', 'SW13')_t4_max: 1516
	F23_('SW13', 'SW21')_t4_min: 14631
	F9_('SW6', 'SW31')_gc: False
	F32_('SW31', 'SW8')_gc: False
	F20_('SW31', 'SW21')_tb: 14486
	('SW8', 'SW32')_gcl_cycle: 1
	F23_('SW21', 'SW14')_tb: 14751
	F11_('SMRIU1', 'SW6')_rr: 0
	('SW21', 'CMRIU1')_gcl_cycle: 1
	('SBAND1', 'SW12')_gcl_cycle: 1
	F8_jitter: 129
	('SW31', 'RCM1')_gcl_cycle: 1
	('SW12', 'SW21')_gcl_cycle: 1
	F27_('SW14', 'DU4')_t4_min: 915
	F32_('SW52', 'SM2CA')_t4_min: 2326
	F2_('SW52', 'SW42')_gc: False
	F6_('SW21', 'SW13')_t5_max: 1315
	F44_('SM1CA', 'SW51')_t3_max: 111930
	F21_('SW41', 'SW31')_gc: True
	F21_('SW31', 'RCM1')_gc: False
	F49_('SW22', 'CMRIU2')_gc: True
	F44_('SW21', 'SW13')_t4_min: 112358
	F29_('SW22', 'BFCU')_gc: False
	F10_('RCM2', 'SW32')_t4_min: 1718
	F7_('SW52', 'SM2CB')_t5_min: 127354
	F30_('SW51', 'SM1CA')_gc: True
	F47_('SW21', 'SW13')_tb: 1083
	F34_('FCM2', 'SW32')_rr: 0
	F15_('SW21', 'SW11')_t4_max: 1702
	F3_('SW41', 'SW51')_rr: 1
	F7_('SW32', 'SW42')_t4_max: 127434
	F27_('SW21', 'SW14')_rr: 0
	F15_('DU4', 'SW14')_gc: False
	('CM1CB', 'SW41')_gcl_cycle: 1
	F14_('SW32', 'SW22')_gc: True
	F29_('SBAND1', 'SW12')_gc: False
	F21_('SW41', 'SW31')_t3_min: 15513
	F4_('SW31', 'FCM1')_gc: False
	F5_('SW32', 'SW22')_tb: 51
	F11_('SW31', 'SW21')_rr: 1
	F15_('SW14', 'SW21')_rr: 0
	F21_('SW41', 'SW31')_t4_min: 15518
	F24_('FCM2', 'SW32')_t5_max: 17
	F33_jitter: 129
	F26_('CM1CB', 'SW41')_rr: 0
	F34_('SW22', 'SW11')_rr: 1
	F47_('SW13', 'MIMU1')_rr: 0
	F11_('SW21', 'SW13')_t4_min: 1387
	F31_('SW21', 'SW31')_t4_min: 15527
	F41_jitter: 258
	F15_('SW14', 'SW21')_t4_max: 1612
	F26_('SW41', 'SW31')_rr: 8
	F32_('FCM1', 'SW31')_gc: False
	F7_('SW13', 'SW22')_tb: 126841
	F31_('SW31', 'SW41')_gc: False
	F31_('SW21', 'SW31')_rr: 4
	F5_jitter: 129
	F17_('SW14', 'SW22')_t4_min: 24
	F25_('SW22', 'SW7')_rr: 1
	F35_('MIMU2', 'SW13')_t3_max: 2869
	F27_('SW21', 'SW14')_t3_min: 839
	F20_('SW21', 'CMRIU1')_gc: False
	F47_('SW41', 'SW31')_t4_max: 775
	F9_('SW21', 'SW12')_t4_min: 37684
	F44_('SW21', 'SW13')_t3_max: 112750
	F29_('SW22', 'BFCU')_t5_max: 554
	F19_queue_index: 0
	F34_('SW32', 'SW22')_t5_min: 126080
	F26_('SW31', 'SW21')_gc: True
	F14_('SW11', 'DU2')_rr: 1
	F31_('SW13', 'SW21')_t4_max: 15498
	F1_('SW32', 'SW42')_t4_max: 6579
	F32_('SW31', 'SW8')_t4_max: 2283
	F7_('SW32', 'SW42')_t4_min: 127047
	F30_('SW51', 'SM1CA')_t4_min: 1879
	('SW52', 'SW8')_gcl_cycle: 1
	F3_('SW31', 'SW41')_t5_min: 46473
	F47_('SW21', 'SW13')_gc: True
	F4_jitter: 387
	F25_('SW7', 'SW31')_t4_max: 6024
	F20_queue_index: 0
	F15_('SW11', 'DU1')_t4_min: 1787
	F49_('CM2CA', 'SW42')_t3_max: 2784
	F48_queue_index: 0
	F11_('SMRIU1', 'SW6')_gc: False
	F18_('SW6', 'SMRIU1')_rr: 0
	F0_('SW41', 'SW31')_t4_min: 1622
	F24_('SW32', 'SW6')_gc: True
	F14_queue_index: 0
	F1_('SW22', 'SW32')_t4_min: 6336
	F7_('MIMU1', 'SW13')_t3_min: 126738
	F10_('SW8', 'SW51')_gc: False
	('SW11', 'DU2')_gcl_cycle: 64000
	F43_('SW51', 'SM1CB')_t4_min: 55
	('RCM2', 'SW32')_gcl_length: 0
	F0_jitter: 129
	F26_('SW21', 'SW14')_t4_max: 1294
	F36_('SW32', 'LCM2')_gc: False
	F35_('MIMU2', 'SW13')_gc: False
	F21_('SW41', 'SW31')_rr: 1
	('SW14', 'DU5')_gcl_cycle: 1
	F7_('SW42', 'SW52')_t3_max: 127542
	F6_('SW12', 'SW21')_t4_max: 1284
	F20_('SW31', 'SW21')_gc: False
	F24_('SW32', 'SW6')_t4_max: 24
	F28_('SW22', 'SW32')_t5_min: 31408
	F44_('SW31', 'SW21')_t4_max: 112669
	F47_('CM1CB', 'SW41')_t5_max: 768
	F45_queue_index: 0
	F41_('SW21', 'SW31')_rr: 4
	F49_('SW42', 'SW32')_rr: 0
	F31_jitter: 258
	('LCM1', 'SW31')_gcl_cycle: 1
	F34_queue_index: 0
	F4_('SW32', 'SW6')_rr: 0
	F2_('SW22', 'CMRIU2')_rr: 1
	F41_('SW13', 'SW21')_gc: True
	F33_('SW41', 'SW51')_t4_max: 7214
	('SW41', 'SW31')_gcl_cycle: 16000
	F6_jitter: 129
	F18_queue_index: 0
	F5_('SW32', 'SW22')_rr: 64
	F35_('SW21', 'SW14')_t5_min: 3035
	F8_('SW21', 'SW11')_rr: 1
	F3_queue_index: 0
	F47_('CM1CB', 'SW41')_t3_max: 559
	F11_('SW6', 'SW31')_t4_min: 1238
	F13_('SW22', 'SW13')_t4_min: 17918
	F22_('SM1CB', 'SW51')_t5_min: 63086
	F35_('SW21', 'SW14')_t4_max: 3153
	F25_('SW31', 'FCM1')_tb: 5995
	F26_('SW14', 'DU4')_rr: 1
	F31_('SW21', 'SW31')_gc: True
	('SW21', 'CMRIU1')_gcl_length: 0
	F2_('SW52', 'SW42')_rr: 0
	F7_('SW22', 'SW32')_rr: 0
	F43_('SW51', 'SM1CB')_gc: False
	F13_('SW13', 'MIMU1')_t5_max: 18429
	F19_('MIMU2', 'SW13')_t5_max: 930
	F28_queue_index: 0
	F8_('StarTr1', 'SW13')_tb: 7502
	F0_('SW21', 'SW13')_gc: True
	F13_('SW32', 'SW22')_t3_min: 17855
	('SMRIU1', 'SW6')_gcl_cycle: 1
	('SW8', 'SW52')_gcl_length: 2
	F9_('SW12', 'SBAND1')_rr: 0
	F38_('SW11', 'SW22')_t4_max: 2807
	F47_('SW21', 'SW13')_rr: 1
	F35_('SW13', 'SW21')_gc: True
	F3_('SW31', 'SW41')_t4_min: 46408
	F23_('SW14', 'DU4')_t4_min: 14871
	F15_('SW14', 'SW21')_t4_min: 1483
	F42_('SW42', 'CM2CB')_gc: False
	F1_('SW42', 'SW52')_t4_max: 6693
	F26_('CM1CB', 'SW41')_t5_min: 987
	F45_('StarTr1', 'SW13')_t4_min: 1
	F12_('MIMU2', 'SW13')_gc: False
	F9_('SW31', 'SW21')_t5_max: 37677
	F3_('SW21', 'SW31')_t4_min: 46336
	F22_('SW8', 'SW32')_rr: 0
	F13_('SW22', 'SW13')_gc: False
	F13_('SW32', 'SW22')_gc: False
	F7_('SW32', 'SW42')_gc: False
	F10_('RCM2', 'SW32')_rr: 0
	F33_('SW51', 'SM1CA')_rr: 0
	F31_('SW31', 'SW41')_tb: 15551
	('CM2CB', 'SW42')_gcl_length: 0
	F1_('SW42', 'SW52')_rr: 1
	F2_('SM2CA', 'SW52')_t3_max: 127404
	F35_('SW21', 'SW14')_t5_max: 3164
	('SW42', 'SW52')_gcl_cycle: 64000
	F25_('SW7', 'SW31')_tb: 5895
	F37_('SW42', 'SW32')_t5_max: 28
	('SW12', 'SBAND1')_gcl_cycle: 1
	('SW7', 'SW31')_gcl_cycle: 32000
	F42_('SW42', 'CM2CB')_t4_max: 7157
	F16_('CM1CA', 'SW41')_rr: 0
	F7_('SW22', 'SW32')_t4_min: 126944
	('SW32', 'SW6')_gcl_cycle: 2000
	F2_('SW22', 'CMRIU2')_gc: True
	F35_('MIMU2', 'SW13')_tb: 2993
	F21_('SW41', 'SW31')_t4_max: 15518
	F2_('SW32', 'SW22')_t4_min: 127862
	F5_('SW32', 'SW22')_t5_max: 66
	F13_('SW32', 'SW22')_t4_min: 17855
	F3_('SW11', 'SW21')_gc: False
	F22_('SW51', 'SW8')_gc: False
	F37_('CM2CB', 'SW42')_t3_max: -123
	F21_('SW31', 'RCM1')_t3_min: 15618
	F1_('SW32', 'SW42')_gc: True
	F13_queue_index: 0
	F3_('DU1', 'SW11')_gc: False
	F41_queue_index: 0
	('FCM1', 'SW31')_gcl_cycle: 1
	F49_jitter: 0
	F2_('SW42', 'SW32')_t4_min: 127792
	F7_('SW52', 'SM2CB')_t4_min: 127253
	F35_('SW14', 'DU5')_rr: 0
	F46_('SM2CA', 'SW52')_gc: False
	F39_('SW41', 'CM1CA')_gc: False
	('DU5', 'SW14')_gcl_cycle: 1
	F11_jitter: 258
	F13_('SW32', 'SW22')_t5_max: 18045
	F29_('SW22', 'BFCU')_rr: 0
	('SW52', 'SW42')_gcl_cycle: 1
	F14_('SW22', 'SW11')_t4_min: 63956
	F0_('SW31', 'SW21')_t5_min: 1737
	F48_('SW7', 'SW31')_gc: True
	F21_('SW31', 'RCM1')_t4_min: 15618
	F1_('DU5', 'SW14')_rr: 0
	F33_('SW6', 'SW31')_gc: False
	('StarTr2', 'SW13')_gcl_cycle: 1
	F41_('StarTr2', 'SW13')_gc: False
	F27_jitter: 258
	F26_('SW41', 'SW31')_tb: 994
	('SW21', 'SW31')_gcl_cycle: 64000
	F49_('SW32', 'SW22')_gc: False
	F12_('SW13', 'SW21')_gc: False
	F23_('SW21', 'SW14')_t4_min: 14751
	F44_jitter: 645
	F46_('SW52', 'SW8')_t4_max: 46604
	F8_('SW11', 'DU1')_t3_max: 7574
	F10_('SW8', 'SW51')_rr: 0
	F11_('SW21', 'SW13')_rr: 0
	F26_queue_index: 0
	F30_('FCM2', 'SW32')_t4_min: 1376
	F36_('LCM1', 'SW31')_t3_max: 63134
	F30_('SW51', 'SM1CA')_t4_max: 1879
	('SM1CB', 'SW51')_gcl_length: 0
	F41_('StarTr2', 'SW13')_rr: 0
	F1_('SW32', 'SW42')_t4_min: 6579
	F4_queue_index: 0
	F36_('SW32', 'LCM2')_t4_max: 63912
	F18_('FCM1', 'SW31')_rr: 0
	F25_('BFCU', 'SW22')_rr: 0
	F8_('SW13', 'SW21')_gc: True
	F7_('SW32', 'SW42')_rr: 0
	('SW13', 'SW22')_gcl_cycle: 1
	F32_('SW8', 'SW52')_gc: True
	F10_('SW8', 'SW51')_t5_min: 1946
	F7_('MIMU1', 'SW13')_t3_max: 126614
	F48_('BFCU', 'SW22')_gc: False
	F7_('MIMU1', 'SW13')_rr: 0
	F37_('SW42', 'SW32')_rr: 8
	F41_('SW41', 'CM1CB')_gc: False
	F35_('SW14', 'DU5')_t4_min: 3037
	F10_queue_index: 0
	F25_('BFCU', 'SW22')_gc: False
	F25_('SW31', 'FCM1')_t4_max: 6253
	F24_('FCM2', 'SW32')_gc: False
	F20_('SW31', 'SW21')_t4_min: 14486
	F35_('SW13', 'SW21')_rr: 4
	F20_('SW31', 'SW21')_rr: 0
	F38_('SW11', 'SW22')_gc: False
	('SW8', 'SW52')_gcl_cycle: 4000
	F33_('SW51', 'SM1CA')_t3_max: 7301
	F2_('SM2CA', 'SW52')_rr: 0
	F15_('SW21', 'SW11')_t3_max: 1702
	F41_('SW31', 'SW41')_gc: False
	F43_('SM1CA', 'SW51')_t3_max: -123
	F2_('SW52', 'SW42')_tb: 127593
	F33_('SMRIU1', 'SW6')_t3_max: 6705
	F33_('SW31', 'SW41')_t5_max: 7207
	F12_('SW21', 'SW31')_t5_min: 7263
	F41_('SW21', 'SW31')_t4_max: 15133
	F41_('SW31', 'SW41')_t4_max: 15337
	F7_('SW13', 'SW22')_rr: 0
	F44_('SW51', 'SW41')_t4_min: 112130
	F21_('SW31', 'RCM1')_tb: 15618
	F10_('SW32', 'SW8')_t4_max: 1798
	F20_('SW6', 'SW31')_t4_min: 14403
	F30_('SW51', 'SM1CA')_tb: 1879
	F31_('SW41', 'CM1CA')_gc: False
	F39_('CM1CB', 'SW41')_rr: 0
	F43_('SM1CA', 'SW51')_rr: 0
	F48_('BFCU', 'SW22')_rr: 0
	F16_('SW41', 'SW51')_t5_max: 127127
	F42_('SW32', 'SW42')_tb: 6950
	F25_('SW31', 'FCM1')_rr: 0
	F30_queue_index: 0
	F44_('SM1CA', 'SW51')_t3_min: 112054
	F25_('BFCU', 'SW22')_t5_max: 5788
	F17_jitter: 129
	F16_('CM1CA', 'SW41')_gc: False
	F1_('DU5', 'SW14')_t5_min: 6220
	F0_('SW21', 'SW13')_t4_min: 1744
	F9_queue_index: 0
	F13_('SW32', 'SW22')_t4_max: 17984
	F30_('SW8', 'SW51')_tb: 1536
	('SW13', 'StarTr1')_gcl_cycle: 1
	F30_('SW32', 'SW8')_rr: 0
	F20_('SW21', 'CMRIU1')_rr: 0
	F38_('SW22', 'CMRIU2')_tb: 2738
	('SW14', 'SW22')_gcl_cycle: 64000
	F31_('SW13', 'SW21')_tb: 15498
	F35_('SW13', 'SW21')_t4_min: 3011
	F26_('SW31', 'SW21')_t5_min: 1163
	F42_('StarTr1', 'SW13')_rr: 0
	F37_('SW13', 'MIMU3')_t4_min: 64
	F14_('SW42', 'SW32')_t4_max: 63906
	F26_('SW31', 'SW21')_rr: 2
	F44_('SW31', 'SW21')_t3_max: 112545
	F2_('SW42', 'SW32')_gc: True
	F36_('SW6', 'SW32')_t4_max: 63694
	F42_('SW13', 'SW22')_rr: 0
	('SW32', 'SW42')_gcl_cycle: 64000
	('SW31', 'SW21')_gcl_cycle: 4000
	F44_('SW51', 'SW41')_rr: 0
	F28_('SW32', 'FCM2')_t4_max: 31797
	F25_('SW7', 'SW31')_rr: 0
	F13_('SW22', 'SW13')_t4_max: 18176
	F27_('SW21', 'SW14')_gc: False
	F13_('SW13', 'MIMU1')_t4_min: 17981
	F25_('SW31', 'FCM1')_t5_min: 6093
	('SM2CA', 'SW52')_gcl_cycle: 1
	F35_('SW21', 'SW14')_rr: 0
	F20_('SW6', 'SW31')_gc: False
	F34_('FCM2', 'SW32')_t3_max: 125928
	F44_('SW31', 'SW21')_tb: 112282
	F1_queue_index: 0
	F29_('SBAND1', 'SW12')_rr: 0
	F42_('SW13', 'SW22')_t4_max: 6660
	F31_('SW31', 'SW41')_t4_max: 15680
	F30_('FCM2', 'SW32')_t3_max: 1252
	F29_('SW22', 'BFCU')_t4_min: 213
	F29_('SW12', 'SW22')_t3_min: 128
	F48_('SW31', 'SW41')_tb: 14266
	F22_('SW32', 'SW22')_rr: 2
	F2_jitter: 0
	F47_queue_index: 0
	('SW6', 'SMRIU1')_gcl_cycle: 1
	F44_('SW31', 'SW21')_rr: 0
	('SW51', 'SM1CA')_gcl_length: 2
	F13_('RCM2', 'SW32')_gc: False
	('DU5', 'SW14')_gcl_length: 0
	F48_('SW22', 'SW7')_t4_max: 14243
	('SW22', 'BFCU')_gcl_cycle: 1
	F16_jitter: 258
	F31_('SW41', 'CM1CA')_t4_min: 15575
	F1_('SW32', 'SW42')_t3_max: 6579
	F43_queue_index: 0
	F30_('SW51', 'SM1CA')_rr: 1
	F17_('SW32', 'FCM2')_t4_min: 65
	F28_('DU5', 'SW14')_tb: 31092
	('SW41', 'CM1CB')_gcl_cycle: 1
	F20_('SMRIU2', 'SW6')_gc: False
	F16_('SW41', 'SW51')_t4_max: 127090
	F34_('SW32', 'SW22')_t4_max: 126196
	F23_('StarTr2', 'SW13')_gc: False
	F7_('SW22', 'SW32')_t4_max: 127202
	F12_('SW21', 'SW31')_t4_max: 7465
	F30_('SW8', 'SW51')_t4_max: 1794
	F1_('SW22', 'SW32')_gc: False
	F46_jitter: 516
	F1_('SW22', 'SW32')_t3_max: 6341
	('SW31', 'SW6')_gcl_cycle: 1
	('SW52', 'SM2CB')_gcl_cycle: 64000
	F23_('StarTr2', 'SW13')_t3_max: 14382
	F48_('BFCU', 'SW22')_t3_max: 13981
	F46_queue_index: 0
	F36_('SW31', 'SW6')_rr: 0
	F3_('SW41', 'SW51')_t4_max: 46480
	F31_('SW13', 'SW21')_t3_min: 15493
	F17_('DU5', 'SW14')_gc: False
	F24_queue_index: 0
	F11_('SW13', 'StarTr1')_t4_max: 1717
	F22_('SW22', 'CMRIU2')_t4_min: 63687
	F2_('SM2CA', 'SW52')_t4_max: 127528
	F10_('SW51', 'SM1CB')_rr: 0
	F49_('SW32', 'SW22')_t4_min: 3006
	('StarTr1', 'SW13')_gcl_cycle: 1
	F15_('SW21', 'SW11')_rr: 4
	F6_('SW13', 'StarTr1')_t4_min: 1317
	F38_('SW22', 'CMRIU2')_rr: 0
	F49_('SW22', 'CMRIU2')_rr: 32
	F42_('SW42', 'CM2CB')_rr: 0
	F33_('SW6', 'SW31')_rr: 0
	F36_('SW31', 'SW6')_t3_max: 63352
	F30_('SW32', 'SW8')_t3_max: 1461
	F34_('SW32', 'SW22')_t3_max: 126072
	F4_('SW32', 'SW6')_t3_max: 6579
	F7_('SW13', 'SW22')_t3_max: 126846
	F47_('SW41', 'SW31')_t3_max: 775
	F13_('SW32', 'SW22')_t3_max: 17860
	F3_('SW11', 'SW21')_t3_max: 46140
	F38_('SW11', 'SW22')_t3_max: 2683
	F21_('SW41', 'SW31')_t3_max: 15518
	F16_('SW41', 'SW51')_t3_max: 126966
	F22_('SW51', 'SW8')_t3_max: 63093
	F43_('SW51', 'SM1CB')_t3_max: 60
	F26_('SW41', 'SW31')_t3_max: 994
	F9_('SW6', 'SW31')_t3_max: 37356
	F37_('SW42', 'SW32')_t3_max: 18
	F31_('SW13', 'SW21')_t3_max: 15498
	F8_('SW13', 'SW21')_t3_max: 7526
	F23_('SW13', 'SW21')_t3_max: 14631
	F20_('SW6', 'SW31')_t3_max: 14408
	F35_('SW13', 'SW21')_t3_max: 3011
	F39_('SW41', 'CM1CA')_t3_max: 79
	F24_('SW32', 'SW6')_t3_max: 24
	F18_('SW31', 'SW6')_t3_max: 22141
	F27_('SW21', 'SW14')_t3_max: 844
	F1_('SW14', 'SW22')_t3_max: 6227
	F6_('SW12', 'SW21')_t3_max: 1160
	F32_('SW31', 'SW8')_t3_max: 2159
	F25_('SW22', 'SW7')_t3_max: 5795
	F5_('SW32', 'SW22')_t3_max: 51
	F0_('SW41', 'SW31')_t3_max: 1622
	F14_('SW42', 'SW32')_t3_max: 63906
	F11_('SW6', 'SW31')_t3_max: 1238
	F19_('SW13', 'MIMU1')_t3_max: 937
	F45_('SW13', 'MIMU2')_t3_max: 50
	F15_('SW14', 'SW21')_t3_max: 1488
	F10_('SW32', 'SW8')_t3_max: 1798
	F33_('SW6', 'SW31')_t3_max: 6916
	F41_('SW13', 'SW21')_t3_max: 15053
	F49_('SW42', 'SW32')_t3_max: 2962
	F48_('SW22', 'SW7')_t3_max: 14119
	F44_('SW51', 'SW41')_t3_max: 112135
	F40_('SW52', 'SM2CA')_t3_max: 14126
	F46_('SW52', 'SW8')_t3_max: 46480
	F42_('SW13', 'SW22')_t3_max: 6536
	F28_('SW14', 'SW22')_t3_max: 31203
	F17_('SW14', 'SW22')_t3_max: 24
	F29_('SW12', 'SW22')_t3_max: 133
	F12_('SW13', 'SW21')_t3_max: 7154
	F2_('SW52', 'SW42')_t3_max: 127598
	F20_('SMRIU2', 'SW6')_tb: 14320
	F18_('SW6', 'SMRIU1')_t5_max: 22496
	F6_('SW21', 'SW13')_tb: 1303
	F31_('MIMU3', 'SW13')_t5_max: 15491
	F30_('SW8', 'SW51')_t5_min: 1614
	F19_('MIMU2', 'SW13')_t3_min: 822
	F39_('SW41', 'CM1CA')_t5_max: 274
	F2_('SW32', 'SW22')_t3_min: 127857
	F17_('SW22', 'SW32')_t5_max: 63
	F9_('SW31', 'SW21')_t5_min: 37419
	F13_('RCM2', 'SW32')_tb: 17792
	F45_('StarTr1', 'SW13')_t5_min: 43
	F12_('SW31', 'FCM1')_t5_min: 7321
	F38_('DU1', 'SW11')_t5_min: 2676
	F30_('FCM2', 'SW32')_t5_max: 1454
	F26_('SW41', 'SW31')_t5_max: 1075
	F1_('SW22', 'SW32')_t5_min: 6443
	F41_('SW41', 'CM1CB')_t5_min: 15356
	F33_('SW6', 'SW31')_t3_min: 6911
	F47_('SW13', 'MIMU1')_t5_min: 1255
	F38_('SW11', 'SW22')_t3_min: 2678
	F24_('SW32', 'SW6')_t5_max: 40
	F31_('SW41', 'CM1CA')_t5_max: 15855
	F41_('SW41', 'CM1CB')_t3_min: 15283
	F9_('SW12', 'SBAND1')_t3_max: 37724
	F17_('DU5', 'SW14')_t5_min: 17
	F30_('SW32', 'SW8')_tb: 1456
	F44_('SW51', 'SW41')_t5_min: 112204
	F14_('SW11', 'DU2')_t3_max: 63981
	F14_('CM2CA', 'SW42')_t5_min: 63899
	F11_('SW13', 'StarTr1')_t5_max: 1787
	F36_('SW31', 'SW6')_t3_min: 63347
	F32_('SW8', 'SW52')_t5_min: 2324
	F13_('SW13', 'MIMU1')_tb: 17981
	F29_('SW22', 'BFCU')_t3_max: 347
	F47_('SW41', 'SW31')_t5_max: 860
	F3_('SW51', 'SM1CA')_t3_min: 46547
	F28_('SW22', 'SW32')_t3_min: 31304
	F1_('SW22', 'SW32')_tb: 6336
	F38_('DU1', 'SW11')_t4_max: 2618
	F12_('SW21', 'SW31')_t5_max: 7521
	F7_('SW52', 'SM2CB')_tb: 127253
	F10_('SW32', 'SW8')_tb: 1798
	F35_('MIMU2', 'SW13')_t4_min: 2993
	F41_('SW41', 'CM1CB')_t3_max: 15417
	F36_('SW32', 'LCM2')_t3_min: 63525
	F49_('SW42', 'SW32')_t5_max: 3133
	F31_('SW41', 'CM1CA')_t4_max: 15833
	F37_('CM2CB', 'SW42')_tb: 1
	F47_('SW41', 'SW31')_tb: 775
	F22_('SW22', 'CMRIU2')_tb: 63687
	F44_('SW41', 'SW31')_t3_max: 112340
	F2_('SW42', 'SW32')_t5_min: 127855
	F22_('SW32', 'SW22')_t5_max: 63685
	F0_('SW41', 'SW31')_t5_min: 1676
	F1_('SW14', 'SW22')_t3_min: 6222
	F22_('SW8', 'SW32')_t3_max: 63334
	F24_('SW6', 'SMRIU1')_tb: 42
	F1_('SW32', 'SW42')_t5_min: 6686
	F0_('CM1CA', 'SW41')_t4_min: 1561
	F16_('SW51', 'SM1CA')_t5_min: 127037
	F0_('CM1CA', 'SW41')_t4_max: 1561
	F38_('SW11', 'SW22')_t5_min: 2736
	F26_('CM1CB', 'SW41')_tb: 906
	F48_('SW31', 'SW41')_t5_max: 14402
	F44_('SW13', 'StarTr1')_t3_max: 112955
	F8_('SW21', 'SW11')_t3_max: 7550
	F41_('SW21', 'SW31')_t5_max: 15206
	F25_('BFCU', 'SW22')_t4_max: 5690
	('CMRIU1', 'SW21')_gcl_length: 0
	F5_('SW22', 'BFCU')_tb: 68
	F22_('SW8', 'SW32')_t5_max: 63568
	F31_('SW31', 'SW41')_t3_max: 15556
	F35_('SW14', 'DU5')_tb: 3037
	F40_('SM2CB', 'SW52')_t4_min: 14044
	F2_('SW32', 'SW22')_t5_max: 127925
	F22_('SW32', 'SW22')_t3_max: 63575
	F3_('SW51', 'SM1CA')_t5_max: 46741
	F33_('SW6', 'SW31')_tb: 6911
	F20_('SW21', 'CMRIU1')_t4_max: 14956
	F8_('SW21', 'SW11')_t5_max: 7567
	F43_('SM1CA', 'SW51')_t4_max: 1
	F26_('CM1CB', 'SW41')_t3_min: 906
	F15_('SW11', 'DU1')_t4_max: 1916
	F3_('SW21', 'SW31')_t3_max: 46336
	F14_('CM2CA', 'SW42')_t3_min: 63881
	F37_('CM2CB', 'SW42')_t3_min: 1
	F41_('SW31', 'SW41')_t5_min: 15281
	F46_('SM2CA', 'SW52')_t4_max: 46431
	F0_('SW13', 'MIMU3')_tb: 1800
	F16_('SW51', 'SM1CA')_t3_max: 127134
	F43_('SM1CA', 'SW51')_t3_min: 1
	F14_('SW42', 'SW32')_t5_max: 63924
	F10_('SW8', 'SW51')_t3_min: 1873
	F47_('SW31', 'SW21')_tb: 862
	F24_('FCM2', 'SW32')_tb: 1
	F36_('SW31', 'SW6')_t5_min: 63434
	F9_('SW31', 'SW21')_tb: 37386
	F4_('FCM2', 'SW32')_tb: 6534
	F34_('SW11', 'DU2')_t3_min: 126231
	F29_('SBAND1', 'SW12')_t3_min: 43
	F33_('SW41', 'SW51')_t5_min: 7294
	F12_('SW21', 'SW31')_tb: 7207
	F33_('SW51', 'SM1CA')_tb: 7296
	F28_('DU5', 'SW14')_t5_max: 31196
	F20_('SW31', 'SW21')_t3_max: 14620
	F41_('SW21', 'SW31')_t3_min: 15128
	F10_('SW32', 'SW8')_t5_max: 1871
	('SW41', 'SW51')_gcl_length: 18
	F14_('SW11', 'DU2')_tb: 63981
	F0_('SW41', 'SW31')_t3_min: 1617
	F34_('FCM2', 'SW32')_t3_min: 126052
	F49_('SW22', 'CMRIU2')_t3_min: 3055
	F6_('SBAND1', 'SW12')_t5_max: 1153
	F44_('SW31', 'SW21')_t3_min: 112282
	F28_('SW22', 'SW32')_t3_max: 31438
	F27_('SW21', 'SW14')_t5_max: 1042
	F2_('SM2CA', 'SW52')_t5_max: 127591
	F0_('SW13', 'MIMU3')_t5_max: 1983
	F15_('SW11', 'DU1')_t5_min: 1870
	F46_('SW41', 'CM1CA')_t5_min: 46649
	F13_('SW22', 'SW13')_t3_max: 18052
	F11_('SW6', 'SW31')_t5_max: 1308
	('SW8', 'SW51')_gcl_length: 0
	F17_('SW32', 'FCM2')_tb: 65
	F40_('SM2CB', 'SW52')_t5_min: 14119
	F28_('SW32', 'FCM2')_tb: 31410
	F7_('SW13', 'SW22')_t3_min: 126841
	F43_('SW51', 'SM1CB')_t4_max: 184
	('SW31', 'FCM1')_gcl_length: 0
	F27_('SW21', 'SW14')_t5_min: 913
	F33_('SW6', 'SW31')_t5_min: 6991
	('StarTr2', 'SW13')_gcl_length: 0
	F46_('SW52', 'SW8')_t3_min: 46475
	('SW12', 'SW21')_gcl_length: 0
	F35_('SW21', 'SW14')_t3_min: 3024
	F34_('SW22', 'SW11')_t3_min: 126082
	F7_('MIMU1', 'SW13')_tb: 126738
	F0_('SW31', 'SW21')_t3_max: 1683
	F8_('StarTr1', 'SW13')_t4_min: 7502
	F46_('SW8', 'SW31')_t5_min: 46561
	F20_('SW31', 'SW21')_t5_min: 14567
	F33_('SW51', 'SM1CA')_t4_max: 7425
	F11_('SW13', 'StarTr1')_t5_min: 1529
	F48_('SW41', 'CM1CA')_t3_max: 14409
	F6_('SW13', 'StarTr1')_t5_min: 1329
	F7_('SW42', 'SW52')_t5_max: 127767
	F47_('SW31', 'SW21')_t5_min: 947
	F19_('MIMU2', 'SW13')_t4_min: 822
	F31_('SW41', 'CM1CA')_tb: 15575
	F34_('SW22', 'SW11')_t5_max: 126229
	F48_('SW31', 'SW41')_t3_max: 14271
	F21_('SW41', 'SW31')_t5_min: 15616
	F12_('SW13', 'SW21')_t5_min: 7205
	F9_('SMRIU2', 'SW6')_t4_min: 37316
	F3_('SW31', 'SW41')_t3_min: 46403
	F13_('RCM2', 'SW32')_t4_min: 17792
	('SW21', 'SW13')_gcl_length: 34
	F34_('SW32', 'SW22')_t3_min: 126067
	F32_('FCM1', 'SW31')_t4_min: 2135
	('SW21', 'SW31')_gcl_length: 18
	F30_('SW51', 'SM1CA')_t5_min: 1957
	F9_('SW31', 'SW21')_t3_max: 37520
	F32_('SW52', 'SM2CA')_t3_max: 2331
	F7_('MIMU1', 'SW13')_t4_max: 126738
	F48_('BFCU', 'SW22')_t5_max: 14112
	F32_('SW8', 'SW52')_t3_max: 2307
	F13_('SW13', 'MIMU1')_t4_max: 18368
	F33_('SMRIU1', 'SW6')_t5_min: 6909
	F37_('CM2CB', 'SW42')_t5_min: 11
	F24_('FCM2', 'SW32')_t3_min: 1
	F28_('SW14', 'SW22')_t5_min: 31302
	F40_('SW52', 'SM2CA')_tb: 14121
	F36_('SW32', 'LCM2')_t5_min: 63612
	F28_('DU5', 'SW14')_t4_min: 31092
	F1_('DU5', 'SW14')_tb: 6113
	F20_('SW6', 'SW31')_t5_max: 14613
	F9_('SW6', 'SW31')_t3_min: 37351
	F25_('BFCU', 'SW22')_t4_min: 5690
	F37_('SW32', 'SW22')_t3_max: 35
	F21_('CM1CB', 'SW41')_t4_max: 15413
	F16_('SW41', 'SW51')_t5_min: 126998
	F24_('SW6', 'SMRIU1')_t5_min: 58
	F11_('SW21', 'SW13')_t5_max: 1586
	F42_('SW22', 'SW32')_t5_min: 6685
	F31_('SW13', 'SW21')_t5_min: 15520
	F9_('SW12', 'SBAND1')_t5_max: 37881
	F20_('SW31', 'SW21')_t5_max: 14825
	F22_('SW8', 'SW32')_t3_min: 63200
	F24_('FCM2', 'SW32')_t4_max: 1
	('SMRIU1', 'SW6')_gcl_length: 0
	F30_('FCM2', 'SW32')_t5_min: 1454
	('SW6', 'SMRIU1')_gcl_length: 0
	F9_('SW21', 'SW12')_t5_max: 37717
	F45_('SW13', 'MIMU2')_t5_min: 87
	F26_('SW14', 'DU4')_t3_min: 1248
	F15_('SW14', 'SW21')_t3_min: 1483
	F46_('SW8', 'SW31')_t3_min: 46519
	F15_('DU4', 'SW14')_t5_min: 1481
	F34_('FCM2', 'SW32')_t5_min: 126065
	F47_('SW13', 'MIMU1')_t4_max: 1299
	F26_('SW41', 'SW31')_t3_min: 989
	('SMRIU2', 'SW6')_gcl_length: 0
	F40_('SW52', 'SM2CA')_t3_min: 14121
	F37_('SW13', 'MIMU3')_t3_max: 69
	F44_('SW13', 'StarTr1')_t4_max: 113079
	F11_('SW21', 'SW13')_t3_max: 1392
	F8_('SW13', 'SW21')_t3_min: 7521
	F31_('SW31', 'SW41')_t5_max: 15702
	F31_('MIMU3', 'SW13')_t4_min: 15469
	F35_('SW14', 'DU5')_t5_max: 3306
	F42_('SW32', 'SW42')_t3_max: 6950
	F3_('SW41', 'SW51')_t3_max: 46480
	('SW22', 'SW7')_gcl_length: 2
	F42_('StarTr1', 'SW13')_t4_max: 6453
	F29_('SW12', 'SW22')_t5_max: 340
	F29_('SW22', 'BFCU')_t4_max: 471
	F15_('SW21', 'SW11')_t5_min: 1785
	F47_('CM1CB', 'SW41')_t3_min: 683
	F33_('SMRIU1', 'SW6')_tb: 6829
	F35_('SW13', 'SW21')_t5_max: 3022
	F24_('FCM2', 'SW32')_t5_min: 17
	('SW22', 'SW13')_gcl_length: 2
	F13_('SW32', 'SW22')_tb: 17855
	F13_('SW13', 'MIMU1')_t3_max: 18244
	F32_('SW31', 'SW8')_t5_min: 2171
	F44_('SW51', 'SW41')_t5_max: 112333
	('MIMU1', 'SW13')_gcl_length: 0
	('SW52', 'SM2CA')_gcl_length: 0
	F28_('SW14', 'SW22')_tb: 31198
	F0_('SW31', 'SW21')_tb: 1683
	F36_('LCM1', 'SW31')_tb: 63258
	F23_('StarTr2', 'SW13')_t5_max: 14624
	F14_('SW22', 'SW11')_t5_min: 63974
	('SW41', 'CM1CA')_gcl_length: 0
	('DU1', 'SW11')_gcl_length: 0
	F5_('FCM2', 'SW32')_t3_min: 29
	F9_('SMRIU2', 'SW6')_t5_max: 37349
	F37_('SW13', 'MIMU3')_t5_max: 203
	F1_('SW32', 'SW42')_t3_min: 6445
	F22_('SW22', 'CMRIU2')_t3_min: 63687
	F38_('DU1', 'SW11')_t4_min: 2618
	F29_('SW12', 'SW22')_t5_min: 211
	F23_('SW21', 'SW14')_t5_max: 14998
	F0_('SW13', 'MIMU3')_t3_min: 1800
	('FCM2', 'SW32')_gcl_length: 0
	F5_('SW22', 'BFCU')_t5_max: 212
	F4_('SW31', 'FCM1')_t4_max: 7041
	F12_('SW31', 'FCM1')_tb: 7265
	F40_('SW52', 'SM2CA')_t5_min: 14196
	F32_('SW8', 'SW52')_t3_min: 2173
	F31_('MIMU3', 'SW13')_t4_max: 15469
	('SW42', 'SW32')_gcl_length: 22
	F2_('SW52', 'SW42')_t3_min: 127593
	F11_('SW6', 'SW31')_t3_min: 1233
	F41_('StarTr2', 'SW13')_t4_min: 14973
	F3_('DU1', 'SW11')_t5_max: 46133
	('SW51', 'SM1CB')_gcl_length: 0
	F37_('SW22', 'SW13')_t5_min: 62
	F30_('SW51', 'SM1CA')_t3_max: 1879
	F15_('DU4', 'SW14')_t4_min: 1398
	F25_('SW31', 'FCM1')_t5_max: 6351
	('SW12', 'SW22')_gcl_length: 0
	F49_('SW22', 'CMRIU2')_tb: 3318
	F48_('SW41', 'CM1CA')_tb: 14275
	F30_('FCM2', 'SW32')_t4_max: 1376
	F16_('SW51', 'SM1CA')_tb: 127000
	F36_('SW32', 'LCM2')_t5_max: 63999
	F22_('SM1CB', 'SW51')_t4_max: 62976
	F6_('SW13', 'StarTr1')_t3_max: 1322
	F27_('CMRIU1', 'SW21')_t5_max: 837
	F14_('SW11', 'DU2')_t4_max: 63981
	F22_('SM1CB', 'SW51')_t3_min: 62976
	F44_('SW13', 'StarTr1')_t3_min: 112434
	F15_('SW11', 'DU1')_t5_max: 1999
	F7_('SW22', 'SW32')_tb: 126944
	F32_('SW8', 'SW52')_t5_max: 2324
	F32_('SW8', 'SW52')_tb: 2307
	F30_('SW32', 'SW8')_t5_min: 1534
	F13_('SW32', 'SW22')_t5_min: 17916
	('SW42', 'CM2CB')_gcl_length: 0
	F28_('SW32', 'FCM2')_t5_min: 31514
	('SW32', 'SW42')_gcl_length: 18
	F46_('SW52', 'SW8')_t5_min: 46517
	F21_('CM1CB', 'SW41')_t5_min: 15511
	F44_('SW51', 'SW41')_tb: 112130
	F14_('SW22', 'SW11')_t5_max: 63974
	F3_('SW21', 'SW31')_tb: 46336
	F42_('SW42', 'CM2CB')_t5_max: 7233
	F34_('SW11', 'DU2')_t3_max: 126236
	F3_('SW41', 'SW51')_t5_min: 46545
	F18_('SW31', 'SW6')_t3_min: 22136
	F25_('SW7', 'SW31')_t5_min: 5993
	F4_('SW32', 'SW6')_t5_max: 6741
	F41_('SW21', 'SW31')_t5_min: 15206
	F44_('SW21', 'SW13')_t3_min: 112358
	F8_('StarTr1', 'SW13')_t4_max: 7502
	F46_('SW8', 'SW31')_t3_max: 46653
	F2_('SW22', 'CMRIU2')_t3_max: 127932
	F27_('CMRIU1', 'SW21')_tb: 763
	F47_('SW21', 'SW13')_t3_min: 949
	F10_('RCM2', 'SW32')_tb: 1718
	F49_('CM2CA', 'SW42')_t5_min: 2955
	F48_('BFCU', 'SW22')_t4_min: 14105
	F43_('SW51', 'SM1CB')_t3_min: 55
	F33_('SMRIU1', 'SW6')_t4_min: 6829
	F4_('SW6', 'SW31')_t5_min: 6652
	F46_('SW8', 'SW31')_t5_max: 46819
	F31_('MIMU3', 'SW13')_t5_min: 15491
	F21_('CM1CB', 'SW41')_t3_min: 15413
	F15_('SW11', 'DU1')_t3_min: 1787
	F14_('SW11', 'DU2')_t3_min: 63976
	F26_('SW31', 'SW21')_tb: 1082
	F14_('SW42', 'SW32')_t5_min: 63924
	F48_('SW22', 'SW7')_t5_max: 14250
	F8_('SW11', 'DU1')_t4_max: 7698
	F39_('SW41', 'CM1CA')_t3_min: 74
	F30_('SW32', 'SW8')_t5_max: 1663
	F39_('CM1CB', 'SW41')_t3_min: 1
	F29_('SW22', 'BFCU')_t5_min: 296
	F27_('SW21', 'SW14')_tb: 839
	F5_('FCM2', 'SW32')_t4_min: 29
	F20_('SW21', 'CMRIU1')_tb: 14569
	F14_('SW42', 'SW32')_tb: 63906
	F1_('SW42', 'SW52')_t3_min: 6688
	F12_('SW13', 'SW21')_tb: 7149
	F7_('SW22', 'SW32')_t3_min: 126944
	F48_('SW41', 'CM1CA')_t3_min: 14275
	F27_('CMRIU1', 'SW21')_t4_min: 763
	F17_('SW32', 'FCM2')_t4_max: 194
	F36_('SW6', 'SW32')_t3_max: 63570
	F18_('SW6', 'SMRIU1')_t3_max: 22322
	F10_('SW8', 'SW51')_t3_max: 1878
	F37_('SW22', 'SW13')_tb: 52
	F9_('SW12', 'SBAND1')_tb: 37719
	F31_('SW21', 'SW31')_t3_min: 15522
	('SW32', 'FCM2')_gcl_length: 0
	('SW22', 'SW32')_gcl_length: 2
	F16_('SW51', 'SM1CA')_t5_max: 127295
	F2_('SM2CA', 'SW52')_tb: 127528
	F41_('SW13', 'SW21')_t3_min: 15048
	F1_('SW42', 'SW52')_t5_min: 6800
	F5_('FCM2', 'SW32')_t4_max: 29
	F6_('SBAND1', 'SW12')_t4_min: 1141
	F44_('SM1CA', 'SW51')_t5_max: 112128
	('SW52', 'SM2CB')_gcl_length: 2
	F33_('SW31', 'SW41')_tb: 7127
	F27_('CMRIU1', 'SW21')_t4_max: 763
	F14_('SW32', 'SW22')_t5_min: 63949
	F47_('SW31', 'SW21')_t3_max: 867
	F5_('SW22', 'BFCU')_t3_max: 73
	F17_('SW32', 'FCM2')_t5_max: 210
	F3_('SW11', 'SW21')_tb: 46135
	F7_('SW22', 'SW32')_t5_max: 127303
	F11_('SW13', 'StarTr1')_t3_min: 1459
	F25_('SW7', 'SW31')_t3_max: 5900
	F42_('StarTr1', 'SW13')_t3_min: 6453
	F15_('DU4', 'SW14')_tb: 1398
	F19_('SW13', 'MIMU1')_t3_min: 932
	F3_('SW11', 'SW21')_t3_min: 46135
	F2_('SW42', 'SW32')_t3_max: 127792
	('SW6', 'SW31')_gcl_length: 2
	F0_('CM1CA', 'SW41')_t3_min: 1561
	('SW11', 'SW22')_gcl_length: 0
	F43_('SM1CA', 'SW51')_t4_min: 1
	F30_('SW51', 'SM1CA')_t3_min: 1616
	F22_('SW32', 'SW22')_t5_min: 63685
	F8_('SW13', 'SW21')_t5_min: 7543
	F25_('BFCU', 'SW22')_t5_min: 5788
	F23_('SW13', 'SW21')_t5_min: 14749
	F6_('SW12', 'SW21')_t3_min: 1155
	F0_('SW41', 'SW31')_t5_max: 1676
	F39_('CM1CB', 'SW41')_t5_max: 72
	F25_('SW31', 'FCM1')_t3_max: 6129
	F49_('SW32', 'SW22')_t3_min: 3006
	F7_('SW42', 'SW52')_t3_min: 127150
	F35_('SW21', 'SW14')_t3_max: 3029
	F14_('SW22', 'SW11')_tb: 63956
	F9_('SW6', 'SW31')_t5_max: 37513
	F2_('SW42', 'SW32')_tb: 127792
	F11_('SW6', 'SW31')_tb: 1238
	F7_('SW32', 'SW42')_t5_min: 127148
	F23_('StarTr2', 'SW13')_t4_min: 14506
	F4_('SW6', 'SW31')_t3_min: 6614
	F9_('SW6', 'SW31')_t5_min: 37384
	F31_('SW41', 'CM1CA')_t3_min: 15575
	F8_('SW21', 'SW11')_tb: 7550
	F35_('MIMU2', 'SW13')_t4_max: 2993
	F32_('FCM1', 'SW31')_t4_max: 2135
	F18_('FCM1', 'SW31')_t5_max: 22134
	F23_('SW14', 'DU4')_tb: 14871
	F28_('SW14', 'SW22')_t5_max: 31431
	F36_('SW6', 'SW32')_tb: 63436
	F11_('SW31', 'SW21')_t5_max: 1385
	('SW11', 'DU2')_gcl_length: 2
	F40_('SM2CB', 'SW52')_t4_max: 14044
	F36_('SW31', 'SW6')_tb: 63347
	F1_('SW52', 'SM2CB')_t3_max: 6807
	F23_('SW13', 'SW21')_tb: 14631
	F36_('SW32', 'LCM2')_t3_max: 63788
	F0_('SW31', 'SW21')_t3_min: 1678
	F7_('SW22', 'SW32')_t5_min: 127045
	F20_('SMRIU2', 'SW6')_t5_max: 14401
	F19_('MIMU2', 'SW13')_t4_max: 822
	('SM2CB', 'SW52')_gcl_length: 0
	('SW6', 'SW32')_gcl_length: 0
	F22_('SW32', 'SW22')_t3_min: 63312
	('SW8', 'SW32')_gcl_length: 0
	F17_('SW14', 'SW22')_tb: 24
	F11_('SMRIU1', 'SW6')_tb: 1161
	F10_('RCM2', 'SW32')_t5_max: 1791
	F30_('SW8', 'SW51')_t3_min: 1536
	F13_('SW13', 'MIMU1')_t5_min: 18042
	F2_('SW52', 'SW42')_t5_min: 127656
	F21_('CM1CB', 'SW41')_tb: 15413
	F22_('SM1CB', 'SW51')_t4_min: 62976
	F4_('FCM2', 'SW32')_t5_max: 6572
	F2_('SW22', 'CMRIU2')_t3_min: 127927
	F48_('BFCU', 'SW22')_t5_min: 14112
	F41_('SW41', 'CM1CB')_t5_max: 15614
	F9_('SMRIU2', 'SW6')_t3_min: 37316
	F27_('SW14', 'DU4')_t3_max: 1049
	F3_('DU1', 'SW11')_t3_min: 46068
	F10_('SW32', 'SW8')_t3_min: 1793
	('SW7', 'SW31')_gcl_length: 2
	F42_('SW22', 'SW32')_t3_min: 6609
	F12_('MIMU2', 'SW13')_t5_min: 7147
	F32_('SW52', 'SM2CA')_t3_min: 2326
	F6_('SBAND1', 'SW12')_t4_max: 1141
	F16_('CM1CA', 'SW41')_t5_max: 126959
	F49_('SW32', 'SW22')_t5_max: 3311
	F9_('SMRIU2', 'SW6')_t4_max: 37316
	F29_('SBAND1', 'SW12')_tb: 43
	F19_('SW13', 'MIMU1')_t5_min: 1040
	F4_('SW31', 'FCM1')_t5_max: 7079
	('SW22', 'CMRIU2')_gcl_length: 66
	('LCM1', 'SW31')_gcl_length: 0
	F46_('SM2CA', 'SW52')_tb: 46431
	F11_('SW21', 'SW13')_t3_min: 1387
	F3_('SW31', 'SW41')_tb: 46408
	F15_('SW14', 'SW21')_t5_max: 1695
	F3_('SW21', 'SW31')_t3_min: 46202
	F42_('SW13', 'SW22')_t3_min: 6531
	F6_('SW21', 'SW13')_t3_max: 1303
	F3_('SW41', 'SW51')_tb: 46480
	F25_('BFCU', 'SW22')_tb: 5690
	F3_('SW21', 'SW31')_t5_min: 46401
	F44_('SM1CA', 'SW51')_t5_min: 112128
	F26_('SW21', 'SW14')_tb: 1165
	F23_('StarTr2', 'SW13')_tb: 14506
	F7_('MIMU1', 'SW13')_t4_min: 126738
	F18_('FCM1', 'SW31')_t5_min: 22134
	F36_('SW6', 'SW32')_t3_min: 63436
	F46_('SM2CA', 'SW52')_t5_max: 46473
	F30_('SW8', 'SW51')_t5_max: 1872
	F14_('SW32', 'SW22')_t3_max: 63931
	F41_('SW31', 'SW41')_t3_max: 15213
	F34_('SW22', 'SW11')_tb: 126216
	F47_('SW41', 'SW31')_t5_min: 860
	F23_('SW14', 'DU4')_t5_min: 14989
	F44_('SW41', 'SW31')_t5_max: 112538
	F5_('SW32', 'SW22')_t5_min: 66
	F49_('SW42', 'SW32')_tb: 2957
	F15_('SW14', 'SW21')_tb: 1483
	F4_('SW6', 'SW31')_tb: 6614
	F25_('SW22', 'SW7')_t5_max: 5893
	F27_('SW14', 'DU4')_t4_max: 1173
	F42_('SW22', 'SW32')_t3_max: 6743
	F12_('MIMU2', 'SW13')_t5_max: 7147
	F17_('DU5', 'SW14')_t4_min: 1
	F9_('SW6', 'SW31')_tb: 37351
	F42_('StarTr1', 'SW13')_t4_min: 6453
	('SW12', 'SBAND1')_gcl_length: 0
	F26_('SW21', 'SW14')_t3_max: 1170
	F31_('SW21', 'SW31')_tb: 15527
	F45_('StarTr1', 'SW13')_t4_max: 1
	F16_('CM1CA', 'SW41')_t3_min: 126922
	F29_('SBAND1', 'SW12')_t4_max: 43
	F4_('FCM2', 'SW32')_t4_max: 6534
	F22_('SW22', 'CMRIU2')_t5_min: 63797
	F14_('CM2CA', 'SW42')_tb: 63881
	F19_('MIMU2', 'SW13')_tb: 822
	F0_('CM1CA', 'SW41')_tb: 1561
	F23_('StarTr2', 'SW13')_t3_min: 14506
	F7_('SW52', 'SM2CB')_t3_min: 127253
	F48_('SW31', 'SW41')_t5_min: 14273
	F26_('SW21', 'SW14')_t5_max: 1375
	F26_('SW21', 'SW14')_t5_min: 1246
	F20_('SW31', 'SW21')_t3_min: 14486
	F49_('CM2CA', 'SW42')_t4_min: 2908
	F7_('SW52', 'SM2CB')_t4_max: 127898
	F6_('SBAND1', 'SW12')_t5_min: 1153
	F2_('SW22', 'CMRIU2')_tb: 127932
	F33_('SW6', 'SW31')_t5_max: 7120
	('SW22', 'BFCU')_gcl_length: 0
	F32_('FCM1', 'SW31')_t5_max: 2152
	F46_('SW52', 'SW8')_tb: 46475
	F12_('SW13', 'SW21')_t3_min: 7149
	F25_('BFCU', 'SW22')_t3_min: 5690
	F18_('SW6', 'SMRIU1')_t5_min: 22238
	F18_('SW6', 'SMRIU1')_t4_max: 22446
	F48_('SW7', 'SW31')_t5_min: 14264
	F34_('SW11', 'DU2')_tb: 126231
	F41_('SW13', 'SW21')_tb: 15053
	F10_('SW51', 'SM1CB')_t5_min: 2021
	F14_('SW11', 'DU2')_t5_min: 63999
	('SW31', 'SW8')_gcl_length: 0
	F49_('SW42', 'SW32')_t3_min: 2957
	F46_('SW31', 'SW41')_t5_max: 46992
	F7_('SW22', 'SW32')_t3_max: 127078
	F11_('SW31', 'SW21')_tb: 1315
	F14_('SW11', 'DU2')_t5_max: 63999
	F39_('SW41', 'CM1CA')_t5_min: 145
	('SW31', 'SW21')_gcl_length: 10
	F7_('SW32', 'SW42')_t5_max: 127535
	F2_('SM2CA', 'SW52')_t5_min: 127591
	F41_('SW41', 'CM1CB')_tb: 15283
	F5_('FCM2', 'SW32')_t5_min: 44
	F20_('SW6', 'SW31')_t3_min: 14403
	F44_('SW13', 'StarTr1')_tb: 112434
	F44_('SW21', 'SW13')_t5_max: 112948
	F42_('SW32', 'SW42')_t3_min: 6687
	F12_('SW31', 'FCM1')_t4_max: 7652
	F4_('SW31', 'FCM1')_t3_max: 6917
	F37_('SW32', 'SW22')_t3_min: 30
	F47_('CM1CB', 'SW41')_tb: 683
	F21_('SW41', 'SW31')_tb: 15518
	F25_('SW22', 'SW7')_t5_min: 5893
	F0_('SW13', 'MIMU3')_t4_max: 1929
	F36_('SW32', 'LCM2')_tb: 63525
	F23_('SW14', 'DU4')_t5_max: 15247
	F48_('SW22', 'SW7')_t3_min: 14114
	F17_('SW22', 'SW32')_t3_min: 42
	F41_('StarTr2', 'SW13')_t5_max: 15046
	F9_('SMRIU2', 'SW6')_t5_min: 37349
	F1_('SW22', 'SW32')_t5_max: 6572
	F34_('FCM2', 'SW32')_t4_max: 126052
	F37_('SW13', 'MIMU3')_t3_min: 64
	F31_('SW31', 'SW41')_t3_min: 15551
	F5_('SW32', 'SW22')_t3_min: 46
	F37_('SW13', 'MIMU3')_t4_max: 193
	F7_('SW13', 'SW22')_t5_min: 126942
	F23_('StarTr2', 'SW13')_t4_max: 14506
	F9_('SW12', 'SBAND1')_t5_min: 37752
	F6_('SW12', 'SW21')_tb: 1155
	F47_('SW13', 'MIMU1')_t5_max: 1384
	F27_('SW14', 'DU4')_t3_min: 915
	F21_('SW31', 'RCM1')_t5_min: 15716
	F3_('SW41', 'SW51')_t3_min: 46475
	F1_('SW32', 'SW42')_tb: 6579
	F1_('SW52', 'SM2CB')_t5_max: 6914
	F14_('CM2CA', 'SW42')_t5_max: 63899
	('SW31', 'SW41')_gcl_length: 18
	('SW22', 'SW11')_gcl_length: 6
	F35_('SW14', 'DU5')_t4_max: 3295
	F44_('SM1CA', 'SW51')_t4_min: 112054
	F35_('SW13', 'SW21')_t3_min: 3006
	F5_('SW22', 'BFCU')_t4_max: 197
	('SW31', 'SW6')_gcl_length: 0
	F16_('SW41', 'SW51')_tb: 126961
	F11_('SMRIU1', 'SW6')_t5_max: 1231
	('CM1CB', 'SW41')_gcl_length: 0
	F17_('SW14', 'SW22')_t5_min: 40
	F20_('SMRIU2', 'SW6')_t4_min: 14320
	F30_('SW8', 'SW51')_t3_max: 1670
	F34_('SW11', 'DU2')_t5_min: 126244
	F31_('MIMU3', 'SW13')_t3_min: 15469
	F37_('SW13', 'MIMU3')_t5_min: 74
	F11_('SMRIU1', 'SW6')_t4_max: 1161
	F37_('SW42', 'SW32')_tb: 18
	F46_('SM2CA', 'SW52')_t5_min: 46473
	('SW14', 'DU5')_gcl_length: 0
	F1_('SW42', 'SW52')_t3_max: 6693
	F46_('SW41', 'CM1CA')_t4_max: 47123
	F0_('CM1CA', 'SW41')_t5_min: 1615
	F48_('SW22', 'SW7')_t5_min: 14121
	F26_('SW14', 'DU4')_t3_max: 1382
	F42_('SW13', 'SW22')_tb: 6531
	F38_('SW22', 'CMRIU2')_t5_max: 3054
	F29_('SBAND1', 'SW12')_t4_min: 43
	F2_('SW22', 'CMRIU2')_t5_min: 127995
	F7_('SW13', 'SW22')_t5_max: 127071
	F2_('SW52', 'SW42')_t5_max: 127785
	F9_('SW12', 'SBAND1')_t4_max: 37848
	F35_('SW13', 'SW21')_tb: 3011
	F33_('SMRIU1', 'SW6')_t3_min: 6829
	F13_('SW22', 'SW13')_t5_min: 17979
	F2_('SM2CA', 'SW52')_t3_min: 127528
	F29_('SW22', 'BFCU')_t3_min: 213
	F1_('SW42', 'SW52')_t5_max: 6800
	('CM1CA', 'SW41')_gcl_length: 0
	F46_('SW41', 'CM1CA')_t3_max: 46999
	F31_('MIMU3', 'SW13')_tb: 15469
	F19_('MIMU2', 'SW13')_t5_min: 930
	('SM2CA', 'SW52')_gcl_length: 0
	F8_('SW13', 'SW21')_tb: 7526
	F20_('SW6', 'SW31')_t5_min: 14484
	F15_('DU4', 'SW14')_t3_min: 1398
	F29_('SW22', 'BFCU')_tb: 213
	F45_('SW13', 'MIMU2')_t5_max: 216
	('SW13', 'MIMU1')_gcl_length: 0
	F24_('SW6', 'SMRIU1')_t4_max: 171
	('SW11', 'DU1')_gcl_length: 0
	F16_('CM1CA', 'SW41')_tb: 126922
	F49_('SW32', 'SW22')_t5_min: 3053
	F45_('SW13', 'MIMU2')_t3_min: 45
	F37_('SW42', 'SW32')_t3_min: 13
	F33_('SW51', 'SM1CA')_t5_min: 7376
	F28_('SW22', 'SW32')_t5_max: 31666
	F16_('CM1CA', 'SW41')_t4_max: 126922
	F12_('SW21', 'SW31')_t3_min: 7207
	F22_('SW22', 'CMRIU2')_t3_max: 63692
	F28_('SW32', 'FCM2')_t5_max: 31901
	F21_('CM1CB', 'SW41')_t4_min: 15413
	F36_('LCM1', 'SW31')_t4_max: 63258
	F21_('SW31', 'RCM1')_t5_max: 15845
	F20_('SW21', 'CMRIU1')_t3_max: 14832
	F46_('SW8', 'SW31')_tb: 46519
	F1_('SW52', 'SM2CB')_tb: 6807
	F25_('SW31', 'FCM1')_t3_min: 5995
	F32_('SW31', 'SW8')_t5_max: 2300
	F18_('SW6', 'SMRIU1')_t3_min: 22188
	('SW52', 'SW42')_gcl_length: 0
	F46_('SW41', 'CM1CA')_tb: 46607
	F11_('SMRIU1', 'SW6')_t4_min: 1161
	F43_('SM1CA', 'SW51')_t5_min: 53
	F13_('RCM2', 'SW32')_t5_min: 17853
	F4_('FCM2', 'SW32')_t5_min: 6572
	F8_('StarTr1', 'SW13')_t5_max: 7519
	F3_('DU1', 'SW11')_t5_min: 46133
	F5_('SW22', 'BFCU')_t5_min: 83
	F0_('SW21', 'SW13')_tb: 1744
	F38_('SW22', 'CMRIU2')_t3_min: 2738
	F33_('SW41', 'SW51')_t5_max: 7294
	F3_('SW51', 'SM1CA')_t5_min: 46612
	F3_('SW51', 'SM1CA')_t3_max: 46552
	F2_('SW42', 'SW32')_t3_min: 127658
	F41_('SW31', 'SW41')_tb: 15208
	F17_('SW32', 'FCM2')_t3_max: 70
	F18_('FCM1', 'SW31')_t4_max: 22084
	F33_('SW51', 'SM1CA')_t3_min: 7296
	F46_('SM2CA', 'SW52')_t3_min: 46431
	F7_('SW32', 'SW42')_tb: 127047
	('SW14', 'SW22')_gcl_length: 66
	F32_('FCM1', 'SW31')_tb: 2135
	F17_('SW14', 'SW22')_t5_max: 40
	F14_('SW32', 'SW22')_t3_min: 63926
	F23_('SW14', 'DU4')_t3_min: 14871
	F49_('CM2CA', 'SW42')_tb: 2908
	F37_('CM2CB', 'SW42')_t4_min: 1
	F47_('CM1CB', 'SW41')_t5_min: 768
	F14_('SW32', 'SW22')_t5_max: 63949
	F7_('SW52', 'SM2CB')_t5_max: 127999
	F18_('SW31', 'SW6')_tb: 22136
	F3_('SW51', 'SM1CA')_tb: 46547
	F37_('SW32', 'SW22')_tb: 35
	F10_('RCM2', 'SW32')_t5_min: 1791
	F10_('SW32', 'SW8')_t5_min: 1871
	F1_('DU5', 'SW14')_t4_min: 6113
	F1_('SW14', 'SW22')_tb: 6227
	F34_('SW22', 'SW11')_t5_min: 126229
	F4_('SW6', 'SW31')_t3_max: 6748
	('SW42', 'SW52')_gcl_length: 2
	F18_('FCM1', 'SW31')_t3_min: 22084
	F8_('SW13', 'SW21')_t5_max: 7543
	F6_('SW13', 'StarTr1')_tb: 1317
	F5_('FCM2', 'SW32')_t5_max: 44
	F7_('MIMU1', 'SW13')_t5_min: 126839
	F2_('SM2CA', 'SW52')_t4_min: 127528
	F46_('SW31', 'SW41')_t3_min: 46563
	F0_('SW13', 'MIMU3')_t5_min: 1854
	F25_('SW7', 'SW31')_t5_max: 6122
	F13_('RCM2', 'SW32')_t3_min: 17792
	F31_('SW41', 'CM1CA')_t5_min: 15597
	F13_('SW22', 'SW13')_t5_max: 18237
	F37_('SW22', 'SW13')_t5_max: 62
	F46_('SW41', 'CM1CA')_t5_max: 47165
	F36_('LCM1', 'SW31')_t5_min: 63345
	F25_('SW7', 'SW31')_t3_min: 5895
	F44_('SW41', 'SW31')_tb: 112206
	F41_('StarTr2', 'SW13')_t3_min: 14973
	F35_('MIMU2', 'SW13')_t5_min: 3004
	F4_('SW32', 'SW6')_t3_min: 6574
	F47_('SW31', 'SW21')_t3_min: 862
	F17_('SW32', 'FCM2')_t5_min: 81
	F16_('SW51', 'SM1CA')_t4_max: 127258
	F11_('SMRIU1', 'SW6')_t3_min: 1161
	F18_('SW31', 'SW6')_t5_min: 22186
	F8_('StarTr1', 'SW13')_t5_min: 7519
	F34_('FCM2', 'SW32')_tb: 126052
	F44_('SW21', 'SW13')_t5_min: 112432
	F28_('SW22', 'SW32')_tb: 31304
	F16_('SW51', 'SM1CA')_t3_min: 127000
	F4_('SW31', 'FCM1')_t5_min: 6692
	F36_('LCM1', 'SW31')_t5_max: 63345
	F15_('SW21', 'SW11')_t5_max: 1785
	F33_('SW41', 'SW51')_tb: 7214
	F26_('SW14', 'DU4')_tb: 1382
	F42_('SW42', 'CM2CB')_t5_min: 7104
	F40_('SM2CB', 'SW52')_t5_max: 14119
	F34_('SW11', 'DU2')_t5_max: 126373
	F46_('SW31', 'SW41')_tb: 46563
	F24_('SW6', 'SMRIU1')_t5_max: 187
	F17_('SW22', 'SW32')_t5_min: 63
	('SW51', 'SW8')_gcl_length: 0
	F7_('MIMU1', 'SW13')_t5_max: 126839
	F47_('SW13', 'MIMU1')_tb: 1170
	F1_('SW32', 'SW42')_t5_max: 6686
	('SW11', 'SW21')_gcl_length: 0
	F10_('SW51', 'SM1CB')_t5_max: 2279
	F3_('SW31', 'SW41')_t5_max: 46473
	F11_('SMRIU1', 'SW6')_t5_min: 1231
	F32_('SW31', 'SW8')_tb: 2154
	F44_('SW21', 'SW13')_tb: 112358
	F48_('BFCU', 'SW22')_t3_min: 14105
	F6_('SW21', 'SW13')_t3_min: 1169
	F33_('SW31', 'SW41')_t3_max: 7127
	F11_('SW13', 'StarTr1')_tb: 1459
	F22_('SW8', 'SW32')_t5_min: 63310
	F2_('SW32', 'SW22')_tb: 127862
	F39_('CM1CB', 'SW41')_tb: 1
	F34_('FCM2', 'SW32')_t4_min: 126052
	F17_('SW22', 'SW32')_t3_max: 47
	('BFCU', 'SW22')_gcl_length: 0
	F29_('SBAND1', 'SW12')_t5_min: 126
	F3_('SW51', 'SM1CA')_t4_max: 46676
	F28_('SW32', 'FCM2')_t3_min: 31410
	('SW13', 'StarTr1')_gcl_length: 0
	F47_('SW41', 'SW31')_t3_min: 770
	F34_('FCM2', 'SW32')_t5_max: 126065
	F1_('DU5', 'SW14')_t4_max: 6113
	F18_('FCM1', 'SW31')_t4_min: 22084
	F22_('SW51', 'SW8')_t5_max: 63327
	F7_('SW42', 'SW52')_t5_min: 127251
	F47_('SW21', 'SW13')_t5_max: 1168
	F20_('SW21', 'CMRIU1')_t5_min: 14650
	F0_('SW41', 'SW31')_tb: 1622
	F19_('SW13', 'MIMU1')_t4_max: 1061
	F44_('SW51', 'SW41')_t3_min: 112130
	F41_('StarTr2', 'SW13')_t4_max: 14973
	F38_('SW11', 'SW22')_t5_max: 2865
	F11_('SW6', 'SW31')_t5_min: 1308
	F6_('SW12', 'SW21')_t5_max: 1296
	F34_('SW22', 'SW11')_t3_max: 126216
	F7_('SW32', 'SW42')_t3_max: 127310
	F38_('DU1', 'SW11')_t5_max: 2676
	F49_('SW22', 'CMRIU2')_t4_max: 3318
	F35_('SW14', 'DU5')_t5_min: 3048
	F17_('SW14', 'SW22')_t3_min: 19
	F35_('SW14', 'DU5')_t3_min: 3037
	F36_('LCM1', 'SW31')_t3_min: 63258
	F22_('SW22', 'CMRIU2')_t5_max: 63926
	F3_('DU1', 'SW11')_t4_max: 46068
	F14_('CM2CA', 'SW42')_t4_min: 63881
	F12_('MIMU2', 'SW13')_t3_min: 7091
	('DU4', 'SW14')_gcl_length: 0
	F20_('SW21', 'CMRIU1')_t3_min: 14569
	('SW41', 'SW31')_gcl_length: 36
	F17_('DU5', 'SW14')_t3_min: 1
	F8_('SW11', 'DU1')_tb: 7569
	F17_('DU5', 'SW14')_t5_max: 17
	F49_('CM2CA', 'SW42')_t3_min: 2908
	F8_('SW11', 'DU1')_t3_min: 7569
	F31_('SW13', 'SW21')_t5_max: 15520
	F31_('SW21', 'SW31')_t5_max: 15549
	F14_('CM2CA', 'SW42')_t4_max: 63881
	('SW32', 'LCM2')_gcl_length: 0
	F23_('SW13', 'SW21')_t5_max: 14749
	F12_('SW31', 'FCM1')_t3_min: 7265
	F20_('SMRIU2', 'SW6')_t4_max: 14320
	F26_('SW31', 'SW21')_t3_max: 1082
	('SW21', 'SW12')_gcl_length: 2
	F48_('SW31', 'SW41')_t3_min: 14266
	F47_('SW21', 'SW13')_t5_min: 1168
	F49_('SW32', 'SW22')_tb: 3006
	F11_('SW31', 'SW21')_t3_min: 1310
	F14_('SW22', 'SW11')_t3_max: 63956
	F34_('SW11', 'DU2')_t4_max: 126360
	F8_('SW11', 'DU1')_t5_max: 7715
	F30_('FCM2', 'SW32')_tb: 1376
	F0_('SW21', 'SW13')_t3_max: 1744
	F10_('SW8', 'SW51')_tb: 1873
	F37_('SW22', 'SW13')_t3_min: 47
	F9_('SMRIU2', 'SW6')_tb: 37316
	F13_('RCM2', 'SW32')_t4_max: 17792
	F34_('SW32', 'SW22')_t5_max: 126209
	F12_('SW31', 'FCM1')_t5_max: 7708
	F6_('SW13', 'StarTr1')_t4_max: 1446
	F40_('SM2CB', 'SW52')_t3_min: 14044
	F38_('SW22', 'CMRIU2')_t3_max: 2872
	('SW8', 'SW31')_gcl_length: 0
	F48_('SW7', 'SW31')_t3_min: 14123
	F46_('SM2CA', 'SW52')_t4_min: 46431
	F11_('SW31', 'SW21')_t5_min: 1385
	F42_('StarTr1', 'SW13')_t5_min: 6529
	F17_('SW22', 'SW32')_tb: 47
	F42_('SW42', 'CM2CB')_t3_min: 7028
	F20_('SW21', 'CMRIU1')_t5_max: 15037
	F48_('BFCU', 'SW22')_tb: 14105
	F23_('SW14', 'DU4')_t4_max: 15129
	F0_('SW21', 'SW13')_t3_min: 1739
	F18_('FCM1', 'SW31')_tb: 22084
	F2_('SW42', 'SW32')_t5_max: 127855
	F38_('SW22', 'CMRIU2')_t5_min: 2796
	F15_('SW21', 'SW11')_tb: 1702
	F45_('SW13', 'MIMU2')_tb: 45
	F38_('DU1', 'SW11')_t3_min: 2618
	F43_('SW51', 'SM1CB')_t5_min: 107
	F35_('SW21', 'SW14')_tb: 3024
	F49_('CM2CA', 'SW42')_t5_max: 2955
	F41_('SW13', 'SW21')_t5_min: 15126
	F36_('LCM1', 'SW31')_t4_min: 63258
	F38_('SW22', 'CMRIU2')_t4_max: 2996
	F44_('SW31', 'SW21')_t5_max: 112743
	F26_('SW31', 'SW21')_t3_min: 1077
	F45_('StarTr1', 'SW13')_t5_max: 43
	F17_('SW32', 'FCM2')_t3_min: 65
	F28_('DU5', 'SW14')_t4_max: 31092
	F22_('SW22', 'CMRIU2')_t4_max: 63816
	F10_('SW51', 'SM1CB')_t3_max: 2082
	F13_('RCM2', 'SW32')_t5_max: 17853
	F8_('StarTr1', 'SW13')_t3_min: 7502
	F42_('SW22', 'SW32')_t5_max: 6943
	F27_('SW14', 'DU4')_t5_max: 1247
	F41_('StarTr2', 'SW13')_tb: 14973
	F37_('SW32', 'SW22')_t5_min: 45
	('SW41', 'CM1CB')_gcl_length: 0
	F16_('CM1CA', 'SW41')_t5_min: 126959
	F0_('SW13', 'MIMU3')_t3_max: 1805
	F39_('CM1CB', 'SW41')_t4_max: 1
	F6_('SW13', 'StarTr1')_t5_max: 1458
	F13_('SW13', 'MIMU1')_t3_min: 17981
	F8_('SW11', 'DU1')_t5_min: 7586
	F27_('SW14', 'DU4')_tb: 915
	F45_('SW13', 'MIMU2')_t4_max: 174
	F5_('SW22', 'BFCU')_t3_min: 68
	F39_('CM1CB', 'SW41')_t4_min: 1
	F36_('SW6', 'SW32')_t5_min: 63523
	F1_('SW22', 'SW32')_t3_min: 6336
	('StarTr1', 'SW13')_gcl_length: 0
	F32_('SW31', 'SW8')_t3_min: 2154
	F43_('SW51', 'SM1CB')_tb: 55
	F32_('FCM1', 'SW31')_t3_min: 2135
	F23_('SW21', 'SW14')_t3_max: 14756
	F9_('SW21', 'SW12')_t5_min: 37717
	F33_('SMRIU1', 'SW6')_t5_max: 6909
	F26_('SW31', 'SW21')_t5_max: 1163
	F33_('SW51', 'SM1CA')_t5_max: 7505
	F15_('SW21', 'SW11')_t3_min: 1568
	F11_('SW13', 'StarTr1')_t3_max: 1593
	F0_('SW21', 'SW13')_t5_max: 1798
	F37_('SW32', 'SW22')_t5_max: 45
	('SW21', 'SW14')_gcl_length: 0
	F28_('DU5', 'SW14')_t5_min: 31196
	F46_('SW41', 'CM1CA')_t3_min: 46607
	F46_('SW31', 'SW41')_t3_max: 46826
	F32_('SW52', 'SM2CA')_t5_min: 2343
	F24_('SW6', 'SMRIU1')_t3_max: 47
	F21_('CM1CB', 'SW41')_t5_max: 15511
	F3_('SW21', 'SW31')_t5_max: 46401
	('SW51', 'SW41')_gcl_length: 0
	F48_('SW7', 'SW31')_tb: 14257
	F20_('SW6', 'SW31')_tb: 14403
	F22_('SW51', 'SW8')_t3_min: 63088
	F48_('SW41', 'CM1CA')_t5_min: 14282
	F36_('SW31', 'SW6')_t5_max: 63563
	F31_('SW21', 'SW31')_t3_max: 15527
	F7_('SW32', 'SW42')_t3_min: 127047
	F1_('SW14', 'SW22')_t5_max: 6334
	('SW13', 'SW22')_gcl_length: 0
	F24_('FCM2', 'SW32')_t4_min: 1
	F44_('SW31', 'SW21')_t5_min: 112356
	F22_('SW51', 'SW8')_t5_min: 63198
	F26_('SW14', 'DU4')_t5_min: 1463
	('SW31', 'RCM1')_gcl_length: 0
	F37_('CM2CB', 'SW42')_t5_max: 11
	F5_('FCM2', 'SW32')_tb: 29
	F17_('DU5', 'SW14')_tb: 1
	F24_('SW32', 'SW6')_tb: 24
	F39_('SW41', 'CM1CA')_tb: 74
	F4_('SW6', 'SW31')_t5_max: 6910
	F3_('DU1', 'SW11')_tb: 46068
	F7_('SW52', 'SM2CB')_t3_max: 127774
	F37_('SW42', 'SW32')_t5_min: 28
	F49_('CM2CA', 'SW42')_t4_max: 2908
	('SW14', 'SW21')_gcl_length: 0
	F44_('SW41', 'SW31')_t3_min: 112206
	F12_('SW21', 'SW31')_t3_max: 7341
	F43_('SW51', 'SM1CB')_t5_max: 236
	F27_('SW14', 'DU4')_t5_min: 989
	F37_('SW22', 'SW13')_t3_max: 52
	F22_('SM1CB', 'SW51')_t5_max: 63086
	F26_('CM1CB', 'SW41')_t5_max: 987
	F16_('SW41', 'SW51')_t3_min: 126961
	F12_('MIMU2', 'SW13')_t4_max: 7091
	F0_('SW31', 'SW21')_t5_max: 1737
	F26_('CM1CB', 'SW41')_t4_max: 906
	F11_('SW21', 'SW13')_tb: 1387
	F30_('SW32', 'SW8')_t3_min: 1456
	F48_('SW7', 'SW31')_t3_max: 14257
	F23_('SW13', 'SW21')_t3_min: 14626
	F13_('SW22', 'SW13')_tb: 17918
	F34_('SW32', 'SW22')_tb: 126067
	F26_('CM1CB', 'SW41')_t4_min: 906
	F21_('SW41', 'SW31')_t5_max: 15616
	F47_('SW13', 'MIMU1')_t3_max: 1175
	F14_('SW22', 'SW11')_t3_min: 63951
	F1_('SW52', 'SM2CB')_t5_min: 6914
	F29_('SBAND1', 'SW12')_t5_max: 126
	('SM1CA', 'SW51')_gcl_length: 0
	F9_('SW21', 'SW12')_t3_min: 37421
	F10_('SW51', 'SM1CB')_t3_min: 1948
	F4_('FCM2', 'SW32')_t4_min: 6534
	F2_('SW32', 'SW22')_t5_min: 127925
	F43_('SM1CA', 'SW51')_tb: 1
	F15_('SW11', 'DU1')_tb: 1787
	F37_('CM2CB', 'SW42')_t4_max: 1
	F33_('SW31', 'SW41')_t3_min: 6993
	F11_('SW21', 'SW13')_t5_min: 1457
	F26_('SW41', 'SW31')_t5_min: 1075
	F39_('CM1CB', 'SW41')_t5_min: 72
	('CM2CA', 'SW42')_gcl_length: 0
	('SW21', 'SW11')_gcl_length: 10
	F44_('SM1CA', 'SW51')_tb: 112054
	F11_('SW31', 'SW21')_t3_max: 1315
	F42_('SW22', 'SW32')_tb: 6609
	F26_('SW21', 'SW14')_t3_min: 1165
	F4_('SW32', 'SW6')_tb: 6574
	F3_('SW11', 'SW21')_t5_min: 46200
	F40_('SW52', 'SM2CA')_t4_max: 14250
	F3_('SW31', 'SW41')_t3_max: 46408
	F23_('StarTr2', 'SW13')_t5_min: 14624
	F6_('SW13', 'StarTr1')_t3_min: 1317
	F32_('FCM1', 'SW31')_t5_min: 2152
	F44_('SM1CA', 'SW51')_t4_max: 112054
	F41_('SW13', 'SW21')_t5_max: 15126
	F4_('FCM2', 'SW32')_t3_min: 6534
	F43_('SM1CA', 'SW51')_t5_max: 53
	F42_('SW42', 'CM2CB')_t3_max: 7033
	F31_('SW41', 'CM1CA')_t3_max: 15709
	F42_('StarTr1', 'SW13')_tb: 6453
	F9_('SW21', 'SW12')_t3_max: 37684
	F4_('SW31', 'FCM1')_t3_min: 6654
	F26_('SW14', 'DU4')_t5_max: 1463
	F4_('SW31', 'FCM1')_tb: 6654
	F41_('SW21', 'SW31')_tb: 15133
	F6_('SBAND1', 'SW12')_tb: 1141
	F30_('SW51', 'SM1CA')_t5_max: 1957
	F19_('SW13', 'MIMU1')_tb: 932
	F22_('SW51', 'SW8')_tb: 63088
	F2_('SW22', 'CMRIU2')_t5_max: 127995
	F27_('CMRIU1', 'SW21')_t3_min: 763
	F2_('SW32', 'SW22')_t3_max: 127862
	F23_('SW21', 'SW14')_t5_min: 14869
	F33_('SMRIU1', 'SW6')_t4_max: 6829
	F15_('DU4', 'SW14')_t5_max: 1481
	F49_('SW22', 'CMRIU2')_t5_min: 3365
	F12_('SW13', 'SW21')_t5_max: 7334
	F10_('RCM2', 'SW32')_t4_max: 1718
