0. Flow F0 [CM1CA-->MIMU3] with period 2000, payload 670B, e2e delay 2000us, jitter 200us
	('CM1CA', 'SW41'), Operation(1176, None, 1230)(1176, 1176)
	('SW41', 'SW31'), Operation(1232, None, 1415)(1232, 1361)
	('SW31', 'SW21'), Operation(1288, None, 1600)(1288, 1546)
	('SW21', 'SW13'), Operation(1344, 1730, 1784)(1730, 1730)
	('SW13', 'MIMU3'), Operation(1786, None, 1969)(1786, 1915)
1. Flow F1 [DU5-->SM2CB] with period 64000, payload 1335B, e2e delay 64000us, jitter 6400us
	('DU5', 'SW14'), Operation(6721, None, 6828)(6721, 6721)
	('SW14', 'SW22'), Operation(6830, None, 7066)(6830, 6959)
	('SW22', 'SW32'), Operation(6939, 7073, 7180)(7073, 7073)
	('SW32', 'SW42'), Operation(7182, 7187, 7294)(7187, 7187)
	('SW42', 'SW52'), Operation(7296, None, 7532)(7296, 7425)
	('SW52', 'SM2CB'), Operation(7405, None, 7770)(7405, 7663)
2. Flow F2 [SM2CA-->CMRIU2] with period 128000, payload 776B, e2e delay 128000us, jitter 12800us
	('SM2CA', 'SW52'), Operation(116347, None, 116410)(116347, 116347)
	('SW52', 'SW42'), Operation(116412, None, 116604)(116412, 116541)
	('SW42', 'SW32'), Operation(116477, 116734, 116797)(116734, 116734)
	('SW32', 'SW22'), Operation(116799, None, 116991)(116799, 116928)
	('SW22', 'CMRIU2'), Operation(116864, None, 117185)(116864, 117122)
3. Flow F3 [DU1-->SM1CA] with period 64000, payload 811B, e2e delay 64000us, jitter 6400us
	('DU1', 'SW11'), Operation(4231, None, 4296)(4231, 4231)
	('SW11', 'SW21'), Operation(4298, 4303, 4368)(4303, 4303)
	('SW21', 'SW31'), Operation(4370, 4375, 4440)(4375, 4375)
	('SW31', 'SW41'), Operation(4442, 4570, 4635)(4570, 4570)
	('SW41', 'SW51'), Operation(4637, 4765, 4830)(4765, 4765)
	('SW51', 'SM1CA'), Operation(4832, None, 5026)(4832, 4961)
4. Flow F4 [FCM2-->FCM1] with period 8000, payload 469B, e2e delay 8000us, jitter 800us
	('FCM2', 'SW32'), Operation(5052, None, 5090)(5052, 5052)
	('SW32', 'SW6'), Operation(5092, 5220, 5258)(5220, 5220)
	('SW6', 'SW31'), Operation(5260, None, 5427)(5260, 5389)
	('SW31', 'FCM1'), Operation(5300, None, 5596)(5300, 5558)
5. Flow F5 [FCM2-->BFCU] with period 2000, payload 176B, e2e delay 2000us, jitter 200us
	('FCM2', 'SW32'), Operation(975, None, 990)(975, 975)
	('SW32', 'SW22'), Operation(992, 997, 1012)(997, 997)
	('SW22', 'BFCU'), Operation(1014, None, 1158)(1014, 1143)
6. Flow F6 [SBAND1-->StarTr1] with period 2000, payload 144B, e2e delay 2000us, jitter 200us
	('SBAND1', 'SW12'), Operation(1169, None, 1181)(1169, 1169)
	('SW12', 'SW21'), Operation(1183, None, 1324)(1183, 1312)
	('SW21', 'SW13'), Operation(1197, 1331, 1343)(1331, 1331)
	('SW13', 'StarTr1'), Operation(1345, None, 1486)(1345, 1474)
7. Flow F7 [MIMU1-->SM2CB] with period 128000, payload 1262B, e2e delay 128000us, jitter 12800us
	('MIMU1', 'SW13'), Operation(126985, None, 127086)(126985, 126985)
	('SW13', 'SW22'), Operation(127088, None, 127318)(127088, 127217)
	('SW22', 'SW32'), Operation(127191, 127450, 127551)(127450, 127450)
	('SW32', 'SW42'), Operation(127553, 127558, 127659)(127558, 127558)
	('SW42', 'SW52'), Operation(127661, 127666, 127767)(127666, 127666)
	('SW52', 'SM2CB'), Operation(127769, None, 127999)(127769, 127898)
8. Flow F8 [StarTr1-->DU1] with period 8000, payload 202B, e2e delay 8000us, jitter 800us
	('StarTr1', 'SW13'), Operation(1, None, 18)(1, 1)
	('SW13', 'SW21'), Operation(20, 25, 42)(25, 25)
	('SW21', 'SW11'), Operation(44, 95, 112)(95, 95)
	('SW11', 'DU1'), Operation(114, None, 260)(114, 243)
9. Flow F9 [SMRIU2-->SBAND1] with period 64000, payload 402B, e2e delay 64000us, jitter 6400us
	('SMRIU2', 'SW6'), Operation(42202, None, 42235)(42202, 42202)
	('SW6', 'SW31'), Operation(42237, None, 42399)(42237, 42366)
	('SW31', 'SW21'), Operation(42272, None, 42563)(42272, 42530)
	('SW21', 'SW12'), Operation(42307, 42693, 42726)(42693, 42693)
	('SW12', 'SBAND1'), Operation(42728, None, 42890)(42728, 42857)
10. Flow F10 [RCM2-->SM1CB] with period 4000, payload 901B, e2e delay 4000us, jitter 400us
	('RCM2', 'SW32'), Operation(3314, None, 3387)(3314, 3314)
	('SW32', 'SW8'), Operation(3389, None, 3591)(3389, 3518)
	('SW8', 'SW51'), Operation(3464, None, 3795)(3464, 3722)
	('SW51', 'SM1CB'), Operation(3539, None, 3999)(3539, 3926)
11. Flow F11 [SMRIU1-->StarTr1] with period 4000, payload 869B, e2e delay 4000us, jitter 400us
	('SMRIU1', 'SW6'), Operation(2842, None, 2912)(2842, 2842)
	('SW6', 'SW31'), Operation(2914, 2919, 2989)(2919, 2919)
	('SW31', 'SW21'), Operation(2991, 2996, 3066)(2996, 2996)
	('SW21', 'SW13'), Operation(3068, 3073, 3143)(3073, 3073)
	('SW13', 'StarTr1'), Operation(3145, None, 3344)(3145, 3274)
12. Flow F12 [MIMU2-->FCM1] with period 8000, payload 694B, e2e delay 8000us, jitter 800us
	('MIMU2', 'SW13'), Operation(4320, None, 4376)(4320, 4320)
	('SW13', 'SW21'), Operation(4378, 4383, 4439)(4383, 4383)
	('SW21', 'SW31'), Operation(4441, None, 4626)(4441, 4570)
	('SW31', 'FCM1'), Operation(4499, None, 4813)(4499, 4757)
13. Flow F13 [RCM2-->MIMU1] with period 32000, payload 755B, e2e delay 32000us, jitter 3200us
	('RCM2', 'SW32'), Operation(30950, None, 31011)(30950, 30950)
	('SW32', 'SW22'), Operation(31013, 31018, 31079)(31018, 31018)
	('SW22', 'SW13'), Operation(31081, 31209, 31270)(31209, 31209)
	('SW13', 'MIMU1'), Operation(31272, None, 31462)(31272, 31401)
14. Flow F14 [CM2CA-->DU2] with period 64000, payload 223B, e2e delay 64000us, jitter 6400us
	('CM2CA', 'SW42'), Operation(44968, None, 44986)(44968, 44968)
	('SW42', 'SW32'), Operation(44988, 44993, 45011)(44993, 44993)
	('SW32', 'SW22'), Operation(45013, 45018, 45036)(45018, 45018)
	('SW22', 'SW11'), Operation(45038, None, 45185)(45038, 45167)
	('SW11', 'DU2'), Operation(45058, None, 45334)(45058, 45316)
15. Flow F15 [DU4-->DU1] with period 2000, payload 1036B, e2e delay 2000us, jitter 200us
	('DU4', 'SW14'), Operation(1, None, 84)(1, 1)
	('SW14', 'SW21'), Operation(86, 91, 174)(91, 91)
	('SW21', 'SW11'), Operation(176, None, 388)(176, 305)
	('SW11', 'DU1'), Operation(261, 395, 478)(395, 395)
16. Flow F16 [CM1CA-->SM1CA] with period 128000, payload 458B, e2e delay 128000us, jitter 12800us
	('CM1CA', 'SW41'), Operation(81343, None, 81380)(81343, 81343)
	('SW41', 'SW51'), Operation(81382, 81510, 81547)(81510, 81510)
	('SW51', 'SM1CA'), Operation(81549, None, 81715)(81549, 81678)
17. Flow F17 [DU5-->FCM2] with period 2000, payload 188B, e2e delay 2000us, jitter 200us
	('DU5', 'SW14'), Operation(629, None, 645)(629, 629)
	('SW14', 'SW22'), Operation(647, 775, 791)(775, 775)
	('SW22', 'SW32'), Operation(793, None, 938)(793, 922)
	('SW32', 'FCM2'), Operation(811, 945, 961)(945, 945)
18. Flow F18 [FCM1-->SMRIU1] with period 32000, payload 613B, e2e delay 32000us, jitter 3200us
	('FCM1', 'SW31'), Operation(31587, None, 31637)(31587, 31587)
	('SW31', 'SW6'), Operation(31639, None, 31818)(31639, 31768)
	('SW6', 'SMRIU1'), Operation(31691, None, 31999)(31691, 31949)
19. Flow F19 [MIMU2-->MIMU1] with period 128000, payload 1342B, e2e delay 128000us, jitter 12800us
	('MIMU2', 'SW13'), Operation(28211, None, 28319)(28211, 28211)
	('SW13', 'MIMU1'), Operation(28321, None, 28558)(28321, 28450)
20. Flow F20 [SMRIU2-->CMRIU1] with period 16000, payload 1001B, e2e delay 16000us, jitter 1600us
	('SMRIU2', 'SW6'), Operation(14485, None, 14566)(14485, 14485)
	('SW6', 'SW31'), Operation(14568, None, 14778)(14568, 14697)
	('SW31', 'SW21'), Operation(14651, None, 14990)(14651, 14909)
	('SW21', 'CMRIU1'), Operation(14734, None, 15202)(14734, 15121)
21. Flow F21 [CM1CB-->RCM1] with period 16000, payload 1214B, e2e delay 16000us, jitter 1600us
	('CM1CB', 'SW41'), Operation(14463, None, 14561)(14463, 14463)
	('SW41', 'SW31'), Operation(14563, None, 14790)(14563, 14692)
	('SW31', 'RCM1'), Operation(14663, None, 15019)(14663, 14921)
22. Flow F22 [SM1CB-->CMRIU2] with period 64000, payload 1367B, e2e delay 64000us, jitter 6400us
	('SM1CB', 'SW51'), Operation(1, None, 111)(1, 1)
	('SW51', 'SW8'), Operation(113, None, 352)(113, 242)
	('SW8', 'SW32'), Operation(225, None, 593)(225, 483)
	('SW32', 'SW22'), Operation(337, None, 834)(337, 724)
	('SW22', 'CMRIU2'), Operation(449, None, 1075)(449, 965)
23. Flow F23 [StarTr2-->DU4] with period 16000, payload 1464B, e2e delay 16000us, jitter 1600us
	('StarTr2', 'SW13'), Operation(14623, None, 14741)(14623, 14623)
	('SW13', 'SW21'), Operation(14743, None, 14990)(14743, 14872)
	('SW21', 'SW14'), Operation(14863, None, 15239)(14863, 15121)
	('SW14', 'DU4'), Operation(14983, None, 15488)(14983, 15370)
24. Flow F24 [FCM2-->SMRIU1] with period 2000, payload 195B, e2e delay 2000us, jitter 200us
	('FCM2', 'SW32'), Operation(1504, 1504, 1520)(1504, 1504)
	('SW32', 'SW6'), Operation(1522, None, 1667)(1522, 1651)
	('SW6', 'SMRIU1'), Operation(1540, 1674, 1690)(1674, 1674)
25. Flow F25 [BFCU-->FCM1] with period 8000, payload 1215B, e2e delay 8000us, jitter 800us
	('BFCU', 'SW22'), Operation(4514, None, 4612)(4514, 4514)
	('SW22', 'SW7'), Operation(4614, None, 4841)(4614, 4743)
	('SW7', 'SW31'), Operation(4714, None, 5070)(4714, 4972)
	('SW31', 'FCM1'), Operation(4814, None, 5299)(4814, 5201)
26. Flow F26 [CM1CB-->DU4] with period 2000, payload 1012B, e2e delay 2000us, jitter 200us
	('CM1CB', 'SW41'), Operation(270, None, 351)(270, 270)
	('SW41', 'SW31'), Operation(353, 481, 562)(481, 481)
	('SW31', 'SW21'), Operation(564, 569, 650)(569, 569)
	('SW21', 'SW14'), Operation(652, None, 862)(652, 781)
	('SW14', 'DU4'), Operation(735, 869, 950)(869, 869)
27. Flow F27 [CMRIU1-->DU4] with period 16000, payload 913B, e2e delay 16000us, jitter 1600us
	('CMRIU1', 'SW21'), Operation(12250, None, 12324)(12250, 12250)
	('SW21', 'SW14'), Operation(12326, None, 12529)(12326, 12455)
	('SW14', 'DU4'), Operation(12402, None, 12734)(12402, 12660)
28. Flow F28 [DU5-->FCM2] with period 32000, payload 1296B, e2e delay 32000us, jitter 3200us
	('DU5', 'SW14'), Operation(1, None, 105)(1, 1)
	('SW14', 'SW22'), Operation(107, None, 340)(107, 236)
	('SW22', 'SW32'), Operation(213, None, 575)(213, 471)
	('SW32', 'FCM2'), Operation(319, None, 810)(319, 706)
29. Flow F29 [SBAND1-->BFCU] with period 8000, payload 1036B, e2e delay 8000us, jitter 800us
	('SBAND1', 'SW12'), Operation(7488, None, 7571)(7488, 7488)
	('SW12', 'SW22'), Operation(7573, None, 7785)(7573, 7702)
	('SW22', 'BFCU'), Operation(7658, None, 7999)(7658, 7916)
30. Flow F30 [FCM2-->SM1CA] with period 2000, payload 971B, e2e delay 2000us, jitter 200us
	('FCM2', 'SW32'), Operation(1091, None, 1169)(1091, 1091)
	('SW32', 'SW8'), Operation(1171, 1176, 1254)(1176, 1176)
	('SW8', 'SW51'), Operation(1256, None, 1463)(1256, 1385)
	('SW51', 'SM1CA'), Operation(1336, 1470, 1548)(1470, 1470)
31. Flow F31 [MIMU3-->CM1CA] with period 16000, payload 272B, e2e delay 16000us, jitter 1600us
	('MIMU3', 'SW13'), Operation(14179, None, 14201)(14179, 14179)
	('SW13', 'SW21'), Operation(14203, None, 14354)(14203, 14332)
	('SW21', 'SW31'), Operation(14227, None, 14507)(14227, 14485)
	('SW31', 'SW41'), Operation(14251, None, 14660)(14251, 14638)
	('SW41', 'CM1CA'), Operation(14275, None, 14813)(14275, 14791)
32. Flow F32 [FCM1-->SM2CA] with period 4000, payload 208B, e2e delay 4000us, jitter 400us
	('FCM1', 'SW31'), Operation(1, None, 18)(1, 1)
	('SW31', 'SW8'), Operation(20, None, 166)(20, 149)
	('SW8', 'SW52'), Operation(39, None, 314)(39, 297)
	('SW52', 'SM2CA'), Operation(58, None, 462)(58, 445)
33. Flow F33 [SMRIU1-->SM1CA] with period 8000, payload 999B, e2e delay 8000us, jitter 800us
	('SMRIU1', 'SW6'), Operation(1, None, 81)(1, 1)
	('SW6', 'SW31'), Operation(83, None, 292)(83, 212)
	('SW31', 'SW41'), Operation(165, None, 503)(165, 423)
	('SW41', 'SW51'), Operation(247, None, 714)(247, 634)
	('SW51', 'SM1CA'), Operation(329, 846, 926)(846, 846)
34. Flow F34 [FCM2-->DU2] with period 128000, payload 162B, e2e delay 128000us, jitter 12800us
	('FCM2', 'SW32'), Operation(125038, None, 125051)(125038, 125038)
	('SW32', 'SW22'), Operation(125053, None, 125195)(125053, 125182)
	('SW22', 'SW11'), Operation(125068, None, 125339)(125068, 125326)
	('SW11', 'DU2'), Operation(125083, None, 125483)(125083, 125470)
35. Flow F35 [MIMU2-->DU5] with period 4000, payload 133B, e2e delay 4000us, jitter 400us
	('MIMU2', 'SW13'), Operation(30, None, 41)(30, 30)
	('SW13', 'SW21'), Operation(43, None, 183)(43, 172)
	('SW21', 'SW14'), Operation(56, None, 325)(56, 314)
	('SW14', 'DU5'), Operation(69, None, 467)(69, 456)
36. Flow F36 [LCM1-->LCM2] with period 64000, payload 1086B, e2e delay 64000us, jitter 6400us
	('LCM1', 'SW31'), Operation(1, None, 88)(1, 1)
	('SW31', 'SW6'), Operation(90, None, 306)(90, 219)
	('SW6', 'SW32'), Operation(179, None, 524)(179, 437)
	('SW32', 'LCM2'), Operation(268, None, 742)(268, 655)
37. Flow F37 [CM2CB-->MIMU3] with period 16000, payload 125B, e2e delay 16000us, jitter 1600us
	('CM2CB', 'SW42'), Operation(13000, None, 13010)(13000, 13000)
	('SW42', 'SW32'), Operation(13012, 13025, 13035)(13025, 13025)
	('SW32', 'SW22'), Operation(13037, 13042, 13052)(13042, 13042)
	('SW22', 'SW13'), Operation(13054, None, 13193)(13054, 13183)
	('SW13', 'MIMU3'), Operation(13066, None, 13334)(13066, 13324)
38. Flow F38 [DU1-->CMRIU2] with period 4000, payload 715B, e2e delay 4000us, jitter 400us
	('DU1', 'SW11'), Operation(1, None, 59)(1, 1)
	('SW11', 'SW22'), Operation(61, None, 248)(61, 190)
	('SW22', 'CMRIU2'), Operation(121, None, 437)(121, 379)
39. Flow F39 [CM1CB-->CM1CA] with period 2000, payload 876B, e2e delay 2000us, jitter 200us
	('CM1CB', 'SW41'), Operation(1, None, 72)(1, 1)
	('SW41', 'CM1CA'), Operation(74, None, 274)(74, 203)

SMT variables: 
	F6_('SW21', 'SW13')_t4_max: 1331
	F36_('SW31', 'SW6')_t4_max: 219
	F32_jitter: 387
	F12_('SW13', 'SW21')_t3_max: 4383
	F29_('SW12', 'SW22')_t3_max: 7578
	F31_('MIMU3', 'SW13')_gc: False
	F3_('SW21', 'SW31')_t4_max: 4375
	F37_('SW22', 'SW13')_t4_max: 13183
	F33_('SW51', 'SM1CA')_gc: True
	F17_('DU5', 'SW14')_t4_max: 629
	F28_('SW22', 'SW32')_t4_max: 471
	F35_('SW21', 'SW14')_t5_max: 325
	F3_('SW21', 'SW31')_rr: 1
	F25_('SW7', 'SW31')_tb: 4714
	F6_('SW12', 'SW21')_rr: 0
	F7_queue_index: 0
	F26_('SW31', 'SW21')_t4_max: 569
	F20_('SW6', 'SW31')_t4_max: 14697
	F12_('SW31', 'FCM1')_rr: 0
	('SW21', 'SW13')_gcl_cycle: 4000
	('RCM2', 'SW32')_gcl_cycle: 1
	('SW51', 'SM1CB')_gcl_cycle: 1
	F0_('SW31', 'SW21')_gc: False
	F30_('SW8', 'SW51')_rr: 0
	F3_('SW51', 'SM1CA')_rr: 0
	F33_('SMRIU1', 'SW6')_gc: False
	F38_('DU1', 'SW11')_gc: False
	F23_('SW14', 'DU4')_gc: False
	F0_('SW21', 'SW13')_t4_max: 1730
	F37_('SW42', 'SW32')_t5_max: 13035
	F17_('SW22', 'SW32')_rr: 0
	F22_queue_index: 0
	F9_('SW31', 'SW21')_t4_max: 42530
	F0_('CM1CA', 'SW41')_t5_max: 1230
	F25_('SW22', 'SW7')_t3_max: 4619
	F0_('CM1CA', 'SW41')_t3_max: 1052
	F12_('SW21', 'SW31')_rr: 0
	('MIMU2', 'SW13')_gcl_cycle: 1
	F6_('SW12', 'SW21')_gc: False
	F37_('CM2CB', 'SW42')_rr: 0
	F1_('SW14', 'SW22')_t5_min: 6937
	F8_('SW11', 'DU1')_gc: False
	F1_('DU5', 'SW14')_t3_max: 6597
	F13_('RCM2', 'SW32')_rr: 0
	F30_('SW32', 'SW8')_t4_max: 1176
	('DU4', 'SW14')_gcl_cycle: 1
	F34_('SW32', 'SW22')_rr: 0
	F23_('SW13', 'SW21')_rr: 0
	F9_('SW6', 'SW31')_t4_max: 42366
	F21_('SW31', 'RCM1')_t3_max: 14797
	F27_('SW14', 'DU4')_gc: False
	F3_('DU1', 'SW11')_t4_min: 4231
	('SW8', 'SW51')_gcl_cycle: 1
	F26_('SW21', 'SW14')_gc: False
	F37_('SW42', 'SW32')_t4_min: 13025
	F13_jitter: 129
	F1_jitter: 258
	('SW32', 'LCM2')_gcl_cycle: 1
	F12_('SW13', 'SW21')_t4_max: 4383
	F3_('SW31', 'SW41')_gc: True
	F15_jitter: 0
	F21_('SW31', 'RCM1')_t3_min: 14663
	F30_('SW32', 'SW8')_t3_max: 1176
	F19_('MIMU2', 'SW13')_t3_max: 28087
	F33_('SW41', 'SW51')_gc: False
	F13_('SW32', 'SW22')_t5_max: 31079
	F19_('MIMU2', 'SW13')_gc: False
	F0_('SW41', 'SW31')_gc: False
	F6_queue_index: 0
	F11_('SW6', 'SW31')_t4_max: 2919
	F17_('SW14', 'SW22')_t4_max: 775
	F39_('CM1CB', 'SW41')_t3_max: -123
	F1_('SW52', 'SM2CB')_t4_min: 7405
	F21_('SW31', 'RCM1')_t4_max: 14921
	F1_('SW52', 'SM2CB')_gc: False
	F12_('MIMU2', 'SW13')_t3_max: 4196
	F32_('SW52', 'SM2CA')_t4_max: 445
	F37_('SW32', 'SW22')_t4_max: 13042
	F14_('SW32', 'SW22')_rr: 1
	F9_('SW31', 'SW21')_t3_min: 42272
	F26_('SW41', 'SW31')_t4_min: 481
	F23_('SW21', 'SW14')_gc: False
	F9_('SW31', 'SW21')_t4_min: 42272
	F23_('SW13', 'SW21')_t4_max: 14872
	F16_('CM1CA', 'SW41')_t3_max: 81219
	F27_('SW14', 'DU4')_rr: 0
	('SW6', 'SW32')_gcl_cycle: 1
	F33_('SW6', 'SW31')_t3_max: 88
	F19_('SW13', 'MIMU1')_t3_max: 28326
	F39_('CM1CB', 'SW41')_gc: False
	('SW6', 'SW31')_gcl_cycle: 4000
	F34_('SW22', 'SW11')_t4_max: 125326
	F7_('SW42', 'SW52')_t4_max: 127666
	F17_('SW22', 'SW32')_t4_max: 922
	F22_('SW8', 'SW32')_gc: False
	F26_('SW41', 'SW31')_tb: 481
	F20_('SMRIU2', 'SW6')_rr: 0
	F13_('SW32', 'SW22')_rr: 2
	F8_('SW11', 'DU1')_t3_max: 119
	F16_('SW51', 'SM1CA')_gc: False
	F14_('CM2CA', 'SW42')_gc: False
	F35_('SW13', 'SW21')_t3_max: 48
	F3_('SW11', 'SW21')_t4_max: 4303
	F30_('FCM2', 'SW32')_gc: False
	F11_('SMRIU1', 'SW6')_t3_max: 2718
	F28_jitter: 387
	F12_('SW31', 'FCM1')_gc: False
	F0_('SW21', 'SW13')_t5_min: 1784
	('SW31', 'SW8')_gcl_cycle: 1
	F9_('SW6', 'SW31')_rr: 0
	F7_('SW13', 'SW22')_gc: False
	F30_('FCM2', 'SW32')_t4_min: 1091
	F23_('SW14', 'DU4')_rr: 0
	F30_('SW32', 'SW8')_gc: True
	F34_('SW11', 'DU2')_rr: 0
	F11_('SW13', 'StarTr1')_gc: False
	F28_('SW14', 'SW22')_t4_min: 107
	F10_('SW51', 'SM1CB')_gc: False
	F18_('SW31', 'SW6')_t4_max: 31768
	F30_('SW51', 'SM1CA')_t4_max: 1470
	F34_('SW22', 'SW11')_t4_min: 125068
	F21_('CM1CB', 'SW41')_gc: False
	F36_('SW31', 'SW6')_t3_max: 95
	('SM1CB', 'SW51')_gcl_length: 0
	F27_('CMRIU1', 'SW21')_t5_min: 12324
	F15_('SW11', 'DU1')_t3_max: 395
	F33_('SW41', 'SW51')_rr: 0
	F18_('FCM1', 'SW31')_t3_max: 31463
	F8_('SW13', 'SW21')_rr: 1
	F34_('SW32', 'SW22')_t4_min: 125053
	F11_('SW31', 'SW21')_t4_max: 2996
	F24_('SW6', 'SMRIU1')_t4_min: 1674
	F1_('SW14', 'SW22')_t4_max: 6959
	('SW11', 'SW21')_gcl_cycle: 64000
	F26_('SW41', 'SW31')_t4_max: 481
	F24_('SW6', 'SMRIU1')_gc: True
	F14_('SW22', 'SW11')_rr: 0
	F2_('SW52', 'SW42')_tb: 116412
	F26_('SW21', 'SW14')_t4_min: 652
	F11_('SW13', 'StarTr1')_t4_min: 3145
	F5_('FCM2', 'SW32')_gc: False
	F4_('SW6', 'SW31')_t4_min: 5260
	F28_('SW14', 'SW22')_rr: 0
	F0_('SW31', 'SW21')_t4_min: 1288
	F6_('SW12', 'SW21')_t4_min: 1183
	F11_('SW21', 'SW13')_gc: True
	('SW14', 'DU4')_gcl_cycle: 2000
	F33_('SW31', 'SW41')_t4_max: 423
	F28_('SW32', 'FCM2')_t4_min: 319
	F13_('SW22', 'SW13')_t3_min: 31081
	F38_queue_index: 0
	F39_('SW41', 'CM1CA')_t4_min: 74
	F9_('SMRIU2', 'SW6')_rr: 0
	('SW32', 'SW8')_gcl_cycle: 2000
	F31_('SW31', 'SW41')_rr: 0
	F26_('CM1CB', 'SW41')_t3_max: 146
	F23_queue_index: 0
	F1_('SW14', 'SW22')_gc: False
	F28_('DU5', 'SW14')_gc: False
	F13_('SW13', 'MIMU1')_rr: 0
	F28_('SW32', 'FCM2')_t3_max: 582
	F8_('SW13', 'SW21')_t4_max: 25
	F19_('SW13', 'MIMU1')_t4_min: 28321
	F18_jitter: 258
	F0_('SW13', 'MIMU3')_rr: 0
	F13_('RCM2', 'SW32')_t3_max: 30826
	F19_('SW13', 'MIMU1')_gc: False
	F33_('SMRIU1', 'SW6')_rr: 0
	('CM2CB', 'SW42')_gcl_cycle: 1
	F16_('SW41', 'SW51')_t3_max: 81387
	F37_('SW32', 'SW22')_gc: True
	F37_('SW22', 'SW13')_t4_min: 13054
	F7_('MIMU1', 'SW13')_gc: False
	F7_('SW52', 'SM2CB')_rr: 0
	F17_('DU5', 'SW14')_t3_max: 505
	F37_('SW13', 'MIMU3')_gc: False
	F35_('MIMU2', 'SW13')_t3_min: 30
	F27_('CMRIU1', 'SW21')_t3_max: 12126
	F32_('SW8', 'SW52')_rr: 0
	F32_('FCM1', 'SW31')_rr: 0
	F4_('SW6', 'SW31')_rr: 0
	F21_jitter: 258
	F24_('FCM2', 'SW32')_t3_max: 1381
	F38_('SW11', 'SW22')_t4_min: 61
	F13_('SW22', 'SW13')_rr: 1
	F8_('SW21', 'SW11')_gc: True
	F7_('SW42', 'SW52')_t4_min: 127666
	F33_('SW31', 'SW41')_t5_max: 503
	F28_('SW14', 'SW22')_t3_max: 112
	F2_('SM2CA', 'SW52')_gc: False
	('SW42', 'SW32')_gcl_cycle: 128000
	F18_('SW31', 'SW6')_gc: False
	('SW51', 'SM1CA')_gcl_cycle: 8000
	('SW21', 'SW14')_gcl_cycle: 1
	F25_('SW31', 'FCM1')_t4_min: 4814
	F10_('SW32', 'SW8')_rr: 0
	F11_queue_index: 0
	F12_('SW21', 'SW31')_t5_min: 4497
	F15_('SW11', 'DU1')_rr: 1
	F3_('SW41', 'SW51')_t4_min: 4765
	F12_('SW13', 'SW21')_t4_min: 4383
	('SW22', 'CMRIU2')_gcl_cycle: 1
	F15_queue_index: 0
	F6_('SBAND1', 'SW12')_t3_min: 1169
	F4_('FCM2', 'SW32')_rr: 0
	F5_('FCM2', 'SW32')_rr: 0
	F17_('SW14', 'SW22')_gc: True
	F26_jitter: 0
	F28_('SW14', 'SW22')_t4_max: 236
	F5_('SW32', 'SW22')_t4_max: 997
	F18_('SW6', 'SMRIU1')_gc: False
	F30_('FCM2', 'SW32')_rr: 0
	F33_('SW31', 'SW41')_gc: False
	F21_('SW31', 'RCM1')_tb: 14663
	F14_('CM2CA', 'SW42')_t3_max: 44844
	F22_('SW8', 'SW32')_tb: 225
	F33_('SW51', 'SM1CA')_t4_min: 846
	F9_('SW21', 'SW12')_rr: 1
	F12_queue_index: 0
	F30_jitter: 0
	F21_('CM1CB', 'SW41')_t3_max: 14339
	F32_('SW31', 'SW8')_t4_min: 20
	F11_('SW6', 'SW31')_gc: True
	F38_('DU1', 'SW11')_tb: 1
	F33_('SW31', 'SW41')_t4_min: 165
	('SW32', 'SW6')_gcl_length: 2
	F20_jitter: 387
	F9_('SW21', 'SW12')_gc: True
	F5_('SW22', 'BFCU')_rr: 0
	F1_('SW42', 'SW52')_t4_min: 7296
	F10_jitter: 387
	F21_('CM1CB', 'SW41')_rr: 0
	F31_('SW21', 'SW31')_t4_max: 14485
	F30_('SW51', 'SM1CA')_tb: 1470
	('CM1CA', 'SW41')_gcl_cycle: 1
	F34_('SW32', 'SW22')_t3_max: 125058
	F26_('SW41', 'SW31')_gc: True
	F25_('SW22', 'SW7')_t3_min: 4614
	('SW12', 'SW22')_gcl_cycle: 1
	F8_('SW11', 'DU1')_rr: 0
	F29_('SW12', 'SW22')_t4_max: 7702
	F33_('SW41', 'SW51')_t3_min: 247
	F39_jitter: 129
	('SW22', 'SW11')_gcl_cycle: 1
	F3_('SW51', 'SM1CA')_gc: False
	F28_('DU5', 'SW14')_t3_max: -123
	F29_jitter: 258
	F10_('SW8', 'SW51')_t4_max: 3722
	F4_('SW32', 'SW6')_t4_min: 5220
	F12_('SW13', 'SW21')_rr: 1
	F26_('SW21', 'SW14')_rr: 0
	F33_queue_index: 0
	F22_('SW32', 'SW22')_t4_max: 724
	F25_('SW22', 'SW7')_gc: False
	F35_('SW21', 'SW14')_gc: False
	F9_jitter: 129
	F22_('SW51', 'SW8')_t4_min: 113
	F25_('BFCU', 'SW22')_t5_max: 4612
	F31_('MIMU3', 'SW13')_t3_max: 14055
	F32_('SW52', 'SM2CA')_gc: False
	F1_('DU5', 'SW14')_t5_min: 6828
	F9_('SW31', 'SW21')_gc: False
	F9_('SW12', 'SBAND1')_gc: False
	F29_('SW12', 'SW22')_t4_min: 7573
	('SW52', 'SM2CA')_gcl_cycle: 1
	F0_queue_index: 0
	F6_('SBAND1', 'SW12')_t3_max: 1045
	F16_queue_index: 0
	F1_('DU5', 'SW14')_t3_min: 6721
	F15_('SW21', 'SW11')_gc: False
	F14_('SW42', 'SW32')_rr: 2
	F8_('StarTr1', 'SW13')_rr: 0
	F30_('SW8', 'SW51')_tb: 1256
	F31_('SW13', 'SW21')_gc: False
	F23_('SW21', 'SW14')_rr: 0
	F0_('SW13', 'MIMU3')_gc: False
	F28_('SW32', 'FCM2')_gc: False
	F31_('SW13', 'SW21')_tb: 14203
	F25_('SW31', 'FCM1')_gc: False
	F36_('SW6', 'SW32')_rr: 0
	F27_('SW21', 'SW14')_t4_max: 12455
	F6_('SW13', 'StarTr1')_gc: False
	F28_('SW32', 'FCM2')_rr: 0
	('SW51', 'SM1CA')_gcl_length: 10
	F3_('SW11', 'SW21')_t3_max: 4303
	F8_('StarTr1', 'SW13')_t3_max: -123
	F37_('SW13', 'MIMU3')_rr: 0
	F4_('SW32', 'SW6')_t5_min: 5258
	F8_('SW13', 'SW21')_t4_min: 25
	F9_('SMRIU2', 'SW6')_gc: False
	F29_('SW12', 'SW22')_rr: 0
	F3_('SW21', 'SW31')_gc: True
	F6_('SW21', 'SW13')_rr: 2
	F5_('SW22', 'BFCU')_gc: False
	F11_('SW6', 'SW31')_rr: 1
	F24_('SW32', 'SW6')_t5_min: 1538
	F16_('SW41', 'SW51')_rr: 1
	('MIMU3', 'SW13')_gcl_length: 0
	('SW21', 'SW11')_gcl_cycle: 8000
	F24_('SW6', 'SMRIU1')_rr: 1
	F31_('SW13', 'SW21')_rr: 0
	F23_('StarTr2', 'SW13')_rr: 0
	F24_jitter: 0
	F35_('MIMU2', 'SW13')_t5_max: 41
	F38_('DU1', 'SW11')_t3_max: -123
	F27_('CMRIU1', 'SW21')_rr: 0
	F28_('DU5', 'SW14')_tb: 1
	F28_('SW14', 'SW22')_gc: False
	F3_('SW41', 'SW51')_gc: True
	F2_('SW22', 'CMRIU2')_t4_max: 117122
	F1_('SW22', 'SW32')_rr: 2
	F14_('SW11', 'DU2')_t4_min: 45058
	('SW32', 'FCM2')_gcl_cycle: 2000
	F17_('SW32', 'FCM2')_rr: 1
	F7_jitter: 129
	F33_('SW31', 'SW41')_rr: 0
	('SW31', 'FCM1')_gcl_cycle: 1
	F2_('SW32', 'SW22')_gc: False
	F28_('DU5', 'SW14')_rr: 0
	F2_queue_index: 0
	('SW51', 'SW8')_gcl_cycle: 1
	F15_('SW14', 'SW21')_t3_max: 91
	F22_('SW51', 'SW8')_rr: 0
	('SMRIU2', 'SW6')_gcl_cycle: 1
	F28_('SW22', 'SW32')_t4_min: 213
	F35_('MIMU2', 'SW13')_rr: 0
	F0_('SW41', 'SW31')_t4_max: 1361
	F14_('SW32', 'SW22')_t4_min: 45018
	F10_('RCM2', 'SW32')_gc: False
	F11_('SW13', 'StarTr1')_rr: 0
	F14_('SW32', 'SW22')_t4_max: 45018
	F37_('SW22', 'SW13')_rr: 0
	F3_('SW11', 'SW21')_rr: 1
	F34_jitter: 387
	F32_('SW31', 'SW8')_rr: 0
	F39_('SW41', 'CM1CA')_t3_max: 79
	F9_('SW6', 'SW31')_t4_min: 42237
	F17_('SW14', 'SW22')_rr: 1
	F2_('SW42', 'SW32')_rr: 1
	F11_('SW31', 'SW21')_gc: True
	F37_('SW42', 'SW32')_gc: True
	F20_('SW6', 'SW31')_t3_max: 14573
	F8_('SW11', 'DU1')_t4_min: 114
	F1_('SW22', 'SW32')_t3_max: 7073
	F7_('SW52', 'SM2CB')_gc: False
	F31_('SW13', 'SW21')_t3_min: 14203
	F30_('SW8', 'SW51')_gc: False
	F26_('SW31', 'SW21')_t4_min: 569
	F2_('SW32', 'SW22')_rr: 0
	F20_('SW31', 'SW21')_t4_max: 14909
	F15_('SW11', 'DU1')_gc: True
	F22_('SW51', 'SW8')_t3_max: 118
	F5_('SW22', 'BFCU')_t4_min: 1014
	F25_jitter: 387
	F33_('SW6', 'SW31')_t4_max: 212
	F36_('SW32', 'LCM2')_t4_min: 268
	F21_queue_index: 0
	F16_('SW51', 'SM1CA')_t4_min: 81549
	('SW41', 'SW51')_gcl_cycle: 128000
	F2_('SW32', 'SW22')_t4_max: 116928
	F19_('SW13', 'MIMU1')_t5_max: 28558
	F11_('SW13', 'StarTr1')_t4_max: 3274
	F10_('SW32', 'SW8')_gc: False
	F35_jitter: 387
	F18_('SW31', 'SW6')_t4_min: 31639
	F7_('SW22', 'SW32')_gc: True
	F14_jitter: 258
	F1_('SW14', 'SW22')_rr: 0
	F32_('SW52', 'SM2CA')_tb: 58
	F14_('SW22', 'SW11')_gc: False
	F4_('SW31', 'FCM1')_t4_min: 5300
	F33_('SW6', 'SW31')_t4_min: 83
	F28_('SW22', 'SW32')_gc: False
	F24_('SW32', 'SW6')_rr: 0
	F25_('SW7', 'SW31')_t4_min: 4714
	F6_('SW13', 'StarTr1')_rr: 0
	F0_('SW13', 'MIMU3')_t4_min: 1786
	F2_('SM2CA', 'SW52')_t4_max: 116347
	F0_('CM1CA', 'SW41')_rr: 0
	('SW21', 'SW12')_gcl_cycle: 64000
	F38_jitter: 258
	F22_('SW32', 'SW22')_t4_min: 337
	F4_('SW32', 'SW6')_gc: True
	F3_('DU1', 'SW11')_t3_max: 4107
	F5_('SW32', 'SW22')_t3_max: 997
	F32_('SW31', 'SW8')_t3_max: 25
	F0_('CM1CA', 'SW41')_gc: False
	F17_('DU5', 'SW14')_rr: 0
	('SW11', 'DU1')_gcl_cycle: 2000
	F3_('SW31', 'SW41')_rr: 1
	F34_('SW11', 'DU2')_gc: False
	('SW14', 'SW21')_gcl_cycle: 2000
	F39_('SW41', 'CM1CA')_rr: 0
	F37_('SW22', 'SW13')_gc: False
	F18_('SW6', 'SMRIU1')_tb: 31691
	F3_jitter: 129
	F27_queue_index: 0
	('CM2CA', 'SW42')_gcl_cycle: 1
	F26_('SW41', 'SW31')_t3_max: 358
	F12_('SW31', 'FCM1')_t4_min: 4499
	F12_('SW21', 'SW31')_t4_min: 4441
	F37_('SW42', 'SW32')_t4_max: 13025
	F6_('SW21', 'SW13')_gc: True
	F29_('SBAND1', 'SW12')_t3_max: 7364
	F38_('SW11', 'SW22')_t3_max: 66
	F28_('SW22', 'SW32')_rr: 0
	F26_('CM1CB', 'SW41')_gc: False
	F10_('SW8', 'SW51')_t5_max: 3795
	F12_jitter: 258
	F20_('SW6', 'SW31')_rr: 0
	F36_('SW32', 'LCM2')_rr: 0
	('DU1', 'SW11')_gcl_cycle: 1
	F22_('SW8', 'SW32')_t4_min: 225
	F14_('SW11', 'DU2')_gc: False
	F3_('SW41', 'SW51')_t5_max: 4830
	F17_queue_index: 0
	F27_('CMRIU1', 'SW21')_gc: False
	F32_('SW8', 'SW52')_t4_max: 297
	F5_('SW32', 'SW22')_t4_min: 997
	F15_('SW21', 'SW11')_t4_min: 176
	F8_queue_index: 0
	F23_('SW21', 'SW14')_t4_max: 15121
	('SW13', 'MIMU3')_gcl_cycle: 1
	F14_('SW42', 'SW32')_t4_min: 44993
	F4_('FCM2', 'SW32')_t3_max: 4928
	F10_('RCM2', 'SW32')_t3_max: 3190
	F32_('FCM1', 'SW31')_t3_max: -123
	F0_('SW41', 'SW31')_rr: 0
	F37_('CM2CB', 'SW42')_gc: False
	F4_('FCM2', 'SW32')_gc: False
	F8_('SW21', 'SW11')_t3_min: 44
	F3_('SW11', 'SW21')_t4_min: 4303
	F23_jitter: 387
	F27_('SW21', 'SW14')_t4_min: 12326
	F8_('StarTr1', 'SW13')_gc: False
	F8_('SW21', 'SW11')_t4_max: 95
	F33_('SW41', 'SW51')_t4_min: 247
	F37_queue_index: 0
	F31_queue_index: 0
	F20_('SW21', 'CMRIU1')_t4_min: 14734
	F3_('DU1', 'SW11')_rr: 0
	F9_('SW31', 'SW21')_rr: 0
	F19_jitter: 129
	('MIMU1', 'SW13')_gcl_cycle: 1
	F3_('SW31', 'SW41')_t4_max: 4570
	F15_('DU4', 'SW14')_rr: 0
	F22_('SW22', 'CMRIU2')_rr: 0
	('SW41', 'CM1CA')_gcl_cycle: 1
	F2_('SW52', 'SW42')_t4_max: 116541
	F31_('MIMU3', 'SW13')_rr: 0
	F1_('SW14', 'SW22')_t3_max: 6835
	F18_('SW31', 'SW6')_t3_max: 31644
	F18_('SW31', 'SW6')_rr: 0
	F22_('SW22', 'CMRIU2')_gc: False
	F31_('SW13', 'SW21')_t3_max: 14208
	F38_('SW22', 'CMRIU2')_t4_min: 121
	F22_('SW8', 'SW32')_t4_max: 483
	F5_('SW32', 'SW22')_gc: True
	F14_('SW32', 'SW22')_tb: 45018
	F2_('SW42', 'SW32')_t4_max: 116734
	('BFCU', 'SW22')_gcl_cycle: 1
	F34_('FCM2', 'SW32')_gc: False
	('SW32', 'SW22')_gcl_cycle: 64000
	('MIMU3', 'SW13')_gcl_cycle: 1
	('SW22', 'SW7')_gcl_cycle: 1
	F0_('SW21', 'SW13')_rr: 2
	F13_('SW13', 'MIMU1')_gc: False
	F9_('SW12', 'SBAND1')_t4_min: 42728
	('SW22', 'SW32')_gcl_cycle: 128000
	F1_('SW14', 'SW22')_t4_min: 6830
	F35_queue_index: 0
	F10_('RCM2', 'SW32')_t3_min: 3314
	F1_('SW52', 'SM2CB')_t4_max: 7663
	F19_('SW13', 'MIMU1')_rr: 0
	F17_('SW14', 'SW22')_t3_max: 652
	F12_('SW31', 'FCM1')_t3_max: 4633
	F37_('SW32', 'SW22')_rr: 4
	F33_('SW31', 'SW41')_t5_min: 245
	F19_('MIMU2', 'SW13')_rr: 0
	F16_('SW41', 'SW51')_t4_min: 81510
	F6_('SBAND1', 'SW12')_gc: False
	F35_('SW14', 'DU5')_gc: False
	F36_queue_index: 0
	('SBAND1', 'SW12')_gcl_length: 0
	F10_('SW51', 'SM1CB')_t4_max: 3926
	F24_('FCM2', 'SW32')_rr: 1
	F22_('SW51', 'SW8')_t4_max: 242
	('SM1CB', 'SW51')_gcl_cycle: 1
	F31_('SW13', 'SW21')_t4_min: 14203
	F12_('MIMU2', 'SW13')_rr: 0
	F7_('SW13', 'SW22')_t4_max: 127217
	F29_('SW12', 'SW22')_gc: False
	F1_('SW52', 'SM2CB')_rr: 0
	F30_('SW32', 'SW8')_t4_min: 1176
	F32_('SW8', 'SW52')_t4_min: 39
	F36_('SW31', 'SW6')_t4_min: 90
	F25_('SW22', 'SW7')_t4_min: 4614
	F16_('CM1CA', 'SW41')_t4_min: 81343
	F5_queue_index: 0
	F15_('DU4', 'SW14')_t3_max: -123
	F16_('SW51', 'SM1CA')_rr: 0
	F34_('SW11', 'DU2')_t4_min: 125083
	('CMRIU1', 'SW21')_gcl_cycle: 1
	('FCM1', 'SW31')_gcl_length: 0
	F15_('SW14', 'SW21')_gc: True
	F1_('DU5', 'SW14')_gc: False
	F20_('SMRIU2', 'SW6')_t3_max: 14361
	F8_('SW21', 'SW11')_t4_min: 95
	F36_('SW31', 'SW6')_gc: False
	F31_('SW31', 'SW41')_t5_min: 14273
	F39_('SW41', 'CM1CA')_t4_max: 203
	F35_('SW21', 'SW14')_t4_min: 56
	F36_('SW6', 'SW32')_gc: False
	F7_('SW13', 'SW22')_t3_max: 127093
	F14_('SW22', 'SW11')_t4_max: 45167
	F37_jitter: 258
	F24_('SW32', 'SW6')_t3_min: 1522
	('MIMU2', 'SW13')_gcl_length: 0
	F25_('BFCU', 'SW22')_t3_max: 4390
	F22_('SW32', 'SW22')_gc: False
	('SW13', 'MIMU3')_gcl_length: 0
	F17_('SW22', 'SW32')_gc: False
	F38_('SW22', 'CMRIU2')_gc: False
	F1_('DU5', 'SW14')_t5_max: 6828
	F12_('MIMU2', 'SW13')_t4_min: 4320
	F7_('SW13', 'SW22')_t4_min: 127088
	F0_('SW31', 'SW21')_t4_max: 1546
	F37_('SW13', 'MIMU3')_tb: 13066
	F32_('SW52', 'SM2CA')_rr: 0
	F34_('SW22', 'SW11')_gc: False
	F25_queue_index: 0
	F30_('SW8', 'SW51')_t4_min: 1256
	F2_('SW52', 'SW42')_t4_min: 116412
	F32_queue_index: 0
	F10_('SW51', 'SM1CB')_t4_min: 3539
	F31_('SW31', 'SW41')_t4_min: 14251
	F3_('SW51', 'SM1CA')_t4_min: 4832
	F0_('SW31', 'SW21')_rr: 0
	F36_('LCM1', 'SW31')_rr: 0
	F22_('SM1CB', 'SW51')_rr: 0
	F14_('SW42', 'SW32')_gc: True
	F38_('SW11', 'SW22')_rr: 0
	F4_('SW6', 'SW31')_gc: False
	F5_('FCM2', 'SW32')_t3_max: 851
	F23_('SW13', 'SW21')_gc: False
	F6_('SBAND1', 'SW12')_rr: 0
	F31_('SW41', 'CM1CA')_rr: 0
	F7_('SW42', 'SW52')_rr: 1
	F21_('SW31', 'RCM1')_rr: 0
	F1_('SW42', 'SW52')_gc: False
	F1_('SW32', 'SW42')_rr: 2
	F12_('SW21', 'SW31')_gc: False
	F11_('SW31', 'SW21')_t4_min: 2996
	('SW31', 'SW41')_gcl_cycle: 64000
	F2_('SW22', 'CMRIU2')_t4_min: 116864
	F6_('SW21', 'SW13')_t4_min: 1331
	('SW11', 'SW22')_gcl_cycle: 1
	F24_('SW32', 'SW6')_t3_max: 1527
	F24_('SW32', 'SW6')_t4_min: 1522
	F9_('SMRIU2', 'SW6')_t3_max: 42078
	F31_('SW21', 'SW31')_t5_min: 14249
	F8_('SW13', 'SW21')_t3_max: 25
	F22_jitter: 516
	F16_('SW41', 'SW51')_gc: True
	('SW13', 'MIMU1')_gcl_cycle: 1
	F18_('SW6', 'SMRIU1')_t4_min: 31691
	F38_('DU1', 'SW11')_rr: 0
	F17_('SW22', 'SW32')_t4_min: 793
	('SW13', 'SW21')_gcl_cycle: 8000
	F37_('SW32', 'SW22')_t4_min: 13042
	F9_('SW21', 'SW12')_t4_max: 42693
	F25_('SW7', 'SW31')_gc: False
	F4_('SW32', 'SW6')_t4_max: 5220
	F7_('SW42', 'SW52')_gc: True
	F26_('SW14', 'DU4')_gc: True
	F22_('SM1CB', 'SW51')_t3_max: -123
	F26_('SW14', 'DU4')_t4_min: 869
	F18_('FCM1', 'SW31')_gc: False
	F35_('SW13', 'SW21')_t4_max: 172
	F10_('SW32', 'SW8')_t4_min: 3389
	F20_('SMRIU2', 'SW6')_t3_min: 14485
	F10_('SW8', 'SW51')_t4_min: 3464
	F4_('SW31', 'FCM1')_rr: 0
	('FCM2', 'SW32')_gcl_cycle: 2000
	F6_('SW21', 'SW13')_t5_min: 1343
	F36_('LCM1', 'SW31')_gc: False
	F4_('SW6', 'SW31')_t4_max: 5389
	F36_jitter: 387
	('SW32', 'SW22')_gcl_length: 78
	F22_('SM1CB', 'SW51')_gc: False
	F25_('SW22', 'SW7')_t4_max: 4743
	F39_queue_index: 0
	F1_('SW22', 'SW32')_t4_max: 7073
	F24_('SW6', 'SMRIU1')_t3_min: 1540
	F17_('SW32', 'FCM2')_gc: True
	F34_('SW32', 'SW22')_gc: False
	('SW22', 'SW13')_gcl_cycle: 32000
	F3_('SW11', 'SW21')_t5_max: 4368
	F14_('CM2CA', 'SW42')_rr: 0
	F29_queue_index: 0
	F36_('SW6', 'SW32')_t4_min: 179
	F11_('SW21', 'SW13')_t4_max: 3073
	F23_('SW13', 'SW21')_t4_min: 14743
	F9_('SW6', 'SW31')_gc: False
	F32_('SW31', 'SW8')_gc: False
	('SW13', 'SW21')_gcl_length: 4
	('SW8', 'SW32')_gcl_cycle: 1
	F11_('SMRIU1', 'SW6')_rr: 0
	('SW21', 'CMRIU1')_gcl_cycle: 1
	('SBAND1', 'SW12')_gcl_cycle: 1
	F8_jitter: 129
	F37_('SW42', 'SW32')_t3_max: 13017
	('SW31', 'RCM1')_gcl_cycle: 1
	('SW12', 'SW21')_gcl_cycle: 1
	F27_('SW14', 'DU4')_t4_min: 12402
	F32_('SW52', 'SM2CA')_t4_min: 58
	F2_('SW52', 'SW42')_gc: False
	F21_('SW41', 'SW31')_gc: False
	F21_('SW31', 'RCM1')_gc: False
	F10_('SW51', 'SM1CB')_tb: 3539
	F29_('SW22', 'BFCU')_gc: False
	F30_('SW51', 'SM1CA')_gc: True
	F34_('FCM2', 'SW32')_rr: 0
	F15_('SW21', 'SW11')_t4_max: 305
	F3_('SW41', 'SW51')_rr: 2
	F7_('SW32', 'SW42')_t4_max: 127558
	F27_('SW21', 'SW14')_rr: 0
	F21_('SW41', 'SW31')_t3_max: 14568
	F15_('DU4', 'SW14')_gc: False
	F13_('SW32', 'SW22')_t3_max: 31018
	('CM1CB', 'SW41')_gcl_cycle: 1
	F22_('SW32', 'SW22')_tb: 337
	F26_('SW14', 'DU4')_t4_max: 869
	F14_('SW32', 'SW22')_gc: True
	F23_('SW21', 'SW14')_t3_min: 14863
	F29_('SBAND1', 'SW12')_gc: False
	F4_('SW31', 'FCM1')_gc: False
	F36_('SW6', 'SW32')_t5_max: 524
	F11_('SW31', 'SW21')_rr: 1
	F15_('SW14', 'SW21')_rr: 1
	F21_('SW41', 'SW31')_t4_min: 14563
	F8_('SW21', 'SW11')_t5_min: 112
	F33_jitter: 0
	F26_('CM1CB', 'SW41')_rr: 0
	F34_('SW22', 'SW11')_rr: 0
	F11_('SW21', 'SW13')_t4_min: 3073
	F31_('SW21', 'SW31')_t4_min: 14227
	F15_('SW14', 'SW21')_t4_max: 91
	F26_('SW41', 'SW31')_rr: 1
	F32_('FCM1', 'SW31')_gc: False
	F31_('SW31', 'SW41')_gc: False
	F31_('SW21', 'SW31')_rr: 0
	F5_jitter: 129
	F17_('SW14', 'SW22')_t4_min: 775
	F25_('SW22', 'SW7')_rr: 0
	F35_('MIMU2', 'SW13')_t3_max: -94
	F20_('SW21', 'CMRIU1')_gc: False
	F9_('SW12', 'SBAND1')_t3_min: 42728
	F9_('SW21', 'SW12')_t4_min: 42693
	F10_('SW32', 'SW8')_t3_max: 3394
	F19_queue_index: 0
	F14_('SW11', 'DU2')_rr: 0
	F26_('SW31', 'SW21')_gc: True
	F14_('SW42', 'SW32')_t3_max: 44993
	F31_('SW13', 'SW21')_t4_max: 14332
	F7_('SW42', 'SW52')_tb: 127666
	F15_('DU4', 'SW14')_t4_max: 1
	F1_('SW32', 'SW42')_t4_max: 7187
	F32_('SW31', 'SW8')_t4_max: 149
	F33_('SW41', 'SW51')_t3_max: 510
	F12_('MIMU2', 'SW13')_tb: 4320
	F7_('SW32', 'SW42')_t4_min: 127558
	F30_('SW51', 'SM1CA')_t4_min: 1470
	F27_('SW21', 'SW14')_t3_max: 12331
	F4_jitter: 258
	F25_('SW7', 'SW31')_t4_max: 4972
	F20_queue_index: 0
	F15_('SW11', 'DU1')_t4_min: 395
	F11_('SMRIU1', 'SW6')_gc: False
	F6_('SW12', 'SW21')_t5_min: 1195
	F18_('SW6', 'SMRIU1')_rr: 0
	F0_('SW41', 'SW31')_t4_min: 1232
	F24_('SW32', 'SW6')_gc: False
	F14_queue_index: 0
	F1_('SW22', 'SW32')_t4_min: 7073
	('SW11', 'DU2')_gcl_cycle: 1
	F10_('SW8', 'SW51')_gc: False
	F0_jitter: 129
	F26_('SW21', 'SW14')_t4_max: 781
	F36_('SW32', 'LCM2')_gc: False
	F35_('MIMU2', 'SW13')_gc: False
	F21_('SW41', 'SW31')_rr: 0
	('SW14', 'DU5')_gcl_cycle: 1
	F6_('SW12', 'SW21')_t4_max: 1312
	F28_('SW14', 'SW22')_t3_min: 107
	F20_('SW31', 'SW21')_gc: False
	F24_('SW32', 'SW6')_t4_max: 1651
	F1_('SW42', 'SW52')_tb: 7296
	F31_jitter: 516
	('LCM1', 'SW31')_gcl_cycle: 1
	F34_queue_index: 0
	F4_('SW32', 'SW6')_rr: 1
	F2_('SW22', 'CMRIU2')_rr: 0
	F33_('SW41', 'SW51')_t4_max: 634
	('SW41', 'SW31')_gcl_cycle: 2000
	F6_jitter: 129
	F18_queue_index: 0
	F5_('SW32', 'SW22')_rr: 32
	F8_('SW21', 'SW11')_rr: 1
	F3_queue_index: 0
	F11_('SW6', 'SW31')_t4_min: 2919
	F13_('SW22', 'SW13')_t4_min: 31209
	F35_('SW21', 'SW14')_t4_max: 314
	F26_('SW14', 'DU4')_rr: 1
	F31_('SW21', 'SW31')_gc: False
	F2_('SW52', 'SW42')_rr: 0
	F6_('SW12', 'SW21')_t3_max: 1188
	F7_('SW22', 'SW32')_rr: 1
	F28_('DU5', 'SW14')_t3_min: 1
	('SMRIU1', 'SW6')_gcl_cycle: 1
	F28_queue_index: 0
	F0_('SW21', 'SW13')_gc: True
	F9_('SW12', 'SBAND1')_rr: 0
	F38_('SW11', 'SW22')_t4_max: 190
	F35_('SW13', 'SW21')_gc: False
	F3_('SW31', 'SW41')_t4_min: 4570
	F23_('SW14', 'DU4')_t4_min: 14983
	F15_('SW14', 'SW21')_t4_min: 91
	F1_('SW42', 'SW52')_t4_max: 7425
	F12_('MIMU2', 'SW13')_gc: False
	F3_('SW21', 'SW31')_t4_min: 4375
	F30_('FCM2', 'SW32')_t3_min: 1091
	F20_('SW31', 'SW21')_tb: 14651
	F22_('SW8', 'SW32')_rr: 0
	F13_('SW22', 'SW13')_gc: True
	F13_('SW32', 'SW22')_gc: True
	F7_('SW32', 'SW42')_gc: True
	F10_('RCM2', 'SW32')_rr: 0
	F33_('SW51', 'SM1CA')_rr: 1
	F1_('SW42', 'SW52')_rr: 0
	F2_('SM2CA', 'SW52')_t3_max: 116223
	F23_('SW21', 'SW14')_tb: 14863
	F9_('SW21', 'SW12')_tb: 42693
	('SW42', 'SW52')_gcl_cycle: 128000
	F2_('SW52', 'SW42')_t3_max: 116417
	('SW12', 'SBAND1')_gcl_cycle: 1
	('SW7', 'SW31')_gcl_cycle: 1
	F16_('CM1CA', 'SW41')_rr: 0
	F7_('SW22', 'SW32')_t4_min: 127450
	('SW32', 'SW6')_gcl_cycle: 8000
	F2_('SW22', 'CMRIU2')_gc: False
	F21_('SW41', 'SW31')_t4_max: 14692
	F2_('SW32', 'SW22')_t4_min: 116799
	F13_('SW32', 'SW22')_t4_min: 31018
	F3_('SW11', 'SW21')_gc: True
	F22_('SW51', 'SW8')_gc: False
	F10_('RCM2', 'SW32')_t4_min: 3314
	F11_('SW6', 'SW31')_t3_max: 2919
	F37_('CM2CB', 'SW42')_t3_max: 12876
	F1_('SW32', 'SW42')_gc: True
	F13_queue_index: 0
	F3_('DU1', 'SW11')_gc: False
	F23_('SW14', 'DU4')_t3_max: 15246
	('FCM1', 'SW31')_gcl_cycle: 1
	F2_('SW42', 'SW32')_t4_min: 116734
	F7_('SW52', 'SM2CB')_t4_min: 127769
	F35_('SW14', 'DU5')_rr: 0
	F14_('SW42', 'SW32')_t3_min: 44988
	F7_('SW13', 'SW22')_tb: 127088
	F39_('SW41', 'CM1CA')_gc: False
	('DU5', 'SW14')_gcl_cycle: 1
	F11_jitter: 129
	F29_('SW22', 'BFCU')_rr: 0
	F27_('SW21', 'SW14')_t3_min: 12326
	('SW52', 'SW42')_gcl_cycle: 1
	F14_('SW22', 'SW11')_t4_min: 45038
	F7_('MIMU1', 'SW13')_t3_min: 126985
	F21_('SW31', 'RCM1')_t4_min: 14663
	F1_('DU5', 'SW14')_rr: 0
	F33_('SW6', 'SW31')_gc: False
	('StarTr2', 'SW13')_gcl_cycle: 1
	F15_('SW14', 'SW21')_t5_min: 174
	F27_jitter: 258
	('SW21', 'SW31')_gcl_cycle: 64000
	F3_('SW31', 'SW41')_t5_min: 4635
	F12_('SW13', 'SW21')_gc: True
	F23_('SW21', 'SW14')_t4_min: 14863
	F11_('SW21', 'SW13')_rr: 1
	F10_('SW8', 'SW51')_rr: 0
	F36_('LCM1', 'SW31')_t3_max: -123
	F26_queue_index: 0
	F1_('SW32', 'SW42')_t4_min: 7187
	F4_queue_index: 0
	F18_('FCM1', 'SW31')_rr: 0
	F25_('BFCU', 'SW22')_rr: 0
	F8_('SW13', 'SW21')_gc: True
	F7_('SW32', 'SW42')_rr: 1
	('SW13', 'SW22')_gcl_cycle: 1
	F32_('SW8', 'SW52')_gc: False
	F1_('SW52', 'SM2CB')_t3_min: 7405
	F7_('MIMU1', 'SW13')_t3_max: 126861
	F7_('MIMU1', 'SW13')_rr: 0
	F37_('SW42', 'SW32')_rr: 8
	F35_('SW14', 'DU5')_t4_min: 69
	F10_queue_index: 0
	F25_('BFCU', 'SW22')_gc: False
	F24_('FCM2', 'SW32')_gc: True
	F20_('SW31', 'SW21')_t4_min: 14651
	F35_('SW13', 'SW21')_rr: 0
	F20_('SW31', 'SW21')_rr: 0
	F38_('SW11', 'SW22')_gc: False
	('SW8', 'SW52')_gcl_cycle: 1
	F2_('SM2CA', 'SW52')_rr: 0
	F0_('SW41', 'SW31')_t3_max: 1237
	F33_('SMRIU1', 'SW6')_t3_max: -123
	F7_('SW13', 'SW22')_rr: 0
	F10_('SW32', 'SW8')_t4_max: 3518
	F20_('SW6', 'SW31')_t4_min: 14568
	F35_('SW13', 'SW21')_t5_min: 54
	F35_('SW14', 'DU5')_t3_max: 332
	F18_('SW31', 'SW6')_t5_max: 31818
	F31_('SW41', 'CM1CA')_gc: False
	F39_('CM1CB', 'SW41')_rr: 0
	F7_('SW42', 'SW52')_t3_max: 127666
	F25_('SW31', 'FCM1')_rr: 0
	F30_queue_index: 0
	F17_jitter: 0
	F35_('SW21', 'SW14')_t5_min: 67
	F16_('CM1CA', 'SW41')_gc: False
	F0_('SW21', 'SW13')_t4_min: 1730
	F9_queue_index: 0
	F13_('SW32', 'SW22')_t4_max: 31018
	('SW13', 'StarTr1')_gcl_cycle: 1
	F30_('SW32', 'SW8')_rr: 1
	F20_('SW21', 'CMRIU1')_rr: 0
	F4_('SW32', 'SW6')_t3_max: 5097
	('SW14', 'SW22')_gcl_cycle: 2000
	F35_('SW13', 'SW21')_t4_min: 43
	F37_('SW13', 'MIMU3')_t4_min: 13066
	F14_('SW42', 'SW32')_t4_max: 44993
	F26_('SW31', 'SW21')_rr: 2
	F25_('SW22', 'SW7')_tb: 4614
	F2_('SW42', 'SW32')_gc: True
	F36_('SW6', 'SW32')_t4_max: 437
	('SW32', 'SW42')_gcl_cycle: 128000
	('SW31', 'SW21')_gcl_cycle: 4000
	F25_('SW7', 'SW31')_rr: 0
	F38_('SW11', 'SW22')_tb: 61
	F13_('SW22', 'SW13')_t4_max: 31209
	F22_('SM1CB', 'SW51')_t5_min: 111
	F27_('SW21', 'SW14')_gc: False
	F20_('SMRIU2', 'SW6')_t5_min: 14566
	F13_('SW13', 'MIMU1')_t5_max: 31462
	F13_('SW13', 'MIMU1')_t4_min: 31272
	('SM2CA', 'SW52')_gcl_cycle: 1
	F13_('SW32', 'SW22')_t3_min: 31013
	F35_('SW21', 'SW14')_rr: 0
	F20_('SW6', 'SW31')_gc: False
	F34_('FCM2', 'SW32')_t3_max: 124914
	F8_('StarTr1', 'SW13')_tb: 1
	F1_queue_index: 0
	F29_('SBAND1', 'SW12')_rr: 0
	F30_('FCM2', 'SW32')_t3_max: 967
	F31_('SW31', 'SW41')_t4_max: 14638
	F29_('SW22', 'BFCU')_t4_min: 7658
	F22_('SW32', 'SW22')_rr: 0
	F2_jitter: 258
	('SW6', 'SMRIU1')_gcl_cycle: 2000
	F31_('SW31', 'SW41')_tb: 14251
	F13_('RCM2', 'SW32')_gc: False
	('SW22', 'BFCU')_gcl_cycle: 1
	F16_jitter: 129
	F31_('SW41', 'CM1CA')_t4_min: 14275
	F23_('SW13', 'SW21')_t3_max: 14748
	F30_('SW51', 'SM1CA')_rr: 4
	F9_('SW6', 'SW31')_t3_max: 42242
	F17_('SW32', 'FCM2')_t4_min: 945
	F20_('SMRIU2', 'SW6')_gc: False
	('CM2CB', 'SW42')_gcl_length: 0
	F16_('SW41', 'SW51')_t4_max: 81510
	F34_('SW32', 'SW22')_t4_max: 125182
	F23_('StarTr2', 'SW13')_gc: False
	F7_('SW22', 'SW32')_t4_max: 127450
	F12_('SW21', 'SW31')_t4_max: 4570
	F30_('SW8', 'SW51')_t4_max: 1385
	F1_('SW22', 'SW32')_gc: True
	F22_('SM1CB', 'SW51')_tb: 1
	F23_('StarTr2', 'SW13')_t3_max: 14499
	('SW31', 'SW6')_gcl_cycle: 1
	('SW52', 'SM2CB')_gcl_cycle: 1
	F36_('SW31', 'SW6')_rr: 0
	F3_('SW41', 'SW51')_t4_max: 4765
	F17_('DU5', 'SW14')_gc: False
	F24_queue_index: 0
	F10_('SW51', 'SM1CB')_rr: 0
	F22_('SW22', 'CMRIU2')_t4_min: 449
	F15_('SW21', 'SW11')_rr: 0
	('StarTr1', 'SW13')_gcl_cycle: 1
	F6_('SW13', 'StarTr1')_t4_min: 1345
	F38_('SW22', 'CMRIU2')_rr: 0
	F33_('SW6', 'SW31')_rr: 0
	F20_('SMRIU2', 'SW6')_tb: 14485
	F18_('SW6', 'SMRIU1')_t5_max: 31999
	F6_('SW21', 'SW13')_tb: 1331
	F31_('MIMU3', 'SW13')_t5_max: 14201
	F30_('SW8', 'SW51')_t5_min: 1334
	F19_('MIMU2', 'SW13')_t3_min: 28211
	F39_('SW41', 'CM1CA')_t5_max: 274
	F2_('SW32', 'SW22')_t3_min: 116799
	F17_('SW22', 'SW32')_t5_max: 938
	F9_('SW31', 'SW21')_t5_min: 42305
	F13_('RCM2', 'SW32')_tb: 30950
	F12_('SW31', 'FCM1')_t5_min: 4555
	F38_('DU1', 'SW11')_t5_min: 59
	F30_('FCM2', 'SW32')_t5_max: 1169
	F26_('SW41', 'SW31')_t5_max: 562
	F1_('SW22', 'SW32')_t5_min: 7180
	F33_('SW6', 'SW31')_t3_min: 83
	F38_('SW11', 'SW22')_t3_min: 61
	F24_('SW32', 'SW6')_t5_max: 1667
	F31_('SW41', 'CM1CA')_t5_max: 14813
	F9_('SW12', 'SBAND1')_t3_max: 42733
	F17_('DU5', 'SW14')_t5_min: 645
	F30_('SW32', 'SW8')_tb: 1176
	F14_('SW11', 'DU2')_t3_max: 45192
	F14_('CM2CA', 'SW42')_t5_min: 44986
	F11_('SW13', 'StarTr1')_t5_max: 3344
	F36_('SW31', 'SW6')_t3_min: 90
	F32_('SW8', 'SW52')_t5_min: 56
	F13_('SW13', 'MIMU1')_tb: 31272
	F29_('SW22', 'BFCU')_t3_max: 7792
	F3_('SW51', 'SM1CA')_t3_min: 4832
	F28_('SW22', 'SW32')_t3_min: 213
	F1_('SW22', 'SW32')_tb: 7073
	F38_('DU1', 'SW11')_t4_max: 1
	F12_('SW21', 'SW31')_t5_max: 4626
	F7_('SW52', 'SM2CB')_tb: 127769
	F10_('SW32', 'SW8')_tb: 3389
	F35_('MIMU2', 'SW13')_t4_min: 30
	F36_('SW32', 'LCM2')_t3_min: 268
	F31_('SW41', 'CM1CA')_t4_max: 14791
	F37_('CM2CB', 'SW42')_tb: 13000
	F22_('SW22', 'CMRIU2')_tb: 449
	F2_('SW42', 'SW32')_t5_min: 116797
	F22_('SW32', 'SW22')_t5_max: 834
	F0_('SW41', 'SW31')_t5_min: 1286
	F1_('SW14', 'SW22')_t3_min: 6830
	F22_('SW8', 'SW32')_t3_max: 359
	F24_('SW6', 'SMRIU1')_tb: 1674
	F1_('SW32', 'SW42')_t5_min: 7294
	F0_('CM1CA', 'SW41')_t4_min: 1176
	F16_('SW51', 'SM1CA')_t5_min: 81586
	F0_('CM1CA', 'SW41')_t4_max: 1176
	F38_('SW11', 'SW22')_t5_min: 119
	F26_('CM1CB', 'SW41')_tb: 270
	F8_('SW21', 'SW11')_t3_max: 49
	F25_('BFCU', 'SW22')_t4_max: 4514
	('CMRIU1', 'SW21')_gcl_length: 0
	F5_('SW22', 'BFCU')_tb: 1014
	F22_('SW8', 'SW32')_t5_max: 593
	F31_('SW31', 'SW41')_t3_max: 14514
	F35_('SW14', 'DU5')_tb: 69
	F2_('SW32', 'SW22')_t5_max: 116991
	F22_('SW32', 'SW22')_t3_max: 600
	F3_('SW51', 'SM1CA')_t5_max: 5026
	F33_('SW6', 'SW31')_tb: 83
	F20_('SW21', 'CMRIU1')_t4_max: 15121
	F8_('SW21', 'SW11')_t5_max: 112
	F26_('CM1CB', 'SW41')_t3_min: 270
	F15_('SW11', 'DU1')_t4_max: 395
	F3_('SW21', 'SW31')_t3_max: 4375
	F14_('CM2CA', 'SW42')_t3_min: 44968
	F37_('CM2CB', 'SW42')_t3_min: 13000
	F16_('SW51', 'SM1CA')_t3_max: 81554
	F0_('SW13', 'MIMU3')_tb: 1786
	F14_('SW42', 'SW32')_t5_max: 45011
	F10_('SW8', 'SW51')_t3_min: 3464
	F24_('FCM2', 'SW32')_tb: 1504
	F36_('SW31', 'SW6')_t5_min: 177
	F9_('SW31', 'SW21')_tb: 42272
	F4_('FCM2', 'SW32')_tb: 5052
	F34_('SW11', 'DU2')_t3_min: 125083
	F29_('SBAND1', 'SW12')_t3_min: 7488
	F33_('SW41', 'SW51')_t5_min: 327
	F12_('SW21', 'SW31')_tb: 4441
	F33_('SW51', 'SM1CA')_tb: 846
	F28_('DU5', 'SW14')_t5_max: 105
	F20_('SW31', 'SW21')_t3_max: 14785
	F10_('SW32', 'SW8')_t5_max: 3591
	('SW41', 'SW51')_gcl_length: 6
	F14_('SW11', 'DU2')_tb: 45058
	F0_('SW41', 'SW31')_t3_min: 1232
	F34_('FCM2', 'SW32')_t3_min: 125038
	F6_('SBAND1', 'SW12')_t5_max: 1181
	F28_('SW22', 'SW32')_t3_max: 347
	F27_('SW21', 'SW14')_t5_max: 12529
	F2_('SM2CA', 'SW52')_t5_max: 116410
	F0_('SW13', 'MIMU3')_t5_max: 1969
	F15_('SW11', 'DU1')_t5_min: 478
	F13_('SW22', 'SW13')_t3_max: 31086
	F11_('SW6', 'SW31')_t5_max: 2989
	('SW8', 'SW51')_gcl_length: 0
	F17_('SW32', 'FCM2')_tb: 945
	F28_('SW32', 'FCM2')_tb: 319
	F7_('SW13', 'SW22')_t3_min: 127088
	('SW31', 'FCM1')_gcl_length: 0
	F27_('SW21', 'SW14')_t5_min: 12400
	F33_('SW6', 'SW31')_t5_min: 163
	('StarTr2', 'SW13')_gcl_length: 0
	('SW12', 'SW21')_gcl_length: 0
	F35_('SW21', 'SW14')_t3_min: 56
	F34_('SW22', 'SW11')_t3_min: 125068
	F7_('MIMU1', 'SW13')_tb: 126985
	F0_('SW31', 'SW21')_t3_max: 1422
	F8_('StarTr1', 'SW13')_t4_min: 1
	F20_('SW31', 'SW21')_t5_min: 14732
	F33_('SW51', 'SM1CA')_t4_max: 846
	F11_('SW13', 'StarTr1')_t5_min: 3215
	F6_('SW13', 'StarTr1')_t5_min: 1357
	F7_('SW42', 'SW52')_t5_max: 127767
	F19_('MIMU2', 'SW13')_t4_min: 28211
	F34_('SW22', 'SW11')_t5_max: 125339
	F31_('SW41', 'CM1CA')_tb: 14275
	F21_('SW41', 'SW31')_t5_min: 14661
	F12_('SW13', 'SW21')_t5_min: 4439
	F9_('SMRIU2', 'SW6')_t4_min: 42202
	F3_('SW31', 'SW41')_t3_min: 4442
	F13_('RCM2', 'SW32')_t4_min: 30950
	('SW21', 'SW13')_gcl_length: 10
	F34_('SW32', 'SW22')_t3_min: 125053
	F32_('FCM1', 'SW31')_t4_min: 1
	('SW21', 'SW31')_gcl_length: 2
	F30_('SW51', 'SM1CA')_t5_min: 1548
	F9_('SW31', 'SW21')_t3_max: 42406
	F32_('SW52', 'SM2CA')_t3_max: 321
	F7_('MIMU1', 'SW13')_t4_max: 126985
	F32_('SW8', 'SW52')_t3_max: 173
	F13_('SW13', 'MIMU1')_t4_max: 31401
	F33_('SMRIU1', 'SW6')_t5_min: 81
	F37_('CM2CB', 'SW42')_t5_min: 13010
	F24_('FCM2', 'SW32')_t3_min: 1504
	F28_('SW14', 'SW22')_t5_min: 211
	F36_('SW32', 'LCM2')_t5_min: 355
	F28_('DU5', 'SW14')_t4_min: 1
	F1_('DU5', 'SW14')_tb: 6721
	F20_('SW6', 'SW31')_t5_max: 14778
	F9_('SW6', 'SW31')_t3_min: 42237
	F25_('BFCU', 'SW22')_t4_min: 4514
	F37_('SW32', 'SW22')_t3_max: 13042
	F21_('CM1CB', 'SW41')_t4_max: 14463
	F16_('SW41', 'SW51')_t5_min: 81547
	F24_('SW6', 'SMRIU1')_t5_min: 1690
	F11_('SW21', 'SW13')_t5_max: 3143
	F31_('SW13', 'SW21')_t5_min: 14225
	F9_('SW12', 'SBAND1')_t5_max: 42890
	F20_('SW31', 'SW21')_t5_max: 14990
	F22_('SW8', 'SW32')_t3_min: 225
	F24_('FCM2', 'SW32')_t4_max: 1504
	('SMRIU1', 'SW6')_gcl_length: 0
	F30_('FCM2', 'SW32')_t5_min: 1169
	('SW6', 'SMRIU1')_gcl_length: 2
	F9_('SW21', 'SW12')_t5_max: 42726
	F26_('SW14', 'DU4')_t3_min: 735
	F15_('SW14', 'SW21')_t3_min: 86
	F15_('DU4', 'SW14')_t5_min: 84
	F34_('FCM2', 'SW32')_t5_min: 125051
	F26_('SW41', 'SW31')_t3_min: 353
	F37_('SW13', 'MIMU3')_t3_max: 13200
	('SMRIU2', 'SW6')_gcl_length: 0
	F11_('SW21', 'SW13')_t3_max: 3073
	F8_('SW13', 'SW21')_t3_min: 20
	F31_('SW31', 'SW41')_t5_max: 14660
	F31_('MIMU3', 'SW13')_t4_min: 14179
	F35_('SW14', 'DU5')_t5_max: 467
	F3_('SW41', 'SW51')_t3_max: 4642
	('SW22', 'SW7')_gcl_length: 0
	F29_('SW12', 'SW22')_t5_max: 7785
	F29_('SW22', 'BFCU')_t4_max: 7916
	F15_('SW21', 'SW11')_t5_min: 259
	F33_('SMRIU1', 'SW6')_tb: 1
	F35_('SW13', 'SW21')_t5_max: 183
	F24_('FCM2', 'SW32')_t5_min: 1520
	('SW22', 'SW13')_gcl_length: 2
	F13_('SW32', 'SW22')_tb: 31018
	F13_('SW13', 'MIMU1')_t3_max: 31277
	F32_('SW31', 'SW8')_t5_min: 37
	('MIMU1', 'SW13')_gcl_length: 0
	('SW52', 'SM2CA')_gcl_length: 0
	F28_('SW14', 'SW22')_tb: 107
	F0_('SW31', 'SW21')_tb: 1288
	F36_('LCM1', 'SW31')_tb: 1
	F23_('StarTr2', 'SW13')_t5_max: 14741
	F14_('SW22', 'SW11')_t5_min: 45056
	('SW41', 'CM1CA')_gcl_length: 0
	('DU1', 'SW11')_gcl_length: 0
	F5_('FCM2', 'SW32')_t3_min: 975
	F9_('SMRIU2', 'SW6')_t5_max: 42235
	F37_('SW13', 'MIMU3')_t5_max: 13334
	F1_('SW32', 'SW42')_t3_min: 7182
	F22_('SW22', 'CMRIU2')_t3_min: 449
	F38_('DU1', 'SW11')_t4_min: 1
	F29_('SW12', 'SW22')_t5_min: 7656
	F23_('SW21', 'SW14')_t5_max: 15239
	F0_('SW13', 'MIMU3')_t3_min: 1786
	('FCM2', 'SW32')_gcl_length: 2
	F5_('SW22', 'BFCU')_t5_max: 1158
	F4_('SW31', 'FCM1')_t4_max: 5558
	F12_('SW31', 'FCM1')_tb: 4499
	F32_('SW8', 'SW52')_t3_min: 39
	F31_('MIMU3', 'SW13')_t4_max: 14179
	('SW42', 'SW32')_gcl_length: 22
	F2_('SW52', 'SW42')_t3_min: 116412
	F11_('SW6', 'SW31')_t3_min: 2914
	F3_('DU1', 'SW11')_t5_max: 4296
	('SW51', 'SM1CB')_gcl_length: 0
	F37_('SW22', 'SW13')_t5_min: 13064
	F30_('SW51', 'SM1CA')_t3_max: 1470
	F15_('DU4', 'SW14')_t4_min: 1
	F25_('SW31', 'FCM1')_t5_max: 5299
	('SW12', 'SW22')_gcl_length: 0
	F30_('FCM2', 'SW32')_t4_max: 1091
	F16_('SW51', 'SM1CA')_tb: 81549
	F36_('SW32', 'LCM2')_t5_max: 742
	F22_('SM1CB', 'SW51')_t4_max: 1
	F6_('SW13', 'StarTr1')_t3_max: 1350
	F27_('CMRIU1', 'SW21')_t5_max: 12324
	F14_('SW11', 'DU2')_t4_max: 45316
	F22_('SM1CB', 'SW51')_t3_min: 1
	F15_('SW11', 'DU1')_t5_max: 478
	F7_('SW22', 'SW32')_tb: 127450
	F32_('SW8', 'SW52')_t5_max: 314
	F32_('SW8', 'SW52')_tb: 39
	F30_('SW32', 'SW8')_t5_min: 1254
	F13_('SW32', 'SW22')_t5_min: 31079
	F28_('SW32', 'FCM2')_t5_min: 423
	('SW32', 'SW42')_gcl_length: 6
	F21_('CM1CB', 'SW41')_t5_min: 14561
	F14_('SW22', 'SW11')_t5_max: 45185
	F3_('SW21', 'SW31')_tb: 4375
	F34_('SW11', 'DU2')_t3_max: 125346
	F3_('SW41', 'SW51')_t5_min: 4830
	F18_('SW31', 'SW6')_t3_min: 31639
	F25_('SW7', 'SW31')_t5_min: 4812
	F4_('SW32', 'SW6')_t5_max: 5258
	F8_('StarTr1', 'SW13')_t4_max: 1
	F2_('SW22', 'CMRIU2')_t3_max: 116998
	F27_('CMRIU1', 'SW21')_tb: 12250
	F10_('RCM2', 'SW32')_tb: 3314
	F33_('SMRIU1', 'SW6')_t4_min: 1
	F4_('SW6', 'SW31')_t5_min: 5298
	F31_('MIMU3', 'SW13')_t5_min: 14201
	F21_('CM1CB', 'SW41')_t3_min: 14463
	F15_('SW11', 'DU1')_t3_min: 261
	F14_('SW11', 'DU2')_t3_min: 45058
	F14_('SW42', 'SW32')_t5_min: 45011
	F26_('SW31', 'SW21')_tb: 569
	F8_('SW11', 'DU1')_t4_max: 243
	F39_('SW41', 'CM1CA')_t3_min: 74
	F30_('SW32', 'SW8')_t5_max: 1254
	F39_('CM1CB', 'SW41')_t3_min: 1
	F29_('SW22', 'BFCU')_t5_min: 7741
	F27_('SW21', 'SW14')_tb: 12326
	F5_('FCM2', 'SW32')_t4_min: 975
	F20_('SW21', 'CMRIU1')_tb: 14734
	F14_('SW42', 'SW32')_tb: 44993
	F1_('SW42', 'SW52')_t3_min: 7296
	F7_('SW22', 'SW32')_t3_min: 127191
	F12_('SW13', 'SW21')_tb: 4383
	F27_('CMRIU1', 'SW21')_t4_min: 12250
	F17_('SW32', 'FCM2')_t4_max: 945
	F36_('SW6', 'SW32')_t3_max: 313
	F18_('SW6', 'SMRIU1')_t3_max: 31825
	F10_('SW8', 'SW51')_t3_max: 3598
	F37_('SW22', 'SW13')_tb: 13054
	F9_('SW12', 'SBAND1')_tb: 42728
	F31_('SW21', 'SW31')_t3_min: 14227
	('SW32', 'FCM2')_gcl_length: 2
	('SW22', 'SW32')_gcl_length: 6
	F16_('SW51', 'SM1CA')_t5_max: 81715
	F2_('SM2CA', 'SW52')_tb: 116347
	F1_('SW42', 'SW52')_t5_min: 7403
	F5_('FCM2', 'SW32')_t4_max: 975
	F6_('SBAND1', 'SW12')_t4_min: 1169
	F33_('SW31', 'SW41')_tb: 165
	F27_('CMRIU1', 'SW21')_t4_max: 12250
	F14_('SW32', 'SW22')_t5_min: 45036
	('SW52', 'SM2CB')_gcl_length: 0
	F5_('SW22', 'BFCU')_t3_max: 1019
	F17_('SW32', 'FCM2')_t5_max: 961
	F3_('SW11', 'SW21')_tb: 4303
	F7_('SW22', 'SW32')_t5_max: 127551
	F11_('SW13', 'StarTr1')_t3_min: 3145
	F25_('SW7', 'SW31')_t3_max: 4848
	F15_('DU4', 'SW14')_tb: 1
	F19_('SW13', 'MIMU1')_t3_min: 28321
	F3_('SW11', 'SW21')_t3_min: 4298
	F2_('SW42', 'SW32')_t3_max: 116611
	('SW6', 'SW31')_gcl_length: 2
	F0_('CM1CA', 'SW41')_t3_min: 1176
	('SW11', 'SW22')_gcl_length: 0
	F30_('SW51', 'SM1CA')_t3_min: 1336
	F22_('SW32', 'SW22')_t5_min: 447
	F8_('SW13', 'SW21')_t5_min: 42
	F25_('BFCU', 'SW22')_t5_min: 4612
	F23_('SW13', 'SW21')_t5_min: 14861
	F6_('SW12', 'SW21')_t3_min: 1183
	F0_('SW41', 'SW31')_t5_max: 1415
	F39_('CM1CB', 'SW41')_t5_max: 72
	F25_('SW31', 'FCM1')_t3_max: 5077
	F7_('SW42', 'SW52')_t3_min: 127661
	F35_('SW21', 'SW14')_t3_max: 190
	F14_('SW22', 'SW11')_tb: 45038
	F9_('SW6', 'SW31')_t5_max: 42399
	F2_('SW42', 'SW32')_tb: 116734
	F11_('SW6', 'SW31')_tb: 2919
	F7_('SW32', 'SW42')_t5_min: 127659
	F23_('StarTr2', 'SW13')_t4_min: 14623
	F4_('SW6', 'SW31')_t3_min: 5260
	F9_('SW6', 'SW31')_t5_min: 42270
	F31_('SW41', 'CM1CA')_t3_min: 14275
	F8_('SW21', 'SW11')_tb: 95
	F35_('MIMU2', 'SW13')_t4_max: 30
	F32_('FCM1', 'SW31')_t4_max: 1
	F18_('FCM1', 'SW31')_t5_max: 31637
	F23_('SW14', 'DU4')_tb: 14983
	F28_('SW14', 'SW22')_t5_max: 340
	F36_('SW6', 'SW32')_tb: 179
	F11_('SW31', 'SW21')_t5_max: 3066
	('SW11', 'DU2')_gcl_length: 0
	F36_('SW31', 'SW6')_tb: 90
	F1_('SW52', 'SM2CB')_t3_max: 7539
	F23_('SW13', 'SW21')_tb: 14743
	F36_('SW32', 'LCM2')_t3_max: 531
	F0_('SW31', 'SW21')_t3_min: 1288
	F7_('SW22', 'SW32')_t5_min: 127551
	F20_('SMRIU2', 'SW6')_t5_max: 14566
	F19_('MIMU2', 'SW13')_t4_max: 28211
	('SW6', 'SW32')_gcl_length: 0
	F22_('SW32', 'SW22')_t3_min: 337
	('SW8', 'SW32')_gcl_length: 0
	F17_('SW14', 'SW22')_tb: 775
	F11_('SMRIU1', 'SW6')_tb: 2842
	F10_('RCM2', 'SW32')_t5_max: 3387
	F30_('SW8', 'SW51')_t3_min: 1256
	F13_('SW13', 'MIMU1')_t5_min: 31333
	F2_('SW52', 'SW42')_t5_min: 116475
	F21_('CM1CB', 'SW41')_tb: 14463
	F22_('SM1CB', 'SW51')_t4_min: 1
	F4_('FCM2', 'SW32')_t5_max: 5090
	F2_('SW22', 'CMRIU2')_t3_min: 116864
	F9_('SMRIU2', 'SW6')_t3_min: 42202
	F27_('SW14', 'DU4')_t3_max: 12536
	F3_('DU1', 'SW11')_t3_min: 4231
	F10_('SW32', 'SW8')_t3_min: 3389
	('SW7', 'SW31')_gcl_length: 0
	F12_('MIMU2', 'SW13')_t5_min: 4376
	F32_('SW52', 'SM2CA')_t3_min: 58
	F6_('SBAND1', 'SW12')_t4_max: 1169
	F16_('CM1CA', 'SW41')_t5_max: 81380
	F9_('SMRIU2', 'SW6')_t4_max: 42202
	F29_('SBAND1', 'SW12')_tb: 7488
	F19_('SW13', 'MIMU1')_t5_min: 28429
	F4_('SW31', 'FCM1')_t5_max: 5596
	('SW22', 'CMRIU2')_gcl_length: 0
	('LCM1', 'SW31')_gcl_length: 0
	F11_('SW21', 'SW13')_t3_min: 3068
	F15_('SW14', 'SW21')_t5_max: 174
	F3_('SW21', 'SW31')_t3_min: 4370
	F3_('SW31', 'SW41')_tb: 4570
	F6_('SW21', 'SW13')_t3_max: 1331
	F3_('SW41', 'SW51')_tb: 4765
	F25_('BFCU', 'SW22')_tb: 4514
	F3_('SW21', 'SW31')_t5_min: 4440
	F26_('SW21', 'SW14')_tb: 652
	F23_('StarTr2', 'SW13')_tb: 14623
	F7_('MIMU1', 'SW13')_t4_min: 126985
	F18_('FCM1', 'SW31')_t5_min: 31637
	F36_('SW6', 'SW32')_t3_min: 179
	F30_('SW8', 'SW51')_t5_max: 1463
	F14_('SW32', 'SW22')_t3_max: 45018
	F23_('SW14', 'DU4')_t5_min: 15101
	F34_('SW22', 'SW11')_tb: 125068
	F5_('SW32', 'SW22')_t5_min: 1012
	F15_('SW14', 'SW21')_tb: 91
	F4_('SW6', 'SW31')_tb: 5260
	F25_('SW22', 'SW7')_t5_max: 4841
	F27_('SW14', 'DU4')_t4_max: 12660
	F12_('MIMU2', 'SW13')_t5_max: 4376
	F17_('DU5', 'SW14')_t4_min: 629
	F9_('SW6', 'SW31')_tb: 42237
	('SW12', 'SBAND1')_gcl_length: 0
	F26_('SW21', 'SW14')_t3_max: 657
	F31_('SW21', 'SW31')_tb: 14227
	F16_('CM1CA', 'SW41')_t3_min: 81343
	F29_('SBAND1', 'SW12')_t4_max: 7488
	F4_('FCM2', 'SW32')_t4_max: 5052
	F22_('SW22', 'CMRIU2')_t5_min: 559
	F14_('CM2CA', 'SW42')_tb: 44968
	F0_('CM1CA', 'SW41')_tb: 1176
	F7_('SW52', 'SM2CB')_t3_min: 127769
	F19_('MIMU2', 'SW13')_tb: 28211
	F26_('SW21', 'SW14')_t5_max: 862
	F26_('SW21', 'SW14')_t5_min: 733
	F20_('SW31', 'SW21')_t3_min: 14651
	F23_('StarTr2', 'SW13')_t3_min: 14623
	F7_('SW52', 'SM2CB')_t4_max: 127898
	F6_('SBAND1', 'SW12')_t5_min: 1181
	F2_('SW22', 'CMRIU2')_tb: 116864
	F33_('SW6', 'SW31')_t5_max: 292
	('SW22', 'BFCU')_gcl_length: 0
	F32_('FCM1', 'SW31')_t5_max: 18
	F12_('SW13', 'SW21')_t3_min: 4378
	F25_('BFCU', 'SW22')_t3_min: 4514
	F18_('SW6', 'SMRIU1')_t5_min: 31741
	F18_('SW6', 'SMRIU1')_t4_max: 31949
	F34_('SW11', 'DU2')_tb: 125083
	F10_('SW51', 'SM1CB')_t5_min: 3612
	F14_('SW11', 'DU2')_t5_min: 45076
	('SW31', 'SW8')_gcl_length: 0
	F7_('SW22', 'SW32')_t3_max: 127325
	F11_('SW31', 'SW21')_tb: 2996
	F14_('SW11', 'DU2')_t5_max: 45334
	F39_('SW41', 'CM1CA')_t5_min: 145
	('SW31', 'SW21')_gcl_length: 6
	F7_('SW32', 'SW42')_t5_max: 127659
	F2_('SM2CA', 'SW52')_t5_min: 116410
	F5_('FCM2', 'SW32')_t5_min: 990
	F20_('SW6', 'SW31')_t3_min: 14568
	F12_('SW31', 'FCM1')_t4_max: 4757
	F4_('SW31', 'FCM1')_t3_max: 5434
	F37_('SW32', 'SW22')_t3_min: 13037
	F21_('SW41', 'SW31')_tb: 14563
	F25_('SW22', 'SW7')_t5_min: 4712
	F0_('SW13', 'MIMU3')_t4_max: 1915
	F36_('SW32', 'LCM2')_tb: 268
	F23_('SW14', 'DU4')_t5_max: 15488
	F17_('SW22', 'SW32')_t3_min: 793
	F9_('SMRIU2', 'SW6')_t5_min: 42235
	F1_('SW22', 'SW32')_t5_max: 7180
	F34_('FCM2', 'SW32')_t4_max: 125038
	F37_('SW13', 'MIMU3')_t3_min: 13066
	F31_('SW31', 'SW41')_t3_min: 14251
	F5_('SW32', 'SW22')_t3_min: 992
	F37_('SW13', 'MIMU3')_t4_max: 13324
	F7_('SW13', 'SW22')_t5_min: 127189
	F23_('StarTr2', 'SW13')_t4_max: 14623
	F9_('SW12', 'SBAND1')_t5_min: 42761
	F6_('SW12', 'SW21')_tb: 1183
	F27_('SW14', 'DU4')_t3_min: 12402
	F21_('SW31', 'RCM1')_t5_min: 14761
	F3_('SW41', 'SW51')_t3_min: 4637
	F1_('SW32', 'SW42')_tb: 7187
	F1_('SW52', 'SM2CB')_t5_max: 7770
	F14_('CM2CA', 'SW42')_t5_max: 44986
	('SW31', 'SW41')_gcl_length: 2
	F35_('SW14', 'DU5')_t4_max: 456
	('SW22', 'SW11')_gcl_length: 0
	F35_('SW13', 'SW21')_t3_min: 43
	F5_('SW22', 'BFCU')_t4_max: 1143
	('SW31', 'SW6')_gcl_length: 0
	F16_('SW41', 'SW51')_tb: 81510
	F11_('SMRIU1', 'SW6')_t5_max: 2912
	('CM1CB', 'SW41')_gcl_length: 0
	F17_('SW14', 'SW22')_t5_min: 791
	F20_('SMRIU2', 'SW6')_t4_min: 14485
	F30_('SW8', 'SW51')_t3_max: 1261
	F34_('SW11', 'DU2')_t5_min: 125096
	F31_('MIMU3', 'SW13')_t3_min: 14179
	F37_('SW13', 'MIMU3')_t5_min: 13076
	F11_('SMRIU1', 'SW6')_t4_max: 2842
	F37_('SW42', 'SW32')_tb: 13025
	('SW14', 'DU5')_gcl_length: 0
	F1_('SW42', 'SW52')_t3_max: 7301
	F0_('CM1CA', 'SW41')_t5_min: 1230
	F26_('SW14', 'DU4')_t3_max: 869
	F38_('SW22', 'CMRIU2')_t5_max: 437
	F29_('SBAND1', 'SW12')_t4_min: 7488
	F2_('SW22', 'CMRIU2')_t5_min: 116927
	F7_('SW13', 'SW22')_t5_max: 127318
	F2_('SW52', 'SW42')_t5_max: 116604
	F9_('SW12', 'SBAND1')_t4_max: 42857
	F35_('SW13', 'SW21')_tb: 43
	F33_('SMRIU1', 'SW6')_t3_min: 1
	F13_('SW22', 'SW13')_t5_min: 31270
	F2_('SM2CA', 'SW52')_t3_min: 116347
	F29_('SW22', 'BFCU')_t3_min: 7658
	F1_('SW42', 'SW52')_t5_max: 7532
	('CM1CA', 'SW41')_gcl_length: 0
	F31_('MIMU3', 'SW13')_tb: 14179
	F19_('MIMU2', 'SW13')_t5_min: 28319
	('SM2CA', 'SW52')_gcl_length: 0
	F8_('SW13', 'SW21')_tb: 25
	F20_('SW6', 'SW31')_t5_min: 14649
	F15_('DU4', 'SW14')_t3_min: 1
	F29_('SW22', 'BFCU')_tb: 7658
	('SW13', 'MIMU1')_gcl_length: 0
	F24_('SW6', 'SMRIU1')_t4_max: 1674
	('SW11', 'DU1')_gcl_length: 2
	F16_('CM1CA', 'SW41')_tb: 81343
	F37_('SW42', 'SW32')_t3_min: 13012
	F33_('SW51', 'SM1CA')_t5_min: 926
	F28_('SW22', 'SW32')_t5_max: 575
	F16_('CM1CA', 'SW41')_t4_max: 81343
	F12_('SW21', 'SW31')_t3_min: 4441
	F22_('SW22', 'CMRIU2')_t3_max: 841
	F28_('SW32', 'FCM2')_t5_max: 810
	F21_('CM1CB', 'SW41')_t4_min: 14463
	F36_('LCM1', 'SW31')_t4_max: 1
	F21_('SW31', 'RCM1')_t5_max: 15019
	F20_('SW21', 'CMRIU1')_t3_max: 14997
	F1_('SW52', 'SM2CB')_tb: 7405
	F25_('SW31', 'FCM1')_t3_min: 4814
	F32_('SW31', 'SW8')_t5_max: 166
	F18_('SW6', 'SMRIU1')_t3_min: 31691
	('SW52', 'SW42')_gcl_length: 0
	F11_('SMRIU1', 'SW6')_t4_min: 2842
	F13_('RCM2', 'SW32')_t5_min: 31011
	F4_('FCM2', 'SW32')_t5_min: 5090
	F8_('StarTr1', 'SW13')_t5_max: 18
	F3_('DU1', 'SW11')_t5_min: 4296
	F5_('SW22', 'BFCU')_t5_min: 1029
	F0_('SW21', 'SW13')_tb: 1730
	F38_('SW22', 'CMRIU2')_t3_min: 121
	F33_('SW41', 'SW51')_t5_max: 714
	F3_('SW51', 'SM1CA')_t5_min: 4897
	F3_('SW51', 'SM1CA')_t3_max: 4837
	F2_('SW42', 'SW32')_t3_min: 116477
	F17_('SW32', 'FCM2')_t3_max: 945
	F18_('FCM1', 'SW31')_t4_max: 31587
	F33_('SW51', 'SM1CA')_t3_min: 329
	F7_('SW32', 'SW42')_tb: 127558
	('SW14', 'SW22')_gcl_length: 2
	F32_('FCM1', 'SW31')_tb: 1
	F17_('SW14', 'SW22')_t5_max: 791
	F14_('SW32', 'SW22')_t3_min: 45013
	F23_('SW14', 'DU4')_t3_min: 14983
	F37_('CM2CB', 'SW42')_t4_min: 13000
	F14_('SW32', 'SW22')_t5_max: 45036
	F7_('SW52', 'SM2CB')_t5_max: 127999
	F18_('SW31', 'SW6')_tb: 31639
	F3_('SW51', 'SM1CA')_tb: 4832
	F37_('SW32', 'SW22')_tb: 13042
	F10_('RCM2', 'SW32')_t5_min: 3387
	F10_('SW32', 'SW8')_t5_min: 3462
	F1_('DU5', 'SW14')_t4_min: 6721
	F1_('SW14', 'SW22')_tb: 6830
	F34_('SW22', 'SW11')_t5_min: 125081
	F4_('SW6', 'SW31')_t3_max: 5265
	('SW42', 'SW52')_gcl_length: 2
	F18_('FCM1', 'SW31')_t3_min: 31587
	F8_('SW13', 'SW21')_t5_max: 42
	F6_('SW13', 'StarTr1')_tb: 1345
	F5_('FCM2', 'SW32')_t5_max: 990
	F7_('MIMU1', 'SW13')_t5_min: 127086
	F2_('SM2CA', 'SW52')_t4_min: 116347
	F0_('SW13', 'MIMU3')_t5_min: 1840
	F25_('SW7', 'SW31')_t5_max: 5070
	F13_('RCM2', 'SW32')_t3_min: 30950
	F31_('SW41', 'CM1CA')_t5_min: 14297
	F13_('SW22', 'SW13')_t5_max: 31270
	F37_('SW22', 'SW13')_t5_max: 13193
	F36_('LCM1', 'SW31')_t5_min: 88
	F25_('SW7', 'SW31')_t3_min: 4714
	F35_('MIMU2', 'SW13')_t5_min: 41
	F4_('SW32', 'SW6')_t3_min: 5092
	F17_('SW32', 'FCM2')_t5_min: 961
	F16_('SW51', 'SM1CA')_t4_max: 81678
	F11_('SMRIU1', 'SW6')_t3_min: 2842
	F18_('SW31', 'SW6')_t5_min: 31689
	F8_('StarTr1', 'SW13')_t5_min: 18
	F34_('FCM2', 'SW32')_tb: 125038
	F28_('SW22', 'SW32')_tb: 213
	F16_('SW51', 'SM1CA')_t3_min: 81549
	F4_('SW31', 'FCM1')_t5_min: 5338
	F36_('LCM1', 'SW31')_t5_max: 88
	F15_('SW21', 'SW11')_t5_max: 388
	F33_('SW41', 'SW51')_tb: 247
	F26_('SW14', 'DU4')_tb: 869
	F34_('SW11', 'DU2')_t5_max: 125483
	F24_('SW6', 'SMRIU1')_t5_max: 1690
	F17_('SW22', 'SW32')_t5_min: 809
	('SW51', 'SW8')_gcl_length: 0
	F7_('MIMU1', 'SW13')_t5_max: 127086
	F1_('SW32', 'SW42')_t5_max: 7294
	('SW11', 'SW21')_gcl_length: 2
	F10_('SW51', 'SM1CB')_t5_max: 3999
	F3_('SW31', 'SW41')_t5_max: 4635
	F11_('SMRIU1', 'SW6')_t5_min: 2912
	F32_('SW31', 'SW8')_tb: 20
	F6_('SW21', 'SW13')_t3_min: 1197
	F33_('SW31', 'SW41')_t3_max: 299
	F11_('SW13', 'StarTr1')_tb: 3145
	F22_('SW8', 'SW32')_t5_min: 335
	F2_('SW32', 'SW22')_tb: 116799
	F39_('CM1CB', 'SW41')_tb: 1
	F34_('FCM2', 'SW32')_t4_min: 125038
	F17_('SW22', 'SW32')_t3_max: 798
	F29_('SBAND1', 'SW12')_t5_min: 7571
	F3_('SW51', 'SM1CA')_t4_max: 4961
	F28_('SW32', 'FCM2')_t3_min: 319
	('BFCU', 'SW22')_gcl_length: 0
	F34_('FCM2', 'SW32')_t5_max: 125051
	F1_('DU5', 'SW14')_t4_max: 6721
	F18_('FCM1', 'SW31')_t4_min: 31587
	F22_('SW51', 'SW8')_t5_max: 352
	F7_('SW42', 'SW52')_t5_min: 127767
	('SW13', 'StarTr1')_gcl_length: 0
	F20_('SW21', 'CMRIU1')_t5_min: 14815
	F0_('SW41', 'SW31')_tb: 1232
	F19_('SW13', 'MIMU1')_t4_max: 28450
	F38_('SW11', 'SW22')_t5_max: 248
	F11_('SW6', 'SW31')_t5_min: 2989
	F6_('SW12', 'SW21')_t5_max: 1324
	F34_('SW22', 'SW11')_t3_max: 125202
	F7_('SW32', 'SW42')_t3_max: 127558
	F38_('DU1', 'SW11')_t5_max: 59
	F35_('SW14', 'DU5')_t5_min: 80
	F17_('SW14', 'SW22')_t3_min: 647
	F35_('SW14', 'DU5')_t3_min: 69
	F36_('LCM1', 'SW31')_t3_min: 1
	F22_('SW22', 'CMRIU2')_t5_max: 1075
	F3_('DU1', 'SW11')_t4_max: 4231
	F14_('CM2CA', 'SW42')_t4_min: 44968
	F12_('MIMU2', 'SW13')_t3_min: 4320
	('DU4', 'SW14')_gcl_length: 0
	F20_('SW21', 'CMRIU1')_t3_min: 14734
	('SW41', 'SW31')_gcl_length: 2
	F17_('DU5', 'SW14')_t3_min: 629
	F8_('SW11', 'DU1')_tb: 114
	F17_('DU5', 'SW14')_t5_max: 645
	F8_('SW11', 'DU1')_t3_min: 114
	F31_('SW13', 'SW21')_t5_max: 14354
	F31_('SW21', 'SW31')_t5_max: 14507
	F14_('CM2CA', 'SW42')_t4_max: 44968
	('SW32', 'LCM2')_gcl_length: 0
	F23_('SW13', 'SW21')_t5_max: 14990
	F12_('SW31', 'FCM1')_t3_min: 4499
	F20_('SMRIU2', 'SW6')_t4_max: 14485
	F26_('SW31', 'SW21')_t3_max: 569
	('SW21', 'SW12')_gcl_length: 2
	F11_('SW31', 'SW21')_t3_min: 2991
	F14_('SW22', 'SW11')_t3_max: 45043
	F34_('SW11', 'DU2')_t4_max: 125470
	F8_('SW11', 'DU1')_t5_max: 260
	F30_('FCM2', 'SW32')_tb: 1091
	F0_('SW21', 'SW13')_t3_max: 1607
	F10_('SW8', 'SW51')_tb: 3464
	F37_('SW22', 'SW13')_t3_min: 13054
	F9_('SMRIU2', 'SW6')_tb: 42202
	F13_('RCM2', 'SW32')_t4_max: 30950
	F34_('SW32', 'SW22')_t5_max: 125195
	F12_('SW31', 'FCM1')_t5_max: 4813
	F6_('SW13', 'StarTr1')_t4_max: 1474
	F38_('SW22', 'CMRIU2')_t3_max: 255
	F11_('SW31', 'SW21')_t5_min: 3066
	F17_('SW22', 'SW32')_tb: 793
	F20_('SW21', 'CMRIU1')_t5_max: 15202
	F23_('SW14', 'DU4')_t4_max: 15370
	F0_('SW21', 'SW13')_t3_min: 1344
	F18_('FCM1', 'SW31')_tb: 31587
	F2_('SW42', 'SW32')_t5_max: 116797
	F38_('SW22', 'CMRIU2')_t5_min: 179
	F15_('SW21', 'SW11')_tb: 176
	F38_('DU1', 'SW11')_t3_min: 1
	F35_('SW21', 'SW14')_tb: 56
	F36_('LCM1', 'SW31')_t4_min: 1
	F38_('SW22', 'CMRIU2')_t4_max: 379
	F26_('SW31', 'SW21')_t3_min: 564
	F17_('SW32', 'FCM2')_t3_min: 811
	F28_('DU5', 'SW14')_t4_max: 1
	F22_('SW22', 'CMRIU2')_t4_max: 965
	F10_('SW51', 'SM1CB')_t3_max: 3802
	F13_('RCM2', 'SW32')_t5_max: 31011
	F8_('StarTr1', 'SW13')_t3_min: 1
	F27_('SW14', 'DU4')_t5_max: 12734
	F37_('SW32', 'SW22')_t5_min: 13052
	F16_('CM1CA', 'SW41')_t5_min: 81380
	F0_('SW13', 'MIMU3')_t3_max: 1791
	F39_('CM1CB', 'SW41')_t4_max: 1
	F6_('SW13', 'StarTr1')_t5_max: 1486
	F13_('SW13', 'MIMU1')_t3_min: 31272
	F8_('SW11', 'DU1')_t5_min: 131
	F27_('SW14', 'DU4')_tb: 12402
	F5_('SW22', 'BFCU')_t3_min: 1014
	F39_('CM1CB', 'SW41')_t4_min: 1
	F36_('SW6', 'SW32')_t5_min: 266
	F1_('SW22', 'SW32')_t3_min: 6939
	('StarTr1', 'SW13')_gcl_length: 0
	F32_('SW31', 'SW8')_t3_min: 20
	F32_('FCM1', 'SW31')_t3_min: 1
	F23_('SW21', 'SW14')_t3_max: 14997
	F9_('SW21', 'SW12')_t5_min: 42726
	F33_('SMRIU1', 'SW6')_t5_max: 81
	F26_('SW31', 'SW21')_t5_max: 650
	F33_('SW51', 'SM1CA')_t5_max: 926
	F15_('SW21', 'SW11')_t3_min: 176
	F11_('SW13', 'StarTr1')_t3_max: 3150
	F0_('SW21', 'SW13')_t5_max: 1784
	F37_('SW32', 'SW22')_t5_max: 13052
	F28_('DU5', 'SW14')_t5_min: 105
	('SW21', 'SW14')_gcl_length: 0
	F32_('SW52', 'SM2CA')_t5_min: 75
	F24_('SW6', 'SMRIU1')_t3_max: 1674
	F21_('CM1CB', 'SW41')_t5_max: 14561
	F3_('SW21', 'SW31')_t5_max: 4440
	F22_('SW51', 'SW8')_t3_min: 113
	F20_('SW6', 'SW31')_tb: 14568
	F36_('SW31', 'SW6')_t5_max: 306
	F31_('SW21', 'SW31')_t3_max: 14361
	F7_('SW32', 'SW42')_t3_min: 127553
	F1_('SW14', 'SW22')_t5_max: 7066
	('SW13', 'SW22')_gcl_length: 0
	F24_('FCM2', 'SW32')_t4_min: 1504
	F22_('SW51', 'SW8')_t5_min: 223
	F26_('SW14', 'DU4')_t5_min: 950
	('SW31', 'RCM1')_gcl_length: 0
	F37_('CM2CB', 'SW42')_t5_max: 13010
	F5_('FCM2', 'SW32')_tb: 975
	F17_('DU5', 'SW14')_tb: 629
	F24_('SW32', 'SW6')_tb: 1522
	F39_('SW41', 'CM1CA')_tb: 74
	F4_('SW6', 'SW31')_t5_max: 5427
	F3_('DU1', 'SW11')_tb: 4231
	F7_('SW52', 'SM2CB')_t3_max: 127774
	F37_('SW42', 'SW32')_t5_min: 13035
	('SW14', 'SW21')_gcl_length: 2
	F12_('SW21', 'SW31')_t3_max: 4446
	F27_('SW14', 'DU4')_t5_min: 12476
	F37_('SW22', 'SW13')_t3_max: 13059
	F22_('SM1CB', 'SW51')_t5_max: 111
	F26_('CM1CB', 'SW41')_t5_max: 351
	F16_('SW41', 'SW51')_t3_min: 81382
	F12_('MIMU2', 'SW13')_t4_max: 4320
	F0_('SW31', 'SW21')_t5_max: 1600
	F26_('CM1CB', 'SW41')_t4_max: 270
	F11_('SW21', 'SW13')_tb: 3073
	F30_('SW32', 'SW8')_t3_min: 1171
	F23_('SW13', 'SW21')_t3_min: 14743
	F13_('SW22', 'SW13')_tb: 31209
	F34_('SW32', 'SW22')_tb: 125053
	F26_('CM1CB', 'SW41')_t4_min: 270
	F21_('SW41', 'SW31')_t5_max: 14790
	F14_('SW22', 'SW11')_t3_min: 45038
	F1_('SW52', 'SM2CB')_t5_min: 7512
	F29_('SBAND1', 'SW12')_t5_max: 7571
	F9_('SW21', 'SW12')_t3_min: 42307
	F10_('SW51', 'SM1CB')_t3_min: 3539
	F4_('FCM2', 'SW32')_t4_min: 5052
	F2_('SW32', 'SW22')_t5_min: 116862
	F15_('SW11', 'DU1')_tb: 395
	F37_('CM2CB', 'SW42')_t4_max: 13000
	F33_('SW31', 'SW41')_t3_min: 165
	F11_('SW21', 'SW13')_t5_min: 3143
	F26_('SW41', 'SW31')_t5_min: 562
	F39_('CM1CB', 'SW41')_t5_min: 72
	F11_('SW31', 'SW21')_t3_max: 2996
	F26_('SW21', 'SW14')_t3_min: 652
	F3_('SW11', 'SW21')_t5_min: 4368
	('SW21', 'SW11')_gcl_length: 2
	F3_('SW31', 'SW41')_t3_max: 4447
	F23_('StarTr2', 'SW13')_t5_min: 14741
	F6_('SW13', 'StarTr1')_t3_min: 1345
	F32_('FCM1', 'SW31')_t5_min: 18
	('CM2CA', 'SW42')_gcl_length: 0
	F4_('FCM2', 'SW32')_t3_min: 5052
	F4_('SW32', 'SW6')_tb: 5220
	F31_('SW41', 'CM1CA')_t3_max: 14667
	F9_('SW21', 'SW12')_t3_max: 42570
	F4_('SW31', 'FCM1')_t3_min: 5300
	F26_('SW14', 'DU4')_t5_max: 950
	F4_('SW31', 'FCM1')_tb: 5300
	F6_('SBAND1', 'SW12')_tb: 1169
	F30_('SW51', 'SM1CA')_t5_max: 1548
	F19_('SW13', 'MIMU1')_tb: 28321
	F22_('SW51', 'SW8')_tb: 113
	F2_('SW22', 'CMRIU2')_t5_max: 117185
	F27_('CMRIU1', 'SW21')_t3_min: 12250
	F2_('SW32', 'SW22')_t3_max: 116804
	F23_('SW21', 'SW14')_t5_min: 14981
	F33_('SMRIU1', 'SW6')_t4_max: 1
	F15_('DU4', 'SW14')_t5_max: 84
	F12_('SW13', 'SW21')_t5_max: 4439
	F10_('RCM2', 'SW32')_t4_max: 3314
	F1_('SW32', 'SW42')_t3_max: 7187
	('DU5', 'SW14')_gcl_length: 0
	F29_('SW12', 'SW22')_t3_min: 7573
	F25_('SW31', 'FCM1')_t5_min: 4912
	F28_('SW32', 'FCM2')_t4_max: 706
	F26_('SW31', 'SW21')_t5_min: 650
	F38_('SW22', 'CMRIU2')_tb: 121
	F16_('SW41', 'SW51')_t5_max: 81547
	F15_('SW21', 'SW11')_t3_max: 181
	F33_('SW51', 'SM1CA')_t3_max: 721
	F25_('SW31', 'FCM1')_t4_max: 5201
	F10_('SW8', 'SW51')_t5_min: 3537
	F36_('SW32', 'LCM2')_t4_max: 655
	F0_('SW31', 'SW21')_t5_min: 1342
	F5_('SW32', 'SW22')_t5_max: 1012
	F35_('MIMU2', 'SW13')_tb: 30
	F9_('SW31', 'SW21')_t5_max: 42563
	F26_('CM1CB', 'SW41')_t5_min: 351
	F19_('MIMU2', 'SW13')_t5_max: 28319
	('SW8', 'SW52')_gcl_length: 0
	('SW21', 'CMRIU1')_gcl_length: 0
	F25_('SW31', 'FCM1')_tb: 4814
	F28_('SW22', 'SW32')_t5_min: 317
	('RCM2', 'SW32')_gcl_length: 0
	F34_('SW32', 'SW22')_t5_min: 125066
	F29_('SW22', 'BFCU')_t5_max: 7999
	F24_('FCM2', 'SW32')_t5_max: 1520
	F5_('SW32', 'SW22')_tb: 997
	F21_('SW41', 'SW31')_t3_min: 14563
	F7_('SW52', 'SM2CB')_t5_min: 127870
	F6_('SW21', 'SW13')_t5_max: 1343
	('SW32', 'SW8')_gcl_length: 2
	F32_('SW52', 'SM2CA')_t5_max: 462
	F29_('SW12', 'SW22')_tb: 7573
	('SW14', 'DU4')_gcl_length: 2
