0. Flow F0 [CMRIU2-->SMRIU2] with period 8000, payload 1512B, e2e delay 8000us, jitter 800us
	('CMRIU2', 'SW22'), Operation(1, 1, 122)(1, 1)
	('SW22', 'SW32'), Operation(124, None, 374)(124, 253)
	('SW32', 'SW6'), Operation(247, 381, 502)(381, 381)
	('SW6', 'SMRIU2'), Operation(504, 509, 630)(509, 509)
1. Flow F1 [RCM1-->StarTr2] with period 16000, payload 440B, e2e delay 16000us, jitter 1600us
	('RCM1', 'SW31'), Operation(240, 240, 276)(240, 240)
	('SW31', 'SW21'), Operation(278, 283, 319)(283, 283)
	('SW21', 'SW13'), Operation(321, 398, 434)(398, 398)
	('SW13', 'StarTr2'), Operation(436, 15963, 15999)(15963, 15963)
2. Flow F2 [SM2CB-->CMRIU2] with period 16000, payload 737B, e2e delay 16000us, jitter 1600us
	('SM2CB', 'SW52'), Operation(1, 1, 60)(1, 1)
	('SW52', 'SW42'), Operation(62, 67, 126)(67, 67)
	('SW42', 'SW32'), Operation(128, 133, 192)(133, 133)
	('SW32', 'SW22'), Operation(194, 199, 258)(199, 199)
	('SW22', 'CMRIU2'), Operation(260, 265, 324)(265, 265)
3. Flow F3 [SM1CB-->MIMU3] with period 128000, payload 1339B, e2e delay 128000us, jitter 12800us
	('SM1CB', 'SW51'), Operation(1, 1, 109)(1, 1)
	('SW51', 'SW41'), Operation(111, 116, 224)(116, 116)
	('SW41', 'SW31'), Operation(226, 112210, 112318)(112210, 112210)
	('SW31', 'SW21'), Operation(112320, 112325, 112433)(112325, 112325)
	('SW21', 'SW13'), Operation(112435, 112440, 112548)(112440, 112440)
	('SW13', 'MIMU3'), Operation(112550, 112555, 112663)(112555, 112555)
4. Flow F4 [CM2CA-->MIMU3] with period 16000, payload 614B, e2e delay 16000us, jitter 1600us
	('CM2CA', 'SW42'), Operation(1, 1, 51)(1, 1)
	('SW42', 'SW32'), Operation(53, 58, 108)(58, 58)
	('SW32', 'SW22'), Operation(110, 115, 165)(115, 115)
	('SW22', 'SW13'), Operation(167, 172, 222)(172, 172)
	('SW13', 'MIMU3'), Operation(224, 229, 279)(229, 229)
5. Flow F5 [SMRIU1-->MIMU2] with period 16000, payload 71B, e2e delay 16000us, jitter 1600us
	('SMRIU1', 'SW6'), Operation(245, 245, 251)(245, 245)
	('SW6', 'SW31'), Operation(253, 258, 264)(258, 258)
	('SW31', 'SW21'), Operation(266, 271, 277)(271, 271)
	('SW21', 'SW13'), Operation(279, 314, 320)(314, 314)
	('SW13', 'MIMU2'), Operation(322, 327, 333)(327, 327)
6. Flow F6 [SM1CA-->SM2CA] with period 64000, payload 889B, e2e delay 64000us, jitter 6400us
	('SM1CA', 'SW51'), Operation(1, 1, 73)(1, 1)
	('SW51', 'SW8'), Operation(75, None, 276)(75, 204)
	('SW8', 'SW52'), Operation(149, 283, 355)(283, 283)
	('SW52', 'SM2CA'), Operation(357, 362, 434)(362, 362)
7. Flow F7 [SBAND2-->SMRIU2] with period 32000, payload 1096B, e2e delay 32000us, jitter 3200us
	('SBAND2', 'SW12'), Operation(24197, 24197, 24285)(24197, 24197)
	('SW12', 'SW21'), Operation(24287, 24292, 24380)(24292, 24292)
	('SW21', 'SW31'), Operation(24382, 24421, 24509)(24421, 24421)
	('SW31', 'SW6'), Operation(24511, 31816, 31904)(31816, 31816)
	('SW6', 'SMRIU2'), Operation(31906, 31911, 31999)(31911, 31911)
8. Flow F8 [SBAND1-->MIMU3] with period 32000, payload 306B, e2e delay 32000us, jitter 3200us
	('SBAND1', 'SW12'), Operation(1, 1, 26)(1, 1)
	('SW12', 'SW21'), Operation(28, 33, 58)(33, 33)
	('SW21', 'SW13'), Operation(60, 253, 278)(253, 253)
	('SW13', 'MIMU3'), Operation(280, 285, 310)(285, 285)
9. Flow F9 [DU3-->SMRIU1] with period 8000, payload 1514B, e2e delay 8000us, jitter 800us
	('DU3', 'SW11'), Operation(1, 1, 123)(1, 1)
	('SW11', 'SW21'), Operation(125, 130, 252)(130, 130)
	('SW21', 'SW31'), Operation(254, 259, 381)(259, 259)
	('SW31', 'SW6'), Operation(383, 388, 510)(388, 388)
	('SW6', 'SMRIU1'), Operation(512, 517, 639)(517, 517)

SMT variables: 
	F0_('CMRIU2', 'SW22')_tb: 1
	F4_('SW22', 'SW13')_t4_max: 172
	F3_('SW21', 'SW13')_t4_min: 112440
	F4_('SW42', 'SW32')_t3_max: 58
	F8_('SW12', 'SW21')_t3_max: 33
	('SW13', 'MIMU2')_gcl_cycle: 16000
	F9_('DU3', 'SW11')_rr: 1
	F5_('SW6', 'SW31')_gc: True
	F7_('SW6', 'SMRIU2')_gc: True
	F7_queue_index: 0
	F1_('SW21', 'SW13')_t4_max: 398
	F5_('SW31', 'SW21')_rr: 8
	F2_('SW22', 'CMRIU2')_rr: 1
	('SW42', 'SW32')_gcl_length: 4
	('SW21', 'SW13')_gcl_cycle: 128000
	('SW41', 'SW31')_gcl_cycle: 128000
	F6_jitter: 0
	F4_('CM2CA', 'SW42')_t3_max: 0
	F6_('SW51', 'SW8')_t4_min: 75
	F5_('SMRIU1', 'SW6')_rr: 1
	F4_('CM2CA', 'SW42')_t3_min: 1
	F8_('SW12', 'SW21')_rr: 1
	F9_jitter: 0
	F7_('SW31', 'SW6')_rr: 1
	F3_('SW51', 'SW41')_t4_max: 116
	F3_queue_index: 0
	F4_('SW32', 'SW22')_gc: True
	F7_('SW12', 'SW21')_t4_min: 24292
	F5_('SW6', 'SW31')_t4_max: 258
	('SM1CB', 'SW51')_gcl_cycle: 128000
	F4_('SW42', 'SW32')_rr: 1
	F7_('SBAND2', 'SW12')_t3_max: 0
	F3_('SW51', 'SW41')_t3_max: 116
	('SW52', 'SM2CA')_gcl_cycle: 64000
	F0_('SW32', 'SW6')_tb: 381
	F2_('SW52', 'SW42')_rr: 1
	('SW51', 'SW41')_gcl_cycle: 128000
	F4_('SW32', 'SW22')_rr: 1
	F9_('SW6', 'SMRIU1')_t5_max: 639
	F0_queue_index: 0
	F7_('SW31', 'SW6')_gc: True
	F5_queue_index: 0
	F5_('SW6', 'SW31')_t4_min: 258
	F3_('SW51', 'SW41')_tb: 116
	('SMRIU1', 'SW6')_gcl_cycle: 16000
	F8_('SW21', 'SW13')_rr: 4
	('DU3', 'SW11')_gcl_cycle: 8000
	F8_('SW12', 'SW21')_t5_min: 58
	F0_('SW6', 'SMRIU2')_gc: True
	F9_('SW11', 'SW21')_t5_min: 252
	F6_('SW8', 'SW52')_t4_min: 283
	F4_('SW42', 'SW32')_gc: True
	F8_('SW12', 'SW21')_t5_max: 58
	F1_('RCM1', 'SW31')_gc: True
	('SW31', 'SW6')_gcl_length: 10
	F0_('SW22', 'SW32')_t3_max: 129
	F1_('SW31', 'SW21')_t4_max: 283
	F7_('SW21', 'SW31')_gc: True
	F9_('SW21', 'SW31')_t4_max: 259
	F5_('SW21', 'SW13')_t4_max: 314
	F7_('SW31', 'SW6')_t5_min: 31904
	F3_('SW13', 'MIMU3')_rr: 1
	F1_jitter: 0
	F6_('SM1CA', 'SW51')_tb: 1
	F3_('SW21', 'SW13')_t3_min: 112435
	F3_('SM1CB', 'SW51')_rr: 1
	F2_('SW22', 'CMRIU2')_t4_max: 265
	F6_('SW51', 'SW8')_gc: False
	F8_('SW13', 'MIMU3')_t3_max: 285
	F9_('SW11', 'SW21')_t4_max: 130
	F1_('SW13', 'StarTr2')_gc: True
	F6_('SW52', 'SM2CA')_t4_min: 362
	('SW6', 'SMRIU2')_gcl_cycle: 32000
	F5_('SW31', 'SW21')_gc: True
	F0_('SW22', 'SW32')_t4_max: 253
	F9_('SW21', 'SW31')_rr: 4
	F9_('SW31', 'SW6')_t4_max: 388
	F5_('SW13', 'MIMU2')_gc: True
	F6_queue_index: 0
	F8_('SW12', 'SW21')_t4_min: 33
	F2_('SW52', 'SW42')_t3_max: 67
	F0_('SW32', 'SW6')_gc: True
	F4_('SW22', 'SW13')_gc: True
	F4_('SW13', 'MIMU3')_gc: True
	F2_('SW52', 'SW42')_t4_min: 67
	F3_('SW13', 'MIMU3')_t4_min: 112555
	F7_('SW21', 'SW31')_t4_min: 24421
	('SW32', 'SW6')_gcl_cycle: 8000
	F6_('SW52', 'SM2CA')_rr: 1
	F2_('SW22', 'CMRIU2')_gc: True
	F3_('SW31', 'SW21')_t4_min: 112325
	F4_('SW32', 'SW22')_t4_max: 115
	F7_('SW21', 'SW31')_t4_max: 24421
	F0_('CMRIU2', 'SW22')_rr: 1
	F7_('SW12', 'SW21')_rr: 1
	F6_('SW8', 'SW52')_t4_max: 283
	F6_('SW51', 'SW8')_t3_max: 80
	F2_('SW32', 'SW22')_t4_min: 199
	F7_jitter: 0
	F2_('SW52', 'SW42')_t3_min: 62
	F1_('SW31', 'SW21')_gc: True
	F2_('SW32', 'SW22')_gc: True
	F3_('SW21', 'SW13')_gc: True
	F0_('SW22', 'SW32')_t4_min: 124
	F2_queue_index: 0
	('SW51', 'SW8')_gcl_cycle: 1
	F5_('SW13', 'MIMU2')_t4_max: 327
	F3_('SW51', 'SW41')_rr: 1
	('SBAND2', 'SW12')_gcl_cycle: 32000
	F6_('SM1CA', 'SW51')_gc: True
	F9_('SW11', 'SW21')_t4_min: 130
	F9_('SW11', 'SW21')_t5_max: 252
	F1_('RCM1', 'SW31')_t5_max: 276
	F1_('SW21', 'SW13')_t4_min: 398
	F3_('SW41', 'SW31')_t4_min: 112210
	F0_('CMRIU2', 'SW22')_t3_max: 0
	F3_('SW21', 'SW13')_rr: 1
	('SW6', 'SW31')_gcl_cycle: 16000
	F5_('SMRIU1', 'SW6')_gc: True
	F8_('SW13', 'MIMU3')_gc: True
	F9_('DU3', 'SW11')_gc: True
	F2_('SW22', 'CMRIU2')_t4_min: 265
	F2_('SW42', 'SW32')_t4_min: 133
	F4_('SW13', 'MIMU3')_rr: 8
	F7_('SW21', 'SW31')_rr: 1
	F3_('SW13', 'MIMU3')_gc: True
	F2_('SW42', 'SW32')_rr: 1
	F9_('SW6', 'SMRIU1')_rr: 1
	('SW52', 'SW42')_gcl_cycle: 16000
	F8_('SBAND1', 'SW12')_rr: 1
	F6_('SM1CA', 'SW51')_rr: 1
	F9_('SW31', 'SW6')_rr: 4
	F5_('SW21', 'SW13')_gc: True
	F3_('SW31', 'SW21')_t4_max: 112325
	F3_('SW41', 'SW31')_gc: True
	F5_('SW31', 'SW21')_t5_max: 277
	F2_('SW32', 'SW22')_rr: 1
	F7_('SW12', 'SW21')_gc: True
	F0_('SW32', 'SW6')_t4_max: 381
	('SW21', 'SW31')_gcl_cycle: 32000
	F3_('SW21', 'SW13')_t4_max: 112440
	F9_('SW31', 'SW6')_t4_min: 388
	F0_('SW22', 'SW32')_rr: 0
	F0_('SW6', 'SMRIU2')_t4_min: 509
	F0_('SW32', 'SW6')_rr: 1
	F3_('SW41', 'SW31')_rr: 1
	F8_('SW12', 'SW21')_gc: True
	('SM2CB', 'SW52')_gcl_cycle: 16000
	F0_('SW6', 'SMRIU2')_rr: 4
	F0_('SW32', 'SW6')_t4_min: 381
	F4_('CM2CA', 'SW42')_t5_max: 51
	F9_('DU3', 'SW11')_t3_max: 0
	F5_('SW21', 'SW13')_t5_min: 320
	F2_('SW32', 'SW22')_t4_max: 199
	F1_('SW13', 'StarTr2')_rr: 1
	F5_('SW31', 'SW21')_t3_min: 266
	F7_('SW31', 'SW6')_t4_min: 31816
	F1_('SW21', 'SW13')_rr: 8
	F4_queue_index: 0
	('SW13', 'MIMU2')_gcl_length: 2
	F9_('SW6', 'SMRIU1')_gc: True
	F8_('SW21', 'SW13')_t4_max: 253
	F3_('SW31', 'SW21')_rr: 1
	F0_('CMRIU2', 'SW22')_t3_min: 1
	('SW11', 'SW21')_gcl_cycle: 8000
	F9_('SW11', 'SW21')_rr: 1
	F5_('SW21', 'SW13')_rr: 8
	F1_('SW21', 'SW13')_gc: True
	F7_('SW12', 'SW21')_t3_max: 24292
	F9_('SW11', 'SW21')_t3_max: 130
	('SW8', 'SW52')_gcl_cycle: 64000
	F4_('SW13', 'MIMU3')_t5_max: 279
	('SW22', 'SW13')_gcl_cycle: 16000
	F8_('SBAND1', 'SW12')_gc: True
	F4_('SW42', 'SW32')_t4_max: 58
	F8_('SW12', 'SW21')_t4_max: 33
	F2_('SM2CB', 'SW52')_t3_max: 0
	('SW13', 'StarTr2')_gcl_cycle: 16000
	F6_('SW51', 'SW8')_t4_max: 204
	F3_('SW41', 'SW31')_t4_max: 112210
	F6_('SW51', 'SW8')_t5_min: 147
	F6_('SM1CA', 'SW51')_t3_max: 0
	F4_('SW22', 'SW13')_rr: 1
	('SBAND1', 'SW12')_gcl_cycle: 32000
	F8_jitter: 0
	F1_('RCM1', 'SW31')_t3_max: 0
	F4_('CM2CA', 'SW42')_rr: 1
	('SW12', 'SW21')_gcl_cycle: 32000
	F2_('SW52', 'SW42')_gc: True
	F8_('SBAND1', 'SW12')_t4_max: 1
	F8_('SW13', 'MIMU3')_rr: 4
	F6_('SW51', 'SW8')_rr: 0
	F3_jitter: 0
	F3_('SM1CB', 'SW51')_gc: True
	F0_('SW22', 'SW32')_gc: False
	F5_('SW31', 'SW21')_t4_max: 271
	F5_('SW31', 'SW21')_t4_min: 271
	('RCM1', 'SW31')_gcl_cycle: 16000
	F0_('SW6', 'SMRIU2')_t5_max: 630
	('CM2CA', 'SW42')_gcl_cycle: 16000
	F4_('SW22', 'SW13')_t4_min: 172
	F1_('RCM1', 'SW31')_rr: 1
	F9_queue_index: 0
	F0_('CMRIU2', 'SW22')_gc: True
	F9_('SW6', 'SMRIU1')_t4_min: 517
	F6_('SW8', 'SW52')_gc: True
	F5_('SW13', 'MIMU2')_rr: 1
	F7_('SW6', 'SMRIU2')_rr: 1
	F6_('SW8', 'SW52')_rr: 1
	F9_('SW21', 'SW31')_t4_min: 259
	F8_queue_index: 0
	('SW13', 'MIMU3')_gcl_cycle: 128000
	F2_('SW42', 'SW32')_gc: True
	F9_('SW31', 'SW6')_gc: True
	F7_('SBAND2', 'SW12')_gc: True
	F7_('SBAND2', 'SW12')_rr: 1
	('SW31', 'SW21')_gcl_cycle: 128000
	('SW42', 'SW32')_gcl_cycle: 16000
	F5_jitter: 0
	F5_('SW21', 'SW13')_t4_min: 314
	F8_('SBAND1', 'SW12')_t3_max: 0
	F8_('SW21', 'SW13')_gc: True
	F5_('SW6', 'SW31')_t3_max: 258
	F9_('SW21', 'SW31')_gc: True
	('SW52', 'SM2CA')_gcl_length: 2
	F6_('SW52', 'SM2CA')_gc: True
	F5_('SMRIU1', 'SW6')_t3_max: 0
	F1_queue_index: 0
	F7_('SW31', 'SW6')_t4_max: 31816
	('SW22', 'CMRIU2')_gcl_cycle: 16000
	F6_('SW51', 'SW8')_t3_min: 75
	F1_('SW13', 'StarTr2')_t4_min: 15963
	F1_('SW31', 'SW21')_t4_min: 283
	F2_jitter: 0
	F4_('SW42', 'SW32')_t4_min: 58
	('SW6', 'SMRIU1')_gcl_cycle: 8000
	F6_('SM1CA', 'SW51')_t5_min: 73
	F2_('SW52', 'SW42')_t4_max: 67
	F3_('SW31', 'SW21')_gc: True
	F4_('SW32', 'SW22')_t3_max: 115
	F1_('SW31', 'SW21')_rr: 8
	F4_('SW32', 'SW22')_t4_min: 115
	F5_('SW6', 'SW31')_rr: 1
	F4_jitter: 0
	F1_('SW31', 'SW21')_t3_max: 283
	F9_('SW11', 'SW21')_gc: True
	F8_('SW21', 'SW13')_t4_min: 253
	F6_('SW51', 'SW8')_t5_max: 276
	F2_('SM2CB', 'SW52')_rr: 1
	F3_('SM1CB', 'SW51')_t3_max: 0
	F4_('CM2CA', 'SW42')_gc: True
	F2_('SW42', 'SW32')_t4_max: 133
	('CMRIU2', 'SW22')_gcl_cycle: 8000
	('SW31', 'SW6')_gcl_cycle: 32000
	F4_('SW13', 'MIMU3')_t4_min: 229
	F2_('SM2CB', 'SW52')_gc: True
	F3_('SW51', 'SW41')_gc: True
	F5_('SW13', 'MIMU2')_t4_min: 327
	F7_('SW6', 'SMRIU2')_t4_min: 31911
	F2_('SM2CB', 'SW52')_tb: 1
	('SW32', 'SW22')_gcl_cycle: 16000
	('SW32', 'SW6')_gcl_length: 2
	F7_('SW12', 'SW21')_t4_max: 24292
	F5_('SW6', 'SW31')_tb: 258
	F0_jitter: 0
	F8_('SW13', 'MIMU3')_t4_min: 285
	('SW22', 'SW32')_gcl_cycle: 1
	F3_('SW51', 'SW41')_t4_min: 116
	('SM1CA', 'SW51')_gcl_cycle: 64000
	F5_('SW13', 'MIMU2')_t3_max: 327
	F3_('SW41', 'SW31')_t3_max: 231
	('SW51', 'SW41')_gcl_length: 2
	F2_('SM2CB', 'SW52')_t5_min: 60
	F0_('CMRIU2', 'SW22')_t4_max: 1
	F2_('SW32', 'SW22')_t3_min: 194
	F7_('SW31', 'SW6')_t3_min: 24511
	F6_('SM1CA', 'SW51')_t4_max: 1
	F0_('CMRIU2', 'SW22')_t5_max: 122
	F2_('SW22', 'CMRIU2')_t5_min: 324
	F9_('SW21', 'SW31')_t3_max: 259
	F8_('SW13', 'MIMU3')_tb: 285
	F7_('SW21', 'SW31')_t5_min: 24509
	F2_('SW52', 'SW42')_t5_max: 126
	F7_('SBAND2', 'SW12')_t5_max: 24285
	F5_('SMRIU1', 'SW6')_t4_max: 245
	F1_('SW21', 'SW13')_t5_max: 434
	F5_('SMRIU1', 'SW6')_t4_min: 245
	F4_('SW13', 'MIMU3')_t5_min: 279
	F8_('SW12', 'SW21')_tb: 33
	F3_('SW13', 'MIMU3')_tb: 112555
	F5_('SMRIU1', 'SW6')_t3_min: 245
	F9_('SW6', 'SMRIU1')_t5_min: 639
	F9_('SW21', 'SW31')_t5_min: 381
	F6_('SW52', 'SM2CA')_t3_max: 362
	F5_('SMRIU1', 'SW6')_tb: 245
	F2_('SW22', 'CMRIU2')_t3_max: 265
	F7_('SW12', 'SW21')_t5_max: 24380
	F7_('SW12', 'SW21')_t3_min: 24287
	F0_('SW22', 'SW32')_t5_min: 245
	F8_('SBAND1', 'SW12')_t5_min: 26
	F0_('SW6', 'SMRIU2')_t3_max: 509
	F3_('SW31', 'SW21')_t3_max: 112325
	F5_('SMRIU1', 'SW6')_t5_max: 251
	F4_('CM2CA', 'SW42')_tb: 1
	F5_('SW13', 'MIMU2')_t3_min: 322
	F1_('RCM1', 'SW31')_t3_min: 240
	F5_('SW6', 'SW31')_t5_max: 264
	F5_('SW6', 'SW31')_t3_min: 253
	F3_('SW13', 'MIMU3')_t4_max: 112555
	F4_('SW22', 'SW13')_t5_min: 222
	F0_('SW6', 'SMRIU2')_t5_min: 630
	F1_('RCM1', 'SW31')_tb: 240
	F9_('SW31', 'SW6')_t3_max: 388
	F8_('SW12', 'SW21')_t3_min: 28
	F3_('SW41', 'SW31')_tb: 112210
	F0_('SW6', 'SMRIU2')_tb: 509
	F4_('SW32', 'SW22')_t3_min: 110
	F6_('SW52', 'SM2CA')_tb: 362
	('SW52', 'SW42')_gcl_length: 2
	('SM1CA', 'SW51')_gcl_length: 2
	F9_('DU3', 'SW11')_tb: 1
	F7_('SW6', 'SMRIU2')_t5_min: 31999
	F2_('SW32', 'SW22')_t5_min: 258
	F1_('SW31', 'SW21')_t3_min: 278
	F7_('SW6', 'SMRIU2')_t3_max: 31911
	('SW13', 'StarTr2')_gcl_length: 2
	F8_('SW21', 'SW13')_tb: 253
	F5_('SW6', 'SW31')_t5_min: 264
	('SW22', 'SW32')_gcl_length: 0
	F6_('SW52', 'SM2CA')_t5_max: 434
	F5_('SW21', 'SW13')_tb: 314
	F3_('SW41', 'SW31')_t5_min: 112318
	F7_('SW6', 'SMRIU2')_t5_max: 31999
	F2_('SW42', 'SW32')_t5_min: 192
	F2_('SW42', 'SW32')_t3_min: 128
	F2_('SM2CB', 'SW52')_t4_max: 1
	F0_('SW22', 'SW32')_t3_min: 124
	F7_('SW31', 'SW6')_t3_max: 24516
	F6_('SW52', 'SM2CA')_t5_min: 434
	F4_('SW42', 'SW32')_t5_max: 108
	F0_('CMRIU2', 'SW22')_t4_min: 1
	('CM2CA', 'SW42')_gcl_length: 2
	F5_('SW21', 'SW13')_t5_max: 320
	F1_('SW13', 'StarTr2')_t4_max: 15963
	F0_('SW6', 'SMRIU2')_t4_max: 509
	F4_('SW22', 'SW13')_t3_max: 172
	F8_('SBAND1', 'SW12')_t5_max: 26
	F6_('SW8', 'SW52')_t3_max: 283
	F4_('SW13', 'MIMU3')_tb: 229
	F2_('SW42', 'SW32')_t3_max: 133
	('SW6', 'SW31')_gcl_length: 2
	('DU3', 'SW11')_gcl_length: 2
	F7_('SW21', 'SW31')_t3_max: 24387
	F4_('SW32', 'SW22')_t5_max: 165
	F6_('SW51', 'SW8')_tb: 75
	F1_('SW13', 'StarTr2')_t3_max: 441
	F2_('SW32', 'SW22')_t5_max: 258
	F2_('SW22', 'CMRIU2')_t5_max: 324
	F3_('SM1CB', 'SW51')_t4_max: 1
	F2_('SW32', 'SW22')_t3_max: 199
	F1_('RCM1', 'SW31')_t5_min: 276
	F4_('SW22', 'SW13')_tb: 172
	F8_('SW13', 'MIMU3')_t3_min: 280
	F6_('SM1CA', 'SW51')_t4_min: 1
	F0_('CMRIU2', 'SW22')_t5_min: 122
	F3_('SW31', 'SW21')_t5_max: 112433
	F2_('SW42', 'SW32')_tb: 133
	F7_('SW6', 'SMRIU2')_tb: 31911
	F5_('SW21', 'SW13')_t3_min: 279
	F4_('SW22', 'SW13')_t5_max: 222
	F6_('SW8', 'SW52')_t5_max: 355
	F3_('SW31', 'SW21')_tb: 112325
	F9_('SW31', 'SW6')_t5_max: 510
	F3_('SM1CB', 'SW51')_t5_max: 109
	F9_('DU3', 'SW11')_t5_max: 123
	F3_('SW31', 'SW21')_t3_min: 112320
	F8_('SBAND1', 'SW12')_tb: 1
	('SBAND2', 'SW12')_gcl_length: 2
	F5_('SW13', 'MIMU2')_t5_max: 333
	('SW8', 'SW52')_gcl_length: 2
	F6_('SM1CA', 'SW51')_t5_max: 73
	F9_('SW11', 'SW21')_tb: 130
	F1_('SW13', 'StarTr2')_tb: 15963
	F7_('SW31', 'SW6')_t5_max: 31904
	F3_('SM1CB', 'SW51')_t4_min: 1
	F4_('SW13', 'MIMU3')_t3_max: 229
	('SM2CB', 'SW52')_gcl_length: 2
	F8_('SBAND1', 'SW12')_t3_min: 1
	F2_('SM2CB', 'SW52')_t5_max: 60
	F6_('SW52', 'SM2CA')_t4_max: 362
	F3_('SW13', 'MIMU3')_t5_min: 112663
	F7_('SW31', 'SW6')_tb: 31816
	F2_('SW52', 'SW42')_t5_min: 126
	('SW51', 'SW8')_gcl_length: 0
	('SW12', 'SW21')_gcl_length: 4
	F3_('SW21', 'SW13')_t3_max: 112440
	F3_('SW41', 'SW31')_t3_min: 226
	F4_('SW13', 'MIMU3')_t3_min: 224
	('SW11', 'SW21')_gcl_length: 2
	F5_('SW31', 'SW21')_tb: 271
	F9_('DU3', 'SW11')_t3_min: 1
	F2_('SW22', 'CMRIU2')_t3_min: 260
	F3_('SW13', 'MIMU3')_t3_max: 112555
	F4_('SW42', 'SW32')_t3_min: 53
	F3_('SW51', 'SW41')_t5_min: 224
	F3_('SW51', 'SW41')_t5_max: 224
	F9_('SW21', 'SW31')_t5_max: 381
	F8_('SW13', 'MIMU3')_t5_min: 310
	F4_('SW32', 'SW22')_t5_min: 165
	F1_('SW21', 'SW13')_t5_min: 434
	('CMRIU2', 'SW22')_gcl_length: 2
	F9_('SW21', 'SW31')_t3_min: 254
	F6_('SW52', 'SM2CA')_t3_min: 357
	F7_('SW12', 'SW21')_tb: 24292
	F2_('SW32', 'SW22')_tb: 199
	F7_('SBAND2', 'SW12')_t5_min: 24285
	F3_('SW13', 'MIMU3')_t5_max: 112663
	F9_('DU3', 'SW11')_t5_min: 123
	F5_('SW31', 'SW21')_t3_max: 271
	F4_('SW42', 'SW32')_t5_min: 108
	F9_('DU3', 'SW11')_t4_min: 1
	('SW22', 'CMRIU2')_gcl_length: 2
	F4_('SW32', 'SW22')_tb: 115
	F6_('SW8', 'SW52')_t5_min: 355
	F0_('SW32', 'SW6')_t5_max: 502
	F6_('SW8', 'SW52')_t3_min: 149
	F1_('SW13', 'StarTr2')_t5_max: 15999
	F4_('CM2CA', 'SW42')_t5_min: 51
	('SW21', 'SW13')_gcl_length: 42
	F1_('SW31', 'SW21')_t5_max: 319
	('SW21', 'SW31')_gcl_length: 10
	F0_('SW22', 'SW32')_t5_max: 374
	F3_('SM1CB', 'SW51')_tb: 1
	('SW13', 'MIMU3')_gcl_length: 26
	F8_('SW13', 'MIMU3')_t4_max: 285
	F8_('SW21', 'SW13')_t3_max: 65
	F5_('SW31', 'SW21')_t5_min: 277
	F1_('RCM1', 'SW31')_t4_min: 240
	F3_('SW51', 'SW41')_t3_min: 111
	F4_('CM2CA', 'SW42')_t4_max: 1
	('SBAND1', 'SW12')_gcl_length: 2
	('SW41', 'SW31')_gcl_length: 2
	F9_('SW6', 'SMRIU1')_tb: 517
	F9_('SW31', 'SW6')_tb: 388
	F3_('SW21', 'SW13')_tb: 112440
	F6_('SM1CA', 'SW51')_t3_min: 1
	F8_('SW21', 'SW13')_t5_max: 278
	F3_('SW21', 'SW13')_t5_min: 112548
	F9_('SW31', 'SW6')_t5_min: 510
	F1_('SW31', 'SW21')_tb: 283
	F1_('SW31', 'SW21')_t5_min: 319
	F7_('SBAND2', 'SW12')_t3_min: 24197
	F3_('SM1CB', 'SW51')_t5_min: 109
	('SW6', 'SMRIU2')_gcl_length: 10
	F7_('SW12', 'SW21')_t5_min: 24380
	('RCM1', 'SW31')_gcl_length: 2
	F1_('SW13', 'StarTr2')_t5_min: 15999
	F4_('SW13', 'MIMU3')_t4_max: 229
	F1_('SW21', 'SW13')_t3_max: 326
	F3_('SW21', 'SW13')_t5_max: 112548
	F7_('SW6', 'SMRIU2')_t3_min: 31906
	F0_('SW6', 'SMRIU2')_t3_min: 504
	F7_('SBAND2', 'SW12')_t4_max: 24197
	F7_('SW21', 'SW31')_t3_min: 24382
	F2_('SW52', 'SW42')_tb: 67
	F7_('SW6', 'SMRIU2')_t4_max: 31911
	F4_('SW22', 'SW13')_t3_min: 167
	F0_('SW32', 'SW6')_t3_min: 247
	('SM1CB', 'SW51')_gcl_length: 2
	F1_('SW21', 'SW13')_t3_min: 321
	('SMRIU1', 'SW6')_gcl_length: 2
	F6_('SW8', 'SW52')_tb: 283
	F8_('SW21', 'SW13')_t3_min: 60
	F9_('DU3', 'SW11')_t4_max: 1
	F9_('SW31', 'SW6')_t3_min: 383
	('SW6', 'SMRIU1')_gcl_length: 2
	F3_('SW41', 'SW31')_t5_max: 112318
	F0_('SW22', 'SW32')_tb: 124
	F8_('SW13', 'MIMU3')_t5_max: 310
	F2_('SW22', 'CMRIU2')_tb: 265
	F7_('SW21', 'SW31')_tb: 24421
	F1_('SW13', 'StarTr2')_t3_min: 436
	F5_('SW13', 'MIMU2')_t5_min: 333
	F0_('SW32', 'SW6')_t5_min: 502
	F9_('SW11', 'SW21')_t3_min: 125
	F2_('SW42', 'SW32')_t5_max: 192
	F5_('SMRIU1', 'SW6')_t5_min: 251
	F4_('SW42', 'SW32')_tb: 58
	F2_('SM2CB', 'SW52')_t3_min: 1
	F5_('SW13', 'MIMU2')_tb: 327
	F5_('SW21', 'SW13')_t3_max: 284
	F0_('SW32', 'SW6')_t3_max: 381
	F3_('SW13', 'MIMU3')_t3_min: 112550
	('SW31', 'SW21')_gcl_length: 34
	F3_('SM1CB', 'SW51')_t3_min: 1
	F7_('SBAND2', 'SW12')_tb: 24197
	F7_('SBAND2', 'SW12')_t4_min: 24197
	F1_('SW21', 'SW13')_tb: 398
	F7_('SW21', 'SW31')_t5_max: 24509
	F9_('SW21', 'SW31')_tb: 259
	F4_('CM2CA', 'SW42')_t4_min: 1
	F9_('SW6', 'SMRIU1')_t3_max: 517
	F9_('SW6', 'SMRIU1')_t4_max: 517
	F8_('SW21', 'SW13')_t5_min: 278
	F3_('SW31', 'SW21')_t5_min: 112433
	('SW32', 'SW22')_gcl_length: 4
	('SW22', 'SW13')_gcl_length: 2
	F8_('SBAND1', 'SW12')_t4_min: 1
	F1_('RCM1', 'SW31')_t4_max: 240
	F2_('SM2CB', 'SW52')_t4_min: 1
	F9_('SW6', 'SMRIU1')_t3_min: 512
