0. Flow F0 [SM2CA-->CMRIU1] with period 64000, payload 362B, e2e delay 64000us, jitter 6400us
	('SM2CA', 'SW52'), Operation(15775, None, 15804)(15775, 15775)
	('SW52', 'SW8'), Operation(15806, None, 15964)(15806, 15935)
	('SW8', 'SW31'), Operation(15837, 15971, 16000)(15971, 15971)
	('SW31', 'SW21'), Operation(16002, None, 16160)(16002, 16131)
	('SW21', 'CMRIU1'), Operation(16033, None, 16320)(16033, 16291)
1. Flow F1 [BFCU-->SM2CA] with period 128000, payload 1169B, e2e delay 128000us, jitter 12800us
	('BFCU', 'SW22'), Operation(103394, None, 103488)(103394, 103394)
	('SW22', 'SW32'), Operation(103490, 103495, 103589)(103495, 103495)
	('SW32', 'SW42'), Operation(103591, None, 103814)(103591, 103720)
	('SW42', 'SW52'), Operation(103687, 103821, 103915)(103821, 103821)
	('SW52', 'SM2CA'), Operation(103917, 103922, 104016)(103922, 103922)
2. Flow F2 [DU3-->CM1CB] with period 128000, payload 1384B, e2e delay 128000us, jitter 12800us
	('DU3', 'SW11'), Operation(126334, None, 126445)(126334, 126334)
	('SW11', 'SW21'), Operation(126447, 126452, 126563)(126452, 126452)
	('SW21', 'SW31'), Operation(126565, None, 126805)(126565, 126694)
	('SW31', 'SW41'), Operation(126678, None, 127047)(126678, 126936)
	('SW41', 'CM1CB'), Operation(126791, None, 127289)(126791, 127178)
3. Flow F3 [FCM1-->MIMU3] with period 64000, payload 1319B, e2e delay 64000us, jitter 6400us
	('FCM1', 'SW31'), Operation(32379, None, 32485)(32379, 32379)
	('SW31', 'SW21'), Operation(32487, 32492, 32598)(32492, 32492)
	('SW21', 'SW13'), Operation(32600, 32605, 32711)(32605, 32605)
	('SW13', 'MIMU3'), Operation(32713, None, 32948)(32713, 32842)
4. Flow F4 [FCM1-->DU2] with period 128000, payload 737B, e2e delay 128000us, jitter 12800us
	('FCM1', 'SW31'), Operation(53, None, 112)(53, 53)
	('SW31', 'SW21'), Operation(114, None, 302)(114, 243)
	('SW21', 'SW11'), Operation(175, 309, 368)(309, 309)
	('SW11', 'DU2'), Operation(370, None, 558)(370, 499)
5. Flow F5 [SMRIU1-->MIMU2] with period 128000, payload 639B, e2e delay 128000us, jitter 12800us
	('SMRIU1', 'SW6'), Operation(16048, None, 16100)(16048, 16048)
	('SW6', 'SW31'), Operation(16102, 16107, 16159)(16107, 16107)
	('SW31', 'SW21'), Operation(16161, None, 16342)(16161, 16290)
	('SW21', 'SW13'), Operation(16215, None, 16525)(16215, 16473)
	('SW13', 'MIMU2'), Operation(16269, None, 16708)(16269, 16656)
6. Flow F6 [StarTr1-->FCM1] with period 2000, payload 1216B, e2e delay 2000us, jitter 200us
	('StarTr1', 'SW13'), Operation(1, None, 99)(1, 1)
	('SW13', 'SW21'), Operation(101, None, 328)(101, 230)
	('SW21', 'SW31'), Operation(201, 335, 433)(335, 335)
	('SW31', 'FCM1'), Operation(435, None, 662)(435, 564)
7. Flow F7 [RCM2-->SM1CB] with period 8000, payload 158B, e2e delay 8000us, jitter 800us
	('RCM2', 'SW32'), Operation(1, None, 14)(1, 1)
	('SW32', 'SW8'), Operation(16, 21, 34)(21, 21)
	('SW8', 'SW51'), Operation(36, 41, 54)(41, 41)
	('SW51', 'SM1CB'), Operation(56, None, 198)(56, 185)
8. Flow F8 [BFCU-->CM2CA] with period 32000, payload 1133B, e2e delay 32000us, jitter 3200us
	('BFCU', 'SW22'), Operation(7629, None, 7720)(7629, 7629)
	('SW22', 'SW32'), Operation(7722, None, 7942)(7722, 7851)
	('SW32', 'SW42'), Operation(7815, None, 8164)(7815, 8073)
	('SW42', 'CM2CA'), Operation(7908, None, 8386)(7908, 8295)
9. Flow F9 [CM2CB-->LCM1] with period 64000, payload 527B, e2e delay 64000us, jitter 6400us
	('CM2CB', 'SW42'), Operation(1, None, 44)(1, 1)
	('SW42', 'SW32'), Operation(46, 51, 94)(51, 51)
	('SW32', 'SW7'), Operation(96, 101, 144)(101, 101)
	('SW7', 'SW31'), Operation(146, None, 318)(146, 275)
	('SW31', 'LCM1'), Operation(191, None, 492)(191, 449)
10. Flow F10 [DU3-->CM1CA] with period 128000, payload 1139B, e2e delay 128000us, jitter 12800us
	('DU3', 'SW11'), Operation(126241, None, 126333)(126241, 126241)
	('SW11', 'SW21'), Operation(126335, 126340, 126432)(126340, 126340)
	('SW21', 'SW31'), Operation(126434, 126439, 126531)(126439, 126439)
	('SW31', 'SW41'), Operation(126533, 126538, 126630)(126538, 126538)
	('SW41', 'CM1CA'), Operation(126632, 126637, 126729)(126637, 126637)
11. Flow F11 [CMRIU2-->SM1CB] with period 64000, payload 1057B, e2e delay 64000us, jitter 6400us
	('CMRIU2', 'SW22'), Operation(39856, None, 39941)(39856, 39856)
	('SW22', 'SW32'), Operation(39943, 39948, 40033)(39948, 39948)
	('SW32', 'SW8'), Operation(40035, None, 40249)(40035, 40164)
	('SW8', 'SW51'), Operation(40122, None, 40465)(40122, 40380)
	('SW51', 'SM1CB'), Operation(40209, None, 40681)(40209, 40596)
12. Flow F12 [RCM1-->MIMU2] with period 16000, payload 1163B, e2e delay 16000us, jitter 1600us
	('RCM1', 'SW31'), Operation(15354, None, 15448)(15354, 15354)
	('SW31', 'SW21'), Operation(15450, 15455, 15549)(15455, 15455)
	('SW21', 'SW13'), Operation(15551, None, 15774)(15551, 15680)
	('SW13', 'MIMU2'), Operation(15647, None, 15999)(15647, 15905)
13. Flow F13 [RCM1-->CMRIU1] with period 128000, payload 1334B, e2e delay 128000us, jitter 12800us
	('RCM1', 'SW31'), Operation(15449, None, 15556)(15449, 15449)
	('SW31', 'SW21'), Operation(15558, None, 15794)(15558, 15687)
	('SW21', 'CMRIU1'), Operation(15667, None, 16032)(15667, 15925)
14. Flow F14 [DU2-->LCM1] with period 64000, payload 742B, e2e delay 64000us, jitter 6400us
	('DU2', 'SW11'), Operation(46305, None, 46365)(46305, 46305)
	('SW11', 'SW21'), Operation(46367, 46372, 46432)(46372, 46372)
	('SW21', 'SW31'), Operation(46434, 46439, 46499)(46439, 46439)
	('SW31', 'LCM1'), Operation(46501, None, 46690)(46501, 46630)
15. Flow F15 [SM1CA-->MIMU1] with period 32000, payload 663B, e2e delay 32000us, jitter 3200us
	('SM1CA', 'SW51'), Operation(1, None, 55)(1, 1)
	('SW51', 'SW41'), Operation(57, None, 240)(57, 186)
	('SW41', 'SW31'), Operation(113, 247, 301)(247, 247)
	('SW31', 'SW21'), Operation(303, None, 486)(303, 432)
	('SW21', 'SW13'), Operation(359, 493, 547)(493, 493)
	('SW13', 'MIMU1'), Operation(549, None, 732)(549, 678)
16. Flow F16 [StarTr1-->BFCU] with period 8000, payload 1048B, e2e delay 8000us, jitter 800us
	('StarTr1', 'SW13'), Operation(100, None, 184)(100, 100)
	('SW13', 'SW22'), Operation(186, None, 399)(186, 315)
	('SW22', 'BFCU'), Operation(272, None, 614)(272, 530)
17. Flow F17 [MIMU2-->RCM2] with period 64000, payload 531B, e2e delay 64000us, jitter 6400us
	('MIMU2', 'SW13'), Operation(31230, None, 31273)(31230, 31230)
	('SW13', 'SW22'), Operation(31275, None, 31447)(31275, 31404)
	('SW22', 'SW32'), Operation(31320, 31454, 31497)(31454, 31454)
	('SW32', 'RCM2'), Operation(31499, None, 31671)(31499, 31628)
18. Flow F18 [CMRIU2-->CM2CA] with period 16000, payload 969B, e2e delay 16000us, jitter 1600us
	('CMRIU2', 'SW22'), Operation(15418, None, 15496)(15418, 15418)
	('SW22', 'SW32'), Operation(15498, None, 15705)(15498, 15627)
	('SW32', 'SW42'), Operation(15578, None, 15914)(15578, 15836)
	('SW42', 'CM2CA'), Operation(15658, 15921, 15999)(15921, 15921)
19. Flow F19 [LCM1-->CMRIU2] with period 32000, payload 1078B, e2e delay 32000us, jitter 3200us
	('LCM1', 'SW31'), Operation(1, None, 88)(1, 1)
	('SW31', 'SW7'), Operation(90, None, 306)(90, 219)
	('SW7', 'SW22'), Operation(179, None, 524)(179, 437)
	('SW22', 'CMRIU2'), Operation(268, None, 742)(268, 655)

SMT variables: 
	F10_('SW31', 'SW41')_t4_min: 126538
	F9_('SW31', 'LCM1')_t3_max: 325
	F2_('SW41', 'CM1CB')_gc: False
	F3_('SW21', 'SW13')_t4_min: 32605
	('SW13', 'MIMU2')_gcl_cycle: 1
	F6_('SW21', 'SW31')_t4_max: 335
	F17_('SW13', 'SW22')_t5_max: 31447
	F6_('SW21', 'SW31')_t4_min: 335
	F7_queue_index: 0
	F6_('StarTr1', 'SW13')_t3_max: -123
	F11_('SW8', 'SW51')_t4_min: 40122
	F5_('SW31', 'SW21')_rr: 0
	F0_('SW52', 'SW8')_gc: False
	F11_('CMRIU2', 'SW22')_t3_max: 39732
	F14_('SW11', 'SW21')_rr: 2
	('SW21', 'SW13')_gcl_cycle: 64000
	('RCM2', 'SW32')_gcl_cycle: 1
	F12_('SW21', 'SW13')_tb: 15551
	('SW51', 'SM1CB')_gcl_cycle: 1
	F0_('SW31', 'SW21')_gc: False
	('SW31', 'LCM1')_gcl_cycle: 1
	F9_('SW42', 'SW32')_gc: True
	F9_('SW32', 'SW7')_rr: 1
	F17_('SW22', 'SW32')_rr: 2
	F10_('SW41', 'CM1CA')_t3_max: 126637
	F18_('CMRIU2', 'SW22')_t3_max: 15294
	F5_('SW6', 'SW31')_t4_max: 16107
	F6_('StarTr1', 'SW13')_t5_min: 99
	F12_('RCM1', 'SW31')_rr: 0
	('MIMU2', 'SW13')_gcl_cycle: 1
	F1_('SW52', 'SM2CA')_t4_min: 103922
	F4_('FCM1', 'SW31')_t3_max: -71
	F6_('SW13', 'SW21')_rr: 0
	('SW51', 'SW41')_gcl_cycle: 1
	F3_('FCM1', 'SW31')_tb: 32379
	F5_queue_index: 0
	F0_('SW21', 'CMRIU1')_t4_min: 16033
	F5_('SW6', 'SW31')_t4_min: 16107
	('SW31', 'SW21')_gcl_length: 10
	('SW32', 'SW7')_gcl_cycle: 64000
	F3_('FCM1', 'SW31')_rr: 0
	F11_('SW51', 'SM1CB')_t4_max: 40596
	F13_('RCM1', 'SW31')_rr: 0
	F19_('SW7', 'SW22')_rr: 0
	F11_('SW51', 'SM1CB')_t4_min: 40209
	F4_('SW11', 'DU2')_rr: 0
	('SW8', 'SW51')_gcl_cycle: 8000
	F19_('LCM1', 'SW31')_rr: 0
	F5_('SW21', 'SW13')_t4_max: 16473
	F7_('RCM2', 'SW32')_rr: 0
	F13_jitter: 258
	F1_jitter: 0
	F18_('SW42', 'CM2CA')_rr: 1
	F15_('SW51', 'SW41')_t4_max: 186
	F15_jitter: 129
	F10_('SW41', 'CM1CA')_tb: 126637
	F5_('SW31', 'SW21')_gc: False
	F14_('SW21', 'SW31')_t4_max: 46439
	F1_('BFCU', 'SW22')_gc: False
	F15_('SM1CA', 'SW51')_gc: False
	F2_('SW11', 'SW21')_gc: True
	F2_('SW11', 'SW21')_t4_max: 126452
	F17_('SW22', 'SW32')_gc: True
	F2_('SW11', 'SW21')_rr: 1
	F6_queue_index: 0
	F0_('SW31', 'SW21')_t4_max: 16131
	F2_('SW21', 'SW31')_t4_max: 126694
	F19_('SW22', 'CMRIU2')_rr: 0
	F0_('SW31', 'SW21')_rr: 0
	F10_('SW11', 'SW21')_t4_max: 126340
	F17_('SW13', 'SW22')_t4_max: 31404
	F19_('LCM1', 'SW31')_t4_max: 1
	F18_('SW22', 'SW32')_gc: False
	F19_('SW22', 'CMRIU2')_gc: False
	F3_('SW31', 'SW21')_t4_min: 32492
	F1_('SW42', 'SW52')_tb: 103821
	F19_('SW22', 'CMRIU2')_tb: 268
	F6_('SW31', 'FCM1')_gc: False
	F3_('FCM1', 'SW31')_gc: False
	F19_('LCM1', 'SW31')_gc: False
	F3_('SW21', 'SW13')_gc: True
	F12_('SW13', 'MIMU2')_rr: 0
	F5_('SW13', 'MIMU2')_t4_max: 16656
	F15_('SW13', 'MIMU1')_t5_min: 603
	F18_('SW42', 'CM2CA')_t3_min: 15658
	F2_('DU3', 'SW11')_t3_max: 126210
	F6_('StarTr1', 'SW13')_rr: 0
	F1_('SW42', 'SW52')_gc: True
	F5_('SW31', 'SW21')_t5_max: 16342
	F1_('SW32', 'SW42')_rr: 0
	('SW6', 'SW31')_gcl_cycle: 128000
	('SW31', 'SW41')_gcl_cycle: 128000
	F5_('SW31', 'SW21')_t3_min: 16161
	F13_('SW21', 'CMRIU1')_gc: False
	F16_('StarTr1', 'SW13')_t3_max: -24
	F14_('SW21', 'SW31')_gc: True
	F10_('SW41', 'CM1CA')_t4_min: 126637
	F17_('SW22', 'SW32')_t4_max: 31454
	('SW32', 'RCM2')_gcl_cycle: 1
	F7_('SW32', 'SW8')_t4_min: 21
	F4_('SW21', 'SW11')_t4_min: 309
	('SW13', 'MIMU2')_gcl_length: 0
	F14_('DU2', 'SW11')_t3_max: 46181
	('SW13', 'MIMU1')_gcl_cycle: 1
	F18_('SW32', 'SW42')_t4_max: 15836
	F10_('SW31', 'SW41')_t4_max: 126538
	F17_('SW22', 'SW32')_t4_min: 31454
	('SW13', 'SW21')_gcl_cycle: 1
	F13_('SW21', 'CMRIU1')_rr: 0
	F19_('SW22', 'CMRIU2')_t4_min: 268
	F10_('DU3', 'SW11')_rr: 0
	F9_('SW42', 'SW32')_t4_min: 51
	F4_('SW11', 'DU2')_gc: False
	F10_('SW31', 'SW41')_t3_min: 126533
	F9_('CM2CB', 'SW42')_t3_max: -123
	F11_('SW22', 'SW32')_gc: True
	F8_('SW22', 'SW32')_t3_min: 7722
	('SW31', 'SW41')_gcl_length: 2
	('SW8', 'SW31')_gcl_cycle: 64000
	F3_('SW31', 'SW21')_rr: 1
	F1_('SW32', 'SW42')_tb: 103591
	F1_('SW22', 'SW32')_t4_max: 103495
	F14_('SW11', 'SW21')_t4_max: 46372
	('DU2', 'SW11')_gcl_length: 0
	('SW11', 'SW21')_gcl_cycle: 128000
	F4_('SW21', 'SW11')_gc: True
	F17_('SW32', 'RCM2')_t5_min: 31542
	F5_('SW21', 'SW13')_rr: 0
	F19_('SW7', 'SW22')_gc: False
	F4_('SW31', 'SW21')_t4_max: 243
	F9_('SW31', 'LCM1')_rr: 0
	F12_('SW31', 'SW21')_t4_max: 15455
	F15_('SW31', 'SW21')_t4_max: 432
	F8_('SW32', 'SW42')_t4_max: 8073
	F6_('SW21', 'SW31')_t5_min: 433
	F14_('DU2', 'SW11')_gc: False
	F8_('SW42', 'CM2CA')_gc: False
	F5_('SW6', 'SW31')_tb: 16107
	F0_('SW31', 'SW21')_t4_min: 16002
	F4_('SW31', 'SW21')_rr: 0
	F15_('SW41', 'SW31')_t5_max: 301
	F17_('SW13', 'SW22')_t4_min: 31275
	('SW32', 'RCM2')_gcl_length: 0
	F8_('SW22', 'SW32')_t5_min: 7813
	('SW21', 'CMRIU1')_gcl_cycle: 1
	('SW32', 'SW8')_gcl_cycle: 8000
	F8_jitter: 387
	F9_('SW42', 'SW32')_rr: 1
	F5_('SW31', 'SW21')_t4_min: 16161
	('RCM1', 'SW31')_gcl_cycle: 1
	F5_('SW31', 'SW21')_t4_max: 16290
	F18_jitter: 0
	F12_('SW31', 'SW21')_t5_max: 15549
	F8_('BFCU', 'SW22')_rr: 0
	F15_('SM1CA', 'SW51')_rr: 0
	F8_('SW22', 'SW32')_t4_min: 7722
	F10_('DU3', 'SW11')_gc: False
	F8_('SW32', 'SW42')_gc: False
	('CM2CB', 'SW42')_gcl_cycle: 1
	F8_('SW22', 'SW32')_gc: False
	F3_('SW13', 'MIMU3')_t3_min: 32713
	F14_('SW21', 'SW31')_t4_min: 46439
	F7_('SW32', 'SW8')_gc: True
	F18_('CMRIU2', 'SW22')_rr: 0
	F9_('SW32', 'SW7')_t4_min: 101
	F5_('SW13', 'MIMU2')_rr: 0
	F0_('SW52', 'SW8')_t5_min: 15835
	F17_('SW32', 'RCM2')_gc: False
	F10_('SW21', 'SW31')_t4_min: 126439
	F13_('RCM1', 'SW31')_gc: False
	F15_('SW51', 'SW41')_gc: False
	F7_('SW8', 'SW51')_t4_min: 41
	F1_('SW52', 'SM2CA')_t3_min: 103917
	('SW42', 'SW32')_gcl_cycle: 64000
	F19_('SW22', 'CMRIU2')_t3_max: 531
	F11_('SW22', 'SW32')_t5_min: 40033
	F16_('StarTr1', 'SW13')_rr: 0
	F11_queue_index: 0
	F5_jitter: 387
	F14_('SW31', 'LCM1')_t4_min: 46501
	F5_('SW13', 'MIMU2')_tb: 16269
	F19_queue_index: 0
	('SW22', 'CMRIU2')_gcl_cycle: 1
	F15_queue_index: 0
	F15_('SW51', 'SW41')_t4_min: 57
	F0_('SW52', 'SW8')_t4_min: 15806
	F16_('SW13', 'SW22')_t4_max: 315
	F0_('SW52', 'SW8')_rr: 0
	F18_('CMRIU2', 'SW22')_t3_min: 15418
	F15_('SM1CA', 'SW51')_t3_max: -123
	F7_('RCM2', 'SW32')_gc: False
	F1_('SW32', 'SW42')_t4_max: 103720
	F19_('SW31', 'SW7')_gc: False
	F2_('SW41', 'CM1CB')_t4_min: 126791
	F13_('SW31', 'SW21')_gc: False
	F17_('SW13', 'SW22')_tb: 31275
	F4_('FCM1', 'SW31')_t4_min: 53
	F10_('SW31', 'SW41')_rr: 1
	F14_('SW11', 'SW21')_gc: True
	F3_('SW31', 'SW21')_gc: True
	F2_('SW11', 'SW21')_t4_min: 126452
	F11_('SW32', 'SW8')_t5_max: 40249
	('SW52', 'SW8')_gcl_cycle: 1
	F12_('SW21', 'SW13')_t4_min: 15551
	F10_('SW11', 'SW21')_rr: 1
	F6_('SW13', 'SW21')_t4_max: 230
	F12_('SW13', 'MIMU2')_gc: False
	F12_queue_index: 0
	F4_jitter: 129
	F7_('SW8', 'SW51')_rr: 1
	F11_('SW8', 'SW51')_gc: False
	F6_('SW13', 'SW21')_t4_min: 101
	F19_('SW31', 'SW7')_t4_min: 90
	F9_('SW42', 'SW32')_t4_max: 51
	F18_('SW22', 'SW32')_tb: 15498
	('CMRIU2', 'SW22')_gcl_cycle: 1
	F15_('SW21', 'SW13')_t4_min: 493
	F18_('SW32', 'SW42')_rr: 0
	F1_('SW42', 'SW52')_t4_min: 103821
	F10_jitter: 0
	F9_('CM2CB', 'SW42')_gc: False
	F14_queue_index: 0
	F8_('SW22', 'SW32')_t4_max: 7851
	F18_('SW22', 'SW32')_rr: 0
	F1_('SW22', 'SW32')_t4_min: 103495
	F5_('SW13', 'MIMU2')_t4_min: 16269
	F7_('SW32', 'SW8')_rr: 1
	F11_('SW22', 'SW32')_t4_max: 39948
	F18_('CMRIU2', 'SW22')_gc: False
	F13_('SW31', 'SW21')_t4_min: 15558
	('SW11', 'DU2')_gcl_cycle: 1
	F6_('StarTr1', 'SW13')_gc: False
	F10_('SW41', 'CM1CA')_gc: True
	F0_jitter: 258
	F18_('SW42', 'CM2CA')_t4_min: 15921
	F8_('SW32', 'SW42')_rr: 0
	F0_('SW8', 'SW31')_gc: True
	F16_('SW13', 'SW22')_rr: 0
	F7_('SW51', 'SM1CB')_gc: False
	F17_('MIMU2', 'SW13')_gc: False
	F1_('SW22', 'SW32')_t5_max: 103589
	F18_('SW22', 'SW32')_t5_min: 15576
	F11_('SW32', 'SW8')_gc: False
	F12_('SW31', 'SW21')_rr: 4
	F15_('SW13', 'MIMU1')_gc: False
	F14_('SW31', 'LCM1')_gc: False
	F2_('SW31', 'SW41')_rr: 0
	('LCM1', 'SW31')_gcl_cycle: 1
	F5_('SW6', 'SW31')_gc: True
	F2_('SW41', 'CM1CB')_t5_max: 127289
	F8_('SW42', 'CM2CA')_rr: 0
	F10_('SW21', 'SW31')_t4_max: 126439
	F12_('RCM1', 'SW31')_gc: False
	F4_('SW31', 'SW21')_gc: False
	F11_('SW22', 'SW32')_tb: 39948
	F6_jitter: 129
	F15_('SW41', 'SW31')_gc: True
	F11_('SW32', 'SW8')_t4_min: 40035
	F14_('SW11', 'SW21')_t4_min: 46372
	F18_queue_index: 0
	F4_('FCM1', 'SW31')_rr: 0
	F5_('SMRIU1', 'SW6')_rr: 0
	('SW41', 'SW31')_gcl_cycle: 32000
	F17_('MIMU2', 'SW13')_t3_max: 31106
	F9_jitter: 258
	F11_('CMRIU2', 'SW22')_gc: False
	F3_queue_index: 0
	F0_('SW8', 'SW31')_rr: 1
	F0_('SM2CA', 'SW52')_gc: False
	F15_('SW31', 'SW21')_t4_min: 303
	('SW52', 'SM2CA')_gcl_cycle: 128000
	F1_('SW52', 'SM2CA')_t3_max: 103922
	F0_queue_index: 0
	F10_('SW21', 'SW31')_gc: True
	F16_('SW13', 'SW22')_t3_min: 186
	F16_queue_index: 0
	('SMRIU1', 'SW6')_gcl_cycle: 1
	F15_('SW31', 'SW21')_rr: 0
	F4_('SW11', 'DU2')_t4_min: 370
	('DU3', 'SW11')_gcl_cycle: 1
	F9_('SW7', 'SW31')_gc: False
	('SW31', 'SW7')_gcl_cycle: 1
	F15_('SW41', 'SW31')_t4_max: 247
	F5_('SW13', 'MIMU2')_t5_min: 16321
	F11_('SW22', 'SW32')_t4_min: 39948
	F1_('SW42', 'SW52')_t4_max: 103821
	F3_('FCM1', 'SW31')_t3_max: 32255
	F3_('SW13', 'MIMU3')_rr: 0
	('CM2CB', 'SW42')_gcl_length: 0
	F11_('SW51', 'SM1CB')_t3_min: 40209
	F16_('SW22', 'BFCU')_rr: 0
	F15_('SW31', 'SW21')_t3_min: 303
	F12_('SW21', 'SW13')_gc: False
	F7_('SW8', 'SW51')_t4_max: 41
	F13_('RCM1', 'SW31')_t3_max: 15325
	F2_('SW21', 'SW31')_rr: 0
	F8_('BFCU', 'SW22')_t4_min: 7629
	F1_('SW42', 'SW52')_rr: 1
	F9_('SW32', 'SW7')_t4_max: 101
	F5_('SW13', 'MIMU2')_gc: False
	F15_('SW13', 'MIMU1')_rr: 0
	F18_('SW22', 'SW32')_t4_min: 15498
	F16_('StarTr1', 'SW13')_t5_min: 184
	('SW21', 'SW11')_gcl_cycle: 128000
	F17_('SW32', 'RCM2')_t5_max: 31671
	('SW42', 'SW52')_gcl_cycle: 128000
	F9_('CM2CB', 'SW42')_rr: 0
	('SW7', 'SW31')_gcl_cycle: 1
	F3_('SW13', 'MIMU3')_t4_min: 32713
	F15_('SW41', 'SW31')_rr: 1
	F6_('SW31', 'FCM1')_t4_min: 435
	F11_('SW8', 'SW51')_rr: 0
	F10_('SW21', 'SW31')_rr: 1
	F0_('SM2CA', 'SW52')_rr: 0
	F1_('SW22', 'SW32')_rr: 1
	('SW22', 'BFCU')_gcl_length: 0
	F11_('SW32', 'SW8')_rr: 0
	F7_jitter: 129
	F18_('SW22', 'SW32')_t4_max: 15627
	F17_('MIMU2', 'SW13')_t5_min: 31273
	F0_('SW8', 'SW31')_t4_min: 15971
	('SW31', 'FCM1')_gcl_cycle: 1
	F2_queue_index: 0
	F0_('SW52', 'SW8')_t4_max: 15935
	F1_('SW52', 'SM2CA')_rr: 1
	F1_('BFCU', 'SW22')_t3_max: 103270
	F7_('SW51', 'SM1CB')_t4_min: 56
	F15_('SW31', 'SW21')_gc: False
	F0_('SW21', 'CMRIU1')_gc: False
	F3_('SW21', 'SW13')_rr: 1
	F1_('SW32', 'SW42')_gc: False
	F13_queue_index: 0
	('FCM1', 'SW31')_gcl_cycle: 1
	F5_('SMRIU1', 'SW6')_gc: False
	F1_('SW52', 'SM2CA')_gc: True
	F11_('SW32', 'SW8')_t3_min: 40035
	F3_('SW13', 'MIMU3')_gc: False
	F11_jitter: 387
	F2_('SW41', 'CM1CB')_rr: 0
	F5_('SW21', 'SW13')_gc: False
	F3_('SW31', 'SW21')_t4_max: 32492
	F0_('SM2CA', 'SW52')_t3_max: 15651
	F13_('SW21', 'CMRIU1')_t4_min: 15667
	F13_('SW21', 'CMRIU1')_t4_max: 15925
	F16_('StarTr1', 'SW13')_gc: False
	F11_('SW8', 'SW51')_t4_max: 40380
	F19_('SW7', 'SW22')_t4_max: 437
	F10_('SW11', 'SW21')_gc: True
	F12_('SW31', 'SW21')_gc: True
	F9_('SW7', 'SW31')_t4_max: 275
	F11_('SW32', 'SW8')_t4_max: 40164
	F3_('SW21', 'SW13')_t4_max: 32605
	('SW21', 'SW31')_gcl_cycle: 128000
	('SW7', 'SW22')_gcl_cycle: 1
	F11_('SW51', 'SM1CB')_gc: False
	F10_('SW31', 'SW41')_gc: True
	F9_('SW7', 'SW31')_t4_min: 146
	F12_('RCM1', 'SW31')_t3_max: 15230
	F10_('SW21', 'SW31')_t5_min: 126531
	F18_('SW42', 'CM2CA')_t5_max: 15999
	F4_('SW21', 'SW11')_t4_max: 309
	F6_('SW13', 'SW21')_tb: 101
	F17_('SW22', 'SW32')_t3_min: 31320
	F7_('SW32', 'SW8')_t4_max: 21
	F14_('DU2', 'SW11')_t3_min: 46305
	F14_('SW31', 'LCM1')_rr: 0
	F1_('SW32', 'SW42')_t4_min: 103591
	F8_('SW22', 'SW32')_rr: 0
	F15_('SM1CA', 'SW51')_t3_min: 1
	F4_queue_index: 0
	F7_('SW8', 'SW51')_gc: True
	F6_('SW31', 'FCM1')_tb: 435
	F7_('SW32', 'SW8')_t5_min: 34
	F15_('SW41', 'SW31')_t4_min: 247
	F10_('DU3', 'SW11')_t3_max: 126117
	F13_('SW31', 'SW21')_t5_max: 15794
	F9_('SW42', 'SW32')_t5_max: 94
	('SW13', 'SW22')_gcl_cycle: 1
	F0_('SW21', 'CMRIU1')_rr: 0
	F14_jitter: 129
	F19_('LCM1', 'SW31')_t3_max: -123
	F17_('SW32', 'RCM2')_t4_min: 31499
	F15_('SW31', 'SW21')_tb: 303
	F2_('DU3', 'SW11')_gc: False
	F10_queue_index: 0
	F10_('SW11', 'SW21')_t4_min: 126340
	F12_('SW21', 'SW13')_rr: 0
	F8_('SW32', 'SW42')_t4_min: 7815
	F15_('SW21', 'SW13')_rr: 2
	F17_('SW32', 'RCM2')_rr: 0
	F4_('FCM1', 'SW31')_gc: False
	F0_('SW8', 'SW31')_t4_max: 15971
	F15_('SW51', 'SW41')_t5_max: 240
	F17_('MIMU2', 'SW13')_rr: 0
	F15_('SW13', 'MIMU1')_t3_min: 549
	F15_('SW51', 'SW41')_tb: 57
	F10_('SW21', 'SW31')_tb: 126439
	F2_('SW31', 'SW41')_t4_min: 126678
	F16_('SW22', 'BFCU')_t4_min: 272
	F15_('SW13', 'MIMU1')_t4_min: 549
	F17_('SW13', 'SW22')_gc: False
	('FCM1', 'SW31')_gcl_length: 0
	F3_jitter: 129
	F7_('RCM2', 'SW32')_t3_max: -123
	F1_('SW52', 'SM2CA')_t5_min: 104016
	F12_('SW21', 'SW13')_t4_max: 15680
	F6_('SW13', 'SW21')_gc: False
	F8_('BFCU', 'SW22')_gc: False
	F17_jitter: 129
	F9_queue_index: 0
	F16_('SW22', 'BFCU')_gc: False
	F12_jitter: 258
	F8_('BFCU', 'SW22')_t3_max: 7505
	F6_('SW21', 'SW31')_gc: True
	F13_('SW31', 'SW21')_t4_max: 15687
	F10_('SW41', 'CM1CA')_rr: 1
	F17_queue_index: 0
	F4_('SW31', 'SW21')_t4_min: 114
	F1_('BFCU', 'SW22')_rr: 0
	F6_('SW31', 'FCM1')_rr: 0
	F18_('SW42', 'CM2CA')_gc: True
	F2_('SW31', 'SW41')_gc: False
	('DU2', 'SW11')_gcl_cycle: 1
	('SW13', 'MIMU3')_gcl_cycle: 1
	F8_queue_index: 0
	F9_('SW7', 'SW31')_rr: 0
	F14_('DU2', 'SW11')_rr: 0
	F16_('SW13', 'SW22')_gc: False
	F19_('SW31', 'SW7')_rr: 0
	F10_('DU3', 'SW11')_t4_max: 126241
	('SW32', 'SW42')_gcl_cycle: 1
	F4_('SW21', 'SW11')_rr: 1
	('SW31', 'SW21')_gcl_cycle: 64000
	F15_('SW21', 'SW13')_gc: True
	F17_('SW13', 'SW22')_rr: 0
	F18_('SW32', 'SW42')_t4_min: 15578
	F0_('SW8', 'SW31')_t5_max: 16000
	('SM2CA', 'SW52')_gcl_cycle: 1
	F16_('SW13', 'SW22')_t4_min: 186
	F5_('SW21', 'SW13')_t4_min: 16215
	F7_('SW51', 'SM1CB')_rr: 0
	F5_('SMRIU1', 'SW6')_t3_max: 15924
	F11_('CMRIU2', 'SW22')_rr: 0
	F11_('SW22', 'SW32')_rr: 2
	F1_queue_index: 0
	F13_('SW31', 'SW21')_rr: 0
	F6_('StarTr1', 'SW13')_t5_max: 99
	F9_('SW31', 'LCM1')_t4_min: 191
	F12_('SW31', 'SW21')_t4_min: 15455
	F4_('SW11', 'DU2')_t5_min: 429
	F12_('SW13', 'MIMU2')_t4_min: 15647
	F19_jitter: 387
	F2_jitter: 387
	F9_('SW32', 'SW7')_gc: True
	F4_('SW11', 'DU2')_t3_max: 375
	F3_('SW31', 'SW21')_t5_min: 32598
	F19_('SW7', 'SW22')_t4_min: 179
	F15_('SW13', 'MIMU1')_t4_max: 678
	('SW41', 'CM1CA')_gcl_cycle: 128000
	('SW22', 'BFCU')_gcl_cycle: 1
	F2_('SW21', 'SW31')_t4_min: 126565
	F16_jitter: 258
	F14_('SW31', 'LCM1')_t3_min: 46501
	('SW42', 'CM2CA')_gcl_cycle: 16000
	F9_('SW31', 'LCM1')_gc: False
	F5_('SW6', 'SW31')_rr: 1
	F6_('SW21', 'SW31')_rr: 64
	F18_('SW32', 'SW42')_gc: False
	F19_('LCM1', 'SW31')_t4_min: 1
	F14_('SW21', 'SW31')_rr: 2
	F12_('SW13', 'MIMU2')_t4_max: 15905
	('SW13', 'SW21')_gcl_length: 0
	F15_('SW51', 'SW41')_rr: 0
	('SW41', 'CM1CB')_gcl_cycle: 1
	F15_('SW21', 'SW13')_t4_max: 493
	F1_('SW22', 'SW32')_gc: True
	F19_('SW31', 'SW7')_t4_max: 219
	F11_('SW51', 'SM1CB')_rr: 0
	F10_('SW41', 'CM1CA')_t3_min: 126632
	F2_('SW21', 'SW31')_gc: False
	F2_('DU3', 'SW11')_rr: 0
	('BFCU', 'SW22')_gcl_cycle: 1
	F2_('SW31', 'SW41')_t4_max: 126936
	('StarTr1', 'SW13')_gcl_cycle: 1
	('SW22', 'SW32')_gcl_cycle: 128000
	F8_('SW42', 'CM2CA')_t4_min: 7908
	('SM1CA', 'SW51')_gcl_cycle: 1
	F11_('SW22', 'SW32')_t3_max: 39948
	F12_('SW31', 'SW21')_t3_max: 15455
	F13_('SW31', 'SW21')_t3_max: 15563
	F6_('SW13', 'SW21')_t3_max: 106
	F19_('SW31', 'SW7')_t3_max: 95
	F4_('SW31', 'SW21')_t3_max: 119
	F0_('SW52', 'SW8')_t3_max: 15811
	F14_('SW11', 'SW21')_t3_max: 46372
	F10_('SW11', 'SW21')_t3_max: 126340
	F15_('SW51', 'SW41')_t3_max: 62
	F7_('SW32', 'SW8')_t3_max: 21
	F8_('SW22', 'SW32')_t3_max: 7727
	F18_('SW22', 'SW32')_t3_max: 15503
	F16_('SW13', 'SW22')_t3_max: 191
	F1_('SW22', 'SW32')_t3_max: 103495
	F17_('SW13', 'SW22')_t3_max: 31280
	F5_('SW6', 'SW31')_t3_max: 16107
	F9_('SW42', 'SW32')_t3_max: 51
	F2_('SW11', 'SW21')_t3_max: 126452
	F3_('SW31', 'SW21')_t3_max: 32492
	F5_('SW13', 'MIMU2')_t3_max: 16532
	F6_('StarTr1', 'SW13')_t4_max: 1
	F13_('SW21', 'CMRIU1')_t5_max: 16032
	F1_('SW42', 'SW52')_t3_max: 103821
	F2_('SW21', 'SW31')_t5_min: 126676
	F15_('SW13', 'MIMU1')_t3_max: 554
	F17_('SW22', 'SW32')_t5_max: 31497
	F15_('SW41', 'SW31')_t3_min: 113
	F11_('SW32', 'SW8')_t3_max: 40040
	F8_('BFCU', 'SW22')_t5_max: 7720
	F2_('DU3', 'SW11')_t4_max: 126334
	F1_('SW22', 'SW32')_t5_min: 103589
	F1_('SW42', 'SW52')_t5_max: 103915
	F17_('SW32', 'RCM2')_t3_min: 31499
	F0_('SW21', 'CMRIU1')_t5_max: 16320
	F19_('SW22', 'CMRIU2')_t4_max: 655
	F3_('SW13', 'MIMU3')_tb: 32713
	('SM2CA', 'SW52')_gcl_length: 0
	F15_('SW21', 'SW13')_t3_max: 493
	F5_('SMRIU1', 'SW6')_tb: 16048
	F12_('RCM1', 'SW31')_t4_max: 15354
	F7_('SW51', 'SM1CB')_t3_min: 56
	('SW13', 'MIMU1')_gcl_length: 0
	F5_('SMRIU1', 'SW6')_t5_max: 16100
	F12_('RCM1', 'SW31')_tb: 15354
	F13_('SW21', 'CMRIU1')_t5_min: 15774
	F16_('StarTr1', 'SW13')_t3_min: 100
	F18_('SW22', 'SW32')_t3_min: 15498
	F9_('SW31', 'LCM1')_t4_max: 449
	F2_('SW41', 'CM1CB')_t3_min: 126791
	F11_('CMRIU2', 'SW22')_t3_min: 39856
	F1_('SW22', 'SW32')_tb: 103495
	F6_('SW13', 'SW21')_t3_min: 101
	('SW31', 'SW7')_gcl_length: 0
	F4_('SW11', 'DU2')_t3_min: 370
	F8_('SW42', 'CM2CA')_t4_max: 8295
	F14_('SW21', 'SW31')_t5_min: 46499
	F18_('SW22', 'SW32')_t5_max: 15705
	F15_('SW21', 'SW13')_t3_min: 359
	F2_('DU3', 'SW11')_t3_min: 126334
	F1_('SW52', 'SM2CA')_t5_max: 104016
	F5_('SW6', 'SW31')_t5_min: 16159
	F5_('SW21', 'SW13')_tb: 16215
	F2_('SW41', 'CM1CB')_tb: 126791
	F4_('SW11', 'DU2')_t5_max: 558
	F18_('CMRIU2', 'SW22')_tb: 15418
	F5_('SW21', 'SW13')_t5_max: 16525
	F1_('SW32', 'SW42')_t5_min: 103685
	F8_('BFCU', 'SW22')_t3_min: 7629
	F6_('SW21', 'SW31')_t3_max: 335
	F17_('MIMU2', 'SW13')_t3_min: 31230
	F9_('SW42', 'SW32')_t3_min: 46
	F9_('CM2CB', 'SW42')_t5_min: 44
	F2_('SW11', 'SW21')_t5_max: 126563
	('DU3', 'SW11')_gcl_length: 0
	F1_('SW52', 'SM2CA')_tb: 103922
	F19_('SW31', 'SW7')_t5_min: 177
	F0_('SW21', 'CMRIU1')_tb: 16033
	F19_('SW31', 'SW7')_tb: 90
	('SW32', 'SW7')_gcl_length: 2
	('SW42', 'SW52')_gcl_length: 2
	F10_('DU3', 'SW11')_tb: 126241
	F8_('SW42', 'CM2CA')_tb: 7908
	F0_('SW21', 'CMRIU1')_t3_min: 16033
	F6_('SW13', 'SW21')_t5_min: 199
	F9_('SW7', 'SW31')_t5_min: 189
	F15_('SW21', 'SW13')_t5_min: 547
	F5_('SW21', 'SW13')_t3_min: 16215
	F1_('BFCU', 'SW22')_t4_max: 103394
	F9_('SW32', 'SW7')_t3_max: 101
	F10_('DU3', 'SW11')_t3_min: 126241
	F12_('RCM1', 'SW31')_t4_min: 15354
	F14_('DU2', 'SW11')_t4_max: 46305
	F11_('SW32', 'SW8')_tb: 40035
	F4_('SW21', 'SW11')_t5_min: 368
	F0_('SM2CA', 'SW52')_t5_min: 15804
	F3_('SW31', 'SW21')_tb: 32492
	F2_('SW31', 'SW41')_t5_min: 126789
	F14_('SW11', 'SW21')_t5_max: 46432
	F1_('BFCU', 'SW22')_t5_max: 103488
	F14_('SW31', 'LCM1')_t3_max: 46506
	F10_('SW21', 'SW31')_t5_max: 126531
	F5_('SW13', 'MIMU2')_t5_max: 16708
	F2_('SW21', 'SW31')_t3_min: 126565
	F4_('FCM1', 'SW31')_t4_max: 53
	F2_('SW21', 'SW31')_tb: 126565
	F12_('SW31', 'SW21')_t3_min: 15450
	F18_('SW42', 'CM2CA')_tb: 15921
	F10_('SW31', 'SW41')_t5_min: 126630
	F2_('SW31', 'SW41')_t5_max: 127047
	F2_('DU3', 'SW11')_t4_min: 126334
	F2_('SW21', 'SW31')_t3_max: 126570
	('SW8', 'SW51')_gcl_length: 2
	F8_('BFCU', 'SW22')_t5_min: 7720
	F14_('SW21', 'SW31')_t5_max: 46499
	F8_('SW42', 'CM2CA')_t5_min: 7999
	F3_('FCM1', 'SW31')_t5_max: 32485
	F19_('SW31', 'SW7')_t5_max: 306
	('SW31', 'FCM1')_gcl_length: 0
	F9_('SW42', 'SW32')_tb: 51
	F17_('SW22', 'SW32')_t5_min: 31497
	('SW42', 'CM2CA')_gcl_length: 2
	F3_('SW21', 'SW13')_t3_max: 32605
	F1_('SW32', 'SW42')_t5_max: 103814
	('SW11', 'SW21')_gcl_length: 8
	F0_('SW31', 'SW21')_t3_max: 16007
	F3_('SW13', 'MIMU3')_t3_max: 32718
	F17_('SW32', 'RCM2')_tb: 31499
	F19_('LCM1', 'SW31')_t3_min: 1
	F10_('SW11', 'SW21')_t5_max: 126432
	F2_('DU3', 'SW11')_t5_max: 126445
	F13_('RCM1', 'SW31')_t5_max: 15556
	F13_('SW31', 'SW21')_t5_min: 15665
	F11_('SW22', 'SW32')_t5_max: 40033
	F8_('BFCU', 'SW22')_t4_max: 7629
	F10_('SW41', 'CM1CA')_t5_max: 126729
	F5_('SW31', 'SW21')_t3_max: 16166
	F2_('SW11', 'SW21')_t3_min: 126447
	F17_('SW22', 'SW32')_t3_max: 31454
	F4_('SW21', 'SW11')_tb: 309
	F10_('SW41', 'CM1CA')_t5_min: 126729
	F14_('SW31', 'LCM1')_t4_max: 46630
	('BFCU', 'SW22')_gcl_length: 0
	('SW21', 'SW13')_gcl_length: 6
	F0_('SM2CA', 'SW52')_tb: 15775
	F15_('SW21', 'SW13')_t5_max: 547
	F14_('DU2', 'SW11')_t5_min: 46365
	('SW21', 'SW31')_gcl_length: 134
	F15_('SW41', 'SW31')_t3_max: 247
	F7_('SW8', 'SW51')_t5_min: 54
	F6_('StarTr1', 'SW13')_t4_min: 1
	F18_('SW32', 'SW42')_tb: 15578
	F19_('LCM1', 'SW31')_tb: 1
	F17_('MIMU2', 'SW13')_t4_max: 31230
	F0_('SW8', 'SW31')_t3_max: 15971
	F19_('SW7', 'SW22')_t5_max: 524
	F18_('CMRIU2', 'SW22')_t5_min: 15496
	F9_('CM2CB', 'SW42')_t4_min: 1
	F7_('SW32', 'SW8')_t3_min: 16
	F0_('SM2CA', 'SW52')_t3_min: 15775
	F13_('SW31', 'SW21')_tb: 15558
	F7_('SW8', 'SW51')_t3_min: 36
	F4_('FCM1', 'SW31')_t5_min: 112
	F6_('SW31', 'FCM1')_t5_min: 533
	F3_('SW21', 'SW13')_t5_min: 32711
	F0_('SW52', 'SW8')_t5_max: 15964
	F8_('SW32', 'SW42')_tb: 7815
	('SW41', 'SW31')_gcl_length: 2
	F3_('SW21', 'SW13')_tb: 32605
	F6_('SW31', 'FCM1')_t5_max: 662
	('RCM1', 'SW31')_gcl_length: 0
	F16_('StarTr1', 'SW13')_tb: 100
	F3_('FCM1', 'SW31')_t4_min: 32379
	F1_('BFCU', 'SW22')_t3_min: 103394
	F15_('SW13', 'MIMU1')_t5_max: 732
	F2_('SW11', 'SW21')_tb: 126452
	F0_('SM2CA', 'SW52')_t5_max: 15804
	F9_('CM2CB', 'SW42')_t3_min: 1
	F9_('SW7', 'SW31')_t3_max: 151
	F2_('SW31', 'SW41')_t3_max: 126812
	F1_('BFCU', 'SW22')_tb: 103394
	F15_('SW51', 'SW41')_t3_min: 57
	F10_('SW31', 'SW41')_t3_max: 126538
	F14_('DU2', 'SW11')_t5_max: 46365
	F9_('CM2CB', 'SW42')_t5_max: 44
	F2_('SW41', 'CM1CB')_t4_max: 127178
	F15_('SW41', 'SW31')_tb: 247
	('SMRIU1', 'SW6')_gcl_length: 0
	F10_('SW31', 'SW41')_tb: 126538
	F0_('SW8', 'SW31')_t3_min: 15837
	('SW8', 'SW31')_gcl_length: 2
	F9_('SW7', 'SW31')_t3_min: 146
	F7_('SW32', 'SW8')_t5_max: 34
	F6_('SW21', 'SW31')_t3_min: 201
	F0_('SW21', 'CMRIU1')_t5_min: 16062
	F8_('SW42', 'CM2CA')_t3_min: 7908
	F8_('SW32', 'SW42')_t3_min: 7815
	F6_('SW13', 'SW21')_t5_max: 328
	F17_('SW22', 'SW32')_tb: 31454
	F18_('SW32', 'SW42')_t3_max: 15712
	F14_('SW21', 'SW31')_t3_max: 46439
	F7_('SW32', 'SW8')_tb: 21
	F1_('BFCU', 'SW22')_t5_min: 103488
	F11_('SW51', 'SM1CB')_tb: 40209
	F11_('SW51', 'SM1CB')_t5_min: 40294
	F9_('SW32', 'SW7')_t5_min: 144
	F9_('SW31', 'LCM1')_t5_min: 234
	F16_('SW13', 'SW22')_t5_max: 399
	F5_('SMRIU1', 'SW6')_t5_min: 16100
	F5_('SW21', 'SW13')_t3_max: 16349
	F9_('CM2CB', 'SW42')_tb: 1
	F1_('SW52', 'SM2CA')_t4_max: 103922
	F8_('SW42', 'CM2CA')_t3_max: 8171
	F12_('SW13', 'MIMU2')_t5_min: 15741
	F2_('SW21', 'SW31')_t5_max: 126805
	F10_('SW11', 'SW21')_tb: 126340
	F12_('SW13', 'MIMU2')_t3_max: 15781
	F11_('CMRIU2', 'SW22')_tb: 39856
	F6_('SW21', 'SW31')_tb: 335
	F12_('SW21', 'SW13')_t5_max: 15774
	F2_('SW31', 'SW41')_t3_min: 126678
	('SW41', 'CM1CB')_gcl_length: 0
	F9_('SW42', 'SW32')_t5_min: 94
	F0_('SW31', 'SW21')_tb: 16002
	F19_('LCM1', 'SW31')_t5_min: 88
	F2_('SW11', 'SW21')_t5_min: 126563
	('SW52', 'SM2CA')_gcl_length: 2
	('SW41', 'CM1CA')_gcl_length: 2
	F14_('SW21', 'SW31')_tb: 46439
	F0_('SM2CA', 'SW52')_t4_min: 15775
	F14_('SW11', 'SW21')_t3_min: 46367
	F16_('SW13', 'SW22')_t5_min: 270
	F11_('SW8', 'SW51')_t5_max: 40465
	F1_('SW32', 'SW42')_t3_min: 103591
	F6_('SW31', 'FCM1')_t3_max: 440
	F2_('SW41', 'CM1CB')_t3_max: 127054
	F5_('SW21', 'SW13')_t5_min: 16267
	F1_('SW22', 'SW32')_t3_min: 103490
	('StarTr1', 'SW13')_gcl_length: 0
	F4_('SW11', 'DU2')_t4_max: 499
	F7_('RCM2', 'SW32')_t3_min: 1
	F0_('SW21', 'CMRIU1')_t3_max: 16167
	F12_('SW31', 'SW21')_t5_min: 15549
	('SW42', 'SW32')_gcl_length: 2
	F17_('SW32', 'RCM2')_t4_max: 31628
	F19_('SW31', 'SW7')_t3_min: 90
	F11_('CMRIU2', 'SW22')_t5_max: 39941
	F3_('SW21', 'SW13')_t3_min: 32600
	F7_('RCM2', 'SW32')_t4_min: 1
	F18_('SW42', 'CM2CA')_t5_min: 15999
	('SW51', 'SM1CB')_gcl_length: 0
	F11_('CMRIU2', 'SW22')_t5_min: 39941
	F0_('SW8', 'SW31')_t5_min: 16000
	F4_('SW31', 'SW21')_t5_min: 173
	F18_('CMRIU2', 'SW22')_t4_max: 15418
	F7_('SW8', 'SW51')_t5_max: 54
	F9_('SW7', 'SW31')_t5_max: 318
	F7_('SW51', 'SM1CB')_t4_max: 185
	('SW51', 'SW41')_gcl_length: 0
	F8_('BFCU', 'SW22')_tb: 7629
	('SW32', 'SW42')_gcl_length: 0
	('SW13', 'SW22')_gcl_length: 0
	F19_('SW22', 'CMRIU2')_t5_min: 355
	F12_('SW21', 'SW13')_t5_min: 15645
	F12_('RCM1', 'SW31')_t5_min: 15448
	F10_('DU3', 'SW11')_t5_max: 126333
	F8_('SW32', 'SW42')_t3_max: 7949
	F11_('CMRIU2', 'SW22')_t4_max: 39856
	F10_('SW11', 'SW21')_t3_min: 126335
	F4_('SW21', 'SW11')_t5_max: 368
	F1_('BFCU', 'SW22')_t4_min: 103394
	F19_('LCM1', 'SW31')_t5_max: 88
	F6_('SW31', 'FCM1')_t3_min: 435
	F11_('SW51', 'SM1CB')_t3_max: 40472
	F15_('SM1CA', 'SW51')_t5_max: 55
	F16_('StarTr1', 'SW13')_t4_max: 100
	F16_('SW22', 'BFCU')_t3_min: 272
	F5_('SMRIU1', 'SW6')_t4_max: 16048
	F15_('SW31', 'SW21')_t3_max: 308
	F5_('SMRIU1', 'SW6')_t4_min: 16048
	F13_('RCM1', 'SW31')_t4_min: 15449
	F12_('SW13', 'MIMU2')_t5_max: 15999
	F4_('SW21', 'SW11')_t3_max: 309
	F13_('RCM1', 'SW31')_tb: 15449
	F11_('SW8', 'SW51')_t3_max: 40256
	F14_('DU2', 'SW11')_tb: 46305
	F5_('SMRIU1', 'SW6')_t3_min: 16048
	F12_('SW21', 'SW13')_t3_max: 15556
	F16_('StarTr1', 'SW13')_t5_max: 184
	F0_('SW52', 'SW8')_t3_min: 15806
	F19_('SW7', 'SW22')_t5_min: 266
	F6_('StarTr1', 'SW13')_t3_min: 1
	F4_('FCM1', 'SW31')_tb: 53
	F15_('SW13', 'MIMU1')_tb: 549
	F12_('RCM1', 'SW31')_t3_min: 15354
	F10_('SW31', 'SW41')_t5_max: 126630
	F0_('SW31', 'SW21')_t5_max: 16160
	F5_('SW13', 'MIMU2')_t3_min: 16269
	F9_('SW31', 'LCM1')_t5_max: 492
	F5_('SW6', 'SW31')_t5_max: 16159
	F5_('SW6', 'SW31')_t3_min: 16102
	F11_('SW8', 'SW51')_t5_min: 40207
	F3_('SW13', 'MIMU3')_t4_max: 32842
	F16_('SW22', 'BFCU')_t5_min: 356
	F15_('SW51', 'SW41')_t5_min: 111
	F9_('SW32', 'SW7')_t3_min: 96
	F8_('SW22', 'SW32')_tb: 7722
	F17_('MIMU2', 'SW13')_t4_min: 31230
	F13_('SW21', 'CMRIU1')_t3_max: 15801
	F7_('SW51', 'SM1CB')_t5_max: 198
	F15_('SM1CA', 'SW51')_tb: 1
	F4_('FCM1', 'SW31')_t5_max: 112
	F1_('SW42', 'SW52')_t3_min: 103687
	F16_('SW13', 'SW22')_tb: 186
	('SM1CA', 'SW51')_gcl_length: 0
	F18_('SW42', 'CM2CA')_t4_max: 15921
	F18_('SW32', 'SW42')_t3_min: 15578
	F10_('DU3', 'SW11')_t5_min: 126333
	F0_('SW8', 'SW31')_tb: 15971
	('SW22', 'SW32')_gcl_length: 10
	F9_('SW32', 'SW7')_t5_max: 144
	F15_('SM1CA', 'SW51')_t4_min: 1
	F16_('SW22', 'BFCU')_t5_max: 614
	F11_('SW32', 'SW8')_t5_min: 40120
	F16_('SW22', 'BFCU')_t3_max: 406
	F1_('SW42', 'SW52')_t5_min: 103915
	F11_('SW51', 'SM1CB')_t5_max: 40681
	F13_('RCM1', 'SW31')_t5_min: 15556
	F7_('RCM2', 'SW32')_t5_max: 14
	F10_('SW21', 'SW31')_t3_min: 126434
	('SW21', 'SW11')_gcl_length: 2
	F2_('DU3', 'SW11')_t5_min: 126445
	F9_('SW32', 'SW7')_tb: 101
	F7_('RCM2', 'SW32')_tb: 1
	F9_('CM2CB', 'SW42')_t4_max: 1
	F18_('CMRIU2', 'SW22')_t5_max: 15496
	F7_('SW51', 'SM1CB')_t3_max: 61
	('SW6', 'SW31')_gcl_length: 2
	F9_('SW7', 'SW31')_tb: 146
	F9_('SW31', 'LCM1')_tb: 191
	F11_('SW22', 'SW32')_t3_min: 39943
	F3_('FCM1', 'SW31')_t5_min: 32485
	F16_('SW22', 'BFCU')_tb: 272
	F7_('RCM2', 'SW32')_t5_min: 14
	F10_('SW41', 'CM1CA')_t4_max: 126637
	F7_('SW51', 'SM1CB')_tb: 56
	F17_('MIMU2', 'SW13')_tb: 31230
	F4_('FCM1', 'SW31')_t3_min: 53
	F12_('SW31', 'SW21')_tb: 15455
	F19_('SW22', 'CMRIU2')_t3_min: 268
	F16_('StarTr1', 'SW13')_t4_min: 100
	F15_('SW31', 'SW21')_t5_max: 486
	F10_('DU3', 'SW11')_t4_min: 126241
	F17_('SW13', 'SW22')_t3_min: 31275
	F17_('SW13', 'SW22')_t5_min: 31318
	F3_('SW31', 'SW21')_t5_max: 32598
	F1_('SW32', 'SW42')_t3_max: 103596
	F15_('SW21', 'SW13')_tb: 493
	F18_('SW32', 'SW42')_t5_max: 15914
	('SW7', 'SW22')_gcl_length: 0
	F3_('FCM1', 'SW31')_t4_max: 32379
	F6_('StarTr1', 'SW13')_tb: 1
	F18_('CMRIU2', 'SW22')_t4_min: 15418
	F15_('SM1CA', 'SW51')_t4_max: 1
	F12_('SW13', 'MIMU2')_t3_min: 15647
	F0_('SW31', 'SW21')_t5_min: 16031
	F8_('SW42', 'CM2CA')_t5_max: 8386
	F14_('DU2', 'SW11')_t4_min: 46305
	F3_('SW31', 'SW21')_t3_min: 32487
	F2_('SW31', 'SW41')_tb: 126678
	F13_('RCM1', 'SW31')_t3_min: 15449
	F7_('RCM2', 'SW32')_t4_max: 1
	F11_('CMRIU2', 'SW22')_t4_min: 39856
	('SW21', 'CMRIU1')_gcl_length: 0
	F6_('SW21', 'SW31')_t5_max: 433
	F19_('SW7', 'SW22')_tb: 179
	('RCM2', 'SW32')_gcl_length: 0
	('SW11', 'DU2')_gcl_length: 0
	F3_('FCM1', 'SW31')_t3_min: 32379
	F0_('SW31', 'SW21')_t3_min: 16002
	F12_('SW21', 'SW13')_t3_min: 15551
	F8_('SW22', 'SW32')_t5_max: 7942
	F13_('RCM1', 'SW31')_t4_max: 15449
	F3_('SW13', 'MIMU3')_t5_min: 32819
	F0_('SM2CA', 'SW52')_t4_max: 15775
	F17_('MIMU2', 'SW13')_t5_max: 31273
	('SW32', 'SW8')_gcl_length: 2
	('SW31', 'LCM1')_gcl_length: 0
	F18_('SW32', 'SW42')_t5_min: 15656
	F17_('SW32', 'RCM2')_t3_max: 31504
	F14_('SW11', 'SW21')_t5_min: 46432
	F19_('SW22', 'CMRIU2')_t5_max: 742
	F15_('SW41', 'SW31')_t5_min: 301
	F10_('SW21', 'SW31')_t3_max: 126439
	F4_('SW11', 'DU2')_tb: 370
	('CMRIU2', 'SW22')_gcl_length: 0
	F11_('SW8', 'SW51')_t3_min: 40122
	F5_('SW31', 'SW21')_tb: 16161
	('SW7', 'SW31')_gcl_length: 0
	F2_('DU3', 'SW11')_tb: 126334
	F0_('SW52', 'SW8')_tb: 15806
	F14_('SW31', 'LCM1')_t5_min: 46561
	F4_('SW31', 'SW21')_t5_max: 302
	F3_('SW13', 'MIMU3')_t5_max: 32948
	F0_('SW21', 'CMRIU1')_t4_max: 16291
	F7_('SW8', 'SW51')_tb: 41
	F19_('SW7', 'SW22')_t3_min: 179
	F8_('SW32', 'SW42')_t5_max: 8164
	F2_('SW41', 'CM1CB')_t5_min: 126902
	('SW22', 'CMRIU2')_gcl_length: 0
	('LCM1', 'SW31')_gcl_length: 0
	F4_('SW21', 'SW11')_t3_min: 175
	F7_('SW51', 'SM1CB')_t5_min: 69
	F15_('SM1CA', 'SW51')_t5_min: 55
	F14_('SW11', 'SW21')_tb: 46372
	F13_('SW21', 'CMRIU1')_t3_min: 15667
	F14_('SW31', 'LCM1')_tb: 46501
	F10_('SW11', 'SW21')_t5_min: 126432
	F8_('SW32', 'SW42')_t5_min: 7906
	F6_('SW31', 'FCM1')_t4_max: 564
	('SW52', 'SW8')_gcl_length: 0
	F13_('SW31', 'SW21')_t3_min: 15558
	F7_('SW8', 'SW51')_t3_max: 41
	F14_('SW31', 'LCM1')_t5_max: 46690
	('SW13', 'MIMU3')_gcl_length: 0
	F5_('SW31', 'SW21')_t5_min: 16213
	('MIMU2', 'SW13')_gcl_length: 0
	F14_('SW21', 'SW31')_t3_min: 46434
	F9_('SW31', 'LCM1')_t3_min: 191
	F4_('SW31', 'SW21')_t3_min: 114
	F18_('SW42', 'CM2CA')_t3_max: 15921
	F19_('SW7', 'SW22')_t3_max: 313
	F15_('SW31', 'SW21')_t5_min: 357
	F12_('SW13', 'MIMU2')_tb: 15647
	F11_('SW8', 'SW51')_tb: 40122
	F13_('SW21', 'CMRIU1')_tb: 15667
	F16_('SW22', 'BFCU')_t4_max: 530
	F12_('RCM1', 'SW31')_t5_max: 15448
	F3_('SW21', 'SW13')_t5_max: 32711
	F4_('SW31', 'SW21')_tb: 114
