0. Flow F0 [CM1CA-->MIMU3] with period 2000, payload 670B, e2e delay 2000us, jitter 200us
	('CM1CA', 'SW41'), Operation(497, None, 551)(497, 497)
	('SW41', 'SW31'), Operation(553, 558, 612)(558, 558)
	('SW31', 'SW21'), Operation(614, 619, 673)(619, 619)
	('SW21', 'SW13'), Operation(675, 680, 734)(680, 680)
	('SW13', 'MIMU3'), Operation(736, None, 919)(736, 865)
1. Flow F1 [DU5-->SM2CB] with period 64000, payload 1335B, e2e delay 64000us, jitter 6400us
	('DU5', 'SW14'), Operation(11242, None, 11349)(11242, 11242)
	('SW14', 'SW22'), Operation(11351, 11356, 11463)(11356, 11356)
	('SW22', 'SW32'), Operation(11465, None, 11701)(11465, 11594)
	('SW32', 'SW42'), Operation(11574, 11708, 11815)(11708, 11708)
	('SW42', 'SW52'), Operation(11817, 11822, 11929)(11822, 11822)
	('SW52', 'SM2CB'), Operation(11931, None, 12167)(11931, 12060)
2. Flow F2 [SM2CA-->CMRIU2] with period 128000, payload 776B, e2e delay 128000us, jitter 12800us
	('SM2CA', 'SW52'), Operation(1, None, 64)(1, 1)
	('SW52', 'SW42'), Operation(66, 71, 134)(71, 71)
	('SW42', 'SW32'), Operation(136, 141, 204)(141, 141)
	('SW32', 'SW22'), Operation(206, 336, 399)(336, 336)
	('SW22', 'CMRIU2'), Operation(401, None, 593)(401, 530)
3. Flow F3 [DU1-->SM1CA] with period 64000, payload 811B, e2e delay 64000us, jitter 6400us
	('DU1', 'SW11'), Operation(58299, None, 58364)(58299, 58299)
	('SW11', 'SW21'), Operation(58366, 58371, 58436)(58371, 58371)
	('SW21', 'SW31'), Operation(58438, None, 58632)(58438, 58567)
	('SW31', 'SW41'), Operation(58505, 58639, 58704)(58639, 58639)
	('SW41', 'SW51'), Operation(58706, 58711, 58776)(58711, 58711)
	('SW51', 'SM1CA'), Operation(58778, None, 58972)(58778, 58907)
4. Flow F4 [FCM2-->FCM1] with period 8000, payload 469B, e2e delay 8000us, jitter 800us
	('FCM2', 'SW32'), Operation(2017, None, 2055)(2017, 2017)
	('SW32', 'SW6'), Operation(2057, 2062, 2100)(2062, 2062)
	('SW6', 'SW31'), Operation(2102, None, 2269)(2102, 2231)
	('SW31', 'FCM1'), Operation(2142, None, 2438)(2142, 2400)
5. Flow F5 [FCM2-->BFCU] with period 2000, payload 176B, e2e delay 2000us, jitter 200us
	('FCM2', 'SW32'), Operation(1, None, 16)(1, 1)
	('SW32', 'SW22'), Operation(18, 146, 161)(146, 146)
	('SW22', 'BFCU'), Operation(163, None, 307)(163, 292)
6. Flow F6 [SBAND1-->StarTr1] with period 2000, payload 144B, e2e delay 2000us, jitter 200us
	('SBAND1', 'SW12'), Operation(1, None, 13)(1, 1)
	('SW12', 'SW21'), Operation(15, 20, 32)(20, 20)
	('SW21', 'SW13'), Operation(34, None, 175)(34, 163)
	('SW13', 'StarTr1'), Operation(48, 276, 288)(276, 276)
7. Flow F7 [MIMU1-->SM2CB] with period 128000, payload 1262B, e2e delay 128000us, jitter 12800us
	('MIMU1', 'SW13'), Operation(101260, None, 101361)(101260, 101260)
	('SW13', 'SW22'), Operation(101363, 101368, 101469)(101368, 101368)
	('SW22', 'SW32'), Operation(101471, None, 101701)(101471, 101600)
	('SW32', 'SW42'), Operation(101574, None, 101933)(101574, 101832)
	('SW42', 'SW52'), Operation(101677, None, 102165)(101677, 102064)
	('SW52', 'SM2CB'), Operation(101780, None, 102397)(101780, 102296)
8. Flow F8 [StarTr1-->DU1] with period 8000, payload 202B, e2e delay 8000us, jitter 800us
	('StarTr1', 'SW13'), Operation(6422, None, 6439)(6422, 6422)
	('SW13', 'SW21'), Operation(6441, None, 6587)(6441, 6570)
	('SW21', 'SW11'), Operation(6460, None, 6735)(6460, 6718)
	('SW11', 'DU1'), Operation(6479, None, 6883)(6479, 6866)
9. Flow F9 [SMRIU2-->SBAND1] with period 64000, payload 402B, e2e delay 64000us, jitter 6400us
	('SMRIU2', 'SW6'), Operation(62599, None, 62632)(62599, 62599)
	('SW6', 'SW31'), Operation(62634, 62639, 62672)(62639, 62639)
	('SW31', 'SW21'), Operation(62674, None, 62836)(62674, 62803)
	('SW21', 'SW12'), Operation(62709, None, 63000)(62709, 62967)
	('SW12', 'SBAND1'), Operation(62744, None, 63164)(62744, 63131)
10. Flow F10 [RCM2-->SM1CB] with period 4000, payload 901B, e2e delay 4000us, jitter 400us
	('RCM2', 'SW32'), Operation(3314, None, 3387)(3314, 3314)
	('SW32', 'SW8'), Operation(3389, None, 3591)(3389, 3518)
	('SW8', 'SW51'), Operation(3464, None, 3795)(3464, 3722)
	('SW51', 'SM1CB'), Operation(3539, None, 3999)(3539, 3926)
11. Flow F11 [SMRIU1-->StarTr1] with period 4000, payload 869B, e2e delay 4000us, jitter 400us
	('SMRIU1', 'SW6'), Operation(1, None, 71)(1, 1)
	('SW6', 'SW31'), Operation(73, None, 272)(73, 202)
	('SW31', 'SW21'), Operation(145, None, 473)(145, 403)
	('SW21', 'SW13'), Operation(217, None, 674)(217, 604)
	('SW13', 'StarTr1'), Operation(289, 681, 751)(681, 681)
12. Flow F12 [MIMU2-->FCM1] with period 8000, payload 694B, e2e delay 8000us, jitter 800us
	('MIMU2', 'SW13'), Operation(2131, None, 2187)(2131, 2131)
	('SW13', 'SW21'), Operation(2189, None, 2374)(2189, 2318)
	('SW21', 'SW31'), Operation(2247, 2381, 2437)(2381, 2381)
	('SW31', 'FCM1'), Operation(2439, None, 2624)(2439, 2568)
13. Flow F13 [RCM2-->MIMU1] with period 32000, payload 755B, e2e delay 32000us, jitter 3200us
	('RCM2', 'SW32'), Operation(2099, None, 2160)(2099, 2099)
	('SW32', 'SW22'), Operation(2162, None, 2352)(2162, 2291)
	('SW22', 'SW13'), Operation(2225, None, 2544)(2225, 2483)
	('SW13', 'MIMU1'), Operation(2288, None, 2736)(2288, 2675)
14. Flow F14 [CM2CA-->DU2] with period 64000, payload 223B, e2e delay 64000us, jitter 6400us
	('CM2CA', 'SW42'), Operation(355, None, 373)(355, 355)
	('SW42', 'SW32'), Operation(375, 380, 398)(380, 380)
	('SW32', 'SW22'), Operation(400, None, 547)(400, 529)
	('SW22', 'SW11'), Operation(420, 677, 695)(677, 677)
	('SW11', 'DU2'), Operation(697, None, 844)(697, 826)
15. Flow F15 [DU4-->DU1] with period 2000, payload 1036B, e2e delay 2000us, jitter 200us
	('DU4', 'SW14'), Operation(1, None, 84)(1, 1)
	('SW14', 'SW21'), Operation(86, 91, 174)(91, 91)
	('SW21', 'SW11'), Operation(176, None, 388)(176, 305)
	('SW11', 'DU1'), Operation(261, 395, 478)(395, 395)
16. Flow F16 [CM1CA-->SM1CA] with period 128000, payload 458B, e2e delay 128000us, jitter 12800us
	('CM1CA', 'SW41'), Operation(98459, None, 98496)(98459, 98459)
	('SW41', 'SW51'), Operation(98498, None, 98664)(98498, 98627)
	('SW51', 'SM1CA'), Operation(98537, None, 98832)(98537, 98795)
17. Flow F17 [DU5-->FCM2] with period 2000, payload 188B, e2e delay 2000us, jitter 200us
	('DU5', 'SW14'), Operation(1666, None, 1682)(1666, 1666)
	('SW14', 'SW22'), Operation(1684, None, 1829)(1684, 1813)
	('SW22', 'SW32'), Operation(1702, 1836, 1852)(1836, 1836)
	('SW32', 'FCM2'), Operation(1854, None, 1999)(1854, 1983)
18. Flow F18 [FCM1-->SMRIU1] with period 32000, payload 613B, e2e delay 32000us, jitter 3200us
	('FCM1', 'SW31'), Operation(1, None, 51)(1, 1)
	('SW31', 'SW6'), Operation(53, None, 232)(53, 182)
	('SW6', 'SMRIU1'), Operation(105, None, 413)(105, 363)
19. Flow F19 [MIMU2-->MIMU1] with period 128000, payload 1342B, e2e delay 128000us, jitter 12800us
	('MIMU2', 'SW13'), Operation(1, None, 109)(1, 1)
	('SW13', 'MIMU1'), Operation(111, None, 348)(111, 240)

SMT variables: 
	F6_('SW21', 'SW13')_t4_max: 163
	F3_('SW21', 'SW31')_rr: 0
	F12_('SW13', 'SW21')_t3_max: 2194
	F19_('SW13', 'MIMU1')_rr: 0
	F6_('SW12', 'SW21')_rr: 1
	F3_('SW21', 'SW31')_t4_max: 58567
	F17_('SW14', 'SW22')_t3_max: 1689
	F12_('SW31', 'FCM1')_rr: 0
	F7_queue_index: 0
	F19_('MIMU2', 'SW13')_rr: 0
	F16_('SW41', 'SW51')_t4_min: 98498
	F6_('SBAND1', 'SW12')_gc: False
	F17_('DU5', 'SW14')_t4_max: 1666
	('SW21', 'SW13')_gcl_cycle: 2000
	('RCM2', 'SW32')_gcl_cycle: 1
	('SW51', 'SM1CB')_gcl_cycle: 1
	('FCM1', 'SW31')_gcl_length: 0
	F0_('SW31', 'SW21')_gc: True
	F3_('SW51', 'SM1CA')_rr: 0
	F0_('SW21', 'SW13')_t4_max: 680
	F17_('SW22', 'SW32')_rr: 1
	F9_('SW31', 'SW21')_t4_max: 62803
	F12_('MIMU2', 'SW13')_rr: 0
	F0_('CM1CA', 'SW41')_t3_max: 373
	F7_('SW13', 'SW22')_t4_max: 101368
	F1_('SW52', 'SM2CB')_rr: 0
	('MIMU2', 'SW13')_gcl_cycle: 1
	F12_('SW21', 'SW31')_rr: 1
	F6_('SW12', 'SW21')_gc: True
	F0_('CM1CA', 'SW41')_t5_max: 551
	F15_('DU4', 'SW14')_t3_max: -123
	F5_queue_index: 0
	F8_('SW11', 'DU1')_gc: False
	F1_('DU5', 'SW14')_t3_max: 11118
	F13_('RCM2', 'SW32')_rr: 0
	F16_('SW51', 'SM1CA')_rr: 0
	('DU4', 'SW14')_gcl_cycle: 1
	F1_('SW14', 'SW22')_t5_min: 11463
	F9_('SMRIU2', 'SW6')_t5_min: 62632
	F9_('SW6', 'SW31')_t4_max: 62639
	F3_('DU1', 'SW11')_t4_min: 58299
	F15_('SW14', 'SW21')_gc: True
	F1_('DU5', 'SW14')_gc: False
	F17_('SW14', 'SW22')_t5_min: 1700
	('SW8', 'SW51')_gcl_cycle: 1
	F8_('SW21', 'SW11')_t4_min: 6460
	F9_('SW31', 'SW21')_t3_min: 62674
	F13_jitter: 387
	F1_jitter: 129
	F7_('SW13', 'SW22')_t3_max: 101368
	F3_('SW31', 'SW41')_gc: True
	F12_('SW13', 'SW21')_t4_max: 2318
	F14_('SW22', 'SW11')_t4_max: 677
	F15_jitter: 0
	F0_('SW21', 'SW13')_t5_min: 734
	F19_('MIMU2', 'SW13')_t3_max: -123
	F17_('SW22', 'SW32')_gc: True
	F19_('MIMU2', 'SW13')_gc: False
	F0_('SW41', 'SW31')_gc: True
	F6_queue_index: 0
	F11_('SW6', 'SW31')_t4_max: 202
	F17_('SW14', 'SW22')_t4_max: 1813
	F7_('SW13', 'SW22')_t4_min: 101368
	F0_('SW31', 'SW21')_t4_max: 619
	F1_('SW52', 'SM2CB')_t4_min: 11931
	F11_('SMRIU1', 'SW6')_t5_max: 71
	F1_('SW52', 'SM2CB')_gc: False
	F2_('SW52', 'SW42')_t4_min: 71
	F10_('SW51', 'SM1CB')_t4_min: 3539
	F0_('SW31', 'SW21')_rr: 1
	F3_('SW51', 'SM1CA')_t4_min: 58778
	F17_('SW22', 'SW32')_t3_min: 1702
	F12_('MIMU2', 'SW13')_t3_max: 2007
	F14_('SW32', 'SW22')_rr: 0
	F15_('SW11', 'DU1')_t3_max: 395
	F14_('SW42', 'SW32')_gc: True
	F0_('SW13', 'MIMU3')_t4_max: 865
	F9_('SW31', 'SW21')_t4_min: 62674
	F16_('CM1CA', 'SW41')_t3_max: 98335
	F4_('SW6', 'SW31')_gc: False
	F5_('FCM2', 'SW32')_t3_max: -123
	F6_('SBAND1', 'SW12')_rr: 0
	F7_('SW42', 'SW52')_rr: 0
	F19_('SW13', 'MIMU1')_t3_max: 116
	F1_('SW42', 'SW52')_gc: True
	F1_('SW32', 'SW42')_rr: 1
	F12_('SW21', 'SW31')_gc: True
	F11_('SW31', 'SW21')_t4_min: 145
	('SW31', 'SW41')_gcl_cycle: 64000
	F7_('SW42', 'SW52')_t4_max: 102064
	('SW6', 'SW31')_gcl_cycle: 64000
	F17_('SW22', 'SW32')_t4_max: 1836
	F2_('SW22', 'CMRIU2')_t4_min: 401
	F6_('SW21', 'SW13')_t5_min: 46
	F6_('SW21', 'SW13')_t4_min: 34
	F13_('SW32', 'SW22')_rr: 0
	F5_('SW22', 'BFCU')_t4_max: 292
	F16_('SW51', 'SM1CA')_gc: False
	F14_('CM2CA', 'SW42')_gc: False
	F9_('SMRIU2', 'SW6')_t3_max: 62475
	F8_('SW13', 'SW21')_t3_max: 6446
	('SW13', 'MIMU1')_gcl_cycle: 1
	F16_('SW41', 'SW51')_gc: False
	F3_('SW11', 'SW21')_t4_max: 58371
	F18_('SW6', 'SMRIU1')_t4_min: 105
	F17_('SW22', 'SW32')_t4_min: 1836
	('SW13', 'SW21')_gcl_cycle: 1
	F11_('SMRIU1', 'SW6')_t3_max: -123
	('SW32', 'SW22')_gcl_length: 130
	F12_('SW31', 'FCM1')_gc: False
	F9_('SW21', 'SW12')_t4_max: 62967
	F7_('SW13', 'SW22')_gc: True
	F9_('SW6', 'SW31')_rr: 1
	F4_('SW32', 'SW6')_t4_max: 2062
	F7_('SW42', 'SW52')_gc: False
	F11_('SW13', 'StarTr1')_gc: True
	F10_('SW51', 'SM1CB')_gc: False
	F18_('SW31', 'SW6')_t4_max: 182
	F18_('FCM1', 'SW31')_gc: False
	F10_('SW32', 'SW8')_t4_min: 3389
	F4_('SW31', 'FCM1')_rr: 0
	F10_('SW8', 'SW51')_t4_min: 3464
	('FCM2', 'SW32')_gcl_cycle: 1
	F4_('SW31', 'FCM1')_t3_max: 2276
	F4_('SW6', 'SW31')_t4_max: 2231
	F18_('FCM1', 'SW31')_t3_max: -123
	F8_('SW13', 'SW21')_rr: 0
	F11_('SW31', 'SW21')_t4_max: 403
	F1_('SW22', 'SW32')_t4_max: 11594
	F1_('SW14', 'SW22')_t4_max: 11356
	('SW11', 'SW21')_gcl_cycle: 64000
	F12_('SW31', 'FCM1')_t4_max: 2568
	F13_('SW22', 'SW13')_t3_min: 2225
	F14_('SW22', 'SW11')_rr: 1
	F17_('SW32', 'FCM2')_gc: False
	('SW13', 'SW21')_gcl_length: 0
	('SW22', 'SW13')_gcl_cycle: 1
	F11_('SW13', 'StarTr1')_t4_min: 681
	F5_('FCM2', 'SW32')_gc: False
	F4_('SW6', 'SW31')_t4_min: 2102
	F16_('SW41', 'SW51')_tb: 98498
	F14_('CM2CA', 'SW42')_rr: 0
	F0_('SW31', 'SW21')_t4_min: 619
	F6_('SW12', 'SW21')_t4_min: 20
	F11_('SW21', 'SW13')_gc: False
	F9_('SW6', 'SW31')_gc: True
	F11_('SW21', 'SW13')_t4_max: 604
	('SW22', 'SW11')_gcl_length: 2
	F11_('SMRIU1', 'SW6')_rr: 0
	('SBAND1', 'SW12')_gcl_cycle: 1
	('SW32', 'SW8')_gcl_cycle: 1
	F9_('SMRIU2', 'SW6')_rr: 0
	F8_jitter: 387
	('SW12', 'SW21')_gcl_cycle: 2000
	F1_('SW14', 'SW22')_gc: True
	F2_('SW52', 'SW42')_gc: True
	F13_('SW13', 'MIMU1')_rr: 0
	F8_('SW13', 'SW21')_t4_max: 6570
	F19_('SW13', 'MIMU1')_t4_min: 111
	F18_jitter: 258
	F0_('SW13', 'MIMU3')_rr: 0
	F13_('RCM2', 'SW32')_t3_max: 1975
	F19_('SW13', 'MIMU1')_gc: False
	F15_('SW21', 'SW11')_t4_max: 305
	F3_('SW41', 'SW51')_rr: 1
	F7_('SW32', 'SW42')_t4_max: 101832
	F16_('SW41', 'SW51')_t3_max: 98503
	F15_('DU4', 'SW14')_gc: False
	F13_('SW32', 'SW22')_t3_max: 2167
	F5_('FCM2', 'SW32')_t5_min: 16
	F7_('MIMU1', 'SW13')_gc: False
	F7_('SW52', 'SM2CB')_rr: 0
	F17_('DU5', 'SW14')_t3_max: 1542
	F14_('SW32', 'SW22')_gc: False
	F6_('SBAND1', 'SW12')_t3_min: 1
	F4_('SW31', 'FCM1')_gc: False
	('SW31', 'SW6')_gcl_length: 0
	F4_('SW6', 'SW31')_rr: 0
	F11_('SW31', 'SW21')_rr: 0
	F15_('SW14', 'SW21')_rr: 1
	F13_('SW22', 'SW13')_rr: 0
	F8_('SW21', 'SW11')_gc: False
	F7_('SW42', 'SW52')_t4_min: 101677
	F2_('SM2CA', 'SW52')_gc: False
	F11_('SW21', 'SW13')_t4_min: 217
	F18_('SW31', 'SW6')_gc: False
	('SW42', 'SW32')_gcl_cycle: 128000
	('SW51', 'SM1CA')_gcl_cycle: 1
	F15_('SW14', 'SW21')_t4_max: 91
	F10_('SW32', 'SW8')_rr: 0
	F11_queue_index: 0
	F15_('SW11', 'DU1')_rr: 1
	F5_jitter: 129
	F17_('SW14', 'SW22')_t4_min: 1684
	F2_('SM2CA', 'SW52')_t5_min: 64
	F7_('SW32', 'SW42')_t5_max: 101933
	F9_('SW12', 'SBAND1')_t3_min: 62744
	F9_('SW21', 'SW12')_t4_min: 62709
	F10_('SW32', 'SW8')_t3_max: 3394
	F19_queue_index: 0
	F3_('SW41', 'SW51')_t4_min: 58711
	F12_('SW13', 'SW21')_t4_min: 2189
	('SW22', 'CMRIU2')_gcl_cycle: 1
	F15_queue_index: 0
	F14_('SW42', 'SW32')_t3_max: 380
	F4_('FCM2', 'SW32')_rr: 0
	F5_('FCM2', 'SW32')_rr: 0
	F14_('SW11', 'DU2')_rr: 0
	F17_('SW14', 'SW22')_gc: False
	F1_('SW32', 'SW42')_t4_max: 11708
	F15_('DU4', 'SW14')_t4_max: 1
	F5_('SW32', 'SW22')_t4_max: 146
	F7_('SW32', 'SW42')_t4_min: 101574
	F18_('SW6', 'SMRIU1')_gc: False
	('SW31', 'SW41')_gcl_length: 2
	F14_('CM2CA', 'SW42')_t5_max: 373
	F14_('CM2CA', 'SW42')_t3_max: 231
	F10_('SW51', 'SM1CB')_tb: 3539
	F9_('SW21', 'SW12')_rr: 0
	F12_queue_index: 0
	F4_jitter: 258
	F15_('SW11', 'DU1')_t4_min: 395
	F11_('SW6', 'SW31')_gc: False
	F11_('SMRIU1', 'SW6')_gc: False
	F9_('SW21', 'SW12')_gc: False
	F5_('SW22', 'BFCU')_rr: 0
	F18_('SW6', 'SMRIU1')_rr: 0
	F1_('SW42', 'SW52')_t4_min: 11822
	F10_jitter: 387
	F0_('SW41', 'SW31')_t4_min: 558
	F14_queue_index: 0
	('CM1CA', 'SW41')_gcl_cycle: 1
	F1_('SW52', 'SM2CB')_t5_max: 12167
	F1_('SW22', 'SW32')_t4_min: 11465
	('SW11', 'DU2')_gcl_cycle: 1
	F10_('SW8', 'SW51')_gc: False
	F0_jitter: 129
	F8_('SW11', 'DU1')_rr: 0
	F1_('SW32', 'SW42')_tb: 11708
	F6_('SW12', 'SW21')_t4_max: 20
	('SW22', 'SW11')_gcl_cycle: 64000
	('SW32', 'SW6')_gcl_length: 2
	F3_('SW51', 'SM1CA')_gc: False
	F10_('SW8', 'SW51')_t4_max: 3722
	F4_('SW32', 'SW6')_rr: 1
	F2_('SW22', 'CMRIU2')_rr: 0
	F6_('SW12', 'SW21')_t5_min: 32
	F4_('SW32', 'SW6')_t4_min: 2062
	('SW41', 'SW31')_gcl_cycle: 2000
	F6_jitter: 0
	F11_('SW31', 'SW21')_tb: 145
	F12_('SW13', 'SW21')_rr: 0
	F18_queue_index: 0
	F1_('DU5', 'SW14')_t3_min: 11242
	F5_('SW32', 'SW22')_rr: 64
	F9_jitter: 387
	F8_('SW21', 'SW11')_rr: 0
	F3_queue_index: 0
	F11_('SW6', 'SW31')_t4_min: 73
	F13_('SW22', 'SW13')_t4_min: 2225
	F9_('SW31', 'SW21')_gc: False
	F9_('SW12', 'SBAND1')_gc: False
	F2_('SW52', 'SW42')_rr: 1
	F6_('SW12', 'SW21')_t3_max: 20
	F7_('SW22', 'SW32')_rr: 0
	F14_('SW11', 'DU2')_t5_max: 844
	F0_queue_index: 0
	F6_('SBAND1', 'SW12')_t3_max: -123
	('SMRIU1', 'SW6')_gcl_cycle: 1
	F16_queue_index: 0
	F0_('SW21', 'SW13')_gc: True
	F3_('SW41', 'SW51')_t3_min: 58706
	F15_('SW21', 'SW11')_gc: False
	F1_('SW42', 'SW52')_tb: 11822
	('SW31', 'SW21')_gcl_length: 2
	F9_('SW12', 'SBAND1')_rr: 0
	F14_('SW42', 'SW32')_rr: 2
	F4_('SW32', 'SW6')_t5_min: 2100
	F3_('SW31', 'SW41')_t4_min: 58639
	F8_('StarTr1', 'SW13')_rr: 0
	F0_('SW13', 'MIMU3')_gc: False
	F15_('SW14', 'SW21')_t4_min: 91
	F1_('SW42', 'SW52')_t4_max: 11822
	F12_('MIMU2', 'SW13')_gc: False
	F3_('SW21', 'SW31')_t4_min: 58438
	F6_('SW13', 'StarTr1')_gc: True
	F6_('SW12', 'SW21')_tb: 20
	F2_('SW22', 'CMRIU2')_t4_max: 530
	F13_('SW22', 'SW13')_gc: False
	F13_('SW32', 'SW22')_gc: False
	F7_('SW32', 'SW42')_gc: False
	F3_('SW11', 'SW21')_t3_max: 58371
	F8_('StarTr1', 'SW13')_t3_max: 6298
	F10_('RCM2', 'SW32')_rr: 0
	F8_('SW13', 'SW21')_t4_min: 6441
	F9_('SMRIU2', 'SW6')_gc: False
	F7_('SW22', 'SW32')_t3_max: 101476
	F3_('SW21', 'SW31')_gc: False
	F14_('SW11', 'DU2')_t5_min: 715
	F5_('SW22', 'BFCU')_gc: False
	F1_('SW42', 'SW52')_rr: 1
	F2_('SM2CA', 'SW52')_t3_max: -123
	F6_('SW21', 'SW13')_rr: 0
	('SW21', 'SW11')_gcl_cycle: 1
	F11_('SW6', 'SW31')_rr: 0
	F16_('SW41', 'SW51')_rr: 0
	('SW42', 'SW52')_gcl_cycle: 64000
	F2_('SW52', 'SW42')_t3_max: 71
	('SW12', 'SBAND1')_gcl_cycle: 1
	F10_('RCM2', 'SW32')_t4_min: 3314
	F10_('SW51', 'SM1CB')_t5_min: 3612
	F16_('CM1CA', 'SW41')_rr: 0
	F7_('SW22', 'SW32')_t4_min: 101471
	('SW32', 'SW6')_gcl_cycle: 8000
	F2_('SW22', 'CMRIU2')_gc: False
	F1_('SW22', 'SW32')_rr: 0
	('SW32', 'FCM2')_gcl_cycle: 1
	F3_('SW41', 'SW51')_gc: True
	F14_('SW11', 'DU2')_t4_min: 697
	F2_('SW32', 'SW22')_t4_min: 336
	F17_('SW32', 'FCM2')_rr: 0
	F7_jitter: 516
	('SW31', 'FCM1')_gcl_cycle: 1
	F9_('SW12', 'SBAND1')_t5_min: 62777
	F2_('SW32', 'SW22')_gc: True
	F13_('SW32', 'SW22')_t4_min: 2162
	F3_('SW11', 'SW21')_gc: True
	F2_queue_index: 0
	F15_('SW14', 'SW21')_t3_max: 91
	('SMRIU2', 'SW6')_gcl_cycle: 1
	F11_('SW6', 'SW31')_t3_max: 78
	F19_('SW13', 'MIMU1')_t5_max: 348
	F1_('SW32', 'SW42')_gc: True
	F13_queue_index: 0
	F3_('DU1', 'SW11')_gc: False
	F0_('SW41', 'SW31')_t4_max: 558
	F10_('RCM2', 'SW32')_gc: False
	F14_('SW32', 'SW22')_t4_min: 400
	F2_('SW42', 'SW32')_t4_min: 141
	F7_('SW52', 'SM2CB')_t4_min: 101780
	F14_('SW32', 'SW22')_t4_max: 529
	F11_('SW13', 'StarTr1')_rr: 1
	('FCM1', 'SW31')_gcl_cycle: 1
	F3_('SW11', 'SW21')_rr: 1
	F7_('SW13', 'SW22')_tb: 101368
	F9_('SW6', 'SW31')_t4_min: 62639
	F17_('SW14', 'SW22')_rr: 0
	('DU5', 'SW14')_gcl_cycle: 1
	F11_('SW31', 'SW21')_gc: False
	F11_jitter: 0
	F2_('SW42', 'SW32')_rr: 1
	('SW52', 'SW42')_gcl_cycle: 128000
	F14_('SW22', 'SW11')_t4_min: 677
	F8_('SW11', 'DU1')_t4_min: 6479
	F1_('DU5', 'SW14')_rr: 0
	F7_('SW52', 'SM2CB')_gc: False
	F2_('SW32', 'SW22')_rr: 1
	F15_('SW11', 'DU1')_gc: True
	('SW21', 'SW31')_gcl_cycle: 8000
	F5_('SW22', 'BFCU')_t4_min: 163
	F12_('SW13', 'SW21')_gc: False
	F16_('SW51', 'SM1CA')_t4_min: 98537
	F10_('SW8', 'SW51')_rr: 0
	('SW41', 'SW51')_gcl_cycle: 64000
	F11_('SW21', 'SW13')_rr: 0
	F2_('SW32', 'SW22')_t4_max: 336
	F1_('SW32', 'SW42')_t4_min: 11708
	F4_queue_index: 0
	F10_('SW32', 'SW8')_gc: False
	F18_('FCM1', 'SW31')_rr: 0
	F8_('SW13', 'SW21')_gc: False
	F18_('SW31', 'SW6')_t4_min: 53
	F7_('SW32', 'SW42')_rr: 0
	F7_('MIMU1', 'SW13')_t3_min: 101260
	F7_('SW22', 'SW32')_gc: False
	('SW13', 'SW22')_gcl_cycle: 128000
	F14_jitter: 129
	F1_('SW14', 'SW22')_rr: 1
	F7_('MIMU1', 'SW13')_t3_max: 101136
	F7_('MIMU1', 'SW13')_rr: 0
	F14_('SW22', 'SW11')_gc: True
	F4_('SW31', 'FCM1')_t4_min: 2142
	F3_('SW31', 'SW41')_t5_min: 58704
	F10_queue_index: 0
	F6_('SW13', 'StarTr1')_rr: 2
	F0_('SW13', 'MIMU3')_t4_min: 736
	F2_('SM2CA', 'SW52')_rr: 0
	F0_('CM1CA', 'SW41')_rr: 0
	('SW21', 'SW12')_gcl_cycle: 1
	F0_('SW41', 'SW31')_t3_max: 558
	F3_('DU1', 'SW11')_t3_max: 58175
	F4_('SW32', 'SW6')_gc: True
	F18_('SW6', 'SMRIU1')_t5_min: 155
	F5_('SW32', 'SW22')_t3_max: 23
	F0_('CM1CA', 'SW41')_gc: False
	F17_('DU5', 'SW14')_rr: 0
	F7_('SW13', 'SW22')_rr: 1
	('SW11', 'DU1')_gcl_cycle: 2000
	F10_('SW32', 'SW8')_t4_max: 3518
	F3_('SW31', 'SW41')_rr: 1
	('SW14', 'SW21')_gcl_cycle: 2000
	F3_jitter: 129
	F7_('SW13', 'SW22')_t5_min: 101469
	('CM2CA', 'SW42')_gcl_cycle: 1
	F5_('SW32', 'SW22')_t3_min: 18
	F12_('SW31', 'FCM1')_t4_min: 2439
	F17_jitter: 129
	F16_('CM1CA', 'SW41')_gc: False
	F12_('SW21', 'SW31')_t4_min: 2381
	F6_('SW21', 'SW13')_gc: False
	F9_queue_index: 0
	F0_('SW21', 'SW13')_t4_min: 680
	F13_('SW32', 'SW22')_t4_max: 2291
	('SW13', 'StarTr1')_gcl_cycle: 4000
	F7_('SW42', 'SW52')_t3_max: 101940
	F4_('SW32', 'SW6')_t3_max: 2062
	F12_jitter: 129
	('SW14', 'SW22')_gcl_cycle: 64000
	('DU1', 'SW11')_gcl_cycle: 1
	F14_('SW11', 'DU2')_gc: False
	F17_queue_index: 0
	F14_('SW42', 'SW32')_t4_max: 380
	F5_('SW32', 'SW22')_t4_min: 146
	F15_('SW21', 'SW11')_t4_min: 176
	F8_queue_index: 0
	F10_('SW8', 'SW51')_t5_max: 3795
	('SW13', 'MIMU3')_gcl_cycle: 1
	F14_('SW42', 'SW32')_t4_min: 380
	F4_('FCM2', 'SW32')_t3_max: 1893
	F2_('SW42', 'SW32')_gc: True
	F18_('SW6', 'SMRIU1')_t4_max: 363
	F10_('RCM2', 'SW32')_t3_max: 3190
	('SW32', 'SW42')_gcl_cycle: 64000
	F0_('SW41', 'SW31')_rr: 1
	('SW31', 'SW21')_gcl_cycle: 2000
	F13_('SW22', 'SW13')_t4_max: 2483
	F4_('FCM2', 'SW32')_gc: False
	F3_('SW41', 'SW51')_t5_max: 58776
	F3_('SW11', 'SW21')_t4_min: 58371
	F13_('SW13', 'MIMU1')_t4_min: 2288
	('SM2CA', 'SW52')_gcl_cycle: 1
	F8_('StarTr1', 'SW13')_gc: False
	F12_('SW13', 'SW21')_t3_min: 2189
	F8_('SW21', 'SW11')_t4_max: 6718
	F1_queue_index: 0
	F13_('SW13', 'MIMU1')_t5_max: 2736
	F3_('DU1', 'SW11')_rr: 0
	F9_('SW31', 'SW21')_rr: 0
	F15_('DU4', 'SW14')_rr: 0
	F19_jitter: 129
	('MIMU1', 'SW13')_gcl_cycle: 1
	F2_jitter: 129
	F3_('SW31', 'SW41')_t4_max: 58639
	F13_('SW32', 'SW22')_t3_min: 2162
	('SW6', 'SMRIU1')_gcl_cycle: 1
	F2_('SW52', 'SW42')_t4_max: 71
	F13_('RCM2', 'SW32')_gc: False
	F1_('SW14', 'SW22')_t3_max: 11356
	F18_('SW31', 'SW6')_t3_max: 58
	('SW22', 'BFCU')_gcl_cycle: 1
	F16_jitter: 258
	F18_('SW31', 'SW6')_rr: 0
	F8_('StarTr1', 'SW13')_tb: 6422
	F9_('SW6', 'SW31')_t3_max: 62639
	F17_('SW32', 'FCM2')_t4_min: 1854
	F5_('SW32', 'SW22')_gc: True
	F16_('SW41', 'SW51')_t4_max: 98627
	F12_('SW21', 'SW31')_t4_max: 2381
	F2_('SW42', 'SW32')_t4_max: 141
	F7_('SW22', 'SW32')_t4_max: 101600
	F1_('SW22', 'SW32')_gc: False
	('SW31', 'SW6')_gcl_cycle: 1
	('SW52', 'SM2CB')_gcl_cycle: 1
	F3_('SW41', 'SW51')_t4_max: 58711
	F17_('DU5', 'SW14')_gc: False
	F10_('SW51', 'SM1CB')_rr: 0
	('SW32', 'SW22')_gcl_cycle: 128000
	F15_('SW21', 'SW11')_rr: 0
	F1_('SW22', 'SW32')_t5_max: 11701
	F0_('SW21', 'SW13')_rr: 1
	F13_('SW13', 'MIMU1')_gc: False
	F9_('SW12', 'SBAND1')_t4_min: 62744
	('SW22', 'SW32')_gcl_cycle: 2000
	F6_('SW13', 'StarTr1')_t4_min: 276
	('StarTr1', 'SW13')_gcl_cycle: 1
	F1_('SW14', 'SW22')_t4_min: 11356
	F18_('SW6', 'SMRIU1')_t5_max: 413
	F11_('SMRIU1', 'SW6')_t4_max: 1
	F6_('SW21', 'SW13')_tb: 34
	F19_('MIMU2', 'SW13')_t3_min: 1
	F1_('SW42', 'SW52')_t3_max: 11822
	F2_('SW32', 'SW22')_t3_min: 206
	F0_('CM1CA', 'SW41')_t5_min: 551
	F17_('SW22', 'SW32')_t5_max: 1852
	F9_('SW31', 'SW21')_t5_min: 62707
	F2_('SW22', 'CMRIU2')_t5_min: 464
	F13_('RCM2', 'SW32')_tb: 2099
	F12_('SW31', 'FCM1')_t5_min: 2495
	F7_('SW13', 'SW22')_t5_max: 101469
	F2_('SW52', 'SW42')_t5_max: 134
	F9_('SW12', 'SBAND1')_t4_max: 63131
	F13_('SW22', 'SW13')_t5_min: 2286
	F2_('SM2CA', 'SW52')_t3_min: 1
	F1_('SW22', 'SW32')_t5_min: 11572
	F1_('SW42', 'SW52')_t5_max: 11929
	('CM1CA', 'SW41')_gcl_length: 0
	F19_('MIMU2', 'SW13')_t5_min: 109
	('SM2CA', 'SW52')_gcl_length: 0
	F8_('SW13', 'SW21')_tb: 6441
	F15_('DU4', 'SW14')_t3_min: 1
	F9_('SW12', 'SBAND1')_t3_max: 63007
	F17_('DU5', 'SW14')_t5_min: 1682
	('SW13', 'MIMU1')_gcl_length: 0
	('SW11', 'DU1')_gcl_length: 2
	F14_('SW11', 'DU2')_t3_max: 702
	F14_('CM2CA', 'SW42')_t5_min: 373
	F11_('SW13', 'StarTr1')_t5_max: 751
	F16_('CM1CA', 'SW41')_tb: 98459
	F16_('CM1CA', 'SW41')_t4_max: 98459
	F12_('SW21', 'SW31')_t3_min: 2247
	F13_('SW13', 'MIMU1')_tb: 2288
	F3_('SW51', 'SM1CA')_t3_min: 58778
	F1_('SW22', 'SW32')_tb: 11465
	F12_('SW21', 'SW31')_t5_max: 2437
	F1_('SW52', 'SM2CB')_tb: 11931
	F7_('SW52', 'SM2CB')_tb: 101780
	F10_('SW32', 'SW8')_tb: 3389
	F18_('SW6', 'SMRIU1')_t3_min: 105
	('SW52', 'SW42')_gcl_length: 2
	F11_('SMRIU1', 'SW6')_t4_min: 1
	F13_('RCM2', 'SW32')_t5_min: 2160
	F4_('FCM2', 'SW32')_t5_min: 2055
	F8_('StarTr1', 'SW13')_t5_max: 6439
	F3_('DU1', 'SW11')_t5_min: 58364
	F5_('SW22', 'BFCU')_t5_min: 178
	F0_('SW21', 'SW13')_tb: 680
	F3_('SW51', 'SM1CA')_t5_min: 58843
	F3_('SW51', 'SM1CA')_t3_max: 58783
	F2_('SW42', 'SW32')_t3_min: 136
	F17_('SW32', 'FCM2')_t3_max: 1859
	F2_('SW42', 'SW32')_t5_min: 204
	F0_('SW41', 'SW31')_t5_min: 612
	F1_('SW14', 'SW22')_t3_min: 11351
	F18_('FCM1', 'SW31')_t4_max: 1
	F1_('SW32', 'SW42')_t5_min: 11815
	F0_('CM1CA', 'SW41')_t4_min: 497
	F16_('SW51', 'SM1CA')_t5_min: 98574
	F7_('SW32', 'SW42')_tb: 101574
	F0_('CM1CA', 'SW41')_t4_max: 497
	('SW14', 'SW22')_gcl_length: 2
	F17_('SW14', 'SW22')_t5_max: 1829
	F14_('SW32', 'SW22')_t3_min: 400
	F8_('SW21', 'SW11')_t3_max: 6594
	F5_('SW22', 'BFCU')_tb: 163
	F14_('SW32', 'SW22')_t5_max: 547
	F7_('SW52', 'SM2CB')_t5_max: 102397
	F18_('SW31', 'SW6')_tb: 53
	F3_('SW51', 'SM1CA')_tb: 58778
	('SW42', 'SW52')_gcl_length: 2
	F6_('SW13', 'StarTr1')_tb: 276
	F10_('RCM2', 'SW32')_t5_min: 3387
	F10_('SW32', 'SW8')_t5_min: 3462
	F2_('SW32', 'SW22')_t5_max: 399
	F1_('DU5', 'SW14')_t4_min: 11242
	F3_('SW51', 'SM1CA')_t5_max: 58972
	F1_('SW14', 'SW22')_tb: 11356
	F8_('SW21', 'SW11')_t5_max: 6735
	F4_('SW6', 'SW31')_t3_max: 2107
	F18_('FCM1', 'SW31')_t3_min: 1
	F15_('SW11', 'DU1')_t4_max: 395
	F8_('SW13', 'SW21')_t5_max: 6587
	F7_('MIMU1', 'SW13')_t5_min: 101361
	F5_('FCM2', 'SW32')_t5_max: 16
	F3_('SW21', 'SW31')_t3_max: 58443
	F2_('SM2CA', 'SW52')_t4_min: 1
	F14_('CM2CA', 'SW42')_t3_min: 355
	F0_('SW13', 'MIMU3')_t5_min: 790
	F13_('RCM2', 'SW32')_t3_min: 2099
	F13_('SW22', 'SW13')_t5_max: 2544
	F16_('SW51', 'SM1CA')_t3_max: 98671
	F0_('SW13', 'MIMU3')_tb: 736
	F14_('SW42', 'SW32')_t5_max: 398
	F10_('SW8', 'SW51')_t3_min: 3464
	F4_('SW32', 'SW6')_t3_min: 2057
	F4_('FCM2', 'SW32')_tb: 2017
	F9_('SW31', 'SW21')_tb: 62674
	F12_('SW21', 'SW31')_tb: 2381
	('SW41', 'SW51')_gcl_length: 2
	F10_('SW32', 'SW8')_t5_max: 3591
	F17_('SW32', 'FCM2')_t5_min: 1870
	F16_('SW51', 'SM1CA')_t4_max: 98795
	F14_('SW11', 'DU2')_tb: 697
	F0_('SW41', 'SW31')_t3_min: 553
	F11_('SMRIU1', 'SW6')_t3_min: 1
	F18_('SW31', 'SW6')_t5_min: 103
	F8_('StarTr1', 'SW13')_t5_min: 6439
	F6_('SBAND1', 'SW12')_t5_max: 13
	F2_('SM2CA', 'SW52')_t5_max: 64
	F0_('SW13', 'MIMU3')_t5_max: 919
	F16_('SW51', 'SM1CA')_t3_min: 98537
	F15_('SW11', 'DU1')_t5_min: 478
	F4_('SW31', 'FCM1')_t5_min: 2180
	F15_('SW21', 'SW11')_t5_max: 388
	F13_('SW22', 'SW13')_t3_max: 2359
	F11_('SW6', 'SW31')_t5_max: 272
	('SW8', 'SW51')_gcl_length: 0
	F17_('SW32', 'FCM2')_tb: 1854
	F7_('SW13', 'SW22')_t3_min: 101363
	('SW31', 'FCM1')_gcl_length: 0
	F17_('SW22', 'SW32')_t5_min: 1852
	F7_('MIMU1', 'SW13')_t5_max: 101361
	('SW12', 'SW21')_gcl_length: 2
	F1_('SW32', 'SW42')_t5_max: 11815
	('SW11', 'SW21')_gcl_length: 2
	F7_('MIMU1', 'SW13')_tb: 101260
	F10_('SW51', 'SM1CB')_t5_max: 3999
	F0_('SW31', 'SW21')_t3_max: 619
	F3_('SW31', 'SW41')_t5_max: 58704
	F8_('StarTr1', 'SW13')_t4_min: 6422
	F11_('SMRIU1', 'SW6')_t5_min: 71
	F11_('SW13', 'StarTr1')_t5_min: 751
	F6_('SW13', 'StarTr1')_t5_min: 288
	F6_('SW21', 'SW13')_t3_min: 34
	F7_('SW42', 'SW52')_t5_max: 102165
	F11_('SW13', 'StarTr1')_tb: 681
	F19_('MIMU2', 'SW13')_t4_min: 1
	F2_('SW32', 'SW22')_tb: 336
	F17_('SW22', 'SW32')_t3_max: 1836
	F3_('SW51', 'SM1CA')_t4_max: 58907
	F18_('FCM1', 'SW31')_t4_min: 1
	F12_('SW13', 'SW21')_t5_min: 2245
	F9_('SMRIU2', 'SW6')_t4_min: 62599
	F3_('SW31', 'SW41')_t3_min: 58505
	F1_('DU5', 'SW14')_t4_max: 11242
	F13_('RCM2', 'SW32')_t4_min: 2099
	F7_('SW42', 'SW52')_t5_min: 101778
	('SW13', 'StarTr1')_gcl_length: 6
	('SW21', 'SW13')_gcl_length: 2
	F0_('SW41', 'SW31')_tb: 558
	F19_('SW13', 'MIMU1')_t4_max: 240
	('SW21', 'SW31')_gcl_length: 2
	F9_('SW31', 'SW21')_t3_max: 62679
	F7_('MIMU1', 'SW13')_t4_max: 101260
	F11_('SW6', 'SW31')_t5_min: 143
	F6_('SW12', 'SW21')_t5_max: 32
	F7_('SW32', 'SW42')_t3_max: 101708
	F13_('SW13', 'MIMU1')_t4_max: 2675
	F17_('SW14', 'SW22')_t3_min: 1684
	F3_('DU1', 'SW11')_t4_max: 58299
	F14_('CM2CA', 'SW42')_t4_min: 355
	F12_('MIMU2', 'SW13')_t3_min: 2131
	('DU4', 'SW14')_gcl_length: 0
	('SW41', 'SW31')_gcl_length: 2
	F17_('DU5', 'SW14')_t3_min: 1666
	F8_('SW11', 'DU1')_tb: 6479
	F17_('DU5', 'SW14')_t5_max: 1682
	F8_('SW11', 'DU1')_t3_min: 6479
	F14_('CM2CA', 'SW42')_t4_max: 355
	F1_('DU5', 'SW14')_tb: 11242
	F12_('SW31', 'FCM1')_t3_min: 2439
	F9_('SW6', 'SW31')_t3_min: 62634
	('SW21', 'SW12')_gcl_length: 0
	F16_('SW41', 'SW51')_t5_min: 98535
	F11_('SW31', 'SW21')_t3_min: 145
	F14_('SW22', 'SW11')_t3_max: 554
	F11_('SW21', 'SW13')_t5_max: 674
	F8_('SW11', 'DU1')_t5_max: 6883
	F9_('SW12', 'SBAND1')_t5_max: 63164
	F0_('SW21', 'SW13')_t3_max: 680
	F10_('SW8', 'SW51')_tb: 3464
	F9_('SMRIU2', 'SW6')_tb: 62599
	F13_('RCM2', 'SW32')_t4_max: 2099
	('SMRIU1', 'SW6')_gcl_length: 0
	F12_('SW31', 'FCM1')_t5_max: 2624
	F6_('SW13', 'StarTr1')_t4_max: 276
	('SW6', 'SMRIU1')_gcl_length: 0
	F9_('SW21', 'SW12')_t5_max: 63000
	F11_('SW31', 'SW21')_t5_min: 215
	F17_('SW22', 'SW32')_tb: 1836
	F15_('SW14', 'SW21')_t3_min: 86
	F15_('DU4', 'SW14')_t5_min: 84
	F0_('SW21', 'SW13')_t3_min: 675
	F18_('FCM1', 'SW31')_tb: 1
	F2_('SW42', 'SW32')_t5_max: 204
	F15_('SW21', 'SW11')_tb: 176
	('SMRIU2', 'SW6')_gcl_length: 0
	F11_('SW21', 'SW13')_t3_max: 480
	F8_('SW13', 'SW21')_t3_min: 6441
	F3_('SW41', 'SW51')_t3_max: 58711
	F17_('SW32', 'FCM2')_t3_min: 1854
	F10_('SW51', 'SM1CB')_t3_max: 3802
	F13_('RCM2', 'SW32')_t5_max: 2160
	F8_('StarTr1', 'SW13')_t3_min: 6422
	F15_('SW21', 'SW11')_t5_min: 259
	('SW22', 'SW13')_gcl_length: 0
	F13_('SW32', 'SW22')_tb: 2162
	F13_('SW13', 'MIMU1')_t3_max: 2551
	F16_('CM1CA', 'SW41')_t5_min: 98496
	F0_('SW13', 'MIMU3')_t3_max: 741
	('MIMU1', 'SW13')_gcl_length: 0
	F0_('SW31', 'SW21')_tb: 619
	F6_('SW13', 'StarTr1')_t5_max: 288
	F13_('SW13', 'MIMU1')_t3_min: 2288
	F8_('SW11', 'DU1')_t5_min: 6496
	F14_('SW22', 'SW11')_t5_min: 695
	('DU1', 'SW11')_gcl_length: 0
	F5_('FCM2', 'SW32')_t3_min: 1
	F9_('SMRIU2', 'SW6')_t5_max: 62632
	F1_('SW32', 'SW42')_t3_min: 11574
	F5_('SW22', 'BFCU')_t3_min: 163
	('StarTr1', 'SW13')_gcl_length: 0
	F1_('SW22', 'SW32')_t3_min: 11465
	F0_('SW13', 'MIMU3')_t3_min: 736
	('FCM2', 'SW32')_gcl_length: 0
	F5_('SW22', 'BFCU')_t5_max: 307
	F4_('SW31', 'FCM1')_t4_max: 2400
	F12_('SW31', 'FCM1')_tb: 2439
	F9_('SW21', 'SW12')_t5_min: 62742
	('SW42', 'SW32')_gcl_length: 6
	F2_('SW52', 'SW42')_t3_min: 66
	F11_('SW6', 'SW31')_t3_min: 73
	F15_('SW21', 'SW11')_t3_min: 176
	F11_('SW13', 'StarTr1')_t3_max: 681
	F0_('SW21', 'SW13')_t5_max: 734
	F3_('DU1', 'SW11')_t5_max: 58364
	('SW51', 'SM1CB')_gcl_length: 0
	F15_('DU4', 'SW14')_t4_min: 1
	F16_('SW51', 'SM1CA')_tb: 98537
	F6_('SW13', 'StarTr1')_t3_max: 182
	F14_('SW11', 'DU2')_t4_max: 826
	F3_('SW21', 'SW31')_t5_max: 58632
	F15_('SW11', 'DU1')_t5_max: 478
	F7_('SW22', 'SW32')_tb: 101471
	F7_('SW32', 'SW42')_t3_min: 101574
	F1_('SW14', 'SW22')_t5_max: 11463
	('SW13', 'SW22')_gcl_length: 2
	F13_('SW32', 'SW22')_t5_min: 2223
	('SW32', 'SW42')_gcl_length: 2
	F14_('SW22', 'SW11')_t5_max: 695
	F5_('FCM2', 'SW32')_tb: 1
	F17_('DU5', 'SW14')_tb: 1666
	F3_('SW21', 'SW31')_tb: 58438
	F3_('DU1', 'SW11')_tb: 58299
	F3_('SW41', 'SW51')_t5_min: 58776
	F4_('SW6', 'SW31')_t5_max: 2269
	F18_('SW31', 'SW6')_t3_min: 53
	F7_('SW52', 'SM2CB')_t3_max: 102172
	F4_('SW32', 'SW6')_t5_max: 2100
	('SW14', 'SW21')_gcl_length: 2
	F8_('StarTr1', 'SW13')_t4_max: 6422
	F12_('SW21', 'SW31')_t3_max: 2381
	F2_('SW22', 'CMRIU2')_t3_max: 406
	F16_('SW41', 'SW51')_t3_min: 98498
	F10_('RCM2', 'SW32')_tb: 3314
	F12_('MIMU2', 'SW13')_t4_max: 2131
	F0_('SW31', 'SW21')_t5_max: 673
	F4_('SW6', 'SW31')_t5_min: 2140
	F11_('SW21', 'SW13')_tb: 217
	F13_('SW22', 'SW13')_tb: 2225
	F15_('SW11', 'DU1')_t3_min: 261
	F14_('SW11', 'DU2')_t3_min: 697
	F14_('SW42', 'SW32')_t5_min: 398
	F8_('SW11', 'DU1')_t4_max: 6866
	F5_('FCM2', 'SW32')_t4_min: 1
	F14_('SW42', 'SW32')_tb: 380
	F12_('SW13', 'SW21')_tb: 2189
	F14_('SW22', 'SW11')_t3_min: 420
	F1_('SW42', 'SW52')_t3_min: 11817
	F1_('SW52', 'SM2CB')_t5_min: 12038
	F7_('SW22', 'SW32')_t3_min: 101471
	F17_('SW32', 'FCM2')_t4_max: 1983
	F9_('SW21', 'SW12')_t3_min: 62709
	F10_('SW51', 'SM1CB')_t3_min: 3539
	F4_('FCM2', 'SW32')_t4_min: 2017
	F2_('SW32', 'SW22')_t5_min: 399
	F18_('SW6', 'SMRIU1')_t3_max: 239
	F10_('SW8', 'SW51')_t3_max: 3598
	F15_('SW11', 'DU1')_tb: 395
	F9_('SW12', 'SBAND1')_tb: 62744
	F11_('SW21', 'SW13')_t5_min: 287
	('SW32', 'FCM2')_gcl_length: 0
	('SW22', 'SW32')_gcl_length: 2
	F16_('SW51', 'SM1CA')_t5_max: 98832
	F2_('SM2CA', 'SW52')_tb: 1
	F11_('SW31', 'SW21')_t3_max: 279
	F1_('SW42', 'SW52')_t5_min: 11929
	F5_('FCM2', 'SW32')_t4_max: 1
	F6_('SBAND1', 'SW12')_t4_min: 1
	('CM2CA', 'SW42')_gcl_length: 0
	('SW52', 'SM2CB')_gcl_length: 0
	F3_('SW11', 'SW21')_t5_min: 58436
	('SW21', 'SW11')_gcl_length: 0
	F3_('SW31', 'SW41')_t3_max: 58639
	F14_('SW32', 'SW22')_t5_min: 418
	F6_('SW13', 'StarTr1')_t3_min: 48
	F3_('SW11', 'SW21')_tb: 58371
	F5_('SW22', 'BFCU')_t3_max: 168
	F17_('SW32', 'FCM2')_t5_max: 1999
	F4_('FCM2', 'SW32')_t3_min: 2017
	F7_('SW22', 'SW32')_t5_max: 101701
	F11_('SW13', 'StarTr1')_t3_min: 289
	F4_('SW32', 'SW6')_tb: 2062
	F15_('DU4', 'SW14')_tb: 1
	F19_('SW13', 'MIMU1')_t3_min: 111
	F9_('SW21', 'SW12')_t3_max: 62843
	F3_('SW11', 'SW21')_t3_min: 58366
	F2_('SW42', 'SW32')_t3_max: 141
	('SW6', 'SW31')_gcl_length: 2
	F4_('SW31', 'FCM1')_t3_min: 2142
	F4_('SW31', 'FCM1')_tb: 2142
	F6_('SBAND1', 'SW12')_tb: 1
	F0_('CM1CA', 'SW41')_t3_min: 497
	F19_('SW13', 'MIMU1')_tb: 111
	F8_('SW13', 'SW21')_t5_min: 6458
	F6_('SW12', 'SW21')_t3_min: 15
	F0_('SW41', 'SW31')_t5_max: 612
	F2_('SW22', 'CMRIU2')_t5_max: 593
	F2_('SW32', 'SW22')_t3_max: 211
	F14_('SW22', 'SW11')_tb: 677
	F15_('DU4', 'SW14')_t5_max: 84
	F7_('SW42', 'SW52')_t3_min: 101677
	F12_('SW13', 'SW21')_t5_max: 2374
	F10_('RCM2', 'SW32')_t4_max: 3314
	F9_('SW6', 'SW31')_t5_max: 62672
	F1_('SW32', 'SW42')_t3_max: 11708
	F2_('SW42', 'SW32')_tb: 141
	('DU5', 'SW14')_gcl_length: 0
	F11_('SW6', 'SW31')_tb: 73
	F7_('SW32', 'SW42')_t5_min: 101675
	F4_('SW6', 'SW31')_t3_min: 2102
	F9_('SW6', 'SW31')_t5_min: 62672
	F16_('SW41', 'SW51')_t5_max: 98664
	F15_('SW21', 'SW11')_t3_max: 181
	F8_('SW21', 'SW11')_tb: 6460
	F10_('SW8', 'SW51')_t5_min: 3537
	F18_('FCM1', 'SW31')_t5_max: 51
	F0_('SW31', 'SW21')_t5_min: 673
	F5_('SW32', 'SW22')_t5_max: 161
	F9_('SW31', 'SW21')_t5_max: 62836
	F19_('MIMU2', 'SW13')_t5_max: 109
	F11_('SW31', 'SW21')_t5_max: 473
	('RCM2', 'SW32')_gcl_length: 0
	('SW11', 'DU2')_gcl_length: 0
	F1_('SW52', 'SM2CB')_t3_max: 11936
	F0_('SW31', 'SW21')_t3_min: 614
	F7_('SW22', 'SW32')_t5_min: 101572
	F19_('MIMU2', 'SW13')_t4_max: 1
	F5_('SW32', 'SW22')_tb: 146
	F7_('SW52', 'SM2CB')_t5_min: 101881
	F6_('SW21', 'SW13')_t5_max: 175
	('SW32', 'SW8')_gcl_length: 0
	F17_('SW14', 'SW22')_tb: 1684
	F10_('RCM2', 'SW32')_t5_max: 3387
	F11_('SMRIU1', 'SW6')_tb: 1
	F13_('SW13', 'MIMU1')_t5_min: 2349
	F2_('SW52', 'SW42')_t5_min: 134
	F4_('FCM2', 'SW32')_t5_max: 2055
	F2_('SW22', 'CMRIU2')_t3_min: 401
	F9_('SMRIU2', 'SW6')_t3_min: 62599
	F3_('DU1', 'SW11')_t3_min: 58299
	F10_('SW32', 'SW8')_t3_min: 3389
	F18_('SW31', 'SW6')_t5_max: 232
	F12_('MIMU2', 'SW13')_t5_min: 2187
	F6_('SBAND1', 'SW12')_t4_max: 1
	F1_('SW52', 'SM2CB')_t3_min: 11931
	F15_('SW14', 'SW21')_t5_min: 174
	F16_('CM1CA', 'SW41')_t5_max: 98496
	F14_('SW42', 'SW32')_t3_min: 375
	F9_('SMRIU2', 'SW6')_t4_max: 62599
	F9_('SW21', 'SW12')_tb: 62709
	F19_('SW13', 'MIMU1')_t5_min: 219
	('SW22', 'CMRIU2')_gcl_length: 0
	F12_('MIMU2', 'SW13')_tb: 2131
	F4_('SW31', 'FCM1')_t5_max: 2438
	F7_('SW42', 'SW52')_tb: 101677
	F11_('SW21', 'SW13')_t3_min: 217
	F15_('SW14', 'SW21')_t5_max: 174
	F8_('SW21', 'SW11')_t5_min: 6477
	F3_('SW21', 'SW31')_t3_min: 58438
	F3_('SW31', 'SW41')_tb: 58639
	F6_('SW21', 'SW13')_t3_max: 39
	F3_('SW41', 'SW51')_tb: 58711
	F3_('SW21', 'SW31')_t5_min: 58503
	F3_('SW11', 'SW21')_t5_max: 58436
	F12_('MIMU2', 'SW13')_t4_min: 2131
	F1_('DU5', 'SW14')_t5_max: 11349
	F7_('MIMU1', 'SW13')_t4_min: 101260
	F18_('FCM1', 'SW31')_t5_min: 51
	('SW13', 'MIMU3')_gcl_length: 0
	('MIMU2', 'SW13')_gcl_length: 0
	F14_('SW32', 'SW22')_t3_max: 405
	F16_('CM1CA', 'SW41')_t4_min: 98459
	F10_('SW51', 'SM1CB')_t4_max: 3926
	('SBAND1', 'SW12')_gcl_length: 0
	F5_('SW32', 'SW22')_t5_min: 161
	F15_('SW14', 'SW21')_tb: 91
	F12_('SW31', 'FCM1')_t3_max: 2444
	F1_('SW52', 'SM2CB')_t4_max: 12060
	F10_('RCM2', 'SW32')_t3_min: 3314
	F4_('SW6', 'SW31')_tb: 2102
	F14_('SW32', 'SW22')_tb: 400
	F8_('SW21', 'SW11')_t3_min: 6460
	F18_('SW6', 'SMRIU1')_tb: 105
	F12_('MIMU2', 'SW13')_t5_max: 2187
	F17_('DU5', 'SW14')_t4_min: 1666
	F2_('SM2CA', 'SW52')_t4_max: 1
	F11_('SW13', 'StarTr1')_t4_max: 681
	F9_('SW6', 'SW31')_tb: 62639
	F1_('SW22', 'SW32')_t3_max: 11470
	('SW51', 'SM1CA')_gcl_length: 0
	('SW12', 'SBAND1')_gcl_length: 0
	F1_('DU5', 'SW14')_t5_min: 11349
	F12_('SW21', 'SW31')_t5_min: 2437
	F2_('SW52', 'SW42')_tb: 71
	F16_('CM1CA', 'SW41')_t3_min: 98459
	F4_('FCM2', 'SW32')_t4_max: 2017
	F14_('CM2CA', 'SW42')_tb: 355
	F8_('SW11', 'DU1')_t3_max: 6742
	F13_('SW32', 'SW22')_t5_max: 2352
	F0_('CM1CA', 'SW41')_tb: 497
	F7_('SW52', 'SM2CB')_t3_min: 101780
	F19_('MIMU2', 'SW13')_tb: 1
	F7_('SW52', 'SM2CB')_t4_max: 102296
	F6_('SBAND1', 'SW12')_t5_min: 13
	F2_('SW22', 'CMRIU2')_tb: 401
	('SW22', 'BFCU')_gcl_length: 0
