0. Flow F0 [E4-->E1] with period 64000, payload 362B, e2e delay 64000us, jitter 6400us
	('E4', 'S4'), Operation(0, None, 3)(0, 0)
	('S4', 'S3'), Operation(5, None, 26)(5, 23)
	('S3', 'S2'), Operation(10, None, 49)(10, 46)
	('S2', 'S1'), Operation(15, 56, 59)(56, 56)
	('S1', 'E1'), Operation(61, None, 82)(61, 79)
1. Flow F1 [E4-->E1] with period 64000, payload 601B, e2e delay 64000us, jitter 6400us
	('E4', 'S4'), Operation(55, 55, 60)(55, 55)
	('S4', 'S3'), Operation(62, None, 85)(62, 80)
	('S3', 'S2'), Operation(69, None, 110)(69, 105)
	('S2', 'S1'), Operation(76, None, 135)(76, 130)
	('S1', 'E1'), Operation(83, None, 160)(83, 155)
2. Flow F2 [E2-->E5] with period 8000, payload 130B, e2e delay 8000us, jitter 800us
	('E2', 'S2'), Operation(0, 0, 2)(0, 0)
	('S2', 'S3'), Operation(4, None, 24)(4, 22)
	('S3', 'S4'), Operation(8, 31, 33)(31, 31)
	('S4', 'S5'), Operation(35, None, 55)(35, 53)
	('S5', 'E5'), Operation(39, 62, 64)(62, 62)
3. Flow F3 [E3-->E5] with period 128000, payload 353B, e2e delay 128000us, jitter 12800us
	('E3', 'S3'), Operation(50, None, 53)(50, 50)
	('S3', 'S4'), Operation(55, None, 76)(55, 73)
	('S4', 'S5'), Operation(60, None, 99)(60, 96)
	('S5', 'E5'), Operation(65, None, 122)(65, 119)
4. Flow F4 [E5-->E1] with period 8000, payload 1176B, e2e delay 8000us, jitter 800us
	('E5', 'S5'), Operation(83, None, 93)(83, 83)
	('S5', 'S4'), Operation(95, 100, 110)(100, 100)
	('S4', 'S3'), Operation(112, None, 140)(112, 130)
	('S3', 'S2'), Operation(124, None, 170)(124, 160)
	('S2', 'S1'), Operation(136, 177, 187)(177, 177)
	('S1', 'E1'), Operation(189, 194, 204)(194, 194)
5. Flow F5 [E1-->E3] with period 32000, payload 1447B, e2e delay 32000us, jitter 3200us
	('E1', 'S1'), Operation(0, None, 12)(0, 0)
	('S1', 'S2'), Operation(14, None, 44)(14, 32)
	('S2', 'S3'), Operation(28, None, 76)(28, 64)
	('S3', 'E3'), Operation(42, None, 108)(42, 96)
6. Flow F6 [E5-->E4] with period 128000, payload 394B, e2e delay 128000us, jitter 12800us
	('E5', 'S5'), Operation(0, None, 4)(0, 0)
	('S5', 'S4'), Operation(6, None, 28)(6, 24)
	('S4', 'E4'), Operation(12, None, 52)(12, 48)
7. Flow F7 [E2-->E1] with period 128000, payload 551B, e2e delay 128000us, jitter 12800us
	('E2', 'S2'), Operation(191, None, 196)(191, 191)
	('S2', 'S1'), Operation(198, None, 221)(198, 216)
	('S1', 'E1'), Operation(205, None, 246)(205, 241)
8. Flow F8 [E5-->E3] with period 64000, payload 1057B, e2e delay 64000us, jitter 6400us
	('E5', 'S5'), Operation(119, None, 128)(119, 119)
	('S5', 'S4'), Operation(130, None, 157)(130, 148)
	('S4', 'S3'), Operation(141, None, 186)(141, 177)
	('S3', 'E3'), Operation(152, None, 215)(152, 206)
9. Flow F9 [E2-->E4] with period 2000, payload 507B, e2e delay 2000us, jitter 200us
	('E2', 'S2'), Operation(70, 70, 75)(70, 70)
	('S2', 'S3'), Operation(77, 82, 87)(82, 82)
	('S3', 'S4'), Operation(89, None, 112)(89, 107)
	('S4', 'E4'), Operation(96, None, 137)(96, 132)
10. Flow F10 [E5-->E1] with period 8000, payload 406B, e2e delay 8000us, jitter 800us
	('E5', 'S5'), Operation(202, None, 206)(202, 202)
	('S5', 'S4'), Operation(208, 213, 217)(213, 213)
	('S4', 'S3'), Operation(219, 224, 228)(224, 224)
	('S3', 'S2'), Operation(230, 235, 239)(235, 235)
	('S2', 'S1'), Operation(241, None, 263)(241, 259)
	('S1', 'E1'), Operation(247, 270, 274)(270, 270)
11. Flow F11 [E3-->E5] with period 128000, payload 1117B, e2e delay 128000us, jitter 12800us
	('E3', 'S3'), Operation(102, None, 111)(102, 102)
	('S3', 'S4'), Operation(113, None, 140)(113, 131)
	('S4', 'S5'), Operation(124, None, 169)(124, 160)
	('S5', 'E5'), Operation(135, None, 198)(135, 189)
12. Flow F12 [E4-->E3] with period 64000, payload 1215B, e2e delay 64000us, jitter 6400us
	('E4', 'S4'), Operation(217, None, 227)(217, 217)
	('S4', 'S3'), Operation(229, None, 257)(229, 247)
	('S3', 'E3'), Operation(241, None, 287)(241, 277)
13. Flow F13 [E2-->E4] with period 4000, payload 876B, e2e delay 4000us, jitter 400us
	('E2', 'S2'), Operation(116, None, 124)(116, 116)
	('S2', 'S3'), Operation(126, 131, 139)(131, 131)
	('S3', 'S4'), Operation(141, None, 167)(141, 159)
	('S4', 'E4'), Operation(151, 174, 182)(174, 174)
14. Flow F14 [E4-->E2] with period 32000, payload 1040B, e2e delay 32000us, jitter 3200us
	('E4', 'S4'), Operation(247, None, 256)(247, 247)
	('S4', 'S3'), Operation(258, None, 285)(258, 276)
	('S3', 'S2'), Operation(269, None, 314)(269, 305)
	('S2', 'E2'), Operation(280, None, 343)(280, 334)
15. Flow F15 [E1-->E3] with period 8000, payload 1164B, e2e delay 8000us, jitter 800us
	('E1', 'S1'), Operation(252, None, 262)(252, 252)
	('S1', 'S2'), Operation(264, None, 292)(264, 282)
	('S2', 'S3'), Operation(276, None, 322)(276, 312)
	('S3', 'E3'), Operation(288, 329, 339)(329, 329)
16. Flow F16 [E4-->E2] with period 16000, payload 516B, e2e delay 16000us, jitter 1600us
	('E4', 'S4'), Operation(180, None, 185)(180, 180)
	('S4', 'S3'), Operation(187, 192, 197)(192, 192)
	('S3', 'S2'), Operation(199, None, 222)(199, 217)
	('S2', 'E2'), Operation(206, 229, 234)(229, 229)
17. Flow F17 [E1-->E5] with period 4000, payload 186B, e2e delay 4000us, jitter 400us
	('E1', 'S1'), Operation(146, None, 148)(146, 146)
	('S1', 'S2'), Operation(150, 155, 157)(155, 155)
	('S2', 'S3'), Operation(159, 164, 166)(164, 164)
	('S3', 'S4'), Operation(168, None, 188)(168, 186)
	('S4', 'S5'), Operation(172, 195, 197)(195, 195)
	('S5', 'E5'), Operation(199, 204, 206)(204, 204)
18. Flow F18 [E2-->E3] with period 128000, payload 1426B, e2e delay 128000us, jitter 12800us
	('E2', 'S2'), Operation(312, None, 324)(312, 312)
	('S2', 'S3'), Operation(326, None, 356)(326, 344)
	('S3', 'E3'), Operation(340, None, 388)(340, 376)
19. Flow F19 [E2-->E3] with period 8000, payload 1423B, e2e delay 8000us, jitter 800us
	('E2', 'S2'), Operation(81, 81, 93)(81, 81)
	('S2', 'S3'), Operation(95, None, 125)(95, 113)
	('S3', 'E3'), Operation(109, 132, 144)(132, 132)
20. Flow F20 [E3-->E4] with period 8000, payload 606B, e2e delay 8000us, jitter 800us
	('E3', 'S3'), Operation(34, None, 39)(34, 34)
	('S3', 'S4'), Operation(41, 46, 51)(46, 46)
	('S4', 'E4'), Operation(53, 58, 63)(58, 58)
21. Flow F21 [E3-->E4] with period 32000, payload 288B, e2e delay 32000us, jitter 3200us
	('E3', 'S3'), Operation(184, None, 187)(184, 184)
	('S3', 'S4'), Operation(189, None, 210)(189, 207)
	('S4', 'E4'), Operation(194, None, 233)(194, 230)
22. Flow F22 [E5-->E1] with period 2000, payload 854B, e2e delay 2000us, jitter 200us
	('E5', 'S5'), Operation(268, None, 275)(268, 268)
	('S5', 'S4'), Operation(277, None, 302)(277, 295)
	('S4', 'S3'), Operation(286, 309, 316)(309, 309)
	('S3', 'S2'), Operation(318, 323, 330)(323, 323)
	('S2', 'S1'), Operation(332, None, 357)(332, 350)
	('S1', 'E1'), Operation(341, 364, 371)(364, 364)
23. Flow F23 [E5-->E1] with period 128000, payload 452B, e2e delay 128000us, jitter 12800us
	('E5', 'S5'), Operation(342, None, 346)(342, 342)
	('S5', 'S4'), Operation(348, None, 370)(348, 366)
	('S4', 'S3'), Operation(354, None, 394)(354, 390)
	('S3', 'S2'), Operation(360, None, 418)(360, 414)
	('S2', 'S1'), Operation(366, None, 442)(366, 438)
	('S1', 'E1'), Operation(372, None, 466)(372, 462)
24. Flow F24 [E3-->E2] with period 128000, payload 603B, e2e delay 128000us, jitter 12800us
	('E3', 'S3'), Operation(412, None, 417)(412, 412)
	('S3', 'S2'), Operation(419, None, 442)(419, 437)
	('S2', 'E2'), Operation(426, None, 467)(426, 462)
25. Flow F25 [E4-->E1] with period 32000, payload 752B, e2e delay 32000us, jitter 3200us
	('E4', 'S4'), Operation(431, None, 438)(431, 431)
	('S4', 'S3'), Operation(440, None, 465)(440, 458)
	('S3', 'S2'), Operation(449, None, 492)(449, 485)
	('S2', 'S1'), Operation(458, None, 519)(458, 512)
	('S1', 'E1'), Operation(467, 526, 533)(526, 526)
26. Flow F26 [E4-->E5] with period 16000, payload 442B, e2e delay 16000us, jitter 1600us
	('E4', 'S4'), Operation(195, None, 199)(195, 195)
	('S4', 'S5'), Operation(201, None, 223)(201, 219)
	('S5', 'E5'), Operation(207, 230, 234)(230, 230)
27. Flow F27 [E3-->E1] with period 2000, payload 301B, e2e delay 2000us, jitter 200us
	('E3', 'S3'), Operation(519, 519, 522)(519, 519)
	('S3', 'S2'), Operation(524, None, 545)(524, 542)
	('S2', 'S1'), Operation(529, None, 568)(529, 565)
	('S1', 'E1'), Operation(534, 575, 578)(575, 575)
28. Flow F28 [E4-->E3] with period 4000, payload 1357B, e2e delay 4000us, jitter 400us
	('E4', 'S4'), Operation(382, None, 393)(382, 382)
	('S4', 'S3'), Operation(395, 400, 411)(400, 400)
	('S3', 'E3'), Operation(413, 418, 429)(418, 418)
29. Flow F29 [E1-->E3] with period 8000, payload 691B, e2e delay 8000us, jitter 800us
	('E1', 'S1'), Operation(406, None, 412)(406, 406)
	('S1', 'S2'), Operation(414, None, 438)(414, 432)
	('S2', 'S3'), Operation(422, None, 464)(422, 458)
	('S3', 'E3'), Operation(430, None, 490)(430, 484)
30. Flow F30 [E3-->E5] with period 64000, payload 772B, e2e delay 64000us, jitter 6400us
	('E3', 'S3'), Operation(208, None, 215)(208, 208)
	('S3', 'S4'), Operation(217, None, 242)(217, 235)
	('S4', 'S5'), Operation(226, None, 269)(226, 262)
	('S5', 'E5'), Operation(235, None, 296)(235, 289)
31. Flow F31 [E1-->E3] with period 64000, payload 1042B, e2e delay 64000us, jitter 6400us
	('E1', 'S1'), Operation(458, None, 467)(458, 458)
	('S1', 'S2'), Operation(469, None, 496)(469, 487)
	('S2', 'S3'), Operation(480, None, 525)(480, 516)
	('S3', 'E3'), Operation(491, None, 554)(491, 545)
32. Flow F32 [E1-->E5] with period 4000, payload 251B, e2e delay 4000us, jitter 400us
	('E1', 'S1'), Operation(239, None, 242)(239, 239)
	('S1', 'S2'), Operation(244, 249, 252)(249, 249)
	('S2', 'S3'), Operation(254, None, 275)(254, 272)
	('S3', 'S4'), Operation(259, 282, 285)(282, 282)
	('S4', 'S5'), Operation(287, 292, 295)(292, 292)
	('S5', 'E5'), Operation(297, None, 318)(297, 315)
33. Flow F33 [E2-->E1] with period 128000, payload 1140B, e2e delay 128000us, jitter 12800us
	('E2', 'S2'), Operation(252, None, 262)(252, 252)
	('S2', 'S1'), Operation(264, None, 292)(264, 282)
	('S1', 'E1'), Operation(276, None, 322)(276, 312)
34. Flow F34 [E5-->E3] with period 32000, payload 1371B, e2e delay 32000us, jitter 3200us
	('E5', 'S5'), Operation(516, None, 527)(516, 516)
	('S5', 'S4'), Operation(529, None, 558)(529, 547)
	('S4', 'S3'), Operation(542, None, 589)(542, 578)
	('S3', 'E3'), Operation(555, None, 620)(555, 609)
35. Flow F35 [E4-->E5] with period 128000, payload 444B, e2e delay 128000us, jitter 12800us
	('E4', 'S4'), Operation(307, None, 311)(307, 307)
	('S4', 'S5'), Operation(313, None, 335)(313, 331)
	('S5', 'E5'), Operation(319, None, 359)(319, 355)
36. Flow F36 [E4-->E5] with period 16000, payload 1007B, e2e delay 16000us, jitter 1600us
	('E4', 'S4'), Operation(338, None, 347)(338, 338)
	('S4', 'S5'), Operation(349, None, 376)(349, 367)
	('S5', 'E5'), Operation(360, None, 405)(360, 396)
37. Flow F37 [E2-->E4] with period 128000, payload 446B, e2e delay 128000us, jitter 12800us
	('E2', 'S2'), Operation(351, 351, 355)(351, 351)
	('S2', 'S3'), Operation(357, None, 379)(357, 375)
	('S3', 'S4'), Operation(363, None, 403)(363, 399)
	('S4', 'E4'), Operation(369, None, 427)(369, 423)
38. Flow F38 [E4-->E2] with period 2000, payload 1326B, e2e delay 2000us, jitter 200us
	('E4', 'S4'), Operation(19, None, 30)(19, 19)
	('S4', 'S3'), Operation(32, 37, 48)(37, 37)
	('S3', 'S2'), Operation(50, 55, 66)(55, 55)
	('S2', 'E2'), Operation(68, 73, 84)(73, 73)
39. Flow F39 [E2-->E4] with period 2000, payload 1336B, e2e delay 2000us, jitter 200us
	('E2', 'S2'), Operation(384, None, 395)(384, 384)
	('S2', 'S3'), Operation(397, 402, 413)(402, 402)
	('S3', 'S4'), Operation(415, None, 444)(415, 433)
	('S4', 'E4'), Operation(428, 451, 462)(451, 451)
40. Flow F40 [E5-->E2] with period 64000, payload 612B, e2e delay 64000us, jitter 6400us
	('E5', 'S5'), Operation(576, None, 581)(576, 576)
	('S5', 'S4'), Operation(583, None, 606)(583, 601)
	('S4', 'S3'), Operation(590, None, 631)(590, 626)
	('S3', 'S2'), Operation(597, None, 656)(597, 651)
	('S2', 'E2'), Operation(604, 663, 668)(663, 663)
41. Flow F41 [E4-->E1] with period 16000, payload 1417B, e2e delay 16000us, jitter 1600us
	('E4', 'S4'), Operation(624, None, 636)(624, 624)
	('S4', 'S3'), Operation(638, 643, 655)(643, 643)
	('S3', 'S2'), Operation(657, 662, 674)(662, 662)
	('S2', 'S1'), Operation(676, None, 706)(676, 694)
	('S1', 'E1'), Operation(690, None, 738)(690, 726)
42. Flow F42 [E1-->E4] with period 64000, payload 610B, e2e delay 64000us, jitter 6400us
	('E1', 'S1'), Operation(512, None, 517)(512, 512)
	('S1', 'S2'), Operation(519, None, 542)(519, 537)
	('S2', 'S3'), Operation(526, None, 567)(526, 562)
	('S3', 'S4'), Operation(533, None, 592)(533, 587)
	('S4', 'E4'), Operation(540, None, 617)(540, 612)
43. Flow F43 [E2-->E4] with period 4000, payload 472B, e2e delay 4000us, jitter 400us
	('E2', 'S2'), Operation(459, None, 463)(459, 459)
	('S2', 'S3'), Operation(465, 470, 474)(470, 470)
	('S3', 'S4'), Operation(476, None, 498)(476, 494)
	('S4', 'E4'), Operation(482, 505, 509)(505, 505)
44. Flow F44 [E1-->E4] with period 16000, payload 1486B, e2e delay 16000us, jitter 1600us
	('E1', 'S1'), Operation(551, None, 563)(551, 551)
	('S1', 'S2'), Operation(565, None, 595)(565, 583)
	('S2', 'S3'), Operation(579, None, 627)(579, 615)
	('S3', 'S4'), Operation(593, 634, 646)(634, 634)
	('S4', 'E4'), Operation(648, None, 678)(648, 666)
45. Flow F45 [E1-->E5] with period 4000, payload 170B, e2e delay 4000us, jitter 400us
	('E1', 'S1'), Operation(630, None, 632)(630, 630)
	('S1', 'S2'), Operation(634, 639, 641)(639, 639)
	('S2', 'S3'), Operation(643, None, 663)(643, 661)
	('S3', 'S4'), Operation(647, None, 685)(647, 683)
	('S4', 'S5'), Operation(651, 692, 694)(692, 692)
	('S5', 'E5'), Operation(696, None, 716)(696, 714)
46. Flow F46 [E4-->E3] with period 128000, payload 1273B, e2e delay 128000us, jitter 12800us
	('E4', 'S4'), Operation(643, None, 654)(643, 643)
	('S4', 'S3'), Operation(656, None, 685)(656, 674)
	('S3', 'E3'), Operation(669, None, 716)(669, 705)
47. Flow F47 [E4-->E1] with period 16000, payload 1084B, e2e delay 16000us, jitter 1600us
	('E4', 'S4'), Operation(675, None, 684)(675, 675)
	('S4', 'S3'), Operation(686, None, 713)(686, 704)
	('S3', 'S2'), Operation(697, 720, 729)(720, 720)
	('S2', 'S1'), Operation(731, 736, 745)(736, 736)
	('S1', 'E1'), Operation(747, None, 774)(747, 765)
48. Flow F48 [E1-->E4] with period 128000, payload 721B, e2e delay 128000us, jitter 12800us
	('E1', 'S1'), Operation(662, None, 668)(662, 662)
	('S1', 'S2'), Operation(670, None, 694)(670, 688)
	('S2', 'S3'), Operation(678, None, 720)(678, 714)
	('S3', 'S4'), Operation(686, None, 746)(686, 740)
	('S4', 'E4'), Operation(694, None, 772)(694, 766)
49. Flow F49 [E5-->E3] with period 128000, payload 819B, e2e delay 128000us, jitter 12800us
	('E5', 'S5'), Operation(696, None, 703)(696, 696)
	('S5', 'S4'), Operation(705, None, 730)(705, 723)
	('S4', 'S3'), Operation(714, None, 757)(714, 750)
	('S3', 'E3'), Operation(723, None, 784)(723, 777)
50. Flow F50 [E2-->E1] with period 64000, payload 736B, e2e delay 64000us, jitter 6400us
	('E2', 'S2'), Operation(563, None, 569)(563, 563)
	('S2', 'S1'), Operation(571, None, 595)(571, 589)
	('S1', 'E1'), Operation(579, None, 621)(579, 615)
51. Flow F51 [E2-->E4] with period 128000, payload 571B, e2e delay 128000us, jitter 12800us
	('E2', 'S2'), Operation(752, 752, 757)(752, 752)
	('S2', 'S3'), Operation(759, None, 782)(759, 777)
	('S3', 'S4'), Operation(766, None, 807)(766, 802)
	('S4', 'E4'), Operation(773, None, 832)(773, 827)
52. Flow F52 [E1-->E3] with period 16000, payload 628B, e2e delay 16000us, jitter 1600us
	('E1', 'S1'), Operation(169, None, 175)(169, 169)
	('S1', 'S2'), Operation(177, None, 201)(177, 195)
	('S2', 'S3'), Operation(185, 208, 214)(208, 208)
	('S3', 'E3'), Operation(216, None, 240)(216, 234)
53. Flow F53 [E1-->E4] with period 32000, payload 1304B, e2e delay 32000us, jitter 3200us
	('E1', 'S1'), Operation(781, 781, 792)(781, 781)
	('S1', 'S2'), Operation(794, None, 823)(794, 812)
	('S2', 'S3'), Operation(807, None, 854)(807, 843)
	('S3', 'S4'), Operation(820, None, 885)(820, 874)
	('S4', 'E4'), Operation(833, None, 916)(833, 905)
54. Flow F54 [E4-->E5] with period 16000, payload 1345B, e2e delay 16000us, jitter 1600us
	('E4', 'S4'), Operation(394, None, 405)(394, 394)
	('S4', 'S5'), Operation(407, None, 436)(407, 425)
	('S5', 'E5'), Operation(420, 443, 454)(443, 443)
55. Flow F55 [E5-->E2] with period 2000, payload 1249B, e2e delay 2000us, jitter 200us
	('E5', 'S5'), Operation(729, None, 739)(729, 729)
	('S5', 'S4'), Operation(741, 746, 756)(746, 746)
	('S4', 'S3'), Operation(758, None, 786)(758, 776)
	('S3', 'S2'), Operation(770, 793, 803)(793, 793)
	('S2', 'E2'), Operation(805, None, 833)(805, 823)
56. Flow F56 [E1-->E5] with period 16000, payload 1029B, e2e delay 16000us, jitter 1600us
	('E1', 'S1'), Operation(853, None, 862)(853, 853)
	('S1', 'S2'), Operation(864, None, 891)(864, 882)
	('S2', 'S3'), Operation(875, None, 920)(875, 911)
	('S3', 'S4'), Operation(886, 927, 936)(927, 927)
	('S4', 'S5'), Operation(938, 943, 952)(943, 943)
	('S5', 'E5'), Operation(954, None, 981)(954, 972)
57. Flow F57 [E5-->E3] with period 4000, payload 1208B, e2e delay 4000us, jitter 400us
	('E5', 'S5'), Operation(758, None, 768)(758, 758)
	('S5', 'S4'), Operation(770, 775, 785)(775, 775)
	('S4', 'S3'), Operation(787, None, 815)(787, 805)
	('S3', 'E3'), Operation(799, None, 845)(799, 835)
58. Flow F58 [E1-->E2] with period 128000, payload 114B, e2e delay 128000us, jitter 12800us
	('E1', 'S1'), Operation(79, 79, 80)(79, 79)
	('S1', 'S2'), Operation(82, None, 101)(82, 100)
	('S2', 'E2'), Operation(85, None, 122)(85, 121)
59. Flow F59 [E3-->E2] with period 16000, payload 65B, e2e delay 16000us, jitter 1600us
	('E3', 'S3'), Operation(490, None, 491)(490, 490)
	('S3', 'S2'), Operation(493, None, 512)(493, 511)
	('S2', 'E2'), Operation(496, None, 533)(496, 532)
60. Flow F60 [E4-->E5] with period 2000, payload 632B, e2e delay 2000us, jitter 200us
	('E4', 'S4'), Operation(439, None, 445)(439, 439)
	('S4', 'S5'), Operation(447, None, 471)(447, 465)
	('S5', 'E5'), Operation(455, 478, 484)(478, 478)
61. Flow F61 [E5-->E3] with period 128000, payload 897B, e2e delay 128000us, jitter 12800us
	('E5', 'S5'), Operation(816, None, 824)(816, 816)
	('S5', 'S4'), Operation(826, None, 852)(826, 844)
	('S4', 'S3'), Operation(836, None, 880)(836, 872)
	('S3', 'E3'), Operation(846, None, 908)(846, 900)
62. Flow F62 [E3-->E4] with period 4000, payload 475B, e2e delay 4000us, jitter 400us
	('E3', 'S3'), Operation(280, None, 284)(280, 280)
	('S3', 'S4'), Operation(286, None, 308)(286, 304)
	('S4', 'E4'), Operation(292, 315, 319)(315, 315)
63. Flow F63 [E2-->E3] with period 4000, payload 1104B, e2e delay 4000us, jitter 400us
	('E2', 'S2'), Operation(910, None, 919)(910, 910)
	('S2', 'S3'), Operation(921, None, 948)(921, 939)
	('S3', 'E3'), Operation(932, 955, 964)(955, 955)
64. Flow F64 [E5-->E1] with period 128000, payload 462B, e2e delay 128000us, jitter 12800us
	('E5', 'S5'), Operation(869, 869, 873)(869, 869)
	('S5', 'S4'), Operation(875, None, 897)(875, 893)
	('S4', 'S3'), Operation(881, None, 921)(881, 917)
	('S3', 'S2'), Operation(887, None, 945)(887, 941)
	('S2', 'S1'), Operation(893, None, 969)(893, 965)
	('S1', 'E1'), Operation(899, None, 993)(899, 989)
65. Flow F65 [E5-->E1] with period 2000, payload 693B, e2e delay 2000us, jitter 200us
	('E5', 'S5'), Operation(926, 926, 932)(926, 926)
	('S5', 'S4'), Operation(934, None, 958)(934, 952)
	('S4', 'S3'), Operation(942, 965, 971)(965, 965)
	('S3', 'S2'), Operation(973, 978, 984)(978, 978)
	('S2', 'S1'), Operation(986, None, 1010)(986, 1004)
	('S1', 'E1'), Operation(994, None, 1036)(994, 1030)
66. Flow F66 [E2-->E4] with period 16000, payload 1002B, e2e delay 16000us, jitter 1600us
	('E2', 'S2'), Operation(938, 938, 947)(938, 938)
	('S2', 'S3'), Operation(949, None, 976)(949, 967)
	('S3', 'S4'), Operation(960, 983, 992)(983, 983)
	('S4', 'E4'), Operation(994, None, 1021)(994, 1012)
67. Flow F67 [E5-->E4] with period 8000, payload 1471B, e2e delay 8000us, jitter 800us
	('E5', 'S5'), Operation(31, None, 43)(31, 31)
	('S5', 'S4'), Operation(45, 50, 62)(50, 50)
	('S4', 'E4'), Operation(64, None, 94)(64, 82)
68. Flow F68 [E5-->E2] with period 64000, payload 968B, e2e delay 64000us, jitter 6400us
	('E5', 'S5'), Operation(955, 955, 963)(955, 955)
	('S5', 'S4'), Operation(965, None, 991)(965, 983)
	('S4', 'S3'), Operation(975, None, 1019)(975, 1011)
	('S3', 'S2'), Operation(985, None, 1047)(985, 1039)
	('S2', 'E2'), Operation(995, None, 1075)(995, 1067)
69. Flow F69 [E3-->E1] with period 8000, payload 88B, e2e delay 8000us, jitter 800us
	('E3', 'S3'), Operation(801, None, 802)(801, 801)
	('S3', 'S2'), Operation(804, None, 823)(804, 822)
	('S2', 'S1'), Operation(807, None, 844)(807, 843)
	('S1', 'E1'), Operation(810, 851, 852)(851, 851)
70. Flow F70 [E2-->E3] with period 2000, payload 432B, e2e delay 2000us, jitter 200us
	('E2', 'S2'), Operation(622, None, 626)(622, 622)
	('S2', 'S3'), Operation(628, 633, 637)(633, 633)
	('S3', 'E3'), Operation(639, None, 661)(639, 657)
71. Flow F71 [E3-->E4] with period 128000, payload 773B, e2e delay 128000us, jitter 12800us
	('E3', 'S3'), Operation(302, None, 309)(302, 302)
	('S3', 'S4'), Operation(311, None, 336)(311, 329)
	('S4', 'E4'), Operation(320, None, 363)(320, 356)
72. Flow F72 [E2-->E3] with period 64000, payload 331B, e2e delay 64000us, jitter 6400us
	('E2', 'S2'), Operation(972, None, 975)(972, 972)
	('S2', 'S3'), Operation(977, None, 998)(977, 995)
	('S3', 'E3'), Operation(982, None, 1021)(982, 1018)
73. Flow F73 [E4-->E5] with period 2000, payload 889B, e2e delay 2000us, jitter 200us
	('E4', 'S4'), Operation(462, None, 470)(462, 462)
	('S4', 'S5'), Operation(472, 477, 485)(477, 477)
	('S5', 'E5'), Operation(487, 492, 500)(492, 492)
74. Flow F74 [E5-->E1] with period 4000, payload 536B, e2e delay 4000us, jitter 400us
	('E5', 'S5'), Operation(1006, 1006, 1011)(1006, 1006)
	('S5', 'S4'), Operation(1013, None, 1036)(1013, 1031)
	('S4', 'S3'), Operation(1020, 1043, 1048)(1043, 1043)
	('S3', 'S2'), Operation(1050, None, 1073)(1050, 1068)
	('S2', 'S1'), Operation(1057, None, 1098)(1057, 1093)
	('S1', 'E1'), Operation(1064, None, 1123)(1064, 1118)
75. Flow F75 [E2-->E1] with period 16000, payload 563B, e2e delay 16000us, jitter 1600us
	('E2', 'S2'), Operation(608, 608, 613)(608, 608)
	('S2', 'S1'), Operation(615, None, 638)(615, 633)
	('S1', 'E1'), Operation(622, None, 663)(622, 658)
76. Flow F76 [E1-->E3] with period 128000, payload 372B, e2e delay 128000us, jitter 12800us
	('E1', 'S1'), Operation(1007, None, 1010)(1007, 1007)
	('S1', 'S2'), Operation(1012, None, 1033)(1012, 1030)
	('S2', 'S3'), Operation(1017, None, 1056)(1017, 1053)
	('S3', 'E3'), Operation(1022, None, 1079)(1022, 1076)
77. Flow F77 [E2-->E4] with period 32000, payload 1470B, e2e delay 32000us, jitter 3200us
	('E2', 'S2'), Operation(1043, 1043, 1055)(1043, 1043)
	('S2', 'S3'), Operation(1057, None, 1087)(1057, 1075)
	('S3', 'S4'), Operation(1071, 1094, 1106)(1094, 1094)
	('S4', 'E4'), Operation(1108, None, 1138)(1108, 1126)
78. Flow F78 [E3-->E1] with period 16000, payload 1004B, e2e delay 16000us, jitter 1600us
	('E3', 'S3'), Operation(1086, 1086, 1095)(1086, 1086)
	('S3', 'S2'), Operation(1097, 1102, 1111)(1102, 1102)
	('S2', 'S1'), Operation(1113, None, 1140)(1113, 1131)
	('S1', 'E1'), Operation(1124, None, 1169)(1124, 1160)
79. Flow F79 [E4-->E5] with period 4000, payload 638B, e2e delay 4000us, jitter 400us
	('E4', 'S4'), Operation(485, None, 491)(485, 485)
	('S4', 'S5'), Operation(493, None, 517)(493, 511)
	('S5', 'E5'), Operation(501, None, 543)(501, 537)
80. Flow F80 [E4-->E3] with period 32000, payload 437B, e2e delay 32000us, jitter 3200us
	('E4', 'S4'), Operation(1063, None, 1067)(1063, 1063)
	('S4', 'S3'), Operation(1069, 1074, 1078)(1074, 1074)
	('S3', 'E3'), Operation(1080, 1085, 1089)(1085, 1085)
81. Flow F81 [E4-->E1] with period 4000, payload 1235B, e2e delay 4000us, jitter 400us
	('E4', 'S4'), Operation(1112, None, 1122)(1112, 1112)
	('S4', 'S3'), Operation(1124, 1129, 1139)(1129, 1129)
	('S3', 'S2'), Operation(1141, 1146, 1156)(1146, 1146)
	('S2', 'S1'), Operation(1158, None, 1186)(1158, 1176)
	('S1', 'E1'), Operation(1170, None, 1216)(1170, 1206)
82. Flow F82 [E2-->E1] with period 4000, payload 112B, e2e delay 4000us, jitter 400us
	('E2', 'S2'), Operation(3, None, 4)(3, 3)
	('S2', 'S1'), Operation(6, 11, 12)(11, 11)
	('S1', 'E1'), Operation(14, None, 33)(14, 32)
83. Flow F83 [E2-->E1] with period 2000, payload 1073B, e2e delay 2000us, jitter 200us
	('E2', 'S2'), Operation(834, None, 843)(834, 834)
	('S2', 'S1'), Operation(845, None, 872)(845, 863)
	('S1', 'E1'), Operation(856, 879, 888)(879, 879)
84. Flow F84 [E4-->E2] with period 64000, payload 959B, e2e delay 64000us, jitter 6400us
	('E4', 'S4'), Operation(1137, None, 1145)(1137, 1137)
	('S4', 'S3'), Operation(1147, None, 1173)(1147, 1165)
	('S3', 'S2'), Operation(1157, None, 1201)(1157, 1193)
	('S2', 'E2'), Operation(1167, 1208, 1216)(1208, 1208)
85. Flow F85 [E2-->E5] with period 128000, payload 254B, e2e delay 128000us, jitter 12800us
	('E2', 'S2'), Operation(1097, None, 1100)(1097, 1097)
	('S2', 'S3'), Operation(1102, None, 1123)(1102, 1120)
	('S3', 'S4'), Operation(1107, None, 1146)(1107, 1143)
	('S4', 'S5'), Operation(1112, None, 1169)(1112, 1166)
	('S5', 'E5'), Operation(1117, None, 1192)(1117, 1189)
86. Flow F86 [E2-->E1] with period 2000, payload 1448B, e2e delay 2000us, jitter 200us
	('E2', 'S2'), Operation(1189, None, 1201)(1189, 1189)
	('S2', 'S1'), Operation(1203, None, 1233)(1203, 1221)
	('S1', 'E1'), Operation(1217, None, 1265)(1217, 1253)
87. Flow F87 [E4-->E1] with period 64000, payload 852B, e2e delay 64000us, jitter 6400us
	('E4', 'S4'), Operation(1230, None, 1237)(1230, 1230)
	('S4', 'S3'), Operation(1239, None, 1264)(1239, 1257)
	('S3', 'S2'), Operation(1248, None, 1291)(1248, 1284)
	('S2', 'S1'), Operation(1257, None, 1318)(1257, 1311)
	('S1', 'E1'), Operation(1266, None, 1345)(1266, 1338)
88. Flow F88 [E4-->E3] with period 2000, payload 444B, e2e delay 2000us, jitter 200us
	('E4', 'S4'), Operation(1078, None, 1082)(1078, 1078)
	('S4', 'S3'), Operation(1084, None, 1106)(1084, 1102)
	('S3', 'E3'), Operation(1090, 1113, 1117)(1113, 1113)
89. Flow F89 [E1-->E3] with period 2000, payload 878B, e2e delay 2000us, jitter 200us
	('E1', 'S1'), Operation(1099, None, 1107)(1099, 1099)
	('S1', 'S2'), Operation(1109, 1114, 1122)(1114, 1114)
	('S2', 'S3'), Operation(1124, 1129, 1137)(1129, 1129)
	('S3', 'E3'), Operation(1139, None, 1165)(1139, 1157)
90. Flow F90 [E4-->E3] with period 16000, payload 1047B, e2e delay 16000us, jitter 1600us
	('E4', 'S4'), Operation(1163, 1163, 1172)(1163, 1163)
	('S4', 'S3'), Operation(1174, 1179, 1188)(1179, 1179)
	('S3', 'E3'), Operation(1190, None, 1217)(1190, 1208)
91. Flow F91 [E4-->E3] with period 32000, payload 605B, e2e delay 32000us, jitter 3200us
	('E4', 'S4'), Operation(1199, None, 1204)(1199, 1199)
	('S4', 'S3'), Operation(1206, 1211, 1216)(1211, 1211)
	('S3', 'E3'), Operation(1218, None, 1241)(1218, 1236)
92. Flow F92 [E3-->E5] with period 4000, payload 665B, e2e delay 4000us, jitter 400us
	('E3', 'S3'), Operation(985, 985, 991)(985, 985)
	('S3', 'S4'), Operation(993, None, 1017)(993, 1011)
	('S4', 'S5'), Operation(1001, 1024, 1030)(1024, 1024)
	('S5', 'E5'), Operation(1032, 1037, 1043)(1037, 1037)
93. Flow F93 [E3-->E5] with period 4000, payload 708B, e2e delay 4000us, jitter 400us
	('E3', 'S3'), Operation(739, None, 745)(739, 739)
	('S3', 'S4'), Operation(747, 752, 758)(752, 752)
	('S4', 'S5'), Operation(760, None, 784)(760, 778)
	('S5', 'E5'), Operation(768, 791, 797)(791, 791)
94. Flow F94 [E4-->E1] with period 64000, payload 76B, e2e delay 64000us, jitter 6400us
	('E4', 'S4'), Operation(1334, 1334, 1335)(1334, 1334)
	('S4', 'S3'), Operation(1337, None, 1356)(1337, 1355)
	('S3', 'S2'), Operation(1340, None, 1377)(1340, 1376)
	('S2', 'S1'), Operation(1343, None, 1398)(1343, 1397)
	('S1', 'E1'), Operation(1346, None, 1419)(1346, 1418)
95. Flow F95 [E5-->E3] with period 64000, payload 138B, e2e delay 64000us, jitter 6400us
	('E5', 'S5'), Operation(1252, 1252, 1254)(1252, 1252)
	('S5', 'S4'), Operation(1256, 1261, 1263)(1261, 1261)
	('S4', 'S3'), Operation(1265, None, 1285)(1265, 1283)
	('S3', 'E3'), Operation(1269, 1292, 1294)(1292, 1292)
96. Flow F96 [E5-->E4] with period 2000, payload 697B, e2e delay 2000us, jitter 200us
	('E5', 'S5'), Operation(213, None, 219)(213, 213)
	('S5', 'S4'), Operation(221, 226, 232)(226, 226)
	('S4', 'E4'), Operation(234, 239, 245)(239, 239)
97. Flow F97 [E2-->E1] with period 32000, payload 510B, e2e delay 32000us, jitter 3200us
	('E2', 'S2'), Operation(304, None, 309)(304, 304)
	('S2', 'S1'), Operation(311, 316, 321)(316, 316)
	('S1', 'E1'), Operation(323, 328, 333)(328, 328)
98. Flow F98 [E1-->E4] with period 16000, payload 326B, e2e delay 16000us, jitter 1600us
	('E1', 'S1'), Operation(1127, 1127, 1130)(1127, 1127)
	('S1', 'S2'), Operation(1132, 1137, 1140)(1137, 1137)
	('S2', 'S3'), Operation(1142, None, 1163)(1142, 1160)
	('S3', 'S4'), Operation(1147, None, 1186)(1147, 1183)
	('S4', 'E4'), Operation(1152, 1193, 1196)(1193, 1193)
99. Flow F99 [E4-->E3] with period 4000, payload 583B, e2e delay 4000us, jitter 400us
	('E4', 'S4'), Operation(1100, 1100, 1105)(1100, 1100)
	('S4', 'S3'), Operation(1107, 1112, 1117)(1112, 1112)
	('S3', 'E3'), Operation(1119, 1124, 1129)(1124, 1124)
100. Flow F100 [E1-->E4] with period 4000, payload 899B, e2e delay 4000us, jitter 400us
	('E1', 'S1'), Operation(1144, 1144, 1152)(1144, 1144)
	('S1', 'S2'), Operation(1154, None, 1180)(1154, 1172)
	('S2', 'S3'), Operation(1164, 1187, 1195)(1187, 1187)
	('S3', 'S4'), Operation(1197, None, 1223)(1197, 1215)
	('S4', 'E4'), Operation(1207, None, 1251)(1207, 1243)
101. Flow F101 [E1-->E3] with period 64000, payload 704B, e2e delay 64000us, jitter 6400us
	('E1', 'S1'), Operation(1266, None, 1272)(1266, 1266)
	('S1', 'S2'), Operation(1274, 1279, 1285)(1279, 1279)
	('S2', 'S3'), Operation(1287, None, 1311)(1287, 1305)
	('S3', 'E3'), Operation(1295, 1318, 1324)(1318, 1318)
102. Flow F102 [E3-->E5] with period 4000, payload 1489B, e2e delay 4000us, jitter 400us
	('E3', 'S3'), Operation(492, None, 504)(492, 492)
	('S3', 'S4'), Operation(506, 511, 523)(511, 511)
	('S4', 'S5'), Operation(525, 530, 542)(530, 530)
	('S5', 'E5'), Operation(544, None, 574)(544, 562)
103. Flow F103 [E3-->E1] with period 16000, payload 1062B, e2e delay 16000us, jitter 1600us
	('E3', 'S3'), Operation(1377, None, 1386)(1377, 1377)
	('S3', 'S2'), Operation(1388, 1393, 1402)(1393, 1393)
	('S2', 'S1'), Operation(1404, 1409, 1418)(1409, 1409)
	('S1', 'E1'), Operation(1420, 1425, 1434)(1425, 1425)
104. Flow F104 [E3-->E1] with period 8000, payload 615B, e2e delay 8000us, jitter 800us
	('E3', 'S3'), Operation(746, None, 751)(746, 746)
	('S3', 'S2'), Operation(753, 758, 763)(758, 758)
	('S2', 'S1'), Operation(765, 770, 775)(770, 770)
	('S1', 'E1'), Operation(777, None, 800)(777, 795)
105. Flow F105 [E5-->E3] with period 128000, payload 409B, e2e delay 128000us, jitter 12800us
	('E5', 'S5'), Operation(1345, 1345, 1349)(1345, 1345)
	('S5', 'S4'), Operation(1351, None, 1373)(1351, 1369)
	('S4', 'S3'), Operation(1357, None, 1397)(1357, 1393)
	('S3', 'E3'), Operation(1363, None, 1421)(1363, 1417)
106. Flow F106 [E2-->E4] with period 4000, payload 567B, e2e delay 4000us, jitter 400us
	('E2', 'S2'), Operation(224, None, 229)(224, 224)
	('S2', 'S3'), Operation(231, 236, 241)(236, 236)
	('S3', 'S4'), Operation(243, 248, 253)(248, 248)
	('S4', 'E4'), Operation(255, 260, 265)(260, 260)
107. Flow F107 [E5-->E2] with period 8000, payload 741B, e2e delay 8000us, jitter 800us
	('E5', 'S5'), Operation(1382, None, 1388)(1382, 1382)
	('S5', 'S4'), Operation(1390, None, 1414)(1390, 1408)
	('S4', 'S3'), Operation(1398, 1421, 1427)(1421, 1421)
	('S3', 'S2'), Operation(1429, None, 1453)(1429, 1447)
	('S2', 'E2'), Operation(1437, 1460, 1466)(1460, 1460)
108. Flow F108 [E1-->E3] with period 64000, payload 1265B, e2e delay 64000us, jitter 6400us
	('E1', 'S1'), Operation(1383, None, 1394)(1383, 1383)
	('S1', 'S2'), Operation(1396, None, 1425)(1396, 1414)
	('S2', 'S3'), Operation(1409, None, 1456)(1409, 1445)
	('S3', 'E3'), Operation(1422, None, 1487)(1422, 1476)
109. Flow F109 [E3-->E4] with period 4000, payload 854B, e2e delay 4000us, jitter 400us
	('E3', 'S3'), Operation(1009, 1009, 1016)(1009, 1009)
	('S3', 'S4'), Operation(1018, None, 1043)(1018, 1036)
	('S4', 'E4'), Operation(1027, 1050, 1057)(1050, 1050)
110. Flow F110 [E4-->E5] with period 16000, payload 198B, e2e delay 16000us, jitter 1600us
	('E4', 'S4'), Operation(4, None, 6)(4, 4)
	('S4', 'S5'), Operation(8, None, 28)(8, 26)
	('S5', 'E5'), Operation(12, 35, 37)(35, 35)
111. Flow F111 [E3-->E5] with period 128000, payload 539B, e2e delay 128000us, jitter 12800us
	('E3', 'S3'), Operation(1217, None, 1222)(1217, 1217)
	('S3', 'S4'), Operation(1224, None, 1247)(1224, 1242)
	('S4', 'S5'), Operation(1231, None, 1272)(1231, 1267)
	('S5', 'E5'), Operation(1238, None, 1297)(1238, 1292)
112. Flow F112 [E4-->E3] with period 2000, payload 866B, e2e delay 2000us, jitter 200us
	('E4', 'S4'), Operation(1470, None, 1477)(1470, 1470)
	('S4', 'S3'), Operation(1479, None, 1504)(1479, 1497)
	('S3', 'E3'), Operation(1488, None, 1531)(1488, 1524)
113. Flow F113 [E4-->E3] with period 8000, payload 336B, e2e delay 8000us, jitter 800us
	('E4', 'S4'), Operation(1522, None, 1525)(1522, 1522)
	('S4', 'S3'), Operation(1527, None, 1548)(1527, 1545)
	('S3', 'E3'), Operation(1532, 1555, 1558)(1555, 1555)
114. Flow F114 [E2-->E3] with period 32000, payload 884B, e2e delay 32000us, jitter 3200us
	('E2', 'S2'), Operation(1217, None, 1225)(1217, 1217)
	('S2', 'S3'), Operation(1227, 1232, 1240)(1232, 1232)
	('S3', 'E3'), Operation(1242, None, 1268)(1242, 1260)
115. Flow F115 [E3-->E4] with period 16000, payload 811B, e2e delay 16000us, jitter 1600us
	('E3', 'S3'), Operation(440, 440, 447)(440, 440)
	('S3', 'S4'), Operation(449, 454, 461)(454, 454)
	('S4', 'E4'), Operation(463, 468, 475)(468, 468)
116. Flow F116 [E4-->E5] with period 8000, payload 1010B, e2e delay 8000us, jitter 800us
	('E4', 'S4'), Operation(553, 553, 562)(553, 553)
	('S4', 'S5'), Operation(564, None, 591)(564, 582)
	('S5', 'E5'), Operation(575, 598, 607)(598, 598)
117. Flow F117 [E1-->E4] with period 64000, payload 1475B, e2e delay 64000us, jitter 6400us
	('E1', 'S1'), Operation(1208, 1208, 1220)(1208, 1208)
	('S1', 'S2'), Operation(1222, 1227, 1239)(1227, 1227)
	('S2', 'S3'), Operation(1241, None, 1271)(1241, 1259)
	('S3', 'S4'), Operation(1255, None, 1303)(1255, 1291)
	('S4', 'E4'), Operation(1269, None, 1335)(1269, 1323)
118. Flow F118 [E3-->E1] with period 16000, payload 1338B, e2e delay 16000us, jitter 1600us
	('E3', 'S3'), Operation(1441, None, 1452)(1441, 1441)
	('S3', 'S2'), Operation(1454, None, 1483)(1454, 1472)
	('S2', 'S1'), Operation(1467, 1490, 1501)(1490, 1490)
	('S1', 'E1'), Operation(1503, 1508, 1519)(1508, 1508)
119. Flow F119 [E1-->E2] with period 8000, payload 808B, e2e delay 8000us, jitter 800us
	('E1', 'S1'), Operation(100, 100, 107)(100, 100)
	('S1', 'S2'), Operation(109, 114, 121)(114, 114)
	('S2', 'E2'), Operation(123, 128, 135)(128, 128)
120. Flow F120 [E2-->E4] with period 2000, payload 706B, e2e delay 2000us, jitter 200us
	('E2', 'S2'), Operation(1312, None, 1318)(1312, 1312)
	('S2', 'S3'), Operation(1320, None, 1344)(1320, 1338)
	('S3', 'S4'), Operation(1328, None, 1370)(1328, 1364)
	('S4', 'E4'), Operation(1336, 1377, 1383)(1377, 1377)
121. Flow F121 [E3-->E4] with period 64000, payload 1447B, e2e delay 64000us, jitter 6400us
	('E3', 'S3'), Operation(1357, None, 1369)(1357, 1357)
	('S3', 'S4'), Operation(1371, None, 1401)(1371, 1389)
	('S4', 'E4'), Operation(1385, None, 1433)(1385, 1421)
122. Flow F122 [E3-->E5] with period 8000, payload 1412B, e2e delay 8000us, jitter 800us
	('E3', 'S3'), Operation(1030, 1030, 1042)(1030, 1030)
	('S3', 'S4'), Operation(1044, 1049, 1061)(1049, 1049)
	('S4', 'S5'), Operation(1063, 1068, 1080)(1068, 1068)
	('S5', 'E5'), Operation(1082, 1087, 1099)(1087, 1087)
123. Flow F123 [E2-->E5] with period 32000, payload 578B, e2e delay 32000us, jitter 3200us
	('E2', 'S2'), Operation(789, 789, 794)(789, 789)
	('S2', 'S3'), Operation(796, 801, 806)(801, 801)
	('S3', 'S4'), Operation(808, 813, 818)(813, 813)
	('S4', 'S5'), Operation(820, 825, 830)(825, 825)
	('S5', 'E5'), Operation(832, 837, 842)(837, 837)
124. Flow F124 [E5-->E1] with period 2000, payload 1390B, e2e delay 2000us, jitter 200us
	('E5', 'S5'), Operation(1521, None, 1533)(1521, 1521)
	('S5', 'S4'), Operation(1535, None, 1565)(1535, 1553)
	('S4', 'S3'), Operation(1549, 1572, 1584)(1572, 1572)
	('S3', 'S2'), Operation(1586, 1591, 1603)(1591, 1591)
	('S2', 'S1'), Operation(1605, None, 1635)(1605, 1623)
	('S1', 'E1'), Operation(1619, None, 1667)(1619, 1655)
125. Flow F125 [E1-->E2] with period 16000, payload 1263B, e2e delay 16000us, jitter 1600us
	('E1', 'S1'), Operation(318, None, 329)(318, 318)
	('S1', 'S2'), Operation(331, None, 360)(331, 349)
	('S2', 'E2'), Operation(344, None, 391)(344, 380)
126. Flow F126 [E1-->E5] with period 32000, payload 68B, e2e delay 32000us, jitter 3200us
	('E1', 'S1'), Operation(1446, None, 1447)(1446, 1446)
	('S1', 'S2'), Operation(1449, 1454, 1455)(1454, 1454)
	('S2', 'S3'), Operation(1457, None, 1476)(1457, 1475)
	('S3', 'S4'), Operation(1460, None, 1497)(1460, 1496)
	('S4', 'S5'), Operation(1463, None, 1518)(1463, 1517)
	('S5', 'E5'), Operation(1466, None, 1539)(1466, 1538)
127. Flow F127 [E4-->E2] with period 16000, payload 1303B, e2e delay 16000us, jitter 1600us
	('E4', 'S4'), Operation(803, None, 814)(803, 803)
	('S4', 'S3'), Operation(816, 821, 832)(821, 821)
	('S3', 'S2'), Operation(834, None, 863)(834, 852)
	('S2', 'E2'), Operation(847, None, 894)(847, 883)
128. Flow F128 [E2-->E1] with period 16000, payload 1354B, e2e delay 16000us, jitter 1600us
	('E2', 'S2'), Operation(1409, None, 1420)(1409, 1409)
	('S2', 'S1'), Operation(1422, None, 1451)(1422, 1440)
	('S1', 'E1'), Operation(1435, 1458, 1469)(1458, 1458)
129. Flow F129 [E1-->E2] with period 2000, payload 196B, e2e delay 2000us, jitter 200us
	('E1', 'S1'), Operation(41, 41, 43)(41, 41)
	('S1', 'S2'), Operation(45, 50, 52)(50, 50)
	('S2', 'E2'), Operation(54, 59, 61)(59, 59)
130. Flow F130 [E5-->E1] with period 32000, payload 1075B, e2e delay 32000us, jitter 3200us
	('E5', 'S5'), Operation(1478, None, 1487)(1478, 1478)
	('S5', 'S4'), Operation(1489, 1494, 1503)(1494, 1494)
	('S4', 'S3'), Operation(1505, 1510, 1519)(1510, 1510)
	('S3', 'S2'), Operation(1521, None, 1548)(1521, 1539)
	('S2', 'S1'), Operation(1532, None, 1577)(1532, 1568)
	('S1', 'E1'), Operation(1543, None, 1606)(1543, 1597)
131. Flow F131 [E3-->E4] with period 4000, payload 98B, e2e delay 4000us, jitter 400us
	('E3', 'S3'), Operation(934, None, 935)(934, 934)
	('S3', 'S4'), Operation(937, 942, 943)(942, 942)
	('S4', 'E4'), Operation(945, 950, 951)(950, 950)
132. Flow F132 [E5-->E1] with period 64000, payload 850B, e2e delay 64000us, jitter 6400us
	('E5', 'S5'), Operation(1618, None, 1625)(1618, 1618)
	('S5', 'S4'), Operation(1627, 1632, 1639)(1632, 1632)
	('S4', 'S3'), Operation(1641, None, 1666)(1641, 1659)
	('S3', 'S2'), Operation(1650, None, 1693)(1650, 1686)
	('S2', 'S1'), Operation(1659, None, 1720)(1659, 1713)
	('S1', 'E1'), Operation(1668, None, 1747)(1668, 1740)
133. Flow F133 [E4-->E3] with period 8000, payload 1411B, e2e delay 8000us, jitter 800us
	('E4', 'S4'), Operation(1571, 1571, 1583)(1571, 1571)
	('S4', 'S3'), Operation(1585, None, 1615)(1585, 1603)
	('S3', 'E3'), Operation(1599, 1622, 1634)(1622, 1622)
134. Flow F134 [E4-->E1] with period 128000, payload 339B, e2e delay 128000us, jitter 12800us
	('E4', 'S4'), Operation(1706, None, 1709)(1706, 1706)
	('S4', 'S3'), Operation(1711, None, 1732)(1711, 1729)
	('S3', 'S2'), Operation(1716, None, 1755)(1716, 1752)
	('S2', 'S1'), Operation(1721, 1762, 1765)(1762, 1762)
	('S1', 'E1'), Operation(1767, None, 1788)(1767, 1785)
135. Flow F135 [E2-->E1] with period 32000, payload 854B, e2e delay 32000us, jitter 3200us
	('E2', 'S2'), Operation(641, 641, 648)(641, 641)
	('S2', 'S1'), Operation(650, 655, 662)(655, 655)
	('S1', 'E1'), Operation(664, 669, 676)(669, 669)
136. Flow F136 [E5-->E1] with period 64000, payload 1120B, e2e delay 64000us, jitter 6400us
	('E5', 'S5'), Operation(1723, 1723, 1732)(1723, 1723)
	('S5', 'S4'), Operation(1734, None, 1761)(1734, 1752)
	('S4', 'S3'), Operation(1745, None, 1790)(1745, 1781)
	('S3', 'S2'), Operation(1756, None, 1819)(1756, 1810)
	('S2', 'S1'), Operation(1767, 1826, 1835)(1826, 1826)
	('S1', 'E1'), Operation(1837, None, 1864)(1837, 1855)
137. Flow F137 [E2-->E1] with period 8000, payload 331B, e2e delay 8000us, jitter 800us
	('E2', 'S2'), Operation(1027, None, 1030)(1027, 1027)
	('S2', 'S1'), Operation(1032, None, 1053)(1032, 1050)
	('S1', 'E1'), Operation(1037, 1060, 1063)(1060, 1060)
138. Flow F138 [E2-->E3] with period 4000, payload 1499B, e2e delay 4000us, jitter 400us
	('E2', 'S2'), Operation(1526, None, 1538)(1526, 1526)
	('S2', 'S3'), Operation(1540, 1545, 1557)(1545, 1545)
	('S3', 'E3'), Operation(1559, None, 1589)(1559, 1577)
139. Flow F139 [E5-->E1] with period 2000, payload 1283B, e2e delay 2000us, jitter 200us
	('E5', 'S5'), Operation(1781, None, 1792)(1781, 1781)
	('S5', 'S4'), Operation(1794, None, 1823)(1794, 1812)
	('S4', 'S3'), Operation(1807, None, 1854)(1807, 1843)
	('S3', 'S2'), Operation(1820, 1861, 1872)(1861, 1861)
	('S2', 'S1'), Operation(1874, None, 1903)(1874, 1892)
	('S1', 'E1'), Operation(1887, 1910, 1921)(1910, 1910)
