0. Flow F0 [MIMU2-->MIMU3] with period 8000, payload 940B, e2e delay 8000us, jitter 800us
	('MIMU2', 'SW13'), Operation(7716, None, 7792)(7716, 7716)
	('SW13', 'MIMU3'), Operation(7794, None, 7999)(7794, 7923)
1. Flow F1 [MIMU3-->CMRIU1] with period 128000, payload 992B, e2e delay 128000us, jitter 12800us
	('MIMU3', 'SW13'), Operation(90488, None, 90568)(90488, 90488)
	('SW13', 'SW21'), Operation(90570, 90575, 90655)(90575, 90575)
	('SW21', 'CMRIU1'), Operation(90657, None, 90866)(90657, 90786)
2. Flow F2 [BFCU-->CMRIU1] with period 2000, payload 695B, e2e delay 2000us, jitter 200us
	('BFCU', 'SW22'), Operation(813, None, 869)(813, 813)
	('SW22', 'SW11'), Operation(871, 876, 932)(876, 876)
	('SW11', 'SW21'), Operation(934, 939, 995)(939, 939)
	('SW21', 'CMRIU1'), Operation(997, None, 1182)(997, 1126)
3. Flow F3 [FCM2-->StarTr1] with period 2000, payload 695B, e2e delay 2000us, jitter 200us
	('FCM2', 'SW32'), Operation(1037, None, 1093)(1037, 1037)
	('SW32', 'SW22'), Operation(1095, 1100, 1156)(1100, 1100)
	('SW22', 'SW13'), Operation(1158, 1286, 1342)(1286, 1286)
	('SW13', 'StarTr1'), Operation(1344, None, 1529)(1344, 1473)
4. Flow F4 [MIMU1-->RCM2] with period 32000, payload 64B, e2e delay 32000us, jitter 3200us
	('MIMU1', 'SW13'), Operation(28978, None, 28984)(28978, 28978)
	('SW13', 'SW22'), Operation(28986, 28991, 28997)(28991, 28991)
	('SW22', 'SW32'), Operation(28999, 29004, 29010)(29004, 29004)
	('SW32', 'RCM2'), Operation(29012, None, 29147)(29012, 29141)
5. Flow F5 [CM2CA-->SMRIU2] with period 8000, payload 551B, e2e delay 8000us, jitter 800us
	('CM2CA', 'SW42'), Operation(124, None, 169)(124, 124)
	('SW42', 'SW32'), Operation(171, 245, 290)(245, 245)
	('SW32', 'SW6'), Operation(292, None, 466)(292, 421)
	('SW6', 'SMRIU2'), Operation(339, None, 642)(339, 597)
6. Flow F6 [SBAND1-->MIMU3] with period 64000, payload 793B, e2e delay 64000us, jitter 6400us
	('SBAND1', 'SW12'), Operation(30323, None, 30387)(30323, 30323)
	('SW12', 'SW21'), Operation(30389, None, 30582)(30389, 30518)
	('SW21', 'SW13'), Operation(30455, None, 30777)(30455, 30713)
	('SW13', 'MIMU3'), Operation(30521, None, 30972)(30521, 30908)
7. Flow F7 [CM2CA-->DU3] with period 4000, payload 230B, e2e delay 4000us, jitter 400us
	('CM2CA', 'SW42'), Operation(1, None, 20)(1, 1)
	('SW42', 'SW32'), Operation(22, None, 170)(22, 151)
	('SW32', 'SW22'), Operation(43, 302, 321)(302, 302)
	('SW22', 'SW11'), Operation(323, None, 471)(323, 452)
	('SW11', 'DU3'), Operation(344, None, 621)(344, 602)
8. Flow F8 [DU1-->RCM2] with period 16000, payload 439B, e2e delay 16000us, jitter 1600us
	('DU1', 'SW11'), Operation(14914, None, 14950)(14914, 14914)
	('SW11', 'SW22'), Operation(14952, 15080, 15116)(15080, 15080)
	('SW22', 'SW32'), Operation(15118, 15123, 15159)(15123, 15123)
	('SW32', 'RCM2'), Operation(15161, None, 15326)(15161, 15290)
9. Flow F9 [CM1CA-->RCM2] with period 32000, payload 1240B, e2e delay 32000us, jitter 3200us
	('CM1CA', 'SW41'), Operation(8412, None, 8512)(8412, 8412)
	('SW41', 'SW31'), Operation(8514, None, 8743)(8514, 8643)
	('SW31', 'SW7'), Operation(8616, 8873, 8973)(8873, 8873)
	('SW7', 'SW32'), Operation(8975, None, 9204)(8975, 9104)
	('SW32', 'RCM2'), Operation(9077, None, 9435)(9077, 9335)
10. Flow F10 [SMRIU1-->BFCU] with period 8000, payload 629B, e2e delay 8000us, jitter 800us
	('SMRIU1', 'SW6'), Operation(1051, None, 1102)(1051, 1051)
	('SW6', 'SW32'), Operation(1104, None, 1284)(1104, 1233)
	('SW32', 'SW22'), Operation(1157, None, 1466)(1157, 1415)
	('SW22', 'BFCU'), Operation(1210, None, 1648)(1210, 1597)
11. Flow F11 [SBAND1-->FCM1] with period 4000, payload 468B, e2e delay 4000us, jitter 400us
	('SBAND1', 'SW12'), Operation(1541, None, 1579)(1541, 1541)
	('SW12', 'SW21'), Operation(1581, 1586, 1624)(1586, 1586)
	('SW21', 'SW31'), Operation(1626, 1754, 1792)(1754, 1754)
	('SW31', 'FCM1'), Operation(1794, None, 1961)(1794, 1923)
12. Flow F12 [MIMU1-->DU4] with period 2000, payload 1098B, e2e delay 2000us, jitter 200us
	('MIMU1', 'SW13'), Operation(310, None, 398)(310, 310)
	('SW13', 'SW21'), Operation(400, 405, 493)(405, 405)
	('SW21', 'SW14'), Operation(495, None, 712)(495, 624)
	('SW14', 'DU4'), Operation(585, 719, 807)(719, 719)
13. Flow F13 [CMRIU1-->RCM1] with period 4000, payload 276B, e2e delay 4000us, jitter 400us
	('CMRIU1', 'SW21'), Operation(3229, None, 3252)(3229, 3229)
	('SW21', 'SW31'), Operation(3254, None, 3406)(3254, 3383)
	('SW31', 'RCM1'), Operation(3279, None, 3560)(3279, 3537)
14. Flow F14 [DU2-->LCM2] with period 8000, payload 1165B, e2e delay 8000us, jitter 800us
	('DU2', 'SW11'), Operation(6091, None, 6185)(6091, 6091)
	('SW11', 'SW22'), Operation(6187, None, 6410)(6187, 6316)
	('SW22', 'SW32'), Operation(6283, 6417, 6511)(6417, 6417)
	('SW32', 'LCM2'), Operation(6513, None, 6736)(6513, 6642)
15. Flow F15 [FCM1-->SM2CA] with period 64000, payload 1092B, e2e delay 64000us, jitter 6400us
	('FCM1', 'SW31'), Operation(63378, None, 63466)(63378, 63378)
	('SW31', 'SW8'), Operation(63468, 63473, 63561)(63473, 63473)
	('SW8', 'SW52'), Operation(63563, None, 63780)(63563, 63692)
	('SW52', 'SM2CA'), Operation(63653, None, 63999)(63653, 63911)
16. Flow F16 [DU1-->SMRIU2] with period 16000, payload 323B, e2e delay 16000us, jitter 1600us
	('DU1', 'SW11'), Operation(6874, None, 6900)(6874, 6874)
	('SW11', 'SW21'), Operation(6902, 6907, 6933)(6907, 6907)
	('SW21', 'SW31'), Operation(6935, 6940, 6966)(6940, 6940)
	('SW31', 'SW6'), Operation(6968, 6973, 6999)(6973, 6973)
	('SW6', 'SMRIU2'), Operation(7001, None, 7156)(7001, 7130)
17. Flow F17 [CM2CA-->SBAND2] with period 64000, payload 995B, e2e delay 64000us, jitter 6400us
	('CM2CA', 'SW42'), Operation(63323, None, 63403)(63323, 63323)
	('SW42', 'SW32'), Operation(63405, 63410, 63490)(63410, 63410)
	('SW32', 'SW22'), Operation(63492, None, 63701)(63492, 63621)
	('SW22', 'SW12'), Operation(63574, 63708, 63788)(63708, 63708)
	('SW12', 'SBAND2'), Operation(63790, None, 63999)(63790, 63919)
18. Flow F18 [SM2CA-->CM1CB] with period 32000, payload 363B, e2e delay 32000us, jitter 3200us
	('SM2CA', 'SW52'), Operation(31007, None, 31037)(31007, 31007)
	('SW52', 'SW8'), Operation(31039, 31044, 31074)(31044, 31044)
	('SW8', 'SW31'), Operation(31076, None, 31235)(31076, 31205)
	('SW31', 'SW41'), Operation(31108, None, 31396)(31108, 31366)
	('SW41', 'CM1CB'), Operation(31140, None, 31557)(31140, 31527)
19. Flow F19 [StarTr1-->CM1CB] with period 128000, payload 1330B, e2e delay 128000us, jitter 12800us
	('StarTr1', 'SW13'), Operation(122794, None, 122901)(122794, 122794)
	('SW13', 'SW21'), Operation(122903, 122908, 123015)(122908, 122908)
	('SW21', 'SW31'), Operation(123017, None, 123253)(123017, 123146)
	('SW31', 'SW41'), Operation(123126, None, 123491)(123126, 123384)
	('SW41', 'CM1CB'), Operation(123235, None, 123729)(123235, 123622)
20. Flow F20 [LCM1-->SMRIU2] with period 4000, payload 786B, e2e delay 4000us, jitter 400us
	('LCM1', 'SW31'), Operation(3548, None, 3611)(3548, 3548)
	('SW31', 'SW6'), Operation(3613, None, 3805)(3613, 3742)
	('SW6', 'SMRIU2'), Operation(3678, None, 3999)(3678, 3936)
21. Flow F21 [SBAND1-->StarTr2] with period 16000, payload 877B, e2e delay 16000us, jitter 1600us
	('SBAND1', 'SW12'), Operation(13737, None, 13808)(13737, 13737)
	('SW12', 'SW21'), Operation(13810, None, 14010)(13810, 13939)
	('SW21', 'SW13'), Operation(13883, None, 14212)(13883, 14141)
	('SW13', 'StarTr2'), Operation(13956, None, 14414)(13956, 14343)
22. Flow F22 [CM1CB-->StarTr1] with period 8000, payload 386B, e2e delay 8000us, jitter 800us
	('CM1CB', 'SW41'), Operation(711, None, 742)(711, 711)
	('SW41', 'SW31'), Operation(744, 749, 780)(749, 749)
	('SW31', 'SW21'), Operation(782, 787, 818)(787, 787)
	('SW21', 'SW13'), Operation(820, None, 980)(820, 949)
	('SW13', 'StarTr1'), Operation(853, None, 1142)(853, 1111)
23. Flow F23 [BFCU-->CMRIU2] with period 32000, payload 106B, e2e delay 32000us, jitter 3200us
	('BFCU', 'SW22'), Operation(24803, None, 24812)(24803, 24803)
	('SW22', 'CMRIU2'), Operation(24814, None, 24952)(24814, 24943)
24. Flow F24 [RCM1-->DU5] with period 16000, payload 260B, e2e delay 16000us, jitter 1600us
	('RCM1', 'SW31'), Operation(13356, None, 13377)(13356, 13356)
	('SW31', 'SW21'), Operation(13379, None, 13529)(13379, 13508)
	('SW21', 'SW14'), Operation(13402, None, 13681)(13402, 13660)
	('SW14', 'DU5'), Operation(13425, None, 13833)(13425, 13812)
25. Flow F25 [StarTr2-->LCM1] with period 32000, payload 159B, e2e delay 32000us, jitter 3200us
	('StarTr2', 'SW13'), Operation(14941, None, 14954)(14941, 14941)
	('SW13', 'SW21'), Operation(14956, None, 15098)(14956, 15085)
	('SW21', 'SW31'), Operation(14971, None, 15242)(14971, 15229)
	('SW31', 'LCM1'), Operation(14986, None, 15386)(14986, 15373)
26. Flow F26 [MIMU3-->SM1CA] with period 64000, payload 107B, e2e delay 64000us, jitter 6400us
	('MIMU3', 'SW13'), Operation(14483, None, 14492)(14483, 14483)
	('SW13', 'SW21'), Operation(14494, None, 14632)(14494, 14623)
	('SW21', 'SW31'), Operation(14505, None, 14772)(14505, 14763)
	('SW31', 'SW41'), Operation(14516, None, 14912)(14516, 14903)
	('SW41', 'SW51'), Operation(14527, None, 15052)(14527, 15043)
	('SW51', 'SM1CA'), Operation(14538, None, 15192)(14538, 15183)
27. Flow F27 [StarTr1-->DU2] with period 128000, payload 753B, e2e delay 128000us, jitter 12800us
	('StarTr1', 'SW13'), Operation(96934, None, 96995)(96934, 96934)
	('SW13', 'SW21'), Operation(96997, None, 97187)(96997, 97126)
	('SW21', 'SW11'), Operation(97060, None, 97379)(97060, 97318)
	('SW11', 'DU2'), Operation(97123, None, 97571)(97123, 97510)
28. Flow F28 [SMRIU2-->DU5] with period 2000, payload 1078B, e2e delay 2000us, jitter 200us
	('SMRIU2', 'SW6'), Operation(1, None, 88)(1, 1)
	('SW6', 'SW31'), Operation(90, 95, 182)(95, 95)
	('SW31', 'SW21'), Operation(184, 189, 276)(189, 189)
	('SW21', 'SW14'), Operation(278, None, 494)(278, 407)
	('SW14', 'DU5'), Operation(367, 501, 588)(501, 501)
29. Flow F29 [CMRIU2-->CM1CB] with period 8000, payload 502B, e2e delay 8000us, jitter 800us
	('CMRIU2', 'SW22'), Operation(7391, None, 7432)(7391, 7391)
	('SW22', 'SW7'), Operation(7434, 7439, 7480)(7439, 7439)
	('SW7', 'SW31'), Operation(7482, 7487, 7528)(7487, 7487)
	('SW31', 'SW41'), Operation(7530, 7535, 7576)(7535, 7535)
	('SW41', 'CM1CB'), Operation(7578, None, 7748)(7578, 7707)
30. Flow F30 [LCM1-->MIMU2] with period 4000, payload 810B, e2e delay 4000us, jitter 400us
	('LCM1', 'SW31'), Operation(210, None, 275)(210, 210)
	('SW31', 'SW21'), Operation(277, 282, 347)(282, 282)
	('SW21', 'SW13'), Operation(349, None, 543)(349, 478)
	('SW13', 'MIMU2'), Operation(416, None, 739)(416, 674)
31. Flow F31 [SM2CB-->DU5] with period 64000, payload 985B, e2e delay 64000us, jitter 6400us
	('SM2CB', 'SW52'), Operation(30576, None, 30655)(30576, 30576)
	('SW52', 'SW8'), Operation(30657, None, 30865)(30657, 30786)
	('SW8', 'SW31'), Operation(30738, None, 31075)(30738, 30996)
	('SW31', 'SW21'), Operation(30819, None, 31285)(30819, 31206)
	('SW21', 'SW14'), Operation(30900, None, 31495)(30900, 31416)
	('SW14', 'DU5'), Operation(30981, None, 31705)(30981, 31626)
32. Flow F32 [StarTr2-->BFCU] with period 2000, payload 469B, e2e delay 2000us, jitter 200us
	('StarTr2', 'SW13'), Operation(902, None, 940)(902, 902)
	('SW13', 'SW22'), Operation(942, 947, 985)(947, 947)
	('SW22', 'BFCU'), Operation(987, None, 1154)(987, 1116)
33. Flow F33 [SBAND2-->DU4] with period 4000, payload 685B, e2e delay 4000us, jitter 400us
	('SBAND2', 'SW12'), Operation(1568, 1568, 1623)(1568, 1568)
	('SW12', 'SW21'), Operation(1625, None, 1809)(1625, 1754)
	('SW21', 'SW14'), Operation(1682, None, 1995)(1682, 1940)
	('SW14', 'DU4'), Operation(1739, None, 2181)(1739, 2126)
34. Flow F34 [StarTr1-->SM1CA] with period 64000, payload 679B, e2e delay 64000us, jitter 6400us
	('StarTr1', 'SW13'), Operation(63165, None, 63220)(63165, 63165)
	('SW13', 'SW21'), Operation(63222, 63350, 63405)(63350, 63350)
	('SW21', 'SW31'), Operation(63407, 63412, 63467)(63412, 63412)
	('SW31', 'SW41'), Operation(63469, 63474, 63529)(63474, 63474)
	('SW41', 'SW51'), Operation(63531, 63659, 63714)(63659, 63659)
	('SW51', 'SM1CA'), Operation(63716, None, 63900)(63716, 63845)
35. Flow F35 [FCM1-->SBAND2] with period 8000, payload 179B, e2e delay 8000us, jitter 800us
	('FCM1', 'SW31'), Operation(7362, None, 7377)(7362, 7362)
	('SW31', 'SW21'), Operation(7379, 7384, 7399)(7384, 7384)
	('SW21', 'SW12'), Operation(7401, 7529, 7544)(7529, 7529)
	('SW12', 'SBAND2'), Operation(7546, None, 7690)(7546, 7675)
36. Flow F36 [CMRIU2-->MIMU2] with period 4000, payload 1434B, e2e delay 4000us, jitter 400us
	('CMRIU2', 'SW22'), Operation(3275, None, 3390)(3275, 3275)
	('SW22', 'SW13'), Operation(3392, None, 3636)(3392, 3521)
	('SW13', 'MIMU2'), Operation(3509, None, 3882)(3509, 3767)
37. Flow F37 [SMRIU1-->DU1] with period 2000, payload 1085B, e2e delay 2000us, jitter 200us
	('SMRIU1', 'SW6'), Operation(1103, None, 1190)(1103, 1103)
	('SW6', 'SW31'), Operation(1192, 1197, 1284)(1197, 1197)
	('SW31', 'SW21'), Operation(1286, 1291, 1378)(1291, 1291)
	('SW21', 'SW11'), Operation(1380, 1508, 1595)(1508, 1508)
	('SW11', 'DU1'), Operation(1597, None, 1813)(1597, 1726)
38. Flow F38 [CM2CA-->SBAND1] with period 4000, payload 291B, e2e delay 4000us, jitter 400us
	('CM2CA', 'SW42'), Operation(265, None, 289)(265, 265)
	('SW42', 'SW32'), Operation(291, 296, 320)(296, 296)
	('SW32', 'SW22'), Operation(322, None, 475)(322, 451)
	('SW22', 'SW12'), Operation(348, None, 630)(348, 606)
	('SW12', 'SBAND1'), Operation(374, None, 785)(374, 761)
39. Flow F39 [DU1-->LCM2] with period 16000, payload 1177B, e2e delay 16000us, jitter 1600us
	('DU1', 'SW11'), Operation(14569, None, 14664)(14569, 14569)
	('SW11', 'SW22'), Operation(14666, None, 14890)(14666, 14795)
	('SW22', 'SW32'), Operation(14763, 15022, 15117)(15022, 15022)
	('SW32', 'LCM2'), Operation(15119, None, 15343)(15119, 15248)
40. Flow F40 [RCM1-->CM1CA] with period 64000, payload 1009B, e2e delay 64000us, jitter 6400us
	('RCM1', 'SW31'), Operation(63494, None, 63575)(63494, 63494)
	('SW31', 'SW41'), Operation(63577, None, 63787)(63577, 63706)
	('SW41', 'CM1CA'), Operation(63660, None, 63999)(63660, 63918)
41. Flow F41 [DU2-->LCM2] with period 2000, payload 1101B, e2e delay 2000us, jitter 200us
	('DU2', 'SW11'), Operation(1, None, 90)(1, 1)
	('SW11', 'SW22'), Operation(92, 97, 186)(97, 97)
	('SW22', 'SW32'), Operation(188, 193, 282)(193, 193)
	('SW32', 'LCM2'), Operation(284, None, 502)(284, 413)
42. Flow F42 [RCM1-->DU1] with period 32000, payload 645B, e2e delay 32000us, jitter 3200us
	('RCM1', 'SW31'), Operation(765, None, 817)(765, 765)
	('SW31', 'SW21'), Operation(819, 824, 876)(824, 824)
	('SW21', 'SW11'), Operation(878, None, 1059)(878, 1007)
	('SW11', 'DU1'), Operation(932, None, 1242)(932, 1190)
43. Flow F43 [DU5-->CM2CA] with period 8000, payload 1503B, e2e delay 8000us, jitter 800us
	('DU5', 'SW14'), Operation(6138, None, 6259)(6138, 6138)
	('SW14', 'SW22'), Operation(6261, 6389, 6510)(6389, 6389)
	('SW22', 'SW32'), Operation(6512, None, 6762)(6512, 6641)
	('SW32', 'SW42'), Operation(6635, 6769, 6890)(6769, 6769)
	('SW42', 'CM2CA'), Operation(6892, None, 7142)(6892, 7021)
44. Flow F44 [LCM2-->SMRIU1] with period 8000, payload 323B, e2e delay 8000us, jitter 800us
	('LCM2', 'SW32'), Operation(7659, None, 7685)(7659, 7659)
	('SW32', 'SW6'), Operation(7687, None, 7842)(7687, 7816)
	('SW6', 'SMRIU1'), Operation(7715, None, 7999)(7715, 7973)
45. Flow F45 [StarTr1-->SBAND2] with period 8000, payload 867B, e2e delay 8000us, jitter 800us
	('StarTr1', 'SW13'), Operation(2422, None, 2492)(2422, 2422)
	('SW13', 'SW21'), Operation(2494, 2499, 2569)(2499, 2499)
	('SW21', 'SW12'), Operation(2571, None, 2770)(2571, 2700)
	('SW12', 'SBAND2'), Operation(2643, 7475, 7545)(7475, 7475)
46. Flow F46 [MIMU3-->CMRIU2] with period 32000, payload 763B, e2e delay 32000us, jitter 3200us
	('MIMU3', 'SW13'), Operation(30686, None, 30748)(30686, 30686)
	('SW13', 'SW22'), Operation(30750, None, 30941)(30750, 30879)
	('SW22', 'CMRIU2'), Operation(30814, None, 31134)(30814, 31072)
47. Flow F47 [SM1CB-->CMRIU2] with period 2000, payload 228B, e2e delay 2000us, jitter 200us
	('SM1CB', 'SW51'), Operation(443, None, 462)(443, 443)
	('SW51', 'SW8'), Operation(464, 469, 488)(469, 469)
	('SW8', 'SW32'), Operation(490, 618, 637)(618, 618)
	('SW32', 'SW22'), Operation(639, 644, 663)(644, 644)
	('SW22', 'CMRIU2'), Operation(665, None, 813)(665, 794)
48. Flow F48 [FCM2-->MIMU1] with period 32000, payload 402B, e2e delay 32000us, jitter 3200us
	('FCM2', 'SW32'), Operation(28441, None, 28474)(28441, 28441)
	('SW32', 'SW22'), Operation(28476, None, 28638)(28476, 28605)
	('SW22', 'SW13'), Operation(28511, None, 28802)(28511, 28769)
	('SW13', 'MIMU1'), Operation(28546, None, 28966)(28546, 28933)
49. Flow F49 [DU5-->MIMU2] with period 4000, payload 740B, e2e delay 4000us, jitter 400us
	('DU5', 'SW14'), Operation(2260, None, 2320)(2260, 2260)
	('SW14', 'SW21'), Operation(2322, 2327, 2387)(2327, 2327)
	('SW21', 'SW13'), Operation(2389, 2394, 2454)(2394, 2394)
	('SW13', 'MIMU2'), Operation(2456, None, 2645)(2456, 2585)

SMT variables: 
	F6_('SW21', 'SW13')_t4_max: 30713
	F32_jitter: 129
	F12_('SW13', 'SW21')_t3_max: 405
	F34_('SW51', 'SM1CA')_tb: 63716
	F6_('SW12', 'SW21')_rr: 0
	F22_('SW13', 'StarTr1')_rr: 0
	F4_('SW22', 'SW32')_t4_max: 29004
	F11_('SW12', 'SW21')_t4_min: 1586
	F7_('SW32', 'SW22')_t4_min: 302
	F7_queue_index: 0
	F19_('StarTr1', 'SW13')_t4_min: 122794
	F47_('SM1CB', 'SW51')_t4_max: 443
	F3_('SW22', 'SW13')_rr: 1
	F36_('SW22', 'SW13')_t4_max: 3521
	('SW21', 'SW13')_gcl_cycle: 4000
	F10_('SMRIU1', 'SW6')_rr: 0
	F36_('SW22', 'SW13')_rr: 0
	F23_('SW22', 'CMRIU2')_t4_min: 24814
	F27_('SW21', 'SW11')_t4_min: 97060
	F33_('SW12', 'SW21')_t3_max: 1630
	F36_('SW22', 'SW13')_t4_min: 3392
	F26_('SW41', 'SW51')_t5_min: 14536
	F19_('SW31', 'SW41')_rr: 0
	F22_queue_index: 0
	F47_('SW51', 'SW8')_gc: True
	('MIMU2', 'SW13')_gcl_cycle: 1
	F16_('DU1', 'SW11')_gc: False
	F13_('SW21', 'SW31')_t5_min: 3277
	F38_('SW42', 'SW32')_gc: True
	F6_('SW12', 'SW21')_gc: False
	F43_('SW42', 'CM2CA')_gc: False
	F1_('SW13', 'SW21')_t3_max: 90575
	F11_('SW12', 'SW21')_t3_max: 1586
	F28_('SW21', 'SW14')_t4_max: 407
	F22_('SW21', 'SW13')_t4_min: 820
	F45_('SW13', 'SW21')_tb: 2499
	F47_('SW22', 'CMRIU2')_gc: False
	F18_('SW41', 'CM1CB')_rr: 0
	F10_('SW32', 'SW22')_t4_max: 1415
	F44_('LCM2', 'SW32')_t3_max: 7535
	F42_('SW31', 'SW21')_t4_max: 824
	F29_('SW41', 'CM1CB')_t4_min: 7578
	F26_('SW21', 'SW31')_gc: False
	F34_('SW51', 'SM1CA')_t4_min: 63716
	F40_('SW31', 'SW41')_gc: False
	F25_('SW21', 'SW31')_t4_max: 15229
	F3_('FCM2', 'SW32')_rr: 0
	F7_('SW32', 'SW22')_t4_max: 302
	F45_('SW21', 'SW12')_gc: False
	F17_('CM2CA', 'SW42')_gc: False
	F9_('SW41', 'SW31')_rr: 0
	F2_('SW22', 'SW11')_t4_min: 876
	F12_('SW14', 'DU4')_rr: 1
	F13_jitter: 258
	F1_jitter: 129
	F19_('SW13', 'SW21')_t4_max: 122908
	('SW32', 'LCM2')_gcl_cycle: 1
	F12_('SW13', 'SW21')_t4_max: 405
	F15_jitter: 258
	F49_('SW13', 'MIMU2')_t5_min: 2516
	F37_('SW31', 'SW21')_t4_max: 1291
	F25_('SW31', 'LCM1')_t4_min: 14986
	F2_('SW11', 'SW21')_gc: True
	F17_('SW32', 'SW22')_t4_max: 63621
	F15_('SW52', 'SM2CA')_t4_min: 63653
	F33_('SW21', 'SW14')_rr: 0
	F2_('SW11', 'SW21')_rr: 8
	F6_queue_index: 0
	F49_('DU5', 'SW14')_t3_max: 2136
	F25_('SW31', 'LCM1')_t3_max: 15249
	F48_jitter: 387
	F22_('SW31', 'SW21')_gc: True
	F45_('StarTr1', 'SW13')_t3_max: 2298
	F29_('SW22', 'SW7')_t4_max: 7439
	F28_('SW31', 'SW21')_rr: 16
	F8_('SW32', 'RCM2')_gc: False
	F43_('SW42', 'CM2CA')_t4_min: 6892
	F45_('SW13', 'SW21')_t5_max: 2569
	F23_('BFCU', 'SW22')_gc: False
	F24_('RCM1', 'SW31')_gc: False
	F19_('SW13', 'SW21')_t3_max: 122908
	F47_('SM1CB', 'SW51')_gc: False
	F9_('SW31', 'SW7')_t5_min: 8973
	F20_('LCM1', 'SW31')_gc: False
	F47_('SW51', 'SW8')_t4_min: 469
	F49_('SW14', 'SW21')_t4_min: 2327
	F11_('SW31', 'FCM1')_t5_min: 1832
	F4_('SW13', 'SW22')_t3_min: 28986
	F48_('SW13', 'MIMU1')_gc: False
	('SW6', 'SW32')_gcl_cycle: 1
	F27_('SW21', 'SW11')_rr: 0
	F27_('StarTr1', 'SW13')_gc: False
	('SW6', 'SW31')_gcl_cycle: 2000
	F8_('SW11', 'SW22')_rr: 1
	F3_('SW32', 'SW22')_t3_max: 1100
	F19_('SW31', 'SW41')_t4_min: 123126
	F30_('SW21', 'SW13')_t4_max: 478
	F26_('SW41', 'SW51')_t4_max: 15043
	F48_('FCM2', 'SW32')_t5_max: 28474
	F18_('SW52', 'SW8')_t4_max: 31044
	F31_('SW31', 'SW21')_gc: False
	F28_('SW6', 'SW31')_tb: 95
	F42_('SW21', 'SW11')_rr: 0
	F23_('SW22', 'CMRIU2')_t3_max: 24819
	F49_('DU5', 'SW14')_rr: 0
	F4_('SW32', 'RCM2')_t4_min: 29012
	F39_('SW22', 'SW32')_t4_max: 15022
	F8_('SW11', 'SW22')_t4_max: 15080
	F9_('SW7', 'SW32')_gc: False
	F48_('SW32', 'SW22')_gc: False
	F9_('SW31', 'SW7')_t5_max: 8973
	F17_('CM2CA', 'SW42')_t5_min: 63403
	F8_('SW32', 'RCM2')_rr: 0
	F28_jitter: 0
	F35_('SW12', 'SBAND2')_t5_min: 7561
	F3_('SW22', 'SW13')_gc: True
	F35_('SW31', 'SW21')_gc: True
	('SW31', 'SW8')_gcl_cycle: 64000
	F39_('SW11', 'SW22')_t3_max: 14671
	F29_('SW31', 'SW41')_rr: 8
	F48_('FCM2', 'SW32')_t3_max: 28317
	F24_('RCM1', 'SW31')_t3_max: 13232
	F22_('CM1CB', 'SW41')_gc: False
	F11_('SW21', 'SW31')_tb: 1754
	F18_('SW41', 'CM1CB')_tb: 31140
	F5_('SW6', 'SMRIU2')_rr: 0
	F4_('SW22', 'SW32')_rr: 1
	F26_('SW31', 'SW41')_t5_min: 14525
	F25_('StarTr2', 'SW13')_gc: False
	F15_('FCM1', 'SW31')_rr: 0
	F27_('SW11', 'DU2')_gc: False
	F49_('DU5', 'SW14')_gc: False
	F31_('SW31', 'SW21')_t4_min: 30819
	F3_('SW32', 'SW22')_t5_max: 1156
	F46_('SW22', 'CMRIU2')_t3_max: 30948
	F44_('LCM2', 'SW32')_t5_max: 7685
	F1_('MIMU3', 'SW13')_gc: False
	F5_('SW32', 'SW6')_rr: 0
	F41_('SW32', 'LCM2')_rr: 0
	F2_('SW21', 'CMRIU1')_t4_min: 997
	F19_('SW21', 'SW31')_gc: False
	F41_('SW22', 'SW32')_t4_max: 193
	F34_('SW13', 'SW21')_t4_min: 63350
	F25_('SW21', 'SW31')_t4_min: 14971
	('SW8', 'SW31')_gcl_cycle: 1
	F35_('SW12', 'SBAND2')_rr: 0
	F45_('StarTr1', 'SW13')_rr: 0
	F42_('RCM1', 'SW31')_gc: False
	F23_('SW22', 'CMRIU2')_t5_max: 24952
	F21_('SW13', 'StarTr2')_t4_min: 13956
	F24_('SW14', 'DU5')_tb: 13425
	F25_('SW13', 'SW21')_t4_max: 15085
	('SW11', 'SW21')_gcl_cycle: 16000
	F18_('SW8', 'SW31')_gc: False
	F30_('LCM1', 'SW31')_gc: False
	F31_('SW31', 'SW21')_rr: 0
	F47_('SW32', 'SW22')_gc: True
	F1_('SW13', 'SW21')_t4_max: 90575
	F2_('BFCU', 'SW22')_t3_max: 689
	F32_('SW13', 'SW22')_t4_max: 947
	F4_('SW13', 'SW22')_t4_max: 28991
	F28_('SMRIU2', 'SW6')_gc: False
	F26_('MIMU3', 'SW13')_rr: 0
	F6_('SW12', 'SW21')_t4_min: 30389
	F36_('CMRIU2', 'SW22')_t3_max: 3151
	('SW14', 'DU4')_gcl_cycle: 2000
	F49_queue_index: 0
	F12_('MIMU1', 'SW13')_rr: 0
	F31_('SW21', 'SW14')_rr: 0
	F4_('SW13', 'SW22')_rr: 1
	F43_('SW42', 'CM2CA')_rr: 0
	F28_('SMRIU2', 'SW6')_rr: 0
	F31_('SW8', 'SW31')_gc: False
	F38_queue_index: 0
	F39_('DU1', 'SW11')_gc: False
	F27_('StarTr1', 'SW13')_rr: 0
	F23_queue_index: 0
	F33_('SW14', 'DU4')_t4_min: 1739
	F1_('SW21', 'CMRIU1')_rr: 0
	F37_('SW6', 'SW31')_gc: True
	F5_('SW32', 'SW6')_t4_min: 292
	F18_jitter: 387
	F0_('SW13', 'MIMU3')_rr: 0
	F22_('SW21', 'SW13')_gc: False
	F14_('SW32', 'LCM2')_rr: 0
	F37_('SW31', 'SW21')_rr: 16
	F8_('SW22', 'SW32')_t4_min: 15123
	F10_('SW6', 'SW32')_t4_max: 1233
	F13_('SW31', 'RCM1')_rr: 0
	F38_('SW42', 'SW32')_t4_min: 296
	F47_('SW22', 'CMRIU2')_t4_min: 665
	('SM1CB', 'SW51')_gcl_length: 0
	F16_('SW11', 'SW21')_gc: True
	F7_('SW42', 'SW32')_t3_max: 27
	F40_('SW41', 'CM1CA')_rr: 0
	F28_('SMRIU2', 'SW6')_t3_max: -123
	F38_('CM2CA', 'SW42')_rr: 0
	F21_jitter: 387
	F28_('SW6', 'SW31')_rr: 1
	F5_('SW42', 'SW32')_t4_min: 245
	F7_('CM2CA', 'SW42')_rr: 0
	F26_('SW13', 'SW21')_t4_min: 14494
	F48_('SW32', 'SW22')_t4_min: 28476
	F5_('CM2CA', 'SW42')_gc: False
	F21_('SBAND1', 'SW12')_rr: 0
	('SW42', 'SW32')_gcl_cycle: 64000
	('SW51', 'SM1CA')_gcl_cycle: 1
	F3_('SW32', 'SW22')_gc: True
	F40_('SW41', 'CM1CA')_t4_min: 63660
	F10_('SW6', 'SW32')_rr: 0
	F41_('SW32', 'LCM2')_t5_min: 373
	('SW21', 'SW14')_gcl_cycle: 1
	F11_queue_index: 0
	F2_('SW21', 'CMRIU1')_t3_max: 1002
	F34_('SW41', 'SW51')_t4_max: 63659
	F34_('SW41', 'SW51')_t4_min: 63659
	F45_('SW12', 'SBAND2')_rr: 1
	F43_('SW32', 'SW42')_tb: 6769
	F43_('SW32', 'SW42')_t5_min: 6890
	F37_('SMRIU1', 'SW6')_gc: False
	F16_('SW21', 'SW31')_t4_min: 6940
	F12_('SW13', 'SW21')_t4_min: 405
	('SW22', 'CMRIU2')_gcl_cycle: 1
	F15_queue_index: 0
	F19_('SW21', 'SW31')_t4_max: 123146
	F26_jitter: 645
	F46_('SW13', 'SW22')_t4_max: 30879
	F15_('SW31', 'SW8')_t4_max: 63473
	F20_('SW31', 'SW6')_rr: 0
	F42_('RCM1', 'SW31')_rr: 0
	F4_('SW13', 'SW22')_gc: True
	F37_('SW31', 'SW21')_gc: True
	F33_('SW14', 'DU4')_gc: False
	F22_('SW21', 'SW13')_t4_max: 949
	F2_('SW11', 'SW21')_t4_min: 939
	F44_('SW6', 'SMRIU1')_t4_min: 7715
	F5_('CM2CA', 'SW42')_t3_max: 0
	F20_('SW6', 'SMRIU2')_rr: 0
	F32_('SW22', 'BFCU')_t5_max: 1154
	F32_('SW13', 'SW22')_t5_max: 985
	F48_('SW32', 'SW22')_rr: 0
	F1_('SW21', 'CMRIU1')_gc: False
	F12_queue_index: 0
	F30_jitter: 258
	F34_('SW51', 'SM1CA')_t5_min: 63771
	F11_('SW21', 'SW31')_t3_max: 1631
	F38_('SW32', 'SW22')_gc: False
	F13_('CMRIU1', 'SW21')_t5_max: 3252
	F28_('SW31', 'SW21')_gc: True
	F20_jitter: 258
	F18_('SM2CA', 'SW52')_t5_max: 31037
	F14_('SW11', 'SW22')_t4_max: 6316
	F45_('StarTr1', 'SW13')_gc: False
	F10_jitter: 387
	F6_('SBAND1', 'SW12')_t3_min: 30323
	F38_('CM2CA', 'SW42')_tb: 265
	F41_('SW22', 'SW32')_t4_min: 193
	F8_('SW22', 'SW32')_t4_max: 15123
	F30_('SW31', 'SW21')_t3_max: 282
	F49_('SW21', 'SW13')_t4_max: 2394
	('CM1CA', 'SW41')_gcl_cycle: 1
	F25_('StarTr2', 'SW13')_t3_max: 14817
	F47_jitter: 129
	F7_('SW32', 'SW22')_gc: True
	F10_('SW6', 'SW32')_gc: False
	F7_('SW42', 'SW32')_t5_max: 170
	F41_('SW22', 'SW32')_rr: 16
	('SW51', 'SM1CA')_gcl_length: 0
	F32_('SW13', 'SW22')_t4_min: 947
	F33_('SBAND2', 'SW12')_rr: 1
	F22_('SW41', 'SW31')_t3_max: 749
	F48_('SW13', 'MIMU1')_rr: 0
	F13_('SW21', 'SW31')_t3_max: 3259
	F24_('SW31', 'SW21')_rr: 0
	F22_('SW21', 'SW13')_rr: 0
	('MIMU3', 'SW13')_gcl_length: 0
	F39_jitter: 129
	('SW22', 'SW11')_gcl_cycle: 2000
	F27_('SW11', 'DU2')_t5_max: 97571
	F29_('SW7', 'SW31')_gc: True
	F2_('BFCU', 'SW22')_rr: 0
	F24_('SW21', 'SW14')_rr: 0
	F18_('SW52', 'SW8')_gc: True
	F0_('MIMU2', 'SW13')_t3_max: 7592
	F38_('SW22', 'SW12')_gc: False
	F29_jitter: 129
	F42_('SW21', 'SW11')_t4_min: 878
	F19_('SW21', 'SW31')_t4_min: 123017
	F36_('SW22', 'SW13')_t3_max: 3397
	F44_('SW32', 'SW6')_t4_min: 7687
	F17_('SW32', 'SW22')_t4_min: 63492
	F29_('SW31', 'SW41')_t4_max: 7535
	F25_('SW31', 'LCM1')_gc: False
	F12_('SW13', 'SW21')_rr: 64
	F29_('SW22', 'SW7')_rr: 1
	F33_queue_index: 0
	F34_('SW41', 'SW51')_rr: 1
	F1_('SW13', 'SW21')_t4_min: 90575
	F39_('DU1', 'SW11')_rr: 0
	('SW13', 'MIMU2')_gcl_length: 0
	F43_('DU5', 'SW14')_rr: 0
	F43_('SW14', 'SW22')_rr: 1
	F49_('SW14', 'SW21')_rr: 1
	F9_jitter: 258
	F2_('SW22', 'SW11')_gc: True
	F18_('SW41', 'CM1CB')_gc: False
	F32_('StarTr2', 'SW13')_t5_max: 940
	('SW52', 'SM2CA')_gcl_cycle: 1
	F21_('SW21', 'SW13')_gc: False
	F47_('SW32', 'SW22')_t5_max: 663
	F12_('MIMU1', 'SW13')_t3_max: 186
	F0_queue_index: 0
	F6_('SBAND1', 'SW12')_t3_max: 30199
	F38_('SW12', 'SBAND1')_t4_min: 374
	F16_queue_index: 0
	F0_('SW13', 'MIMU3')_t3_max: 7799
	('SW31', 'SW7')_gcl_cycle: 32000
	F24_('SW21', 'SW14')_t4_min: 13402
	F2_('SW22', 'SW11')_t4_max: 876
	F8_('SW11', 'SW22')_gc: True
	F14_('SW32', 'LCM2')_t4_min: 6513
	F19_('SW31', 'SW41')_t4_max: 123384
	F28_('SW6', 'SW31')_gc: True
	F22_('SW31', 'SW21')_t4_max: 787
	F26_('MIMU3', 'SW13')_t3_max: 14359
	F17_('CM2CA', 'SW42')_rr: 0
	F0_('SW13', 'MIMU3')_gc: False
	F27_('SW21', 'SW11')_gc: False
	F35_('SW21', 'SW12')_t4_min: 7529
	F49_('DU5', 'SW14')_t3_min: 2260
	F16_('SW6', 'SMRIU2')_rr: 0
	F35_('SW12', 'SBAND2')_gc: False
	F34_('SW21', 'SW31')_rr: 1
	F38_('SW32', 'SW22')_t4_min: 322
	F34_('SW51', 'SM1CA')_gc: False
	F21_('SW21', 'SW13')_t5_max: 14212
	F10_('SW22', 'BFCU')_rr: 0
	F26_('SW41', 'SW51')_t5_max: 15052
	F26_('SW51', 'SM1CA')_t4_min: 14538
	F45_('SW13', 'SW21')_t3_min: 2494
	F3_('SW22', 'SW13')_t4_max: 1286
	F9_('SW32', 'RCM2')_t5_max: 9435
	F7_('SW22', 'SW11')_t4_max: 452
	F6_('SW21', 'SW13')_rr: 0
	F9_('SW7', 'SW32')_t3_min: 8975
	F34_('SW41', 'SW51')_gc: True
	('SW21', 'SW11')_gcl_cycle: 2000
	F18_('SW31', 'SW41')_t5_min: 31138
	F27_('SW13', 'SW21')_t3_max: 97002
	F24_jitter: 387
	F19_('SW13', 'SW21')_rr: 1
	F5_('SW32', 'SW6')_t4_max: 421
	F5_('SW42', 'SW32')_gc: True
	F13_('SW31', 'RCM1')_t4_min: 3279
	F11_('SW12', 'SW21')_tb: 1586
	F21_('SW12', 'SW21')_t4_min: 13810
	F4_('SW22', 'SW32')_gc: True
	F26_('SW13', 'SW21')_t3_max: 14499
	F31_('SW8', 'SW31')_t4_min: 30738
	F42_jitter: 258
	F11_('SW21', 'SW31')_t4_min: 1754
	F18_('SW31', 'SW41')_tb: 31108
	F7_jitter: 258
	F7_('SW42', 'SW32')_t4_max: 151
	('SW31', 'FCM1')_gcl_cycle: 1
	F10_('SMRIU1', 'SW6')_t3_max: 927
	F40_('RCM1', 'SW31')_rr: 0
	F42_queue_index: 0
	F2_queue_index: 0
	F42_('SW11', 'DU1')_tb: 932
	F15_('SW52', 'SM2CA')_gc: False
	F38_('SW12', 'SBAND1')_t4_max: 761
	F39_('SW32', 'LCM2')_rr: 0
	('SMRIU2', 'SW6')_gcl_cycle: 1
	F36_('CMRIU2', 'SW22')_rr: 0
	('SW51', 'SW8')_gcl_cycle: 2000
	F21_('SW12', 'SW21')_t3_max: 13815
	F48_('SW32', 'SW22')_t4_max: 28605
	F47_('SW32', 'SW22')_t4_max: 644
	F10_('SW22', 'BFCU')_gc: False
	F19_('SW31', 'SW41')_gc: False
	F19_('SW13', 'SW21')_t4_min: 122908
	F34_jitter: 129
	F11_('SW21', 'SW31')_t3_min: 1626
	F31_('SM2CB', 'SW52')_t5_max: 30655
	F18_('SW31', 'SW41')_t4_min: 31108
	F17_('SW42', 'SW32')_t4_min: 63410
	F21_('SBAND1', 'SW12')_gc: False
	F16_('SW31', 'SW6')_rr: 1
	F45_('SW13', 'SW21')_t4_max: 2499
	F39_('SW22', 'SW32')_rr: 2
	F31_('SW52', 'SW8')_t3_min: 30657
	F47_('SM1CB', 'SW51')_t3_max: 319
	F40_('SW31', 'SW41')_rr: 0
	F8_('DU1', 'SW11')_t3_max: 14790
	('DU2', 'SW11')_gcl_length: 0
	F9_('SW41', 'SW31')_t4_max: 8643
	F17_('SW42', 'SW32')_gc: True
	F44_('LCM2', 'SW32')_rr: 0
	F30_('SW13', 'MIMU2')_t3_max: 550
	F25_jitter: 387
	F43_('SW22', 'SW32')_rr: 0
	F35_('FCM1', 'SW31')_t5_min: 7377
	F45_('SW13', 'SW21')_t3_max: 2499
	F35_('FCM1', 'SW31')_t3_max: 7238
	F15_('SW31', 'SW8')_rr: 1
	F15_('SW31', 'SW8')_gc: True
	F21_queue_index: 0
	('SW41', 'SW51')_gcl_cycle: 64000
	('SW32', 'SW6')_gcl_length: 0
	F8_('SW32', 'RCM2')_t4_min: 15161
	F8_('SW22', 'SW32')_rr: 2
	F4_('SW32', 'RCM2')_t5_min: 29018
	F26_('SW31', 'SW41')_t4_max: 14903
	F49_('SW21', 'SW13')_gc: True
	F28_('SW14', 'DU5')_gc: True
	F29_('SW22', 'SW7')_gc: True
	F35_('SW21', 'SW12')_t4_max: 7529
	F36_('SW13', 'MIMU2')_rr: 0
	F34_('SW31', 'SW41')_t4_max: 63474
	F48_('FCM2', 'SW32')_rr: 0
	F35_jitter: 129
	F5_('SW42', 'SW32')_t4_max: 245
	F35_('SW31', 'SW21')_t3_max: 7384
	F10_('SMRIU1', 'SW6')_gc: False
	F14_jitter: 129
	F41_('SW32', 'LCM2')_t4_min: 284
	F7_('SW32', 'SW22')_rr: 1
	F36_('CMRIU2', 'SW22')_gc: False
	F14_('SW22', 'SW32')_rr: 4
	F7_('CM2CA', 'SW42')_gc: False
	F24_('SW31', 'SW21')_t4_min: 13379
	F47_('SW32', 'SW22')_rr: 2
	F26_('SW41', 'SW51')_t4_min: 14527
	F41_('DU2', 'SW11')_gc: False
	F0_('SW13', 'MIMU3')_t4_min: 7794
	F17_('SW22', 'SW12')_gc: True
	F8_('SW11', 'SW22')_t4_min: 15080
	F17_('SW42', 'SW32')_t4_max: 63410
	F11_('SW12', 'SW21')_rr: 1
	F38_jitter: 387
	F48_('SW13', 'MIMU1')_t4_min: 28546
	F47_('SW8', 'SW32')_t5_min: 637
	('SW21', 'SW12')_gcl_cycle: 8000
	F37_('SW6', 'SW31')_t4_min: 1197
	F9_('SW32', 'RCM2')_rr: 0
	F19_('StarTr1', 'SW13')_rr: 0
	F43_('SW32', 'SW42')_rr: 1
	F31_('SW21', 'SW14')_gc: False
	F18_('SW8', 'SW31')_t4_max: 31205
	F13_('SW31', 'RCM1')_t3_max: 3413
	('SW11', 'DU1')_gcl_cycle: 1
	('SW14', 'SW21')_gcl_cycle: 4000
	F20_('SW31', 'SW6')_t4_max: 3742
	F33_('SW21', 'SW14')_t4_max: 1940
	F14_('SW32', 'LCM2')_gc: False
	F46_('SW22', 'CMRIU2')_t4_min: 30814
	F46_('MIMU3', 'SW13')_rr: 0
	F26_('SW13', 'SW21')_t4_max: 14623
	F16_('SW11', 'SW21')_t3_max: 6907
	F3_jitter: 129
	F27_queue_index: 0
	F32_('SW22', 'BFCU')_gc: False
	F22_('SW13', 'StarTr1')_t4_min: 853
	F16_('SW21', 'SW31')_t5_max: 6966
	F31_('SW31', 'SW21')_t3_max: 31082
	('CM2CA', 'SW42')_gcl_cycle: 1
	F25_('StarTr2', 'SW13')_t5_max: 14954
	F26_('SW31', 'SW41')_t4_min: 14516
	F6_('SW21', 'SW13')_gc: False
	F2_('SW22', 'SW11')_t3_max: 876
	F32_('SW22', 'BFCU')_t4_min: 987
	F4_('SW32', 'RCM2')_gc: False
	F17_('CM2CA', 'SW42')_t3_max: 63199
	F14_('SW11', 'SW22')_gc: False
	F45_('SW13', 'SW21')_gc: True
	F12_jitter: 0
	F25_('SW13', 'SW21')_t3_max: 14961
	('DU1', 'SW11')_gcl_cycle: 1
	F19_('StarTr1', 'SW13')_gc: False
	F17_queue_index: 0
	F18_('SM2CA', 'SW52')_t3_max: 30883
	F21_('SW12', 'SW21')_rr: 0
	F10_('SW32', 'SW22')_rr: 0
	('DU2', 'SW11')_gcl_cycle: 1
	F41_('DU2', 'SW11')_rr: 0
	('SW13', 'MIMU3')_gcl_cycle: 1
	F8_queue_index: 0
	F47_('SW22', 'CMRIU2')_rr: 0
	F42_('SW21', 'SW11')_gc: False
	F15_('SW52', 'SM2CA')_t4_max: 63911
	F17_('SW32', 'SW22')_gc: False
	F13_('SW21', 'SW31')_t4_max: 3383
	F39_('SW11', 'SW22')_gc: False
	F45_('SW12', 'SBAND2')_t4_min: 7475
	F10_('SW22', 'BFCU')_t4_min: 1210
	F43_jitter: 129
	F26_('SW41', 'SW51')_gc: False
	F23_jitter: 129
	F11_('SW21', 'SW31')_rr: 16
	F37_('SW21', 'SW11')_rr: 1
	F30_('SW31', 'SW21')_t4_min: 282
	F21_('SW12', 'SW21')_t4_max: 13939
	F39_('SW32', 'LCM2')_t4_min: 15119
	F37_('SW11', 'DU1')_rr: 0
	F26_('SW51', 'SM1CA')_rr: 0
	F49_('SW21', 'SW13')_rr: 1
	F31_('SW14', 'DU5')_gc: False
	F25_('SW21', 'SW31')_gc: False
	F42_('RCM1', 'SW31')_t5_max: 817
	F48_('SW22', 'SW13')_gc: False
	F18_('SW31', 'SW41')_gc: False
	F31_queue_index: 0
	F37_queue_index: 0
	F21_('SW21', 'SW13')_t4_min: 13883
	F19_jitter: 387
	F38_('SW22', 'SW12')_t4_min: 348
	F33_('SW12', 'SW21')_t4_min: 1625
	('MIMU1', 'SW13')_gcl_cycle: 1
	F11_('SW31', 'FCM1')_t4_min: 1794
	('SW41', 'CM1CA')_gcl_cycle: 1
	F26_('MIMU3', 'SW13')_tb: 14483
	('FCM1', 'SW31')_gcl_length: 0
	F7_('SW42', 'SW32')_rr: 0
	F39_('SW22', 'SW32')_t4_min: 15022
	F9_('SW41', 'SW31')_t3_max: 8519
	F28_('SW6', 'SW31')_t4_max: 95
	F36_('SW22', 'SW13')_gc: False
	F37_('SW6', 'SW31')_t4_max: 1197
	F30_('SW13', 'MIMU2')_rr: 0
	F4_('SW13', 'SW22')_t4_min: 28991
	F15_('SW52', 'SM2CA')_t3_max: 63787
	F48_('FCM2', 'SW32')_t3_min: 28441
	F43_('SW22', 'SW32')_t4_min: 6512
	F43_('SW22', 'SW32')_t4_max: 6641
	F30_('SW31', 'SW21')_gc: True
	F11_('SW31', 'FCM1')_rr: 0
	F30_('LCM1', 'SW31')_t3_max: 86
	F14_('SW11', 'SW22')_t4_min: 6187
	F33_('SBAND2', 'SW12')_t3_max: 1443
	F19_('SW41', 'CM1CB')_gc: False
	F7_('SW42', 'SW32')_t4_min: 22
	F39_('SW11', 'SW22')_t4_min: 14666
	F43_('SW32', 'SW42')_t4_min: 6769
	F35_('FCM1', 'SW31')_gc: False
	F14_('SW22', 'SW32')_gc: True
	F20_('SW31', 'SW6')_t4_min: 3613
	F13_('CMRIU1', 'SW21')_rr: 0
	F40_('SW41', 'CM1CA')_gc: False
	F22_('SW31', 'SW21')_t4_min: 787
	F49_('SW14', 'SW21')_t3_max: 2327
	('BFCU', 'SW22')_gcl_cycle: 1
	F24_('SW21', 'SW14')_t4_max: 13660
	F21_('SBAND1', 'SW12')_t3_max: 13613
	F6_('SW21', 'SW13')_t5_min: 30519
	('SW32', 'SW22')_gcl_cycle: 4000
	('MIMU3', 'SW13')_gcl_cycle: 1
	F11_('SBAND1', 'SW12')_rr: 0
	('SW22', 'SW7')_gcl_cycle: 8000
	('SW22', 'SW32')_gcl_cycle: 32000
	F38_('SW42', 'SW32')_t3_max: 296
	F35_queue_index: 0
	F30_('SW13', 'MIMU2')_t4_min: 416
	('SW6', 'SMRIU2')_gcl_length: 0
	F43_('SW14', 'SW22')_gc: True
	F18_('SM2CA', 'SW52')_gc: False
	F3_('SW13', 'StarTr1')_gc: False
	F8_('SW11', 'SW22')_t3_max: 14957
	F11_('SBAND1', 'SW12')_t5_min: 1579
	F21_('SW13', 'StarTr2')_t4_max: 14343
	F40_('SW31', 'SW41')_t4_min: 63577
	('SW13', 'MIMU2')_gcl_cycle: 1
	F6_('SBAND1', 'SW12')_gc: False
	F27_('SW13', 'SW21')_gc: False
	F36_queue_index: 0
	('SBAND1', 'SW12')_gcl_length: 0
	F16_('SW31', 'SW6')_gc: True
	F16_('SW21', 'SW31')_rr: 4
	F15_('SW52', 'SM2CA')_rr: 0
	F3_('SW32', 'SW22')_rr: 2
	('SW31', 'LCM1')_gcl_cycle: 1
	F33_('SW12', 'SW21')_t4_max: 1754
	F15_('SW8', 'SW52')_rr: 0
	F38_('SW42', 'SW32')_rr: 16
	F32_('SW13', 'SW22')_gc: True
	F9_('SW31', 'SW7')_t4_max: 8873
	('SM1CB', 'SW51')_gcl_cycle: 1
	F31_('SW14', 'DU5')_rr: 0
	F44_('SW6', 'SMRIU1')_gc: False
	F40_queue_index: 0
	F19_('SW41', 'CM1CB')_t5_min: 123342
	F35_('SW21', 'SW12')_rr: 1
	F25_('SW13', 'SW21')_gc: False
	F35_('SW31', 'SW21')_t4_min: 7384
	F17_('SW42', 'SW32')_t3_max: 63410
	F29_('CMRIU2', 'SW22')_t3_max: 7267
	F43_('DU5', 'SW14')_gc: False
	F26_('MIMU3', 'SW13')_gc: False
	F29_('SW41', 'CM1CB')_gc: False
	F5_queue_index: 0
	F38_('SW12', 'SBAND1')_gc: False
	F49_('SW13', 'MIMU2')_t4_min: 2456
	F29_('SW7', 'SW31')_t4_min: 7487
	('CMRIU1', 'SW21')_gcl_cycle: 1
	F25_('StarTr2', 'SW13')_rr: 0
	F44_('SW32', 'SW6')_t3_max: 7692
	F31_('SW52', 'SW8')_gc: False
	F24_('RCM1', 'SW31')_rr: 0
	F7_('SW22', 'SW11')_t4_min: 323
	F34_('SW13', 'SW21')_rr: 2
	F44_('SW6', 'SMRIU1')_rr: 0
	F37_('SMRIU1', 'SW6')_rr: 0
	F45_('StarTr1', 'SW13')_t3_min: 2422
	('SW32', 'SW22')_gcl_length: 10
	F29_('SW7', 'SW31')_rr: 1
	F49_('SW14', 'SW21')_t4_max: 2327
	F38_('SW12', 'SBAND1')_rr: 0
	F17_('SW12', 'SBAND2')_rr: 0
	F4_('MIMU1', 'SW13')_rr: 0
	F37_jitter: 129
	F38_('SW32', 'SW22')_t4_max: 451
	F22_('SW31', 'SW21')_rr: 4
	F29_('SW31', 'SW41')_t4_min: 7535
	F2_('SW11', 'SW21')_t4_max: 939
	F12_('SW21', 'SW14')_t4_max: 624
	F7_('CM2CA', 'SW42')_t5_max: 20
	F26_('SW31', 'SW41')_rr: 0
	F42_('SW31', 'SW21')_t3_max: 824
	F9_('SW7', 'SW32')_t4_max: 9104
	F24_('SW31', 'SW21')_t4_max: 13508
	F25_queue_index: 0
	F0_('MIMU2', 'SW13')_rr: 0
	F1_('MIMU3', 'SW13')_rr: 0
	F19_('StarTr1', 'SW13')_t3_max: 122670
	F32_queue_index: 0
	F8_('DU1', 'SW11')_gc: False
	F33_('SBAND2', 'SW12')_gc: True
	F19_('SW13', 'SW21')_tb: 122908
	F47_('SW8', 'SW32')_rr: 1
	F3_('FCM2', 'SW32')_gc: False
	F14_('SW22', 'SW32')_t4_max: 6417
	F46_('SW13', 'SW22')_gc: False
	F7_('SW11', 'DU3')_gc: False
	F44_queue_index: 0
	F30_('SW21', 'SW13')_t5_min: 414
	F26_('SW13', 'SW21')_rr: 0
	F5_('SW42', 'SW32')_rr: 8
	F5_('SW6', 'SMRIU2')_t4_min: 339
	('MIMU2', 'SW13')_gcl_length: 0
	F18_('SW52', 'SW8')_rr: 1
	F22_('CM1CB', 'SW41')_t4_min: 711
	F6_('SBAND1', 'SW12')_rr: 0
	F31_('SW31', 'SW21')_t4_max: 31206
	F17_('SW22', 'SW12')_rr: 1
	('SBAND2', 'SW12')_gcl_cycle: 4000
	F32_('StarTr2', 'SW13')_t3_max: 778
	('SW31', 'SW41')_gcl_cycle: 64000
	F34_('SW13', 'SW21')_t4_max: 63350
	F7_('SW22', 'SW11')_rr: 0
	('SW32', 'RCM2')_gcl_cycle: 1
	F2_('SW21', 'CMRIU1')_gc: False
	F34_('SW21', 'SW31')_gc: True
	F6_('SW21', 'SW13')_t4_min: 30455
	('SW11', 'SW22')_gcl_cycle: 16000
	F31_('SM2CB', 'SW52')_rr: 0
	F49_('SW14', 'SW21')_t5_min: 2387
	F1_('MIMU3', 'SW13')_t3_max: 90364
	F14_('DU2', 'SW11')_t3_max: 5967
	F22_jitter: 258
	('SW13', 'MIMU1')_gcl_cycle: 1
	F26_('SW51', 'SM1CA')_t3_min: 14538
	F34_('SW21', 'SW31')_t3_max: 63412
	F38_('SW22', 'SW12')_t4_max: 606
	F35_('SW31', 'SW21')_t4_max: 7384
	('SW13', 'SW21')_gcl_cycle: 128000
	('SW13', 'MIMU3')_gcl_length: 0
	F46_('SW22', 'CMRIU2')_rr: 0
	F27_('SW13', 'SW21')_rr: 0
	F34_('SW31', 'SW41')_t4_min: 63474
	F22_('SW13', 'StarTr1')_gc: False
	F46_('SW13', 'SW22')_t4_min: 30750
	F16_('SW21', 'SW31')_gc: True
	F40_('SW41', 'CM1CA')_t3_max: 63794
	F4_('MIMU1', 'SW13')_t3_max: 28854
	F5_('CM2CA', 'SW42')_rr: 0
	F45_jitter: 0
	F28_('SW14', 'DU5')_rr: 1
	F7_('SW22', 'SW11')_gc: False
	F31_('SW52', 'SW8')_t3_max: 30662
	F12_('SW14', 'DU4')_t4_min: 719
	F37_('SW21', 'SW11')_t4_max: 1508
	F3_('FCM2', 'SW32')_tb: 1037
	('SM2CB', 'SW52')_gcl_cycle: 1
	F33_('SW21', 'SW14')_gc: False
	F38_('SW32', 'SW22')_rr: 0
	F44_('SW32', 'SW6')_gc: False
	F42_('SW31', 'SW21')_t4_min: 824
	('FCM2', 'SW32')_gcl_cycle: 1
	F40_jitter: 258
	F5_('SW32', 'SW6')_gc: False
	F49_('SW13', 'MIMU2')_rr: 0
	F36_jitter: 258
	F14_('SW11', 'SW22')_rr: 0
	F15_('FCM1', 'SW31')_t3_max: 63254
	F9_('SW32', 'RCM2')_t4_min: 9077
	F9_('SW31', 'SW7')_rr: 1
	F16_('DU1', 'SW11')_t3_max: 6750
	F39_queue_index: 0
	F26_('SW41', 'SW51')_rr: 0
	F28_('SW21', 'SW14')_rr: 0
	F30_('LCM1', 'SW31')_rr: 0
	F34_('StarTr1', 'SW13')_t3_max: 63041
	F9_('SW41', 'SW31')_gc: False
	F24_('SW31', 'SW21')_t3_max: 13384
	F31_('SM2CB', 'SW52')_t3_max: 30452
	F49_('SW13', 'MIMU2')_gc: False
	('SW52', 'SW8')_gcl_length: 2
	F43_('SW32', 'SW42')_gc: True
	F12_('SW14', 'DU4')_gc: True
	F24_('SW14', 'DU5')_t3_max: 13688
	F27_('SW11', 'DU2')_t4_min: 97123
	('SW22', 'SW13')_gcl_cycle: 2000
	F3_('SW32', 'SW22')_t4_min: 1100
	('SW13', 'SW21')_gcl_length: 168
	F47_('SM1CB', 'SW51')_rr: 0
	F14_('DU2', 'SW11')_gc: False
	F29_queue_index: 0
	('SW8', 'SW32')_gcl_cycle: 2000
	F20_('SW31', 'SW6')_gc: False
	('SW13', 'StarTr2')_gcl_cycle: 1
	F30_('SW31', 'SW21')_rr: 8
	F42_('RCM1', 'SW31')_t3_max: 641
	F34_('SW21', 'SW31')_t4_min: 63412
	F47_('SW51', 'SW8')_t4_max: 469
	F24_('SW31', 'SW21')_tb: 13379
	('SW21', 'CMRIU1')_gcl_cycle: 1
	('SBAND1', 'SW12')_gcl_cycle: 1
	F9_('CM1CA', 'SW41')_gc: False
	F8_jitter: 129
	F21_('SW21', 'SW13')_t4_max: 14141
	('SW12', 'SW21')_gcl_cycle: 4000
	('SW31', 'RCM1')_gcl_cycle: 1
	('LCM2', 'SW32')_gcl_cycle: 1
	F47_('SW51', 'SW8')_rr: 1
	F7_('SW11', 'DU3')_t4_min: 344
	F47_('SW32', 'SW22')_t5_min: 663
	F6_('SW13', 'MIMU3')_t4_min: 30521
	F21_('SW21', 'SW13')_t5_min: 13954
	('RCM1', 'SW31')_gcl_cycle: 1
	F26_('SW21', 'SW31')_rr: 0
	F16_('SW6', 'SMRIU2')_gc: False
	F7_('SW42', 'SW32')_gc: False
	F27_('SW13', 'SW21')_t4_min: 96997
	F16_('SW6', 'SMRIU2')_t4_max: 7130
	F24_('SW14', 'DU5')_rr: 0
	F23_('SW22', 'CMRIU2')_gc: False
	F8_('SW22', 'SW32')_gc: True
	F19_('SW13', 'SW21')_gc: True
	F9_('SW41', 'SW31')_t3_min: 8514
	('CM1CB', 'SW41')_gcl_cycle: 1
	F11_('SW31', 'FCM1')_gc: False
	F21_('SW12', 'SW21')_gc: False
	F35_('SW21', 'SW12')_gc: True
	F5_('SW42', 'SW32')_t3_max: 176
	F24_('SW21', 'SW14')_gc: False
	F15_('SW31', 'SW8')_t4_min: 63473
	F31_('SW52', 'SW8')_t4_max: 30786
	F22_('SW41', 'SW31')_t4_min: 749
	F34_('SW13', 'SW21')_t3_max: 63227
	F47_('SW51', 'SW8')_t3_max: 469
	F36_('SW13', 'MIMU2')_gc: False
	F31_('SW14', 'DU5')_t4_min: 30981
	F16_('SW6', 'SMRIU2')_t4_min: 7001
	('SW12', 'SBAND2')_gcl_cycle: 8000
	F16_('SW11', 'SW21')_t4_max: 6907
	F25_('SW31', 'LCM1')_t5_min: 14999
	F10_('SW32', 'SW22')_t4_min: 1157
	F33_jitter: 387
	F44_('SW32', 'SW6')_t4_max: 7816
	F35_('FCM1', 'SW31')_rr: 0
	F24_('SW14', 'DU5')_t4_min: 13425
	F41_jitter: 129
	F6_('SW12', 'SW21')_t5_min: 30453
	F43_('SW32', 'SW42')_t4_max: 6769
	F45_('SW21', 'SW12')_rr: 0
	F13_('SW21', 'SW31')_t4_min: 3254
	F35_('SW12', 'SBAND2')_t4_min: 7546
	F34_('StarTr1', 'SW13')_rr: 0
	F4_('SW32', 'RCM2')_t3_max: 29017
	F5_jitter: 258
	F17_('SW22', 'SW12')_t4_max: 63708
	F11_('SBAND1', 'SW12')_gc: False
	F19_queue_index: 0
	F19_('SW21', 'SW31')_rr: 0
	F28_('SW31', 'SW21')_t4_max: 189
	F39_('SW32', 'LCM2')_gc: False
	F26_('SW31', 'SW41')_gc: False
	F31_('SW21', 'SW14')_t4_max: 31416
	F31_('SW31', 'SW21')_t5_min: 30898
	F11_('SW21', 'SW31')_t5_max: 1792
	('SW52', 'SW8')_gcl_cycle: 32000
	F27_('StarTr1', 'SW13')_t3_max: 96810
	F29_('SW22', 'SW7')_t4_min: 7439
	F47_('SW8', 'SW32')_t3_max: 495
	F4_jitter: 129
	F15_('FCM1', 'SW31')_gc: False
	F20_queue_index: 0
	F10_('SW32', 'SW22')_gc: False
	F30_('SW21', 'SW13')_rr: 0
	F33_('SW12', 'SW21')_rr: 0
	F48_queue_index: 0
	('CMRIU2', 'SW22')_gcl_cycle: 1
	F35_('SW21', 'SW12')_t3_max: 7406
	F7_('CM2CA', 'SW42')_t3_max: -123
	F21_('SW13', 'StarTr2')_rr: 0
	F11_('SBAND1', 'SW12')_t3_max: 1417
	F34_('SW31', 'SW41')_rr: 1
	F32_('StarTr2', 'SW13')_rr: 0
	F28_('SW14', 'DU5')_t4_min: 501
	F14_queue_index: 0
	F32_('StarTr2', 'SW13')_gc: False
	F40_('SW31', 'SW41')_t3_max: 63582
	F43_('SW14', 'SW22')_t3_max: 6266
	F31_('SW8', 'SW31')_rr: 0
	('SW11', 'DU2')_gcl_cycle: 1
	F29_('SW41', 'CM1CB')_rr: 0
	F39_('DU1', 'SW11')_t3_max: 14445
	F8_('DU1', 'SW11')_rr: 0
	F44_('SW32', 'SW6')_rr: 0
	F0_jitter: 129
	F6_('SW13', 'MIMU3')_gc: False
	F9_('SW7', 'SW32')_t4_min: 8975
	F14_('SW22', 'SW32')_t4_min: 6417
	F34_('SW13', 'SW21')_gc: True
	F4_('SW32', 'RCM2')_rr: 0
	F13_('CMRIU1', 'SW21')_gc: False
	F21_('SW21', 'SW13')_rr: 0
	F43_('SW14', 'SW22')_t4_max: 6389
	F6_('SW12', 'SW21')_t4_max: 30518
	F10_('SW6', 'SW32')_t4_min: 1104
	F11_('SW12', 'SW21')_t5_max: 1624
	('SW14', 'DU5')_gcl_cycle: 2000
	F11_('SW21', 'SW31')_t4_max: 1754
	F46_('MIMU3', 'SW13')_gc: False
	F45_queue_index: 0
	F7_('SW11', 'DU3')_rr: 0
	F18_('SW8', 'SW31')_rr: 0
	F31_jitter: 645
	('LCM1', 'SW31')_gcl_cycle: 1
	F32_('SW13', 'SW22')_rr: 16
	F34_queue_index: 0
	F3_('SW32', 'SW22')_t4_max: 1100
	F37_('SW31', 'SW21')_t4_min: 1291
	F28_('SW21', 'SW14')_t4_min: 278
	F20_('SW6', 'SMRIU2')_t4_min: 3678
	F40_('RCM1', 'SW31')_t3_max: 63370
	('SW7', 'SW32')_gcl_cycle: 1
	('SW41', 'SW31')_gcl_cycle: 8000
	F6_jitter: 387
	F25_('SW31', 'LCM1')_rr: 0
	F18_queue_index: 0
	F16_('SW21', 'SW31')_t4_max: 6940
	F12_('SW14', 'DU4')_t5_min: 807
	F34_('SW41', 'SW51')_t3_min: 63531
	F48_('SW13', 'MIMU1')_t3_min: 28546
	F49_('SW21', 'SW13')_t4_min: 2394
	F3_queue_index: 0
	F3_('SW13', 'StarTr1')_t4_min: 1344
	F42_('SW11', 'DU1')_gc: False
	F9_('SW41', 'SW31')_t4_min: 8514
	F6_('SW12', 'SW21')_t3_max: 30394
	F48_('SW32', 'SW22')_t3_max: 28481
	F14_('SW11', 'SW22')_tb: 6187
	F22_('CM1CB', 'SW41')_rr: 0
	F18_('SW52', 'SW8')_t3_min: 31039
	F18_('SW52', 'SW8')_t4_min: 31044
	('SMRIU1', 'SW6')_gcl_cycle: 1
	F28_queue_index: 0
	F23_('SW22', 'CMRIU2')_rr: 0
	F9_('CM1CA', 'SW41')_rr: 0
	F34_('SW31', 'SW41')_gc: True
	F17_('SW42', 'SW32')_rr: 1
	F1_('SW13', 'SW21')_rr: 1
	F41_('SW32', 'LCM2')_gc: False
	F41_('SW11', 'SW22')_t4_min: 97
	F18_('SW31', 'SW41')_t4_max: 31366
	F20_('LCM1', 'SW31')_t3_max: 3424
	F47_('SW8', 'SW32')_t4_max: 618
	F8_('SW22', 'SW32')_t5_min: 15159
	F42_('SW11', 'DU1')_rr: 0
	F42_('SW21', 'SW11')_t4_max: 1007
	F18_('SW41', 'CM1CB')_t4_min: 31140
	F30_('SW21', 'SW13')_t5_max: 543
	F15_('SW8', 'SW52')_t4_min: 63563
	F31_('SW21', 'SW14')_t4_min: 30900
	F25_('SW21', 'SW31')_rr: 0
	F15_('SW8', 'SW52')_t4_max: 63692
	F15_('FCM1', 'SW31')_t4_max: 63378
	('SW6', 'SMRIU2')_gcl_cycle: 1
	F14_('SW11', 'SW22')_t3_max: 6192
	F17_('SW12', 'SBAND2')_t4_min: 63790
	F38_('CM2CA', 'SW42')_t3_max: 141
	F41_('DU2', 'SW11')_t3_max: -123
	F37_('SMRIU1', 'SW6')_t5_min: 1190
	F46_('MIMU3', 'SW13')_t3_max: 30562
	F20_('SW6', 'SMRIU2')_gc: False
	F43_('SW14', 'SW22')_t4_min: 6389
	F1_('SW21', 'CMRIU1')_t4_min: 90657
	F17_('SW12', 'SBAND2')_gc: False
	F37_('SW6', 'SW31')_t3_max: 1197
	F34_('SW41', 'SW51')_t3_max: 63536
	F49_('SW21', 'SW13')_t5_min: 2454
	('SW7', 'SW31')_gcl_cycle: 8000
	F17_('SW12', 'SBAND2')_tb: 63790
	('SW12', 'SBAND1')_gcl_cycle: 1
	F37_('SW11', 'DU1')_t3_max: 1602
	F46_('SW22', 'CMRIU2')_gc: False
	F25_('SW31', 'LCM1')_tb: 14986
	F10_('SW6', 'SW32')_t3_max: 1109
	F22_('SW41', 'SW31')_gc: True
	('SW32', 'SW6')_gcl_cycle: 1
	F11_('SBAND1', 'SW12')_t5_max: 1579
	F5_('SW32', 'SW6')_t5_min: 337
	F18_('SM2CA', 'SW52')_rr: 0
	F26_('SW21', 'SW31')_t4_min: 14505
	F29_('SW31', 'SW41')_t5_max: 7576
	F39_('SW11', 'SW22')_rr: 0
	F15_('SW31', 'SW8')_t3_max: 63473
	F32_('SW22', 'BFCU')_rr: 0
	F12_('SW21', 'SW14')_gc: False
	F0_('MIMU2', 'SW13')_gc: False
	F11_('SW12', 'SW21')_gc: True
	F22_('CM1CB', 'SW41')_t5_max: 742
	F48_('SW22', 'SW13')_rr: 0
	F25_('SW13', 'SW21')_t4_min: 14956
	F11_('SW21', 'SW31')_gc: True
	F18_('SM2CA', 'SW52')_t3_min: 31007
	F35_('SW31', 'SW21')_rr: 4
	F12_('MIMU1', 'SW13')_gc: False
	F13_queue_index: 0
	F16_('SW31', 'SW6')_t4_max: 6973
	F42_('SW31', 'SW21')_gc: True
	F41_queue_index: 0
	('FCM1', 'SW31')_gcl_cycle: 1
	F49_jitter: 129
	F13_('SW21', 'SW31')_gc: False
	F19_('SW41', 'CM1CB')_t4_min: 123235
	F4_('MIMU1', 'SW13')_gc: False
	F37_('SW21', 'SW11')_t4_min: 1508
	F45_('SW21', 'SW12')_t4_min: 2571
	F20_('LCM1', 'SW31')_rr: 0
	F29_('SW31', 'SW41')_gc: True
	F37_('SW6', 'SW31')_rr: 1
	F16_('DU1', 'SW11')_rr: 0
	F11_jitter: 129
	F9_('SW7', 'SW32')_rr: 0
	('DU5', 'SW14')_gcl_cycle: 1
	F48_('SW22', 'SW13')_t4_max: 28769
	F2_('SW22', 'SW11')_rr: 1
	('StarTr2', 'SW13')_gcl_cycle: 1
	F13_('SW31', 'RCM1')_gc: False
	F27_jitter: 387
	F31_('SW14', 'DU5')_t5_min: 31060
	('SW21', 'SW31')_gcl_cycle: 64000
	F4_('SW13', 'SW22')_t3_max: 28991
	F48_('SW22', 'SW13')_t4_min: 28511
	F29_('CMRIU2', 'SW22')_rr: 0
	F23_('BFCU', 'SW22')_t3_max: 24679
	F37_('SMRIU1', 'SW6')_t3_max: 979
	F12_('SW21', 'SW14')_rr: 0
	F12_('SW13', 'SW21')_gc: True
	F44_jitter: 258
	F24_('SW14', 'DU5')_gc: False
	F20_('SW31', 'SW6')_t3_max: 3618
	F32_('SW22', 'BFCU')_t3_min: 987
	F43_('DU5', 'SW14')_t3_max: 6014
	F31_('SW52', 'SW8')_rr: 0
	F26_queue_index: 0
	F9_('SW31', 'SW7')_gc: True
	F29_('SW22', 'SW7')_t3_max: 7439
	F41_('SW22', 'SW32')_gc: True
	F17_('SW42', 'SW32')_t5_max: 63490
	F43_('DU5', 'SW14')_t4_min: 6138
	F4_queue_index: 0
	F16_('SW11', 'SW21')_rr: 1
	F37_('SW11', 'DU1')_gc: False
	F17_('SW22', 'SW12')_t4_min: 63708
	F41_('DU2', 'SW11')_t3_min: 1
	F5_('SW6', 'SMRIU2')_gc: False
	F21_('SW13', 'StarTr2')_gc: False
	F34_('SW21', 'SW31')_t4_max: 63412
	F18_('SW31', 'SW41')_rr: 0
	F31_('SM2CB', 'SW52')_gc: False
	F9_('SW32', 'RCM2')_gc: False
	F12_('SW21', 'SW14')_t4_min: 495
	F4_('SW22', 'SW32')_t4_min: 29004
	F27_('SW21', 'SW11')_t4_max: 97318
	('SW13', 'SW22')_gcl_cycle: 32000
	F2_('SW21', 'CMRIU1')_t5_max: 1182
	F45_('SW21', 'SW12')_t4_max: 2700
	F25_('SW13', 'SW21')_rr: 0
	F10_queue_index: 0
	F26_('SW21', 'SW31')_t4_max: 14763
	F25_('SW21', 'SW31')_t3_max: 15105
	F34_('SW51', 'SM1CA')_rr: 0
	F46_('SW13', 'SW22')_t3_min: 30750
	('SW8', 'SW52')_gcl_cycle: 1
	F16_('SW11', 'SW21')_t4_min: 6907
	F47_('SW8', 'SW32')_t4_min: 618
	('SW22', 'SW12')_gcl_cycle: 64000
	F37_('SW11', 'DU1')_t4_min: 1597
	F22_('SW41', 'SW31')_rr: 1
	F13_('SW21', 'SW31')_rr: 0
	F41_('SW11', 'SW22')_rr: 8
	F38_('CM2CA', 'SW42')_gc: False
	F42_('SW11', 'DU1')_t3_max: 1066
	F26_('SW13', 'SW21')_gc: False
	F19_('SW41', 'CM1CB')_rr: 0
	F31_('SM2CB', 'SW52')_t3_min: 30576
	F1_('SW13', 'SW21')_gc: True
	F30_('SW31', 'SW21')_t4_max: 282
	F13_('CMRIU1', 'SW21')_t3_max: 3105
	F11_('SW12', 'SW21')_t4_max: 1586
	F3_('SW13', 'StarTr1')_rr: 0
	F16_('SW31', 'SW6')_t4_min: 6973
	F44_('SW6', 'SMRIU1')_t3_max: 7849
	F2_('BFCU', 'SW22')_gc: False
	F28_('SW31', 'SW21')_t4_min: 189
	F30_queue_index: 0
	F45_('SW13', 'SW21')_t4_min: 2499
	F33_('SW14', 'DU4')_rr: 0
	F17_jitter: 129
	F39_('SW22', 'SW32')_gc: True
	F17_('CM2CA', 'SW42')_tb: 63323
	('SW13', 'StarTr1')_gcl_cycle: 1
	F9_queue_index: 0
	F48_('FCM2', 'SW32')_gc: False
	F44_('LCM2', 'SW32')_gc: False
	F41_('SW11', 'SW22')_t4_max: 97
	F15_('SW8', 'SW52')_gc: False
	F27_('SW11', 'DU2')_rr: 0
	('SW14', 'SW22')_gcl_cycle: 8000
	F45_('StarTr1', 'SW13')_tb: 2422
	F37_('SW21', 'SW11')_gc: True
	F34_('StarTr1', 'SW13')_gc: False
	F3_('SW22', 'SW13')_t4_min: 1286
	F24_('SW21', 'SW14')_t5_min: 13423
	F41_('SW11', 'SW22')_gc: True
	F33_('SW21', 'SW14')_t4_min: 1682
	F14_('DU2', 'SW11')_rr: 0
	F7_('SW32', 'SW22')_t3_max: 177
	F23_('BFCU', 'SW22')_rr: 0
	F46_('SW13', 'SW22')_rr: 0
	('SW32', 'SW42')_gcl_cycle: 8000
	F29_('SW7', 'SW31')_t4_max: 7487
	F43_('SW22', 'SW32')_gc: False
	('SW31', 'SW21')_gcl_cycle: 32000
	F9_('SW31', 'SW7')_t4_min: 8873
	F31_('SW52', 'SW8')_t4_min: 30657
	F28_('SW6', 'SW31')_t3_max: 95
	F24_('SW31', 'SW21')_gc: False
	F36_('SW13', 'MIMU2')_t4_min: 3509
	('SM2CA', 'SW52')_gcl_cycle: 1
	F18_('SW52', 'SW8')_t3_max: 31044
	F2_('SW21', 'CMRIU1')_rr: 0
	F30_('SW13', 'MIMU2')_gc: False
	F33_('SW12', 'SW21')_gc: False
	F28_('SW6', 'SW31')_t4_min: 95
	F45_('StarTr1', 'SW13')_t4_min: 2422
	F45_('SW13', 'SW21')_rr: 16
	F7_('SW22', 'SW11')_t3_max: 328
	F1_queue_index: 0
	F17_('SW32', 'SW22')_rr: 0
	F42_('SW31', 'SW21')_rr: 1
	F45_('SW12', 'SBAND2')_gc: True
	F28_('SW21', 'SW14')_gc: False
	F2_jitter: 129
	F47_queue_index: 0
	('SW6', 'SMRIU1')_gcl_cycle: 1
	F40_('RCM1', 'SW31')_gc: False
	('SW22', 'BFCU')_gcl_cycle: 1
	F16_jitter: 129
	F37_('SMRIU1', 'SW6')_t4_min: 1103
	F42_('SW11', 'DU1')_t4_min: 932
	F27_('StarTr1', 'SW13')_t5_min: 96995
	F3_('SW13', 'StarTr1')_t4_max: 1473
	F34_('SW51', 'SM1CA')_t4_max: 63845
	F30_('SW31', 'SW21')_t5_max: 347
	F26_('SW51', 'SM1CA')_gc: False
	F30_('SW21', 'SW13')_t4_min: 349
	F43_queue_index: 0
	F31_('SW8', 'SW31')_t4_max: 30996
	F47_('SW32', 'SW22')_t4_min: 644
	F6_('SW13', 'MIMU3')_rr: 0
	F28_('SMRIU2', 'SW6')_t3_min: 1
	F38_('SW22', 'SW12')_rr: 0
	('SW11', 'DU3')_gcl_cycle: 1
	('SW42', 'CM2CA')_gcl_cycle: 1
	F47_('SW8', 'SW32')_gc: True
	F22_('SW41', 'SW31')_t4_max: 749
	F27_('SW13', 'SW21')_t4_max: 97126
	F25_('StarTr2', 'SW13')_t4_max: 14941
	F9_('CM1CA', 'SW41')_t3_max: 8288
	F47_('SW8', 'SW32')_t3_min: 490
	('SW41', 'CM1CB')_gcl_cycle: 1
	F38_('SW42', 'SW32')_t4_max: 296
	F46_jitter: 258
	F3_('FCM2', 'SW32')_t3_max: 913
	F46_('SW13', 'SW22')_t3_max: 30755
	('SW31', 'SW6')_gcl_cycle: 16000
	F49_('SW14', 'SW21')_gc: True
	('CMRIU2', 'SW22')_gcl_length: 0
	F46_queue_index: 0
	F30_('SW21', 'SW13')_gc: False
	F41_('SW11', 'SW22')_t3_max: 97
	F39_('SW11', 'SW22')_t4_max: 14795
	F33_('SW21', 'SW14')_t3_max: 1816
	F24_queue_index: 0
	F29_('CMRIU2', 'SW22')_gc: False
	F18_('SW8', 'SW31')_t4_min: 31076
	('StarTr1', 'SW13')_gcl_cycle: 1
	F40_('SW31', 'SW41')_t4_max: 63706
	F32_('SW13', 'SW22')_t3_max: 947
	F27_('StarTr1', 'SW13')_t4_min: 96934
	F22_('CM1CB', 'SW41')_t3_max: 587
	F7_('SW42', 'SW32')_t5_min: 41
	F35_('SW31', 'SW21')_t5_max: 7399
	F27_('SW11', 'DU2')_tb: 97123
	F6_('SW21', 'SW13')_tb: 30455
	F29_('SW31', 'SW41')_t3_max: 7535
	F13_('CMRIU1', 'SW21')_t4_min: 3229
	F19_('SW21', 'SW31')_tb: 123017
	F14_('SW11', 'SW22')_t5_min: 6281
	F37_('SW6', 'SW31')_t5_max: 1284
	F28_('SMRIU2', 'SW6')_t5_min: 88
	F36_('CMRIU2', 'SW22')_t4_max: 3275
	F2_('SW21', 'CMRIU1')_t4_max: 1126
	F45_('StarTr1', 'SW13')_t5_min: 2492
	F1_('MIMU3', 'SW13')_t5_max: 90568
	F11_('SW31', 'FCM1')_t4_max: 1923
	F19_('SW41', 'CM1CB')_t5_max: 123729
	F37_('SW21', 'SW11')_t5_max: 1595
	F6_('SW13', 'MIMU3')_t5_max: 30972
	F37_('SW31', 'SW21')_t5_max: 1378
	F27_('SW13', 'SW21')_t5_min: 97058
	F12_('SW21', 'SW14')_t5_max: 712
	F12_('SW14', 'DU4')_t3_min: 585
	F7_('SW32', 'SW22')_t5_max: 321
	F14_('SW32', 'LCM2')_t3_min: 6513
	F10_('SW6', 'SW32')_t5_max: 1284
	F18_('SW52', 'SW8')_tb: 31044
	F31_('SW52', 'SW8')_tb: 30657
	F48_('SW22', 'SW13')_tb: 28511
	F31_('SW8', 'SW31')_t5_max: 31075
	F7_('SW22', 'SW11')_tb: 323
	F25_('StarTr2', 'SW13')_t3_min: 14941
	F10_('SW22', 'BFCU')_t3_max: 1473
	F28_('SW21', 'SW14')_tb: 278
	F5_('SW42', 'SW32')_tb: 245
	F0_('MIMU2', 'SW13')_t4_min: 7716
	F4_('MIMU1', 'SW13')_t3_min: 28978
	F41_('DU2', 'SW11')_t4_max: 1
	F12_('SW14', 'DU4')_t4_max: 719
	F34_('SW13', 'SW21')_tb: 63350
	F43_('DU5', 'SW14')_t4_max: 6138
	F41_('SW11', 'SW22')_tb: 97
	F3_('SW22', 'SW13')_t3_max: 1163
	F27_('SW13', 'SW21')_tb: 96997
	F22_('SW13', 'StarTr1')_t3_max: 987
	('SW13', 'StarTr2')_gcl_length: 0
	F16_('SW31', 'SW6')_t5_min: 6999
	F35_('SW31', 'SW21')_tb: 7384
	F19_('StarTr1', 'SW13')_t3_min: 122794
	F49_('SW13', 'MIMU2')_t5_max: 2645
	F23_('BFCU', 'SW22')_t4_min: 24803
	F41_('SW11', 'SW22')_t5_max: 186
	F18_('SM2CA', 'SW52')_tb: 31007
	F12_('SW21', 'SW14')_t5_min: 583
	F45_('SW21', 'SW12')_tb: 2571
	F34_('SW31', 'SW41')_t3_max: 63474
	F2_('BFCU', 'SW22')_t5_max: 869
	F3_('FCM2', 'SW32')_t5_min: 1093
	F16_('SW11', 'SW21')_t5_min: 6933
	F29_('CMRIU2', 'SW22')_t3_min: 7391
	F40_('SW41', 'CM1CA')_tb: 63660
	F47_('SW22', 'CMRIU2')_t3_max: 670
	('CMRIU1', 'SW21')_gcl_length: 0
	F41_('SW32', 'LCM2')_tb: 284
	F39_('SW22', 'SW32')_t5_min: 15117
	F30_('SW31', 'SW21')_t5_min: 347
	F2_('SW11', 'SW21')_t5_max: 995
	F14_('SW11', 'SW22')_t5_max: 6410
	F10_('SW32', 'SW22')_t3_max: 1291
	F25_('StarTr2', 'SW13')_t5_min: 14954
	F35_('SW21', 'SW12')_t3_min: 7401
	F36_('SW22', 'SW13')_t5_min: 3507
	F12_('SW21', 'SW14')_tb: 495
	F11_('SBAND1', 'SW12')_t3_min: 1541
	F8_('SW32', 'RCM2')_t5_min: 15197
	F46_('MIMU3', 'SW13')_t5_min: 30748
	F39_('SW11', 'SW22')_tb: 14666
	F19_('SW31', 'SW41')_t5_max: 123491
	F4_('MIMU1', 'SW13')_t5_min: 28984
	F30_('LCM1', 'SW31')_tb: 210
	F44_('SW32', 'SW6')_tb: 7687
	F28_('SW14', 'DU5')_t3_min: 367
	F34_('SW41', 'SW51')_tb: 63659
	F37_('SMRIU1', 'SW6')_tb: 1103
	F15_('SW8', 'SW52')_tb: 63563
	F24_('SW21', 'SW14')_t3_min: 13402
	F0_('SW13', 'MIMU3')_tb: 7794
	F12_('SW14', 'DU4')_tb: 719
	F46_('MIMU3', 'SW13')_t5_max: 30748
	F3_('FCM2', 'SW32')_t4_max: 1037
	F26_('SW31', 'SW41')_t5_max: 14912
	F25_('StarTr2', 'SW13')_tb: 14941
	F1_('MIMU3', 'SW13')_tb: 90488
	F35_('SW21', 'SW12')_t5_min: 7544
	F3_('SW22', 'SW13')_tb: 1286
	('SW41', 'SW51')_gcl_length: 2
	F30_('SW13', 'MIMU2')_t5_max: 739
	F6_('SBAND1', 'SW12')_t5_max: 30387
	F49_('DU5', 'SW14')_tb: 2260
	F42_('SW31', 'SW21')_t5_min: 876
	F31_('SW14', 'DU5')_t3_max: 31502
	F16_('SW6', 'SMRIU2')_t3_max: 7006
	F0_('SW13', 'MIMU3')_t5_max: 7999
	F28_('SW6', 'SW31')_t3_min: 90
	F3_('SW13', 'StarTr1')_tb: 1344
	F16_('SW11', 'SW21')_t5_max: 6933
	F0_('MIMU2', 'SW13')_tb: 7716
	F13_('CMRIU1', 'SW21')_t4_max: 3229
	('SW31', 'FCM1')_gcl_length: 0
	F13_('CMRIU1', 'SW21')_t3_min: 3229
	('SW42', 'CM2CA')_gcl_length: 0
	F4_('MIMU1', 'SW13')_tb: 28978
	('StarTr2', 'SW13')_gcl_length: 0
	('SW12', 'SW21')_gcl_length: 2
	F38_('SW12', 'SBAND1')_t3_max: 637
	F18_('SW31', 'SW41')_t3_max: 31242
	F13_('CMRIU1', 'SW21')_tb: 3229
	F9_('SW32', 'RCM2')_t5_min: 9177
	F4_('SW32', 'RCM2')_tb: 29012
	F34_('StarTr1', 'SW13')_t3_min: 63165
	F48_('SW13', 'MIMU1')_t3_max: 28809
	F26_('SW51', 'SM1CA')_t3_max: 15059
	F36_('SW13', 'MIMU2')_t4_max: 3767
	F48_('SW32', 'SW22')_t3_min: 28476
	F21_('SBAND1', 'SW12')_t5_min: 13808
	F18_('SW31', 'SW41')_t3_min: 31108
	F4_('SW22', 'SW32')_t3_max: 29004
	F49_('SW14', 'SW21')_t3_min: 2322
	F22_('SW31', 'SW21')_t5_min: 818
	F26_('MIMU3', 'SW13')_t4_min: 14483
	F36_('SW13', 'MIMU2')_t3_max: 3643
	F25_('StarTr2', 'SW13')_t4_min: 14941
	F31_('SM2CB', 'SW52')_t4_min: 30576
	F10_('SMRIU1', 'SW6')_t5_max: 1102
	F3_('FCM2', 'SW32')_t5_max: 1093
	F10_('SW22', 'BFCU')_t5_min: 1261
	F11_('SW12', 'SW21')_t3_min: 1581
	F16_('SW31', 'SW6')_t5_max: 6999
	F2_('SW11', 'SW21')_t3_min: 934
	F37_('SMRIU1', 'SW6')_t3_min: 1103
	F46_('SW22', 'CMRIU2')_t5_max: 31134
	F48_('SW13', 'MIMU1')_t5_min: 28579
	F12_('SW13', 'SW21')_t5_min: 493
	F39_('SW32', 'LCM2')_t5_max: 15343
	F47_('SW22', 'CMRIU2')_t4_max: 794
	F28_('SMRIU2', 'SW6')_t4_max: 1
	F33_('SW12', 'SW21')_t5_max: 1809
	('SW21', 'SW13')_gcl_length: 2
	F46_('MIMU3', 'SW13')_t3_min: 30686
	F47_('SM1CB', 'SW51')_t5_max: 462
	F32_('StarTr2', 'SW13')_t4_max: 902
	('SW21', 'SW31')_gcl_length: 42
	F5_('CM2CA', 'SW42')_t4_min: 124
	F36_('CMRIU2', 'SW22')_t5_max: 3390
	F15_('SW52', 'SM2CA')_t5_max: 63999
	F19_('SW21', 'SW31')_t5_max: 123253
	F34_('SW13', 'SW21')_t3_min: 63222
	F46_('MIMU3', 'SW13')_t4_max: 30686
	F37_('SW11', 'DU1')_t3_min: 1597
	F16_('SW31', 'SW6')_t3_max: 6973
	F9_('SW7', 'SW32')_tb: 8975
	F19_('SW41', 'CM1CB')_t4_max: 123622
	F29_('CMRIU2', 'SW22')_tb: 7391
	F19_('SW31', 'SW41')_tb: 123126
	F44_('LCM2', 'SW32')_t4_max: 7659
	F15_('FCM1', 'SW31')_t4_min: 63378
	F4_('MIMU1', 'SW13')_t4_max: 28978
	F31_('SW21', 'SW14')_t5_max: 31495
	F4_('SW22', 'SW32')_t5_max: 29010
	F47_('SW22', 'CMRIU2')_t5_max: 813
	F11_('SW31', 'FCM1')_tb: 1794
	F14_('SW32', 'LCM2')_t3_max: 6518
	F47_('SW51', 'SW8')_tb: 469
	F17_('SW42', 'SW32')_t5_min: 63490
	F43_('SW42', 'CM2CA')_t5_min: 7013
	('RCM1', 'SW31')_gcl_length: 0
	F45_('SW21', 'SW12')_t3_min: 2571
	('SW11', 'DU3')_gcl_length: 0
	F43_('SW14', 'SW22')_t5_min: 6510
	F22_('SW13', 'StarTr1')_t5_min: 884
	F8_('DU1', 'SW11')_t4_max: 14914
	F28_('SW14', 'DU5')_tb: 501
	F16_('SW6', 'SMRIU2')_t5_min: 7027
	F33_('SW21', 'SW14')_tb: 1682
	F31_('SW14', 'DU5')_tb: 30981
	F46_('MIMU3', 'SW13')_t4_min: 30686
	F30_('SW21', 'SW13')_tb: 349
	F38_('SW32', 'SW22')_t5_min: 346
	F27_('SW11', 'DU2')_t3_max: 97386
	F12_('SW14', 'DU4')_t5_max: 807
	F40_('RCM1', 'SW31')_t5_min: 63575
	F44_('SW6', 'SMRIU1')_t3_min: 7715
	F14_('DU2', 'SW11')_t5_max: 6185
	F3_('FCM2', 'SW32')_t3_min: 1037
	F23_('BFCU', 'SW22')_tb: 24803
	F17_('SW22', 'SW12')_t3_min: 63574
	F6_('SW13', 'MIMU3')_t3_max: 30784
	('SMRIU1', 'SW6')_gcl_length: 0
	F18_('SW52', 'SW8')_t5_min: 31074
	F5_('SW6', 'SMRIU2')_t5_max: 642
	F9_('CM1CA', 'SW41')_tb: 8412
	('SW6', 'SMRIU1')_gcl_length: 0
	F43_('SW42', 'CM2CA')_tb: 6892
	F28_('SW31', 'SW21')_t3_min: 184
	F20_('LCM1', 'SW31')_t5_max: 3611
	F2_('SW22', 'SW11')_t3_min: 871
	F29_('SW41', 'CM1CB')_t3_min: 7578
	F34_('SW21', 'SW31')_tb: 63412
	F39_('SW32', 'LCM2')_t3_max: 15124
	F14_('SW32', 'LCM2')_t4_max: 6642
	F40_('SW41', 'CM1CA')_t5_min: 63741
	F19_('StarTr1', 'SW13')_t5_max: 122901
	F17_('SW22', 'SW12')_tb: 63708
	F44_('SW6', 'SMRIU1')_t4_max: 7973
	F34_('StarTr1', 'SW13')_t4_min: 63165
	F7_('CM2CA', 'SW42')_t4_max: 1
	F10_('SW32', 'SW22')_tb: 1157
	F20_('LCM1', 'SW31')_t3_min: 3548
	F27_('SW11', 'DU2')_t5_min: 97184
	('SMRIU2', 'SW6')_gcl_length: 0
	F23_('BFCU', 'SW22')_t3_min: 24803
	F44_('LCM2', 'SW32')_t5_min: 7685
	F41_('SW32', 'LCM2')_t3_max: 289
	F3_('SW13', 'StarTr1')_t3_max: 1349
	F33_('SBAND2', 'SW12')_t5_min: 1623
	F28_('SW21', 'SW14')_t3_max: 283
	F28_('SW31', 'SW21')_t3_max: 189
	('SW22', 'SW7')_gcl_length: 2
	F27_('SW21', 'SW11')_t3_min: 97060
	F24_('RCM1', 'SW31')_tb: 13356
	F49_('DU5', 'SW14')_t4_min: 2260
	F7_('SW42', 'SW32')_t3_min: 22
	F36_('SW13', 'MIMU2')_t3_min: 3509
	F17_('SW42', 'SW32')_t3_min: 63405
	F33_('SBAND2', 'SW12')_tb: 1568
	F27_('SW11', 'DU2')_t3_min: 97123
	F18_('SW41', 'CM1CB')_t3_min: 31140
	F26_('SW41', 'SW51')_tb: 14527
	F29_('SW22', 'SW7')_t3_min: 7434
	F43_('SW14', 'SW22')_tb: 6389
	F29_('CMRIU2', 'SW22')_t5_max: 7432
	('SW22', 'SW13')_gcl_length: 2
	F44_('LCM2', 'SW32')_t4_min: 7659
	F28_('SW6', 'SW31')_t5_max: 182
	F29_('SW7', 'SW31')_t3_max: 7487
	('MIMU1', 'SW13')_gcl_length: 0
	('SW52', 'SM2CA')_gcl_length: 0
	('SW41', 'CM1CA')_gcl_length: 0
	F46_('SW13', 'SW22')_t5_max: 30941
	F9_('SW32', 'RCM2')_t3_max: 9211
	('DU1', 'SW11')_gcl_length: 0
	F48_('SW32', 'SW22')_tb: 28476
	F49_('DU5', 'SW14')_t5_max: 2320
	F8_('DU1', 'SW11')_t5_min: 14950
	F26_('SW21', 'SW31')_t5_min: 14514
	F21_('SW12', 'SW21')_t3_min: 13810
	F7_('CM2CA', 'SW42')_tb: 1
	F47_('SW8', 'SW32')_tb: 618
	F4_('SW13', 'SW22')_t5_min: 28997
	F9_('SW32', 'RCM2')_tb: 9077
	F36_('SW22', 'SW13')_t3_min: 3392
	F4_('MIMU1', 'SW13')_t5_max: 28984
	F33_('SW14', 'DU4')_t5_min: 1794
	F25_('SW21', 'SW31')_t3_min: 14971
	F32_('SW13', 'SW22')_tb: 947
	F0_('SW13', 'MIMU3')_t3_min: 7794
	('FCM2', 'SW32')_gcl_length: 0
	F49_('SW21', 'SW13')_tb: 2394
	F48_('SW32', 'SW22')_t5_max: 28638
	F18_('SW8', 'SW31')_t5_min: 31106
	F20_('LCM1', 'SW31')_t5_min: 3611
	F36_('SW22', 'SW13')_t5_max: 3636
	('SW42', 'SW32')_gcl_length: 50
	F31_('SW14', 'DU5')_t4_max: 31626
	('SW7', 'SW32')_gcl_length: 0
	F38_('SW42', 'SW32')_t3_min: 291
	F42_('SW31', 'SW21')_tb: 824
	F7_('SW11', 'DU3')_t5_max: 621
	F39_('SW32', 'LCM2')_tb: 15119
	F47_('SM1CB', 'SW51')_t3_min: 443
	F34_('SW13', 'SW21')_t5_max: 63405
	F25_('SW31', 'LCM1')_t5_max: 15386
	F25_('SW21', 'SW31')_tb: 14971
	F38_('SW22', 'SW12')_t3_min: 348
	F2_('SW21', 'CMRIU1')_tb: 997
	F19_('SW13', 'SW21')_t5_min: 123015
	F31_('SW21', 'SW14')_t5_min: 30979
	F4_('SW22', 'SW32')_tb: 29004
	F5_('SW32', 'SW6')_t3_min: 292
	F5_('SW6', 'SMRIU2')_tb: 339
	F32_('StarTr2', 'SW13')_t4_min: 902
	F20_('SW6', 'SMRIU2')_tb: 3678
	F18_('SW8', 'SW31')_t3_min: 31076
	F38_('SW12', 'SBAND1')_t5_min: 398
	F3_('SW22', 'SW13')_t3_min: 1158
	F24_('RCM1', 'SW31')_t5_max: 13377
	F1_('SW21', 'CMRIU1')_tb: 90657
	F7_('SW42', 'SW32')_tb: 22
	F8_('DU1', 'SW11')_t5_max: 14950
	F0_('MIMU2', 'SW13')_t4_max: 7716
	F12_('MIMU1', 'SW13')_t4_max: 310
	('SW32', 'SW42')_gcl_length: 2
	F30_('LCM1', 'SW31')_t4_min: 210
	F41_('SW22', 'SW32')_tb: 193
	F37_('SW11', 'DU1')_tb: 1597
	F43_('DU5', 'SW14')_tb: 6138
	F48_('SW13', 'MIMU1')_t4_max: 28933
	F28_('SW14', 'DU5')_t5_min: 588
	F28_('SW21', 'SW14')_t5_max: 494
	F34_('StarTr1', 'SW13')_tb: 63165
	F24_('RCM1', 'SW31')_t3_min: 13356
	F3_('SW32', 'SW22')_tb: 1100
	F38_('SW12', 'SBAND1')_t3_min: 374
	F10_('SMRIU1', 'SW6')_t4_min: 1051
	F4_('SW22', 'SW32')_t5_min: 29010
	F36_('SW13', 'MIMU2')_t5_min: 3624
	F19_('SW21', 'SW31')_t3_min: 123017
	F15_('SW52', 'SM2CA')_tb: 63653
	F14_('DU2', 'SW11')_tb: 6091
	F0_('MIMU2', 'SW13')_t5_max: 7792
	F49_('SW21', 'SW13')_t3_min: 2389
	F25_('SW13', 'SW21')_t5_min: 14969
	F34_('StarTr1', 'SW13')_t4_max: 63165
	F5_('CM2CA', 'SW42')_t5_max: 169
	F5_('SW6', 'SMRIU2')_t5_min: 384
	F2_('BFCU', 'SW22')_t5_min: 869
	F4_('SW13', 'SW22')_t5_max: 28997
	F42_('SW21', 'SW11')_t5_min: 930
	F45_('SW12', 'SBAND2')_t4_max: 7475
	F35_('FCM1', 'SW31')_tb: 7362
	F20_('SW31', 'SW6')_tb: 3613
	F40_('SW41', 'CM1CA')_t5_max: 63999
	F19_('SW41', 'CM1CB')_t3_min: 123235
	F9_('SW41', 'SW31')_t5_min: 8614
	F1_('SW13', 'SW21')_tb: 90575
	F20_('SW31', 'SW6')_t3_min: 3613
	F6_('SW13', 'MIMU3')_t3_min: 30521
	F43_('SW32', 'SW42')_t3_min: 6635
	F42_('SW21', 'SW11')_t3_max: 883
	F22_('SW41', 'SW31')_t3_min: 744
	F17_('SW12', 'SBAND2')_t5_max: 63999
	F17_('SW32', 'SW22')_t3_max: 63497
	F5_('SW6', 'SMRIU2')_t4_max: 597
	F8_('SW22', 'SW32')_tb: 15123
	F31_('SM2CB', 'SW52')_t4_max: 30576
	F21_('SW13', 'StarTr2')_t5_max: 14414
	F1_('MIMU3', 'SW13')_t4_max: 90488
	F27_('SW21', 'SW11')_t3_max: 97194
	F13_('SW31', 'RCM1')_tb: 3279
	F41_('SW32', 'LCM2')_t4_max: 413
	F25_('SW13', 'SW21')_t5_max: 15098
	F32_('SW22', 'BFCU')_t5_min: 1025
	F12_('SW13', 'SW21')_tb: 405
	F25_('SW13', 'SW21')_tb: 14956
	F9_('SW7', 'SW32')_t5_min: 9075
	F41_('SW11', 'SW22')_t3_min: 92
	F11_('SBAND1', 'SW12')_t4_max: 1541
	F2_('SW21', 'CMRIU1')_t3_min: 997
	F29_('SW41', 'CM1CB')_t4_max: 7707
	F10_('SW6', 'SW32')_t3_min: 1104
	('SW22', 'SW32')_gcl_length: 50
	F15_('FCM1', 'SW31')_tb: 63378
	F7_('SW11', 'DU3')_t3_min: 344
	F32_('SW13', 'SW22')_t5_min: 985
	F28_('SW14', 'DU5')_t4_max: 501
	F17_('SW12', 'SBAND2')_t3_min: 63790
	F6_('SBAND1', 'SW12')_t4_min: 30323
	F28_('SW31', 'SW21')_tb: 189
	F19_('SW31', 'SW41')_t5_min: 123233
	F48_('FCM2', 'SW32')_t5_min: 28474
	F5_('SW42', 'SW32')_t3_min: 171
	F5_('SW32', 'SW6')_tb: 292
	F16_('DU1', 'SW11')_t3_min: 6874
	F38_('CM2CA', 'SW42')_t3_min: 265
	F46_('SW13', 'SW22')_t5_min: 30812
	('SW6', 'SW31')_gcl_length: 4
	F18_('SW41', 'CM1CB')_t5_max: 31557
	F29_('SW7', 'SW31')_t5_max: 7528
	F13_('SW21', 'SW31')_tb: 3254
	F48_('FCM2', 'SW32')_t4_min: 28441
	F16_('SW6', 'SMRIU2')_t3_min: 7001
	F9_('SW32', 'RCM2')_t4_max: 9335
	F36_('SW13', 'MIMU2')_t5_max: 3882
	F30_('LCM1', 'SW31')_t4_max: 210
	F26_('SW13', 'SW21')_t5_min: 14503
	('SW11', 'SW22')_gcl_length: 18
	F37_('SW31', 'SW21')_tb: 1291
	F15_('SW31', 'SW8')_t5_min: 63561
	F26_('SW13', 'SW21')_tb: 14494
	F16_('SW21', 'SW31')_t3_min: 6935
	F6_('SW12', 'SW21')_t3_min: 30389
	F45_('SW12', 'SBAND2')_t5_min: 7545
	F39_('SW32', 'LCM2')_t4_max: 15248
	F27_('SW13', 'SW21')_t3_min: 96997
	F22_('SW21', 'SW13')_t3_max: 825
	F25_('SW31', 'LCM1')_t4_max: 15373
	F22_('CM1CB', 'SW41')_t4_max: 711
	F34_('SW31', 'SW41')_t3_min: 63469
	F12_('MIMU1', 'SW13')_t3_min: 310
	F14_('SW22', 'SW32')_tb: 6417
	F44_('SW32', 'SW6')_t3_min: 7687
	F28_('SMRIU2', 'SW6')_t4_min: 1
	F16_('DU1', 'SW11')_t4_max: 6874
	F4_('SW32', 'RCM2')_t4_max: 29141
	F48_('SW22', 'SW13')_t3_max: 28645
	F9_('SW41', 'SW31')_t5_max: 8743
	F17_('CM2CA', 'SW42')_t4_max: 63323
	F47_('SW22', 'CMRIU2')_t3_min: 665
	F23_('SW22', 'CMRIU2')_t4_max: 24943
	F24_('SW14', 'DU5')_t3_min: 13425
	F39_('SW22', 'SW32')_t3_min: 14763
	F46_('MIMU3', 'SW13')_tb: 30686
	F34_('SW51', 'SM1CA')_t3_max: 63721
	F38_('SW42', 'SW32')_t5_max: 320
	F24_('SW31', 'SW21')_t5_min: 13400
	F22_('SW41', 'SW31')_t5_max: 780
	F41_('SW32', 'LCM2')_t5_max: 502
	F16_('SW21', 'SW31')_t5_min: 6966
	('SW22', 'SW12')_gcl_length: 2
	F21_('SBAND1', 'SW12')_t3_min: 13737
	F29_('SW7', 'SW31')_tb: 7487
	F20_('LCM1', 'SW31')_tb: 3548
	F30_('LCM1', 'SW31')_t3_min: 210
	F14_('DU2', 'SW11')_t4_min: 6091
	F42_('RCM1', 'SW31')_tb: 765
	F43_('SW22', 'SW32')_t3_min: 6512
	F41_('DU2', 'SW11')_t5_max: 90
	F39_('SW22', 'SW32')_t5_max: 15117
	F39_('SW11', 'SW22')_t3_min: 14666
	F4_('SW32', 'RCM2')_t3_min: 29012
	('SW11', 'DU2')_gcl_length: 0
	F42_('RCM1', 'SW31')_t5_min: 817
	F26_('SW51', 'SM1CA')_tb: 14538
	F40_('RCM1', 'SW31')_t4_min: 63494
	F12_('MIMU1', 'SW13')_t4_min: 310
	('SM2CB', 'SW52')_gcl_length: 0
	('SW6', 'SW32')_gcl_length: 0
	F41_('SW32', 'LCM2')_t3_min: 284
	F21_('SW21', 'SW13')_tb: 13883
	F42_('RCM1', 'SW31')_t3_min: 765
	F34_('SW31', 'SW41')_t5_min: 63529
	F18_('SW41', 'CM1CB')_t5_min: 31170
	('SW8', 'SW32')_gcl_length: 2
	('SW31', 'LCM1')_gcl_length: 0
	F25_('SW31', 'LCM1')_t3_min: 14986
	F46_('SW22', 'CMRIU2')_t3_min: 30814
	F24_('SW21', 'SW14')_tb: 13402
	F32_('StarTr2', 'SW13')_t3_min: 902
	F42_('SW21', 'SW11')_t5_max: 1059
	F42_('SW11', 'DU1')_t3_min: 932
	F23_('BFCU', 'SW22')_t5_max: 24812
	F42_('SW21', 'SW11')_tb: 878
	F28_('SMRIU2', 'SW6')_tb: 1
	('SW7', 'SW31')_gcl_length: 2
	F27_('SW21', 'SW11')_t5_max: 97379
	F21_('SW12', 'SW21')_tb: 13810
	F38_('SW12', 'SBAND1')_tb: 374
	F38_('SW32', 'SW22')_t3_max: 327
	F2_('BFCU', 'SW22')_t4_max: 813
	F49_('SW13', 'MIMU2')_t3_max: 2461
	F43_('SW32', 'SW42')_t3_max: 6769
	F22_('SW41', 'SW31')_tb: 749
	F31_('SW8', 'SW31')_t3_min: 30738
	F46_('SW22', 'CMRIU2')_tb: 30814
	F6_('SBAND1', 'SW12')_t4_max: 30323
	F37_('SW6', 'SW31')_t5_min: 1284
	F3_('SW22', 'SW13')_t5_min: 1342
	F46_('SW22', 'CMRIU2')_t5_min: 30876
	F19_('SW31', 'SW41')_t3_max: 123260
	F9_('SW41', 'SW31')_tb: 8514
	F1_('SW21', 'CMRIU1')_t5_max: 90866
	F22_('SW41', 'SW31')_t5_min: 780
	('LCM1', 'SW31')_gcl_length: 0
	('SW22', 'CMRIU2')_gcl_length: 0
	F26_('MIMU3', 'SW13')_t4_max: 14483
	F46_('SW22', 'CMRIU2')_t4_max: 31072
	F34_('SW21', 'SW31')_t5_min: 63467
	F6_('SW21', 'SW13')_t3_max: 30589
	F45_('SW12', 'SBAND2')_t3_max: 2777
	F5_('SW32', 'SW6')_t5_max: 466
	F33_('SW14', 'DU4')_t3_max: 2002
	F13_('SW31', 'RCM1')_t5_min: 3302
	F28_('SW31', 'SW21')_t5_max: 276
	F9_('SW7', 'SW32')_t5_max: 9204
	F40_('RCM1', 'SW31')_t3_min: 63494
	F11_('SW31', 'FCM1')_t3_min: 1794
	F26_('SW51', 'SM1CA')_t5_min: 14547
	F48_('SW32', 'SW22')_t5_min: 28509
	F31_('SW21', 'SW14')_t3_min: 30900
	F28_('SW31', 'SW21')_t5_min: 276
	F16_('SW31', 'SW6')_tb: 6973
	F29_('SW7', 'SW31')_t3_min: 7482
	F35_('SW21', 'SW12')_tb: 7529
	F22_('SW31', 'SW21')_t3_min: 782
	F9_('SW7', 'SW32')_t3_max: 8980
	F40_('RCM1', 'SW31')_t5_max: 63575
	F43_('DU5', 'SW14')_t5_max: 6259
	F5_('SW6', 'SMRIU2')_t3_max: 473
	F19_('StarTr1', 'SW13')_tb: 122794
	F34_('SW21', 'SW31')_t5_max: 63467
	('SW12', 'SBAND1')_gcl_length: 0
	F45_('StarTr1', 'SW13')_t4_max: 2422
	F43_('SW22', 'SW32')_tb: 6512
	F45_('SW12', 'SBAND2')_tb: 7475
	F27_('SW11', 'DU2')_t4_max: 97510
	F42_('RCM1', 'SW31')_t4_max: 765
	F12_('MIMU1', 'SW13')_t5_max: 398
	F41_('SW22', 'SW32')_t5_min: 282
	F29_('SW41', 'CM1CB')_t5_max: 7748
	F26_('SW21', 'SW31')_t3_min: 14505
	F26_('SW21', 'SW31')_t3_max: 14639
	F22_('SW31', 'SW21')_t3_max: 787
	F16_('DU1', 'SW11')_t5_max: 6900
	F33_('SW14', 'DU4')_t3_min: 1739
	('SW12', 'SBAND2')_gcl_length: 2
	F36_('CMRIU2', 'SW22')_tb: 3275
	F15_('SW8', 'SW52')_t5_min: 63651
	F40_('SW41', 'CM1CA')_t4_max: 63918
	F5_('SW32', 'SW6')_t3_max: 297
	F11_('SBAND1', 'SW12')_t4_min: 1541
	F29_('SW22', 'SW7')_t5_max: 7480
	F6_('SBAND1', 'SW12')_t5_min: 30387
	F37_('SW31', 'SW21')_t5_min: 1378
	('SW22', 'BFCU')_gcl_length: 0
	F39_('DU1', 'SW11')_t3_min: 14569
	F48_('SW13', 'MIMU1')_t5_max: 28966
	F47_('SW22', 'CMRIU2')_t5_min: 684
	F22_('CM1CB', 'SW41')_t5_min: 742
	F12_('SW13', 'SW21')_t3_min: 400
	F22_('CM1CB', 'SW41')_t3_min: 711
	F17_('CM2CA', 'SW42')_t4_min: 63323
	F39_('SW11', 'SW22')_t5_max: 14890
	F31_('SW14', 'DU5')_t3_min: 30981
	F16_('DU1', 'SW11')_tb: 6874
	F16_('SW6', 'SMRIU2')_t5_max: 7156
	F1_('SW21', 'CMRIU1')_t5_min: 90737
	('SW31', 'SW8')_gcl_length: 2
	F6_('SW13', 'MIMU3')_t4_max: 30908
	('SW32', 'RCM2')_gcl_length: 0
	F8_('SW22', 'SW32')_t3_min: 15118
	F9_('CM1CA', 'SW41')_t5_min: 8512
	('SW31', 'SW21')_gcl_length: 98
	F8_('SW32', 'RCM2')_tb: 15161
	F47_('SW51', 'SW8')_t3_min: 464
	F34_('SW41', 'SW51')_t5_max: 63714
	F33_('SW21', 'SW14')_t3_min: 1682
	F25_('SW21', 'SW31')_t5_max: 15242
	F26_('SW51', 'SM1CA')_t5_max: 15192
	F12_('SW14', 'DU4')_t3_max: 719
	F33_('SBAND2', 'SW12')_t4_max: 1568
	F15_('SW8', 'SW52')_t3_min: 63563
	F36_('CMRIU2', 'SW22')_t3_min: 3275
	F9_('SW31', 'SW7')_t3_max: 8750
	F24_('SW31', 'SW21')_t5_max: 13529
	F0_('SW13', 'MIMU3')_t4_max: 7923
	F27_('SW13', 'SW21')_t5_max: 97187
	F28_('SW21', 'SW14')_t3_min: 278
	F24_('SW14', 'DU5')_t5_max: 13833
	F36_('CMRIU2', 'SW22')_t5_min: 3390
	F35_('SW31', 'SW21')_t5_min: 7399
	F16_('SW11', 'SW21')_t3_min: 6902
	F24_('SW14', 'DU5')_t5_min: 13446
	F14_('DU2', 'SW11')_t3_min: 6091
	F24_('SW31', 'SW21')_t3_min: 13379
	F9_('SW32', 'RCM2')_t3_min: 9077
	F31_('SW31', 'SW21')_tb: 30819
	F21_('SW12', 'SW21')_t5_min: 13881
	F6_('SW12', 'SW21')_tb: 30389
	F45_('SW21', 'SW12')_t3_max: 2576
	F19_('SW13', 'SW21')_t3_min: 122903
	F10_('SMRIU1', 'SW6')_tb: 1051
	F24_('SW21', 'SW14')_t5_max: 13681
	F2_('SW22', 'SW11')_t5_max: 932
	F32_('StarTr2', 'SW13')_tb: 902
	F18_('SW8', 'SW31')_t5_max: 31235
	F42_('SW31', 'SW21')_t5_max: 876
	F15_('SW31', 'SW8')_t3_min: 63468
	F22_('SW31', 'SW21')_tb: 787
	F28_('SW14', 'DU5')_t5_max: 588
	F2_('SW11', 'SW21')_t3_max: 939
	('SW31', 'SW41')_gcl_length: 18
	F10_('SW32', 'SW22')_t5_min: 1208
	F27_('StarTr1', 'SW13')_t5_max: 96995
	F18_('SW31', 'SW41')_t5_max: 31396
	F42_('SW31', 'SW21')_t3_min: 819
	('SW22', 'SW11')_gcl_length: 2
	F43_('DU5', 'SW14')_t3_min: 6138
	F31_('SW52', 'SW8')_t5_min: 30736
	F18_('SW41', 'CM1CB')_t4_max: 31527
	F17_('SW22', 'SW12')_t3_max: 63708
	('SW31', 'SW6')_gcl_length: 2
	('CM1CB', 'SW41')_gcl_length: 0
	F30_('SW13', 'MIMU2')_t5_min: 481
	F37_('SW21', 'SW11')_t3_max: 1385
	F24_('SW21', 'SW14')_t3_max: 13536
	F7_('SW11', 'DU3')_t4_max: 602
	F7_('CM2CA', 'SW42')_t3_min: 1
	F46_('SW13', 'SW22')_tb: 30750
	('SW14', 'DU5')_gcl_length: 2
	F22_('SW21', 'SW13')_tb: 820
	F48_('SW22', 'SW13')_t3_min: 28511
	F8_('SW32', 'RCM2')_t5_max: 15326
	F26_('SW41', 'SW51')_t3_min: 14527
	F43_('SW42', 'CM2CA')_t4_max: 7021
	F26_('SW21', 'SW31')_tb: 14505
	F45_('SW12', 'SBAND2')_t3_min: 2643
	F22_('CM1CB', 'SW41')_tb: 711
	F7_('SW32', 'SW22')_tb: 302
	F37_('SMRIU1', 'SW6')_t4_max: 1103
	F15_('SW52', 'SM2CA')_t5_min: 63741
	F38_('SW12', 'SBAND1')_t5_max: 785
	F31_('SW8', 'SW31')_t5_min: 30817
	F19_('StarTr1', 'SW13')_t4_max: 122794
	F14_('SW22', 'SW32')_t5_max: 6511
	('CM1CA', 'SW41')_gcl_length: 0
	F5_('CM2CA', 'SW42')_t3_min: 124
	('SM2CA', 'SW52')_gcl_length: 0
	F17_('CM2CA', 'SW42')_t3_min: 63323
	F47_('SW32', 'SW22')_tb: 644
	F29_('SW41', 'CM1CB')_t3_max: 7583
	F33_('SW14', 'DU4')_tb: 1739
	F2_('BFCU', 'SW22')_t4_min: 813
	F43_('SW22', 'SW32')_t5_min: 6633
	F5_('SW42', 'SW32')_t5_min: 290
	F28_('SW14', 'DU5')_t3_max: 501
	F45_('SW21', 'SW12')_t5_max: 2770
	F16_('SW21', 'SW31')_t3_max: 6940
	('SW13', 'MIMU1')_gcl_length: 0
	F8_('DU1', 'SW11')_t3_min: 14914
	('SW11', 'DU1')_gcl_length: 0
	F7_('SW11', 'DU3')_tb: 344
	F40_('SW31', 'SW41')_t5_max: 63787
	F29_('SW41', 'CM1CB')_tb: 7578
	F7_('SW22', 'SW11')_t5_max: 471
	F49_('SW21', 'SW13')_t5_max: 2454
	F11_('SBAND1', 'SW12')_tb: 1541
	F38_('SW22', 'SW12')_tb: 348
	F29_('CMRIU2', 'SW22')_t4_max: 7391
	F13_('SW21', 'SW31')_t5_max: 3406
	F21_('SW13', 'StarTr2')_t3_max: 14219
	F34_('SW31', 'SW41')_t5_max: 63529
	('SW31', 'SW7')_gcl_length: 2
	F45_('SW12', 'SBAND2')_t5_max: 7545
	F34_('SW51', 'SM1CA')_t5_max: 63900
	F5_('CM2CA', 'SW42')_t4_max: 124
	F31_('SW31', 'SW21')_t3_min: 30819
	F4_('SW32', 'RCM2')_t5_max: 29147
	F30_('SW13', 'MIMU2')_tb: 416
	F10_('SW32', 'SW22')_t5_max: 1466
	F1_('MIMU3', 'SW13')_t4_min: 90488
	F17_('SW12', 'SBAND2')_t4_max: 63919
	F13_('SW31', 'RCM1')_t4_max: 3537
	F19_('SW41', 'CM1CB')_tb: 123235
	F8_('SW11', 'SW22')_t5_min: 15116
	F39_('DU1', 'SW11')_tb: 14569
	F12_('MIMU1', 'SW13')_t5_min: 398
	F41_('DU2', 'SW11')_t5_min: 90
	F38_('CM2CA', 'SW42')_t4_max: 265
	F40_('SW31', 'SW41')_tb: 63577
	F21_('SW13', 'StarTr2')_tb: 13956
	F37_('SW11', 'DU1')_t5_min: 1684
	('SW14', 'SW22')_gcl_length: 2
	F34_('SW41', 'SW51')_t5_min: 63714
	F48_('FCM2', 'SW32')_tb: 28441
	F36_('CMRIU2', 'SW22')_t4_min: 3275
	F34_('SW13', 'SW21')_t5_min: 63405
	F28_('SW6', 'SW31')_t5_min: 182
	F12_('MIMU1', 'SW13')_tb: 310
	F21_('SBAND1', 'SW12')_t4_min: 13737
	F17_('SW32', 'SW22')_t5_min: 63572
	F41_('SW22', 'SW32')_t5_max: 282
	F47_('SM1CB', 'SW51')_t5_min: 462
	F3_('SW32', 'SW22')_t3_min: 1095
	F18_('SW52', 'SW8')_t5_max: 31074
	F19_('SW21', 'SW31')_t3_max: 123022
	F20_('SW6', 'SMRIU2')_t3_min: 3678
	F12_('SW21', 'SW14')_t3_min: 495
	F19_('SW13', 'SW21')_t5_max: 123015
	F48_('FCM2', 'SW32')_t4_max: 28441
	F11_('SW12', 'SW21')_t5_min: 1624
	F22_('SW21', 'SW13')_t3_min: 820
	F35_('SW12', 'SBAND2')_t3_max: 7551
	F0_('SW13', 'MIMU3')_t5_min: 7870
	F1_('SW21', 'CMRIU1')_t3_max: 90662
	F31_('SW8', 'SW31')_t3_max: 30872
	F13_('CMRIU1', 'SW21')_t5_min: 3252
	F35_('FCM1', 'SW31')_t4_min: 7362
	F37_('SMRIU1', 'SW6')_t5_max: 1190
	F1_('SW13', 'SW21')_t5_max: 90655
	F8_('SW32', 'RCM2')_t3_max: 15166
	F29_('SW31', 'SW41')_tb: 7535
	F7_('SW11', 'DU3')_t3_max: 478
	F17_('CM2CA', 'SW42')_t5_max: 63403
	F21_('SBAND1', 'SW12')_tb: 13737
	F3_('SW22', 'SW13')_t5_max: 1342
	F14_('DU2', 'SW11')_t4_max: 6091
	F2_('BFCU', 'SW22')_t3_min: 813
	F47_('SW8', 'SW32')_t5_max: 637
	F13_('SW31', 'RCM1')_t3_min: 3279
	F43_('SW42', 'CM2CA')_t3_min: 6892
	F35_('SW12', 'SBAND2')_t3_min: 7546
	F29_('SW22', 'SW7')_t5_min: 7480
	('SBAND2', 'SW12')_gcl_length: 2
	F29_('SW31', 'SW41')_t3_min: 7530
	F48_('SW13', 'MIMU1')_tb: 28546
	F49_('SW21', 'SW13')_t3_max: 2394
	F10_('SW32', 'SW22')_t3_min: 1157
	F38_('CM2CA', 'SW42')_t5_min: 289
	F31_('SW31', 'SW21')_t5_max: 31285
	F9_('CM1CA', 'SW41')_t4_max: 8412
	F37_('SW21', 'SW11')_tb: 1508
	F3_('FCM2', 'SW32')_t4_min: 1037
	F21_('SBAND1', 'SW12')_t4_max: 13737
	('SW51', 'SW8')_gcl_length: 2
	F20_('SW6', 'SMRIU2')_t4_max: 3936
	F43_('DU5', 'SW14')_t5_min: 6259
	F20_('SW31', 'SW6')_t5_max: 3805
	F22_('SW13', 'StarTr1')_t4_max: 1111
	F26_('SW21', 'SW31')_t5_max: 14772
	('SW11', 'SW21')_gcl_length: 18
	F33_('SW12', 'SW21')_tb: 1625
	F8_('SW32', 'RCM2')_t3_min: 15161
	F15_('FCM1', 'SW31')_t3_min: 63378
	F9_('CM1CA', 'SW41')_t5_max: 8512
	F5_('CM2CA', 'SW42')_t5_min: 169
	F36_('SW13', 'MIMU2')_tb: 3509
	F26_('MIMU3', 'SW13')_t5_max: 14492
	F15_('FCM1', 'SW31')_t5_max: 63466
	F19_('SW41', 'CM1CB')_t3_max: 123498
	F9_('SW31', 'SW7')_tb: 8873
	F38_('CM2CA', 'SW42')_t5_max: 289
	F6_('SW21', 'SW13')_t3_min: 30455
	F27_('StarTr1', 'SW13')_t3_min: 96934
	F34_('SW21', 'SW31')_t3_min: 63407
	F39_('DU1', 'SW11')_t5_min: 14664
	F35_('FCM1', 'SW31')_t4_max: 7362
	F10_('SMRIU1', 'SW6')_t3_min: 1051
	F23_('BFCU', 'SW22')_t5_min: 24812
	F18_('SW8', 'SW31')_t3_max: 31081
	F18_('SM2CA', 'SW52')_t4_max: 31007
	('BFCU', 'SW22')_gcl_length: 0
	F49_('DU5', 'SW14')_t4_max: 2260
	F42_('RCM1', 'SW31')_t4_min: 765
	F30_('SW13', 'MIMU2')_t3_min: 416
	F18_('SM2CA', 'SW52')_t5_min: 31037
	F3_('SW13', 'StarTr1')_t5_min: 1400
	F28_('SW21', 'SW14')_t5_min: 365
	F36_('SW22', 'SW13')_tb: 3392
	('SW13', 'StarTr1')_gcl_length: 0
	F17_('SW12', 'SBAND2')_t5_min: 63870
	F14_('DU2', 'SW11')_t5_min: 6185
	F43_('SW22', 'SW32')_t3_max: 6517
	F47_('SM1CB', 'SW51')_tb: 443
	F44_('SW6', 'SMRIU1')_t5_max: 7999
	F6_('SW12', 'SW21')_t5_max: 30582
	F40_('RCM1', 'SW31')_tb: 63494
	F38_('SW32', 'SW22')_tb: 322
	F35_('SW31', 'SW21')_t3_min: 7379
	F10_('SW22', 'BFCU')_tb: 1210
	F49_('SW13', 'MIMU2')_t3_min: 2456
	F20_('LCM1', 'SW31')_t4_max: 3548
	F26_('SW13', 'SW21')_t5_max: 14632
	F14_('SW22', 'SW32')_t5_min: 6511
	F44_('SW6', 'SMRIU1')_t5_min: 7741
	F22_('SW13', 'StarTr1')_t5_max: 1142
	F3_('SW13', 'StarTr1')_t3_min: 1344
	F7_('SW32', 'SW22')_t5_min: 321
	F8_('DU1', 'SW11')_t4_min: 14914
	F39_('DU1', 'SW11')_t4_min: 14569
	F39_('SW32', 'LCM2')_t3_min: 15119
	('SW41', 'SW31')_gcl_length: 2
	('SW32', 'LCM2')_gcl_length: 0
	F37_('SW6', 'SW31')_tb: 1197
	F37_('SW6', 'SW31')_t3_min: 1192
	F32_('SW22', 'BFCU')_t3_max: 992
	F21_('SW13', 'StarTr2')_t5_min: 14027
	F33_('SBAND2', 'SW12')_t5_max: 1623
	F31_('SW21', 'SW14')_t3_max: 31292
	F17_('SW32', 'SW22')_t5_max: 63701
	F33_('SW14', 'DU4')_t5_max: 2181
	F3_('SW32', 'SW22')_t5_min: 1156
	F26_('SW31', 'SW41')_t3_max: 14779
	F28_('SMRIU2', 'SW6')_t5_max: 88
	F22_('SW21', 'SW13')_t5_min: 851
	F40_('SW41', 'CM1CA')_t3_min: 63660
	F14_('SW22', 'SW32')_t3_min: 6283
	('SW21', 'SW12')_gcl_length: 2
	F2_('SW11', 'SW21')_tb: 939
	F25_('SW21', 'SW31')_t5_min: 14984
	F42_('SW11', 'DU1')_t5_max: 1242
	F33_('SW21', 'SW14')_t5_max: 1995
	F35_('SW12', 'SBAND2')_tb: 7546
	F17_('SW42', 'SW32')_tb: 63410
	F43_('SW14', 'SW22')_t5_max: 6510
	F31_('SM2CB', 'SW52')_t5_min: 30655
	F11_('SW21', 'SW31')_t5_min: 1792
	F15_('SW8', 'SW52')_t3_max: 63568
	('SW8', 'SW31')_gcl_length: 0
	F4_('MIMU1', 'SW13')_t4_min: 28978
	F27_('StarTr1', 'SW13')_tb: 96934
	F34_('StarTr1', 'SW13')_t5_min: 63220
	F17_('SW22', 'SW12')_t5_max: 63788
	F10_('SW22', 'BFCU')_t3_min: 1210
	F45_('SW13', 'SW21')_t5_min: 2569
	F33_('SW14', 'DU4')_t4_max: 2126
	F47_('SW32', 'SW22')_t3_min: 639
	F41_('SW22', 'SW32')_t3_min: 188
	F31_('SW14', 'DU5')_t5_max: 31705
	F39_('SW11', 'SW22')_t5_min: 14761
	F25_('SW13', 'SW21')_t3_min: 14956
	F37_('SW31', 'SW21')_t3_min: 1286
	F44_('LCM2', 'SW32')_tb: 7659
	F0_('MIMU2', 'SW13')_t3_min: 7716
	F49_('DU5', 'SW14')_t5_min: 2320
	F7_('SW22', 'SW11')_t3_min: 323
	F37_('SW21', 'SW11')_t5_min: 1595
	F32_('SW22', 'BFCU')_t4_max: 1116
	F1_('SW13', 'SW21')_t5_min: 90655
	F15_('SW8', 'SW52')_t5_max: 63780
	F45_('StarTr1', 'SW13')_t5_max: 2492
	F43_('SW32', 'SW42')_t5_max: 6890
	F38_('SW42', 'SW32')_t5_min: 320
	F26_('MIMU3', 'SW13')_t5_min: 14492
	F7_('CM2CA', 'SW42')_t5_min: 20
	F14_('SW32', 'LCM2')_t5_min: 6607
	F22_('SW13', 'StarTr1')_t3_min: 853
	F19_('SW21', 'SW31')_t5_min: 123124
	F37_('SW21', 'SW11')_t3_min: 1380
	F14_('SW11', 'SW22')_t3_min: 6187
	F21_('SW13', 'StarTr2')_t3_min: 13956
	F8_('DU1', 'SW11')_tb: 14914
	F43_('SW22', 'SW32')_t5_max: 6762
	F6_('SW13', 'MIMU3')_tb: 30521
	F41_('SW22', 'SW32')_t3_max: 193
	F9_('CM1CA', 'SW41')_t4_min: 8412
	F32_('SW13', 'SW22')_t3_min: 942
	F10_('SMRIU1', 'SW6')_t5_min: 1102
	F4_('SW22', 'SW32')_t3_min: 28999
	F1_('MIMU3', 'SW13')_t5_min: 90568
	F38_('SW32', 'SW22')_t3_min: 322
	F31_('SW52', 'SW8')_t5_max: 30865
	('SW41', 'CM1CB')_gcl_length: 0
	F16_('SW21', 'SW31')_tb: 6940
	F2_('SW11', 'SW21')_t5_min: 995
	F30_('SW21', 'SW13')_t3_max: 354
	F7_('SW32', 'SW22')_t3_min: 43
	F30_('SW21', 'SW13')_t3_min: 349
	F22_('SW21', 'SW13')_t5_max: 980
	F29_('SW7', 'SW31')_t5_min: 7528
	F37_('SW31', 'SW21')_t3_max: 1291
	F5_('SW42', 'SW32')_t5_max: 290
	F29_('CMRIU2', 'SW22')_t5_min: 7432
	F44_('SW32', 'SW6')_t5_min: 7713
	F33_('SBAND2', 'SW12')_t4_min: 1568
	F10_('SMRIU1', 'SW6')_t4_max: 1051
	('StarTr1', 'SW13')_gcl_length: 0
	F38_('SW22', 'SW12')_t5_min: 372
	F33_('SW12', 'SW21')_t3_min: 1625
	F49_('SW14', 'SW21')_tb: 2327
	F39_('SW22', 'SW32')_tb: 15022
	F26_('SW51', 'SM1CA')_t4_max: 15183
	F7_('SW22', 'SW11')_t5_min: 342
	F12_('SW21', 'SW14')_t3_max: 500
	F19_('SW31', 'SW41')_t3_min: 123126
	F33_('SBAND2', 'SW12')_t3_min: 1568
	F39_('SW32', 'LCM2')_t5_min: 15214
	F43_('SW14', 'SW22')_t3_min: 6261
	F21_('SW21', 'SW13')_t3_min: 13883
	F20_('SW6', 'SMRIU2')_t3_max: 3812
	F6_('SW13', 'MIMU3')_t5_min: 30585
	('SW21', 'SW14')_gcl_length: 0
	F27_('SW21', 'SW11')_tb: 97060
	F26_('SW31', 'SW41')_t3_min: 14516
	F42_('SW21', 'SW11')_t3_min: 878
	F40_('RCM1', 'SW31')_t4_max: 63494
	F14_('SW32', 'LCM2')_tb: 6513
	F34_('SW31', 'SW41')_tb: 63474
	F8_('SW11', 'SW22')_tb: 15080
	F21_('SBAND1', 'SW12')_t5_max: 13808
	('SW13', 'SW22')_gcl_length: 34
	F29_('SW41', 'CM1CB')_t5_min: 7619
	F13_('SW21', 'SW31')_t3_min: 3254
	F1_('SW13', 'SW21')_t3_min: 90570
	F47_('SM1CB', 'SW51')_t4_min: 443
	F38_('SW22', 'SW12')_t3_max: 482
	F44_('SW32', 'SW6')_t5_max: 7842
	('SW31', 'RCM1')_gcl_length: 0
	F37_('SW11', 'DU1')_t4_max: 1726
	F15_('SW31', 'SW8')_t5_max: 63561
	F2_('SW22', 'SW11')_t5_min: 932
	F13_('SW31', 'RCM1')_t5_max: 3560
	F43_('SW42', 'CM2CA')_t3_max: 6897
	F10_('SW22', 'BFCU')_t5_max: 1648
	F26_('MIMU3', 'SW13')_t3_min: 14483
	F23_('SW22', 'CMRIU2')_t3_min: 24814
	F10_('SW22', 'BFCU')_t4_max: 1597
	F8_('SW32', 'RCM2')_t4_max: 15290
	F1_('MIMU3', 'SW13')_t3_min: 90488
	('SW14', 'SW21')_gcl_length: 2
	F14_('SW32', 'LCM2')_t5_max: 6736
	F8_('SW22', 'SW32')_t3_max: 15123
	F32_('SW22', 'BFCU')_tb: 987
	F49_('SW13', 'MIMU2')_tb: 2456
	F44_('LCM2', 'SW32')_t3_min: 7659
	F24_('RCM1', 'SW31')_t4_max: 13356
	F39_('DU1', 'SW11')_t4_max: 14569
	F1_('SW21', 'CMRIU1')_t3_min: 90657
	F16_('SW11', 'SW21')_tb: 6907
	F34_('StarTr1', 'SW13')_t5_max: 63220
	F42_('SW11', 'DU1')_t4_max: 1190
	F41_('DU2', 'SW11')_t4_min: 1
	F0_('MIMU2', 'SW13')_t5_min: 7792
	F30_('SW13', 'MIMU2')_t4_max: 674
	F37_('SW11', 'DU1')_t5_max: 1813
	F47_('SW51', 'SW8')_t5_max: 488
	F5_('SW6', 'SMRIU2')_t3_min: 339
	F41_('SW11', 'SW22')_t5_min: 186
	F24_('RCM1', 'SW31')_t4_min: 13356
	F8_('SW11', 'SW22')_t3_min: 14952
	F30_('SW31', 'SW21')_tb: 282
	F14_('SW22', 'SW32')_t3_max: 6417
	F35_('SW12', 'SBAND2')_t5_max: 7690
	F17_('SW32', 'SW22')_tb: 63492
	F9_('CM1CA', 'SW41')_t3_min: 8412
	F26_('SW13', 'SW21')_t3_min: 14494
	F2_('BFCU', 'SW22')_tb: 813
	F49_('SW14', 'SW21')_t5_max: 2387
	F17_('SW32', 'SW22')_t3_min: 63492
	F19_('StarTr1', 'SW13')_t5_min: 122901
	F47_('SW51', 'SW8')_t5_min: 488
	F38_('CM2CA', 'SW42')_t4_min: 265
	F39_('DU1', 'SW11')_t5_max: 14664
	F26_('SW31', 'SW41')_tb: 14516
	F24_('SW14', 'DU5')_t4_max: 13812
	F38_('SW22', 'SW12')_t5_max: 630
	F7_('SW11', 'DU3')_t5_min: 363
	F2_('SW22', 'SW11')_tb: 876
	F45_('SW21', 'SW12')_t5_min: 2641
	('SW21', 'SW11')_gcl_length: 2
	F44_('SW6', 'SMRIU1')_tb: 7715
	F47_('SW32', 'SW22')_t3_max: 644
	F35_('SW12', 'SBAND2')_t4_max: 7675
	F35_('FCM1', 'SW31')_t3_min: 7362
	F24_('RCM1', 'SW31')_t5_min: 13377
	('CM2CA', 'SW42')_gcl_length: 0
	F27_('StarTr1', 'SW13')_t4_max: 96934
	F11_('SW31', 'FCM1')_t3_max: 1799
	F23_('SW22', 'CMRIU2')_t5_min: 24823
	F16_('SW6', 'SMRIU2')_tb: 7001
	F40_('SW31', 'SW41')_t5_min: 63658
	F15_('SW52', 'SM2CA')_t3_min: 63653
	F16_('DU1', 'SW11')_t4_min: 6874
	F16_('SW31', 'SW6')_t3_min: 6968
	F43_('SW42', 'CM2CA')_t5_max: 7142
	F6_('SBAND1', 'SW12')_tb: 30323
	F31_('SW8', 'SW31')_tb: 30738
	F20_('SW6', 'SMRIU2')_t5_max: 3999
	F9_('SW31', 'SW7')_t3_min: 8616
	F29_('SW31', 'SW41')_t5_min: 7576
	F48_('SW22', 'SW13')_t5_max: 28802
	('LCM2', 'SW32')_gcl_length: 0
	F32_('StarTr2', 'SW13')_t5_min: 940
	F41_('DU2', 'SW11')_tb: 1
	F4_('SW13', 'SW22')_tb: 28991
	F35_('SW21', 'SW12')_t5_max: 7544
	F49_('SW13', 'MIMU2')_t4_max: 2585
	F17_('SW12', 'SBAND2')_t3_max: 63795
	F15_('FCM1', 'SW31')_t5_min: 63466
	F21_('SW12', 'SW21')_t5_max: 14010
	F12_('SW13', 'SW21')_t5_max: 493
	('DU5', 'SW14')_gcl_length: 0
	F10_('SW6', 'SW32')_t5_min: 1155
	F31_('SM2CB', 'SW52')_tb: 30576
	F20_('SW6', 'SMRIU2')_t5_min: 3741
	F33_('SW21', 'SW14')_t5_min: 1737
	F23_('SW22', 'CMRIU2')_tb: 24814
	F16_('DU1', 'SW11')_t5_min: 6900
	F5_('CM2CA', 'SW42')_tb: 124
	F40_('SW31', 'SW41')_t3_min: 63577
	F23_('BFCU', 'SW22')_t4_max: 24803
	F21_('SW21', 'SW13')_t3_max: 14017
	F1_('SW21', 'CMRIU1')_t4_max: 90786
	F7_('CM2CA', 'SW42')_t4_min: 1
	('SW8', 'SW52')_gcl_length: 0
	F31_('SW21', 'SW14')_tb: 30900
	F10_('SW6', 'SW32')_tb: 1104
	F18_('SM2CA', 'SW52')_t4_min: 31007
	F17_('SW22', 'SW12')_t5_min: 63788
	F38_('SW32', 'SW22')_t5_max: 475
	F30_('SW31', 'SW21')_t3_min: 277
	F22_('SW31', 'SW21')_t5_max: 818
	('SW21', 'CMRIU1')_gcl_length: 0
	F34_('SW51', 'SM1CA')_t3_min: 63716
	F29_('CMRIU2', 'SW22')_t4_min: 7391
	F47_('SW22', 'CMRIU2')_tb: 665
	F42_('SW11', 'DU1')_t5_min: 984
	F8_('SW11', 'SW22')_t5_max: 15116
	F48_('SW22', 'SW13')_t5_min: 28544
	F11_('SW31', 'FCM1')_t5_max: 1961
	F33_('SW12', 'SW21')_t5_min: 1680
	F29_('SW22', 'SW7')_tb: 7439
	F15_('SW31', 'SW8')_tb: 63473
	F27_('SW21', 'SW11')_t5_min: 97121
	F20_('LCM1', 'SW31')_t4_min: 3548
	F8_('SW22', 'SW32')_t5_max: 15159
	F35_('FCM1', 'SW31')_t5_max: 7377
	F2_('SW21', 'CMRIU1')_t5_min: 1053
	F18_('SW41', 'CM1CB')_t3_max: 31403
	F6_('SW21', 'SW13')_t5_max: 30777
	('SW14', 'DU4')_gcl_length: 2
	F38_('SW42', 'SW32')_tb: 296
	F22_('SW13', 'StarTr1')_tb: 853
	F18_('SW8', 'SW31')_tb: 31076
	F39_('SW22', 'SW32')_t3_max: 14897
	F3_('SW13', 'StarTr1')_t5_max: 1529
	F26_('SW41', 'SW51')_t3_max: 14919
	F20_('SW31', 'SW6')_t5_min: 3676
	F30_('LCM1', 'SW31')_t5_max: 275
	F30_('LCM1', 'SW31')_t5_min: 275
