0. Flow F0 [CMRIU2-->StarTr2] with period 4000, payload 958B, e2e delay 4000us, jitter 400us
	('CMRIU2', 'SW22'), Operation(3630, None, 3707)(3630, 3630)
	('SW22', 'SW13'), Operation(3709, 3714, 3791)(3714, 3714)
	('SW13', 'StarTr2'), Operation(3793, None, 3999)(3793, 3922)
1. Flow F1 [SMRIU2-->DU4] with period 128000, payload 1100B, e2e delay 128000us, jitter 12800us
	('SMRIU2', 'SW6'), Operation(106581, None, 106669)(106581, 106581)
	('SW6', 'SW31'), Operation(106671, None, 106888)(106671, 106800)
	('SW31', 'SW21'), Operation(106761, 107018, 107106)(107018, 107018)
	('SW21', 'SW14'), Operation(107108, None, 107325)(107108, 107237)
	('SW14', 'DU4'), Operation(107198, None, 107544)(107198, 107456)
2. Flow F2 [CMRIU1-->MIMU2] with period 64000, payload 529B, e2e delay 64000us, jitter 6400us
	('CMRIU1', 'SW21'), Operation(6437, None, 6480)(6437, 6437)
	('SW21', 'SW13'), Operation(6482, None, 6654)(6482, 6611)
	('SW13', 'MIMU2'), Operation(6527, None, 6828)(6527, 6785)
3. Flow F3 [DU1-->SBAND2] with period 16000, payload 1070B, e2e delay 16000us, jitter 1600us
	('DU1', 'SW11'), Operation(149, None, 235)(149, 149)
	('SW11', 'SW21'), Operation(237, None, 452)(237, 366)
	('SW21', 'SW12'), Operation(325, None, 669)(325, 583)
	('SW12', 'SBAND2'), Operation(413, None, 886)(413, 800)
4. Flow F4 [BFCU-->RCM1] with period 32000, payload 1455B, e2e delay 32000us, jitter 3200us
	('BFCU', 'SW22'), Operation(25799, None, 25916)(25799, 25799)
	('SW22', 'SW7'), Operation(25918, None, 26164)(25918, 26047)
	('SW7', 'SW31'), Operation(26037, None, 26412)(26037, 26295)
	('SW31', 'RCM1'), Operation(26156, None, 26660)(26156, 26543)
5. Flow F5 [MIMU1-->DU5] with period 128000, payload 1166B, e2e delay 128000us, jitter 12800us
	('MIMU1', 'SW13'), Operation(118363, None, 118457)(118363, 118363)
	('SW13', 'SW21'), Operation(118459, None, 118682)(118459, 118588)
	('SW21', 'SW14'), Operation(118555, None, 118907)(118555, 118813)
	('SW14', 'DU5'), Operation(118651, None, 119132)(118651, 119038)
6. Flow F6 [SM1CA-->CM2CA] with period 32000, payload 818B, e2e delay 32000us, jitter 3200us
	('SM1CA', 'SW51'), Operation(23613, None, 23679)(23613, 23613)
	('SW51', 'SW8'), Operation(23681, 23686, 23752)(23686, 23686)
	('SW8', 'SW32'), Operation(23754, 23759, 23825)(23759, 23759)
	('SW32', 'SW42'), Operation(23827, 23832, 23898)(23832, 23832)
	('SW42', 'CM2CA'), Operation(23900, None, 24095)(23900, 24029)
7. Flow F7 [StarTr2-->CMRIU1] with period 64000, payload 790B, e2e delay 64000us, jitter 6400us
	('StarTr2', 'SW13'), Operation(22393, None, 22457)(22393, 22393)
	('SW13', 'SW21'), Operation(22459, 22464, 22528)(22464, 22464)
	('SW21', 'CMRIU1'), Operation(22530, None, 22723)(22530, 22659)
8. Flow F8 [StarTr1-->DU3] with period 2000, payload 74B, e2e delay 2000us, jitter 200us
	('StarTr1', 'SW13'), Operation(315, None, 321)(315, 315)
	('SW13', 'SW21'), Operation(323, None, 458)(323, 452)
	('SW21', 'SW11'), Operation(331, 465, 471)(465, 465)
	('SW11', 'DU3'), Operation(473, None, 608)(473, 602)
9. Flow F9 [MIMU1-->DU5] with period 128000, payload 523B, e2e delay 128000us, jitter 12800us
	('MIMU1', 'SW13'), Operation(24107, None, 24149)(24107, 24107)
	('SW13', 'SW21'), Operation(24151, None, 24322)(24151, 24280)
	('SW21', 'SW14'), Operation(24195, None, 24495)(24195, 24453)
	('SW14', 'DU5'), Operation(24239, None, 24668)(24239, 24626)
10. Flow F10 [SBAND1-->CM1CB] with period 32000, payload 225B, e2e delay 32000us, jitter 3200us
	('SBAND1', 'SW12'), Operation(29674, None, 29692)(29674, 29674)
	('SW12', 'SW21'), Operation(29694, None, 29841)(29694, 29823)
	('SW21', 'SW31'), Operation(29714, None, 29990)(29714, 29972)
	('SW31', 'SW41'), Operation(29734, None, 30139)(29734, 30121)
	('SW41', 'CM1CB'), Operation(29754, None, 30288)(29754, 30270)
11. Flow F11 [DU2-->SM1CA] with period 128000, payload 1079B, e2e delay 128000us, jitter 12800us
	('DU2', 'SW11'), Operation(102753, None, 102840)(102753, 102753)
	('SW11', 'SW21'), Operation(102842, None, 103058)(102842, 102971)
	('SW21', 'SW31'), Operation(102931, 103065, 103152)(103065, 103065)
	('SW31', 'SW41'), Operation(103154, None, 103370)(103154, 103283)
	('SW41', 'SW51'), Operation(103243, None, 103588)(103243, 103501)
	('SW51', 'SM1CA'), Operation(103332, None, 103806)(103332, 103719)
12. Flow F12 [SM1CB-->DU4] with period 16000, payload 1268B, e2e delay 16000us, jitter 1600us
	('SM1CB', 'SW51'), Operation(7160, None, 7262)(7160, 7160)
	('SW51', 'SW41'), Operation(7264, None, 7495)(7264, 7393)
	('SW41', 'SW31'), Operation(7368, None, 7728)(7368, 7626)
	('SW31', 'SW21'), Operation(7472, None, 7961)(7472, 7859)
	('SW21', 'SW14'), Operation(7576, None, 8194)(7576, 8092)
	('SW14', 'DU4'), Operation(7680, None, 8427)(7680, 8325)
13. Flow F13 [FCM1-->CM1CA] with period 16000, payload 612B, e2e delay 16000us, jitter 1600us
	('FCM1', 'SW31'), Operation(14945, None, 14994)(14945, 14945)
	('SW31', 'SW41'), Operation(14996, None, 15174)(14996, 15125)
	('SW41', 'CM1CA'), Operation(15047, None, 15354)(15047, 15305)
14. Flow F14 [MIMU3-->FCM2] with period 16000, payload 1031B, e2e delay 16000us, jitter 1600us
	('MIMU3', 'SW13'), Operation(15169, None, 15252)(15169, 15169)
	('SW13', 'SW22'), Operation(15254, None, 15466)(15254, 15383)
	('SW22', 'SW32'), Operation(15339, None, 15680)(15339, 15597)
	('SW32', 'FCM2'), Operation(15424, None, 15894)(15424, 15811)
15. Flow F15 [LCM1-->StarTr1] with period 128000, payload 1488B, e2e delay 128000us, jitter 12800us
	('LCM1', 'SW31'), Operation(108238, None, 108358)(108238, 108238)
	('SW31', 'SW21'), Operation(108360, None, 108609)(108360, 108489)
	('SW21', 'SW13'), Operation(108482, 108616, 108736)(108616, 108616)
	('SW13', 'StarTr1'), Operation(108738, None, 108987)(108738, 108867)
16. Flow F16 [CM2CB-->RCM1] with period 128000, payload 1385B, e2e delay 128000us, jitter 12800us
	('CM2CB', 'SW42'), Operation(57324, None, 57435)(57324, 57324)
	('SW42', 'SW32'), Operation(57437, 57442, 57553)(57442, 57442)
	('SW32', 'SW7'), Operation(57555, 57560, 57671)(57560, 57560)
	('SW7', 'SW31'), Operation(57673, None, 57913)(57673, 57802)
	('SW31', 'RCM1'), Operation(57786, None, 58155)(57786, 58044)
17. Flow F17 [FCM2-->SBAND1] with period 32000, payload 1348B, e2e delay 32000us, jitter 3200us
	('FCM2', 'SW32'), Operation(29967, None, 30075)(29967, 29967)
	('SW32', 'SW22'), Operation(30077, 30082, 30190)(30082, 30082)
	('SW22', 'SW12'), Operation(30192, None, 30429)(30192, 30321)
	('SW12', 'SBAND1'), Operation(30302, None, 30668)(30302, 30560)
18. Flow F18 [BFCU-->CMRIU1] with period 4000, payload 349B, e2e delay 4000us, jitter 400us
	('BFCU', 'SW22'), Operation(1770, None, 1798)(1770, 1770)
	('SW22', 'SW11'), Operation(1800, None, 1957)(1800, 1929)
	('SW11', 'SW21'), Operation(1830, None, 2116)(1830, 2088)
	('SW21', 'CMRIU1'), Operation(1860, None, 2275)(1860, 2247)
19. Flow F19 [CM1CA-->DU3] with period 8000, payload 660B, e2e delay 8000us, jitter 800us
	('CM1CA', 'SW41'), Operation(6389, None, 6442)(6389, 6389)
	('SW41', 'SW31'), Operation(6444, None, 6626)(6444, 6573)
	('SW31', 'SW21'), Operation(6499, None, 6810)(6499, 6757)
	('SW21', 'SW11'), Operation(6554, None, 6994)(6554, 6941)
	('SW11', 'DU3'), Operation(6609, None, 7178)(6609, 7125)
20. Flow F20 [StarTr2-->StarTr1] with period 32000, payload 878B, e2e delay 32000us, jitter 3200us
	('StarTr2', 'SW13'), Operation(31436, None, 31507)(31436, 31436)
	('SW13', 'StarTr1'), Operation(31509, None, 31709)(31509, 31638)
21. Flow F21 [RCM2-->CM1CA] with period 2000, payload 1477B, e2e delay 2000us, jitter 200us
	('RCM2', 'SW32'), Operation(175, None, 294)(175, 175)
	('SW32', 'SW6'), Operation(296, 301, 420)(301, 301)
	('SW6', 'SW31'), Operation(422, None, 670)(422, 551)
	('SW31', 'SW41'), Operation(543, None, 920)(543, 801)
	('SW41', 'CM1CA'), Operation(664, 927, 1046)(927, 927)
22. Flow F22 [CM1CB-->SM2CB] with period 8000, payload 1089B, e2e delay 8000us, jitter 800us
	('CM1CB', 'SW41'), Operation(7061, None, 7149)(7061, 7061)
	('SW41', 'SW31'), Operation(7151, 7279, 7367)(7279, 7279)
	('SW31', 'SW8'), Operation(7369, 7497, 7585)(7497, 7497)
	('SW8', 'SW52'), Operation(7587, 7692, 7780)(7692, 7692)
	('SW52', 'SM2CB'), Operation(7782, None, 7999)(7782, 7911)
23. Flow F23 [SBAND2-->BFCU] with period 16000, payload 898B, e2e delay 16000us, jitter 1600us
	('SBAND2', 'SW12'), Operation(15522, None, 15594)(15522, 15522)
	('SW12', 'SW22'), Operation(15596, 15724, 15796)(15724, 15724)
	('SW22', 'BFCU'), Operation(15798, None, 15999)(15798, 15927)
24. Flow F24 [MIMU2-->SMRIU1] with period 8000, payload 1217B, e2e delay 8000us, jitter 800us
	('MIMU2', 'SW13'), Operation(6583, None, 6681)(6583, 6583)
	('SW13', 'SW21'), Operation(6683, 6688, 6786)(6688, 6688)
	('SW21', 'SW31'), Operation(6788, 6832, 6930)(6832, 6832)
	('SW31', 'SW6'), Operation(6932, None, 7159)(6932, 7061)
	('SW6', 'SMRIU1'), Operation(7032, None, 7388)(7032, 7290)
25. Flow F25 [BFCU-->RCM2] with period 4000, payload 1137B, e2e delay 4000us, jitter 400us
	('BFCU', 'SW22'), Operation(3588, None, 3679)(3588, 3588)
	('SW22', 'SW32'), Operation(3681, 3686, 3777)(3686, 3686)
	('SW32', 'RCM2'), Operation(3779, None, 3999)(3779, 3908)
26. Flow F26 [CMRIU2-->DU3] with period 16000, payload 963B, e2e delay 16000us, jitter 1600us
	('CMRIU2', 'SW22'), Operation(15503, None, 15581)(15503, 15503)
	('SW22', 'SW11'), Operation(15583, None, 15790)(15583, 15712)
	('SW11', 'DU3'), Operation(15663, None, 15999)(15663, 15921)
27. Flow F27 [CMRIU1-->StarTr2] with period 4000, payload 1323B, e2e delay 4000us, jitter 400us
	('CMRIU1', 'SW21'), Operation(1, None, 107)(1, 1)
	('SW21', 'SW13'), Operation(109, 114, 220)(114, 114)
	('SW13', 'StarTr2'), Operation(222, 227, 333)(227, 227)
28. Flow F28 [DU1-->LCM2] with period 8000, payload 860B, e2e delay 8000us, jitter 800us
	('DU1', 'SW11'), Operation(7117, None, 7186)(7117, 7117)
	('SW11', 'SW22'), Operation(7188, 7193, 7262)(7193, 7193)
	('SW22', 'SW32'), Operation(7264, 7269, 7338)(7269, 7269)
	('SW32', 'LCM2'), Operation(7340, None, 7538)(7340, 7469)
29. Flow F29 [SBAND2-->DU5] with period 128000, payload 248B, e2e delay 128000us, jitter 12800us
	('SBAND2', 'SW12'), Operation(93522, None, 93542)(93522, 93522)
	('SW12', 'SW21'), Operation(93544, None, 93693)(93544, 93673)
	('SW21', 'SW14'), Operation(93566, None, 93844)(93566, 93824)
	('SW14', 'DU5'), Operation(93588, None, 93995)(93588, 93975)
30. Flow F30 [BFCU-->StarTr1] with period 16000, payload 915B, e2e delay 16000us, jitter 1600us
	('BFCU', 'SW22'), Operation(15513, None, 15587)(15513, 15513)
	('SW22', 'SW13'), Operation(15589, 15634, 15708)(15634, 15634)
	('SW13', 'StarTr1'), Operation(15710, None, 15913)(15710, 15839)
31. Flow F31 [SMRIU1-->SM2CA] with period 4000, payload 1271B, e2e delay 4000us, jitter 400us
	('SMRIU1', 'SW6'), Operation(2785, None, 2887)(2785, 2785)
	('SW6', 'SW31'), Operation(2889, None, 3120)(2889, 3018)
	('SW31', 'SW8'), Operation(2993, None, 3353)(2993, 3251)
	('SW8', 'SW52'), Operation(3097, None, 3586)(3097, 3484)
	('SW52', 'SM2CA'), Operation(3201, 3593, 3695)(3593, 3593)
32. Flow F32 [LCM2-->BFCU] with period 2000, payload 413B, e2e delay 2000us, jitter 200us
	('LCM2', 'SW32'), Operation(1, None, 35)(1, 1)
	('SW32', 'SW22'), Operation(37, 42, 76)(42, 42)
	('SW22', 'BFCU'), Operation(78, None, 241)(78, 207)
33. Flow F33 [DU5-->CM2CB] with period 32000, payload 177B, e2e delay 32000us, jitter 3200us
	('DU5', 'SW14'), Operation(23373, None, 23388)(23373, 23373)
	('SW14', 'SW22'), Operation(23390, None, 23534)(23390, 23519)
	('SW22', 'SW32'), Operation(23407, None, 23680)(23407, 23665)
	('SW32', 'SW42'), Operation(23424, None, 23826)(23424, 23811)
	('SW42', 'CM2CB'), Operation(23441, None, 23972)(23441, 23957)
34. Flow F34 [LCM1-->SM1CA] with period 2000, payload 1042B, e2e delay 2000us, jitter 200us
	('LCM1', 'SW31'), Operation(54, None, 138)(54, 54)
	('SW31', 'SW41'), Operation(140, 145, 229)(145, 145)
	('SW41', 'SW51'), Operation(231, None, 444)(231, 360)
	('SW51', 'SM1CA'), Operation(317, 451, 535)(451, 451)
35. Flow F35 [RCM2-->DU3] with period 64000, payload 1188B, e2e delay 64000us, jitter 6400us
	('RCM2', 'SW32'), Operation(62885, None, 62981)(62885, 62885)
	('SW32', 'SW22'), Operation(62983, None, 63208)(62983, 63112)
	('SW22', 'SW11'), Operation(63081, None, 63435)(63081, 63339)
	('SW11', 'DU3'), Operation(63179, None, 63662)(63179, 63566)
36. Flow F36 [RCM2-->BFCU] with period 128000, payload 251B, e2e delay 128000us, jitter 12800us
	('RCM2', 'SW32'), Operation(127472, None, 127493)(127472, 127472)
	('SW32', 'SW22'), Operation(127495, None, 127645)(127495, 127624)
	('SW22', 'BFCU'), Operation(127518, None, 127797)(127518, 127776)
37. Flow F37 [CM1CA-->SM1CB] with period 4000, payload 931B, e2e delay 4000us, jitter 400us
	('CM1CA', 'SW41'), Operation(3512, None, 3587)(3512, 3512)
	('SW41', 'SW51'), Operation(3589, None, 3793)(3589, 3718)
	('SW51', 'SM1CB'), Operation(3666, None, 3999)(3666, 3924)
38. Flow F38 [SM1CA-->RCM1] with period 64000, payload 1505B, e2e delay 64000us, jitter 6400us
	('SM1CA', 'SW51'), Operation(63123, None, 63244)(63123, 63123)
	('SW51', 'SW41'), Operation(63246, 63374, 63495)(63374, 63374)
	('SW41', 'SW31'), Operation(63497, None, 63747)(63497, 63626)
	('SW31', 'RCM1'), Operation(63620, None, 63999)(63620, 63878)
39. Flow F39 [DU3-->CMRIU1] with period 16000, payload 444B, e2e delay 16000us, jitter 1600us
	('DU3', 'SW11'), Operation(12199, None, 12235)(12199, 12199)
	('SW11', 'SW21'), Operation(12237, None, 12402)(12237, 12366)
	('SW21', 'CMRIU1'), Operation(12275, None, 12569)(12275, 12533)
40. Flow F40 [DU3-->CM2CB] with period 32000, payload 1423B, e2e delay 32000us, jitter 3200us
	('DU3', 'SW11'), Operation(21886, None, 22000)(21886, 21886)
	('SW11', 'SW22'), Operation(22002, 22130, 22244)(22130, 22130)
	('SW22', 'SW32'), Operation(22246, None, 22489)(22246, 22375)
	('SW32', 'SW42'), Operation(22362, None, 22734)(22362, 22620)
	('SW42', 'CM2CB'), Operation(22478, None, 22979)(22478, 22865)
41. Flow F41 [SBAND1-->DU2] with period 64000, payload 302B, e2e delay 64000us, jitter 6400us
	('SBAND1', 'SW12'), Operation(5993, None, 6018)(5993, 5993)
	('SW12', 'SW21'), Operation(6020, None, 6174)(6020, 6149)
	('SW21', 'SW11'), Operation(6047, None, 6330)(6047, 6305)
	('SW11', 'DU2'), Operation(6074, None, 6486)(6074, 6461)
42. Flow F42 [DU1-->SMRIU2] with period 64000, payload 235B, e2e delay 64000us, jitter 6400us
	('DU1', 'SW11'), Operation(63097, None, 63116)(63097, 63097)
	('SW11', 'SW21'), Operation(63118, 63246, 63265)(63246, 63246)
	('SW21', 'SW31'), Operation(63267, 63395, 63414)(63395, 63395)
	('SW31', 'SW6'), Operation(63416, 63421, 63440)(63421, 63421)
	('SW6', 'SMRIU2'), Operation(63442, None, 63590)(63442, 63571)
43. Flow F43 [RCM2-->SM1CA] with period 128000, payload 624B, e2e delay 128000us, jitter 12800us
	('RCM2', 'SW32'), Operation(62124, None, 62174)(62124, 62124)
	('SW32', 'SW8'), Operation(62176, 62304, 62354)(62304, 62304)
	('SW8', 'SW51'), Operation(62356, 62484, 62534)(62484, 62484)
	('SW51', 'SM1CA'), Operation(62536, None, 62715)(62536, 62665)
44. Flow F44 [LCM2-->BFCU] with period 128000, payload 1025B, e2e delay 128000us, jitter 12800us
	('LCM2', 'SW32'), Operation(102913, None, 102995)(102913, 102913)
	('SW32', 'SW22'), Operation(102997, None, 103208)(102997, 103126)
	('SW22', 'BFCU'), Operation(103081, None, 103421)(103081, 103339)
45. Flow F45 [StarTr1-->DU2] with period 128000, payload 554B, e2e delay 128000us, jitter 12800us
	('StarTr1', 'SW13'), Operation(60412, None, 60457)(60412, 60412)
	('SW13', 'SW21'), Operation(60459, 60464, 60509)(60464, 60464)
	('SW21', 'SW11'), Operation(60511, None, 60685)(60511, 60640)
	('SW11', 'DU2'), Operation(60558, None, 60861)(60558, 60816)
46. Flow F46 [MIMU1-->DU1] with period 16000, payload 582B, e2e delay 16000us, jitter 1600us
	('MIMU1', 'SW13'), Operation(9927, None, 9974)(9927, 9927)
	('SW13', 'SW21'), Operation(9976, None, 10152)(9976, 10105)
	('SW21', 'SW11'), Operation(10025, None, 10330)(10025, 10283)
	('SW11', 'DU1'), Operation(10074, None, 10508)(10074, 10461)
47. Flow F47 [DU3-->StarTr1] with period 2000, payload 1418B, e2e delay 2000us, jitter 200us
	('DU3', 'SW11'), Operation(1, None, 115)(1, 1)
	('SW11', 'SW21'), Operation(117, 122, 236)(122, 122)
	('SW21', 'SW13'), Operation(238, None, 481)(238, 367)
	('SW13', 'StarTr1'), Operation(354, 488, 602)(488, 488)
48. Flow F48 [FCM2-->MIMU2] with period 4000, payload 1152B, e2e delay 4000us, jitter 400us
	('FCM2', 'SW32'), Operation(3114, None, 3207)(3114, 3114)
	('SW32', 'SW22'), Operation(3209, 3271, 3364)(3271, 3271)
	('SW22', 'SW13'), Operation(3366, None, 3588)(3366, 3495)
	('SW13', 'MIMU2'), Operation(3461, None, 3812)(3461, 3719)
49. Flow F49 [SM1CA-->StarTr1] with period 16000, payload 141B, e2e delay 16000us, jitter 1600us
	('SM1CA', 'SW51'), Operation(14042, None, 14054)(14042, 14042)
	('SW51', 'SW41'), Operation(14056, 14184, 14196)(14184, 14184)
	('SW41', 'SW31'), Operation(14198, 14326, 14338)(14326, 14326)
	('SW31', 'SW21'), Operation(14340, 14468, 14480)(14468, 14468)
	('SW21', 'SW13'), Operation(14482, 14610, 14622)(14610, 14610)
	('SW13', 'StarTr1'), Operation(14624, None, 14765)(14624, 14753)

SMT variables: 
	F10_('SW31', 'SW41')_t4_min: 29734
	F5_('SW13', 'SW21')_t5_min: 118553
	F7_('SW21', 'CMRIU1')_t4_min: 22530
	F32_jitter: 129
	F13_('SW31', 'SW41')_t4_max: 15125
	F18_('SW22', 'SW11')_t4_max: 1929
	F11_('SW51', 'SM1CA')_rr: 0
	F28_('SW22', 'SW32')_t4_max: 7269
	F7_queue_index: 0
	F31_('SW6', 'SW31')_t3_min: 2889
	F29_('SW14', 'DU5')_rr: 0
	('SW21', 'SW13')_gcl_cycle: 128000
	('RCM2', 'SW32')_gcl_cycle: 1
	F25_('SW32', 'RCM2')_t4_min: 3779
	F6_('SW51', 'SW8')_t4_min: 23686
	('SW51', 'SM1CB')_gcl_cycle: 1
	F11_('SW41', 'SW51')_t4_max: 103501
	F19_('SW21', 'SW11')_t4_max: 6941
	F33_('SW14', 'SW22')_gc: False
	F43_('SW51', 'SM1CA')_gc: False
	F41_('SW12', 'SW21')_t4_min: 6020
	F49_('SW13', 'StarTr1')_rr: 0
	F41_('SW12', 'SW21')_t3_max: 6025
	F31_('SW8', 'SW52')_gc: False
	F22_queue_index: 0
	F23_('SW12', 'SW22')_t4_min: 15724
	F47_('SW21', 'SW13')_t4_max: 367
	F19_('SW21', 'SW11')_rr: 0
	F3_('SW12', 'SBAND2')_gc: False
	F22_('SW31', 'SW8')_gc: True
	('MIMU2', 'SW13')_gcl_cycle: 1
	F25_('SW32', 'RCM2')_rr: 0
	F14_('SW13', 'SW22')_t4_max: 15383
	F32_('LCM2', 'SW32')_t3_max: -123
	F31_('SW6', 'SW31')_t4_min: 2889
	F47_('DU3', 'SW11')_rr: 0
	F16_('SW42', 'SW32')_t5_min: 57553
	F4_('SW22', 'SW7')_rr: 0
	F44_('LCM2', 'SW32')_t3_max: 102789
	F49_('SW13', 'StarTr1')_gc: False
	('SW32', 'SW7')_gcl_cycle: 128000
	F5_('SW21', 'SW14')_rr: 0
	F34_('SW51', 'SM1CA')_t4_min: 451
	F31_('SW52', 'SM2CA')_t4_max: 3593
	F19_('SW41', 'SW31')_rr: 0
	F11_('DU2', 'SW11')_gc: False
	F11_('SW31', 'SW41')_gc: False
	F41_('SBAND1', 'SW12')_gc: False
	F1_('SW31', 'SW21')_t4_max: 107018
	F47_('SW21', 'SW13')_t3_max: 243
	F31_('SW31', 'SW8')_t4_min: 2993
	('SW8', 'SW51')_gcl_cycle: 128000
	F33_('SW14', 'SW22')_t3_max: 23395
	F15_('SW31', 'SW21')_t3_min: 108360
	F12_('SW14', 'DU4')_rr: 0
	F10_('SBAND1', 'SW12')_gc: False
	F13_jitter: 258
	F1_jitter: 258
	F2_('SW21', 'SW13')_t3_max: 6487
	('SW32', 'LCM2')_gcl_cycle: 1
	F5_('SW13', 'SW21')_t3_max: 118464
	F6_('SW51', 'SW8')_gc: True
	F15_jitter: 129
	F21_('SW6', 'SW31')_t4_min: 422
	F7_('StarTr2', 'SW13')_rr: 0
	F35_('RCM2', 'SW32')_gc: False
	F35_('SW22', 'SW11')_t5_min: 63177
	F17_('SW32', 'SW22')_t4_max: 30082
	F23_('SBAND2', 'SW12')_t3_min: 15522
	F18_('SW21', 'CMRIU1')_rr: 0
	F38_('SW51', 'SW41')_rr: 1
	F46_('SW21', 'SW11')_rr: 0
	F6_queue_index: 0
	F46_('SW13', 'SW21')_t3_max: 9981
	F4_('SW31', 'RCM1')_tb: 26156
	F48_jitter: 258
	F46_('SW11', 'DU1')_gc: False
	F46_('SW11', 'DU1')_t4_min: 10074
	F45_('StarTr1', 'SW13')_t3_max: 60288
	F7_('StarTr2', 'SW13')_t3_max: 22269
	('CM2CB', 'SW42')_gcl_length: 0
	F9_('SW14', 'DU5')_rr: 0
	F36_('RCM2', 'SW32')_rr: 0
	F24_('SW13', 'SW21')_gc: True
	F44_('SW22', 'BFCU')_rr: 0
	F31_('SW6', 'SW31')_gc: False
	F46_('MIMU1', 'SW13')_t3_max: 9803
	F15_('SW13', 'StarTr1')_t4_min: 108738
	F0_('CMRIU2', 'SW22')_tb: 3630
	F26_('SW11', 'DU3')_gc: False
	F40_('SW11', 'SW22')_gc: True
	F23_('SW22', 'BFCU')_tb: 15798
	F20_('StarTr2', 'SW13')_rr: 0
	F35_('SW11', 'DU3')_rr: 0
	F7_('SW13', 'SW21')_gc: True
	F11_('SW41', 'SW51')_t4_min: 103243
	('SW6', 'SW31')_gcl_cycle: 1
	F39_('SW21', 'CMRIU1')_t4_min: 12275
	F0_('SW22', 'SW13')_rr: 4
	F36_('RCM2', 'SW32')_t3_max: 127348
	F21_('SW41', 'CM1CA')_rr: 1
	F45_('SW21', 'SW11')_gc: False
	F24_('SW31', 'SW6')_t3_min: 6932
	F45_('SW13', 'SW21')_tb: 60464
	F46_('MIMU1', 'SW13')_rr: 0
	F5_('SW21', 'SW14')_gc: False
	F40_('SW11', 'SW22')_t4_min: 22130
	F31_('SW52', 'SM2CA')_t4_min: 3593
	F40_('SW11', 'SW22')_rr: 1
	F40_('SW22', 'SW32')_gc: False
	F3_('SW11', 'SW21')_t4_max: 366
	F48_('SW32', 'SW22')_gc: True
	F10_('SW31', 'SW41')_t4_max: 30121
	F36_('SW22', 'BFCU')_gc: False
	F41_('SW21', 'SW11')_t4_min: 6047
	F35_('SW11', 'DU3')_t4_min: 63179
	F4_('BFCU', 'SW22')_t3_max: 25675
	F28_jitter: 129
	F6_('SM1CA', 'SW51')_rr: 0
	F48_('FCM2', 'SW32')_t3_max: 2990
	F10_('SW41', 'CM1CB')_t3_min: 29754
	F15_('SW13', 'StarTr1')_rr: 0
	F45_('SW13', 'SW21')_t5_max: 60509
	('SW31', 'SW8')_gcl_cycle: 8000
	F29_('SW12', 'SW21')_rr: 0
	F49_('SW41', 'SW31')_t4_min: 14326
	F16_('SW32', 'SW7')_gc: True
	F22_('CM1CB', 'SW41')_gc: False
	F4_('SW31', 'RCM1')_t4_min: 26156
	F6_('SW8', 'SW32')_rr: 1
	F43_('SW8', 'SW51')_t5_max: 62534
	F33_('SW32', 'SW42')_t4_min: 23424
	F6_('SW42', 'CM2CA')_gc: False
	F43_('RCM2', 'SW32')_t3_max: 62000
	F12_('SM1CB', 'SW51')_rr: 0
	F40_('SW42', 'CM2CB')_t5_min: 22592
	F11_('SW21', 'SW31')_tb: 103065
	F37_('SW51', 'SM1CB')_rr: 0
	F38_('SW31', 'RCM1')_t4_min: 63620
	F24_('SW21', 'SW31')_t3_min: 6788
	F20_('StarTr2', 'SW13')_gc: False
	F13_('SW41', 'CM1CA')_t4_min: 15047
	F8_('SW13', 'SW21')_rr: 0
	F16_('SW7', 'SW31')_t4_min: 57673
	F49_('SW51', 'SW41')_t4_min: 14184
	F24_('SW6', 'SMRIU1')_t4_min: 7032
	F31_('SMRIU1', 'SW6')_gc: False
	F9_('SW14', 'DU5')_t4_min: 24239
	F32_('SW32', 'SW22')_t4_min: 42
	F36_('SW22', 'BFCU')_t4_min: 127518
	F40_('SW32', 'SW42')_t4_max: 22620
	F13_('FCM1', 'SW31')_t5_max: 14994
	F22_('SW52', 'SM2CB')_t3_max: 7787
	F45_('StarTr1', 'SW13')_rr: 0
	F0_('SW13', 'StarTr2')_gc: False
	F13_('FCM1', 'SW31')_gc: False
	('SW11', 'SW21')_gcl_cycle: 64000
	F24_('SW6', 'SMRIU1')_gc: False
	F1_('SW21', 'SW14')_rr: 0
	F6_('SW42', 'CM2CA')_rr: 0
	F18_('BFCU', 'SW22')_t3_max: 1646
	F2_('CMRIU1', 'SW21')_rr: 0
	F24_('SW13', 'SW21')_rr: 16
	F43_('RCM2', 'SW32')_t3_min: 62124
	F33_('DU5', 'SW14')_rr: 0
	F17_('SW12', 'SBAND1')_t4_min: 30302
	F15_('SW31', 'SW21')_t4_max: 108489
	F21_('SW32', 'SW6')_t4_min: 301
	F19_('SW31', 'SW21')_t5_max: 6810
	F10_('SBAND1', 'SW12')_rr: 0
	F49_('SW31', 'SW21')_t3_max: 14345
	F0_('SW13', 'StarTr2')_rr: 0
	F39_('SW11', 'SW21')_gc: False
	F34_('LCM1', 'SW31')_rr: 0
	('SW14', 'DU4')_gcl_cycle: 1
	F49_queue_index: 0
	F6_('SW51', 'SW8')_t4_max: 23686
	F39_('DU3', 'SW11')_gc: False
	F14_('SW32', 'FCM2')_rr: 0
	F46_('SW11', 'DU1')_rr: 0
	F25_('SW22', 'SW32')_t3_max: 3686
	F38_queue_index: 0
	('SW32', 'SW8')_gcl_cycle: 128000
	F2_('SW21', 'SW13')_rr: 0
	F23_queue_index: 0
	F21_('SW31', 'SW41')_t4_min: 543
	F28_('SW11', 'SW22')_t4_max: 7193
	F37_('CM1CA', 'SW41')_gc: False
	F9_('SW21', 'SW14')_t4_min: 24195
	F8_('SW13', 'SW21')_t4_max: 452
	F18_jitter: 387
	F46_('SW13', 'SW21')_t4_max: 10105
	F35_('SW11', 'DU3')_gc: False
	F26_('SW22', 'SW11')_t4_min: 15583
	('CM2CB', 'SW42')_gcl_cycle: 1
	F3_('DU1', 'SW11')_t4_min: 149
	F44_('SW32', 'SW22')_t4_min: 102997
	F42_('DU1', 'SW11')_rr: 0
	F27_('CMRIU1', 'SW21')_t3_max: -123
	F21_jitter: 0
	F5_('SW13', 'SW21')_t4_min: 118459
	F8_('SW21', 'SW11')_gc: True
	F40_('SW32', 'SW42')_t4_min: 22362
	F42_('SW31', 'SW6')_gc: True
	F48_('SW32', 'SW22')_t4_min: 3271
	('SW42', 'SW32')_gcl_cycle: 128000
	('SW51', 'SM1CA')_gcl_cycle: 2000
	F27_('SW13', 'StarTr2')_t4_max: 227
	('SW21', 'SW14')_gcl_cycle: 1
	F36_('SW32', 'SW22')_gc: False
	F15_('LCM1', 'SW31')_gc: False
	F11_queue_index: 0
	F30_('SW22', 'SW13')_t4_min: 15634
	F29_('SW14', 'DU5')_t4_max: 93975
	F44_('SW22', 'BFCU')_t4_min: 103081
	F44_('LCM2', 'SW32')_t5_max: 102995
	F34_('SW41', 'SW51')_t4_max: 360
	F33_('SW14', 'SW22')_t4_max: 23519
	F34_('SW41', 'SW51')_t4_min: 231
	F6_('SW8', 'SW32')_t3_max: 23759
	F20_('SW13', 'StarTr1')_gc: False
	F38_('SW51', 'SW41')_t4_max: 63374
	F14_('SW13', 'SW22')_t3_max: 15259
	F38_('SM1CA', 'SW51')_t3_max: 62999
	F15_queue_index: 0
	F49_('SW31', 'SW21')_rr: 8
	F33_('DU5', 'SW14')_gc: False
	F26_jitter: 258
	F30_('SW22', 'SW13')_rr: 1
	F48_('FCM2', 'SW32')_t5_max: 3207
	F42_('SW21', 'SW31')_gc: True
	F10_('SW31', 'SW41')_rr: 0
	F49_('SW51', 'SW41')_gc: True
	F17_('SW12', 'SBAND1')_gc: False
	F13_('SW31', 'SW41')_t4_min: 14996
	F5_('SW13', 'SW21')_rr: 0
	F23_('SW22', 'BFCU')_t4_min: 15798
	F24_('SW21', 'SW31')_gc: True
	F37_('SW41', 'SW51')_tb: 3589
	F30_('SW13', 'StarTr1')_rr: 0
	F12_queue_index: 0
	F30_jitter: 129
	F48_('SW32', 'SW22')_rr: 8
	F16_('SW7', 'SW31')_gc: False
	F41_('SW12', 'SW21')_gc: False
	F27_('CMRIU1', 'SW21')_t5_min: 107
	F20_jitter: 129
	F37_('CM1CA', 'SW41')_t3_max: 3388
	F21_('SW31', 'SW41')_t5_max: 920
	F15_('SW21', 'SW13')_t4_min: 108616
	F45_('StarTr1', 'SW13')_gc: False
	F10_jitter: 516
	F21_('SW32', 'SW6')_t5_min: 420
	F2_('SW13', 'MIMU2')_t4_min: 6527
	F22_('SW8', 'SW52')_gc: True
	F29_('SBAND2', 'SW12')_gc: False
	F49_('SW21', 'SW13')_t4_max: 14610
	('CM1CA', 'SW41')_gcl_cycle: 1
	F47_jitter: 0
	('SM1CB', 'SW51')_gcl_length: 0
	F23_('SW12', 'SW22')_t4_max: 15724
	('SW12', 'SW22')_gcl_cycle: 16000
	F35_('SW22', 'SW11')_t4_min: 63081
	F49_('SM1CA', 'SW51')_t3_max: 13918
	F18_('SW11', 'SW21')_gc: False
	F23_('SW12', 'SW22')_rr: 1
	F22_('SW41', 'SW31')_t3_max: 7156
	F22_('SW8', 'SW52')_t5_max: 7780
	F43_('SW51', 'SM1CA')_rr: 0
	F39_jitter: 258
	('SW22', 'SW11')_gcl_cycle: 1
	F12_('SW31', 'SW21')_rr: 0
	F5_('SW14', 'DU5')_t3_min: 118651
	F22_('SW52', 'SM2CB')_gc: False
	F29_('SW14', 'DU5')_gc: False
	F2_('CMRIU1', 'SW21')_t3_max: 6313
	F49_('SW31', 'SW21')_t4_min: 14468
	F29_jitter: 387
	F30_('SW22', 'SW13')_gc: True
	F35_('SW22', 'SW11')_t4_max: 63339
	F32_('SW32', 'SW22')_rr: 16
	F29_('SW21', 'SW14')_gc: False
	F17_('SW32', 'SW22')_t4_min: 30082
	F33_queue_index: 0
	F34_('SW41', 'SW51')_rr: 0
	F39_('DU3', 'SW11')_rr: 0
	F9_jitter: 387
	F43_('RCM2', 'SW32')_gc: False
	F4_('SW7', 'SW31')_t4_max: 26295
	F29_('SW14', 'DU5')_t4_min: 93588
	F21_('SW41', 'CM1CA')_t3_min: 664
	F28_('DU1', 'SW11')_gc: False
	F48_('SW13', 'MIMU2')_t4_max: 3719
	F12_('SM1CB', 'SW51')_gc: False
	F40_('DU3', 'SW11')_gc: False
	F12_('SW41', 'SW31')_t4_max: 7626
	F13_('SW41', 'CM1CA')_rr: 0
	F33_('SW42', 'CM2CB')_t4_min: 23441
	('SW52', 'SM2CA')_gcl_cycle: 4000
	F15_('SW31', 'SW21')_t4_min: 108360
	F31_('SW52', 'SM2CA')_rr: 1
	F19_('CM1CA', 'SW41')_t3_max: 6265
	F13_('SW41', 'CM1CA')_gc: False
	F0_queue_index: 0
	F10_('SW12', 'SW21')_t4_max: 29823
	F16_queue_index: 0
	F37_('SW41', 'SW51')_gc: False
	F25_('SW22', 'SW32')_rr: 2
	('DU3', 'SW11')_gcl_cycle: 1
	F31_('SW52', 'SM2CA')_gc: True
	F34_('SW51', 'SM1CA')_t5_min: 535
	F15_('SW13', 'StarTr1')_t5_max: 108987
	F2_('SW13', 'MIMU2')_gc: False
	F8_('StarTr1', 'SW13')_rr: 0
	F43_('SW32', 'SW8')_t4_max: 62304
	F43_('RCM2', 'SW32')_rr: 0
	F42_('DU1', 'SW11')_gc: False
	F36_('SW32', 'SW22')_t3_min: 127495
	F0_('SW13', 'StarTr2')_t4_min: 3793
	F13_('SW41', 'CM1CA')_t3_min: 15047
	F18_('SW11', 'SW21')_t4_max: 2088
	F34_('SW51', 'SM1CA')_gc: True
	F3_('SW11', 'SW21')_t3_max: 242
	F8_('StarTr1', 'SW13')_t3_max: 191
	F22_('SW31', 'SW8')_rr: 1
	F46_('SW13', 'SW21')_t4_min: 9976
	F40_('SW42', 'CM2CB')_gc: False
	F8_('SW13', 'SW21')_t4_min: 323
	F32_('SW22', 'BFCU')_t5_max: 241
	F40_('SW32', 'SW42')_gc: False
	F10_('SW41', 'CM1CB')_rr: 0
	F42_('SW6', 'SMRIU2')_rr: 0
	F34_('SW41', 'SW51')_gc: False
	F16_('SW31', 'RCM1')_t4_min: 57786
	('SW21', 'SW11')_gcl_cycle: 2000
	F11_('SW21', 'SW31')_t3_max: 103065
	F24_('SW6', 'SMRIU1')_rr: 0
	F6_('SW32', 'SW42')_t3_max: 23832
	F18_('SW22', 'SW11')_rr: 0
	F24_jitter: 258
	F6_('SW32', 'SW42')_gc: True
	F38_('SM1CA', 'SW51')_gc: False
	F47_('SW11', 'SW21')_rr: 32
	F40_('SW42', 'CM2CB')_rr: 0
	F10_('SW21', 'SW31')_rr: 0
	F42_('SW11', 'SW21')_t4_min: 63246
	F46_('SW11', 'DU1')_t4_max: 10461
	('SW32', 'FCM2')_gcl_cycle: 1
	F21_('SW32', 'SW6')_t3_max: 301
	F27_('CMRIU1', 'SW21')_rr: 0
	F42_jitter: 129
	F26_('SW22', 'SW11')_gc: False
	F6_('SW51', 'SW8')_t3_max: 23686
	F11_('SW21', 'SW31')_t4_min: 103065
	F41_('SW11', 'DU2')_gc: False
	F7_jitter: 129
	F11_('SW31', 'SW41')_t4_max: 103283
	F1_('SW31', 'SW21')_gc: True
	F42_queue_index: 0
	F2_queue_index: 0
	('SW51', 'SW8')_gcl_cycle: 32000
	F37_('SW51', 'SM1CB')_t4_min: 3666
	F28_('SW22', 'SW32')_t4_min: 7269
	('SMRIU2', 'SW6')_gcl_cycle: 1
	F29_('SW12', 'SW21')_t3_max: 93549
	F15_('SW31', 'SW21')_gc: False
	F32_('LCM2', 'SW32')_rr: 0
	F48_('SW32', 'SW22')_t4_max: 3271
	F0_('CMRIU2', 'SW22')_t3_max: 3506
	F25_('BFCU', 'SW22')_t5_max: 3679
	F42_('SW6', 'SMRIU2')_t5_max: 63590
	F30_('SW13', 'StarTr1')_gc: False
	F34_jitter: 0
	('SW51', 'SM1CA')_gcl_length: 2
	F3_('SW11', 'SW21')_rr: 0
	F29_('SW14', 'DU5')_t5_max: 93995
	F47_('SW11', 'SW21')_t4_max: 122
	F43_('SW8', 'SW51')_t4_min: 62484
	F1_('SW21', 'SW14')_t3_min: 107108
	F4_('SW31', 'RCM1')_rr: 0
	F14_('MIMU3', 'SW13')_t3_max: 15045
	F23_('SBAND2', 'SW12')_gc: False
	F45_('SW13', 'SW21')_t4_max: 60464
	F38_('SW31', 'RCM1')_rr: 0
	F19_('SW21', 'SW11')_t4_min: 6554
	F17_('FCM2', 'SW32')_tb: 29967
	F8_('SW11', 'DU3')_rr: 0
	F12_('SW31', 'SW21')_gc: False
	F26_('CMRIU2', 'SW22')_t3_max: 15379
	F38_('SW51', 'SW41')_t4_min: 63374
	F34_('LCM1', 'SW31')_gc: False
	('SW13', 'MIMU2')_gcl_length: 0
	F44_('LCM2', 'SW32')_rr: 0
	('SW32', 'SW6')_gcl_length: 2
	F25_jitter: 129
	F26_('SW22', 'SW11')_t3_max: 15588
	F10_('SW31', 'SW41')_gc: False
	F10_('SW41', 'CM1CB')_gc: False
	F19_('SW41', 'SW31')_t4_min: 6444
	F45_('SW13', 'SW21')_t3_max: 60464
	F10_('SBAND1', 'SW12')_t3_max: 29550
	('MIMU3', 'SW13')_gcl_length: 0
	F21_queue_index: 0
	('SW41', 'SW51')_gcl_cycle: 1
	F21_('SW32', 'SW6')_gc: True
	F1_('SW14', 'DU4')_t4_min: 107198
	F9_('SW21', 'SW14')_t5_min: 24237
	F9_('SW13', 'SW21')_gc: False
	F32_('SW32', 'SW22')_gc: True
	F9_('SW21', 'SW14')_gc: False
	F49_('SW21', 'SW13')_gc: True
	F48_('FCM2', 'SW32')_rr: 0
	F18_('SW22', 'SW11')_t4_min: 1800
	F34_('SW31', 'SW41')_t4_max: 145
	F6_('SM1CA', 'SW51')_t5_min: 23679
	F35_jitter: 387
	F29_('SBAND2', 'SW12')_t3_min: 93522
	F29_('SW21', 'SW14')_rr: 0
	F30_('BFCU', 'SW22')_rr: 0
	F25_('SW22', 'SW32')_t4_min: 3686
	F2_('SW21', 'SW13')_t4_max: 6611
	F14_jitter: 387
	F5_('SW14', 'DU5')_rr: 0
	F7_('SW21', 'CMRIU1')_gc: False
	F38_('SW41', 'SW31')_rr: 0
	F47_('SW11', 'SW21')_gc: True
	F14_('SW22', 'SW32')_rr: 0
	F28_('SW22', 'SW32')_gc: True
	F19_('SW31', 'SW21')_t4_min: 6499
	F45_('SW13', 'SW21')_t3_min: 60459
	F40_('DU3', 'SW11')_t5_min: 22000
	F17_('SW22', 'SW12')_gc: False
	F29_('SW12', 'SW21')_t4_max: 93673
	('SW21', 'SW12')_gcl_cycle: 1
	F38_jitter: 258
	F3_('DU1', 'SW11')_t3_max: 25
	F42_('SW31', 'SW6')_t4_min: 63421
	F15_('SW21', 'SW13')_rr: 1
	F40_('SW22', 'SW32')_rr: 0
	F24_('SW13', 'SW21')_t4_min: 6688
	F28_('SW32', 'LCM2')_rr: 0
	F39_('SW21', 'CMRIU1')_gc: False
	('SW11', 'DU1')_gcl_cycle: 1
	F49_('SW31', 'SW21')_gc: True
	F4_('SW22', 'SW7')_t4_max: 26047
	F22_('SW31', 'SW8')_t4_max: 7497
	F43_('SW32', 'SW8')_t3_max: 62181
	F49_('SW51', 'SW41')_t5_max: 14196
	F21_('SW41', 'CM1CA')_gc: True
	F2_('SW13', 'MIMU2')_rr: 0
	F13_('SW41', 'CM1CA')_t4_max: 15305
	F7_('StarTr2', 'SW13')_gc: False
	F6_('SW51', 'SW8')_rr: 1
	F3_jitter: 387
	F27_queue_index: 0
	F32_('SW22', 'BFCU')_gc: False
	('DU2', 'SW11')_gcl_length: 0
	('SW42', 'CM2CB')_gcl_cycle: 1
	F3_('SW21', 'SW12')_rr: 0
	F42_('SW21', 'SW31')_tb: 63395
	F44_('SW32', 'SW22')_t3_max: 103002
	F2_('CMRIU1', 'SW21')_gc: False
	F5_('MIMU1', 'SW13')_rr: 0
	F30_('SW22', 'SW13')_t4_max: 15634
	F32_('SW22', 'BFCU')_t4_min: 78
	F16_('CM2CB', 'SW42')_t3_max: 57200
	F24_('SW21', 'SW31')_rr: 16
	F28_('SW22', 'SW32')_rr: 1
	F45_('SW13', 'SW21')_gc: True
	F12_jitter: 645
	('DU1', 'SW11')_gcl_cycle: 1
	F31_('SMRIU1', 'SW6')_rr: 0
	F17_queue_index: 0
	F27_('SW13', 'StarTr2')_rr: 1
	F27_('CMRIU1', 'SW21')_gc: False
	F11_('SW21', 'SW31')_t3_min: 102931
	('DU2', 'SW11')_gcl_cycle: 1
	F45_('SW11', 'DU2')_gc: False
	F24_('SW21', 'SW31')_t4_max: 6832
	F35_('SW22', 'SW11')_t5_max: 63435
	F24_('MIMU2', 'SW13')_rr: 0
	F8_queue_index: 0
	F33_('SW42', 'CM2CB')_rr: 0
	F47_('SW13', 'StarTr1')_rr: 1
	F49_('SW51', 'SW41')_t4_max: 14184
	F48_('SW13', 'MIMU2')_rr: 0
	F18_('SW11', 'SW21')_t4_min: 1830
	F42_('SW31', 'SW6')_t4_max: 63421
	F17_('SW32', 'SW22')_gc: True
	F14_('MIMU3', 'SW13')_gc: False
	F45_('SW11', 'DU2')_t4_min: 60558
	F43_jitter: 129
	F3_('SW11', 'SW21')_t4_min: 237
	F30_('BFCU', 'SW22')_t3_max: 15389
	F5_('SW14', 'DU5')_t3_max: 118914
	F23_jitter: 129
	F11_('SW21', 'SW31')_rr: 1
	F8_('StarTr1', 'SW13')_gc: False
	F49_('SW41', 'SW31')_rr: 1
	F8_('SW21', 'SW11')_t4_max: 465
	F49_('SW21', 'SW13')_rr: 8
	F30_('BFCU', 'SW22')_gc: False
	F49_('SM1CA', 'SW51')_gc: False
	F24_('SW31', 'SW6')_gc: False
	F4_('SW22', 'SW7')_gc: False
	F10_('SW41', 'CM1CB')_t4_min: 29754
	F44_('SW32', 'SW22')_gc: False
	F48_('SW22', 'SW13')_gc: False
	F31_queue_index: 0
	F37_queue_index: 0
	F1_('SW31', 'SW21')_t4_min: 107018
	F12_('SW51', 'SW41')_t3_max: 7269
	F19_jitter: 516
	F3_('DU1', 'SW11')_rr: 0
	F22_('SW52', 'SM2CB')_t4_min: 7782
	F12_('SW41', 'SW31')_t4_min: 7368
	('MIMU1', 'SW13')_gcl_cycle: 1
	F11_('DU2', 'SW11')_t3_max: 102629
	F12_('SW41', 'SW31')_t3_min: 7368
	('SW41', 'CM1CA')_gcl_cycle: 2000
	F31_('SW8', 'SW52')_t4_min: 3097
	F13_('FCM1', 'SW31')_rr: 0
	F8_('SW21', 'SW11')_t3_min: 331
	F47_('SW11', 'SW21')_t3_max: 122
	F18_('SW22', 'SW11')_gc: False
	F5_('SW21', 'SW14')_tb: 118555
	F43_('SW8', 'SW51')_rr: 1
	F19_('SW31', 'SW21')_gc: False
	F30_('SW13', 'StarTr1')_t4_min: 15710
	F27_('SW21', 'SW13')_t4_max: 114
	F6_('SW8', 'SW32')_t4_min: 23759
	F41_('SW12', 'SW21')_t3_min: 6020
	F33_('SW22', 'SW32')_t4_min: 23407
	F26_('CMRIU2', 'SW22')_rr: 0
	F14_('SW22', 'SW32')_gc: False
	F24_('MIMU2', 'SW13')_t3_min: 6583
	F47_('SW21', 'SW13')_t4_min: 238
	F32_('LCM2', 'SW32')_t4_max: 1
	('BFCU', 'SW22')_gcl_cycle: 1
	F1_('SW21', 'SW14')_t4_max: 107237
	('SW32', 'SW22')_gcl_cycle: 32000
	('MIMU3', 'SW13')_gcl_cycle: 1
	('SW22', 'SW7')_gcl_cycle: 1
	F12_('SW41', 'SW31')_rr: 0
	F12_('SW51', 'SW41')_rr: 0
	('SW22', 'SW32')_gcl_cycle: 8000
	F35_('RCM2', 'SW32')_rr: 0
	F19_('SW41', 'SW31')_t3_max: 6449
	F49_('SW51', 'SW41')_t3_max: 14061
	('SM1CA', 'SW51')_gcl_cycle: 1
	F35_queue_index: 0
	F32_('LCM2', 'SW32')_t5_min: 35
	F28_('DU1', 'SW11')_rr: 0
	F23_('SW22', 'BFCU')_rr: 0
	F19_('SW41', 'SW31')_gc: False
	F25_('SW22', 'SW32')_t4_max: 3686
	F49_('SW31', 'SW21')_t4_max: 14468
	F48_('SW13', 'MIMU2')_t4_min: 3461
	('SW13', 'MIMU2')_gcl_cycle: 1
	F48_('FCM2', 'SW32')_t3_min: 3114
	F10_('SW12', 'SW21')_t4_min: 29694
	F36_queue_index: 0
	F34_('LCM1', 'SW31')_t3_max: -70
	('SW6', 'SMRIU2')_gcl_length: 0
	F7_('SW13', 'SW21')_t3_max: 22464
	F38_('SW41', 'SW31')_t4_max: 63626
	F40_('SW42', 'CM2CB')_t4_min: 22478
	F14_('SW32', 'FCM2')_t4_min: 15424
	F14_('SW13', 'SW22')_t4_min: 15254
	F12_('SW51', 'SW41')_t5_max: 7495
	F22_('SW8', 'SW52')_t4_min: 7692
	F13_('FCM1', 'SW31')_t3_max: 14821
	F39_('SW11', 'SW21')_t3_max: 12242
	F47_('DU3', 'SW11')_t3_max: -123
	('SM1CB', 'SW51')_gcl_cycle: 1
	F47_('SW13', 'StarTr1')_gc: True
	F14_('MIMU3', 'SW13')_rr: 0
	F3_('SW21', 'SW12')_t4_max: 583
	F40_queue_index: 0
	F35_('SW32', 'SW22')_gc: False
	F37_('SW41', 'SW51')_t4_max: 3718
	F11_('SW31', 'SW41')_rr: 0
	F5_('SW14', 'DU5')_t4_min: 118651
	('SW51', 'SW41')_gcl_cycle: 64000
	F4_('SW31', 'RCM1')_gc: False
	F26_('CMRIU2', 'SW22')_t5_max: 15581
	F21_('SW41', 'CM1CA')_t4_min: 927
	F9_('MIMU1', 'SW13')_rr: 0
	F5_queue_index: 0
	F36_('SW32', 'SW22')_t4_min: 127495
	F29_('SBAND2', 'SW12')_rr: 0
	F31_('SW6', 'SW31')_t3_max: 2894
	F21_('SW31', 'SW41')_gc: False
	F33_('SW14', 'SW22')_t5_min: 23405
	('CMRIU1', 'SW21')_gcl_cycle: 1
	F29_('SBAND2', 'SW12')_t3_max: 93398
	F11_('SW11', 'SW21')_t3_max: 102847
	F37_('CM1CA', 'SW41')_rr: 0
	F45_('SW21', 'SW11')_rr: 0
	F40_('SW22', 'SW32')_t4_max: 22375
	F5_('SW13', 'SW21')_t4_max: 118588
	F32_('SW32', 'SW22')_t4_max: 42
	F35_('SW32', 'SW22')_t4_max: 63112
	F49_('SW51', 'SW41')_rr: 4
	F8_('SW21', 'SW11')_t4_min: 465
	F0_('SW22', 'SW13')_t4_max: 3714
	F11_('SW31', 'SW41')_t4_min: 103154
	F18_('SW21', 'CMRIU1')_t4_min: 1860
	F10_('SW12', 'SW21')_rr: 0
	F37_jitter: 258
	F25_('BFCU', 'SW22')_t3_max: 3464
	F12_('SW21', 'SW14')_t4_max: 8092
	F38_('SW51', 'SW41')_t3_max: 63251
	F19_('CM1CA', 'SW41')_rr: 0
	F11_('DU2', 'SW11')_t3_min: 102753
	F18_('SW22', 'SW11')_t3_min: 1800
	F9_('SW13', 'SW21')_t4_min: 24151
	F12_('SM1CB', 'SW51')_t3_max: 7036
	F44_('SW22', 'BFCU')_gc: False
	F27_('SW13', 'StarTr2')_t3_min: 222
	F33_('SW32', 'SW42')_rr: 0
	F25_queue_index: 0
	F28_('SW32', 'LCM2')_gc: False
	F32_queue_index: 0
	F42_('SW11', 'SW21')_t4_max: 63246
	F38_('SW31', 'RCM1')_t4_max: 63878
	F4_('SW7', 'SW31')_gc: False
	F14_('SW22', 'SW32')_t4_max: 15597
	F40_('DU3', 'SW11')_t5_max: 22000
	F5_('SW13', 'SW21')_gc: False
	F16_('SW31', 'RCM1')_gc: False
	F44_queue_index: 0
	F6_('SW32', 'SW42')_t4_max: 23832
	F39_('SW11', 'SW21')_rr: 0
	F5_('SW21', 'SW14')_t4_min: 118555
	F32_('SW32', 'SW22')_t3_max: 42
	F1_('SW6', 'SW31')_gc: False
	F43_('SW32', 'SW8')_t4_min: 62304
	F17_('SW22', 'SW12')_rr: 0
	('SBAND2', 'SW12')_gcl_cycle: 1
	F10_('SW12', 'SW21')_gc: False
	F27_('SW13', 'StarTr2')_t3_max: 227
	('SW31', 'SW41')_gcl_cycle: 2000
	('FCM1', 'SW31')_gcl_length: 0
	F43_('SW51', 'SM1CA')_t4_min: 62536
	F18_('BFCU', 'SW22')_rr: 0
	F17_('FCM2', 'SW32')_rr: 0
	('SW32', 'RCM2')_gcl_cycle: 1
	F15_('SW13', 'StarTr1')_gc: False
	F0_('SW22', 'SW13')_t4_min: 3714
	('SW11', 'SW22')_gcl_cycle: 32000
	F7_('SW13', 'SW21')_t4_max: 22464
	F35_('RCM2', 'SW32')_t3_max: 62761
	F46_('MIMU1', 'SW13')_gc: False
	F8_('SW13', 'SW21')_t3_max: 328
	F22_jitter: 129
	F10_('SW21', 'SW31')_t5_min: 29732
	F15_('SW31', 'SW21')_tb: 108360
	('SW13', 'SW21')_gcl_cycle: 128000
	F40_('DU3', 'SW11')_rr: 0
	F9_('SW21', 'SW14')_t4_max: 24453
	F36_('SW22', 'BFCU')_rr: 0
	F17_('SW12', 'SBAND1')_rr: 0
	F34_('SW31', 'SW41')_t4_min: 145
	F35_('SW11', 'DU3')_t3_max: 63442
	F45_jitter: 258
	F12_('SW14', 'DU4')_t4_min: 7680
	F1_('SW6', 'SW31')_rr: 0
	F36_('SW32', 'SW22')_t3_max: 127500
	F9_('SW21', 'SW14')_tb: 24195
	F9_('SW21', 'SW14')_rr: 0
	F22_('SW52', 'SM2CB')_rr: 0
	F24_('SW21', 'SW31')_t4_min: 6832
	F35_('SW32', 'SW22')_t3_max: 62988
	('FCM2', 'SW32')_gcl_cycle: 1
	F40_jitter: 387
	F1_('SW14', 'DU4')_t3_min: 107198
	F36_jitter: 258
	F17_('FCM2', 'SW32')_t4_min: 29967
	F4_('SW7', 'SW31')_t4_min: 26037
	F46_('SW11', 'DU1')_t5_min: 10121
	F24_('SW31', 'SW6')_t4_min: 6932
	F15_('LCM1', 'SW31')_t4_max: 108238
	F45_('StarTr1', 'SW13')_t3_min: 60412
	F21_('SW31', 'SW41')_t4_max: 801
	F36_('RCM2', 'SW32')_gc: False
	F39_queue_index: 0
	F43_('SW8', 'SW51')_gc: True
	F45_('SW21', 'SW11')_t4_max: 60640
	F14_('SW32', 'FCM2')_gc: False
	F19_('SW31', 'SW21')_rr: 0
	F16_('SW32', 'SW7')_t4_max: 57560
	F16_('SW32', 'SW7')_rr: 1
	F21_('SW31', 'SW41')_rr: 0
	F23_('SBAND2', 'SW12')_t3_max: 15398
	F12_('SW14', 'DU4')_gc: False
	F12_('SW31', 'SW21')_t4_max: 7859
	F33_('SW32', 'SW42')_t4_max: 23811
	F40_('DU3', 'SW11')_t3_max: 21762
	F11_('SW11', 'SW21')_t4_max: 102971
	('SW22', 'SW13')_gcl_cycle: 16000
	F40_('SW22', 'SW32')_t5_max: 22489
	F29_queue_index: 0
	('SW32', 'SW22')_gcl_length: 50
	('SW8', 'SW32')_gcl_cycle: 32000
	('SW13', 'StarTr2')_gcl_cycle: 4000
	F11_('SW31', 'SW41')_t5_min: 103241
	F31_('SW6', 'SW31')_rr: 0
	F6_('SM1CA', 'SW51')_t3_max: 23489
	F11_('SW11', 'SW21')_rr: 0
	F41_('SW11', 'DU2')_t4_min: 6074
	F42_('SW6', 'SMRIU2')_t4_min: 63442
	F16_('SW7', 'SW31')_t4_max: 57802
	F33_('SW32', 'SW42')_gc: False
	('SW21', 'CMRIU1')_gcl_cycle: 1
	('SBAND1', 'SW12')_gcl_cycle: 1
	F49_('SW51', 'SW41')_t3_min: 14056
	F8_jitter: 129
	F16_('SW7', 'SW31')_rr: 0
	('SW31', 'RCM1')_gcl_cycle: 1
	('SW12', 'SW21')_gcl_cycle: 1
	F9_('MIMU1', 'SW13')_t5_max: 24149
	('LCM2', 'SW32')_gcl_cycle: 1
	F33_('SW22', 'SW32')_rr: 0
	F16_('SW7', 'SW31')_t5_min: 57784
	F42_('SW31', 'SW6')_rr: 1
	F16_('SW42', 'SW32')_rr: 1
	F31_('SW31', 'SW8')_gc: False
	F6_('SW32', 'SW42')_rr: 1
	F18_('SW22', 'SW11')_t3_max: 1805
	F20_('SW13', 'StarTr1')_t3_max: 31514
	F38_('SW41', 'SW31')_t4_min: 63497
	F28_('SW11', 'SW22')_rr: 4
	F1_('SW21', 'SW14')_gc: False
	F5_('MIMU1', 'SW13')_gc: False
	F16_('SW32', 'SW7')_t4_min: 57560
	F19_('SW11', 'DU3')_rr: 0
	F35_('SW22', 'SW11')_rr: 0
	F40_('SW32', 'SW42')_rr: 0
	F0_('CMRIU2', 'SW22')_gc: False
	F11_('SW51', 'SM1CA')_gc: False
	F16_('SW42', 'SW32')_t3_max: 57442
	F7_('SW13', 'SW21')_rr: 2
	F45_('SW21', 'SW11')_t4_min: 60511
	('CM1CB', 'SW41')_gcl_cycle: 1
	F22_('SW41', 'SW31')_t4_min: 7279
	F42_('SW11', 'SW21')_t3_max: 63123
	F10_('SW21', 'SW31')_t4_min: 29714
	F46_('SW11', 'DU1')_t3_min: 10074
	F24_('SW6', 'SMRIU1')_t3_min: 7032
	('SW12', 'SBAND2')_gcl_cycle: 1
	F19_('SW11', 'DU3')_gc: False
	F16_('CM2CB', 'SW42')_t3_min: 57324
	F17_('FCM2', 'SW32')_gc: False
	F24_('SW13', 'SW21')_t3_max: 6688
	F33_jitter: 516
	F41_jitter: 387
	F41_('SW12', 'SW21')_t4_max: 6149
	F26_('CMRIU2', 'SW22')_gc: False
	F15_('LCM1', 'SW31')_rr: 0
	('SW13', 'SW21')_gcl_length: 38
	F29_('SW21', 'SW14')_t4_max: 93824
	F5_jitter: 387
	F1_('SMRIU2', 'SW6')_t3_max: 106457
	F17_('SW22', 'SW12')_t4_max: 30321
	F6_('SW32', 'SW42')_t4_min: 23832
	F3_('SW12', 'SBAND2')_t4_min: 413
	F19_queue_index: 0
	F21_('RCM2', 'SW32')_t3_max: 51
	F41_('SBAND1', 'SW12')_tb: 5993
	F42_('DU1', 'SW11')_t3_max: 62973
	F17_('SW32', 'SW22')_t3_max: 30082
	F28_('SW11', 'SW22')_t4_min: 7193
	F0_('SW22', 'SW13')_gc: True
	F1_('SW6', 'SW31')_t4_max: 106800
	F28_('SW32', 'LCM2')_t4_min: 7340
	F43_('SW32', 'SW8')_tb: 62304
	F16_('SW42', 'SW32')_t4_min: 57442
	F19_('CM1CA', 'SW41')_gc: False
	F31_('SW6', 'SW31')_t4_max: 3018
	F48_('SW13', 'MIMU2')_gc: False
	F1_('SW31', 'SW21')_rr: 1
	F47_('SW21', 'SW13')_gc: False
	F12_('SW51', 'SW41')_t4_max: 7393
	F4_jitter: 387
	F20_queue_index: 0
	F19_('SW21', 'SW11')_t5_min: 6607
	F43_('SW8', 'SW51')_t4_max: 62484
	F14_('SW13', 'SW22')_rr: 0
	F15_('SW31', 'SW21')_t3_max: 108365
	F48_queue_index: 0
	F27_('SW21', 'SW13')_t4_min: 114
	F36_('SW32', 'SW22')_t4_max: 127624
	F23_('SW12', 'SW22')_gc: True
	('CMRIU2', 'SW22')_gcl_cycle: 1
	F33_('DU5', 'SW14')_t3_max: 23249
	F34_('SW31', 'SW41')_rr: 1
	F14_queue_index: 0
	F49_('SW13', 'StarTr1')_t4_min: 14624
	('SW11', 'DU2')_gcl_cycle: 1
	F36_('SW32', 'SW22')_rr: 0
	F49_('SW41', 'SW31')_gc: True
	F19_('SW31', 'SW21')_t4_max: 6757
	F16_('SW32', 'SW7')_t5_min: 57671
	F0_jitter: 129
	F19_('SW21', 'SW11')_gc: False
	F9_('SW13', 'SW21')_rr: 0
	F14_('SW22', 'SW32')_t4_min: 15339
	F1_('SW14', 'DU4')_gc: False
	F31_('SW31', 'SW8')_rr: 0
	F33_('SW14', 'SW22')_t4_min: 23390
	F37_('SW41', 'SW51')_rr: 0
	F1_('SMRIU2', 'SW6')_rr: 0
	('SW14', 'DU5')_gcl_cycle: 1
	F11_('SW51', 'SM1CA')_t4_min: 103332
	F17_('FCM2', 'SW32')_t3_max: 29843
	F37_('SW51', 'SM1CB')_gc: False
	F11_('SW21', 'SW31')_t4_max: 103065
	F45_queue_index: 0
	F22_('SW31', 'SW8')_t4_min: 7497
	F46_('SW21', 'SW11')_t4_min: 10025
	F31_jitter: 0
	F41_('SW21', 'SW11')_t5_min: 6072
	F4_('BFCU', 'SW22')_rr: 0
	F34_queue_index: 0
	('LCM1', 'SW31')_gcl_cycle: 1
	F49_('SM1CA', 'SW51')_rr: 0
	F10_('SW21', 'SW31')_t4_max: 29972
	F3_('SW12', 'SBAND2')_rr: 0
	('SW41', 'SW31')_gcl_cycle: 16000
	F6_jitter: 129
	F1_('SW14', 'DU4')_rr: 0
	F43_('SW32', 'SW8')_rr: 1
	F18_queue_index: 0
	F25_('SW32', 'RCM2')_gc: False
	F49_('SW21', 'SW13')_t4_min: 14610
	F29_('SW21', 'SW14')_t4_min: 93566
	F8_('SW21', 'SW11')_rr: 1
	F3_queue_index: 0
	F48_('SW32', 'SW22')_t3_max: 3214
	F22_('CM1CB', 'SW41')_rr: 0
	F39_('SW11', 'SW21')_t4_max: 12366
	F10_('SW21', 'SW31')_gc: False
	F3_('SW21', 'SW12')_gc: False
	F13_('SW31', 'SW41')_gc: False
	F28_queue_index: 0
	F43_('RCM2', 'SW32')_t5_min: 62174
	F15_('SW31', 'SW21')_rr: 0
	('SMRIU1', 'SW6')_gcl_cycle: 1
	F21_('SW31', 'SW41')_t3_max: 677
	F12_('SW41', 'SW31')_gc: False
	F47_('SW21', 'SW13')_tb: 238
	F47_('SW21', 'SW13')_rr: 0
	F34_('SW31', 'SW41')_gc: True
	F2_('SW21', 'SW13')_t4_min: 6482
	F45_('SW11', 'DU2')_rr: 0
	F11_('DU2', 'SW11')_rr: 0
	F38_('SW31', 'RCM1')_gc: False
	F43_('SW32', 'SW8')_gc: True
	F41_('SW21', 'SW11')_t4_max: 6305
	F21_('SW6', 'SW31')_gc: False
	F22_('CM1CB', 'SW41')_t4_min: 7061
	F21_('SW6', 'SW31')_t4_max: 551
	('SW6', 'SMRIU2')_gcl_cycle: 1
	('MIMU2', 'SW13')_gcl_length: 0
	F11_('SW11', 'SW21')_gc: False
	F32_('LCM2', 'SW32')_gc: False
	F21_('SW32', 'SW6')_tb: 301
	F31_('SW52', 'SM2CA')_t3_min: 3201
	F31_('SW8', 'SW52')_rr: 0
	F42_('SW11', 'SW21')_rr: 1
	F11_('SW11', 'SW21')_t5_min: 102929
	F9_('SW13', 'SW21')_t4_max: 24280
	F33_('SW22', 'SW32')_gc: False
	('SW7', 'SW31')_gcl_cycle: 1
	('SW12', 'SBAND1')_gcl_cycle: 1
	F38_('SW41', 'SW31')_gc: False
	F14_('SW32', 'FCM2')_t4_max: 15811
	F28_('SW11', 'SW22')_gc: True
	F22_('SW41', 'SW31')_gc: True
	('SBAND1', 'SW12')_gcl_length: 0
	('SW32', 'SW6')_gcl_cycle: 2000
	F45_('SW11', 'DU2')_t3_max: 60692
	F46_('MIMU1', 'SW13')_t3_min: 9927
	F0_('CMRIU2', 'SW22')_rr: 0
	F23_('SW22', 'BFCU')_gc: False
	F18_('SW21', 'CMRIU1')_gc: False
	F27_('SW13', 'StarTr2')_gc: True
	F12_('SW21', 'SW14')_gc: False
	F16_('SW42', 'SW32')_t4_max: 57442
	F32_('SW22', 'BFCU')_rr: 0
	F3_('SW11', 'SW21')_gc: False
	F48_('SW22', 'SW13')_rr: 0
	F2_('SW21', 'SW13')_gc: False
	F13_('SW31', 'SW41')_t3_max: 15001
	F6_('SM1CA', 'SW51')_gc: False
	F11_('SW21', 'SW31')_gc: True
	F46_('SW21', 'SW11')_gc: False
	F40_('SW11', 'SW22')_t4_max: 22130
	F7_('SW21', 'CMRIU1')_rr: 0
	F45_('SW21', 'SW11')_t3_max: 60516
	F13_queue_index: 0
	F3_('DU1', 'SW11')_gc: False
	F41_queue_index: 0
	F6_('SW8', 'SW32')_t4_max: 23759
	F49_jitter: 129
	F49_('SW21', 'SW13')_t5_min: 14622
	('FCM1', 'SW31')_gcl_cycle: 1
	F20_('SW13', 'StarTr1')_t4_min: 31509
	F24_('MIMU2', 'SW13')_gc: False
	F19_('SW21', 'SW11')_t5_max: 6994
	F12_('SM1CB', 'SW51')_t5_min: 7262
	F2_('SW13', 'MIMU2')_t3_min: 6527
	F11_jitter: 387
	F37_('SW41', 'SW51')_t4_min: 3589
	('DU5', 'SW14')_gcl_cycle: 1
	F31_('SW8', 'SW52')_t4_max: 3484
	F48_('SW22', 'SW13')_t4_max: 3495
	F22_('SW8', 'SW52')_t4_max: 7692
	('StarTr2', 'SW13')_gcl_cycle: 1
	F25_('SW22', 'SW32')_gc: True
	F26_('SW22', 'SW11')_t4_max: 15712
	F35_('SW22', 'SW11')_gc: False
	F1_('SMRIU2', 'SW6')_gc: False
	F27_jitter: 0
	F48_('SW22', 'SW13')_t4_min: 3366
	('SW21', 'SW31')_gcl_cycle: 128000
	F29_('SW12', 'SW21')_gc: False
	F9_('MIMU1', 'SW13')_t4_max: 24107
	F21_('SW32', 'SW6')_rr: 1
	F16_('SW42', 'SW32')_gc: True
	F14_('SW13', 'SW22')_gc: False
	F12_('SW21', 'SW14')_rr: 0
	F1_('SW6', 'SW31')_t3_max: 106676
	F44_jitter: 258
	F26_('SW22', 'SW11')_rr: 0
	F24_('MIMU2', 'SW13')_t3_max: 6459
	F39_('SW11', 'SW21')_t4_min: 12237
	F26_queue_index: 0
	F41_('SBAND1', 'SW12')_t3_max: 5869
	F4_('SW22', 'SW7')_t3_max: 25923
	F44_('SW32', 'SW22')_t4_max: 103126
	F5_('SW14', 'DU5')_gc: False
	F4_queue_index: 0
	F27_('SW21', 'SW13')_gc: True
	F42_('SW6', 'SMRIU2')_gc: False
	F5_('SW21', 'SW14')_t3_max: 118689
	F17_('SW22', 'SW12')_t4_min: 30192
	F13_('SW31', 'SW41')_rr: 0
	F29_('SW12', 'SW21')_t4_min: 93544
	F25_('BFCU', 'SW22')_rr: 0
	F49_('SW51', 'SW41')_t5_min: 14196
	F9_('MIMU1', 'SW13')_gc: False
	F4_('SW31', 'RCM1')_t3_min: 26156
	F8_('SW13', 'SW21')_gc: False
	F3_('SW11', 'SW21')_t5_max: 452
	F12_('SW21', 'SW14')_t4_min: 7576
	F31_('SW31', 'SW8')_t4_max: 3251
	('SW13', 'SW22')_gcl_cycle: 1
	F18_('SW11', 'SW21')_t3_min: 1830
	F28_('SW11', 'SW22')_t3_max: 7193
	F1_('SW6', 'SW31')_t4_min: 106671
	F24_('SW13', 'SW21')_t4_max: 6688
	F40_('SW22', 'SW32')_t4_min: 22246
	F38_('SW51', 'SW41')_gc: True
	F10_queue_index: 0
	F25_('BFCU', 'SW22')_gc: False
	F8_('SW11', 'DU3')_t4_min: 473
	F35_('SW32', 'SW22')_rr: 0
	F28_('SW11', 'SW22')_t3_min: 7188
	F34_('SW51', 'SM1CA')_rr: 1
	F7_('SW13', 'SW21')_t4_min: 22464
	('SW8', 'SW52')_gcl_cycle: 8000
	('SW22', 'SW12')_gcl_cycle: 1
	F22_('SW41', 'SW31')_rr: 2
	F3_('SW21', 'SW12')_t4_min: 325
	F16_('SW31', 'RCM1')_rr: 0
	F41_('SW21', 'SW11')_gc: False
	F21_('RCM2', 'SW32')_gc: False
	F33_('SW14', 'SW22')_rr: 0
	F6_('SW8', 'SW32')_gc: True
	F41_('SBAND1', 'SW12')_rr: 0
	F47_('SW13', 'StarTr1')_t4_min: 488
	F31_('SMRIU1', 'SW6')_t3_max: 2661
	F6_('SW42', 'CM2CA')_t4_min: 23900
	F40_('SW11', 'SW22')_t3_max: 22007
	F10_('SW12', 'SW21')_t3_max: 29699
	F47_('SW11', 'SW21')_t4_min: 122
	F12_('SW51', 'SW41')_t4_min: 7264
	F41_('SBAND1', 'SW12')_t5_max: 6018
	F30_queue_index: 0
	F18_('BFCU', 'SW22')_gc: False
	F9_('SW13', 'SW21')_t3_max: 24156
	F45_('SW13', 'SW21')_t4_min: 60464
	F17_jitter: 258
	F5_('SW21', 'SW14')_t4_max: 118813
	F47_('DU3', 'SW11')_gc: False
	F46_('SW21', 'SW11')_t4_max: 10283
	F9_queue_index: 0
	('SW13', 'StarTr1')_gcl_cycle: 2000
	F48_('FCM2', 'SW32')_gc: False
	F44_('LCM2', 'SW32')_gc: False
	F28_('DU1', 'SW11')_t3_max: 6993
	F26_('CMRIU2', 'SW22')_t4_min: 15503
	F38_('SM1CA', 'SW51')_rr: 0
	('SW14', 'SW22')_gcl_cycle: 1
	F39_('SW21', 'CMRIU1')_rr: 0
	F44_('SW32', 'SW22')_rr: 0
	F1_('SW21', 'SW14')_t4_min: 107108
	F11_('SW11', 'SW21')_t4_min: 102842
	F19_('SW41', 'SW31')_t4_max: 6573
	F6_('SW8', 'SW32')_t5_max: 23825
	F15_('LCM1', 'SW31')_t3_max: 108114
	F34_('SW31', 'SW41')_t3_max: 145
	F47_('DU3', 'SW11')_tb: 1
	F42_('SW21', 'SW31')_t4_min: 63395
	F16_('CM2CB', 'SW42')_rr: 0
	('SW32', 'SW42')_gcl_cycle: 32000
	F46_('SW13', 'SW21')_gc: False
	('SW31', 'SW21')_gcl_cycle: 128000
	F46_('SW13', 'SW21')_rr: 0
	F12_('SW51', 'SW41')_gc: False
	F15_('SW21', 'SW13')_gc: True
	F8_('SW21', 'SW11')_t5_min: 471
	F18_('SW11', 'SW21')_rr: 0
	F21_('SW6', 'SW31')_rr: 0
	F27_('SW21', 'SW13')_rr: 32
	F4_('BFCU', 'SW22')_gc: False
	F23_('SW12', 'SW22')_t3_max: 15601
	F49_('SW41', 'SW31')_t4_max: 14326
	F42_('SW21', 'SW31')_rr: 2
	F11_('SW21', 'SW31')_t5_max: 103152
	F39_('DU3', 'SW11')_t3_min: 12199
	F9_('SW14', 'DU5')_gc: False
	F26_('SW11', 'DU3')_t4_min: 15663
	F45_('SW13', 'SW21')_rr: 1
	F1_queue_index: 0
	F17_('SW32', 'SW22')_rr: 1
	F12_('SW31', 'SW21')_t4_min: 7472
	F27_('SW21', 'SW13')_t3_max: 114
	F19_('SW11', 'DU3')_t4_max: 7125
	F16_('CM2CB', 'SW42')_gc: False
	F33_('SW42', 'CM2CB')_gc: False
	F2_jitter: 258
	F47_queue_index: 0
	('SW6', 'SMRIU1')_gcl_cycle: 1
	F20_('StarTr2', 'SW13')_t3_max: 31312
	F27_('SW13', 'StarTr2')_t4_min: 227
	F39_('SW21', 'CMRIU1')_t3_max: 12409
	F9_('MIMU1', 'SW13')_t3_max: 23983
	('SW22', 'BFCU')_gcl_cycle: 1
	F21_('SW32', 'SW6')_t4_max: 301
	F33_('SW22', 'SW32')_t4_max: 23665
	F11_('SW41', 'SW51')_gc: False
	F16_jitter: 258
	F24_('SW31', 'SW6')_t4_max: 7061
	('SW42', 'CM2CA')_gcl_cycle: 1
	F11_('SW41', 'SW51')_rr: 0
	F42_('SW11', 'SW21')_gc: True
	F20_('SW13', 'StarTr1')_rr: 0
	F22_('SW8', 'SW52')_rr: 1
	F43_queue_index: 0
	F8_('StarTr1', 'SW13')_tb: 315
	F23_('SBAND2', 'SW12')_rr: 0
	F45_('StarTr1', 'SW13')_t4_min: 60412
	F35_('SW32', 'SW22')_t4_min: 62983
	('SW11', 'DU3')_gcl_cycle: 1
	F22_('SW41', 'SW31')_t4_max: 7279
	('SW41', 'CM1CB')_gcl_cycle: 1
	F15_('SW21', 'SW13')_t4_max: 108616
	F21_('RCM2', 'SW32')_rr: 0
	F0_('SW22', 'SW13')_t3_max: 3714
	F42_('SW21', 'SW31')_t4_max: 63395
	F12_('SW14', 'DU4')_t5_min: 7782
	F30_('SW22', 'SW13')_t3_max: 15594
	F4_('SW7', 'SW31')_rr: 0
	F39_('DU3', 'SW11')_t3_max: 12075
	F46_jitter: 387
	F41_('SW21', 'SW11')_rr: 0
	F5_('MIMU1', 'SW13')_t3_max: 118239
	('SW31', 'SW6')_gcl_cycle: 64000
	('SW52', 'SM2CB')_gcl_cycle: 1
	F19_('SW11', 'DU3')_t4_min: 6609
	F46_queue_index: 0
	F24_('SW31', 'SW6')_rr: 0
	F14_('SW13', 'SW22')_tb: 15254
	F24_queue_index: 0
	F34_('SW41', 'SW51')_t3_min: 231
	F3_('SW12', 'SBAND2')_t3_min: 413
	('StarTr1', 'SW13')_gcl_cycle: 1
	F4_('SW22', 'SW7')_t4_min: 25918
	F8_('SW11', 'DU3')_gc: False
	F22_('CM1CB', 'SW41')_t3_max: 6937
	F37_('CM1CA', 'SW41')_t3_min: 3512
	F41_('SW11', 'DU2')_rr: 0
	F41_('SW12', 'SW21')_rr: 0
	F26_('SW11', 'DU3')_rr: 0
	F37_('SW41', 'SW51')_t3_max: 3594
	F23_('SBAND2', 'SW12')_t5_min: 15594
	F4_('SW7', 'SW31')_t5_min: 26154
	F42_('SW21', 'SW31')_t3_max: 63272
	F34_('SW51', 'SM1CA')_tb: 451
	F24_('SW21', 'SW31')_t5_min: 6930
	F20_('StarTr2', 'SW13')_t5_min: 31507
	F43_('RCM2', 'SW32')_t4_max: 62124
	F43_('SW51', 'SM1CA')_t5_min: 62586
	F45_('StarTr1', 'SW13')_t5_min: 60457
	F46_('SW13', 'SW21')_tb: 9976
	F21_('RCM2', 'SW32')_t5_min: 294
	F1_('SW14', 'DU4')_t3_max: 107332
	F42_('SW11', 'SW21')_t5_min: 63265
	F14_('SW13', 'SW22')_t5_min: 15337
	F33_('DU5', 'SW14')_t4_min: 23373
	F14_('MIMU3', 'SW13')_t4_min: 15169
	F35_('RCM2', 'SW32')_t4_min: 62885
	F38_('SM1CA', 'SW51')_t3_min: 63123
	F37_('SW51', 'SM1CB')_t3_max: 3800
	F4_('SW22', 'SW7')_t5_min: 26035
	F12_('SW21', 'SW14')_t5_max: 8194
	F12_('SW14', 'DU4')_t3_min: 7680
	F24_('SW13', 'SW21')_t5_min: 6786
	F30_('BFCU', 'SW22')_t4_max: 15513
	F8_('SW11', 'DU3')_t5_max: 608
	F13_('SW41', 'CM1CA')_t5_min: 15096
	F2_('SW21', 'SW13')_t3_min: 6482
	F43_('SW51', 'SM1CA')_t4_max: 62665
	F35_('SW22', 'SW11')_t3_min: 63081
	F26_('CMRIU2', 'SW22')_t3_min: 15503
	F48_('SW22', 'SW13')_tb: 3366
	F19_('SW11', 'DU3')_t3_max: 7001
	F25_('SW32', 'RCM2')_t4_max: 3908
	F6_('SW8', 'SW32')_t3_min: 23754
	F19_('SW21', 'SW11')_t3_max: 6817
	F9_('SW14', 'DU5')_t3_max: 24502
	F9_('SW14', 'DU5')_t4_max: 24626
	F18_('SW21', 'CMRIU1')_tb: 1860
	F28_('SW22', 'SW32')_t3_min: 7264
	F42_('SW11', 'SW21')_t5_max: 63265
	F12_('SW14', 'DU4')_t4_max: 8325
	F40_('SW32', 'SW42')_t3_min: 22362
	F49_('SM1CA', 'SW51')_t5_max: 14054
	F26_('SW22', 'SW11')_t5_min: 15661
	F0_('SW22', 'SW13')_tb: 3714
	F1_('SW31', 'SW21')_t3_min: 106761
	F15_('SW21', 'SW13')_t3_min: 108482
	F40_('SW32', 'SW42')_t5_max: 22734
	('SW13', 'StarTr2')_gcl_length: 2
	F15_('SW13', 'StarTr1')_tb: 108738
	F5_('SW21', 'SW14')_t3_min: 118555
	F3_('SW12', 'SBAND2')_tb: 413
	F33_('SW22', 'SW32')_tb: 23407
	F45_('SW21', 'SW11')_t5_max: 60685
	F40_('SW42', 'CM2CB')_t3_min: 22478
	F0_('SW13', 'StarTr2')_t3_max: 3798
	F20_('SW13', 'StarTr1')_t3_min: 31509
	F12_('SW21', 'SW14')_t5_min: 7678
	F1_('SW14', 'DU4')_t5_max: 107544
	F24_('SW6', 'SMRIU1')_tb: 7032
	F32_('LCM2', 'SW32')_t5_max: 35
	F43_('SW32', 'SW8')_t5_max: 62354
	F24_('SW31', 'SW6')_tb: 6932
	F11_('SW51', 'SM1CA')_tb: 103332
	F11_('SW51', 'SM1CA')_t3_max: 103595
	F36_('SW32', 'SW22')_t5_min: 127516
	F12_('SM1CB', 'SW51')_t3_min: 7160
	F33_('SW42', 'CM2CB')_t3_max: 23833
	F18_('BFCU', 'SW22')_t5_min: 1798
	F34_('LCM1', 'SW31')_t4_max: 54
	F8_('SW21', 'SW11')_t3_max: 465
	F7_('StarTr2', 'SW13')_t5_min: 22457
	F25_('BFCU', 'SW22')_t4_max: 3588
	('CMRIU1', 'SW21')_gcl_length: 0
	F18_('SW22', 'SW11')_t5_min: 1828
	F20_('StarTr2', 'SW13')_t5_max: 31507
	F21_('SW6', 'SW31')_t3_min: 422
	F12_('SW21', 'SW14')_tb: 7576
	F39_('SW21', 'CMRIU1')_t4_max: 12533
	F4_('SW31', 'RCM1')_t3_max: 26419
	F36_('RCM2', 'SW32')_t5_max: 127493
	F31_('SW31', 'SW8')_t5_min: 3095
	F29_('SW21', 'SW14')_t3_max: 93700
	F8_('SW21', 'SW11')_t5_max: 471
	F37_('CM1CA', 'SW41')_t5_max: 3587
	F40_('SW42', 'CM2CB')_t3_max: 22741
	F9_('SW21', 'SW14')_t3_max: 24329
	F9_('SW14', 'DU5')_t3_min: 24239
	F34_('SW41', 'SW51')_tb: 231
	F4_('SW7', 'SW31')_t5_max: 26412
	F16_('SW31', 'RCM1')_t3_max: 57920
	F15_('SW21', 'SW13')_t5_min: 108736
	F18_('BFCU', 'SW22')_t5_max: 1798
	F12_('SW14', 'DU4')_tb: 7680
	F46_('SW13', 'SW21')_t5_max: 10152
	F4_('BFCU', 'SW22')_tb: 25799
	F21_('SW6', 'SW31')_t5_max: 670
	F38_('SW31', 'RCM1')_t3_max: 63754
	F28_('SW11', 'SW22')_t5_min: 7262
	F28_('DU1', 'SW11')_t5_min: 7186
	F43_('RCM2', 'SW32')_t4_min: 62124
	('SW41', 'SW51')_gcl_length: 0
	F31_('SW8', 'SW52')_t3_max: 3360
	F9_('SW21', 'SW14')_t5_max: 24495
	F10_('SW21', 'SW31')_t5_max: 29990
	F13_('SW31', 'SW41')_t3_min: 14996
	F28_('SW22', 'SW32')_t3_max: 7269
	F47_('DU3', 'SW11')_t4_min: 1
	F12_('SW31', 'SW21')_t3_min: 7472
	F47_('SW13', 'StarTr1')_t5_max: 602
	F10_('SW31', 'SW41')_t5_min: 29752
	F6_('SW42', 'CM2CA')_t4_max: 24029
	F33_('SW42', 'CM2CB')_t5_min: 23456
	('SW8', 'SW51')_gcl_length: 2
	F16_('SW32', 'SW7')_t5_max: 57671
	F11_('DU2', 'SW11')_t5_max: 102840
	('SW42', 'CM2CA')_gcl_length: 0
	F31_('SW6', 'SW31')_t5_min: 2991
	F4_('BFCU', 'SW22')_t5_max: 25916
	('SW12', 'SW21')_gcl_length: 0
	F31_('SMRIU1', 'SW6')_t3_min: 2785
	('StarTr2', 'SW13')_gcl_length: 0
	F40_('SW22', 'SW32')_t5_min: 22360
	F37_('CM1CA', 'SW41')_t4_min: 3512
	F19_('CM1CA', 'SW41')_t5_max: 6442
	F8_('StarTr1', 'SW13')_t4_min: 315
	F41_('SW11', 'DU2')_tb: 6074
	F48_('SW32', 'SW22')_t3_min: 3209
	F41_('SW11', 'DU2')_t5_max: 6486
	F26_('SW11', 'DU3')_t5_min: 15741
	F47_('DU3', 'SW11')_t5_max: 115
	F42_('DU1', 'SW11')_t5_max: 63116
	F37_('CM1CA', 'SW41')_t5_min: 3587
	F5_('SW14', 'DU5')_t4_max: 119038
	F24_('SW13', 'SW21')_t5_max: 6786
	F2_('CMRIU1', 'SW21')_t5_min: 6480
	F5_('MIMU1', 'SW13')_tb: 118363
	F37_('SW51', 'SM1CB')_t5_max: 3999
	F15_('LCM1', 'SW31')_t5_max: 108358
	F1_('SMRIU2', 'SW6')_t5_min: 106669
	('SW21', 'SW13')_gcl_length: 82
	F1_('SW31', 'SW21')_t5_max: 107106
	('SW21', 'SW31')_gcl_length: 38
	F23_('SBAND2', 'SW12')_t5_max: 15594
	F7_('SW13', 'SW21')_t5_max: 22528
	F11_('SW41', 'SW51')_tb: 103243
	F46_('MIMU1', 'SW13')_t5_min: 9974
	F2_('CMRIU1', 'SW21')_t5_max: 6480
	F48_('SW13', 'MIMU2')_t5_min: 3554
	F28_('DU1', 'SW11')_t5_max: 7186
	F21_('SW6', 'SW31')_tb: 422
	F18_('BFCU', 'SW22')_tb: 1770
	F44_('SW22', 'BFCU')_tb: 103081
	F19_('SW21', 'SW11')_tb: 6554
	F4_('SW31', 'RCM1')_t4_max: 26543
	F35_('SW11', 'DU3')_t4_max: 63566
	F44_('LCM2', 'SW32')_t4_max: 102913
	F30_('BFCU', 'SW22')_t4_min: 15513
	F29_('SBAND2', 'SW12')_t4_max: 93522
	F12_('SW41', 'SW31')_tb: 7368
	F23_('SW12', 'SW22')_t3_min: 15596
	F1_('SW31', 'SW21')_t5_min: 107106
	F38_('SW31', 'RCM1')_t3_min: 63620
	F16_('CM2CB', 'SW42')_tb: 57324
	F45_('SW11', 'DU2')_t5_max: 60861
	F33_('SW14', 'SW22')_t5_max: 23534
	F9_('MIMU1', 'SW13')_t5_min: 24149
	F7_('SW13', 'SW21')_t3_min: 22459
	F17_('SW12', 'SBAND1')_t4_max: 30560
	F25_('BFCU', 'SW22')_t4_min: 3588
	('SW11', 'DU3')_gcl_length: 0
	F1_('SMRIU2', 'SW6')_t3_min: 106581
	F8_('SW11', 'DU3')_t3_max: 478
	F46_('SW11', 'DU1')_t3_max: 10337
	F24_('SW6', 'SMRIU1')_t5_min: 7130
	F21_('SW41', 'CM1CA')_t5_max: 1046
	F2_('SW13', 'MIMU2')_t5_max: 6828
	F12_('SW14', 'DU4')_t5_max: 8427
	F4_('BFCU', 'SW22')_t3_min: 25799
	F10_('SW31', 'SW41')_t3_max: 29997
	F2_('CMRIU1', 'SW21')_tb: 6437
	F40_('DU3', 'SW11')_t3_min: 21886
	F17_('SW22', 'SW12')_t3_min: 30192
	F17_('FCM2', 'SW32')_t4_max: 29967
	('SMRIU1', 'SW6')_gcl_length: 0
	('SW6', 'SMRIU1')_gcl_length: 0
	F29_('SBAND2', 'SW12')_t4_min: 93522
	F39_('DU3', 'SW11')_t5_max: 12235
	F46_('SW21', 'SW11')_t5_min: 10072
	F18_('SW11', 'SW21')_t3_max: 1964
	F3_('SW12', 'SBAND2')_t5_max: 886
	F10_('SW12', 'SW21')_t5_min: 29712
	F17_('SW22', 'SW12')_tb: 30192
	F16_('CM2CB', 'SW42')_t5_max: 57435
	F12_('SM1CB', 'SW51')_tb: 7160
	F42_('DU1', 'SW11')_t3_min: 63097
	('SMRIU2', 'SW6')_gcl_length: 0
	F8_('SW13', 'SW21')_t3_min: 323
	F44_('LCM2', 'SW32')_t5_min: 102995
	F18_('SW22', 'SW11')_t5_max: 1957
	F43_('RCM2', 'SW32')_t5_max: 62174
	F42_('SW21', 'SW31')_t3_min: 63267
	('SW22', 'SW7')_gcl_length: 0
	F33_('SW32', 'SW42')_t3_max: 23687
	F11_('SW41', 'SW51')_t5_min: 103330
	F11_('SW11', 'SW21')_t5_max: 103058
	F28_('SW32', 'LCM2')_t4_max: 7469
	F2_('SW13', 'MIMU2')_t4_max: 6785
	F49_('SW41', 'SW31')_t3_max: 14203
	F23_('SW12', 'SW22')_tb: 15724
	F2_('SW21', 'SW13')_t5_min: 6525
	('SW22', 'SW13')_gcl_length: 10
	F44_('LCM2', 'SW32')_t4_min: 102913
	F24_('SW21', 'SW31')_tb: 6832
	F9_('SW14', 'DU5')_tb: 24239
	F29_('SBAND2', 'SW12')_tb: 93522
	('MIMU1', 'SW13')_gcl_length: 0
	('SW52', 'SM2CA')_gcl_length: 2
	F19_('SW41', 'SW31')_t5_min: 6497
	('SW41', 'CM1CA')_gcl_length: 2
	('DU1', 'SW11')_gcl_length: 0
	F14_('MIMU3', 'SW13')_t3_min: 15169
	F48_('SW32', 'SW22')_tb: 3271
	F16_('SW31', 'RCM1')_tb: 57786
	F15_('SW13', 'StarTr1')_t3_min: 108738
	F14_('SW32', 'FCM2')_t3_max: 15687
	F11_('DU2', 'SW11')_t5_min: 102840
	F42_('SW6', 'SMRIU2')_t3_min: 63442
	F42_('SW31', 'SW6')_t5_min: 63440
	('FCM2', 'SW32')_gcl_length: 0
	F49_('SW21', 'SW13')_tb: 14610
	F48_('SW32', 'SW22')_t5_max: 3364
	F12_('SW31', 'SW21')_t5_min: 7574
	F42_('SW31', 'SW6')_t3_min: 63416
	F36_('SW32', 'SW22')_t5_max: 127645
	F20_('StarTr2', 'SW13')_t4_max: 31436
	('SW42', 'SW32')_gcl_length: 2
	F10_('SW41', 'CM1CB')_t4_max: 30270
	F31_('SW52', 'SM2CA')_t5_min: 3695
	F2_('SW13', 'MIMU2')_tb: 6527
	F23_('SBAND2', 'SW12')_t4_min: 15522
	F3_('DU1', 'SW11')_t5_max: 235
	('SW51', 'SM1CB')_gcl_length: 0
	F42_('SW31', 'SW6')_t3_max: 63421
	('SW12', 'SW22')_gcl_length: 2
	F44_('SW32', 'SW22')_t5_min: 103079
	F33_('DU5', 'SW14')_t5_max: 23388
	F27_('CMRIU1', 'SW21')_t5_max: 107
	F34_('LCM1', 'SW31')_t5_max: 138
	F19_('SW31', 'SW21')_t3_max: 6633
	F31_('SMRIU1', 'SW6')_t4_max: 2785
	F0_('CMRIU2', 'SW22')_t4_max: 3630
	('SW42', 'CM2CB')_gcl_length: 0
	F11_('SW31', 'SW41')_t3_max: 103159
	F18_('SW21', 'CMRIU1')_t3_max: 2123
	F33_('SW42', 'CM2CB')_t4_max: 23957
	F39_('SW21', 'CMRIU1')_t5_min: 12311
	F12_('SM1CB', 'SW51')_t4_min: 7160
	F24_('MIMU2', 'SW13')_t5_max: 6681
	('SW32', 'SW42')_gcl_length: 2
	F16_('SW42', 'SW32')_t5_max: 57553
	F31_('SW31', 'SW8')_t5_max: 3353
	F38_('SM1CA', 'SW51')_t5_min: 63244
	F24_('MIMU2', 'SW13')_t4_max: 6583
	F21_('SW41', 'CM1CA')_t5_min: 1046
	F37_('SW51', 'SM1CB')_t4_max: 3924
	F42_('SW11', 'SW21')_t3_min: 63118
	F38_('SM1CA', 'SW51')_t5_max: 63244
	F21_('SW32', 'SW6')_t5_max: 420
	F33_('SW14', 'SW22')_tb: 23390
	F49_('SW21', 'SW13')_t3_min: 14482
	F46_('SW21', 'SW11')_t5_max: 10330
	F12_('SW51', 'SW41')_t3_min: 7264
	F8_('StarTr1', 'SW13')_t4_max: 315
	F27_('CMRIU1', 'SW21')_tb: 1
	F39_('SW11', 'SW21')_t5_min: 12273
	F47_('SW21', 'SW13')_t3_min: 238
	F39_('DU3', 'SW11')_t5_min: 12235
	F33_('SW32', 'SW42')_t5_max: 23826
	F39_('SW11', 'SW21')_tb: 12237
	F24_('MIMU2', 'SW13')_t5_min: 6681
	F22_('SW8', 'SW52')_t3_max: 7592
	F44_('SW22', 'BFCU')_t3_min: 103081
	F7_('StarTr2', 'SW13')_t5_max: 22457
	F4_('SW31', 'RCM1')_t5_max: 26660
	F18_('SW11', 'SW21')_tb: 1830
	F43_('SW51', 'SM1CA')_t3_min: 62536
	F13_('FCM1', 'SW31')_t5_min: 14994
	F41_('SW11', 'DU2')_t3_min: 6074
	F33_('DU5', 'SW14')_tb: 23373
	F22_('SW41', 'SW31')_t3_min: 7151
	F22_('SW8', 'SW52')_tb: 7692
	F36_('SW22', 'BFCU')_t3_min: 127518
	F31_('SW31', 'SW8')_t3_min: 2993
	F9_('SW13', 'SW21')_t3_min: 24151
	F35_('RCM2', 'SW32')_t5_max: 62981
	F13_('SW31', 'SW41')_tb: 14996
	F43_('RCM2', 'SW32')_tb: 62124
	F32_('SW22', 'BFCU')_t5_min: 112
	F11_('SW51', 'SM1CA')_t5_min: 103419
	F27_('CMRIU1', 'SW21')_t4_min: 1
	F14_('SW13', 'SW22')_t3_min: 15254
	F19_('SW41', 'SW31')_tb: 6444
	F49_('SW31', 'SW21')_tb: 14468
	F10_('SW12', 'SW21')_t3_min: 29694
	F10_('SW12', 'SW21')_tb: 29694
	F45_('SW21', 'SW11')_t5_min: 60556
	('SW32', 'FCM2')_gcl_length: 0
	('SW22', 'SW32')_gcl_length: 6
	F10_('SW41', 'CM1CB')_t3_max: 30146
	F10_('SW41', 'CM1CB')_t5_max: 30288
	F49_('SW13', 'StarTr1')_t4_max: 14753
	F25_('SW32', 'RCM2')_t3_min: 3779
	F16_('SW7', 'SW31')_t3_min: 57673
	F27_('CMRIU1', 'SW21')_t4_max: 1
	F0_('CMRIU2', 'SW22')_t4_min: 3630
	F44_('SW22', 'BFCU')_t5_min: 103163
	('SW52', 'SM2CB')_gcl_length: 0
	F3_('SW11', 'SW21')_tb: 237
	F49_('SW31', 'SW21')_t5_max: 14480
	F48_('FCM2', 'SW32')_t5_min: 3207
	F45_('SW21', 'SW11')_t3_min: 60511
	F10_('SBAND1', 'SW12')_t4_min: 29674
	F47_('SW13', 'StarTr1')_t3_max: 488
	F28_('DU1', 'SW11')_t3_min: 7117
	F3_('SW11', 'SW21')_t3_min: 237
	('SW6', 'SW31')_gcl_length: 0
	F18_('BFCU', 'SW22')_t4_min: 1770
	F36_('SW22', 'BFCU')_tb: 127518
	F36_('SW32', 'SW22')_tb: 127495
	F20_('SW13', 'StarTr1')_tb: 31509
	F48_('FCM2', 'SW32')_t4_min: 3114
	F47_('SW13', 'StarTr1')_t4_max: 488
	F6_('SW51', 'SW8')_tb: 23686
	F27_('SW21', 'SW13')_t3_min: 109
	F6_('SW42', 'CM2CA')_t5_max: 24095
	F40_('DU3', 'SW11')_tb: 21886
	('SW11', 'SW22')_gcl_length: 10
	F30_('SW22', 'SW13')_t5_min: 15708
	F8_('SW13', 'SW21')_t5_min: 329
	F48_('SW13', 'MIMU2')_tb: 3461
	F25_('BFCU', 'SW22')_t5_min: 3679
	F15_('SW21', 'SW13')_tb: 108616
	F30_('BFCU', 'SW22')_t5_max: 15587
	F31_('SMRIU1', 'SW6')_t4_min: 2785
	F19_('SW31', 'SW21')_t3_min: 6499
	F0_('SW13', 'StarTr2')_t5_min: 3870
	F22_('CM1CB', 'SW41')_t4_max: 7061
	F34_('SW31', 'SW41')_t3_min: 140
	F12_('SW31', 'SW21')_tb: 7472
	F14_('SW22', 'SW32')_tb: 15339
	F15_('SW31', 'SW21')_t5_max: 108609
	F9_('SW13', 'SW21')_tb: 24151
	F8_('SW11', 'DU3')_tb: 473
	F48_('SW22', 'SW13')_t3_max: 3371
	F39_('DU3', 'SW11')_t4_min: 12199
	F5_('SW14', 'DU5')_t5_min: 118745
	F4_('BFCU', 'SW22')_t5_min: 25916
	F0_('CMRIU2', 'SW22')_t5_min: 3707
	F43_('SW8', 'SW51')_t5_min: 62534
	F43_('SW8', 'SW51')_t3_max: 62361
	F36_('RCM2', 'SW32')_t5_min: 127493
	F31_('SW31', 'SW8')_t3_max: 3127
	F16_('SW31', 'RCM1')_t5_max: 58155
	F11_('SW51', 'SM1CA')_t3_min: 103332
	F2_('SW21', 'SW13')_t5_max: 6654
	F43_('SW8', 'SW51')_tb: 62484
	F26_('SW11', 'DU3')_tb: 15663
	F41_('SBAND1', 'SW12')_t5_min: 6018
	F16_('CM2CB', 'SW42')_t5_min: 57435
	F28_('SW11', 'SW22')_t5_max: 7262
	F34_('SW51', 'SM1CA')_t3_max: 451
	F22_('SW41', 'SW31')_t5_max: 7367
	F9_('SW13', 'SW21')_t5_max: 24322
	F3_('SW12', 'SBAND2')_t3_max: 676
	F8_('SW21', 'SW11')_tb: 465
	F40_('SW32', 'SW42')_t3_max: 22496
	F40_('SW42', 'CM2CB')_t5_max: 22979
	F37_('SW41', 'SW51')_t5_max: 3793
	('SW22', 'SW12')_gcl_length: 0
	F13_('SW41', 'CM1CA')_t3_max: 15181
	F35_('RCM2', 'SW32')_t5_min: 62981
	F39_('SW21', 'CMRIU1')_t5_max: 12569
	F1_('SW21', 'SW14')_tb: 107108
	('SW11', 'DU2')_gcl_length: 0
	F16_('SW32', 'SW7')_tb: 57560
	F11_('SW31', 'SW41')_tb: 103154
	F22_('SW52', 'SM2CB')_t5_min: 7870
	F7_('SW21', 'CMRIU1')_tb: 22530
	F34_('SW31', 'SW41')_t5_min: 229
	F29_('SBAND2', 'SW12')_t5_min: 93542
	F49_('SW13', 'StarTr1')_t3_max: 14629
	F5_('MIMU1', 'SW13')_t5_min: 118457
	('SW8', 'SW32')_gcl_length: 2
	F37_('CM1CA', 'SW41')_t4_max: 3512
	F33_('DU5', 'SW14')_t5_min: 23388
	F28_('DU1', 'SW11')_t4_max: 7117
	F20_('SW13', 'StarTr1')_t5_max: 31709
	F19_('CM1CA', 'SW41')_t5_min: 6442
	F33_('SW32', 'SW42')_t5_min: 23439
	F17_('FCM2', 'SW32')_t5_max: 30075
	F30_('SW13', 'StarTr1')_t3_min: 15710
	F25_('SW32', 'RCM2')_tb: 3779
	F18_('SW11', 'SW21')_t5_max: 2116
	F41_('SW12', 'SW21')_t5_min: 6045
	F4_('SW7', 'SW31')_tb: 26037
	F2_('CMRIU1', 'SW21')_t4_max: 6437
	F3_('DU1', 'SW11')_t3_min: 149
	F21_('RCM2', 'SW32')_tb: 175
	('SW7', 'SW31')_gcl_length: 0
	F25_('SW22', 'SW32')_t5_min: 3777
	F38_('SM1CA', 'SW51')_tb: 63123
	F22_('SW41', 'SW31')_tb: 7279
	F22_('SW52', 'SM2CB')_t5_max: 7999
	F5_('MIMU1', 'SW13')_t4_max: 118363
	F49_('SM1CA', 'SW51')_t4_max: 14042
	F22_('SW41', 'SW31')_t5_min: 7367
	F49_('SW51', 'SW41')_tb: 14184
	F40_('SW32', 'SW42')_t5_min: 22476
	('LCM1', 'SW31')_gcl_length: 0
	F21_('SW41', 'CM1CA')_t4_max: 927
	F38_('SW41', 'SW31')_t3_max: 63502
	F19_('SW11', 'DU3')_t3_min: 6609
	F35_('SW11', 'DU3')_tb: 63179
	F21_('SW6', 'SW31')_t3_max: 427
	F25_('BFCU', 'SW22')_tb: 3588
	F49_('SW41', 'SW31')_t5_min: 14338
	F46_('SW21', 'SW11')_t3_min: 10025
	F41_('SBAND1', 'SW12')_t3_min: 5993
	F49_('SM1CA', 'SW51')_t3_min: 14042
	F48_('SW13', 'MIMU2')_t5_max: 3812
	F47_('SW11', 'SW21')_t5_min: 236
	F29_('SBAND2', 'SW12')_t5_max: 93542
	F28_('SW32', 'LCM2')_t3_max: 7345
	F18_('SW21', 'CMRIU1')_t5_max: 2275
	F34_('LCM1', 'SW31')_tb: 54
	F5_('SW14', 'DU5')_tb: 118651
	F5_('MIMU1', 'SW13')_t5_max: 118457
	F3_('SW12', 'SBAND2')_t5_min: 499
	F32_('SW32', 'SW22')_t5_max: 76
	F19_('SW31', 'SW21')_tb: 6499
	F48_('SW32', 'SW22')_t5_min: 3364
	F6_('SM1CA', 'SW51')_t3_min: 23613
	F1_('SW31', 'SW21')_tb: 107018
	F15_('SW31', 'SW21')_t5_min: 108480
	F35_('SW11', 'DU3')_t5_min: 63275
	F2_('SW21', 'SW13')_tb: 6482
	F27_('SW21', 'SW13')_t5_max: 220
	F19_('CM1CA', 'SW41')_t3_min: 6389
	F29_('SW21', 'SW14')_t3_min: 93566
	F19_('CM1CA', 'SW41')_t4_max: 6389
	F8_('SW11', 'DU3')_t4_max: 602
	F40_('SW22', 'SW32')_t3_min: 22246
	F29_('SW21', 'SW14')_t5_max: 93844
	F49_('SW31', 'SW21')_t5_min: 14480
	F6_('SW32', 'SW42')_t3_min: 23827
	('SW12', 'SBAND1')_gcl_length: 0
	F45_('StarTr1', 'SW13')_t4_max: 60412
	F22_('SW8', 'SW52')_t5_min: 7780
	F1_('SW14', 'DU4')_t4_max: 107456
	F7_('SW21', 'CMRIU1')_t3_min: 22530
	F43_('SW51', 'SM1CA')_tb: 62536
	F29_('SW21', 'SW14')_tb: 93566
	F5_('SW21', 'SW14')_t5_max: 118907
	F32_('SW32', 'SW22')_t5_min: 76
	F16_('SW7', 'SW31')_tb: 57673
	('SW12', 'SBAND2')_gcl_length: 0
	F10_('SW21', 'SW31')_tb: 29714
	F7_('StarTr2', 'SW13')_t4_max: 22393
	F42_('SW11', 'SW21')_tb: 63246
	F4_('BFCU', 'SW22')_t4_min: 25799
	F41_('SW12', 'SW21')_t5_max: 6174
	F18_('SW21', 'CMRIU1')_t3_min: 1860
	F7_('StarTr2', 'SW13')_tb: 22393
	F12_('SW51', 'SW41')_t5_min: 7366
	F9_('MIMU1', 'SW13')_t4_min: 24107
	F36_('SW22', 'BFCU')_t3_max: 127652
	('SW22', 'BFCU')_gcl_length: 0
	F28_('SW32', 'LCM2')_tb: 7340
	F45_('SW11', 'DU2')_t5_min: 60603
	F22_('CM1CB', 'SW41')_t5_min: 7149
	F17_('FCM2', 'SW32')_t5_min: 30075
	F49_('SW31', 'SW21')_t3_min: 14340
	F19_('CM1CA', 'SW41')_tb: 6389
	F22_('CM1CB', 'SW41')_t3_min: 7061
	F25_('BFCU', 'SW22')_t3_min: 3588
	('SW31', 'SW8')_gcl_length: 2
	F1_('SW14', 'DU4')_tb: 107198
	F38_('SW41', 'SW31')_tb: 63497
	F46_('SW11', 'DU1')_t5_max: 10508
	F21_('SW6', 'SW31')_t5_min: 541
	F25_('SW22', 'SW32')_tb: 3686
	F7_('SW21', 'CMRIU1')_t5_min: 22594
	F28_('DU1', 'SW11')_tb: 7117
	('SW32', 'RCM2')_gcl_length: 0
	F34_('LCM1', 'SW31')_t3_min: 54
	F10_('SW31', 'SW41')_t3_min: 29734
	F30_('SW13', 'StarTr1')_t5_max: 15913
	F3_('SW12', 'SBAND2')_t4_max: 800
	('SW31', 'SW21')_gcl_length: 18
	F1_('SW21', 'SW14')_t5_min: 107196
	F34_('SW41', 'SW51')_t5_max: 444
	F11_('SW41', 'SW51')_t3_min: 103243
	F12_('SW14', 'DU4')_t3_max: 8201
	F26_('SW22', 'SW11')_t3_min: 15583
	F40_('DU3', 'SW11')_t4_max: 21886
	F44_('SW32', 'SW22')_t3_min: 102997
	F35_('SW32', 'SW22')_tb: 62983
	F43_('SW32', 'SW8')_t5_min: 62354
	F38_('SM1CA', 'SW51')_t4_max: 63123
	F45_('SW11', 'DU2')_t3_min: 60558
	F26_('CMRIU2', 'SW22')_t4_max: 15503
	F2_('CMRIU1', 'SW21')_t4_min: 6437
	F42_('SW31', 'SW6')_tb: 63421
	F40_('SW32', 'SW42')_tb: 22362
	F36_('SW22', 'BFCU')_t5_min: 127539
	F37_('CM1CA', 'SW41')_tb: 3512
	F11_('SW11', 'SW21')_t3_min: 102842
	F14_('MIMU3', 'SW13')_tb: 15169
	F0_('CMRIU2', 'SW22')_t3_min: 3630
	F12_('SW31', 'SW21')_t5_max: 7961
	F38_('SW31', 'RCM1')_t5_max: 63999
	F36_('RCM2', 'SW32')_t4_max: 127472
	F16_('SW32', 'SW7')_t3_max: 57560
	F21_('SW41', 'CM1CA')_tb: 927
	F24_('SW31', 'SW6')_t3_max: 6937
	F30_('SW22', 'SW13')_t5_max: 15708
	F6_('SW51', 'SW8')_t5_max: 23752
	F33_('SW22', 'SW32')_t5_max: 23680
	('SW31', 'SW41')_gcl_length: 2
	F30_('BFCU', 'SW22')_t5_min: 15587
	('CM1CB', 'SW41')_gcl_length: 0
	('SW31', 'SW6')_gcl_length: 2
	('SW22', 'SW11')_gcl_length: 0
	F1_('SMRIU2', 'SW6')_tb: 106581
	F42_('DU1', 'SW11')_t4_min: 63097
	F21_('SW31', 'SW41')_t5_min: 662
	F17_('SW22', 'SW12')_t3_max: 30197
	F7_('SW13', 'SW21')_t5_min: 22528
	F13_('SW31', 'SW41')_t5_max: 15174
	F16_('SW42', 'SW32')_tb: 57442
	F23_('SW22', 'BFCU')_t3_max: 15803
	F41_('SW21', 'SW11')_t5_max: 6330
	F33_('SW14', 'SW22')_t3_min: 23390
	F22_('SW31', 'SW8')_t5_max: 7585
	F28_('SW11', 'SW22')_tb: 7193
	F38_('SW31', 'RCM1')_t5_min: 63741
	F23_('SBAND2', 'SW12')_tb: 15522
	F15_('LCM1', 'SW31')_t3_min: 108238
	F33_('SW42', 'CM2CB')_t3_min: 23441
	F22_('SW52', 'SM2CB')_t4_max: 7911
	F49_('SW13', 'StarTr1')_t5_min: 14636
	F14_('SW32', 'FCM2')_t3_min: 15424
	('SW14', 'DU5')_gcl_length: 0
	F18_('BFCU', 'SW22')_t3_min: 1770
	F48_('SW22', 'SW13')_t3_min: 3366
	F10_('SBAND1', 'SW12')_t5_min: 29692
	F19_('SW11', 'DU3')_t5_max: 7178
	F17_('FCM2', 'SW32')_t3_min: 29967
	F19_('SW31', 'SW21')_t5_min: 6552
	F1_('SW6', 'SW31')_t5_min: 106759
	F22_('SW31', 'SW8')_t3_min: 7369
	F41_('SW12', 'SW21')_tb: 6020
	F27_('SW13', 'StarTr2')_t5_min: 333
	F22_('CM1CB', 'SW41')_tb: 7061
	F31_('SW52', 'SM2CA')_t5_max: 3695
	F49_('SM1CA', 'SW51')_tb: 14042
	F44_('SW32', 'SW22')_t5_max: 103208
	F24_('SW21', 'SW31')_t3_max: 6793
	F14_('SW32', 'FCM2')_t5_min: 15507
	F22_('SW31', 'SW8')_t3_max: 7374
	F6_('SW32', 'SW42')_t5_max: 23898
	('CM1CA', 'SW41')_gcl_length: 0
	F9_('MIMU1', 'SW13')_t3_min: 24107
	F47_('SW13', 'StarTr1')_t5_min: 602
	F24_('SW13', 'SW21')_t3_min: 6683
	F41_('SW21', 'SW11')_t3_max: 6181
	F14_('SW22', 'SW32')_t5_max: 15680
	F1_('SMRIU2', 'SW6')_t4_max: 106581
	F36_('SW22', 'BFCU')_t5_max: 127797
	F38_('SW51', 'SW41')_t5_min: 63495
	F0_('SW22', 'SW13')_t3_min: 3709
	F24_('SW31', 'SW6')_t5_max: 7159
	F40_('SW11', 'SW22')_t5_min: 22244
	F1_('SW31', 'SW21')_t3_max: 106895
	F15_('SW21', 'SW13')_t3_max: 108616
	F8_('SW13', 'SW21')_tb: 323
	F12_('SM1CB', 'SW51')_t4_max: 7160
	F38_('SM1CA', 'SW51')_t4_min: 63123
	F32_('SW32', 'SW22')_t3_min: 37
	F26_('CMRIU2', 'SW22')_t5_min: 15581
	F25_('SW32', 'RCM2')_t3_max: 3784
	F24_('SW6', 'SMRIU1')_t4_max: 7290
	('SW11', 'DU1')_gcl_length: 0
	F32_('LCM2', 'SW32')_tb: 1
	F49_('SW21', 'SW13')_t5_max: 14622
	F28_('SW22', 'SW32')_t5_max: 7338
	F39_('SW11', 'SW21')_t5_max: 12402
	F28_('SW32', 'LCM2')_t3_min: 7340
	F1_('SW14', 'DU4')_t5_min: 107286
	F39_('SW21', 'CMRIU1')_t3_min: 12275
	F15_('SW13', 'StarTr1')_t4_max: 108867
	F16_('SW31', 'RCM1')_t3_min: 57786
	F34_('SW31', 'SW41')_t5_max: 229
	F10_('SBAND1', 'SW12')_t5_max: 29692
	F34_('SW51', 'SM1CA')_t5_max: 535
	F31_('SMRIU1', 'SW6')_t5_max: 2887
	F19_('SW41', 'SW31')_t5_max: 6626
	F8_('SW11', 'DU3')_t5_min: 479
	F22_('SW52', 'SM2CB')_tb: 7782
	F33_('DU5', 'SW14')_t4_max: 23373
	F11_('SW51', 'SM1CA')_t5_max: 103806
	F3_('DU1', 'SW11')_t5_min: 235
	F8_('StarTr1', 'SW13')_t5_max: 321
	F37_('SW41', 'SW51')_t3_min: 3589
	F49_('SW41', 'SW31')_t3_min: 14198
	F1_('SMRIU2', 'SW6')_t4_min: 106581
	F24_('MIMU2', 'SW13')_t4_min: 6583
	F42_('DU1', 'SW11')_tb: 63097
	F3_('SW21', 'SW12')_t3_max: 459
	F41_('SBAND1', 'SW12')_t4_max: 5993
	F46_('SW13', 'SW21')_t5_min: 10023
	F34_('LCM1', 'SW31')_t5_min: 138
	F49_('SM1CA', 'SW51')_t4_min: 14042
	F30_('SW22', 'SW13')_t3_min: 15589
	F35_('SW32', 'SW22')_t5_min: 63079
	F2_('SW13', 'MIMU2')_t5_min: 6570
	F7_('SW13', 'SW21')_tb: 22464
	F21_('RCM2', 'SW32')_t3_min: 175
	('SW14', 'SW22')_gcl_length: 0
	F40_('SW11', 'SW22')_t5_max: 22244
	F34_('SW41', 'SW51')_t5_min: 315
	F29_('SW21', 'SW14')_t5_min: 93586
	('DU3', 'SW11')_gcl_length: 0
	F48_('FCM2', 'SW32')_tb: 3114
	F3_('SW21', 'SW12')_t5_min: 411
	F26_('SW22', 'SW11')_t5_max: 15790
	F17_('SW32', 'SW22')_t5_min: 30190
	F13_('SW31', 'SW41')_t5_min: 15045
	F23_('SW22', 'BFCU')_t3_min: 15798
	F24_('SW31', 'SW6')_t5_min: 7030
	F44_('SW22', 'BFCU')_t5_max: 103421
	F29_('SW14', 'DU5')_t5_min: 93608
	('SW32', 'SW7')_gcl_length: 2
	F12_('SW21', 'SW14')_t3_min: 7576
	F49_('SW13', 'StarTr1')_t5_max: 14765
	F8_('SW13', 'SW21')_t5_max: 458
	F23_('SW22', 'BFCU')_t4_max: 15927
	F15_('LCM1', 'SW31')_t5_min: 108358
	F48_('FCM2', 'SW32')_t4_max: 3114
	F18_('SW21', 'CMRIU1')_t4_max: 2247
	F43_('SW8', 'SW51')_t3_min: 62356
	F11_('DU2', 'SW11')_t4_min: 102753
	F21_('RCM2', 'SW32')_t4_min: 175
	F12_('SM1CB', 'SW51')_t5_max: 7262
	F6_('SW8', 'SW32')_t5_min: 23825
	F26_('SW11', 'DU3')_t5_max: 15999
	F4_('SW22', 'SW7')_t3_min: 25918
	F40_('SW42', 'CM2CB')_tb: 22478
	('SBAND2', 'SW12')_gcl_length: 0
	F1_('SW6', 'SW31')_t5_max: 106888
	F2_('SW13', 'MIMU2')_t3_max: 6661
	F23_('SW12', 'SW22')_t5_max: 15796
	F8_('StarTr1', 'SW13')_t5_min: 321
	F10_('SW41', 'CM1CB')_tb: 29754
	F11_('SW41', 'SW51')_t3_max: 103377
	F28_('SW22', 'SW32')_tb: 7269
	F49_('SW21', 'SW13')_t3_max: 14487
	F30_('SW13', 'StarTr1')_t5_min: 15784
	F17_('SW12', 'SBAND1')_t5_max: 30668
	F12_('SW41', 'SW31')_t5_max: 7728
	F38_('SW51', 'SW41')_t3_min: 63246
	F0_('SW22', 'SW13')_t5_max: 3791
	F47_('SW11', 'SW21')_t3_min: 117
	F4_('SW7', 'SW31')_t3_max: 26171
	F49_('SW13', 'StarTr1')_tb: 14624
	F40_('SW42', 'CM2CB')_t4_max: 22865
	F31_('SW52', 'SM2CA')_t3_max: 3593
	F24_('SW6', 'SMRIU1')_t5_max: 7388
	F17_('SW12', 'SBAND1')_t5_min: 30410
	F17_('SW12', 'SBAND1')_tb: 30302
	('SW51', 'SW8')_gcl_length: 2
	('SW11', 'SW21')_gcl_length: 66
	F0_('SW13', 'StarTr2')_tb: 3793
	F46_('MIMU1', 'SW13')_t4_min: 9927
	F6_('SW8', 'SW32')_tb: 23759
	F44_('SW22', 'BFCU')_t4_max: 103339
	F40_('SW11', 'SW22')_t3_min: 22002
	F49_('SW41', 'SW31')_t5_max: 14338
	F5_('MIMU1', 'SW13')_t3_min: 118363
	F15_('LCM1', 'SW31')_t4_min: 108238
	F21_('SW32', 'SW6')_t3_min: 296
	F47_('DU3', 'SW11')_t5_min: 115
	F24_('SW13', 'SW21')_tb: 6688
	F6_('SW42', 'CM2CA')_t3_min: 23900
	F46_('MIMU1', 'SW13')_t4_max: 9927
	F42_('SW6', 'SMRIU2')_t5_min: 63461
	F35_('SW22', 'SW11')_tb: 63081
	F26_('SW11', 'DU3')_t4_max: 15921
	F47_('SW11', 'SW21')_tb: 122
	F8_('SW11', 'DU3')_t3_min: 473
	F6_('SW32', 'SW42')_tb: 23832
	F40_('SW22', 'SW32')_t3_max: 22251
	('BFCU', 'SW22')_gcl_length: 0
	F47_('DU3', 'SW11')_t3_min: 1
	('SW13', 'StarTr1')_gcl_length: 2
	F47_('SW21', 'SW13')_t5_max: 481
	F19_('SW41', 'SW31')_t3_min: 6444
	F16_('SW31', 'RCM1')_t4_max: 58044
	F7_('SW21', 'CMRIU1')_t4_max: 22659
	F42_('SW21', 'SW31')_t5_max: 63414
	F31_('SW8', 'SW52')_t3_min: 3097
	F35_('SW22', 'SW11')_t3_max: 63215
	F14_('SW32', 'FCM2')_t5_max: 15894
	F15_('SW21', 'SW13')_t5_max: 108736
	F22_('SW52', 'SM2CB')_t3_min: 7782
	F5_('SW14', 'DU5')_t5_max: 119132
	F32_('SW32', 'SW22')_tb: 42
	F48_('SW13', 'MIMU2')_t3_min: 3461
	F33_('SW22', 'SW32')_t3_min: 23407
	F31_('SW8', 'SW52')_t5_max: 3586
	F38_('SW51', 'SW41')_t5_max: 63495
	F14_('SW22', 'SW32')_t5_min: 15422
	F26_('CMRIU2', 'SW22')_tb: 15503
	F18_('BFCU', 'SW22')_t4_max: 1770
	F32_('LCM2', 'SW32')_t4_min: 1
	F0_('SW13', 'StarTr2')_t3_min: 3793
	F3_('DU1', 'SW11')_t4_max: 149
	('SW41', 'SW31')_gcl_length: 6
	F20_('StarTr2', 'SW13')_tb: 31436
	F30_('SW13', 'StarTr1')_t4_max: 15839
	F31_('SMRIU1', 'SW6')_t5_min: 2887
	F9_('SW14', 'DU5')_t5_max: 24668
	F2_('CMRIU1', 'SW21')_t3_min: 6437
	F32_('SW22', 'BFCU')_t3_max: 83
	('SW32', 'LCM2')_gcl_length: 0
	F17_('SW32', 'SW22')_t5_max: 30190
	F33_('SW42', 'CM2CB')_tb: 23441
	F31_('SW52', 'SM2CA')_tb: 3593
	F46_('SW13', 'SW21')_t3_min: 9976
	F35_('RCM2', 'SW32')_tb: 62885
	F14_('SW22', 'SW32')_t3_min: 15339
	('SW21', 'SW12')_gcl_length: 0
	F46_('SW11', 'DU1')_tb: 10074
	F47_('SW21', 'SW13')_t5_min: 352
	F30_('BFCU', 'SW22')_t3_min: 15513
	F6_('SW42', 'CM2CA')_t3_max: 23905
	F27_('SW21', 'SW13')_tb: 114
	F9_('SW21', 'SW14')_t3_min: 24195
	F29_('SW14', 'DU5')_tb: 93588
	F42_('SW31', 'SW6')_t5_max: 63440
	F20_('SW13', 'StarTr1')_t4_max: 31638
	F11_('SW21', 'SW31')_t5_min: 103152
	F28_('SW32', 'LCM2')_t5_min: 7409
	F42_('DU1', 'SW11')_t4_max: 63097
	F10_('SW31', 'SW41')_tb: 29734
	F18_('SW21', 'CMRIU1')_t5_min: 1888
	F37_('SW41', 'SW51')_t5_min: 3664
	F43_('SW51', 'SM1CA')_t5_max: 62715
	F26_('SW11', 'DU3')_t3_min: 15663
	F17_('SW22', 'SW12')_t5_max: 30429
	F20_('SW13', 'StarTr1')_t5_min: 31580
	F20_('StarTr2', 'SW13')_t4_min: 31436
	F45_('SW13', 'SW21')_t5_min: 60509
	F35_('SW11', 'DU3')_t3_min: 63179
	F0_('SW22', 'SW13')_t5_min: 3791
	F45_('SW11', 'DU2')_tb: 60558
	F11_('SW11', 'SW21')_tb: 102842
	F25_('SW22', 'SW32')_t3_min: 3681
	F46_('MIMU1', 'SW13')_t5_max: 9974
	F21_('SW31', 'SW41')_t3_min: 543
	F5_('SW21', 'SW14')_t5_min: 118649
	F11_('SW41', 'SW51')_t5_max: 103588
	F4_('SW7', 'SW31')_t3_min: 26037
	F44_('LCM2', 'SW32')_tb: 102913
	F39_('DU3', 'SW11')_tb: 12199
	F12_('SW41', 'SW31')_t3_max: 7502
	F14_('SW13', 'SW22')_t5_max: 15466
	F32_('SW22', 'BFCU')_t4_max: 207
	F17_('SW12', 'SBAND1')_t3_max: 30436
	F12_('SW51', 'SW41')_tb: 7264
	F45_('StarTr1', 'SW13')_t5_max: 60457
	F9_('MIMU1', 'SW13')_tb: 24107
	F19_('SW11', 'DU3')_t5_min: 6662
	F41_('SW11', 'DU2')_t5_min: 6099
	F29_('SW12', 'SW21')_t3_min: 93544
	F8_('StarTr1', 'SW13')_t3_min: 315
	F38_('SW51', 'SW41')_tb: 63374
	F6_('SW32', 'SW42')_t5_min: 23898
	F33_('SW32', 'SW42')_t3_min: 23424
	F28_('DU1', 'SW11')_t4_min: 7117
	F19_('CM1CA', 'SW41')_t4_min: 6389
	F21_('RCM2', 'SW32')_t5_max: 294
	F14_('MIMU3', 'SW13')_t4_max: 15169
	F6_('SW42', 'CM2CA')_tb: 23900
	F23_('SW12', 'SW22')_t5_min: 15796
	F10_('SW41', 'CM1CB')_t5_min: 29772
	('SW41', 'CM1CB')_gcl_length: 0
	F42_('SW6', 'SMRIU2')_t4_max: 63571
	F1_('SW6', 'SW31')_tb: 106671
	F44_('SW22', 'BFCU')_t3_max: 103215
	F41_('SBAND1', 'SW12')_t4_min: 5993
	F21_('RCM2', 'SW32')_t4_max: 175
	F33_('SW32', 'SW42')_tb: 23424
	F6_('SW51', 'SW8')_t3_min: 23681
	F29_('SW12', 'SW21')_t5_max: 93693
	F42_('SW21', 'SW31')_t5_min: 63414
	F29_('SW14', 'DU5')_t3_max: 93851
	F6_('SW51', 'SW8')_t5_min: 23752
	F30_('SW22', 'SW13')_tb: 15634
	F22_('SW8', 'SW52')_t3_min: 7587
	F28_('SW32', 'LCM2')_t5_max: 7538
	F47_('SW13', 'StarTr1')_tb: 488
	F6_('SM1CA', 'SW51')_tb: 23613
	F46_('SW21', 'SW11')_t3_max: 10159
	('StarTr1', 'SW13')_gcl_length: 0
	F31_('SW8', 'SW52')_tb: 3097
	F31_('SMRIU1', 'SW6')_tb: 2785
	F39_('DU3', 'SW11')_t4_max: 12199
	F3_('SW21', 'SW12')_tb: 325
	F12_('SW21', 'SW14')_t3_max: 7968
	F5_('SW13', 'SW21')_t3_min: 118459
	F4_('SW22', 'SW7')_tb: 25918
	F46_('SW21', 'SW11')_tb: 10025
	F10_('SBAND1', 'SW12')_tb: 29674
	F31_('SW8', 'SW52')_t5_min: 3199
	F11_('DU2', 'SW11')_t4_max: 102753
	F9_('SW13', 'SW21')_t5_min: 24193
	('SW21', 'SW14')_gcl_length: 0
	F31_('SW31', 'SW8')_tb: 2993
	F41_('SW21', 'SW11')_t3_min: 6047
	F17_('SW12', 'SBAND1')_t3_min: 30302
	F49_('SM1CA', 'SW51')_t5_min: 14054
	F30_('BFCU', 'SW22')_tb: 15513
	F21_('SW31', 'SW41')_tb: 543
	F24_('SW6', 'SMRIU1')_t3_max: 7166
	F38_('SW41', 'SW31')_t5_min: 63618
	F1_('SW21', 'SW14')_t3_max: 107113
	F6_('SW42', 'CM2CA')_t5_min: 23966
	F16_('SW32', 'SW7')_t3_min: 57555
	F43_('SW32', 'SW8')_t3_min: 62176
	F34_('SW31', 'SW41')_tb: 145
	('SW51', 'SW41')_gcl_length: 10
	F7_('StarTr2', 'SW13')_t3_min: 22393
	F42_('DU1', 'SW11')_t5_min: 63116
	('SW13', 'SW22')_gcl_length: 0
	F38_('SW31', 'RCM1')_tb: 63620
	F48_('SW13', 'MIMU2')_t3_max: 3595
	F16_('CM2CB', 'SW42')_t4_max: 57324
	F6_('SM1CA', 'SW51')_t4_max: 23613
	F0_('CMRIU2', 'SW22')_t5_max: 3707
	F16_('SW42', 'SW32')_t3_min: 57437
	F47_('DU3', 'SW11')_t4_max: 1
	F13_('SW41', 'CM1CA')_t5_max: 15354
	('SW31', 'RCM1')_gcl_length: 0
	F35_('SW11', 'DU3')_t5_max: 63662
	F23_('SBAND2', 'SW12')_t4_max: 15522
	F44_('SW32', 'SW22')_tb: 102997
	F13_('FCM1', 'SW31')_tb: 14945
	F13_('FCM1', 'SW31')_t4_max: 14945
	F36_('RCM2', 'SW32')_tb: 127472
	F47_('SW13', 'StarTr1')_t3_min: 354
	F0_('SW13', 'StarTr2')_t5_max: 3999
	F38_('SW41', 'SW31')_t3_min: 63497
	F3_('DU1', 'SW11')_tb: 149
	F0_('SW13', 'StarTr2')_t4_max: 3922
	F34_('LCM1', 'SW31')_t4_min: 54
	F33_('SW42', 'CM2CB')_t5_max: 23972
	F19_('SW21', 'SW11')_t3_min: 6554
	F1_('SMRIU2', 'SW6')_t5_max: 106669
	F10_('SW12', 'SW21')_t5_max: 29841
	F32_('SW22', 'BFCU')_tb: 78
	F44_('LCM2', 'SW32')_t3_min: 102913
	F35_('RCM2', 'SW32')_t3_min: 62885
	F33_('SW22', 'SW32')_t3_max: 23541
	F10_('SW31', 'SW41')_t5_max: 30139
	F27_('SW13', 'StarTr2')_t5_max: 333
	F10_('SBAND1', 'SW12')_t4_max: 29674
	F42_('SW6', 'SMRIU2')_tb: 63442
	F23_('SW22', 'BFCU')_t5_max: 15999
	F12_('SW41', 'SW31')_t5_min: 7470
	F35_('SW32', 'SW22')_t3_min: 62983
	F15_('LCM1', 'SW31')_tb: 108238
	F3_('SW21', 'SW12')_t5_max: 669
	F14_('SW22', 'SW32')_t3_max: 15473
	F41_('SW21', 'SW11')_tb: 6047
	F13_('SW41', 'CM1CA')_tb: 15047
	F30_('SW13', 'StarTr1')_t3_max: 15715
	F17_('SW32', 'SW22')_tb: 30082
	F29_('SW12', 'SW21')_tb: 93544
	F22_('SW31', 'SW8')_tb: 7497
	F40_('DU3', 'SW11')_t4_min: 21886
	F26_('SW11', 'DU3')_t3_max: 15797
	F17_('SW32', 'SW22')_t3_min: 30077
	F31_('SW6', 'SW31')_tb: 2889
	('SM1CA', 'SW51')_gcl_length: 0
	F11_('SW51', 'SM1CA')_t4_max: 103719
	F1_('SW21', 'SW14')_t5_max: 107325
	F4_('SW22', 'SW7')_t5_max: 26164
	F41_('SW11', 'DU2')_t4_max: 6461
	F39_('SW21', 'CMRIU1')_tb: 12275
	F37_('SW51', 'SM1CB')_tb: 3666
	F3_('SW11', 'SW21')_t5_min: 323
	F10_('SW21', 'SW31')_t3_min: 29714
	('SW21', 'SW11')_gcl_length: 2
	F27_('SW13', 'StarTr2')_tb: 227
	F41_('SW11', 'DU2')_t3_max: 6337
	F25_('SW32', 'RCM2')_t5_min: 3870
	F7_('SW21', 'CMRIU1')_t5_max: 22723
	F9_('SW14', 'DU5')_t5_min: 24281
	F22_('SW31', 'SW8')_t5_min: 7585
	F35_('SW32', 'SW22')_t5_max: 63208
	F16_('SW31', 'RCM1')_t5_min: 57897
	F19_('SW11', 'DU3')_tb: 6609
	F45_('SW21', 'SW11')_tb: 60511
	F5_('SW13', 'SW21')_tb: 118459
	F27_('CMRIU1', 'SW21')_t3_min: 1
	F37_('SW51', 'SM1CB')_t3_min: 3666
	F39_('SW11', 'SW21')_t3_min: 12237
	F18_('SW22', 'SW11')_tb: 1800
	F48_('SW22', 'SW13')_t5_max: 3588
	F1_('SW6', 'SW31')_t3_min: 106671
	('LCM2', 'SW32')_gcl_length: 0
	F6_('SM1CA', 'SW51')_t4_min: 23613
	F29_('SW12', 'SW21')_t5_min: 93564
	F25_('SW22', 'SW32')_t5_max: 3777
	F7_('StarTr2', 'SW13')_t4_min: 22393
	F13_('FCM1', 'SW31')_t4_min: 14945
	F32_('LCM2', 'SW32')_t3_min: 1
	('DU5', 'SW14')_gcl_length: 0
	F20_('StarTr2', 'SW13')_t3_min: 31436
	F49_('SW13', 'StarTr1')_t3_min: 14624
	F16_('SW7', 'SW31')_t3_max: 57678
	F40_('SW22', 'SW32')_tb: 22246
	F40_('SW11', 'SW22')_tb: 22130
	F35_('RCM2', 'SW32')_t4_max: 62885
	F36_('SW22', 'BFCU')_t4_max: 127776
	F4_('SW31', 'RCM1')_t5_min: 26273
	F36_('RCM2', 'SW32')_t4_min: 127472
	('RCM2', 'SW32')_gcl_length: 0
	F13_('FCM1', 'SW31')_t3_min: 14945
	F25_('SW32', 'RCM2')_t5_max: 3999
	F14_('MIMU3', 'SW13')_t5_max: 15252
	F7_('SW21', 'CMRIU1')_t3_max: 22535
	F33_('SW22', 'SW32')_t5_min: 23422
	('SW8', 'SW52')_gcl_length: 2
	F17_('SW22', 'SW12')_t5_min: 30300
	F45_('SW11', 'DU2')_t4_max: 60816
	F38_('SW41', 'SW31')_t5_max: 63747
	('SW21', 'CMRIU1')_gcl_length: 0
	F28_('SW22', 'SW32')_t5_min: 7338
	F24_('MIMU2', 'SW13')_tb: 6583
	F34_('SW51', 'SM1CA')_t3_min: 317
	F6_('SM1CA', 'SW51')_t5_max: 23679
	F48_('SW22', 'SW13')_t5_min: 3459
	F23_('SW22', 'BFCU')_t5_min: 15870
	F30_('SW13', 'StarTr1')_tb: 15710
	F37_('SW51', 'SM1CB')_t5_min: 3741
	F12_('SW31', 'SW21')_t3_max: 7735
	F29_('SW14', 'DU5')_t3_min: 93588
	F21_('SW41', 'CM1CA')_t3_max: 927
	F46_('MIMU1', 'SW13')_tb: 9927
	F33_('DU5', 'SW14')_t3_min: 23373
	F15_('SW13', 'StarTr1')_t3_max: 108743
	F18_('SW11', 'SW21')_t5_min: 1858
	F27_('SW21', 'SW13')_t5_min: 220
	F10_('SBAND1', 'SW12')_t3_min: 29674
	('SW32', 'SW8')_gcl_length: 2
	('SW14', 'DU4')_gcl_length: 0
	F4_('BFCU', 'SW22')_t4_max: 25799
	F49_('SW41', 'SW31')_tb: 14326
	F14_('SW32', 'FCM2')_tb: 15424
	F11_('SW31', 'SW41')_t3_min: 103154
	F11_('SW31', 'SW41')_t5_max: 103370
	F5_('SW13', 'SW21')_t5_max: 118682
	F3_('SW21', 'SW12')_t3_min: 325
	F10_('SW21', 'SW31')_t3_max: 29848
	('CMRIU2', 'SW22')_gcl_length: 0
	F26_('SW22', 'SW11')_tb: 15583
	F43_('SW51', 'SM1CA')_t3_max: 62541
	F42_('SW6', 'SMRIU2')_t3_max: 63447
	F34_('SW51', 'SM1CA')_t4_max: 451
	F15_('SW13', 'StarTr1')_t5_min: 108858
	F31_('SW6', 'SW31')_t5_max: 3120
	F16_('CM2CB', 'SW42')_t4_min: 57324
	F45_('StarTr1', 'SW13')_tb: 60412
	F14_('MIMU3', 'SW13')_t5_min: 15252
	F5_('MIMU1', 'SW13')_t4_min: 118363
	F16_('SW7', 'SW31')_t5_max: 57913
	F36_('RCM2', 'SW32')_t3_min: 127472
	F24_('SW21', 'SW31')_t5_max: 6930
	F32_('SW22', 'BFCU')_t3_min: 78
	F22_('CM1CB', 'SW41')_t5_max: 7149
	F47_('SW11', 'SW21')_t5_max: 236
	F34_('SW41', 'SW51')_t3_max: 236
	F11_('DU2', 'SW11')_tb: 102753
