0. Flow F0 [RCM2-->StarTr1] with period 16000, payload 1274B, e2e delay 16000us, jitter 1600us
	('RCM2', 'SW32'), Operation(5503, None, 5605)(5503, 5503)
	('SW32', 'SW22'), Operation(5607, None, 5838)(5607, 5736)
	('SW22', 'SW13'), Operation(5711, None, 6071)(5711, 5969)
	('SW13', 'StarTr1'), Operation(5815, None, 6304)(5815, 6202)
1. Flow F1 [SMRIU2-->CM1CB] with period 16000, payload 456B, e2e delay 16000us, jitter 1600us
	('SMRIU2', 'SW6'), Operation(13930, None, 13967)(13930, 13930)
	('SW6', 'SW31'), Operation(13969, None, 14135)(13969, 14098)
	('SW31', 'SW41'), Operation(14008, None, 14303)(14008, 14266)
	('SW41', 'CM1CB'), Operation(14047, None, 14471)(14047, 14434)
2. Flow F2 [SM1CB-->MIMU2] with period 4000, payload 1418B, e2e delay 4000us, jitter 400us
	('SM1CB', 'SW51'), Operation(1185, None, 1299)(1185, 1185)
	('SW51', 'SW41'), Operation(1301, 1306, 1420)(1306, 1306)
	('SW41', 'SW31'), Operation(1422, 1427, 1541)(1427, 1427)
	('SW31', 'SW21'), Operation(1543, None, 1786)(1543, 1672)
	('SW21', 'SW13'), Operation(1659, None, 2031)(1659, 1917)
	('SW13', 'MIMU2'), Operation(1775, None, 2276)(1775, 2162)
3. Flow F3 [RCM1-->DU4] with period 8000, payload 1278B, e2e delay 8000us, jitter 800us
	('RCM1', 'SW31'), Operation(1682, None, 1785)(1682, 1682)
	('SW31', 'SW21'), Operation(1787, None, 2019)(1787, 1916)
	('SW21', 'SW14'), Operation(1892, None, 2253)(1892, 2150)
	('SW14', 'DU4'), Operation(1997, None, 2487)(1997, 2384)
4. Flow F4 [SM2CA-->MIMU2] with period 8000, payload 1464B, e2e delay 8000us, jitter 800us
	('SM2CA', 'SW52'), Operation(5690, None, 5808)(5690, 5690)
	('SW52', 'SW42'), Operation(5810, None, 6057)(5810, 5939)
	('SW42', 'SW32'), Operation(5930, 6064, 6182)(6064, 6064)
	('SW32', 'SW22'), Operation(6184, None, 6431)(6184, 6313)
	('SW22', 'SW13'), Operation(6304, 6438, 6556)(6438, 6438)
	('SW13', 'MIMU2'), Operation(6558, None, 6805)(6558, 6687)
5. Flow F5 [RCM1-->DU4] with period 4000, payload 1229B, e2e delay 4000us, jitter 400us
	('RCM1', 'SW31'), Operation(3210, None, 3309)(3210, 3210)
	('SW31', 'SW21'), Operation(3311, None, 3539)(3311, 3440)
	('SW21', 'SW14'), Operation(3412, None, 3769)(3412, 3670)
	('SW14', 'DU4'), Operation(3513, None, 3999)(3513, 3900)
6. Flow F6 [SM1CA-->RCM2] with period 64000, payload 407B, e2e delay 64000us, jitter 6400us
	('SM1CA', 'SW51'), Operation(62216, None, 62249)(62216, 62216)
	('SW51', 'SW8'), Operation(62251, 62256, 62289)(62256, 62256)
	('SW8', 'SW32'), Operation(62291, 62296, 62329)(62296, 62296)
	('SW32', 'RCM2'), Operation(62331, None, 62493)(62331, 62460)
7. Flow F7 [FCM2-->DU5] with period 32000, payload 406B, e2e delay 32000us, jitter 3200us
	('FCM2', 'SW32'), Operation(5533, None, 5566)(5533, 5533)
	('SW32', 'SW22'), Operation(5568, 5573, 5606)(5573, 5573)
	('SW22', 'SW14'), Operation(5608, None, 5770)(5608, 5737)
	('SW14', 'DU5'), Operation(5643, None, 5934)(5643, 5901)
8. Flow F8 [CMRIU1-->CMRIU2] with period 64000, payload 1075B, e2e delay 64000us, jitter 6400us
	('CMRIU1', 'SW21'), Operation(62539, None, 62625)(62539, 62539)
	('SW21', 'SW11'), Operation(62627, None, 62842)(62627, 62756)
	('SW11', 'SW22'), Operation(62715, 62849, 62935)(62849, 62849)
	('SW22', 'CMRIU2'), Operation(62937, None, 63152)(62937, 63066)
9. Flow F9 [DU4-->SMRIU2] with period 64000, payload 166B, e2e delay 64000us, jitter 6400us
	('DU4', 'SW14'), Operation(14960, None, 14974)(14960, 14960)
	('SW14', 'SW21'), Operation(14976, 14981, 14995)(14981, 14981)
	('SW21', 'SW31'), Operation(14997, None, 15140)(14997, 15126)
	('SW31', 'SW6'), Operation(15013, 15147, 15161)(15147, 15147)
	('SW6', 'SMRIU2'), Operation(15163, None, 15306)(15163, 15292)
10. Flow F10 [FCM2-->StarTr1] with period 32000, payload 1478B, e2e delay 32000us, jitter 3200us
	('FCM2', 'SW32'), Operation(5932, None, 6051)(5932, 5932)
	('SW32', 'SW22'), Operation(6053, 6058, 6177)(6058, 6058)
	('SW22', 'SW13'), Operation(6179, 6184, 6303)(6184, 6184)
	('SW13', 'StarTr1'), Operation(6305, 6310, 6429)(6310, 6310)
11. Flow F11 [CMRIU1-->SBAND1] with period 16000, payload 137B, e2e delay 16000us, jitter 1600us
	('CMRIU1', 'SW21'), Operation(14954, None, 14965)(14954, 14954)
	('SW21', 'SW12'), Operation(14967, 14972, 14983)(14972, 14972)
	('SW12', 'SBAND1'), Operation(14985, None, 15125)(14985, 15114)
12. Flow F12 [CMRIU2-->FCM1] with period 32000, payload 345B, e2e delay 32000us, jitter 3200us
	('CMRIU2', 'SW22'), Operation(30913, None, 30941)(30913, 30913)
	('SW22', 'SW7'), Operation(30943, None, 31100)(30943, 31072)
	('SW7', 'SW31'), Operation(30973, None, 31259)(30973, 31231)
	('SW31', 'FCM1'), Operation(31003, None, 31418)(31003, 31390)
13. Flow F13 [SBAND2-->FCM1] with period 4000, payload 704B, e2e delay 4000us, jitter 400us
	('SBAND2', 'SW12'), Operation(3242, None, 3299)(3242, 3242)
	('SW12', 'SW21'), Operation(3301, None, 3487)(3301, 3430)
	('SW21', 'SW31'), Operation(3360, None, 3675)(3360, 3618)
	('SW31', 'FCM1'), Operation(3419, None, 3863)(3419, 3806)
14. Flow F14 [DU1-->CMRIU2] with period 16000, payload 1504B, e2e delay 16000us, jitter 1600us
	('DU1', 'SW11'), Operation(14960, None, 15081)(14960, 14960)
	('SW11', 'SW22'), Operation(15083, 15088, 15209)(15088, 15088)
	('SW22', 'CMRIU2'), Operation(15211, 15216, 15337)(15216, 15216)
15. Flow F15 [SM2CB-->CM1CA] with period 2000, payload 260B, e2e delay 2000us, jitter 200us
	('SM2CB', 'SW52'), Operation(101, None, 122)(101, 101)
	('SW52', 'SW8'), Operation(124, None, 274)(124, 253)
	('SW8', 'SW31'), Operation(147, 281, 302)(281, 281)
	('SW31', 'SW41'), Operation(304, 309, 330)(309, 309)
	('SW41', 'CM1CA'), Operation(332, None, 482)(332, 461)
16. Flow F16 [MIMU1-->SBAND2] with period 64000, payload 1418B, e2e delay 64000us, jitter 6400us
	('MIMU1', 'SW13'), Operation(14092, None, 14206)(14092, 14092)
	('SW13', 'SW21'), Operation(14208, 14213, 14327)(14213, 14213)
	('SW21', 'SW12'), Operation(14329, None, 14572)(14329, 14458)
	('SW12', 'SBAND2'), Operation(14445, None, 14817)(14445, 14703)
17. Flow F17 [CM2CA-->FCM1] with period 16000, payload 1134B, e2e delay 16000us, jitter 1600us
	('CM2CA', 'SW42'), Operation(14271, None, 14362)(14271, 14271)
	('SW42', 'SW32'), Operation(14364, 14369, 14460)(14369, 14369)
	('SW32', 'SW7'), Operation(14462, 14467, 14558)(14467, 14467)
	('SW7', 'SW31'), Operation(14560, None, 14780)(14560, 14689)
	('SW31', 'FCM1'), Operation(14653, None, 15002)(14653, 14911)
18. Flow F18 [SMRIU1-->DU3] with period 16000, payload 814B, e2e delay 16000us, jitter 1600us
	('SMRIU1', 'SW6'), Operation(14565, None, 14631)(14565, 14565)
	('SW6', 'SW31'), Operation(14633, None, 14828)(14633, 14762)
	('SW31', 'SW21'), Operation(14701, 14835, 14901)(14835, 14835)
	('SW21', 'SW11'), Operation(14903, None, 15098)(14903, 15032)
	('SW11', 'DU3'), Operation(14971, None, 15295)(14971, 15229)
19. Flow F19 [MIMU2-->CM1CA] with period 128000, payload 1216B, e2e delay 128000us, jitter 12800us
	('MIMU2', 'SW13'), Operation(78228, None, 78326)(78228, 78228)
	('SW13', 'SW21'), Operation(78328, None, 78555)(78328, 78457)
	('SW21', 'SW31'), Operation(78428, None, 78784)(78428, 78686)
	('SW31', 'SW41'), Operation(78528, None, 79013)(78528, 78915)
	('SW41', 'CM1CA'), Operation(78628, None, 79242)(78628, 79144)
20. Flow F20 [FCM1-->DU3] with period 16000, payload 1508B, e2e delay 16000us, jitter 1600us
	('FCM1', 'SW31'), Operation(14125, None, 14246)(14125, 14125)
	('SW31', 'SW21'), Operation(14248, None, 14498)(14248, 14377)
	('SW21', 'SW11'), Operation(14371, 14505, 14626)(14505, 14505)
	('SW11', 'DU3'), Operation(14628, None, 14878)(14628, 14757)
21. Flow F21 [LCM1-->MIMU2] with period 8000, payload 171B, e2e delay 8000us, jitter 800us
	('LCM1', 'SW31'), Operation(1113, None, 1127)(1113, 1113)
	('SW31', 'SW21'), Operation(1129, None, 1272)(1129, 1258)
	('SW21', 'SW13'), Operation(1145, None, 1417)(1145, 1403)
	('SW13', 'MIMU2'), Operation(1161, None, 1562)(1161, 1548)
22. Flow F22 [CMRIU2-->SM1CA] with period 8000, payload 293B, e2e delay 8000us, jitter 800us
	('CMRIU2', 'SW22'), Operation(4546, None, 4570)(4546, 4546)
	('SW22', 'SW32'), Operation(4572, 4577, 4601)(4577, 4577)
	('SW32', 'SW8'), Operation(4603, 4608, 4632)(4608, 4608)
	('SW8', 'SW51'), Operation(4634, 4639, 4663)(4639, 4639)
	('SW51', 'SM1CA'), Operation(4665, None, 4818)(4665, 4794)
23. Flow F23 [SBAND1-->StarTr2] with period 8000, payload 535B, e2e delay 8000us, jitter 800us
	('SBAND1', 'SW12'), Operation(753, None, 796)(753, 753)
	('SW12', 'SW21'), Operation(798, None, 970)(798, 927)
	('SW21', 'SW13'), Operation(843, None, 1144)(843, 1101)
	('SW13', 'StarTr2'), Operation(888, None, 1318)(888, 1275)
24. Flow F24 [SMRIU1-->MIMU1] with period 64000, payload 1391B, e2e delay 64000us, jitter 6400us
	('SMRIU1', 'SW6'), Operation(1, None, 113)(1, 1)
	('SW6', 'SW31'), Operation(115, None, 356)(115, 244)
	('SW31', 'SW21'), Operation(229, None, 599)(229, 487)
	('SW21', 'SW13'), Operation(343, None, 842)(343, 730)
	('SW13', 'MIMU1'), Operation(457, 849, 961)(849, 849)
25. Flow F25 [SBAND2-->SBAND1] with period 16000, payload 745B, e2e delay 16000us, jitter 1600us
	('SBAND2', 'SW12'), Operation(3181, None, 3241)(3181, 3181)
	('SW12', 'SBAND1'), Operation(3243, None, 3432)(3243, 3372)
26. Flow F26 [RCM2-->CM2CB] with period 16000, payload 394B, e2e delay 16000us, jitter 1600us
	('RCM2', 'SW32'), Operation(10835, None, 10867)(10835, 10835)
	('SW32', 'SW42'), Operation(10869, 10874, 10906)(10874, 10874)
	('SW42', 'CM2CB'), Operation(10908, 10913, 10945)(10913, 10913)
27. Flow F27 [CM2CA-->SMRIU1] with period 128000, payload 628B, e2e delay 128000us, jitter 12800us
	('CM2CA', 'SW42'), Operation(126130, None, 126181)(126130, 126130)
	('SW42', 'SW32'), Operation(126183, None, 126363)(126183, 126312)
	('SW32', 'SW6'), Operation(126236, None, 126545)(126236, 126494)
	('SW6', 'SMRIU1'), Operation(126289, None, 126727)(126289, 126676)
28. Flow F28 [MIMU3-->LCM2] with period 8000, payload 901B, e2e delay 8000us, jitter 800us
	('MIMU3', 'SW13'), Operation(4452, None, 4525)(4452, 4452)
	('SW13', 'SW22'), Operation(4527, None, 4729)(4527, 4656)
	('SW22', 'SW32'), Operation(4602, 4736, 4809)(4736, 4736)
	('SW32', 'LCM2'), Operation(4811, None, 5013)(4811, 4940)
29. Flow F29 [StarTr2-->MIMU1] with period 32000, payload 1490B, e2e delay 32000us, jitter 3200us
	('StarTr2', 'SW13'), Operation(840, None, 960)(840, 840)
	('SW13', 'MIMU1'), Operation(962, None, 1211)(962, 1091)
30. Flow F30 [LCM1-->CM2CB] with period 8000, payload 1301B, e2e delay 8000us, jitter 800us
	('LCM1', 'SW31'), Operation(1, None, 106)(1, 1)
	('SW31', 'SW8'), Operation(108, 113, 218)(113, 113)
	('SW8', 'SW52'), Operation(220, 225, 330)(225, 225)
	('SW52', 'SW42'), Operation(332, 337, 442)(337, 337)
	('SW42', 'CM2CB'), Operation(444, None, 678)(444, 573)
31. Flow F31 [SM1CA-->StarTr2] with period 128000, payload 897B, e2e delay 128000us, jitter 12800us
	('SM1CA', 'SW51'), Operation(126143, None, 126215)(126143, 126143)
	('SW51', 'SW41'), Operation(126217, None, 126418)(126217, 126346)
	('SW41', 'SW31'), Operation(126291, 126425, 126497)(126425, 126425)
	('SW31', 'SW21'), Operation(126499, None, 126700)(126499, 126628)
	('SW21', 'SW13'), Operation(126573, 126707, 126779)(126707, 126707)
	('SW13', 'StarTr2'), Operation(126781, None, 126982)(126781, 126910)
32. Flow F32 [DU4-->CM2CB] with period 2000, payload 1232B, e2e delay 2000us, jitter 200us
	('DU4', 'SW14'), Operation(260, None, 359)(260, 260)
	('SW14', 'SW22'), Operation(361, 366, 465)(366, 366)
	('SW22', 'SW32'), Operation(467, 472, 571)(472, 472)
	('SW32', 'SW42'), Operation(573, 578, 677)(578, 578)
	('SW42', 'CM2CB'), Operation(679, None, 907)(679, 808)
33. Flow F33 [SMRIU1-->DU2] with period 128000, payload 1203B, e2e delay 128000us, jitter 12800us
	('SMRIU1', 'SW6'), Operation(125589, None, 125686)(125589, 125589)
	('SW6', 'SW31'), Operation(125688, None, 125914)(125688, 125817)
	('SW31', 'SW21'), Operation(125787, None, 126142)(125787, 126045)
	('SW21', 'SW11'), Operation(125886, None, 126370)(125886, 126273)
	('SW11', 'DU2'), Operation(125985, None, 126598)(125985, 126501)
34. Flow F34 [DU5-->SMRIU2] with period 8000, payload 204B, e2e delay 8000us, jitter 800us
	('DU5', 'SW14'), Operation(7638, None, 7655)(7638, 7638)
	('SW14', 'SW21'), Operation(7657, None, 7803)(7657, 7786)
	('SW21', 'SW31'), Operation(7676, 7810, 7827)(7810, 7810)
	('SW31', 'SW6'), Operation(7829, 7834, 7851)(7834, 7834)
	('SW6', 'SMRIU2'), Operation(7853, None, 7999)(7853, 7982)
35. Flow F35 [RCM1-->SM2CA] with period 16000, payload 195B, e2e delay 16000us, jitter 1600us
	('RCM1', 'SW31'), Operation(11193, None, 11209)(11193, 11193)
	('SW31', 'SW8'), Operation(11211, 11216, 11232)(11216, 11216)
	('SW8', 'SW52'), Operation(11234, None, 11379)(11234, 11363)
	('SW52', 'SM2CA'), Operation(11252, None, 11526)(11252, 11510)
36. Flow F36 [SBAND2-->SMRIU2] with period 64000, payload 1174B, e2e delay 64000us, jitter 6400us
	('SBAND2', 'SW12'), Operation(60267, None, 60361)(60267, 60267)
	('SW12', 'SW21'), Operation(60363, None, 60586)(60363, 60492)
	('SW21', 'SW31'), Operation(60459, None, 60811)(60459, 60717)
	('SW31', 'SW6'), Operation(60555, None, 61036)(60555, 60942)
	('SW6', 'SMRIU2'), Operation(60651, None, 61261)(60651, 61167)
37. Flow F37 [FCM2-->SM1CB] with period 128000, payload 1391B, e2e delay 128000us, jitter 12800us
	('FCM2', 'SW32'), Operation(126677, None, 126789)(126677, 126677)
	('SW32', 'SW8'), Operation(126791, 126796, 126908)(126796, 126796)
	('SW8', 'SW51'), Operation(126910, None, 127151)(126910, 127039)
	('SW51', 'SM1CB'), Operation(127024, None, 127394)(127024, 127282)
38. Flow F38 [MIMU3-->CM1CA] with period 4000, payload 948B, e2e delay 4000us, jitter 400us
	('MIMU3', 'SW13'), Operation(92, None, 168)(92, 92)
	('SW13', 'SW21'), Operation(170, 175, 251)(175, 175)
	('SW21', 'SW31'), Operation(253, None, 458)(253, 382)
	('SW31', 'SW41'), Operation(331, 465, 541)(465, 465)
	('SW41', 'CM1CA'), Operation(543, None, 748)(543, 672)
39. Flow F39 [DU3-->SM2CB] with period 128000, payload 1015B, e2e delay 128000us, jitter 12800us
	('DU3', 'SW11'), Operation(10795, None, 10877)(10795, 10795)
	('SW11', 'SW21'), Operation(10879, 10884, 10966)(10884, 10884)
	('SW21', 'SW31'), Operation(10968, 10973, 11055)(10973, 10973)
	('SW31', 'SW8'), Operation(11057, 11062, 11144)(11062, 11062)
	('SW8', 'SW52'), Operation(11146, 11151, 11233)(11151, 11151)
	('SW52', 'SM2CB'), Operation(11235, None, 11446)(11235, 11364)
40. Flow F40 [CM2CA-->CM2CB] with period 2000, payload 127B, e2e delay 2000us, jitter 200us
	('CM2CA', 'SW42'), Operation(1, None, 12)(1, 1)
	('SW42', 'CM2CB'), Operation(14, None, 154)(14, 143)
41. Flow F41 [DU1-->SBAND1] with period 128000, payload 973B, e2e delay 128000us, jitter 12800us
	('DU1', 'SW11'), Operation(126881, None, 126959)(126881, 126881)
	('SW11', 'SW21'), Operation(126961, 126966, 127044)(126966, 126966)
	('SW21', 'SW12'), Operation(127046, None, 127253)(127046, 127175)
	('SW12', 'SBAND1'), Operation(127126, None, 127462)(127126, 127384)
42. Flow F42 [FCM2-->CM2CA] with period 128000, payload 992B, e2e delay 128000us, jitter 12800us
	('FCM2', 'SW32'), Operation(126596, None, 126676)(126596, 126596)
	('SW32', 'SW42'), Operation(126678, None, 126887)(126678, 126807)
	('SW42', 'CM2CA'), Operation(126760, None, 127098)(126760, 127018)
43. Flow F43 [MIMU2-->DU1] with period 64000, payload 1267B, e2e delay 64000us, jitter 6400us
	('MIMU2', 'SW13'), Operation(58836, None, 58938)(58836, 58836)
	('SW13', 'SW21'), Operation(58940, 58945, 59047)(58945, 58945)
	('SW21', 'SW11'), Operation(59049, None, 59280)(59049, 59178)
	('SW11', 'DU1'), Operation(59153, None, 59513)(59153, 59411)
44. Flow F44 [DU2-->CM1CB] with period 16000, payload 1109B, e2e delay 16000us, jitter 1600us
	('DU2', 'SW11'), Operation(14954, None, 15043)(14954, 14954)
	('SW11', 'SW21'), Operation(15045, 15050, 15139)(15050, 15050)
	('SW21', 'SW31'), Operation(15141, None, 15359)(15141, 15270)
	('SW31', 'SW41'), Operation(15232, None, 15579)(15232, 15490)
	('SW41', 'CM1CB'), Operation(15323, None, 15799)(15323, 15710)
45. Flow F45 [MIMU1-->SBAND2] with period 2000, payload 883B, e2e delay 2000us, jitter 200us
	('MIMU1', 'SW13'), Operation(20, None, 91)(20, 20)
	('SW13', 'SW21'), Operation(93, 98, 169)(98, 98)
	('SW21', 'SW12'), Operation(171, 176, 247)(176, 176)
	('SW12', 'SBAND2'), Operation(249, 254, 325)(254, 254)
46. Flow F46 [CMRIU1-->MIMU1] with period 128000, payload 1376B, e2e delay 128000us, jitter 12800us
	('CMRIU1', 'SW21'), Operation(97305, None, 97416)(97305, 97305)
	('SW21', 'SW13'), Operation(97418, None, 97658)(97418, 97547)
	('SW13', 'MIMU1'), Operation(97531, None, 97900)(97531, 97789)
47. Flow F47 [StarTr1-->LCM1] with period 2000, payload 254B, e2e delay 2000us, jitter 200us
	('StarTr1', 'SW13'), Operation(766, None, 787)(766, 766)
	('SW13', 'SW21'), Operation(789, None, 939)(789, 918)
	('SW21', 'SW31'), Operation(812, 946, 967)(946, 946)
	('SW31', 'LCM1'), Operation(969, None, 1119)(969, 1098)
48. Flow F48 [MIMU2-->MIMU3] with period 128000, payload 90B, e2e delay 128000us, jitter 12800us
	('MIMU2', 'SW13'), Operation(122939, None, 122947)(122939, 122939)
	('SW13', 'MIMU3'), Operation(122949, None, 123086)(122949, 123078)
49. Flow F49 [SMRIU1-->LCM1] with period 128000, payload 559B, e2e delay 128000us, jitter 12800us
	('SMRIU1', 'SW6'), Operation(127726, None, 127771)(127726, 127726)
	('SW6', 'SW31'), Operation(127773, 127778, 127823)(127778, 127778)
	('SW31', 'LCM1'), Operation(127825, None, 127999)(127825, 127954)

SMT variables: 
	F36_('SW31', 'SW6')_t4_max: 60942
	F21_('LCM1', 'SW31')_t3_min: 1113
	F4_('SW22', 'SW13')_t4_max: 6438
	F32_jitter: 129
	F12_('SW7', 'SW31')_t4_max: 31231
	F18_('SW11', 'DU3')_t3_min: 14971
	F28_('SW22', 'SW32')_t4_max: 4736
	F37_('SW8', 'SW51')_t4_min: 126910
	F7_('SW32', 'SW22')_t4_min: 5573
	F7_queue_index: 0
	F38_('SW31', 'SW41')_gc: True
	F12_('SW31', 'FCM1')_rr: 0
	F3_('SW21', 'SW14')_t4_max: 2150
	F15_('SM2CB', 'SW52')_rr: 0
	F47_('SW21', 'SW31')_tb: 946
	F18_('SW21', 'SW11')_rr: 0
	('RCM2', 'SW32')_gcl_cycle: 1
	('SW21', 'SW13')_gcl_cycle: 128000
	F6_('SW51', 'SW8')_t4_min: 62256
	('SW51', 'SM1CB')_gcl_cycle: 1
	F36_('SW12', 'SW21')_t4_max: 60492
	F33_('SMRIU1', 'SW6')_gc: False
	F41_('DU1', 'SW11')_t3_max: 126757
	F35_('SW8', 'SW52')_t4_max: 11363
	F0_('SW13', 'StarTr1')_tb: 5815
	F19_('SW31', 'SW41')_rr: 0
	F22_queue_index: 0
	F18_('SW21', 'SW11')_tb: 14903
	('MIMU2', 'SW13')_gcl_cycle: 1
	F31_('SW21', 'SW13')_t4_min: 126707
	F41_('DU1', 'SW11')_rr: 0
	F34_('DU5', 'SW14')_gc: False
	F1_('SW31', 'SW41')_gc: False
	F16_('MIMU1', 'SW13')_gc: False
	F10_('SW32', 'SW22')_t4_max: 6058
	F27_('SW32', 'SW6')_gc: False
	F48_('MIMU2', 'SW13')_gc: False
	('DU4', 'SW14')_gcl_cycle: 1
	F35_('SW31', 'SW8')_gc: True
	F38_('SW31', 'SW41')_t4_min: 465
	F5_('SW21', 'SW14')_rr: 0
	F45_('SW13', 'SW21')_tb: 98
	F4_('SM2CA', 'SW52')_rr: 0
	('SW32', 'SW7')_gcl_cycle: 16000
	F7_('SW32', 'SW22')_t4_max: 5573
	F45_('SW21', 'SW12')_gc: True
	F24_('SW13', 'MIMU1')_t4_min: 849
	F17_('CM2CA', 'SW42')_gc: False
	F34_('SW31', 'SW6')_t4_max: 7834
	('SW8', 'SW51')_gcl_cycle: 8000
	F32_('SW22', 'SW32')_t3_min: 467
	F42_('SW42', 'CM2CA')_gc: False
	F13_jitter: 387
	F1_jitter: 387
	F19_('SW13', 'SW21')_t4_max: 78457
	('SW32', 'LCM2')_gcl_cycle: 1
	F6_('SW51', 'SW8')_gc: True
	F15_jitter: 129
	F30_('SW31', 'SW8')_rr: 16
	F16_('SW21', 'SW12')_t4_max: 14458
	F35_('SW31', 'SW8')_t4_max: 11216
	F49_('SW6', 'SW31')_t4_max: 127778
	F19_('MIMU2', 'SW13')_t3_max: 78104
	F9_('SW21', 'SW31')_rr: 0
	F17_('SW31', 'FCM1')_gc: False
	F38_('SW13', 'SW21')_gc: True
	F9_('SW31', 'SW6')_t4_max: 15147
	F19_('MIMU2', 'SW13')_gc: False
	F6_queue_index: 0
	F13_('SW21', 'SW31')_t5_min: 3417
	F11_('SW12', 'SBAND1')_rr: 0
	F38_('MIMU3', 'SW13')_t3_max: -32
	F23_('SW12', 'SW21')_rr: 0
	F48_jitter: 129
	F34_('SW6', 'SMRIU2')_gc: False
	F7_('FCM2', 'SW32')_gc: False
	F4_('SM2CA', 'SW52')_t5_min: 5808
	F33_('SW31', 'SW21')_gc: False
	F14_('SW22', 'CMRIU2')_rr: 1
	F39_('SW52', 'SM2CB')_rr: 0
	F18_('SW31', 'SW21')_gc: True
	F46_('CMRIU1', 'SW21')_t3_max: 97181
	F15_('SW52', 'SW8')_t5_max: 274
	F30_('SW8', 'SW52')_t5_min: 330
	F15_('SW31', 'SW41')_t3_max: 309
	F8_('SW22', 'CMRIU2')_rr: 0
	F36_('SW21', 'SW31')_t4_min: 60459
	F3_('SW21', 'SW14')_t4_min: 1892
	('SW51', 'SM1CA')_gcl_length: 0
	F17_('CM2CA', 'SW42')_t5_min: 14362
	F4_('SW42', 'SW32')_t3_max: 6064
	F41_('SW21', 'SW12')_t4_min: 127046
	F0_('SW22', 'SW13')_rr: 0
	('SW6', 'SW31')_gcl_cycle: 128000
	F19_('SW31', 'SW41')_t4_min: 78528
	F8_('SW11', 'SW22')_rr: 1
	F16_('MIMU1', 'SW13')_rr: 0
	F29_('SW13', 'MIMU1')_gc: False
	F24_('SMRIU1', 'SW6')_t5_min: 113
	F31_('SW31', 'SW21')_gc: False
	F40_('CM2CA', 'SW42')_t3_max: -123
	F2_('SW31', 'SW21')_gc: False
	F5_('SW21', 'SW14')_gc: False
	F14_('SW22', 'CMRIU2')_t4_min: 15216
	('MIMU3', 'SW13')_gcl_length: 0
	F11_('SW21', 'SW12')_gc: True
	F4_('SW52', 'SW42')_t4_min: 5810
	F34_('SW6', 'SMRIU2')_tb: 7853
	F37_('SW8', 'SW51')_rr: 0
	F8_('SW11', 'SW22')_t4_max: 62849
	F39_('SW31', 'SW8')_t4_min: 11062
	F5_('RCM1', 'SW31')_gc: False
	F6_('SM1CA', 'SW51')_rr: 0
	F21_('LCM1', 'SW31')_t5_min: 1127
	F31_('SW41', 'SW31')_rr: 1
	F34_('SW31', 'SW6')_rr: 8
	F40_('CM2CA', 'SW42')_rr: 0
	F32_('DU4', 'SW14')_gc: False
	F28_jitter: 129
	F12_('SW31', 'FCM1')_gc: False
	F15_('SW41', 'CM1CA')_t4_min: 332
	F2_('SW51', 'SW41')_t5_max: 1420
	F9_('DU4', 'SW14')_tb: 14960
	F34_('SW31', 'SW6')_t3_max: 7834
	F30_('SW42', 'CM2CB')_t3_max: 449
	F24_('SW21', 'SW13')_t4_max: 730
	('SW31', 'SW8')_gcl_cycle: 128000
	F24_('SW21', 'SW13')_gc: False
	F36_('SBAND2', 'SW12')_gc: False
	F42_('SW32', 'SW42')_t4_min: 126678
	F5_('RCM1', 'SW31')_rr: 0
	F31_('SW13', 'StarTr2')_rr: 0
	F3_('SW14', 'DU4')_t5_max: 2487
	F6_('SW8', 'SW32')_rr: 1
	F12_('SW22', 'SW7')_t4_max: 31072
	F7_('FCM2', 'SW32')_t3_max: 5409
	F38_('MIMU3', 'SW13')_rr: 0
	F21_('SW13', 'MIMU2')_t4_min: 1161
	F31_('SW31', 'SW21')_t4_min: 126499
	F47_('SW13', 'SW21')_t4_min: 789
	F13_('SW12', 'SW21')_gc: False
	('SW22', 'SW14')_gcl_cycle: 1
	F37_('SW51', 'SM1CB')_rr: 0
	F36_('SW12', 'SW21')_t4_min: 60363
	F47_('StarTr1', 'SW13')_rr: 0
	F10_('SW22', 'SW13')_rr: 1
	F19_('SW21', 'SW31')_gc: False
	F34_('DU5', 'SW14')_t5_min: 7655
	F6_('SW32', 'RCM2')_t4_min: 62331
	('SW8', 'SW31')_gcl_cycle: 2000
	F29_('StarTr2', 'SW13')_t5_min: 960
	F31_('SW41', 'SW31')_t5_min: 126497
	F34_('SW14', 'SW21')_gc: False
	F27_('SW42', 'SW32')_t4_max: 126312
	F3_('RCM1', 'SW31')_rr: 0
	('SW11', 'SW21')_gcl_cycle: 128000
	F30_('LCM1', 'SW31')_gc: False
	F18_('SW21', 'SW11')_gc: False
	F24_('SW21', 'SW13')_t4_min: 343
	F1_('SW41', 'CM1CB')_t5_max: 14471
	F22_('SW51', 'SM1CA')_t4_min: 4665
	F38_('SW21', 'SW31')_tb: 253
	F31_('SW31', 'SW21')_rr: 0
	F41_('SW11', 'SW21')_gc: True
	F12_('CMRIU2', 'SW22')_t3_max: 30789
	F39_('SW21', 'SW31')_rr: 1
	F38_('SW13', 'SW21')_rr: 16
	F2_('SM1CB', 'SW51')_gc: False
	F21_('SW31', 'SW21')_rr: 0
	F39_('SW11', 'SW21')_gc: True
	F21_('SW31', 'SW21')_gc: False
	('SW14', 'DU4')_gcl_cycle: 1
	F49_queue_index: 0
	F6_('SW51', 'SW8')_t4_max: 62256
	F39_('DU3', 'SW11')_gc: False
	F9_('SW6', 'SMRIU2')_rr: 0
	F38_queue_index: 0
	('SW32', 'SW8')_gcl_cycle: 128000
	F35_('SW31', 'SW8')_t5_min: 11232
	F13_('SW12', 'SW21')_t5_min: 3358
	F2_('SW21', 'SW13')_rr: 0
	F33_('SW21', 'SW11')_rr: 0
	F23_queue_index: 0
	F43_('SW21', 'SW11')_rr: 0
	F15_('SW41', 'CM1CA')_rr: 0
	F0_('SW13', 'StarTr1')_gc: False
	F19_('SW41', 'CM1CA')_t3_max: 79020
	F5_('SW31', 'SW21')_t4_max: 3440
	F9_('SW6', 'SMRIU2')_t4_min: 15163
	F18_jitter: 258
	F2_('SM1CB', 'SW51')_tb: 1185
	F4_('SW22', 'SW13')_t4_min: 6438
	F33_('SMRIU1', 'SW6')_rr: 0
	F11_('SW12', 'SBAND1')_t4_min: 14985
	F44_('SW21', 'SW31')_t4_max: 15270
	F22_('CMRIU2', 'SW22')_rr: 0
	F31_('SW51', 'SW41')_rr: 0
	F45_('MIMU1', 'SW13')_t3_max: -104
	F46_('SW21', 'SW13')_t4_max: 97547
	F8_('SW21', 'SW11')_t3_min: 62627
	F31_('SM1CA', 'SW51')_t3_max: 126019
	F30_('SW52', 'SW42')_t5_min: 442
	F21_jitter: 387
	F11_('CMRIU1', 'SW21')_t3_max: 14830
	F8_('SW21', 'SW11')_gc: False
	F23_('SW21', 'SW13')_rr: 0
	F49_('SW31', 'LCM1')_t3_min: 127825
	F9_('SW31', 'SW6')_gc: True
	F16_('SW12', 'SBAND2')_t4_min: 14445
	F22_('CMRIU2', 'SW22')_gc: False
	('SW42', 'SW32')_gcl_cycle: 16000
	F31_('SW41', 'SW31')_gc: True
	('SW51', 'SM1CA')_gcl_cycle: 1
	('SW21', 'SW14')_gcl_cycle: 1
	F44_('SW41', 'CM1CB')_gc: False
	F31_('SW51', 'SW41')_t4_min: 126217
	F11_queue_index: 0
	F7_('SW22', 'SW14')_gc: False
	F37_('SW8', 'SW51')_t5_max: 127151
	F43_('SW11', 'DU1')_t4_min: 59153
	F45_('SW12', 'SBAND2')_rr: 1
	F25_('SBAND2', 'SW12')_t3_max: 3057
	F40_('SW42', 'CM2CB')_t5_min: 25
	F7_('SW14', 'DU5')_rr: 0
	F35_('SW31', 'SW8')_rr: 8
	F4_('SW13', 'MIMU2')_rr: 0
	F20_('SW11', 'DU3')_gc: False
	('SW22', 'CMRIU2')_gcl_cycle: 16000
	F13_('SW31', 'FCM1')_gc: False
	F15_queue_index: 0
	F16_('SW13', 'SW21')_t5_min: 14327
	F19_('SW21', 'SW31')_t4_max: 78686
	F26_jitter: 0
	F9_('SW14', 'SW21')_gc: True
	F4_('SW42', 'SW32')_t4_min: 6064
	F20_('SW21', 'SW11')_gc: True
	F20_('FCM1', 'SW31')_t4_min: 14125
	F31_('SW31', 'SW21')_t3_max: 126504
	F32_('SW22', 'SW32')_gc: True
	F2_('SM1CB', 'SW51')_rr: 0
	F22_('SW32', 'SW8')_rr: 16
	F30_('SW52', 'SW42')_t4_max: 337
	F12_('SW31', 'FCM1')_t3_max: 31266
	F12_queue_index: 0
	F18_('SW11', 'DU3')_t4_min: 14971
	F22_('SW8', 'SW51')_gc: True
	F13_('SW12', 'SW21')_t4_max: 3430
	F30_jitter: 129
	F36_('SW21', 'SW31')_t4_max: 60717
	F27_('SW32', 'SW6')_t3_min: 126236
	F35_('RCM1', 'SW31')_t5_max: 11209
	F9_('SW31', 'SW6')_t5_min: 15161
	F29_('StarTr2', 'SW13')_gc: False
	F36_('SBAND2', 'SW12')_t3_max: 60143
	F11_('CMRIU1', 'SW21')_t5_max: 14965
	F20_('FCM1', 'SW31')_rr: 0
	F20_jitter: 129
	F44_('SW31', 'SW41')_gc: False
	F41_('SW12', 'SBAND1')_t3_max: 127260
	F10_('FCM2', 'SW32')_rr: 0
	F14_('SW11', 'SW22')_t4_max: 15088
	F10_jitter: 0
	F15_('SW31', 'SW41')_t4_min: 309
	F2_('SW13', 'MIMU2')_t4_min: 1775
	F43_('SW13', 'SW21')_rr: 1
	F47_jitter: 129
	F24_('SW21', 'SW13')_t3_max: 606
	F7_('SW32', 'SW22')_gc: True
	F39_('SW8', 'SW52')_gc: True
	F46_('SW21', 'SW13')_gc: False
	F41_('DU1', 'SW11')_t3_min: 126881
	F46_('SW13', 'MIMU1')_rr: 0
	F5_('SW14', 'DU4')_rr: 0
	F37_('SW32', 'SW8')_t4_max: 126796
	F32_('SW32', 'SW42')_gc: True
	F24_('SW31', 'SW21')_rr: 0
	F39_jitter: 129
	F17_('SW32', 'SW7')_rr: 1
	F9_('DU4', 'SW14')_t3_max: 14836
	F43_('SW11', 'DU1')_gc: False
	F35_('SW8', 'SW52')_t4_min: 11234
	F38_('SW13', 'SW21')_t4_max: 175
	F2_('SW51', 'SW41')_gc: True
	F29_jitter: 129
	F19_('SW21', 'SW31')_t4_min: 78428
	F42_('FCM2', 'SW32')_t5_min: 126676
	F14_('SW22', 'CMRIU2')_gc: True
	F30_('SW31', 'SW8')_t4_max: 113
	F33_queue_index: 0
	F42_('SW32', 'SW42')_t5_max: 126887
	F11_('CMRIU1', 'SW21')_gc: False
	F39_('DU3', 'SW11')_rr: 0
	F9_jitter: 129
	F41_('SW21', 'SW12')_rr: 0
	('SW52', 'SM2CA')_gcl_cycle: 1
	F21_('SW21', 'SW13')_gc: False
	F18_('SW6', 'SW31')_t3_min: 14633
	F2_('SW31', 'SW21')_t4_min: 1543
	F0_queue_index: 0
	F16_queue_index: 0
	F26_('SW42', 'CM2CB')_t5_max: 10945
	('DU3', 'SW11')_gcl_cycle: 1
	F39_('SW8', 'SW52')_t4_min: 11151
	F8_('SW11', 'SW22')_gc: True
	F15_('SW31', 'SW41')_rr: 2
	F7_('SW22', 'SW14')_t4_min: 5608
	F32_('SW32', 'SW42')_rr: 8
	F2_('SW13', 'MIMU2')_gc: False
	F19_('SW31', 'SW41')_t4_max: 78915
	F24_('SMRIU1', 'SW6')_t3_max: -123
	F34_('SW6', 'SMRIU2')_rr: 0
	F17_('CM2CA', 'SW42')_rr: 0
	F32_('DU4', 'SW14')_rr: 0
	F2_('SW51', 'SW41')_t4_max: 1306
	F7_('SW22', 'SW14')_rr: 0
	F5_('SW31', 'SW21')_t5_max: 3539
	F7_('SW22', 'SW14')_t4_max: 5737
	F12_('SW22', 'SW7')_t4_min: 30943
	F44_('SW41', 'CM1CB')_t3_max: 15586
	F34_('SW21', 'SW31')_rr: 16
	F45_('SW13', 'SW21')_t5_max: 169
	F27_('SW42', 'SW32')_gc: False
	F31_('SW21', 'SW13')_rr: 1
	F15_('SW31', 'SW41')_gc: True
	F41_('DU1', 'SW11')_gc: False
	F18_('SMRIU1', 'SW6')_rr: 0
	F40_('SW42', 'CM2CB')_gc: False
	F42_('SW32', 'SW42')_t5_min: 126758
	F27_('SW6', 'SMRIU1')_t4_min: 126289
	F9_('SW31', 'SW6')_tb: 15147
	F4_('SM2CA', 'SW52')_t3_max: 5566
	('SW21', 'SW11')_gcl_cycle: 16000
	F47_('SW21', 'SW31')_t4_min: 946
	F34_('DU5', 'SW14')_t3_max: 7514
	F20_('SW21', 'SW11')_t4_max: 14505
	F19_('SW13', 'SW21')_rr: 0
	F24_jitter: 0
	F4_('SW22', 'SW13')_gc: True
	F27_('SW32', 'SW6')_rr: 0
	F48_('SW13', 'MIMU3')_t5_min: 122957
	F43_('SW21', 'SW11')_t5_min: 59151
	F49_('SMRIU1', 'SW6')_t4_max: 127726
	F42_('SW42', 'CM2CA')_tb: 126760
	F1_('SW31', 'SW41')_rr: 0
	F48_('SW13', 'MIMU3')_gc: False
	F40_('SW42', 'CM2CB')_rr: 0
	F6_('SM1CA', 'SW51')_t5_min: 62249
	F32_('SW14', 'SW22')_t4_max: 366
	F42_jitter: 258
	F31_('SW13', 'StarTr2')_tb: 126781
	F12_('SW22', 'SW7')_rr: 0
	F7_jitter: 258
	F35_('RCM1', 'SW31')_tb: 11193
	('SW31', 'FCM1')_gcl_cycle: 1
	F18_('SW6', 'SW31')_gc: False
	F35_('RCM1', 'SW31')_t3_max: 11069
	F42_queue_index: 0
	F2_queue_index: 0
	F23_('SW12', 'SW21')_gc: False
	('SW51', 'SW8')_gcl_cycle: 64000
	F37_('SW51', 'SM1CB')_t4_min: 127024
	F28_('SW22', 'SW32')_t4_min: 4736
	('SMRIU2', 'SW6')_gcl_cycle: 1
	('SW6', 'SMRIU2')_gcl_length: 0
	F5_('SW31', 'SW21')_t5_min: 3410
	F28_('SW13', 'SW22')_rr: 0
	F46_('SW13', 'MIMU1')_gc: False
	F15_('SW8', 'SW31')_t4_min: 281
	F15_('SW41', 'CM1CA')_gc: False
	F23_('SW21', 'SW13')_gc: False
	F25_('SBAND2', 'SW12')_rr: 0
	F19_('SW31', 'SW41')_gc: False
	F19_('SW13', 'SW21')_t4_min: 78328
	F0_('SW32', 'SW22')_t4_max: 5736
	F34_jitter: 129
	('SW13', 'MIMU2')_gcl_length: 0
	('MIMU2', 'SW13')_gcl_length: 0
	F20_('FCM1', 'SW31')_t3_max: 14001
	F26_('SW32', 'SW42')_t4_max: 10874
	F34_('SW21', 'SW31')_t3_max: 7810
	F21_('SW21', 'SW13')_t5_max: 1417
	F17_('SW42', 'SW32')_t4_min: 14369
	F23_('SBAND1', 'SW12')_t4_min: 753
	F9_('SW14', 'SW21')_t4_min: 14981
	F0_('SW32', 'SW22')_t5_max: 5838
	F45_('SW13', 'SW21')_t4_max: 98
	F45_('SW13', 'SW21')_t3_min: 93
	F44_('SW41', 'CM1CB')_t4_min: 15323
	F8_('CMRIU1', 'SW21')_rr: 0
	F30_('SW42', 'CM2CB')_rr: 0
	F20_('SW31', 'SW21')_t4_max: 14377
	F44_('DU2', 'SW11')_rr: 0
	F35_('RCM1', 'SW31')_t4_max: 11193
	F16_('SW13', 'SW21')_gc: True
	F17_('SW42', 'SW32')_gc: True
	F36_('SW6', 'SMRIU2')_t4_min: 60651
	F46_('CMRIU1', 'SW21')_rr: 0
	F27_('CM2CA', 'SW42')_gc: False
	F25_jitter: 129
	F37_('SW32', 'SW8')_t4_min: 126796
	F33_('SW6', 'SW31')_t4_max: 125817
	F13_('SW12', 'SW21')_t4_min: 3301
	F22_('CMRIU2', 'SW22')_t3_max: 4422
	F43_('SW11', 'DU1')_rr: 0
	F10_('FCM2', 'SW32')_t3_max: 5808
	F21_queue_index: 0
	F38_('SW31', 'SW41')_t4_max: 465
	F22_('CMRIU2', 'SW22')_t3_min: 4546
	F47_('StarTr1', 'SW13')_t4_min: 766
	F43_('SW11', 'DU1')_t3_min: 59153
	F42_('SW42', 'CM2CA')_t4_min: 126760
	F43_('SW13', 'SW21')_t4_min: 58945
	F37_('SW8', 'SW51')_t4_max: 127039
	F28_('SW13', 'SW22')_t4_max: 4656
	F32_('SW32', 'SW42')_t4_min: 578
	F15_('SM2CB', 'SW52')_t3_max: -23
	F35_jitter: 258
	F23_('SW13', 'StarTr2')_rr: 0
	F11_('SW21', 'SW12')_t4_max: 14972
	F2_('SW21', 'SW13')_t4_max: 1917
	F14_jitter: 0
	F7_('SW32', 'SW22')_rr: 1
	F30_('SW42', 'CM2CB')_gc: False
	F23_('SW12', 'SW21')_t4_min: 798
	F33_('SW6', 'SW31')_t4_min: 125688
	F28_('SW22', 'SW32')_gc: True
	F44_('SW41', 'CM1CB')_t4_max: 15710
	F24_('SW31', 'SW21')_t4_min: 229
	F37_('SW32', 'SW8')_rr: 1
	F47_('SW31', 'LCM1')_gc: False
	F16_('SW12', 'SBAND2')_rr: 0
	F41_('SW12', 'SBAND1')_gc: False
	F8_('SW11', 'SW22')_t4_min: 62849
	F17_('SW42', 'SW32')_t4_max: 14369
	('SW21', 'SW12')_gcl_cycle: 16000
	F38_jitter: 129
	('SW13', 'MIMU3')_gcl_length: 0
	F36_('SW6', 'SMRIU2')_rr: 0
	F32_('SW14', 'SW22')_gc: True
	F32_('SW22', 'SW32')_rr: 4
	F4_('SW52', 'SW42')_t3_min: 5810
	F28_('SW13', 'SW22')_gc: False
	F28_('SW32', 'LCM2')_rr: 0
	F37_('SW32', 'SW8')_gc: True
	F22_('SW32', 'SW8')_t4_max: 4608
	('SW11', 'DU1')_gcl_cycle: 1
	F35_('SW8', 'SW52')_gc: False
	('SW14', 'SW21')_gcl_cycle: 64000
	F2_('SW13', 'MIMU2')_rr: 0
	F38_('SW21', 'SW31')_t5_min: 329
	F45_('MIMU1', 'SW13')_gc: False
	F6_('SW51', 'SW8')_rr: 1
	F23_('SW13', 'StarTr2')_gc: False
	F27_queue_index: 0
	F3_jitter: 387
	F26_('SW42', 'CM2CB')_t4_min: 10913
	F44_('SW11', 'SW21')_t4_max: 15050
	F16_('MIMU1', 'SW13')_t3_max: 13968
	F12_('SW31', 'FCM1')_t4_min: 31003
	F22_('SW22', 'SW32')_t4_max: 4577
	('CM2CA', 'SW42')_gcl_cycle: 1
	('SW42', 'CM2CB')_gcl_cycle: 16000
	F8_('CMRIU1', 'SW21')_gc: False
	F3_('SW21', 'SW14')_rr: 0
	F12_('CMRIU2', 'SW22')_gc: False
	F22_('SW8', 'SW51')_t4_min: 4639
	F10_('FCM2', 'SW32')_gc: False
	F26_('SW32', 'SW42')_t4_min: 10874
	F17_('CM2CA', 'SW42')_t3_max: 14147
	F30_('SW42', 'CM2CB')_tb: 444
	F22_('SW22', 'SW32')_gc: True
	F18_('SMRIU1', 'SW6')_t3_max: 14441
	('DU2', 'SW11')_gcl_length: 0
	F14_('SW11', 'SW22')_gc: True
	F45_('SW13', 'SW21')_gc: True
	F12_jitter: 387
	F2_('SW13', 'MIMU2')_t3_min: 1775
	F28_('SW22', 'SW32')_rr: 1
	('DU1', 'SW11')_gcl_cycle: 1
	F24_('SW31', 'SW21')_tb: 229
	F17_queue_index: 0
	F29_('SW13', 'MIMU1')_t4_min: 962
	F10_('SW32', 'SW22')_rr: 1
	('DU2', 'SW11')_gcl_cycle: 1
	F9_('SW21', 'SW31')_t4_min: 14997
	F8_queue_index: 0
	F2_('SW51', 'SW41')_t4_min: 1306
	F13_('SBAND2', 'SW12')_rr: 0
	('SW13', 'MIMU3')_gcl_cycle: 1
	F44_('SW11', 'SW21')_rr: 8
	F11_('SW21', 'SW12')_t5_max: 14983
	F15_('SW52', 'SW8')_rr: 0
	F13_('SW21', 'SW31')_t4_max: 3618
	F45_('SW12', 'SBAND2')_t4_min: 254
	F16_('SW21', 'SW12')_t5_max: 14572
	F21_('SW21', 'SW13')_t5_min: 1159
	F5_('SW21', 'SW14')_tb: 3412
	F30_('SW31', 'SW8')_t4_min: 113
	F43_jitter: 258
	F21_('LCM1', 'SW31')_rr: 0
	F39_('SW8', 'SW52')_t5_max: 11233
	('SW52', 'SW8')_gcl_length: 0
	F23_jitter: 387
	F10_('FCM2', 'SW32')_t5_min: 6051
	F8_('SW21', 'SW11')_t4_max: 62756
	F15_('SM2CB', 'SW52')_gc: False
	F24_('SW13', 'MIMU1')_gc: True
	F9_('DU4', 'SW14')_gc: False
	F42_('SW32', 'SW42')_gc: False
	F4_('SW52', 'SW42')_gc: False
	F42_('FCM2', 'SW32')_gc: False
	F31_queue_index: 0
	F37_queue_index: 0
	F17_('SW7', 'SW31')_t4_max: 14689
	F17_('SW7', 'SW31')_t4_min: 14560
	F19_jitter: 516
	F21_('SW21', 'SW13')_t4_min: 1145
	F49_('SW6', 'SW31')_t4_min: 127778
	('MIMU1', 'SW13')_gcl_cycle: 1
	F11_('SW21', 'SW12')_rr: 1
	F36_('SW12', 'SW21')_rr: 0
	('SW41', 'CM1CA')_gcl_cycle: 1
	F32_('SW42', 'CM2CB')_gc: False
	('SBAND1', 'SW12')_gcl_length: 0
	F24_('SW6', 'SW31')_rr: 0
	('SW32', 'SW6')_gcl_length: 0
	F26_('SW42', 'CM2CB')_rr: 1
	F36_('SW21', 'SW31')_rr: 0
	F49_('SW6', 'SW31')_rr: 1
	F11_('SW21', 'SW12')_t4_min: 14972
	F6_('SW8', 'SW32')_t4_min: 62296
	F30_('LCM1', 'SW31')_t3_max: -123
	F38_('SW31', 'SW41')_rr: 1
	F43_('SW13', 'SW21')_gc: True
	F44_('SW11', 'SW21')_gc: True
	F14_('SW11', 'SW22')_t4_min: 15088
	F14_('DU1', 'SW11')_t5_max: 15081
	F13_('SW31', 'FCM1')_rr: 0
	F0_('RCM2', 'SW32')_gc: False
	F17_('SW31', 'FCM1')_rr: 0
	F49_('SMRIU1', 'SW6')_t3_max: 127602
	F10_('SW22', 'SW13')_t3_min: 6179
	F42_('SW32', 'SW42')_t4_max: 126807
	F41_('SW21', 'SW12')_gc: False
	('SW32', 'SW22')_gcl_cycle: 32000
	('MIMU3', 'SW13')_gcl_cycle: 1
	('SW22', 'SW7')_gcl_cycle: 1
	F20_('SW21', 'SW11')_t4_min: 14505
	F39_('SW31', 'SW8')_t4_max: 11062
	F18_('SW31', 'SW21')_t4_max: 14835
	F38_('SW21', 'SW31')_t5_max: 458
	F44_('SW21', 'SW31')_t4_min: 15141
	F31_('SM1CA', 'SW51')_t5_min: 126215
	('SW22', 'SW32')_gcl_cycle: 8000
	F24_('SMRIU1', 'SW6')_rr: 0
	F41_('SW12', 'SBAND1')_rr: 0
	F43_('SW21', 'SW11')_gc: False
	F35_queue_index: 0
	F27_('SW32', 'SW6')_t4_min: 126236
	F8_('SW21', 'SW11')_t5_min: 62713
	('FCM1', 'SW31')_gcl_length: 0
	('SM1CA', 'SW51')_gcl_cycle: 1
	F33_('SW31', 'SW21')_rr: 0
	F5_('SW14', 'DU4')_gc: False
	F36_('SW12', 'SW21')_gc: False
	F47_('SW13', 'SW21')_t5_min: 810
	F31_('SW31', 'SW21')_t5_min: 126571
	F33_('SW11', 'DU2')_rr: 0
	F44_('SW31', 'SW41')_tb: 15232
	('SW13', 'MIMU2')_gcl_cycle: 1
	F19_('MIMU2', 'SW13')_rr: 0
	F3_('RCM1', 'SW31')_t3_max: 1558
	F35_('SW31', 'SW8')_t4_min: 11216
	F5_('SW31', 'SW21')_rr: 0
	F26_('SW32', 'SW42')_gc: True
	F36_queue_index: 0
	F38_('SW41', 'CM1CA')_t4_min: 543
	F31_('SW21', 'SW13')_gc: True
	F44_('SW31', 'SW41')_t4_min: 15232
	F7_('SW14', 'DU5')_t4_min: 5643
	F34_('DU5', 'SW14')_tb: 7638
	F43_('SW11', 'DU1')_tb: 59153
	F40_('SW42', 'CM2CB')_t4_min: 14
	F44_('SW31', 'SW41')_rr: 0
	('SW31', 'LCM1')_gcl_cycle: 1
	F30_('SW52', 'SW42')_gc: True
	F33_('SW11', 'DU2')_gc: False
	('SM1CB', 'SW51')_gcl_cycle: 1
	F4_('SW42', 'SW32')_rr: 2
	F3_('RCM1', 'SW31')_t3_min: 1682
	F40_queue_index: 0
	F4_('SW32', 'SW22')_rr: 0
	('SW51', 'SW41')_gcl_cycle: 4000
	F36_('SW31', 'SW6')_t4_min: 60555
	F17_('SW7', 'SW31')_rr: 0
	F5_queue_index: 0
	F43_('MIMU2', 'SW13')_t3_min: 58836
	F27_('CM2CA', 'SW42')_t3_max: 126006
	F15_('SW52', 'SW8')_gc: False
	F18_('SW21', 'SW11')_t4_min: 14903
	F47_('SW13', 'SW21')_gc: False
	F43_('SW21', 'SW11')_t4_min: 59049
	F26_('RCM2', 'SW32')_t3_min: 10835
	F33_('SW31', 'SW21')_t5_max: 126142
	('CMRIU1', 'SW21')_gcl_cycle: 1
	F32_('SW22', 'SW32')_t4_max: 472
	F2_('SW51', 'SW41')_rr: 1
	F42_('SW32', 'SW42')_rr: 0
	F39_('SW52', 'SM2CB')_gc: False
	F18_('SW11', 'DU3')_gc: False
	F17_('SW7', 'SW31')_gc: False
	F35_('SW52', 'SM2CA')_t4_max: 11510
	F8_('SW21', 'SW11')_t4_min: 62627
	F36_('SW31', 'SW6')_gc: False
	F0_('SW22', 'SW13')_t4_max: 5969
	F32_('SW32', 'SW42')_t5_max: 677
	F27_('SW6', 'SMRIU1')_rr: 0
	('SW32', 'SW22')_gcl_length: 4
	F37_jitter: 258
	F12_('SW7', 'SW31')_gc: False
	F5_('SW31', 'SW21')_gc: False
	F21_('SW13', 'MIMU2')_rr: 0
	F39_('SW31', 'SW8')_t3_max: 11062
	F28_('MIMU3', 'SW13')_gc: False
	F3_('RCM1', 'SW31')_gc: False
	F24_('SW6', 'SW31')_t4_min: 115
	F8_('SW22', 'CMRIU2')_t4_min: 62937
	F0_('SW13', 'StarTr1')_t4_min: 5815
	F19_('SW13', 'SW21')_tb: 78328
	F24_('SW31', 'SW21')_t4_max: 487
	F25_queue_index: 0
	F16_('SW13', 'SW21')_t4_min: 14213
	F28_('SW32', 'LCM2')_gc: False
	F25_('SW12', 'SBAND1')_rr: 0
	F32_queue_index: 0
	F39_('SW52', 'SM2CB')_t4_min: 11235
	F34_('DU5', 'SW14')_rr: 0
	F19_('SW41', 'CM1CA')_rr: 0
	F44_queue_index: 0
	F3_('SW31', 'SW21')_t4_min: 1787
	F29_('StarTr2', 'SW13')_t4_min: 840
	F16_('MIMU1', 'SW13')_tb: 14092
	F5_('SW21', 'SW14')_t4_min: 3412
	F39_('SW11', 'SW21')_rr: 1
	F46_('SW21', 'SW13')_rr: 0
	F1_('SW6', 'SW31')_gc: False
	F39_('SW31', 'SW8')_gc: True
	F29_('StarTr2', 'SW13')_t3_max: 716
	F38_('SW13', 'SW21')_t4_min: 175
	F18_('SW31', 'SW21')_tb: 14835
	F31_('SW31', 'SW21')_t4_max: 126628
	F45_('MIMU1', 'SW13')_rr: 0
	F39_('SW21', 'SW31')_gc: True
	F4_('SW52', 'SW42')_rr: 0
	('SBAND2', 'SW12')_gcl_cycle: 1
	F23_('SW21', 'SW13')_t4_min: 843
	('SW31', 'SW41')_gcl_cycle: 4000
	F30_('SW31', 'SW8')_gc: True
	F36_('SW31', 'SW6')_t3_max: 60818
	F9_('DU4', 'SW14')_rr: 0
	F23_('SBAND1', 'SW12')_rr: 0
	F31_('SW51', 'SW41')_gc: False
	F18_('SW6', 'SW31')_t4_min: 14633
	F34_('SW21', 'SW31')_gc: True
	F0_('SW22', 'SW13')_t4_min: 5711
	F30_('SW42', 'CM2CB')_t4_min: 444
	F17_('CM2CA', 'SW42')_tb: 14271
	('SW32', 'RCM2')_gcl_cycle: 1
	('SW11', 'SW22')_gcl_cycle: 64000
	F16_('SW13', 'SW21')_rr: 1
	F22_jitter: 129
	('SW13', 'MIMU1')_gcl_cycle: 64000
	F16_('SW13', 'SW21')_t5_max: 14327
	F28_('MIMU3', 'SW13')_t3_max: 4328
	('SW13', 'SW21')_gcl_length: 100
	F39_('SW8', 'SW52')_rr: 1
	('SW13', 'SW21')_gcl_cycle: 64000
	F17_('SW31', 'FCM1')_t4_min: 14653
	F44_('SW21', 'SW31')_gc: False
	F34_('SW14', 'SW21')_t4_max: 7786
	F18_('SMRIU1', 'SW6')_tb: 14565
	F30_('SW52', 'SW42')_rr: 1
	F2_('SW41', 'SW31')_t5_max: 1541
	F30_('SW42', 'CM2CB')_t5_min: 549
	F10_('SW13', 'StarTr1')_tb: 6310
	F33_('SW21', 'SW11')_t4_max: 126273
	F20_('SW21', 'SW11')_rr: 1
	F45_jitter: 0
	F31_('SW13', 'StarTr2')_t4_min: 126781
	F1_('SW41', 'CM1CB')_t4_min: 14047
	F1_('SW6', 'SW31')_rr: 0
	('SM2CB', 'SW52')_gcl_cycle: 1
	F25_('SW12', 'SBAND1')_t4_min: 3243
	F30_('SW52', 'SW42')_t3_max: 337
	F33_('SW21', 'SW11')_gc: False
	F12_('SW7', 'SW31')_rr: 0
	F21_('LCM1', 'SW31')_t3_max: 989
	F43_('MIMU2', 'SW13')_gc: False
	F42_('FCM2', 'SW32')_rr: 0
	('FCM2', 'SW32')_gcl_cycle: 1
	F18_('SW31', 'SW21')_rr: 1
	F28_('SW13', 'SW22')_t4_min: 4527
	F16_('SW13', 'SW21')_t4_max: 14213
	F40_jitter: 129
	F24_('SW6', 'SW31')_gc: False
	F36_jitter: 516
	F35_('SW52', 'SM2CA')_t4_min: 11252
	F14_('SW11', 'SW22')_rr: 4
	F42_('SW42', 'CM2CA')_rr: 0
	F3_('SW31', 'SW21')_rr: 0
	F30_('LCM1', 'SW31')_rr: 0
	F39_queue_index: 0
	F18_('SW11', 'DU3')_tb: 14971
	F18_('SW21', 'SW11')_t4_max: 15032
	F31_('SW41', 'SW31')_t4_max: 126425
	F32_('SW42', 'CM2CB')_rr: 0
	F0_('RCM2', 'SW32')_t3_max: 5379
	F22_('SW32', 'SW8')_t4_min: 4608
	F38_('SW41', 'CM1CA')_rr: 0
	F34_('SW31', 'SW6')_gc: True
	('CMRIU2', 'SW22')_gcl_length: 0
	F41_('SW12', 'SBAND1')_t4_max: 127384
	F7_('SW22', 'SW14')_tb: 5608
	F44_('DU2', 'SW11')_t3_max: 14830
	F31_('SM1CA', 'SW51')_gc: False
	F44_('DU2', 'SW11')_gc: False
	F5_('SW14', 'DU4')_t4_min: 3513
	F10_('SW22', 'SW13')_gc: True
	F7_('FCM2', 'SW32')_t5_max: 5566
	('SW22', 'SW13')_gcl_cycle: 32000
	F26_('SW32', 'SW42')_rr: 1
	F29_queue_index: 0
	F44_('SW21', 'SW31')_rr: 0
	('SW8', 'SW32')_gcl_cycle: 64000
	('SW13', 'StarTr2')_gcl_cycle: 1
	F43_('MIMU2', 'SW13')_rr: 0
	F6_('SM1CA', 'SW51')_t3_max: 62092
	F10_('FCM2', 'SW32')_t3_min: 5932
	F38_('SW21', 'SW31')_gc: False
	F34_('SW21', 'SW31')_t4_min: 7810
	F0_('SW32', 'SW22')_gc: False
	F4_('SW32', 'SW22')_t5_min: 6302
	('SBAND1', 'SW12')_gcl_cycle: 1
	F8_jitter: 129
	F21_('SW21', 'SW13')_t4_max: 1403
	F18_('SW6', 'SW31')_rr: 0
	('SW12', 'SW21')_gcl_cycle: 1
	F47_('SW31', 'LCM1')_rr: 0
	F43_('MIMU2', 'SW13')_t3_max: 58712
	F5_('SW31', 'SW21')_t4_min: 3311
	F22_('SW22', 'SW32')_t4_min: 4577
	F38_('MIMU3', 'SW13')_gc: False
	F43_('SW21', 'SW11')_t4_max: 59178
	('RCM1', 'SW31')_gcl_cycle: 1
	F14_('SW11', 'SW22')_tb: 15088
	F32_('DU4', 'SW14')_t3_max: 136
	F19_('SW13', 'SW21')_gc: False
	F37_('FCM2', 'SW32')_gc: False
	F41_('SW21', 'SW12')_t4_max: 127175
	F5_('SW31', 'SW21')_tb: 3311
	F3_('SW14', 'DU4')_t4_min: 1997
	F36_('SW6', 'SMRIU2')_gc: False
	F33_('SW11', 'DU2')_t4_min: 125985
	F30_('LCM1', 'SW31')_t5_min: 106
	F44_('SW41', 'CM1CB')_rr: 0
	F0_('SW13', 'StarTr1')_rr: 0
	('SW12', 'SBAND2')_gcl_cycle: 2000
	F15_('SW8', 'SW31')_gc: True
	F26_('RCM2', 'SW32')_rr: 0
	F19_('SW41', 'CM1CA')_t4_min: 78628
	F20_('FCM1', 'SW31')_gc: False
	F10_('SW32', 'SW22')_t4_min: 6058
	F18_('SW31', 'SW21')_t4_min: 14835
	F33_jitter: 516
	F47_('StarTr1', 'SW13')_gc: False
	F20_('SW11', 'DU3')_t4_min: 14628
	F10_('SW13', 'StarTr1')_rr: 1
	F31_('SW13', 'StarTr2')_gc: False
	F41_jitter: 258
	F45_('SW21', 'SW12')_rr: 8
	F46_('SW13', 'MIMU1')_t4_min: 97531
	F32_('SW42', 'CM2CB')_t4_min: 679
	F13_('SW21', 'SW31')_t4_min: 3360
	F49_('SW31', 'LCM1')_rr: 0
	F41_('SW11', 'SW21')_t4_max: 126966
	F5_jitter: 387
	F20_('SW31', 'SW21')_tb: 14248
	F34_('SW31', 'SW6')_t4_min: 7834
	F36_('SW21', 'SW31')_t5_max: 60811
	F1_('SMRIU2', 'SW6')_t3_max: 13806
	F2_('SW21', 'SW13')_t3_max: 1793
	F32_('SW22', 'SW32')_t4_min: 472
	F35_('RCM1', 'SW31')_gc: False
	F19_queue_index: 0
	F30_('LCM1', 'SW31')_t5_max: 106
	F48_('SW13', 'MIMU3')_rr: 0
	F1_('SW41', 'CM1CB')_gc: False
	F4_('SM2CA', 'SW52')_t3_min: 5690
	F14_('DU1', 'SW11')_rr: 0
	F19_('SW21', 'SW31')_rr: 0
	F0_('SW22', 'SW13')_gc: False
	F1_('SW6', 'SW31')_t4_max: 14098
	F15_('SW31', 'SW41')_t4_max: 309
	F28_('SW32', 'LCM2')_t4_min: 4811
	F22_('SW51', 'SM1CA')_tb: 4665
	F39_('SW31', 'SW8')_rr: 1
	F22_('SW51', 'SM1CA')_rr: 0
	F18_('SW6', 'SW31')_t5_max: 14828
	F23_('SW21', 'SW13')_t4_max: 1101
	('SW14', 'DU4')_gcl_length: 0
	F4_('SM2CA', 'SW52')_gc: False
	F47_('SW21', 'SW31')_t3_min: 812
	F38_('SW31', 'SW41')_t5_max: 541
	F3_('SW31', 'SW21')_gc: False
	F29_('SW13', 'MIMU1')_rr: 0
	F33_('SW31', 'SW21')_t4_max: 126045
	('SW52', 'SW8')_gcl_cycle: 1
	F27_('SW42', 'SW32')_tb: 126183
	F4_('SW32', 'SW22')_t4_min: 6184
	F4_jitter: 129
	F21_('SW31', 'SW21')_t4_max: 1258
	F20_queue_index: 0
	F0_('SW32', 'SW22')_t4_min: 5607
	F35_('RCM1', 'SW31')_rr: 0
	F1_('SW31', 'SW41')_t4_max: 14266
	F24_('SW21', 'SW13')_rr: 0
	F5_('SW21', 'SW14')_t3_max: 3546
	F10_('SW32', 'SW22')_gc: True
	F10_('SW13', 'StarTr1')_t4_min: 6310
	F7_('SW14', 'DU5')_tb: 5643
	('SW32', 'SW8')_gcl_length: 34
	F31_('SW21', 'SW13')_t4_max: 126707
	F25_('SBAND2', 'SW12')_gc: False
	F48_queue_index: 0
	F29_('StarTr2', 'SW13')_t3_min: 840
	F1_('SW41', 'CM1CB')_rr: 0
	('CMRIU2', 'SW22')_gcl_cycle: 1
	F27_('CM2CA', 'SW42')_rr: 0
	F36_('SBAND2', 'SW12')_rr: 0
	F14_queue_index: 0
	F39_('SW21', 'SW31')_t5_max: 11055
	('SW11', 'DU2')_gcl_cycle: 1
	F26_('SW32', 'SW42')_t5_max: 10906
	F3_('SW14', 'DU4')_gc: False
	F0_jitter: 387
	F21_('LCM1', 'SW31')_gc: False
	F30_('SW8', 'SW52')_rr: 16
	F1_('SMRIU2', 'SW6')_rr: 0
	F0_('RCM2', 'SW32')_t5_max: 5605
	('SW14', 'DU5')_gcl_cycle: 1
	F21_('SW21', 'SW13')_rr: 0
	F49_('SW6', 'SW31')_gc: True
	F37_('FCM2', 'SW32')_rr: 0
	F20_('SW31', 'SW21')_gc: False
	F37_('SW51', 'SM1CB')_gc: False
	F48_('MIMU2', 'SW13')_t3_max: 122815
	F45_queue_index: 0
	F0_('RCM2', 'SW32')_t3_min: 5503
	F2_('SW31', 'SW21')_t4_max: 1672
	F31_jitter: 129
	F37_('SW51', 'SM1CB')_t5_min: 127136
	F17_('SW42', 'SW32')_t5_max: 14460
	F34_queue_index: 0
	F22_('SW32', 'SW8')_t3_max: 4608
	F16_('SW21', 'SW12')_rr: 0
	('LCM1', 'SW31')_gcl_cycle: 1
	('SW41', 'SW31')_gcl_cycle: 128000
	F6_jitter: 129
	F8_('SW11', 'SW22')_t5_max: 62935
	F27_('SW6', 'SMRIU1')_gc: False
	F34_('SW14', 'SW21')_t4_min: 7657
	F18_queue_index: 0
	F14_('DU1', 'SW11')_gc: False
	F12_('SW22', 'SW7')_gc: False
	F3_queue_index: 0
	F4_('SW32', 'SW22')_gc: False
	F8_('SW21', 'SW11')_rr: 0
	F35_('SW52', 'SM2CA')_gc: False
	F5_('RCM1', 'SW31')_t5_min: 3309
	F14_('DU1', 'SW11')_t3_max: 14836
	F39_('SW11', 'SW21')_t4_max: 10884
	F39_('SW21', 'SW31')_t4_max: 10973
	('SMRIU1', 'SW6')_gcl_cycle: 1
	F37_('SW8', 'SW51')_gc: False
	F28_queue_index: 0
	F49_('SW31', 'LCM1')_t4_min: 127825
	F13_('SBAND2', 'SW12')_t3_max: 3118
	F33_('SW21', 'SW11')_t4_min: 125886
	F44_('SW11', 'SW21')_t4_min: 15050
	F8_('SW22', 'CMRIU2')_gc: False
	F4_('SW42', 'SW32')_gc: True
	F39_('DU3', 'SW11')_t3_min: 10795
	F0_('SW32', 'SW22')_rr: 0
	F11_('SW12', 'SBAND1')_gc: False
	F17_('SW42', 'SW32')_rr: 1
	F47_('SW21', 'SW31')_rr: 64
	F9_('SW14', 'SW21')_rr: 1
	F34_('SW14', 'SW21')_rr: 0
	F49_('SMRIU1', 'SW6')_rr: 0
	F2_('SW21', 'SW13')_t4_min: 1659
	F2_('SM1CB', 'SW51')_t3_max: 1061
	F23_('SBAND1', 'SW12')_t3_max: 629
	F9_('SW21', 'SW31')_t4_max: 15126
	F1_('SW31', 'SW41')_t4_min: 14008
	F22_('SW8', 'SW51')_t4_max: 4639
	F39_('SW8', 'SW52')_t4_max: 11151
	('SW6', 'SMRIU2')_gcl_cycle: 1
	F6_('SM1CA', 'SW51')_t5_max: 62249
	F47_('SW13', 'SW21')_t4_max: 918
	F6_('SW8', 'SW32')_t5_max: 62329
	F43_('SW13', 'SW21')_t4_max: 58945
	F37_('FCM2', 'SW32')_t4_max: 126677
	('SW12', 'SBAND1')_gcl_cycle: 1
	('SW7', 'SW31')_gcl_cycle: 1
	('RCM2', 'SW32')_gcl_length: 0
	F28_('MIMU3', 'SW13')_rr: 0
	F44_('SW41', 'CM1CB')_t5_min: 15412
	F6_('SW32', 'RCM2')_t5_max: 62493
	F49_('SW6', 'SW31')_t5_max: 127823
	F41_('SW11', 'SW21')_rr: 1
	('SW32', 'SW6')_gcl_cycle: 1
	F28_('SW22', 'SW32')_t5_min: 4809
	F9_('SW14', 'SW21')_t5_min: 14995
	F4_('SW32', 'SW22')_t4_max: 6313
	F21_('SW31', 'SW21')_t4_min: 1129
	F18_('SW11', 'DU3')_rr: 0
	F26_('SW42', 'CM2CB')_gc: True
	F22_('SW51', 'SM1CA')_gc: False
	F30_('SW8', 'SW52')_t4_max: 225
	F4_('SW52', 'SW42')_t4_max: 5939
	F26_('RCM2', 'SW32')_t3_max: 10711
	F2_('SW21', 'SW13')_gc: False
	F6_('SM1CA', 'SW51')_gc: False
	F40_('CM2CA', 'SW42')_gc: False
	F41_('SW12', 'SBAND1')_t4_min: 127126
	F20_('SW11', 'DU3')_rr: 0
	F37_('FCM2', 'SW32')_t3_max: 126553
	F13_queue_index: 0
	F9_('SW14', 'SW21')_t4_max: 14981
	('FCM1', 'SW31')_gcl_cycle: 1
	F41_queue_index: 0
	F16_('SW21', 'SW12')_gc: False
	F6_('SW8', 'SW32')_t4_max: 62296
	F13_('SW21', 'SW31')_gc: False
	F49_jitter: 129
	F15_('SW8', 'SW31')_t3_max: 281
	F43_('SW11', 'DU1')_t3_max: 59287
	F8_('CMRIU1', 'SW21')_t3_max: 62415
	F45_('SW21', 'SW12')_t4_min: 176
	F36_('SW21', 'SW31')_gc: False
	F49_('SMRIU1', 'SW6')_gc: False
	F42_('FCM2', 'SW32')_t3_min: 126596
	F30_('SW52', 'SW42')_t4_min: 337
	F41_('SW11', 'SW21')_t4_min: 126966
	F32_('DU4', 'SW14')_t5_min: 359
	F32_('SW14', 'SW22')_rr: 1
	('DU5', 'SW14')_gcl_cycle: 1
	F2_('SW41', 'SW31')_gc: True
	F11_jitter: 129
	F23_('SW12', 'SW21')_t4_max: 927
	F24_('SW6', 'SW31')_t4_max: 244
	('SW52', 'SW42')_gcl_cycle: 8000
	F42_('FCM2', 'SW32')_t3_max: 126472
	F9_('SW31', 'SW6')_rr: 1
	F34_('SW6', 'SMRIU2')_t4_min: 7853
	F3_('SW31', 'SW21')_t4_max: 1916
	F33_('SW6', 'SW31')_gc: False
	F13_('SBAND2', 'SW12')_gc: False
	F31_('SW41', 'SW31')_t4_min: 126425
	F22_('SW22', 'SW32')_t3_min: 4572
	F25_('SW12', 'SBAND1')_gc: False
	F47_('SW21', 'SW31')_gc: True
	F46_('SW21', 'SW13')_t4_min: 97418
	F14_('SW22', 'CMRIU2')_t4_max: 15216
	('StarTr2', 'SW13')_gcl_cycle: 1
	F27_jitter: 387
	F1_('SMRIU2', 'SW6')_gc: False
	('SW21', 'SW31')_gcl_cycle: 128000
	F9_('SW31', 'SW6')_t4_min: 15147
	F18_('SMRIU1', 'SW6')_gc: False
	F15_('SW52', 'SW8')_t4_min: 124
	F17_('SW32', 'SW7')_t4_min: 14467
	F2_('SW31', 'SW21')_t3_max: 1548
	F4_('SW13', 'MIMU2')_gc: False
	F12_('CMRIU2', 'SW22')_rr: 0
	F44_jitter: 387
	F23_('SBAND1', 'SW12')_gc: False
	F6_('SW8', 'SW32')_t3_max: 62296
	F39_('SW11', 'SW21')_t4_min: 10884
	F26_queue_index: 0
	F2_('SW41', 'SW31')_t4_min: 1427
	F39_('SW21', 'SW31')_t4_min: 10973
	F28_('SW13', 'SW22')_t5_min: 4600
	F37_('FCM2', 'SW32')_tb: 126677
	F24_('SW13', 'MIMU1')_rr: 1
	('SW8', 'SW52')_gcl_length: 34
	F4_queue_index: 0
	F17_('SW32', 'SW7')_gc: True
	F17_('SW32', 'SW7')_t4_max: 14467
	F34_('SW21', 'SW31')_t4_max: 7810
	F2_('SW31', 'SW21')_rr: 0
	F47_('StarTr1', 'SW13')_t3_max: 642
	F30_('SW8', 'SW52')_gc: True
	F19_('SW41', 'CM1CA')_gc: False
	F3_('SW14', 'DU4')_t5_min: 2100
	('SW13', 'SW22')_gcl_cycle: 1
	F32_('SW14', 'SW22')_t4_min: 366
	F5_('RCM1', 'SW31')_t5_max: 3309
	F10_('SW13', 'StarTr1')_t3_max: 6310
	F1_('SW6', 'SW31')_t4_min: 13969
	F15_('SW8', 'SW31')_rr: 1
	F30_('SW8', 'SW52')_t4_min: 225
	F2_('SW41', 'SW31')_t4_max: 1427
	F45_('SW21', 'SW12')_t4_max: 176
	F38_('SW41', 'CM1CA')_gc: False
	F10_queue_index: 0
	F13_('SW31', 'FCM1')_t4_min: 3419
	F23_('SW13', 'StarTr2')_t4_min: 888
	F20_('SW31', 'SW21')_t4_min: 14248
	F20_('SW31', 'SW21')_rr: 0
	F16_('SW12', 'SBAND2')_gc: False
	F34_('DU5', 'SW14')_t4_min: 7638
	F19_('MIMU2', 'SW13')_t5_max: 78326
	('SW8', 'SW52')_gcl_cycle: 128000
	F13_('SW21', 'SW31')_rr: 0
	F4_('SW42', 'SW32')_t4_max: 6064
	F23_('SW12', 'SW21')_t3_min: 798
	F33_('SMRIU1', 'SW6')_t3_max: 125465
	F38_('SW21', 'SW31')_t4_max: 382
	F41_('SW21', 'SW12')_t5_max: 127253
	F27_('SW32', 'SW6')_t4_max: 126494
	F24_('SMRIU1', 'SW6')_t4_max: 1
	F6_('SW8', 'SW32')_gc: True
	('SM1CB', 'SW51')_gcl_length: 0
	F18_('SW6', 'SW31')_t4_max: 14762
	F22_('SW8', 'SW51')_rr: 1
	F29_('StarTr2', 'SW13')_rr: 0
	F4_('SW22', 'SW13')_rr: 4
	F16_('SW21', 'SW12')_t4_min: 14329
	F11_('CMRIU1', 'SW21')_rr: 0
	F49_('SW31', 'LCM1')_t5_max: 127999
	F13_('SW12', 'SW21')_tb: 3301
	F27_('SW42', 'SW32')_rr: 0
	F30_queue_index: 0
	F45_('SW13', 'SW21')_t4_min: 98
	F15_('SW8', 'SW31')_t4_max: 281
	F20_('SW21', 'SW11')_t5_min: 14626
	F17_jitter: 258
	F5_('SW21', 'SW14')_t4_max: 3670
	F4_('SW13', 'MIMU2')_t4_min: 6558
	F9_queue_index: 0
	('SW13', 'StarTr1')_gcl_cycle: 32000
	F31_('SW51', 'SW41')_t4_max: 126346
	F10_('SW22', 'SW13')_t4_max: 6184
	('SW14', 'SW22')_gcl_cycle: 2000
	F43_('SW21', 'SW11')_t3_max: 59054
	F15_('SW52', 'SW8')_t4_max: 253
	F0_('RCM2', 'SW32')_rr: 0
	F22_('SW22', 'SW32')_rr: 1
	F32_('SW22', 'SW32')_tb: 472
	F35_('SW52', 'SM2CA')_rr: 0
	F7_('SW14', 'DU5')_gc: False
	F49_('SW31', 'LCM1')_gc: False
	F12_('SW7', 'SW31')_t4_min: 30973
	F15_('SW41', 'CM1CA')_t5_max: 482
	F6_('SW32', 'RCM2')_gc: False
	('SW32', 'SW42')_gcl_cycle: 16000
	('SW31', 'SW21')_gcl_cycle: 16000
	F3_('SW14', 'DU4')_rr: 0
	F21_('SW21', 'SW13')_t3_max: 1279
	F44_('SW31', 'SW41')_t4_max: 15490
	F10_('SW13', 'StarTr1')_t3_min: 6305
	F32_('SW32', 'SW42')_t4_max: 578
	F24_('SMRIU1', 'SW6')_gc: False
	F24_('SW31', 'SW21')_gc: False
	F46_('CMRIU1', 'SW21')_gc: False
	('SM2CA', 'SW52')_gcl_cycle: 1
	F11_('SW12', 'SBAND1')_t3_min: 14985
	F48_('MIMU2', 'SW13')_rr: 0
	F10_('SW13', 'StarTr1')_gc: True
	F10_('SW22', 'SW13')_t5_max: 6303
	F6_('SW32', 'RCM2')_rr: 0
	F45_('SW13', 'SW21')_rr: 32
	F9_('SW21', 'SW31')_gc: False
	F26_('RCM2', 'SW32')_gc: False
	F10_('SW22', 'SW13')_t4_min: 6184
	F1_queue_index: 0
	F7_('FCM2', 'SW32')_rr: 0
	F33_('SW31', 'SW21')_t4_min: 125787
	F34_('SW14', 'SW21')_t5_max: 7803
	F31_('SM1CA', 'SW51')_rr: 0
	F47_('SW13', 'SW21')_rr: 0
	F45_('SW12', 'SBAND2')_gc: True
	F21_('SW13', 'MIMU2')_gc: False
	F2_jitter: 387
	F47_queue_index: 0
	F2_('SW41', 'SW31')_rr: 32
	('SW6', 'SMRIU1')_gcl_cycle: 1
	F9_('SW6', 'SMRIU2')_gc: False
	F18_('SW31', 'SW21')_t3_min: 14701
	F16_jitter: 258
	F47_('SW21', 'SW31')_t4_max: 946
	('SW42', 'CM2CA')_gcl_cycle: 1
	F3_('SW21', 'SW14')_gc: False
	F27_('SW42', 'SW32')_t4_min: 126183
	F43_queue_index: 0
	F48_('SW13', 'MIMU3')_t4_min: 122949
	('SW11', 'DU3')_gcl_cycle: 1
	F41_('SW12', 'SBAND1')_t5_min: 127204
	F44_('SW11', 'SW21')_t5_max: 15139
	('SW41', 'CM1CB')_gcl_cycle: 1
	F13_('SW12', 'SW21')_rr: 0
	F38_('SW21', 'SW31')_rr: 0
	F39_('DU3', 'SW11')_t3_max: 10671
	F35_('SW8', 'SW52')_rr: 0
	F5_('RCM1', 'SW31')_t3_max: 3086
	F46_jitter: 258
	F0_('SW32', 'SW22')_tb: 5607
	F42_('SW32', 'SW42')_tb: 126678
	('SW31', 'SW6')_gcl_cycle: 64000
	('SW52', 'SM2CB')_gcl_cycle: 1
	F46_queue_index: 0
	F36_('SW31', 'SW6')_rr: 0
	F24_queue_index: 0
	F22_('SW32', 'SW8')_gc: True
	F38_('SW21', 'SW31')_t4_min: 253
	('StarTr1', 'SW13')_gcl_cycle: 1
	F10_('FCM2', 'SW32')_t4_max: 5932
	F47_('SW31', 'LCM1')_t4_min: 969
	F33_('SW6', 'SW31')_rr: 0
	F22_('SW22', 'SW32')_t3_max: 4577
	F32_('SW14', 'SW22')_t3_max: 366
	F24_('SW6', 'SW31')_t3_max: 120
	F47_('SW13', 'SW21')_t3_max: 794
	F7_('SW32', 'SW22')_t3_max: 5573
	F8_('SW21', 'SW11')_t3_max: 62632
	F14_('SW11', 'SW22')_t3_max: 15088
	F10_('SW32', 'SW22')_t3_max: 6058
	F5_('SW31', 'SW21')_t3_max: 3316
	F1_('SW6', 'SW31')_t3_max: 13974
	F45_('SW13', 'SW21')_t3_max: 98
	F34_('SW14', 'SW21')_t3_max: 7662
	F42_('SW32', 'SW42')_t3_max: 126683
	F41_('SW11', 'SW21')_t3_max: 126966
	F46_('SW21', 'SW13')_t3_max: 97423
	F28_('SW13', 'SW22')_t3_max: 4532
	F29_('SW13', 'MIMU1')_t3_max: 967
	F43_('SW13', 'SW21')_t3_max: 58945
	F40_('SW42', 'CM2CB')_t3_max: 19
	F26_('SW32', 'SW42')_t3_max: 10874
	F49_('SW6', 'SW31')_t3_max: 127778
	F3_('SW31', 'SW21')_t3_max: 1792
	F4_('SW52', 'SW42')_t3_max: 5815
	F44_('SW11', 'SW21')_t3_max: 15050
	F17_('SW42', 'SW32')_t3_max: 14369
	F12_('SW22', 'SW7')_t3_max: 30948
	F48_('SW13', 'MIMU3')_t3_max: 122954
	F20_('SW31', 'SW21')_t3_max: 14253
	F2_('SW51', 'SW41')_t3_max: 1306
	F37_('SW32', 'SW8')_t3_max: 126796
	F0_('SW32', 'SW22')_t3_max: 5612
	F39_('SW11', 'SW21')_t3_max: 10884
	F33_('SW6', 'SW31')_t3_max: 125693
	F18_('SW6', 'SW31')_t3_max: 14638
	F15_('SW52', 'SW8')_t3_max: 129
	F9_('SW14', 'SW21')_t3_max: 14981
	F21_('SW31', 'SW21')_t3_max: 1134
	F35_('SW31', 'SW8')_t3_max: 11216
	F25_('SW12', 'SBAND1')_t3_max: 3248
	F6_('SW51', 'SW8')_t3_max: 62256
	F11_('SW21', 'SW12')_t3_max: 14972
	F36_('SW12', 'SW21')_t3_max: 60368
	F31_('SW51', 'SW41')_t3_max: 126222
	F23_('SW12', 'SW21')_t3_max: 803
	F30_('SW31', 'SW8')_t3_max: 113
	F19_('SW13', 'SW21')_t3_max: 78333
	F13_('SW12', 'SW21')_t3_max: 3306
	F16_('SW13', 'SW21')_t3_max: 14213
	F38_('SW13', 'SW21')_t3_max: 175
	F27_('SW42', 'SW32')_t3_max: 126188
	F23_('SW21', 'SW13')_tb: 843
	F0_('SW13', 'StarTr1')_t3_max: 6078
	F24_('SW21', 'SW13')_tb: 343
	F19_('SW21', 'SW31')_tb: 78428
	F28_('MIMU3', 'SW13')_t3_min: 4452
	F25_('SBAND2', 'SW12')_t3_min: 3181
	F19_('MIMU2', 'SW13')_t3_min: 78228
	F14_('SW11', 'SW22')_t5_min: 15209
	F47_('SW31', 'LCM1')_tb: 969
	F36_('SW21', 'SW31')_tb: 60459
	F26_('SW32', 'SW42')_t5_min: 10906
	F5_('SW14', 'DU4')_t4_max: 3900
	F2_('SM1CB', 'SW51')_t5_max: 1299
	F9_('SW21', 'SW31')_t3_max: 15002
	F37_('SW8', 'SW51')_t3_min: 126910
	F46_('SW21', 'SW13')_t5_min: 97529
	F12_('SW31', 'FCM1')_t5_min: 31031
	F39_('SW31', 'SW8')_t3_min: 11057
	F33_('SW11', 'DU2')_tb: 125985
	F23_('SW13', 'StarTr2')_t4_max: 1275
	F2_('SW41', 'SW31')_tb: 1427
	F37_('SW51', 'SM1CB')_t3_max: 127158
	F24_('SW13', 'MIMU1')_t3_max: 849
	F0_('SW22', 'SW13')_t3_max: 5845
	F22_('SW22', 'SW32')_t5_min: 4601
	F33_('SW6', 'SW31')_t3_min: 125688
	F7_('SW32', 'SW22')_t5_max: 5606
	F44_('DU2', 'SW11')_t5_max: 15043
	F30_('SW52', 'SW42')_t3_min: 332
	F2_('SW21', 'SW13')_t3_min: 1659
	F3_('SW21', 'SW14')_t3_max: 2026
	F22_('CMRIU2', 'SW22')_t5_min: 4570
	F29_('SW13', 'MIMU1')_t5_min: 1082
	F24_('SMRIU1', 'SW6')_tb: 1
	F12_('SW7', 'SW31')_t3_max: 31107
	F42_('FCM2', 'SW32')_t4_min: 126596
	F3_('SW21', 'SW14')_t5_min: 1995
	F20_('SW11', 'DU3')_t5_min: 14749
	F48_('MIMU2', 'SW13')_t5_min: 122947
	F32_('SW14', 'SW22')_t5_min: 465
	F6_('SW8', 'SW32')_t3_min: 62291
	F31_('SW51', 'SW41')_t5_max: 126418
	F36_('SW31', 'SW6')_t3_min: 60555
	F11_('SW12', 'SBAND1')_t3_max: 14990
	F9_('SW6', 'SMRIU2')_t4_max: 15292
	F16_('SW12', 'SBAND2')_tb: 14445
	F5_('RCM1', 'SW31')_t3_min: 3210
	F39_('SW8', 'SW52')_t3_min: 11146
	F28_('SW22', 'SW32')_t3_min: 4602
	F38_('SW41', 'CM1CA')_t5_max: 748
	F12_('SW7', 'SW31')_t5_max: 31259
	F9_('SW31', 'SW6')_t3_max: 15147
	F8_('CMRIU1', 'SW21')_t4_max: 62539
	F40_('CM2CA', 'SW42')_t4_max: 1
	F24_('SW6', 'SW31')_t3_min: 115
	F12_('SW7', 'SW31')_t5_min: 31001
	F29_('SW13', 'MIMU1')_t4_max: 1091
	F0_('SW22', 'SW13')_tb: 5711
	F28_('MIMU3', 'SW13')_t5_max: 4525
	F23_('SW13', 'StarTr2')_t3_min: 888
	('SW13', 'StarTr2')_gcl_length: 0
	F41_('DU1', 'SW11')_t5_max: 126959
	F36_('SBAND2', 'SW12')_t3_min: 60267
	F5_('SW21', 'SW14')_t3_min: 3412
	F40_('SW42', 'CM2CB')_t3_min: 14
	F1_('SW31', 'SW41')_t5_min: 14045
	F41_('SW11', 'SW21')_t5_max: 127044
	F36_('SW12', 'SW21')_t5_max: 60586
	F45_('SW21', 'SW12')_tb: 176
	F28_('MIMU3', 'SW13')_t4_max: 4452
	F44_('SW41', 'CM1CB')_t5_max: 15799
	F18_('SW11', 'DU3')_t3_max: 15105
	F30_('SW52', 'SW42')_t5_max: 442
	F13_('SW12', 'SW21')_t3_min: 3301
	F20_('FCM1', 'SW31')_t4_max: 14125
	F4_('SW22', 'SW13')_t3_max: 6438
	F22_('SW51', 'SM1CA')_t5_max: 4818
	('CMRIU1', 'SW21')_gcl_length: 0
	F44_('DU2', 'SW11')_tb: 14954
	F41_('SW21', 'SW12')_tb: 127046
	F14_('DU1', 'SW11')_t3_min: 14960
	F38_('MIMU3', 'SW13')_t4_max: 92
	F38_('SW41', 'CM1CA')_t5_min: 619
	F20_('SW11', 'DU3')_t3_min: 14628
	F14_('SW11', 'SW22')_t5_max: 15209
	F11_('SW21', 'SW12')_t3_min: 14967
	F47_('SW21', 'SW31')_t5_max: 967
	F27_('SW32', 'SW6')_t5_max: 126545
	F23_('SW12', 'SW21')_tb: 798
	F37_('FCM2', 'SW32')_t4_min: 126677
	F36_('SW6', 'SMRIU2')_t3_max: 61043
	F15_('SW52', 'SW8')_t3_min: 124
	F14_('SW22', 'CMRIU2')_t3_max: 15216
	F12_('SW22', 'SW7')_tb: 30943
	F47_('SW31', 'LCM1')_t3_max: 974
	F33_('SW6', 'SW31')_tb: 125688
	F8_('SW21', 'SW11')_t5_max: 62842
	F19_('SW41', 'CM1CA')_t5_max: 79242
	F38_('MIMU3', 'SW13')_t5_min: 168
	F30_('LCM1', 'SW31')_tb: 1
	F18_('SW31', 'SW21')_t3_max: 14835
	F13_('SW31', 'FCM1')_t5_max: 3863
	F19_('SW31', 'SW41')_t5_max: 79013
	F27_('CM2CA', 'SW42')_t3_min: 126130
	F40_('CM2CA', 'SW42')_t4_min: 1
	F39_('SW8', 'SW52')_t5_min: 11233
	F18_('SW21', 'SW11')_t3_max: 14908
	F32_('SW42', 'CM2CB')_t5_min: 778
	F33_('SW21', 'SW11')_tb: 125886
	F41_('SW21', 'SW12')_t3_min: 127046
	F35_('SW8', 'SW52')_t3_min: 11234
	F18_('SW11', 'DU3')_t5_max: 15295
	F26_('SW42', 'CM2CB')_t3_min: 10908
	F0_('SW13', 'StarTr1')_t5_min: 5917
	F6_('SW32', 'RCM2')_tb: 62331
	F38_('SW13', 'SW21')_t5_min: 251
	F22_('SW32', 'SW8')_t5_min: 4632
	F36_('SW21', 'SW31')_t3_max: 60593
	F7_('FCM2', 'SW32')_t3_min: 5533
	F20_('FCM1', 'SW31')_t5_max: 14246
	F45_('MIMU1', 'SW13')_t4_min: 20
	F36_('SW31', 'SW6')_t5_min: 60649
	F26_('SW32', 'SW42')_tb: 10874
	F25_('SW12', 'SBAND1')_tb: 3243
	F48_('SW13', 'MIMU3')_t3_min: 122949
	F35_('SW31', 'SW8')_t5_max: 11232
	F14_('DU1', 'SW11')_t5_min: 15081
	F41_('DU1', 'SW11')_t5_min: 126959
	F47_('SW31', 'LCM1')_t3_min: 969
	F2_('SW31', 'SW21')_t5_max: 1786
	F4_('SW13', 'MIMU2')_t5_min: 6676
	F28_('SW22', 'SW32')_t3_max: 4736
	F36_('SBAND2', 'SW12')_t4_max: 60267
	F38_('MIMU3', 'SW13')_t3_min: 92
	F1_('SW41', 'CM1CB')_tb: 14047
	('SW8', 'SW51')_gcl_length: 2
	F40_('CM2CA', 'SW42')_t3_min: 1
	F25_('SW12', 'SBAND1')_t3_min: 3243
	F22_('SW8', 'SW51')_tb: 4639
	('SW31', 'FCM1')_gcl_length: 0
	F33_('SW6', 'SW31')_t5_min: 125785
	('SW42', 'CM2CA')_gcl_length: 0
	('StarTr2', 'SW13')_gcl_length: 0
	('SW12', 'SW21')_gcl_length: 0
	F24_('SMRIU1', 'SW6')_t4_min: 1
	F35_('RCM1', 'SW31')_t5_min: 11209
	F2_('SW31', 'SW21')_t5_min: 1657
	F11_('SW12', 'SBAND1')_t5_max: 15125
	F20_('SW21', 'SW11')_tb: 14505
	F47_('SW13', 'SW21')_tb: 789
	F7_('SW14', 'DU5')_t5_min: 5676
	F20_('SW31', 'SW21')_t5_min: 14369
	('SW22', 'SW14')_gcl_length: 0
	F0_('RCM2', 'SW32')_tb: 5503
	F34_('SW6', 'SMRIU2')_t5_min: 7870
	F49_('SMRIU1', 'SW6')_t5_max: 127771
	F19_('MIMU2', 'SW13')_t4_min: 78228
	F3_('SW14', 'DU4')_t4_max: 2384
	F31_('SW41', 'SW31')_t5_max: 126497
	F11_('SW21', 'SW12')_tb: 14972
	F4_('SW32', 'SW22')_tb: 6184
	F0_('RCM2', 'SW32')_t4_max: 5503
	('SW21', 'SW13')_gcl_length: 2
	F37_('SW51', 'SM1CB')_t5_max: 127394
	F1_('SMRIU2', 'SW6')_t5_min: 13967
	F15_('SM2CB', 'SW52')_tb: 101
	F4_('SW13', 'MIMU2')_tb: 6558
	('SW21', 'SW31')_gcl_length: 162
	F16_('SW12', 'SBAND2')_t5_min: 14559
	F7_('SW22', 'SW14')_t3_min: 5608
	F18_('SW6', 'SW31')_tb: 14633
	F19_('SW21', 'SW31')_t5_max: 78784
	F31_('SW51', 'SW41')_tb: 126217
	F42_('SW42', 'CM2CA')_t3_min: 126760
	F39_('SW52', 'SM2CB')_t3_min: 11235
	F32_('SW14', 'SW22')_tb: 366
	F33_('SMRIU1', 'SW6')_t5_min: 125686
	F4_('SM2CA', 'SW52')_t4_max: 5690
	F0_('SW32', 'SW22')_t3_min: 5607
	F19_('SW31', 'SW41')_tb: 78528
	F34_('SW6', 'SMRIU2')_t3_max: 7858
	F35_('SW52', 'SM2CA')_tb: 11252
	F44_('SW31', 'SW41')_t3_min: 15232
	F41_('SW21', 'SW12')_t3_max: 127051
	F3_('RCM1', 'SW31')_t5_min: 1785
	F25_('SW12', 'SBAND1')_t4_max: 3372
	F17_('SW42', 'SW32')_t5_min: 14460
	F13_('SBAND2', 'SW12')_t4_min: 3242
	('RCM1', 'SW31')_gcl_length: 0
	F45_('SW21', 'SW12')_t3_min: 171
	('SW11', 'DU3')_gcl_length: 0
	F1_('SMRIU2', 'SW6')_t3_min: 13930
	F35_('SW31', 'SW8')_tb: 11216
	F43_('SW11', 'DU1')_t4_max: 59411
	F27_('SW6', 'SMRIU1')_tb: 126289
	F22_('SW32', 'SW8')_tb: 4608
	F23_('SW21', 'SW13')_t3_min: 843
	F15_('SW41', 'CM1CA')_t4_max: 461
	F2_('SW13', 'MIMU2')_t5_max: 2276
	F44_('SW31', 'SW41')_t3_max: 15366
	F35_('RCM1', 'SW31')_t4_min: 11193
	F2_('SM1CB', 'SW51')_t4_max: 1185
	F41_('SW11', 'SW21')_tb: 126966
	F38_('SW31', 'SW41')_t3_max: 465
	F20_('SW31', 'SW21')_t5_max: 14498
	F21_('LCM1', 'SW31')_t4_min: 1113
	('SMRIU1', 'SW6')_gcl_length: 0
	F32_('DU4', 'SW14')_t3_min: 260
	F22_('SW8', 'SW51')_t3_min: 4634
	F9_('SW31', 'SW6')_t3_min: 15013
	('SW6', 'SMRIU1')_gcl_length: 0
	F26_('SW32', 'SW42')_t3_min: 10869
	F36_('SW6', 'SMRIU2')_t5_max: 61261
	F34_('SW21', 'SW31')_tb: 7810
	F34_('SW31', 'SW6')_t5_min: 7851
	F41_('SW12', 'SBAND1')_t5_max: 127462
	F39_('DU3', 'SW11')_t5_max: 10877
	F2_('SM1CB', 'SW51')_t4_min: 1185
	F3_('SW21', 'SW14')_t3_min: 1892
	F30_('SW8', 'SW52')_t5_max: 330
	F12_('CMRIU2', 'SW22')_t5_max: 30941
	F15_('SW41', 'CM1CA')_tb: 332
	F4_('SW13', 'MIMU2')_t5_max: 6805
	F27_('SW6', 'SMRIU1')_t3_min: 126289
	F22_('CMRIU2', 'SW22')_t4_min: 4546
	F22_('SW22', 'SW32')_t5_max: 4601
	F47_('SW31', 'LCM1')_t5_max: 1119
	F46_('SW13', 'MIMU1')_t5_min: 97642
	F10_('SW32', 'SW22')_tb: 6058
	F9_('DU4', 'SW14')_t3_min: 14960
	F27_('CM2CA', 'SW42')_t4_min: 126130
	('SMRIU2', 'SW6')_gcl_length: 0
	F18_('SMRIU1', 'SW6')_t4_max: 14565
	F14_('SW22', 'CMRIU2')_tb: 15216
	('SW22', 'SW7')_gcl_length: 0
	F2_('SM1CB', 'SW51')_t3_min: 1185
	F17_('SW42', 'SW32')_t3_min: 14364
	F31_('SW41', 'SW31')_tb: 126425
	F28_('SW32', 'LCM2')_t4_max: 4940
	F34_('SW14', 'SW21')_tb: 7657
	F3_('RCM1', 'SW31')_tb: 1682
	F19_('SW41', 'CM1CA')_t3_min: 78628
	F2_('SW13', 'MIMU2')_t4_max: 2162
	F27_('SW42', 'SW32')_t5_min: 126234
	F29_('StarTr2', 'SW13')_t5_max: 960
	F33_('SMRIU1', 'SW6')_tb: 125589
	F48_('SW13', 'MIMU3')_t4_max: 123078
	F24_('SW21', 'SW13')_t3_min: 343
	F17_('SW7', 'SW31')_t5_max: 14780
	F9_('DU4', 'SW14')_t5_min: 14974
	F12_('CMRIU2', 'SW22')_t5_min: 30941
	F22_('SW8', 'SW51')_t5_max: 4663
	F2_('SW21', 'SW13')_t5_min: 1773
	('SW22', 'SW13')_gcl_length: 10
	F48_('MIMU2', 'SW13')_t3_min: 122939
	F26_('SW42', 'CM2CB')_t4_max: 10913
	F24_('SW13', 'MIMU1')_tb: 849
	('MIMU1', 'SW13')_gcl_length: 0
	F18_('SW6', 'SW31')_t5_min: 14699
	('SW52', 'SM2CA')_gcl_length: 0
	F5_('RCM1', 'SW31')_t4_max: 3210
	F11_('CMRIU1', 'SW21')_t4_max: 14954
	('SW41', 'CM1CA')_gcl_length: 0
	F28_('SW13', 'SW22')_t5_max: 4729
	('DU1', 'SW11')_gcl_length: 0
	F17_('SW31', 'FCM1')_tb: 14653
	F5_('RCM1', 'SW31')_tb: 3210
	F31_('SW13', 'StarTr2')_t5_min: 126853
	F46_('CMRIU1', 'SW21')_t5_max: 97416
	F41_('SW12', 'SBAND1')_tb: 127126
	('FCM2', 'SW32')_gcl_length: 0
	F12_('SW31', 'FCM1')_tb: 31003
	F48_('MIMU2', 'SW13')_t5_max: 122947
	F43_('MIMU2', 'SW13')_t4_min: 58836
	F8_('SW22', 'CMRIU2')_t3_min: 62937
	F4_('SW32', 'SW22')_t3_max: 6189
	F29_('StarTr2', 'SW13')_t4_max: 840
	F21_('LCM1', 'SW31')_tb: 1113
	F43_('SW11', 'DU1')_t5_max: 59513
	F9_('DU4', 'SW14')_t4_max: 14960
	('SW42', 'SW32')_gcl_length: 6
	F22_('SW32', 'SW8')_t3_min: 4603
	F20_('FCM1', 'SW31')_t5_min: 14246
	F32_('SW22', 'SW32')_t5_max: 571
	F39_('SW21', 'SW31')_t3_min: 10968
	F36_('SW6', 'SMRIU2')_t5_min: 60745
	F41_('SW12', 'SBAND1')_t3_min: 127126
	F27_('SW6', 'SMRIU1')_t5_max: 126727
	F2_('SW13', 'MIMU2')_tb: 1775
	('SW51', 'SM1CB')_gcl_length: 0
	F2_('SW51', 'SW41')_t5_min: 1420
	F19_('SW13', 'SW21')_t5_min: 78426
	F23_('SW13', 'StarTr2')_t5_max: 1318
	F22_('SW51', 'SM1CA')_t3_min: 4665
	F40_('CM2CA', 'SW42')_t5_max: 12
	F7_('SW14', 'DU5')_t4_max: 5901
	F46_('SW13', 'MIMU1')_t5_max: 97900
	F31_('SW41', 'SW31')_t3_min: 126291
	('SW42', 'CM2CB')_gcl_length: 2
	F47_('StarTr1', 'SW13')_tb: 766
	F31_('SW21', 'SW13')_tb: 126707
	('SW32', 'SW42')_gcl_length: 18
	F30_('LCM1', 'SW31')_t4_min: 1
	F29_('StarTr2', 'SW13')_tb: 840
	F31_('SW21', 'SW13')_t3_min: 126573
	F13_('SW31', 'FCM1')_t3_min: 3419
	F36_('SW12', 'SW21')_t5_min: 60457
	F33_('SW31', 'SW21')_t3_max: 125921
	F23_('SW13', 'StarTr2')_tb: 888
	F17_('SW32', 'SW7')_t3_max: 14467
	F12_('CMRIU2', 'SW22')_tb: 30913
	F37_('SW51', 'SM1CB')_t4_max: 127282
	F11_('SW12', 'SBAND1')_tb: 14985
	F34_('SW14', 'SW21')_t5_min: 7674
	F10_('FCM2', 'SW32')_tb: 5932
	F47_('StarTr1', 'SW13')_t5_max: 787
	F24_('SW6', 'SW31')_t5_min: 227
	F19_('SW21', 'SW31')_t3_min: 78428
	F32_('SW22', 'SW32')_t5_min: 571
	F28_('MIMU3', 'SW13')_tb: 4452
	F47_('SW31', 'LCM1')_t4_max: 1098
	F45_('SW12', 'SBAND2')_t4_max: 254
	F39_('SW11', 'SW21')_t5_min: 10966
	F39_('DU3', 'SW11')_t5_min: 10877
	F39_('SW11', 'SW21')_tb: 10884
	F49_('SW31', 'LCM1')_t5_min: 127870
	F33_('SMRIU1', 'SW6')_t4_min: 125589
	F10_('SW13', 'StarTr1')_t5_max: 6429
	F1_('SW31', 'SW41')_t3_min: 14008
	F36_('SW12', 'SW21')_t3_min: 60363
	F9_('DU4', 'SW14')_t4_min: 14960
	F44_('DU2', 'SW11')_t3_min: 14954
	F36_('SBAND2', 'SW12')_t5_min: 60361
	F23_('SW13', 'StarTr2')_t5_min: 931
	F44_('SW21', 'SW31')_t3_max: 15146
	F39_('SW8', 'SW52')_t3_max: 11151
	F29_('SW13', 'MIMU1')_tb: 962
	F34_('SW14', 'SW21')_t3_min: 7657
	F4_('SW32', 'SW22')_t3_min: 6184
	F30_('SW31', 'SW8')_tb: 113
	F24_('SW13', 'MIMU1')_t4_max: 849
	F21_('LCM1', 'SW31')_t4_max: 1113
	F30_('SW31', 'SW8')_t5_max: 218
	F27_('SW6', 'SMRIU1')_t3_max: 126552
	F5_('SW14', 'DU4')_t3_max: 3776
	('SW22', 'SW32')_gcl_length: 12
	F20_('SW11', 'DU3')_t5_max: 14878
	F42_('SW42', 'CM2CA')_t5_max: 127098
	F43_('MIMU2', 'SW13')_t5_max: 58938
	F32_('DU4', 'SW14')_t4_min: 260
	F41_('DU1', 'SW11')_tb: 126881
	F4_('SW42', 'SW32')_t5_max: 6182
	('SW52', 'SM2CB')_gcl_length: 0
	F19_('SW31', 'SW41')_t5_min: 78626
	F18_('SMRIU1', 'SW6')_t4_min: 14565
	('SW6', 'SW31')_gcl_length: 2
	F13_('SW21', 'SW31')_tb: 3360
	F10_('SW22', 'SW13')_tb: 6184
	F12_('CMRIU2', 'SW22')_t4_min: 30913
	F48_('MIMU2', 'SW13')_tb: 122939
	F6_('SW51', 'SW8')_tb: 62256
	F30_('LCM1', 'SW31')_t4_max: 1
	F7_('FCM2', 'SW32')_t5_min: 5566
	F3_('RCM1', 'SW31')_t4_max: 1682
	F37_('FCM2', 'SW32')_t5_max: 126789
	('SW11', 'SW22')_gcl_length: 10
	F11_('SW21', 'SW12')_t5_min: 14983
	F1_('SW31', 'SW41')_tb: 14008
	F36_('SW21', 'SW31')_t3_min: 60459
	F11_('CMRIU1', 'SW21')_tb: 14954
	F3_('SW21', 'SW14')_t5_max: 2253
	F32_('SW32', 'SW42')_tb: 578
	F45_('SW12', 'SBAND2')_t5_min: 325
	F35_('RCM1', 'SW31')_t3_min: 11193
	F0_('RCM2', 'SW32')_t5_min: 5605
	F4_('SW22', 'SW13')_tb: 6438
	F21_('SW13', 'MIMU2')_t3_max: 1424
	F32_('SW42', 'CM2CB')_t3_min: 679
	F1_('SW41', 'CM1CB')_t3_max: 14310
	F39_('DU3', 'SW11')_t4_min: 10795
	F47_('StarTr1', 'SW13')_t5_min: 787
	F2_('SW31', 'SW21')_tb: 1543
	F17_('CM2CA', 'SW42')_t4_max: 14271
	F3_('SW31', 'SW21')_t5_max: 2019
	F2_('SW21', 'SW13')_t5_max: 2031
	F1_('SW41', 'CM1CB')_t3_min: 14047
	F14_('SW22', 'CMRIU2')_t5_min: 15337
	F49_('SW31', 'LCM1')_t4_max: 127954
	F32_('SW32', 'SW42')_t3_min: 573
	F24_('SW31', 'SW21')_t5_min: 341
	F8_('SW21', 'SW11')_tb: 62627
	F40_('SW42', 'CM2CB')_t5_max: 154
	F30_('LCM1', 'SW31')_t3_min: 1
	F32_('DU4', 'SW14')_t4_max: 260
	F3_('SW31', 'SW21')_t3_min: 1787
	F0_('SW32', 'SW22')_t5_min: 5709
	F45_('MIMU1', 'SW13')_t5_max: 91
	F23_('SW21', 'SW13')_t5_min: 886
	F22_('SW32', 'SW8')_t5_max: 4632
	F7_('SW14', 'DU5')_t3_max: 5777
	('SW11', 'DU2')_gcl_length: 0
	F36_('SW31', 'SW6')_tb: 60555
	F9_('SW14', 'SW21')_t3_min: 14976
	F1_('SW41', 'CM1CB')_t4_max: 14434
	('SM2CB', 'SW52')_gcl_length: 0
	F19_('MIMU2', 'SW13')_t4_max: 78228
	F21_('SW21', 'SW13')_tb: 1145
	F24_('SW31', 'SW21')_t3_max: 363
	F17_('SW7', 'SW31')_t3_max: 14565
	F9_('SW14', 'SW21')_tb: 14981
	F41_('SW11', 'SW21')_t5_min: 127044
	F38_('SW21', 'SW31')_t3_min: 253
	F36_('SBAND2', 'SW12')_t5_max: 60361
	('SW31', 'LCM1')_gcl_length: 0
	F27_('CM2CA', 'SW42')_t5_max: 126181
	F7_('SW22', 'SW14')_t3_max: 5613
	F17_('SW7', 'SW31')_tb: 14560
	('SW8', 'SW32')_gcl_length: 2
	F38_('SW41', 'CM1CA')_tb: 543
	F44_('SW41', 'CM1CB')_t3_min: 15323
	F16_('SW12', 'SBAND2')_t4_max: 14703
	F9_('DU4', 'SW14')_t5_max: 14974
	F38_('SW21', 'SW31')_t3_max: 258
	F39_('SW52', 'SM2CB')_t5_max: 11446
	F31_('SW21', 'SW13')_t5_max: 126779
	F39_('SW21', 'SW31')_tb: 10973
	F34_('SW31', 'SW6')_t5_max: 7851
	F27_('CM2CA', 'SW42')_t4_max: 126130
	('SW7', 'SW31')_gcl_length: 0
	F31_('SW51', 'SW41')_t5_min: 126289
	F37_('FCM2', 'SW32')_t5_min: 126789
	F9_('SW21', 'SW31')_t3_min: 14997
	F15_('SW31', 'SW41')_t5_min: 330
	F46_('CMRIU1', 'SW21')_t5_min: 97416
	F49_('SMRIU1', 'SW6')_t3_min: 127726
	F30_('SW31', 'SW8')_t5_min: 218
	F49_('SW31', 'LCM1')_tb: 127825
	F19_('SW31', 'SW41')_t3_max: 78791
	F4_('SW42', 'SW32')_t5_min: 6182
	F23_('SBAND1', 'SW12')_t5_min: 796
	F33_('SW21', 'SW11')_t5_max: 126370
	('LCM1', 'SW31')_gcl_length: 0
	F3_('RCM1', 'SW31')_t5_max: 1785
	F30_('SW8', 'SW52')_tb: 225
	('SW22', 'CMRIU2')_gcl_length: 2
	F15_('SM2CB', 'SW52')_t3_min: 101
	F34_('SW21', 'SW31')_t5_min: 7827
	F7_('FCM2', 'SW32')_t4_max: 5533
	F11_('SW12', 'SBAND1')_t4_max: 15114
	F36_('SW21', 'SW31')_t5_min: 60553
	F45_('SW12', 'SBAND2')_t3_max: 254
	F17_('SW32', 'SW7')_tb: 14467
	F31_('SM1CA', 'SW51')_t5_max: 126215
	F20_('SW21', 'SW11')_t5_max: 14626
	F44_('SW11', 'SW21')_t3_min: 15045
	F4_('SW52', 'SW42')_tb: 5810
	F37_('FCM2', 'SW32')_t3_min: 126677
	F28_('SW32', 'LCM2')_t3_max: 4816
	F32_('SW32', 'SW42')_t5_min: 677
	F27_('SW6', 'SMRIU1')_t5_min: 126340
	F1_('SW31', 'SW41')_t3_max: 14142
	F17_('SW32', 'SW7')_t3_min: 14462
	F19_('SW41', 'CM1CA')_t4_max: 79144
	F40_('CM2CA', 'SW42')_tb: 1
	F17_('SW31', 'FCM1')_t4_max: 14911
	F20_('FCM1', 'SW31')_tb: 14125
	F6_('SM1CA', 'SW51')_t3_min: 62216
	F38_('MIMU3', 'SW13')_t5_max: 168
	F7_('SW14', 'DU5')_t3_min: 5643
	F15_('SW8', 'SW31')_t5_max: 302
	F26_('RCM2', 'SW32')_t5_max: 10867
	F25_('SBAND2', 'SW12')_t4_max: 3181
	F2_('SW21', 'SW13')_tb: 1659
	F17_('SW32', 'SW7')_t5_min: 14558
	('SW12', 'SBAND1')_gcl_length: 0
	F46_('SW13', 'MIMU1')_t3_min: 97531
	F34_('SW21', 'SW31')_t5_max: 7827
	F24_('SW21', 'SW13')_t5_min: 455
	F45_('SW12', 'SBAND2')_tb: 254
	F42_('FCM2', 'SW32')_t4_max: 126596
	F15_('SW52', 'SW8')_tb: 124
	F5_('SW14', 'DU4')_t3_min: 3513
	F33_('SW21', 'SW11')_t3_max: 126149
	F15_('SM2CB', 'SW52')_t4_min: 101
	F10_('SW22', 'SW13')_t3_max: 6184
	F38_('SW31', 'SW41')_tb: 465
	F6_('SW32', 'RCM2')_t3_max: 62336
	F14_('DU1', 'SW11')_tb: 14960
	F4_('SW22', 'SW13')_t3_min: 6304
	F7_('SW14', 'DU5')_t5_max: 5934
	F5_('SW21', 'SW14')_t5_max: 3769
	F49_('SMRIU1', 'SW6')_t4_min: 127726
	('SW12', 'SBAND2')_gcl_length: 2
	F39_('SW52', 'SM2CB')_tb: 11235
	F18_('SW31', 'SW21')_t5_max: 14901
	F12_('SW7', 'SW31')_t3_min: 30973
	F19_('MIMU2', 'SW13')_tb: 78228
	F20_('SW31', 'SW21')_t3_min: 14248
	F42_('SW42', 'CM2CA')_t4_max: 127018
	F6_('SW32', 'RCM2')_t4_max: 62460
	F33_('SW6', 'SW31')_t5_max: 125914
	F28_('SW32', 'LCM2')_tb: 4811
	F49_('SW6', 'SW31')_t3_min: 127773
	F25_('SBAND2', 'SW12')_t5_max: 3241
	F15_('SW41', 'CM1CA')_t5_min: 353
	F13_('SBAND2', 'SW12')_t4_max: 3242
	F17_('CM2CA', 'SW42')_t4_min: 14271
	F33_('SW11', 'DU2')_t3_max: 126377
	F21_('LCM1', 'SW31')_t5_max: 1127
	F21_('SW13', 'MIMU2')_t5_min: 1175
	F37_('SW32', 'SW8')_t5_min: 126908
	F1_('SW31', 'SW41')_t5_max: 14303
	F31_('SM1CA', 'SW51')_t4_max: 126143
	('SW31', 'SW8')_gcl_length: 50
	F8_('CMRIU1', 'SW21')_t4_min: 62539
	('SW32', 'RCM2')_gcl_length: 0
	F37_('SW8', 'SW51')_tb: 126910
	F13_('SBAND2', 'SW12')_t5_min: 3299
	F39_('SW21', 'SW31')_t3_max: 10973
	('SW31', 'SW21')_gcl_length: 2
	F35_('SW8', 'SW52')_t3_max: 11239
	F35_('SW52', 'SM2CA')_t3_max: 11386
	F31_('SM1CA', 'SW51')_t3_min: 126143
	F23_('SW12', 'SW21')_t5_min: 841
	F42_('SW42', 'CM2CA')_t3_max: 126894
	F42_('SW32', 'SW42')_t3_min: 126678
	F28_('MIMU3', 'SW13')_t5_min: 4525
	F12_('SW31', 'FCM1')_t4_max: 31390
	F3_('SW31', 'SW21')_t5_min: 1890
	F23_('SBAND1', 'SW12')_t4_max: 753
	F24_('SW31', 'SW21')_t5_max: 599
	F33_('SW11', 'DU2')_t3_min: 125985
	F28_('MIMU3', 'SW13')_t4_min: 4452
	F24_('SW31', 'SW21')_t3_min: 229
	F31_('SW31', 'SW21')_tb: 126499
	F21_('SW13', 'MIMU2')_t5_max: 1562
	F24_('SMRIU1', 'SW6')_t3_min: 1
	F45_('SW21', 'SW12')_t3_max: 176
	F24_('SW6', 'SW31')_t5_max: 356
	F19_('SW13', 'SW21')_t3_min: 78328
	F16_('MIMU1', 'SW13')_t5_min: 14206
	F47_('SW31', 'LCM1')_t5_min: 990
	F48_('MIMU2', 'SW13')_t4_min: 122939
	F44_('SW11', 'SW21')_tb: 15050
	F27_('SW42', 'SW32')_t3_min: 126183
	F6_('SW51', 'SW8')_t5_max: 62289
	F38_('SW13', 'SW21')_tb: 175
	('SW31', 'SW41')_gcl_length: 6
	F5_('SW31', 'SW21')_t3_min: 3311
	F10_('SW32', 'SW22')_t5_min: 6177
	F36_('SBAND2', 'SW12')_tb: 60267
	('SW31', 'SW6')_gcl_length: 18
	F22_('CMRIU2', 'SW22')_tb: 4546
	F34_('SW6', 'SMRIU2')_t4_max: 7982
	F1_('SMRIU2', 'SW6')_tb: 13930
	F44_('SW31', 'SW41')_t5_max: 15579
	F23_('SW13', 'StarTr2')_t3_max: 1151
	F39_('SW8', 'SW52')_tb: 11151
	F31_('SW13', 'StarTr2')_t3_min: 126781
	F35_('SW31', 'SW8')_t3_min: 11211
	F8_('SW11', 'SW22')_t3_max: 62849
	F43_('SW21', 'SW11')_t5_max: 59280
	F12_('SW22', 'SW7')_t5_max: 31100
	F49_('SMRIU1', 'SW6')_tb: 127726
	F42_('FCM2', 'SW32')_tb: 126596
	F44_('SW21', 'SW31')_t5_max: 15359
	F22_('CMRIU2', 'SW22')_t5_max: 4570
	F8_('CMRIU1', 'SW21')_t5_min: 62625
	F15_('SW41', 'CM1CA')_t3_max: 337
	F16_('SW21', 'SW12')_tb: 14329
	F12_('CMRIU2', 'SW22')_t3_min: 30913
	F32_('DU4', 'SW14')_t5_max: 359
	('SW14', 'DU5')_gcl_length: 0
	F22_('SW22', 'SW32')_tb: 4577
	F36_('SW6', 'SMRIU2')_t4_max: 61167
	F49_('SW6', 'SW31')_t5_min: 127823
	F13_('SBAND2', 'SW12')_t3_min: 3242
	F1_('SW6', 'SW31')_t5_min: 14006
	F26_('RCM2', 'SW32')_t4_min: 10835
	F12_('SW22', 'SW7')_t3_min: 30943
	F34_('SW31', 'SW6')_t3_min: 7829
	F45_('SW12', 'SBAND2')_t3_min: 249
	F24_('SW13', 'MIMU1')_t5_min: 961
	F7_('SW32', 'SW22')_tb: 5573
	F45_('MIMU1', 'SW13')_t4_max: 20
	F0_('SW13', 'StarTr1')_t3_min: 5815
	F32_('SW22', 'SW32')_t3_max: 472
	F31_('SW13', 'StarTr2')_t3_max: 126786
	F33_('SMRIU1', 'SW6')_t3_min: 125589
	F38_('MIMU3', 'SW13')_t4_min: 92
	F1_('SMRIU2', 'SW6')_t4_max: 13930
	F0_('SW22', 'SW13')_t3_min: 5711
	F17_('CM2CA', 'SW42')_t3_min: 14271
	F33_('SW21', 'SW11')_t3_min: 125886
	F19_('MIMU2', 'SW13')_t5_min: 78326
	('SM2CA', 'SW52')_gcl_length: 0
	F9_('SW6', 'SMRIU2')_tb: 15163
	F3_('SW14', 'DU4')_t3_min: 1997
	F45_('SW21', 'SW12')_t5_max: 247
	F21_('SW31', 'SW21')_t5_min: 1143
	('SW13', 'MIMU1')_gcl_length: 2
	F6_('SW32', 'RCM2')_t5_min: 62364
	('SW11', 'DU1')_gcl_length: 0
	F17_('SW32', 'SW7')_t5_max: 14558
	F15_('SW31', 'SW41')_tb: 309
	F8_('CMRIU1', 'SW21')_tb: 62539
	F28_('SW22', 'SW32')_t5_max: 4809
	F43_('MIMU2', 'SW13')_t4_max: 58836
	F13_('SW21', 'SW31')_t5_max: 3675
	F39_('SW11', 'SW21')_t5_max: 10966
	F28_('SW32', 'LCM2')_t3_min: 4811
	F18_('SW11', 'DU3')_t4_max: 15229
	F36_('SBAND2', 'SW12')_t4_min: 60267
	F20_('SW21', 'SW11')_t3_max: 14505
	F8_('CMRIU1', 'SW21')_t5_max: 62625
	F25_('SW12', 'SBAND1')_t5_max: 3432
	F45_('SW12', 'SBAND2')_t5_max: 325
	F31_('SW31', 'SW21')_t3_min: 126499
	F28_('SW13', 'SW22')_t3_min: 4527
	F11_('SW12', 'SBAND1')_t5_min: 14996
	F25_('SW12', 'SBAND1')_t5_min: 3303
	F49_('SW6', 'SW31')_tb: 127778
	('SW52', 'SW42')_gcl_length: 2
	F10_('SW32', 'SW22')_t5_max: 6177
	F27_('SW6', 'SMRIU1')_t4_max: 126676
	F32_('SW42', 'CM2CB')_t4_max: 808
	F19_('SW41', 'CM1CA')_t5_min: 78726
	F9_('SW6', 'SMRIU2')_t3_min: 15163
	F1_('SMRIU2', 'SW6')_t4_min: 13930
	F8_('SW11', 'SW22')_t5_min: 62935
	F11_('CMRIU1', 'SW21')_t3_min: 14954
	F16_('SW21', 'SW12')_t5_min: 14443
	F34_('DU5', 'SW14')_t4_max: 7638
	F2_('SW13', 'MIMU2')_t5_min: 1889
	F47_('StarTr1', 'SW13')_t4_max: 766
	F31_('SM1CA', 'SW51')_t4_min: 126143
	('SW14', 'SW22')_gcl_length: 2
	F31_('SW13', 'StarTr2')_t5_max: 126982
	F27_('SW32', 'SW6')_t3_max: 126370
	F15_('SW31', 'SW41')_t3_min: 304
	F38_('SW13', 'SW21')_t5_max: 251
	F23_('SBAND1', 'SW12')_t3_min: 753
	('DU3', 'SW11')_gcl_length: 0
	F24_('SW13', 'MIMU1')_t3_min: 457
	F4_('SW32', 'SW22')_t5_max: 6431
	F9_('SW14', 'SW21')_t5_max: 14995
	F38_('SW41', 'CM1CA')_t4_max: 672
	F43_('SW13', 'SW21')_t3_min: 58940
	F20_('SW11', 'DU3')_t4_max: 14757
	F19_('SW21', 'SW31')_t3_max: 78562
	('SW32', 'SW7')_gcl_length: 2
	F13_('SBAND2', 'SW12')_t5_max: 3299
	F34_('SW31', 'SW6')_tb: 7834
	F19_('SW13', 'SW21')_t5_max: 78555
	F46_('CMRIU1', 'SW21')_t4_max: 97305
	F46_('SW13', 'MIMU1')_t4_max: 97789
	F16_('MIMU1', 'SW13')_t3_min: 14092
	F31_('SW21', 'SW13')_t3_max: 126707
	F37_('SW32', 'SW8')_t5_max: 126908
	F11_('CMRIU1', 'SW21')_t4_min: 14954
	F13_('SW31', 'FCM1')_t4_max: 3806
	F4_('SW13', 'MIMU2')_t4_max: 6687
	F35_('SW52', 'SM2CA')_t5_min: 11268
	F49_('SW31', 'LCM1')_t3_max: 127830
	F16_('SW12', 'SBAND2')_t5_max: 14817
	F7_('FCM2', 'SW32')_tb: 5533
	F17_('CM2CA', 'SW42')_t5_max: 14362
	F16_('SW13', 'SW21')_t3_min: 14208
	F15_('SM2CB', 'SW52')_t4_max: 101
	F36_('SW12', 'SW21')_tb: 60363
	F30_('SW42', 'CM2CB')_t3_min: 444
	F4_('SM2CA', 'SW52')_t5_max: 5808
	('SBAND2', 'SW12')_gcl_length: 0
	F4_('SW22', 'SW13')_t5_max: 6556
	F9_('SW6', 'SMRIU2')_t5_min: 15177
	F3_('SW31', 'SW21')_tb: 1787
	F48_('SW13', 'MIMU3')_t5_max: 123086
	F24_('SW21', 'SW13')_t5_max: 842
	F6_('SW8', 'SW32')_t5_min: 62329
	F40_('SW42', 'CM2CB')_tb: 14
	F27_('SW32', 'SW6')_tb: 126236
	F41_('DU1', 'SW11')_t4_max: 126881
	F9_('SW31', 'SW6')_t5_max: 15161
	F32_('SW14', 'SW22')_t3_min: 361
	F10_('SW13', 'StarTr1')_t5_min: 6429
	F7_('SW22', 'SW14')_t5_min: 5641
	F2_('SW51', 'SW41')_t3_min: 1301
	F16_('MIMU1', 'SW13')_t4_min: 14092
	F1_('SW6', 'SW31')_t5_max: 14135
	F2_('SW13', 'MIMU2')_t3_max: 2038
	F16_('SW21', 'SW12')_t3_max: 14334
	F45_('MIMU1', 'SW13')_t5_min: 91
	F39_('SW31', 'SW8')_tb: 11062
	F28_('SW22', 'SW32')_tb: 4736
	F18_('SW11', 'DU3')_t5_min: 15037
	F34_('DU5', 'SW14')_t5_max: 7655
	F15_('SW8', 'SW31')_t5_min: 302
	F10_('SW32', 'SW22')_t3_min: 6053
	F21_('SW31', 'SW21')_tb: 1129
	F13_('SBAND2', 'SW12')_tb: 3242
	F31_('SW31', 'SW21')_t5_max: 126700
	F3_('SW14', 'DU4')_tb: 1997
	F34_('SW6', 'SMRIU2')_t3_min: 7853
	F7_('FCM2', 'SW32')_t4_min: 5533
	F30_('SW31', 'SW8')_t3_min: 108
	F21_('SW31', 'SW21')_t5_max: 1272
	F37_('SW32', 'SW8')_t3_min: 126791
	F0_('SW22', 'SW13')_t5_max: 6071
	F40_('SW42', 'CM2CB')_t4_max: 143
	('SW51', 'SW8')_gcl_length: 2
	('SW11', 'SW21')_gcl_length: 20
	F15_('SW31', 'SW41')_t5_max: 330
	F8_('SW22', 'CMRIU2')_t5_max: 63152
	F27_('CM2CA', 'SW42')_tb: 126130
	F37_('SW32', 'SW8')_tb: 126796
	F6_('SW8', 'SW32')_tb: 62296
	F48_('SW13', 'MIMU3')_tb: 122949
	F4_('SW42', 'SW32')_t3_min: 5930
	F9_('SW21', 'SW31')_t5_max: 15140
	F30_('SW42', 'CM2CB')_t4_max: 573
	F8_('CMRIU1', 'SW21')_t3_min: 62539
	F34_('SW21', 'SW31')_t3_min: 7676
	F38_('SW31', 'SW41')_t5_min: 541
	F26_('RCM2', 'SW32')_t4_max: 10835
	F20_('SW11', 'DU3')_t3_max: 14633
	F21_('SW13', 'MIMU2')_t4_max: 1548
	('SW13', 'StarTr1')_gcl_length: 2
	F34_('DU5', 'SW14')_t3_min: 7638
	F26_('RCM2', 'SW32')_tb: 10835
	F30_('SW8', 'SW52')_t3_max: 225
	F29_('SW13', 'MIMU1')_t3_min: 962
	F47_('SW21', 'SW31')_t5_min: 967
	F22_('SW51', 'SM1CA')_t5_min: 4689
	F31_('SW41', 'SW31')_t3_max: 126425
	F41_('DU1', 'SW11')_t4_min: 126881
	F44_('SW31', 'SW41')_t5_min: 15321
	F2_('SW41', 'SW31')_t3_min: 1422
	F16_('SW13', 'SW21')_tb: 14213
	F46_('CMRIU1', 'SW21')_t3_min: 97305
	F31_('SW21', 'SW13')_t5_min: 126779
	F14_('DU1', 'SW11')_t4_min: 14960
	F46_('SW13', 'MIMU1')_t3_max: 97665
	F7_('SW32', 'SW22')_t5_min: 5606
	('DU4', 'SW14')_gcl_length: 0
	F8_('SW22', 'CMRIU2')_tb: 62937
	F43_('SW11', 'DU1')_t5_min: 59255
	F22_('SW51', 'SM1CA')_t3_max: 4670
	('SW41', 'SW31')_gcl_length: 66
	F43_('MIMU2', 'SW13')_t5_min: 58938
	F29_('SW13', 'MIMU1')_t5_max: 1211
	F37_('SW8', 'SW51')_t5_min: 127022
	F39_('SW21', 'SW31')_t5_min: 11055
	('SW32', 'LCM2')_gcl_length: 0
	F26_('SW42', 'CM2CB')_tb: 10913
	F12_('SW31', 'FCM1')_t3_min: 31003
	('SW21', 'SW12')_gcl_length: 18
	F44_('DU2', 'SW11')_t4_min: 14954
	F39_('SW31', 'SW8')_t5_min: 11144
	F0_('SW13', 'StarTr1')_t4_max: 6202
	F38_('MIMU3', 'SW13')_tb: 92
	F17_('SW42', 'SW32')_tb: 14369
	F12_('SW7', 'SW31')_tb: 30973
	F41_('SW21', 'SW12')_t5_min: 127124
	F23_('SBAND1', 'SW12')_t5_max: 796
	F4_('SM2CA', 'SW52')_t4_min: 5690
	F18_('SMRIU1', 'SW6')_t3_min: 14565
	F39_('SW52', 'SM2CB')_t3_max: 11240
	F35_('SW8', 'SW52')_tb: 11234
	F44_('SW11', 'SW21')_t5_min: 15139
	F32_('SW32', 'SW42')_t3_max: 578
	F28_('SW32', 'LCM2')_t5_min: 4884
	('SW8', 'SW31')_gcl_length: 2
	F43_('MIMU2', 'SW13')_tb: 58836
	F26_('RCM2', 'SW32')_t5_min: 10867
	F13_('SW31', 'FCM1')_t3_max: 3682
	F12_('SW31', 'FCM1')_t5_max: 31418
	F35_('SW8', 'SW52')_t5_min: 11250
	F32_('SW14', 'SW22')_t5_max: 465
	F0_('SW13', 'StarTr1')_t5_max: 6304
	F1_('SW41', 'CM1CB')_t5_min: 14084
	F34_('SW6', 'SMRIU2')_t5_max: 7999
	F31_('SM1CA', 'SW51')_tb: 126143
	F13_('SW31', 'FCM1')_t5_min: 3476
	F45_('SW13', 'SW21')_t5_min: 169
	F46_('CMRIU1', 'SW21')_t4_min: 97305
	F18_('SW21', 'SW11')_t3_min: 14903
	F35_('SW8', 'SW52')_t5_max: 11379
	F4_('SW13', 'MIMU2')_t3_max: 6563
	F0_('SW22', 'SW13')_t5_min: 5813
	F39_('DU3', 'SW11')_tb: 10795
	F23_('SW12', 'SW21')_t5_max: 970
	F5_('SW21', 'SW14')_t5_min: 3511
	F5_('SW14', 'DU4')_t5_max: 3999
	F32_('SW42', 'CM2CB')_t3_max: 684
	F18_('SMRIU1', 'SW6')_t5_max: 14631
	F4_('SW42', 'SW32')_tb: 6064
	F40_('CM2CA', 'SW42')_t5_min: 12
	F17_('SW31', 'FCM1')_t5_max: 15002
	F31_('SW51', 'SW41')_t3_min: 126217
	F15_('SM2CB', 'SW52')_t5_min: 122
	F13_('SW12', 'SW21')_t5_max: 3487
	F32_('SW42', 'CM2CB')_tb: 679
	F27_('CM2CA', 'SW42')_t5_min: 126181
	F16_('SW12', 'SBAND2')_t3_max: 14579
	F46_('SW13', 'MIMU1')_tb: 97531
	F16_('MIMU1', 'SW13')_t5_max: 14206
	F46_('CMRIU1', 'SW21')_tb: 97305
	F36_('SW6', 'SMRIU2')_t3_min: 60651
	F43_('SW21', 'SW11')_tb: 59049
	F18_('SW21', 'SW11')_t5_min: 14969
	F25_('SBAND2', 'SW12')_tb: 3181
	F15_('SW41', 'CM1CA')_t3_min: 332
	F15_('SW52', 'SW8')_t5_min: 145
	F19_('SW21', 'SW31')_t5_min: 78526
	F18_('SW31', 'SW21')_t5_min: 14901
	F14_('SW11', 'SW22')_t3_min: 15083
	F8_('SW22', 'CMRIU2')_t5_min: 63023
	F12_('SW22', 'SW7')_t5_min: 30971
	F44_('DU2', 'SW11')_t5_min: 15043
	F17_('SW7', 'SW31')_t5_min: 14651
	F39_('SW52', 'SM2CB')_t4_max: 11364
	F14_('DU1', 'SW11')_t4_max: 14960
	F9_('SW21', 'SW31')_tb: 14997
	F4_('SW52', 'SW42')_t5_max: 6057
	F21_('SW31', 'SW21')_t3_min: 1129
	('SW41', 'CM1CB')_gcl_length: 0
	F15_('SW8', 'SW31')_tb: 281
	F28_('SW13', 'SW22')_tb: 4527
	F25_('SBAND2', 'SW12')_t5_min: 3241
	F38_('SW13', 'SW21')_t3_min: 170
	F1_('SW6', 'SW31')_tb: 13969
	F22_('SW51', 'SM1CA')_t4_max: 4794
	F22_('CMRIU2', 'SW22')_t4_max: 4546
	F6_('SW51', 'SW8')_t3_min: 62251
	F36_('SW6', 'SMRIU2')_tb: 60651
	F44_('SW21', 'SW31')_t3_min: 15141
	F7_('SW32', 'SW22')_t3_min: 5568
	F39_('SW31', 'SW8')_t5_max: 11144
	F28_('SW32', 'LCM2')_t5_max: 5013
	F2_('SW41', 'SW31')_t5_min: 1541
	F6_('SW51', 'SW8')_t5_min: 62289
	F17_('SW31', 'FCM1')_t3_min: 14653
	F23_('SW21', 'SW13')_t5_max: 1144
	F2_('SM1CB', 'SW51')_t5_min: 1299
	F14_('SW22', 'CMRIU2')_t3_min: 15211
	('StarTr1', 'SW13')_gcl_length: 0
	F44_('SW41', 'CM1CB')_tb: 15323
	F43_('SW13', 'SW21')_t5_max: 59047
	F32_('DU4', 'SW14')_tb: 260
	F6_('SM1CA', 'SW51')_tb: 62216
	F14_('SW22', 'CMRIU2')_t5_max: 15337
	F8_('SW22', 'CMRIU2')_t3_max: 62942
	F10_('SW22', 'SW13')_t5_min: 6303
	F39_('DU3', 'SW11')_t4_max: 10795
	F39_('SW52', 'SM2CB')_t5_min: 11317
	F43_('SW13', 'SW21')_t5_min: 59047
	F16_('SW21', 'SW12')_t3_min: 14329
	F22_('SW8', 'SW51')_t5_min: 4663
	F19_('SW31', 'SW41')_t3_min: 78528
	F10_('FCM2', 'SW32')_t4_min: 5932
	F33_('SMRIU1', 'SW6')_t5_max: 125686
	F21_('SW21', 'SW13')_t3_min: 1145
	F38_('SW41', 'CM1CA')_t3_max: 548
	F25_('SBAND2', 'SW12')_t4_min: 3181
	F4_('SW52', 'SW42')_t5_min: 5928
	F33_('SW11', 'DU2')_t4_max: 126501
	F17_('SW31', 'FCM1')_t3_max: 14787
	('SW21', 'SW14')_gcl_length: 0
	F21_('SW13', 'MIMU2')_tb: 1161
	F38_('SW41', 'CM1CA')_t3_min: 543
	F44_('SW21', 'SW31')_t5_min: 15230
	F13_('SW21', 'SW31')_t3_max: 3494
	F33_('SW31', 'SW21')_t5_min: 125884
	F23_('SW21', 'SW13')_t3_max: 977
	F8_('SW11', 'SW22')_tb: 62849
	F44_('DU2', 'SW11')_t4_max: 14954
	F30_('SW52', 'SW42')_tb: 337
	('SW51', 'SW41')_gcl_length: 2
	('SW13', 'SW22')_gcl_length: 0
	F36_('SW31', 'SW6')_t5_max: 61036
	F42_('SW42', 'CM2CA')_t5_min: 126840
	F38_('SW31', 'SW41')_t3_min: 331
	F13_('SW21', 'SW31')_t3_min: 3360
	F17_('SW7', 'SW31')_t3_min: 14560
	F6_('SM1CA', 'SW51')_t4_max: 62216
	F20_('SW11', 'DU3')_tb: 14628
	F41_('SW11', 'SW21')_t3_min: 126961
	F5_('RCM1', 'SW31')_t4_min: 3210
	F20_('FCM1', 'SW31')_t3_min: 14125
	F33_('SW11', 'DU2')_t5_max: 126598
	F27_('SW42', 'SW32')_t5_max: 126363
	F3_('SW21', 'SW14')_tb: 1892
	F35_('SW52', 'SM2CA')_t5_max: 11526
	F43_('SW13', 'SW21')_tb: 58945
	F7_('SW22', 'SW14')_t5_max: 5770
	F24_('SW6', 'SW31')_tb: 115
	F27_('SW32', 'SW6')_t5_min: 126287
	F2_('SW51', 'SW41')_tb: 1306
	F33_('SW21', 'SW11')_t5_min: 125983
	F1_('SMRIU2', 'SW6')_t5_max: 13967
	F46_('SW21', 'SW13')_tb: 97418
	('SW14', 'SW21')_gcl_length: 2
	F0_('RCM2', 'SW32')_t4_min: 5503
	F9_('SW21', 'SW31')_t5_min: 15011
	F33_('SW31', 'SW21')_t3_min: 125787
	F16_('SW12', 'SBAND2')_t3_min: 14445
	F5_('SW14', 'DU4')_tb: 3513
	F26_('SW42', 'CM2CB')_t5_min: 10945
	F47_('StarTr1', 'SW13')_t3_min: 766
	F24_('SW13', 'MIMU1')_t5_max: 961
	F33_('SW31', 'SW21')_tb: 125787
	F18_('SMRIU1', 'SW6')_t5_min: 14631
	F4_('SW22', 'SW13')_t5_min: 6556
	F47_('SW21', 'SW31')_t3_max: 946
	F3_('SW14', 'DU4')_t3_max: 2260
	F32_('SW42', 'CM2CB')_t5_max: 907
	F8_('SW11', 'SW22')_t3_min: 62715
	F19_('SW41', 'CM1CA')_tb: 78628
	F24_('SMRIU1', 'SW6')_t5_max: 113
	F48_('MIMU2', 'SW13')_t4_max: 122939
	F3_('RCM1', 'SW31')_t4_min: 1682
	F44_('SW21', 'SW31')_tb: 15141
	F20_('SW21', 'SW11')_t3_min: 14371
	F9_('SW6', 'SMRIU2')_t5_max: 15306
	('SM1CA', 'SW51')_gcl_length: 0
	F45_('MIMU1', 'SW13')_t3_min: 20
	F47_('SW13', 'SW21')_t5_max: 939
	F31_('SW13', 'StarTr2')_t4_max: 126910
	F47_('SW13', 'SW21')_t3_min: 789
	F15_('SW8', 'SW31')_t3_min: 147
	F42_('FCM2', 'SW32')_t5_max: 126676
	F33_('SW11', 'DU2')_t5_min: 126082
	F45_('SW21', 'SW12')_t5_min: 247
	F43_('SW21', 'SW11')_t3_min: 59049
	F37_('SW51', 'SM1CB')_tb: 127024
	F16_('MIMU1', 'SW13')_t4_max: 14092
	('SW21', 'SW11')_gcl_length: 2
	F10_('SW13', 'StarTr1')_t4_max: 6310
	('CM2CA', 'SW42')_gcl_length: 0
	F11_('CMRIU1', 'SW21')_t5_min: 14965
	F6_('SW32', 'RCM2')_t3_min: 62331
	F10_('FCM2', 'SW32')_t5_max: 6051
	F37_('SW8', 'SW51')_t3_max: 126915
	F30_('SW8', 'SW52')_t3_min: 220
	F35_('SW52', 'SM2CA')_t3_min: 11252
	F15_('SM2CB', 'SW52')_t5_max: 122
	F21_('SW13', 'MIMU2')_t3_min: 1161
	F30_('SW42', 'CM2CB')_t5_max: 678
	F5_('SW14', 'DU4')_t5_min: 3612
	F46_('SW21', 'SW13')_t3_min: 97418
	F9_('SW6', 'SMRIU2')_t3_max: 15168
	F8_('SW22', 'CMRIU2')_t4_max: 63066
	F26_('SW42', 'CM2CB')_t3_max: 10913
	F22_('SW8', 'SW51')_t3_max: 4639
	F2_('SW31', 'SW21')_t3_min: 1543
	F23_('SBAND1', 'SW12')_tb: 753
	F4_('SM2CA', 'SW52')_tb: 5690
	F39_('SW11', 'SW21')_t3_min: 10879
	F37_('SW51', 'SM1CB')_t3_min: 127024
	F17_('SW31', 'FCM1')_t5_min: 14744
	F4_('SW13', 'MIMU2')_t3_min: 6558
	F18_('SW21', 'SW11')_t5_max: 15098
	F12_('CMRIU2', 'SW22')_t4_max: 30913
	F2_('SW41', 'SW31')_t3_max: 1427
	F1_('SW6', 'SW31')_t3_min: 13969
	F33_('SMRIU1', 'SW6')_t4_max: 125589
	F6_('SM1CA', 'SW51')_t4_min: 62216
	F46_('SW21', 'SW13')_t5_max: 97658
	F13_('SW31', 'FCM1')_tb: 3419
	F49_('SMRIU1', 'SW6')_t5_min: 127771
	('DU5', 'SW14')_gcl_length: 0
	F45_('MIMU1', 'SW13')_tb: 20
