0. Flow F0 [DU1-->CM1CA] with period 32000, payload 897B, e2e delay 32000us, jitter 3200us
	('DU1', 'SW11'), Operation(26608, None, 26680)(26608, 26608)
	('SW11', 'SW21'), Operation(26682, 26687, 26759)(26687, 26687)
	('SW21', 'SW31'), Operation(26761, None, 26962)(26761, 26890)
	('SW31', 'SW41'), Operation(26835, None, 27165)(26835, 27093)
	('SW41', 'CM1CA'), Operation(26909, None, 27368)(26909, 27296)
1. Flow F1 [MIMU2-->CM1CA] with period 4000, payload 1007B, e2e delay 4000us, jitter 400us
	('MIMU2', 'SW13'), Operation(1509, None, 1590)(1509, 1509)
	('SW13', 'SW21'), Operation(1592, None, 1802)(1592, 1721)
	('SW21', 'SW31'), Operation(1675, None, 2014)(1675, 1933)
	('SW31', 'SW41'), Operation(1758, 2021, 2102)(2021, 2021)
	('SW41', 'CM1CA'), Operation(2104, None, 2314)(2104, 2233)
2. Flow F2 [CM1CA-->StarTr1] with period 64000, payload 1145B, e2e delay 64000us, jitter 6400us
	('CM1CA', 'SW41'), Operation(34560, None, 34652)(34560, 34560)
	('SW41', 'SW31'), Operation(34654, 34659, 34751)(34659, 34659)
	('SW31', 'SW21'), Operation(34753, None, 34974)(34753, 34882)
	('SW21', 'SW13'), Operation(34847, 34981, 35073)(34981, 34981)
	('SW13', 'StarTr1'), Operation(35075, 35080, 35172)(35080, 35080)
3. Flow F3 [RCM2-->MIMU2] with period 8000, payload 93B, e2e delay 8000us, jitter 800us
	('RCM2', 'SW32'), Operation(2129, None, 2137)(2129, 2129)
	('SW32', 'SW22'), Operation(2139, 2144, 2152)(2144, 2144)
	('SW22', 'SW13'), Operation(2154, 2159, 2167)(2159, 2159)
	('SW13', 'MIMU2'), Operation(2169, None, 2306)(2169, 2298)
4. Flow F4 [SMRIU2-->StarTr1] with period 64000, payload 920B, e2e delay 64000us, jitter 6400us
	('SMRIU2', 'SW6'), Operation(2020, None, 2094)(2020, 2020)
	('SW6', 'SW31'), Operation(2096, 2101, 2175)(2101, 2101)
	('SW31', 'SW21'), Operation(2177, None, 2380)(2177, 2306)
	('SW21', 'SW13'), Operation(2253, None, 2585)(2253, 2511)
	('SW13', 'StarTr1'), Operation(2329, None, 2790)(2329, 2716)
5. Flow F5 [FCM2-->StarTr2] with period 4000, payload 911B, e2e delay 4000us, jitter 400us
	('FCM2', 'SW32'), Operation(3314, None, 3387)(3314, 3314)
	('SW32', 'SW22'), Operation(3389, None, 3591)(3389, 3518)
	('SW22', 'SW13'), Operation(3464, None, 3795)(3464, 3722)
	('SW13', 'StarTr2'), Operation(3539, None, 3999)(3539, 3926)
6. Flow F6 [MIMU2-->SM1CB] with period 32000, payload 210B, e2e delay 32000us, jitter 3200us
	('MIMU2', 'SW13'), Operation(31738, None, 31755)(31738, 31738)
	('SW13', 'SW21'), Operation(31757, None, 31903)(31757, 31886)
	('SW21', 'SW31'), Operation(31776, 31910, 31927)(31910, 31910)
	('SW31', 'SW41'), Operation(31929, 31934, 31951)(31934, 31934)
	('SW41', 'SW51'), Operation(31953, 31958, 31975)(31958, 31958)
	('SW51', 'SM1CB'), Operation(31977, 31982, 31999)(31982, 31982)
7. Flow F7 [RCM2-->StarTr2] with period 4000, payload 249B, e2e delay 4000us, jitter 400us
	('RCM2', 'SW32'), Operation(1423, None, 1443)(1423, 1423)
	('SW32', 'SW22'), Operation(1445, None, 1594)(1445, 1574)
	('SW22', 'SW13'), Operation(1467, None, 1745)(1467, 1725)
	('SW13', 'StarTr2'), Operation(1489, None, 1896)(1489, 1876)
8. Flow F8 [StarTr2-->DU2] with period 16000, payload 472B, e2e delay 16000us, jitter 1600us
	('StarTr2', 'SW13'), Operation(1384, None, 1422)(1384, 1384)
	('SW13', 'SW21'), Operation(1424, None, 1591)(1424, 1553)
	('SW21', 'SW11'), Operation(1464, None, 1760)(1464, 1722)
	('SW11', 'DU2'), Operation(1504, None, 1929)(1504, 1891)
9. Flow F9 [CM2CB-->StarTr2] with period 16000, payload 972B, e2e delay 16000us, jitter 1600us
	('CM2CB', 'SW42'), Operation(9572, None, 9650)(9572, 9572)
	('SW42', 'SW32'), Operation(9652, 9657, 9735)(9657, 9657)
	('SW32', 'SW22'), Operation(9737, None, 9944)(9737, 9866)
	('SW22', 'SW13'), Operation(9817, None, 10153)(9817, 10075)
	('SW13', 'StarTr2'), Operation(9897, None, 10362)(9897, 10284)
10. Flow F10 [SM2CB-->MIMU1] with period 64000, payload 223B, e2e delay 64000us, jitter 6400us
	('SM2CB', 'SW52'), Operation(1527, None, 1545)(1527, 1527)
	('SW52', 'SW42'), Operation(1547, None, 1694)(1547, 1676)
	('SW42', 'SW32'), Operation(1567, 1701, 1719)(1701, 1701)
	('SW32', 'SW22'), Operation(1721, 1726, 1744)(1726, 1726)
	('SW22', 'SW13'), Operation(1746, None, 1893)(1746, 1875)
	('SW13', 'MIMU1'), Operation(1766, None, 2042)(1766, 2024)
11. Flow F11 [CMRIU2-->SMRIU1] with period 2000, payload 433B, e2e delay 2000us, jitter 200us
	('CMRIU2', 'SW22'), Operation(708, None, 743)(708, 708)
	('SW22', 'SW32'), Operation(745, None, 909)(745, 874)
	('SW32', 'SW6'), Operation(782, None, 1075)(782, 1040)
	('SW6', 'SMRIU1'), Operation(819, 1082, 1117)(1082, 1082)
12. Flow F12 [DU3-->CM2CB] with period 128000, payload 1163B, e2e delay 128000us, jitter 12800us
	('DU3', 'SW11'), Operation(125204, None, 125298)(125204, 125204)
	('SW11', 'SW22'), Operation(125300, 125305, 125399)(125305, 125305)
	('SW22', 'SW32'), Operation(125401, None, 125624)(125401, 125530)
	('SW32', 'SW42'), Operation(125497, None, 125849)(125497, 125755)
	('SW42', 'CM2CB'), Operation(125593, None, 126074)(125593, 125980)
13. Flow F13 [DU1-->SM2CB] with period 32000, payload 1461B, e2e delay 32000us, jitter 3200us
	('DU1', 'SW11'), Operation(1772, None, 1889)(1772, 1772)
	('SW11', 'SW21'), Operation(1891, 1896, 2013)(1896, 1896)
	('SW21', 'SW31'), Operation(2015, None, 2261)(2015, 2144)
	('SW31', 'SW8'), Operation(2134, 2268, 2385)(2268, 2268)
	('SW8', 'SW52'), Operation(2387, None, 2633)(2387, 2516)
	('SW52', 'SM2CB'), Operation(2506, None, 2881)(2506, 2764)
14. Flow F14 [RCM1-->SMRIU2] with period 128000, payload 1242B, e2e delay 128000us, jitter 12800us
	('RCM1', 'SW31'), Operation(107364, None, 107464)(107364, 107364)
	('SW31', 'SW6'), Operation(107466, 107471, 107571)(107471, 107471)
	('SW6', 'SMRIU2'), Operation(107573, None, 107802)(107573, 107702)
15. Flow F15 [DU3-->SM2CB] with period 128000, payload 977B, e2e delay 128000us, jitter 12800us
	('DU3', 'SW11'), Operation(125299, None, 125378)(125299, 125299)
	('SW11', 'SW21'), Operation(125380, 125385, 125464)(125385, 125385)
	('SW21', 'SW31'), Operation(125466, None, 125674)(125466, 125595)
	('SW31', 'SW8'), Operation(125547, 125681, 125760)(125681, 125681)
	('SW8', 'SW52'), Operation(125762, 125767, 125846)(125767, 125767)
	('SW52', 'SM2CB'), Operation(125848, 125853, 125932)(125853, 125853)
16. Flow F16 [SMRIU1-->DU3] with period 64000, payload 1112B, e2e delay 64000us, jitter 6400us
	('SMRIU1', 'SW6'), Operation(61975, None, 62064)(61975, 61975)
	('SW6', 'SW31'), Operation(62066, 62071, 62160)(62071, 62071)
	('SW31', 'SW21'), Operation(62162, None, 62380)(62162, 62291)
	('SW21', 'SW11'), Operation(62253, None, 62600)(62253, 62511)
	('SW11', 'DU3'), Operation(62344, None, 62820)(62344, 62731)
17. Flow F17 [SM2CB-->LCM2] with period 128000, payload 567B, e2e delay 128000us, jitter 12800us
	('SM2CB', 'SW52'), Operation(127235, None, 127281)(127235, 127235)
	('SW52', 'SW42'), Operation(127283, 127288, 127334)(127288, 127288)
	('SW42', 'SW32'), Operation(127336, None, 127511)(127336, 127465)
	('SW32', 'LCM2'), Operation(127384, None, 127688)(127384, 127642)
18. Flow F18 [BFCU-->CMRIU2] with period 2000, payload 794B, e2e delay 2000us, jitter 200us
	('BFCU', 'SW22'), Operation(354, None, 418)(354, 354)
	('SW22', 'CMRIU2'), Operation(420, None, 613)(420, 549)
19. Flow F19 [SM1CB-->CMRIU1] with period 2000, payload 1385B, e2e delay 2000us, jitter 200us
	('SM1CB', 'SW51'), Operation(32, None, 143)(32, 32)
	('SW51', 'SW41'), Operation(145, 150, 261)(150, 150)
	('SW41', 'SW31'), Operation(263, 268, 379)(268, 268)
	('SW31', 'SW21'), Operation(381, 386, 497)(386, 386)
	('SW21', 'CMRIU1'), Operation(499, None, 739)(499, 628)
20. Flow F20 [CMRIU1-->DU5] with period 2000, payload 1446B, e2e delay 2000us, jitter 200us
	('CMRIU1', 'SW21'), Operation(633, None, 749)(633, 633)
	('SW21', 'SW14'), Operation(751, None, 996)(751, 880)
	('SW14', 'DU5'), Operation(869, 1003, 1119)(1003, 1003)
21. Flow F21 [DU2-->SM2CA] with period 8000, payload 760B, e2e delay 8000us, jitter 800us
	('DU2', 'SW11'), Operation(6338, None, 6399)(6338, 6338)
	('SW11', 'SW21'), Operation(6401, 6406, 6467)(6406, 6406)
	('SW21', 'SW31'), Operation(6469, None, 6659)(6469, 6598)
	('SW31', 'SW8'), Operation(6532, 6666, 6727)(6666, 6666)
	('SW8', 'SW52'), Operation(6729, 6734, 6795)(6734, 6734)
	('SW52', 'SM2CA'), Operation(6797, 6802, 6863)(6802, 6802)
22. Flow F22 [LCM2-->CM1CB] with period 32000, payload 450B, e2e delay 32000us, jitter 3200us
	('LCM2', 'SW32'), Operation(29220, None, 29256)(29220, 29220)
	('SW32', 'SW6'), Operation(29258, None, 29423)(29258, 29387)
	('SW6', 'SW31'), Operation(29296, None, 29590)(29296, 29554)
	('SW31', 'SW41'), Operation(29334, None, 29757)(29334, 29721)
	('SW41', 'CM1CB'), Operation(29372, None, 29924)(29372, 29888)
23. Flow F23 [CMRIU1-->SMRIU1] with period 8000, payload 943B, e2e delay 8000us, jitter 800us
	('CMRIU1', 'SW21'), Operation(6750, None, 6826)(6750, 6750)
	('SW21', 'SW31'), Operation(6828, None, 7033)(6828, 6957)
	('SW31', 'SW6'), Operation(6906, 7040, 7116)(7040, 7040)
	('SW6', 'SMRIU1'), Operation(7118, None, 7323)(7118, 7247)
24. Flow F24 [DU4-->CM1CA] with period 64000, payload 155B, e2e delay 64000us, jitter 6400us
	('DU4', 'SW14'), Operation(63004, None, 63017)(63004, 63004)
	('SW14', 'SW21'), Operation(63019, None, 63161)(63019, 63148)
	('SW21', 'SW31'), Operation(63034, None, 63305)(63034, 63292)
	('SW31', 'SW41'), Operation(63049, 63312, 63325)(63312, 63312)
	('SW41', 'CM1CA'), Operation(63327, None, 63469)(63327, 63456)
25. Flow F25 [StarTr2-->SBAND1] with period 128000, payload 1300B, e2e delay 128000us, jitter 12800us
	('StarTr2', 'SW13'), Operation(119199, None, 119303)(119199, 119199)
	('SW13', 'SW21'), Operation(119305, 119310, 119414)(119310, 119310)
	('SW21', 'SW12'), Operation(119416, 119421, 119525)(119421, 119421)
	('SW12', 'SBAND1'), Operation(119527, None, 119760)(119527, 119656)
26. Flow F26 [SM2CA-->SMRIU2] with period 128000, payload 1296B, e2e delay 128000us, jitter 12800us
	('SM2CA', 'SW52'), Operation(125441, None, 125545)(125441, 125441)
	('SW52', 'SW42'), Operation(125547, 125552, 125656)(125552, 125552)
	('SW42', 'SW32'), Operation(125658, 125663, 125767)(125663, 125663)
	('SW32', 'SW6'), Operation(125769, 125774, 125878)(125774, 125774)
	('SW6', 'SMRIU2'), Operation(125880, None, 126113)(125880, 126009)
27. Flow F27 [DU4-->LCM2] with period 128000, payload 64B, e2e delay 128000us, jitter 12800us
	('DU4', 'SW14'), Operation(124588, None, 124594)(124588, 124588)
	('SW14', 'SW22'), Operation(124596, 124601, 124607)(124601, 124601)
	('SW22', 'SW32'), Operation(124609, None, 124744)(124609, 124738)
	('SW32', 'LCM2'), Operation(124617, None, 124881)(124617, 124875)
28. Flow F28 [CMRIU1-->SBAND1] with period 8000, payload 399B, e2e delay 8000us, jitter 800us
	('CMRIU1', 'SW21'), Operation(600, None, 632)(600, 600)
	('SW21', 'SW12'), Operation(634, None, 795)(634, 763)
	('SW12', 'SBAND1'), Operation(668, None, 958)(668, 926)
29. Flow F29 [DU4-->CM1CB] with period 128000, payload 370B, e2e delay 128000us, jitter 12800us
	('DU4', 'SW14'), Operation(18400, None, 18430)(18400, 18400)
	('SW14', 'SW21'), Operation(18432, 18437, 18467)(18437, 18437)
	('SW21', 'SW31'), Operation(18469, 18474, 18504)(18474, 18474)
	('SW31', 'SW41'), Operation(18506, None, 18665)(18506, 18635)
	('SW41', 'CM1CB'), Operation(18538, None, 18826)(18538, 18796)
30. Flow F30 [FCM1-->LCM1] with period 16000, payload 1065B, e2e delay 16000us, jitter 1600us
	('FCM1', 'SW31'), Operation(8497, None, 8583)(8497, 8497)
	('SW31', 'LCM1'), Operation(8585, None, 8800)(8585, 8714)
31. Flow F31 [SMRIU2-->CMRIU1] with period 4000, payload 408B, e2e delay 4000us, jitter 400us
	('SMRIU2', 'SW6'), Operation(3003, None, 3036)(3003, 3003)
	('SW6', 'SW31'), Operation(3038, None, 3200)(3038, 3167)
	('SW31', 'SW21'), Operation(3073, None, 3364)(3073, 3331)
	('SW21', 'CMRIU1'), Operation(3108, None, 3528)(3108, 3495)
32. Flow F32 [CM1CB-->RCM2] with period 4000, payload 181B, e2e delay 4000us, jitter 400us
	('CM1CB', 'SW41'), Operation(225, None, 240)(225, 225)
	('SW41', 'SW31'), Operation(242, 247, 262)(247, 247)
	('SW31', 'SW7'), Operation(264, None, 408)(264, 393)
	('SW7', 'SW32'), Operation(281, None, 554)(281, 539)
	('SW32', 'RCM2'), Operation(298, None, 700)(298, 685)
33. Flow F33 [FCM1-->SBAND1] with period 64000, payload 623B, e2e delay 64000us, jitter 6400us
	('FCM1', 'SW31'), Operation(24446, None, 24496)(24446, 24446)
	('SW31', 'SW21'), Operation(24498, 24503, 24553)(24503, 24503)
	('SW21', 'SW12'), Operation(24555, 24560, 24610)(24560, 24560)
	('SW12', 'SBAND1'), Operation(24612, 24617, 24667)(24617, 24617)
34. Flow F34 [MIMU2-->SM1CB] with period 8000, payload 1230B, e2e delay 8000us, jitter 800us
	('MIMU2', 'SW13'), Operation(7099, None, 7198)(7099, 7099)
	('SW13', 'SW21'), Operation(7200, 7205, 7304)(7205, 7205)
	('SW21', 'SW31'), Operation(7306, 7311, 7410)(7311, 7311)
	('SW31', 'SW41'), Operation(7412, 7417, 7516)(7417, 7417)
	('SW41', 'SW51'), Operation(7518, None, 7746)(7518, 7647)
	('SW51', 'SM1CB'), Operation(7619, None, 7976)(7619, 7877)
35. Flow F35 [SM1CA-->CMRIU2] with period 128000, payload 1139B, e2e delay 128000us, jitter 12800us
	('SM1CA', 'SW51'), Operation(126238, None, 126330)(126238, 126238)
	('SW51', 'SW8'), Operation(126332, None, 126553)(126332, 126461)
	('SW8', 'SW32'), Operation(126426, None, 126776)(126426, 126684)
	('SW32', 'SW22'), Operation(126520, None, 126999)(126520, 126907)
	('SW22', 'CMRIU2'), Operation(126614, None, 127222)(126614, 127130)
36. Flow F36 [DU1-->MIMU3] with period 4000, payload 453B, e2e delay 4000us, jitter 400us
	('DU1', 'SW11'), Operation(2721, None, 2758)(2721, 2721)
	('SW11', 'SW21'), Operation(2760, 2765, 2802)(2765, 2765)
	('SW21', 'SW13'), Operation(2804, 2809, 2846)(2809, 2809)
	('SW13', 'MIMU3'), Operation(2848, 2853, 2890)(2853, 2853)
37. Flow F37 [RCM1-->DU2] with period 4000, payload 1005B, e2e delay 4000us, jitter 400us
	('RCM1', 'SW31'), Operation(3282, None, 3363)(3282, 3282)
	('SW31', 'SW21'), Operation(3365, None, 3575)(3365, 3494)
	('SW21', 'SW11'), Operation(3448, None, 3787)(3448, 3706)
	('SW11', 'DU2'), Operation(3531, None, 3999)(3531, 3918)
38. Flow F38 [DU4-->RCM2] with period 32000, payload 993B, e2e delay 32000us, jitter 3200us
	('DU4', 'SW14'), Operation(29022, None, 29102)(29022, 29022)
	('SW14', 'SW22'), Operation(29104, None, 29313)(29104, 29233)
	('SW22', 'SW32'), Operation(29186, 29320, 29400)(29320, 29320)
	('SW32', 'RCM2'), Operation(29402, None, 29611)(29402, 29531)
39. Flow F39 [SM2CA-->MIMU3] with period 32000, payload 1186B, e2e delay 32000us, jitter 3200us
	('SM2CA', 'SW52'), Operation(29994, None, 30089)(29994, 29994)
	('SW52', 'SW42'), Operation(30091, None, 30315)(30091, 30220)
	('SW42', 'SW32'), Operation(30188, 30322, 30417)(30322, 30322)
	('SW32', 'SW22'), Operation(30419, 30424, 30519)(30424, 30424)
	('SW22', 'SW13'), Operation(30521, 30526, 30621)(30526, 30526)
	('SW13', 'MIMU3'), Operation(30623, None, 30847)(30623, 30752)
40. Flow F40 [SM2CA-->SM2CB] with period 32000, payload 1056B, e2e delay 32000us, jitter 3200us
	('SM2CA', 'SW52'), Operation(29546, None, 29631)(29546, 29546)
	('SW52', 'SM2CB'), Operation(29633, None, 29847)(29633, 29762)
41. Flow F41 [DU4-->SBAND2] with period 16000, payload 1160B, e2e delay 16000us, jitter 1600us
	('DU4', 'SW14'), Operation(601, None, 694)(601, 601)
	('SW14', 'SW21'), Operation(696, 701, 794)(701, 701)
	('SW21', 'SW12'), Operation(796, None, 1018)(796, 925)
	('SW12', 'SBAND2'), Operation(891, None, 1242)(891, 1149)
42. Flow F42 [StarTr2-->BFCU] with period 128000, payload 757B, e2e delay 128000us, jitter 12800us
	('StarTr2', 'SW13'), Operation(113423, None, 113484)(113423, 113423)
	('SW13', 'SW22'), Operation(113486, None, 113676)(113486, 113615)
	('SW22', 'BFCU'), Operation(113549, None, 113868)(113549, 113807)
43. Flow F43 [LCM1-->SM1CA] with period 4000, payload 477B, e2e delay 4000us, jitter 400us
	('LCM1', 'SW31'), Operation(2625, None, 2664)(2625, 2625)
	('SW31', 'SW41'), Operation(2666, None, 2834)(2666, 2795)
	('SW41', 'SW51'), Operation(2707, None, 3004)(2707, 2965)
	('SW51', 'SM1CA'), Operation(2748, None, 3174)(2748, 3135)
44. Flow F44 [SMRIU2-->SM1CB] with period 16000, payload 978B, e2e delay 16000us, jitter 1600us
	('SMRIU2', 'SW6'), Operation(14673, None, 14752)(14673, 14673)
	('SW6', 'SW31'), Operation(14754, None, 14962)(14754, 14883)
	('SW31', 'SW41'), Operation(14835, 14969, 15048)(14969, 14969)
	('SW41', 'SW51'), Operation(15050, None, 15258)(15050, 15179)
	('SW51', 'SM1CB'), Operation(15131, None, 15468)(15131, 15389)
45. Flow F45 [CM2CA-->StarTr1] with period 32000, payload 565B, e2e delay 32000us, jitter 3200us
	('CM2CA', 'SW42'), Operation(31236, None, 31282)(31236, 31236)
	('SW42', 'SW32'), Operation(31284, 31289, 31335)(31289, 31289)
	('SW32', 'SW22'), Operation(31337, 31342, 31388)(31342, 31342)
	('SW22', 'SW13'), Operation(31390, 31395, 31441)(31395, 31395)
	('SW13', 'StarTr1'), Operation(31443, None, 31618)(31443, 31572)
46. Flow F46 [DU3-->FCM1] with period 2000, payload 895B, e2e delay 2000us, jitter 200us
	('DU3', 'SW11'), Operation(114, None, 186)(114, 114)
	('SW11', 'SW21'), Operation(188, None, 389)(188, 317)
	('SW21', 'SW31'), Operation(262, 396, 468)(396, 396)
	('SW31', 'FCM1'), Operation(470, None, 671)(470, 599)
47. Flow F47 [LCM1-->DU3] with period 32000, payload 1505B, e2e delay 32000us, jitter 3200us
	('LCM1', 'SW31'), Operation(30823, None, 30944)(30823, 30823)
	('SW31', 'SW21'), Operation(30946, 30951, 31072)(30951, 30951)
	('SW21', 'SW11'), Operation(31074, None, 31324)(31074, 31203)
	('SW11', 'DU3'), Operation(31197, None, 31576)(31197, 31455)
48. Flow F48 [RCM2-->SMRIU1] with period 4000, payload 778B, e2e delay 4000us, jitter 400us
	('RCM2', 'SW32'), Operation(1359, None, 1422)(1359, 1359)
	('SW32', 'SW6'), Operation(1424, None, 1616)(1424, 1553)
	('SW6', 'SMRIU1'), Operation(1489, None, 1810)(1489, 1747)
49. Flow F49 [CM1CA-->CMRIU2] with period 16000, payload 1080B, e2e delay 16000us, jitter 1600us
	('CM1CA', 'SW41'), Operation(14867, None, 14954)(14867, 14867)
	('SW41', 'SW31'), Operation(14956, None, 15172)(14956, 15085)
	('SW31', 'SW7'), Operation(15045, None, 15390)(15045, 15303)
	('SW7', 'SW22'), Operation(15134, None, 15608)(15134, 15521)
	('SW22', 'CMRIU2'), Operation(15223, None, 15826)(15223, 15739)

SMT variables: 
	F28_('CMRIU1', 'SW21')_rr: 0
	F28_('SW12', 'SBAND1')_t4_max: 926
	F25_('SW21', 'SW12')_t4_min: 119421
	F47_('SW31', 'SW21')_t5_max: 31072
	F32_jitter: 387
	F34_('SW21', 'SW31')_t3_max: 7311
	F21_('SW8', 'SW52')_gc: True
	F37_('RCM1', 'SW31')_gc: False
	F0_('DU1', 'SW11')_gc: False
	F26_('SW6', 'SMRIU2')_gc: False
	F6_('SW21', 'SW31')_t4_min: 31910
	F6_('SW21', 'SW31')_t4_max: 31910
	F7_('SW32', 'SW22')_t4_min: 1445
	F7_queue_index: 0
	F0_('SW11', 'SW21')_rr: 4
	F2_('CM1CA', 'SW41')_rr: 0
	F3_('SW22', 'SW13')_rr: 4
	F3_('RCM2', 'SW32')_t3_max: 2005
	('SW21', 'SW13')_gcl_cycle: 64000
	('RCM2', 'SW32')_gcl_cycle: 1
	F45_('SW42', 'SW32')_gc: True
	F19_('SW51', 'SW41')_rr: 1
	F42_('SW22', 'BFCU')_gc: False
	('SW51', 'SM1CB')_gcl_cycle: 32000
	F9_('SW42', 'SW32')_gc: True
	F31_('SW6', 'SW31')_t3_min: 3038
	F43_('SW51', 'SM1CA')_gc: False
	F22_('SW6', 'SW31')_t4_min: 29296
	F46_('SW11', 'SW21')_t4_max: 317
	F46_('SW21', 'SW31')_tb: 396
	('SW13', 'MIMU3')_gcl_length: 2
	F43_('SW31', 'SW41')_t5_max: 2834
	F27_('DU4', 'SW14')_t3_max: 124464
	F22_queue_index: 0
	F6_('SW41', 'SW51')_gc: True
	F24_('SW14', 'SW21')_gc: False
	F44_('SW41', 'SW51')_rr: 0
	F0_('SW31', 'SW41')_t4_max: 27093
	F6_('SW31', 'SW41')_t5_min: 31951
	F3_('RCM2', 'SW32')_t5_max: 2137
	('MIMU2', 'SW13')_gcl_cycle: 1
	F29_('SW21', 'SW31')_t3_max: 18474
	F6_('SW13', 'SW21')_rr: 0
	F16_('SMRIU1', 'SW6')_t4_min: 61975
	F19_('SW51', 'SW41')_t4_min: 150
	F31_('SW6', 'SW31')_t4_min: 3038
	F27_('SW32', 'LCM2')_rr: 0
	F1_('SW31', 'SW41')_gc: True
	F10_('SW32', 'SW22')_t4_max: 1726
	F32_('SW31', 'SW7')_t4_max: 393
	('DU4', 'SW14')_gcl_cycle: 1
	F21_('DU2', 'SW11')_t3_max: 6214
	F29_('SW41', 'CM1CB')_t4_min: 18538
	F33_('FCM1', 'SW31')_rr: 0
	F19_('SW41', 'SW31')_rr: 32
	F17_('SM2CB', 'SW52')_gc: False
	F28_('SW12', 'SBAND1')_gc: False
	F7_('SW32', 'SW22')_t4_max: 1574
	F24_('SW31', 'SW41')_t3_max: 63312
	F23_('SW21', 'SW31')_rr: 0
	F5_('SW22', 'SW13')_t4_min: 3464
	F20_('CMRIU1', 'SW21')_gc: False
	F35_('SW51', 'SW8')_t4_max: 126461
	F7_('RCM2', 'SW32')_rr: 0
	F18_('SW22', 'CMRIU2')_rr: 0
	F41_('SW12', 'SBAND2')_gc: False
	F1_jitter: 129
	F6_('SW51', 'SM1CB')_tb: 31982
	F13_jitter: 258
	F43_('SW41', 'SW51')_tb: 2707
	F43_('SW41', 'SW51')_t4_max: 2965
	('SW32', 'LCM2')_gcl_cycle: 1
	F38_('SW32', 'RCM2')_rr: 0
	F15_jitter: 0
	F32_('SW31', 'SW7')_gc: False
	F39_('SW52', 'SW42')_gc: False
	F37_('SW31', 'SW21')_t4_max: 3494
	F7_('SW22', 'SW13')_rr: 0
	F49_('SW31', 'SW7')_t4_min: 15045
	F42_('SW13', 'SW22')_t5_min: 113547
	F3_('SW13', 'MIMU2')_gc: False
	F6_queue_index: 0
	F10_('SW52', 'SW42')_rr: 0
	F35_('SM1CA', 'SW51')_gc: False
	F35_('SW51', 'SW8')_t5_min: 126424
	F48_jitter: 258
	F48_('SW32', 'SW6')_t4_max: 1553
	F22_('SW41', 'CM1CB')_tb: 29372
	F41_('DU4', 'SW14')_t5_min: 694
	F32_('SW31', 'SW7')_rr: 0
	F33_('SW31', 'SW21')_gc: True
	F4_('SW13', 'StarTr1')_gc: False
	F13_('SW52', 'SM2CB')_rr: 0
	F24_('SW41', 'CM1CA')_rr: 0
	F35_('SM1CA', 'SW51')_rr: 0
	F31_('SW6', 'SW31')_gc: False
	F47_('SW11', 'DU3')_gc: False
	F47_('LCM1', 'SW31')_gc: False
	F35_('SW22', 'CMRIU2')_tb: 126614
	F38_('DU4', 'SW14')_gc: False
	F41_('SW21', 'SW12')_t4_min: 796
	('SW6', 'SW31')_gcl_cycle: 64000
	F13_('SW31', 'SW8')_t4_min: 2268
	F2_('CM1CA', 'SW41')_t3_max: 34436
	F31_('SW31', 'SW21')_gc: False
	F26_('SW42', 'SW32')_t4_max: 125663
	F47_('SW31', 'SW21')_rr: 2
	F22_('LCM2', 'SW32')_rr: 0
	F2_('SW31', 'SW21')_gc: False
	F12_('SW32', 'SW42')_t5_min: 125591
	F38_('SW22', 'SW32')_gc: True
	F35_('SW51', 'SW8')_gc: False
	F27_('DU4', 'SW14')_gc: False
	F13_('DU1', 'SW11')_rr: 0
	F20_('CMRIU1', 'SW21')_t4_min: 633
	F7_('SW13', 'StarTr2')_gc: False
	F13_('SW21', 'SW31')_t5_min: 2132
	F9_('SW13', 'StarTr2')_t4_min: 9897
	F39_('SW42', 'SW32')_t4_min: 30322
	F38_('SW22', 'SW32')_tb: 29320
	F10_('SM2CB', 'SW52')_t3_max: 1403
	F28_jitter: 258
	F36_('SW21', 'SW13')_rr: 16
	F29_('SW31', 'SW41')_rr: 0
	F3_('SW22', 'SW13')_gc: True
	F14_('SW6', 'SMRIU2')_gc: False
	('SW31', 'SW8')_gcl_cycle: 128000
	F29_('SW14', 'SW21')_rr: 1
	F39_('SW22', 'SW13')_t4_max: 30526
	F49_('SW41', 'SW31')_t4_min: 14956
	F26_('SW52', 'SW42')_t4_min: 125552
	F49_('CM1CA', 'SW41')_rr: 0
	F14_('SW31', 'SW6')_gc: True
	F1_('SW21', 'SW31')_gc: False
	F9_('SW22', 'SW13')_t4_min: 9817
	F31_('SW21', 'CMRIU1')_rr: 0
	F25_('StarTr2', 'SW13')_gc: False
	F28_('SW21', 'SW12')_t5_max: 795
	F31_('SW31', 'SW21')_t4_min: 3073
	F34_('MIMU2', 'SW13')_t4_min: 7099
	F8_('SW11', 'DU2')_t4_min: 1504
	F34_('SW51', 'SM1CB')_t5_min: 7718
	F9_('SW42', 'SW32')_t4_min: 9657
	F12_('SW42', 'CM2CB')_t5_max: 126074
	F9_('SW22', 'SW13')_gc: False
	F8_('SW21', 'SW11')_t5_min: 1502
	F30_('FCM1', 'SW31')_t4_min: 8497
	F34_('SW51', 'SM1CB')_gc: False
	F9_('CM2CB', 'SW42')_t3_max: 9448
	F4_('SMRIU2', 'SW6')_t3_max: 1896
	F10_('SW22', 'SW13')_rr: 0
	F11_('SW22', 'SW32')_gc: False
	F32_('CM1CB', 'SW41')_gc: False
	F41_('SW12', 'SBAND2')_rr: 0
	F21_('SW31', 'SW8')_t4_max: 6666
	F34_('SW13', 'SW21')_t4_min: 7205
	F8_('SW13', 'SW21')_rr: 0
	F31_('SW31', 'SW21')_t5_min: 3106
	F22_('SW32', 'SW6')_rr: 0
	F21_('SW21', 'SW31')_t4_min: 6469
	F15_('SW52', 'SM2CB')_rr: 1
	('SW11', 'SW21')_gcl_cycle: 128000
	F8_('StarTr2', 'SW13')_gc: False
	F25_('SW13', 'SW21')_t4_max: 119310
	F37_('SW11', 'DU2')_t4_min: 3531
	F36_('SW11', 'SW21')_t4_min: 2765
	F38_('SW22', 'SW32')_t4_min: 29320
	F1_('SW13', 'SW21')_t4_max: 1721
	F6_('SW51', 'SM1CB')_t4_max: 31982
	F12_('SW42', 'CM2CB')_gc: False
	F32_('SW41', 'SW31')_gc: True
	F36_('DU1', 'SW11')_gc: False
	F4_('SW21', 'SW13')_t4_min: 2253
	F41_('SW14', 'SW21')_t4_min: 701
	F10_('SW42', 'SW32')_t5_max: 1719
	F8_('StarTr2', 'SW13')_t4_max: 1384
	F17_('SW32', 'LCM2')_rr: 0
	F18_('BFCU', 'SW22')_t3_max: 230
	F31_('SW31', 'SW21')_rr: 0
	F40_('SM2CA', 'SW52')_t4_max: 29546
	F45_('SW32', 'SW22')_t4_min: 31342
	F26_('SW42', 'SW32')_gc: True
	F5_('FCM2', 'SW32')_gc: False
	F4_('SW6', 'SW31')_t4_min: 2101
	F30_('SW31', 'LCM1')_t5_max: 8800
	F33_('SW31', 'SW21')_t5_max: 24553
	F5_('SW22', 'SW13')_gc: False
	F45_('SW13', 'StarTr1')_gc: False
	F34_('SW41', 'SW51')_t3_min: 7518
	F22_('SW6', 'SW31')_tb: 29296
	F27_('SW14', 'SW22')_rr: 1
	F34_('MIMU2', 'SW13')_t3_max: 6975
	F45_('SW32', 'SW22')_rr: 2
	F48_('SW6', 'SMRIU1')_rr: 0
	F49_queue_index: 0
	F35_('SW8', 'SW32')_rr: 0
	F21_('SW52', 'SM2CA')_t3_min: 6797
	F38_queue_index: 0
	F2_('SW21', 'SW13')_rr: 1
	F16_('SW21', 'SW11')_rr: 0
	F23_queue_index: 0
	F27_('SW22', 'SW32')_t4_min: 124609
	F48_('SW32', 'SW6')_t4_min: 1424
	F39_('SW32', 'SW22')_rr: 2
	F36_('SW13', 'MIMU3')_rr: 1
	F42_('SW13', 'SW22')_gc: False
	F9_('SW13', 'StarTr2')_t5_max: 10362
	F8_('SW13', 'SW21')_t4_max: 1553
	F36_('SW11', 'SW21')_t3_min: 2760
	F18_jitter: 129
	F28_('SW12', 'SBAND1')_t3_min: 668
	F9_('SW22', 'SW13')_t3_max: 9951
	F37_('SW31', 'SW21')_rr: 0
	F0_('SW11', 'SW21')_t4_max: 26687
	('CM2CB', 'SW42')_gcl_cycle: 1
	F42_('SW13', 'SW22')_t5_max: 113676
	F9_('SW32', 'SW22')_gc: False
	F45_('SW22', 'SW13')_t4_max: 31395
	F26_('SW52', 'SW42')_gc: True
	F12_('SW11', 'SW22')_gc: True
	F4_('SW6', 'SW31')_rr: 1
	F2_('SW13', 'StarTr1')_t4_min: 35080
	F21_jitter: 0
	F11_('SW32', 'SW6')_gc: False
	('SW13', 'MIMU2')_gcl_length: 0
	F10_('SW52', 'SW42')_tb: 1547
	F39_('SW42', 'SW32')_gc: True
	F8_('SW21', 'SW11')_gc: False
	F7_('SW22', 'SW13')_t4_min: 1467
	F32_('SW41', 'SW31')_t5_min: 262
	F6_('MIMU2', 'SW13')_rr: 0
	F34_('SW41', 'SW51')_t3_max: 7523
	('SW42', 'SW32')_gcl_cycle: 128000
	('SW51', 'SM1CA')_gcl_cycle: 1
	F3_('SW32', 'SW22')_gc: True
	F27_('SW14', 'SW22')_t4_min: 124601
	F27_('SW32', 'LCM2')_gc: False
	('SW21', 'SW14')_gcl_cycle: 1
	F11_queue_index: 0
	F16_('SW11', 'DU3')_gc: False
	F34_('SW41', 'SW51')_t4_max: 7647
	F20_('SW21', 'SW14')_t4_min: 751
	F34_('SW41', 'SW51')_t4_min: 7518
	F33_('SW12', 'SBAND1')_t3_max: 24617
	('SW32', 'SW6')_gcl_length: 2
	F49_('SW7', 'SW22')_t4_max: 15521
	F48_('SW6', 'SMRIU1')_t4_min: 1489
	('SW22', 'CMRIU2')_gcl_cycle: 1
	F15_queue_index: 0
	F32_('SW7', 'SW32')_t4_min: 281
	F5_('FCM2', 'SW32')_rr: 0
	F21_('SW31', 'SW8')_gc: True
	F21_('SW8', 'SW52')_rr: 16
	F22_('SW41', 'CM1CB')_t4_min: 29372
	F26_jitter: 129
	F7_('RCM2', 'SW32')_gc: False
	F32_('SW32', 'RCM2')_t5_max: 700
	F15_('SW31', 'SW8')_t4_max: 125681
	F32_('SW7', 'SW32')_rr: 0
	F5_('SW32', 'SW22')_t4_max: 3518
	F37_('SW31', 'SW21')_gc: False
	F49_('SW7', 'SW22')_t5_min: 15221
	F45_('SW42', 'SW32')_rr: 4
	F14_('SW31', 'SW6')_t4_max: 107471
	F49_('SW7', 'SW22')_t4_min: 15134
	F27_('SW22', 'SW32')_t3_max: 124614
	F36_('SW13', 'MIMU3')_gc: True
	F24_('SW21', 'SW31')_gc: False
	F39_('SW22', 'SW13')_gc: True
	F12_queue_index: 0
	F30_jitter: 129
	F22_('SW32', 'SW6')_gc: False
	F24_('SW21', 'SW31')_t5_max: 63305
	F16_('SMRIU1', 'SW6')_rr: 0
	F5_('SW13', 'StarTr2')_rr: 0
	F9_('SW42', 'SW32')_t4_max: 9657
	('DU2', 'SW11')_gcl_length: 0
	F20_jitter: 0
	F44_('SW31', 'SW41')_gc: True
	F6_('SW31', 'SW41')_rr: 2
	F10_jitter: 258
	F12_('SW11', 'SW22')_t4_min: 125305
	F29_('DU4', 'SW14')_t4_max: 18400
	F33_('FCM1', 'SW31')_gc: False
	F9_('CM2CB', 'SW42')_gc: False
	F7_('SW13', 'StarTr2')_t4_min: 1489
	F24_('SW14', 'SW21')_rr: 0
	('CM1CA', 'SW41')_gcl_cycle: 1
	F10_('SW13', 'MIMU1')_gc: False
	F33_('SW21', 'SW12')_t4_min: 24560
	F1_('SW21', 'SW31')_t4_max: 1933
	F6_('SW51', 'SM1CB')_t4_min: 31982
	F45_('SW42', 'SW32')_t4_max: 31289
	F47_jitter: 258
	F7_('SW32', 'SW22')_gc: False
	F26_('SW32', 'SW6')_t4_max: 125774
	F13_('SW11', 'SW21')_t4_max: 1896
	F47_('SW21', 'SW11')_t4_max: 31203
	F34_('MIMU2', 'SW13')_t4_max: 7099
	F39_('SW52', 'SW42')_tb: 30091
	F45_('SW13', 'StarTr1')_t4_min: 31443
	F25_('StarTr2', 'SW13')_t3_max: 119075
	F27_('DU4', 'SW14')_rr: 0
	F39_('SW13', 'MIMU3')_rr: 0
	F19_('SW51', 'SW41')_gc: True
	F26_('SW32', 'SW6')_t4_min: 125774
	F35_('SW22', 'CMRIU2')_t4_min: 126614
	F36_('SW21', 'SW13')_t4_max: 2809
	F4_('SW31', 'SW21')_t5_max: 2380
	F6_('SW51', 'SM1CB')_gc: True
	F25_('SW21', 'SW12')_gc: True
	F39_jitter: 129
	F9_('SW32', 'SW22')_rr: 0
	F43_('SW51', 'SM1CA')_rr: 0
	F25_('StarTr2', 'SW13')_t5_max: 119303
	F17_('SM2CB', 'SW52')_t3_max: 127111
	F10_('SW22', 'SW13')_t3_min: 1746
	F29_jitter: 258
	F36_('SW11', 'SW21')_t4_max: 2765
	F36_('SW13', 'MIMU3')_t4_min: 2853
	F5_('SW22', 'SW13')_t5_max: 3795
	F35_('SW8', 'SW32')_t3_max: 126560
	F45_('CM2CA', 'SW42')_t3_max: 31112
	F29_('SW31', 'SW41')_t4_max: 18635
	F29_('DU4', 'SW14')_t5_min: 18430
	F33_queue_index: 0
	F36_('SW21', 'SW13')_t4_min: 2809
	F29_('DU4', 'SW14')_t3_max: 18276
	F1_('SW13', 'SW21')_t4_min: 1592
	F24_('SW31', 'SW41')_t4_min: 63312
	F34_('SW41', 'SW51')_rr: 0
	F44_('SW51', 'SM1CB')_rr: 0
	F26_('SW52', 'SW42')_t4_max: 125552
	F9_jitter: 387
	F11_('CMRIU2', 'SW22')_gc: False
	F14_('SW31', 'SW6')_t4_min: 107471
	F26_('SW42', 'SW32')_rr: 1
	F41_('SW21', 'SW12')_rr: 0
	F23_('SW31', 'SW6')_rr: 16
	F39_('SW13', 'MIMU3')_t5_max: 30847
	F12_('SW32', 'SW42')_t4_max: 125755
	F22_('SW32', 'SW6')_t4_min: 29258
	('SW52', 'SM2CA')_gcl_cycle: 8000
	F2_('SW31', 'SW21')_t4_min: 34753
	F0_queue_index: 0
	('FCM1', 'SW31')_gcl_length: 0
	F16_queue_index: 0
	F30_('SW31', 'LCM1')_t4_min: 8585
	F16_('SW11', 'DU3')_rr: 0
	F17_('SW52', 'SW42')_gc: True
	('DU3', 'SW11')_gcl_cycle: 1
	('SW31', 'SW7')_gcl_cycle: 1
	F44_('SW31', 'SW41')_tb: 14969
	F10_('SW52', 'SW42')_t5_min: 1565
	F3_('SW13', 'MIMU2')_t4_max: 2298
	F20_('CMRIU1', 'SW21')_t3_max: 509
	F46_('SW21', 'SW31')_t4_max: 396
	F16_('SW6', 'SW31')_t4_max: 62071
	F10_('SW42', 'SW32')_t4_max: 1701
	F11_('SW22', 'SW32')_t4_min: 745
	F49_('SW22', 'CMRIU2')_t3_max: 15615
	F13_('DU1', 'SW11')_t3_max: 1648
	F46_('DU3', 'SW11')_t3_max: -10
	F47_('SW31', 'SW21')_gc: True
	F10_('SM2CB', 'SW52')_t3_min: 1527
	F34_('SW21', 'SW31')_rr: 16
	F13_('SW52', 'SM2CB')_tb: 2506
	F8_('SW13', 'SW21')_t4_min: 1424
	F3_('SW22', 'SW13')_t4_max: 2159
	F21_('SW21', 'SW31')_rr: 0
	('CMRIU2', 'SW22')_gcl_length: 0
	F31_('SW6', 'SW31')_t5_max: 3200
	F28_('SW12', 'SBAND1')_t4_min: 668
	F37_('SW11', 'DU2')_t5_max: 3999
	F1_('SW21', 'SW31')_t4_min: 1675
	F16_('SMRIU1', 'SW6')_t3_max: 61851
	F20_('SW21', 'SW14')_gc: False
	F34_('SW41', 'SW51')_gc: False
	('SW21', 'SW11')_gcl_cycle: 1
	F22_('SW31', 'SW41')_t4_max: 29721
	F12_('SW22', 'SW32')_rr: 0
	F9_('CM2CB', 'SW42')_rr: 0
	F47_('LCM1', 'SW31')_t3_max: 30699
	F4_('SW21', 'SW13')_t4_max: 2511
	F9_('SW13', 'StarTr2')_gc: False
	F16_('SW6', 'SW31')_t4_min: 62071
	F24_jitter: 129
	F12_('SW22', 'SW32')_t4_min: 125401
	F49_('SW22', 'CMRIU2')_t5_max: 15826
	F21_('DU2', 'SW11')_rr: 0
	F22_('LCM2', 'SW32')_t3_max: 29096
	F1_('SW31', 'SW41')_rr: 16
	F23_('SW6', 'SMRIU1')_rr: 0
	F46_('SW11', 'SW21')_gc: False
	F34_('SW51', 'SM1CB')_rr: 0
	F0_('SW41', 'CM1CA')_t5_max: 27368
	F25_('StarTr2', 'SW13')_t4_max: 119199
	F21_('SW52', 'SM2CA')_tb: 6802
	F24_('SW31', 'SW41')_rr: 1
	F32_('SW32', 'RCM2')_t4_min: 298
	F15_('SW21', 'SW31')_t4_max: 125595
	F42_jitter: 258
	F10_('SW42', 'SW32')_t5_min: 1719
	F9_('SW42', 'SW32')_t5_max: 9735
	F19_('SW21', 'CMRIU1')_rr: 0
	F7_jitter: 387
	('SW31', 'FCM1')_gcl_cycle: 1
	F8_('StarTr2', 'SW13')_t5_max: 1422
	F17_('SW52', 'SW42')_t4_max: 127288
	F42_queue_index: 0
	F2_queue_index: 0
	('SW51', 'SW8')_gcl_cycle: 1
	F36_('SW11', 'SW21')_rr: 32
	F30_('SW31', 'LCM1')_rr: 0
	('SMRIU2', 'SW6')_gcl_cycle: 1
	F15_('DU3', 'SW11')_t3_max: 125175
	F38_('DU4', 'SW14')_t5_min: 29102
	F14_('RCM1', 'SW31')_gc: False
	F10_('SW52', 'SW42')_t4_min: 1547
	F11_('SW6', 'SMRIU1')_t4_min: 1082
	F46_('SW21', 'SW31')_t4_min: 396
	F14_('SW31', 'SW6')_rr: 1
	F43_('SW51', 'SM1CA')_t3_max: 3011
	F46_('DU3', 'SW11')_gc: False
	F12_('SW22', 'SW32')_gc: False
	F47_('SW11', 'DU3')_t4_min: 31197
	F41_('SW14', 'SW21')_t4_max: 701
	F22_('SW6', 'SW31')_gc: False
	F0_('SW11', 'SW21')_t4_min: 26687
	F0_('SW31', 'SW41')_rr: 0
	F34_jitter: 258
	F40_('SW52', 'SM2CB')_t5_min: 29718
	F19_('SM1CB', 'SW51')_rr: 0
	F29_('DU4', 'SW14')_gc: False
	F13_('SW8', 'SW52')_rr: 0
	F46_('SW31', 'FCM1')_t3_min: 470
	F23_('SW21', 'SW31')_gc: False
	F17_('SW42', 'SW32')_t4_min: 127336
	F44_('SMRIU2', 'SW6')_rr: 0
	F5_('SW22', 'SW13')_t4_max: 3722
	F15_('SW11', 'SW21')_t4_max: 125385
	F47_('SW21', 'SW11')_gc: False
	F49_('SW31', 'SW7')_tb: 15045
	F39_('SM2CA', 'SW52')_rr: 0
	F32_('SW7', 'SW32')_gc: False
	F44_('SW6', 'SW31')_t4_max: 14883
	F39_('SW32', 'SW22')_t3_max: 30424
	F17_('SW42', 'SW32')_gc: False
	F23_('CMRIU1', 'SW21')_gc: False
	F46_('SW31', 'FCM1')_t3_max: 475
	F12_('SW11', 'SW22')_rr: 1
	('SW7', 'SW22')_gcl_cycle: 1
	F25_jitter: 129
	F4_('SMRIU2', 'SW6')_rr: 0
	F37_('SW11', 'DU2')_gc: False
	F19_('SW41', 'SW31')_t4_min: 268
	F33_('SW12', 'SBAND1')_t4_min: 24617
	F49_('SW41', 'SW31')_tb: 14956
	F29_('SW14', 'SW21')_t4_max: 18437
	F15_('SW31', 'SW8')_gc: True
	F6_('MIMU2', 'SW13')_gc: False
	F21_queue_index: 0
	F13_('DU1', 'SW11')_gc: False
	F6_('SW31', 'SW41')_t5_max: 31951
	F16_('SW11', 'DU3')_t4_min: 62344
	('SW41', 'SW51')_gcl_cycle: 32000
	F19_('SM1CB', 'SW51')_gc: False
	F12_('DU3', 'SW11')_t3_max: 125080
	F15_('SW31', 'SW8')_rr: 1
	F30_('FCM1', 'SW31')_t3_max: 8373
	F32_('SW41', 'SW31')_rr: 16
	F41_('DU4', 'SW14')_rr: 0
	F33_('FCM1', 'SW31')_t4_max: 24446
	F23_('SW6', 'SMRIU1')_t4_min: 7118
	F46_('SW31', 'FCM1')_t4_min: 470
	F34_('SW31', 'SW41')_t4_max: 7417
	F3_('RCM2', 'SW32')_gc: False
	F35_jitter: 516
	F1_('SW41', 'CM1CA')_t4_min: 2104
	F29_('SW21', 'SW31')_rr: 1
	('SW32', 'SW22')_gcl_length: 26
	F30_('FCM1', 'SW31')_rr: 0
	F0_('SW11', 'SW21')_gc: True
	F32_('CM1CB', 'SW41')_t3_max: 101
	F2_('SW21', 'SW13')_t4_max: 34981
	F14_jitter: 129
	F13_('SW52', 'SM2CB')_t3_min: 2506
	F7_('SW32', 'SW22')_rr: 0
	F39_('SW13', 'MIMU3')_t4_min: 30623
	F33_('SW21', 'SW12')_rr: 2
	F35_('SW51', 'SW8')_rr: 0
	F19_('SW31', 'SW21')_t4_min: 386
	F6_('SW51', 'SM1CB')_rr: 1
	F17_('SW42', 'SW32')_t4_max: 127465
	F22_('SW32', 'SW6')_t4_max: 29387
	('SW21', 'SW12')_gcl_cycle: 128000
	F38_jitter: 129
	F22_('SW31', 'SW41')_gc: False
	F29_('DU4', 'SW14')_t4_min: 18400
	F28_('SW21', 'SW12')_t4_max: 763
	F35_('SW51', 'SW8')_t4_min: 126332
	F15_('DU3', 'SW11')_rr: 0
	F26_('SM2CA', 'SW52')_t3_max: 125317
	('SW13', 'SW21')_gcl_length: 34
	F41_('SW14', 'SW21')_rr: 8
	F15_('SW52', 'SM2CB')_t4_min: 125853
	F44_('SW51', 'SM1CB')_t4_min: 15131
	F38_('SW22', 'SW32')_rr: 1
	F36_('DU1', 'SW11')_rr: 0
	F48_('SW32', 'SW6')_rr: 0
	F40_('SW52', 'SM2CB')_t4_min: 29633
	F8_('StarTr2', 'SW13')_t4_min: 1384
	F21_('SW21', 'SW31')_t4_max: 6598
	F26_('SW42', 'SW32')_t4_min: 125663
	F0_('SW41', 'CM1CA')_t4_min: 26909
	('SW14', 'SW21')_gcl_cycle: 128000
	F21_('DU2', 'SW11')_gc: False
	F13_('SW31', 'SW8')_gc: True
	('SW42', 'CM2CB')_gcl_cycle: 1
	F3_jitter: 129
	F27_queue_index: 0
	F2_('SW41', 'SW31')_t5_max: 34751
	F12_('SW32', 'SW42')_t4_min: 125497
	F7_('RCM2', 'SW32')_t3_max: 1299
	F4_('SMRIU2', 'SW6')_t3_min: 2020
	F20_('SW21', 'SW14')_rr: 0
	('CM2CA', 'SW42')_gcl_cycle: 1
	F17_('SW52', 'SW42')_rr: 1
	F24_('SW21', 'SW31')_rr: 0
	F21_('SW11', 'SW21')_t4_max: 6406
	F12_jitter: 387
	F6_('SW21', 'SW31')_gc: True
	F12_('DU3', 'SW11')_t4_max: 125204
	('DU1', 'SW11')_gcl_cycle: 1
	F42_('SW13', 'SW22')_t4_min: 113486
	F17_queue_index: 0
	F26_('SW52', 'SW42')_t3_min: 125547
	F4_('SW31', 'SW21')_t4_min: 2177
	F39_('SM2CA', 'SW52')_t5_max: 30089
	F32_('SW41', 'SW31')_t4_max: 247
	F24_('SW21', 'SW31')_t4_max: 63292
	F9_('SW22', 'SW13')_rr: 0
	F5_('SW32', 'SW22')_t4_min: 3389
	F40_('SW52', 'SM2CB')_gc: False
	F8_queue_index: 0
	F10_('SW32', 'SW22')_rr: 1
	('DU2', 'SW11')_gcl_cycle: 1
	('SW13', 'MIMU3')_gcl_cycle: 4000
	F41_('SW14', 'SW21')_gc: True
	F2_('CM1CA', 'SW41')_t4_min: 34560
	F28_('SW12', 'SBAND1')_tb: 668
	F13_('SW21', 'SW31')_t4_max: 2144
	F17_('SW32', 'LCM2')_gc: False
	F43_jitter: 387
	F19_('SW21', 'CMRIU1')_t4_min: 499
	F1_('MIMU2', 'SW13')_gc: False
	F17_('SM2CB', 'SW52')_rr: 0
	F23_jitter: 129
	F18_('SW22', 'CMRIU2')_t5_min: 484
	F48_('SW32', 'SW6')_gc: False
	F37_('SW21', 'SW11')_rr: 0
	F35_('SW22', 'CMRIU2')_gc: False
	F21_('SW52', 'SM2CA')_t4_min: 6802
	F49_('SW41', 'SW31')_rr: 0
	F16_('SMRIU1', 'SW6')_gc: False
	F8_('SW21', 'SW11')_t4_max: 1722
	F1_('SW21', 'SW31')_t3_min: 1675
	F37_('SW11', 'DU2')_t5_min: 3612
	F38_('DU4', 'SW14')_t5_max: 29102
	F26_('SW6', 'SMRIU2')_rr: 0
	F49_('SW31', 'SW7')_rr: 0
	F11_('SW32', 'SW6')_t4_min: 782
	F16_('SW31', 'SW21')_rr: 0
	F2_('SW13', 'StarTr1')_t3_max: 35080
	F11_('SW22', 'SW32')_rr: 0
	F12_('DU3', 'SW11')_gc: False
	F23_('SW31', 'SW6')_gc: True
	F37_queue_index: 0
	F31_queue_index: 0
	F45_('SW32', 'SW22')_t4_max: 31342
	F33_('SW21', 'SW12')_t4_max: 24560
	F32_('SW31', 'SW7')_t4_min: 264
	F19_jitter: 129
	F47_('SW31', 'SW21')_t4_max: 30951
	F2_('SW21', 'SW13')_t3_max: 34981
	F24_('DU4', 'SW14')_t3_max: 62880
	F22_('SW6', 'SW31')_rr: 0
	('SW41', 'CM1CA')_gcl_cycle: 1
	F45_('SW22', 'SW13')_t5_min: 31441
	F21_('DU2', 'SW11')_t4_max: 6338
	F9_('SW32', 'SW22')_t4_min: 9737
	F9_('SW13', 'StarTr2')_t3_max: 10160
	F39_('SM2CA', 'SW52')_gc: False
	F45_('CM2CA', 'SW42')_gc: False
	F28_('SW21', 'SW12')_gc: False
	F31_('SW21', 'CMRIU1')_gc: False
	F19_('SW31', 'SW21')_gc: True
	F32_('SW32', 'RCM2')_t3_min: 298
	F5_('SW22', 'SW13')_rr: 0
	F23_('CMRIU1', 'SW21')_t3_max: 6626
	F5_('SW32', 'SW22')_gc: False
	F40_('SM2CA', 'SW52')_t3_max: 29422
	F30_('FCM1', 'SW31')_gc: False
	F42_('StarTr2', 'SW13')_t3_max: 113299
	F29_('SW31', 'SW41')_t5_max: 18665
	F10_('SW42', 'SW32')_rr: 2
	F28_('CMRIU1', 'SW21')_t3_max: 476
	F42_('StarTr2', 'SW13')_t4_max: 113423
	F44_('SW6', 'SW31')_rr: 0
	F47_('LCM1', 'SW31')_t4_max: 30823
	F40_('SM2CA', 'SW52')_rr: 0
	F41_('SW21', 'SW12')_gc: False
	F47_('SW21', 'SW11')_t4_min: 31074
	F1_('MIMU2', 'SW13')_tb: 1509
	('BFCU', 'SW22')_gcl_cycle: 1
	F27_('SW14', 'SW22')_t4_max: 124601
	('SW32', 'SW22')_gcl_cycle: 64000
	F16_('SW6', 'SW31')_gc: True
	('SW22', 'SW32')_gcl_cycle: 32000
	F48_('SW6', 'SMRIU1')_gc: False
	('SM1CA', 'SW51')_gcl_cycle: 1
	F35_queue_index: 0
	F13_('SW31', 'SW8')_rr: 4
	F33_('SW31', 'SW21')_rr: 1
	F19_('SW41', 'SW31')_gc: True
	F14_('SW6', 'SMRIU2')_t4_min: 107573
	F17_('SW32', 'LCM2')_t4_min: 127384
	F6_('MIMU2', 'SW13')_t3_max: 31614
	F44_('SW6', 'SW31')_gc: False
	F20_('SW14', 'DU5')_rr: 1
	F5_('SW32', 'SW22')_tb: 3389
	F38_('DU4', 'SW14')_t3_max: 28898
	('SW13', 'MIMU2')_gcl_cycle: 1
	F13_('SW8', 'SW52')_gc: False
	F14_('RCM1', 'SW31')_rr: 0
	F9_('SW22', 'SW13')_t4_max: 10075
	F11_('CMRIU2', 'SW22')_t3_max: 584
	F31_('SMRIU2', 'SW6')_gc: False
	F16_('SW21', 'SW11')_gc: False
	F36_queue_index: 0
	F23_('CMRIU1', 'SW21')_rr: 0
	F22_('SW31', 'SW41')_t4_min: 29334
	F44_('SW31', 'SW41')_t4_min: 14969
	F44_('SW31', 'SW41')_rr: 4
	F3_('SW32', 'SW22')_rr: 8
	('SW31', 'LCM1')_gcl_cycle: 1
	F15_('SW8', 'SW52')_rr: 1
	F15_('SW11', 'SW21')_t4_min: 125385
	F17_('SM2CB', 'SW52')_t4_min: 127235
	F15_('SW21', 'SW31')_rr: 0
	('SM1CB', 'SW51')_gcl_cycle: 1
	F39_('SM2CA', 'SW52')_t3_max: 29870
	F17_('SW42', 'SW32')_t5_max: 127511
	F48_('RCM2', 'SW32')_t3_max: 1235
	F40_queue_index: 0
	F35_('SW32', 'SW22')_gc: False
	F28_('SW21', 'SW12')_t4_min: 634
	F45_('SW32', 'SW22')_gc: True
	F3_('RCM2', 'SW32')_rr: 0
	F25_('SW13', 'SW21')_gc: True
	F16_('SW21', 'SW11')_t4_max: 62511
	('SW51', 'SW41')_gcl_cycle: 2000
	F15_('SW31', 'SW8')_tb: 125681
	F42_('StarTr2', 'SW13')_rr: 0
	F29_('SW41', 'CM1CB')_gc: False
	F8_('StarTr2', 'SW13')_rr: 0
	F5_queue_index: 0
	F45_('CM2CA', 'SW42')_rr: 0
	F29_('SW14', 'SW21')_t4_min: 18437
	F37_('RCM1', 'SW31')_t3_max: 3158
	('CMRIU1', 'SW21')_gcl_cycle: 1
	F25_('StarTr2', 'SW13')_rr: 0
	F20_('SW14', 'DU5')_t4_min: 1003
	F22_('SW6', 'SW31')_t5_min: 29332
	F34_('SW13', 'SW21')_rr: 16
	F41_('DU4', 'SW14')_gc: False
	F35_('SW32', 'SW22')_t4_max: 126907
	F32_('CM1CB', 'SW41')_rr: 0
	F8_('SW21', 'SW11')_t4_min: 1464
	F43_('LCM1', 'SW31')_rr: 0
	F16_('SW6', 'SW31')_rr: 1
	F33_('SW21', 'SW12')_gc: True
	F17_('SW52', 'SW42')_t4_min: 127288
	F37_jitter: 387
	F13_('SW11', 'SW21')_gc: True
	F29_('SW31', 'SW41')_t4_min: 18506
	F36_('DU1', 'SW11')_t5_max: 2758
	F2_('CM1CA', 'SW41')_gc: False
	F26_('SM2CA', 'SW52')_t5_max: 125545
	F32_('SW32', 'RCM2')_t4_max: 685
	F25_queue_index: 0
	F5_('SW13', 'StarTr2')_t4_min: 3539
	F29_('SW21', 'SW31')_t4_min: 18474
	F28_('SW21', 'SW12')_tb: 634
	F32_queue_index: 0
	F25_('SW12', 'SBAND1')_rr: 0
	F34_('MIMU2', 'SW13')_gc: False
	F45_('SW22', 'SW13')_rr: 1
	F0_('SW21', 'SW31')_rr: 0
	F5_('SW13', 'StarTr2')_t3_max: 3802
	F23_('SW21', 'SW31')_t4_min: 6828
	F44_queue_index: 0
	F14_('RCM1', 'SW31')_t4_max: 107364
	F10_('SW13', 'MIMU1')_rr: 0
	('CM2CB', 'SW42')_gcl_length: 0
	F4_('SW6', 'SW31')_gc: True
	F5_('FCM2', 'SW32')_t3_max: 3190
	F26_('SW52', 'SW42')_rr: 1
	F27_('SW32', 'LCM2')_t4_min: 124617
	F23_('SW6', 'SMRIU1')_gc: False
	('RCM2', 'SW32')_gcl_length: 0
	F31_('SW31', 'SW21')_t4_max: 3331
	F44_('SW6', 'SW31')_t4_min: 14754
	F27_('SW22', 'SW32')_rr: 0
	F47_('SW31', 'SW21')_t4_min: 30951
	F26_('SM2CA', 'SW52')_rr: 0
	('SW31', 'SW41')_gcl_cycle: 64000
	F43_('SW51', 'SM1CA')_t4_min: 2748
	F34_('SW13', 'SW21')_t4_max: 7205
	F18_('BFCU', 'SW22')_rr: 0
	F44_('SW51', 'SM1CB')_gc: False
	F7_('SW13', 'StarTr2')_rr: 0
	F34_('SW21', 'SW31')_gc: True
	('SW21', 'CMRIU1')_gcl_length: 0
	('SW32', 'RCM2')_gcl_cycle: 1
	('SW11', 'SW22')_gcl_cycle: 128000
	F28_('SW12', 'SBAND1')_t5_min: 700
	F32_('SW32', 'RCM2')_t3_max: 561
	F47_('LCM1', 'SW31')_rr: 0
	F49_('CM1CA', 'SW41')_t3_max: 14743
	F39_('SW42', 'SW32')_t4_max: 30322
	F22_jitter: 516
	('SW13', 'MIMU1')_gcl_cycle: 1
	F19_('SW51', 'SW41')_t4_max: 150
	F10_('SW52', 'SW42')_t4_max: 1676
	('SW13', 'SW21')_gcl_cycle: 128000
	F45_('SW13', 'StarTr1')_rr: 0
	F25_('SW21', 'SW12')_rr: 1
	F33_('FCM1', 'SW31')_t5_max: 24496
	F1_('SW41', 'CM1CA')_rr: 0
	F34_('SW31', 'SW41')_t4_min: 7417
	('SW8', 'SW52')_gcl_length: 34
	F7_('RCM2', 'SW32')_t4_max: 1423
	F37_('SW11', 'DU2')_rr: 0
	F43_('SW31', 'SW41')_t4_min: 2666
	F45_jitter: 129
	F0_('SW41', 'CM1CA')_rr: 0
	F37_('SW21', 'SW11')_t4_max: 3706
	('SM2CB', 'SW52')_gcl_cycle: 1
	F16_('SW31', 'SW21')_t4_min: 62162
	F25_('SW12', 'SBAND1')_t4_min: 119527
	F32_('CM1CB', 'SW41')_t3_min: 225
	F24_('SW21', 'SW31')_t3_min: 63034
	F27_('SW22', 'SW32')_t4_max: 124738
	F49_('SW22', 'CMRIU2')_t4_min: 15223
	F24_('SW21', 'SW31')_t4_min: 63034
	F18_('SW22', 'CMRIU2')_gc: False
	F11_('SW32', 'SW6')_t4_max: 1040
	('FCM2', 'SW32')_gcl_cycle: 1
	F24_('SW41', 'CM1CA')_t5_max: 63469
	F40_jitter: 129
	F4_('SW6', 'SW31')_t4_max: 2101
	F8_('SW11', 'DU2')_t5_min: 1542
	F36_jitter: 0
	F4_('SW21', 'SW13')_gc: False
	F45_('SW42', 'SW32')_t4_min: 31289
	F39_queue_index: 0
	F44_('SW41', 'SW51')_gc: False
	F19_('SW31', 'SW21')_rr: 32
	F44_('SW41', 'SW51')_t4_max: 15179
	F4_('SW31', 'SW21')_t4_max: 2306
	F43_('SW41', 'SW51')_gc: False
	('SW22', 'SW13')_gcl_cycle: 32000
	F3_('SW32', 'SW22')_t4_min: 2144
	F13_('SW8', 'SW52')_t4_max: 2516
	F10_('SW22', 'SW13')_gc: False
	F47_('SW11', 'DU3')_rr: 0
	F29_queue_index: 0
	F44_('SW41', 'SW51')_t4_min: 15050
	F4_('SW31', 'SW21')_rr: 0
	F19_('SW31', 'SW21')_t5_max: 497
	F2_('SW31', 'SW21')_t3_max: 34758
	('SW13', 'StarTr2')_gcl_cycle: 1
	F34_('SW51', 'SM1CB')_t4_min: 7619
	F4_('SW21', 'SW13')_t3_min: 2253
	F7_('SW22', 'SW13')_tb: 1467
	F31_('SW6', 'SW31')_rr: 0
	F34_('SW21', 'SW31')_t4_min: 7311
	F35_('SW8', 'SW32')_gc: False
	('SW8', 'SW32')_gcl_cycle: 1
	('SW21', 'CMRIU1')_gcl_cycle: 1
	F9_('SW42', 'SW32')_rr: 8
	F44_('SMRIU2', 'SW6')_t3_max: 14549
	F28_('CMRIU1', 'SW21')_gc: False
	F8_jitter: 387
	F21_('SW11', 'SW21')_rr: 16
	('LCM2', 'SW32')_gcl_cycle: 1
	F41_('SW21', 'SW12')_t5_max: 1018
	F12_('SW11', 'SW22')_t4_max: 125305
	F49_('SW22', 'CMRIU2')_gc: False
	('RCM1', 'SW31')_gcl_cycle: 1
	F21_('SW11', 'SW21')_gc: True
	F12_('SW42', 'CM2CB')_t3_max: 125856
	F5_('SW32', 'SW22')_t5_max: 3591
	F39_('SW42', 'SW32')_rr: 4
	F45_('SW22', 'SW13')_t4_min: 31395
	F41_('SW21', 'SW12')_t4_max: 925
	('CM1CB', 'SW41')_gcl_cycle: 1
	F15_('SW31', 'SW8')_t4_min: 125681
	F6_('SW41', 'SW51')_t4_min: 31958
	F26_('SW32', 'SW6')_gc: True
	F0_('DU1', 'SW11')_t3_max: 26484
	('SW12', 'SBAND2')_gcl_cycle: 1
	F35_('SM1CA', 'SW51')_t5_max: 126330
	F39_('SW22', 'SW13')_rr: 1
	F38_('SW14', 'SW22')_t4_max: 29233
	F39_('SW42', 'SW32')_t3_min: 30188
	F48_('RCM2', 'SW32')_gc: False
	F9_('SW32', 'SW22')_t4_max: 9866
	F21_('SW21', 'SW31')_gc: False
	F10_('SW32', 'SW22')_t4_min: 1726
	F24_('SW14', 'SW21')_t4_min: 63019
	F33_jitter: 0
	F20_('SW21', 'SW14')_tb: 751
	F4_('SW21', 'SW13')_rr: 0
	F41_jitter: 258
	F10_('SW13', 'MIMU1')_t4_max: 2024
	F13_('SW21', 'SW31')_t4_min: 2015
	F36_('DU1', 'SW11')_t4_min: 2721
	F3_('SW32', 'SW22')_t5_max: 2152
	F13_('SW52', 'SM2CB')_t4_min: 2506
	F49_('SW7', 'SW22')_gc: False
	F23_('CMRIU1', 'SW21')_t4_min: 6750
	F5_jitter: 387
	F6_('SW41', 'SW51')_t3_max: 31958
	F20_('SW21', 'SW14')_t4_max: 880
	F29_('SW21', 'SW31')_t3_min: 18469
	F14_('RCM1', 'SW31')_t3_max: 107240
	F28_('SW12', 'SBAND1')_rr: 0
	F23_('SW31', 'SW6')_tb: 7040
	F15_('DU3', 'SW11')_gc: False
	F11_('SW6', 'SMRIU1')_tb: 1082
	F12_('SW32', 'SW42')_gc: False
	F13_('SW11', 'SW21')_rr: 4
	F19_queue_index: 0
	F1_('SW41', 'CM1CA')_gc: False
	F10_('SW42', 'SW32')_gc: True
	F13_('SW52', 'SM2CB')_gc: False
	('SM1CB', 'SW51')_gcl_length: 0
	F43_('SW41', 'SW51')_t4_min: 2707
	F31_('SW6', 'SW31')_t4_max: 3167
	F0_('SW31', 'SW41')_tb: 26835
	F33_('SW31', 'SW21')_t4_max: 24503
	F3_('SW13', 'MIMU2')_rr: 0
	F47_('SW21', 'SW11')_rr: 0
	F6_('SW13', 'SW21')_t4_max: 31886
	F4_jitter: 387
	F3_('SW13', 'MIMU2')_t5_min: 2177
	F20_queue_index: 0
	F1_('SW31', 'SW41')_t4_max: 2021
	F29_('SW21', 'SW31')_t4_max: 18474
	F6_('SW13', 'SW21')_t4_min: 31757
	F10_('SW32', 'SW22')_gc: True
	F48_queue_index: 0
	('SW7', 'SW22')_gcl_length: 0
	F1_('SW21', 'SW31')_rr: 0
	('CMRIU2', 'SW22')_gcl_cycle: 1
	F34_('SW31', 'SW41')_rr: 8
	F14_queue_index: 0
	F31_('SMRIU2', 'SW6')_t4_max: 3003
	F24_('SW31', 'SW41')_gc: True
	F22_('LCM2', 'SW32')_tb: 29220
	F2_('SW13', 'StarTr1')_rr: 1
	('SW11', 'DU2')_gcl_cycle: 1
	F11_('SW22', 'SW32')_t4_max: 874
	F29_('SW41', 'CM1CB')_rr: 0
	F49_('SW41', 'SW31')_gc: False
	F19_('SW31', 'SW21')_t4_max: 386
	F39_('SW52', 'SW42')_t4_min: 30091
	F29_('SW21', 'SW31')_gc: True
	F0_jitter: 387
	F34_('MIMU2', 'SW13')_rr: 0
	F43_('SW41', 'SW51')_rr: 0
	F35_('SW8', 'SW32')_t4_max: 126684
	F24_('DU4', 'SW14')_rr: 0
	F34_('SW13', 'SW21')_gc: True
	('SW14', 'DU5')_gcl_cycle: 2000
	F12_('SW42', 'CM2CB')_t4_min: 125593
	F39_('SW22', 'SW13')_t4_min: 30526
	F29_('DU4', 'SW14')_tb: 18400
	F0_('SW41', 'CM1CA')_gc: False
	F45_queue_index: 0
	F2_('SW31', 'SW21')_t4_max: 34882
	F21_('SW8', 'SW52')_t4_min: 6734
	F31_jitter: 387
	F17_('SW32', 'LCM2')_t3_max: 127518
	F34_queue_index: 0
	F3_('SW32', 'SW22')_t4_max: 2144
	F32_('SW41', 'SW31')_t4_min: 247
	F37_('SW31', 'SW21')_t4_min: 3365
	F26_('SW6', 'SMRIU2')_t4_min: 125880
	F42_('StarTr2', 'SW13')_t4_min: 113423
	('LCM1', 'SW31')_gcl_cycle: 1
	F49_('CM1CA', 'SW41')_gc: False
	F4_('SW31', 'SW21')_gc: False
	F10_('SW22', 'SW13')_t5_max: 1893
	F6_jitter: 0
	F48_('SW6', 'SMRIU1')_t4_max: 1747
	('SW41', 'SW31')_gcl_cycle: 64000
	('SW7', 'SW32')_gcl_cycle: 1
	F18_queue_index: 0
	F5_('SW32', 'SW22')_rr: 0
	F43_('LCM1', 'SW31')_gc: False
	F21_('SW52', 'SM2CA')_rr: 1
	F5_('SW22', 'SW13')_t3_max: 3598
	F3_queue_index: 0
	F43_('SW31', 'SW41')_gc: False
	F8_('SW21', 'SW11')_rr: 0
	F27_('DU4', 'SW14')_t4_max: 124588
	F28_('SW21', 'SW12')_rr: 0
	F49_('SW22', 'CMRIU2')_t5_min: 15310
	F49_('SW7', 'SW22')_rr: 0
	F6_('SW31', 'SW41')_t4_min: 31934
	F49_('SW31', 'SW7')_t4_max: 15303
	F44_('SW51', 'SM1CB')_t5_max: 15468
	F19_('SW21', 'CMRIU1')_tb: 499
	F7_('SW13', 'StarTr2')_t4_max: 1876
	F10_('SM2CB', 'SW52')_gc: False
	('SMRIU1', 'SW6')_gcl_cycle: 1
	F26_('SM2CA', 'SW52')_gc: False
	F28_queue_index: 0
	F10_('SW13', 'MIMU1')_t4_min: 1766
	F21_('SW31', 'SW8')_t4_min: 6666
	F39_('SW13', 'MIMU3')_gc: False
	F14_('SW6', 'SMRIU2')_t5_max: 107802
	F34_('SW31', 'SW41')_gc: True
	F11_('SW6', 'SMRIU1')_rr: 1
	F17_('SW42', 'SW32')_rr: 0
	F33_('SW12', 'SBAND1')_gc: True
	F1_('SW13', 'SW21')_rr: 0
	F48_('RCM2', 'SW32')_rr: 0
	F39_('SM2CA', 'SW52')_t4_max: 29994
	F1_('SW41', 'CM1CA')_t3_min: 2104
	F17_('SW32', 'LCM2')_t3_min: 127384
	F0_('SW31', 'SW41')_t4_min: 26835
	F2_('SW21', 'SW13')_t4_min: 34981
	F21_('SW8', 'SW52')_t4_max: 6734
	F14_('SW6', 'SMRIU2')_rr: 0
	F31_('SMRIU2', 'SW6')_rr: 0
	F1_('SW31', 'SW41')_t4_min: 2021
	F29_('DU4', 'SW14')_rr: 0
	F15_('SW8', 'SW52')_t4_min: 125767
	F6_('SW41', 'SW51')_rr: 1
	F12_('SW22', 'SW32')_t4_max: 125530
	F38_('DU4', 'SW14')_rr: 0
	F39_('SW42', 'SW32')_tb: 30322
	F15_('SW8', 'SW52')_t4_max: 125767
	('SW6', 'SMRIU2')_gcl_cycle: 1
	F16_('SW31', 'SW21')_t4_max: 62291
	F6_('SW41', 'SW51')_t4_max: 31958
	F41_('SW12', 'SBAND2')_t4_min: 891
	F20_('CMRIU1', 'SW21')_rr: 0
	F49_('SW31', 'SW7')_gc: False
	F15_('SW11', 'SW21')_rr: 1
	F35_('SM1CA', 'SW51')_t3_max: 126114
	('SW51', 'SM1CA')_gcl_length: 0
	F24_('DU4', 'SW14')_t5_max: 63017
	('SW12', 'SBAND1')_gcl_cycle: 64000
	('SW32', 'SW6')_gcl_cycle: 128000
	F46_('SW31', 'FCM1')_rr: 0
	F2_('SW13', 'StarTr1')_gc: True
	F0_('SW11', 'SW21')_t3_min: 26682
	F16_('SMRIU1', 'SW6')_t5_min: 62064
	F15_('SW11', 'SW21')_gc: True
	F26_('SW6', 'SMRIU2')_t3_max: 125885
	F38_('SW14', 'SW22')_rr: 0
	F1_('MIMU2', 'SW13')_rr: 0
	F40_('SM2CA', 'SW52')_gc: False
	F38_('SW32', 'RCM2')_gc: False
	F41_('SW12', 'SBAND2')_t5_max: 1242
	F33_('SW12', 'SBAND1')_rr: 1
	F2_('SW21', 'SW13')_gc: True
	F25_('SW13', 'SW21')_t4_min: 119310
	F13_('SW11', 'SW21')_t4_min: 1896
	F41_('DU4', 'SW14')_t3_max: 477
	F46_('SW21', 'SW31')_rr: 64
	F24_('DU4', 'SW14')_gc: False
	F45_('SW32', 'SW22')_t5_min: 31388
	F13_queue_index: 0
	F46_('SW11', 'SW21')_rr: 0
	F39_('SM2CA', 'SW52')_t3_min: 29994
	F41_queue_index: 0
	F38_('SW22', 'SW32')_t4_max: 29320
	F49_jitter: 516
	F13_('SW21', 'SW31')_gc: False
	F36_('DU1', 'SW11')_t4_max: 2721
	('FCM1', 'SW31')_gcl_cycle: 1
	F37_('SW21', 'SW11')_t4_min: 3448
	F6_('SW31', 'SW41')_gc: True
	F43_('SW41', 'SW51')_t5_min: 2746
	F42_('SW22', 'BFCU')_t5_min: 113610
	F29_('SW31', 'SW41')_gc: False
	F46_('SW11', 'SW21')_t4_min: 188
	('LCM2', 'SW32')_gcl_length: 0
	F32_('SW32', 'RCM2')_rr: 0
	F0_('SW31', 'SW41')_gc: False
	F2_('SW41', 'SW31')_gc: True
	F11_jitter: 0
	F23_('SW21', 'SW31')_t4_max: 6957
	F25_('SW21', 'SW12')_t4_max: 119421
	F0_('SW21', 'SW31')_t4_min: 26761
	F1_('MIMU2', 'SW13')_t3_max: 1385
	F38_('DU4', 'SW14')_tb: 29022
	('SW52', 'SW42')_gcl_cycle: 128000
	F13_('SW31', 'SW8')_t4_max: 2268
	F15_('SW52', 'SM2CB')_gc: True
	('StarTr2', 'SW13')_gcl_cycle: 1
	F46_('DU3', 'SW11')_rr: 0
	F25_('SW12', 'SBAND1')_gc: False
	F11_('SW6', 'SMRIU1')_gc: True
	F0_('SW41', 'CM1CA')_t5_min: 26981
	F12_('SW32', 'SW42')_rr: 0
	F27_jitter: 258
	F38_('SW14', 'SW22')_t4_min: 29104
	F43_('SW31', 'SW41')_t4_max: 2795
	F22_('LCM2', 'SW32')_gc: False
	F29_('SW31', 'SW41')_t5_min: 18536
	('SW21', 'SW31')_gcl_cycle: 128000
	F22_('SW41', 'CM1CB')_rr: 0
	F35_('SW8', 'SW32')_t4_min: 126426
	F8_('SW11', 'DU2')_rr: 0
	F44_jitter: 258
	F38_('SW14', 'SW22')_gc: False
	F26_queue_index: 0
	F2_('SW41', 'SW31')_t4_min: 34659
	F35_('SW22', 'CMRIU2')_rr: 0
	F13_('SW8', 'SW52')_t4_min: 2387
	F39_('SW32', 'SW22')_gc: True
	F22_('SW6', 'SW31')_t4_max: 29554
	F39_('SW32', 'SW22')_t4_max: 30424
	F15_('SW21', 'SW31')_gc: False
	F44_('SMRIU2', 'SW6')_gc: False
	F36_('SW21', 'SW13')_t5_min: 2846
	F4_queue_index: 0
	F12_('DU3', 'SW11')_rr: 0
	F42_('StarTr2', 'SW13')_gc: False
	F33_('FCM1', 'SW31')_t3_max: 24322
	F39_('SW52', 'SW42')_rr: 0
	F34_('SW21', 'SW31')_t4_max: 7311
	F21_('SW52', 'SM2CA')_gc: True
	F2_('SW31', 'SW21')_rr: 0
	F10_('SW42', 'SW32')_tb: 1701
	F36_('DU1', 'SW11')_t3_max: 2597
	F47_('SW11', 'DU3')_tb: 31197
	F8_('SW13', 'SW21')_gc: False
	F24_('SW41', 'CM1CA')_gc: False
	F29_('SW14', 'SW21')_gc: True
	F23_('SW31', 'SW6')_t4_min: 7040
	F8_('SW21', 'SW11')_t3_min: 1464
	('SW13', 'SW22')_gcl_cycle: 1
	F6_('SW31', 'SW41')_tb: 31934
	F23_('SW31', 'SW6')_t4_max: 7040
	F20_('SW14', 'DU5')_gc: True
	F2_('SW41', 'SW31')_t4_max: 34659
	F24_('SW41', 'CM1CA')_t4_min: 63327
	F31_('SW31', 'SW21')_t3_max: 3207
	F10_queue_index: 0
	F25_('SW13', 'SW21')_rr: 1
	F44_('SMRIU2', 'SW6')_t5_max: 14752
	F22_('SW41', 'CM1CB')_gc: False
	F32_('SW7', 'SW32')_t4_max: 539
	F0_('DU1', 'SW11')_t5_max: 26680
	F4_('SMRIU2', 'SW6')_gc: False
	F35_('SW32', 'SW22')_rr: 0
	F45_('SW22', 'SW13')_gc: True
	('SW8', 'SW52')_gcl_cycle: 128000
	F21_('SW8', 'SW52')_t3_max: 6734
	F13_('SW21', 'SW31')_rr: 0
	F31_('SMRIU2', 'SW6')_t3_max: 2879
	F42_('SW22', 'BFCU')_t4_min: 113549
	F30_('SW31', 'LCM1')_gc: False
	F2_('SW31', 'SW21')_t3_min: 34753
	F10_('SM2CB', 'SW52')_tb: 1527
	F38_('SW32', 'RCM2')_t4_min: 29402
	('SW6', 'SMRIU2')_gcl_length: 0
	F36_('SW11', 'SW21')_gc: True
	F22_('SW32', 'SW6')_tb: 29258
	F1_('SW13', 'SW21')_gc: False
	F8_('SW11', 'DU2')_gc: False
	F4_('SW13', 'StarTr1')_t4_min: 2329
	F44_('SW41', 'SW51')_t3_min: 15050
	F4_('SW13', 'StarTr1')_rr: 0
	F11_('SW32', 'SW6')_rr: 0
	F42_('SW22', 'BFCU')_rr: 0
	F30_queue_index: 0
	F18_('BFCU', 'SW22')_gc: False
	F27_('SW22', 'SW32')_gc: False
	F13_('SW52', 'SM2CB')_t5_min: 2623
	F0_('SW21', 'SW31')_t4_max: 26890
	F18_('SW22', 'CMRIU2')_t4_min: 420
	F6_('SW13', 'SW21')_gc: False
	F7_('SW22', 'SW13')_t4_max: 1725
	F17_jitter: 258
	F36_('SW21', 'SW13')_gc: True
	F21_('SW11', 'SW21')_t4_min: 6406
	('SW13', 'StarTr1')_gcl_cycle: 64000
	F9_queue_index: 0
	F24_('SW14', 'SW21')_t4_max: 63148
	F10_('SW42', 'SW32')_t4_min: 1701
	F15_('SW8', 'SW52')_gc: True
	F10_('SW22', 'SW13')_t4_max: 1875
	F32_('SW32', 'RCM2')_gc: False
	F41_('DU4', 'SW14')_t3_min: 601
	F21_('SW31', 'SW8')_rr: 16
	('SW14', 'SW22')_gcl_cycle: 128000
	F19_('SW41', 'SW31')_t4_max: 268
	F43_('LCM1', 'SW31')_t3_max: 2501
	F22_('SW31', 'SW41')_rr: 0
	F37_('SW21', 'SW11')_gc: False
	F3_('SW22', 'SW13')_t4_min: 2159
	F12_('SW42', 'CM2CB')_rr: 0
	F3_('SW13', 'MIMU2')_t4_min: 2169
	F16_('SW31', 'SW21')_gc: False
	F46_('SW21', 'SW31')_gc: True
	F42_('SW13', 'SW22')_rr: 0
	('SW32', 'SW42')_gcl_cycle: 1
	F5_('SW13', 'StarTr2')_gc: False
	F21_('DU2', 'SW11')_t5_min: 6399
	('SW31', 'SW21')_gcl_cycle: 64000
	F15_('SW21', 'SW31')_t4_min: 125466
	F39_('SW52', 'SW42')_t4_max: 30220
	F44_('SW31', 'SW41')_t4_max: 14969
	F49_('SW41', 'SW31')_t4_max: 15085
	('SM2CA', 'SW52')_gcl_cycle: 1
	F37_('RCM1', 'SW31')_rr: 0
	F11_('CMRIU2', 'SW22')_rr: 0
	F10_('SW22', 'SW13')_t4_min: 1746
	F27_('SW14', 'SW22')_gc: True
	F1_queue_index: 0
	F6_('SW31', 'SW41')_t4_max: 31934
	F33_('SW31', 'SW21')_t4_min: 24503
	F42_('SW13', 'SW22')_t4_max: 113615
	F10_('SW52', 'SW42')_gc: False
	F17_('SW32', 'LCM2')_t5_max: 127688
	F7_('SW22', 'SW13')_gc: False
	F12_('SW42', 'CM2CB')_t3_min: 125593
	F44_('SMRIU2', 'SW6')_t4_max: 14673
	F16_('SW21', 'SW11')_t4_min: 62253
	F31_('SMRIU2', 'SW6')_tb: 3003
	F10_('SM2CB', 'SW52')_rr: 0
	F2_jitter: 0
	F47_queue_index: 0
	F31_('SW21', 'CMRIU1')_t4_min: 3108
	F2_('SW41', 'SW31')_rr: 1
	('SW6', 'SMRIU1')_gcl_cycle: 2000
	F24_('SW31', 'SW41')_t4_max: 63312
	F19_('SW21', 'CMRIU1')_gc: False
	('SW22', 'BFCU')_gcl_cycle: 1
	F16_jitter: 387
	F43_('SW31', 'SW41')_rr: 0
	F19_('SM1CB', 'SW51')_t3_max: -92
	F40_('SW52', 'SM2CB')_rr: 0
	F6_('SW21', 'SW31')_rr: 4
	F43_queue_index: 0
	F35_('SW32', 'SW22')_t4_min: 126520
	('SW11', 'DU3')_gcl_cycle: 1
	('SW41', 'CM1CB')_gcl_cycle: 1
	F46_('SW31', 'FCM1')_gc: False
	F39_('SW32', 'SW22')_t4_min: 30424
	('MIMU2', 'SW13')_gcl_length: 0
	F46_jitter: 129
	('SW31', 'SW6')_gcl_cycle: 128000
	('SW52', 'SM2CB')_gcl_cycle: 128000
	F7_('RCM2', 'SW32')_t5_min: 1443
	F46_queue_index: 0
	F26_('SW32', 'SW6')_rr: 1
	F24_queue_index: 0
	F38_('SW32', 'RCM2')_t3_min: 29402
	F9_('SW13', 'StarTr2')_rr: 0
	F8_('StarTr2', 'SW13')_t3_max: 1260
	F49_('SW22', 'CMRIU2')_rr: 0
	F0_('SW21', 'SW31')_gc: False
	F0_('DU1', 'SW11')_rr: 0
	F47_('SW31', 'SW21')_t3_max: 30951
	F28_('SW21', 'SW12')_t3_max: 639
	F20_('SW21', 'SW14')_t3_max: 756
	F43_('SW31', 'SW41')_t3_max: 2671
	F7_('SW32', 'SW22')_t3_max: 1450
	F34_('SW13', 'SW21')_t3_max: 7205
	F25_('SW13', 'SW21')_t3_max: 119310
	F18_('SW22', 'CMRIU2')_t3_max: 425
	F9_('SW42', 'SW32')_t3_max: 9657
	F33_('SW31', 'SW21')_t3_max: 24503
	F39_('SW52', 'SW42')_t3_max: 30096
	F4_('SW6', 'SW31')_t3_max: 2101
	F48_('SW32', 'SW6')_t3_max: 1429
	F30_('SW31', 'LCM1')_t3_max: 8590
	F2_('SW41', 'SW31')_t3_max: 34659
	F36_('SW11', 'SW21')_t3_max: 2765
	F49_('SW41', 'SW31')_t3_max: 14961
	F29_('SW14', 'SW21')_t3_max: 18437
	F31_('SW6', 'SW31')_t3_max: 3043
	F0_('SW11', 'SW21')_t3_max: 26687
	F12_('SW11', 'SW22')_t3_max: 125305
	F8_('SW13', 'SW21')_t3_max: 1429
	F17_('SW52', 'SW42')_t3_max: 127288
	F21_('SW11', 'SW21')_t3_max: 6406
	F14_('SW31', 'SW6')_t3_max: 107471
	F26_('SW52', 'SW42')_t3_max: 125552
	F24_('SW14', 'SW21')_t3_max: 63024
	F1_('SW13', 'SW21')_t3_max: 1597
	F40_('SW52', 'SM2CB')_t3_max: 29638
	F22_('SW32', 'SW6')_t3_max: 29263
	F6_('SW13', 'SW21')_t3_max: 31762
	F41_('SW14', 'SW21')_t3_max: 701
	F37_('SW31', 'SW21')_t3_max: 3370
	F3_('SW32', 'SW22')_t3_max: 2144
	F5_('SW32', 'SW22')_t3_max: 3394
	F10_('SW52', 'SW42')_t3_max: 1552
	F46_('SW11', 'SW21')_t3_max: 193
	F13_('SW11', 'SW21')_t3_max: 1896
	F11_('SW22', 'SW32')_t3_max: 750
	F35_('SW51', 'SW8')_t3_max: 126337
	F45_('SW42', 'SW32')_t3_max: 31289
	F15_('SW11', 'SW21')_t3_max: 125385
	F23_('SW21', 'SW31')_t3_max: 6833
	F16_('SW6', 'SW31')_t3_max: 62071
	F38_('SW14', 'SW22')_t3_max: 29109
	F32_('SW41', 'SW31')_t3_max: 247
	F27_('SW14', 'SW22')_t3_max: 124601
	F42_('SW13', 'SW22')_t3_max: 113491
	F44_('SW6', 'SW31')_t3_max: 14759
	F19_('SW51', 'SW41')_t3_max: 150
	F29_('SW31', 'SW41')_t3_max: 18511
	F8_('StarTr2', 'SW13')_t5_min: 1422
	F3_('SW13', 'MIMU2')_t3_min: 2169
	F48_('SW32', 'SW6')_tb: 1424
	F24_('SW21', 'SW31')_t5_min: 63047
	F33_('SW21', 'SW12')_t5_min: 24610
	F43_('LCM1', 'SW31')_tb: 2625
	F8_('SW11', 'DU2')_tb: 1504
	F43_('SW31', 'SW41')_t5_min: 2705
	F43_('SW51', 'SM1CA')_t5_min: 2787
	F28_('CMRIU1', 'SW21')_t4_max: 600
	F7_('SW22', 'SW13')_t5_max: 1745
	F33_('SW21', 'SW12')_t5_max: 24610
	F22_('SW32', 'SW6')_t5_min: 29294
	F27_('DU4', 'SW14')_tb: 124588
	F2_('SW41', 'SW31')_tb: 34659
	F40_('SW52', 'SM2CB')_t3_min: 29633
	F48_('SW6', 'SMRIU1')_t3_max: 1623
	F40_('SW52', 'SM2CB')_t4_max: 29762
	F48_('RCM2', 'SW32')_t4_max: 1359
	F37_('SW21', 'SW11')_t5_max: 3787
	F14_('RCM1', 'SW31')_tb: 107364
	F32_('SW31', 'SW7')_t5_min: 279
	F37_('SW31', 'SW21')_t5_max: 3575
	F7_('SW32', 'SW22')_t5_max: 1594
	F1_('MIMU2', 'SW13')_t4_max: 1509
	F4_('SMRIU2', 'SW6')_t5_max: 2094
	F13_('DU1', 'SW11')_t4_max: 1772
	F26_('SW32', 'SW6')_tb: 125774
	F2_('SW21', 'SW13')_t3_min: 34847
	F43_('SW51', 'SM1CA')_t4_max: 3135
	F19_('SM1CB', 'SW51')_t4_max: 32
	F11_('SW6', 'SMRIU1')_t3_min: 819
	F25_('StarTr2', 'SW13')_t3_min: 119199
	F22_('SW41', 'CM1CB')_t5_max: 29924
	F46_('DU3', 'SW11')_t4_min: 114
	F13_('SW11', 'SW21')_tb: 1896
	F5_('SW13', 'StarTr2')_t5_max: 3999
	F46_('SW11', 'SW21')_t5_min: 260
	F41_('SW12', 'SBAND2')_t3_max: 1025
	F38_('SW32', 'RCM2')_t5_max: 29611
	F0_('SW41', 'CM1CA')_t3_min: 26909
	F34_('SW13', 'SW21')_tb: 7205
	F15_('DU3', 'SW11')_t4_min: 125299
	F44_('SW51', 'SM1CB')_tb: 15131
	F16_('SW31', 'SW21')_t3_min: 62162
	F47_('SW21', 'SW11')_tb: 31074
	F3_('SW22', 'SW13')_t3_max: 2159
	F33_('SW12', 'SBAND1')_t4_max: 24617
	F45_('SW32', 'SW22')_tb: 31342
	F44_('SW6', 'SW31')_t5_min: 14833
	F23_('CMRIU1', 'SW21')_t5_min: 6826
	F37_('RCM1', 'SW31')_t5_max: 3363
	('SW13', 'StarTr2')_gcl_length: 0
	F44_('SMRIU2', 'SW6')_t3_min: 14673
	F39_('SW22', 'SW13')_t5_max: 30621
	F36_('DU1', 'SW11')_t5_min: 2758
	F4_('SMRIU2', 'SW6')_tb: 2020
	F28_('CMRIU1', 'SW21')_t3_min: 600
	F1_('SW31', 'SW41')_t5_min: 2102
	F39_('SW22', 'SW13')_t5_min: 30621
	F39_('SM2CA', 'SW52')_t5_min: 30089
	F25_('SW21', 'SW12')_t5_max: 119525
	F34_('SW31', 'SW41')_t3_max: 7417
	('CMRIU1', 'SW21')_gcl_length: 0
	F17_('SM2CB', 'SW52')_t3_min: 127235
	F12_('DU3', 'SW11')_t3_min: 125204
	F37_('RCM1', 'SW31')_t5_min: 3363
	F47_('LCM1', 'SW31')_tb: 30823
	F16_('SW11', 'DU3')_t5_max: 62820
	F6_('MIMU2', 'SW13')_t5_max: 31755
	F41_('SW21', 'SW12')_tb: 796
	F18_('BFCU', 'SW22')_t5_min: 418
	F29_('SW21', 'SW31')_tb: 18474
	F9_('SW42', 'SW32')_t3_min: 9652
	F8_('SW21', 'SW11')_t3_max: 1598
	F4_('SW21', 'SW13')_t3_max: 2387
	F9_('SW32', 'SW22')_t5_min: 9815
	F2_('CM1CA', 'SW41')_t5_min: 34652
	F39_('SW13', 'MIMU3')_t3_min: 30623
	F10_('SW32', 'SW22')_t3_max: 1726
	F25_('StarTr2', 'SW13')_t5_min: 119303
	F10_('SM2CB', 'SW52')_t5_max: 1545
	F19_('SM1CB', 'SW51')_t4_min: 32
	F16_('SW21', 'SW11')_t3_max: 62387
	F49_('CM1CA', 'SW41')_t4_min: 14867
	F41_('DU4', 'SW14')_t4_min: 601
	F9_('SW32', 'SW22')_t3_min: 9737
	F23_('CMRIU1', 'SW21')_t5_max: 6826
	F24_('DU4', 'SW14')_t4_max: 63004
	F8_('SW21', 'SW11')_t5_max: 1760
	F23_('CMRIU1', 'SW21')_t4_max: 6750
	F44_('SW41', 'SW51')_tb: 15050
	F36_('SW13', 'MIMU3')_tb: 2853
	F34_('SW41', 'SW51')_tb: 7518
	F26_('SW6', 'SMRIU2')_tb: 125880
	F25_('SW21', 'SW12')_tb: 119421
	F34_('MIMU2', 'SW13')_t5_max: 7198
	F16_('SW31', 'SW21')_t5_max: 62380
	F15_('SW8', 'SW52')_tb: 125767
	F12_('SW42', 'CM2CB')_tb: 125593
	F48_('RCM2', 'SW32')_t3_min: 1359
	F27_('DU4', 'SW14')_t5_max: 124594
	F24_('SW31', 'SW41')_t5_min: 63325
	F48_('SW32', 'SW6')_t5_max: 1616
	F6_('SW13', 'SW21')_t5_min: 31774
	F29_('SW21', 'SW31')_t5_max: 18504
	F41_('SW21', 'SW12')_t3_min: 796
	F39_('SW42', 'SW32')_t5_min: 30417
	F9_('SW32', 'SW22')_t5_max: 9944
	F22_('SW41', 'CM1CB')_t4_max: 29888
	F2_('CM1CA', 'SW41')_t4_max: 34560
	F18_('BFCU', 'SW22')_t5_max: 418
	F49_('SW31', 'SW7')_t5_max: 15390
	F12_('SW11', 'SW22')_tb: 125305
	F13_('SW31', 'SW8')_t5_max: 2385
	F47_('SW31', 'SW21')_tb: 30951
	F25_('StarTr2', 'SW13')_tb: 119199
	F23_('SW31', 'SW6')_t3_max: 7040
	F22_('SW31', 'SW41')_t5_max: 29757
	F25_('SW12', 'SBAND1')_tb: 119527
	F22_('LCM2', 'SW32')_t4_max: 29220
	F44_('SMRIU2', 'SW6')_tb: 14673
	F7_('SW13', 'StarTr2')_t3_min: 1489
	F47_('SW11', 'DU3')_t3_min: 31197
	('SW41', 'SW51')_gcl_length: 2
	F3_('SW22', 'SW13')_tb: 2159
	F47_('LCM1', 'SW31')_t3_min: 30823
	F2_('SW31', 'SW21')_t5_max: 34974
	F1_('SW41', 'CM1CA')_t5_max: 2314
	F49_('SW22', 'CMRIU2')_t3_min: 15223
	F15_('SW21', 'SW31')_tb: 125466
	F45_('SW42', 'SW32')_tb: 31289
	F21_('SW11', 'SW21')_tb: 6406
	F27_('SW14', 'SW22')_t5_min: 124607
	F39_('SW22', 'SW13')_t3_min: 30521
	F24_('SW41', 'CM1CA')_t3_max: 63332
	F27_('SW32', 'LCM2')_t3_max: 124751
	F26_('SM2CA', 'SW52')_t4_min: 125441
	F25_('SW12', 'SBAND1')_t3_min: 119527
	F6_('MIMU2', 'SW13')_t4_max: 31738
	('SW31', 'FCM1')_gcl_length: 0
	F31_('SW6', 'SW31')_t5_min: 3071
	F45_('SW13', 'StarTr1')_t5_min: 31489
	F19_('SM1CB', 'SW51')_t3_min: 32
	('StarTr2', 'SW13')_gcl_length: 0
	F2_('SW31', 'SW21')_t5_min: 34845
	F18_('SW22', 'CMRIU2')_t4_max: 549
	F0_('DU1', 'SW11')_t4_min: 26608
	F15_('SW52', 'SM2CB')_t3_min: 125848
	F31_('SW21', 'CMRIU1')_t4_max: 3495
	F12_('SW22', 'SW32')_t3_max: 125406
	F23_('SW6', 'SMRIU1')_tb: 7118
	F45_('SW22', 'SW13')_t3_min: 31390
	F10_('SW52', 'SW42')_t5_max: 1694
	F47_('SW31', 'SW21')_t5_min: 31072
	F25_('StarTr2', 'SW13')_t4_min: 119199
	F32_('CM1CB', 'SW41')_t5_max: 240
	F1_('MIMU2', 'SW13')_t5_min: 1590
	F23_('CMRIU1', 'SW21')_t3_min: 6750
	F32_('CM1CB', 'SW41')_t4_max: 225
	F23_('SW21', 'SW31')_t3_min: 6828
	F36_('SW13', 'MIMU3')_t3_min: 2848
	F34_('MIMU2', 'SW13')_t3_min: 7099
	F11_('SW6', 'SMRIU1')_t3_max: 1082
	('SW21', 'SW13')_gcl_length: 34
	F12_('SW42', 'CM2CB')_t4_max: 125980
	F45_('SW13', 'StarTr1')_t3_min: 31443
	F0_('SW21', 'SW31')_t5_min: 26833
	('SW21', 'SW31')_gcl_length: 170
	F16_('SW21', 'SW11')_tb: 62253
	F27_('SW32', 'LCM2')_t3_min: 124617
	F13_('SW8', 'SW52')_tb: 2387
	F25_('SW21', 'SW12')_t5_min: 119525
	F34_('SW13', 'SW21')_t3_min: 7200
	F21_('SW31', 'SW8')_t3_max: 6666
	F28_('CMRIU1', 'SW21')_tb: 600
	F18_('BFCU', 'SW22')_tb: 354
	F40_('SM2CA', 'SW52')_t3_min: 29546
	F13_('SW31', 'SW8')_t3_max: 2268
	F47_('LCM1', 'SW31')_t5_max: 30944
	F43_('SW41', 'SW51')_t3_min: 2707
	F46_('SW11', 'SW21')_t5_max: 389
	F22_('SW31', 'SW41')_t3_min: 29334
	F15_('SW21', 'SW31')_t5_min: 125545
	F33_('FCM1', 'SW31')_t3_min: 24446
	F15_('DU3', 'SW11')_t5_min: 125378
	F44_('SW31', 'SW41')_t3_min: 14835
	F1_('SW41', 'CM1CA')_t4_max: 2233
	F41_('SW21', 'SW12')_t3_max: 801
	F25_('SW12', 'SBAND1')_t4_max: 119656
	F17_('SW42', 'SW32')_t5_min: 127382
	('RCM1', 'SW31')_gcl_length: 0
	F26_('SW42', 'SW32')_t3_max: 125663
	F45_('SW42', 'SW32')_t5_min: 31335
	('SW11', 'DU3')_gcl_length: 0
	F0_('SW21', 'SW31')_tb: 26761
	F9_('CM2CB', 'SW42')_t3_min: 9572
	F15_('SW31', 'SW8')_t3_max: 125681
	F35_('SW8', 'SW32')_t5_max: 126776
	F44_('SW31', 'SW41')_t3_max: 14969
	F17_('SW32', 'LCM2')_tb: 127384
	F36_('SW13', 'MIMU3')_t5_min: 2890
	F21_('SW21', 'SW31')_t5_max: 6659
	F9_('CM2CB', 'SW42')_t5_max: 9650
	F45_('CM2CA', 'SW42')_t5_max: 31282
	F23_('SW6', 'SMRIU1')_t5_min: 7194
	F11_('SW32', 'SW6')_t5_max: 1075
	F43_('LCM1', 'SW31')_t4_max: 2625
	F19_('SW21', 'CMRIU1')_t4_max: 628
	('SMRIU1', 'SW6')_gcl_length: 0
	('SW6', 'SMRIU1')_gcl_length: 2
	F24_('SW41', 'CM1CA')_t5_min: 63340
	F24_('SW31', 'SW41')_t3_min: 63049
	F32_('SW7', 'SW32')_tb: 281
	F17_('SM2CB', 'SW52')_t5_min: 127281
	F14_('RCM1', 'SW31')_t5_min: 107464
	F34_('SW21', 'SW31')_tb: 7311
	F6_('SW21', 'SW31')_t3_min: 31776
	F15_('SW52', 'SM2CB')_t4_max: 125853
	F44_('SW41', 'SW51')_t5_max: 15258
	F29_('SW41', 'CM1CB')_t3_min: 18538
	F23_('SW6', 'SMRIU1')_t5_max: 7323
	F38_('DU4', 'SW14')_t3_min: 29022
	F10_('SW13', 'MIMU1')_tb: 1766
	F35_('SM1CA', 'SW51')_tb: 126238
	F46_('SW21', 'SW31')_t3_max: 396
	F35_('SM1CA', 'SW51')_t4_max: 126238
	F13_('SW11', 'SW21')_t3_min: 1891
	F42_('SW22', 'BFCU')_t3_max: 113683
	F10_('SW32', 'SW22')_tb: 1726
	F26_('SW42', 'SW32')_t3_min: 125658
	F12_('SW32', 'SW42')_t3_min: 125497
	F0_('SW11', 'SW21')_t5_max: 26759
	F21_('SW11', 'SW21')_t3_min: 6401
	('SMRIU2', 'SW6')_gcl_length: 0
	F8_('SW13', 'SW21')_t3_min: 1424
	F6_('SW51', 'SM1CB')_t5_min: 31999
	F2_('SW13', 'StarTr1')_t5_max: 35172
	F46_('SW21', 'SW31')_t5_min: 468
	F21_('SW21', 'SW31')_t3_max: 6474
	F32_('SW7', 'SW32')_t3_min: 281
	F26_('SW42', 'SW32')_t5_min: 125767
	F12_('SW11', 'SW22')_t5_min: 125399
	F16_('SW21', 'SW11')_t3_min: 62253
	F48_('SW6', 'SMRIU1')_t3_min: 1489
	F17_('SW42', 'SW32')_t3_min: 127336
	F16_('SW31', 'SW21')_t5_min: 62251
	F30_('FCM1', 'SW31')_t5_max: 8583
	F39_('SW32', 'SW22')_tb: 30424
	F4_('SW31', 'SW21')_t3_max: 2182
	F45_('SW32', 'SW22')_t5_max: 31388
	F4_('SMRIU2', 'SW6')_t5_min: 2094
	F46_('DU3', 'SW11')_t3_min: 114
	F6_('SW21', 'SW31')_tb: 31910
	('SW22', 'SW13')_gcl_length: 12
	F2_('SW21', 'SW13')_t5_min: 35073
	F9_('SW42', 'SW32')_t5_min: 9735
	F24_('SW21', 'SW31')_tb: 63034
	F9_('SW13', 'StarTr2')_t5_min: 9975
	('SW52', 'SM2CA')_gcl_length: 2
	F17_('SW32', 'LCM2')_t5_min: 127430
	F42_('StarTr2', 'SW13')_t5_min: 113484
	F35_('SW51', 'SW8')_t5_max: 126553
	F19_('SW41', 'SW31')_t5_min: 379
	F46_('DU3', 'SW11')_t5_max: 186
	F26_('SW32', 'SW6')_t3_min: 125769
	('DU1', 'SW11')_gcl_length: 0
	F5_('FCM2', 'SW32')_t3_min: 3314
	('SW41', 'CM1CA')_gcl_length: 0
	F28_('CMRIU1', 'SW21')_t5_min: 632
	F14_('SW6', 'SMRIU2')_t3_max: 107578
	F0_('SW41', 'CM1CA')_t3_max: 27172
	F12_('DU3', 'SW11')_tb: 125204
	('FCM2', 'SW32')_gcl_length: 0
	F32_('SW31', 'SW7')_tb: 264
	F43_('LCM1', 'SW31')_t5_min: 2664
	F35_('SW22', 'CMRIU2')_t3_max: 127006
	('SW42', 'SW32')_gcl_length: 38
	('SW7', 'SW32')_gcl_length: 0
	F27_('SW14', 'SW22')_t3_min: 124596
	F14_('RCM1', 'SW31')_t5_max: 107464
	F26_('SW32', 'SW6')_t5_min: 125878
	F4_('SW13', 'StarTr1')_tb: 2329
	F46_('SW11', 'SW21')_tb: 188
	F41_('DU4', 'SW14')_t4_max: 601
	F34_('SW13', 'SW21')_t5_max: 7304
	F31_('SMRIU2', 'SW6')_t5_min: 3036
	F22_('LCM2', 'SW32')_t5_max: 29256
	('SW51', 'SM1CB')_gcl_length: 2
	F20_('SW14', 'DU5')_t3_min: 869
	F49_('SW22', 'CMRIU2')_tb: 15223
	F44_('SW6', 'SW31')_t5_max: 14962
	F12_('SW22', 'SW32')_tb: 125401
	F33_('SW12', 'SBAND1')_t3_min: 24612
	F29_('SW14', 'SW21')_t3_min: 18432
	F4_('SW31', 'SW21')_t5_min: 2251
	F19_('SW51', 'SW41')_t5_max: 261
	F7_('SW22', 'SW13')_t5_min: 1487
	F19_('SW21', 'CMRIU1')_t5_min: 610
	F44_('SW51', 'SM1CB')_t4_max: 15389
	F19_('SW31', 'SW21')_t3_max: 386
	F30_('SW31', 'LCM1')_t3_min: 8585
	F3_('SW22', 'SW13')_t3_min: 2154
	F5_('SW22', 'SW13')_t5_min: 3537
	F19_('SW51', 'SW41')_t5_min: 261
	F46_('SW21', 'SW31')_t5_max: 468
	F45_('SW22', 'SW13')_t3_max: 31395
	F28_('SW12', 'SBAND1')_t3_max: 802
	('SW42', 'CM2CB')_gcl_length: 0
	F1_('SW21', 'SW31')_t3_max: 1809
	F12_('SW11', 'SW22')_t5_max: 125399
	F48_('SW6', 'SMRIU1')_t5_max: 1810
	F0_('SW21', 'SW31')_t3_min: 26761
	('SW32', 'SW42')_gcl_length: 0
	F20_('SW14', 'DU5')_tb: 1003
	F12_('SW22', 'SW32')_t5_min: 125495
	F47_('LCM1', 'SW31')_t5_min: 30944
	F1_('MIMU2', 'SW13')_t4_min: 1509
	F12_('SW11', 'SW22')_t3_min: 125300
	F23_('SW6', 'SMRIU1')_t4_max: 7247
	F3_('SW32', 'SW22')_tb: 2144
	F32_('SW31', 'SW7')_t5_max: 408
	F20_('CMRIU1', 'SW21')_t5_min: 749
	F16_('SW11', 'DU3')_t3_max: 62607
	F18_('SW22', 'CMRIU2')_t3_min: 420
	F25_('SW13', 'SW21')_t5_min: 119414
	F39_('SW13', 'MIMU3')_tb: 30623
	F0_('SW41', 'CM1CA')_tb: 26909
	F21_('SW21', 'SW31')_t3_min: 6469
	F19_('SM1CB', 'SW51')_tb: 32
	F46_('SW31', 'FCM1')_t5_min: 542
	F23_('SW21', 'SW31')_t5_max: 7033
	F15_('SW52', 'SM2CB')_t5_min: 125932
	F44_('SW41', 'SW51')_t3_max: 15055
	F15_('DU3', 'SW11')_t4_max: 125299
	F15_('SW11', 'SW21')_t5_max: 125464
	F5_('SW13', 'StarTr2')_t4_max: 3926
	F45_('SW13', 'StarTr1')_tb: 31443
	F21_('DU2', 'SW11')_t3_min: 6338
	F3_('RCM2', 'SW32')_t4_max: 2129
	F1_('SW13', 'SW21')_tb: 1592
	F45_('SW13', 'StarTr1')_t5_max: 31618
	F38_('SW22', 'SW32')_t5_max: 29400
	F1_('SW31', 'SW41')_t3_min: 1758
	F35_('SW22', 'CMRIU2')_t5_max: 127222
	F4_('SW6', 'SW31')_t5_min: 2175
	F21_('SW52', 'SM2CA')_t3_max: 6802
	F43_('SW51', 'SM1CA')_t3_min: 2748
	F6_('SW41', 'SW51')_t5_max: 31975
	F27_('SW32', 'LCM2')_tb: 124617
	F42_('SW22', 'BFCU')_t4_max: 113807
	F15_('DU3', 'SW11')_t3_min: 125299
	F38_('SW14', 'SW22')_t3_min: 29104
	F36_('SW21', 'SW13')_t3_min: 2804
	F24_('DU4', 'SW14')_t4_min: 63004
	F19_('SW21', 'CMRIU1')_t3_min: 499
	F5_('FCM2', 'SW32')_t4_min: 3314
	F26_('SW32', 'SW6')_t3_max: 125774
	F25_('SW13', 'SW21')_t5_max: 119414
	F25_('SW13', 'SW21')_tb: 119310
	F24_('SW14', 'SW21')_t5_max: 63161
	F5_('SW22', 'SW13')_tb: 3464
	F19_('SW41', 'SW31')_tb: 268
	F39_('SW42', 'SW32')_t5_max: 30417
	F37_('RCM1', 'SW31')_tb: 3282
	F29_('SW41', 'CM1CB')_t4_max: 18796
	F27_('SW22', 'SW32')_t3_min: 124609
	F4_('SW13', 'StarTr1')_t3_max: 2592
	F20_('SW21', 'SW14')_t5_min: 867
	F10_('SW13', 'MIMU1')_t5_max: 2042
	('SW22', 'SW32')_gcl_length: 2
	F0_('DU1', 'SW11')_t3_min: 26608
	F39_('SW13', 'MIMU3')_t4_max: 30752
	F22_('SW32', 'SW6')_t5_max: 29423
	F12_('SW22', 'SW32')_t3_min: 125401
	F5_('FCM2', 'SW32')_t4_max: 3314
	F16_('SW6', 'SW31')_t5_min: 62160
	F11_('SW32', 'SW6')_t3_min: 782
	F10_('SW42', 'SW32')_t3_max: 1701
	F7_('RCM2', 'SW32')_t5_max: 1443
	F37_('RCM1', 'SW31')_t4_max: 3282
	F1_('MIMU2', 'SW13')_t3_min: 1509
	F0_('SW11', 'SW21')_t5_min: 26759
	F36_('SW13', 'MIMU3')_t4_max: 2853
	F16_('SW31', 'SW21')_t3_max: 62167
	('SW52', 'SM2CB')_gcl_length: 2
	F26_('SW52', 'SW42')_tb: 125552
	F11_('SW6', 'SMRIU1')_t5_max: 1117
	F7_('RCM2', 'SW32')_tb: 1423
	F27_('SW14', 'SW22')_t5_max: 124607
	F9_('CM2CB', 'SW42')_t4_max: 9572
	('SW6', 'SW31')_gcl_length: 4
	F48_('SW6', 'SMRIU1')_tb: 1489
	F13_('SW21', 'SW31')_tb: 2015
	F10_('SW22', 'SW13')_tb: 1746
	F23_('SW6', 'SMRIU1')_t3_min: 7118
	F18_('BFCU', 'SW22')_t4_min: 354
	F41_('SW12', 'SBAND2')_t4_max: 1149
	F24_('SW14', 'SW21')_t5_min: 63032
	F11_('SW22', 'SW32')_t3_min: 745
	('SW11', 'SW22')_gcl_length: 2
	F40_('SM2CA', 'SW52')_t5_max: 29631
	F32_('SW41', 'SW31')_tb: 247
	F37_('SW31', 'SW21')_tb: 3365
	F18_('SW22', 'CMRIU2')_tb: 420
	F6_('MIMU2', 'SW13')_tb: 31738
	F1_('SW31', 'SW41')_tb: 2021
	F8_('SW13', 'SW21')_t5_min: 1462
	F15_('SW31', 'SW8')_t5_min: 125760
	F29_('DU4', 'SW14')_t3_min: 18400
	F13_('DU1', 'SW11')_t3_min: 1772
	F42_('SW22', 'BFCU')_t3_min: 113549
	F39_('SW32', 'SW22')_t3_min: 30419
	F20_('CMRIU1', 'SW21')_t5_max: 749
	F32_('SW31', 'SW7')_t3_min: 264
	F19_('SW31', 'SW21')_t3_min: 381
	F13_('SW31', 'SW8')_t3_min: 2134
	F34_('SW31', 'SW41')_t3_min: 7412
	F29_('SW14', 'SW21')_t5_max: 18467
	F0_('SW21', 'SW31')_t3_max: 26766
	F2_('SW31', 'SW21')_tb: 34753
	F6_('SW31', 'SW41')_t3_max: 31934
	F12_('DU3', 'SW11')_t4_min: 125204
	F1_('SW41', 'CM1CA')_tb: 2104
	F2_('SW21', 'SW13')_t5_max: 35073
	F10_('SM2CB', 'SW52')_t5_min: 1545
	F15_('SW21', 'SW31')_t5_max: 125674
	F4_('SW6', 'SW31')_t3_min: 2096
	F43_('LCM1', 'SW31')_t5_max: 2664
	F28_('SW21', 'SW12')_t5_min: 666
	F8_('SW21', 'SW11')_tb: 1464
	F45_('SW13', 'StarTr1')_t4_max: 31572
	F16_('SMRIU1', 'SW6')_t5_max: 62064
	F4_('SMRIU2', 'SW6')_t4_min: 2020
	F15_('SW21', 'SW31')_t3_max: 125471
	F11_('CMRIU2', 'SW22')_t4_min: 708
	F35_('SW8', 'SW32')_t3_min: 126426
	F6_('SW21', 'SW31')_t5_max: 31927
	F3_('SW13', 'MIMU2')_t3_max: 2174
	('SW11', 'DU2')_gcl_length: 0
	F36_('SW13', 'MIMU3')_t3_max: 2853
	F3_('RCM2', 'SW32')_t5_min: 2137
	('SM2CB', 'SW52')_gcl_length: 0
	F38_('SW32', 'RCM2')_t3_max: 29407
	F34_('SW31', 'SW41')_t5_min: 7516
	F12_('SW32', 'SW42')_t3_max: 125631
	('SW31', 'LCM1')_gcl_length: 0
	F27_('SW32', 'LCM2')_t4_max: 124875
	('SW8', 'SW32')_gcl_length: 0
	F6_('MIMU2', 'SW13')_t4_min: 31738
	F7_('SW13', 'StarTr2')_t5_min: 1509
	F34_('MIMU2', 'SW13')_tb: 7099
	F13_('DU1', 'SW11')_t4_min: 1772
	F15_('DU3', 'SW11')_tb: 125299
	F39_('SW22', 'SW13')_tb: 30526
	F40_('SM2CA', 'SW52')_tb: 29546
	F35_('SW32', 'SW22')_t3_max: 126783
	F45_('SW22', 'SW13')_tb: 31395
	F33_('SW21', 'SW12')_t3_max: 24560
	F43_('LCM1', 'SW31')_t4_min: 2625
	F26_('SW32', 'SW6')_t5_max: 125878
	F21_('SW21', 'SW31')_t5_min: 6530
	F3_('SW22', 'SW13')_t5_min: 2167
	F12_('SW42', 'CM2CB')_t5_min: 125687
	F44_('SMRIU2', 'SW6')_t5_min: 14752
	F46_('SW31', 'FCM1')_t4_max: 599
	F41_('SW14', 'SW21')_tb: 701
	F8_('SW11', 'DU2')_t4_max: 1891
	F11_('SW6', 'SMRIU1')_t5_min: 1117
	('LCM1', 'SW31')_gcl_length: 0
	('SW22', 'CMRIU2')_gcl_length: 0
	F22_('SW6', 'SW31')_t3_max: 29430
	F6_('SW31', 'SW41')_t3_min: 31929
	F20_('CMRIU1', 'SW21')_tb: 633
	F34_('SW21', 'SW31')_t5_min: 7410
	F23_('CMRIU1', 'SW21')_tb: 6750
	F42_('SW13', 'SW22')_t3_min: 113486
	F45_('CM2CA', 'SW42')_tb: 31236
	F49_('SW41', 'SW31')_t5_min: 15043
	F27_('SW22', 'SW32')_t5_min: 124615
	F19_('SW21', 'CMRIU1')_t3_max: 504
	F0_('DU1', 'SW11')_t4_max: 26608
	F29_('DU4', 'SW14')_t5_max: 18430
	F21_('DU2', 'SW11')_t4_min: 6338
	F30_('SW31', 'LCM1')_tb: 8585
	F0_('SW11', 'SW21')_tb: 26687
	F27_('DU4', 'SW14')_t5_min: 124594
	F1_('SW31', 'SW41')_t3_max: 2021
	F9_('SW32', 'SW22')_t3_max: 9742
	F38_('SW32', 'RCM2')_tb: 29402
	F19_('SW31', 'SW21')_tb: 386
	F17_('SW52', 'SW42')_tb: 127288
	F5_('SW13', 'StarTr2')_tb: 3539
	F43_('SW41', 'SW51')_t3_max: 2841
	F21_('SW31', 'SW8')_t5_max: 6727
	F4_('SW31', 'SW21')_t3_min: 2177
	F5_('SW32', 'SW22')_t5_min: 3462
	F9_('SW22', 'SW13')_tb: 9817
	F5_('SW13', 'StarTr2')_t5_min: 3612
	F4_('SW6', 'SW31')_tb: 2101
	F19_('SW21', 'CMRIU1')_t5_max: 739
	F10_('SW42', 'SW32')_t3_min: 1567
	F47_('LCM1', 'SW31')_t4_min: 30823
	F42_('StarTr2', 'SW13')_tb: 113423
	F2_('SW21', 'SW13')_tb: 34981
	F6_('SW51', 'SM1CB')_t3_min: 31977
	F34_('SW21', 'SW31')_t5_max: 7410
	('SW12', 'SBAND1')_gcl_length: 2
	F41_('SW12', 'SBAND2')_tb: 891
	F33_('FCM1', 'SW31')_tb: 24446
	F4_('SW31', 'SW21')_tb: 2177
	F10_('SW22', 'SW13')_t3_max: 1751
	F4_('SW13', 'StarTr1')_t3_min: 2329
	F26_('SW52', 'SW42')_t5_max: 125656
	F34_('SW51', 'SM1CB')_tb: 7619
	F29_('SW41', 'CM1CB')_t5_max: 18826
	F20_('SW21', 'SW14')_t3_min: 751
	F22_('SW31', 'SW41')_t5_min: 29370
	F43_('SW51', 'SM1CA')_tb: 2748
	F39_('SW52', 'SW42')_t3_min: 30091
	F43_('SW31', 'SW41')_t3_min: 2666
	F26_('SW42', 'SW32')_t5_max: 125767
	F6_('SW51', 'SM1CB')_t5_max: 31999
	F15_('SW8', 'SW52')_t5_min: 125846
	('SW12', 'SBAND2')_gcl_length: 0
	F21_('SW8', 'SW52')_tb: 6734
	F21_('SW52', 'SM2CA')_t5_max: 6863
	F6_('SW13', 'SW21')_tb: 31757
	F33_('SW21', 'SW12')_tb: 24560
	F37_('SW31', 'SW21')_t5_min: 3446
	F34_('SW51', 'SM1CB')_t5_max: 7976
	F8_('SW11', 'DU2')_t5_max: 1929
	('SW22', 'BFCU')_gcl_length: 0
	F46_('DU3', 'SW11')_t4_max: 114
	F44_('SW6', 'SW31')_tb: 14754
	F11_('SW22', 'SW32')_tb: 745
	F1_('SW21', 'SW31')_tb: 1675
	F41_('SW14', 'SW21')_t3_min: 696
	F49_('SW31', 'SW7')_t3_max: 15179
	F14_('SW6', 'SMRIU2')_t5_min: 107673
	F32_('CM1CB', 'SW41')_t4_min: 225
	F2_('SW13', 'StarTr1')_t4_max: 35080
	F26_('SM2CA', 'SW52')_t5_min: 125545
	F6_('MIMU2', 'SW13')_t3_min: 31738
	F9_('SW13', 'StarTr2')_t4_max: 10284
	F9_('SW13', 'StarTr2')_t3_min: 9897
	F41_('SW14', 'SW21')_t5_max: 794
	F22_('SW31', 'SW41')_t3_max: 29597
	F11_('SW22', 'SW32')_t5_min: 780
	F1_('SW31', 'SW41')_t5_max: 2102
	('SW31', 'SW8')_gcl_length: 42
	('SW32', 'RCM2')_gcl_length: 0
	F35_('SW51', 'SW8')_t3_min: 126332
	F38_('SW32', 'RCM2')_t4_max: 29531
	F44_('SW41', 'SW51')_t5_min: 15129
	F48_('RCM2', 'SW32')_t5_max: 1422
	('SW31', 'SW21')_gcl_length: 70
	F16_('SW6', 'SW31')_t5_max: 62160
	F34_('SW41', 'SW51')_t5_max: 7746
	F14_('SW6', 'SMRIU2')_t3_min: 107573
	F12_('SW32', 'SW42')_tb: 125497
	F5_('FCM2', 'SW32')_t5_min: 3387
	F26_('SW6', 'SMRIU2')_t4_max: 126009
	F45_('CM2CA', 'SW42')_t3_min: 31236
	F35_('SW32', 'SW22')_tb: 126520
	F34_('SW51', 'SM1CB')_t3_min: 7619
	F32_('SW7', 'SW32')_t5_min: 296
	F17_('SW32', 'LCM2')_t4_max: 127642
	F19_('SM1CB', 'SW51')_t5_min: 143
	F15_('SW8', 'SW52')_t3_min: 125762
	F0_('SW31', 'SW41')_t5_min: 26907
	F38_('SW22', 'SW32')_t3_max: 29320
	F16_('SMRIU1', 'SW6')_tb: 61975
	F6_('SW41', 'SW51')_tb: 31958
	F17_('SW52', 'SW42')_t3_min: 127283
	F17_('SW42', 'SW32')_t3_max: 127341
	F12_('DU3', 'SW11')_t5_min: 125298
	F31_('SW31', 'SW21')_tb: 3073
	F47_('SW21', 'SW11')_t3_min: 31074
	F5_('SW32', 'SW22')_t3_min: 3389
	F40_('SW52', 'SM2CB')_t5_max: 29847
	F44_('SW51', 'SM1CB')_t3_max: 15265
	F36_('SW11', 'SW21')_t5_max: 2802
	F46_('SW11', 'SW21')_t3_min: 188
	('SW31', 'SW41')_gcl_length: 62
	F49_('SW7', 'SW22')_t3_max: 15397
	F6_('SW21', 'SW31')_t5_min: 31927
	F36_('SW21', 'SW13')_tb: 2809
	F15_('SW31', 'SW8')_t3_min: 125547
	F40_('SW52', 'SM2CB')_tb: 29633
	F14_('SW31', 'SW6')_t5_min: 107571
	F6_('MIMU2', 'SW13')_t5_min: 31755
	F38_('SW14', 'SW22')_t5_max: 29313
	F19_('SW51', 'SW41')_t3_min: 145
	F14_('SW31', 'SW6')_t3_min: 107466
	F32_('SW41', 'SW31')_t5_max: 262
	F13_('SW52', 'SM2CB')_t5_max: 2881
	F10_('SW32', 'SW22')_t5_min: 1744
	F44_('SMRIU2', 'SW6')_t4_min: 14673
	F25_('SW12', 'SBAND1')_t3_max: 119532
	F7_('SW22', 'SW13')_t3_max: 1601
	F1_('MIMU2', 'SW13')_t5_max: 1590
	('CM1CB', 'SW41')_gcl_length: 0
	F44_('SW31', 'SW41')_t5_max: 15048
	F9_('SW22', 'SW13')_t3_min: 9817
	F38_('SW22', 'SW32')_t3_min: 29186
	('SW31', 'SW6')_gcl_length: 34
	F13_('SW11', 'SW21')_t5_min: 2013
	F45_('SW32', 'SW22')_t3_max: 31342
	F32_('SW31', 'SW7')_t3_max: 269
	F20_('SW14', 'DU5')_t5_min: 1119
	F31_('SW21', 'CMRIU1')_t5_max: 3528
	F4_('SW21', 'SW13')_tb: 2253
	F37_('SW21', 'SW11')_t3_max: 3582
	F34_('SW51', 'SM1CB')_t3_max: 7753
	F24_('SW41', 'CM1CA')_tb: 63327
	F3_('RCM2', 'SW32')_t4_min: 2129
	F19_('SW41', 'SW31')_t3_max: 268
	F18_('BFCU', 'SW22')_t3_min: 354
	('SW14', 'DU5')_gcl_length: 2
	F19_('SW31', 'SW21')_t5_min: 497
	F36_('SW11', 'SW21')_t5_min: 2802
	F22_('SW6', 'SW31')_t5_max: 29590
	F42_('SW13', 'SW22')_tb: 113486
	F7_('SW32', 'SW22')_tb: 1445
	F6_('SW41', 'SW51')_t5_min: 31975
	F49_('CM1CA', 'SW41')_t5_max: 14954
	F24_('DU4', 'SW14')_tb: 63004
	F24_('SW21', 'SW31')_t3_max: 63168
	F13_('SW8', 'SW52')_t5_min: 2504
	F21_('SW11', 'SW21')_t5_min: 6467
	F13_('DU1', 'SW11')_t5_min: 1889
	F21_('SW21', 'SW31')_tb: 6469
	('CM1CA', 'SW41')_gcl_length: 0
	F4_('SW21', 'SW13')_t5_min: 2327
	F21_('SW31', 'SW8')_tb: 6666
	F22_('LCM2', 'SW32')_t5_min: 29256
	F45_('SW22', 'SW13')_t5_max: 31441
	F20_('SW21', 'SW14')_t5_max: 996
	('SM2CA', 'SW52')_gcl_length: 0
	F29_('SW41', 'CM1CB')_t3_max: 18672
	F43_('SW31', 'SW41')_tb: 2666
	F8_('SW13', 'SW21')_tb: 1424
	F35_('SW22', 'CMRIU2')_t4_max: 127130
	F36_('SW13', 'MIMU3')_t5_max: 2890
	F39_('SW42', 'SW32')_t3_max: 30322
	F15_('SW11', 'SW21')_tb: 125385
	F32_('SW7', 'SW32')_t3_max: 415
	F23_('SW21', 'SW31')_t5_min: 6904
	('SW13', 'MIMU1')_gcl_length: 0
	F29_('SW14', 'SW21')_t5_min: 18467
	F32_('CM1CB', 'SW41')_tb: 225
	F29_('SW41', 'CM1CB')_tb: 18538
	F22_('LCM2', 'SW32')_t3_min: 29220
	F7_('SW13', 'StarTr2')_t5_max: 1896
	F48_('SW6', 'SMRIU1')_t5_min: 1552
	F13_('SW21', 'SW31')_t5_max: 2261
	F47_('SW11', 'DU3')_t5_min: 31318
	F28_('CMRIU1', 'SW21')_t5_max: 632
	F11_('CMRIU2', 'SW22')_t3_min: 708
	F16_('SW31', 'SW21')_tb: 62162
	F40_('SM2CA', 'SW52')_t4_min: 29546
	F6_('SW13', 'SW21')_t3_min: 31757
	F34_('SW31', 'SW41')_t5_max: 7516
	F25_('SW12', 'SBAND1')_t5_max: 119760
	('SW31', 'SW7')_gcl_length: 0
	F22_('SW32', 'SW6')_t3_min: 29258
	('SW52', 'SW42')_gcl_length: 4
	F31_('SW31', 'SW21')_t3_min: 3073
	F28_('SW12', 'SBAND1')_t5_max: 958
	F19_('SW41', 'SW31')_t5_max: 379
	F25_('SW12', 'SBAND1')_t5_min: 119631
	F16_('SMRIU1', 'SW6')_t4_max: 61975
	F49_('CM1CA', 'SW41')_t3_min: 14867
	F10_('SW32', 'SW22')_t5_max: 1744
	F26_('SM2CA', 'SW52')_t3_min: 125441
	F16_('SW11', 'DU3')_t3_min: 62344
	F21_('SW8', 'SW52')_t5_min: 6795
	F33_('SW12', 'SBAND1')_t5_max: 24667
	F19_('SW51', 'SW41')_tb: 150
	F14_('SW31', 'SW6')_tb: 107471
	F49_('SW41', 'SW31')_t3_min: 14956
	F11_('SW6', 'SMRIU1')_t4_max: 1082
	F31_('SW21', 'CMRIU1')_t3_max: 3371
	F20_('SW14', 'DU5')_t5_max: 1119
	F22_('LCM2', 'SW32')_t4_min: 29220
	F42_('StarTr2', 'SW13')_t5_max: 113484
	F45_('SW32', 'SW22')_t3_min: 31337
	F35_('SW32', 'SW22')_t5_min: 126612
	F27_('SW32', 'LCM2')_t5_max: 124881
	F47_('SW21', 'SW11')_t5_min: 31195
	F0_('DU1', 'SW11')_tb: 26608
	F8_('StarTr2', 'SW13')_t3_min: 1384
	('SW14', 'SW22')_gcl_length: 2
	F45_('CM2CA', 'SW42')_t4_min: 31236
	F6_('SW21', 'SW31')_t3_max: 31910
	F14_('SW6', 'SMRIU2')_tb: 107573
	F39_('SM2CA', 'SW52')_t4_min: 29994
	F34_('SW41', 'SW51')_t5_min: 7617
	F20_('SW14', 'DU5')_t3_max: 1003
	('DU3', 'SW11')_gcl_length: 0
	F39_('SW13', 'MIMU3')_t3_max: 30628
	F9_('CM2CB', 'SW42')_t5_min: 9650
	F43_('SW41', 'SW51')_t5_max: 3004
	F34_('SW13', 'SW21')_t5_min: 7304
	F23_('SW31', 'SW6')_t3_min: 6906
	F41_('SW12', 'SBAND2')_t3_min: 891
	F3_('SW32', 'SW22')_t3_min: 2139
	F4_('SW13', 'StarTr1')_t5_min: 2403
	F11_('SW32', 'SW6')_t3_max: 916
	F37_('SW11', 'DU2')_t4_max: 3918
	F36_('SW11', 'SW21')_tb: 2765
	F49_('CM1CA', 'SW41')_t5_min: 14954
	F28_('SW21', 'SW12')_t3_min: 634
	F22_('SW31', 'SW41')_tb: 29334
	F10_('SW13', 'MIMU1')_t3_min: 1766
	F8_('SW13', 'SW21')_t5_max: 1591
	F5_('FCM2', 'SW32')_t5_max: 3387
	F27_('SW14', 'SW22')_tb: 124601
	F42_('StarTr2', 'SW13')_t3_min: 113423
	F39_('SW22', 'SW13')_t3_max: 30526
	F47_('SW21', 'SW11')_t5_max: 31324
	F34_('SW51', 'SM1CB')_t4_max: 7877
	F46_('SW31', 'FCM1')_tb: 470
	F1_('SW13', 'SW21')_t5_max: 1802
	F29_('SW31', 'SW41')_tb: 18506
	F33_('FCM1', 'SW31')_t4_min: 24446
	F3_('SW22', 'SW13')_t5_max: 2167
	F24_('DU4', 'SW14')_t5_min: 63017
	F23_('SW31', 'SW6')_t5_max: 7116
	F21_('DU2', 'SW11')_tb: 6338
	F47_('SW31', 'SW21')_t3_min: 30946
	F41_('SW14', 'SW21')_t5_min: 794
	F4_('SMRIU2', 'SW6')_t4_max: 2020
	F29_('SW31', 'SW41')_t3_min: 18506
	F9_('SW22', 'SW13')_t5_max: 10153
	F11_('SW32', 'SW6')_tb: 782
	F10_('SW32', 'SW22')_t3_min: 1721
	F26_('SW42', 'SW32')_tb: 125663
	F31_('SW31', 'SW21')_t5_max: 3364
	F24_('DU4', 'SW14')_t3_min: 63004
	F30_('SW31', 'LCM1')_t4_max: 8714
	F17_('SW52', 'SW42')_t5_max: 127334
	F0_('SW31', 'SW41')_t3_max: 26969
	F16_('SW21', 'SW11')_t5_max: 62600
	F16_('SW11', 'DU3')_tb: 62344
	F37_('SW21', 'SW11')_tb: 3448
	F46_('SW31', 'FCM1')_t5_max: 671
	F9_('SW42', 'SW32')_tb: 9657
	F2_('CM1CA', 'SW41')_t3_min: 34560
	('SW51', 'SW8')_gcl_length: 0
	('SW11', 'SW21')_gcl_length: 114
	F35_('SM1CA', 'SW51')_t4_min: 126238
	F13_('SW31', 'SW8')_t5_min: 2385
	F10_('SM2CB', 'SW52')_t4_max: 1527
	F30_('FCM1', 'SW31')_t3_min: 8497
	F27_('SW32', 'LCM2')_t5_min: 124623
	F16_('SW11', 'DU3')_t5_min: 62433
	F46_('DU3', 'SW11')_t5_min: 186
	F24_('SW31', 'SW41')_tb: 63312
	F21_('SW11', 'SW21')_t5_max: 6467
	F0_('SW21', 'SW31')_t5_max: 26962
	F2_('SW13', 'StarTr1')_tb: 35080
	F49_('SW41', 'SW31')_t5_max: 15172
	F34_('SW21', 'SW31')_t3_min: 7306
	F33_('SW21', 'SW12')_t3_min: 24555
	F24_('SW41', 'CM1CA')_t3_min: 63327
	F16_('SW11', 'DU3')_t4_max: 62731
	F13_('SW8', 'SW52')_t5_max: 2633
	F11_('SW22', 'SW32')_t5_max: 909
	F33_('SW12', 'SBAND1')_tb: 24617
	F16_('SW6', 'SW31')_t3_min: 62066
	F10_('SW13', 'MIMU1')_t3_max: 1900
	F30_('FCM1', 'SW31')_t4_max: 8497
	F10_('SM2CB', 'SW52')_t4_min: 1527
	F38_('DU4', 'SW14')_t4_min: 29022
	F13_('SW8', 'SW52')_t3_min: 2387
	F2_('CM1CA', 'SW41')_tb: 34560
	('BFCU', 'SW22')_gcl_length: 0
	F13_('SW52', 'SM2CB')_t3_max: 2640
	F19_('SW41', 'SW31')_t3_min: 263
	('SW13', 'StarTr1')_gcl_length: 2
	F13_('SW31', 'SW8')_tb: 2268
	F31_('SW21', 'CMRIU1')_t3_min: 3108
	F45_('CM2CA', 'SW42')_t5_min: 31282
	F20_('CMRIU1', 'SW21')_t4_max: 633
	F1_('SW21', 'SW31')_t5_max: 2014
	F21_('SW52', 'SM2CA')_t4_max: 6802
	F22_('SW6', 'SW31')_t3_min: 29296
	F44_('SW31', 'SW41')_t5_min: 15048
	F48_('RCM2', 'SW32')_tb: 1359
	F49_('SW31', 'SW7')_t3_min: 15045
	F31_('SMRIU2', 'SW6')_t3_min: 3003
	F2_('SW41', 'SW31')_t3_min: 34654
	F38_('SW22', 'SW32')_t5_min: 29400
	F21_('SW8', 'SW52')_t5_max: 6795
	F9_('CM2CB', 'SW42')_t4_min: 9572
	F41_('DU4', 'SW14')_t5_max: 694
	F23_('SW6', 'SMRIU1')_t3_max: 7123
	F49_('SW22', 'CMRIU2')_t4_max: 15739
	F49_('CM1CA', 'SW41')_tb: 14867
	F37_('SW11', 'DU2')_tb: 3531
	F18_('BFCU', 'SW22')_t4_max: 354
	F47_('SW11', 'DU3')_t5_max: 31576
	F16_('SMRIU1', 'SW6')_t3_min: 61975
	F7_('SW32', 'SW22')_t5_min: 1465
	F19_('SM1CB', 'SW51')_t5_max: 143
	F39_('SW32', 'SW22')_t5_min: 30519
	('DU4', 'SW14')_gcl_length: 0
	('SW41', 'SW31')_gcl_length: 98
	F48_('SW32', 'SW6')_t3_min: 1424
	F37_('SW11', 'DU2')_t3_max: 3794
	('SW32', 'LCM2')_gcl_length: 0
	('SW21', 'SW12')_gcl_length: 6
	F24_('SW41', 'CM1CA')_t4_max: 63456
	F13_('DU1', 'SW11')_tb: 1772
	F26_('SW6', 'SMRIU2')_t3_min: 125880
	F36_('DU1', 'SW11')_t3_min: 2721
	F3_('SW32', 'SW22')_t5_min: 2152
	F20_('CMRIU1', 'SW21')_t3_min: 633
	F47_('SW21', 'SW11')_t3_max: 31079
	F17_('SW52', 'SW42')_t5_min: 127334
	F15_('SW21', 'SW31')_t3_min: 125466
	F35_('SW8', 'SW32')_tb: 126426
	F38_('SW32', 'RCM2')_t5_min: 29482
	F36_('DU1', 'SW11')_tb: 2721
	F15_('DU3', 'SW11')_t5_max: 125378
	F14_('SW6', 'SMRIU2')_t4_max: 107702
	F38_('SW14', 'SW22')_tb: 29104
	F17_('SW42', 'SW32')_tb: 127336
	F41_('SW21', 'SW12')_t5_min: 889
	F39_('SW32', 'SW22')_t5_max: 30519
	F0_('SW31', 'SW41')_t3_min: 26835
	F3_('SW13', 'MIMU2')_tb: 2169
	F5_('SW13', 'StarTr2')_t3_min: 3539
	F32_('SW32', 'RCM2')_t5_min: 313
	F17_('SM2CB', 'SW52')_tb: 127235
	F15_('SW8', 'SW52')_t3_max: 125767
	F27_('SW22', 'SW32')_tb: 124609
	F16_('SW21', 'SW11')_t5_min: 62342
	F43_('SW51', 'SM1CA')_t5_max: 3174
	F31_('SMRIU2', 'SW6')_t5_max: 3036
	F2_('SW13', 'StarTr1')_t3_min: 35075
	F22_('SW41', 'CM1CB')_t3_max: 29764
	F44_('SW6', 'SW31')_t3_min: 14754
	F6_('SW13', 'SW21')_t5_max: 31903
	F31_('SW21', 'CMRIU1')_tb: 3108
	F39_('SW13', 'MIMU3')_t5_min: 30718
	F28_('CMRIU1', 'SW21')_t4_min: 600
	F3_('RCM2', 'SW32')_t3_min: 2129
	F49_('SW7', 'SW22')_t3_min: 15134
	F27_('DU4', 'SW14')_t3_min: 124588
	F25_('SW13', 'SW21')_t3_min: 119305
	F44_('SW51', 'SM1CB')_t5_min: 15210
	F34_('MIMU2', 'SW13')_t5_min: 7198
	F22_('SW41', 'CM1CB')_t3_min: 29372
	F37_('SW31', 'SW21')_t3_min: 3365
	F29_('SW21', 'SW31')_t5_min: 18504
	F9_('CM2CB', 'SW42')_tb: 9572
	F33_('FCM1', 'SW31')_t5_min: 24496
	F37_('SW21', 'SW11')_t5_min: 3529
	F36_('SW21', 'SW13')_t3_max: 2809
	F27_('DU4', 'SW14')_t4_min: 124588
	F1_('SW13', 'SW21')_t5_min: 1673
	F15_('SW8', 'SW52')_t5_max: 125846
	F12_('SW32', 'SW42')_t5_max: 125849
	F42_('SW22', 'BFCU')_t5_max: 113868
	F43_('LCM1', 'SW31')_t3_min: 2625
	F15_('SW11', 'SW21')_t5_min: 125464
	F37_('SW21', 'SW11')_t3_min: 3448
	F0_('DU1', 'SW11')_t5_min: 26680
	F23_('SW31', 'SW6')_t5_min: 7116
	F1_('SW41', 'CM1CA')_t5_min: 2185
	F48_('SW32', 'SW6')_t5_min: 1487
	F4_('SW13', 'StarTr1')_t4_max: 2716
	F14_('RCM1', 'SW31')_t3_min: 107364
	F11_('CMRIU2', 'SW22')_tb: 708
	F25_('SW21', 'SW12')_t3_max: 119421
	('SW41', 'CM1CB')_gcl_length: 0
	F46_('DU3', 'SW11')_tb: 114
	F38_('DU4', 'SW14')_t4_max: 29022
	F21_('SW8', 'SW52')_t3_min: 6729
	F29_('SW14', 'SW21')_tb: 18437
	F21_('SW31', 'SW8')_t3_min: 6532
	F21_('DU2', 'SW11')_t5_max: 6399
	F31_('SW21', 'CMRIU1')_t5_min: 3141
	F26_('SM2CA', 'SW52')_tb: 125441
	F7_('SW13', 'StarTr2')_t3_max: 1752
	F14_('RCM1', 'SW31')_t4_min: 107364
	F7_('SW32', 'SW22')_t3_min: 1445
	F48_('RCM2', 'SW32')_t4_min: 1359
	F2_('SW41', 'SW31')_t5_min: 34751
	F42_('SW22', 'BFCU')_tb: 113549
	F9_('SW32', 'SW22')_tb: 9737
	F49_('SW7', 'SW22')_t5_max: 15608
	F24_('SW14', 'SW21')_t3_min: 63019
	F38_('SW14', 'SW22')_t5_min: 29184
	F35_('SM1CA', 'SW51')_t5_min: 126330
	F35_('SW22', 'CMRIU2')_t5_min: 126706
	F7_('RCM2', 'SW32')_t3_min: 1423
	F10_('SW22', 'SW13')_t5_min: 1764
	F24_('SW14', 'SW21')_tb: 63019
	F3_('RCM2', 'SW32')_tb: 2129
	F2_('SW13', 'StarTr1')_t5_min: 35172
	F6_('SW41', 'SW51')_t3_min: 31953
	F30_('FCM1', 'SW31')_t5_min: 8583
	F26_('SM2CA', 'SW52')_t4_max: 125441
	F26_('SW6', 'SMRIU2')_t5_max: 126113
	F11_('CMRIU2', 'SW22')_t5_max: 743
	F7_('RCM2', 'SW32')_t4_min: 1423
	F10_('SW13', 'MIMU1')_t5_min: 1784
	F45_('SW42', 'SW32')_t5_max: 31335
	('SW21', 'SW14')_gcl_length: 0
	F31_('SMRIU2', 'SW6')_t4_min: 3003
	F13_('DU1', 'SW11')_t5_max: 1889
	F3_('SW13', 'MIMU2')_t5_max: 2306
	F47_('SW11', 'DU3')_t3_max: 31331
	F11_('CMRIU2', 'SW22')_t5_min: 743
	F36_('SW21', 'SW13')_t5_max: 2846
	F34_('SW31', 'SW41')_tb: 7417
	F32_('SW32', 'RCM2')_tb: 298
	F16_('SW6', 'SW31')_tb: 62071
	F13_('SW21', 'SW31')_t3_max: 2020
	F40_('SM2CA', 'SW52')_t5_min: 29631
	F33_('SW31', 'SW21')_t5_min: 24553
	F15_('SW52', 'SM2CB')_t5_max: 125932
	F20_('SW14', 'DU5')_t4_max: 1003
	('SW51', 'SW41')_gcl_length: 2
	F35_('SW51', 'SW8')_tb: 126332
	F45_('SW42', 'SW32')_t3_min: 31284
	F4_('SW13', 'StarTr1')_t5_max: 2790
	('SW13', 'SW22')_gcl_length: 0
	F9_('SW13', 'StarTr2')_tb: 9897
	F29_('SW41', 'CM1CB')_t5_min: 18568
	F21_('SW52', 'SM2CA')_t5_min: 6863
	F13_('SW8', 'SW52')_t3_max: 2392
	F10_('SW52', 'SW42')_t3_min: 1547
	F13_('SW21', 'SW31')_t3_min: 2015
	F48_('RCM2', 'SW32')_t5_min: 1422
	F44_('SW51', 'SM1CB')_t3_min: 15131
	F11_('CMRIU2', 'SW22')_t4_max: 708
	F1_('SW13', 'SW21')_t3_min: 1592
	F39_('SM2CA', 'SW52')_tb: 29994
	F39_('SW52', 'SW42')_t5_min: 30186
	F49_('SW7', 'SW22')_tb: 15134
	F5_('FCM2', 'SW32')_tb: 3314
	F41_('SW12', 'SBAND2')_t5_min: 984
	F11_('SW32', 'SW6')_t5_min: 817
	F37_('RCM1', 'SW31')_t4_min: 3282
	F15_('SW31', 'SW8')_t5_max: 125760
	F35_('SW22', 'CMRIU2')_t3_min: 126614
	F9_('SW22', 'SW13')_t5_min: 9895
	F4_('SW6', 'SW31')_t5_max: 2175
	F45_('CM2CA', 'SW42')_t4_max: 31236
	F32_('CM1CB', 'SW41')_t5_min: 240
	('SW14', 'SW21')_gcl_length: 18
	F27_('SW22', 'SW32')_t5_max: 124744
	F33_('SW31', 'SW21')_t3_min: 24498
	F25_('SW21', 'SW12')_t3_min: 119416
	F22_('SW41', 'CM1CB')_t5_min: 29408
	F4_('SW21', 'SW13')_t5_max: 2585
	F1_('SW41', 'CM1CA')_t3_max: 2109
	F15_('SW52', 'SM2CB')_tb: 125853
	F26_('SW52', 'SW42')_t5_min: 125656
	F35_('SM1CA', 'SW51')_t3_min: 126238
	F6_('SW51', 'SM1CB')_t3_max: 31982
	F12_('SW22', 'SW32')_t5_max: 125624
	F5_('SW22', 'SW13')_t3_min: 3464
	F33_('SW31', 'SW21')_tb: 24503
	F45_('SW13', 'StarTr1')_t3_max: 31448
	F41_('DU4', 'SW14')_tb: 601
	F35_('SW32', 'SW22')_t3_min: 126520
	F37_('RCM1', 'SW31')_t3_min: 3282
	F8_('StarTr2', 'SW13')_tb: 1384
	F49_('SW31', 'SW7')_t5_min: 15132
	F8_('SW11', 'DU2')_t3_min: 1504
	F32_('SW7', 'SW32')_t5_max: 554
	F8_('SW11', 'DU2')_t3_max: 1767
	F1_('SW21', 'SW31')_t5_min: 1756
	F26_('SW6', 'SMRIU2')_t5_min: 125984
	F31_('SW6', 'SW31')_tb: 3038
	('SM1CA', 'SW51')_gcl_length: 0
	F24_('SW31', 'SW41')_t5_max: 63325
	F12_('DU3', 'SW11')_t5_max: 125298
	F18_('SW22', 'CMRIU2')_t5_max: 613
	F2_('CM1CA', 'SW41')_t5_max: 34652
	F49_('CM1CA', 'SW41')_t4_max: 14867
	F33_('SW12', 'SBAND1')_t5_min: 24667
	F0_('SW41', 'CM1CA')_t4_max: 27296
	F21_('SW31', 'SW8')_t5_min: 6727
	('SW21', 'SW11')_gcl_length: 0
	('CM2CA', 'SW42')_gcl_length: 0
	F32_('SW41', 'SW31')_t3_min: 242
	F30_('SW31', 'LCM1')_t5_min: 8671
	F17_('SM2CB', 'SW52')_t4_max: 127235
	F13_('SW11', 'SW21')_t5_max: 2013
	F15_('SW11', 'SW21')_t3_min: 125380
	F37_('SW11', 'DU2')_t3_min: 3531
	F47_('SW11', 'DU3')_t4_max: 31455
	F7_('SW22', 'SW13')_t3_min: 1467
	F30_('FCM1', 'SW31')_tb: 8497
	F23_('SW21', 'SW31')_tb: 6828
	F14_('SW31', 'SW6')_t5_max: 107571
	F0_('SW31', 'SW41')_t5_max: 27165
	F17_('SM2CB', 'SW52')_t5_max: 127281
	F15_('SW52', 'SM2CB')_t3_max: 125853
	F35_('SW32', 'SW22')_t5_max: 126999
	F35_('SW8', 'SW32')_t5_min: 126518
	F13_('SW52', 'SM2CB')_t4_max: 2764
	F7_('SW13', 'StarTr2')_tb: 1489
	F39_('SW52', 'SW42')_t5_max: 30315
	F46_('SW21', 'SW31')_t3_min: 262
