0. Flow F0 [CM1CA-->CMRIU1] with period 64000, payload 1408B, e2e delay 64000us, jitter 6400us
	('CM1CA', 'SW41'), Operation(0, None, 12)(0, 0)
	('SW41', 'SW31'), Operation(14, None, 44)(14, 32)
	('SW31', 'SW21'), Operation(28, None, 76)(28, 64)
	('SW21', 'CMRIU1'), Operation(42, None, 108)(42, 96)
1. Flow F1 [CM1CA-->DU5] with period 4000, payload 654B, e2e delay 4000us, jitter 400us
	('CM1CA', 'SW41'), Operation(56, None, 62)(56, 56)
	('SW41', 'SW31'), Operation(64, 69, 75)(69, 69)
	('SW31', 'SW21'), Operation(77, 82, 88)(82, 82)
	('SW21', 'SW14'), Operation(90, 95, 101)(95, 95)
	('SW14', 'DU5'), Operation(103, 108, 114)(108, 108)
2. Flow F2 [DU1-->SM2CB] with period 16000, payload 975B, e2e delay 16000us, jitter 1600us
	('DU1', 'SW11'), Operation(0, None, 8)(0, 0)
	('SW11', 'SW21'), Operation(10, None, 36)(10, 28)
	('SW21', 'SW31'), Operation(20, None, 64)(20, 56)
	('SW31', 'SW8'), Operation(30, None, 92)(30, 84)
	('SW8', 'SW52'), Operation(40, None, 120)(40, 112)
	('SW52', 'SM2CB'), Operation(50, None, 148)(50, 140)
3. Flow F3 [DU1-->MIMU2] with period 8000, payload 1000B, e2e delay 8000us, jitter 800us
	('DU1', 'SW11'), Operation(27, None, 35)(27, 27)
	('SW11', 'SW21'), Operation(37, 42, 50)(42, 42)
	('SW21', 'SW13'), Operation(52, 57, 65)(57, 57)
	('SW13', 'MIMU2'), Operation(67, 72, 80)(72, 72)
4. Flow F4 [CM2CA-->MIMU3] with period 64000, payload 90B, e2e delay 64000us, jitter 6400us
	('CM2CA', 'SW42'), Operation(0, None, 1)(0, 0)
	('SW42', 'SW32'), Operation(3, None, 22)(3, 21)
	('SW32', 'SW22'), Operation(6, None, 43)(6, 42)
	('SW22', 'SW13'), Operation(9, None, 64)(9, 63)
	('SW13', 'MIMU3'), Operation(12, None, 85)(12, 84)
5. Flow F5 [SMRIU2-->RCM1] with period 4000, payload 305B, e2e delay 4000us, jitter 400us
	('SMRIU2', 'SW6'), Operation(0, None, 3)(0, 0)
	('SW6', 'SW31'), Operation(5, 10, 13)(10, 10)
	('SW31', 'RCM1'), Operation(15, 20, 23)(20, 20)
6. Flow F6 [DU2-->LCM2] with period 8000, payload 689B, e2e delay 8000us, jitter 800us
	('DU2', 'SW11'), Operation(0, None, 6)(0, 0)
	('SW11', 'SW22'), Operation(8, None, 32)(8, 26)
	('SW22', 'SW32'), Operation(16, None, 58)(16, 52)
	('SW32', 'LCM2'), Operation(24, None, 84)(24, 78)
7. Flow F7 [BFCU-->LCM1] with period 64000, payload 370B, e2e delay 64000us, jitter 6400us
	('BFCU', 'SW22'), Operation(0, None, 3)(0, 0)
	('SW22', 'SW7'), Operation(5, None, 26)(5, 23)
	('SW7', 'SW31'), Operation(10, None, 49)(10, 46)
	('SW31', 'LCM1'), Operation(15, None, 72)(15, 69)
8. Flow F8 [SM2CB-->CM2CA] with period 128000, payload 1493B, e2e delay 128000us, jitter 12800us
	('SM2CB', 'SW52'), Operation(0, None, 12)(0, 0)
	('SW52', 'SW42'), Operation(14, None, 44)(14, 32)
	('SW42', 'CM2CA'), Operation(28, None, 76)(28, 64)
9. Flow F9 [DU1-->CM2CB] with period 64000, payload 1424B, e2e delay 64000us, jitter 6400us
	('DU1', 'SW11'), Operation(36, None, 48)(36, 36)
	('SW11', 'SW22'), Operation(50, None, 80)(50, 68)
	('SW22', 'SW32'), Operation(64, None, 112)(64, 100)
	('SW32', 'SW42'), Operation(78, None, 144)(78, 132)
	('SW42', 'CM2CB'), Operation(92, None, 176)(92, 164)
10. Flow F10 [CMRIU1-->CM2CA] with period 16000, payload 1275B, e2e delay 16000us, jitter 1600us
	('CMRIU1', 'SW21'), Operation(106, None, 117)(106, 106)
	('SW21', 'SW7'), Operation(119, None, 148)(119, 137)
	('SW7', 'SW32'), Operation(132, None, 179)(132, 168)
	('SW32', 'SW42'), Operation(145, None, 210)(145, 199)
	('SW42', 'CM2CA'), Operation(158, None, 241)(158, 230)
11. Flow F11 [CMRIU2-->SM1CA] with period 32000, payload 605B, e2e delay 32000us, jitter 3200us
	('CMRIU2', 'SW22'), Operation(106, None, 111)(106, 106)
	('SW22', 'SW32'), Operation(113, None, 136)(113, 131)
	('SW32', 'SW8'), Operation(120, None, 161)(120, 156)
	('SW8', 'SW51'), Operation(127, None, 186)(127, 181)
	('SW51', 'SM1CA'), Operation(134, None, 211)(134, 206)
12. Flow F12 [DU4-->StarTr1] with period 4000, payload 602B, e2e delay 4000us, jitter 400us
	('DU4', 'SW14'), Operation(0, None, 5)(0, 0)
	('SW14', 'SW21'), Operation(7, 12, 17)(12, 12)
	('SW21', 'SW13'), Operation(19, 24, 29)(24, 24)
	('SW13', 'StarTr1'), Operation(31, 36, 41)(36, 36)
13. Flow F13 [FCM1-->LCM2] with period 8000, payload 742B, e2e delay 8000us, jitter 800us
	('FCM1', 'SW31'), Operation(61, None, 67)(61, 61)
	('SW31', 'SW6'), Operation(69, None, 93)(69, 87)
	('SW6', 'SW32'), Operation(77, None, 119)(77, 113)
	('SW32', 'LCM2'), Operation(85, 126, 132)(126, 126)
14. Flow F14 [CM1CB-->StarTr2] with period 16000, payload 498B, e2e delay 16000us, jitter 1600us
	('CM1CB', 'SW41'), Operation(77, None, 81)(77, 77)
	('SW41', 'SW31'), Operation(83, None, 105)(83, 101)
	('SW31', 'SW21'), Operation(89, None, 129)(89, 125)
	('SW21', 'SW13'), Operation(95, None, 153)(95, 149)
	('SW13', 'StarTr2'), Operation(101, None, 177)(101, 173)
15. Flow F15 [CM1CB-->FCM1] with period 128000, payload 1156B, e2e delay 128000us, jitter 12800us
	('CM1CB', 'SW41'), Operation(94, None, 104)(94, 94)
	('SW41', 'SW31'), Operation(106, None, 134)(106, 124)
	('SW31', 'FCM1'), Operation(118, None, 164)(118, 154)
16. Flow F16 [StarTr2-->CMRIU2] with period 128000, payload 286B, e2e delay 128000us, jitter 12800us
	('StarTr2', 'SW13'), Operation(0, None, 3)(0, 0)
	('SW13', 'SW22'), Operation(5, None, 26)(5, 23)
	('SW22', 'CMRIU2'), Operation(10, None, 49)(10, 46)
17. Flow F17 [SM1CA-->DU5] with period 32000, payload 337B, e2e delay 32000us, jitter 3200us
	('SM1CA', 'SW51'), Operation(125, None, 128)(125, 125)
	('SW51', 'SW41'), Operation(130, None, 151)(130, 148)
	('SW41', 'SW31'), Operation(135, None, 174)(135, 171)
	('SW31', 'SW21'), Operation(140, None, 197)(140, 194)
	('SW21', 'SW14'), Operation(145, None, 220)(145, 217)
	('SW14', 'DU5'), Operation(150, None, 243)(150, 240)
18. Flow F18 [DU4-->RCM1] with period 8000, payload 1394B, e2e delay 8000us, jitter 800us
	('DU4', 'SW14'), Operation(32, None, 44)(32, 32)
	('SW14', 'SW21'), Operation(46, 51, 63)(51, 51)
	('SW21', 'SW31'), Operation(65, 70, 82)(70, 70)
	('SW31', 'RCM1'), Operation(84, None, 114)(84, 102)
19. Flow F19 [StarTr2-->CM2CA] with period 64000, payload 903B, e2e delay 64000us, jitter 6400us
	('StarTr2', 'SW13'), Operation(202, None, 210)(202, 202)
	('SW13', 'SW22'), Operation(212, None, 238)(212, 230)
	('SW22', 'SW32'), Operation(222, None, 266)(222, 258)
	('SW32', 'SW42'), Operation(232, None, 294)(232, 286)
	('SW42', 'CM2CA'), Operation(242, None, 322)(242, 314)
20. Flow F20 [CM1CA-->StarTr2] with period 16000, payload 721B, e2e delay 16000us, jitter 1600us
	('CM1CA', 'SW41'), Operation(182, None, 188)(182, 182)
	('SW41', 'SW31'), Operation(190, None, 214)(190, 208)
	('SW31', 'SW21'), Operation(198, None, 240)(198, 234)
	('SW21', 'SW13'), Operation(206, None, 266)(206, 260)
	('SW13', 'StarTr2'), Operation(214, None, 292)(214, 286)
21. Flow F21 [DU1-->SM2CA] with period 2000, payload 885B, e2e delay 2000us, jitter 200us
	('DU1', 'SW11'), Operation(66, 66, 74)(66, 66)
	('SW11', 'SW21'), Operation(76, 81, 89)(81, 81)
	('SW21', 'SW31'), Operation(91, 96, 104)(96, 96)
	('SW31', 'SW8'), Operation(106, 111, 119)(111, 111)
	('SW8', 'SW52'), Operation(121, 126, 134)(126, 126)
	('SW52', 'SM2CA'), Operation(136, 141, 149)(141, 141)
22. Flow F22 [BFCU-->MIMU1] with period 32000, payload 126B, e2e delay 32000us, jitter 3200us
	('BFCU', 'SW22'), Operation(61, None, 63)(61, 61)
	('SW22', 'SW13'), Operation(65, None, 85)(65, 83)
	('SW13', 'MIMU1'), Operation(69, None, 107)(69, 105)
23. Flow F23 [CM1CA-->SM1CA] with period 32000, payload 1413B, e2e delay 32000us, jitter 3200us
	('CM1CA', 'SW41'), Operation(13, None, 25)(13, 13)
	('SW41', 'SW51'), Operation(27, None, 57)(27, 45)
	('SW51', 'SM1CA'), Operation(41, None, 89)(41, 77)
24. Flow F24 [CM2CA-->LCM1] with period 64000, payload 254B, e2e delay 64000us, jitter 6400us
	('CM2CA', 'SW42'), Operation(53, None, 56)(53, 53)
	('SW42', 'SW32'), Operation(58, None, 79)(58, 76)
	('SW32', 'SW7'), Operation(63, None, 102)(63, 99)
	('SW7', 'SW31'), Operation(68, None, 125)(68, 122)
	('SW31', 'LCM1'), Operation(73, None, 148)(73, 145)
25. Flow F25 [SMRIU1-->LCM1] with period 128000, payload 1220B, e2e delay 128000us, jitter 12800us
	('SMRIU1', 'SW6'), Operation(125, None, 135)(125, 125)
	('SW6', 'SW31'), Operation(137, None, 165)(137, 155)
	('SW31', 'LCM1'), Operation(149, None, 195)(149, 185)
26. Flow F26 [SM2CB-->DU1] with period 32000, payload 628B, e2e delay 32000us, jitter 3200us
	('SM2CB', 'SW52'), Operation(217, None, 223)(217, 217)
	('SW52', 'SW8'), Operation(225, None, 249)(225, 243)
	('SW8', 'SW31'), Operation(233, None, 275)(233, 269)
	('SW31', 'SW21'), Operation(241, None, 301)(241, 295)
	('SW21', 'SW11'), Operation(249, None, 327)(249, 321)
	('SW11', 'DU1'), Operation(257, None, 353)(257, 347)
27. Flow F27 [RCM2-->CM2CA] with period 64000, payload 455B, e2e delay 64000us, jitter 6400us
	('RCM2', 'SW32'), Operation(311, None, 315)(311, 311)
	('SW32', 'SW42'), Operation(317, None, 339)(317, 335)
	('SW42', 'CM2CA'), Operation(323, None, 363)(323, 359)
28. Flow F28 [SMRIU1-->SM2CB] with period 32000, payload 66B, e2e delay 32000us, jitter 3200us
	('SMRIU1', 'SW6'), Operation(163, None, 164)(163, 163)
	('SW6', 'SW31'), Operation(166, None, 185)(166, 184)
	('SW31', 'SW8'), Operation(169, None, 206)(169, 205)
	('SW8', 'SW52'), Operation(172, None, 227)(172, 226)
	('SW52', 'SM2CB'), Operation(175, None, 248)(175, 247)
29. Flow F29 [SM1CA-->CM1CB] with period 128000, payload 1433B, e2e delay 128000us, jitter 12800us
	('SM1CA', 'SW51'), Operation(0, None, 12)(0, 0)
	('SW51', 'SW41'), Operation(14, None, 44)(14, 32)
	('SW41', 'CM1CB'), Operation(28, None, 76)(28, 64)
30. Flow F30 [LCM1-->CMRIU2] with period 2000, payload 1168B, e2e delay 2000us, jitter 200us
	('LCM1', 'SW31'), Operation(4, None, 14)(4, 4)
	('SW31', 'SW7'), Operation(16, 21, 31)(21, 21)
	('SW7', 'SW22'), Operation(33, 38, 48)(38, 38)
	('SW22', 'CMRIU2'), Operation(50, 55, 65)(55, 55)
31. Flow F31 [DU2-->CMRIU1] with period 16000, payload 1169B, e2e delay 16000us, jitter 1600us
	('DU2', 'SW11'), Operation(85, None, 95)(85, 85)
	('SW11', 'SW21'), Operation(97, None, 125)(97, 115)
	('SW21', 'CMRIU1'), Operation(109, None, 155)(109, 145)
32. Flow F32 [SMRIU1-->DU1] with period 128000, payload 1426B, e2e delay 128000us, jitter 12800us
	('SMRIU1', 'SW6'), Operation(298, None, 310)(298, 298)
	('SW6', 'SW31'), Operation(312, None, 342)(312, 330)
	('SW31', 'SW21'), Operation(326, None, 374)(326, 362)
	('SW21', 'SW11'), Operation(340, None, 406)(340, 394)
	('SW11', 'DU1'), Operation(354, None, 438)(354, 426)
33. Flow F33 [FCM1-->LCM1] with period 128000, payload 1344B, e2e delay 128000us, jitter 12800us
	('FCM1', 'SW31'), Operation(183, None, 194)(183, 183)
	('SW31', 'LCM1'), Operation(196, None, 225)(196, 214)
34. Flow F34 [FCM1-->MIMU3] with period 64000, payload 1270B, e2e delay 64000us, jitter 6400us
	('FCM1', 'SW31'), Operation(362, None, 373)(362, 362)
	('SW31', 'SW21'), Operation(375, None, 404)(375, 393)
	('SW21', 'SW13'), Operation(388, None, 435)(388, 424)
	('SW13', 'MIMU3'), Operation(401, None, 466)(401, 455)
35. Flow F35 [DU5-->SM1CA] with period 32000, payload 915B, e2e delay 32000us, jitter 3200us
	('DU5', 'SW14'), Operation(162, None, 170)(162, 162)
	('SW14', 'SW21'), Operation(172, None, 198)(172, 190)
	('SW21', 'SW31'), Operation(182, None, 226)(182, 218)
	('SW31', 'SW41'), Operation(192, None, 254)(192, 246)
	('SW41', 'SW51'), Operation(202, None, 282)(202, 274)
	('SW51', 'SM1CA'), Operation(212, None, 310)(212, 302)
36. Flow F36 [SM1CA-->MIMU1] with period 16000, payload 967B, e2e delay 16000us, jitter 1600us
	('SM1CA', 'SW51'), Operation(396, None, 404)(396, 396)
	('SW51', 'SW41'), Operation(406, None, 432)(406, 424)
	('SW41', 'SW31'), Operation(416, None, 460)(416, 452)
	('SW31', 'SW21'), Operation(426, None, 488)(426, 480)
	('SW21', 'SW13'), Operation(436, None, 516)(436, 508)
	('SW13', 'MIMU1'), Operation(446, None, 544)(446, 536)
37. Flow F37 [DU5-->SM1CA] with period 16000, payload 133B, e2e delay 16000us, jitter 1600us
	('DU5', 'SW14'), Operation(291, None, 293)(291, 291)
	('SW14', 'SW21'), Operation(295, None, 315)(295, 313)
	('SW21', 'SW31'), Operation(299, None, 337)(299, 335)
	('SW31', 'SW41'), Operation(303, None, 359)(303, 357)
	('SW41', 'SW51'), Operation(307, None, 381)(307, 379)
	('SW51', 'SM1CA'), Operation(311, None, 403)(311, 401)
38. Flow F38 [MIMU1-->CMRIU2] with period 64000, payload 1022B, e2e delay 64000us, jitter 6400us
	('MIMU1', 'SW13'), Operation(44, None, 53)(44, 44)
	('SW13', 'SW22'), Operation(55, None, 82)(55, 73)
	('SW22', 'CMRIU2'), Operation(66, None, 111)(66, 102)
39. Flow F39 [SM2CA-->CM2CA] with period 2000, payload 119B, e2e delay 2000us, jitter 200us
	('SM2CA', 'SW52'), Operation(0, None, 1)(0, 0)
	('SW52', 'SW42'), Operation(3, 8, 9)(8, 8)
	('SW42', 'CM2CA'), Operation(11, 16, 17)(16, 16)
40. Flow F40 [DU3-->SM2CB] with period 32000, payload 90B, e2e delay 32000us, jitter 3200us
	('DU3', 'SW11'), Operation(234, None, 235)(234, 234)
	('SW11', 'SW21'), Operation(237, None, 256)(237, 255)
	('SW21', 'SW31'), Operation(240, None, 277)(240, 276)
	('SW31', 'SW8'), Operation(243, None, 298)(243, 297)
	('SW8', 'SW52'), Operation(246, None, 319)(246, 318)
	('SW52', 'SM2CB'), Operation(249, None, 340)(249, 339)
41. Flow F41 [SM2CA-->RCM1] with period 128000, payload 823B, e2e delay 128000us, jitter 12800us
	('SM2CA', 'SW52'), Operation(88, None, 95)(88, 88)
	('SW52', 'SW8'), Operation(97, None, 122)(97, 115)
	('SW8', 'SW31'), Operation(106, None, 149)(106, 142)
	('SW31', 'RCM1'), Operation(115, None, 176)(115, 169)
42. Flow F42 [SM1CB-->MIMU1] with period 32000, payload 1112B, e2e delay 32000us, jitter 3200us
	('SM1CB', 'SW51'), Operation(490, None, 499)(490, 490)
	('SW51', 'SW41'), Operation(501, None, 528)(501, 519)
	('SW41', 'SW31'), Operation(512, None, 557)(512, 548)
	('SW31', 'SW21'), Operation(523, None, 586)(523, 577)
	('SW21', 'SW13'), Operation(534, None, 615)(534, 606)
	('SW13', 'MIMU1'), Operation(545, None, 644)(545, 635)
43. Flow F43 [DU1-->FCM1] with period 128000, payload 933B, e2e delay 128000us, jitter 12800us
	('DU1', 'SW11'), Operation(318, None, 326)(318, 318)
	('SW11', 'SW21'), Operation(328, None, 354)(328, 346)
	('SW21', 'SW31'), Operation(338, None, 382)(338, 374)
	('SW31', 'FCM1'), Operation(348, None, 410)(348, 402)
44. Flow F44 [CM1CA-->RCM1] with period 32000, payload 502B, e2e delay 32000us, jitter 3200us
	('CM1CA', 'SW41'), Operation(208, None, 213)(208, 208)
	('SW41', 'SW31'), Operation(215, None, 238)(215, 233)
	('SW31', 'RCM1'), Operation(222, None, 263)(222, 258)
45. Flow F45 [SM1CB-->DU5] with period 128000, payload 1235B, e2e delay 128000us, jitter 12800us
	('SM1CB', 'SW51'), Operation(551, None, 561)(551, 551)
	('SW51', 'SW41'), Operation(563, None, 591)(563, 581)
	('SW41', 'SW31'), Operation(575, None, 621)(575, 611)
	('SW31', 'SW21'), Operation(587, None, 651)(587, 641)
	('SW21', 'SW14'), Operation(599, None, 681)(599, 671)
	('SW14', 'DU5'), Operation(611, None, 711)(611, 701)
46. Flow F46 [SMRIU1-->LCM2] with period 32000, payload 739B, e2e delay 32000us, jitter 3200us
	('SMRIU1', 'SW6'), Operation(117, None, 123)(117, 117)
	('SW6', 'SW32'), Operation(125, None, 149)(125, 143)
	('SW32', 'LCM2'), Operation(133, None, 175)(133, 169)
47. Flow F47 [LCM2-->DU3] with period 128000, payload 146B, e2e delay 128000us, jitter 12800us
	('LCM2', 'SW32'), Operation(40, None, 42)(40, 40)
	('SW32', 'SW22'), Operation(44, None, 64)(44, 62)
	('SW22', 'SW11'), Operation(48, None, 86)(48, 84)
	('SW11', 'DU3'), Operation(52, None, 108)(52, 106)
48. Flow F48 [DU3-->RCM1] with period 128000, payload 478B, e2e delay 128000us, jitter 12800us
	('DU3', 'SW11'), Operation(371, None, 375)(371, 371)
	('SW11', 'SW21'), Operation(377, None, 399)(377, 395)
	('SW21', 'SW31'), Operation(383, None, 423)(383, 419)
	('SW31', 'RCM1'), Operation(389, None, 447)(389, 443)
49. Flow F49 [SMRIU1-->SMRIU2] with period 2000, payload 79B, e2e delay 2000us, jitter 200us
	('SMRIU1', 'SW6'), Operation(0, None, 1)(0, 0)
	('SW6', 'SMRIU2'), Operation(3, 8, 9)(8, 8)
50. Flow F50 [RCM2-->FCM1] with period 64000, payload 495B, e2e delay 64000us, jitter 6400us
	('RCM2', 'SW32'), Operation(2, None, 6)(2, 2)
	('SW32', 'SW6'), Operation(8, None, 30)(8, 26)
	('SW6', 'SW31'), Operation(14, None, 54)(14, 50)
	('SW31', 'FCM1'), Operation(20, None, 78)(20, 74)
51. Flow F51 [SMRIU2-->StarTr2] with period 8000, payload 487B, e2e delay 8000us, jitter 800us
	('SMRIU2', 'SW6'), Operation(640, None, 644)(640, 640)
	('SW6', 'SW31'), Operation(646, None, 668)(646, 664)
	('SW31', 'SW21'), Operation(652, None, 692)(652, 688)
	('SW21', 'SW13'), Operation(658, 699, 703)(699, 699)
	('SW13', 'StarTr2'), Operation(705, 710, 714)(710, 710)
52. Flow F52 [DU2-->LCM1] with period 64000, payload 1467B, e2e delay 64000us, jitter 6400us
	('DU2', 'SW11'), Operation(396, None, 408)(396, 396)
	('SW11', 'SW21'), Operation(410, None, 440)(410, 428)
	('SW21', 'SW31'), Operation(424, None, 472)(424, 460)
	('SW31', 'LCM1'), Operation(438, None, 504)(438, 492)
53. Flow F53 [RCM2-->DU5] with period 4000, payload 798B, e2e delay 4000us, jitter 400us
	('RCM2', 'SW32'), Operation(65, None, 72)(65, 65)
	('SW32', 'SW22'), Operation(74, None, 99)(74, 92)
	('SW22', 'SW14'), Operation(83, 106, 113)(106, 106)
	('SW14', 'DU5'), Operation(115, 120, 127)(120, 120)
54. Flow F54 [SMRIU2-->SM1CA] with period 2000, payload 698B, e2e delay 2000us, jitter 200us
	('SMRIU2', 'SW6'), Operation(47, None, 53)(47, 47)
	('SW6', 'SW31'), Operation(55, 60, 66)(60, 60)
	('SW31', 'SW41'), Operation(68, 73, 79)(73, 73)
	('SW41', 'SW51'), Operation(81, 86, 92)(86, 86)
	('SW51', 'SM1CA'), Operation(94, 99, 105)(99, 99)
55. Flow F55 [BFCU-->StarTr1] with period 8000, payload 537B, e2e delay 8000us, jitter 800us
	('BFCU', 'SW22'), Operation(79, 79, 84)(79, 79)
	('SW22', 'SW13'), Operation(86, None, 109)(86, 104)
	('SW13', 'StarTr1'), Operation(93, None, 134)(93, 129)
56. Flow F56 [LCM1-->DU1] with period 2000, payload 1305B, e2e delay 2000us, jitter 200us
	('LCM1', 'SW31'), Operation(392, None, 403)(392, 392)
	('SW31', 'SW21'), Operation(405, 410, 421)(410, 410)
	('SW21', 'SW11'), Operation(423, 428, 439)(428, 428)
	('SW11', 'DU1'), Operation(441, 446, 457)(446, 446)
57. Flow F57 [RCM2-->CM1CB] with period 8000, payload 97B, e2e delay 8000us, jitter 800us
	('RCM2', 'SW32'), Operation(73, None, 74)(73, 73)
	('SW32', 'SW6'), Operation(76, 81, 82)(81, 81)
	('SW6', 'SW31'), Operation(84, None, 103)(84, 102)
	('SW31', 'SW41'), Operation(87, None, 124)(87, 123)
	('SW41', 'CM1CB'), Operation(90, None, 145)(90, 144)
58. Flow F58 [SM1CB-->DU3] with period 128000, payload 102B, e2e delay 128000us, jitter 12800us
	('SM1CB', 'SW51'), Operation(684, None, 685)(684, 684)
	('SW51', 'SW41'), Operation(687, None, 706)(687, 705)
	('SW41', 'SW31'), Operation(690, None, 727)(690, 726)
	('SW31', 'SW21'), Operation(693, None, 748)(693, 747)
	('SW21', 'SW11'), Operation(696, None, 769)(696, 768)
	('SW11', 'DU3'), Operation(699, None, 790)(699, 789)
59. Flow F59 [MIMU2-->DU2] with period 32000, payload 404B, e2e delay 32000us, jitter 3200us
	('MIMU2', 'SW13'), Operation(0, None, 4)(0, 0)
	('SW13', 'SW21'), Operation(6, None, 28)(6, 24)
	('SW21', 'SW11'), Operation(12, None, 52)(12, 48)
	('SW11', 'DU2'), Operation(18, None, 76)(18, 72)
60. Flow F60 [SM2CB-->StarTr2] with period 32000, payload 1333B, e2e delay 32000us, jitter 3200us
	('SM2CB', 'SW52'), Operation(228, None, 239)(228, 228)
	('SW52', 'SW42'), Operation(241, None, 270)(241, 259)
	('SW42', 'SW32'), Operation(254, None, 301)(254, 290)
	('SW32', 'SW22'), Operation(267, None, 332)(267, 321)
	('SW22', 'SW13'), Operation(280, None, 363)(280, 352)
	('SW13', 'StarTr2'), Operation(293, None, 394)(293, 383)
61. Flow F61 [SMRIU1-->SBAND2] with period 8000, payload 691B, e2e delay 8000us, jitter 800us
	('SMRIU1', 'SW6'), Operation(733, None, 739)(733, 733)
	('SW6', 'SW31'), Operation(741, None, 765)(741, 759)
	('SW31', 'SW21'), Operation(749, None, 791)(749, 785)
	('SW21', 'SW12'), Operation(757, 798, 804)(798, 798)
	('SW12', 'SBAND2'), Operation(806, None, 830)(806, 824)
62. Flow F62 [CMRIU2-->SBAND2] with period 16000, payload 524B, e2e delay 16000us, jitter 1600us
	('CMRIU2', 'SW22'), Operation(0, None, 5)(0, 0)
	('SW22', 'SW12'), Operation(7, None, 30)(7, 25)
	('SW12', 'SBAND2'), Operation(14, None, 55)(14, 50)
63. Flow F63 [FCM2-->CM2CB] with period 128000, payload 277B, e2e delay 128000us, jitter 12800us
	('FCM2', 'SW32'), Operation(0, None, 3)(0, 0)
	('SW32', 'SW42'), Operation(5, None, 26)(5, 23)
	('SW42', 'CM2CB'), Operation(10, None, 49)(10, 46)
64. Flow F64 [MIMU1-->SMRIU1] with period 4000, payload 1471B, e2e delay 4000us, jitter 400us
	('MIMU1', 'SW13'), Operation(72, None, 84)(72, 72)
	('SW13', 'SW21'), Operation(86, 91, 103)(91, 91)
	('SW21', 'SW31'), Operation(105, 110, 122)(110, 110)
	('SW31', 'SW6'), Operation(124, 129, 141)(129, 129)
	('SW6', 'SMRIU1'), Operation(143, 148, 160)(148, 148)
65. Flow F65 [SM1CB-->DU4] with period 64000, payload 932B, e2e delay 64000us, jitter 6400us
	('SM1CB', 'SW51'), Operation(762, None, 770)(762, 762)
	('SW51', 'SW41'), Operation(772, None, 798)(772, 790)
	('SW41', 'SW31'), Operation(782, None, 826)(782, 818)
	('SW31', 'SW21'), Operation(792, None, 854)(792, 846)
	('SW21', 'SW14'), Operation(802, None, 882)(802, 874)
	('SW14', 'DU4'), Operation(812, None, 910)(812, 902)
66. Flow F66 [FCM2-->MIMU2] with period 64000, payload 702B, e2e delay 64000us, jitter 6400us
	('FCM2', 'SW32'), Operation(94, None, 100)(94, 94)
	('SW32', 'SW22'), Operation(102, None, 126)(102, 120)
	('SW22', 'SW13'), Operation(110, None, 152)(110, 146)
	('SW13', 'MIMU2'), Operation(118, None, 178)(118, 172)
67. Flow F67 [DU3-->SM1CB] with period 64000, payload 610B, e2e delay 64000us, jitter 6400us
	('DU3', 'SW11'), Operation(459, None, 464)(459, 459)
	('SW11', 'SW21'), Operation(466, None, 489)(466, 484)
	('SW21', 'SW31'), Operation(473, None, 514)(473, 509)
	('SW31', 'SW41'), Operation(480, None, 539)(480, 534)
	('SW41', 'SW51'), Operation(487, None, 564)(487, 559)
	('SW51', 'SM1CB'), Operation(494, None, 589)(494, 584)
68. Flow F68 [SBAND1-->DU1] with period 128000, payload 1061B, e2e delay 128000us, jitter 12800us
	('SBAND1', 'SW12'), Operation(31, None, 40)(31, 31)
	('SW12', 'SW21'), Operation(42, None, 69)(42, 60)
	('SW21', 'SW11'), Operation(53, None, 98)(53, 89)
	('SW11', 'DU1'), Operation(64, None, 127)(64, 118)
69. Flow F69 [SBAND1-->SM1CB] with period 16000, payload 1032B, e2e delay 16000us, jitter 1600us
	('SBAND1', 'SW12'), Operation(535, None, 544)(535, 535)
	('SW12', 'SW21'), Operation(546, None, 573)(546, 564)
	('SW21', 'SW31'), Operation(557, None, 602)(557, 593)
	('SW31', 'SW41'), Operation(568, None, 631)(568, 622)
	('SW41', 'SW51'), Operation(579, None, 660)(579, 651)
	('SW51', 'SM1CB'), Operation(590, None, 689)(590, 680)
70. Flow F70 [MIMU1-->DU3] with period 2000, payload 588B, e2e delay 2000us, jitter 200us
	('MIMU1', 'SW13'), Operation(97, None, 102)(97, 97)
	('SW13', 'SW21'), Operation(104, 109, 114)(109, 109)
	('SW21', 'SW11'), Operation(116, 121, 126)(121, 121)
	('SW11', 'DU3'), Operation(128, 133, 138)(133, 133)
71. Flow F71 [StarTr2-->DU1] with period 8000, payload 1113B, e2e delay 8000us, jitter 800us
	('StarTr2', 'SW13'), Operation(104, None, 113)(104, 104)
	('SW13', 'SW21'), Operation(115, None, 142)(115, 133)
	('SW21', 'SW11'), Operation(126, 149, 158)(149, 149)
	('SW11', 'DU1'), Operation(160, None, 187)(160, 178)
72. Flow F72 [SBAND2-->CMRIU1] with period 4000, payload 104B, e2e delay 4000us, jitter 400us
	('SBAND2', 'SW12'), Operation(0, None, 1)(0, 0)
	('SW12', 'SW21'), Operation(3, 8, 9)(8, 8)
	('SW21', 'CMRIU1'), Operation(11, None, 30)(11, 29)
73. Flow F73 [MIMU1-->SM1CA] with period 2000, payload 178B, e2e delay 2000us, jitter 200us
	('MIMU1', 'SW13'), Operation(534, None, 536)(534, 534)
	('SW13', 'SW21'), Operation(538, 543, 545)(543, 543)
	('SW21', 'SW31'), Operation(547, 552, 554)(552, 552)
	('SW31', 'SW41'), Operation(556, 561, 563)(561, 561)
	('SW41', 'SW51'), Operation(565, 570, 572)(570, 570)
	('SW51', 'SM1CA'), Operation(574, 579, 581)(579, 579)
74. Flow F74 [SM2CB-->RCM1] with period 64000, payload 1039B, e2e delay 64000us, jitter 6400us
	('SM2CB', 'SW52'), Operation(254, None, 263)(254, 254)
	('SW52', 'SW8'), Operation(265, None, 292)(265, 283)
	('SW8', 'SW31'), Operation(276, None, 321)(276, 312)
	('SW31', 'RCM1'), Operation(287, None, 350)(287, 341)
75. Flow F75 [CM2CB-->CM1CA] with period 2000, payload 785B, e2e delay 2000us, jitter 200us
	('CM2CB', 'SW42'), Operation(74, 74, 81)(74, 74)
	('SW42', 'SW32'), Operation(83, 88, 95)(88, 88)
	('SW32', 'SW6'), Operation(97, 102, 109)(102, 102)
	('SW6', 'SW31'), Operation(111, 116, 123)(116, 116)
	('SW31', 'SW41'), Operation(125, 130, 137)(130, 130)
	('SW41', 'CM1CA'), Operation(139, 144, 151)(144, 144)
76. Flow F76 [SM2CB-->SM1CB] with period 2000, payload 479B, e2e delay 2000us, jitter 200us
	('SM2CB', 'SW52'), Operation(13, 13, 17)(13, 13)
	('SW52', 'SW8'), Operation(19, 24, 28)(24, 24)
	('SW8', 'SW51'), Operation(30, 35, 39)(35, 35)
	('SW51', 'SM1CB'), Operation(41, 46, 50)(46, 46)
77. Flow F77 [CMRIU1-->LCM1] with period 8000, payload 873B, e2e delay 8000us, jitter 800us
	('CMRIU1', 'SW21'), Operation(218, None, 225)(218, 218)
	('SW21', 'SW31'), Operation(227, 232, 239)(232, 232)
	('SW31', 'LCM1'), Operation(241, None, 266)(241, 259)
78. Flow F78 [SM2CA-->LCM1] with period 16000, payload 784B, e2e delay 16000us, jitter 1600us
	('SM2CA', 'SW52'), Operation(304, None, 311)(304, 304)
	('SW52', 'SW8'), Operation(313, None, 338)(313, 331)
	('SW8', 'SW31'), Operation(322, None, 365)(322, 358)
	('SW31', 'LCM1'), Operation(331, None, 392)(331, 385)
79. Flow F79 [MIMU2-->CMRIU1] with period 2000, payload 1310B, e2e delay 2000us, jitter 200us
	('MIMU2', 'SW13'), Operation(130, 130, 141)(130, 130)
	('SW13', 'SW21'), Operation(143, 148, 159)(148, 148)
	('SW21', 'CMRIU1'), Operation(161, 166, 177)(166, 166)
80. Flow F80 [SBAND1-->CMRIU1] with period 32000, payload 705B, e2e delay 32000us, jitter 3200us
	('SBAND1', 'SW12'), Operation(162, None, 168)(162, 162)
	('SW12', 'SW21'), Operation(170, None, 194)(170, 188)
	('SW21', 'CMRIU1'), Operation(178, None, 220)(178, 214)
81. Flow F81 [SM1CA-->StarTr1] with period 16000, payload 1386B, e2e delay 16000us, jitter 1600us
	('SM1CA', 'SW51'), Operation(813, None, 825)(813, 813)
	('SW51', 'SW41'), Operation(827, None, 857)(827, 845)
	('SW41', 'SW31'), Operation(841, None, 889)(841, 877)
	('SW31', 'SW21'), Operation(855, None, 921)(855, 909)
	('SW21', 'SW13'), Operation(869, None, 953)(869, 941)
	('SW13', 'StarTr1'), Operation(883, None, 985)(883, 973)
82. Flow F82 [SBAND2-->DU5] with period 2000, payload 1303B, e2e delay 2000us, jitter 200us
	('SBAND2', 'SW12'), Operation(2, None, 13)(2, 2)
	('SW12', 'SW21'), Operation(15, 20, 31)(20, 20)
	('SW21', 'SW14'), Operation(33, 38, 49)(38, 38)
	('SW14', 'DU5'), Operation(51, 56, 67)(56, 56)
83. Flow F83 [MIMU1-->DU2] with period 2000, payload 514B, e2e delay 2000us, jitter 200us
	('MIMU1', 'SW13'), Operation(153, None, 158)(153, 153)
	('SW13', 'SW21'), Operation(160, 165, 170)(165, 165)
	('SW21', 'SW11'), Operation(172, 177, 182)(177, 177)
	('SW11', 'DU2'), Operation(184, 189, 194)(189, 189)
84. Flow F84 [MIMU3-->MIMU2] with period 64000, payload 599B, e2e delay 64000us, jitter 6400us
	('MIMU3', 'SW13'), Operation(0, None, 5)(0, 0)
	('SW13', 'MIMU2'), Operation(7, None, 30)(7, 25)
85. Flow F85 [CM1CA-->SM2CA] with period 8000, payload 675B, e2e delay 8000us, jitter 800us
	('CM1CA', 'SW41'), Operation(283, None, 289)(283, 283)
	('SW41', 'SW31'), Operation(291, None, 315)(291, 309)
	('SW31', 'SW8'), Operation(299, 322, 328)(322, 322)
	('SW8', 'SW52'), Operation(330, None, 354)(330, 348)
	('SW52', 'SM2CA'), Operation(338, None, 380)(338, 374)
86. Flow F86 [DU3-->DU5] with period 32000, payload 837B, e2e delay 32000us, jitter 3200us
	('DU3', 'SW11'), Operation(248, None, 255)(248, 248)
	('SW11', 'SW21'), Operation(257, None, 282)(257, 275)
	('SW21', 'SW14'), Operation(266, None, 309)(266, 302)
	('SW14', 'DU5'), Operation(275, None, 336)(275, 329)
87. Flow F87 [SM2CA-->CM1CB] with period 2000, payload 842B, e2e delay 2000us, jitter 200us
	('SM2CA', 'SW52'), Operation(127, None, 134)(127, 127)
	('SW52', 'SW8'), Operation(136, 141, 148)(141, 141)
	('SW8', 'SW31'), Operation(150, 155, 162)(155, 155)
	('SW31', 'SW41'), Operation(164, 169, 176)(169, 169)
	('SW41', 'CM1CB'), Operation(178, 183, 190)(183, 183)
88. Flow F88 [RCM2-->SM2CB] with period 32000, payload 1470B, e2e delay 32000us, jitter 3200us
	('RCM2', 'SW32'), Operation(326, None, 338)(326, 326)
	('SW32', 'SW42'), Operation(340, None, 370)(340, 358)
	('SW42', 'SW52'), Operation(354, None, 402)(354, 390)
	('SW52', 'SM2CB'), Operation(368, None, 434)(368, 422)
89. Flow F89 [SMRIU1-->SBAND1] with period 16000, payload 778B, e2e delay 16000us, jitter 1600us
	('SMRIU1', 'SW6'), Operation(904, None, 911)(904, 904)
	('SW6', 'SW31'), Operation(913, None, 938)(913, 931)
	('SW31', 'SW21'), Operation(922, None, 965)(922, 958)
	('SW21', 'SW12'), Operation(931, None, 992)(931, 985)
	('SW12', 'SBAND1'), Operation(940, None, 1019)(940, 1012)
90. Flow F90 [LCM1-->SM1CB] with period 2000, payload 395B, e2e delay 2000us, jitter 200us
	('LCM1', 'SW31'), Operation(41, None, 45)(41, 41)
	('SW31', 'SW41'), Operation(47, 52, 56)(52, 52)
	('SW41', 'SW51'), Operation(58, 63, 67)(63, 63)
	('SW51', 'SM1CB'), Operation(69, 74, 78)(74, 74)
91. Flow F91 [MIMU3-->DU4] with period 4000, payload 891B, e2e delay 4000us, jitter 400us
	('MIMU3', 'SW13'), Operation(25, None, 33)(25, 25)
	('SW13', 'SW21'), Operation(35, 40, 48)(40, 40)
	('SW21', 'SW14'), Operation(50, None, 76)(50, 68)
	('SW14', 'DU4'), Operation(60, 83, 91)(83, 83)
92. Flow F92 [SM2CB-->MIMU3] with period 128000, payload 704B, e2e delay 128000us, jitter 12800us
	('SM2CB', 'SW52'), Operation(121, None, 127)(121, 121)
	('SW52', 'SW42'), Operation(129, None, 153)(129, 147)
	('SW42', 'SW32'), Operation(137, None, 179)(137, 173)
	('SW32', 'SW22'), Operation(145, None, 205)(145, 199)
	('SW22', 'SW13'), Operation(153, None, 231)(153, 225)
	('SW13', 'MIMU3'), Operation(161, None, 257)(161, 251)
93. Flow F93 [CMRIU1-->SM2CA] with period 32000, payload 614B, e2e delay 32000us, jitter 3200us
	('CMRIU1', 'SW21'), Operation(508, None, 513)(508, 508)
	('SW21', 'SW31'), Operation(515, None, 538)(515, 533)
	('SW31', 'SW8'), Operation(522, None, 563)(522, 558)
	('SW8', 'SW52'), Operation(529, None, 588)(529, 583)
	('SW52', 'SM2CA'), Operation(536, None, 613)(536, 608)
94. Flow F94 [BFCU-->SM2CB] with period 128000, payload 1232B, e2e delay 128000us, jitter 12800us
	('BFCU', 'SW22'), Operation(387, None, 397)(387, 387)
	('SW22', 'SW32'), Operation(399, None, 427)(399, 417)
	('SW32', 'SW42'), Operation(411, None, 457)(411, 447)
	('SW42', 'SW52'), Operation(423, None, 487)(423, 477)
	('SW52', 'SM2CB'), Operation(435, None, 517)(435, 507)
95. Flow F95 [SM2CA-->DU5] with period 4000, payload 1443B, e2e delay 4000us, jitter 400us
	('SM2CA', 'SW52'), Operation(437, None, 449)(437, 437)
	('SW52', 'SW8'), Operation(451, 456, 468)(456, 456)
	('SW8', 'SW31'), Operation(470, 475, 487)(475, 475)
	('SW31', 'SW21'), Operation(489, 494, 506)(494, 494)
	('SW21', 'SW14'), Operation(508, None, 538)(508, 526)
	('SW14', 'DU5'), Operation(522, 545, 557)(545, 545)
96. Flow F96 [StarTr1-->SM2CB] with period 128000, payload 152B, e2e delay 128000us, jitter 12800us
	('StarTr1', 'SW13'), Operation(498, None, 500)(498, 498)
	('SW13', 'SW22'), Operation(502, None, 522)(502, 520)
	('SW22', 'SW32'), Operation(506, None, 544)(506, 542)
	('SW32', 'SW42'), Operation(510, None, 566)(510, 564)
	('SW42', 'SW52'), Operation(514, None, 588)(514, 586)
	('SW52', 'SM2CB'), Operation(518, None, 610)(518, 608)
97. Flow F97 [RCM1-->FCM2] with period 4000, payload 227B, e2e delay 4000us, jitter 400us
	('RCM1', 'SW31'), Operation(0, None, 2)(0, 0)
	('SW31', 'SW6'), Operation(4, 9, 11)(9, 9)
	('SW6', 'SW32'), Operation(13, 18, 20)(18, 18)
	('SW32', 'FCM2'), Operation(22, 27, 29)(27, 27)
98. Flow F98 [BFCU-->SMRIU1] with period 8000, payload 116B, e2e delay 8000us, jitter 800us
	('BFCU', 'SW22'), Operation(152, None, 153)(152, 152)
	('SW22', 'SW32'), Operation(155, None, 174)(155, 173)
	('SW32', 'SW6'), Operation(158, None, 195)(158, 194)
	('SW6', 'SMRIU1'), Operation(161, None, 216)(161, 215)
99. Flow F99 [DU2-->RCM1] with period 128000, payload 699B, e2e delay 128000us, jitter 12800us
	('DU2', 'SW11'), Operation(587, None, 593)(587, 587)
	('SW11', 'SW21'), Operation(595, None, 619)(595, 613)
	('SW21', 'SW31'), Operation(603, None, 645)(603, 639)
	('SW31', 'RCM1'), Operation(611, None, 671)(611, 665)
100. Flow F100 [SBAND1-->FCM2] with period 16000, payload 93B, e2e delay 16000us, jitter 1600us
	('SBAND1', 'SW12'), Operation(169, None, 170)(169, 169)
	('SW12', 'SW22'), Operation(172, None, 191)(172, 190)
	('SW22', 'SW32'), Operation(175, None, 212)(175, 211)
	('SW32', 'FCM2'), Operation(178, None, 233)(178, 232)
101. Flow F101 [RCM1-->FCM2] with period 16000, payload 243B, e2e delay 16000us, jitter 1600us
	('RCM1', 'SW31'), Operation(18, None, 20)(18, 18)
	('SW31', 'SW6'), Operation(22, None, 42)(22, 40)
	('SW6', 'SW32'), Operation(26, None, 64)(26, 62)
	('SW32', 'FCM2'), Operation(30, None, 86)(30, 84)
102. Flow F102 [RCM2-->MIMU2] with period 8000, payload 120B, e2e delay 8000us, jitter 800us
	('RCM2', 'SW32'), Operation(226, None, 227)(226, 226)
	('SW32', 'SW22'), Operation(229, None, 248)(229, 247)
	('SW22', 'SW13'), Operation(232, 255, 256)(255, 255)
	('SW13', 'MIMU2'), Operation(258, 263, 264)(263, 263)
103. Flow F103 [StarTr2-->SMRIU2] with period 8000, payload 331B, e2e delay 8000us, jitter 800us
	('StarTr2', 'SW13'), Operation(636, None, 639)(636, 636)
	('SW13', 'SW21'), Operation(641, None, 662)(641, 659)
	('SW21', 'SW31'), Operation(646, 669, 672)(669, 669)
	('SW31', 'SW6'), Operation(674, None, 695)(674, 692)
	('SW6', 'SMRIU2'), Operation(679, None, 718)(679, 715)
104. Flow F104 [CMRIU1-->DU4] with period 16000, payload 403B, e2e delay 16000us, jitter 1600us
	('CMRIU1', 'SW21'), Operation(0, None, 4)(0, 0)
	('SW21', 'SW14'), Operation(6, None, 28)(6, 24)
	('SW14', 'DU4'), Operation(12, None, 52)(12, 48)
105. Flow F105 [SM1CA-->StarTr1] with period 8000, payload 449B, e2e delay 8000us, jitter 800us
	('SM1CA', 'SW51'), Operation(948, None, 952)(948, 948)
	('SW51', 'SW41'), Operation(954, None, 976)(954, 972)
	('SW41', 'SW31'), Operation(960, None, 1000)(960, 996)
	('SW31', 'SW21'), Operation(966, 1007, 1011)(1007, 1007)
	('SW21', 'SW13'), Operation(1013, 1018, 1022)(1018, 1018)
	('SW13', 'StarTr1'), Operation(1024, None, 1046)(1024, 1042)
106. Flow F106 [MIMU3-->RCM2] with period 2000, payload 414B, e2e delay 2000us, jitter 200us
	('MIMU3', 'SW13'), Operation(120, None, 124)(120, 120)
	('SW13', 'SW22'), Operation(126, 131, 135)(131, 131)
	('SW22', 'SW32'), Operation(137, 142, 146)(142, 142)
	('SW32', 'RCM2'), Operation(148, 153, 157)(153, 153)
107. Flow F107 [DU4-->DU1] with period 2000, payload 572B, e2e delay 2000us, jitter 200us
	('DU4', 'SW14'), Operation(192, None, 197)(192, 192)
	('SW14', 'SW21'), Operation(199, 204, 209)(204, 204)
	('SW21', 'SW11'), Operation(211, 216, 221)(216, 216)
	('SW11', 'DU1'), Operation(223, 228, 233)(228, 228)
108. Flow F108 [CM2CA-->SM2CA] with period 16000, payload 1434B, e2e delay 16000us, jitter 1600us
	('CM2CA', 'SW42'), Operation(2, None, 14)(2, 2)
	('SW42', 'SW52'), Operation(16, None, 46)(16, 34)
	('SW52', 'SM2CA'), Operation(30, None, 78)(30, 66)
109. Flow F109 [DU3-->CMRIU1] with period 2000, payload 66B, e2e delay 2000us, jitter 200us
	('DU3', 'SW11'), Operation(210, None, 211)(210, 210)
	('SW11', 'SW21'), Operation(213, 218, 219)(218, 218)
	('SW21', 'CMRIU1'), Operation(221, 226, 227)(226, 226)
110. Flow F110 [SBAND2-->DU3] with period 64000, payload 1507B, e2e delay 64000us, jitter 6400us
	('SBAND2', 'SW12'), Operation(410, None, 423)(410, 410)
	('SW12', 'SW21'), Operation(425, None, 456)(425, 443)
	('SW21', 'SW11'), Operation(440, None, 489)(440, 476)
	('SW11', 'DU3'), Operation(455, None, 522)(455, 509)
111. Flow F111 [CM2CA-->CM1CA] with period 2000, payload 1472B, e2e delay 2000us, jitter 200us
	('CM2CA', 'SW42'), Operation(184, 184, 196)(184, 184)
	('SW42', 'SW32'), Operation(198, 203, 215)(203, 203)
	('SW32', 'SW6'), Operation(217, 222, 234)(222, 222)
	('SW6', 'SW31'), Operation(236, 241, 253)(241, 241)
	('SW31', 'SW41'), Operation(255, 260, 272)(260, 260)
	('SW41', 'CM1CA'), Operation(274, 279, 291)(279, 279)
112. Flow F112 [CMRIU1-->CM2CA] with period 64000, payload 703B, e2e delay 64000us, jitter 6400us
	('CMRIU1', 'SW21'), Operation(543, None, 549)(543, 543)
	('SW21', 'SW7'), Operation(551, None, 575)(551, 569)
	('SW7', 'SW32'), Operation(559, None, 601)(559, 595)
	('SW32', 'SW42'), Operation(567, None, 627)(567, 621)
	('SW42', 'CM2CA'), Operation(575, None, 653)(575, 647)
113. Flow F113 [CM2CB-->RCM1] with period 16000, payload 1240B, e2e delay 16000us, jitter 1600us
	('CM2CB', 'SW42'), Operation(400, None, 410)(400, 400)
	('SW42', 'SW32'), Operation(412, None, 440)(412, 430)
	('SW32', 'SW7'), Operation(424, None, 470)(424, 460)
	('SW7', 'SW31'), Operation(436, None, 500)(436, 490)
	('SW31', 'RCM1'), Operation(448, None, 530)(448, 520)
114. Flow F114 [SBAND1-->SM2CA] with period 128000, payload 199B, e2e delay 128000us, jitter 12800us
	('SBAND1', 'SW12'), Operation(616, None, 618)(616, 616)
	('SW12', 'SW22'), Operation(620, None, 640)(620, 638)
	('SW22', 'SW32'), Operation(624, None, 662)(624, 660)
	('SW32', 'SW42'), Operation(628, None, 684)(628, 682)
	('SW42', 'SW52'), Operation(632, None, 706)(632, 704)
	('SW52', 'SM2CA'), Operation(636, None, 728)(636, 726)
115. Flow F115 [StarTr1-->BFCU] with period 64000, payload 196B, e2e delay 64000us, jitter 6400us
	('StarTr1', 'SW13'), Operation(23, None, 25)(23, 23)
	('SW13', 'SW22'), Operation(27, None, 47)(27, 45)
	('SW22', 'BFCU'), Operation(31, None, 69)(31, 67)
116. Flow F116 [RCM1-->DU4] with period 4000, payload 244B, e2e delay 4000us, jitter 400us
	('RCM1', 'SW31'), Operation(298, None, 300)(298, 298)
	('SW31', 'SW21'), Operation(302, 307, 309)(307, 307)
	('SW21', 'SW14'), Operation(311, None, 331)(311, 329)
	('SW14', 'DU4'), Operation(315, None, 353)(315, 351)
117. Flow F117 [CMRIU1-->SMRIU1] with period 2000, payload 499B, e2e delay 2000us, jitter 200us
	('CMRIU1', 'SW21'), Operation(272, None, 276)(272, 272)
	('SW21', 'SW31'), Operation(278, 283, 287)(283, 283)
	('SW31', 'SW6'), Operation(289, 294, 298)(294, 294)
	('SW6', 'SMRIU1'), Operation(300, 305, 309)(305, 305)
118. Flow F118 [CM1CA-->SMRIU1] with period 64000, payload 781B, e2e delay 64000us, jitter 6400us
	('CM1CA', 'SW41'), Operation(307, None, 314)(307, 307)
	('SW41', 'SW31'), Operation(316, None, 341)(316, 334)
	('SW31', 'SW6'), Operation(325, None, 368)(325, 361)
	('SW6', 'SMRIU1'), Operation(334, None, 395)(334, 388)
119. Flow F119 [SM1CB-->DU3] with period 4000, payload 102B, e2e delay 4000us, jitter 400us
	('SM1CB', 'SW51'), Operation(995, None, 996)(995, 995)
	('SW51', 'SW41'), Operation(998, None, 1017)(998, 1016)
	('SW41', 'SW31'), Operation(1001, 1024, 1025)(1024, 1024)
	('SW31', 'SW21'), Operation(1027, 1032, 1033)(1032, 1032)
	('SW21', 'SW11'), Operation(1035, None, 1054)(1035, 1053)
	('SW11', 'DU3'), Operation(1038, None, 1075)(1038, 1074)
120. Flow F120 [RCM2-->MIMU1] with period 8000, payload 693B, e2e delay 8000us, jitter 800us
	('RCM2', 'SW32'), Operation(348, None, 354)(348, 348)
	('SW32', 'SW22'), Operation(356, None, 380)(356, 374)
	('SW22', 'SW13'), Operation(364, 387, 393)(387, 387)
	('SW13', 'MIMU1'), Operation(395, None, 419)(395, 413)
121. Flow F121 [CM2CA-->MIMU3] with period 4000, payload 999B, e2e delay 4000us, jitter 400us
	('CM2CA', 'SW42'), Operation(224, 224, 232)(224, 224)
	('SW42', 'SW32'), Operation(234, 239, 247)(239, 239)
	('SW32', 'SW22'), Operation(249, 254, 262)(254, 254)
	('SW22', 'SW13'), Operation(264, 269, 277)(269, 269)
	('SW13', 'MIMU3'), Operation(279, 284, 292)(284, 284)
122. Flow F122 [CMRIU1-->SBAND2] with period 2000, payload 1188B, e2e delay 2000us, jitter 200us
	('CMRIU1', 'SW21'), Operation(27, 27, 37)(27, 27)
	('SW21', 'SW12'), Operation(39, 44, 54)(44, 44)
	('SW12', 'SBAND2'), Operation(56, 61, 71)(61, 61)
123. Flow F123 [DU1-->CM1CA] with period 128000, payload 1193B, e2e delay 128000us, jitter 12800us
	('DU1', 'SW11'), Operation(649, None, 659)(649, 649)
	('SW11', 'SW21'), Operation(661, None, 689)(661, 679)
	('SW21', 'SW31'), Operation(673, None, 719)(673, 709)
	('SW31', 'SW41'), Operation(685, None, 749)(685, 739)
	('SW41', 'CM1CA'), Operation(697, None, 779)(697, 769)
124. Flow F124 [RCM1-->StarTr1] with period 64000, payload 1277B, e2e delay 64000us, jitter 6400us
	('RCM1', 'SW31'), Operation(1021, None, 1032)(1021, 1021)
	('SW31', 'SW21'), Operation(1034, None, 1063)(1034, 1052)
	('SW21', 'SW13'), Operation(1047, None, 1094)(1047, 1083)
	('SW13', 'StarTr1'), Operation(1060, None, 1125)(1060, 1114)
125. Flow F125 [SM2CB-->SBAND2] with period 4000, payload 936B, e2e delay 4000us, jitter 400us
	('SM2CB', 'SW52'), Operation(467, None, 475)(467, 467)
	('SW52', 'SW8'), Operation(477, 482, 490)(482, 482)
	('SW8', 'SW31'), Operation(492, 497, 505)(497, 497)
	('SW31', 'SW21'), Operation(507, 512, 520)(512, 512)
	('SW21', 'SW12'), Operation(522, 527, 535)(527, 527)
	('SW12', 'SBAND2'), Operation(537, None, 563)(537, 555)
126. Flow F126 [LCM2-->MIMU3] with period 8000, payload 1468B, e2e delay 8000us, jitter 800us
	('LCM2', 'SW32'), Operation(425, None, 437)(425, 425)
	('SW32', 'SW22'), Operation(439, None, 469)(439, 457)
	('SW22', 'SW13'), Operation(453, None, 501)(453, 489)
	('SW13', 'MIMU3'), Operation(467, None, 533)(467, 521)
127. Flow F127 [DU5-->SBAND2] with period 8000, payload 1071B, e2e delay 8000us, jitter 800us
	('DU5', 'SW14'), Operation(53, None, 62)(53, 53)
	('SW14', 'SW21'), Operation(64, None, 91)(64, 82)
	('SW21', 'SW12'), Operation(75, None, 120)(75, 111)
	('SW12', 'SBAND2'), Operation(86, None, 149)(86, 140)
128. Flow F128 [DU2-->SM1CB] with period 64000, payload 477B, e2e delay 64000us, jitter 6400us
	('DU2', 'SW11'), Operation(732, None, 736)(732, 732)
	('SW11', 'SW21'), Operation(738, None, 760)(738, 756)
	('SW21', 'SW31'), Operation(744, None, 784)(744, 780)
	('SW31', 'SW41'), Operation(750, None, 808)(750, 804)
	('SW41', 'SW51'), Operation(756, None, 832)(756, 828)
	('SW51', 'SM1CB'), Operation(762, None, 856)(762, 852)
129. Flow F129 [CM1CA-->SM2CB] with period 128000, payload 691B, e2e delay 128000us, jitter 12800us
	('CM1CA', 'SW41'), Operation(614, None, 620)(614, 614)
	('SW41', 'SW31'), Operation(622, None, 646)(622, 640)
	('SW31', 'SW8'), Operation(630, None, 672)(630, 666)
	('SW8', 'SW52'), Operation(638, None, 698)(638, 692)
	('SW52', 'SM2CB'), Operation(646, None, 724)(646, 718)
130. Flow F130 [BFCU-->CM1CA] with period 4000, payload 206B, e2e delay 4000us, jitter 400us
	('BFCU', 'SW22'), Operation(37, None, 39)(37, 37)
	('SW22', 'SW7'), Operation(41, 46, 48)(46, 46)
	('SW7', 'SW31'), Operation(50, 55, 57)(55, 55)
	('SW31', 'SW41'), Operation(59, 64, 66)(64, 64)
	('SW41', 'CM1CA'), Operation(68, 73, 75)(73, 73)
131. Flow F131 [SM2CA-->CM2CB] with period 32000, payload 314B, e2e delay 32000us, jitter 3200us
	('SM2CA', 'SW52'), Operation(40, None, 43)(40, 40)
	('SW52', 'SW42'), Operation(45, None, 66)(45, 63)
	('SW42', 'CM2CB'), Operation(50, None, 89)(50, 86)
132. Flow F132 [SMRIU1-->CM1CA] with period 32000, payload 1322B, e2e delay 32000us, jitter 3200us
	('SMRIU1', 'SW6'), Operation(334, None, 345)(334, 334)
	('SW6', 'SW31'), Operation(347, None, 376)(347, 365)
	('SW31', 'SW41'), Operation(360, None, 407)(360, 396)
	('SW41', 'CM1CA'), Operation(373, None, 438)(373, 427)
133. Flow F133 [DU1-->DU2] with period 32000, payload 68B, e2e delay 32000us, jitter 3200us
	('DU1', 'SW11'), Operation(74, None, 75)(74, 74)
	('SW11', 'DU2'), Operation(77, None, 96)(77, 95)
134. Flow F134 [SM2CA-->SM1CB] with period 4000, payload 1363B, e2e delay 4000us, jitter 400us
	('SM2CA', 'SW52'), Operation(44, None, 55)(44, 44)
	('SW52', 'SW8'), Operation(57, 62, 73)(62, 62)
	('SW8', 'SW51'), Operation(75, None, 104)(75, 93)
	('SW51', 'SM1CB'), Operation(88, None, 135)(88, 124)
135. Flow F135 [BFCU-->MIMU3] with period 128000, payload 327B, e2e delay 128000us, jitter 12800us
	('BFCU', 'SW22'), Operation(524, None, 527)(524, 524)
	('SW22', 'SW13'), Operation(529, None, 550)(529, 547)
	('SW13', 'MIMU3'), Operation(534, None, 573)(534, 570)
136. Flow F136 [SM2CB-->StarTr2] with period 64000, payload 1494B, e2e delay 64000us, jitter 6400us
	('SM2CB', 'SW52'), Operation(495, None, 507)(495, 495)
	('SW52', 'SW42'), Operation(509, None, 539)(509, 527)
	('SW42', 'SW32'), Operation(523, None, 571)(523, 559)
	('SW32', 'SW22'), Operation(537, None, 603)(537, 591)
	('SW22', 'SW13'), Operation(551, None, 635)(551, 623)
	('SW13', 'StarTr2'), Operation(565, None, 667)(565, 655)
137. Flow F137 [DU5-->DU4] with period 64000, payload 1027B, e2e delay 64000us, jitter 6400us
	('DU5', 'SW14'), Operation(81, None, 90)(81, 81)
	('SW14', 'DU4'), Operation(92, None, 119)(92, 110)
138. Flow F138 [CMRIU2-->StarTr2] with period 2000, payload 817B, e2e delay 2000us, jitter 200us
	('CMRIU2', 'SW22'), Operation(385, None, 392)(385, 385)
	('SW22', 'SW13'), Operation(394, 399, 406)(399, 399)
	('SW13', 'StarTr2'), Operation(408, 413, 420)(413, 413)
139. Flow F139 [SM1CA-->LCM2] with period 8000, payload 1203B, e2e delay 8000us, jitter 800us
	('SM1CA', 'SW51'), Operation(140, None, 150)(140, 140)
	('SW51', 'SW8'), Operation(152, None, 180)(152, 170)
	('SW8', 'SW32'), Operation(164, None, 210)(164, 200)
	('SW32', 'LCM2'), Operation(176, None, 240)(176, 230)
140. Flow F140 [DU5-->BFCU] with period 16000, payload 1494B, e2e delay 16000us, jitter 1600us
	('DU5', 'SW14'), Operation(63, None, 75)(63, 63)
	('SW14', 'SW22'), Operation(77, None, 107)(77, 95)
	('SW22', 'BFCU'), Operation(91, None, 139)(91, 127)
141. Flow F141 [DU2-->DU1] with period 2000, payload 1069B, e2e delay 2000us, jitter 200us
	('DU2', 'SW11'), Operation(7, None, 16)(7, 7)
	('SW11', 'DU1'), Operation(18, 23, 32)(23, 23)
142. Flow F142 [CM1CB-->BFCU] with period 16000, payload 461B, e2e delay 16000us, jitter 1600us
	('CM1CB', 'SW41'), Operation(233, None, 237)(233, 233)
	('SW41', 'SW31'), Operation(239, None, 261)(239, 257)
	('SW31', 'SW7'), Operation(245, None, 285)(245, 281)
	('SW7', 'SW22'), Operation(251, None, 309)(251, 305)
	('SW22', 'BFCU'), Operation(257, None, 333)(257, 329)
143. Flow F143 [MIMU1-->RCM1] with period 32000, payload 380B, e2e delay 32000us, jitter 3200us
	('MIMU1', 'SW13'), Operation(773, None, 777)(773, 773)
	('SW13', 'SW21'), Operation(779, None, 801)(779, 797)
	('SW21', 'SW31'), Operation(785, None, 825)(785, 821)
	('SW31', 'RCM1'), Operation(791, None, 849)(791, 845)
144. Flow F144 [SBAND2-->FCM2] with period 2000, payload 1241B, e2e delay 2000us, jitter 200us
	('SBAND2', 'SW12'), Operation(238, None, 248)(238, 238)
	('SW12', 'SW22'), Operation(250, 255, 265)(255, 255)
	('SW22', 'SW32'), Operation(267, 272, 282)(272, 272)
	('SW32', 'FCM2'), Operation(284, 289, 299)(289, 289)
145. Flow F145 [SMRIU1-->DU1] with period 8000, payload 629B, e2e delay 8000us, jitter 800us
	('SMRIU1', 'SW6'), Operation(1048, None, 1054)(1048, 1048)
	('SW6', 'SW31'), Operation(1056, None, 1080)(1056, 1074)
	('SW31', 'SW21'), Operation(1064, None, 1106)(1064, 1100)
	('SW21', 'SW11'), Operation(1072, None, 1132)(1072, 1126)
	('SW11', 'DU1'), Operation(1080, None, 1158)(1080, 1152)
146. Flow F146 [RCM2-->FCM2] with period 4000, payload 1467B, e2e delay 4000us, jitter 400us
	('RCM2', 'SW32'), Operation(75, None, 87)(75, 75)
	('SW32', 'FCM2'), Operation(89, 94, 106)(94, 94)
147. Flow F147 [MIMU3-->LCM1] with period 4000, payload 112B, e2e delay 4000us, jitter 400us
	('MIMU3', 'SW13'), Operation(277, None, 278)(277, 277)
	('SW13', 'SW21'), Operation(280, 285, 286)(285, 285)
	('SW21', 'SW31'), Operation(288, 293, 294)(293, 293)
	('SW31', 'LCM1'), Operation(296, 301, 302)(301, 301)
148. Flow F148 [FCM2-->CM2CA] with period 16000, payload 285B, e2e delay 16000us, jitter 1600us
	('FCM2', 'SW32'), Operation(366, None, 369)(366, 366)
	('SW32', 'SW42'), Operation(371, None, 392)(371, 389)
	('SW42', 'CM2CA'), Operation(376, None, 415)(376, 412)
149. Flow F149 [SMRIU2-->CMRIU1] with period 64000, payload 1354B, e2e delay 64000us, jitter 6400us
	('SMRIU2', 'SW6'), Operation(1081, None, 1092)(1081, 1081)
	('SW6', 'SW31'), Operation(1094, None, 1123)(1094, 1112)
	('SW31', 'SW21'), Operation(1107, None, 1154)(1107, 1143)
	('SW21', 'CMRIU1'), Operation(1120, None, 1185)(1120, 1174)
150. Flow F150 [DU4-->RCM2] with period 32000, payload 1110B, e2e delay 32000us, jitter 3200us
	('DU4', 'SW14'), Operation(261, None, 270)(261, 261)
	('SW14', 'SW22'), Operation(272, None, 299)(272, 290)
	('SW22', 'SW32'), Operation(283, None, 328)(283, 319)
	('SW32', 'RCM2'), Operation(294, None, 357)(294, 348)
151. Flow F151 [CM1CB-->StarTr2] with period 4000, payload 551B, e2e delay 4000us, jitter 400us
	('CM1CB', 'SW41'), Operation(1136, None, 1141)(1136, 1136)
	('SW41', 'SW31'), Operation(1143, 1148, 1153)(1148, 1148)
	('SW31', 'SW21'), Operation(1155, 1160, 1165)(1160, 1160)
	('SW21', 'SW13'), Operation(1167, 1172, 1177)(1172, 1172)
	('SW13', 'StarTr2'), Operation(1179, 1184, 1189)(1184, 1184)
152. Flow F152 [LCM1-->CMRIU1] with period 4000, payload 940B, e2e delay 4000us, jitter 400us
	('LCM1', 'SW31'), Operation(300, None, 308)(300, 300)
	('SW31', 'SW21'), Operation(310, 315, 323)(315, 315)
	('SW21', 'CMRIU1'), Operation(325, 330, 338)(330, 330)
153. Flow F153 [CMRIU1-->BFCU] with period 16000, payload 67B, e2e delay 16000us, jitter 1600us
	('CMRIU1', 'SW21'), Operation(180, None, 181)(180, 180)
	('SW21', 'SW11'), Operation(183, None, 202)(183, 201)
	('SW11', 'SW22'), Operation(186, None, 223)(186, 222)
	('SW22', 'BFCU'), Operation(189, None, 244)(189, 243)
154. Flow F154 [StarTr2-->DU3] with period 32000, payload 1279B, e2e delay 32000us, jitter 3200us
	('StarTr2', 'SW13'), Operation(484, None, 495)(484, 484)
	('SW13', 'SW21'), Operation(497, None, 526)(497, 515)
	('SW21', 'SW11'), Operation(510, None, 557)(510, 546)
	('SW11', 'DU3'), Operation(523, None, 588)(523, 577)
155. Flow F155 [SM1CB-->SMRIU2] with period 128000, payload 300B, e2e delay 128000us, jitter 12800us
	('SM1CB', 'SW51'), Operation(354, None, 357)(354, 354)
	('SW51', 'SW41'), Operation(359, None, 380)(359, 377)
	('SW41', 'SW31'), Operation(364, None, 403)(364, 400)
	('SW31', 'SW6'), Operation(369, None, 426)(369, 423)
	('SW6', 'SMRIU2'), Operation(374, None, 449)(374, 446)
156. Flow F156 [SBAND1-->StarTr1] with period 128000, payload 305B, e2e delay 128000us, jitter 12800us
	('SBAND1', 'SW12'), Operation(257, None, 260)(257, 257)
	('SW12', 'SW21'), Operation(262, None, 283)(262, 280)
	('SW21', 'SW13'), Operation(267, None, 306)(267, 303)
	('SW13', 'StarTr1'), Operation(272, None, 329)(272, 326)
157. Flow F157 [DU3-->SBAND2] with period 8000, payload 1266B, e2e delay 8000us, jitter 800us
	('DU3', 'SW11'), Operation(113, None, 124)(113, 113)
	('SW11', 'SW21'), Operation(126, None, 155)(126, 144)
	('SW21', 'SW12'), Operation(139, None, 186)(139, 175)
	('SW12', 'SBAND2'), Operation(152, None, 217)(152, 206)
158. Flow F158 [DU5-->RCM2] with period 128000, payload 148B, e2e delay 128000us, jitter 12800us
	('DU5', 'SW14'), Operation(346, None, 348)(346, 346)
	('SW14', 'SW22'), Operation(350, None, 370)(350, 368)
	('SW22', 'SW32'), Operation(354, None, 392)(354, 390)
	('SW32', 'RCM2'), Operation(358, None, 414)(358, 412)
159. Flow F159 [RCM2-->CM2CA] with period 16000, payload 933B, e2e delay 16000us, jitter 1600us
	('RCM2', 'SW32'), Operation(448, None, 456)(448, 448)
	('SW32', 'SW42'), Operation(458, None, 484)(458, 476)
	('SW42', 'CM2CA'), Operation(468, None, 512)(468, 504)
160. Flow F160 [BFCU-->DU2] with period 4000, payload 198B, e2e delay 4000us, jitter 400us
	('BFCU', 'SW22'), Operation(89, None, 91)(89, 89)
	('SW22', 'SW11'), Operation(93, None, 113)(93, 111)
	('SW11', 'DU2'), Operation(97, None, 135)(97, 133)
161. Flow F161 [DU1-->LCM1] with period 4000, payload 545B, e2e delay 4000us, jitter 400us
	('DU1', 'SW11'), Operation(701, None, 706)(701, 701)
	('SW11', 'SW21'), Operation(708, 713, 718)(713, 713)
	('SW21', 'SW31'), Operation(720, 725, 730)(725, 725)
	('SW31', 'LCM1'), Operation(732, 737, 742)(737, 737)
162. Flow F162 [MIMU2-->FCM2] with period 4000, payload 635B, e2e delay 4000us, jitter 400us
	('MIMU2', 'SW13'), Operation(308, None, 314)(308, 308)
	('SW13', 'SW22'), Operation(316, 321, 327)(321, 321)
	('SW22', 'SW32'), Operation(329, 334, 340)(334, 334)
	('SW32', 'FCM2'), Operation(342, None, 366)(342, 360)
163. Flow F163 [SBAND2-->RCM1] with period 4000, payload 708B, e2e delay 4000us, jitter 400us
	('SBAND2', 'SW12'), Operation(143, None, 149)(143, 143)
	('SW12', 'SW21'), Operation(151, 156, 162)(156, 156)
	('SW21', 'SW31'), Operation(164, 169, 175)(169, 169)
	('SW31', 'RCM1'), Operation(177, None, 201)(177, 195)
164. Flow F164 [RCM1-->CM2CB] with period 64000, payload 799B, e2e delay 64000us, jitter 6400us
	('RCM1', 'SW31'), Operation(337, None, 344)(337, 337)
	('SW31', 'SW8'), Operation(346, None, 371)(346, 364)
	('SW8', 'SW52'), Operation(355, None, 398)(355, 391)
	('SW52', 'SW42'), Operation(364, None, 425)(364, 418)
	('SW42', 'CM2CB'), Operation(373, None, 452)(373, 445)
165. Flow F165 [RCM1-->CM2CA] with period 4000, payload 1217B, e2e delay 4000us, jitter 400us
	('RCM1', 'SW31'), Operation(380, None, 390)(380, 380)
	('SW31', 'SW8'), Operation(392, 397, 407)(397, 397)
	('SW8', 'SW52'), Operation(409, 414, 424)(414, 414)
	('SW52', 'SW42'), Operation(426, 431, 441)(431, 431)
	('SW42', 'CM2CA'), Operation(443, 448, 458)(448, 448)
166. Flow F166 [MIMU3-->CM2CB] with period 32000, payload 368B, e2e delay 32000us, jitter 3200us
	('MIMU3', 'SW13'), Operation(670, None, 673)(670, 670)
	('SW13', 'SW22'), Operation(675, None, 696)(675, 693)
	('SW22', 'SW32'), Operation(680, None, 719)(680, 716)
	('SW32', 'SW42'), Operation(685, None, 742)(685, 739)
	('SW42', 'CM2CB'), Operation(690, None, 765)(690, 762)
167. Flow F167 [DU5-->CM1CA] with period 16000, payload 803B, e2e delay 16000us, jitter 1600us
	('DU5', 'SW14'), Operation(808, None, 815)(808, 808)
	('SW14', 'SW21'), Operation(817, None, 842)(817, 835)
	('SW21', 'SW31'), Operation(826, None, 869)(826, 862)
	('SW31', 'SW41'), Operation(835, None, 896)(835, 889)
	('SW41', 'CM1CA'), Operation(844, None, 923)(844, 916)
168. Flow F168 [StarTr2-->CM1CA] with period 8000, payload 1188B, e2e delay 8000us, jitter 800us
	('StarTr2', 'SW13'), Operation(876, None, 886)(876, 876)
	('SW13', 'SW21'), Operation(888, None, 916)(888, 906)
	('SW21', 'SW31'), Operation(900, None, 946)(900, 936)
	('SW31', 'SW41'), Operation(912, None, 976)(912, 966)
	('SW41', 'CM1CA'), Operation(924, None, 1006)(924, 996)
169. Flow F169 [LCM2-->SM1CA] with period 32000, payload 1138B, e2e delay 32000us, jitter 3200us
	('LCM2', 'SW32'), Operation(368, None, 378)(368, 368)
	('SW32', 'SW8'), Operation(380, None, 408)(380, 398)
	('SW8', 'SW51'), Operation(392, None, 438)(392, 428)
	('SW51', 'SM1CA'), Operation(404, None, 468)(404, 458)
170. Flow F170 [MIMU3-->CM2CB] with period 8000, payload 612B, e2e delay 8000us, jitter 800us
	('MIMU3', 'SW13'), Operation(738, None, 743)(738, 738)
	('SW13', 'SW22'), Operation(745, None, 768)(745, 763)
	('SW22', 'SW32'), Operation(752, None, 793)(752, 788)
	('SW32', 'SW42'), Operation(759, None, 818)(759, 813)
	('SW42', 'CM2CB'), Operation(766, None, 843)(766, 838)
171. Flow F171 [LCM1-->SBAND1] with period 128000, payload 595B, e2e delay 128000us, jitter 12800us
	('LCM1', 'SW31'), Operation(1159, None, 1164)(1159, 1159)
	('SW31', 'SW21'), Operation(1166, None, 1189)(1166, 1184)
	('SW21', 'SW12'), Operation(1173, None, 1214)(1173, 1209)
	('SW12', 'SBAND1'), Operation(1180, None, 1239)(1180, 1234)
172. Flow F172 [FCM2-->DU3] with period 4000, payload 515B, e2e delay 4000us, jitter 400us
	('FCM2', 'SW32'), Operation(374, None, 379)(374, 374)
	('SW32', 'SW22'), Operation(381, None, 404)(381, 399)
	('SW22', 'SW11'), Operation(388, 411, 416)(411, 411)
	('SW11', 'DU3'), Operation(418, None, 441)(418, 436)
173. Flow F173 [FCM2-->SM1CB] with period 64000, payload 871B, e2e delay 64000us, jitter 6400us
	('FCM2', 'SW32'), Operation(169, None, 176)(169, 169)
	('SW32', 'SW8'), Operation(178, None, 203)(178, 196)
	('SW8', 'SW51'), Operation(187, None, 230)(187, 223)
	('SW51', 'SM1CB'), Operation(196, None, 257)(196, 250)
174. Flow F174 [SM1CB-->LCM2] with period 64000, payload 1320B, e2e delay 64000us, jitter 6400us
	('SM1CB', 'SW51'), Operation(202, None, 213)(202, 202)
	('SW51', 'SW8'), Operation(215, None, 244)(215, 233)
	('SW8', 'SW32'), Operation(228, None, 275)(228, 264)
	('SW32', 'LCM2'), Operation(241, None, 306)(241, 295)
175. Flow F175 [RCM1-->DU3] with period 128000, payload 793B, e2e delay 128000us, jitter 12800us
	('RCM1', 'SW31'), Operation(1181, None, 1188)(1181, 1181)
	('SW31', 'SW21'), Operation(1190, None, 1215)(1190, 1208)
	('SW21', 'SW11'), Operation(1199, None, 1242)(1199, 1235)
	('SW11', 'DU3'), Operation(1208, None, 1269)(1208, 1262)
176. Flow F176 [SBAND1-->CMRIU2] with period 2000, payload 952B, e2e delay 2000us, jitter 200us
	('SBAND1', 'SW12'), Operation(87, None, 95)(87, 87)
	('SW12', 'SW22'), Operation(97, 102, 110)(102, 102)
	('SW22', 'CMRIU2'), Operation(112, 117, 125)(117, 117)
177. Flow F177 [FCM1-->FCM2] with period 32000, payload 1178B, e2e delay 32000us, jitter 3200us
	('FCM1', 'SW31'), Operation(415, None, 425)(415, 415)
	('SW31', 'SW6'), Operation(427, None, 455)(427, 445)
	('SW6', 'SW32'), Operation(439, None, 485)(439, 475)
	('SW32', 'FCM2'), Operation(451, None, 515)(451, 505)
178. Flow F178 [SM2CB-->CM2CB] with period 128000, payload 473B, e2e delay 128000us, jitter 12800us
	('SM2CB', 'SW52'), Operation(165, None, 169)(165, 165)
	('SW52', 'SW42'), Operation(171, None, 193)(171, 189)
	('SW42', 'CM2CB'), Operation(177, None, 217)(177, 213)
179. Flow F179 [CM1CA-->DU1] with period 16000, payload 860B, e2e delay 16000us, jitter 1600us
	('CM1CA', 'SW41'), Operation(1216, None, 1223)(1216, 1216)
	('SW41', 'SW31'), Operation(1225, None, 1250)(1225, 1243)
	('SW31', 'SW21'), Operation(1234, None, 1277)(1234, 1270)
	('SW21', 'SW11'), Operation(1243, None, 1304)(1243, 1297)
	('SW11', 'DU1'), Operation(1252, None, 1331)(1252, 1324)
180. Flow F180 [StarTr1-->FCM2] with period 8000, payload 1492B, e2e delay 8000us, jitter 800us
	('StarTr1', 'SW13'), Operation(517, None, 529)(517, 517)
	('SW13', 'SW22'), Operation(531, None, 561)(531, 549)
	('SW22', 'SW32'), Operation(545, None, 593)(545, 581)
	('SW32', 'FCM2'), Operation(559, None, 625)(559, 613)
181. Flow F181 [CMRIU2-->RCM2] with period 16000, payload 98B, e2e delay 16000us, jitter 1600us
	('CMRIU2', 'SW22'), Operation(425, None, 426)(425, 425)
	('SW22', 'SW32'), Operation(428, None, 447)(428, 446)
	('SW32', 'RCM2'), Operation(431, None, 468)(431, 467)
182. Flow F182 [LCM1-->SM1CA] with period 32000, payload 1318B, e2e delay 32000us, jitter 3200us
	('LCM1', 'SW31'), Operation(635, None, 646)(635, 635)
	('SW31', 'SW41'), Operation(648, None, 677)(648, 666)
	('SW41', 'SW51'), Operation(661, None, 708)(661, 697)
	('SW51', 'SM1CA'), Operation(674, None, 739)(674, 728)
183. Flow F183 [SM1CB-->SBAND2] with period 4000, payload 1400B, e2e delay 4000us, jitter 400us
	('SM1CB', 'SW51'), Operation(1164, None, 1176)(1164, 1164)
	('SW51', 'SW41'), Operation(1178, 1183, 1195)(1183, 1183)
	('SW41', 'SW31'), Operation(1197, 1202, 1214)(1202, 1202)
	('SW31', 'SW21'), Operation(1216, 1221, 1233)(1221, 1221)
	('SW21', 'SW12'), Operation(1235, 1240, 1252)(1240, 1240)
	('SW12', 'SBAND2'), Operation(1254, 1259, 1271)(1259, 1259)
184. Flow F184 [DU4-->SMRIU1] with period 32000, payload 1233B, e2e delay 32000us, jitter 3200us
	('DU4', 'SW14'), Operation(923, None, 933)(923, 923)
	('SW14', 'SW21'), Operation(935, None, 963)(935, 953)
	('SW21', 'SW31'), Operation(947, None, 993)(947, 983)
	('SW31', 'SW6'), Operation(959, None, 1023)(959, 1013)
	('SW6', 'SMRIU1'), Operation(971, None, 1053)(971, 1043)
185. Flow F185 [LCM2-->StarTr2] with period 8000, payload 631B, e2e delay 8000us, jitter 800us
	('LCM2', 'SW32'), Operation(691, None, 697)(691, 691)
	('SW32', 'SW22'), Operation(699, None, 723)(699, 717)
	('SW22', 'SW13'), Operation(707, None, 749)(707, 743)
	('SW13', 'StarTr2'), Operation(715, None, 775)(715, 769)
186. Flow F186 [DU3-->LCM2] with period 64000, payload 240B, e2e delay 64000us, jitter 6400us
	('DU3', 'SW11'), Operation(440, None, 442)(440, 440)
	('SW11', 'SW22'), Operation(444, None, 464)(444, 462)
	('SW22', 'SW32'), Operation(448, None, 486)(448, 484)
	('SW32', 'LCM2'), Operation(452, None, 508)(452, 506)
187. Flow F187 [CM2CB-->SMRIU2] with period 4000, payload 201B, e2e delay 4000us, jitter 400us
	('CM2CB', 'SW42'), Operation(19, None, 21)(19, 19)
	('SW42', 'SW32'), Operation(23, 28, 30)(28, 28)
	('SW32', 'SW6'), Operation(32, None, 52)(32, 50)
	('SW6', 'SMRIU2'), Operation(36, 59, 61)(59, 59)
188. Flow F188 [CMRIU1-->LCM1] with period 128000, payload 319B, e2e delay 128000us, jitter 12800us
	('CMRIU1', 'SW21'), Operation(865, None, 868)(865, 865)
	('SW21', 'SW31'), Operation(870, None, 891)(870, 888)
	('SW31', 'LCM1'), Operation(875, None, 914)(875, 911)
189. Flow F189 [SM1CB-->LCM2] with period 4000, payload 890B, e2e delay 4000us, jitter 400us
	('SM1CB', 'SW51'), Operation(267, None, 275)(267, 267)
	('SW51', 'SW8'), Operation(277, 282, 290)(282, 282)
	('SW8', 'SW32'), Operation(292, 297, 305)(297, 297)
	('SW32', 'LCM2'), Operation(307, None, 333)(307, 325)
190. Flow F190 [StarTr1-->CM2CB] with period 4000, payload 1332B, e2e delay 4000us, jitter 400us
	('StarTr1', 'SW13'), Operation(777, None, 788)(777, 777)
	('SW13', 'SW22'), Operation(790, 795, 806)(795, 795)
	('SW22', 'SW32'), Operation(808, 813, 824)(813, 813)
	('SW32', 'SW42'), Operation(826, 831, 842)(831, 831)
	('SW42', 'CM2CB'), Operation(844, 849, 860)(849, 849)
191. Flow F191 [SM2CB-->DU3] with period 128000, payload 644B, e2e delay 128000us, jitter 12800us
	('SM2CB', 'SW52'), Operation(1273, None, 1279)(1273, 1273)
	('SW52', 'SW8'), Operation(1281, None, 1305)(1281, 1299)
	('SW8', 'SW31'), Operation(1289, None, 1331)(1289, 1325)
	('SW31', 'SW21'), Operation(1297, None, 1357)(1297, 1351)
	('SW21', 'SW11'), Operation(1305, None, 1383)(1305, 1377)
	('SW11', 'DU3'), Operation(1313, None, 1409)(1313, 1403)
192. Flow F192 [SMRIU1-->SM2CA] with period 8000, payload 925B, e2e delay 8000us, jitter 800us
	('SMRIU1', 'SW6'), Operation(388, None, 396)(388, 388)
	('SW6', 'SW31'), Operation(398, None, 424)(398, 416)
	('SW31', 'SW8'), Operation(408, 431, 439)(431, 431)
	('SW8', 'SW52'), Operation(441, None, 467)(441, 459)
	('SW52', 'SM2CA'), Operation(451, None, 495)(451, 487)
193. Flow F193 [SMRIU2-->FCM2] with period 64000, payload 709B, e2e delay 64000us, jitter 6400us
	('SMRIU2', 'SW6'), Operation(218, None, 224)(218, 218)
	('SW6', 'SW32'), Operation(226, None, 250)(226, 244)
	('SW32', 'FCM2'), Operation(234, None, 276)(234, 270)
194. Flow F194 [SBAND2-->SM1CA] with period 32000, payload 358B, e2e delay 32000us, jitter 3200us
	('SBAND2', 'SW12'), Operation(984, None, 987)(984, 984)
	('SW12', 'SW21'), Operation(989, None, 1010)(989, 1007)
	('SW21', 'SW31'), Operation(994, None, 1033)(994, 1030)
	('SW31', 'SW41'), Operation(999, None, 1056)(999, 1053)
	('SW41', 'SW51'), Operation(1004, None, 1079)(1004, 1076)
	('SW51', 'SM1CA'), Operation(1009, None, 1102)(1009, 1099)
195. Flow F195 [MIMU1-->DU5] with period 64000, payload 347B, e2e delay 64000us, jitter 6400us
	('MIMU1', 'SW13'), Operation(322, None, 325)(322, 322)
	('SW13', 'SW21'), Operation(327, None, 348)(327, 345)
	('SW21', 'SW14'), Operation(332, None, 371)(332, 368)
	('SW14', 'DU5'), Operation(337, None, 394)(337, 391)
196. Flow F196 [CM2CA-->DU5] with period 16000, payload 707B, e2e delay 16000us, jitter 1600us
	('CM2CA', 'SW42'), Operation(708, None, 714)(708, 708)
	('SW42', 'SW32'), Operation(716, None, 740)(716, 734)
	('SW32', 'SW22'), Operation(724, None, 766)(724, 760)
	('SW22', 'SW14'), Operation(732, None, 792)(732, 786)
	('SW14', 'DU5'), Operation(740, None, 818)(740, 812)
197. Flow F197 [LCM1-->RCM2] with period 128000, payload 701B, e2e delay 128000us, jitter 12800us
	('LCM1', 'SW31'), Operation(134, None, 140)(134, 134)
	('SW31', 'SW6'), Operation(142, None, 166)(142, 160)
	('SW6', 'SW32'), Operation(150, None, 192)(150, 186)
	('SW32', 'RCM2'), Operation(158, None, 218)(158, 212)
198. Flow F198 [SMRIU1-->BFCU] with period 64000, payload 336B, e2e delay 64000us, jitter 6400us
	('SMRIU1', 'SW6'), Operation(481, None, 484)(481, 481)
	('SW6', 'SW32'), Operation(486, None, 507)(486, 504)
	('SW32', 'SW22'), Operation(491, None, 530)(491, 527)
	('SW22', 'BFCU'), Operation(496, None, 553)(496, 550)
199. Flow F199 [MIMU3-->FCM1] with period 2000, payload 928B, e2e delay 2000us, jitter 200us
	('MIMU3', 'SW13'), Operation(1009, None, 1017)(1009, 1009)
	('SW13', 'SW21'), Operation(1019, 1024, 1032)(1024, 1024)
	('SW21', 'SW31'), Operation(1034, 1039, 1047)(1039, 1039)
	('SW31', 'FCM1'), Operation(1049, 1054, 1062)(1054, 1054)
200. Flow F200 [FCM2-->CM1CA] with period 16000, payload 1396B, e2e delay 16000us, jitter 1600us
	('FCM2', 'SW32'), Operation(1096, None, 1108)(1096, 1096)
	('SW32', 'SW6'), Operation(1110, None, 1140)(1110, 1128)
	('SW6', 'SW31'), Operation(1124, None, 1172)(1124, 1160)
	('SW31', 'SW41'), Operation(1138, None, 1204)(1138, 1192)
	('SW41', 'CM1CA'), Operation(1152, None, 1236)(1152, 1224)
201. Flow F201 [BFCU-->DU4] with period 16000, payload 96B, e2e delay 16000us, jitter 1600us
	('BFCU', 'SW22'), Operation(111, None, 112)(111, 111)
	('SW22', 'SW14'), Operation(114, 119, 120)(119, 119)
	('SW14', 'DU4'), Operation(122, None, 141)(122, 140)
202. Flow F202 [SBAND1-->DU5] with period 16000, payload 964B, e2e delay 16000us, jitter 1600us
	('SBAND1', 'SW12'), Operation(365, None, 373)(365, 365)
	('SW12', 'SW21'), Operation(375, None, 401)(375, 393)
	('SW21', 'SW14'), Operation(385, None, 429)(385, 421)
	('SW14', 'DU5'), Operation(395, None, 457)(395, 449)
203. Flow F203 [DU3-->MIMU2] with period 128000, payload 1289B, e2e delay 128000us, jitter 12800us
	('DU3', 'SW11'), Operation(281, None, 292)(281, 281)
	('SW11', 'SW21'), Operation(294, None, 323)(294, 312)
	('SW21', 'SW13'), Operation(307, None, 354)(307, 343)
	('SW13', 'MIMU2'), Operation(320, None, 385)(320, 374)
204. Flow F204 [LCM2-->CM1CB] with period 8000, payload 1209B, e2e delay 8000us, jitter 800us
	('LCM2', 'SW32'), Operation(1169, None, 1179)(1169, 1169)
	('SW32', 'SW6'), Operation(1181, None, 1209)(1181, 1199)
	('SW6', 'SW31'), Operation(1193, None, 1239)(1193, 1229)
	('SW31', 'SW41'), Operation(1205, None, 1269)(1205, 1259)
	('SW41', 'CM1CB'), Operation(1217, None, 1299)(1217, 1289)
205. Flow F205 [SMRIU1-->SBAND1] with period 8000, payload 831B, e2e delay 8000us, jitter 800us
	('SMRIU1', 'SW6'), Operation(1340, None, 1347)(1340, 1340)
	('SW6', 'SW31'), Operation(1349, None, 1374)(1349, 1367)
	('SW31', 'SW21'), Operation(1358, None, 1401)(1358, 1394)
	('SW21', 'SW12'), Operation(1367, None, 1428)(1367, 1421)
	('SW12', 'SBAND1'), Operation(1376, None, 1455)(1376, 1448)
206. Flow F206 [SBAND1-->FCM2] with period 4000, payload 387B, e2e delay 4000us, jitter 400us
	('SBAND1', 'SW12'), Operation(708, None, 712)(708, 708)
	('SW12', 'SW22'), Operation(714, None, 736)(714, 732)
	('SW22', 'SW32'), Operation(720, 743, 747)(743, 743)
	('SW32', 'FCM2'), Operation(749, None, 771)(749, 767)
207. Flow F207 [SBAND1-->DU5] with period 16000, payload 261B, e2e delay 16000us, jitter 1600us
	('SBAND1', 'SW12'), Operation(873, None, 876)(873, 873)
	('SW12', 'SW21'), Operation(878, None, 899)(878, 896)
	('SW21', 'SW14'), Operation(883, None, 922)(883, 919)
	('SW14', 'DU5'), Operation(888, None, 945)(888, 942)
208. Flow F208 [DU5-->StarTr1] with period 2000, payload 706B, e2e delay 2000us, jitter 200us
	('DU5', 'SW14'), Operation(10, None, 16)(10, 10)
	('SW14', 'SW21'), Operation(18, 23, 29)(23, 23)
	('SW21', 'SW13'), Operation(31, 36, 42)(36, 36)
	('SW13', 'StarTr1'), Operation(44, None, 68)(44, 62)
209. Flow F209 [RCM2-->SM1CB] with period 128000, payload 936B, e2e delay 128000us, jitter 12800us
	('RCM2', 'SW32'), Operation(228, None, 236)(228, 228)
	('SW32', 'SW8'), Operation(238, None, 264)(238, 256)
	('SW8', 'SW51'), Operation(248, None, 292)(248, 284)
	('SW51', 'SM1CB'), Operation(258, None, 320)(258, 312)
210. Flow F210 [StarTr2-->CM2CA] with period 32000, payload 339B, e2e delay 32000us, jitter 3200us
	('StarTr2', 'SW13'), Operation(828, None, 831)(828, 828)
	('SW13', 'SW22'), Operation(833, None, 854)(833, 851)
	('SW22', 'SW32'), Operation(838, None, 877)(838, 874)
	('SW32', 'SW42'), Operation(843, None, 900)(843, 897)
	('SW42', 'CM2CA'), Operation(848, 907, 910)(907, 907)
211. Flow F211 [CMRIU1-->RCM2] with period 16000, payload 525B, e2e delay 16000us, jitter 1600us
	('CMRIU1', 'SW21'), Operation(5, None, 10)(5, 5)
	('SW21', 'SW7'), Operation(12, None, 35)(12, 30)
	('SW7', 'SW32'), Operation(19, None, 60)(19, 55)
	('SW32', 'RCM2'), Operation(26, None, 85)(26, 80)
212. Flow F212 [StarTr2-->DU3] with period 4000, payload 722B, e2e delay 4000us, jitter 400us
	('StarTr2', 'SW13'), Operation(211, None, 217)(211, 211)
	('SW13', 'SW21'), Operation(219, 224, 230)(224, 224)
	('SW21', 'SW11'), Operation(232, 237, 243)(237, 237)
	('SW11', 'DU3'), Operation(245, None, 269)(245, 263)
213. Flow F213 [RCM2-->CM1CA] with period 8000, payload 609B, e2e delay 8000us, jitter 800us
	('RCM2', 'SW32'), Operation(1249, None, 1254)(1249, 1249)
	('SW32', 'SW6'), Operation(1256, None, 1279)(1256, 1274)
	('SW6', 'SW31'), Operation(1263, None, 1304)(1263, 1299)
	('SW31', 'SW41'), Operation(1270, None, 1329)(1270, 1324)
	('SW41', 'CM1CA'), Operation(1277, None, 1354)(1277, 1349)
214. Flow F214 [CM1CA-->BFCU] with period 4000, payload 993B, e2e delay 4000us, jitter 400us
	('CM1CA', 'SW41'), Operation(332, None, 340)(332, 332)
	('SW41', 'SW31'), Operation(342, 347, 355)(347, 347)
	('SW31', 'SW7'), Operation(357, None, 383)(357, 375)
	('SW7', 'SW22'), Operation(367, 390, 398)(390, 390)
	('SW22', 'BFCU'), Operation(400, None, 426)(400, 418)
215. Flow F215 [SMRIU2-->DU1] with period 2000, payload 397B, e2e delay 2000us, jitter 200us
	('SMRIU2', 'SW6'), Operation(1390, None, 1394)(1390, 1390)
	('SW6', 'SW31'), Operation(1396, None, 1418)(1396, 1414)
	('SW31', 'SW21'), Operation(1402, 1425, 1429)(1425, 1425)
	('SW21', 'SW11'), Operation(1431, 1436, 1440)(1436, 1436)
	('SW11', 'DU1'), Operation(1442, 1447, 1451)(1447, 1447)
216. Flow F216 [SM1CB-->StarTr1] with period 32000, payload 1275B, e2e delay 32000us, jitter 3200us
	('SM1CB', 'SW51'), Operation(1381, None, 1392)(1381, 1381)
	('SW51', 'SW41'), Operation(1394, 1399, 1410)(1399, 1399)
	('SW41', 'SW31'), Operation(1412, 1417, 1428)(1417, 1417)
	('SW31', 'SW21'), Operation(1430, None, 1459)(1430, 1448)
	('SW21', 'SW13'), Operation(1443, None, 1490)(1443, 1479)
	('SW13', 'StarTr1'), Operation(1456, None, 1521)(1456, 1510)
217. Flow F217 [StarTr1-->CM2CB] with period 16000, payload 97B, e2e delay 16000us, jitter 1600us
	('StarTr1', 'SW13'), Operation(892, None, 893)(892, 892)
	('SW13', 'SW22'), Operation(895, None, 914)(895, 913)
	('SW22', 'SW32'), Operation(898, None, 935)(898, 934)
	('SW32', 'SW42'), Operation(901, None, 956)(901, 955)
	('SW42', 'CM2CB'), Operation(904, None, 977)(904, 976)
218. Flow F218 [DU5-->CM1CA] with period 2000, payload 1358B, e2e delay 2000us, jitter 200us
	('DU5', 'SW14'), Operation(1022, None, 1033)(1022, 1022)
	('SW14', 'SW21'), Operation(1035, None, 1064)(1035, 1053)
	('SW21', 'SW31'), Operation(1048, 1071, 1082)(1071, 1071)
	('SW31', 'SW41'), Operation(1084, None, 1113)(1084, 1102)
	('SW41', 'CM1CA'), Operation(1097, 1120, 1131)(1120, 1120)
219. Flow F219 [DU1-->FCM1] with period 4000, payload 1237B, e2e delay 4000us, jitter 400us
	('DU1', 'SW11'), Operation(1054, None, 1064)(1054, 1054)
	('SW11', 'SW21'), Operation(1066, 1071, 1081)(1071, 1071)
	('SW21', 'SW31'), Operation(1083, 1088, 1098)(1088, 1088)
	('SW31', 'FCM1'), Operation(1100, None, 1128)(1100, 1118)
220. Flow F220 [DU4-->MIMU2] with period 16000, payload 1291B, e2e delay 16000us, jitter 1600us
	('DU4', 'SW14'), Operation(135, None, 146)(135, 135)
	('SW14', 'SW21'), Operation(148, 153, 164)(153, 153)
	('SW21', 'SW13'), Operation(166, None, 195)(166, 184)
	('SW13', 'MIMU2'), Operation(179, None, 226)(179, 215)
221. Flow F221 [SM1CB-->DU1] with period 16000, payload 1460B, e2e delay 16000us, jitter 1600us
	('SM1CB', 'SW51'), Operation(1401, None, 1413)(1401, 1401)
	('SW51', 'SW41'), Operation(1415, None, 1445)(1415, 1433)
	('SW41', 'SW31'), Operation(1429, 1452, 1464)(1452, 1452)
	('SW31', 'SW21'), Operation(1466, None, 1496)(1466, 1484)
	('SW21', 'SW11'), Operation(1480, 1503, 1515)(1503, 1503)
	('SW11', 'DU1'), Operation(1517, None, 1547)(1517, 1535)
222. Flow F222 [SMRIU2-->SM1CA] with period 8000, payload 895B, e2e delay 8000us, jitter 800us
	('SMRIU2', 'SW6'), Operation(415, None, 423)(415, 415)
	('SW6', 'SW31'), Operation(425, 430, 438)(430, 430)
	('SW31', 'SW41'), Operation(440, None, 466)(440, 458)
	('SW41', 'SW51'), Operation(450, 473, 481)(473, 473)
	('SW51', 'SM1CA'), Operation(483, 488, 496)(488, 488)
223. Flow F223 [CM2CB-->CMRIU1] with period 2000, payload 566B, e2e delay 2000us, jitter 200us
	('CM2CB', 'SW42'), Operation(295, None, 300)(295, 295)
	('SW42', 'SW32'), Operation(302, None, 325)(302, 320)
	('SW32', 'SW7'), Operation(309, 332, 337)(332, 332)
	('SW7', 'SW21'), Operation(339, None, 362)(339, 357)
	('SW21', 'CMRIU1'), Operation(346, 369, 374)(369, 369)
224. Flow F224 [DU1-->DU4] with period 8000, payload 468B, e2e delay 8000us, jitter 800us
	('DU1', 'SW11'), Operation(214, None, 218)(214, 214)
	('SW11', 'SW21'), Operation(220, 225, 229)(225, 225)
	('SW21', 'SW14'), Operation(231, None, 253)(231, 249)
	('SW14', 'DU4'), Operation(237, 260, 264)(260, 260)
225. Flow F225 [FCM1-->DU5] with period 64000, payload 954B, e2e delay 64000us, jitter 6400us
	('FCM1', 'SW31'), Operation(1487, None, 1495)(1487, 1487)
	('SW31', 'SW21'), Operation(1497, None, 1523)(1497, 1515)
	('SW21', 'SW14'), Operation(1507, None, 1551)(1507, 1543)
	('SW14', 'DU5'), Operation(1517, 1558, 1566)(1558, 1558)
226. Flow F226 [StarTr2-->CM2CA] with period 64000, payload 1397B, e2e delay 64000us, jitter 6400us
	('StarTr2', 'SW13'), Operation(915, None, 927)(915, 915)
	('SW13', 'SW22'), Operation(929, None, 959)(929, 947)
	('SW22', 'SW32'), Operation(943, None, 991)(943, 979)
	('SW32', 'SW42'), Operation(957, None, 1023)(957, 1011)
	('SW42', 'CM2CA'), Operation(971, 1030, 1042)(1030, 1030)
227. Flow F227 [SM2CA-->CM2CA] with period 8000, payload 770B, e2e delay 8000us, jitter 800us
	('SM2CA', 'SW52'), Operation(58, 58, 65)(58, 58)
	('SW52', 'SW42'), Operation(67, 72, 79)(72, 72)
	('SW42', 'CM2CA'), Operation(81, None, 106)(81, 99)
228. Flow F228 [StarTr1-->CMRIU1] with period 32000, payload 1153B, e2e delay 32000us, jitter 3200us
	('StarTr1', 'SW13'), Operation(219, None, 229)(219, 219)
	('SW13', 'SW21'), Operation(231, None, 259)(231, 249)
	('SW21', 'CMRIU1'), Operation(243, None, 289)(243, 279)
229. Flow F229 [StarTr2-->MIMU3] with period 64000, payload 1179B, e2e delay 64000us, jitter 6400us
	('StarTr2', 'SW13'), Operation(74, None, 84)(74, 74)
	('SW13', 'MIMU3'), Operation(86, None, 114)(86, 104)
230. Flow F230 [CMRIU1-->RCM1] with period 16000, payload 521B, e2e delay 16000us, jitter 1600us
	('CMRIU1', 'SW21'), Operation(724, 724, 729)(724, 724)
	('SW21', 'SW31'), Operation(731, 736, 741)(736, 736)
	('SW31', 'RCM1'), Operation(743, 748, 753)(748, 748)
231. Flow F231 [CM1CB-->DU1] with period 2000, payload 960B, e2e delay 2000us, jitter 200us
	('CM1CB', 'SW41'), Operation(1504, None, 1512)(1504, 1504)
	('SW41', 'SW31'), Operation(1514, None, 1540)(1514, 1532)
	('SW31', 'SW21'), Operation(1524, None, 1568)(1524, 1560)
	('SW21', 'SW11'), Operation(1534, 1575, 1583)(1575, 1575)
	('SW11', 'DU1'), Operation(1585, 1590, 1598)(1590, 1590)
232. Flow F232 [StarTr1-->CMRIU2] with period 2000, payload 907B, e2e delay 2000us, jitter 200us
	('StarTr1', 'SW13'), Operation(101, None, 109)(101, 101)
	('SW13', 'SW22'), Operation(111, 116, 124)(116, 116)
	('SW22', 'CMRIU2'), Operation(126, 131, 139)(131, 131)
233. Flow F233 [RCM2-->CM2CB] with period 16000, payload 519B, e2e delay 16000us, jitter 1600us
	('RCM2', 'SW32'), Operation(478, 478, 483)(478, 478)
	('SW32', 'SW42'), Operation(485, None, 508)(485, 503)
	('SW42', 'CM2CB'), Operation(492, None, 533)(492, 528)
234. Flow F234 [StarTr2-->CM1CA] with period 64000, payload 180B, e2e delay 64000us, jitter 6400us
	('StarTr2', 'SW13'), Operation(1339, None, 1341)(1339, 1339)
	('SW13', 'SW21'), Operation(1343, None, 1363)(1343, 1361)
	('SW21', 'SW31'), Operation(1347, None, 1385)(1347, 1383)
	('SW31', 'SW41'), Operation(1351, None, 1407)(1351, 1405)
	('SW41', 'CM1CA'), Operation(1355, None, 1429)(1355, 1427)
235. Flow F235 [DU3-->DU5] with period 4000, payload 478B, e2e delay 4000us, jitter 400us
	('DU3', 'SW11'), Operation(60, None, 64)(60, 60)
	('SW11', 'SW21'), Operation(66, 71, 75)(71, 71)
	('SW21', 'SW14'), Operation(77, 82, 86)(82, 82)
	('SW14', 'DU5'), Operation(88, 93, 97)(93, 93)
236. Flow F236 [RCM2-->StarTr2] with period 32000, payload 240B, e2e delay 32000us, jitter 3200us
	('RCM2', 'SW32'), Operation(401, None, 403)(401, 401)
	('SW32', 'SW22'), Operation(405, None, 425)(405, 423)
	('SW22', 'SW13'), Operation(409, 432, 434)(432, 432)
	('SW13', 'StarTr2'), Operation(436, None, 456)(436, 454)
237. Flow F237 [LCM2-->SM2CB] with period 64000, payload 525B, e2e delay 64000us, jitter 6400us
	('LCM2', 'SW32'), Operation(1017, None, 1022)(1017, 1017)
	('SW32', 'SW42'), Operation(1024, None, 1047)(1024, 1042)
	('SW42', 'SW52'), Operation(1031, None, 1072)(1031, 1067)
	('SW52', 'SM2CB'), Operation(1038, 1079, 1084)(1079, 1079)
238. Flow F238 [SBAND2-->SMRIU2] with period 4000, payload 954B, e2e delay 4000us, jitter 400us
	('SBAND2', 'SW12'), Operation(1074, None, 1082)(1074, 1074)
	('SW12', 'SW21'), Operation(1084, 1089, 1097)(1089, 1089)
	('SW21', 'SW31'), Operation(1099, 1104, 1112)(1104, 1104)
	('SW31', 'SW6'), Operation(1114, 1119, 1127)(1119, 1119)
	('SW6', 'SMRIU2'), Operation(1129, 1134, 1142)(1134, 1134)
239. Flow F239 [SM1CB-->RCM2] with period 32000, payload 954B, e2e delay 32000us, jitter 3200us
	('SM1CB', 'SW51'), Operation(439, None, 447)(439, 439)
	('SW51', 'SW8'), Operation(449, None, 475)(449, 467)
	('SW8', 'SW32'), Operation(459, None, 503)(459, 495)
	('SW32', 'RCM2'), Operation(469, None, 531)(469, 523)
240. Flow F240 [MIMU3-->StarTr2] with period 32000, payload 884B, e2e delay 32000us, jitter 3200us
	('MIMU3', 'SW13'), Operation(6, None, 14)(6, 6)
	('SW13', 'StarTr2'), Operation(16, 21, 29)(21, 21)
241. Flow F241 [RCM1-->MIMU1] with period 64000, payload 1121B, e2e delay 64000us, jitter 6400us
	('RCM1', 'SW31'), Operation(1558, None, 1567)(1558, 1558)
	('SW31', 'SW21'), Operation(1569, None, 1596)(1569, 1587)
	('SW21', 'SW13'), Operation(1580, None, 1625)(1580, 1616)
	('SW13', 'MIMU1'), Operation(1591, None, 1654)(1591, 1645)
242. Flow F242 [MIMU1-->CM2CA] with period 8000, payload 375B, e2e delay 8000us, jitter 800us
	('MIMU1', 'SW13'), Operation(1028, None, 1031)(1028, 1028)
	('SW13', 'SW22'), Operation(1033, 1038, 1041)(1038, 1038)
	('SW22', 'SW32'), Operation(1043, None, 1064)(1043, 1061)
	('SW32', 'SW42'), Operation(1048, 1071, 1074)(1071, 1071)
	('SW42', 'CM2CA'), Operation(1076, 1081, 1084)(1081, 1081)
243. Flow F243 [RCM2-->DU5] with period 16000, payload 1082B, e2e delay 16000us, jitter 1600us
	('RCM2', 'SW32'), Operation(786, 786, 795)(786, 786)
	('SW32', 'SW22'), Operation(797, None, 824)(797, 815)
	('SW22', 'SW14'), Operation(808, None, 853)(808, 844)
	('SW14', 'DU5'), Operation(819, 860, 869)(860, 860)
244. Flow F244 [CMRIU1-->SM2CA] with period 32000, payload 1196B, e2e delay 32000us, jitter 3200us
	('CMRIU1', 'SW21'), Operation(1101, None, 1111)(1101, 1101)
	('SW21', 'SW31'), Operation(1113, None, 1141)(1113, 1131)
	('SW31', 'SW8'), Operation(1125, None, 1171)(1125, 1161)
	('SW8', 'SW52'), Operation(1137, 1178, 1188)(1178, 1178)
	('SW52', 'SM2CA'), Operation(1190, None, 1218)(1190, 1208)
245. Flow F245 [DU4-->SM1CB] with period 64000, payload 1291B, e2e delay 64000us, jitter 6400us
	('DU4', 'SW14'), Operation(1369, None, 1380)(1369, 1369)
	('SW14', 'SW21'), Operation(1382, None, 1411)(1382, 1400)
	('SW21', 'SW31'), Operation(1395, None, 1442)(1395, 1431)
	('SW31', 'SW41'), Operation(1408, None, 1473)(1408, 1462)
	('SW41', 'SW51'), Operation(1421, None, 1504)(1421, 1493)
	('SW51', 'SM1CB'), Operation(1434, None, 1535)(1434, 1524)
246. Flow F246 [RCM1-->FCM2] with period 8000, payload 1283B, e2e delay 8000us, jitter 800us
	('RCM1', 'SW31'), Operation(251, None, 262)(251, 251)
	('SW31', 'SW6'), Operation(264, 269, 280)(269, 269)
	('SW6', 'SW32'), Operation(282, 287, 298)(287, 287)
	('SW32', 'FCM2'), Operation(300, 305, 316)(305, 305)
247. Flow F247 [SBAND1-->StarTr2] with period 4000, payload 99B, e2e delay 4000us, jitter 400us
	('SBAND1', 'SW12'), Operation(67, None, 68)(67, 67)
	('SW12', 'SW21'), Operation(70, 75, 76)(75, 75)
	('SW21', 'SW13'), Operation(78, 83, 84)(83, 83)
	('SW13', 'StarTr2'), Operation(86, 91, 92)(91, 91)
248. Flow F248 [MIMU1-->SBAND2] with period 32000, payload 1289B, e2e delay 32000us, jitter 3200us
	('MIMU1', 'SW13'), Operation(169, None, 180)(169, 169)
	('SW13', 'SW21'), Operation(182, 187, 198)(187, 187)
	('SW21', 'SW12'), Operation(200, 205, 216)(205, 205)
	('SW12', 'SBAND2'), Operation(218, None, 247)(218, 236)
249. Flow F249 [DU4-->RCM1] with period 32000, payload 611B, e2e delay 32000us, jitter 3200us
	('DU4', 'SW14'), Operation(1128, None, 1133)(1128, 1128)
	('SW14', 'SW21'), Operation(1135, None, 1158)(1135, 1153)
	('SW21', 'SW31'), Operation(1142, None, 1183)(1142, 1178)
	('SW31', 'RCM1'), Operation(1149, None, 1208)(1149, 1203)
