0. Flow F0 [E4-->E2] with period 4000, payload 1011B, e2e delay 4000us, jitter 400us
	('E4', 'S4'), Operation(663, None, 672)(663, 663)
	('S4', 'S3'), Operation(674, None, 701)(674, 692)
	('S3', 'S2'), Operation(685, 708, 717)(708, 708)
	('S2', 'E2'), Operation(719, 724, 733)(724, 724)
1. Flow F1 [E4-->E1] with period 2000, payload 348B, e2e delay 2000us, jitter 200us
	('E4', 'S4'), Operation(863, None, 866)(863, 863)
	('S4', 'S3'), Operation(868, None, 889)(868, 886)
	('S3', 'S2'), Operation(873, None, 912)(873, 909)
	('S2', 'S1'), Operation(878, 919, 922)(919, 919)
	('S1', 'E1'), Operation(924, None, 945)(924, 942)
2. Flow F2 [E1-->E5] with period 2000, payload 301B, e2e delay 2000us, jitter 200us
	('E1', 'S1'), Operation(434, None, 437)(434, 434)
	('S1', 'S2'), Operation(439, 444, 447)(444, 444)
	('S2', 'S3'), Operation(449, 454, 457)(454, 454)
	('S3', 'S4'), Operation(459, None, 480)(459, 477)
	('S4', 'S5'), Operation(464, None, 503)(464, 500)
	('S5', 'E5'), Operation(469, None, 526)(469, 523)
3. Flow F3 [E3-->E2] with period 128000, payload 1371B, e2e delay 128000us, jitter 12800us
	('E3', 'S3'), Operation(35900, None, 35911)(35900, 35900)
	('S3', 'S2'), Operation(35913, None, 35942)(35913, 35931)
	('S2', 'E2'), Operation(35926, 35949, 35960)(35949, 35949)
4. Flow F4 [E4-->E2] with period 64000, payload 341B, e2e delay 64000us, jitter 6400us
	('E4', 'S4'), Operation(56823, None, 56826)(56823, 56823)
	('S4', 'S3'), Operation(56828, None, 56849)(56828, 56846)
	('S3', 'S2'), Operation(56833, None, 56872)(56833, 56869)
	('S2', 'E2'), Operation(56838, 56879, 56882)(56879, 56879)
5. Flow F5 [E1-->E2] with period 4000, payload 1171B, e2e delay 4000us, jitter 400us
	('E1', 'S1'), Operation(2544, None, 2554)(2544, 2544)
	('S1', 'S2'), Operation(2556, 2561, 2571)(2561, 2561)
	('S2', 'E2'), Operation(2573, None, 2601)(2573, 2591)
6. Flow F6 [E3-->E1] with period 8000, payload 242B, e2e delay 8000us, jitter 800us
	('E3', 'S3'), Operation(2193, None, 2195)(2193, 2193)
	('S3', 'S2'), Operation(2197, 2202, 2204)(2202, 2202)
	('S2', 'S1'), Operation(2206, 2211, 2213)(2211, 2211)
	('S1', 'E1'), Operation(2215, None, 2235)(2215, 2233)
7. Flow F7 [E1-->E5] with period 32000, payload 845B, e2e delay 32000us, jitter 3200us
	('E1', 'S1'), Operation(8081, None, 8088)(8081, 8081)
	('S1', 'S2'), Operation(8090, None, 8115)(8090, 8108)
	('S2', 'S3'), Operation(8099, 8122, 8129)(8122, 8122)
	('S3', 'S4'), Operation(8131, 8136, 8143)(8136, 8136)
	('S4', 'S5'), Operation(8145, None, 8170)(8145, 8163)
	('S5', 'E5'), Operation(8154, None, 8197)(8154, 8190)
8. Flow F8 [E4-->E2] with period 128000, payload 595B, e2e delay 128000us, jitter 12800us
	('E4', 'S4'), Operation(126617, None, 126622)(126617, 126617)
	('S4', 'S3'), Operation(126624, 126629, 126634)(126629, 126629)
	('S3', 'S2'), Operation(126636, None, 126659)(126636, 126654)
	('S2', 'E2'), Operation(126643, 126666, 126671)(126666, 126666)
9. Flow F9 [E1-->E5] with period 32000, payload 685B, e2e delay 32000us, jitter 3200us
	('E1', 'S1'), Operation(8464, None, 8470)(8464, 8464)
	('S1', 'S2'), Operation(8472, None, 8496)(8472, 8490)
	('S2', 'S3'), Operation(8480, 8503, 8509)(8503, 8503)
	('S3', 'S4'), Operation(8511, None, 8535)(8511, 8529)
	('S4', 'S5'), Operation(8519, None, 8561)(8519, 8555)
	('S5', 'E5'), Operation(8527, None, 8587)(8527, 8581)
10. Flow F10 [E2-->E1] with period 8000, payload 1389B, e2e delay 8000us, jitter 800us
	('E2', 'S2'), Operation(2221, None, 2233)(2221, 2221)
	('S2', 'S1'), Operation(2235, None, 2265)(2235, 2253)
	('S1', 'E1'), Operation(2249, 2272, 2284)(2272, 2272)
11. Flow F11 [E4-->E3] with period 8000, payload 1505B, e2e delay 8000us, jitter 800us
	('E4', 'S4'), Operation(794, None, 807)(794, 794)
	('S4', 'S3'), Operation(809, 814, 827)(814, 814)
	('S3', 'E3'), Operation(829, None, 860)(829, 847)
12. Flow F12 [E1-->E5] with period 2000, payload 925B, e2e delay 2000us, jitter 200us
	('E1', 'S1'), Operation(36, None, 44)(36, 36)
	('S1', 'S2'), Operation(46, 51, 59)(51, 51)
	('S2', 'S3'), Operation(61, None, 87)(61, 79)
	('S3', 'S4'), Operation(71, 94, 102)(94, 94)
	('S4', 'S5'), Operation(104, 109, 117)(109, 109)
	('S5', 'E5'), Operation(119, None, 145)(119, 137)
13. Flow F13 [E1-->E5] with period 8000, payload 534B, e2e delay 8000us, jitter 800us
	('E1', 'S1'), Operation(1, None, 6)(1, 1)
	('S1', 'S2'), Operation(8, None, 31)(8, 26)
	('S2', 'S3'), Operation(15, 38, 43)(38, 38)
	('S3', 'S4'), Operation(45, None, 68)(45, 63)
	('S4', 'S5'), Operation(52, None, 93)(52, 88)
	('S5', 'E5'), Operation(59, None, 118)(59, 113)
14. Flow F14 [E4-->E3] with period 2000, payload 986B, e2e delay 2000us, jitter 200us
	('E4', 'S4'), Operation(692, 692, 700)(692, 692)
	('S4', 'S3'), Operation(702, None, 728)(702, 720)
	('S3', 'E3'), Operation(712, None, 756)(712, 748)
15. Flow F15 [E2-->E3] with period 2000, payload 787B, e2e delay 2000us, jitter 200us
	('E2', 'S2'), Operation(780, None, 787)(780, 780)
	('S2', 'S3'), Operation(789, None, 814)(789, 807)
	('S3', 'E3'), Operation(798, 821, 828)(821, 821)
16. Flow F16 [E2-->E1] with period 2000, payload 1117B, e2e delay 2000us, jitter 200us
	('E2', 'S2'), Operation(1, None, 10)(1, 1)
	('S2', 'S1'), Operation(12, 17, 26)(17, 17)
	('S1', 'E1'), Operation(28, None, 55)(28, 46)
17. Flow F17 [E2-->E4] with period 64000, payload 1329B, e2e delay 64000us, jitter 6400us
	('E2', 'S2'), Operation(6385, None, 6396)(6385, 6385)
	('S2', 'S3'), Operation(6398, None, 6427)(6398, 6416)
	('S3', 'S4'), Operation(6411, None, 6458)(6411, 6447)
	('S4', 'E4'), Operation(6424, None, 6489)(6424, 6478)
18. Flow F18 [E1-->E5] with period 128000, payload 681B, e2e delay 128000us, jitter 12800us
	('E1', 'S1'), Operation(126277, None, 126283)(126277, 126277)
	('S1', 'S2'), Operation(126285, None, 126309)(126285, 126303)
	('S2', 'S3'), Operation(126293, 126316, 126322)(126316, 126316)
	('S3', 'S4'), Operation(126324, None, 126348)(126324, 126342)
	('S4', 'S5'), Operation(126332, None, 126374)(126332, 126368)
	('S5', 'E5'), Operation(126340, None, 126400)(126340, 126394)
19. Flow F19 [E1-->E3] with period 4000, payload 429B, e2e delay 4000us, jitter 400us
	('E1', 'S1'), Operation(2240, None, 2244)(2240, 2240)
	('S1', 'S2'), Operation(2246, None, 2268)(2246, 2264)
	('S2', 'S3'), Operation(2252, None, 2292)(2252, 2288)
	('S3', 'E3'), Operation(2258, None, 2316)(2258, 2312)
20. Flow F20 [E4-->E1] with period 4000, payload 150B, e2e delay 4000us, jitter 400us
	('E4', 'S4'), Operation(2264, None, 2266)(2264, 2264)
	('S4', 'S3'), Operation(2268, 2273, 2275)(2273, 2273)
	('S3', 'S2'), Operation(2277, None, 2297)(2277, 2295)
	('S2', 'S1'), Operation(2281, None, 2319)(2281, 2317)
	('S1', 'E1'), Operation(2285, None, 2341)(2285, 2339)
21. Flow F21 [E3-->E5] with period 4000, payload 1185B, e2e delay 4000us, jitter 400us
	('E3', 'S3'), Operation(3912, None, 3922)(3912, 3912)
	('S3', 'S4'), Operation(3924, None, 3952)(3924, 3942)
	('S4', 'S5'), Operation(3936, 3959, 3969)(3959, 3959)
	('S5', 'E5'), Operation(3971, None, 3999)(3971, 3989)
22. Flow F22 [E5-->E2] with period 128000, payload 824B, e2e delay 128000us, jitter 12800us
	('E5', 'S5'), Operation(24872, None, 24879)(24872, 24872)
	('S5', 'S4'), Operation(24881, None, 24906)(24881, 24899)
	('S4', 'S3'), Operation(24890, 24913, 24920)(24913, 24913)
	('S3', 'S2'), Operation(24922, None, 24947)(24922, 24940)
	('S2', 'E2'), Operation(24931, None, 24974)(24931, 24967)
23. Flow F23 [E3-->E1] with period 128000, payload 1351B, e2e delay 128000us, jitter 12800us
	('E3', 'S3'), Operation(126531, None, 126542)(126531, 126531)
	('S3', 'S2'), Operation(126544, None, 126573)(126544, 126562)
	('S2', 'S1'), Operation(126557, None, 126604)(126557, 126593)
	('S1', 'E1'), Operation(126570, None, 126635)(126570, 126624)
24. Flow F24 [E1-->E4] with period 8000, payload 590B, e2e delay 8000us, jitter 800us
	('E1', 'S1'), Operation(6091, None, 6096)(6091, 6091)
	('S1', 'S2'), Operation(6098, 6103, 6108)(6103, 6103)
	('S2', 'S3'), Operation(6110, None, 6133)(6110, 6128)
	('S3', 'S4'), Operation(6117, None, 6158)(6117, 6153)
	('S4', 'E4'), Operation(6124, None, 6183)(6124, 6178)
25. Flow F25 [E1-->E3] with period 32000, payload 1338B, e2e delay 32000us, jitter 3200us
	('E1', 'S1'), Operation(2526, None, 2537)(2526, 2526)
	('S1', 'S2'), Operation(2539, 2544, 2555)(2544, 2544)
	('S2', 'S3'), Operation(2557, 2562, 2573)(2562, 2562)
	('S3', 'E3'), Operation(2575, None, 2604)(2575, 2593)
26. Flow F26 [E3-->E2] with period 128000, payload 417B, e2e delay 128000us, jitter 12800us
	('E3', 'S3'), Operation(126590, None, 126594)(126590, 126590)
	('S3', 'S2'), Operation(126596, None, 126618)(126596, 126614)
	('S2', 'E2'), Operation(126602, None, 126642)(126602, 126638)
27. Flow F27 [E3-->E5] with period 128000, payload 181B, e2e delay 128000us, jitter 12800us
	('E3', 'S3'), Operation(122205, None, 122207)(122205, 122205)
	('S3', 'S4'), Operation(122209, 122214, 122216)(122214, 122214)
	('S4', 'S5'), Operation(122218, None, 122238)(122218, 122236)
	('S5', 'E5'), Operation(122222, None, 122260)(122222, 122258)
28. Flow F28 [E3-->E5] with period 128000, payload 1428B, e2e delay 128000us, jitter 12800us
	('E3', 'S3'), Operation(106180, None, 106192)(106180, 106180)
	('S3', 'S4'), Operation(106194, None, 106224)(106194, 106212)
	('S4', 'S5'), Operation(106208, None, 106256)(106208, 106244)
	('S5', 'E5'), Operation(106222, None, 106288)(106222, 106276)
29. Flow F29 [E5-->E2] with period 4000, payload 726B, e2e delay 4000us, jitter 400us
	('E5', 'S5'), Operation(2424, None, 2430)(2424, 2424)
	('S5', 'S4'), Operation(2432, None, 2456)(2432, 2450)
	('S4', 'S3'), Operation(2440, 2463, 2469)(2463, 2463)
	('S3', 'S2'), Operation(2471, 2476, 2482)(2476, 2476)
	('S2', 'E2'), Operation(2484, None, 2508)(2484, 2502)
30. Flow F30 [E1-->E5] with period 4000, payload 603B, e2e delay 4000us, jitter 400us
	('E1', 'S1'), Operation(2746, None, 2751)(2746, 2746)
	('S1', 'S2'), Operation(2753, None, 2776)(2753, 2771)
	('S2', 'S3'), Operation(2760, 2783, 2788)(2783, 2783)
	('S3', 'S4'), Operation(2790, 2795, 2800)(2795, 2795)
	('S4', 'S5'), Operation(2802, None, 2825)(2802, 2820)
	('S5', 'E5'), Operation(2809, None, 2850)(2809, 2845)
31. Flow F31 [E2-->E5] with period 64000, payload 1371B, e2e delay 64000us, jitter 6400us
	('E2', 'S2'), Operation(58209, None, 58220)(58209, 58209)
	('S2', 'S3'), Operation(58222, None, 58251)(58222, 58240)
	('S3', 'S4'), Operation(58235, None, 58282)(58235, 58271)
	('S4', 'S5'), Operation(58248, None, 58313)(58248, 58302)
	('S5', 'E5'), Operation(58261, None, 58344)(58261, 58333)
32. Flow F32 [E4-->E3] with period 128000, payload 411B, e2e delay 128000us, jitter 12800us
	('E4', 'S4'), Operation(116745, None, 116749)(116745, 116745)
	('S4', 'S3'), Operation(116751, None, 116773)(116751, 116769)
	('S3', 'E3'), Operation(116757, None, 116797)(116757, 116793)
33. Flow F33 [E3-->E4] with period 32000, payload 474B, e2e delay 32000us, jitter 3200us
	('E3', 'S3'), Operation(30097, None, 30101)(30097, 30097)
	('S3', 'S4'), Operation(30103, 30108, 30112)(30108, 30108)
	('S4', 'E4'), Operation(30114, 30119, 30123)(30119, 30119)
34. Flow F34 [E1-->E2] with period 8000, payload 572B, e2e delay 8000us, jitter 800us
	('E1', 'S1'), Operation(2441, None, 2446)(2441, 2441)
	('S1', 'S2'), Operation(2448, 2453, 2458)(2453, 2453)
	('S2', 'E2'), Operation(2460, None, 2483)(2460, 2478)
35. Flow F35 [E2-->E1] with period 64000, payload 321B, e2e delay 64000us, jitter 6400us
	('E2', 'S2'), Operation(62533, None, 62536)(62533, 62533)
	('S2', 'S1'), Operation(62538, 62543, 62546)(62543, 62543)
	('S1', 'E1'), Operation(62548, None, 62569)(62548, 62566)
36. Flow F36 [E3-->E5] with period 2000, payload 1194B, e2e delay 2000us, jitter 200us
	('E3', 'S3'), Operation(147, None, 157)(147, 147)
	('S3', 'S4'), Operation(159, None, 187)(159, 177)
	('S4', 'S5'), Operation(171, 194, 204)(194, 194)
	('S5', 'E5'), Operation(206, 211, 221)(211, 211)
37. Flow F37 [E5-->E3] with period 128000, payload 1194B, e2e delay 128000us, jitter 12800us
	('E5', 'S5'), Operation(126611, None, 126621)(126611, 126611)
	('S5', 'S4'), Operation(126623, None, 126651)(126623, 126641)
	('S4', 'S3'), Operation(126635, None, 126681)(126635, 126671)
	('S3', 'E3'), Operation(126647, None, 126711)(126647, 126701)
38. Flow F38 [E3-->E5] with period 4000, payload 504B, e2e delay 4000us, jitter 400us
	('E3', 'S3'), Operation(2380, None, 2385)(2380, 2380)
	('S3', 'S4'), Operation(2387, None, 2410)(2387, 2405)
	('S4', 'S5'), Operation(2394, None, 2435)(2394, 2430)
	('S5', 'E5'), Operation(2401, None, 2460)(2401, 2455)
39. Flow F39 [E4-->E2] with period 8000, payload 1057B, e2e delay 8000us, jitter 800us
	('E4', 'S4'), Operation(6476, None, 6485)(6476, 6476)
	('S4', 'S3'), Operation(6487, None, 6514)(6487, 6505)
	('S3', 'S2'), Operation(6498, None, 6543)(6498, 6534)
	('S2', 'E2'), Operation(6509, None, 6572)(6509, 6563)

SMT variables: 
	F14_('S3', 'E3')_rr: 0
	F1_('E4', 'S4')_t3_max: 850
	F32_jitter: 36
	F20_('S2', 'S1')_t4_min: 2281
	F36_('E3', 'S3')_gc: False
	('S4', 'S3')_gcl_cycle: 128000
	F7_queue_index: 0
	F9_('S2', 'S3')_t3_min: 8480
	F19_('S1', 'S2')_tb: 2246
	F31_('S2', 'S3')_gc: False
	F18_('S3', 'S4')_t3_max: 126329
	F12_('E1', 'S1')_rr: 0
	F2_('S1', 'S2')_t4_min: 444
	F12_('S1', 'S2')_rr: 16
	F9_('S4', 'S5')_gc: False
	F12_('E1', 'S1')_t5_max: 44
	F2_('E1', 'S1')_tb: 434
	F1_('S3', 'S2')_t3_min: 873
	F9_('S2', 'S3')_t4_min: 8503
	F19_('S2', 'S3')_t4_max: 2288
	F38_('S4', 'S5')_t4_min: 2394
	F7_('S3', 'S4')_rr: 4
	F22_queue_index: 0
	F37_('S3', 'E3')_gc: False
	F0_('S4', 'S3')_t4_max: 692
	F38_('E3', 'S3')_t4_max: 2380
	F29_('S5', 'S4')_gc: False
	F2_('E1', 'S1')_rr: 0
	F5_('S1', 'S2')_t4_min: 2561
	F25_('S2', 'S3')_t4_min: 2562
	F14_('E4', 'S4')_t3_max: 692
	F5_('E1', 'S1')_t3_max: 2531
	F1_('S2', 'S1')_t4_max: 919
	F9_('S5', 'E5')_rr: 0
	F37_('S3', 'E3')_t4_max: 126701
	F21_('E3', 'S3')_t3_max: 3899
	F29_('S4', 'S3')_t4_max: 2463
	F28_('S5', 'E5')_rr: 0
	F9_('S1', 'S2')_t4_min: 8472
	F12_('S3', 'S4')_gc: True
	F6_('S3', 'S2')_rr: 1
	F13_jitter: 54
	F1_jitter: 18
	F13_('S3', 'S4')_t4_min: 45
	F12_('S3', 'S4')_t4_min: 94
	F22_('E5', 'S5')_t5_min: 24879
	F23_('S1', 'E1')_t4_min: 126570
	F15_jitter: 0
	F24_('E1', 'S1')_t5_min: 6096
	F7_('S3', 'S4')_t3_max: 8136
	F26_('S2', 'E2')_t4_min: 126602
	F24_('S3', 'S4')_gc: False
	F29_('E5', 'S5')_gc: False
	F8_('S3', 'S2')_t3_min: 126636
	F2_('E1', 'S1')_t5_min: 437
	F6_queue_index: 0
	F37_('S5', 'S4')_rr: 0
	F24_('S4', 'E4')_t4_min: 6124
	F27_('E3', 'S3')_gc: False
	F22_('E5', 'S5')_t3_max: 24859
	F28_('E3', 'S3')_gc: False
	F37_('E5', 'S5')_t3_max: 126598
	('E2', 'S2')_gcl_cycle: 1
	F22_('S5', 'S4')_tb: 24881
	('S2', 'E2')_gcl_cycle: 128000
	F16_('E2', 'S2')_gc: False
	F1_('S1', 'E1')_rr: 0
	F24_('E1', 'S1')_rr: 0
	F29_('S5', 'S4')_t4_min: 2432
	F30_('S2', 'S3')_t4_max: 2783
	F21_('E3', 'S3')_tb: 3912
	F27_('S4', 'S5')_t5_max: 122238
	F35_('S1', 'E1')_gc: False
	F6_('E3', 'S3')_t3_max: 2180
	F34_('S1', 'S2')_tb: 2453
	F9_('S2', 'S3')_rr: 4
	F25_('S2', 'S3')_t5_min: 2573
	F19_('S3', 'E3')_t5_max: 2316
	F34_('S2', 'E2')_t4_max: 2478
	F39_('S2', 'E2')_rr: 0
	('S3', 'E3')_gcl_cycle: 2000
	F24_('S3', 'S4')_t4_min: 6117
	F20_('S4', 'S3')_t5_max: 2275
	F17_('S3', 'S4')_rr: 0
	F13_('S1', 'S2')_t4_min: 8
	F15_('E2', 'S2')_t3_max: 767
	F36_('E3', 'S3')_t3_max: 134
	F26_('S2', 'E2')_t5_max: 126642
	F30_('S1', 'S2')_t4_max: 2771
	F24_('S2', 'S3')_gc: False
	F36_('E3', 'S3')_tb: 147
	F18_('S1', 'S2')_t4_max: 126303
	F22_('S3', 'S2')_gc: False
	F8_('S3', 'S2')_gc: False
	F22_('S5', 'S4')_t4_min: 24881
	F1_('S2', 'S1')_rr: 32
	F24_('S2', 'S3')_rr: 0
	F28_jitter: 54
	F37_('S4', 'S3')_t4_min: 126635
	F8_('S3', 'S2')_rr: 0
	F18_('S3', 'S4')_rr: 0
	F13_('S4', 'S5')_rr: 0
	F9_('S4', 'S5')_t4_min: 8519
	F38_('S4', 'S5')_gc: False
	F8_('E4', 'S4')_gc: False
	F13_('S4', 'S5')_t4_max: 88
	F13_('E1', 'S1')_gc: False
	F30_('S4', 'S5')_t3_max: 2807
	F30_('S3', 'S4')_rr: 32
	F29_('S2', 'E2')_t4_min: 2484
	F11_('S4', 'S3')_t4_min: 814
	F39_('E4', 'S4')_rr: 0
	F3_('E3', 'S3')_t3_max: 35887
	F33_('E3', 'S3')_t3_max: 30084
	F5_('S1', 'S2')_gc: True
	F16_('S2', 'S1')_tb: 17
	F39_('S2', 'E2')_gc: False
	F12_('S3', 'S4')_t3_min: 71
	F22_('S4', 'S3')_rr: 1
	F27_('E3', 'S3')_rr: 0
	F38_('S3', 'S4')_rr: 0
	F23_('S2', 'S1')_gc: False
	F28_('S3', 'S4')_t4_min: 106194
	F39_('E4', 'S4')_gc: False
	F4_('S2', 'E2')_t3_max: 56879
	F37_('S4', 'S3')_gc: False
	F18_('S2', 'S3')_t5_min: 126322
	F17_('S4', 'E4')_t3_max: 6465
	F28_('S5', 'E5')_t5_max: 106288
	F12_('S1', 'S2')_t4_max: 51
	F19_('S1', 'S2')_t4_max: 2264
	F33_('S4', 'E4')_rr: 1
	F31_('S4', 'S5')_t4_min: 58248
	F32_('S3', 'E3')_gc: False
	F6_('S2', 'S1')_t3_min: 2206
	F38_queue_index: 0
	F22_('E5', 'S5')_gc: False
	F10_('E2', 'S2')_t3_max: 2208
	F23_queue_index: 0
	F37_('S5', 'S4')_t4_max: 126641
	F19_('E1', 'S1')_t4_max: 2240
	('E1', 'S1')_gcl_cycle: 1
	F31_('S3', 'S4')_rr: 0
	F7_('S1', 'S2')_t5_max: 8115
	F17_('E2', 'S2')_rr: 0
	F18_jitter: 54
	F13_('S2', 'S3')_rr: 16
	F34_('S1', 'S2')_t4_min: 2453
	F19_('S3', 'E3')_t4_min: 2258
	('S1', 'S2')_gcl_cycle: 32000
	F4_('S4', 'S3')_gc: False
	F30_('S4', 'S5')_t4_min: 2802
	F30_('S2', 'S3')_t5_max: 2788
	F31_('S4', 'S5')_gc: False
	F31_('S4', 'S5')_t4_max: 58302
	F9_('S1', 'S2')_t4_max: 8490
	F37_('S5', 'S4')_t4_min: 126623
	F30_('S5', 'E5')_rr: 0
	F30_('S1', 'S2')_gc: False
	F8_('S4', 'S3')_gc: True
	F21_jitter: 18
	F12_('S3', 'S4')_rr: 64
	F19_('E1', 'S1')_gc: False
	F12_('S4', 'S5')_gc: True
	F24_('S4', 'E4')_t5_max: 6183
	F33_('E3', 'S3')_gc: False
	F34_('E1', 'S1')_t3_max: 2428
	F26_('E3', 'S3')_t4_min: 126590
	F12_('S2', 'S3')_rr: 0
	F15_('E2', 'S2')_t4_max: 780
	F12_('E1', 'S1')_gc: False
	F28_('S5', 'E5')_t3_max: 106263
	F12_('S1', 'S2')_tb: 51
	F10_('E2', 'S2')_rr: 0
	F11_queue_index: 0
	F29_('S5', 'S4')_t5_max: 2456
	F6_('S2', 'S1')_t4_max: 2211
	F30_('S3', 'S4')_gc: True
	F12_('E1', 'S1')_t3_max: 23
	F28_('S5', 'E5')_t4_min: 106222
	F23_('S3', 'S2')_t4_max: 126562
	F18_('S1', 'S2')_rr: 0
	F15_queue_index: 0
	F24_('E1', 'S1')_t3_max: 6078
	F24_('S2', 'S3')_tb: 6110
	F24_('S4', 'E4')_t3_max: 6165
	F26_jitter: 36
	F22_('S4', 'S3')_tb: 24913
	F29_('E5', 'S5')_rr: 0
	F18_('S2', 'S3')_t4_min: 126316
	('S1', 'E1')_gcl_cycle: 8000
	F24_('S3', 'S4')_rr: 0
	F12_('S2', 'S3')_gc: False
	F12_queue_index: 0
	F30_jitter: 36
	F30_('S1', 'S2')_rr: 0
	F7_('S1', 'S2')_tb: 8090
	F19_('S2', 'S3')_rr: 0
	F30_('S2', 'S3')_rr: 32
	F14_('E4', 'S4')_t4_max: 692
	F18_('S4', 'S5')_t4_max: 126368
	F28_('S3', 'S4')_t4_max: 106212
	F27_('S5', 'E5')_gc: False
	F6_('E3', 'S3')_tb: 2193
	F19_('S1', 'S2')_gc: False
	F20_jitter: 54
	F7_('S2', 'S3')_gc: True
	F9_('S5', 'E5')_gc: False
	F23_('S1', 'E1')_t3_max: 126611
	F10_jitter: 0
	F24_('S2', 'S3')_t4_max: 6128
	F38_('S4', 'S5')_rr: 0
	F32_('E4', 'S4')_rr: 0
	F38_('S5', 'E5')_t3_min: 2401
	F31_('S4', 'S5')_t3_min: 58248
	F1_('S1', 'E1')_t4_min: 924
	F9_('S1', 'S2')_t5_min: 8478
	F12_('S4', 'S5')_t3_min: 104
	F32_('E4', 'S4')_t3_max: 116732
	F33_('S4', 'E4')_t5_max: 30123
	F0_('S3', 'S2')_t4_max: 708
	F13_('S4', 'S5')_tb: 52
	F39_jitter: 54
	F33_('E3', 'S3')_t3_min: 30097
	F23_('S1', 'E1')_rr: 0
	F23_('S2', 'S1')_t4_max: 126593
	F2_('S5', 'E5')_t4_min: 469
	F16_('S1', 'E1')_gc: False
	F35_('S2', 'S1')_t5_min: 62546
	F29_jitter: 18
	F4_('S4', 'S3')_rr: 0
	F36_('S3', 'S4')_t3_min: 159
	F36_('S5', 'E5')_t4_min: 211
	F33_queue_index: 0
	F29_('S2', 'E2')_t5_min: 2490
	F6_('S3', 'S2')_t4_min: 2202
	F25_('E1', 'S1')_gc: False
	F24_('S1', 'S2')_gc: True
	F9_('S5', 'E5')_t3_max: 8568
	F9_jitter: 54
	F30_('S5', 'E5')_t4_min: 2809
	F26_('E3', 'S3')_t3_max: 126577
	F29_('S4', 'S3')_t4_min: 2463
	F24_('S2', 'S3')_t4_min: 6110
	F22_('S3', 'S2')_t4_min: 24922
	F9_('E1', 'S1')_t3_max: 8451
	F0_queue_index: 0
	F38_('S5', 'E5')_rr: 0
	F22_('E5', 'S5')_t3_min: 24872
	F34_('E1', 'S1')_gc: False
	F16_queue_index: 0
	F31_('E2', 'S2')_t4_min: 58209
	F23_('E3', 'S3')_tb: 126531
	F1_('E4', 'S4')_gc: False
	F15_('S2', 'S3')_t4_min: 789
	F37_('S3', 'E3')_t4_min: 126647
	F35_('S1', 'E1')_rr: 0
	F27_('S4', 'S5')_tb: 122218
	F23_('E3', 'S3')_rr: 0
	F0_('S3', 'S2')_gc: True
	F7_('S1', 'S2')_rr: 0
	F22_('S5', 'S4')_rr: 0
	F3_('E3', 'S3')_gc: False
	F37_('S5', 'S4')_gc: False
	F0_('S3', 'S2')_t4_min: 708
	F16_('S1', 'E1')_t4_min: 28
	F25_('S1', 'S2')_t4_max: 2544
	F35_('E2', 'S2')_t5_min: 62536
	F36_('S4', 'S5')_rr: 2
	F16_('S1', 'E1')_rr: 0
	F19_('S3', 'E3')_gc: False
	F30_('E1', 'S1')_t3_max: 2733
	F10_('S1', 'E1')_gc: True
	F6_('S3', 'S2')_t4_max: 2202
	F39_('S3', 'S2')_rr: 0
	F30_('E1', 'S1')_rr: 0
	F1_('E4', 'S4')_t5_min: 866
	('E3', 'S3')_gcl_cycle: 1
	F25_('E1', 'S1')_rr: 0
	F8_('S4', 'S3')_t4_max: 126629
	F24_jitter: 54
	F17_('S2', 'S3')_rr: 0
	F7_('S2', 'S3')_t4_max: 8122
	F22_('S4', 'S3')_t4_max: 24913
	F7_('S3', 'S4')_t4_max: 8136
	F2_('S1', 'S2')_t5_max: 447
	F15_('E2', 'S2')_rr: 0
	F25_('S1', 'S2')_t5_max: 2555
	F15_('S3', 'E3')_rr: 1
	F31_('E2', 'S2')_rr: 0
	F18_('S4', 'S5')_gc: False
	F9_('S3', 'S4')_gc: False
	F31_('S3', 'S4')_gc: False
	F35_('S2', 'S1')_t4_max: 62543
	F22_('S3', 'S2')_rr: 0
	F7_jitter: 36
	F2_('S5', 'E5')_t5_max: 526
	F2_queue_index: 0
	('S2', 'S1')_gcl_cycle: 64000
	F18_('S3', 'S4')_t4_min: 126324
	F8_('S4', 'S3')_rr: 1
	F22_('E5', 'S5')_rr: 0
	F13_('S3', 'S4')_gc: False
	F10_('S1', 'E1')_rr: 1
	F34_jitter: 18
	F3_('S3', 'S2')_rr: 0
	F15_('S3', 'E3')_t3_max: 821
	F18_('E1', 'S1')_t3_max: 126264
	F18_('S2', 'S3')_gc: True
	F14_('S4', 'S3')_t5_max: 728
	F21_('E3', 'S3')_rr: 0
	F0_('S2', 'E2')_rr: 32
	F20_('E4', 'S4')_tb: 2264
	F29_('S3', 'S2')_rr: 2
	F20_('S4', 'S3')_t4_min: 2273
	F21_('S5', 'E5')_gc: False
	F22_('S5', 'S4')_gc: False
	F9_('S4', 'S5')_t4_max: 8555
	F1_('S4', 'S3')_t4_max: 886
	F38_('S3', 'S4')_t4_max: 2405
	F25_jitter: 18
	F17_('S3', 'S4')_t4_min: 6411
	F31_('S5', 'E5')_t4_min: 58261
	F6_('S2', 'S1')_rr: 8
	F21_queue_index: 0
	F2_('S3', 'S4')_gc: False
	F25_('S3', 'E3')_t3_min: 2575
	F1_('S3', 'S2')_gc: False
	F1_('E4', 'S4')_rr: 0
	F9_('E1', 'S1')_rr: 0
	F19_('E1', 'S1')_rr: 0
	F0_('S4', 'S3')_gc: False
	F21_('S4', 'S5')_t4_max: 3959
	F6_('E3', 'S3')_t4_min: 2193
	F35_('S2', 'S1')_t4_min: 62543
	F23_('S3', 'S2')_gc: False
	F22_('S3', 'S2')_t4_max: 24940
	F35_jitter: 18
	F9_('E1', 'S1')_t3_min: 8464
	F5_('S2', 'E2')_rr: 0
	F16_('E2', 'S2')_t3_max: -12
	F24_('S4', 'E4')_gc: False
	F6_('E3', 'S3')_rr: 0
	F9_('S1', 'S2')_rr: 0
	F14_jitter: 36
	F13_('S2', 'S3')_t4_max: 38
	F33_('S3', 'S4')_gc: True
	F4_('S4', 'S3')_t4_max: 56846
	F31_('S3', 'S4')_t4_max: 58271
	F33_('S3', 'S4')_rr: 4
	F19_('E1', 'S1')_t3_min: 2240
	F7_('S1', 'S2')_t5_min: 8097
	F3_('S2', 'E2')_gc: True
	F25_('S3', 'E3')_gc: False
	F23_('S2', 'S1')_tb: 126557
	F20_('S3', 'S2')_gc: False
	F35_('S2', 'S1')_gc: True
	F38_jitter: 54
	F14_('S3', 'E3')_t4_min: 712
	F20_('S1', 'E1')_t5_min: 2287
	F15_('S2', 'S3')_t4_max: 807
	F39_('S3', 'S2')_t4_max: 6534
	('E4', 'S4')_gcl_cycle: 2000
	F37_('S4', 'S3')_tb: 126635
	F1_('S3', 'S2')_t4_min: 873
	F1_('S2', 'S1')_t4_min: 919
	F33_('S4', 'E4')_gc: True
	F13_('S4', 'S5')_t3_max: 75
	F30_('S2', 'S3')_t3_min: 2760
	F13_('S1', 'S2')_t5_max: 31
	F32_('E4', 'S4')_gc: False
	F32_('S3', 'E3')_t4_min: 116757
	F22_('S5', 'S4')_t4_max: 24899
	F27_('S5', 'E5')_t5_min: 122224
	F27_('S3', 'S4')_rr: 1
	F3_jitter: 0
	F27_queue_index: 0
	F21_('S5', 'E5')_t4_min: 3971
	F19_('S2', 'S3')_gc: False
	F22_('S2', 'E2')_gc: False
	F18_('S4', 'S5')_t5_min: 126338
	F12_jitter: 18
	F13_('S2', 'S3')_gc: True
	F32_('S4', 'S3')_rr: 0
	F35_('E2', 'S2')_t4_max: 62533
	F17_queue_index: 0
	F20_('E4', 'S4')_t3_max: 2251
	F2_('S2', 'S3')_t3_max: 454
	F0_('S2', 'E2')_t4_min: 724
	F8_queue_index: 0
	F12_('S4', 'S5')_rr: 2
	F20_('S2', 'S1')_rr: 0
	F20_('S3', 'S2')_t4_min: 2277
	F20_('S4', 'S3')_t4_max: 2273
	F18_('S3', 'S4')_t3_min: 126324
	F23_('S3', 'S2')_t4_min: 126544
	('S3', 'S2')_gcl_cycle: 8000
	F23_jitter: 54
	F1_('S3', 'S2')_t5_max: 912
	F12_('S3', 'S4')_t4_max: 94
	F18_('S4', 'S5')_rr: 0
	F39_('S3', 'S2')_t4_min: 6498
	F7_('S4', 'S5')_t4_max: 8163
	F6_('E3', 'S3')_gc: False
	F21_('S4', 'S5')_rr: 1
	F10_('S2', 'S1')_t4_max: 2253
	F12_('S1', 'S2')_gc: True
	F35_('S1', 'E1')_t4_min: 62548
	F22_('S4', 'S3')_t3_min: 24890
	F37_queue_index: 0
	F31_queue_index: 0
	F2_('S3', 'S4')_rr: 0
	F30_('S5', 'E5')_gc: False
	F30_('S3', 'S4')_t5_max: 2800
	F19_jitter: 54
	F36_('S3', 'S4')_t5_max: 187
	F22_('S2', 'E2')_t4_min: 24931
	F14_('S4', 'S3')_t5_min: 710
	F3_('S3', 'S2')_t4_max: 35931
	F7_('E1', 'S1')_t5_min: 8088
	F4_('S4', 'S3')_t4_min: 56828
	F3_('S3', 'S2')_t4_min: 35913
	F0_('S4', 'S3')_t4_min: 674
	F21_('E3', 'S3')_gc: False
	F3_('E3', 'S3')_rr: 0
	F23_('S3', 'S2')_rr: 0
	F5_('E1', 'S1')_gc: False
	F5_('E1', 'S1')_rr: 0
	F11_('S4', 'S3')_rr: 16
	F28_('S3', 'S4')_rr: 0
	F2_('S5', 'E5')_rr: 0
	F31_('S2', 'S3')_rr: 0
	F36_('S3', 'S4')_gc: False
	F18_('S3', 'S4')_gc: False
	F14_('E4', 'S4')_gc: True
	F30_('S2', 'S3')_gc: True
	F11_('S4', 'S3')_t4_max: 814
	F12_('S4', 'S5')_t4_max: 109
	('S4', 'E4')_gcl_cycle: 32000
	F7_('S5', 'E5')_t4_min: 8154
	F31_('S4', 'S5')_rr: 0
	F5_('S2', 'E2')_t4_min: 2573
	F33_('S4', 'E4')_t4_min: 30119
	F27_('S4', 'S5')_gc: False
	F14_('S4', 'S3')_gc: False
	F37_('S5', 'S4')_t5_min: 126633
	F18_('E1', 'S1')_rr: 0
	F7_('S1', 'S2')_t4_max: 8108
	F2_('S2', 'S3')_gc: True
	F35_queue_index: 0
	('S2', 'S3')_gcl_cycle: 128000
	F13_('S5', 'E5')_rr: 0
	F38_('E3', 'S3')_rr: 0
	F8_('S3', 'S2')_t4_max: 126654
	F9_('S5', 'E5')_t4_min: 8527
	F7_('S1', 'S2')_t4_min: 8090
	F16_('S2', 'S1')_rr: 32
	F1_('S4', 'S3')_gc: False
	F36_('S4', 'S5')_t4_max: 194
	F25_('S2', 'S3')_gc: True
	F13_('E1', 'S1')_tb: 1
	F37_('S5', 'S4')_tb: 126623
	F36_queue_index: 0
	F39_('E4', 'S4')_t3_max: 6463
	F18_('S1', 'S2')_t5_min: 126291
	F17_('S4', 'E4')_gc: False
	F27_('S3', 'S4')_t4_min: 122214
	F29_('S3', 'S2')_gc: True
	F39_('S3', 'S2')_gc: False
	F0_('S3', 'S2')_t3_max: 708
	F0_('E4', 'S4')_rr: 0
	F9_('S3', 'S4')_rr: 0
	F26_('E3', 'S3')_rr: 0
	F34_('S2', 'E2')_t5_max: 2483
	F21_('S3', 'S4')_t4_min: 3924
	F20_('S1', 'E1')_rr: 0
	F24_('S1', 'S2')_rr: 4
	F20_('S4', 'S3')_rr: 32
	F32_('S4', 'S3')_tb: 116751
	F5_queue_index: 0
	F9_('S3', 'S4')_t4_min: 8511
	F2_('S1', 'S2')_t5_min: 447
	F24_('S3', 'S4')_t4_max: 6153
	F1_('S4', 'S3')_rr: 0
	F21_('S3', 'S4')_t4_max: 3942
	F7_('S5', 'E5')_gc: False
	F18_('S5', 'E5')_t4_min: 126340
	F34_('S1', 'S2')_gc: True
	F1_('S1', 'E1')_gc: False
	F20_('S4', 'S3')_gc: True
	F35_('S2', 'S1')_rr: 1
	F22_('S4', 'S3')_gc: True
	F37_jitter: 54
	F2_('S1', 'S2')_rr: 16
	F24_('S4', 'E4')_rr: 0
	F19_('E1', 'S1')_t3_max: 2227
	F4_('S3', 'S2')_t4_min: 56833
	F11_('E4', 'S4')_rr: 0
	F33_('E3', 'S3')_rr: 0
	F26_('S3', 'S2')_rr: 0
	F35_('E2', 'S2')_rr: 0
	F9_('S5', 'E5')_t3_min: 8527
	F25_queue_index: 0
	F21_('S4', 'S5')_t4_min: 3959
	F39_('S4', 'S3')_t4_min: 6487
	F32_queue_index: 0
	F25_('S2', 'S3')_t4_max: 2562
	F12_('S5', 'E5')_t4_min: 119
	F6_('S1', 'E1')_rr: 0
	F18_('S2', 'S3')_t4_max: 126316
	F17_('S2', 'S3')_gc: False
	F31_('E2', 'S2')_gc: False
	F28_('E3', 'S3')_rr: 0
	F31_('S3', 'S4')_t4_min: 58235
	F2_('S1', 'S2')_t4_max: 444
	F13_('S4', 'S5')_gc: False
	F35_('E2', 'S2')_tb: 62533
	F18_('S3', 'S4')_t4_max: 126342
	F39_('S2', 'E2')_tb: 6509
	F15_('S3', 'E3')_t4_min: 821
	F21_('S4', 'S5')_t5_max: 3969
	F9_('S2', 'S3')_gc: True
	F4_('E4', 'S4')_t3_max: 56810
	F9_('S3', 'S4')_t3_max: 8516
	F9_('S3', 'S4')_t4_max: 8529
	F39_('S4', 'S3')_rr: 0
	F14_('S3', 'E3')_gc: False
	F18_('S1', 'S2')_gc: False
	F31_('S2', 'S3')_t5_min: 58233
	F28_('S5', 'E5')_gc: False
	F34_('E1', 'S1')_rr: 0
	F1_('S4', 'S3')_t4_min: 868
	F18_('S4', 'S5')_t3_min: 126332
	F15_('E2', 'S2')_tb: 780
	F22_jitter: 36
	F27_('E3', 'S3')_t5_min: 122207
	F24_('S2', 'S3')_t3_min: 6110
	F18_('S1', 'S2')_t4_min: 126285
	F37_('S3', 'E3')_rr: 0
	F5_('S1', 'S2')_rr: 8
	F20_('E4', 'S4')_rr: 0
	F36_('S4', 'S5')_t4_min: 194
	F4_('E4', 'S4')_rr: 0
	F12_('S2', 'S3')_t5_max: 87
	F24_('E1', 'S1')_t4_max: 6091
	F36_('S5', 'E5')_gc: True
	F21_('S5', 'E5')_tb: 3971
	F2_('S3', 'S4')_t4_max: 477
	F4_('S3', 'S2')_rr: 0
	F7_('S5', 'E5')_rr: 0
	F4_('E4', 'S4')_gc: False
	F38_('S3', 'S4')_t4_min: 2387
	F36_jitter: 0
	F27_('S3', 'S4')_gc: True
	F28_('S4', 'S5')_gc: False
	F29_('S3', 'S2')_t4_max: 2476
	F18_('S5', 'E5')_rr: 0
	F24_('E1', 'S1')_gc: False
	F39_queue_index: 0
	F8_('S2', 'E2')_gc: True
	F13_('S3', 'S4')_rr: 0
	F31_('S5', 'E5')_gc: False
	F0_('E4', 'S4')_t3_max: 650
	F29_('S5', 'S4')_t3_min: 2432
	F22_('S4', 'S3')_t4_min: 24913
	F3_('S2', 'E2')_t4_min: 35949
	F8_('E4', 'S4')_t3_max: 126604
	F8_('S2', 'E2')_t4_min: 126666
	F18_('S4', 'S5')_t4_min: 126332
	F24_('S1', 'S2')_t4_max: 6103
	F7_('S2', 'S3')_rr: 4
	F37_('S4', 'S3')_rr: 0
	F17_('E2', 'S2')_t5_min: 6396
	F4_('S2', 'E2')_gc: True
	F12_('S1', 'S2')_t3_min: 46
	F29_queue_index: 0
	F4_('S3', 'S2')_t4_max: 56869
	F7_('S2', 'S3')_t4_min: 8122
	F11_('S3', 'E3')_gc: False
	F29_('S2', 'E2')_rr: 0
	F27_('E3', 'S3')_t3_max: 122192
	F9_('E1', 'S1')_gc: False
	F30_('S3', 'S4')_t4_max: 2795
	F12_('S2', 'S3')_t4_min: 61
	F8_jitter: 0
	F24_('S1', 'S2')_t4_min: 6103
	F28_('E3', 'S3')_t3_max: 106167
	F25_('S1', 'S2')_gc: True
	F8_('S2', 'E2')_t5_max: 126671
	F36_('S4', 'S5')_gc: True
	('S5', 'S4')_gcl_length: 0
	F2_('E1', 'S1')_t3_max: 421
	F25_('S3', 'E3')_rr: 0
	F35_('E2', 'S2')_gc: False
	F10_('S2', 'S1')_gc: False
	F13_('S3', 'S4')_t4_max: 63
	F14_('S4', 'S3')_rr: 0
	F7_('S1', 'S2')_gc: False
	F34_('S1', 'S2')_rr: 4
	F34_('S2', 'E2')_t4_min: 2460
	F1_('S3', 'S2')_rr: 0
	F23_('S2', 'S1')_rr: 0
	F36_('S5', 'E5')_rr: 1
	F38_('S4', 'S5')_t4_max: 2430
	F18_('E1', 'S1')_gc: False
	F8_('E4', 'S4')_rr: 0
	F33_jitter: 0
	F12_('S5', 'E5')_rr: 0
	F7_('E1', 'S1')_rr: 0
	F11_('E4', 'S4')_t3_max: 781
	F19_('S1', 'S2')_t4_min: 2246
	F25_('S2', 'S3')_rr: 4
	F15_('E2', 'S2')_gc: False
	F21_('S4', 'S5')_gc: True
	F5_jitter: 18
	F19_queue_index: 0
	F30_('S4', 'S5')_gc: False
	F25_('S1', 'S2')_t4_min: 2544
	F38_('S3', 'S4')_t5_min: 2392
	F25_('S2', 'S3')_tb: 2562
	F18_('S2', 'S3')_rr: 1
	F6_('S2', 'S1')_t3_max: 2211
	F16_('E2', 'S2')_rr: 0
	F13_('S4', 'S5')_t4_min: 52
	F6_('S3', 'S2')_gc: True
	F19_('S1', 'S2')_rr: 0
	F16_('S2', 'S1')_t4_min: 17
	F4_jitter: 0
	F20_queue_index: 0
	F8_('S3', 'S2')_tb: 126636
	F29_('E5', 'S5')_t3_max: 2411
	F39_('S2', 'E2')_t4_min: 6509
	F18_('S5', 'E5')_gc: False
	F4_('S2', 'E2')_rr: 2
	F39_('S3', 'S2')_t5_max: 6543
	F6_('S1', 'E1')_t4_min: 2215
	F14_queue_index: 0
	F26_('S2', 'E2')_gc: False
	F15_('S3', 'E3')_gc: True
	F30_('S4', 'S5')_rr: 0
	F29_('E5', 'S5')_t3_min: 2424
	F14_('E4', 'S4')_t5_max: 700
	F2_('S3', 'S4')_t4_min: 459
	F2_('E1', 'S1')_t4_min: 434
	F16_('S2', 'S1')_gc: True
	F0_jitter: 0
	F20_('S1', 'E1')_t5_max: 2341
	F3_('S2', 'E2')_rr: 1
	('S3', 'S4')_gcl_length: 210
	F36_('S3', 'S4')_rr: 0
	F23_('S2', 'S1')_t3_max: 126580
	F17_('S4', 'E4')_t4_min: 6424
	F10_('S2', 'S1')_rr: 0
	F35_('E2', 'S2')_t3_max: 62520
	F31_jitter: 72
	F34_queue_index: 0
	F7_('E1', 'S1')_gc: False
	F2_('S4', 'S5')_gc: False
	F6_jitter: 18
	F18_queue_index: 0
	F20_('E4', 'S4')_t5_max: 2266
	F13_('S1', 'S2')_rr: 0
	F15_('S2', 'S3')_gc: False
	F3_queue_index: 0
	F2_('S3', 'S4')_t5_max: 480
	F20_('S4', 'S3')_t5_min: 2275
	F20_('S2', 'S1')_t4_max: 2317
	F32_('S4', 'S3')_gc: False
	F28_('S4', 'S5')_t4_max: 106244
	F4_('S3', 'S2')_gc: False
	F9_('S4', 'S5')_t3_max: 8542
	F20_('S3', 'S2')_rr: 0
	F32_('S3', 'E3')_rr: 0
	F28_queue_index: 0
	F20_('S1', 'E1')_gc: False
	F11_('S3', 'E3')_tb: 829
	F2_('S4', 'S5')_t3_min: 464
	F26_('S3', 'S2')_t4_min: 126596
	F4_('S2', 'E2')_t4_min: 56879
	F25_('S3', 'E3')_t4_min: 2575
	F13_('E1', 'S1')_rr: 0
	F5_('S1', 'S2')_t4_max: 2561
	F39_('S4', 'S3')_gc: False
	F20_('S2', 'S1')_gc: False
	F32_('S3', 'E3')_t3_max: 116780
	F12_('S4', 'S5')_t4_min: 109
	F9_('S3', 'S4')_t5_min: 8517
	F8_('S4', 'S3')_t3_min: 126624
	F15_('S2', 'S3')_rr: 0
	('E5', 'S5')_gcl_cycle: 1
	F2_('S2', 'S3')_t4_min: 454
	F7_('S2', 'S3')_t3_min: 8099
	F23_('S2', 'S1')_t4_min: 126557
	F30_('S1', 'S2')_t4_min: 2753
	F23_('E3', 'S3')_gc: False
	F17_('S3', 'S4')_t3_max: 6434
	F26_('E3', 'S3')_gc: False
	F37_('E5', 'S5')_gc: False
	F22_('S3', 'S2')_t3_min: 24922
	F20_('S1', 'E1')_t4_min: 2285
	F1_('S2', 'S1')_gc: True
	F10_('S2', 'S1')_t4_min: 2235
	F23_('E3', 'S3')_t3_max: 126518
	F29_('S2', 'E2')_t3_min: 2484
	F20_('S3', 'S2')_t4_max: 2295
	F30_('S3', 'S4')_t4_min: 2795
	F2_('S4', 'S5')_t4_max: 500
	F31_('S2', 'S3')_tb: 58222
	F27_('S4', 'S5')_t4_min: 122218
	F9_('S1', 'S2')_gc: False
	F31_('E2', 'S2')_t3_max: 58196
	F38_('S3', 'S4')_gc: False
	F13_('S5', 'E5')_t4_min: 59
	F13_('E1', 'S1')_t3_max: -12
	F37_('S4', 'S3')_t4_max: 126671
	F34_('S2', 'E2')_rr: 0
	F27_('S4', 'S5')_t4_max: 122236
	F13_queue_index: 0
	F1_('S3', 'S2')_t4_max: 909
	F30_('S4', 'S5')_t3_min: 2802
	F6_('S2', 'S1')_t5_max: 2213
	F28_('S3', 'S4')_gc: False
	F8_('S2', 'E2')_t5_min: 126671
	F28_('S4', 'S5')_rr: 0
	F10_('S1', 'E1')_t4_min: 2272
	F11_jitter: 18
	F11_('E4', 'S4')_gc: False
	F2_('S2', 'S3')_rr: 64
	F29_('S5', 'S4')_t4_max: 2450
	F33_('S3', 'S4')_t4_max: 30108
	F21_('S3', 'S4')_gc: False
	F30_('S4', 'S5')_t4_max: 2820
	F27_jitter: 36
	F7_('E1', 'S1')_t3_max: 8068
	F28_('S4', 'S5')_t4_min: 106208
	F11_('E4', 'S4')_t4_min: 794
	F19_('S3', 'E3')_rr: 0
	F17_('S2', 'S3')_t4_max: 6416
	F39_('S4', 'S3')_t4_max: 6505
	F26_queue_index: 0
	F9_('E1', 'S1')_t5_max: 8470
	F11_('S3', 'E3')_rr: 0
	F12_('S5', 'E5')_gc: False
	F7_('S3', 'S4')_t4_min: 8136
	F0_('S2', 'E2')_gc: True
	F4_queue_index: 0
	F2_('S4', 'S5')_t4_min: 464
	F36_('S3', 'S4')_t4_min: 159
	F26_('S2', 'E2')_rr: 0
	F30_('E1', 'S1')_gc: False
	F26_('S3', 'S2')_gc: False
	F0_('S3', 'S2')_rr: 2
	F23_('S1', 'E1')_gc: False
	F21_('S5', 'E5')_rr: 0
	F29_('S5', 'S4')_rr: 0
	F34_('S2', 'E2')_gc: False
	F7_('S4', 'S5')_t4_min: 8145
	F13_('S1', 'S2')_gc: False
	F10_queue_index: 0
	F8_('S4', 'S3')_t4_min: 126629
	F27_('S5', 'E5')_rr: 0
	F33_('S3', 'S4')_t4_min: 30108
	F6_('S1', 'E1')_gc: False
	F36_('S3', 'S4')_t4_max: 177
	F12_('S2', 'S3')_t4_max: 79
	F5_('S2', 'E2')_t3_min: 2573
	F38_('E3', 'S3')_t3_max: 2367
	F25_('S2', 'S3')_t5_max: 2573
	F7_('S4', 'S5')_rr: 0
	('S4', 'S5')_gcl_cycle: 4000
	F26_('S3', 'S2')_t4_max: 126614
	F29_('S3', 'S2')_t4_min: 2476
	F31_('S2', 'S3')_t4_max: 58240
	F38_('E3', 'S3')_gc: False
	F2_('S1', 'S2')_gc: True
	F29_('S4', 'S3')_rr: 32
	F14_('S4', 'S3')_t4_min: 702
	F9_('S2', 'S3')_t4_max: 8503
	F21_('S3', 'S4')_t5_min: 3934
	F21_('E3', 'S3')_t5_max: 3922
	F30_queue_index: 0
	('S3', 'S4')_gcl_cycle: 128000
	F6_('S2', 'S1')_t4_min: 2211
	F2_('S2', 'S3')_t4_max: 454
	('S5', 'S4')_gcl_cycle: 1
	F17_jitter: 54
	F0_('S4', 'S3')_rr: 0
	F9_queue_index: 0
	F7_('S4', 'S5')_gc: False
	F2_('E1', 'S1')_gc: False
	F20_('E4', 'S4')_gc: False
	F29_('S2', 'E2')_gc: False
	F31_('S2', 'S3')_t4_min: 58222
	F17_('E2', 'S2')_t3_max: 6372
	F17_('S2', 'S3')_t4_min: 6398
	F38_('S5', 'E5')_gc: False
	F17_('E2', 'S2')_gc: False
	F2_('S5', 'E5')_gc: False
	F3_('S3', 'S2')_gc: False
	F8_('S3', 'S2')_t3_max: 126641
	F2_('S5', 'E5')_t3_max: 510
	F17_('S4', 'E4')_rr: 0
	F29_('S4', 'S3')_gc: True
	F0_('E4', 'S4')_gc: False
	F12_('S1', 'S2')_t4_min: 51
	F2_('S2', 'S3')_t5_min: 457
	F17_('S2', 'S3')_tb: 6398
	F13_('S2', 'S3')_tb: 38
	F9_('S4', 'S5')_rr: 0
	F33_('S3', 'S4')_t5_min: 30112
	F22_('S2', 'E2')_rr: 0
	F19_('E1', 'S1')_t5_max: 2244
	('S5', 'E5')_gcl_cycle: 2000
	F27_('S4', 'S5')_rr: 0
	F16_('S2', 'S1')_t4_max: 17
	F30_('S2', 'S3')_t4_min: 2783
	F1_queue_index: 0
	F13_('S2', 'S3')_t4_min: 38
	F13_('S5', 'E5')_gc: False
	F33_('S4', 'E4')_t3_max: 30119
	F18_('E1', 'S1')_t4_max: 126277
	F25_('E1', 'S1')_t3_max: 2513
	F36_('E3', 'S3')_rr: 0
	F2_jitter: 54
	F8_('S3', 'S2')_t4_min: 126636
	F38_('S5', 'E5')_t4_min: 2401
	F11_('S3', 'E3')_t4_min: 829
	F19_('S2', 'S3')_t4_min: 2252
	F32_('S4', 'S3')_t4_min: 116751
	F7_('S3', 'S4')_gc: True
	F17_('S3', 'S4')_gc: False
	F20_('S4', 'S3')_t3_min: 2268
	F13_('S4', 'S5')_t5_max: 93
	F2_('S4', 'S5')_rr: 0
	F16_jitter: 18
	F38_('S4', 'S5')_t3_min: 2394
	F29_('S3', 'S2')_tb: 2476
	F37_('E5', 'S5')_rr: 0
	F32_('S4', 'S3')_t4_max: 116769
	F14_('S4', 'S3')_t4_max: 720
	F11_('S4', 'S3')_gc: True
	F8_('S2', 'E2')_rr: 1
	F13_('S1', 'S2')_t4_max: 26
	F27_('S5', 'E5')_t4_min: 122222
	F17_('S3', 'S4')_t4_max: 6447
	F27_('S3', 'S4')_t4_max: 122214
	F27_('E3', 'S3')_t4_min: 122205
	F25_('S1', 'S2')_rr: 1
	F10_('E2', 'S2')_gc: False
	F21_('S3', 'S4')_rr: 0
	F17_('E2', 'S2')_t4_min: 6385
	F14_('E4', 'S4')_rr: 1
	F24_queue_index: 0
	F5_('E1', 'S1')_tb: 2544
	F34_('S1', 'S2')_t4_max: 2453
	F31_('S5', 'E5')_rr: 0
	F5_('S2', 'E2')_gc: False
	F6_('S2', 'S1')_gc: True
	F1_('S4', 'S3')_t3_max: 873
	F11_('S4', 'S3')_t3_max: 814
	F27_('S3', 'S4')_t3_max: 122214
	F12_('S1', 'S2')_t3_max: 51
	F8_('S4', 'S3')_t3_max: 126629
	F19_('S1', 'S2')_t3_max: 2251
	F2_('S1', 'S2')_t3_max: 444
	F20_('S4', 'S3')_t3_max: 2273
	F6_('S3', 'S2')_t3_max: 2202
	F38_('S3', 'S4')_t3_max: 2392
	F3_('S3', 'S2')_t3_max: 35918
	F33_('S3', 'S4')_t3_max: 30108
	F23_('S3', 'S2')_t3_max: 126549
	F35_('S2', 'S1')_t3_max: 62543
	F31_('S2', 'S3')_t3_max: 58227
	F10_('S2', 'S1')_t3_max: 2240
	F25_('S1', 'S2')_t3_max: 2544
	F21_('S3', 'S4')_t3_max: 3929
	F9_('S1', 'S2')_t3_max: 8477
	F24_('S1', 'S2')_t3_max: 6103
	F4_('S4', 'S3')_t3_max: 56833
	F28_('S3', 'S4')_t3_max: 106199
	F32_('S4', 'S3')_t3_max: 116756
	F14_('S4', 'S3')_t3_max: 707
	F5_('S1', 'S2')_t3_max: 2561
	F0_('S4', 'S3')_t3_max: 679
	F13_('S1', 'S2')_t3_max: 13
	F37_('S5', 'S4')_t3_max: 126628
	F36_('S3', 'S4')_t3_max: 164
	F39_('S4', 'S3')_t3_max: 6492
	F34_('S1', 'S2')_t3_max: 2453
	F17_('S2', 'S3')_t3_max: 6403
	F15_('S2', 'S3')_t3_max: 794
	F16_('S2', 'S1')_t3_max: 17
	F7_('S1', 'S2')_t3_max: 8095
	F18_('S1', 'S2')_t3_max: 126290
	F29_('S5', 'S4')_t3_max: 2437
	F30_('S1', 'S2')_t3_max: 2758
	F22_('S5', 'S4')_t3_max: 24886
	F26_('S3', 'S2')_t3_max: 126601
	F13_('S2', 'S3')_t3_min: 15
	F19_('S2', 'S3')_tb: 2252
	F4_('S4', 'S3')_t3_min: 56828
	F15_('E2', 'S2')_t5_max: 787
	F11_('E4', 'S4')_t4_max: 794
	F14_('S4', 'S3')_tb: 702
	F30_('E1', 'S1')_t3_min: 2746
	F29_('S2', 'E2')_t3_max: 2489
	F28_('S4', 'S5')_tb: 106208
	F13_('S3', 'S4')_tb: 45
	F8_('S2', 'E2')_t3_max: 126666
	F5_('S2', 'E2')_t3_max: 2578
	F0_('S2', 'E2')_t3_min: 719
	F31_('S5', 'E5')_tb: 58261
	F37_('S3', 'E3')_t3_max: 126688
	F2_('E1', 'S1')_t3_min: 434
	F38_('E3', 'S3')_t5_max: 2385
	F27_('S3', 'S4')_t5_min: 122216
	F14_('S3', 'E3')_t3_max: 735
	F36_('E3', 'S3')_t4_min: 147
	F32_('S3', 'E3')_t4_max: 116793
	F28_('S5', 'E5')_t5_min: 106234
	F25_('S1', 'S2')_t3_min: 2539
	F23_('S1', 'E1')_t3_min: 126570
	F36_('S5', 'E5')_tb: 211
	F14_('E4', 'S4')_t5_min: 700
	F22_('S4', 'S3')_t3_max: 24913
	F30_('S5', 'E5')_t3_min: 2809
	F30_('E1', 'S1')_t5_max: 2751
	F9_('S5', 'E5')_t4_max: 8581
	F20_('S1', 'E1')_tb: 2285
	F7_('S5', 'E5')_t3_max: 8177
	F8_('E4', 'S4')_t3_min: 126617
	F30_('S5', 'E5')_t5_max: 2850
	F24_('E1', 'S1')_tb: 6091
	F4_('S3', 'S2')_t3_max: 56856
	F39_('E4', 'S4')_tb: 6476
	F1_('S1', 'E1')_t3_max: 929
	('S5', 'E5')_gcl_length: 2
	F37_('S4', 'S3')_t3_min: 126635
	F8_('S2', 'E2')_t3_min: 126643
	F1_('S2', 'S1')_t3_max: 919
	F35_('S1', 'E1')_t3_min: 62548
	F9_('S2', 'S3')_t5_min: 8509
	F6_('E3', 'S3')_t3_min: 2193
	F3_('S3', 'S2')_t5_min: 35924
	F16_('E2', 'S2')_t3_min: 1
	F3_('E3', 'S3')_t4_min: 35900
	F11_('E4', 'S4')_t5_min: 807
	F37_('S4', 'S3')_t5_max: 126681
	F30_('S2', 'S3')_t5_min: 2788
	F21_('E3', 'S3')_t4_min: 3912
	('S1', 'S2')_gcl_length: 98
	F5_('E1', 'S1')_t4_max: 2544
	F36_('S5', 'E5')_t3_max: 211
	F2_('S2', 'S3')_t5_max: 457
	F19_('S3', 'E3')_tb: 2258
	F20_('S3', 'S2')_t3_min: 2277
	F32_('S3', 'E3')_tb: 116757
	('S1', 'E1')_gcl_length: 2
	F15_('S3', 'E3')_t4_max: 821
	F1_('E4', 'S4')_t3_min: 863
	F30_('S5', 'E5')_t4_max: 2845
	F8_('E4', 'S4')_t5_max: 126622
	F1_('S1', 'E1')_t5_min: 927
	F23_('S3', 'S2')_t5_min: 126555
	F2_('E1', 'S1')_t4_max: 434
	F37_('S3', 'E3')_t3_min: 126647
	F19_('S2', 'S3')_t3_max: 2275
	F23_('S2', 'S1')_t3_min: 126557
	F24_('S1', 'S2')_t5_min: 6108
	F24_('S4', 'E4')_t5_min: 6129
	F11_('E4', 'S4')_t3_min: 794
	F15_('E2', 'S2')_t5_min: 787
	F36_('S4', 'S5')_t5_min: 204
	F28_('S3', 'S4')_t5_max: 106224
	F24_('E1', 'S1')_t3_min: 6091
	F29_('S5', 'S4')_tb: 2432
	F36_('E3', 'S3')_t4_max: 147
	F36_('S5', 'E5')_t5_min: 221
	F26_('E3', 'S3')_t5_min: 126594
	F4_('S2', 'E2')_t5_max: 56882
	F19_('S1', 'S2')_t5_max: 2268
	F13_('E1', 'S1')_t5_max: 6
	F2_('S3', 'S4')_t3_min: 459
	F17_('S4', 'E4')_t4_max: 6478
	F10_('E2', 'S2')_t5_max: 2233
	F28_('S5', 'E5')_t4_max: 106276
	F5_('S1', 'S2')_t5_max: 2571
	F35_('E2', 'S2')_t4_min: 62533
	F9_('S5', 'E5')_tb: 8527
	('S2', 'S3')_gcl_length: 250
	F9_('S5', 'E5')_t5_max: 8587
	F8_('S4', 'S3')_tb: 126629
	F20_('S2', 'S1')_t5_min: 2283
	F9_('S4', 'S5')_t3_min: 8519
	F1_('S4', 'S3')_t3_min: 868
	F26_('E3', 'S3')_tb: 126590
	F4_('S2', 'E2')_t4_max: 56879
	F0_('S4', 'S3')_t3_min: 674
	F18_('S5', 'E5')_t4_max: 126394
	F15_('S3', 'E3')_t5_min: 828
	F14_('E4', 'S4')_t3_min: 692
	F18_('E1', 'S1')_t4_min: 126277
	F9_('S2', 'S3')_t3_max: 8503
	F33_('S3', 'S4')_t5_max: 30112
	F11_('S3', 'E3')_t3_max: 834
	F9_('S2', 'S3')_t5_max: 8509
	F35_('S1', 'E1')_t4_max: 62566
	F13_('S5', 'E5')_t5_min: 64
	F37_('S3', 'E3')_tb: 126647
	F39_('E4', 'S4')_t3_min: 6476
	F13_('S5', 'E5')_tb: 59
	F3_('S3', 'S2')_t5_max: 35942
	F3_('S2', 'E2')_tb: 35949
	F0_('E4', 'S4')_t3_min: 663
	F8_('E4', 'S4')_t5_min: 126622
	F24_('S1', 'S2')_t5_max: 6108
	F27_('E3', 'S3')_t5_max: 122207
	F39_('S4', 'S3')_tb: 6487
	F2_('S4', 'S5')_t5_max: 503
	F23_('S1', 'E1')_t5_min: 126581
	F38_('S4', 'S5')_tb: 2394
	F4_('E4', 'S4')_t4_min: 56823
	('S3', 'E3')_gcl_length: 2
	F18_('E1', 'S1')_t5_min: 126283
	F13_('E1', 'S1')_t3_min: 1
	F38_('S5', 'E5')_t3_max: 2442
	F6_('S1', 'E1')_tb: 2215
	F19_('S2', 'S3')_t5_min: 2256
	F24_('S4', 'E4')_tb: 6124
	('E2', 'S2')_gcl_length: 0
	F26_('S2', 'E2')_t3_max: 126625
	F38_('S4', 'S5')_t3_max: 2417
	F7_('S3', 'S4')_t3_min: 8131
	F31_('E2', 'S2')_t4_max: 58209
	F8_('S2', 'E2')_t4_max: 126666
	F1_('E4', 'S4')_t4_max: 863
	F31_('E2', 'S2')_tb: 58209
	F22_('S5', 'S4')_t5_min: 24888
	F0_('S2', 'E2')_t5_max: 733
	F1_('S3', 'S2')_tb: 873
	F20_('S2', 'S1')_tb: 2281
	F5_('S2', 'E2')_t4_max: 2591
	F2_('S1', 'S2')_tb: 444
	F13_('S5', 'E5')_t5_max: 118
	F18_('E1', 'S1')_tb: 126277
	F4_('S2', 'E2')_tb: 56879
	F14_('S3', 'E3')_t5_min: 720
	('S4', 'S5')_gcl_length: 10
	F36_('E3', 'S3')_t5_min: 157
	F3_('S3', 'S2')_tb: 35913
	F5_('S1', 'S2')_tb: 2561
	F7_('S4', 'S5')_t5_min: 8152
	F27_('S3', 'S4')_tb: 122214
	F34_('S1', 'S2')_t5_min: 2458
	F28_('S3', 'S4')_tb: 106194
	F12_('S3', 'S4')_t3_max: 94
	F1_('S3', 'S2')_t3_max: 896
	F14_('S3', 'E3')_t5_max: 756
	F38_('S5', 'E5')_tb: 2401
	F30_('S3', 'S4')_t5_min: 2800
	F39_('S3', 'S2')_t3_max: 6521
	F2_('S2', 'S3')_tb: 454
	F16_('S1', 'E1')_t3_max: 33
	F10_('E2', 'S2')_t3_min: 2221
	F17_('S2', 'S3')_t3_min: 6398
	F37_('E5', 'S5')_t3_min: 126611
	('E4', 'S4')_gcl_length: 2
	F27_('S4', 'S5')_t5_min: 122220
	F13_('S5', 'E5')_t3_max: 100
	F24_('S1', 'S2')_tb: 6103
	F17_('E2', 'S2')_t3_min: 6385
	F25_('S3', 'E3')_t3_max: 2580
	F18_('S1', 'S2')_t5_max: 126309
	F12_('S4', 'S5')_t3_max: 109
	F11_('S3', 'E3')_t4_max: 847
	F33_('E3', 'S3')_t5_max: 30101
	F29_('S2', 'E2')_t4_max: 2502
	F10_('E2', 'S2')_t5_min: 2233
	F12_('S3', 'S4')_t5_max: 102
	F10_('S2', 'S1')_t5_max: 2265
	F36_('E3', 'S3')_t5_max: 157
	F25_('S3', 'E3')_t5_max: 2604
	F30_('E1', 'S1')_t5_min: 2751
	F22_('E5', 'S5')_t4_max: 24872
	F37_('E5', 'S5')_tb: 126611
	F17_('S2', 'S3')_t5_max: 6427
	F35_('S2', 'S1')_tb: 62543
	F15_('E2', 'S2')_t3_min: 780
	F24_('S2', 'S3')_t3_max: 6115
	F37_('S4', 'S3')_t5_min: 126645
	F27_('S3', 'S4')_t5_max: 122216
	F0_('E4', 'S4')_tb: 663
	F3_('E3', 'S3')_tb: 35900
	F17_('E2', 'S2')_tb: 6385
	F33_('E3', 'S3')_tb: 30097
	('E1', 'S1')_gcl_length: 0
	F22_('S2', 'E2')_t4_max: 24967
	F9_('S4', 'S5')_tb: 8519
	F32_('S4', 'S3')_t5_min: 116755
	F2_('S4', 'S5')_tb: 464
	F3_('E3', 'S3')_t3_min: 35900
	F13_('S5', 'E5')_t3_min: 59
	F29_('S4', 'S3')_t5_min: 2469
	F25_('S3', 'E3')_tb: 2575
	F26_('E3', 'S3')_t4_max: 126590
	F27_('E3', 'S3')_tb: 122205
	F12_('E1', 'S1')_t3_min: 36
	F6_('S1', 'E1')_t5_max: 2235
	F36_('S3', 'S4')_t5_min: 169
	F18_('S2', 'S3')_t3_min: 126293
	F7_('S1', 'S2')_t3_min: 8090
	F29_('S3', 'S2')_t5_min: 2482
	F18_('S5', 'E5')_t3_max: 126381
	F6_('S2', 'S1')_tb: 2211
	F3_('S2', 'E2')_t3_min: 35926
	F15_('E2', 'S2')_t4_min: 780
	F6_('S1', 'E1')_t3_min: 2215
	F31_('S5', 'E5')_t5_max: 58344
	F17_('S4', 'E4')_t5_min: 6435
	F30_('S4', 'S5')_tb: 2802
	F18_('S4', 'S5')_tb: 126332
	F39_('S3', 'S2')_t5_min: 6507
	F0_('S3', 'S2')_t5_max: 717
	F4_('E4', 'S4')_t4_max: 56823
	F17_('S4', 'E4')_tb: 6424
	F9_('S1', 'S2')_t3_min: 8472
	F11_('S4', 'S3')_tb: 814
	F20_('S3', 'S2')_t3_max: 2282
	F34_('E1', 'S1')_t4_max: 2441
	F8_('S2', 'E2')_tb: 126666
	F15_('S2', 'S3')_t5_min: 796
	F29_('E5', 'S5')_t5_min: 2430
	F4_('S4', 'S3')_t5_max: 56849
	F14_('S3', 'E3')_t3_min: 712
	F11_('S4', 'S3')_t5_max: 827
	F33_('S4', 'E4')_tb: 30119
	F33_('E3', 'S3')_t4_min: 30097
	F39_('S2', 'E2')_t3_min: 6509
	F4_('E4', 'S4')_t5_min: 56826
	F3_('E3', 'S3')_t5_max: 35911
	F30_('S5', 'E5')_t3_max: 2832
	F20_('S1', 'E1')_t3_min: 2285
	F39_('S2', 'E2')_t3_max: 6550
	F17_('S4', 'E4')_t5_max: 6489
	F14_('E4', 'S4')_t4_min: 692
	F1_('S2', 'S1')_t5_max: 922
	F26_('S2', 'E2')_t4_max: 126638
	F16_('E2', 'S2')_t4_max: 1
	F19_('S1', 'S2')_t3_min: 2246
	F10_('E2', 'S2')_t4_min: 2221
	F3_('E3', 'S3')_t5_min: 35911
	F6_('S1', 'E1')_t3_max: 2220
	F0_('S3', 'S2')_t5_min: 717
	F22_('S4', 'S3')_t5_min: 24920
	F12_('S5', 'E5')_t4_max: 137
	F38_('S5', 'E5')_t5_min: 2406
	F35_('S1', 'E1')_t5_max: 62569
	F27_('E3', 'S3')_t3_min: 122205
	F28_('S3', 'S4')_t3_min: 106194
	F27_('E3', 'S3')_t4_max: 122205
	F9_('S3', 'S4')_tb: 8511
	F13_('E1', 'S1')_t5_min: 6
	F22_('S3', 'S2')_t3_max: 24927
	F4_('E4', 'S4')_t5_max: 56826
	F25_('E1', 'S1')_tb: 2526
	F24_('S3', 'S4')_tb: 6117
	F23_('S3', 'S2')_t3_min: 126544
	F16_('S1', 'E1')_t5_min: 37
	F17_('S2', 'S3')_t5_min: 6409
	F22_('S2', 'E2')_t3_min: 24931
	F12_('E1', 'S1')_t4_max: 36
	F34_('S1', 'S2')_t3_min: 2448
	F1_('S4', 'S3')_tb: 868
	F31_('S5', 'E5')_t5_min: 58272
	F23_('S1', 'E1')_t5_max: 126635
	F39_('S3', 'S2')_tb: 6498
	F36_('S3', 'S4')_tb: 159
	F31_('S4', 'S5')_t5_min: 58259
	F33_('S3', 'S4')_tb: 30108
	F39_('E4', 'S4')_t5_max: 6485
	F7_('E1', 'S1')_tb: 8081
	F39_('S3', 'S2')_t3_min: 6498
	F9_('S1', 'S2')_t5_max: 8496
	F18_('S4', 'S5')_t3_max: 126355
	F22_('E5', 'S5')_tb: 24872
	F29_('E5', 'S5')_t4_max: 2424
	F3_('E3', 'S3')_t4_max: 35900
	F8_('E4', 'S4')_tb: 126617
	F9_('E1', 'S1')_tb: 8464
	F24_('S2', 'S3')_t5_max: 6133
	('E5', 'S5')_gcl_length: 0
	F5_('E1', 'S1')_t5_max: 2554
	F38_('E3', 'S3')_t5_min: 2385
	F24_('E1', 'S1')_t4_min: 6091
	F16_('S2', 'S1')_t5_min: 26
	F13_('S3', 'S4')_t3_min: 45
	F13_('S5', 'E5')_t4_max: 113
	F18_('S4', 'S5')_t5_max: 126374
	F7_('E1', 'S1')_t3_min: 8081
	F22_('S3', 'S2')_t5_min: 24929
	F28_('S4', 'S5')_t5_min: 106220
	('E3', 'S3')_gcl_length: 0
	F31_('S4', 'S5')_tb: 58248
	F18_('S5', 'E5')_t5_max: 126400
	F4_('S4', 'S3')_tb: 56828
	F16_('S2', 'S1')_t5_max: 26
	F0_('S4', 'S3')_t5_max: 701
	F16_('S1', 'E1')_tb: 28
	F5_('E1', 'S1')_t4_min: 2544
	F7_('S5', 'E5')_t5_max: 8197
	F34_('S2', 'E2')_t5_min: 2465
	F10_('S2', 'S1')_t5_min: 2247
	F11_('E4', 'S4')_t5_max: 807
	F22_('S5', 'S4')_t3_min: 24881
	F38_('S5', 'E5')_t5_max: 2460
	F19_('E1', 'S1')_t5_min: 2244
	F23_('E3', 'S3')_t4_max: 126531
	F16_('S1', 'E1')_t3_min: 28
	F27_('S5', 'E5')_t5_max: 122260
	F37_('E5', 'S5')_t4_min: 126611
	F8_('S3', 'S2')_t5_max: 126659
	F28_('S3', 'S4')_t5_min: 106206
	F2_('S5', 'E5')_t5_min: 472
	F13_('S4', 'S5')_t3_min: 52
	F34_('E1', 'S1')_t5_min: 2446
	F11_('S3', 'E3')_t3_min: 829
	F6_('E3', 'S3')_t4_max: 2193
	F38_('E3', 'S3')_t3_min: 2380
	F30_('S3', 'S4')_t3_max: 2795
	F29_('S3', 'S2')_t3_min: 2471
	F15_('S3', 'E3')_t5_max: 828
	F2_('E1', 'S1')_t5_max: 437
	F9_('E1', 'S1')_t5_min: 8470
	F15_('S3', 'E3')_tb: 821
	F7_('S4', 'S5')_tb: 8145
	F12_('S5', 'E5')_t5_min: 127
	F11_('S3', 'E3')_t5_max: 860
	F36_('S4', 'S5')_t3_min: 171
	F20_('E4', 'S4')_t4_min: 2264
	F17_('E2', 'S2')_t5_max: 6396
	F17_('S3', 'S4')_t3_min: 6411
	F31_('E2', 'S2')_t3_min: 58209
	F26_('S3', 'S2')_t5_min: 126600
	F34_('S1', 'S2')_t5_max: 2458
	F0_('E4', 'S4')_t5_max: 672
	F21_('S4', 'S5')_t3_max: 3959
	F36_('S5', 'E5')_t4_max: 211
	F30_('S3', 'S4')_tb: 2795
	F11_('E4', 'S4')_tb: 794
	F23_('E3', 'S3')_t5_min: 126542
	F38_('S4', 'S5')_t5_min: 2399
	F20_('S2', 'S1')_t3_max: 2304
	F2_('S1', 'S2')_t3_min: 439
	F39_('S2', 'E2')_t5_max: 6572
	F38_('E3', 'S3')_tb: 2380
	F20_('S2', 'S1')_t3_min: 2281
	F30_('E1', 'S1')_t4_max: 2746
	F32_('S3', 'E3')_t3_min: 116757
	F1_('E4', 'S4')_t4_min: 863
	F2_('S5', 'E5')_tb: 469
	F36_('S4', 'S5')_t5_max: 204
	('S4', 'S3')_gcl_length: 164
	F30_('S3', 'S4')_t3_min: 2790
	F23_('E3', 'S3')_t5_max: 126542
	F39_('S2', 'E2')_t4_max: 6563
	F39_('S4', 'S3')_t5_max: 6514
	F0_('S4', 'S3')_t5_min: 683
	F24_('S4', 'E4')_t4_max: 6178
	F36_('S5', 'E5')_t5_max: 221
	F0_('S2', 'E2')_tb: 724
	F25_('E1', 'S1')_t3_min: 2526
	F30_('S5', 'E5')_t5_min: 2814
	F12_('S4', 'S5')_t5_max: 117
	F29_('S2', 'E2')_tb: 2484
	F7_('S4', 'S5')_t3_max: 8150
	F23_('S1', 'E1')_tb: 126570
	F18_('S1', 'S2')_tb: 126285
	F25_('S1', 'S2')_t5_min: 2555
	F16_('E2', 'S2')_t4_min: 1
	F22_('S2', 'E2')_t5_max: 24974
	F4_('S3', 'S2')_t5_min: 56836
	F12_('S5', 'E5')_t5_max: 145
	F0_('S2', 'E2')_t3_max: 724
	F37_('E5', 'S5')_t5_max: 126621
	F11_('S3', 'E3')_t5_min: 842
	F18_('S1', 'S2')_t3_min: 126285
	F14_('S4', 'S3')_t3_min: 702
	F0_('S2', 'E2')_t5_min: 733
	F5_('S2', 'E2')_tb: 2573
	F22_('E5', 'S5')_t5_max: 24879
	F36_('S5', 'E5')_t3_min: 206
	F3_('S2', 'E2')_t3_max: 35949
	F34_('E1', 'S1')_t5_max: 2446
	F6_('E3', 'S3')_t5_min: 2195
	F21_('S3', 'S4')_t5_max: 3952
	F29_('S5', 'S4')_t5_min: 2438
	F25_('E1', 'S1')_t4_min: 2526
	F2_('S5', 'E5')_t4_max: 523
	F26_('S3', 'S2')_t3_min: 126596
	F38_('S3', 'S4')_tb: 2387
	F26_('S2', 'E2')_t3_min: 126602
	F20_('S3', 'S2')_t5_min: 2279
	F26_('S3', 'S2')_t5_max: 126618
	F38_('S5', 'E5')_t4_max: 2455
	F33_('S4', 'E4')_t5_min: 30123
	F38_('S4', 'S5')_t5_max: 2435
	F10_('S1', 'E1')_t5_min: 2284
	F21_('E3', 'S3')_t5_min: 3922
	F8_('S4', 'S3')_t5_max: 126634
	F2_('S4', 'S5')_t3_max: 487
	F32_('S3', 'E3')_t5_max: 116797
	F1_('S4', 'S3')_t5_max: 889
	F12_('E1', 'S1')_t4_min: 36
	F3_('S2', 'E2')_t4_max: 35949
	F14_('E4', 'S4')_tb: 692
	F8_('E4', 'S4')_t4_max: 126617
	F27_('S3', 'S4')_t3_min: 122209
	F35_('S1', 'E1')_t3_max: 62553
	F10_('S1', 'E1')_tb: 2272
	F23_('S3', 'S2')_t5_max: 126573
	F29_('E5', 'S5')_t5_max: 2430
	F9_('S4', 'S5')_t5_min: 8525
	F12_('S2', 'S3')_tb: 61
	F13_('S2', 'S3')_t3_max: 38
	F38_('E3', 'S3')_t4_min: 2380
	F29_('S4', 'S3')_t5_max: 2469
	F26_('S2', 'E2')_t5_min: 126606
	F6_('S3', 'S2')_t5_min: 2204
	F10_('E2', 'S2')_tb: 2221
	F1_('S2', 'S1')_t3_min: 878
	F39_('S4', 'S3')_t3_min: 6487
	F30_('S1', 'S2')_t5_max: 2776
	F37_('E5', 'S5')_t5_min: 126621
	F19_('E1', 'S1')_t4_min: 2240
	F13_('S3', 'S4')_t5_min: 50
	F7_('S5', 'E5')_t5_min: 8161
	F10_('S2', 'S1')_t3_min: 2235
	F7_('S3', 'S4')_t5_min: 8143
	F1_('E4', 'S4')_t5_max: 866
	F29_('S3', 'S2')_t3_max: 2476
	F21_('S5', 'E5')_t5_min: 3981
	F21_('S4', 'S5')_tb: 3959
	F32_('E4', 'S4')_t5_max: 116749
	F7_('S3', 'S4')_t5_max: 8143
	F35_('S2', 'S1')_t5_max: 62546
	F30_('S2', 'S3')_tb: 2783
	F28_('E3', 'S3')_tb: 106180
	F13_('S1', 'S2')_t5_min: 13
	F7_('S2', 'S3')_t5_min: 8129
	F1_('S4', 'S3')_t5_min: 871
	F24_('S3', 'S4')_t3_min: 6117
	F9_('E1', 'S1')_t4_min: 8464
	F31_('S3', 'S4')_t5_max: 58282
	F21_('S5', 'E5')_t5_max: 3999
	F12_('S1', 'S2')_t5_max: 59
	F25_('S3', 'E3')_t4_max: 2593
	F18_('S2', 'S3')_t3_max: 126316
	F30_('S1', 'S2')_t3_min: 2753
	F36_('E3', 'S3')_t3_min: 147
	F29_('E5', 'S5')_t4_min: 2424
	F36_('S4', 'S5')_t3_max: 194
	F4_('S4', 'S3')_t5_min: 56831
	F8_('S4', 'S3')_t5_min: 126634
	F10_('S1', 'E1')_t5_max: 2284
	F6_('S3', 'S2')_t3_min: 2197
	F24_('S3', 'S4')_t5_min: 6122
	F25_('E1', 'S1')_t5_max: 2537
	F24_('S3', 'S4')_t5_max: 6158
	F18_('S2', 'S3')_t5_max: 126322
	F16_('E2', 'S2')_t5_max: 10
	F20_('S3', 'S2')_tb: 2277
	F25_('E1', 'S1')_t4_max: 2526
	F12_('S5', 'E5')_t3_max: 124
	F28_('S5', 'E5')_t3_min: 106222
	F9_('S3', 'S4')_t3_min: 8511
	F4_('S2', 'E2')_t3_min: 56838
	F23_('S2', 'S1')_t5_min: 126568
	F30_('S5', 'E5')_tb: 2809
	F39_('E4', 'S4')_t5_min: 6485
	F7_('S3', 'S4')_tb: 8136
	F33_('E3', 'S3')_t4_max: 30097
	F15_('S2', 'S3')_tb: 789
	F14_('S3', 'E3')_tb: 712
	F19_('S3', 'E3')_t5_min: 2262
	F13_('S4', 'S5')_t5_min: 57
	F1_('S1', 'E1')_t3_min: 924
	F10_('S1', 'E1')_t4_max: 2272
	F31_('E2', 'S2')_t5_max: 58220
	F31_('S3', 'S4')_t5_min: 58246
	F6_('S3', 'S2')_t5_max: 2204
	F7_('S4', 'S5')_t3_min: 8145
	F39_('E4', 'S4')_t4_max: 6476
	F12_('S1', 'S2')_t5_min: 59
	F33_('S4', 'E4')_t4_max: 30119
	F22_('S3', 'S2')_t5_max: 24947
	F20_('S1', 'E1')_t4_max: 2339
	F0_('S3', 'S2')_tb: 708
	F27_('S5', 'E5')_t3_min: 122222
	F30_('S4', 'S5')_t5_min: 2807
	F6_('S2', 'S1')_t5_min: 2213
	F28_('E3', 'S3')_t5_min: 106192
	F39_('E4', 'S4')_t4_min: 6476
	F7_('E1', 'S1')_t5_max: 8088
	F37_('S3', 'E3')_t5_min: 126657
	F31_('S3', 'S4')_t3_min: 58235
	F10_('E2', 'S2')_t4_max: 2221
	F32_('E4', 'S4')_t5_min: 116749
	F16_('E2', 'S2')_tb: 1
	F32_('E4', 'S4')_t4_min: 116745
	F25_('S3', 'E3')_t5_min: 2586
	F30_('S4', 'S5')_t5_max: 2825
	F19_('S3', 'E3')_t3_max: 2299
	F15_('S3', 'E3')_t3_min: 798
	F24_('S4', 'E4')_t3_min: 6124
	F12_('S5', 'E5')_tb: 119
	F18_('S3', 'S4')_t5_max: 126348
	F26_('S3', 'S2')_tb: 126596
	F22_('S2', 'E2')_tb: 24931
	F15_('S2', 'S3')_t5_max: 814
	F2_('S3', 'S4')_tb: 459
	F31_('S5', 'E5')_t3_min: 58261
	F31_('S4', 'S5')_t3_max: 58289
	F5_('S1', 'S2')_t5_min: 2571
	F37_('S4', 'S3')_t3_max: 126658
	F39_('S2', 'E2')_t5_min: 6518
	F4_('S3', 'S2')_t3_min: 56833
	F2_('S5', 'E5')_t3_min: 469
	F29_('S4', 'S3')_t3_max: 2463
	F33_('S3', 'S4')_t3_min: 30103
	F32_('S4', 'S3')_t5_max: 116773
	F19_('S2', 'S3')_t5_max: 2292
	F31_('S3', 'S4')_tb: 58235
	F9_('S1', 'S2')_tb: 8472
	F0_('E4', 'S4')_t4_max: 663
	F28_('S5', 'E5')_tb: 106222
	F13_('S1', 'S2')_tb: 8
	F12_('E1', 'S1')_tb: 36
	F10_('S2', 'S1')_tb: 2235
	F38_('S3', 'S4')_t3_min: 2387
	F35_('E2', 'S2')_t5_max: 62536
	F18_('S5', 'E5')_t3_min: 126340
	F13_('E1', 'S1')_t4_max: 1
	F4_('S2', 'E2')_t5_min: 56882
	F33_('E3', 'S3')_t5_min: 30101
	F31_('S3', 'S4')_t3_max: 58258
	F23_('S2', 'S1')_t5_max: 126604
	F19_('S3', 'E3')_t4_max: 2312
	F12_('S5', 'E5')_t3_min: 119
	F9_('E1', 'S1')_t4_max: 8464
	F34_('S2', 'E2')_t3_min: 2460
	F32_('E4', 'S4')_tb: 116745
	F18_('S5', 'E5')_tb: 126340
	F31_('E2', 'S2')_t5_min: 58220
	F32_('E4', 'S4')_t3_min: 116745
	F34_('S2', 'E2')_t3_max: 2465
	F10_('S1', 'E1')_t3_min: 2249
	F38_('S3', 'S4')_t5_max: 2410
	F32_('S3', 'E3')_t5_min: 116761
	('S2', 'S1')_gcl_length: 146
	F29_('E5', 'S5')_tb: 2424
	F28_('S4', 'S5')_t3_max: 106231
	F26_('E3', 'S3')_t5_max: 126594
	F6_('E3', 'S3')_t5_max: 2195
	F5_('E1', 'S1')_t3_min: 2544
	F11_('S4', 'S3')_t5_min: 827
	F7_('S5', 'E5')_t4_max: 8190
	F5_('S2', 'E2')_t5_max: 2601
	F35_('S1', 'E1')_tb: 62548
	F31_('S2', 'S3')_t5_max: 58251
	F21_('E3', 'S3')_t3_min: 3912
	F22_('S2', 'E2')_t3_max: 24954
	F12_('S2', 'S3')_t3_max: 66
	F13_('S3', 'S4')_t5_max: 68
	F37_('S5', 'S4')_t5_max: 126651
	F28_('S4', 'S5')_t3_min: 106208
	F35_('S2', 'S1')_t3_min: 62538
	F13_('S1', 'S2')_t3_min: 8
	F12_('S4', 'S5')_tb: 109
	F20_('E4', 'S4')_t3_min: 2264
	F24_('S3', 'S4')_t3_max: 6140
	F4_('E4', 'S4')_t3_min: 56823
	F25_('S1', 'S2')_tb: 2544
	F7_('S5', 'E5')_tb: 8154
	F17_('S3', 'S4')_tb: 6411
	F20_('E4', 'S4')_t4_max: 2264
	F9_('S5', 'E5')_t5_min: 8533
	F27_('S4', 'S5')_t3_max: 122223
	F37_('S3', 'E3')_t5_max: 126711
	F22_('E5', 'S5')_t4_min: 24872
	F18_('S3', 'S4')_tb: 126324
	F17_('E2', 'S2')_t4_max: 6385
	F13_('S3', 'S4')_t3_max: 50
	F12_('S3', 'S4')_t5_min: 102
	F25_('E1', 'S1')_t5_min: 2537
	F35_('S1', 'E1')_t5_min: 62551
	F21_('S4', 'S5')_t5_min: 3969
	F21_('S5', 'E5')_t3_min: 3971
	F16_('S1', 'E1')_t4_max: 46
	F20_('S4', 'S3')_tb: 2273
	F18_('S2', 'S3')_tb: 126316
	F7_('E1', 'S1')_t4_min: 8081
	F4_('S3', 'S2')_tb: 56833
	F28_('E3', 'S3')_t4_min: 106180
	F13_('S2', 'S3')_t5_min: 43
	F1_('S1', 'E1')_tb: 924
	F25_('S2', 'S3')_t3_min: 2557
	F25_('S2', 'S3')_t3_max: 2562
	F16_('S1', 'E1')_t5_max: 55
	F36_('S4', 'S5')_tb: 194
	F3_('S3', 'S2')_t3_min: 35913
	F23_('E3', 'S3')_t4_min: 126531
	F34_('S2', 'E2')_tb: 2460
	F31_('S2', 'S3')_t3_min: 58222
	F1_('S1', 'E1')_t5_max: 945
	F31_('S4', 'S5')_t5_max: 58313
	F35_('E2', 'S2')_t3_min: 62533
	F31_('S5', 'E5')_t3_max: 58320
	F0_('E4', 'S4')_t4_min: 663
	F20_('S3', 'S2')_t5_max: 2297
	('S2', 'E2')_gcl_length: 72
	F6_('S1', 'E1')_t4_max: 2233
	F28_('S4', 'S5')_t5_max: 106256
	F24_('S2', 'S3')_t5_min: 6115
	F19_('S3', 'E3')_t3_min: 2258
	F22_('S3', 'S2')_tb: 24922
	F23_('E3', 'S3')_t3_min: 126531
	F3_('S2', 'E2')_t5_max: 35960
	F16_('E2', 'S2')_t5_min: 10
	F30_('S1', 'S2')_tb: 2753
	F2_('S4', 'S5')_t5_min: 467
	F18_('E1', 'S1')_t3_min: 126277
	F29_('S3', 'S2')_t5_max: 2482
	F6_('S1', 'E1')_t5_min: 2217
	F0_('S3', 'S2')_t3_min: 685
	F5_('S2', 'E2')_t5_min: 2583
	F32_('S4', 'S3')_t3_min: 116751
	F21_('E3', 'S3')_t4_max: 3912
	F28_('E3', 'S3')_t5_max: 106192
	F24_('E1', 'S1')_t5_max: 6096
	F9_('S4', 'S5')_t5_max: 8561
	F21_('S3', 'S4')_tb: 3924
	F16_('S2', 'S1')_t3_min: 12
	F30_('S2', 'S3')_t3_max: 2783
	F6_('S3', 'S2')_tb: 2202
	F34_('E1', 'S1')_t4_min: 2441
	F21_('S4', 'S5')_t3_min: 3936
	F12_('E1', 'S1')_t5_min: 44
	F7_('S2', 'S3')_t3_max: 8122
	F8_('S3', 'S2')_t5_min: 126641
	F19_('E1', 'S1')_tb: 2240
	F8_('E4', 'S4')_t4_min: 126617
	F33_('S4', 'E4')_t3_min: 30114
	F10_('S1', 'E1')_t3_max: 2272
	F29_('S2', 'E2')_t5_max: 2508
	F26_('S2', 'E2')_tb: 126602
	F18_('S5', 'E5')_t5_min: 126346
	F17_('S3', 'S4')_t5_max: 6458
	F1_('S2', 'S1')_t5_min: 922
	F31_('S5', 'E5')_t4_max: 58333
	F22_('S2', 'E2')_t5_min: 24938
	F5_('E1', 'S1')_t5_min: 2554
	F0_('S4', 'S3')_tb: 674
	F18_('S3', 'S4')_t5_min: 126330
	F9_('S2', 'S3')_tb: 8503
	F21_('S5', 'E5')_t3_max: 3976
	F23_('S3', 'S2')_tb: 126544
	F4_('S3', 'S2')_t5_max: 56872
	F22_('S5', 'S4')_t5_max: 24906
	F12_('S3', 'S4')_tb: 94
	F13_('S2', 'S3')_t5_max: 43
	F32_('E4', 'S4')_t4_max: 116745
	F21_('S5', 'E5')_t4_max: 3989
	F37_('S5', 'S4')_t3_min: 126623
	F37_('E5', 'S5')_t4_max: 126611
	F30_('S1', 'S2')_t5_min: 2758
	F3_('S2', 'E2')_t5_min: 35960
	F30_('E1', 'S1')_t4_min: 2746
	F20_('S1', 'E1')_t3_max: 2326
	F4_('E4', 'S4')_tb: 56823
	F1_('S2', 'S1')_tb: 919
	F28_('E3', 'S3')_t3_min: 106180
	F12_('S4', 'S5')_t5_min: 117
	F7_('E1', 'S1')_t4_max: 8081
	F1_('E4', 'S4')_tb: 863
	F11_('S4', 'S3')_t3_min: 809
	F2_('S2', 'S3')_t3_min: 449
	F24_('S1', 'S2')_t3_min: 6098
	F20_('S2', 'S1')_t5_max: 2319
	F7_('S5', 'E5')_t3_min: 8154
	F27_('S5', 'E5')_t4_max: 122258
	F34_('E1', 'S1')_tb: 2441
	F23_('S1', 'E1')_t4_max: 126624
	F14_('S3', 'E3')_t4_max: 748
	F39_('S4', 'S3')_t5_min: 6496
	F22_('S4', 'S3')_t5_max: 24920
	F18_('E1', 'S1')_t5_max: 126283
	F5_('S1', 'S2')_t3_min: 2556
	F1_('S3', 'S2')_t5_min: 876
	F1_('S1', 'E1')_t4_max: 942
	F27_('S5', 'E5')_tb: 122222
	F19_('S2', 'S3')_t3_min: 2252
	F2_('S3', 'S4')_t5_min: 462
	F12_('S2', 'S3')_t3_min: 61
	F2_('S3', 'S4')_t3_max: 464
	F12_('S2', 'S3')_t5_min: 69
	F15_('S2', 'S3')_t3_min: 789
	F9_('S3', 'S4')_t5_max: 8535
	F20_('E4', 'S4')_t5_min: 2266
	F0_('E4', 'S4')_t5_min: 672
	('S4', 'E4')_gcl_length: 2
	F26_('E3', 'S3')_t3_min: 126590
	('S3', 'S2')_gcl_length: 10
	F27_('S4', 'S5')_t3_min: 122218
	F7_('S2', 'S3')_tb: 8122
	F34_('E1', 'S1')_t3_min: 2441
	F7_('S2', 'S3')_t5_max: 8129
	F19_('S1', 'S2')_t5_min: 2250
	F0_('S2', 'E2')_t4_max: 724
	F17_('S4', 'E4')_t3_min: 6424
	F17_('S3', 'S4')_t5_min: 6422
	F29_('S4', 'S3')_tb: 2463
	F28_('E3', 'S3')_t4_max: 106180
	F7_('S4', 'S5')_t5_max: 8170
	F27_('S5', 'E5')_t3_max: 122245
	F30_('E1', 'S1')_tb: 2746
	F29_('S4', 'S3')_t3_min: 2440
	F21_('S3', 'S4')_t3_min: 3924
	F13_('E1', 'S1')_t4_min: 1
