0. Flow F0 [E5-->E2] with period 32000, payload 911B, e2e delay 32000us, jitter 3200us
	('E5', 'S5'), Operation(26495, None, 26503)(26495, 26495)
	('S5', 'S4'), Operation(26505, None, 26531)(26505, 26523)
	('S4', 'S3'), Operation(26515, None, 26559)(26515, 26551)
	('S3', 'S2'), Operation(26525, 26566, 26574)(26566, 26566)
	('S2', 'E2'), Operation(26576, 26581, 26589)(26581, 26581)
1. Flow F1 [E2-->E3] with period 2000, payload 747B, e2e delay 2000us, jitter 200us
	('E2', 'S2'), Operation(335, None, 341)(335, 335)
	('S2', 'S3'), Operation(343, 348, 354)(348, 348)
	('S3', 'E3'), Operation(356, None, 380)(356, 374)
2. Flow F2 [E2-->E1] with period 64000, payload 1403B, e2e delay 64000us, jitter 6400us
	('E2', 'S2'), Operation(4086, None, 4098)(4086, 4086)
	('S2', 'S1'), Operation(4100, None, 4130)(4100, 4118)
	('S1', 'E1'), Operation(4114, 4149, 4161)(4149, 4149)
3. Flow F3 [E4-->E5] with period 32000, payload 78B, e2e delay 32000us, jitter 3200us
	('E4', 'S4'), Operation(16104, None, 16105)(16104, 16104)
	('S4', 'S5'), Operation(16107, 16124, 16125)(16124, 16124)
	('S5', 'E5'), Operation(16127, None, 16146)(16127, 16145)
4. Flow F4 [E5-->E1] with period 128000, payload 1094B, e2e delay 128000us, jitter 12800us
	('E5', 'S5'), Operation(39292, None, 39301)(39292, 39292)
	('S5', 'S4'), Operation(39303, 39308, 39317)(39308, 39308)
	('S4', 'S3'), Operation(39319, 39324, 39333)(39324, 39324)
	('S3', 'S2'), Operation(39335, 39340, 39349)(39340, 39340)
	('S2', 'S1'), Operation(39351, None, 39378)(39351, 39369)
	('S1', 'E1'), Operation(39362, None, 39407)(39362, 39398)
5. Flow F5 [E4-->E3] with period 32000, payload 325B, e2e delay 32000us, jitter 3200us
	('E4', 'S4'), Operation(1, None, 4)(1, 1)
	('S4', 'S3'), Operation(6, None, 27)(6, 24)
	('S3', 'E3'), Operation(11, None, 50)(11, 47)
6. Flow F6 [E5-->E2] with period 8000, payload 1266B, e2e delay 8000us, jitter 800us
	('E5', 'S5'), Operation(2459, None, 2470)(2459, 2459)
	('S5', 'S4'), Operation(2472, 2477, 2488)(2477, 2477)
	('S4', 'S3'), Operation(2490, 2495, 2506)(2495, 2495)
	('S3', 'S2'), Operation(2508, 2513, 2524)(2513, 2513)
	('S2', 'E2'), Operation(2526, 2531, 2542)(2531, 2531)
7. Flow F7 [E4-->E2] with period 8000, payload 559B, e2e delay 8000us, jitter 800us
	('E4', 'S4'), Operation(7418, None, 7423)(7418, 7418)
	('S4', 'S3'), Operation(7425, None, 7448)(7425, 7443)
	('S3', 'S2'), Operation(7432, None, 7473)(7432, 7468)
	('S2', 'E2'), Operation(7439, None, 7498)(7439, 7493)
8. Flow F8 [E5-->E3] with period 16000, payload 867B, e2e delay 16000us, jitter 1600us
	('E5', 'S5'), Operation(6969, None, 6976)(6969, 6969)
	('S5', 'S4'), Operation(6978, None, 7003)(6978, 6996)
	('S4', 'S3'), Operation(6987, None, 7030)(6987, 7023)
	('S3', 'E3'), Operation(6996, None, 7057)(6996, 7050)
9. Flow F9 [E5-->E3] with period 2000, payload 752B, e2e delay 2000us, jitter 200us
	('E5', 'S5'), Operation(1269, None, 1276)(1269, 1269)
	('S5', 'S4'), Operation(1278, 1295, 1302)(1295, 1295)
	('S4', 'S3'), Operation(1304, 1309, 1316)(1309, 1309)
	('S3', 'E3'), Operation(1318, None, 1343)(1318, 1336)
10. Flow F10 [E5-->E4] with period 8000, payload 579B, e2e delay 8000us, jitter 800us
	('E5', 'S5'), Operation(2525, None, 2530)(2525, 2525)
	('S5', 'S4'), Operation(2532, None, 2555)(2532, 2550)
	('S4', 'E4'), Operation(2539, None, 2580)(2539, 2575)
11. Flow F11 [E2-->E3] with period 16000, payload 1275B, e2e delay 16000us, jitter 1600us
	('E2', 'S2'), Operation(25, None, 36)(25, 25)
	('S2', 'S3'), Operation(38, None, 67)(38, 56)
	('S3', 'E3'), Operation(51, None, 98)(51, 87)
12. Flow F12 [E4-->E2] with period 128000, payload 423B, e2e delay 128000us, jitter 12800us
	('E4', 'S4'), Operation(15481, None, 15485)(15481, 15481)
	('S4', 'S3'), Operation(15487, None, 15509)(15487, 15505)
	('S3', 'S2'), Operation(15493, None, 15533)(15493, 15529)
	('S2', 'E2'), Operation(15499, None, 15557)(15499, 15553)
13. Flow F13 [E1-->E5] with period 128000, payload 108B, e2e delay 128000us, jitter 12800us
	('E1', 'S1'), Operation(127893, None, 127894)(127893, 127893)
	('S1', 'S2'), Operation(127896, None, 127915)(127896, 127914)
	('S2', 'S3'), Operation(127899, None, 127936)(127899, 127935)
	('S3', 'S4'), Operation(127902, None, 127957)(127902, 127956)
	('S4', 'S5'), Operation(127905, None, 127978)(127905, 127977)
	('S5', 'E5'), Operation(127908, None, 127999)(127908, 127998)
14. Flow F14 [E2-->E5] with period 64000, payload 72B, e2e delay 64000us, jitter 6400us
	('E2', 'S2'), Operation(41858, None, 41859)(41858, 41858)
	('S2', 'S3'), Operation(41861, None, 41880)(41861, 41879)
	('S3', 'S4'), Operation(41864, None, 41901)(41864, 41900)
	('S4', 'S5'), Operation(41867, None, 41922)(41867, 41921)
	('S5', 'E5'), Operation(41870, None, 41943)(41870, 41942)
15. Flow F15 [E4-->E5] with period 4000, payload 541B, e2e delay 4000us, jitter 400us
	('E4', 'S4'), Operation(1775, None, 1780)(1775, 1775)
	('S4', 'S5'), Operation(1782, None, 1805)(1782, 1800)
	('S5', 'E5'), Operation(1789, None, 1830)(1789, 1825)
16. Flow F16 [E5-->E3] with period 4000, payload 1411B, e2e delay 4000us, jitter 400us
	('E5', 'S5'), Operation(2900, None, 2912)(2900, 2900)
	('S5', 'S4'), Operation(2914, None, 2944)(2914, 2932)
	('S4', 'S3'), Operation(2928, 2951, 2963)(2951, 2951)
	('S3', 'E3'), Operation(2965, None, 2995)(2965, 2983)
17. Flow F17 [E5-->E4] with period 4000, payload 1308B, e2e delay 4000us, jitter 400us
	('E5', 'S5'), Operation(256, None, 267)(256, 256)
	('S5', 'S4'), Operation(269, 274, 285)(274, 274)
	('S4', 'E4'), Operation(287, 292, 303)(292, 292)
18. Flow F18 [E5-->E1] with period 128000, payload 237B, e2e delay 128000us, jitter 12800us
	('E5', 'S5'), Operation(62482, None, 62484)(62482, 62482)
	('S5', 'S4'), Operation(62486, None, 62506)(62486, 62504)
	('S4', 'S3'), Operation(62490, 62513, 62515)(62513, 62513)
	('S3', 'S2'), Operation(62517, 62524, 62526)(62524, 62524)
	('S2', 'S1'), Operation(62528, None, 62548)(62528, 62546)
	('S1', 'E1'), Operation(62532, 62560, 62562)(62560, 62560)
19. Flow F19 [E4-->E3] with period 4000, payload 317B, e2e delay 4000us, jitter 400us
	('E4', 'S4'), Operation(136, None, 139)(136, 136)
	('S4', 'S3'), Operation(141, None, 162)(141, 159)
	('S3', 'E3'), Operation(146, None, 185)(146, 182)
20. Flow F20 [E1-->E5] with period 2000, payload 1304B, e2e delay 2000us, jitter 200us
	('E1', 'S1'), Operation(1519, None, 1530)(1519, 1519)
	('S1', 'S2'), Operation(1532, None, 1561)(1532, 1550)
	('S2', 'S3'), Operation(1545, None, 1592)(1545, 1581)
	('S3', 'S4'), Operation(1558, None, 1623)(1558, 1612)
	('S4', 'S5'), Operation(1571, None, 1654)(1571, 1643)
	('S5', 'E5'), Operation(1584, None, 1685)(1584, 1674)
21. Flow F21 [E5-->E1] with period 32000, payload 1386B, e2e delay 32000us, jitter 3200us
	('E5', 'S5'), Operation(30493, None, 30505)(30493, 30493)
	('S5', 'S4'), Operation(30507, None, 30537)(30507, 30525)
	('S4', 'S3'), Operation(30521, None, 30569)(30521, 30557)
	('S3', 'S2'), Operation(30535, None, 30601)(30535, 30589)
	('S2', 'S1'), Operation(30549, None, 30633)(30549, 30621)
	('S1', 'E1'), Operation(30563, None, 30665)(30563, 30653)
22. Flow F22 [E1-->E5] with period 128000, payload 1084B, e2e delay 128000us, jitter 12800us
	('E1', 'S1'), Operation(24173, None, 24182)(24173, 24173)
	('S1', 'S2'), Operation(24184, None, 24211)(24184, 24202)
	('S2', 'S3'), Operation(24195, None, 24240)(24195, 24231)
	('S3', 'S4'), Operation(24206, None, 24269)(24206, 24260)
	('S4', 'S5'), Operation(24217, None, 24298)(24217, 24289)
	('S5', 'E5'), Operation(24228, None, 24327)(24228, 24318)
23. Flow F23 [E4-->E5] with period 4000, payload 926B, e2e delay 4000us, jitter 400us
	('E4', 'S4'), Operation(1711, None, 1719)(1711, 1711)
	('S4', 'S5'), Operation(1721, None, 1747)(1721, 1739)
	('S5', 'E5'), Operation(1731, None, 1775)(1731, 1767)
24. Flow F24 [E4-->E3] with period 64000, payload 327B, e2e delay 64000us, jitter 6400us
	('E4', 'S4'), Operation(63334, None, 63337)(63334, 63334)
	('S4', 'S3'), Operation(63339, None, 63360)(63339, 63357)
	('S3', 'E3'), Operation(63344, None, 63383)(63344, 63380)
25. Flow F25 [E4-->E5] with period 128000, payload 969B, e2e delay 128000us, jitter 12800us
	('E4', 'S4'), Operation(1666, None, 1674)(1666, 1666)
	('S4', 'S5'), Operation(1676, None, 1702)(1676, 1694)
	('S5', 'E5'), Operation(1686, None, 1730)(1686, 1722)
26. Flow F26 [E1-->E4] with period 64000, payload 511B, e2e delay 64000us, jitter 6400us
	('E1', 'S1'), Operation(16296, None, 16301)(16296, 16296)
	('S1', 'S2'), Operation(16303, 16308, 16313)(16308, 16308)
	('S2', 'S3'), Operation(16315, None, 16338)(16315, 16333)
	('S3', 'S4'), Operation(16322, None, 16363)(16322, 16358)
	('S4', 'E4'), Operation(16329, 16370, 16375)(16370, 16370)
27. Flow F27 [E2-->E5] with period 4000, payload 142B, e2e delay 4000us, jitter 400us
	('E2', 'S2'), Operation(131, None, 133)(131, 131)
	('S2', 'S3'), Operation(135, None, 155)(135, 153)
	('S3', 'S4'), Operation(139, None, 177)(139, 175)
	('S4', 'S5'), Operation(143, None, 199)(143, 197)
	('S5', 'E5'), Operation(147, None, 221)(147, 219)
28. Flow F28 [E4-->E5] with period 2000, payload 1079B, e2e delay 2000us, jitter 200us
	('E4', 'S4'), Operation(1275, None, 1284)(1275, 1275)
	('S4', 'S5'), Operation(1286, None, 1313)(1286, 1304)
	('S5', 'E5'), Operation(1297, None, 1342)(1297, 1333)
29. Flow F29 [E4-->E3] with period 2000, payload 1028B, e2e delay 2000us, jitter 200us
	('E4', 'S4'), Operation(451, None, 460)(451, 451)
	('S4', 'S3'), Operation(462, None, 489)(462, 480)
	('S3', 'E3'), Operation(473, None, 518)(473, 509)
30. Flow F30 [E4-->E5] with period 128000, payload 1240B, e2e delay 128000us, jitter 12800us
	('E4', 'S4'), Operation(127760, None, 127770)(127760, 127760)
	('S4', 'S5'), Operation(127772, None, 127800)(127772, 127790)
	('S5', 'E5'), Operation(127784, None, 127830)(127784, 127820)
31. Flow F31 [E4-->E1] with period 8000, payload 1091B, e2e delay 8000us, jitter 800us
	('E4', 'S4'), Operation(7364, None, 7373)(7364, 7364)
	('S4', 'S3'), Operation(7375, None, 7402)(7375, 7393)
	('S3', 'S2'), Operation(7386, None, 7431)(7386, 7422)
	('S2', 'S1'), Operation(7397, None, 7460)(7397, 7451)
	('S1', 'E1'), Operation(7408, None, 7489)(7408, 7480)
32. Flow F32 [E5-->E3] with period 32000, payload 680B, e2e delay 32000us, jitter 3200us
	('E5', 'S5'), Operation(18548, None, 18554)(18548, 18548)
	('S5', 'S4'), Operation(18556, None, 18580)(18556, 18574)
	('S4', 'S3'), Operation(18564, None, 18606)(18564, 18600)
	('S3', 'E3'), Operation(18572, 18613, 18619)(18613, 18613)
33. Flow F33 [E1-->E4] with period 16000, payload 1135B, e2e delay 16000us, jitter 1600us
	('E1', 'S1'), Operation(6326, None, 6336)(6326, 6326)
	('S1', 'S2'), Operation(6338, 6343, 6353)(6343, 6343)
	('S2', 'S3'), Operation(6355, 6363, 6373)(6363, 6363)
	('S3', 'S4'), Operation(6375, 6392, 6402)(6392, 6392)
	('S4', 'E4'), Operation(6404, 6423, 6433)(6423, 6423)
34. Flow F34 [E2-->E1] with period 32000, payload 148B, e2e delay 32000us, jitter 3200us
	('E2', 'S2'), Operation(22, None, 24)(22, 22)
	('S2', 'S1'), Operation(26, 43, 45)(43, 43)
	('S1', 'E1'), Operation(47, None, 67)(47, 65)
35. Flow F35 [E5-->E1] with period 128000, payload 1259B, e2e delay 128000us, jitter 12800us
	('E5', 'S5'), Operation(119005, None, 119016)(119005, 119005)
	('S5', 'S4'), Operation(119018, None, 119047)(119018, 119036)
	('S4', 'S3'), Operation(119031, None, 119078)(119031, 119067)
	('S3', 'S2'), Operation(119044, None, 119109)(119044, 119098)
	('S2', 'S1'), Operation(119057, None, 119140)(119057, 119129)
	('S1', 'E1'), Operation(119070, None, 119171)(119070, 119160)
36. Flow F36 [E4-->E5] with period 2000, payload 212B, e2e delay 2000us, jitter 200us
	('E4', 'S4'), Operation(1823, None, 1825)(1823, 1823)
	('S4', 'S5'), Operation(1827, None, 1847)(1827, 1845)
	('S5', 'E5'), Operation(1831, None, 1869)(1831, 1867)
37. Flow F37 [E1-->E3] with period 2000, payload 530B, e2e delay 2000us, jitter 200us
	('E1', 'S1'), Operation(347, None, 352)(347, 347)
	('S1', 'S2'), Operation(354, 367, 372)(367, 367)
	('S2', 'S3'), Operation(374, None, 397)(374, 392)
	('S3', 'E3'), Operation(381, 404, 409)(404, 404)
38. Flow F38 [E4-->E2] with period 4000, payload 1056B, e2e delay 4000us, jitter 400us
	('E4', 'S4'), Operation(3265, None, 3274)(3265, 3265)
	('S4', 'S3'), Operation(3276, None, 3303)(3276, 3294)
	('S3', 'S2'), Operation(3287, None, 3332)(3287, 3323)
	('S2', 'E2'), Operation(3298, None, 3361)(3298, 3352)
39. Flow F39 [E3-->E1] with period 64000, payload 870B, e2e delay 64000us, jitter 6400us
	('E3', 'S3'), Operation(60518, None, 60525)(60518, 60518)
	('S3', 'S2'), Operation(60527, 60532, 60539)(60532, 60532)
	('S2', 'S1'), Operation(60541, 60558, 60565)(60558, 60558)
	('S1', 'E1'), Operation(60567, 60584, 60591)(60584, 60584)
40. Flow F40 [E3-->E4] with period 128000, payload 472B, e2e delay 128000us, jitter 12800us
	('E3', 'S3'), Operation(63506, None, 63510)(63506, 63506)
	('S3', 'S4'), Operation(63512, 63517, 63521)(63517, 63517)
	('S4', 'E4'), Operation(63523, None, 63545)(63523, 63541)
41. Flow F41 [E3-->E4] with period 16000, payload 968B, e2e delay 16000us, jitter 1600us
	('E3', 'S3'), Operation(5614, None, 5622)(5614, 5614)
	('S3', 'S4'), Operation(5624, None, 5650)(5624, 5642)
	('S4', 'E4'), Operation(5634, None, 5678)(5634, 5670)
42. Flow F42 [E4-->E1] with period 64000, payload 589B, e2e delay 64000us, jitter 6400us
	('E4', 'S4'), Operation(19180, None, 19185)(19180, 19180)
	('S4', 'S3'), Operation(19187, None, 19210)(19187, 19205)
	('S3', 'S2'), Operation(19194, None, 19235)(19194, 19230)
	('S2', 'S1'), Operation(19201, None, 19260)(19201, 19255)
	('S1', 'E1'), Operation(19208, None, 19285)(19208, 19280)
43. Flow F43 [E5-->E2] with period 16000, payload 1067B, e2e delay 16000us, jitter 1600us
	('E5', 'S5'), Operation(3198, None, 3207)(3198, 3198)
	('S5', 'S4'), Operation(3209, 3214, 3223)(3214, 3214)
	('S4', 'S3'), Operation(3225, None, 3252)(3225, 3243)
	('S3', 'S2'), Operation(3236, 3259, 3268)(3259, 3259)
	('S2', 'E2'), Operation(3270, None, 3297)(3270, 3288)
44. Flow F44 [E4-->E5] with period 16000, payload 364B, e2e delay 16000us, jitter 1600us
	('E4', 'S4'), Operation(461, None, 464)(461, 461)
	('S4', 'S5'), Operation(466, None, 487)(466, 484)
	('S5', 'E5'), Operation(471, None, 510)(471, 507)
45. Flow F45 [E4-->E5] with period 8000, payload 1256B, e2e delay 8000us, jitter 800us
	('E4', 'S4'), Operation(7486, None, 7497)(7486, 7486)
	('S4', 'S5'), Operation(7499, None, 7528)(7499, 7517)
	('S5', 'E5'), Operation(7512, None, 7559)(7512, 7548)
46. Flow F46 [E2-->E3] with period 2000, payload 1180B, e2e delay 2000us, jitter 200us
	('E2', 'S2'), Operation(75, None, 85)(75, 75)
	('S2', 'S3'), Operation(87, None, 115)(87, 105)
	('S3', 'E3'), Operation(99, 135, 145)(135, 135)
47. Flow F47 [E4-->E5] with period 32000, payload 106B, e2e delay 32000us, jitter 3200us
	('E4', 'S4'), Operation(31864, None, 31865)(31864, 31864)
	('S4', 'S5'), Operation(31867, None, 31886)(31867, 31885)
	('S5', 'E5'), Operation(31870, None, 31907)(31870, 31906)
48. Flow F48 [E2-->E4] with period 128000, payload 522B, e2e delay 128000us, jitter 12800us
	('E2', 'S2'), Operation(4109, None, 4114)(4109, 4109)
	('S2', 'S3'), Operation(4116, 4121, 4126)(4121, 4121)
	('S3', 'S4'), Operation(4128, 4133, 4138)(4133, 4133)
	('S4', 'E4'), Operation(4140, 4145, 4150)(4145, 4145)
49. Flow F49 [E5-->E2] with period 128000, payload 567B, e2e delay 128000us, jitter 12800us
	('E5', 'S5'), Operation(58549, None, 58554)(58549, 58549)
	('S5', 'S4'), Operation(58556, 58569, 58574)(58569, 58569)
	('S4', 'S3'), Operation(58576, None, 58599)(58576, 58594)
	('S3', 'S2'), Operation(58583, None, 58624)(58583, 58619)
	('S2', 'E2'), Operation(58590, None, 58649)(58590, 58644)
50. Flow F50 [E2-->E4] with period 16000, payload 69B, e2e delay 16000us, jitter 1600us
	('E2', 'S2'), Operation(8320, None, 8321)(8320, 8320)
	('S2', 'S3'), Operation(8323, None, 8342)(8323, 8341)
	('S3', 'S4'), Operation(8326, None, 8363)(8326, 8362)
	('S4', 'E4'), Operation(8329, None, 8384)(8329, 8383)
51. Flow F51 [E5-->E4] with period 8000, payload 89B, e2e delay 8000us, jitter 800us
	('E5', 'S5'), Operation(298, None, 299)(298, 298)
	('S5', 'S4'), Operation(301, None, 320)(301, 319)
	('S4', 'E4'), Operation(304, 327, 328)(327, 327)
52. Flow F52 [E3-->E4] with period 16000, payload 214B, e2e delay 16000us, jitter 1600us
	('E3', 'S3'), Operation(8266, None, 8268)(8266, 8266)
	('S3', 'S4'), Operation(8270, 8275, 8277)(8275, 8275)
	('S4', 'E4'), Operation(8279, 8284, 8286)(8284, 8284)
53. Flow F53 [E2-->E1] with period 4000, payload 1493B, e2e delay 4000us, jitter 400us
	('E2', 'S2'), Operation(3144, None, 3156)(3144, 3144)
	('S2', 'S1'), Operation(3158, None, 3188)(3158, 3176)
	('S1', 'E1'), Operation(3172, 3195, 3207)(3195, 3195)
54. Flow F54 [E5-->E1] with period 64000, payload 358B, e2e delay 64000us, jitter 6400us
	('E5', 'S5'), Operation(60480, None, 60483)(60480, 60480)
	('S5', 'S4'), Operation(60485, None, 60506)(60485, 60503)
	('S4', 'S3'), Operation(60490, 60513, 60516)(60513, 60513)
	('S3', 'S2'), Operation(60518, 60523, 60526)(60523, 60523)
	('S2', 'S1'), Operation(60528, 60533, 60536)(60533, 60533)
	('S1', 'E1'), Operation(60538, None, 60559)(60538, 60556)
55. Flow F55 [E5-->E3] with period 64000, payload 881B, e2e delay 64000us, jitter 6400us
	('E5', 'S5'), Operation(18380, None, 18388)(18380, 18380)
	('S5', 'S4'), Operation(18390, None, 18416)(18390, 18408)
	('S4', 'S3'), Operation(18400, None, 18444)(18400, 18436)
	('S3', 'E3'), Operation(18410, None, 18472)(18410, 18464)
56. Flow F56 [E5-->E2] with period 64000, payload 870B, e2e delay 64000us, jitter 6400us
	('E5', 'S5'), Operation(58586, 58586, 58593)(58586, 58586)
	('S5', 'S4'), Operation(58595, None, 58620)(58595, 58613)
	('S4', 'S3'), Operation(58604, 58627, 58634)(58627, 58627)
	('S3', 'S2'), Operation(58636, 58641, 58648)(58641, 58641)
	('S2', 'E2'), Operation(58650, 58655, 58662)(58655, 58655)
57. Flow F57 [E1-->E4] with period 32000, payload 496B, e2e delay 32000us, jitter 3200us
	('E1', 'S1'), Operation(24155, None, 24159)(24155, 24155)
	('S1', 'S2'), Operation(24161, 24166, 24170)(24166, 24166)
	('S2', 'S3'), Operation(24172, None, 24194)(24172, 24190)
	('S3', 'S4'), Operation(24178, 24201, 24205)(24201, 24201)
	('S4', 'E4'), Operation(24207, None, 24229)(24207, 24225)
58. Flow F58 [E1-->E5] with period 64000, payload 755B, e2e delay 64000us, jitter 6400us
	('E1', 'S1'), Operation(63641, None, 63648)(63641, 63641)
	('S1', 'S2'), Operation(63650, None, 63675)(63650, 63668)
	('S2', 'S3'), Operation(63659, None, 63702)(63659, 63695)
	('S3', 'S4'), Operation(63668, None, 63729)(63668, 63722)
	('S4', 'S5'), Operation(63677, None, 63756)(63677, 63749)
	('S5', 'E5'), Operation(63686, None, 63783)(63686, 63776)
59. Flow F59 [E1-->E5] with period 128000, payload 557B, e2e delay 128000us, jitter 12800us
	('E1', 'S1'), Operation(63467, None, 63472)(63467, 63467)
	('S1', 'S2'), Operation(63474, 63491, 63496)(63491, 63491)
	('S2', 'S3'), Operation(63498, 63515, 63520)(63515, 63515)
	('S3', 'S4'), Operation(63522, 63527, 63532)(63527, 63527)
	('S4', 'S5'), Operation(63534, 63553, 63558)(63553, 63553)
	('S5', 'E5'), Operation(63560, None, 63583)(63560, 63578)

SMT variables: 
	F54_jitter: 18
	F32_jitter: 0
	F41_('S4', 'E4')_rr: 0
	F30_('S4', 'S5')_t3_min: 127772
	F15_('S5', 'E5')_rr: 0
	F38_('E4', 'S4')_rr: 0
	('S4', 'S3')_gcl_cycle: 128000
	F50_('S3', 'S4')_t3_min: 8326
	F52_('S3', 'S4')_gc: True
	F7_queue_index: 0
	F3_('S4', 'S5')_gc: True
	F46_('S2', 'S3')_gc: False
	F56_('S2', 'E2')_gc: True
	F57_('S3', 'S4')_gc: True
	F30_('S4', 'S5')_t3_max: 127777
	F2_('S2', 'S1')_t4_min: 4100
	F0_('E5', 'S5')_rr: 0
	F35_('S5', 'S4')_rr: 0
	F59_('S3', 'S4')_rr: 1
	F43_('S3', 'S2')_gc: True
	F51_('S5', 'S4')_gc: False
	F54_('S5', 'S4')_t4_min: 60485
	F26_('S2', 'S3')_t4_min: 16315
	F43_('S5', 'S4')_gc: True
	F22_queue_index: 0
	F34_('S2', 'S1')_t4_min: 43
	F37_('S2', 'S3')_t4_min: 374
	F47_('E4', 'S4')_tb: 31864
	F37_('S3', 'E3')_gc: True
	F7_('E4', 'S4')_rr: 0
	F0_('S4', 'S3')_t4_max: 26551
	F7_('S4', 'S3')_rr: 0
	F50_('S2', 'S3')_t4_max: 8341
	F47_('E4', 'S4')_t4_min: 31864
	F57_('S2', 'S3')_gc: False
	F47_('S5', 'E5')_tb: 31870
	F19_('E4', 'S4')_t5_max: 139
	F18_('S4', 'S3')_t4_max: 62513
	F56_('S2', 'E2')_t3_min: 58650
	F44_('E4', 'S4')_gc: False
	F32_('E5', 'S5')_t5_min: 18554
	F39_('S2', 'S1')_rr: 1
	F55_('E5', 'S5')_rr: 0
	F40_('S4', 'E4')_t4_min: 63523
	F7_('E4', 'S4')_t3_max: 7405
	F35_('E5', 'S5')_gc: False
	F18_('S5', 'S4')_t5_min: 62488
	F50_('S2', 'S3')_t5_max: 8342
	F6_('S4', 'S3')_t4_min: 2495
	F25_('S5', 'E5')_gc: False
	F29_('S4', 'S3')_t4_max: 480
	F57_('S1', 'S2')_t3_max: 24166
	F27_('E2', 'S2')_tb: 131
	F54_queue_index: 0
	F28_('S5', 'E5')_rr: 0
	F12_('S3', 'S2')_rr: 0
	F32_('S5', 'S4')_t4_min: 18556
	F59_('S1', 'S2')_t4_max: 63491
	F42_('E4', 'S4')_t3_max: 19167
	F6_('S3', 'S2')_rr: 16
	F13_jitter: 90
	F1_jitter: 18
	F39_('E3', 'S3')_gc: False
	F13_('S3', 'S4')_t4_min: 127902
	F20_('S4', 'S5')_t4_max: 1643
	F24_('S4', 'S3')_t4_max: 63357
	F4_('S5', 'S4')_rr: 1
	F34_('S1', 'E1')_rr: 0
	F15_jitter: 36
	F54_('S4', 'S3')_t4_max: 60513
	F24_('S4', 'S3')_rr: 0
	F20_('S2', 'S3')_t4_max: 1581
	F49_('E5', 'S5')_gc: False
	F26_('E1', 'S1')_t3_max: 16283
	F20_('S1', 'S2')_gc: False
	F50_('S4', 'E4')_gc: False
	F17_('E5', 'S5')_t3_max: 243
	F37_('S2', 'S3')_rr: 0
	F51_('S5', 'S4')_t4_max: 319
	F55_('S5', 'S4')_t4_min: 18390
	F29_('E4', 'S4')_gc: False
	F6_queue_index: 0
	F7_('E4', 'S4')_gc: False
	F20_('S2', 'S3')_tb: 1545
	F48_jitter: 0
	F59_('E1', 'S1')_rr: 0
	F11_('S2', 'S3')_rr: 0
	F42_('S3', 'S2')_rr: 0
	F32_('E5', 'S5')_t3_max: 18535
	F42_('S4', 'S3')_rr: 0
	F54_('E5', 'S5')_t3_max: 60467
	('E2', 'S2')_gcl_cycle: 1
	F33_('E1', 'S1')_gc: False
	F45_('S5', 'E5')_rr: 0
	F14_('S4', 'S5')_t3_max: 41908
	F22_('S1', 'S2')_t4_min: 24184
	('S2', 'E2')_gcl_cycle: 64000
	F10_('E5', 'S5')_t3_min: 2525
	F48_('S2', 'S3')_rr: 1
	F5_('S3', 'E3')_rr: 0
	F24_('S4', 'S3')_t4_min: 63339
	F54_('S1', 'E1')_t4_min: 60538
	F57_('S3', 'S4')_t4_min: 24201
	F17_('E5', 'S5')_rr: 0
	F41_('S3', 'S4')_t4_min: 5624
	F11_('S2', 'S3')_t4_max: 56
	F33_('S1', 'S2')_t3_max: 6343
	F58_('S2', 'S3')_gc: False
	F11_('S2', 'S3')_t4_min: 38
	F43_('S4', 'S3')_t4_min: 3225
	F35_('S1', 'E1')_gc: False
	F49_('S4', 'S3')_t3_max: 58581
	F27_('S2', 'S3')_rr: 0
	F10_('S4', 'E4')_gc: False
	F3_('E4', 'S4')_t5_max: 16105
	F14_('S4', 'S5')_gc: False
	F52_jitter: 0
	('S3', 'E3')_gcl_cycle: 32000
	F56_('S3', 'S2')_rr: 2
	F12_('S2', 'E2')_rr: 0
	F4_('S2', 'S1')_gc: False
	F2_('S2', 'S1')_t3_max: 4105
	F13_('S1', 'S2')_t4_min: 127896
	F31_('S1', 'E1')_t4_max: 7480
	F14_('S5', 'E5')_gc: False
	F14_('S2', 'S3')_t3_max: 41866
	F41_('E3', 'S3')_gc: False
	F6_('S2', 'E2')_t4_min: 2531
	F33_('S3', 'S4')_t5_min: 6402
	F21_('S1', 'E1')_t4_min: 30563
	F53_('S2', 'S1')_t4_min: 3158
	F5_('S4', 'S3')_t5_min: 9
	F3_('S4', 'S5')_t3_max: 16112
	F38_('S4', 'S3')_gc: False
	F0_('E5', 'S5')_t5_max: 26503
	F21_('S2', 'S1')_gc: False
	F28_jitter: 36
	F17_('S5', 'S4')_t5_max: 285
	F38_('S4', 'S3')_t4_min: 3276
	F13_('S4', 'S5')_rr: 0
	F3_('E4', 'S4')_t4_min: 16104
	F31_('S2', 'S1')_rr: 0
	F48_('S3', 'S4')_gc: True
	F38_('S4', 'S3')_t3_max: 3281
	F13_('S4', 'S5')_t4_max: 127977
	F58_('E1', 'S1')_t3_max: 63628
	F13_('E1', 'S1')_gc: False
	F37_('S2', 'S3')_gc: False
	F16_('S4', 'S3')_t4_min: 2951
	F26_('S3', 'S4')_t3_max: 16345
	F28_('E4', 'S4')_rr: 0
	F51_('S5', 'S4')_rr: 0
	F6_('S2', 'E2')_rr: 8
	F3_('S4', 'S5')_t3_min: 16107
	F56_('E5', 'S5')_t3_max: 58572
	F43_('S4', 'S3')_gc: False
	F31_('S1', 'E1')_t3_max: 7467
	F40_('S3', 'S4')_rr: 1
	F18_('E5', 'S5')_gc: False
	F4_('E5', 'S5')_t3_max: 39279
	F58_('S2', 'S3')_rr: 0
	F41_('S3', 'S4')_gc: False
	F49_('E5', 'S5')_t3_max: 58536
	F4_('E5', 'S5')_t5_min: 39301
	F18_('S2', 'S1')_t4_max: 62546
	F20_('S2', 'S3')_t3_min: 1545
	F48_('S3', 'S4')_rr: 1
	F42_('S4', 'S3')_t5_min: 19192
	F45_('S4', 'S5')_t4_max: 7517
	F4_('S2', 'S1')_rr: 0
	F54_('S3', 'S2')_t4_min: 60523
	F24_('S3', 'E3')_gc: False
	F1_('S2', 'S3')_t3_max: 348
	F15_('S4', 'S5')_t3_max: 1787
	F4_('E5', 'S5')_t3_min: 39292
	F31_('S2', 'S1')_gc: False
	F26_('S3', 'S4')_t4_max: 16358
	F52_('S3', 'S4')_t4_min: 8275
	F23_('S5', 'E5')_rr: 0
	F12_('S2', 'E2')_gc: False
	F33_('S4', 'E4')_rr: 8
	F54_('E5', 'S5')_t3_min: 60480
	F32_('S3', 'E3')_gc: True
	F53_('S2', 'S1')_t3_max: 3163
	F58_jitter: 90
	F49_queue_index: 0
	F5_('E4', 'S4')_t3_max: -12
	F5_('S4', 'S3')_t4_max: 24
	F30_('E4', 'S4')_rr: 0
	F24_('E4', 'S4')_gc: False
	F13_('S2', 'S3')_tb: 127899
	F47_('S5', 'E5')_rr: 0
	F22_('S4', 'S5')_gc: False
	F4_('S1', 'E1')_t3_max: 39385
	F38_queue_index: 0
	F2_('S1', 'E1')_tb: 4149
	F4_('S5', 'S4')_t4_max: 39308
	F23_queue_index: 0
	F54_('S5', 'S4')_t3_max: 60490
	('E1', 'S1')_gcl_cycle: 1
	F49_('S5', 'S4')_rr: 1
	F38_('S4', 'S3')_t4_max: 3294
	F53_jitter: 0
	F15_('S5', 'E5')_t4_min: 1789
	F20_('S3', 'S4')_t4_min: 1558
	F21_('S4', 'S3')_t4_min: 30521
	F18_jitter: 0
	F27_('S2', 'S3')_t4_min: 135
	F4_('E5', 'S5')_rr: 0
	F26_('S3', 'S4')_t4_min: 16322
	F19_('S3', 'E3')_t4_min: 146
	F29_('E4', 'S4')_t5_min: 460
	F4_('S4', 'S3')_gc: True
	F2_('S1', 'E1')_t4_min: 4149
	F30_('S4', 'S5')_t4_min: 127772
	F31_('S1', 'E1')_t3_min: 7408
	('S1', 'S2')_gcl_cycle: 128000
	F13_('S2', 'S3')_rr: 0
	F56_('E5', 'S5')_rr: 1
	F58_('S5', 'E5')_rr: 0
	F0_('S5', 'S4')_gc: False
	F59_('S4', 'S5')_gc: True
	F59_('S5', 'E5')_t4_min: 63560
	F15_('S5', 'E5')_gc: False
	F35_('E5', 'S5')_t4_min: 119005
	F38_('S2', 'E2')_t5_max: 3361
	F30_('S5', 'E5')_rr: 0
	F43_('E5', 'S5')_t3_max: 3185
	F39_('E3', 'S3')_t3_max: 60505
	F54_('S5', 'S4')_gc: False
	F7_('S3', 'S2')_t4_min: 7432
	F12_('S2', 'E2')_t4_min: 15499
	F39_('S1', 'E1')_t4_max: 60584
	F22_('S1', 'S2')_rr: 0
	F54_('E5', 'S5')_rr: 0
	F45_('S4', 'S5')_gc: False
	F8_('S4', 'S3')_gc: False
	F48_('S2', 'S3')_t4_max: 4121
	F21_jitter: 90
	F26_('S3', 'S4')_tb: 16322
	F42_('S4', 'S3')_t3_min: 19187
	F8_('E5', 'S5')_t4_min: 6969
	F1_('E2', 'S2')_gc: False
	F47_('S5', 'E5')_gc: False
	F5_('S3', 'E3')_gc: False
	F4_('S5', 'S4')_gc: True
	F4_('S2', 'S1')_t4_min: 39351
	F37_('S2', 'S3')_t4_max: 392
	F58_('S1', 'S2')_t4_min: 63650
	F14_('E2', 'S2')_rr: 0
	F33_('S1', 'S2')_rr: 8
	F58_('S4', 'S5')_t4_max: 63749
	F42_('S3', 'S2')_t5_max: 19235
	F22_('S3', 'S4')_rr: 0
	F20_('S5', 'E5')_t4_min: 1584
	F11_queue_index: 0
	F2_('S2', 'S1')_t4_max: 4118
	F31_('S2', 'S1')_t4_max: 7451
	F48_('S2', 'S3')_t4_min: 4121
	F50_jitter: 54
	F26_('S4', 'E4')_gc: True
	F15_('E4', 'S4')_gc: False
	F54_('S2', 'S1')_t4_max: 60533
	F40_('E3', 'S3')_t3_max: 63493
	F55_('S3', 'E3')_rr: 0
	F40_('S3', 'S4')_gc: True
	F28_('S5', 'E5')_t4_min: 1297
	F26_('S4', 'E4')_t4_min: 16370
	F27_('S2', 'S3')_t3_max: 140
	F50_('S2', 'S3')_t3_max: 8328
	F18_('S1', 'E1')_rr: 1
	F44_('S4', 'S5')_rr: 0
	F26_('S3', 'S4')_gc: False
	F15_queue_index: 0
	F32_('E5', 'S5')_gc: False
	F26_jitter: 0
	F58_('S3', 'S4')_rr: 0
	F48_('S4', 'E4')_t5_min: 4150
	F18_('S3', 'S2')_gc: True
	('S1', 'E1')_gcl_cycle: 128000
	F3_('S5', 'E5')_gc: False
	F4_('S5', 'S4')_t4_min: 39308
	F57_('S3', 'S4')_t3_min: 24178
	F11_('E2', 'S2')_tb: 25
	F1_('S3', 'E3')_t4_min: 356
	F23_('S5', 'E5')_t4_min: 1731
	F58_('S2', 'S3')_t4_min: 63659
	F8_('E5', 'S5')_tb: 6969
	F51_('S5', 'S4')_tb: 301
	F6_('S5', 'S4')_gc: True
	F21_('S3', 'S2')_t4_max: 30589
	F59_('S1', 'S2')_t3_max: 63479
	F12_queue_index: 0
	F30_jitter: 36
	F0_('E5', 'S5')_t5_min: 26503
	F50_('E2', 'S2')_rr: 0
	F50_('S3', 'S4')_rr: 0
	F49_('S4', 'S3')_gc: False
	F48_('S2', 'S3')_gc: True
	F4_('S5', 'S4')_t3_max: 39308
	F25_('E4', 'S4')_t4_max: 1666
	F8_('S5', 'S4')_t4_min: 6978
	F9_('E5', 'S5')_t3_max: 1256
	F8_('S3', 'E3')_t4_min: 6996
	F17_('S4', 'E4')_t3_max: 292
	F27_('S5', 'E5')_gc: False
	F20_jitter: 90
	F22_('S1', 'S2')_t4_max: 24202
	F24_('S4', 'S3')_t5_min: 63342
	F3_('S4', 'S5')_t4_min: 16124
	F52_('S4', 'E4')_gc: True
	F34_('E2', 'S2')_t3_max: 9
	F10_jitter: 36
	F14_('S3', 'S4')_rr: 0
	F18_('S5', 'S4')_t4_min: 62486
	F46_('S2', 'S3')_t4_min: 87
	F58_('S4', 'S5')_gc: False
	F59_('S5', 'E5')_gc: False
	F45_('E4', 'S4')_gc: False
	F56_('S5', 'S4')_rr: 0
	F37_('S3', 'E3')_t4_max: 404
	F47_jitter: 36
	F33_('S2', 'S3')_rr: 8
	F1_('S3', 'E3')_gc: False
	F23_('S4', 'S5')_t3_max: 1726
	F23_('S4', 'S5')_t4_min: 1721
	F10_('S4', 'E4')_t4_min: 2539
	F59_('S4', 'S5')_t4_max: 63553
	F26_('S1', 'S2')_rr: 2
	F21_('S5', 'S4')_t3_max: 30512
	F26_('E1', 'S1')_gc: False
	F19_('S4', 'S3')_gc: False
	F31_('S4', 'S3')_gc: False
	F0_('S3', 'S2')_t4_max: 26566
	F39_jitter: 0
	F35_('S5', 'S4')_gc: False
	F6_('S5', 'S4')_t4_max: 2477
	F31_('E4', 'S4')_rr: 0
	F57_('S1', 'S2')_t5_max: 24170
	F14_('S2', 'S3')_t4_min: 41861
	F57_('S1', 'S2')_t4_min: 24166
	F29_jitter: 36
	F22_('S2', 'S3')_gc: False
	F4_('S4', 'S3')_rr: 1
	F20_('S5', 'E5')_rr: 0
	F31_('S4', 'S3')_rr: 0
	F39_('S2', 'S1')_gc: True
	F56_('S3', 'S2')_gc: True
	F36_('S5', 'E5')_t4_min: 1831
	F32_('E5', 'S5')_rr: 0
	F33_queue_index: 0
	F17_('S5', 'S4')_t4_min: 274
	F20_('S3', 'S4')_t5_min: 1569
	F16_('E5', 'S5')_gc: False
	F11_('E2', 'S2')_rr: 0
	F24_('E4', 'S4')_t3_max: 63321
	F6_('S3', 'S2')_t4_min: 2513
	F9_jitter: 18
	F22_('S2', 'S3')_t4_max: 24231
	F30_('S5', 'E5')_t4_min: 127784
	F49_('S5', 'S4')_gc: True
	F29_('S4', 'S3')_t4_min: 462
	F3_('E4', 'S4')_t5_min: 16105
	F59_('S1', 'S2')_t4_min: 63491
	F9_('E5', 'S5')_gc: False
	F49_('S4', 'S3')_t4_max: 58594
	F5_('E4', 'S4')_t4_min: 1
	F9_('S3', 'E3')_rr: 0
	F34_('S2', 'S1')_tb: 43
	F45_('S4', 'S5')_rr: 0
	F0_queue_index: 0
	F16_queue_index: 0
	F31_('S3', 'S2')_t4_min: 7386
	F34_('S2', 'S1')_t4_max: 43
	F47_('E4', 'S4')_t3_max: 31851
	F4_('E5', 'S5')_t4_max: 39292
	F20_('E1', 'S1')_rr: 0
	F45_('E4', 'S4')_rr: 0
	F7_('S4', 'S3')_gc: False
	F20_('S3', 'S4')_t4_max: 1612
	F47_('E4', 'S4')_t4_max: 31864
	F37_('S3', 'E3')_t4_min: 404
	F31_('S4', 'S3')_t4_min: 7375
	F35_('S3', 'S2')_t4_min: 119044
	F48_('S3', 'S4')_t3_max: 4133
	F24_('S3', 'E3')_t5_min: 63347
	F45_('S4', 'S5')_t3_min: 7499
	F35_('S1', 'E1')_rr: 0
	F22_('S1', 'S2')_t3_max: 24189
	F27_('S4', 'S5')_t5_max: 199
	F0_('S3', 'S2')_gc: True
	F21_('S5', 'S4')_rr: 0
	F36_('S4', 'S5')_rr: 0
	F39_('S1', 'E1')_gc: True
	F0_('S3', 'S2')_t4_min: 26566
	F25_('S4', 'S5')_t4_max: 1694
	F40_('S3', 'S4')_t3_min: 63512
	F9_('S3', 'E3')_gc: False
	F20_('S4', 'S5')_tb: 1571
	F22_('E1', 'S1')_rr: 0
	F12_('E4', 'S4')_rr: 0
	F19_('S3', 'E3')_gc: False
	F44_('S4', 'S5')_t3_max: 471
	F32_('S5', 'S4')_t3_max: 18561
	F10_('E5', 'S5')_rr: 0
	F6_('S3', 'S2')_t4_max: 2513
	F22_('E1', 'S1')_t3_max: 24160
	F39_('S3', 'S2')_rr: 2
	F22_('S2', 'S3')_t4_min: 24195
	('E3', 'S3')_gcl_cycle: 1
	F8_('S4', 'S3')_t4_max: 7023
	F20_('S1', 'S2')_rr: 0
	F24_jitter: 36
	F16_('S3', 'E3')_t4_min: 2965
	F52_('S3', 'S4')_rr: 8
	F54_('S3', 'S2')_rr: 2
	F9_('S4', 'S3')_t4_min: 1309
	F59_jitter: 18
	F16_('S4', 'S3')_rr: 32
	F16_('S5', 'S4')_t4_max: 2932
	F42_('S1', 'E1')_t4_min: 19208
	F56_jitter: 0
	F44_('E4', 'S4')_t5_max: 464
	F40_('E3', 'S3')_rr: 0
	F32_('S5', 'S4')_gc: False
	F4_('S5', 'S4')_tb: 39308
	F39_('S1', 'E1')_rr: 2
	F42_jitter: 72
	F35_('S2', 'S1')_t4_max: 119129
	F7_jitter: 54
	F10_('S5', 'S4')_t3_max: 2537
	F59_('E1', 'S1')_t4_max: 63467
	F42_queue_index: 0
	F2_queue_index: 0
	('S2', 'S1')_gcl_cycle: 64000
	F49_('S3', 'S2')_gc: False
	F10_('S5', 'S4')_rr: 0
	F43_('S5', 'S4')_t4_max: 3214
	F30_('E4', 'S4')_tb: 127760
	F51_('E5', 'S5')_gc: False
	F15_('E4', 'S4')_t3_max: 1762
	F8_('S4', 'S3')_rr: 0
	F22_('S3', 'S4')_t4_min: 24206
	F13_('S3', 'S4')_gc: False
	F34_jitter: 18
	F29_('S3', 'E3')_gc: False
	F59_('E1', 'S1')_gc: False
	F22_('E1', 'S1')_gc: False
	F43_('S5', 'S4')_t4_min: 3214
	F56_('S5', 'S4')_t3_max: 58600
	F19_('S3', 'E3')_t5_max: 185
	F0_('E5', 'S5')_t3_max: 26482
	F0_('S2', 'E2')_rr: 2
	F26_('S2', 'S3')_rr: 0
	F35_('S4', 'S3')_gc: False
	F33_('E1', 'S1')_rr: 0
	F58_('S5', 'E5')_t4_min: 63686
	F33_('S2', 'S3')_t4_min: 6363
	F28_('S5', 'E5')_t5_max: 1342
	F12_('S4', 'S3')_gc: False
	F59_queue_index: 0
	F53_('S1', 'E1')_rr: 32
	F55_('S3', 'E3')_t4_min: 18410
	F11_('E2', 'S2')_t3_max: 12
	F25_jitter: 36
	F19_('S4', 'S3')_t3_max: 146
	F20_('S1', 'S2')_t4_max: 1550
	F18_('S1', 'E1')_gc: True
	F24_('S3', 'E3')_rr: 0
	F58_('S1', 'S2')_t3_max: 63655
	F57_('S2', 'S3')_t5_max: 24194
	F41_('S3', 'S4')_rr: 0
	F21_queue_index: 0
	F8_('S5', 'S4')_rr: 0
	F36_('E4', 'S4')_t3_max: 1810
	F22_('S5', 'E5')_rr: 0
	F0_('S4', 'S3')_gc: False
	F38_('S4', 'S3')_rr: 0
	F28_('S4', 'S5')_t3_max: 1291
	F35_('S2', 'S1')_t4_min: 119057
	F35_jitter: 90
	F6_('S5', 'S4')_t4_min: 2477
	F25_('S5', 'E5')_rr: 0
	F53_('E2', 'S2')_t3_max: 3131
	F14_jitter: 72
	F13_('S2', 'S3')_t4_max: 127935
	F54_('S1', 'E1')_gc: False
	F33_('S3', 'S4')_gc: True
	F34_('S2', 'S1')_t3_max: 31
	F4_('S4', 'S3')_t4_max: 39324
	F48_('S4', 'E4')_t4_min: 4145
	F58_('E1', 'S1')_rr: 0
	F33_('S3', 'S4')_rr: 8
	F38_('S3', 'S2')_t4_max: 3323
	F38_('S2', 'E2')_t4_min: 3298
	F21_('S5', 'S4')_gc: False
	F16_('S3', 'E3')_rr: 0
	F56_('S2', 'E2')_rr: 1
	F51_queue_index: 0
	F0_('S5', 'S4')_t3_max: 26510
	F59_('S1', 'S2')_rr: 1
	F29_('E4', 'S4')_rr: 0
	F35_('S2', 'S1')_gc: False
	F38_jitter: 54
	F54_('S4', 'S3')_gc: True
	F38_('E4', 'S4')_gc: False
	F7_('S3', 'S2')_rr: 0
	F39_('S3', 'S2')_t4_max: 60532
	F28_('S5', 'E5')_t3_max: 1320
	('E4', 'S4')_gcl_cycle: 1
	F35_('E5', 'S5')_rr: 0
	F52_('S4', 'E4')_rr: 8
	F56_('S5', 'S4')_gc: False
	F28_('E4', 'S4')_gc: False
	F57_('S1', 'S2')_gc: True
	F31_('S1', 'E1')_t4_min: 7408
	F4_('E5', 'S5')_gc: False
	F40_('S4', 'E4')_t5_max: 63545
	F3_('S4', 'S5')_t5_max: 16125
	F33_('S4', 'E4')_gc: True
	F22_('S2', 'S3')_rr: 0
	F52_('S4', 'E4')_t4_min: 8284
	F10_('S5', 'S4')_t4_max: 2550
	F29_('S4', 'S3')_t3_max: 467
	F54_('S3', 'S2')_t5_min: 60526
	F34_('E2', 'S2')_rr: 0
	F14_('S4', 'S5')_rr: 0
	F32_('S3', 'E3')_t4_min: 18613
	F51_('S4', 'E4')_rr: 16
	F27_('S3', 'S4')_rr: 0
	F17_('S5', 'S4')_t3_max: 274
	F3_jitter: 18
	F27_queue_index: 0
	F26_('S1', 'S2')_gc: True
	F57_('S2', 'S3')_t4_min: 24172
	F21_('E5', 'S5')_t5_min: 30505
	F7_('S2', 'E2')_rr: 0
	F50_('S3', 'S4')_t4_max: 8362
	F2_('E2', 'S2')_tb: 4086
	F12_('S4', 'S3')_t3_max: 15492
	F26_('S1', 'S2')_t4_min: 16308
	F8_('S3', 'E3')_t3_max: 7037
	F32_('S5', 'S4')_t4_max: 18574
	F49_('S2', 'E2')_t4_min: 58590
	F12_jitter: 54
	F13_('S2', 'S3')_gc: False
	F57_jitter: 18
	F48_('E2', 'S2')_rr: 0
	F7_('S2', 'E2')_gc: False
	F32_('S4', 'S3')_rr: 0
	F5_('S4', 'S3')_t4_min: 6
	F33_('S1', 'S2')_t4_max: 6343
	F17_queue_index: 0
	F18_('S3', 'S2')_t4_max: 62524
	F22_('S4', 'S5')_rr: 0
	F34_('S1', 'E1')_t4_min: 47
	F0_('S2', 'E2')_t4_min: 26581
	F58_('S2', 'S3')_t4_max: 63695
	F5_('S4', 'S3')_t3_max: 11
	F14_('S3', 'S4')_t4_min: 41864
	F8_queue_index: 0
	F49_('S5', 'S4')_t3_max: 58561
	F22_('S2', 'S3')_t5_min: 24204
	F35_('S2', 'S1')_t5_min: 119068
	F3_('E4', 'S4')_t3_max: 16091
	F8_('E5', 'S5')_rr: 0
	F8_('S3', 'E3')_rr: 0
	F34_('S2', 'S1')_gc: True
	F55_('S3', 'E3')_gc: False
	F42_('S2', 'S1')_t4_max: 19255
	F14_('S2', 'S3')_t4_max: 41879
	F42_('S4', 'S3')_t4_min: 19187
	F43_jitter: 18
	F50_('S2', 'S3')_t3_min: 8323
	F4_('S5', 'S4')_t5_max: 39317
	F52_('S4', 'E4')_t5_max: 8286
	F49_('S3', 'S2')_t4_min: 58583
	F23_jitter: 36
	F26_('S2', 'S3')_t4_max: 16333
	('S3', 'S2')_gcl_cycle: 128000
	F21_('S2', 'S1')_t4_max: 30621
	F41_('S4', 'E4')_t4_min: 5634
	F39_('S3', 'S2')_t4_min: 60532
	F27_('S2', 'S3')_t4_max: 153
	F12_('S3', 'S2')_t4_max: 15529
	F41_('E3', 'S3')_t4_min: 5614
	F17_('E5', 'S5')_gc: False
	F20_('S3', 'S4')_tb: 1558
	F25_('E4', 'S4')_t3_max: 1653
	F37_('E1', 'S1')_t3_max: 334
	F16_('S5', 'S4')_t4_min: 2914
	F35_('S1', 'E1')_t4_min: 119070
	F37_('S1', 'S2')_gc: True
	F31_('S1', 'E1')_gc: False
	F48_('S4', 'E4')_rr: 1
	F37_queue_index: 0
	F31_queue_index: 0
	F9_('S5', 'S4')_rr: 64
	F30_('S5', 'E5')_gc: False
	F52_('E3', 'S3')_rr: 0
	F19_jitter: 36
	F59_('S2', 'S3')_t3_min: 63498
	F15_('E4', 'S4')_rr: 0
	F4_('S4', 'S3')_t4_min: 39324
	F9_('S3', 'E3')_t4_min: 1318
	F21_('E5', 'S5')_gc: False
	F0_('S4', 'S3')_t4_min: 26515
	F26_('S1', 'S2')_t4_max: 16308
	F47_('S4', 'S5')_t3_max: 31872
	F49_('S3', 'S2')_rr: 0
	F37_('S1', 'S2')_t4_max: 367
	F37_('E1', 'S1')_rr: 0
	F43_('E5', 'S5')_rr: 0
	F16_('E5', 'S5')_rr: 0
	F37_('E1', 'S1')_gc: False
	F1_('S2', 'S3')_t4_min: 348
	F50_('S2', 'S3')_t4_min: 8323
	F58_('S1', 'S2')_gc: False
	F50_('E2', 'S2')_t4_max: 8320
	F31_('E4', 'S4')_gc: False
	F13_('S1', 'S2')_t3_max: 127901
	F36_('E4', 'S4')_tb: 1823
	F53_('E2', 'S2')_rr: 0
	F35_('S3', 'S2')_gc: False
	F18_('S3', 'S2')_t4_min: 62524
	F59_('S4', 'S5')_tb: 63553
	F22_('S5', 'E5')_t3_max: 24305
	F36_('S4', 'S5')_t3_max: 1832
	('S4', 'E4')_gcl_cycle: 128000
	F16_('E5', 'S5')_t5_min: 2912
	F55_('S4', 'S3')_rr: 0
	F6_('E5', 'S5')_t3_max: 2446
	F1_('S2', 'S3')_rr: 64
	F33_('S4', 'E4')_t4_min: 6423
	F23_('E4', 'S4')_t3_max: 1698
	F46_('E2', 'S2')_rr: 0
	F59_('S2', 'S3')_t4_min: 63515
	F27_('S4', 'S5')_gc: False
	F43_('S3', 'S2')_t4_max: 3259
	F55_queue_index: 0
	F44_('S4', 'S5')_tb: 466
	F6_('S5', 'S4')_rr: 16
	F21_('S4', 'S3')_rr: 0
	F18_('S5', 'S4')_rr: 0
	F7_('E4', 'S4')_t4_min: 7418
	F44_('S4', 'S5')_t4_min: 466
	F35_queue_index: 0
	F51_('E5', 'S5')_t4_min: 298
	('S2', 'S3')_gcl_cycle: 128000
	F13_('S5', 'E5')_rr: 0
	F29_('S3', 'E3')_t4_min: 473
	F58_('E1', 'S1')_tb: 63641
	F22_('S3', 'S4')_gc: False
	F14_('S3', 'S4')_t3_min: 41864
	F58_queue_index: 0
	F47_('E4', 'S4')_gc: False
	F16_('S5', 'S4')_rr: 0
	F36_('S4', 'S5')_t4_max: 1845
	F37_('S1', 'S2')_t4_min: 367
	F27_('E2', 'S2')_t5_max: 133
	F12_('S4', 'S3')_t4_min: 15487
	F36_queue_index: 0
	F44_('S5', 'E5')_gc: False
	F2_('S2', 'S1')_tb: 4100
	F22_('S5', 'E5')_gc: False
	F21_('S2', 'S1')_rr: 0
	F19_('E4', 'S4')_gc: False
	F22_('E1', 'S1')_tb: 24173
	F30_('E4', 'S4')_t3_max: 127747
	F17_('S4', 'E4')_gc: True
	F47_('E4', 'S4')_rr: 0
	F47_('S4', 'S5')_t4_min: 31867
	F52_queue_index: 0
	F27_('S3', 'S4')_t4_min: 139
	F39_('S3', 'S2')_gc: True
	F43_('S4', 'S3')_t4_max: 3243
	F45_('S4', 'S5')_t4_min: 7499
	F55_('S5', 'S4')_t3_max: 18395
	F4_('S1', 'E1')_t5_max: 39407
	F40_queue_index: 0
	F59_('S5', 'E5')_t5_max: 63583
	F49_('S2', 'E2')_rr: 0
	F15_('S4', 'S5')_t4_min: 1782
	F5_('E4', 'S4')_gc: False
	F3_('S5', 'E5')_t4_min: 16127
	F42_('S2', 'S1')_t4_min: 19201
	F6_('E5', 'S5')_gc: False
	F23_('E4', 'S4')_tb: 1711
	F49_('S3', 'S2')_t3_max: 58606
	F14_('S5', 'E5')_rr: 0
	F7_('S3', 'S2')_gc: False
	F17_('S5', 'S4')_t4_max: 274
	F47_('S4', 'S5')_gc: False
	F5_queue_index: 0
	F53_('S1', 'E1')_t4_min: 3195
	F50_('E2', 'S2')_gc: False
	F58_('S5', 'E5')_gc: False
	F6_('S2', 'E2')_t3_min: 2526
	F23_('S5', 'E5')_t5_max: 1775
	F31_('S1', 'E1')_rr: 0
	F0_('S5', 'S4')_t4_min: 26505
	F19_('S4', 'S3')_t4_min: 141
	F5_('S3', 'E3')_t4_min: 11
	F8_('S3', 'E3')_gc: False
	F49_('S4', 'S3')_t5_max: 58599
	F22_('S5', 'E5')_t4_min: 24228
	F35_('S2', 'S1')_rr: 0
	F20_('S1', 'S2')_t4_min: 1532
	F49_('S5', 'S4')_t4_min: 58569
	F54_('E5', 'S5')_gc: False
	F39_('S2', 'S1')_t4_max: 60558
	F56_('S4', 'S3')_rr: 2
	F3_('E4', 'S4')_t4_max: 16104
	F20_('S3', 'S4')_rr: 0
	F54_('S1', 'E1')_rr: 0
	F3_('E4', 'S4')_rr: 0
	F14_('E2', 'S2')_t3_max: 41845
	F43_('S3', 'S2')_rr: 8
	F37_jitter: 0
	F56_('S5', 'S4')_t4_min: 58595
	F4_('S3', 'S2')_t4_min: 39340
	F14_('S2', 'S3')_gc: False
	F31_('S3', 'S2')_gc: False
	F9_('S5', 'S4')_t4_max: 1295
	F59_('S3', 'S4')_gc: True
	F59_('S3', 'S4')_t4_max: 63527
	F27_('S5', 'E5')_t5_min: 149
	F54_('S5', 'S4')_rr: 0
	F8_('E5', 'S5')_gc: False
	F4_('S1', 'E1')_gc: False
	F16_('E5', 'S5')_t4_max: 2900
	F38_('S3', 'S2')_rr: 0
	F51_jitter: 0
	F25_queue_index: 0
	F32_queue_index: 0
	F16_('S4', 'S3')_t4_max: 2951
	F5_('S4', 'S3')_rr: 0
	F2_('E2', 'S2')_t3_max: 4073
	F53_('S2', 'S1')_t4_max: 3176
	F44_queue_index: 0
	F42_('S3', 'S2')_t4_max: 19230
	F50_('S4', 'E4')_t4_min: 8329
	F55_jitter: 54
	F54_('S3', 'S2')_t4_max: 60523
	F13_('S4', 'S5')_gc: False
	F19_('E4', 'S4')_rr: 0
	F0_('S5', 'S4')_t4_max: 26523
	F20_('S2', 'S3')_rr: 0
	F10_('S4', 'E4')_rr: 0
	F53_('S2', 'S1')_rr: 0
	F54_('S5', 'S4')_t4_max: 60503
	F43_('S2', 'E2')_t4_min: 3270
	F11_('E2', 'S2')_t4_max: 25
	F32_('E5', 'S5')_t4_max: 18548
	F14_('S2', 'S3')_rr: 0
	F41_('E3', 'S3')_rr: 0
	F16_('S3', 'E3')_t3_min: 2965
	F12_('E4', 'S4')_t5_max: 15485
	F18_('E5', 'S5')_t3_max: 62469
	F24_('E4', 'S4')_rr: 0
	F5_('S3', 'E3')_t3_min: 11
	F40_('S3', 'S4')_t4_min: 63517
	F48_('S2', 'S3')_t3_max: 4121
	F56_('S4', 'S3')_t4_max: 58627
	F38_('S2', 'E2')_gc: False
	F16_('S5', 'S4')_gc: False
	F23_('S4', 'S5')_gc: False
	F28_('E4', 'S4')_t4_max: 1275
	F1_('S2', 'S3')_gc: True
	F28_('S5', 'E5')_gc: False
	F48_('S4', 'E4')_gc: True
	F35_('S5', 'S4')_t4_min: 119018
	F21_('S3', 'S2')_rr: 0
	F33_('S4', 'E4')_t5_max: 6433
	F22_jitter: 90
	F16_('S3', 'E3')_gc: False
	F4_('S1', 'E1')_rr: 0
	F18_('S4', 'S3')_gc: True
	F55_('S4', 'S3')_gc: False
	F43_('E5', 'S5')_t4_max: 3198
	F52_('S3', 'S4')_t3_max: 8275
	F46_('S3', 'E3')_t3_min: 99
	F10_('E5', 'S5')_t3_max: 2512
	F37_('S3', 'E3')_rr: 16
	F56_('S3', 'S2')_t4_max: 58641
	F47_('S5', 'E5')_t3_min: 31870
	F23_('E4', 'S4')_rr: 0
	F55_('S3', 'E3')_t3_max: 18451
	F33_('S1', 'S2')_t4_min: 6343
	F36_('S4', 'S5')_t4_min: 1827
	F18_('S2', 'S1')_t4_min: 62528
	F45_jitter: 36
	F48_('E2', 'S2')_t3_max: 4096
	F26_('S1', 'S2')_t3_max: 16308
	F18_('S5', 'S4')_t4_max: 62504
	F36_('S5', 'E5')_gc: False
	F9_('S5', 'S4')_gc: True
	F4_('S3', 'S2')_rr: 1
	F44_('S4', 'S5')_gc: False
	F42_('S4', 'S3')_t3_max: 19192
	F54_('S3', 'S2')_t3_max: 60523
	F9_('S5', 'S4')_t4_min: 1295
	F40_jitter: 18
	F39_('S2', 'S1')_t3_max: 60546
	F46_('S3', 'E3')_t5_max: 145
	F36_jitter: 36
	F20_('S5', 'E5')_gc: False
	F31_('S3', 'S2')_t4_max: 7422
	F27_('S3', 'S4')_gc: False
	F28_('S4', 'S5')_gc: False
	F53_('S1', 'E1')_gc: True
	F44_('E4', 'S4')_t3_min: 461
	F58_('S5', 'E5')_t4_max: 63776
	F43_('S3', 'S2')_t4_min: 3259
	F47_('S4', 'S5')_t4_max: 31885
	F58_('S4', 'S5')_t4_min: 63677
	F39_queue_index: 0
	F7_('S4', 'S3')_t4_min: 7425
	F22_('S3', 'S4')_t4_max: 24260
	F0_('S3', 'S2')_t3_max: 26566
	F13_('S3', 'S4')_rr: 0
	F58_('S4', 'S5')_rr: 0
	F16_('S3', 'E3')_t5_max: 2995
	F24_('S4', 'S3')_gc: False
	F35_('S4', 'S3')_rr: 0
	F49_('S2', 'E2')_gc: False
	F6_('S4', 'S3')_t5_max: 2506
	F21_('S1', 'E1')_rr: 0
	F18_('E5', 'S5')_rr: 0
	F26_('E1', 'S1')_rr: 0
	F57_('S4', 'E4')_rr: 0
	F43_('S2', 'E2')_rr: 0
	F9_('E5', 'S5')_rr: 0
	F56_('S4', 'S3')_t4_min: 58627
	F50_('S2', 'S3')_gc: False
	F14_('E2', 'S2')_gc: False
	F29_queue_index: 0
	F8_('S5', 'S4')_t4_max: 6996
	F9_('S4', 'S3')_t4_max: 1309
	F4_('S3', 'S2')_t4_max: 39340
	F11_('S3', 'E3')_gc: False
	F20_('E1', 'S1')_gc: False
	F22_('S4', 'S5')_t4_max: 24289
	F2_('S2', 'S1')_rr: 0
	F48_('S3', 'S4')_t4_min: 4133
	F13_('S4', 'S5')_tb: 127905
	F56_('E5', 'S5')_gc: True
	F2_('E2', 'S2')_t4_max: 4086
	F43_('S4', 'S3')_rr: 0
	F9_('S4', 'S3')_gc: True
	F8_jitter: 54
	F35_('S3', 'S2')_t4_max: 119098
	F48_('E2', 'S2')_gc: False
	F26_('S3', 'S4')_rr: 0
	F17_('S5', 'S4')_rr: 32
	F33_('S1', 'S2')_gc: True
	F52_('E3', 'S3')_gc: False
	F0_('E5', 'S5')_gc: False
	F20_('E1', 'S1')_t3_max: 1506
	F10_('S4', 'E4')_t4_max: 2575
	F36_('S4', 'S5')_gc: False
	F27_('E2', 'S2')_t3_max: 118
	F57_('S3', 'S4')_rr: 4
	F18_('S5', 'S4')_gc: False
	F10_('E5', 'S5')_gc: False
	F33_('S1', 'S2')_t3_min: 6338
	F57_('S4', 'E4')_t4_min: 24207
	F11_('E2', 'S2')_gc: False
	F11_('S2', 'S3')_gc: False
	F8_('S5', 'S4')_t3_max: 6983
	F55_('S5', 'S4')_t4_max: 18408
	F21_('S4', 'S3')_t4_max: 30557
	F13_('S3', 'S4')_t4_max: 127956
	F50_('S3', 'S4')_t4_min: 8326
	F58_('S3', 'S4')_gc: False
	F19_('E4', 'S4')_t3_max: 123
	F25_('S4', 'S5')_rr: 0
	F31_('E4', 'S4')_t3_max: 7351
	F36_('S5', 'E5')_rr: 0
	F10_('S5', 'S4')_gc: False
	F33_('S2', 'S3')_gc: True
	F35_('S5', 'S4')_t4_max: 119036
	F49_('E5', 'S5')_rr: 0
	F33_jitter: 0
	F57_('S1', 'S2')_rr: 4
	F41_jitter: 36
	F24_('S3', 'E3')_t4_min: 63344
	F6_('S4', 'S3')_rr: 16
	F17_('E5', 'S5')_t5_max: 267
	F5_jitter: 36
	F59_('S2', 'S3')_t4_max: 63515
	F25_('S5', 'E5')_t5_min: 1694
	F42_('S2', 'S1')_rr: 0
	F59_('S1', 'S2')_gc: True
	F19_queue_index: 0
	F55_('S5', 'S4')_gc: False
	F30_('S4', 'S5')_gc: False
	F1_('E2', 'S2')_t3_max: 322
	F59_('E1', 'S1')_t3_max: 63454
	F19_('S4', 'S3')_t4_max: 159
	F25_('S4', 'S5')_t4_min: 1676
	F24_('S4', 'S3')_t3_max: 63344
	F14_('S5', 'E5')_t4_min: 41870
	F51_('S5', 'S4')_t3_max: 306
	F12_('E4', 'S4')_t3_max: 15468
	F13_('S4', 'S5')_t4_min: 127905
	F6_('S3', 'S2')_gc: True
	F55_('S4', 'S3')_t4_min: 18400
	F4_jitter: 36
	F34_('S1', 'E1')_gc: False
	F3_('S5', 'E5')_t4_max: 16145
	F3_('S4', 'S5')_rr: 4
	F20_queue_index: 0
	F35_('E5', 'S5')_t3_max: 118992
	F17_('S5', 'S4')_gc: True
	F6_('S5', 'S4')_t3_max: 2477
	F50_('S2', 'S3')_rr: 0
	F52_('S3', 'S4')_t4_max: 8275
	F20_('S5', 'E5')_t3_min: 1584
	F48_queue_index: 0
	F42_('S3', 'S2')_gc: False
	F49_('S4', 'S3')_t4_min: 58576
	F9_('S5', 'S4')_t3_max: 1283
	F25_('S4', 'S5')_t3_max: 1681
	F14_queue_index: 0
	F49_('S4', 'S3')_rr: 0
	F8_('E5', 'S5')_t3_max: 6956
	F30_('S4', 'S5')_rr: 0
	F54_('S3', 'S2')_gc: True
	F10_('S5', 'S4')_t4_min: 2532
	F57_('S2', 'S3')_t4_max: 24190
	F40_('S4', 'E4')_gc: False
	F50_queue_index: 0
	F0_jitter: 0
	F53_('E2', 'S2')_gc: False
	F58_('S1', 'S2')_t4_max: 63668
	F23_('S4', 'S5')_rr: 0
	F2_('S1', 'E1')_rr: 2
	F0_('E5', 'S5')_t4_max: 26495
	F54_('S4', 'S3')_rr: 2
	F17_('S4', 'E4')_t4_min: 292
	F4_('S1', 'E1')_t4_min: 39362
	F59_('S2', 'S3')_t5_min: 63520
	F1_('E2', 'S2')_rr: 0
	F45_queue_index: 0
	F35_('S4', 'S3')_t4_min: 119031
	F18_('S3', 'S2')_rr: 1
	F27_('S2', 'S3')_gc: False
	F42_('S1', 'E1')_gc: False
	F31_jitter: 72
	F34_queue_index: 0
	F57_queue_index: 0
	F18_('S2', 'S1')_rr: 0
	F28_('E4', 'S4')_t3_max: 1262
	F31_('S4', 'S3')_t3_max: 7380
	F16_('S5', 'S4')_tb: 2914
	F27_('S4', 'S5')_tb: 143
	F25_('S4', 'S5')_gc: False
	F6_jitter: 0
	F56_queue_index: 0
	F18_queue_index: 0
	F46_('E2', 'S2')_gc: False
	F13_('S1', 'S2')_rr: 0
	F40_('S4', 'E4')_rr: 0
	F3_queue_index: 0
	F18_('S5', 'S4')_t3_max: 62491
	F7_('S4', 'S3')_t4_max: 7443
	F32_('S4', 'S3')_gc: False
	F50_('E2', 'S2')_t3_max: 8307
	F28_('S4', 'S5')_t4_max: 1304
	F4_('S3', 'S2')_gc: True
	F57_('S1', 'S2')_t4_max: 24166
	F53_('S2', 'S1')_gc: False
	F28_queue_index: 0
	F25_('E4', 'S4')_gc: False
	F11_('S2', 'S3')_t3_max: 43
	F46_('S3', 'E3')_gc: True
	F6_('S5', 'S4')_t5_min: 2488
	F32_('S3', 'E3')_rr: 1
	F43_('S5', 'S4')_rr: 8
	F20_('S2', 'S3')_t4_min: 1545
	F51_('S4', 'E4')_tb: 327
	F1_('S2', 'S3')_t4_max: 348
	F21_('S1', 'E1')_gc: False
	F12_('S2', 'E2')_tb: 15499
	F41_('S3', 'S4')_t5_min: 5632
	F42_('S3', 'S2')_t4_min: 19194
	F13_('E1', 'S1')_rr: 0
	F43_('E5', 'S5')_gc: False
	F42_('S1', 'E1')_rr: 0
	F57_('E1', 'S1')_gc: False
	F53_queue_index: 0
	F4_('E5', 'S5')_tb: 39292
	F26_('S2', 'S3')_gc: False
	F14_('S4', 'S5')_t4_max: 41921
	F7_('S2', 'E2')_t4_min: 7439
	F22_('S4', 'S5')_t4_min: 24217
	F15_('S4', 'S5')_t4_max: 1800
	F46_('S3', 'E3')_t4_min: 135
	F23_('S4', 'S5')_t4_max: 1739
	F54_('E5', 'S5')_tb: 60480
	F43_('S4', 'S3')_t5_max: 3252
	F40_('E3', 'S3')_gc: False
	F56_('E5', 'S5')_tb: 58586
	F42_('S1', 'E1')_tb: 19208
	F41_('S3', 'S4')_t3_min: 5624
	F20_('S4', 'S5')_rr: 0
	F37_('S1', 'S2')_rr: 64
	F41_('E3', 'S3')_t3_max: 5601
	F6_('E5', 'S5')_rr: 0
	F46_('S2', 'S3')_t4_max: 105
	F46_('S2', 'S3')_tb: 87
	F12_('E4', 'S4')_gc: False
	('E5', 'S5')_gcl_cycle: 64000
	F59_('S2', 'S3')_gc: True
	F54_('S3', 'S2')_tb: 60523
	F39_('S3', 'S2')_t5_max: 60539
	F9_('S4', 'S3')_rr: 64
	F22_('S1', 'S2')_gc: False
	F57_('S2', 'S3')_rr: 0
	F20_('S4', 'S5')_gc: False
	F13_('S4', 'S5')_t3_max: 127964
	F55_('E5', 'S5')_gc: False
	F1_('S3', 'E3')_rr: 0
	F21_('S4', 'S3')_gc: False
	F39_('S3', 'S2')_t3_max: 60532
	F25_('S5', 'E5')_t4_min: 1686
	F20_('S1', 'S2')_t3_max: 1537
	F59_('S4', 'S5')_t4_min: 63553
	F39_('S2', 'S1')_t4_min: 60558
	F33_('E1', 'S1')_tb: 6326
	F44_('S5', 'E5')_rr: 0
	F56_('S4', 'S3')_gc: True
	F13_('S1', 'S2')_t5_max: 127915
	F58_('S3', 'S4')_t4_max: 63722
	F2_('E2', 'S2')_rr: 0
	F46_('S3', 'E3')_rr: 16
	F35_('S4', 'S3')_t4_max: 119067
	F56_('S2', 'E2')_t4_min: 58655
	F51_('S4', 'E4')_gc: True
	F31_('S1', 'E1')_t5_max: 7489
	F34_('S2', 'S1')_rr: 2
	F50_('S4', 'E4')_rr: 0
	F27_('S4', 'S5')_t4_min: 143
	F54_('S2', 'S1')_gc: True
	F25_('S4', 'S5')_t5_max: 1702
	F38_('S3', 'S2')_t3_max: 3310
	F18_('S4', 'S3')_rr: 1
	F46_('S3', 'E3')_t4_max: 135
	F13_('S5', 'E5')_t4_min: 127908
	F13_('E1', 'S1')_t3_max: 127880
	F7_('S4', 'S3')_t3_max: 7430
	F51_('S4', 'E4')_t3_max: 327
	F27_('S4', 'S5')_t4_max: 197
	F13_queue_index: 0
	F55_('S3', 'E3')_t5_min: 18418
	F55_('S5', 'S4')_rr: 0
	F41_queue_index: 0
	F16_('S4', 'S3')_gc: True
	F49_jitter: 54
	F39_('S1', 'E1')_t4_min: 60584
	F28_('S4', 'S5')_rr: 0
	F20_('S4', 'S5')_t4_min: 1571
	F57_('E1', 'S1')_rr: 0
	F6_('S4', 'S3')_gc: True
	F3_('S4', 'S5')_t4_max: 16124
	F6_('S4', 'S3')_t4_max: 2495
	F31_('S2', 'S1')_t4_min: 7397
	F54_('S2', 'S1')_t5_min: 60536
	F57_('S2', 'S3')_t3_min: 24172
	F3_('S5', 'E5')_t3_min: 16127
	F11_jitter: 36
	F38_('S2', 'E2')_rr: 0
	F46_('S2', 'S3')_rr: 0
	F31_('S3', 'S2')_rr: 0
	F7_('S3', 'S2')_t4_max: 7468
	F15_('S4', 'S5')_rr: 0
	F3_('E4', 'S4')_gc: False
	F33_('S3', 'S4')_t4_max: 6392
	F59_('S5', 'E5')_rr: 0
	F58_('S3', 'S4')_t4_min: 63668
	F14_('S3', 'S4')_t4_max: 41900
	F30_('S4', 'S5')_t4_max: 127790
	F40_('S3', 'S4')_t4_max: 63517
	F4_('S2', 'S1')_t4_max: 39369
	F27_jitter: 72
	F44_('S4', 'S5')_t4_max: 484
	F50_('S3', 'S4')_gc: False
	F28_('S4', 'S5')_t4_min: 1286
	F26_('S4', 'E4')_rr: 2
	F25_('E4', 'S4')_rr: 0
	F8_('S5', 'S4')_gc: False
	F44_jitter: 36
	F19_('S3', 'E3')_rr: 0
	F29_('E4', 'S4')_t3_max: 438
	F26_queue_index: 0
	F11_('S3', 'E3')_rr: 0
	F16_('E5', 'S5')_t3_max: 2887
	F19_('E4', 'S4')_t3_min: 136
	F38_('E4', 'S4')_t3_max: 3252
	F45_('S5', 'E5')_t4_min: 7512
	F34_('E2', 'S2')_gc: False
	F0_('S2', 'E2')_gc: True
	F4_queue_index: 0
	F5_('S4', 'S3')_gc: False
	F43_('S2', 'E2')_gc: False
	F41_('S3', 'S4')_t3_max: 5629
	F44_('E4', 'S4')_t3_max: 448
	F14_('S3', 'S4')_gc: False
	F54_('S4', 'S3')_t4_min: 60513
	F54_('S2', 'S1')_rr: 1
	F36_('E4', 'S4')_gc: False
	F23_('S5', 'E5')_gc: False
	F51_('S5', 'S4')_t4_min: 301
	F0_('S3', 'S2')_rr: 4
	F52_('E3', 'S3')_t3_max: 8253
	F1_('E2', 'S2')_tb: 335
	F57_('S3', 'S4')_t4_max: 24201
	F55_('S4', 'S3')_t4_max: 18436
	F13_('S1', 'S2')_gc: False
	F16_('S5', 'S4')_t3_max: 2919
	F18_('S2', 'S1')_t3_min: 62528
	F10_queue_index: 0
	F44_('E4', 'S4')_rr: 0
	F57_('E1', 'S1')_t3_max: 24142
	F41_('S3', 'S4')_t4_max: 5642
	F56_('S5', 'S4')_t4_max: 58613
	F8_('S4', 'S3')_t4_min: 6987
	F43_('S5', 'S4')_t3_max: 3214
	F27_('S5', 'E5')_rr: 0
	F33_('S3', 'S4')_t4_min: 6392
	F23_('E4', 'S4')_gc: False
	F27_('E2', 'S2')_rr: 0
	F19_('S4', 'S3')_rr: 0
	F14_('S4', 'S5')_t4_min: 41867
	F51_('E5', 'S5')_t3_max: 285
	F21_('S5', 'S4')_t4_max: 30525
	F59_('S2', 'S3')_rr: 1
	('S4', 'S5')_gcl_cycle: 128000
	F48_('S3', 'S4')_t4_max: 4133
	F36_('E4', 'S4')_rr: 0
	F57_('S3', 'S4')_t5_max: 24205
	F59_('S4', 'S5')_rr: 1
	F8_('S5', 'S4')_tb: 6978
	F35_('S5', 'S4')_t3_max: 119023
	F29_('S4', 'S3')_rr: 0
	F30_queue_index: 0
	F49_('S5', 'S4')_t4_max: 58569
	F12_('S3', 'S2')_gc: False
	F2_('E2', 'S2')_gc: False
	F59_('S5', 'E5')_t5_min: 63565
	('S5', 'S4')_gcl_cycle: 128000
	('S3', 'S4')_gcl_cycle: 128000
	F21_('S5', 'S4')_t4_min: 30507
	F35_('S3', 'S2')_rr: 0
	F17_jitter: 0
	F38_('S3', 'S2')_gc: False
	F27_('E2', 'S2')_gc: False
	F21_('S3', 'S2')_t4_min: 30535
	F49_('S3', 'S2')_t4_max: 58619
	F54_('S2', 'S1')_t4_min: 60533
	F12_('S3', 'S2')_t4_min: 15493
	F18_('S4', 'S3')_t4_min: 62513
	F22_('S2', 'S3')_t5_max: 24240
	F9_queue_index: 0
	F0_('S4', 'S3')_rr: 0
	F24_('S3', 'E3')_t3_min: 63344
	F33_('E1', 'S1')_t3_max: 6313
	F47_('S4', 'S5')_rr: 0
	('S3', 'S4')_gcl_length: 46
	F55_('E5', 'S5')_t3_max: 18367
	F58_('S1', 'S2')_rr: 0
	F0_('S5', 'S4')_rr: 0
	F5_('E4', 'S4')_rr: 0
	F37_('S1', 'S2')_t3_max: 359
	F52_('S3', 'S4')_t5_max: 8277
	F17_('S4', 'E4')_rr: 32
	F20_('S5', 'E5')_t4_max: 1674
	F29_('S4', 'S3')_gc: False
	F20_('S3', 'S4')_gc: False
	F8_('S4', 'S3')_t3_min: 6987
	F12_('S4', 'S3')_rr: 0
	F6_('S2', 'E2')_gc: True
	F42_('S2', 'S1')_gc: False
	F42_('E4', 'S4')_gc: False
	F45_('S4', 'S5')_t3_max: 7504
	F42_('S4', 'S3')_gc: False
	F42_('S4', 'S3')_t4_max: 19205
	F56_('S3', 'S2')_t4_min: 58641
	F59_('S3', 'S4')_t4_min: 63527
	('S5', 'E5')_gcl_cycle: 1
	F27_('S4', 'S5')_rr: 0
	F29_('S3', 'E3')_rr: 0
	F39_('E3', 'S3')_rr: 0
	F46_('E2', 'S2')_t3_max: 62
	F1_queue_index: 0
	F13_('S2', 'S3')_t4_min: 127899
	F13_('S5', 'E5')_gc: False
	F33_('S2', 'S3')_t5_min: 6373
	F3_('S5', 'E5')_rr: 0
	F14_('S5', 'E5')_t3_max: 41929
	F51_('S4', 'E4')_t4_min: 327
	F21_('E5', 'S5')_rr: 0
	F21_('E5', 'S5')_t3_max: 30480
	F2_jitter: 0
	F47_queue_index: 0
	F38_('S3', 'S2')_t4_min: 3287
	F11_('S3', 'E3')_t4_min: 51
	F21_('S3', 'S2')_gc: False
	F18_('S1', 'E1')_t4_min: 62560
	F32_('S4', 'S3')_t4_min: 18564
	F33_('S2', 'S3')_t4_max: 6363
	F41_('S4', 'E4')_gc: False
	F16_jitter: 18
	F15_('S4', 'S5')_gc: False
	F45_('E4', 'S4')_t3_max: 7473
	F42_('E4', 'S4')_rr: 0
	F18_('S2', 'S1')_gc: False
	F44_('S5', 'E5')_t3_max: 494
	F43_queue_index: 0
	F30_('E4', 'S4')_gc: False
	F57_('S4', 'E4')_gc: False
	F32_('S4', 'S3')_t4_max: 18600
	F40_('S3', 'S4')_t3_max: 63517
	F21_('S2', 'S1')_t4_min: 30549
	F54_('S3', 'S2')_t5_max: 60526
	F48_('S4', 'E4')_t5_max: 4150
	F13_('S1', 'S2')_t4_max: 127914
	F31_('S4', 'S3')_t4_max: 7393
	F27_('S5', 'E5')_t4_min: 147
	F2_('S1', 'E1')_gc: True
	F45_('S5', 'E5')_gc: False
	F27_('S3', 'S4')_t4_max: 175
	F46_jitter: 0
	F5_('S4', 'S3')_t3_min: 6
	F31_('E4', 'S4')_t4_max: 7364
	F32_('S5', 'S4')_rr: 0
	F35_('S3', 'S2')_t5_min: 119055
	F47_('S5', 'E5')_t4_min: 31870
	F12_('S4', 'S3')_t4_max: 15505
	F20_('S2', 'S3')_gc: False
	F46_queue_index: 0
	F51_('E5', 'S5')_rr: 0
	F24_queue_index: 0
	F2_('S2', 'S1')_gc: False
	F46_('S2', 'S3')_t3_max: 92
	F58_('E1', 'S1')_gc: False
	F44_('S5', 'E5')_t4_min: 471
	F26_('E1', 'S1')_t3_min: 16296
	F42_('S2', 'S1')_tb: 19201
	F37_('S1', 'S2')_tb: 367
	F34_('S2', 'S1')_t3_min: 26
	F29_('E4', 'S4')_t3_min: 451
	F13_('S2', 'S3')_t3_min: 127899
	F3_('S5', 'E5')_t5_max: 16146
	F22_('S3', 'S4')_t3_max: 24247
	F43_('S2', 'E2')_t5_min: 3279
	F37_('S2', 'S3')_t5_min: 379
	F12_('E4', 'S4')_t4_min: 15481
	F4_('S4', 'S3')_t3_min: 39319
	F39_('S2', 'S1')_t3_min: 60541
	F38_('S3', 'S2')_t3_min: 3287
	F12_('E4', 'S4')_t4_max: 15481
	F54_('S5', 'S4')_tb: 60485
	F49_('S4', 'S3')_tb: 58576
	F28_('S4', 'S5')_tb: 1286
	F22_('S5', 'E5')_t4_max: 24318
	F54_('S2', 'S1')_t5_max: 60536
	F21_('S2', 'S1')_t5_max: 30633
	F54_('S1', 'E1')_t4_max: 60556
	F22_('S3', 'S4')_tb: 24206
	F19_('E4', 'S4')_t5_min: 139
	F13_('S3', 'S4')_tb: 127902
	F56_('E5', 'S5')_t3_min: 58586
	F55_('E5', 'S5')_t4_min: 18380
	F20_('E1', 'S1')_t4_max: 1519
	F20_('S1', 'S2')_t5_min: 1543
	F45_('E4', 'S4')_t4_min: 7486
	F51_('S4', 'E4')_t4_max: 327
	F0_('S2', 'E2')_t3_min: 26576
	F54_('S5', 'S4')_t5_min: 60488
	F37_('S3', 'E3')_t3_max: 404
	F21_('S2', 'S1')_t3_min: 30549
	F28_('E4', 'S4')_t4_min: 1275
	F9_('S3', 'E3')_t4_max: 1336
	F6_('S4', 'S3')_t5_min: 2506
	F27_('S3', 'S4')_t5_min: 141
	F18_('S1', 'E1')_tb: 62560
	F42_('S4', 'S3')_t5_max: 19210
	F35_('S5', 'S4')_t3_min: 119018
	F8_('E5', 'S5')_t4_max: 6969
	F32_('S3', 'E3')_t4_max: 18613
	F28_('S5', 'E5')_t5_min: 1306
	F41_('S3', 'S4')_t5_max: 5650
	F57_('S1', 'S2')_tb: 24166
	F1_('S3', 'E3')_t3_max: 361
	F55_('S3', 'E3')_t3_min: 18410
	F12_('E4', 'S4')_t3_min: 15481
	F26_('S4', 'E4')_t3_max: 16370
	F36_('S5', 'E5')_tb: 1831
	F17_('S5', 'S4')_tb: 274
	F36_('E4', 'S4')_t3_min: 1823
	F12_('E4', 'S4')_tb: 15481
	F58_('E1', 'S1')_t4_min: 63641
	F48_('S4', 'E4')_t4_max: 4145
	F47_('E4', 'S4')_t3_min: 31864
	F56_('S3', 'S2')_t3_max: 58641
	F48_('S4', 'E4')_t3_min: 4140
	F29_('S3', 'E3')_t3_min: 473
	F20_('S1', 'S2')_t3_min: 1532
	F14_('S4', 'S5')_t5_min: 41868
	F36_('E4', 'S4')_t5_max: 1825
	F7_('E4', 'S4')_t5_max: 7423
	F10_('E5', 'S5')_t5_min: 2530
	F30_('S5', 'E5')_t3_min: 127784
	F14_('S4', 'S5')_t5_max: 41922
	F14_('S4', 'S5')_tb: 41867
	F9_('S5', 'S4')_t5_min: 1302
	F58_('S1', 'S2')_tb: 63650
	F53_('E2', 'S2')_t5_max: 3156
	F41_('S4', 'E4')_t4_max: 5670
	F30_('S5', 'E5')_t5_max: 127830
	F31_('S2', 'S1')_t3_min: 7397
	F4_('S3', 'S2')_t3_max: 39340
	F18_('S2', 'S1')_tb: 62528
	F29_('S3', 'E3')_t3_max: 496
	('S5', 'E5')_gcl_length: 0
	F22_('S3', 'S4')_t3_min: 24206
	F18_('S3', 'S2')_tb: 62524
	F41_('E3', 'S3')_t3_min: 5614
	F14_('E2', 'S2')_t4_min: 41858
	F0_('E5', 'S5')_t4_min: 26495
	F54_('E5', 'S5')_t5_min: 60483
	F53_('S1', 'E1')_t3_max: 3195
	F18_('S2', 'S1')_t5_min: 62530
	F24_('E4', 'S4')_t5_min: 63337
	F57_('S4', 'E4')_t3_max: 24212
	F35_('S1', 'E1')_t3_min: 119070
	F18_('S3', 'S2')_t3_max: 62522
	F58_('S5', 'E5')_t3_min: 63686
	F15_('E4', 'S4')_t3_min: 1775
	F45_('E4', 'S4')_t5_max: 7497
	F2_('S2', 'S1')_t5_max: 4130
	F46_('E2', 'S2')_t5_min: 85
	F53_('S2', 'S1')_t5_max: 3188
	F26_('S4', 'E4')_tb: 16370
	('S1', 'S2')_gcl_length: 158
	F21_('S2', 'S1')_tb: 30549
	F52_('E3', 'S3')_t3_min: 8266
	F36_('S5', 'E5')_t3_max: 1854
	F9_('E5', 'S5')_t4_min: 1269
	F31_('S4', 'S3')_t3_min: 7375
	('S1', 'E1')_gcl_length: 74
	F59_('S5', 'E5')_tb: 63560
	F9_('E5', 'S5')_t4_max: 1269
	F34_('E2', 'S2')_tb: 22
	F32_('S3', 'E3')_tb: 18613
	F19_('S3', 'E3')_tb: 146
	F3_('S5', 'E5')_tb: 16127
	F43_('S4', 'S3')_t5_min: 3234
	F7_('E4', 'S4')_t3_min: 7418
	F57_('S4', 'E4')_tb: 24207
	F59_('S3', 'S4')_t3_max: 63527
	F41_('E3', 'S3')_t5_max: 5622
	F30_('S5', 'E5')_t4_max: 127820
	F20_('S3', 'S4')_t5_max: 1623
	F22_('S2', 'S3')_tb: 24195
	F58_('S3', 'S4')_t3_min: 63668
	F48_('S2', 'S3')_t5_min: 4126
	F56_('S3', 'S2')_tb: 58641
	F54_('S4', 'S3')_tb: 60513
	F37_('S3', 'E3')_t3_min: 381
	F43_('S3', 'S2')_tb: 3259
	F35_('S5', 'S4')_t5_max: 119047
	F56_('E5', 'S5')_t4_min: 58586
	F35_('S4', 'S3')_t5_max: 119078
	F45_('E4', 'S4')_t3_min: 7486
	F43_('S5', 'S4')_t3_min: 3209
	F36_('S4', 'S5')_t5_min: 1829
	F18_('S4', 'S3')_t5_max: 62515
	F42_('S2', 'S1')_t3_min: 19201
	F40_('E3', 'S3')_t5_max: 63510
	F58_('S3', 'S4')_tb: 63668
	F50_('S4', 'E4')_t3_max: 8370
	F2_('S1', 'E1')_t5_max: 4161
	F58_('S1', 'S2')_t3_min: 63650
	F55_('S4', 'S3')_t5_max: 18444
	F36_('S5', 'E5')_t5_min: 1833
	F13_('E1', 'S1')_t5_max: 127894
	F17_('S4', 'E4')_t4_max: 292
	F21_('S3', 'S2')_t5_min: 30547
	F28_('S5', 'E5')_t4_max: 1333
	F9_('E5', 'S5')_tb: 1269
	F1_('S2', 'S3')_tb: 348
	F48_('E2', 'S2')_t4_max: 4109
	('S2', 'S3')_gcl_length: 148
	F57_('S4', 'E4')_t5_min: 24211
	F18_('S5', 'S4')_t5_max: 62506
	F20_('S3', 'S4')_t3_min: 1558
	F49_('S5', 'S4')_t5_min: 58574
	F1_('S2', 'S3')_t5_max: 354
	F24_('S4', 'S3')_tb: 63339
	F45_('S5', 'E5')_t3_max: 7535
	F8_('S4', 'S3')_tb: 6987
	F56_('E5', 'S5')_t4_max: 58586
	F25_('E4', 'S4')_t4_min: 1666
	F15_('S5', 'E5')_t5_max: 1830
	F38_('E4', 'S4')_t5_max: 3274
	F43_('S4', 'S3')_tb: 3225
	F39_('S2', 'S1')_t5_max: 60565
	F4_('S2', 'S1')_t5_max: 39378
	F12_('S4', 'S3')_t3_min: 15487
	F0_('S4', 'S3')_t3_min: 26515
	F37_('S3', 'E3')_tb: 404
	F59_('S3', 'S4')_t5_max: 63532
	F59_('S2', 'S3')_t5_max: 63520
	F33_('S3', 'S4')_t5_max: 6402
	F44_('S4', 'S5')_t3_min: 466
	F11_('S3', 'E3')_t3_max: 74
	F35_('S1', 'E1')_t4_max: 119160
	F15_('S4', 'S5')_t3_min: 1782
	F13_('S5', 'E5')_t5_min: 127909
	F4_('S2', 'S1')_t3_min: 39351
	F21_('S4', 'S3')_t5_min: 30533
	F59_('S5', 'E5')_t3_max: 63565
	F44_('S5', 'E5')_t5_min: 474
	F45_('S5', 'E5')_t5_min: 7523
	F46_('S2', 'S3')_t5_max: 115
	F13_('S5', 'E5')_tb: 127908
	F58_('E1', 'S1')_t4_max: 63641
	F48_('S4', 'E4')_tb: 4145
	F26_('E1', 'S1')_t5_max: 16301
	F59_('S1', 'S2')_t5_min: 63496
	F31_('S4', 'S3')_tb: 7375
	F57_('S1', 'S2')_t3_min: 24161
	F22_('S4', 'S5')_t5_max: 24298
	('S3', 'E3')_gcl_length: 66
	F15_('S5', 'E5')_t4_max: 1825
	F16_('S3', 'E3')_tb: 2965
	F35_('S3', 'S2')_t3_min: 119044
	F53_('S2', 'S1')_t5_min: 3170
	F25_('E4', 'S4')_t5_max: 1674
	F22_('S4', 'S5')_t3_max: 24276
	F24_('S4', 'S3')_t3_min: 63339
	F43_('S5', 'S4')_tb: 3214
	F18_('S4', 'S3')_tb: 62513
	F22_('S5', 'E5')_t3_min: 24228
	F11_('S2', 'S3')_tb: 38
	F30_('E4', 'S4')_t3_min: 127760
	F58_('S4', 'S5')_t5_min: 63684
	F59_('S2', 'S3')_tb: 63515
	F59_('S5', 'E5')_t4_max: 63578
	F7_('E4', 'S4')_tb: 7418
	F13_('E1', 'S1')_t3_min: 127893
	F9_('S5', 'S4')_t3_min: 1278
	F5_('E4', 'S4')_tb: 1
	F10_('E5', 'S5')_t5_max: 2530
	F47_('S5', 'E5')_t3_max: 31893
	F7_('S2', 'E2')_t3_max: 7480
	F58_('S3', 'S4')_t3_max: 63709
	('E2', 'S2')_gcl_length: 0
	F59_('S1', 'S2')_t5_max: 63496
	F55_('S3', 'E3')_t5_max: 18472
	F34_('S1', 'E1')_t4_max: 65
	F48_('S2', 'S3')_t3_min: 4116
	F18_('S4', 'S3')_t3_min: 62490
	F33_('S1', 'S2')_t5_min: 6353
	F6_('S2', 'E2')_t4_max: 2531
	F0_('S5', 'S4')_t3_min: 26505
	F59_('E1', 'S1')_t5_max: 63472
	F22_('E1', 'S1')_t4_min: 24173
	F6_('E5', 'S5')_t5_min: 2470
	F15_('S4', 'S5')_t5_min: 1787
	F22_('S5', 'E5')_t5_min: 24237
	F40_('S4', 'E4')_t5_min: 63527
	F43_('S5', 'S4')_t5_min: 3223
	F0_('S2', 'E2')_t5_max: 26589
	F37_('E1', 'S1')_t5_min: 352
	F55_('E5', 'S5')_tb: 18380
	F43_('S2', 'E2')_tb: 3270
	F6_('S5', 'S4')_t5_max: 2488
	F12_('S3', 'S2')_t5_min: 15497
	F4_('S1', 'E1')_t5_min: 39371
	F9_('S4', 'S3')_t3_max: 1309
	F58_('S4', 'S5')_t3_min: 63677
	F13_('S5', 'E5')_t5_max: 127999
	F36_('E4', 'S4')_t5_min: 1825
	F20_('S4', 'S5')_t3_max: 1630
	F52_('S4', 'E4')_tb: 8284
	F6_('S4', 'S3')_t3_max: 2495
	('S4', 'S5')_gcl_length: 10
	F35_('S3', 'S2')_t5_max: 119109
	F33_('S1', 'S2')_tb: 6343
	F42_('E4', 'S4')_t3_min: 19180
	F26_('S2', 'S3')_t3_min: 16315
	F45_('S5', 'E5')_t4_max: 7548
	F37_('E1', 'S1')_t4_max: 347
	F26_('S2', 'S3')_t5_max: 16338
	F30_('E4', 'S4')_t5_min: 127770
	F42_('E4', 'S4')_t5_min: 19185
	F8_('S5', 'S4')_t3_min: 6978
	F27_('S3', 'S4')_tb: 139
	F5_('S3', 'E3')_tb: 11
	F51_('E5', 'S5')_t5_min: 299
	F54_('S5', 'S4')_t5_max: 60506
	F11_('E2', 'S2')_t5_min: 36
	F9_('S5', 'S4')_t5_max: 1302
	F54_('S1', 'E1')_t5_max: 60559
	F49_('S2', 'E2')_t4_max: 58644
	F12_('S4', 'S3')_t5_max: 15509
	F32_('E5', 'S5')_t3_min: 18548
	F50_('S2', 'S3')_t5_min: 8324
	F39_('S1', 'E1')_t5_max: 60591
	F22_('S4', 'S5')_t5_min: 24226
	F42_('S3', 'S2')_t3_max: 19217
	F12_('S3', 'S2')_t3_max: 15516
	F5_('E4', 'S4')_t5_max: 4
	F1_('E2', 'S2')_t4_max: 335
	F9_('S4', 'S3')_t5_max: 1316
	F9_('S4', 'S3')_t3_min: 1304
	F1_('S3', 'E3')_t3_min: 356
	F17_('E5', 'S5')_t4_max: 256
	F36_('E4', 'S4')_t4_max: 1823
	F20_('S5', 'E5')_tb: 1584
	F10_('S5', 'S4')_tb: 2532
	F51_('E5', 'S5')_t5_max: 299
	F4_('S2', 'S1')_t5_min: 39360
	F37_('S1', 'S2')_t3_min: 354
	F45_('S4', 'S5')_t5_min: 7510
	('E4', 'S4')_gcl_length: 0
	F38_('E4', 'S4')_t4_min: 3265
	F18_('S1', 'E1')_t3_min: 62532
	F27_('S4', 'S5')_t5_min: 145
	F25_('S4', 'S5')_t5_min: 1684
	F13_('S5', 'E5')_t3_max: 127985
	F52_('E3', 'S3')_tb: 8266
	F50_('E2', 'S2')_tb: 8320
	F54_('S1', 'E1')_t3_min: 60538
	F45_('E4', 'S4')_t4_max: 7486
	F11_('S3', 'E3')_t4_max: 87
	F40_('E3', 'S3')_t5_min: 63510
	F37_('E1', 'S1')_t4_min: 347
	F17_('S5', 'S4')_t3_min: 269
	F44_('S5', 'E5')_t4_max: 507
	F57_('E1', 'S1')_t4_min: 24155
	F52_('S4', 'E4')_t4_max: 8284
	F34_('E2', 'S2')_t4_min: 22
	F56_('S3', 'S2')_t5_min: 58648
	F21_('S1', 'E1')_t4_max: 30653
	F50_('S3', 'S4')_tb: 8326
	F28_('E4', 'S4')_t3_min: 1275
	F3_('S4', 'S5')_tb: 16124
	F10_('S5', 'S4')_t3_min: 2532
	F44_('S4', 'S5')_t5_max: 487
	F23_('E4', 'S4')_t5_min: 1719
	F1_('S2', 'S3')_t5_min: 354
	F35_('S2', 'S1')_tb: 119057
	F19_('E4', 'S4')_t4_max: 136
	F42_('S4', 'S3')_tb: 19187
	F27_('E2', 'S2')_t4_min: 131
	F49_('S3', 'S2')_t5_max: 58624
	F29_('S3', 'E3')_tb: 473
	F46_('E2', 'S2')_t3_min: 75
	F8_('S3', 'E3')_t5_min: 7003
	F27_('S3', 'S4')_t5_max: 177
	F21_('E5', 'S5')_t5_max: 30505
	F16_('E5', 'S5')_t4_min: 2900
	F39_('S2', 'S1')_tb: 60558
	F8_('S4', 'S3')_t3_max: 7010
	('E1', 'S1')_gcl_length: 0
	F55_('S3', 'E3')_tb: 18410
	F35_('S3', 'S2')_tb: 119044
	F41_('S4', 'E4')_t3_max: 5657
	F18_('S1', 'E1')_t5_max: 62562
	F57_('S1', 'S2')_t5_min: 24170
	F32_('S4', 'S3')_t5_min: 18570
	F21_('S3', 'S2')_t5_max: 30601
	F13_('S5', 'E5')_t3_min: 127908
	F3_('S5', 'E5')_t3_max: 16132
	F11_('S2', 'S3')_t3_min: 38
	F29_('S4', 'S3')_t5_min: 471
	F55_('S5', 'S4')_tb: 18390
	F21_('E5', 'S5')_tb: 30493
	F42_('S2', 'S1')_t3_max: 19242
	F57_('S2', 'S3')_tb: 24172
	F11_('S2', 'S3')_t5_min: 49
	F20_('E1', 'S1')_t5_max: 1530
	F31_('S4', 'S3')_t5_max: 7402
	F49_('S2', 'E2')_t5_min: 58595
	F26_('S4', 'E4')_t3_min: 16329
	F55_('S5', 'S4')_t5_min: 18398
	F57_('S2', 'S3')_t3_max: 24177
	F49_('S5', 'S4')_t3_min: 58556
	F16_('S5', 'S4')_t5_max: 2944
	F53_('S1', 'E1')_t4_max: 3195
	F40_('S4', 'E4')_t4_max: 63541
	F28_('E4', 'S4')_t5_min: 1284
	F43_('S2', 'E2')_t3_max: 3275
	F48_('E2', 'S2')_t4_min: 4109
	F17_('S4', 'E4')_t5_min: 303
	F37_('S2', 'S3')_t3_min: 374
	F30_('S4', 'S5')_tb: 127772
	F25_('S4', 'S5')_t3_min: 1676
	F27_('E2', 'S2')_t3_min: 131
	F39_('S3', 'S2')_t5_min: 60539
	F0_('S3', 'S2')_t5_max: 26574
	F43_('E5', 'S5')_t3_min: 3198
	F23_('S4', 'S5')_t5_max: 1747
	F17_('S4', 'E4')_tb: 292
	F2_('S1', 'E1')_t3_min: 4114
	F15_('E4', 'S4')_t4_min: 1775
	F59_('S1', 'S2')_tb: 63491
	F59_('S2', 'S3')_t3_max: 63503
	F37_('E1', 'S1')_tb: 347
	F4_('S4', 'S3')_t5_max: 39333
	F33_('S4', 'E4')_tb: 6423
	F34_('E2', 'S2')_t5_max: 24
	F58_('E1', 'S1')_t3_min: 63641
	F58_('S1', 'S2')_t5_min: 63657
	F54_('S1', 'E1')_t3_max: 60543
	F29_('E4', 'S4')_t5_max: 460
	F7_('S2', 'E2')_t5_min: 7444
	F43_('S3', 'S2')_t3_max: 3259
	F54_('S4', 'S3')_t5_min: 60516
	F30_('S5', 'E5')_t3_max: 127807
	F59_('S3', 'S4')_t5_min: 63532
	F17_('S4', 'E4')_t5_max: 303
	F6_('S5', 'S4')_t3_min: 2472
	F18_('E5', 'S5')_t4_max: 62482
	F46_('E2', 'S2')_t4_max: 75
	F46_('S3', 'E3')_t3_max: 122
	F25_('E4', 'S4')_t3_min: 1666
	F33_('E1', 'S1')_t4_min: 6326
	F27_('S2', 'S3')_t3_min: 135
	F0_('S3', 'S2')_t5_min: 26574
	F20_('E1', 'S1')_t3_min: 1519
	F52_('E3', 'S3')_t5_min: 8268
	F56_('S2', 'E2')_t5_max: 58662
	F4_('S1', 'E1')_t4_max: 39398
	F48_('E2', 'S2')_tb: 4109
	F39_('S2', 'S1')_t5_min: 60565
	F35_('S1', 'E1')_t5_max: 119171
	F45_('S5', 'E5')_tb: 7512
	F38_('S2', 'E2')_t3_min: 3298
	F44_('S5', 'E5')_tb: 471
	F50_('E2', 'S2')_t4_min: 8320
	F26_('E1', 'S1')_tb: 16296
	F56_('S4', 'S3')_t5_max: 58634
	F1_('S3', 'E3')_t5_min: 362
	F13_('E1', 'S1')_t5_min: 127894
	F17_('E5', 'S5')_t4_min: 256
	F45_('S5', 'E5')_t3_min: 7512
	F21_('S5', 'S4')_t3_min: 30507
	F8_('S5', 'S4')_t5_max: 7003
	F6_('S2', 'E2')_t5_min: 2542
	F56_('S4', 'S3')_tb: 58627
	F3_('S5', 'E5')_t5_min: 16128
	F15_('S4', 'S5')_tb: 1782
	F35_('E5', 'S5')_t5_min: 119016
	F59_('S5', 'E5')_t3_min: 63560
	F23_('S4', 'S5')_t3_min: 1721
	F2_('S1', 'E1')_t3_max: 4137
	F54_('S4', 'S3')_t3_max: 60513
	F9_('S3', 'E3')_t5_max: 1343
	F46_('E2', 'S2')_t5_max: 85
	F16_('S3', 'E3')_t5_min: 2977
	F52_('S3', 'S4')_t3_min: 8270
	F41_('S4', 'E4')_t5_min: 5642
	F26_('S4', 'E4')_t5_max: 16375
	F23_('S5', 'E5')_t3_max: 1754
	F22_('S1', 'S2')_t3_min: 24184
	F21_('S4', 'S3')_t5_max: 30569
	F57_('S3', 'S4')_tb: 24201
	F21_('S5', 'S4')_t5_min: 30519
	F56_('S5', 'S4')_tb: 58595
	F39_('S3', 'S2')_tb: 60532
	F39_('S1', 'E1')_t3_max: 60572
	F49_('E5', 'S5')_t5_max: 58554
	F45_('S5', 'E5')_t5_max: 7559
	F26_('S1', 'S2')_t5_min: 16313
	F5_('S3', 'E3')_t4_max: 47
	F34_('S1', 'E1')_tb: 47
	F33_('S3', 'S4')_tb: 6392
	F39_('S3', 'S2')_t3_min: 60527
	F22_('S1', 'S2')_t5_min: 24193
	F21_('S4', 'S3')_t3_max: 30544
	F42_('E4', 'S4')_tb: 19180
	F18_('S4', 'S3')_t3_max: 62513
	F50_('E2', 'S2')_t5_max: 8321
	F46_('S2', 'S3')_t5_min: 97
	F7_('S4', 'S3')_tb: 7425
	F41_('E3', 'S3')_t5_min: 5622
	F25_('E4', 'S4')_t5_min: 1674
	F35_('S2', 'S1')_t3_max: 119116
	F25_('S5', 'E5')_tb: 1686
	F48_('S3', 'S4')_t5_min: 4138
	('E5', 'S5')_gcl_length: 2
	F56_('S5', 'S4')_t3_min: 58595
	F21_('S5', 'S4')_t5_max: 30537
	F59_('E1', 'S1')_t4_min: 63467
	F1_('S3', 'E3')_t4_max: 374
	F22_('E1', 'S1')_t3_min: 24173
	F58_('S2', 'S3')_t5_max: 63702
	F13_('S3', 'S4')_t3_min: 127902
	F13_('S5', 'E5')_t4_max: 127998
	F32_('S5', 'S4')_tb: 18556
	F14_('E2', 'S2')_tb: 41858
	('E3', 'S3')_gcl_length: 0
	F21_('S1', 'E1')_tb: 30563
	F28_('S4', 'S5')_t5_min: 1295
	F59_('E1', 'S1')_t5_min: 63472
	F55_('S4', 'S3')_t5_min: 18408
	F22_('S2', 'S3')_t3_max: 24218
	F47_('S4', 'S5')_t5_min: 31868
	F16_('S5', 'S4')_t5_min: 2926
	F4_('S4', 'S3')_tb: 39324
	F43_('S3', 'S2')_t5_min: 3268
	F34_('S1', 'E1')_t5_max: 67
	F0_('S4', 'S3')_t5_max: 26559
	F16_('S4', 'S3')_t5_max: 2963
	F24_('S3', 'E3')_t4_max: 63380
	F22_('S1', 'S2')_t5_max: 24211
	F54_('S2', 'S1')_tb: 60533
	F43_('E5', 'S5')_t4_min: 3198
	F12_('S2', 'E2')_t5_min: 15503
	F1_('S3', 'E3')_tb: 356
	F56_('S4', 'S3')_t5_min: 58634
	F42_('S3', 'S2')_tb: 19194
	F3_('S4', 'S5')_t5_min: 16125
	F25_('S5', 'E5')_t4_max: 1722
	F53_('E2', 'S2')_t3_min: 3144
	F42_('E4', 'S4')_t5_max: 19185
	F27_('S5', 'E5')_t5_max: 221
	F20_('E1', 'S1')_t5_min: 1530
	F9_('E5', 'S5')_t3_min: 1269
	F55_('S4', 'S3')_tb: 18400
	F38_('E4', 'S4')_tb: 3265
	F58_('S5', 'E5')_t5_max: 63783
	F57_('S3', 'S4')_t5_min: 24205
	F57_('E1', 'S1')_t4_max: 24155
	F23_('E4', 'S4')_t4_min: 1711
	F38_('S4', 'S3')_t5_min: 3285
	F54_('S3', 'S2')_t3_min: 60518
	F16_('S4', 'S3')_t3_max: 2951
	F13_('S4', 'S5')_t3_min: 127905
	F38_('S2', 'E2')_tb: 3298
	F12_('S2', 'E2')_t3_min: 15499
	F57_('S4', 'E4')_t4_max: 24225
	F58_('S1', 'S2')_t5_max: 63675
	F11_('S3', 'E3')_t3_min: 51
	F20_('S2', 'S3')_t3_max: 1568
	F10_('S4', 'E4')_t5_min: 2544
	F24_('S4', 'S3')_t5_max: 63360
	F27_('E2', 'S2')_t4_max: 131
	F40_('E3', 'S3')_t4_min: 63506
	F34_('E2', 'S2')_t5_min: 24
	F27_('S3', 'S4')_t3_max: 162
	F21_('S4', 'S3')_t3_min: 30521
	F52_('E3', 'S3')_t4_min: 8266
	F33_('S2', 'S3')_tb: 6363
	F39_('S1', 'E1')_t5_min: 60591
	F7_('S3', 'S2')_tb: 7432
	F21_('S1', 'E1')_t3_min: 30563
	F12_('S2', 'E2')_t4_max: 15553
	F11_('S2', 'S3')_t5_max: 67
	F11_('S3', 'E3')_t5_max: 98
	F36_('S4', 'S5')_t3_min: 1827
	F23_('S4', 'S5')_tb: 1721
	F7_('S2', 'E2')_tb: 7439
	F48_('S3', 'S4')_t5_max: 4138
	F42_('S3', 'S2')_t5_min: 19199
	F23_('S5', 'E5')_t4_max: 1767
	F58_('S4', 'S5')_t3_max: 63736
	F57_('S2', 'S3')_t5_min: 24176
	F36_('S5', 'E5')_t4_max: 1867
	F59_('E1', 'S1')_t3_min: 63467
	F24_('E4', 'S4')_t4_max: 63334
	F8_('S3', 'E3')_t3_min: 6996
	F8_('S3', 'E3')_t5_max: 7057
	F50_('S4', 'E4')_t5_max: 8384
	F26_('S2', 'S3')_tb: 16315
	F26_('S1', 'S2')_tb: 16308
	F0_('E5', 'S5')_tb: 26495
	F1_('S3', 'E3')_t5_max: 380
	F23_('E4', 'S4')_t3_min: 1711
	F1_('E2', 'S2')_t4_min: 335
	F15_('E4', 'S4')_t4_max: 1775
	F20_('S1', 'S2')_tb: 1532
	F58_('S4', 'S5')_t5_max: 63756
	F32_('S3', 'E3')_t3_min: 18572
	F14_('S3', 'S4')_tb: 41864
	F55_('E5', 'S5')_t4_max: 18380
	F26_('E1', 'S1')_t4_max: 16296
	F50_('S4', 'E4')_t3_min: 8329
	F37_('S1', 'S2')_t5_max: 372
	F43_('S3', 'S2')_t3_min: 3236
	F20_('S1', 'S2')_t5_max: 1561
	F36_('S4', 'S5')_t5_max: 1847
	('S4', 'S3')_gcl_length: 236
	F43_('E5', 'S5')_tb: 3198
	F55_('S4', 'S3')_t3_min: 18400
	F48_('E2', 'S2')_t5_min: 4114
	F42_('S3', 'S2')_t3_min: 19194
	F19_('S4', 'S3')_t5_max: 162
	F23_('S4', 'S5')_t5_min: 1729
	F0_('S4', 'S3')_t5_min: 26523
	F21_('S3', 'S2')_t3_min: 30535
	F31_('S3', 'S2')_t5_min: 7395
	F0_('S2', 'E2')_tb: 26581
	F31_('E4', 'S4')_t3_min: 7364
	F57_('E1', 'S1')_t5_min: 24159
	F2_('E2', 'S2')_t5_max: 4098
	F42_('S1', 'E1')_t5_max: 19285
	F36_('S5', 'E5')_t5_max: 1869
	F30_('S5', 'E5')_t5_min: 127794
	F14_('S5', 'E5')_t5_max: 41943
	F7_('S3', 'S2')_t3_max: 7455
	F6_('S4', 'S3')_t3_min: 2490
	F27_('S2', 'S3')_t5_max: 155
	F56_('E5', 'S5')_t5_max: 58593
	F24_('S3', 'E3')_tb: 63344
	F49_('E5', 'S5')_t4_min: 58549
	F34_('S1', 'E1')_t3_max: 52
	F58_('S4', 'S5')_tb: 63677
	F40_('S3', 'S4')_t5_max: 63521
	F18_('S3', 'S2')_t5_max: 62526
	F42_('E4', 'S4')_t4_max: 19180
	F4_('S3', 'S2')_t5_min: 39349
	F49_('S3', 'S2')_t3_min: 58583
	F0_('S2', 'E2')_t3_max: 26581
	F12_('E4', 'S4')_t5_min: 15485
	F17_('E5', 'S5')_tb: 256
	F53_('E2', 'S2')_tb: 3144
	F11_('S3', 'E3')_t5_min: 62
	F33_('S1', 'S2')_t5_max: 6353
	F40_('E3', 'S3')_t3_min: 63506
	F56_('S3', 'S2')_t5_max: 58648
	F6_('S2', 'E2')_tb: 2531
	F37_('S2', 'S3')_t3_max: 379
	F0_('S2', 'E2')_t5_min: 26589
	F57_('S4', 'E4')_t5_max: 24229
	F47_('S5', 'E5')_t4_max: 31906
	F5_('S3', 'E3')_t5_max: 50
	F21_('S1', 'E1')_t5_min: 30575
	F59_('S1', 'S2')_t3_min: 63474
	F43_('S2', 'E2')_t4_max: 3288
	F36_('S5', 'E5')_t3_min: 1831
	F16_('S3', 'E3')_t3_max: 2970
	F43_('S4', 'S3')_t3_min: 3225
	F21_('S3', 'S2')_tb: 30535
	F51_('E5', 'S5')_t4_max: 298
	F27_('E2', 'S2')_t5_min: 133
	F22_('S3', 'S4')_t5_max: 24269
	F32_('E5', 'S5')_t5_max: 18554
	F18_('S2', 'S1')_t3_max: 62533
	F2_('S2', 'S1')_t5_min: 4112
	F38_('S2', 'E2')_t5_min: 3307
	F31_('E4', 'S4')_t5_max: 7373
	F31_('S2', 'S1')_tb: 7397
	F32_('S5', 'S4')_t5_min: 18562
	F53_('E2', 'S2')_t4_max: 3144
	F46_('E2', 'S2')_t4_min: 75
	F32_('E5', 'S5')_tb: 18548
	F47_('E4', 'S4')_t5_min: 31865
	F31_('S1', 'E1')_t5_min: 7417
	F25_('S5', 'E5')_t3_max: 1709
	F33_('S4', 'E4')_t5_min: 6433
	F51_('S4', 'E4')_t5_max: 328
	F32_('S5', 'S4')_t5_max: 18580
	F6_('S2', 'E2')_t5_max: 2542
	F21_('S2', 'S1')_t3_max: 30608
	F16_('E5', 'S5')_t5_max: 2912
	F14_('S2', 'S3')_t3_min: 41861
	F10_('S4', 'E4')_t5_max: 2580
	F10_('E5', 'S5')_t4_max: 2525
	F22_('S5', 'E5')_tb: 24228
	F8_('S4', 'S3')_t5_max: 7030
	F32_('S3', 'E3')_t5_max: 18619
	F54_('S4', 'S3')_t3_min: 60490
	F46_('E2', 'S2')_tb: 75
	F44_('E4', 'S4')_tb: 461
	F35_('E5', 'S5')_tb: 119005
	F35_('S1', 'E1')_t3_max: 119147
	F27_('S3', 'S4')_t3_min: 139
	F25_('S5', 'E5')_t3_min: 1686
	F9_('E5', 'S5')_t5_min: 1276
	F59_('S3', 'S4')_t3_min: 63522
	F6_('E5', 'S5')_t3_min: 2459
	F27_('S2', 'S3')_t5_min: 137
	F13_('S2', 'S3')_t3_max: 127922
	F5_('S4', 'S3')_tb: 6
	F52_('E3', 'S3')_t5_max: 8268
	F18_('S1', 'E1')_t3_max: 62555
	F38_('S4', 'S3')_t5_max: 3303
	F29_('S4', 'S3')_t5_max: 489
	F49_('E5', 'S5')_t3_min: 58549
	F14_('S3', 'S4')_t3_max: 41887
	F6_('S3', 'S2')_t5_min: 2524
	F1_('S2', 'S3')_t3_min: 343
	F20_('S3', 'S4')_t3_max: 1599
	F16_('S4', 'S3')_t3_min: 2928
	F9_('S3', 'E3')_t3_max: 1323
	F9_('S5', 'S4')_tb: 1295
	F51_('S5', 'S4')_t3_min: 301
	F4_('S5', 'S4')_t3_min: 39303
	F13_('S3', 'S4')_t5_min: 127903
	F10_('S4', 'E4')_t3_min: 2539
	F29_('S3', 'E3')_t4_max: 509
	F40_('S3', 'S4')_tb: 63517
	F18_('E5', 'S5')_t3_min: 62482
	F58_('E1', 'S1')_t5_min: 63648
	F35_('S2', 'S1')_t5_max: 119140
	F2_('E2', 'S2')_t3_min: 4086
	F58_('S2', 'S3')_tb: 63659
	F13_('S1', 'S2')_t5_min: 127897
	F31_('E4', 'S4')_tb: 7364
	F23_('S5', 'E5')_tb: 1731
	F54_('E5', 'S5')_t4_max: 60480
	F45_('E4', 'S4')_t5_min: 7497
	F38_('S4', 'S3')_t3_min: 3276
	F42_('E4', 'S4')_t4_min: 19180
	F14_('S5', 'E5')_t5_min: 41871
	F25_('S4', 'S5')_tb: 1676
	F14_('S2', 'S3')_tb: 41861
	F8_('E5', 'S5')_t3_min: 6969
	F53_('S1', 'E1')_t3_min: 3172
	F58_('S5', 'E5')_t3_max: 63763
	F55_('S4', 'S3')_t3_max: 18423
	F54_('S5', 'S4')_t3_min: 60485
	F39_('E3', 'S3')_t4_min: 60518
	F31_('E4', 'S4')_t4_min: 7364
	F22_('S4', 'S5')_t3_min: 24217
	F6_('S3', 'S2')_t3_max: 2513
	F25_('S5', 'E5')_t5_max: 1730
	F7_('S4', 'S3')_t5_max: 7448
	F0_('S5', 'S4')_t5_min: 26513
	F58_('S3', 'S4')_t5_min: 63675
	F26_('E1', 'S1')_t4_min: 16296
	F51_('S5', 'S4')_t5_max: 320
	F40_('S4', 'E4')_t3_max: 63528
	F4_('S4', 'S3')_t5_min: 39333
	F35_('S3', 'S2')_t3_max: 119085
	F8_('S4', 'S3')_t5_min: 6994
	F4_('S4', 'S3')_t3_max: 39324
	F57_('E1', 'S1')_t5_max: 24159
	F9_('S3', 'E3')_t3_min: 1318
	F15_('S5', 'E5')_t3_max: 1812
	F43_('S5', 'S4')_t5_max: 3223
	F6_('S3', 'S2')_t3_min: 2508
	F20_('S4', 'S5')_t5_max: 1654
	F38_('S2', 'E2')_t4_max: 3352
	F14_('E2', 'S2')_t5_min: 41859
	F50_('E2', 'S2')_t3_min: 8320
	F21_('S2', 'S1')_t5_min: 30561
	F52_('S4', 'E4')_t3_min: 8279
	F25_('E4', 'S4')_tb: 1666
	F44_('S5', 'E5')_t5_max: 510
	F28_('S5', 'E5')_t3_min: 1297
	F41_('E3', 'S3')_tb: 5614
	F16_('E5', 'S5')_tb: 2900
	F53_('S1', 'E1')_t5_max: 3207
	F14_('S5', 'E5')_tb: 41870
	F30_('S5', 'E5')_tb: 127784
	F20_('S5', 'E5')_t3_max: 1661
	F47_('S4', 'S5')_t3_min: 31867
	F24_('E4', 'S4')_tb: 63334
	F20_('S5', 'E5')_t5_min: 1595
	F21_('S4', 'S3')_tb: 30521
	F24_('E4', 'S4')_t3_min: 63334
	F19_('S3', 'E3')_t5_min: 149
	F44_('S4', 'S5')_t5_min: 469
	F13_('S4', 'S5')_t5_min: 127906
	F31_('S2', 'S1')_t5_max: 7460
	F28_('E4', 'S4')_t5_max: 1284
	F19_('E4', 'S4')_t4_min: 136
	F5_('S4', 'S3')_t5_max: 27
	F6_('S3', 'S2')_t5_max: 2524
	F22_('S1', 'S2')_tb: 24184
	F3_('E4', 'S4')_t3_min: 16104
	F32_('S4', 'S3')_t3_max: 18587
	F17_('S5', 'S4')_t5_min: 285
	F42_('S1', 'E1')_t5_min: 19213
	F0_('S5', 'S4')_t5_max: 26531
	F9_('S3', 'E3')_t5_min: 1325
	F43_('E5', 'S5')_t5_min: 3207
	F33_('S4', 'E4')_t4_max: 6423
	F4_('S1', 'E1')_tb: 39362
	F35_('S4', 'S3')_t5_min: 119042
	F4_('S2', 'S1')_tb: 39351
	F0_('S3', 'S2')_tb: 26566
	F35_('E5', 'S5')_t4_max: 119005
	F30_('S4', 'S5')_t5_min: 127782
	F27_('S5', 'E5')_t3_min: 147
	F24_('S3', 'E3')_t5_max: 63383
	F14_('S2', 'S3')_t5_min: 41862
	F32_('S5', 'S4')_t3_min: 18556
	F7_('E4', 'S4')_t4_max: 7418
	F37_('S3', 'E3')_t5_min: 409
	F49_('S2', 'E2')_t3_min: 58590
	F14_('S5', 'E5')_t4_max: 41942
	F6_('E5', 'S5')_t4_min: 2459
	F7_('S3', 'S2')_t3_min: 7432
	F31_('S4', 'S3')_t5_min: 7384
	F3_('E4', 'S4')_tb: 16104
	F42_('S1', 'E1')_t4_max: 19280
	F30_('S4', 'S5')_t5_max: 127800
	F7_('S2', 'E2')_t4_max: 7493
	F19_('S3', 'E3')_t3_max: 169
	F59_('S4', 'S5')_t3_min: 63534
	F15_('S5', 'E5')_tb: 1789
	F29_('S3', 'E3')_t5_max: 518
	F38_('S4', 'S3')_tb: 3276
	F41_('S4', 'E4')_tb: 5634
	F31_('S3', 'S2')_t5_max: 7431
	F15_('E4', 'S4')_tb: 1775
	F17_('E5', 'S5')_t3_min: 256
	F43_('S4', 'S3')_t3_max: 3230
	F50_('S3', 'S4')_t5_min: 8327
	F38_('E4', 'S4')_t4_max: 3265
	F58_('S5', 'E5')_t5_min: 63693
	F26_('S2', 'S3')_t3_max: 16320
	F14_('S3', 'S4')_t5_min: 41865
	F15_('E4', 'S4')_t5_max: 1780
	F26_('S3', 'S4')_t3_min: 16322
	F58_('S2', 'S3')_t3_max: 63682
	F6_('S5', 'S4')_tb: 2477
	F7_('S3', 'S2')_t5_min: 7437
	F4_('S3', 'S2')_t3_min: 39335
	F58_('E1', 'S1')_t5_max: 63648
	F11_('E2', 'S2')_t4_min: 25
	F22_('S3', 'S4')_t5_min: 24215
	F48_('S2', 'S3')_tb: 4121
	F27_('S2', 'S3')_tb: 135
	F33_('S3', 'S4')_t3_min: 6375
	F49_('S3', 'S2')_tb: 58583
	F21_('S5', 'S4')_tb: 30507
	F32_('S4', 'S3')_t5_max: 18606
	F54_('S4', 'S3')_t5_max: 60516
	F24_('E4', 'S4')_t5_max: 63337
	F18_('S3', 'S2')_t5_min: 62526
	F28_('S5', 'E5')_tb: 1297
	F56_('S4', 'S3')_t3_min: 58604
	F10_('S4', 'E4')_tb: 2539
	F13_('S1', 'S2')_tb: 127896
	F54_('S2', 'S1')_t3_min: 60528
	F56_('S5', 'S4')_t5_min: 58602
	F36_('E4', 'S4')_t4_min: 1823
	F59_('S3', 'S4')_tb: 63527
	F58_('S5', 'E5')_tb: 63686
	F4_('S2', 'S1')_t3_max: 39356
	F42_('S1', 'E1')_t3_min: 19208
	F33_('E1', 'S1')_t5_max: 6336
	F22_('E1', 'S1')_t5_min: 24182
	F29_('S3', 'E3')_t5_min: 482
	F15_('S5', 'E5')_t5_min: 1794
	F13_('E1', 'S1')_t4_max: 127893
	F9_('S4', 'S3')_t5_min: 1316
	F6_('S4', 'S3')_tb: 2495
	F0_('S5', 'S4')_tb: 26505
	F56_('S5', 'S4')_t5_max: 58620
	F21_('E5', 'S5')_t3_min: 30493
	F53_('E2', 'S2')_t4_min: 3144
	F19_('S3', 'E3')_t4_max: 182
	F49_('E5', 'S5')_t4_max: 58549
	F54_('E5', 'S5')_t4_min: 60480
	F29_('E4', 'S4')_t4_min: 451
	F34_('S1', 'E1')_t3_min: 47
	F19_('S4', 'S3')_t5_min: 144
	F50_('E2', 'S2')_t5_min: 8321
	F7_('S3', 'S2')_t5_max: 7473
	F2_('S2', 'S1')_t3_min: 4100
	F4_('E5', 'S5')_t5_max: 39301
	F7_('S2', 'E2')_t3_min: 7439
	F58_('S2', 'S3')_t5_min: 63666
	F37_('E1', 'S1')_t5_max: 352
	F32_('S3', 'E3')_t5_min: 18619
	F51_('S5', 'S4')_t5_min: 302
	F21_('S1', 'E1')_t3_max: 30640
	F50_('S4', 'E4')_t5_min: 8330
	F1_('E2', 'S2')_t5_max: 341
	('S2', 'S1')_gcl_length: 8
	F23_('E4', 'S4')_t4_max: 1711
	F19_('E4', 'S4')_tb: 136
	F6_('E5', 'S5')_t4_max: 2459
	F52_('E3', 'S3')_t4_max: 8266
	F20_('S2', 'S3')_t5_max: 1592
	F35_('S1', 'E1')_tb: 119070
	F56_('S2', 'E2')_tb: 58655
	F52_('S3', 'S4')_t5_min: 8277
	F50_('S3', 'S4')_t3_max: 8349
	F14_('E2', 'S2')_t4_max: 41858
	F8_('E5', 'S5')_t5_max: 6976
	F43_('E5', 'S5')_t5_max: 3207
	F38_('E4', 'S4')_t5_min: 3274
	F13_('S3', 'S4')_t5_max: 127957
	F39_('E3', 'S3')_tb: 60518
	F31_('S1', 'E1')_tb: 7408
	F8_('S3', 'E3')_tb: 6996
	F56_('S2', 'E2')_t5_min: 58662
	F28_('S4', 'S5')_t3_min: 1286
	F35_('S2', 'S1')_t3_min: 119057
	F13_('S1', 'S2')_t3_min: 127896
	F26_('S4', 'E4')_t5_min: 16375
	F14_('S2', 'S3')_t5_max: 41880
	F44_('S5', 'E5')_t3_min: 471
	F40_('S3', 'S4')_t5_min: 63521
	F21_('E5', 'S5')_t4_max: 30493
	F44_('E4', 'S4')_t5_min: 464
	F49_('S3', 'S2')_t5_min: 58588
	F31_('S3', 'S2')_tb: 7386
	F45_('S4', 'S5')_t5_max: 7528
	F19_('S4', 'S3')_tb: 141
	F26_('S4', 'E4')_t4_max: 16370
	F37_('S3', 'E3')_t5_max: 409
	F27_('S4', 'S5')_t3_max: 184
	F30_('E4', 'S4')_t4_min: 127760
	F12_('S2', 'E2')_t3_max: 15540
	F59_('S4', 'S5')_t5_max: 63558
	F58_('S3', 'S4')_t5_max: 63729
	F22_('E1', 'S1')_t4_max: 24173
	F55_('E5', 'S5')_t5_min: 18388
	F13_('S3', 'S4')_t3_max: 127943
	F49_('E5', 'S5')_tb: 58549
	F33_('S2', 'S3')_t3_max: 6360
	F39_('E3', 'S3')_t5_max: 60525
	F15_('E4', 'S4')_t5_min: 1780
	F35_('S1', 'E1')_t5_min: 119081
	F18_('S4', 'S3')_t5_min: 62515
	F49_('E5', 'S5')_t5_min: 58554
	F39_('S1', 'E1')_t3_min: 60567
	F35_('S4', 'S3')_tb: 119031
	F16_('S4', 'S3')_tb: 2951
	F56_('E5', 'S5')_t5_min: 58593
	F51_('S4', 'E4')_t5_min: 328
	F8_('S3', 'E3')_t4_max: 7050
	F4_('S3', 'S2')_tb: 39340
	F31_('S3', 'S2')_t3_min: 7386
	F13_('S2', 'S3')_t5_min: 127900
	F53_('S2', 'S1')_t3_min: 3158
	F56_('S2', 'E2')_t3_max: 58655
	F33_('S2', 'S3')_t5_max: 6373
	F10_('S5', 'S4')_t5_max: 2555
	F36_('S4', 'S5')_tb: 1827
	F49_('S2', 'E2')_t3_max: 58631
	F49_('S2', 'E2')_t5_max: 58649
	F22_('E1', 'S1')_t5_max: 24182
	F40_('S4', 'E4')_t3_min: 63523
	F23_('S5', 'E5')_t5_min: 1739
	F16_('S3', 'E3')_t4_max: 2983
	F49_('S2', 'E2')_tb: 58590
	F55_('E5', 'S5')_t3_min: 18380
	F26_('S3', 'S4')_t5_max: 16363
	F31_('S2', 'S1')_t3_max: 7438
	F9_('S4', 'S3')_tb: 1309
	F9_('E5', 'S5')_t5_max: 1276
	F58_('S2', 'S3')_t3_min: 63659
	F34_('S2', 'S1')_t5_min: 45
	F41_('S3', 'S4')_tb: 5624
	F18_('S1', 'E1')_t5_min: 62562
	F24_('S3', 'E3')_t3_max: 63367
	F14_('S4', 'S5')_t3_min: 41867
	F49_('S4', 'S3')_t5_min: 58581
	F50_('S2', 'S3')_tb: 8323
	F41_('S4', 'E4')_t3_min: 5634
	F6_('S2', 'E2')_t3_max: 2531
	F20_('S4', 'S5')_t3_min: 1571
	('S2', 'E2')_gcl_length: 22
	F48_('S3', 'S4')_tb: 4133
	F31_('S3', 'S2')_t3_max: 7409
	F28_('S4', 'S5')_t5_max: 1313
	F26_('S3', 'S4')_t5_min: 16327
	F59_('E1', 'S1')_tb: 63467
	F46_('S3', 'E3')_tb: 135
	F42_('S2', 'S1')_t5_max: 19260
	F30_('E4', 'S4')_t5_max: 127770
	F19_('S3', 'E3')_t3_min: 146
	F53_('S2', 'S1')_tb: 3158
	F31_('S2', 'S1')_t5_min: 7406
	F47_('S5', 'E5')_t5_max: 31907
	F35_('E5', 'S5')_t3_min: 119005
	F56_('S4', 'S3')_t3_max: 58627
	F4_('E5', 'S5')_t4_min: 39292
	F0_('S3', 'S2')_t3_min: 26525
	F0_('E5', 'S5')_t3_min: 26495
	F32_('S4', 'S3')_t3_min: 18564
	F4_('S5', 'S4')_t5_min: 39317
	F38_('S2', 'E2')_t3_max: 3339
	F2_('S1', 'E1')_t4_max: 4149
	F18_('S2', 'S1')_t5_max: 62548
	F18_('E5', 'S5')_t4_min: 62482
	F37_('S2', 'S3')_tb: 374
	F22_('S4', 'S5')_tb: 24217
	F5_('E4', 'S4')_t3_min: 1
	F59_('S4', 'S5')_t5_min: 63558
	F46_('S2', 'S3')_t3_min: 87
	F5_('S3', 'E3')_t3_max: 34
	F26_('E1', 'S1')_t5_min: 16301
	F2_('S1', 'E1')_t5_min: 4161
	F44_('E4', 'S4')_t4_max: 461
	F23_('S5', 'E5')_t3_min: 1731
	F22_('S2', 'S3')_t3_min: 24195
	F6_('S3', 'S2')_tb: 2513
	F12_('S3', 'S2')_tb: 15493
	F55_('S5', 'S4')_t3_min: 18390
	F48_('E2', 'S2')_t5_max: 4114
	F5_('E4', 'S4')_t4_max: 1
	F33_('S4', 'E4')_t3_min: 6404
	F24_('E4', 'S4')_t4_min: 63334
	F34_('E2', 'S2')_t4_max: 22
	F20_('S5', 'E5')_t5_max: 1685
	F35_('E5', 'S5')_t5_max: 119016
	F43_('S2', 'E2')_t3_min: 3270
	F15_('S4', 'S5')_t5_max: 1805
	F0_('S4', 'S3')_tb: 26515
	F29_('E4', 'S4')_t4_max: 451
	F18_('S1', 'E1')_t4_max: 62560
	F16_('S5', 'S4')_t3_min: 2914
	F45_('E4', 'S4')_tb: 7486
	F51_('S4', 'E4')_t3_min: 304
	F49_('S5', 'S4')_t5_max: 58574
	F34_('S2', 'S1')_t5_max: 45
	F7_('S4', 'S3')_t3_min: 7425
	F47_('E4', 'S4')_t5_max: 31865
	F4_('S3', 'S2')_t5_max: 39349
	F31_('E4', 'S4')_t5_min: 7373
	F1_('E2', 'S2')_t3_min: 335
	F43_('S2', 'E2')_t5_max: 3297
	F57_('S3', 'S4')_t3_max: 24201
	F13_('S2', 'S3')_t5_max: 127936
	F50_('S3', 'S4')_t5_max: 8363
	F55_('S3', 'E3')_t4_max: 18464
	F38_('S3', 'S2')_t5_max: 3332
	F19_('S4', 'S3')_t3_min: 141
	F37_('S2', 'S3')_t5_max: 397
	F8_('E5', 'S5')_t5_min: 6976
	F7_('E4', 'S4')_t5_min: 7423
	F57_('E1', 'S1')_t3_min: 24155
	F10_('S4', 'E4')_t3_max: 2562
	F50_('S4', 'E4')_t4_max: 8383
	F53_('S1', 'E1')_t5_min: 3207
	F2_('E2', 'S2')_t4_min: 4086
	F26_('S2', 'S3')_t5_min: 16320
	F54_('S1', 'E1')_t5_min: 60541
	F20_('E1', 'S1')_t4_min: 1519
	F38_('S3', 'S2')_tb: 3287
	F52_('S3', 'S4')_tb: 8275
	F16_('S4', 'S3')_t5_min: 2963
	F12_('S2', 'E2')_t5_max: 15557
	F10_('S5', 'S4')_t5_min: 2537
	F18_('E5', 'S5')_tb: 62482
	F34_('E2', 'S2')_t3_min: 22
	F18_('S5', 'S4')_t3_min: 62486
	F49_('S4', 'S3')_t3_min: 58576
	F20_('S4', 'S5')_t5_min: 1582
	F27_('S5', 'E5')_t4_max: 219
	F48_('E2', 'S2')_t3_min: 4109
	F18_('E5', 'S5')_t5_min: 62484
	F41_('E3', 'S3')_t4_max: 5614
	F21_('S1', 'E1')_t5_max: 30665
	F37_('E1', 'S1')_t3_min: 347
	F56_('S3', 'S2')_t3_min: 58636
	F21_('E5', 'S5')_t4_min: 30493
	F37_('S1', 'S2')_t5_min: 372
	F51_('E5', 'S5')_tb: 298
	F14_('E2', 'S2')_t3_min: 41858
	F9_('S3', 'E3')_tb: 1318
	F57_('S4', 'E4')_t3_min: 24207
	F39_('E3', 'S3')_t5_min: 60525
	F26_('S1', 'S2')_t3_min: 16303
	F40_('E3', 'S3')_tb: 63506
	F27_('S5', 'E5')_tb: 147
	F40_('E3', 'S3')_t4_max: 63506
	F33_('S3', 'S4')_t3_max: 6380
	F22_('S5', 'E5')_t5_max: 24327
	F17_('E5', 'S5')_t5_min: 267
	F12_('S3', 'S2')_t5_max: 15533
	F57_('E1', 'S1')_tb: 24155
	F20_('S2', 'S3')_t5_min: 1556
	F29_('E4', 'S4')_tb: 451
	F26_('S1', 'S2')_t5_max: 16313
	F15_('S5', 'E5')_t3_min: 1789
	F51_('E5', 'S5')_t3_min: 298
	F23_('E4', 'S4')_t5_max: 1719
	F35_('S4', 'S3')_t3_min: 119031
	('S4', 'E4')_gcl_length: 134
	F14_('E2', 'S2')_t5_max: 41859
	F33_('S2', 'S3')_t3_min: 6355
	('S3', 'S2')_gcl_length: 72
	F50_('S4', 'E4')_tb: 8329
	F27_('S4', 'S5')_t3_min: 143
	F21_('S3', 'S2')_t3_max: 30576
	F6_('E5', 'S5')_t5_max: 2470
	F35_('S5', 'S4')_tb: 119018
	F38_('E4', 'S4')_t3_min: 3265
	F0_('S2', 'E2')_t4_max: 26581
	F17_('S4', 'E4')_t3_min: 287
	F47_('S4', 'S5')_tb: 31867
	F47_('S5', 'E5')_t5_min: 31871
	F40_('S4', 'E4')_tb: 63523
	F7_('S4', 'S3')_t5_min: 7430
	F29_('S4', 'S3')_tb: 462
	F59_('S4', 'S5')_t3_max: 63539
	F28_('E4', 'S4')_tb: 1275
	F42_('S2', 'S1')_t5_min: 19206
	F27_('S5', 'E5')_t3_max: 206
	F29_('S4', 'S3')_t3_min: 462
	F16_('E5', 'S5')_t3_min: 2900
	F33_('E1', 'S1')_t5_min: 6336
	F13_('E1', 'S1')_t4_min: 127893
	F41_('S4', 'E4')_t5_max: 5678
	F48_('S4', 'E4')_t3_max: 4145
	F10_('E5', 'S5')_t4_min: 2525
	F4_('S1', 'E1')_t3_min: 39362
	F44_('E4', 'S4')_t4_min: 461
	F46_('S3', 'E3')_t5_min: 145
	F6_('E5', 'S5')_tb: 2459
	F14_('S3', 'S4')_t5_max: 41901
	F56_('S2', 'E2')_t4_max: 58655
	F35_('S4', 'S3')_t3_max: 119054
	F18_('E5', 'S5')_t5_max: 62484
	F52_('S4', 'E4')_t5_min: 8286
	F48_('S3', 'S4')_t3_min: 4128
	F45_('S4', 'S5')_tb: 7499
	F11_('E2', 'S2')_t3_min: 25
	F13_('S4', 'S5')_t5_max: 127978
	F39_('E3', 'S3')_t3_min: 60518
	F38_('S3', 'S2')_t5_min: 3296
	F5_('S3', 'E3')_t5_min: 14
	F53_('S1', 'E1')_tb: 3195
	F42_('S1', 'E1')_t3_max: 19267
	F55_('S5', 'S4')_t5_max: 18416
	F35_('S5', 'S4')_t5_min: 119029
	F33_('S4', 'E4')_t3_max: 6409
	F49_('S5', 'S4')_tb: 58569
	F11_('E2', 'S2')_t5_max: 36
	F1_('E2', 'S2')_t5_min: 341
	F33_('E1', 'S1')_t4_max: 6326
	F12_('S3', 'S2')_t3_min: 15493
	F18_('S5', 'S4')_tb: 62486
	F33_('E1', 'S1')_t3_min: 6326
	F32_('E5', 'S5')_t4_min: 18548
	F20_('E1', 'S1')_tb: 1519
	F12_('S4', 'S3')_t5_min: 15491
	F54_('S2', 'S1')_t3_max: 60533
	F32_('S3', 'E3')_t3_max: 18613
	F39_('S1', 'E1')_tb: 60584
	F7_('S2', 'E2')_t5_max: 7498
	F11_('S3', 'E3')_tb: 51
	F0_('S4', 'S3')_t3_max: 26538
	F39_('E3', 'S3')_t4_max: 60518
	F14_('S5', 'E5')_t3_min: 41870
	('S5', 'S4')_gcl_length: 244
	F43_('S3', 'S2')_t5_max: 3268
	F54_('S1', 'E1')_tb: 60538
	F32_('S4', 'S3')_tb: 18564
	F13_('E1', 'S1')_tb: 127893
	F12_('S4', 'S3')_tb: 15487
	F18_('S3', 'S2')_t3_min: 62517
	F48_('S2', 'S3')_t5_max: 4126
	F30_('E4', 'S4')_t4_max: 127760
	F5_('E4', 'S4')_t5_min: 4
	F47_('S4', 'S5')_t5_max: 31886
	F34_('S1', 'E1')_t5_min: 49
	F10_('E5', 'S5')_tb: 2525
	F55_('E5', 'S5')_t5_max: 18388
	F53_('E2', 'S2')_t5_min: 3156
	F52_('S4', 'E4')_t3_max: 8284
	F2_('E2', 'S2')_t5_min: 4098
	F8_('S5', 'S4')_t5_min: 6985
	F54_('E5', 'S5')_t5_max: 60483
