0. Flow F0 [E4-->E2] with period 8000, payload 1133B, e2e delay 8000us, jitter 800us
	('E4', 'S4'), Operation(6100, None, 6110)(6100, 6100)
	('S4', 'S3'), Operation(6112, 6117, 6127)(6117, 6117)
	('S3', 'S2'), Operation(6129, 6134, 6144)(6134, 6134)
	('S2', 'E2'), Operation(6146, None, 6174)(6146, 6164)
1. Flow F1 [E5-->E2] with period 32000, payload 809B, e2e delay 32000us, jitter 3200us
	('E5', 'S5'), Operation(29715, None, 29722)(29715, 29715)
	('S5', 'S4'), Operation(29724, None, 29749)(29724, 29742)
	('S4', 'S3'), Operation(29733, 29756, 29763)(29756, 29756)
	('S3', 'S2'), Operation(29765, 29770, 29777)(29770, 29770)
	('S2', 'E2'), Operation(29779, None, 29804)(29779, 29797)
2. Flow F2 [E4-->E2] with period 16000, payload 1208B, e2e delay 16000us, jitter 1600us
	('E4', 'S4'), Operation(2003, None, 2013)(2003, 2003)
	('S4', 'S3'), Operation(2015, 2020, 2030)(2020, 2020)
	('S3', 'S2'), Operation(2032, None, 2060)(2032, 2050)
	('S2', 'E2'), Operation(2044, None, 2090)(2044, 2080)
3. Flow F3 [E5-->E3] with period 64000, payload 677B, e2e delay 64000us, jitter 6400us
	('E5', 'S5'), Operation(30053, None, 30059)(30053, 30053)
	('S5', 'S4'), Operation(30061, None, 30085)(30061, 30079)
	('S4', 'S3'), Operation(30069, None, 30111)(30069, 30105)
	('S3', 'E3'), Operation(30077, None, 30137)(30077, 30131)
4. Flow F4 [E5-->E1] with period 32000, payload 1290B, e2e delay 32000us, jitter 3200us
	('E5', 'S5'), Operation(31535, None, 31546)(31535, 31535)
	('S5', 'S4'), Operation(31548, None, 31577)(31548, 31566)
	('S4', 'S3'), Operation(31561, 31584, 31595)(31584, 31584)
	('S3', 'S2'), Operation(31597, None, 31626)(31597, 31615)
	('S2', 'S1'), Operation(31610, None, 31657)(31610, 31646)
	('S1', 'E1'), Operation(31623, None, 31688)(31623, 31677)
5. Flow F5 [E1-->E3] with period 32000, payload 528B, e2e delay 32000us, jitter 3200us
	('E1', 'S1'), Operation(1, None, 6)(1, 1)
	('S1', 'S2'), Operation(8, 13, 18)(13, 13)
	('S2', 'S3'), Operation(20, None, 43)(20, 38)
	('S3', 'E3'), Operation(27, None, 68)(27, 63)
6. Flow F6 [E5-->E4] with period 4000, payload 403B, e2e delay 4000us, jitter 400us
	('E5', 'S5'), Operation(3887, None, 3891)(3887, 3887)
	('S5', 'S4'), Operation(3893, 3898, 3902)(3898, 3898)
	('S4', 'E4'), Operation(3904, None, 3926)(3904, 3922)
7. Flow F7 [E2-->E1] with period 128000, payload 613B, e2e delay 128000us, jitter 12800us
	('E2', 'S2'), Operation(122043, None, 122048)(122043, 122043)
	('S2', 'S1'), Operation(122050, None, 122073)(122050, 122068)
	('S1', 'E1'), Operation(122057, None, 122098)(122057, 122093)
8. Flow F8 [E4-->E3] with period 2000, payload 219B, e2e delay 2000us, jitter 200us
	('E4', 'S4'), Operation(56, None, 58)(56, 56)
	('S4', 'S3'), Operation(60, 65, 67)(65, 65)
	('S3', 'E3'), Operation(69, 74, 76)(74, 74)
9. Flow F9 [E2-->E1] with period 4000, payload 362B, e2e delay 4000us, jitter 400us
	('E2', 'S2'), Operation(3976, None, 3979)(3976, 3976)
	('S2', 'S1'), Operation(3981, 3986, 3989)(3986, 3986)
	('S1', 'E1'), Operation(3991, 3996, 3999)(3996, 3996)
10. Flow F10 [E4-->E5] with period 64000, payload 1081B, e2e delay 64000us, jitter 6400us
	('E4', 'S4'), Operation(63536, None, 63545)(63536, 63536)
	('S4', 'S5'), Operation(63547, 63552, 63561)(63552, 63552)
	('S5', 'E5'), Operation(63563, None, 63590)(63563, 63581)
11. Flow F11 [E1-->E3] with period 32000, payload 109B, e2e delay 32000us, jitter 3200us
	('E1', 'S1'), Operation(29721, None, 29722)(29721, 29721)
	('S1', 'S2'), Operation(29724, 29729, 29730)(29729, 29729)
	('S2', 'S3'), Operation(29732, 29737, 29738)(29737, 29737)
	('S3', 'E3'), Operation(29740, None, 29759)(29740, 29758)
12. Flow F12 [E1-->E4] with period 8000, payload 1232B, e2e delay 8000us, jitter 800us
	('E1', 'S1'), Operation(5723, None, 5733)(5723, 5723)
	('S1', 'S2'), Operation(5735, None, 5763)(5735, 5753)
	('S2', 'S3'), Operation(5747, 5770, 5780)(5770, 5770)
	('S3', 'S4'), Operation(5782, 5787, 5797)(5787, 5787)
	('S4', 'E4'), Operation(5799, None, 5827)(5799, 5817)
13. Flow F13 [E5-->E3] with period 128000, payload 990B, e2e delay 128000us, jitter 12800us
	('E5', 'S5'), Operation(127757, None, 127765)(127757, 127757)
	('S5', 'S4'), Operation(127767, 127772, 127780)(127772, 127772)
	('S4', 'S3'), Operation(127782, None, 127808)(127782, 127800)
	('S3', 'E3'), Operation(127792, 127815, 127823)(127815, 127815)
14. Flow F14 [E3-->E5] with period 128000, payload 1422B, e2e delay 128000us, jitter 12800us
	('E3', 'S3'), Operation(91804, None, 91816)(91804, 91804)
	('S3', 'S4'), Operation(91818, 91823, 91835)(91823, 91823)
	('S4', 'S5'), Operation(91837, 91842, 91854)(91842, 91842)
	('S5', 'E5'), Operation(91856, 91861, 91873)(91861, 91861)
15. Flow F15 [E5-->E1] with period 8000, payload 1451B, e2e delay 8000us, jitter 800us
	('E5', 'S5'), Operation(2009, None, 2021)(2009, 2009)
	('S5', 'S4'), Operation(2023, 2028, 2040)(2028, 2028)
	('S4', 'S3'), Operation(2042, 2047, 2059)(2047, 2047)
	('S3', 'S2'), Operation(2061, 2066, 2078)(2066, 2066)
	('S2', 'S1'), Operation(2080, 2085, 2097)(2085, 2085)
	('S1', 'E1'), Operation(2099, 2104, 2116)(2104, 2104)
16. Flow F16 [E1-->E5] with period 128000, payload 312B, e2e delay 128000us, jitter 12800us
	('E1', 'S1'), Operation(7643, None, 7646)(7643, 7643)
	('S1', 'S2'), Operation(7648, 7653, 7656)(7653, 7653)
	('S2', 'S3'), Operation(7658, None, 7679)(7658, 7676)
	('S3', 'S4'), Operation(7663, None, 7702)(7663, 7699)
	('S4', 'S5'), Operation(7668, 7709, 7712)(7709, 7709)
	('S5', 'E5'), Operation(7714, None, 7735)(7714, 7732)
17. Flow F17 [E3-->E2] with period 2000, payload 715B, e2e delay 2000us, jitter 200us
	('E3', 'S3'), Operation(1797, None, 1803)(1797, 1797)
	('S3', 'S2'), Operation(1805, None, 1829)(1805, 1823)
	('S2', 'E2'), Operation(1813, None, 1855)(1813, 1849)
18. Flow F18 [E1-->E4] with period 16000, payload 1073B, e2e delay 16000us, jitter 1600us
	('E1', 'S1'), Operation(3638, None, 3647)(3638, 3638)
	('S1', 'S2'), Operation(3649, 3654, 3663)(3654, 3654)
	('S2', 'S3'), Operation(3665, 3670, 3679)(3670, 3670)
	('S3', 'S4'), Operation(3681, 3686, 3695)(3686, 3686)
	('S4', 'E4'), Operation(3697, 3702, 3711)(3702, 3702)
19. Flow F19 [E3-->E5] with period 2000, payload 449B, e2e delay 2000us, jitter 200us
	('E3', 'S3'), Operation(1563, None, 1567)(1563, 1563)
	('S3', 'S4'), Operation(1569, 1574, 1578)(1574, 1574)
	('S4', 'S5'), Operation(1580, 1585, 1589)(1585, 1585)
	('S5', 'E5'), Operation(1591, None, 1613)(1591, 1609)
20. Flow F20 [E5-->E4] with period 4000, payload 363B, e2e delay 4000us, jitter 400us
	('E5', 'S5'), Operation(1697, None, 1700)(1697, 1697)
	('S5', 'S4'), Operation(1702, None, 1723)(1702, 1720)
	('S4', 'E4'), Operation(1707, None, 1746)(1707, 1743)
21. Flow F21 [E3-->E2] with period 32000, payload 1457B, e2e delay 32000us, jitter 3200us
	('E3', 'S3'), Operation(31475, None, 31487)(31475, 31475)
	('S3', 'S2'), Operation(31489, 31494, 31506)(31494, 31494)
	('S2', 'E2'), Operation(31508, None, 31538)(31508, 31526)
22. Flow F22 [E5-->E3] with period 32000, payload 1337B, e2e delay 32000us, jitter 3200us
	('E5', 'S5'), Operation(27661, None, 27672)(27661, 27661)
	('S5', 'S4'), Operation(27674, None, 27703)(27674, 27692)
	('S4', 'S3'), Operation(27687, 27710, 27721)(27710, 27710)
	('S3', 'E3'), Operation(27723, None, 27752)(27723, 27741)
23. Flow F23 [E2-->E3] with period 2000, payload 204B, e2e delay 2000us, jitter 200us
	('E2', 'S2'), Operation(1676, None, 1678)(1676, 1676)
	('S2', 'S3'), Operation(1680, None, 1700)(1680, 1698)
	('S3', 'E3'), Operation(1684, None, 1722)(1684, 1720)
24. Flow F24 [E4-->E2] with period 32000, payload 1137B, e2e delay 32000us, jitter 3200us
	('E4', 'S4'), Operation(31420, None, 31430)(31420, 31420)
	('S4', 'S3'), Operation(31432, 31437, 31447)(31437, 31437)
	('S3', 'S2'), Operation(31449, None, 31477)(31449, 31467)
	('S2', 'E2'), Operation(31461, None, 31507)(31461, 31497)
25. Flow F25 [E4-->E3] with period 4000, payload 197B, e2e delay 4000us, jitter 400us
	('E4', 'S4'), Operation(3745, None, 3747)(3745, 3745)
	('S4', 'S3'), Operation(3749, None, 3769)(3749, 3767)
	('S3', 'E3'), Operation(3753, None, 3791)(3753, 3789)
26. Flow F26 [E4-->E1] with period 4000, payload 336B, e2e delay 4000us, jitter 400us
	('E4', 'S4'), Operation(1768, None, 1771)(1768, 1768)
	('S4', 'S3'), Operation(1773, None, 1794)(1773, 1791)
	('S3', 'S2'), Operation(1778, 1801, 1804)(1801, 1801)
	('S2', 'S1'), Operation(1806, 1811, 1814)(1811, 1811)
	('S1', 'E1'), Operation(1816, None, 1837)(1816, 1834)
27. Flow F27 [E5-->E3] with period 2000, payload 1027B, e2e delay 2000us, jitter 200us
	('E5', 'S5'), Operation(1854, None, 1863)(1854, 1854)
	('S5', 'S4'), Operation(1865, None, 1892)(1865, 1883)
	('S4', 'S3'), Operation(1876, None, 1921)(1876, 1912)
	('S3', 'E3'), Operation(1887, None, 1950)(1887, 1941)
28. Flow F28 [E4-->E1] with period 32000, payload 967B, e2e delay 32000us, jitter 3200us
	('E4', 'S4'), Operation(19839, None, 19847)(19839, 19839)
	('S4', 'S3'), Operation(19849, None, 19875)(19849, 19867)
	('S3', 'S2'), Operation(19859, 19882, 19890)(19882, 19882)
	('S2', 'S1'), Operation(19892, 19897, 19905)(19897, 19897)
	('S1', 'E1'), Operation(19907, None, 19933)(19907, 19925)
29. Flow F29 [E3-->E1] with period 16000, payload 597B, e2e delay 16000us, jitter 1600us
	('E3', 'S3'), Operation(15568, None, 15573)(15568, 15568)
	('S3', 'S2'), Operation(15575, 15580, 15585)(15580, 15580)
	('S2', 'S1'), Operation(15587, 15592, 15597)(15592, 15592)
	('S1', 'E1'), Operation(15599, None, 15622)(15599, 15617)
30. Flow F30 [E5-->E1] with period 4000, payload 307B, e2e delay 4000us, jitter 400us
	('E5', 'S5'), Operation(3799, None, 3802)(3799, 3799)
	('S5', 'S4'), Operation(3804, None, 3825)(3804, 3822)
	('S4', 'S3'), Operation(3809, 3832, 3835)(3832, 3832)
	('S3', 'S2'), Operation(3837, None, 3858)(3837, 3855)
	('S2', 'S1'), Operation(3842, 3865, 3868)(3865, 3865)
	('S1', 'E1'), Operation(3870, None, 3891)(3870, 3888)
31. Flow F31 [E5-->E4] with period 32000, payload 752B, e2e delay 32000us, jitter 3200us
	('E5', 'S5'), Operation(31951, None, 31958)(31951, 31951)
	('S5', 'S4'), Operation(31960, 31965, 31972)(31965, 31965)
	('S4', 'E4'), Operation(31974, None, 31999)(31974, 31992)
32. Flow F32 [E4-->E1] with period 64000, payload 554B, e2e delay 64000us, jitter 6400us
	('E4', 'S4'), Operation(31493, None, 31498)(31493, 31493)
	('S4', 'S3'), Operation(31500, None, 31523)(31500, 31518)
	('S3', 'S2'), Operation(31507, None, 31548)(31507, 31543)
	('S2', 'S1'), Operation(31514, None, 31573)(31514, 31568)
	('S1', 'E1'), Operation(31521, None, 31598)(31521, 31593)
33. Flow F33 [E3-->E5] with period 128000, payload 416B, e2e delay 128000us, jitter 12800us
	('E3', 'S3'), Operation(125792, None, 125796)(125792, 125792)
	('S3', 'S4'), Operation(125798, 125803, 125807)(125803, 125803)
	('S4', 'S5'), Operation(125809, None, 125831)(125809, 125827)
	('S5', 'E5'), Operation(125815, None, 125855)(125815, 125851)
34. Flow F34 [E5-->E4] with period 128000, payload 1180B, e2e delay 128000us, jitter 12800us
	('E5', 'S5'), Operation(31903, None, 31913)(31903, 31903)
	('S5', 'S4'), Operation(31915, None, 31943)(31915, 31933)
	('S4', 'E4'), Operation(31927, None, 31973)(31927, 31963)
35. Flow F35 [E4-->E2] with period 4000, payload 75B, e2e delay 4000us, jitter 400us
	('E4', 'S4'), Operation(3370, None, 3371)(3370, 3370)
	('S4', 'S3'), Operation(3373, None, 3392)(3373, 3391)
	('S3', 'S2'), Operation(3376, None, 3413)(3376, 3412)
	('S2', 'E2'), Operation(3379, None, 3434)(3379, 3433)
36. Flow F36 [E1-->E3] with period 8000, payload 1200B, e2e delay 8000us, jitter 800us
	('E1', 'S1'), Operation(7583, None, 7593)(7583, 7583)
	('S1', 'S2'), Operation(7595, None, 7623)(7595, 7613)
	('S2', 'S3'), Operation(7607, None, 7653)(7607, 7643)
	('S3', 'E3'), Operation(7619, None, 7683)(7619, 7673)
37. Flow F37 [E1-->E5] with period 64000, payload 781B, e2e delay 64000us, jitter 6400us
	('E1', 'S1'), Operation(61683, None, 61690)(61683, 61683)
	('S1', 'S2'), Operation(61692, None, 61717)(61692, 61710)
	('S2', 'S3'), Operation(61701, 61724, 61731)(61724, 61724)
	('S3', 'S4'), Operation(61733, None, 61758)(61733, 61751)
	('S4', 'S5'), Operation(61742, None, 61785)(61742, 61778)
	('S5', 'E5'), Operation(61751, None, 61812)(61751, 61805)
38. Flow F38 [E2-->E1] with period 32000, payload 1204B, e2e delay 32000us, jitter 3200us
	('E2', 'S2'), Operation(31665, None, 31675)(31665, 31665)
	('S2', 'S1'), Operation(31677, None, 31705)(31677, 31695)
	('S1', 'E1'), Operation(31689, None, 31735)(31689, 31725)
39. Flow F39 [E1-->E2] with period 8000, payload 168B, e2e delay 8000us, jitter 800us
	('E1', 'S1'), Operation(7427, None, 7429)(7427, 7427)
	('S1', 'S2'), Operation(7431, None, 7451)(7431, 7449)
	('S2', 'E2'), Operation(7435, 7458, 7460)(7458, 7458)

SMT variables: 
	F18_('S2', 'S3')_t5_min: 3679
	F27_('S5', 'S4')_rr: 0
	F32_jitter: 72
	F13_('S5', 'S4')_rr: 1
	F27_('E5', 'S5')_rr: 0
	F15_('E5', 'S5')_gc: False
	F1_('S3', 'S2')_t3_min: 29765
	F38_('S2', 'S1')_t4_max: 31695
	('S4', 'S3')_gcl_cycle: 32000
	F16_('S1', 'S2')_t4_min: 7653
	F7_queue_index: 0
	F32_('S2', 'S1')_t4_min: 31514
	F12_('E1', 'S1')_rr: 0
	F3_('S3', 'E3')_gc: False
	F9_('S1', 'E1')_rr: 2
	F12_('S1', 'S2')_rr: 0
	F27_('S3', 'E3')_t4_min: 1887
	F17_('E3', 'S3')_rr: 0
	F9_('S2', 'S1')_rr: 8
	F15_('S3', 'S2')_t5_min: 2078
	F28_('S2', 'S1')_t4_min: 19897
	F36_('S2', 'S3')_gc: False
	F22_queue_index: 0
	F16_('S2', 'S3')_t4_max: 7676
	F8_('S3', 'E3')_t3_max: 74
	F26_('S4', 'S3')_t4_max: 1791
	F24_('S3', 'S2')_t4_max: 31467
	F37_('S2', 'S3')_t4_min: 61724
	F16_('S4', 'S5')_t5_max: 7712
	F2_('E4', 'S4')_rr: 0
	F0_('S4', 'S3')_t4_max: 6117
	F22_('S3', 'E3')_rr: 0
	F5_('S1', 'S2')_t4_min: 13
	F32_('S1', 'E1')_t4_min: 31521
	F16_('E1', 'S1')_t3_max: 7630
	F34_('S5', 'S4')_rr: 0
	F39_('S1', 'S2')_rr: 0
	F5_('E1', 'S1')_t3_max: -12
	F27_('E5', 'S5')_t3_min: 1854
	F15_('S3', 'S2')_t4_max: 2066
	F4_('S5', 'S4')_t5_max: 31577
	F12_('S1', 'S2')_tb: 5735
	F16_('S2', 'S3')_t5_min: 7661
	F21_('E3', 'S3')_t3_max: 31462
	F21_('E3', 'S3')_tb: 31475
	F2_('S3', 'S2')_tb: 2032
	F3_('S3', 'E3')_tb: 30077
	F12_('S3', 'S4')_gc: True
	F13_jitter: 0
	F1_jitter: 18
	F24_('S4', 'S3')_t4_max: 31437
	F12_('S3', 'S4')_t4_min: 5787
	F25_('S4', 'S3')_t4_max: 3767
	F4_('S5', 'S4')_rr: 0
	F15_jitter: 0
	F24_('S4', 'S3')_rr: 1
	F10_('S5', 'E5')_gc: False
	F26_('E4', 'S4')_tb: 1768
	F22_('S3', 'E3')_t4_min: 27723
	F36_('S2', 'S3')_t4_min: 7607
	F37_('S2', 'S3')_rr: 1
	F6_queue_index: 0
	F17_('S2', 'E2')_rr: 0
	F4_('S1', 'E1')_t5_max: 31688
	F11_('S2', 'S3')_rr: 2
	F13_('E5', 'S5')_t5_max: 127765
	F22_('E5', 'S5')_t3_max: 27648
	F28_('E4', 'S4')_t4_max: 19839
	F19_('S3', 'S4')_rr: 64
	F35_('E4', 'S4')_rr: 0
	F16_('S3', 'S4')_t4_max: 7699
	F39_('S1', 'S2')_gc: False
	F37_('S3', 'S4')_rr: 0
	('E2', 'S2')_gcl_cycle: 1
	F7_('S2', 'S1')_t4_min: 122050
	F16_('S1', 'S2')_gc: True
	F2_('S2', 'E2')_rr: 0
	F14_('S4', 'S5')_t3_max: 91842
	('S2', 'E2')_gcl_cycle: 8000
	F28_('S2', 'S1')_t4_max: 19897
	F39_('S1', 'S2')_t4_min: 7431
	F5_('S3', 'E3')_rr: 0
	F24_('S4', 'S3')_t4_min: 31437
	F13_('S4', 'S3')_rr: 0
	F37_('S4', 'S5')_rr: 0
	F11_('S2', 'S3')_t4_max: 29737
	F11_('S2', 'S3')_t4_min: 29737
	F5_('S3', 'E3')_t3_min: 27
	F23_('S2', 'S3')_rr: 0
	F16_('S3', 'S4')_gc: False
	F37_('S4', 'S5')_gc: False
	F33_('S4', 'S5')_t5_max: 125831
	F14_('S4', 'S5')_gc: True
	F33_('S4', 'S5')_t4_max: 125827
	F39_('S2', 'E2')_rr: 1
	('S3', 'E3')_gcl_cycle: 128000
	F17_('E3', 'S3')_t4_max: 1797
	F28_('S2', 'S1')_gc: True
	F26_('S1', 'E1')_rr: 0
	F4_('S2', 'S1')_gc: False
	F11_('S1', 'S2')_rr: 4
	F14_('S5', 'E5')_gc: True
	F5_('S2', 'S3')_gc: False
	F23_('E2', 'S2')_gc: False
	F18_('S1', 'S2')_t4_max: 3654
	F30_('S4', 'S3')_rr: 8
	F22_('S5', 'S4')_t4_min: 27674
	F11_('S1', 'S2')_gc: True
	F28_jitter: 18
	F1_('S5', 'S4')_gc: False
	F15_('S3', 'S2')_rr: 4
	F18_('S3', 'S4')_rr: 8
	F27_('E5', 'S5')_gc: False
	F4_('E5', 'S5')_t5_min: 31546
	F15_('S1', 'E1')_t4_min: 2104
	F16_('S5', 'E5')_gc: False
	F37_('S4', 'S5')_t4_max: 61778
	F8_('E4', 'S4')_gc: False
	F3_('E5', 'S5')_rr: 0
	F16_('S3', 'S4')_rr: 0
	F28_('S2', 'S1')_tb: 19897
	F21_('S2', 'E2')_t4_min: 31508
	F37_('S2', 'S3')_gc: True
	F16_('S2', 'S3')_gc: False
	F15_('S1', 'E1')_rr: 1
	F28_('E4', 'S4')_rr: 0
	F20_('E5', 'S5')_gc: False
	F6_('S4', 'E4')_rr: 0
	F27_('S3', 'E3')_t3_max: 1928
	F10_('E4', 'S4')_rr: 0
	F32_('S1', 'E1')_gc: False
	F26_('S1', 'E1')_gc: False
	F29_('E3', 'S3')_t3_max: 15555
	F9_('S1', 'E1')_t4_min: 3996
	F4_('E5', 'S5')_t3_max: 31522
	F16_('S3', 'S4')_t3_min: 7663
	F5_('S1', 'S2')_gc: True
	F33_('E3', 'S3')_t3_max: 125779
	F23_('S2', 'S3')_t4_max: 1698
	F39_('S2', 'E2')_gc: True
	F15_('S4', 'S3')_t4_max: 2047
	F22_('S4', 'S3')_rr: 1
	F33_('S4', 'S5')_rr: 0
	F30_('S5', 'S4')_rr: 0
	F4_('S2', 'S1')_rr: 0
	F32_('S2', 'S1')_gc: False
	F29_('S1', 'E1')_t3_max: 15604
	F25_('E4', 'S4')_t4_max: 3745
	F12_('S1', 'S2')_t4_max: 5753
	F17_('S3', 'S2')_t4_max: 1823
	F37_('S5', 'E5')_rr: 0
	F5_('S2', 'S3')_t5_max: 43
	F24_('E4', 'S4')_gc: False
	F31_('S4', 'E4')_gc: False
	F38_queue_index: 0
	F12_('S3', 'S4')_t3_min: 5782
	F22_('E5', 'S5')_gc: False
	F4_('S5', 'S4')_t4_max: 31566
	F23_queue_index: 0
	('E1', 'S1')_gcl_cycle: 1
	F36_('S3', 'E3')_t4_min: 7619
	F25_('S3', 'E3')_t3_min: 3753
	F28_('S3', 'S2')_rr: 1
	F11_('E1', 'S1')_gc: False
	F19_('S3', 'S4')_gc: True
	F18_jitter: 0
	F4_('E5', 'S5')_rr: 0
	F11_('E1', 'S1')_t3_max: 29708
	('S1', 'S2')_gcl_cycle: 128000
	F4_('S4', 'S3')_gc: True
	F13_('S4', 'S3')_t4_min: 127782
	F19_('S5', 'E5')_gc: False
	F6_('S5', 'S4')_t5_min: 3902
	F20_('S4', 'E4')_t4_min: 1707
	F13_('S3', 'E3')_t4_min: 127815
	F9_('S1', 'E1')_gc: True
	F18_('S4', 'E4')_rr: 1
	F30_('E5', 'S5')_t3_max: 3786
	F30_('E5', 'S5')_rr: 0
	F8_('S4', 'S3')_gc: True
	F16_('S5', 'E5')_rr: 0
	F21_jitter: 18
	F12_('S3', 'S4')_rr: 16
	F30_('S4', 'S3')_gc: True
	F5_('S3', 'E3')_gc: False
	F4_('S5', 'S4')_gc: False
	F33_('E3', 'S3')_gc: False
	F4_('S2', 'S1')_t4_min: 31610
	F24_('S4', 'S3')_t5_min: 31447
	F23_('S3', 'E3')_gc: False
	F15_('S5', 'S4')_t4_max: 2028
	F37_('S2', 'S3')_t4_max: 61724
	F12_('S2', 'S3')_rr: 8
	F34_('E5', 'S5')_tb: 31903
	F5_('S2', 'S3')_t5_min: 25
	F12_('E1', 'S1')_gc: False
	F15_('S5', 'S4')_t4_min: 2028
	F11_queue_index: 0
	F26_('S2', 'S1')_t4_min: 1811
	F12_('E1', 'S1')_t3_max: 5710
	F3_('S4', 'S3')_t4_min: 30069
	F2_('S3', 'S2')_rr: 0
	F29_('S2', 'S1')_t4_max: 15592
	F18_('S1', 'S2')_rr: 8
	F23_('S2', 'S3')_gc: False
	F15_queue_index: 0
	F29_('S2', 'S1')_gc: True
	F26_jitter: 18
	F7_('S1', 'E1')_rr: 0
	F19_('S4', 'S5')_gc: True
	F18_('S2', 'S3')_t4_min: 3670
	('S1', 'E1')_gcl_cycle: 8000
	F4_('S5', 'S4')_t4_min: 31548
	F12_('S4', 'E4')_t4_min: 5799
	F2_('S4', 'S3')_rr: 2
	F19_('E3', 'S3')_t3_max: 1550
	F35_('E4', 'S4')_t5_max: 3371
	F6_('S5', 'S4')_gc: True
	F21_('S3', 'S2')_t4_max: 31494
	F20_('E5', 'S5')_t4_max: 1697
	F12_('S2', 'S3')_gc: True
	F12_queue_index: 0
	F21_('S2', 'E2')_t3_max: 31513
	F19_('S4', 'S5')_t4_min: 1585
	F19_('E3', 'S3')_gc: False
	F26_('S2', 'S1')_t4_max: 1811
	F30_jitter: 18
	F17_('S2', 'E2')_t4_min: 1813
	F10_('S5', 'E5')_tb: 63563
	F1_('S3', 'S2')_t5_max: 29777
	F18_('S3', 'S4')_t3_min: 3681
	F8_('S3', 'E3')_t4_min: 74
	F15_('S3', 'S2')_t4_min: 2066
	F20_jitter: 36
	F4_('E5', 'S5')_t4_max: 31535
	F9_('S2', 'S1')_t3_min: 3981
	F10_jitter: 18
	F14_('S3', 'S4')_rr: 1
	F15_('E5', 'S5')_rr: 0
	F30_('S4', 'S3')_t4_min: 3832
	F21_('S2', 'E2')_rr: 0
	F32_('E4', 'S4')_rr: 0
	F22_('S4', 'S3')_t3_min: 27687
	F7_('S2', 'S1')_gc: False
	F30_('S2', 'S1')_gc: True
	F32_('E4', 'S4')_t3_max: 31480
	F0_('S3', 'S2')_t4_max: 6134
	F28_('S1', 'E1')_rr: 0
	F39_jitter: 0
	F19_('S4', 'S5')_t4_max: 1585
	F6_('S5', 'S4')_t4_max: 3898
	F17_('S2', 'E2')_gc: False
	F33_('S4', 'S5')_gc: False
	F24_('S3', 'S2')_t3_min: 31449
	F17_('S2', 'E2')_t3_min: 1813
	F14_('E3', 'S3')_rr: 0
	F32_('S1', 'E1')_rr: 0
	F13_('S4', 'S3')_t4_max: 127800
	F29_jitter: 18
	F4_('S4', 'S3')_rr: 1
	F1_('S5', 'S4')_rr: 0
	F33_queue_index: 0
	F22_('S4', 'S3')_tb: 27710
	F24_('E4', 'S4')_t3_max: 31407
	F9_jitter: 0
	F30_('S1', 'E1')_t4_min: 3870
	F15_('S4', 'S3')_t5_min: 2059
	F16_('E1', 'S1')_t4_min: 7643
	F0_queue_index: 0
	F16_queue_index: 0
	F15_('S2', 'S1')_t4_max: 2085
	F2_('S3', 'S2')_gc: False
	F38_('S1', 'E1')_t5_min: 31699
	F39_('E1', 'S1')_t5_max: 7429
	F33_('S5', 'E5')_gc: False
	F35_('S3', 'S2')_t4_min: 3376
	F31_('S5', 'S4')_rr: 4
	F0_('S3', 'S2')_gc: True
	F1_('S2', 'E2')_rr: 0
	F20_('E5', 'S5')_rr: 0
	F0_('S3', 'S2')_t4_min: 6134
	F29_('S2', 'S1')_t4_min: 15592
	F22_('S5', 'S4')_rr: 0
	F35_('S2', 'E2')_rr: 0
	F39_('S2', 'E2')_tb: 7458
	F15_('S4', 'S3')_gc: True
	F20_('S5', 'S4')_t4_max: 1720
	F7_('E2', 'S2')_t3_min: 122043
	F16_('E1', 'S1')_rr: 0
	F21_('S2', 'E2')_t4_max: 31526
	('E3', 'S3')_gcl_cycle: 1
	F23_('S3', 'E3')_rr: 0
	F8_('S4', 'S3')_t4_max: 65
	F24_jitter: 36
	F22_('S4', 'S3')_t4_max: 27710
	F38_('S1', 'E1')_t4_min: 31689
	F29_('S2', 'S1')_rr: 2
	F3_('E5', 'S5')_t3_max: 30040
	F15_('S5', 'S4')_gc: True
	F3_('S3', 'E3')_t3_min: 30077
	F7_jitter: 36
	F30_('E5', 'S5')_t5_min: 3802
	F2_queue_index: 0
	F16_('S1', 'S2')_t4_max: 7653
	F18_('S3', 'S4')_t4_min: 3686
	('S2', 'S1')_gcl_cycle: 32000
	F28_('S3', 'S2')_gc: True
	F24_('S3', 'S2')_rr: 0
	F8_('S4', 'S3')_rr: 16
	F10_('E4', 'S4')_t4_max: 63536
	F22_('E5', 'S5')_rr: 0
	F34_jitter: 36
	F2_('S3', 'S2')_t4_max: 2050
	F19_('S5', 'E5')_t4_min: 1591
	F3_('E5', 'S5')_t5_max: 30059
	F26_('S4', 'S3')_gc: False
	F18_('S2', 'S3')_gc: True
	F18_('E1', 'S1')_t3_max: 3625
	F21_('E3', 'S3')_rr: 0
	F11_('E1', 'S1')_rr: 0
	F0_('S2', 'E2')_rr: 0
	F14_('E3', 'S3')_t3_max: 91791
	F35_('S4', 'S3')_gc: False
	F9_('S2', 'S1')_gc: True
	F32_('S4', 'S3')_tb: 31500
	F29_('S3', 'S2')_rr: 2
	F3_('E5', 'S5')_gc: False
	F22_('S5', 'S4')_gc: False
	F24_('S2', 'E2')_gc: False
	F1_('S4', 'S3')_t4_max: 29756
	F25_jitter: 36
	F21_queue_index: 0
	F34_('S5', 'S4')_gc: False
	F36_('S2', 'S3')_t4_max: 7643
	F1_('S3', 'S2')_gc: True
	F12_('S2', 'S3')_t5_max: 5780
	F3_('S5', 'S4')_gc: False
	F7_('S1', 'E1')_gc: False
	F24_('S3', 'S2')_t4_min: 31449
	F0_('S4', 'S3')_gc: True
	F22_('E5', 'S5')_t3_min: 27661
	F30_('S2', 'S1')_t4_max: 3865
	F35_('E4', 'S4')_t3_max: 3357
	F31_('S4', 'E4')_t3_max: 31979
	F35_jitter: 54
	F6_('S5', 'S4')_t4_min: 3898
	F16_('E1', 'S1')_gc: False
	F33_('E3', 'S3')_t3_min: 125792
	F17_('S3', 'S2')_rr: 0
	F31_('E5', 'S5')_rr: 0
	F14_jitter: 0
	F15_('S2', 'S1')_gc: True
	F33_('S3', 'S4')_gc: True
	F4_('S4', 'S3')_t4_max: 31584
	F10_('E4', 'S4')_gc: False
	F24_('S3', 'S2')_gc: False
	F30_('S3', 'S2')_t4_min: 3837
	F15_('S4', 'S3')_rr: 4
	F14_('S3', 'S4')_t3_min: 91818
	F9_('S1', 'E1')_t3_max: 3996
	F7_('E2', 'S2')_rr: 0
	F13_('S4', 'S3')_t3_min: 127782
	F33_('S3', 'S4')_rr: 1
	F39_('S1', 'S2')_t4_max: 7449
	F16_('S4', 'S5')_rr: 1
	F25_('S3', 'E3')_gc: False
	F30_('S3', 'S2')_gc: False
	F20_('S5', 'S4')_t4_min: 1702
	F17_('S3', 'S2')_t5_max: 1829
	F13_('E5', 'S5')_t3_max: 127744
	F38_jitter: 36
	F33_('S4', 'S5')_t4_min: 125809
	F30_('S1', 'E1')_gc: False
	('E4', 'S4')_gcl_cycle: 1
	F39_('E1', 'S1')_rr: 0
	F29_('S1', 'E1')_t4_max: 15617
	F1_('S5', 'S4')_t4_max: 29742
	F28_('E4', 'S4')_gc: False
	F30_('S5', 'S4')_gc: False
	F4_('E5', 'S5')_gc: False
	F1_('S3', 'S2')_t4_min: 29770
	F32_('E4', 'S4')_gc: False
	F31_('E5', 'S5')_gc: False
	F36_('S1', 'S2')_tb: 7595
	F22_('S5', 'S4')_t4_max: 27692
	F25_('S4', 'S3')_t4_min: 3749
	F14_('S4', 'S5')_rr: 1
	F30_('S1', 'E1')_tb: 3870
	F34_('S4', 'E4')_t4_min: 31927
	F3_jitter: 54
	F27_queue_index: 0
	F1_('S2', 'E2')_t4_min: 29779
	F23_('E2', 'S2')_rr: 0
	F12_jitter: 18
	F19_('S5', 'E5')_t5_min: 1595
	F32_('S4', 'S3')_rr: 0
	F36_('S3', 'E3')_gc: False
	F28_('S4', 'S3')_rr: 0
	F11_('E1', 'S1')_t5_max: 29722
	F17_queue_index: 0
	F33_('S5', 'E5')_t4_min: 125815
	F3_('S5', 'S4')_t4_max: 30079
	F0_('S2', 'E2')_t4_min: 6146
	F32_('S1', 'E1')_tb: 31521
	F14_('S3', 'S4')_t4_min: 91823
	F8_queue_index: 0
	F8_('S3', 'E3')_rr: 64
	F10_('S5', 'E5')_t4_max: 63581
	F10_('S4', 'S5')_gc: True
	F37_('S4', 'S5')_t5_max: 61785
	F27_('S4', 'S3')_gc: False
	('S3', 'S2')_gcl_cycle: 32000
	F17_('E3', 'S3')_gc: False
	F12_('S4', 'E4')_rr: 0
	F2_('S2', 'E2')_t4_min: 2044
	F15_('S3', 'S2')_gc: True
	F12_('S3', 'S4')_t4_max: 5787
	F23_jitter: 36
	('S5', 'S4')_gcl_length: 106
	F19_('E3', 'S3')_rr: 0
	F26_('E4', 'S4')_t3_max: 1755
	F25_('E4', 'S4')_t3_max: 3732
	F37_('S5', 'E5')_tb: 61751
	F37_('E1', 'S1')_t3_max: 61670
	F12_('S1', 'S2')_gc: False
	F37_('S1', 'S2')_gc: False
	F37_queue_index: 0
	F31_queue_index: 0
	F25_('S4', 'S3')_gc: False
	F19_jitter: 18
	F34_('S5', 'S4')_t4_max: 31933
	F16_('S4', 'S5')_t4_max: 7709
	F24_('S3', 'S2')_t5_min: 31459
	F26_('S2', 'S1')_t5_min: 1814
	F4_('S4', 'S3')_t4_min: 31584
	F36_('E1', 'S1')_rr: 0
	F0_('S4', 'S3')_t4_min: 6117
	F21_('E3', 'S3')_gc: False
	F13_('S3', 'E3')_gc: True
	F14_('S5', 'E5')_t3_min: 91856
	F23_('S2', 'S3')_t5_min: 1682
	F37_('S1', 'S2')_t4_max: 61710
	F31_('E5', 'S5')_t3_max: 31938
	F5_('E1', 'S1')_gc: False
	F5_('E1', 'S1')_rr: 0
	F37_('E1', 'S1')_rr: 0
	F37_('E1', 'S1')_gc: False
	F36_('S3', 'E3')_t5_min: 7629
	F16_('S2', 'S3')_t4_min: 7658
	F18_('S3', 'S4')_gc: True
	F30_('S2', 'S1')_t5_max: 3868
	F35_('S3', 'S2')_gc: False
	('S4', 'E4')_gcl_cycle: 16000
	F32_('S2', 'S1')_rr: 0
	F21_('S2', 'E2')_t5_min: 31520
	F6_('E5', 'S5')_t3_max: 3874
	F20_('E5', 'S5')_t3_max: 1684
	F15_('E5', 'S5')_t3_max: 1996
	F18_('S4', 'E4')_gc: True
	F30_('S2', 'S1')_t4_min: 3865
	F9_('E2', 'S2')_gc: False
	F6_('S5', 'S4')_rr: 32
	F21_('S2', 'E2')_gc: False
	F10_('S4', 'S5')_t4_min: 63552
	F25_('S4', 'S3')_rr: 0
	F18_('E1', 'S1')_rr: 0
	F35_queue_index: 0
	F28_('S4', 'S3')_gc: False
	F13_('S5', 'S4')_t4_min: 127772
	('S2', 'S3')_gcl_cycle: 64000
	F27_('S5', 'S4')_t4_min: 1865
	F1_('S4', 'S3')_gc: True
	F37_('S1', 'S2')_t4_min: 61692
	F37_('S3', 'S4')_gc: False
	F11_('S3', 'E3')_tb: 29740
	F36_queue_index: 0
	F18_('S1', 'S2')_t5_min: 3663
	F30_('E5', 'S5')_gc: False
	F5_('S2', 'S3')_rr: 0
	F16_('S2', 'S3')_t3_min: 7658
	F15_('S2', 'S1')_rr: 4
	F0_('E4', 'S4')_rr: 0
	F29_('S3', 'S2')_gc: True
	F15_('S4', 'S3')_t4_min: 2047
	F23_('S2', 'S3')_t4_min: 1680
	F9_('E2', 'S2')_t5_min: 3979
	F39_('E1', 'S1')_t3_max: 7414
	F7_('E2', 'S2')_t3_max: 122030
	F6_('E5', 'S5')_gc: False
	F14_('S5', 'E5')_rr: 1
	F38_('S2', 'S1')_t4_min: 31677
	F5_queue_index: 0
	F1_('S4', 'S3')_rr: 1
	F9_('S2', 'S1')_t4_min: 3986
	F12_('S4', 'E4')_gc: False
	F5_('S3', 'E3')_t4_min: 27
	F8_('S3', 'E3')_gc: True
	F30_('S5', 'S4')_t4_max: 3822
	F13_('S5', 'S4')_gc: True
	F22_('S4', 'S3')_gc: True
	F5_('S2', 'S3')_t4_min: 20
	F10_('S5', 'E5')_rr: 0
	F36_('S1', 'S2')_t4_max: 7613
	F10_('S4', 'S5')_t4_max: 63552
	F10_('S4', 'S5')_t3_min: 63547
	F37_jitter: 54
	F4_('S3', 'S2')_t4_min: 31597
	F33_('E3', 'S3')_rr: 0
	F0_('S3', 'S2')_t3_max: 6134
	F26_('S3', 'S2')_rr: 8
	F4_('S1', 'E1')_gc: False
	F25_queue_index: 0
	F32_queue_index: 0
	F16_('S4', 'S5')_gc: True
	F18_('S2', 'S3')_t4_max: 3670
	F16_('S5', 'E5')_t4_min: 7714
	F27_('E5', 'S5')_t4_min: 1854
	F28_('S1', 'E1')_t5_max: 19933
	F18_('S3', 'S4')_t4_max: 3686
	F30_('S4', 'S3')_t4_max: 3832
	F10_('E4', 'S4')_t4_min: 63536
	F24_('S2', 'E2')_t4_min: 31461
	F2_('S4', 'S3')_gc: True
	F5_('S2', 'S3')_t4_max: 38
	F24_('E4', 'S4')_rr: 0
	F24_('S2', 'E2')_rr: 0
	F4_('E5', 'S5')_tb: 31535
	F1_('E5', 'S5')_gc: False
	F29_('S1', 'E1')_t4_min: 15599
	F34_('S5', 'S4')_t3_min: 31915
	F35_('S2', 'E2')_gc: False
	F18_('S1', 'S2')_gc: True
	F29_('E3', 'S3')_gc: False
	F34_('S4', 'E4')_rr: 0
	F1_('S4', 'S3')_t4_min: 29756
	F16_('S2', 'S3')_rr: 0
	F36_('E1', 'S1')_gc: False
	F21_('S3', 'S2')_rr: 1
	F37_('S3', 'S4')_t4_min: 61733
	F22_jitter: 18
	F12_('S1', 'S2')_t3_min: 5735
	F4_('S1', 'E1')_rr: 0
	F27_('S3', 'E3')_rr: 0
	F32_('S2', 'S1')_t4_max: 31568
	F22_('S3', 'E3')_tb: 27723
	F18_('S1', 'S2')_t4_min: 3654
	F33_('S5', 'E5')_rr: 0
	F27_('S4', 'S3')_t4_max: 1912
	F35_('S2', 'E2')_t4_min: 3379
	F29_('S2', 'S1')_tb: 15592
	F2_('S2', 'E2')_t3_min: 2044
	F5_('S1', 'S2')_rr: 4
	F3_('S3', 'E3')_t4_min: 30077
	F26_('S4', 'S3')_t4_min: 1773
	F38_('E2', 'S2')_t3_max: 31652
	F27_('S4', 'S3')_rr: 0
	F1_('S2', 'E2')_gc: False
	F39_('E1', 'S1')_t4_min: 7427
	F4_('S3', 'S2')_rr: 0
	F34_('S4', 'E4')_t5_min: 31937
	F29_('S2', 'S1')_t5_max: 15597
	F6_('S4', 'E4')_gc: False
	F36_jitter: 54
	F26_('S4', 'S3')_rr: 0
	F29_('S3', 'S2')_t4_max: 15580
	F21_('E3', 'S3')_t5_max: 31487
	F2_('S4', 'S3')_t4_min: 2020
	F39_queue_index: 0
	F36_('S3', 'E3')_tb: 7619
	F34_('E5', 'S5')_t5_max: 31913
	F0_('E4', 'S4')_t3_max: 6087
	F22_('S4', 'S3')_t4_min: 27710
	F8_('E4', 'S4')_t3_max: 43
	F24_('S4', 'S3')_gc: True
	F23_('S3', 'E3')_t3_max: 1707
	F13_('S4', 'S3')_gc: False
	F35_('S4', 'S3')_rr: 0
	('S3', 'S4')_gcl_length: 180
	F38_('S1', 'E1')_rr: 0
	F26_('E4', 'S4')_gc: False
	F23_('E2', 'S2')_t3_max: 1663
	F29_queue_index: 0
	F30_('S5', 'S4')_t4_min: 3804
	F4_('S3', 'S2')_t4_max: 31615
	F11_('S3', 'E3')_gc: False
	F31_('S5', 'S4')_gc: True
	F12_('S2', 'S3')_t4_min: 5770
	F8_jitter: 0
	F35_('S3', 'S2')_t4_max: 3412
	F27_('S4', 'S3')_t4_min: 1876
	F1_('E5', 'S5')_rr: 0
	F32_('S2', 'S1')_t3_max: 31555
	F11_('S2', 'S3')_gc: True
	F25_('S3', 'E3')_rr: 0
	F27_('S4', 'S3')_t3_min: 1876
	F34_('E5', 'S5')_t3_max: 31890
	F2_('S3', 'S2')_t3_min: 2032
	F1_('S3', 'S2')_rr: 1
	F2_('S2', 'E2')_gc: False
	F8_('S4', 'S3')_t3_min: 60
	F18_('E1', 'S1')_gc: False
	F8_('E4', 'S4')_rr: 0
	F37_('S3', 'S4')_t5_min: 61740
	F33_jitter: 36
	F14_('S5', 'E5')_t3_max: 91861
	F11_('S1', 'S2')_t5_min: 29730
	F28_('S1', 'E1')_gc: False
	F5_jitter: 36
	F28_('S1', 'E1')_t4_min: 19907
	F22_('S3', 'E3')_gc: False
	F34_('E5', 'S5')_gc: False
	F19_queue_index: 0
	F30_('S1', 'E1')_rr: 0
	F32_('S3', 'S2')_t5_max: 31548
	F20_('S5', 'S4')_rr: 0
	F34_('E5', 'S5')_rr: 0
	F18_('S2', 'S3')_rr: 4
	F14_('S5', 'E5')_t4_min: 91861
	F11_('S1', 'S2')_t4_max: 29729
	F28_('S3', 'S2')_t4_min: 19882
	F37_('S3', 'S4')_t4_max: 61751
	F5_('S3', 'E3')_t5_min: 32
	F4_jitter: 54
	F20_queue_index: 0
	F3_('S4', 'S3')_gc: False
	F13_('S3', 'E3')_rr: 1
	F16_('S3', 'S4')_t4_min: 7663
	F39_('S2', 'E2')_t4_min: 7458
	F3_('S5', 'S4')_rr: 0
	F30_('S3', 'S2')_rr: 0
	F15_('S5', 'S4')_t3_min: 2023
	F14_queue_index: 0
	F16_('S1', 'S2')_t3_min: 7648
	F7_('S2', 'S1')_rr: 0
	F0_jitter: 18
	F31_('S4', 'E4')_t4_min: 31974
	F18_('E1', 'S1')_t4_max: 3638
	F37_('S5', 'E5')_t4_min: 61751
	F14_('E3', 'S3')_gc: False
	F39_('E1', 'S1')_gc: False
	F19_('S3', 'S4')_t4_min: 1574
	F4_('S1', 'E1')_t4_min: 31623
	F26_('E4', 'S4')_rr: 0
	F35_('S4', 'S3')_t4_min: 3373
	F19_('S5', 'E5')_rr: 0
	F31_jitter: 18
	F19_('S5', 'E5')_t4_max: 1609
	F28_('E4', 'S4')_t3_max: 19826
	F34_queue_index: 0
	F27_('S5', 'S4')_t4_max: 1883
	F20_('S4', 'E4')_rr: 0
	F2_('E4', 'S4')_t3_max: 1990
	F6_jitter: 18
	F19_('S3', 'S4')_t3_min: 1569
	F18_queue_index: 0
	F27_('S3', 'E3')_gc: False
	F2_('S3', 'S2')_t4_min: 2032
	F32_('S3', 'S2')_t4_min: 31507
	F3_queue_index: 0
	F7_('E2', 'S2')_gc: False
	F11_('S1', 'S2')_t4_min: 29729
	F32_('S4', 'S3')_gc: False
	F15_('S2', 'S1')_t4_min: 2085
	F38_('S2', 'S1')_rr: 0
	F4_('S3', 'S2')_gc: False
	F38_('E2', 'S2')_rr: 0
	F11_('E1', 'S1')_t4_max: 29721
	F28_queue_index: 0
	F25_('E4', 'S4')_gc: False
	F35_('E4', 'S4')_t5_min: 3371
	F26_('S3', 'S2')_t4_min: 1801
	F10_('E4', 'S4')_t3_max: 63523
	F25_('S3', 'E3')_t4_min: 3753
	F27_('S5', 'S4')_gc: False
	F10_('S5', 'E5')_t4_min: 63563
	F34_('S4', 'E4')_gc: False
	F31_('S4', 'E4')_rr: 0
	F5_('S1', 'S2')_t4_max: 13
	F20_('S4', 'E4')_gc: False
	F26_('S1', 'E1')_t4_min: 1816
	F37_('S1', 'S2')_rr: 0
	F14_('S4', 'S5')_t4_max: 91842
	F36_('S1', 'S2')_rr: 0
	F3_('S3', 'E3')_rr: 0
	F31_('S5', 'S4')_t3_min: 31960
	F6_('E5', 'S5')_rr: 0
	('E5', 'S5')_gcl_cycle: 1
	F33_('S4', 'S5')_t5_min: 125813
	F32_('S3', 'S2')_rr: 0
	F38_('S1', 'E1')_t5_max: 31735
	F7_('S1', 'E1')_t5_min: 122062
	F35_('S3', 'S2')_t5_min: 3377
	F37_('S5', 'E5')_gc: False
	F34_('E5', 'S5')_t5_min: 31913
	F31_('E5', 'S5')_tb: 31951
	F36_('E1', 'S1')_t3_max: 7570
	F26_('S1', 'E1')_t3_min: 1816
	F34_('S5', 'S4')_t4_min: 31915
	F35_('S4', 'S3')_t4_max: 3391
	F1_('S5', 'S4')_t4_min: 29724
	F9_('S2', 'S1')_t4_max: 3986
	F14_('S3', 'S4')_t5_max: 91835
	F2_('S2', 'E2')_t4_max: 2080
	F28_('S4', 'S3')_t4_min: 19849
	F13_queue_index: 0
	F1_('S3', 'S2')_t4_max: 29770
	F24_('S2', 'E2')_t5_min: 31471
	F2_('E4', 'S4')_gc: False
	F37_('S4', 'S5')_t4_min: 61742
	F11_jitter: 18
	F29_('S1', 'E1')_rr: 0
	F17_('S3', 'S2')_gc: False
	F9_('E2', 'S2')_rr: 0
	F33_('S3', 'S4')_t4_max: 125803
	F26_('S2', 'S1')_rr: 8
	F38_('S1', 'E1')_gc: False
	F14_('S3', 'S4')_t4_max: 91823
	F4_('S2', 'S1')_t4_max: 31646
	F27_jitter: 54
	F6_('E5', 'S5')_tb: 3887
	F13_('E5', 'S5')_gc: False
	F4_('S1', 'E1')_t3_min: 31623
	F25_('E4', 'S4')_rr: 0
	F29_('S1', 'E1')_gc: False
	F7_('S2', 'S1')_t4_max: 122068
	F26_queue_index: 0
	F11_('S3', 'E3')_rr: 0
	F30_('S2', 'S1')_rr: 8
	F38_('S2', 'S1')_gc: False
	F2_('S2', 'E2')_t3_max: 2067
	F26_('S2', 'S1')_gc: True
	F3_('S5', 'S4')_t4_min: 30061
	F0_('S2', 'E2')_gc: False
	F4_queue_index: 0
	F2_('S4', 'S3')_t4_max: 2020
	F28_('S2', 'S1')_rr: 1
	F14_('S3', 'S4')_gc: True
	F26_('S3', 'S2')_gc: True
	F0_('S3', 'S2')_rr: 4
	F33_('S3', 'S4')_t5_min: 125807
	F27_('E5', 'S5')_t3_max: 1841
	F31_('S5', 'S4')_t4_min: 31965
	F18_('S4', 'E4')_t3_max: 3702
	F11_('E1', 'S1')_t3_min: 29721
	F10_queue_index: 0
	F32_('S3', 'S2')_t4_max: 31543
	F3_('S4', 'S3')_t4_max: 30105
	F8_('S4', 'S3')_t4_min: 65
	F4_('E5', 'S5')_t3_min: 31535
	F7_('S1', 'E1')_t4_min: 122057
	F5_('E1', 'S1')_tb: 1
	F33_('S3', 'S4')_t4_min: 125803
	F36_('S2', 'S3')_rr: 0
	F10_('S4', 'S5')_rr: 2
	F12_('S2', 'S3')_t4_max: 5770
	F13_('E5', 'S5')_rr: 0
	F14_('S4', 'S5')_t4_min: 91842
	F16_('S5', 'E5')_tb: 7714
	('S4', 'S5')_gcl_cycle: 128000
	F26_('S3', 'S2')_t4_max: 1801
	F28_('S3', 'S2')_t4_max: 19882
	F29_('S3', 'S2')_t4_min: 15580
	F29_('S3', 'S2')_tb: 15580
	F17_('E3', 'S3')_t3_max: 1784
	F36_('S3', 'E3')_rr: 0
	F20_('S5', 'S4')_gc: False
	F23_('S3', 'E3')_t4_min: 1684
	F25_('S4', 'S3')_t3_min: 3749
	F35_('E4', 'S4')_gc: False
	F19_('S4', 'S5')_rr: 64
	F30_queue_index: 0
	F28_('E4', 'S4')_tb: 19839
	F38_('S1', 'E1')_t3_min: 31689
	('S5', 'S4')_gcl_cycle: 128000
	('S3', 'S4')_gcl_cycle: 128000
	F35_('S3', 'S2')_rr: 0
	F17_jitter: 36
	F38_('E2', 'S2')_gc: False
	F21_('S3', 'S2')_t4_min: 31494
	F30_('S3', 'S2')_t4_max: 3855
	F18_('S3', 'S4')_t3_max: 3686
	F0_('S4', 'S3')_rr: 4
	F9_queue_index: 0
	F4_('S1', 'E1')_t3_max: 31664
	F12_('E1', 'S1')_t5_max: 5733
	F36_('S2', 'S3')_t5_max: 7653
	F19_('S5', 'E5')_tb: 1591
	F15_('S5', 'S4')_rr: 16
	F6_('S4', 'E4')_t4_min: 3904
	F15_('S1', 'E1')_gc: True
	F37_('S4', 'S5')_t3_max: 61765
	F15_('E5', 'S5')_t5_max: 2021
	F0_('E4', 'S4')_gc: False
	F0_('S2', 'E2')_t4_max: 6164
	F12_('S1', 'S2')_t4_min: 5735
	F22_('E5', 'S5')_t5_min: 27672
	('S5', 'E5')_gcl_cycle: 128000
	F32_('S3', 'S2')_gc: False
	F16_('E1', 'S1')_t3_min: 7643
	F39_('S1', 'S2')_t3_min: 7431
	F9_('E2', 'S2')_t3_max: 3963
	F1_queue_index: 0
	F11_('E1', 'S1')_t4_min: 29721
	F22_('S5', 'S4')_tb: 27674
	F2_jitter: 36
	F11_('S3', 'E3')_t4_min: 29740
	F21_('S3', 'S2')_gc: True
	F32_('S4', 'S3')_t4_min: 31500
	F15_('S1', 'E1')_t3_min: 2099
	F18_('S4', 'E4')_t4_min: 3702
	F16_jitter: 18
	F4_('S5', 'S4')_tb: 31548
	F16_('S1', 'S2')_rr: 1
	F32_('S4', 'S3')_t4_max: 31518
	F28_('S4', 'S3')_t4_max: 19867
	F31_('S5', 'S4')_t4_max: 31965
	F23_('S3', 'E3')_t3_min: 1684
	F17_('S3', 'S2')_t4_min: 1805
	F36_('S1', 'S2')_gc: False
	F19_('S3', 'S4')_t4_max: 1574
	F36_('S1', 'S2')_t4_min: 7595
	F24_queue_index: 0
	F3_('S4', 'S3')_rr: 0
	F30_('S2', 'S1')_t5_min: 3868
	F13_('S5', 'S4')_t4_max: 127772
	F29_('E3', 'S3')_rr: 0
	F16_('S4', 'S5')_t4_min: 7709
	F1_('E5', 'S5')_t3_max: 29702
	F2_('S4', 'S3')_t3_max: 2020
	F13_('S5', 'S4')_t3_max: 127772
	F12_('S1', 'S2')_t3_max: 5740
	F16_('S1', 'S2')_t3_max: 7653
	F24_('S4', 'S3')_t3_max: 31437
	F19_('S3', 'S4')_t3_max: 1574
	F7_('S2', 'S1')_t3_max: 122055
	F9_('S2', 'S1')_t3_max: 3986
	F8_('S4', 'S3')_t3_max: 65
	F21_('S3', 'S2')_t3_max: 31494
	F17_('S3', 'S2')_t3_max: 1810
	F31_('S5', 'S4')_t3_max: 31965
	F30_('S5', 'S4')_t3_max: 3809
	F36_('S1', 'S2')_t3_max: 7600
	F1_('S5', 'S4')_t3_max: 29729
	F28_('S4', 'S3')_t3_max: 19854
	F3_('S5', 'S4')_t3_max: 30066
	F39_('S1', 'S2')_t3_max: 7436
	F33_('S3', 'S4')_t3_max: 125803
	F26_('S4', 'S3')_t3_max: 1778
	F11_('S1', 'S2')_t3_max: 29729
	F10_('S4', 'S5')_t3_max: 63552
	F38_('S2', 'S1')_t3_max: 31682
	F32_('S4', 'S3')_t3_max: 31505
	F15_('S5', 'S4')_t3_max: 2028
	F14_('S3', 'S4')_t3_max: 91823
	F5_('S1', 'S2')_t3_max: 13
	F0_('S4', 'S3')_t3_max: 6117
	F6_('S5', 'S4')_t3_max: 3898
	F4_('S5', 'S4')_t3_max: 31553
	F35_('S4', 'S3')_t3_max: 3378
	F20_('S5', 'S4')_t3_max: 1707
	F18_('S1', 'S2')_t3_max: 3654
	F29_('S3', 'S2')_t3_max: 15580
	F34_('S5', 'S4')_t3_max: 31920
	F23_('S2', 'S3')_t3_max: 1685
	F22_('S5', 'S4')_t3_max: 27679
	F37_('S1', 'S2')_t3_max: 61697
	F27_('S5', 'S4')_t3_max: 1870
	F25_('S4', 'S3')_t3_max: 3754
	F37_('S1', 'S2')_tb: 61692
	F37_('S2', 'S3')_t5_min: 61731
	F32_('S3', 'S2')_t5_min: 31512
	F27_('S4', 'S3')_t5_max: 1921
	F19_('E3', 'S3')_t4_min: 1563
	F7_('S2', 'S1')_t5_min: 122055
	F4_('S4', 'S3')_t3_min: 31561
	F17_('E3', 'S3')_t5_min: 1803
	F22_('S3', 'E3')_t4_max: 27741
	F23_('S3', 'E3')_tb: 1684
	F23_('E2', 'S2')_t4_min: 1676
	F23_('S3', 'E3')_t5_min: 1686
	F1_('E5', 'S5')_t4_max: 29715
	F9_('E2', 'S2')_t5_max: 3979
	F10_('S4', 'S5')_t5_min: 63561
	F16_('S2', 'S3')_t5_max: 7679
	F7_('S1', 'E1')_t5_max: 122098
	F0_('S2', 'E2')_t3_min: 6146
	F1_('E5', 'S5')_t5_max: 29722
	F29_('E3', 'S3')_t5_max: 15573
	F28_('E4', 'S4')_t4_min: 19839
	F3_('S5', 'S4')_tb: 30061
	F27_('S5', 'S4')_t5_max: 1892
	F30_('S5', 'S4')_t5_max: 3825
	F28_('S4', 'S3')_t5_min: 19857
	F21_('S2', 'E2')_t5_max: 31538
	F13_('S3', 'E3')_t3_min: 127792
	F10_('E4', 'S4')_tb: 63536
	F15_('S3', 'S2')_t5_max: 2078
	F22_('S4', 'S3')_t3_max: 27710
	F16_('S4', 'S5')_t3_min: 7668
	F14_('S4', 'S5')_t5_min: 91854
	F9_('S2', 'S1')_tb: 3986
	F32_('S2', 'S1')_tb: 31514
	F14_('S4', 'S5')_t5_max: 91854
	F14_('S4', 'S5')_tb: 91842
	F30_('S1', 'E1')_t3_max: 3875
	F28_('S2', 'S1')_t5_min: 19905
	F13_('E5', 'S5')_t4_max: 127757
	F8_('E4', 'S4')_t3_min: 56
	F19_('S4', 'S5')_t3_max: 1585
	F4_('S3', 'S2')_t3_max: 31602
	F38_('E2', 'S2')_t5_max: 31675
	F13_('S5', 'S4')_t3_min: 127767
	F35_('S2', 'E2')_tb: 3379
	('S5', 'E5')_gcl_length: 2
	F16_('S4', 'S5')_t5_min: 7712
	F34_('S4', 'E4')_tb: 31927
	F19_('S4', 'S5')_tb: 1585
	F1_('S2', 'E2')_tb: 29779
	F36_('S3', 'E3')_t5_max: 7683
	F32_('S3', 'S2')_t3_max: 31530
	F24_('E4', 'S4')_t5_min: 31430
	F38_('S2', 'S1')_t3_min: 31677
	F10_('S4', 'S5')_t5_max: 63561
	F14_('E3', 'S3')_t4_min: 91804
	F19_('E3', 'S3')_t3_min: 1563
	F26_('S4', 'S3')_t5_max: 1794
	F31_('E5', 'S5')_t4_max: 31951
	F19_('E3', 'S3')_t5_max: 1567
	F21_('E3', 'S3')_t4_min: 31475
	('S1', 'S2')_gcl_length: 34
	F5_('E1', 'S1')_t4_max: 1
	F19_('S3', 'S4')_tb: 1574
	F10_('E4', 'S4')_t5_min: 63545
	('S1', 'E1')_gcl_length: 6
	F3_('E5', 'S5')_t3_min: 30053
	F19_('E3', 'S3')_t5_min: 1567
	F23_('S2', 'S3')_t3_min: 1680
	F8_('E4', 'S4')_t5_max: 58
	F3_('E5', 'S5')_t5_min: 30059
	F33_('S5', 'E5')_t3_min: 125815
	F35_('S4', 'S3')_t5_max: 3392
	F27_('E5', 'S5')_t5_min: 1863
	F9_('S2', 'S1')_t5_max: 3989
	F15_('S2', 'S1')_t3_min: 2080
	F31_('S5', 'S4')_t5_min: 31972
	F19_('S5', 'E5')_t3_max: 1596
	F29_('E3', 'S3')_tb: 15568
	F23_('S2', 'S3')_t5_max: 1700
	F21_('S3', 'S2')_t5_min: 31506
	F26_('S4', 'S3')_tb: 1773
	F5_('S1', 'S2')_t5_max: 18
	F36_('E1', 'S1')_t4_min: 7583
	F36_('S2', 'S3')_t3_max: 7630
	F1_('S2', 'E2')_t3_max: 29784
	('S2', 'S3')_gcl_length: 30
	F34_('S5', 'S4')_t5_min: 31925
	F24_('S4', 'S3')_tb: 31437
	F8_('S4', 'S3')_tb: 65
	F25_('E4', 'S4')_t4_min: 3745
	F2_('E4', 'S4')_t5_max: 2013
	F1_('S4', 'S3')_t3_min: 29733
	F5_('S2', 'S3')_tb: 20
	F4_('S2', 'S1')_t5_max: 31657
	F33_('S5', 'E5')_t5_max: 125855
	F0_('S4', 'S3')_t3_min: 6112
	F31_('E5', 'S5')_t3_min: 31951
	F36_('S1', 'S2')_t3_min: 7595
	F15_('S2', 'S1')_tb: 2085
	F18_('E1', 'S1')_t4_min: 3638
	F33_('S3', 'S4')_t5_max: 125807
	F11_('S3', 'E3')_t3_max: 29745
	F6_('S4', 'E4')_t4_max: 3922
	F37_('S4', 'S5')_t3_min: 61742
	F4_('S2', 'S1')_t3_min: 31610
	F18_('S4', 'E4')_t4_max: 3702
	F15_('S3', 'S2')_tb: 2066
	F0_('E4', 'S4')_t3_min: 6100
	F3_('E5', 'S5')_t4_max: 30053
	F37_('S5', 'E5')_t4_max: 61805
	F8_('E4', 'S4')_t5_min: 58
	F9_('S1', 'E1')_t3_min: 3991
	F6_('S4', 'E4')_t5_min: 3908
	F24_('S3', 'S2')_tb: 31449
	F35_('S3', 'S2')_t3_min: 3376
	F30_('S1', 'E1')_t5_min: 3873
	F24_('S3', 'S2')_t3_max: 31454
	F25_('E4', 'S4')_t5_max: 3747
	F24_('S4', 'S3')_t3_min: 31432
	F14_('E3', 'S3')_t5_min: 91816
	F3_('E5', 'S5')_tb: 30053
	F11_('S2', 'S3')_tb: 29737
	('S3', 'E3')_gcl_length: 130
	F28_('S1', 'E1')_t3_max: 19912
	F18_('E1', 'S1')_t5_min: 3647
	F13_('S3', 'E3')_t3_max: 127815
	F15_('S2', 'S1')_t5_min: 2097
	F1_('S2', 'E2')_t3_min: 29779
	F17_('E3', 'S3')_tb: 1797
	F30_('E5', 'S5')_tb: 3799
	F35_('S2', 'E2')_t5_max: 3434
	F18_('S4', 'E4')_t3_min: 3697
	('E2', 'S2')_gcl_length: 0
	F30_('S3', 'S2')_tb: 3837
	F13_('S5', 'S4')_t5_max: 127780
	F28_('S3', 'S2')_t3_max: 19882
	F32_('S1', 'E1')_t3_min: 31521
	F6_('E5', 'S5')_t5_min: 3891
	F27_('S4', 'S3')_t5_min: 1885
	F22_('S5', 'S4')_t5_min: 27685
	F15_('S3', 'S2')_t3_min: 2061
	F16_('S5', 'E5')_t5_max: 7735
	F24_('S2', 'E2')_t5_max: 31507
	F1_('S3', 'S2')_tb: 29770
	F0_('S2', 'E2')_t5_max: 6174
	F37_('E1', 'S1')_t5_min: 61690
	F30_('S5', 'S4')_t5_min: 3807
	F28_('S1', 'E1')_tb: 19907
	F6_('S5', 'S4')_t5_max: 3902
	F4_('S1', 'E1')_t5_min: 31634
	F36_('E1', 'S1')_t3_min: 7583
	F31_('S4', 'E4')_t5_min: 31981
	F18_('E1', 'S1')_tb: 3638
	F13_('S4', 'S3')_t3_max: 127787
	F35_('S3', 'S2')_t5_max: 3413
	F37_('S5', 'E5')_t3_max: 61792
	('S4', 'S5')_gcl_length: 136
	F28_('S1', 'E1')_t5_min: 19915
	F37_('E1', 'S1')_t4_max: 61683
	F35_('S2', 'E2')_t4_max: 3433
	F29_('S1', 'E1')_tb: 15599
	F16_('E1', 'S1')_tb: 7643
	F15_('E5', 'S5')_tb: 2009
	F5_('S1', 'S2')_tb: 13
	F5_('S3', 'E3')_tb: 27
	F9_('S1', 'E1')_t4_max: 3996
	F2_('S4', 'S3')_t3_min: 2015
	F12_('S3', 'S4')_t3_max: 5787
	F1_('S3', 'S2')_t3_max: 29770
	F36_('S3', 'E3')_t3_max: 7660
	F2_('S2', 'E2')_tb: 2044
	F38_('E2', 'S2')_tb: 31665
	F4_('S2', 'S1')_t5_min: 31621
	F37_('S1', 'S2')_t3_min: 61692
	F20_('E5', 'S5')_t5_min: 1700
	('E4', 'S4')_gcl_length: 0
	F13_('S3', 'E3')_t4_max: 127815
	F35_('E4', 'S4')_t3_min: 3370
	F25_('S3', 'E3')_t3_max: 3776
	F18_('S1', 'S2')_t5_max: 3663
	F11_('S3', 'E3')_t4_max: 29758
	F27_('S5', 'S4')_t3_min: 1865
	F33_('E3', 'S3')_t5_max: 125796
	F37_('E1', 'S1')_t4_min: 61683
	F15_('S1', 'E1')_tb: 2104
	F6_('S4', 'E4')_t5_max: 3926
	F12_('S3', 'S4')_t5_max: 5797
	F22_('S3', 'E3')_t5_min: 27734
	F32_('S2', 'S1')_t5_max: 31573
	F28_('E4', 'S4')_t3_min: 19839
	F35_('E4', 'S4')_t4_min: 3370
	F25_('S3', 'E3')_t5_max: 3791
	F22_('S3', 'E3')_t3_max: 27728
	F22_('E5', 'S5')_t4_max: 27661
	F20_('E5', 'S5')_t5_max: 1700
	F7_('E2', 'S2')_t4_min: 122043
	F37_('S4', 'S5')_t5_min: 61749
	F7_('S2', 'S1')_t5_max: 122073
	F16_('S1', 'S2')_t5_min: 7656
	F19_('E3', 'S3')_tb: 1563
	F11_('S2', 'S3')_t3_max: 29737
	F26_('S4', 'S3')_t3_min: 1773
	F8_('S3', 'E3')_t5_min: 76
	F0_('E4', 'S4')_tb: 6100
	F15_('S5', 'S4')_t5_min: 2040
	('E1', 'S1')_gcl_length: 0
	F35_('S3', 'S2')_tb: 3376
	F16_('E1', 'S1')_t5_min: 7646
	F33_('E3', 'S3')_tb: 125792
	F30_('S2', 'S1')_tb: 3865
	F32_('S4', 'S3')_t5_min: 31505
	F21_('S3', 'S2')_t5_max: 31506
	F7_('S1', 'E1')_t3_max: 122080
	F11_('S2', 'S3')_t3_min: 29732
	F7_('E2', 'S2')_t5_max: 122048
	F10_('S5', 'E5')_t5_max: 63590
	F25_('S3', 'E3')_tb: 3753
	F28_('S2', 'S1')_t5_max: 19905
	F27_('S3', 'E3')_t4_max: 1941
	F12_('S4', 'E4')_t3_min: 5799
	F34_('S4', 'E4')_t3_min: 31927
	F11_('S2', 'S3')_t5_min: 29738
	F28_('S4', 'S3')_t3_min: 19849
	F33_('S5', 'E5')_t3_max: 125838
	F12_('E1', 'S1')_t3_min: 5723
	F1_('E5', 'S5')_t3_min: 29715
	F26_('S4', 'S3')_t5_min: 1776
	F30_('S3', 'S2')_t5_max: 3858
	F18_('S2', 'S3')_t3_min: 3665
	F24_('S2', 'E2')_t3_min: 31461
	F29_('S3', 'S2')_t5_min: 15585
	F37_('S3', 'S4')_t3_max: 61738
	F28_('E4', 'S4')_t5_min: 19847
	F18_('S4', 'E4')_t5_max: 3711
	F37_('S2', 'S3')_t3_min: 61701
	F20_('S4', 'E4')_t3_max: 1730
	F0_('S3', 'S2')_t5_max: 6144
	F38_('E2', 'S2')_t3_min: 31665
	F15_('S1', 'E1')_t4_max: 2104
	F37_('E1', 'S1')_tb: 61683
	F16_('E1', 'S1')_t4_max: 7643
	F4_('S4', 'S3')_t5_max: 31595
	F27_('S4', 'S3')_tb: 1876
	F33_('E3', 'S3')_t4_min: 125792
	F39_('S2', 'E2')_t3_min: 7435
	F28_('S2', 'S1')_t3_max: 19897
	F16_('S1', 'S2')_tb: 7653
	F39_('S2', 'E2')_t3_max: 7458
	F6_('S5', 'S4')_t3_min: 3893
	F16_('S3', 'S4')_tb: 7663
	F25_('E4', 'S4')_t3_min: 3745
	F30_('S3', 'S2')_t5_min: 3840
	F12_('S4', 'E4')_t3_max: 5804
	F5_('S2', 'S3')_t3_max: 25
	F6_('S4', 'E4')_tb: 3904
	F14_('E3', 'S3')_t4_max: 91804
	F26_('S3', 'S2')_t3_max: 1801
	F15_('S1', 'E1')_t5_min: 2116
	F13_('E5', 'S5')_tb: 127757
	F0_('S3', 'S2')_t5_min: 6144
	F26_('S1', 'E1')_t5_max: 1837
	F22_('S4', 'S3')_t5_min: 27721
	F4_('S1', 'E1')_t4_max: 31677
	F2_('E4', 'S4')_t4_min: 2003
	F30_('S2', 'S1')_t3_max: 3865
	F5_('S2', 'S3')_t3_min: 20
	F29_('E3', 'S3')_t3_min: 15568
	F16_('S5', 'E5')_t5_min: 7717
	F32_('S2', 'S1')_t5_min: 31519
	F2_('S4', 'S3')_t5_min: 2030
	F10_('S4', 'S5')_tb: 63552
	F12_('S4', 'E4')_tb: 5799
	F15_('S1', 'E1')_t5_max: 2116
	F13_('S4', 'S3')_tb: 127782
	F36_('E1', 'S1')_t5_max: 7593
	F28_('S3', 'S2')_t5_max: 19890
	F12_('E1', 'S1')_t4_max: 5723
	F1_('S4', 'S3')_tb: 29756
	F24_('S2', 'E2')_t3_max: 31484
	F30_('E5', 'S5')_t4_max: 3799
	F5_('S3', 'E3')_t4_max: 63
	F37_('S3', 'S4')_tb: 61733
	F33_('S3', 'S4')_tb: 125803
	F2_('E4', 'S4')_t5_min: 2013
	F31_('S5', 'S4')_t5_max: 31972
	F30_('S4', 'S3')_t5_min: 3835
	F22_('E5', 'S5')_tb: 27661
	F25_('E4', 'S4')_t5_min: 3747
	F15_('S2', 'S1')_t5_max: 2097
	F9_('E2', 'S2')_t4_max: 3976
	F8_('E4', 'S4')_tb: 56
	('E5', 'S5')_gcl_length: 0
	F5_('E1', 'S1')_t5_max: 6
	F39_('S1', 'S2')_tb: 7431
	F13_('S5', 'S4')_t5_min: 127780
	F3_('S3', 'E3')_t5_min: 30083
	F15_('E5', 'S5')_t3_min: 2009
	('E3', 'S3')_gcl_length: 0
	F17_('E3', 'S3')_t3_min: 1797
	F9_('S1', 'E1')_tb: 3996
	F33_('S5', 'E5')_t5_min: 125819
	F4_('S4', 'S3')_tb: 31584
	F0_('S4', 'S3')_t5_max: 6127
	F5_('E1', 'S1')_t4_min: 1
	F38_('S1', 'E1')_t3_max: 31712
	F11_('S1', 'S2')_tb: 29729
	F15_('S4', 'S3')_tb: 2047
	F29_('E3', 'S3')_t5_min: 15573
	F10_('S5', 'E5')_t3_max: 63568
	F20_('S5', 'S4')_t5_min: 1705
	F2_('S3', 'S2')_t5_max: 2060
	F34_('S4', 'E4')_t5_max: 31973
	F23_('S2', 'S3')_tb: 1680
	F16_('S1', 'S2')_t5_max: 7656
	F22_('S5', 'S4')_t3_min: 27674
	F16_('S4', 'S5')_t3_max: 7709
	F27_('S3', 'E3')_t5_min: 1896
	F16_('S2', 'S3')_t3_max: 7663
	F15_('E5', 'S5')_t5_min: 2021
	F19_('S4', 'S5')_t3_min: 1580
	F36_('S1', 'S2')_t5_max: 7623
	F11_('S3', 'E3')_t3_min: 29740
	F20_('S4', 'E4')_t5_min: 1710
	F24_('S4', 'S3')_t5_max: 31447
	F19_('S4', 'S5')_t5_max: 1589
	F1_('E5', 'S5')_t4_min: 29715
	F30_('E5', 'S5')_t4_min: 3799
	F29_('S3', 'S2')_t3_min: 15575
	F2_('S3', 'S2')_t3_max: 2037
	F10_('E4', 'S4')_t5_max: 63545
	F11_('S2', 'S3')_t5_max: 29738
	F11_('S3', 'E3')_t5_max: 29759
	F13_('E5', 'S5')_t5_min: 127765
	F19_('S3', 'S4')_t5_min: 1578
	F26_('S1', 'E1')_t5_min: 1819
	F26_('S3', 'S2')_t5_min: 1804
	F37_('S5', 'E5')_t5_min: 61758
	F0_('E4', 'S4')_t5_max: 6110
	F24_('E4', 'S4')_t4_max: 31420
	F15_('S4', 'S3')_t5_max: 2059
	F8_('S3', 'E3')_t3_min: 69
	F8_('S3', 'E3')_t5_max: 76
	F19_('E3', 'S3')_t4_max: 1563
	F39_('S2', 'E2')_t5_max: 7460
	F28_('S3', 'S2')_t3_min: 19859
	F9_('E2', 'S2')_t4_min: 3976
	F14_('S3', 'S4')_tb: 91823
	F6_('S4', 'E4')_t3_min: 3904
	F37_('S1', 'S2')_t5_max: 61717
	F29_('S1', 'E1')_t5_max: 15622
	F3_('S5', 'S4')_t3_min: 30061
	F20_('E5', 'S5')_tb: 1697
	('S4', 'S3')_gcl_length: 76
	F39_('S2', 'E2')_t4_max: 7458
	F33_('S4', 'S5')_t3_max: 125814
	F0_('S4', 'S3')_t5_min: 6127
	F21_('S3', 'S2')_t3_min: 31489
	F16_('S3', 'S4')_t3_max: 7686
	F3_('S5', 'S4')_t5_max: 30085
	F21_('S2', 'E2')_t3_min: 31508
	F38_('E2', 'S2')_t5_min: 31675
	F14_('S5', 'E5')_t5_max: 91873
	F0_('S2', 'E2')_tb: 6146
	F35_('S2', 'E2')_t3_min: 3379
	F34_('E5', 'S5')_t4_min: 31903
	F18_('S1', 'S2')_tb: 3654
	F36_('E1', 'S1')_t5_min: 7593
	F15_('E5', 'S5')_t4_min: 2009
	F12_('S4', 'E4')_t5_max: 5827
	F28_('S2', 'S1')_t3_min: 19892
	F26_('S1', 'E1')_t4_max: 1834
	F13_('S4', 'S3')_t5_min: 127790
	F4_('S3', 'S2')_t5_min: 31608
	F0_('S2', 'E2')_t3_max: 6151
	F26_('E4', 'S4')_t5_min: 1771
	F16_('S3', 'S4')_t5_max: 7702
	F15_('S5', 'S4')_t5_max: 2040
	F11_('S3', 'E3')_t5_min: 29741
	F18_('S1', 'S2')_t3_min: 3649
	F10_('S5', 'E5')_t3_min: 63563
	F2_('S3', 'S2')_t5_min: 2042
	F37_('S2', 'S3')_t3_max: 61724
	F29_('E3', 'S3')_t4_max: 15568
	F28_('S4', 'S3')_t5_max: 19875
	F0_('S2', 'E2')_t5_min: 6156
	F33_('S5', 'E5')_tb: 125815
	F1_('S2', 'E2')_t5_max: 29804
	F5_('S3', 'E3')_t5_max: 68
	F22_('E5', 'S5')_t5_max: 27672
	F11_('E1', 'S1')_t5_min: 29722
	F24_('S2', 'E2')_tb: 31461
	F17_('S2', 'E2')_tb: 1813
	F26_('S1', 'E1')_t3_max: 1821
	F21_('S3', 'S2')_tb: 31494
	F17_('S2', 'E2')_t4_max: 1849
	F7_('E2', 'S2')_t4_max: 122043
	F2_('E4', 'S4')_t3_min: 2003
	F7_('E2', 'S2')_t5_min: 122048
	F30_('S1', 'E1')_t4_max: 3888
	F9_('S1', 'E1')_t5_max: 3999
	F36_('S2', 'S3')_t3_min: 7607
	F30_('S3', 'S2')_t3_min: 3837
	F26_('S3', 'S2')_t3_min: 1778
	F6_('S4', 'E4')_t3_max: 3909
	F26_('S3', 'S2')_t5_max: 1804
	F18_('S4', 'E4')_t5_min: 3711
	F20_('S4', 'E4')_t3_min: 1707
	F31_('E5', 'S5')_t4_min: 31951
	F7_('S1', 'E1')_t3_min: 122057
	F21_('E3', 'S3')_t5_min: 31487
	F33_('S4', 'S5')_t3_min: 125809
	F8_('S4', 'S3')_t5_max: 67
	F1_('S4', 'S3')_t5_max: 29763
	F12_('E1', 'S1')_t4_min: 5723
	F13_('S3', 'E3')_t5_min: 127823
	F16_('S4', 'S5')_tb: 7709
	F8_('E4', 'S4')_t4_max: 56
	F23_('S3', 'E3')_t5_max: 1722
	F10_('S5', 'E5')_t5_min: 63572
	F6_('E5', 'S5')_t3_min: 3887
	F38_('S1', 'E1')_tb: 31689
	F37_('S5', 'E5')_t3_min: 61751
	F15_('S5', 'S4')_tb: 2028
	F2_('E4', 'S4')_tb: 2003
	F12_('S2', 'S3')_tb: 5770
	F28_('S3', 'S2')_t5_min: 19890
	F2_('S4', 'S3')_tb: 2020
	F9_('S1', 'E1')_t5_min: 3999
	F30_('S5', 'S4')_t3_min: 3804
	F26_('E4', 'S4')_t5_max: 1771
	F32_('S1', 'E1')_t3_max: 31580
	F13_('S5', 'S4')_tb: 127772
	F20_('E5', 'S5')_t4_min: 1697
	F4_('S5', 'S4')_t3_min: 31548
	F3_('E5', 'S5')_t4_min: 30053
	F9_('E2', 'S2')_t3_min: 3976
	F25_('S4', 'S3')_tb: 3749
	F32_('E4', 'S4')_t5_max: 31498
	F3_('S3', 'E3')_t4_max: 30131
	F23_('E2', 'S2')_t3_min: 1676
	F3_('S5', 'S4')_t5_min: 30067
	F23_('S3', 'E3')_t4_max: 1720
	F1_('S4', 'S3')_t5_min: 29763
	F27_('E5', 'S5')_t4_max: 1854
	F3_('S4', 'S3')_tb: 30069
	F14_('S5', 'E5')_t5_min: 91873
	F12_('S1', 'S2')_t5_max: 5763
	F13_('E5', 'S5')_t3_min: 127757
	F25_('S3', 'E3')_t4_max: 3789
	F35_('S2', 'E2')_t5_min: 3380
	F18_('S2', 'S3')_t3_max: 3670
	F39_('E1', 'S1')_t4_max: 7427
	F28_('S1', 'E1')_t4_max: 19925
	F35_('S3', 'S2')_t3_max: 3399
	F4_('S4', 'S3')_t5_min: 31595
	F30_('S3', 'S2')_t3_max: 3842
	F8_('S4', 'S3')_t5_min: 67
	F4_('S4', 'S3')_t3_max: 31584
	F16_('S3', 'S4')_t5_min: 7666
	F18_('S2', 'S3')_t5_max: 3679
	F30_('S1', 'E1')_t3_min: 3870
	F9_('E2', 'S2')_tb: 3976
	F34_('S5', 'S4')_t5_max: 31943
	F25_('E4', 'S4')_tb: 3745
	F1_('S5', 'S4')_t5_min: 29731
	F14_('E3', 'S3')_t3_min: 91804
	F36_('S1', 'S2')_t5_min: 7605
	F30_('E5', 'S5')_t3_min: 3799
	F14_('S5', 'E5')_tb: 91861
	F33_('E3', 'S3')_t4_max: 125792
	F12_('S4', 'E4')_t4_max: 5817
	F25_('S4', 'S3')_t5_min: 3751
	F15_('S2', 'S1')_t3_max: 2085
	F17_('E3', 'S3')_t5_max: 1803
	F24_('E4', 'S4')_tb: 31420
	F24_('E4', 'S4')_t3_min: 31420
	F28_('E4', 'S4')_t5_max: 19847
	F25_('S4', 'S3')_t5_max: 3769
	F20_('S5', 'S4')_tb: 1702
	F9_('S2', 'S1')_t5_min: 3989
	F34_('S4', 'E4')_t4_max: 31963
	F12_('S1', 'S2')_t5_min: 5745
	F30_('S4', 'S3')_t3_min: 3809
	F35_('S4', 'S3')_t5_min: 3374
	F4_('S1', 'E1')_tb: 31623
	F33_('S5', 'E5')_t4_max: 125851
	F4_('S2', 'S1')_tb: 31610
	F20_('S4', 'E4')_t5_max: 1746
	F15_('S4', 'S3')_t3_min: 2042
	F0_('S3', 'S2')_tb: 6134
	F39_('S1', 'S2')_t5_max: 7451
	F26_('S2', 'S1')_t3_max: 1811
	F32_('E4', 'S4')_t5_min: 31498
	F14_('S5', 'E5')_t4_max: 91861
	F6_('E5', 'S5')_t4_min: 3887
	F32_('E4', 'S4')_t4_min: 31493
	F25_('S3', 'E3')_t5_min: 3755
	F3_('S4', 'S3')_t3_min: 30069
	F16_('E1', 'S1')_t5_max: 7646
	F38_('S2', 'S1')_tb: 31677
	F17_('S2', 'E2')_t3_max: 1836
	F13_('S3', 'E3')_tb: 127815
	F36_('E1', 'S1')_t4_max: 7583
	F17_('S2', 'E2')_t5_min: 1819
	F27_('S3', 'E3')_t3_min: 1887
	F18_('S3', 'S4')_t5_max: 3695
	F29_('S1', 'E1')_t5_min: 15604
	F26_('S3', 'S2')_tb: 1801
	F5_('S1', 'S2')_t5_min: 18
	F23_('E2', 'S2')_tb: 1676
	F14_('S3', 'S4')_t5_min: 91835
	F36_('S2', 'S3')_tb: 7607
	F39_('S2', 'E2')_t5_min: 7460
	F26_('E4', 'S4')_t4_min: 1768
	F14_('E3', 'S3')_tb: 91804
	F4_('S3', 'S2')_t3_min: 31597
	F6_('S5', 'S4')_tb: 3898
	F15_('E5', 'S5')_t4_max: 2009
	F23_('E2', 'S2')_t5_max: 1678
	F3_('S3', 'E3')_t3_max: 30118
	F33_('S3', 'S4')_t3_min: 125798
	F22_('S3', 'E3')_t3_min: 27723
	F39_('E1', 'S1')_t3_min: 7427
	F32_('S4', 'S3')_t5_max: 31523
	F31_('S4', 'E4')_t5_max: 31999
	F24_('E4', 'S4')_t5_max: 31430
	F19_('S5', 'E5')_t3_min: 1591
	F2_('S4', 'S3')_t5_max: 2030
	F0_('E4', 'S4')_t4_max: 6100
	F32_('S1', 'E1')_t5_max: 31598
	F4_('S2', 'S1')_t3_max: 31633
	F36_('E1', 'S1')_tb: 7583
	F12_('E1', 'S1')_tb: 5723
	F33_('E3', 'S3')_t5_min: 125796
	F1_('S2', 'E2')_t5_min: 29786
	F32_('E4', 'S4')_tb: 31493
	F30_('E5', 'S5')_t5_max: 3802
	F4_('E5', 'S5')_t5_max: 31546
	F32_('E4', 'S4')_t3_min: 31493
	F37_('E1', 'S1')_t5_max: 61690
	F26_('E4', 'S4')_t3_min: 1768
	F36_('S2', 'S3')_t5_min: 7617
	F14_('E3', 'S3')_t5_max: 91816
	('S2', 'S1')_gcl_length: 62
	F5_('E1', 'S1')_t3_min: 1
	F32_('S3', 'S2')_t3_min: 31507
	F1_('S4', 'S3')_t3_max: 29756
	F6_('E5', 'S5')_t4_max: 3887
	F21_('E3', 'S3')_t3_min: 31475
	F38_('S2', 'S1')_t5_min: 31687
	F12_('S2', 'S3')_t3_max: 5770
	F16_('S5', 'E5')_t3_max: 7719
	F36_('S3', 'E3')_t4_max: 7673
	F23_('E2', 'S2')_t4_max: 1676
	F8_('S3', 'E3')_tb: 74
	F22_('S3', 'E3')_t5_max: 27752
	F3_('S4', 'S3')_t5_min: 30075
	F38_('E2', 'S2')_t4_min: 31665
	F34_('S4', 'E4')_t3_max: 31950
	F32_('S1', 'E1')_t5_min: 31526
	F20_('S4', 'E4')_t4_max: 1743
	F30_('S1', 'E1')_t5_max: 3891
	F13_('E5', 'S5')_t4_min: 127757
	F22_('E5', 'S5')_t4_min: 27661
	F18_('S3', 'S4')_tb: 3686
	F10_('E4', 'S4')_t3_min: 63536
	F29_('S2', 'S1')_t3_max: 15592
	F12_('S3', 'S4')_t5_min: 5797
	F12_('S4', 'E4')_t5_min: 5809
	F11_('E1', 'S1')_tb: 29721
	F30_('S4', 'S3')_t3_max: 3832
	F35_('S4', 'S3')_tb: 3373
	F35_('S2', 'E2')_t3_max: 3420
	F32_('S1', 'E1')_t4_max: 31593
	F8_('S3', 'E3')_t4_max: 74
	F18_('S2', 'S3')_tb: 3670
	F13_('S3', 'E3')_t5_max: 127823
	F27_('E5', 'S5')_t5_max: 1863
	F4_('S3', 'S2')_tb: 31597
	F2_('S2', 'E2')_t5_min: 2054
	F19_('S4', 'S5')_t5_min: 1589
	F38_('S2', 'S1')_t5_max: 31705
	F17_('S2', 'E2')_t5_max: 1855
	F16_('S5', 'E5')_t4_max: 7732
	F39_('S1', 'S2')_t5_min: 7433
	F28_('S4', 'S3')_tb: 19849
	F24_('S3', 'S2')_t5_max: 31477
	F20_('E5', 'S5')_t3_min: 1697
	F28_('S3', 'S2')_tb: 19882
	F29_('S2', 'S1')_t5_min: 15597
	F1_('S5', 'S4')_t5_max: 29749
	F1_('E5', 'S5')_t5_min: 29722
	F26_('S2', 'S1')_t3_min: 1806
	F26_('E4', 'S4')_t4_max: 1768
	F14_('S4', 'S5')_t3_min: 91837
	F0_('E4', 'S4')_t4_min: 6100
	F26_('S2', 'S1')_tb: 1811
	F7_('E2', 'S2')_tb: 122043
	('S2', 'E2')_gcl_length: 2
	F19_('S3', 'S4')_t5_max: 1578
	F7_('S1', 'E1')_tb: 122057
	F29_('S2', 'S1')_t3_min: 15587
	F17_('S3', 'S2')_t5_min: 1811
	F33_('S4', 'S5')_tb: 125809
	F23_('E2', 'S2')_t5_min: 1678
	F26_('S2', 'S1')_t5_max: 1814
	F18_('E1', 'S1')_t3_min: 3638
	F32_('S4', 'S3')_t3_min: 31500
	F20_('S5', 'S4')_t3_min: 1702
	F29_('S3', 'S2')_t5_max: 15585
	F4_('E5', 'S5')_t4_min: 31535
	F0_('S3', 'S2')_t3_min: 6129
	F27_('S4', 'S3')_t3_max: 1899
	F21_('E3', 'S3')_t4_max: 31475
	F4_('S5', 'S4')_t5_min: 31559
	F29_('S1', 'E1')_t3_min: 15599
	F27_('S5', 'S4')_t5_min: 1874
	F5_('S3', 'E3')_t3_max: 50
	F37_('S2', 'S3')_tb: 61724
	F2_('S2', 'E2')_t5_max: 2090
	F39_('E1', 'S1')_tb: 7427
	F12_('E1', 'S1')_t5_min: 5733
	F27_('S5', 'S4')_tb: 1865
	F8_('E4', 'S4')_t4_min: 56
	F24_('E4', 'S4')_t4_min: 31420
	F38_('S1', 'E1')_t4_max: 31725
	F37_('S3', 'S4')_t5_max: 61758
	F7_('S2', 'S1')_t3_min: 122050
	F30_('S5', 'S4')_tb: 3804
	F20_('S5', 'S4')_t5_max: 1723
	F5_('E1', 'S1')_t5_min: 6
	F34_('S5', 'S4')_tb: 31915
	F32_('S2', 'S1')_t3_min: 31514
	F15_('S4', 'S3')_t3_max: 2047
	F0_('S4', 'S3')_tb: 6117
	F18_('S3', 'S4')_t5_min: 3695
	F29_('E3', 'S3')_t4_min: 15568
	F31_('S4', 'E4')_tb: 31974
	F17_('E3', 'S3')_t4_min: 1797
	F4_('S3', 'S2')_t5_max: 31626
	F3_('S4', 'S3')_t5_max: 30111
	F32_('S3', 'S2')_tb: 31507
	F22_('S5', 'S4')_t5_max: 27703
	F26_('S1', 'E1')_tb: 1816
	F34_('E5', 'S5')_t4_max: 31903
	F12_('S3', 'S4')_tb: 5787
	F17_('S3', 'S2')_tb: 1805
	F7_('S2', 'S1')_tb: 122050
	F32_('E4', 'S4')_t4_max: 31493
	F1_('S5', 'S4')_t3_min: 29724
	F21_('S2', 'E2')_tb: 31508
	F37_('S2', 'S3')_t5_max: 61731
	F37_('S4', 'S5')_tb: 61742
	F36_('S3', 'E3')_t3_min: 7619
	F3_('S3', 'E3')_t5_max: 30137
	F7_('S1', 'E1')_t4_max: 122093
	F13_('S4', 'S3')_t5_max: 127808
	F30_('S4', 'S3')_tb: 3832
	F15_('S3', 'S2')_t3_max: 2066
	F1_('S5', 'S4')_tb: 29724
	F37_('S3', 'S4')_t3_min: 61733
	F2_('E4', 'S4')_t4_max: 2003
	F3_('S4', 'S3')_t3_max: 30092
	F20_('S4', 'E4')_tb: 1707
	F31_('S4', 'E4')_t4_max: 31992
	F11_('S1', 'S2')_t5_max: 29730
	F19_('S5', 'E5')_t5_max: 1613
	F35_('E4', 'S4')_tb: 3370
	F37_('S5', 'E5')_t5_max: 61812
	F16_('S5', 'E5')_t3_min: 7714
	F31_('S5', 'S4')_tb: 31965
	F37_('E1', 'S1')_t3_min: 61683
	F34_('E5', 'S5')_t3_min: 31903
	F37_('S1', 'S2')_t5_min: 61699
	F22_('S4', 'S3')_t5_max: 27721
	F18_('E1', 'S1')_t5_max: 3647
	F5_('S1', 'S2')_t3_min: 8
	F1_('S3', 'S2')_t5_min: 29777
	F39_('E1', 'S1')_t5_min: 7429
	F31_('S4', 'E4')_t3_min: 31974
	F18_('S4', 'E4')_tb: 3702
	F31_('E5', 'S5')_t5_max: 31958
	F12_('S2', 'S3')_t3_min: 5747
	F15_('S1', 'E1')_t3_max: 2104
	F35_('E4', 'S4')_t4_max: 3370
	F1_('E5', 'S5')_tb: 29715
	F12_('S2', 'S3')_t5_min: 5780
	F30_('S2', 'S1')_t3_min: 3842
	F30_('S4', 'S3')_t5_max: 3835
	F11_('S1', 'S2')_t3_min: 29724
	F16_('S2', 'S3')_tb: 7658
	F28_('S1', 'E1')_t3_min: 19907
	F27_('S3', 'E3')_t5_max: 1950
	F27_('S3', 'E3')_tb: 1887
	F38_('E2', 'S2')_t4_max: 31665
	F0_('E4', 'S4')_t5_min: 6110
	F35_('S4', 'S3')_t3_min: 3373
	F31_('E5', 'S5')_t5_min: 31958
	('S4', 'E4')_gcl_length: 2
	F1_('S2', 'E2')_t4_max: 29797
	F24_('S2', 'E2')_t4_max: 31497
	('S3', 'S2')_gcl_length: 42
	F17_('S3', 'S2')_t3_min: 1805
	F6_('E5', 'S5')_t5_max: 3891
	F27_('E5', 'S5')_tb: 1854
